<?xml version="1.0" encoding="UTF-8"?>
<testsuite xmlns:xsi="http://www.w3.org/2001/XMLSchema-instance" xsi:noNamespaceSchemaLocation="https://maven.apache.org/surefire/maven-surefire-plugin/xsd/surefire-test-report.xsd" name="org.apache.hadoop.ozone.client.rpc.TestFailureHandlingByClient" time="718.308" tests="5" errors="5" skipped="0" failures="0">
  <properties>
    <property name="awt.toolkit" value="sun.awt.X11.XToolkit"/>
    <property name="file.encoding.pkg" value="sun.io"/>
    <property name="java.specification.version" value="1.8"/>
    <property name="sun.cpu.isalist" value=""/>
    <property name="sun.jnu.encoding" value="UTF-8"/>
    <property name="java.class.path" value="/workdir/hadoop-ozone/integration-test/target/test-classes:/workdir/hadoop-ozone/integration-test/target/classes:/home/user/.m2/repository/org/apache/hadoop/hadoop-ozone-common/0.5.0-SNAPSHOT/hadoop-ozone-common-0.5.0-SNAPSHOT.jar:/home/user/.m2/repository/org/apache/commons/commons-compress/1.4.1/commons-compress-1.4.1.jar:/home/user/.m2/repository/org/tukaani/xz/1.0/xz-1.0.jar:/home/user/.m2/repository/org/apache/hadoop/hadoop-common/3.2.0/hadoop-common-3.2.0.jar:/home/user/.m2/repository/org/apache/hadoop/hadoop-hdfs/3.2.0/hadoop-hdfs-3.2.0.jar:/home/user/.m2/repository/org/apache/hadoop/hadoop-hdfs-client/3.2.0/hadoop-hdfs-client-3.2.0.jar:/home/user/.m2/repository/com/fasterxml/jackson/core/jackson-annotations/2.9.9/jackson-annotations-2.9.9.jar:/home/user/.m2/repository/org/apache/hadoop/hadoop-hdds-common/0.5.0-SNAPSHOT/hadoop-hdds-common-0.5.0-SNAPSHOT.jar:/home/user/.m2/repository/javax/annotation/javax.annotation-api/1.2/javax.annotation-api-1.2.jar:/home/user/.m2/repository/org/apache/ratis/ratis-server/0.4.0/ratis-server-0.4.0.jar:/home/user/.m2/repository/org/apache/ratis/ratis-thirdparty-misc/0.2.0/ratis-thirdparty-misc-0.2.0.jar:/home/user/.m2/repository/org/apache/ratis/ratis-proto/0.4.0/ratis-proto-0.4.0.jar:/home/user/.m2/repository/org/apache/ratis/ratis-common/0.4.0/ratis-common-0.4.0.jar:/home/user/.m2/repository/org/apache/ratis/ratis-client/0.4.0/ratis-client-0.4.0.jar:/home/user/.m2/repository/org/apache/ratis/ratis-metrics/0.4.0/ratis-metrics-0.4.0.jar:/home/user/.m2/repository/com/github/joshelser/dropwizard-metrics-hadoop-metrics2-reporter/0.1.2/dropwizard-metrics-hadoop-metrics2-reporter-0.1.2.jar:/home/user/.m2/repository/io/dropwizard/metrics/metrics-jvm/3.2.5/metrics-jvm-3.2.5.jar:/home/user/.m2/repository/io/dropwizard/metrics/metrics-ganglia/3.2.5/metrics-ganglia-3.2.5.jar:/home/user/.m2/repository/info/ganglia/gmetric4j/gmetric4j/1.0.7/gmetric4j-1.0.7.jar:/home/user/.m2/repository/org/apache/ratis/ratis-netty/0.4.0/ratis-netty-0.4.0.jar:/home/user/.m2/repository/org/apache/ratis/ratis-grpc/0.4.0/ratis-grpc-0.4.0.jar:/home/user/.m2/repository/org/rocksdb/rocksdbjni/6.0.1/rocksdbjni-6.0.1.jar:/home/user/.m2/repository/org/apache/logging/log4j/log4j-api/2.11.0/log4j-api-2.11.0.jar:/home/user/.m2/repository/org/apache/logging/log4j/log4j-core/2.11.0/log4j-core-2.11.0.jar:/home/user/.m2/repository/com/lmax/disruptor/3.4.2/disruptor-3.4.2.jar:/home/user/.m2/repository/org/apache/commons/commons-pool2/2.6.0/commons-pool2-2.6.0.jar:/home/user/.m2/repository/org/bouncycastle/bcpkix-jdk15on/1.60/bcpkix-jdk15on-1.60.jar:/home/user/.m2/repository/commons-validator/commons-validator/1.6/commons-validator-1.6.jar:/home/user/.m2/repository/commons-digester/commons-digester/1.8.1/commons-digester-1.8.1.jar:/home/user/.m2/repository/io/jaegertracing/jaeger-client/0.34.0/jaeger-client-0.34.0.jar:/home/user/.m2/repository/io/jaegertracing/jaeger-thrift/0.34.0/jaeger-thrift-0.34.0.jar:/home/user/.m2/repository/org/apache/thrift/libthrift/0.12.0/libthrift-0.12.0.jar:/home/user/.m2/repository/com/squareup/okhttp3/okhttp/3.9.0/okhttp-3.9.0.jar:/home/user/.m2/repository/com/squareup/okio/okio/1.13.0/okio-1.13.0.jar:/home/user/.m2/repository/io/jaegertracing/jaeger-core/0.34.0/jaeger-core-0.34.0.jar:/home/user/.m2/repository/io/jaegertracing/jaeger-tracerresolver/0.34.0/jaeger-tracerresolver-0.34.0.jar:/home/user/.m2/repository/io/opentracing/contrib/opentracing-tracerresolver/0.1.5/opentracing-tracerresolver-0.1.5.jar:/home/user/.m2/repository/io/opentracing/opentracing-util/0.31.0/opentracing-util-0.31.0.jar:/home/user/.m2/repository/io/opentracing/opentracing-api/0.31.0/opentracing-api-0.31.0.jar:/home/user/.m2/repository/io/opentracing/opentracing-noop/0.31.0/opentracing-noop-0.31.0.jar:/home/user/.m2/repository/org/apache/hadoop/hadoop-hdds-server-framework/0.5.0-SNAPSHOT/hadoop-hdds-server-framework-0.5.0-SNAPSHOT.jar:/home/user/.m2/repository/org/apache/hadoop/hadoop-hdds-container-service/0.5.0-SNAPSHOT/hadoop-hdds-container-service-0.5.0-SNAPSHOT.jar:/home/user/.m2/repository/org/apache/hadoop/hadoop-hdds-client/0.5.0-SNAPSHOT/hadoop-hdds-client-0.5.0-SNAPSHOT.jar:/home/user/.m2/repository/org/apache/hadoop/hadoop-hdds-tools/0.5.0-SNAPSHOT/hadoop-hdds-tools-0.5.0-SNAPSHOT.jar:/home/user/.m2/repository/org/apache/hadoop/hadoop-hdds-server-scm/0.5.0-SNAPSHOT/hadoop-hdds-server-scm-0.5.0-SNAPSHOT.jar:/home/user/.m2/repository/org/apache/hadoop/hadoop-hdds-docs/0.5.0-SNAPSHOT/hadoop-hdds-docs-0.5.0-SNAPSHOT.jar:/home/user/.m2/repository/io/dropwizard/metrics/metrics-core/3.2.4/metrics-core-3.2.4.jar:/home/user/.m2/repository/org/hamcrest/hamcrest-all/1.3/hamcrest-all-1.3.jar:/home/user/.m2/repository/org/bouncycastle/bcprov-jdk15on/1.60/bcprov-jdk15on-1.60.jar:/home/user/.m2/repository/info/picocli/picocli/3.9.6/picocli-3.9.6.jar:/home/user/.m2/repository/com/google/protobuf/protobuf-java/2.5.0/protobuf-java-2.5.0.jar:/home/user/.m2/repository/com/google/guava/guava/11.0.2/guava-11.0.2.jar:/home/user/.m2/repository/org/apache/hadoop/hadoop-ozone-ozone-manager/0.5.0-SNAPSHOT/hadoop-ozone-ozone-manager-0.5.0-SNAPSHOT.jar:/home/user/.m2/repository/org/apache/hadoop/hadoop-minikdc/3.2.0/hadoop-minikdc-3.2.0.jar:/home/user/.m2/repository/commons-io/commons-io/2.5/commons-io-2.5.jar:/home/user/.m2/repository/org/apache/kerby/kerb-simplekdc/1.0.1/kerb-simplekdc-1.0.1.jar:/home/user/.m2/repository/org/apache/kerby/kerb-client/1.0.1/kerb-client-1.0.1.jar:/home/user/.m2/repository/org/apache/kerby/kerby-config/1.0.1/kerby-config-1.0.1.jar:/home/user/.m2/repository/org/apache/kerby/kerb-core/1.0.1/kerb-core-1.0.1.jar:/home/user/.m2/repository/org/apache/kerby/kerby-pkix/1.0.1/kerby-pkix-1.0.1.jar:/home/user/.m2/repository/org/apache/kerby/kerby-asn1/1.0.1/kerby-asn1-1.0.1.jar:/home/user/.m2/repository/org/apache/kerby/kerby-util/1.0.1/kerby-util-1.0.1.jar:/home/user/.m2/repository/org/apache/kerby/kerb-common/1.0.1/kerb-common-1.0.1.jar:/home/user/.m2/repository/org/apache/kerby/kerb-crypto/1.0.1/kerb-crypto-1.0.1.jar:/home/user/.m2/repository/org/apache/kerby/kerb-util/1.0.1/kerb-util-1.0.1.jar:/home/user/.m2/repository/org/apache/kerby/token-provider/1.0.1/token-provider-1.0.1.jar:/home/user/.m2/repository/org/apache/kerby/kerb-admin/1.0.1/kerb-admin-1.0.1.jar:/home/user/.m2/repository/org/apache/kerby/kerb-server/1.0.1/kerb-server-1.0.1.jar:/home/user/.m2/repository/org/apache/kerby/kerb-identity/1.0.1/kerb-identity-1.0.1.jar:/home/user/.m2/repository/org/apache/kerby/kerby-xdr/1.0.1/kerby-xdr-1.0.1.jar:/home/user/.m2/repository/org/slf4j/slf4j-log4j12/1.7.25/slf4j-log4j12-1.7.25.jar:/home/user/.m2/repository/org/apache/hadoop/hadoop-ozone-s3gateway/0.5.0-SNAPSHOT/hadoop-ozone-s3gateway-0.5.0-SNAPSHOT.jar:/home/user/.m2/repository/org/jboss/weld/servlet/weld-servlet/2.4.7.Final/weld-servlet-2.4.7.Final.jar:/home/user/.m2/repository/org/glassfish/jersey/containers/jersey-container-servlet-core/2.27/jersey-container-servlet-core-2.27.jar:/home/user/.m2/repository/org/glassfish/hk2/external/javax.inject/2.5.0-b42/javax.inject-2.5.0-b42.jar:/home/user/.m2/repository/org/glassfish/jersey/core/jersey-common/2.27/jersey-common-2.27.jar:/home/user/.m2/repository/org/glassfish/hk2/osgi-resource-locator/1.0.1/osgi-resource-locator-1.0.1.jar:/home/user/.m2/repository/javax/ws/rs/javax.ws.rs-api/2.1/javax.ws.rs-api-2.1.jar:/home/user/.m2/repository/org/glassfish/jersey/ext/cdi/jersey-cdi1x/2.27/jersey-cdi1x-2.27.jar:/home/user/.m2/repository/org/glassfish/jersey/inject/jersey-hk2/2.27/jersey-hk2-2.27.jar:/home/user/.m2/repository/org/glassfish/hk2/hk2-locator/2.5.0-b42/hk2-locator-2.5.0-b42.jar:/home/user/.m2/repository/org/javassist/javassist/3.22.0-CR2/javassist-3.22.0-CR2.jar:/home/user/.m2/repository/org/glassfish/hk2/hk2-api/2.5.0/hk2-api-2.5.0.jar:/home/user/.m2/repository/org/glassfish/hk2/external/jakarta.inject/2.5.0/jakarta.inject-2.5.0.jar:/home/user/.m2/repository/org/glassfish/hk2/hk2-utils/2.5.0/hk2-utils-2.5.0.jar:/home/user/.m2/repository/jakarta/annotation/jakarta.annotation-api/1.3.4/jakarta.annotation-api-1.3.4.jar:/home/user/.m2/repository/org/glassfish/hk2/external/aopalliance-repackaged/2.5.0/aopalliance-repackaged-2.5.0.jar:/home/user/.m2/repository/com/fasterxml/jackson/dataformat/jackson-dataformat-xml/2.9.0/jackson-dataformat-xml-2.9.0.jar:/home/user/.m2/repository/com/fasterxml/jackson/core/jackson-core/2.9.9/jackson-core-2.9.9.jar:/home/user/.m2/repository/com/fasterxml/jackson/module/jackson-module-jaxb-annotations/2.9.9/jackson-module-jaxb-annotations-2.9.9.jar:/home/user/.m2/repository/javax/enterprise/cdi-api/1.2/cdi-api-1.2.jar:/home/user/.m2/repository/javax/el/javax.el-api/3.0.0/javax.el-api-3.0.0.jar:/home/user/.m2/repository/javax/interceptor/javax.interceptor-api/1.2/javax.interceptor-api-1.2.jar:/home/user/.m2/repository/javax/inject/javax.inject/1/javax.inject-1.jar:/home/user/.m2/repository/com/sun/xml/bind/jaxb-impl/2.3.0.1/jaxb-impl-2.3.0.1.jar:/home/user/.m2/repository/com/sun/xml/bind/jaxb-core/2.3.0.1/jaxb-core-2.3.0.1.jar:/home/user/.m2/repository/javax/xml/bind/jaxb-api/2.3.0/jaxb-api-2.3.0.jar:/home/user/.m2/repository/javax/activation/activation/1.1.1/activation-1.1.1.jar:/home/user/.m2/repository/org/apache/hadoop/hadoop-ozone-csi/0.5.0-SNAPSHOT/hadoop-ozone-csi-0.5.0-SNAPSHOT.jar:/home/user/.m2/repository/com/google/protobuf/protobuf-java-util/3.5.1/protobuf-java-util-3.5.1.jar:/home/user/.m2/repository/org/apache/hadoop/hadoop-hdds-config/0.5.0-SNAPSHOT/hadoop-hdds-config-0.5.0-SNAPSHOT.jar:/home/user/.m2/repository/io/grpc/grpc-netty/1.17.1/grpc-netty-1.17.1.jar:/home/user/.m2/repository/io/grpc/grpc-core/1.17.1/grpc-core-1.17.1.jar:/home/user/.m2/repository/io/grpc/grpc-context/1.17.1/grpc-context-1.17.1.jar:/home/user/.m2/repository/com/google/errorprone/error_prone_annotations/2.2.0/error_prone_annotations-2.2.0.jar:/home/user/.m2/repository/org/codehaus/mojo/animal-sniffer-annotations/1.17/animal-sniffer-annotations-1.17.jar:/home/user/.m2/repository/io/opencensus/opencensus-api/0.17.0/opencensus-api-0.17.0.jar:/home/user/.m2/repository/io/opencensus/opencensus-contrib-grpc-metrics/0.17.0/opencensus-contrib-grpc-metrics-0.17.0.jar:/home/user/.m2/repository/io/netty/netty-codec-http2/4.1.30.Final/netty-codec-http2-4.1.30.Final.jar:/home/user/.m2/repository/io/netty/netty-codec-http/4.1.30.Final/netty-codec-http-4.1.30.Final.jar:/home/user/.m2/repository/io/netty/netty-codec/4.1.30.Final/netty-codec-4.1.30.Final.jar:/home/user/.m2/repository/io/netty/netty-handler/4.1.30.Final/netty-handler-4.1.30.Final.jar:/home/user/.m2/repository/io/netty/netty-handler-proxy/4.1.30.Final/netty-handler-proxy-4.1.30.Final.jar:/home/user/.m2/repository/io/netty/netty-codec-socks/4.1.30.Final/netty-codec-socks-4.1.30.Final.jar:/home/user/.m2/repository/io/netty/netty-transport-native-epoll/4.1.30.Final/netty-transport-native-epoll-4.1.30.Final.jar:/home/user/.m2/repository/io/netty/netty-common/4.1.30.Final/netty-common-4.1.30.Final.jar:/home/user/.m2/repository/io/netty/netty-buffer/4.1.30.Final/netty-buffer-4.1.30.Final.jar:/home/user/.m2/repository/io/netty/netty-transport/4.1.30.Final/netty-transport-4.1.30.Final.jar:/home/user/.m2/repository/io/netty/netty-resolver/4.1.30.Final/netty-resolver-4.1.30.Final.jar:/home/user/.m2/repository/io/netty/netty-transport-native-unix-common/4.1.30.Final/netty-transport-native-unix-common-4.1.30.Final.jar:/home/user/.m2/repository/io/grpc/grpc-protobuf/1.17.1/grpc-protobuf-1.17.1.jar:/home/user/.m2/repository/com/google/api/grpc/proto-google-common-protos/1.0.0/proto-google-common-protos-1.0.0.jar:/home/user/.m2/repository/io/grpc/grpc-protobuf-lite/1.17.1/grpc-protobuf-lite-1.17.1.jar:/home/user/.m2/repository/io/grpc/grpc-stub/1.17.1/grpc-stub-1.17.1.jar:/home/user/.m2/repository/org/apache/hadoop/hadoop-ozone-recon/0.5.0-SNAPSHOT/hadoop-ozone-recon-0.5.0-SNAPSHOT.jar:/home/user/.m2/repository/org/apache/hadoop/hadoop-ozone-reconcodegen/0.5.0-SNAPSHOT/hadoop-ozone-reconcodegen-0.5.0-SNAPSHOT.jar:/home/user/.m2/repository/com/google/inject/extensions/guice-multibindings/4.0/guice-multibindings-4.0.jar:/home/user/.m2/repository/com/google/inject/guice/4.0/guice-4.0.jar:/home/user/.m2/repository/aopalliance/aopalliance/1.0/aopalliance-1.0.jar:/home/user/.m2/repository/com/google/inject/extensions/guice-servlet/4.0/guice-servlet-4.0.jar:/home/user/.m2/repository/org/glassfish/jersey/containers/jersey-container-servlet/2.27/jersey-container-servlet-2.27.jar:/home/user/.m2/repository/org/glassfish/hk2/guice-bridge/2.5.0/guice-bridge-2.5.0.jar:/home/user/.m2/repository/org/glassfish/jersey/core/jersey-server/2.27/jersey-server-2.27.jar:/home/user/.m2/repository/org/glassfish/jersey/core/jersey-client/2.27/jersey-client-2.27.jar:/home/user/.m2/repository/org/glassfish/jersey/media/jersey-media-jaxb/2.27/jersey-media-jaxb-2.27.jar:/home/user/.m2/repository/javax/validation/validation-api/1.1.0.Final/validation-api-1.1.0.Final.jar:/home/user/.m2/repository/org/glassfish/jersey/media/jersey-media-json-jackson/2.27/jersey-media-json-jackson-2.27.jar:/home/user/.m2/repository/org/glassfish/jersey/ext/jersey-entity-filtering/2.27/jersey-entity-filtering-2.27.jar:/home/user/.m2/repository/com/google/inject/extensions/guice-assistedinject/4.0/guice-assistedinject-4.0.jar:/home/user/.m2/repository/org/jooq/jooq/3.11.10/jooq-3.11.10.jar:/home/user/.m2/repository/org/jooq/jooq-meta/3.11.10/jooq-meta-3.11.10.jar:/home/user/.m2/repository/org/jooq/jooq-codegen/3.11.10/jooq-codegen-3.11.10.jar:/home/user/.m2/repository/com/jolbox/bonecp/0.8.0.RELEASE/bonecp-0.8.0.RELEASE.jar:/home/user/.m2/repository/org/xerial/sqlite-jdbc/3.25.2/sqlite-jdbc-3.25.2.jar:/home/user/.m2/repository/org/springframework/spring-jdbc/5.1.3.RELEASE/spring-jdbc-5.1.3.RELEASE.jar:/home/user/.m2/repository/org/springframework/spring-beans/5.1.3.RELEASE/spring-beans-5.1.3.RELEASE.jar:/home/user/.m2/repository/org/springframework/spring-core/5.1.3.RELEASE/spring-core-5.1.3.RELEASE.jar:/home/user/.m2/repository/org/springframework/spring-jcl/5.1.3.RELEASE/spring-jcl-5.1.3.RELEASE.jar:/home/user/.m2/repository/org/springframework/spring-tx/5.1.3.RELEASE/spring-tx-5.1.3.RELEASE.jar:/home/user/.m2/repository/org/apache/hadoop/hadoop-ozone-client/0.5.0-SNAPSHOT/hadoop-ozone-client-0.5.0-SNAPSHOT.jar:/home/user/.m2/repository/commons-lang/commons-lang/2.6/commons-lang-2.6.jar:/home/user/.m2/repository/org/apache/hadoop/hadoop-ozone-ozone-manager/0.5.0-SNAPSHOT/hadoop-ozone-ozone-manager-0.5.0-SNAPSHOT-tests.jar:/home/user/.m2/repository/junit/junit/4.11/junit-4.11.jar:/home/user/.m2/repository/org/hamcrest/hamcrest-core/1.3/hamcrest-core-1.3.jar:/home/user/.m2/repository/org/openjdk/jmh/jmh-core/1.19/jmh-core-1.19.jar:/home/user/.m2/repository/net/sf/jopt-simple/jopt-simple/4.6/jopt-simple-4.6.jar:/home/user/.m2/repository/org/apache/commons/commons-math3/3.1.1/commons-math3-3.1.1.jar:/home/user/.m2/repository/org/openjdk/jmh/jmh-generator-annprocess/1.19/jmh-generator-annprocess-1.19.jar:/home/user/.m2/repository/org/mockito/mockito-all/1.8.5/mockito-all-1.8.5.jar:/home/user/.m2/repository/org/apache/hadoop/hadoop-kms/3.2.0/hadoop-kms-3.2.0.jar:/home/user/.m2/repository/org/apache/hadoop/hadoop-auth/3.2.0/hadoop-auth-3.2.0.jar:/home/user/.m2/repository/com/nimbusds/nimbus-jose-jwt/4.41.1/nimbus-jose-jwt-4.41.1.jar:/home/user/.m2/repository/com/github/stephenc/jcip/jcip-annotations/1.0-1/jcip-annotations-1.0-1.jar:/home/user/.m2/repository/net/minidev/json-smart/2.3/json-smart-2.3.jar:/home/user/.m2/repository/net/minidev/accessors-smart/1.2/accessors-smart-1.2.jar:/home/user/.m2/repository/org/ow2/asm/asm/5.0.4/asm-5.0.4.jar:/home/user/.m2/repository/org/apache/curator/curator-framework/2.12.0/curator-framework-2.12.0.jar:/home/user/.m2/repository/com/sun/jersey/jersey-core/1.19/jersey-core-1.19.jar:/home/user/.m2/repository/javax/ws/rs/jsr311-api/1.1.1/jsr311-api-1.1.1.jar:/home/user/.m2/repository/com/sun/jersey/jersey-server/1.19/jersey-server-1.19.jar:/home/user/.m2/repository/javax/servlet/javax.servlet-api/3.1.0/javax.servlet-api-3.1.0.jar:/home/user/.m2/repository/org/eclipse/jetty/jetty-server/9.3.25.v20180904/jetty-server-9.3.25.v20180904.jar:/home/user/.m2/repository/org/eclipse/jetty/jetty-http/9.3.25.v20180904/jetty-http-9.3.25.v20180904.jar:/home/user/.m2/repository/org/eclipse/jetty/jetty-io/9.3.25.v20180904/jetty-io-9.3.25.v20180904.jar:/home/user/.m2/repository/org/eclipse/jetty/jetty-webapp/9.3.25.v20180904/jetty-webapp-9.3.25.v20180904.jar:/home/user/.m2/repository/org/eclipse/jetty/jetty-xml/9.3.25.v20180904/jetty-xml-9.3.25.v20180904.jar:/home/user/.m2/repository/log4j/log4j/1.2.17/log4j-1.2.17.jar:/home/user/.m2/repository/org/slf4j/slf4j-api/1.7.25/slf4j-api-1.7.25.jar:/home/user/.m2/repository/org/slf4j/jul-to-slf4j/1.7.25/jul-to-slf4j-1.7.25.jar:/home/user/.m2/repository/org/eclipse/jetty/jetty-util/9.3.25.v20180904/jetty-util-9.3.25.v20180904.jar:/home/user/.m2/repository/com/fasterxml/jackson/core/jackson-databind/2.9.9/jackson-databind-2.9.9.jar:/home/user/.m2/repository/org/apache/hadoop/hadoop-kms/3.2.0/hadoop-kms-3.2.0-tests.jar:/home/user/.m2/repository/org/apache/hadoop/hadoop-hdds-server-scm/0.5.0-SNAPSHOT/hadoop-hdds-server-scm-0.5.0-SNAPSHOT-tests.jar:/home/user/.m2/repository/org/apache/hadoop/hadoop-hdds-container-service/0.5.0-SNAPSHOT/hadoop-hdds-container-service-0.5.0-SNAPSHOT-tests.jar:/home/user/.m2/repository/org/yaml/snakeyaml/1.16/snakeyaml-1.16.jar:/home/user/.m2/repository/org/apache/hadoop/hadoop-common/3.2.0/hadoop-common-3.2.0-tests.jar:/home/user/.m2/repository/org/apache/hadoop/hadoop-annotations/3.2.0/hadoop-annotations-3.2.0.jar:/usr/lib/jvm/java-1.8-openjdk/jre/../lib/tools.jar:/home/user/.m2/repository/commons-cli/commons-cli/1.2/commons-cli-1.2.jar:/home/user/.m2/repository/org/apache/httpcomponents/httpclient/4.5.2/httpclient-4.5.2.jar:/home/user/.m2/repository/org/apache/httpcomponents/httpcore/4.4.4/httpcore-4.4.4.jar:/home/user/.m2/repository/commons-codec/commons-codec/1.11/commons-codec-1.11.jar:/home/user/.m2/repository/commons-net/commons-net/3.6/commons-net-3.6.jar:/home/user/.m2/repository/commons-collections/commons-collections/3.2.2/commons-collections-3.2.2.jar:/home/user/.m2/repository/org/eclipse/jetty/jetty-servlet/9.3.25.v20180904/jetty-servlet-9.3.25.v20180904.jar:/home/user/.m2/repository/org/eclipse/jetty/jetty-security/9.3.25.v20180904/jetty-security-9.3.25.v20180904.jar:/home/user/.m2/repository/javax/servlet/jsp/jsp-api/2.1/jsp-api-2.1.jar:/home/user/.m2/repository/com/sun/jersey/jersey-servlet/1.19/jersey-servlet-1.19.jar:/home/user/.m2/repository/com/sun/jersey/jersey-json/1.19/jersey-json-1.19.jar:/home/user/.m2/repository/org/codehaus/jettison/jettison/1.1/jettison-1.1.jar:/home/user/.m2/repository/org/codehaus/jackson/jackson-core-asl/1.9.13/jackson-core-asl-1.9.13.jar:/home/user/.m2/repository/org/codehaus/jackson/jackson-mapper-asl/1.9.13/jackson-mapper-asl-1.9.13.jar:/home/user/.m2/repository/org/codehaus/jackson/jackson-jaxrs/1.9.13/jackson-jaxrs-1.9.13.jar:/home/user/.m2/repository/org/codehaus/jackson/jackson-xc/1.9.13/jackson-xc-1.9.13.jar:/home/user/.m2/repository/commons-logging/commons-logging/1.1.3/commons-logging-1.1.3.jar:/home/user/.m2/repository/commons-beanutils/commons-beanutils/1.9.4/commons-beanutils-1.9.4.jar:/home/user/.m2/repository/org/apache/commons/commons-configuration2/2.1.1/commons-configuration2-2.1.1.jar:/home/user/.m2/repository/org/apache/commons/commons-lang3/3.7/commons-lang3-3.7.jar:/home/user/.m2/repository/org/apache/commons/commons-text/1.4/commons-text-1.4.jar:/home/user/.m2/repository/org/apache/avro/avro/1.7.7/avro-1.7.7.jar:/home/user/.m2/repository/com/thoughtworks/paranamer/paranamer/2.3/paranamer-2.3.jar:/home/user/.m2/repository/org/xerial/snappy/snappy-java/1.0.5/snappy-java-1.0.5.jar:/home/user/.m2/repository/com/google/re2j/re2j/1.1/re2j-1.1.jar:/home/user/.m2/repository/com/google/code/gson/gson/2.2.4/gson-2.2.4.jar:/home/user/.m2/repository/com/jcraft/jsch/0.1.54/jsch-0.1.54.jar:/home/user/.m2/repository/org/apache/curator/curator-client/2.12.0/curator-client-2.12.0.jar:/home/user/.m2/repository/org/apache/curator/curator-recipes/2.12.0/curator-recipes-2.12.0.jar:/home/user/.m2/repository/com/google/code/findbugs/jsr305/3.0.0/jsr305-3.0.0.jar:/home/user/.m2/repository/org/apache/htrace/htrace-core4/4.1.0-incubating/htrace-core4-4.1.0-incubating.jar:/home/user/.m2/repository/org/apache/zookeeper/zookeeper/3.4.13/zookeeper-3.4.13.jar:/home/user/.m2/repository/jline/jline/0.9.94/jline-0.9.94.jar:/home/user/.m2/repository/org/apache/yetus/audience-annotations/0.5.0/audience-annotations-0.5.0.jar:/home/user/.m2/repository/org/codehaus/woodstox/stax2-api/3.1.4/stax2-api-3.1.4.jar:/home/user/.m2/repository/com/fasterxml/woodstox/woodstox-core/5.0.3/woodstox-core-5.0.3.jar:/home/user/.m2/repository/dnsjava/dnsjava/2.1.7/dnsjava-2.1.7.jar:/home/user/.m2/repository/org/apache/hadoop/hadoop-hdfs/3.2.0/hadoop-hdfs-3.2.0-tests.jar:/home/user/.m2/repository/org/eclipse/jetty/jetty-util-ajax/9.3.25.v20180904/jetty-util-ajax-9.3.25.v20180904.jar:/home/user/.m2/repository/commons-daemon/commons-daemon/1.0.13/commons-daemon-1.0.13.jar:/home/user/.m2/repository/io/netty/netty/3.10.5.Final/netty-3.10.5.Final.jar:/home/user/.m2/repository/io/netty/netty-all/4.0.52.Final/netty-all-4.0.52.Final.jar:/home/user/.m2/repository/org/fusesource/leveldbjni/leveldbjni-all/1.8/leveldbjni-all-1.8.jar:"/>
    <property name="java.vm.vendor" value="IcedTea"/>
    <property name="sun.arch.data.model" value="64"/>
    <property name="test.build.dir" value="/workdir/hadoop-ozone/integration-test/target/test-dir"/>
    <property name="test.cache.data" value=""/>
    <property name="java.vendor.url" value="https://icedtea.classpath.org"/>
    <property name="user.timezone" value=""/>
    <property name="java.vm.specification.version" value="1.8"/>
    <property name="os.name" value="Linux"/>
    <property name="test.build.data" value="/workdir/hadoop-ozone/integration-test/target/test-dir"/>
    <property name="user.country" value="US"/>
    <property name="sun.java.launcher" value="SUN_STANDARD"/>
    <property name="sun.boot.library.path" value="/usr/lib/jvm/java-1.8-openjdk/jre/lib/amd64"/>
    <property name="sun.java.command" value="/workdir/hadoop-ozone/integration-test/target/surefire/surefirebooter4225604148513049923.jar /workdir/hadoop-ozone/integration-test/target/surefire 2019-09-24T01-15-27_102-jvmRun1 surefire5163593860460386187tmp surefire_581523334239184804899tmp"/>
    <property name="test" value="!TestMiniChaosOzoneCluster"/>
    <property name="surefire.test.class.path" value="/workdir/hadoop-ozone/integration-test/target/test-classes:/workdir/hadoop-ozone/integration-test/target/classes:/home/user/.m2/repository/org/apache/hadoop/hadoop-ozone-common/0.5.0-SNAPSHOT/hadoop-ozone-common-0.5.0-SNAPSHOT.jar:/home/user/.m2/repository/org/apache/commons/commons-compress/1.4.1/commons-compress-1.4.1.jar:/home/user/.m2/repository/org/tukaani/xz/1.0/xz-1.0.jar:/home/user/.m2/repository/org/apache/hadoop/hadoop-common/3.2.0/hadoop-common-3.2.0.jar:/home/user/.m2/repository/org/apache/hadoop/hadoop-hdfs/3.2.0/hadoop-hdfs-3.2.0.jar:/home/user/.m2/repository/org/apache/hadoop/hadoop-hdfs-client/3.2.0/hadoop-hdfs-client-3.2.0.jar:/home/user/.m2/repository/com/fasterxml/jackson/core/jackson-annotations/2.9.9/jackson-annotations-2.9.9.jar:/home/user/.m2/repository/org/apache/hadoop/hadoop-hdds-common/0.5.0-SNAPSHOT/hadoop-hdds-common-0.5.0-SNAPSHOT.jar:/home/user/.m2/repository/javax/annotation/javax.annotation-api/1.2/javax.annotation-api-1.2.jar:/home/user/.m2/repository/org/apache/ratis/ratis-server/0.4.0/ratis-server-0.4.0.jar:/home/user/.m2/repository/org/apache/ratis/ratis-thirdparty-misc/0.2.0/ratis-thirdparty-misc-0.2.0.jar:/home/user/.m2/repository/org/apache/ratis/ratis-proto/0.4.0/ratis-proto-0.4.0.jar:/home/user/.m2/repository/org/apache/ratis/ratis-common/0.4.0/ratis-common-0.4.0.jar:/home/user/.m2/repository/org/apache/ratis/ratis-client/0.4.0/ratis-client-0.4.0.jar:/home/user/.m2/repository/org/apache/ratis/ratis-metrics/0.4.0/ratis-metrics-0.4.0.jar:/home/user/.m2/repository/com/github/joshelser/dropwizard-metrics-hadoop-metrics2-reporter/0.1.2/dropwizard-metrics-hadoop-metrics2-reporter-0.1.2.jar:/home/user/.m2/repository/io/dropwizard/metrics/metrics-jvm/3.2.5/metrics-jvm-3.2.5.jar:/home/user/.m2/repository/io/dropwizard/metrics/metrics-ganglia/3.2.5/metrics-ganglia-3.2.5.jar:/home/user/.m2/repository/info/ganglia/gmetric4j/gmetric4j/1.0.7/gmetric4j-1.0.7.jar:/home/user/.m2/repository/org/apache/ratis/ratis-netty/0.4.0/ratis-netty-0.4.0.jar:/home/user/.m2/repository/org/apache/ratis/ratis-grpc/0.4.0/ratis-grpc-0.4.0.jar:/home/user/.m2/repository/org/rocksdb/rocksdbjni/6.0.1/rocksdbjni-6.0.1.jar:/home/user/.m2/repository/org/apache/logging/log4j/log4j-api/2.11.0/log4j-api-2.11.0.jar:/home/user/.m2/repository/org/apache/logging/log4j/log4j-core/2.11.0/log4j-core-2.11.0.jar:/home/user/.m2/repository/com/lmax/disruptor/3.4.2/disruptor-3.4.2.jar:/home/user/.m2/repository/org/apache/commons/commons-pool2/2.6.0/commons-pool2-2.6.0.jar:/home/user/.m2/repository/org/bouncycastle/bcpkix-jdk15on/1.60/bcpkix-jdk15on-1.60.jar:/home/user/.m2/repository/commons-validator/commons-validator/1.6/commons-validator-1.6.jar:/home/user/.m2/repository/commons-digester/commons-digester/1.8.1/commons-digester-1.8.1.jar:/home/user/.m2/repository/io/jaegertracing/jaeger-client/0.34.0/jaeger-client-0.34.0.jar:/home/user/.m2/repository/io/jaegertracing/jaeger-thrift/0.34.0/jaeger-thrift-0.34.0.jar:/home/user/.m2/repository/org/apache/thrift/libthrift/0.12.0/libthrift-0.12.0.jar:/home/user/.m2/repository/com/squareup/okhttp3/okhttp/3.9.0/okhttp-3.9.0.jar:/home/user/.m2/repository/com/squareup/okio/okio/1.13.0/okio-1.13.0.jar:/home/user/.m2/repository/io/jaegertracing/jaeger-core/0.34.0/jaeger-core-0.34.0.jar:/home/user/.m2/repository/io/jaegertracing/jaeger-tracerresolver/0.34.0/jaeger-tracerresolver-0.34.0.jar:/home/user/.m2/repository/io/opentracing/contrib/opentracing-tracerresolver/0.1.5/opentracing-tracerresolver-0.1.5.jar:/home/user/.m2/repository/io/opentracing/opentracing-util/0.31.0/opentracing-util-0.31.0.jar:/home/user/.m2/repository/io/opentracing/opentracing-api/0.31.0/opentracing-api-0.31.0.jar:/home/user/.m2/repository/io/opentracing/opentracing-noop/0.31.0/opentracing-noop-0.31.0.jar:/home/user/.m2/repository/org/apache/hadoop/hadoop-hdds-server-framework/0.5.0-SNAPSHOT/hadoop-hdds-server-framework-0.5.0-SNAPSHOT.jar:/home/user/.m2/repository/org/apache/hadoop/hadoop-hdds-container-service/0.5.0-SNAPSHOT/hadoop-hdds-container-service-0.5.0-SNAPSHOT.jar:/home/user/.m2/repository/org/apache/hadoop/hadoop-hdds-client/0.5.0-SNAPSHOT/hadoop-hdds-client-0.5.0-SNAPSHOT.jar:/home/user/.m2/repository/org/apache/hadoop/hadoop-hdds-tools/0.5.0-SNAPSHOT/hadoop-hdds-tools-0.5.0-SNAPSHOT.jar:/home/user/.m2/repository/org/apache/hadoop/hadoop-hdds-server-scm/0.5.0-SNAPSHOT/hadoop-hdds-server-scm-0.5.0-SNAPSHOT.jar:/home/user/.m2/repository/org/apache/hadoop/hadoop-hdds-docs/0.5.0-SNAPSHOT/hadoop-hdds-docs-0.5.0-SNAPSHOT.jar:/home/user/.m2/repository/io/dropwizard/metrics/metrics-core/3.2.4/metrics-core-3.2.4.jar:/home/user/.m2/repository/org/hamcrest/hamcrest-all/1.3/hamcrest-all-1.3.jar:/home/user/.m2/repository/org/bouncycastle/bcprov-jdk15on/1.60/bcprov-jdk15on-1.60.jar:/home/user/.m2/repository/info/picocli/picocli/3.9.6/picocli-3.9.6.jar:/home/user/.m2/repository/com/google/protobuf/protobuf-java/2.5.0/protobuf-java-2.5.0.jar:/home/user/.m2/repository/com/google/guava/guava/11.0.2/guava-11.0.2.jar:/home/user/.m2/repository/org/apache/hadoop/hadoop-ozone-ozone-manager/0.5.0-SNAPSHOT/hadoop-ozone-ozone-manager-0.5.0-SNAPSHOT.jar:/home/user/.m2/repository/org/apache/hadoop/hadoop-minikdc/3.2.0/hadoop-minikdc-3.2.0.jar:/home/user/.m2/repository/commons-io/commons-io/2.5/commons-io-2.5.jar:/home/user/.m2/repository/org/apache/kerby/kerb-simplekdc/1.0.1/kerb-simplekdc-1.0.1.jar:/home/user/.m2/repository/org/apache/kerby/kerb-client/1.0.1/kerb-client-1.0.1.jar:/home/user/.m2/repository/org/apache/kerby/kerby-config/1.0.1/kerby-config-1.0.1.jar:/home/user/.m2/repository/org/apache/kerby/kerb-core/1.0.1/kerb-core-1.0.1.jar:/home/user/.m2/repository/org/apache/kerby/kerby-pkix/1.0.1/kerby-pkix-1.0.1.jar:/home/user/.m2/repository/org/apache/kerby/kerby-asn1/1.0.1/kerby-asn1-1.0.1.jar:/home/user/.m2/repository/org/apache/kerby/kerby-util/1.0.1/kerby-util-1.0.1.jar:/home/user/.m2/repository/org/apache/kerby/kerb-common/1.0.1/kerb-common-1.0.1.jar:/home/user/.m2/repository/org/apache/kerby/kerb-crypto/1.0.1/kerb-crypto-1.0.1.jar:/home/user/.m2/repository/org/apache/kerby/kerb-util/1.0.1/kerb-util-1.0.1.jar:/home/user/.m2/repository/org/apache/kerby/token-provider/1.0.1/token-provider-1.0.1.jar:/home/user/.m2/repository/org/apache/kerby/kerb-admin/1.0.1/kerb-admin-1.0.1.jar:/home/user/.m2/repository/org/apache/kerby/kerb-server/1.0.1/kerb-server-1.0.1.jar:/home/user/.m2/repository/org/apache/kerby/kerb-identity/1.0.1/kerb-identity-1.0.1.jar:/home/user/.m2/repository/org/apache/kerby/kerby-xdr/1.0.1/kerby-xdr-1.0.1.jar:/home/user/.m2/repository/org/slf4j/slf4j-log4j12/1.7.25/slf4j-log4j12-1.7.25.jar:/home/user/.m2/repository/org/apache/hadoop/hadoop-ozone-s3gateway/0.5.0-SNAPSHOT/hadoop-ozone-s3gateway-0.5.0-SNAPSHOT.jar:/home/user/.m2/repository/org/jboss/weld/servlet/weld-servlet/2.4.7.Final/weld-servlet-2.4.7.Final.jar:/home/user/.m2/repository/org/glassfish/jersey/containers/jersey-container-servlet-core/2.27/jersey-container-servlet-core-2.27.jar:/home/user/.m2/repository/org/glassfish/hk2/external/javax.inject/2.5.0-b42/javax.inject-2.5.0-b42.jar:/home/user/.m2/repository/org/glassfish/jersey/core/jersey-common/2.27/jersey-common-2.27.jar:/home/user/.m2/repository/org/glassfish/hk2/osgi-resource-locator/1.0.1/osgi-resource-locator-1.0.1.jar:/home/user/.m2/repository/javax/ws/rs/javax.ws.rs-api/2.1/javax.ws.rs-api-2.1.jar:/home/user/.m2/repository/org/glassfish/jersey/ext/cdi/jersey-cdi1x/2.27/jersey-cdi1x-2.27.jar:/home/user/.m2/repository/org/glassfish/jersey/inject/jersey-hk2/2.27/jersey-hk2-2.27.jar:/home/user/.m2/repository/org/glassfish/hk2/hk2-locator/2.5.0-b42/hk2-locator-2.5.0-b42.jar:/home/user/.m2/repository/org/javassist/javassist/3.22.0-CR2/javassist-3.22.0-CR2.jar:/home/user/.m2/repository/org/glassfish/hk2/hk2-api/2.5.0/hk2-api-2.5.0.jar:/home/user/.m2/repository/org/glassfish/hk2/external/jakarta.inject/2.5.0/jakarta.inject-2.5.0.jar:/home/user/.m2/repository/org/glassfish/hk2/hk2-utils/2.5.0/hk2-utils-2.5.0.jar:/home/user/.m2/repository/jakarta/annotation/jakarta.annotation-api/1.3.4/jakarta.annotation-api-1.3.4.jar:/home/user/.m2/repository/org/glassfish/hk2/external/aopalliance-repackaged/2.5.0/aopalliance-repackaged-2.5.0.jar:/home/user/.m2/repository/com/fasterxml/jackson/dataformat/jackson-dataformat-xml/2.9.0/jackson-dataformat-xml-2.9.0.jar:/home/user/.m2/repository/com/fasterxml/jackson/core/jackson-core/2.9.9/jackson-core-2.9.9.jar:/home/user/.m2/repository/com/fasterxml/jackson/module/jackson-module-jaxb-annotations/2.9.9/jackson-module-jaxb-annotations-2.9.9.jar:/home/user/.m2/repository/javax/enterprise/cdi-api/1.2/cdi-api-1.2.jar:/home/user/.m2/repository/javax/el/javax.el-api/3.0.0/javax.el-api-3.0.0.jar:/home/user/.m2/repository/javax/interceptor/javax.interceptor-api/1.2/javax.interceptor-api-1.2.jar:/home/user/.m2/repository/javax/inject/javax.inject/1/javax.inject-1.jar:/home/user/.m2/repository/com/sun/xml/bind/jaxb-impl/2.3.0.1/jaxb-impl-2.3.0.1.jar:/home/user/.m2/repository/com/sun/xml/bind/jaxb-core/2.3.0.1/jaxb-core-2.3.0.1.jar:/home/user/.m2/repository/javax/xml/bind/jaxb-api/2.3.0/jaxb-api-2.3.0.jar:/home/user/.m2/repository/javax/activation/activation/1.1.1/activation-1.1.1.jar:/home/user/.m2/repository/org/apache/hadoop/hadoop-ozone-csi/0.5.0-SNAPSHOT/hadoop-ozone-csi-0.5.0-SNAPSHOT.jar:/home/user/.m2/repository/com/google/protobuf/protobuf-java-util/3.5.1/protobuf-java-util-3.5.1.jar:/home/user/.m2/repository/org/apache/hadoop/hadoop-hdds-config/0.5.0-SNAPSHOT/hadoop-hdds-config-0.5.0-SNAPSHOT.jar:/home/user/.m2/repository/io/grpc/grpc-netty/1.17.1/grpc-netty-1.17.1.jar:/home/user/.m2/repository/io/grpc/grpc-core/1.17.1/grpc-core-1.17.1.jar:/home/user/.m2/repository/io/grpc/grpc-context/1.17.1/grpc-context-1.17.1.jar:/home/user/.m2/repository/com/google/errorprone/error_prone_annotations/2.2.0/error_prone_annotations-2.2.0.jar:/home/user/.m2/repository/org/codehaus/mojo/animal-sniffer-annotations/1.17/animal-sniffer-annotations-1.17.jar:/home/user/.m2/repository/io/opencensus/opencensus-api/0.17.0/opencensus-api-0.17.0.jar:/home/user/.m2/repository/io/opencensus/opencensus-contrib-grpc-metrics/0.17.0/opencensus-contrib-grpc-metrics-0.17.0.jar:/home/user/.m2/repository/io/netty/netty-codec-http2/4.1.30.Final/netty-codec-http2-4.1.30.Final.jar:/home/user/.m2/repository/io/netty/netty-codec-http/4.1.30.Final/netty-codec-http-4.1.30.Final.jar:/home/user/.m2/repository/io/netty/netty-codec/4.1.30.Final/netty-codec-4.1.30.Final.jar:/home/user/.m2/repository/io/netty/netty-handler/4.1.30.Final/netty-handler-4.1.30.Final.jar:/home/user/.m2/repository/io/netty/netty-handler-proxy/4.1.30.Final/netty-handler-proxy-4.1.30.Final.jar:/home/user/.m2/repository/io/netty/netty-codec-socks/4.1.30.Final/netty-codec-socks-4.1.30.Final.jar:/home/user/.m2/repository/io/netty/netty-transport-native-epoll/4.1.30.Final/netty-transport-native-epoll-4.1.30.Final.jar:/home/user/.m2/repository/io/netty/netty-common/4.1.30.Final/netty-common-4.1.30.Final.jar:/home/user/.m2/repository/io/netty/netty-buffer/4.1.30.Final/netty-buffer-4.1.30.Final.jar:/home/user/.m2/repository/io/netty/netty-transport/4.1.30.Final/netty-transport-4.1.30.Final.jar:/home/user/.m2/repository/io/netty/netty-resolver/4.1.30.Final/netty-resolver-4.1.30.Final.jar:/home/user/.m2/repository/io/netty/netty-transport-native-unix-common/4.1.30.Final/netty-transport-native-unix-common-4.1.30.Final.jar:/home/user/.m2/repository/io/grpc/grpc-protobuf/1.17.1/grpc-protobuf-1.17.1.jar:/home/user/.m2/repository/com/google/api/grpc/proto-google-common-protos/1.0.0/proto-google-common-protos-1.0.0.jar:/home/user/.m2/repository/io/grpc/grpc-protobuf-lite/1.17.1/grpc-protobuf-lite-1.17.1.jar:/home/user/.m2/repository/io/grpc/grpc-stub/1.17.1/grpc-stub-1.17.1.jar:/home/user/.m2/repository/org/apache/hadoop/hadoop-ozone-recon/0.5.0-SNAPSHOT/hadoop-ozone-recon-0.5.0-SNAPSHOT.jar:/home/user/.m2/repository/org/apache/hadoop/hadoop-ozone-reconcodegen/0.5.0-SNAPSHOT/hadoop-ozone-reconcodegen-0.5.0-SNAPSHOT.jar:/home/user/.m2/repository/com/google/inject/extensions/guice-multibindings/4.0/guice-multibindings-4.0.jar:/home/user/.m2/repository/com/google/inject/guice/4.0/guice-4.0.jar:/home/user/.m2/repository/aopalliance/aopalliance/1.0/aopalliance-1.0.jar:/home/user/.m2/repository/com/google/inject/extensions/guice-servlet/4.0/guice-servlet-4.0.jar:/home/user/.m2/repository/org/glassfish/jersey/containers/jersey-container-servlet/2.27/jersey-container-servlet-2.27.jar:/home/user/.m2/repository/org/glassfish/hk2/guice-bridge/2.5.0/guice-bridge-2.5.0.jar:/home/user/.m2/repository/org/glassfish/jersey/core/jersey-server/2.27/jersey-server-2.27.jar:/home/user/.m2/repository/org/glassfish/jersey/core/jersey-client/2.27/jersey-client-2.27.jar:/home/user/.m2/repository/org/glassfish/jersey/media/jersey-media-jaxb/2.27/jersey-media-jaxb-2.27.jar:/home/user/.m2/repository/javax/validation/validation-api/1.1.0.Final/validation-api-1.1.0.Final.jar:/home/user/.m2/repository/org/glassfish/jersey/media/jersey-media-json-jackson/2.27/jersey-media-json-jackson-2.27.jar:/home/user/.m2/repository/org/glassfish/jersey/ext/jersey-entity-filtering/2.27/jersey-entity-filtering-2.27.jar:/home/user/.m2/repository/com/google/inject/extensions/guice-assistedinject/4.0/guice-assistedinject-4.0.jar:/home/user/.m2/repository/org/jooq/jooq/3.11.10/jooq-3.11.10.jar:/home/user/.m2/repository/org/jooq/jooq-meta/3.11.10/jooq-meta-3.11.10.jar:/home/user/.m2/repository/org/jooq/jooq-codegen/3.11.10/jooq-codegen-3.11.10.jar:/home/user/.m2/repository/com/jolbox/bonecp/0.8.0.RELEASE/bonecp-0.8.0.RELEASE.jar:/home/user/.m2/repository/org/xerial/sqlite-jdbc/3.25.2/sqlite-jdbc-3.25.2.jar:/home/user/.m2/repository/org/springframework/spring-jdbc/5.1.3.RELEASE/spring-jdbc-5.1.3.RELEASE.jar:/home/user/.m2/repository/org/springframework/spring-beans/5.1.3.RELEASE/spring-beans-5.1.3.RELEASE.jar:/home/user/.m2/repository/org/springframework/spring-core/5.1.3.RELEASE/spring-core-5.1.3.RELEASE.jar:/home/user/.m2/repository/org/springframework/spring-jcl/5.1.3.RELEASE/spring-jcl-5.1.3.RELEASE.jar:/home/user/.m2/repository/org/springframework/spring-tx/5.1.3.RELEASE/spring-tx-5.1.3.RELEASE.jar:/home/user/.m2/repository/org/apache/hadoop/hadoop-ozone-client/0.5.0-SNAPSHOT/hadoop-ozone-client-0.5.0-SNAPSHOT.jar:/home/user/.m2/repository/commons-lang/commons-lang/2.6/commons-lang-2.6.jar:/home/user/.m2/repository/org/apache/hadoop/hadoop-ozone-ozone-manager/0.5.0-SNAPSHOT/hadoop-ozone-ozone-manager-0.5.0-SNAPSHOT-tests.jar:/home/user/.m2/repository/junit/junit/4.11/junit-4.11.jar:/home/user/.m2/repository/org/hamcrest/hamcrest-core/1.3/hamcrest-core-1.3.jar:/home/user/.m2/repository/org/openjdk/jmh/jmh-core/1.19/jmh-core-1.19.jar:/home/user/.m2/repository/net/sf/jopt-simple/jopt-simple/4.6/jopt-simple-4.6.jar:/home/user/.m2/repository/org/apache/commons/commons-math3/3.1.1/commons-math3-3.1.1.jar:/home/user/.m2/repository/org/openjdk/jmh/jmh-generator-annprocess/1.19/jmh-generator-annprocess-1.19.jar:/home/user/.m2/repository/org/mockito/mockito-all/1.8.5/mockito-all-1.8.5.jar:/home/user/.m2/repository/org/apache/hadoop/hadoop-kms/3.2.0/hadoop-kms-3.2.0.jar:/home/user/.m2/repository/org/apache/hadoop/hadoop-auth/3.2.0/hadoop-auth-3.2.0.jar:/home/user/.m2/repository/com/nimbusds/nimbus-jose-jwt/4.41.1/nimbus-jose-jwt-4.41.1.jar:/home/user/.m2/repository/com/github/stephenc/jcip/jcip-annotations/1.0-1/jcip-annotations-1.0-1.jar:/home/user/.m2/repository/net/minidev/json-smart/2.3/json-smart-2.3.jar:/home/user/.m2/repository/net/minidev/accessors-smart/1.2/accessors-smart-1.2.jar:/home/user/.m2/repository/org/ow2/asm/asm/5.0.4/asm-5.0.4.jar:/home/user/.m2/repository/org/apache/curator/curator-framework/2.12.0/curator-framework-2.12.0.jar:/home/user/.m2/repository/com/sun/jersey/jersey-core/1.19/jersey-core-1.19.jar:/home/user/.m2/repository/javax/ws/rs/jsr311-api/1.1.1/jsr311-api-1.1.1.jar:/home/user/.m2/repository/com/sun/jersey/jersey-server/1.19/jersey-server-1.19.jar:/home/user/.m2/repository/javax/servlet/javax.servlet-api/3.1.0/javax.servlet-api-3.1.0.jar:/home/user/.m2/repository/org/eclipse/jetty/jetty-server/9.3.25.v20180904/jetty-server-9.3.25.v20180904.jar:/home/user/.m2/repository/org/eclipse/jetty/jetty-http/9.3.25.v20180904/jetty-http-9.3.25.v20180904.jar:/home/user/.m2/repository/org/eclipse/jetty/jetty-io/9.3.25.v20180904/jetty-io-9.3.25.v20180904.jar:/home/user/.m2/repository/org/eclipse/jetty/jetty-webapp/9.3.25.v20180904/jetty-webapp-9.3.25.v20180904.jar:/home/user/.m2/repository/org/eclipse/jetty/jetty-xml/9.3.25.v20180904/jetty-xml-9.3.25.v20180904.jar:/home/user/.m2/repository/log4j/log4j/1.2.17/log4j-1.2.17.jar:/home/user/.m2/repository/org/slf4j/slf4j-api/1.7.25/slf4j-api-1.7.25.jar:/home/user/.m2/repository/org/slf4j/jul-to-slf4j/1.7.25/jul-to-slf4j-1.7.25.jar:/home/user/.m2/repository/org/eclipse/jetty/jetty-util/9.3.25.v20180904/jetty-util-9.3.25.v20180904.jar:/home/user/.m2/repository/com/fasterxml/jackson/core/jackson-databind/2.9.9/jackson-databind-2.9.9.jar:/home/user/.m2/repository/org/apache/hadoop/hadoop-kms/3.2.0/hadoop-kms-3.2.0-tests.jar:/home/user/.m2/repository/org/apache/hadoop/hadoop-hdds-server-scm/0.5.0-SNAPSHOT/hadoop-hdds-server-scm-0.5.0-SNAPSHOT-tests.jar:/home/user/.m2/repository/org/apache/hadoop/hadoop-hdds-container-service/0.5.0-SNAPSHOT/hadoop-hdds-container-service-0.5.0-SNAPSHOT-tests.jar:/home/user/.m2/repository/org/yaml/snakeyaml/1.16/snakeyaml-1.16.jar:/home/user/.m2/repository/org/apache/hadoop/hadoop-common/3.2.0/hadoop-common-3.2.0-tests.jar:/home/user/.m2/repository/org/apache/hadoop/hadoop-annotations/3.2.0/hadoop-annotations-3.2.0.jar:/usr/lib/jvm/java-1.8-openjdk/jre/../lib/tools.jar:/home/user/.m2/repository/commons-cli/commons-cli/1.2/commons-cli-1.2.jar:/home/user/.m2/repository/org/apache/httpcomponents/httpclient/4.5.2/httpclient-4.5.2.jar:/home/user/.m2/repository/org/apache/httpcomponents/httpcore/4.4.4/httpcore-4.4.4.jar:/home/user/.m2/repository/commons-codec/commons-codec/1.11/commons-codec-1.11.jar:/home/user/.m2/repository/commons-net/commons-net/3.6/commons-net-3.6.jar:/home/user/.m2/repository/commons-collections/commons-collections/3.2.2/commons-collections-3.2.2.jar:/home/user/.m2/repository/org/eclipse/jetty/jetty-servlet/9.3.25.v20180904/jetty-servlet-9.3.25.v20180904.jar:/home/user/.m2/repository/org/eclipse/jetty/jetty-security/9.3.25.v20180904/jetty-security-9.3.25.v20180904.jar:/home/user/.m2/repository/javax/servlet/jsp/jsp-api/2.1/jsp-api-2.1.jar:/home/user/.m2/repository/com/sun/jersey/jersey-servlet/1.19/jersey-servlet-1.19.jar:/home/user/.m2/repository/com/sun/jersey/jersey-json/1.19/jersey-json-1.19.jar:/home/user/.m2/repository/org/codehaus/jettison/jettison/1.1/jettison-1.1.jar:/home/user/.m2/repository/org/codehaus/jackson/jackson-core-asl/1.9.13/jackson-core-asl-1.9.13.jar:/home/user/.m2/repository/org/codehaus/jackson/jackson-mapper-asl/1.9.13/jackson-mapper-asl-1.9.13.jar:/home/user/.m2/repository/org/codehaus/jackson/jackson-jaxrs/1.9.13/jackson-jaxrs-1.9.13.jar:/home/user/.m2/repository/org/codehaus/jackson/jackson-xc/1.9.13/jackson-xc-1.9.13.jar:/home/user/.m2/repository/commons-logging/commons-logging/1.1.3/commons-logging-1.1.3.jar:/home/user/.m2/repository/commons-beanutils/commons-beanutils/1.9.4/commons-beanutils-1.9.4.jar:/home/user/.m2/repository/org/apache/commons/commons-configuration2/2.1.1/commons-configuration2-2.1.1.jar:/home/user/.m2/repository/org/apache/commons/commons-lang3/3.7/commons-lang3-3.7.jar:/home/user/.m2/repository/org/apache/commons/commons-text/1.4/commons-text-1.4.jar:/home/user/.m2/repository/org/apache/avro/avro/1.7.7/avro-1.7.7.jar:/home/user/.m2/repository/com/thoughtworks/paranamer/paranamer/2.3/paranamer-2.3.jar:/home/user/.m2/repository/org/xerial/snappy/snappy-java/1.0.5/snappy-java-1.0.5.jar:/home/user/.m2/repository/com/google/re2j/re2j/1.1/re2j-1.1.jar:/home/user/.m2/repository/com/google/code/gson/gson/2.2.4/gson-2.2.4.jar:/home/user/.m2/repository/com/jcraft/jsch/0.1.54/jsch-0.1.54.jar:/home/user/.m2/repository/org/apache/curator/curator-client/2.12.0/curator-client-2.12.0.jar:/home/user/.m2/repository/org/apache/curator/curator-recipes/2.12.0/curator-recipes-2.12.0.jar:/home/user/.m2/repository/com/google/code/findbugs/jsr305/3.0.0/jsr305-3.0.0.jar:/home/user/.m2/repository/org/apache/htrace/htrace-core4/4.1.0-incubating/htrace-core4-4.1.0-incubating.jar:/home/user/.m2/repository/org/apache/zookeeper/zookeeper/3.4.13/zookeeper-3.4.13.jar:/home/user/.m2/repository/jline/jline/0.9.94/jline-0.9.94.jar:/home/user/.m2/repository/org/apache/yetus/audience-annotations/0.5.0/audience-annotations-0.5.0.jar:/home/user/.m2/repository/org/codehaus/woodstox/stax2-api/3.1.4/stax2-api-3.1.4.jar:/home/user/.m2/repository/com/fasterxml/woodstox/woodstox-core/5.0.3/woodstox-core-5.0.3.jar:/home/user/.m2/repository/dnsjava/dnsjava/2.1.7/dnsjava-2.1.7.jar:/home/user/.m2/repository/org/apache/hadoop/hadoop-hdfs/3.2.0/hadoop-hdfs-3.2.0-tests.jar:/home/user/.m2/repository/org/eclipse/jetty/jetty-util-ajax/9.3.25.v20180904/jetty-util-ajax-9.3.25.v20180904.jar:/home/user/.m2/repository/commons-daemon/commons-daemon/1.0.13/commons-daemon-1.0.13.jar:/home/user/.m2/repository/io/netty/netty/3.10.5.Final/netty-3.10.5.Final.jar:/home/user/.m2/repository/io/netty/netty-all/4.0.52.Final/netty-all-4.0.52.Final.jar:/home/user/.m2/repository/org/fusesource/leveldbjni/leveldbjni-all/1.8/leveldbjni-all-1.8.jar:"/>
    <property name="sun.cpu.endian" value="little"/>
    <property name="user.home" value="/home/user"/>
    <property name="user.language" value="en"/>
    <property name="java.specification.vendor" value="Oracle Corporation"/>
    <property name="java.home" value="/usr/lib/jvm/java-1.8-openjdk/jre"/>
    <property name="java.security.krb5.conf" value="/workdir/hadoop-ozone/integration-test/target/test-classes/krb5.conf"/>
    <property name="basedir" value="/workdir/hadoop-ozone/integration-test"/>
    <property name="file.separator" value="/"/>
    <property name="line.separator" value="&#10;"/>
    <property name="java.vm.specification.vendor" value="Oracle Corporation"/>
    <property name="java.specification.name" value="Java Platform API Specification"/>
    <property name="java.awt.graphicsenv" value="sun.awt.X11GraphicsEnvironment"/>
    <property name="surefire.real.class.path" value="/workdir/hadoop-ozone/integration-test/target/surefire/surefirebooter4225604148513049923.jar"/>
    <property name="hadoop.log.dir" value="/workdir/hadoop-ozone/integration-test/target/log"/>
    <property name="sun.boot.class.path" value="/usr/lib/jvm/java-1.8-openjdk/jre/lib/resources.jar:/usr/lib/jvm/java-1.8-openjdk/jre/lib/rt.jar:/usr/lib/jvm/java-1.8-openjdk/jre/lib/sunrsasign.jar:/usr/lib/jvm/java-1.8-openjdk/jre/lib/jsse.jar:/usr/lib/jvm/java-1.8-openjdk/jre/lib/jce.jar:/usr/lib/jvm/java-1.8-openjdk/jre/lib/charsets.jar:/usr/lib/jvm/java-1.8-openjdk/jre/lib/jfr.jar:/usr/lib/jvm/java-1.8-openjdk/jre/classes"/>
    <property name="sun.management.compiler" value="HotSpot 64-Bit Tiered Compilers"/>
    <property name="java.runtime.version" value="1.8.0_212-b04"/>
    <property name="java.net.preferIPv4Stack" value="true"/>
    <property name="user.name" value="jenkins1000"/>
    <property name="path.separator" value=":"/>
    <property name="java.security.egd" value="file:///dev/urandom"/>
    <property name="os.version" value="3.10.0-957.12.2.el7.x86_64"/>
    <property name="java.endorsed.dirs" value="/usr/lib/jvm/java-1.8-openjdk/jre/lib/endorsed"/>
    <property name="java.runtime.name" value="OpenJDK Runtime Environment"/>
    <property name="file.encoding" value="UTF-8"/>
    <property name="java.vm.name" value="OpenJDK 64-Bit Server VM"/>
    <property name="test.build.webapps" value=""/>
    <property name="localRepository" value="/home/user/.m2/repository"/>
    <property name="java.vendor.url.bug" value="https://icedtea.classpath.org/bugzilla"/>
    <property name="java.io.tmpdir" value="/tmp"/>
    <property name="require.test.libhadoop" value=""/>
    <property name="java.version" value="1.8.0_212"/>
    <property name="user.dir" value="/workdir/hadoop-ozone/integration-test"/>
    <property name="os.arch" value="amd64"/>
    <property name="java.vm.specification.name" value="Java Virtual Machine Specification"/>
    <property name="test.build.classes" value="/workdir/hadoop-ozone/integration-test/target/test-classes"/>
    <property name="java.awt.printerjob" value="sun.print.PSPrinterJob"/>
    <property name="sun.os.patch.level" value="unknown"/>
    <property name="hadoop.tmp.dir" value="/workdir/hadoop-ozone/integration-test/target/tmp"/>
    <property name="java.library.path" value="/usr/lib/jvm/java-1.8-openjdk/jre/lib/amd64/server:/usr/lib/jvm/java-1.8-openjdk/jre/lib/amd64:/usr/lib/jvm/java-1.8-openjdk/jre/../lib/amd64:/workdir/hadoop-ozone/integration-test/target/native/target/usr/local/lib:/workdir/hadoop-ozone/integration-test/../../hadoop-common-project/hadoop-common/target/native/target/usr/local/lib:/usr/java/packages/lib/amd64:/usr/lib64:/lib64:/lib:/usr/lib"/>
    <property name="java.vm.info" value="mixed mode"/>
    <property name="java.vendor" value="IcedTea"/>
    <property name="java.vm.version" value="25.212-b04"/>
    <property name="java.ext.dirs" value="/usr/lib/jvm/java-1.8-openjdk/jre/lib/ext:/usr/java/packages/lib/ext"/>
    <property name="sun.io.unicode.encoding" value="UnicodeLittle"/>
    <property name="java.class.version" value="52.0"/>
  </properties>
  <testcase name="testPipelineExclusionWithPipelineFailure" classname="org.apache.hadoop.ozone.client.rpc.TestFailureHandlingByClient" time="147.751">
    <error message="Connection refused" type="java.net.ConnectException"><![CDATA[java.net.ConnectException: Connection refused
	at sun.nio.ch.SocketChannelImpl.checkConnect(Native Method)
	at sun.nio.ch.SocketChannelImpl.finishConnect(SocketChannelImpl.java:717)
	at org.apache.hadoop.net.SocketIOWithTimeout.connect(SocketIOWithTimeout.java:206)
	at org.apache.hadoop.net.NetUtils.connect(NetUtils.java:531)
	at org.apache.hadoop.ipc.Client$Connection.setupConnection(Client.java:690)
	at org.apache.hadoop.ipc.Client$Connection.setupIOstreams(Client.java:794)
	at org.apache.hadoop.ipc.Client$Connection.access$3700(Client.java:411)
	at org.apache.hadoop.ipc.Client.getConnection(Client.java:1572)
	at org.apache.hadoop.ipc.Client.call(Client.java:1403)
	at org.apache.hadoop.ipc.Client.call(Client.java:1367)
	at org.apache.hadoop.ipc.ProtobufRpcEngine$Invoker.invoke(ProtobufRpcEngine.java:228)
	at org.apache.hadoop.ipc.ProtobufRpcEngine$Invoker.invoke(ProtobufRpcEngine.java:116)
	at com.sun.proxy.$Proxy35.submitRequest(Unknown Source)
	at sun.reflect.NativeMethodAccessorImpl.invoke0(Native Method)
	at sun.reflect.NativeMethodAccessorImpl.invoke(NativeMethodAccessorImpl.java:62)
	at sun.reflect.DelegatingMethodAccessorImpl.invoke(DelegatingMethodAccessorImpl.java:43)
	at java.lang.reflect.Method.invoke(Method.java:498)
	at org.apache.hadoop.io.retry.RetryInvocationHandler.invokeMethod(RetryInvocationHandler.java:422)
	at org.apache.hadoop.io.retry.RetryInvocationHandler$Call.invokeMethod(RetryInvocationHandler.java:165)
	at org.apache.hadoop.io.retry.RetryInvocationHandler$Call.invoke(RetryInvocationHandler.java:157)
	at org.apache.hadoop.io.retry.RetryInvocationHandler$Call.invokeOnce(RetryInvocationHandler.java:95)
	at org.apache.hadoop.io.retry.RetryInvocationHandler.invoke(RetryInvocationHandler.java:359)
	at com.sun.proxy.$Proxy35.submitRequest(Unknown Source)
	at org.apache.hadoop.ozone.om.protocolPB.OzoneManagerProtocolClientSideTranslatorPB.submitRequest(OzoneManagerProtocolClientSideTranslatorPB.java:338)
	at org.apache.hadoop.ozone.om.protocolPB.OzoneManagerProtocolClientSideTranslatorPB.getServiceInfo(OzoneManagerProtocolClientSideTranslatorPB.java:1223)
	at sun.reflect.NativeMethodAccessorImpl.invoke0(Native Method)
	at sun.reflect.NativeMethodAccessorImpl.invoke(NativeMethodAccessorImpl.java:62)
	at sun.reflect.DelegatingMethodAccessorImpl.invoke(DelegatingMethodAccessorImpl.java:43)
	at java.lang.reflect.Method.invoke(Method.java:498)
	at org.apache.hadoop.hdds.tracing.TraceAllMethod.invoke(TraceAllMethod.java:66)
	at com.sun.proxy.$Proxy36.getServiceInfo(Unknown Source)
	at org.apache.hadoop.ozone.client.rpc.RpcClient.<init>(RpcClient.java:154)
	at org.apache.hadoop.ozone.client.OzoneClientFactory.getClientProtocol(OzoneClientFactory.java:256)
	at org.apache.hadoop.ozone.client.OzoneClientFactory.getClientProtocol(OzoneClientFactory.java:239)
	at org.apache.hadoop.ozone.client.OzoneClientFactory.getClient(OzoneClientFactory.java:75)
	at org.apache.hadoop.ozone.client.rpc.TestFailureHandlingByClient.init(TestFailureHandlingByClient.java:111)
	at org.apache.hadoop.ozone.client.rpc.TestFailureHandlingByClient.startCluster(TestFailureHandlingByClient.java:121)
	at org.apache.hadoop.ozone.client.rpc.TestFailureHandlingByClient.testPipelineExclusionWithPipelineFailure(TestFailureHandlingByClient.java:345)
	at sun.reflect.NativeMethodAccessorImpl.invoke0(Native Method)
	at sun.reflect.NativeMethodAccessorImpl.invoke(NativeMethodAccessorImpl.java:62)
	at sun.reflect.DelegatingMethodAccessorImpl.invoke(DelegatingMethodAccessorImpl.java:43)
	at java.lang.reflect.Method.invoke(Method.java:498)
	at org.junit.runners.model.FrameworkMethod$1.runReflectiveCall(FrameworkMethod.java:47)
	at org.junit.internal.runners.model.ReflectiveCallable.run(ReflectiveCallable.java:12)
	at org.junit.runners.model.FrameworkMethod.invokeExplosively(FrameworkMethod.java:44)
	at org.junit.internal.runners.statements.InvokeMethod.evaluate(InvokeMethod.java:17)
	at org.junit.internal.runners.statements.RunAfters.evaluate(RunAfters.java:27)
	at org.junit.runners.ParentRunner.runLeaf(ParentRunner.java:271)
	at org.junit.runners.BlockJUnit4ClassRunner.runChild(BlockJUnit4ClassRunner.java:70)
	at org.junit.runners.BlockJUnit4ClassRunner.runChild(BlockJUnit4ClassRunner.java:50)
	at org.junit.runners.ParentRunner$3.run(ParentRunner.java:238)
	at org.junit.runners.ParentRunner$1.schedule(ParentRunner.java:63)
	at org.junit.runners.ParentRunner.runChildren(ParentRunner.java:236)
	at org.junit.runners.ParentRunner.access$000(ParentRunner.java:53)
	at org.junit.runners.ParentRunner$2.evaluate(ParentRunner.java:229)
	at org.junit.runners.ParentRunner.run(ParentRunner.java:309)
	at org.apache.maven.surefire.junit4.JUnit4Provider.execute(JUnit4Provider.java:365)
	at org.apache.maven.surefire.junit4.JUnit4Provider.executeWithRerun(JUnit4Provider.java:273)
	at org.apache.maven.surefire.junit4.JUnit4Provider.executeTestSet(JUnit4Provider.java:238)
	at org.apache.maven.surefire.junit4.JUnit4Provider.invoke(JUnit4Provider.java:159)
	at org.apache.maven.surefire.booter.ForkedBooter.invokeProviderInSameClassLoader(ForkedBooter.java:384)
	at org.apache.maven.surefire.booter.ForkedBooter.runSuitesInProcess(ForkedBooter.java:345)
	at org.apache.maven.surefire.booter.ForkedBooter.execute(ForkedBooter.java:126)
	at org.apache.maven.surefire.booter.ForkedBooter.main(ForkedBooter.java:418)
]]></error>
    <system-out><![CDATA[2019-09-24 02:22:01,571 [main] WARN  server.ServerUtils (ServerUtils.java:getScmDbDir(145)) - ozone.scm.db.dirs is not configured. We recommend adding this setting. Falling back to ozone.metadata.dirs instead.
2019-09-24 02:22:01,695 [main] WARN  server.ServerUtils (ServerUtils.java:getScmDbDir(145)) - ozone.scm.db.dirs is not configured. We recommend adding this setting. Falling back to ozone.metadata.dirs instead.
2019-09-24 02:22:01,699 [main] WARN  server.ServerUtils (ServerUtils.java:getScmDbDir(145)) - ozone.scm.db.dirs is not configured. We recommend adding this setting. Falling back to ozone.metadata.dirs instead.
2019-09-24 02:22:01,722 [main] INFO  util.log (Log.java:initialized(192)) - Logging initialized @964ms
2019-09-24 02:22:01,830 [main] INFO  db.DBStoreBuilder (DBStoreBuilder.java:addTable(110)) - using custom profile for table: deletedBlocks
2019-09-24 02:22:01,830 [main] INFO  db.DBStoreBuilder (DBStoreBuilder.java:processTables(161)) - Using default column profile:DBProfile.DISK for Table:deletedBlocks
2019-09-24 02:22:01,831 [main] INFO  db.DBStoreBuilder (DBStoreBuilder.java:addTable(110)) - using custom profile for table: validCerts
2019-09-24 02:22:01,831 [main] INFO  db.DBStoreBuilder (DBStoreBuilder.java:processTables(161)) - Using default column profile:DBProfile.DISK for Table:validCerts
2019-09-24 02:22:01,831 [main] INFO  db.DBStoreBuilder (DBStoreBuilder.java:addTable(110)) - using custom profile for table: revokedCerts
2019-09-24 02:22:01,832 [main] INFO  db.DBStoreBuilder (DBStoreBuilder.java:processTables(161)) - Using default column profile:DBProfile.DISK for Table:revokedCerts
2019-09-24 02:22:01,845 [main] INFO  db.DBStoreBuilder (DBStoreBuilder.java:addTable(110)) - using custom profile for table: default
2019-09-24 02:22:01,845 [main] INFO  db.DBStoreBuilder (DBStoreBuilder.java:processTables(167)) - Using default column profile:DBProfile.DISK for Table:default
2019-09-24 02:22:01,846 [main] INFO  db.DBStoreBuilder (DBStoreBuilder.java:getDbProfile(198)) - Using default options. DBProfile.DISK
2019-09-24 02:22:02,098 [main] INFO  net.NodeSchemaLoader (NodeSchemaLoader.java:loadSchemaFromFile(125)) - Loading file from sun.misc.CompoundEnumeration@515c6049
2019-09-24 02:22:02,100 [main] INFO  net.NodeSchemaLoader (NodeSchemaLoader.java:loadSchema(171)) - Loading network topology layer schema file
2019-09-24 02:22:02,173 [main] INFO  node.SCMNodeManager (SCMNodeManager.java:<init>(114)) - Entering startup safe mode.
2019-09-24 02:22:02,244 [main] INFO  Configuration.deprecation (Configuration.java:logDeprecation(1394)) - hadoop.configured.node.mapping is deprecated. Instead, use net.topology.configured.node.mapping
2019-09-24 02:22:02,248 [main] INFO  algorithms.ContainerPlacementPolicyFactory (ContainerPlacementPolicyFactory.java:getPolicy(57)) - Create container placement policy of type org.apache.hadoop.hdds.scm.container.placement.algorithms.SCMContainerPlacementRandom
2019-09-24 02:22:02,263 [main] WARN  server.ServerUtils (ServerUtils.java:getScmDbDir(145)) - ozone.scm.db.dirs is not configured. We recommend adding this setting. Falling back to ozone.metadata.dirs instead.
2019-09-24 02:22:02,324 [main] INFO  pipeline.SCMPipelineManager (SCMPipelineManager.java:initializePipelineState(132)) - No pipeline exists in current db
2019-09-24 02:22:02,327 [main] WARN  server.ServerUtils (ServerUtils.java:getScmDbDir(145)) - ozone.scm.db.dirs is not configured. We recommend adding this setting. Falling back to ozone.metadata.dirs instead.
2019-09-24 02:22:02,424 [main] WARN  events.EventQueue (EventQueue.java:fireEvent(183)) - No event handler registered for event TypedEvent{payloadType=SafeModeStatus, name='SafeModeStatus'}
2019-09-24 02:22:02,786 [main] INFO  ipc.CallQueueManager (CallQueueManager.java:<init>(84)) - Using callQueue: class java.util.concurrent.LinkedBlockingQueue, queueCapacity: 2000, scheduler: class org.apache.hadoop.ipc.DefaultRpcScheduler, ipcBackoff: false.
2019-09-24 02:22:02,814 [Socket Reader #1 for port 44677] INFO  ipc.Server (Server.java:run(1074)) - Starting Socket Reader #1 for port 44677
2019-09-24 02:22:02,971 [main] INFO  ipc.CallQueueManager (CallQueueManager.java:<init>(84)) - Using callQueue: class java.util.concurrent.LinkedBlockingQueue, queueCapacity: 2000, scheduler: class org.apache.hadoop.ipc.DefaultRpcScheduler, ipcBackoff: false.
2019-09-24 02:22:02,972 [Socket Reader #1 for port 38077] INFO  ipc.Server (Server.java:run(1074)) - Starting Socket Reader #1 for port 38077
2019-09-24 02:22:02,981 [main] INFO  ipc.CallQueueManager (CallQueueManager.java:<init>(84)) - Using callQueue: class java.util.concurrent.LinkedBlockingQueue, queueCapacity: 2000, scheduler: class org.apache.hadoop.ipc.DefaultRpcScheduler, ipcBackoff: false.
2019-09-24 02:22:02,982 [Socket Reader #1 for port 33493] INFO  ipc.Server (Server.java:run(1074)) - Starting Socket Reader #1 for port 33493
2019-09-24 02:22:03,005 [main] INFO  hdfs.DFSUtil (DFSUtil.java:httpServerTemplateForNNAndJN(1641)) - Starting Web-server for scm at: http://0.0.0.0:0
2019-09-24 02:22:03,189 [main] INFO  server.AuthenticationFilter (AuthenticationFilter.java:constructSecretProvider(240)) - Unable to initialize FileSignerSecretProvider, falling back to use random secrets.
2019-09-24 02:22:03,199 [main] WARN  http.HttpRequestLog (HttpRequestLog.java:getRequestLog(97)) - Jetty request log can only be enabled using Log4j
2019-09-24 02:22:03,208 [main] INFO  http.HttpServer2 (HttpServer2.java:addGlobalFilter(975)) - Added global filter 'safety' (class=org.apache.hadoop.http.HttpServer2$QuotingInputFilter)
2019-09-24 02:22:03,212 [main] INFO  http.HttpServer2 (HttpServer2.java:addFilter(948)) - Added filter static_user_filter (class=org.apache.hadoop.http.lib.StaticUserWebFilter$StaticUserFilter) to context scm
2019-09-24 02:22:03,212 [main] INFO  http.HttpServer2 (HttpServer2.java:addFilter(958)) - Added filter static_user_filter (class=org.apache.hadoop.http.lib.StaticUserWebFilter$StaticUserFilter) to context static
2019-09-24 02:22:03,213 [main] INFO  http.HttpServer2 (HttpServer2.java:addFilter(958)) - Added filter static_user_filter (class=org.apache.hadoop.http.lib.StaticUserWebFilter$StaticUserFilter) to context logs
2019-09-24 02:22:03,256 [main] INFO  server.StorageContainerManager (StorageContainerManager.java:start(770)) - StorageContainerLocationProtocol RPC server is listening at /0.0.0.0:33493
2019-09-24 02:22:03,339 [main] WARN  impl.MetricsConfig (MetricsConfig.java:loadFirst(134)) - Cannot locate configuration: tried hadoop-metrics2-storagecontainermanager.properties,hadoop-metrics2.properties
2019-09-24 02:22:03,354 [main] INFO  impl.MetricsSystemImpl (MetricsSystemImpl.java:startTimer(374)) - Scheduled Metric snapshot period at 10 second(s).
2019-09-24 02:22:03,354 [main] INFO  impl.MetricsSystemImpl (MetricsSystemImpl.java:start(191)) - StorageContainerManager metrics system started
2019-09-24 02:22:03,585 [main] INFO  server.SCMClientProtocolServer (SCMClientProtocolServer.java:start(151)) - RPC server for Client  is listening at /0.0.0.0:33493
2019-09-24 02:22:03,586 [IPC Server Responder] INFO  ipc.Server (Server.java:run(1314)) - IPC Server Responder: starting
2019-09-24 02:22:03,586 [IPC Server listener on 33493] INFO  ipc.Server (Server.java:run(1153)) - IPC Server listener on 33493: starting
2019-09-24 02:22:03,589 [main] INFO  server.StorageContainerManager (StorageContainerManager.java:start(780)) - ScmBlockLocationProtocol RPC server is listening at /0.0.0.0:38077
2019-09-24 02:22:03,590 [main] INFO  server.SCMBlockProtocolServer (SCMBlockProtocolServer.java:start(146)) - RPC server for Block Protocol is listening at /0.0.0.0:38077
2019-09-24 02:22:03,591 [IPC Server Responder] INFO  ipc.Server (Server.java:run(1314)) - IPC Server Responder: starting
2019-09-24 02:22:03,591 [IPC Server listener on 38077] INFO  ipc.Server (Server.java:run(1153)) - IPC Server listener on 38077: starting
2019-09-24 02:22:03,593 [main] INFO  server.StorageContainerManager (StorageContainerManager.java:start(784)) - ScmDatanodeProtocl RPC server is listening at /0.0.0.0:44677
2019-09-24 02:22:03,593 [main] INFO  server.SCMDatanodeProtocolServer (SCMDatanodeProtocolServer.java:start(191)) - RPC server for DataNodes is listening at /0.0.0.0:44677
2019-09-24 02:22:03,594 [IPC Server Responder] INFO  ipc.Server (Server.java:run(1314)) - IPC Server Responder: starting
2019-09-24 02:22:03,594 [IPC Server listener on 44677] INFO  ipc.Server (Server.java:run(1153)) - IPC Server listener on 44677: starting
2019-09-24 02:22:03,598 [main] INFO  http.HttpServer2 (HttpServer2.java:bindListener(1191)) - Jetty bound to port 42664
2019-09-24 02:22:03,600 [main] INFO  server.Server (Server.java:doStart(351)) - jetty-9.3.25.v20180904, build timestamp: 2018-09-04T21:11:46Z, git hash: 3ce520221d0240229c862b122d2b06c12a625732
2019-09-24 02:22:03,645 [main] INFO  handler.ContextHandler (ContextHandler.java:doStart(781)) - Started o.e.j.s.ServletContextHandler@2f17e30d{/logs,file:///workdir/hadoop-ozone/integration-test/target/log,AVAILABLE}
2019-09-24 02:22:03,646 [main] INFO  handler.ContextHandler (ContextHandler.java:doStart(781)) - Started o.e.j.s.ServletContextHandler@1d131e1b{/static,file:///workdir/hadoop-ozone/integration-test/target/test-classes/webapps/static,AVAILABLE}
2019-09-24 02:22:03,689 [main] INFO  handler.ContextHandler (ContextHandler.java:doStart(781)) - Started o.e.j.w.WebAppContext@660e9100{/,file:///workdir/hadoop-ozone/integration-test/target/test-classes/webapps/scm/,AVAILABLE}{/scm}
2019-09-24 02:22:03,696 [main] INFO  server.AbstractConnector (AbstractConnector.java:doStart(278)) - Started ServerConnector@5aabbb29{HTTP/1.1,[http/1.1]}{0.0.0.0:42664}
2019-09-24 02:22:03,697 [main] INFO  server.Server (Server.java:doStart(419)) - Started @2940ms
2019-09-24 02:22:03,699 [main] INFO  impl.MetricsSinkAdapter (MetricsSinkAdapter.java:start(204)) - Sink prometheus started
2019-09-24 02:22:03,699 [main] INFO  impl.MetricsSystemImpl (MetricsSystemImpl.java:registerSink(301)) - Registered sink prometheus
2019-09-24 02:22:03,701 [main] INFO  server.BaseHttpServer (BaseHttpServer.java:updateConnectorAddress(215)) - HTTP server of SCM is listening at http://0.0.0.0:42664
2019-09-24 02:22:03,709 [org.apache.hadoop.util.JvmPauseMonitor$Monitor@7927bd9f] INFO  util.JvmPauseMonitor (JvmPauseMonitor.java:run(188)) - Starting JVM pause monitor
2019-09-24 02:22:03,715 [main] WARN  server.ServerUtils (ServerUtils.java:getDBPath(222)) - ozone.om.db.dirs is not configured. We recommend adding this setting. Falling back to ozone.metadata.dirs instead.
2019-09-24 02:22:03,845 [main] INFO  ha.OMHANodeDetails (OMHANodeDetails.java:loadOMHAConfig(138)) - Found matching OM address with OMServiceId: null, OMNodeId: null, RPC Address: localhost:0 and Ratis port: 9872
2019-09-24 02:22:03,845 [main] INFO  ha.OMHANodeDetails (OMHANodeDetails.java:setOMNodeSpecificConfigs(240)) - Setting configuration key ozone.om.http-address with value of key ozone.om.http-address: 127.0.0.1:0
2019-09-24 02:22:03,845 [main] INFO  ha.OMHANodeDetails (OMHANodeDetails.java:setOMNodeSpecificConfigs(240)) - Setting configuration key ozone.om.https-address with value of key ozone.om.https-address: 0.0.0.0:9875
2019-09-24 02:22:03,846 [main] INFO  ha.OMHANodeDetails (OMHANodeDetails.java:setOMNodeSpecificConfigs(240)) - Setting configuration key ozone.om.http-bind-host with value of key ozone.om.http-bind-host: 0.0.0.0
2019-09-24 02:22:03,846 [main] INFO  ha.OMHANodeDetails (OMHANodeDetails.java:setOMNodeSpecificConfigs(240)) - Setting configuration key ozone.om.https-bind-host with value of key ozone.om.https-bind-host: 0.0.0.0
2019-09-24 02:22:03,846 [main] INFO  ha.OMHANodeDetails (OMHANodeDetails.java:setOMNodeSpecificConfigs(240)) - Setting configuration key ozone.om.http.kerberos.keytab with value of key ozone.om.http.kerberos.keytab: /etc/security/keytabs/HTTP.keytab
2019-09-24 02:22:03,846 [main] INFO  ha.OMHANodeDetails (OMHANodeDetails.java:setOMNodeSpecificConfigs(240)) - Setting configuration key ozone.om.http.kerberos.principal with value of key ozone.om.http.kerberos.principal: HTTP/_HOST@EXAMPLE.COM
2019-09-24 02:22:03,847 [main] INFO  ha.OMHANodeDetails (OMHANodeDetails.java:setOMNodeSpecificConfigs(240)) - Setting configuration key ozone.om.address with value of key ozone.om.address: 127.0.0.1:0
2019-09-24 02:22:03,847 [main] INFO  ha.OMHANodeDetails (OMHANodeDetails.java:getOMNodeDetails(192)) - OM Service ID is not set. Setting it to the default ID: omServiceIdDefault
2019-09-24 02:22:03,848 [main] WARN  server.ServerUtils (ServerUtils.java:getDBPath(222)) - ozone.om.db.dirs is not configured. We recommend adding this setting. Falling back to ozone.metadata.dirs instead.
2019-09-24 02:22:03,848 [main] WARN  server.ServerUtils (ServerUtils.java:getDBPath(222)) - ozone.om.db.dirs is not configured. We recommend adding this setting. Falling back to ozone.metadata.dirs instead.
2019-09-24 02:22:04,621 [main] WARN  server.ServerUtils (ServerUtils.java:getDBPath(222)) - ozone.om.db.dirs is not configured. We recommend adding this setting. Falling back to ozone.metadata.dirs instead.
2019-09-24 02:22:04,629 [main] INFO  db.DBStoreBuilder (DBStoreBuilder.java:addTable(110)) - using custom profile for table: userTable
2019-09-24 02:22:04,630 [main] INFO  db.DBStoreBuilder (DBStoreBuilder.java:processTables(161)) - Using default column profile:DBProfile.DISK for Table:userTable
2019-09-24 02:22:04,630 [main] INFO  db.DBStoreBuilder (DBStoreBuilder.java:addTable(110)) - using custom profile for table: volumeTable
2019-09-24 02:22:04,630 [main] INFO  db.DBStoreBuilder (DBStoreBuilder.java:processTables(161)) - Using default column profile:DBProfile.DISK for Table:volumeTable
2019-09-24 02:22:04,630 [main] INFO  db.DBStoreBuilder (DBStoreBuilder.java:addTable(110)) - using custom profile for table: bucketTable
2019-09-24 02:22:04,631 [main] INFO  db.DBStoreBuilder (DBStoreBuilder.java:processTables(161)) - Using default column profile:DBProfile.DISK for Table:bucketTable
2019-09-24 02:22:04,631 [main] INFO  db.DBStoreBuilder (DBStoreBuilder.java:addTable(110)) - using custom profile for table: keyTable
2019-09-24 02:22:04,631 [main] INFO  db.DBStoreBuilder (DBStoreBuilder.java:processTables(161)) - Using default column profile:DBProfile.DISK for Table:keyTable
2019-09-24 02:22:04,631 [main] INFO  db.DBStoreBuilder (DBStoreBuilder.java:addTable(110)) - using custom profile for table: deletedTable
2019-09-24 02:22:04,632 [main] INFO  db.DBStoreBuilder (DBStoreBuilder.java:processTables(161)) - Using default column profile:DBProfile.DISK for Table:deletedTable
2019-09-24 02:22:04,632 [main] INFO  db.DBStoreBuilder (DBStoreBuilder.java:addTable(110)) - using custom profile for table: openKeyTable
2019-09-24 02:22:04,632 [main] INFO  db.DBStoreBuilder (DBStoreBuilder.java:processTables(161)) - Using default column profile:DBProfile.DISK for Table:openKeyTable
2019-09-24 02:22:04,632 [main] INFO  db.DBStoreBuilder (DBStoreBuilder.java:addTable(110)) - using custom profile for table: s3Table
2019-09-24 02:22:04,633 [main] INFO  db.DBStoreBuilder (DBStoreBuilder.java:processTables(161)) - Using default column profile:DBProfile.DISK for Table:s3Table
2019-09-24 02:22:04,633 [main] INFO  db.DBStoreBuilder (DBStoreBuilder.java:addTable(110)) - using custom profile for table: multipartInfoTable
2019-09-24 02:22:04,633 [main] INFO  db.DBStoreBuilder (DBStoreBuilder.java:processTables(161)) - Using default column profile:DBProfile.DISK for Table:multipartInfoTable
2019-09-24 02:22:04,633 [main] INFO  db.DBStoreBuilder (DBStoreBuilder.java:addTable(110)) - using custom profile for table: dTokenTable
2019-09-24 02:22:04,634 [main] INFO  db.DBStoreBuilder (DBStoreBuilder.java:processTables(161)) - Using default column profile:DBProfile.DISK for Table:dTokenTable
2019-09-24 02:22:04,634 [main] INFO  db.DBStoreBuilder (DBStoreBuilder.java:addTable(110)) - using custom profile for table: s3SecretTable
2019-09-24 02:22:04,634 [main] INFO  db.DBStoreBuilder (DBStoreBuilder.java:processTables(161)) - Using default column profile:DBProfile.DISK for Table:s3SecretTable
2019-09-24 02:22:04,634 [main] INFO  db.DBStoreBuilder (DBStoreBuilder.java:addTable(110)) - using custom profile for table: prefixTable
2019-09-24 02:22:04,635 [main] INFO  db.DBStoreBuilder (DBStoreBuilder.java:processTables(161)) - Using default column profile:DBProfile.DISK for Table:prefixTable
2019-09-24 02:22:04,635 [main] INFO  db.DBStoreBuilder (DBStoreBuilder.java:addTable(110)) - using custom profile for table: default
2019-09-24 02:22:04,635 [main] INFO  db.DBStoreBuilder (DBStoreBuilder.java:processTables(167)) - Using default column profile:DBProfile.DISK for Table:default
2019-09-24 02:22:04,635 [main] INFO  db.DBStoreBuilder (DBStoreBuilder.java:getDbProfile(198)) - Using default options. DBProfile.DISK
2019-09-24 02:22:05,146 [main] INFO  ipc.CallQueueManager (CallQueueManager.java:<init>(84)) - Using callQueue: class java.util.concurrent.LinkedBlockingQueue, queueCapacity: 2000, scheduler: class org.apache.hadoop.ipc.DefaultRpcScheduler, ipcBackoff: false.
2019-09-24 02:22:05,148 [Socket Reader #1 for port 46694] INFO  ipc.Server (Server.java:run(1074)) - Starting Socket Reader #1 for port 46694
2019-09-24 02:22:05,169 [main] INFO  om.OzoneManager (OzoneManager.java:start(1075)) - OzoneManager RPC server is listening at localhost/127.0.0.1:46694
2019-09-24 02:22:05,169 [main] INFO  impl.MetricsSystemImpl (MetricsSystemImpl.java:init(158)) - OzoneManager metrics system started (again)
2019-09-24 02:22:05,171 [IPC Server Responder] INFO  ipc.Server (Server.java:run(1314)) - IPC Server Responder: starting
2019-09-24 02:22:05,171 [IPC Server listener on 46694] INFO  ipc.Server (Server.java:run(1153)) - IPC Server listener on 46694: starting
2019-09-24 02:22:05,178 [main] INFO  hdfs.DFSUtil (DFSUtil.java:httpServerTemplateForNNAndJN(1641)) - Starting Web-server for ozoneManager at: http://0.0.0.0:0
2019-09-24 02:22:05,180 [main] INFO  server.AuthenticationFilter (AuthenticationFilter.java:constructSecretProvider(240)) - Unable to initialize FileSignerSecretProvider, falling back to use random secrets.
2019-09-24 02:22:05,181 [main] WARN  http.HttpRequestLog (HttpRequestLog.java:getRequestLog(97)) - Jetty request log can only be enabled using Log4j
2019-09-24 02:22:05,184 [main] INFO  http.HttpServer2 (HttpServer2.java:addGlobalFilter(975)) - Added global filter 'safety' (class=org.apache.hadoop.http.HttpServer2$QuotingInputFilter)
2019-09-24 02:22:05,186 [main] INFO  http.HttpServer2 (HttpServer2.java:addFilter(948)) - Added filter static_user_filter (class=org.apache.hadoop.http.lib.StaticUserWebFilter$StaticUserFilter) to context ozoneManager
2019-09-24 02:22:05,186 [main] INFO  http.HttpServer2 (HttpServer2.java:addFilter(958)) - Added filter static_user_filter (class=org.apache.hadoop.http.lib.StaticUserWebFilter$StaticUserFilter) to context logs
2019-09-24 02:22:05,187 [main] INFO  http.HttpServer2 (HttpServer2.java:addFilter(958)) - Added filter static_user_filter (class=org.apache.hadoop.http.lib.StaticUserWebFilter$StaticUserFilter) to context static
2019-09-24 02:22:05,190 [main] INFO  http.HttpServer2 (HttpServer2.java:bindListener(1191)) - Jetty bound to port 35141
2019-09-24 02:22:05,190 [main] INFO  server.Server (Server.java:doStart(351)) - jetty-9.3.25.v20180904, build timestamp: 2018-09-04T21:11:46Z, git hash: 3ce520221d0240229c862b122d2b06c12a625732
2019-09-24 02:22:05,193 [main] INFO  handler.ContextHandler (ContextHandler.java:doStart(781)) - Started o.e.j.s.ServletContextHandler@49aa766b{/logs,file:///workdir/hadoop-ozone/integration-test/target/log,AVAILABLE}
2019-09-24 02:22:05,194 [main] INFO  handler.ContextHandler (ContextHandler.java:doStart(781)) - Started o.e.j.s.ServletContextHandler@65004ff6{/static,file:///workdir/hadoop-ozone/integration-test/target/test-classes/webapps/static,AVAILABLE}
2019-09-24 02:22:05,213 [main] INFO  handler.ContextHandler (ContextHandler.java:doStart(781)) - Started o.e.j.w.WebAppContext@4158debd{/,file:///workdir/hadoop-ozone/integration-test/target/test-classes/webapps/ozoneManager/,AVAILABLE}{/ozoneManager}
2019-09-24 02:22:05,215 [main] INFO  server.AbstractConnector (AbstractConnector.java:doStart(278)) - Started ServerConnector@af78c87{HTTP/1.1,[http/1.1]}{0.0.0.0:35141}
2019-09-24 02:22:05,217 [main] INFO  server.Server (Server.java:doStart(419)) - Started @4460ms
2019-09-24 02:22:05,218 [main] WARN  impl.MetricsSystemImpl (MetricsSystemImpl.java:register(276)) - Sink prometheus already exists!
2019-09-24 02:22:05,219 [main] INFO  server.BaseHttpServer (BaseHttpServer.java:updateConnectorAddress(215)) - HTTP server of OZONEMANAGER is listening at http://0.0.0.0:35141
2019-09-24 02:22:05,628 [main] INFO  impl.MetricsSystemImpl (MetricsSystemImpl.java:init(158)) - HddsDatanode metrics system started (again)
2019-09-24 02:22:05,698 [main] INFO  ozone.HddsDatanodeService (HddsDatanodeService.java:start(184)) - HddsDatanodeService host:pr-hdds-2162-tjkd5-3209850126 ip:192.168.151.121
2019-09-24 02:22:05,749 [main] INFO  volume.HddsVolume (HddsVolume.java:<init>(176)) - Creating Volume: /workdir/hadoop-ozone/integration-test/target/test-dir/MiniOzoneClusterImpl-de332c24-5f7d-4363-8764-5335807553b9/datanode-0/data/containers/hdds of  storage type : DISK and capacity : 1482555576320
2019-09-24 02:22:05,752 [main] INFO  volume.VolumeSet (VolumeSet.java:initializeVolumeSet(170)) - Added Volume : /workdir/hadoop-ozone/integration-test/target/test-dir/MiniOzoneClusterImpl-de332c24-5f7d-4363-8764-5335807553b9/datanode-0/data/containers/hdds to VolumeSet
2019-09-24 02:22:05,756 [main] INFO  volume.ThrottledAsyncChecker (ThrottledAsyncChecker.java:schedule(139)) - Scheduling a check for org.apache.hadoop.ozone.container.common.volume.HddsVolume@6aef4eb8
2019-09-24 02:22:05,779 [main] INFO  volume.HddsVolumeChecker (HddsVolumeChecker.java:checkAllVolumes(202)) - Scheduled health check for volume org.apache.hadoop.ozone.container.common.volume.HddsVolume@6aef4eb8
2019-09-24 02:22:05,899 [main] INFO  impl.RaftServerProxy (ConfUtils.java:logGet(43)) - raft.rpc.type = GRPC (default)
2019-09-24 02:22:05,966 [main] INFO  grpc.GrpcFactory (GrpcFactory.java:checkPooledByteBufAllocatorUseCacheForAllThreads(45)) - PERFORMANCE WARNING: useCacheForAllThreads is true that may cause Netty to create a lot garbage objects and, as a result, trigger GC.
	It is recommended to disable useCacheForAllThreads by setting -Dorg.apache.ratis.thirdparty.io.netty.allocator.useCacheForAllThreads=false in command line.
2019-09-24 02:22:05,971 [main] INFO  grpc.GrpcConfigKeys$Server (ConfUtils.java:logGet(43)) - raft.grpc.server.port = 0 (default)
2019-09-24 02:22:05,972 [main] INFO  server.GrpcService (ConfUtils.java:logGet(43)) - raft.grpc.message.size.max = 33570816 (custom)
2019-09-24 02:22:05,974 [main] INFO  server.RaftServerConfigKeys (ConfUtils.java:logGet(43)) - raft.server.log.appender.buffer.byte-limit = 33554432 (custom)
2019-09-24 02:22:05,975 [main] INFO  server.GrpcService (ConfUtils.java:logGet(43)) - raft.grpc.flow.control.window = 1MB (=1048576) (default)
2019-09-24 02:22:05,975 [main] INFO  server.RaftServerConfigKeys (ConfUtils.java:logGet(43)) - raft.server.rpc.request.timeout = 3000ms (default)
2019-09-24 02:22:06,136 [main] INFO  server.RaftServerConfigKeys (ConfUtils.java:logGet(43)) - raft.server.storage.dir = [/workdir/hadoop-ozone/integration-test/target/test-dir/MiniOzoneClusterImpl-de332c24-5f7d-4363-8764-5335807553b9/datanode-0/data/ratis] (custom)
2019-09-24 02:22:06,193 [main] INFO  hdfs.DFSUtil (DFSUtil.java:httpServerTemplateForNNAndJN(1641)) - Starting Web-server for hddsDatanode at: http://0.0.0.0:0
2019-09-24 02:22:06,198 [main] INFO  server.AuthenticationFilter (AuthenticationFilter.java:constructSecretProvider(240)) - Unable to initialize FileSignerSecretProvider, falling back to use random secrets.
2019-09-24 02:22:06,199 [main] WARN  http.HttpRequestLog (HttpRequestLog.java:getRequestLog(97)) - Jetty request log can only be enabled using Log4j
2019-09-24 02:22:06,204 [main] INFO  http.HttpServer2 (HttpServer2.java:addGlobalFilter(975)) - Added global filter 'safety' (class=org.apache.hadoop.http.HttpServer2$QuotingInputFilter)
2019-09-24 02:22:06,206 [main] INFO  http.HttpServer2 (HttpServer2.java:addFilter(948)) - Added filter static_user_filter (class=org.apache.hadoop.http.lib.StaticUserWebFilter$StaticUserFilter) to context hddsDatanode
2019-09-24 02:22:06,206 [main] INFO  http.HttpServer2 (HttpServer2.java:addFilter(958)) - Added filter static_user_filter (class=org.apache.hadoop.http.lib.StaticUserWebFilter$StaticUserFilter) to context static
2019-09-24 02:22:06,207 [main] INFO  http.HttpServer2 (HttpServer2.java:addFilter(958)) - Added filter static_user_filter (class=org.apache.hadoop.http.lib.StaticUserWebFilter$StaticUserFilter) to context logs
2019-09-24 02:22:06,209 [main] INFO  http.HttpServer2 (HttpServer2.java:bindListener(1191)) - Jetty bound to port 37646
2019-09-24 02:22:06,210 [main] INFO  server.Server (Server.java:doStart(351)) - jetty-9.3.25.v20180904, build timestamp: 2018-09-04T21:11:46Z, git hash: 3ce520221d0240229c862b122d2b06c12a625732
2019-09-24 02:22:06,214 [main] INFO  handler.ContextHandler (ContextHandler.java:doStart(781)) - Started o.e.j.s.ServletContextHandler@d109c4f{/logs,file:///workdir/hadoop-ozone/integration-test/target/log,AVAILABLE}
2019-09-24 02:22:06,216 [main] INFO  handler.ContextHandler (ContextHandler.java:doStart(781)) - Started o.e.j.s.ServletContextHandler@26f46fa6{/static,jar:file:/home/user/.m2/repository/org/apache/hadoop/hadoop-hdds-container-service/0.5.0-SNAPSHOT/hadoop-hdds-container-service-0.5.0-SNAPSHOT.jar!/webapps/static,AVAILABLE}
2019-09-24 02:22:06,277 [main] INFO  handler.ContextHandler (ContextHandler.java:doStart(781)) - Started o.e.j.w.WebAppContext@3e33d73e{/,file:///tmp/jetty-0.0.0.0-37646-hddsDatanode-_-any-5643425737768890962.dir/webapp/,AVAILABLE}{/hddsDatanode}
2019-09-24 02:22:06,281 [main] INFO  server.AbstractConnector (AbstractConnector.java:doStart(278)) - Started ServerConnector@6981f8f3{HTTP/1.1,[http/1.1]}{0.0.0.0:37646}
2019-09-24 02:22:06,281 [main] INFO  server.Server (Server.java:doStart(419)) - Started @5524ms
2019-09-24 02:22:06,282 [main] WARN  impl.MetricsSystemImpl (MetricsSystemImpl.java:register(276)) - Sink prometheus already exists!
2019-09-24 02:22:06,283 [main] INFO  server.BaseHttpServer (BaseHttpServer.java:updateConnectorAddress(215)) - HTTP server of HDDSDATANODE is listening at http://0.0.0.0:37646
2019-09-24 02:22:06,287 [main] INFO  impl.MetricsSystemImpl (MetricsSystemImpl.java:init(158)) - HddsDatanode metrics system started (again)
2019-09-24 02:22:06,295 [main] INFO  ozone.HddsDatanodeService (HddsDatanodeService.java:start(184)) - HddsDatanodeService host:pr-hdds-2162-tjkd5-3209850126 ip:192.168.151.121
2019-09-24 02:22:06,296 [org.apache.hadoop.util.JvmPauseMonitor$Monitor@11828c7b] INFO  util.JvmPauseMonitor (JvmPauseMonitor.java:run(188)) - Starting JVM pause monitor
2019-09-24 02:22:06,308 [main] INFO  volume.HddsVolume (HddsVolume.java:<init>(176)) - Creating Volume: /workdir/hadoop-ozone/integration-test/target/test-dir/MiniOzoneClusterImpl-de332c24-5f7d-4363-8764-5335807553b9/datanode-1/data/containers/hdds of  storage type : DISK and capacity : 1482555576320
2019-09-24 02:22:06,309 [main] INFO  volume.VolumeSet (VolumeSet.java:initializeVolumeSet(170)) - Added Volume : /workdir/hadoop-ozone/integration-test/target/test-dir/MiniOzoneClusterImpl-de332c24-5f7d-4363-8764-5335807553b9/datanode-1/data/containers/hdds to VolumeSet
2019-09-24 02:22:06,309 [main] INFO  volume.ThrottledAsyncChecker (ThrottledAsyncChecker.java:schedule(139)) - Scheduling a check for org.apache.hadoop.ozone.container.common.volume.HddsVolume@4b6e1c0
2019-09-24 02:22:06,310 [main] INFO  volume.HddsVolumeChecker (HddsVolumeChecker.java:checkAllVolumes(202)) - Scheduled health check for volume org.apache.hadoop.ozone.container.common.volume.HddsVolume@4b6e1c0
2019-09-24 02:22:06,339 [main] INFO  impl.RaftServerProxy (ConfUtils.java:logGet(43)) - raft.rpc.type = GRPC (default)
2019-09-24 02:22:06,339 [main] INFO  grpc.GrpcFactory (GrpcFactory.java:checkPooledByteBufAllocatorUseCacheForAllThreads(45)) - PERFORMANCE WARNING: useCacheForAllThreads is true that may cause Netty to create a lot garbage objects and, as a result, trigger GC.
	It is recommended to disable useCacheForAllThreads by setting -Dorg.apache.ratis.thirdparty.io.netty.allocator.useCacheForAllThreads=false in command line.
2019-09-24 02:22:06,340 [main] INFO  grpc.GrpcConfigKeys$Server (ConfUtils.java:logGet(43)) - raft.grpc.server.port = 0 (default)
2019-09-24 02:22:06,340 [main] INFO  server.GrpcService (ConfUtils.java:logGet(43)) - raft.grpc.message.size.max = 33570816 (custom)
2019-09-24 02:22:06,340 [main] INFO  server.RaftServerConfigKeys (ConfUtils.java:logGet(43)) - raft.server.log.appender.buffer.byte-limit = 33554432 (custom)
2019-09-24 02:22:06,341 [main] INFO  server.GrpcService (ConfUtils.java:logGet(43)) - raft.grpc.flow.control.window = 1MB (=1048576) (default)
2019-09-24 02:22:06,341 [main] INFO  server.RaftServerConfigKeys (ConfUtils.java:logGet(43)) - raft.server.rpc.request.timeout = 3000ms (default)
2019-09-24 02:22:06,342 [main] INFO  server.RaftServerConfigKeys (ConfUtils.java:logGet(43)) - raft.server.storage.dir = [/workdir/hadoop-ozone/integration-test/target/test-dir/MiniOzoneClusterImpl-de332c24-5f7d-4363-8764-5335807553b9/datanode-1/data/ratis] (custom)
2019-09-24 02:22:06,344 [main] INFO  hdfs.DFSUtil (DFSUtil.java:httpServerTemplateForNNAndJN(1641)) - Starting Web-server for hddsDatanode at: http://0.0.0.0:0
2019-09-24 02:22:06,346 [main] INFO  server.AuthenticationFilter (AuthenticationFilter.java:constructSecretProvider(240)) - Unable to initialize FileSignerSecretProvider, falling back to use random secrets.
2019-09-24 02:22:06,347 [main] WARN  http.HttpRequestLog (HttpRequestLog.java:getRequestLog(97)) - Jetty request log can only be enabled using Log4j
2019-09-24 02:22:06,350 [main] INFO  http.HttpServer2 (HttpServer2.java:addGlobalFilter(975)) - Added global filter 'safety' (class=org.apache.hadoop.http.HttpServer2$QuotingInputFilter)
2019-09-24 02:22:06,350 [main] INFO  http.HttpServer2 (HttpServer2.java:addFilter(948)) - Added filter static_user_filter (class=org.apache.hadoop.http.lib.StaticUserWebFilter$StaticUserFilter) to context hddsDatanode
2019-09-24 02:22:06,351 [main] INFO  http.HttpServer2 (HttpServer2.java:addFilter(958)) - Added filter static_user_filter (class=org.apache.hadoop.http.lib.StaticUserWebFilter$StaticUserFilter) to context static
2019-09-24 02:22:06,351 [main] INFO  http.HttpServer2 (HttpServer2.java:addFilter(958)) - Added filter static_user_filter (class=org.apache.hadoop.http.lib.StaticUserWebFilter$StaticUserFilter) to context logs
2019-09-24 02:22:06,352 [main] INFO  http.HttpServer2 (HttpServer2.java:bindListener(1191)) - Jetty bound to port 35014
2019-09-24 02:22:06,352 [main] INFO  server.Server (Server.java:doStart(351)) - jetty-9.3.25.v20180904, build timestamp: 2018-09-04T21:11:46Z, git hash: 3ce520221d0240229c862b122d2b06c12a625732
2019-09-24 02:22:06,357 [main] INFO  handler.ContextHandler (ContextHandler.java:doStart(781)) - Started o.e.j.s.ServletContextHandler@5679e96b{/logs,file:///workdir/hadoop-ozone/integration-test/target/log,AVAILABLE}
2019-09-24 02:22:06,357 [main] INFO  handler.ContextHandler (ContextHandler.java:doStart(781)) - Started o.e.j.s.ServletContextHandler@3bbf841e{/static,jar:file:/home/user/.m2/repository/org/apache/hadoop/hadoop-hdds-container-service/0.5.0-SNAPSHOT/hadoop-hdds-container-service-0.5.0-SNAPSHOT.jar!/webapps/static,AVAILABLE}
2019-09-24 02:22:06,393 [main] INFO  handler.ContextHandler (ContextHandler.java:doStart(781)) - Started o.e.j.w.WebAppContext@5b5e7036{/,file:///tmp/jetty-0.0.0.0-35014-hddsDatanode-_-any-6832997194179060656.dir/webapp/,AVAILABLE}{/hddsDatanode}
2019-09-24 02:22:06,393 [main] INFO  server.AbstractConnector (AbstractConnector.java:doStart(278)) - Started ServerConnector@62dbe64e{HTTP/1.1,[http/1.1]}{0.0.0.0:35014}
2019-09-24 02:22:06,395 [main] INFO  server.Server (Server.java:doStart(419)) - Started @5638ms
2019-09-24 02:22:06,395 [main] WARN  impl.MetricsSystemImpl (MetricsSystemImpl.java:register(276)) - Sink prometheus already exists!
2019-09-24 02:22:06,396 [main] INFO  server.BaseHttpServer (BaseHttpServer.java:updateConnectorAddress(215)) - HTTP server of HDDSDATANODE is listening at http://0.0.0.0:35014
2019-09-24 02:22:06,397 [main] INFO  impl.MetricsSystemImpl (MetricsSystemImpl.java:init(158)) - HddsDatanode metrics system started (again)
2019-09-24 02:22:06,400 [main] INFO  ozone.HddsDatanodeService (HddsDatanodeService.java:start(184)) - HddsDatanodeService host:pr-hdds-2162-tjkd5-3209850126 ip:192.168.151.121
2019-09-24 02:22:06,400 [org.apache.hadoop.util.JvmPauseMonitor$Monitor@6b6d74c0] INFO  util.JvmPauseMonitor (JvmPauseMonitor.java:run(188)) - Starting JVM pause monitor
2019-09-24 02:22:06,410 [main] INFO  volume.HddsVolume (HddsVolume.java:<init>(176)) - Creating Volume: /workdir/hadoop-ozone/integration-test/target/test-dir/MiniOzoneClusterImpl-de332c24-5f7d-4363-8764-5335807553b9/datanode-2/data/containers/hdds of  storage type : DISK and capacity : 1482555576320
2019-09-24 02:22:06,411 [main] INFO  volume.VolumeSet (VolumeSet.java:initializeVolumeSet(170)) - Added Volume : /workdir/hadoop-ozone/integration-test/target/test-dir/MiniOzoneClusterImpl-de332c24-5f7d-4363-8764-5335807553b9/datanode-2/data/containers/hdds to VolumeSet
2019-09-24 02:22:06,411 [main] INFO  volume.ThrottledAsyncChecker (ThrottledAsyncChecker.java:schedule(139)) - Scheduling a check for org.apache.hadoop.ozone.container.common.volume.HddsVolume@1aad0b1
2019-09-24 02:22:06,411 [main] INFO  volume.HddsVolumeChecker (HddsVolumeChecker.java:checkAllVolumes(202)) - Scheduled health check for volume org.apache.hadoop.ozone.container.common.volume.HddsVolume@1aad0b1
2019-09-24 02:22:06,433 [main] INFO  impl.RaftServerProxy (ConfUtils.java:logGet(43)) - raft.rpc.type = GRPC (default)
2019-09-24 02:22:06,433 [Datanode State Machine Thread - 0] INFO  datanode.InitDatanodeState (InitDatanodeState.java:persistContainerDatanodeDetails(140)) - DatanodeDetails is persisted to /workdir/hadoop-ozone/integration-test/target/test-dir/MiniOzoneClusterImpl-de332c24-5f7d-4363-8764-5335807553b9/datanode-0/meta/datanode.id
2019-09-24 02:22:06,433 [main] INFO  grpc.GrpcFactory (GrpcFactory.java:checkPooledByteBufAllocatorUseCacheForAllThreads(45)) - PERFORMANCE WARNING: useCacheForAllThreads is true that may cause Netty to create a lot garbage objects and, as a result, trigger GC.
	It is recommended to disable useCacheForAllThreads by setting -Dorg.apache.ratis.thirdparty.io.netty.allocator.useCacheForAllThreads=false in command line.
2019-09-24 02:22:06,434 [main] INFO  grpc.GrpcConfigKeys$Server (ConfUtils.java:logGet(43)) - raft.grpc.server.port = 0 (default)
2019-09-24 02:22:06,436 [main] INFO  server.GrpcService (ConfUtils.java:logGet(43)) - raft.grpc.message.size.max = 33570816 (custom)
2019-09-24 02:22:06,437 [main] INFO  server.RaftServerConfigKeys (ConfUtils.java:logGet(43)) - raft.server.log.appender.buffer.byte-limit = 33554432 (custom)
2019-09-24 02:22:06,437 [main] INFO  server.GrpcService (ConfUtils.java:logGet(43)) - raft.grpc.flow.control.window = 1MB (=1048576) (default)
2019-09-24 02:22:06,438 [main] INFO  server.RaftServerConfigKeys (ConfUtils.java:logGet(43)) - raft.server.rpc.request.timeout = 3000ms (default)
2019-09-24 02:22:06,438 [Datanode State Machine Thread - 0] INFO  datanode.InitDatanodeState (InitDatanodeState.java:persistContainerDatanodeDetails(140)) - DatanodeDetails is persisted to /workdir/hadoop-ozone/integration-test/target/test-dir/MiniOzoneClusterImpl-de332c24-5f7d-4363-8764-5335807553b9/datanode-1/meta/datanode.id
2019-09-24 02:22:06,439 [main] INFO  server.RaftServerConfigKeys (ConfUtils.java:logGet(43)) - raft.server.storage.dir = [/workdir/hadoop-ozone/integration-test/target/test-dir/MiniOzoneClusterImpl-de332c24-5f7d-4363-8764-5335807553b9/datanode-2/data/ratis] (custom)
2019-09-24 02:22:06,442 [main] INFO  hdfs.DFSUtil (DFSUtil.java:httpServerTemplateForNNAndJN(1641)) - Starting Web-server for hddsDatanode at: http://0.0.0.0:0
2019-09-24 02:22:06,444 [main] INFO  server.AuthenticationFilter (AuthenticationFilter.java:constructSecretProvider(240)) - Unable to initialize FileSignerSecretProvider, falling back to use random secrets.
2019-09-24 02:22:06,445 [main] WARN  http.HttpRequestLog (HttpRequestLog.java:getRequestLog(97)) - Jetty request log can only be enabled using Log4j
2019-09-24 02:22:06,447 [main] INFO  http.HttpServer2 (HttpServer2.java:addGlobalFilter(975)) - Added global filter 'safety' (class=org.apache.hadoop.http.HttpServer2$QuotingInputFilter)
2019-09-24 02:22:06,448 [main] INFO  http.HttpServer2 (HttpServer2.java:addFilter(948)) - Added filter static_user_filter (class=org.apache.hadoop.http.lib.StaticUserWebFilter$StaticUserFilter) to context hddsDatanode
2019-09-24 02:22:06,448 [main] INFO  http.HttpServer2 (HttpServer2.java:addFilter(958)) - Added filter static_user_filter (class=org.apache.hadoop.http.lib.StaticUserWebFilter$StaticUserFilter) to context logs
2019-09-24 02:22:06,448 [main] INFO  http.HttpServer2 (HttpServer2.java:addFilter(958)) - Added filter static_user_filter (class=org.apache.hadoop.http.lib.StaticUserWebFilter$StaticUserFilter) to context static
2019-09-24 02:22:06,449 [main] INFO  http.HttpServer2 (HttpServer2.java:bindListener(1191)) - Jetty bound to port 34091
2019-09-24 02:22:06,450 [main] INFO  server.Server (Server.java:doStart(351)) - jetty-9.3.25.v20180904, build timestamp: 2018-09-04T21:11:46Z, git hash: 3ce520221d0240229c862b122d2b06c12a625732
2019-09-24 02:22:06,452 [main] INFO  handler.ContextHandler (ContextHandler.java:doStart(781)) - Started o.e.j.s.ServletContextHandler@4faa298{/logs,file:///workdir/hadoop-ozone/integration-test/target/log,AVAILABLE}
2019-09-24 02:22:06,453 [main] INFO  handler.ContextHandler (ContextHandler.java:doStart(781)) - Started o.e.j.s.ServletContextHandler@151bf776{/static,jar:file:/home/user/.m2/repository/org/apache/hadoop/hadoop-hdds-container-service/0.5.0-SNAPSHOT/hadoop-hdds-container-service-0.5.0-SNAPSHOT.jar!/webapps/static,AVAILABLE}
2019-09-24 02:22:06,491 [main] INFO  handler.ContextHandler (ContextHandler.java:doStart(781)) - Started o.e.j.w.WebAppContext@74174a23{/,file:///tmp/jetty-0.0.0.0-34091-hddsDatanode-_-any-7370646125262845160.dir/webapp/,AVAILABLE}{/hddsDatanode}
2019-09-24 02:22:06,492 [main] INFO  server.AbstractConnector (AbstractConnector.java:doStart(278)) - Started ServerConnector@6342d610{HTTP/1.1,[http/1.1]}{0.0.0.0:34091}
2019-09-24 02:22:06,492 [main] INFO  server.Server (Server.java:doStart(419)) - Started @5736ms
2019-09-24 02:22:06,493 [main] WARN  impl.MetricsSystemImpl (MetricsSystemImpl.java:register(276)) - Sink prometheus already exists!
2019-09-24 02:22:06,495 [main] INFO  server.BaseHttpServer (BaseHttpServer.java:updateConnectorAddress(215)) - HTTP server of HDDSDATANODE is listening at http://0.0.0.0:34091
2019-09-24 02:22:06,495 [main] INFO  impl.MetricsSystemImpl (MetricsSystemImpl.java:init(158)) - HddsDatanode metrics system started (again)
2019-09-24 02:22:06,498 [main] INFO  ozone.HddsDatanodeService (HddsDatanodeService.java:start(184)) - HddsDatanodeService host:pr-hdds-2162-tjkd5-3209850126 ip:192.168.151.121
2019-09-24 02:22:06,498 [org.apache.hadoop.util.JvmPauseMonitor$Monitor@63c564b4] INFO  util.JvmPauseMonitor (JvmPauseMonitor.java:run(188)) - Starting JVM pause monitor
2019-09-24 02:22:06,500 [Datanode State Machine Thread - 0] INFO  datanode.InitDatanodeState (InitDatanodeState.java:persistContainerDatanodeDetails(140)) - DatanodeDetails is persisted to /workdir/hadoop-ozone/integration-test/target/test-dir/MiniOzoneClusterImpl-de332c24-5f7d-4363-8764-5335807553b9/datanode-2/meta/datanode.id
2019-09-24 02:22:06,506 [main] INFO  volume.HddsVolume (HddsVolume.java:<init>(176)) - Creating Volume: /workdir/hadoop-ozone/integration-test/target/test-dir/MiniOzoneClusterImpl-de332c24-5f7d-4363-8764-5335807553b9/datanode-3/data/containers/hdds of  storage type : DISK and capacity : 1482555576320
2019-09-24 02:22:06,506 [main] INFO  volume.VolumeSet (VolumeSet.java:initializeVolumeSet(170)) - Added Volume : /workdir/hadoop-ozone/integration-test/target/test-dir/MiniOzoneClusterImpl-de332c24-5f7d-4363-8764-5335807553b9/datanode-3/data/containers/hdds to VolumeSet
2019-09-24 02:22:06,506 [main] INFO  volume.ThrottledAsyncChecker (ThrottledAsyncChecker.java:schedule(139)) - Scheduling a check for org.apache.hadoop.ozone.container.common.volume.HddsVolume@3cd9aa64
2019-09-24 02:22:06,507 [main] INFO  volume.HddsVolumeChecker (HddsVolumeChecker.java:checkAllVolumes(202)) - Scheduled health check for volume org.apache.hadoop.ozone.container.common.volume.HddsVolume@3cd9aa64
2019-09-24 02:22:06,520 [main] INFO  impl.RaftServerProxy (ConfUtils.java:logGet(43)) - raft.rpc.type = GRPC (default)
2019-09-24 02:22:06,520 [main] INFO  grpc.GrpcFactory (GrpcFactory.java:checkPooledByteBufAllocatorUseCacheForAllThreads(45)) - PERFORMANCE WARNING: useCacheForAllThreads is true that may cause Netty to create a lot garbage objects and, as a result, trigger GC.
	It is recommended to disable useCacheForAllThreads by setting -Dorg.apache.ratis.thirdparty.io.netty.allocator.useCacheForAllThreads=false in command line.
2019-09-24 02:22:06,520 [main] INFO  grpc.GrpcConfigKeys$Server (ConfUtils.java:logGet(43)) - raft.grpc.server.port = 0 (default)
2019-09-24 02:22:06,520 [main] INFO  server.GrpcService (ConfUtils.java:logGet(43)) - raft.grpc.message.size.max = 33570816 (custom)
2019-09-24 02:22:06,521 [main] INFO  server.RaftServerConfigKeys (ConfUtils.java:logGet(43)) - raft.server.log.appender.buffer.byte-limit = 33554432 (custom)
2019-09-24 02:22:06,521 [main] INFO  server.GrpcService (ConfUtils.java:logGet(43)) - raft.grpc.flow.control.window = 1MB (=1048576) (default)
2019-09-24 02:22:06,521 [main] INFO  server.RaftServerConfigKeys (ConfUtils.java:logGet(43)) - raft.server.rpc.request.timeout = 3000ms (default)
2019-09-24 02:22:06,522 [main] INFO  server.RaftServerConfigKeys (ConfUtils.java:logGet(43)) - raft.server.storage.dir = [/workdir/hadoop-ozone/integration-test/target/test-dir/MiniOzoneClusterImpl-de332c24-5f7d-4363-8764-5335807553b9/datanode-3/data/ratis] (custom)
2019-09-24 02:22:06,523 [main] INFO  hdfs.DFSUtil (DFSUtil.java:httpServerTemplateForNNAndJN(1641)) - Starting Web-server for hddsDatanode at: http://0.0.0.0:0
2019-09-24 02:22:06,525 [main] INFO  server.AuthenticationFilter (AuthenticationFilter.java:constructSecretProvider(240)) - Unable to initialize FileSignerSecretProvider, falling back to use random secrets.
2019-09-24 02:22:06,525 [main] WARN  http.HttpRequestLog (HttpRequestLog.java:getRequestLog(97)) - Jetty request log can only be enabled using Log4j
2019-09-24 02:22:06,527 [main] INFO  http.HttpServer2 (HttpServer2.java:addGlobalFilter(975)) - Added global filter 'safety' (class=org.apache.hadoop.http.HttpServer2$QuotingInputFilter)
2019-09-24 02:22:06,527 [main] INFO  http.HttpServer2 (HttpServer2.java:addFilter(948)) - Added filter static_user_filter (class=org.apache.hadoop.http.lib.StaticUserWebFilter$StaticUserFilter) to context hddsDatanode
2019-09-24 02:22:06,527 [main] INFO  http.HttpServer2 (HttpServer2.java:addFilter(958)) - Added filter static_user_filter (class=org.apache.hadoop.http.lib.StaticUserWebFilter$StaticUserFilter) to context static
2019-09-24 02:22:06,528 [main] INFO  http.HttpServer2 (HttpServer2.java:addFilter(958)) - Added filter static_user_filter (class=org.apache.hadoop.http.lib.StaticUserWebFilter$StaticUserFilter) to context logs
2019-09-24 02:22:06,528 [main] INFO  http.HttpServer2 (HttpServer2.java:bindListener(1191)) - Jetty bound to port 35793
2019-09-24 02:22:06,528 [main] INFO  server.Server (Server.java:doStart(351)) - jetty-9.3.25.v20180904, build timestamp: 2018-09-04T21:11:46Z, git hash: 3ce520221d0240229c862b122d2b06c12a625732
2019-09-24 02:22:06,532 [main] INFO  handler.ContextHandler (ContextHandler.java:doStart(781)) - Started o.e.j.s.ServletContextHandler@642f9a77{/logs,file:///workdir/hadoop-ozone/integration-test/target/log,AVAILABLE}
2019-09-24 02:22:06,533 [main] INFO  handler.ContextHandler (ContextHandler.java:doStart(781)) - Started o.e.j.s.ServletContextHandler@5634d0f4{/static,jar:file:/home/user/.m2/repository/org/apache/hadoop/hadoop-hdds-container-service/0.5.0-SNAPSHOT/hadoop-hdds-container-service-0.5.0-SNAPSHOT.jar!/webapps/static,AVAILABLE}
2019-09-24 02:22:06,561 [main] INFO  handler.ContextHandler (ContextHandler.java:doStart(781)) - Started o.e.j.w.WebAppContext@73844119{/,file:///tmp/jetty-0.0.0.0-35793-hddsDatanode-_-any-4481480424305321205.dir/webapp/,AVAILABLE}{/hddsDatanode}
2019-09-24 02:22:06,562 [main] INFO  server.AbstractConnector (AbstractConnector.java:doStart(278)) - Started ServerConnector@44f24a20{HTTP/1.1,[http/1.1]}{0.0.0.0:35793}
2019-09-24 02:22:06,563 [main] INFO  server.Server (Server.java:doStart(419)) - Started @5806ms
2019-09-24 02:22:06,563 [main] WARN  impl.MetricsSystemImpl (MetricsSystemImpl.java:register(276)) - Sink prometheus already exists!
2019-09-24 02:22:06,564 [main] INFO  server.BaseHttpServer (BaseHttpServer.java:updateConnectorAddress(215)) - HTTP server of HDDSDATANODE is listening at http://0.0.0.0:35793
2019-09-24 02:22:06,565 [main] INFO  impl.MetricsSystemImpl (MetricsSystemImpl.java:init(158)) - HddsDatanode metrics system started (again)
2019-09-24 02:22:06,569 [org.apache.hadoop.util.JvmPauseMonitor$Monitor@c06234e] INFO  util.JvmPauseMonitor (JvmPauseMonitor.java:run(188)) - Starting JVM pause monitor
2019-09-24 02:22:06,570 [main] INFO  ozone.HddsDatanodeService (HddsDatanodeService.java:start(184)) - HddsDatanodeService host:pr-hdds-2162-tjkd5-3209850126 ip:192.168.151.121
2019-09-24 02:22:06,572 [Datanode State Machine Thread - 0] INFO  datanode.InitDatanodeState (InitDatanodeState.java:persistContainerDatanodeDetails(140)) - DatanodeDetails is persisted to /workdir/hadoop-ozone/integration-test/target/test-dir/MiniOzoneClusterImpl-de332c24-5f7d-4363-8764-5335807553b9/datanode-3/meta/datanode.id
2019-09-24 02:22:06,579 [main] INFO  volume.HddsVolume (HddsVolume.java:<init>(176)) - Creating Volume: /workdir/hadoop-ozone/integration-test/target/test-dir/MiniOzoneClusterImpl-de332c24-5f7d-4363-8764-5335807553b9/datanode-4/data/containers/hdds of  storage type : DISK and capacity : 1482555576320
2019-09-24 02:22:06,580 [main] INFO  volume.VolumeSet (VolumeSet.java:initializeVolumeSet(170)) - Added Volume : /workdir/hadoop-ozone/integration-test/target/test-dir/MiniOzoneClusterImpl-de332c24-5f7d-4363-8764-5335807553b9/datanode-4/data/containers/hdds to VolumeSet
2019-09-24 02:22:06,581 [main] INFO  volume.ThrottledAsyncChecker (ThrottledAsyncChecker.java:schedule(139)) - Scheduling a check for org.apache.hadoop.ozone.container.common.volume.HddsVolume@7b948f3e
2019-09-24 02:22:06,582 [main] INFO  volume.HddsVolumeChecker (HddsVolumeChecker.java:checkAllVolumes(202)) - Scheduled health check for volume org.apache.hadoop.ozone.container.common.volume.HddsVolume@7b948f3e
2019-09-24 02:22:06,606 [main] INFO  impl.RaftServerProxy (ConfUtils.java:logGet(43)) - raft.rpc.type = GRPC (default)
2019-09-24 02:22:06,606 [main] INFO  grpc.GrpcFactory (GrpcFactory.java:checkPooledByteBufAllocatorUseCacheForAllThreads(45)) - PERFORMANCE WARNING: useCacheForAllThreads is true that may cause Netty to create a lot garbage objects and, as a result, trigger GC.
	It is recommended to disable useCacheForAllThreads by setting -Dorg.apache.ratis.thirdparty.io.netty.allocator.useCacheForAllThreads=false in command line.
2019-09-24 02:22:06,607 [main] INFO  grpc.GrpcConfigKeys$Server (ConfUtils.java:logGet(43)) - raft.grpc.server.port = 0 (default)
2019-09-24 02:22:06,607 [main] INFO  server.GrpcService (ConfUtils.java:logGet(43)) - raft.grpc.message.size.max = 33570816 (custom)
2019-09-24 02:22:06,607 [main] INFO  server.RaftServerConfigKeys (ConfUtils.java:logGet(43)) - raft.server.log.appender.buffer.byte-limit = 33554432 (custom)
2019-09-24 02:22:06,608 [main] INFO  server.GrpcService (ConfUtils.java:logGet(43)) - raft.grpc.flow.control.window = 1MB (=1048576) (default)
2019-09-24 02:22:06,608 [main] INFO  server.RaftServerConfigKeys (ConfUtils.java:logGet(43)) - raft.server.rpc.request.timeout = 3000ms (default)
2019-09-24 02:22:06,609 [main] INFO  server.RaftServerConfigKeys (ConfUtils.java:logGet(43)) - raft.server.storage.dir = [/workdir/hadoop-ozone/integration-test/target/test-dir/MiniOzoneClusterImpl-de332c24-5f7d-4363-8764-5335807553b9/datanode-4/data/ratis] (custom)
2019-09-24 02:22:06,612 [main] INFO  hdfs.DFSUtil (DFSUtil.java:httpServerTemplateForNNAndJN(1641)) - Starting Web-server for hddsDatanode at: http://0.0.0.0:0
2019-09-24 02:22:06,614 [main] INFO  server.AuthenticationFilter (AuthenticationFilter.java:constructSecretProvider(240)) - Unable to initialize FileSignerSecretProvider, falling back to use random secrets.
2019-09-24 02:22:06,614 [main] WARN  http.HttpRequestLog (HttpRequestLog.java:getRequestLog(97)) - Jetty request log can only be enabled using Log4j
2019-09-24 02:22:06,617 [main] INFO  http.HttpServer2 (HttpServer2.java:addGlobalFilter(975)) - Added global filter 'safety' (class=org.apache.hadoop.http.HttpServer2$QuotingInputFilter)
2019-09-24 02:22:06,618 [main] INFO  http.HttpServer2 (HttpServer2.java:addFilter(948)) - Added filter static_user_filter (class=org.apache.hadoop.http.lib.StaticUserWebFilter$StaticUserFilter) to context hddsDatanode
2019-09-24 02:22:06,618 [main] INFO  http.HttpServer2 (HttpServer2.java:addFilter(958)) - Added filter static_user_filter (class=org.apache.hadoop.http.lib.StaticUserWebFilter$StaticUserFilter) to context static
2019-09-24 02:22:06,618 [main] INFO  http.HttpServer2 (HttpServer2.java:addFilter(958)) - Added filter static_user_filter (class=org.apache.hadoop.http.lib.StaticUserWebFilter$StaticUserFilter) to context logs
2019-09-24 02:22:06,619 [main] INFO  http.HttpServer2 (HttpServer2.java:bindListener(1191)) - Jetty bound to port 33356
2019-09-24 02:22:06,619 [main] INFO  server.Server (Server.java:doStart(351)) - jetty-9.3.25.v20180904, build timestamp: 2018-09-04T21:11:46Z, git hash: 3ce520221d0240229c862b122d2b06c12a625732
2019-09-24 02:22:06,622 [main] INFO  handler.ContextHandler (ContextHandler.java:doStart(781)) - Started o.e.j.s.ServletContextHandler@60c8a093{/logs,file:///workdir/hadoop-ozone/integration-test/target/log,AVAILABLE}
2019-09-24 02:22:06,623 [main] INFO  handler.ContextHandler (ContextHandler.java:doStart(781)) - Started o.e.j.s.ServletContextHandler@2a369e14{/static,jar:file:/home/user/.m2/repository/org/apache/hadoop/hadoop-hdds-container-service/0.5.0-SNAPSHOT/hadoop-hdds-container-service-0.5.0-SNAPSHOT.jar!/webapps/static,AVAILABLE}
2019-09-24 02:22:06,661 [main] INFO  handler.ContextHandler (ContextHandler.java:doStart(781)) - Started o.e.j.w.WebAppContext@127a7272{/,file:///tmp/jetty-0.0.0.0-33356-hddsDatanode-_-any-2690533885066314566.dir/webapp/,AVAILABLE}{/hddsDatanode}
2019-09-24 02:22:06,662 [main] INFO  server.AbstractConnector (AbstractConnector.java:doStart(278)) - Started ServerConnector@ff23ae7{HTTP/1.1,[http/1.1]}{0.0.0.0:33356}
2019-09-24 02:22:06,665 [main] INFO  server.Server (Server.java:doStart(419)) - Started @5908ms
2019-09-24 02:22:06,665 [main] WARN  impl.MetricsSystemImpl (MetricsSystemImpl.java:register(276)) - Sink prometheus already exists!
2019-09-24 02:22:06,666 [main] INFO  server.BaseHttpServer (BaseHttpServer.java:updateConnectorAddress(215)) - HTTP server of HDDSDATANODE is listening at http://0.0.0.0:33356
2019-09-24 02:22:06,667 [main] INFO  impl.MetricsSystemImpl (MetricsSystemImpl.java:init(158)) - HddsDatanode metrics system started (again)
2019-09-24 02:22:06,671 [org.apache.hadoop.util.JvmPauseMonitor$Monitor@78980b2b] INFO  util.JvmPauseMonitor (JvmPauseMonitor.java:run(188)) - Starting JVM pause monitor
2019-09-24 02:22:06,672 [main] INFO  ozone.HddsDatanodeService (HddsDatanodeService.java:start(184)) - HddsDatanodeService host:pr-hdds-2162-tjkd5-3209850126 ip:192.168.151.121
2019-09-24 02:22:06,675 [Datanode State Machine Thread - 0] INFO  datanode.InitDatanodeState (InitDatanodeState.java:persistContainerDatanodeDetails(140)) - DatanodeDetails is persisted to /workdir/hadoop-ozone/integration-test/target/test-dir/MiniOzoneClusterImpl-de332c24-5f7d-4363-8764-5335807553b9/datanode-4/meta/datanode.id
2019-09-24 02:22:06,680 [main] INFO  volume.HddsVolume (HddsVolume.java:<init>(176)) - Creating Volume: /workdir/hadoop-ozone/integration-test/target/test-dir/MiniOzoneClusterImpl-de332c24-5f7d-4363-8764-5335807553b9/datanode-5/data/containers/hdds of  storage type : DISK and capacity : 1482555576320
2019-09-24 02:22:06,681 [main] INFO  volume.VolumeSet (VolumeSet.java:initializeVolumeSet(170)) - Added Volume : /workdir/hadoop-ozone/integration-test/target/test-dir/MiniOzoneClusterImpl-de332c24-5f7d-4363-8764-5335807553b9/datanode-5/data/containers/hdds to VolumeSet
2019-09-24 02:22:06,681 [main] INFO  volume.ThrottledAsyncChecker (ThrottledAsyncChecker.java:schedule(139)) - Scheduling a check for org.apache.hadoop.ozone.container.common.volume.HddsVolume@315f09ef
2019-09-24 02:22:06,682 [main] INFO  volume.HddsVolumeChecker (HddsVolumeChecker.java:checkAllVolumes(202)) - Scheduled health check for volume org.apache.hadoop.ozone.container.common.volume.HddsVolume@315f09ef
2019-09-24 02:22:06,704 [main] INFO  impl.RaftServerProxy (ConfUtils.java:logGet(43)) - raft.rpc.type = GRPC (default)
2019-09-24 02:22:06,704 [main] INFO  grpc.GrpcFactory (GrpcFactory.java:checkPooledByteBufAllocatorUseCacheForAllThreads(45)) - PERFORMANCE WARNING: useCacheForAllThreads is true that may cause Netty to create a lot garbage objects and, as a result, trigger GC.
	It is recommended to disable useCacheForAllThreads by setting -Dorg.apache.ratis.thirdparty.io.netty.allocator.useCacheForAllThreads=false in command line.
2019-09-24 02:22:06,704 [main] INFO  grpc.GrpcConfigKeys$Server (ConfUtils.java:logGet(43)) - raft.grpc.server.port = 0 (default)
2019-09-24 02:22:06,704 [main] INFO  server.GrpcService (ConfUtils.java:logGet(43)) - raft.grpc.message.size.max = 33570816 (custom)
2019-09-24 02:22:06,705 [main] INFO  server.RaftServerConfigKeys (ConfUtils.java:logGet(43)) - raft.server.log.appender.buffer.byte-limit = 33554432 (custom)
2019-09-24 02:22:06,705 [main] INFO  server.GrpcService (ConfUtils.java:logGet(43)) - raft.grpc.flow.control.window = 1MB (=1048576) (default)
2019-09-24 02:22:06,706 [main] INFO  server.RaftServerConfigKeys (ConfUtils.java:logGet(43)) - raft.server.rpc.request.timeout = 3000ms (default)
2019-09-24 02:22:06,706 [main] INFO  server.RaftServerConfigKeys (ConfUtils.java:logGet(43)) - raft.server.storage.dir = [/workdir/hadoop-ozone/integration-test/target/test-dir/MiniOzoneClusterImpl-de332c24-5f7d-4363-8764-5335807553b9/datanode-5/data/ratis] (custom)
2019-09-24 02:22:06,708 [main] INFO  hdfs.DFSUtil (DFSUtil.java:httpServerTemplateForNNAndJN(1641)) - Starting Web-server for hddsDatanode at: http://0.0.0.0:0
2019-09-24 02:22:06,709 [main] INFO  server.AuthenticationFilter (AuthenticationFilter.java:constructSecretProvider(240)) - Unable to initialize FileSignerSecretProvider, falling back to use random secrets.
2019-09-24 02:22:06,710 [main] WARN  http.HttpRequestLog (HttpRequestLog.java:getRequestLog(97)) - Jetty request log can only be enabled using Log4j
2019-09-24 02:22:06,711 [main] INFO  http.HttpServer2 (HttpServer2.java:addGlobalFilter(975)) - Added global filter 'safety' (class=org.apache.hadoop.http.HttpServer2$QuotingInputFilter)
2019-09-24 02:22:06,712 [main] INFO  http.HttpServer2 (HttpServer2.java:addFilter(948)) - Added filter static_user_filter (class=org.apache.hadoop.http.lib.StaticUserWebFilter$StaticUserFilter) to context hddsDatanode
2019-09-24 02:22:06,712 [main] INFO  http.HttpServer2 (HttpServer2.java:addFilter(958)) - Added filter static_user_filter (class=org.apache.hadoop.http.lib.StaticUserWebFilter$StaticUserFilter) to context logs
2019-09-24 02:22:06,713 [main] INFO  http.HttpServer2 (HttpServer2.java:addFilter(958)) - Added filter static_user_filter (class=org.apache.hadoop.http.lib.StaticUserWebFilter$StaticUserFilter) to context static
2019-09-24 02:22:06,713 [main] INFO  http.HttpServer2 (HttpServer2.java:bindListener(1191)) - Jetty bound to port 35879
2019-09-24 02:22:06,714 [main] INFO  server.Server (Server.java:doStart(351)) - jetty-9.3.25.v20180904, build timestamp: 2018-09-04T21:11:46Z, git hash: 3ce520221d0240229c862b122d2b06c12a625732
2019-09-24 02:22:06,716 [main] INFO  handler.ContextHandler (ContextHandler.java:doStart(781)) - Started o.e.j.s.ServletContextHandler@74170687{/logs,file:///workdir/hadoop-ozone/integration-test/target/log,AVAILABLE}
2019-09-24 02:22:06,716 [main] INFO  handler.ContextHandler (ContextHandler.java:doStart(781)) - Started o.e.j.s.ServletContextHandler@3d96fa9e{/static,jar:file:/home/user/.m2/repository/org/apache/hadoop/hadoop-hdds-container-service/0.5.0-SNAPSHOT/hadoop-hdds-container-service-0.5.0-SNAPSHOT.jar!/webapps/static,AVAILABLE}
2019-09-24 02:22:06,746 [main] INFO  handler.ContextHandler (ContextHandler.java:doStart(781)) - Started o.e.j.w.WebAppContext@254f906e{/,file:///tmp/jetty-0.0.0.0-35879-hddsDatanode-_-any-8144670957025136100.dir/webapp/,AVAILABLE}{/hddsDatanode}
2019-09-24 02:22:06,746 [main] INFO  server.AbstractConnector (AbstractConnector.java:doStart(278)) - Started ServerConnector@3d0035d2{HTTP/1.1,[http/1.1]}{0.0.0.0:35879}
2019-09-24 02:22:06,748 [main] INFO  server.Server (Server.java:doStart(419)) - Started @5991ms
2019-09-24 02:22:06,748 [main] WARN  impl.MetricsSystemImpl (MetricsSystemImpl.java:register(276)) - Sink prometheus already exists!
2019-09-24 02:22:06,749 [main] INFO  server.BaseHttpServer (BaseHttpServer.java:updateConnectorAddress(215)) - HTTP server of HDDSDATANODE is listening at http://0.0.0.0:35879
2019-09-24 02:22:06,750 [main] INFO  impl.MetricsSystemImpl (MetricsSystemImpl.java:init(158)) - HddsDatanode metrics system started (again)
2019-09-24 02:22:06,752 [org.apache.hadoop.util.JvmPauseMonitor$Monitor@f9e940f] INFO  util.JvmPauseMonitor (JvmPauseMonitor.java:run(188)) - Starting JVM pause monitor
2019-09-24 02:22:06,756 [main] INFO  ozone.HddsDatanodeService (HddsDatanodeService.java:start(184)) - HddsDatanodeService host:pr-hdds-2162-tjkd5-3209850126 ip:192.168.151.121
2019-09-24 02:22:06,756 [Datanode State Machine Thread - 0] INFO  datanode.InitDatanodeState (InitDatanodeState.java:persistContainerDatanodeDetails(140)) - DatanodeDetails is persisted to /workdir/hadoop-ozone/integration-test/target/test-dir/MiniOzoneClusterImpl-de332c24-5f7d-4363-8764-5335807553b9/datanode-5/meta/datanode.id
2019-09-24 02:22:06,766 [main] INFO  volume.HddsVolume (HddsVolume.java:<init>(176)) - Creating Volume: /workdir/hadoop-ozone/integration-test/target/test-dir/MiniOzoneClusterImpl-de332c24-5f7d-4363-8764-5335807553b9/datanode-6/data/containers/hdds of  storage type : DISK and capacity : 1482555576320
2019-09-24 02:22:06,766 [main] INFO  volume.VolumeSet (VolumeSet.java:initializeVolumeSet(170)) - Added Volume : /workdir/hadoop-ozone/integration-test/target/test-dir/MiniOzoneClusterImpl-de332c24-5f7d-4363-8764-5335807553b9/datanode-6/data/containers/hdds to VolumeSet
2019-09-24 02:22:06,767 [main] INFO  volume.ThrottledAsyncChecker (ThrottledAsyncChecker.java:schedule(139)) - Scheduling a check for org.apache.hadoop.ozone.container.common.volume.HddsVolume@68868328
2019-09-24 02:22:06,767 [main] INFO  volume.HddsVolumeChecker (HddsVolumeChecker.java:checkAllVolumes(202)) - Scheduled health check for volume org.apache.hadoop.ozone.container.common.volume.HddsVolume@68868328
2019-09-24 02:22:06,786 [main] INFO  impl.RaftServerProxy (ConfUtils.java:logGet(43)) - raft.rpc.type = GRPC (default)
2019-09-24 02:22:06,786 [main] INFO  grpc.GrpcFactory (GrpcFactory.java:checkPooledByteBufAllocatorUseCacheForAllThreads(45)) - PERFORMANCE WARNING: useCacheForAllThreads is true that may cause Netty to create a lot garbage objects and, as a result, trigger GC.
	It is recommended to disable useCacheForAllThreads by setting -Dorg.apache.ratis.thirdparty.io.netty.allocator.useCacheForAllThreads=false in command line.
2019-09-24 02:22:06,787 [main] INFO  grpc.GrpcConfigKeys$Server (ConfUtils.java:logGet(43)) - raft.grpc.server.port = 0 (default)
2019-09-24 02:22:06,787 [main] INFO  server.GrpcService (ConfUtils.java:logGet(43)) - raft.grpc.message.size.max = 33570816 (custom)
2019-09-24 02:22:06,787 [main] INFO  server.RaftServerConfigKeys (ConfUtils.java:logGet(43)) - raft.server.log.appender.buffer.byte-limit = 33554432 (custom)
2019-09-24 02:22:06,787 [main] INFO  server.GrpcService (ConfUtils.java:logGet(43)) - raft.grpc.flow.control.window = 1MB (=1048576) (default)
2019-09-24 02:22:06,788 [main] INFO  server.RaftServerConfigKeys (ConfUtils.java:logGet(43)) - raft.server.rpc.request.timeout = 3000ms (default)
2019-09-24 02:22:06,788 [main] INFO  server.RaftServerConfigKeys (ConfUtils.java:logGet(43)) - raft.server.storage.dir = [/workdir/hadoop-ozone/integration-test/target/test-dir/MiniOzoneClusterImpl-de332c24-5f7d-4363-8764-5335807553b9/datanode-6/data/ratis] (custom)
2019-09-24 02:22:06,790 [main] INFO  hdfs.DFSUtil (DFSUtil.java:httpServerTemplateForNNAndJN(1641)) - Starting Web-server for hddsDatanode at: http://0.0.0.0:0
2019-09-24 02:22:06,792 [main] INFO  server.AuthenticationFilter (AuthenticationFilter.java:constructSecretProvider(240)) - Unable to initialize FileSignerSecretProvider, falling back to use random secrets.
2019-09-24 02:22:06,793 [main] WARN  http.HttpRequestLog (HttpRequestLog.java:getRequestLog(97)) - Jetty request log can only be enabled using Log4j
2019-09-24 02:22:06,795 [main] INFO  http.HttpServer2 (HttpServer2.java:addGlobalFilter(975)) - Added global filter 'safety' (class=org.apache.hadoop.http.HttpServer2$QuotingInputFilter)
2019-09-24 02:22:06,796 [main] INFO  http.HttpServer2 (HttpServer2.java:addFilter(948)) - Added filter static_user_filter (class=org.apache.hadoop.http.lib.StaticUserWebFilter$StaticUserFilter) to context hddsDatanode
2019-09-24 02:22:06,796 [main] INFO  http.HttpServer2 (HttpServer2.java:addFilter(958)) - Added filter static_user_filter (class=org.apache.hadoop.http.lib.StaticUserWebFilter$StaticUserFilter) to context static
2019-09-24 02:22:06,796 [main] INFO  http.HttpServer2 (HttpServer2.java:addFilter(958)) - Added filter static_user_filter (class=org.apache.hadoop.http.lib.StaticUserWebFilter$StaticUserFilter) to context logs
2019-09-24 02:22:06,797 [main] INFO  http.HttpServer2 (HttpServer2.java:bindListener(1191)) - Jetty bound to port 43037
2019-09-24 02:22:06,798 [main] INFO  server.Server (Server.java:doStart(351)) - jetty-9.3.25.v20180904, build timestamp: 2018-09-04T21:11:46Z, git hash: 3ce520221d0240229c862b122d2b06c12a625732
2019-09-24 02:22:06,800 [main] INFO  handler.ContextHandler (ContextHandler.java:doStart(781)) - Started o.e.j.s.ServletContextHandler@574a89e2{/logs,file:///workdir/hadoop-ozone/integration-test/target/log,AVAILABLE}
2019-09-24 02:22:06,801 [main] INFO  handler.ContextHandler (ContextHandler.java:doStart(781)) - Started o.e.j.s.ServletContextHandler@3dd31157{/static,jar:file:/home/user/.m2/repository/org/apache/hadoop/hadoop-hdds-container-service/0.5.0-SNAPSHOT/hadoop-hdds-container-service-0.5.0-SNAPSHOT.jar!/webapps/static,AVAILABLE}
2019-09-24 02:22:06,828 [main] INFO  handler.ContextHandler (ContextHandler.java:doStart(781)) - Started o.e.j.w.WebAppContext@6d6bbd35{/,file:///tmp/jetty-0.0.0.0-43037-hddsDatanode-_-any-3969783604790049358.dir/webapp/,AVAILABLE}{/hddsDatanode}
2019-09-24 02:22:06,830 [main] INFO  server.AbstractConnector (AbstractConnector.java:doStart(278)) - Started ServerConnector@5c5d6175{HTTP/1.1,[http/1.1]}{0.0.0.0:43037}
2019-09-24 02:22:06,830 [main] INFO  server.Server (Server.java:doStart(419)) - Started @6074ms
2019-09-24 02:22:06,830 [main] WARN  impl.MetricsSystemImpl (MetricsSystemImpl.java:register(276)) - Sink prometheus already exists!
2019-09-24 02:22:06,831 [main] INFO  server.BaseHttpServer (BaseHttpServer.java:updateConnectorAddress(215)) - HTTP server of HDDSDATANODE is listening at http://0.0.0.0:43037
2019-09-24 02:22:06,832 [main] INFO  impl.MetricsSystemImpl (MetricsSystemImpl.java:init(158)) - HddsDatanode metrics system started (again)
2019-09-24 02:22:06,836 [org.apache.hadoop.util.JvmPauseMonitor$Monitor@489786b0] INFO  util.JvmPauseMonitor (JvmPauseMonitor.java:run(188)) - Starting JVM pause monitor
2019-09-24 02:22:06,837 [main] INFO  ozone.HddsDatanodeService (HddsDatanodeService.java:start(184)) - HddsDatanodeService host:pr-hdds-2162-tjkd5-3209850126 ip:192.168.151.121
2019-09-24 02:22:06,840 [Datanode State Machine Thread - 0] INFO  datanode.InitDatanodeState (InitDatanodeState.java:persistContainerDatanodeDetails(140)) - DatanodeDetails is persisted to /workdir/hadoop-ozone/integration-test/target/test-dir/MiniOzoneClusterImpl-de332c24-5f7d-4363-8764-5335807553b9/datanode-6/meta/datanode.id
2019-09-24 02:22:06,845 [main] INFO  volume.HddsVolume (HddsVolume.java:<init>(176)) - Creating Volume: /workdir/hadoop-ozone/integration-test/target/test-dir/MiniOzoneClusterImpl-de332c24-5f7d-4363-8764-5335807553b9/datanode-7/data/containers/hdds of  storage type : DISK and capacity : 1482555576320
2019-09-24 02:22:06,846 [main] INFO  volume.VolumeSet (VolumeSet.java:initializeVolumeSet(170)) - Added Volume : /workdir/hadoop-ozone/integration-test/target/test-dir/MiniOzoneClusterImpl-de332c24-5f7d-4363-8764-5335807553b9/datanode-7/data/containers/hdds to VolumeSet
2019-09-24 02:22:06,846 [main] INFO  volume.ThrottledAsyncChecker (ThrottledAsyncChecker.java:schedule(139)) - Scheduling a check for org.apache.hadoop.ozone.container.common.volume.HddsVolume@1afd72ef
2019-09-24 02:22:06,847 [main] INFO  volume.HddsVolumeChecker (HddsVolumeChecker.java:checkAllVolumes(202)) - Scheduled health check for volume org.apache.hadoop.ozone.container.common.volume.HddsVolume@1afd72ef
2019-09-24 02:22:06,866 [main] INFO  impl.RaftServerProxy (ConfUtils.java:logGet(43)) - raft.rpc.type = GRPC (default)
2019-09-24 02:22:06,866 [main] INFO  grpc.GrpcFactory (GrpcFactory.java:checkPooledByteBufAllocatorUseCacheForAllThreads(45)) - PERFORMANCE WARNING: useCacheForAllThreads is true that may cause Netty to create a lot garbage objects and, as a result, trigger GC.
	It is recommended to disable useCacheForAllThreads by setting -Dorg.apache.ratis.thirdparty.io.netty.allocator.useCacheForAllThreads=false in command line.
2019-09-24 02:22:06,866 [main] INFO  grpc.GrpcConfigKeys$Server (ConfUtils.java:logGet(43)) - raft.grpc.server.port = 0 (default)
2019-09-24 02:22:06,867 [main] INFO  server.GrpcService (ConfUtils.java:logGet(43)) - raft.grpc.message.size.max = 33570816 (custom)
2019-09-24 02:22:06,867 [main] INFO  server.RaftServerConfigKeys (ConfUtils.java:logGet(43)) - raft.server.log.appender.buffer.byte-limit = 33554432 (custom)
2019-09-24 02:22:06,867 [main] INFO  server.GrpcService (ConfUtils.java:logGet(43)) - raft.grpc.flow.control.window = 1MB (=1048576) (default)
2019-09-24 02:22:06,868 [main] INFO  server.RaftServerConfigKeys (ConfUtils.java:logGet(43)) - raft.server.rpc.request.timeout = 3000ms (default)
2019-09-24 02:22:06,869 [main] INFO  server.RaftServerConfigKeys (ConfUtils.java:logGet(43)) - raft.server.storage.dir = [/workdir/hadoop-ozone/integration-test/target/test-dir/MiniOzoneClusterImpl-de332c24-5f7d-4363-8764-5335807553b9/datanode-7/data/ratis] (custom)
2019-09-24 02:22:06,871 [main] INFO  hdfs.DFSUtil (DFSUtil.java:httpServerTemplateForNNAndJN(1641)) - Starting Web-server for hddsDatanode at: http://0.0.0.0:0
2019-09-24 02:22:06,872 [main] INFO  server.AuthenticationFilter (AuthenticationFilter.java:constructSecretProvider(240)) - Unable to initialize FileSignerSecretProvider, falling back to use random secrets.
2019-09-24 02:22:06,873 [main] WARN  http.HttpRequestLog (HttpRequestLog.java:getRequestLog(97)) - Jetty request log can only be enabled using Log4j
2019-09-24 02:22:06,875 [main] INFO  http.HttpServer2 (HttpServer2.java:addGlobalFilter(975)) - Added global filter 'safety' (class=org.apache.hadoop.http.HttpServer2$QuotingInputFilter)
2019-09-24 02:22:06,875 [main] INFO  http.HttpServer2 (HttpServer2.java:addFilter(948)) - Added filter static_user_filter (class=org.apache.hadoop.http.lib.StaticUserWebFilter$StaticUserFilter) to context hddsDatanode
2019-09-24 02:22:06,876 [main] INFO  http.HttpServer2 (HttpServer2.java:addFilter(958)) - Added filter static_user_filter (class=org.apache.hadoop.http.lib.StaticUserWebFilter$StaticUserFilter) to context static
2019-09-24 02:22:06,876 [main] INFO  http.HttpServer2 (HttpServer2.java:addFilter(958)) - Added filter static_user_filter (class=org.apache.hadoop.http.lib.StaticUserWebFilter$StaticUserFilter) to context logs
2019-09-24 02:22:06,877 [main] INFO  http.HttpServer2 (HttpServer2.java:bindListener(1191)) - Jetty bound to port 42632
2019-09-24 02:22:06,877 [main] INFO  server.Server (Server.java:doStart(351)) - jetty-9.3.25.v20180904, build timestamp: 2018-09-04T21:11:46Z, git hash: 3ce520221d0240229c862b122d2b06c12a625732
2019-09-24 02:22:06,879 [main] INFO  handler.ContextHandler (ContextHandler.java:doStart(781)) - Started o.e.j.s.ServletContextHandler@7fb66650{/logs,file:///workdir/hadoop-ozone/integration-test/target/log,AVAILABLE}
2019-09-24 02:22:06,880 [main] INFO  handler.ContextHandler (ContextHandler.java:doStart(781)) - Started o.e.j.s.ServletContextHandler@2a869a16{/static,jar:file:/home/user/.m2/repository/org/apache/hadoop/hadoop-hdds-container-service/0.5.0-SNAPSHOT/hadoop-hdds-container-service-0.5.0-SNAPSHOT.jar!/webapps/static,AVAILABLE}
2019-09-24 02:22:06,924 [main] INFO  handler.ContextHandler (ContextHandler.java:doStart(781)) - Started o.e.j.w.WebAppContext@44b29496{/,file:///tmp/jetty-0.0.0.0-42632-hddsDatanode-_-any-1219240446852322806.dir/webapp/,AVAILABLE}{/hddsDatanode}
2019-09-24 02:22:06,925 [main] INFO  server.AbstractConnector (AbstractConnector.java:doStart(278)) - Started ServerConnector@1947596f{HTTP/1.1,[http/1.1]}{0.0.0.0:42632}
2019-09-24 02:22:06,926 [main] INFO  server.Server (Server.java:doStart(419)) - Started @6170ms
2019-09-24 02:22:06,926 [main] WARN  impl.MetricsSystemImpl (MetricsSystemImpl.java:register(276)) - Sink prometheus already exists!
2019-09-24 02:22:06,927 [main] INFO  server.BaseHttpServer (BaseHttpServer.java:updateConnectorAddress(215)) - HTTP server of HDDSDATANODE is listening at http://0.0.0.0:42632
2019-09-24 02:22:06,928 [main] INFO  impl.MetricsSystemImpl (MetricsSystemImpl.java:init(158)) - HddsDatanode metrics system started (again)
2019-09-24 02:22:06,932 [org.apache.hadoop.util.JvmPauseMonitor$Monitor@58c85041] INFO  util.JvmPauseMonitor (JvmPauseMonitor.java:run(188)) - Starting JVM pause monitor
2019-09-24 02:22:06,932 [main] INFO  ozone.HddsDatanodeService (HddsDatanodeService.java:start(184)) - HddsDatanodeService host:pr-hdds-2162-tjkd5-3209850126 ip:192.168.151.121
2019-09-24 02:22:06,935 [Datanode State Machine Thread - 0] INFO  datanode.InitDatanodeState (InitDatanodeState.java:persistContainerDatanodeDetails(140)) - DatanodeDetails is persisted to /workdir/hadoop-ozone/integration-test/target/test-dir/MiniOzoneClusterImpl-de332c24-5f7d-4363-8764-5335807553b9/datanode-7/meta/datanode.id
2019-09-24 02:22:06,943 [main] INFO  volume.HddsVolume (HddsVolume.java:<init>(176)) - Creating Volume: /workdir/hadoop-ozone/integration-test/target/test-dir/MiniOzoneClusterImpl-de332c24-5f7d-4363-8764-5335807553b9/datanode-8/data/containers/hdds of  storage type : DISK and capacity : 1482555576320
2019-09-24 02:22:06,943 [main] INFO  volume.VolumeSet (VolumeSet.java:initializeVolumeSet(170)) - Added Volume : /workdir/hadoop-ozone/integration-test/target/test-dir/MiniOzoneClusterImpl-de332c24-5f7d-4363-8764-5335807553b9/datanode-8/data/containers/hdds to VolumeSet
2019-09-24 02:22:06,943 [main] INFO  volume.ThrottledAsyncChecker (ThrottledAsyncChecker.java:schedule(139)) - Scheduling a check for org.apache.hadoop.ozone.container.common.volume.HddsVolume@4af45442
2019-09-24 02:22:06,944 [main] INFO  volume.HddsVolumeChecker (HddsVolumeChecker.java:checkAllVolumes(202)) - Scheduled health check for volume org.apache.hadoop.ozone.container.common.volume.HddsVolume@4af45442
2019-09-24 02:22:06,956 [main] INFO  impl.RaftServerProxy (ConfUtils.java:logGet(43)) - raft.rpc.type = GRPC (default)
2019-09-24 02:22:06,956 [main] INFO  grpc.GrpcFactory (GrpcFactory.java:checkPooledByteBufAllocatorUseCacheForAllThreads(45)) - PERFORMANCE WARNING: useCacheForAllThreads is true that may cause Netty to create a lot garbage objects and, as a result, trigger GC.
	It is recommended to disable useCacheForAllThreads by setting -Dorg.apache.ratis.thirdparty.io.netty.allocator.useCacheForAllThreads=false in command line.
2019-09-24 02:22:06,956 [main] INFO  grpc.GrpcConfigKeys$Server (ConfUtils.java:logGet(43)) - raft.grpc.server.port = 0 (default)
2019-09-24 02:22:06,957 [main] INFO  server.GrpcService (ConfUtils.java:logGet(43)) - raft.grpc.message.size.max = 33570816 (custom)
2019-09-24 02:22:06,957 [main] INFO  server.RaftServerConfigKeys (ConfUtils.java:logGet(43)) - raft.server.log.appender.buffer.byte-limit = 33554432 (custom)
2019-09-24 02:22:06,957 [main] INFO  server.GrpcService (ConfUtils.java:logGet(43)) - raft.grpc.flow.control.window = 1MB (=1048576) (default)
2019-09-24 02:22:06,957 [main] INFO  server.RaftServerConfigKeys (ConfUtils.java:logGet(43)) - raft.server.rpc.request.timeout = 3000ms (default)
2019-09-24 02:22:06,958 [main] INFO  server.RaftServerConfigKeys (ConfUtils.java:logGet(43)) - raft.server.storage.dir = [/workdir/hadoop-ozone/integration-test/target/test-dir/MiniOzoneClusterImpl-de332c24-5f7d-4363-8764-5335807553b9/datanode-8/data/ratis] (custom)
2019-09-24 02:22:06,959 [main] INFO  hdfs.DFSUtil (DFSUtil.java:httpServerTemplateForNNAndJN(1641)) - Starting Web-server for hddsDatanode at: http://0.0.0.0:0
2019-09-24 02:22:06,961 [main] INFO  server.AuthenticationFilter (AuthenticationFilter.java:constructSecretProvider(240)) - Unable to initialize FileSignerSecretProvider, falling back to use random secrets.
2019-09-24 02:22:06,961 [main] WARN  http.HttpRequestLog (HttpRequestLog.java:getRequestLog(97)) - Jetty request log can only be enabled using Log4j
2019-09-24 02:22:06,962 [main] INFO  http.HttpServer2 (HttpServer2.java:addGlobalFilter(975)) - Added global filter 'safety' (class=org.apache.hadoop.http.HttpServer2$QuotingInputFilter)
2019-09-24 02:22:06,963 [main] INFO  http.HttpServer2 (HttpServer2.java:addFilter(948)) - Added filter static_user_filter (class=org.apache.hadoop.http.lib.StaticUserWebFilter$StaticUserFilter) to context hddsDatanode
2019-09-24 02:22:06,963 [main] INFO  http.HttpServer2 (HttpServer2.java:addFilter(958)) - Added filter static_user_filter (class=org.apache.hadoop.http.lib.StaticUserWebFilter$StaticUserFilter) to context logs
2019-09-24 02:22:06,963 [main] INFO  http.HttpServer2 (HttpServer2.java:addFilter(958)) - Added filter static_user_filter (class=org.apache.hadoop.http.lib.StaticUserWebFilter$StaticUserFilter) to context static
2019-09-24 02:22:06,964 [main] INFO  http.HttpServer2 (HttpServer2.java:bindListener(1191)) - Jetty bound to port 37708
2019-09-24 02:22:06,964 [main] INFO  server.Server (Server.java:doStart(351)) - jetty-9.3.25.v20180904, build timestamp: 2018-09-04T21:11:46Z, git hash: 3ce520221d0240229c862b122d2b06c12a625732
2019-09-24 02:22:06,966 [main] INFO  handler.ContextHandler (ContextHandler.java:doStart(781)) - Started o.e.j.s.ServletContextHandler@1f53481b{/logs,file:///workdir/hadoop-ozone/integration-test/target/log,AVAILABLE}
2019-09-24 02:22:06,967 [main] INFO  handler.ContextHandler (ContextHandler.java:doStart(781)) - Started o.e.j.s.ServletContextHandler@27e7c77f{/static,jar:file:/home/user/.m2/repository/org/apache/hadoop/hadoop-hdds-container-service/0.5.0-SNAPSHOT/hadoop-hdds-container-service-0.5.0-SNAPSHOT.jar!/webapps/static,AVAILABLE}
2019-09-24 02:22:07,022 [main] INFO  handler.ContextHandler (ContextHandler.java:doStart(781)) - Started o.e.j.w.WebAppContext@765ffb14{/,file:///tmp/jetty-0.0.0.0-37708-hddsDatanode-_-any-4892746124251600227.dir/webapp/,AVAILABLE}{/hddsDatanode}
2019-09-24 02:22:07,023 [main] INFO  server.AbstractConnector (AbstractConnector.java:doStart(278)) - Started ServerConnector@57562473{HTTP/1.1,[http/1.1]}{0.0.0.0:37708}
2019-09-24 02:22:07,024 [main] INFO  server.Server (Server.java:doStart(419)) - Started @6267ms
2019-09-24 02:22:07,024 [main] WARN  impl.MetricsSystemImpl (MetricsSystemImpl.java:register(276)) - Sink prometheus already exists!
2019-09-24 02:22:07,025 [main] INFO  server.BaseHttpServer (BaseHttpServer.java:updateConnectorAddress(215)) - HTTP server of HDDSDATANODE is listening at http://0.0.0.0:37708
2019-09-24 02:22:07,026 [main] INFO  impl.MetricsSystemImpl (MetricsSystemImpl.java:init(158)) - HddsDatanode metrics system started (again)
2019-09-24 02:22:07,031 [org.apache.hadoop.util.JvmPauseMonitor$Monitor@5cf3ccf4] INFO  util.JvmPauseMonitor (JvmPauseMonitor.java:run(188)) - Starting JVM pause monitor
2019-09-24 02:22:07,033 [main] INFO  ozone.HddsDatanodeService (HddsDatanodeService.java:start(184)) - HddsDatanodeService host:pr-hdds-2162-tjkd5-3209850126 ip:192.168.151.121
2019-09-24 02:22:07,035 [Datanode State Machine Thread - 0] INFO  datanode.InitDatanodeState (InitDatanodeState.java:persistContainerDatanodeDetails(140)) - DatanodeDetails is persisted to /workdir/hadoop-ozone/integration-test/target/test-dir/MiniOzoneClusterImpl-de332c24-5f7d-4363-8764-5335807553b9/datanode-8/meta/datanode.id
2019-09-24 02:22:07,042 [main] INFO  volume.HddsVolume (HddsVolume.java:<init>(176)) - Creating Volume: /workdir/hadoop-ozone/integration-test/target/test-dir/MiniOzoneClusterImpl-de332c24-5f7d-4363-8764-5335807553b9/datanode-9/data/containers/hdds of  storage type : DISK and capacity : 1482555576320
2019-09-24 02:22:07,042 [main] INFO  volume.VolumeSet (VolumeSet.java:initializeVolumeSet(170)) - Added Volume : /workdir/hadoop-ozone/integration-test/target/test-dir/MiniOzoneClusterImpl-de332c24-5f7d-4363-8764-5335807553b9/datanode-9/data/containers/hdds to VolumeSet
2019-09-24 02:22:07,042 [main] INFO  volume.ThrottledAsyncChecker (ThrottledAsyncChecker.java:schedule(139)) - Scheduling a check for org.apache.hadoop.ozone.container.common.volume.HddsVolume@4c2af006
2019-09-24 02:22:07,043 [main] INFO  volume.HddsVolumeChecker (HddsVolumeChecker.java:checkAllVolumes(202)) - Scheduled health check for volume org.apache.hadoop.ozone.container.common.volume.HddsVolume@4c2af006
2019-09-24 02:22:07,061 [main] INFO  impl.RaftServerProxy (ConfUtils.java:logGet(43)) - raft.rpc.type = GRPC (default)
2019-09-24 02:22:07,061 [main] INFO  grpc.GrpcFactory (GrpcFactory.java:checkPooledByteBufAllocatorUseCacheForAllThreads(45)) - PERFORMANCE WARNING: useCacheForAllThreads is true that may cause Netty to create a lot garbage objects and, as a result, trigger GC.
	It is recommended to disable useCacheForAllThreads by setting -Dorg.apache.ratis.thirdparty.io.netty.allocator.useCacheForAllThreads=false in command line.
2019-09-24 02:22:07,062 [main] INFO  grpc.GrpcConfigKeys$Server (ConfUtils.java:logGet(43)) - raft.grpc.server.port = 0 (default)
2019-09-24 02:22:07,062 [main] INFO  server.GrpcService (ConfUtils.java:logGet(43)) - raft.grpc.message.size.max = 33570816 (custom)
2019-09-24 02:22:07,062 [main] INFO  server.RaftServerConfigKeys (ConfUtils.java:logGet(43)) - raft.server.log.appender.buffer.byte-limit = 33554432 (custom)
2019-09-24 02:22:07,062 [main] INFO  server.GrpcService (ConfUtils.java:logGet(43)) - raft.grpc.flow.control.window = 1MB (=1048576) (default)
2019-09-24 02:22:07,063 [main] INFO  server.RaftServerConfigKeys (ConfUtils.java:logGet(43)) - raft.server.rpc.request.timeout = 3000ms (default)
2019-09-24 02:22:07,063 [main] INFO  server.RaftServerConfigKeys (ConfUtils.java:logGet(43)) - raft.server.storage.dir = [/workdir/hadoop-ozone/integration-test/target/test-dir/MiniOzoneClusterImpl-de332c24-5f7d-4363-8764-5335807553b9/datanode-9/data/ratis] (custom)
2019-09-24 02:22:07,065 [main] INFO  hdfs.DFSUtil (DFSUtil.java:httpServerTemplateForNNAndJN(1641)) - Starting Web-server for hddsDatanode at: http://0.0.0.0:0
2019-09-24 02:22:07,067 [main] INFO  server.AuthenticationFilter (AuthenticationFilter.java:constructSecretProvider(240)) - Unable to initialize FileSignerSecretProvider, falling back to use random secrets.
2019-09-24 02:22:07,068 [main] WARN  http.HttpRequestLog (HttpRequestLog.java:getRequestLog(97)) - Jetty request log can only be enabled using Log4j
2019-09-24 02:22:07,070 [main] INFO  http.HttpServer2 (HttpServer2.java:addGlobalFilter(975)) - Added global filter 'safety' (class=org.apache.hadoop.http.HttpServer2$QuotingInputFilter)
2019-09-24 02:22:07,071 [main] INFO  http.HttpServer2 (HttpServer2.java:addFilter(948)) - Added filter static_user_filter (class=org.apache.hadoop.http.lib.StaticUserWebFilter$StaticUserFilter) to context hddsDatanode
2019-09-24 02:22:07,071 [main] INFO  http.HttpServer2 (HttpServer2.java:addFilter(958)) - Added filter static_user_filter (class=org.apache.hadoop.http.lib.StaticUserWebFilter$StaticUserFilter) to context static
2019-09-24 02:22:07,071 [main] INFO  http.HttpServer2 (HttpServer2.java:addFilter(958)) - Added filter static_user_filter (class=org.apache.hadoop.http.lib.StaticUserWebFilter$StaticUserFilter) to context logs
2019-09-24 02:22:07,072 [main] INFO  http.HttpServer2 (HttpServer2.java:bindListener(1191)) - Jetty bound to port 46076
2019-09-24 02:22:07,072 [main] INFO  server.Server (Server.java:doStart(351)) - jetty-9.3.25.v20180904, build timestamp: 2018-09-04T21:11:46Z, git hash: 3ce520221d0240229c862b122d2b06c12a625732
2019-09-24 02:22:07,074 [main] INFO  handler.ContextHandler (ContextHandler.java:doStart(781)) - Started o.e.j.s.ServletContextHandler@f88bfbe{/logs,file:///workdir/hadoop-ozone/integration-test/target/log,AVAILABLE}
2019-09-24 02:22:07,075 [main] INFO  handler.ContextHandler (ContextHandler.java:doStart(781)) - Started o.e.j.s.ServletContextHandler@5d8ab698{/static,jar:file:/home/user/.m2/repository/org/apache/hadoop/hadoop-hdds-container-service/0.5.0-SNAPSHOT/hadoop-hdds-container-service-0.5.0-SNAPSHOT.jar!/webapps/static,AVAILABLE}
2019-09-24 02:22:07,127 [main] INFO  handler.ContextHandler (ContextHandler.java:doStart(781)) - Started o.e.j.w.WebAppContext@1e0a864d{/,file:///tmp/jetty-0.0.0.0-46076-hddsDatanode-_-any-5236798320828290304.dir/webapp/,AVAILABLE}{/hddsDatanode}
2019-09-24 02:22:07,128 [main] INFO  server.AbstractConnector (AbstractConnector.java:doStart(278)) - Started ServerConnector@440e3ce6{HTTP/1.1,[http/1.1]}{0.0.0.0:46076}
2019-09-24 02:22:07,129 [main] INFO  server.Server (Server.java:doStart(419)) - Started @6372ms
2019-09-24 02:22:07,129 [main] WARN  impl.MetricsSystemImpl (MetricsSystemImpl.java:register(276)) - Sink prometheus already exists!
2019-09-24 02:22:07,130 [main] INFO  server.BaseHttpServer (BaseHttpServer.java:updateConnectorAddress(215)) - HTTP server of HDDSDATANODE is listening at http://0.0.0.0:46076
2019-09-24 02:22:07,135 [main] INFO  ozone.MiniOzoneClusterImpl (MiniOzoneClusterImpl.java:lambda$waitForClusterToBeReady$0(147)) - Waiting for cluster to be ready. Got 0 of 10 DN Heartbeats.
2019-09-24 02:22:07,136 [org.apache.hadoop.util.JvmPauseMonitor$Monitor@5a4a40e6] INFO  util.JvmPauseMonitor (JvmPauseMonitor.java:run(188)) - Starting JVM pause monitor
2019-09-24 02:22:07,140 [Datanode State Machine Thread - 0] INFO  datanode.InitDatanodeState (InitDatanodeState.java:persistContainerDatanodeDetails(140)) - DatanodeDetails is persisted to /workdir/hadoop-ozone/integration-test/target/test-dir/MiniOzoneClusterImpl-de332c24-5f7d-4363-8764-5335807553b9/datanode-9/meta/datanode.id
2019-09-24 02:22:08,136 [main] INFO  ozone.MiniOzoneClusterImpl (MiniOzoneClusterImpl.java:lambda$waitForClusterToBeReady$0(147)) - Waiting for cluster to be ready. Got 0 of 10 DN Heartbeats.
2019-09-24 02:22:08,388 [Datanode State Machine Thread - 0] INFO  ozoneimpl.OzoneContainer (OzoneContainer.java:start(217)) - Attempting to start container services.
2019-09-24 02:22:08,390 [Datanode State Machine Thread - 0] INFO  ozoneimpl.OzoneContainer (OzoneContainer.java:startContainerScrub(179)) - Background container scanner has been disabled.
2019-09-24 02:22:08,390 [Datanode State Machine Thread - 0] INFO  ratis.XceiverServerRatis (XceiverServerRatis.java:start(411)) - Starting XceiverServerRatis 6adb7553-cea6-43f8-9b13-e82d721d47e7 at port 0
2019-09-24 02:22:08,425 [Datanode State Machine Thread - 0] INFO  impl.RaftServerProxy (RaftServerProxy.java:lambda$start$3(299)) - 6adb7553-cea6-43f8-9b13-e82d721d47e7: start RPC server
2019-09-24 02:22:08,436 [Datanode State Machine Thread - 0] INFO  ozoneimpl.OzoneContainer (OzoneContainer.java:start(217)) - Attempting to start container services.
2019-09-24 02:22:08,443 [Datanode State Machine Thread - 0] INFO  ozoneimpl.OzoneContainer (OzoneContainer.java:startContainerScrub(179)) - Background container scanner has been disabled.
2019-09-24 02:22:08,443 [Datanode State Machine Thread - 0] INFO  ratis.XceiverServerRatis (XceiverServerRatis.java:start(411)) - Starting XceiverServerRatis 6e6c6100-ad13-453b-9932-e9c645725862 at port 0
2019-09-24 02:22:08,457 [Datanode State Machine Thread - 0] INFO  impl.RaftServerProxy (RaftServerProxy.java:lambda$start$3(299)) - 6e6c6100-ad13-453b-9932-e9c645725862: start RPC server
2019-09-24 02:22:08,514 [Datanode State Machine Thread - 0] INFO  ozoneimpl.OzoneContainer (OzoneContainer.java:start(217)) - Attempting to start container services.
2019-09-24 02:22:08,515 [Datanode State Machine Thread - 0] INFO  ozoneimpl.OzoneContainer (OzoneContainer.java:startContainerScrub(179)) - Background container scanner has been disabled.
2019-09-24 02:22:08,515 [Datanode State Machine Thread - 0] INFO  ratis.XceiverServerRatis (XceiverServerRatis.java:start(411)) - Starting XceiverServerRatis 0fd55585-263a-4577-aa0a-ea5a39896330 at port 0
2019-09-24 02:22:08,528 [Datanode State Machine Thread - 0] INFO  impl.RaftServerProxy (RaftServerProxy.java:lambda$start$3(299)) - 0fd55585-263a-4577-aa0a-ea5a39896330: start RPC server
2019-09-24 02:22:08,588 [Datanode State Machine Thread - 0] INFO  ozoneimpl.OzoneContainer (OzoneContainer.java:start(217)) - Attempting to start container services.
2019-09-24 02:22:08,588 [Datanode State Machine Thread - 0] INFO  ozoneimpl.OzoneContainer (OzoneContainer.java:startContainerScrub(179)) - Background container scanner has been disabled.
2019-09-24 02:22:08,589 [Datanode State Machine Thread - 0] INFO  ratis.XceiverServerRatis (XceiverServerRatis.java:start(411)) - Starting XceiverServerRatis 76c02951-0e42-41da-95d2-62b96a0dd9ff at port 0
2019-09-24 02:22:08,604 [Datanode State Machine Thread - 0] INFO  impl.RaftServerProxy (RaftServerProxy.java:lambda$start$3(299)) - 76c02951-0e42-41da-95d2-62b96a0dd9ff: start RPC server
2019-09-24 02:22:08,617 [Datanode State Machine Thread - 0] INFO  server.GrpcService (GrpcService.java:startImpl(158)) - 6e6c6100-ad13-453b-9932-e9c645725862: GrpcService started, listening on 0.0.0.0/0.0.0.0:44491
2019-09-24 02:22:08,618 [Datanode State Machine Thread - 0] INFO  server.GrpcService (GrpcService.java:startImpl(158)) - 76c02951-0e42-41da-95d2-62b96a0dd9ff: GrpcService started, listening on 0.0.0.0/0.0.0.0:42331
2019-09-24 02:22:08,617 [Datanode State Machine Thread - 0] INFO  server.GrpcService (GrpcService.java:startImpl(158)) - 0fd55585-263a-4577-aa0a-ea5a39896330: GrpcService started, listening on 0.0.0.0/0.0.0.0:42755
2019-09-24 02:22:08,617 [Datanode State Machine Thread - 0] INFO  server.GrpcService (GrpcService.java:startImpl(158)) - 6adb7553-cea6-43f8-9b13-e82d721d47e7: GrpcService started, listening on 0.0.0.0/0.0.0.0:37719
2019-09-24 02:22:08,618 [Datanode State Machine Thread - 0] INFO  ratis.XceiverServerRatis (XceiverServerRatis.java:start(421)) - XceiverServerRatis 0fd55585-263a-4577-aa0a-ea5a39896330 is started using port 42755
2019-09-24 02:22:08,618 [Datanode State Machine Thread - 0] INFO  ratis.XceiverServerRatis (XceiverServerRatis.java:start(421)) - XceiverServerRatis 76c02951-0e42-41da-95d2-62b96a0dd9ff is started using port 42331
2019-09-24 02:22:08,618 [Datanode State Machine Thread - 0] INFO  ratis.XceiverServerRatis (XceiverServerRatis.java:start(421)) - XceiverServerRatis 6e6c6100-ad13-453b-9932-e9c645725862 is started using port 44491
2019-09-24 02:22:08,618 [Datanode State Machine Thread - 0] INFO  ratis.XceiverServerRatis (XceiverServerRatis.java:start(421)) - XceiverServerRatis 6adb7553-cea6-43f8-9b13-e82d721d47e7 is started using port 37719
2019-09-24 02:22:08,627 [Datanode State Machine Thread - 0] INFO  server.XceiverServerGrpc (XceiverServerGrpc.java:start(149)) - XceiverServerGrpc 6e6c6100-ad13-453b-9932-e9c645725862 is started using port 39648
2019-09-24 02:22:08,627 [Datanode State Machine Thread - 0] INFO  server.XceiverServerGrpc (XceiverServerGrpc.java:start(149)) - XceiverServerGrpc 6adb7553-cea6-43f8-9b13-e82d721d47e7 is started using port 38987
2019-09-24 02:22:08,628 [Datanode State Machine Thread - 0] INFO  server.XceiverServerGrpc (XceiverServerGrpc.java:start(149)) - XceiverServerGrpc 76c02951-0e42-41da-95d2-62b96a0dd9ff is started using port 37332
2019-09-24 02:22:08,627 [Datanode State Machine Thread - 0] INFO  server.XceiverServerGrpc (XceiverServerGrpc.java:start(149)) - XceiverServerGrpc 0fd55585-263a-4577-aa0a-ea5a39896330 is started using port 42865
2019-09-24 02:22:08,686 [Datanode State Machine Thread - 0] INFO  ozoneimpl.OzoneContainer (OzoneContainer.java:start(217)) - Attempting to start container services.
2019-09-24 02:22:08,687 [Datanode State Machine Thread - 0] INFO  ozoneimpl.OzoneContainer (OzoneContainer.java:startContainerScrub(179)) - Background container scanner has been disabled.
2019-09-24 02:22:08,687 [Datanode State Machine Thread - 0] INFO  ratis.XceiverServerRatis (XceiverServerRatis.java:start(411)) - Starting XceiverServerRatis 54979dbf-d71a-4b3b-9687-e35aa22ddfbe at port 0
2019-09-24 02:22:08,696 [Datanode State Machine Thread - 0] INFO  impl.RaftServerProxy (RaftServerProxy.java:lambda$start$3(299)) - 54979dbf-d71a-4b3b-9687-e35aa22ddfbe: start RPC server
2019-09-24 02:22:08,700 [Datanode State Machine Thread - 0] INFO  server.GrpcService (GrpcService.java:startImpl(158)) - 54979dbf-d71a-4b3b-9687-e35aa22ddfbe: GrpcService started, listening on 0.0.0.0/0.0.0.0:40767
2019-09-24 02:22:08,701 [Datanode State Machine Thread - 0] INFO  ratis.XceiverServerRatis (XceiverServerRatis.java:start(421)) - XceiverServerRatis 54979dbf-d71a-4b3b-9687-e35aa22ddfbe is started using port 40767
2019-09-24 02:22:08,703 [Datanode State Machine Thread - 0] INFO  server.XceiverServerGrpc (XceiverServerGrpc.java:start(149)) - XceiverServerGrpc 54979dbf-d71a-4b3b-9687-e35aa22ddfbe is started using port 34491
2019-09-24 02:22:08,771 [Datanode State Machine Thread - 0] INFO  ozoneimpl.OzoneContainer (OzoneContainer.java:start(217)) - Attempting to start container services.
2019-09-24 02:22:08,771 [Datanode State Machine Thread - 0] INFO  ozoneimpl.OzoneContainer (OzoneContainer.java:startContainerScrub(179)) - Background container scanner has been disabled.
2019-09-24 02:22:08,771 [Datanode State Machine Thread - 0] INFO  ratis.XceiverServerRatis (XceiverServerRatis.java:start(411)) - Starting XceiverServerRatis 8a99bbfb-49a9-45e9-85c7-917445244762 at port 0
2019-09-24 02:22:08,779 [Datanode State Machine Thread - 0] INFO  impl.RaftServerProxy (RaftServerProxy.java:lambda$start$3(299)) - 8a99bbfb-49a9-45e9-85c7-917445244762: start RPC server
2019-09-24 02:22:08,783 [Datanode State Machine Thread - 0] INFO  server.GrpcService (GrpcService.java:startImpl(158)) - 8a99bbfb-49a9-45e9-85c7-917445244762: GrpcService started, listening on 0.0.0.0/0.0.0.0:36521
2019-09-24 02:22:08,784 [Datanode State Machine Thread - 0] INFO  ratis.XceiverServerRatis (XceiverServerRatis.java:start(421)) - XceiverServerRatis 8a99bbfb-49a9-45e9-85c7-917445244762 is started using port 36521
2019-09-24 02:22:08,787 [Datanode State Machine Thread - 0] INFO  server.XceiverServerGrpc (XceiverServerGrpc.java:start(149)) - XceiverServerGrpc 8a99bbfb-49a9-45e9-85c7-917445244762 is started using port 37343
2019-09-24 02:22:08,854 [Datanode State Machine Thread - 0] INFO  ozoneimpl.OzoneContainer (OzoneContainer.java:start(217)) - Attempting to start container services.
2019-09-24 02:22:08,854 [Datanode State Machine Thread - 0] INFO  ozoneimpl.OzoneContainer (OzoneContainer.java:startContainerScrub(179)) - Background container scanner has been disabled.
2019-09-24 02:22:08,854 [Datanode State Machine Thread - 0] INFO  ratis.XceiverServerRatis (XceiverServerRatis.java:start(411)) - Starting XceiverServerRatis 8c193d5e-9ed1-473b-899f-b32365b4534a at port 0
2019-09-24 02:22:08,859 [Datanode State Machine Thread - 0] INFO  impl.RaftServerProxy (RaftServerProxy.java:lambda$start$3(299)) - 8c193d5e-9ed1-473b-899f-b32365b4534a: start RPC server
2019-09-24 02:22:08,865 [Datanode State Machine Thread - 0] INFO  server.GrpcService (GrpcService.java:startImpl(158)) - 8c193d5e-9ed1-473b-899f-b32365b4534a: GrpcService started, listening on 0.0.0.0/0.0.0.0:33457
2019-09-24 02:22:08,865 [Datanode State Machine Thread - 0] INFO  ratis.XceiverServerRatis (XceiverServerRatis.java:start(421)) - XceiverServerRatis 8c193d5e-9ed1-473b-899f-b32365b4534a is started using port 33457
2019-09-24 02:22:08,869 [Datanode State Machine Thread - 0] INFO  server.XceiverServerGrpc (XceiverServerGrpc.java:start(149)) - XceiverServerGrpc 8c193d5e-9ed1-473b-899f-b32365b4534a is started using port 35136
2019-09-24 02:22:08,949 [Datanode State Machine Thread - 0] INFO  ozoneimpl.OzoneContainer (OzoneContainer.java:start(217)) - Attempting to start container services.
2019-09-24 02:22:08,949 [Datanode State Machine Thread - 0] INFO  ozoneimpl.OzoneContainer (OzoneContainer.java:startContainerScrub(179)) - Background container scanner has been disabled.
2019-09-24 02:22:08,949 [Datanode State Machine Thread - 0] INFO  ratis.XceiverServerRatis (XceiverServerRatis.java:start(411)) - Starting XceiverServerRatis afd2474b-fc98-4bcf-8229-023d47ec65b0 at port 0
2019-09-24 02:22:08,957 [Datanode State Machine Thread - 0] INFO  impl.RaftServerProxy (RaftServerProxy.java:lambda$start$3(299)) - afd2474b-fc98-4bcf-8229-023d47ec65b0: start RPC server
2019-09-24 02:22:08,962 [Datanode State Machine Thread - 0] INFO  server.GrpcService (GrpcService.java:startImpl(158)) - afd2474b-fc98-4bcf-8229-023d47ec65b0: GrpcService started, listening on 0.0.0.0/0.0.0.0:41375
2019-09-24 02:22:08,962 [Datanode State Machine Thread - 0] INFO  ratis.XceiverServerRatis (XceiverServerRatis.java:start(421)) - XceiverServerRatis afd2474b-fc98-4bcf-8229-023d47ec65b0 is started using port 41375
2019-09-24 02:22:08,966 [Datanode State Machine Thread - 0] INFO  server.XceiverServerGrpc (XceiverServerGrpc.java:start(149)) - XceiverServerGrpc afd2474b-fc98-4bcf-8229-023d47ec65b0 is started using port 35579
2019-09-24 02:22:09,047 [Datanode State Machine Thread - 0] INFO  ozoneimpl.OzoneContainer (OzoneContainer.java:start(217)) - Attempting to start container services.
2019-09-24 02:22:09,047 [Datanode State Machine Thread - 0] INFO  ozoneimpl.OzoneContainer (OzoneContainer.java:startContainerScrub(179)) - Background container scanner has been disabled.
2019-09-24 02:22:09,047 [Datanode State Machine Thread - 0] INFO  ratis.XceiverServerRatis (XceiverServerRatis.java:start(411)) - Starting XceiverServerRatis 6f849279-8265-485e-82a5-918f2cc86fc1 at port 0
2019-09-24 02:22:09,054 [Datanode State Machine Thread - 0] INFO  impl.RaftServerProxy (RaftServerProxy.java:lambda$start$3(299)) - 6f849279-8265-485e-82a5-918f2cc86fc1: start RPC server
2019-09-24 02:22:09,058 [Datanode State Machine Thread - 0] INFO  server.GrpcService (GrpcService.java:startImpl(158)) - 6f849279-8265-485e-82a5-918f2cc86fc1: GrpcService started, listening on 0.0.0.0/0.0.0.0:46354
2019-09-24 02:22:09,058 [Datanode State Machine Thread - 0] INFO  ratis.XceiverServerRatis (XceiverServerRatis.java:start(421)) - XceiverServerRatis 6f849279-8265-485e-82a5-918f2cc86fc1 is started using port 46354
2019-09-24 02:22:09,061 [Datanode State Machine Thread - 0] INFO  server.XceiverServerGrpc (XceiverServerGrpc.java:start(149)) - XceiverServerGrpc 6f849279-8265-485e-82a5-918f2cc86fc1 is started using port 41349
2019-09-24 02:22:09,138 [main] INFO  ozone.MiniOzoneClusterImpl (MiniOzoneClusterImpl.java:lambda$waitForClusterToBeReady$0(147)) - Waiting for cluster to be ready. Got 0 of 10 DN Heartbeats.
2019-09-24 02:22:09,173 [Datanode State Machine Thread - 0] INFO  ozoneimpl.OzoneContainer (OzoneContainer.java:start(217)) - Attempting to start container services.
2019-09-24 02:22:09,173 [Datanode State Machine Thread - 0] INFO  ozoneimpl.OzoneContainer (OzoneContainer.java:startContainerScrub(179)) - Background container scanner has been disabled.
2019-09-24 02:22:09,173 [Datanode State Machine Thread - 0] INFO  ratis.XceiverServerRatis (XceiverServerRatis.java:start(411)) - Starting XceiverServerRatis c0944fb1-a003-48a4-987e-44a4096d22d1 at port 0
2019-09-24 02:22:09,183 [Datanode State Machine Thread - 0] INFO  impl.RaftServerProxy (RaftServerProxy.java:lambda$start$3(299)) - c0944fb1-a003-48a4-987e-44a4096d22d1: start RPC server
2019-09-24 02:22:09,201 [Datanode State Machine Thread - 0] INFO  server.GrpcService (GrpcService.java:startImpl(158)) - c0944fb1-a003-48a4-987e-44a4096d22d1: GrpcService started, listening on 0.0.0.0/0.0.0.0:43671
2019-09-24 02:22:09,202 [Datanode State Machine Thread - 0] INFO  ratis.XceiverServerRatis (XceiverServerRatis.java:start(421)) - XceiverServerRatis c0944fb1-a003-48a4-987e-44a4096d22d1 is started using port 43671
2019-09-24 02:22:09,229 [Datanode State Machine Thread - 0] INFO  server.XceiverServerGrpc (XceiverServerGrpc.java:start(149)) - XceiverServerGrpc c0944fb1-a003-48a4-987e-44a4096d22d1 is started using port 35356
2019-09-24 02:22:10,138 [main] INFO  ozone.MiniOzoneClusterImpl (MiniOzoneClusterImpl.java:lambda$waitForClusterToBeReady$0(147)) - Waiting for cluster to be ready. Got 0 of 10 DN Heartbeats.
2019-09-24 02:22:10,360 [IPC Server handler 7 on 44677] INFO  net.NetworkTopology (NetworkTopologyImpl.java:add(111)) - Added a new node: /rack1/6adb7553-cea6-43f8-9b13-e82d721d47e7
2019-09-24 02:22:10,361 [IPC Server handler 7 on 44677] INFO  node.SCMNodeManager (SCMNodeManager.java:register(266)) - Registered Data node : 6adb7553-cea6-43f8-9b13-e82d721d47e7{ip: 192.168.151.121, host: pr-hdds-2162-tjkd5-3209850126, networkLocation: /rack1, certSerialId: null}
2019-09-24 02:22:10,366 [EventQueue-NodeRegistrationContainerReportForDataNodeSafeModeRule] INFO  safemode.SCMSafeModeManager (DataNodeSafeModeRule.java:process(71)) - SCM in safe mode. 1 DataNodes registered, 1 required.
2019-09-24 02:22:10,367 [EventQueue-NodeRegistrationContainerReportForDataNodeSafeModeRule] INFO  safemode.SCMSafeModeManager (SCMSafeModeManager.java:validateSafeModeExitRules(177)) - ScmSafeModeManager, all rules are successfully validated
2019-09-24 02:22:10,367 [EventQueue-NodeRegistrationContainerReportForDataNodeSafeModeRule] INFO  safemode.SCMSafeModeManager (SCMSafeModeManager.java:exitSafeMode(193)) - SCM exiting safe mode.
2019-09-24 02:22:10,404 [IPC Server handler 4 on 44677] INFO  net.NetworkTopology (NetworkTopologyImpl.java:add(111)) - Added a new node: /rack1/6e6c6100-ad13-453b-9932-e9c645725862
2019-09-24 02:22:10,405 [IPC Server handler 4 on 44677] INFO  node.SCMNodeManager (SCMNodeManager.java:register(266)) - Registered Data node : 6e6c6100-ad13-453b-9932-e9c645725862{ip: 192.168.151.121, host: pr-hdds-2162-tjkd5-3209850126, networkLocation: /rack1, certSerialId: null}
2019-09-24 02:22:10,502 [IPC Server handler 8 on 44677] INFO  net.NetworkTopology (NetworkTopologyImpl.java:add(111)) - Added a new node: /rack1/0fd55585-263a-4577-aa0a-ea5a39896330
2019-09-24 02:22:10,503 [IPC Server handler 8 on 44677] INFO  node.SCMNodeManager (SCMNodeManager.java:register(266)) - Registered Data node : 0fd55585-263a-4577-aa0a-ea5a39896330{ip: 192.168.151.121, host: pr-hdds-2162-tjkd5-3209850126, networkLocation: /rack1, certSerialId: null}
2019-09-24 02:22:10,575 [IPC Server handler 5 on 44677] INFO  net.NetworkTopology (NetworkTopologyImpl.java:add(111)) - Added a new node: /rack1/76c02951-0e42-41da-95d2-62b96a0dd9ff
2019-09-24 02:22:10,575 [IPC Server handler 5 on 44677] INFO  node.SCMNodeManager (SCMNodeManager.java:register(266)) - Registered Data node : 76c02951-0e42-41da-95d2-62b96a0dd9ff{ip: 192.168.151.121, host: pr-hdds-2162-tjkd5-3209850126, networkLocation: /rack1, certSerialId: null}
2019-09-24 02:22:10,678 [IPC Server handler 3 on 44677] INFO  net.NetworkTopology (NetworkTopologyImpl.java:add(111)) - Added a new node: /rack1/54979dbf-d71a-4b3b-9687-e35aa22ddfbe
2019-09-24 02:22:10,678 [IPC Server handler 3 on 44677] INFO  node.SCMNodeManager (SCMNodeManager.java:register(266)) - Registered Data node : 54979dbf-d71a-4b3b-9687-e35aa22ddfbe{ip: 192.168.151.121, host: pr-hdds-2162-tjkd5-3209850126, networkLocation: /rack1, certSerialId: null}
2019-09-24 02:22:10,758 [IPC Server handler 1 on 44677] INFO  net.NetworkTopology (NetworkTopologyImpl.java:add(111)) - Added a new node: /rack1/8a99bbfb-49a9-45e9-85c7-917445244762
2019-09-24 02:22:10,759 [IPC Server handler 1 on 44677] INFO  node.SCMNodeManager (SCMNodeManager.java:register(266)) - Registered Data node : 8a99bbfb-49a9-45e9-85c7-917445244762{ip: 192.168.151.121, host: pr-hdds-2162-tjkd5-3209850126, networkLocation: /rack1, certSerialId: null}
2019-09-24 02:22:10,858 [IPC Server handler 2 on 44677] INFO  net.NetworkTopology (NetworkTopologyImpl.java:add(111)) - Added a new node: /rack1/8c193d5e-9ed1-473b-899f-b32365b4534a
2019-09-24 02:22:10,859 [IPC Server handler 2 on 44677] INFO  node.SCMNodeManager (SCMNodeManager.java:register(266)) - Registered Data node : 8c193d5e-9ed1-473b-899f-b32365b4534a{ip: 192.168.151.121, host: pr-hdds-2162-tjkd5-3209850126, networkLocation: /rack1, certSerialId: null}
2019-09-24 02:22:10,936 [IPC Server handler 10 on 44677] INFO  net.NetworkTopology (NetworkTopologyImpl.java:add(111)) - Added a new node: /rack1/afd2474b-fc98-4bcf-8229-023d47ec65b0
2019-09-24 02:22:10,936 [IPC Server handler 10 on 44677] INFO  node.SCMNodeManager (SCMNodeManager.java:register(266)) - Registered Data node : afd2474b-fc98-4bcf-8229-023d47ec65b0{ip: 192.168.151.121, host: pr-hdds-2162-tjkd5-3209850126, networkLocation: /rack1, certSerialId: null}
2019-09-24 02:22:11,036 [IPC Server handler 9 on 44677] INFO  net.NetworkTopology (NetworkTopologyImpl.java:add(111)) - Added a new node: /rack1/6f849279-8265-485e-82a5-918f2cc86fc1
2019-09-24 02:22:11,036 [IPC Server handler 9 on 44677] INFO  node.SCMNodeManager (SCMNodeManager.java:register(266)) - Registered Data node : 6f849279-8265-485e-82a5-918f2cc86fc1{ip: 192.168.151.121, host: pr-hdds-2162-tjkd5-3209850126, networkLocation: /rack1, certSerialId: null}
2019-09-24 02:22:11,051 [grpc-default-executor-0] INFO  impl.RaftServerProxy (RaftServerProxy.java:addNew(89)) - 6adb7553-cea6-43f8-9b13-e82d721d47e7: addNew group-FB381BCCC211:[6adb7553-cea6-43f8-9b13-e82d721d47e7:192.168.151.121:37719] returns group-FB381BCCC211:java.util.concurrent.CompletableFuture@45003e6c[Not completed]
2019-09-24 02:22:11,088 [pool-27-thread-1] INFO  impl.RaftServerImpl (RaftServerImpl.java:<init>(95)) - 6adb7553-cea6-43f8-9b13-e82d721d47e7: new RaftServerImpl for group-FB381BCCC211:[6adb7553-cea6-43f8-9b13-e82d721d47e7:192.168.151.121:37719] with ContainerStateMachine:uninitialized
2019-09-24 02:22:11,091 [pool-27-thread-1] INFO  server.RaftServerConfigKeys (ConfUtils.java:logGet(43)) - raft.server.rpc.timeout.min = 1s (custom)
2019-09-24 02:22:11,093 [pool-27-thread-1] INFO  server.RaftServerConfigKeys (ConfUtils.java:logGet(43)) - raft.server.rpc.timeout.max = 1200ms (custom)
2019-09-24 02:22:11,093 [pool-27-thread-1] INFO  server.RaftServerConfigKeys (ConfUtils.java:logGet(43)) - raft.server.rpcslowness.timeout = 120s (custom)
2019-09-24 02:22:11,094 [pool-27-thread-1] INFO  server.RaftServerConfigKeys (ConfUtils.java:logGet(43)) - raft.server.sleep.deviation.threshold = 300 (default)
2019-09-24 02:22:11,095 [pool-27-thread-1] INFO  server.RaftServerConfigKeys (ConfUtils.java:logGet(43)) - raft.server.log.appender.install.snapshot.enabled = false (custom)
2019-09-24 02:22:11,106 [pool-27-thread-1] INFO  impl.RaftServerImpl (ServerState.java:<init>(103)) - 6adb7553-cea6-43f8-9b13-e82d721d47e7@group-FB381BCCC211: ConfigurationManager, init=-1: [6adb7553-cea6-43f8-9b13-e82d721d47e7:192.168.151.121:37719], old=null, confs=<EMPTY_MAP>
2019-09-24 02:22:11,107 [pool-27-thread-1] INFO  server.RaftServerConfigKeys (ConfUtils.java:logGet(43)) - raft.server.storage.dir = [/workdir/hadoop-ozone/integration-test/target/test-dir/MiniOzoneClusterImpl-de332c24-5f7d-4363-8764-5335807553b9/datanode-0/data/ratis] (custom)
2019-09-24 02:22:11,117 [pool-27-thread-1] INFO  storage.RaftStorageDirectory (RaftStorageDirectory.java:analyzeStorage(246)) - The storage directory /workdir/hadoop-ozone/integration-test/target/test-dir/MiniOzoneClusterImpl-de332c24-5f7d-4363-8764-5335807553b9/datanode-0/data/ratis/3faf8d62-2057-4cb9-b42c-fb381bccc211 does not exist. Creating ...
2019-09-24 02:22:11,136 [pool-27-thread-1] INFO  storage.RaftStorageDirectory (RaftStorageDirectory.java:tryLock(328)) - Lock on /workdir/hadoop-ozone/integration-test/target/test-dir/MiniOzoneClusterImpl-de332c24-5f7d-4363-8764-5335807553b9/datanode-0/data/ratis/3faf8d62-2057-4cb9-b42c-fb381bccc211/in_use.lock acquired by nodename 30927@pr-hdds-2162-tjkd5-3209850126
2019-09-24 02:22:11,147 [main] INFO  ozone.MiniOzoneClusterImpl (MiniOzoneClusterImpl.java:lambda$waitForClusterToBeReady$0(147)) - Waiting for cluster to be ready. Got 9 of 10 DN Heartbeats.
2019-09-24 02:22:11,157 [IPC Server handler 7 on 44677] INFO  net.NetworkTopology (NetworkTopologyImpl.java:add(111)) - Added a new node: /rack1/c0944fb1-a003-48a4-987e-44a4096d22d1
2019-09-24 02:22:11,158 [IPC Server handler 7 on 44677] INFO  node.SCMNodeManager (SCMNodeManager.java:register(266)) - Registered Data node : c0944fb1-a003-48a4-987e-44a4096d22d1{ip: 192.168.151.121, host: pr-hdds-2162-tjkd5-3209850126, networkLocation: /rack1, certSerialId: null}
2019-09-24 02:22:11,170 [pool-27-thread-1] INFO  storage.RaftStorage (RaftStorage.java:format(72)) - Storage directory /workdir/hadoop-ozone/integration-test/target/test-dir/MiniOzoneClusterImpl-de332c24-5f7d-4363-8764-5335807553b9/datanode-0/data/ratis/3faf8d62-2057-4cb9-b42c-fb381bccc211 has been successfully formatted.
2019-09-24 02:22:11,172 [pool-27-thread-1] INFO  ratis.ContainerStateMachine (ContainerStateMachine.java:loadSnapshot(230)) - group-FB381BCCC211: The snapshot info is null. Setting the last applied indexto:(t:0, i:~)
2019-09-24 02:22:11,173 [pool-27-thread-1] INFO  server.RaftServerConfigKeys (ConfUtils.java:logGet(43)) - raft.server.notification.no-leader.timeout = 120s (custom)
2019-09-24 02:22:11,175 [pool-27-thread-1] INFO  server.RaftServerConfigKeys (ConfUtils.java:logGet(43)) - raft.server.log.use.memory = false (default)
2019-09-24 02:22:11,183 [pool-27-thread-1] INFO  server.RaftServerConfigKeys (ConfUtils.java:logGet(43)) - raft.server.log.purge.gap = 1000000 (custom)
2019-09-24 02:22:11,183 [pool-27-thread-1] INFO  server.RaftServerConfigKeys (ConfUtils.java:logGet(43)) - raft.server.log.appender.buffer.byte-limit = 33554432 (custom)
2019-09-24 02:22:11,186 [pool-27-thread-1] INFO  server.RaftServerConfigKeys (ConfUtils.java:logGet(43)) - raft.server.log.segment.size.max = 1048576 (custom)
2019-09-24 02:22:11,192 [pool-27-thread-1] INFO  server.RaftServerConfigKeys (ConfUtils.java:logGet(43)) - raft.server.log.segment.cache.num.max = 2 (custom)
2019-09-24 02:22:11,199 [pool-27-thread-1] INFO  segmented.SegmentedRaftLogWorker (SegmentedRaftLogWorker.java:<init>(172)) - new 6adb7553-cea6-43f8-9b13-e82d721d47e7@group-FB381BCCC211-SegmentedRaftLogWorker for RaftStorage:Storage Directory /workdir/hadoop-ozone/integration-test/target/test-dir/MiniOzoneClusterImpl-de332c24-5f7d-4363-8764-5335807553b9/datanode-0/data/ratis/3faf8d62-2057-4cb9-b42c-fb381bccc211
2019-09-24 02:22:11,200 [pool-27-thread-1] INFO  impl.MetricsSystemImpl (MetricsSystemImpl.java:init(158)) - ratis metrics system started (again)
2019-09-24 02:22:11,208 [pool-27-thread-1] INFO  metrics.MetricRegistries (MetricRegistriesLoader.java:load(64)) - Loaded MetricRegistries class org.apache.ratis.metrics.impl.MetricRegistriesImpl
2019-09-24 02:22:11,241 [pool-27-thread-1] INFO  server.RaftServerConfigKeys (ConfUtils.java:logGet(43)) - raft.server.log.queue.byte-limit = 2147483647 (custom)
2019-09-24 02:22:11,241 [pool-27-thread-1] INFO  server.RaftServerConfigKeys (ConfUtils.java:logGet(43)) - raft.server.log.queue.element-limit = 1024 (custom)
2019-09-24 02:22:11,244 [pool-27-thread-1] INFO  server.RaftServerConfigKeys (ConfUtils.java:logGet(43)) - raft.server.log.segment.size.max = 1048576 (custom)
2019-09-24 02:22:11,245 [pool-27-thread-1] INFO  server.RaftServerConfigKeys (ConfUtils.java:logGet(43)) - raft.server.log.preallocated.size = 16384 (custom)
2019-09-24 02:22:11,245 [pool-27-thread-1] INFO  server.RaftServerConfigKeys (ConfUtils.java:logGet(43)) - raft.server.log.write.buffer.size = 33554432 (custom)
2019-09-24 02:22:11,246 [pool-27-thread-1] INFO  server.RaftServerConfigKeys (ConfUtils.java:logGet(43)) - raft.server.log.force.sync.num = 128 (default)
2019-09-24 02:22:11,247 [pool-27-thread-1] INFO  server.RaftServerConfigKeys (ConfUtils.java:logGet(43)) - raft.server.log.statemachine.data.sync = true (default)
2019-09-24 02:22:11,247 [pool-27-thread-1] INFO  server.RaftServerConfigKeys (ConfUtils.java:logGet(43)) - raft.server.log.statemachine.data.sync.timeout = 10s (default)
2019-09-24 02:22:11,248 [pool-27-thread-1] INFO  server.RaftServerConfigKeys (ConfUtils.java:logGet(43)) - raft.server.log.statemachine.data.sync.timeout.retry = -1 (default)
2019-09-24 02:22:11,256 [pool-27-thread-1] INFO  server.RaftServerConfigKeys (ConfUtils.java:logGet(43)) - raft.server.log.statemachine.data.caching.enabled = true (custom)
2019-09-24 02:22:11,261 [pool-27-thread-1] INFO  segmented.SegmentedRaftLogWorker (SegmentedRaftLogWorker.java:lambda$new$0(132)) - 6adb7553-cea6-43f8-9b13-e82d721d47e7@group-FB381BCCC211-SegmentedRaftLogWorker: flushIndex: setUnconditionally 0 -> -1
2019-09-24 02:22:11,265 [pool-27-thread-1] INFO  server.RaftServerConfigKeys (ConfUtils.java:logGet(43)) - raft.server.snapshot.auto.trigger.enabled = true (custom)
2019-09-24 02:22:11,266 [pool-27-thread-1] INFO  server.RaftServerConfigKeys (ConfUtils.java:logGet(43)) - raft.server.snapshot.auto.trigger.threshold = 10000 (custom)
2019-09-24 02:22:11,266 [pool-27-thread-1] INFO  server.RaftServerConfigKeys (ConfUtils.java:logGet(43)) - raft.server.snapshot.retention.num.files = 5 (custom)
2019-09-24 02:22:11,267 [pool-27-thread-1] INFO  server.RaftServerConfigKeys (ConfUtils.java:logGet(43)) - raft.server.retrycache.expirytime = 600000ms (custom)
2019-09-24 02:22:11,293 [pool-27-thread-1] INFO  impl.RaftServerImpl (RaftServerImpl.java:start(185)) - 6adb7553-cea6-43f8-9b13-e82d721d47e7@group-FB381BCCC211: start as a follower, conf=-1: [6adb7553-cea6-43f8-9b13-e82d721d47e7:192.168.151.121:37719], old=null
2019-09-24 02:22:11,294 [pool-27-thread-1] INFO  impl.RaftServerImpl (RaftServerImpl.java:setRole(174)) - 6adb7553-cea6-43f8-9b13-e82d721d47e7@group-FB381BCCC211: changes role from      null to FOLLOWER at term 0 for startAsFollower
2019-09-24 02:22:11,295 [pool-27-thread-1] INFO  impl.RoleInfo (RoleInfo.java:updateAndGet(143)) - 6adb7553-cea6-43f8-9b13-e82d721d47e7: start FollowerState
2019-09-24 02:22:11,297 [pool-27-thread-1] INFO  util.JmxRegister (JmxRegister.java:tryRegister(44)) - Successfully registered JMX Bean with object name Ratis:service=RaftServer,group=group-FB381BCCC211,id=6adb7553-cea6-43f8-9b13-e82d721d47e7
2019-09-24 02:22:11,389 [RatisPipelineUtilsThread] INFO  pipeline.PipelineStateManager (PipelineStateManager.java:addPipeline(56)) - Created pipeline Pipeline[ Id: 3faf8d62-2057-4cb9-b42c-fb381bccc211, Nodes: 6adb7553-cea6-43f8-9b13-e82d721d47e7{ip: 192.168.151.121, host: pr-hdds-2162-tjkd5-3209850126, networkLocation: /rack1, certSerialId: null}, Type:RATIS, Factor:ONE, State:OPEN]
2019-09-24 02:22:11,418 [grpc-default-executor-0] INFO  impl.RaftServerProxy (RaftServerProxy.java:addNew(89)) - 6e6c6100-ad13-453b-9932-e9c645725862: addNew group-94F4856A7072:[6e6c6100-ad13-453b-9932-e9c645725862:192.168.151.121:44491] returns group-94F4856A7072:java.util.concurrent.CompletableFuture@60ac9577[Not completed]
2019-09-24 02:22:11,486 [pool-37-thread-1] INFO  impl.RaftServerImpl (RaftServerImpl.java:<init>(95)) - 6e6c6100-ad13-453b-9932-e9c645725862: new RaftServerImpl for group-94F4856A7072:[6e6c6100-ad13-453b-9932-e9c645725862:192.168.151.121:44491] with ContainerStateMachine:uninitialized
2019-09-24 02:22:11,488 [pool-37-thread-1] INFO  server.RaftServerConfigKeys (ConfUtils.java:logGet(43)) - raft.server.rpc.timeout.min = 1s (custom)
2019-09-24 02:22:11,488 [pool-37-thread-1] INFO  server.RaftServerConfigKeys (ConfUtils.java:logGet(43)) - raft.server.rpc.timeout.max = 1200ms (custom)
2019-09-24 02:22:11,488 [pool-37-thread-1] INFO  server.RaftServerConfigKeys (ConfUtils.java:logGet(43)) - raft.server.rpcslowness.timeout = 120s (custom)
2019-09-24 02:22:11,488 [pool-37-thread-1] INFO  server.RaftServerConfigKeys (ConfUtils.java:logGet(43)) - raft.server.sleep.deviation.threshold = 300 (default)
2019-09-24 02:22:11,489 [pool-37-thread-1] INFO  server.RaftServerConfigKeys (ConfUtils.java:logGet(43)) - raft.server.log.appender.install.snapshot.enabled = false (custom)
2019-09-24 02:22:11,489 [pool-37-thread-1] INFO  impl.RaftServerImpl (ServerState.java:<init>(103)) - 6e6c6100-ad13-453b-9932-e9c645725862@group-94F4856A7072: ConfigurationManager, init=-1: [6e6c6100-ad13-453b-9932-e9c645725862:192.168.151.121:44491], old=null, confs=<EMPTY_MAP>
2019-09-24 02:22:11,489 [pool-37-thread-1] INFO  server.RaftServerConfigKeys (ConfUtils.java:logGet(43)) - raft.server.storage.dir = [/workdir/hadoop-ozone/integration-test/target/test-dir/MiniOzoneClusterImpl-de332c24-5f7d-4363-8764-5335807553b9/datanode-1/data/ratis] (custom)
2019-09-24 02:22:11,490 [pool-37-thread-1] INFO  storage.RaftStorageDirectory (RaftStorageDirectory.java:analyzeStorage(246)) - The storage directory /workdir/hadoop-ozone/integration-test/target/test-dir/MiniOzoneClusterImpl-de332c24-5f7d-4363-8764-5335807553b9/datanode-1/data/ratis/23868696-caeb-4bbe-9da6-94f4856a7072 does not exist. Creating ...
2019-09-24 02:22:11,504 [pool-37-thread-1] INFO  storage.RaftStorageDirectory (RaftStorageDirectory.java:tryLock(328)) - Lock on /workdir/hadoop-ozone/integration-test/target/test-dir/MiniOzoneClusterImpl-de332c24-5f7d-4363-8764-5335807553b9/datanode-1/data/ratis/23868696-caeb-4bbe-9da6-94f4856a7072/in_use.lock acquired by nodename 30927@pr-hdds-2162-tjkd5-3209850126
2019-09-24 02:22:11,518 [pool-37-thread-1] INFO  storage.RaftStorage (RaftStorage.java:format(72)) - Storage directory /workdir/hadoop-ozone/integration-test/target/test-dir/MiniOzoneClusterImpl-de332c24-5f7d-4363-8764-5335807553b9/datanode-1/data/ratis/23868696-caeb-4bbe-9da6-94f4856a7072 has been successfully formatted.
2019-09-24 02:22:11,520 [pool-37-thread-1] INFO  ratis.ContainerStateMachine (ContainerStateMachine.java:loadSnapshot(230)) - group-94F4856A7072: The snapshot info is null. Setting the last applied indexto:(t:0, i:~)
2019-09-24 02:22:11,523 [pool-37-thread-1] INFO  server.RaftServerConfigKeys (ConfUtils.java:logGet(43)) - raft.server.notification.no-leader.timeout = 120s (custom)
2019-09-24 02:22:11,523 [pool-37-thread-1] INFO  server.RaftServerConfigKeys (ConfUtils.java:logGet(43)) - raft.server.log.use.memory = false (default)
2019-09-24 02:22:11,523 [pool-37-thread-1] INFO  server.RaftServerConfigKeys (ConfUtils.java:logGet(43)) - raft.server.log.purge.gap = 1000000 (custom)
2019-09-24 02:22:11,523 [pool-37-thread-1] INFO  server.RaftServerConfigKeys (ConfUtils.java:logGet(43)) - raft.server.log.appender.buffer.byte-limit = 33554432 (custom)
2019-09-24 02:22:11,524 [pool-37-thread-1] INFO  server.RaftServerConfigKeys (ConfUtils.java:logGet(43)) - raft.server.log.segment.size.max = 1048576 (custom)
2019-09-24 02:22:11,524 [pool-37-thread-1] INFO  server.RaftServerConfigKeys (ConfUtils.java:logGet(43)) - raft.server.log.segment.cache.num.max = 2 (custom)
2019-09-24 02:22:11,524 [pool-37-thread-1] INFO  segmented.SegmentedRaftLogWorker (SegmentedRaftLogWorker.java:<init>(172)) - new 6e6c6100-ad13-453b-9932-e9c645725862@group-94F4856A7072-SegmentedRaftLogWorker for RaftStorage:Storage Directory /workdir/hadoop-ozone/integration-test/target/test-dir/MiniOzoneClusterImpl-de332c24-5f7d-4363-8764-5335807553b9/datanode-1/data/ratis/23868696-caeb-4bbe-9da6-94f4856a7072
2019-09-24 02:22:11,533 [pool-37-thread-1] INFO  server.RaftServerConfigKeys (ConfUtils.java:logGet(43)) - raft.server.log.queue.byte-limit = 2147483647 (custom)
2019-09-24 02:22:11,533 [pool-37-thread-1] INFO  server.RaftServerConfigKeys (ConfUtils.java:logGet(43)) - raft.server.log.queue.element-limit = 1024 (custom)
2019-09-24 02:22:11,534 [pool-37-thread-1] INFO  server.RaftServerConfigKeys (ConfUtils.java:logGet(43)) - raft.server.log.segment.size.max = 1048576 (custom)
2019-09-24 02:22:11,534 [pool-37-thread-1] INFO  server.RaftServerConfigKeys (ConfUtils.java:logGet(43)) - raft.server.log.preallocated.size = 16384 (custom)
2019-09-24 02:22:11,534 [pool-37-thread-1] INFO  server.RaftServerConfigKeys (ConfUtils.java:logGet(43)) - raft.server.log.write.buffer.size = 33554432 (custom)
2019-09-24 02:22:11,534 [pool-37-thread-1] INFO  server.RaftServerConfigKeys (ConfUtils.java:logGet(43)) - raft.server.log.force.sync.num = 128 (default)
2019-09-24 02:22:11,534 [pool-37-thread-1] INFO  server.RaftServerConfigKeys (ConfUtils.java:logGet(43)) - raft.server.log.statemachine.data.sync = true (default)
2019-09-24 02:22:11,535 [pool-37-thread-1] INFO  server.RaftServerConfigKeys (ConfUtils.java:logGet(43)) - raft.server.log.statemachine.data.sync.timeout = 10s (default)
2019-09-24 02:22:11,535 [pool-37-thread-1] INFO  server.RaftServerConfigKeys (ConfUtils.java:logGet(43)) - raft.server.log.statemachine.data.sync.timeout.retry = -1 (default)
2019-09-24 02:22:11,535 [pool-37-thread-1] INFO  server.RaftServerConfigKeys (ConfUtils.java:logGet(43)) - raft.server.log.statemachine.data.caching.enabled = true (custom)
2019-09-24 02:22:11,536 [pool-37-thread-1] INFO  segmented.SegmentedRaftLogWorker (SegmentedRaftLogWorker.java:lambda$new$0(132)) - 6e6c6100-ad13-453b-9932-e9c645725862@group-94F4856A7072-SegmentedRaftLogWorker: flushIndex: setUnconditionally 0 -> -1
2019-09-24 02:22:11,536 [pool-37-thread-1] INFO  server.RaftServerConfigKeys (ConfUtils.java:logGet(43)) - raft.server.snapshot.auto.trigger.enabled = true (custom)
2019-09-24 02:22:11,536 [pool-37-thread-1] INFO  server.RaftServerConfigKeys (ConfUtils.java:logGet(43)) - raft.server.snapshot.auto.trigger.threshold = 10000 (custom)
2019-09-24 02:22:11,536 [pool-37-thread-1] INFO  server.RaftServerConfigKeys (ConfUtils.java:logGet(43)) - raft.server.snapshot.retention.num.files = 5 (custom)
2019-09-24 02:22:11,537 [pool-37-thread-1] INFO  server.RaftServerConfigKeys (ConfUtils.java:logGet(43)) - raft.server.retrycache.expirytime = 600000ms (custom)
2019-09-24 02:22:11,542 [pool-37-thread-1] INFO  impl.RaftServerImpl (RaftServerImpl.java:start(185)) - 6e6c6100-ad13-453b-9932-e9c645725862@group-94F4856A7072: start as a follower, conf=-1: [6e6c6100-ad13-453b-9932-e9c645725862:192.168.151.121:44491], old=null
2019-09-24 02:22:11,543 [pool-37-thread-1] INFO  impl.RaftServerImpl (RaftServerImpl.java:setRole(174)) - 6e6c6100-ad13-453b-9932-e9c645725862@group-94F4856A7072: changes role from      null to FOLLOWER at term 0 for startAsFollower
2019-09-24 02:22:11,543 [pool-37-thread-1] INFO  impl.RoleInfo (RoleInfo.java:updateAndGet(143)) - 6e6c6100-ad13-453b-9932-e9c645725862: start FollowerState
2019-09-24 02:22:11,546 [pool-37-thread-1] INFO  util.JmxRegister (JmxRegister.java:tryRegister(44)) - Successfully registered JMX Bean with object name Ratis:service=RaftServer,group=group-94F4856A7072,id=6e6c6100-ad13-453b-9932-e9c645725862
2019-09-24 02:22:11,567 [RatisPipelineUtilsThread] INFO  pipeline.PipelineStateManager (PipelineStateManager.java:addPipeline(56)) - Created pipeline Pipeline[ Id: 23868696-caeb-4bbe-9da6-94f4856a7072, Nodes: 6e6c6100-ad13-453b-9932-e9c645725862{ip: 192.168.151.121, host: pr-hdds-2162-tjkd5-3209850126, networkLocation: /rack1, certSerialId: null}, Type:RATIS, Factor:ONE, State:OPEN]
2019-09-24 02:22:11,596 [grpc-default-executor-0] INFO  impl.RaftServerProxy (RaftServerProxy.java:addNew(89)) - 76c02951-0e42-41da-95d2-62b96a0dd9ff: addNew group-AC226764E810:[76c02951-0e42-41da-95d2-62b96a0dd9ff:192.168.151.121:42331] returns group-AC226764E810:java.util.concurrent.CompletableFuture@792dae31[Not completed]
2019-09-24 02:22:11,635 [pool-57-thread-1] INFO  impl.RaftServerImpl (RaftServerImpl.java:<init>(95)) - 76c02951-0e42-41da-95d2-62b96a0dd9ff: new RaftServerImpl for group-AC226764E810:[76c02951-0e42-41da-95d2-62b96a0dd9ff:192.168.151.121:42331] with ContainerStateMachine:uninitialized
2019-09-24 02:22:11,636 [pool-57-thread-1] INFO  server.RaftServerConfigKeys (ConfUtils.java:logGet(43)) - raft.server.rpc.timeout.min = 1s (custom)
2019-09-24 02:22:11,636 [pool-57-thread-1] INFO  server.RaftServerConfigKeys (ConfUtils.java:logGet(43)) - raft.server.rpc.timeout.max = 1200ms (custom)
2019-09-24 02:22:11,636 [pool-57-thread-1] INFO  server.RaftServerConfigKeys (ConfUtils.java:logGet(43)) - raft.server.rpcslowness.timeout = 120s (custom)
2019-09-24 02:22:11,636 [pool-57-thread-1] INFO  server.RaftServerConfigKeys (ConfUtils.java:logGet(43)) - raft.server.sleep.deviation.threshold = 300 (default)
2019-09-24 02:22:11,636 [pool-57-thread-1] INFO  server.RaftServerConfigKeys (ConfUtils.java:logGet(43)) - raft.server.log.appender.install.snapshot.enabled = false (custom)
2019-09-24 02:22:11,637 [pool-57-thread-1] INFO  impl.RaftServerImpl (ServerState.java:<init>(103)) - 76c02951-0e42-41da-95d2-62b96a0dd9ff@group-AC226764E810: ConfigurationManager, init=-1: [76c02951-0e42-41da-95d2-62b96a0dd9ff:192.168.151.121:42331], old=null, confs=<EMPTY_MAP>
2019-09-24 02:22:11,637 [pool-57-thread-1] INFO  server.RaftServerConfigKeys (ConfUtils.java:logGet(43)) - raft.server.storage.dir = [/workdir/hadoop-ozone/integration-test/target/test-dir/MiniOzoneClusterImpl-de332c24-5f7d-4363-8764-5335807553b9/datanode-3/data/ratis] (custom)
2019-09-24 02:22:11,637 [pool-57-thread-1] INFO  storage.RaftStorageDirectory (RaftStorageDirectory.java:analyzeStorage(246)) - The storage directory /workdir/hadoop-ozone/integration-test/target/test-dir/MiniOzoneClusterImpl-de332c24-5f7d-4363-8764-5335807553b9/datanode-3/data/ratis/0592f0b9-2868-4803-a815-ac226764e810 does not exist. Creating ...
2019-09-24 02:22:11,650 [pool-57-thread-1] INFO  storage.RaftStorageDirectory (RaftStorageDirectory.java:tryLock(328)) - Lock on /workdir/hadoop-ozone/integration-test/target/test-dir/MiniOzoneClusterImpl-de332c24-5f7d-4363-8764-5335807553b9/datanode-3/data/ratis/0592f0b9-2868-4803-a815-ac226764e810/in_use.lock acquired by nodename 30927@pr-hdds-2162-tjkd5-3209850126
2019-09-24 02:22:11,664 [pool-57-thread-1] INFO  storage.RaftStorage (RaftStorage.java:format(72)) - Storage directory /workdir/hadoop-ozone/integration-test/target/test-dir/MiniOzoneClusterImpl-de332c24-5f7d-4363-8764-5335807553b9/datanode-3/data/ratis/0592f0b9-2868-4803-a815-ac226764e810 has been successfully formatted.
2019-09-24 02:22:11,664 [pool-57-thread-1] INFO  ratis.ContainerStateMachine (ContainerStateMachine.java:loadSnapshot(230)) - group-AC226764E810: The snapshot info is null. Setting the last applied indexto:(t:0, i:~)
2019-09-24 02:22:11,665 [pool-57-thread-1] INFO  server.RaftServerConfigKeys (ConfUtils.java:logGet(43)) - raft.server.notification.no-leader.timeout = 120s (custom)
2019-09-24 02:22:11,665 [pool-57-thread-1] INFO  server.RaftServerConfigKeys (ConfUtils.java:logGet(43)) - raft.server.log.use.memory = false (default)
2019-09-24 02:22:11,665 [pool-57-thread-1] INFO  server.RaftServerConfigKeys (ConfUtils.java:logGet(43)) - raft.server.log.purge.gap = 1000000 (custom)
2019-09-24 02:22:11,665 [pool-57-thread-1] INFO  server.RaftServerConfigKeys (ConfUtils.java:logGet(43)) - raft.server.log.appender.buffer.byte-limit = 33554432 (custom)
2019-09-24 02:22:11,665 [pool-57-thread-1] INFO  server.RaftServerConfigKeys (ConfUtils.java:logGet(43)) - raft.server.log.segment.size.max = 1048576 (custom)
2019-09-24 02:22:11,666 [pool-57-thread-1] INFO  server.RaftServerConfigKeys (ConfUtils.java:logGet(43)) - raft.server.log.segment.cache.num.max = 2 (custom)
2019-09-24 02:22:11,666 [pool-57-thread-1] INFO  segmented.SegmentedRaftLogWorker (SegmentedRaftLogWorker.java:<init>(172)) - new 76c02951-0e42-41da-95d2-62b96a0dd9ff@group-AC226764E810-SegmentedRaftLogWorker for RaftStorage:Storage Directory /workdir/hadoop-ozone/integration-test/target/test-dir/MiniOzoneClusterImpl-de332c24-5f7d-4363-8764-5335807553b9/datanode-3/data/ratis/0592f0b9-2868-4803-a815-ac226764e810
2019-09-24 02:22:11,718 [pool-57-thread-1] INFO  server.RaftServerConfigKeys (ConfUtils.java:logGet(43)) - raft.server.log.queue.byte-limit = 2147483647 (custom)
2019-09-24 02:22:11,718 [pool-57-thread-1] INFO  server.RaftServerConfigKeys (ConfUtils.java:logGet(43)) - raft.server.log.queue.element-limit = 1024 (custom)
2019-09-24 02:22:11,718 [pool-57-thread-1] INFO  server.RaftServerConfigKeys (ConfUtils.java:logGet(43)) - raft.server.log.segment.size.max = 1048576 (custom)
2019-09-24 02:22:11,719 [pool-57-thread-1] INFO  server.RaftServerConfigKeys (ConfUtils.java:logGet(43)) - raft.server.log.preallocated.size = 16384 (custom)
2019-09-24 02:22:11,719 [pool-57-thread-1] INFO  server.RaftServerConfigKeys (ConfUtils.java:logGet(43)) - raft.server.log.write.buffer.size = 33554432 (custom)
2019-09-24 02:22:11,719 [pool-57-thread-1] INFO  server.RaftServerConfigKeys (ConfUtils.java:logGet(43)) - raft.server.log.force.sync.num = 128 (default)
2019-09-24 02:22:11,719 [pool-57-thread-1] INFO  server.RaftServerConfigKeys (ConfUtils.java:logGet(43)) - raft.server.log.statemachine.data.sync = true (default)
2019-09-24 02:22:11,720 [pool-57-thread-1] INFO  server.RaftServerConfigKeys (ConfUtils.java:logGet(43)) - raft.server.log.statemachine.data.sync.timeout = 10s (default)
2019-09-24 02:22:11,720 [pool-57-thread-1] INFO  server.RaftServerConfigKeys (ConfUtils.java:logGet(43)) - raft.server.log.statemachine.data.sync.timeout.retry = -1 (default)
2019-09-24 02:22:11,720 [pool-57-thread-1] INFO  server.RaftServerConfigKeys (ConfUtils.java:logGet(43)) - raft.server.log.statemachine.data.caching.enabled = true (custom)
2019-09-24 02:22:11,721 [pool-57-thread-1] INFO  segmented.SegmentedRaftLogWorker (SegmentedRaftLogWorker.java:lambda$new$0(132)) - 76c02951-0e42-41da-95d2-62b96a0dd9ff@group-AC226764E810-SegmentedRaftLogWorker: flushIndex: setUnconditionally 0 -> -1
2019-09-24 02:22:11,721 [pool-57-thread-1] INFO  server.RaftServerConfigKeys (ConfUtils.java:logGet(43)) - raft.server.snapshot.auto.trigger.enabled = true (custom)
2019-09-24 02:22:11,722 [pool-57-thread-1] INFO  server.RaftServerConfigKeys (ConfUtils.java:logGet(43)) - raft.server.snapshot.auto.trigger.threshold = 10000 (custom)
2019-09-24 02:22:11,722 [pool-57-thread-1] INFO  server.RaftServerConfigKeys (ConfUtils.java:logGet(43)) - raft.server.snapshot.retention.num.files = 5 (custom)
2019-09-24 02:22:11,722 [pool-57-thread-1] INFO  server.RaftServerConfigKeys (ConfUtils.java:logGet(43)) - raft.server.retrycache.expirytime = 600000ms (custom)
2019-09-24 02:22:11,730 [pool-57-thread-1] INFO  impl.RaftServerImpl (RaftServerImpl.java:start(185)) - 76c02951-0e42-41da-95d2-62b96a0dd9ff@group-AC226764E810: start as a follower, conf=-1: [76c02951-0e42-41da-95d2-62b96a0dd9ff:192.168.151.121:42331], old=null
2019-09-24 02:22:11,730 [pool-57-thread-1] INFO  impl.RaftServerImpl (RaftServerImpl.java:setRole(174)) - 76c02951-0e42-41da-95d2-62b96a0dd9ff@group-AC226764E810: changes role from      null to FOLLOWER at term 0 for startAsFollower
2019-09-24 02:22:11,731 [pool-57-thread-1] INFO  impl.RoleInfo (RoleInfo.java:updateAndGet(143)) - 76c02951-0e42-41da-95d2-62b96a0dd9ff: start FollowerState
2019-09-24 02:22:11,731 [pool-57-thread-1] INFO  util.JmxRegister (JmxRegister.java:tryRegister(44)) - Successfully registered JMX Bean with object name Ratis:service=RaftServer,group=group-AC226764E810,id=76c02951-0e42-41da-95d2-62b96a0dd9ff
2019-09-24 02:22:11,745 [RatisPipelineUtilsThread] INFO  pipeline.PipelineStateManager (PipelineStateManager.java:addPipeline(56)) - Created pipeline Pipeline[ Id: 0592f0b9-2868-4803-a815-ac226764e810, Nodes: 76c02951-0e42-41da-95d2-62b96a0dd9ff{ip: 192.168.151.121, host: pr-hdds-2162-tjkd5-3209850126, networkLocation: /rack1, certSerialId: null}, Type:RATIS, Factor:ONE, State:OPEN]
2019-09-24 02:22:11,773 [grpc-default-executor-0] INFO  impl.RaftServerProxy (RaftServerProxy.java:addNew(89)) - 0fd55585-263a-4577-aa0a-ea5a39896330: addNew group-6BD8627368EA:[0fd55585-263a-4577-aa0a-ea5a39896330:192.168.151.121:42755] returns group-6BD8627368EA:java.util.concurrent.CompletableFuture@6b1c677b[Not completed]
2019-09-24 02:22:11,780 [pool-47-thread-1] INFO  impl.RaftServerImpl (RaftServerImpl.java:<init>(95)) - 0fd55585-263a-4577-aa0a-ea5a39896330: new RaftServerImpl for group-6BD8627368EA:[0fd55585-263a-4577-aa0a-ea5a39896330:192.168.151.121:42755] with ContainerStateMachine:uninitialized
2019-09-24 02:22:11,780 [pool-47-thread-1] INFO  server.RaftServerConfigKeys (ConfUtils.java:logGet(43)) - raft.server.rpc.timeout.min = 1s (custom)
2019-09-24 02:22:11,780 [pool-47-thread-1] INFO  server.RaftServerConfigKeys (ConfUtils.java:logGet(43)) - raft.server.rpc.timeout.max = 1200ms (custom)
2019-09-24 02:22:11,780 [pool-47-thread-1] INFO  server.RaftServerConfigKeys (ConfUtils.java:logGet(43)) - raft.server.rpcslowness.timeout = 120s (custom)
2019-09-24 02:22:11,780 [pool-47-thread-1] INFO  server.RaftServerConfigKeys (ConfUtils.java:logGet(43)) - raft.server.sleep.deviation.threshold = 300 (default)
2019-09-24 02:22:11,781 [pool-47-thread-1] INFO  server.RaftServerConfigKeys (ConfUtils.java:logGet(43)) - raft.server.log.appender.install.snapshot.enabled = false (custom)
2019-09-24 02:22:11,781 [pool-47-thread-1] INFO  impl.RaftServerImpl (ServerState.java:<init>(103)) - 0fd55585-263a-4577-aa0a-ea5a39896330@group-6BD8627368EA: ConfigurationManager, init=-1: [0fd55585-263a-4577-aa0a-ea5a39896330:192.168.151.121:42755], old=null, confs=<EMPTY_MAP>
2019-09-24 02:22:11,781 [pool-47-thread-1] INFO  server.RaftServerConfigKeys (ConfUtils.java:logGet(43)) - raft.server.storage.dir = [/workdir/hadoop-ozone/integration-test/target/test-dir/MiniOzoneClusterImpl-de332c24-5f7d-4363-8764-5335807553b9/datanode-2/data/ratis] (custom)
2019-09-24 02:22:11,782 [pool-47-thread-1] INFO  storage.RaftStorageDirectory (RaftStorageDirectory.java:analyzeStorage(246)) - The storage directory /workdir/hadoop-ozone/integration-test/target/test-dir/MiniOzoneClusterImpl-de332c24-5f7d-4363-8764-5335807553b9/datanode-2/data/ratis/a3544745-95b3-4257-aa0e-6bd8627368ea does not exist. Creating ...
2019-09-24 02:22:11,794 [pool-47-thread-1] INFO  storage.RaftStorageDirectory (RaftStorageDirectory.java:tryLock(328)) - Lock on /workdir/hadoop-ozone/integration-test/target/test-dir/MiniOzoneClusterImpl-de332c24-5f7d-4363-8764-5335807553b9/datanode-2/data/ratis/a3544745-95b3-4257-aa0e-6bd8627368ea/in_use.lock acquired by nodename 30927@pr-hdds-2162-tjkd5-3209850126
2019-09-24 02:22:11,809 [pool-47-thread-1] INFO  storage.RaftStorage (RaftStorage.java:format(72)) - Storage directory /workdir/hadoop-ozone/integration-test/target/test-dir/MiniOzoneClusterImpl-de332c24-5f7d-4363-8764-5335807553b9/datanode-2/data/ratis/a3544745-95b3-4257-aa0e-6bd8627368ea has been successfully formatted.
2019-09-24 02:22:11,809 [pool-47-thread-1] INFO  ratis.ContainerStateMachine (ContainerStateMachine.java:loadSnapshot(230)) - group-6BD8627368EA: The snapshot info is null. Setting the last applied indexto:(t:0, i:~)
2019-09-24 02:22:11,809 [pool-47-thread-1] INFO  server.RaftServerConfigKeys (ConfUtils.java:logGet(43)) - raft.server.notification.no-leader.timeout = 120s (custom)
2019-09-24 02:22:11,810 [pool-47-thread-1] INFO  server.RaftServerConfigKeys (ConfUtils.java:logGet(43)) - raft.server.log.use.memory = false (default)
2019-09-24 02:22:11,810 [pool-47-thread-1] INFO  server.RaftServerConfigKeys (ConfUtils.java:logGet(43)) - raft.server.log.purge.gap = 1000000 (custom)
2019-09-24 02:22:11,810 [pool-47-thread-1] INFO  server.RaftServerConfigKeys (ConfUtils.java:logGet(43)) - raft.server.log.appender.buffer.byte-limit = 33554432 (custom)
2019-09-24 02:22:11,810 [pool-47-thread-1] INFO  server.RaftServerConfigKeys (ConfUtils.java:logGet(43)) - raft.server.log.segment.size.max = 1048576 (custom)
2019-09-24 02:22:11,810 [pool-47-thread-1] INFO  server.RaftServerConfigKeys (ConfUtils.java:logGet(43)) - raft.server.log.segment.cache.num.max = 2 (custom)
2019-09-24 02:22:11,811 [pool-47-thread-1] INFO  segmented.SegmentedRaftLogWorker (SegmentedRaftLogWorker.java:<init>(172)) - new 0fd55585-263a-4577-aa0a-ea5a39896330@group-6BD8627368EA-SegmentedRaftLogWorker for RaftStorage:Storage Directory /workdir/hadoop-ozone/integration-test/target/test-dir/MiniOzoneClusterImpl-de332c24-5f7d-4363-8764-5335807553b9/datanode-2/data/ratis/a3544745-95b3-4257-aa0e-6bd8627368ea
2019-09-24 02:22:11,817 [pool-47-thread-1] INFO  server.RaftServerConfigKeys (ConfUtils.java:logGet(43)) - raft.server.log.queue.byte-limit = 2147483647 (custom)
2019-09-24 02:22:11,817 [pool-47-thread-1] INFO  server.RaftServerConfigKeys (ConfUtils.java:logGet(43)) - raft.server.log.queue.element-limit = 1024 (custom)
2019-09-24 02:22:11,817 [pool-47-thread-1] INFO  server.RaftServerConfigKeys (ConfUtils.java:logGet(43)) - raft.server.log.segment.size.max = 1048576 (custom)
2019-09-24 02:22:11,818 [pool-47-thread-1] INFO  server.RaftServerConfigKeys (ConfUtils.java:logGet(43)) - raft.server.log.preallocated.size = 16384 (custom)
2019-09-24 02:22:11,818 [pool-47-thread-1] INFO  server.RaftServerConfigKeys (ConfUtils.java:logGet(43)) - raft.server.log.write.buffer.size = 33554432 (custom)
2019-09-24 02:22:11,818 [pool-47-thread-1] INFO  server.RaftServerConfigKeys (ConfUtils.java:logGet(43)) - raft.server.log.force.sync.num = 128 (default)
2019-09-24 02:22:11,818 [pool-47-thread-1] INFO  server.RaftServerConfigKeys (ConfUtils.java:logGet(43)) - raft.server.log.statemachine.data.sync = true (default)
2019-09-24 02:22:11,818 [pool-47-thread-1] INFO  server.RaftServerConfigKeys (ConfUtils.java:logGet(43)) - raft.server.log.statemachine.data.sync.timeout = 10s (default)
2019-09-24 02:22:11,819 [pool-47-thread-1] INFO  server.RaftServerConfigKeys (ConfUtils.java:logGet(43)) - raft.server.log.statemachine.data.sync.timeout.retry = -1 (default)
2019-09-24 02:22:11,819 [pool-47-thread-1] INFO  server.RaftServerConfigKeys (ConfUtils.java:logGet(43)) - raft.server.log.statemachine.data.caching.enabled = true (custom)
2019-09-24 02:22:11,819 [pool-47-thread-1] INFO  segmented.SegmentedRaftLogWorker (SegmentedRaftLogWorker.java:lambda$new$0(132)) - 0fd55585-263a-4577-aa0a-ea5a39896330@group-6BD8627368EA-SegmentedRaftLogWorker: flushIndex: setUnconditionally 0 -> -1
2019-09-24 02:22:11,820 [pool-47-thread-1] INFO  server.RaftServerConfigKeys (ConfUtils.java:logGet(43)) - raft.server.snapshot.auto.trigger.enabled = true (custom)
2019-09-24 02:22:11,820 [pool-47-thread-1] INFO  server.RaftServerConfigKeys (ConfUtils.java:logGet(43)) - raft.server.snapshot.auto.trigger.threshold = 10000 (custom)
2019-09-24 02:22:11,820 [pool-47-thread-1] INFO  server.RaftServerConfigKeys (ConfUtils.java:logGet(43)) - raft.server.snapshot.retention.num.files = 5 (custom)
2019-09-24 02:22:11,820 [pool-47-thread-1] INFO  server.RaftServerConfigKeys (ConfUtils.java:logGet(43)) - raft.server.retrycache.expirytime = 600000ms (custom)
2019-09-24 02:22:11,826 [pool-47-thread-1] INFO  impl.RaftServerImpl (RaftServerImpl.java:start(185)) - 0fd55585-263a-4577-aa0a-ea5a39896330@group-6BD8627368EA: start as a follower, conf=-1: [0fd55585-263a-4577-aa0a-ea5a39896330:192.168.151.121:42755], old=null
2019-09-24 02:22:11,826 [pool-47-thread-1] INFO  impl.RaftServerImpl (RaftServerImpl.java:setRole(174)) - 0fd55585-263a-4577-aa0a-ea5a39896330@group-6BD8627368EA: changes role from      null to FOLLOWER at term 0 for startAsFollower
2019-09-24 02:22:11,826 [pool-47-thread-1] INFO  impl.RoleInfo (RoleInfo.java:updateAndGet(143)) - 0fd55585-263a-4577-aa0a-ea5a39896330: start FollowerState
2019-09-24 02:22:11,827 [pool-47-thread-1] INFO  util.JmxRegister (JmxRegister.java:tryRegister(44)) - Successfully registered JMX Bean with object name Ratis:service=RaftServer,group=group-6BD8627368EA,id=0fd55585-263a-4577-aa0a-ea5a39896330
2019-09-24 02:22:11,851 [RatisPipelineUtilsThread] INFO  pipeline.PipelineStateManager (PipelineStateManager.java:addPipeline(56)) - Created pipeline Pipeline[ Id: a3544745-95b3-4257-aa0e-6bd8627368ea, Nodes: 0fd55585-263a-4577-aa0a-ea5a39896330{ip: 192.168.151.121, host: pr-hdds-2162-tjkd5-3209850126, networkLocation: /rack1, certSerialId: null}, Type:RATIS, Factor:ONE, State:OPEN]
2019-09-24 02:22:11,869 [grpc-default-executor-0] INFO  impl.RaftServerProxy (RaftServerProxy.java:addNew(89)) - c0944fb1-a003-48a4-987e-44a4096d22d1: addNew group-2153E3C2A31B:[c0944fb1-a003-48a4-987e-44a4096d22d1:192.168.151.121:43671] returns group-2153E3C2A31B:java.util.concurrent.CompletableFuture@33dca0d5[Not completed]
2019-09-24 02:22:11,875 [pool-117-thread-1] INFO  impl.RaftServerImpl (RaftServerImpl.java:<init>(95)) - c0944fb1-a003-48a4-987e-44a4096d22d1: new RaftServerImpl for group-2153E3C2A31B:[c0944fb1-a003-48a4-987e-44a4096d22d1:192.168.151.121:43671] with ContainerStateMachine:uninitialized
2019-09-24 02:22:11,876 [pool-117-thread-1] INFO  server.RaftServerConfigKeys (ConfUtils.java:logGet(43)) - raft.server.rpc.timeout.min = 1s (custom)
2019-09-24 02:22:11,876 [pool-117-thread-1] INFO  server.RaftServerConfigKeys (ConfUtils.java:logGet(43)) - raft.server.rpc.timeout.max = 1200ms (custom)
2019-09-24 02:22:11,876 [pool-117-thread-1] INFO  server.RaftServerConfigKeys (ConfUtils.java:logGet(43)) - raft.server.rpcslowness.timeout = 120s (custom)
2019-09-24 02:22:11,876 [pool-117-thread-1] INFO  server.RaftServerConfigKeys (ConfUtils.java:logGet(43)) - raft.server.sleep.deviation.threshold = 300 (default)
2019-09-24 02:22:11,877 [pool-117-thread-1] INFO  server.RaftServerConfigKeys (ConfUtils.java:logGet(43)) - raft.server.log.appender.install.snapshot.enabled = false (custom)
2019-09-24 02:22:11,877 [pool-117-thread-1] INFO  impl.RaftServerImpl (ServerState.java:<init>(103)) - c0944fb1-a003-48a4-987e-44a4096d22d1@group-2153E3C2A31B: ConfigurationManager, init=-1: [c0944fb1-a003-48a4-987e-44a4096d22d1:192.168.151.121:43671], old=null, confs=<EMPTY_MAP>
2019-09-24 02:22:11,877 [pool-117-thread-1] INFO  server.RaftServerConfigKeys (ConfUtils.java:logGet(43)) - raft.server.storage.dir = [/workdir/hadoop-ozone/integration-test/target/test-dir/MiniOzoneClusterImpl-de332c24-5f7d-4363-8764-5335807553b9/datanode-9/data/ratis] (custom)
2019-09-24 02:22:11,878 [pool-117-thread-1] INFO  storage.RaftStorageDirectory (RaftStorageDirectory.java:analyzeStorage(246)) - The storage directory /workdir/hadoop-ozone/integration-test/target/test-dir/MiniOzoneClusterImpl-de332c24-5f7d-4363-8764-5335807553b9/datanode-9/data/ratis/ee8d99cf-642d-4efc-9dd3-2153e3c2a31b does not exist. Creating ...
2019-09-24 02:22:11,899 [pool-117-thread-1] INFO  storage.RaftStorageDirectory (RaftStorageDirectory.java:tryLock(328)) - Lock on /workdir/hadoop-ozone/integration-test/target/test-dir/MiniOzoneClusterImpl-de332c24-5f7d-4363-8764-5335807553b9/datanode-9/data/ratis/ee8d99cf-642d-4efc-9dd3-2153e3c2a31b/in_use.lock acquired by nodename 30927@pr-hdds-2162-tjkd5-3209850126
2019-09-24 02:22:11,933 [pool-117-thread-1] INFO  storage.RaftStorage (RaftStorage.java:format(72)) - Storage directory /workdir/hadoop-ozone/integration-test/target/test-dir/MiniOzoneClusterImpl-de332c24-5f7d-4363-8764-5335807553b9/datanode-9/data/ratis/ee8d99cf-642d-4efc-9dd3-2153e3c2a31b has been successfully formatted.
2019-09-24 02:22:11,934 [pool-117-thread-1] INFO  ratis.ContainerStateMachine (ContainerStateMachine.java:loadSnapshot(230)) - group-2153E3C2A31B: The snapshot info is null. Setting the last applied indexto:(t:0, i:~)
2019-09-24 02:22:11,934 [pool-117-thread-1] INFO  server.RaftServerConfigKeys (ConfUtils.java:logGet(43)) - raft.server.notification.no-leader.timeout = 120s (custom)
2019-09-24 02:22:11,934 [pool-117-thread-1] INFO  server.RaftServerConfigKeys (ConfUtils.java:logGet(43)) - raft.server.log.use.memory = false (default)
2019-09-24 02:22:11,934 [pool-117-thread-1] INFO  server.RaftServerConfigKeys (ConfUtils.java:logGet(43)) - raft.server.log.purge.gap = 1000000 (custom)
2019-09-24 02:22:11,935 [pool-117-thread-1] INFO  server.RaftServerConfigKeys (ConfUtils.java:logGet(43)) - raft.server.log.appender.buffer.byte-limit = 33554432 (custom)
2019-09-24 02:22:11,935 [pool-117-thread-1] INFO  server.RaftServerConfigKeys (ConfUtils.java:logGet(43)) - raft.server.log.segment.size.max = 1048576 (custom)
2019-09-24 02:22:11,935 [pool-117-thread-1] INFO  server.RaftServerConfigKeys (ConfUtils.java:logGet(43)) - raft.server.log.segment.cache.num.max = 2 (custom)
2019-09-24 02:22:11,935 [pool-117-thread-1] INFO  segmented.SegmentedRaftLogWorker (SegmentedRaftLogWorker.java:<init>(172)) - new c0944fb1-a003-48a4-987e-44a4096d22d1@group-2153E3C2A31B-SegmentedRaftLogWorker for RaftStorage:Storage Directory /workdir/hadoop-ozone/integration-test/target/test-dir/MiniOzoneClusterImpl-de332c24-5f7d-4363-8764-5335807553b9/datanode-9/data/ratis/ee8d99cf-642d-4efc-9dd3-2153e3c2a31b
2019-09-24 02:22:11,939 [pool-117-thread-1] INFO  server.RaftServerConfigKeys (ConfUtils.java:logGet(43)) - raft.server.log.queue.byte-limit = 2147483647 (custom)
2019-09-24 02:22:11,940 [pool-117-thread-1] INFO  server.RaftServerConfigKeys (ConfUtils.java:logGet(43)) - raft.server.log.queue.element-limit = 1024 (custom)
2019-09-24 02:22:11,940 [pool-117-thread-1] INFO  server.RaftServerConfigKeys (ConfUtils.java:logGet(43)) - raft.server.log.segment.size.max = 1048576 (custom)
2019-09-24 02:22:11,940 [pool-117-thread-1] INFO  server.RaftServerConfigKeys (ConfUtils.java:logGet(43)) - raft.server.log.preallocated.size = 16384 (custom)
2019-09-24 02:22:11,940 [pool-117-thread-1] INFO  server.RaftServerConfigKeys (ConfUtils.java:logGet(43)) - raft.server.log.write.buffer.size = 33554432 (custom)
2019-09-24 02:22:11,940 [pool-117-thread-1] INFO  server.RaftServerConfigKeys (ConfUtils.java:logGet(43)) - raft.server.log.force.sync.num = 128 (default)
2019-09-24 02:22:11,941 [pool-117-thread-1] INFO  server.RaftServerConfigKeys (ConfUtils.java:logGet(43)) - raft.server.log.statemachine.data.sync = true (default)
2019-09-24 02:22:11,941 [pool-117-thread-1] INFO  server.RaftServerConfigKeys (ConfUtils.java:logGet(43)) - raft.server.log.statemachine.data.sync.timeout = 10s (default)
2019-09-24 02:22:11,941 [pool-117-thread-1] INFO  server.RaftServerConfigKeys (ConfUtils.java:logGet(43)) - raft.server.log.statemachine.data.sync.timeout.retry = -1 (default)
2019-09-24 02:22:11,941 [pool-117-thread-1] INFO  server.RaftServerConfigKeys (ConfUtils.java:logGet(43)) - raft.server.log.statemachine.data.caching.enabled = true (custom)
2019-09-24 02:22:11,942 [pool-117-thread-1] INFO  segmented.SegmentedRaftLogWorker (SegmentedRaftLogWorker.java:lambda$new$0(132)) - c0944fb1-a003-48a4-987e-44a4096d22d1@group-2153E3C2A31B-SegmentedRaftLogWorker: flushIndex: setUnconditionally 0 -> -1
2019-09-24 02:22:11,942 [pool-117-thread-1] INFO  server.RaftServerConfigKeys (ConfUtils.java:logGet(43)) - raft.server.snapshot.auto.trigger.enabled = true (custom)
2019-09-24 02:22:11,942 [pool-117-thread-1] INFO  server.RaftServerConfigKeys (ConfUtils.java:logGet(43)) - raft.server.snapshot.auto.trigger.threshold = 10000 (custom)
2019-09-24 02:22:11,942 [pool-117-thread-1] INFO  server.RaftServerConfigKeys (ConfUtils.java:logGet(43)) - raft.server.snapshot.retention.num.files = 5 (custom)
2019-09-24 02:22:11,943 [pool-117-thread-1] INFO  server.RaftServerConfigKeys (ConfUtils.java:logGet(43)) - raft.server.retrycache.expirytime = 600000ms (custom)
2019-09-24 02:22:12,029 [pool-117-thread-1] INFO  impl.RaftServerImpl (RaftServerImpl.java:start(185)) - c0944fb1-a003-48a4-987e-44a4096d22d1@group-2153E3C2A31B: start as a follower, conf=-1: [c0944fb1-a003-48a4-987e-44a4096d22d1:192.168.151.121:43671], old=null
2019-09-24 02:22:12,032 [pool-117-thread-1] INFO  impl.RaftServerImpl (RaftServerImpl.java:setRole(174)) - c0944fb1-a003-48a4-987e-44a4096d22d1@group-2153E3C2A31B: changes role from      null to FOLLOWER at term 0 for startAsFollower
2019-09-24 02:22:12,032 [pool-117-thread-1] INFO  impl.RoleInfo (RoleInfo.java:updateAndGet(143)) - c0944fb1-a003-48a4-987e-44a4096d22d1: start FollowerState
2019-09-24 02:22:12,033 [pool-117-thread-1] INFO  util.JmxRegister (JmxRegister.java:tryRegister(44)) - Successfully registered JMX Bean with object name Ratis:service=RaftServer,group=group-2153E3C2A31B,id=c0944fb1-a003-48a4-987e-44a4096d22d1
2019-09-24 02:22:12,092 [RatisPipelineUtilsThread] INFO  pipeline.PipelineStateManager (PipelineStateManager.java:addPipeline(56)) - Created pipeline Pipeline[ Id: ee8d99cf-642d-4efc-9dd3-2153e3c2a31b, Nodes: c0944fb1-a003-48a4-987e-44a4096d22d1{ip: 192.168.151.121, host: pr-hdds-2162-tjkd5-3209850126, networkLocation: /rack1, certSerialId: null}, Type:RATIS, Factor:ONE, State:OPEN]
2019-09-24 02:22:12,111 [grpc-default-executor-0] INFO  impl.RaftServerProxy (RaftServerProxy.java:addNew(89)) - 6f849279-8265-485e-82a5-918f2cc86fc1: addNew group-C25A2268DBFF:[6f849279-8265-485e-82a5-918f2cc86fc1:192.168.151.121:46354] returns group-C25A2268DBFF:java.util.concurrent.CompletableFuture@5a6db22c[Not completed]
2019-09-24 02:22:12,116 [pool-107-thread-1] INFO  impl.RaftServerImpl (RaftServerImpl.java:<init>(95)) - 6f849279-8265-485e-82a5-918f2cc86fc1: new RaftServerImpl for group-C25A2268DBFF:[6f849279-8265-485e-82a5-918f2cc86fc1:192.168.151.121:46354] with ContainerStateMachine:uninitialized
2019-09-24 02:22:12,117 [pool-107-thread-1] INFO  server.RaftServerConfigKeys (ConfUtils.java:logGet(43)) - raft.server.rpc.timeout.min = 1s (custom)
2019-09-24 02:22:12,117 [pool-107-thread-1] INFO  server.RaftServerConfigKeys (ConfUtils.java:logGet(43)) - raft.server.rpc.timeout.max = 1200ms (custom)
2019-09-24 02:22:12,117 [pool-107-thread-1] INFO  server.RaftServerConfigKeys (ConfUtils.java:logGet(43)) - raft.server.rpcslowness.timeout = 120s (custom)
2019-09-24 02:22:12,117 [pool-107-thread-1] INFO  server.RaftServerConfigKeys (ConfUtils.java:logGet(43)) - raft.server.sleep.deviation.threshold = 300 (default)
2019-09-24 02:22:12,117 [pool-107-thread-1] INFO  server.RaftServerConfigKeys (ConfUtils.java:logGet(43)) - raft.server.log.appender.install.snapshot.enabled = false (custom)
2019-09-24 02:22:12,117 [pool-107-thread-1] INFO  impl.RaftServerImpl (ServerState.java:<init>(103)) - 6f849279-8265-485e-82a5-918f2cc86fc1@group-C25A2268DBFF: ConfigurationManager, init=-1: [6f849279-8265-485e-82a5-918f2cc86fc1:192.168.151.121:46354], old=null, confs=<EMPTY_MAP>
2019-09-24 02:22:12,118 [pool-107-thread-1] INFO  server.RaftServerConfigKeys (ConfUtils.java:logGet(43)) - raft.server.storage.dir = [/workdir/hadoop-ozone/integration-test/target/test-dir/MiniOzoneClusterImpl-de332c24-5f7d-4363-8764-5335807553b9/datanode-8/data/ratis] (custom)
2019-09-24 02:22:12,118 [pool-107-thread-1] INFO  storage.RaftStorageDirectory (RaftStorageDirectory.java:analyzeStorage(246)) - The storage directory /workdir/hadoop-ozone/integration-test/target/test-dir/MiniOzoneClusterImpl-de332c24-5f7d-4363-8764-5335807553b9/datanode-8/data/ratis/02ff45d0-2155-4120-8ab3-c25a2268dbff does not exist. Creating ...
2019-09-24 02:22:12,131 [pool-107-thread-1] INFO  storage.RaftStorageDirectory (RaftStorageDirectory.java:tryLock(328)) - Lock on /workdir/hadoop-ozone/integration-test/target/test-dir/MiniOzoneClusterImpl-de332c24-5f7d-4363-8764-5335807553b9/datanode-8/data/ratis/02ff45d0-2155-4120-8ab3-c25a2268dbff/in_use.lock acquired by nodename 30927@pr-hdds-2162-tjkd5-3209850126
2019-09-24 02:22:12,144 [pool-107-thread-1] INFO  storage.RaftStorage (RaftStorage.java:format(72)) - Storage directory /workdir/hadoop-ozone/integration-test/target/test-dir/MiniOzoneClusterImpl-de332c24-5f7d-4363-8764-5335807553b9/datanode-8/data/ratis/02ff45d0-2155-4120-8ab3-c25a2268dbff has been successfully formatted.
2019-09-24 02:22:12,145 [pool-107-thread-1] INFO  ratis.ContainerStateMachine (ContainerStateMachine.java:loadSnapshot(230)) - group-C25A2268DBFF: The snapshot info is null. Setting the last applied indexto:(t:0, i:~)
2019-09-24 02:22:12,145 [pool-107-thread-1] INFO  server.RaftServerConfigKeys (ConfUtils.java:logGet(43)) - raft.server.notification.no-leader.timeout = 120s (custom)
2019-09-24 02:22:12,145 [pool-107-thread-1] INFO  server.RaftServerConfigKeys (ConfUtils.java:logGet(43)) - raft.server.log.use.memory = false (default)
2019-09-24 02:22:12,145 [pool-107-thread-1] INFO  server.RaftServerConfigKeys (ConfUtils.java:logGet(43)) - raft.server.log.purge.gap = 1000000 (custom)
2019-09-24 02:22:12,146 [pool-107-thread-1] INFO  server.RaftServerConfigKeys (ConfUtils.java:logGet(43)) - raft.server.log.appender.buffer.byte-limit = 33554432 (custom)
2019-09-24 02:22:12,146 [pool-107-thread-1] INFO  server.RaftServerConfigKeys (ConfUtils.java:logGet(43)) - raft.server.log.segment.size.max = 1048576 (custom)
2019-09-24 02:22:12,146 [pool-107-thread-1] INFO  server.RaftServerConfigKeys (ConfUtils.java:logGet(43)) - raft.server.log.segment.cache.num.max = 2 (custom)
2019-09-24 02:22:12,146 [pool-107-thread-1] INFO  segmented.SegmentedRaftLogWorker (SegmentedRaftLogWorker.java:<init>(172)) - new 6f849279-8265-485e-82a5-918f2cc86fc1@group-C25A2268DBFF-SegmentedRaftLogWorker for RaftStorage:Storage Directory /workdir/hadoop-ozone/integration-test/target/test-dir/MiniOzoneClusterImpl-de332c24-5f7d-4363-8764-5335807553b9/datanode-8/data/ratis/02ff45d0-2155-4120-8ab3-c25a2268dbff
2019-09-24 02:22:12,149 [pool-107-thread-1] INFO  server.RaftServerConfigKeys (ConfUtils.java:logGet(43)) - raft.server.log.queue.byte-limit = 2147483647 (custom)
2019-09-24 02:22:12,150 [pool-107-thread-1] INFO  server.RaftServerConfigKeys (ConfUtils.java:logGet(43)) - raft.server.log.queue.element-limit = 1024 (custom)
2019-09-24 02:22:12,150 [pool-107-thread-1] INFO  server.RaftServerConfigKeys (ConfUtils.java:logGet(43)) - raft.server.log.segment.size.max = 1048576 (custom)
2019-09-24 02:22:12,150 [pool-107-thread-1] INFO  server.RaftServerConfigKeys (ConfUtils.java:logGet(43)) - raft.server.log.preallocated.size = 16384 (custom)
2019-09-24 02:22:12,150 [pool-107-thread-1] INFO  server.RaftServerConfigKeys (ConfUtils.java:logGet(43)) - raft.server.log.write.buffer.size = 33554432 (custom)
2019-09-24 02:22:12,150 [pool-107-thread-1] INFO  server.RaftServerConfigKeys (ConfUtils.java:logGet(43)) - raft.server.log.force.sync.num = 128 (default)
2019-09-24 02:22:12,151 [pool-107-thread-1] INFO  server.RaftServerConfigKeys (ConfUtils.java:logGet(43)) - raft.server.log.statemachine.data.sync = true (default)
2019-09-24 02:22:12,151 [pool-107-thread-1] INFO  server.RaftServerConfigKeys (ConfUtils.java:logGet(43)) - raft.server.log.statemachine.data.sync.timeout = 10s (default)
2019-09-24 02:22:12,151 [pool-107-thread-1] INFO  server.RaftServerConfigKeys (ConfUtils.java:logGet(43)) - raft.server.log.statemachine.data.sync.timeout.retry = -1 (default)
2019-09-24 02:22:12,151 [pool-107-thread-1] INFO  server.RaftServerConfigKeys (ConfUtils.java:logGet(43)) - raft.server.log.statemachine.data.caching.enabled = true (custom)
2019-09-24 02:22:12,152 [pool-107-thread-1] INFO  segmented.SegmentedRaftLogWorker (SegmentedRaftLogWorker.java:lambda$new$0(132)) - 6f849279-8265-485e-82a5-918f2cc86fc1@group-C25A2268DBFF-SegmentedRaftLogWorker: flushIndex: setUnconditionally 0 -> -1
2019-09-24 02:22:12,152 [pool-107-thread-1] INFO  server.RaftServerConfigKeys (ConfUtils.java:logGet(43)) - raft.server.snapshot.auto.trigger.enabled = true (custom)
2019-09-24 02:22:12,152 [pool-107-thread-1] INFO  server.RaftServerConfigKeys (ConfUtils.java:logGet(43)) - raft.server.snapshot.auto.trigger.threshold = 10000 (custom)
2019-09-24 02:22:12,152 [pool-107-thread-1] INFO  server.RaftServerConfigKeys (ConfUtils.java:logGet(43)) - raft.server.snapshot.retention.num.files = 5 (custom)
2019-09-24 02:22:12,153 [pool-107-thread-1] INFO  server.RaftServerConfigKeys (ConfUtils.java:logGet(43)) - raft.server.retrycache.expirytime = 600000ms (custom)
2019-09-24 02:22:12,156 [pool-107-thread-1] INFO  impl.RaftServerImpl (RaftServerImpl.java:start(185)) - 6f849279-8265-485e-82a5-918f2cc86fc1@group-C25A2268DBFF: start as a follower, conf=-1: [6f849279-8265-485e-82a5-918f2cc86fc1:192.168.151.121:46354], old=null
2019-09-24 02:22:12,156 [pool-107-thread-1] INFO  impl.RaftServerImpl (RaftServerImpl.java:setRole(174)) - 6f849279-8265-485e-82a5-918f2cc86fc1@group-C25A2268DBFF: changes role from      null to FOLLOWER at term 0 for startAsFollower
2019-09-24 02:22:12,156 [pool-107-thread-1] INFO  impl.RoleInfo (RoleInfo.java:updateAndGet(143)) - 6f849279-8265-485e-82a5-918f2cc86fc1: start FollowerState
2019-09-24 02:22:12,156 [pool-107-thread-1] INFO  util.JmxRegister (JmxRegister.java:tryRegister(44)) - Successfully registered JMX Bean with object name Ratis:service=RaftServer,group=group-C25A2268DBFF,id=6f849279-8265-485e-82a5-918f2cc86fc1
2019-09-24 02:22:12,156 [main] INFO  ozone.MiniOzoneClusterImpl (MiniOzoneClusterImpl.java:lambda$waitForClusterToBeReady$0(147)) - Cluster is ready. Got 10 of 10 DN Heartbeats.
2019-09-24 02:22:12,171 [RatisPipelineUtilsThread] INFO  pipeline.PipelineStateManager (PipelineStateManager.java:addPipeline(56)) - Created pipeline Pipeline[ Id: 02ff45d0-2155-4120-8ab3-c25a2268dbff, Nodes: 6f849279-8265-485e-82a5-918f2cc86fc1{ip: 192.168.151.121, host: pr-hdds-2162-tjkd5-3209850126, networkLocation: /rack1, certSerialId: null}, Type:RATIS, Factor:ONE, State:OPEN]
2019-09-24 02:22:12,195 [grpc-default-executor-0] INFO  impl.RaftServerProxy (RaftServerProxy.java:addNew(89)) - afd2474b-fc98-4bcf-8229-023d47ec65b0: addNew group-9452A70C4330:[afd2474b-fc98-4bcf-8229-023d47ec65b0:192.168.151.121:41375] returns group-9452A70C4330:java.util.concurrent.CompletableFuture@eb05f12[Not completed]
2019-09-24 02:22:12,201 [pool-97-thread-1] INFO  impl.RaftServerImpl (RaftServerImpl.java:<init>(95)) - afd2474b-fc98-4bcf-8229-023d47ec65b0: new RaftServerImpl for group-9452A70C4330:[afd2474b-fc98-4bcf-8229-023d47ec65b0:192.168.151.121:41375] with ContainerStateMachine:uninitialized
2019-09-24 02:22:12,202 [pool-97-thread-1] INFO  server.RaftServerConfigKeys (ConfUtils.java:logGet(43)) - raft.server.rpc.timeout.min = 1s (custom)
2019-09-24 02:22:12,202 [pool-97-thread-1] INFO  server.RaftServerConfigKeys (ConfUtils.java:logGet(43)) - raft.server.rpc.timeout.max = 1200ms (custom)
2019-09-24 02:22:12,202 [pool-97-thread-1] INFO  server.RaftServerConfigKeys (ConfUtils.java:logGet(43)) - raft.server.rpcslowness.timeout = 120s (custom)
2019-09-24 02:22:12,202 [pool-97-thread-1] INFO  server.RaftServerConfigKeys (ConfUtils.java:logGet(43)) - raft.server.sleep.deviation.threshold = 300 (default)
2019-09-24 02:22:12,202 [pool-97-thread-1] INFO  server.RaftServerConfigKeys (ConfUtils.java:logGet(43)) - raft.server.log.appender.install.snapshot.enabled = false (custom)
2019-09-24 02:22:12,203 [pool-97-thread-1] INFO  impl.RaftServerImpl (ServerState.java:<init>(103)) - afd2474b-fc98-4bcf-8229-023d47ec65b0@group-9452A70C4330: ConfigurationManager, init=-1: [afd2474b-fc98-4bcf-8229-023d47ec65b0:192.168.151.121:41375], old=null, confs=<EMPTY_MAP>
2019-09-24 02:22:12,203 [pool-97-thread-1] INFO  server.RaftServerConfigKeys (ConfUtils.java:logGet(43)) - raft.server.storage.dir = [/workdir/hadoop-ozone/integration-test/target/test-dir/MiniOzoneClusterImpl-de332c24-5f7d-4363-8764-5335807553b9/datanode-7/data/ratis] (custom)
2019-09-24 02:22:12,203 [pool-97-thread-1] INFO  storage.RaftStorageDirectory (RaftStorageDirectory.java:analyzeStorage(246)) - The storage directory /workdir/hadoop-ozone/integration-test/target/test-dir/MiniOzoneClusterImpl-de332c24-5f7d-4363-8764-5335807553b9/datanode-7/data/ratis/50dae01a-75f6-47f1-adf8-9452a70c4330 does not exist. Creating ...
2019-09-24 02:22:12,216 [pool-97-thread-1] INFO  storage.RaftStorageDirectory (RaftStorageDirectory.java:tryLock(328)) - Lock on /workdir/hadoop-ozone/integration-test/target/test-dir/MiniOzoneClusterImpl-de332c24-5f7d-4363-8764-5335807553b9/datanode-7/data/ratis/50dae01a-75f6-47f1-adf8-9452a70c4330/in_use.lock acquired by nodename 30927@pr-hdds-2162-tjkd5-3209850126
2019-09-24 02:22:12,230 [pool-97-thread-1] INFO  storage.RaftStorage (RaftStorage.java:format(72)) - Storage directory /workdir/hadoop-ozone/integration-test/target/test-dir/MiniOzoneClusterImpl-de332c24-5f7d-4363-8764-5335807553b9/datanode-7/data/ratis/50dae01a-75f6-47f1-adf8-9452a70c4330 has been successfully formatted.
2019-09-24 02:22:12,230 [pool-97-thread-1] INFO  ratis.ContainerStateMachine (ContainerStateMachine.java:loadSnapshot(230)) - group-9452A70C4330: The snapshot info is null. Setting the last applied indexto:(t:0, i:~)
2019-09-24 02:22:12,230 [pool-97-thread-1] INFO  server.RaftServerConfigKeys (ConfUtils.java:logGet(43)) - raft.server.notification.no-leader.timeout = 120s (custom)
2019-09-24 02:22:12,230 [pool-97-thread-1] INFO  server.RaftServerConfigKeys (ConfUtils.java:logGet(43)) - raft.server.log.use.memory = false (default)
2019-09-24 02:22:12,231 [pool-97-thread-1] INFO  server.RaftServerConfigKeys (ConfUtils.java:logGet(43)) - raft.server.log.purge.gap = 1000000 (custom)
2019-09-24 02:22:12,231 [pool-97-thread-1] INFO  server.RaftServerConfigKeys (ConfUtils.java:logGet(43)) - raft.server.log.appender.buffer.byte-limit = 33554432 (custom)
2019-09-24 02:22:12,231 [pool-97-thread-1] INFO  server.RaftServerConfigKeys (ConfUtils.java:logGet(43)) - raft.server.log.segment.size.max = 1048576 (custom)
2019-09-24 02:22:12,231 [pool-97-thread-1] INFO  server.RaftServerConfigKeys (ConfUtils.java:logGet(43)) - raft.server.log.segment.cache.num.max = 2 (custom)
2019-09-24 02:22:12,231 [pool-97-thread-1] INFO  segmented.SegmentedRaftLogWorker (SegmentedRaftLogWorker.java:<init>(172)) - new afd2474b-fc98-4bcf-8229-023d47ec65b0@group-9452A70C4330-SegmentedRaftLogWorker for RaftStorage:Storage Directory /workdir/hadoop-ozone/integration-test/target/test-dir/MiniOzoneClusterImpl-de332c24-5f7d-4363-8764-5335807553b9/datanode-7/data/ratis/50dae01a-75f6-47f1-adf8-9452a70c4330
2019-09-24 02:22:12,235 [pool-97-thread-1] INFO  server.RaftServerConfigKeys (ConfUtils.java:logGet(43)) - raft.server.log.queue.byte-limit = 2147483647 (custom)
2019-09-24 02:22:12,235 [pool-97-thread-1] INFO  server.RaftServerConfigKeys (ConfUtils.java:logGet(43)) - raft.server.log.queue.element-limit = 1024 (custom)
2019-09-24 02:22:12,235 [pool-97-thread-1] INFO  server.RaftServerConfigKeys (ConfUtils.java:logGet(43)) - raft.server.log.segment.size.max = 1048576 (custom)
2019-09-24 02:22:12,236 [pool-97-thread-1] INFO  server.RaftServerConfigKeys (ConfUtils.java:logGet(43)) - raft.server.log.preallocated.size = 16384 (custom)
2019-09-24 02:22:12,236 [pool-97-thread-1] INFO  server.RaftServerConfigKeys (ConfUtils.java:logGet(43)) - raft.server.log.write.buffer.size = 33554432 (custom)
2019-09-24 02:22:12,236 [pool-97-thread-1] INFO  server.RaftServerConfigKeys (ConfUtils.java:logGet(43)) - raft.server.log.force.sync.num = 128 (default)
2019-09-24 02:22:12,236 [pool-97-thread-1] INFO  server.RaftServerConfigKeys (ConfUtils.java:logGet(43)) - raft.server.log.statemachine.data.sync = true (default)
2019-09-24 02:22:12,236 [pool-97-thread-1] INFO  server.RaftServerConfigKeys (ConfUtils.java:logGet(43)) - raft.server.log.statemachine.data.sync.timeout = 10s (default)
2019-09-24 02:22:12,237 [pool-97-thread-1] INFO  server.RaftServerConfigKeys (ConfUtils.java:logGet(43)) - raft.server.log.statemachine.data.sync.timeout.retry = -1 (default)
2019-09-24 02:22:12,237 [pool-97-thread-1] INFO  server.RaftServerConfigKeys (ConfUtils.java:logGet(43)) - raft.server.log.statemachine.data.caching.enabled = true (custom)
2019-09-24 02:22:12,238 [pool-97-thread-1] INFO  segmented.SegmentedRaftLogWorker (SegmentedRaftLogWorker.java:lambda$new$0(132)) - afd2474b-fc98-4bcf-8229-023d47ec65b0@group-9452A70C4330-SegmentedRaftLogWorker: flushIndex: setUnconditionally 0 -> -1
2019-09-24 02:22:12,238 [pool-97-thread-1] INFO  server.RaftServerConfigKeys (ConfUtils.java:logGet(43)) - raft.server.snapshot.auto.trigger.enabled = true (custom)
2019-09-24 02:22:12,238 [pool-97-thread-1] INFO  server.RaftServerConfigKeys (ConfUtils.java:logGet(43)) - raft.server.snapshot.auto.trigger.threshold = 10000 (custom)
2019-09-24 02:22:12,238 [pool-97-thread-1] INFO  server.RaftServerConfigKeys (ConfUtils.java:logGet(43)) - raft.server.snapshot.retention.num.files = 5 (custom)
2019-09-24 02:22:12,239 [pool-97-thread-1] INFO  server.RaftServerConfigKeys (ConfUtils.java:logGet(43)) - raft.server.retrycache.expirytime = 600000ms (custom)
2019-09-24 02:22:12,242 [pool-97-thread-1] INFO  impl.RaftServerImpl (RaftServerImpl.java:start(185)) - afd2474b-fc98-4bcf-8229-023d47ec65b0@group-9452A70C4330: start as a follower, conf=-1: [afd2474b-fc98-4bcf-8229-023d47ec65b0:192.168.151.121:41375], old=null
2019-09-24 02:22:12,242 [pool-97-thread-1] INFO  impl.RaftServerImpl (RaftServerImpl.java:setRole(174)) - afd2474b-fc98-4bcf-8229-023d47ec65b0@group-9452A70C4330: changes role from      null to FOLLOWER at term 0 for startAsFollower
2019-09-24 02:22:12,242 [pool-97-thread-1] INFO  impl.RoleInfo (RoleInfo.java:updateAndGet(143)) - afd2474b-fc98-4bcf-8229-023d47ec65b0: start FollowerState
2019-09-24 02:22:12,243 [pool-97-thread-1] INFO  util.JmxRegister (JmxRegister.java:tryRegister(44)) - Successfully registered JMX Bean with object name Ratis:service=RaftServer,group=group-9452A70C4330,id=afd2474b-fc98-4bcf-8229-023d47ec65b0
2019-09-24 02:22:12,266 [RatisPipelineUtilsThread] INFO  pipeline.PipelineStateManager (PipelineStateManager.java:addPipeline(56)) - Created pipeline Pipeline[ Id: 50dae01a-75f6-47f1-adf8-9452a70c4330, Nodes: afd2474b-fc98-4bcf-8229-023d47ec65b0{ip: 192.168.151.121, host: pr-hdds-2162-tjkd5-3209850126, networkLocation: /rack1, certSerialId: null}, Type:RATIS, Factor:ONE, State:OPEN]
2019-09-24 02:22:12,287 [grpc-default-executor-0] INFO  impl.RaftServerProxy (RaftServerProxy.java:addNew(89)) - 54979dbf-d71a-4b3b-9687-e35aa22ddfbe: addNew group-D5BA06B4D981:[54979dbf-d71a-4b3b-9687-e35aa22ddfbe:192.168.151.121:40767] returns group-D5BA06B4D981:java.util.concurrent.CompletableFuture@894017a[Not completed]
2019-09-24 02:22:12,292 [pool-67-thread-1] INFO  impl.RaftServerImpl (RaftServerImpl.java:<init>(95)) - 54979dbf-d71a-4b3b-9687-e35aa22ddfbe: new RaftServerImpl for group-D5BA06B4D981:[54979dbf-d71a-4b3b-9687-e35aa22ddfbe:192.168.151.121:40767] with ContainerStateMachine:uninitialized
2019-09-24 02:22:12,292 [pool-67-thread-1] INFO  server.RaftServerConfigKeys (ConfUtils.java:logGet(43)) - raft.server.rpc.timeout.min = 1s (custom)
2019-09-24 02:22:12,293 [pool-67-thread-1] INFO  server.RaftServerConfigKeys (ConfUtils.java:logGet(43)) - raft.server.rpc.timeout.max = 1200ms (custom)
2019-09-24 02:22:12,293 [pool-67-thread-1] INFO  server.RaftServerConfigKeys (ConfUtils.java:logGet(43)) - raft.server.rpcslowness.timeout = 120s (custom)
2019-09-24 02:22:12,293 [pool-67-thread-1] INFO  server.RaftServerConfigKeys (ConfUtils.java:logGet(43)) - raft.server.sleep.deviation.threshold = 300 (default)
2019-09-24 02:22:12,293 [pool-67-thread-1] INFO  server.RaftServerConfigKeys (ConfUtils.java:logGet(43)) - raft.server.log.appender.install.snapshot.enabled = false (custom)
2019-09-24 02:22:12,293 [pool-67-thread-1] INFO  impl.RaftServerImpl (ServerState.java:<init>(103)) - 54979dbf-d71a-4b3b-9687-e35aa22ddfbe@group-D5BA06B4D981: ConfigurationManager, init=-1: [54979dbf-d71a-4b3b-9687-e35aa22ddfbe:192.168.151.121:40767], old=null, confs=<EMPTY_MAP>
2019-09-24 02:22:12,294 [pool-67-thread-1] INFO  server.RaftServerConfigKeys (ConfUtils.java:logGet(43)) - raft.server.storage.dir = [/workdir/hadoop-ozone/integration-test/target/test-dir/MiniOzoneClusterImpl-de332c24-5f7d-4363-8764-5335807553b9/datanode-4/data/ratis] (custom)
2019-09-24 02:22:12,294 [pool-67-thread-1] INFO  storage.RaftStorageDirectory (RaftStorageDirectory.java:analyzeStorage(246)) - The storage directory /workdir/hadoop-ozone/integration-test/target/test-dir/MiniOzoneClusterImpl-de332c24-5f7d-4363-8764-5335807553b9/datanode-4/data/ratis/a99ae8bd-d656-45f3-b983-d5ba06b4d981 does not exist. Creating ...
2019-09-24 02:22:12,305 [Thread-285] INFO  impl.FollowerState (FollowerState.java:run(106)) - 6adb7553-cea6-43f8-9b13-e82d721d47e7:group-FB381BCCC211 changes to CANDIDATE, lastRpcTime:1010, electionTimeout:1009ms
2019-09-24 02:22:12,306 [Thread-285] INFO  impl.RoleInfo (RoleInfo.java:shutdownFollowerState(121)) - 6adb7553-cea6-43f8-9b13-e82d721d47e7: shutdown FollowerState
2019-09-24 02:22:12,306 [Thread-285] INFO  impl.RaftServerImpl (RaftServerImpl.java:setRole(174)) - 6adb7553-cea6-43f8-9b13-e82d721d47e7@group-FB381BCCC211: changes role from  FOLLOWER to CANDIDATE at term 0 for changeToCandidate
2019-09-24 02:22:12,315 [Thread-285] INFO  impl.RoleInfo (RoleInfo.java:updateAndGet(143)) - 6adb7553-cea6-43f8-9b13-e82d721d47e7: start LeaderElection
2019-09-24 02:22:12,319 [pool-67-thread-1] INFO  storage.RaftStorageDirectory (RaftStorageDirectory.java:tryLock(328)) - Lock on /workdir/hadoop-ozone/integration-test/target/test-dir/MiniOzoneClusterImpl-de332c24-5f7d-4363-8764-5335807553b9/datanode-4/data/ratis/a99ae8bd-d656-45f3-b983-d5ba06b4d981/in_use.lock acquired by nodename 30927@pr-hdds-2162-tjkd5-3209850126
2019-09-24 02:22:12,358 [pool-67-thread-1] INFO  storage.RaftStorage (RaftStorage.java:format(72)) - Storage directory /workdir/hadoop-ozone/integration-test/target/test-dir/MiniOzoneClusterImpl-de332c24-5f7d-4363-8764-5335807553b9/datanode-4/data/ratis/a99ae8bd-d656-45f3-b983-d5ba06b4d981 has been successfully formatted.
2019-09-24 02:22:12,358 [6adb7553-cea6-43f8-9b13-e82d721d47e7@group-FB381BCCC211:LeaderElection1] INFO  impl.LeaderElection (LeaderElection.java:askForVotes(182)) - 6adb7553-cea6-43f8-9b13-e82d721d47e7@group-FB381BCCC211:LeaderElection1: begin an election at term 1 for -1: [6adb7553-cea6-43f8-9b13-e82d721d47e7:192.168.151.121:37719], old=null
2019-09-24 02:22:12,359 [pool-67-thread-1] INFO  ratis.ContainerStateMachine (ContainerStateMachine.java:loadSnapshot(230)) - group-D5BA06B4D981: The snapshot info is null. Setting the last applied indexto:(t:0, i:~)
2019-09-24 02:22:12,359 [pool-67-thread-1] INFO  server.RaftServerConfigKeys (ConfUtils.java:logGet(43)) - raft.server.notification.no-leader.timeout = 120s (custom)
2019-09-24 02:22:12,359 [pool-67-thread-1] INFO  server.RaftServerConfigKeys (ConfUtils.java:logGet(43)) - raft.server.log.use.memory = false (default)
2019-09-24 02:22:12,359 [pool-67-thread-1] INFO  server.RaftServerConfigKeys (ConfUtils.java:logGet(43)) - raft.server.log.purge.gap = 1000000 (custom)
2019-09-24 02:22:12,360 [pool-67-thread-1] INFO  server.RaftServerConfigKeys (ConfUtils.java:logGet(43)) - raft.server.log.appender.buffer.byte-limit = 33554432 (custom)
2019-09-24 02:22:12,360 [pool-67-thread-1] INFO  server.RaftServerConfigKeys (ConfUtils.java:logGet(43)) - raft.server.log.segment.size.max = 1048576 (custom)
2019-09-24 02:22:12,360 [pool-67-thread-1] INFO  server.RaftServerConfigKeys (ConfUtils.java:logGet(43)) - raft.server.log.segment.cache.num.max = 2 (custom)
2019-09-24 02:22:12,360 [pool-67-thread-1] INFO  segmented.SegmentedRaftLogWorker (SegmentedRaftLogWorker.java:<init>(172)) - new 54979dbf-d71a-4b3b-9687-e35aa22ddfbe@group-D5BA06B4D981-SegmentedRaftLogWorker for RaftStorage:Storage Directory /workdir/hadoop-ozone/integration-test/target/test-dir/MiniOzoneClusterImpl-de332c24-5f7d-4363-8764-5335807553b9/datanode-4/data/ratis/a99ae8bd-d656-45f3-b983-d5ba06b4d981
2019-09-24 02:22:12,361 [6adb7553-cea6-43f8-9b13-e82d721d47e7@group-FB381BCCC211:LeaderElection1] INFO  impl.RoleInfo (RoleInfo.java:shutdownLeaderElection(134)) - 6adb7553-cea6-43f8-9b13-e82d721d47e7: shutdown LeaderElection
2019-09-24 02:22:12,361 [6adb7553-cea6-43f8-9b13-e82d721d47e7@group-FB381BCCC211:LeaderElection1] INFO  impl.RaftServerImpl (RaftServerImpl.java:setRole(174)) - 6adb7553-cea6-43f8-9b13-e82d721d47e7@group-FB381BCCC211: changes role from CANDIDATE to LEADER at term 1 for changeToLeader
2019-09-24 02:22:12,362 [6adb7553-cea6-43f8-9b13-e82d721d47e7@group-FB381BCCC211:LeaderElection1] INFO  impl.RaftServerImpl (ServerState.java:setLeader(253)) - 6adb7553-cea6-43f8-9b13-e82d721d47e7@group-FB381BCCC211: change Leader from null to 6adb7553-cea6-43f8-9b13-e82d721d47e7 at term 1 for becomeLeader, leader elected after 1188ms
2019-09-24 02:22:12,363 [pool-67-thread-1] INFO  server.RaftServerConfigKeys (ConfUtils.java:logGet(43)) - raft.server.log.queue.byte-limit = 2147483647 (custom)
2019-09-24 02:22:12,364 [pool-67-thread-1] INFO  server.RaftServerConfigKeys (ConfUtils.java:logGet(43)) - raft.server.log.queue.element-limit = 1024 (custom)
2019-09-24 02:22:12,364 [pool-67-thread-1] INFO  server.RaftServerConfigKeys (ConfUtils.java:logGet(43)) - raft.server.log.segment.size.max = 1048576 (custom)
2019-09-24 02:22:12,367 [pool-67-thread-1] INFO  server.RaftServerConfigKeys (ConfUtils.java:logGet(43)) - raft.server.log.preallocated.size = 16384 (custom)
2019-09-24 02:22:12,367 [pool-67-thread-1] INFO  server.RaftServerConfigKeys (ConfUtils.java:logGet(43)) - raft.server.log.write.buffer.size = 33554432 (custom)
2019-09-24 02:22:12,367 [pool-67-thread-1] INFO  server.RaftServerConfigKeys (ConfUtils.java:logGet(43)) - raft.server.log.force.sync.num = 128 (default)
2019-09-24 02:22:12,367 [pool-67-thread-1] INFO  server.RaftServerConfigKeys (ConfUtils.java:logGet(43)) - raft.server.log.statemachine.data.sync = true (default)
2019-09-24 02:22:12,368 [pool-67-thread-1] INFO  server.RaftServerConfigKeys (ConfUtils.java:logGet(43)) - raft.server.log.statemachine.data.sync.timeout = 10s (default)
2019-09-24 02:22:12,368 [pool-67-thread-1] INFO  server.RaftServerConfigKeys (ConfUtils.java:logGet(43)) - raft.server.log.statemachine.data.sync.timeout.retry = -1 (default)
2019-09-24 02:22:12,368 [pool-67-thread-1] INFO  server.RaftServerConfigKeys (ConfUtils.java:logGet(43)) - raft.server.log.statemachine.data.caching.enabled = true (custom)
2019-09-24 02:22:12,369 [pool-67-thread-1] INFO  segmented.SegmentedRaftLogWorker (SegmentedRaftLogWorker.java:lambda$new$0(132)) - 54979dbf-d71a-4b3b-9687-e35aa22ddfbe@group-D5BA06B4D981-SegmentedRaftLogWorker: flushIndex: setUnconditionally 0 -> -1
2019-09-24 02:22:12,369 [pool-67-thread-1] INFO  server.RaftServerConfigKeys (ConfUtils.java:logGet(43)) - raft.server.snapshot.auto.trigger.enabled = true (custom)
2019-09-24 02:22:12,369 [pool-67-thread-1] INFO  server.RaftServerConfigKeys (ConfUtils.java:logGet(43)) - raft.server.snapshot.auto.trigger.threshold = 10000 (custom)
2019-09-24 02:22:12,369 [pool-67-thread-1] INFO  server.RaftServerConfigKeys (ConfUtils.java:logGet(43)) - raft.server.snapshot.retention.num.files = 5 (custom)
2019-09-24 02:22:12,370 [pool-67-thread-1] INFO  server.RaftServerConfigKeys (ConfUtils.java:logGet(43)) - raft.server.retrycache.expirytime = 600000ms (custom)
2019-09-24 02:22:12,374 [6adb7553-cea6-43f8-9b13-e82d721d47e7@group-FB381BCCC211:LeaderElection1] INFO  server.RaftServerConfigKeys (ConfUtils.java:logGet(43)) - raft.server.staging.catchup.gap = 1000 (default)
2019-09-24 02:22:12,374 [6adb7553-cea6-43f8-9b13-e82d721d47e7@group-FB381BCCC211:LeaderElection1] INFO  server.RaftServerConfigKeys (ConfUtils.java:logGet(43)) - raft.server.rpc.sleep.time = 25ms (default)
2019-09-24 02:22:12,375 [pool-67-thread-1] INFO  impl.RaftServerImpl (RaftServerImpl.java:start(185)) - 54979dbf-d71a-4b3b-9687-e35aa22ddfbe@group-D5BA06B4D981: start as a follower, conf=-1: [54979dbf-d71a-4b3b-9687-e35aa22ddfbe:192.168.151.121:40767], old=null
2019-09-24 02:22:12,375 [pool-67-thread-1] INFO  impl.RaftServerImpl (RaftServerImpl.java:setRole(174)) - 54979dbf-d71a-4b3b-9687-e35aa22ddfbe@group-D5BA06B4D981: changes role from      null to FOLLOWER at term 0 for startAsFollower
2019-09-24 02:22:12,375 [pool-67-thread-1] INFO  impl.RoleInfo (RoleInfo.java:updateAndGet(143)) - 54979dbf-d71a-4b3b-9687-e35aa22ddfbe: start FollowerState
2019-09-24 02:22:12,376 [pool-67-thread-1] INFO  util.JmxRegister (JmxRegister.java:tryRegister(44)) - Successfully registered JMX Bean with object name Ratis:service=RaftServer,group=group-D5BA06B4D981,id=54979dbf-d71a-4b3b-9687-e35aa22ddfbe
2019-09-24 02:22:12,380 [6adb7553-cea6-43f8-9b13-e82d721d47e7@group-FB381BCCC211:LeaderElection1] INFO  server.RaftServerConfigKeys (ConfUtils.java:logGet(43)) - raft.server.write.element-limit = 4096 (default)
2019-09-24 02:22:12,392 [RatisPipelineUtilsThread] INFO  pipeline.PipelineStateManager (PipelineStateManager.java:addPipeline(56)) - Created pipeline Pipeline[ Id: a99ae8bd-d656-45f3-b983-d5ba06b4d981, Nodes: 54979dbf-d71a-4b3b-9687-e35aa22ddfbe{ip: 192.168.151.121, host: pr-hdds-2162-tjkd5-3209850126, networkLocation: /rack1, certSerialId: null}, Type:RATIS, Factor:ONE, State:OPEN]
2019-09-24 02:22:12,393 [6adb7553-cea6-43f8-9b13-e82d721d47e7@group-FB381BCCC211:LeaderElection1] INFO  server.RaftServerConfigKeys (ConfUtils.java:logGet(43)) - raft.server.watch.timeout = 10s (default)
2019-09-24 02:22:12,393 [6adb7553-cea6-43f8-9b13-e82d721d47e7@group-FB381BCCC211:LeaderElection1] INFO  server.RaftServerConfigKeys (ConfUtils.java:logGet(43)) - raft.server.watch.timeout.denomination = 1s (default)
2019-09-24 02:22:12,394 [6adb7553-cea6-43f8-9b13-e82d721d47e7@group-FB381BCCC211:LeaderElection1] INFO  server.RaftServerConfigKeys (ConfUtils.java:logGet(43)) - raft.server.watch.element-limit = 65536 (default)
2019-09-24 02:22:12,415 [grpc-default-executor-0] INFO  impl.RaftServerProxy (RaftServerProxy.java:addNew(89)) - 8a99bbfb-49a9-45e9-85c7-917445244762: addNew group-524DFF0A3A57:[8a99bbfb-49a9-45e9-85c7-917445244762:192.168.151.121:36521] returns group-524DFF0A3A57:java.util.concurrent.CompletableFuture@5ab5d00e[Not completed]
2019-09-24 02:22:12,427 [pool-77-thread-1] INFO  impl.RaftServerImpl (RaftServerImpl.java:<init>(95)) - 8a99bbfb-49a9-45e9-85c7-917445244762: new RaftServerImpl for group-524DFF0A3A57:[8a99bbfb-49a9-45e9-85c7-917445244762:192.168.151.121:36521] with ContainerStateMachine:uninitialized
2019-09-24 02:22:12,427 [pool-77-thread-1] INFO  server.RaftServerConfigKeys (ConfUtils.java:logGet(43)) - raft.server.rpc.timeout.min = 1s (custom)
2019-09-24 02:22:12,427 [pool-77-thread-1] INFO  server.RaftServerConfigKeys (ConfUtils.java:logGet(43)) - raft.server.rpc.timeout.max = 1200ms (custom)
2019-09-24 02:22:12,427 [pool-77-thread-1] INFO  server.RaftServerConfigKeys (ConfUtils.java:logGet(43)) - raft.server.rpcslowness.timeout = 120s (custom)
2019-09-24 02:22:12,427 [pool-77-thread-1] INFO  server.RaftServerConfigKeys (ConfUtils.java:logGet(43)) - raft.server.sleep.deviation.threshold = 300 (default)
2019-09-24 02:22:12,427 [pool-77-thread-1] INFO  server.RaftServerConfigKeys (ConfUtils.java:logGet(43)) - raft.server.log.appender.install.snapshot.enabled = false (custom)
2019-09-24 02:22:12,428 [pool-77-thread-1] INFO  impl.RaftServerImpl (ServerState.java:<init>(103)) - 8a99bbfb-49a9-45e9-85c7-917445244762@group-524DFF0A3A57: ConfigurationManager, init=-1: [8a99bbfb-49a9-45e9-85c7-917445244762:192.168.151.121:36521], old=null, confs=<EMPTY_MAP>
2019-09-24 02:22:12,428 [pool-77-thread-1] INFO  server.RaftServerConfigKeys (ConfUtils.java:logGet(43)) - raft.server.storage.dir = [/workdir/hadoop-ozone/integration-test/target/test-dir/MiniOzoneClusterImpl-de332c24-5f7d-4363-8764-5335807553b9/datanode-5/data/ratis] (custom)
2019-09-24 02:22:12,428 [pool-77-thread-1] INFO  storage.RaftStorageDirectory (RaftStorageDirectory.java:analyzeStorage(246)) - The storage directory /workdir/hadoop-ozone/integration-test/target/test-dir/MiniOzoneClusterImpl-de332c24-5f7d-4363-8764-5335807553b9/datanode-5/data/ratis/a2618df9-6970-407b-a053-524dff0a3a57 does not exist. Creating ...
2019-09-24 02:22:12,431 [6adb7553-cea6-43f8-9b13-e82d721d47e7@group-FB381BCCC211:LeaderElection1] INFO  impl.RoleInfo (RoleInfo.java:updateAndGet(143)) - 6adb7553-cea6-43f8-9b13-e82d721d47e7: start LeaderState
2019-09-24 02:22:12,441 [pool-77-thread-1] INFO  storage.RaftStorageDirectory (RaftStorageDirectory.java:tryLock(328)) - Lock on /workdir/hadoop-ozone/integration-test/target/test-dir/MiniOzoneClusterImpl-de332c24-5f7d-4363-8764-5335807553b9/datanode-5/data/ratis/a2618df9-6970-407b-a053-524dff0a3a57/in_use.lock acquired by nodename 30927@pr-hdds-2162-tjkd5-3209850126
2019-09-24 02:22:12,454 [pool-77-thread-1] INFO  storage.RaftStorage (RaftStorage.java:format(72)) - Storage directory /workdir/hadoop-ozone/integration-test/target/test-dir/MiniOzoneClusterImpl-de332c24-5f7d-4363-8764-5335807553b9/datanode-5/data/ratis/a2618df9-6970-407b-a053-524dff0a3a57 has been successfully formatted.
2019-09-24 02:22:12,455 [pool-77-thread-1] INFO  ratis.ContainerStateMachine (ContainerStateMachine.java:loadSnapshot(230)) - group-524DFF0A3A57: The snapshot info is null. Setting the last applied indexto:(t:0, i:~)
2019-09-24 02:22:12,455 [pool-77-thread-1] INFO  server.RaftServerConfigKeys (ConfUtils.java:logGet(43)) - raft.server.notification.no-leader.timeout = 120s (custom)
2019-09-24 02:22:12,455 [pool-77-thread-1] INFO  server.RaftServerConfigKeys (ConfUtils.java:logGet(43)) - raft.server.log.use.memory = false (default)
2019-09-24 02:22:12,455 [pool-77-thread-1] INFO  server.RaftServerConfigKeys (ConfUtils.java:logGet(43)) - raft.server.log.purge.gap = 1000000 (custom)
2019-09-24 02:22:12,455 [pool-77-thread-1] INFO  server.RaftServerConfigKeys (ConfUtils.java:logGet(43)) - raft.server.log.appender.buffer.byte-limit = 33554432 (custom)
2019-09-24 02:22:12,455 [pool-77-thread-1] INFO  server.RaftServerConfigKeys (ConfUtils.java:logGet(43)) - raft.server.log.segment.size.max = 1048576 (custom)
2019-09-24 02:22:12,455 [pool-77-thread-1] INFO  server.RaftServerConfigKeys (ConfUtils.java:logGet(43)) - raft.server.log.segment.cache.num.max = 2 (custom)
2019-09-24 02:22:12,456 [pool-77-thread-1] INFO  segmented.SegmentedRaftLogWorker (SegmentedRaftLogWorker.java:<init>(172)) - new 8a99bbfb-49a9-45e9-85c7-917445244762@group-524DFF0A3A57-SegmentedRaftLogWorker for RaftStorage:Storage Directory /workdir/hadoop-ozone/integration-test/target/test-dir/MiniOzoneClusterImpl-de332c24-5f7d-4363-8764-5335807553b9/datanode-5/data/ratis/a2618df9-6970-407b-a053-524dff0a3a57
2019-09-24 02:22:12,461 [pool-77-thread-1] INFO  server.RaftServerConfigKeys (ConfUtils.java:logGet(43)) - raft.server.log.queue.byte-limit = 2147483647 (custom)
2019-09-24 02:22:12,462 [pool-77-thread-1] INFO  server.RaftServerConfigKeys (ConfUtils.java:logGet(43)) - raft.server.log.queue.element-limit = 1024 (custom)
2019-09-24 02:22:12,462 [pool-77-thread-1] INFO  server.RaftServerConfigKeys (ConfUtils.java:logGet(43)) - raft.server.log.segment.size.max = 1048576 (custom)
2019-09-24 02:22:12,462 [pool-77-thread-1] INFO  server.RaftServerConfigKeys (ConfUtils.java:logGet(43)) - raft.server.log.preallocated.size = 16384 (custom)
2019-09-24 02:22:12,462 [pool-77-thread-1] INFO  server.RaftServerConfigKeys (ConfUtils.java:logGet(43)) - raft.server.log.write.buffer.size = 33554432 (custom)
2019-09-24 02:22:12,462 [pool-77-thread-1] INFO  server.RaftServerConfigKeys (ConfUtils.java:logGet(43)) - raft.server.log.force.sync.num = 128 (default)
2019-09-24 02:22:12,462 [pool-77-thread-1] INFO  server.RaftServerConfigKeys (ConfUtils.java:logGet(43)) - raft.server.log.statemachine.data.sync = true (default)
2019-09-24 02:22:12,462 [pool-77-thread-1] INFO  server.RaftServerConfigKeys (ConfUtils.java:logGet(43)) - raft.server.log.statemachine.data.sync.timeout = 10s (default)
2019-09-24 02:22:12,463 [pool-77-thread-1] INFO  server.RaftServerConfigKeys (ConfUtils.java:logGet(43)) - raft.server.log.statemachine.data.sync.timeout.retry = -1 (default)
2019-09-24 02:22:12,463 [6adb7553-cea6-43f8-9b13-e82d721d47e7@group-FB381BCCC211:LeaderElection1] INFO  segmented.SegmentedRaftLogWorker (SegmentedRaftLogWorker.java:startLogSegment(380)) - 6adb7553-cea6-43f8-9b13-e82d721d47e7@group-FB381BCCC211-SegmentedRaftLogWorker: Starting segment from index:0
2019-09-24 02:22:12,463 [pool-77-thread-1] INFO  server.RaftServerConfigKeys (ConfUtils.java:logGet(43)) - raft.server.log.statemachine.data.caching.enabled = true (custom)
2019-09-24 02:22:12,463 [pool-77-thread-1] INFO  segmented.SegmentedRaftLogWorker (SegmentedRaftLogWorker.java:lambda$new$0(132)) - 8a99bbfb-49a9-45e9-85c7-917445244762@group-524DFF0A3A57-SegmentedRaftLogWorker: flushIndex: setUnconditionally 0 -> -1
2019-09-24 02:22:12,463 [pool-77-thread-1] INFO  server.RaftServerConfigKeys (ConfUtils.java:logGet(43)) - raft.server.snapshot.auto.trigger.enabled = true (custom)
2019-09-24 02:22:12,464 [pool-77-thread-1] INFO  server.RaftServerConfigKeys (ConfUtils.java:logGet(43)) - raft.server.snapshot.auto.trigger.threshold = 10000 (custom)
2019-09-24 02:22:12,464 [pool-77-thread-1] INFO  server.RaftServerConfigKeys (ConfUtils.java:logGet(43)) - raft.server.snapshot.retention.num.files = 5 (custom)
2019-09-24 02:22:12,464 [pool-77-thread-1] INFO  server.RaftServerConfigKeys (ConfUtils.java:logGet(43)) - raft.server.retrycache.expirytime = 600000ms (custom)
2019-09-24 02:22:12,466 [pool-77-thread-1] INFO  impl.RaftServerImpl (RaftServerImpl.java:start(185)) - 8a99bbfb-49a9-45e9-85c7-917445244762@group-524DFF0A3A57: start as a follower, conf=-1: [8a99bbfb-49a9-45e9-85c7-917445244762:192.168.151.121:36521], old=null
2019-09-24 02:22:12,466 [pool-77-thread-1] INFO  impl.RaftServerImpl (RaftServerImpl.java:setRole(174)) - 8a99bbfb-49a9-45e9-85c7-917445244762@group-524DFF0A3A57: changes role from      null to FOLLOWER at term 0 for startAsFollower
2019-09-24 02:22:12,466 [pool-77-thread-1] INFO  impl.RoleInfo (RoleInfo.java:updateAndGet(143)) - 8a99bbfb-49a9-45e9-85c7-917445244762: start FollowerState
2019-09-24 02:22:12,466 [pool-77-thread-1] INFO  util.JmxRegister (JmxRegister.java:tryRegister(44)) - Successfully registered JMX Bean with object name Ratis:service=RaftServer,group=group-524DFF0A3A57,id=8a99bbfb-49a9-45e9-85c7-917445244762
2019-09-24 02:22:12,482 [RatisPipelineUtilsThread] INFO  pipeline.PipelineStateManager (PipelineStateManager.java:addPipeline(56)) - Created pipeline Pipeline[ Id: a2618df9-6970-407b-a053-524dff0a3a57, Nodes: 8a99bbfb-49a9-45e9-85c7-917445244762{ip: 192.168.151.121, host: pr-hdds-2162-tjkd5-3209850126, networkLocation: /rack1, certSerialId: null}, Type:RATIS, Factor:ONE, State:OPEN]
2019-09-24 02:22:12,490 [6adb7553-cea6-43f8-9b13-e82d721d47e7@group-FB381BCCC211:LeaderElection1] INFO  impl.RaftServerImpl (ServerState.java:setRaftConf(354)) - 6adb7553-cea6-43f8-9b13-e82d721d47e7@group-FB381BCCC211: set configuration 0: [6adb7553-cea6-43f8-9b13-e82d721d47e7:192.168.151.121:37719], old=null at 0
2019-09-24 02:22:12,517 [grpc-default-executor-0] INFO  impl.RaftServerProxy (RaftServerProxy.java:addNew(89)) - 8c193d5e-9ed1-473b-899f-b32365b4534a: addNew group-9539D0A3D32B:[8c193d5e-9ed1-473b-899f-b32365b4534a:192.168.151.121:33457] returns group-9539D0A3D32B:java.util.concurrent.CompletableFuture@566e97a4[Not completed]
2019-09-24 02:22:12,521 [pool-87-thread-1] INFO  impl.RaftServerImpl (RaftServerImpl.java:<init>(95)) - 8c193d5e-9ed1-473b-899f-b32365b4534a: new RaftServerImpl for group-9539D0A3D32B:[8c193d5e-9ed1-473b-899f-b32365b4534a:192.168.151.121:33457] with ContainerStateMachine:uninitialized
2019-09-24 02:22:12,522 [pool-87-thread-1] INFO  server.RaftServerConfigKeys (ConfUtils.java:logGet(43)) - raft.server.rpc.timeout.min = 1s (custom)
2019-09-24 02:22:12,522 [pool-87-thread-1] INFO  server.RaftServerConfigKeys (ConfUtils.java:logGet(43)) - raft.server.rpc.timeout.max = 1200ms (custom)
2019-09-24 02:22:12,522 [pool-87-thread-1] INFO  server.RaftServerConfigKeys (ConfUtils.java:logGet(43)) - raft.server.rpcslowness.timeout = 120s (custom)
2019-09-24 02:22:12,522 [pool-87-thread-1] INFO  server.RaftServerConfigKeys (ConfUtils.java:logGet(43)) - raft.server.sleep.deviation.threshold = 300 (default)
2019-09-24 02:22:12,522 [pool-87-thread-1] INFO  server.RaftServerConfigKeys (ConfUtils.java:logGet(43)) - raft.server.log.appender.install.snapshot.enabled = false (custom)
2019-09-24 02:22:12,522 [pool-87-thread-1] INFO  impl.RaftServerImpl (ServerState.java:<init>(103)) - 8c193d5e-9ed1-473b-899f-b32365b4534a@group-9539D0A3D32B: ConfigurationManager, init=-1: [8c193d5e-9ed1-473b-899f-b32365b4534a:192.168.151.121:33457], old=null, confs=<EMPTY_MAP>
2019-09-24 02:22:12,523 [pool-87-thread-1] INFO  server.RaftServerConfigKeys (ConfUtils.java:logGet(43)) - raft.server.storage.dir = [/workdir/hadoop-ozone/integration-test/target/test-dir/MiniOzoneClusterImpl-de332c24-5f7d-4363-8764-5335807553b9/datanode-6/data/ratis] (custom)
2019-09-24 02:22:12,523 [pool-87-thread-1] INFO  storage.RaftStorageDirectory (RaftStorageDirectory.java:analyzeStorage(246)) - The storage directory /workdir/hadoop-ozone/integration-test/target/test-dir/MiniOzoneClusterImpl-de332c24-5f7d-4363-8764-5335807553b9/datanode-6/data/ratis/d7149ef8-1754-4d85-85ac-9539d0a3d32b does not exist. Creating ...
2019-09-24 02:22:12,536 [pool-87-thread-1] INFO  storage.RaftStorageDirectory (RaftStorageDirectory.java:tryLock(328)) - Lock on /workdir/hadoop-ozone/integration-test/target/test-dir/MiniOzoneClusterImpl-de332c24-5f7d-4363-8764-5335807553b9/datanode-6/data/ratis/d7149ef8-1754-4d85-85ac-9539d0a3d32b/in_use.lock acquired by nodename 30927@pr-hdds-2162-tjkd5-3209850126
2019-09-24 02:22:12,549 [pool-87-thread-1] INFO  storage.RaftStorage (RaftStorage.java:format(72)) - Storage directory /workdir/hadoop-ozone/integration-test/target/test-dir/MiniOzoneClusterImpl-de332c24-5f7d-4363-8764-5335807553b9/datanode-6/data/ratis/d7149ef8-1754-4d85-85ac-9539d0a3d32b has been successfully formatted.
2019-09-24 02:22:12,550 [pool-87-thread-1] INFO  ratis.ContainerStateMachine (ContainerStateMachine.java:loadSnapshot(230)) - group-9539D0A3D32B: The snapshot info is null. Setting the last applied indexto:(t:0, i:~)
2019-09-24 02:22:12,550 [pool-87-thread-1] INFO  server.RaftServerConfigKeys (ConfUtils.java:logGet(43)) - raft.server.notification.no-leader.timeout = 120s (custom)
2019-09-24 02:22:12,550 [pool-87-thread-1] INFO  server.RaftServerConfigKeys (ConfUtils.java:logGet(43)) - raft.server.log.use.memory = false (default)
2019-09-24 02:22:12,550 [pool-87-thread-1] INFO  server.RaftServerConfigKeys (ConfUtils.java:logGet(43)) - raft.server.log.purge.gap = 1000000 (custom)
2019-09-24 02:22:12,550 [pool-87-thread-1] INFO  server.RaftServerConfigKeys (ConfUtils.java:logGet(43)) - raft.server.log.appender.buffer.byte-limit = 33554432 (custom)
2019-09-24 02:22:12,551 [pool-87-thread-1] INFO  server.RaftServerConfigKeys (ConfUtils.java:logGet(43)) - raft.server.log.segment.size.max = 1048576 (custom)
2019-09-24 02:22:12,551 [pool-87-thread-1] INFO  server.RaftServerConfigKeys (ConfUtils.java:logGet(43)) - raft.server.log.segment.cache.num.max = 2 (custom)
2019-09-24 02:22:12,551 [pool-87-thread-1] INFO  segmented.SegmentedRaftLogWorker (SegmentedRaftLogWorker.java:<init>(172)) - new 8c193d5e-9ed1-473b-899f-b32365b4534a@group-9539D0A3D32B-SegmentedRaftLogWorker for RaftStorage:Storage Directory /workdir/hadoop-ozone/integration-test/target/test-dir/MiniOzoneClusterImpl-de332c24-5f7d-4363-8764-5335807553b9/datanode-6/data/ratis/d7149ef8-1754-4d85-85ac-9539d0a3d32b
2019-09-24 02:22:12,554 [pool-87-thread-1] INFO  server.RaftServerConfigKeys (ConfUtils.java:logGet(43)) - raft.server.log.queue.byte-limit = 2147483647 (custom)
2019-09-24 02:22:12,554 [pool-87-thread-1] INFO  server.RaftServerConfigKeys (ConfUtils.java:logGet(43)) - raft.server.log.queue.element-limit = 1024 (custom)
2019-09-24 02:22:12,554 [pool-87-thread-1] INFO  server.RaftServerConfigKeys (ConfUtils.java:logGet(43)) - raft.server.log.segment.size.max = 1048576 (custom)
2019-09-24 02:22:12,554 [pool-87-thread-1] INFO  server.RaftServerConfigKeys (ConfUtils.java:logGet(43)) - raft.server.log.preallocated.size = 16384 (custom)
2019-09-24 02:22:12,554 [pool-87-thread-1] INFO  server.RaftServerConfigKeys (ConfUtils.java:logGet(43)) - raft.server.log.write.buffer.size = 33554432 (custom)
2019-09-24 02:22:12,555 [pool-87-thread-1] INFO  server.RaftServerConfigKeys (ConfUtils.java:logGet(43)) - raft.server.log.force.sync.num = 128 (default)
2019-09-24 02:22:12,555 [pool-87-thread-1] INFO  server.RaftServerConfigKeys (ConfUtils.java:logGet(43)) - raft.server.log.statemachine.data.sync = true (default)
2019-09-24 02:22:12,555 [pool-87-thread-1] INFO  server.RaftServerConfigKeys (ConfUtils.java:logGet(43)) - raft.server.log.statemachine.data.sync.timeout = 10s (default)
2019-09-24 02:22:12,555 [pool-87-thread-1] INFO  server.RaftServerConfigKeys (ConfUtils.java:logGet(43)) - raft.server.log.statemachine.data.sync.timeout.retry = -1 (default)
2019-09-24 02:22:12,555 [pool-87-thread-1] INFO  server.RaftServerConfigKeys (ConfUtils.java:logGet(43)) - raft.server.log.statemachine.data.caching.enabled = true (custom)
2019-09-24 02:22:12,556 [pool-87-thread-1] INFO  segmented.SegmentedRaftLogWorker (SegmentedRaftLogWorker.java:lambda$new$0(132)) - 8c193d5e-9ed1-473b-899f-b32365b4534a@group-9539D0A3D32B-SegmentedRaftLogWorker: flushIndex: setUnconditionally 0 -> -1
2019-09-24 02:22:12,556 [pool-87-thread-1] INFO  server.RaftServerConfigKeys (ConfUtils.java:logGet(43)) - raft.server.snapshot.auto.trigger.enabled = true (custom)
2019-09-24 02:22:12,556 [pool-87-thread-1] INFO  server.RaftServerConfigKeys (ConfUtils.java:logGet(43)) - raft.server.snapshot.auto.trigger.threshold = 10000 (custom)
2019-09-24 02:22:12,556 [pool-87-thread-1] INFO  server.RaftServerConfigKeys (ConfUtils.java:logGet(43)) - raft.server.snapshot.retention.num.files = 5 (custom)
2019-09-24 02:22:12,557 [pool-87-thread-1] INFO  server.RaftServerConfigKeys (ConfUtils.java:logGet(43)) - raft.server.retrycache.expirytime = 600000ms (custom)
2019-09-24 02:22:12,559 [pool-87-thread-1] INFO  impl.RaftServerImpl (RaftServerImpl.java:start(185)) - 8c193d5e-9ed1-473b-899f-b32365b4534a@group-9539D0A3D32B: start as a follower, conf=-1: [8c193d5e-9ed1-473b-899f-b32365b4534a:192.168.151.121:33457], old=null
2019-09-24 02:22:12,559 [pool-87-thread-1] INFO  impl.RaftServerImpl (RaftServerImpl.java:setRole(174)) - 8c193d5e-9ed1-473b-899f-b32365b4534a@group-9539D0A3D32B: changes role from      null to FOLLOWER at term 0 for startAsFollower
2019-09-24 02:22:12,560 [pool-87-thread-1] INFO  impl.RoleInfo (RoleInfo.java:updateAndGet(143)) - 8c193d5e-9ed1-473b-899f-b32365b4534a: start FollowerState
2019-09-24 02:22:12,560 [pool-87-thread-1] INFO  util.JmxRegister (JmxRegister.java:tryRegister(44)) - Successfully registered JMX Bean with object name Ratis:service=RaftServer,group=group-9539D0A3D32B,id=8c193d5e-9ed1-473b-899f-b32365b4534a
2019-09-24 02:22:12,580 [RatisPipelineUtilsThread] INFO  pipeline.PipelineStateManager (PipelineStateManager.java:addPipeline(56)) - Created pipeline Pipeline[ Id: d7149ef8-1754-4d85-85ac-9539d0a3d32b, Nodes: 8c193d5e-9ed1-473b-899f-b32365b4534a{ip: 192.168.151.121, host: pr-hdds-2162-tjkd5-3209850126, networkLocation: /rack1, certSerialId: null}, Type:RATIS, Factor:ONE, State:OPEN]
2019-09-24 02:22:12,635 [grpc-default-executor-2] INFO  impl.RaftServerProxy (RaftServerProxy.java:addNew(89)) - 76c02951-0e42-41da-95d2-62b96a0dd9ff: addNew group-D8F232C36E53:[6e6c6100-ad13-453b-9932-e9c645725862:192.168.151.121:44491, 6adb7553-cea6-43f8-9b13-e82d721d47e7:192.168.151.121:37719, 76c02951-0e42-41da-95d2-62b96a0dd9ff:192.168.151.121:42331] returns group-D8F232C36E53:java.util.concurrent.CompletableFuture@53b87b21[Not completed]
2019-09-24 02:22:12,636 [grpc-default-executor-1] INFO  impl.RaftServerProxy (RaftServerProxy.java:addNew(89)) - 6adb7553-cea6-43f8-9b13-e82d721d47e7: addNew group-D8F232C36E53:[6e6c6100-ad13-453b-9932-e9c645725862:192.168.151.121:44491, 6adb7553-cea6-43f8-9b13-e82d721d47e7:192.168.151.121:37719, 76c02951-0e42-41da-95d2-62b96a0dd9ff:192.168.151.121:42331] returns group-D8F232C36E53:java.util.concurrent.CompletableFuture@3b330723[Not completed]
2019-09-24 02:22:12,636 [grpc-default-executor-0] INFO  impl.RaftServerProxy (RaftServerProxy.java:addNew(89)) - 6e6c6100-ad13-453b-9932-e9c645725862: addNew group-D8F232C36E53:[6e6c6100-ad13-453b-9932-e9c645725862:192.168.151.121:44491, 6adb7553-cea6-43f8-9b13-e82d721d47e7:192.168.151.121:37719, 76c02951-0e42-41da-95d2-62b96a0dd9ff:192.168.151.121:42331] returns group-D8F232C36E53:java.util.concurrent.CompletableFuture@4cca8348[Not completed]
2019-09-24 02:22:12,637 [pool-57-thread-1] INFO  impl.RaftServerImpl (RaftServerImpl.java:<init>(95)) - 76c02951-0e42-41da-95d2-62b96a0dd9ff: new RaftServerImpl for group-D8F232C36E53:[6e6c6100-ad13-453b-9932-e9c645725862:192.168.151.121:44491, 6adb7553-cea6-43f8-9b13-e82d721d47e7:192.168.151.121:37719, 76c02951-0e42-41da-95d2-62b96a0dd9ff:192.168.151.121:42331] with ContainerStateMachine:uninitialized
2019-09-24 02:22:12,638 [pool-57-thread-1] INFO  server.RaftServerConfigKeys (ConfUtils.java:logGet(43)) - raft.server.rpc.timeout.min = 1s (custom)
2019-09-24 02:22:12,638 [pool-57-thread-1] INFO  server.RaftServerConfigKeys (ConfUtils.java:logGet(43)) - raft.server.rpc.timeout.max = 1200ms (custom)
2019-09-24 02:22:12,638 [pool-57-thread-1] INFO  server.RaftServerConfigKeys (ConfUtils.java:logGet(43)) - raft.server.rpcslowness.timeout = 120s (custom)
2019-09-24 02:22:12,638 [pool-57-thread-1] INFO  server.RaftServerConfigKeys (ConfUtils.java:logGet(43)) - raft.server.sleep.deviation.threshold = 300 (default)
2019-09-24 02:22:12,638 [pool-57-thread-1] INFO  server.RaftServerConfigKeys (ConfUtils.java:logGet(43)) - raft.server.log.appender.install.snapshot.enabled = false (custom)
2019-09-24 02:22:12,639 [pool-57-thread-1] INFO  impl.RaftServerImpl (ServerState.java:<init>(103)) - 76c02951-0e42-41da-95d2-62b96a0dd9ff@group-D8F232C36E53: ConfigurationManager, init=-1: [6e6c6100-ad13-453b-9932-e9c645725862:192.168.151.121:44491, 6adb7553-cea6-43f8-9b13-e82d721d47e7:192.168.151.121:37719, 76c02951-0e42-41da-95d2-62b96a0dd9ff:192.168.151.121:42331], old=null, confs=<EMPTY_MAP>
2019-09-24 02:22:12,639 [pool-57-thread-1] INFO  server.RaftServerConfigKeys (ConfUtils.java:logGet(43)) - raft.server.storage.dir = [/workdir/hadoop-ozone/integration-test/target/test-dir/MiniOzoneClusterImpl-de332c24-5f7d-4363-8764-5335807553b9/datanode-3/data/ratis] (custom)
2019-09-24 02:22:12,639 [pool-37-thread-1] INFO  impl.RaftServerImpl (RaftServerImpl.java:<init>(95)) - 6e6c6100-ad13-453b-9932-e9c645725862: new RaftServerImpl for group-D8F232C36E53:[6e6c6100-ad13-453b-9932-e9c645725862:192.168.151.121:44491, 6adb7553-cea6-43f8-9b13-e82d721d47e7:192.168.151.121:37719, 76c02951-0e42-41da-95d2-62b96a0dd9ff:192.168.151.121:42331] with ContainerStateMachine:uninitialized
2019-09-24 02:22:12,639 [pool-37-thread-1] INFO  server.RaftServerConfigKeys (ConfUtils.java:logGet(43)) - raft.server.rpc.timeout.min = 1s (custom)
2019-09-24 02:22:12,639 [pool-37-thread-1] INFO  server.RaftServerConfigKeys (ConfUtils.java:logGet(43)) - raft.server.rpc.timeout.max = 1200ms (custom)
2019-09-24 02:22:12,639 [pool-57-thread-1] INFO  storage.RaftStorageDirectory (RaftStorageDirectory.java:analyzeStorage(246)) - The storage directory /workdir/hadoop-ozone/integration-test/target/test-dir/MiniOzoneClusterImpl-de332c24-5f7d-4363-8764-5335807553b9/datanode-3/data/ratis/54e8e679-a3e8-4089-9b59-d8f232c36e53 does not exist. Creating ...
2019-09-24 02:22:12,640 [pool-37-thread-1] INFO  server.RaftServerConfigKeys (ConfUtils.java:logGet(43)) - raft.server.rpcslowness.timeout = 120s (custom)
2019-09-24 02:22:12,640 [pool-27-thread-1] INFO  impl.RaftServerImpl (RaftServerImpl.java:<init>(95)) - 6adb7553-cea6-43f8-9b13-e82d721d47e7: new RaftServerImpl for group-D8F232C36E53:[6e6c6100-ad13-453b-9932-e9c645725862:192.168.151.121:44491, 6adb7553-cea6-43f8-9b13-e82d721d47e7:192.168.151.121:37719, 76c02951-0e42-41da-95d2-62b96a0dd9ff:192.168.151.121:42331] with ContainerStateMachine:uninitialized
2019-09-24 02:22:12,640 [pool-37-thread-1] INFO  server.RaftServerConfigKeys (ConfUtils.java:logGet(43)) - raft.server.sleep.deviation.threshold = 300 (default)
2019-09-24 02:22:12,640 [pool-27-thread-1] INFO  server.RaftServerConfigKeys (ConfUtils.java:logGet(43)) - raft.server.rpc.timeout.min = 1s (custom)
2019-09-24 02:22:12,640 [pool-37-thread-1] INFO  server.RaftServerConfigKeys (ConfUtils.java:logGet(43)) - raft.server.log.appender.install.snapshot.enabled = false (custom)
2019-09-24 02:22:12,640 [pool-27-thread-1] INFO  server.RaftServerConfigKeys (ConfUtils.java:logGet(43)) - raft.server.rpc.timeout.max = 1200ms (custom)
2019-09-24 02:22:12,641 [pool-37-thread-1] INFO  impl.RaftServerImpl (ServerState.java:<init>(103)) - 6e6c6100-ad13-453b-9932-e9c645725862@group-D8F232C36E53: ConfigurationManager, init=-1: [6e6c6100-ad13-453b-9932-e9c645725862:192.168.151.121:44491, 6adb7553-cea6-43f8-9b13-e82d721d47e7:192.168.151.121:37719, 76c02951-0e42-41da-95d2-62b96a0dd9ff:192.168.151.121:42331], old=null, confs=<EMPTY_MAP>
2019-09-24 02:22:12,641 [pool-27-thread-1] INFO  server.RaftServerConfigKeys (ConfUtils.java:logGet(43)) - raft.server.rpcslowness.timeout = 120s (custom)
2019-09-24 02:22:12,641 [pool-37-thread-1] INFO  server.RaftServerConfigKeys (ConfUtils.java:logGet(43)) - raft.server.storage.dir = [/workdir/hadoop-ozone/integration-test/target/test-dir/MiniOzoneClusterImpl-de332c24-5f7d-4363-8764-5335807553b9/datanode-1/data/ratis] (custom)
2019-09-24 02:22:12,641 [pool-27-thread-1] INFO  server.RaftServerConfigKeys (ConfUtils.java:logGet(43)) - raft.server.sleep.deviation.threshold = 300 (default)
2019-09-24 02:22:12,641 [pool-27-thread-1] INFO  server.RaftServerConfigKeys (ConfUtils.java:logGet(43)) - raft.server.log.appender.install.snapshot.enabled = false (custom)
2019-09-24 02:22:12,642 [pool-27-thread-1] INFO  impl.RaftServerImpl (ServerState.java:<init>(103)) - 6adb7553-cea6-43f8-9b13-e82d721d47e7@group-D8F232C36E53: ConfigurationManager, init=-1: [6e6c6100-ad13-453b-9932-e9c645725862:192.168.151.121:44491, 6adb7553-cea6-43f8-9b13-e82d721d47e7:192.168.151.121:37719, 76c02951-0e42-41da-95d2-62b96a0dd9ff:192.168.151.121:42331], old=null, confs=<EMPTY_MAP>
2019-09-24 02:22:12,642 [pool-37-thread-1] INFO  storage.RaftStorageDirectory (RaftStorageDirectory.java:analyzeStorage(246)) - The storage directory /workdir/hadoop-ozone/integration-test/target/test-dir/MiniOzoneClusterImpl-de332c24-5f7d-4363-8764-5335807553b9/datanode-1/data/ratis/54e8e679-a3e8-4089-9b59-d8f232c36e53 does not exist. Creating ...
2019-09-24 02:22:12,642 [pool-27-thread-1] INFO  server.RaftServerConfigKeys (ConfUtils.java:logGet(43)) - raft.server.storage.dir = [/workdir/hadoop-ozone/integration-test/target/test-dir/MiniOzoneClusterImpl-de332c24-5f7d-4363-8764-5335807553b9/datanode-0/data/ratis] (custom)
2019-09-24 02:22:12,642 [pool-27-thread-1] INFO  storage.RaftStorageDirectory (RaftStorageDirectory.java:analyzeStorage(246)) - The storage directory /workdir/hadoop-ozone/integration-test/target/test-dir/MiniOzoneClusterImpl-de332c24-5f7d-4363-8764-5335807553b9/datanode-0/data/ratis/54e8e679-a3e8-4089-9b59-d8f232c36e53 does not exist. Creating ...
2019-09-24 02:22:12,653 [pool-37-thread-1] INFO  storage.RaftStorageDirectory (RaftStorageDirectory.java:tryLock(328)) - Lock on /workdir/hadoop-ozone/integration-test/target/test-dir/MiniOzoneClusterImpl-de332c24-5f7d-4363-8764-5335807553b9/datanode-1/data/ratis/54e8e679-a3e8-4089-9b59-d8f232c36e53/in_use.lock acquired by nodename 30927@pr-hdds-2162-tjkd5-3209850126
2019-09-24 02:22:12,653 [pool-27-thread-1] INFO  storage.RaftStorageDirectory (RaftStorageDirectory.java:tryLock(328)) - Lock on /workdir/hadoop-ozone/integration-test/target/test-dir/MiniOzoneClusterImpl-de332c24-5f7d-4363-8764-5335807553b9/datanode-0/data/ratis/54e8e679-a3e8-4089-9b59-d8f232c36e53/in_use.lock acquired by nodename 30927@pr-hdds-2162-tjkd5-3209850126
2019-09-24 02:22:12,653 [pool-57-thread-1] INFO  storage.RaftStorageDirectory (RaftStorageDirectory.java:tryLock(328)) - Lock on /workdir/hadoop-ozone/integration-test/target/test-dir/MiniOzoneClusterImpl-de332c24-5f7d-4363-8764-5335807553b9/datanode-3/data/ratis/54e8e679-a3e8-4089-9b59-d8f232c36e53/in_use.lock acquired by nodename 30927@pr-hdds-2162-tjkd5-3209850126
2019-09-24 02:22:12,670 [pool-57-thread-1] INFO  storage.RaftStorage (RaftStorage.java:format(72)) - Storage directory /workdir/hadoop-ozone/integration-test/target/test-dir/MiniOzoneClusterImpl-de332c24-5f7d-4363-8764-5335807553b9/datanode-3/data/ratis/54e8e679-a3e8-4089-9b59-d8f232c36e53 has been successfully formatted.
2019-09-24 02:22:12,670 [pool-27-thread-1] INFO  storage.RaftStorage (RaftStorage.java:format(72)) - Storage directory /workdir/hadoop-ozone/integration-test/target/test-dir/MiniOzoneClusterImpl-de332c24-5f7d-4363-8764-5335807553b9/datanode-0/data/ratis/54e8e679-a3e8-4089-9b59-d8f232c36e53 has been successfully formatted.
2019-09-24 02:22:12,671 [pool-57-thread-1] INFO  ratis.ContainerStateMachine (ContainerStateMachine.java:loadSnapshot(230)) - group-D8F232C36E53: The snapshot info is null. Setting the last applied indexto:(t:0, i:~)
2019-09-24 02:22:12,670 [pool-37-thread-1] INFO  storage.RaftStorage (RaftStorage.java:format(72)) - Storage directory /workdir/hadoop-ozone/integration-test/target/test-dir/MiniOzoneClusterImpl-de332c24-5f7d-4363-8764-5335807553b9/datanode-1/data/ratis/54e8e679-a3e8-4089-9b59-d8f232c36e53 has been successfully formatted.
2019-09-24 02:22:12,671 [pool-27-thread-1] INFO  ratis.ContainerStateMachine (ContainerStateMachine.java:loadSnapshot(230)) - group-D8F232C36E53: The snapshot info is null. Setting the last applied indexto:(t:0, i:~)
2019-09-24 02:22:12,671 [pool-57-thread-1] INFO  server.RaftServerConfigKeys (ConfUtils.java:logGet(43)) - raft.server.notification.no-leader.timeout = 120s (custom)
2019-09-24 02:22:12,671 [pool-27-thread-1] INFO  server.RaftServerConfigKeys (ConfUtils.java:logGet(43)) - raft.server.notification.no-leader.timeout = 120s (custom)
2019-09-24 02:22:12,671 [pool-37-thread-1] INFO  ratis.ContainerStateMachine (ContainerStateMachine.java:loadSnapshot(230)) - group-D8F232C36E53: The snapshot info is null. Setting the last applied indexto:(t:0, i:~)
2019-09-24 02:22:12,672 [pool-27-thread-1] INFO  server.RaftServerConfigKeys (ConfUtils.java:logGet(43)) - raft.server.log.use.memory = false (default)
2019-09-24 02:22:12,672 [pool-57-thread-1] INFO  server.RaftServerConfigKeys (ConfUtils.java:logGet(43)) - raft.server.log.use.memory = false (default)
2019-09-24 02:22:12,672 [pool-27-thread-1] INFO  server.RaftServerConfigKeys (ConfUtils.java:logGet(43)) - raft.server.log.purge.gap = 1000000 (custom)
2019-09-24 02:22:12,672 [pool-37-thread-1] INFO  server.RaftServerConfigKeys (ConfUtils.java:logGet(43)) - raft.server.notification.no-leader.timeout = 120s (custom)
2019-09-24 02:22:12,672 [pool-27-thread-1] INFO  server.RaftServerConfigKeys (ConfUtils.java:logGet(43)) - raft.server.log.appender.buffer.byte-limit = 33554432 (custom)
2019-09-24 02:22:12,672 [pool-57-thread-1] INFO  server.RaftServerConfigKeys (ConfUtils.java:logGet(43)) - raft.server.log.purge.gap = 1000000 (custom)
2019-09-24 02:22:12,676 [pool-27-thread-1] INFO  server.RaftServerConfigKeys (ConfUtils.java:logGet(43)) - raft.server.log.segment.size.max = 1048576 (custom)
2019-09-24 02:22:12,675 [pool-37-thread-1] INFO  server.RaftServerConfigKeys (ConfUtils.java:logGet(43)) - raft.server.log.use.memory = false (default)
2019-09-24 02:22:12,676 [pool-27-thread-1] INFO  server.RaftServerConfigKeys (ConfUtils.java:logGet(43)) - raft.server.log.segment.cache.num.max = 2 (custom)
2019-09-24 02:22:12,676 [pool-57-thread-1] INFO  server.RaftServerConfigKeys (ConfUtils.java:logGet(43)) - raft.server.log.appender.buffer.byte-limit = 33554432 (custom)
2019-09-24 02:22:12,676 [pool-27-thread-1] INFO  segmented.SegmentedRaftLogWorker (SegmentedRaftLogWorker.java:<init>(172)) - new 6adb7553-cea6-43f8-9b13-e82d721d47e7@group-D8F232C36E53-SegmentedRaftLogWorker for RaftStorage:Storage Directory /workdir/hadoop-ozone/integration-test/target/test-dir/MiniOzoneClusterImpl-de332c24-5f7d-4363-8764-5335807553b9/datanode-0/data/ratis/54e8e679-a3e8-4089-9b59-d8f232c36e53
2019-09-24 02:22:12,676 [pool-37-thread-1] INFO  server.RaftServerConfigKeys (ConfUtils.java:logGet(43)) - raft.server.log.purge.gap = 1000000 (custom)
2019-09-24 02:22:12,677 [pool-27-thread-1] INFO  server.RaftServerConfigKeys (ConfUtils.java:logGet(43)) - raft.server.log.queue.byte-limit = 2147483647 (custom)
2019-09-24 02:22:12,676 [pool-57-thread-1] INFO  server.RaftServerConfigKeys (ConfUtils.java:logGet(43)) - raft.server.log.segment.size.max = 1048576 (custom)
2019-09-24 02:22:12,677 [pool-27-thread-1] INFO  server.RaftServerConfigKeys (ConfUtils.java:logGet(43)) - raft.server.log.queue.element-limit = 1024 (custom)
2019-09-24 02:22:12,677 [pool-37-thread-1] INFO  server.RaftServerConfigKeys (ConfUtils.java:logGet(43)) - raft.server.log.appender.buffer.byte-limit = 33554432 (custom)
2019-09-24 02:22:12,677 [pool-27-thread-1] INFO  server.RaftServerConfigKeys (ConfUtils.java:logGet(43)) - raft.server.log.segment.size.max = 1048576 (custom)
2019-09-24 02:22:12,677 [pool-57-thread-1] INFO  server.RaftServerConfigKeys (ConfUtils.java:logGet(43)) - raft.server.log.segment.cache.num.max = 2 (custom)
2019-09-24 02:22:12,678 [pool-27-thread-1] INFO  server.RaftServerConfigKeys (ConfUtils.java:logGet(43)) - raft.server.log.preallocated.size = 16384 (custom)
2019-09-24 02:22:12,677 [pool-37-thread-1] INFO  server.RaftServerConfigKeys (ConfUtils.java:logGet(43)) - raft.server.log.segment.size.max = 1048576 (custom)
2019-09-24 02:22:12,678 [pool-27-thread-1] INFO  server.RaftServerConfigKeys (ConfUtils.java:logGet(43)) - raft.server.log.write.buffer.size = 33554432 (custom)
2019-09-24 02:22:12,678 [pool-57-thread-1] INFO  segmented.SegmentedRaftLogWorker (SegmentedRaftLogWorker.java:<init>(172)) - new 76c02951-0e42-41da-95d2-62b96a0dd9ff@group-D8F232C36E53-SegmentedRaftLogWorker for RaftStorage:Storage Directory /workdir/hadoop-ozone/integration-test/target/test-dir/MiniOzoneClusterImpl-de332c24-5f7d-4363-8764-5335807553b9/datanode-3/data/ratis/54e8e679-a3e8-4089-9b59-d8f232c36e53
2019-09-24 02:22:12,678 [pool-27-thread-1] INFO  server.RaftServerConfigKeys (ConfUtils.java:logGet(43)) - raft.server.log.force.sync.num = 128 (default)
2019-09-24 02:22:12,678 [pool-37-thread-1] INFO  server.RaftServerConfigKeys (ConfUtils.java:logGet(43)) - raft.server.log.segment.cache.num.max = 2 (custom)
2019-09-24 02:22:12,679 [pool-27-thread-1] INFO  server.RaftServerConfigKeys (ConfUtils.java:logGet(43)) - raft.server.log.statemachine.data.sync = true (default)
2019-09-24 02:22:12,679 [pool-57-thread-1] INFO  server.RaftServerConfigKeys (ConfUtils.java:logGet(43)) - raft.server.log.queue.byte-limit = 2147483647 (custom)
2019-09-24 02:22:12,679 [pool-27-thread-1] INFO  server.RaftServerConfigKeys (ConfUtils.java:logGet(43)) - raft.server.log.statemachine.data.sync.timeout = 10s (default)
2019-09-24 02:22:12,679 [pool-37-thread-1] INFO  segmented.SegmentedRaftLogWorker (SegmentedRaftLogWorker.java:<init>(172)) - new 6e6c6100-ad13-453b-9932-e9c645725862@group-D8F232C36E53-SegmentedRaftLogWorker for RaftStorage:Storage Directory /workdir/hadoop-ozone/integration-test/target/test-dir/MiniOzoneClusterImpl-de332c24-5f7d-4363-8764-5335807553b9/datanode-1/data/ratis/54e8e679-a3e8-4089-9b59-d8f232c36e53
2019-09-24 02:22:12,679 [pool-27-thread-1] INFO  server.RaftServerConfigKeys (ConfUtils.java:logGet(43)) - raft.server.log.statemachine.data.sync.timeout.retry = -1 (default)
2019-09-24 02:22:12,679 [pool-57-thread-1] INFO  server.RaftServerConfigKeys (ConfUtils.java:logGet(43)) - raft.server.log.queue.element-limit = 1024 (custom)
2019-09-24 02:22:12,680 [pool-27-thread-1] INFO  server.RaftServerConfigKeys (ConfUtils.java:logGet(43)) - raft.server.log.statemachine.data.caching.enabled = true (custom)
2019-09-24 02:22:12,680 [pool-37-thread-1] INFO  server.RaftServerConfigKeys (ConfUtils.java:logGet(43)) - raft.server.log.queue.byte-limit = 2147483647 (custom)
2019-09-24 02:22:12,680 [pool-57-thread-1] INFO  server.RaftServerConfigKeys (ConfUtils.java:logGet(43)) - raft.server.log.segment.size.max = 1048576 (custom)
2019-09-24 02:22:12,680 [pool-27-thread-1] INFO  segmented.SegmentedRaftLogWorker (SegmentedRaftLogWorker.java:lambda$new$0(132)) - 6adb7553-cea6-43f8-9b13-e82d721d47e7@group-D8F232C36E53-SegmentedRaftLogWorker: flushIndex: setUnconditionally 0 -> -1
2019-09-24 02:22:12,680 [pool-37-thread-1] INFO  server.RaftServerConfigKeys (ConfUtils.java:logGet(43)) - raft.server.log.queue.element-limit = 1024 (custom)
2019-09-24 02:22:12,681 [pool-57-thread-1] INFO  server.RaftServerConfigKeys (ConfUtils.java:logGet(43)) - raft.server.log.preallocated.size = 16384 (custom)
2019-09-24 02:22:12,681 [pool-37-thread-1] INFO  server.RaftServerConfigKeys (ConfUtils.java:logGet(43)) - raft.server.log.segment.size.max = 1048576 (custom)
2019-09-24 02:22:12,681 [pool-27-thread-1] INFO  server.RaftServerConfigKeys (ConfUtils.java:logGet(43)) - raft.server.snapshot.auto.trigger.enabled = true (custom)
2019-09-24 02:22:12,681 [pool-37-thread-1] INFO  server.RaftServerConfigKeys (ConfUtils.java:logGet(43)) - raft.server.log.preallocated.size = 16384 (custom)
2019-09-24 02:22:12,681 [pool-57-thread-1] INFO  server.RaftServerConfigKeys (ConfUtils.java:logGet(43)) - raft.server.log.write.buffer.size = 33554432 (custom)
2019-09-24 02:22:12,682 [pool-37-thread-1] INFO  server.RaftServerConfigKeys (ConfUtils.java:logGet(43)) - raft.server.log.write.buffer.size = 33554432 (custom)
2019-09-24 02:22:12,681 [pool-27-thread-1] INFO  server.RaftServerConfigKeys (ConfUtils.java:logGet(43)) - raft.server.snapshot.auto.trigger.threshold = 10000 (custom)
2019-09-24 02:22:12,682 [pool-37-thread-1] INFO  server.RaftServerConfigKeys (ConfUtils.java:logGet(43)) - raft.server.log.force.sync.num = 128 (default)
2019-09-24 02:22:12,682 [pool-57-thread-1] INFO  server.RaftServerConfigKeys (ConfUtils.java:logGet(43)) - raft.server.log.force.sync.num = 128 (default)
2019-09-24 02:22:12,682 [pool-37-thread-1] INFO  server.RaftServerConfigKeys (ConfUtils.java:logGet(43)) - raft.server.log.statemachine.data.sync = true (default)
2019-09-24 02:22:12,682 [pool-27-thread-1] INFO  server.RaftServerConfigKeys (ConfUtils.java:logGet(43)) - raft.server.snapshot.retention.num.files = 5 (custom)
2019-09-24 02:22:12,683 [pool-37-thread-1] INFO  server.RaftServerConfigKeys (ConfUtils.java:logGet(43)) - raft.server.log.statemachine.data.sync.timeout = 10s (default)
2019-09-24 02:22:12,682 [pool-57-thread-1] INFO  server.RaftServerConfigKeys (ConfUtils.java:logGet(43)) - raft.server.log.statemachine.data.sync = true (default)
2019-09-24 02:22:12,683 [pool-37-thread-1] INFO  server.RaftServerConfigKeys (ConfUtils.java:logGet(43)) - raft.server.log.statemachine.data.sync.timeout.retry = -1 (default)
2019-09-24 02:22:12,683 [pool-27-thread-1] INFO  server.RaftServerConfigKeys (ConfUtils.java:logGet(43)) - raft.server.retrycache.expirytime = 600000ms (custom)
2019-09-24 02:22:12,683 [pool-37-thread-1] INFO  server.RaftServerConfigKeys (ConfUtils.java:logGet(43)) - raft.server.log.statemachine.data.caching.enabled = true (custom)
2019-09-24 02:22:12,683 [pool-57-thread-1] INFO  server.RaftServerConfigKeys (ConfUtils.java:logGet(43)) - raft.server.log.statemachine.data.sync.timeout = 10s (default)
2019-09-24 02:22:12,684 [pool-57-thread-1] INFO  server.RaftServerConfigKeys (ConfUtils.java:logGet(43)) - raft.server.log.statemachine.data.sync.timeout.retry = -1 (default)
2019-09-24 02:22:12,684 [pool-37-thread-1] INFO  segmented.SegmentedRaftLogWorker (SegmentedRaftLogWorker.java:lambda$new$0(132)) - 6e6c6100-ad13-453b-9932-e9c645725862@group-D8F232C36E53-SegmentedRaftLogWorker: flushIndex: setUnconditionally 0 -> -1
2019-09-24 02:22:12,684 [pool-57-thread-1] INFO  server.RaftServerConfigKeys (ConfUtils.java:logGet(43)) - raft.server.log.statemachine.data.caching.enabled = true (custom)
2019-09-24 02:22:12,684 [pool-37-thread-1] INFO  server.RaftServerConfigKeys (ConfUtils.java:logGet(43)) - raft.server.snapshot.auto.trigger.enabled = true (custom)
2019-09-24 02:22:12,684 [pool-57-thread-1] INFO  segmented.SegmentedRaftLogWorker (SegmentedRaftLogWorker.java:lambda$new$0(132)) - 76c02951-0e42-41da-95d2-62b96a0dd9ff@group-D8F232C36E53-SegmentedRaftLogWorker: flushIndex: setUnconditionally 0 -> -1
2019-09-24 02:22:12,684 [pool-37-thread-1] INFO  server.RaftServerConfigKeys (ConfUtils.java:logGet(43)) - raft.server.snapshot.auto.trigger.threshold = 10000 (custom)
2019-09-24 02:22:12,685 [pool-37-thread-1] INFO  server.RaftServerConfigKeys (ConfUtils.java:logGet(43)) - raft.server.snapshot.retention.num.files = 5 (custom)
2019-09-24 02:22:12,685 [pool-57-thread-1] INFO  server.RaftServerConfigKeys (ConfUtils.java:logGet(43)) - raft.server.snapshot.auto.trigger.enabled = true (custom)
2019-09-24 02:22:12,685 [pool-37-thread-1] INFO  server.RaftServerConfigKeys (ConfUtils.java:logGet(43)) - raft.server.retrycache.expirytime = 600000ms (custom)
2019-09-24 02:22:12,685 [pool-57-thread-1] INFO  server.RaftServerConfigKeys (ConfUtils.java:logGet(43)) - raft.server.snapshot.auto.trigger.threshold = 10000 (custom)
2019-09-24 02:22:12,685 [pool-57-thread-1] INFO  server.RaftServerConfigKeys (ConfUtils.java:logGet(43)) - raft.server.snapshot.retention.num.files = 5 (custom)
2019-09-24 02:22:12,686 [pool-57-thread-1] INFO  server.RaftServerConfigKeys (ConfUtils.java:logGet(43)) - raft.server.retrycache.expirytime = 600000ms (custom)
2019-09-24 02:22:12,686 [pool-27-thread-1] INFO  impl.RaftServerImpl (RaftServerImpl.java:start(185)) - 6adb7553-cea6-43f8-9b13-e82d721d47e7@group-D8F232C36E53: start as a follower, conf=-1: [6e6c6100-ad13-453b-9932-e9c645725862:192.168.151.121:44491, 6adb7553-cea6-43f8-9b13-e82d721d47e7:192.168.151.121:37719, 76c02951-0e42-41da-95d2-62b96a0dd9ff:192.168.151.121:42331], old=null
2019-09-24 02:22:12,687 [pool-27-thread-1] INFO  impl.RaftServerImpl (RaftServerImpl.java:setRole(174)) - 6adb7553-cea6-43f8-9b13-e82d721d47e7@group-D8F232C36E53: changes role from      null to FOLLOWER at term 0 for startAsFollower
2019-09-24 02:22:12,687 [pool-27-thread-1] INFO  impl.RoleInfo (RoleInfo.java:updateAndGet(143)) - 6adb7553-cea6-43f8-9b13-e82d721d47e7: start FollowerState
2019-09-24 02:22:12,687 [pool-27-thread-1] INFO  util.JmxRegister (JmxRegister.java:tryRegister(44)) - Successfully registered JMX Bean with object name Ratis:service=RaftServer,group=group-D8F232C36E53,id=6adb7553-cea6-43f8-9b13-e82d721d47e7
2019-09-24 02:22:12,689 [pool-37-thread-1] INFO  impl.RaftServerImpl (RaftServerImpl.java:start(185)) - 6e6c6100-ad13-453b-9932-e9c645725862@group-D8F232C36E53: start as a follower, conf=-1: [6e6c6100-ad13-453b-9932-e9c645725862:192.168.151.121:44491, 6adb7553-cea6-43f8-9b13-e82d721d47e7:192.168.151.121:37719, 76c02951-0e42-41da-95d2-62b96a0dd9ff:192.168.151.121:42331], old=null
2019-09-24 02:22:12,689 [pool-37-thread-1] INFO  impl.RaftServerImpl (RaftServerImpl.java:setRole(174)) - 6e6c6100-ad13-453b-9932-e9c645725862@group-D8F232C36E53: changes role from      null to FOLLOWER at term 0 for startAsFollower
2019-09-24 02:22:12,689 [pool-57-thread-1] INFO  impl.RaftServerImpl (RaftServerImpl.java:start(185)) - 76c02951-0e42-41da-95d2-62b96a0dd9ff@group-D8F232C36E53: start as a follower, conf=-1: [6e6c6100-ad13-453b-9932-e9c645725862:192.168.151.121:44491, 6adb7553-cea6-43f8-9b13-e82d721d47e7:192.168.151.121:37719, 76c02951-0e42-41da-95d2-62b96a0dd9ff:192.168.151.121:42331], old=null
2019-09-24 02:22:12,692 [pool-37-thread-1] INFO  impl.RoleInfo (RoleInfo.java:updateAndGet(143)) - 6e6c6100-ad13-453b-9932-e9c645725862: start FollowerState
2019-09-24 02:22:12,692 [pool-57-thread-1] INFO  impl.RaftServerImpl (RaftServerImpl.java:setRole(174)) - 76c02951-0e42-41da-95d2-62b96a0dd9ff@group-D8F232C36E53: changes role from      null to FOLLOWER at term 0 for startAsFollower
2019-09-24 02:22:12,695 [pool-57-thread-1] INFO  impl.RoleInfo (RoleInfo.java:updateAndGet(143)) - 76c02951-0e42-41da-95d2-62b96a0dd9ff: start FollowerState
2019-09-24 02:22:12,695 [pool-37-thread-1] INFO  util.JmxRegister (JmxRegister.java:tryRegister(44)) - Successfully registered JMX Bean with object name Ratis:service=RaftServer,group=group-D8F232C36E53,id=6e6c6100-ad13-453b-9932-e9c645725862
2019-09-24 02:22:12,698 [pool-57-thread-1] INFO  util.JmxRegister (JmxRegister.java:tryRegister(44)) - Successfully registered JMX Bean with object name Ratis:service=RaftServer,group=group-D8F232C36E53,id=76c02951-0e42-41da-95d2-62b96a0dd9ff
2019-09-24 02:22:12,728 [RatisPipelineUtilsThread] INFO  pipeline.PipelineStateManager (PipelineStateManager.java:addPipeline(56)) - Created pipeline Pipeline[ Id: 54e8e679-a3e8-4089-9b59-d8f232c36e53, Nodes: 6e6c6100-ad13-453b-9932-e9c645725862{ip: 192.168.151.121, host: pr-hdds-2162-tjkd5-3209850126, networkLocation: /rack1, certSerialId: null}76c02951-0e42-41da-95d2-62b96a0dd9ff{ip: 192.168.151.121, host: pr-hdds-2162-tjkd5-3209850126, networkLocation: /rack1, certSerialId: null}6adb7553-cea6-43f8-9b13-e82d721d47e7{ip: 192.168.151.121, host: pr-hdds-2162-tjkd5-3209850126, networkLocation: /rack1, certSerialId: null}, Type:RATIS, Factor:THREE, State:OPEN]
2019-09-24 02:22:12,743 [Thread-288] INFO  impl.FollowerState (FollowerState.java:run(106)) - 6e6c6100-ad13-453b-9932-e9c645725862:group-94F4856A7072 changes to CANDIDATE, lastRpcTime:1199, electionTimeout:1196ms
2019-09-24 02:22:12,746 [Thread-288] INFO  impl.RoleInfo (RoleInfo.java:shutdownFollowerState(121)) - 6e6c6100-ad13-453b-9932-e9c645725862: shutdown FollowerState
2019-09-24 02:22:12,746 [Thread-288] INFO  impl.RaftServerImpl (RaftServerImpl.java:setRole(174)) - 6e6c6100-ad13-453b-9932-e9c645725862@group-94F4856A7072: changes role from  FOLLOWER to CANDIDATE at term 0 for changeToCandidate
2019-09-24 02:22:12,747 [Thread-288] INFO  impl.RoleInfo (RoleInfo.java:updateAndGet(143)) - 6e6c6100-ad13-453b-9932-e9c645725862: start LeaderElection
2019-09-24 02:22:12,770 [grpc-default-executor-1] INFO  impl.RaftServerProxy (RaftServerProxy.java:addNew(89)) - 0fd55585-263a-4577-aa0a-ea5a39896330: addNew group-E392B0B88194:[6f849279-8265-485e-82a5-918f2cc86fc1:192.168.151.121:46354, 0fd55585-263a-4577-aa0a-ea5a39896330:192.168.151.121:42755, c0944fb1-a003-48a4-987e-44a4096d22d1:192.168.151.121:43671] returns group-E392B0B88194:java.util.concurrent.CompletableFuture@4bbe960d[Not completed]
2019-09-24 02:22:12,773 [grpc-default-executor-2] INFO  impl.RaftServerProxy (RaftServerProxy.java:addNew(89)) - c0944fb1-a003-48a4-987e-44a4096d22d1: addNew group-E392B0B88194:[6f849279-8265-485e-82a5-918f2cc86fc1:192.168.151.121:46354, 0fd55585-263a-4577-aa0a-ea5a39896330:192.168.151.121:42755, c0944fb1-a003-48a4-987e-44a4096d22d1:192.168.151.121:43671] returns group-E392B0B88194:java.util.concurrent.CompletableFuture@4f21a72c[Not completed]
2019-09-24 02:22:12,776 [grpc-default-executor-2] INFO  impl.RaftServerProxy (RaftServerProxy.java:addNew(89)) - 6f849279-8265-485e-82a5-918f2cc86fc1: addNew group-E392B0B88194:[6f849279-8265-485e-82a5-918f2cc86fc1:192.168.151.121:46354, 0fd55585-263a-4577-aa0a-ea5a39896330:192.168.151.121:42755, c0944fb1-a003-48a4-987e-44a4096d22d1:192.168.151.121:43671] returns group-E392B0B88194:java.util.concurrent.CompletableFuture@2766bc6c[Not completed]
2019-09-24 02:22:12,776 [pool-47-thread-1] INFO  impl.RaftServerImpl (RaftServerImpl.java:<init>(95)) - 0fd55585-263a-4577-aa0a-ea5a39896330: new RaftServerImpl for group-E392B0B88194:[6f849279-8265-485e-82a5-918f2cc86fc1:192.168.151.121:46354, 0fd55585-263a-4577-aa0a-ea5a39896330:192.168.151.121:42755, c0944fb1-a003-48a4-987e-44a4096d22d1:192.168.151.121:43671] with ContainerStateMachine:uninitialized
2019-09-24 02:22:12,777 [pool-47-thread-1] INFO  server.RaftServerConfigKeys (ConfUtils.java:logGet(43)) - raft.server.rpc.timeout.min = 1s (custom)
2019-09-24 02:22:12,777 [pool-47-thread-1] INFO  server.RaftServerConfigKeys (ConfUtils.java:logGet(43)) - raft.server.rpc.timeout.max = 1200ms (custom)
2019-09-24 02:22:12,777 [pool-47-thread-1] INFO  server.RaftServerConfigKeys (ConfUtils.java:logGet(43)) - raft.server.rpcslowness.timeout = 120s (custom)
2019-09-24 02:22:12,777 [pool-47-thread-1] INFO  server.RaftServerConfigKeys (ConfUtils.java:logGet(43)) - raft.server.sleep.deviation.threshold = 300 (default)
2019-09-24 02:22:12,777 [pool-47-thread-1] INFO  server.RaftServerConfigKeys (ConfUtils.java:logGet(43)) - raft.server.log.appender.install.snapshot.enabled = false (custom)
2019-09-24 02:22:12,778 [pool-47-thread-1] INFO  impl.RaftServerImpl (ServerState.java:<init>(103)) - 0fd55585-263a-4577-aa0a-ea5a39896330@group-E392B0B88194: ConfigurationManager, init=-1: [6f849279-8265-485e-82a5-918f2cc86fc1:192.168.151.121:46354, 0fd55585-263a-4577-aa0a-ea5a39896330:192.168.151.121:42755, c0944fb1-a003-48a4-987e-44a4096d22d1:192.168.151.121:43671], old=null, confs=<EMPTY_MAP>
2019-09-24 02:22:12,778 [pool-117-thread-1] INFO  impl.RaftServerImpl (RaftServerImpl.java:<init>(95)) - c0944fb1-a003-48a4-987e-44a4096d22d1: new RaftServerImpl for group-E392B0B88194:[6f849279-8265-485e-82a5-918f2cc86fc1:192.168.151.121:46354, 0fd55585-263a-4577-aa0a-ea5a39896330:192.168.151.121:42755, c0944fb1-a003-48a4-987e-44a4096d22d1:192.168.151.121:43671] with ContainerStateMachine:uninitialized
2019-09-24 02:22:12,778 [pool-47-thread-1] INFO  server.RaftServerConfigKeys (ConfUtils.java:logGet(43)) - raft.server.storage.dir = [/workdir/hadoop-ozone/integration-test/target/test-dir/MiniOzoneClusterImpl-de332c24-5f7d-4363-8764-5335807553b9/datanode-2/data/ratis] (custom)
2019-09-24 02:22:12,778 [pool-117-thread-1] INFO  server.RaftServerConfigKeys (ConfUtils.java:logGet(43)) - raft.server.rpc.timeout.min = 1s (custom)
2019-09-24 02:22:12,778 [pool-117-thread-1] INFO  server.RaftServerConfigKeys (ConfUtils.java:logGet(43)) - raft.server.rpc.timeout.max = 1200ms (custom)
2019-09-24 02:22:12,778 [pool-47-thread-1] INFO  storage.RaftStorageDirectory (RaftStorageDirectory.java:analyzeStorage(246)) - The storage directory /workdir/hadoop-ozone/integration-test/target/test-dir/MiniOzoneClusterImpl-de332c24-5f7d-4363-8764-5335807553b9/datanode-2/data/ratis/9cb63e49-cca2-4f73-9d86-e392b0b88194 does not exist. Creating ...
2019-09-24 02:22:12,779 [pool-107-thread-1] INFO  impl.RaftServerImpl (RaftServerImpl.java:<init>(95)) - 6f849279-8265-485e-82a5-918f2cc86fc1: new RaftServerImpl for group-E392B0B88194:[6f849279-8265-485e-82a5-918f2cc86fc1:192.168.151.121:46354, 0fd55585-263a-4577-aa0a-ea5a39896330:192.168.151.121:42755, c0944fb1-a003-48a4-987e-44a4096d22d1:192.168.151.121:43671] with ContainerStateMachine:uninitialized
2019-09-24 02:22:12,778 [pool-117-thread-1] INFO  server.RaftServerConfigKeys (ConfUtils.java:logGet(43)) - raft.server.rpcslowness.timeout = 120s (custom)
2019-09-24 02:22:12,779 [pool-107-thread-1] INFO  server.RaftServerConfigKeys (ConfUtils.java:logGet(43)) - raft.server.rpc.timeout.min = 1s (custom)
2019-09-24 02:22:12,779 [pool-117-thread-1] INFO  server.RaftServerConfigKeys (ConfUtils.java:logGet(43)) - raft.server.sleep.deviation.threshold = 300 (default)
2019-09-24 02:22:12,779 [pool-107-thread-1] INFO  server.RaftServerConfigKeys (ConfUtils.java:logGet(43)) - raft.server.rpc.timeout.max = 1200ms (custom)
2019-09-24 02:22:12,779 [pool-117-thread-1] INFO  server.RaftServerConfigKeys (ConfUtils.java:logGet(43)) - raft.server.log.appender.install.snapshot.enabled = false (custom)
2019-09-24 02:22:12,779 [pool-107-thread-1] INFO  server.RaftServerConfigKeys (ConfUtils.java:logGet(43)) - raft.server.rpcslowness.timeout = 120s (custom)
2019-09-24 02:22:12,780 [pool-117-thread-1] INFO  impl.RaftServerImpl (ServerState.java:<init>(103)) - c0944fb1-a003-48a4-987e-44a4096d22d1@group-E392B0B88194: ConfigurationManager, init=-1: [6f849279-8265-485e-82a5-918f2cc86fc1:192.168.151.121:46354, 0fd55585-263a-4577-aa0a-ea5a39896330:192.168.151.121:42755, c0944fb1-a003-48a4-987e-44a4096d22d1:192.168.151.121:43671], old=null, confs=<EMPTY_MAP>
2019-09-24 02:22:12,780 [pool-107-thread-1] INFO  server.RaftServerConfigKeys (ConfUtils.java:logGet(43)) - raft.server.sleep.deviation.threshold = 300 (default)
2019-09-24 02:22:12,780 [pool-117-thread-1] INFO  server.RaftServerConfigKeys (ConfUtils.java:logGet(43)) - raft.server.storage.dir = [/workdir/hadoop-ozone/integration-test/target/test-dir/MiniOzoneClusterImpl-de332c24-5f7d-4363-8764-5335807553b9/datanode-9/data/ratis] (custom)
2019-09-24 02:22:12,780 [pool-107-thread-1] INFO  server.RaftServerConfigKeys (ConfUtils.java:logGet(43)) - raft.server.log.appender.install.snapshot.enabled = false (custom)
2019-09-24 02:22:12,780 [pool-107-thread-1] INFO  impl.RaftServerImpl (ServerState.java:<init>(103)) - 6f849279-8265-485e-82a5-918f2cc86fc1@group-E392B0B88194: ConfigurationManager, init=-1: [6f849279-8265-485e-82a5-918f2cc86fc1:192.168.151.121:46354, 0fd55585-263a-4577-aa0a-ea5a39896330:192.168.151.121:42755, c0944fb1-a003-48a4-987e-44a4096d22d1:192.168.151.121:43671], old=null, confs=<EMPTY_MAP>
2019-09-24 02:22:12,780 [pool-117-thread-1] INFO  storage.RaftStorageDirectory (RaftStorageDirectory.java:analyzeStorage(246)) - The storage directory /workdir/hadoop-ozone/integration-test/target/test-dir/MiniOzoneClusterImpl-de332c24-5f7d-4363-8764-5335807553b9/datanode-9/data/ratis/9cb63e49-cca2-4f73-9d86-e392b0b88194 does not exist. Creating ...
2019-09-24 02:22:12,780 [pool-107-thread-1] INFO  server.RaftServerConfigKeys (ConfUtils.java:logGet(43)) - raft.server.storage.dir = [/workdir/hadoop-ozone/integration-test/target/test-dir/MiniOzoneClusterImpl-de332c24-5f7d-4363-8764-5335807553b9/datanode-8/data/ratis] (custom)
2019-09-24 02:22:12,781 [pool-107-thread-1] INFO  storage.RaftStorageDirectory (RaftStorageDirectory.java:analyzeStorage(246)) - The storage directory /workdir/hadoop-ozone/integration-test/target/test-dir/MiniOzoneClusterImpl-de332c24-5f7d-4363-8764-5335807553b9/datanode-8/data/ratis/9cb63e49-cca2-4f73-9d86-e392b0b88194 does not exist. Creating ...
2019-09-24 02:22:12,786 [6e6c6100-ad13-453b-9932-e9c645725862@group-94F4856A7072:LeaderElection2] INFO  impl.LeaderElection (LeaderElection.java:askForVotes(182)) - 6e6c6100-ad13-453b-9932-e9c645725862@group-94F4856A7072:LeaderElection2: begin an election at term 1 for -1: [6e6c6100-ad13-453b-9932-e9c645725862:192.168.151.121:44491], old=null
2019-09-24 02:22:12,788 [6e6c6100-ad13-453b-9932-e9c645725862@group-94F4856A7072:LeaderElection2] INFO  impl.RoleInfo (RoleInfo.java:shutdownLeaderElection(134)) - 6e6c6100-ad13-453b-9932-e9c645725862: shutdown LeaderElection
2019-09-24 02:22:12,788 [6e6c6100-ad13-453b-9932-e9c645725862@group-94F4856A7072:LeaderElection2] INFO  impl.RaftServerImpl (RaftServerImpl.java:setRole(174)) - 6e6c6100-ad13-453b-9932-e9c645725862@group-94F4856A7072: changes role from CANDIDATE to LEADER at term 1 for changeToLeader
2019-09-24 02:22:12,789 [6e6c6100-ad13-453b-9932-e9c645725862@group-94F4856A7072:LeaderElection2] INFO  impl.RaftServerImpl (ServerState.java:setLeader(253)) - 6e6c6100-ad13-453b-9932-e9c645725862@group-94F4856A7072: change Leader from null to 6e6c6100-ad13-453b-9932-e9c645725862 at term 1 for becomeLeader, leader elected after 1265ms
2019-09-24 02:22:12,789 [6e6c6100-ad13-453b-9932-e9c645725862@group-94F4856A7072:LeaderElection2] INFO  server.RaftServerConfigKeys (ConfUtils.java:logGet(43)) - raft.server.staging.catchup.gap = 1000 (default)
2019-09-24 02:22:12,789 [6e6c6100-ad13-453b-9932-e9c645725862@group-94F4856A7072:LeaderElection2] INFO  server.RaftServerConfigKeys (ConfUtils.java:logGet(43)) - raft.server.rpc.sleep.time = 25ms (default)
2019-09-24 02:22:12,789 [6e6c6100-ad13-453b-9932-e9c645725862@group-94F4856A7072:LeaderElection2] INFO  server.RaftServerConfigKeys (ConfUtils.java:logGet(43)) - raft.server.write.element-limit = 4096 (default)
2019-09-24 02:22:12,790 [6e6c6100-ad13-453b-9932-e9c645725862@group-94F4856A7072:LeaderElection2] INFO  server.RaftServerConfigKeys (ConfUtils.java:logGet(43)) - raft.server.watch.timeout = 10s (default)
2019-09-24 02:22:12,790 [6e6c6100-ad13-453b-9932-e9c645725862@group-94F4856A7072:LeaderElection2] INFO  server.RaftServerConfigKeys (ConfUtils.java:logGet(43)) - raft.server.watch.timeout.denomination = 1s (default)
2019-09-24 02:22:12,790 [6e6c6100-ad13-453b-9932-e9c645725862@group-94F4856A7072:LeaderElection2] INFO  server.RaftServerConfigKeys (ConfUtils.java:logGet(43)) - raft.server.watch.element-limit = 65536 (default)
2019-09-24 02:22:12,793 [6e6c6100-ad13-453b-9932-e9c645725862@group-94F4856A7072:LeaderElection2] INFO  impl.RoleInfo (RoleInfo.java:updateAndGet(143)) - 6e6c6100-ad13-453b-9932-e9c645725862: start LeaderState
2019-09-24 02:22:12,793 [6e6c6100-ad13-453b-9932-e9c645725862@group-94F4856A7072:LeaderElection2] INFO  segmented.SegmentedRaftLogWorker (SegmentedRaftLogWorker.java:startLogSegment(380)) - 6e6c6100-ad13-453b-9932-e9c645725862@group-94F4856A7072-SegmentedRaftLogWorker: Starting segment from index:0
2019-09-24 02:22:12,794 [6e6c6100-ad13-453b-9932-e9c645725862@group-94F4856A7072:LeaderElection2] INFO  impl.RaftServerImpl (ServerState.java:setRaftConf(354)) - 6e6c6100-ad13-453b-9932-e9c645725862@group-94F4856A7072: set configuration 0: [6e6c6100-ad13-453b-9932-e9c645725862:192.168.151.121:44491], old=null at 0
2019-09-24 02:22:12,796 [Thread-291] INFO  impl.FollowerState (FollowerState.java:run(106)) - 76c02951-0e42-41da-95d2-62b96a0dd9ff:group-AC226764E810 changes to CANDIDATE, lastRpcTime:1065, electionTimeout:1064ms
2019-09-24 02:22:12,797 [Thread-291] INFO  impl.RoleInfo (RoleInfo.java:shutdownFollowerState(121)) - 76c02951-0e42-41da-95d2-62b96a0dd9ff: shutdown FollowerState
2019-09-24 02:22:12,797 [Thread-291] INFO  impl.RaftServerImpl (RaftServerImpl.java:setRole(174)) - 76c02951-0e42-41da-95d2-62b96a0dd9ff@group-AC226764E810: changes role from  FOLLOWER to CANDIDATE at term 0 for changeToCandidate
2019-09-24 02:22:12,797 [Thread-291] INFO  impl.RoleInfo (RoleInfo.java:updateAndGet(143)) - 76c02951-0e42-41da-95d2-62b96a0dd9ff: start LeaderElection
2019-09-24 02:22:12,800 [pool-47-thread-1] INFO  storage.RaftStorageDirectory (RaftStorageDirectory.java:tryLock(328)) - Lock on /workdir/hadoop-ozone/integration-test/target/test-dir/MiniOzoneClusterImpl-de332c24-5f7d-4363-8764-5335807553b9/datanode-2/data/ratis/9cb63e49-cca2-4f73-9d86-e392b0b88194/in_use.lock acquired by nodename 30927@pr-hdds-2162-tjkd5-3209850126
2019-09-24 02:22:12,800 [pool-107-thread-1] INFO  storage.RaftStorageDirectory (RaftStorageDirectory.java:tryLock(328)) - Lock on /workdir/hadoop-ozone/integration-test/target/test-dir/MiniOzoneClusterImpl-de332c24-5f7d-4363-8764-5335807553b9/datanode-8/data/ratis/9cb63e49-cca2-4f73-9d86-e392b0b88194/in_use.lock acquired by nodename 30927@pr-hdds-2162-tjkd5-3209850126
2019-09-24 02:22:12,800 [pool-117-thread-1] INFO  storage.RaftStorageDirectory (RaftStorageDirectory.java:tryLock(328)) - Lock on /workdir/hadoop-ozone/integration-test/target/test-dir/MiniOzoneClusterImpl-de332c24-5f7d-4363-8764-5335807553b9/datanode-9/data/ratis/9cb63e49-cca2-4f73-9d86-e392b0b88194/in_use.lock acquired by nodename 30927@pr-hdds-2162-tjkd5-3209850126
2019-09-24 02:22:12,816 [pool-47-thread-1] INFO  storage.RaftStorage (RaftStorage.java:format(72)) - Storage directory /workdir/hadoop-ozone/integration-test/target/test-dir/MiniOzoneClusterImpl-de332c24-5f7d-4363-8764-5335807553b9/datanode-2/data/ratis/9cb63e49-cca2-4f73-9d86-e392b0b88194 has been successfully formatted.
2019-09-24 02:22:12,816 [pool-117-thread-1] INFO  storage.RaftStorage (RaftStorage.java:format(72)) - Storage directory /workdir/hadoop-ozone/integration-test/target/test-dir/MiniOzoneClusterImpl-de332c24-5f7d-4363-8764-5335807553b9/datanode-9/data/ratis/9cb63e49-cca2-4f73-9d86-e392b0b88194 has been successfully formatted.
2019-09-24 02:22:12,816 [pool-107-thread-1] INFO  storage.RaftStorage (RaftStorage.java:format(72)) - Storage directory /workdir/hadoop-ozone/integration-test/target/test-dir/MiniOzoneClusterImpl-de332c24-5f7d-4363-8764-5335807553b9/datanode-8/data/ratis/9cb63e49-cca2-4f73-9d86-e392b0b88194 has been successfully formatted.
2019-09-24 02:22:12,816 [pool-47-thread-1] INFO  ratis.ContainerStateMachine (ContainerStateMachine.java:loadSnapshot(230)) - group-E392B0B88194: The snapshot info is null. Setting the last applied indexto:(t:0, i:~)
2019-09-24 02:22:12,816 [76c02951-0e42-41da-95d2-62b96a0dd9ff@group-AC226764E810:LeaderElection3] INFO  impl.LeaderElection (LeaderElection.java:askForVotes(182)) - 76c02951-0e42-41da-95d2-62b96a0dd9ff@group-AC226764E810:LeaderElection3: begin an election at term 1 for -1: [76c02951-0e42-41da-95d2-62b96a0dd9ff:192.168.151.121:42331], old=null
2019-09-24 02:22:12,817 [pool-47-thread-1] INFO  server.RaftServerConfigKeys (ConfUtils.java:logGet(43)) - raft.server.notification.no-leader.timeout = 120s (custom)
2019-09-24 02:22:12,817 [76c02951-0e42-41da-95d2-62b96a0dd9ff@group-AC226764E810:LeaderElection3] INFO  impl.RoleInfo (RoleInfo.java:shutdownLeaderElection(134)) - 76c02951-0e42-41da-95d2-62b96a0dd9ff: shutdown LeaderElection
2019-09-24 02:22:12,817 [pool-107-thread-1] INFO  ratis.ContainerStateMachine (ContainerStateMachine.java:loadSnapshot(230)) - group-E392B0B88194: The snapshot info is null. Setting the last applied indexto:(t:0, i:~)
2019-09-24 02:22:12,816 [pool-117-thread-1] INFO  ratis.ContainerStateMachine (ContainerStateMachine.java:loadSnapshot(230)) - group-E392B0B88194: The snapshot info is null. Setting the last applied indexto:(t:0, i:~)
2019-09-24 02:22:12,817 [pool-107-thread-1] INFO  server.RaftServerConfigKeys (ConfUtils.java:logGet(43)) - raft.server.notification.no-leader.timeout = 120s (custom)
2019-09-24 02:22:12,817 [76c02951-0e42-41da-95d2-62b96a0dd9ff@group-AC226764E810:LeaderElection3] INFO  impl.RaftServerImpl (RaftServerImpl.java:setRole(174)) - 76c02951-0e42-41da-95d2-62b96a0dd9ff@group-AC226764E810: changes role from CANDIDATE to LEADER at term 1 for changeToLeader
2019-09-24 02:22:12,817 [pool-47-thread-1] INFO  server.RaftServerConfigKeys (ConfUtils.java:logGet(43)) - raft.server.log.use.memory = false (default)
2019-09-24 02:22:12,818 [76c02951-0e42-41da-95d2-62b96a0dd9ff@group-AC226764E810:LeaderElection3] INFO  impl.RaftServerImpl (ServerState.java:setLeader(253)) - 76c02951-0e42-41da-95d2-62b96a0dd9ff@group-AC226764E810: change Leader from null to 76c02951-0e42-41da-95d2-62b96a0dd9ff at term 1 for becomeLeader, leader elected after 1153ms
2019-09-24 02:22:12,818 [pool-107-thread-1] INFO  server.RaftServerConfigKeys (ConfUtils.java:logGet(43)) - raft.server.log.use.memory = false (default)
2019-09-24 02:22:12,817 [pool-117-thread-1] INFO  server.RaftServerConfigKeys (ConfUtils.java:logGet(43)) - raft.server.notification.no-leader.timeout = 120s (custom)
2019-09-24 02:22:12,818 [pool-107-thread-1] INFO  server.RaftServerConfigKeys (ConfUtils.java:logGet(43)) - raft.server.log.purge.gap = 1000000 (custom)
2019-09-24 02:22:12,819 [pool-107-thread-1] INFO  server.RaftServerConfigKeys (ConfUtils.java:logGet(43)) - raft.server.log.appender.buffer.byte-limit = 33554432 (custom)
2019-09-24 02:22:12,818 [76c02951-0e42-41da-95d2-62b96a0dd9ff@group-AC226764E810:LeaderElection3] INFO  server.RaftServerConfigKeys (ConfUtils.java:logGet(43)) - raft.server.staging.catchup.gap = 1000 (default)
2019-09-24 02:22:12,818 [pool-47-thread-1] INFO  server.RaftServerConfigKeys (ConfUtils.java:logGet(43)) - raft.server.log.purge.gap = 1000000 (custom)
2019-09-24 02:22:12,819 [76c02951-0e42-41da-95d2-62b96a0dd9ff@group-AC226764E810:LeaderElection3] INFO  server.RaftServerConfigKeys (ConfUtils.java:logGet(43)) - raft.server.rpc.sleep.time = 25ms (default)
2019-09-24 02:22:12,819 [pool-107-thread-1] INFO  server.RaftServerConfigKeys (ConfUtils.java:logGet(43)) - raft.server.log.segment.size.max = 1048576 (custom)
2019-09-24 02:22:12,819 [76c02951-0e42-41da-95d2-62b96a0dd9ff@group-AC226764E810:LeaderElection3] INFO  server.RaftServerConfigKeys (ConfUtils.java:logGet(43)) - raft.server.write.element-limit = 4096 (default)
2019-09-24 02:22:12,818 [pool-117-thread-1] INFO  server.RaftServerConfigKeys (ConfUtils.java:logGet(43)) - raft.server.log.use.memory = false (default)
2019-09-24 02:22:12,820 [76c02951-0e42-41da-95d2-62b96a0dd9ff@group-AC226764E810:LeaderElection3] INFO  server.RaftServerConfigKeys (ConfUtils.java:logGet(43)) - raft.server.watch.timeout = 10s (default)
2019-09-24 02:22:12,819 [pool-107-thread-1] INFO  server.RaftServerConfigKeys (ConfUtils.java:logGet(43)) - raft.server.log.segment.cache.num.max = 2 (custom)
2019-09-24 02:22:12,819 [pool-47-thread-1] INFO  server.RaftServerConfigKeys (ConfUtils.java:logGet(43)) - raft.server.log.appender.buffer.byte-limit = 33554432 (custom)
2019-09-24 02:22:12,820 [pool-107-thread-1] INFO  segmented.SegmentedRaftLogWorker (SegmentedRaftLogWorker.java:<init>(172)) - new 6f849279-8265-485e-82a5-918f2cc86fc1@group-E392B0B88194-SegmentedRaftLogWorker for RaftStorage:Storage Directory /workdir/hadoop-ozone/integration-test/target/test-dir/MiniOzoneClusterImpl-de332c24-5f7d-4363-8764-5335807553b9/datanode-8/data/ratis/9cb63e49-cca2-4f73-9d86-e392b0b88194
2019-09-24 02:22:12,820 [76c02951-0e42-41da-95d2-62b96a0dd9ff@group-AC226764E810:LeaderElection3] INFO  server.RaftServerConfigKeys (ConfUtils.java:logGet(43)) - raft.server.watch.timeout.denomination = 1s (default)
2019-09-24 02:22:12,820 [pool-117-thread-1] INFO  server.RaftServerConfigKeys (ConfUtils.java:logGet(43)) - raft.server.log.purge.gap = 1000000 (custom)
2019-09-24 02:22:12,821 [76c02951-0e42-41da-95d2-62b96a0dd9ff@group-AC226764E810:LeaderElection3] INFO  server.RaftServerConfigKeys (ConfUtils.java:logGet(43)) - raft.server.watch.element-limit = 65536 (default)
2019-09-24 02:22:12,821 [pool-107-thread-1] INFO  server.RaftServerConfigKeys (ConfUtils.java:logGet(43)) - raft.server.log.queue.byte-limit = 2147483647 (custom)
2019-09-24 02:22:12,820 [pool-47-thread-1] INFO  server.RaftServerConfigKeys (ConfUtils.java:logGet(43)) - raft.server.log.segment.size.max = 1048576 (custom)
2019-09-24 02:22:12,821 [pool-107-thread-1] INFO  server.RaftServerConfigKeys (ConfUtils.java:logGet(43)) - raft.server.log.queue.element-limit = 1024 (custom)
2019-09-24 02:22:12,821 [pool-117-thread-1] INFO  server.RaftServerConfigKeys (ConfUtils.java:logGet(43)) - raft.server.log.appender.buffer.byte-limit = 33554432 (custom)
2019-09-24 02:22:12,822 [pool-107-thread-1] INFO  server.RaftServerConfigKeys (ConfUtils.java:logGet(43)) - raft.server.log.segment.size.max = 1048576 (custom)
2019-09-24 02:22:12,821 [pool-47-thread-1] INFO  server.RaftServerConfigKeys (ConfUtils.java:logGet(43)) - raft.server.log.segment.cache.num.max = 2 (custom)
2019-09-24 02:22:12,822 [pool-107-thread-1] INFO  server.RaftServerConfigKeys (ConfUtils.java:logGet(43)) - raft.server.log.preallocated.size = 16384 (custom)
2019-09-24 02:22:12,822 [pool-107-thread-1] INFO  server.RaftServerConfigKeys (ConfUtils.java:logGet(43)) - raft.server.log.write.buffer.size = 33554432 (custom)
2019-09-24 02:22:12,822 [pool-117-thread-1] INFO  server.RaftServerConfigKeys (ConfUtils.java:logGet(43)) - raft.server.log.segment.size.max = 1048576 (custom)
2019-09-24 02:22:12,823 [pool-107-thread-1] INFO  server.RaftServerConfigKeys (ConfUtils.java:logGet(43)) - raft.server.log.force.sync.num = 128 (default)
2019-09-24 02:22:12,822 [pool-47-thread-1] INFO  segmented.SegmentedRaftLogWorker (SegmentedRaftLogWorker.java:<init>(172)) - new 0fd55585-263a-4577-aa0a-ea5a39896330@group-E392B0B88194-SegmentedRaftLogWorker for RaftStorage:Storage Directory /workdir/hadoop-ozone/integration-test/target/test-dir/MiniOzoneClusterImpl-de332c24-5f7d-4363-8764-5335807553b9/datanode-2/data/ratis/9cb63e49-cca2-4f73-9d86-e392b0b88194
2019-09-24 02:22:12,823 [pool-107-thread-1] INFO  server.RaftServerConfigKeys (ConfUtils.java:logGet(43)) - raft.server.log.statemachine.data.sync = true (default)
2019-09-24 02:22:12,823 [pool-117-thread-1] INFO  server.RaftServerConfigKeys (ConfUtils.java:logGet(43)) - raft.server.log.segment.cache.num.max = 2 (custom)
2019-09-24 02:22:12,823 [pool-107-thread-1] INFO  server.RaftServerConfigKeys (ConfUtils.java:logGet(43)) - raft.server.log.statemachine.data.sync.timeout = 10s (default)
2019-09-24 02:22:12,823 [pool-47-thread-1] INFO  server.RaftServerConfigKeys (ConfUtils.java:logGet(43)) - raft.server.log.queue.byte-limit = 2147483647 (custom)
2019-09-24 02:22:12,824 [pool-107-thread-1] INFO  server.RaftServerConfigKeys (ConfUtils.java:logGet(43)) - raft.server.log.statemachine.data.sync.timeout.retry = -1 (default)
2019-09-24 02:22:12,824 [76c02951-0e42-41da-95d2-62b96a0dd9ff@group-AC226764E810:LeaderElection3] INFO  impl.RoleInfo (RoleInfo.java:updateAndGet(143)) - 76c02951-0e42-41da-95d2-62b96a0dd9ff: start LeaderState
2019-09-24 02:22:12,823 [pool-117-thread-1] INFO  segmented.SegmentedRaftLogWorker (SegmentedRaftLogWorker.java:<init>(172)) - new c0944fb1-a003-48a4-987e-44a4096d22d1@group-E392B0B88194-SegmentedRaftLogWorker for RaftStorage:Storage Directory /workdir/hadoop-ozone/integration-test/target/test-dir/MiniOzoneClusterImpl-de332c24-5f7d-4363-8764-5335807553b9/datanode-9/data/ratis/9cb63e49-cca2-4f73-9d86-e392b0b88194
2019-09-24 02:22:12,824 [pool-107-thread-1] INFO  server.RaftServerConfigKeys (ConfUtils.java:logGet(43)) - raft.server.log.statemachine.data.caching.enabled = true (custom)
2019-09-24 02:22:12,824 [pool-47-thread-1] INFO  server.RaftServerConfigKeys (ConfUtils.java:logGet(43)) - raft.server.log.queue.element-limit = 1024 (custom)
2019-09-24 02:22:12,825 [pool-107-thread-1] INFO  segmented.SegmentedRaftLogWorker (SegmentedRaftLogWorker.java:lambda$new$0(132)) - 6f849279-8265-485e-82a5-918f2cc86fc1@group-E392B0B88194-SegmentedRaftLogWorker: flushIndex: setUnconditionally 0 -> -1
2019-09-24 02:22:12,824 [pool-117-thread-1] INFO  server.RaftServerConfigKeys (ConfUtils.java:logGet(43)) - raft.server.log.queue.byte-limit = 2147483647 (custom)
2019-09-24 02:22:12,825 [pool-117-thread-1] INFO  server.RaftServerConfigKeys (ConfUtils.java:logGet(43)) - raft.server.log.queue.element-limit = 1024 (custom)
2019-09-24 02:22:12,824 [76c02951-0e42-41da-95d2-62b96a0dd9ff@group-AC226764E810:LeaderElection3] INFO  segmented.SegmentedRaftLogWorker (SegmentedRaftLogWorker.java:startLogSegment(380)) - 76c02951-0e42-41da-95d2-62b96a0dd9ff@group-AC226764E810-SegmentedRaftLogWorker: Starting segment from index:0
2019-09-24 02:22:12,825 [pool-117-thread-1] INFO  server.RaftServerConfigKeys (ConfUtils.java:logGet(43)) - raft.server.log.segment.size.max = 1048576 (custom)
2019-09-24 02:22:12,825 [pool-107-thread-1] INFO  server.RaftServerConfigKeys (ConfUtils.java:logGet(43)) - raft.server.snapshot.auto.trigger.enabled = true (custom)
2019-09-24 02:22:12,825 [pool-47-thread-1] INFO  server.RaftServerConfigKeys (ConfUtils.java:logGet(43)) - raft.server.log.segment.size.max = 1048576 (custom)
2019-09-24 02:22:12,826 [76c02951-0e42-41da-95d2-62b96a0dd9ff@group-AC226764E810:LeaderElection3] INFO  impl.RaftServerImpl (ServerState.java:setRaftConf(354)) - 76c02951-0e42-41da-95d2-62b96a0dd9ff@group-AC226764E810: set configuration 0: [76c02951-0e42-41da-95d2-62b96a0dd9ff:192.168.151.121:42331], old=null at 0
2019-09-24 02:22:12,826 [pool-107-thread-1] INFO  server.RaftServerConfigKeys (ConfUtils.java:logGet(43)) - raft.server.snapshot.auto.trigger.threshold = 10000 (custom)
2019-09-24 02:22:12,826 [pool-117-thread-1] INFO  server.RaftServerConfigKeys (ConfUtils.java:logGet(43)) - raft.server.log.preallocated.size = 16384 (custom)
2019-09-24 02:22:12,828 [pool-107-thread-1] INFO  server.RaftServerConfigKeys (ConfUtils.java:logGet(43)) - raft.server.snapshot.retention.num.files = 5 (custom)
2019-09-24 02:22:12,826 [pool-47-thread-1] INFO  server.RaftServerConfigKeys (ConfUtils.java:logGet(43)) - raft.server.log.preallocated.size = 16384 (custom)
2019-09-24 02:22:12,829 [pool-107-thread-1] INFO  server.RaftServerConfigKeys (ConfUtils.java:logGet(43)) - raft.server.retrycache.expirytime = 600000ms (custom)
2019-09-24 02:22:12,828 [pool-117-thread-1] INFO  server.RaftServerConfigKeys (ConfUtils.java:logGet(43)) - raft.server.log.write.buffer.size = 33554432 (custom)
2019-09-24 02:22:12,829 [pool-47-thread-1] INFO  server.RaftServerConfigKeys (ConfUtils.java:logGet(43)) - raft.server.log.write.buffer.size = 33554432 (custom)
2019-09-24 02:22:12,829 [pool-117-thread-1] INFO  server.RaftServerConfigKeys (ConfUtils.java:logGet(43)) - raft.server.log.force.sync.num = 128 (default)
2019-09-24 02:22:12,829 [pool-47-thread-1] INFO  server.RaftServerConfigKeys (ConfUtils.java:logGet(43)) - raft.server.log.force.sync.num = 128 (default)
2019-09-24 02:22:12,830 [pool-117-thread-1] INFO  server.RaftServerConfigKeys (ConfUtils.java:logGet(43)) - raft.server.log.statemachine.data.sync = true (default)
2019-09-24 02:22:12,830 [pool-47-thread-1] INFO  server.RaftServerConfigKeys (ConfUtils.java:logGet(43)) - raft.server.log.statemachine.data.sync = true (default)
2019-09-24 02:22:12,830 [pool-117-thread-1] INFO  server.RaftServerConfigKeys (ConfUtils.java:logGet(43)) - raft.server.log.statemachine.data.sync.timeout = 10s (default)
2019-09-24 02:22:12,830 [pool-47-thread-1] INFO  server.RaftServerConfigKeys (ConfUtils.java:logGet(43)) - raft.server.log.statemachine.data.sync.timeout = 10s (default)
2019-09-24 02:22:12,830 [pool-117-thread-1] INFO  server.RaftServerConfigKeys (ConfUtils.java:logGet(43)) - raft.server.log.statemachine.data.sync.timeout.retry = -1 (default)
2019-09-24 02:22:12,830 [pool-47-thread-1] INFO  server.RaftServerConfigKeys (ConfUtils.java:logGet(43)) - raft.server.log.statemachine.data.sync.timeout.retry = -1 (default)
2019-09-24 02:22:12,831 [pool-117-thread-1] INFO  server.RaftServerConfigKeys (ConfUtils.java:logGet(43)) - raft.server.log.statemachine.data.caching.enabled = true (custom)
2019-09-24 02:22:12,831 [pool-47-thread-1] INFO  server.RaftServerConfigKeys (ConfUtils.java:logGet(43)) - raft.server.log.statemachine.data.caching.enabled = true (custom)
2019-09-24 02:22:12,831 [pool-117-thread-1] INFO  segmented.SegmentedRaftLogWorker (SegmentedRaftLogWorker.java:lambda$new$0(132)) - c0944fb1-a003-48a4-987e-44a4096d22d1@group-E392B0B88194-SegmentedRaftLogWorker: flushIndex: setUnconditionally 0 -> -1
2019-09-24 02:22:12,831 [pool-47-thread-1] INFO  segmented.SegmentedRaftLogWorker (SegmentedRaftLogWorker.java:lambda$new$0(132)) - 0fd55585-263a-4577-aa0a-ea5a39896330@group-E392B0B88194-SegmentedRaftLogWorker: flushIndex: setUnconditionally 0 -> -1
2019-09-24 02:22:12,831 [pool-107-thread-1] INFO  impl.RaftServerImpl (RaftServerImpl.java:start(185)) - 6f849279-8265-485e-82a5-918f2cc86fc1@group-E392B0B88194: start as a follower, conf=-1: [6f849279-8265-485e-82a5-918f2cc86fc1:192.168.151.121:46354, 0fd55585-263a-4577-aa0a-ea5a39896330:192.168.151.121:42755, c0944fb1-a003-48a4-987e-44a4096d22d1:192.168.151.121:43671], old=null
2019-09-24 02:22:12,832 [pool-117-thread-1] INFO  server.RaftServerConfigKeys (ConfUtils.java:logGet(43)) - raft.server.snapshot.auto.trigger.enabled = true (custom)
2019-09-24 02:22:12,832 [pool-47-thread-1] INFO  server.RaftServerConfigKeys (ConfUtils.java:logGet(43)) - raft.server.snapshot.auto.trigger.enabled = true (custom)
2019-09-24 02:22:12,832 [pool-107-thread-1] INFO  impl.RaftServerImpl (RaftServerImpl.java:setRole(174)) - 6f849279-8265-485e-82a5-918f2cc86fc1@group-E392B0B88194: changes role from      null to FOLLOWER at term 0 for startAsFollower
2019-09-24 02:22:12,832 [pool-47-thread-1] INFO  server.RaftServerConfigKeys (ConfUtils.java:logGet(43)) - raft.server.snapshot.auto.trigger.threshold = 10000 (custom)
2019-09-24 02:22:12,832 [pool-117-thread-1] INFO  server.RaftServerConfigKeys (ConfUtils.java:logGet(43)) - raft.server.snapshot.auto.trigger.threshold = 10000 (custom)
2019-09-24 02:22:12,832 [pool-47-thread-1] INFO  server.RaftServerConfigKeys (ConfUtils.java:logGet(43)) - raft.server.snapshot.retention.num.files = 5 (custom)
2019-09-24 02:22:12,832 [pool-107-thread-1] INFO  impl.RoleInfo (RoleInfo.java:updateAndGet(143)) - 6f849279-8265-485e-82a5-918f2cc86fc1: start FollowerState
2019-09-24 02:22:12,833 [pool-47-thread-1] INFO  server.RaftServerConfigKeys (ConfUtils.java:logGet(43)) - raft.server.retrycache.expirytime = 600000ms (custom)
2019-09-24 02:22:12,832 [pool-117-thread-1] INFO  server.RaftServerConfigKeys (ConfUtils.java:logGet(43)) - raft.server.snapshot.retention.num.files = 5 (custom)
2019-09-24 02:22:12,833 [pool-107-thread-1] INFO  util.JmxRegister (JmxRegister.java:tryRegister(44)) - Successfully registered JMX Bean with object name Ratis:service=RaftServer,group=group-E392B0B88194,id=6f849279-8265-485e-82a5-918f2cc86fc1
2019-09-24 02:22:12,833 [pool-117-thread-1] INFO  server.RaftServerConfigKeys (ConfUtils.java:logGet(43)) - raft.server.retrycache.expirytime = 600000ms (custom)
2019-09-24 02:22:12,836 [pool-47-thread-1] INFO  impl.RaftServerImpl (RaftServerImpl.java:start(185)) - 0fd55585-263a-4577-aa0a-ea5a39896330@group-E392B0B88194: start as a follower, conf=-1: [6f849279-8265-485e-82a5-918f2cc86fc1:192.168.151.121:46354, 0fd55585-263a-4577-aa0a-ea5a39896330:192.168.151.121:42755, c0944fb1-a003-48a4-987e-44a4096d22d1:192.168.151.121:43671], old=null
2019-09-24 02:22:12,836 [pool-47-thread-1] INFO  impl.RaftServerImpl (RaftServerImpl.java:setRole(174)) - 0fd55585-263a-4577-aa0a-ea5a39896330@group-E392B0B88194: changes role from      null to FOLLOWER at term 0 for startAsFollower
2019-09-24 02:22:12,876 [Thread-294] INFO  impl.FollowerState (FollowerState.java:run(106)) - 0fd55585-263a-4577-aa0a-ea5a39896330:group-6BD8627368EA changes to CANDIDATE, lastRpcTime:1047, electionTimeout:1040ms
2019-09-24 02:22:12,876 [pool-47-thread-1] INFO  impl.RoleInfo (RoleInfo.java:updateAndGet(143)) - 0fd55585-263a-4577-aa0a-ea5a39896330: start FollowerState
2019-09-24 02:22:12,878 [Thread-294] INFO  impl.RoleInfo (RoleInfo.java:shutdownFollowerState(121)) - 0fd55585-263a-4577-aa0a-ea5a39896330: shutdown FollowerState
2019-09-24 02:22:12,878 [Thread-294] INFO  impl.RaftServerImpl (RaftServerImpl.java:setRole(174)) - 0fd55585-263a-4577-aa0a-ea5a39896330@group-6BD8627368EA: changes role from  FOLLOWER to CANDIDATE at term 0 for changeToCandidate
2019-09-24 02:22:12,878 [pool-117-thread-1] INFO  impl.RaftServerImpl (RaftServerImpl.java:start(185)) - c0944fb1-a003-48a4-987e-44a4096d22d1@group-E392B0B88194: start as a follower, conf=-1: [6f849279-8265-485e-82a5-918f2cc86fc1:192.168.151.121:46354, 0fd55585-263a-4577-aa0a-ea5a39896330:192.168.151.121:42755, c0944fb1-a003-48a4-987e-44a4096d22d1:192.168.151.121:43671], old=null
2019-09-24 02:22:12,879 [Thread-294] INFO  impl.RoleInfo (RoleInfo.java:updateAndGet(143)) - 0fd55585-263a-4577-aa0a-ea5a39896330: start LeaderElection
2019-09-24 02:22:12,879 [pool-117-thread-1] INFO  impl.RaftServerImpl (RaftServerImpl.java:setRole(174)) - c0944fb1-a003-48a4-987e-44a4096d22d1@group-E392B0B88194: changes role from      null to FOLLOWER at term 0 for startAsFollower
2019-09-24 02:22:12,879 [pool-47-thread-1] INFO  util.JmxRegister (JmxRegister.java:tryRegister(44)) - Successfully registered JMX Bean with object name Ratis:service=RaftServer,group=group-E392B0B88194,id=0fd55585-263a-4577-aa0a-ea5a39896330
2019-09-24 02:22:12,879 [pool-117-thread-1] INFO  impl.RoleInfo (RoleInfo.java:updateAndGet(143)) - c0944fb1-a003-48a4-987e-44a4096d22d1: start FollowerState
2019-09-24 02:22:12,891 [pool-117-thread-1] INFO  util.JmxRegister (JmxRegister.java:tryRegister(44)) - Successfully registered JMX Bean with object name Ratis:service=RaftServer,group=group-E392B0B88194,id=c0944fb1-a003-48a4-987e-44a4096d22d1
2019-09-24 02:22:12,901 [RatisPipelineUtilsThread] INFO  pipeline.PipelineStateManager (PipelineStateManager.java:addPipeline(56)) - Created pipeline Pipeline[ Id: 9cb63e49-cca2-4f73-9d86-e392b0b88194, Nodes: 0fd55585-263a-4577-aa0a-ea5a39896330{ip: 192.168.151.121, host: pr-hdds-2162-tjkd5-3209850126, networkLocation: /rack1, certSerialId: null}c0944fb1-a003-48a4-987e-44a4096d22d1{ip: 192.168.151.121, host: pr-hdds-2162-tjkd5-3209850126, networkLocation: /rack1, certSerialId: null}6f849279-8265-485e-82a5-918f2cc86fc1{ip: 192.168.151.121, host: pr-hdds-2162-tjkd5-3209850126, networkLocation: /rack1, certSerialId: null}, Type:RATIS, Factor:THREE, State:OPEN]
2019-09-24 02:22:12,918 [6adb7553-cea6-43f8-9b13-e82d721d47e7@group-FB381BCCC211-SegmentedRaftLogWorker] INFO  segmented.SegmentedRaftLogWorker (SegmentedRaftLogWorker.java:execute(569)) - 6adb7553-cea6-43f8-9b13-e82d721d47e7@group-FB381BCCC211-SegmentedRaftLogWorker: created new log segment /workdir/hadoop-ozone/integration-test/target/test-dir/MiniOzoneClusterImpl-de332c24-5f7d-4363-8764-5335807553b9/datanode-0/data/ratis/3faf8d62-2057-4cb9-b42c-fb381bccc211/current/log_inprogress_0
2019-09-24 02:22:12,918 [6e6c6100-ad13-453b-9932-e9c645725862@group-94F4856A7072-SegmentedRaftLogWorker] INFO  segmented.SegmentedRaftLogWorker (SegmentedRaftLogWorker.java:execute(569)) - 6e6c6100-ad13-453b-9932-e9c645725862@group-94F4856A7072-SegmentedRaftLogWorker: created new log segment /workdir/hadoop-ozone/integration-test/target/test-dir/MiniOzoneClusterImpl-de332c24-5f7d-4363-8764-5335807553b9/datanode-1/data/ratis/23868696-caeb-4bbe-9da6-94f4856a7072/current/log_inprogress_0
2019-09-24 02:22:12,918 [76c02951-0e42-41da-95d2-62b96a0dd9ff@group-AC226764E810-SegmentedRaftLogWorker] INFO  segmented.SegmentedRaftLogWorker (SegmentedRaftLogWorker.java:execute(569)) - 76c02951-0e42-41da-95d2-62b96a0dd9ff@group-AC226764E810-SegmentedRaftLogWorker: created new log segment /workdir/hadoop-ozone/integration-test/target/test-dir/MiniOzoneClusterImpl-de332c24-5f7d-4363-8764-5335807553b9/datanode-3/data/ratis/0592f0b9-2868-4803-a815-ac226764e810/current/log_inprogress_0
2019-09-24 02:22:12,918 [0fd55585-263a-4577-aa0a-ea5a39896330@group-6BD8627368EA:LeaderElection4] INFO  impl.LeaderElection (LeaderElection.java:askForVotes(182)) - 0fd55585-263a-4577-aa0a-ea5a39896330@group-6BD8627368EA:LeaderElection4: begin an election at term 1 for -1: [0fd55585-263a-4577-aa0a-ea5a39896330:192.168.151.121:42755], old=null
2019-09-24 02:22:12,922 [0fd55585-263a-4577-aa0a-ea5a39896330@group-6BD8627368EA:LeaderElection4] INFO  impl.RoleInfo (RoleInfo.java:shutdownLeaderElection(134)) - 0fd55585-263a-4577-aa0a-ea5a39896330: shutdown LeaderElection
2019-09-24 02:22:12,922 [0fd55585-263a-4577-aa0a-ea5a39896330@group-6BD8627368EA:LeaderElection4] INFO  impl.RaftServerImpl (RaftServerImpl.java:setRole(174)) - 0fd55585-263a-4577-aa0a-ea5a39896330@group-6BD8627368EA: changes role from CANDIDATE to LEADER at term 1 for changeToLeader
2019-09-24 02:22:12,922 [0fd55585-263a-4577-aa0a-ea5a39896330@group-6BD8627368EA:LeaderElection4] INFO  impl.RaftServerImpl (ServerState.java:setLeader(253)) - 0fd55585-263a-4577-aa0a-ea5a39896330@group-6BD8627368EA: change Leader from null to 0fd55585-263a-4577-aa0a-ea5a39896330 at term 1 for becomeLeader, leader elected after 1112ms
2019-09-24 02:22:12,922 [0fd55585-263a-4577-aa0a-ea5a39896330@group-6BD8627368EA:LeaderElection4] INFO  server.RaftServerConfigKeys (ConfUtils.java:logGet(43)) - raft.server.staging.catchup.gap = 1000 (default)
2019-09-24 02:22:12,923 [0fd55585-263a-4577-aa0a-ea5a39896330@group-6BD8627368EA:LeaderElection4] INFO  server.RaftServerConfigKeys (ConfUtils.java:logGet(43)) - raft.server.rpc.sleep.time = 25ms (default)
2019-09-24 02:22:12,923 [0fd55585-263a-4577-aa0a-ea5a39896330@group-6BD8627368EA:LeaderElection4] INFO  server.RaftServerConfigKeys (ConfUtils.java:logGet(43)) - raft.server.write.element-limit = 4096 (default)
2019-09-24 02:22:12,925 [0fd55585-263a-4577-aa0a-ea5a39896330@group-6BD8627368EA:LeaderElection4] INFO  server.RaftServerConfigKeys (ConfUtils.java:logGet(43)) - raft.server.watch.timeout = 10s (default)
2019-09-24 02:22:12,925 [0fd55585-263a-4577-aa0a-ea5a39896330@group-6BD8627368EA:LeaderElection4] INFO  server.RaftServerConfigKeys (ConfUtils.java:logGet(43)) - raft.server.watch.timeout.denomination = 1s (default)
2019-09-24 02:22:12,925 [0fd55585-263a-4577-aa0a-ea5a39896330@group-6BD8627368EA:LeaderElection4] INFO  server.RaftServerConfigKeys (ConfUtils.java:logGet(43)) - raft.server.watch.element-limit = 65536 (default)
2019-09-24 02:22:12,931 [grpc-default-executor-0] INFO  impl.RaftServerProxy (RaftServerProxy.java:addNew(89)) - 54979dbf-d71a-4b3b-9687-e35aa22ddfbe: addNew group-6FB4E83B17BF:[afd2474b-fc98-4bcf-8229-023d47ec65b0:192.168.151.121:41375, 54979dbf-d71a-4b3b-9687-e35aa22ddfbe:192.168.151.121:40767, 8a99bbfb-49a9-45e9-85c7-917445244762:192.168.151.121:36521] returns group-6FB4E83B17BF:java.util.concurrent.CompletableFuture@556ee7d3[Not completed]
2019-09-24 02:22:12,931 [grpc-default-executor-2] INFO  impl.RaftServerProxy (RaftServerProxy.java:addNew(89)) - afd2474b-fc98-4bcf-8229-023d47ec65b0: addNew group-6FB4E83B17BF:[afd2474b-fc98-4bcf-8229-023d47ec65b0:192.168.151.121:41375, 54979dbf-d71a-4b3b-9687-e35aa22ddfbe:192.168.151.121:40767, 8a99bbfb-49a9-45e9-85c7-917445244762:192.168.151.121:36521] returns group-6FB4E83B17BF:java.util.concurrent.CompletableFuture@7695107d[Not completed]
2019-09-24 02:22:12,937 [0fd55585-263a-4577-aa0a-ea5a39896330@group-6BD8627368EA:LeaderElection4] INFO  impl.RoleInfo (RoleInfo.java:updateAndGet(143)) - 0fd55585-263a-4577-aa0a-ea5a39896330: start LeaderState
2019-09-24 02:22:12,937 [grpc-default-executor-2] INFO  impl.RaftServerProxy (RaftServerProxy.java:addNew(89)) - 8a99bbfb-49a9-45e9-85c7-917445244762: addNew group-6FB4E83B17BF:[afd2474b-fc98-4bcf-8229-023d47ec65b0:192.168.151.121:41375, 54979dbf-d71a-4b3b-9687-e35aa22ddfbe:192.168.151.121:40767, 8a99bbfb-49a9-45e9-85c7-917445244762:192.168.151.121:36521] returns group-6FB4E83B17BF:java.util.concurrent.CompletableFuture@344fc144[Not completed]
2019-09-24 02:22:12,937 [pool-97-thread-1] INFO  impl.RaftServerImpl (RaftServerImpl.java:<init>(95)) - afd2474b-fc98-4bcf-8229-023d47ec65b0: new RaftServerImpl for group-6FB4E83B17BF:[afd2474b-fc98-4bcf-8229-023d47ec65b0:192.168.151.121:41375, 54979dbf-d71a-4b3b-9687-e35aa22ddfbe:192.168.151.121:40767, 8a99bbfb-49a9-45e9-85c7-917445244762:192.168.151.121:36521] with ContainerStateMachine:uninitialized
2019-09-24 02:22:12,937 [0fd55585-263a-4577-aa0a-ea5a39896330@group-6BD8627368EA:LeaderElection4] INFO  segmented.SegmentedRaftLogWorker (SegmentedRaftLogWorker.java:startLogSegment(380)) - 0fd55585-263a-4577-aa0a-ea5a39896330@group-6BD8627368EA-SegmentedRaftLogWorker: Starting segment from index:0
2019-09-24 02:22:12,937 [pool-97-thread-1] INFO  server.RaftServerConfigKeys (ConfUtils.java:logGet(43)) - raft.server.rpc.timeout.min = 1s (custom)
2019-09-24 02:22:12,938 [pool-97-thread-1] INFO  server.RaftServerConfigKeys (ConfUtils.java:logGet(43)) - raft.server.rpc.timeout.max = 1200ms (custom)
2019-09-24 02:22:12,938 [pool-97-thread-1] INFO  server.RaftServerConfigKeys (ConfUtils.java:logGet(43)) - raft.server.rpcslowness.timeout = 120s (custom)
2019-09-24 02:22:12,938 [0fd55585-263a-4577-aa0a-ea5a39896330@group-6BD8627368EA:LeaderElection4] INFO  impl.RaftServerImpl (ServerState.java:setRaftConf(354)) - 0fd55585-263a-4577-aa0a-ea5a39896330@group-6BD8627368EA: set configuration 0: [0fd55585-263a-4577-aa0a-ea5a39896330:192.168.151.121:42755], old=null at 0
2019-09-24 02:22:12,938 [pool-67-thread-1] INFO  impl.RaftServerImpl (RaftServerImpl.java:<init>(95)) - 54979dbf-d71a-4b3b-9687-e35aa22ddfbe: new RaftServerImpl for group-6FB4E83B17BF:[afd2474b-fc98-4bcf-8229-023d47ec65b0:192.168.151.121:41375, 54979dbf-d71a-4b3b-9687-e35aa22ddfbe:192.168.151.121:40767, 8a99bbfb-49a9-45e9-85c7-917445244762:192.168.151.121:36521] with ContainerStateMachine:uninitialized
2019-09-24 02:22:12,938 [pool-97-thread-1] INFO  server.RaftServerConfigKeys (ConfUtils.java:logGet(43)) - raft.server.sleep.deviation.threshold = 300 (default)
2019-09-24 02:22:12,972 [pool-67-thread-1] INFO  server.RaftServerConfigKeys (ConfUtils.java:logGet(43)) - raft.server.rpc.timeout.min = 1s (custom)
2019-09-24 02:22:12,972 [pool-97-thread-1] INFO  server.RaftServerConfigKeys (ConfUtils.java:logGet(43)) - raft.server.log.appender.install.snapshot.enabled = false (custom)
2019-09-24 02:22:12,974 [pool-67-thread-1] INFO  server.RaftServerConfigKeys (ConfUtils.java:logGet(43)) - raft.server.rpc.timeout.max = 1200ms (custom)
2019-09-24 02:22:12,974 [pool-97-thread-1] INFO  impl.RaftServerImpl (ServerState.java:<init>(103)) - afd2474b-fc98-4bcf-8229-023d47ec65b0@group-6FB4E83B17BF: ConfigurationManager, init=-1: [afd2474b-fc98-4bcf-8229-023d47ec65b0:192.168.151.121:41375, 54979dbf-d71a-4b3b-9687-e35aa22ddfbe:192.168.151.121:40767, 8a99bbfb-49a9-45e9-85c7-917445244762:192.168.151.121:36521], old=null, confs=<EMPTY_MAP>
2019-09-24 02:22:12,974 [pool-67-thread-1] INFO  server.RaftServerConfigKeys (ConfUtils.java:logGet(43)) - raft.server.rpcslowness.timeout = 120s (custom)
2019-09-24 02:22:12,975 [pool-67-thread-1] INFO  server.RaftServerConfigKeys (ConfUtils.java:logGet(43)) - raft.server.sleep.deviation.threshold = 300 (default)
2019-09-24 02:22:12,975 [pool-97-thread-1] INFO  server.RaftServerConfigKeys (ConfUtils.java:logGet(43)) - raft.server.storage.dir = [/workdir/hadoop-ozone/integration-test/target/test-dir/MiniOzoneClusterImpl-de332c24-5f7d-4363-8764-5335807553b9/datanode-7/data/ratis] (custom)
2019-09-24 02:22:12,975 [pool-67-thread-1] INFO  server.RaftServerConfigKeys (ConfUtils.java:logGet(43)) - raft.server.log.appender.install.snapshot.enabled = false (custom)
2019-09-24 02:22:12,975 [pool-67-thread-1] INFO  impl.RaftServerImpl (ServerState.java:<init>(103)) - 54979dbf-d71a-4b3b-9687-e35aa22ddfbe@group-6FB4E83B17BF: ConfigurationManager, init=-1: [afd2474b-fc98-4bcf-8229-023d47ec65b0:192.168.151.121:41375, 54979dbf-d71a-4b3b-9687-e35aa22ddfbe:192.168.151.121:40767, 8a99bbfb-49a9-45e9-85c7-917445244762:192.168.151.121:36521], old=null, confs=<EMPTY_MAP>
2019-09-24 02:22:12,976 [pool-97-thread-1] INFO  storage.RaftStorageDirectory (RaftStorageDirectory.java:analyzeStorage(246)) - The storage directory /workdir/hadoop-ozone/integration-test/target/test-dir/MiniOzoneClusterImpl-de332c24-5f7d-4363-8764-5335807553b9/datanode-7/data/ratis/9cb6fe3e-19f1-46bf-a361-6fb4e83b17bf does not exist. Creating ...
2019-09-24 02:22:12,976 [pool-67-thread-1] INFO  server.RaftServerConfigKeys (ConfUtils.java:logGet(43)) - raft.server.storage.dir = [/workdir/hadoop-ozone/integration-test/target/test-dir/MiniOzoneClusterImpl-de332c24-5f7d-4363-8764-5335807553b9/datanode-4/data/ratis] (custom)
2019-09-24 02:22:12,976 [pool-77-thread-1] INFO  impl.RaftServerImpl (RaftServerImpl.java:<init>(95)) - 8a99bbfb-49a9-45e9-85c7-917445244762: new RaftServerImpl for group-6FB4E83B17BF:[afd2474b-fc98-4bcf-8229-023d47ec65b0:192.168.151.121:41375, 54979dbf-d71a-4b3b-9687-e35aa22ddfbe:192.168.151.121:40767, 8a99bbfb-49a9-45e9-85c7-917445244762:192.168.151.121:36521] with ContainerStateMachine:uninitialized
2019-09-24 02:22:12,976 [pool-67-thread-1] INFO  storage.RaftStorageDirectory (RaftStorageDirectory.java:analyzeStorage(246)) - The storage directory /workdir/hadoop-ozone/integration-test/target/test-dir/MiniOzoneClusterImpl-de332c24-5f7d-4363-8764-5335807553b9/datanode-4/data/ratis/9cb6fe3e-19f1-46bf-a361-6fb4e83b17bf does not exist. Creating ...
2019-09-24 02:22:12,976 [pool-77-thread-1] INFO  server.RaftServerConfigKeys (ConfUtils.java:logGet(43)) - raft.server.rpc.timeout.min = 1s (custom)
2019-09-24 02:22:12,977 [pool-77-thread-1] INFO  server.RaftServerConfigKeys (ConfUtils.java:logGet(43)) - raft.server.rpc.timeout.max = 1200ms (custom)
2019-09-24 02:22:12,977 [pool-77-thread-1] INFO  server.RaftServerConfigKeys (ConfUtils.java:logGet(43)) - raft.server.rpcslowness.timeout = 120s (custom)
2019-09-24 02:22:12,977 [pool-77-thread-1] INFO  server.RaftServerConfigKeys (ConfUtils.java:logGet(43)) - raft.server.sleep.deviation.threshold = 300 (default)
2019-09-24 02:22:12,978 [pool-77-thread-1] INFO  server.RaftServerConfigKeys (ConfUtils.java:logGet(43)) - raft.server.log.appender.install.snapshot.enabled = false (custom)
2019-09-24 02:22:12,978 [pool-77-thread-1] INFO  impl.RaftServerImpl (ServerState.java:<init>(103)) - 8a99bbfb-49a9-45e9-85c7-917445244762@group-6FB4E83B17BF: ConfigurationManager, init=-1: [afd2474b-fc98-4bcf-8229-023d47ec65b0:192.168.151.121:41375, 54979dbf-d71a-4b3b-9687-e35aa22ddfbe:192.168.151.121:40767, 8a99bbfb-49a9-45e9-85c7-917445244762:192.168.151.121:36521], old=null, confs=<EMPTY_MAP>
2019-09-24 02:22:12,978 [pool-77-thread-1] INFO  server.RaftServerConfigKeys (ConfUtils.java:logGet(43)) - raft.server.storage.dir = [/workdir/hadoop-ozone/integration-test/target/test-dir/MiniOzoneClusterImpl-de332c24-5f7d-4363-8764-5335807553b9/datanode-5/data/ratis] (custom)
2019-09-24 02:22:12,979 [pool-77-thread-1] INFO  storage.RaftStorageDirectory (RaftStorageDirectory.java:analyzeStorage(246)) - The storage directory /workdir/hadoop-ozone/integration-test/target/test-dir/MiniOzoneClusterImpl-de332c24-5f7d-4363-8764-5335807553b9/datanode-5/data/ratis/9cb6fe3e-19f1-46bf-a361-6fb4e83b17bf does not exist. Creating ...
2019-09-24 02:22:12,986 [pool-97-thread-1] INFO  storage.RaftStorageDirectory (RaftStorageDirectory.java:tryLock(328)) - Lock on /workdir/hadoop-ozone/integration-test/target/test-dir/MiniOzoneClusterImpl-de332c24-5f7d-4363-8764-5335807553b9/datanode-7/data/ratis/9cb6fe3e-19f1-46bf-a361-6fb4e83b17bf/in_use.lock acquired by nodename 30927@pr-hdds-2162-tjkd5-3209850126
2019-09-24 02:22:12,986 [pool-77-thread-1] INFO  storage.RaftStorageDirectory (RaftStorageDirectory.java:tryLock(328)) - Lock on /workdir/hadoop-ozone/integration-test/target/test-dir/MiniOzoneClusterImpl-de332c24-5f7d-4363-8764-5335807553b9/datanode-5/data/ratis/9cb6fe3e-19f1-46bf-a361-6fb4e83b17bf/in_use.lock acquired by nodename 30927@pr-hdds-2162-tjkd5-3209850126
2019-09-24 02:22:12,986 [0fd55585-263a-4577-aa0a-ea5a39896330@group-6BD8627368EA-SegmentedRaftLogWorker] INFO  segmented.SegmentedRaftLogWorker (SegmentedRaftLogWorker.java:execute(569)) - 0fd55585-263a-4577-aa0a-ea5a39896330@group-6BD8627368EA-SegmentedRaftLogWorker: created new log segment /workdir/hadoop-ozone/integration-test/target/test-dir/MiniOzoneClusterImpl-de332c24-5f7d-4363-8764-5335807553b9/datanode-2/data/ratis/a3544745-95b3-4257-aa0e-6bd8627368ea/current/log_inprogress_0
2019-09-24 02:22:12,986 [pool-67-thread-1] INFO  storage.RaftStorageDirectory (RaftStorageDirectory.java:tryLock(328)) - Lock on /workdir/hadoop-ozone/integration-test/target/test-dir/MiniOzoneClusterImpl-de332c24-5f7d-4363-8764-5335807553b9/datanode-4/data/ratis/9cb6fe3e-19f1-46bf-a361-6fb4e83b17bf/in_use.lock acquired by nodename 30927@pr-hdds-2162-tjkd5-3209850126
2019-09-24 02:22:13,000 [pool-67-thread-1] INFO  storage.RaftStorage (RaftStorage.java:format(72)) - Storage directory /workdir/hadoop-ozone/integration-test/target/test-dir/MiniOzoneClusterImpl-de332c24-5f7d-4363-8764-5335807553b9/datanode-4/data/ratis/9cb6fe3e-19f1-46bf-a361-6fb4e83b17bf has been successfully formatted.
2019-09-24 02:22:13,000 [pool-97-thread-1] INFO  storage.RaftStorage (RaftStorage.java:format(72)) - Storage directory /workdir/hadoop-ozone/integration-test/target/test-dir/MiniOzoneClusterImpl-de332c24-5f7d-4363-8764-5335807553b9/datanode-7/data/ratis/9cb6fe3e-19f1-46bf-a361-6fb4e83b17bf has been successfully formatted.
2019-09-24 02:22:13,001 [pool-67-thread-1] INFO  ratis.ContainerStateMachine (ContainerStateMachine.java:loadSnapshot(230)) - group-6FB4E83B17BF: The snapshot info is null. Setting the last applied indexto:(t:0, i:~)
2019-09-24 02:22:13,000 [pool-77-thread-1] INFO  storage.RaftStorage (RaftStorage.java:format(72)) - Storage directory /workdir/hadoop-ozone/integration-test/target/test-dir/MiniOzoneClusterImpl-de332c24-5f7d-4363-8764-5335807553b9/datanode-5/data/ratis/9cb6fe3e-19f1-46bf-a361-6fb4e83b17bf has been successfully formatted.
2019-09-24 02:22:13,001 [pool-67-thread-1] INFO  server.RaftServerConfigKeys (ConfUtils.java:logGet(43)) - raft.server.notification.no-leader.timeout = 120s (custom)
2019-09-24 02:22:13,001 [pool-97-thread-1] INFO  ratis.ContainerStateMachine (ContainerStateMachine.java:loadSnapshot(230)) - group-6FB4E83B17BF: The snapshot info is null. Setting the last applied indexto:(t:0, i:~)
2019-09-24 02:22:13,001 [pool-67-thread-1] INFO  server.RaftServerConfigKeys (ConfUtils.java:logGet(43)) - raft.server.log.use.memory = false (default)
2019-09-24 02:22:13,001 [pool-77-thread-1] INFO  ratis.ContainerStateMachine (ContainerStateMachine.java:loadSnapshot(230)) - group-6FB4E83B17BF: The snapshot info is null. Setting the last applied indexto:(t:0, i:~)
2019-09-24 02:22:13,002 [pool-67-thread-1] INFO  server.RaftServerConfigKeys (ConfUtils.java:logGet(43)) - raft.server.log.purge.gap = 1000000 (custom)
2019-09-24 02:22:13,001 [pool-97-thread-1] INFO  server.RaftServerConfigKeys (ConfUtils.java:logGet(43)) - raft.server.notification.no-leader.timeout = 120s (custom)
2019-09-24 02:22:13,002 [pool-67-thread-1] INFO  server.RaftServerConfigKeys (ConfUtils.java:logGet(43)) - raft.server.log.appender.buffer.byte-limit = 33554432 (custom)
2019-09-24 02:22:13,002 [pool-77-thread-1] INFO  server.RaftServerConfigKeys (ConfUtils.java:logGet(43)) - raft.server.notification.no-leader.timeout = 120s (custom)
2019-09-24 02:22:13,002 [pool-67-thread-1] INFO  server.RaftServerConfigKeys (ConfUtils.java:logGet(43)) - raft.server.log.segment.size.max = 1048576 (custom)
2019-09-24 02:22:13,002 [pool-97-thread-1] INFO  server.RaftServerConfigKeys (ConfUtils.java:logGet(43)) - raft.server.log.use.memory = false (default)
2019-09-24 02:22:13,003 [pool-67-thread-1] INFO  server.RaftServerConfigKeys (ConfUtils.java:logGet(43)) - raft.server.log.segment.cache.num.max = 2 (custom)
2019-09-24 02:22:13,003 [pool-77-thread-1] INFO  server.RaftServerConfigKeys (ConfUtils.java:logGet(43)) - raft.server.log.use.memory = false (default)
2019-09-24 02:22:13,003 [pool-67-thread-1] INFO  segmented.SegmentedRaftLogWorker (SegmentedRaftLogWorker.java:<init>(172)) - new 54979dbf-d71a-4b3b-9687-e35aa22ddfbe@group-6FB4E83B17BF-SegmentedRaftLogWorker for RaftStorage:Storage Directory /workdir/hadoop-ozone/integration-test/target/test-dir/MiniOzoneClusterImpl-de332c24-5f7d-4363-8764-5335807553b9/datanode-4/data/ratis/9cb6fe3e-19f1-46bf-a361-6fb4e83b17bf
2019-09-24 02:22:13,003 [pool-97-thread-1] INFO  server.RaftServerConfigKeys (ConfUtils.java:logGet(43)) - raft.server.log.purge.gap = 1000000 (custom)
2019-09-24 02:22:13,004 [pool-67-thread-1] INFO  server.RaftServerConfigKeys (ConfUtils.java:logGet(43)) - raft.server.log.queue.byte-limit = 2147483647 (custom)
2019-09-24 02:22:13,003 [pool-77-thread-1] INFO  server.RaftServerConfigKeys (ConfUtils.java:logGet(43)) - raft.server.log.purge.gap = 1000000 (custom)
2019-09-24 02:22:13,004 [pool-67-thread-1] INFO  server.RaftServerConfigKeys (ConfUtils.java:logGet(43)) - raft.server.log.queue.element-limit = 1024 (custom)
2019-09-24 02:22:13,004 [pool-97-thread-1] INFO  server.RaftServerConfigKeys (ConfUtils.java:logGet(43)) - raft.server.log.appender.buffer.byte-limit = 33554432 (custom)
2019-09-24 02:22:13,004 [pool-67-thread-1] INFO  server.RaftServerConfigKeys (ConfUtils.java:logGet(43)) - raft.server.log.segment.size.max = 1048576 (custom)
2019-09-24 02:22:13,004 [pool-77-thread-1] INFO  server.RaftServerConfigKeys (ConfUtils.java:logGet(43)) - raft.server.log.appender.buffer.byte-limit = 33554432 (custom)
2019-09-24 02:22:13,005 [pool-67-thread-1] INFO  server.RaftServerConfigKeys (ConfUtils.java:logGet(43)) - raft.server.log.preallocated.size = 16384 (custom)
2019-09-24 02:22:13,005 [pool-97-thread-1] INFO  server.RaftServerConfigKeys (ConfUtils.java:logGet(43)) - raft.server.log.segment.size.max = 1048576 (custom)
2019-09-24 02:22:13,005 [pool-67-thread-1] INFO  server.RaftServerConfigKeys (ConfUtils.java:logGet(43)) - raft.server.log.write.buffer.size = 33554432 (custom)
2019-09-24 02:22:13,005 [pool-77-thread-1] INFO  server.RaftServerConfigKeys (ConfUtils.java:logGet(43)) - raft.server.log.segment.size.max = 1048576 (custom)
2019-09-24 02:22:13,005 [pool-67-thread-1] INFO  server.RaftServerConfigKeys (ConfUtils.java:logGet(43)) - raft.server.log.force.sync.num = 128 (default)
2019-09-24 02:22:13,005 [pool-97-thread-1] INFO  server.RaftServerConfigKeys (ConfUtils.java:logGet(43)) - raft.server.log.segment.cache.num.max = 2 (custom)
2019-09-24 02:22:13,006 [pool-67-thread-1] INFO  server.RaftServerConfigKeys (ConfUtils.java:logGet(43)) - raft.server.log.statemachine.data.sync = true (default)
2019-09-24 02:22:13,006 [pool-77-thread-1] INFO  server.RaftServerConfigKeys (ConfUtils.java:logGet(43)) - raft.server.log.segment.cache.num.max = 2 (custom)
2019-09-24 02:22:13,006 [pool-67-thread-1] INFO  server.RaftServerConfigKeys (ConfUtils.java:logGet(43)) - raft.server.log.statemachine.data.sync.timeout = 10s (default)
2019-09-24 02:22:13,006 [pool-97-thread-1] INFO  segmented.SegmentedRaftLogWorker (SegmentedRaftLogWorker.java:<init>(172)) - new afd2474b-fc98-4bcf-8229-023d47ec65b0@group-6FB4E83B17BF-SegmentedRaftLogWorker for RaftStorage:Storage Directory /workdir/hadoop-ozone/integration-test/target/test-dir/MiniOzoneClusterImpl-de332c24-5f7d-4363-8764-5335807553b9/datanode-7/data/ratis/9cb6fe3e-19f1-46bf-a361-6fb4e83b17bf
2019-09-24 02:22:13,007 [pool-67-thread-1] INFO  server.RaftServerConfigKeys (ConfUtils.java:logGet(43)) - raft.server.log.statemachine.data.sync.timeout.retry = -1 (default)
2019-09-24 02:22:13,006 [pool-77-thread-1] INFO  segmented.SegmentedRaftLogWorker (SegmentedRaftLogWorker.java:<init>(172)) - new 8a99bbfb-49a9-45e9-85c7-917445244762@group-6FB4E83B17BF-SegmentedRaftLogWorker for RaftStorage:Storage Directory /workdir/hadoop-ozone/integration-test/target/test-dir/MiniOzoneClusterImpl-de332c24-5f7d-4363-8764-5335807553b9/datanode-5/data/ratis/9cb6fe3e-19f1-46bf-a361-6fb4e83b17bf
2019-09-24 02:22:13,007 [pool-67-thread-1] INFO  server.RaftServerConfigKeys (ConfUtils.java:logGet(43)) - raft.server.log.statemachine.data.caching.enabled = true (custom)
2019-09-24 02:22:13,007 [pool-97-thread-1] INFO  server.RaftServerConfigKeys (ConfUtils.java:logGet(43)) - raft.server.log.queue.byte-limit = 2147483647 (custom)
2019-09-24 02:22:13,007 [pool-77-thread-1] INFO  server.RaftServerConfigKeys (ConfUtils.java:logGet(43)) - raft.server.log.queue.byte-limit = 2147483647 (custom)
2019-09-24 02:22:13,008 [pool-97-thread-1] INFO  server.RaftServerConfigKeys (ConfUtils.java:logGet(43)) - raft.server.log.queue.element-limit = 1024 (custom)
2019-09-24 02:22:13,008 [pool-67-thread-1] INFO  segmented.SegmentedRaftLogWorker (SegmentedRaftLogWorker.java:lambda$new$0(132)) - 54979dbf-d71a-4b3b-9687-e35aa22ddfbe@group-6FB4E83B17BF-SegmentedRaftLogWorker: flushIndex: setUnconditionally 0 -> -1
2019-09-24 02:22:13,008 [pool-97-thread-1] INFO  server.RaftServerConfigKeys (ConfUtils.java:logGet(43)) - raft.server.log.segment.size.max = 1048576 (custom)
2019-09-24 02:22:13,008 [pool-77-thread-1] INFO  server.RaftServerConfigKeys (ConfUtils.java:logGet(43)) - raft.server.log.queue.element-limit = 1024 (custom)
2019-09-24 02:22:13,008 [pool-67-thread-1] INFO  server.RaftServerConfigKeys (ConfUtils.java:logGet(43)) - raft.server.snapshot.auto.trigger.enabled = true (custom)
2019-09-24 02:22:13,008 [pool-97-thread-1] INFO  server.RaftServerConfigKeys (ConfUtils.java:logGet(43)) - raft.server.log.preallocated.size = 16384 (custom)
2019-09-24 02:22:13,009 [pool-67-thread-1] INFO  server.RaftServerConfigKeys (ConfUtils.java:logGet(43)) - raft.server.snapshot.auto.trigger.threshold = 10000 (custom)
2019-09-24 02:22:13,009 [pool-77-thread-1] INFO  server.RaftServerConfigKeys (ConfUtils.java:logGet(43)) - raft.server.log.segment.size.max = 1048576 (custom)
2019-09-24 02:22:13,009 [pool-67-thread-1] INFO  server.RaftServerConfigKeys (ConfUtils.java:logGet(43)) - raft.server.snapshot.retention.num.files = 5 (custom)
2019-09-24 02:22:13,009 [pool-97-thread-1] INFO  server.RaftServerConfigKeys (ConfUtils.java:logGet(43)) - raft.server.log.write.buffer.size = 33554432 (custom)
2019-09-24 02:22:13,010 [pool-67-thread-1] INFO  server.RaftServerConfigKeys (ConfUtils.java:logGet(43)) - raft.server.retrycache.expirytime = 600000ms (custom)
2019-09-24 02:22:13,009 [pool-77-thread-1] INFO  server.RaftServerConfigKeys (ConfUtils.java:logGet(43)) - raft.server.log.preallocated.size = 16384 (custom)
2019-09-24 02:22:13,010 [pool-97-thread-1] INFO  server.RaftServerConfigKeys (ConfUtils.java:logGet(43)) - raft.server.log.force.sync.num = 128 (default)
2019-09-24 02:22:13,010 [pool-77-thread-1] INFO  server.RaftServerConfigKeys (ConfUtils.java:logGet(43)) - raft.server.log.write.buffer.size = 33554432 (custom)
2019-09-24 02:22:13,010 [pool-97-thread-1] INFO  server.RaftServerConfigKeys (ConfUtils.java:logGet(43)) - raft.server.log.statemachine.data.sync = true (default)
2019-09-24 02:22:13,010 [pool-77-thread-1] INFO  server.RaftServerConfigKeys (ConfUtils.java:logGet(43)) - raft.server.log.force.sync.num = 128 (default)
2019-09-24 02:22:13,011 [pool-97-thread-1] INFO  server.RaftServerConfigKeys (ConfUtils.java:logGet(43)) - raft.server.log.statemachine.data.sync.timeout = 10s (default)
2019-09-24 02:22:13,011 [pool-77-thread-1] INFO  server.RaftServerConfigKeys (ConfUtils.java:logGet(43)) - raft.server.log.statemachine.data.sync = true (default)
2019-09-24 02:22:13,011 [pool-97-thread-1] INFO  server.RaftServerConfigKeys (ConfUtils.java:logGet(43)) - raft.server.log.statemachine.data.sync.timeout.retry = -1 (default)
2019-09-24 02:22:13,011 [pool-77-thread-1] INFO  server.RaftServerConfigKeys (ConfUtils.java:logGet(43)) - raft.server.log.statemachine.data.sync.timeout = 10s (default)
2019-09-24 02:22:13,011 [pool-97-thread-1] INFO  server.RaftServerConfigKeys (ConfUtils.java:logGet(43)) - raft.server.log.statemachine.data.caching.enabled = true (custom)
2019-09-24 02:22:13,012 [pool-77-thread-1] INFO  server.RaftServerConfigKeys (ConfUtils.java:logGet(43)) - raft.server.log.statemachine.data.sync.timeout.retry = -1 (default)
2019-09-24 02:22:13,012 [pool-97-thread-1] INFO  segmented.SegmentedRaftLogWorker (SegmentedRaftLogWorker.java:lambda$new$0(132)) - afd2474b-fc98-4bcf-8229-023d47ec65b0@group-6FB4E83B17BF-SegmentedRaftLogWorker: flushIndex: setUnconditionally 0 -> -1
2019-09-24 02:22:13,012 [pool-77-thread-1] INFO  server.RaftServerConfigKeys (ConfUtils.java:logGet(43)) - raft.server.log.statemachine.data.caching.enabled = true (custom)
2019-09-24 02:22:13,012 [pool-97-thread-1] INFO  server.RaftServerConfigKeys (ConfUtils.java:logGet(43)) - raft.server.snapshot.auto.trigger.enabled = true (custom)
2019-09-24 02:22:13,013 [pool-97-thread-1] INFO  server.RaftServerConfigKeys (ConfUtils.java:logGet(43)) - raft.server.snapshot.auto.trigger.threshold = 10000 (custom)
2019-09-24 02:22:13,013 [pool-77-thread-1] INFO  segmented.SegmentedRaftLogWorker (SegmentedRaftLogWorker.java:lambda$new$0(132)) - 8a99bbfb-49a9-45e9-85c7-917445244762@group-6FB4E83B17BF-SegmentedRaftLogWorker: flushIndex: setUnconditionally 0 -> -1
2019-09-24 02:22:13,013 [pool-67-thread-1] INFO  impl.RaftServerImpl (RaftServerImpl.java:start(185)) - 54979dbf-d71a-4b3b-9687-e35aa22ddfbe@group-6FB4E83B17BF: start as a follower, conf=-1: [afd2474b-fc98-4bcf-8229-023d47ec65b0:192.168.151.121:41375, 54979dbf-d71a-4b3b-9687-e35aa22ddfbe:192.168.151.121:40767, 8a99bbfb-49a9-45e9-85c7-917445244762:192.168.151.121:36521], old=null
2019-09-24 02:22:13,013 [pool-97-thread-1] INFO  server.RaftServerConfigKeys (ConfUtils.java:logGet(43)) - raft.server.snapshot.retention.num.files = 5 (custom)
2019-09-24 02:22:13,013 [pool-77-thread-1] INFO  server.RaftServerConfigKeys (ConfUtils.java:logGet(43)) - raft.server.snapshot.auto.trigger.enabled = true (custom)
2019-09-24 02:22:13,013 [pool-67-thread-1] INFO  impl.RaftServerImpl (RaftServerImpl.java:setRole(174)) - 54979dbf-d71a-4b3b-9687-e35aa22ddfbe@group-6FB4E83B17BF: changes role from      null to FOLLOWER at term 0 for startAsFollower
2019-09-24 02:22:13,013 [pool-77-thread-1] INFO  server.RaftServerConfigKeys (ConfUtils.java:logGet(43)) - raft.server.snapshot.auto.trigger.threshold = 10000 (custom)
2019-09-24 02:22:13,013 [pool-97-thread-1] INFO  server.RaftServerConfigKeys (ConfUtils.java:logGet(43)) - raft.server.retrycache.expirytime = 600000ms (custom)
2019-09-24 02:22:13,014 [pool-77-thread-1] INFO  server.RaftServerConfigKeys (ConfUtils.java:logGet(43)) - raft.server.snapshot.retention.num.files = 5 (custom)
2019-09-24 02:22:13,014 [pool-67-thread-1] INFO  impl.RoleInfo (RoleInfo.java:updateAndGet(143)) - 54979dbf-d71a-4b3b-9687-e35aa22ddfbe: start FollowerState
2019-09-24 02:22:13,014 [pool-77-thread-1] INFO  server.RaftServerConfigKeys (ConfUtils.java:logGet(43)) - raft.server.retrycache.expirytime = 600000ms (custom)
2019-09-24 02:22:13,015 [pool-67-thread-1] INFO  util.JmxRegister (JmxRegister.java:tryRegister(44)) - Successfully registered JMX Bean with object name Ratis:service=RaftServer,group=group-6FB4E83B17BF,id=54979dbf-d71a-4b3b-9687-e35aa22ddfbe
2019-09-24 02:22:13,017 [pool-97-thread-1] INFO  impl.RaftServerImpl (RaftServerImpl.java:start(185)) - afd2474b-fc98-4bcf-8229-023d47ec65b0@group-6FB4E83B17BF: start as a follower, conf=-1: [afd2474b-fc98-4bcf-8229-023d47ec65b0:192.168.151.121:41375, 54979dbf-d71a-4b3b-9687-e35aa22ddfbe:192.168.151.121:40767, 8a99bbfb-49a9-45e9-85c7-917445244762:192.168.151.121:36521], old=null
2019-09-24 02:22:13,017 [pool-97-thread-1] INFO  impl.RaftServerImpl (RaftServerImpl.java:setRole(174)) - afd2474b-fc98-4bcf-8229-023d47ec65b0@group-6FB4E83B17BF: changes role from      null to FOLLOWER at term 0 for startAsFollower
2019-09-24 02:22:13,018 [pool-97-thread-1] INFO  impl.RoleInfo (RoleInfo.java:updateAndGet(143)) - afd2474b-fc98-4bcf-8229-023d47ec65b0: start FollowerState
2019-09-24 02:22:13,018 [pool-77-thread-1] INFO  impl.RaftServerImpl (RaftServerImpl.java:start(185)) - 8a99bbfb-49a9-45e9-85c7-917445244762@group-6FB4E83B17BF: start as a follower, conf=-1: [afd2474b-fc98-4bcf-8229-023d47ec65b0:192.168.151.121:41375, 54979dbf-d71a-4b3b-9687-e35aa22ddfbe:192.168.151.121:40767, 8a99bbfb-49a9-45e9-85c7-917445244762:192.168.151.121:36521], old=null
2019-09-24 02:22:13,021 [pool-97-thread-1] INFO  util.JmxRegister (JmxRegister.java:tryRegister(44)) - Successfully registered JMX Bean with object name Ratis:service=RaftServer,group=group-6FB4E83B17BF,id=afd2474b-fc98-4bcf-8229-023d47ec65b0
2019-09-24 02:22:13,021 [pool-77-thread-1] INFO  impl.RaftServerImpl (RaftServerImpl.java:setRole(174)) - 8a99bbfb-49a9-45e9-85c7-917445244762@group-6FB4E83B17BF: changes role from      null to FOLLOWER at term 0 for startAsFollower
2019-09-24 02:22:13,022 [pool-77-thread-1] INFO  impl.RoleInfo (RoleInfo.java:updateAndGet(143)) - 8a99bbfb-49a9-45e9-85c7-917445244762: start FollowerState
2019-09-24 02:22:13,022 [pool-77-thread-1] INFO  util.JmxRegister (JmxRegister.java:tryRegister(44)) - Successfully registered JMX Bean with object name Ratis:service=RaftServer,group=group-6FB4E83B17BF,id=8a99bbfb-49a9-45e9-85c7-917445244762
2019-09-24 02:22:13,033 [RatisPipelineUtilsThread] INFO  pipeline.PipelineStateManager (PipelineStateManager.java:addPipeline(56)) - Created pipeline Pipeline[ Id: 9cb6fe3e-19f1-46bf-a361-6fb4e83b17bf, Nodes: afd2474b-fc98-4bcf-8229-023d47ec65b0{ip: 192.168.151.121, host: pr-hdds-2162-tjkd5-3209850126, networkLocation: /rack1, certSerialId: null}54979dbf-d71a-4b3b-9687-e35aa22ddfbe{ip: 192.168.151.121, host: pr-hdds-2162-tjkd5-3209850126, networkLocation: /rack1, certSerialId: null}8a99bbfb-49a9-45e9-85c7-917445244762{ip: 192.168.151.121, host: pr-hdds-2162-tjkd5-3209850126, networkLocation: /rack1, certSerialId: null}, Type:RATIS, Factor:THREE, State:OPEN]
2019-09-24 02:22:13,078 [Thread-297] INFO  impl.FollowerState (FollowerState.java:run(106)) - c0944fb1-a003-48a4-987e-44a4096d22d1:group-2153E3C2A31B changes to CANDIDATE, lastRpcTime:1045, electionTimeout:1045ms
2019-09-24 02:22:13,078 [Thread-297] INFO  impl.RoleInfo (RoleInfo.java:shutdownFollowerState(121)) - c0944fb1-a003-48a4-987e-44a4096d22d1: shutdown FollowerState
2019-09-24 02:22:13,078 [Thread-297] INFO  impl.RaftServerImpl (RaftServerImpl.java:setRole(174)) - c0944fb1-a003-48a4-987e-44a4096d22d1@group-2153E3C2A31B: changes role from  FOLLOWER to CANDIDATE at term 0 for changeToCandidate
2019-09-24 02:22:13,078 [Thread-297] INFO  impl.RoleInfo (RoleInfo.java:updateAndGet(143)) - c0944fb1-a003-48a4-987e-44a4096d22d1: start LeaderElection
2019-09-24 02:22:13,116 [c0944fb1-a003-48a4-987e-44a4096d22d1@group-2153E3C2A31B:LeaderElection5] INFO  impl.LeaderElection (LeaderElection.java:askForVotes(182)) - c0944fb1-a003-48a4-987e-44a4096d22d1@group-2153E3C2A31B:LeaderElection5: begin an election at term 1 for -1: [c0944fb1-a003-48a4-987e-44a4096d22d1:192.168.151.121:43671], old=null
2019-09-24 02:22:13,118 [c0944fb1-a003-48a4-987e-44a4096d22d1@group-2153E3C2A31B:LeaderElection5] INFO  impl.RoleInfo (RoleInfo.java:shutdownLeaderElection(134)) - c0944fb1-a003-48a4-987e-44a4096d22d1: shutdown LeaderElection
2019-09-24 02:22:13,118 [c0944fb1-a003-48a4-987e-44a4096d22d1@group-2153E3C2A31B:LeaderElection5] INFO  impl.RaftServerImpl (RaftServerImpl.java:setRole(174)) - c0944fb1-a003-48a4-987e-44a4096d22d1@group-2153E3C2A31B: changes role from CANDIDATE to LEADER at term 1 for changeToLeader
2019-09-24 02:22:13,119 [c0944fb1-a003-48a4-987e-44a4096d22d1@group-2153E3C2A31B:LeaderElection5] INFO  impl.RaftServerImpl (ServerState.java:setLeader(253)) - c0944fb1-a003-48a4-987e-44a4096d22d1@group-2153E3C2A31B: change Leader from null to c0944fb1-a003-48a4-987e-44a4096d22d1 at term 1 for becomeLeader, leader elected after 1184ms
2019-09-24 02:22:13,119 [c0944fb1-a003-48a4-987e-44a4096d22d1@group-2153E3C2A31B:LeaderElection5] INFO  server.RaftServerConfigKeys (ConfUtils.java:logGet(43)) - raft.server.staging.catchup.gap = 1000 (default)
2019-09-24 02:22:13,119 [c0944fb1-a003-48a4-987e-44a4096d22d1@group-2153E3C2A31B:LeaderElection5] INFO  server.RaftServerConfigKeys (ConfUtils.java:logGet(43)) - raft.server.rpc.sleep.time = 25ms (default)
2019-09-24 02:22:13,119 [c0944fb1-a003-48a4-987e-44a4096d22d1@group-2153E3C2A31B:LeaderElection5] INFO  server.RaftServerConfigKeys (ConfUtils.java:logGet(43)) - raft.server.write.element-limit = 4096 (default)
2019-09-24 02:22:13,119 [c0944fb1-a003-48a4-987e-44a4096d22d1@group-2153E3C2A31B:LeaderElection5] INFO  server.RaftServerConfigKeys (ConfUtils.java:logGet(43)) - raft.server.watch.timeout = 10s (default)
2019-09-24 02:22:13,119 [c0944fb1-a003-48a4-987e-44a4096d22d1@group-2153E3C2A31B:LeaderElection5] INFO  server.RaftServerConfigKeys (ConfUtils.java:logGet(43)) - raft.server.watch.timeout.denomination = 1s (default)
2019-09-24 02:22:13,120 [c0944fb1-a003-48a4-987e-44a4096d22d1@group-2153E3C2A31B:LeaderElection5] INFO  server.RaftServerConfigKeys (ConfUtils.java:logGet(43)) - raft.server.watch.element-limit = 65536 (default)
2019-09-24 02:22:13,122 [c0944fb1-a003-48a4-987e-44a4096d22d1@group-2153E3C2A31B:LeaderElection5] INFO  impl.RoleInfo (RoleInfo.java:updateAndGet(143)) - c0944fb1-a003-48a4-987e-44a4096d22d1: start LeaderState
2019-09-24 02:22:13,123 [c0944fb1-a003-48a4-987e-44a4096d22d1@group-2153E3C2A31B:LeaderElection5] INFO  segmented.SegmentedRaftLogWorker (SegmentedRaftLogWorker.java:startLogSegment(380)) - c0944fb1-a003-48a4-987e-44a4096d22d1@group-2153E3C2A31B-SegmentedRaftLogWorker: Starting segment from index:0
2019-09-24 02:22:13,123 [c0944fb1-a003-48a4-987e-44a4096d22d1@group-2153E3C2A31B:LeaderElection5] INFO  impl.RaftServerImpl (ServerState.java:setRaftConf(354)) - c0944fb1-a003-48a4-987e-44a4096d22d1@group-2153E3C2A31B: set configuration 0: [c0944fb1-a003-48a4-987e-44a4096d22d1:192.168.151.121:43671], old=null at 0
2019-09-24 02:22:13,176 [c0944fb1-a003-48a4-987e-44a4096d22d1@group-2153E3C2A31B-SegmentedRaftLogWorker] INFO  segmented.SegmentedRaftLogWorker (SegmentedRaftLogWorker.java:execute(569)) - c0944fb1-a003-48a4-987e-44a4096d22d1@group-2153E3C2A31B-SegmentedRaftLogWorker: created new log segment /workdir/hadoop-ozone/integration-test/target/test-dir/MiniOzoneClusterImpl-de332c24-5f7d-4363-8764-5335807553b9/datanode-9/data/ratis/ee8d99cf-642d-4efc-9dd3-2153e3c2a31b/current/log_inprogress_0
2019-09-24 02:22:13,291 [Thread-300] INFO  impl.FollowerState (FollowerState.java:run(106)) - 6f849279-8265-485e-82a5-918f2cc86fc1:group-C25A2268DBFF changes to CANDIDATE, lastRpcTime:1135, electionTimeout:1135ms
2019-09-24 02:22:13,292 [Thread-300] INFO  impl.RoleInfo (RoleInfo.java:shutdownFollowerState(121)) - 6f849279-8265-485e-82a5-918f2cc86fc1: shutdown FollowerState
2019-09-24 02:22:13,292 [Thread-300] INFO  impl.RaftServerImpl (RaftServerImpl.java:setRole(174)) - 6f849279-8265-485e-82a5-918f2cc86fc1@group-C25A2268DBFF: changes role from  FOLLOWER to CANDIDATE at term 0 for changeToCandidate
2019-09-24 02:22:13,292 [Thread-300] INFO  impl.RoleInfo (RoleInfo.java:updateAndGet(143)) - 6f849279-8265-485e-82a5-918f2cc86fc1: start LeaderElection
2019-09-24 02:22:13,317 [6f849279-8265-485e-82a5-918f2cc86fc1@group-C25A2268DBFF:LeaderElection6] INFO  impl.LeaderElection (LeaderElection.java:askForVotes(182)) - 6f849279-8265-485e-82a5-918f2cc86fc1@group-C25A2268DBFF:LeaderElection6: begin an election at term 1 for -1: [6f849279-8265-485e-82a5-918f2cc86fc1:192.168.151.121:46354], old=null
2019-09-24 02:22:13,317 [6f849279-8265-485e-82a5-918f2cc86fc1@group-C25A2268DBFF:LeaderElection6] INFO  impl.RoleInfo (RoleInfo.java:shutdownLeaderElection(134)) - 6f849279-8265-485e-82a5-918f2cc86fc1: shutdown LeaderElection
2019-09-24 02:22:13,317 [6f849279-8265-485e-82a5-918f2cc86fc1@group-C25A2268DBFF:LeaderElection6] INFO  impl.RaftServerImpl (RaftServerImpl.java:setRole(174)) - 6f849279-8265-485e-82a5-918f2cc86fc1@group-C25A2268DBFF: changes role from CANDIDATE to LEADER at term 1 for changeToLeader
2019-09-24 02:22:13,317 [6f849279-8265-485e-82a5-918f2cc86fc1@group-C25A2268DBFF:LeaderElection6] INFO  impl.RaftServerImpl (ServerState.java:setLeader(253)) - 6f849279-8265-485e-82a5-918f2cc86fc1@group-C25A2268DBFF: change Leader from null to 6f849279-8265-485e-82a5-918f2cc86fc1 at term 1 for becomeLeader, leader elected after 1172ms
2019-09-24 02:22:13,317 [6f849279-8265-485e-82a5-918f2cc86fc1@group-C25A2268DBFF:LeaderElection6] INFO  server.RaftServerConfigKeys (ConfUtils.java:logGet(43)) - raft.server.staging.catchup.gap = 1000 (default)
2019-09-24 02:22:13,318 [6f849279-8265-485e-82a5-918f2cc86fc1@group-C25A2268DBFF:LeaderElection6] INFO  server.RaftServerConfigKeys (ConfUtils.java:logGet(43)) - raft.server.rpc.sleep.time = 25ms (default)
2019-09-24 02:22:13,318 [6f849279-8265-485e-82a5-918f2cc86fc1@group-C25A2268DBFF:LeaderElection6] INFO  server.RaftServerConfigKeys (ConfUtils.java:logGet(43)) - raft.server.write.element-limit = 4096 (default)
2019-09-24 02:22:13,318 [6f849279-8265-485e-82a5-918f2cc86fc1@group-C25A2268DBFF:LeaderElection6] INFO  server.RaftServerConfigKeys (ConfUtils.java:logGet(43)) - raft.server.watch.timeout = 10s (default)
2019-09-24 02:22:13,318 [6f849279-8265-485e-82a5-918f2cc86fc1@group-C25A2268DBFF:LeaderElection6] INFO  server.RaftServerConfigKeys (ConfUtils.java:logGet(43)) - raft.server.watch.timeout.denomination = 1s (default)
2019-09-24 02:22:13,318 [6f849279-8265-485e-82a5-918f2cc86fc1@group-C25A2268DBFF:LeaderElection6] INFO  server.RaftServerConfigKeys (ConfUtils.java:logGet(43)) - raft.server.watch.element-limit = 65536 (default)
2019-09-24 02:22:13,322 [6f849279-8265-485e-82a5-918f2cc86fc1@group-C25A2268DBFF:LeaderElection6] INFO  impl.RoleInfo (RoleInfo.java:updateAndGet(143)) - 6f849279-8265-485e-82a5-918f2cc86fc1: start LeaderState
2019-09-24 02:22:13,322 [6f849279-8265-485e-82a5-918f2cc86fc1@group-C25A2268DBFF:LeaderElection6] INFO  segmented.SegmentedRaftLogWorker (SegmentedRaftLogWorker.java:startLogSegment(380)) - 6f849279-8265-485e-82a5-918f2cc86fc1@group-C25A2268DBFF-SegmentedRaftLogWorker: Starting segment from index:0
2019-09-24 02:22:13,323 [6f849279-8265-485e-82a5-918f2cc86fc1@group-C25A2268DBFF:LeaderElection6] INFO  impl.RaftServerImpl (ServerState.java:setRaftConf(354)) - 6f849279-8265-485e-82a5-918f2cc86fc1@group-C25A2268DBFF: set configuration 0: [6f849279-8265-485e-82a5-918f2cc86fc1:192.168.151.121:46354], old=null at 0
2019-09-24 02:22:13,365 [6f849279-8265-485e-82a5-918f2cc86fc1@group-C25A2268DBFF-SegmentedRaftLogWorker] INFO  segmented.SegmentedRaftLogWorker (SegmentedRaftLogWorker.java:execute(569)) - 6f849279-8265-485e-82a5-918f2cc86fc1@group-C25A2268DBFF-SegmentedRaftLogWorker: created new log segment /workdir/hadoop-ozone/integration-test/target/test-dir/MiniOzoneClusterImpl-de332c24-5f7d-4363-8764-5335807553b9/datanode-8/data/ratis/02ff45d0-2155-4120-8ab3-c25a2268dbff/current/log_inprogress_0
2019-09-24 02:22:13,425 [Thread-303] INFO  impl.FollowerState (FollowerState.java:run(106)) - afd2474b-fc98-4bcf-8229-023d47ec65b0:group-9452A70C4330 changes to CANDIDATE, lastRpcTime:1182, electionTimeout:1182ms
2019-09-24 02:22:13,427 [Thread-303] INFO  impl.RoleInfo (RoleInfo.java:shutdownFollowerState(121)) - afd2474b-fc98-4bcf-8229-023d47ec65b0: shutdown FollowerState
2019-09-24 02:22:13,428 [Thread-303] INFO  impl.RaftServerImpl (RaftServerImpl.java:setRole(174)) - afd2474b-fc98-4bcf-8229-023d47ec65b0@group-9452A70C4330: changes role from  FOLLOWER to CANDIDATE at term 0 for changeToCandidate
2019-09-24 02:22:13,459 [Thread-303] INFO  impl.RoleInfo (RoleInfo.java:updateAndGet(143)) - afd2474b-fc98-4bcf-8229-023d47ec65b0: start LeaderElection
2019-09-24 02:22:13,484 [afd2474b-fc98-4bcf-8229-023d47ec65b0@group-9452A70C4330:LeaderElection7] INFO  impl.LeaderElection (LeaderElection.java:askForVotes(182)) - afd2474b-fc98-4bcf-8229-023d47ec65b0@group-9452A70C4330:LeaderElection7: begin an election at term 1 for -1: [afd2474b-fc98-4bcf-8229-023d47ec65b0:192.168.151.121:41375], old=null
2019-09-24 02:22:13,484 [afd2474b-fc98-4bcf-8229-023d47ec65b0@group-9452A70C4330:LeaderElection7] INFO  impl.RoleInfo (RoleInfo.java:shutdownLeaderElection(134)) - afd2474b-fc98-4bcf-8229-023d47ec65b0: shutdown LeaderElection
2019-09-24 02:22:13,484 [afd2474b-fc98-4bcf-8229-023d47ec65b0@group-9452A70C4330:LeaderElection7] INFO  impl.RaftServerImpl (RaftServerImpl.java:setRole(174)) - afd2474b-fc98-4bcf-8229-023d47ec65b0@group-9452A70C4330: changes role from CANDIDATE to LEADER at term 1 for changeToLeader
2019-09-24 02:22:13,484 [afd2474b-fc98-4bcf-8229-023d47ec65b0@group-9452A70C4330:LeaderElection7] INFO  impl.RaftServerImpl (ServerState.java:setLeader(253)) - afd2474b-fc98-4bcf-8229-023d47ec65b0@group-9452A70C4330: change Leader from null to afd2474b-fc98-4bcf-8229-023d47ec65b0 at term 1 for becomeLeader, leader elected after 1254ms
2019-09-24 02:22:13,492 [afd2474b-fc98-4bcf-8229-023d47ec65b0@group-9452A70C4330:LeaderElection7] INFO  server.RaftServerConfigKeys (ConfUtils.java:logGet(43)) - raft.server.staging.catchup.gap = 1000 (default)
2019-09-24 02:22:13,492 [afd2474b-fc98-4bcf-8229-023d47ec65b0@group-9452A70C4330:LeaderElection7] INFO  server.RaftServerConfigKeys (ConfUtils.java:logGet(43)) - raft.server.rpc.sleep.time = 25ms (default)
2019-09-24 02:22:13,492 [afd2474b-fc98-4bcf-8229-023d47ec65b0@group-9452A70C4330:LeaderElection7] INFO  server.RaftServerConfigKeys (ConfUtils.java:logGet(43)) - raft.server.write.element-limit = 4096 (default)
2019-09-24 02:22:13,492 [afd2474b-fc98-4bcf-8229-023d47ec65b0@group-9452A70C4330:LeaderElection7] INFO  server.RaftServerConfigKeys (ConfUtils.java:logGet(43)) - raft.server.watch.timeout = 10s (default)
2019-09-24 02:22:13,492 [afd2474b-fc98-4bcf-8229-023d47ec65b0@group-9452A70C4330:LeaderElection7] INFO  server.RaftServerConfigKeys (ConfUtils.java:logGet(43)) - raft.server.watch.timeout.denomination = 1s (default)
2019-09-24 02:22:13,493 [afd2474b-fc98-4bcf-8229-023d47ec65b0@group-9452A70C4330:LeaderElection7] INFO  server.RaftServerConfigKeys (ConfUtils.java:logGet(43)) - raft.server.watch.element-limit = 65536 (default)
2019-09-24 02:22:13,549 [Thread-308] INFO  impl.FollowerState (FollowerState.java:run(106)) - 54979dbf-d71a-4b3b-9687-e35aa22ddfbe:group-D5BA06B4D981 changes to CANDIDATE, lastRpcTime:1169, electionTimeout:1165ms
2019-09-24 02:22:13,549 [main] INFO  ipc.Client (Client.java:handleConnectionFailure(948)) - Retrying connect to server: localhost/127.0.0.1:0. Already tried 0 time(s); retry policy is RetryUpToMaximumCountWithFixedSleep(maxRetries=10, sleepTime=1000 MILLISECONDS)
2019-09-24 02:22:13,579 [Thread-308] INFO  impl.RoleInfo (RoleInfo.java:shutdownFollowerState(121)) - 54979dbf-d71a-4b3b-9687-e35aa22ddfbe: shutdown FollowerState
2019-09-24 02:22:13,579 [Thread-308] INFO  impl.RaftServerImpl (RaftServerImpl.java:setRole(174)) - 54979dbf-d71a-4b3b-9687-e35aa22ddfbe@group-D5BA06B4D981: changes role from  FOLLOWER to CANDIDATE at term 0 for changeToCandidate
2019-09-24 02:22:13,607 [Thread-308] INFO  impl.RoleInfo (RoleInfo.java:updateAndGet(143)) - 54979dbf-d71a-4b3b-9687-e35aa22ddfbe: start LeaderElection
2019-09-24 02:22:13,615 [Thread-311] INFO  impl.FollowerState (FollowerState.java:run(106)) - 8a99bbfb-49a9-45e9-85c7-917445244762:group-524DFF0A3A57 changes to CANDIDATE, lastRpcTime:1148, electionTimeout:1147ms
2019-09-24 02:22:13,615 [Thread-311] INFO  impl.RoleInfo (RoleInfo.java:shutdownFollowerState(121)) - 8a99bbfb-49a9-45e9-85c7-917445244762: shutdown FollowerState
2019-09-24 02:22:13,615 [Thread-311] INFO  impl.RaftServerImpl (RaftServerImpl.java:setRole(174)) - 8a99bbfb-49a9-45e9-85c7-917445244762@group-524DFF0A3A57: changes role from  FOLLOWER to CANDIDATE at term 0 for changeToCandidate
2019-09-24 02:22:13,616 [Thread-311] INFO  impl.RoleInfo (RoleInfo.java:updateAndGet(143)) - 8a99bbfb-49a9-45e9-85c7-917445244762: start LeaderElection
2019-09-24 02:22:13,629 [8a99bbfb-49a9-45e9-85c7-917445244762@group-524DFF0A3A57:LeaderElection9] INFO  impl.LeaderElection (LeaderElection.java:askForVotes(182)) - 8a99bbfb-49a9-45e9-85c7-917445244762@group-524DFF0A3A57:LeaderElection9: begin an election at term 1 for -1: [8a99bbfb-49a9-45e9-85c7-917445244762:192.168.151.121:36521], old=null
2019-09-24 02:22:13,629 [54979dbf-d71a-4b3b-9687-e35aa22ddfbe@group-D5BA06B4D981:LeaderElection8] INFO  impl.LeaderElection (LeaderElection.java:askForVotes(182)) - 54979dbf-d71a-4b3b-9687-e35aa22ddfbe@group-D5BA06B4D981:LeaderElection8: begin an election at term 1 for -1: [54979dbf-d71a-4b3b-9687-e35aa22ddfbe:192.168.151.121:40767], old=null
2019-09-24 02:22:13,629 [8a99bbfb-49a9-45e9-85c7-917445244762@group-524DFF0A3A57:LeaderElection9] INFO  impl.RoleInfo (RoleInfo.java:shutdownLeaderElection(134)) - 8a99bbfb-49a9-45e9-85c7-917445244762: shutdown LeaderElection
2019-09-24 02:22:13,629 [54979dbf-d71a-4b3b-9687-e35aa22ddfbe@group-D5BA06B4D981:LeaderElection8] INFO  impl.RoleInfo (RoleInfo.java:shutdownLeaderElection(134)) - 54979dbf-d71a-4b3b-9687-e35aa22ddfbe: shutdown LeaderElection
2019-09-24 02:22:13,629 [8a99bbfb-49a9-45e9-85c7-917445244762@group-524DFF0A3A57:LeaderElection9] INFO  impl.RaftServerImpl (RaftServerImpl.java:setRole(174)) - 8a99bbfb-49a9-45e9-85c7-917445244762@group-524DFF0A3A57: changes role from CANDIDATE to LEADER at term 1 for changeToLeader
2019-09-24 02:22:13,629 [54979dbf-d71a-4b3b-9687-e35aa22ddfbe@group-D5BA06B4D981:LeaderElection8] INFO  impl.RaftServerImpl (RaftServerImpl.java:setRole(174)) - 54979dbf-d71a-4b3b-9687-e35aa22ddfbe@group-D5BA06B4D981: changes role from CANDIDATE to LEADER at term 1 for changeToLeader
2019-09-24 02:22:13,629 [8a99bbfb-49a9-45e9-85c7-917445244762@group-524DFF0A3A57:LeaderElection9] INFO  impl.RaftServerImpl (ServerState.java:setLeader(253)) - 8a99bbfb-49a9-45e9-85c7-917445244762@group-524DFF0A3A57: change Leader from null to 8a99bbfb-49a9-45e9-85c7-917445244762 at term 1 for becomeLeader, leader elected after 1174ms
2019-09-24 02:22:13,630 [54979dbf-d71a-4b3b-9687-e35aa22ddfbe@group-D5BA06B4D981:LeaderElection8] INFO  impl.RaftServerImpl (ServerState.java:setLeader(253)) - 54979dbf-d71a-4b3b-9687-e35aa22ddfbe@group-D5BA06B4D981: change Leader from null to 54979dbf-d71a-4b3b-9687-e35aa22ddfbe at term 1 for becomeLeader, leader elected after 1270ms
2019-09-24 02:22:13,630 [8a99bbfb-49a9-45e9-85c7-917445244762@group-524DFF0A3A57:LeaderElection9] INFO  server.RaftServerConfigKeys (ConfUtils.java:logGet(43)) - raft.server.staging.catchup.gap = 1000 (default)
2019-09-24 02:22:13,630 [54979dbf-d71a-4b3b-9687-e35aa22ddfbe@group-D5BA06B4D981:LeaderElection8] INFO  server.RaftServerConfigKeys (ConfUtils.java:logGet(43)) - raft.server.staging.catchup.gap = 1000 (default)
2019-09-24 02:22:13,630 [8a99bbfb-49a9-45e9-85c7-917445244762@group-524DFF0A3A57:LeaderElection9] INFO  server.RaftServerConfigKeys (ConfUtils.java:logGet(43)) - raft.server.rpc.sleep.time = 25ms (default)
2019-09-24 02:22:13,630 [54979dbf-d71a-4b3b-9687-e35aa22ddfbe@group-D5BA06B4D981:LeaderElection8] INFO  server.RaftServerConfigKeys (ConfUtils.java:logGet(43)) - raft.server.rpc.sleep.time = 25ms (default)
2019-09-24 02:22:13,652 [54979dbf-d71a-4b3b-9687-e35aa22ddfbe@group-D5BA06B4D981:LeaderElection8] INFO  server.RaftServerConfigKeys (ConfUtils.java:logGet(43)) - raft.server.write.element-limit = 4096 (default)
2019-09-24 02:22:13,652 [8a99bbfb-49a9-45e9-85c7-917445244762@group-524DFF0A3A57:LeaderElection9] INFO  server.RaftServerConfigKeys (ConfUtils.java:logGet(43)) - raft.server.write.element-limit = 4096 (default)
2019-09-24 02:22:13,652 [54979dbf-d71a-4b3b-9687-e35aa22ddfbe@group-D5BA06B4D981:LeaderElection8] INFO  server.RaftServerConfigKeys (ConfUtils.java:logGet(43)) - raft.server.watch.timeout = 10s (default)
2019-09-24 02:22:13,652 [8a99bbfb-49a9-45e9-85c7-917445244762@group-524DFF0A3A57:LeaderElection9] INFO  server.RaftServerConfigKeys (ConfUtils.java:logGet(43)) - raft.server.watch.timeout = 10s (default)
2019-09-24 02:22:13,652 [54979dbf-d71a-4b3b-9687-e35aa22ddfbe@group-D5BA06B4D981:LeaderElection8] INFO  server.RaftServerConfigKeys (ConfUtils.java:logGet(43)) - raft.server.watch.timeout.denomination = 1s (default)
2019-09-24 02:22:13,653 [8a99bbfb-49a9-45e9-85c7-917445244762@group-524DFF0A3A57:LeaderElection9] INFO  server.RaftServerConfigKeys (ConfUtils.java:logGet(43)) - raft.server.watch.timeout.denomination = 1s (default)
2019-09-24 02:22:13,653 [54979dbf-d71a-4b3b-9687-e35aa22ddfbe@group-D5BA06B4D981:LeaderElection8] INFO  server.RaftServerConfigKeys (ConfUtils.java:logGet(43)) - raft.server.watch.element-limit = 65536 (default)
2019-09-24 02:22:13,653 [8a99bbfb-49a9-45e9-85c7-917445244762@group-524DFF0A3A57:LeaderElection9] INFO  server.RaftServerConfigKeys (ConfUtils.java:logGet(43)) - raft.server.watch.element-limit = 65536 (default)
2019-09-24 02:22:13,711 [Thread-323] INFO  impl.FollowerState (FollowerState.java:run(106)) - 76c02951-0e42-41da-95d2-62b96a0dd9ff:group-D8F232C36E53 changes to CANDIDATE, lastRpcTime:1016, electionTimeout:1011ms
2019-09-24 02:22:13,712 [Thread-323] INFO  impl.RoleInfo (RoleInfo.java:shutdownFollowerState(121)) - 76c02951-0e42-41da-95d2-62b96a0dd9ff: shutdown FollowerState
2019-09-24 02:22:13,712 [Thread-323] INFO  impl.RaftServerImpl (RaftServerImpl.java:setRole(174)) - 76c02951-0e42-41da-95d2-62b96a0dd9ff@group-D8F232C36E53: changes role from  FOLLOWER to CANDIDATE at term 0 for changeToCandidate
2019-09-24 02:22:13,718 [Thread-320] INFO  impl.FollowerState (FollowerState.java:run(106)) - 6adb7553-cea6-43f8-9b13-e82d721d47e7:group-D8F232C36E53 changes to CANDIDATE, lastRpcTime:1031, electionTimeout:1031ms
2019-09-24 02:22:13,719 [Thread-320] INFO  impl.RoleInfo (RoleInfo.java:shutdownFollowerState(121)) - 6adb7553-cea6-43f8-9b13-e82d721d47e7: shutdown FollowerState
2019-09-24 02:22:13,719 [Thread-320] INFO  impl.RaftServerImpl (RaftServerImpl.java:setRole(174)) - 6adb7553-cea6-43f8-9b13-e82d721d47e7@group-D8F232C36E53: changes role from  FOLLOWER to CANDIDATE at term 0 for changeToCandidate
2019-09-24 02:22:13,720 [Thread-315] INFO  impl.FollowerState (FollowerState.java:run(106)) - 8c193d5e-9ed1-473b-899f-b32365b4534a:group-9539D0A3D32B changes to CANDIDATE, lastRpcTime:1160, electionTimeout:1160ms
2019-09-24 02:22:13,721 [Thread-315] INFO  impl.RoleInfo (RoleInfo.java:shutdownFollowerState(121)) - 8c193d5e-9ed1-473b-899f-b32365b4534a: shutdown FollowerState
2019-09-24 02:22:13,721 [Thread-315] INFO  impl.RaftServerImpl (RaftServerImpl.java:setRole(174)) - 8c193d5e-9ed1-473b-899f-b32365b4534a@group-9539D0A3D32B: changes role from  FOLLOWER to CANDIDATE at term 0 for changeToCandidate
2019-09-24 02:22:13,731 [Thread-315] INFO  impl.RoleInfo (RoleInfo.java:updateAndGet(143)) - 8c193d5e-9ed1-473b-899f-b32365b4534a: start LeaderElection
2019-09-24 02:22:13,731 [Thread-323] INFO  impl.RoleInfo (RoleInfo.java:updateAndGet(143)) - 76c02951-0e42-41da-95d2-62b96a0dd9ff: start LeaderElection
2019-09-24 02:22:13,731 [Thread-320] INFO  impl.RoleInfo (RoleInfo.java:updateAndGet(143)) - 6adb7553-cea6-43f8-9b13-e82d721d47e7: start LeaderElection
2019-09-24 02:22:13,763 [76c02951-0e42-41da-95d2-62b96a0dd9ff@group-D8F232C36E53:LeaderElection10] INFO  impl.LeaderElection (LeaderElection.java:askForVotes(182)) - 76c02951-0e42-41da-95d2-62b96a0dd9ff@group-D8F232C36E53:LeaderElection10: begin an election at term 1 for -1: [6e6c6100-ad13-453b-9932-e9c645725862:192.168.151.121:44491, 6adb7553-cea6-43f8-9b13-e82d721d47e7:192.168.151.121:37719, 76c02951-0e42-41da-95d2-62b96a0dd9ff:192.168.151.121:42331], old=null
2019-09-24 02:22:13,763 [8c193d5e-9ed1-473b-899f-b32365b4534a@group-9539D0A3D32B:LeaderElection12] INFO  impl.LeaderElection (LeaderElection.java:askForVotes(182)) - 8c193d5e-9ed1-473b-899f-b32365b4534a@group-9539D0A3D32B:LeaderElection12: begin an election at term 1 for -1: [8c193d5e-9ed1-473b-899f-b32365b4534a:192.168.151.121:33457], old=null
2019-09-24 02:22:13,763 [6adb7553-cea6-43f8-9b13-e82d721d47e7@group-D8F232C36E53:LeaderElection11] INFO  impl.LeaderElection (LeaderElection.java:askForVotes(182)) - 6adb7553-cea6-43f8-9b13-e82d721d47e7@group-D8F232C36E53:LeaderElection11: begin an election at term 1 for -1: [6e6c6100-ad13-453b-9932-e9c645725862:192.168.151.121:44491, 6adb7553-cea6-43f8-9b13-e82d721d47e7:192.168.151.121:37719, 76c02951-0e42-41da-95d2-62b96a0dd9ff:192.168.151.121:42331], old=null
2019-09-24 02:22:13,763 [8c193d5e-9ed1-473b-899f-b32365b4534a@group-9539D0A3D32B:LeaderElection12] INFO  impl.RoleInfo (RoleInfo.java:shutdownLeaderElection(134)) - 8c193d5e-9ed1-473b-899f-b32365b4534a: shutdown LeaderElection
2019-09-24 02:22:13,763 [8c193d5e-9ed1-473b-899f-b32365b4534a@group-9539D0A3D32B:LeaderElection12] INFO  impl.RaftServerImpl (RaftServerImpl.java:setRole(174)) - 8c193d5e-9ed1-473b-899f-b32365b4534a@group-9539D0A3D32B: changes role from CANDIDATE to LEADER at term 1 for changeToLeader
2019-09-24 02:22:13,763 [8c193d5e-9ed1-473b-899f-b32365b4534a@group-9539D0A3D32B:LeaderElection12] INFO  impl.RaftServerImpl (ServerState.java:setLeader(253)) - 8c193d5e-9ed1-473b-899f-b32365b4534a@group-9539D0A3D32B: change Leader from null to 8c193d5e-9ed1-473b-899f-b32365b4534a at term 1 for becomeLeader, leader elected after 1213ms
2019-09-24 02:22:13,764 [8c193d5e-9ed1-473b-899f-b32365b4534a@group-9539D0A3D32B:LeaderElection12] INFO  server.RaftServerConfigKeys (ConfUtils.java:logGet(43)) - raft.server.staging.catchup.gap = 1000 (default)
2019-09-24 02:22:13,764 [8c193d5e-9ed1-473b-899f-b32365b4534a@group-9539D0A3D32B:LeaderElection12] INFO  server.RaftServerConfigKeys (ConfUtils.java:logGet(43)) - raft.server.rpc.sleep.time = 25ms (default)
2019-09-24 02:22:13,771 [8c193d5e-9ed1-473b-899f-b32365b4534a@group-9539D0A3D32B:LeaderElection12] INFO  server.RaftServerConfigKeys (ConfUtils.java:logGet(43)) - raft.server.write.element-limit = 4096 (default)
2019-09-24 02:22:13,771 [8c193d5e-9ed1-473b-899f-b32365b4534a@group-9539D0A3D32B:LeaderElection12] INFO  server.RaftServerConfigKeys (ConfUtils.java:logGet(43)) - raft.server.watch.timeout = 10s (default)
2019-09-24 02:22:13,771 [8c193d5e-9ed1-473b-899f-b32365b4534a@group-9539D0A3D32B:LeaderElection12] INFO  server.RaftServerConfigKeys (ConfUtils.java:logGet(43)) - raft.server.watch.timeout.denomination = 1s (default)
2019-09-24 02:22:13,772 [8c193d5e-9ed1-473b-899f-b32365b4534a@group-9539D0A3D32B:LeaderElection12] INFO  server.RaftServerConfigKeys (ConfUtils.java:logGet(43)) - raft.server.watch.element-limit = 65536 (default)
2019-09-24 02:22:13,841 [Thread-331] INFO  impl.FollowerState (FollowerState.java:run(106)) - 6f849279-8265-485e-82a5-918f2cc86fc1:group-E392B0B88194 changes to CANDIDATE, lastRpcTime:1009, electionTimeout:1008ms
2019-09-24 02:22:13,842 [Thread-331] INFO  impl.RoleInfo (RoleInfo.java:shutdownFollowerState(121)) - 6f849279-8265-485e-82a5-918f2cc86fc1: shutdown FollowerState
2019-09-24 02:22:13,842 [Thread-331] INFO  impl.RaftServerImpl (RaftServerImpl.java:setRole(174)) - 6f849279-8265-485e-82a5-918f2cc86fc1@group-E392B0B88194: changes role from  FOLLOWER to CANDIDATE at term 0 for changeToCandidate
2019-09-24 02:22:13,858 [Thread-322] INFO  impl.FollowerState (FollowerState.java:run(106)) - 6e6c6100-ad13-453b-9932-e9c645725862:group-D8F232C36E53 changes to CANDIDATE, lastRpcTime:1166, electionTimeout:1163ms
2019-09-24 02:22:13,858 [Thread-322] INFO  impl.RoleInfo (RoleInfo.java:shutdownFollowerState(121)) - 6e6c6100-ad13-453b-9932-e9c645725862: shutdown FollowerState
2019-09-24 02:22:13,858 [Thread-322] INFO  impl.RaftServerImpl (RaftServerImpl.java:setRole(174)) - 6e6c6100-ad13-453b-9932-e9c645725862@group-D8F232C36E53: changes role from  FOLLOWER to CANDIDATE at term 0 for changeToCandidate
2019-09-24 02:22:13,859 [Thread-331] INFO  impl.RoleInfo (RoleInfo.java:updateAndGet(143)) - 6f849279-8265-485e-82a5-918f2cc86fc1: start LeaderElection
2019-09-24 02:22:13,859 [Thread-322] INFO  impl.RoleInfo (RoleInfo.java:updateAndGet(143)) - 6e6c6100-ad13-453b-9932-e9c645725862: start LeaderElection
2019-09-24 02:22:13,890 [6e6c6100-ad13-453b-9932-e9c645725862@group-D8F232C36E53:LeaderElection14] INFO  impl.LeaderElection (LeaderElection.java:askForVotes(182)) - 6e6c6100-ad13-453b-9932-e9c645725862@group-D8F232C36E53:LeaderElection14: begin an election at term 1 for -1: [6e6c6100-ad13-453b-9932-e9c645725862:192.168.151.121:44491, 6adb7553-cea6-43f8-9b13-e82d721d47e7:192.168.151.121:37719, 76c02951-0e42-41da-95d2-62b96a0dd9ff:192.168.151.121:42331], old=null
2019-09-24 02:22:13,890 [6f849279-8265-485e-82a5-918f2cc86fc1@group-E392B0B88194:LeaderElection13] INFO  impl.LeaderElection (LeaderElection.java:askForVotes(182)) - 6f849279-8265-485e-82a5-918f2cc86fc1@group-E392B0B88194:LeaderElection13: begin an election at term 1 for -1: [6f849279-8265-485e-82a5-918f2cc86fc1:192.168.151.121:46354, 0fd55585-263a-4577-aa0a-ea5a39896330:192.168.151.121:42755, c0944fb1-a003-48a4-987e-44a4096d22d1:192.168.151.121:43671], old=null
2019-09-24 02:22:13,913 [Thread-335] INFO  impl.FollowerState (FollowerState.java:run(106)) - 0fd55585-263a-4577-aa0a-ea5a39896330:group-E392B0B88194 changes to CANDIDATE, lastRpcTime:1037, electionTimeout:1033ms
2019-09-24 02:22:13,914 [Thread-335] INFO  impl.RoleInfo (RoleInfo.java:shutdownFollowerState(121)) - 0fd55585-263a-4577-aa0a-ea5a39896330: shutdown FollowerState
2019-09-24 02:22:13,914 [Thread-335] INFO  impl.RaftServerImpl (RaftServerImpl.java:setRole(174)) - 0fd55585-263a-4577-aa0a-ea5a39896330@group-E392B0B88194: changes role from  FOLLOWER to CANDIDATE at term 0 for changeToCandidate
2019-09-24 02:22:13,914 [Thread-335] INFO  impl.RoleInfo (RoleInfo.java:updateAndGet(143)) - 0fd55585-263a-4577-aa0a-ea5a39896330: start LeaderElection
2019-09-24 02:22:13,983 [0fd55585-263a-4577-aa0a-ea5a39896330@group-E392B0B88194:LeaderElection15] INFO  impl.LeaderElection (LeaderElection.java:askForVotes(182)) - 0fd55585-263a-4577-aa0a-ea5a39896330@group-E392B0B88194:LeaderElection15: begin an election at term 1 for -1: [6f849279-8265-485e-82a5-918f2cc86fc1:192.168.151.121:46354, 0fd55585-263a-4577-aa0a-ea5a39896330:192.168.151.121:42755, c0944fb1-a003-48a4-987e-44a4096d22d1:192.168.151.121:43671], old=null
2019-09-24 02:22:14,006 [8c193d5e-9ed1-473b-899f-b32365b4534a@group-9539D0A3D32B:LeaderElection12] INFO  impl.RoleInfo (RoleInfo.java:updateAndGet(143)) - 8c193d5e-9ed1-473b-899f-b32365b4534a: start LeaderState
2019-09-24 02:22:14,006 [8c193d5e-9ed1-473b-899f-b32365b4534a@group-9539D0A3D32B:LeaderElection12] INFO  segmented.SegmentedRaftLogWorker (SegmentedRaftLogWorker.java:startLogSegment(380)) - 8c193d5e-9ed1-473b-899f-b32365b4534a@group-9539D0A3D32B-SegmentedRaftLogWorker: Starting segment from index:0
2019-09-24 02:22:14,007 [8c193d5e-9ed1-473b-899f-b32365b4534a@group-9539D0A3D32B:LeaderElection12] INFO  impl.RaftServerImpl (ServerState.java:setRaftConf(354)) - 8c193d5e-9ed1-473b-899f-b32365b4534a@group-9539D0A3D32B: set configuration 0: [8c193d5e-9ed1-473b-899f-b32365b4534a:192.168.151.121:33457], old=null at 0
2019-09-24 02:22:14,036 [Thread-337] INFO  impl.FollowerState (FollowerState.java:run(106)) - c0944fb1-a003-48a4-987e-44a4096d22d1:group-E392B0B88194 changes to CANDIDATE, lastRpcTime:1156, electionTimeout:1133ms
2019-09-24 02:22:14,040 [Thread-337] INFO  impl.RoleInfo (RoleInfo.java:shutdownFollowerState(121)) - c0944fb1-a003-48a4-987e-44a4096d22d1: shutdown FollowerState
2019-09-24 02:22:14,042 [Thread-337] INFO  impl.RaftServerImpl (RaftServerImpl.java:setRole(174)) - c0944fb1-a003-48a4-987e-44a4096d22d1@group-E392B0B88194: changes role from  FOLLOWER to CANDIDATE at term 0 for changeToCandidate
2019-09-24 02:22:14,044 [76c02951-0e42-41da-95d2-62b96a0dd9ff@group-D8F232C36E53:LeaderElection10] INFO  impl.LeaderElection (LeaderElection.java:logAndReturn(56)) - 76c02951-0e42-41da-95d2-62b96a0dd9ff@group-D8F232C36E53:LeaderElection10: Election REJECTED; received 2 response(s) [76c02951-0e42-41da-95d2-62b96a0dd9ff<-6e6c6100-ad13-453b-9932-e9c645725862#0:FAIL-t1, 76c02951-0e42-41da-95d2-62b96a0dd9ff<-6adb7553-cea6-43f8-9b13-e82d721d47e7#0:FAIL-t1] and 0 exception(s); 76c02951-0e42-41da-95d2-62b96a0dd9ff@group-D8F232C36E53:t1, leader=null, voted=76c02951-0e42-41da-95d2-62b96a0dd9ff, raftlog=76c02951-0e42-41da-95d2-62b96a0dd9ff@group-D8F232C36E53-SegmentedRaftLog:OPENED:c-1,f-1,i0, conf=-1: [6e6c6100-ad13-453b-9932-e9c645725862:192.168.151.121:44491, 6adb7553-cea6-43f8-9b13-e82d721d47e7:192.168.151.121:37719, 76c02951-0e42-41da-95d2-62b96a0dd9ff:192.168.151.121:42331], old=null
2019-09-24 02:22:14,046 [6adb7553-cea6-43f8-9b13-e82d721d47e7@group-D8F232C36E53:LeaderElection11] INFO  impl.LeaderElection (LeaderElection.java:logAndReturn(56)) - 6adb7553-cea6-43f8-9b13-e82d721d47e7@group-D8F232C36E53:LeaderElection11: Election REJECTED; received 2 response(s) [6adb7553-cea6-43f8-9b13-e82d721d47e7<-6e6c6100-ad13-453b-9932-e9c645725862#0:FAIL-t1, 6adb7553-cea6-43f8-9b13-e82d721d47e7<-76c02951-0e42-41da-95d2-62b96a0dd9ff#0:FAIL-t1] and 0 exception(s); 6adb7553-cea6-43f8-9b13-e82d721d47e7@group-D8F232C36E53:t1, leader=null, voted=6adb7553-cea6-43f8-9b13-e82d721d47e7, raftlog=6adb7553-cea6-43f8-9b13-e82d721d47e7@group-D8F232C36E53-SegmentedRaftLog:OPENED:c-1,f-1,i0, conf=-1: [6e6c6100-ad13-453b-9932-e9c645725862:192.168.151.121:44491, 6adb7553-cea6-43f8-9b13-e82d721d47e7:192.168.151.121:37719, 76c02951-0e42-41da-95d2-62b96a0dd9ff:192.168.151.121:42331], old=null
2019-09-24 02:22:14,047 [Thread-337] INFO  impl.RoleInfo (RoleInfo.java:updateAndGet(143)) - c0944fb1-a003-48a4-987e-44a4096d22d1: start LeaderElection
2019-09-24 02:22:14,049 [76c02951-0e42-41da-95d2-62b96a0dd9ff@group-D8F232C36E53:LeaderElection10] INFO  impl.RaftServerImpl (RaftServerImpl.java:setRole(174)) - 76c02951-0e42-41da-95d2-62b96a0dd9ff@group-D8F232C36E53: changes role from CANDIDATE to FOLLOWER at term 1 for DISCOVERED_A_NEW_TERM
2019-09-24 02:22:14,052 [76c02951-0e42-41da-95d2-62b96a0dd9ff@group-D8F232C36E53:LeaderElection10] INFO  impl.RoleInfo (RoleInfo.java:shutdownLeaderElection(134)) - 76c02951-0e42-41da-95d2-62b96a0dd9ff: shutdown LeaderElection
2019-09-24 02:22:14,056 [8c193d5e-9ed1-473b-899f-b32365b4534a@group-9539D0A3D32B-SegmentedRaftLogWorker] INFO  segmented.SegmentedRaftLogWorker (SegmentedRaftLogWorker.java:execute(569)) - 8c193d5e-9ed1-473b-899f-b32365b4534a@group-9539D0A3D32B-SegmentedRaftLogWorker: created new log segment /workdir/hadoop-ozone/integration-test/target/test-dir/MiniOzoneClusterImpl-de332c24-5f7d-4363-8764-5335807553b9/datanode-6/data/ratis/d7149ef8-1754-4d85-85ac-9539d0a3d32b/current/log_inprogress_0
2019-09-24 02:22:14,056 [76c02951-0e42-41da-95d2-62b96a0dd9ff@group-D8F232C36E53:LeaderElection10] INFO  impl.RoleInfo (RoleInfo.java:updateAndGet(143)) - 76c02951-0e42-41da-95d2-62b96a0dd9ff: start FollowerState
2019-09-24 02:22:14,056 [6adb7553-cea6-43f8-9b13-e82d721d47e7@group-D8F232C36E53:LeaderElection11] INFO  impl.RaftServerImpl (RaftServerImpl.java:setRole(174)) - 6adb7553-cea6-43f8-9b13-e82d721d47e7@group-D8F232C36E53: changes role from CANDIDATE to FOLLOWER at term 1 for DISCOVERED_A_NEW_TERM
2019-09-24 02:22:14,064 [6adb7553-cea6-43f8-9b13-e82d721d47e7@group-D8F232C36E53:LeaderElection11] INFO  impl.RoleInfo (RoleInfo.java:shutdownLeaderElection(134)) - 6adb7553-cea6-43f8-9b13-e82d721d47e7: shutdown LeaderElection
2019-09-24 02:22:14,065 [6adb7553-cea6-43f8-9b13-e82d721d47e7@group-D8F232C36E53:LeaderElection11] INFO  impl.RoleInfo (RoleInfo.java:updateAndGet(143)) - 6adb7553-cea6-43f8-9b13-e82d721d47e7: start FollowerState
2019-09-24 02:22:14,070 [c0944fb1-a003-48a4-987e-44a4096d22d1@group-E392B0B88194:LeaderElection16] INFO  impl.LeaderElection (LeaderElection.java:askForVotes(182)) - c0944fb1-a003-48a4-987e-44a4096d22d1@group-E392B0B88194:LeaderElection16: begin an election at term 1 for -1: [6f849279-8265-485e-82a5-918f2cc86fc1:192.168.151.121:46354, 0fd55585-263a-4577-aa0a-ea5a39896330:192.168.151.121:42755, c0944fb1-a003-48a4-987e-44a4096d22d1:192.168.151.121:43671], old=null
2019-09-24 02:22:14,074 [8a99bbfb-49a9-45e9-85c7-917445244762@group-524DFF0A3A57:LeaderElection9] INFO  impl.RoleInfo (RoleInfo.java:updateAndGet(143)) - 8a99bbfb-49a9-45e9-85c7-917445244762: start LeaderState
2019-09-24 02:22:14,074 [Thread-283] INFO  container.ReplicationManager (ReplicationManager.java:start(162)) - Starting Replication Monitor Thread.
2019-09-24 02:22:14,075 [8a99bbfb-49a9-45e9-85c7-917445244762@group-524DFF0A3A57:LeaderElection9] INFO  segmented.SegmentedRaftLogWorker (SegmentedRaftLogWorker.java:startLogSegment(380)) - 8a99bbfb-49a9-45e9-85c7-917445244762@group-524DFF0A3A57-SegmentedRaftLogWorker: Starting segment from index:0
2019-09-24 02:22:14,075 [afd2474b-fc98-4bcf-8229-023d47ec65b0@group-9452A70C4330:LeaderElection7] INFO  impl.RoleInfo (RoleInfo.java:updateAndGet(143)) - afd2474b-fc98-4bcf-8229-023d47ec65b0: start LeaderState
2019-09-24 02:22:14,079 [54979dbf-d71a-4b3b-9687-e35aa22ddfbe@group-D5BA06B4D981:LeaderElection8] INFO  impl.RoleInfo (RoleInfo.java:updateAndGet(143)) - 54979dbf-d71a-4b3b-9687-e35aa22ddfbe: start LeaderState
2019-09-24 02:22:14,079 [54979dbf-d71a-4b3b-9687-e35aa22ddfbe@group-D5BA06B4D981:LeaderElection8] INFO  segmented.SegmentedRaftLogWorker (SegmentedRaftLogWorker.java:startLogSegment(380)) - 54979dbf-d71a-4b3b-9687-e35aa22ddfbe@group-D5BA06B4D981-SegmentedRaftLogWorker: Starting segment from index:0
2019-09-24 02:22:14,079 [8a99bbfb-49a9-45e9-85c7-917445244762@group-524DFF0A3A57:LeaderElection9] INFO  impl.RaftServerImpl (ServerState.java:setRaftConf(354)) - 8a99bbfb-49a9-45e9-85c7-917445244762@group-524DFF0A3A57: set configuration 0: [8a99bbfb-49a9-45e9-85c7-917445244762:192.168.151.121:36521], old=null at 0
2019-09-24 02:22:14,079 [afd2474b-fc98-4bcf-8229-023d47ec65b0@group-9452A70C4330:LeaderElection7] INFO  segmented.SegmentedRaftLogWorker (SegmentedRaftLogWorker.java:startLogSegment(380)) - afd2474b-fc98-4bcf-8229-023d47ec65b0@group-9452A70C4330-SegmentedRaftLogWorker: Starting segment from index:0
2019-09-24 02:22:14,116 [Thread-347] INFO  impl.FollowerState (FollowerState.java:run(106)) - 8a99bbfb-49a9-45e9-85c7-917445244762:group-6FB4E83B17BF changes to CANDIDATE, lastRpcTime:1093, electionTimeout:1069ms
2019-09-24 02:22:14,116 [afd2474b-fc98-4bcf-8229-023d47ec65b0@group-9452A70C4330:LeaderElection7] INFO  impl.RaftServerImpl (ServerState.java:setRaftConf(354)) - afd2474b-fc98-4bcf-8229-023d47ec65b0@group-9452A70C4330: set configuration 0: [afd2474b-fc98-4bcf-8229-023d47ec65b0:192.168.151.121:41375], old=null at 0
2019-09-24 02:22:14,116 [Thread-347] INFO  impl.RoleInfo (RoleInfo.java:shutdownFollowerState(121)) - 8a99bbfb-49a9-45e9-85c7-917445244762: shutdown FollowerState
2019-09-24 02:22:14,116 [ReplicationMonitor] INFO  container.ReplicationManager (ReplicationManager.java:run(225)) - Replication Monitor Thread took 37 milliseconds for processing 0 containers.
2019-09-24 02:22:14,119 [Thread-347] INFO  impl.RaftServerImpl (RaftServerImpl.java:setRole(174)) - 8a99bbfb-49a9-45e9-85c7-917445244762@group-6FB4E83B17BF: changes role from  FOLLOWER to CANDIDATE at term 0 for changeToCandidate
2019-09-24 02:22:14,120 [54979dbf-d71a-4b3b-9687-e35aa22ddfbe@group-D5BA06B4D981:LeaderElection8] INFO  impl.RaftServerImpl (ServerState.java:setRaftConf(354)) - 54979dbf-d71a-4b3b-9687-e35aa22ddfbe@group-D5BA06B4D981: set configuration 0: [54979dbf-d71a-4b3b-9687-e35aa22ddfbe:192.168.151.121:40767], old=null at 0
2019-09-24 02:22:14,120 [Thread-347] INFO  impl.RoleInfo (RoleInfo.java:updateAndGet(143)) - 8a99bbfb-49a9-45e9-85c7-917445244762: start LeaderElection
2019-09-24 02:22:14,164 [8a99bbfb-49a9-45e9-85c7-917445244762@group-524DFF0A3A57-SegmentedRaftLogWorker] INFO  segmented.SegmentedRaftLogWorker (SegmentedRaftLogWorker.java:execute(569)) - 8a99bbfb-49a9-45e9-85c7-917445244762@group-524DFF0A3A57-SegmentedRaftLogWorker: created new log segment /workdir/hadoop-ozone/integration-test/target/test-dir/MiniOzoneClusterImpl-de332c24-5f7d-4363-8764-5335807553b9/datanode-5/data/ratis/a2618df9-6970-407b-a053-524dff0a3a57/current/log_inprogress_0
2019-09-24 02:22:14,164 [54979dbf-d71a-4b3b-9687-e35aa22ddfbe@group-D5BA06B4D981-SegmentedRaftLogWorker] INFO  segmented.SegmentedRaftLogWorker (SegmentedRaftLogWorker.java:execute(569)) - 54979dbf-d71a-4b3b-9687-e35aa22ddfbe@group-D5BA06B4D981-SegmentedRaftLogWorker: created new log segment /workdir/hadoop-ozone/integration-test/target/test-dir/MiniOzoneClusterImpl-de332c24-5f7d-4363-8764-5335807553b9/datanode-4/data/ratis/a99ae8bd-d656-45f3-b983-d5ba06b4d981/current/log_inprogress_0
2019-09-24 02:22:14,196 [afd2474b-fc98-4bcf-8229-023d47ec65b0@group-9452A70C4330-SegmentedRaftLogWorker] INFO  segmented.SegmentedRaftLogWorker (SegmentedRaftLogWorker.java:execute(569)) - afd2474b-fc98-4bcf-8229-023d47ec65b0@group-9452A70C4330-SegmentedRaftLogWorker: created new log segment /workdir/hadoop-ozone/integration-test/target/test-dir/MiniOzoneClusterImpl-de332c24-5f7d-4363-8764-5335807553b9/datanode-7/data/ratis/50dae01a-75f6-47f1-adf8-9452a70c4330/current/log_inprogress_0
2019-09-24 02:22:14,197 [Thread-346] INFO  impl.FollowerState (FollowerState.java:run(106)) - afd2474b-fc98-4bcf-8229-023d47ec65b0:group-6FB4E83B17BF changes to CANDIDATE, lastRpcTime:1179, electionTimeout:1174ms
2019-09-24 02:22:14,197 [Thread-346] INFO  impl.RoleInfo (RoleInfo.java:shutdownFollowerState(121)) - afd2474b-fc98-4bcf-8229-023d47ec65b0: shutdown FollowerState
2019-09-24 02:22:14,203 [Thread-343] INFO  impl.FollowerState (FollowerState.java:run(106)) - 54979dbf-d71a-4b3b-9687-e35aa22ddfbe:group-6FB4E83B17BF changes to CANDIDATE, lastRpcTime:1188, electionTimeout:1188ms
2019-09-24 02:22:14,203 [Thread-346] INFO  impl.RaftServerImpl (RaftServerImpl.java:setRole(174)) - afd2474b-fc98-4bcf-8229-023d47ec65b0@group-6FB4E83B17BF: changes role from  FOLLOWER to CANDIDATE at term 0 for changeToCandidate
2019-09-24 02:22:14,203 [Thread-343] INFO  impl.RoleInfo (RoleInfo.java:shutdownFollowerState(121)) - 54979dbf-d71a-4b3b-9687-e35aa22ddfbe: shutdown FollowerState
2019-09-24 02:22:14,203 [Thread-343] INFO  impl.RaftServerImpl (RaftServerImpl.java:setRole(174)) - 54979dbf-d71a-4b3b-9687-e35aa22ddfbe@group-6FB4E83B17BF: changes role from  FOLLOWER to CANDIDATE at term 0 for changeToCandidate
2019-09-24 02:22:14,203 [Thread-346] INFO  impl.RoleInfo (RoleInfo.java:updateAndGet(143)) - afd2474b-fc98-4bcf-8229-023d47ec65b0: start LeaderElection
2019-09-24 02:22:14,206 [Thread-343] INFO  impl.RoleInfo (RoleInfo.java:updateAndGet(143)) - 54979dbf-d71a-4b3b-9687-e35aa22ddfbe: start LeaderElection
2019-09-24 02:22:14,222 [8a99bbfb-49a9-45e9-85c7-917445244762@group-6FB4E83B17BF:LeaderElection17] INFO  impl.LeaderElection (LeaderElection.java:askForVotes(182)) - 8a99bbfb-49a9-45e9-85c7-917445244762@group-6FB4E83B17BF:LeaderElection17: begin an election at term 1 for -1: [afd2474b-fc98-4bcf-8229-023d47ec65b0:192.168.151.121:41375, 54979dbf-d71a-4b3b-9687-e35aa22ddfbe:192.168.151.121:40767, 8a99bbfb-49a9-45e9-85c7-917445244762:192.168.151.121:36521], old=null
2019-09-24 02:22:14,228 [6f849279-8265-485e-82a5-918f2cc86fc1@group-E392B0B88194:LeaderElection13] INFO  impl.LeaderElection (LeaderElection.java:logAndReturn(56)) - 6f849279-8265-485e-82a5-918f2cc86fc1@group-E392B0B88194:LeaderElection13: Election REJECTED; received 2 response(s) [6f849279-8265-485e-82a5-918f2cc86fc1<-0fd55585-263a-4577-aa0a-ea5a39896330#0:FAIL-t1, 6f849279-8265-485e-82a5-918f2cc86fc1<-c0944fb1-a003-48a4-987e-44a4096d22d1#0:FAIL-t1] and 0 exception(s); 6f849279-8265-485e-82a5-918f2cc86fc1@group-E392B0B88194:t1, leader=null, voted=6f849279-8265-485e-82a5-918f2cc86fc1, raftlog=6f849279-8265-485e-82a5-918f2cc86fc1@group-E392B0B88194-SegmentedRaftLog:OPENED:c-1,f-1,i0, conf=-1: [6f849279-8265-485e-82a5-918f2cc86fc1:192.168.151.121:46354, 0fd55585-263a-4577-aa0a-ea5a39896330:192.168.151.121:42755, c0944fb1-a003-48a4-987e-44a4096d22d1:192.168.151.121:43671], old=null
2019-09-24 02:22:14,228 [6e6c6100-ad13-453b-9932-e9c645725862@group-D8F232C36E53:LeaderElection14] INFO  impl.LeaderElection (LeaderElection.java:logAndReturn(56)) - 6e6c6100-ad13-453b-9932-e9c645725862@group-D8F232C36E53:LeaderElection14: Election REJECTED; received 2 response(s) [6e6c6100-ad13-453b-9932-e9c645725862<-6adb7553-cea6-43f8-9b13-e82d721d47e7#0:FAIL-t1, 6e6c6100-ad13-453b-9932-e9c645725862<-76c02951-0e42-41da-95d2-62b96a0dd9ff#0:FAIL-t1] and 0 exception(s); 6e6c6100-ad13-453b-9932-e9c645725862@group-D8F232C36E53:t1, leader=null, voted=6e6c6100-ad13-453b-9932-e9c645725862, raftlog=6e6c6100-ad13-453b-9932-e9c645725862@group-D8F232C36E53-SegmentedRaftLog:OPENED:c-1,f-1,i0, conf=-1: [6e6c6100-ad13-453b-9932-e9c645725862:192.168.151.121:44491, 6adb7553-cea6-43f8-9b13-e82d721d47e7:192.168.151.121:37719, 76c02951-0e42-41da-95d2-62b96a0dd9ff:192.168.151.121:42331], old=null
2019-09-24 02:22:14,228 [6f849279-8265-485e-82a5-918f2cc86fc1@group-E392B0B88194:LeaderElection13] INFO  impl.RaftServerImpl (RaftServerImpl.java:setRole(174)) - 6f849279-8265-485e-82a5-918f2cc86fc1@group-E392B0B88194: changes role from CANDIDATE to FOLLOWER at term 1 for DISCOVERED_A_NEW_TERM
2019-09-24 02:22:14,233 [6f849279-8265-485e-82a5-918f2cc86fc1@group-E392B0B88194:LeaderElection13] INFO  impl.RoleInfo (RoleInfo.java:shutdownLeaderElection(134)) - 6f849279-8265-485e-82a5-918f2cc86fc1: shutdown LeaderElection
2019-09-24 02:22:14,233 [6e6c6100-ad13-453b-9932-e9c645725862@group-D8F232C36E53:LeaderElection14] INFO  impl.RaftServerImpl (RaftServerImpl.java:setRole(174)) - 6e6c6100-ad13-453b-9932-e9c645725862@group-D8F232C36E53: changes role from CANDIDATE to FOLLOWER at term 1 for DISCOVERED_A_NEW_TERM
2019-09-24 02:22:14,245 [6f849279-8265-485e-82a5-918f2cc86fc1@group-E392B0B88194:LeaderElection13] INFO  impl.RoleInfo (RoleInfo.java:updateAndGet(143)) - 6f849279-8265-485e-82a5-918f2cc86fc1: start FollowerState
2019-09-24 02:22:14,245 [6e6c6100-ad13-453b-9932-e9c645725862@group-D8F232C36E53:LeaderElection14] INFO  impl.RoleInfo (RoleInfo.java:shutdownLeaderElection(134)) - 6e6c6100-ad13-453b-9932-e9c645725862: shutdown LeaderElection
2019-09-24 02:22:14,245 [afd2474b-fc98-4bcf-8229-023d47ec65b0@group-6FB4E83B17BF:LeaderElection18] INFO  impl.LeaderElection (LeaderElection.java:askForVotes(182)) - afd2474b-fc98-4bcf-8229-023d47ec65b0@group-6FB4E83B17BF:LeaderElection18: begin an election at term 1 for -1: [afd2474b-fc98-4bcf-8229-023d47ec65b0:192.168.151.121:41375, 54979dbf-d71a-4b3b-9687-e35aa22ddfbe:192.168.151.121:40767, 8a99bbfb-49a9-45e9-85c7-917445244762:192.168.151.121:36521], old=null
2019-09-24 02:22:14,245 [54979dbf-d71a-4b3b-9687-e35aa22ddfbe@group-6FB4E83B17BF:LeaderElection19] INFO  impl.LeaderElection (LeaderElection.java:askForVotes(182)) - 54979dbf-d71a-4b3b-9687-e35aa22ddfbe@group-6FB4E83B17BF:LeaderElection19: begin an election at term 1 for -1: [afd2474b-fc98-4bcf-8229-023d47ec65b0:192.168.151.121:41375, 54979dbf-d71a-4b3b-9687-e35aa22ddfbe:192.168.151.121:40767, 8a99bbfb-49a9-45e9-85c7-917445244762:192.168.151.121:36521], old=null
2019-09-24 02:22:14,248 [6e6c6100-ad13-453b-9932-e9c645725862@group-D8F232C36E53:LeaderElection14] INFO  impl.RoleInfo (RoleInfo.java:updateAndGet(143)) - 6e6c6100-ad13-453b-9932-e9c645725862: start FollowerState
2019-09-24 02:22:14,248 [0fd55585-263a-4577-aa0a-ea5a39896330@group-E392B0B88194:LeaderElection15] INFO  impl.LeaderElection (LeaderElection.java:logAndReturn(56)) - 0fd55585-263a-4577-aa0a-ea5a39896330@group-E392B0B88194:LeaderElection15: Election REJECTED; received 2 response(s) [0fd55585-263a-4577-aa0a-ea5a39896330<-6f849279-8265-485e-82a5-918f2cc86fc1#0:FAIL-t1, 0fd55585-263a-4577-aa0a-ea5a39896330<-c0944fb1-a003-48a4-987e-44a4096d22d1#0:FAIL-t1] and 0 exception(s); 0fd55585-263a-4577-aa0a-ea5a39896330@group-E392B0B88194:t1, leader=null, voted=0fd55585-263a-4577-aa0a-ea5a39896330, raftlog=0fd55585-263a-4577-aa0a-ea5a39896330@group-E392B0B88194-SegmentedRaftLog:OPENED:c-1,f-1,i0, conf=-1: [6f849279-8265-485e-82a5-918f2cc86fc1:192.168.151.121:46354, 0fd55585-263a-4577-aa0a-ea5a39896330:192.168.151.121:42755, c0944fb1-a003-48a4-987e-44a4096d22d1:192.168.151.121:43671], old=null
2019-09-24 02:22:14,249 [0fd55585-263a-4577-aa0a-ea5a39896330@group-E392B0B88194:LeaderElection15] INFO  impl.RaftServerImpl (RaftServerImpl.java:setRole(174)) - 0fd55585-263a-4577-aa0a-ea5a39896330@group-E392B0B88194: changes role from CANDIDATE to FOLLOWER at term 1 for DISCOVERED_A_NEW_TERM
2019-09-24 02:22:14,251 [0fd55585-263a-4577-aa0a-ea5a39896330@group-E392B0B88194:LeaderElection15] INFO  impl.RoleInfo (RoleInfo.java:shutdownLeaderElection(134)) - 0fd55585-263a-4577-aa0a-ea5a39896330: shutdown LeaderElection
2019-09-24 02:22:14,254 [0fd55585-263a-4577-aa0a-ea5a39896330@group-E392B0B88194:LeaderElection15] INFO  impl.RoleInfo (RoleInfo.java:updateAndGet(143)) - 0fd55585-263a-4577-aa0a-ea5a39896330: start FollowerState
2019-09-24 02:22:14,289 [c0944fb1-a003-48a4-987e-44a4096d22d1@group-E392B0B88194:LeaderElection16] INFO  impl.LeaderElection (LeaderElection.java:logAndReturn(56)) - c0944fb1-a003-48a4-987e-44a4096d22d1@group-E392B0B88194:LeaderElection16: Election REJECTED; received 2 response(s) [c0944fb1-a003-48a4-987e-44a4096d22d1<-6f849279-8265-485e-82a5-918f2cc86fc1#0:FAIL-t1, c0944fb1-a003-48a4-987e-44a4096d22d1<-0fd55585-263a-4577-aa0a-ea5a39896330#0:FAIL-t1] and 0 exception(s); c0944fb1-a003-48a4-987e-44a4096d22d1@group-E392B0B88194:t1, leader=null, voted=c0944fb1-a003-48a4-987e-44a4096d22d1, raftlog=c0944fb1-a003-48a4-987e-44a4096d22d1@group-E392B0B88194-SegmentedRaftLog:OPENED:c-1,f-1,i0, conf=-1: [6f849279-8265-485e-82a5-918f2cc86fc1:192.168.151.121:46354, 0fd55585-263a-4577-aa0a-ea5a39896330:192.168.151.121:42755, c0944fb1-a003-48a4-987e-44a4096d22d1:192.168.151.121:43671], old=null
2019-09-24 02:22:14,291 [c0944fb1-a003-48a4-987e-44a4096d22d1@group-E392B0B88194:LeaderElection16] INFO  impl.RaftServerImpl (RaftServerImpl.java:setRole(174)) - c0944fb1-a003-48a4-987e-44a4096d22d1@group-E392B0B88194: changes role from CANDIDATE to FOLLOWER at term 1 for DISCOVERED_A_NEW_TERM
2019-09-24 02:22:14,291 [c0944fb1-a003-48a4-987e-44a4096d22d1@group-E392B0B88194:LeaderElection16] INFO  impl.RoleInfo (RoleInfo.java:shutdownLeaderElection(134)) - c0944fb1-a003-48a4-987e-44a4096d22d1: shutdown LeaderElection
2019-09-24 02:22:14,291 [c0944fb1-a003-48a4-987e-44a4096d22d1@group-E392B0B88194:LeaderElection16] INFO  impl.RoleInfo (RoleInfo.java:updateAndGet(143)) - c0944fb1-a003-48a4-987e-44a4096d22d1: start FollowerState
2019-09-24 02:22:14,296 [8a99bbfb-49a9-45e9-85c7-917445244762@group-6FB4E83B17BF:LeaderElection17] INFO  impl.LeaderElection (LeaderElection.java:logAndReturn(56)) - 8a99bbfb-49a9-45e9-85c7-917445244762@group-6FB4E83B17BF:LeaderElection17: Election REJECTED; received 2 response(s) [8a99bbfb-49a9-45e9-85c7-917445244762<-afd2474b-fc98-4bcf-8229-023d47ec65b0#0:FAIL-t1, 8a99bbfb-49a9-45e9-85c7-917445244762<-54979dbf-d71a-4b3b-9687-e35aa22ddfbe#0:FAIL-t1] and 0 exception(s); 8a99bbfb-49a9-45e9-85c7-917445244762@group-6FB4E83B17BF:t1, leader=null, voted=8a99bbfb-49a9-45e9-85c7-917445244762, raftlog=8a99bbfb-49a9-45e9-85c7-917445244762@group-6FB4E83B17BF-SegmentedRaftLog:OPENED:c-1,f-1,i0, conf=-1: [afd2474b-fc98-4bcf-8229-023d47ec65b0:192.168.151.121:41375, 54979dbf-d71a-4b3b-9687-e35aa22ddfbe:192.168.151.121:40767, 8a99bbfb-49a9-45e9-85c7-917445244762:192.168.151.121:36521], old=null
2019-09-24 02:22:14,297 [8a99bbfb-49a9-45e9-85c7-917445244762@group-6FB4E83B17BF:LeaderElection17] INFO  impl.RaftServerImpl (RaftServerImpl.java:setRole(174)) - 8a99bbfb-49a9-45e9-85c7-917445244762@group-6FB4E83B17BF: changes role from CANDIDATE to FOLLOWER at term 1 for DISCOVERED_A_NEW_TERM
2019-09-24 02:22:14,298 [8a99bbfb-49a9-45e9-85c7-917445244762@group-6FB4E83B17BF:LeaderElection17] INFO  impl.RoleInfo (RoleInfo.java:shutdownLeaderElection(134)) - 8a99bbfb-49a9-45e9-85c7-917445244762: shutdown LeaderElection
2019-09-24 02:22:14,298 [8a99bbfb-49a9-45e9-85c7-917445244762@group-6FB4E83B17BF:LeaderElection17] INFO  impl.RoleInfo (RoleInfo.java:updateAndGet(143)) - 8a99bbfb-49a9-45e9-85c7-917445244762: start FollowerState
2019-09-24 02:22:14,302 [54979dbf-d71a-4b3b-9687-e35aa22ddfbe@group-6FB4E83B17BF:LeaderElection19] INFO  impl.LeaderElection (LeaderElection.java:logAndReturn(56)) - 54979dbf-d71a-4b3b-9687-e35aa22ddfbe@group-6FB4E83B17BF:LeaderElection19: Election REJECTED; received 2 response(s) [54979dbf-d71a-4b3b-9687-e35aa22ddfbe<-afd2474b-fc98-4bcf-8229-023d47ec65b0#0:FAIL-t1, 54979dbf-d71a-4b3b-9687-e35aa22ddfbe<-8a99bbfb-49a9-45e9-85c7-917445244762#0:FAIL-t1] and 0 exception(s); 54979dbf-d71a-4b3b-9687-e35aa22ddfbe@group-6FB4E83B17BF:t1, leader=null, voted=54979dbf-d71a-4b3b-9687-e35aa22ddfbe, raftlog=54979dbf-d71a-4b3b-9687-e35aa22ddfbe@group-6FB4E83B17BF-SegmentedRaftLog:OPENED:c-1,f-1,i0, conf=-1: [afd2474b-fc98-4bcf-8229-023d47ec65b0:192.168.151.121:41375, 54979dbf-d71a-4b3b-9687-e35aa22ddfbe:192.168.151.121:40767, 8a99bbfb-49a9-45e9-85c7-917445244762:192.168.151.121:36521], old=null
2019-09-24 02:22:14,307 [54979dbf-d71a-4b3b-9687-e35aa22ddfbe@group-6FB4E83B17BF:LeaderElection19] INFO  impl.RaftServerImpl (RaftServerImpl.java:setRole(174)) - 54979dbf-d71a-4b3b-9687-e35aa22ddfbe@group-6FB4E83B17BF: changes role from CANDIDATE to FOLLOWER at term 1 for DISCOVERED_A_NEW_TERM
2019-09-24 02:22:14,307 [afd2474b-fc98-4bcf-8229-023d47ec65b0@group-6FB4E83B17BF:LeaderElection18] INFO  impl.LeaderElection (LeaderElection.java:logAndReturn(56)) - afd2474b-fc98-4bcf-8229-023d47ec65b0@group-6FB4E83B17BF:LeaderElection18: Election REJECTED; received 2 response(s) [afd2474b-fc98-4bcf-8229-023d47ec65b0<-54979dbf-d71a-4b3b-9687-e35aa22ddfbe#0:FAIL-t1, afd2474b-fc98-4bcf-8229-023d47ec65b0<-8a99bbfb-49a9-45e9-85c7-917445244762#0:FAIL-t1] and 0 exception(s); afd2474b-fc98-4bcf-8229-023d47ec65b0@group-6FB4E83B17BF:t1, leader=null, voted=afd2474b-fc98-4bcf-8229-023d47ec65b0, raftlog=afd2474b-fc98-4bcf-8229-023d47ec65b0@group-6FB4E83B17BF-SegmentedRaftLog:OPENED:c-1,f-1,i0, conf=-1: [afd2474b-fc98-4bcf-8229-023d47ec65b0:192.168.151.121:41375, 54979dbf-d71a-4b3b-9687-e35aa22ddfbe:192.168.151.121:40767, 8a99bbfb-49a9-45e9-85c7-917445244762:192.168.151.121:36521], old=null
2019-09-24 02:22:14,309 [54979dbf-d71a-4b3b-9687-e35aa22ddfbe@group-6FB4E83B17BF:LeaderElection19] INFO  impl.RoleInfo (RoleInfo.java:shutdownLeaderElection(134)) - 54979dbf-d71a-4b3b-9687-e35aa22ddfbe: shutdown LeaderElection
2019-09-24 02:22:14,309 [afd2474b-fc98-4bcf-8229-023d47ec65b0@group-6FB4E83B17BF:LeaderElection18] INFO  impl.RaftServerImpl (RaftServerImpl.java:setRole(174)) - afd2474b-fc98-4bcf-8229-023d47ec65b0@group-6FB4E83B17BF: changes role from CANDIDATE to FOLLOWER at term 1 for DISCOVERED_A_NEW_TERM
2019-09-24 02:22:14,313 [54979dbf-d71a-4b3b-9687-e35aa22ddfbe@group-6FB4E83B17BF:LeaderElection19] INFO  impl.RoleInfo (RoleInfo.java:updateAndGet(143)) - 54979dbf-d71a-4b3b-9687-e35aa22ddfbe: start FollowerState
2019-09-24 02:22:14,313 [afd2474b-fc98-4bcf-8229-023d47ec65b0@group-6FB4E83B17BF:LeaderElection18] INFO  impl.RoleInfo (RoleInfo.java:shutdownLeaderElection(134)) - afd2474b-fc98-4bcf-8229-023d47ec65b0: shutdown LeaderElection
2019-09-24 02:22:14,313 [afd2474b-fc98-4bcf-8229-023d47ec65b0@group-6FB4E83B17BF:LeaderElection18] INFO  impl.RoleInfo (RoleInfo.java:updateAndGet(143)) - afd2474b-fc98-4bcf-8229-023d47ec65b0: start FollowerState
2019-09-24 02:22:14,580 [main] INFO  ipc.Client (Client.java:handleConnectionFailure(948)) - Retrying connect to server: localhost/127.0.0.1:0. Already tried 1 time(s); retry policy is RetryUpToMaximumCountWithFixedSleep(maxRetries=10, sleepTime=1000 MILLISECONDS)
2019-09-24 02:22:15,095 [Thread-378] INFO  impl.FollowerState (FollowerState.java:run(106)) - 76c02951-0e42-41da-95d2-62b96a0dd9ff:group-D8F232C36E53 changes to CANDIDATE, lastRpcTime:1039, electionTimeout:1036ms
2019-09-24 02:22:15,096 [Thread-378] INFO  impl.RoleInfo (RoleInfo.java:shutdownFollowerState(121)) - 76c02951-0e42-41da-95d2-62b96a0dd9ff: shutdown FollowerState
2019-09-24 02:22:15,096 [Thread-378] INFO  impl.RaftServerImpl (RaftServerImpl.java:setRole(174)) - 76c02951-0e42-41da-95d2-62b96a0dd9ff@group-D8F232C36E53: changes role from  FOLLOWER to CANDIDATE at term 1 for changeToCandidate
2019-09-24 02:22:15,097 [Thread-378] INFO  impl.RoleInfo (RoleInfo.java:updateAndGet(143)) - 76c02951-0e42-41da-95d2-62b96a0dd9ff: start LeaderElection
2019-09-24 02:22:15,126 [76c02951-0e42-41da-95d2-62b96a0dd9ff@group-D8F232C36E53:LeaderElection20] INFO  impl.LeaderElection (LeaderElection.java:askForVotes(182)) - 76c02951-0e42-41da-95d2-62b96a0dd9ff@group-D8F232C36E53:LeaderElection20: begin an election at term 2 for -1: [6e6c6100-ad13-453b-9932-e9c645725862:192.168.151.121:44491, 6adb7553-cea6-43f8-9b13-e82d721d47e7:192.168.151.121:37719, 76c02951-0e42-41da-95d2-62b96a0dd9ff:192.168.151.121:42331], old=null
2019-09-24 02:22:15,137 [grpc-default-executor-0] INFO  impl.RaftServerImpl (RaftServerImpl.java:setRole(174)) - 6adb7553-cea6-43f8-9b13-e82d721d47e7@group-D8F232C36E53: changes role from  FOLLOWER to FOLLOWER at term 2 for recognizeCandidate:76c02951-0e42-41da-95d2-62b96a0dd9ff
2019-09-24 02:22:15,137 [grpc-default-executor-3] INFO  impl.RaftServerImpl (RaftServerImpl.java:setRole(174)) - 6e6c6100-ad13-453b-9932-e9c645725862@group-D8F232C36E53: changes role from  FOLLOWER to FOLLOWER at term 2 for recognizeCandidate:76c02951-0e42-41da-95d2-62b96a0dd9ff
2019-09-24 02:22:15,137 [grpc-default-executor-0] INFO  impl.RoleInfo (RoleInfo.java:shutdownFollowerState(121)) - 6adb7553-cea6-43f8-9b13-e82d721d47e7: shutdown FollowerState
2019-09-24 02:22:15,137 [grpc-default-executor-3] INFO  impl.RoleInfo (RoleInfo.java:shutdownFollowerState(121)) - 6e6c6100-ad13-453b-9932-e9c645725862: shutdown FollowerState
2019-09-24 02:22:15,138 [Thread-379] INFO  impl.FollowerState (FollowerState.java:run(115)) - 6adb7553-cea6-43f8-9b13-e82d721d47e7: FollowerState was interrupted: java.lang.InterruptedException: sleep interrupted
2019-09-24 02:22:15,138 [grpc-default-executor-3] INFO  impl.RoleInfo (RoleInfo.java:updateAndGet(143)) - 6e6c6100-ad13-453b-9932-e9c645725862: start FollowerState
2019-09-24 02:22:15,137 [grpc-default-executor-0] INFO  impl.RoleInfo (RoleInfo.java:updateAndGet(143)) - 6adb7553-cea6-43f8-9b13-e82d721d47e7: start FollowerState
2019-09-24 02:22:15,138 [Thread-389] INFO  impl.FollowerState (FollowerState.java:run(115)) - 6e6c6100-ad13-453b-9932-e9c645725862: FollowerState was interrupted: java.lang.InterruptedException: sleep interrupted
2019-09-24 02:22:15,160 [76c02951-0e42-41da-95d2-62b96a0dd9ff@group-D8F232C36E53:LeaderElection20] INFO  impl.LeaderElection (LeaderElection.java:logAndReturn(56)) - 76c02951-0e42-41da-95d2-62b96a0dd9ff@group-D8F232C36E53:LeaderElection20: Election PASSED; received 1 response(s) [76c02951-0e42-41da-95d2-62b96a0dd9ff<-6e6c6100-ad13-453b-9932-e9c645725862#0:OK-t2] and 0 exception(s); 76c02951-0e42-41da-95d2-62b96a0dd9ff@group-D8F232C36E53:t2, leader=null, voted=76c02951-0e42-41da-95d2-62b96a0dd9ff, raftlog=76c02951-0e42-41da-95d2-62b96a0dd9ff@group-D8F232C36E53-SegmentedRaftLog:OPENED:c-1,f-1,i0, conf=-1: [6e6c6100-ad13-453b-9932-e9c645725862:192.168.151.121:44491, 6adb7553-cea6-43f8-9b13-e82d721d47e7:192.168.151.121:37719, 76c02951-0e42-41da-95d2-62b96a0dd9ff:192.168.151.121:42331], old=null
2019-09-24 02:22:15,160 [76c02951-0e42-41da-95d2-62b96a0dd9ff@group-D8F232C36E53:LeaderElection20] INFO  impl.RoleInfo (RoleInfo.java:shutdownLeaderElection(134)) - 76c02951-0e42-41da-95d2-62b96a0dd9ff: shutdown LeaderElection
2019-09-24 02:22:15,164 [76c02951-0e42-41da-95d2-62b96a0dd9ff@group-D8F232C36E53:LeaderElection20] INFO  impl.RaftServerImpl (RaftServerImpl.java:setRole(174)) - 76c02951-0e42-41da-95d2-62b96a0dd9ff@group-D8F232C36E53: changes role from CANDIDATE to LEADER at term 2 for changeToLeader
2019-09-24 02:22:15,164 [76c02951-0e42-41da-95d2-62b96a0dd9ff@group-D8F232C36E53:LeaderElection20] INFO  impl.RaftServerImpl (ServerState.java:setLeader(253)) - 76c02951-0e42-41da-95d2-62b96a0dd9ff@group-D8F232C36E53: change Leader from null to 76c02951-0e42-41da-95d2-62b96a0dd9ff at term 2 for becomeLeader, leader elected after 2492ms
2019-09-24 02:22:15,164 [76c02951-0e42-41da-95d2-62b96a0dd9ff@group-D8F232C36E53:LeaderElection20] INFO  server.RaftServerConfigKeys (ConfUtils.java:logGet(43)) - raft.server.staging.catchup.gap = 1000 (default)
2019-09-24 02:22:15,164 [76c02951-0e42-41da-95d2-62b96a0dd9ff@group-D8F232C36E53:LeaderElection20] INFO  server.RaftServerConfigKeys (ConfUtils.java:logGet(43)) - raft.server.rpc.sleep.time = 25ms (default)
2019-09-24 02:22:15,164 [76c02951-0e42-41da-95d2-62b96a0dd9ff@group-D8F232C36E53:LeaderElection20] INFO  server.RaftServerConfigKeys (ConfUtils.java:logGet(43)) - raft.server.write.element-limit = 4096 (default)
2019-09-24 02:22:15,165 [76c02951-0e42-41da-95d2-62b96a0dd9ff@group-D8F232C36E53:LeaderElection20] INFO  server.RaftServerConfigKeys (ConfUtils.java:logGet(43)) - raft.server.watch.timeout = 10s (default)
2019-09-24 02:22:15,165 [76c02951-0e42-41da-95d2-62b96a0dd9ff@group-D8F232C36E53:LeaderElection20] INFO  server.RaftServerConfigKeys (ConfUtils.java:logGet(43)) - raft.server.watch.timeout.denomination = 1s (default)
2019-09-24 02:22:15,165 [76c02951-0e42-41da-95d2-62b96a0dd9ff@group-D8F232C36E53:LeaderElection20] INFO  server.RaftServerConfigKeys (ConfUtils.java:logGet(43)) - raft.server.watch.element-limit = 65536 (default)
2019-09-24 02:22:15,171 [76c02951-0e42-41da-95d2-62b96a0dd9ff@group-D8F232C36E53:LeaderElection20] INFO  server.RaftServerConfigKeys (ConfUtils.java:logGet(43)) - raft.server.log.appender.snapshot.chunk.size.max = 16MB (=16777216) (default)
2019-09-24 02:22:15,172 [76c02951-0e42-41da-95d2-62b96a0dd9ff@group-D8F232C36E53:LeaderElection20] INFO  server.RaftServerConfigKeys (ConfUtils.java:logGet(43)) - raft.server.log.appender.buffer.byte-limit = 33554432 (custom)
2019-09-24 02:22:15,172 [76c02951-0e42-41da-95d2-62b96a0dd9ff@group-D8F232C36E53:LeaderElection20] INFO  server.RaftServerConfigKeys (ConfUtils.java:logGet(43)) - raft.server.log.appender.buffer.element-limit = 1 (custom)
2019-09-24 02:22:15,177 [76c02951-0e42-41da-95d2-62b96a0dd9ff@group-D8F232C36E53:LeaderElection20] INFO  grpc.GrpcConfigKeys$Server (ConfUtils.java:logGet(43)) - raft.grpc.server.leader.outstanding.appends.max = 128 (default)
2019-09-24 02:22:15,189 [76c02951-0e42-41da-95d2-62b96a0dd9ff@group-D8F232C36E53:LeaderElection20] INFO  server.RaftServerConfigKeys (ConfUtils.java:logGet(43)) - raft.server.rpc.request.timeout = 3000ms (default)
2019-09-24 02:22:15,189 [76c02951-0e42-41da-95d2-62b96a0dd9ff@group-D8F232C36E53:LeaderElection20] INFO  server.RaftServerConfigKeys (ConfUtils.java:logGet(43)) - raft.server.log.appender.install.snapshot.enabled = false (custom)
2019-09-24 02:22:15,191 [76c02951-0e42-41da-95d2-62b96a0dd9ff@group-D8F232C36E53:LeaderElection20] INFO  server.RaftServerConfigKeys (ConfUtils.java:logGet(43)) - raft.server.log.appender.snapshot.chunk.size.max = 16MB (=16777216) (default)
2019-09-24 02:22:15,191 [76c02951-0e42-41da-95d2-62b96a0dd9ff@group-D8F232C36E53:LeaderElection20] INFO  server.RaftServerConfigKeys (ConfUtils.java:logGet(43)) - raft.server.log.appender.buffer.byte-limit = 33554432 (custom)
2019-09-24 02:22:15,191 [76c02951-0e42-41da-95d2-62b96a0dd9ff@group-D8F232C36E53:LeaderElection20] INFO  server.RaftServerConfigKeys (ConfUtils.java:logGet(43)) - raft.server.log.appender.buffer.element-limit = 1 (custom)
2019-09-24 02:22:15,191 [76c02951-0e42-41da-95d2-62b96a0dd9ff@group-D8F232C36E53:LeaderElection20] INFO  grpc.GrpcConfigKeys$Server (ConfUtils.java:logGet(43)) - raft.grpc.server.leader.outstanding.appends.max = 128 (default)
2019-09-24 02:22:15,192 [76c02951-0e42-41da-95d2-62b96a0dd9ff@group-D8F232C36E53:LeaderElection20] INFO  server.RaftServerConfigKeys (ConfUtils.java:logGet(43)) - raft.server.rpc.request.timeout = 3000ms (default)
2019-09-24 02:22:15,192 [76c02951-0e42-41da-95d2-62b96a0dd9ff@group-D8F232C36E53:LeaderElection20] INFO  server.RaftServerConfigKeys (ConfUtils.java:logGet(43)) - raft.server.log.appender.install.snapshot.enabled = false (custom)
2019-09-24 02:22:15,196 [76c02951-0e42-41da-95d2-62b96a0dd9ff@group-D8F232C36E53:LeaderElection20] INFO  impl.RoleInfo (RoleInfo.java:updateAndGet(143)) - 76c02951-0e42-41da-95d2-62b96a0dd9ff: start LeaderState
2019-09-24 02:22:15,196 [76c02951-0e42-41da-95d2-62b96a0dd9ff@group-D8F232C36E53:LeaderElection20] INFO  segmented.SegmentedRaftLogWorker (SegmentedRaftLogWorker.java:startLogSegment(380)) - 76c02951-0e42-41da-95d2-62b96a0dd9ff@group-D8F232C36E53-SegmentedRaftLogWorker: Starting segment from index:0
2019-09-24 02:22:15,197 [76c02951-0e42-41da-95d2-62b96a0dd9ff@group-D8F232C36E53:LeaderElection20] INFO  impl.RaftServerImpl (ServerState.java:setRaftConf(354)) - 76c02951-0e42-41da-95d2-62b96a0dd9ff@group-D8F232C36E53: set configuration 0: [6e6c6100-ad13-453b-9932-e9c645725862:192.168.151.121:44491, 6adb7553-cea6-43f8-9b13-e82d721d47e7:192.168.151.121:37719, 76c02951-0e42-41da-95d2-62b96a0dd9ff:192.168.151.121:42331], old=null at 0
2019-09-24 02:22:15,259 [76c02951-0e42-41da-95d2-62b96a0dd9ff@group-D8F232C36E53-SegmentedRaftLogWorker] INFO  segmented.SegmentedRaftLogWorker (SegmentedRaftLogWorker.java:execute(569)) - 76c02951-0e42-41da-95d2-62b96a0dd9ff@group-D8F232C36E53-SegmentedRaftLogWorker: created new log segment /workdir/hadoop-ozone/integration-test/target/test-dir/MiniOzoneClusterImpl-de332c24-5f7d-4363-8764-5335807553b9/datanode-3/data/ratis/54e8e679-a3e8-4089-9b59-d8f232c36e53/current/log_inprogress_0
2019-09-24 02:22:15,284 [grpc-default-executor-0] INFO  impl.RaftServerImpl (ServerState.java:setLeader(253)) - 6adb7553-cea6-43f8-9b13-e82d721d47e7@group-D8F232C36E53: change Leader from null to 76c02951-0e42-41da-95d2-62b96a0dd9ff at term 2 for appendEntries, leader elected after 2612ms
2019-09-24 02:22:15,284 [grpc-default-executor-3] INFO  impl.RaftServerImpl (ServerState.java:setLeader(253)) - 6e6c6100-ad13-453b-9932-e9c645725862@group-D8F232C36E53: change Leader from null to 76c02951-0e42-41da-95d2-62b96a0dd9ff at term 2 for appendEntries, leader elected after 2612ms
2019-09-24 02:22:15,319 [Thread-396] INFO  impl.FollowerState (FollowerState.java:run(106)) - 8a99bbfb-49a9-45e9-85c7-917445244762:group-6FB4E83B17BF changes to CANDIDATE, lastRpcTime:1021, electionTimeout:1019ms
2019-09-24 02:22:15,319 [Thread-396] INFO  impl.RoleInfo (RoleInfo.java:shutdownFollowerState(121)) - 8a99bbfb-49a9-45e9-85c7-917445244762: shutdown FollowerState
2019-09-24 02:22:15,319 [Thread-396] INFO  impl.RaftServerImpl (RaftServerImpl.java:setRole(174)) - 8a99bbfb-49a9-45e9-85c7-917445244762@group-6FB4E83B17BF: changes role from  FOLLOWER to CANDIDATE at term 1 for changeToCandidate
2019-09-24 02:22:15,320 [Thread-396] INFO  impl.RoleInfo (RoleInfo.java:updateAndGet(143)) - 8a99bbfb-49a9-45e9-85c7-917445244762: start LeaderElection
2019-09-24 02:22:15,328 [grpc-default-executor-3] INFO  impl.RaftServerImpl (ServerState.java:setRaftConf(354)) - 6e6c6100-ad13-453b-9932-e9c645725862@group-D8F232C36E53: set configuration 0: [6e6c6100-ad13-453b-9932-e9c645725862:192.168.151.121:44491, 6adb7553-cea6-43f8-9b13-e82d721d47e7:192.168.151.121:37719, 76c02951-0e42-41da-95d2-62b96a0dd9ff:192.168.151.121:42331], old=null at 0
2019-09-24 02:22:15,328 [grpc-default-executor-0] INFO  impl.RaftServerImpl (ServerState.java:setRaftConf(354)) - 6adb7553-cea6-43f8-9b13-e82d721d47e7@group-D8F232C36E53: set configuration 0: [6e6c6100-ad13-453b-9932-e9c645725862:192.168.151.121:44491, 6adb7553-cea6-43f8-9b13-e82d721d47e7:192.168.151.121:37719, 76c02951-0e42-41da-95d2-62b96a0dd9ff:192.168.151.121:42331], old=null at 0
2019-09-24 02:22:15,328 [grpc-default-executor-3] INFO  segmented.SegmentedRaftLogWorker (SegmentedRaftLogWorker.java:startLogSegment(380)) - 6e6c6100-ad13-453b-9932-e9c645725862@group-D8F232C36E53-SegmentedRaftLogWorker: Starting segment from index:0
2019-09-24 02:22:15,329 [grpc-default-executor-0] INFO  segmented.SegmentedRaftLogWorker (SegmentedRaftLogWorker.java:startLogSegment(380)) - 6adb7553-cea6-43f8-9b13-e82d721d47e7@group-D8F232C36E53-SegmentedRaftLogWorker: Starting segment from index:0
2019-09-24 02:22:15,330 [Thread-388] INFO  impl.FollowerState (FollowerState.java:run(106)) - 6f849279-8265-485e-82a5-918f2cc86fc1:group-E392B0B88194 changes to CANDIDATE, lastRpcTime:1085, electionTimeout:1082ms
2019-09-24 02:22:15,330 [Thread-388] INFO  impl.RoleInfo (RoleInfo.java:shutdownFollowerState(121)) - 6f849279-8265-485e-82a5-918f2cc86fc1: shutdown FollowerState
2019-09-24 02:22:15,330 [Thread-388] INFO  impl.RaftServerImpl (RaftServerImpl.java:setRole(174)) - 6f849279-8265-485e-82a5-918f2cc86fc1@group-E392B0B88194: changes role from  FOLLOWER to CANDIDATE at term 1 for changeToCandidate
2019-09-24 02:22:15,330 [Thread-388] INFO  impl.RoleInfo (RoleInfo.java:updateAndGet(143)) - 6f849279-8265-485e-82a5-918f2cc86fc1: start LeaderElection
2019-09-24 02:22:15,334 [8a99bbfb-49a9-45e9-85c7-917445244762@group-6FB4E83B17BF:LeaderElection21] INFO  impl.LeaderElection (LeaderElection.java:askForVotes(182)) - 8a99bbfb-49a9-45e9-85c7-917445244762@group-6FB4E83B17BF:LeaderElection21: begin an election at term 2 for -1: [afd2474b-fc98-4bcf-8229-023d47ec65b0:192.168.151.121:41375, 54979dbf-d71a-4b3b-9687-e35aa22ddfbe:192.168.151.121:40767, 8a99bbfb-49a9-45e9-85c7-917445244762:192.168.151.121:36521], old=null
2019-09-24 02:22:15,334 [6f849279-8265-485e-82a5-918f2cc86fc1@group-E392B0B88194:LeaderElection22] INFO  impl.LeaderElection (LeaderElection.java:askForVotes(182)) - 6f849279-8265-485e-82a5-918f2cc86fc1@group-E392B0B88194:LeaderElection22: begin an election at term 2 for -1: [6f849279-8265-485e-82a5-918f2cc86fc1:192.168.151.121:46354, 0fd55585-263a-4577-aa0a-ea5a39896330:192.168.151.121:42755, c0944fb1-a003-48a4-987e-44a4096d22d1:192.168.151.121:43671], old=null
2019-09-24 02:22:15,374 [Thread-395] INFO  impl.FollowerState (FollowerState.java:run(106)) - c0944fb1-a003-48a4-987e-44a4096d22d1:group-E392B0B88194 changes to CANDIDATE, lastRpcTime:1082, electionTimeout:1067ms
2019-09-24 02:22:15,374 [Thread-394] INFO  impl.FollowerState (FollowerState.java:run(106)) - 0fd55585-263a-4577-aa0a-ea5a39896330:group-E392B0B88194 changes to CANDIDATE, lastRpcTime:1120, electionTimeout:1097ms
2019-09-24 02:22:15,374 [Thread-395] INFO  impl.RoleInfo (RoleInfo.java:shutdownFollowerState(121)) - c0944fb1-a003-48a4-987e-44a4096d22d1: shutdown FollowerState
2019-09-24 02:22:15,374 [Thread-394] INFO  impl.RoleInfo (RoleInfo.java:shutdownFollowerState(121)) - 0fd55585-263a-4577-aa0a-ea5a39896330: shutdown FollowerState
2019-09-24 02:22:15,375 [Thread-395] INFO  impl.RaftServerImpl (RaftServerImpl.java:setRole(174)) - c0944fb1-a003-48a4-987e-44a4096d22d1@group-E392B0B88194: changes role from  FOLLOWER to CANDIDATE at term 1 for changeToCandidate
2019-09-24 02:22:15,375 [Thread-394] INFO  impl.RaftServerImpl (RaftServerImpl.java:setRole(174)) - 0fd55585-263a-4577-aa0a-ea5a39896330@group-E392B0B88194: changes role from  FOLLOWER to CANDIDATE at term 1 for changeToCandidate
2019-09-24 02:22:15,375 [grpc-default-executor-0] INFO  impl.RaftServerImpl (RaftServerImpl.java:setRole(174)) - 54979dbf-d71a-4b3b-9687-e35aa22ddfbe@group-6FB4E83B17BF: changes role from  FOLLOWER to FOLLOWER at term 2 for recognizeCandidate:8a99bbfb-49a9-45e9-85c7-917445244762
2019-09-24 02:22:15,375 [Thread-395] INFO  impl.RoleInfo (RoleInfo.java:updateAndGet(143)) - c0944fb1-a003-48a4-987e-44a4096d22d1: start LeaderElection
2019-09-24 02:22:15,375 [Thread-394] INFO  impl.RoleInfo (RoleInfo.java:updateAndGet(143)) - 0fd55585-263a-4577-aa0a-ea5a39896330: start LeaderElection
2019-09-24 02:22:15,375 [grpc-default-executor-0] INFO  impl.RoleInfo (RoleInfo.java:shutdownFollowerState(121)) - 54979dbf-d71a-4b3b-9687-e35aa22ddfbe: shutdown FollowerState
2019-09-24 02:22:15,375 [grpc-default-executor-1] INFO  impl.RaftServerImpl (RaftServerImpl.java:setRole(174)) - afd2474b-fc98-4bcf-8229-023d47ec65b0@group-6FB4E83B17BF: changes role from  FOLLOWER to FOLLOWER at term 2 for recognizeCandidate:8a99bbfb-49a9-45e9-85c7-917445244762
2019-09-24 02:22:15,375 [grpc-default-executor-2] INFO  impl.RaftServerImpl (RaftServerImpl.java:setRole(174)) - c0944fb1-a003-48a4-987e-44a4096d22d1@group-E392B0B88194: changes role from CANDIDATE to FOLLOWER at term 2 for recognizeCandidate:6f849279-8265-485e-82a5-918f2cc86fc1
2019-09-24 02:22:15,376 [grpc-default-executor-0] INFO  impl.RoleInfo (RoleInfo.java:updateAndGet(143)) - 54979dbf-d71a-4b3b-9687-e35aa22ddfbe: start FollowerState
2019-09-24 02:22:15,375 [Thread-397] INFO  impl.FollowerState (FollowerState.java:run(115)) - 54979dbf-d71a-4b3b-9687-e35aa22ddfbe: FollowerState was interrupted: java.lang.InterruptedException: sleep interrupted
2019-09-24 02:22:15,375 [grpc-default-executor-1] INFO  impl.RoleInfo (RoleInfo.java:shutdownFollowerState(121)) - afd2474b-fc98-4bcf-8229-023d47ec65b0: shutdown FollowerState
2019-09-24 02:22:15,376 [grpc-default-executor-2] INFO  impl.RoleInfo (RoleInfo.java:shutdownLeaderElection(134)) - c0944fb1-a003-48a4-987e-44a4096d22d1: shutdown LeaderElection
2019-09-24 02:22:15,376 [grpc-default-executor-3] INFO  impl.RaftServerImpl (RaftServerImpl.java:setRole(174)) - 0fd55585-263a-4577-aa0a-ea5a39896330@group-E392B0B88194: changes role from CANDIDATE to FOLLOWER at term 2 for recognizeCandidate:6f849279-8265-485e-82a5-918f2cc86fc1
2019-09-24 02:22:15,376 [grpc-default-executor-2] INFO  impl.RoleInfo (RoleInfo.java:updateAndGet(143)) - c0944fb1-a003-48a4-987e-44a4096d22d1: start FollowerState
2019-09-24 02:22:15,376 [Thread-398] INFO  impl.FollowerState (FollowerState.java:run(115)) - afd2474b-fc98-4bcf-8229-023d47ec65b0: FollowerState was interrupted: java.lang.InterruptedException: sleep interrupted
2019-09-24 02:22:15,376 [grpc-default-executor-1] INFO  impl.RoleInfo (RoleInfo.java:updateAndGet(143)) - afd2474b-fc98-4bcf-8229-023d47ec65b0: start FollowerState
2019-09-24 02:22:15,376 [grpc-default-executor-3] INFO  impl.RoleInfo (RoleInfo.java:shutdownLeaderElection(134)) - 0fd55585-263a-4577-aa0a-ea5a39896330: shutdown LeaderElection
2019-09-24 02:22:15,377 [grpc-default-executor-3] INFO  impl.RoleInfo (RoleInfo.java:updateAndGet(143)) - 0fd55585-263a-4577-aa0a-ea5a39896330: start FollowerState
2019-09-24 02:22:15,399 [6e6c6100-ad13-453b-9932-e9c645725862@group-D8F232C36E53-SegmentedRaftLogWorker] INFO  segmented.SegmentedRaftLogWorker (SegmentedRaftLogWorker.java:execute(569)) - 6e6c6100-ad13-453b-9932-e9c645725862@group-D8F232C36E53-SegmentedRaftLogWorker: created new log segment /workdir/hadoop-ozone/integration-test/target/test-dir/MiniOzoneClusterImpl-de332c24-5f7d-4363-8764-5335807553b9/datanode-1/data/ratis/54e8e679-a3e8-4089-9b59-d8f232c36e53/current/log_inprogress_0
2019-09-24 02:22:15,399 [6adb7553-cea6-43f8-9b13-e82d721d47e7@group-D8F232C36E53-SegmentedRaftLogWorker] INFO  segmented.SegmentedRaftLogWorker (SegmentedRaftLogWorker.java:execute(569)) - 6adb7553-cea6-43f8-9b13-e82d721d47e7@group-D8F232C36E53-SegmentedRaftLogWorker: created new log segment /workdir/hadoop-ozone/integration-test/target/test-dir/MiniOzoneClusterImpl-de332c24-5f7d-4363-8764-5335807553b9/datanode-0/data/ratis/54e8e679-a3e8-4089-9b59-d8f232c36e53/current/log_inprogress_0
2019-09-24 02:22:15,402 [8a99bbfb-49a9-45e9-85c7-917445244762@group-6FB4E83B17BF:LeaderElection21] INFO  impl.LeaderElection (LeaderElection.java:logAndReturn(56)) - 8a99bbfb-49a9-45e9-85c7-917445244762@group-6FB4E83B17BF:LeaderElection21: Election PASSED; received 1 response(s) [8a99bbfb-49a9-45e9-85c7-917445244762<-54979dbf-d71a-4b3b-9687-e35aa22ddfbe#0:OK-t2] and 0 exception(s); 8a99bbfb-49a9-45e9-85c7-917445244762@group-6FB4E83B17BF:t2, leader=null, voted=8a99bbfb-49a9-45e9-85c7-917445244762, raftlog=8a99bbfb-49a9-45e9-85c7-917445244762@group-6FB4E83B17BF-SegmentedRaftLog:OPENED:c-1,f-1,i0, conf=-1: [afd2474b-fc98-4bcf-8229-023d47ec65b0:192.168.151.121:41375, 54979dbf-d71a-4b3b-9687-e35aa22ddfbe:192.168.151.121:40767, 8a99bbfb-49a9-45e9-85c7-917445244762:192.168.151.121:36521], old=null
2019-09-24 02:22:15,402 [6f849279-8265-485e-82a5-918f2cc86fc1@group-E392B0B88194:LeaderElection22] INFO  impl.LeaderElection (LeaderElection.java:logAndReturn(56)) - 6f849279-8265-485e-82a5-918f2cc86fc1@group-E392B0B88194:LeaderElection22: Election REJECTED; received 2 response(s) [6f849279-8265-485e-82a5-918f2cc86fc1<-0fd55585-263a-4577-aa0a-ea5a39896330#0:FAIL-t2, 6f849279-8265-485e-82a5-918f2cc86fc1<-c0944fb1-a003-48a4-987e-44a4096d22d1#0:FAIL-t2] and 0 exception(s); 6f849279-8265-485e-82a5-918f2cc86fc1@group-E392B0B88194:t2, leader=null, voted=6f849279-8265-485e-82a5-918f2cc86fc1, raftlog=6f849279-8265-485e-82a5-918f2cc86fc1@group-E392B0B88194-SegmentedRaftLog:OPENED:c-1,f-1,i0, conf=-1: [6f849279-8265-485e-82a5-918f2cc86fc1:192.168.151.121:46354, 0fd55585-263a-4577-aa0a-ea5a39896330:192.168.151.121:42755, c0944fb1-a003-48a4-987e-44a4096d22d1:192.168.151.121:43671], old=null
2019-09-24 02:22:15,402 [8a99bbfb-49a9-45e9-85c7-917445244762@group-6FB4E83B17BF:LeaderElection21] INFO  impl.RoleInfo (RoleInfo.java:shutdownLeaderElection(134)) - 8a99bbfb-49a9-45e9-85c7-917445244762: shutdown LeaderElection
2019-09-24 02:22:15,406 [6f849279-8265-485e-82a5-918f2cc86fc1@group-E392B0B88194:LeaderElection22] INFO  impl.RaftServerImpl (RaftServerImpl.java:setRole(174)) - 6f849279-8265-485e-82a5-918f2cc86fc1@group-E392B0B88194: changes role from CANDIDATE to FOLLOWER at term 2 for DISCOVERED_A_NEW_TERM
2019-09-24 02:22:15,412 [8a99bbfb-49a9-45e9-85c7-917445244762@group-6FB4E83B17BF:LeaderElection21] INFO  impl.RaftServerImpl (RaftServerImpl.java:setRole(174)) - 8a99bbfb-49a9-45e9-85c7-917445244762@group-6FB4E83B17BF: changes role from CANDIDATE to LEADER at term 2 for changeToLeader
2019-09-24 02:22:15,412 [6f849279-8265-485e-82a5-918f2cc86fc1@group-E392B0B88194:LeaderElection22] INFO  impl.RoleInfo (RoleInfo.java:shutdownLeaderElection(134)) - 6f849279-8265-485e-82a5-918f2cc86fc1: shutdown LeaderElection
2019-09-24 02:22:15,412 [8a99bbfb-49a9-45e9-85c7-917445244762@group-6FB4E83B17BF:LeaderElection21] INFO  impl.RaftServerImpl (ServerState.java:setLeader(253)) - 8a99bbfb-49a9-45e9-85c7-917445244762@group-6FB4E83B17BF: change Leader from null to 8a99bbfb-49a9-45e9-85c7-917445244762 at term 2 for becomeLeader, leader elected after 2410ms
2019-09-24 02:22:15,413 [6f849279-8265-485e-82a5-918f2cc86fc1@group-E392B0B88194:LeaderElection22] INFO  impl.RoleInfo (RoleInfo.java:updateAndGet(143)) - 6f849279-8265-485e-82a5-918f2cc86fc1: start FollowerState
2019-09-24 02:22:15,413 [8a99bbfb-49a9-45e9-85c7-917445244762@group-6FB4E83B17BF:LeaderElection21] INFO  server.RaftServerConfigKeys (ConfUtils.java:logGet(43)) - raft.server.staging.catchup.gap = 1000 (default)
2019-09-24 02:22:15,413 [8a99bbfb-49a9-45e9-85c7-917445244762@group-6FB4E83B17BF:LeaderElection21] INFO  server.RaftServerConfigKeys (ConfUtils.java:logGet(43)) - raft.server.rpc.sleep.time = 25ms (default)
2019-09-24 02:22:15,416 [8a99bbfb-49a9-45e9-85c7-917445244762@group-6FB4E83B17BF:LeaderElection21] INFO  server.RaftServerConfigKeys (ConfUtils.java:logGet(43)) - raft.server.write.element-limit = 4096 (default)
2019-09-24 02:22:15,416 [8a99bbfb-49a9-45e9-85c7-917445244762@group-6FB4E83B17BF:LeaderElection21] INFO  server.RaftServerConfigKeys (ConfUtils.java:logGet(43)) - raft.server.watch.timeout = 10s (default)
2019-09-24 02:22:15,416 [8a99bbfb-49a9-45e9-85c7-917445244762@group-6FB4E83B17BF:LeaderElection21] INFO  server.RaftServerConfigKeys (ConfUtils.java:logGet(43)) - raft.server.watch.timeout.denomination = 1s (default)
2019-09-24 02:22:15,417 [8a99bbfb-49a9-45e9-85c7-917445244762@group-6FB4E83B17BF:LeaderElection21] INFO  server.RaftServerConfigKeys (ConfUtils.java:logGet(43)) - raft.server.watch.element-limit = 65536 (default)
2019-09-24 02:22:15,419 [8a99bbfb-49a9-45e9-85c7-917445244762@group-6FB4E83B17BF:LeaderElection21] INFO  server.RaftServerConfigKeys (ConfUtils.java:logGet(43)) - raft.server.log.appender.snapshot.chunk.size.max = 16MB (=16777216) (default)
2019-09-24 02:22:15,419 [8a99bbfb-49a9-45e9-85c7-917445244762@group-6FB4E83B17BF:LeaderElection21] INFO  server.RaftServerConfigKeys (ConfUtils.java:logGet(43)) - raft.server.log.appender.buffer.byte-limit = 33554432 (custom)
2019-09-24 02:22:15,419 [8a99bbfb-49a9-45e9-85c7-917445244762@group-6FB4E83B17BF:LeaderElection21] INFO  server.RaftServerConfigKeys (ConfUtils.java:logGet(43)) - raft.server.log.appender.buffer.element-limit = 1 (custom)
2019-09-24 02:22:15,419 [8a99bbfb-49a9-45e9-85c7-917445244762@group-6FB4E83B17BF:LeaderElection21] INFO  grpc.GrpcConfigKeys$Server (ConfUtils.java:logGet(43)) - raft.grpc.server.leader.outstanding.appends.max = 128 (default)
2019-09-24 02:22:15,422 [8a99bbfb-49a9-45e9-85c7-917445244762@group-6FB4E83B17BF:LeaderElection21] INFO  server.RaftServerConfigKeys (ConfUtils.java:logGet(43)) - raft.server.rpc.request.timeout = 3000ms (default)
2019-09-24 02:22:15,422 [8a99bbfb-49a9-45e9-85c7-917445244762@group-6FB4E83B17BF:LeaderElection21] INFO  server.RaftServerConfigKeys (ConfUtils.java:logGet(43)) - raft.server.log.appender.install.snapshot.enabled = false (custom)
2019-09-24 02:22:15,422 [8a99bbfb-49a9-45e9-85c7-917445244762@group-6FB4E83B17BF:LeaderElection21] INFO  server.RaftServerConfigKeys (ConfUtils.java:logGet(43)) - raft.server.log.appender.snapshot.chunk.size.max = 16MB (=16777216) (default)
2019-09-24 02:22:15,422 [8a99bbfb-49a9-45e9-85c7-917445244762@group-6FB4E83B17BF:LeaderElection21] INFO  server.RaftServerConfigKeys (ConfUtils.java:logGet(43)) - raft.server.log.appender.buffer.byte-limit = 33554432 (custom)
2019-09-24 02:22:15,422 [8a99bbfb-49a9-45e9-85c7-917445244762@group-6FB4E83B17BF:LeaderElection21] INFO  server.RaftServerConfigKeys (ConfUtils.java:logGet(43)) - raft.server.log.appender.buffer.element-limit = 1 (custom)
2019-09-24 02:22:15,423 [8a99bbfb-49a9-45e9-85c7-917445244762@group-6FB4E83B17BF:LeaderElection21] INFO  grpc.GrpcConfigKeys$Server (ConfUtils.java:logGet(43)) - raft.grpc.server.leader.outstanding.appends.max = 128 (default)
2019-09-24 02:22:15,423 [8a99bbfb-49a9-45e9-85c7-917445244762@group-6FB4E83B17BF:LeaderElection21] INFO  server.RaftServerConfigKeys (ConfUtils.java:logGet(43)) - raft.server.rpc.request.timeout = 3000ms (default)
2019-09-24 02:22:15,423 [8a99bbfb-49a9-45e9-85c7-917445244762@group-6FB4E83B17BF:LeaderElection21] INFO  server.RaftServerConfigKeys (ConfUtils.java:logGet(43)) - raft.server.log.appender.install.snapshot.enabled = false (custom)
2019-09-24 02:22:15,423 [8a99bbfb-49a9-45e9-85c7-917445244762@group-6FB4E83B17BF:LeaderElection21] INFO  impl.RoleInfo (RoleInfo.java:updateAndGet(143)) - 8a99bbfb-49a9-45e9-85c7-917445244762: start LeaderState
2019-09-24 02:22:15,423 [8a99bbfb-49a9-45e9-85c7-917445244762@group-6FB4E83B17BF:LeaderElection21] INFO  segmented.SegmentedRaftLogWorker (SegmentedRaftLogWorker.java:startLogSegment(380)) - 8a99bbfb-49a9-45e9-85c7-917445244762@group-6FB4E83B17BF-SegmentedRaftLogWorker: Starting segment from index:0
2019-09-24 02:22:15,424 [8a99bbfb-49a9-45e9-85c7-917445244762@group-6FB4E83B17BF:LeaderElection21] INFO  impl.RaftServerImpl (ServerState.java:setRaftConf(354)) - 8a99bbfb-49a9-45e9-85c7-917445244762@group-6FB4E83B17BF: set configuration 0: [afd2474b-fc98-4bcf-8229-023d47ec65b0:192.168.151.121:41375, 54979dbf-d71a-4b3b-9687-e35aa22ddfbe:192.168.151.121:40767, 8a99bbfb-49a9-45e9-85c7-917445244762:192.168.151.121:36521], old=null at 0
2019-09-24 02:22:15,429 [0fd55585-263a-4577-aa0a-ea5a39896330@group-E392B0B88194:LeaderElection24] INFO  impl.LeaderElection (LeaderElection.java:askForVotes(182)) - 0fd55585-263a-4577-aa0a-ea5a39896330@group-E392B0B88194:LeaderElection24: begin an election at term 3 for -1: [6f849279-8265-485e-82a5-918f2cc86fc1:192.168.151.121:46354, 0fd55585-263a-4577-aa0a-ea5a39896330:192.168.151.121:42755, c0944fb1-a003-48a4-987e-44a4096d22d1:192.168.151.121:43671], old=null
2019-09-24 02:22:15,461 [c0944fb1-a003-48a4-987e-44a4096d22d1@group-E392B0B88194:LeaderElection23] INFO  impl.LeaderElection (LeaderElection.java:askForVotes(182)) - c0944fb1-a003-48a4-987e-44a4096d22d1@group-E392B0B88194:LeaderElection23: begin an election at term 3 for -1: [6f849279-8265-485e-82a5-918f2cc86fc1:192.168.151.121:46354, 0fd55585-263a-4577-aa0a-ea5a39896330:192.168.151.121:42755, c0944fb1-a003-48a4-987e-44a4096d22d1:192.168.151.121:43671], old=null
2019-09-24 02:22:15,465 [c0944fb1-a003-48a4-987e-44a4096d22d1@group-E392B0B88194:LeaderElection23] INFO  impl.LeaderElection (LeaderElection.java:logAndReturn(56)) - c0944fb1-a003-48a4-987e-44a4096d22d1@group-E392B0B88194:LeaderElection23: Election REJECTED; received 0 response(s) [] and 0 exception(s); c0944fb1-a003-48a4-987e-44a4096d22d1@group-E392B0B88194:t3, leader=null, voted=c0944fb1-a003-48a4-987e-44a4096d22d1, raftlog=c0944fb1-a003-48a4-987e-44a4096d22d1@group-E392B0B88194-SegmentedRaftLog:OPENED:c-1,f-1,i0, conf=-1: [6f849279-8265-485e-82a5-918f2cc86fc1:192.168.151.121:46354, 0fd55585-263a-4577-aa0a-ea5a39896330:192.168.151.121:42755, c0944fb1-a003-48a4-987e-44a4096d22d1:192.168.151.121:43671], old=null
2019-09-24 02:22:15,466 [0fd55585-263a-4577-aa0a-ea5a39896330@group-E392B0B88194:LeaderElection24] INFO  impl.LeaderElection (LeaderElection.java:logAndReturn(56)) - 0fd55585-263a-4577-aa0a-ea5a39896330@group-E392B0B88194:LeaderElection24: Election REJECTED; received 0 response(s) [] and 0 exception(s); 0fd55585-263a-4577-aa0a-ea5a39896330@group-E392B0B88194:t3, leader=null, voted=0fd55585-263a-4577-aa0a-ea5a39896330, raftlog=0fd55585-263a-4577-aa0a-ea5a39896330@group-E392B0B88194-SegmentedRaftLog:OPENED:c-1,f-1,i0, conf=-1: [6f849279-8265-485e-82a5-918f2cc86fc1:192.168.151.121:46354, 0fd55585-263a-4577-aa0a-ea5a39896330:192.168.151.121:42755, c0944fb1-a003-48a4-987e-44a4096d22d1:192.168.151.121:43671], old=null
2019-09-24 02:22:15,471 [grpc-default-executor-2] INFO  impl.RaftServerImpl (ServerState.java:setLeader(253)) - 54979dbf-d71a-4b3b-9687-e35aa22ddfbe@group-6FB4E83B17BF: change Leader from null to 8a99bbfb-49a9-45e9-85c7-917445244762 at term 2 for appendEntries, leader elected after 2470ms
2019-09-24 02:22:15,474 [grpc-default-executor-1] INFO  impl.RaftServerImpl (ServerState.java:setLeader(253)) - afd2474b-fc98-4bcf-8229-023d47ec65b0@group-6FB4E83B17BF: change Leader from null to 8a99bbfb-49a9-45e9-85c7-917445244762 at term 2 for appendEntries, leader elected after 2472ms
2019-09-24 02:22:15,476 [grpc-default-executor-3] INFO  impl.RaftServerImpl (RaftServerImpl.java:setRole(174)) - 6f849279-8265-485e-82a5-918f2cc86fc1@group-E392B0B88194: changes role from  FOLLOWER to FOLLOWER at term 3 for recognizeCandidate:c0944fb1-a003-48a4-987e-44a4096d22d1
2019-09-24 02:22:15,477 [grpc-default-executor-3] INFO  impl.RoleInfo (RoleInfo.java:shutdownFollowerState(121)) - 6f849279-8265-485e-82a5-918f2cc86fc1: shutdown FollowerState
2019-09-24 02:22:15,477 [grpc-default-executor-3] INFO  impl.RoleInfo (RoleInfo.java:updateAndGet(143)) - 6f849279-8265-485e-82a5-918f2cc86fc1: start FollowerState
2019-09-24 02:22:15,477 [Thread-424] INFO  impl.FollowerState (FollowerState.java:run(115)) - 6f849279-8265-485e-82a5-918f2cc86fc1: FollowerState was interrupted: java.lang.InterruptedException: sleep interrupted
2019-09-24 02:22:15,482 [grpc-default-executor-2] INFO  impl.RaftServerImpl (ServerState.java:setRaftConf(354)) - 54979dbf-d71a-4b3b-9687-e35aa22ddfbe@group-6FB4E83B17BF: set configuration 0: [afd2474b-fc98-4bcf-8229-023d47ec65b0:192.168.151.121:41375, 54979dbf-d71a-4b3b-9687-e35aa22ddfbe:192.168.151.121:40767, 8a99bbfb-49a9-45e9-85c7-917445244762:192.168.151.121:36521], old=null at 0
2019-09-24 02:22:15,482 [grpc-default-executor-2] INFO  segmented.SegmentedRaftLogWorker (SegmentedRaftLogWorker.java:startLogSegment(380)) - 54979dbf-d71a-4b3b-9687-e35aa22ddfbe@group-6FB4E83B17BF-SegmentedRaftLogWorker: Starting segment from index:0
2019-09-24 02:22:15,516 [8a99bbfb-49a9-45e9-85c7-917445244762@group-6FB4E83B17BF-SegmentedRaftLogWorker] INFO  segmented.SegmentedRaftLogWorker (SegmentedRaftLogWorker.java:execute(569)) - 8a99bbfb-49a9-45e9-85c7-917445244762@group-6FB4E83B17BF-SegmentedRaftLogWorker: created new log segment /workdir/hadoop-ozone/integration-test/target/test-dir/MiniOzoneClusterImpl-de332c24-5f7d-4363-8764-5335807553b9/datanode-5/data/ratis/9cb6fe3e-19f1-46bf-a361-6fb4e83b17bf/current/log_inprogress_0
2019-09-24 02:22:15,517 [grpc-default-executor-1] INFO  impl.RaftServerImpl (ServerState.java:setRaftConf(354)) - afd2474b-fc98-4bcf-8229-023d47ec65b0@group-6FB4E83B17BF: set configuration 0: [afd2474b-fc98-4bcf-8229-023d47ec65b0:192.168.151.121:41375, 54979dbf-d71a-4b3b-9687-e35aa22ddfbe:192.168.151.121:40767, 8a99bbfb-49a9-45e9-85c7-917445244762:192.168.151.121:36521], old=null at 0
2019-09-24 02:22:15,518 [grpc-default-executor-1] INFO  segmented.SegmentedRaftLogWorker (SegmentedRaftLogWorker.java:startLogSegment(380)) - afd2474b-fc98-4bcf-8229-023d47ec65b0@group-6FB4E83B17BF-SegmentedRaftLogWorker: Starting segment from index:0
2019-09-24 02:22:15,551 [54979dbf-d71a-4b3b-9687-e35aa22ddfbe@group-6FB4E83B17BF-SegmentedRaftLogWorker] INFO  segmented.SegmentedRaftLogWorker (SegmentedRaftLogWorker.java:execute(569)) - 54979dbf-d71a-4b3b-9687-e35aa22ddfbe@group-6FB4E83B17BF-SegmentedRaftLogWorker: created new log segment /workdir/hadoop-ozone/integration-test/target/test-dir/MiniOzoneClusterImpl-de332c24-5f7d-4363-8764-5335807553b9/datanode-4/data/ratis/9cb6fe3e-19f1-46bf-a361-6fb4e83b17bf/current/log_inprogress_0
2019-09-24 02:22:15,564 [afd2474b-fc98-4bcf-8229-023d47ec65b0@group-6FB4E83B17BF-SegmentedRaftLogWorker] INFO  segmented.SegmentedRaftLogWorker (SegmentedRaftLogWorker.java:execute(569)) - afd2474b-fc98-4bcf-8229-023d47ec65b0@group-6FB4E83B17BF-SegmentedRaftLogWorker: created new log segment /workdir/hadoop-ozone/integration-test/target/test-dir/MiniOzoneClusterImpl-de332c24-5f7d-4363-8764-5335807553b9/datanode-7/data/ratis/9cb6fe3e-19f1-46bf-a361-6fb4e83b17bf/current/log_inprogress_0
2019-09-24 02:22:15,581 [main] INFO  ipc.Client (Client.java:handleConnectionFailure(948)) - Retrying connect to server: localhost/127.0.0.1:0. Already tried 2 time(s); retry policy is RetryUpToMaximumCountWithFixedSleep(maxRetries=10, sleepTime=1000 MILLISECONDS)
2019-09-24 02:22:16,439 [Thread-422] INFO  impl.FollowerState (FollowerState.java:run(106)) - 0fd55585-263a-4577-aa0a-ea5a39896330:group-E392B0B88194 changes to CANDIDATE, lastRpcTime:1061, electionTimeout:1060ms
2019-09-24 02:22:16,439 [Thread-422] INFO  impl.RoleInfo (RoleInfo.java:shutdownFollowerState(121)) - 0fd55585-263a-4577-aa0a-ea5a39896330: shutdown FollowerState
2019-09-24 02:22:16,439 [Thread-422] INFO  impl.RaftServerImpl (RaftServerImpl.java:setRole(174)) - 0fd55585-263a-4577-aa0a-ea5a39896330@group-E392B0B88194: changes role from  FOLLOWER to CANDIDATE at term 3 for changeToCandidate
2019-09-24 02:22:16,440 [Thread-422] INFO  impl.RoleInfo (RoleInfo.java:updateAndGet(143)) - 0fd55585-263a-4577-aa0a-ea5a39896330: start LeaderElection
2019-09-24 02:22:16,474 [0fd55585-263a-4577-aa0a-ea5a39896330@group-E392B0B88194:LeaderElection25] INFO  impl.LeaderElection (LeaderElection.java:askForVotes(182)) - 0fd55585-263a-4577-aa0a-ea5a39896330@group-E392B0B88194:LeaderElection25: begin an election at term 4 for -1: [6f849279-8265-485e-82a5-918f2cc86fc1:192.168.151.121:46354, 0fd55585-263a-4577-aa0a-ea5a39896330:192.168.151.121:42755, c0944fb1-a003-48a4-987e-44a4096d22d1:192.168.151.121:43671], old=null
2019-09-24 02:22:16,490 [grpc-default-executor-3] INFO  impl.RaftServerImpl (RaftServerImpl.java:setRole(174)) - 6f849279-8265-485e-82a5-918f2cc86fc1@group-E392B0B88194: changes role from  FOLLOWER to FOLLOWER at term 4 for recognizeCandidate:0fd55585-263a-4577-aa0a-ea5a39896330
2019-09-24 02:22:16,490 [grpc-default-executor-1] INFO  impl.RaftServerImpl (RaftServerImpl.java:setRole(174)) - c0944fb1-a003-48a4-987e-44a4096d22d1@group-E392B0B88194: changes role from  FOLLOWER to FOLLOWER at term 4 for recognizeCandidate:0fd55585-263a-4577-aa0a-ea5a39896330
2019-09-24 02:22:16,491 [grpc-default-executor-3] INFO  impl.RoleInfo (RoleInfo.java:shutdownFollowerState(121)) - 6f849279-8265-485e-82a5-918f2cc86fc1: shutdown FollowerState
2019-09-24 02:22:16,491 [grpc-default-executor-1] INFO  impl.RoleInfo (RoleInfo.java:shutdownFollowerState(121)) - c0944fb1-a003-48a4-987e-44a4096d22d1: shutdown FollowerState
2019-09-24 02:22:16,491 [Thread-437] INFO  impl.FollowerState (FollowerState.java:run(115)) - 6f849279-8265-485e-82a5-918f2cc86fc1: FollowerState was interrupted: java.lang.InterruptedException: sleep interrupted
2019-09-24 02:22:16,491 [grpc-default-executor-3] INFO  impl.RoleInfo (RoleInfo.java:updateAndGet(143)) - 6f849279-8265-485e-82a5-918f2cc86fc1: start FollowerState
2019-09-24 02:22:16,491 [Thread-421] INFO  impl.FollowerState (FollowerState.java:run(115)) - c0944fb1-a003-48a4-987e-44a4096d22d1: FollowerState was interrupted: java.lang.InterruptedException: sleep interrupted
2019-09-24 02:22:16,491 [grpc-default-executor-1] INFO  impl.RoleInfo (RoleInfo.java:updateAndGet(143)) - c0944fb1-a003-48a4-987e-44a4096d22d1: start FollowerState
2019-09-24 02:22:16,522 [0fd55585-263a-4577-aa0a-ea5a39896330@group-E392B0B88194:LeaderElection25] INFO  impl.LeaderElection (LeaderElection.java:logAndReturn(56)) - 0fd55585-263a-4577-aa0a-ea5a39896330@group-E392B0B88194:LeaderElection25: Election PASSED; received 1 response(s) [0fd55585-263a-4577-aa0a-ea5a39896330<-c0944fb1-a003-48a4-987e-44a4096d22d1#0:OK-t4] and 0 exception(s); 0fd55585-263a-4577-aa0a-ea5a39896330@group-E392B0B88194:t4, leader=null, voted=0fd55585-263a-4577-aa0a-ea5a39896330, raftlog=0fd55585-263a-4577-aa0a-ea5a39896330@group-E392B0B88194-SegmentedRaftLog:OPENED:c-1,f-1,i0, conf=-1: [6f849279-8265-485e-82a5-918f2cc86fc1:192.168.151.121:46354, 0fd55585-263a-4577-aa0a-ea5a39896330:192.168.151.121:42755, c0944fb1-a003-48a4-987e-44a4096d22d1:192.168.151.121:43671], old=null
2019-09-24 02:22:16,523 [0fd55585-263a-4577-aa0a-ea5a39896330@group-E392B0B88194:LeaderElection25] INFO  impl.RoleInfo (RoleInfo.java:shutdownLeaderElection(134)) - 0fd55585-263a-4577-aa0a-ea5a39896330: shutdown LeaderElection
2019-09-24 02:22:16,536 [0fd55585-263a-4577-aa0a-ea5a39896330@group-E392B0B88194:LeaderElection25] INFO  impl.RaftServerImpl (RaftServerImpl.java:setRole(174)) - 0fd55585-263a-4577-aa0a-ea5a39896330@group-E392B0B88194: changes role from CANDIDATE to LEADER at term 4 for changeToLeader
2019-09-24 02:22:16,536 [0fd55585-263a-4577-aa0a-ea5a39896330@group-E392B0B88194:LeaderElection25] INFO  impl.RaftServerImpl (ServerState.java:setLeader(253)) - 0fd55585-263a-4577-aa0a-ea5a39896330@group-E392B0B88194: change Leader from null to 0fd55585-263a-4577-aa0a-ea5a39896330 at term 4 for becomeLeader, leader elected after 3719ms
2019-09-24 02:22:16,536 [0fd55585-263a-4577-aa0a-ea5a39896330@group-E392B0B88194:LeaderElection25] INFO  server.RaftServerConfigKeys (ConfUtils.java:logGet(43)) - raft.server.staging.catchup.gap = 1000 (default)
2019-09-24 02:22:16,536 [0fd55585-263a-4577-aa0a-ea5a39896330@group-E392B0B88194:LeaderElection25] INFO  server.RaftServerConfigKeys (ConfUtils.java:logGet(43)) - raft.server.rpc.sleep.time = 25ms (default)
2019-09-24 02:22:16,536 [0fd55585-263a-4577-aa0a-ea5a39896330@group-E392B0B88194:LeaderElection25] INFO  server.RaftServerConfigKeys (ConfUtils.java:logGet(43)) - raft.server.write.element-limit = 4096 (default)
2019-09-24 02:22:16,537 [0fd55585-263a-4577-aa0a-ea5a39896330@group-E392B0B88194:LeaderElection25] INFO  server.RaftServerConfigKeys (ConfUtils.java:logGet(43)) - raft.server.watch.timeout = 10s (default)
2019-09-24 02:22:16,537 [0fd55585-263a-4577-aa0a-ea5a39896330@group-E392B0B88194:LeaderElection25] INFO  server.RaftServerConfigKeys (ConfUtils.java:logGet(43)) - raft.server.watch.timeout.denomination = 1s (default)
2019-09-24 02:22:16,537 [0fd55585-263a-4577-aa0a-ea5a39896330@group-E392B0B88194:LeaderElection25] INFO  server.RaftServerConfigKeys (ConfUtils.java:logGet(43)) - raft.server.watch.element-limit = 65536 (default)
2019-09-24 02:22:16,540 [0fd55585-263a-4577-aa0a-ea5a39896330@group-E392B0B88194:LeaderElection25] INFO  server.RaftServerConfigKeys (ConfUtils.java:logGet(43)) - raft.server.log.appender.snapshot.chunk.size.max = 16MB (=16777216) (default)
2019-09-24 02:22:16,540 [0fd55585-263a-4577-aa0a-ea5a39896330@group-E392B0B88194:LeaderElection25] INFO  server.RaftServerConfigKeys (ConfUtils.java:logGet(43)) - raft.server.log.appender.buffer.byte-limit = 33554432 (custom)
2019-09-24 02:22:16,541 [0fd55585-263a-4577-aa0a-ea5a39896330@group-E392B0B88194:LeaderElection25] INFO  server.RaftServerConfigKeys (ConfUtils.java:logGet(43)) - raft.server.log.appender.buffer.element-limit = 1 (custom)
2019-09-24 02:22:16,541 [0fd55585-263a-4577-aa0a-ea5a39896330@group-E392B0B88194:LeaderElection25] INFO  grpc.GrpcConfigKeys$Server (ConfUtils.java:logGet(43)) - raft.grpc.server.leader.outstanding.appends.max = 128 (default)
2019-09-24 02:22:16,541 [0fd55585-263a-4577-aa0a-ea5a39896330@group-E392B0B88194:LeaderElection25] INFO  server.RaftServerConfigKeys (ConfUtils.java:logGet(43)) - raft.server.rpc.request.timeout = 3000ms (default)
2019-09-24 02:22:16,541 [0fd55585-263a-4577-aa0a-ea5a39896330@group-E392B0B88194:LeaderElection25] INFO  server.RaftServerConfigKeys (ConfUtils.java:logGet(43)) - raft.server.log.appender.install.snapshot.enabled = false (custom)
2019-09-24 02:22:16,541 [0fd55585-263a-4577-aa0a-ea5a39896330@group-E392B0B88194:LeaderElection25] INFO  server.RaftServerConfigKeys (ConfUtils.java:logGet(43)) - raft.server.log.appender.snapshot.chunk.size.max = 16MB (=16777216) (default)
2019-09-24 02:22:16,542 [0fd55585-263a-4577-aa0a-ea5a39896330@group-E392B0B88194:LeaderElection25] INFO  server.RaftServerConfigKeys (ConfUtils.java:logGet(43)) - raft.server.log.appender.buffer.byte-limit = 33554432 (custom)
2019-09-24 02:22:16,542 [0fd55585-263a-4577-aa0a-ea5a39896330@group-E392B0B88194:LeaderElection25] INFO  server.RaftServerConfigKeys (ConfUtils.java:logGet(43)) - raft.server.log.appender.buffer.element-limit = 1 (custom)
2019-09-24 02:22:16,542 [0fd55585-263a-4577-aa0a-ea5a39896330@group-E392B0B88194:LeaderElection25] INFO  grpc.GrpcConfigKeys$Server (ConfUtils.java:logGet(43)) - raft.grpc.server.leader.outstanding.appends.max = 128 (default)
2019-09-24 02:22:16,542 [0fd55585-263a-4577-aa0a-ea5a39896330@group-E392B0B88194:LeaderElection25] INFO  server.RaftServerConfigKeys (ConfUtils.java:logGet(43)) - raft.server.rpc.request.timeout = 3000ms (default)
2019-09-24 02:22:16,543 [0fd55585-263a-4577-aa0a-ea5a39896330@group-E392B0B88194:LeaderElection25] INFO  server.RaftServerConfigKeys (ConfUtils.java:logGet(43)) - raft.server.log.appender.install.snapshot.enabled = false (custom)
2019-09-24 02:22:16,543 [0fd55585-263a-4577-aa0a-ea5a39896330@group-E392B0B88194:LeaderElection25] INFO  impl.RoleInfo (RoleInfo.java:updateAndGet(143)) - 0fd55585-263a-4577-aa0a-ea5a39896330: start LeaderState
2019-09-24 02:22:16,543 [0fd55585-263a-4577-aa0a-ea5a39896330@group-E392B0B88194:LeaderElection25] INFO  segmented.SegmentedRaftLogWorker (SegmentedRaftLogWorker.java:startLogSegment(380)) - 0fd55585-263a-4577-aa0a-ea5a39896330@group-E392B0B88194-SegmentedRaftLogWorker: Starting segment from index:0
2019-09-24 02:22:16,544 [0fd55585-263a-4577-aa0a-ea5a39896330@group-E392B0B88194:LeaderElection25] INFO  impl.RaftServerImpl (ServerState.java:setRaftConf(354)) - 0fd55585-263a-4577-aa0a-ea5a39896330@group-E392B0B88194: set configuration 0: [6f849279-8265-485e-82a5-918f2cc86fc1:192.168.151.121:46354, 0fd55585-263a-4577-aa0a-ea5a39896330:192.168.151.121:42755, c0944fb1-a003-48a4-987e-44a4096d22d1:192.168.151.121:43671], old=null at 0
2019-09-24 02:22:16,547 [grpc-default-executor-1] INFO  impl.RaftServerImpl (ServerState.java:setLeader(253)) - 6f849279-8265-485e-82a5-918f2cc86fc1@group-E392B0B88194: change Leader from null to 0fd55585-263a-4577-aa0a-ea5a39896330 at term 4 for appendEntries, leader elected after 3729ms
2019-09-24 02:22:16,581 [grpc-default-executor-1] INFO  impl.RaftServerImpl (ServerState.java:setLeader(253)) - c0944fb1-a003-48a4-987e-44a4096d22d1@group-E392B0B88194: change Leader from null to 0fd55585-263a-4577-aa0a-ea5a39896330 at term 4 for appendEntries, leader elected after 3763ms
2019-09-24 02:22:16,582 [main] INFO  ipc.Client (Client.java:handleConnectionFailure(948)) - Retrying connect to server: localhost/127.0.0.1:0. Already tried 3 time(s); retry policy is RetryUpToMaximumCountWithFixedSleep(maxRetries=10, sleepTime=1000 MILLISECONDS)
2019-09-24 02:22:16,584 [grpc-default-executor-2] INFO  impl.RaftServerImpl (ServerState.java:setRaftConf(354)) - 6f849279-8265-485e-82a5-918f2cc86fc1@group-E392B0B88194: set configuration 0: [6f849279-8265-485e-82a5-918f2cc86fc1:192.168.151.121:46354, 0fd55585-263a-4577-aa0a-ea5a39896330:192.168.151.121:42755, c0944fb1-a003-48a4-987e-44a4096d22d1:192.168.151.121:43671], old=null at 0
2019-09-24 02:22:16,584 [grpc-default-executor-2] INFO  segmented.SegmentedRaftLogWorker (SegmentedRaftLogWorker.java:startLogSegment(380)) - 6f849279-8265-485e-82a5-918f2cc86fc1@group-E392B0B88194-SegmentedRaftLogWorker: Starting segment from index:0
2019-09-24 02:22:16,585 [grpc-default-executor-3] INFO  impl.RaftServerImpl (ServerState.java:setRaftConf(354)) - c0944fb1-a003-48a4-987e-44a4096d22d1@group-E392B0B88194: set configuration 0: [6f849279-8265-485e-82a5-918f2cc86fc1:192.168.151.121:46354, 0fd55585-263a-4577-aa0a-ea5a39896330:192.168.151.121:42755, c0944fb1-a003-48a4-987e-44a4096d22d1:192.168.151.121:43671], old=null at 0
2019-09-24 02:22:16,585 [grpc-default-executor-3] INFO  segmented.SegmentedRaftLogWorker (SegmentedRaftLogWorker.java:startLogSegment(380)) - c0944fb1-a003-48a4-987e-44a4096d22d1@group-E392B0B88194-SegmentedRaftLogWorker: Starting segment from index:0
2019-09-24 02:22:16,645 [0fd55585-263a-4577-aa0a-ea5a39896330@group-E392B0B88194-SegmentedRaftLogWorker] INFO  segmented.SegmentedRaftLogWorker (SegmentedRaftLogWorker.java:execute(569)) - 0fd55585-263a-4577-aa0a-ea5a39896330@group-E392B0B88194-SegmentedRaftLogWorker: created new log segment /workdir/hadoop-ozone/integration-test/target/test-dir/MiniOzoneClusterImpl-de332c24-5f7d-4363-8764-5335807553b9/datanode-2/data/ratis/9cb63e49-cca2-4f73-9d86-e392b0b88194/current/log_inprogress_0
2019-09-24 02:22:16,648 [c0944fb1-a003-48a4-987e-44a4096d22d1@group-E392B0B88194-SegmentedRaftLogWorker] INFO  segmented.SegmentedRaftLogWorker (SegmentedRaftLogWorker.java:execute(569)) - c0944fb1-a003-48a4-987e-44a4096d22d1@group-E392B0B88194-SegmentedRaftLogWorker: created new log segment /workdir/hadoop-ozone/integration-test/target/test-dir/MiniOzoneClusterImpl-de332c24-5f7d-4363-8764-5335807553b9/datanode-9/data/ratis/9cb63e49-cca2-4f73-9d86-e392b0b88194/current/log_inprogress_0
2019-09-24 02:22:16,648 [6f849279-8265-485e-82a5-918f2cc86fc1@group-E392B0B88194-SegmentedRaftLogWorker] INFO  segmented.SegmentedRaftLogWorker (SegmentedRaftLogWorker.java:execute(569)) - 6f849279-8265-485e-82a5-918f2cc86fc1@group-E392B0B88194-SegmentedRaftLogWorker: created new log segment /workdir/hadoop-ozone/integration-test/target/test-dir/MiniOzoneClusterImpl-de332c24-5f7d-4363-8764-5335807553b9/datanode-8/data/ratis/9cb63e49-cca2-4f73-9d86-e392b0b88194/current/log_inprogress_0
2019-09-24 02:22:17,583 [main] INFO  ipc.Client (Client.java:handleConnectionFailure(948)) - Retrying connect to server: localhost/127.0.0.1:0. Already tried 4 time(s); retry policy is RetryUpToMaximumCountWithFixedSleep(maxRetries=10, sleepTime=1000 MILLISECONDS)
2019-09-24 02:22:18,585 [main] INFO  ipc.Client (Client.java:handleConnectionFailure(948)) - Retrying connect to server: localhost/127.0.0.1:0. Already tried 5 time(s); retry policy is RetryUpToMaximumCountWithFixedSleep(maxRetries=10, sleepTime=1000 MILLISECONDS)
2019-09-24 02:22:19,586 [main] INFO  ipc.Client (Client.java:handleConnectionFailure(948)) - Retrying connect to server: localhost/127.0.0.1:0. Already tried 6 time(s); retry policy is RetryUpToMaximumCountWithFixedSleep(maxRetries=10, sleepTime=1000 MILLISECONDS)
2019-09-24 02:22:20,587 [main] INFO  ipc.Client (Client.java:handleConnectionFailure(948)) - Retrying connect to server: localhost/127.0.0.1:0. Already tried 7 time(s); retry policy is RetryUpToMaximumCountWithFixedSleep(maxRetries=10, sleepTime=1000 MILLISECONDS)
2019-09-24 02:22:21,589 [main] INFO  ipc.Client (Client.java:handleConnectionFailure(948)) - Retrying connect to server: localhost/127.0.0.1:0. Already tried 8 time(s); retry policy is RetryUpToMaximumCountWithFixedSleep(maxRetries=10, sleepTime=1000 MILLISECONDS)
2019-09-24 02:22:22,596 [main] INFO  ipc.Client (Client.java:handleConnectionFailure(948)) - Retrying connect to server: localhost/127.0.0.1:0. Already tried 9 time(s); retry policy is RetryUpToMaximumCountWithFixedSleep(maxRetries=10, sleepTime=1000 MILLISECONDS)
2019-09-24 02:22:23,604 [main] INFO  ipc.Client (Client.java:handleConnectionFailure(948)) - Retrying connect to server: localhost/127.0.0.1:0. Already tried 0 time(s); retry policy is RetryUpToMaximumCountWithFixedSleep(maxRetries=10, sleepTime=1000 MILLISECONDS)
2019-09-24 02:22:24,610 [main] INFO  ipc.Client (Client.java:handleConnectionFailure(948)) - Retrying connect to server: localhost/127.0.0.1:0. Already tried 1 time(s); retry policy is RetryUpToMaximumCountWithFixedSleep(maxRetries=10, sleepTime=1000 MILLISECONDS)
2019-09-24 02:22:25,612 [main] INFO  ipc.Client (Client.java:handleConnectionFailure(948)) - Retrying connect to server: localhost/127.0.0.1:0. Already tried 2 time(s); retry policy is RetryUpToMaximumCountWithFixedSleep(maxRetries=10, sleepTime=1000 MILLISECONDS)
2019-09-24 02:22:26,613 [main] INFO  ipc.Client (Client.java:handleConnectionFailure(948)) - Retrying connect to server: localhost/127.0.0.1:0. Already tried 3 time(s); retry policy is RetryUpToMaximumCountWithFixedSleep(maxRetries=10, sleepTime=1000 MILLISECONDS)
2019-09-24 02:22:27,615 [main] INFO  ipc.Client (Client.java:handleConnectionFailure(948)) - Retrying connect to server: localhost/127.0.0.1:0. Already tried 4 time(s); retry policy is RetryUpToMaximumCountWithFixedSleep(maxRetries=10, sleepTime=1000 MILLISECONDS)
2019-09-24 02:22:28,617 [main] INFO  ipc.Client (Client.java:handleConnectionFailure(948)) - Retrying connect to server: localhost/127.0.0.1:0. Already tried 5 time(s); retry policy is RetryUpToMaximumCountWithFixedSleep(maxRetries=10, sleepTime=1000 MILLISECONDS)
2019-09-24 02:22:29,618 [main] INFO  ipc.Client (Client.java:handleConnectionFailure(948)) - Retrying connect to server: localhost/127.0.0.1:0. Already tried 6 time(s); retry policy is RetryUpToMaximumCountWithFixedSleep(maxRetries=10, sleepTime=1000 MILLISECONDS)
2019-09-24 02:22:30,620 [main] INFO  ipc.Client (Client.java:handleConnectionFailure(948)) - Retrying connect to server: localhost/127.0.0.1:0. Already tried 7 time(s); retry policy is RetryUpToMaximumCountWithFixedSleep(maxRetries=10, sleepTime=1000 MILLISECONDS)
2019-09-24 02:22:31,621 [main] INFO  ipc.Client (Client.java:handleConnectionFailure(948)) - Retrying connect to server: localhost/127.0.0.1:0. Already tried 8 time(s); retry policy is RetryUpToMaximumCountWithFixedSleep(maxRetries=10, sleepTime=1000 MILLISECONDS)
2019-09-24 02:22:32,623 [main] INFO  ipc.Client (Client.java:handleConnectionFailure(948)) - Retrying connect to server: localhost/127.0.0.1:0. Already tried 9 time(s); retry policy is RetryUpToMaximumCountWithFixedSleep(maxRetries=10, sleepTime=1000 MILLISECONDS)
2019-09-24 02:22:32,626 [main] INFO  retry.RetryInvocationHandler (RetryInvocationHandler.java:log(411)) - com.google.protobuf.ServiceException: java.net.ConnectException: Your endpoint configuration is wrong; For more details see:  http://wiki.apache.org/hadoop/UnsetHostnameOrPort, while invoking $Proxy35.submitRequest over nodeId=null,nodeAddress=127.0.0.1:0 after 1 failover attempts. Trying to failover immediately.
2019-09-24 02:22:33,627 [main] INFO  ipc.Client (Client.java:handleConnectionFailure(948)) - Retrying connect to server: localhost/127.0.0.1:0. Already tried 0 time(s); retry policy is RetryUpToMaximumCountWithFixedSleep(maxRetries=10, sleepTime=1000 MILLISECONDS)
2019-09-24 02:22:34,628 [main] INFO  ipc.Client (Client.java:handleConnectionFailure(948)) - Retrying connect to server: localhost/127.0.0.1:0. Already tried 1 time(s); retry policy is RetryUpToMaximumCountWithFixedSleep(maxRetries=10, sleepTime=1000 MILLISECONDS)
2019-09-24 02:22:35,630 [main] INFO  ipc.Client (Client.java:handleConnectionFailure(948)) - Retrying connect to server: localhost/127.0.0.1:0. Already tried 2 time(s); retry policy is RetryUpToMaximumCountWithFixedSleep(maxRetries=10, sleepTime=1000 MILLISECONDS)
2019-09-24 02:22:36,631 [main] INFO  ipc.Client (Client.java:handleConnectionFailure(948)) - Retrying connect to server: localhost/127.0.0.1:0. Already tried 3 time(s); retry policy is RetryUpToMaximumCountWithFixedSleep(maxRetries=10, sleepTime=1000 MILLISECONDS)
2019-09-24 02:22:37,633 [main] INFO  ipc.Client (Client.java:handleConnectionFailure(948)) - Retrying connect to server: localhost/127.0.0.1:0. Already tried 4 time(s); retry policy is RetryUpToMaximumCountWithFixedSleep(maxRetries=10, sleepTime=1000 MILLISECONDS)
2019-09-24 02:22:38,634 [main] INFO  ipc.Client (Client.java:handleConnectionFailure(948)) - Retrying connect to server: localhost/127.0.0.1:0. Already tried 5 time(s); retry policy is RetryUpToMaximumCountWithFixedSleep(maxRetries=10, sleepTime=1000 MILLISECONDS)
2019-09-24 02:22:39,636 [main] INFO  ipc.Client (Client.java:handleConnectionFailure(948)) - Retrying connect to server: localhost/127.0.0.1:0. Already tried 6 time(s); retry policy is RetryUpToMaximumCountWithFixedSleep(maxRetries=10, sleepTime=1000 MILLISECONDS)
2019-09-24 02:22:40,638 [main] INFO  ipc.Client (Client.java:handleConnectionFailure(948)) - Retrying connect to server: localhost/127.0.0.1:0. Already tried 7 time(s); retry policy is RetryUpToMaximumCountWithFixedSleep(maxRetries=10, sleepTime=1000 MILLISECONDS)
2019-09-24 02:22:41,639 [main] INFO  ipc.Client (Client.java:handleConnectionFailure(948)) - Retrying connect to server: localhost/127.0.0.1:0. Already tried 8 time(s); retry policy is RetryUpToMaximumCountWithFixedSleep(maxRetries=10, sleepTime=1000 MILLISECONDS)
2019-09-24 02:22:42,640 [main] INFO  ipc.Client (Client.java:handleConnectionFailure(948)) - Retrying connect to server: localhost/127.0.0.1:0. Already tried 9 time(s); retry policy is RetryUpToMaximumCountWithFixedSleep(maxRetries=10, sleepTime=1000 MILLISECONDS)
2019-09-24 02:22:42,642 [main] INFO  retry.RetryInvocationHandler (RetryInvocationHandler.java:log(411)) - com.google.protobuf.ServiceException: java.net.ConnectException: Your endpoint configuration is wrong; For more details see:  http://wiki.apache.org/hadoop/UnsetHostnameOrPort, while invoking $Proxy35.submitRequest over nodeId=null,nodeAddress=127.0.0.1:0 after 2 failover attempts. Trying to failover immediately.
2019-09-24 02:22:43,643 [main] INFO  ipc.Client (Client.java:handleConnectionFailure(948)) - Retrying connect to server: localhost/127.0.0.1:0. Already tried 0 time(s); retry policy is RetryUpToMaximumCountWithFixedSleep(maxRetries=10, sleepTime=1000 MILLISECONDS)
2019-09-24 02:22:44,645 [main] INFO  ipc.Client (Client.java:handleConnectionFailure(948)) - Retrying connect to server: localhost/127.0.0.1:0. Already tried 1 time(s); retry policy is RetryUpToMaximumCountWithFixedSleep(maxRetries=10, sleepTime=1000 MILLISECONDS)
2019-09-24 02:22:45,646 [main] INFO  ipc.Client (Client.java:handleConnectionFailure(948)) - Retrying connect to server: localhost/127.0.0.1:0. Already tried 2 time(s); retry policy is RetryUpToMaximumCountWithFixedSleep(maxRetries=10, sleepTime=1000 MILLISECONDS)
2019-09-24 02:22:46,648 [main] INFO  ipc.Client (Client.java:handleConnectionFailure(948)) - Retrying connect to server: localhost/127.0.0.1:0. Already tried 3 time(s); retry policy is RetryUpToMaximumCountWithFixedSleep(maxRetries=10, sleepTime=1000 MILLISECONDS)
2019-09-24 02:22:47,649 [main] INFO  ipc.Client (Client.java:handleConnectionFailure(948)) - Retrying connect to server: localhost/127.0.0.1:0. Already tried 4 time(s); retry policy is RetryUpToMaximumCountWithFixedSleep(maxRetries=10, sleepTime=1000 MILLISECONDS)
2019-09-24 02:22:48,651 [main] INFO  ipc.Client (Client.java:handleConnectionFailure(948)) - Retrying connect to server: localhost/127.0.0.1:0. Already tried 5 time(s); retry policy is RetryUpToMaximumCountWithFixedSleep(maxRetries=10, sleepTime=1000 MILLISECONDS)
2019-09-24 02:22:49,652 [main] INFO  ipc.Client (Client.java:handleConnectionFailure(948)) - Retrying connect to server: localhost/127.0.0.1:0. Already tried 6 time(s); retry policy is RetryUpToMaximumCountWithFixedSleep(maxRetries=10, sleepTime=1000 MILLISECONDS)
2019-09-24 02:22:50,654 [main] INFO  ipc.Client (Client.java:handleConnectionFailure(948)) - Retrying connect to server: localhost/127.0.0.1:0. Already tried 7 time(s); retry policy is RetryUpToMaximumCountWithFixedSleep(maxRetries=10, sleepTime=1000 MILLISECONDS)
2019-09-24 02:22:51,656 [main] INFO  ipc.Client (Client.java:handleConnectionFailure(948)) - Retrying connect to server: localhost/127.0.0.1:0. Already tried 8 time(s); retry policy is RetryUpToMaximumCountWithFixedSleep(maxRetries=10, sleepTime=1000 MILLISECONDS)
2019-09-24 02:22:52,657 [main] INFO  ipc.Client (Client.java:handleConnectionFailure(948)) - Retrying connect to server: localhost/127.0.0.1:0. Already tried 9 time(s); retry policy is RetryUpToMaximumCountWithFixedSleep(maxRetries=10, sleepTime=1000 MILLISECONDS)
2019-09-24 02:22:52,660 [main] INFO  retry.RetryInvocationHandler (RetryInvocationHandler.java:log(411)) - com.google.protobuf.ServiceException: java.net.ConnectException: Your endpoint configuration is wrong; For more details see:  http://wiki.apache.org/hadoop/UnsetHostnameOrPort, while invoking $Proxy35.submitRequest over nodeId=null,nodeAddress=127.0.0.1:0 after 3 failover attempts. Trying to failover immediately.
2019-09-24 02:22:53,661 [main] INFO  ipc.Client (Client.java:handleConnectionFailure(948)) - Retrying connect to server: localhost/127.0.0.1:0. Already tried 0 time(s); retry policy is RetryUpToMaximumCountWithFixedSleep(maxRetries=10, sleepTime=1000 MILLISECONDS)
2019-09-24 02:22:54,663 [main] INFO  ipc.Client (Client.java:handleConnectionFailure(948)) - Retrying connect to server: localhost/127.0.0.1:0. Already tried 1 time(s); retry policy is RetryUpToMaximumCountWithFixedSleep(maxRetries=10, sleepTime=1000 MILLISECONDS)
2019-09-24 02:22:55,664 [main] INFO  ipc.Client (Client.java:handleConnectionFailure(948)) - Retrying connect to server: localhost/127.0.0.1:0. Already tried 2 time(s); retry policy is RetryUpToMaximumCountWithFixedSleep(maxRetries=10, sleepTime=1000 MILLISECONDS)
2019-09-24 02:22:56,665 [main] INFO  ipc.Client (Client.java:handleConnectionFailure(948)) - Retrying connect to server: localhost/127.0.0.1:0. Already tried 3 time(s); retry policy is RetryUpToMaximumCountWithFixedSleep(maxRetries=10, sleepTime=1000 MILLISECONDS)
2019-09-24 02:22:57,667 [main] INFO  ipc.Client (Client.java:handleConnectionFailure(948)) - Retrying connect to server: localhost/127.0.0.1:0. Already tried 4 time(s); retry policy is RetryUpToMaximumCountWithFixedSleep(maxRetries=10, sleepTime=1000 MILLISECONDS)
2019-09-24 02:22:58,668 [main] INFO  ipc.Client (Client.java:handleConnectionFailure(948)) - Retrying connect to server: localhost/127.0.0.1:0. Already tried 5 time(s); retry policy is RetryUpToMaximumCountWithFixedSleep(maxRetries=10, sleepTime=1000 MILLISECONDS)
2019-09-24 02:22:59,671 [main] INFO  ipc.Client (Client.java:handleConnectionFailure(948)) - Retrying connect to server: localhost/127.0.0.1:0. Already tried 6 time(s); retry policy is RetryUpToMaximumCountWithFixedSleep(maxRetries=10, sleepTime=1000 MILLISECONDS)
2019-09-24 02:23:00,672 [main] INFO  ipc.Client (Client.java:handleConnectionFailure(948)) - Retrying connect to server: localhost/127.0.0.1:0. Already tried 7 time(s); retry policy is RetryUpToMaximumCountWithFixedSleep(maxRetries=10, sleepTime=1000 MILLISECONDS)
2019-09-24 02:23:02,083 [Thread-449] WARN  util.JavaUtils (JavaUtils.java:sleep(250)) - Unexpected long sleep: sleep(1027ms) actually took 1420ms which is over the threshold 300ms
2019-09-24 02:23:02,090 [Thread-403] WARN  util.JavaUtils (JavaUtils.java:sleep(250)) - Unexpected long sleep: sleep(1091ms) actually took 1687ms which is over the threshold 300ms
2019-09-24 02:23:02,090 [Thread-402] WARN  util.JavaUtils (JavaUtils.java:sleep(250)) - Unexpected long sleep: sleep(1056ms) actually took 1575ms which is over the threshold 300ms
2019-09-24 02:23:02,092 [Thread-419] INFO  impl.FollowerState (FollowerState.java:run(106)) - 54979dbf-d71a-4b3b-9687-e35aa22ddfbe:group-6FB4E83B17BF changes to CANDIDATE, lastRpcTime:1241, electionTimeout:1153ms
2019-09-24 02:23:02,084 [Thread-420] WARN  util.JavaUtils (JavaUtils.java:sleep(250)) - Unexpected long sleep: sleep(1181ms) actually took 1619ms which is over the threshold 300ms
2019-09-24 02:23:02,084 [main] INFO  ipc.Client (Client.java:handleConnectionFailure(948)) - Retrying connect to server: localhost/127.0.0.1:0. Already tried 8 time(s); retry policy is RetryUpToMaximumCountWithFixedSleep(maxRetries=10, sleepTime=1000 MILLISECONDS)
2019-09-24 02:23:02,092 [Thread-419] INFO  impl.RoleInfo (RoleInfo.java:shutdownFollowerState(121)) - 54979dbf-d71a-4b3b-9687-e35aa22ddfbe: shutdown FollowerState
2019-09-24 02:23:02,093 [Thread-419] INFO  impl.RaftServerImpl (RaftServerImpl.java:setRole(174)) - 54979dbf-d71a-4b3b-9687-e35aa22ddfbe@group-6FB4E83B17BF: changes role from  FOLLOWER to CANDIDATE at term 2 for changeToCandidate
2019-09-24 02:23:02,093 [Thread-419] INFO  impl.RoleInfo (RoleInfo.java:updateAndGet(143)) - 54979dbf-d71a-4b3b-9687-e35aa22ddfbe: start LeaderElection
2019-09-24 02:23:02,094 [grpc-default-executor-7] INFO  impl.RaftServerImpl (RaftServerImpl.java:setRole(174)) - 54979dbf-d71a-4b3b-9687-e35aa22ddfbe@group-6FB4E83B17BF: changes role from CANDIDATE to FOLLOWER at term 2 for appendEntries
2019-09-24 02:23:02,098 [grpc-default-executor-7] INFO  impl.RoleInfo (RoleInfo.java:shutdownLeaderElection(134)) - 54979dbf-d71a-4b3b-9687-e35aa22ddfbe: shutdown LeaderElection
2019-09-24 02:23:02,098 [grpc-default-executor-7] INFO  impl.RoleInfo (RoleInfo.java:updateAndGet(143)) - 54979dbf-d71a-4b3b-9687-e35aa22ddfbe: start FollowerState
2019-09-24 02:23:02,099 [54979dbf-d71a-4b3b-9687-e35aa22ddfbe@group-6FB4E83B17BF:LeaderElection26] INFO  impl.RaftServerImpl (ServerState.java:setLeader(253)) - 54979dbf-d71a-4b3b-9687-e35aa22ddfbe@group-6FB4E83B17BF: change Leader from 8a99bbfb-49a9-45e9-85c7-917445244762 to null at term 2 for initElection
2019-09-24 02:23:02,113 [54979dbf-d71a-4b3b-9687-e35aa22ddfbe@group-6FB4E83B17BF:LeaderElection26] INFO  impl.LeaderElection (LeaderElection.java:askForVotes(182)) - 54979dbf-d71a-4b3b-9687-e35aa22ddfbe@group-6FB4E83B17BF:LeaderElection26: begin an election at term 3 for 0: [afd2474b-fc98-4bcf-8229-023d47ec65b0:192.168.151.121:41375, 54979dbf-d71a-4b3b-9687-e35aa22ddfbe:192.168.151.121:40767, 8a99bbfb-49a9-45e9-85c7-917445244762:192.168.151.121:36521], old=null
2019-09-24 02:23:02,114 [54979dbf-d71a-4b3b-9687-e35aa22ddfbe@group-6FB4E83B17BF:LeaderElection26] INFO  impl.LeaderElection (LeaderElection.java:logAndReturn(56)) - 54979dbf-d71a-4b3b-9687-e35aa22ddfbe@group-6FB4E83B17BF:LeaderElection26: Election REJECTED; received 0 response(s) [] and 0 exception(s); 54979dbf-d71a-4b3b-9687-e35aa22ddfbe@group-6FB4E83B17BF:t3, leader=null, voted=54979dbf-d71a-4b3b-9687-e35aa22ddfbe, raftlog=54979dbf-d71a-4b3b-9687-e35aa22ddfbe@group-6FB4E83B17BF-SegmentedRaftLog:OPENED:c0,f0,i0, conf=0: [afd2474b-fc98-4bcf-8229-023d47ec65b0:192.168.151.121:41375, 54979dbf-d71a-4b3b-9687-e35aa22ddfbe:192.168.151.121:40767, 8a99bbfb-49a9-45e9-85c7-917445244762:192.168.151.121:36521], old=null
2019-09-24 02:23:02,118 [grpc-default-executor-0] INFO  impl.RaftServerImpl (ServerState.java:setLeader(253)) - afd2474b-fc98-4bcf-8229-023d47ec65b0@group-6FB4E83B17BF: change Leader from 8a99bbfb-49a9-45e9-85c7-917445244762 to null at term 3 for updateCurrentTerm
2019-09-24 02:23:02,118 [grpc-default-executor-7] INFO  impl.RaftServerImpl (ServerState.java:setLeader(253)) - 8a99bbfb-49a9-45e9-85c7-917445244762@group-6FB4E83B17BF: change Leader from 8a99bbfb-49a9-45e9-85c7-917445244762 to null at term 3 for updateCurrentTerm
2019-09-24 02:23:02,118 [grpc-default-executor-0] INFO  impl.RaftServerImpl (RaftServerImpl.java:setRole(174)) - afd2474b-fc98-4bcf-8229-023d47ec65b0@group-6FB4E83B17BF: changes role from  FOLLOWER to FOLLOWER at term 3 for recognizeCandidate:54979dbf-d71a-4b3b-9687-e35aa22ddfbe
2019-09-24 02:23:02,122 [grpc-default-executor-7] INFO  impl.RaftServerImpl (RaftServerImpl.java:setRole(174)) - 8a99bbfb-49a9-45e9-85c7-917445244762@group-6FB4E83B17BF: changes role from    LEADER to FOLLOWER at term 3 for recognizeCandidate:54979dbf-d71a-4b3b-9687-e35aa22ddfbe
2019-09-24 02:23:02,122 [grpc-default-executor-0] INFO  impl.RoleInfo (RoleInfo.java:shutdownFollowerState(121)) - afd2474b-fc98-4bcf-8229-023d47ec65b0: shutdown FollowerState
2019-09-24 02:23:02,122 [grpc-default-executor-7] INFO  impl.RoleInfo (RoleInfo.java:shutdownLeaderState(104)) - 8a99bbfb-49a9-45e9-85c7-917445244762: shutdown LeaderState
2019-09-24 02:23:02,123 [grpc-default-executor-0] INFO  impl.RoleInfo (RoleInfo.java:updateAndGet(143)) - afd2474b-fc98-4bcf-8229-023d47ec65b0: start FollowerState
2019-09-24 02:23:02,123 [Thread-420] INFO  impl.FollowerState (FollowerState.java:run(115)) - afd2474b-fc98-4bcf-8229-023d47ec65b0: FollowerState was interrupted: java.lang.InterruptedException: sleep interrupted
2019-09-24 02:23:02,131 [org.apache.ratis.server.impl.LogAppender$AppenderDaemon$$Lambda$430/2026899056@1ccf1d2b] WARN  server.GrpcLogAppender (GrpcLogAppender.java:mayWait(143)) - 8a99bbfb-49a9-45e9-85c7-917445244762@group-6FB4E83B17BF->54979dbf-d71a-4b3b-9687-e35aa22ddfbe-GrpcLogAppender: Wait interrupted by java.lang.InterruptedException
2019-09-24 02:23:02,131 [org.apache.ratis.server.impl.LogAppender$AppenderDaemon$$Lambda$430/2026899056@5380889a] WARN  server.GrpcLogAppender (GrpcLogAppender.java:mayWait(143)) - 8a99bbfb-49a9-45e9-85c7-917445244762@group-6FB4E83B17BF->afd2474b-fc98-4bcf-8229-023d47ec65b0-GrpcLogAppender: Wait interrupted by java.lang.InterruptedException
2019-09-24 02:23:02,135 [grpc-default-executor-7] INFO  impl.PendingRequests (PendingRequests.java:sendNotLeaderResponses(202)) - 8a99bbfb-49a9-45e9-85c7-917445244762-PendingRequests: sendNotLeaderResponses
2019-09-24 02:23:02,136 [grpc-default-executor-6] INFO  server.GrpcServerProtocolService (GrpcServerProtocolService.java:onCompleted(113)) - 54979dbf-d71a-4b3b-9687-e35aa22ddfbe: Completed APPEND_ENTRIES, lastRequest: 8a99bbfb-49a9-45e9-85c7-917445244762->54979dbf-d71a-4b3b-9687-e35aa22ddfbe#92-t2, previous=(t:2, i:0), leaderCommit=0, initializing? false, entries: <empty>
2019-09-24 02:23:02,136 [grpc-default-executor-1] INFO  server.GrpcServerProtocolService (GrpcServerProtocolService.java:onCompleted(113)) - afd2474b-fc98-4bcf-8229-023d47ec65b0: Completed APPEND_ENTRIES, lastRequest: 8a99bbfb-49a9-45e9-85c7-917445244762->afd2474b-fc98-4bcf-8229-023d47ec65b0#92-t2, previous=(t:2, i:0), leaderCommit=0, initializing? false, entries: <empty>
2019-09-24 02:23:02,139 [grpc-default-executor-7] INFO  impl.RoleInfo (RoleInfo.java:updateAndGet(143)) - 8a99bbfb-49a9-45e9-85c7-917445244762: start FollowerState
2019-09-24 02:23:02,139 [grpc-default-executor-1] INFO  server.GrpcLogAppender (GrpcLogAppender.java:onCompleted(293)) - 8a99bbfb-49a9-45e9-85c7-917445244762@group-6FB4E83B17BF->afd2474b-fc98-4bcf-8229-023d47ec65b0-AppendLogResponseHandler: follower responses appendEntries COMPLETED
2019-09-24 02:23:02,140 [grpc-default-executor-6] INFO  server.GrpcLogAppender (GrpcLogAppender.java:onCompleted(293)) - 8a99bbfb-49a9-45e9-85c7-917445244762@group-6FB4E83B17BF->54979dbf-d71a-4b3b-9687-e35aa22ddfbe-AppendLogResponseHandler: follower responses appendEntries COMPLETED
2019-09-24 02:23:02,146 [grpc-default-executor-6] INFO  impl.FollowerInfo (FollowerInfo.java:lambda$new$0(51)) - 8a99bbfb-49a9-45e9-85c7-917445244762@group-6FB4E83B17BF->54979dbf-d71a-4b3b-9687-e35aa22ddfbe: nextIndex: updateUnconditionally 1 -> 0
2019-09-24 02:23:02,146 [grpc-default-executor-1] INFO  impl.FollowerInfo (FollowerInfo.java:lambda$new$0(51)) - 8a99bbfb-49a9-45e9-85c7-917445244762@group-6FB4E83B17BF->afd2474b-fc98-4bcf-8229-023d47ec65b0: nextIndex: updateUnconditionally 1 -> 0
2019-09-24 02:23:03,094 [main] INFO  ipc.Client (Client.java:handleConnectionFailure(948)) - Retrying connect to server: localhost/127.0.0.1:0. Already tried 9 time(s); retry policy is RetryUpToMaximumCountWithFixedSleep(maxRetries=10, sleepTime=1000 MILLISECONDS)
2019-09-24 02:23:03,096 [main] INFO  retry.RetryInvocationHandler (RetryInvocationHandler.java:log(411)) - com.google.protobuf.ServiceException: java.net.ConnectException: Your endpoint configuration is wrong; For more details see:  http://wiki.apache.org/hadoop/UnsetHostnameOrPort, while invoking $Proxy35.submitRequest over nodeId=null,nodeAddress=127.0.0.1:0 after 4 failover attempts. Trying to failover immediately.
2019-09-24 02:23:03,178 [Thread-1007] INFO  impl.FollowerState (FollowerState.java:run(106)) - 8a99bbfb-49a9-45e9-85c7-917445244762:group-6FB4E83B17BF changes to CANDIDATE, lastRpcTime:1039, electionTimeout:1039ms
2019-09-24 02:23:03,179 [Thread-1007] INFO  impl.RoleInfo (RoleInfo.java:shutdownFollowerState(121)) - 8a99bbfb-49a9-45e9-85c7-917445244762: shutdown FollowerState
2019-09-24 02:23:03,179 [Thread-1007] INFO  impl.RaftServerImpl (RaftServerImpl.java:setRole(174)) - 8a99bbfb-49a9-45e9-85c7-917445244762@group-6FB4E83B17BF: changes role from  FOLLOWER to CANDIDATE at term 3 for changeToCandidate
2019-09-24 02:23:03,179 [Thread-1007] INFO  impl.RoleInfo (RoleInfo.java:updateAndGet(143)) - 8a99bbfb-49a9-45e9-85c7-917445244762: start LeaderElection
2019-09-24 02:23:03,197 [8a99bbfb-49a9-45e9-85c7-917445244762@group-6FB4E83B17BF:LeaderElection27] INFO  impl.LeaderElection (LeaderElection.java:askForVotes(182)) - 8a99bbfb-49a9-45e9-85c7-917445244762@group-6FB4E83B17BF:LeaderElection27: begin an election at term 4 for 0: [afd2474b-fc98-4bcf-8229-023d47ec65b0:192.168.151.121:41375, 54979dbf-d71a-4b3b-9687-e35aa22ddfbe:192.168.151.121:40767, 8a99bbfb-49a9-45e9-85c7-917445244762:192.168.151.121:36521], old=null
2019-09-24 02:23:03,207 [grpc-default-executor-0] INFO  impl.RaftServerImpl (RaftServerImpl.java:setRole(174)) - 54979dbf-d71a-4b3b-9687-e35aa22ddfbe@group-6FB4E83B17BF: changes role from  FOLLOWER to FOLLOWER at term 4 for recognizeCandidate:8a99bbfb-49a9-45e9-85c7-917445244762
2019-09-24 02:23:03,208 [grpc-default-executor-0] INFO  impl.RoleInfo (RoleInfo.java:shutdownFollowerState(121)) - 54979dbf-d71a-4b3b-9687-e35aa22ddfbe: shutdown FollowerState
2019-09-24 02:23:03,208 [grpc-default-executor-7] INFO  impl.RaftServerImpl (RaftServerImpl.java:setRole(174)) - afd2474b-fc98-4bcf-8229-023d47ec65b0@group-6FB4E83B17BF: changes role from  FOLLOWER to FOLLOWER at term 4 for recognizeCandidate:8a99bbfb-49a9-45e9-85c7-917445244762
2019-09-24 02:23:03,208 [Thread-1002] INFO  impl.FollowerState (FollowerState.java:run(115)) - 54979dbf-d71a-4b3b-9687-e35aa22ddfbe: FollowerState was interrupted: java.lang.InterruptedException: sleep interrupted
2019-09-24 02:23:03,208 [grpc-default-executor-7] INFO  impl.RoleInfo (RoleInfo.java:shutdownFollowerState(121)) - afd2474b-fc98-4bcf-8229-023d47ec65b0: shutdown FollowerState
2019-09-24 02:23:03,208 [grpc-default-executor-0] INFO  impl.RoleInfo (RoleInfo.java:updateAndGet(143)) - 54979dbf-d71a-4b3b-9687-e35aa22ddfbe: start FollowerState
2019-09-24 02:23:03,211 [Thread-1006] INFO  impl.FollowerState (FollowerState.java:run(115)) - afd2474b-fc98-4bcf-8229-023d47ec65b0: FollowerState was interrupted: java.lang.InterruptedException: sleep interrupted
2019-09-24 02:23:03,211 [grpc-default-executor-7] INFO  impl.RoleInfo (RoleInfo.java:updateAndGet(143)) - afd2474b-fc98-4bcf-8229-023d47ec65b0: start FollowerState
2019-09-24 02:23:03,233 [8a99bbfb-49a9-45e9-85c7-917445244762@group-6FB4E83B17BF:LeaderElection27] INFO  impl.LeaderElection (LeaderElection.java:logAndReturn(56)) - 8a99bbfb-49a9-45e9-85c7-917445244762@group-6FB4E83B17BF:LeaderElection27: Election PASSED; received 1 response(s) [8a99bbfb-49a9-45e9-85c7-917445244762<-afd2474b-fc98-4bcf-8229-023d47ec65b0#0:OK-t4] and 0 exception(s); 8a99bbfb-49a9-45e9-85c7-917445244762@group-6FB4E83B17BF:t4, leader=null, voted=8a99bbfb-49a9-45e9-85c7-917445244762, raftlog=8a99bbfb-49a9-45e9-85c7-917445244762@group-6FB4E83B17BF-SegmentedRaftLog:OPENED:c0,f0,i0, conf=0: [afd2474b-fc98-4bcf-8229-023d47ec65b0:192.168.151.121:41375, 54979dbf-d71a-4b3b-9687-e35aa22ddfbe:192.168.151.121:40767, 8a99bbfb-49a9-45e9-85c7-917445244762:192.168.151.121:36521], old=null
2019-09-24 02:23:03,233 [8a99bbfb-49a9-45e9-85c7-917445244762@group-6FB4E83B17BF:LeaderElection27] INFO  impl.RoleInfo (RoleInfo.java:shutdownLeaderElection(134)) - 8a99bbfb-49a9-45e9-85c7-917445244762: shutdown LeaderElection
2019-09-24 02:23:03,234 [8a99bbfb-49a9-45e9-85c7-917445244762@group-6FB4E83B17BF:LeaderElection27] INFO  impl.RaftServerImpl (RaftServerImpl.java:setRole(174)) - 8a99bbfb-49a9-45e9-85c7-917445244762@group-6FB4E83B17BF: changes role from CANDIDATE to LEADER at term 4 for changeToLeader
2019-09-24 02:23:03,234 [8a99bbfb-49a9-45e9-85c7-917445244762@group-6FB4E83B17BF:LeaderElection27] INFO  impl.RaftServerImpl (ServerState.java:setLeader(253)) - 8a99bbfb-49a9-45e9-85c7-917445244762@group-6FB4E83B17BF: change Leader from null to 8a99bbfb-49a9-45e9-85c7-917445244762 at term 4 for becomeLeader, leader elected after 1115ms
2019-09-24 02:23:03,234 [8a99bbfb-49a9-45e9-85c7-917445244762@group-6FB4E83B17BF:LeaderElection27] INFO  server.RaftServerConfigKeys (ConfUtils.java:logGet(43)) - raft.server.staging.catchup.gap = 1000 (default)
2019-09-24 02:23:03,234 [8a99bbfb-49a9-45e9-85c7-917445244762@group-6FB4E83B17BF:LeaderElection27] INFO  server.RaftServerConfigKeys (ConfUtils.java:logGet(43)) - raft.server.rpc.sleep.time = 25ms (default)
2019-09-24 02:23:03,234 [8a99bbfb-49a9-45e9-85c7-917445244762@group-6FB4E83B17BF:LeaderElection27] INFO  server.RaftServerConfigKeys (ConfUtils.java:logGet(43)) - raft.server.write.element-limit = 4096 (default)
2019-09-24 02:23:03,235 [8a99bbfb-49a9-45e9-85c7-917445244762@group-6FB4E83B17BF:LeaderElection27] INFO  server.RaftServerConfigKeys (ConfUtils.java:logGet(43)) - raft.server.watch.timeout = 10s (default)
2019-09-24 02:23:03,235 [8a99bbfb-49a9-45e9-85c7-917445244762@group-6FB4E83B17BF:LeaderElection27] INFO  server.RaftServerConfigKeys (ConfUtils.java:logGet(43)) - raft.server.watch.timeout.denomination = 1s (default)
2019-09-24 02:23:03,235 [8a99bbfb-49a9-45e9-85c7-917445244762@group-6FB4E83B17BF:LeaderElection27] INFO  server.RaftServerConfigKeys (ConfUtils.java:logGet(43)) - raft.server.watch.element-limit = 65536 (default)
2019-09-24 02:23:03,235 [8a99bbfb-49a9-45e9-85c7-917445244762@group-6FB4E83B17BF:LeaderElection27] INFO  server.RaftServerConfigKeys (ConfUtils.java:logGet(43)) - raft.server.log.appender.snapshot.chunk.size.max = 16MB (=16777216) (default)
2019-09-24 02:23:03,236 [8a99bbfb-49a9-45e9-85c7-917445244762@group-6FB4E83B17BF:LeaderElection27] INFO  server.RaftServerConfigKeys (ConfUtils.java:logGet(43)) - raft.server.log.appender.buffer.byte-limit = 33554432 (custom)
2019-09-24 02:23:03,236 [8a99bbfb-49a9-45e9-85c7-917445244762@group-6FB4E83B17BF:LeaderElection27] INFO  server.RaftServerConfigKeys (ConfUtils.java:logGet(43)) - raft.server.log.appender.buffer.element-limit = 1 (custom)
2019-09-24 02:23:03,236 [8a99bbfb-49a9-45e9-85c7-917445244762@group-6FB4E83B17BF:LeaderElection27] INFO  grpc.GrpcConfigKeys$Server (ConfUtils.java:logGet(43)) - raft.grpc.server.leader.outstanding.appends.max = 128 (default)
2019-09-24 02:23:03,236 [8a99bbfb-49a9-45e9-85c7-917445244762@group-6FB4E83B17BF:LeaderElection27] INFO  server.RaftServerConfigKeys (ConfUtils.java:logGet(43)) - raft.server.rpc.request.timeout = 3000ms (default)
2019-09-24 02:23:03,236 [8a99bbfb-49a9-45e9-85c7-917445244762@group-6FB4E83B17BF:LeaderElection27] INFO  server.RaftServerConfigKeys (ConfUtils.java:logGet(43)) - raft.server.log.appender.install.snapshot.enabled = false (custom)
2019-09-24 02:23:03,237 [8a99bbfb-49a9-45e9-85c7-917445244762@group-6FB4E83B17BF:LeaderElection27] INFO  server.RaftServerConfigKeys (ConfUtils.java:logGet(43)) - raft.server.log.appender.snapshot.chunk.size.max = 16MB (=16777216) (default)
2019-09-24 02:23:03,237 [8a99bbfb-49a9-45e9-85c7-917445244762@group-6FB4E83B17BF:LeaderElection27] INFO  server.RaftServerConfigKeys (ConfUtils.java:logGet(43)) - raft.server.log.appender.buffer.byte-limit = 33554432 (custom)
2019-09-24 02:23:03,237 [8a99bbfb-49a9-45e9-85c7-917445244762@group-6FB4E83B17BF:LeaderElection27] INFO  server.RaftServerConfigKeys (ConfUtils.java:logGet(43)) - raft.server.log.appender.buffer.element-limit = 1 (custom)
2019-09-24 02:23:03,237 [8a99bbfb-49a9-45e9-85c7-917445244762@group-6FB4E83B17BF:LeaderElection27] INFO  grpc.GrpcConfigKeys$Server (ConfUtils.java:logGet(43)) - raft.grpc.server.leader.outstanding.appends.max = 128 (default)
2019-09-24 02:23:03,237 [8a99bbfb-49a9-45e9-85c7-917445244762@group-6FB4E83B17BF:LeaderElection27] INFO  server.RaftServerConfigKeys (ConfUtils.java:logGet(43)) - raft.server.rpc.request.timeout = 3000ms (default)
2019-09-24 02:23:03,238 [8a99bbfb-49a9-45e9-85c7-917445244762@group-6FB4E83B17BF:LeaderElection27] INFO  server.RaftServerConfigKeys (ConfUtils.java:logGet(43)) - raft.server.log.appender.install.snapshot.enabled = false (custom)
2019-09-24 02:23:03,238 [8a99bbfb-49a9-45e9-85c7-917445244762@group-6FB4E83B17BF:LeaderElection27] INFO  impl.RoleInfo (RoleInfo.java:updateAndGet(143)) - 8a99bbfb-49a9-45e9-85c7-917445244762: start LeaderState
2019-09-24 02:23:03,240 [8a99bbfb-49a9-45e9-85c7-917445244762@group-6FB4E83B17BF:LeaderElection27] INFO  segmented.SegmentedRaftLogWorker (SegmentedRaftLogWorker.java:rollLogSegment(385)) - 8a99bbfb-49a9-45e9-85c7-917445244762@group-6FB4E83B17BF-SegmentedRaftLogWorker: Rolling segment log-0_0 to index:0
2019-09-24 02:23:03,243 [8a99bbfb-49a9-45e9-85c7-917445244762@group-6FB4E83B17BF-SegmentedRaftLogWorker] INFO  segmented.SegmentedRaftLogWorker (SegmentedRaftLogWorker.java:execute(526)) - 8a99bbfb-49a9-45e9-85c7-917445244762@group-6FB4E83B17BF-SegmentedRaftLogWorker: Rolled log segment from /workdir/hadoop-ozone/integration-test/target/test-dir/MiniOzoneClusterImpl-de332c24-5f7d-4363-8764-5335807553b9/datanode-5/data/ratis/9cb6fe3e-19f1-46bf-a361-6fb4e83b17bf/current/log_inprogress_0 to /workdir/hadoop-ozone/integration-test/target/test-dir/MiniOzoneClusterImpl-de332c24-5f7d-4363-8764-5335807553b9/datanode-5/data/ratis/9cb6fe3e-19f1-46bf-a361-6fb4e83b17bf/current/log_0-0
2019-09-24 02:23:03,257 [8a99bbfb-49a9-45e9-85c7-917445244762@group-6FB4E83B17BF:LeaderElection27] INFO  impl.RaftServerImpl (ServerState.java:setRaftConf(354)) - 8a99bbfb-49a9-45e9-85c7-917445244762@group-6FB4E83B17BF: set configuration 1: [afd2474b-fc98-4bcf-8229-023d47ec65b0:192.168.151.121:41375, 54979dbf-d71a-4b3b-9687-e35aa22ddfbe:192.168.151.121:40767, 8a99bbfb-49a9-45e9-85c7-917445244762:192.168.151.121:36521], old=null at 1
2019-09-24 02:23:03,293 [grpc-default-executor-7] INFO  impl.RaftServerImpl (ServerState.java:setLeader(253)) - afd2474b-fc98-4bcf-8229-023d47ec65b0@group-6FB4E83B17BF: change Leader from null to 8a99bbfb-49a9-45e9-85c7-917445244762 at term 4 for appendEntries, leader elected after 1174ms
2019-09-24 02:23:03,293 [grpc-default-executor-0] INFO  impl.RaftServerImpl (ServerState.java:setLeader(253)) - 54979dbf-d71a-4b3b-9687-e35aa22ddfbe@group-6FB4E83B17BF: change Leader from null to 8a99bbfb-49a9-45e9-85c7-917445244762 at term 4 for appendEntries, leader elected after 1193ms
2019-09-24 02:23:03,307 [8a99bbfb-49a9-45e9-85c7-917445244762@group-6FB4E83B17BF-SegmentedRaftLogWorker] INFO  segmented.SegmentedRaftLogWorker (SegmentedRaftLogWorker.java:execute(569)) - 8a99bbfb-49a9-45e9-85c7-917445244762@group-6FB4E83B17BF-SegmentedRaftLogWorker: created new log segment /workdir/hadoop-ozone/integration-test/target/test-dir/MiniOzoneClusterImpl-de332c24-5f7d-4363-8764-5335807553b9/datanode-5/data/ratis/9cb6fe3e-19f1-46bf-a361-6fb4e83b17bf/current/log_inprogress_1
2019-09-24 02:23:03,308 [grpc-default-executor-7] INFO  impl.RaftServerImpl (ServerState.java:setRaftConf(354)) - 54979dbf-d71a-4b3b-9687-e35aa22ddfbe@group-6FB4E83B17BF: set configuration 1: [afd2474b-fc98-4bcf-8229-023d47ec65b0:192.168.151.121:41375, 54979dbf-d71a-4b3b-9687-e35aa22ddfbe:192.168.151.121:40767, 8a99bbfb-49a9-45e9-85c7-917445244762:192.168.151.121:36521], old=null at 1
2019-09-24 02:23:03,308 [grpc-default-executor-0] INFO  impl.RaftServerImpl (ServerState.java:setRaftConf(354)) - afd2474b-fc98-4bcf-8229-023d47ec65b0@group-6FB4E83B17BF: set configuration 1: [afd2474b-fc98-4bcf-8229-023d47ec65b0:192.168.151.121:41375, 54979dbf-d71a-4b3b-9687-e35aa22ddfbe:192.168.151.121:40767, 8a99bbfb-49a9-45e9-85c7-917445244762:192.168.151.121:36521], old=null at 1
2019-09-24 02:23:03,309 [grpc-default-executor-7] INFO  segmented.SegmentedRaftLogWorker (SegmentedRaftLogWorker.java:rollLogSegment(385)) - 54979dbf-d71a-4b3b-9687-e35aa22ddfbe@group-6FB4E83B17BF-SegmentedRaftLogWorker: Rolling segment log-0_0 to index:0
2019-09-24 02:23:03,309 [grpc-default-executor-0] INFO  segmented.SegmentedRaftLogWorker (SegmentedRaftLogWorker.java:rollLogSegment(385)) - afd2474b-fc98-4bcf-8229-023d47ec65b0@group-6FB4E83B17BF-SegmentedRaftLogWorker: Rolling segment log-0_0 to index:0
2019-09-24 02:23:03,309 [54979dbf-d71a-4b3b-9687-e35aa22ddfbe@group-6FB4E83B17BF-SegmentedRaftLogWorker] INFO  segmented.SegmentedRaftLogWorker (SegmentedRaftLogWorker.java:execute(526)) - 54979dbf-d71a-4b3b-9687-e35aa22ddfbe@group-6FB4E83B17BF-SegmentedRaftLogWorker: Rolled log segment from /workdir/hadoop-ozone/integration-test/target/test-dir/MiniOzoneClusterImpl-de332c24-5f7d-4363-8764-5335807553b9/datanode-4/data/ratis/9cb6fe3e-19f1-46bf-a361-6fb4e83b17bf/current/log_inprogress_0 to /workdir/hadoop-ozone/integration-test/target/test-dir/MiniOzoneClusterImpl-de332c24-5f7d-4363-8764-5335807553b9/datanode-4/data/ratis/9cb6fe3e-19f1-46bf-a361-6fb4e83b17bf/current/log_0-0
2019-09-24 02:23:03,310 [afd2474b-fc98-4bcf-8229-023d47ec65b0@group-6FB4E83B17BF-SegmentedRaftLogWorker] INFO  segmented.SegmentedRaftLogWorker (SegmentedRaftLogWorker.java:execute(526)) - afd2474b-fc98-4bcf-8229-023d47ec65b0@group-6FB4E83B17BF-SegmentedRaftLogWorker: Rolled log segment from /workdir/hadoop-ozone/integration-test/target/test-dir/MiniOzoneClusterImpl-de332c24-5f7d-4363-8764-5335807553b9/datanode-7/data/ratis/9cb6fe3e-19f1-46bf-a361-6fb4e83b17bf/current/log_inprogress_0 to /workdir/hadoop-ozone/integration-test/target/test-dir/MiniOzoneClusterImpl-de332c24-5f7d-4363-8764-5335807553b9/datanode-7/data/ratis/9cb6fe3e-19f1-46bf-a361-6fb4e83b17bf/current/log_0-0
2019-09-24 02:23:03,347 [afd2474b-fc98-4bcf-8229-023d47ec65b0@group-6FB4E83B17BF-SegmentedRaftLogWorker] INFO  segmented.SegmentedRaftLogWorker (SegmentedRaftLogWorker.java:execute(569)) - afd2474b-fc98-4bcf-8229-023d47ec65b0@group-6FB4E83B17BF-SegmentedRaftLogWorker: created new log segment /workdir/hadoop-ozone/integration-test/target/test-dir/MiniOzoneClusterImpl-de332c24-5f7d-4363-8764-5335807553b9/datanode-7/data/ratis/9cb6fe3e-19f1-46bf-a361-6fb4e83b17bf/current/log_inprogress_1
2019-09-24 02:23:03,347 [54979dbf-d71a-4b3b-9687-e35aa22ddfbe@group-6FB4E83B17BF-SegmentedRaftLogWorker] INFO  segmented.SegmentedRaftLogWorker (SegmentedRaftLogWorker.java:execute(569)) - 54979dbf-d71a-4b3b-9687-e35aa22ddfbe@group-6FB4E83B17BF-SegmentedRaftLogWorker: created new log segment /workdir/hadoop-ozone/integration-test/target/test-dir/MiniOzoneClusterImpl-de332c24-5f7d-4363-8764-5335807553b9/datanode-4/data/ratis/9cb6fe3e-19f1-46bf-a361-6fb4e83b17bf/current/log_inprogress_1
2019-09-24 02:23:04,097 [main] INFO  ipc.Client (Client.java:handleConnectionFailure(948)) - Retrying connect to server: localhost/127.0.0.1:0. Already tried 0 time(s); retry policy is RetryUpToMaximumCountWithFixedSleep(maxRetries=10, sleepTime=1000 MILLISECONDS)
2019-09-24 02:23:05,098 [main] INFO  ipc.Client (Client.java:handleConnectionFailure(948)) - Retrying connect to server: localhost/127.0.0.1:0. Already tried 1 time(s); retry policy is RetryUpToMaximumCountWithFixedSleep(maxRetries=10, sleepTime=1000 MILLISECONDS)
2019-09-24 02:23:06,099 [main] INFO  ipc.Client (Client.java:handleConnectionFailure(948)) - Retrying connect to server: localhost/127.0.0.1:0. Already tried 2 time(s); retry policy is RetryUpToMaximumCountWithFixedSleep(maxRetries=10, sleepTime=1000 MILLISECONDS)
2019-09-24 02:23:07,101 [main] INFO  ipc.Client (Client.java:handleConnectionFailure(948)) - Retrying connect to server: localhost/127.0.0.1:0. Already tried 3 time(s); retry policy is RetryUpToMaximumCountWithFixedSleep(maxRetries=10, sleepTime=1000 MILLISECONDS)
2019-09-24 02:23:08,102 [main] INFO  ipc.Client (Client.java:handleConnectionFailure(948)) - Retrying connect to server: localhost/127.0.0.1:0. Already tried 4 time(s); retry policy is RetryUpToMaximumCountWithFixedSleep(maxRetries=10, sleepTime=1000 MILLISECONDS)
2019-09-24 02:23:09,103 [main] INFO  ipc.Client (Client.java:handleConnectionFailure(948)) - Retrying connect to server: localhost/127.0.0.1:0. Already tried 5 time(s); retry policy is RetryUpToMaximumCountWithFixedSleep(maxRetries=10, sleepTime=1000 MILLISECONDS)
2019-09-24 02:23:10,104 [main] INFO  ipc.Client (Client.java:handleConnectionFailure(948)) - Retrying connect to server: localhost/127.0.0.1:0. Already tried 6 time(s); retry policy is RetryUpToMaximumCountWithFixedSleep(maxRetries=10, sleepTime=1000 MILLISECONDS)
2019-09-24 02:23:11,106 [main] INFO  ipc.Client (Client.java:handleConnectionFailure(948)) - Retrying connect to server: localhost/127.0.0.1:0. Already tried 7 time(s); retry policy is RetryUpToMaximumCountWithFixedSleep(maxRetries=10, sleepTime=1000 MILLISECONDS)
2019-09-24 02:23:12,107 [main] INFO  ipc.Client (Client.java:handleConnectionFailure(948)) - Retrying connect to server: localhost/127.0.0.1:0. Already tried 8 time(s); retry policy is RetryUpToMaximumCountWithFixedSleep(maxRetries=10, sleepTime=1000 MILLISECONDS)
2019-09-24 02:23:13,109 [main] INFO  ipc.Client (Client.java:handleConnectionFailure(948)) - Retrying connect to server: localhost/127.0.0.1:0. Already tried 9 time(s); retry policy is RetryUpToMaximumCountWithFixedSleep(maxRetries=10, sleepTime=1000 MILLISECONDS)
2019-09-24 02:23:13,110 [main] INFO  retry.RetryInvocationHandler (RetryInvocationHandler.java:log(411)) - com.google.protobuf.ServiceException: java.net.ConnectException: Your endpoint configuration is wrong; For more details see:  http://wiki.apache.org/hadoop/UnsetHostnameOrPort, while invoking $Proxy35.submitRequest over nodeId=null,nodeAddress=127.0.0.1:0 after 5 failover attempts. Trying to failover immediately.
2019-09-24 02:23:14,112 [main] INFO  ipc.Client (Client.java:handleConnectionFailure(948)) - Retrying connect to server: localhost/127.0.0.1:0. Already tried 0 time(s); retry policy is RetryUpToMaximumCountWithFixedSleep(maxRetries=10, sleepTime=1000 MILLISECONDS)
2019-09-24 02:23:15,113 [main] INFO  ipc.Client (Client.java:handleConnectionFailure(948)) - Retrying connect to server: localhost/127.0.0.1:0. Already tried 1 time(s); retry policy is RetryUpToMaximumCountWithFixedSleep(maxRetries=10, sleepTime=1000 MILLISECONDS)
2019-09-24 02:23:16,114 [main] INFO  ipc.Client (Client.java:handleConnectionFailure(948)) - Retrying connect to server: localhost/127.0.0.1:0. Already tried 2 time(s); retry policy is RetryUpToMaximumCountWithFixedSleep(maxRetries=10, sleepTime=1000 MILLISECONDS)
2019-09-24 02:23:17,116 [main] INFO  ipc.Client (Client.java:handleConnectionFailure(948)) - Retrying connect to server: localhost/127.0.0.1:0. Already tried 3 time(s); retry policy is RetryUpToMaximumCountWithFixedSleep(maxRetries=10, sleepTime=1000 MILLISECONDS)
2019-09-24 02:23:18,117 [main] INFO  ipc.Client (Client.java:handleConnectionFailure(948)) - Retrying connect to server: localhost/127.0.0.1:0. Already tried 4 time(s); retry policy is RetryUpToMaximumCountWithFixedSleep(maxRetries=10, sleepTime=1000 MILLISECONDS)
2019-09-24 02:23:19,119 [main] INFO  ipc.Client (Client.java:handleConnectionFailure(948)) - Retrying connect to server: localhost/127.0.0.1:0. Already tried 5 time(s); retry policy is RetryUpToMaximumCountWithFixedSleep(maxRetries=10, sleepTime=1000 MILLISECONDS)
2019-09-24 02:23:20,120 [main] INFO  ipc.Client (Client.java:handleConnectionFailure(948)) - Retrying connect to server: localhost/127.0.0.1:0. Already tried 6 time(s); retry policy is RetryUpToMaximumCountWithFixedSleep(maxRetries=10, sleepTime=1000 MILLISECONDS)
2019-09-24 02:23:21,123 [main] INFO  ipc.Client (Client.java:handleConnectionFailure(948)) - Retrying connect to server: localhost/127.0.0.1:0. Already tried 7 time(s); retry policy is RetryUpToMaximumCountWithFixedSleep(maxRetries=10, sleepTime=1000 MILLISECONDS)
2019-09-24 02:23:22,125 [main] INFO  ipc.Client (Client.java:handleConnectionFailure(948)) - Retrying connect to server: localhost/127.0.0.1:0. Already tried 8 time(s); retry policy is RetryUpToMaximumCountWithFixedSleep(maxRetries=10, sleepTime=1000 MILLISECONDS)
2019-09-24 02:23:23,127 [main] INFO  ipc.Client (Client.java:handleConnectionFailure(948)) - Retrying connect to server: localhost/127.0.0.1:0. Already tried 9 time(s); retry policy is RetryUpToMaximumCountWithFixedSleep(maxRetries=10, sleepTime=1000 MILLISECONDS)
2019-09-24 02:23:23,130 [main] INFO  retry.RetryInvocationHandler (RetryInvocationHandler.java:log(411)) - com.google.protobuf.ServiceException: java.net.ConnectException: Your endpoint configuration is wrong; For more details see:  http://wiki.apache.org/hadoop/UnsetHostnameOrPort, while invoking $Proxy35.submitRequest over nodeId=null,nodeAddress=127.0.0.1:0 after 6 failover attempts. Trying to failover immediately.
2019-09-24 02:23:24,132 [main] INFO  ipc.Client (Client.java:handleConnectionFailure(948)) - Retrying connect to server: localhost/127.0.0.1:0. Already tried 0 time(s); retry policy is RetryUpToMaximumCountWithFixedSleep(maxRetries=10, sleepTime=1000 MILLISECONDS)
2019-09-24 02:23:25,133 [main] INFO  ipc.Client (Client.java:handleConnectionFailure(948)) - Retrying connect to server: localhost/127.0.0.1:0. Already tried 1 time(s); retry policy is RetryUpToMaximumCountWithFixedSleep(maxRetries=10, sleepTime=1000 MILLISECONDS)
2019-09-24 02:23:26,135 [main] INFO  ipc.Client (Client.java:handleConnectionFailure(948)) - Retrying connect to server: localhost/127.0.0.1:0. Already tried 2 time(s); retry policy is RetryUpToMaximumCountWithFixedSleep(maxRetries=10, sleepTime=1000 MILLISECONDS)
2019-09-24 02:23:27,136 [main] INFO  ipc.Client (Client.java:handleConnectionFailure(948)) - Retrying connect to server: localhost/127.0.0.1:0. Already tried 3 time(s); retry policy is RetryUpToMaximumCountWithFixedSleep(maxRetries=10, sleepTime=1000 MILLISECONDS)
2019-09-24 02:23:28,137 [main] INFO  ipc.Client (Client.java:handleConnectionFailure(948)) - Retrying connect to server: localhost/127.0.0.1:0. Already tried 4 time(s); retry policy is RetryUpToMaximumCountWithFixedSleep(maxRetries=10, sleepTime=1000 MILLISECONDS)
2019-09-24 02:23:29,138 [main] INFO  ipc.Client (Client.java:handleConnectionFailure(948)) - Retrying connect to server: localhost/127.0.0.1:0. Already tried 5 time(s); retry policy is RetryUpToMaximumCountWithFixedSleep(maxRetries=10, sleepTime=1000 MILLISECONDS)
2019-09-24 02:23:30,140 [main] INFO  ipc.Client (Client.java:handleConnectionFailure(948)) - Retrying connect to server: localhost/127.0.0.1:0. Already tried 6 time(s); retry policy is RetryUpToMaximumCountWithFixedSleep(maxRetries=10, sleepTime=1000 MILLISECONDS)
2019-09-24 02:23:31,141 [main] INFO  ipc.Client (Client.java:handleConnectionFailure(948)) - Retrying connect to server: localhost/127.0.0.1:0. Already tried 7 time(s); retry policy is RetryUpToMaximumCountWithFixedSleep(maxRetries=10, sleepTime=1000 MILLISECONDS)
2019-09-24 02:23:32,142 [main] INFO  ipc.Client (Client.java:handleConnectionFailure(948)) - Retrying connect to server: localhost/127.0.0.1:0. Already tried 8 time(s); retry policy is RetryUpToMaximumCountWithFixedSleep(maxRetries=10, sleepTime=1000 MILLISECONDS)
2019-09-24 02:23:33,143 [main] INFO  ipc.Client (Client.java:handleConnectionFailure(948)) - Retrying connect to server: localhost/127.0.0.1:0. Already tried 9 time(s); retry policy is RetryUpToMaximumCountWithFixedSleep(maxRetries=10, sleepTime=1000 MILLISECONDS)
2019-09-24 02:23:33,145 [main] INFO  retry.RetryInvocationHandler (RetryInvocationHandler.java:log(411)) - com.google.protobuf.ServiceException: java.net.ConnectException: Your endpoint configuration is wrong; For more details see:  http://wiki.apache.org/hadoop/UnsetHostnameOrPort, while invoking $Proxy35.submitRequest over nodeId=null,nodeAddress=127.0.0.1:0 after 7 failover attempts. Trying to failover immediately.
2019-09-24 02:23:34,146 [main] INFO  ipc.Client (Client.java:handleConnectionFailure(948)) - Retrying connect to server: localhost/127.0.0.1:0. Already tried 0 time(s); retry policy is RetryUpToMaximumCountWithFixedSleep(maxRetries=10, sleepTime=1000 MILLISECONDS)
2019-09-24 02:23:35,147 [main] INFO  ipc.Client (Client.java:handleConnectionFailure(948)) - Retrying connect to server: localhost/127.0.0.1:0. Already tried 1 time(s); retry policy is RetryUpToMaximumCountWithFixedSleep(maxRetries=10, sleepTime=1000 MILLISECONDS)
2019-09-24 02:23:36,149 [main] INFO  ipc.Client (Client.java:handleConnectionFailure(948)) - Retrying connect to server: localhost/127.0.0.1:0. Already tried 2 time(s); retry policy is RetryUpToMaximumCountWithFixedSleep(maxRetries=10, sleepTime=1000 MILLISECONDS)
2019-09-24 02:23:37,152 [main] INFO  ipc.Client (Client.java:handleConnectionFailure(948)) - Retrying connect to server: localhost/127.0.0.1:0. Already tried 3 time(s); retry policy is RetryUpToMaximumCountWithFixedSleep(maxRetries=10, sleepTime=1000 MILLISECONDS)
2019-09-24 02:23:38,153 [main] INFO  ipc.Client (Client.java:handleConnectionFailure(948)) - Retrying connect to server: localhost/127.0.0.1:0. Already tried 4 time(s); retry policy is RetryUpToMaximumCountWithFixedSleep(maxRetries=10, sleepTime=1000 MILLISECONDS)
2019-09-24 02:23:39,154 [main] INFO  ipc.Client (Client.java:handleConnectionFailure(948)) - Retrying connect to server: localhost/127.0.0.1:0. Already tried 5 time(s); retry policy is RetryUpToMaximumCountWithFixedSleep(maxRetries=10, sleepTime=1000 MILLISECONDS)
2019-09-24 02:23:40,155 [main] INFO  ipc.Client (Client.java:handleConnectionFailure(948)) - Retrying connect to server: localhost/127.0.0.1:0. Already tried 6 time(s); retry policy is RetryUpToMaximumCountWithFixedSleep(maxRetries=10, sleepTime=1000 MILLISECONDS)
2019-09-24 02:23:41,156 [main] INFO  ipc.Client (Client.java:handleConnectionFailure(948)) - Retrying connect to server: localhost/127.0.0.1:0. Already tried 7 time(s); retry policy is RetryUpToMaximumCountWithFixedSleep(maxRetries=10, sleepTime=1000 MILLISECONDS)
2019-09-24 02:23:42,157 [main] INFO  ipc.Client (Client.java:handleConnectionFailure(948)) - Retrying connect to server: localhost/127.0.0.1:0. Already tried 8 time(s); retry policy is RetryUpToMaximumCountWithFixedSleep(maxRetries=10, sleepTime=1000 MILLISECONDS)
2019-09-24 02:23:43,158 [main] INFO  ipc.Client (Client.java:handleConnectionFailure(948)) - Retrying connect to server: localhost/127.0.0.1:0. Already tried 9 time(s); retry policy is RetryUpToMaximumCountWithFixedSleep(maxRetries=10, sleepTime=1000 MILLISECONDS)
2019-09-24 02:23:43,160 [main] INFO  retry.RetryInvocationHandler (RetryInvocationHandler.java:log(411)) - com.google.protobuf.ServiceException: java.net.ConnectException: Your endpoint configuration is wrong; For more details see:  http://wiki.apache.org/hadoop/UnsetHostnameOrPort, while invoking $Proxy35.submitRequest over nodeId=null,nodeAddress=127.0.0.1:0 after 8 failover attempts. Trying to failover immediately.
2019-09-24 02:23:44,161 [main] INFO  ipc.Client (Client.java:handleConnectionFailure(948)) - Retrying connect to server: localhost/127.0.0.1:0. Already tried 0 time(s); retry policy is RetryUpToMaximumCountWithFixedSleep(maxRetries=10, sleepTime=1000 MILLISECONDS)
2019-09-24 02:23:45,162 [main] INFO  ipc.Client (Client.java:handleConnectionFailure(948)) - Retrying connect to server: localhost/127.0.0.1:0. Already tried 1 time(s); retry policy is RetryUpToMaximumCountWithFixedSleep(maxRetries=10, sleepTime=1000 MILLISECONDS)
2019-09-24 02:23:46,163 [main] INFO  ipc.Client (Client.java:handleConnectionFailure(948)) - Retrying connect to server: localhost/127.0.0.1:0. Already tried 2 time(s); retry policy is RetryUpToMaximumCountWithFixedSleep(maxRetries=10, sleepTime=1000 MILLISECONDS)
2019-09-24 02:23:47,164 [main] INFO  ipc.Client (Client.java:handleConnectionFailure(948)) - Retrying connect to server: localhost/127.0.0.1:0. Already tried 3 time(s); retry policy is RetryUpToMaximumCountWithFixedSleep(maxRetries=10, sleepTime=1000 MILLISECONDS)
2019-09-24 02:23:48,166 [main] INFO  ipc.Client (Client.java:handleConnectionFailure(948)) - Retrying connect to server: localhost/127.0.0.1:0. Already tried 4 time(s); retry policy is RetryUpToMaximumCountWithFixedSleep(maxRetries=10, sleepTime=1000 MILLISECONDS)
2019-09-24 02:23:49,167 [main] INFO  ipc.Client (Client.java:handleConnectionFailure(948)) - Retrying connect to server: localhost/127.0.0.1:0. Already tried 5 time(s); retry policy is RetryUpToMaximumCountWithFixedSleep(maxRetries=10, sleepTime=1000 MILLISECONDS)
2019-09-24 02:23:50,169 [main] INFO  ipc.Client (Client.java:handleConnectionFailure(948)) - Retrying connect to server: localhost/127.0.0.1:0. Already tried 6 time(s); retry policy is RetryUpToMaximumCountWithFixedSleep(maxRetries=10, sleepTime=1000 MILLISECONDS)
2019-09-24 02:23:51,170 [main] INFO  ipc.Client (Client.java:handleConnectionFailure(948)) - Retrying connect to server: localhost/127.0.0.1:0. Already tried 7 time(s); retry policy is RetryUpToMaximumCountWithFixedSleep(maxRetries=10, sleepTime=1000 MILLISECONDS)
2019-09-24 02:23:52,171 [main] INFO  ipc.Client (Client.java:handleConnectionFailure(948)) - Retrying connect to server: localhost/127.0.0.1:0. Already tried 8 time(s); retry policy is RetryUpToMaximumCountWithFixedSleep(maxRetries=10, sleepTime=1000 MILLISECONDS)
2019-09-24 02:23:53,173 [main] INFO  ipc.Client (Client.java:handleConnectionFailure(948)) - Retrying connect to server: localhost/127.0.0.1:0. Already tried 9 time(s); retry policy is RetryUpToMaximumCountWithFixedSleep(maxRetries=10, sleepTime=1000 MILLISECONDS)
2019-09-24 02:23:53,175 [main] INFO  retry.RetryInvocationHandler (RetryInvocationHandler.java:log(411)) - com.google.protobuf.ServiceException: java.net.ConnectException: Your endpoint configuration is wrong; For more details see:  http://wiki.apache.org/hadoop/UnsetHostnameOrPort, while invoking $Proxy35.submitRequest over nodeId=null,nodeAddress=127.0.0.1:0 after 9 failover attempts. Trying to failover immediately.
2019-09-24 02:23:54,176 [main] INFO  ipc.Client (Client.java:handleConnectionFailure(948)) - Retrying connect to server: localhost/127.0.0.1:0. Already tried 0 time(s); retry policy is RetryUpToMaximumCountWithFixedSleep(maxRetries=10, sleepTime=1000 MILLISECONDS)
2019-09-24 02:23:55,177 [main] INFO  ipc.Client (Client.java:handleConnectionFailure(948)) - Retrying connect to server: localhost/127.0.0.1:0. Already tried 1 time(s); retry policy is RetryUpToMaximumCountWithFixedSleep(maxRetries=10, sleepTime=1000 MILLISECONDS)
2019-09-24 02:23:56,178 [main] INFO  ipc.Client (Client.java:handleConnectionFailure(948)) - Retrying connect to server: localhost/127.0.0.1:0. Already tried 2 time(s); retry policy is RetryUpToMaximumCountWithFixedSleep(maxRetries=10, sleepTime=1000 MILLISECONDS)
2019-09-24 02:23:57,179 [main] INFO  ipc.Client (Client.java:handleConnectionFailure(948)) - Retrying connect to server: localhost/127.0.0.1:0. Already tried 3 time(s); retry policy is RetryUpToMaximumCountWithFixedSleep(maxRetries=10, sleepTime=1000 MILLISECONDS)
2019-09-24 02:23:58,181 [main] INFO  ipc.Client (Client.java:handleConnectionFailure(948)) - Retrying connect to server: localhost/127.0.0.1:0. Already tried 4 time(s); retry policy is RetryUpToMaximumCountWithFixedSleep(maxRetries=10, sleepTime=1000 MILLISECONDS)
2019-09-24 02:23:59,182 [main] INFO  ipc.Client (Client.java:handleConnectionFailure(948)) - Retrying connect to server: localhost/127.0.0.1:0. Already tried 5 time(s); retry policy is RetryUpToMaximumCountWithFixedSleep(maxRetries=10, sleepTime=1000 MILLISECONDS)
2019-09-24 02:24:00,183 [main] INFO  ipc.Client (Client.java:handleConnectionFailure(948)) - Retrying connect to server: localhost/127.0.0.1:0. Already tried 6 time(s); retry policy is RetryUpToMaximumCountWithFixedSleep(maxRetries=10, sleepTime=1000 MILLISECONDS)
2019-09-24 02:24:01,184 [main] INFO  ipc.Client (Client.java:handleConnectionFailure(948)) - Retrying connect to server: localhost/127.0.0.1:0. Already tried 7 time(s); retry policy is RetryUpToMaximumCountWithFixedSleep(maxRetries=10, sleepTime=1000 MILLISECONDS)
2019-09-24 02:24:02,185 [main] INFO  ipc.Client (Client.java:handleConnectionFailure(948)) - Retrying connect to server: localhost/127.0.0.1:0. Already tried 8 time(s); retry policy is RetryUpToMaximumCountWithFixedSleep(maxRetries=10, sleepTime=1000 MILLISECONDS)
2019-09-24 02:24:03,187 [main] INFO  ipc.Client (Client.java:handleConnectionFailure(948)) - Retrying connect to server: localhost/127.0.0.1:0. Already tried 9 time(s); retry policy is RetryUpToMaximumCountWithFixedSleep(maxRetries=10, sleepTime=1000 MILLISECONDS)
2019-09-24 02:24:03,188 [main] ERROR ha.OMFailoverProxyProvider (OzoneManagerProtocolClientSideTranslatorPB.java:getRetryAction(268)) - Failed to connect to OM. Attempted 10 retries and 10 failovers
2019-09-24 02:24:03,192 [main] ERROR client.OzoneClientFactory (OzoneClientFactory.java:getClientProtocol(259)) - Couldn't create RpcClient protocol exception: 
java.net.ConnectException: Your endpoint configuration is wrong; For more details see:  http://wiki.apache.org/hadoop/UnsetHostnameOrPort
	at sun.reflect.NativeConstructorAccessorImpl.newInstance0(Native Method)
	at sun.reflect.NativeConstructorAccessorImpl.newInstance(NativeConstructorAccessorImpl.java:62)
	at sun.reflect.DelegatingConstructorAccessorImpl.newInstance(DelegatingConstructorAccessorImpl.java:45)
	at java.lang.reflect.Constructor.newInstance(Constructor.java:423)
	at org.apache.hadoop.net.NetUtils.wrapWithMessage(NetUtils.java:831)
	at org.apache.hadoop.net.NetUtils.wrapException(NetUtils.java:751)
	at org.apache.hadoop.ipc.Client.getRpcResponse(Client.java:1515)
	at org.apache.hadoop.ipc.Client.call(Client.java:1457)
	at org.apache.hadoop.ipc.Client.call(Client.java:1367)
	at org.apache.hadoop.ipc.ProtobufRpcEngine$Invoker.invoke(ProtobufRpcEngine.java:228)
	at org.apache.hadoop.ipc.ProtobufRpcEngine$Invoker.invoke(ProtobufRpcEngine.java:116)
	at com.sun.proxy.$Proxy35.submitRequest(Unknown Source)
	at sun.reflect.NativeMethodAccessorImpl.invoke0(Native Method)
	at sun.reflect.NativeMethodAccessorImpl.invoke(NativeMethodAccessorImpl.java:62)
	at sun.reflect.DelegatingMethodAccessorImpl.invoke(DelegatingMethodAccessorImpl.java:43)
	at java.lang.reflect.Method.invoke(Method.java:498)
	at org.apache.hadoop.io.retry.RetryInvocationHandler.invokeMethod(RetryInvocationHandler.java:422)
	at org.apache.hadoop.io.retry.RetryInvocationHandler$Call.invokeMethod(RetryInvocationHandler.java:165)
	at org.apache.hadoop.io.retry.RetryInvocationHandler$Call.invoke(RetryInvocationHandler.java:157)
	at org.apache.hadoop.io.retry.RetryInvocationHandler$Call.invokeOnce(RetryInvocationHandler.java:95)
	at org.apache.hadoop.io.retry.RetryInvocationHandler.invoke(RetryInvocationHandler.java:359)
	at com.sun.proxy.$Proxy35.submitRequest(Unknown Source)
	at org.apache.hadoop.ozone.om.protocolPB.OzoneManagerProtocolClientSideTranslatorPB.submitRequest(OzoneManagerProtocolClientSideTranslatorPB.java:338)
	at org.apache.hadoop.ozone.om.protocolPB.OzoneManagerProtocolClientSideTranslatorPB.getServiceInfo(OzoneManagerProtocolClientSideTranslatorPB.java:1223)
	at sun.reflect.NativeMethodAccessorImpl.invoke0(Native Method)
	at sun.reflect.NativeMethodAccessorImpl.invoke(NativeMethodAccessorImpl.java:62)
	at sun.reflect.DelegatingMethodAccessorImpl.invoke(DelegatingMethodAccessorImpl.java:43)
	at java.lang.reflect.Method.invoke(Method.java:498)
	at org.apache.hadoop.hdds.tracing.TraceAllMethod.invoke(TraceAllMethod.java:66)
	at com.sun.proxy.$Proxy36.getServiceInfo(Unknown Source)
	at org.apache.hadoop.ozone.client.rpc.RpcClient.<init>(RpcClient.java:154)
	at org.apache.hadoop.ozone.client.OzoneClientFactory.getClientProtocol(OzoneClientFactory.java:256)
	at org.apache.hadoop.ozone.client.OzoneClientFactory.getClientProtocol(OzoneClientFactory.java:239)
	at org.apache.hadoop.ozone.client.OzoneClientFactory.getClient(OzoneClientFactory.java:75)
	at org.apache.hadoop.ozone.client.rpc.TestFailureHandlingByClient.init(TestFailureHandlingByClient.java:111)
	at org.apache.hadoop.ozone.client.rpc.TestFailureHandlingByClient.startCluster(TestFailureHandlingByClient.java:121)
	at org.apache.hadoop.ozone.client.rpc.TestFailureHandlingByClient.testPipelineExclusionWithPipelineFailure(TestFailureHandlingByClient.java:345)
	at sun.reflect.NativeMethodAccessorImpl.invoke0(Native Method)
	at sun.reflect.NativeMethodAccessorImpl.invoke(NativeMethodAccessorImpl.java:62)
	at sun.reflect.DelegatingMethodAccessorImpl.invoke(DelegatingMethodAccessorImpl.java:43)
	at java.lang.reflect.Method.invoke(Method.java:498)
	at org.junit.runners.model.FrameworkMethod$1.runReflectiveCall(FrameworkMethod.java:47)
	at org.junit.internal.runners.model.ReflectiveCallable.run(ReflectiveCallable.java:12)
	at org.junit.runners.model.FrameworkMethod.invokeExplosively(FrameworkMethod.java:44)
	at org.junit.internal.runners.statements.InvokeMethod.evaluate(InvokeMethod.java:17)
	at org.junit.internal.runners.statements.RunAfters.evaluate(RunAfters.java:27)
	at org.junit.runners.ParentRunner.runLeaf(ParentRunner.java:271)
	at org.junit.runners.BlockJUnit4ClassRunner.runChild(BlockJUnit4ClassRunner.java:70)
	at org.junit.runners.BlockJUnit4ClassRunner.runChild(BlockJUnit4ClassRunner.java:50)
	at org.junit.runners.ParentRunner$3.run(ParentRunner.java:238)
	at org.junit.runners.ParentRunner$1.schedule(ParentRunner.java:63)
	at org.junit.runners.ParentRunner.runChildren(ParentRunner.java:236)
	at org.junit.runners.ParentRunner.access$000(ParentRunner.java:53)
	at org.junit.runners.ParentRunner$2.evaluate(ParentRunner.java:229)
	at org.junit.runners.ParentRunner.run(ParentRunner.java:309)
	at org.apache.maven.surefire.junit4.JUnit4Provider.execute(JUnit4Provider.java:365)
	at org.apache.maven.surefire.junit4.JUnit4Provider.executeWithRerun(JUnit4Provider.java:273)
	at org.apache.maven.surefire.junit4.JUnit4Provider.executeTestSet(JUnit4Provider.java:238)
	at org.apache.maven.surefire.junit4.JUnit4Provider.invoke(JUnit4Provider.java:159)
	at org.apache.maven.surefire.booter.ForkedBooter.invokeProviderInSameClassLoader(ForkedBooter.java:384)
	at org.apache.maven.surefire.booter.ForkedBooter.runSuitesInProcess(ForkedBooter.java:345)
	at org.apache.maven.surefire.booter.ForkedBooter.execute(ForkedBooter.java:126)
	at org.apache.maven.surefire.booter.ForkedBooter.main(ForkedBooter.java:418)
Caused by: java.net.ConnectException: Connection refused
	at sun.nio.ch.SocketChannelImpl.checkConnect(Native Method)
	at sun.nio.ch.SocketChannelImpl.finishConnect(SocketChannelImpl.java:717)
	at org.apache.hadoop.net.SocketIOWithTimeout.connect(SocketIOWithTimeout.java:206)
	at org.apache.hadoop.net.NetUtils.connect(NetUtils.java:531)
	at org.apache.hadoop.ipc.Client$Connection.setupConnection(Client.java:690)
	at org.apache.hadoop.ipc.Client$Connection.setupIOstreams(Client.java:794)
	at org.apache.hadoop.ipc.Client$Connection.access$3700(Client.java:411)
	at org.apache.hadoop.ipc.Client.getConnection(Client.java:1572)
	at org.apache.hadoop.ipc.Client.call(Client.java:1403)
	... 55 more
2019-09-24 02:24:03,196 [main] INFO  ozone.MiniOzoneClusterImpl (MiniOzoneClusterImpl.java:shutdown(314)) - Shutting down the Mini Ozone Cluster
2019-09-24 02:24:03,197 [main] INFO  ozone.MiniOzoneClusterImpl (MiniOzoneClusterImpl.java:stop(330)) - Stopping the Mini Ozone Cluster
2019-09-24 02:24:03,197 [main] INFO  ozone.MiniOzoneClusterImpl (MiniOzoneClusterImpl.java:stopOM(400)) - Stopping the OzoneManager
2019-09-24 02:24:03,197 [main] INFO  ipc.Server (Server.java:stop(3082)) - Stopping server on 46694
2019-09-24 02:24:03,219 [IPC Server listener on 46694] INFO  ipc.Server (Server.java:run(1185)) - Stopping IPC Server listener on 46694
2019-09-24 02:24:03,219 [main] INFO  ratis.OzoneManagerDoubleBuffer (OzoneManagerDoubleBuffer.java:stop(248)) - Stopping OMDoubleBuffer flush thread
2019-09-24 02:24:03,224 [IPC Server Responder] INFO  ipc.Server (Server.java:run(1319)) - Stopping IPC Server Responder
2019-09-24 02:24:03,240 [OMDoubleBufferFlushThread] INFO  ratis.OzoneManagerDoubleBuffer (OzoneManagerDoubleBuffer.java:flushTransactions(191)) - OMDoubleBuffer flush thread OMDoubleBufferFlushThread is interrupted and will exit. OMDoubleBufferFlushThread
2019-09-24 02:24:03,244 [main] INFO  utils.BackgroundService (BackgroundService.java:shutdown(148)) - Shutting down service KeyDeletingService
2019-09-24 02:24:03,256 [main] INFO  handler.ContextHandler (ContextHandler.java:doStop(910)) - Stopped o.e.j.w.WebAppContext@4158debd{/,null,UNAVAILABLE}{/ozoneManager}
2019-09-24 02:24:03,264 [main] INFO  server.AbstractConnector (AbstractConnector.java:doStop(318)) - Stopped ServerConnector@af78c87{HTTP/1.1,[http/1.1]}{0.0.0.0:0}
2019-09-24 02:24:03,265 [main] INFO  handler.ContextHandler (ContextHandler.java:doStop(910)) - Stopped o.e.j.s.ServletContextHandler@65004ff6{/static,file:///workdir/hadoop-ozone/integration-test/target/test-classes/webapps/static,UNAVAILABLE}
2019-09-24 02:24:03,265 [main] INFO  handler.ContextHandler (ContextHandler.java:doStop(910)) - Stopped o.e.j.s.ServletContextHandler@49aa766b{/logs,file:///workdir/hadoop-ozone/integration-test/target/log,UNAVAILABLE}
2019-09-24 02:24:03,274 [main] INFO  ozone.MiniOzoneClusterImpl (MiniOzoneClusterImpl.java:stopDatanodes(377)) - Stopping the HddsDatanodes
2019-09-24 02:24:04,087 [Datanode State Machine Thread - 0] INFO  statemachine.DatanodeStateMachine (DatanodeStateMachine.java:lambda$startDaemon$0(350)) - Ozone container server started.
2019-09-24 02:24:04,096 [Datanode State Machine Thread - 0] INFO  statemachine.DatanodeStateMachine (DatanodeStateMachine.java:lambda$startDaemon$0(350)) - Ozone container server started.
2019-09-24 02:24:08,277 [main] INFO  ozoneimpl.OzoneContainer (OzoneContainer.java:stop(231)) - Attempting to stop container services.
2019-09-24 02:24:08,277 [ForkJoinPool.commonPool-worker-0] INFO  ozoneimpl.OzoneContainer (OzoneContainer.java:stop(231)) - Attempting to stop container services.
2019-09-24 02:24:08,278 [ForkJoinPool.commonPool-worker-0] INFO  impl.RaftServerProxy (RaftServerProxy.java:lambda$close$4(314)) - 0fd55585-263a-4577-aa0a-ea5a39896330: close
2019-09-24 02:24:08,278 [main] INFO  impl.RaftServerProxy (RaftServerProxy.java:lambda$close$4(314)) - 8a99bbfb-49a9-45e9-85c7-917445244762: close
2019-09-24 02:24:08,280 [ForkJoinPool.commonPool-worker-0] INFO  impl.RaftServerImpl (RaftServerImpl.java:lambda$shutdown$3(251)) - 0fd55585-263a-4577-aa0a-ea5a39896330@group-E392B0B88194: shutdown
2019-09-24 02:24:08,280 [main] INFO  impl.RaftServerImpl (RaftServerImpl.java:lambda$shutdown$3(251)) - 8a99bbfb-49a9-45e9-85c7-917445244762@group-524DFF0A3A57: shutdown
2019-09-24 02:24:08,281 [ForkJoinPool.commonPool-worker-0] INFO  util.JmxRegister (JmxRegister.java:unregister(73)) - Successfully un-registered JMX Bean with object name Ratis:service=RaftServer,group=group-E392B0B88194,id=0fd55585-263a-4577-aa0a-ea5a39896330
2019-09-24 02:24:08,281 [main] INFO  util.JmxRegister (JmxRegister.java:unregister(73)) - Successfully un-registered JMX Bean with object name Ratis:service=RaftServer,group=group-524DFF0A3A57,id=8a99bbfb-49a9-45e9-85c7-917445244762
2019-09-24 02:24:08,281 [ForkJoinPool.commonPool-worker-0] INFO  impl.RoleInfo (RoleInfo.java:shutdownLeaderState(104)) - 0fd55585-263a-4577-aa0a-ea5a39896330: shutdown LeaderState
2019-09-24 02:24:08,282 [main] INFO  impl.RoleInfo (RoleInfo.java:shutdownLeaderState(104)) - 8a99bbfb-49a9-45e9-85c7-917445244762: shutdown LeaderState
2019-09-24 02:24:08,288 [ForkJoinPool.commonPool-worker-0] INFO  impl.PendingRequests (PendingRequests.java:sendNotLeaderResponses(202)) - 0fd55585-263a-4577-aa0a-ea5a39896330-PendingRequests: sendNotLeaderResponses
2019-09-24 02:24:08,288 [org.apache.ratis.server.impl.LogAppender$AppenderDaemon$$Lambda$430/2026899056@1b0bd3a9] WARN  server.GrpcLogAppender (GrpcLogAppender.java:mayWait(143)) - 0fd55585-263a-4577-aa0a-ea5a39896330@group-E392B0B88194->c0944fb1-a003-48a4-987e-44a4096d22d1-GrpcLogAppender: Wait interrupted by java.lang.InterruptedException
2019-09-24 02:24:08,288 [org.apache.ratis.server.impl.LogAppender$AppenderDaemon$$Lambda$430/2026899056@46e070f9] WARN  server.GrpcLogAppender (GrpcLogAppender.java:mayWait(143)) - 0fd55585-263a-4577-aa0a-ea5a39896330@group-E392B0B88194->6f849279-8265-485e-82a5-918f2cc86fc1-GrpcLogAppender: Wait interrupted by java.lang.InterruptedException
2019-09-24 02:24:08,291 [ForkJoinPool.commonPool-worker-0] INFO  impl.StateMachineUpdater (StateMachineUpdater.java:stopAndJoin(125)) - 0fd55585-263a-4577-aa0a-ea5a39896330@group-E392B0B88194-StateMachineUpdater: set stopIndex = 0
2019-09-24 02:24:08,292 [grpc-default-executor-6] INFO  server.GrpcServerProtocolService (GrpcServerProtocolService.java:onCompleted(113)) - c0944fb1-a003-48a4-987e-44a4096d22d1: Completed APPEND_ENTRIES, lastRequest: 0fd55585-263a-4577-aa0a-ea5a39896330->c0944fb1-a003-48a4-987e-44a4096d22d1#221-t4, previous=(t:4, i:0), leaderCommit=0, initializing? false, entries: <empty>
2019-09-24 02:24:08,290 [main] INFO  impl.PendingRequests (PendingRequests.java:sendNotLeaderResponses(202)) - 8a99bbfb-49a9-45e9-85c7-917445244762-PendingRequests: sendNotLeaderResponses
2019-09-24 02:24:08,292 [ForkJoinPool.commonPool-worker-0] INFO  impl.RaftServerImpl (ServerState.java:close(385)) - 0fd55585-263a-4577-aa0a-ea5a39896330@group-E392B0B88194: closes. applyIndex: 0
2019-09-24 02:24:08,292 [grpc-default-executor-7] INFO  server.GrpcServerProtocolService (GrpcServerProtocolService.java:onCompleted(113)) - 6f849279-8265-485e-82a5-918f2cc86fc1: Completed APPEND_ENTRIES, lastRequest: 0fd55585-263a-4577-aa0a-ea5a39896330->6f849279-8265-485e-82a5-918f2cc86fc1#221-t4, previous=(t:4, i:0), leaderCommit=0, initializing? false, entries: <empty>
2019-09-24 02:24:08,293 [main] INFO  impl.StateMachineUpdater (StateMachineUpdater.java:stopAndJoin(125)) - 8a99bbfb-49a9-45e9-85c7-917445244762@group-524DFF0A3A57-StateMachineUpdater: set stopIndex = 0
2019-09-24 02:24:08,296 [grpc-default-executor-7] INFO  server.GrpcLogAppender (GrpcLogAppender.java:onCompleted(293)) - 0fd55585-263a-4577-aa0a-ea5a39896330@group-E392B0B88194->6f849279-8265-485e-82a5-918f2cc86fc1-AppendLogResponseHandler: follower responses appendEntries COMPLETED
2019-09-24 02:24:08,295 [grpc-default-executor-1] INFO  server.GrpcLogAppender (GrpcLogAppender.java:onCompleted(293)) - 0fd55585-263a-4577-aa0a-ea5a39896330@group-E392B0B88194->c0944fb1-a003-48a4-987e-44a4096d22d1-AppendLogResponseHandler: follower responses appendEntries COMPLETED
2019-09-24 02:24:08,296 [main] INFO  impl.RaftServerImpl (ServerState.java:close(385)) - 8a99bbfb-49a9-45e9-85c7-917445244762@group-524DFF0A3A57: closes. applyIndex: 0
2019-09-24 02:24:08,302 [grpc-default-executor-1] INFO  impl.FollowerInfo (FollowerInfo.java:lambda$new$0(51)) - 0fd55585-263a-4577-aa0a-ea5a39896330@group-E392B0B88194->c0944fb1-a003-48a4-987e-44a4096d22d1: nextIndex: updateUnconditionally 1 -> 0
2019-09-24 02:24:08,302 [grpc-default-executor-7] INFO  impl.FollowerInfo (FollowerInfo.java:lambda$new$0(51)) - 0fd55585-263a-4577-aa0a-ea5a39896330@group-E392B0B88194->6f849279-8265-485e-82a5-918f2cc86fc1: nextIndex: updateUnconditionally 1 -> 0
2019-09-24 02:24:08,303 [8a99bbfb-49a9-45e9-85c7-917445244762@group-524DFF0A3A57-SegmentedRaftLogWorker] INFO  segmented.SegmentedRaftLogWorker (SegmentedRaftLogWorker.java:run(313)) - 8a99bbfb-49a9-45e9-85c7-917445244762@group-524DFF0A3A57-SegmentedRaftLogWorker was interrupted, exiting. There are 0 tasks remaining in the queue.
2019-09-24 02:24:08,303 [0fd55585-263a-4577-aa0a-ea5a39896330@group-E392B0B88194-SegmentedRaftLogWorker] INFO  segmented.SegmentedRaftLogWorker (SegmentedRaftLogWorker.java:run(313)) - 0fd55585-263a-4577-aa0a-ea5a39896330@group-E392B0B88194-SegmentedRaftLogWorker was interrupted, exiting. There are 0 tasks remaining in the queue.
2019-09-24 02:24:08,308 [main] INFO  segmented.SegmentedRaftLogWorker (SegmentedRaftLogWorker.java:close(228)) - 8a99bbfb-49a9-45e9-85c7-917445244762@group-524DFF0A3A57-SegmentedRaftLogWorker close()
2019-09-24 02:24:08,308 [ForkJoinPool.commonPool-worker-0] INFO  segmented.SegmentedRaftLogWorker (SegmentedRaftLogWorker.java:close(228)) - 0fd55585-263a-4577-aa0a-ea5a39896330@group-E392B0B88194-SegmentedRaftLogWorker close()
2019-09-24 02:24:08,314 [main] INFO  impl.RaftServerImpl (RaftServerImpl.java:lambda$shutdown$3(251)) - 8a99bbfb-49a9-45e9-85c7-917445244762@group-6FB4E83B17BF: shutdown
2019-09-24 02:24:08,319 [ForkJoinPool.commonPool-worker-0] INFO  impl.RaftServerImpl (RaftServerImpl.java:lambda$shutdown$3(251)) - 0fd55585-263a-4577-aa0a-ea5a39896330@group-6BD8627368EA: shutdown
2019-09-24 02:24:08,319 [main] INFO  util.JmxRegister (JmxRegister.java:unregister(73)) - Successfully un-registered JMX Bean with object name Ratis:service=RaftServer,group=group-6FB4E83B17BF,id=8a99bbfb-49a9-45e9-85c7-917445244762
2019-09-24 02:24:08,319 [ForkJoinPool.commonPool-worker-0] INFO  util.JmxRegister (JmxRegister.java:unregister(73)) - Successfully un-registered JMX Bean with object name Ratis:service=RaftServer,group=group-6BD8627368EA,id=0fd55585-263a-4577-aa0a-ea5a39896330
2019-09-24 02:24:08,320 [main] INFO  impl.RoleInfo (RoleInfo.java:shutdownLeaderState(104)) - 8a99bbfb-49a9-45e9-85c7-917445244762: shutdown LeaderState
2019-09-24 02:24:08,320 [ForkJoinPool.commonPool-worker-0] INFO  impl.RoleInfo (RoleInfo.java:shutdownLeaderState(104)) - 0fd55585-263a-4577-aa0a-ea5a39896330: shutdown LeaderState
2019-09-24 02:24:08,327 [org.apache.ratis.server.impl.LogAppender$AppenderDaemon$$Lambda$430/2026899056@4787c174] WARN  server.GrpcLogAppender (GrpcLogAppender.java:mayWait(143)) - 8a99bbfb-49a9-45e9-85c7-917445244762@group-6FB4E83B17BF->afd2474b-fc98-4bcf-8229-023d47ec65b0-GrpcLogAppender: Wait interrupted by java.lang.InterruptedException
2019-09-24 02:24:08,327 [org.apache.ratis.server.impl.LogAppender$AppenderDaemon$$Lambda$430/2026899056@28557e0] WARN  server.GrpcLogAppender (GrpcLogAppender.java:mayWait(143)) - 8a99bbfb-49a9-45e9-85c7-917445244762@group-6FB4E83B17BF->54979dbf-d71a-4b3b-9687-e35aa22ddfbe-GrpcLogAppender: Wait interrupted by java.lang.InterruptedException
2019-09-24 02:24:08,327 [main] INFO  impl.PendingRequests (PendingRequests.java:sendNotLeaderResponses(202)) - 8a99bbfb-49a9-45e9-85c7-917445244762-PendingRequests: sendNotLeaderResponses
2019-09-24 02:24:08,328 [grpc-default-executor-1] INFO  server.GrpcServerProtocolService (GrpcServerProtocolService.java:onCompleted(113)) - 54979dbf-d71a-4b3b-9687-e35aa22ddfbe: Completed APPEND_ENTRIES, lastRequest: 8a99bbfb-49a9-45e9-85c7-917445244762->54979dbf-d71a-4b3b-9687-e35aa22ddfbe#131-t4, previous=(t:4, i:2), leaderCommit=2, initializing? false, entries: <empty>
2019-09-24 02:24:08,328 [grpc-default-executor-7] INFO  server.GrpcServerProtocolService (GrpcServerProtocolService.java:onCompleted(113)) - afd2474b-fc98-4bcf-8229-023d47ec65b0: Completed APPEND_ENTRIES, lastRequest: 8a99bbfb-49a9-45e9-85c7-917445244762->afd2474b-fc98-4bcf-8229-023d47ec65b0#131-t4, previous=(t:4, i:2), leaderCommit=2, initializing? false, entries: <empty>
2019-09-24 02:24:08,328 [ForkJoinPool.commonPool-worker-0] INFO  impl.PendingRequests (PendingRequests.java:sendNotLeaderResponses(202)) - 0fd55585-263a-4577-aa0a-ea5a39896330-PendingRequests: sendNotLeaderResponses
2019-09-24 02:24:08,336 [grpc-default-executor-1] INFO  server.GrpcLogAppender (GrpcLogAppender.java:onCompleted(293)) - 8a99bbfb-49a9-45e9-85c7-917445244762@group-6FB4E83B17BF->afd2474b-fc98-4bcf-8229-023d47ec65b0-AppendLogResponseHandler: follower responses appendEntries COMPLETED
2019-09-24 02:24:08,336 [ForkJoinPool.commonPool-worker-0] INFO  impl.StateMachineUpdater (StateMachineUpdater.java:stopAndJoin(125)) - 0fd55585-263a-4577-aa0a-ea5a39896330@group-6BD8627368EA-StateMachineUpdater: set stopIndex = 0
2019-09-24 02:24:08,336 [grpc-default-executor-7] INFO  server.GrpcLogAppender (GrpcLogAppender.java:onCompleted(293)) - 8a99bbfb-49a9-45e9-85c7-917445244762@group-6FB4E83B17BF->54979dbf-d71a-4b3b-9687-e35aa22ddfbe-AppendLogResponseHandler: follower responses appendEntries COMPLETED
2019-09-24 02:24:08,335 [main] INFO  impl.StateMachineUpdater (StateMachineUpdater.java:stopAndJoin(125)) - 8a99bbfb-49a9-45e9-85c7-917445244762@group-6FB4E83B17BF-StateMachineUpdater: set stopIndex = 2
2019-09-24 02:24:08,342 [grpc-default-executor-7] INFO  impl.FollowerInfo (FollowerInfo.java:lambda$new$0(51)) - 8a99bbfb-49a9-45e9-85c7-917445244762@group-6FB4E83B17BF->54979dbf-d71a-4b3b-9687-e35aa22ddfbe: nextIndex: updateUnconditionally 3 -> 2
2019-09-24 02:24:08,342 [ForkJoinPool.commonPool-worker-0] INFO  impl.RaftServerImpl (ServerState.java:close(385)) - 0fd55585-263a-4577-aa0a-ea5a39896330@group-6BD8627368EA: closes. applyIndex: 0
2019-09-24 02:24:08,339 [grpc-default-executor-1] INFO  impl.FollowerInfo (FollowerInfo.java:lambda$new$0(51)) - 8a99bbfb-49a9-45e9-85c7-917445244762@group-6FB4E83B17BF->afd2474b-fc98-4bcf-8229-023d47ec65b0: nextIndex: updateUnconditionally 3 -> 2
2019-09-24 02:24:08,343 [0fd55585-263a-4577-aa0a-ea5a39896330@group-6BD8627368EA-SegmentedRaftLogWorker] INFO  segmented.SegmentedRaftLogWorker (SegmentedRaftLogWorker.java:run(313)) - 0fd55585-263a-4577-aa0a-ea5a39896330@group-6BD8627368EA-SegmentedRaftLogWorker was interrupted, exiting. There are 0 tasks remaining in the queue.
2019-09-24 02:24:08,342 [main] INFO  impl.RaftServerImpl (ServerState.java:close(385)) - 8a99bbfb-49a9-45e9-85c7-917445244762@group-6FB4E83B17BF: closes. applyIndex: 2
2019-09-24 02:24:08,345 [ForkJoinPool.commonPool-worker-0] INFO  segmented.SegmentedRaftLogWorker (SegmentedRaftLogWorker.java:close(228)) - 0fd55585-263a-4577-aa0a-ea5a39896330@group-6BD8627368EA-SegmentedRaftLogWorker close()
2019-09-24 02:24:08,346 [8a99bbfb-49a9-45e9-85c7-917445244762@group-6FB4E83B17BF-SegmentedRaftLogWorker] INFO  segmented.SegmentedRaftLogWorker (SegmentedRaftLogWorker.java:run(313)) - 8a99bbfb-49a9-45e9-85c7-917445244762@group-6FB4E83B17BF-SegmentedRaftLogWorker was interrupted, exiting. There are 0 tasks remaining in the queue.
2019-09-24 02:24:08,352 [main] INFO  segmented.SegmentedRaftLogWorker (SegmentedRaftLogWorker.java:close(228)) - 8a99bbfb-49a9-45e9-85c7-917445244762@group-6FB4E83B17BF-SegmentedRaftLogWorker close()
2019-09-24 02:24:08,357 [ForkJoinPool.commonPool-worker-0] INFO  server.GrpcService (GrpcService.java:closeImpl(164)) - 0fd55585-263a-4577-aa0a-ea5a39896330: shutdown server with port 42755 now
2019-09-24 02:24:08,357 [main] INFO  server.GrpcService (GrpcService.java:closeImpl(164)) - 8a99bbfb-49a9-45e9-85c7-917445244762: shutdown server with port 36521 now
2019-09-24 02:24:08,360 [main] INFO  server.GrpcService (GrpcService.java:closeImpl(172)) - 8a99bbfb-49a9-45e9-85c7-917445244762: shutdown server with port 36521 successfully
2019-09-24 02:24:08,361 [ForkJoinPool.commonPool-worker-0] INFO  server.GrpcService (GrpcService.java:closeImpl(172)) - 0fd55585-263a-4577-aa0a-ea5a39896330: shutdown server with port 42755 successfully
2019-09-24 02:24:08,364 [refreshUsed-/workdir/hadoop-ozone/integration-test/target/test-dir/MiniOzoneClusterImpl-de332c24-5f7d-4363-8764-5335807553b9/datanode-2/data/containers] WARN  fs.CachingGetSpaceUsed (CachingGetSpaceUsed.java:run(183)) - Thread Interrupted waiting to refresh disk information: sleep interrupted
2019-09-24 02:24:08,374 [refreshUsed-/workdir/hadoop-ozone/integration-test/target/test-dir/MiniOzoneClusterImpl-de332c24-5f7d-4363-8764-5335807553b9/datanode-5/data/containers] WARN  fs.CachingGetSpaceUsed (CachingGetSpaceUsed.java:run(183)) - Thread Interrupted waiting to refresh disk information: sleep interrupted
2019-09-24 02:24:08,391 [main] INFO  utils.BackgroundService (BackgroundService.java:shutdown(148)) - Shutting down service BlockDeletingService
2019-09-24 02:24:08,397 [ForkJoinPool.commonPool-worker-0] INFO  utils.BackgroundService (BackgroundService.java:shutdown(148)) - Shutting down service BlockDeletingService
2019-09-24 02:24:08,399 [main] INFO  statemachine.DatanodeStateMachine (DatanodeStateMachine.java:stopDaemon(395)) - Ozone container server stopped.
2019-09-24 02:24:08,404 [ForkJoinPool.commonPool-worker-0] INFO  statemachine.DatanodeStateMachine (DatanodeStateMachine.java:stopDaemon(395)) - Ozone container server stopped.
2019-09-24 02:24:08,407 [main] INFO  handler.ContextHandler (ContextHandler.java:doStop(910)) - Stopped o.e.j.w.WebAppContext@254f906e{/,null,UNAVAILABLE}{/hddsDatanode}
2019-09-24 02:24:08,409 [ForkJoinPool.commonPool-worker-0] INFO  handler.ContextHandler (ContextHandler.java:doStop(910)) - Stopped o.e.j.w.WebAppContext@74174a23{/,null,UNAVAILABLE}{/hddsDatanode}
2019-09-24 02:24:08,410 [main] INFO  server.AbstractConnector (AbstractConnector.java:doStop(318)) - Stopped ServerConnector@3d0035d2{HTTP/1.1,[http/1.1]}{0.0.0.0:0}
2019-09-24 02:24:08,410 [ForkJoinPool.commonPool-worker-0] INFO  server.AbstractConnector (AbstractConnector.java:doStop(318)) - Stopped ServerConnector@6342d610{HTTP/1.1,[http/1.1]}{0.0.0.0:0}
2019-09-24 02:24:08,410 [main] INFO  handler.ContextHandler (ContextHandler.java:doStop(910)) - Stopped o.e.j.s.ServletContextHandler@3d96fa9e{/static,jar:file:/home/user/.m2/repository/org/apache/hadoop/hadoop-hdds-container-service/0.5.0-SNAPSHOT/hadoop-hdds-container-service-0.5.0-SNAPSHOT.jar!/webapps/static,UNAVAILABLE}
2019-09-24 02:24:08,412 [ForkJoinPool.commonPool-worker-0] INFO  handler.ContextHandler (ContextHandler.java:doStop(910)) - Stopped o.e.j.s.ServletContextHandler@151bf776{/static,jar:file:/home/user/.m2/repository/org/apache/hadoop/hadoop-hdds-container-service/0.5.0-SNAPSHOT/hadoop-hdds-container-service-0.5.0-SNAPSHOT.jar!/webapps/static,UNAVAILABLE}
2019-09-24 02:24:08,412 [main] INFO  handler.ContextHandler (ContextHandler.java:doStop(910)) - Stopped o.e.j.s.ServletContextHandler@74170687{/logs,file:///workdir/hadoop-ozone/integration-test/target/log,UNAVAILABLE}
2019-09-24 02:24:08,413 [ForkJoinPool.commonPool-worker-0] INFO  handler.ContextHandler (ContextHandler.java:doStop(910)) - Stopped o.e.j.s.ServletContextHandler@4faa298{/logs,file:///workdir/hadoop-ozone/integration-test/target/log,UNAVAILABLE}
2019-09-24 02:24:09,093 [Datanode State Machine Thread - 0] INFO  statemachine.DatanodeStateMachine (DatanodeStateMachine.java:lambda$startDaemon$0(350)) - Ozone container server started.
2019-09-24 02:24:09,097 [Datanode State Machine Thread - 0] INFO  statemachine.DatanodeStateMachine (DatanodeStateMachine.java:lambda$startDaemon$0(350)) - Ozone container server started.
2019-09-24 02:24:09,227 [Thread-450] INFO  impl.FollowerState (FollowerState.java:run(106)) - c0944fb1-a003-48a4-987e-44a4096d22d1:group-E392B0B88194 changes to CANDIDATE, lastRpcTime:1301, electionTimeout:1044ms
2019-09-24 02:24:09,227 [Thread-450] INFO  impl.RoleInfo (RoleInfo.java:shutdownFollowerState(121)) - c0944fb1-a003-48a4-987e-44a4096d22d1: shutdown FollowerState
2019-09-24 02:24:09,227 [Thread-450] INFO  impl.RaftServerImpl (RaftServerImpl.java:setRole(174)) - c0944fb1-a003-48a4-987e-44a4096d22d1@group-E392B0B88194: changes role from  FOLLOWER to CANDIDATE at term 4 for changeToCandidate
2019-09-24 02:24:09,228 [Thread-450] INFO  impl.RoleInfo (RoleInfo.java:updateAndGet(143)) - c0944fb1-a003-48a4-987e-44a4096d22d1: start LeaderElection
2019-09-24 02:24:09,231 [c0944fb1-a003-48a4-987e-44a4096d22d1@group-E392B0B88194:LeaderElection28] INFO  impl.RaftServerImpl (ServerState.java:setLeader(253)) - c0944fb1-a003-48a4-987e-44a4096d22d1@group-E392B0B88194: change Leader from 0fd55585-263a-4577-aa0a-ea5a39896330 to null at term 4 for initElection
2019-09-24 02:24:09,249 [c0944fb1-a003-48a4-987e-44a4096d22d1@group-E392B0B88194:LeaderElection28] INFO  impl.LeaderElection (LeaderElection.java:askForVotes(182)) - c0944fb1-a003-48a4-987e-44a4096d22d1@group-E392B0B88194:LeaderElection28: begin an election at term 5 for 0: [6f849279-8265-485e-82a5-918f2cc86fc1:192.168.151.121:46354, 0fd55585-263a-4577-aa0a-ea5a39896330:192.168.151.121:42755, c0944fb1-a003-48a4-987e-44a4096d22d1:192.168.151.121:43671], old=null
2019-09-24 02:24:09,253 [grpc-default-executor-7] INFO  impl.RaftServerImpl (ServerState.java:setLeader(253)) - 6f849279-8265-485e-82a5-918f2cc86fc1@group-E392B0B88194: change Leader from 0fd55585-263a-4577-aa0a-ea5a39896330 to null at term 5 for updateCurrentTerm
2019-09-24 02:24:09,253 [grpc-default-executor-7] INFO  impl.RaftServerImpl (RaftServerImpl.java:setRole(174)) - 6f849279-8265-485e-82a5-918f2cc86fc1@group-E392B0B88194: changes role from  FOLLOWER to FOLLOWER at term 5 for recognizeCandidate:c0944fb1-a003-48a4-987e-44a4096d22d1
2019-09-24 02:24:09,254 [grpc-default-executor-7] INFO  impl.RoleInfo (RoleInfo.java:shutdownFollowerState(121)) - 6f849279-8265-485e-82a5-918f2cc86fc1: shutdown FollowerState
2019-09-24 02:24:09,254 [grpc-default-executor-7] INFO  impl.RoleInfo (RoleInfo.java:updateAndGet(143)) - 6f849279-8265-485e-82a5-918f2cc86fc1: start FollowerState
2019-09-24 02:24:09,254 [Thread-449] INFO  impl.FollowerState (FollowerState.java:run(115)) - 6f849279-8265-485e-82a5-918f2cc86fc1: FollowerState was interrupted: java.lang.InterruptedException: sleep interrupted
2019-09-24 02:24:09,271 [c0944fb1-a003-48a4-987e-44a4096d22d1@group-E392B0B88194:LeaderElection28] INFO  impl.LeaderElection (LogUtils.java:infoOrTrace(149)) - c0944fb1-a003-48a4-987e-44a4096d22d1@group-E392B0B88194:LeaderElection28 got exception when requesting votes: {}
java.util.concurrent.ExecutionException: org.apache.ratis.thirdparty.io.grpc.StatusRuntimeException: UNAVAILABLE: io exception
	at java.util.concurrent.FutureTask.report(FutureTask.java:122)
	at java.util.concurrent.FutureTask.get(FutureTask.java:192)
	at org.apache.ratis.server.impl.LeaderElection.waitForResults(LeaderElection.java:263)
	at org.apache.ratis.server.impl.LeaderElection.askForVotes(LeaderElection.java:201)
	at org.apache.ratis.server.impl.LeaderElection.run(LeaderElection.java:133)
	at java.lang.Thread.run(Thread.java:748)
Caused by: org.apache.ratis.thirdparty.io.grpc.StatusRuntimeException: UNAVAILABLE: io exception
	at org.apache.ratis.thirdparty.io.grpc.stub.ClientCalls.toStatusRuntimeException(ClientCalls.java:233)
	at org.apache.ratis.thirdparty.io.grpc.stub.ClientCalls.getUnchecked(ClientCalls.java:214)
	at org.apache.ratis.thirdparty.io.grpc.stub.ClientCalls.blockingUnaryCall(ClientCalls.java:139)
	at org.apache.ratis.proto.grpc.RaftServerProtocolServiceGrpc$RaftServerProtocolServiceBlockingStub.requestVote(RaftServerProtocolServiceGrpc.java:265)
	at org.apache.ratis.grpc.server.GrpcServerProtocolClient.requestVote(GrpcServerProtocolClient.java:90)
	at org.apache.ratis.grpc.server.GrpcService.requestVote(GrpcService.java:204)
	at org.apache.ratis.server.impl.LeaderElection.lambda$submitRequests$1(LeaderElection.java:238)
	at java.util.concurrent.FutureTask.run(FutureTask.java:266)
	at java.util.concurrent.Executors$RunnableAdapter.call(Executors.java:511)
	at java.util.concurrent.FutureTask.run(FutureTask.java:266)
	at java.util.concurrent.ThreadPoolExecutor.runWorker(ThreadPoolExecutor.java:1149)
	at java.util.concurrent.ThreadPoolExecutor$Worker.run(ThreadPoolExecutor.java:624)
	... 1 more
Caused by: org.apache.ratis.thirdparty.io.netty.channel.AbstractChannel$AnnotatedConnectException: Connection refused: /192.168.151.121:42755
	at sun.nio.ch.SocketChannelImpl.checkConnect(Native Method)
	at sun.nio.ch.SocketChannelImpl.finishConnect(SocketChannelImpl.java:717)
	at org.apache.ratis.thirdparty.io.netty.channel.socket.nio.NioSocketChannel.doFinishConnect(NioSocketChannel.java:327)
	at org.apache.ratis.thirdparty.io.netty.channel.nio.AbstractNioChannel$AbstractNioUnsafe.finishConnect(AbstractNioChannel.java:340)
	at org.apache.ratis.thirdparty.io.netty.channel.nio.NioEventLoop.processSelectedKey(NioEventLoop.java:632)
	at org.apache.ratis.thirdparty.io.netty.channel.nio.NioEventLoop.processSelectedKeysOptimized(NioEventLoop.java:579)
	at org.apache.ratis.thirdparty.io.netty.channel.nio.NioEventLoop.processSelectedKeys(NioEventLoop.java:496)
	at org.apache.ratis.thirdparty.io.netty.channel.nio.NioEventLoop.run(NioEventLoop.java:458)
	at org.apache.ratis.thirdparty.io.netty.util.concurrent.SingleThreadEventExecutor$5.run(SingleThreadEventExecutor.java:897)
	at org.apache.ratis.thirdparty.io.netty.util.concurrent.FastThreadLocalRunnable.run(FastThreadLocalRunnable.java:30)
	... 1 more
Caused by: java.net.ConnectException: Connection refused
	... 11 more
2019-09-24 02:24:09,275 [c0944fb1-a003-48a4-987e-44a4096d22d1@group-E392B0B88194:LeaderElection28] INFO  impl.LeaderElection (LeaderElection.java:logAndReturn(56)) - c0944fb1-a003-48a4-987e-44a4096d22d1@group-E392B0B88194:LeaderElection28: Election PASSED; received 1 response(s) [c0944fb1-a003-48a4-987e-44a4096d22d1<-6f849279-8265-485e-82a5-918f2cc86fc1#0:OK-t5] and 1 exception(s); c0944fb1-a003-48a4-987e-44a4096d22d1@group-E392B0B88194:t5, leader=null, voted=c0944fb1-a003-48a4-987e-44a4096d22d1, raftlog=c0944fb1-a003-48a4-987e-44a4096d22d1@group-E392B0B88194-SegmentedRaftLog:OPENED:c0,f0,i0, conf=0: [6f849279-8265-485e-82a5-918f2cc86fc1:192.168.151.121:46354, 0fd55585-263a-4577-aa0a-ea5a39896330:192.168.151.121:42755, c0944fb1-a003-48a4-987e-44a4096d22d1:192.168.151.121:43671], old=null
2019-09-24 02:24:09,276 [c0944fb1-a003-48a4-987e-44a4096d22d1@group-E392B0B88194:LeaderElection28] INFO  impl.LeaderElection (LogUtils.java:infoOrTrace(149)) -   Exception 0: {}
java.util.concurrent.ExecutionException: org.apache.ratis.thirdparty.io.grpc.StatusRuntimeException: UNAVAILABLE: io exception
	at java.util.concurrent.FutureTask.report(FutureTask.java:122)
	at java.util.concurrent.FutureTask.get(FutureTask.java:192)
	at org.apache.ratis.server.impl.LeaderElection.waitForResults(LeaderElection.java:263)
	at org.apache.ratis.server.impl.LeaderElection.askForVotes(LeaderElection.java:201)
	at org.apache.ratis.server.impl.LeaderElection.run(LeaderElection.java:133)
	at java.lang.Thread.run(Thread.java:748)
Caused by: org.apache.ratis.thirdparty.io.grpc.StatusRuntimeException: UNAVAILABLE: io exception
	at org.apache.ratis.thirdparty.io.grpc.stub.ClientCalls.toStatusRuntimeException(ClientCalls.java:233)
	at org.apache.ratis.thirdparty.io.grpc.stub.ClientCalls.getUnchecked(ClientCalls.java:214)
	at org.apache.ratis.thirdparty.io.grpc.stub.ClientCalls.blockingUnaryCall(ClientCalls.java:139)
	at org.apache.ratis.proto.grpc.RaftServerProtocolServiceGrpc$RaftServerProtocolServiceBlockingStub.requestVote(RaftServerProtocolServiceGrpc.java:265)
	at org.apache.ratis.grpc.server.GrpcServerProtocolClient.requestVote(GrpcServerProtocolClient.java:90)
	at org.apache.ratis.grpc.server.GrpcService.requestVote(GrpcService.java:204)
	at org.apache.ratis.server.impl.LeaderElection.lambda$submitRequests$1(LeaderElection.java:238)
	at java.util.concurrent.FutureTask.run(FutureTask.java:266)
	at java.util.concurrent.Executors$RunnableAdapter.call(Executors.java:511)
	at java.util.concurrent.FutureTask.run(FutureTask.java:266)
	at java.util.concurrent.ThreadPoolExecutor.runWorker(ThreadPoolExecutor.java:1149)
	at java.util.concurrent.ThreadPoolExecutor$Worker.run(ThreadPoolExecutor.java:624)
	... 1 more
Caused by: org.apache.ratis.thirdparty.io.netty.channel.AbstractChannel$AnnotatedConnectException: Connection refused: /192.168.151.121:42755
	at sun.nio.ch.SocketChannelImpl.checkConnect(Native Method)
	at sun.nio.ch.SocketChannelImpl.finishConnect(SocketChannelImpl.java:717)
	at org.apache.ratis.thirdparty.io.netty.channel.socket.nio.NioSocketChannel.doFinishConnect(NioSocketChannel.java:327)
	at org.apache.ratis.thirdparty.io.netty.channel.nio.AbstractNioChannel$AbstractNioUnsafe.finishConnect(AbstractNioChannel.java:340)
	at org.apache.ratis.thirdparty.io.netty.channel.nio.NioEventLoop.processSelectedKey(NioEventLoop.java:632)
	at org.apache.ratis.thirdparty.io.netty.channel.nio.NioEventLoop.processSelectedKeysOptimized(NioEventLoop.java:579)
	at org.apache.ratis.thirdparty.io.netty.channel.nio.NioEventLoop.processSelectedKeys(NioEventLoop.java:496)
	at org.apache.ratis.thirdparty.io.netty.channel.nio.NioEventLoop.run(NioEventLoop.java:458)
	at org.apache.ratis.thirdparty.io.netty.util.concurrent.SingleThreadEventExecutor$5.run(SingleThreadEventExecutor.java:897)
	at org.apache.ratis.thirdparty.io.netty.util.concurrent.FastThreadLocalRunnable.run(FastThreadLocalRunnable.java:30)
	... 1 more
Caused by: java.net.ConnectException: Connection refused
	... 11 more
2019-09-24 02:24:09,277 [c0944fb1-a003-48a4-987e-44a4096d22d1@group-E392B0B88194:LeaderElection28] INFO  impl.RoleInfo (RoleInfo.java:shutdownLeaderElection(134)) - c0944fb1-a003-48a4-987e-44a4096d22d1: shutdown LeaderElection
2019-09-24 02:24:09,278 [c0944fb1-a003-48a4-987e-44a4096d22d1@group-E392B0B88194:LeaderElection28] INFO  impl.RaftServerImpl (RaftServerImpl.java:setRole(174)) - c0944fb1-a003-48a4-987e-44a4096d22d1@group-E392B0B88194: changes role from CANDIDATE to LEADER at term 5 for changeToLeader
2019-09-24 02:24:09,278 [c0944fb1-a003-48a4-987e-44a4096d22d1@group-E392B0B88194:LeaderElection28] INFO  impl.RaftServerImpl (ServerState.java:setLeader(253)) - c0944fb1-a003-48a4-987e-44a4096d22d1@group-E392B0B88194: change Leader from null to c0944fb1-a003-48a4-987e-44a4096d22d1 at term 5 for becomeLeader, leader elected after 47ms
2019-09-24 02:24:09,278 [c0944fb1-a003-48a4-987e-44a4096d22d1@group-E392B0B88194:LeaderElection28] INFO  server.RaftServerConfigKeys (ConfUtils.java:logGet(43)) - raft.server.staging.catchup.gap = 1000 (default)
2019-09-24 02:24:09,279 [c0944fb1-a003-48a4-987e-44a4096d22d1@group-E392B0B88194:LeaderElection28] INFO  server.RaftServerConfigKeys (ConfUtils.java:logGet(43)) - raft.server.rpc.sleep.time = 25ms (default)
2019-09-24 02:24:09,279 [c0944fb1-a003-48a4-987e-44a4096d22d1@group-E392B0B88194:LeaderElection28] INFO  server.RaftServerConfigKeys (ConfUtils.java:logGet(43)) - raft.server.write.element-limit = 4096 (default)
2019-09-24 02:24:09,279 [c0944fb1-a003-48a4-987e-44a4096d22d1@group-E392B0B88194:LeaderElection28] INFO  server.RaftServerConfigKeys (ConfUtils.java:logGet(43)) - raft.server.watch.timeout = 10s (default)
2019-09-24 02:24:09,280 [c0944fb1-a003-48a4-987e-44a4096d22d1@group-E392B0B88194:LeaderElection28] INFO  server.RaftServerConfigKeys (ConfUtils.java:logGet(43)) - raft.server.watch.timeout.denomination = 1s (default)
2019-09-24 02:24:09,280 [c0944fb1-a003-48a4-987e-44a4096d22d1@group-E392B0B88194:LeaderElection28] INFO  server.RaftServerConfigKeys (ConfUtils.java:logGet(43)) - raft.server.watch.element-limit = 65536 (default)
2019-09-24 02:24:09,285 [c0944fb1-a003-48a4-987e-44a4096d22d1@group-E392B0B88194:LeaderElection28] INFO  server.RaftServerConfigKeys (ConfUtils.java:logGet(43)) - raft.server.log.appender.snapshot.chunk.size.max = 16MB (=16777216) (default)
2019-09-24 02:24:09,285 [c0944fb1-a003-48a4-987e-44a4096d22d1@group-E392B0B88194:LeaderElection28] INFO  server.RaftServerConfigKeys (ConfUtils.java:logGet(43)) - raft.server.log.appender.buffer.byte-limit = 33554432 (custom)
2019-09-24 02:24:09,285 [c0944fb1-a003-48a4-987e-44a4096d22d1@group-E392B0B88194:LeaderElection28] INFO  server.RaftServerConfigKeys (ConfUtils.java:logGet(43)) - raft.server.log.appender.buffer.element-limit = 1 (custom)
2019-09-24 02:24:09,286 [c0944fb1-a003-48a4-987e-44a4096d22d1@group-E392B0B88194:LeaderElection28] INFO  grpc.GrpcConfigKeys$Server (ConfUtils.java:logGet(43)) - raft.grpc.server.leader.outstanding.appends.max = 128 (default)
2019-09-24 02:24:09,286 [c0944fb1-a003-48a4-987e-44a4096d22d1@group-E392B0B88194:LeaderElection28] INFO  server.RaftServerConfigKeys (ConfUtils.java:logGet(43)) - raft.server.rpc.request.timeout = 3000ms (default)
2019-09-24 02:24:09,286 [c0944fb1-a003-48a4-987e-44a4096d22d1@group-E392B0B88194:LeaderElection28] INFO  server.RaftServerConfigKeys (ConfUtils.java:logGet(43)) - raft.server.log.appender.install.snapshot.enabled = false (custom)
2019-09-24 02:24:09,286 [c0944fb1-a003-48a4-987e-44a4096d22d1@group-E392B0B88194:LeaderElection28] INFO  server.RaftServerConfigKeys (ConfUtils.java:logGet(43)) - raft.server.log.appender.snapshot.chunk.size.max = 16MB (=16777216) (default)
2019-09-24 02:24:09,286 [c0944fb1-a003-48a4-987e-44a4096d22d1@group-E392B0B88194:LeaderElection28] INFO  server.RaftServerConfigKeys (ConfUtils.java:logGet(43)) - raft.server.log.appender.buffer.byte-limit = 33554432 (custom)
2019-09-24 02:24:09,287 [c0944fb1-a003-48a4-987e-44a4096d22d1@group-E392B0B88194:LeaderElection28] INFO  server.RaftServerConfigKeys (ConfUtils.java:logGet(43)) - raft.server.log.appender.buffer.element-limit = 1 (custom)
2019-09-24 02:24:09,287 [c0944fb1-a003-48a4-987e-44a4096d22d1@group-E392B0B88194:LeaderElection28] INFO  grpc.GrpcConfigKeys$Server (ConfUtils.java:logGet(43)) - raft.grpc.server.leader.outstanding.appends.max = 128 (default)
2019-09-24 02:24:09,287 [c0944fb1-a003-48a4-987e-44a4096d22d1@group-E392B0B88194:LeaderElection28] INFO  server.RaftServerConfigKeys (ConfUtils.java:logGet(43)) - raft.server.rpc.request.timeout = 3000ms (default)
2019-09-24 02:24:09,287 [c0944fb1-a003-48a4-987e-44a4096d22d1@group-E392B0B88194:LeaderElection28] INFO  server.RaftServerConfigKeys (ConfUtils.java:logGet(43)) - raft.server.log.appender.install.snapshot.enabled = false (custom)
2019-09-24 02:24:09,287 [c0944fb1-a003-48a4-987e-44a4096d22d1@group-E392B0B88194:LeaderElection28] INFO  impl.RoleInfo (RoleInfo.java:updateAndGet(143)) - c0944fb1-a003-48a4-987e-44a4096d22d1: start LeaderState
2019-09-24 02:24:09,288 [c0944fb1-a003-48a4-987e-44a4096d22d1@group-E392B0B88194:LeaderElection28] INFO  segmented.SegmentedRaftLogWorker (SegmentedRaftLogWorker.java:rollLogSegment(385)) - c0944fb1-a003-48a4-987e-44a4096d22d1@group-E392B0B88194-SegmentedRaftLogWorker: Rolling segment log-0_0 to index:0
2019-09-24 02:24:09,289 [c0944fb1-a003-48a4-987e-44a4096d22d1@group-E392B0B88194:LeaderElection28] INFO  impl.RaftServerImpl (ServerState.java:setRaftConf(354)) - c0944fb1-a003-48a4-987e-44a4096d22d1@group-E392B0B88194: set configuration 1: [6f849279-8265-485e-82a5-918f2cc86fc1:192.168.151.121:46354, 0fd55585-263a-4577-aa0a-ea5a39896330:192.168.151.121:42755, c0944fb1-a003-48a4-987e-44a4096d22d1:192.168.151.121:43671], old=null at 1
2019-09-24 02:24:09,289 [c0944fb1-a003-48a4-987e-44a4096d22d1@group-E392B0B88194-SegmentedRaftLogWorker] INFO  segmented.SegmentedRaftLogWorker (SegmentedRaftLogWorker.java:execute(526)) - c0944fb1-a003-48a4-987e-44a4096d22d1@group-E392B0B88194-SegmentedRaftLogWorker: Rolled log segment from /workdir/hadoop-ozone/integration-test/target/test-dir/MiniOzoneClusterImpl-de332c24-5f7d-4363-8764-5335807553b9/datanode-9/data/ratis/9cb63e49-cca2-4f73-9d86-e392b0b88194/current/log_inprogress_0 to /workdir/hadoop-ozone/integration-test/target/test-dir/MiniOzoneClusterImpl-de332c24-5f7d-4363-8764-5335807553b9/datanode-9/data/ratis/9cb63e49-cca2-4f73-9d86-e392b0b88194/current/log_0-0
2019-09-24 02:24:09,293 [grpc-default-executor-7] WARN  server.GrpcLogAppender (LogUtils.java:warn(134)) - c0944fb1-a003-48a4-987e-44a4096d22d1@group-E392B0B88194->0fd55585-263a-4577-aa0a-ea5a39896330-AppendLogResponseHandler: Failed appendEntries: org.apache.ratis.thirdparty.io.grpc.StatusRuntimeException: UNAVAILABLE: io exception
2019-09-24 02:24:09,294 [grpc-default-executor-1] INFO  impl.RaftServerImpl (ServerState.java:setLeader(253)) - 6f849279-8265-485e-82a5-918f2cc86fc1@group-E392B0B88194: change Leader from null to c0944fb1-a003-48a4-987e-44a4096d22d1 at term 5 for appendEntries, leader elected after 40ms
2019-09-24 02:24:09,325 [grpc-default-executor-7] INFO  impl.FollowerInfo (FollowerInfo.java:lambda$new$0(51)) - c0944fb1-a003-48a4-987e-44a4096d22d1@group-E392B0B88194->0fd55585-263a-4577-aa0a-ea5a39896330: nextIndex: updateUnconditionally 1 -> 0
2019-09-24 02:24:09,327 [grpc-default-executor-7] INFO  impl.RaftServerImpl (ServerState.java:setRaftConf(354)) - 6f849279-8265-485e-82a5-918f2cc86fc1@group-E392B0B88194: set configuration 1: [6f849279-8265-485e-82a5-918f2cc86fc1:192.168.151.121:46354, 0fd55585-263a-4577-aa0a-ea5a39896330:192.168.151.121:42755, c0944fb1-a003-48a4-987e-44a4096d22d1:192.168.151.121:43671], old=null at 1
2019-09-24 02:24:09,328 [grpc-default-executor-7] INFO  segmented.SegmentedRaftLogWorker (SegmentedRaftLogWorker.java:rollLogSegment(385)) - 6f849279-8265-485e-82a5-918f2cc86fc1@group-E392B0B88194-SegmentedRaftLogWorker: Rolling segment log-0_0 to index:0
2019-09-24 02:24:09,328 [6f849279-8265-485e-82a5-918f2cc86fc1@group-E392B0B88194-SegmentedRaftLogWorker] INFO  segmented.SegmentedRaftLogWorker (SegmentedRaftLogWorker.java:execute(526)) - 6f849279-8265-485e-82a5-918f2cc86fc1@group-E392B0B88194-SegmentedRaftLogWorker: Rolled log segment from /workdir/hadoop-ozone/integration-test/target/test-dir/MiniOzoneClusterImpl-de332c24-5f7d-4363-8764-5335807553b9/datanode-8/data/ratis/9cb63e49-cca2-4f73-9d86-e392b0b88194/current/log_inprogress_0 to /workdir/hadoop-ozone/integration-test/target/test-dir/MiniOzoneClusterImpl-de332c24-5f7d-4363-8764-5335807553b9/datanode-8/data/ratis/9cb63e49-cca2-4f73-9d86-e392b0b88194/current/log_0-0
2019-09-24 02:24:09,338 [c0944fb1-a003-48a4-987e-44a4096d22d1@group-E392B0B88194-SegmentedRaftLogWorker] INFO  segmented.SegmentedRaftLogWorker (SegmentedRaftLogWorker.java:execute(569)) - c0944fb1-a003-48a4-987e-44a4096d22d1@group-E392B0B88194-SegmentedRaftLogWorker: created new log segment /workdir/hadoop-ozone/integration-test/target/test-dir/MiniOzoneClusterImpl-de332c24-5f7d-4363-8764-5335807553b9/datanode-9/data/ratis/9cb63e49-cca2-4f73-9d86-e392b0b88194/current/log_inprogress_1
2019-09-24 02:24:09,375 [6f849279-8265-485e-82a5-918f2cc86fc1@group-E392B0B88194-SegmentedRaftLogWorker] INFO  segmented.SegmentedRaftLogWorker (SegmentedRaftLogWorker.java:execute(569)) - 6f849279-8265-485e-82a5-918f2cc86fc1@group-E392B0B88194-SegmentedRaftLogWorker: created new log segment /workdir/hadoop-ozone/integration-test/target/test-dir/MiniOzoneClusterImpl-de332c24-5f7d-4363-8764-5335807553b9/datanode-8/data/ratis/9cb63e49-cca2-4f73-9d86-e392b0b88194/current/log_inprogress_1
2019-09-24 02:24:09,399 [grpc-default-executor-6] WARN  server.GrpcLogAppender (LogUtils.java:warn(134)) - c0944fb1-a003-48a4-987e-44a4096d22d1@group-E392B0B88194->0fd55585-263a-4577-aa0a-ea5a39896330-AppendLogResponseHandler: Failed appendEntries: org.apache.ratis.thirdparty.io.grpc.StatusRuntimeException: UNAVAILABLE: io exception
2019-09-24 02:24:09,402 [grpc-default-executor-6] INFO  impl.FollowerInfo (FollowerInfo.java:lambda$new$0(51)) - c0944fb1-a003-48a4-987e-44a4096d22d1@group-E392B0B88194->0fd55585-263a-4577-aa0a-ea5a39896330: nextIndex: updateUnconditionally 1 -> 0
2019-09-24 02:24:09,412 [grpc-default-executor-1] WARN  server.GrpcLogAppender (LogUtils.java:warn(134)) - c0944fb1-a003-48a4-987e-44a4096d22d1@group-E392B0B88194->0fd55585-263a-4577-aa0a-ea5a39896330-AppendLogResponseHandler: Failed appendEntries: org.apache.ratis.thirdparty.io.grpc.StatusRuntimeException: UNAVAILABLE: io exception
2019-09-24 02:24:09,416 [grpc-default-executor-1] INFO  impl.FollowerInfo (FollowerInfo.java:lambda$new$0(51)) - c0944fb1-a003-48a4-987e-44a4096d22d1@group-E392B0B88194->0fd55585-263a-4577-aa0a-ea5a39896330: nextIndex: updateUnconditionally 1 -> 0
2019-09-24 02:24:09,916 [grpc-default-executor-7] WARN  server.GrpcLogAppender (LogUtils.java:warn(134)) - c0944fb1-a003-48a4-987e-44a4096d22d1@group-E392B0B88194->0fd55585-263a-4577-aa0a-ea5a39896330-AppendLogResponseHandler: Failed appendEntries: org.apache.ratis.thirdparty.io.grpc.StatusRuntimeException: UNAVAILABLE: io exception
2019-09-24 02:24:09,918 [grpc-default-executor-7] INFO  impl.FollowerInfo (FollowerInfo.java:lambda$new$0(51)) - c0944fb1-a003-48a4-987e-44a4096d22d1@group-E392B0B88194->0fd55585-263a-4577-aa0a-ea5a39896330: nextIndex: updateUnconditionally 0 -> 0
2019-09-24 02:24:10,265 [Thread-1020] INFO  impl.FollowerState (FollowerState.java:run(106)) - 54979dbf-d71a-4b3b-9687-e35aa22ddfbe:group-6FB4E83B17BF changes to CANDIDATE, lastRpcTime:2000, electionTimeout:1160ms
2019-09-24 02:24:10,265 [Thread-1020] INFO  impl.RoleInfo (RoleInfo.java:shutdownFollowerState(121)) - 54979dbf-d71a-4b3b-9687-e35aa22ddfbe: shutdown FollowerState
2019-09-24 02:24:10,266 [Thread-1020] INFO  impl.RaftServerImpl (RaftServerImpl.java:setRole(174)) - 54979dbf-d71a-4b3b-9687-e35aa22ddfbe@group-6FB4E83B17BF: changes role from  FOLLOWER to CANDIDATE at term 4 for changeToCandidate
2019-09-24 02:24:10,266 [Thread-1020] INFO  impl.RoleInfo (RoleInfo.java:updateAndGet(143)) - 54979dbf-d71a-4b3b-9687-e35aa22ddfbe: start LeaderElection
2019-09-24 02:24:10,269 [54979dbf-d71a-4b3b-9687-e35aa22ddfbe@group-6FB4E83B17BF:LeaderElection29] INFO  impl.RaftServerImpl (ServerState.java:setLeader(253)) - 54979dbf-d71a-4b3b-9687-e35aa22ddfbe@group-6FB4E83B17BF: change Leader from 8a99bbfb-49a9-45e9-85c7-917445244762 to null at term 4 for initElection
2019-09-24 02:24:10,283 [54979dbf-d71a-4b3b-9687-e35aa22ddfbe@group-6FB4E83B17BF:LeaderElection29] INFO  impl.LeaderElection (LeaderElection.java:askForVotes(182)) - 54979dbf-d71a-4b3b-9687-e35aa22ddfbe@group-6FB4E83B17BF:LeaderElection29: begin an election at term 5 for 1: [afd2474b-fc98-4bcf-8229-023d47ec65b0:192.168.151.121:41375, 54979dbf-d71a-4b3b-9687-e35aa22ddfbe:192.168.151.121:40767, 8a99bbfb-49a9-45e9-85c7-917445244762:192.168.151.121:36521], old=null
2019-09-24 02:24:10,287 [grpc-default-executor-1] INFO  impl.RaftServerImpl (ServerState.java:setLeader(253)) - afd2474b-fc98-4bcf-8229-023d47ec65b0@group-6FB4E83B17BF: change Leader from 8a99bbfb-49a9-45e9-85c7-917445244762 to null at term 5 for updateCurrentTerm
2019-09-24 02:24:10,287 [54979dbf-d71a-4b3b-9687-e35aa22ddfbe@group-6FB4E83B17BF:LeaderElection29] INFO  impl.LeaderElection (LogUtils.java:infoOrTrace(149)) - 54979dbf-d71a-4b3b-9687-e35aa22ddfbe@group-6FB4E83B17BF:LeaderElection29 got exception when requesting votes: {}
java.util.concurrent.ExecutionException: org.apache.ratis.thirdparty.io.grpc.StatusRuntimeException: UNAVAILABLE: io exception
	at java.util.concurrent.FutureTask.report(FutureTask.java:122)
	at java.util.concurrent.FutureTask.get(FutureTask.java:192)
	at org.apache.ratis.server.impl.LeaderElection.waitForResults(LeaderElection.java:263)
	at org.apache.ratis.server.impl.LeaderElection.askForVotes(LeaderElection.java:201)
	at org.apache.ratis.server.impl.LeaderElection.run(LeaderElection.java:133)
	at java.lang.Thread.run(Thread.java:748)
Caused by: org.apache.ratis.thirdparty.io.grpc.StatusRuntimeException: UNAVAILABLE: io exception
	at org.apache.ratis.thirdparty.io.grpc.stub.ClientCalls.toStatusRuntimeException(ClientCalls.java:233)
	at org.apache.ratis.thirdparty.io.grpc.stub.ClientCalls.getUnchecked(ClientCalls.java:214)
	at org.apache.ratis.thirdparty.io.grpc.stub.ClientCalls.blockingUnaryCall(ClientCalls.java:139)
	at org.apache.ratis.proto.grpc.RaftServerProtocolServiceGrpc$RaftServerProtocolServiceBlockingStub.requestVote(RaftServerProtocolServiceGrpc.java:265)
	at org.apache.ratis.grpc.server.GrpcServerProtocolClient.requestVote(GrpcServerProtocolClient.java:90)
	at org.apache.ratis.grpc.server.GrpcService.requestVote(GrpcService.java:204)
	at org.apache.ratis.server.impl.LeaderElection.lambda$submitRequests$1(LeaderElection.java:238)
	at java.util.concurrent.FutureTask.run(FutureTask.java:266)
	at java.util.concurrent.Executors$RunnableAdapter.call(Executors.java:511)
	at java.util.concurrent.FutureTask.run(FutureTask.java:266)
	at java.util.concurrent.ThreadPoolExecutor.runWorker(ThreadPoolExecutor.java:1149)
	at java.util.concurrent.ThreadPoolExecutor$Worker.run(ThreadPoolExecutor.java:624)
	... 1 more
Caused by: org.apache.ratis.thirdparty.io.netty.channel.AbstractChannel$AnnotatedConnectException: Connection refused: /192.168.151.121:36521
	at sun.nio.ch.SocketChannelImpl.checkConnect(Native Method)
	at sun.nio.ch.SocketChannelImpl.finishConnect(SocketChannelImpl.java:717)
	at org.apache.ratis.thirdparty.io.netty.channel.socket.nio.NioSocketChannel.doFinishConnect(NioSocketChannel.java:327)
	at org.apache.ratis.thirdparty.io.netty.channel.nio.AbstractNioChannel$AbstractNioUnsafe.finishConnect(AbstractNioChannel.java:340)
	at org.apache.ratis.thirdparty.io.netty.channel.nio.NioEventLoop.processSelectedKey(NioEventLoop.java:632)
	at org.apache.ratis.thirdparty.io.netty.channel.nio.NioEventLoop.processSelectedKeysOptimized(NioEventLoop.java:579)
	at org.apache.ratis.thirdparty.io.netty.channel.nio.NioEventLoop.processSelectedKeys(NioEventLoop.java:496)
	at org.apache.ratis.thirdparty.io.netty.channel.nio.NioEventLoop.run(NioEventLoop.java:458)
	at org.apache.ratis.thirdparty.io.netty.util.concurrent.SingleThreadEventExecutor$5.run(SingleThreadEventExecutor.java:897)
	at org.apache.ratis.thirdparty.io.netty.util.concurrent.FastThreadLocalRunnable.run(FastThreadLocalRunnable.java:30)
	... 1 more
Caused by: java.net.ConnectException: Connection refused
	... 11 more
2019-09-24 02:24:10,287 [grpc-default-executor-1] INFO  impl.RaftServerImpl (RaftServerImpl.java:setRole(174)) - afd2474b-fc98-4bcf-8229-023d47ec65b0@group-6FB4E83B17BF: changes role from  FOLLOWER to FOLLOWER at term 5 for recognizeCandidate:54979dbf-d71a-4b3b-9687-e35aa22ddfbe
2019-09-24 02:24:10,291 [grpc-default-executor-1] INFO  impl.RoleInfo (RoleInfo.java:shutdownFollowerState(121)) - afd2474b-fc98-4bcf-8229-023d47ec65b0: shutdown FollowerState
2019-09-24 02:24:10,291 [grpc-default-executor-1] INFO  impl.RoleInfo (RoleInfo.java:updateAndGet(143)) - afd2474b-fc98-4bcf-8229-023d47ec65b0: start FollowerState
2019-09-24 02:24:10,291 [Thread-1021] INFO  impl.FollowerState (FollowerState.java:run(115)) - afd2474b-fc98-4bcf-8229-023d47ec65b0: FollowerState was interrupted: java.lang.InterruptedException: sleep interrupted
2019-09-24 02:24:10,309 [54979dbf-d71a-4b3b-9687-e35aa22ddfbe@group-6FB4E83B17BF:LeaderElection29] INFO  impl.LeaderElection (LeaderElection.java:logAndReturn(56)) - 54979dbf-d71a-4b3b-9687-e35aa22ddfbe@group-6FB4E83B17BF:LeaderElection29: Election PASSED; received 1 response(s) [54979dbf-d71a-4b3b-9687-e35aa22ddfbe<-afd2474b-fc98-4bcf-8229-023d47ec65b0#0:OK-t5] and 1 exception(s); 54979dbf-d71a-4b3b-9687-e35aa22ddfbe@group-6FB4E83B17BF:t5, leader=null, voted=54979dbf-d71a-4b3b-9687-e35aa22ddfbe, raftlog=54979dbf-d71a-4b3b-9687-e35aa22ddfbe@group-6FB4E83B17BF-SegmentedRaftLog:OPENED:c2,f2,i2, conf=1: [afd2474b-fc98-4bcf-8229-023d47ec65b0:192.168.151.121:41375, 54979dbf-d71a-4b3b-9687-e35aa22ddfbe:192.168.151.121:40767, 8a99bbfb-49a9-45e9-85c7-917445244762:192.168.151.121:36521], old=null
2019-09-24 02:24:10,309 [54979dbf-d71a-4b3b-9687-e35aa22ddfbe@group-6FB4E83B17BF:LeaderElection29] INFO  impl.LeaderElection (LogUtils.java:infoOrTrace(149)) -   Exception 0: {}
java.util.concurrent.ExecutionException: org.apache.ratis.thirdparty.io.grpc.StatusRuntimeException: UNAVAILABLE: io exception
	at java.util.concurrent.FutureTask.report(FutureTask.java:122)
	at java.util.concurrent.FutureTask.get(FutureTask.java:192)
	at org.apache.ratis.server.impl.LeaderElection.waitForResults(LeaderElection.java:263)
	at org.apache.ratis.server.impl.LeaderElection.askForVotes(LeaderElection.java:201)
	at org.apache.ratis.server.impl.LeaderElection.run(LeaderElection.java:133)
	at java.lang.Thread.run(Thread.java:748)
Caused by: org.apache.ratis.thirdparty.io.grpc.StatusRuntimeException: UNAVAILABLE: io exception
	at org.apache.ratis.thirdparty.io.grpc.stub.ClientCalls.toStatusRuntimeException(ClientCalls.java:233)
	at org.apache.ratis.thirdparty.io.grpc.stub.ClientCalls.getUnchecked(ClientCalls.java:214)
	at org.apache.ratis.thirdparty.io.grpc.stub.ClientCalls.blockingUnaryCall(ClientCalls.java:139)
	at org.apache.ratis.proto.grpc.RaftServerProtocolServiceGrpc$RaftServerProtocolServiceBlockingStub.requestVote(RaftServerProtocolServiceGrpc.java:265)
	at org.apache.ratis.grpc.server.GrpcServerProtocolClient.requestVote(GrpcServerProtocolClient.java:90)
	at org.apache.ratis.grpc.server.GrpcService.requestVote(GrpcService.java:204)
	at org.apache.ratis.server.impl.LeaderElection.lambda$submitRequests$1(LeaderElection.java:238)
	at java.util.concurrent.FutureTask.run(FutureTask.java:266)
	at java.util.concurrent.Executors$RunnableAdapter.call(Executors.java:511)
	at java.util.concurrent.FutureTask.run(FutureTask.java:266)
	at java.util.concurrent.ThreadPoolExecutor.runWorker(ThreadPoolExecutor.java:1149)
	at java.util.concurrent.ThreadPoolExecutor$Worker.run(ThreadPoolExecutor.java:624)
	... 1 more
Caused by: org.apache.ratis.thirdparty.io.netty.channel.AbstractChannel$AnnotatedConnectException: Connection refused: /192.168.151.121:36521
	at sun.nio.ch.SocketChannelImpl.checkConnect(Native Method)
	at sun.nio.ch.SocketChannelImpl.finishConnect(SocketChannelImpl.java:717)
	at org.apache.ratis.thirdparty.io.netty.channel.socket.nio.NioSocketChannel.doFinishConnect(NioSocketChannel.java:327)
	at org.apache.ratis.thirdparty.io.netty.channel.nio.AbstractNioChannel$AbstractNioUnsafe.finishConnect(AbstractNioChannel.java:340)
	at org.apache.ratis.thirdparty.io.netty.channel.nio.NioEventLoop.processSelectedKey(NioEventLoop.java:632)
	at org.apache.ratis.thirdparty.io.netty.channel.nio.NioEventLoop.processSelectedKeysOptimized(NioEventLoop.java:579)
	at org.apache.ratis.thirdparty.io.netty.channel.nio.NioEventLoop.processSelectedKeys(NioEventLoop.java:496)
	at org.apache.ratis.thirdparty.io.netty.channel.nio.NioEventLoop.run(NioEventLoop.java:458)
	at org.apache.ratis.thirdparty.io.netty.util.concurrent.SingleThreadEventExecutor$5.run(SingleThreadEventExecutor.java:897)
	at org.apache.ratis.thirdparty.io.netty.util.concurrent.FastThreadLocalRunnable.run(FastThreadLocalRunnable.java:30)
	... 1 more
Caused by: java.net.ConnectException: Connection refused
	... 11 more
2019-09-24 02:24:10,310 [54979dbf-d71a-4b3b-9687-e35aa22ddfbe@group-6FB4E83B17BF:LeaderElection29] INFO  impl.RoleInfo (RoleInfo.java:shutdownLeaderElection(134)) - 54979dbf-d71a-4b3b-9687-e35aa22ddfbe: shutdown LeaderElection
2019-09-24 02:24:10,310 [54979dbf-d71a-4b3b-9687-e35aa22ddfbe@group-6FB4E83B17BF:LeaderElection29] INFO  impl.RaftServerImpl (RaftServerImpl.java:setRole(174)) - 54979dbf-d71a-4b3b-9687-e35aa22ddfbe@group-6FB4E83B17BF: changes role from CANDIDATE to LEADER at term 5 for changeToLeader
2019-09-24 02:24:10,310 [54979dbf-d71a-4b3b-9687-e35aa22ddfbe@group-6FB4E83B17BF:LeaderElection29] INFO  impl.RaftServerImpl (ServerState.java:setLeader(253)) - 54979dbf-d71a-4b3b-9687-e35aa22ddfbe@group-6FB4E83B17BF: change Leader from null to 54979dbf-d71a-4b3b-9687-e35aa22ddfbe at term 5 for becomeLeader, leader elected after 41ms
2019-09-24 02:24:10,310 [54979dbf-d71a-4b3b-9687-e35aa22ddfbe@group-6FB4E83B17BF:LeaderElection29] INFO  server.RaftServerConfigKeys (ConfUtils.java:logGet(43)) - raft.server.staging.catchup.gap = 1000 (default)
2019-09-24 02:24:10,311 [54979dbf-d71a-4b3b-9687-e35aa22ddfbe@group-6FB4E83B17BF:LeaderElection29] INFO  server.RaftServerConfigKeys (ConfUtils.java:logGet(43)) - raft.server.rpc.sleep.time = 25ms (default)
2019-09-24 02:24:10,311 [54979dbf-d71a-4b3b-9687-e35aa22ddfbe@group-6FB4E83B17BF:LeaderElection29] INFO  server.RaftServerConfigKeys (ConfUtils.java:logGet(43)) - raft.server.write.element-limit = 4096 (default)
2019-09-24 02:24:10,311 [54979dbf-d71a-4b3b-9687-e35aa22ddfbe@group-6FB4E83B17BF:LeaderElection29] INFO  server.RaftServerConfigKeys (ConfUtils.java:logGet(43)) - raft.server.watch.timeout = 10s (default)
2019-09-24 02:24:10,311 [54979dbf-d71a-4b3b-9687-e35aa22ddfbe@group-6FB4E83B17BF:LeaderElection29] INFO  server.RaftServerConfigKeys (ConfUtils.java:logGet(43)) - raft.server.watch.timeout.denomination = 1s (default)
2019-09-24 02:24:10,311 [54979dbf-d71a-4b3b-9687-e35aa22ddfbe@group-6FB4E83B17BF:LeaderElection29] INFO  server.RaftServerConfigKeys (ConfUtils.java:logGet(43)) - raft.server.watch.element-limit = 65536 (default)
2019-09-24 02:24:10,315 [54979dbf-d71a-4b3b-9687-e35aa22ddfbe@group-6FB4E83B17BF:LeaderElection29] INFO  server.RaftServerConfigKeys (ConfUtils.java:logGet(43)) - raft.server.log.appender.snapshot.chunk.size.max = 16MB (=16777216) (default)
2019-09-24 02:24:10,316 [54979dbf-d71a-4b3b-9687-e35aa22ddfbe@group-6FB4E83B17BF:LeaderElection29] INFO  server.RaftServerConfigKeys (ConfUtils.java:logGet(43)) - raft.server.log.appender.buffer.byte-limit = 33554432 (custom)
2019-09-24 02:24:10,316 [54979dbf-d71a-4b3b-9687-e35aa22ddfbe@group-6FB4E83B17BF:LeaderElection29] INFO  server.RaftServerConfigKeys (ConfUtils.java:logGet(43)) - raft.server.log.appender.buffer.element-limit = 1 (custom)
2019-09-24 02:24:10,316 [54979dbf-d71a-4b3b-9687-e35aa22ddfbe@group-6FB4E83B17BF:LeaderElection29] INFO  grpc.GrpcConfigKeys$Server (ConfUtils.java:logGet(43)) - raft.grpc.server.leader.outstanding.appends.max = 128 (default)
2019-09-24 02:24:10,316 [54979dbf-d71a-4b3b-9687-e35aa22ddfbe@group-6FB4E83B17BF:LeaderElection29] INFO  server.RaftServerConfigKeys (ConfUtils.java:logGet(43)) - raft.server.rpc.request.timeout = 3000ms (default)
2019-09-24 02:24:10,317 [54979dbf-d71a-4b3b-9687-e35aa22ddfbe@group-6FB4E83B17BF:LeaderElection29] INFO  server.RaftServerConfigKeys (ConfUtils.java:logGet(43)) - raft.server.log.appender.install.snapshot.enabled = false (custom)
2019-09-24 02:24:10,317 [54979dbf-d71a-4b3b-9687-e35aa22ddfbe@group-6FB4E83B17BF:LeaderElection29] INFO  server.RaftServerConfigKeys (ConfUtils.java:logGet(43)) - raft.server.log.appender.snapshot.chunk.size.max = 16MB (=16777216) (default)
2019-09-24 02:24:10,317 [54979dbf-d71a-4b3b-9687-e35aa22ddfbe@group-6FB4E83B17BF:LeaderElection29] INFO  server.RaftServerConfigKeys (ConfUtils.java:logGet(43)) - raft.server.log.appender.buffer.byte-limit = 33554432 (custom)
2019-09-24 02:24:10,317 [54979dbf-d71a-4b3b-9687-e35aa22ddfbe@group-6FB4E83B17BF:LeaderElection29] INFO  server.RaftServerConfigKeys (ConfUtils.java:logGet(43)) - raft.server.log.appender.buffer.element-limit = 1 (custom)
2019-09-24 02:24:10,318 [54979dbf-d71a-4b3b-9687-e35aa22ddfbe@group-6FB4E83B17BF:LeaderElection29] INFO  grpc.GrpcConfigKeys$Server (ConfUtils.java:logGet(43)) - raft.grpc.server.leader.outstanding.appends.max = 128 (default)
2019-09-24 02:24:10,318 [54979dbf-d71a-4b3b-9687-e35aa22ddfbe@group-6FB4E83B17BF:LeaderElection29] INFO  server.RaftServerConfigKeys (ConfUtils.java:logGet(43)) - raft.server.rpc.request.timeout = 3000ms (default)
2019-09-24 02:24:10,318 [54979dbf-d71a-4b3b-9687-e35aa22ddfbe@group-6FB4E83B17BF:LeaderElection29] INFO  server.RaftServerConfigKeys (ConfUtils.java:logGet(43)) - raft.server.log.appender.install.snapshot.enabled = false (custom)
2019-09-24 02:24:10,318 [54979dbf-d71a-4b3b-9687-e35aa22ddfbe@group-6FB4E83B17BF:LeaderElection29] INFO  impl.RoleInfo (RoleInfo.java:updateAndGet(143)) - 54979dbf-d71a-4b3b-9687-e35aa22ddfbe: start LeaderState
2019-09-24 02:24:10,319 [54979dbf-d71a-4b3b-9687-e35aa22ddfbe@group-6FB4E83B17BF:LeaderElection29] INFO  segmented.SegmentedRaftLogWorker (SegmentedRaftLogWorker.java:rollLogSegment(385)) - 54979dbf-d71a-4b3b-9687-e35aa22ddfbe@group-6FB4E83B17BF-SegmentedRaftLogWorker: Rolling segment log-1_2 to index:2
2019-09-24 02:24:10,320 [54979dbf-d71a-4b3b-9687-e35aa22ddfbe@group-6FB4E83B17BF-SegmentedRaftLogWorker] INFO  segmented.SegmentedRaftLogWorker (SegmentedRaftLogWorker.java:execute(526)) - 54979dbf-d71a-4b3b-9687-e35aa22ddfbe@group-6FB4E83B17BF-SegmentedRaftLogWorker: Rolled log segment from /workdir/hadoop-ozone/integration-test/target/test-dir/MiniOzoneClusterImpl-de332c24-5f7d-4363-8764-5335807553b9/datanode-4/data/ratis/9cb6fe3e-19f1-46bf-a361-6fb4e83b17bf/current/log_inprogress_1 to /workdir/hadoop-ozone/integration-test/target/test-dir/MiniOzoneClusterImpl-de332c24-5f7d-4363-8764-5335807553b9/datanode-4/data/ratis/9cb6fe3e-19f1-46bf-a361-6fb4e83b17bf/current/log_1-2
2019-09-24 02:24:10,322 [54979dbf-d71a-4b3b-9687-e35aa22ddfbe@group-6FB4E83B17BF:LeaderElection29] INFO  impl.RaftServerImpl (ServerState.java:setRaftConf(354)) - 54979dbf-d71a-4b3b-9687-e35aa22ddfbe@group-6FB4E83B17BF: set configuration 3: [afd2474b-fc98-4bcf-8229-023d47ec65b0:192.168.151.121:41375, 54979dbf-d71a-4b3b-9687-e35aa22ddfbe:192.168.151.121:40767, 8a99bbfb-49a9-45e9-85c7-917445244762:192.168.151.121:36521], old=null at 3
2019-09-24 02:24:10,322 [grpc-default-executor-1] WARN  server.GrpcLogAppender (LogUtils.java:warn(134)) - 54979dbf-d71a-4b3b-9687-e35aa22ddfbe@group-6FB4E83B17BF->8a99bbfb-49a9-45e9-85c7-917445244762-AppendLogResponseHandler: Failed appendEntries: org.apache.ratis.thirdparty.io.grpc.StatusRuntimeException: UNAVAILABLE: io exception
2019-09-24 02:24:10,358 [grpc-default-executor-1] INFO  impl.FollowerInfo (FollowerInfo.java:lambda$new$0(51)) - 54979dbf-d71a-4b3b-9687-e35aa22ddfbe@group-6FB4E83B17BF->8a99bbfb-49a9-45e9-85c7-917445244762: nextIndex: updateUnconditionally 3 -> 1
2019-09-24 02:24:10,359 [grpc-default-executor-1] INFO  impl.RaftServerImpl (ServerState.java:setLeader(253)) - afd2474b-fc98-4bcf-8229-023d47ec65b0@group-6FB4E83B17BF: change Leader from null to 54979dbf-d71a-4b3b-9687-e35aa22ddfbe at term 5 for appendEntries, leader elected after 71ms
2019-09-24 02:24:10,361 [grpc-default-executor-1] INFO  impl.RaftServerImpl (ServerState.java:setRaftConf(354)) - afd2474b-fc98-4bcf-8229-023d47ec65b0@group-6FB4E83B17BF: set configuration 3: [afd2474b-fc98-4bcf-8229-023d47ec65b0:192.168.151.121:41375, 54979dbf-d71a-4b3b-9687-e35aa22ddfbe:192.168.151.121:40767, 8a99bbfb-49a9-45e9-85c7-917445244762:192.168.151.121:36521], old=null at 3
2019-09-24 02:24:10,361 [grpc-default-executor-1] INFO  segmented.SegmentedRaftLogWorker (SegmentedRaftLogWorker.java:rollLogSegment(385)) - afd2474b-fc98-4bcf-8229-023d47ec65b0@group-6FB4E83B17BF-SegmentedRaftLogWorker: Rolling segment log-1_2 to index:2
2019-09-24 02:24:10,362 [afd2474b-fc98-4bcf-8229-023d47ec65b0@group-6FB4E83B17BF-SegmentedRaftLogWorker] INFO  segmented.SegmentedRaftLogWorker (SegmentedRaftLogWorker.java:execute(526)) - afd2474b-fc98-4bcf-8229-023d47ec65b0@group-6FB4E83B17BF-SegmentedRaftLogWorker: Rolled log segment from /workdir/hadoop-ozone/integration-test/target/test-dir/MiniOzoneClusterImpl-de332c24-5f7d-4363-8764-5335807553b9/datanode-7/data/ratis/9cb6fe3e-19f1-46bf-a361-6fb4e83b17bf/current/log_inprogress_1 to /workdir/hadoop-ozone/integration-test/target/test-dir/MiniOzoneClusterImpl-de332c24-5f7d-4363-8764-5335807553b9/datanode-7/data/ratis/9cb6fe3e-19f1-46bf-a361-6fb4e83b17bf/current/log_1-2
2019-09-24 02:24:10,379 [54979dbf-d71a-4b3b-9687-e35aa22ddfbe@group-6FB4E83B17BF-SegmentedRaftLogWorker] INFO  segmented.SegmentedRaftLogWorker (SegmentedRaftLogWorker.java:execute(569)) - 54979dbf-d71a-4b3b-9687-e35aa22ddfbe@group-6FB4E83B17BF-SegmentedRaftLogWorker: created new log segment /workdir/hadoop-ozone/integration-test/target/test-dir/MiniOzoneClusterImpl-de332c24-5f7d-4363-8764-5335807553b9/datanode-4/data/ratis/9cb6fe3e-19f1-46bf-a361-6fb4e83b17bf/current/log_inprogress_3
2019-09-24 02:24:10,412 [afd2474b-fc98-4bcf-8229-023d47ec65b0@group-6FB4E83B17BF-SegmentedRaftLogWorker] INFO  segmented.SegmentedRaftLogWorker (SegmentedRaftLogWorker.java:execute(569)) - afd2474b-fc98-4bcf-8229-023d47ec65b0@group-6FB4E83B17BF-SegmentedRaftLogWorker: created new log segment /workdir/hadoop-ozone/integration-test/target/test-dir/MiniOzoneClusterImpl-de332c24-5f7d-4363-8764-5335807553b9/datanode-7/data/ratis/9cb6fe3e-19f1-46bf-a361-6fb4e83b17bf/current/log_inprogress_3
2019-09-24 02:24:10,756 [grpc-default-executor-6] WARN  server.GrpcLogAppender (LogUtils.java:warn(134)) - c0944fb1-a003-48a4-987e-44a4096d22d1@group-E392B0B88194->0fd55585-263a-4577-aa0a-ea5a39896330-AppendLogResponseHandler: Failed appendEntries: org.apache.ratis.thirdparty.io.grpc.StatusRuntimeException: UNAVAILABLE: io exception
2019-09-24 02:24:10,766 [grpc-default-executor-6] INFO  impl.FollowerInfo (FollowerInfo.java:lambda$new$0(51)) - c0944fb1-a003-48a4-987e-44a4096d22d1@group-E392B0B88194->0fd55585-263a-4577-aa0a-ea5a39896330: nextIndex: updateUnconditionally 0 -> 0
2019-09-24 02:24:10,772 [grpc-default-executor-7] WARN  server.GrpcLogAppender (LogUtils.java:warn(134)) - 54979dbf-d71a-4b3b-9687-e35aa22ddfbe@group-6FB4E83B17BF->8a99bbfb-49a9-45e9-85c7-917445244762-AppendLogResponseHandler: Failed appendEntries: org.apache.ratis.thirdparty.io.grpc.StatusRuntimeException: UNAVAILABLE: io exception
2019-09-24 02:24:10,774 [grpc-default-executor-7] INFO  impl.FollowerInfo (FollowerInfo.java:lambda$new$0(51)) - 54979dbf-d71a-4b3b-9687-e35aa22ddfbe@group-6FB4E83B17BF->8a99bbfb-49a9-45e9-85c7-917445244762: nextIndex: updateUnconditionally 2 -> 1
2019-09-24 02:24:10,790 [grpc-default-executor-0] WARN  server.GrpcLogAppender (LogUtils.java:warn(134)) - 54979dbf-d71a-4b3b-9687-e35aa22ddfbe@group-6FB4E83B17BF->8a99bbfb-49a9-45e9-85c7-917445244762-AppendLogResponseHandler: Failed appendEntries: org.apache.ratis.thirdparty.io.grpc.StatusRuntimeException: UNAVAILABLE: io exception
2019-09-24 02:24:10,792 [grpc-default-executor-0] INFO  impl.FollowerInfo (FollowerInfo.java:lambda$new$0(51)) - 54979dbf-d71a-4b3b-9687-e35aa22ddfbe@group-6FB4E83B17BF->8a99bbfb-49a9-45e9-85c7-917445244762: nextIndex: updateUnconditionally 2 -> 1
2019-09-24 02:24:10,924 [grpc-default-executor-6] WARN  server.GrpcLogAppender (LogUtils.java:warn(134)) - c0944fb1-a003-48a4-987e-44a4096d22d1@group-E392B0B88194->0fd55585-263a-4577-aa0a-ea5a39896330-AppendLogResponseHandler: Failed appendEntries: org.apache.ratis.thirdparty.io.grpc.StatusRuntimeException: UNAVAILABLE: io exception
2019-09-24 02:24:10,928 [grpc-default-executor-6] INFO  impl.FollowerInfo (FollowerInfo.java:lambda$new$0(51)) - c0944fb1-a003-48a4-987e-44a4096d22d1@group-E392B0B88194->0fd55585-263a-4577-aa0a-ea5a39896330: nextIndex: updateUnconditionally 0 -> 0
2019-09-24 02:24:11,295 [grpc-default-executor-7] WARN  server.GrpcLogAppender (LogUtils.java:warn(134)) - 54979dbf-d71a-4b3b-9687-e35aa22ddfbe@group-6FB4E83B17BF->8a99bbfb-49a9-45e9-85c7-917445244762-AppendLogResponseHandler: Failed appendEntries: org.apache.ratis.thirdparty.io.grpc.StatusRuntimeException: UNAVAILABLE: io exception
2019-09-24 02:24:11,298 [grpc-default-executor-7] INFO  impl.FollowerInfo (FollowerInfo.java:lambda$new$0(51)) - 54979dbf-d71a-4b3b-9687-e35aa22ddfbe@group-6FB4E83B17BF->8a99bbfb-49a9-45e9-85c7-917445244762: nextIndex: updateUnconditionally 1 -> 0
2019-09-24 02:24:11,429 [grpc-default-executor-0] WARN  server.GrpcLogAppender (LogUtils.java:warn(134)) - c0944fb1-a003-48a4-987e-44a4096d22d1@group-E392B0B88194->0fd55585-263a-4577-aa0a-ea5a39896330-AppendLogResponseHandler: Failed appendEntries: org.apache.ratis.thirdparty.io.grpc.StatusRuntimeException: UNAVAILABLE: io exception
2019-09-24 02:24:11,432 [grpc-default-executor-0] INFO  impl.FollowerInfo (FollowerInfo.java:lambda$new$0(51)) - c0944fb1-a003-48a4-987e-44a4096d22d1@group-E392B0B88194->0fd55585-263a-4577-aa0a-ea5a39896330: nextIndex: updateUnconditionally 0 -> 0
2019-09-24 02:24:11,818 [grpc-default-executor-7] WARN  server.GrpcLogAppender (LogUtils.java:warn(134)) - 54979dbf-d71a-4b3b-9687-e35aa22ddfbe@group-6FB4E83B17BF->8a99bbfb-49a9-45e9-85c7-917445244762-AppendLogResponseHandler: Failed appendEntries: org.apache.ratis.thirdparty.io.grpc.StatusRuntimeException: UNAVAILABLE: io exception
2019-09-24 02:24:11,821 [grpc-default-executor-7] INFO  impl.FollowerInfo (FollowerInfo.java:lambda$new$0(51)) - 54979dbf-d71a-4b3b-9687-e35aa22ddfbe@group-6FB4E83B17BF->8a99bbfb-49a9-45e9-85c7-917445244762: nextIndex: updateUnconditionally 0 -> 0
2019-09-24 02:24:11,929 [grpc-default-executor-0] WARN  server.GrpcLogAppender (LogUtils.java:warn(134)) - c0944fb1-a003-48a4-987e-44a4096d22d1@group-E392B0B88194->0fd55585-263a-4577-aa0a-ea5a39896330-AppendLogResponseHandler: Failed appendEntries: org.apache.ratis.thirdparty.io.grpc.StatusRuntimeException: UNAVAILABLE: io exception
2019-09-24 02:24:11,933 [grpc-default-executor-0] INFO  impl.FollowerInfo (FollowerInfo.java:lambda$new$0(51)) - c0944fb1-a003-48a4-987e-44a4096d22d1@group-E392B0B88194->0fd55585-263a-4577-aa0a-ea5a39896330: nextIndex: updateUnconditionally 0 -> 0
2019-09-24 02:24:12,321 [grpc-default-executor-6] WARN  server.GrpcLogAppender (LogUtils.java:warn(134)) - 54979dbf-d71a-4b3b-9687-e35aa22ddfbe@group-6FB4E83B17BF->8a99bbfb-49a9-45e9-85c7-917445244762-AppendLogResponseHandler: Failed appendEntries: org.apache.ratis.thirdparty.io.grpc.StatusRuntimeException: UNAVAILABLE: io exception
2019-09-24 02:24:12,341 [grpc-default-executor-6] INFO  impl.FollowerInfo (FollowerInfo.java:lambda$new$0(51)) - 54979dbf-d71a-4b3b-9687-e35aa22ddfbe@group-6FB4E83B17BF->8a99bbfb-49a9-45e9-85c7-917445244762: nextIndex: updateUnconditionally 0 -> 0
2019-09-24 02:24:12,430 [grpc-default-executor-0] WARN  server.GrpcLogAppender (LogUtils.java:warn(134)) - c0944fb1-a003-48a4-987e-44a4096d22d1@group-E392B0B88194->0fd55585-263a-4577-aa0a-ea5a39896330-AppendLogResponseHandler: Failed appendEntries: org.apache.ratis.thirdparty.io.grpc.StatusRuntimeException: UNAVAILABLE: io exception
2019-09-24 02:24:12,433 [grpc-default-executor-0] INFO  impl.FollowerInfo (FollowerInfo.java:lambda$new$0(51)) - c0944fb1-a003-48a4-987e-44a4096d22d1@group-E392B0B88194->0fd55585-263a-4577-aa0a-ea5a39896330: nextIndex: updateUnconditionally 0 -> 0
2019-09-24 02:24:12,824 [grpc-default-executor-7] WARN  server.GrpcLogAppender (LogUtils.java:warn(134)) - 54979dbf-d71a-4b3b-9687-e35aa22ddfbe@group-6FB4E83B17BF->8a99bbfb-49a9-45e9-85c7-917445244762-AppendLogResponseHandler: Failed appendEntries: org.apache.ratis.thirdparty.io.grpc.StatusRuntimeException: UNAVAILABLE: io exception
2019-09-24 02:24:12,826 [grpc-default-executor-7] INFO  impl.FollowerInfo (FollowerInfo.java:lambda$new$0(51)) - 54979dbf-d71a-4b3b-9687-e35aa22ddfbe@group-6FB4E83B17BF->8a99bbfb-49a9-45e9-85c7-917445244762: nextIndex: updateUnconditionally 0 -> 0
2019-09-24 02:24:12,930 [grpc-default-executor-6] WARN  server.GrpcLogAppender (LogUtils.java:warn(134)) - c0944fb1-a003-48a4-987e-44a4096d22d1@group-E392B0B88194->0fd55585-263a-4577-aa0a-ea5a39896330-AppendLogResponseHandler: Failed appendEntries: org.apache.ratis.thirdparty.io.grpc.StatusRuntimeException: UNAVAILABLE: io exception
2019-09-24 02:24:12,932 [grpc-default-executor-6] INFO  impl.FollowerInfo (FollowerInfo.java:lambda$new$0(51)) - c0944fb1-a003-48a4-987e-44a4096d22d1@group-E392B0B88194->0fd55585-263a-4577-aa0a-ea5a39896330: nextIndex: updateUnconditionally 0 -> 0
2019-09-24 02:24:13,340 [grpc-default-executor-0] WARN  server.GrpcLogAppender (LogUtils.java:warn(134)) - 54979dbf-d71a-4b3b-9687-e35aa22ddfbe@group-6FB4E83B17BF->8a99bbfb-49a9-45e9-85c7-917445244762-AppendLogResponseHandler: Failed appendEntries: org.apache.ratis.thirdparty.io.grpc.StatusRuntimeException: UNAVAILABLE: io exception
2019-09-24 02:24:13,343 [grpc-default-executor-0] INFO  impl.FollowerInfo (FollowerInfo.java:lambda$new$0(51)) - 54979dbf-d71a-4b3b-9687-e35aa22ddfbe@group-6FB4E83B17BF->8a99bbfb-49a9-45e9-85c7-917445244762: nextIndex: updateUnconditionally 0 -> 0
2019-09-24 02:24:13,418 [main] INFO  ozoneimpl.OzoneContainer (OzoneContainer.java:stop(231)) - Attempting to stop container services.
2019-09-24 02:24:13,418 [ForkJoinPool.commonPool-worker-0] INFO  ozoneimpl.OzoneContainer (OzoneContainer.java:stop(231)) - Attempting to stop container services.
2019-09-24 02:24:13,419 [main] INFO  impl.RaftServerProxy (RaftServerProxy.java:lambda$close$4(314)) - 8c193d5e-9ed1-473b-899f-b32365b4534a: close
2019-09-24 02:24:13,420 [main] INFO  impl.RaftServerImpl (RaftServerImpl.java:lambda$shutdown$3(251)) - 8c193d5e-9ed1-473b-899f-b32365b4534a@group-9539D0A3D32B: shutdown
2019-09-24 02:24:13,420 [main] INFO  util.JmxRegister (JmxRegister.java:unregister(73)) - Successfully un-registered JMX Bean with object name Ratis:service=RaftServer,group=group-9539D0A3D32B,id=8c193d5e-9ed1-473b-899f-b32365b4534a
2019-09-24 02:24:13,421 [main] INFO  impl.RoleInfo (RoleInfo.java:shutdownLeaderState(104)) - 8c193d5e-9ed1-473b-899f-b32365b4534a: shutdown LeaderState
2019-09-24 02:24:13,421 [main] INFO  impl.PendingRequests (PendingRequests.java:sendNotLeaderResponses(202)) - 8c193d5e-9ed1-473b-899f-b32365b4534a-PendingRequests: sendNotLeaderResponses
2019-09-24 02:24:13,422 [main] INFO  impl.StateMachineUpdater (StateMachineUpdater.java:stopAndJoin(125)) - 8c193d5e-9ed1-473b-899f-b32365b4534a@group-9539D0A3D32B-StateMachineUpdater: set stopIndex = 0
2019-09-24 02:24:13,422 [main] INFO  impl.RaftServerImpl (ServerState.java:close(385)) - 8c193d5e-9ed1-473b-899f-b32365b4534a@group-9539D0A3D32B: closes. applyIndex: 0
2019-09-24 02:24:13,433 [8c193d5e-9ed1-473b-899f-b32365b4534a@group-9539D0A3D32B-SegmentedRaftLogWorker] INFO  segmented.SegmentedRaftLogWorker (SegmentedRaftLogWorker.java:run(313)) - 8c193d5e-9ed1-473b-899f-b32365b4534a@group-9539D0A3D32B-SegmentedRaftLogWorker was interrupted, exiting. There are 0 tasks remaining in the queue.
2019-09-24 02:24:13,433 [ForkJoinPool.commonPool-worker-0] INFO  impl.RaftServerProxy (RaftServerProxy.java:lambda$close$4(314)) - 76c02951-0e42-41da-95d2-62b96a0dd9ff: close
2019-09-24 02:24:13,436 [ForkJoinPool.commonPool-worker-0] INFO  impl.RaftServerImpl (RaftServerImpl.java:lambda$shutdown$3(251)) - 76c02951-0e42-41da-95d2-62b96a0dd9ff@group-AC226764E810: shutdown
2019-09-24 02:24:13,436 [main] INFO  segmented.SegmentedRaftLogWorker (SegmentedRaftLogWorker.java:close(228)) - 8c193d5e-9ed1-473b-899f-b32365b4534a@group-9539D0A3D32B-SegmentedRaftLogWorker close()
2019-09-24 02:24:13,436 [ForkJoinPool.commonPool-worker-0] INFO  util.JmxRegister (JmxRegister.java:unregister(73)) - Successfully un-registered JMX Bean with object name Ratis:service=RaftServer,group=group-AC226764E810,id=76c02951-0e42-41da-95d2-62b96a0dd9ff
2019-09-24 02:24:13,440 [main] INFO  server.GrpcService (GrpcService.java:closeImpl(164)) - 8c193d5e-9ed1-473b-899f-b32365b4534a: shutdown server with port 33457 now
2019-09-24 02:24:13,441 [ForkJoinPool.commonPool-worker-0] INFO  impl.RoleInfo (RoleInfo.java:shutdownLeaderState(104)) - 76c02951-0e42-41da-95d2-62b96a0dd9ff: shutdown LeaderState
2019-09-24 02:24:13,441 [grpc-default-executor-6] WARN  server.GrpcLogAppender (LogUtils.java:warn(134)) - c0944fb1-a003-48a4-987e-44a4096d22d1@group-E392B0B88194->0fd55585-263a-4577-aa0a-ea5a39896330-AppendLogResponseHandler: Failed appendEntries: org.apache.ratis.thirdparty.io.grpc.StatusRuntimeException: UNAVAILABLE: io exception
2019-09-24 02:24:13,441 [ForkJoinPool.commonPool-worker-0] INFO  impl.PendingRequests (PendingRequests.java:sendNotLeaderResponses(202)) - 76c02951-0e42-41da-95d2-62b96a0dd9ff-PendingRequests: sendNotLeaderResponses
2019-09-24 02:24:13,442 [ForkJoinPool.commonPool-worker-0] INFO  impl.StateMachineUpdater (StateMachineUpdater.java:stopAndJoin(125)) - 76c02951-0e42-41da-95d2-62b96a0dd9ff@group-AC226764E810-StateMachineUpdater: set stopIndex = 0
2019-09-24 02:24:13,442 [ForkJoinPool.commonPool-worker-0] INFO  impl.RaftServerImpl (ServerState.java:close(385)) - 76c02951-0e42-41da-95d2-62b96a0dd9ff@group-AC226764E810: closes. applyIndex: 0
2019-09-24 02:24:13,454 [76c02951-0e42-41da-95d2-62b96a0dd9ff@group-AC226764E810-SegmentedRaftLogWorker] INFO  segmented.SegmentedRaftLogWorker (SegmentedRaftLogWorker.java:run(313)) - 76c02951-0e42-41da-95d2-62b96a0dd9ff@group-AC226764E810-SegmentedRaftLogWorker was interrupted, exiting. There are 0 tasks remaining in the queue.
2019-09-24 02:24:13,454 [grpc-default-executor-6] INFO  impl.FollowerInfo (FollowerInfo.java:lambda$new$0(51)) - c0944fb1-a003-48a4-987e-44a4096d22d1@group-E392B0B88194->0fd55585-263a-4577-aa0a-ea5a39896330: nextIndex: updateUnconditionally 0 -> 0
2019-09-24 02:24:13,456 [ForkJoinPool.commonPool-worker-0] INFO  segmented.SegmentedRaftLogWorker (SegmentedRaftLogWorker.java:close(228)) - 76c02951-0e42-41da-95d2-62b96a0dd9ff@group-AC226764E810-SegmentedRaftLogWorker close()
2019-09-24 02:24:13,454 [main] INFO  server.GrpcService (GrpcService.java:closeImpl(172)) - 8c193d5e-9ed1-473b-899f-b32365b4534a: shutdown server with port 33457 successfully
2019-09-24 02:24:13,460 [ForkJoinPool.commonPool-worker-0] INFO  impl.RaftServerImpl (RaftServerImpl.java:lambda$shutdown$3(251)) - 76c02951-0e42-41da-95d2-62b96a0dd9ff@group-D8F232C36E53: shutdown
2019-09-24 02:24:13,461 [ForkJoinPool.commonPool-worker-0] INFO  util.JmxRegister (JmxRegister.java:unregister(73)) - Successfully un-registered JMX Bean with object name Ratis:service=RaftServer,group=group-D8F232C36E53,id=76c02951-0e42-41da-95d2-62b96a0dd9ff
2019-09-24 02:24:13,461 [ForkJoinPool.commonPool-worker-0] INFO  impl.RoleInfo (RoleInfo.java:shutdownLeaderState(104)) - 76c02951-0e42-41da-95d2-62b96a0dd9ff: shutdown LeaderState
2019-09-24 02:24:13,474 [org.apache.ratis.server.impl.LogAppender$AppenderDaemon$$Lambda$430/2026899056@59af1a7d] WARN  server.GrpcLogAppender (GrpcLogAppender.java:mayWait(143)) - 76c02951-0e42-41da-95d2-62b96a0dd9ff@group-D8F232C36E53->6e6c6100-ad13-453b-9932-e9c645725862-GrpcLogAppender: Wait interrupted by java.lang.InterruptedException
2019-09-24 02:24:13,477 [ForkJoinPool.commonPool-worker-0] INFO  impl.PendingRequests (PendingRequests.java:sendNotLeaderResponses(202)) - 76c02951-0e42-41da-95d2-62b96a0dd9ff-PendingRequests: sendNotLeaderResponses
2019-09-24 02:24:13,477 [org.apache.ratis.server.impl.LogAppender$AppenderDaemon$$Lambda$430/2026899056@7a5cc033] WARN  server.GrpcLogAppender (GrpcLogAppender.java:mayWait(143)) - 76c02951-0e42-41da-95d2-62b96a0dd9ff@group-D8F232C36E53->6adb7553-cea6-43f8-9b13-e82d721d47e7-GrpcLogAppender: Wait interrupted by java.lang.InterruptedException
2019-09-24 02:24:13,477 [grpc-default-executor-6] INFO  server.GrpcServerProtocolService (GrpcServerProtocolService.java:onCompleted(113)) - 6e6c6100-ad13-453b-9932-e9c645725862: Completed APPEND_ENTRIES, lastRequest: 76c02951-0e42-41da-95d2-62b96a0dd9ff->6e6c6100-ad13-453b-9932-e9c645725862#234-t2, previous=(t:2, i:0), leaderCommit=0, initializing? false, entries: <empty>
2019-09-24 02:24:13,477 [ForkJoinPool.commonPool-worker-0] INFO  impl.StateMachineUpdater (StateMachineUpdater.java:stopAndJoin(125)) - 76c02951-0e42-41da-95d2-62b96a0dd9ff@group-D8F232C36E53-StateMachineUpdater: set stopIndex = 0
2019-09-24 02:24:13,478 [refreshUsed-/workdir/hadoop-ozone/integration-test/target/test-dir/MiniOzoneClusterImpl-de332c24-5f7d-4363-8764-5335807553b9/datanode-6/data/containers] WARN  fs.CachingGetSpaceUsed (CachingGetSpaceUsed.java:run(183)) - Thread Interrupted waiting to refresh disk information: sleep interrupted
2019-09-24 02:24:13,478 [grpc-default-executor-7] INFO  server.GrpcServerProtocolService (GrpcServerProtocolService.java:onCompleted(113)) - 6adb7553-cea6-43f8-9b13-e82d721d47e7: Completed APPEND_ENTRIES, lastRequest: 76c02951-0e42-41da-95d2-62b96a0dd9ff->6adb7553-cea6-43f8-9b13-e82d721d47e7#234-t2, previous=(t:2, i:0), leaderCommit=0, initializing? false, entries: <empty>
2019-09-24 02:24:13,478 [ForkJoinPool.commonPool-worker-0] INFO  impl.RaftServerImpl (ServerState.java:close(385)) - 76c02951-0e42-41da-95d2-62b96a0dd9ff@group-D8F232C36E53: closes. applyIndex: 0
2019-09-24 02:24:13,479 [grpc-default-executor-7] INFO  server.GrpcLogAppender (GrpcLogAppender.java:onCompleted(293)) - 76c02951-0e42-41da-95d2-62b96a0dd9ff@group-D8F232C36E53->6e6c6100-ad13-453b-9932-e9c645725862-AppendLogResponseHandler: follower responses appendEntries COMPLETED
2019-09-24 02:24:13,479 [76c02951-0e42-41da-95d2-62b96a0dd9ff@group-D8F232C36E53-SegmentedRaftLogWorker] INFO  segmented.SegmentedRaftLogWorker (SegmentedRaftLogWorker.java:run(313)) - 76c02951-0e42-41da-95d2-62b96a0dd9ff@group-D8F232C36E53-SegmentedRaftLogWorker was interrupted, exiting. There are 0 tasks remaining in the queue.
2019-09-24 02:24:13,489 [grpc-default-executor-7] INFO  impl.FollowerInfo (FollowerInfo.java:lambda$new$0(51)) - 76c02951-0e42-41da-95d2-62b96a0dd9ff@group-D8F232C36E53->6e6c6100-ad13-453b-9932-e9c645725862: nextIndex: updateUnconditionally 1 -> 0
2019-09-24 02:24:13,491 [grpc-default-executor-6] INFO  server.GrpcLogAppender (GrpcLogAppender.java:onCompleted(293)) - 76c02951-0e42-41da-95d2-62b96a0dd9ff@group-D8F232C36E53->6adb7553-cea6-43f8-9b13-e82d721d47e7-AppendLogResponseHandler: follower responses appendEntries COMPLETED
2019-09-24 02:24:13,491 [ForkJoinPool.commonPool-worker-0] INFO  segmented.SegmentedRaftLogWorker (SegmentedRaftLogWorker.java:close(228)) - 76c02951-0e42-41da-95d2-62b96a0dd9ff@group-D8F232C36E53-SegmentedRaftLogWorker close()
2019-09-24 02:24:13,503 [grpc-default-executor-6] INFO  impl.FollowerInfo (FollowerInfo.java:lambda$new$0(51)) - 76c02951-0e42-41da-95d2-62b96a0dd9ff@group-D8F232C36E53->6adb7553-cea6-43f8-9b13-e82d721d47e7: nextIndex: updateUnconditionally 1 -> 0
2019-09-24 02:24:13,507 [ForkJoinPool.commonPool-worker-0] INFO  server.GrpcService (GrpcService.java:closeImpl(164)) - 76c02951-0e42-41da-95d2-62b96a0dd9ff: shutdown server with port 42331 now
2019-09-24 02:24:13,508 [ForkJoinPool.commonPool-worker-0] INFO  server.GrpcService (GrpcService.java:closeImpl(172)) - 76c02951-0e42-41da-95d2-62b96a0dd9ff: shutdown server with port 42331 successfully
2019-09-24 02:24:13,511 [main] INFO  utils.BackgroundService (BackgroundService.java:shutdown(148)) - Shutting down service BlockDeletingService
2019-09-24 02:24:13,571 [main] INFO  statemachine.DatanodeStateMachine (DatanodeStateMachine.java:stopDaemon(395)) - Ozone container server stopped.
2019-09-24 02:24:13,575 [refreshUsed-/workdir/hadoop-ozone/integration-test/target/test-dir/MiniOzoneClusterImpl-de332c24-5f7d-4363-8764-5335807553b9/datanode-3/data/containers] WARN  fs.CachingGetSpaceUsed (CachingGetSpaceUsed.java:run(183)) - Thread Interrupted waiting to refresh disk information: sleep interrupted
2019-09-24 02:24:13,575 [main] INFO  handler.ContextHandler (ContextHandler.java:doStop(910)) - Stopped o.e.j.w.WebAppContext@6d6bbd35{/,null,UNAVAILABLE}{/hddsDatanode}
2019-09-24 02:24:13,576 [main] INFO  server.AbstractConnector (AbstractConnector.java:doStop(318)) - Stopped ServerConnector@5c5d6175{HTTP/1.1,[http/1.1]}{0.0.0.0:0}
2019-09-24 02:24:13,577 [main] INFO  handler.ContextHandler (ContextHandler.java:doStop(910)) - Stopped o.e.j.s.ServletContextHandler@3dd31157{/static,jar:file:/home/user/.m2/repository/org/apache/hadoop/hadoop-hdds-container-service/0.5.0-SNAPSHOT/hadoop-hdds-container-service-0.5.0-SNAPSHOT.jar!/webapps/static,UNAVAILABLE}
2019-09-24 02:24:13,577 [main] INFO  handler.ContextHandler (ContextHandler.java:doStop(910)) - Stopped o.e.j.s.ServletContextHandler@574a89e2{/logs,file:///workdir/hadoop-ozone/integration-test/target/log,UNAVAILABLE}
2019-09-24 02:24:13,586 [ForkJoinPool.commonPool-worker-0] INFO  utils.BackgroundService (BackgroundService.java:shutdown(148)) - Shutting down service BlockDeletingService
2019-09-24 02:24:13,590 [ForkJoinPool.commonPool-worker-0] INFO  statemachine.DatanodeStateMachine (DatanodeStateMachine.java:stopDaemon(395)) - Ozone container server stopped.
2019-09-24 02:24:13,597 [ForkJoinPool.commonPool-worker-0] INFO  handler.ContextHandler (ContextHandler.java:doStop(910)) - Stopped o.e.j.w.WebAppContext@73844119{/,null,UNAVAILABLE}{/hddsDatanode}
2019-09-24 02:24:13,597 [ForkJoinPool.commonPool-worker-0] INFO  server.AbstractConnector (AbstractConnector.java:doStop(318)) - Stopped ServerConnector@44f24a20{HTTP/1.1,[http/1.1]}{0.0.0.0:0}
2019-09-24 02:24:13,599 [ForkJoinPool.commonPool-worker-0] INFO  handler.ContextHandler (ContextHandler.java:doStop(910)) - Stopped o.e.j.s.ServletContextHandler@5634d0f4{/static,jar:file:/home/user/.m2/repository/org/apache/hadoop/hadoop-hdds-container-service/0.5.0-SNAPSHOT/hadoop-hdds-container-service-0.5.0-SNAPSHOT.jar!/webapps/static,UNAVAILABLE}
2019-09-24 02:24:13,601 [ForkJoinPool.commonPool-worker-0] INFO  handler.ContextHandler (ContextHandler.java:doStop(910)) - Stopped o.e.j.s.ServletContextHandler@642f9a77{/logs,file:///workdir/hadoop-ozone/integration-test/target/log,UNAVAILABLE}
2019-09-24 02:24:13,841 [grpc-default-executor-0] WARN  server.GrpcLogAppender (LogUtils.java:warn(134)) - 54979dbf-d71a-4b3b-9687-e35aa22ddfbe@group-6FB4E83B17BF->8a99bbfb-49a9-45e9-85c7-917445244762-AppendLogResponseHandler: Failed appendEntries: org.apache.ratis.thirdparty.io.grpc.StatusRuntimeException: UNAVAILABLE: io exception
2019-09-24 02:24:13,844 [grpc-default-executor-0] INFO  impl.FollowerInfo (FollowerInfo.java:lambda$new$0(51)) - 54979dbf-d71a-4b3b-9687-e35aa22ddfbe@group-6FB4E83B17BF->8a99bbfb-49a9-45e9-85c7-917445244762: nextIndex: updateUnconditionally 0 -> 0
2019-09-24 02:24:13,934 [grpc-default-executor-6] WARN  server.GrpcLogAppender (LogUtils.java:warn(134)) - c0944fb1-a003-48a4-987e-44a4096d22d1@group-E392B0B88194->0fd55585-263a-4577-aa0a-ea5a39896330-AppendLogResponseHandler: Failed appendEntries: org.apache.ratis.thirdparty.io.grpc.StatusRuntimeException: UNAVAILABLE: io exception
2019-09-24 02:24:13,936 [grpc-default-executor-6] INFO  impl.FollowerInfo (FollowerInfo.java:lambda$new$0(51)) - c0944fb1-a003-48a4-987e-44a4096d22d1@group-E392B0B88194->0fd55585-263a-4577-aa0a-ea5a39896330: nextIndex: updateUnconditionally 0 -> 0
2019-09-24 02:24:14,081 [Datanode State Machine Thread - 0] INFO  statemachine.DatanodeStateMachine (DatanodeStateMachine.java:lambda$startDaemon$0(350)) - Ozone container server started.
2019-09-24 02:24:14,091 [Datanode State Machine Thread - 0] INFO  statemachine.DatanodeStateMachine (DatanodeStateMachine.java:lambda$startDaemon$0(350)) - Ozone container server started.
2019-09-24 02:24:14,336 [grpc-default-executor-7] WARN  server.GrpcLogAppender (LogUtils.java:warn(134)) - 54979dbf-d71a-4b3b-9687-e35aa22ddfbe@group-6FB4E83B17BF->8a99bbfb-49a9-45e9-85c7-917445244762-AppendLogResponseHandler: Failed appendEntries: org.apache.ratis.thirdparty.io.grpc.StatusRuntimeException: UNAVAILABLE: io exception
2019-09-24 02:24:14,339 [grpc-default-executor-7] INFO  impl.FollowerInfo (FollowerInfo.java:lambda$new$0(51)) - 54979dbf-d71a-4b3b-9687-e35aa22ddfbe@group-6FB4E83B17BF->8a99bbfb-49a9-45e9-85c7-917445244762: nextIndex: updateUnconditionally 0 -> 0
2019-09-24 02:24:14,438 [grpc-default-executor-7] WARN  server.GrpcLogAppender (LogUtils.java:warn(134)) - c0944fb1-a003-48a4-987e-44a4096d22d1@group-E392B0B88194->0fd55585-263a-4577-aa0a-ea5a39896330-AppendLogResponseHandler: Failed appendEntries: org.apache.ratis.thirdparty.io.grpc.StatusRuntimeException: UNAVAILABLE: io exception
2019-09-24 02:24:14,440 [grpc-default-executor-7] INFO  impl.FollowerInfo (FollowerInfo.java:lambda$new$0(51)) - c0944fb1-a003-48a4-987e-44a4096d22d1@group-E392B0B88194->0fd55585-263a-4577-aa0a-ea5a39896330: nextIndex: updateUnconditionally 0 -> 0
2019-09-24 02:24:14,614 [Thread-403] INFO  impl.FollowerState (FollowerState.java:run(106)) - 6e6c6100-ad13-453b-9932-e9c645725862:group-D8F232C36E53 changes to CANDIDATE, lastRpcTime:1335, electionTimeout:1137ms
2019-09-24 02:24:14,614 [Thread-403] INFO  impl.RoleInfo (RoleInfo.java:shutdownFollowerState(121)) - 6e6c6100-ad13-453b-9932-e9c645725862: shutdown FollowerState
2019-09-24 02:24:14,614 [Thread-403] INFO  impl.RaftServerImpl (RaftServerImpl.java:setRole(174)) - 6e6c6100-ad13-453b-9932-e9c645725862@group-D8F232C36E53: changes role from  FOLLOWER to CANDIDATE at term 2 for changeToCandidate
2019-09-24 02:24:14,615 [Thread-403] INFO  impl.RoleInfo (RoleInfo.java:updateAndGet(143)) - 6e6c6100-ad13-453b-9932-e9c645725862: start LeaderElection
2019-09-24 02:24:14,618 [6e6c6100-ad13-453b-9932-e9c645725862@group-D8F232C36E53:LeaderElection30] INFO  impl.RaftServerImpl (ServerState.java:setLeader(253)) - 6e6c6100-ad13-453b-9932-e9c645725862@group-D8F232C36E53: change Leader from 76c02951-0e42-41da-95d2-62b96a0dd9ff to null at term 2 for initElection
2019-09-24 02:24:14,645 [6e6c6100-ad13-453b-9932-e9c645725862@group-D8F232C36E53:LeaderElection30] INFO  impl.LeaderElection (LeaderElection.java:askForVotes(182)) - 6e6c6100-ad13-453b-9932-e9c645725862@group-D8F232C36E53:LeaderElection30: begin an election at term 3 for 0: [6e6c6100-ad13-453b-9932-e9c645725862:192.168.151.121:44491, 6adb7553-cea6-43f8-9b13-e82d721d47e7:192.168.151.121:37719, 76c02951-0e42-41da-95d2-62b96a0dd9ff:192.168.151.121:42331], old=null
2019-09-24 02:24:14,648 [grpc-default-executor-6] INFO  impl.RaftServerImpl (ServerState.java:setLeader(253)) - 6adb7553-cea6-43f8-9b13-e82d721d47e7@group-D8F232C36E53: change Leader from 76c02951-0e42-41da-95d2-62b96a0dd9ff to null at term 3 for updateCurrentTerm
2019-09-24 02:24:14,649 [grpc-default-executor-6] INFO  impl.RaftServerImpl (RaftServerImpl.java:setRole(174)) - 6adb7553-cea6-43f8-9b13-e82d721d47e7@group-D8F232C36E53: changes role from  FOLLOWER to FOLLOWER at term 3 for recognizeCandidate:6e6c6100-ad13-453b-9932-e9c645725862
2019-09-24 02:24:14,649 [6e6c6100-ad13-453b-9932-e9c645725862@group-D8F232C36E53:LeaderElection30] INFO  impl.LeaderElection (LogUtils.java:infoOrTrace(149)) - 6e6c6100-ad13-453b-9932-e9c645725862@group-D8F232C36E53:LeaderElection30 got exception when requesting votes: {}
java.util.concurrent.ExecutionException: org.apache.ratis.thirdparty.io.grpc.StatusRuntimeException: UNAVAILABLE: io exception
	at java.util.concurrent.FutureTask.report(FutureTask.java:122)
	at java.util.concurrent.FutureTask.get(FutureTask.java:192)
	at org.apache.ratis.server.impl.LeaderElection.waitForResults(LeaderElection.java:263)
	at org.apache.ratis.server.impl.LeaderElection.askForVotes(LeaderElection.java:201)
	at org.apache.ratis.server.impl.LeaderElection.run(LeaderElection.java:133)
	at java.lang.Thread.run(Thread.java:748)
Caused by: org.apache.ratis.thirdparty.io.grpc.StatusRuntimeException: UNAVAILABLE: io exception
	at org.apache.ratis.thirdparty.io.grpc.stub.ClientCalls.toStatusRuntimeException(ClientCalls.java:233)
	at org.apache.ratis.thirdparty.io.grpc.stub.ClientCalls.getUnchecked(ClientCalls.java:214)
	at org.apache.ratis.thirdparty.io.grpc.stub.ClientCalls.blockingUnaryCall(ClientCalls.java:139)
	at org.apache.ratis.proto.grpc.RaftServerProtocolServiceGrpc$RaftServerProtocolServiceBlockingStub.requestVote(RaftServerProtocolServiceGrpc.java:265)
	at org.apache.ratis.grpc.server.GrpcServerProtocolClient.requestVote(GrpcServerProtocolClient.java:90)
	at org.apache.ratis.grpc.server.GrpcService.requestVote(GrpcService.java:204)
	at org.apache.ratis.server.impl.LeaderElection.lambda$submitRequests$1(LeaderElection.java:238)
	at java.util.concurrent.FutureTask.run(FutureTask.java:266)
	at java.util.concurrent.Executors$RunnableAdapter.call(Executors.java:511)
	at java.util.concurrent.FutureTask.run(FutureTask.java:266)
	at java.util.concurrent.ThreadPoolExecutor.runWorker(ThreadPoolExecutor.java:1149)
	at java.util.concurrent.ThreadPoolExecutor$Worker.run(ThreadPoolExecutor.java:624)
	... 1 more
Caused by: org.apache.ratis.thirdparty.io.netty.channel.AbstractChannel$AnnotatedConnectException: Connection refused: /192.168.151.121:42331
	at sun.nio.ch.SocketChannelImpl.checkConnect(Native Method)
	at sun.nio.ch.SocketChannelImpl.finishConnect(SocketChannelImpl.java:717)
	at org.apache.ratis.thirdparty.io.netty.channel.socket.nio.NioSocketChannel.doFinishConnect(NioSocketChannel.java:327)
	at org.apache.ratis.thirdparty.io.netty.channel.nio.AbstractNioChannel$AbstractNioUnsafe.finishConnect(AbstractNioChannel.java:340)
	at org.apache.ratis.thirdparty.io.netty.channel.nio.NioEventLoop.processSelectedKey(NioEventLoop.java:632)
	at org.apache.ratis.thirdparty.io.netty.channel.nio.NioEventLoop.processSelectedKeysOptimized(NioEventLoop.java:579)
	at org.apache.ratis.thirdparty.io.netty.channel.nio.NioEventLoop.processSelectedKeys(NioEventLoop.java:496)
	at org.apache.ratis.thirdparty.io.netty.channel.nio.NioEventLoop.run(NioEventLoop.java:458)
	at org.apache.ratis.thirdparty.io.netty.util.concurrent.SingleThreadEventExecutor$5.run(SingleThreadEventExecutor.java:897)
	at org.apache.ratis.thirdparty.io.netty.util.concurrent.FastThreadLocalRunnable.run(FastThreadLocalRunnable.java:30)
	... 1 more
Caused by: java.net.ConnectException: Connection refused
	... 11 more
2019-09-24 02:24:14,649 [grpc-default-executor-6] INFO  impl.RoleInfo (RoleInfo.java:shutdownFollowerState(121)) - 6adb7553-cea6-43f8-9b13-e82d721d47e7: shutdown FollowerState
2019-09-24 02:24:14,653 [grpc-default-executor-6] INFO  impl.RoleInfo (RoleInfo.java:updateAndGet(143)) - 6adb7553-cea6-43f8-9b13-e82d721d47e7: start FollowerState
2019-09-24 02:24:14,653 [Thread-402] INFO  impl.FollowerState (FollowerState.java:run(115)) - 6adb7553-cea6-43f8-9b13-e82d721d47e7: FollowerState was interrupted: java.lang.InterruptedException: sleep interrupted
2019-09-24 02:24:14,669 [6e6c6100-ad13-453b-9932-e9c645725862@group-D8F232C36E53:LeaderElection30] INFO  impl.LeaderElection (LeaderElection.java:logAndReturn(56)) - 6e6c6100-ad13-453b-9932-e9c645725862@group-D8F232C36E53:LeaderElection30: Election PASSED; received 1 response(s) [6e6c6100-ad13-453b-9932-e9c645725862<-6adb7553-cea6-43f8-9b13-e82d721d47e7#0:OK-t3] and 1 exception(s); 6e6c6100-ad13-453b-9932-e9c645725862@group-D8F232C36E53:t3, leader=null, voted=6e6c6100-ad13-453b-9932-e9c645725862, raftlog=6e6c6100-ad13-453b-9932-e9c645725862@group-D8F232C36E53-SegmentedRaftLog:OPENED:c0,f0,i0, conf=0: [6e6c6100-ad13-453b-9932-e9c645725862:192.168.151.121:44491, 6adb7553-cea6-43f8-9b13-e82d721d47e7:192.168.151.121:37719, 76c02951-0e42-41da-95d2-62b96a0dd9ff:192.168.151.121:42331], old=null
2019-09-24 02:24:14,670 [6e6c6100-ad13-453b-9932-e9c645725862@group-D8F232C36E53:LeaderElection30] INFO  impl.LeaderElection (LogUtils.java:infoOrTrace(149)) -   Exception 0: {}
java.util.concurrent.ExecutionException: org.apache.ratis.thirdparty.io.grpc.StatusRuntimeException: UNAVAILABLE: io exception
	at java.util.concurrent.FutureTask.report(FutureTask.java:122)
	at java.util.concurrent.FutureTask.get(FutureTask.java:192)
	at org.apache.ratis.server.impl.LeaderElection.waitForResults(LeaderElection.java:263)
	at org.apache.ratis.server.impl.LeaderElection.askForVotes(LeaderElection.java:201)
	at org.apache.ratis.server.impl.LeaderElection.run(LeaderElection.java:133)
	at java.lang.Thread.run(Thread.java:748)
Caused by: org.apache.ratis.thirdparty.io.grpc.StatusRuntimeException: UNAVAILABLE: io exception
	at org.apache.ratis.thirdparty.io.grpc.stub.ClientCalls.toStatusRuntimeException(ClientCalls.java:233)
	at org.apache.ratis.thirdparty.io.grpc.stub.ClientCalls.getUnchecked(ClientCalls.java:214)
	at org.apache.ratis.thirdparty.io.grpc.stub.ClientCalls.blockingUnaryCall(ClientCalls.java:139)
	at org.apache.ratis.proto.grpc.RaftServerProtocolServiceGrpc$RaftServerProtocolServiceBlockingStub.requestVote(RaftServerProtocolServiceGrpc.java:265)
	at org.apache.ratis.grpc.server.GrpcServerProtocolClient.requestVote(GrpcServerProtocolClient.java:90)
	at org.apache.ratis.grpc.server.GrpcService.requestVote(GrpcService.java:204)
	at org.apache.ratis.server.impl.LeaderElection.lambda$submitRequests$1(LeaderElection.java:238)
	at java.util.concurrent.FutureTask.run(FutureTask.java:266)
	at java.util.concurrent.Executors$RunnableAdapter.call(Executors.java:511)
	at java.util.concurrent.FutureTask.run(FutureTask.java:266)
	at java.util.concurrent.ThreadPoolExecutor.runWorker(ThreadPoolExecutor.java:1149)
	at java.util.concurrent.ThreadPoolExecutor$Worker.run(ThreadPoolExecutor.java:624)
	... 1 more
Caused by: org.apache.ratis.thirdparty.io.netty.channel.AbstractChannel$AnnotatedConnectException: Connection refused: /192.168.151.121:42331
	at sun.nio.ch.SocketChannelImpl.checkConnect(Native Method)
	at sun.nio.ch.SocketChannelImpl.finishConnect(SocketChannelImpl.java:717)
	at org.apache.ratis.thirdparty.io.netty.channel.socket.nio.NioSocketChannel.doFinishConnect(NioSocketChannel.java:327)
	at org.apache.ratis.thirdparty.io.netty.channel.nio.AbstractNioChannel$AbstractNioUnsafe.finishConnect(AbstractNioChannel.java:340)
	at org.apache.ratis.thirdparty.io.netty.channel.nio.NioEventLoop.processSelectedKey(NioEventLoop.java:632)
	at org.apache.ratis.thirdparty.io.netty.channel.nio.NioEventLoop.processSelectedKeysOptimized(NioEventLoop.java:579)
	at org.apache.ratis.thirdparty.io.netty.channel.nio.NioEventLoop.processSelectedKeys(NioEventLoop.java:496)
	at org.apache.ratis.thirdparty.io.netty.channel.nio.NioEventLoop.run(NioEventLoop.java:458)
	at org.apache.ratis.thirdparty.io.netty.util.concurrent.SingleThreadEventExecutor$5.run(SingleThreadEventExecutor.java:897)
	at org.apache.ratis.thirdparty.io.netty.util.concurrent.FastThreadLocalRunnable.run(FastThreadLocalRunnable.java:30)
	... 1 more
Caused by: java.net.ConnectException: Connection refused
	... 11 more
2019-09-24 02:24:14,670 [6e6c6100-ad13-453b-9932-e9c645725862@group-D8F232C36E53:LeaderElection30] INFO  impl.RoleInfo (RoleInfo.java:shutdownLeaderElection(134)) - 6e6c6100-ad13-453b-9932-e9c645725862: shutdown LeaderElection
2019-09-24 02:24:14,670 [6e6c6100-ad13-453b-9932-e9c645725862@group-D8F232C36E53:LeaderElection30] INFO  impl.RaftServerImpl (RaftServerImpl.java:setRole(174)) - 6e6c6100-ad13-453b-9932-e9c645725862@group-D8F232C36E53: changes role from CANDIDATE to LEADER at term 3 for changeToLeader
2019-09-24 02:24:14,671 [6e6c6100-ad13-453b-9932-e9c645725862@group-D8F232C36E53:LeaderElection30] INFO  impl.RaftServerImpl (ServerState.java:setLeader(253)) - 6e6c6100-ad13-453b-9932-e9c645725862@group-D8F232C36E53: change Leader from null to 6e6c6100-ad13-453b-9932-e9c645725862 at term 3 for becomeLeader, leader elected after 52ms
2019-09-24 02:24:14,671 [6e6c6100-ad13-453b-9932-e9c645725862@group-D8F232C36E53:LeaderElection30] INFO  server.RaftServerConfigKeys (ConfUtils.java:logGet(43)) - raft.server.staging.catchup.gap = 1000 (default)
2019-09-24 02:24:14,671 [6e6c6100-ad13-453b-9932-e9c645725862@group-D8F232C36E53:LeaderElection30] INFO  server.RaftServerConfigKeys (ConfUtils.java:logGet(43)) - raft.server.rpc.sleep.time = 25ms (default)
2019-09-24 02:24:14,671 [6e6c6100-ad13-453b-9932-e9c645725862@group-D8F232C36E53:LeaderElection30] INFO  server.RaftServerConfigKeys (ConfUtils.java:logGet(43)) - raft.server.write.element-limit = 4096 (default)
2019-09-24 02:24:14,671 [6e6c6100-ad13-453b-9932-e9c645725862@group-D8F232C36E53:LeaderElection30] INFO  server.RaftServerConfigKeys (ConfUtils.java:logGet(43)) - raft.server.watch.timeout = 10s (default)
2019-09-24 02:24:14,672 [6e6c6100-ad13-453b-9932-e9c645725862@group-D8F232C36E53:LeaderElection30] INFO  server.RaftServerConfigKeys (ConfUtils.java:logGet(43)) - raft.server.watch.timeout.denomination = 1s (default)
2019-09-24 02:24:14,672 [6e6c6100-ad13-453b-9932-e9c645725862@group-D8F232C36E53:LeaderElection30] INFO  server.RaftServerConfigKeys (ConfUtils.java:logGet(43)) - raft.server.watch.element-limit = 65536 (default)
2019-09-24 02:24:14,675 [6e6c6100-ad13-453b-9932-e9c645725862@group-D8F232C36E53:LeaderElection30] INFO  server.RaftServerConfigKeys (ConfUtils.java:logGet(43)) - raft.server.log.appender.snapshot.chunk.size.max = 16MB (=16777216) (default)
2019-09-24 02:24:14,675 [6e6c6100-ad13-453b-9932-e9c645725862@group-D8F232C36E53:LeaderElection30] INFO  server.RaftServerConfigKeys (ConfUtils.java:logGet(43)) - raft.server.log.appender.buffer.byte-limit = 33554432 (custom)
2019-09-24 02:24:14,675 [6e6c6100-ad13-453b-9932-e9c645725862@group-D8F232C36E53:LeaderElection30] INFO  server.RaftServerConfigKeys (ConfUtils.java:logGet(43)) - raft.server.log.appender.buffer.element-limit = 1 (custom)
2019-09-24 02:24:14,675 [6e6c6100-ad13-453b-9932-e9c645725862@group-D8F232C36E53:LeaderElection30] INFO  grpc.GrpcConfigKeys$Server (ConfUtils.java:logGet(43)) - raft.grpc.server.leader.outstanding.appends.max = 128 (default)
2019-09-24 02:24:14,676 [6e6c6100-ad13-453b-9932-e9c645725862@group-D8F232C36E53:LeaderElection30] INFO  server.RaftServerConfigKeys (ConfUtils.java:logGet(43)) - raft.server.rpc.request.timeout = 3000ms (default)
2019-09-24 02:24:14,676 [6e6c6100-ad13-453b-9932-e9c645725862@group-D8F232C36E53:LeaderElection30] INFO  server.RaftServerConfigKeys (ConfUtils.java:logGet(43)) - raft.server.log.appender.install.snapshot.enabled = false (custom)
2019-09-24 02:24:14,676 [6e6c6100-ad13-453b-9932-e9c645725862@group-D8F232C36E53:LeaderElection30] INFO  server.RaftServerConfigKeys (ConfUtils.java:logGet(43)) - raft.server.log.appender.snapshot.chunk.size.max = 16MB (=16777216) (default)
2019-09-24 02:24:14,676 [6e6c6100-ad13-453b-9932-e9c645725862@group-D8F232C36E53:LeaderElection30] INFO  server.RaftServerConfigKeys (ConfUtils.java:logGet(43)) - raft.server.log.appender.buffer.byte-limit = 33554432 (custom)
2019-09-24 02:24:14,676 [6e6c6100-ad13-453b-9932-e9c645725862@group-D8F232C36E53:LeaderElection30] INFO  server.RaftServerConfigKeys (ConfUtils.java:logGet(43)) - raft.server.log.appender.buffer.element-limit = 1 (custom)
2019-09-24 02:24:14,677 [6e6c6100-ad13-453b-9932-e9c645725862@group-D8F232C36E53:LeaderElection30] INFO  grpc.GrpcConfigKeys$Server (ConfUtils.java:logGet(43)) - raft.grpc.server.leader.outstanding.appends.max = 128 (default)
2019-09-24 02:24:14,677 [6e6c6100-ad13-453b-9932-e9c645725862@group-D8F232C36E53:LeaderElection30] INFO  server.RaftServerConfigKeys (ConfUtils.java:logGet(43)) - raft.server.rpc.request.timeout = 3000ms (default)
2019-09-24 02:24:14,677 [6e6c6100-ad13-453b-9932-e9c645725862@group-D8F232C36E53:LeaderElection30] INFO  server.RaftServerConfigKeys (ConfUtils.java:logGet(43)) - raft.server.log.appender.install.snapshot.enabled = false (custom)
2019-09-24 02:24:14,677 [6e6c6100-ad13-453b-9932-e9c645725862@group-D8F232C36E53:LeaderElection30] INFO  impl.RoleInfo (RoleInfo.java:updateAndGet(143)) - 6e6c6100-ad13-453b-9932-e9c645725862: start LeaderState
2019-09-24 02:24:14,678 [6e6c6100-ad13-453b-9932-e9c645725862@group-D8F232C36E53:LeaderElection30] INFO  segmented.SegmentedRaftLogWorker (SegmentedRaftLogWorker.java:rollLogSegment(385)) - 6e6c6100-ad13-453b-9932-e9c645725862@group-D8F232C36E53-SegmentedRaftLogWorker: Rolling segment log-0_0 to index:0
2019-09-24 02:24:14,679 [6e6c6100-ad13-453b-9932-e9c645725862@group-D8F232C36E53:LeaderElection30] INFO  impl.RaftServerImpl (ServerState.java:setRaftConf(354)) - 6e6c6100-ad13-453b-9932-e9c645725862@group-D8F232C36E53: set configuration 1: [6e6c6100-ad13-453b-9932-e9c645725862:192.168.151.121:44491, 6adb7553-cea6-43f8-9b13-e82d721d47e7:192.168.151.121:37719, 76c02951-0e42-41da-95d2-62b96a0dd9ff:192.168.151.121:42331], old=null at 1
2019-09-24 02:24:14,679 [6e6c6100-ad13-453b-9932-e9c645725862@group-D8F232C36E53-SegmentedRaftLogWorker] INFO  segmented.SegmentedRaftLogWorker (SegmentedRaftLogWorker.java:execute(526)) - 6e6c6100-ad13-453b-9932-e9c645725862@group-D8F232C36E53-SegmentedRaftLogWorker: Rolled log segment from /workdir/hadoop-ozone/integration-test/target/test-dir/MiniOzoneClusterImpl-de332c24-5f7d-4363-8764-5335807553b9/datanode-1/data/ratis/54e8e679-a3e8-4089-9b59-d8f232c36e53/current/log_inprogress_0 to /workdir/hadoop-ozone/integration-test/target/test-dir/MiniOzoneClusterImpl-de332c24-5f7d-4363-8764-5335807553b9/datanode-1/data/ratis/54e8e679-a3e8-4089-9b59-d8f232c36e53/current/log_0-0
2019-09-24 02:24:14,682 [grpc-default-executor-6] WARN  server.GrpcLogAppender (LogUtils.java:warn(134)) - 6e6c6100-ad13-453b-9932-e9c645725862@group-D8F232C36E53->76c02951-0e42-41da-95d2-62b96a0dd9ff-AppendLogResponseHandler: Failed appendEntries: org.apache.ratis.thirdparty.io.grpc.StatusRuntimeException: UNAVAILABLE: io exception
2019-09-24 02:24:14,683 [grpc-default-executor-6] INFO  impl.FollowerInfo (FollowerInfo.java:lambda$new$0(51)) - 6e6c6100-ad13-453b-9932-e9c645725862@group-D8F232C36E53->76c02951-0e42-41da-95d2-62b96a0dd9ff: nextIndex: updateUnconditionally 1 -> 0
2019-09-24 02:24:14,683 [grpc-default-executor-6] INFO  impl.RaftServerImpl (ServerState.java:setLeader(253)) - 6adb7553-cea6-43f8-9b13-e82d721d47e7@group-D8F232C36E53: change Leader from null to 6e6c6100-ad13-453b-9932-e9c645725862 at term 3 for appendEntries, leader elected after 34ms
2019-09-24 02:24:14,686 [grpc-default-executor-6] INFO  impl.RaftServerImpl (ServerState.java:setRaftConf(354)) - 6adb7553-cea6-43f8-9b13-e82d721d47e7@group-D8F232C36E53: set configuration 1: [6e6c6100-ad13-453b-9932-e9c645725862:192.168.151.121:44491, 6adb7553-cea6-43f8-9b13-e82d721d47e7:192.168.151.121:37719, 76c02951-0e42-41da-95d2-62b96a0dd9ff:192.168.151.121:42331], old=null at 1
2019-09-24 02:24:14,686 [grpc-default-executor-6] INFO  segmented.SegmentedRaftLogWorker (SegmentedRaftLogWorker.java:rollLogSegment(385)) - 6adb7553-cea6-43f8-9b13-e82d721d47e7@group-D8F232C36E53-SegmentedRaftLogWorker: Rolling segment log-0_0 to index:0
2019-09-24 02:24:14,687 [6adb7553-cea6-43f8-9b13-e82d721d47e7@group-D8F232C36E53-SegmentedRaftLogWorker] INFO  segmented.SegmentedRaftLogWorker (SegmentedRaftLogWorker.java:execute(526)) - 6adb7553-cea6-43f8-9b13-e82d721d47e7@group-D8F232C36E53-SegmentedRaftLogWorker: Rolled log segment from /workdir/hadoop-ozone/integration-test/target/test-dir/MiniOzoneClusterImpl-de332c24-5f7d-4363-8764-5335807553b9/datanode-0/data/ratis/54e8e679-a3e8-4089-9b59-d8f232c36e53/current/log_inprogress_0 to /workdir/hadoop-ozone/integration-test/target/test-dir/MiniOzoneClusterImpl-de332c24-5f7d-4363-8764-5335807553b9/datanode-0/data/ratis/54e8e679-a3e8-4089-9b59-d8f232c36e53/current/log_0-0
2019-09-24 02:24:14,743 [6e6c6100-ad13-453b-9932-e9c645725862@group-D8F232C36E53-SegmentedRaftLogWorker] INFO  segmented.SegmentedRaftLogWorker (SegmentedRaftLogWorker.java:execute(569)) - 6e6c6100-ad13-453b-9932-e9c645725862@group-D8F232C36E53-SegmentedRaftLogWorker: created new log segment /workdir/hadoop-ozone/integration-test/target/test-dir/MiniOzoneClusterImpl-de332c24-5f7d-4363-8764-5335807553b9/datanode-1/data/ratis/54e8e679-a3e8-4089-9b59-d8f232c36e53/current/log_inprogress_1
2019-09-24 02:24:14,767 [6adb7553-cea6-43f8-9b13-e82d721d47e7@group-D8F232C36E53-SegmentedRaftLogWorker] INFO  segmented.SegmentedRaftLogWorker (SegmentedRaftLogWorker.java:execute(569)) - 6adb7553-cea6-43f8-9b13-e82d721d47e7@group-D8F232C36E53-SegmentedRaftLogWorker: created new log segment /workdir/hadoop-ozone/integration-test/target/test-dir/MiniOzoneClusterImpl-de332c24-5f7d-4363-8764-5335807553b9/datanode-0/data/ratis/54e8e679-a3e8-4089-9b59-d8f232c36e53/current/log_inprogress_1
2019-09-24 02:24:14,779 [grpc-default-executor-1] WARN  server.GrpcLogAppender (LogUtils.java:warn(134)) - 6e6c6100-ad13-453b-9932-e9c645725862@group-D8F232C36E53->76c02951-0e42-41da-95d2-62b96a0dd9ff-AppendLogResponseHandler: Failed appendEntries: org.apache.ratis.thirdparty.io.grpc.StatusRuntimeException: UNAVAILABLE: io exception
2019-09-24 02:24:14,782 [grpc-default-executor-1] INFO  impl.FollowerInfo (FollowerInfo.java:lambda$new$0(51)) - 6e6c6100-ad13-453b-9932-e9c645725862@group-D8F232C36E53->76c02951-0e42-41da-95d2-62b96a0dd9ff: nextIndex: updateUnconditionally 1 -> 0
2019-09-24 02:24:14,837 [grpc-default-executor-7] WARN  server.GrpcLogAppender (LogUtils.java:warn(134)) - 54979dbf-d71a-4b3b-9687-e35aa22ddfbe@group-6FB4E83B17BF->8a99bbfb-49a9-45e9-85c7-917445244762-AppendLogResponseHandler: Failed appendEntries: org.apache.ratis.thirdparty.io.grpc.StatusRuntimeException: UNAVAILABLE: io exception
2019-09-24 02:24:14,840 [grpc-default-executor-7] INFO  impl.FollowerInfo (FollowerInfo.java:lambda$new$0(51)) - 54979dbf-d71a-4b3b-9687-e35aa22ddfbe@group-6FB4E83B17BF->8a99bbfb-49a9-45e9-85c7-917445244762: nextIndex: updateUnconditionally 0 -> 0
2019-09-24 02:24:14,938 [grpc-default-executor-0] WARN  server.GrpcLogAppender (LogUtils.java:warn(134)) - c0944fb1-a003-48a4-987e-44a4096d22d1@group-E392B0B88194->0fd55585-263a-4577-aa0a-ea5a39896330-AppendLogResponseHandler: Failed appendEntries: org.apache.ratis.thirdparty.io.grpc.StatusRuntimeException: UNAVAILABLE: io exception
2019-09-24 02:24:14,941 [grpc-default-executor-0] INFO  impl.FollowerInfo (FollowerInfo.java:lambda$new$0(51)) - c0944fb1-a003-48a4-987e-44a4096d22d1@group-E392B0B88194->0fd55585-263a-4577-aa0a-ea5a39896330: nextIndex: updateUnconditionally 0 -> 0
2019-09-24 02:24:15,286 [grpc-default-executor-1] WARN  server.GrpcLogAppender (LogUtils.java:warn(134)) - 6e6c6100-ad13-453b-9932-e9c645725862@group-D8F232C36E53->76c02951-0e42-41da-95d2-62b96a0dd9ff-AppendLogResponseHandler: Failed appendEntries: org.apache.ratis.thirdparty.io.grpc.StatusRuntimeException: UNAVAILABLE: io exception
2019-09-24 02:24:15,290 [grpc-default-executor-1] INFO  impl.FollowerInfo (FollowerInfo.java:lambda$new$0(51)) - 6e6c6100-ad13-453b-9932-e9c645725862@group-D8F232C36E53->76c02951-0e42-41da-95d2-62b96a0dd9ff: nextIndex: updateUnconditionally 0 -> 0
2019-09-24 02:24:15,338 [grpc-default-executor-0] WARN  server.GrpcLogAppender (LogUtils.java:warn(134)) - 54979dbf-d71a-4b3b-9687-e35aa22ddfbe@group-6FB4E83B17BF->8a99bbfb-49a9-45e9-85c7-917445244762-AppendLogResponseHandler: Failed appendEntries: org.apache.ratis.thirdparty.io.grpc.StatusRuntimeException: UNAVAILABLE: io exception
2019-09-24 02:24:15,341 [grpc-default-executor-0] INFO  impl.FollowerInfo (FollowerInfo.java:lambda$new$0(51)) - 54979dbf-d71a-4b3b-9687-e35aa22ddfbe@group-6FB4E83B17BF->8a99bbfb-49a9-45e9-85c7-917445244762: nextIndex: updateUnconditionally 0 -> 0
2019-09-24 02:24:15,439 [grpc-default-executor-7] WARN  server.GrpcLogAppender (LogUtils.java:warn(134)) - c0944fb1-a003-48a4-987e-44a4096d22d1@group-E392B0B88194->0fd55585-263a-4577-aa0a-ea5a39896330-AppendLogResponseHandler: Failed appendEntries: org.apache.ratis.thirdparty.io.grpc.StatusRuntimeException: UNAVAILABLE: io exception
2019-09-24 02:24:15,441 [grpc-default-executor-7] INFO  impl.FollowerInfo (FollowerInfo.java:lambda$new$0(51)) - c0944fb1-a003-48a4-987e-44a4096d22d1@group-E392B0B88194->0fd55585-263a-4577-aa0a-ea5a39896330: nextIndex: updateUnconditionally 0 -> 0
2019-09-24 02:24:15,791 [grpc-default-executor-1] WARN  server.GrpcLogAppender (LogUtils.java:warn(134)) - 6e6c6100-ad13-453b-9932-e9c645725862@group-D8F232C36E53->76c02951-0e42-41da-95d2-62b96a0dd9ff-AppendLogResponseHandler: Failed appendEntries: org.apache.ratis.thirdparty.io.grpc.StatusRuntimeException: UNAVAILABLE: io exception
2019-09-24 02:24:15,793 [grpc-default-executor-1] INFO  impl.FollowerInfo (FollowerInfo.java:lambda$new$0(51)) - 6e6c6100-ad13-453b-9932-e9c645725862@group-D8F232C36E53->76c02951-0e42-41da-95d2-62b96a0dd9ff: nextIndex: updateUnconditionally 0 -> 0
2019-09-24 02:24:15,839 [grpc-default-executor-0] WARN  server.GrpcLogAppender (LogUtils.java:warn(134)) - 54979dbf-d71a-4b3b-9687-e35aa22ddfbe@group-6FB4E83B17BF->8a99bbfb-49a9-45e9-85c7-917445244762-AppendLogResponseHandler: Failed appendEntries: org.apache.ratis.thirdparty.io.grpc.StatusRuntimeException: UNAVAILABLE: io exception
2019-09-24 02:24:15,842 [grpc-default-executor-0] INFO  impl.FollowerInfo (FollowerInfo.java:lambda$new$0(51)) - 54979dbf-d71a-4b3b-9687-e35aa22ddfbe@group-6FB4E83B17BF->8a99bbfb-49a9-45e9-85c7-917445244762: nextIndex: updateUnconditionally 0 -> 0
2019-09-24 02:24:15,939 [grpc-default-executor-7] WARN  server.GrpcLogAppender (LogUtils.java:warn(134)) - c0944fb1-a003-48a4-987e-44a4096d22d1@group-E392B0B88194->0fd55585-263a-4577-aa0a-ea5a39896330-AppendLogResponseHandler: Failed appendEntries: org.apache.ratis.thirdparty.io.grpc.StatusRuntimeException: UNAVAILABLE: io exception
2019-09-24 02:24:15,942 [grpc-default-executor-7] INFO  impl.FollowerInfo (FollowerInfo.java:lambda$new$0(51)) - c0944fb1-a003-48a4-987e-44a4096d22d1@group-E392B0B88194->0fd55585-263a-4577-aa0a-ea5a39896330: nextIndex: updateUnconditionally 0 -> 0
2019-09-24 02:24:16,291 [grpc-default-executor-1] WARN  server.GrpcLogAppender (LogUtils.java:warn(134)) - 6e6c6100-ad13-453b-9932-e9c645725862@group-D8F232C36E53->76c02951-0e42-41da-95d2-62b96a0dd9ff-AppendLogResponseHandler: Failed appendEntries: org.apache.ratis.thirdparty.io.grpc.StatusRuntimeException: UNAVAILABLE: io exception
2019-09-24 02:24:16,294 [grpc-default-executor-1] INFO  impl.FollowerInfo (FollowerInfo.java:lambda$new$0(51)) - 6e6c6100-ad13-453b-9932-e9c645725862@group-D8F232C36E53->76c02951-0e42-41da-95d2-62b96a0dd9ff: nextIndex: updateUnconditionally 0 -> 0
2019-09-24 02:24:16,339 [grpc-default-executor-0] WARN  server.GrpcLogAppender (LogUtils.java:warn(134)) - 54979dbf-d71a-4b3b-9687-e35aa22ddfbe@group-6FB4E83B17BF->8a99bbfb-49a9-45e9-85c7-917445244762-AppendLogResponseHandler: Failed appendEntries: org.apache.ratis.thirdparty.io.grpc.StatusRuntimeException: UNAVAILABLE: io exception
2019-09-24 02:24:16,349 [grpc-default-executor-0] INFO  impl.FollowerInfo (FollowerInfo.java:lambda$new$0(51)) - 54979dbf-d71a-4b3b-9687-e35aa22ddfbe@group-6FB4E83B17BF->8a99bbfb-49a9-45e9-85c7-917445244762: nextIndex: updateUnconditionally 0 -> 0
2019-09-24 02:24:16,440 [grpc-default-executor-7] WARN  server.GrpcLogAppender (LogUtils.java:warn(134)) - c0944fb1-a003-48a4-987e-44a4096d22d1@group-E392B0B88194->0fd55585-263a-4577-aa0a-ea5a39896330-AppendLogResponseHandler: Failed appendEntries: org.apache.ratis.thirdparty.io.grpc.StatusRuntimeException: UNAVAILABLE: io exception
2019-09-24 02:24:16,441 [grpc-default-executor-7] INFO  impl.FollowerInfo (FollowerInfo.java:lambda$new$0(51)) - c0944fb1-a003-48a4-987e-44a4096d22d1@group-E392B0B88194->0fd55585-263a-4577-aa0a-ea5a39896330: nextIndex: updateUnconditionally 0 -> 0
2019-09-24 02:24:16,795 [grpc-default-executor-1] WARN  server.GrpcLogAppender (LogUtils.java:warn(134)) - 6e6c6100-ad13-453b-9932-e9c645725862@group-D8F232C36E53->76c02951-0e42-41da-95d2-62b96a0dd9ff-AppendLogResponseHandler: Failed appendEntries: org.apache.ratis.thirdparty.io.grpc.StatusRuntimeException: UNAVAILABLE: io exception
2019-09-24 02:24:16,796 [grpc-default-executor-1] INFO  impl.FollowerInfo (FollowerInfo.java:lambda$new$0(51)) - 6e6c6100-ad13-453b-9932-e9c645725862@group-D8F232C36E53->76c02951-0e42-41da-95d2-62b96a0dd9ff: nextIndex: updateUnconditionally 0 -> 0
2019-09-24 02:24:16,848 [grpc-default-executor-7] WARN  server.GrpcLogAppender (LogUtils.java:warn(134)) - 54979dbf-d71a-4b3b-9687-e35aa22ddfbe@group-6FB4E83B17BF->8a99bbfb-49a9-45e9-85c7-917445244762-AppendLogResponseHandler: Failed appendEntries: org.apache.ratis.thirdparty.io.grpc.StatusRuntimeException: UNAVAILABLE: io exception
2019-09-24 02:24:16,849 [grpc-default-executor-7] INFO  impl.FollowerInfo (FollowerInfo.java:lambda$new$0(51)) - 54979dbf-d71a-4b3b-9687-e35aa22ddfbe@group-6FB4E83B17BF->8a99bbfb-49a9-45e9-85c7-917445244762: nextIndex: updateUnconditionally 0 -> 0
2019-09-24 02:24:16,942 [grpc-default-executor-0] WARN  server.GrpcLogAppender (LogUtils.java:warn(134)) - c0944fb1-a003-48a4-987e-44a4096d22d1@group-E392B0B88194->0fd55585-263a-4577-aa0a-ea5a39896330-AppendLogResponseHandler: Failed appendEntries: org.apache.ratis.thirdparty.io.grpc.StatusRuntimeException: UNAVAILABLE: io exception
2019-09-24 02:24:16,942 [grpc-default-executor-0] INFO  impl.FollowerInfo (FollowerInfo.java:lambda$new$0(51)) - c0944fb1-a003-48a4-987e-44a4096d22d1@group-E392B0B88194->0fd55585-263a-4577-aa0a-ea5a39896330: nextIndex: updateUnconditionally 0 -> 0
2019-09-24 02:24:17,310 [grpc-default-executor-1] WARN  server.GrpcLogAppender (LogUtils.java:warn(134)) - 6e6c6100-ad13-453b-9932-e9c645725862@group-D8F232C36E53->76c02951-0e42-41da-95d2-62b96a0dd9ff-AppendLogResponseHandler: Failed appendEntries: org.apache.ratis.thirdparty.io.grpc.StatusRuntimeException: UNAVAILABLE: io exception
2019-09-24 02:24:17,311 [grpc-default-executor-1] INFO  impl.FollowerInfo (FollowerInfo.java:lambda$new$0(51)) - 6e6c6100-ad13-453b-9932-e9c645725862@group-D8F232C36E53->76c02951-0e42-41da-95d2-62b96a0dd9ff: nextIndex: updateUnconditionally 0 -> 0
2019-09-24 02:24:17,342 [grpc-default-executor-7] WARN  server.GrpcLogAppender (LogUtils.java:warn(134)) - 54979dbf-d71a-4b3b-9687-e35aa22ddfbe@group-6FB4E83B17BF->8a99bbfb-49a9-45e9-85c7-917445244762-AppendLogResponseHandler: Failed appendEntries: org.apache.ratis.thirdparty.io.grpc.StatusRuntimeException: UNAVAILABLE: io exception
2019-09-24 02:24:17,343 [grpc-default-executor-7] INFO  impl.FollowerInfo (FollowerInfo.java:lambda$new$0(51)) - 54979dbf-d71a-4b3b-9687-e35aa22ddfbe@group-6FB4E83B17BF->8a99bbfb-49a9-45e9-85c7-917445244762: nextIndex: updateUnconditionally 0 -> 0
2019-09-24 02:24:17,439 [grpc-default-executor-0] WARN  server.GrpcLogAppender (LogUtils.java:warn(134)) - c0944fb1-a003-48a4-987e-44a4096d22d1@group-E392B0B88194->0fd55585-263a-4577-aa0a-ea5a39896330-AppendLogResponseHandler: Failed appendEntries: org.apache.ratis.thirdparty.io.grpc.StatusRuntimeException: UNAVAILABLE: io exception
2019-09-24 02:24:17,440 [grpc-default-executor-0] INFO  impl.FollowerInfo (FollowerInfo.java:lambda$new$0(51)) - c0944fb1-a003-48a4-987e-44a4096d22d1@group-E392B0B88194->0fd55585-263a-4577-aa0a-ea5a39896330: nextIndex: updateUnconditionally 0 -> 0
2019-09-24 02:24:17,795 [grpc-default-executor-1] WARN  server.GrpcLogAppender (LogUtils.java:warn(134)) - 6e6c6100-ad13-453b-9932-e9c645725862@group-D8F232C36E53->76c02951-0e42-41da-95d2-62b96a0dd9ff-AppendLogResponseHandler: Failed appendEntries: org.apache.ratis.thirdparty.io.grpc.StatusRuntimeException: UNAVAILABLE: io exception
2019-09-24 02:24:17,798 [grpc-default-executor-1] INFO  impl.FollowerInfo (FollowerInfo.java:lambda$new$0(51)) - 6e6c6100-ad13-453b-9932-e9c645725862@group-D8F232C36E53->76c02951-0e42-41da-95d2-62b96a0dd9ff: nextIndex: updateUnconditionally 0 -> 0
2019-09-24 02:24:17,843 [grpc-default-executor-1] WARN  server.GrpcLogAppender (LogUtils.java:warn(134)) - 54979dbf-d71a-4b3b-9687-e35aa22ddfbe@group-6FB4E83B17BF->8a99bbfb-49a9-45e9-85c7-917445244762-AppendLogResponseHandler: Failed appendEntries: org.apache.ratis.thirdparty.io.grpc.StatusRuntimeException: UNAVAILABLE: io exception
2019-09-24 02:24:17,843 [grpc-default-executor-1] INFO  impl.FollowerInfo (FollowerInfo.java:lambda$new$0(51)) - 54979dbf-d71a-4b3b-9687-e35aa22ddfbe@group-6FB4E83B17BF->8a99bbfb-49a9-45e9-85c7-917445244762: nextIndex: updateUnconditionally 0 -> 0
2019-09-24 02:24:17,939 [grpc-default-executor-1] WARN  server.GrpcLogAppender (LogUtils.java:warn(134)) - c0944fb1-a003-48a4-987e-44a4096d22d1@group-E392B0B88194->0fd55585-263a-4577-aa0a-ea5a39896330-AppendLogResponseHandler: Failed appendEntries: org.apache.ratis.thirdparty.io.grpc.StatusRuntimeException: UNAVAILABLE: io exception
2019-09-24 02:24:17,940 [grpc-default-executor-1] INFO  impl.FollowerInfo (FollowerInfo.java:lambda$new$0(51)) - c0944fb1-a003-48a4-987e-44a4096d22d1@group-E392B0B88194->0fd55585-263a-4577-aa0a-ea5a39896330: nextIndex: updateUnconditionally 0 -> 0
2019-09-24 02:24:18,295 [grpc-default-executor-7] WARN  server.GrpcLogAppender (LogUtils.java:warn(134)) - 6e6c6100-ad13-453b-9932-e9c645725862@group-D8F232C36E53->76c02951-0e42-41da-95d2-62b96a0dd9ff-AppendLogResponseHandler: Failed appendEntries: org.apache.ratis.thirdparty.io.grpc.StatusRuntimeException: UNAVAILABLE: io exception
2019-09-24 02:24:18,296 [grpc-default-executor-7] INFO  impl.FollowerInfo (FollowerInfo.java:lambda$new$0(51)) - 6e6c6100-ad13-453b-9932-e9c645725862@group-D8F232C36E53->76c02951-0e42-41da-95d2-62b96a0dd9ff: nextIndex: updateUnconditionally 0 -> 0
2019-09-24 02:24:18,343 [grpc-default-executor-0] WARN  server.GrpcLogAppender (LogUtils.java:warn(134)) - 54979dbf-d71a-4b3b-9687-e35aa22ddfbe@group-6FB4E83B17BF->8a99bbfb-49a9-45e9-85c7-917445244762-AppendLogResponseHandler: Failed appendEntries: org.apache.ratis.thirdparty.io.grpc.StatusRuntimeException: UNAVAILABLE: io exception
2019-09-24 02:24:18,344 [grpc-default-executor-0] INFO  impl.FollowerInfo (FollowerInfo.java:lambda$new$0(51)) - 54979dbf-d71a-4b3b-9687-e35aa22ddfbe@group-6FB4E83B17BF->8a99bbfb-49a9-45e9-85c7-917445244762: nextIndex: updateUnconditionally 0 -> 0
2019-09-24 02:24:18,441 [grpc-default-executor-0] WARN  server.GrpcLogAppender (LogUtils.java:warn(134)) - c0944fb1-a003-48a4-987e-44a4096d22d1@group-E392B0B88194->0fd55585-263a-4577-aa0a-ea5a39896330-AppendLogResponseHandler: Failed appendEntries: org.apache.ratis.thirdparty.io.grpc.StatusRuntimeException: UNAVAILABLE: io exception
2019-09-24 02:24:18,441 [grpc-default-executor-0] INFO  impl.FollowerInfo (FollowerInfo.java:lambda$new$0(51)) - c0944fb1-a003-48a4-987e-44a4096d22d1@group-E392B0B88194->0fd55585-263a-4577-aa0a-ea5a39896330: nextIndex: updateUnconditionally 0 -> 0
2019-09-24 02:24:18,579 [main] INFO  ozoneimpl.OzoneContainer (OzoneContainer.java:stop(231)) - Attempting to stop container services.
2019-09-24 02:24:18,580 [main] INFO  impl.RaftServerProxy (RaftServerProxy.java:lambda$close$4(314)) - 6f849279-8265-485e-82a5-918f2cc86fc1: close
2019-09-24 02:24:18,580 [main] INFO  impl.RaftServerImpl (RaftServerImpl.java:lambda$shutdown$3(251)) - 6f849279-8265-485e-82a5-918f2cc86fc1@group-C25A2268DBFF: shutdown
2019-09-24 02:24:18,580 [main] INFO  util.JmxRegister (JmxRegister.java:unregister(73)) - Successfully un-registered JMX Bean with object name Ratis:service=RaftServer,group=group-C25A2268DBFF,id=6f849279-8265-485e-82a5-918f2cc86fc1
2019-09-24 02:24:18,581 [main] INFO  impl.RoleInfo (RoleInfo.java:shutdownLeaderState(104)) - 6f849279-8265-485e-82a5-918f2cc86fc1: shutdown LeaderState
2019-09-24 02:24:18,581 [main] INFO  impl.PendingRequests (PendingRequests.java:sendNotLeaderResponses(202)) - 6f849279-8265-485e-82a5-918f2cc86fc1-PendingRequests: sendNotLeaderResponses
2019-09-24 02:24:18,581 [main] INFO  impl.StateMachineUpdater (StateMachineUpdater.java:stopAndJoin(125)) - 6f849279-8265-485e-82a5-918f2cc86fc1@group-C25A2268DBFF-StateMachineUpdater: set stopIndex = 0
2019-09-24 02:24:18,582 [main] INFO  impl.RaftServerImpl (ServerState.java:close(385)) - 6f849279-8265-485e-82a5-918f2cc86fc1@group-C25A2268DBFF: closes. applyIndex: 0
2019-09-24 02:24:18,582 [6f849279-8265-485e-82a5-918f2cc86fc1@group-C25A2268DBFF-SegmentedRaftLogWorker] INFO  segmented.SegmentedRaftLogWorker (SegmentedRaftLogWorker.java:run(313)) - 6f849279-8265-485e-82a5-918f2cc86fc1@group-C25A2268DBFF-SegmentedRaftLogWorker was interrupted, exiting. There are 0 tasks remaining in the queue.
2019-09-24 02:24:18,586 [main] INFO  segmented.SegmentedRaftLogWorker (SegmentedRaftLogWorker.java:close(228)) - 6f849279-8265-485e-82a5-918f2cc86fc1@group-C25A2268DBFF-SegmentedRaftLogWorker close()
2019-09-24 02:24:18,590 [main] INFO  impl.RaftServerImpl (RaftServerImpl.java:lambda$shutdown$3(251)) - 6f849279-8265-485e-82a5-918f2cc86fc1@group-E392B0B88194: shutdown
2019-09-24 02:24:18,591 [main] INFO  util.JmxRegister (JmxRegister.java:unregister(73)) - Successfully un-registered JMX Bean with object name Ratis:service=RaftServer,group=group-E392B0B88194,id=6f849279-8265-485e-82a5-918f2cc86fc1
2019-09-24 02:24:18,591 [main] INFO  impl.RoleInfo (RoleInfo.java:shutdownFollowerState(121)) - 6f849279-8265-485e-82a5-918f2cc86fc1: shutdown FollowerState
2019-09-24 02:24:18,591 [main] INFO  impl.StateMachineUpdater (StateMachineUpdater.java:stopAndJoin(125)) - 6f849279-8265-485e-82a5-918f2cc86fc1@group-E392B0B88194-StateMachineUpdater: set stopIndex = 2
2019-09-24 02:24:18,591 [Thread-1838] INFO  impl.FollowerState (FollowerState.java:run(115)) - 6f849279-8265-485e-82a5-918f2cc86fc1: FollowerState was interrupted: java.lang.InterruptedException: sleep interrupted
2019-09-24 02:24:18,592 [main] INFO  impl.RaftServerImpl (ServerState.java:close(385)) - 6f849279-8265-485e-82a5-918f2cc86fc1@group-E392B0B88194: closes. applyIndex: 2
2019-09-24 02:24:18,594 [6f849279-8265-485e-82a5-918f2cc86fc1@group-E392B0B88194-SegmentedRaftLogWorker] INFO  segmented.SegmentedRaftLogWorker (SegmentedRaftLogWorker.java:run(313)) - 6f849279-8265-485e-82a5-918f2cc86fc1@group-E392B0B88194-SegmentedRaftLogWorker was interrupted, exiting. There are 0 tasks remaining in the queue.
2019-09-24 02:24:18,596 [main] INFO  segmented.SegmentedRaftLogWorker (SegmentedRaftLogWorker.java:close(228)) - 6f849279-8265-485e-82a5-918f2cc86fc1@group-E392B0B88194-SegmentedRaftLogWorker close()
2019-09-24 02:24:18,600 [main] INFO  server.GrpcService (GrpcService.java:closeImpl(164)) - 6f849279-8265-485e-82a5-918f2cc86fc1: shutdown server with port 46354 now
2019-09-24 02:24:18,602 [ForkJoinPool.commonPool-worker-0] INFO  ozoneimpl.OzoneContainer (OzoneContainer.java:stop(231)) - Attempting to stop container services.
2019-09-24 02:24:18,603 [ForkJoinPool.commonPool-worker-0] INFO  impl.RaftServerProxy (RaftServerProxy.java:lambda$close$4(314)) - 54979dbf-d71a-4b3b-9687-e35aa22ddfbe: close
2019-09-24 02:24:18,603 [ForkJoinPool.commonPool-worker-0] INFO  impl.RaftServerImpl (RaftServerImpl.java:lambda$shutdown$3(251)) - 54979dbf-d71a-4b3b-9687-e35aa22ddfbe@group-6FB4E83B17BF: shutdown
2019-09-24 02:24:18,604 [ForkJoinPool.commonPool-worker-0] INFO  util.JmxRegister (JmxRegister.java:unregister(73)) - Successfully un-registered JMX Bean with object name Ratis:service=RaftServer,group=group-6FB4E83B17BF,id=54979dbf-d71a-4b3b-9687-e35aa22ddfbe
2019-09-24 02:24:18,604 [ForkJoinPool.commonPool-worker-0] INFO  impl.RoleInfo (RoleInfo.java:shutdownLeaderState(104)) - 54979dbf-d71a-4b3b-9687-e35aa22ddfbe: shutdown LeaderState
2019-09-24 02:24:18,608 [ForkJoinPool.commonPool-worker-0] INFO  impl.PendingRequests (PendingRequests.java:sendNotLeaderResponses(202)) - 54979dbf-d71a-4b3b-9687-e35aa22ddfbe-PendingRequests: sendNotLeaderResponses
2019-09-24 02:24:18,608 [org.apache.ratis.server.impl.LogAppender$AppenderDaemon$$Lambda$430/2026899056@3096e479] WARN  server.GrpcLogAppender (GrpcLogAppender.java:mayWait(143)) - 54979dbf-d71a-4b3b-9687-e35aa22ddfbe@group-6FB4E83B17BF->afd2474b-fc98-4bcf-8229-023d47ec65b0-GrpcLogAppender: Wait interrupted by java.lang.InterruptedException
2019-09-24 02:24:18,608 [org.apache.ratis.server.impl.LogAppender$AppenderDaemon$$Lambda$430/2026899056@a7fc817] WARN  server.GrpcLogAppender (GrpcLogAppender.java:mayWait(143)) - 54979dbf-d71a-4b3b-9687-e35aa22ddfbe@group-6FB4E83B17BF->8a99bbfb-49a9-45e9-85c7-917445244762-GrpcLogAppender: Wait interrupted by java.lang.InterruptedException
2019-09-24 02:24:18,608 [ForkJoinPool.commonPool-worker-0] INFO  impl.StateMachineUpdater (StateMachineUpdater.java:stopAndJoin(125)) - 54979dbf-d71a-4b3b-9687-e35aa22ddfbe@group-6FB4E83B17BF-StateMachineUpdater: set stopIndex = 4
2019-09-24 02:24:18,609 [grpc-default-executor-0] INFO  server.GrpcServerProtocolService (GrpcServerProtocolService.java:onCompleted(113)) - afd2474b-fc98-4bcf-8229-023d47ec65b0: Completed APPEND_ENTRIES, lastRequest: 54979dbf-d71a-4b3b-9687-e35aa22ddfbe->afd2474b-fc98-4bcf-8229-023d47ec65b0#17-t5, previous=(t:5, i:4), leaderCommit=4, initializing? false, entries: <empty>
2019-09-24 02:24:18,609 [ForkJoinPool.commonPool-worker-0] INFO  impl.RaftServerImpl (ServerState.java:close(385)) - 54979dbf-d71a-4b3b-9687-e35aa22ddfbe@group-6FB4E83B17BF: closes. applyIndex: 4
2019-09-24 02:24:18,609 [grpc-default-executor-7] WARN  server.GrpcServerProtocolService (LogUtils.java:warn(134)) - 6f849279-8265-485e-82a5-918f2cc86fc1: installSnapshot onError, lastRequest: c0944fb1-a003-48a4-987e-44a4096d22d1->6f849279-8265-485e-82a5-918f2cc86fc1#20-t5, previous=(t:5, i:2), leaderCommit=2, initializing? false, entries: <empty>: org.apache.ratis.thirdparty.io.grpc.StatusRuntimeException: CANCELLED: cancelled before receiving half close
2019-09-24 02:24:18,609 [54979dbf-d71a-4b3b-9687-e35aa22ddfbe@group-6FB4E83B17BF-SegmentedRaftLogWorker] INFO  segmented.SegmentedRaftLogWorker (SegmentedRaftLogWorker.java:run(313)) - 54979dbf-d71a-4b3b-9687-e35aa22ddfbe@group-6FB4E83B17BF-SegmentedRaftLogWorker was interrupted, exiting. There are 0 tasks remaining in the queue.
2019-09-24 02:24:18,610 [grpc-default-executor-0] INFO  server.GrpcLogAppender (GrpcLogAppender.java:onCompleted(293)) - 54979dbf-d71a-4b3b-9687-e35aa22ddfbe@group-6FB4E83B17BF->afd2474b-fc98-4bcf-8229-023d47ec65b0-AppendLogResponseHandler: follower responses appendEntries COMPLETED
2019-09-24 02:24:18,611 [ForkJoinPool.commonPool-worker-0] INFO  segmented.SegmentedRaftLogWorker (SegmentedRaftLogWorker.java:close(228)) - 54979dbf-d71a-4b3b-9687-e35aa22ddfbe@group-6FB4E83B17BF-SegmentedRaftLogWorker close()
2019-09-24 02:24:18,612 [grpc-default-executor-0] INFO  impl.FollowerInfo (FollowerInfo.java:lambda$new$0(51)) - 54979dbf-d71a-4b3b-9687-e35aa22ddfbe@group-6FB4E83B17BF->afd2474b-fc98-4bcf-8229-023d47ec65b0: nextIndex: updateUnconditionally 5 -> 4
2019-09-24 02:24:18,612 [main] INFO  server.GrpcService (GrpcService.java:closeImpl(172)) - 6f849279-8265-485e-82a5-918f2cc86fc1: shutdown server with port 46354 successfully
2019-09-24 02:24:18,622 [ForkJoinPool.commonPool-worker-0] INFO  impl.RaftServerImpl (RaftServerImpl.java:lambda$shutdown$3(251)) - 54979dbf-d71a-4b3b-9687-e35aa22ddfbe@group-D5BA06B4D981: shutdown
2019-09-24 02:24:18,624 [grpc-default-executor-0] WARN  server.GrpcLogAppender (LogUtils.java:warn(134)) - c0944fb1-a003-48a4-987e-44a4096d22d1@group-E392B0B88194->6f849279-8265-485e-82a5-918f2cc86fc1-AppendLogResponseHandler: Failed appendEntries: org.apache.ratis.thirdparty.io.grpc.StatusRuntimeException: CANCELLED: HTTP/2 error code: CANCEL
Received Rst Stream
2019-09-24 02:24:18,624 [ForkJoinPool.commonPool-worker-0] INFO  util.JmxRegister (JmxRegister.java:unregister(73)) - Successfully un-registered JMX Bean with object name Ratis:service=RaftServer,group=group-D5BA06B4D981,id=54979dbf-d71a-4b3b-9687-e35aa22ddfbe
2019-09-24 02:24:18,625 [grpc-default-executor-0] INFO  impl.FollowerInfo (FollowerInfo.java:lambda$new$0(51)) - c0944fb1-a003-48a4-987e-44a4096d22d1@group-E392B0B88194->6f849279-8265-485e-82a5-918f2cc86fc1: nextIndex: updateUnconditionally 3 -> 2
2019-09-24 02:24:18,625 [ForkJoinPool.commonPool-worker-0] INFO  impl.RoleInfo (RoleInfo.java:shutdownLeaderState(104)) - 54979dbf-d71a-4b3b-9687-e35aa22ddfbe: shutdown LeaderState
2019-09-24 02:24:18,625 [ForkJoinPool.commonPool-worker-0] INFO  impl.PendingRequests (PendingRequests.java:sendNotLeaderResponses(202)) - 54979dbf-d71a-4b3b-9687-e35aa22ddfbe-PendingRequests: sendNotLeaderResponses
2019-09-24 02:24:18,625 [refreshUsed-/workdir/hadoop-ozone/integration-test/target/test-dir/MiniOzoneClusterImpl-de332c24-5f7d-4363-8764-5335807553b9/datanode-8/data/containers] WARN  fs.CachingGetSpaceUsed (CachingGetSpaceUsed.java:run(183)) - Thread Interrupted waiting to refresh disk information: sleep interrupted
2019-09-24 02:24:18,626 [ForkJoinPool.commonPool-worker-0] INFO  impl.StateMachineUpdater (StateMachineUpdater.java:stopAndJoin(125)) - 54979dbf-d71a-4b3b-9687-e35aa22ddfbe@group-D5BA06B4D981-StateMachineUpdater: set stopIndex = 0
2019-09-24 02:24:18,626 [ForkJoinPool.commonPool-worker-0] INFO  impl.RaftServerImpl (ServerState.java:close(385)) - 54979dbf-d71a-4b3b-9687-e35aa22ddfbe@group-D5BA06B4D981: closes. applyIndex: 0
2019-09-24 02:24:18,627 [54979dbf-d71a-4b3b-9687-e35aa22ddfbe@group-D5BA06B4D981-SegmentedRaftLogWorker] INFO  segmented.SegmentedRaftLogWorker (SegmentedRaftLogWorker.java:run(313)) - 54979dbf-d71a-4b3b-9687-e35aa22ddfbe@group-D5BA06B4D981-SegmentedRaftLogWorker was interrupted, exiting. There are 0 tasks remaining in the queue.
2019-09-24 02:24:18,627 [ForkJoinPool.commonPool-worker-0] INFO  segmented.SegmentedRaftLogWorker (SegmentedRaftLogWorker.java:close(228)) - 54979dbf-d71a-4b3b-9687-e35aa22ddfbe@group-D5BA06B4D981-SegmentedRaftLogWorker close()
2019-09-24 02:24:18,629 [ForkJoinPool.commonPool-worker-0] INFO  server.GrpcService (GrpcService.java:closeImpl(164)) - 54979dbf-d71a-4b3b-9687-e35aa22ddfbe: shutdown server with port 40767 now
2019-09-24 02:24:18,630 [ForkJoinPool.commonPool-worker-0] INFO  server.GrpcService (GrpcService.java:closeImpl(172)) - 54979dbf-d71a-4b3b-9687-e35aa22ddfbe: shutdown server with port 40767 successfully
2019-09-24 02:24:18,637 [refreshUsed-/workdir/hadoop-ozone/integration-test/target/test-dir/MiniOzoneClusterImpl-de332c24-5f7d-4363-8764-5335807553b9/datanode-4/data/containers] WARN  fs.CachingGetSpaceUsed (CachingGetSpaceUsed.java:run(183)) - Thread Interrupted waiting to refresh disk information: sleep interrupted
2019-09-24 02:24:18,647 [main] INFO  utils.BackgroundService (BackgroundService.java:shutdown(148)) - Shutting down service BlockDeletingService
2019-09-24 02:24:18,652 [main] INFO  statemachine.DatanodeStateMachine (DatanodeStateMachine.java:stopDaemon(395)) - Ozone container server stopped.
2019-09-24 02:24:18,653 [main] INFO  handler.ContextHandler (ContextHandler.java:doStop(910)) - Stopped o.e.j.w.WebAppContext@765ffb14{/,null,UNAVAILABLE}{/hddsDatanode}
2019-09-24 02:24:18,654 [main] INFO  server.AbstractConnector (AbstractConnector.java:doStop(318)) - Stopped ServerConnector@57562473{HTTP/1.1,[http/1.1]}{0.0.0.0:0}
2019-09-24 02:24:18,654 [ForkJoinPool.commonPool-worker-0] INFO  utils.BackgroundService (BackgroundService.java:shutdown(148)) - Shutting down service BlockDeletingService
2019-09-24 02:24:18,654 [main] INFO  handler.ContextHandler (ContextHandler.java:doStop(910)) - Stopped o.e.j.s.ServletContextHandler@27e7c77f{/static,jar:file:/home/user/.m2/repository/org/apache/hadoop/hadoop-hdds-container-service/0.5.0-SNAPSHOT/hadoop-hdds-container-service-0.5.0-SNAPSHOT.jar!/webapps/static,UNAVAILABLE}
2019-09-24 02:24:18,656 [main] INFO  handler.ContextHandler (ContextHandler.java:doStop(910)) - Stopped o.e.j.s.ServletContextHandler@1f53481b{/logs,file:///workdir/hadoop-ozone/integration-test/target/log,UNAVAILABLE}
2019-09-24 02:24:18,658 [ForkJoinPool.commonPool-worker-0] INFO  statemachine.DatanodeStateMachine (DatanodeStateMachine.java:stopDaemon(395)) - Ozone container server stopped.
2019-09-24 02:24:18,663 [ForkJoinPool.commonPool-worker-0] INFO  handler.ContextHandler (ContextHandler.java:doStop(910)) - Stopped o.e.j.w.WebAppContext@127a7272{/,null,UNAVAILABLE}{/hddsDatanode}
2019-09-24 02:24:18,664 [ForkJoinPool.commonPool-worker-0] INFO  server.AbstractConnector (AbstractConnector.java:doStop(318)) - Stopped ServerConnector@ff23ae7{HTTP/1.1,[http/1.1]}{0.0.0.0:0}
2019-09-24 02:24:18,665 [ForkJoinPool.commonPool-worker-0] INFO  handler.ContextHandler (ContextHandler.java:doStop(910)) - Stopped o.e.j.s.ServletContextHandler@2a369e14{/static,jar:file:/home/user/.m2/repository/org/apache/hadoop/hadoop-hdds-container-service/0.5.0-SNAPSHOT/hadoop-hdds-container-service-0.5.0-SNAPSHOT.jar!/webapps/static,UNAVAILABLE}
2019-09-24 02:24:18,667 [ForkJoinPool.commonPool-worker-0] INFO  handler.ContextHandler (ContextHandler.java:doStop(910)) - Stopped o.e.j.s.ServletContextHandler@60c8a093{/logs,file:///workdir/hadoop-ozone/integration-test/target/log,UNAVAILABLE}
2019-09-24 02:24:18,796 [grpc-default-executor-7] WARN  server.GrpcLogAppender (LogUtils.java:warn(134)) - 6e6c6100-ad13-453b-9932-e9c645725862@group-D8F232C36E53->76c02951-0e42-41da-95d2-62b96a0dd9ff-AppendLogResponseHandler: Failed appendEntries: org.apache.ratis.thirdparty.io.grpc.StatusRuntimeException: UNAVAILABLE: io exception
2019-09-24 02:24:18,797 [grpc-default-executor-7] INFO  impl.FollowerInfo (FollowerInfo.java:lambda$new$0(51)) - 6e6c6100-ad13-453b-9932-e9c645725862@group-D8F232C36E53->76c02951-0e42-41da-95d2-62b96a0dd9ff: nextIndex: updateUnconditionally 0 -> 0
2019-09-24 02:24:18,941 [grpc-default-executor-7] WARN  server.GrpcLogAppender (LogUtils.java:warn(134)) - c0944fb1-a003-48a4-987e-44a4096d22d1@group-E392B0B88194->0fd55585-263a-4577-aa0a-ea5a39896330-AppendLogResponseHandler: Failed appendEntries: org.apache.ratis.thirdparty.io.grpc.StatusRuntimeException: UNAVAILABLE: io exception
2019-09-24 02:24:18,942 [grpc-default-executor-7] INFO  impl.FollowerInfo (FollowerInfo.java:lambda$new$0(51)) - c0944fb1-a003-48a4-987e-44a4096d22d1@group-E392B0B88194->0fd55585-263a-4577-aa0a-ea5a39896330: nextIndex: updateUnconditionally 0 -> 0
2019-09-24 02:24:18,959 [grpc-default-executor-1] WARN  server.GrpcLogAppender (LogUtils.java:warn(134)) - c0944fb1-a003-48a4-987e-44a4096d22d1@group-E392B0B88194->6f849279-8265-485e-82a5-918f2cc86fc1-AppendLogResponseHandler: Failed appendEntries: org.apache.ratis.thirdparty.io.grpc.StatusRuntimeException: UNAVAILABLE: io exception
2019-09-24 02:24:18,959 [grpc-default-executor-1] INFO  impl.FollowerInfo (FollowerInfo.java:lambda$new$0(51)) - c0944fb1-a003-48a4-987e-44a4096d22d1@group-E392B0B88194->6f849279-8265-485e-82a5-918f2cc86fc1: nextIndex: updateUnconditionally 2 -> 1
2019-09-24 02:24:19,180 [Datanode State Machine Thread - 0] INFO  statemachine.DatanodeStateMachine (DatanodeStateMachine.java:lambda$startDaemon$0(350)) - Ozone container server started.
2019-09-24 02:24:19,298 [grpc-default-executor-7] WARN  server.GrpcLogAppender (LogUtils.java:warn(134)) - 6e6c6100-ad13-453b-9932-e9c645725862@group-D8F232C36E53->76c02951-0e42-41da-95d2-62b96a0dd9ff-AppendLogResponseHandler: Failed appendEntries: org.apache.ratis.thirdparty.io.grpc.StatusRuntimeException: UNAVAILABLE: io exception
2019-09-24 02:24:19,298 [grpc-default-executor-7] INFO  impl.FollowerInfo (FollowerInfo.java:lambda$new$0(51)) - 6e6c6100-ad13-453b-9932-e9c645725862@group-D8F232C36E53->76c02951-0e42-41da-95d2-62b96a0dd9ff: nextIndex: updateUnconditionally 0 -> 0
2019-09-24 02:24:19,354 [Datanode State Machine Thread - 0] INFO  statemachine.DatanodeStateMachine (DatanodeStateMachine.java:lambda$startDaemon$0(350)) - Ozone container server started.
2019-09-24 02:24:19,443 [grpc-default-executor-0] WARN  server.GrpcLogAppender (LogUtils.java:warn(134)) - c0944fb1-a003-48a4-987e-44a4096d22d1@group-E392B0B88194->0fd55585-263a-4577-aa0a-ea5a39896330-AppendLogResponseHandler: Failed appendEntries: org.apache.ratis.thirdparty.io.grpc.StatusRuntimeException: UNAVAILABLE: io exception
2019-09-24 02:24:19,443 [grpc-default-executor-0] INFO  impl.FollowerInfo (FollowerInfo.java:lambda$new$0(51)) - c0944fb1-a003-48a4-987e-44a4096d22d1@group-E392B0B88194->0fd55585-263a-4577-aa0a-ea5a39896330: nextIndex: updateUnconditionally 0 -> 0
2019-09-24 02:24:19,459 [grpc-default-executor-1] WARN  server.GrpcLogAppender (LogUtils.java:warn(134)) - c0944fb1-a003-48a4-987e-44a4096d22d1@group-E392B0B88194->6f849279-8265-485e-82a5-918f2cc86fc1-AppendLogResponseHandler: Failed appendEntries: org.apache.ratis.thirdparty.io.grpc.StatusRuntimeException: UNAVAILABLE: io exception
2019-09-24 02:24:19,460 [grpc-default-executor-1] INFO  impl.FollowerInfo (FollowerInfo.java:lambda$new$0(51)) - c0944fb1-a003-48a4-987e-44a4096d22d1@group-E392B0B88194->6f849279-8265-485e-82a5-918f2cc86fc1: nextIndex: updateUnconditionally 1 -> 0
2019-09-24 02:24:19,798 [grpc-default-executor-1] WARN  server.GrpcLogAppender (LogUtils.java:warn(134)) - 6e6c6100-ad13-453b-9932-e9c645725862@group-D8F232C36E53->76c02951-0e42-41da-95d2-62b96a0dd9ff-AppendLogResponseHandler: Failed appendEntries: org.apache.ratis.thirdparty.io.grpc.StatusRuntimeException: UNAVAILABLE: io exception
2019-09-24 02:24:19,799 [grpc-default-executor-1] INFO  impl.FollowerInfo (FollowerInfo.java:lambda$new$0(51)) - 6e6c6100-ad13-453b-9932-e9c645725862@group-D8F232C36E53->76c02951-0e42-41da-95d2-62b96a0dd9ff: nextIndex: updateUnconditionally 0 -> 0
2019-09-24 02:24:19,943 [grpc-default-executor-7] WARN  server.GrpcLogAppender (LogUtils.java:warn(134)) - c0944fb1-a003-48a4-987e-44a4096d22d1@group-E392B0B88194->0fd55585-263a-4577-aa0a-ea5a39896330-AppendLogResponseHandler: Failed appendEntries: org.apache.ratis.thirdparty.io.grpc.StatusRuntimeException: UNAVAILABLE: io exception
2019-09-24 02:24:19,944 [grpc-default-executor-7] INFO  impl.FollowerInfo (FollowerInfo.java:lambda$new$0(51)) - c0944fb1-a003-48a4-987e-44a4096d22d1@group-E392B0B88194->0fd55585-263a-4577-aa0a-ea5a39896330: nextIndex: updateUnconditionally 0 -> 0
2019-09-24 02:24:19,960 [grpc-default-executor-0] WARN  server.GrpcLogAppender (LogUtils.java:warn(134)) - c0944fb1-a003-48a4-987e-44a4096d22d1@group-E392B0B88194->6f849279-8265-485e-82a5-918f2cc86fc1-AppendLogResponseHandler: Failed appendEntries: org.apache.ratis.thirdparty.io.grpc.StatusRuntimeException: UNAVAILABLE: io exception
2019-09-24 02:24:19,960 [grpc-default-executor-0] INFO  impl.FollowerInfo (FollowerInfo.java:lambda$new$0(51)) - c0944fb1-a003-48a4-987e-44a4096d22d1@group-E392B0B88194->6f849279-8265-485e-82a5-918f2cc86fc1: nextIndex: updateUnconditionally 0 -> 0
2019-09-24 02:24:20,225 [Thread-1855] INFO  impl.FollowerState (FollowerState.java:run(106)) - afd2474b-fc98-4bcf-8229-023d47ec65b0:group-6FB4E83B17BF changes to CANDIDATE, lastRpcTime:1905, electionTimeout:1187ms
2019-09-24 02:24:20,226 [Thread-1855] INFO  impl.RoleInfo (RoleInfo.java:shutdownFollowerState(121)) - afd2474b-fc98-4bcf-8229-023d47ec65b0: shutdown FollowerState
2019-09-24 02:24:20,226 [Thread-1855] INFO  impl.RaftServerImpl (RaftServerImpl.java:setRole(174)) - afd2474b-fc98-4bcf-8229-023d47ec65b0@group-6FB4E83B17BF: changes role from  FOLLOWER to CANDIDATE at term 5 for changeToCandidate
2019-09-24 02:24:20,226 [Thread-1855] INFO  impl.RoleInfo (RoleInfo.java:updateAndGet(143)) - afd2474b-fc98-4bcf-8229-023d47ec65b0: start LeaderElection
2019-09-24 02:24:20,229 [afd2474b-fc98-4bcf-8229-023d47ec65b0@group-6FB4E83B17BF:LeaderElection31] INFO  impl.RaftServerImpl (ServerState.java:setLeader(253)) - afd2474b-fc98-4bcf-8229-023d47ec65b0@group-6FB4E83B17BF: change Leader from 54979dbf-d71a-4b3b-9687-e35aa22ddfbe to null at term 5 for initElection
2019-09-24 02:24:20,300 [grpc-default-executor-0] WARN  server.GrpcLogAppender (LogUtils.java:warn(134)) - 6e6c6100-ad13-453b-9932-e9c645725862@group-D8F232C36E53->76c02951-0e42-41da-95d2-62b96a0dd9ff-AppendLogResponseHandler: Failed appendEntries: org.apache.ratis.thirdparty.io.grpc.StatusRuntimeException: UNAVAILABLE: io exception
2019-09-24 02:24:20,300 [grpc-default-executor-0] INFO  impl.FollowerInfo (FollowerInfo.java:lambda$new$0(51)) - 6e6c6100-ad13-453b-9932-e9c645725862@group-D8F232C36E53->76c02951-0e42-41da-95d2-62b96a0dd9ff: nextIndex: updateUnconditionally 0 -> 0
2019-09-24 02:24:20,302 [afd2474b-fc98-4bcf-8229-023d47ec65b0@group-6FB4E83B17BF:LeaderElection31] INFO  impl.LeaderElection (LeaderElection.java:askForVotes(182)) - afd2474b-fc98-4bcf-8229-023d47ec65b0@group-6FB4E83B17BF:LeaderElection31: begin an election at term 6 for 3: [afd2474b-fc98-4bcf-8229-023d47ec65b0:192.168.151.121:41375, 54979dbf-d71a-4b3b-9687-e35aa22ddfbe:192.168.151.121:40767, 8a99bbfb-49a9-45e9-85c7-917445244762:192.168.151.121:36521], old=null
2019-09-24 02:24:20,305 [afd2474b-fc98-4bcf-8229-023d47ec65b0@group-6FB4E83B17BF:LeaderElection31] INFO  impl.LeaderElection (LogUtils.java:infoOrTrace(149)) - afd2474b-fc98-4bcf-8229-023d47ec65b0@group-6FB4E83B17BF:LeaderElection31 got exception when requesting votes: {}
java.util.concurrent.ExecutionException: org.apache.ratis.thirdparty.io.grpc.StatusRuntimeException: UNAVAILABLE: io exception
	at java.util.concurrent.FutureTask.report(FutureTask.java:122)
	at java.util.concurrent.FutureTask.get(FutureTask.java:192)
	at org.apache.ratis.server.impl.LeaderElection.waitForResults(LeaderElection.java:263)
	at org.apache.ratis.server.impl.LeaderElection.askForVotes(LeaderElection.java:201)
	at org.apache.ratis.server.impl.LeaderElection.run(LeaderElection.java:133)
	at java.lang.Thread.run(Thread.java:748)
Caused by: org.apache.ratis.thirdparty.io.grpc.StatusRuntimeException: UNAVAILABLE: io exception
	at org.apache.ratis.thirdparty.io.grpc.stub.ClientCalls.toStatusRuntimeException(ClientCalls.java:233)
	at org.apache.ratis.thirdparty.io.grpc.stub.ClientCalls.getUnchecked(ClientCalls.java:214)
	at org.apache.ratis.thirdparty.io.grpc.stub.ClientCalls.blockingUnaryCall(ClientCalls.java:139)
	at org.apache.ratis.proto.grpc.RaftServerProtocolServiceGrpc$RaftServerProtocolServiceBlockingStub.requestVote(RaftServerProtocolServiceGrpc.java:265)
	at org.apache.ratis.grpc.server.GrpcServerProtocolClient.requestVote(GrpcServerProtocolClient.java:90)
	at org.apache.ratis.grpc.server.GrpcService.requestVote(GrpcService.java:204)
	at org.apache.ratis.server.impl.LeaderElection.lambda$submitRequests$1(LeaderElection.java:238)
	at java.util.concurrent.FutureTask.run(FutureTask.java:266)
	at java.util.concurrent.Executors$RunnableAdapter.call(Executors.java:511)
	at java.util.concurrent.FutureTask.run(FutureTask.java:266)
	at java.util.concurrent.ThreadPoolExecutor.runWorker(ThreadPoolExecutor.java:1149)
	at java.util.concurrent.ThreadPoolExecutor$Worker.run(ThreadPoolExecutor.java:624)
	... 1 more
Caused by: org.apache.ratis.thirdparty.io.netty.channel.AbstractChannel$AnnotatedConnectException: Connection refused: /192.168.151.121:40767
	at sun.nio.ch.SocketChannelImpl.checkConnect(Native Method)
	at sun.nio.ch.SocketChannelImpl.finishConnect(SocketChannelImpl.java:717)
	at org.apache.ratis.thirdparty.io.netty.channel.socket.nio.NioSocketChannel.doFinishConnect(NioSocketChannel.java:327)
	at org.apache.ratis.thirdparty.io.netty.channel.nio.AbstractNioChannel$AbstractNioUnsafe.finishConnect(AbstractNioChannel.java:340)
	at org.apache.ratis.thirdparty.io.netty.channel.nio.NioEventLoop.processSelectedKey(NioEventLoop.java:632)
	at org.apache.ratis.thirdparty.io.netty.channel.nio.NioEventLoop.processSelectedKeysOptimized(NioEventLoop.java:579)
	at org.apache.ratis.thirdparty.io.netty.channel.nio.NioEventLoop.processSelectedKeys(NioEventLoop.java:496)
	at org.apache.ratis.thirdparty.io.netty.channel.nio.NioEventLoop.run(NioEventLoop.java:458)
	at org.apache.ratis.thirdparty.io.netty.util.concurrent.SingleThreadEventExecutor$5.run(SingleThreadEventExecutor.java:897)
	at org.apache.ratis.thirdparty.io.netty.util.concurrent.FastThreadLocalRunnable.run(FastThreadLocalRunnable.java:30)
	... 1 more
Caused by: java.net.ConnectException: Connection refused
	... 11 more
2019-09-24 02:24:20,309 [afd2474b-fc98-4bcf-8229-023d47ec65b0@group-6FB4E83B17BF:LeaderElection31] INFO  impl.LeaderElection (LogUtils.java:infoOrTrace(149)) - afd2474b-fc98-4bcf-8229-023d47ec65b0@group-6FB4E83B17BF:LeaderElection31 got exception when requesting votes: {}
java.util.concurrent.ExecutionException: org.apache.ratis.thirdparty.io.grpc.StatusRuntimeException: UNAVAILABLE: io exception
	at java.util.concurrent.FutureTask.report(FutureTask.java:122)
	at java.util.concurrent.FutureTask.get(FutureTask.java:192)
	at org.apache.ratis.server.impl.LeaderElection.waitForResults(LeaderElection.java:263)
	at org.apache.ratis.server.impl.LeaderElection.askForVotes(LeaderElection.java:201)
	at org.apache.ratis.server.impl.LeaderElection.run(LeaderElection.java:133)
	at java.lang.Thread.run(Thread.java:748)
Caused by: org.apache.ratis.thirdparty.io.grpc.StatusRuntimeException: UNAVAILABLE: io exception
	at org.apache.ratis.thirdparty.io.grpc.stub.ClientCalls.toStatusRuntimeException(ClientCalls.java:233)
	at org.apache.ratis.thirdparty.io.grpc.stub.ClientCalls.getUnchecked(ClientCalls.java:214)
	at org.apache.ratis.thirdparty.io.grpc.stub.ClientCalls.blockingUnaryCall(ClientCalls.java:139)
	at org.apache.ratis.proto.grpc.RaftServerProtocolServiceGrpc$RaftServerProtocolServiceBlockingStub.requestVote(RaftServerProtocolServiceGrpc.java:265)
	at org.apache.ratis.grpc.server.GrpcServerProtocolClient.requestVote(GrpcServerProtocolClient.java:90)
	at org.apache.ratis.grpc.server.GrpcService.requestVote(GrpcService.java:204)
	at org.apache.ratis.server.impl.LeaderElection.lambda$submitRequests$1(LeaderElection.java:238)
	at java.util.concurrent.FutureTask.run(FutureTask.java:266)
	at java.util.concurrent.Executors$RunnableAdapter.call(Executors.java:511)
	at java.util.concurrent.FutureTask.run(FutureTask.java:266)
	at java.util.concurrent.ThreadPoolExecutor.runWorker(ThreadPoolExecutor.java:1149)
	at java.util.concurrent.ThreadPoolExecutor$Worker.run(ThreadPoolExecutor.java:624)
	... 1 more
Caused by: org.apache.ratis.thirdparty.io.netty.channel.AbstractChannel$AnnotatedConnectException: Connection refused: /192.168.151.121:36521
	at sun.nio.ch.SocketChannelImpl.checkConnect(Native Method)
	at sun.nio.ch.SocketChannelImpl.finishConnect(SocketChannelImpl.java:717)
	at org.apache.ratis.thirdparty.io.netty.channel.socket.nio.NioSocketChannel.doFinishConnect(NioSocketChannel.java:327)
	at org.apache.ratis.thirdparty.io.netty.channel.nio.AbstractNioChannel$AbstractNioUnsafe.finishConnect(AbstractNioChannel.java:340)
	at org.apache.ratis.thirdparty.io.netty.channel.nio.NioEventLoop.processSelectedKey(NioEventLoop.java:632)
	at org.apache.ratis.thirdparty.io.netty.channel.nio.NioEventLoop.processSelectedKeysOptimized(NioEventLoop.java:579)
	at org.apache.ratis.thirdparty.io.netty.channel.nio.NioEventLoop.processSelectedKeys(NioEventLoop.java:496)
	at org.apache.ratis.thirdparty.io.netty.channel.nio.NioEventLoop.run(NioEventLoop.java:458)
	at org.apache.ratis.thirdparty.io.netty.util.concurrent.SingleThreadEventExecutor$5.run(SingleThreadEventExecutor.java:897)
	at org.apache.ratis.thirdparty.io.netty.util.concurrent.FastThreadLocalRunnable.run(FastThreadLocalRunnable.java:30)
	... 1 more
Caused by: java.net.ConnectException: Connection refused
	... 11 more
2019-09-24 02:24:20,311 [afd2474b-fc98-4bcf-8229-023d47ec65b0@group-6FB4E83B17BF:LeaderElection31] INFO  impl.LeaderElection (LeaderElection.java:logAndReturn(56)) - afd2474b-fc98-4bcf-8229-023d47ec65b0@group-6FB4E83B17BF:LeaderElection31: Election REJECTED; received 0 response(s) [] and 2 exception(s); afd2474b-fc98-4bcf-8229-023d47ec65b0@group-6FB4E83B17BF:t6, leader=null, voted=afd2474b-fc98-4bcf-8229-023d47ec65b0, raftlog=afd2474b-fc98-4bcf-8229-023d47ec65b0@group-6FB4E83B17BF-SegmentedRaftLog:OPENED:c4,f4,i4, conf=3: [afd2474b-fc98-4bcf-8229-023d47ec65b0:192.168.151.121:41375, 54979dbf-d71a-4b3b-9687-e35aa22ddfbe:192.168.151.121:40767, 8a99bbfb-49a9-45e9-85c7-917445244762:192.168.151.121:36521], old=null
2019-09-24 02:24:20,311 [afd2474b-fc98-4bcf-8229-023d47ec65b0@group-6FB4E83B17BF:LeaderElection31] INFO  impl.LeaderElection (LogUtils.java:infoOrTrace(149)) -   Exception 0: {}
java.util.concurrent.ExecutionException: org.apache.ratis.thirdparty.io.grpc.StatusRuntimeException: UNAVAILABLE: io exception
	at java.util.concurrent.FutureTask.report(FutureTask.java:122)
	at java.util.concurrent.FutureTask.get(FutureTask.java:192)
	at org.apache.ratis.server.impl.LeaderElection.waitForResults(LeaderElection.java:263)
	at org.apache.ratis.server.impl.LeaderElection.askForVotes(LeaderElection.java:201)
	at org.apache.ratis.server.impl.LeaderElection.run(LeaderElection.java:133)
	at java.lang.Thread.run(Thread.java:748)
Caused by: org.apache.ratis.thirdparty.io.grpc.StatusRuntimeException: UNAVAILABLE: io exception
	at org.apache.ratis.thirdparty.io.grpc.stub.ClientCalls.toStatusRuntimeException(ClientCalls.java:233)
	at org.apache.ratis.thirdparty.io.grpc.stub.ClientCalls.getUnchecked(ClientCalls.java:214)
	at org.apache.ratis.thirdparty.io.grpc.stub.ClientCalls.blockingUnaryCall(ClientCalls.java:139)
	at org.apache.ratis.proto.grpc.RaftServerProtocolServiceGrpc$RaftServerProtocolServiceBlockingStub.requestVote(RaftServerProtocolServiceGrpc.java:265)
	at org.apache.ratis.grpc.server.GrpcServerProtocolClient.requestVote(GrpcServerProtocolClient.java:90)
	at org.apache.ratis.grpc.server.GrpcService.requestVote(GrpcService.java:204)
	at org.apache.ratis.server.impl.LeaderElection.lambda$submitRequests$1(LeaderElection.java:238)
	at java.util.concurrent.FutureTask.run(FutureTask.java:266)
	at java.util.concurrent.Executors$RunnableAdapter.call(Executors.java:511)
	at java.util.concurrent.FutureTask.run(FutureTask.java:266)
	at java.util.concurrent.ThreadPoolExecutor.runWorker(ThreadPoolExecutor.java:1149)
	at java.util.concurrent.ThreadPoolExecutor$Worker.run(ThreadPoolExecutor.java:624)
	... 1 more
Caused by: org.apache.ratis.thirdparty.io.netty.channel.AbstractChannel$AnnotatedConnectException: Connection refused: /192.168.151.121:40767
	at sun.nio.ch.SocketChannelImpl.checkConnect(Native Method)
	at sun.nio.ch.SocketChannelImpl.finishConnect(SocketChannelImpl.java:717)
	at org.apache.ratis.thirdparty.io.netty.channel.socket.nio.NioSocketChannel.doFinishConnect(NioSocketChannel.java:327)
	at org.apache.ratis.thirdparty.io.netty.channel.nio.AbstractNioChannel$AbstractNioUnsafe.finishConnect(AbstractNioChannel.java:340)
	at org.apache.ratis.thirdparty.io.netty.channel.nio.NioEventLoop.processSelectedKey(NioEventLoop.java:632)
	at org.apache.ratis.thirdparty.io.netty.channel.nio.NioEventLoop.processSelectedKeysOptimized(NioEventLoop.java:579)
	at org.apache.ratis.thirdparty.io.netty.channel.nio.NioEventLoop.processSelectedKeys(NioEventLoop.java:496)
	at org.apache.ratis.thirdparty.io.netty.channel.nio.NioEventLoop.run(NioEventLoop.java:458)
	at org.apache.ratis.thirdparty.io.netty.util.concurrent.SingleThreadEventExecutor$5.run(SingleThreadEventExecutor.java:897)
	at org.apache.ratis.thirdparty.io.netty.util.concurrent.FastThreadLocalRunnable.run(FastThreadLocalRunnable.java:30)
	... 1 more
Caused by: java.net.ConnectException: Connection refused
	... 11 more
2019-09-24 02:24:20,312 [afd2474b-fc98-4bcf-8229-023d47ec65b0@group-6FB4E83B17BF:LeaderElection31] INFO  impl.LeaderElection (LogUtils.java:infoOrTrace(149)) -   Exception 1: {}
java.util.concurrent.ExecutionException: org.apache.ratis.thirdparty.io.grpc.StatusRuntimeException: UNAVAILABLE: io exception
	at java.util.concurrent.FutureTask.report(FutureTask.java:122)
	at java.util.concurrent.FutureTask.get(FutureTask.java:192)
	at org.apache.ratis.server.impl.LeaderElection.waitForResults(LeaderElection.java:263)
	at org.apache.ratis.server.impl.LeaderElection.askForVotes(LeaderElection.java:201)
	at org.apache.ratis.server.impl.LeaderElection.run(LeaderElection.java:133)
	at java.lang.Thread.run(Thread.java:748)
Caused by: org.apache.ratis.thirdparty.io.grpc.StatusRuntimeException: UNAVAILABLE: io exception
	at org.apache.ratis.thirdparty.io.grpc.stub.ClientCalls.toStatusRuntimeException(ClientCalls.java:233)
	at org.apache.ratis.thirdparty.io.grpc.stub.ClientCalls.getUnchecked(ClientCalls.java:214)
	at org.apache.ratis.thirdparty.io.grpc.stub.ClientCalls.blockingUnaryCall(ClientCalls.java:139)
	at org.apache.ratis.proto.grpc.RaftServerProtocolServiceGrpc$RaftServerProtocolServiceBlockingStub.requestVote(RaftServerProtocolServiceGrpc.java:265)
	at org.apache.ratis.grpc.server.GrpcServerProtocolClient.requestVote(GrpcServerProtocolClient.java:90)
	at org.apache.ratis.grpc.server.GrpcService.requestVote(GrpcService.java:204)
	at org.apache.ratis.server.impl.LeaderElection.lambda$submitRequests$1(LeaderElection.java:238)
	at java.util.concurrent.FutureTask.run(FutureTask.java:266)
	at java.util.concurrent.Executors$RunnableAdapter.call(Executors.java:511)
	at java.util.concurrent.FutureTask.run(FutureTask.java:266)
	at java.util.concurrent.ThreadPoolExecutor.runWorker(ThreadPoolExecutor.java:1149)
	at java.util.concurrent.ThreadPoolExecutor$Worker.run(ThreadPoolExecutor.java:624)
	... 1 more
Caused by: org.apache.ratis.thirdparty.io.netty.channel.AbstractChannel$AnnotatedConnectException: Connection refused: /192.168.151.121:36521
	at sun.nio.ch.SocketChannelImpl.checkConnect(Native Method)
	at sun.nio.ch.SocketChannelImpl.finishConnect(SocketChannelImpl.java:717)
	at org.apache.ratis.thirdparty.io.netty.channel.socket.nio.NioSocketChannel.doFinishConnect(NioSocketChannel.java:327)
	at org.apache.ratis.thirdparty.io.netty.channel.nio.AbstractNioChannel$AbstractNioUnsafe.finishConnect(AbstractNioChannel.java:340)
	at org.apache.ratis.thirdparty.io.netty.channel.nio.NioEventLoop.processSelectedKey(NioEventLoop.java:632)
	at org.apache.ratis.thirdparty.io.netty.channel.nio.NioEventLoop.processSelectedKeysOptimized(NioEventLoop.java:579)
	at org.apache.ratis.thirdparty.io.netty.channel.nio.NioEventLoop.processSelectedKeys(NioEventLoop.java:496)
	at org.apache.ratis.thirdparty.io.netty.channel.nio.NioEventLoop.run(NioEventLoop.java:458)
	at org.apache.ratis.thirdparty.io.netty.util.concurrent.SingleThreadEventExecutor$5.run(SingleThreadEventExecutor.java:897)
	at org.apache.ratis.thirdparty.io.netty.util.concurrent.FastThreadLocalRunnable.run(FastThreadLocalRunnable.java:30)
	... 1 more
Caused by: java.net.ConnectException: Connection refused
	... 11 more
2019-09-24 02:24:20,313 [afd2474b-fc98-4bcf-8229-023d47ec65b0@group-6FB4E83B17BF:LeaderElection31] INFO  impl.RaftServerImpl (RaftServerImpl.java:setRole(174)) - afd2474b-fc98-4bcf-8229-023d47ec65b0@group-6FB4E83B17BF: changes role from CANDIDATE to FOLLOWER at term 6 for DISCOVERED_A_NEW_TERM
2019-09-24 02:24:20,313 [afd2474b-fc98-4bcf-8229-023d47ec65b0@group-6FB4E83B17BF:LeaderElection31] INFO  impl.RoleInfo (RoleInfo.java:shutdownLeaderElection(134)) - afd2474b-fc98-4bcf-8229-023d47ec65b0: shutdown LeaderElection
2019-09-24 02:24:20,313 [afd2474b-fc98-4bcf-8229-023d47ec65b0@group-6FB4E83B17BF:LeaderElection31] INFO  impl.RoleInfo (RoleInfo.java:updateAndGet(143)) - afd2474b-fc98-4bcf-8229-023d47ec65b0: start FollowerState
2019-09-24 02:24:20,444 [grpc-default-executor-1] WARN  server.GrpcLogAppender (LogUtils.java:warn(134)) - c0944fb1-a003-48a4-987e-44a4096d22d1@group-E392B0B88194->0fd55585-263a-4577-aa0a-ea5a39896330-AppendLogResponseHandler: Failed appendEntries: org.apache.ratis.thirdparty.io.grpc.StatusRuntimeException: UNAVAILABLE: io exception
2019-09-24 02:24:20,447 [grpc-default-executor-1] INFO  impl.FollowerInfo (FollowerInfo.java:lambda$new$0(51)) - c0944fb1-a003-48a4-987e-44a4096d22d1@group-E392B0B88194->0fd55585-263a-4577-aa0a-ea5a39896330: nextIndex: updateUnconditionally 0 -> 0
2019-09-24 02:24:20,461 [grpc-default-executor-0] WARN  server.GrpcLogAppender (LogUtils.java:warn(134)) - c0944fb1-a003-48a4-987e-44a4096d22d1@group-E392B0B88194->6f849279-8265-485e-82a5-918f2cc86fc1-AppendLogResponseHandler: Failed appendEntries: org.apache.ratis.thirdparty.io.grpc.StatusRuntimeException: UNAVAILABLE: io exception
2019-09-24 02:24:20,461 [grpc-default-executor-0] INFO  impl.FollowerInfo (FollowerInfo.java:lambda$new$0(51)) - c0944fb1-a003-48a4-987e-44a4096d22d1@group-E392B0B88194->6f849279-8265-485e-82a5-918f2cc86fc1: nextIndex: updateUnconditionally 0 -> 0
2019-09-24 02:24:20,801 [grpc-default-executor-7] WARN  server.GrpcLogAppender (LogUtils.java:warn(134)) - 6e6c6100-ad13-453b-9932-e9c645725862@group-D8F232C36E53->76c02951-0e42-41da-95d2-62b96a0dd9ff-AppendLogResponseHandler: Failed appendEntries: org.apache.ratis.thirdparty.io.grpc.StatusRuntimeException: UNAVAILABLE: io exception
2019-09-24 02:24:20,801 [grpc-default-executor-7] INFO  impl.FollowerInfo (FollowerInfo.java:lambda$new$0(51)) - 6e6c6100-ad13-453b-9932-e9c645725862@group-D8F232C36E53->76c02951-0e42-41da-95d2-62b96a0dd9ff: nextIndex: updateUnconditionally 0 -> 0
2019-09-24 02:24:20,945 [grpc-default-executor-7] WARN  server.GrpcLogAppender (LogUtils.java:warn(134)) - c0944fb1-a003-48a4-987e-44a4096d22d1@group-E392B0B88194->0fd55585-263a-4577-aa0a-ea5a39896330-AppendLogResponseHandler: Failed appendEntries: org.apache.ratis.thirdparty.io.grpc.StatusRuntimeException: UNAVAILABLE: io exception
2019-09-24 02:24:20,945 [grpc-default-executor-7] INFO  impl.FollowerInfo (FollowerInfo.java:lambda$new$0(51)) - c0944fb1-a003-48a4-987e-44a4096d22d1@group-E392B0B88194->0fd55585-263a-4577-aa0a-ea5a39896330: nextIndex: updateUnconditionally 0 -> 0
2019-09-24 02:24:20,961 [grpc-default-executor-1] WARN  server.GrpcLogAppender (LogUtils.java:warn(134)) - c0944fb1-a003-48a4-987e-44a4096d22d1@group-E392B0B88194->6f849279-8265-485e-82a5-918f2cc86fc1-AppendLogResponseHandler: Failed appendEntries: org.apache.ratis.thirdparty.io.grpc.StatusRuntimeException: UNAVAILABLE: io exception
2019-09-24 02:24:20,961 [grpc-default-executor-1] INFO  impl.FollowerInfo (FollowerInfo.java:lambda$new$0(51)) - c0944fb1-a003-48a4-987e-44a4096d22d1@group-E392B0B88194->6f849279-8265-485e-82a5-918f2cc86fc1: nextIndex: updateUnconditionally 0 -> 0
2019-09-24 02:24:21,302 [grpc-default-executor-0] WARN  server.GrpcLogAppender (LogUtils.java:warn(134)) - 6e6c6100-ad13-453b-9932-e9c645725862@group-D8F232C36E53->76c02951-0e42-41da-95d2-62b96a0dd9ff-AppendLogResponseHandler: Failed appendEntries: org.apache.ratis.thirdparty.io.grpc.StatusRuntimeException: UNAVAILABLE: io exception
2019-09-24 02:24:21,303 [grpc-default-executor-0] INFO  impl.FollowerInfo (FollowerInfo.java:lambda$new$0(51)) - 6e6c6100-ad13-453b-9932-e9c645725862@group-D8F232C36E53->76c02951-0e42-41da-95d2-62b96a0dd9ff: nextIndex: updateUnconditionally 0 -> 0
2019-09-24 02:24:21,434 [Thread-1934] INFO  impl.FollowerState (FollowerState.java:run(106)) - afd2474b-fc98-4bcf-8229-023d47ec65b0:group-6FB4E83B17BF changes to CANDIDATE, lastRpcTime:1120, electionTimeout:1120ms
2019-09-24 02:24:21,434 [Thread-1934] INFO  impl.RoleInfo (RoleInfo.java:shutdownFollowerState(121)) - afd2474b-fc98-4bcf-8229-023d47ec65b0: shutdown FollowerState
2019-09-24 02:24:21,434 [Thread-1934] INFO  impl.RaftServerImpl (RaftServerImpl.java:setRole(174)) - afd2474b-fc98-4bcf-8229-023d47ec65b0@group-6FB4E83B17BF: changes role from  FOLLOWER to CANDIDATE at term 6 for changeToCandidate
2019-09-24 02:24:21,435 [Thread-1934] INFO  impl.RoleInfo (RoleInfo.java:updateAndGet(143)) - afd2474b-fc98-4bcf-8229-023d47ec65b0: start LeaderElection
2019-09-24 02:24:21,446 [grpc-default-executor-7] WARN  server.GrpcLogAppender (LogUtils.java:warn(134)) - c0944fb1-a003-48a4-987e-44a4096d22d1@group-E392B0B88194->0fd55585-263a-4577-aa0a-ea5a39896330-AppendLogResponseHandler: Failed appendEntries: org.apache.ratis.thirdparty.io.grpc.StatusRuntimeException: UNAVAILABLE: io exception
2019-09-24 02:24:21,447 [grpc-default-executor-7] INFO  impl.FollowerInfo (FollowerInfo.java:lambda$new$0(51)) - c0944fb1-a003-48a4-987e-44a4096d22d1@group-E392B0B88194->0fd55585-263a-4577-aa0a-ea5a39896330: nextIndex: updateUnconditionally 0 -> 0
2019-09-24 02:24:21,450 [afd2474b-fc98-4bcf-8229-023d47ec65b0@group-6FB4E83B17BF:LeaderElection32] INFO  impl.LeaderElection (LeaderElection.java:askForVotes(182)) - afd2474b-fc98-4bcf-8229-023d47ec65b0@group-6FB4E83B17BF:LeaderElection32: begin an election at term 7 for 3: [afd2474b-fc98-4bcf-8229-023d47ec65b0:192.168.151.121:41375, 54979dbf-d71a-4b3b-9687-e35aa22ddfbe:192.168.151.121:40767, 8a99bbfb-49a9-45e9-85c7-917445244762:192.168.151.121:36521], old=null
2019-09-24 02:24:21,452 [afd2474b-fc98-4bcf-8229-023d47ec65b0@group-6FB4E83B17BF:LeaderElection32] INFO  impl.LeaderElection (LogUtils.java:infoOrTrace(149)) - afd2474b-fc98-4bcf-8229-023d47ec65b0@group-6FB4E83B17BF:LeaderElection32 got exception when requesting votes: {}
java.util.concurrent.ExecutionException: org.apache.ratis.thirdparty.io.grpc.StatusRuntimeException: UNAVAILABLE: io exception
	at java.util.concurrent.FutureTask.report(FutureTask.java:122)
	at java.util.concurrent.FutureTask.get(FutureTask.java:192)
	at org.apache.ratis.server.impl.LeaderElection.waitForResults(LeaderElection.java:263)
	at org.apache.ratis.server.impl.LeaderElection.askForVotes(LeaderElection.java:201)
	at org.apache.ratis.server.impl.LeaderElection.run(LeaderElection.java:133)
	at java.lang.Thread.run(Thread.java:748)
Caused by: org.apache.ratis.thirdparty.io.grpc.StatusRuntimeException: UNAVAILABLE: io exception
	at org.apache.ratis.thirdparty.io.grpc.stub.ClientCalls.toStatusRuntimeException(ClientCalls.java:233)
	at org.apache.ratis.thirdparty.io.grpc.stub.ClientCalls.getUnchecked(ClientCalls.java:214)
	at org.apache.ratis.thirdparty.io.grpc.stub.ClientCalls.blockingUnaryCall(ClientCalls.java:139)
	at org.apache.ratis.proto.grpc.RaftServerProtocolServiceGrpc$RaftServerProtocolServiceBlockingStub.requestVote(RaftServerProtocolServiceGrpc.java:265)
	at org.apache.ratis.grpc.server.GrpcServerProtocolClient.requestVote(GrpcServerProtocolClient.java:90)
	at org.apache.ratis.grpc.server.GrpcService.requestVote(GrpcService.java:204)
	at org.apache.ratis.server.impl.LeaderElection.lambda$submitRequests$1(LeaderElection.java:238)
	at java.util.concurrent.FutureTask.run(FutureTask.java:266)
	at java.util.concurrent.Executors$RunnableAdapter.call(Executors.java:511)
	at java.util.concurrent.FutureTask.run(FutureTask.java:266)
	at java.util.concurrent.ThreadPoolExecutor.runWorker(ThreadPoolExecutor.java:1149)
	at java.util.concurrent.ThreadPoolExecutor$Worker.run(ThreadPoolExecutor.java:624)
	... 1 more
Caused by: org.apache.ratis.thirdparty.io.netty.channel.AbstractChannel$AnnotatedConnectException: Connection refused: /192.168.151.121:36521
	at sun.nio.ch.SocketChannelImpl.checkConnect(Native Method)
	at sun.nio.ch.SocketChannelImpl.finishConnect(SocketChannelImpl.java:717)
	at org.apache.ratis.thirdparty.io.netty.channel.socket.nio.NioSocketChannel.doFinishConnect(NioSocketChannel.java:327)
	at org.apache.ratis.thirdparty.io.netty.channel.nio.AbstractNioChannel$AbstractNioUnsafe.finishConnect(AbstractNioChannel.java:340)
	at org.apache.ratis.thirdparty.io.netty.channel.nio.NioEventLoop.processSelectedKey(NioEventLoop.java:632)
	at org.apache.ratis.thirdparty.io.netty.channel.nio.NioEventLoop.processSelectedKeysOptimized(NioEventLoop.java:579)
	at org.apache.ratis.thirdparty.io.netty.channel.nio.NioEventLoop.processSelectedKeys(NioEventLoop.java:496)
	at org.apache.ratis.thirdparty.io.netty.channel.nio.NioEventLoop.run(NioEventLoop.java:458)
	at org.apache.ratis.thirdparty.io.netty.util.concurrent.SingleThreadEventExecutor$5.run(SingleThreadEventExecutor.java:897)
	at org.apache.ratis.thirdparty.io.netty.util.concurrent.FastThreadLocalRunnable.run(FastThreadLocalRunnable.java:30)
	... 1 more
Caused by: java.net.ConnectException: Connection refused
	... 11 more
2019-09-24 02:24:21,454 [afd2474b-fc98-4bcf-8229-023d47ec65b0@group-6FB4E83B17BF:LeaderElection32] INFO  impl.LeaderElection (LogUtils.java:infoOrTrace(149)) - afd2474b-fc98-4bcf-8229-023d47ec65b0@group-6FB4E83B17BF:LeaderElection32 got exception when requesting votes: {}
java.util.concurrent.ExecutionException: org.apache.ratis.thirdparty.io.grpc.StatusRuntimeException: UNAVAILABLE: io exception
	at java.util.concurrent.FutureTask.report(FutureTask.java:122)
	at java.util.concurrent.FutureTask.get(FutureTask.java:192)
	at org.apache.ratis.server.impl.LeaderElection.waitForResults(LeaderElection.java:263)
	at org.apache.ratis.server.impl.LeaderElection.askForVotes(LeaderElection.java:201)
	at org.apache.ratis.server.impl.LeaderElection.run(LeaderElection.java:133)
	at java.lang.Thread.run(Thread.java:748)
Caused by: org.apache.ratis.thirdparty.io.grpc.StatusRuntimeException: UNAVAILABLE: io exception
	at org.apache.ratis.thirdparty.io.grpc.stub.ClientCalls.toStatusRuntimeException(ClientCalls.java:233)
	at org.apache.ratis.thirdparty.io.grpc.stub.ClientCalls.getUnchecked(ClientCalls.java:214)
	at org.apache.ratis.thirdparty.io.grpc.stub.ClientCalls.blockingUnaryCall(ClientCalls.java:139)
	at org.apache.ratis.proto.grpc.RaftServerProtocolServiceGrpc$RaftServerProtocolServiceBlockingStub.requestVote(RaftServerProtocolServiceGrpc.java:265)
	at org.apache.ratis.grpc.server.GrpcServerProtocolClient.requestVote(GrpcServerProtocolClient.java:90)
	at org.apache.ratis.grpc.server.GrpcService.requestVote(GrpcService.java:204)
	at org.apache.ratis.server.impl.LeaderElection.lambda$submitRequests$1(LeaderElection.java:238)
	at java.util.concurrent.FutureTask.run(FutureTask.java:266)
	at java.util.concurrent.Executors$RunnableAdapter.call(Executors.java:511)
	at java.util.concurrent.FutureTask.run(FutureTask.java:266)
	at java.util.concurrent.ThreadPoolExecutor.runWorker(ThreadPoolExecutor.java:1149)
	at java.util.concurrent.ThreadPoolExecutor$Worker.run(ThreadPoolExecutor.java:624)
	... 1 more
Caused by: org.apache.ratis.thirdparty.io.netty.channel.AbstractChannel$AnnotatedConnectException: Connection refused: /192.168.151.121:40767
	at sun.nio.ch.SocketChannelImpl.checkConnect(Native Method)
	at sun.nio.ch.SocketChannelImpl.finishConnect(SocketChannelImpl.java:717)
	at org.apache.ratis.thirdparty.io.netty.channel.socket.nio.NioSocketChannel.doFinishConnect(NioSocketChannel.java:327)
	at org.apache.ratis.thirdparty.io.netty.channel.nio.AbstractNioChannel$AbstractNioUnsafe.finishConnect(AbstractNioChannel.java:340)
	at org.apache.ratis.thirdparty.io.netty.channel.nio.NioEventLoop.processSelectedKey(NioEventLoop.java:632)
	at org.apache.ratis.thirdparty.io.netty.channel.nio.NioEventLoop.processSelectedKeysOptimized(NioEventLoop.java:579)
	at org.apache.ratis.thirdparty.io.netty.channel.nio.NioEventLoop.processSelectedKeys(NioEventLoop.java:496)
	at org.apache.ratis.thirdparty.io.netty.channel.nio.NioEventLoop.run(NioEventLoop.java:458)
	at org.apache.ratis.thirdparty.io.netty.util.concurrent.SingleThreadEventExecutor$5.run(SingleThreadEventExecutor.java:897)
	at org.apache.ratis.thirdparty.io.netty.util.concurrent.FastThreadLocalRunnable.run(FastThreadLocalRunnable.java:30)
	... 1 more
Caused by: java.net.ConnectException: Connection refused
	... 11 more
2019-09-24 02:24:21,456 [afd2474b-fc98-4bcf-8229-023d47ec65b0@group-6FB4E83B17BF:LeaderElection32] INFO  impl.LeaderElection (LeaderElection.java:logAndReturn(56)) - afd2474b-fc98-4bcf-8229-023d47ec65b0@group-6FB4E83B17BF:LeaderElection32: Election REJECTED; received 0 response(s) [] and 2 exception(s); afd2474b-fc98-4bcf-8229-023d47ec65b0@group-6FB4E83B17BF:t7, leader=null, voted=afd2474b-fc98-4bcf-8229-023d47ec65b0, raftlog=afd2474b-fc98-4bcf-8229-023d47ec65b0@group-6FB4E83B17BF-SegmentedRaftLog:OPENED:c4,f4,i4, conf=3: [afd2474b-fc98-4bcf-8229-023d47ec65b0:192.168.151.121:41375, 54979dbf-d71a-4b3b-9687-e35aa22ddfbe:192.168.151.121:40767, 8a99bbfb-49a9-45e9-85c7-917445244762:192.168.151.121:36521], old=null
2019-09-24 02:24:21,456 [afd2474b-fc98-4bcf-8229-023d47ec65b0@group-6FB4E83B17BF:LeaderElection32] INFO  impl.LeaderElection (LogUtils.java:infoOrTrace(149)) -   Exception 0: {}
java.util.concurrent.ExecutionException: org.apache.ratis.thirdparty.io.grpc.StatusRuntimeException: UNAVAILABLE: io exception
	at java.util.concurrent.FutureTask.report(FutureTask.java:122)
	at java.util.concurrent.FutureTask.get(FutureTask.java:192)
	at org.apache.ratis.server.impl.LeaderElection.waitForResults(LeaderElection.java:263)
	at org.apache.ratis.server.impl.LeaderElection.askForVotes(LeaderElection.java:201)
	at org.apache.ratis.server.impl.LeaderElection.run(LeaderElection.java:133)
	at java.lang.Thread.run(Thread.java:748)
Caused by: org.apache.ratis.thirdparty.io.grpc.StatusRuntimeException: UNAVAILABLE: io exception
	at org.apache.ratis.thirdparty.io.grpc.stub.ClientCalls.toStatusRuntimeException(ClientCalls.java:233)
	at org.apache.ratis.thirdparty.io.grpc.stub.ClientCalls.getUnchecked(ClientCalls.java:214)
	at org.apache.ratis.thirdparty.io.grpc.stub.ClientCalls.blockingUnaryCall(ClientCalls.java:139)
	at org.apache.ratis.proto.grpc.RaftServerProtocolServiceGrpc$RaftServerProtocolServiceBlockingStub.requestVote(RaftServerProtocolServiceGrpc.java:265)
	at org.apache.ratis.grpc.server.GrpcServerProtocolClient.requestVote(GrpcServerProtocolClient.java:90)
	at org.apache.ratis.grpc.server.GrpcService.requestVote(GrpcService.java:204)
	at org.apache.ratis.server.impl.LeaderElection.lambda$submitRequests$1(LeaderElection.java:238)
	at java.util.concurrent.FutureTask.run(FutureTask.java:266)
	at java.util.concurrent.Executors$RunnableAdapter.call(Executors.java:511)
	at java.util.concurrent.FutureTask.run(FutureTask.java:266)
	at java.util.concurrent.ThreadPoolExecutor.runWorker(ThreadPoolExecutor.java:1149)
	at java.util.concurrent.ThreadPoolExecutor$Worker.run(ThreadPoolExecutor.java:624)
	... 1 more
Caused by: org.apache.ratis.thirdparty.io.netty.channel.AbstractChannel$AnnotatedConnectException: Connection refused: /192.168.151.121:36521
	at sun.nio.ch.SocketChannelImpl.checkConnect(Native Method)
	at sun.nio.ch.SocketChannelImpl.finishConnect(SocketChannelImpl.java:717)
	at org.apache.ratis.thirdparty.io.netty.channel.socket.nio.NioSocketChannel.doFinishConnect(NioSocketChannel.java:327)
	at org.apache.ratis.thirdparty.io.netty.channel.nio.AbstractNioChannel$AbstractNioUnsafe.finishConnect(AbstractNioChannel.java:340)
	at org.apache.ratis.thirdparty.io.netty.channel.nio.NioEventLoop.processSelectedKey(NioEventLoop.java:632)
	at org.apache.ratis.thirdparty.io.netty.channel.nio.NioEventLoop.processSelectedKeysOptimized(NioEventLoop.java:579)
	at org.apache.ratis.thirdparty.io.netty.channel.nio.NioEventLoop.processSelectedKeys(NioEventLoop.java:496)
	at org.apache.ratis.thirdparty.io.netty.channel.nio.NioEventLoop.run(NioEventLoop.java:458)
	at org.apache.ratis.thirdparty.io.netty.util.concurrent.SingleThreadEventExecutor$5.run(SingleThreadEventExecutor.java:897)
	at org.apache.ratis.thirdparty.io.netty.util.concurrent.FastThreadLocalRunnable.run(FastThreadLocalRunnable.java:30)
	... 1 more
Caused by: java.net.ConnectException: Connection refused
	... 11 more
2019-09-24 02:24:21,456 [afd2474b-fc98-4bcf-8229-023d47ec65b0@group-6FB4E83B17BF:LeaderElection32] INFO  impl.LeaderElection (LogUtils.java:infoOrTrace(149)) -   Exception 1: {}
java.util.concurrent.ExecutionException: org.apache.ratis.thirdparty.io.grpc.StatusRuntimeException: UNAVAILABLE: io exception
	at java.util.concurrent.FutureTask.report(FutureTask.java:122)
	at java.util.concurrent.FutureTask.get(FutureTask.java:192)
	at org.apache.ratis.server.impl.LeaderElection.waitForResults(LeaderElection.java:263)
	at org.apache.ratis.server.impl.LeaderElection.askForVotes(LeaderElection.java:201)
	at org.apache.ratis.server.impl.LeaderElection.run(LeaderElection.java:133)
	at java.lang.Thread.run(Thread.java:748)
Caused by: org.apache.ratis.thirdparty.io.grpc.StatusRuntimeException: UNAVAILABLE: io exception
	at org.apache.ratis.thirdparty.io.grpc.stub.ClientCalls.toStatusRuntimeException(ClientCalls.java:233)
	at org.apache.ratis.thirdparty.io.grpc.stub.ClientCalls.getUnchecked(ClientCalls.java:214)
	at org.apache.ratis.thirdparty.io.grpc.stub.ClientCalls.blockingUnaryCall(ClientCalls.java:139)
	at org.apache.ratis.proto.grpc.RaftServerProtocolServiceGrpc$RaftServerProtocolServiceBlockingStub.requestVote(RaftServerProtocolServiceGrpc.java:265)
	at org.apache.ratis.grpc.server.GrpcServerProtocolClient.requestVote(GrpcServerProtocolClient.java:90)
	at org.apache.ratis.grpc.server.GrpcService.requestVote(GrpcService.java:204)
	at org.apache.ratis.server.impl.LeaderElection.lambda$submitRequests$1(LeaderElection.java:238)
	at java.util.concurrent.FutureTask.run(FutureTask.java:266)
	at java.util.concurrent.Executors$RunnableAdapter.call(Executors.java:511)
	at java.util.concurrent.FutureTask.run(FutureTask.java:266)
	at java.util.concurrent.ThreadPoolExecutor.runWorker(ThreadPoolExecutor.java:1149)
	at java.util.concurrent.ThreadPoolExecutor$Worker.run(ThreadPoolExecutor.java:624)
	... 1 more
Caused by: org.apache.ratis.thirdparty.io.netty.channel.AbstractChannel$AnnotatedConnectException: Connection refused: /192.168.151.121:40767
	at sun.nio.ch.SocketChannelImpl.checkConnect(Native Method)
	at sun.nio.ch.SocketChannelImpl.finishConnect(SocketChannelImpl.java:717)
	at org.apache.ratis.thirdparty.io.netty.channel.socket.nio.NioSocketChannel.doFinishConnect(NioSocketChannel.java:327)
	at org.apache.ratis.thirdparty.io.netty.channel.nio.AbstractNioChannel$AbstractNioUnsafe.finishConnect(AbstractNioChannel.java:340)
	at org.apache.ratis.thirdparty.io.netty.channel.nio.NioEventLoop.processSelectedKey(NioEventLoop.java:632)
	at org.apache.ratis.thirdparty.io.netty.channel.nio.NioEventLoop.processSelectedKeysOptimized(NioEventLoop.java:579)
	at org.apache.ratis.thirdparty.io.netty.channel.nio.NioEventLoop.processSelectedKeys(NioEventLoop.java:496)
	at org.apache.ratis.thirdparty.io.netty.channel.nio.NioEventLoop.run(NioEventLoop.java:458)
	at org.apache.ratis.thirdparty.io.netty.util.concurrent.SingleThreadEventExecutor$5.run(SingleThreadEventExecutor.java:897)
	at org.apache.ratis.thirdparty.io.netty.util.concurrent.FastThreadLocalRunnable.run(FastThreadLocalRunnable.java:30)
	... 1 more
Caused by: java.net.ConnectException: Connection refused
	... 11 more
2019-09-24 02:24:21,457 [afd2474b-fc98-4bcf-8229-023d47ec65b0@group-6FB4E83B17BF:LeaderElection32] INFO  impl.RaftServerImpl (RaftServerImpl.java:setRole(174)) - afd2474b-fc98-4bcf-8229-023d47ec65b0@group-6FB4E83B17BF: changes role from CANDIDATE to FOLLOWER at term 7 for DISCOVERED_A_NEW_TERM
2019-09-24 02:24:21,457 [afd2474b-fc98-4bcf-8229-023d47ec65b0@group-6FB4E83B17BF:LeaderElection32] INFO  impl.RoleInfo (RoleInfo.java:shutdownLeaderElection(134)) - afd2474b-fc98-4bcf-8229-023d47ec65b0: shutdown LeaderElection
2019-09-24 02:24:21,457 [afd2474b-fc98-4bcf-8229-023d47ec65b0@group-6FB4E83B17BF:LeaderElection32] INFO  impl.RoleInfo (RoleInfo.java:updateAndGet(143)) - afd2474b-fc98-4bcf-8229-023d47ec65b0: start FollowerState
2019-09-24 02:24:21,462 [grpc-default-executor-1] WARN  server.GrpcLogAppender (LogUtils.java:warn(134)) - c0944fb1-a003-48a4-987e-44a4096d22d1@group-E392B0B88194->6f849279-8265-485e-82a5-918f2cc86fc1-AppendLogResponseHandler: Failed appendEntries: org.apache.ratis.thirdparty.io.grpc.StatusRuntimeException: UNAVAILABLE: io exception
2019-09-24 02:24:21,467 [grpc-default-executor-1] INFO  impl.FollowerInfo (FollowerInfo.java:lambda$new$0(51)) - c0944fb1-a003-48a4-987e-44a4096d22d1@group-E392B0B88194->6f849279-8265-485e-82a5-918f2cc86fc1: nextIndex: updateUnconditionally 0 -> 0
2019-09-24 02:24:21,804 [grpc-default-executor-0] WARN  server.GrpcLogAppender (LogUtils.java:warn(134)) - 6e6c6100-ad13-453b-9932-e9c645725862@group-D8F232C36E53->76c02951-0e42-41da-95d2-62b96a0dd9ff-AppendLogResponseHandler: Failed appendEntries: org.apache.ratis.thirdparty.io.grpc.StatusRuntimeException: UNAVAILABLE: io exception
2019-09-24 02:24:21,804 [grpc-default-executor-0] INFO  impl.FollowerInfo (FollowerInfo.java:lambda$new$0(51)) - 6e6c6100-ad13-453b-9932-e9c645725862@group-D8F232C36E53->76c02951-0e42-41da-95d2-62b96a0dd9ff: nextIndex: updateUnconditionally 0 -> 0
2019-09-24 02:24:21,947 [grpc-default-executor-7] WARN  server.GrpcLogAppender (LogUtils.java:warn(134)) - c0944fb1-a003-48a4-987e-44a4096d22d1@group-E392B0B88194->0fd55585-263a-4577-aa0a-ea5a39896330-AppendLogResponseHandler: Failed appendEntries: org.apache.ratis.thirdparty.io.grpc.StatusRuntimeException: UNAVAILABLE: io exception
2019-09-24 02:24:21,948 [grpc-default-executor-7] INFO  impl.FollowerInfo (FollowerInfo.java:lambda$new$0(51)) - c0944fb1-a003-48a4-987e-44a4096d22d1@group-E392B0B88194->0fd55585-263a-4577-aa0a-ea5a39896330: nextIndex: updateUnconditionally 0 -> 0
2019-09-24 02:24:21,962 [grpc-default-executor-1] WARN  server.GrpcLogAppender (LogUtils.java:warn(134)) - c0944fb1-a003-48a4-987e-44a4096d22d1@group-E392B0B88194->6f849279-8265-485e-82a5-918f2cc86fc1-AppendLogResponseHandler: Failed appendEntries: org.apache.ratis.thirdparty.io.grpc.StatusRuntimeException: UNAVAILABLE: io exception
2019-09-24 02:24:21,963 [grpc-default-executor-1] INFO  impl.FollowerInfo (FollowerInfo.java:lambda$new$0(51)) - c0944fb1-a003-48a4-987e-44a4096d22d1@group-E392B0B88194->6f849279-8265-485e-82a5-918f2cc86fc1: nextIndex: updateUnconditionally 0 -> 0
2019-09-24 02:24:22,305 [grpc-default-executor-0] WARN  server.GrpcLogAppender (LogUtils.java:warn(134)) - 6e6c6100-ad13-453b-9932-e9c645725862@group-D8F232C36E53->76c02951-0e42-41da-95d2-62b96a0dd9ff-AppendLogResponseHandler: Failed appendEntries: org.apache.ratis.thirdparty.io.grpc.StatusRuntimeException: UNAVAILABLE: io exception
2019-09-24 02:24:22,305 [grpc-default-executor-0] INFO  impl.FollowerInfo (FollowerInfo.java:lambda$new$0(51)) - 6e6c6100-ad13-453b-9932-e9c645725862@group-D8F232C36E53->76c02951-0e42-41da-95d2-62b96a0dd9ff: nextIndex: updateUnconditionally 0 -> 0
2019-09-24 02:24:22,448 [grpc-default-executor-7] WARN  server.GrpcLogAppender (LogUtils.java:warn(134)) - c0944fb1-a003-48a4-987e-44a4096d22d1@group-E392B0B88194->0fd55585-263a-4577-aa0a-ea5a39896330-AppendLogResponseHandler: Failed appendEntries: org.apache.ratis.thirdparty.io.grpc.StatusRuntimeException: UNAVAILABLE: io exception
2019-09-24 02:24:22,448 [grpc-default-executor-7] INFO  impl.FollowerInfo (FollowerInfo.java:lambda$new$0(51)) - c0944fb1-a003-48a4-987e-44a4096d22d1@group-E392B0B88194->0fd55585-263a-4577-aa0a-ea5a39896330: nextIndex: updateUnconditionally 0 -> 0
2019-09-24 02:24:22,463 [grpc-default-executor-1] WARN  server.GrpcLogAppender (LogUtils.java:warn(134)) - c0944fb1-a003-48a4-987e-44a4096d22d1@group-E392B0B88194->6f849279-8265-485e-82a5-918f2cc86fc1-AppendLogResponseHandler: Failed appendEntries: org.apache.ratis.thirdparty.io.grpc.StatusRuntimeException: UNAVAILABLE: io exception
2019-09-24 02:24:22,464 [grpc-default-executor-1] INFO  impl.FollowerInfo (FollowerInfo.java:lambda$new$0(51)) - c0944fb1-a003-48a4-987e-44a4096d22d1@group-E392B0B88194->6f849279-8265-485e-82a5-918f2cc86fc1: nextIndex: updateUnconditionally 0 -> 0
2019-09-24 02:24:22,518 [Thread-1940] INFO  impl.FollowerState (FollowerState.java:run(106)) - afd2474b-fc98-4bcf-8229-023d47ec65b0:group-6FB4E83B17BF changes to CANDIDATE, lastRpcTime:1060, electionTimeout:1060ms
2019-09-24 02:24:22,518 [Thread-1940] INFO  impl.RoleInfo (RoleInfo.java:shutdownFollowerState(121)) - afd2474b-fc98-4bcf-8229-023d47ec65b0: shutdown FollowerState
2019-09-24 02:24:22,518 [Thread-1940] INFO  impl.RaftServerImpl (RaftServerImpl.java:setRole(174)) - afd2474b-fc98-4bcf-8229-023d47ec65b0@group-6FB4E83B17BF: changes role from  FOLLOWER to CANDIDATE at term 7 for changeToCandidate
2019-09-24 02:24:22,518 [Thread-1940] INFO  impl.RoleInfo (RoleInfo.java:updateAndGet(143)) - afd2474b-fc98-4bcf-8229-023d47ec65b0: start LeaderElection
2019-09-24 02:24:22,533 [afd2474b-fc98-4bcf-8229-023d47ec65b0@group-6FB4E83B17BF:LeaderElection33] INFO  impl.LeaderElection (LeaderElection.java:askForVotes(182)) - afd2474b-fc98-4bcf-8229-023d47ec65b0@group-6FB4E83B17BF:LeaderElection33: begin an election at term 8 for 3: [afd2474b-fc98-4bcf-8229-023d47ec65b0:192.168.151.121:41375, 54979dbf-d71a-4b3b-9687-e35aa22ddfbe:192.168.151.121:40767, 8a99bbfb-49a9-45e9-85c7-917445244762:192.168.151.121:36521], old=null
2019-09-24 02:24:22,535 [afd2474b-fc98-4bcf-8229-023d47ec65b0@group-6FB4E83B17BF:LeaderElection33] INFO  impl.LeaderElection (LogUtils.java:infoOrTrace(149)) - afd2474b-fc98-4bcf-8229-023d47ec65b0@group-6FB4E83B17BF:LeaderElection33 got exception when requesting votes: {}
java.util.concurrent.ExecutionException: org.apache.ratis.thirdparty.io.grpc.StatusRuntimeException: UNAVAILABLE: io exception
	at java.util.concurrent.FutureTask.report(FutureTask.java:122)
	at java.util.concurrent.FutureTask.get(FutureTask.java:192)
	at org.apache.ratis.server.impl.LeaderElection.waitForResults(LeaderElection.java:263)
	at org.apache.ratis.server.impl.LeaderElection.askForVotes(LeaderElection.java:201)
	at org.apache.ratis.server.impl.LeaderElection.run(LeaderElection.java:133)
	at java.lang.Thread.run(Thread.java:748)
Caused by: org.apache.ratis.thirdparty.io.grpc.StatusRuntimeException: UNAVAILABLE: io exception
	at org.apache.ratis.thirdparty.io.grpc.stub.ClientCalls.toStatusRuntimeException(ClientCalls.java:233)
	at org.apache.ratis.thirdparty.io.grpc.stub.ClientCalls.getUnchecked(ClientCalls.java:214)
	at org.apache.ratis.thirdparty.io.grpc.stub.ClientCalls.blockingUnaryCall(ClientCalls.java:139)
	at org.apache.ratis.proto.grpc.RaftServerProtocolServiceGrpc$RaftServerProtocolServiceBlockingStub.requestVote(RaftServerProtocolServiceGrpc.java:265)
	at org.apache.ratis.grpc.server.GrpcServerProtocolClient.requestVote(GrpcServerProtocolClient.java:90)
	at org.apache.ratis.grpc.server.GrpcService.requestVote(GrpcService.java:204)
	at org.apache.ratis.server.impl.LeaderElection.lambda$submitRequests$1(LeaderElection.java:238)
	at java.util.concurrent.FutureTask.run(FutureTask.java:266)
	at java.util.concurrent.Executors$RunnableAdapter.call(Executors.java:511)
	at java.util.concurrent.FutureTask.run(FutureTask.java:266)
	at java.util.concurrent.ThreadPoolExecutor.runWorker(ThreadPoolExecutor.java:1149)
	at java.util.concurrent.ThreadPoolExecutor$Worker.run(ThreadPoolExecutor.java:624)
	... 1 more
Caused by: org.apache.ratis.thirdparty.io.netty.channel.AbstractChannel$AnnotatedConnectException: Connection refused: /192.168.151.121:40767
	at sun.nio.ch.SocketChannelImpl.checkConnect(Native Method)
	at sun.nio.ch.SocketChannelImpl.finishConnect(SocketChannelImpl.java:717)
	at org.apache.ratis.thirdparty.io.netty.channel.socket.nio.NioSocketChannel.doFinishConnect(NioSocketChannel.java:327)
	at org.apache.ratis.thirdparty.io.netty.channel.nio.AbstractNioChannel$AbstractNioUnsafe.finishConnect(AbstractNioChannel.java:340)
	at org.apache.ratis.thirdparty.io.netty.channel.nio.NioEventLoop.processSelectedKey(NioEventLoop.java:632)
	at org.apache.ratis.thirdparty.io.netty.channel.nio.NioEventLoop.processSelectedKeysOptimized(NioEventLoop.java:579)
	at org.apache.ratis.thirdparty.io.netty.channel.nio.NioEventLoop.processSelectedKeys(NioEventLoop.java:496)
	at org.apache.ratis.thirdparty.io.netty.channel.nio.NioEventLoop.run(NioEventLoop.java:458)
	at org.apache.ratis.thirdparty.io.netty.util.concurrent.SingleThreadEventExecutor$5.run(SingleThreadEventExecutor.java:897)
	at org.apache.ratis.thirdparty.io.netty.util.concurrent.FastThreadLocalRunnable.run(FastThreadLocalRunnable.java:30)
	... 1 more
Caused by: java.net.ConnectException: Connection refused
	... 11 more
2019-09-24 02:24:22,537 [afd2474b-fc98-4bcf-8229-023d47ec65b0@group-6FB4E83B17BF:LeaderElection33] INFO  impl.LeaderElection (LogUtils.java:infoOrTrace(149)) - afd2474b-fc98-4bcf-8229-023d47ec65b0@group-6FB4E83B17BF:LeaderElection33 got exception when requesting votes: {}
java.util.concurrent.ExecutionException: org.apache.ratis.thirdparty.io.grpc.StatusRuntimeException: UNAVAILABLE: io exception
	at java.util.concurrent.FutureTask.report(FutureTask.java:122)
	at java.util.concurrent.FutureTask.get(FutureTask.java:192)
	at org.apache.ratis.server.impl.LeaderElection.waitForResults(LeaderElection.java:263)
	at org.apache.ratis.server.impl.LeaderElection.askForVotes(LeaderElection.java:201)
	at org.apache.ratis.server.impl.LeaderElection.run(LeaderElection.java:133)
	at java.lang.Thread.run(Thread.java:748)
Caused by: org.apache.ratis.thirdparty.io.grpc.StatusRuntimeException: UNAVAILABLE: io exception
	at org.apache.ratis.thirdparty.io.grpc.stub.ClientCalls.toStatusRuntimeException(ClientCalls.java:233)
	at org.apache.ratis.thirdparty.io.grpc.stub.ClientCalls.getUnchecked(ClientCalls.java:214)
	at org.apache.ratis.thirdparty.io.grpc.stub.ClientCalls.blockingUnaryCall(ClientCalls.java:139)
	at org.apache.ratis.proto.grpc.RaftServerProtocolServiceGrpc$RaftServerProtocolServiceBlockingStub.requestVote(RaftServerProtocolServiceGrpc.java:265)
	at org.apache.ratis.grpc.server.GrpcServerProtocolClient.requestVote(GrpcServerProtocolClient.java:90)
	at org.apache.ratis.grpc.server.GrpcService.requestVote(GrpcService.java:204)
	at org.apache.ratis.server.impl.LeaderElection.lambda$submitRequests$1(LeaderElection.java:238)
	at java.util.concurrent.FutureTask.run(FutureTask.java:266)
	at java.util.concurrent.Executors$RunnableAdapter.call(Executors.java:511)
	at java.util.concurrent.FutureTask.run(FutureTask.java:266)
	at java.util.concurrent.ThreadPoolExecutor.runWorker(ThreadPoolExecutor.java:1149)
	at java.util.concurrent.ThreadPoolExecutor$Worker.run(ThreadPoolExecutor.java:624)
	... 1 more
Caused by: org.apache.ratis.thirdparty.io.netty.channel.AbstractChannel$AnnotatedConnectException: Connection refused: /192.168.151.121:36521
	at sun.nio.ch.SocketChannelImpl.checkConnect(Native Method)
	at sun.nio.ch.SocketChannelImpl.finishConnect(SocketChannelImpl.java:717)
	at org.apache.ratis.thirdparty.io.netty.channel.socket.nio.NioSocketChannel.doFinishConnect(NioSocketChannel.java:327)
	at org.apache.ratis.thirdparty.io.netty.channel.nio.AbstractNioChannel$AbstractNioUnsafe.finishConnect(AbstractNioChannel.java:340)
	at org.apache.ratis.thirdparty.io.netty.channel.nio.NioEventLoop.processSelectedKey(NioEventLoop.java:632)
	at org.apache.ratis.thirdparty.io.netty.channel.nio.NioEventLoop.processSelectedKeysOptimized(NioEventLoop.java:579)
	at org.apache.ratis.thirdparty.io.netty.channel.nio.NioEventLoop.processSelectedKeys(NioEventLoop.java:496)
	at org.apache.ratis.thirdparty.io.netty.channel.nio.NioEventLoop.run(NioEventLoop.java:458)
	at org.apache.ratis.thirdparty.io.netty.util.concurrent.SingleThreadEventExecutor$5.run(SingleThreadEventExecutor.java:897)
	at org.apache.ratis.thirdparty.io.netty.util.concurrent.FastThreadLocalRunnable.run(FastThreadLocalRunnable.java:30)
	... 1 more
Caused by: java.net.ConnectException: Connection refused
	... 11 more
2019-09-24 02:24:22,539 [afd2474b-fc98-4bcf-8229-023d47ec65b0@group-6FB4E83B17BF:LeaderElection33] INFO  impl.LeaderElection (LeaderElection.java:logAndReturn(56)) - afd2474b-fc98-4bcf-8229-023d47ec65b0@group-6FB4E83B17BF:LeaderElection33: Election REJECTED; received 0 response(s) [] and 2 exception(s); afd2474b-fc98-4bcf-8229-023d47ec65b0@group-6FB4E83B17BF:t8, leader=null, voted=afd2474b-fc98-4bcf-8229-023d47ec65b0, raftlog=afd2474b-fc98-4bcf-8229-023d47ec65b0@group-6FB4E83B17BF-SegmentedRaftLog:OPENED:c4,f4,i4, conf=3: [afd2474b-fc98-4bcf-8229-023d47ec65b0:192.168.151.121:41375, 54979dbf-d71a-4b3b-9687-e35aa22ddfbe:192.168.151.121:40767, 8a99bbfb-49a9-45e9-85c7-917445244762:192.168.151.121:36521], old=null
2019-09-24 02:24:22,540 [afd2474b-fc98-4bcf-8229-023d47ec65b0@group-6FB4E83B17BF:LeaderElection33] INFO  impl.LeaderElection (LogUtils.java:infoOrTrace(149)) -   Exception 0: {}
java.util.concurrent.ExecutionException: org.apache.ratis.thirdparty.io.grpc.StatusRuntimeException: UNAVAILABLE: io exception
	at java.util.concurrent.FutureTask.report(FutureTask.java:122)
	at java.util.concurrent.FutureTask.get(FutureTask.java:192)
	at org.apache.ratis.server.impl.LeaderElection.waitForResults(LeaderElection.java:263)
	at org.apache.ratis.server.impl.LeaderElection.askForVotes(LeaderElection.java:201)
	at org.apache.ratis.server.impl.LeaderElection.run(LeaderElection.java:133)
	at java.lang.Thread.run(Thread.java:748)
Caused by: org.apache.ratis.thirdparty.io.grpc.StatusRuntimeException: UNAVAILABLE: io exception
	at org.apache.ratis.thirdparty.io.grpc.stub.ClientCalls.toStatusRuntimeException(ClientCalls.java:233)
	at org.apache.ratis.thirdparty.io.grpc.stub.ClientCalls.getUnchecked(ClientCalls.java:214)
	at org.apache.ratis.thirdparty.io.grpc.stub.ClientCalls.blockingUnaryCall(ClientCalls.java:139)
	at org.apache.ratis.proto.grpc.RaftServerProtocolServiceGrpc$RaftServerProtocolServiceBlockingStub.requestVote(RaftServerProtocolServiceGrpc.java:265)
	at org.apache.ratis.grpc.server.GrpcServerProtocolClient.requestVote(GrpcServerProtocolClient.java:90)
	at org.apache.ratis.grpc.server.GrpcService.requestVote(GrpcService.java:204)
	at org.apache.ratis.server.impl.LeaderElection.lambda$submitRequests$1(LeaderElection.java:238)
	at java.util.concurrent.FutureTask.run(FutureTask.java:266)
	at java.util.concurrent.Executors$RunnableAdapter.call(Executors.java:511)
	at java.util.concurrent.FutureTask.run(FutureTask.java:266)
	at java.util.concurrent.ThreadPoolExecutor.runWorker(ThreadPoolExecutor.java:1149)
	at java.util.concurrent.ThreadPoolExecutor$Worker.run(ThreadPoolExecutor.java:624)
	... 1 more
Caused by: org.apache.ratis.thirdparty.io.netty.channel.AbstractChannel$AnnotatedConnectException: Connection refused: /192.168.151.121:40767
	at sun.nio.ch.SocketChannelImpl.checkConnect(Native Method)
	at sun.nio.ch.SocketChannelImpl.finishConnect(SocketChannelImpl.java:717)
	at org.apache.ratis.thirdparty.io.netty.channel.socket.nio.NioSocketChannel.doFinishConnect(NioSocketChannel.java:327)
	at org.apache.ratis.thirdparty.io.netty.channel.nio.AbstractNioChannel$AbstractNioUnsafe.finishConnect(AbstractNioChannel.java:340)
	at org.apache.ratis.thirdparty.io.netty.channel.nio.NioEventLoop.processSelectedKey(NioEventLoop.java:632)
	at org.apache.ratis.thirdparty.io.netty.channel.nio.NioEventLoop.processSelectedKeysOptimized(NioEventLoop.java:579)
	at org.apache.ratis.thirdparty.io.netty.channel.nio.NioEventLoop.processSelectedKeys(NioEventLoop.java:496)
	at org.apache.ratis.thirdparty.io.netty.channel.nio.NioEventLoop.run(NioEventLoop.java:458)
	at org.apache.ratis.thirdparty.io.netty.util.concurrent.SingleThreadEventExecutor$5.run(SingleThreadEventExecutor.java:897)
	at org.apache.ratis.thirdparty.io.netty.util.concurrent.FastThreadLocalRunnable.run(FastThreadLocalRunnable.java:30)
	... 1 more
Caused by: java.net.ConnectException: Connection refused
	... 11 more
2019-09-24 02:24:22,540 [afd2474b-fc98-4bcf-8229-023d47ec65b0@group-6FB4E83B17BF:LeaderElection33] INFO  impl.LeaderElection (LogUtils.java:infoOrTrace(149)) -   Exception 1: {}
java.util.concurrent.ExecutionException: org.apache.ratis.thirdparty.io.grpc.StatusRuntimeException: UNAVAILABLE: io exception
	at java.util.concurrent.FutureTask.report(FutureTask.java:122)
	at java.util.concurrent.FutureTask.get(FutureTask.java:192)
	at org.apache.ratis.server.impl.LeaderElection.waitForResults(LeaderElection.java:263)
	at org.apache.ratis.server.impl.LeaderElection.askForVotes(LeaderElection.java:201)
	at org.apache.ratis.server.impl.LeaderElection.run(LeaderElection.java:133)
	at java.lang.Thread.run(Thread.java:748)
Caused by: org.apache.ratis.thirdparty.io.grpc.StatusRuntimeException: UNAVAILABLE: io exception
	at org.apache.ratis.thirdparty.io.grpc.stub.ClientCalls.toStatusRuntimeException(ClientCalls.java:233)
	at org.apache.ratis.thirdparty.io.grpc.stub.ClientCalls.getUnchecked(ClientCalls.java:214)
	at org.apache.ratis.thirdparty.io.grpc.stub.ClientCalls.blockingUnaryCall(ClientCalls.java:139)
	at org.apache.ratis.proto.grpc.RaftServerProtocolServiceGrpc$RaftServerProtocolServiceBlockingStub.requestVote(RaftServerProtocolServiceGrpc.java:265)
	at org.apache.ratis.grpc.server.GrpcServerProtocolClient.requestVote(GrpcServerProtocolClient.java:90)
	at org.apache.ratis.grpc.server.GrpcService.requestVote(GrpcService.java:204)
	at org.apache.ratis.server.impl.LeaderElection.lambda$submitRequests$1(LeaderElection.java:238)
	at java.util.concurrent.FutureTask.run(FutureTask.java:266)
	at java.util.concurrent.Executors$RunnableAdapter.call(Executors.java:511)
	at java.util.concurrent.FutureTask.run(FutureTask.java:266)
	at java.util.concurrent.ThreadPoolExecutor.runWorker(ThreadPoolExecutor.java:1149)
	at java.util.concurrent.ThreadPoolExecutor$Worker.run(ThreadPoolExecutor.java:624)
	... 1 more
Caused by: org.apache.ratis.thirdparty.io.netty.channel.AbstractChannel$AnnotatedConnectException: Connection refused: /192.168.151.121:36521
	at sun.nio.ch.SocketChannelImpl.checkConnect(Native Method)
	at sun.nio.ch.SocketChannelImpl.finishConnect(SocketChannelImpl.java:717)
	at org.apache.ratis.thirdparty.io.netty.channel.socket.nio.NioSocketChannel.doFinishConnect(NioSocketChannel.java:327)
	at org.apache.ratis.thirdparty.io.netty.channel.nio.AbstractNioChannel$AbstractNioUnsafe.finishConnect(AbstractNioChannel.java:340)
	at org.apache.ratis.thirdparty.io.netty.channel.nio.NioEventLoop.processSelectedKey(NioEventLoop.java:632)
	at org.apache.ratis.thirdparty.io.netty.channel.nio.NioEventLoop.processSelectedKeysOptimized(NioEventLoop.java:579)
	at org.apache.ratis.thirdparty.io.netty.channel.nio.NioEventLoop.processSelectedKeys(NioEventLoop.java:496)
	at org.apache.ratis.thirdparty.io.netty.channel.nio.NioEventLoop.run(NioEventLoop.java:458)
	at org.apache.ratis.thirdparty.io.netty.util.concurrent.SingleThreadEventExecutor$5.run(SingleThreadEventExecutor.java:897)
	at org.apache.ratis.thirdparty.io.netty.util.concurrent.FastThreadLocalRunnable.run(FastThreadLocalRunnable.java:30)
	... 1 more
Caused by: java.net.ConnectException: Connection refused
	... 11 more
2019-09-24 02:24:22,541 [afd2474b-fc98-4bcf-8229-023d47ec65b0@group-6FB4E83B17BF:LeaderElection33] INFO  impl.RaftServerImpl (RaftServerImpl.java:setRole(174)) - afd2474b-fc98-4bcf-8229-023d47ec65b0@group-6FB4E83B17BF: changes role from CANDIDATE to FOLLOWER at term 8 for DISCOVERED_A_NEW_TERM
2019-09-24 02:24:22,541 [afd2474b-fc98-4bcf-8229-023d47ec65b0@group-6FB4E83B17BF:LeaderElection33] INFO  impl.RoleInfo (RoleInfo.java:shutdownLeaderElection(134)) - afd2474b-fc98-4bcf-8229-023d47ec65b0: shutdown LeaderElection
2019-09-24 02:24:22,541 [afd2474b-fc98-4bcf-8229-023d47ec65b0@group-6FB4E83B17BF:LeaderElection33] INFO  impl.RoleInfo (RoleInfo.java:updateAndGet(143)) - afd2474b-fc98-4bcf-8229-023d47ec65b0: start FollowerState
2019-09-24 02:24:22,806 [grpc-default-executor-0] WARN  server.GrpcLogAppender (LogUtils.java:warn(134)) - 6e6c6100-ad13-453b-9932-e9c645725862@group-D8F232C36E53->76c02951-0e42-41da-95d2-62b96a0dd9ff-AppendLogResponseHandler: Failed appendEntries: org.apache.ratis.thirdparty.io.grpc.StatusRuntimeException: UNAVAILABLE: io exception
2019-09-24 02:24:22,808 [grpc-default-executor-0] INFO  impl.FollowerInfo (FollowerInfo.java:lambda$new$0(51)) - 6e6c6100-ad13-453b-9932-e9c645725862@group-D8F232C36E53->76c02951-0e42-41da-95d2-62b96a0dd9ff: nextIndex: updateUnconditionally 0 -> 0
2019-09-24 02:24:22,949 [grpc-default-executor-0] WARN  server.GrpcLogAppender (LogUtils.java:warn(134)) - c0944fb1-a003-48a4-987e-44a4096d22d1@group-E392B0B88194->0fd55585-263a-4577-aa0a-ea5a39896330-AppendLogResponseHandler: Failed appendEntries: org.apache.ratis.thirdparty.io.grpc.StatusRuntimeException: UNAVAILABLE: io exception
2019-09-24 02:24:22,949 [grpc-default-executor-0] INFO  impl.FollowerInfo (FollowerInfo.java:lambda$new$0(51)) - c0944fb1-a003-48a4-987e-44a4096d22d1@group-E392B0B88194->0fd55585-263a-4577-aa0a-ea5a39896330: nextIndex: updateUnconditionally 0 -> 0
2019-09-24 02:24:22,964 [grpc-default-executor-7] WARN  server.GrpcLogAppender (LogUtils.java:warn(134)) - c0944fb1-a003-48a4-987e-44a4096d22d1@group-E392B0B88194->6f849279-8265-485e-82a5-918f2cc86fc1-AppendLogResponseHandler: Failed appendEntries: org.apache.ratis.thirdparty.io.grpc.StatusRuntimeException: UNAVAILABLE: io exception
2019-09-24 02:24:22,964 [grpc-default-executor-7] INFO  impl.FollowerInfo (FollowerInfo.java:lambda$new$0(51)) - c0944fb1-a003-48a4-987e-44a4096d22d1@group-E392B0B88194->6f849279-8265-485e-82a5-918f2cc86fc1: nextIndex: updateUnconditionally 0 -> 0
2019-09-24 02:24:23,307 [grpc-default-executor-1] WARN  server.GrpcLogAppender (LogUtils.java:warn(134)) - 6e6c6100-ad13-453b-9932-e9c645725862@group-D8F232C36E53->76c02951-0e42-41da-95d2-62b96a0dd9ff-AppendLogResponseHandler: Failed appendEntries: org.apache.ratis.thirdparty.io.grpc.StatusRuntimeException: UNAVAILABLE: io exception
2019-09-24 02:24:23,308 [grpc-default-executor-1] INFO  impl.FollowerInfo (FollowerInfo.java:lambda$new$0(51)) - 6e6c6100-ad13-453b-9932-e9c645725862@group-D8F232C36E53->76c02951-0e42-41da-95d2-62b96a0dd9ff: nextIndex: updateUnconditionally 0 -> 0
2019-09-24 02:24:23,452 [grpc-default-executor-1] WARN  server.GrpcLogAppender (LogUtils.java:warn(134)) - c0944fb1-a003-48a4-987e-44a4096d22d1@group-E392B0B88194->0fd55585-263a-4577-aa0a-ea5a39896330-AppendLogResponseHandler: Failed appendEntries: org.apache.ratis.thirdparty.io.grpc.StatusRuntimeException: UNAVAILABLE: io exception
2019-09-24 02:24:23,454 [grpc-default-executor-1] INFO  impl.FollowerInfo (FollowerInfo.java:lambda$new$0(51)) - c0944fb1-a003-48a4-987e-44a4096d22d1@group-E392B0B88194->0fd55585-263a-4577-aa0a-ea5a39896330: nextIndex: updateUnconditionally 0 -> 0
2019-09-24 02:24:23,465 [grpc-default-executor-0] WARN  server.GrpcLogAppender (LogUtils.java:warn(134)) - c0944fb1-a003-48a4-987e-44a4096d22d1@group-E392B0B88194->6f849279-8265-485e-82a5-918f2cc86fc1-AppendLogResponseHandler: Failed appendEntries: org.apache.ratis.thirdparty.io.grpc.StatusRuntimeException: UNAVAILABLE: io exception
2019-09-24 02:24:23,465 [grpc-default-executor-0] INFO  impl.FollowerInfo (FollowerInfo.java:lambda$new$0(51)) - c0944fb1-a003-48a4-987e-44a4096d22d1@group-E392B0B88194->6f849279-8265-485e-82a5-918f2cc86fc1: nextIndex: updateUnconditionally 0 -> 0
2019-09-24 02:24:23,609 [Thread-1946] INFO  impl.FollowerState (FollowerState.java:run(106)) - afd2474b-fc98-4bcf-8229-023d47ec65b0:group-6FB4E83B17BF changes to CANDIDATE, lastRpcTime:1067, electionTimeout:1067ms
2019-09-24 02:24:23,609 [Thread-1946] INFO  impl.RoleInfo (RoleInfo.java:shutdownFollowerState(121)) - afd2474b-fc98-4bcf-8229-023d47ec65b0: shutdown FollowerState
2019-09-24 02:24:23,609 [Thread-1946] INFO  impl.RaftServerImpl (RaftServerImpl.java:setRole(174)) - afd2474b-fc98-4bcf-8229-023d47ec65b0@group-6FB4E83B17BF: changes role from  FOLLOWER to CANDIDATE at term 8 for changeToCandidate
2019-09-24 02:24:23,610 [Thread-1946] INFO  impl.RoleInfo (RoleInfo.java:updateAndGet(143)) - afd2474b-fc98-4bcf-8229-023d47ec65b0: start LeaderElection
2019-09-24 02:24:23,623 [afd2474b-fc98-4bcf-8229-023d47ec65b0@group-6FB4E83B17BF:LeaderElection34] INFO  impl.LeaderElection (LeaderElection.java:askForVotes(182)) - afd2474b-fc98-4bcf-8229-023d47ec65b0@group-6FB4E83B17BF:LeaderElection34: begin an election at term 9 for 3: [afd2474b-fc98-4bcf-8229-023d47ec65b0:192.168.151.121:41375, 54979dbf-d71a-4b3b-9687-e35aa22ddfbe:192.168.151.121:40767, 8a99bbfb-49a9-45e9-85c7-917445244762:192.168.151.121:36521], old=null
2019-09-24 02:24:23,624 [afd2474b-fc98-4bcf-8229-023d47ec65b0@group-6FB4E83B17BF:LeaderElection34] INFO  impl.LeaderElection (LogUtils.java:infoOrTrace(149)) - afd2474b-fc98-4bcf-8229-023d47ec65b0@group-6FB4E83B17BF:LeaderElection34 got exception when requesting votes: {}
java.util.concurrent.ExecutionException: org.apache.ratis.thirdparty.io.grpc.StatusRuntimeException: UNAVAILABLE: io exception
	at java.util.concurrent.FutureTask.report(FutureTask.java:122)
	at java.util.concurrent.FutureTask.get(FutureTask.java:192)
	at org.apache.ratis.server.impl.LeaderElection.waitForResults(LeaderElection.java:263)
	at org.apache.ratis.server.impl.LeaderElection.askForVotes(LeaderElection.java:201)
	at org.apache.ratis.server.impl.LeaderElection.run(LeaderElection.java:133)
	at java.lang.Thread.run(Thread.java:748)
Caused by: org.apache.ratis.thirdparty.io.grpc.StatusRuntimeException: UNAVAILABLE: io exception
	at org.apache.ratis.thirdparty.io.grpc.stub.ClientCalls.toStatusRuntimeException(ClientCalls.java:233)
	at org.apache.ratis.thirdparty.io.grpc.stub.ClientCalls.getUnchecked(ClientCalls.java:214)
	at org.apache.ratis.thirdparty.io.grpc.stub.ClientCalls.blockingUnaryCall(ClientCalls.java:139)
	at org.apache.ratis.proto.grpc.RaftServerProtocolServiceGrpc$RaftServerProtocolServiceBlockingStub.requestVote(RaftServerProtocolServiceGrpc.java:265)
	at org.apache.ratis.grpc.server.GrpcServerProtocolClient.requestVote(GrpcServerProtocolClient.java:90)
	at org.apache.ratis.grpc.server.GrpcService.requestVote(GrpcService.java:204)
	at org.apache.ratis.server.impl.LeaderElection.lambda$submitRequests$1(LeaderElection.java:238)
	at java.util.concurrent.FutureTask.run(FutureTask.java:266)
	at java.util.concurrent.Executors$RunnableAdapter.call(Executors.java:511)
	at java.util.concurrent.FutureTask.run(FutureTask.java:266)
	at java.util.concurrent.ThreadPoolExecutor.runWorker(ThreadPoolExecutor.java:1149)
	at java.util.concurrent.ThreadPoolExecutor$Worker.run(ThreadPoolExecutor.java:624)
	... 1 more
Caused by: org.apache.ratis.thirdparty.io.netty.channel.AbstractChannel$AnnotatedConnectException: Connection refused: /192.168.151.121:40767
	at sun.nio.ch.SocketChannelImpl.checkConnect(Native Method)
	at sun.nio.ch.SocketChannelImpl.finishConnect(SocketChannelImpl.java:717)
	at org.apache.ratis.thirdparty.io.netty.channel.socket.nio.NioSocketChannel.doFinishConnect(NioSocketChannel.java:327)
	at org.apache.ratis.thirdparty.io.netty.channel.nio.AbstractNioChannel$AbstractNioUnsafe.finishConnect(AbstractNioChannel.java:340)
	at org.apache.ratis.thirdparty.io.netty.channel.nio.NioEventLoop.processSelectedKey(NioEventLoop.java:632)
	at org.apache.ratis.thirdparty.io.netty.channel.nio.NioEventLoop.processSelectedKeysOptimized(NioEventLoop.java:579)
	at org.apache.ratis.thirdparty.io.netty.channel.nio.NioEventLoop.processSelectedKeys(NioEventLoop.java:496)
	at org.apache.ratis.thirdparty.io.netty.channel.nio.NioEventLoop.run(NioEventLoop.java:458)
	at org.apache.ratis.thirdparty.io.netty.util.concurrent.SingleThreadEventExecutor$5.run(SingleThreadEventExecutor.java:897)
	at org.apache.ratis.thirdparty.io.netty.util.concurrent.FastThreadLocalRunnable.run(FastThreadLocalRunnable.java:30)
	... 1 more
Caused by: java.net.ConnectException: Connection refused
	... 11 more
2019-09-24 02:24:23,626 [afd2474b-fc98-4bcf-8229-023d47ec65b0@group-6FB4E83B17BF:LeaderElection34] INFO  impl.LeaderElection (LogUtils.java:infoOrTrace(149)) - afd2474b-fc98-4bcf-8229-023d47ec65b0@group-6FB4E83B17BF:LeaderElection34 got exception when requesting votes: {}
java.util.concurrent.ExecutionException: org.apache.ratis.thirdparty.io.grpc.StatusRuntimeException: UNAVAILABLE: io exception
	at java.util.concurrent.FutureTask.report(FutureTask.java:122)
	at java.util.concurrent.FutureTask.get(FutureTask.java:192)
	at org.apache.ratis.server.impl.LeaderElection.waitForResults(LeaderElection.java:263)
	at org.apache.ratis.server.impl.LeaderElection.askForVotes(LeaderElection.java:201)
	at org.apache.ratis.server.impl.LeaderElection.run(LeaderElection.java:133)
	at java.lang.Thread.run(Thread.java:748)
Caused by: org.apache.ratis.thirdparty.io.grpc.StatusRuntimeException: UNAVAILABLE: io exception
	at org.apache.ratis.thirdparty.io.grpc.stub.ClientCalls.toStatusRuntimeException(ClientCalls.java:233)
	at org.apache.ratis.thirdparty.io.grpc.stub.ClientCalls.getUnchecked(ClientCalls.java:214)
	at org.apache.ratis.thirdparty.io.grpc.stub.ClientCalls.blockingUnaryCall(ClientCalls.java:139)
	at org.apache.ratis.proto.grpc.RaftServerProtocolServiceGrpc$RaftServerProtocolServiceBlockingStub.requestVote(RaftServerProtocolServiceGrpc.java:265)
	at org.apache.ratis.grpc.server.GrpcServerProtocolClient.requestVote(GrpcServerProtocolClient.java:90)
	at org.apache.ratis.grpc.server.GrpcService.requestVote(GrpcService.java:204)
	at org.apache.ratis.server.impl.LeaderElection.lambda$submitRequests$1(LeaderElection.java:238)
	at java.util.concurrent.FutureTask.run(FutureTask.java:266)
	at java.util.concurrent.Executors$RunnableAdapter.call(Executors.java:511)
	at java.util.concurrent.FutureTask.run(FutureTask.java:266)
	at java.util.concurrent.ThreadPoolExecutor.runWorker(ThreadPoolExecutor.java:1149)
	at java.util.concurrent.ThreadPoolExecutor$Worker.run(ThreadPoolExecutor.java:624)
	... 1 more
Caused by: org.apache.ratis.thirdparty.io.netty.channel.AbstractChannel$AnnotatedConnectException: Connection refused: /192.168.151.121:36521
	at sun.nio.ch.SocketChannelImpl.checkConnect(Native Method)
	at sun.nio.ch.SocketChannelImpl.finishConnect(SocketChannelImpl.java:717)
	at org.apache.ratis.thirdparty.io.netty.channel.socket.nio.NioSocketChannel.doFinishConnect(NioSocketChannel.java:327)
	at org.apache.ratis.thirdparty.io.netty.channel.nio.AbstractNioChannel$AbstractNioUnsafe.finishConnect(AbstractNioChannel.java:340)
	at org.apache.ratis.thirdparty.io.netty.channel.nio.NioEventLoop.processSelectedKey(NioEventLoop.java:632)
	at org.apache.ratis.thirdparty.io.netty.channel.nio.NioEventLoop.processSelectedKeysOptimized(NioEventLoop.java:579)
	at org.apache.ratis.thirdparty.io.netty.channel.nio.NioEventLoop.processSelectedKeys(NioEventLoop.java:496)
	at org.apache.ratis.thirdparty.io.netty.channel.nio.NioEventLoop.run(NioEventLoop.java:458)
	at org.apache.ratis.thirdparty.io.netty.util.concurrent.SingleThreadEventExecutor$5.run(SingleThreadEventExecutor.java:897)
	at org.apache.ratis.thirdparty.io.netty.util.concurrent.FastThreadLocalRunnable.run(FastThreadLocalRunnable.java:30)
	... 1 more
Caused by: java.net.ConnectException: Connection refused
	... 11 more
2019-09-24 02:24:23,628 [afd2474b-fc98-4bcf-8229-023d47ec65b0@group-6FB4E83B17BF:LeaderElection34] INFO  impl.LeaderElection (LeaderElection.java:logAndReturn(56)) - afd2474b-fc98-4bcf-8229-023d47ec65b0@group-6FB4E83B17BF:LeaderElection34: Election REJECTED; received 0 response(s) [] and 2 exception(s); afd2474b-fc98-4bcf-8229-023d47ec65b0@group-6FB4E83B17BF:t9, leader=null, voted=afd2474b-fc98-4bcf-8229-023d47ec65b0, raftlog=afd2474b-fc98-4bcf-8229-023d47ec65b0@group-6FB4E83B17BF-SegmentedRaftLog:OPENED:c4,f4,i4, conf=3: [afd2474b-fc98-4bcf-8229-023d47ec65b0:192.168.151.121:41375, 54979dbf-d71a-4b3b-9687-e35aa22ddfbe:192.168.151.121:40767, 8a99bbfb-49a9-45e9-85c7-917445244762:192.168.151.121:36521], old=null
2019-09-24 02:24:23,628 [afd2474b-fc98-4bcf-8229-023d47ec65b0@group-6FB4E83B17BF:LeaderElection34] INFO  impl.LeaderElection (LogUtils.java:infoOrTrace(149)) -   Exception 0: {}
java.util.concurrent.ExecutionException: org.apache.ratis.thirdparty.io.grpc.StatusRuntimeException: UNAVAILABLE: io exception
	at java.util.concurrent.FutureTask.report(FutureTask.java:122)
	at java.util.concurrent.FutureTask.get(FutureTask.java:192)
	at org.apache.ratis.server.impl.LeaderElection.waitForResults(LeaderElection.java:263)
	at org.apache.ratis.server.impl.LeaderElection.askForVotes(LeaderElection.java:201)
	at org.apache.ratis.server.impl.LeaderElection.run(LeaderElection.java:133)
	at java.lang.Thread.run(Thread.java:748)
Caused by: org.apache.ratis.thirdparty.io.grpc.StatusRuntimeException: UNAVAILABLE: io exception
	at org.apache.ratis.thirdparty.io.grpc.stub.ClientCalls.toStatusRuntimeException(ClientCalls.java:233)
	at org.apache.ratis.thirdparty.io.grpc.stub.ClientCalls.getUnchecked(ClientCalls.java:214)
	at org.apache.ratis.thirdparty.io.grpc.stub.ClientCalls.blockingUnaryCall(ClientCalls.java:139)
	at org.apache.ratis.proto.grpc.RaftServerProtocolServiceGrpc$RaftServerProtocolServiceBlockingStub.requestVote(RaftServerProtocolServiceGrpc.java:265)
	at org.apache.ratis.grpc.server.GrpcServerProtocolClient.requestVote(GrpcServerProtocolClient.java:90)
	at org.apache.ratis.grpc.server.GrpcService.requestVote(GrpcService.java:204)
	at org.apache.ratis.server.impl.LeaderElection.lambda$submitRequests$1(LeaderElection.java:238)
	at java.util.concurrent.FutureTask.run(FutureTask.java:266)
	at java.util.concurrent.Executors$RunnableAdapter.call(Executors.java:511)
	at java.util.concurrent.FutureTask.run(FutureTask.java:266)
	at java.util.concurrent.ThreadPoolExecutor.runWorker(ThreadPoolExecutor.java:1149)
	at java.util.concurrent.ThreadPoolExecutor$Worker.run(ThreadPoolExecutor.java:624)
	... 1 more
Caused by: org.apache.ratis.thirdparty.io.netty.channel.AbstractChannel$AnnotatedConnectException: Connection refused: /192.168.151.121:40767
	at sun.nio.ch.SocketChannelImpl.checkConnect(Native Method)
	at sun.nio.ch.SocketChannelImpl.finishConnect(SocketChannelImpl.java:717)
	at org.apache.ratis.thirdparty.io.netty.channel.socket.nio.NioSocketChannel.doFinishConnect(NioSocketChannel.java:327)
	at org.apache.ratis.thirdparty.io.netty.channel.nio.AbstractNioChannel$AbstractNioUnsafe.finishConnect(AbstractNioChannel.java:340)
	at org.apache.ratis.thirdparty.io.netty.channel.nio.NioEventLoop.processSelectedKey(NioEventLoop.java:632)
	at org.apache.ratis.thirdparty.io.netty.channel.nio.NioEventLoop.processSelectedKeysOptimized(NioEventLoop.java:579)
	at org.apache.ratis.thirdparty.io.netty.channel.nio.NioEventLoop.processSelectedKeys(NioEventLoop.java:496)
	at org.apache.ratis.thirdparty.io.netty.channel.nio.NioEventLoop.run(NioEventLoop.java:458)
	at org.apache.ratis.thirdparty.io.netty.util.concurrent.SingleThreadEventExecutor$5.run(SingleThreadEventExecutor.java:897)
	at org.apache.ratis.thirdparty.io.netty.util.concurrent.FastThreadLocalRunnable.run(FastThreadLocalRunnable.java:30)
	... 1 more
Caused by: java.net.ConnectException: Connection refused
	... 11 more
2019-09-24 02:24:23,629 [afd2474b-fc98-4bcf-8229-023d47ec65b0@group-6FB4E83B17BF:LeaderElection34] INFO  impl.LeaderElection (LogUtils.java:infoOrTrace(149)) -   Exception 1: {}
java.util.concurrent.ExecutionException: org.apache.ratis.thirdparty.io.grpc.StatusRuntimeException: UNAVAILABLE: io exception
	at java.util.concurrent.FutureTask.report(FutureTask.java:122)
	at java.util.concurrent.FutureTask.get(FutureTask.java:192)
	at org.apache.ratis.server.impl.LeaderElection.waitForResults(LeaderElection.java:263)
	at org.apache.ratis.server.impl.LeaderElection.askForVotes(LeaderElection.java:201)
	at org.apache.ratis.server.impl.LeaderElection.run(LeaderElection.java:133)
	at java.lang.Thread.run(Thread.java:748)
Caused by: org.apache.ratis.thirdparty.io.grpc.StatusRuntimeException: UNAVAILABLE: io exception
	at org.apache.ratis.thirdparty.io.grpc.stub.ClientCalls.toStatusRuntimeException(ClientCalls.java:233)
	at org.apache.ratis.thirdparty.io.grpc.stub.ClientCalls.getUnchecked(ClientCalls.java:214)
	at org.apache.ratis.thirdparty.io.grpc.stub.ClientCalls.blockingUnaryCall(ClientCalls.java:139)
	at org.apache.ratis.proto.grpc.RaftServerProtocolServiceGrpc$RaftServerProtocolServiceBlockingStub.requestVote(RaftServerProtocolServiceGrpc.java:265)
	at org.apache.ratis.grpc.server.GrpcServerProtocolClient.requestVote(GrpcServerProtocolClient.java:90)
	at org.apache.ratis.grpc.server.GrpcService.requestVote(GrpcService.java:204)
	at org.apache.ratis.server.impl.LeaderElection.lambda$submitRequests$1(LeaderElection.java:238)
	at java.util.concurrent.FutureTask.run(FutureTask.java:266)
	at java.util.concurrent.Executors$RunnableAdapter.call(Executors.java:511)
	at java.util.concurrent.FutureTask.run(FutureTask.java:266)
	at java.util.concurrent.ThreadPoolExecutor.runWorker(ThreadPoolExecutor.java:1149)
	at java.util.concurrent.ThreadPoolExecutor$Worker.run(ThreadPoolExecutor.java:624)
	... 1 more
Caused by: org.apache.ratis.thirdparty.io.netty.channel.AbstractChannel$AnnotatedConnectException: Connection refused: /192.168.151.121:36521
	at sun.nio.ch.SocketChannelImpl.checkConnect(Native Method)
	at sun.nio.ch.SocketChannelImpl.finishConnect(SocketChannelImpl.java:717)
	at org.apache.ratis.thirdparty.io.netty.channel.socket.nio.NioSocketChannel.doFinishConnect(NioSocketChannel.java:327)
	at org.apache.ratis.thirdparty.io.netty.channel.nio.AbstractNioChannel$AbstractNioUnsafe.finishConnect(AbstractNioChannel.java:340)
	at org.apache.ratis.thirdparty.io.netty.channel.nio.NioEventLoop.processSelectedKey(NioEventLoop.java:632)
	at org.apache.ratis.thirdparty.io.netty.channel.nio.NioEventLoop.processSelectedKeysOptimized(NioEventLoop.java:579)
	at org.apache.ratis.thirdparty.io.netty.channel.nio.NioEventLoop.processSelectedKeys(NioEventLoop.java:496)
	at org.apache.ratis.thirdparty.io.netty.channel.nio.NioEventLoop.run(NioEventLoop.java:458)
	at org.apache.ratis.thirdparty.io.netty.util.concurrent.SingleThreadEventExecutor$5.run(SingleThreadEventExecutor.java:897)
	at org.apache.ratis.thirdparty.io.netty.util.concurrent.FastThreadLocalRunnable.run(FastThreadLocalRunnable.java:30)
	... 1 more
Caused by: java.net.ConnectException: Connection refused
	... 11 more
2019-09-24 02:24:23,629 [afd2474b-fc98-4bcf-8229-023d47ec65b0@group-6FB4E83B17BF:LeaderElection34] INFO  impl.RaftServerImpl (RaftServerImpl.java:setRole(174)) - afd2474b-fc98-4bcf-8229-023d47ec65b0@group-6FB4E83B17BF: changes role from CANDIDATE to FOLLOWER at term 9 for DISCOVERED_A_NEW_TERM
2019-09-24 02:24:23,629 [afd2474b-fc98-4bcf-8229-023d47ec65b0@group-6FB4E83B17BF:LeaderElection34] INFO  impl.RoleInfo (RoleInfo.java:shutdownLeaderElection(134)) - afd2474b-fc98-4bcf-8229-023d47ec65b0: shutdown LeaderElection
2019-09-24 02:24:23,630 [afd2474b-fc98-4bcf-8229-023d47ec65b0@group-6FB4E83B17BF:LeaderElection34] INFO  impl.RoleInfo (RoleInfo.java:updateAndGet(143)) - afd2474b-fc98-4bcf-8229-023d47ec65b0: start FollowerState
2019-09-24 02:24:23,663 [main] INFO  ozoneimpl.OzoneContainer (OzoneContainer.java:stop(231)) - Attempting to stop container services.
2019-09-24 02:24:23,665 [main] INFO  impl.RaftServerProxy (RaftServerProxy.java:lambda$close$4(314)) - c0944fb1-a003-48a4-987e-44a4096d22d1: close
2019-09-24 02:24:23,665 [main] INFO  impl.RaftServerImpl (RaftServerImpl.java:lambda$shutdown$3(251)) - c0944fb1-a003-48a4-987e-44a4096d22d1@group-E392B0B88194: shutdown
2019-09-24 02:24:23,666 [main] INFO  util.JmxRegister (JmxRegister.java:unregister(73)) - Successfully un-registered JMX Bean with object name Ratis:service=RaftServer,group=group-E392B0B88194,id=c0944fb1-a003-48a4-987e-44a4096d22d1
2019-09-24 02:24:23,666 [main] INFO  impl.RoleInfo (RoleInfo.java:shutdownLeaderState(104)) - c0944fb1-a003-48a4-987e-44a4096d22d1: shutdown LeaderState
2019-09-24 02:24:23,670 [org.apache.ratis.server.impl.LogAppender$AppenderDaemon$$Lambda$430/2026899056@70c00a25] WARN  server.GrpcLogAppender (GrpcLogAppender.java:mayWait(143)) - c0944fb1-a003-48a4-987e-44a4096d22d1@group-E392B0B88194->6f849279-8265-485e-82a5-918f2cc86fc1-GrpcLogAppender: Wait interrupted by java.lang.InterruptedException
2019-09-24 02:24:23,670 [main] INFO  impl.PendingRequests (PendingRequests.java:sendNotLeaderResponses(202)) - c0944fb1-a003-48a4-987e-44a4096d22d1-PendingRequests: sendNotLeaderResponses
2019-09-24 02:24:23,670 [ForkJoinPool.commonPool-worker-0] INFO  ozoneimpl.OzoneContainer (OzoneContainer.java:stop(231)) - Attempting to stop container services.
2019-09-24 02:24:23,670 [org.apache.ratis.server.impl.LogAppender$AppenderDaemon$$Lambda$430/2026899056@4e907c0d] WARN  server.GrpcLogAppender (GrpcLogAppender.java:mayWait(143)) - c0944fb1-a003-48a4-987e-44a4096d22d1@group-E392B0B88194->0fd55585-263a-4577-aa0a-ea5a39896330-GrpcLogAppender: Wait interrupted by java.lang.InterruptedException
2019-09-24 02:24:23,672 [main] INFO  impl.StateMachineUpdater (StateMachineUpdater.java:stopAndJoin(125)) - c0944fb1-a003-48a4-987e-44a4096d22d1@group-E392B0B88194-StateMachineUpdater: set stopIndex = 2
2019-09-24 02:24:23,672 [ForkJoinPool.commonPool-worker-0] INFO  impl.RaftServerProxy (RaftServerProxy.java:lambda$close$4(314)) - 6adb7553-cea6-43f8-9b13-e82d721d47e7: close
2019-09-24 02:24:23,672 [ForkJoinPool.commonPool-worker-0] INFO  impl.RaftServerImpl (RaftServerImpl.java:lambda$shutdown$3(251)) - 6adb7553-cea6-43f8-9b13-e82d721d47e7@group-FB381BCCC211: shutdown
2019-09-24 02:24:23,673 [main] INFO  impl.RaftServerImpl (ServerState.java:close(385)) - c0944fb1-a003-48a4-987e-44a4096d22d1@group-E392B0B88194: closes. applyIndex: 2
2019-09-24 02:24:23,673 [ForkJoinPool.commonPool-worker-0] INFO  util.JmxRegister (JmxRegister.java:unregister(73)) - Successfully un-registered JMX Bean with object name Ratis:service=RaftServer,group=group-FB381BCCC211,id=6adb7553-cea6-43f8-9b13-e82d721d47e7
2019-09-24 02:24:23,673 [c0944fb1-a003-48a4-987e-44a4096d22d1@group-E392B0B88194-SegmentedRaftLogWorker] INFO  segmented.SegmentedRaftLogWorker (SegmentedRaftLogWorker.java:run(313)) - c0944fb1-a003-48a4-987e-44a4096d22d1@group-E392B0B88194-SegmentedRaftLogWorker was interrupted, exiting. There are 0 tasks remaining in the queue.
2019-09-24 02:24:23,673 [ForkJoinPool.commonPool-worker-0] INFO  impl.RoleInfo (RoleInfo.java:shutdownLeaderState(104)) - 6adb7553-cea6-43f8-9b13-e82d721d47e7: shutdown LeaderState
2019-09-24 02:24:23,674 [main] INFO  segmented.SegmentedRaftLogWorker (SegmentedRaftLogWorker.java:close(228)) - c0944fb1-a003-48a4-987e-44a4096d22d1@group-E392B0B88194-SegmentedRaftLogWorker close()
2019-09-24 02:24:23,674 [ForkJoinPool.commonPool-worker-0] INFO  impl.PendingRequests (PendingRequests.java:sendNotLeaderResponses(202)) - 6adb7553-cea6-43f8-9b13-e82d721d47e7-PendingRequests: sendNotLeaderResponses
2019-09-24 02:24:23,675 [main] INFO  impl.RaftServerImpl (RaftServerImpl.java:lambda$shutdown$3(251)) - c0944fb1-a003-48a4-987e-44a4096d22d1@group-2153E3C2A31B: shutdown
2019-09-24 02:24:23,675 [ForkJoinPool.commonPool-worker-0] INFO  impl.StateMachineUpdater (StateMachineUpdater.java:stopAndJoin(125)) - 6adb7553-cea6-43f8-9b13-e82d721d47e7@group-FB381BCCC211-StateMachineUpdater: set stopIndex = 0
2019-09-24 02:24:23,676 [main] INFO  util.JmxRegister (JmxRegister.java:unregister(73)) - Successfully un-registered JMX Bean with object name Ratis:service=RaftServer,group=group-2153E3C2A31B,id=c0944fb1-a003-48a4-987e-44a4096d22d1
2019-09-24 02:24:23,676 [ForkJoinPool.commonPool-worker-0] INFO  impl.RaftServerImpl (ServerState.java:close(385)) - 6adb7553-cea6-43f8-9b13-e82d721d47e7@group-FB381BCCC211: closes. applyIndex: 0
2019-09-24 02:24:23,676 [main] INFO  impl.RoleInfo (RoleInfo.java:shutdownLeaderState(104)) - c0944fb1-a003-48a4-987e-44a4096d22d1: shutdown LeaderState
2019-09-24 02:24:23,677 [6adb7553-cea6-43f8-9b13-e82d721d47e7@group-FB381BCCC211-SegmentedRaftLogWorker] INFO  segmented.SegmentedRaftLogWorker (SegmentedRaftLogWorker.java:run(313)) - 6adb7553-cea6-43f8-9b13-e82d721d47e7@group-FB381BCCC211-SegmentedRaftLogWorker was interrupted, exiting. There are 0 tasks remaining in the queue.
2019-09-24 02:24:23,677 [main] INFO  impl.PendingRequests (PendingRequests.java:sendNotLeaderResponses(202)) - c0944fb1-a003-48a4-987e-44a4096d22d1-PendingRequests: sendNotLeaderResponses
2019-09-24 02:24:23,677 [ForkJoinPool.commonPool-worker-0] INFO  segmented.SegmentedRaftLogWorker (SegmentedRaftLogWorker.java:close(228)) - 6adb7553-cea6-43f8-9b13-e82d721d47e7@group-FB381BCCC211-SegmentedRaftLogWorker close()
2019-09-24 02:24:23,677 [main] INFO  impl.StateMachineUpdater (StateMachineUpdater.java:stopAndJoin(125)) - c0944fb1-a003-48a4-987e-44a4096d22d1@group-2153E3C2A31B-StateMachineUpdater: set stopIndex = 0
2019-09-24 02:24:23,679 [ForkJoinPool.commonPool-worker-0] INFO  impl.RaftServerImpl (RaftServerImpl.java:lambda$shutdown$3(251)) - 6adb7553-cea6-43f8-9b13-e82d721d47e7@group-D8F232C36E53: shutdown
2019-09-24 02:24:23,679 [main] INFO  impl.RaftServerImpl (ServerState.java:close(385)) - c0944fb1-a003-48a4-987e-44a4096d22d1@group-2153E3C2A31B: closes. applyIndex: 0
2019-09-24 02:24:23,679 [ForkJoinPool.commonPool-worker-0] INFO  util.JmxRegister (JmxRegister.java:unregister(73)) - Successfully un-registered JMX Bean with object name Ratis:service=RaftServer,group=group-D8F232C36E53,id=6adb7553-cea6-43f8-9b13-e82d721d47e7
2019-09-24 02:24:23,679 [c0944fb1-a003-48a4-987e-44a4096d22d1@group-2153E3C2A31B-SegmentedRaftLogWorker] INFO  segmented.SegmentedRaftLogWorker (SegmentedRaftLogWorker.java:run(313)) - c0944fb1-a003-48a4-987e-44a4096d22d1@group-2153E3C2A31B-SegmentedRaftLogWorker was interrupted, exiting. There are 0 tasks remaining in the queue.
2019-09-24 02:24:23,680 [ForkJoinPool.commonPool-worker-0] INFO  impl.RoleInfo (RoleInfo.java:shutdownFollowerState(121)) - 6adb7553-cea6-43f8-9b13-e82d721d47e7: shutdown FollowerState
2019-09-24 02:24:23,680 [main] INFO  segmented.SegmentedRaftLogWorker (SegmentedRaftLogWorker.java:close(228)) - c0944fb1-a003-48a4-987e-44a4096d22d1@group-2153E3C2A31B-SegmentedRaftLogWorker close()
2019-09-24 02:24:23,680 [Thread-1895] INFO  impl.FollowerState (FollowerState.java:run(115)) - 6adb7553-cea6-43f8-9b13-e82d721d47e7: FollowerState was interrupted: java.lang.InterruptedException: sleep interrupted
2019-09-24 02:24:23,680 [ForkJoinPool.commonPool-worker-0] INFO  impl.StateMachineUpdater (StateMachineUpdater.java:stopAndJoin(125)) - 6adb7553-cea6-43f8-9b13-e82d721d47e7@group-D8F232C36E53-StateMachineUpdater: set stopIndex = 2
2019-09-24 02:24:23,682 [main] INFO  server.GrpcService (GrpcService.java:closeImpl(164)) - c0944fb1-a003-48a4-987e-44a4096d22d1: shutdown server with port 43671 now
2019-09-24 02:24:23,683 [ForkJoinPool.commonPool-worker-0] INFO  impl.RaftServerImpl (ServerState.java:close(385)) - 6adb7553-cea6-43f8-9b13-e82d721d47e7@group-D8F232C36E53: closes. applyIndex: 2
2019-09-24 02:24:23,683 [main] INFO  server.GrpcService (GrpcService.java:closeImpl(172)) - c0944fb1-a003-48a4-987e-44a4096d22d1: shutdown server with port 43671 successfully
2019-09-24 02:24:23,683 [6adb7553-cea6-43f8-9b13-e82d721d47e7@group-D8F232C36E53-SegmentedRaftLogWorker] INFO  segmented.SegmentedRaftLogWorker (SegmentedRaftLogWorker.java:run(313)) - 6adb7553-cea6-43f8-9b13-e82d721d47e7@group-D8F232C36E53-SegmentedRaftLogWorker was interrupted, exiting. There are 0 tasks remaining in the queue.
2019-09-24 02:24:23,684 [ForkJoinPool.commonPool-worker-0] INFO  segmented.SegmentedRaftLogWorker (SegmentedRaftLogWorker.java:close(228)) - 6adb7553-cea6-43f8-9b13-e82d721d47e7@group-D8F232C36E53-SegmentedRaftLogWorker close()
2019-09-24 02:24:23,685 [ForkJoinPool.commonPool-worker-0] INFO  server.GrpcService (GrpcService.java:closeImpl(164)) - 6adb7553-cea6-43f8-9b13-e82d721d47e7: shutdown server with port 37719 now
2019-09-24 02:24:23,687 [ForkJoinPool.commonPool-worker-0] INFO  server.GrpcService (GrpcService.java:closeImpl(172)) - 6adb7553-cea6-43f8-9b13-e82d721d47e7: shutdown server with port 37719 successfully
2019-09-24 02:24:23,687 [grpc-default-executor-0] WARN  server.GrpcLogAppender (LogUtils.java:warn(134)) - 6e6c6100-ad13-453b-9932-e9c645725862@group-D8F232C36E53->6adb7553-cea6-43f8-9b13-e82d721d47e7-AppendLogResponseHandler: Failed appendEntries: org.apache.ratis.thirdparty.io.grpc.StatusRuntimeException: CANCELLED: HTTP/2 error code: CANCEL
Received Rst Stream
2019-09-24 02:24:23,687 [grpc-default-executor-1] WARN  server.GrpcServerProtocolService (LogUtils.java:warn(134)) - 6adb7553-cea6-43f8-9b13-e82d721d47e7: installSnapshot onError, lastRequest: 6e6c6100-ad13-453b-9932-e9c645725862->6adb7553-cea6-43f8-9b13-e82d721d47e7#19-t3, previous=(t:3, i:2), leaderCommit=2, initializing? false, entries: <empty>: org.apache.ratis.thirdparty.io.grpc.StatusRuntimeException: CANCELLED: cancelled before receiving half close
2019-09-24 02:24:23,687 [grpc-default-executor-0] INFO  impl.FollowerInfo (FollowerInfo.java:lambda$new$0(51)) - 6e6c6100-ad13-453b-9932-e9c645725862@group-D8F232C36E53->6adb7553-cea6-43f8-9b13-e82d721d47e7: nextIndex: updateUnconditionally 3 -> 2
2019-09-24 02:24:23,691 [refreshUsed-/workdir/hadoop-ozone/integration-test/target/test-dir/MiniOzoneClusterImpl-de332c24-5f7d-4363-8764-5335807553b9/datanode-9/data/containers] WARN  fs.CachingGetSpaceUsed (CachingGetSpaceUsed.java:run(183)) - Thread Interrupted waiting to refresh disk information: sleep interrupted
2019-09-24 02:24:23,699 [refreshUsed-/workdir/hadoop-ozone/integration-test/target/test-dir/MiniOzoneClusterImpl-de332c24-5f7d-4363-8764-5335807553b9/datanode-0/data/containers] WARN  fs.CachingGetSpaceUsed (CachingGetSpaceUsed.java:run(183)) - Thread Interrupted waiting to refresh disk information: sleep interrupted
2019-09-24 02:24:23,711 [main] INFO  utils.BackgroundService (BackgroundService.java:shutdown(148)) - Shutting down service BlockDeletingService
2019-09-24 02:24:23,714 [main] INFO  statemachine.DatanodeStateMachine (DatanodeStateMachine.java:stopDaemon(395)) - Ozone container server stopped.
2019-09-24 02:24:23,716 [main] INFO  handler.ContextHandler (ContextHandler.java:doStop(910)) - Stopped o.e.j.w.WebAppContext@1e0a864d{/,null,UNAVAILABLE}{/hddsDatanode}
2019-09-24 02:24:23,717 [main] INFO  server.AbstractConnector (AbstractConnector.java:doStop(318)) - Stopped ServerConnector@440e3ce6{HTTP/1.1,[http/1.1]}{0.0.0.0:0}
2019-09-24 02:24:23,717 [main] INFO  handler.ContextHandler (ContextHandler.java:doStop(910)) - Stopped o.e.j.s.ServletContextHandler@5d8ab698{/static,jar:file:/home/user/.m2/repository/org/apache/hadoop/hadoop-hdds-container-service/0.5.0-SNAPSHOT/hadoop-hdds-container-service-0.5.0-SNAPSHOT.jar!/webapps/static,UNAVAILABLE}
2019-09-24 02:24:23,717 [main] INFO  handler.ContextHandler (ContextHandler.java:doStop(910)) - Stopped o.e.j.s.ServletContextHandler@f88bfbe{/logs,file:///workdir/hadoop-ozone/integration-test/target/log,UNAVAILABLE}
2019-09-24 02:24:23,719 [ForkJoinPool.commonPool-worker-0] INFO  utils.BackgroundService (BackgroundService.java:shutdown(148)) - Shutting down service BlockDeletingService
2019-09-24 02:24:23,721 [ForkJoinPool.commonPool-worker-0] INFO  statemachine.DatanodeStateMachine (DatanodeStateMachine.java:stopDaemon(395)) - Ozone container server stopped.
2019-09-24 02:24:23,723 [ForkJoinPool.commonPool-worker-0] INFO  handler.ContextHandler (ContextHandler.java:doStop(910)) - Stopped o.e.j.w.WebAppContext@3e33d73e{/,null,UNAVAILABLE}{/hddsDatanode}
2019-09-24 02:24:23,724 [ForkJoinPool.commonPool-worker-0] INFO  server.AbstractConnector (AbstractConnector.java:doStop(318)) - Stopped ServerConnector@6981f8f3{HTTP/1.1,[http/1.1]}{0.0.0.0:0}
2019-09-24 02:24:23,725 [ForkJoinPool.commonPool-worker-0] INFO  handler.ContextHandler (ContextHandler.java:doStop(910)) - Stopped o.e.j.s.ServletContextHandler@26f46fa6{/static,jar:file:/home/user/.m2/repository/org/apache/hadoop/hadoop-hdds-container-service/0.5.0-SNAPSHOT/hadoop-hdds-container-service-0.5.0-SNAPSHOT.jar!/webapps/static,UNAVAILABLE}
2019-09-24 02:24:23,726 [ForkJoinPool.commonPool-worker-0] INFO  handler.ContextHandler (ContextHandler.java:doStop(910)) - Stopped o.e.j.s.ServletContextHandler@d109c4f{/logs,file:///workdir/hadoop-ozone/integration-test/target/log,UNAVAILABLE}
2019-09-24 02:24:23,808 [grpc-default-executor-1] WARN  server.GrpcLogAppender (LogUtils.java:warn(134)) - 6e6c6100-ad13-453b-9932-e9c645725862@group-D8F232C36E53->76c02951-0e42-41da-95d2-62b96a0dd9ff-AppendLogResponseHandler: Failed appendEntries: org.apache.ratis.thirdparty.io.grpc.StatusRuntimeException: UNAVAILABLE: io exception
2019-09-24 02:24:23,808 [grpc-default-executor-1] INFO  impl.FollowerInfo (FollowerInfo.java:lambda$new$0(51)) - 6e6c6100-ad13-453b-9932-e9c645725862@group-D8F232C36E53->76c02951-0e42-41da-95d2-62b96a0dd9ff: nextIndex: updateUnconditionally 0 -> 0
2019-09-24 02:24:23,828 [grpc-default-executor-7] WARN  server.GrpcLogAppender (LogUtils.java:warn(134)) - 6e6c6100-ad13-453b-9932-e9c645725862@group-D8F232C36E53->6adb7553-cea6-43f8-9b13-e82d721d47e7-AppendLogResponseHandler: Failed appendEntries: org.apache.ratis.thirdparty.io.grpc.StatusRuntimeException: UNAVAILABLE: io exception
2019-09-24 02:24:23,829 [grpc-default-executor-7] INFO  impl.FollowerInfo (FollowerInfo.java:lambda$new$0(51)) - 6e6c6100-ad13-453b-9932-e9c645725862@group-D8F232C36E53->6adb7553-cea6-43f8-9b13-e82d721d47e7: nextIndex: updateUnconditionally 2 -> 1
2019-09-24 02:24:24,091 [Datanode State Machine Thread - 0] INFO  statemachine.DatanodeStateMachine (DatanodeStateMachine.java:lambda$startDaemon$0(350)) - Ozone container server started.
2019-09-24 02:24:24,116 [Datanode State Machine Thread - 0] INFO  statemachine.DatanodeStateMachine (DatanodeStateMachine.java:lambda$startDaemon$0(350)) - Ozone container server started.
2019-09-24 02:24:24,308 [grpc-default-executor-0] WARN  server.GrpcLogAppender (LogUtils.java:warn(134)) - 6e6c6100-ad13-453b-9932-e9c645725862@group-D8F232C36E53->76c02951-0e42-41da-95d2-62b96a0dd9ff-AppendLogResponseHandler: Failed appendEntries: org.apache.ratis.thirdparty.io.grpc.StatusRuntimeException: UNAVAILABLE: io exception
2019-09-24 02:24:24,309 [grpc-default-executor-0] INFO  impl.FollowerInfo (FollowerInfo.java:lambda$new$0(51)) - 6e6c6100-ad13-453b-9932-e9c645725862@group-D8F232C36E53->76c02951-0e42-41da-95d2-62b96a0dd9ff: nextIndex: updateUnconditionally 0 -> 0
2019-09-24 02:24:24,330 [grpc-default-executor-7] WARN  server.GrpcLogAppender (LogUtils.java:warn(134)) - 6e6c6100-ad13-453b-9932-e9c645725862@group-D8F232C36E53->6adb7553-cea6-43f8-9b13-e82d721d47e7-AppendLogResponseHandler: Failed appendEntries: org.apache.ratis.thirdparty.io.grpc.StatusRuntimeException: UNAVAILABLE: io exception
2019-09-24 02:24:24,330 [grpc-default-executor-7] INFO  impl.FollowerInfo (FollowerInfo.java:lambda$new$0(51)) - 6e6c6100-ad13-453b-9932-e9c645725862@group-D8F232C36E53->6adb7553-cea6-43f8-9b13-e82d721d47e7: nextIndex: updateUnconditionally 1 -> 0
2019-09-24 02:24:24,803 [Thread-1952] INFO  impl.FollowerState (FollowerState.java:run(106)) - afd2474b-fc98-4bcf-8229-023d47ec65b0:group-6FB4E83B17BF changes to CANDIDATE, lastRpcTime:1173, electionTimeout:1173ms
2019-09-24 02:24:24,803 [Thread-1952] INFO  impl.RoleInfo (RoleInfo.java:shutdownFollowerState(121)) - afd2474b-fc98-4bcf-8229-023d47ec65b0: shutdown FollowerState
2019-09-24 02:24:24,804 [Thread-1952] INFO  impl.RaftServerImpl (RaftServerImpl.java:setRole(174)) - afd2474b-fc98-4bcf-8229-023d47ec65b0@group-6FB4E83B17BF: changes role from  FOLLOWER to CANDIDATE at term 9 for changeToCandidate
2019-09-24 02:24:24,804 [Thread-1952] INFO  impl.RoleInfo (RoleInfo.java:updateAndGet(143)) - afd2474b-fc98-4bcf-8229-023d47ec65b0: start LeaderElection
2019-09-24 02:24:24,810 [grpc-default-executor-7] WARN  server.GrpcLogAppender (LogUtils.java:warn(134)) - 6e6c6100-ad13-453b-9932-e9c645725862@group-D8F232C36E53->76c02951-0e42-41da-95d2-62b96a0dd9ff-AppendLogResponseHandler: Failed appendEntries: org.apache.ratis.thirdparty.io.grpc.StatusRuntimeException: UNAVAILABLE: io exception
2019-09-24 02:24:24,810 [grpc-default-executor-7] INFO  impl.FollowerInfo (FollowerInfo.java:lambda$new$0(51)) - 6e6c6100-ad13-453b-9932-e9c645725862@group-D8F232C36E53->76c02951-0e42-41da-95d2-62b96a0dd9ff: nextIndex: updateUnconditionally 0 -> 0
2019-09-24 02:24:24,821 [afd2474b-fc98-4bcf-8229-023d47ec65b0@group-6FB4E83B17BF:LeaderElection35] INFO  impl.LeaderElection (LeaderElection.java:askForVotes(182)) - afd2474b-fc98-4bcf-8229-023d47ec65b0@group-6FB4E83B17BF:LeaderElection35: begin an election at term 10 for 3: [afd2474b-fc98-4bcf-8229-023d47ec65b0:192.168.151.121:41375, 54979dbf-d71a-4b3b-9687-e35aa22ddfbe:192.168.151.121:40767, 8a99bbfb-49a9-45e9-85c7-917445244762:192.168.151.121:36521], old=null
2019-09-24 02:24:24,822 [afd2474b-fc98-4bcf-8229-023d47ec65b0@group-6FB4E83B17BF:LeaderElection35] INFO  impl.LeaderElection (LogUtils.java:infoOrTrace(149)) - afd2474b-fc98-4bcf-8229-023d47ec65b0@group-6FB4E83B17BF:LeaderElection35 got exception when requesting votes: {}
java.util.concurrent.ExecutionException: org.apache.ratis.thirdparty.io.grpc.StatusRuntimeException: UNAVAILABLE: io exception
	at java.util.concurrent.FutureTask.report(FutureTask.java:122)
	at java.util.concurrent.FutureTask.get(FutureTask.java:192)
	at org.apache.ratis.server.impl.LeaderElection.waitForResults(LeaderElection.java:263)
	at org.apache.ratis.server.impl.LeaderElection.askForVotes(LeaderElection.java:201)
	at org.apache.ratis.server.impl.LeaderElection.run(LeaderElection.java:133)
	at java.lang.Thread.run(Thread.java:748)
Caused by: org.apache.ratis.thirdparty.io.grpc.StatusRuntimeException: UNAVAILABLE: io exception
	at org.apache.ratis.thirdparty.io.grpc.stub.ClientCalls.toStatusRuntimeException(ClientCalls.java:233)
	at org.apache.ratis.thirdparty.io.grpc.stub.ClientCalls.getUnchecked(ClientCalls.java:214)
	at org.apache.ratis.thirdparty.io.grpc.stub.ClientCalls.blockingUnaryCall(ClientCalls.java:139)
	at org.apache.ratis.proto.grpc.RaftServerProtocolServiceGrpc$RaftServerProtocolServiceBlockingStub.requestVote(RaftServerProtocolServiceGrpc.java:265)
	at org.apache.ratis.grpc.server.GrpcServerProtocolClient.requestVote(GrpcServerProtocolClient.java:90)
	at org.apache.ratis.grpc.server.GrpcService.requestVote(GrpcService.java:204)
	at org.apache.ratis.server.impl.LeaderElection.lambda$submitRequests$1(LeaderElection.java:238)
	at java.util.concurrent.FutureTask.run(FutureTask.java:266)
	at java.util.concurrent.Executors$RunnableAdapter.call(Executors.java:511)
	at java.util.concurrent.FutureTask.run(FutureTask.java:266)
	at java.util.concurrent.ThreadPoolExecutor.runWorker(ThreadPoolExecutor.java:1149)
	at java.util.concurrent.ThreadPoolExecutor$Worker.run(ThreadPoolExecutor.java:624)
	... 1 more
Caused by: org.apache.ratis.thirdparty.io.netty.channel.AbstractChannel$AnnotatedConnectException: Connection refused: /192.168.151.121:40767
	at sun.nio.ch.SocketChannelImpl.checkConnect(Native Method)
	at sun.nio.ch.SocketChannelImpl.finishConnect(SocketChannelImpl.java:717)
	at org.apache.ratis.thirdparty.io.netty.channel.socket.nio.NioSocketChannel.doFinishConnect(NioSocketChannel.java:327)
	at org.apache.ratis.thirdparty.io.netty.channel.nio.AbstractNioChannel$AbstractNioUnsafe.finishConnect(AbstractNioChannel.java:340)
	at org.apache.ratis.thirdparty.io.netty.channel.nio.NioEventLoop.processSelectedKey(NioEventLoop.java:632)
	at org.apache.ratis.thirdparty.io.netty.channel.nio.NioEventLoop.processSelectedKeysOptimized(NioEventLoop.java:579)
	at org.apache.ratis.thirdparty.io.netty.channel.nio.NioEventLoop.processSelectedKeys(NioEventLoop.java:496)
	at org.apache.ratis.thirdparty.io.netty.channel.nio.NioEventLoop.run(NioEventLoop.java:458)
	at org.apache.ratis.thirdparty.io.netty.util.concurrent.SingleThreadEventExecutor$5.run(SingleThreadEventExecutor.java:897)
	at org.apache.ratis.thirdparty.io.netty.util.concurrent.FastThreadLocalRunnable.run(FastThreadLocalRunnable.java:30)
	... 1 more
Caused by: java.net.ConnectException: Connection refused
	... 11 more
2019-09-24 02:24:24,824 [afd2474b-fc98-4bcf-8229-023d47ec65b0@group-6FB4E83B17BF:LeaderElection35] INFO  impl.LeaderElection (LogUtils.java:infoOrTrace(149)) - afd2474b-fc98-4bcf-8229-023d47ec65b0@group-6FB4E83B17BF:LeaderElection35 got exception when requesting votes: {}
java.util.concurrent.ExecutionException: org.apache.ratis.thirdparty.io.grpc.StatusRuntimeException: UNAVAILABLE: io exception
	at java.util.concurrent.FutureTask.report(FutureTask.java:122)
	at java.util.concurrent.FutureTask.get(FutureTask.java:192)
	at org.apache.ratis.server.impl.LeaderElection.waitForResults(LeaderElection.java:263)
	at org.apache.ratis.server.impl.LeaderElection.askForVotes(LeaderElection.java:201)
	at org.apache.ratis.server.impl.LeaderElection.run(LeaderElection.java:133)
	at java.lang.Thread.run(Thread.java:748)
Caused by: org.apache.ratis.thirdparty.io.grpc.StatusRuntimeException: UNAVAILABLE: io exception
	at org.apache.ratis.thirdparty.io.grpc.stub.ClientCalls.toStatusRuntimeException(ClientCalls.java:233)
	at org.apache.ratis.thirdparty.io.grpc.stub.ClientCalls.getUnchecked(ClientCalls.java:214)
	at org.apache.ratis.thirdparty.io.grpc.stub.ClientCalls.blockingUnaryCall(ClientCalls.java:139)
	at org.apache.ratis.proto.grpc.RaftServerProtocolServiceGrpc$RaftServerProtocolServiceBlockingStub.requestVote(RaftServerProtocolServiceGrpc.java:265)
	at org.apache.ratis.grpc.server.GrpcServerProtocolClient.requestVote(GrpcServerProtocolClient.java:90)
	at org.apache.ratis.grpc.server.GrpcService.requestVote(GrpcService.java:204)
	at org.apache.ratis.server.impl.LeaderElection.lambda$submitRequests$1(LeaderElection.java:238)
	at java.util.concurrent.FutureTask.run(FutureTask.java:266)
	at java.util.concurrent.Executors$RunnableAdapter.call(Executors.java:511)
	at java.util.concurrent.FutureTask.run(FutureTask.java:266)
	at java.util.concurrent.ThreadPoolExecutor.runWorker(ThreadPoolExecutor.java:1149)
	at java.util.concurrent.ThreadPoolExecutor$Worker.run(ThreadPoolExecutor.java:624)
	... 1 more
Caused by: org.apache.ratis.thirdparty.io.netty.channel.AbstractChannel$AnnotatedConnectException: Connection refused: /192.168.151.121:36521
	at sun.nio.ch.SocketChannelImpl.checkConnect(Native Method)
	at sun.nio.ch.SocketChannelImpl.finishConnect(SocketChannelImpl.java:717)
	at org.apache.ratis.thirdparty.io.netty.channel.socket.nio.NioSocketChannel.doFinishConnect(NioSocketChannel.java:327)
	at org.apache.ratis.thirdparty.io.netty.channel.nio.AbstractNioChannel$AbstractNioUnsafe.finishConnect(AbstractNioChannel.java:340)
	at org.apache.ratis.thirdparty.io.netty.channel.nio.NioEventLoop.processSelectedKey(NioEventLoop.java:632)
	at org.apache.ratis.thirdparty.io.netty.channel.nio.NioEventLoop.processSelectedKeysOptimized(NioEventLoop.java:579)
	at org.apache.ratis.thirdparty.io.netty.channel.nio.NioEventLoop.processSelectedKeys(NioEventLoop.java:496)
	at org.apache.ratis.thirdparty.io.netty.channel.nio.NioEventLoop.run(NioEventLoop.java:458)
	at org.apache.ratis.thirdparty.io.netty.util.concurrent.SingleThreadEventExecutor$5.run(SingleThreadEventExecutor.java:897)
	at org.apache.ratis.thirdparty.io.netty.util.concurrent.FastThreadLocalRunnable.run(FastThreadLocalRunnable.java:30)
	... 1 more
Caused by: java.net.ConnectException: Connection refused
	... 11 more
2019-09-24 02:24:24,825 [afd2474b-fc98-4bcf-8229-023d47ec65b0@group-6FB4E83B17BF:LeaderElection35] INFO  impl.LeaderElection (LeaderElection.java:logAndReturn(56)) - afd2474b-fc98-4bcf-8229-023d47ec65b0@group-6FB4E83B17BF:LeaderElection35: Election REJECTED; received 0 response(s) [] and 2 exception(s); afd2474b-fc98-4bcf-8229-023d47ec65b0@group-6FB4E83B17BF:t10, leader=null, voted=afd2474b-fc98-4bcf-8229-023d47ec65b0, raftlog=afd2474b-fc98-4bcf-8229-023d47ec65b0@group-6FB4E83B17BF-SegmentedRaftLog:OPENED:c4,f4,i4, conf=3: [afd2474b-fc98-4bcf-8229-023d47ec65b0:192.168.151.121:41375, 54979dbf-d71a-4b3b-9687-e35aa22ddfbe:192.168.151.121:40767, 8a99bbfb-49a9-45e9-85c7-917445244762:192.168.151.121:36521], old=null
2019-09-24 02:24:24,826 [afd2474b-fc98-4bcf-8229-023d47ec65b0@group-6FB4E83B17BF:LeaderElection35] INFO  impl.LeaderElection (LogUtils.java:infoOrTrace(149)) -   Exception 0: {}
java.util.concurrent.ExecutionException: org.apache.ratis.thirdparty.io.grpc.StatusRuntimeException: UNAVAILABLE: io exception
	at java.util.concurrent.FutureTask.report(FutureTask.java:122)
	at java.util.concurrent.FutureTask.get(FutureTask.java:192)
	at org.apache.ratis.server.impl.LeaderElection.waitForResults(LeaderElection.java:263)
	at org.apache.ratis.server.impl.LeaderElection.askForVotes(LeaderElection.java:201)
	at org.apache.ratis.server.impl.LeaderElection.run(LeaderElection.java:133)
	at java.lang.Thread.run(Thread.java:748)
Caused by: org.apache.ratis.thirdparty.io.grpc.StatusRuntimeException: UNAVAILABLE: io exception
	at org.apache.ratis.thirdparty.io.grpc.stub.ClientCalls.toStatusRuntimeException(ClientCalls.java:233)
	at org.apache.ratis.thirdparty.io.grpc.stub.ClientCalls.getUnchecked(ClientCalls.java:214)
	at org.apache.ratis.thirdparty.io.grpc.stub.ClientCalls.blockingUnaryCall(ClientCalls.java:139)
	at org.apache.ratis.proto.grpc.RaftServerProtocolServiceGrpc$RaftServerProtocolServiceBlockingStub.requestVote(RaftServerProtocolServiceGrpc.java:265)
	at org.apache.ratis.grpc.server.GrpcServerProtocolClient.requestVote(GrpcServerProtocolClient.java:90)
	at org.apache.ratis.grpc.server.GrpcService.requestVote(GrpcService.java:204)
	at org.apache.ratis.server.impl.LeaderElection.lambda$submitRequests$1(LeaderElection.java:238)
	at java.util.concurrent.FutureTask.run(FutureTask.java:266)
	at java.util.concurrent.Executors$RunnableAdapter.call(Executors.java:511)
	at java.util.concurrent.FutureTask.run(FutureTask.java:266)
	at java.util.concurrent.ThreadPoolExecutor.runWorker(ThreadPoolExecutor.java:1149)
	at java.util.concurrent.ThreadPoolExecutor$Worker.run(ThreadPoolExecutor.java:624)
	... 1 more
Caused by: org.apache.ratis.thirdparty.io.netty.channel.AbstractChannel$AnnotatedConnectException: Connection refused: /192.168.151.121:40767
	at sun.nio.ch.SocketChannelImpl.checkConnect(Native Method)
	at sun.nio.ch.SocketChannelImpl.finishConnect(SocketChannelImpl.java:717)
	at org.apache.ratis.thirdparty.io.netty.channel.socket.nio.NioSocketChannel.doFinishConnect(NioSocketChannel.java:327)
	at org.apache.ratis.thirdparty.io.netty.channel.nio.AbstractNioChannel$AbstractNioUnsafe.finishConnect(AbstractNioChannel.java:340)
	at org.apache.ratis.thirdparty.io.netty.channel.nio.NioEventLoop.processSelectedKey(NioEventLoop.java:632)
	at org.apache.ratis.thirdparty.io.netty.channel.nio.NioEventLoop.processSelectedKeysOptimized(NioEventLoop.java:579)
	at org.apache.ratis.thirdparty.io.netty.channel.nio.NioEventLoop.processSelectedKeys(NioEventLoop.java:496)
	at org.apache.ratis.thirdparty.io.netty.channel.nio.NioEventLoop.run(NioEventLoop.java:458)
	at org.apache.ratis.thirdparty.io.netty.util.concurrent.SingleThreadEventExecutor$5.run(SingleThreadEventExecutor.java:897)
	at org.apache.ratis.thirdparty.io.netty.util.concurrent.FastThreadLocalRunnable.run(FastThreadLocalRunnable.java:30)
	... 1 more
Caused by: java.net.ConnectException: Connection refused
	... 11 more
2019-09-24 02:24:24,826 [afd2474b-fc98-4bcf-8229-023d47ec65b0@group-6FB4E83B17BF:LeaderElection35] INFO  impl.LeaderElection (LogUtils.java:infoOrTrace(149)) -   Exception 1: {}
java.util.concurrent.ExecutionException: org.apache.ratis.thirdparty.io.grpc.StatusRuntimeException: UNAVAILABLE: io exception
	at java.util.concurrent.FutureTask.report(FutureTask.java:122)
	at java.util.concurrent.FutureTask.get(FutureTask.java:192)
	at org.apache.ratis.server.impl.LeaderElection.waitForResults(LeaderElection.java:263)
	at org.apache.ratis.server.impl.LeaderElection.askForVotes(LeaderElection.java:201)
	at org.apache.ratis.server.impl.LeaderElection.run(LeaderElection.java:133)
	at java.lang.Thread.run(Thread.java:748)
Caused by: org.apache.ratis.thirdparty.io.grpc.StatusRuntimeException: UNAVAILABLE: io exception
	at org.apache.ratis.thirdparty.io.grpc.stub.ClientCalls.toStatusRuntimeException(ClientCalls.java:233)
	at org.apache.ratis.thirdparty.io.grpc.stub.ClientCalls.getUnchecked(ClientCalls.java:214)
	at org.apache.ratis.thirdparty.io.grpc.stub.ClientCalls.blockingUnaryCall(ClientCalls.java:139)
	at org.apache.ratis.proto.grpc.RaftServerProtocolServiceGrpc$RaftServerProtocolServiceBlockingStub.requestVote(RaftServerProtocolServiceGrpc.java:265)
	at org.apache.ratis.grpc.server.GrpcServerProtocolClient.requestVote(GrpcServerProtocolClient.java:90)
	at org.apache.ratis.grpc.server.GrpcService.requestVote(GrpcService.java:204)
	at org.apache.ratis.server.impl.LeaderElection.lambda$submitRequests$1(LeaderElection.java:238)
	at java.util.concurrent.FutureTask.run(FutureTask.java:266)
	at java.util.concurrent.Executors$RunnableAdapter.call(Executors.java:511)
	at java.util.concurrent.FutureTask.run(FutureTask.java:266)
	at java.util.concurrent.ThreadPoolExecutor.runWorker(ThreadPoolExecutor.java:1149)
	at java.util.concurrent.ThreadPoolExecutor$Worker.run(ThreadPoolExecutor.java:624)
	... 1 more
Caused by: org.apache.ratis.thirdparty.io.netty.channel.AbstractChannel$AnnotatedConnectException: Connection refused: /192.168.151.121:36521
	at sun.nio.ch.SocketChannelImpl.checkConnect(Native Method)
	at sun.nio.ch.SocketChannelImpl.finishConnect(SocketChannelImpl.java:717)
	at org.apache.ratis.thirdparty.io.netty.channel.socket.nio.NioSocketChannel.doFinishConnect(NioSocketChannel.java:327)
	at org.apache.ratis.thirdparty.io.netty.channel.nio.AbstractNioChannel$AbstractNioUnsafe.finishConnect(AbstractNioChannel.java:340)
	at org.apache.ratis.thirdparty.io.netty.channel.nio.NioEventLoop.processSelectedKey(NioEventLoop.java:632)
	at org.apache.ratis.thirdparty.io.netty.channel.nio.NioEventLoop.processSelectedKeysOptimized(NioEventLoop.java:579)
	at org.apache.ratis.thirdparty.io.netty.channel.nio.NioEventLoop.processSelectedKeys(NioEventLoop.java:496)
	at org.apache.ratis.thirdparty.io.netty.channel.nio.NioEventLoop.run(NioEventLoop.java:458)
	at org.apache.ratis.thirdparty.io.netty.util.concurrent.SingleThreadEventExecutor$5.run(SingleThreadEventExecutor.java:897)
	at org.apache.ratis.thirdparty.io.netty.util.concurrent.FastThreadLocalRunnable.run(FastThreadLocalRunnable.java:30)
	... 1 more
Caused by: java.net.ConnectException: Connection refused
	... 11 more
2019-09-24 02:24:24,826 [afd2474b-fc98-4bcf-8229-023d47ec65b0@group-6FB4E83B17BF:LeaderElection35] INFO  impl.RaftServerImpl (RaftServerImpl.java:setRole(174)) - afd2474b-fc98-4bcf-8229-023d47ec65b0@group-6FB4E83B17BF: changes role from CANDIDATE to FOLLOWER at term 10 for DISCOVERED_A_NEW_TERM
2019-09-24 02:24:24,827 [afd2474b-fc98-4bcf-8229-023d47ec65b0@group-6FB4E83B17BF:LeaderElection35] INFO  impl.RoleInfo (RoleInfo.java:shutdownLeaderElection(134)) - afd2474b-fc98-4bcf-8229-023d47ec65b0: shutdown LeaderElection
2019-09-24 02:24:24,827 [afd2474b-fc98-4bcf-8229-023d47ec65b0@group-6FB4E83B17BF:LeaderElection35] INFO  impl.RoleInfo (RoleInfo.java:updateAndGet(143)) - afd2474b-fc98-4bcf-8229-023d47ec65b0: start FollowerState
2019-09-24 02:24:24,831 [grpc-default-executor-1] WARN  server.GrpcLogAppender (LogUtils.java:warn(134)) - 6e6c6100-ad13-453b-9932-e9c645725862@group-D8F232C36E53->6adb7553-cea6-43f8-9b13-e82d721d47e7-AppendLogResponseHandler: Failed appendEntries: org.apache.ratis.thirdparty.io.grpc.StatusRuntimeException: UNAVAILABLE: io exception
2019-09-24 02:24:24,833 [grpc-default-executor-1] INFO  impl.FollowerInfo (FollowerInfo.java:lambda$new$0(51)) - 6e6c6100-ad13-453b-9932-e9c645725862@group-D8F232C36E53->6adb7553-cea6-43f8-9b13-e82d721d47e7: nextIndex: updateUnconditionally 0 -> 0
2019-09-24 02:24:25,310 [grpc-default-executor-0] WARN  server.GrpcLogAppender (LogUtils.java:warn(134)) - 6e6c6100-ad13-453b-9932-e9c645725862@group-D8F232C36E53->76c02951-0e42-41da-95d2-62b96a0dd9ff-AppendLogResponseHandler: Failed appendEntries: org.apache.ratis.thirdparty.io.grpc.StatusRuntimeException: UNAVAILABLE: io exception
2019-09-24 02:24:25,311 [grpc-default-executor-0] INFO  impl.FollowerInfo (FollowerInfo.java:lambda$new$0(51)) - 6e6c6100-ad13-453b-9932-e9c645725862@group-D8F232C36E53->76c02951-0e42-41da-95d2-62b96a0dd9ff: nextIndex: updateUnconditionally 0 -> 0
2019-09-24 02:24:25,331 [grpc-default-executor-7] WARN  server.GrpcLogAppender (LogUtils.java:warn(134)) - 6e6c6100-ad13-453b-9932-e9c645725862@group-D8F232C36E53->6adb7553-cea6-43f8-9b13-e82d721d47e7-AppendLogResponseHandler: Failed appendEntries: org.apache.ratis.thirdparty.io.grpc.StatusRuntimeException: UNAVAILABLE: io exception
2019-09-24 02:24:25,332 [grpc-default-executor-7] INFO  impl.FollowerInfo (FollowerInfo.java:lambda$new$0(51)) - 6e6c6100-ad13-453b-9932-e9c645725862@group-D8F232C36E53->6adb7553-cea6-43f8-9b13-e82d721d47e7: nextIndex: updateUnconditionally 0 -> 0
2019-09-24 02:24:25,811 [grpc-default-executor-1] WARN  server.GrpcLogAppender (LogUtils.java:warn(134)) - 6e6c6100-ad13-453b-9932-e9c645725862@group-D8F232C36E53->76c02951-0e42-41da-95d2-62b96a0dd9ff-AppendLogResponseHandler: Failed appendEntries: org.apache.ratis.thirdparty.io.grpc.StatusRuntimeException: UNAVAILABLE: io exception
2019-09-24 02:24:25,812 [grpc-default-executor-1] INFO  impl.FollowerInfo (FollowerInfo.java:lambda$new$0(51)) - 6e6c6100-ad13-453b-9932-e9c645725862@group-D8F232C36E53->76c02951-0e42-41da-95d2-62b96a0dd9ff: nextIndex: updateUnconditionally 0 -> 0
2019-09-24 02:24:25,831 [grpc-default-executor-1] WARN  server.GrpcLogAppender (LogUtils.java:warn(134)) - 6e6c6100-ad13-453b-9932-e9c645725862@group-D8F232C36E53->6adb7553-cea6-43f8-9b13-e82d721d47e7-AppendLogResponseHandler: Failed appendEntries: org.apache.ratis.thirdparty.io.grpc.StatusRuntimeException: UNAVAILABLE: io exception
2019-09-24 02:24:25,832 [grpc-default-executor-1] INFO  impl.FollowerInfo (FollowerInfo.java:lambda$new$0(51)) - 6e6c6100-ad13-453b-9932-e9c645725862@group-D8F232C36E53->6adb7553-cea6-43f8-9b13-e82d721d47e7: nextIndex: updateUnconditionally 0 -> 0
2019-09-24 02:24:25,840 [Thread-1956] INFO  impl.FollowerState (FollowerState.java:run(106)) - afd2474b-fc98-4bcf-8229-023d47ec65b0:group-6FB4E83B17BF changes to CANDIDATE, lastRpcTime:1013, electionTimeout:1013ms
2019-09-24 02:24:25,841 [Thread-1956] INFO  impl.RoleInfo (RoleInfo.java:shutdownFollowerState(121)) - afd2474b-fc98-4bcf-8229-023d47ec65b0: shutdown FollowerState
2019-09-24 02:24:25,841 [Thread-1956] INFO  impl.RaftServerImpl (RaftServerImpl.java:setRole(174)) - afd2474b-fc98-4bcf-8229-023d47ec65b0@group-6FB4E83B17BF: changes role from  FOLLOWER to CANDIDATE at term 10 for changeToCandidate
2019-09-24 02:24:25,841 [Thread-1956] INFO  impl.RoleInfo (RoleInfo.java:updateAndGet(143)) - afd2474b-fc98-4bcf-8229-023d47ec65b0: start LeaderElection
2019-09-24 02:24:25,897 [afd2474b-fc98-4bcf-8229-023d47ec65b0@group-6FB4E83B17BF:LeaderElection36] INFO  impl.LeaderElection (LeaderElection.java:askForVotes(182)) - afd2474b-fc98-4bcf-8229-023d47ec65b0@group-6FB4E83B17BF:LeaderElection36: begin an election at term 11 for 3: [afd2474b-fc98-4bcf-8229-023d47ec65b0:192.168.151.121:41375, 54979dbf-d71a-4b3b-9687-e35aa22ddfbe:192.168.151.121:40767, 8a99bbfb-49a9-45e9-85c7-917445244762:192.168.151.121:36521], old=null
2019-09-24 02:24:25,899 [afd2474b-fc98-4bcf-8229-023d47ec65b0@group-6FB4E83B17BF:LeaderElection36] INFO  impl.LeaderElection (LogUtils.java:infoOrTrace(149)) - afd2474b-fc98-4bcf-8229-023d47ec65b0@group-6FB4E83B17BF:LeaderElection36 got exception when requesting votes: {}
java.util.concurrent.ExecutionException: org.apache.ratis.thirdparty.io.grpc.StatusRuntimeException: UNAVAILABLE: io exception
	at java.util.concurrent.FutureTask.report(FutureTask.java:122)
	at java.util.concurrent.FutureTask.get(FutureTask.java:192)
	at org.apache.ratis.server.impl.LeaderElection.waitForResults(LeaderElection.java:263)
	at org.apache.ratis.server.impl.LeaderElection.askForVotes(LeaderElection.java:201)
	at org.apache.ratis.server.impl.LeaderElection.run(LeaderElection.java:133)
	at java.lang.Thread.run(Thread.java:748)
Caused by: org.apache.ratis.thirdparty.io.grpc.StatusRuntimeException: UNAVAILABLE: io exception
	at org.apache.ratis.thirdparty.io.grpc.stub.ClientCalls.toStatusRuntimeException(ClientCalls.java:233)
	at org.apache.ratis.thirdparty.io.grpc.stub.ClientCalls.getUnchecked(ClientCalls.java:214)
	at org.apache.ratis.thirdparty.io.grpc.stub.ClientCalls.blockingUnaryCall(ClientCalls.java:139)
	at org.apache.ratis.proto.grpc.RaftServerProtocolServiceGrpc$RaftServerProtocolServiceBlockingStub.requestVote(RaftServerProtocolServiceGrpc.java:265)
	at org.apache.ratis.grpc.server.GrpcServerProtocolClient.requestVote(GrpcServerProtocolClient.java:90)
	at org.apache.ratis.grpc.server.GrpcService.requestVote(GrpcService.java:204)
	at org.apache.ratis.server.impl.LeaderElection.lambda$submitRequests$1(LeaderElection.java:238)
	at java.util.concurrent.FutureTask.run(FutureTask.java:266)
	at java.util.concurrent.Executors$RunnableAdapter.call(Executors.java:511)
	at java.util.concurrent.FutureTask.run(FutureTask.java:266)
	at java.util.concurrent.ThreadPoolExecutor.runWorker(ThreadPoolExecutor.java:1149)
	at java.util.concurrent.ThreadPoolExecutor$Worker.run(ThreadPoolExecutor.java:624)
	... 1 more
Caused by: org.apache.ratis.thirdparty.io.netty.channel.AbstractChannel$AnnotatedConnectException: Connection refused: /192.168.151.121:36521
	at sun.nio.ch.SocketChannelImpl.checkConnect(Native Method)
	at sun.nio.ch.SocketChannelImpl.finishConnect(SocketChannelImpl.java:717)
	at org.apache.ratis.thirdparty.io.netty.channel.socket.nio.NioSocketChannel.doFinishConnect(NioSocketChannel.java:327)
	at org.apache.ratis.thirdparty.io.netty.channel.nio.AbstractNioChannel$AbstractNioUnsafe.finishConnect(AbstractNioChannel.java:340)
	at org.apache.ratis.thirdparty.io.netty.channel.nio.NioEventLoop.processSelectedKey(NioEventLoop.java:632)
	at org.apache.ratis.thirdparty.io.netty.channel.nio.NioEventLoop.processSelectedKeysOptimized(NioEventLoop.java:579)
	at org.apache.ratis.thirdparty.io.netty.channel.nio.NioEventLoop.processSelectedKeys(NioEventLoop.java:496)
	at org.apache.ratis.thirdparty.io.netty.channel.nio.NioEventLoop.run(NioEventLoop.java:458)
	at org.apache.ratis.thirdparty.io.netty.util.concurrent.SingleThreadEventExecutor$5.run(SingleThreadEventExecutor.java:897)
	at org.apache.ratis.thirdparty.io.netty.util.concurrent.FastThreadLocalRunnable.run(FastThreadLocalRunnable.java:30)
	... 1 more
Caused by: java.net.ConnectException: Connection refused
	... 11 more
2019-09-24 02:24:25,902 [afd2474b-fc98-4bcf-8229-023d47ec65b0@group-6FB4E83B17BF:LeaderElection36] INFO  impl.LeaderElection (LogUtils.java:infoOrTrace(149)) - afd2474b-fc98-4bcf-8229-023d47ec65b0@group-6FB4E83B17BF:LeaderElection36 got exception when requesting votes: {}
java.util.concurrent.ExecutionException: org.apache.ratis.thirdparty.io.grpc.StatusRuntimeException: UNAVAILABLE: io exception
	at java.util.concurrent.FutureTask.report(FutureTask.java:122)
	at java.util.concurrent.FutureTask.get(FutureTask.java:192)
	at org.apache.ratis.server.impl.LeaderElection.waitForResults(LeaderElection.java:263)
	at org.apache.ratis.server.impl.LeaderElection.askForVotes(LeaderElection.java:201)
	at org.apache.ratis.server.impl.LeaderElection.run(LeaderElection.java:133)
	at java.lang.Thread.run(Thread.java:748)
Caused by: org.apache.ratis.thirdparty.io.grpc.StatusRuntimeException: UNAVAILABLE: io exception
	at org.apache.ratis.thirdparty.io.grpc.stub.ClientCalls.toStatusRuntimeException(ClientCalls.java:233)
	at org.apache.ratis.thirdparty.io.grpc.stub.ClientCalls.getUnchecked(ClientCalls.java:214)
	at org.apache.ratis.thirdparty.io.grpc.stub.ClientCalls.blockingUnaryCall(ClientCalls.java:139)
	at org.apache.ratis.proto.grpc.RaftServerProtocolServiceGrpc$RaftServerProtocolServiceBlockingStub.requestVote(RaftServerProtocolServiceGrpc.java:265)
	at org.apache.ratis.grpc.server.GrpcServerProtocolClient.requestVote(GrpcServerProtocolClient.java:90)
	at org.apache.ratis.grpc.server.GrpcService.requestVote(GrpcService.java:204)
	at org.apache.ratis.server.impl.LeaderElection.lambda$submitRequests$1(LeaderElection.java:238)
	at java.util.concurrent.FutureTask.run(FutureTask.java:266)
	at java.util.concurrent.Executors$RunnableAdapter.call(Executors.java:511)
	at java.util.concurrent.FutureTask.run(FutureTask.java:266)
	at java.util.concurrent.ThreadPoolExecutor.runWorker(ThreadPoolExecutor.java:1149)
	at java.util.concurrent.ThreadPoolExecutor$Worker.run(ThreadPoolExecutor.java:624)
	... 1 more
Caused by: org.apache.ratis.thirdparty.io.netty.channel.AbstractChannel$AnnotatedConnectException: Connection refused: /192.168.151.121:40767
	at sun.nio.ch.SocketChannelImpl.checkConnect(Native Method)
	at sun.nio.ch.SocketChannelImpl.finishConnect(SocketChannelImpl.java:717)
	at org.apache.ratis.thirdparty.io.netty.channel.socket.nio.NioSocketChannel.doFinishConnect(NioSocketChannel.java:327)
	at org.apache.ratis.thirdparty.io.netty.channel.nio.AbstractNioChannel$AbstractNioUnsafe.finishConnect(AbstractNioChannel.java:340)
	at org.apache.ratis.thirdparty.io.netty.channel.nio.NioEventLoop.processSelectedKey(NioEventLoop.java:632)
	at org.apache.ratis.thirdparty.io.netty.channel.nio.NioEventLoop.processSelectedKeysOptimized(NioEventLoop.java:579)
	at org.apache.ratis.thirdparty.io.netty.channel.nio.NioEventLoop.processSelectedKeys(NioEventLoop.java:496)
	at org.apache.ratis.thirdparty.io.netty.channel.nio.NioEventLoop.run(NioEventLoop.java:458)
	at org.apache.ratis.thirdparty.io.netty.util.concurrent.SingleThreadEventExecutor$5.run(SingleThreadEventExecutor.java:897)
	at org.apache.ratis.thirdparty.io.netty.util.concurrent.FastThreadLocalRunnable.run(FastThreadLocalRunnable.java:30)
	... 1 more
Caused by: java.net.ConnectException: Connection refused
	... 11 more
2019-09-24 02:24:25,904 [afd2474b-fc98-4bcf-8229-023d47ec65b0@group-6FB4E83B17BF:LeaderElection36] INFO  impl.LeaderElection (LeaderElection.java:logAndReturn(56)) - afd2474b-fc98-4bcf-8229-023d47ec65b0@group-6FB4E83B17BF:LeaderElection36: Election REJECTED; received 0 response(s) [] and 2 exception(s); afd2474b-fc98-4bcf-8229-023d47ec65b0@group-6FB4E83B17BF:t11, leader=null, voted=afd2474b-fc98-4bcf-8229-023d47ec65b0, raftlog=afd2474b-fc98-4bcf-8229-023d47ec65b0@group-6FB4E83B17BF-SegmentedRaftLog:OPENED:c4,f4,i4, conf=3: [afd2474b-fc98-4bcf-8229-023d47ec65b0:192.168.151.121:41375, 54979dbf-d71a-4b3b-9687-e35aa22ddfbe:192.168.151.121:40767, 8a99bbfb-49a9-45e9-85c7-917445244762:192.168.151.121:36521], old=null
2019-09-24 02:24:25,904 [afd2474b-fc98-4bcf-8229-023d47ec65b0@group-6FB4E83B17BF:LeaderElection36] INFO  impl.LeaderElection (LogUtils.java:infoOrTrace(149)) -   Exception 0: {}
java.util.concurrent.ExecutionException: org.apache.ratis.thirdparty.io.grpc.StatusRuntimeException: UNAVAILABLE: io exception
	at java.util.concurrent.FutureTask.report(FutureTask.java:122)
	at java.util.concurrent.FutureTask.get(FutureTask.java:192)
	at org.apache.ratis.server.impl.LeaderElection.waitForResults(LeaderElection.java:263)
	at org.apache.ratis.server.impl.LeaderElection.askForVotes(LeaderElection.java:201)
	at org.apache.ratis.server.impl.LeaderElection.run(LeaderElection.java:133)
	at java.lang.Thread.run(Thread.java:748)
Caused by: org.apache.ratis.thirdparty.io.grpc.StatusRuntimeException: UNAVAILABLE: io exception
	at org.apache.ratis.thirdparty.io.grpc.stub.ClientCalls.toStatusRuntimeException(ClientCalls.java:233)
	at org.apache.ratis.thirdparty.io.grpc.stub.ClientCalls.getUnchecked(ClientCalls.java:214)
	at org.apache.ratis.thirdparty.io.grpc.stub.ClientCalls.blockingUnaryCall(ClientCalls.java:139)
	at org.apache.ratis.proto.grpc.RaftServerProtocolServiceGrpc$RaftServerProtocolServiceBlockingStub.requestVote(RaftServerProtocolServiceGrpc.java:265)
	at org.apache.ratis.grpc.server.GrpcServerProtocolClient.requestVote(GrpcServerProtocolClient.java:90)
	at org.apache.ratis.grpc.server.GrpcService.requestVote(GrpcService.java:204)
	at org.apache.ratis.server.impl.LeaderElection.lambda$submitRequests$1(LeaderElection.java:238)
	at java.util.concurrent.FutureTask.run(FutureTask.java:266)
	at java.util.concurrent.Executors$RunnableAdapter.call(Executors.java:511)
	at java.util.concurrent.FutureTask.run(FutureTask.java:266)
	at java.util.concurrent.ThreadPoolExecutor.runWorker(ThreadPoolExecutor.java:1149)
	at java.util.concurrent.ThreadPoolExecutor$Worker.run(ThreadPoolExecutor.java:624)
	... 1 more
Caused by: org.apache.ratis.thirdparty.io.netty.channel.AbstractChannel$AnnotatedConnectException: Connection refused: /192.168.151.121:36521
	at sun.nio.ch.SocketChannelImpl.checkConnect(Native Method)
	at sun.nio.ch.SocketChannelImpl.finishConnect(SocketChannelImpl.java:717)
	at org.apache.ratis.thirdparty.io.netty.channel.socket.nio.NioSocketChannel.doFinishConnect(NioSocketChannel.java:327)
	at org.apache.ratis.thirdparty.io.netty.channel.nio.AbstractNioChannel$AbstractNioUnsafe.finishConnect(AbstractNioChannel.java:340)
	at org.apache.ratis.thirdparty.io.netty.channel.nio.NioEventLoop.processSelectedKey(NioEventLoop.java:632)
	at org.apache.ratis.thirdparty.io.netty.channel.nio.NioEventLoop.processSelectedKeysOptimized(NioEventLoop.java:579)
	at org.apache.ratis.thirdparty.io.netty.channel.nio.NioEventLoop.processSelectedKeys(NioEventLoop.java:496)
	at org.apache.ratis.thirdparty.io.netty.channel.nio.NioEventLoop.run(NioEventLoop.java:458)
	at org.apache.ratis.thirdparty.io.netty.util.concurrent.SingleThreadEventExecutor$5.run(SingleThreadEventExecutor.java:897)
	at org.apache.ratis.thirdparty.io.netty.util.concurrent.FastThreadLocalRunnable.run(FastThreadLocalRunnable.java:30)
	... 1 more
Caused by: java.net.ConnectException: Connection refused
	... 11 more
2019-09-24 02:24:25,905 [afd2474b-fc98-4bcf-8229-023d47ec65b0@group-6FB4E83B17BF:LeaderElection36] INFO  impl.LeaderElection (LogUtils.java:infoOrTrace(149)) -   Exception 1: {}
java.util.concurrent.ExecutionException: org.apache.ratis.thirdparty.io.grpc.StatusRuntimeException: UNAVAILABLE: io exception
	at java.util.concurrent.FutureTask.report(FutureTask.java:122)
	at java.util.concurrent.FutureTask.get(FutureTask.java:192)
	at org.apache.ratis.server.impl.LeaderElection.waitForResults(LeaderElection.java:263)
	at org.apache.ratis.server.impl.LeaderElection.askForVotes(LeaderElection.java:201)
	at org.apache.ratis.server.impl.LeaderElection.run(LeaderElection.java:133)
	at java.lang.Thread.run(Thread.java:748)
Caused by: org.apache.ratis.thirdparty.io.grpc.StatusRuntimeException: UNAVAILABLE: io exception
	at org.apache.ratis.thirdparty.io.grpc.stub.ClientCalls.toStatusRuntimeException(ClientCalls.java:233)
	at org.apache.ratis.thirdparty.io.grpc.stub.ClientCalls.getUnchecked(ClientCalls.java:214)
	at org.apache.ratis.thirdparty.io.grpc.stub.ClientCalls.blockingUnaryCall(ClientCalls.java:139)
	at org.apache.ratis.proto.grpc.RaftServerProtocolServiceGrpc$RaftServerProtocolServiceBlockingStub.requestVote(RaftServerProtocolServiceGrpc.java:265)
	at org.apache.ratis.grpc.server.GrpcServerProtocolClient.requestVote(GrpcServerProtocolClient.java:90)
	at org.apache.ratis.grpc.server.GrpcService.requestVote(GrpcService.java:204)
	at org.apache.ratis.server.impl.LeaderElection.lambda$submitRequests$1(LeaderElection.java:238)
	at java.util.concurrent.FutureTask.run(FutureTask.java:266)
	at java.util.concurrent.Executors$RunnableAdapter.call(Executors.java:511)
	at java.util.concurrent.FutureTask.run(FutureTask.java:266)
	at java.util.concurrent.ThreadPoolExecutor.runWorker(ThreadPoolExecutor.java:1149)
	at java.util.concurrent.ThreadPoolExecutor$Worker.run(ThreadPoolExecutor.java:624)
	... 1 more
Caused by: org.apache.ratis.thirdparty.io.netty.channel.AbstractChannel$AnnotatedConnectException: Connection refused: /192.168.151.121:40767
	at sun.nio.ch.SocketChannelImpl.checkConnect(Native Method)
	at sun.nio.ch.SocketChannelImpl.finishConnect(SocketChannelImpl.java:717)
	at org.apache.ratis.thirdparty.io.netty.channel.socket.nio.NioSocketChannel.doFinishConnect(NioSocketChannel.java:327)
	at org.apache.ratis.thirdparty.io.netty.channel.nio.AbstractNioChannel$AbstractNioUnsafe.finishConnect(AbstractNioChannel.java:340)
	at org.apache.ratis.thirdparty.io.netty.channel.nio.NioEventLoop.processSelectedKey(NioEventLoop.java:632)
	at org.apache.ratis.thirdparty.io.netty.channel.nio.NioEventLoop.processSelectedKeysOptimized(NioEventLoop.java:579)
	at org.apache.ratis.thirdparty.io.netty.channel.nio.NioEventLoop.processSelectedKeys(NioEventLoop.java:496)
	at org.apache.ratis.thirdparty.io.netty.channel.nio.NioEventLoop.run(NioEventLoop.java:458)
	at org.apache.ratis.thirdparty.io.netty.util.concurrent.SingleThreadEventExecutor$5.run(SingleThreadEventExecutor.java:897)
	at org.apache.ratis.thirdparty.io.netty.util.concurrent.FastThreadLocalRunnable.run(FastThreadLocalRunnable.java:30)
	... 1 more
Caused by: java.net.ConnectException: Connection refused
	... 11 more
2019-09-24 02:24:25,905 [afd2474b-fc98-4bcf-8229-023d47ec65b0@group-6FB4E83B17BF:LeaderElection36] INFO  impl.RaftServerImpl (RaftServerImpl.java:setRole(174)) - afd2474b-fc98-4bcf-8229-023d47ec65b0@group-6FB4E83B17BF: changes role from CANDIDATE to FOLLOWER at term 11 for DISCOVERED_A_NEW_TERM
2019-09-24 02:24:25,905 [afd2474b-fc98-4bcf-8229-023d47ec65b0@group-6FB4E83B17BF:LeaderElection36] INFO  impl.RoleInfo (RoleInfo.java:shutdownLeaderElection(134)) - afd2474b-fc98-4bcf-8229-023d47ec65b0: shutdown LeaderElection
2019-09-24 02:24:25,906 [afd2474b-fc98-4bcf-8229-023d47ec65b0@group-6FB4E83B17BF:LeaderElection36] INFO  impl.RoleInfo (RoleInfo.java:updateAndGet(143)) - afd2474b-fc98-4bcf-8229-023d47ec65b0: start FollowerState
2019-09-24 02:24:26,313 [grpc-default-executor-7] WARN  server.GrpcLogAppender (LogUtils.java:warn(134)) - 6e6c6100-ad13-453b-9932-e9c645725862@group-D8F232C36E53->76c02951-0e42-41da-95d2-62b96a0dd9ff-AppendLogResponseHandler: Failed appendEntries: org.apache.ratis.thirdparty.io.grpc.StatusRuntimeException: UNAVAILABLE: io exception
2019-09-24 02:24:26,315 [grpc-default-executor-7] INFO  impl.FollowerInfo (FollowerInfo.java:lambda$new$0(51)) - 6e6c6100-ad13-453b-9932-e9c645725862@group-D8F232C36E53->76c02951-0e42-41da-95d2-62b96a0dd9ff: nextIndex: updateUnconditionally 0 -> 0
2019-09-24 02:24:26,332 [grpc-default-executor-0] WARN  server.GrpcLogAppender (LogUtils.java:warn(134)) - 6e6c6100-ad13-453b-9932-e9c645725862@group-D8F232C36E53->6adb7553-cea6-43f8-9b13-e82d721d47e7-AppendLogResponseHandler: Failed appendEntries: org.apache.ratis.thirdparty.io.grpc.StatusRuntimeException: UNAVAILABLE: io exception
2019-09-24 02:24:26,332 [grpc-default-executor-0] INFO  impl.FollowerInfo (FollowerInfo.java:lambda$new$0(51)) - 6e6c6100-ad13-453b-9932-e9c645725862@group-D8F232C36E53->6adb7553-cea6-43f8-9b13-e82d721d47e7: nextIndex: updateUnconditionally 0 -> 0
2019-09-24 02:24:26,813 [grpc-default-executor-1] WARN  server.GrpcLogAppender (LogUtils.java:warn(134)) - 6e6c6100-ad13-453b-9932-e9c645725862@group-D8F232C36E53->76c02951-0e42-41da-95d2-62b96a0dd9ff-AppendLogResponseHandler: Failed appendEntries: org.apache.ratis.thirdparty.io.grpc.StatusRuntimeException: UNAVAILABLE: io exception
2019-09-24 02:24:26,813 [grpc-default-executor-1] INFO  impl.FollowerInfo (FollowerInfo.java:lambda$new$0(51)) - 6e6c6100-ad13-453b-9932-e9c645725862@group-D8F232C36E53->76c02951-0e42-41da-95d2-62b96a0dd9ff: nextIndex: updateUnconditionally 0 -> 0
2019-09-24 02:24:26,833 [grpc-default-executor-7] WARN  server.GrpcLogAppender (LogUtils.java:warn(134)) - 6e6c6100-ad13-453b-9932-e9c645725862@group-D8F232C36E53->6adb7553-cea6-43f8-9b13-e82d721d47e7-AppendLogResponseHandler: Failed appendEntries: org.apache.ratis.thirdparty.io.grpc.StatusRuntimeException: UNAVAILABLE: io exception
2019-09-24 02:24:26,833 [grpc-default-executor-7] INFO  impl.FollowerInfo (FollowerInfo.java:lambda$new$0(51)) - 6e6c6100-ad13-453b-9932-e9c645725862@group-D8F232C36E53->6adb7553-cea6-43f8-9b13-e82d721d47e7: nextIndex: updateUnconditionally 0 -> 0
2019-09-24 02:24:27,034 [Thread-1960] INFO  impl.FollowerState (FollowerState.java:run(106)) - afd2474b-fc98-4bcf-8229-023d47ec65b0:group-6FB4E83B17BF changes to CANDIDATE, lastRpcTime:1128, electionTimeout:1128ms
2019-09-24 02:24:27,035 [Thread-1960] INFO  impl.RoleInfo (RoleInfo.java:shutdownFollowerState(121)) - afd2474b-fc98-4bcf-8229-023d47ec65b0: shutdown FollowerState
2019-09-24 02:24:27,035 [Thread-1960] INFO  impl.RaftServerImpl (RaftServerImpl.java:setRole(174)) - afd2474b-fc98-4bcf-8229-023d47ec65b0@group-6FB4E83B17BF: changes role from  FOLLOWER to CANDIDATE at term 11 for changeToCandidate
2019-09-24 02:24:27,035 [Thread-1960] INFO  impl.RoleInfo (RoleInfo.java:updateAndGet(143)) - afd2474b-fc98-4bcf-8229-023d47ec65b0: start LeaderElection
2019-09-24 02:24:27,054 [afd2474b-fc98-4bcf-8229-023d47ec65b0@group-6FB4E83B17BF:LeaderElection37] INFO  impl.LeaderElection (LeaderElection.java:askForVotes(182)) - afd2474b-fc98-4bcf-8229-023d47ec65b0@group-6FB4E83B17BF:LeaderElection37: begin an election at term 12 for 3: [afd2474b-fc98-4bcf-8229-023d47ec65b0:192.168.151.121:41375, 54979dbf-d71a-4b3b-9687-e35aa22ddfbe:192.168.151.121:40767, 8a99bbfb-49a9-45e9-85c7-917445244762:192.168.151.121:36521], old=null
2019-09-24 02:24:27,055 [afd2474b-fc98-4bcf-8229-023d47ec65b0@group-6FB4E83B17BF:LeaderElection37] INFO  impl.LeaderElection (LogUtils.java:infoOrTrace(149)) - afd2474b-fc98-4bcf-8229-023d47ec65b0@group-6FB4E83B17BF:LeaderElection37 got exception when requesting votes: {}
java.util.concurrent.ExecutionException: org.apache.ratis.thirdparty.io.grpc.StatusRuntimeException: UNAVAILABLE: io exception
	at java.util.concurrent.FutureTask.report(FutureTask.java:122)
	at java.util.concurrent.FutureTask.get(FutureTask.java:192)
	at org.apache.ratis.server.impl.LeaderElection.waitForResults(LeaderElection.java:263)
	at org.apache.ratis.server.impl.LeaderElection.askForVotes(LeaderElection.java:201)
	at org.apache.ratis.server.impl.LeaderElection.run(LeaderElection.java:133)
	at java.lang.Thread.run(Thread.java:748)
Caused by: org.apache.ratis.thirdparty.io.grpc.StatusRuntimeException: UNAVAILABLE: io exception
	at org.apache.ratis.thirdparty.io.grpc.stub.ClientCalls.toStatusRuntimeException(ClientCalls.java:233)
	at org.apache.ratis.thirdparty.io.grpc.stub.ClientCalls.getUnchecked(ClientCalls.java:214)
	at org.apache.ratis.thirdparty.io.grpc.stub.ClientCalls.blockingUnaryCall(ClientCalls.java:139)
	at org.apache.ratis.proto.grpc.RaftServerProtocolServiceGrpc$RaftServerProtocolServiceBlockingStub.requestVote(RaftServerProtocolServiceGrpc.java:265)
	at org.apache.ratis.grpc.server.GrpcServerProtocolClient.requestVote(GrpcServerProtocolClient.java:90)
	at org.apache.ratis.grpc.server.GrpcService.requestVote(GrpcService.java:204)
	at org.apache.ratis.server.impl.LeaderElection.lambda$submitRequests$1(LeaderElection.java:238)
	at java.util.concurrent.FutureTask.run(FutureTask.java:266)
	at java.util.concurrent.Executors$RunnableAdapter.call(Executors.java:511)
	at java.util.concurrent.FutureTask.run(FutureTask.java:266)
	at java.util.concurrent.ThreadPoolExecutor.runWorker(ThreadPoolExecutor.java:1149)
	at java.util.concurrent.ThreadPoolExecutor$Worker.run(ThreadPoolExecutor.java:624)
	... 1 more
Caused by: org.apache.ratis.thirdparty.io.netty.channel.AbstractChannel$AnnotatedConnectException: Connection refused: /192.168.151.121:40767
	at sun.nio.ch.SocketChannelImpl.checkConnect(Native Method)
	at sun.nio.ch.SocketChannelImpl.finishConnect(SocketChannelImpl.java:717)
	at org.apache.ratis.thirdparty.io.netty.channel.socket.nio.NioSocketChannel.doFinishConnect(NioSocketChannel.java:327)
	at org.apache.ratis.thirdparty.io.netty.channel.nio.AbstractNioChannel$AbstractNioUnsafe.finishConnect(AbstractNioChannel.java:340)
	at org.apache.ratis.thirdparty.io.netty.channel.nio.NioEventLoop.processSelectedKey(NioEventLoop.java:632)
	at org.apache.ratis.thirdparty.io.netty.channel.nio.NioEventLoop.processSelectedKeysOptimized(NioEventLoop.java:579)
	at org.apache.ratis.thirdparty.io.netty.channel.nio.NioEventLoop.processSelectedKeys(NioEventLoop.java:496)
	at org.apache.ratis.thirdparty.io.netty.channel.nio.NioEventLoop.run(NioEventLoop.java:458)
	at org.apache.ratis.thirdparty.io.netty.util.concurrent.SingleThreadEventExecutor$5.run(SingleThreadEventExecutor.java:897)
	at org.apache.ratis.thirdparty.io.netty.util.concurrent.FastThreadLocalRunnable.run(FastThreadLocalRunnable.java:30)
	... 1 more
Caused by: java.net.ConnectException: Connection refused
	... 11 more
2019-09-24 02:24:27,056 [afd2474b-fc98-4bcf-8229-023d47ec65b0@group-6FB4E83B17BF:LeaderElection37] INFO  impl.LeaderElection (LogUtils.java:infoOrTrace(149)) - afd2474b-fc98-4bcf-8229-023d47ec65b0@group-6FB4E83B17BF:LeaderElection37 got exception when requesting votes: {}
java.util.concurrent.ExecutionException: org.apache.ratis.thirdparty.io.grpc.StatusRuntimeException: UNAVAILABLE: io exception
	at java.util.concurrent.FutureTask.report(FutureTask.java:122)
	at java.util.concurrent.FutureTask.get(FutureTask.java:192)
	at org.apache.ratis.server.impl.LeaderElection.waitForResults(LeaderElection.java:263)
	at org.apache.ratis.server.impl.LeaderElection.askForVotes(LeaderElection.java:201)
	at org.apache.ratis.server.impl.LeaderElection.run(LeaderElection.java:133)
	at java.lang.Thread.run(Thread.java:748)
Caused by: org.apache.ratis.thirdparty.io.grpc.StatusRuntimeException: UNAVAILABLE: io exception
	at org.apache.ratis.thirdparty.io.grpc.stub.ClientCalls.toStatusRuntimeException(ClientCalls.java:233)
	at org.apache.ratis.thirdparty.io.grpc.stub.ClientCalls.getUnchecked(ClientCalls.java:214)
	at org.apache.ratis.thirdparty.io.grpc.stub.ClientCalls.blockingUnaryCall(ClientCalls.java:139)
	at org.apache.ratis.proto.grpc.RaftServerProtocolServiceGrpc$RaftServerProtocolServiceBlockingStub.requestVote(RaftServerProtocolServiceGrpc.java:265)
	at org.apache.ratis.grpc.server.GrpcServerProtocolClient.requestVote(GrpcServerProtocolClient.java:90)
	at org.apache.ratis.grpc.server.GrpcService.requestVote(GrpcService.java:204)
	at org.apache.ratis.server.impl.LeaderElection.lambda$submitRequests$1(LeaderElection.java:238)
	at java.util.concurrent.FutureTask.run(FutureTask.java:266)
	at java.util.concurrent.Executors$RunnableAdapter.call(Executors.java:511)
	at java.util.concurrent.FutureTask.run(FutureTask.java:266)
	at java.util.concurrent.ThreadPoolExecutor.runWorker(ThreadPoolExecutor.java:1149)
	at java.util.concurrent.ThreadPoolExecutor$Worker.run(ThreadPoolExecutor.java:624)
	... 1 more
Caused by: org.apache.ratis.thirdparty.io.netty.channel.AbstractChannel$AnnotatedConnectException: Connection refused: /192.168.151.121:36521
	at sun.nio.ch.SocketChannelImpl.checkConnect(Native Method)
	at sun.nio.ch.SocketChannelImpl.finishConnect(SocketChannelImpl.java:717)
	at org.apache.ratis.thirdparty.io.netty.channel.socket.nio.NioSocketChannel.doFinishConnect(NioSocketChannel.java:327)
	at org.apache.ratis.thirdparty.io.netty.channel.nio.AbstractNioChannel$AbstractNioUnsafe.finishConnect(AbstractNioChannel.java:340)
	at org.apache.ratis.thirdparty.io.netty.channel.nio.NioEventLoop.processSelectedKey(NioEventLoop.java:632)
	at org.apache.ratis.thirdparty.io.netty.channel.nio.NioEventLoop.processSelectedKeysOptimized(NioEventLoop.java:579)
	at org.apache.ratis.thirdparty.io.netty.channel.nio.NioEventLoop.processSelectedKeys(NioEventLoop.java:496)
	at org.apache.ratis.thirdparty.io.netty.channel.nio.NioEventLoop.run(NioEventLoop.java:458)
	at org.apache.ratis.thirdparty.io.netty.util.concurrent.SingleThreadEventExecutor$5.run(SingleThreadEventExecutor.java:897)
	at org.apache.ratis.thirdparty.io.netty.util.concurrent.FastThreadLocalRunnable.run(FastThreadLocalRunnable.java:30)
	... 1 more
Caused by: java.net.ConnectException: Connection refused
	... 11 more
2019-09-24 02:24:27,058 [afd2474b-fc98-4bcf-8229-023d47ec65b0@group-6FB4E83B17BF:LeaderElection37] INFO  impl.LeaderElection (LeaderElection.java:logAndReturn(56)) - afd2474b-fc98-4bcf-8229-023d47ec65b0@group-6FB4E83B17BF:LeaderElection37: Election REJECTED; received 0 response(s) [] and 2 exception(s); afd2474b-fc98-4bcf-8229-023d47ec65b0@group-6FB4E83B17BF:t12, leader=null, voted=afd2474b-fc98-4bcf-8229-023d47ec65b0, raftlog=afd2474b-fc98-4bcf-8229-023d47ec65b0@group-6FB4E83B17BF-SegmentedRaftLog:OPENED:c4,f4,i4, conf=3: [afd2474b-fc98-4bcf-8229-023d47ec65b0:192.168.151.121:41375, 54979dbf-d71a-4b3b-9687-e35aa22ddfbe:192.168.151.121:40767, 8a99bbfb-49a9-45e9-85c7-917445244762:192.168.151.121:36521], old=null
2019-09-24 02:24:27,058 [afd2474b-fc98-4bcf-8229-023d47ec65b0@group-6FB4E83B17BF:LeaderElection37] INFO  impl.LeaderElection (LogUtils.java:infoOrTrace(149)) -   Exception 0: {}
java.util.concurrent.ExecutionException: org.apache.ratis.thirdparty.io.grpc.StatusRuntimeException: UNAVAILABLE: io exception
	at java.util.concurrent.FutureTask.report(FutureTask.java:122)
	at java.util.concurrent.FutureTask.get(FutureTask.java:192)
	at org.apache.ratis.server.impl.LeaderElection.waitForResults(LeaderElection.java:263)
	at org.apache.ratis.server.impl.LeaderElection.askForVotes(LeaderElection.java:201)
	at org.apache.ratis.server.impl.LeaderElection.run(LeaderElection.java:133)
	at java.lang.Thread.run(Thread.java:748)
Caused by: org.apache.ratis.thirdparty.io.grpc.StatusRuntimeException: UNAVAILABLE: io exception
	at org.apache.ratis.thirdparty.io.grpc.stub.ClientCalls.toStatusRuntimeException(ClientCalls.java:233)
	at org.apache.ratis.thirdparty.io.grpc.stub.ClientCalls.getUnchecked(ClientCalls.java:214)
	at org.apache.ratis.thirdparty.io.grpc.stub.ClientCalls.blockingUnaryCall(ClientCalls.java:139)
	at org.apache.ratis.proto.grpc.RaftServerProtocolServiceGrpc$RaftServerProtocolServiceBlockingStub.requestVote(RaftServerProtocolServiceGrpc.java:265)
	at org.apache.ratis.grpc.server.GrpcServerProtocolClient.requestVote(GrpcServerProtocolClient.java:90)
	at org.apache.ratis.grpc.server.GrpcService.requestVote(GrpcService.java:204)
	at org.apache.ratis.server.impl.LeaderElection.lambda$submitRequests$1(LeaderElection.java:238)
	at java.util.concurrent.FutureTask.run(FutureTask.java:266)
	at java.util.concurrent.Executors$RunnableAdapter.call(Executors.java:511)
	at java.util.concurrent.FutureTask.run(FutureTask.java:266)
	at java.util.concurrent.ThreadPoolExecutor.runWorker(ThreadPoolExecutor.java:1149)
	at java.util.concurrent.ThreadPoolExecutor$Worker.run(ThreadPoolExecutor.java:624)
	... 1 more
Caused by: org.apache.ratis.thirdparty.io.netty.channel.AbstractChannel$AnnotatedConnectException: Connection refused: /192.168.151.121:40767
	at sun.nio.ch.SocketChannelImpl.checkConnect(Native Method)
	at sun.nio.ch.SocketChannelImpl.finishConnect(SocketChannelImpl.java:717)
	at org.apache.ratis.thirdparty.io.netty.channel.socket.nio.NioSocketChannel.doFinishConnect(NioSocketChannel.java:327)
	at org.apache.ratis.thirdparty.io.netty.channel.nio.AbstractNioChannel$AbstractNioUnsafe.finishConnect(AbstractNioChannel.java:340)
	at org.apache.ratis.thirdparty.io.netty.channel.nio.NioEventLoop.processSelectedKey(NioEventLoop.java:632)
	at org.apache.ratis.thirdparty.io.netty.channel.nio.NioEventLoop.processSelectedKeysOptimized(NioEventLoop.java:579)
	at org.apache.ratis.thirdparty.io.netty.channel.nio.NioEventLoop.processSelectedKeys(NioEventLoop.java:496)
	at org.apache.ratis.thirdparty.io.netty.channel.nio.NioEventLoop.run(NioEventLoop.java:458)
	at org.apache.ratis.thirdparty.io.netty.util.concurrent.SingleThreadEventExecutor$5.run(SingleThreadEventExecutor.java:897)
	at org.apache.ratis.thirdparty.io.netty.util.concurrent.FastThreadLocalRunnable.run(FastThreadLocalRunnable.java:30)
	... 1 more
Caused by: java.net.ConnectException: Connection refused
	... 11 more
2019-09-24 02:24:27,058 [afd2474b-fc98-4bcf-8229-023d47ec65b0@group-6FB4E83B17BF:LeaderElection37] INFO  impl.LeaderElection (LogUtils.java:infoOrTrace(149)) -   Exception 1: {}
java.util.concurrent.ExecutionException: org.apache.ratis.thirdparty.io.grpc.StatusRuntimeException: UNAVAILABLE: io exception
	at java.util.concurrent.FutureTask.report(FutureTask.java:122)
	at java.util.concurrent.FutureTask.get(FutureTask.java:192)
	at org.apache.ratis.server.impl.LeaderElection.waitForResults(LeaderElection.java:263)
	at org.apache.ratis.server.impl.LeaderElection.askForVotes(LeaderElection.java:201)
	at org.apache.ratis.server.impl.LeaderElection.run(LeaderElection.java:133)
	at java.lang.Thread.run(Thread.java:748)
Caused by: org.apache.ratis.thirdparty.io.grpc.StatusRuntimeException: UNAVAILABLE: io exception
	at org.apache.ratis.thirdparty.io.grpc.stub.ClientCalls.toStatusRuntimeException(ClientCalls.java:233)
	at org.apache.ratis.thirdparty.io.grpc.stub.ClientCalls.getUnchecked(ClientCalls.java:214)
	at org.apache.ratis.thirdparty.io.grpc.stub.ClientCalls.blockingUnaryCall(ClientCalls.java:139)
	at org.apache.ratis.proto.grpc.RaftServerProtocolServiceGrpc$RaftServerProtocolServiceBlockingStub.requestVote(RaftServerProtocolServiceGrpc.java:265)
	at org.apache.ratis.grpc.server.GrpcServerProtocolClient.requestVote(GrpcServerProtocolClient.java:90)
	at org.apache.ratis.grpc.server.GrpcService.requestVote(GrpcService.java:204)
	at org.apache.ratis.server.impl.LeaderElection.lambda$submitRequests$1(LeaderElection.java:238)
	at java.util.concurrent.FutureTask.run(FutureTask.java:266)
	at java.util.concurrent.Executors$RunnableAdapter.call(Executors.java:511)
	at java.util.concurrent.FutureTask.run(FutureTask.java:266)
	at java.util.concurrent.ThreadPoolExecutor.runWorker(ThreadPoolExecutor.java:1149)
	at java.util.concurrent.ThreadPoolExecutor$Worker.run(ThreadPoolExecutor.java:624)
	... 1 more
Caused by: org.apache.ratis.thirdparty.io.netty.channel.AbstractChannel$AnnotatedConnectException: Connection refused: /192.168.151.121:36521
	at sun.nio.ch.SocketChannelImpl.checkConnect(Native Method)
	at sun.nio.ch.SocketChannelImpl.finishConnect(SocketChannelImpl.java:717)
	at org.apache.ratis.thirdparty.io.netty.channel.socket.nio.NioSocketChannel.doFinishConnect(NioSocketChannel.java:327)
	at org.apache.ratis.thirdparty.io.netty.channel.nio.AbstractNioChannel$AbstractNioUnsafe.finishConnect(AbstractNioChannel.java:340)
	at org.apache.ratis.thirdparty.io.netty.channel.nio.NioEventLoop.processSelectedKey(NioEventLoop.java:632)
	at org.apache.ratis.thirdparty.io.netty.channel.nio.NioEventLoop.processSelectedKeysOptimized(NioEventLoop.java:579)
	at org.apache.ratis.thirdparty.io.netty.channel.nio.NioEventLoop.processSelectedKeys(NioEventLoop.java:496)
	at org.apache.ratis.thirdparty.io.netty.channel.nio.NioEventLoop.run(NioEventLoop.java:458)
	at org.apache.ratis.thirdparty.io.netty.util.concurrent.SingleThreadEventExecutor$5.run(SingleThreadEventExecutor.java:897)
	at org.apache.ratis.thirdparty.io.netty.util.concurrent.FastThreadLocalRunnable.run(FastThreadLocalRunnable.java:30)
	... 1 more
Caused by: java.net.ConnectException: Connection refused
	... 11 more
2019-09-24 02:24:27,059 [afd2474b-fc98-4bcf-8229-023d47ec65b0@group-6FB4E83B17BF:LeaderElection37] INFO  impl.RaftServerImpl (RaftServerImpl.java:setRole(174)) - afd2474b-fc98-4bcf-8229-023d47ec65b0@group-6FB4E83B17BF: changes role from CANDIDATE to FOLLOWER at term 12 for DISCOVERED_A_NEW_TERM
2019-09-24 02:24:27,059 [afd2474b-fc98-4bcf-8229-023d47ec65b0@group-6FB4E83B17BF:LeaderElection37] INFO  impl.RoleInfo (RoleInfo.java:shutdownLeaderElection(134)) - afd2474b-fc98-4bcf-8229-023d47ec65b0: shutdown LeaderElection
2019-09-24 02:24:27,059 [afd2474b-fc98-4bcf-8229-023d47ec65b0@group-6FB4E83B17BF:LeaderElection37] INFO  impl.RoleInfo (RoleInfo.java:updateAndGet(143)) - afd2474b-fc98-4bcf-8229-023d47ec65b0: start FollowerState
2019-09-24 02:24:27,315 [grpc-default-executor-0] WARN  server.GrpcLogAppender (LogUtils.java:warn(134)) - 6e6c6100-ad13-453b-9932-e9c645725862@group-D8F232C36E53->76c02951-0e42-41da-95d2-62b96a0dd9ff-AppendLogResponseHandler: Failed appendEntries: org.apache.ratis.thirdparty.io.grpc.StatusRuntimeException: UNAVAILABLE: io exception
2019-09-24 02:24:27,317 [grpc-default-executor-0] INFO  impl.FollowerInfo (FollowerInfo.java:lambda$new$0(51)) - 6e6c6100-ad13-453b-9932-e9c645725862@group-D8F232C36E53->76c02951-0e42-41da-95d2-62b96a0dd9ff: nextIndex: updateUnconditionally 0 -> 0
2019-09-24 02:24:27,333 [grpc-default-executor-1] WARN  server.GrpcLogAppender (LogUtils.java:warn(134)) - 6e6c6100-ad13-453b-9932-e9c645725862@group-D8F232C36E53->6adb7553-cea6-43f8-9b13-e82d721d47e7-AppendLogResponseHandler: Failed appendEntries: org.apache.ratis.thirdparty.io.grpc.StatusRuntimeException: UNAVAILABLE: io exception
2019-09-24 02:24:27,334 [grpc-default-executor-1] INFO  impl.FollowerInfo (FollowerInfo.java:lambda$new$0(51)) - 6e6c6100-ad13-453b-9932-e9c645725862@group-D8F232C36E53->6adb7553-cea6-43f8-9b13-e82d721d47e7: nextIndex: updateUnconditionally 0 -> 0
2019-09-24 02:24:27,815 [grpc-default-executor-7] WARN  server.GrpcLogAppender (LogUtils.java:warn(134)) - 6e6c6100-ad13-453b-9932-e9c645725862@group-D8F232C36E53->76c02951-0e42-41da-95d2-62b96a0dd9ff-AppendLogResponseHandler: Failed appendEntries: org.apache.ratis.thirdparty.io.grpc.StatusRuntimeException: UNAVAILABLE: io exception
2019-09-24 02:24:27,816 [grpc-default-executor-7] INFO  impl.FollowerInfo (FollowerInfo.java:lambda$new$0(51)) - 6e6c6100-ad13-453b-9932-e9c645725862@group-D8F232C36E53->76c02951-0e42-41da-95d2-62b96a0dd9ff: nextIndex: updateUnconditionally 0 -> 0
2019-09-24 02:24:27,834 [grpc-default-executor-0] WARN  server.GrpcLogAppender (LogUtils.java:warn(134)) - 6e6c6100-ad13-453b-9932-e9c645725862@group-D8F232C36E53->6adb7553-cea6-43f8-9b13-e82d721d47e7-AppendLogResponseHandler: Failed appendEntries: org.apache.ratis.thirdparty.io.grpc.StatusRuntimeException: UNAVAILABLE: io exception
2019-09-24 02:24:27,834 [grpc-default-executor-0] INFO  impl.FollowerInfo (FollowerInfo.java:lambda$new$0(51)) - 6e6c6100-ad13-453b-9932-e9c645725862@group-D8F232C36E53->6adb7553-cea6-43f8-9b13-e82d721d47e7: nextIndex: updateUnconditionally 0 -> 0
2019-09-24 02:24:28,113 [Thread-1964] INFO  impl.FollowerState (FollowerState.java:run(106)) - afd2474b-fc98-4bcf-8229-023d47ec65b0:group-6FB4E83B17BF changes to CANDIDATE, lastRpcTime:1053, electionTimeout:1053ms
2019-09-24 02:24:28,113 [Thread-1964] INFO  impl.RoleInfo (RoleInfo.java:shutdownFollowerState(121)) - afd2474b-fc98-4bcf-8229-023d47ec65b0: shutdown FollowerState
2019-09-24 02:24:28,113 [Thread-1964] INFO  impl.RaftServerImpl (RaftServerImpl.java:setRole(174)) - afd2474b-fc98-4bcf-8229-023d47ec65b0@group-6FB4E83B17BF: changes role from  FOLLOWER to CANDIDATE at term 12 for changeToCandidate
2019-09-24 02:24:28,113 [Thread-1964] INFO  impl.RoleInfo (RoleInfo.java:updateAndGet(143)) - afd2474b-fc98-4bcf-8229-023d47ec65b0: start LeaderElection
2019-09-24 02:24:28,129 [afd2474b-fc98-4bcf-8229-023d47ec65b0@group-6FB4E83B17BF:LeaderElection38] INFO  impl.LeaderElection (LeaderElection.java:askForVotes(182)) - afd2474b-fc98-4bcf-8229-023d47ec65b0@group-6FB4E83B17BF:LeaderElection38: begin an election at term 13 for 3: [afd2474b-fc98-4bcf-8229-023d47ec65b0:192.168.151.121:41375, 54979dbf-d71a-4b3b-9687-e35aa22ddfbe:192.168.151.121:40767, 8a99bbfb-49a9-45e9-85c7-917445244762:192.168.151.121:36521], old=null
2019-09-24 02:24:28,130 [afd2474b-fc98-4bcf-8229-023d47ec65b0@group-6FB4E83B17BF:LeaderElection38] INFO  impl.LeaderElection (LogUtils.java:infoOrTrace(149)) - afd2474b-fc98-4bcf-8229-023d47ec65b0@group-6FB4E83B17BF:LeaderElection38 got exception when requesting votes: {}
java.util.concurrent.ExecutionException: org.apache.ratis.thirdparty.io.grpc.StatusRuntimeException: UNAVAILABLE: io exception
	at java.util.concurrent.FutureTask.report(FutureTask.java:122)
	at java.util.concurrent.FutureTask.get(FutureTask.java:192)
	at org.apache.ratis.server.impl.LeaderElection.waitForResults(LeaderElection.java:263)
	at org.apache.ratis.server.impl.LeaderElection.askForVotes(LeaderElection.java:201)
	at org.apache.ratis.server.impl.LeaderElection.run(LeaderElection.java:133)
	at java.lang.Thread.run(Thread.java:748)
Caused by: org.apache.ratis.thirdparty.io.grpc.StatusRuntimeException: UNAVAILABLE: io exception
	at org.apache.ratis.thirdparty.io.grpc.stub.ClientCalls.toStatusRuntimeException(ClientCalls.java:233)
	at org.apache.ratis.thirdparty.io.grpc.stub.ClientCalls.getUnchecked(ClientCalls.java:214)
	at org.apache.ratis.thirdparty.io.grpc.stub.ClientCalls.blockingUnaryCall(ClientCalls.java:139)
	at org.apache.ratis.proto.grpc.RaftServerProtocolServiceGrpc$RaftServerProtocolServiceBlockingStub.requestVote(RaftServerProtocolServiceGrpc.java:265)
	at org.apache.ratis.grpc.server.GrpcServerProtocolClient.requestVote(GrpcServerProtocolClient.java:90)
	at org.apache.ratis.grpc.server.GrpcService.requestVote(GrpcService.java:204)
	at org.apache.ratis.server.impl.LeaderElection.lambda$submitRequests$1(LeaderElection.java:238)
	at java.util.concurrent.FutureTask.run(FutureTask.java:266)
	at java.util.concurrent.Executors$RunnableAdapter.call(Executors.java:511)
	at java.util.concurrent.FutureTask.run(FutureTask.java:266)
	at java.util.concurrent.ThreadPoolExecutor.runWorker(ThreadPoolExecutor.java:1149)
	at java.util.concurrent.ThreadPoolExecutor$Worker.run(ThreadPoolExecutor.java:624)
	... 1 more
Caused by: org.apache.ratis.thirdparty.io.netty.channel.AbstractChannel$AnnotatedConnectException: Connection refused: /192.168.151.121:40767
	at sun.nio.ch.SocketChannelImpl.checkConnect(Native Method)
	at sun.nio.ch.SocketChannelImpl.finishConnect(SocketChannelImpl.java:717)
	at org.apache.ratis.thirdparty.io.netty.channel.socket.nio.NioSocketChannel.doFinishConnect(NioSocketChannel.java:327)
	at org.apache.ratis.thirdparty.io.netty.channel.nio.AbstractNioChannel$AbstractNioUnsafe.finishConnect(AbstractNioChannel.java:340)
	at org.apache.ratis.thirdparty.io.netty.channel.nio.NioEventLoop.processSelectedKey(NioEventLoop.java:632)
	at org.apache.ratis.thirdparty.io.netty.channel.nio.NioEventLoop.processSelectedKeysOptimized(NioEventLoop.java:579)
	at org.apache.ratis.thirdparty.io.netty.channel.nio.NioEventLoop.processSelectedKeys(NioEventLoop.java:496)
	at org.apache.ratis.thirdparty.io.netty.channel.nio.NioEventLoop.run(NioEventLoop.java:458)
	at org.apache.ratis.thirdparty.io.netty.util.concurrent.SingleThreadEventExecutor$5.run(SingleThreadEventExecutor.java:897)
	at org.apache.ratis.thirdparty.io.netty.util.concurrent.FastThreadLocalRunnable.run(FastThreadLocalRunnable.java:30)
	... 1 more
Caused by: java.net.ConnectException: Connection refused
	... 11 more
2019-09-24 02:24:28,134 [afd2474b-fc98-4bcf-8229-023d47ec65b0@group-6FB4E83B17BF:LeaderElection38] INFO  impl.LeaderElection (LogUtils.java:infoOrTrace(149)) - afd2474b-fc98-4bcf-8229-023d47ec65b0@group-6FB4E83B17BF:LeaderElection38 got exception when requesting votes: {}
java.util.concurrent.ExecutionException: org.apache.ratis.thirdparty.io.grpc.StatusRuntimeException: UNAVAILABLE: io exception
	at java.util.concurrent.FutureTask.report(FutureTask.java:122)
	at java.util.concurrent.FutureTask.get(FutureTask.java:192)
	at org.apache.ratis.server.impl.LeaderElection.waitForResults(LeaderElection.java:263)
	at org.apache.ratis.server.impl.LeaderElection.askForVotes(LeaderElection.java:201)
	at org.apache.ratis.server.impl.LeaderElection.run(LeaderElection.java:133)
	at java.lang.Thread.run(Thread.java:748)
Caused by: org.apache.ratis.thirdparty.io.grpc.StatusRuntimeException: UNAVAILABLE: io exception
	at org.apache.ratis.thirdparty.io.grpc.stub.ClientCalls.toStatusRuntimeException(ClientCalls.java:233)
	at org.apache.ratis.thirdparty.io.grpc.stub.ClientCalls.getUnchecked(ClientCalls.java:214)
	at org.apache.ratis.thirdparty.io.grpc.stub.ClientCalls.blockingUnaryCall(ClientCalls.java:139)
	at org.apache.ratis.proto.grpc.RaftServerProtocolServiceGrpc$RaftServerProtocolServiceBlockingStub.requestVote(RaftServerProtocolServiceGrpc.java:265)
	at org.apache.ratis.grpc.server.GrpcServerProtocolClient.requestVote(GrpcServerProtocolClient.java:90)
	at org.apache.ratis.grpc.server.GrpcService.requestVote(GrpcService.java:204)
	at org.apache.ratis.server.impl.LeaderElection.lambda$submitRequests$1(LeaderElection.java:238)
	at java.util.concurrent.FutureTask.run(FutureTask.java:266)
	at java.util.concurrent.Executors$RunnableAdapter.call(Executors.java:511)
	at java.util.concurrent.FutureTask.run(FutureTask.java:266)
	at java.util.concurrent.ThreadPoolExecutor.runWorker(ThreadPoolExecutor.java:1149)
	at java.util.concurrent.ThreadPoolExecutor$Worker.run(ThreadPoolExecutor.java:624)
	... 1 more
Caused by: org.apache.ratis.thirdparty.io.netty.channel.AbstractChannel$AnnotatedConnectException: Connection refused: /192.168.151.121:36521
	at sun.nio.ch.SocketChannelImpl.checkConnect(Native Method)
	at sun.nio.ch.SocketChannelImpl.finishConnect(SocketChannelImpl.java:717)
	at org.apache.ratis.thirdparty.io.netty.channel.socket.nio.NioSocketChannel.doFinishConnect(NioSocketChannel.java:327)
	at org.apache.ratis.thirdparty.io.netty.channel.nio.AbstractNioChannel$AbstractNioUnsafe.finishConnect(AbstractNioChannel.java:340)
	at org.apache.ratis.thirdparty.io.netty.channel.nio.NioEventLoop.processSelectedKey(NioEventLoop.java:632)
	at org.apache.ratis.thirdparty.io.netty.channel.nio.NioEventLoop.processSelectedKeysOptimized(NioEventLoop.java:579)
	at org.apache.ratis.thirdparty.io.netty.channel.nio.NioEventLoop.processSelectedKeys(NioEventLoop.java:496)
	at org.apache.ratis.thirdparty.io.netty.channel.nio.NioEventLoop.run(NioEventLoop.java:458)
	at org.apache.ratis.thirdparty.io.netty.util.concurrent.SingleThreadEventExecutor$5.run(SingleThreadEventExecutor.java:897)
	at org.apache.ratis.thirdparty.io.netty.util.concurrent.FastThreadLocalRunnable.run(FastThreadLocalRunnable.java:30)
	... 1 more
Caused by: java.net.ConnectException: Connection refused
	... 11 more
2019-09-24 02:24:28,135 [afd2474b-fc98-4bcf-8229-023d47ec65b0@group-6FB4E83B17BF:LeaderElection38] INFO  impl.LeaderElection (LeaderElection.java:logAndReturn(56)) - afd2474b-fc98-4bcf-8229-023d47ec65b0@group-6FB4E83B17BF:LeaderElection38: Election REJECTED; received 0 response(s) [] and 2 exception(s); afd2474b-fc98-4bcf-8229-023d47ec65b0@group-6FB4E83B17BF:t13, leader=null, voted=afd2474b-fc98-4bcf-8229-023d47ec65b0, raftlog=afd2474b-fc98-4bcf-8229-023d47ec65b0@group-6FB4E83B17BF-SegmentedRaftLog:OPENED:c4,f4,i4, conf=3: [afd2474b-fc98-4bcf-8229-023d47ec65b0:192.168.151.121:41375, 54979dbf-d71a-4b3b-9687-e35aa22ddfbe:192.168.151.121:40767, 8a99bbfb-49a9-45e9-85c7-917445244762:192.168.151.121:36521], old=null
2019-09-24 02:24:28,135 [afd2474b-fc98-4bcf-8229-023d47ec65b0@group-6FB4E83B17BF:LeaderElection38] INFO  impl.LeaderElection (LogUtils.java:infoOrTrace(149)) -   Exception 0: {}
java.util.concurrent.ExecutionException: org.apache.ratis.thirdparty.io.grpc.StatusRuntimeException: UNAVAILABLE: io exception
	at java.util.concurrent.FutureTask.report(FutureTask.java:122)
	at java.util.concurrent.FutureTask.get(FutureTask.java:192)
	at org.apache.ratis.server.impl.LeaderElection.waitForResults(LeaderElection.java:263)
	at org.apache.ratis.server.impl.LeaderElection.askForVotes(LeaderElection.java:201)
	at org.apache.ratis.server.impl.LeaderElection.run(LeaderElection.java:133)
	at java.lang.Thread.run(Thread.java:748)
Caused by: org.apache.ratis.thirdparty.io.grpc.StatusRuntimeException: UNAVAILABLE: io exception
	at org.apache.ratis.thirdparty.io.grpc.stub.ClientCalls.toStatusRuntimeException(ClientCalls.java:233)
	at org.apache.ratis.thirdparty.io.grpc.stub.ClientCalls.getUnchecked(ClientCalls.java:214)
	at org.apache.ratis.thirdparty.io.grpc.stub.ClientCalls.blockingUnaryCall(ClientCalls.java:139)
	at org.apache.ratis.proto.grpc.RaftServerProtocolServiceGrpc$RaftServerProtocolServiceBlockingStub.requestVote(RaftServerProtocolServiceGrpc.java:265)
	at org.apache.ratis.grpc.server.GrpcServerProtocolClient.requestVote(GrpcServerProtocolClient.java:90)
	at org.apache.ratis.grpc.server.GrpcService.requestVote(GrpcService.java:204)
	at org.apache.ratis.server.impl.LeaderElection.lambda$submitRequests$1(LeaderElection.java:238)
	at java.util.concurrent.FutureTask.run(FutureTask.java:266)
	at java.util.concurrent.Executors$RunnableAdapter.call(Executors.java:511)
	at java.util.concurrent.FutureTask.run(FutureTask.java:266)
	at java.util.concurrent.ThreadPoolExecutor.runWorker(ThreadPoolExecutor.java:1149)
	at java.util.concurrent.ThreadPoolExecutor$Worker.run(ThreadPoolExecutor.java:624)
	... 1 more
Caused by: org.apache.ratis.thirdparty.io.netty.channel.AbstractChannel$AnnotatedConnectException: Connection refused: /192.168.151.121:40767
	at sun.nio.ch.SocketChannelImpl.checkConnect(Native Method)
	at sun.nio.ch.SocketChannelImpl.finishConnect(SocketChannelImpl.java:717)
	at org.apache.ratis.thirdparty.io.netty.channel.socket.nio.NioSocketChannel.doFinishConnect(NioSocketChannel.java:327)
	at org.apache.ratis.thirdparty.io.netty.channel.nio.AbstractNioChannel$AbstractNioUnsafe.finishConnect(AbstractNioChannel.java:340)
	at org.apache.ratis.thirdparty.io.netty.channel.nio.NioEventLoop.processSelectedKey(NioEventLoop.java:632)
	at org.apache.ratis.thirdparty.io.netty.channel.nio.NioEventLoop.processSelectedKeysOptimized(NioEventLoop.java:579)
	at org.apache.ratis.thirdparty.io.netty.channel.nio.NioEventLoop.processSelectedKeys(NioEventLoop.java:496)
	at org.apache.ratis.thirdparty.io.netty.channel.nio.NioEventLoop.run(NioEventLoop.java:458)
	at org.apache.ratis.thirdparty.io.netty.util.concurrent.SingleThreadEventExecutor$5.run(SingleThreadEventExecutor.java:897)
	at org.apache.ratis.thirdparty.io.netty.util.concurrent.FastThreadLocalRunnable.run(FastThreadLocalRunnable.java:30)
	... 1 more
Caused by: java.net.ConnectException: Connection refused
	... 11 more
2019-09-24 02:24:28,135 [afd2474b-fc98-4bcf-8229-023d47ec65b0@group-6FB4E83B17BF:LeaderElection38] INFO  impl.LeaderElection (LogUtils.java:infoOrTrace(149)) -   Exception 1: {}
java.util.concurrent.ExecutionException: org.apache.ratis.thirdparty.io.grpc.StatusRuntimeException: UNAVAILABLE: io exception
	at java.util.concurrent.FutureTask.report(FutureTask.java:122)
	at java.util.concurrent.FutureTask.get(FutureTask.java:192)
	at org.apache.ratis.server.impl.LeaderElection.waitForResults(LeaderElection.java:263)
	at org.apache.ratis.server.impl.LeaderElection.askForVotes(LeaderElection.java:201)
	at org.apache.ratis.server.impl.LeaderElection.run(LeaderElection.java:133)
	at java.lang.Thread.run(Thread.java:748)
Caused by: org.apache.ratis.thirdparty.io.grpc.StatusRuntimeException: UNAVAILABLE: io exception
	at org.apache.ratis.thirdparty.io.grpc.stub.ClientCalls.toStatusRuntimeException(ClientCalls.java:233)
	at org.apache.ratis.thirdparty.io.grpc.stub.ClientCalls.getUnchecked(ClientCalls.java:214)
	at org.apache.ratis.thirdparty.io.grpc.stub.ClientCalls.blockingUnaryCall(ClientCalls.java:139)
	at org.apache.ratis.proto.grpc.RaftServerProtocolServiceGrpc$RaftServerProtocolServiceBlockingStub.requestVote(RaftServerProtocolServiceGrpc.java:265)
	at org.apache.ratis.grpc.server.GrpcServerProtocolClient.requestVote(GrpcServerProtocolClient.java:90)
	at org.apache.ratis.grpc.server.GrpcService.requestVote(GrpcService.java:204)
	at org.apache.ratis.server.impl.LeaderElection.lambda$submitRequests$1(LeaderElection.java:238)
	at java.util.concurrent.FutureTask.run(FutureTask.java:266)
	at java.util.concurrent.Executors$RunnableAdapter.call(Executors.java:511)
	at java.util.concurrent.FutureTask.run(FutureTask.java:266)
	at java.util.concurrent.ThreadPoolExecutor.runWorker(ThreadPoolExecutor.java:1149)
	at java.util.concurrent.ThreadPoolExecutor$Worker.run(ThreadPoolExecutor.java:624)
	... 1 more
Caused by: org.apache.ratis.thirdparty.io.netty.channel.AbstractChannel$AnnotatedConnectException: Connection refused: /192.168.151.121:36521
	at sun.nio.ch.SocketChannelImpl.checkConnect(Native Method)
	at sun.nio.ch.SocketChannelImpl.finishConnect(SocketChannelImpl.java:717)
	at org.apache.ratis.thirdparty.io.netty.channel.socket.nio.NioSocketChannel.doFinishConnect(NioSocketChannel.java:327)
	at org.apache.ratis.thirdparty.io.netty.channel.nio.AbstractNioChannel$AbstractNioUnsafe.finishConnect(AbstractNioChannel.java:340)
	at org.apache.ratis.thirdparty.io.netty.channel.nio.NioEventLoop.processSelectedKey(NioEventLoop.java:632)
	at org.apache.ratis.thirdparty.io.netty.channel.nio.NioEventLoop.processSelectedKeysOptimized(NioEventLoop.java:579)
	at org.apache.ratis.thirdparty.io.netty.channel.nio.NioEventLoop.processSelectedKeys(NioEventLoop.java:496)
	at org.apache.ratis.thirdparty.io.netty.channel.nio.NioEventLoop.run(NioEventLoop.java:458)
	at org.apache.ratis.thirdparty.io.netty.util.concurrent.SingleThreadEventExecutor$5.run(SingleThreadEventExecutor.java:897)
	at org.apache.ratis.thirdparty.io.netty.util.concurrent.FastThreadLocalRunnable.run(FastThreadLocalRunnable.java:30)
	... 1 more
Caused by: java.net.ConnectException: Connection refused
	... 11 more
2019-09-24 02:24:28,136 [afd2474b-fc98-4bcf-8229-023d47ec65b0@group-6FB4E83B17BF:LeaderElection38] INFO  impl.RaftServerImpl (RaftServerImpl.java:setRole(174)) - afd2474b-fc98-4bcf-8229-023d47ec65b0@group-6FB4E83B17BF: changes role from CANDIDATE to FOLLOWER at term 13 for DISCOVERED_A_NEW_TERM
2019-09-24 02:24:28,136 [afd2474b-fc98-4bcf-8229-023d47ec65b0@group-6FB4E83B17BF:LeaderElection38] INFO  impl.RoleInfo (RoleInfo.java:shutdownLeaderElection(134)) - afd2474b-fc98-4bcf-8229-023d47ec65b0: shutdown LeaderElection
2019-09-24 02:24:28,136 [afd2474b-fc98-4bcf-8229-023d47ec65b0@group-6FB4E83B17BF:LeaderElection38] INFO  impl.RoleInfo (RoleInfo.java:updateAndGet(143)) - afd2474b-fc98-4bcf-8229-023d47ec65b0: start FollowerState
2019-09-24 02:24:28,316 [grpc-default-executor-0] WARN  server.GrpcLogAppender (LogUtils.java:warn(134)) - 6e6c6100-ad13-453b-9932-e9c645725862@group-D8F232C36E53->76c02951-0e42-41da-95d2-62b96a0dd9ff-AppendLogResponseHandler: Failed appendEntries: org.apache.ratis.thirdparty.io.grpc.StatusRuntimeException: UNAVAILABLE: io exception
2019-09-24 02:24:28,317 [grpc-default-executor-0] INFO  impl.FollowerInfo (FollowerInfo.java:lambda$new$0(51)) - 6e6c6100-ad13-453b-9932-e9c645725862@group-D8F232C36E53->76c02951-0e42-41da-95d2-62b96a0dd9ff: nextIndex: updateUnconditionally 0 -> 0
2019-09-24 02:24:28,334 [grpc-default-executor-1] WARN  server.GrpcLogAppender (LogUtils.java:warn(134)) - 6e6c6100-ad13-453b-9932-e9c645725862@group-D8F232C36E53->6adb7553-cea6-43f8-9b13-e82d721d47e7-AppendLogResponseHandler: Failed appendEntries: org.apache.ratis.thirdparty.io.grpc.StatusRuntimeException: UNAVAILABLE: io exception
2019-09-24 02:24:28,335 [grpc-default-executor-1] INFO  impl.FollowerInfo (FollowerInfo.java:lambda$new$0(51)) - 6e6c6100-ad13-453b-9932-e9c645725862@group-D8F232C36E53->6adb7553-cea6-43f8-9b13-e82d721d47e7: nextIndex: updateUnconditionally 0 -> 0
2019-09-24 02:24:28,719 [main] INFO  ozoneimpl.OzoneContainer (OzoneContainer.java:stop(231)) - Attempting to stop container services.
2019-09-24 02:24:28,720 [main] INFO  impl.RaftServerProxy (RaftServerProxy.java:lambda$close$4(314)) - afd2474b-fc98-4bcf-8229-023d47ec65b0: close
2019-09-24 02:24:28,721 [main] INFO  impl.RaftServerImpl (RaftServerImpl.java:lambda$shutdown$3(251)) - afd2474b-fc98-4bcf-8229-023d47ec65b0@group-9452A70C4330: shutdown
2019-09-24 02:24:28,721 [main] INFO  util.JmxRegister (JmxRegister.java:unregister(73)) - Successfully un-registered JMX Bean with object name Ratis:service=RaftServer,group=group-9452A70C4330,id=afd2474b-fc98-4bcf-8229-023d47ec65b0
2019-09-24 02:24:28,721 [main] INFO  impl.RoleInfo (RoleInfo.java:shutdownLeaderState(104)) - afd2474b-fc98-4bcf-8229-023d47ec65b0: shutdown LeaderState
2019-09-24 02:24:28,722 [main] INFO  impl.PendingRequests (PendingRequests.java:sendNotLeaderResponses(202)) - afd2474b-fc98-4bcf-8229-023d47ec65b0-PendingRequests: sendNotLeaderResponses
2019-09-24 02:24:28,722 [main] INFO  impl.StateMachineUpdater (StateMachineUpdater.java:stopAndJoin(125)) - afd2474b-fc98-4bcf-8229-023d47ec65b0@group-9452A70C4330-StateMachineUpdater: set stopIndex = 0
2019-09-24 02:24:28,723 [main] INFO  impl.RaftServerImpl (ServerState.java:close(385)) - afd2474b-fc98-4bcf-8229-023d47ec65b0@group-9452A70C4330: closes. applyIndex: 0
2019-09-24 02:24:28,724 [afd2474b-fc98-4bcf-8229-023d47ec65b0@group-9452A70C4330-SegmentedRaftLogWorker] INFO  segmented.SegmentedRaftLogWorker (SegmentedRaftLogWorker.java:run(313)) - afd2474b-fc98-4bcf-8229-023d47ec65b0@group-9452A70C4330-SegmentedRaftLogWorker was interrupted, exiting. There are 0 tasks remaining in the queue.
2019-09-24 02:24:28,724 [main] INFO  segmented.SegmentedRaftLogWorker (SegmentedRaftLogWorker.java:close(228)) - afd2474b-fc98-4bcf-8229-023d47ec65b0@group-9452A70C4330-SegmentedRaftLogWorker close()
2019-09-24 02:24:28,726 [main] INFO  impl.RaftServerImpl (RaftServerImpl.java:lambda$shutdown$3(251)) - afd2474b-fc98-4bcf-8229-023d47ec65b0@group-6FB4E83B17BF: shutdown
2019-09-24 02:24:28,726 [main] INFO  util.JmxRegister (JmxRegister.java:unregister(73)) - Successfully un-registered JMX Bean with object name Ratis:service=RaftServer,group=group-6FB4E83B17BF,id=afd2474b-fc98-4bcf-8229-023d47ec65b0
2019-09-24 02:24:28,727 [main] INFO  impl.RoleInfo (RoleInfo.java:shutdownFollowerState(121)) - afd2474b-fc98-4bcf-8229-023d47ec65b0: shutdown FollowerState
2019-09-24 02:24:28,727 [main] INFO  impl.StateMachineUpdater (StateMachineUpdater.java:stopAndJoin(125)) - afd2474b-fc98-4bcf-8229-023d47ec65b0@group-6FB4E83B17BF-StateMachineUpdater: set stopIndex = 4
2019-09-24 02:24:28,727 [Thread-1968] INFO  impl.FollowerState (FollowerState.java:run(115)) - afd2474b-fc98-4bcf-8229-023d47ec65b0: FollowerState was interrupted: java.lang.InterruptedException: sleep interrupted
2019-09-24 02:24:28,727 [ForkJoinPool.commonPool-worker-0] INFO  ozoneimpl.OzoneContainer (OzoneContainer.java:stop(231)) - Attempting to stop container services.
2019-09-24 02:24:28,728 [main] INFO  impl.RaftServerImpl (ServerState.java:close(385)) - afd2474b-fc98-4bcf-8229-023d47ec65b0@group-6FB4E83B17BF: closes. applyIndex: 4
2019-09-24 02:24:28,730 [ForkJoinPool.commonPool-worker-0] INFO  impl.RaftServerProxy (RaftServerProxy.java:lambda$close$4(314)) - 6e6c6100-ad13-453b-9932-e9c645725862: close
2019-09-24 02:24:28,730 [afd2474b-fc98-4bcf-8229-023d47ec65b0@group-6FB4E83B17BF-SegmentedRaftLogWorker] INFO  segmented.SegmentedRaftLogWorker (SegmentedRaftLogWorker.java:run(313)) - afd2474b-fc98-4bcf-8229-023d47ec65b0@group-6FB4E83B17BF-SegmentedRaftLogWorker was interrupted, exiting. There are 0 tasks remaining in the queue.
2019-09-24 02:24:28,730 [ForkJoinPool.commonPool-worker-0] INFO  impl.RaftServerImpl (RaftServerImpl.java:lambda$shutdown$3(251)) - 6e6c6100-ad13-453b-9932-e9c645725862@group-D8F232C36E53: shutdown
2019-09-24 02:24:28,730 [main] INFO  segmented.SegmentedRaftLogWorker (SegmentedRaftLogWorker.java:close(228)) - afd2474b-fc98-4bcf-8229-023d47ec65b0@group-6FB4E83B17BF-SegmentedRaftLogWorker close()
2019-09-24 02:24:28,730 [ForkJoinPool.commonPool-worker-0] INFO  util.JmxRegister (JmxRegister.java:unregister(73)) - Successfully un-registered JMX Bean with object name Ratis:service=RaftServer,group=group-D8F232C36E53,id=6e6c6100-ad13-453b-9932-e9c645725862
2019-09-24 02:24:28,732 [main] INFO  server.GrpcService (GrpcService.java:closeImpl(164)) - afd2474b-fc98-4bcf-8229-023d47ec65b0: shutdown server with port 41375 now
2019-09-24 02:24:28,732 [ForkJoinPool.commonPool-worker-0] INFO  impl.RoleInfo (RoleInfo.java:shutdownLeaderState(104)) - 6e6c6100-ad13-453b-9932-e9c645725862: shutdown LeaderState
2019-09-24 02:24:28,733 [main] INFO  server.GrpcService (GrpcService.java:closeImpl(172)) - afd2474b-fc98-4bcf-8229-023d47ec65b0: shutdown server with port 41375 successfully
2019-09-24 02:24:28,735 [org.apache.ratis.server.impl.LogAppender$AppenderDaemon$$Lambda$430/2026899056@1214ff7d] WARN  server.GrpcLogAppender (GrpcLogAppender.java:mayWait(143)) - 6e6c6100-ad13-453b-9932-e9c645725862@group-D8F232C36E53->76c02951-0e42-41da-95d2-62b96a0dd9ff-GrpcLogAppender: Wait interrupted by java.lang.InterruptedException
2019-09-24 02:24:28,735 [org.apache.ratis.server.impl.LogAppender$AppenderDaemon$$Lambda$430/2026899056@3cb9c4b9] WARN  server.GrpcLogAppender (GrpcLogAppender.java:mayWait(143)) - 6e6c6100-ad13-453b-9932-e9c645725862@group-D8F232C36E53->6adb7553-cea6-43f8-9b13-e82d721d47e7-GrpcLogAppender: Wait interrupted by java.lang.InterruptedException
2019-09-24 02:24:28,735 [ForkJoinPool.commonPool-worker-0] INFO  impl.PendingRequests (PendingRequests.java:sendNotLeaderResponses(202)) - 6e6c6100-ad13-453b-9932-e9c645725862-PendingRequests: sendNotLeaderResponses
2019-09-24 02:24:28,738 [ForkJoinPool.commonPool-worker-0] INFO  impl.StateMachineUpdater (StateMachineUpdater.java:stopAndJoin(125)) - 6e6c6100-ad13-453b-9932-e9c645725862@group-D8F232C36E53-StateMachineUpdater: set stopIndex = 2
2019-09-24 02:24:28,738 [ForkJoinPool.commonPool-worker-0] INFO  impl.RaftServerImpl (ServerState.java:close(385)) - 6e6c6100-ad13-453b-9932-e9c645725862@group-D8F232C36E53: closes. applyIndex: 2
2019-09-24 02:24:28,738 [refreshUsed-/workdir/hadoop-ozone/integration-test/target/test-dir/MiniOzoneClusterImpl-de332c24-5f7d-4363-8764-5335807553b9/datanode-7/data/containers] WARN  fs.CachingGetSpaceUsed (CachingGetSpaceUsed.java:run(183)) - Thread Interrupted waiting to refresh disk information: sleep interrupted
2019-09-24 02:24:28,739 [6e6c6100-ad13-453b-9932-e9c645725862@group-D8F232C36E53-SegmentedRaftLogWorker] INFO  segmented.SegmentedRaftLogWorker (SegmentedRaftLogWorker.java:run(313)) - 6e6c6100-ad13-453b-9932-e9c645725862@group-D8F232C36E53-SegmentedRaftLogWorker was interrupted, exiting. There are 0 tasks remaining in the queue.
2019-09-24 02:24:28,739 [ForkJoinPool.commonPool-worker-0] INFO  segmented.SegmentedRaftLogWorker (SegmentedRaftLogWorker.java:close(228)) - 6e6c6100-ad13-453b-9932-e9c645725862@group-D8F232C36E53-SegmentedRaftLogWorker close()
2019-09-24 02:24:28,740 [ForkJoinPool.commonPool-worker-0] INFO  impl.RaftServerImpl (RaftServerImpl.java:lambda$shutdown$3(251)) - 6e6c6100-ad13-453b-9932-e9c645725862@group-94F4856A7072: shutdown
2019-09-24 02:24:28,741 [ForkJoinPool.commonPool-worker-0] INFO  util.JmxRegister (JmxRegister.java:unregister(73)) - Successfully un-registered JMX Bean with object name Ratis:service=RaftServer,group=group-94F4856A7072,id=6e6c6100-ad13-453b-9932-e9c645725862
2019-09-24 02:24:28,741 [ForkJoinPool.commonPool-worker-0] INFO  impl.RoleInfo (RoleInfo.java:shutdownLeaderState(104)) - 6e6c6100-ad13-453b-9932-e9c645725862: shutdown LeaderState
2019-09-24 02:24:28,741 [ForkJoinPool.commonPool-worker-0] INFO  impl.PendingRequests (PendingRequests.java:sendNotLeaderResponses(202)) - 6e6c6100-ad13-453b-9932-e9c645725862-PendingRequests: sendNotLeaderResponses
2019-09-24 02:24:28,742 [ForkJoinPool.commonPool-worker-0] INFO  impl.StateMachineUpdater (StateMachineUpdater.java:stopAndJoin(125)) - 6e6c6100-ad13-453b-9932-e9c645725862@group-94F4856A7072-StateMachineUpdater: set stopIndex = 0
2019-09-24 02:24:28,742 [ForkJoinPool.commonPool-worker-0] INFO  impl.RaftServerImpl (ServerState.java:close(385)) - 6e6c6100-ad13-453b-9932-e9c645725862@group-94F4856A7072: closes. applyIndex: 0
2019-09-24 02:24:28,743 [6e6c6100-ad13-453b-9932-e9c645725862@group-94F4856A7072-SegmentedRaftLogWorker] INFO  segmented.SegmentedRaftLogWorker (SegmentedRaftLogWorker.java:run(313)) - 6e6c6100-ad13-453b-9932-e9c645725862@group-94F4856A7072-SegmentedRaftLogWorker was interrupted, exiting. There are 0 tasks remaining in the queue.
2019-09-24 02:24:28,743 [ForkJoinPool.commonPool-worker-0] INFO  segmented.SegmentedRaftLogWorker (SegmentedRaftLogWorker.java:close(228)) - 6e6c6100-ad13-453b-9932-e9c645725862@group-94F4856A7072-SegmentedRaftLogWorker close()
2019-09-24 02:24:28,745 [ForkJoinPool.commonPool-worker-0] INFO  server.GrpcService (GrpcService.java:closeImpl(164)) - 6e6c6100-ad13-453b-9932-e9c645725862: shutdown server with port 44491 now
2019-09-24 02:24:28,745 [ForkJoinPool.commonPool-worker-0] INFO  server.GrpcService (GrpcService.java:closeImpl(172)) - 6e6c6100-ad13-453b-9932-e9c645725862: shutdown server with port 44491 successfully
2019-09-24 02:24:28,753 [refreshUsed-/workdir/hadoop-ozone/integration-test/target/test-dir/MiniOzoneClusterImpl-de332c24-5f7d-4363-8764-5335807553b9/datanode-1/data/containers] WARN  fs.CachingGetSpaceUsed (CachingGetSpaceUsed.java:run(183)) - Thread Interrupted waiting to refresh disk information: sleep interrupted
2019-09-24 02:24:28,762 [main] INFO  utils.BackgroundService (BackgroundService.java:shutdown(148)) - Shutting down service BlockDeletingService
2019-09-24 02:24:28,765 [main] INFO  statemachine.DatanodeStateMachine (DatanodeStateMachine.java:stopDaemon(395)) - Ozone container server stopped.
2019-09-24 02:24:28,766 [main] INFO  handler.ContextHandler (ContextHandler.java:doStop(910)) - Stopped o.e.j.w.WebAppContext@44b29496{/,null,UNAVAILABLE}{/hddsDatanode}
2019-09-24 02:24:28,767 [main] INFO  server.AbstractConnector (AbstractConnector.java:doStop(318)) - Stopped ServerConnector@1947596f{HTTP/1.1,[http/1.1]}{0.0.0.0:0}
2019-09-24 02:24:28,767 [main] INFO  handler.ContextHandler (ContextHandler.java:doStop(910)) - Stopped o.e.j.s.ServletContextHandler@2a869a16{/static,jar:file:/home/user/.m2/repository/org/apache/hadoop/hadoop-hdds-container-service/0.5.0-SNAPSHOT/hadoop-hdds-container-service-0.5.0-SNAPSHOT.jar!/webapps/static,UNAVAILABLE}
2019-09-24 02:24:28,767 [main] INFO  handler.ContextHandler (ContextHandler.java:doStop(910)) - Stopped o.e.j.s.ServletContextHandler@7fb66650{/logs,file:///workdir/hadoop-ozone/integration-test/target/log,UNAVAILABLE}
2019-09-24 02:24:28,769 [ForkJoinPool.commonPool-worker-0] INFO  utils.BackgroundService (BackgroundService.java:shutdown(148)) - Shutting down service BlockDeletingService
2019-09-24 02:24:28,771 [ForkJoinPool.commonPool-worker-0] INFO  statemachine.DatanodeStateMachine (DatanodeStateMachine.java:stopDaemon(395)) - Ozone container server stopped.
2019-09-24 02:24:28,773 [ForkJoinPool.commonPool-worker-0] INFO  handler.ContextHandler (ContextHandler.java:doStop(910)) - Stopped o.e.j.w.WebAppContext@5b5e7036{/,null,UNAVAILABLE}{/hddsDatanode}
2019-09-24 02:24:28,774 [ForkJoinPool.commonPool-worker-0] INFO  server.AbstractConnector (AbstractConnector.java:doStop(318)) - Stopped ServerConnector@62dbe64e{HTTP/1.1,[http/1.1]}{0.0.0.0:0}
2019-09-24 02:24:28,775 [ForkJoinPool.commonPool-worker-0] INFO  handler.ContextHandler (ContextHandler.java:doStop(910)) - Stopped o.e.j.s.ServletContextHandler@3bbf841e{/static,jar:file:/home/user/.m2/repository/org/apache/hadoop/hadoop-hdds-container-service/0.5.0-SNAPSHOT/hadoop-hdds-container-service-0.5.0-SNAPSHOT.jar!/webapps/static,UNAVAILABLE}
2019-09-24 02:24:28,776 [ForkJoinPool.commonPool-worker-0] INFO  handler.ContextHandler (ContextHandler.java:doStop(910)) - Stopped o.e.j.s.ServletContextHandler@5679e96b{/logs,file:///workdir/hadoop-ozone/integration-test/target/log,UNAVAILABLE}
2019-09-24 02:24:28,777 [main] INFO  ozone.MiniOzoneClusterImpl (MiniOzoneClusterImpl.java:stopSCM(392)) - Stopping the StorageContainerManager
2019-09-24 02:24:28,777 [main] INFO  server.StorageContainerManager (StorageContainerManager.java:stop(808)) - Stopping Replication Manager Service.
2019-09-24 02:24:28,777 [main] INFO  container.ReplicationManager (ReplicationManager.java:stop(203)) - Stopping Replication Monitor Thread.
2019-09-24 02:24:28,777 [main] INFO  server.StorageContainerManager (StorageContainerManager.java:stop(815)) - Stopping Lease Manager of the command watchers
2019-09-24 02:24:28,778 [main] INFO  server.StorageContainerManager (StorageContainerManager.java:stop(822)) - Stopping datanode service RPC server
2019-09-24 02:24:28,778 [main] INFO  server.SCMDatanodeProtocolServer (SCMDatanodeProtocolServer.java:stop(367)) - Stopping the RPC server for DataNodes
2019-09-24 02:24:28,778 [main] INFO  ipc.Server (Server.java:stop(3082)) - Stopping server on 44677
2019-09-24 02:24:28,780 [IPC Server listener on 44677] INFO  ipc.Server (Server.java:run(1185)) - Stopping IPC Server listener on 44677
2019-09-24 02:24:28,780 [IPC Server Responder] INFO  ipc.Server (Server.java:run(1319)) - Stopping IPC Server Responder
2019-09-24 02:24:28,877 [SCM Heartbeat Processing Thread - 0] WARN  node.NodeStateManager (NodeStateManager.java:scheduleNextHealthCheck(646)) - Current Thread is interrupted, shutting down HB processing thread for Node Manager.
2019-09-24 02:24:28,877 [main] INFO  server.StorageContainerManager (StorageContainerManager.java:stop(830)) - Stopping block service RPC server
2019-09-24 02:24:28,878 [main] INFO  server.SCMBlockProtocolServer (SCMBlockProtocolServer.java:stop(155)) - Stopping the RPC server for Block Protocol
2019-09-24 02:24:28,878 [main] INFO  ipc.Server (Server.java:stop(3082)) - Stopping server on 38077
2019-09-24 02:24:28,879 [IPC Server listener on 38077] INFO  ipc.Server (Server.java:run(1185)) - Stopping IPC Server listener on 38077
2019-09-24 02:24:28,879 [main] INFO  server.StorageContainerManager (StorageContainerManager.java:stop(837)) - Stopping the StorageContainerLocationProtocol RPC server
2019-09-24 02:24:28,879 [main] INFO  server.SCMClientProtocolServer (SCMClientProtocolServer.java:stop(159)) - Stopping the RPC server for Client Protocol
2019-09-24 02:24:28,879 [main] INFO  ipc.Server (Server.java:stop(3082)) - Stopping server on 33493
2019-09-24 02:24:28,880 [IPC Server Responder] INFO  ipc.Server (Server.java:run(1319)) - Stopping IPC Server Responder
2019-09-24 02:24:28,881 [IPC Server listener on 33493] INFO  ipc.Server (Server.java:run(1185)) - Stopping IPC Server listener on 33493
2019-09-24 02:24:28,881 [main] INFO  server.StorageContainerManager (StorageContainerManager.java:stop(844)) - Stopping Storage Container Manager HTTP server.
2019-09-24 02:24:28,882 [IPC Server Responder] INFO  ipc.Server (Server.java:run(1319)) - Stopping IPC Server Responder
2019-09-24 02:24:28,882 [main] INFO  handler.ContextHandler (ContextHandler.java:doStop(910)) - Stopped o.e.j.w.WebAppContext@660e9100{/,null,UNAVAILABLE}{/scm}
2019-09-24 02:24:28,883 [main] INFO  server.AbstractConnector (AbstractConnector.java:doStop(318)) - Stopped ServerConnector@5aabbb29{HTTP/1.1,[http/1.1]}{0.0.0.0:0}
2019-09-24 02:24:28,883 [main] INFO  handler.ContextHandler (ContextHandler.java:doStop(910)) - Stopped o.e.j.s.ServletContextHandler@1d131e1b{/static,file:///workdir/hadoop-ozone/integration-test/target/test-classes/webapps/static,UNAVAILABLE}
2019-09-24 02:24:28,884 [main] INFO  handler.ContextHandler (ContextHandler.java:doStop(910)) - Stopped o.e.j.s.ServletContextHandler@2f17e30d{/logs,file:///workdir/hadoop-ozone/integration-test/target/log,UNAVAILABLE}
2019-09-24 02:24:28,885 [main] INFO  server.StorageContainerManager (StorageContainerManager.java:stop(855)) - Stopping Block Manager Service.
2019-09-24 02:24:28,885 [main] INFO  utils.BackgroundService (BackgroundService.java:shutdown(148)) - Shutting down service SCMBlockDeletingService
2019-09-24 02:24:28,885 [main] INFO  utils.BackgroundService (BackgroundService.java:shutdown(148)) - Shutting down service SCMBlockDeletingService
2019-09-24 02:24:28,886 [main] INFO  server.StorageContainerManager (StorageContainerManager.java:stop(877)) - Stopping SCM Event Queue.
2019-09-24 02:24:28,893 [main] INFO  impl.MetricsSystemImpl (MetricsSystemImpl.java:stop(210)) - Stopping ratis metrics system...
2019-09-24 02:24:28,901 [prometheus] INFO  impl.MetricsSinkAdapter (MetricsSinkAdapter.java:publishMetricsFromQueue(141)) - prometheus thread interrupted.
2019-09-24 02:24:28,902 [main] INFO  impl.MetricsSystemImpl (MetricsSystemImpl.java:stop(216)) - ratis metrics system stopped.
]]></system-out>
    <system-err><![CDATA[ERROR StatusLogger No Log4j 2 configuration file found. Using default configuration (logging only errors to the console), or user programmatically provided configurations. Set system property 'log4j2.debug' to show Log4j 2 internal initialization logging. See https://logging.apache.org/log4j/2.x/manual/configuration.html for instructions on how to configure Log4j 2
Sep 24, 2019 2:24:18 AM org.apache.ratis.thirdparty.io.grpc.internal.SerializingExecutor run
SEVERE: Exception while executing runnable org.apache.ratis.thirdparty.io.grpc.internal.ServerImpl$JumpToApplicationThreadServerStreamListener$1Closed@63514f6c
org.apache.ratis.thirdparty.io.grpc.StatusRuntimeException: CANCELLED: call already cancelled
	at org.apache.ratis.thirdparty.io.grpc.Status.asRuntimeException(Status.java:517)
	at org.apache.ratis.thirdparty.io.grpc.stub.ServerCalls$ServerCallStreamObserverImpl.onCompleted(ServerCalls.java:356)
	at org.apache.ratis.grpc.server.GrpcServerProtocolService$ServerRequestStreamObserver.onError(GrpcServerProtocolService.java:121)
	at org.apache.ratis.thirdparty.io.grpc.stub.ServerCalls$StreamingServerCallHandler$StreamingServerCallListener.onCancel(ServerCalls.java:269)
	at org.apache.ratis.thirdparty.io.grpc.internal.ServerCallImpl$ServerStreamListenerImpl.closed(ServerCallImpl.java:293)
	at org.apache.ratis.thirdparty.io.grpc.internal.ServerImpl$JumpToApplicationThreadServerStreamListener$1Closed.runInContext(ServerImpl.java:741)
	at org.apache.ratis.thirdparty.io.grpc.internal.ContextRunnable.run(ContextRunnable.java:37)
	at org.apache.ratis.thirdparty.io.grpc.internal.SerializingExecutor.run(SerializingExecutor.java:123)
	at java.util.concurrent.ThreadPoolExecutor.runWorker(ThreadPoolExecutor.java:1149)
	at java.util.concurrent.ThreadPoolExecutor$Worker.run(ThreadPoolExecutor.java:624)
	at java.lang.Thread.run(Thread.java:748)

Sep 24, 2019 2:24:23 AM org.apache.ratis.thirdparty.io.grpc.internal.SerializingExecutor run
SEVERE: Exception while executing runnable org.apache.ratis.thirdparty.io.grpc.internal.ServerImpl$JumpToApplicationThreadServerStreamListener$1Closed@3893826b
org.apache.ratis.thirdparty.io.grpc.StatusRuntimeException: CANCELLED: call already cancelled
	at org.apache.ratis.thirdparty.io.grpc.Status.asRuntimeException(Status.java:517)
	at org.apache.ratis.thirdparty.io.grpc.stub.ServerCalls$ServerCallStreamObserverImpl.onCompleted(ServerCalls.java:356)
	at org.apache.ratis.grpc.server.GrpcServerProtocolService$ServerRequestStreamObserver.onError(GrpcServerProtocolService.java:121)
	at org.apache.ratis.thirdparty.io.grpc.stub.ServerCalls$StreamingServerCallHandler$StreamingServerCallListener.onCancel(ServerCalls.java:269)
	at org.apache.ratis.thirdparty.io.grpc.internal.ServerCallImpl$ServerStreamListenerImpl.closed(ServerCallImpl.java:293)
	at org.apache.ratis.thirdparty.io.grpc.internal.ServerImpl$JumpToApplicationThreadServerStreamListener$1Closed.runInContext(ServerImpl.java:741)
	at org.apache.ratis.thirdparty.io.grpc.internal.ContextRunnable.run(ContextRunnable.java:37)
	at org.apache.ratis.thirdparty.io.grpc.internal.SerializingExecutor.run(SerializingExecutor.java:123)
	at java.util.concurrent.ThreadPoolExecutor.runWorker(ThreadPoolExecutor.java:1149)
	at java.util.concurrent.ThreadPoolExecutor$Worker.run(ThreadPoolExecutor.java:624)
	at java.lang.Thread.run(Thread.java:748)

]]></system-err>
  </testcase>
  <testcase name="testContainerExclusionWithClosedContainerException" classname="org.apache.hadoop.ozone.client.rpc.TestFailureHandlingByClient" time="142.799">
    <error message="Connection refused" type="java.net.ConnectException"><![CDATA[java.net.ConnectException: Connection refused
	at sun.nio.ch.SocketChannelImpl.checkConnect(Native Method)
	at sun.nio.ch.SocketChannelImpl.finishConnect(SocketChannelImpl.java:717)
	at org.apache.hadoop.net.SocketIOWithTimeout.connect(SocketIOWithTimeout.java:206)
	at org.apache.hadoop.net.NetUtils.connect(NetUtils.java:531)
	at org.apache.hadoop.ipc.Client$Connection.setupConnection(Client.java:690)
	at org.apache.hadoop.ipc.Client$Connection.setupIOstreams(Client.java:794)
	at org.apache.hadoop.ipc.Client$Connection.access$3700(Client.java:411)
	at org.apache.hadoop.ipc.Client.getConnection(Client.java:1572)
	at org.apache.hadoop.ipc.Client.call(Client.java:1403)
	at org.apache.hadoop.ipc.Client.call(Client.java:1367)
	at org.apache.hadoop.ipc.ProtobufRpcEngine$Invoker.invoke(ProtobufRpcEngine.java:228)
	at org.apache.hadoop.ipc.ProtobufRpcEngine$Invoker.invoke(ProtobufRpcEngine.java:116)
	at com.sun.proxy.$Proxy35.submitRequest(Unknown Source)
	at sun.reflect.GeneratedMethodAccessor36.invoke(Unknown Source)
	at sun.reflect.DelegatingMethodAccessorImpl.invoke(DelegatingMethodAccessorImpl.java:43)
	at java.lang.reflect.Method.invoke(Method.java:498)
	at org.apache.hadoop.io.retry.RetryInvocationHandler.invokeMethod(RetryInvocationHandler.java:422)
	at org.apache.hadoop.io.retry.RetryInvocationHandler$Call.invokeMethod(RetryInvocationHandler.java:165)
	at org.apache.hadoop.io.retry.RetryInvocationHandler$Call.invoke(RetryInvocationHandler.java:157)
	at org.apache.hadoop.io.retry.RetryInvocationHandler$Call.invokeOnce(RetryInvocationHandler.java:95)
	at org.apache.hadoop.io.retry.RetryInvocationHandler.invoke(RetryInvocationHandler.java:359)
	at com.sun.proxy.$Proxy35.submitRequest(Unknown Source)
	at org.apache.hadoop.ozone.om.protocolPB.OzoneManagerProtocolClientSideTranslatorPB.submitRequest(OzoneManagerProtocolClientSideTranslatorPB.java:338)
	at org.apache.hadoop.ozone.om.protocolPB.OzoneManagerProtocolClientSideTranslatorPB.getServiceInfo(OzoneManagerProtocolClientSideTranslatorPB.java:1223)
	at sun.reflect.NativeMethodAccessorImpl.invoke0(Native Method)
	at sun.reflect.NativeMethodAccessorImpl.invoke(NativeMethodAccessorImpl.java:62)
	at sun.reflect.DelegatingMethodAccessorImpl.invoke(DelegatingMethodAccessorImpl.java:43)
	at java.lang.reflect.Method.invoke(Method.java:498)
	at org.apache.hadoop.hdds.tracing.TraceAllMethod.invoke(TraceAllMethod.java:66)
	at com.sun.proxy.$Proxy36.getServiceInfo(Unknown Source)
	at org.apache.hadoop.ozone.client.rpc.RpcClient.<init>(RpcClient.java:154)
	at org.apache.hadoop.ozone.client.OzoneClientFactory.getClientProtocol(OzoneClientFactory.java:256)
	at org.apache.hadoop.ozone.client.OzoneClientFactory.getClientProtocol(OzoneClientFactory.java:239)
	at org.apache.hadoop.ozone.client.OzoneClientFactory.getClient(OzoneClientFactory.java:75)
	at org.apache.hadoop.ozone.client.rpc.TestFailureHandlingByClient.init(TestFailureHandlingByClient.java:111)
	at org.apache.hadoop.ozone.client.rpc.TestFailureHandlingByClient.startCluster(TestFailureHandlingByClient.java:121)
	at org.apache.hadoop.ozone.client.rpc.TestFailureHandlingByClient.testContainerExclusionWithClosedContainerException(TestFailureHandlingByClient.java:224)
	at sun.reflect.NativeMethodAccessorImpl.invoke0(Native Method)
	at sun.reflect.NativeMethodAccessorImpl.invoke(NativeMethodAccessorImpl.java:62)
	at sun.reflect.DelegatingMethodAccessorImpl.invoke(DelegatingMethodAccessorImpl.java:43)
	at java.lang.reflect.Method.invoke(Method.java:498)
	at org.junit.runners.model.FrameworkMethod$1.runReflectiveCall(FrameworkMethod.java:47)
	at org.junit.internal.runners.model.ReflectiveCallable.run(ReflectiveCallable.java:12)
	at org.junit.runners.model.FrameworkMethod.invokeExplosively(FrameworkMethod.java:44)
	at org.junit.internal.runners.statements.InvokeMethod.evaluate(InvokeMethod.java:17)
	at org.junit.internal.runners.statements.RunAfters.evaluate(RunAfters.java:27)
	at org.junit.runners.ParentRunner.runLeaf(ParentRunner.java:271)
	at org.junit.runners.BlockJUnit4ClassRunner.runChild(BlockJUnit4ClassRunner.java:70)
	at org.junit.runners.BlockJUnit4ClassRunner.runChild(BlockJUnit4ClassRunner.java:50)
	at org.junit.runners.ParentRunner$3.run(ParentRunner.java:238)
	at org.junit.runners.ParentRunner$1.schedule(ParentRunner.java:63)
	at org.junit.runners.ParentRunner.runChildren(ParentRunner.java:236)
	at org.junit.runners.ParentRunner.access$000(ParentRunner.java:53)
	at org.junit.runners.ParentRunner$2.evaluate(ParentRunner.java:229)
	at org.junit.runners.ParentRunner.run(ParentRunner.java:309)
	at org.apache.maven.surefire.junit4.JUnit4Provider.execute(JUnit4Provider.java:365)
	at org.apache.maven.surefire.junit4.JUnit4Provider.executeWithRerun(JUnit4Provider.java:273)
	at org.apache.maven.surefire.junit4.JUnit4Provider.executeTestSet(JUnit4Provider.java:238)
	at org.apache.maven.surefire.junit4.JUnit4Provider.invoke(JUnit4Provider.java:159)
	at org.apache.maven.surefire.booter.ForkedBooter.invokeProviderInSameClassLoader(ForkedBooter.java:384)
	at org.apache.maven.surefire.booter.ForkedBooter.runSuitesInProcess(ForkedBooter.java:345)
	at org.apache.maven.surefire.booter.ForkedBooter.execute(ForkedBooter.java:126)
	at org.apache.maven.surefire.booter.ForkedBooter.main(ForkedBooter.java:418)
]]></error>
    <system-out><![CDATA[2019-09-24 02:24:28,969 [main] WARN  server.ServerUtils (ServerUtils.java:getScmDbDir(145)) - ozone.scm.db.dirs is not configured. We recommend adding this setting. Falling back to ozone.metadata.dirs instead.
2019-09-24 02:24:28,984 [main] WARN  server.ServerUtils (ServerUtils.java:getScmDbDir(145)) - ozone.scm.db.dirs is not configured. We recommend adding this setting. Falling back to ozone.metadata.dirs instead.
2019-09-24 02:24:28,984 [main] WARN  server.ServerUtils (ServerUtils.java:getScmDbDir(145)) - ozone.scm.db.dirs is not configured. We recommend adding this setting. Falling back to ozone.metadata.dirs instead.
2019-09-24 02:24:28,985 [main] INFO  db.DBStoreBuilder (DBStoreBuilder.java:addTable(110)) - using custom profile for table: deletedBlocks
2019-09-24 02:24:28,985 [main] INFO  db.DBStoreBuilder (DBStoreBuilder.java:processTables(161)) - Using default column profile:DBProfile.DISK for Table:deletedBlocks
2019-09-24 02:24:28,985 [main] INFO  db.DBStoreBuilder (DBStoreBuilder.java:addTable(110)) - using custom profile for table: validCerts
2019-09-24 02:24:28,985 [main] INFO  db.DBStoreBuilder (DBStoreBuilder.java:processTables(161)) - Using default column profile:DBProfile.DISK for Table:validCerts
2019-09-24 02:24:28,986 [main] INFO  db.DBStoreBuilder (DBStoreBuilder.java:addTable(110)) - using custom profile for table: revokedCerts
2019-09-24 02:24:28,986 [main] INFO  db.DBStoreBuilder (DBStoreBuilder.java:processTables(161)) - Using default column profile:DBProfile.DISK for Table:revokedCerts
2019-09-24 02:24:28,986 [main] INFO  db.DBStoreBuilder (DBStoreBuilder.java:addTable(110)) - using custom profile for table: default
2019-09-24 02:24:28,986 [main] INFO  db.DBStoreBuilder (DBStoreBuilder.java:processTables(167)) - Using default column profile:DBProfile.DISK for Table:default
2019-09-24 02:24:28,986 [main] INFO  db.DBStoreBuilder (DBStoreBuilder.java:getDbProfile(198)) - Using default options. DBProfile.DISK
2019-09-24 02:24:29,100 [main] INFO  net.NodeSchemaLoader (NodeSchemaLoader.java:loadSchemaFromFile(125)) - Loading file from sun.misc.CompoundEnumeration@6dc1dc69
2019-09-24 02:24:29,101 [main] INFO  net.NodeSchemaLoader (NodeSchemaLoader.java:loadSchema(171)) - Loading network topology layer schema file
2019-09-24 02:24:29,105 [main] INFO  node.SCMNodeManager (SCMNodeManager.java:<init>(114)) - Entering startup safe mode.
2019-09-24 02:24:29,106 [main] INFO  algorithms.ContainerPlacementPolicyFactory (ContainerPlacementPolicyFactory.java:getPolicy(57)) - Create container placement policy of type org.apache.hadoop.hdds.scm.container.placement.algorithms.SCMContainerPlacementRandom
2019-09-24 02:24:29,106 [main] WARN  server.ServerUtils (ServerUtils.java:getScmDbDir(145)) - ozone.scm.db.dirs is not configured. We recommend adding this setting. Falling back to ozone.metadata.dirs instead.
2019-09-24 02:24:29,126 [main] INFO  pipeline.SCMPipelineManager (SCMPipelineManager.java:initializePipelineState(132)) - No pipeline exists in current db
2019-09-24 02:24:29,126 [main] WARN  server.ServerUtils (ServerUtils.java:getScmDbDir(145)) - ozone.scm.db.dirs is not configured. We recommend adding this setting. Falling back to ozone.metadata.dirs instead.
2019-09-24 02:24:29,148 [main] WARN  events.EventQueue (EventQueue.java:fireEvent(183)) - No event handler registered for event TypedEvent{payloadType=SafeModeStatus, name='SafeModeStatus'}
2019-09-24 02:24:29,149 [main] INFO  ipc.CallQueueManager (CallQueueManager.java:<init>(84)) - Using callQueue: class java.util.concurrent.LinkedBlockingQueue, queueCapacity: 2000, scheduler: class org.apache.hadoop.ipc.DefaultRpcScheduler, ipcBackoff: false.
2019-09-24 02:24:29,150 [Socket Reader #1 for port 45360] INFO  ipc.Server (Server.java:run(1074)) - Starting Socket Reader #1 for port 45360
2019-09-24 02:24:29,152 [main] INFO  ipc.CallQueueManager (CallQueueManager.java:<init>(84)) - Using callQueue: class java.util.concurrent.LinkedBlockingQueue, queueCapacity: 2000, scheduler: class org.apache.hadoop.ipc.DefaultRpcScheduler, ipcBackoff: false.
2019-09-24 02:24:29,153 [Socket Reader #1 for port 33854] INFO  ipc.Server (Server.java:run(1074)) - Starting Socket Reader #1 for port 33854
2019-09-24 02:24:29,154 [main] INFO  ipc.CallQueueManager (CallQueueManager.java:<init>(84)) - Using callQueue: class java.util.concurrent.LinkedBlockingQueue, queueCapacity: 2000, scheduler: class org.apache.hadoop.ipc.DefaultRpcScheduler, ipcBackoff: false.
2019-09-24 02:24:29,155 [Socket Reader #1 for port 46877] INFO  ipc.Server (Server.java:run(1074)) - Starting Socket Reader #1 for port 46877
2019-09-24 02:24:29,158 [main] INFO  hdfs.DFSUtil (DFSUtil.java:httpServerTemplateForNNAndJN(1641)) - Starting Web-server for scm at: http://0.0.0.0:0
2019-09-24 02:24:29,161 [main] INFO  server.AuthenticationFilter (AuthenticationFilter.java:constructSecretProvider(240)) - Unable to initialize FileSignerSecretProvider, falling back to use random secrets.
2019-09-24 02:24:29,162 [main] WARN  http.HttpRequestLog (HttpRequestLog.java:getRequestLog(97)) - Jetty request log can only be enabled using Log4j
2019-09-24 02:24:29,165 [main] INFO  http.HttpServer2 (HttpServer2.java:addGlobalFilter(975)) - Added global filter 'safety' (class=org.apache.hadoop.http.HttpServer2$QuotingInputFilter)
2019-09-24 02:24:29,166 [main] INFO  http.HttpServer2 (HttpServer2.java:addFilter(948)) - Added filter static_user_filter (class=org.apache.hadoop.http.lib.StaticUserWebFilter$StaticUserFilter) to context scm
2019-09-24 02:24:29,167 [main] INFO  http.HttpServer2 (HttpServer2.java:addFilter(958)) - Added filter static_user_filter (class=org.apache.hadoop.http.lib.StaticUserWebFilter$StaticUserFilter) to context logs
2019-09-24 02:24:29,167 [main] INFO  http.HttpServer2 (HttpServer2.java:addFilter(958)) - Added filter static_user_filter (class=org.apache.hadoop.http.lib.StaticUserWebFilter$StaticUserFilter) to context static
2019-09-24 02:24:29,170 [main] INFO  server.StorageContainerManager (StorageContainerManager.java:start(770)) - StorageContainerLocationProtocol RPC server is listening at /0.0.0.0:46877
2019-09-24 02:24:29,172 [main] WARN  impl.MetricsConfig (MetricsConfig.java:loadFirst(134)) - Cannot locate configuration: tried hadoop-metrics2-storagecontainermanager.properties,hadoop-metrics2.properties
2019-09-24 02:24:29,174 [main] INFO  impl.MetricsSystemImpl (MetricsSystemImpl.java:startTimer(374)) - Scheduled Metric snapshot period at 10 second(s).
2019-09-24 02:24:29,174 [main] INFO  impl.MetricsSystemImpl (MetricsSystemImpl.java:start(191)) - StorageContainerManager metrics system started
2019-09-24 02:24:29,227 [main] WARN  impl.MetricsSystemImpl (MetricsSystemImpl.java:register(276)) - Sink prometheus already exists!
2019-09-24 02:24:29,232 [main] INFO  server.SCMClientProtocolServer (SCMClientProtocolServer.java:start(151)) - RPC server for Client  is listening at /0.0.0.0:46877
2019-09-24 02:24:29,232 [IPC Server listener on 46877] INFO  ipc.Server (Server.java:run(1153)) - IPC Server listener on 46877: starting
2019-09-24 02:24:29,232 [IPC Server Responder] INFO  ipc.Server (Server.java:run(1314)) - IPC Server Responder: starting
2019-09-24 02:24:29,236 [main] INFO  server.StorageContainerManager (StorageContainerManager.java:start(780)) - ScmBlockLocationProtocol RPC server is listening at /0.0.0.0:33854
2019-09-24 02:24:29,237 [main] INFO  server.SCMBlockProtocolServer (SCMBlockProtocolServer.java:start(146)) - RPC server for Block Protocol is listening at /0.0.0.0:33854
2019-09-24 02:24:29,237 [IPC Server Responder] INFO  ipc.Server (Server.java:run(1314)) - IPC Server Responder: starting
2019-09-24 02:24:29,237 [IPC Server listener on 33854] INFO  ipc.Server (Server.java:run(1153)) - IPC Server listener on 33854: starting
2019-09-24 02:24:29,241 [main] INFO  server.StorageContainerManager (StorageContainerManager.java:start(784)) - ScmDatanodeProtocl RPC server is listening at /0.0.0.0:45360
2019-09-24 02:24:29,241 [main] INFO  server.SCMDatanodeProtocolServer (SCMDatanodeProtocolServer.java:start(191)) - RPC server for DataNodes is listening at /0.0.0.0:45360
2019-09-24 02:24:29,242 [IPC Server Responder] INFO  ipc.Server (Server.java:run(1314)) - IPC Server Responder: starting
2019-09-24 02:24:29,242 [IPC Server listener on 45360] INFO  ipc.Server (Server.java:run(1153)) - IPC Server listener on 45360: starting
2019-09-24 02:24:29,246 [main] INFO  http.HttpServer2 (HttpServer2.java:bindListener(1191)) - Jetty bound to port 33954
2019-09-24 02:24:29,246 [main] INFO  server.Server (Server.java:doStart(351)) - jetty-9.3.25.v20180904, build timestamp: 2018-09-04T21:11:46Z, git hash: 3ce520221d0240229c862b122d2b06c12a625732
2019-09-24 02:24:29,248 [main] INFO  handler.ContextHandler (ContextHandler.java:doStart(781)) - Started o.e.j.s.ServletContextHandler@4976085{/logs,file:///workdir/hadoop-ozone/integration-test/target/log,AVAILABLE}
2019-09-24 02:24:29,248 [main] INFO  handler.ContextHandler (ContextHandler.java:doStart(781)) - Started o.e.j.s.ServletContextHandler@7fc420b8{/static,file:///workdir/hadoop-ozone/integration-test/target/test-classes/webapps/static,AVAILABLE}
2019-09-24 02:24:29,253 [main] INFO  handler.ContextHandler (ContextHandler.java:doStart(781)) - Started o.e.j.w.WebAppContext@6d2a2560{/,file:///workdir/hadoop-ozone/integration-test/target/test-classes/webapps/scm/,AVAILABLE}{/scm}
2019-09-24 02:24:29,253 [main] INFO  server.AbstractConnector (AbstractConnector.java:doStart(278)) - Started ServerConnector@62d1dc3c{HTTP/1.1,[http/1.1]}{0.0.0.0:33954}
2019-09-24 02:24:29,254 [main] INFO  server.Server (Server.java:doStart(419)) - Started @148497ms
2019-09-24 02:24:29,254 [main] WARN  impl.MetricsSystemImpl (MetricsSystemImpl.java:register(276)) - Sink prometheus already exists!
2019-09-24 02:24:29,255 [main] INFO  server.BaseHttpServer (BaseHttpServer.java:updateConnectorAddress(215)) - HTTP server of SCM is listening at http://0.0.0.0:33954
2019-09-24 02:24:29,255 [main] WARN  server.ServerUtils (ServerUtils.java:getDBPath(222)) - ozone.om.db.dirs is not configured. We recommend adding this setting. Falling back to ozone.metadata.dirs instead.
2019-09-24 02:24:29,255 [org.apache.hadoop.util.JvmPauseMonitor$Monitor@24eeac69] INFO  util.JvmPauseMonitor (JvmPauseMonitor.java:run(188)) - Starting JVM pause monitor
2019-09-24 02:24:29,280 [main] INFO  ha.OMHANodeDetails (OMHANodeDetails.java:loadOMHAConfig(138)) - Found matching OM address with OMServiceId: null, OMNodeId: null, RPC Address: localhost:0 and Ratis port: 9872
2019-09-24 02:24:29,280 [main] INFO  ha.OMHANodeDetails (OMHANodeDetails.java:setOMNodeSpecificConfigs(240)) - Setting configuration key ozone.om.http-address with value of key ozone.om.http-address: 127.0.0.1:0
2019-09-24 02:24:29,280 [main] INFO  ha.OMHANodeDetails (OMHANodeDetails.java:setOMNodeSpecificConfigs(240)) - Setting configuration key ozone.om.https-address with value of key ozone.om.https-address: 0.0.0.0:9875
2019-09-24 02:24:29,281 [main] INFO  ha.OMHANodeDetails (OMHANodeDetails.java:setOMNodeSpecificConfigs(240)) - Setting configuration key ozone.om.http-bind-host with value of key ozone.om.http-bind-host: 0.0.0.0
2019-09-24 02:24:29,281 [main] INFO  ha.OMHANodeDetails (OMHANodeDetails.java:setOMNodeSpecificConfigs(240)) - Setting configuration key ozone.om.https-bind-host with value of key ozone.om.https-bind-host: 0.0.0.0
2019-09-24 02:24:29,281 [main] INFO  ha.OMHANodeDetails (OMHANodeDetails.java:setOMNodeSpecificConfigs(240)) - Setting configuration key ozone.om.http.kerberos.keytab with value of key ozone.om.http.kerberos.keytab: /etc/security/keytabs/HTTP.keytab
2019-09-24 02:24:29,281 [main] INFO  ha.OMHANodeDetails (OMHANodeDetails.java:setOMNodeSpecificConfigs(240)) - Setting configuration key ozone.om.http.kerberos.principal with value of key ozone.om.http.kerberos.principal: HTTP/_HOST@EXAMPLE.COM
2019-09-24 02:24:29,281 [main] INFO  ha.OMHANodeDetails (OMHANodeDetails.java:setOMNodeSpecificConfigs(240)) - Setting configuration key ozone.om.address with value of key ozone.om.address: 127.0.0.1:0
2019-09-24 02:24:29,281 [main] INFO  ha.OMHANodeDetails (OMHANodeDetails.java:getOMNodeDetails(192)) - OM Service ID is not set. Setting it to the default ID: omServiceIdDefault
2019-09-24 02:24:29,281 [main] WARN  server.ServerUtils (ServerUtils.java:getDBPath(222)) - ozone.om.db.dirs is not configured. We recommend adding this setting. Falling back to ozone.metadata.dirs instead.
2019-09-24 02:24:29,282 [main] WARN  server.ServerUtils (ServerUtils.java:getDBPath(222)) - ozone.om.db.dirs is not configured. We recommend adding this setting. Falling back to ozone.metadata.dirs instead.
2019-09-24 02:24:29,296 [main] WARN  server.ServerUtils (ServerUtils.java:getDBPath(222)) - ozone.om.db.dirs is not configured. We recommend adding this setting. Falling back to ozone.metadata.dirs instead.
2019-09-24 02:24:29,296 [main] INFO  db.DBStoreBuilder (DBStoreBuilder.java:addTable(110)) - using custom profile for table: userTable
2019-09-24 02:24:29,296 [main] INFO  db.DBStoreBuilder (DBStoreBuilder.java:processTables(161)) - Using default column profile:DBProfile.DISK for Table:userTable
2019-09-24 02:24:29,297 [main] INFO  db.DBStoreBuilder (DBStoreBuilder.java:addTable(110)) - using custom profile for table: volumeTable
2019-09-24 02:24:29,297 [main] INFO  db.DBStoreBuilder (DBStoreBuilder.java:processTables(161)) - Using default column profile:DBProfile.DISK for Table:volumeTable
2019-09-24 02:24:29,297 [main] INFO  db.DBStoreBuilder (DBStoreBuilder.java:addTable(110)) - using custom profile for table: bucketTable
2019-09-24 02:24:29,297 [main] INFO  db.DBStoreBuilder (DBStoreBuilder.java:processTables(161)) - Using default column profile:DBProfile.DISK for Table:bucketTable
2019-09-24 02:24:29,297 [main] INFO  db.DBStoreBuilder (DBStoreBuilder.java:addTable(110)) - using custom profile for table: keyTable
2019-09-24 02:24:29,298 [main] INFO  db.DBStoreBuilder (DBStoreBuilder.java:processTables(161)) - Using default column profile:DBProfile.DISK for Table:keyTable
2019-09-24 02:24:29,298 [main] INFO  db.DBStoreBuilder (DBStoreBuilder.java:addTable(110)) - using custom profile for table: deletedTable
2019-09-24 02:24:29,298 [main] INFO  db.DBStoreBuilder (DBStoreBuilder.java:processTables(161)) - Using default column profile:DBProfile.DISK for Table:deletedTable
2019-09-24 02:24:29,298 [main] INFO  db.DBStoreBuilder (DBStoreBuilder.java:addTable(110)) - using custom profile for table: openKeyTable
2019-09-24 02:24:29,298 [main] INFO  db.DBStoreBuilder (DBStoreBuilder.java:processTables(161)) - Using default column profile:DBProfile.DISK for Table:openKeyTable
2019-09-24 02:24:29,298 [main] INFO  db.DBStoreBuilder (DBStoreBuilder.java:addTable(110)) - using custom profile for table: s3Table
2019-09-24 02:24:29,299 [main] INFO  db.DBStoreBuilder (DBStoreBuilder.java:processTables(161)) - Using default column profile:DBProfile.DISK for Table:s3Table
2019-09-24 02:24:29,299 [main] INFO  db.DBStoreBuilder (DBStoreBuilder.java:addTable(110)) - using custom profile for table: multipartInfoTable
2019-09-24 02:24:29,299 [main] INFO  db.DBStoreBuilder (DBStoreBuilder.java:processTables(161)) - Using default column profile:DBProfile.DISK for Table:multipartInfoTable
2019-09-24 02:24:29,299 [main] INFO  db.DBStoreBuilder (DBStoreBuilder.java:addTable(110)) - using custom profile for table: dTokenTable
2019-09-24 02:24:29,299 [main] INFO  db.DBStoreBuilder (DBStoreBuilder.java:processTables(161)) - Using default column profile:DBProfile.DISK for Table:dTokenTable
2019-09-24 02:24:29,299 [main] INFO  db.DBStoreBuilder (DBStoreBuilder.java:addTable(110)) - using custom profile for table: s3SecretTable
2019-09-24 02:24:29,300 [main] INFO  db.DBStoreBuilder (DBStoreBuilder.java:processTables(161)) - Using default column profile:DBProfile.DISK for Table:s3SecretTable
2019-09-24 02:24:29,300 [main] INFO  db.DBStoreBuilder (DBStoreBuilder.java:addTable(110)) - using custom profile for table: prefixTable
2019-09-24 02:24:29,300 [main] INFO  db.DBStoreBuilder (DBStoreBuilder.java:processTables(161)) - Using default column profile:DBProfile.DISK for Table:prefixTable
2019-09-24 02:24:29,300 [main] INFO  db.DBStoreBuilder (DBStoreBuilder.java:addTable(110)) - using custom profile for table: default
2019-09-24 02:24:29,300 [main] INFO  db.DBStoreBuilder (DBStoreBuilder.java:processTables(167)) - Using default column profile:DBProfile.DISK for Table:default
2019-09-24 02:24:29,300 [main] INFO  db.DBStoreBuilder (DBStoreBuilder.java:getDbProfile(198)) - Using default options. DBProfile.DISK
2019-09-24 02:24:29,739 [main] INFO  ipc.CallQueueManager (CallQueueManager.java:<init>(84)) - Using callQueue: class java.util.concurrent.LinkedBlockingQueue, queueCapacity: 2000, scheduler: class org.apache.hadoop.ipc.DefaultRpcScheduler, ipcBackoff: false.
2019-09-24 02:24:29,739 [Socket Reader #1 for port 45762] INFO  ipc.Server (Server.java:run(1074)) - Starting Socket Reader #1 for port 45762
2019-09-24 02:24:29,760 [main] INFO  om.OzoneManager (OzoneManager.java:start(1075)) - OzoneManager RPC server is listening at localhost/127.0.0.1:45762
2019-09-24 02:24:29,761 [main] INFO  impl.MetricsSystemImpl (MetricsSystemImpl.java:init(158)) - OzoneManager metrics system started (again)
2019-09-24 02:24:29,762 [IPC Server Responder] INFO  ipc.Server (Server.java:run(1314)) - IPC Server Responder: starting
2019-09-24 02:24:29,762 [IPC Server listener on 45762] INFO  ipc.Server (Server.java:run(1153)) - IPC Server listener on 45762: starting
2019-09-24 02:24:29,768 [main] INFO  hdfs.DFSUtil (DFSUtil.java:httpServerTemplateForNNAndJN(1641)) - Starting Web-server for ozoneManager at: http://0.0.0.0:0
2019-09-24 02:24:29,770 [main] INFO  server.AuthenticationFilter (AuthenticationFilter.java:constructSecretProvider(240)) - Unable to initialize FileSignerSecretProvider, falling back to use random secrets.
2019-09-24 02:24:29,770 [main] WARN  http.HttpRequestLog (HttpRequestLog.java:getRequestLog(97)) - Jetty request log can only be enabled using Log4j
2019-09-24 02:24:29,773 [main] INFO  http.HttpServer2 (HttpServer2.java:addGlobalFilter(975)) - Added global filter 'safety' (class=org.apache.hadoop.http.HttpServer2$QuotingInputFilter)
2019-09-24 02:24:29,774 [main] INFO  http.HttpServer2 (HttpServer2.java:addFilter(948)) - Added filter static_user_filter (class=org.apache.hadoop.http.lib.StaticUserWebFilter$StaticUserFilter) to context ozoneManager
2019-09-24 02:24:29,774 [main] INFO  http.HttpServer2 (HttpServer2.java:addFilter(958)) - Added filter static_user_filter (class=org.apache.hadoop.http.lib.StaticUserWebFilter$StaticUserFilter) to context logs
2019-09-24 02:24:29,774 [main] INFO  http.HttpServer2 (HttpServer2.java:addFilter(958)) - Added filter static_user_filter (class=org.apache.hadoop.http.lib.StaticUserWebFilter$StaticUserFilter) to context static
2019-09-24 02:24:29,776 [main] INFO  http.HttpServer2 (HttpServer2.java:bindListener(1191)) - Jetty bound to port 41349
2019-09-24 02:24:29,776 [main] INFO  server.Server (Server.java:doStart(351)) - jetty-9.3.25.v20180904, build timestamp: 2018-09-04T21:11:46Z, git hash: 3ce520221d0240229c862b122d2b06c12a625732
2019-09-24 02:24:29,778 [main] INFO  handler.ContextHandler (ContextHandler.java:doStart(781)) - Started o.e.j.s.ServletContextHandler@79aee22a{/logs,file:///workdir/hadoop-ozone/integration-test/target/log,AVAILABLE}
2019-09-24 02:24:29,779 [main] INFO  handler.ContextHandler (ContextHandler.java:doStart(781)) - Started o.e.j.s.ServletContextHandler@61514735{/static,file:///workdir/hadoop-ozone/integration-test/target/test-classes/webapps/static,AVAILABLE}
2019-09-24 02:24:29,785 [main] INFO  handler.ContextHandler (ContextHandler.java:doStart(781)) - Started o.e.j.w.WebAppContext@314b9e4b{/,file:///workdir/hadoop-ozone/integration-test/target/test-classes/webapps/ozoneManager/,AVAILABLE}{/ozoneManager}
2019-09-24 02:24:29,786 [main] INFO  server.AbstractConnector (AbstractConnector.java:doStart(278)) - Started ServerConnector@6f1b8544{HTTP/1.1,[http/1.1]}{0.0.0.0:41349}
2019-09-24 02:24:29,787 [main] INFO  server.Server (Server.java:doStart(419)) - Started @149030ms
2019-09-24 02:24:29,787 [main] WARN  impl.MetricsSystemImpl (MetricsSystemImpl.java:register(276)) - Sink prometheus already exists!
2019-09-24 02:24:29,788 [main] INFO  server.BaseHttpServer (BaseHttpServer.java:updateConnectorAddress(215)) - HTTP server of OZONEMANAGER is listening at http://0.0.0.0:41349
2019-09-24 02:24:29,819 [main] INFO  impl.MetricsSystemImpl (MetricsSystemImpl.java:init(158)) - HddsDatanode metrics system started (again)
2019-09-24 02:24:29,822 [main] INFO  ozone.HddsDatanodeService (HddsDatanodeService.java:start(184)) - HddsDatanodeService host:pr-hdds-2162-tjkd5-3209850126 ip:192.168.151.121
2019-09-24 02:24:29,828 [main] INFO  volume.HddsVolume (HddsVolume.java:<init>(176)) - Creating Volume: /workdir/hadoop-ozone/integration-test/target/test-dir/MiniOzoneClusterImpl-69b5c385-cdb4-4487-be19-c3541ab4b602/datanode-0/data/containers/hdds of  storage type : DISK and capacity : 1482555576320
2019-09-24 02:24:29,828 [main] INFO  volume.VolumeSet (VolumeSet.java:initializeVolumeSet(170)) - Added Volume : /workdir/hadoop-ozone/integration-test/target/test-dir/MiniOzoneClusterImpl-69b5c385-cdb4-4487-be19-c3541ab4b602/datanode-0/data/containers/hdds to VolumeSet
2019-09-24 02:24:29,828 [main] INFO  volume.ThrottledAsyncChecker (ThrottledAsyncChecker.java:schedule(139)) - Scheduling a check for org.apache.hadoop.ozone.container.common.volume.HddsVolume@10947c4e
2019-09-24 02:24:29,829 [main] INFO  volume.HddsVolumeChecker (HddsVolumeChecker.java:checkAllVolumes(202)) - Scheduled health check for volume org.apache.hadoop.ozone.container.common.volume.HddsVolume@10947c4e
2019-09-24 02:24:29,844 [main] INFO  impl.RaftServerProxy (ConfUtils.java:logGet(43)) - raft.rpc.type = GRPC (default)
2019-09-24 02:24:29,844 [main] INFO  grpc.GrpcFactory (GrpcFactory.java:checkPooledByteBufAllocatorUseCacheForAllThreads(45)) - PERFORMANCE WARNING: useCacheForAllThreads is true that may cause Netty to create a lot garbage objects and, as a result, trigger GC.
	It is recommended to disable useCacheForAllThreads by setting -Dorg.apache.ratis.thirdparty.io.netty.allocator.useCacheForAllThreads=false in command line.
2019-09-24 02:24:29,845 [main] INFO  grpc.GrpcConfigKeys$Server (ConfUtils.java:logGet(43)) - raft.grpc.server.port = 0 (default)
2019-09-24 02:24:29,845 [main] INFO  server.GrpcService (ConfUtils.java:logGet(43)) - raft.grpc.message.size.max = 33570816 (custom)
2019-09-24 02:24:29,845 [main] INFO  server.RaftServerConfigKeys (ConfUtils.java:logGet(43)) - raft.server.log.appender.buffer.byte-limit = 33554432 (custom)
2019-09-24 02:24:29,845 [main] INFO  server.GrpcService (ConfUtils.java:logGet(43)) - raft.grpc.flow.control.window = 1MB (=1048576) (default)
2019-09-24 02:24:29,846 [main] INFO  server.RaftServerConfigKeys (ConfUtils.java:logGet(43)) - raft.server.rpc.request.timeout = 3000ms (default)
2019-09-24 02:24:29,846 [main] INFO  server.RaftServerConfigKeys (ConfUtils.java:logGet(43)) - raft.server.storage.dir = [/workdir/hadoop-ozone/integration-test/target/test-dir/MiniOzoneClusterImpl-69b5c385-cdb4-4487-be19-c3541ab4b602/datanode-0/data/ratis] (custom)
2019-09-24 02:24:29,848 [main] INFO  hdfs.DFSUtil (DFSUtil.java:httpServerTemplateForNNAndJN(1641)) - Starting Web-server for hddsDatanode at: http://0.0.0.0:0
2019-09-24 02:24:29,849 [main] INFO  server.AuthenticationFilter (AuthenticationFilter.java:constructSecretProvider(240)) - Unable to initialize FileSignerSecretProvider, falling back to use random secrets.
2019-09-24 02:24:29,850 [main] WARN  http.HttpRequestLog (HttpRequestLog.java:getRequestLog(97)) - Jetty request log can only be enabled using Log4j
2019-09-24 02:24:29,851 [main] INFO  http.HttpServer2 (HttpServer2.java:addGlobalFilter(975)) - Added global filter 'safety' (class=org.apache.hadoop.http.HttpServer2$QuotingInputFilter)
2019-09-24 02:24:29,852 [main] INFO  http.HttpServer2 (HttpServer2.java:addFilter(948)) - Added filter static_user_filter (class=org.apache.hadoop.http.lib.StaticUserWebFilter$StaticUserFilter) to context hddsDatanode
2019-09-24 02:24:29,852 [main] INFO  http.HttpServer2 (HttpServer2.java:addFilter(958)) - Added filter static_user_filter (class=org.apache.hadoop.http.lib.StaticUserWebFilter$StaticUserFilter) to context logs
2019-09-24 02:24:29,852 [main] INFO  http.HttpServer2 (HttpServer2.java:addFilter(958)) - Added filter static_user_filter (class=org.apache.hadoop.http.lib.StaticUserWebFilter$StaticUserFilter) to context static
2019-09-24 02:24:29,853 [main] INFO  http.HttpServer2 (HttpServer2.java:bindListener(1191)) - Jetty bound to port 35874
2019-09-24 02:24:29,853 [main] INFO  server.Server (Server.java:doStart(351)) - jetty-9.3.25.v20180904, build timestamp: 2018-09-04T21:11:46Z, git hash: 3ce520221d0240229c862b122d2b06c12a625732
2019-09-24 02:24:29,855 [main] INFO  handler.ContextHandler (ContextHandler.java:doStart(781)) - Started o.e.j.s.ServletContextHandler@4a2e7bcb{/logs,file:///workdir/hadoop-ozone/integration-test/target/log,AVAILABLE}
2019-09-24 02:24:29,855 [main] INFO  handler.ContextHandler (ContextHandler.java:doStart(781)) - Started o.e.j.s.ServletContextHandler@74f827ad{/static,jar:file:/home/user/.m2/repository/org/apache/hadoop/hadoop-hdds-container-service/0.5.0-SNAPSHOT/hadoop-hdds-container-service-0.5.0-SNAPSHOT.jar!/webapps/static,AVAILABLE}
2019-09-24 02:24:29,885 [main] INFO  handler.ContextHandler (ContextHandler.java:doStart(781)) - Started o.e.j.w.WebAppContext@239f017e{/,file:///tmp/jetty-0.0.0.0-35874-hddsDatanode-_-any-6219232173487818058.dir/webapp/,AVAILABLE}{/hddsDatanode}
2019-09-24 02:24:29,885 [main] INFO  server.AbstractConnector (AbstractConnector.java:doStart(278)) - Started ServerConnector@38cedb7d{HTTP/1.1,[http/1.1]}{0.0.0.0:35874}
2019-09-24 02:24:29,886 [main] INFO  server.Server (Server.java:doStart(419)) - Started @149129ms
2019-09-24 02:24:29,886 [main] WARN  impl.MetricsSystemImpl (MetricsSystemImpl.java:register(276)) - Sink prometheus already exists!
2019-09-24 02:24:29,888 [main] INFO  server.BaseHttpServer (BaseHttpServer.java:updateConnectorAddress(215)) - HTTP server of HDDSDATANODE is listening at http://0.0.0.0:35874
2019-09-24 02:24:29,889 [main] INFO  impl.MetricsSystemImpl (MetricsSystemImpl.java:init(158)) - HddsDatanode metrics system started (again)
2019-09-24 02:24:29,892 [org.apache.hadoop.util.JvmPauseMonitor$Monitor@50702cac] INFO  util.JvmPauseMonitor (JvmPauseMonitor.java:run(188)) - Starting JVM pause monitor
2019-09-24 02:24:29,892 [main] INFO  ozone.HddsDatanodeService (HddsDatanodeService.java:start(184)) - HddsDatanodeService host:pr-hdds-2162-tjkd5-3209850126 ip:192.168.151.121
2019-09-24 02:24:29,894 [Datanode State Machine Thread - 0] INFO  datanode.InitDatanodeState (InitDatanodeState.java:persistContainerDatanodeDetails(140)) - DatanodeDetails is persisted to /workdir/hadoop-ozone/integration-test/target/test-dir/MiniOzoneClusterImpl-69b5c385-cdb4-4487-be19-c3541ab4b602/datanode-0/meta/datanode.id
2019-09-24 02:24:29,898 [main] INFO  volume.HddsVolume (HddsVolume.java:<init>(176)) - Creating Volume: /workdir/hadoop-ozone/integration-test/target/test-dir/MiniOzoneClusterImpl-69b5c385-cdb4-4487-be19-c3541ab4b602/datanode-1/data/containers/hdds of  storage type : DISK and capacity : 1482555576320
2019-09-24 02:24:29,899 [main] INFO  volume.VolumeSet (VolumeSet.java:initializeVolumeSet(170)) - Added Volume : /workdir/hadoop-ozone/integration-test/target/test-dir/MiniOzoneClusterImpl-69b5c385-cdb4-4487-be19-c3541ab4b602/datanode-1/data/containers/hdds to VolumeSet
2019-09-24 02:24:29,899 [main] INFO  volume.ThrottledAsyncChecker (ThrottledAsyncChecker.java:schedule(139)) - Scheduling a check for org.apache.hadoop.ozone.container.common.volume.HddsVolume@2ee48610
2019-09-24 02:24:29,900 [main] INFO  volume.HddsVolumeChecker (HddsVolumeChecker.java:checkAllVolumes(202)) - Scheduled health check for volume org.apache.hadoop.ozone.container.common.volume.HddsVolume@2ee48610
2019-09-24 02:24:29,918 [main] INFO  impl.RaftServerProxy (ConfUtils.java:logGet(43)) - raft.rpc.type = GRPC (default)
2019-09-24 02:24:29,919 [main] INFO  grpc.GrpcFactory (GrpcFactory.java:checkPooledByteBufAllocatorUseCacheForAllThreads(45)) - PERFORMANCE WARNING: useCacheForAllThreads is true that may cause Netty to create a lot garbage objects and, as a result, trigger GC.
	It is recommended to disable useCacheForAllThreads by setting -Dorg.apache.ratis.thirdparty.io.netty.allocator.useCacheForAllThreads=false in command line.
2019-09-24 02:24:29,919 [main] INFO  grpc.GrpcConfigKeys$Server (ConfUtils.java:logGet(43)) - raft.grpc.server.port = 0 (default)
2019-09-24 02:24:29,919 [main] INFO  server.GrpcService (ConfUtils.java:logGet(43)) - raft.grpc.message.size.max = 33570816 (custom)
2019-09-24 02:24:29,920 [main] INFO  server.RaftServerConfigKeys (ConfUtils.java:logGet(43)) - raft.server.log.appender.buffer.byte-limit = 33554432 (custom)
2019-09-24 02:24:29,920 [main] INFO  server.GrpcService (ConfUtils.java:logGet(43)) - raft.grpc.flow.control.window = 1MB (=1048576) (default)
2019-09-24 02:24:29,920 [main] INFO  server.RaftServerConfigKeys (ConfUtils.java:logGet(43)) - raft.server.rpc.request.timeout = 3000ms (default)
2019-09-24 02:24:29,921 [main] INFO  server.RaftServerConfigKeys (ConfUtils.java:logGet(43)) - raft.server.storage.dir = [/workdir/hadoop-ozone/integration-test/target/test-dir/MiniOzoneClusterImpl-69b5c385-cdb4-4487-be19-c3541ab4b602/datanode-1/data/ratis] (custom)
2019-09-24 02:24:29,923 [main] INFO  hdfs.DFSUtil (DFSUtil.java:httpServerTemplateForNNAndJN(1641)) - Starting Web-server for hddsDatanode at: http://0.0.0.0:0
2019-09-24 02:24:29,924 [main] INFO  server.AuthenticationFilter (AuthenticationFilter.java:constructSecretProvider(240)) - Unable to initialize FileSignerSecretProvider, falling back to use random secrets.
2019-09-24 02:24:29,925 [main] WARN  http.HttpRequestLog (HttpRequestLog.java:getRequestLog(97)) - Jetty request log can only be enabled using Log4j
2019-09-24 02:24:29,926 [main] INFO  http.HttpServer2 (HttpServer2.java:addGlobalFilter(975)) - Added global filter 'safety' (class=org.apache.hadoop.http.HttpServer2$QuotingInputFilter)
2019-09-24 02:24:29,927 [main] INFO  http.HttpServer2 (HttpServer2.java:addFilter(948)) - Added filter static_user_filter (class=org.apache.hadoop.http.lib.StaticUserWebFilter$StaticUserFilter) to context hddsDatanode
2019-09-24 02:24:29,927 [main] INFO  http.HttpServer2 (HttpServer2.java:addFilter(958)) - Added filter static_user_filter (class=org.apache.hadoop.http.lib.StaticUserWebFilter$StaticUserFilter) to context static
2019-09-24 02:24:29,927 [main] INFO  http.HttpServer2 (HttpServer2.java:addFilter(958)) - Added filter static_user_filter (class=org.apache.hadoop.http.lib.StaticUserWebFilter$StaticUserFilter) to context logs
2019-09-24 02:24:29,928 [main] INFO  http.HttpServer2 (HttpServer2.java:bindListener(1191)) - Jetty bound to port 45841
2019-09-24 02:24:29,928 [main] INFO  server.Server (Server.java:doStart(351)) - jetty-9.3.25.v20180904, build timestamp: 2018-09-04T21:11:46Z, git hash: 3ce520221d0240229c862b122d2b06c12a625732
2019-09-24 02:24:29,930 [main] INFO  handler.ContextHandler (ContextHandler.java:doStart(781)) - Started o.e.j.s.ServletContextHandler@7e83992{/logs,file:///workdir/hadoop-ozone/integration-test/target/log,AVAILABLE}
2019-09-24 02:24:29,930 [main] INFO  handler.ContextHandler (ContextHandler.java:doStart(781)) - Started o.e.j.s.ServletContextHandler@3625a016{/static,jar:file:/home/user/.m2/repository/org/apache/hadoop/hadoop-hdds-container-service/0.5.0-SNAPSHOT/hadoop-hdds-container-service-0.5.0-SNAPSHOT.jar!/webapps/static,AVAILABLE}
2019-09-24 02:24:29,958 [main] INFO  handler.ContextHandler (ContextHandler.java:doStart(781)) - Started o.e.j.w.WebAppContext@712c5463{/,file:///tmp/jetty-0.0.0.0-45841-hddsDatanode-_-any-1208355919262628414.dir/webapp/,AVAILABLE}{/hddsDatanode}
2019-09-24 02:24:29,959 [main] INFO  server.AbstractConnector (AbstractConnector.java:doStart(278)) - Started ServerConnector@6d33a66e{HTTP/1.1,[http/1.1]}{0.0.0.0:45841}
2019-09-24 02:24:29,959 [main] INFO  server.Server (Server.java:doStart(419)) - Started @149203ms
2019-09-24 02:24:29,959 [main] WARN  impl.MetricsSystemImpl (MetricsSystemImpl.java:register(276)) - Sink prometheus already exists!
2019-09-24 02:24:29,960 [main] INFO  server.BaseHttpServer (BaseHttpServer.java:updateConnectorAddress(215)) - HTTP server of HDDSDATANODE is listening at http://0.0.0.0:45841
2019-09-24 02:24:29,960 [main] INFO  impl.MetricsSystemImpl (MetricsSystemImpl.java:init(158)) - HddsDatanode metrics system started (again)
2019-09-24 02:24:29,963 [main] INFO  ozone.HddsDatanodeService (HddsDatanodeService.java:start(184)) - HddsDatanodeService host:pr-hdds-2162-tjkd5-3209850126 ip:192.168.151.121
2019-09-24 02:24:29,963 [org.apache.hadoop.util.JvmPauseMonitor$Monitor@66669baa] INFO  util.JvmPauseMonitor (JvmPauseMonitor.java:run(188)) - Starting JVM pause monitor
2019-09-24 02:24:29,966 [Datanode State Machine Thread - 0] INFO  datanode.InitDatanodeState (InitDatanodeState.java:persistContainerDatanodeDetails(140)) - DatanodeDetails is persisted to /workdir/hadoop-ozone/integration-test/target/test-dir/MiniOzoneClusterImpl-69b5c385-cdb4-4487-be19-c3541ab4b602/datanode-1/meta/datanode.id
2019-09-24 02:24:29,968 [main] INFO  volume.HddsVolume (HddsVolume.java:<init>(176)) - Creating Volume: /workdir/hadoop-ozone/integration-test/target/test-dir/MiniOzoneClusterImpl-69b5c385-cdb4-4487-be19-c3541ab4b602/datanode-2/data/containers/hdds of  storage type : DISK and capacity : 1482555576320
2019-09-24 02:24:29,968 [main] INFO  volume.VolumeSet (VolumeSet.java:initializeVolumeSet(170)) - Added Volume : /workdir/hadoop-ozone/integration-test/target/test-dir/MiniOzoneClusterImpl-69b5c385-cdb4-4487-be19-c3541ab4b602/datanode-2/data/containers/hdds to VolumeSet
2019-09-24 02:24:29,969 [main] INFO  volume.ThrottledAsyncChecker (ThrottledAsyncChecker.java:schedule(139)) - Scheduling a check for org.apache.hadoop.ozone.container.common.volume.HddsVolume@1e977098
2019-09-24 02:24:29,969 [main] INFO  volume.HddsVolumeChecker (HddsVolumeChecker.java:checkAllVolumes(202)) - Scheduled health check for volume org.apache.hadoop.ozone.container.common.volume.HddsVolume@1e977098
2019-09-24 02:24:29,981 [main] INFO  impl.RaftServerProxy (ConfUtils.java:logGet(43)) - raft.rpc.type = GRPC (default)
2019-09-24 02:24:29,981 [main] INFO  grpc.GrpcFactory (GrpcFactory.java:checkPooledByteBufAllocatorUseCacheForAllThreads(45)) - PERFORMANCE WARNING: useCacheForAllThreads is true that may cause Netty to create a lot garbage objects and, as a result, trigger GC.
	It is recommended to disable useCacheForAllThreads by setting -Dorg.apache.ratis.thirdparty.io.netty.allocator.useCacheForAllThreads=false in command line.
2019-09-24 02:24:29,981 [main] INFO  grpc.GrpcConfigKeys$Server (ConfUtils.java:logGet(43)) - raft.grpc.server.port = 0 (default)
2019-09-24 02:24:29,981 [main] INFO  server.GrpcService (ConfUtils.java:logGet(43)) - raft.grpc.message.size.max = 33570816 (custom)
2019-09-24 02:24:29,982 [main] INFO  server.RaftServerConfigKeys (ConfUtils.java:logGet(43)) - raft.server.log.appender.buffer.byte-limit = 33554432 (custom)
2019-09-24 02:24:29,982 [main] INFO  server.GrpcService (ConfUtils.java:logGet(43)) - raft.grpc.flow.control.window = 1MB (=1048576) (default)
2019-09-24 02:24:29,982 [main] INFO  server.RaftServerConfigKeys (ConfUtils.java:logGet(43)) - raft.server.rpc.request.timeout = 3000ms (default)
2019-09-24 02:24:29,982 [main] INFO  server.RaftServerConfigKeys (ConfUtils.java:logGet(43)) - raft.server.storage.dir = [/workdir/hadoop-ozone/integration-test/target/test-dir/MiniOzoneClusterImpl-69b5c385-cdb4-4487-be19-c3541ab4b602/datanode-2/data/ratis] (custom)
2019-09-24 02:24:29,984 [main] INFO  hdfs.DFSUtil (DFSUtil.java:httpServerTemplateForNNAndJN(1641)) - Starting Web-server for hddsDatanode at: http://0.0.0.0:0
2019-09-24 02:24:29,986 [main] INFO  server.AuthenticationFilter (AuthenticationFilter.java:constructSecretProvider(240)) - Unable to initialize FileSignerSecretProvider, falling back to use random secrets.
2019-09-24 02:24:29,986 [main] WARN  http.HttpRequestLog (HttpRequestLog.java:getRequestLog(97)) - Jetty request log can only be enabled using Log4j
2019-09-24 02:24:29,988 [main] INFO  http.HttpServer2 (HttpServer2.java:addGlobalFilter(975)) - Added global filter 'safety' (class=org.apache.hadoop.http.HttpServer2$QuotingInputFilter)
2019-09-24 02:24:29,989 [main] INFO  http.HttpServer2 (HttpServer2.java:addFilter(948)) - Added filter static_user_filter (class=org.apache.hadoop.http.lib.StaticUserWebFilter$StaticUserFilter) to context hddsDatanode
2019-09-24 02:24:29,989 [main] INFO  http.HttpServer2 (HttpServer2.java:addFilter(958)) - Added filter static_user_filter (class=org.apache.hadoop.http.lib.StaticUserWebFilter$StaticUserFilter) to context logs
2019-09-24 02:24:29,990 [main] INFO  http.HttpServer2 (HttpServer2.java:addFilter(958)) - Added filter static_user_filter (class=org.apache.hadoop.http.lib.StaticUserWebFilter$StaticUserFilter) to context static
2019-09-24 02:24:29,991 [main] INFO  http.HttpServer2 (HttpServer2.java:bindListener(1191)) - Jetty bound to port 34913
2019-09-24 02:24:29,991 [main] INFO  server.Server (Server.java:doStart(351)) - jetty-9.3.25.v20180904, build timestamp: 2018-09-04T21:11:46Z, git hash: 3ce520221d0240229c862b122d2b06c12a625732
2019-09-24 02:24:29,993 [main] INFO  handler.ContextHandler (ContextHandler.java:doStart(781)) - Started o.e.j.s.ServletContextHandler@3a2e9f5b{/logs,file:///workdir/hadoop-ozone/integration-test/target/log,AVAILABLE}
2019-09-24 02:24:29,994 [main] INFO  handler.ContextHandler (ContextHandler.java:doStart(781)) - Started o.e.j.s.ServletContextHandler@10c47c79{/static,jar:file:/home/user/.m2/repository/org/apache/hadoop/hadoop-hdds-container-service/0.5.0-SNAPSHOT/hadoop-hdds-container-service-0.5.0-SNAPSHOT.jar!/webapps/static,AVAILABLE}
2019-09-24 02:24:30,036 [main] INFO  handler.ContextHandler (ContextHandler.java:doStart(781)) - Started o.e.j.w.WebAppContext@6ef60295{/,file:///tmp/jetty-0.0.0.0-34913-hddsDatanode-_-any-5065339060065797555.dir/webapp/,AVAILABLE}{/hddsDatanode}
2019-09-24 02:24:30,038 [main] INFO  server.AbstractConnector (AbstractConnector.java:doStart(278)) - Started ServerConnector@3127cb44{HTTP/1.1,[http/1.1]}{0.0.0.0:34913}
2019-09-24 02:24:30,038 [main] INFO  server.Server (Server.java:doStart(419)) - Started @149281ms
2019-09-24 02:24:30,038 [main] WARN  impl.MetricsSystemImpl (MetricsSystemImpl.java:register(276)) - Sink prometheus already exists!
2019-09-24 02:24:30,039 [main] INFO  server.BaseHttpServer (BaseHttpServer.java:updateConnectorAddress(215)) - HTTP server of HDDSDATANODE is listening at http://0.0.0.0:34913
2019-09-24 02:24:30,039 [main] INFO  impl.MetricsSystemImpl (MetricsSystemImpl.java:init(158)) - HddsDatanode metrics system started (again)
2019-09-24 02:24:30,042 [main] INFO  ozone.HddsDatanodeService (HddsDatanodeService.java:start(184)) - HddsDatanodeService host:pr-hdds-2162-tjkd5-3209850126 ip:192.168.151.121
2019-09-24 02:24:30,042 [org.apache.hadoop.util.JvmPauseMonitor$Monitor@2bea98ae] INFO  util.JvmPauseMonitor (JvmPauseMonitor.java:run(188)) - Starting JVM pause monitor
2019-09-24 02:24:30,045 [Datanode State Machine Thread - 0] INFO  datanode.InitDatanodeState (InitDatanodeState.java:persistContainerDatanodeDetails(140)) - DatanodeDetails is persisted to /workdir/hadoop-ozone/integration-test/target/test-dir/MiniOzoneClusterImpl-69b5c385-cdb4-4487-be19-c3541ab4b602/datanode-2/meta/datanode.id
2019-09-24 02:24:30,048 [main] INFO  volume.HddsVolume (HddsVolume.java:<init>(176)) - Creating Volume: /workdir/hadoop-ozone/integration-test/target/test-dir/MiniOzoneClusterImpl-69b5c385-cdb4-4487-be19-c3541ab4b602/datanode-3/data/containers/hdds of  storage type : DISK and capacity : 1482555576320
2019-09-24 02:24:30,049 [main] INFO  volume.VolumeSet (VolumeSet.java:initializeVolumeSet(170)) - Added Volume : /workdir/hadoop-ozone/integration-test/target/test-dir/MiniOzoneClusterImpl-69b5c385-cdb4-4487-be19-c3541ab4b602/datanode-3/data/containers/hdds to VolumeSet
2019-09-24 02:24:30,049 [main] INFO  volume.ThrottledAsyncChecker (ThrottledAsyncChecker.java:schedule(139)) - Scheduling a check for org.apache.hadoop.ozone.container.common.volume.HddsVolume@2577a95d
2019-09-24 02:24:30,049 [main] INFO  volume.HddsVolumeChecker (HddsVolumeChecker.java:checkAllVolumes(202)) - Scheduled health check for volume org.apache.hadoop.ozone.container.common.volume.HddsVolume@2577a95d
2019-09-24 02:24:30,062 [main] INFO  impl.RaftServerProxy (ConfUtils.java:logGet(43)) - raft.rpc.type = GRPC (default)
2019-09-24 02:24:30,062 [main] INFO  grpc.GrpcFactory (GrpcFactory.java:checkPooledByteBufAllocatorUseCacheForAllThreads(45)) - PERFORMANCE WARNING: useCacheForAllThreads is true that may cause Netty to create a lot garbage objects and, as a result, trigger GC.
	It is recommended to disable useCacheForAllThreads by setting -Dorg.apache.ratis.thirdparty.io.netty.allocator.useCacheForAllThreads=false in command line.
2019-09-24 02:24:30,062 [main] INFO  grpc.GrpcConfigKeys$Server (ConfUtils.java:logGet(43)) - raft.grpc.server.port = 0 (default)
2019-09-24 02:24:30,063 [main] INFO  server.GrpcService (ConfUtils.java:logGet(43)) - raft.grpc.message.size.max = 33570816 (custom)
2019-09-24 02:24:30,063 [main] INFO  server.RaftServerConfigKeys (ConfUtils.java:logGet(43)) - raft.server.log.appender.buffer.byte-limit = 33554432 (custom)
2019-09-24 02:24:30,063 [main] INFO  server.GrpcService (ConfUtils.java:logGet(43)) - raft.grpc.flow.control.window = 1MB (=1048576) (default)
2019-09-24 02:24:30,063 [main] INFO  server.RaftServerConfigKeys (ConfUtils.java:logGet(43)) - raft.server.rpc.request.timeout = 3000ms (default)
2019-09-24 02:24:30,064 [main] INFO  server.RaftServerConfigKeys (ConfUtils.java:logGet(43)) - raft.server.storage.dir = [/workdir/hadoop-ozone/integration-test/target/test-dir/MiniOzoneClusterImpl-69b5c385-cdb4-4487-be19-c3541ab4b602/datanode-3/data/ratis] (custom)
2019-09-24 02:24:30,065 [main] INFO  hdfs.DFSUtil (DFSUtil.java:httpServerTemplateForNNAndJN(1641)) - Starting Web-server for hddsDatanode at: http://0.0.0.0:0
2019-09-24 02:24:30,066 [main] INFO  server.AuthenticationFilter (AuthenticationFilter.java:constructSecretProvider(240)) - Unable to initialize FileSignerSecretProvider, falling back to use random secrets.
2019-09-24 02:24:30,067 [main] WARN  http.HttpRequestLog (HttpRequestLog.java:getRequestLog(97)) - Jetty request log can only be enabled using Log4j
2019-09-24 02:24:30,069 [main] INFO  http.HttpServer2 (HttpServer2.java:addGlobalFilter(975)) - Added global filter 'safety' (class=org.apache.hadoop.http.HttpServer2$QuotingInputFilter)
2019-09-24 02:24:30,070 [main] INFO  http.HttpServer2 (HttpServer2.java:addFilter(948)) - Added filter static_user_filter (class=org.apache.hadoop.http.lib.StaticUserWebFilter$StaticUserFilter) to context hddsDatanode
2019-09-24 02:24:30,070 [main] INFO  http.HttpServer2 (HttpServer2.java:addFilter(958)) - Added filter static_user_filter (class=org.apache.hadoop.http.lib.StaticUserWebFilter$StaticUserFilter) to context static
2019-09-24 02:24:30,071 [main] INFO  http.HttpServer2 (HttpServer2.java:addFilter(958)) - Added filter static_user_filter (class=org.apache.hadoop.http.lib.StaticUserWebFilter$StaticUserFilter) to context logs
2019-09-24 02:24:30,072 [main] INFO  http.HttpServer2 (HttpServer2.java:bindListener(1191)) - Jetty bound to port 40755
2019-09-24 02:24:30,072 [main] INFO  server.Server (Server.java:doStart(351)) - jetty-9.3.25.v20180904, build timestamp: 2018-09-04T21:11:46Z, git hash: 3ce520221d0240229c862b122d2b06c12a625732
2019-09-24 02:24:30,074 [main] INFO  handler.ContextHandler (ContextHandler.java:doStart(781)) - Started o.e.j.s.ServletContextHandler@7209ffb5{/logs,file:///workdir/hadoop-ozone/integration-test/target/log,AVAILABLE}
2019-09-24 02:24:30,075 [main] INFO  handler.ContextHandler (ContextHandler.java:doStart(781)) - Started o.e.j.s.ServletContextHandler@2fe74516{/static,jar:file:/home/user/.m2/repository/org/apache/hadoop/hadoop-hdds-container-service/0.5.0-SNAPSHOT/hadoop-hdds-container-service-0.5.0-SNAPSHOT.jar!/webapps/static,AVAILABLE}
2019-09-24 02:24:30,119 [main] INFO  handler.ContextHandler (ContextHandler.java:doStart(781)) - Started o.e.j.w.WebAppContext@650c405c{/,file:///tmp/jetty-0.0.0.0-40755-hddsDatanode-_-any-6749620465724556836.dir/webapp/,AVAILABLE}{/hddsDatanode}
2019-09-24 02:24:30,119 [main] INFO  server.AbstractConnector (AbstractConnector.java:doStart(278)) - Started ServerConnector@20eaeaf8{HTTP/1.1,[http/1.1]}{0.0.0.0:40755}
2019-09-24 02:24:30,121 [main] INFO  server.Server (Server.java:doStart(419)) - Started @149364ms
2019-09-24 02:24:30,121 [main] WARN  impl.MetricsSystemImpl (MetricsSystemImpl.java:register(276)) - Sink prometheus already exists!
2019-09-24 02:24:30,122 [main] INFO  server.BaseHttpServer (BaseHttpServer.java:updateConnectorAddress(215)) - HTTP server of HDDSDATANODE is listening at http://0.0.0.0:40755
2019-09-24 02:24:30,122 [main] INFO  impl.MetricsSystemImpl (MetricsSystemImpl.java:init(158)) - HddsDatanode metrics system started (again)
2019-09-24 02:24:30,126 [org.apache.hadoop.util.JvmPauseMonitor$Monitor@8e14205] INFO  util.JvmPauseMonitor (JvmPauseMonitor.java:run(188)) - Starting JVM pause monitor
2019-09-24 02:24:30,126 [main] INFO  ozone.HddsDatanodeService (HddsDatanodeService.java:start(184)) - HddsDatanodeService host:pr-hdds-2162-tjkd5-3209850126 ip:192.168.151.121
2019-09-24 02:24:30,129 [Datanode State Machine Thread - 0] INFO  datanode.InitDatanodeState (InitDatanodeState.java:persistContainerDatanodeDetails(140)) - DatanodeDetails is persisted to /workdir/hadoop-ozone/integration-test/target/test-dir/MiniOzoneClusterImpl-69b5c385-cdb4-4487-be19-c3541ab4b602/datanode-3/meta/datanode.id
2019-09-24 02:24:30,133 [main] INFO  volume.HddsVolume (HddsVolume.java:<init>(176)) - Creating Volume: /workdir/hadoop-ozone/integration-test/target/test-dir/MiniOzoneClusterImpl-69b5c385-cdb4-4487-be19-c3541ab4b602/datanode-4/data/containers/hdds of  storage type : DISK and capacity : 1482555576320
2019-09-24 02:24:30,134 [main] INFO  volume.VolumeSet (VolumeSet.java:initializeVolumeSet(170)) - Added Volume : /workdir/hadoop-ozone/integration-test/target/test-dir/MiniOzoneClusterImpl-69b5c385-cdb4-4487-be19-c3541ab4b602/datanode-4/data/containers/hdds to VolumeSet
2019-09-24 02:24:30,134 [main] INFO  volume.ThrottledAsyncChecker (ThrottledAsyncChecker.java:schedule(139)) - Scheduling a check for org.apache.hadoop.ozone.container.common.volume.HddsVolume@60990e5c
2019-09-24 02:24:30,135 [main] INFO  volume.HddsVolumeChecker (HddsVolumeChecker.java:checkAllVolumes(202)) - Scheduled health check for volume org.apache.hadoop.ozone.container.common.volume.HddsVolume@60990e5c
2019-09-24 02:24:30,152 [main] INFO  impl.RaftServerProxy (ConfUtils.java:logGet(43)) - raft.rpc.type = GRPC (default)
2019-09-24 02:24:30,152 [main] INFO  grpc.GrpcFactory (GrpcFactory.java:checkPooledByteBufAllocatorUseCacheForAllThreads(45)) - PERFORMANCE WARNING: useCacheForAllThreads is true that may cause Netty to create a lot garbage objects and, as a result, trigger GC.
	It is recommended to disable useCacheForAllThreads by setting -Dorg.apache.ratis.thirdparty.io.netty.allocator.useCacheForAllThreads=false in command line.
2019-09-24 02:24:30,152 [main] INFO  grpc.GrpcConfigKeys$Server (ConfUtils.java:logGet(43)) - raft.grpc.server.port = 0 (default)
2019-09-24 02:24:30,153 [main] INFO  server.GrpcService (ConfUtils.java:logGet(43)) - raft.grpc.message.size.max = 33570816 (custom)
2019-09-24 02:24:30,153 [main] INFO  server.RaftServerConfigKeys (ConfUtils.java:logGet(43)) - raft.server.log.appender.buffer.byte-limit = 33554432 (custom)
2019-09-24 02:24:30,153 [main] INFO  server.GrpcService (ConfUtils.java:logGet(43)) - raft.grpc.flow.control.window = 1MB (=1048576) (default)
2019-09-24 02:24:30,154 [main] INFO  server.RaftServerConfigKeys (ConfUtils.java:logGet(43)) - raft.server.rpc.request.timeout = 3000ms (default)
2019-09-24 02:24:30,154 [main] INFO  server.RaftServerConfigKeys (ConfUtils.java:logGet(43)) - raft.server.storage.dir = [/workdir/hadoop-ozone/integration-test/target/test-dir/MiniOzoneClusterImpl-69b5c385-cdb4-4487-be19-c3541ab4b602/datanode-4/data/ratis] (custom)
2019-09-24 02:24:30,156 [main] INFO  hdfs.DFSUtil (DFSUtil.java:httpServerTemplateForNNAndJN(1641)) - Starting Web-server for hddsDatanode at: http://0.0.0.0:0
2019-09-24 02:24:30,157 [main] INFO  server.AuthenticationFilter (AuthenticationFilter.java:constructSecretProvider(240)) - Unable to initialize FileSignerSecretProvider, falling back to use random secrets.
2019-09-24 02:24:30,158 [main] WARN  http.HttpRequestLog (HttpRequestLog.java:getRequestLog(97)) - Jetty request log can only be enabled using Log4j
2019-09-24 02:24:30,160 [main] INFO  http.HttpServer2 (HttpServer2.java:addGlobalFilter(975)) - Added global filter 'safety' (class=org.apache.hadoop.http.HttpServer2$QuotingInputFilter)
2019-09-24 02:24:30,160 [main] INFO  http.HttpServer2 (HttpServer2.java:addFilter(948)) - Added filter static_user_filter (class=org.apache.hadoop.http.lib.StaticUserWebFilter$StaticUserFilter) to context hddsDatanode
2019-09-24 02:24:30,161 [main] INFO  http.HttpServer2 (HttpServer2.java:addFilter(958)) - Added filter static_user_filter (class=org.apache.hadoop.http.lib.StaticUserWebFilter$StaticUserFilter) to context logs
2019-09-24 02:24:30,161 [main] INFO  http.HttpServer2 (HttpServer2.java:addFilter(958)) - Added filter static_user_filter (class=org.apache.hadoop.http.lib.StaticUserWebFilter$StaticUserFilter) to context static
2019-09-24 02:24:30,162 [main] INFO  http.HttpServer2 (HttpServer2.java:bindListener(1191)) - Jetty bound to port 39755
2019-09-24 02:24:30,162 [main] INFO  server.Server (Server.java:doStart(351)) - jetty-9.3.25.v20180904, build timestamp: 2018-09-04T21:11:46Z, git hash: 3ce520221d0240229c862b122d2b06c12a625732
2019-09-24 02:24:30,164 [main] INFO  handler.ContextHandler (ContextHandler.java:doStart(781)) - Started o.e.j.s.ServletContextHandler@315105f{/logs,file:///workdir/hadoop-ozone/integration-test/target/log,AVAILABLE}
2019-09-24 02:24:30,165 [main] INFO  handler.ContextHandler (ContextHandler.java:doStart(781)) - Started o.e.j.s.ServletContextHandler@40247d48{/static,jar:file:/home/user/.m2/repository/org/apache/hadoop/hadoop-hdds-container-service/0.5.0-SNAPSHOT/hadoop-hdds-container-service-0.5.0-SNAPSHOT.jar!/webapps/static,AVAILABLE}
2019-09-24 02:24:30,201 [main] INFO  handler.ContextHandler (ContextHandler.java:doStart(781)) - Started o.e.j.w.WebAppContext@6ff0b1cc{/,file:///tmp/jetty-0.0.0.0-39755-hddsDatanode-_-any-7437984993852115223.dir/webapp/,AVAILABLE}{/hddsDatanode}
2019-09-24 02:24:30,201 [main] INFO  server.AbstractConnector (AbstractConnector.java:doStart(278)) - Started ServerConnector@3b55dd15{HTTP/1.1,[http/1.1]}{0.0.0.0:39755}
2019-09-24 02:24:30,203 [main] INFO  server.Server (Server.java:doStart(419)) - Started @149446ms
2019-09-24 02:24:30,203 [main] WARN  impl.MetricsSystemImpl (MetricsSystemImpl.java:register(276)) - Sink prometheus already exists!
2019-09-24 02:24:30,204 [main] INFO  server.BaseHttpServer (BaseHttpServer.java:updateConnectorAddress(215)) - HTTP server of HDDSDATANODE is listening at http://0.0.0.0:39755
2019-09-24 02:24:30,204 [main] INFO  impl.MetricsSystemImpl (MetricsSystemImpl.java:init(158)) - HddsDatanode metrics system started (again)
2019-09-24 02:24:30,208 [org.apache.hadoop.util.JvmPauseMonitor$Monitor@41f03b46] INFO  util.JvmPauseMonitor (JvmPauseMonitor.java:run(188)) - Starting JVM pause monitor
2019-09-24 02:24:30,208 [main] INFO  ozone.HddsDatanodeService (HddsDatanodeService.java:start(184)) - HddsDatanodeService host:pr-hdds-2162-tjkd5-3209850126 ip:192.168.151.121
2019-09-24 02:24:30,210 [Datanode State Machine Thread - 0] INFO  datanode.InitDatanodeState (InitDatanodeState.java:persistContainerDatanodeDetails(140)) - DatanodeDetails is persisted to /workdir/hadoop-ozone/integration-test/target/test-dir/MiniOzoneClusterImpl-69b5c385-cdb4-4487-be19-c3541ab4b602/datanode-4/meta/datanode.id
2019-09-24 02:24:30,216 [main] INFO  volume.HddsVolume (HddsVolume.java:<init>(176)) - Creating Volume: /workdir/hadoop-ozone/integration-test/target/test-dir/MiniOzoneClusterImpl-69b5c385-cdb4-4487-be19-c3541ab4b602/datanode-5/data/containers/hdds of  storage type : DISK and capacity : 1482555576320
2019-09-24 02:24:30,216 [main] INFO  volume.VolumeSet (VolumeSet.java:initializeVolumeSet(170)) - Added Volume : /workdir/hadoop-ozone/integration-test/target/test-dir/MiniOzoneClusterImpl-69b5c385-cdb4-4487-be19-c3541ab4b602/datanode-5/data/containers/hdds to VolumeSet
2019-09-24 02:24:30,216 [main] INFO  volume.ThrottledAsyncChecker (ThrottledAsyncChecker.java:schedule(139)) - Scheduling a check for org.apache.hadoop.ozone.container.common.volume.HddsVolume@b0fd744
2019-09-24 02:24:30,217 [main] INFO  volume.HddsVolumeChecker (HddsVolumeChecker.java:checkAllVolumes(202)) - Scheduled health check for volume org.apache.hadoop.ozone.container.common.volume.HddsVolume@b0fd744
2019-09-24 02:24:30,236 [main] INFO  impl.RaftServerProxy (ConfUtils.java:logGet(43)) - raft.rpc.type = GRPC (default)
2019-09-24 02:24:30,236 [main] INFO  grpc.GrpcFactory (GrpcFactory.java:checkPooledByteBufAllocatorUseCacheForAllThreads(45)) - PERFORMANCE WARNING: useCacheForAllThreads is true that may cause Netty to create a lot garbage objects and, as a result, trigger GC.
	It is recommended to disable useCacheForAllThreads by setting -Dorg.apache.ratis.thirdparty.io.netty.allocator.useCacheForAllThreads=false in command line.
2019-09-24 02:24:30,236 [main] INFO  grpc.GrpcConfigKeys$Server (ConfUtils.java:logGet(43)) - raft.grpc.server.port = 0 (default)
2019-09-24 02:24:30,236 [main] INFO  server.GrpcService (ConfUtils.java:logGet(43)) - raft.grpc.message.size.max = 33570816 (custom)
2019-09-24 02:24:30,237 [main] INFO  server.RaftServerConfigKeys (ConfUtils.java:logGet(43)) - raft.server.log.appender.buffer.byte-limit = 33554432 (custom)
2019-09-24 02:24:30,237 [main] INFO  server.GrpcService (ConfUtils.java:logGet(43)) - raft.grpc.flow.control.window = 1MB (=1048576) (default)
2019-09-24 02:24:30,237 [main] INFO  server.RaftServerConfigKeys (ConfUtils.java:logGet(43)) - raft.server.rpc.request.timeout = 3000ms (default)
2019-09-24 02:24:30,238 [main] INFO  server.RaftServerConfigKeys (ConfUtils.java:logGet(43)) - raft.server.storage.dir = [/workdir/hadoop-ozone/integration-test/target/test-dir/MiniOzoneClusterImpl-69b5c385-cdb4-4487-be19-c3541ab4b602/datanode-5/data/ratis] (custom)
2019-09-24 02:24:30,241 [main] INFO  hdfs.DFSUtil (DFSUtil.java:httpServerTemplateForNNAndJN(1641)) - Starting Web-server for hddsDatanode at: http://0.0.0.0:0
2019-09-24 02:24:30,242 [main] INFO  server.AuthenticationFilter (AuthenticationFilter.java:constructSecretProvider(240)) - Unable to initialize FileSignerSecretProvider, falling back to use random secrets.
2019-09-24 02:24:30,243 [main] WARN  http.HttpRequestLog (HttpRequestLog.java:getRequestLog(97)) - Jetty request log can only be enabled using Log4j
2019-09-24 02:24:30,244 [main] INFO  http.HttpServer2 (HttpServer2.java:addGlobalFilter(975)) - Added global filter 'safety' (class=org.apache.hadoop.http.HttpServer2$QuotingInputFilter)
2019-09-24 02:24:30,244 [main] INFO  http.HttpServer2 (HttpServer2.java:addFilter(948)) - Added filter static_user_filter (class=org.apache.hadoop.http.lib.StaticUserWebFilter$StaticUserFilter) to context hddsDatanode
2019-09-24 02:24:30,245 [main] INFO  http.HttpServer2 (HttpServer2.java:addFilter(958)) - Added filter static_user_filter (class=org.apache.hadoop.http.lib.StaticUserWebFilter$StaticUserFilter) to context static
2019-09-24 02:24:30,245 [main] INFO  http.HttpServer2 (HttpServer2.java:addFilter(958)) - Added filter static_user_filter (class=org.apache.hadoop.http.lib.StaticUserWebFilter$StaticUserFilter) to context logs
2019-09-24 02:24:30,245 [main] INFO  http.HttpServer2 (HttpServer2.java:bindListener(1191)) - Jetty bound to port 34372
2019-09-24 02:24:30,246 [main] INFO  server.Server (Server.java:doStart(351)) - jetty-9.3.25.v20180904, build timestamp: 2018-09-04T21:11:46Z, git hash: 3ce520221d0240229c862b122d2b06c12a625732
2019-09-24 02:24:30,247 [main] INFO  handler.ContextHandler (ContextHandler.java:doStart(781)) - Started o.e.j.s.ServletContextHandler@68e02f33{/logs,file:///workdir/hadoop-ozone/integration-test/target/log,AVAILABLE}
2019-09-24 02:24:30,248 [main] INFO  handler.ContextHandler (ContextHandler.java:doStart(781)) - Started o.e.j.s.ServletContextHandler@d48e998{/static,jar:file:/home/user/.m2/repository/org/apache/hadoop/hadoop-hdds-container-service/0.5.0-SNAPSHOT/hadoop-hdds-container-service-0.5.0-SNAPSHOT.jar!/webapps/static,AVAILABLE}
2019-09-24 02:24:30,276 [main] INFO  handler.ContextHandler (ContextHandler.java:doStart(781)) - Started o.e.j.w.WebAppContext@68dd39d2{/,file:///tmp/jetty-0.0.0.0-34372-hddsDatanode-_-any-366060335152814076.dir/webapp/,AVAILABLE}{/hddsDatanode}
2019-09-24 02:24:30,278 [main] INFO  server.AbstractConnector (AbstractConnector.java:doStart(278)) - Started ServerConnector@4a44cfc0{HTTP/1.1,[http/1.1]}{0.0.0.0:34372}
2019-09-24 02:24:30,278 [main] INFO  server.Server (Server.java:doStart(419)) - Started @149521ms
2019-09-24 02:24:30,278 [main] WARN  impl.MetricsSystemImpl (MetricsSystemImpl.java:register(276)) - Sink prometheus already exists!
2019-09-24 02:24:30,279 [main] INFO  server.BaseHttpServer (BaseHttpServer.java:updateConnectorAddress(215)) - HTTP server of HDDSDATANODE is listening at http://0.0.0.0:34372
2019-09-24 02:24:30,280 [main] INFO  impl.MetricsSystemImpl (MetricsSystemImpl.java:init(158)) - HddsDatanode metrics system started (again)
2019-09-24 02:24:30,283 [main] INFO  ozone.HddsDatanodeService (HddsDatanodeService.java:start(184)) - HddsDatanodeService host:pr-hdds-2162-tjkd5-3209850126 ip:192.168.151.121
2019-09-24 02:24:30,283 [org.apache.hadoop.util.JvmPauseMonitor$Monitor@52957cad] INFO  util.JvmPauseMonitor (JvmPauseMonitor.java:run(188)) - Starting JVM pause monitor
2019-09-24 02:24:30,288 [main] INFO  volume.HddsVolume (HddsVolume.java:<init>(176)) - Creating Volume: /workdir/hadoop-ozone/integration-test/target/test-dir/MiniOzoneClusterImpl-69b5c385-cdb4-4487-be19-c3541ab4b602/datanode-6/data/containers/hdds of  storage type : DISK and capacity : 1482555576320
2019-09-24 02:24:30,288 [main] INFO  volume.VolumeSet (VolumeSet.java:initializeVolumeSet(170)) - Added Volume : /workdir/hadoop-ozone/integration-test/target/test-dir/MiniOzoneClusterImpl-69b5c385-cdb4-4487-be19-c3541ab4b602/datanode-6/data/containers/hdds to VolumeSet
2019-09-24 02:24:30,288 [Datanode State Machine Thread - 0] INFO  datanode.InitDatanodeState (InitDatanodeState.java:persistContainerDatanodeDetails(140)) - DatanodeDetails is persisted to /workdir/hadoop-ozone/integration-test/target/test-dir/MiniOzoneClusterImpl-69b5c385-cdb4-4487-be19-c3541ab4b602/datanode-5/meta/datanode.id
2019-09-24 02:24:30,288 [main] INFO  volume.ThrottledAsyncChecker (ThrottledAsyncChecker.java:schedule(139)) - Scheduling a check for org.apache.hadoop.ozone.container.common.volume.HddsVolume@26ca61bf
2019-09-24 02:24:30,289 [main] INFO  volume.HddsVolumeChecker (HddsVolumeChecker.java:checkAllVolumes(202)) - Scheduled health check for volume org.apache.hadoop.ozone.container.common.volume.HddsVolume@26ca61bf
2019-09-24 02:24:30,300 [main] INFO  impl.RaftServerProxy (ConfUtils.java:logGet(43)) - raft.rpc.type = GRPC (default)
2019-09-24 02:24:30,301 [main] INFO  grpc.GrpcFactory (GrpcFactory.java:checkPooledByteBufAllocatorUseCacheForAllThreads(45)) - PERFORMANCE WARNING: useCacheForAllThreads is true that may cause Netty to create a lot garbage objects and, as a result, trigger GC.
	It is recommended to disable useCacheForAllThreads by setting -Dorg.apache.ratis.thirdparty.io.netty.allocator.useCacheForAllThreads=false in command line.
2019-09-24 02:24:30,301 [main] INFO  grpc.GrpcConfigKeys$Server (ConfUtils.java:logGet(43)) - raft.grpc.server.port = 0 (default)
2019-09-24 02:24:30,301 [main] INFO  server.GrpcService (ConfUtils.java:logGet(43)) - raft.grpc.message.size.max = 33570816 (custom)
2019-09-24 02:24:30,301 [main] INFO  server.RaftServerConfigKeys (ConfUtils.java:logGet(43)) - raft.server.log.appender.buffer.byte-limit = 33554432 (custom)
2019-09-24 02:24:30,301 [main] INFO  server.GrpcService (ConfUtils.java:logGet(43)) - raft.grpc.flow.control.window = 1MB (=1048576) (default)
2019-09-24 02:24:30,302 [main] INFO  server.RaftServerConfigKeys (ConfUtils.java:logGet(43)) - raft.server.rpc.request.timeout = 3000ms (default)
2019-09-24 02:24:30,302 [main] INFO  server.RaftServerConfigKeys (ConfUtils.java:logGet(43)) - raft.server.storage.dir = [/workdir/hadoop-ozone/integration-test/target/test-dir/MiniOzoneClusterImpl-69b5c385-cdb4-4487-be19-c3541ab4b602/datanode-6/data/ratis] (custom)
2019-09-24 02:24:30,303 [main] INFO  hdfs.DFSUtil (DFSUtil.java:httpServerTemplateForNNAndJN(1641)) - Starting Web-server for hddsDatanode at: http://0.0.0.0:0
2019-09-24 02:24:30,307 [main] INFO  server.AuthenticationFilter (AuthenticationFilter.java:constructSecretProvider(240)) - Unable to initialize FileSignerSecretProvider, falling back to use random secrets.
2019-09-24 02:24:30,307 [main] WARN  http.HttpRequestLog (HttpRequestLog.java:getRequestLog(97)) - Jetty request log can only be enabled using Log4j
2019-09-24 02:24:30,308 [main] INFO  http.HttpServer2 (HttpServer2.java:addGlobalFilter(975)) - Added global filter 'safety' (class=org.apache.hadoop.http.HttpServer2$QuotingInputFilter)
2019-09-24 02:24:30,309 [main] INFO  http.HttpServer2 (HttpServer2.java:addFilter(948)) - Added filter static_user_filter (class=org.apache.hadoop.http.lib.StaticUserWebFilter$StaticUserFilter) to context hddsDatanode
2019-09-24 02:24:30,309 [main] INFO  http.HttpServer2 (HttpServer2.java:addFilter(958)) - Added filter static_user_filter (class=org.apache.hadoop.http.lib.StaticUserWebFilter$StaticUserFilter) to context logs
2019-09-24 02:24:30,309 [main] INFO  http.HttpServer2 (HttpServer2.java:addFilter(958)) - Added filter static_user_filter (class=org.apache.hadoop.http.lib.StaticUserWebFilter$StaticUserFilter) to context static
2019-09-24 02:24:30,310 [main] INFO  http.HttpServer2 (HttpServer2.java:bindListener(1191)) - Jetty bound to port 41457
2019-09-24 02:24:30,310 [main] INFO  server.Server (Server.java:doStart(351)) - jetty-9.3.25.v20180904, build timestamp: 2018-09-04T21:11:46Z, git hash: 3ce520221d0240229c862b122d2b06c12a625732
2019-09-24 02:24:30,311 [main] INFO  handler.ContextHandler (ContextHandler.java:doStart(781)) - Started o.e.j.s.ServletContextHandler@5d94a2dc{/logs,file:///workdir/hadoop-ozone/integration-test/target/log,AVAILABLE}
2019-09-24 02:24:30,312 [main] INFO  handler.ContextHandler (ContextHandler.java:doStart(781)) - Started o.e.j.s.ServletContextHandler@59b32539{/static,jar:file:/home/user/.m2/repository/org/apache/hadoop/hadoop-hdds-container-service/0.5.0-SNAPSHOT/hadoop-hdds-container-service-0.5.0-SNAPSHOT.jar!/webapps/static,AVAILABLE}
2019-09-24 02:24:30,339 [main] INFO  handler.ContextHandler (ContextHandler.java:doStart(781)) - Started o.e.j.w.WebAppContext@5649d11a{/,file:///tmp/jetty-0.0.0.0-41457-hddsDatanode-_-any-7085065952105569503.dir/webapp/,AVAILABLE}{/hddsDatanode}
2019-09-24 02:24:30,339 [main] INFO  server.AbstractConnector (AbstractConnector.java:doStart(278)) - Started ServerConnector@294f9d50{HTTP/1.1,[http/1.1]}{0.0.0.0:41457}
2019-09-24 02:24:30,342 [main] INFO  server.Server (Server.java:doStart(419)) - Started @149585ms
2019-09-24 02:24:30,342 [main] WARN  impl.MetricsSystemImpl (MetricsSystemImpl.java:register(276)) - Sink prometheus already exists!
2019-09-24 02:24:30,343 [main] INFO  server.BaseHttpServer (BaseHttpServer.java:updateConnectorAddress(215)) - HTTP server of HDDSDATANODE is listening at http://0.0.0.0:41457
2019-09-24 02:24:30,343 [main] INFO  impl.MetricsSystemImpl (MetricsSystemImpl.java:init(158)) - HddsDatanode metrics system started (again)
2019-09-24 02:24:30,348 [org.apache.hadoop.util.JvmPauseMonitor$Monitor@789ab7ee] INFO  util.JvmPauseMonitor (JvmPauseMonitor.java:run(188)) - Starting JVM pause monitor
2019-09-24 02:24:30,349 [main] INFO  ozone.HddsDatanodeService (HddsDatanodeService.java:start(184)) - HddsDatanodeService host:pr-hdds-2162-tjkd5-3209850126 ip:192.168.151.121
2019-09-24 02:24:30,350 [Datanode State Machine Thread - 0] INFO  datanode.InitDatanodeState (InitDatanodeState.java:persistContainerDatanodeDetails(140)) - DatanodeDetails is persisted to /workdir/hadoop-ozone/integration-test/target/test-dir/MiniOzoneClusterImpl-69b5c385-cdb4-4487-be19-c3541ab4b602/datanode-6/meta/datanode.id
2019-09-24 02:24:30,355 [main] INFO  volume.HddsVolume (HddsVolume.java:<init>(176)) - Creating Volume: /workdir/hadoop-ozone/integration-test/target/test-dir/MiniOzoneClusterImpl-69b5c385-cdb4-4487-be19-c3541ab4b602/datanode-7/data/containers/hdds of  storage type : DISK and capacity : 1482555576320
2019-09-24 02:24:30,355 [main] INFO  volume.VolumeSet (VolumeSet.java:initializeVolumeSet(170)) - Added Volume : /workdir/hadoop-ozone/integration-test/target/test-dir/MiniOzoneClusterImpl-69b5c385-cdb4-4487-be19-c3541ab4b602/datanode-7/data/containers/hdds to VolumeSet
2019-09-24 02:24:30,355 [main] INFO  volume.ThrottledAsyncChecker (ThrottledAsyncChecker.java:schedule(139)) - Scheduling a check for org.apache.hadoop.ozone.container.common.volume.HddsVolume@7c20cdd0
2019-09-24 02:24:30,356 [main] INFO  volume.HddsVolumeChecker (HddsVolumeChecker.java:checkAllVolumes(202)) - Scheduled health check for volume org.apache.hadoop.ozone.container.common.volume.HddsVolume@7c20cdd0
2019-09-24 02:24:30,374 [main] INFO  impl.RaftServerProxy (ConfUtils.java:logGet(43)) - raft.rpc.type = GRPC (default)
2019-09-24 02:24:30,374 [main] INFO  grpc.GrpcFactory (GrpcFactory.java:checkPooledByteBufAllocatorUseCacheForAllThreads(45)) - PERFORMANCE WARNING: useCacheForAllThreads is true that may cause Netty to create a lot garbage objects and, as a result, trigger GC.
	It is recommended to disable useCacheForAllThreads by setting -Dorg.apache.ratis.thirdparty.io.netty.allocator.useCacheForAllThreads=false in command line.
2019-09-24 02:24:30,374 [main] INFO  grpc.GrpcConfigKeys$Server (ConfUtils.java:logGet(43)) - raft.grpc.server.port = 0 (default)
2019-09-24 02:24:30,375 [main] INFO  server.GrpcService (ConfUtils.java:logGet(43)) - raft.grpc.message.size.max = 33570816 (custom)
2019-09-24 02:24:30,375 [main] INFO  server.RaftServerConfigKeys (ConfUtils.java:logGet(43)) - raft.server.log.appender.buffer.byte-limit = 33554432 (custom)
2019-09-24 02:24:30,375 [main] INFO  server.GrpcService (ConfUtils.java:logGet(43)) - raft.grpc.flow.control.window = 1MB (=1048576) (default)
2019-09-24 02:24:30,375 [main] INFO  server.RaftServerConfigKeys (ConfUtils.java:logGet(43)) - raft.server.rpc.request.timeout = 3000ms (default)
2019-09-24 02:24:30,376 [main] INFO  server.RaftServerConfigKeys (ConfUtils.java:logGet(43)) - raft.server.storage.dir = [/workdir/hadoop-ozone/integration-test/target/test-dir/MiniOzoneClusterImpl-69b5c385-cdb4-4487-be19-c3541ab4b602/datanode-7/data/ratis] (custom)
2019-09-24 02:24:30,377 [main] INFO  hdfs.DFSUtil (DFSUtil.java:httpServerTemplateForNNAndJN(1641)) - Starting Web-server for hddsDatanode at: http://0.0.0.0:0
2019-09-24 02:24:30,379 [main] INFO  server.AuthenticationFilter (AuthenticationFilter.java:constructSecretProvider(240)) - Unable to initialize FileSignerSecretProvider, falling back to use random secrets.
2019-09-24 02:24:30,380 [main] WARN  http.HttpRequestLog (HttpRequestLog.java:getRequestLog(97)) - Jetty request log can only be enabled using Log4j
2019-09-24 02:24:30,381 [main] INFO  http.HttpServer2 (HttpServer2.java:addGlobalFilter(975)) - Added global filter 'safety' (class=org.apache.hadoop.http.HttpServer2$QuotingInputFilter)
2019-09-24 02:24:30,382 [main] INFO  http.HttpServer2 (HttpServer2.java:addFilter(948)) - Added filter static_user_filter (class=org.apache.hadoop.http.lib.StaticUserWebFilter$StaticUserFilter) to context hddsDatanode
2019-09-24 02:24:30,382 [main] INFO  http.HttpServer2 (HttpServer2.java:addFilter(958)) - Added filter static_user_filter (class=org.apache.hadoop.http.lib.StaticUserWebFilter$StaticUserFilter) to context static
2019-09-24 02:24:30,382 [main] INFO  http.HttpServer2 (HttpServer2.java:addFilter(958)) - Added filter static_user_filter (class=org.apache.hadoop.http.lib.StaticUserWebFilter$StaticUserFilter) to context logs
2019-09-24 02:24:30,383 [main] INFO  http.HttpServer2 (HttpServer2.java:bindListener(1191)) - Jetty bound to port 33307
2019-09-24 02:24:30,383 [main] INFO  server.Server (Server.java:doStart(351)) - jetty-9.3.25.v20180904, build timestamp: 2018-09-04T21:11:46Z, git hash: 3ce520221d0240229c862b122d2b06c12a625732
2019-09-24 02:24:30,385 [main] INFO  handler.ContextHandler (ContextHandler.java:doStart(781)) - Started o.e.j.s.ServletContextHandler@32ec9c90{/logs,file:///workdir/hadoop-ozone/integration-test/target/log,AVAILABLE}
2019-09-24 02:24:30,386 [main] INFO  handler.ContextHandler (ContextHandler.java:doStart(781)) - Started o.e.j.s.ServletContextHandler@2abbd0d9{/static,jar:file:/home/user/.m2/repository/org/apache/hadoop/hadoop-hdds-container-service/0.5.0-SNAPSHOT/hadoop-hdds-container-service-0.5.0-SNAPSHOT.jar!/webapps/static,AVAILABLE}
2019-09-24 02:24:30,422 [main] INFO  handler.ContextHandler (ContextHandler.java:doStart(781)) - Started o.e.j.w.WebAppContext@7c281eb8{/,file:///tmp/jetty-0.0.0.0-33307-hddsDatanode-_-any-3435581432314112191.dir/webapp/,AVAILABLE}{/hddsDatanode}
2019-09-24 02:24:30,423 [main] INFO  server.AbstractConnector (AbstractConnector.java:doStart(278)) - Started ServerConnector@65f40689{HTTP/1.1,[http/1.1]}{0.0.0.0:33307}
2019-09-24 02:24:30,424 [main] INFO  server.Server (Server.java:doStart(419)) - Started @149668ms
2019-09-24 02:24:30,425 [main] WARN  impl.MetricsSystemImpl (MetricsSystemImpl.java:register(276)) - Sink prometheus already exists!
2019-09-24 02:24:30,425 [main] INFO  server.BaseHttpServer (BaseHttpServer.java:updateConnectorAddress(215)) - HTTP server of HDDSDATANODE is listening at http://0.0.0.0:33307
2019-09-24 02:24:30,426 [main] INFO  impl.MetricsSystemImpl (MetricsSystemImpl.java:init(158)) - HddsDatanode metrics system started (again)
2019-09-24 02:24:30,429 [org.apache.hadoop.util.JvmPauseMonitor$Monitor@3469a60c] INFO  util.JvmPauseMonitor (JvmPauseMonitor.java:run(188)) - Starting JVM pause monitor
2019-09-24 02:24:30,430 [main] INFO  ozone.HddsDatanodeService (HddsDatanodeService.java:start(184)) - HddsDatanodeService host:pr-hdds-2162-tjkd5-3209850126 ip:192.168.151.121
2019-09-24 02:24:30,431 [Datanode State Machine Thread - 0] INFO  datanode.InitDatanodeState (InitDatanodeState.java:persistContainerDatanodeDetails(140)) - DatanodeDetails is persisted to /workdir/hadoop-ozone/integration-test/target/test-dir/MiniOzoneClusterImpl-69b5c385-cdb4-4487-be19-c3541ab4b602/datanode-7/meta/datanode.id
2019-09-24 02:24:30,436 [main] INFO  volume.HddsVolume (HddsVolume.java:<init>(176)) - Creating Volume: /workdir/hadoop-ozone/integration-test/target/test-dir/MiniOzoneClusterImpl-69b5c385-cdb4-4487-be19-c3541ab4b602/datanode-8/data/containers/hdds of  storage type : DISK and capacity : 1482555576320
2019-09-24 02:24:30,437 [main] INFO  volume.VolumeSet (VolumeSet.java:initializeVolumeSet(170)) - Added Volume : /workdir/hadoop-ozone/integration-test/target/test-dir/MiniOzoneClusterImpl-69b5c385-cdb4-4487-be19-c3541ab4b602/datanode-8/data/containers/hdds to VolumeSet
2019-09-24 02:24:30,437 [main] INFO  volume.ThrottledAsyncChecker (ThrottledAsyncChecker.java:schedule(139)) - Scheduling a check for org.apache.hadoop.ozone.container.common.volume.HddsVolume@7e62cfa3
2019-09-24 02:24:30,437 [main] INFO  volume.HddsVolumeChecker (HddsVolumeChecker.java:checkAllVolumes(202)) - Scheduled health check for volume org.apache.hadoop.ozone.container.common.volume.HddsVolume@7e62cfa3
2019-09-24 02:24:30,450 [main] INFO  impl.RaftServerProxy (ConfUtils.java:logGet(43)) - raft.rpc.type = GRPC (default)
2019-09-24 02:24:30,451 [main] INFO  grpc.GrpcFactory (GrpcFactory.java:checkPooledByteBufAllocatorUseCacheForAllThreads(45)) - PERFORMANCE WARNING: useCacheForAllThreads is true that may cause Netty to create a lot garbage objects and, as a result, trigger GC.
	It is recommended to disable useCacheForAllThreads by setting -Dorg.apache.ratis.thirdparty.io.netty.allocator.useCacheForAllThreads=false in command line.
2019-09-24 02:24:30,451 [main] INFO  grpc.GrpcConfigKeys$Server (ConfUtils.java:logGet(43)) - raft.grpc.server.port = 0 (default)
2019-09-24 02:24:30,451 [main] INFO  server.GrpcService (ConfUtils.java:logGet(43)) - raft.grpc.message.size.max = 33570816 (custom)
2019-09-24 02:24:30,451 [main] INFO  server.RaftServerConfigKeys (ConfUtils.java:logGet(43)) - raft.server.log.appender.buffer.byte-limit = 33554432 (custom)
2019-09-24 02:24:30,451 [main] INFO  server.GrpcService (ConfUtils.java:logGet(43)) - raft.grpc.flow.control.window = 1MB (=1048576) (default)
2019-09-24 02:24:30,452 [main] INFO  server.RaftServerConfigKeys (ConfUtils.java:logGet(43)) - raft.server.rpc.request.timeout = 3000ms (default)
2019-09-24 02:24:30,452 [main] INFO  server.RaftServerConfigKeys (ConfUtils.java:logGet(43)) - raft.server.storage.dir = [/workdir/hadoop-ozone/integration-test/target/test-dir/MiniOzoneClusterImpl-69b5c385-cdb4-4487-be19-c3541ab4b602/datanode-8/data/ratis] (custom)
2019-09-24 02:24:30,453 [main] INFO  hdfs.DFSUtil (DFSUtil.java:httpServerTemplateForNNAndJN(1641)) - Starting Web-server for hddsDatanode at: http://0.0.0.0:0
2019-09-24 02:24:30,455 [main] INFO  server.AuthenticationFilter (AuthenticationFilter.java:constructSecretProvider(240)) - Unable to initialize FileSignerSecretProvider, falling back to use random secrets.
2019-09-24 02:24:30,456 [main] WARN  http.HttpRequestLog (HttpRequestLog.java:getRequestLog(97)) - Jetty request log can only be enabled using Log4j
2019-09-24 02:24:30,458 [main] INFO  http.HttpServer2 (HttpServer2.java:addGlobalFilter(975)) - Added global filter 'safety' (class=org.apache.hadoop.http.HttpServer2$QuotingInputFilter)
2019-09-24 02:24:30,459 [main] INFO  http.HttpServer2 (HttpServer2.java:addFilter(948)) - Added filter static_user_filter (class=org.apache.hadoop.http.lib.StaticUserWebFilter$StaticUserFilter) to context hddsDatanode
2019-09-24 02:24:30,459 [main] INFO  http.HttpServer2 (HttpServer2.java:addFilter(958)) - Added filter static_user_filter (class=org.apache.hadoop.http.lib.StaticUserWebFilter$StaticUserFilter) to context logs
2019-09-24 02:24:30,459 [main] INFO  http.HttpServer2 (HttpServer2.java:addFilter(958)) - Added filter static_user_filter (class=org.apache.hadoop.http.lib.StaticUserWebFilter$StaticUserFilter) to context static
2019-09-24 02:24:30,460 [main] INFO  http.HttpServer2 (HttpServer2.java:bindListener(1191)) - Jetty bound to port 45340
2019-09-24 02:24:30,460 [main] INFO  server.Server (Server.java:doStart(351)) - jetty-9.3.25.v20180904, build timestamp: 2018-09-04T21:11:46Z, git hash: 3ce520221d0240229c862b122d2b06c12a625732
2019-09-24 02:24:30,462 [main] INFO  handler.ContextHandler (ContextHandler.java:doStart(781)) - Started o.e.j.s.ServletContextHandler@5e13f156{/logs,file:///workdir/hadoop-ozone/integration-test/target/log,AVAILABLE}
2019-09-24 02:24:30,463 [main] INFO  handler.ContextHandler (ContextHandler.java:doStart(781)) - Started o.e.j.s.ServletContextHandler@640cc04b{/static,jar:file:/home/user/.m2/repository/org/apache/hadoop/hadoop-hdds-container-service/0.5.0-SNAPSHOT/hadoop-hdds-container-service-0.5.0-SNAPSHOT.jar!/webapps/static,AVAILABLE}
2019-09-24 02:24:30,505 [main] INFO  handler.ContextHandler (ContextHandler.java:doStart(781)) - Started o.e.j.w.WebAppContext@3b332962{/,file:///tmp/jetty-0.0.0.0-45340-hddsDatanode-_-any-4980451779613548141.dir/webapp/,AVAILABLE}{/hddsDatanode}
2019-09-24 02:24:30,505 [main] INFO  server.AbstractConnector (AbstractConnector.java:doStart(278)) - Started ServerConnector@57ddd45b{HTTP/1.1,[http/1.1]}{0.0.0.0:45340}
2019-09-24 02:24:30,507 [main] INFO  server.Server (Server.java:doStart(419)) - Started @149750ms
2019-09-24 02:24:30,507 [main] WARN  impl.MetricsSystemImpl (MetricsSystemImpl.java:register(276)) - Sink prometheus already exists!
2019-09-24 02:24:30,508 [main] INFO  server.BaseHttpServer (BaseHttpServer.java:updateConnectorAddress(215)) - HTTP server of HDDSDATANODE is listening at http://0.0.0.0:45340
2019-09-24 02:24:30,508 [main] INFO  impl.MetricsSystemImpl (MetricsSystemImpl.java:init(158)) - HddsDatanode metrics system started (again)
2019-09-24 02:24:30,514 [org.apache.hadoop.util.JvmPauseMonitor$Monitor@2f10a133] INFO  util.JvmPauseMonitor (JvmPauseMonitor.java:run(188)) - Starting JVM pause monitor
2019-09-24 02:24:30,514 [main] INFO  ozone.HddsDatanodeService (HddsDatanodeService.java:start(184)) - HddsDatanodeService host:pr-hdds-2162-tjkd5-3209850126 ip:192.168.151.121
2019-09-24 02:24:30,516 [Datanode State Machine Thread - 0] INFO  datanode.InitDatanodeState (InitDatanodeState.java:persistContainerDatanodeDetails(140)) - DatanodeDetails is persisted to /workdir/hadoop-ozone/integration-test/target/test-dir/MiniOzoneClusterImpl-69b5c385-cdb4-4487-be19-c3541ab4b602/datanode-8/meta/datanode.id
2019-09-24 02:24:30,525 [main] INFO  volume.HddsVolume (HddsVolume.java:<init>(176)) - Creating Volume: /workdir/hadoop-ozone/integration-test/target/test-dir/MiniOzoneClusterImpl-69b5c385-cdb4-4487-be19-c3541ab4b602/datanode-9/data/containers/hdds of  storage type : DISK and capacity : 1482555576320
2019-09-24 02:24:30,525 [main] INFO  volume.VolumeSet (VolumeSet.java:initializeVolumeSet(170)) - Added Volume : /workdir/hadoop-ozone/integration-test/target/test-dir/MiniOzoneClusterImpl-69b5c385-cdb4-4487-be19-c3541ab4b602/datanode-9/data/containers/hdds to VolumeSet
2019-09-24 02:24:30,525 [main] INFO  volume.ThrottledAsyncChecker (ThrottledAsyncChecker.java:schedule(139)) - Scheduling a check for org.apache.hadoop.ozone.container.common.volume.HddsVolume@4e224df5
2019-09-24 02:24:30,526 [main] INFO  volume.HddsVolumeChecker (HddsVolumeChecker.java:checkAllVolumes(202)) - Scheduled health check for volume org.apache.hadoop.ozone.container.common.volume.HddsVolume@4e224df5
2019-09-24 02:24:30,545 [main] INFO  impl.RaftServerProxy (ConfUtils.java:logGet(43)) - raft.rpc.type = GRPC (default)
2019-09-24 02:24:30,545 [main] INFO  grpc.GrpcFactory (GrpcFactory.java:checkPooledByteBufAllocatorUseCacheForAllThreads(45)) - PERFORMANCE WARNING: useCacheForAllThreads is true that may cause Netty to create a lot garbage objects and, as a result, trigger GC.
	It is recommended to disable useCacheForAllThreads by setting -Dorg.apache.ratis.thirdparty.io.netty.allocator.useCacheForAllThreads=false in command line.
2019-09-24 02:24:30,546 [main] INFO  grpc.GrpcConfigKeys$Server (ConfUtils.java:logGet(43)) - raft.grpc.server.port = 0 (default)
2019-09-24 02:24:30,546 [main] INFO  server.GrpcService (ConfUtils.java:logGet(43)) - raft.grpc.message.size.max = 33570816 (custom)
2019-09-24 02:24:30,546 [main] INFO  server.RaftServerConfigKeys (ConfUtils.java:logGet(43)) - raft.server.log.appender.buffer.byte-limit = 33554432 (custom)
2019-09-24 02:24:30,547 [main] INFO  server.GrpcService (ConfUtils.java:logGet(43)) - raft.grpc.flow.control.window = 1MB (=1048576) (default)
2019-09-24 02:24:30,547 [main] INFO  server.RaftServerConfigKeys (ConfUtils.java:logGet(43)) - raft.server.rpc.request.timeout = 3000ms (default)
2019-09-24 02:24:30,548 [main] INFO  server.RaftServerConfigKeys (ConfUtils.java:logGet(43)) - raft.server.storage.dir = [/workdir/hadoop-ozone/integration-test/target/test-dir/MiniOzoneClusterImpl-69b5c385-cdb4-4487-be19-c3541ab4b602/datanode-9/data/ratis] (custom)
2019-09-24 02:24:30,549 [main] INFO  hdfs.DFSUtil (DFSUtil.java:httpServerTemplateForNNAndJN(1641)) - Starting Web-server for hddsDatanode at: http://0.0.0.0:0
2019-09-24 02:24:30,551 [main] INFO  server.AuthenticationFilter (AuthenticationFilter.java:constructSecretProvider(240)) - Unable to initialize FileSignerSecretProvider, falling back to use random secrets.
2019-09-24 02:24:30,551 [main] WARN  http.HttpRequestLog (HttpRequestLog.java:getRequestLog(97)) - Jetty request log can only be enabled using Log4j
2019-09-24 02:24:30,553 [main] INFO  http.HttpServer2 (HttpServer2.java:addGlobalFilter(975)) - Added global filter 'safety' (class=org.apache.hadoop.http.HttpServer2$QuotingInputFilter)
2019-09-24 02:24:30,554 [main] INFO  http.HttpServer2 (HttpServer2.java:addFilter(948)) - Added filter static_user_filter (class=org.apache.hadoop.http.lib.StaticUserWebFilter$StaticUserFilter) to context hddsDatanode
2019-09-24 02:24:30,554 [main] INFO  http.HttpServer2 (HttpServer2.java:addFilter(958)) - Added filter static_user_filter (class=org.apache.hadoop.http.lib.StaticUserWebFilter$StaticUserFilter) to context logs
2019-09-24 02:24:30,554 [main] INFO  http.HttpServer2 (HttpServer2.java:addFilter(958)) - Added filter static_user_filter (class=org.apache.hadoop.http.lib.StaticUserWebFilter$StaticUserFilter) to context static
2019-09-24 02:24:30,555 [main] INFO  http.HttpServer2 (HttpServer2.java:bindListener(1191)) - Jetty bound to port 33439
2019-09-24 02:24:30,555 [main] INFO  server.Server (Server.java:doStart(351)) - jetty-9.3.25.v20180904, build timestamp: 2018-09-04T21:11:46Z, git hash: 3ce520221d0240229c862b122d2b06c12a625732
2019-09-24 02:24:30,557 [main] INFO  handler.ContextHandler (ContextHandler.java:doStart(781)) - Started o.e.j.s.ServletContextHandler@79f90a3a{/logs,file:///workdir/hadoop-ozone/integration-test/target/log,AVAILABLE}
2019-09-24 02:24:30,558 [main] INFO  handler.ContextHandler (ContextHandler.java:doStart(781)) - Started o.e.j.s.ServletContextHandler@67b355c8{/static,jar:file:/home/user/.m2/repository/org/apache/hadoop/hadoop-hdds-container-service/0.5.0-SNAPSHOT/hadoop-hdds-container-service-0.5.0-SNAPSHOT.jar!/webapps/static,AVAILABLE}
2019-09-24 02:24:30,596 [main] INFO  handler.ContextHandler (ContextHandler.java:doStart(781)) - Started o.e.j.w.WebAppContext@a6c54c3{/,file:///tmp/jetty-0.0.0.0-33439-hddsDatanode-_-any-3692532186757150397.dir/webapp/,AVAILABLE}{/hddsDatanode}
2019-09-24 02:24:30,596 [main] INFO  server.AbstractConnector (AbstractConnector.java:doStart(278)) - Started ServerConnector@580fd26b{HTTP/1.1,[http/1.1]}{0.0.0.0:33439}
2019-09-24 02:24:30,598 [main] INFO  server.Server (Server.java:doStart(419)) - Started @149841ms
2019-09-24 02:24:30,598 [main] WARN  impl.MetricsSystemImpl (MetricsSystemImpl.java:register(276)) - Sink prometheus already exists!
2019-09-24 02:24:30,599 [main] INFO  server.BaseHttpServer (BaseHttpServer.java:updateConnectorAddress(215)) - HTTP server of HDDSDATANODE is listening at http://0.0.0.0:33439
2019-09-24 02:24:30,599 [main] INFO  ozone.MiniOzoneClusterImpl (MiniOzoneClusterImpl.java:lambda$waitForClusterToBeReady$0(147)) - Waiting for cluster to be ready. Got 0 of 10 DN Heartbeats.
2019-09-24 02:24:30,601 [org.apache.hadoop.util.JvmPauseMonitor$Monitor@7fa5e133] INFO  util.JvmPauseMonitor (JvmPauseMonitor.java:run(188)) - Starting JVM pause monitor
2019-09-24 02:24:30,603 [Datanode State Machine Thread - 0] INFO  datanode.InitDatanodeState (InitDatanodeState.java:persistContainerDatanodeDetails(140)) - DatanodeDetails is persisted to /workdir/hadoop-ozone/integration-test/target/test-dir/MiniOzoneClusterImpl-69b5c385-cdb4-4487-be19-c3541ab4b602/datanode-9/meta/datanode.id
2019-09-24 02:24:31,600 [main] INFO  ozone.MiniOzoneClusterImpl (MiniOzoneClusterImpl.java:lambda$waitForClusterToBeReady$0(147)) - Waiting for cluster to be ready. Got 0 of 10 DN Heartbeats.
2019-09-24 02:24:31,918 [Datanode State Machine Thread - 0] INFO  ozoneimpl.OzoneContainer (OzoneContainer.java:start(217)) - Attempting to start container services.
2019-09-24 02:24:31,918 [Datanode State Machine Thread - 0] INFO  ozoneimpl.OzoneContainer (OzoneContainer.java:startContainerScrub(179)) - Background container scanner has been disabled.
2019-09-24 02:24:31,918 [Datanode State Machine Thread - 0] INFO  ratis.XceiverServerRatis (XceiverServerRatis.java:start(411)) - Starting XceiverServerRatis 1d7c29ff-f782-4e4c-a166-2c7d98aa0a2e at port 0
2019-09-24 02:24:31,924 [Datanode State Machine Thread - 0] INFO  impl.RaftServerProxy (RaftServerProxy.java:lambda$start$3(299)) - 1d7c29ff-f782-4e4c-a166-2c7d98aa0a2e: start RPC server
2019-09-24 02:24:31,927 [Datanode State Machine Thread - 0] INFO  server.GrpcService (GrpcService.java:startImpl(158)) - 1d7c29ff-f782-4e4c-a166-2c7d98aa0a2e: GrpcService started, listening on 0.0.0.0/0.0.0.0:34209
2019-09-24 02:24:31,928 [Datanode State Machine Thread - 0] INFO  ratis.XceiverServerRatis (XceiverServerRatis.java:start(421)) - XceiverServerRatis 1d7c29ff-f782-4e4c-a166-2c7d98aa0a2e is started using port 34209
2019-09-24 02:24:31,928 [Datanode State Machine Thread - 0] INFO  server.XceiverServerGrpc (XceiverServerGrpc.java:start(149)) - XceiverServerGrpc 1d7c29ff-f782-4e4c-a166-2c7d98aa0a2e is started using port 46091
2019-09-24 02:24:31,978 [Datanode State Machine Thread - 0] INFO  ozoneimpl.OzoneContainer (OzoneContainer.java:start(217)) - Attempting to start container services.
2019-09-24 02:24:31,979 [Datanode State Machine Thread - 0] INFO  ozoneimpl.OzoneContainer (OzoneContainer.java:startContainerScrub(179)) - Background container scanner has been disabled.
2019-09-24 02:24:31,979 [Datanode State Machine Thread - 0] INFO  ratis.XceiverServerRatis (XceiverServerRatis.java:start(411)) - Starting XceiverServerRatis c4751e07-4727-4633-be79-0e5d9146c54d at port 0
2019-09-24 02:24:31,986 [Datanode State Machine Thread - 0] INFO  impl.RaftServerProxy (RaftServerProxy.java:lambda$start$3(299)) - c4751e07-4727-4633-be79-0e5d9146c54d: start RPC server
2019-09-24 02:24:31,988 [Datanode State Machine Thread - 0] INFO  server.GrpcService (GrpcService.java:startImpl(158)) - c4751e07-4727-4633-be79-0e5d9146c54d: GrpcService started, listening on 0.0.0.0/0.0.0.0:37596
2019-09-24 02:24:31,988 [Datanode State Machine Thread - 0] INFO  ratis.XceiverServerRatis (XceiverServerRatis.java:start(421)) - XceiverServerRatis c4751e07-4727-4633-be79-0e5d9146c54d is started using port 37596
2019-09-24 02:24:31,989 [Datanode State Machine Thread - 0] INFO  server.XceiverServerGrpc (XceiverServerGrpc.java:start(149)) - XceiverServerGrpc c4751e07-4727-4633-be79-0e5d9146c54d is started using port 45170
2019-09-24 02:24:32,056 [Datanode State Machine Thread - 0] INFO  ozoneimpl.OzoneContainer (OzoneContainer.java:start(217)) - Attempting to start container services.
2019-09-24 02:24:32,057 [Datanode State Machine Thread - 0] INFO  ozoneimpl.OzoneContainer (OzoneContainer.java:startContainerScrub(179)) - Background container scanner has been disabled.
2019-09-24 02:24:32,057 [Datanode State Machine Thread - 0] INFO  ratis.XceiverServerRatis (XceiverServerRatis.java:start(411)) - Starting XceiverServerRatis 976b4ad9-2763-4348-94fe-da9eb86c31c0 at port 0
2019-09-24 02:24:32,063 [Datanode State Machine Thread - 0] INFO  impl.RaftServerProxy (RaftServerProxy.java:lambda$start$3(299)) - 976b4ad9-2763-4348-94fe-da9eb86c31c0: start RPC server
2019-09-24 02:24:32,064 [Datanode State Machine Thread - 0] INFO  server.GrpcService (GrpcService.java:startImpl(158)) - 976b4ad9-2763-4348-94fe-da9eb86c31c0: GrpcService started, listening on 0.0.0.0/0.0.0.0:36117
2019-09-24 02:24:32,064 [Datanode State Machine Thread - 0] INFO  ratis.XceiverServerRatis (XceiverServerRatis.java:start(421)) - XceiverServerRatis 976b4ad9-2763-4348-94fe-da9eb86c31c0 is started using port 36117
2019-09-24 02:24:32,064 [Datanode State Machine Thread - 0] INFO  server.XceiverServerGrpc (XceiverServerGrpc.java:start(149)) - XceiverServerGrpc 976b4ad9-2763-4348-94fe-da9eb86c31c0 is started using port 46795
2019-09-24 02:24:32,140 [Datanode State Machine Thread - 0] INFO  ozoneimpl.OzoneContainer (OzoneContainer.java:start(217)) - Attempting to start container services.
2019-09-24 02:24:32,140 [Datanode State Machine Thread - 0] INFO  ozoneimpl.OzoneContainer (OzoneContainer.java:startContainerScrub(179)) - Background container scanner has been disabled.
2019-09-24 02:24:32,141 [Datanode State Machine Thread - 0] INFO  ratis.XceiverServerRatis (XceiverServerRatis.java:start(411)) - Starting XceiverServerRatis 7bca38f8-b0d1-4401-8113-ee118fd16170 at port 0
2019-09-24 02:24:32,148 [Datanode State Machine Thread - 0] INFO  impl.RaftServerProxy (RaftServerProxy.java:lambda$start$3(299)) - 7bca38f8-b0d1-4401-8113-ee118fd16170: start RPC server
2019-09-24 02:24:32,150 [Datanode State Machine Thread - 0] INFO  server.GrpcService (GrpcService.java:startImpl(158)) - 7bca38f8-b0d1-4401-8113-ee118fd16170: GrpcService started, listening on 0.0.0.0/0.0.0.0:38029
2019-09-24 02:24:32,150 [Datanode State Machine Thread - 0] INFO  ratis.XceiverServerRatis (XceiverServerRatis.java:start(421)) - XceiverServerRatis 7bca38f8-b0d1-4401-8113-ee118fd16170 is started using port 38029
2019-09-24 02:24:32,151 [Datanode State Machine Thread - 0] INFO  server.XceiverServerGrpc (XceiverServerGrpc.java:start(149)) - XceiverServerGrpc 7bca38f8-b0d1-4401-8113-ee118fd16170 is started using port 36317
2019-09-24 02:24:32,222 [Datanode State Machine Thread - 0] INFO  ozoneimpl.OzoneContainer (OzoneContainer.java:start(217)) - Attempting to start container services.
2019-09-24 02:24:32,222 [Datanode State Machine Thread - 0] INFO  ozoneimpl.OzoneContainer (OzoneContainer.java:startContainerScrub(179)) - Background container scanner has been disabled.
2019-09-24 02:24:32,222 [Datanode State Machine Thread - 0] INFO  ratis.XceiverServerRatis (XceiverServerRatis.java:start(411)) - Starting XceiverServerRatis d93e0f2d-aaab-42ca-acd5-b884b7a50f26 at port 0
2019-09-24 02:24:32,229 [Datanode State Machine Thread - 0] INFO  impl.RaftServerProxy (RaftServerProxy.java:lambda$start$3(299)) - d93e0f2d-aaab-42ca-acd5-b884b7a50f26: start RPC server
2019-09-24 02:24:32,230 [Datanode State Machine Thread - 0] INFO  server.GrpcService (GrpcService.java:startImpl(158)) - d93e0f2d-aaab-42ca-acd5-b884b7a50f26: GrpcService started, listening on 0.0.0.0/0.0.0.0:41155
2019-09-24 02:24:32,230 [Datanode State Machine Thread - 0] INFO  ratis.XceiverServerRatis (XceiverServerRatis.java:start(421)) - XceiverServerRatis d93e0f2d-aaab-42ca-acd5-b884b7a50f26 is started using port 41155
2019-09-24 02:24:32,230 [Datanode State Machine Thread - 0] INFO  server.XceiverServerGrpc (XceiverServerGrpc.java:start(149)) - XceiverServerGrpc d93e0f2d-aaab-42ca-acd5-b884b7a50f26 is started using port 43750
2019-09-24 02:24:32,298 [Datanode State Machine Thread - 0] INFO  ozoneimpl.OzoneContainer (OzoneContainer.java:start(217)) - Attempting to start container services.
2019-09-24 02:24:32,300 [Datanode State Machine Thread - 0] INFO  ozoneimpl.OzoneContainer (OzoneContainer.java:startContainerScrub(179)) - Background container scanner has been disabled.
2019-09-24 02:24:32,300 [Datanode State Machine Thread - 0] INFO  ratis.XceiverServerRatis (XceiverServerRatis.java:start(411)) - Starting XceiverServerRatis b7adfa38-f86a-4f02-b078-d72f77d0455e at port 0
2019-09-24 02:24:32,307 [Datanode State Machine Thread - 0] INFO  impl.RaftServerProxy (RaftServerProxy.java:lambda$start$3(299)) - b7adfa38-f86a-4f02-b078-d72f77d0455e: start RPC server
2019-09-24 02:24:32,308 [Datanode State Machine Thread - 0] INFO  server.GrpcService (GrpcService.java:startImpl(158)) - b7adfa38-f86a-4f02-b078-d72f77d0455e: GrpcService started, listening on 0.0.0.0/0.0.0.0:40480
2019-09-24 02:24:32,308 [Datanode State Machine Thread - 0] INFO  ratis.XceiverServerRatis (XceiverServerRatis.java:start(421)) - XceiverServerRatis b7adfa38-f86a-4f02-b078-d72f77d0455e is started using port 40480
2019-09-24 02:24:32,309 [Datanode State Machine Thread - 0] INFO  server.XceiverServerGrpc (XceiverServerGrpc.java:start(149)) - XceiverServerGrpc b7adfa38-f86a-4f02-b078-d72f77d0455e is started using port 43184
2019-09-24 02:24:32,362 [Datanode State Machine Thread - 0] INFO  ozoneimpl.OzoneContainer (OzoneContainer.java:start(217)) - Attempting to start container services.
2019-09-24 02:24:32,363 [Datanode State Machine Thread - 0] INFO  ozoneimpl.OzoneContainer (OzoneContainer.java:startContainerScrub(179)) - Background container scanner has been disabled.
2019-09-24 02:24:32,363 [Datanode State Machine Thread - 0] INFO  ratis.XceiverServerRatis (XceiverServerRatis.java:start(411)) - Starting XceiverServerRatis 0dad0ba7-2de7-4c7e-bbfc-c35c9aa94a76 at port 0
2019-09-24 02:24:32,372 [Datanode State Machine Thread - 0] INFO  impl.RaftServerProxy (RaftServerProxy.java:lambda$start$3(299)) - 0dad0ba7-2de7-4c7e-bbfc-c35c9aa94a76: start RPC server
2019-09-24 02:24:32,373 [Datanode State Machine Thread - 0] INFO  server.GrpcService (GrpcService.java:startImpl(158)) - 0dad0ba7-2de7-4c7e-bbfc-c35c9aa94a76: GrpcService started, listening on 0.0.0.0/0.0.0.0:45601
2019-09-24 02:24:32,373 [Datanode State Machine Thread - 0] INFO  ratis.XceiverServerRatis (XceiverServerRatis.java:start(421)) - XceiverServerRatis 0dad0ba7-2de7-4c7e-bbfc-c35c9aa94a76 is started using port 45601
2019-09-24 02:24:32,374 [Datanode State Machine Thread - 0] INFO  server.XceiverServerGrpc (XceiverServerGrpc.java:start(149)) - XceiverServerGrpc 0dad0ba7-2de7-4c7e-bbfc-c35c9aa94a76 is started using port 46038
2019-09-24 02:24:32,444 [Datanode State Machine Thread - 0] INFO  ozoneimpl.OzoneContainer (OzoneContainer.java:start(217)) - Attempting to start container services.
2019-09-24 02:24:32,444 [Datanode State Machine Thread - 0] INFO  ozoneimpl.OzoneContainer (OzoneContainer.java:startContainerScrub(179)) - Background container scanner has been disabled.
2019-09-24 02:24:32,444 [Datanode State Machine Thread - 0] INFO  ratis.XceiverServerRatis (XceiverServerRatis.java:start(411)) - Starting XceiverServerRatis be6688c1-27db-4066-9fe7-abad67bbc3d4 at port 0
2019-09-24 02:24:32,451 [Datanode State Machine Thread - 0] INFO  impl.RaftServerProxy (RaftServerProxy.java:lambda$start$3(299)) - be6688c1-27db-4066-9fe7-abad67bbc3d4: start RPC server
2019-09-24 02:24:32,454 [Datanode State Machine Thread - 0] INFO  server.GrpcService (GrpcService.java:startImpl(158)) - be6688c1-27db-4066-9fe7-abad67bbc3d4: GrpcService started, listening on 0.0.0.0/0.0.0.0:39435
2019-09-24 02:24:32,454 [Datanode State Machine Thread - 0] INFO  ratis.XceiverServerRatis (XceiverServerRatis.java:start(421)) - XceiverServerRatis be6688c1-27db-4066-9fe7-abad67bbc3d4 is started using port 39435
2019-09-24 02:24:32,463 [Datanode State Machine Thread - 0] INFO  server.XceiverServerGrpc (XceiverServerGrpc.java:start(149)) - XceiverServerGrpc be6688c1-27db-4066-9fe7-abad67bbc3d4 is started using port 36179
2019-09-24 02:24:32,528 [Datanode State Machine Thread - 0] INFO  ozoneimpl.OzoneContainer (OzoneContainer.java:start(217)) - Attempting to start container services.
2019-09-24 02:24:32,528 [Datanode State Machine Thread - 0] INFO  ozoneimpl.OzoneContainer (OzoneContainer.java:startContainerScrub(179)) - Background container scanner has been disabled.
2019-09-24 02:24:32,528 [Datanode State Machine Thread - 0] INFO  ratis.XceiverServerRatis (XceiverServerRatis.java:start(411)) - Starting XceiverServerRatis 75a46326-9fdd-4357-8f55-056919852270 at port 0
2019-09-24 02:24:32,534 [Datanode State Machine Thread - 0] INFO  impl.RaftServerProxy (RaftServerProxy.java:lambda$start$3(299)) - 75a46326-9fdd-4357-8f55-056919852270: start RPC server
2019-09-24 02:24:32,535 [Datanode State Machine Thread - 0] INFO  server.GrpcService (GrpcService.java:startImpl(158)) - 75a46326-9fdd-4357-8f55-056919852270: GrpcService started, listening on 0.0.0.0/0.0.0.0:36808
2019-09-24 02:24:32,535 [Datanode State Machine Thread - 0] INFO  ratis.XceiverServerRatis (XceiverServerRatis.java:start(421)) - XceiverServerRatis 75a46326-9fdd-4357-8f55-056919852270 is started using port 36808
2019-09-24 02:24:32,538 [Datanode State Machine Thread - 0] INFO  server.XceiverServerGrpc (XceiverServerGrpc.java:start(149)) - XceiverServerGrpc 75a46326-9fdd-4357-8f55-056919852270 is started using port 45586
2019-09-24 02:24:32,600 [main] INFO  ozone.MiniOzoneClusterImpl (MiniOzoneClusterImpl.java:lambda$waitForClusterToBeReady$0(147)) - Waiting for cluster to be ready. Got 0 of 10 DN Heartbeats.
2019-09-24 02:24:32,614 [Datanode State Machine Thread - 0] INFO  ozoneimpl.OzoneContainer (OzoneContainer.java:start(217)) - Attempting to start container services.
2019-09-24 02:24:32,615 [Datanode State Machine Thread - 0] INFO  ozoneimpl.OzoneContainer (OzoneContainer.java:startContainerScrub(179)) - Background container scanner has been disabled.
2019-09-24 02:24:32,615 [Datanode State Machine Thread - 0] INFO  ratis.XceiverServerRatis (XceiverServerRatis.java:start(411)) - Starting XceiverServerRatis a2acb7c4-7563-4fb4-bd8c-c1e015953028 at port 0
2019-09-24 02:24:32,621 [Datanode State Machine Thread - 0] INFO  impl.RaftServerProxy (RaftServerProxy.java:lambda$start$3(299)) - a2acb7c4-7563-4fb4-bd8c-c1e015953028: start RPC server
2019-09-24 02:24:32,622 [Datanode State Machine Thread - 0] INFO  server.GrpcService (GrpcService.java:startImpl(158)) - a2acb7c4-7563-4fb4-bd8c-c1e015953028: GrpcService started, listening on 0.0.0.0/0.0.0.0:37667
2019-09-24 02:24:32,622 [Datanode State Machine Thread - 0] INFO  ratis.XceiverServerRatis (XceiverServerRatis.java:start(421)) - XceiverServerRatis a2acb7c4-7563-4fb4-bd8c-c1e015953028 is started using port 37667
2019-09-24 02:24:32,632 [Datanode State Machine Thread - 0] INFO  server.XceiverServerGrpc (XceiverServerGrpc.java:start(149)) - XceiverServerGrpc a2acb7c4-7563-4fb4-bd8c-c1e015953028 is started using port 42301
2019-09-24 02:24:33,601 [main] INFO  ozone.MiniOzoneClusterImpl (MiniOzoneClusterImpl.java:lambda$waitForClusterToBeReady$0(147)) - Waiting for cluster to be ready. Got 0 of 10 DN Heartbeats.
2019-09-24 02:24:33,898 [IPC Server handler 3 on 45360] INFO  net.NetworkTopology (NetworkTopologyImpl.java:add(111)) - Added a new node: /rack1/1d7c29ff-f782-4e4c-a166-2c7d98aa0a2e
2019-09-24 02:24:33,901 [IPC Server handler 3 on 45360] INFO  node.SCMNodeManager (SCMNodeManager.java:register(266)) - Registered Data node : 1d7c29ff-f782-4e4c-a166-2c7d98aa0a2e{ip: 192.168.151.121, host: pr-hdds-2162-tjkd5-3209850126, networkLocation: /rack1, certSerialId: null}
2019-09-24 02:24:33,902 [EventQueue-NodeRegistrationContainerReportForDataNodeSafeModeRule] INFO  safemode.SCMSafeModeManager (DataNodeSafeModeRule.java:process(71)) - SCM in safe mode. 1 DataNodes registered, 1 required.
2019-09-24 02:24:33,905 [EventQueue-NodeRegistrationContainerReportForDataNodeSafeModeRule] INFO  safemode.SCMSafeModeManager (SCMSafeModeManager.java:validateSafeModeExitRules(177)) - ScmSafeModeManager, all rules are successfully validated
2019-09-24 02:24:33,905 [EventQueue-NodeRegistrationContainerReportForDataNodeSafeModeRule] INFO  safemode.SCMSafeModeManager (SCMSafeModeManager.java:exitSafeMode(193)) - SCM exiting safe mode.
2019-09-24 02:24:33,916 [grpc-default-executor-0] INFO  impl.RaftServerProxy (RaftServerProxy.java:addNew(89)) - 1d7c29ff-f782-4e4c-a166-2c7d98aa0a2e: addNew group-070373756BC0:[1d7c29ff-f782-4e4c-a166-2c7d98aa0a2e:192.168.151.121:34209] returns group-070373756BC0:java.util.concurrent.CompletableFuture@4b7056ca[Not completed]
2019-09-24 02:24:33,918 [pool-147-thread-1] INFO  impl.RaftServerImpl (RaftServerImpl.java:<init>(95)) - 1d7c29ff-f782-4e4c-a166-2c7d98aa0a2e: new RaftServerImpl for group-070373756BC0:[1d7c29ff-f782-4e4c-a166-2c7d98aa0a2e:192.168.151.121:34209] with ContainerStateMachine:uninitialized
2019-09-24 02:24:33,918 [pool-147-thread-1] INFO  server.RaftServerConfigKeys (ConfUtils.java:logGet(43)) - raft.server.rpc.timeout.min = 1s (custom)
2019-09-24 02:24:33,919 [pool-147-thread-1] INFO  server.RaftServerConfigKeys (ConfUtils.java:logGet(43)) - raft.server.rpc.timeout.max = 1200ms (custom)
2019-09-24 02:24:33,919 [pool-147-thread-1] INFO  server.RaftServerConfigKeys (ConfUtils.java:logGet(43)) - raft.server.rpcslowness.timeout = 120s (custom)
2019-09-24 02:24:33,919 [pool-147-thread-1] INFO  server.RaftServerConfigKeys (ConfUtils.java:logGet(43)) - raft.server.sleep.deviation.threshold = 300 (default)
2019-09-24 02:24:33,919 [pool-147-thread-1] INFO  server.RaftServerConfigKeys (ConfUtils.java:logGet(43)) - raft.server.log.appender.install.snapshot.enabled = false (custom)
2019-09-24 02:24:33,919 [pool-147-thread-1] INFO  impl.RaftServerImpl (ServerState.java:<init>(103)) - 1d7c29ff-f782-4e4c-a166-2c7d98aa0a2e@group-070373756BC0: ConfigurationManager, init=-1: [1d7c29ff-f782-4e4c-a166-2c7d98aa0a2e:192.168.151.121:34209], old=null, confs=<EMPTY_MAP>
2019-09-24 02:24:33,919 [pool-147-thread-1] INFO  server.RaftServerConfigKeys (ConfUtils.java:logGet(43)) - raft.server.storage.dir = [/workdir/hadoop-ozone/integration-test/target/test-dir/MiniOzoneClusterImpl-69b5c385-cdb4-4487-be19-c3541ab4b602/datanode-0/data/ratis] (custom)
2019-09-24 02:24:33,920 [pool-147-thread-1] INFO  storage.RaftStorageDirectory (RaftStorageDirectory.java:analyzeStorage(246)) - The storage directory /workdir/hadoop-ozone/integration-test/target/test-dir/MiniOzoneClusterImpl-69b5c385-cdb4-4487-be19-c3541ab4b602/datanode-0/data/ratis/d39462bc-9c5f-45fa-a5cd-070373756bc0 does not exist. Creating ...
2019-09-24 02:24:33,934 [pool-147-thread-1] INFO  storage.RaftStorageDirectory (RaftStorageDirectory.java:tryLock(328)) - Lock on /workdir/hadoop-ozone/integration-test/target/test-dir/MiniOzoneClusterImpl-69b5c385-cdb4-4487-be19-c3541ab4b602/datanode-0/data/ratis/d39462bc-9c5f-45fa-a5cd-070373756bc0/in_use.lock acquired by nodename 30927@pr-hdds-2162-tjkd5-3209850126
2019-09-24 02:24:33,947 [pool-147-thread-1] INFO  storage.RaftStorage (RaftStorage.java:format(72)) - Storage directory /workdir/hadoop-ozone/integration-test/target/test-dir/MiniOzoneClusterImpl-69b5c385-cdb4-4487-be19-c3541ab4b602/datanode-0/data/ratis/d39462bc-9c5f-45fa-a5cd-070373756bc0 has been successfully formatted.
2019-09-24 02:24:33,947 [pool-147-thread-1] INFO  ratis.ContainerStateMachine (ContainerStateMachine.java:loadSnapshot(230)) - group-070373756BC0: The snapshot info is null. Setting the last applied indexto:(t:0, i:~)
2019-09-24 02:24:33,948 [pool-147-thread-1] INFO  server.RaftServerConfigKeys (ConfUtils.java:logGet(43)) - raft.server.notification.no-leader.timeout = 120s (custom)
2019-09-24 02:24:33,948 [pool-147-thread-1] INFO  server.RaftServerConfigKeys (ConfUtils.java:logGet(43)) - raft.server.log.use.memory = false (default)
2019-09-24 02:24:33,948 [pool-147-thread-1] INFO  server.RaftServerConfigKeys (ConfUtils.java:logGet(43)) - raft.server.log.purge.gap = 1000000 (custom)
2019-09-24 02:24:33,948 [pool-147-thread-1] INFO  server.RaftServerConfigKeys (ConfUtils.java:logGet(43)) - raft.server.log.appender.buffer.byte-limit = 33554432 (custom)
2019-09-24 02:24:33,948 [pool-147-thread-1] INFO  server.RaftServerConfigKeys (ConfUtils.java:logGet(43)) - raft.server.log.segment.size.max = 1048576 (custom)
2019-09-24 02:24:33,949 [pool-147-thread-1] INFO  server.RaftServerConfigKeys (ConfUtils.java:logGet(43)) - raft.server.log.segment.cache.num.max = 2 (custom)
2019-09-24 02:24:33,949 [pool-147-thread-1] INFO  segmented.SegmentedRaftLogWorker (SegmentedRaftLogWorker.java:<init>(172)) - new 1d7c29ff-f782-4e4c-a166-2c7d98aa0a2e@group-070373756BC0-SegmentedRaftLogWorker for RaftStorage:Storage Directory /workdir/hadoop-ozone/integration-test/target/test-dir/MiniOzoneClusterImpl-69b5c385-cdb4-4487-be19-c3541ab4b602/datanode-0/data/ratis/d39462bc-9c5f-45fa-a5cd-070373756bc0
2019-09-24 02:24:33,951 [pool-147-thread-1] INFO  server.RaftServerConfigKeys (ConfUtils.java:logGet(43)) - raft.server.log.queue.byte-limit = 2147483647 (custom)
2019-09-24 02:24:33,952 [pool-147-thread-1] INFO  server.RaftServerConfigKeys (ConfUtils.java:logGet(43)) - raft.server.log.queue.element-limit = 1024 (custom)
2019-09-24 02:24:33,952 [pool-147-thread-1] INFO  server.RaftServerConfigKeys (ConfUtils.java:logGet(43)) - raft.server.log.segment.size.max = 1048576 (custom)
2019-09-24 02:24:33,952 [pool-147-thread-1] INFO  server.RaftServerConfigKeys (ConfUtils.java:logGet(43)) - raft.server.log.preallocated.size = 16384 (custom)
2019-09-24 02:24:33,952 [pool-147-thread-1] INFO  server.RaftServerConfigKeys (ConfUtils.java:logGet(43)) - raft.server.log.write.buffer.size = 33554432 (custom)
2019-09-24 02:24:33,952 [pool-147-thread-1] INFO  server.RaftServerConfigKeys (ConfUtils.java:logGet(43)) - raft.server.log.force.sync.num = 128 (default)
2019-09-24 02:24:33,952 [pool-147-thread-1] INFO  server.RaftServerConfigKeys (ConfUtils.java:logGet(43)) - raft.server.log.statemachine.data.sync = true (default)
2019-09-24 02:24:33,953 [pool-147-thread-1] INFO  server.RaftServerConfigKeys (ConfUtils.java:logGet(43)) - raft.server.log.statemachine.data.sync.timeout = 10s (default)
2019-09-24 02:24:33,953 [pool-147-thread-1] INFO  server.RaftServerConfigKeys (ConfUtils.java:logGet(43)) - raft.server.log.statemachine.data.sync.timeout.retry = -1 (default)
2019-09-24 02:24:33,953 [pool-147-thread-1] INFO  server.RaftServerConfigKeys (ConfUtils.java:logGet(43)) - raft.server.log.statemachine.data.caching.enabled = true (custom)
2019-09-24 02:24:33,953 [pool-147-thread-1] INFO  segmented.SegmentedRaftLogWorker (SegmentedRaftLogWorker.java:lambda$new$0(132)) - 1d7c29ff-f782-4e4c-a166-2c7d98aa0a2e@group-070373756BC0-SegmentedRaftLogWorker: flushIndex: setUnconditionally 0 -> -1
2019-09-24 02:24:33,954 [pool-147-thread-1] INFO  server.RaftServerConfigKeys (ConfUtils.java:logGet(43)) - raft.server.snapshot.auto.trigger.enabled = true (custom)
2019-09-24 02:24:33,954 [pool-147-thread-1] INFO  server.RaftServerConfigKeys (ConfUtils.java:logGet(43)) - raft.server.snapshot.auto.trigger.threshold = 10000 (custom)
2019-09-24 02:24:33,954 [pool-147-thread-1] INFO  server.RaftServerConfigKeys (ConfUtils.java:logGet(43)) - raft.server.snapshot.retention.num.files = 5 (custom)
2019-09-24 02:24:33,954 [pool-147-thread-1] INFO  server.RaftServerConfigKeys (ConfUtils.java:logGet(43)) - raft.server.retrycache.expirytime = 600000ms (custom)
2019-09-24 02:24:33,957 [pool-147-thread-1] INFO  impl.RaftServerImpl (RaftServerImpl.java:start(185)) - 1d7c29ff-f782-4e4c-a166-2c7d98aa0a2e@group-070373756BC0: start as a follower, conf=-1: [1d7c29ff-f782-4e4c-a166-2c7d98aa0a2e:192.168.151.121:34209], old=null
2019-09-24 02:24:33,957 [pool-147-thread-1] INFO  impl.RaftServerImpl (RaftServerImpl.java:setRole(174)) - 1d7c29ff-f782-4e4c-a166-2c7d98aa0a2e@group-070373756BC0: changes role from      null to FOLLOWER at term 0 for startAsFollower
2019-09-24 02:24:33,957 [pool-147-thread-1] INFO  impl.RoleInfo (RoleInfo.java:updateAndGet(143)) - 1d7c29ff-f782-4e4c-a166-2c7d98aa0a2e: start FollowerState
2019-09-24 02:24:33,969 [pool-147-thread-1] INFO  util.JmxRegister (JmxRegister.java:tryRegister(44)) - Successfully registered JMX Bean with object name Ratis:service=RaftServer,group=group-070373756BC0,id=1d7c29ff-f782-4e4c-a166-2c7d98aa0a2e
2019-09-24 02:24:33,980 [IPC Server handler 6 on 45360] INFO  net.NetworkTopology (NetworkTopologyImpl.java:add(111)) - Added a new node: /rack1/c4751e07-4727-4633-be79-0e5d9146c54d
2019-09-24 02:24:33,980 [IPC Server handler 6 on 45360] INFO  node.SCMNodeManager (SCMNodeManager.java:register(266)) - Registered Data node : c4751e07-4727-4633-be79-0e5d9146c54d{ip: 192.168.151.121, host: pr-hdds-2162-tjkd5-3209850126, networkLocation: /rack1, certSerialId: null}
2019-09-24 02:24:33,984 [RatisPipelineUtilsThread] INFO  pipeline.PipelineStateManager (PipelineStateManager.java:addPipeline(56)) - Created pipeline Pipeline[ Id: d39462bc-9c5f-45fa-a5cd-070373756bc0, Nodes: 1d7c29ff-f782-4e4c-a166-2c7d98aa0a2e{ip: 192.168.151.121, host: pr-hdds-2162-tjkd5-3209850126, networkLocation: /rack1, certSerialId: null}, Type:RATIS, Factor:ONE, State:OPEN]
2019-09-24 02:24:33,993 [grpc-default-executor-0] INFO  impl.RaftServerProxy (RaftServerProxy.java:addNew(89)) - c4751e07-4727-4633-be79-0e5d9146c54d: addNew group-816BAD825024:[c4751e07-4727-4633-be79-0e5d9146c54d:192.168.151.121:37596] returns group-816BAD825024:java.util.concurrent.CompletableFuture@62506503[Not completed]
2019-09-24 02:24:33,994 [pool-157-thread-1] INFO  impl.RaftServerImpl (RaftServerImpl.java:<init>(95)) - c4751e07-4727-4633-be79-0e5d9146c54d: new RaftServerImpl for group-816BAD825024:[c4751e07-4727-4633-be79-0e5d9146c54d:192.168.151.121:37596] with ContainerStateMachine:uninitialized
2019-09-24 02:24:33,995 [pool-157-thread-1] INFO  server.RaftServerConfigKeys (ConfUtils.java:logGet(43)) - raft.server.rpc.timeout.min = 1s (custom)
2019-09-24 02:24:33,995 [pool-157-thread-1] INFO  server.RaftServerConfigKeys (ConfUtils.java:logGet(43)) - raft.server.rpc.timeout.max = 1200ms (custom)
2019-09-24 02:24:33,995 [pool-157-thread-1] INFO  server.RaftServerConfigKeys (ConfUtils.java:logGet(43)) - raft.server.rpcslowness.timeout = 120s (custom)
2019-09-24 02:24:33,995 [pool-157-thread-1] INFO  server.RaftServerConfigKeys (ConfUtils.java:logGet(43)) - raft.server.sleep.deviation.threshold = 300 (default)
2019-09-24 02:24:33,995 [pool-157-thread-1] INFO  server.RaftServerConfigKeys (ConfUtils.java:logGet(43)) - raft.server.log.appender.install.snapshot.enabled = false (custom)
2019-09-24 02:24:33,995 [pool-157-thread-1] INFO  impl.RaftServerImpl (ServerState.java:<init>(103)) - c4751e07-4727-4633-be79-0e5d9146c54d@group-816BAD825024: ConfigurationManager, init=-1: [c4751e07-4727-4633-be79-0e5d9146c54d:192.168.151.121:37596], old=null, confs=<EMPTY_MAP>
2019-09-24 02:24:33,996 [pool-157-thread-1] INFO  server.RaftServerConfigKeys (ConfUtils.java:logGet(43)) - raft.server.storage.dir = [/workdir/hadoop-ozone/integration-test/target/test-dir/MiniOzoneClusterImpl-69b5c385-cdb4-4487-be19-c3541ab4b602/datanode-1/data/ratis] (custom)
2019-09-24 02:24:33,996 [pool-157-thread-1] INFO  storage.RaftStorageDirectory (RaftStorageDirectory.java:analyzeStorage(246)) - The storage directory /workdir/hadoop-ozone/integration-test/target/test-dir/MiniOzoneClusterImpl-69b5c385-cdb4-4487-be19-c3541ab4b602/datanode-1/data/ratis/cf16bf22-a5bf-4a3f-a58d-816bad825024 does not exist. Creating ...
2019-09-24 02:24:34,009 [pool-157-thread-1] INFO  storage.RaftStorageDirectory (RaftStorageDirectory.java:tryLock(328)) - Lock on /workdir/hadoop-ozone/integration-test/target/test-dir/MiniOzoneClusterImpl-69b5c385-cdb4-4487-be19-c3541ab4b602/datanode-1/data/ratis/cf16bf22-a5bf-4a3f-a58d-816bad825024/in_use.lock acquired by nodename 30927@pr-hdds-2162-tjkd5-3209850126
2019-09-24 02:24:34,022 [pool-157-thread-1] INFO  storage.RaftStorage (RaftStorage.java:format(72)) - Storage directory /workdir/hadoop-ozone/integration-test/target/test-dir/MiniOzoneClusterImpl-69b5c385-cdb4-4487-be19-c3541ab4b602/datanode-1/data/ratis/cf16bf22-a5bf-4a3f-a58d-816bad825024 has been successfully formatted.
2019-09-24 02:24:34,022 [pool-157-thread-1] INFO  ratis.ContainerStateMachine (ContainerStateMachine.java:loadSnapshot(230)) - group-816BAD825024: The snapshot info is null. Setting the last applied indexto:(t:0, i:~)
2019-09-24 02:24:34,022 [pool-157-thread-1] INFO  server.RaftServerConfigKeys (ConfUtils.java:logGet(43)) - raft.server.notification.no-leader.timeout = 120s (custom)
2019-09-24 02:24:34,023 [pool-157-thread-1] INFO  server.RaftServerConfigKeys (ConfUtils.java:logGet(43)) - raft.server.log.use.memory = false (default)
2019-09-24 02:24:34,023 [pool-157-thread-1] INFO  server.RaftServerConfigKeys (ConfUtils.java:logGet(43)) - raft.server.log.purge.gap = 1000000 (custom)
2019-09-24 02:24:34,023 [pool-157-thread-1] INFO  server.RaftServerConfigKeys (ConfUtils.java:logGet(43)) - raft.server.log.appender.buffer.byte-limit = 33554432 (custom)
2019-09-24 02:24:34,023 [pool-157-thread-1] INFO  server.RaftServerConfigKeys (ConfUtils.java:logGet(43)) - raft.server.log.segment.size.max = 1048576 (custom)
2019-09-24 02:24:34,023 [pool-157-thread-1] INFO  server.RaftServerConfigKeys (ConfUtils.java:logGet(43)) - raft.server.log.segment.cache.num.max = 2 (custom)
2019-09-24 02:24:34,024 [pool-157-thread-1] INFO  segmented.SegmentedRaftLogWorker (SegmentedRaftLogWorker.java:<init>(172)) - new c4751e07-4727-4633-be79-0e5d9146c54d@group-816BAD825024-SegmentedRaftLogWorker for RaftStorage:Storage Directory /workdir/hadoop-ozone/integration-test/target/test-dir/MiniOzoneClusterImpl-69b5c385-cdb4-4487-be19-c3541ab4b602/datanode-1/data/ratis/cf16bf22-a5bf-4a3f-a58d-816bad825024
2019-09-24 02:24:34,026 [pool-157-thread-1] INFO  server.RaftServerConfigKeys (ConfUtils.java:logGet(43)) - raft.server.log.queue.byte-limit = 2147483647 (custom)
2019-09-24 02:24:34,027 [pool-157-thread-1] INFO  server.RaftServerConfigKeys (ConfUtils.java:logGet(43)) - raft.server.log.queue.element-limit = 1024 (custom)
2019-09-24 02:24:34,027 [pool-157-thread-1] INFO  server.RaftServerConfigKeys (ConfUtils.java:logGet(43)) - raft.server.log.segment.size.max = 1048576 (custom)
2019-09-24 02:24:34,027 [pool-157-thread-1] INFO  server.RaftServerConfigKeys (ConfUtils.java:logGet(43)) - raft.server.log.preallocated.size = 16384 (custom)
2019-09-24 02:24:34,027 [pool-157-thread-1] INFO  server.RaftServerConfigKeys (ConfUtils.java:logGet(43)) - raft.server.log.write.buffer.size = 33554432 (custom)
2019-09-24 02:24:34,027 [pool-157-thread-1] INFO  server.RaftServerConfigKeys (ConfUtils.java:logGet(43)) - raft.server.log.force.sync.num = 128 (default)
2019-09-24 02:24:34,028 [pool-157-thread-1] INFO  server.RaftServerConfigKeys (ConfUtils.java:logGet(43)) - raft.server.log.statemachine.data.sync = true (default)
2019-09-24 02:24:34,028 [pool-157-thread-1] INFO  server.RaftServerConfigKeys (ConfUtils.java:logGet(43)) - raft.server.log.statemachine.data.sync.timeout = 10s (default)
2019-09-24 02:24:34,028 [pool-157-thread-1] INFO  server.RaftServerConfigKeys (ConfUtils.java:logGet(43)) - raft.server.log.statemachine.data.sync.timeout.retry = -1 (default)
2019-09-24 02:24:34,028 [pool-157-thread-1] INFO  server.RaftServerConfigKeys (ConfUtils.java:logGet(43)) - raft.server.log.statemachine.data.caching.enabled = true (custom)
2019-09-24 02:24:34,029 [pool-157-thread-1] INFO  segmented.SegmentedRaftLogWorker (SegmentedRaftLogWorker.java:lambda$new$0(132)) - c4751e07-4727-4633-be79-0e5d9146c54d@group-816BAD825024-SegmentedRaftLogWorker: flushIndex: setUnconditionally 0 -> -1
2019-09-24 02:24:34,029 [pool-157-thread-1] INFO  server.RaftServerConfigKeys (ConfUtils.java:logGet(43)) - raft.server.snapshot.auto.trigger.enabled = true (custom)
2019-09-24 02:24:34,029 [pool-157-thread-1] INFO  server.RaftServerConfigKeys (ConfUtils.java:logGet(43)) - raft.server.snapshot.auto.trigger.threshold = 10000 (custom)
2019-09-24 02:24:34,030 [pool-157-thread-1] INFO  server.RaftServerConfigKeys (ConfUtils.java:logGet(43)) - raft.server.snapshot.retention.num.files = 5 (custom)
2019-09-24 02:24:34,030 [pool-157-thread-1] INFO  server.RaftServerConfigKeys (ConfUtils.java:logGet(43)) - raft.server.retrycache.expirytime = 600000ms (custom)
2019-09-24 02:24:34,033 [pool-157-thread-1] INFO  impl.RaftServerImpl (RaftServerImpl.java:start(185)) - c4751e07-4727-4633-be79-0e5d9146c54d@group-816BAD825024: start as a follower, conf=-1: [c4751e07-4727-4633-be79-0e5d9146c54d:192.168.151.121:37596], old=null
2019-09-24 02:24:34,033 [pool-157-thread-1] INFO  impl.RaftServerImpl (RaftServerImpl.java:setRole(174)) - c4751e07-4727-4633-be79-0e5d9146c54d@group-816BAD825024: changes role from      null to FOLLOWER at term 0 for startAsFollower
2019-09-24 02:24:34,033 [pool-157-thread-1] INFO  impl.RoleInfo (RoleInfo.java:updateAndGet(143)) - c4751e07-4727-4633-be79-0e5d9146c54d: start FollowerState
2019-09-24 02:24:34,034 [pool-157-thread-1] INFO  util.JmxRegister (JmxRegister.java:tryRegister(44)) - Successfully registered JMX Bean with object name Ratis:service=RaftServer,group=group-816BAD825024,id=c4751e07-4727-4633-be79-0e5d9146c54d
2019-09-24 02:24:34,041 [RatisPipelineUtilsThread] INFO  pipeline.PipelineStateManager (PipelineStateManager.java:addPipeline(56)) - Created pipeline Pipeline[ Id: cf16bf22-a5bf-4a3f-a58d-816bad825024, Nodes: c4751e07-4727-4633-be79-0e5d9146c54d{ip: 192.168.151.121, host: pr-hdds-2162-tjkd5-3209850126, networkLocation: /rack1, certSerialId: null}, Type:RATIS, Factor:ONE, State:OPEN]
2019-09-24 02:24:34,051 [IPC Server handler 7 on 45360] INFO  net.NetworkTopology (NetworkTopologyImpl.java:add(111)) - Added a new node: /rack1/976b4ad9-2763-4348-94fe-da9eb86c31c0
2019-09-24 02:24:34,052 [IPC Server handler 7 on 45360] INFO  node.SCMNodeManager (SCMNodeManager.java:register(266)) - Registered Data node : 976b4ad9-2763-4348-94fe-da9eb86c31c0{ip: 192.168.151.121, host: pr-hdds-2162-tjkd5-3209850126, networkLocation: /rack1, certSerialId: null}
2019-09-24 02:24:34,065 [grpc-default-executor-0] INFO  impl.RaftServerProxy (RaftServerProxy.java:addNew(89)) - 976b4ad9-2763-4348-94fe-da9eb86c31c0: addNew group-392E604BB72C:[976b4ad9-2763-4348-94fe-da9eb86c31c0:192.168.151.121:36117] returns group-392E604BB72C:java.util.concurrent.CompletableFuture@18cdfd22[Not completed]
2019-09-24 02:24:34,067 [pool-167-thread-1] INFO  impl.RaftServerImpl (RaftServerImpl.java:<init>(95)) - 976b4ad9-2763-4348-94fe-da9eb86c31c0: new RaftServerImpl for group-392E604BB72C:[976b4ad9-2763-4348-94fe-da9eb86c31c0:192.168.151.121:36117] with ContainerStateMachine:uninitialized
2019-09-24 02:24:34,067 [pool-167-thread-1] INFO  server.RaftServerConfigKeys (ConfUtils.java:logGet(43)) - raft.server.rpc.timeout.min = 1s (custom)
2019-09-24 02:24:34,067 [pool-167-thread-1] INFO  server.RaftServerConfigKeys (ConfUtils.java:logGet(43)) - raft.server.rpc.timeout.max = 1200ms (custom)
2019-09-24 02:24:34,067 [pool-167-thread-1] INFO  server.RaftServerConfigKeys (ConfUtils.java:logGet(43)) - raft.server.rpcslowness.timeout = 120s (custom)
2019-09-24 02:24:34,068 [pool-167-thread-1] INFO  server.RaftServerConfigKeys (ConfUtils.java:logGet(43)) - raft.server.sleep.deviation.threshold = 300 (default)
2019-09-24 02:24:34,068 [pool-167-thread-1] INFO  server.RaftServerConfigKeys (ConfUtils.java:logGet(43)) - raft.server.log.appender.install.snapshot.enabled = false (custom)
2019-09-24 02:24:34,068 [pool-167-thread-1] INFO  impl.RaftServerImpl (ServerState.java:<init>(103)) - 976b4ad9-2763-4348-94fe-da9eb86c31c0@group-392E604BB72C: ConfigurationManager, init=-1: [976b4ad9-2763-4348-94fe-da9eb86c31c0:192.168.151.121:36117], old=null, confs=<EMPTY_MAP>
2019-09-24 02:24:34,068 [pool-167-thread-1] INFO  server.RaftServerConfigKeys (ConfUtils.java:logGet(43)) - raft.server.storage.dir = [/workdir/hadoop-ozone/integration-test/target/test-dir/MiniOzoneClusterImpl-69b5c385-cdb4-4487-be19-c3541ab4b602/datanode-2/data/ratis] (custom)
2019-09-24 02:24:34,069 [pool-167-thread-1] INFO  storage.RaftStorageDirectory (RaftStorageDirectory.java:analyzeStorage(246)) - The storage directory /workdir/hadoop-ozone/integration-test/target/test-dir/MiniOzoneClusterImpl-69b5c385-cdb4-4487-be19-c3541ab4b602/datanode-2/data/ratis/92aaa167-3c2c-482d-95c7-392e604bb72c does not exist. Creating ...
2019-09-24 02:24:34,081 [pool-167-thread-1] INFO  storage.RaftStorageDirectory (RaftStorageDirectory.java:tryLock(328)) - Lock on /workdir/hadoop-ozone/integration-test/target/test-dir/MiniOzoneClusterImpl-69b5c385-cdb4-4487-be19-c3541ab4b602/datanode-2/data/ratis/92aaa167-3c2c-482d-95c7-392e604bb72c/in_use.lock acquired by nodename 30927@pr-hdds-2162-tjkd5-3209850126
2019-09-24 02:24:34,094 [pool-167-thread-1] INFO  storage.RaftStorage (RaftStorage.java:format(72)) - Storage directory /workdir/hadoop-ozone/integration-test/target/test-dir/MiniOzoneClusterImpl-69b5c385-cdb4-4487-be19-c3541ab4b602/datanode-2/data/ratis/92aaa167-3c2c-482d-95c7-392e604bb72c has been successfully formatted.
2019-09-24 02:24:34,094 [pool-167-thread-1] INFO  ratis.ContainerStateMachine (ContainerStateMachine.java:loadSnapshot(230)) - group-392E604BB72C: The snapshot info is null. Setting the last applied indexto:(t:0, i:~)
2019-09-24 02:24:34,095 [pool-167-thread-1] INFO  server.RaftServerConfigKeys (ConfUtils.java:logGet(43)) - raft.server.notification.no-leader.timeout = 120s (custom)
2019-09-24 02:24:34,095 [pool-167-thread-1] INFO  server.RaftServerConfigKeys (ConfUtils.java:logGet(43)) - raft.server.log.use.memory = false (default)
2019-09-24 02:24:34,095 [pool-167-thread-1] INFO  server.RaftServerConfigKeys (ConfUtils.java:logGet(43)) - raft.server.log.purge.gap = 1000000 (custom)
2019-09-24 02:24:34,095 [pool-167-thread-1] INFO  server.RaftServerConfigKeys (ConfUtils.java:logGet(43)) - raft.server.log.appender.buffer.byte-limit = 33554432 (custom)
2019-09-24 02:24:34,096 [pool-167-thread-1] INFO  server.RaftServerConfigKeys (ConfUtils.java:logGet(43)) - raft.server.log.segment.size.max = 1048576 (custom)
2019-09-24 02:24:34,096 [pool-167-thread-1] INFO  server.RaftServerConfigKeys (ConfUtils.java:logGet(43)) - raft.server.log.segment.cache.num.max = 2 (custom)
2019-09-24 02:24:34,096 [pool-167-thread-1] INFO  segmented.SegmentedRaftLogWorker (SegmentedRaftLogWorker.java:<init>(172)) - new 976b4ad9-2763-4348-94fe-da9eb86c31c0@group-392E604BB72C-SegmentedRaftLogWorker for RaftStorage:Storage Directory /workdir/hadoop-ozone/integration-test/target/test-dir/MiniOzoneClusterImpl-69b5c385-cdb4-4487-be19-c3541ab4b602/datanode-2/data/ratis/92aaa167-3c2c-482d-95c7-392e604bb72c
2019-09-24 02:24:34,099 [pool-167-thread-1] INFO  server.RaftServerConfigKeys (ConfUtils.java:logGet(43)) - raft.server.log.queue.byte-limit = 2147483647 (custom)
2019-09-24 02:24:34,099 [pool-167-thread-1] INFO  server.RaftServerConfigKeys (ConfUtils.java:logGet(43)) - raft.server.log.queue.element-limit = 1024 (custom)
2019-09-24 02:24:34,099 [pool-167-thread-1] INFO  server.RaftServerConfigKeys (ConfUtils.java:logGet(43)) - raft.server.log.segment.size.max = 1048576 (custom)
2019-09-24 02:24:34,099 [pool-167-thread-1] INFO  server.RaftServerConfigKeys (ConfUtils.java:logGet(43)) - raft.server.log.preallocated.size = 16384 (custom)
2019-09-24 02:24:34,099 [pool-167-thread-1] INFO  server.RaftServerConfigKeys (ConfUtils.java:logGet(43)) - raft.server.log.write.buffer.size = 33554432 (custom)
2019-09-24 02:24:34,099 [pool-167-thread-1] INFO  server.RaftServerConfigKeys (ConfUtils.java:logGet(43)) - raft.server.log.force.sync.num = 128 (default)
2019-09-24 02:24:34,100 [pool-167-thread-1] INFO  server.RaftServerConfigKeys (ConfUtils.java:logGet(43)) - raft.server.log.statemachine.data.sync = true (default)
2019-09-24 02:24:34,100 [pool-167-thread-1] INFO  server.RaftServerConfigKeys (ConfUtils.java:logGet(43)) - raft.server.log.statemachine.data.sync.timeout = 10s (default)
2019-09-24 02:24:34,100 [pool-167-thread-1] INFO  server.RaftServerConfigKeys (ConfUtils.java:logGet(43)) - raft.server.log.statemachine.data.sync.timeout.retry = -1 (default)
2019-09-24 02:24:34,100 [pool-167-thread-1] INFO  server.RaftServerConfigKeys (ConfUtils.java:logGet(43)) - raft.server.log.statemachine.data.caching.enabled = true (custom)
2019-09-24 02:24:34,101 [pool-167-thread-1] INFO  segmented.SegmentedRaftLogWorker (SegmentedRaftLogWorker.java:lambda$new$0(132)) - 976b4ad9-2763-4348-94fe-da9eb86c31c0@group-392E604BB72C-SegmentedRaftLogWorker: flushIndex: setUnconditionally 0 -> -1
2019-09-24 02:24:34,101 [pool-167-thread-1] INFO  server.RaftServerConfigKeys (ConfUtils.java:logGet(43)) - raft.server.snapshot.auto.trigger.enabled = true (custom)
2019-09-24 02:24:34,101 [pool-167-thread-1] INFO  server.RaftServerConfigKeys (ConfUtils.java:logGet(43)) - raft.server.snapshot.auto.trigger.threshold = 10000 (custom)
2019-09-24 02:24:34,101 [pool-167-thread-1] INFO  server.RaftServerConfigKeys (ConfUtils.java:logGet(43)) - raft.server.snapshot.retention.num.files = 5 (custom)
2019-09-24 02:24:34,101 [pool-167-thread-1] INFO  server.RaftServerConfigKeys (ConfUtils.java:logGet(43)) - raft.server.retrycache.expirytime = 600000ms (custom)
2019-09-24 02:24:34,104 [pool-167-thread-1] INFO  impl.RaftServerImpl (RaftServerImpl.java:start(185)) - 976b4ad9-2763-4348-94fe-da9eb86c31c0@group-392E604BB72C: start as a follower, conf=-1: [976b4ad9-2763-4348-94fe-da9eb86c31c0:192.168.151.121:36117], old=null
2019-09-24 02:24:34,104 [pool-167-thread-1] INFO  impl.RaftServerImpl (RaftServerImpl.java:setRole(174)) - 976b4ad9-2763-4348-94fe-da9eb86c31c0@group-392E604BB72C: changes role from      null to FOLLOWER at term 0 for startAsFollower
2019-09-24 02:24:34,105 [pool-167-thread-1] INFO  impl.RoleInfo (RoleInfo.java:updateAndGet(143)) - 976b4ad9-2763-4348-94fe-da9eb86c31c0: start FollowerState
2019-09-24 02:24:34,105 [pool-167-thread-1] INFO  util.JmxRegister (JmxRegister.java:tryRegister(44)) - Successfully registered JMX Bean with object name Ratis:service=RaftServer,group=group-392E604BB72C,id=976b4ad9-2763-4348-94fe-da9eb86c31c0
2019-09-24 02:24:34,111 [RatisPipelineUtilsThread] INFO  pipeline.PipelineStateManager (PipelineStateManager.java:addPipeline(56)) - Created pipeline Pipeline[ Id: 92aaa167-3c2c-482d-95c7-392e604bb72c, Nodes: 976b4ad9-2763-4348-94fe-da9eb86c31c0{ip: 192.168.151.121, host: pr-hdds-2162-tjkd5-3209850126, networkLocation: /rack1, certSerialId: null}, Type:RATIS, Factor:ONE, State:OPEN]
2019-09-24 02:24:34,128 [IPC Server handler 8 on 45360] INFO  net.NetworkTopology (NetworkTopologyImpl.java:add(111)) - Added a new node: /rack1/7bca38f8-b0d1-4401-8113-ee118fd16170
2019-09-24 02:24:34,129 [IPC Server handler 8 on 45360] INFO  node.SCMNodeManager (SCMNodeManager.java:register(266)) - Registered Data node : 7bca38f8-b0d1-4401-8113-ee118fd16170{ip: 192.168.151.121, host: pr-hdds-2162-tjkd5-3209850126, networkLocation: /rack1, certSerialId: null}
2019-09-24 02:24:34,130 [grpc-default-executor-2] INFO  impl.RaftServerProxy (RaftServerProxy.java:addNew(89)) - 976b4ad9-2763-4348-94fe-da9eb86c31c0: addNew group-BF4A884C52EC:[c4751e07-4727-4633-be79-0e5d9146c54d:192.168.151.121:37596, 1d7c29ff-f782-4e4c-a166-2c7d98aa0a2e:192.168.151.121:34209, 976b4ad9-2763-4348-94fe-da9eb86c31c0:192.168.151.121:36117] returns group-BF4A884C52EC:java.util.concurrent.CompletableFuture@2c96aea2[Not completed]
2019-09-24 02:24:34,130 [grpc-default-executor-1] INFO  impl.RaftServerProxy (RaftServerProxy.java:addNew(89)) - 1d7c29ff-f782-4e4c-a166-2c7d98aa0a2e: addNew group-BF4A884C52EC:[c4751e07-4727-4633-be79-0e5d9146c54d:192.168.151.121:37596, 1d7c29ff-f782-4e4c-a166-2c7d98aa0a2e:192.168.151.121:34209, 976b4ad9-2763-4348-94fe-da9eb86c31c0:192.168.151.121:36117] returns group-BF4A884C52EC:java.util.concurrent.CompletableFuture@165fdfa[Not completed]
2019-09-24 02:24:34,130 [grpc-default-executor-2] INFO  impl.RaftServerProxy (RaftServerProxy.java:addNew(89)) - c4751e07-4727-4633-be79-0e5d9146c54d: addNew group-BF4A884C52EC:[c4751e07-4727-4633-be79-0e5d9146c54d:192.168.151.121:37596, 1d7c29ff-f782-4e4c-a166-2c7d98aa0a2e:192.168.151.121:34209, 976b4ad9-2763-4348-94fe-da9eb86c31c0:192.168.151.121:36117] returns group-BF4A884C52EC:java.util.concurrent.CompletableFuture@6daba499[Not completed]
2019-09-24 02:24:34,131 [pool-167-thread-1] INFO  impl.RaftServerImpl (RaftServerImpl.java:<init>(95)) - 976b4ad9-2763-4348-94fe-da9eb86c31c0: new RaftServerImpl for group-BF4A884C52EC:[c4751e07-4727-4633-be79-0e5d9146c54d:192.168.151.121:37596, 1d7c29ff-f782-4e4c-a166-2c7d98aa0a2e:192.168.151.121:34209, 976b4ad9-2763-4348-94fe-da9eb86c31c0:192.168.151.121:36117] with ContainerStateMachine:uninitialized
2019-09-24 02:24:34,132 [pool-167-thread-1] INFO  server.RaftServerConfigKeys (ConfUtils.java:logGet(43)) - raft.server.rpc.timeout.min = 1s (custom)
2019-09-24 02:24:34,132 [pool-167-thread-1] INFO  server.RaftServerConfigKeys (ConfUtils.java:logGet(43)) - raft.server.rpc.timeout.max = 1200ms (custom)
2019-09-24 02:24:34,132 [pool-167-thread-1] INFO  server.RaftServerConfigKeys (ConfUtils.java:logGet(43)) - raft.server.rpcslowness.timeout = 120s (custom)
2019-09-24 02:24:34,132 [pool-167-thread-1] INFO  server.RaftServerConfigKeys (ConfUtils.java:logGet(43)) - raft.server.sleep.deviation.threshold = 300 (default)
2019-09-24 02:24:34,132 [pool-167-thread-1] INFO  server.RaftServerConfigKeys (ConfUtils.java:logGet(43)) - raft.server.log.appender.install.snapshot.enabled = false (custom)
2019-09-24 02:24:34,132 [pool-157-thread-1] INFO  impl.RaftServerImpl (RaftServerImpl.java:<init>(95)) - c4751e07-4727-4633-be79-0e5d9146c54d: new RaftServerImpl for group-BF4A884C52EC:[c4751e07-4727-4633-be79-0e5d9146c54d:192.168.151.121:37596, 1d7c29ff-f782-4e4c-a166-2c7d98aa0a2e:192.168.151.121:34209, 976b4ad9-2763-4348-94fe-da9eb86c31c0:192.168.151.121:36117] with ContainerStateMachine:uninitialized
2019-09-24 02:24:34,132 [pool-167-thread-1] INFO  impl.RaftServerImpl (ServerState.java:<init>(103)) - 976b4ad9-2763-4348-94fe-da9eb86c31c0@group-BF4A884C52EC: ConfigurationManager, init=-1: [c4751e07-4727-4633-be79-0e5d9146c54d:192.168.151.121:37596, 1d7c29ff-f782-4e4c-a166-2c7d98aa0a2e:192.168.151.121:34209, 976b4ad9-2763-4348-94fe-da9eb86c31c0:192.168.151.121:36117], old=null, confs=<EMPTY_MAP>
2019-09-24 02:24:34,133 [pool-157-thread-1] INFO  server.RaftServerConfigKeys (ConfUtils.java:logGet(43)) - raft.server.rpc.timeout.min = 1s (custom)
2019-09-24 02:24:34,133 [pool-167-thread-1] INFO  server.RaftServerConfigKeys (ConfUtils.java:logGet(43)) - raft.server.storage.dir = [/workdir/hadoop-ozone/integration-test/target/test-dir/MiniOzoneClusterImpl-69b5c385-cdb4-4487-be19-c3541ab4b602/datanode-2/data/ratis] (custom)
2019-09-24 02:24:34,133 [pool-157-thread-1] INFO  server.RaftServerConfigKeys (ConfUtils.java:logGet(43)) - raft.server.rpc.timeout.max = 1200ms (custom)
2019-09-24 02:24:34,133 [pool-157-thread-1] INFO  server.RaftServerConfigKeys (ConfUtils.java:logGet(43)) - raft.server.rpcslowness.timeout = 120s (custom)
2019-09-24 02:24:34,133 [pool-157-thread-1] INFO  server.RaftServerConfigKeys (ConfUtils.java:logGet(43)) - raft.server.sleep.deviation.threshold = 300 (default)
2019-09-24 02:24:34,133 [pool-167-thread-1] INFO  storage.RaftStorageDirectory (RaftStorageDirectory.java:analyzeStorage(246)) - The storage directory /workdir/hadoop-ozone/integration-test/target/test-dir/MiniOzoneClusterImpl-69b5c385-cdb4-4487-be19-c3541ab4b602/datanode-2/data/ratis/c5c41602-af47-4714-b708-bf4a884c52ec does not exist. Creating ...
2019-09-24 02:24:34,133 [pool-147-thread-1] INFO  impl.RaftServerImpl (RaftServerImpl.java:<init>(95)) - 1d7c29ff-f782-4e4c-a166-2c7d98aa0a2e: new RaftServerImpl for group-BF4A884C52EC:[c4751e07-4727-4633-be79-0e5d9146c54d:192.168.151.121:37596, 1d7c29ff-f782-4e4c-a166-2c7d98aa0a2e:192.168.151.121:34209, 976b4ad9-2763-4348-94fe-da9eb86c31c0:192.168.151.121:36117] with ContainerStateMachine:uninitialized
2019-09-24 02:24:34,133 [pool-157-thread-1] INFO  server.RaftServerConfigKeys (ConfUtils.java:logGet(43)) - raft.server.log.appender.install.snapshot.enabled = false (custom)
2019-09-24 02:24:34,134 [pool-147-thread-1] INFO  server.RaftServerConfigKeys (ConfUtils.java:logGet(43)) - raft.server.rpc.timeout.min = 1s (custom)
2019-09-24 02:24:34,134 [pool-157-thread-1] INFO  impl.RaftServerImpl (ServerState.java:<init>(103)) - c4751e07-4727-4633-be79-0e5d9146c54d@group-BF4A884C52EC: ConfigurationManager, init=-1: [c4751e07-4727-4633-be79-0e5d9146c54d:192.168.151.121:37596, 1d7c29ff-f782-4e4c-a166-2c7d98aa0a2e:192.168.151.121:34209, 976b4ad9-2763-4348-94fe-da9eb86c31c0:192.168.151.121:36117], old=null, confs=<EMPTY_MAP>
2019-09-24 02:24:34,134 [pool-147-thread-1] INFO  server.RaftServerConfigKeys (ConfUtils.java:logGet(43)) - raft.server.rpc.timeout.max = 1200ms (custom)
2019-09-24 02:24:34,134 [pool-157-thread-1] INFO  server.RaftServerConfigKeys (ConfUtils.java:logGet(43)) - raft.server.storage.dir = [/workdir/hadoop-ozone/integration-test/target/test-dir/MiniOzoneClusterImpl-69b5c385-cdb4-4487-be19-c3541ab4b602/datanode-1/data/ratis] (custom)
2019-09-24 02:24:34,134 [pool-147-thread-1] INFO  server.RaftServerConfigKeys (ConfUtils.java:logGet(43)) - raft.server.rpcslowness.timeout = 120s (custom)
2019-09-24 02:24:34,135 [pool-147-thread-1] INFO  server.RaftServerConfigKeys (ConfUtils.java:logGet(43)) - raft.server.sleep.deviation.threshold = 300 (default)
2019-09-24 02:24:34,135 [pool-157-thread-1] INFO  storage.RaftStorageDirectory (RaftStorageDirectory.java:analyzeStorage(246)) - The storage directory /workdir/hadoop-ozone/integration-test/target/test-dir/MiniOzoneClusterImpl-69b5c385-cdb4-4487-be19-c3541ab4b602/datanode-1/data/ratis/c5c41602-af47-4714-b708-bf4a884c52ec does not exist. Creating ...
2019-09-24 02:24:34,135 [pool-147-thread-1] INFO  server.RaftServerConfigKeys (ConfUtils.java:logGet(43)) - raft.server.log.appender.install.snapshot.enabled = false (custom)
2019-09-24 02:24:34,135 [pool-147-thread-1] INFO  impl.RaftServerImpl (ServerState.java:<init>(103)) - 1d7c29ff-f782-4e4c-a166-2c7d98aa0a2e@group-BF4A884C52EC: ConfigurationManager, init=-1: [c4751e07-4727-4633-be79-0e5d9146c54d:192.168.151.121:37596, 1d7c29ff-f782-4e4c-a166-2c7d98aa0a2e:192.168.151.121:34209, 976b4ad9-2763-4348-94fe-da9eb86c31c0:192.168.151.121:36117], old=null, confs=<EMPTY_MAP>
2019-09-24 02:24:34,135 [pool-147-thread-1] INFO  server.RaftServerConfigKeys (ConfUtils.java:logGet(43)) - raft.server.storage.dir = [/workdir/hadoop-ozone/integration-test/target/test-dir/MiniOzoneClusterImpl-69b5c385-cdb4-4487-be19-c3541ab4b602/datanode-0/data/ratis] (custom)
2019-09-24 02:24:34,136 [pool-147-thread-1] INFO  storage.RaftStorageDirectory (RaftStorageDirectory.java:analyzeStorage(246)) - The storage directory /workdir/hadoop-ozone/integration-test/target/test-dir/MiniOzoneClusterImpl-69b5c385-cdb4-4487-be19-c3541ab4b602/datanode-0/data/ratis/c5c41602-af47-4714-b708-bf4a884c52ec does not exist. Creating ...
2019-09-24 02:24:34,147 [pool-167-thread-1] INFO  storage.RaftStorageDirectory (RaftStorageDirectory.java:tryLock(328)) - Lock on /workdir/hadoop-ozone/integration-test/target/test-dir/MiniOzoneClusterImpl-69b5c385-cdb4-4487-be19-c3541ab4b602/datanode-2/data/ratis/c5c41602-af47-4714-b708-bf4a884c52ec/in_use.lock acquired by nodename 30927@pr-hdds-2162-tjkd5-3209850126
2019-09-24 02:24:34,147 [pool-157-thread-1] INFO  storage.RaftStorageDirectory (RaftStorageDirectory.java:tryLock(328)) - Lock on /workdir/hadoop-ozone/integration-test/target/test-dir/MiniOzoneClusterImpl-69b5c385-cdb4-4487-be19-c3541ab4b602/datanode-1/data/ratis/c5c41602-af47-4714-b708-bf4a884c52ec/in_use.lock acquired by nodename 30927@pr-hdds-2162-tjkd5-3209850126
2019-09-24 02:24:34,147 [pool-147-thread-1] INFO  storage.RaftStorageDirectory (RaftStorageDirectory.java:tryLock(328)) - Lock on /workdir/hadoop-ozone/integration-test/target/test-dir/MiniOzoneClusterImpl-69b5c385-cdb4-4487-be19-c3541ab4b602/datanode-0/data/ratis/c5c41602-af47-4714-b708-bf4a884c52ec/in_use.lock acquired by nodename 30927@pr-hdds-2162-tjkd5-3209850126
2019-09-24 02:24:34,160 [pool-167-thread-1] INFO  storage.RaftStorage (RaftStorage.java:format(72)) - Storage directory /workdir/hadoop-ozone/integration-test/target/test-dir/MiniOzoneClusterImpl-69b5c385-cdb4-4487-be19-c3541ab4b602/datanode-2/data/ratis/c5c41602-af47-4714-b708-bf4a884c52ec has been successfully formatted.
2019-09-24 02:24:34,160 [pool-147-thread-1] INFO  storage.RaftStorage (RaftStorage.java:format(72)) - Storage directory /workdir/hadoop-ozone/integration-test/target/test-dir/MiniOzoneClusterImpl-69b5c385-cdb4-4487-be19-c3541ab4b602/datanode-0/data/ratis/c5c41602-af47-4714-b708-bf4a884c52ec has been successfully formatted.
2019-09-24 02:24:34,160 [pool-157-thread-1] INFO  storage.RaftStorage (RaftStorage.java:format(72)) - Storage directory /workdir/hadoop-ozone/integration-test/target/test-dir/MiniOzoneClusterImpl-69b5c385-cdb4-4487-be19-c3541ab4b602/datanode-1/data/ratis/c5c41602-af47-4714-b708-bf4a884c52ec has been successfully formatted.
2019-09-24 02:24:34,160 [pool-167-thread-1] INFO  ratis.ContainerStateMachine (ContainerStateMachine.java:loadSnapshot(230)) - group-BF4A884C52EC: The snapshot info is null. Setting the last applied indexto:(t:0, i:~)
2019-09-24 02:24:34,161 [pool-157-thread-1] INFO  ratis.ContainerStateMachine (ContainerStateMachine.java:loadSnapshot(230)) - group-BF4A884C52EC: The snapshot info is null. Setting the last applied indexto:(t:0, i:~)
2019-09-24 02:24:34,160 [pool-147-thread-1] INFO  ratis.ContainerStateMachine (ContainerStateMachine.java:loadSnapshot(230)) - group-BF4A884C52EC: The snapshot info is null. Setting the last applied indexto:(t:0, i:~)
2019-09-24 02:24:34,161 [pool-157-thread-1] INFO  server.RaftServerConfigKeys (ConfUtils.java:logGet(43)) - raft.server.notification.no-leader.timeout = 120s (custom)
2019-09-24 02:24:34,161 [pool-167-thread-1] INFO  server.RaftServerConfigKeys (ConfUtils.java:logGet(43)) - raft.server.notification.no-leader.timeout = 120s (custom)
2019-09-24 02:24:34,161 [pool-157-thread-1] INFO  server.RaftServerConfigKeys (ConfUtils.java:logGet(43)) - raft.server.log.use.memory = false (default)
2019-09-24 02:24:34,161 [pool-147-thread-1] INFO  server.RaftServerConfigKeys (ConfUtils.java:logGet(43)) - raft.server.notification.no-leader.timeout = 120s (custom)
2019-09-24 02:24:34,161 [pool-157-thread-1] INFO  server.RaftServerConfigKeys (ConfUtils.java:logGet(43)) - raft.server.log.purge.gap = 1000000 (custom)
2019-09-24 02:24:34,161 [pool-167-thread-1] INFO  server.RaftServerConfigKeys (ConfUtils.java:logGet(43)) - raft.server.log.use.memory = false (default)
2019-09-24 02:24:34,161 [pool-157-thread-1] INFO  server.RaftServerConfigKeys (ConfUtils.java:logGet(43)) - raft.server.log.appender.buffer.byte-limit = 33554432 (custom)
2019-09-24 02:24:34,161 [pool-147-thread-1] INFO  server.RaftServerConfigKeys (ConfUtils.java:logGet(43)) - raft.server.log.use.memory = false (default)
2019-09-24 02:24:34,162 [pool-157-thread-1] INFO  server.RaftServerConfigKeys (ConfUtils.java:logGet(43)) - raft.server.log.segment.size.max = 1048576 (custom)
2019-09-24 02:24:34,162 [pool-167-thread-1] INFO  server.RaftServerConfigKeys (ConfUtils.java:logGet(43)) - raft.server.log.purge.gap = 1000000 (custom)
2019-09-24 02:24:34,162 [pool-157-thread-1] INFO  server.RaftServerConfigKeys (ConfUtils.java:logGet(43)) - raft.server.log.segment.cache.num.max = 2 (custom)
2019-09-24 02:24:34,162 [pool-147-thread-1] INFO  server.RaftServerConfigKeys (ConfUtils.java:logGet(43)) - raft.server.log.purge.gap = 1000000 (custom)
2019-09-24 02:24:34,162 [pool-157-thread-1] INFO  segmented.SegmentedRaftLogWorker (SegmentedRaftLogWorker.java:<init>(172)) - new c4751e07-4727-4633-be79-0e5d9146c54d@group-BF4A884C52EC-SegmentedRaftLogWorker for RaftStorage:Storage Directory /workdir/hadoop-ozone/integration-test/target/test-dir/MiniOzoneClusterImpl-69b5c385-cdb4-4487-be19-c3541ab4b602/datanode-1/data/ratis/c5c41602-af47-4714-b708-bf4a884c52ec
2019-09-24 02:24:34,162 [pool-167-thread-1] INFO  server.RaftServerConfigKeys (ConfUtils.java:logGet(43)) - raft.server.log.appender.buffer.byte-limit = 33554432 (custom)
2019-09-24 02:24:34,163 [pool-157-thread-1] INFO  server.RaftServerConfigKeys (ConfUtils.java:logGet(43)) - raft.server.log.queue.byte-limit = 2147483647 (custom)
2019-09-24 02:24:34,162 [pool-147-thread-1] INFO  server.RaftServerConfigKeys (ConfUtils.java:logGet(43)) - raft.server.log.appender.buffer.byte-limit = 33554432 (custom)
2019-09-24 02:24:34,163 [pool-157-thread-1] INFO  server.RaftServerConfigKeys (ConfUtils.java:logGet(43)) - raft.server.log.queue.element-limit = 1024 (custom)
2019-09-24 02:24:34,163 [pool-167-thread-1] INFO  server.RaftServerConfigKeys (ConfUtils.java:logGet(43)) - raft.server.log.segment.size.max = 1048576 (custom)
2019-09-24 02:24:34,163 [pool-157-thread-1] INFO  server.RaftServerConfigKeys (ConfUtils.java:logGet(43)) - raft.server.log.segment.size.max = 1048576 (custom)
2019-09-24 02:24:34,163 [pool-157-thread-1] INFO  server.RaftServerConfigKeys (ConfUtils.java:logGet(43)) - raft.server.log.preallocated.size = 16384 (custom)
2019-09-24 02:24:34,163 [pool-147-thread-1] INFO  server.RaftServerConfigKeys (ConfUtils.java:logGet(43)) - raft.server.log.segment.size.max = 1048576 (custom)
2019-09-24 02:24:34,164 [pool-157-thread-1] INFO  server.RaftServerConfigKeys (ConfUtils.java:logGet(43)) - raft.server.log.write.buffer.size = 33554432 (custom)
2019-09-24 02:24:34,163 [pool-167-thread-1] INFO  server.RaftServerConfigKeys (ConfUtils.java:logGet(43)) - raft.server.log.segment.cache.num.max = 2 (custom)
2019-09-24 02:24:34,164 [pool-157-thread-1] INFO  server.RaftServerConfigKeys (ConfUtils.java:logGet(43)) - raft.server.log.force.sync.num = 128 (default)
2019-09-24 02:24:34,164 [pool-157-thread-1] INFO  server.RaftServerConfigKeys (ConfUtils.java:logGet(43)) - raft.server.log.statemachine.data.sync = true (default)
2019-09-24 02:24:34,164 [pool-147-thread-1] INFO  server.RaftServerConfigKeys (ConfUtils.java:logGet(43)) - raft.server.log.segment.cache.num.max = 2 (custom)
2019-09-24 02:24:34,164 [pool-157-thread-1] INFO  server.RaftServerConfigKeys (ConfUtils.java:logGet(43)) - raft.server.log.statemachine.data.sync.timeout = 10s (default)
2019-09-24 02:24:34,164 [pool-167-thread-1] INFO  segmented.SegmentedRaftLogWorker (SegmentedRaftLogWorker.java:<init>(172)) - new 976b4ad9-2763-4348-94fe-da9eb86c31c0@group-BF4A884C52EC-SegmentedRaftLogWorker for RaftStorage:Storage Directory /workdir/hadoop-ozone/integration-test/target/test-dir/MiniOzoneClusterImpl-69b5c385-cdb4-4487-be19-c3541ab4b602/datanode-2/data/ratis/c5c41602-af47-4714-b708-bf4a884c52ec
2019-09-24 02:24:34,165 [pool-157-thread-1] INFO  server.RaftServerConfigKeys (ConfUtils.java:logGet(43)) - raft.server.log.statemachine.data.sync.timeout.retry = -1 (default)
2019-09-24 02:24:34,165 [pool-147-thread-1] INFO  segmented.SegmentedRaftLogWorker (SegmentedRaftLogWorker.java:<init>(172)) - new 1d7c29ff-f782-4e4c-a166-2c7d98aa0a2e@group-BF4A884C52EC-SegmentedRaftLogWorker for RaftStorage:Storage Directory /workdir/hadoop-ozone/integration-test/target/test-dir/MiniOzoneClusterImpl-69b5c385-cdb4-4487-be19-c3541ab4b602/datanode-0/data/ratis/c5c41602-af47-4714-b708-bf4a884c52ec
2019-09-24 02:24:34,165 [pool-157-thread-1] INFO  server.RaftServerConfigKeys (ConfUtils.java:logGet(43)) - raft.server.log.statemachine.data.caching.enabled = true (custom)
2019-09-24 02:24:34,165 [pool-167-thread-1] INFO  server.RaftServerConfigKeys (ConfUtils.java:logGet(43)) - raft.server.log.queue.byte-limit = 2147483647 (custom)
2019-09-24 02:24:34,165 [pool-147-thread-1] INFO  server.RaftServerConfigKeys (ConfUtils.java:logGet(43)) - raft.server.log.queue.byte-limit = 2147483647 (custom)
2019-09-24 02:24:34,165 [pool-157-thread-1] INFO  segmented.SegmentedRaftLogWorker (SegmentedRaftLogWorker.java:lambda$new$0(132)) - c4751e07-4727-4633-be79-0e5d9146c54d@group-BF4A884C52EC-SegmentedRaftLogWorker: flushIndex: setUnconditionally 0 -> -1
2019-09-24 02:24:34,165 [pool-167-thread-1] INFO  server.RaftServerConfigKeys (ConfUtils.java:logGet(43)) - raft.server.log.queue.element-limit = 1024 (custom)
2019-09-24 02:24:34,166 [pool-147-thread-1] INFO  server.RaftServerConfigKeys (ConfUtils.java:logGet(43)) - raft.server.log.queue.element-limit = 1024 (custom)
2019-09-24 02:24:34,166 [pool-157-thread-1] INFO  server.RaftServerConfigKeys (ConfUtils.java:logGet(43)) - raft.server.snapshot.auto.trigger.enabled = true (custom)
2019-09-24 02:24:34,166 [pool-167-thread-1] INFO  server.RaftServerConfigKeys (ConfUtils.java:logGet(43)) - raft.server.log.segment.size.max = 1048576 (custom)
2019-09-24 02:24:34,166 [pool-157-thread-1] INFO  server.RaftServerConfigKeys (ConfUtils.java:logGet(43)) - raft.server.snapshot.auto.trigger.threshold = 10000 (custom)
2019-09-24 02:24:34,166 [pool-147-thread-1] INFO  server.RaftServerConfigKeys (ConfUtils.java:logGet(43)) - raft.server.log.segment.size.max = 1048576 (custom)
2019-09-24 02:24:34,166 [pool-157-thread-1] INFO  server.RaftServerConfigKeys (ConfUtils.java:logGet(43)) - raft.server.snapshot.retention.num.files = 5 (custom)
2019-09-24 02:24:34,166 [pool-167-thread-1] INFO  server.RaftServerConfigKeys (ConfUtils.java:logGet(43)) - raft.server.log.preallocated.size = 16384 (custom)
2019-09-24 02:24:34,167 [pool-157-thread-1] INFO  server.RaftServerConfigKeys (ConfUtils.java:logGet(43)) - raft.server.retrycache.expirytime = 600000ms (custom)
2019-09-24 02:24:34,167 [pool-147-thread-1] INFO  server.RaftServerConfigKeys (ConfUtils.java:logGet(43)) - raft.server.log.preallocated.size = 16384 (custom)
2019-09-24 02:24:34,167 [pool-167-thread-1] INFO  server.RaftServerConfigKeys (ConfUtils.java:logGet(43)) - raft.server.log.write.buffer.size = 33554432 (custom)
2019-09-24 02:24:34,167 [pool-147-thread-1] INFO  server.RaftServerConfigKeys (ConfUtils.java:logGet(43)) - raft.server.log.write.buffer.size = 33554432 (custom)
2019-09-24 02:24:34,167 [pool-167-thread-1] INFO  server.RaftServerConfigKeys (ConfUtils.java:logGet(43)) - raft.server.log.force.sync.num = 128 (default)
2019-09-24 02:24:34,167 [pool-147-thread-1] INFO  server.RaftServerConfigKeys (ConfUtils.java:logGet(43)) - raft.server.log.force.sync.num = 128 (default)
2019-09-24 02:24:34,168 [pool-167-thread-1] INFO  server.RaftServerConfigKeys (ConfUtils.java:logGet(43)) - raft.server.log.statemachine.data.sync = true (default)
2019-09-24 02:24:34,168 [pool-147-thread-1] INFO  server.RaftServerConfigKeys (ConfUtils.java:logGet(43)) - raft.server.log.statemachine.data.sync = true (default)
2019-09-24 02:24:34,168 [pool-167-thread-1] INFO  server.RaftServerConfigKeys (ConfUtils.java:logGet(43)) - raft.server.log.statemachine.data.sync.timeout = 10s (default)
2019-09-24 02:24:34,168 [pool-147-thread-1] INFO  server.RaftServerConfigKeys (ConfUtils.java:logGet(43)) - raft.server.log.statemachine.data.sync.timeout = 10s (default)
2019-09-24 02:24:34,168 [pool-167-thread-1] INFO  server.RaftServerConfigKeys (ConfUtils.java:logGet(43)) - raft.server.log.statemachine.data.sync.timeout.retry = -1 (default)
2019-09-24 02:24:34,168 [pool-147-thread-1] INFO  server.RaftServerConfigKeys (ConfUtils.java:logGet(43)) - raft.server.log.statemachine.data.sync.timeout.retry = -1 (default)
2019-09-24 02:24:34,169 [pool-167-thread-1] INFO  server.RaftServerConfigKeys (ConfUtils.java:logGet(43)) - raft.server.log.statemachine.data.caching.enabled = true (custom)
2019-09-24 02:24:34,169 [pool-147-thread-1] INFO  server.RaftServerConfigKeys (ConfUtils.java:logGet(43)) - raft.server.log.statemachine.data.caching.enabled = true (custom)
2019-09-24 02:24:34,169 [pool-167-thread-1] INFO  segmented.SegmentedRaftLogWorker (SegmentedRaftLogWorker.java:lambda$new$0(132)) - 976b4ad9-2763-4348-94fe-da9eb86c31c0@group-BF4A884C52EC-SegmentedRaftLogWorker: flushIndex: setUnconditionally 0 -> -1
2019-09-24 02:24:34,169 [pool-147-thread-1] INFO  segmented.SegmentedRaftLogWorker (SegmentedRaftLogWorker.java:lambda$new$0(132)) - 1d7c29ff-f782-4e4c-a166-2c7d98aa0a2e@group-BF4A884C52EC-SegmentedRaftLogWorker: flushIndex: setUnconditionally 0 -> -1
2019-09-24 02:24:34,169 [pool-157-thread-1] INFO  impl.RaftServerImpl (RaftServerImpl.java:start(185)) - c4751e07-4727-4633-be79-0e5d9146c54d@group-BF4A884C52EC: start as a follower, conf=-1: [c4751e07-4727-4633-be79-0e5d9146c54d:192.168.151.121:37596, 1d7c29ff-f782-4e4c-a166-2c7d98aa0a2e:192.168.151.121:34209, 976b4ad9-2763-4348-94fe-da9eb86c31c0:192.168.151.121:36117], old=null
2019-09-24 02:24:34,169 [pool-167-thread-1] INFO  server.RaftServerConfigKeys (ConfUtils.java:logGet(43)) - raft.server.snapshot.auto.trigger.enabled = true (custom)
2019-09-24 02:24:34,170 [pool-147-thread-1] INFO  server.RaftServerConfigKeys (ConfUtils.java:logGet(43)) - raft.server.snapshot.auto.trigger.enabled = true (custom)
2019-09-24 02:24:34,170 [pool-157-thread-1] INFO  impl.RaftServerImpl (RaftServerImpl.java:setRole(174)) - c4751e07-4727-4633-be79-0e5d9146c54d@group-BF4A884C52EC: changes role from      null to FOLLOWER at term 0 for startAsFollower
2019-09-24 02:24:34,170 [pool-147-thread-1] INFO  server.RaftServerConfigKeys (ConfUtils.java:logGet(43)) - raft.server.snapshot.auto.trigger.threshold = 10000 (custom)
2019-09-24 02:24:34,170 [pool-167-thread-1] INFO  server.RaftServerConfigKeys (ConfUtils.java:logGet(43)) - raft.server.snapshot.auto.trigger.threshold = 10000 (custom)
2019-09-24 02:24:34,170 [pool-147-thread-1] INFO  server.RaftServerConfigKeys (ConfUtils.java:logGet(43)) - raft.server.snapshot.retention.num.files = 5 (custom)
2019-09-24 02:24:34,170 [pool-157-thread-1] INFO  impl.RoleInfo (RoleInfo.java:updateAndGet(143)) - c4751e07-4727-4633-be79-0e5d9146c54d: start FollowerState
2019-09-24 02:24:34,171 [pool-147-thread-1] INFO  server.RaftServerConfigKeys (ConfUtils.java:logGet(43)) - raft.server.retrycache.expirytime = 600000ms (custom)
2019-09-24 02:24:34,170 [pool-167-thread-1] INFO  server.RaftServerConfigKeys (ConfUtils.java:logGet(43)) - raft.server.snapshot.retention.num.files = 5 (custom)
2019-09-24 02:24:34,171 [pool-157-thread-1] INFO  util.JmxRegister (JmxRegister.java:tryRegister(44)) - Successfully registered JMX Bean with object name Ratis:service=RaftServer,group=group-BF4A884C52EC,id=c4751e07-4727-4633-be79-0e5d9146c54d
2019-09-24 02:24:34,171 [pool-167-thread-1] INFO  server.RaftServerConfigKeys (ConfUtils.java:logGet(43)) - raft.server.retrycache.expirytime = 600000ms (custom)
2019-09-24 02:24:34,179 [pool-147-thread-1] INFO  impl.RaftServerImpl (RaftServerImpl.java:start(185)) - 1d7c29ff-f782-4e4c-a166-2c7d98aa0a2e@group-BF4A884C52EC: start as a follower, conf=-1: [c4751e07-4727-4633-be79-0e5d9146c54d:192.168.151.121:37596, 1d7c29ff-f782-4e4c-a166-2c7d98aa0a2e:192.168.151.121:34209, 976b4ad9-2763-4348-94fe-da9eb86c31c0:192.168.151.121:36117], old=null
2019-09-24 02:24:34,179 [pool-167-thread-1] INFO  impl.RaftServerImpl (RaftServerImpl.java:start(185)) - 976b4ad9-2763-4348-94fe-da9eb86c31c0@group-BF4A884C52EC: start as a follower, conf=-1: [c4751e07-4727-4633-be79-0e5d9146c54d:192.168.151.121:37596, 1d7c29ff-f782-4e4c-a166-2c7d98aa0a2e:192.168.151.121:34209, 976b4ad9-2763-4348-94fe-da9eb86c31c0:192.168.151.121:36117], old=null
2019-09-24 02:24:34,179 [pool-147-thread-1] INFO  impl.RaftServerImpl (RaftServerImpl.java:setRole(174)) - 1d7c29ff-f782-4e4c-a166-2c7d98aa0a2e@group-BF4A884C52EC: changes role from      null to FOLLOWER at term 0 for startAsFollower
2019-09-24 02:24:34,179 [pool-167-thread-1] INFO  impl.RaftServerImpl (RaftServerImpl.java:setRole(174)) - 976b4ad9-2763-4348-94fe-da9eb86c31c0@group-BF4A884C52EC: changes role from      null to FOLLOWER at term 0 for startAsFollower
2019-09-24 02:24:34,179 [pool-147-thread-1] INFO  impl.RoleInfo (RoleInfo.java:updateAndGet(143)) - 1d7c29ff-f782-4e4c-a166-2c7d98aa0a2e: start FollowerState
2019-09-24 02:24:34,179 [pool-167-thread-1] INFO  impl.RoleInfo (RoleInfo.java:updateAndGet(143)) - 976b4ad9-2763-4348-94fe-da9eb86c31c0: start FollowerState
2019-09-24 02:24:34,180 [pool-147-thread-1] INFO  util.JmxRegister (JmxRegister.java:tryRegister(44)) - Successfully registered JMX Bean with object name Ratis:service=RaftServer,group=group-BF4A884C52EC,id=1d7c29ff-f782-4e4c-a166-2c7d98aa0a2e
2019-09-24 02:24:34,180 [pool-167-thread-1] INFO  util.JmxRegister (JmxRegister.java:tryRegister(44)) - Successfully registered JMX Bean with object name Ratis:service=RaftServer,group=group-BF4A884C52EC,id=976b4ad9-2763-4348-94fe-da9eb86c31c0
2019-09-24 02:24:34,185 [RatisPipelineUtilsThread] INFO  pipeline.PipelineStateManager (PipelineStateManager.java:addPipeline(56)) - Created pipeline Pipeline[ Id: c5c41602-af47-4714-b708-bf4a884c52ec, Nodes: 1d7c29ff-f782-4e4c-a166-2c7d98aa0a2e{ip: 192.168.151.121, host: pr-hdds-2162-tjkd5-3209850126, networkLocation: /rack1, certSerialId: null}976b4ad9-2763-4348-94fe-da9eb86c31c0{ip: 192.168.151.121, host: pr-hdds-2162-tjkd5-3209850126, networkLocation: /rack1, certSerialId: null}c4751e07-4727-4633-be79-0e5d9146c54d{ip: 192.168.151.121, host: pr-hdds-2162-tjkd5-3209850126, networkLocation: /rack1, certSerialId: null}, Type:RATIS, Factor:THREE, State:OPEN]
2019-09-24 02:24:34,209 [IPC Server handler 9 on 45360] INFO  net.NetworkTopology (NetworkTopologyImpl.java:add(111)) - Added a new node: /rack1/d93e0f2d-aaab-42ca-acd5-b884b7a50f26
2019-09-24 02:24:34,209 [IPC Server handler 9 on 45360] INFO  node.SCMNodeManager (SCMNodeManager.java:register(266)) - Registered Data node : d93e0f2d-aaab-42ca-acd5-b884b7a50f26{ip: 192.168.151.121, host: pr-hdds-2162-tjkd5-3209850126, networkLocation: /rack1, certSerialId: null}
2019-09-24 02:24:34,217 [grpc-default-executor-2] INFO  impl.RaftServerProxy (RaftServerProxy.java:addNew(89)) - d93e0f2d-aaab-42ca-acd5-b884b7a50f26: addNew group-8E24B18B089F:[d93e0f2d-aaab-42ca-acd5-b884b7a50f26:192.168.151.121:41155] returns group-8E24B18B089F:java.util.concurrent.CompletableFuture@3d3baf84[Not completed]
2019-09-24 02:24:34,222 [pool-187-thread-1] INFO  impl.RaftServerImpl (RaftServerImpl.java:<init>(95)) - d93e0f2d-aaab-42ca-acd5-b884b7a50f26: new RaftServerImpl for group-8E24B18B089F:[d93e0f2d-aaab-42ca-acd5-b884b7a50f26:192.168.151.121:41155] with ContainerStateMachine:uninitialized
2019-09-24 02:24:34,223 [pool-187-thread-1] INFO  server.RaftServerConfigKeys (ConfUtils.java:logGet(43)) - raft.server.rpc.timeout.min = 1s (custom)
2019-09-24 02:24:34,223 [pool-187-thread-1] INFO  server.RaftServerConfigKeys (ConfUtils.java:logGet(43)) - raft.server.rpc.timeout.max = 1200ms (custom)
2019-09-24 02:24:34,223 [pool-187-thread-1] INFO  server.RaftServerConfigKeys (ConfUtils.java:logGet(43)) - raft.server.rpcslowness.timeout = 120s (custom)
2019-09-24 02:24:34,223 [pool-187-thread-1] INFO  server.RaftServerConfigKeys (ConfUtils.java:logGet(43)) - raft.server.sleep.deviation.threshold = 300 (default)
2019-09-24 02:24:34,223 [pool-187-thread-1] INFO  server.RaftServerConfigKeys (ConfUtils.java:logGet(43)) - raft.server.log.appender.install.snapshot.enabled = false (custom)
2019-09-24 02:24:34,224 [pool-187-thread-1] INFO  impl.RaftServerImpl (ServerState.java:<init>(103)) - d93e0f2d-aaab-42ca-acd5-b884b7a50f26@group-8E24B18B089F: ConfigurationManager, init=-1: [d93e0f2d-aaab-42ca-acd5-b884b7a50f26:192.168.151.121:41155], old=null, confs=<EMPTY_MAP>
2019-09-24 02:24:34,224 [pool-187-thread-1] INFO  server.RaftServerConfigKeys (ConfUtils.java:logGet(43)) - raft.server.storage.dir = [/workdir/hadoop-ozone/integration-test/target/test-dir/MiniOzoneClusterImpl-69b5c385-cdb4-4487-be19-c3541ab4b602/datanode-4/data/ratis] (custom)
2019-09-24 02:24:34,224 [pool-187-thread-1] INFO  storage.RaftStorageDirectory (RaftStorageDirectory.java:analyzeStorage(246)) - The storage directory /workdir/hadoop-ozone/integration-test/target/test-dir/MiniOzoneClusterImpl-69b5c385-cdb4-4487-be19-c3541ab4b602/datanode-4/data/ratis/a3772282-72cd-4758-8af6-8e24b18b089f does not exist. Creating ...
2019-09-24 02:24:34,238 [pool-187-thread-1] INFO  storage.RaftStorageDirectory (RaftStorageDirectory.java:tryLock(328)) - Lock on /workdir/hadoop-ozone/integration-test/target/test-dir/MiniOzoneClusterImpl-69b5c385-cdb4-4487-be19-c3541ab4b602/datanode-4/data/ratis/a3772282-72cd-4758-8af6-8e24b18b089f/in_use.lock acquired by nodename 30927@pr-hdds-2162-tjkd5-3209850126
2019-09-24 02:24:34,251 [pool-187-thread-1] INFO  storage.RaftStorage (RaftStorage.java:format(72)) - Storage directory /workdir/hadoop-ozone/integration-test/target/test-dir/MiniOzoneClusterImpl-69b5c385-cdb4-4487-be19-c3541ab4b602/datanode-4/data/ratis/a3772282-72cd-4758-8af6-8e24b18b089f has been successfully formatted.
2019-09-24 02:24:34,251 [pool-187-thread-1] INFO  ratis.ContainerStateMachine (ContainerStateMachine.java:loadSnapshot(230)) - group-8E24B18B089F: The snapshot info is null. Setting the last applied indexto:(t:0, i:~)
2019-09-24 02:24:34,251 [pool-187-thread-1] INFO  server.RaftServerConfigKeys (ConfUtils.java:logGet(43)) - raft.server.notification.no-leader.timeout = 120s (custom)
2019-09-24 02:24:34,251 [pool-187-thread-1] INFO  server.RaftServerConfigKeys (ConfUtils.java:logGet(43)) - raft.server.log.use.memory = false (default)
2019-09-24 02:24:34,252 [pool-187-thread-1] INFO  server.RaftServerConfigKeys (ConfUtils.java:logGet(43)) - raft.server.log.purge.gap = 1000000 (custom)
2019-09-24 02:24:34,252 [pool-187-thread-1] INFO  server.RaftServerConfigKeys (ConfUtils.java:logGet(43)) - raft.server.log.appender.buffer.byte-limit = 33554432 (custom)
2019-09-24 02:24:34,252 [pool-187-thread-1] INFO  server.RaftServerConfigKeys (ConfUtils.java:logGet(43)) - raft.server.log.segment.size.max = 1048576 (custom)
2019-09-24 02:24:34,252 [pool-187-thread-1] INFO  server.RaftServerConfigKeys (ConfUtils.java:logGet(43)) - raft.server.log.segment.cache.num.max = 2 (custom)
2019-09-24 02:24:34,253 [pool-187-thread-1] INFO  segmented.SegmentedRaftLogWorker (SegmentedRaftLogWorker.java:<init>(172)) - new d93e0f2d-aaab-42ca-acd5-b884b7a50f26@group-8E24B18B089F-SegmentedRaftLogWorker for RaftStorage:Storage Directory /workdir/hadoop-ozone/integration-test/target/test-dir/MiniOzoneClusterImpl-69b5c385-cdb4-4487-be19-c3541ab4b602/datanode-4/data/ratis/a3772282-72cd-4758-8af6-8e24b18b089f
2019-09-24 02:24:34,256 [pool-187-thread-1] INFO  server.RaftServerConfigKeys (ConfUtils.java:logGet(43)) - raft.server.log.queue.byte-limit = 2147483647 (custom)
2019-09-24 02:24:34,257 [pool-187-thread-1] INFO  server.RaftServerConfigKeys (ConfUtils.java:logGet(43)) - raft.server.log.queue.element-limit = 1024 (custom)
2019-09-24 02:24:34,257 [pool-187-thread-1] INFO  server.RaftServerConfigKeys (ConfUtils.java:logGet(43)) - raft.server.log.segment.size.max = 1048576 (custom)
2019-09-24 02:24:34,257 [pool-187-thread-1] INFO  server.RaftServerConfigKeys (ConfUtils.java:logGet(43)) - raft.server.log.preallocated.size = 16384 (custom)
2019-09-24 02:24:34,257 [pool-187-thread-1] INFO  server.RaftServerConfigKeys (ConfUtils.java:logGet(43)) - raft.server.log.write.buffer.size = 33554432 (custom)
2019-09-24 02:24:34,257 [pool-187-thread-1] INFO  server.RaftServerConfigKeys (ConfUtils.java:logGet(43)) - raft.server.log.force.sync.num = 128 (default)
2019-09-24 02:24:34,258 [pool-187-thread-1] INFO  server.RaftServerConfigKeys (ConfUtils.java:logGet(43)) - raft.server.log.statemachine.data.sync = true (default)
2019-09-24 02:24:34,258 [pool-187-thread-1] INFO  server.RaftServerConfigKeys (ConfUtils.java:logGet(43)) - raft.server.log.statemachine.data.sync.timeout = 10s (default)
2019-09-24 02:24:34,258 [pool-187-thread-1] INFO  server.RaftServerConfigKeys (ConfUtils.java:logGet(43)) - raft.server.log.statemachine.data.sync.timeout.retry = -1 (default)
2019-09-24 02:24:34,258 [pool-187-thread-1] INFO  server.RaftServerConfigKeys (ConfUtils.java:logGet(43)) - raft.server.log.statemachine.data.caching.enabled = true (custom)
2019-09-24 02:24:34,259 [pool-187-thread-1] INFO  segmented.SegmentedRaftLogWorker (SegmentedRaftLogWorker.java:lambda$new$0(132)) - d93e0f2d-aaab-42ca-acd5-b884b7a50f26@group-8E24B18B089F-SegmentedRaftLogWorker: flushIndex: setUnconditionally 0 -> -1
2019-09-24 02:24:34,259 [pool-187-thread-1] INFO  server.RaftServerConfigKeys (ConfUtils.java:logGet(43)) - raft.server.snapshot.auto.trigger.enabled = true (custom)
2019-09-24 02:24:34,259 [pool-187-thread-1] INFO  server.RaftServerConfigKeys (ConfUtils.java:logGet(43)) - raft.server.snapshot.auto.trigger.threshold = 10000 (custom)
2019-09-24 02:24:34,259 [pool-187-thread-1] INFO  server.RaftServerConfigKeys (ConfUtils.java:logGet(43)) - raft.server.snapshot.retention.num.files = 5 (custom)
2019-09-24 02:24:34,260 [pool-187-thread-1] INFO  server.RaftServerConfigKeys (ConfUtils.java:logGet(43)) - raft.server.retrycache.expirytime = 600000ms (custom)
2019-09-24 02:24:34,263 [pool-187-thread-1] INFO  impl.RaftServerImpl (RaftServerImpl.java:start(185)) - d93e0f2d-aaab-42ca-acd5-b884b7a50f26@group-8E24B18B089F: start as a follower, conf=-1: [d93e0f2d-aaab-42ca-acd5-b884b7a50f26:192.168.151.121:41155], old=null
2019-09-24 02:24:34,264 [pool-187-thread-1] INFO  impl.RaftServerImpl (RaftServerImpl.java:setRole(174)) - d93e0f2d-aaab-42ca-acd5-b884b7a50f26@group-8E24B18B089F: changes role from      null to FOLLOWER at term 0 for startAsFollower
2019-09-24 02:24:34,264 [pool-187-thread-1] INFO  impl.RoleInfo (RoleInfo.java:updateAndGet(143)) - d93e0f2d-aaab-42ca-acd5-b884b7a50f26: start FollowerState
2019-09-24 02:24:34,264 [pool-187-thread-1] INFO  util.JmxRegister (JmxRegister.java:tryRegister(44)) - Successfully registered JMX Bean with object name Ratis:service=RaftServer,group=group-8E24B18B089F,id=d93e0f2d-aaab-42ca-acd5-b884b7a50f26
2019-09-24 02:24:34,270 [RatisPipelineUtilsThread] INFO  pipeline.PipelineStateManager (PipelineStateManager.java:addPipeline(56)) - Created pipeline Pipeline[ Id: a3772282-72cd-4758-8af6-8e24b18b089f, Nodes: d93e0f2d-aaab-42ca-acd5-b884b7a50f26{ip: 192.168.151.121, host: pr-hdds-2162-tjkd5-3209850126, networkLocation: /rack1, certSerialId: null}, Type:RATIS, Factor:ONE, State:OPEN]
2019-09-24 02:24:34,287 [IPC Server handler 1 on 45360] INFO  net.NetworkTopology (NetworkTopologyImpl.java:add(111)) - Added a new node: /rack1/b7adfa38-f86a-4f02-b078-d72f77d0455e
2019-09-24 02:24:34,287 [IPC Server handler 1 on 45360] INFO  node.SCMNodeManager (SCMNodeManager.java:register(266)) - Registered Data node : b7adfa38-f86a-4f02-b078-d72f77d0455e{ip: 192.168.151.121, host: pr-hdds-2162-tjkd5-3209850126, networkLocation: /rack1, certSerialId: null}
2019-09-24 02:24:34,294 [grpc-default-executor-2] INFO  impl.RaftServerProxy (RaftServerProxy.java:addNew(89)) - 7bca38f8-b0d1-4401-8113-ee118fd16170: addNew group-D0505636003F:[7bca38f8-b0d1-4401-8113-ee118fd16170:192.168.151.121:38029] returns group-D0505636003F:java.util.concurrent.CompletableFuture@4618d7c9[Not completed]
2019-09-24 02:24:34,296 [pool-177-thread-1] INFO  impl.RaftServerImpl (RaftServerImpl.java:<init>(95)) - 7bca38f8-b0d1-4401-8113-ee118fd16170: new RaftServerImpl for group-D0505636003F:[7bca38f8-b0d1-4401-8113-ee118fd16170:192.168.151.121:38029] with ContainerStateMachine:uninitialized
2019-09-24 02:24:34,297 [pool-177-thread-1] INFO  server.RaftServerConfigKeys (ConfUtils.java:logGet(43)) - raft.server.rpc.timeout.min = 1s (custom)
2019-09-24 02:24:34,297 [pool-177-thread-1] INFO  server.RaftServerConfigKeys (ConfUtils.java:logGet(43)) - raft.server.rpc.timeout.max = 1200ms (custom)
2019-09-24 02:24:34,297 [pool-177-thread-1] INFO  server.RaftServerConfigKeys (ConfUtils.java:logGet(43)) - raft.server.rpcslowness.timeout = 120s (custom)
2019-09-24 02:24:34,297 [pool-177-thread-1] INFO  server.RaftServerConfigKeys (ConfUtils.java:logGet(43)) - raft.server.sleep.deviation.threshold = 300 (default)
2019-09-24 02:24:34,297 [pool-177-thread-1] INFO  server.RaftServerConfigKeys (ConfUtils.java:logGet(43)) - raft.server.log.appender.install.snapshot.enabled = false (custom)
2019-09-24 02:24:34,298 [pool-177-thread-1] INFO  impl.RaftServerImpl (ServerState.java:<init>(103)) - 7bca38f8-b0d1-4401-8113-ee118fd16170@group-D0505636003F: ConfigurationManager, init=-1: [7bca38f8-b0d1-4401-8113-ee118fd16170:192.168.151.121:38029], old=null, confs=<EMPTY_MAP>
2019-09-24 02:24:34,298 [pool-177-thread-1] INFO  server.RaftServerConfigKeys (ConfUtils.java:logGet(43)) - raft.server.storage.dir = [/workdir/hadoop-ozone/integration-test/target/test-dir/MiniOzoneClusterImpl-69b5c385-cdb4-4487-be19-c3541ab4b602/datanode-3/data/ratis] (custom)
2019-09-24 02:24:34,298 [pool-177-thread-1] INFO  storage.RaftStorageDirectory (RaftStorageDirectory.java:analyzeStorage(246)) - The storage directory /workdir/hadoop-ozone/integration-test/target/test-dir/MiniOzoneClusterImpl-69b5c385-cdb4-4487-be19-c3541ab4b602/datanode-3/data/ratis/3572df28-50e8-4389-b281-d0505636003f does not exist. Creating ...
2019-09-24 02:24:34,312 [pool-177-thread-1] INFO  storage.RaftStorageDirectory (RaftStorageDirectory.java:tryLock(328)) - Lock on /workdir/hadoop-ozone/integration-test/target/test-dir/MiniOzoneClusterImpl-69b5c385-cdb4-4487-be19-c3541ab4b602/datanode-3/data/ratis/3572df28-50e8-4389-b281-d0505636003f/in_use.lock acquired by nodename 30927@pr-hdds-2162-tjkd5-3209850126
2019-09-24 02:24:34,324 [pool-177-thread-1] INFO  storage.RaftStorage (RaftStorage.java:format(72)) - Storage directory /workdir/hadoop-ozone/integration-test/target/test-dir/MiniOzoneClusterImpl-69b5c385-cdb4-4487-be19-c3541ab4b602/datanode-3/data/ratis/3572df28-50e8-4389-b281-d0505636003f has been successfully formatted.
2019-09-24 02:24:34,325 [pool-177-thread-1] INFO  ratis.ContainerStateMachine (ContainerStateMachine.java:loadSnapshot(230)) - group-D0505636003F: The snapshot info is null. Setting the last applied indexto:(t:0, i:~)
2019-09-24 02:24:34,325 [pool-177-thread-1] INFO  server.RaftServerConfigKeys (ConfUtils.java:logGet(43)) - raft.server.notification.no-leader.timeout = 120s (custom)
2019-09-24 02:24:34,325 [pool-177-thread-1] INFO  server.RaftServerConfigKeys (ConfUtils.java:logGet(43)) - raft.server.log.use.memory = false (default)
2019-09-24 02:24:34,325 [pool-177-thread-1] INFO  server.RaftServerConfigKeys (ConfUtils.java:logGet(43)) - raft.server.log.purge.gap = 1000000 (custom)
2019-09-24 02:24:34,326 [pool-177-thread-1] INFO  server.RaftServerConfigKeys (ConfUtils.java:logGet(43)) - raft.server.log.appender.buffer.byte-limit = 33554432 (custom)
2019-09-24 02:24:34,326 [pool-177-thread-1] INFO  server.RaftServerConfigKeys (ConfUtils.java:logGet(43)) - raft.server.log.segment.size.max = 1048576 (custom)
2019-09-24 02:24:34,326 [pool-177-thread-1] INFO  server.RaftServerConfigKeys (ConfUtils.java:logGet(43)) - raft.server.log.segment.cache.num.max = 2 (custom)
2019-09-24 02:24:34,326 [pool-177-thread-1] INFO  segmented.SegmentedRaftLogWorker (SegmentedRaftLogWorker.java:<init>(172)) - new 7bca38f8-b0d1-4401-8113-ee118fd16170@group-D0505636003F-SegmentedRaftLogWorker for RaftStorage:Storage Directory /workdir/hadoop-ozone/integration-test/target/test-dir/MiniOzoneClusterImpl-69b5c385-cdb4-4487-be19-c3541ab4b602/datanode-3/data/ratis/3572df28-50e8-4389-b281-d0505636003f
2019-09-24 02:24:34,330 [pool-177-thread-1] INFO  server.RaftServerConfigKeys (ConfUtils.java:logGet(43)) - raft.server.log.queue.byte-limit = 2147483647 (custom)
2019-09-24 02:24:34,330 [pool-177-thread-1] INFO  server.RaftServerConfigKeys (ConfUtils.java:logGet(43)) - raft.server.log.queue.element-limit = 1024 (custom)
2019-09-24 02:24:34,331 [pool-177-thread-1] INFO  server.RaftServerConfigKeys (ConfUtils.java:logGet(43)) - raft.server.log.segment.size.max = 1048576 (custom)
2019-09-24 02:24:34,331 [pool-177-thread-1] INFO  server.RaftServerConfigKeys (ConfUtils.java:logGet(43)) - raft.server.log.preallocated.size = 16384 (custom)
2019-09-24 02:24:34,331 [pool-177-thread-1] INFO  server.RaftServerConfigKeys (ConfUtils.java:logGet(43)) - raft.server.log.write.buffer.size = 33554432 (custom)
2019-09-24 02:24:34,331 [pool-177-thread-1] INFO  server.RaftServerConfigKeys (ConfUtils.java:logGet(43)) - raft.server.log.force.sync.num = 128 (default)
2019-09-24 02:24:34,331 [pool-177-thread-1] INFO  server.RaftServerConfigKeys (ConfUtils.java:logGet(43)) - raft.server.log.statemachine.data.sync = true (default)
2019-09-24 02:24:34,332 [pool-177-thread-1] INFO  server.RaftServerConfigKeys (ConfUtils.java:logGet(43)) - raft.server.log.statemachine.data.sync.timeout = 10s (default)
2019-09-24 02:24:34,332 [pool-177-thread-1] INFO  server.RaftServerConfigKeys (ConfUtils.java:logGet(43)) - raft.server.log.statemachine.data.sync.timeout.retry = -1 (default)
2019-09-24 02:24:34,332 [pool-177-thread-1] INFO  server.RaftServerConfigKeys (ConfUtils.java:logGet(43)) - raft.server.log.statemachine.data.caching.enabled = true (custom)
2019-09-24 02:24:34,332 [pool-177-thread-1] INFO  segmented.SegmentedRaftLogWorker (SegmentedRaftLogWorker.java:lambda$new$0(132)) - 7bca38f8-b0d1-4401-8113-ee118fd16170@group-D0505636003F-SegmentedRaftLogWorker: flushIndex: setUnconditionally 0 -> -1
2019-09-24 02:24:34,333 [pool-177-thread-1] INFO  server.RaftServerConfigKeys (ConfUtils.java:logGet(43)) - raft.server.snapshot.auto.trigger.enabled = true (custom)
2019-09-24 02:24:34,333 [pool-177-thread-1] INFO  server.RaftServerConfigKeys (ConfUtils.java:logGet(43)) - raft.server.snapshot.auto.trigger.threshold = 10000 (custom)
2019-09-24 02:24:34,333 [pool-177-thread-1] INFO  server.RaftServerConfigKeys (ConfUtils.java:logGet(43)) - raft.server.snapshot.retention.num.files = 5 (custom)
2019-09-24 02:24:34,333 [pool-177-thread-1] INFO  server.RaftServerConfigKeys (ConfUtils.java:logGet(43)) - raft.server.retrycache.expirytime = 600000ms (custom)
2019-09-24 02:24:34,339 [pool-177-thread-1] INFO  impl.RaftServerImpl (RaftServerImpl.java:start(185)) - 7bca38f8-b0d1-4401-8113-ee118fd16170@group-D0505636003F: start as a follower, conf=-1: [7bca38f8-b0d1-4401-8113-ee118fd16170:192.168.151.121:38029], old=null
2019-09-24 02:24:34,339 [pool-177-thread-1] INFO  impl.RaftServerImpl (RaftServerImpl.java:setRole(174)) - 7bca38f8-b0d1-4401-8113-ee118fd16170@group-D0505636003F: changes role from      null to FOLLOWER at term 0 for startAsFollower
2019-09-24 02:24:34,339 [pool-177-thread-1] INFO  impl.RoleInfo (RoleInfo.java:updateAndGet(143)) - 7bca38f8-b0d1-4401-8113-ee118fd16170: start FollowerState
2019-09-24 02:24:34,340 [pool-177-thread-1] INFO  util.JmxRegister (JmxRegister.java:tryRegister(44)) - Successfully registered JMX Bean with object name Ratis:service=RaftServer,group=group-D0505636003F,id=7bca38f8-b0d1-4401-8113-ee118fd16170
2019-09-24 02:24:34,345 [RatisPipelineUtilsThread] INFO  pipeline.PipelineStateManager (PipelineStateManager.java:addPipeline(56)) - Created pipeline Pipeline[ Id: 3572df28-50e8-4389-b281-d0505636003f, Nodes: 7bca38f8-b0d1-4401-8113-ee118fd16170{ip: 192.168.151.121, host: pr-hdds-2162-tjkd5-3209850126, networkLocation: /rack1, certSerialId: null}, Type:RATIS, Factor:ONE, State:OPEN]
2019-09-24 02:24:34,364 [IPC Server handler 2 on 45360] INFO  net.NetworkTopology (NetworkTopologyImpl.java:add(111)) - Added a new node: /rack1/0dad0ba7-2de7-4c7e-bbfc-c35c9aa94a76
2019-09-24 02:24:34,364 [IPC Server handler 2 on 45360] INFO  node.SCMNodeManager (SCMNodeManager.java:register(266)) - Registered Data node : 0dad0ba7-2de7-4c7e-bbfc-c35c9aa94a76{ip: 192.168.151.121, host: pr-hdds-2162-tjkd5-3209850126, networkLocation: /rack1, certSerialId: null}
2019-09-24 02:24:34,373 [grpc-default-executor-2] INFO  impl.RaftServerProxy (RaftServerProxy.java:addNew(89)) - b7adfa38-f86a-4f02-b078-d72f77d0455e: addNew group-EF65A48F6CFB:[b7adfa38-f86a-4f02-b078-d72f77d0455e:192.168.151.121:40480] returns group-EF65A48F6CFB:java.util.concurrent.CompletableFuture@56fd1e99[Not completed]
2019-09-24 02:24:34,376 [pool-197-thread-1] INFO  impl.RaftServerImpl (RaftServerImpl.java:<init>(95)) - b7adfa38-f86a-4f02-b078-d72f77d0455e: new RaftServerImpl for group-EF65A48F6CFB:[b7adfa38-f86a-4f02-b078-d72f77d0455e:192.168.151.121:40480] with ContainerStateMachine:uninitialized
2019-09-24 02:24:34,376 [pool-197-thread-1] INFO  server.RaftServerConfigKeys (ConfUtils.java:logGet(43)) - raft.server.rpc.timeout.min = 1s (custom)
2019-09-24 02:24:34,377 [pool-197-thread-1] INFO  server.RaftServerConfigKeys (ConfUtils.java:logGet(43)) - raft.server.rpc.timeout.max = 1200ms (custom)
2019-09-24 02:24:34,377 [pool-197-thread-1] INFO  server.RaftServerConfigKeys (ConfUtils.java:logGet(43)) - raft.server.rpcslowness.timeout = 120s (custom)
2019-09-24 02:24:34,377 [pool-197-thread-1] INFO  server.RaftServerConfigKeys (ConfUtils.java:logGet(43)) - raft.server.sleep.deviation.threshold = 300 (default)
2019-09-24 02:24:34,377 [pool-197-thread-1] INFO  server.RaftServerConfigKeys (ConfUtils.java:logGet(43)) - raft.server.log.appender.install.snapshot.enabled = false (custom)
2019-09-24 02:24:34,377 [pool-197-thread-1] INFO  impl.RaftServerImpl (ServerState.java:<init>(103)) - b7adfa38-f86a-4f02-b078-d72f77d0455e@group-EF65A48F6CFB: ConfigurationManager, init=-1: [b7adfa38-f86a-4f02-b078-d72f77d0455e:192.168.151.121:40480], old=null, confs=<EMPTY_MAP>
2019-09-24 02:24:34,378 [pool-197-thread-1] INFO  server.RaftServerConfigKeys (ConfUtils.java:logGet(43)) - raft.server.storage.dir = [/workdir/hadoop-ozone/integration-test/target/test-dir/MiniOzoneClusterImpl-69b5c385-cdb4-4487-be19-c3541ab4b602/datanode-5/data/ratis] (custom)
2019-09-24 02:24:34,378 [pool-197-thread-1] INFO  storage.RaftStorageDirectory (RaftStorageDirectory.java:analyzeStorage(246)) - The storage directory /workdir/hadoop-ozone/integration-test/target/test-dir/MiniOzoneClusterImpl-69b5c385-cdb4-4487-be19-c3541ab4b602/datanode-5/data/ratis/720f1632-6f33-4067-a13a-ef65a48f6cfb does not exist. Creating ...
2019-09-24 02:24:34,392 [pool-197-thread-1] INFO  storage.RaftStorageDirectory (RaftStorageDirectory.java:tryLock(328)) - Lock on /workdir/hadoop-ozone/integration-test/target/test-dir/MiniOzoneClusterImpl-69b5c385-cdb4-4487-be19-c3541ab4b602/datanode-5/data/ratis/720f1632-6f33-4067-a13a-ef65a48f6cfb/in_use.lock acquired by nodename 30927@pr-hdds-2162-tjkd5-3209850126
2019-09-24 02:24:34,405 [pool-197-thread-1] INFO  storage.RaftStorage (RaftStorage.java:format(72)) - Storage directory /workdir/hadoop-ozone/integration-test/target/test-dir/MiniOzoneClusterImpl-69b5c385-cdb4-4487-be19-c3541ab4b602/datanode-5/data/ratis/720f1632-6f33-4067-a13a-ef65a48f6cfb has been successfully formatted.
2019-09-24 02:24:34,405 [pool-197-thread-1] INFO  ratis.ContainerStateMachine (ContainerStateMachine.java:loadSnapshot(230)) - group-EF65A48F6CFB: The snapshot info is null. Setting the last applied indexto:(t:0, i:~)
2019-09-24 02:24:34,406 [pool-197-thread-1] INFO  server.RaftServerConfigKeys (ConfUtils.java:logGet(43)) - raft.server.notification.no-leader.timeout = 120s (custom)
2019-09-24 02:24:34,406 [pool-197-thread-1] INFO  server.RaftServerConfigKeys (ConfUtils.java:logGet(43)) - raft.server.log.use.memory = false (default)
2019-09-24 02:24:34,406 [pool-197-thread-1] INFO  server.RaftServerConfigKeys (ConfUtils.java:logGet(43)) - raft.server.log.purge.gap = 1000000 (custom)
2019-09-24 02:24:34,406 [pool-197-thread-1] INFO  server.RaftServerConfigKeys (ConfUtils.java:logGet(43)) - raft.server.log.appender.buffer.byte-limit = 33554432 (custom)
2019-09-24 02:24:34,406 [pool-197-thread-1] INFO  server.RaftServerConfigKeys (ConfUtils.java:logGet(43)) - raft.server.log.segment.size.max = 1048576 (custom)
2019-09-24 02:24:34,407 [pool-197-thread-1] INFO  server.RaftServerConfigKeys (ConfUtils.java:logGet(43)) - raft.server.log.segment.cache.num.max = 2 (custom)
2019-09-24 02:24:34,407 [pool-197-thread-1] INFO  segmented.SegmentedRaftLogWorker (SegmentedRaftLogWorker.java:<init>(172)) - new b7adfa38-f86a-4f02-b078-d72f77d0455e@group-EF65A48F6CFB-SegmentedRaftLogWorker for RaftStorage:Storage Directory /workdir/hadoop-ozone/integration-test/target/test-dir/MiniOzoneClusterImpl-69b5c385-cdb4-4487-be19-c3541ab4b602/datanode-5/data/ratis/720f1632-6f33-4067-a13a-ef65a48f6cfb
2019-09-24 02:24:34,411 [pool-197-thread-1] INFO  server.RaftServerConfigKeys (ConfUtils.java:logGet(43)) - raft.server.log.queue.byte-limit = 2147483647 (custom)
2019-09-24 02:24:34,411 [pool-197-thread-1] INFO  server.RaftServerConfigKeys (ConfUtils.java:logGet(43)) - raft.server.log.queue.element-limit = 1024 (custom)
2019-09-24 02:24:34,412 [pool-197-thread-1] INFO  server.RaftServerConfigKeys (ConfUtils.java:logGet(43)) - raft.server.log.segment.size.max = 1048576 (custom)
2019-09-24 02:24:34,412 [pool-197-thread-1] INFO  server.RaftServerConfigKeys (ConfUtils.java:logGet(43)) - raft.server.log.preallocated.size = 16384 (custom)
2019-09-24 02:24:34,412 [pool-197-thread-1] INFO  server.RaftServerConfigKeys (ConfUtils.java:logGet(43)) - raft.server.log.write.buffer.size = 33554432 (custom)
2019-09-24 02:24:34,412 [pool-197-thread-1] INFO  server.RaftServerConfigKeys (ConfUtils.java:logGet(43)) - raft.server.log.force.sync.num = 128 (default)
2019-09-24 02:24:34,412 [pool-197-thread-1] INFO  server.RaftServerConfigKeys (ConfUtils.java:logGet(43)) - raft.server.log.statemachine.data.sync = true (default)
2019-09-24 02:24:34,412 [pool-197-thread-1] INFO  server.RaftServerConfigKeys (ConfUtils.java:logGet(43)) - raft.server.log.statemachine.data.sync.timeout = 10s (default)
2019-09-24 02:24:34,413 [pool-197-thread-1] INFO  server.RaftServerConfigKeys (ConfUtils.java:logGet(43)) - raft.server.log.statemachine.data.sync.timeout.retry = -1 (default)
2019-09-24 02:24:34,413 [pool-197-thread-1] INFO  server.RaftServerConfigKeys (ConfUtils.java:logGet(43)) - raft.server.log.statemachine.data.caching.enabled = true (custom)
2019-09-24 02:24:34,413 [pool-197-thread-1] INFO  segmented.SegmentedRaftLogWorker (SegmentedRaftLogWorker.java:lambda$new$0(132)) - b7adfa38-f86a-4f02-b078-d72f77d0455e@group-EF65A48F6CFB-SegmentedRaftLogWorker: flushIndex: setUnconditionally 0 -> -1
2019-09-24 02:24:34,414 [pool-197-thread-1] INFO  server.RaftServerConfigKeys (ConfUtils.java:logGet(43)) - raft.server.snapshot.auto.trigger.enabled = true (custom)
2019-09-24 02:24:34,414 [pool-197-thread-1] INFO  server.RaftServerConfigKeys (ConfUtils.java:logGet(43)) - raft.server.snapshot.auto.trigger.threshold = 10000 (custom)
2019-09-24 02:24:34,414 [pool-197-thread-1] INFO  server.RaftServerConfigKeys (ConfUtils.java:logGet(43)) - raft.server.snapshot.retention.num.files = 5 (custom)
2019-09-24 02:24:34,414 [pool-197-thread-1] INFO  server.RaftServerConfigKeys (ConfUtils.java:logGet(43)) - raft.server.retrycache.expirytime = 600000ms (custom)
2019-09-24 02:24:34,417 [pool-197-thread-1] INFO  impl.RaftServerImpl (RaftServerImpl.java:start(185)) - b7adfa38-f86a-4f02-b078-d72f77d0455e@group-EF65A48F6CFB: start as a follower, conf=-1: [b7adfa38-f86a-4f02-b078-d72f77d0455e:192.168.151.121:40480], old=null
2019-09-24 02:24:34,418 [pool-197-thread-1] INFO  impl.RaftServerImpl (RaftServerImpl.java:setRole(174)) - b7adfa38-f86a-4f02-b078-d72f77d0455e@group-EF65A48F6CFB: changes role from      null to FOLLOWER at term 0 for startAsFollower
2019-09-24 02:24:34,418 [pool-197-thread-1] INFO  impl.RoleInfo (RoleInfo.java:updateAndGet(143)) - b7adfa38-f86a-4f02-b078-d72f77d0455e: start FollowerState
2019-09-24 02:24:34,418 [pool-197-thread-1] INFO  util.JmxRegister (JmxRegister.java:tryRegister(44)) - Successfully registered JMX Bean with object name Ratis:service=RaftServer,group=group-EF65A48F6CFB,id=b7adfa38-f86a-4f02-b078-d72f77d0455e
2019-09-24 02:24:34,424 [RatisPipelineUtilsThread] INFO  pipeline.PipelineStateManager (PipelineStateManager.java:addPipeline(56)) - Created pipeline Pipeline[ Id: 720f1632-6f33-4067-a13a-ef65a48f6cfb, Nodes: b7adfa38-f86a-4f02-b078-d72f77d0455e{ip: 192.168.151.121, host: pr-hdds-2162-tjkd5-3209850126, networkLocation: /rack1, certSerialId: null}, Type:RATIS, Factor:ONE, State:OPEN]
2019-09-24 02:24:34,431 [IPC Server handler 4 on 45360] INFO  net.NetworkTopology (NetworkTopologyImpl.java:add(111)) - Added a new node: /rack1/be6688c1-27db-4066-9fe7-abad67bbc3d4
2019-09-24 02:24:34,432 [IPC Server handler 4 on 45360] INFO  node.SCMNodeManager (SCMNodeManager.java:register(266)) - Registered Data node : be6688c1-27db-4066-9fe7-abad67bbc3d4{ip: 192.168.151.121, host: pr-hdds-2162-tjkd5-3209850126, networkLocation: /rack1, certSerialId: null}
2019-09-24 02:24:34,435 [grpc-default-executor-2] INFO  impl.RaftServerProxy (RaftServerProxy.java:addNew(89)) - 0dad0ba7-2de7-4c7e-bbfc-c35c9aa94a76: addNew group-9226D4FCBEA5:[0dad0ba7-2de7-4c7e-bbfc-c35c9aa94a76:192.168.151.121:45601] returns group-9226D4FCBEA5:java.util.concurrent.CompletableFuture@54838954[Not completed]
2019-09-24 02:24:34,437 [pool-207-thread-1] INFO  impl.RaftServerImpl (RaftServerImpl.java:<init>(95)) - 0dad0ba7-2de7-4c7e-bbfc-c35c9aa94a76: new RaftServerImpl for group-9226D4FCBEA5:[0dad0ba7-2de7-4c7e-bbfc-c35c9aa94a76:192.168.151.121:45601] with ContainerStateMachine:uninitialized
2019-09-24 02:24:34,437 [pool-207-thread-1] INFO  server.RaftServerConfigKeys (ConfUtils.java:logGet(43)) - raft.server.rpc.timeout.min = 1s (custom)
2019-09-24 02:24:34,437 [pool-207-thread-1] INFO  server.RaftServerConfigKeys (ConfUtils.java:logGet(43)) - raft.server.rpc.timeout.max = 1200ms (custom)
2019-09-24 02:24:34,437 [pool-207-thread-1] INFO  server.RaftServerConfigKeys (ConfUtils.java:logGet(43)) - raft.server.rpcslowness.timeout = 120s (custom)
2019-09-24 02:24:34,437 [pool-207-thread-1] INFO  server.RaftServerConfigKeys (ConfUtils.java:logGet(43)) - raft.server.sleep.deviation.threshold = 300 (default)
2019-09-24 02:24:34,437 [pool-207-thread-1] INFO  server.RaftServerConfigKeys (ConfUtils.java:logGet(43)) - raft.server.log.appender.install.snapshot.enabled = false (custom)
2019-09-24 02:24:34,438 [pool-207-thread-1] INFO  impl.RaftServerImpl (ServerState.java:<init>(103)) - 0dad0ba7-2de7-4c7e-bbfc-c35c9aa94a76@group-9226D4FCBEA5: ConfigurationManager, init=-1: [0dad0ba7-2de7-4c7e-bbfc-c35c9aa94a76:192.168.151.121:45601], old=null, confs=<EMPTY_MAP>
2019-09-24 02:24:34,438 [pool-207-thread-1] INFO  server.RaftServerConfigKeys (ConfUtils.java:logGet(43)) - raft.server.storage.dir = [/workdir/hadoop-ozone/integration-test/target/test-dir/MiniOzoneClusterImpl-69b5c385-cdb4-4487-be19-c3541ab4b602/datanode-6/data/ratis] (custom)
2019-09-24 02:24:34,438 [pool-207-thread-1] INFO  storage.RaftStorageDirectory (RaftStorageDirectory.java:analyzeStorage(246)) - The storage directory /workdir/hadoop-ozone/integration-test/target/test-dir/MiniOzoneClusterImpl-69b5c385-cdb4-4487-be19-c3541ab4b602/datanode-6/data/ratis/854bf29b-fca0-4c11-8531-9226d4fcbea5 does not exist. Creating ...
2019-09-24 02:24:34,451 [pool-207-thread-1] INFO  storage.RaftStorageDirectory (RaftStorageDirectory.java:tryLock(328)) - Lock on /workdir/hadoop-ozone/integration-test/target/test-dir/MiniOzoneClusterImpl-69b5c385-cdb4-4487-be19-c3541ab4b602/datanode-6/data/ratis/854bf29b-fca0-4c11-8531-9226d4fcbea5/in_use.lock acquired by nodename 30927@pr-hdds-2162-tjkd5-3209850126
2019-09-24 02:24:34,470 [pool-207-thread-1] INFO  storage.RaftStorage (RaftStorage.java:format(72)) - Storage directory /workdir/hadoop-ozone/integration-test/target/test-dir/MiniOzoneClusterImpl-69b5c385-cdb4-4487-be19-c3541ab4b602/datanode-6/data/ratis/854bf29b-fca0-4c11-8531-9226d4fcbea5 has been successfully formatted.
2019-09-24 02:24:34,470 [pool-207-thread-1] INFO  ratis.ContainerStateMachine (ContainerStateMachine.java:loadSnapshot(230)) - group-9226D4FCBEA5: The snapshot info is null. Setting the last applied indexto:(t:0, i:~)
2019-09-24 02:24:34,470 [pool-207-thread-1] INFO  server.RaftServerConfigKeys (ConfUtils.java:logGet(43)) - raft.server.notification.no-leader.timeout = 120s (custom)
2019-09-24 02:24:34,471 [pool-207-thread-1] INFO  server.RaftServerConfigKeys (ConfUtils.java:logGet(43)) - raft.server.log.use.memory = false (default)
2019-09-24 02:24:34,471 [pool-207-thread-1] INFO  server.RaftServerConfigKeys (ConfUtils.java:logGet(43)) - raft.server.log.purge.gap = 1000000 (custom)
2019-09-24 02:24:34,471 [pool-207-thread-1] INFO  server.RaftServerConfigKeys (ConfUtils.java:logGet(43)) - raft.server.log.appender.buffer.byte-limit = 33554432 (custom)
2019-09-24 02:24:34,471 [pool-207-thread-1] INFO  server.RaftServerConfigKeys (ConfUtils.java:logGet(43)) - raft.server.log.segment.size.max = 1048576 (custom)
2019-09-24 02:24:34,471 [pool-207-thread-1] INFO  server.RaftServerConfigKeys (ConfUtils.java:logGet(43)) - raft.server.log.segment.cache.num.max = 2 (custom)
2019-09-24 02:24:34,472 [pool-207-thread-1] INFO  segmented.SegmentedRaftLogWorker (SegmentedRaftLogWorker.java:<init>(172)) - new 0dad0ba7-2de7-4c7e-bbfc-c35c9aa94a76@group-9226D4FCBEA5-SegmentedRaftLogWorker for RaftStorage:Storage Directory /workdir/hadoop-ozone/integration-test/target/test-dir/MiniOzoneClusterImpl-69b5c385-cdb4-4487-be19-c3541ab4b602/datanode-6/data/ratis/854bf29b-fca0-4c11-8531-9226d4fcbea5
2019-09-24 02:24:34,475 [pool-207-thread-1] INFO  server.RaftServerConfigKeys (ConfUtils.java:logGet(43)) - raft.server.log.queue.byte-limit = 2147483647 (custom)
2019-09-24 02:24:34,475 [pool-207-thread-1] INFO  server.RaftServerConfigKeys (ConfUtils.java:logGet(43)) - raft.server.log.queue.element-limit = 1024 (custom)
2019-09-24 02:24:34,476 [pool-207-thread-1] INFO  server.RaftServerConfigKeys (ConfUtils.java:logGet(43)) - raft.server.log.segment.size.max = 1048576 (custom)
2019-09-24 02:24:34,476 [pool-207-thread-1] INFO  server.RaftServerConfigKeys (ConfUtils.java:logGet(43)) - raft.server.log.preallocated.size = 16384 (custom)
2019-09-24 02:24:34,476 [pool-207-thread-1] INFO  server.RaftServerConfigKeys (ConfUtils.java:logGet(43)) - raft.server.log.write.buffer.size = 33554432 (custom)
2019-09-24 02:24:34,476 [pool-207-thread-1] INFO  server.RaftServerConfigKeys (ConfUtils.java:logGet(43)) - raft.server.log.force.sync.num = 128 (default)
2019-09-24 02:24:34,476 [pool-207-thread-1] INFO  server.RaftServerConfigKeys (ConfUtils.java:logGet(43)) - raft.server.log.statemachine.data.sync = true (default)
2019-09-24 02:24:34,477 [pool-207-thread-1] INFO  server.RaftServerConfigKeys (ConfUtils.java:logGet(43)) - raft.server.log.statemachine.data.sync.timeout = 10s (default)
2019-09-24 02:24:34,477 [pool-207-thread-1] INFO  server.RaftServerConfigKeys (ConfUtils.java:logGet(43)) - raft.server.log.statemachine.data.sync.timeout.retry = -1 (default)
2019-09-24 02:24:34,477 [pool-207-thread-1] INFO  server.RaftServerConfigKeys (ConfUtils.java:logGet(43)) - raft.server.log.statemachine.data.caching.enabled = true (custom)
2019-09-24 02:24:34,477 [pool-207-thread-1] INFO  segmented.SegmentedRaftLogWorker (SegmentedRaftLogWorker.java:lambda$new$0(132)) - 0dad0ba7-2de7-4c7e-bbfc-c35c9aa94a76@group-9226D4FCBEA5-SegmentedRaftLogWorker: flushIndex: setUnconditionally 0 -> -1
2019-09-24 02:24:34,478 [pool-207-thread-1] INFO  server.RaftServerConfigKeys (ConfUtils.java:logGet(43)) - raft.server.snapshot.auto.trigger.enabled = true (custom)
2019-09-24 02:24:34,478 [pool-207-thread-1] INFO  server.RaftServerConfigKeys (ConfUtils.java:logGet(43)) - raft.server.snapshot.auto.trigger.threshold = 10000 (custom)
2019-09-24 02:24:34,478 [pool-207-thread-1] INFO  server.RaftServerConfigKeys (ConfUtils.java:logGet(43)) - raft.server.snapshot.retention.num.files = 5 (custom)
2019-09-24 02:24:34,478 [pool-207-thread-1] INFO  server.RaftServerConfigKeys (ConfUtils.java:logGet(43)) - raft.server.retrycache.expirytime = 600000ms (custom)
2019-09-24 02:24:34,481 [pool-207-thread-1] INFO  impl.RaftServerImpl (RaftServerImpl.java:start(185)) - 0dad0ba7-2de7-4c7e-bbfc-c35c9aa94a76@group-9226D4FCBEA5: start as a follower, conf=-1: [0dad0ba7-2de7-4c7e-bbfc-c35c9aa94a76:192.168.151.121:45601], old=null
2019-09-24 02:24:34,482 [pool-207-thread-1] INFO  impl.RaftServerImpl (RaftServerImpl.java:setRole(174)) - 0dad0ba7-2de7-4c7e-bbfc-c35c9aa94a76@group-9226D4FCBEA5: changes role from      null to FOLLOWER at term 0 for startAsFollower
2019-09-24 02:24:34,482 [pool-207-thread-1] INFO  impl.RoleInfo (RoleInfo.java:updateAndGet(143)) - 0dad0ba7-2de7-4c7e-bbfc-c35c9aa94a76: start FollowerState
2019-09-24 02:24:34,482 [pool-207-thread-1] INFO  util.JmxRegister (JmxRegister.java:tryRegister(44)) - Successfully registered JMX Bean with object name Ratis:service=RaftServer,group=group-9226D4FCBEA5,id=0dad0ba7-2de7-4c7e-bbfc-c35c9aa94a76
2019-09-24 02:24:34,488 [RatisPipelineUtilsThread] INFO  pipeline.PipelineStateManager (PipelineStateManager.java:addPipeline(56)) - Created pipeline Pipeline[ Id: 854bf29b-fca0-4c11-8531-9226d4fcbea5, Nodes: 0dad0ba7-2de7-4c7e-bbfc-c35c9aa94a76{ip: 192.168.151.121, host: pr-hdds-2162-tjkd5-3209850126, networkLocation: /rack1, certSerialId: null}, Type:RATIS, Factor:ONE, State:OPEN]
2019-09-24 02:24:34,496 [grpc-default-executor-2] INFO  impl.RaftServerProxy (RaftServerProxy.java:addNew(89)) - be6688c1-27db-4066-9fe7-abad67bbc3d4: addNew group-1EC21770C6FC:[be6688c1-27db-4066-9fe7-abad67bbc3d4:192.168.151.121:39435] returns group-1EC21770C6FC:java.util.concurrent.CompletableFuture@7ced2893[Not completed]
2019-09-24 02:24:34,497 [pool-217-thread-1] INFO  impl.RaftServerImpl (RaftServerImpl.java:<init>(95)) - be6688c1-27db-4066-9fe7-abad67bbc3d4: new RaftServerImpl for group-1EC21770C6FC:[be6688c1-27db-4066-9fe7-abad67bbc3d4:192.168.151.121:39435] with ContainerStateMachine:uninitialized
2019-09-24 02:24:34,498 [pool-217-thread-1] INFO  server.RaftServerConfigKeys (ConfUtils.java:logGet(43)) - raft.server.rpc.timeout.min = 1s (custom)
2019-09-24 02:24:34,498 [pool-217-thread-1] INFO  server.RaftServerConfigKeys (ConfUtils.java:logGet(43)) - raft.server.rpc.timeout.max = 1200ms (custom)
2019-09-24 02:24:34,498 [pool-217-thread-1] INFO  server.RaftServerConfigKeys (ConfUtils.java:logGet(43)) - raft.server.rpcslowness.timeout = 120s (custom)
2019-09-24 02:24:34,498 [pool-217-thread-1] INFO  server.RaftServerConfigKeys (ConfUtils.java:logGet(43)) - raft.server.sleep.deviation.threshold = 300 (default)
2019-09-24 02:24:34,498 [pool-217-thread-1] INFO  server.RaftServerConfigKeys (ConfUtils.java:logGet(43)) - raft.server.log.appender.install.snapshot.enabled = false (custom)
2019-09-24 02:24:34,498 [pool-217-thread-1] INFO  impl.RaftServerImpl (ServerState.java:<init>(103)) - be6688c1-27db-4066-9fe7-abad67bbc3d4@group-1EC21770C6FC: ConfigurationManager, init=-1: [be6688c1-27db-4066-9fe7-abad67bbc3d4:192.168.151.121:39435], old=null, confs=<EMPTY_MAP>
2019-09-24 02:24:34,498 [pool-217-thread-1] INFO  server.RaftServerConfigKeys (ConfUtils.java:logGet(43)) - raft.server.storage.dir = [/workdir/hadoop-ozone/integration-test/target/test-dir/MiniOzoneClusterImpl-69b5c385-cdb4-4487-be19-c3541ab4b602/datanode-7/data/ratis] (custom)
2019-09-24 02:24:34,499 [pool-217-thread-1] INFO  storage.RaftStorageDirectory (RaftStorageDirectory.java:analyzeStorage(246)) - The storage directory /workdir/hadoop-ozone/integration-test/target/test-dir/MiniOzoneClusterImpl-69b5c385-cdb4-4487-be19-c3541ab4b602/datanode-7/data/ratis/b88fdb9f-a7c9-4f8a-996b-1ec21770c6fc does not exist. Creating ...
2019-09-24 02:24:34,512 [pool-217-thread-1] INFO  storage.RaftStorageDirectory (RaftStorageDirectory.java:tryLock(328)) - Lock on /workdir/hadoop-ozone/integration-test/target/test-dir/MiniOzoneClusterImpl-69b5c385-cdb4-4487-be19-c3541ab4b602/datanode-7/data/ratis/b88fdb9f-a7c9-4f8a-996b-1ec21770c6fc/in_use.lock acquired by nodename 30927@pr-hdds-2162-tjkd5-3209850126
2019-09-24 02:24:34,515 [IPC Server handler 5 on 45360] INFO  net.NetworkTopology (NetworkTopologyImpl.java:add(111)) - Added a new node: /rack1/75a46326-9fdd-4357-8f55-056919852270
2019-09-24 02:24:34,515 [IPC Server handler 5 on 45360] INFO  node.SCMNodeManager (SCMNodeManager.java:register(266)) - Registered Data node : 75a46326-9fdd-4357-8f55-056919852270{ip: 192.168.151.121, host: pr-hdds-2162-tjkd5-3209850126, networkLocation: /rack1, certSerialId: null}
2019-09-24 02:24:34,525 [pool-217-thread-1] INFO  storage.RaftStorage (RaftStorage.java:format(72)) - Storage directory /workdir/hadoop-ozone/integration-test/target/test-dir/MiniOzoneClusterImpl-69b5c385-cdb4-4487-be19-c3541ab4b602/datanode-7/data/ratis/b88fdb9f-a7c9-4f8a-996b-1ec21770c6fc has been successfully formatted.
2019-09-24 02:24:34,526 [pool-217-thread-1] INFO  ratis.ContainerStateMachine (ContainerStateMachine.java:loadSnapshot(230)) - group-1EC21770C6FC: The snapshot info is null. Setting the last applied indexto:(t:0, i:~)
2019-09-24 02:24:34,526 [pool-217-thread-1] INFO  server.RaftServerConfigKeys (ConfUtils.java:logGet(43)) - raft.server.notification.no-leader.timeout = 120s (custom)
2019-09-24 02:24:34,526 [pool-217-thread-1] INFO  server.RaftServerConfigKeys (ConfUtils.java:logGet(43)) - raft.server.log.use.memory = false (default)
2019-09-24 02:24:34,526 [pool-217-thread-1] INFO  server.RaftServerConfigKeys (ConfUtils.java:logGet(43)) - raft.server.log.purge.gap = 1000000 (custom)
2019-09-24 02:24:34,526 [pool-217-thread-1] INFO  server.RaftServerConfigKeys (ConfUtils.java:logGet(43)) - raft.server.log.appender.buffer.byte-limit = 33554432 (custom)
2019-09-24 02:24:34,526 [pool-217-thread-1] INFO  server.RaftServerConfigKeys (ConfUtils.java:logGet(43)) - raft.server.log.segment.size.max = 1048576 (custom)
2019-09-24 02:24:34,526 [pool-217-thread-1] INFO  server.RaftServerConfigKeys (ConfUtils.java:logGet(43)) - raft.server.log.segment.cache.num.max = 2 (custom)
2019-09-24 02:24:34,527 [pool-217-thread-1] INFO  segmented.SegmentedRaftLogWorker (SegmentedRaftLogWorker.java:<init>(172)) - new be6688c1-27db-4066-9fe7-abad67bbc3d4@group-1EC21770C6FC-SegmentedRaftLogWorker for RaftStorage:Storage Directory /workdir/hadoop-ozone/integration-test/target/test-dir/MiniOzoneClusterImpl-69b5c385-cdb4-4487-be19-c3541ab4b602/datanode-7/data/ratis/b88fdb9f-a7c9-4f8a-996b-1ec21770c6fc
2019-09-24 02:24:34,529 [pool-217-thread-1] INFO  server.RaftServerConfigKeys (ConfUtils.java:logGet(43)) - raft.server.log.queue.byte-limit = 2147483647 (custom)
2019-09-24 02:24:34,529 [pool-217-thread-1] INFO  server.RaftServerConfigKeys (ConfUtils.java:logGet(43)) - raft.server.log.queue.element-limit = 1024 (custom)
2019-09-24 02:24:34,529 [pool-217-thread-1] INFO  server.RaftServerConfigKeys (ConfUtils.java:logGet(43)) - raft.server.log.segment.size.max = 1048576 (custom)
2019-09-24 02:24:34,529 [pool-217-thread-1] INFO  server.RaftServerConfigKeys (ConfUtils.java:logGet(43)) - raft.server.log.preallocated.size = 16384 (custom)
2019-09-24 02:24:34,529 [pool-217-thread-1] INFO  server.RaftServerConfigKeys (ConfUtils.java:logGet(43)) - raft.server.log.write.buffer.size = 33554432 (custom)
2019-09-24 02:24:34,529 [pool-217-thread-1] INFO  server.RaftServerConfigKeys (ConfUtils.java:logGet(43)) - raft.server.log.force.sync.num = 128 (default)
2019-09-24 02:24:34,529 [pool-217-thread-1] INFO  server.RaftServerConfigKeys (ConfUtils.java:logGet(43)) - raft.server.log.statemachine.data.sync = true (default)
2019-09-24 02:24:34,530 [pool-217-thread-1] INFO  server.RaftServerConfigKeys (ConfUtils.java:logGet(43)) - raft.server.log.statemachine.data.sync.timeout = 10s (default)
2019-09-24 02:24:34,530 [pool-217-thread-1] INFO  server.RaftServerConfigKeys (ConfUtils.java:logGet(43)) - raft.server.log.statemachine.data.sync.timeout.retry = -1 (default)
2019-09-24 02:24:34,530 [pool-217-thread-1] INFO  server.RaftServerConfigKeys (ConfUtils.java:logGet(43)) - raft.server.log.statemachine.data.caching.enabled = true (custom)
2019-09-24 02:24:34,530 [pool-217-thread-1] INFO  segmented.SegmentedRaftLogWorker (SegmentedRaftLogWorker.java:lambda$new$0(132)) - be6688c1-27db-4066-9fe7-abad67bbc3d4@group-1EC21770C6FC-SegmentedRaftLogWorker: flushIndex: setUnconditionally 0 -> -1
2019-09-24 02:24:34,531 [pool-217-thread-1] INFO  server.RaftServerConfigKeys (ConfUtils.java:logGet(43)) - raft.server.snapshot.auto.trigger.enabled = true (custom)
2019-09-24 02:24:34,531 [pool-217-thread-1] INFO  server.RaftServerConfigKeys (ConfUtils.java:logGet(43)) - raft.server.snapshot.auto.trigger.threshold = 10000 (custom)
2019-09-24 02:24:34,531 [pool-217-thread-1] INFO  server.RaftServerConfigKeys (ConfUtils.java:logGet(43)) - raft.server.snapshot.retention.num.files = 5 (custom)
2019-09-24 02:24:34,531 [pool-217-thread-1] INFO  server.RaftServerConfigKeys (ConfUtils.java:logGet(43)) - raft.server.retrycache.expirytime = 600000ms (custom)
2019-09-24 02:24:34,533 [pool-217-thread-1] INFO  impl.RaftServerImpl (RaftServerImpl.java:start(185)) - be6688c1-27db-4066-9fe7-abad67bbc3d4@group-1EC21770C6FC: start as a follower, conf=-1: [be6688c1-27db-4066-9fe7-abad67bbc3d4:192.168.151.121:39435], old=null
2019-09-24 02:24:34,533 [pool-217-thread-1] INFO  impl.RaftServerImpl (RaftServerImpl.java:setRole(174)) - be6688c1-27db-4066-9fe7-abad67bbc3d4@group-1EC21770C6FC: changes role from      null to FOLLOWER at term 0 for startAsFollower
2019-09-24 02:24:34,533 [pool-217-thread-1] INFO  impl.RoleInfo (RoleInfo.java:updateAndGet(143)) - be6688c1-27db-4066-9fe7-abad67bbc3d4: start FollowerState
2019-09-24 02:24:34,534 [pool-217-thread-1] INFO  util.JmxRegister (JmxRegister.java:tryRegister(44)) - Successfully registered JMX Bean with object name Ratis:service=RaftServer,group=group-1EC21770C6FC,id=be6688c1-27db-4066-9fe7-abad67bbc3d4
2019-09-24 02:24:34,539 [RatisPipelineUtilsThread] INFO  pipeline.PipelineStateManager (PipelineStateManager.java:addPipeline(56)) - Created pipeline Pipeline[ Id: b88fdb9f-a7c9-4f8a-996b-1ec21770c6fc, Nodes: be6688c1-27db-4066-9fe7-abad67bbc3d4{ip: 192.168.151.121, host: pr-hdds-2162-tjkd5-3209850126, networkLocation: /rack1, certSerialId: null}, Type:RATIS, Factor:ONE, State:OPEN]
2019-09-24 02:24:34,548 [grpc-default-executor-2] INFO  impl.RaftServerProxy (RaftServerProxy.java:addNew(89)) - 75a46326-9fdd-4357-8f55-056919852270: addNew group-59B48DD0B897:[75a46326-9fdd-4357-8f55-056919852270:192.168.151.121:36808] returns group-59B48DD0B897:java.util.concurrent.CompletableFuture@5fa436c0[Not completed]
2019-09-24 02:24:34,551 [pool-227-thread-1] INFO  impl.RaftServerImpl (RaftServerImpl.java:<init>(95)) - 75a46326-9fdd-4357-8f55-056919852270: new RaftServerImpl for group-59B48DD0B897:[75a46326-9fdd-4357-8f55-056919852270:192.168.151.121:36808] with ContainerStateMachine:uninitialized
2019-09-24 02:24:34,551 [pool-227-thread-1] INFO  server.RaftServerConfigKeys (ConfUtils.java:logGet(43)) - raft.server.rpc.timeout.min = 1s (custom)
2019-09-24 02:24:34,551 [pool-227-thread-1] INFO  server.RaftServerConfigKeys (ConfUtils.java:logGet(43)) - raft.server.rpc.timeout.max = 1200ms (custom)
2019-09-24 02:24:34,551 [pool-227-thread-1] INFO  server.RaftServerConfigKeys (ConfUtils.java:logGet(43)) - raft.server.rpcslowness.timeout = 120s (custom)
2019-09-24 02:24:34,551 [pool-227-thread-1] INFO  server.RaftServerConfigKeys (ConfUtils.java:logGet(43)) - raft.server.sleep.deviation.threshold = 300 (default)
2019-09-24 02:24:34,551 [pool-227-thread-1] INFO  server.RaftServerConfigKeys (ConfUtils.java:logGet(43)) - raft.server.log.appender.install.snapshot.enabled = false (custom)
2019-09-24 02:24:34,552 [pool-227-thread-1] INFO  impl.RaftServerImpl (ServerState.java:<init>(103)) - 75a46326-9fdd-4357-8f55-056919852270@group-59B48DD0B897: ConfigurationManager, init=-1: [75a46326-9fdd-4357-8f55-056919852270:192.168.151.121:36808], old=null, confs=<EMPTY_MAP>
2019-09-24 02:24:34,552 [pool-227-thread-1] INFO  server.RaftServerConfigKeys (ConfUtils.java:logGet(43)) - raft.server.storage.dir = [/workdir/hadoop-ozone/integration-test/target/test-dir/MiniOzoneClusterImpl-69b5c385-cdb4-4487-be19-c3541ab4b602/datanode-8/data/ratis] (custom)
2019-09-24 02:24:34,552 [pool-227-thread-1] INFO  storage.RaftStorageDirectory (RaftStorageDirectory.java:analyzeStorage(246)) - The storage directory /workdir/hadoop-ozone/integration-test/target/test-dir/MiniOzoneClusterImpl-69b5c385-cdb4-4487-be19-c3541ab4b602/datanode-8/data/ratis/c0aa2b39-7c39-49f3-bd36-59b48dd0b897 does not exist. Creating ...
2019-09-24 02:24:34,565 [pool-227-thread-1] INFO  storage.RaftStorageDirectory (RaftStorageDirectory.java:tryLock(328)) - Lock on /workdir/hadoop-ozone/integration-test/target/test-dir/MiniOzoneClusterImpl-69b5c385-cdb4-4487-be19-c3541ab4b602/datanode-8/data/ratis/c0aa2b39-7c39-49f3-bd36-59b48dd0b897/in_use.lock acquired by nodename 30927@pr-hdds-2162-tjkd5-3209850126
2019-09-24 02:24:34,578 [pool-227-thread-1] INFO  storage.RaftStorage (RaftStorage.java:format(72)) - Storage directory /workdir/hadoop-ozone/integration-test/target/test-dir/MiniOzoneClusterImpl-69b5c385-cdb4-4487-be19-c3541ab4b602/datanode-8/data/ratis/c0aa2b39-7c39-49f3-bd36-59b48dd0b897 has been successfully formatted.
2019-09-24 02:24:34,579 [pool-227-thread-1] INFO  ratis.ContainerStateMachine (ContainerStateMachine.java:loadSnapshot(230)) - group-59B48DD0B897: The snapshot info is null. Setting the last applied indexto:(t:0, i:~)
2019-09-24 02:24:34,579 [pool-227-thread-1] INFO  server.RaftServerConfigKeys (ConfUtils.java:logGet(43)) - raft.server.notification.no-leader.timeout = 120s (custom)
2019-09-24 02:24:34,579 [pool-227-thread-1] INFO  server.RaftServerConfigKeys (ConfUtils.java:logGet(43)) - raft.server.log.use.memory = false (default)
2019-09-24 02:24:34,579 [pool-227-thread-1] INFO  server.RaftServerConfigKeys (ConfUtils.java:logGet(43)) - raft.server.log.purge.gap = 1000000 (custom)
2019-09-24 02:24:34,579 [pool-227-thread-1] INFO  server.RaftServerConfigKeys (ConfUtils.java:logGet(43)) - raft.server.log.appender.buffer.byte-limit = 33554432 (custom)
2019-09-24 02:24:34,580 [pool-227-thread-1] INFO  server.RaftServerConfigKeys (ConfUtils.java:logGet(43)) - raft.server.log.segment.size.max = 1048576 (custom)
2019-09-24 02:24:34,580 [pool-227-thread-1] INFO  server.RaftServerConfigKeys (ConfUtils.java:logGet(43)) - raft.server.log.segment.cache.num.max = 2 (custom)
2019-09-24 02:24:34,580 [pool-227-thread-1] INFO  segmented.SegmentedRaftLogWorker (SegmentedRaftLogWorker.java:<init>(172)) - new 75a46326-9fdd-4357-8f55-056919852270@group-59B48DD0B897-SegmentedRaftLogWorker for RaftStorage:Storage Directory /workdir/hadoop-ozone/integration-test/target/test-dir/MiniOzoneClusterImpl-69b5c385-cdb4-4487-be19-c3541ab4b602/datanode-8/data/ratis/c0aa2b39-7c39-49f3-bd36-59b48dd0b897
2019-09-24 02:24:34,583 [pool-227-thread-1] INFO  server.RaftServerConfigKeys (ConfUtils.java:logGet(43)) - raft.server.log.queue.byte-limit = 2147483647 (custom)
2019-09-24 02:24:34,583 [pool-227-thread-1] INFO  server.RaftServerConfigKeys (ConfUtils.java:logGet(43)) - raft.server.log.queue.element-limit = 1024 (custom)
2019-09-24 02:24:34,583 [pool-227-thread-1] INFO  server.RaftServerConfigKeys (ConfUtils.java:logGet(43)) - raft.server.log.segment.size.max = 1048576 (custom)
2019-09-24 02:24:34,583 [pool-227-thread-1] INFO  server.RaftServerConfigKeys (ConfUtils.java:logGet(43)) - raft.server.log.preallocated.size = 16384 (custom)
2019-09-24 02:24:34,584 [pool-227-thread-1] INFO  server.RaftServerConfigKeys (ConfUtils.java:logGet(43)) - raft.server.log.write.buffer.size = 33554432 (custom)
2019-09-24 02:24:34,584 [pool-227-thread-1] INFO  server.RaftServerConfigKeys (ConfUtils.java:logGet(43)) - raft.server.log.force.sync.num = 128 (default)
2019-09-24 02:24:34,584 [pool-227-thread-1] INFO  server.RaftServerConfigKeys (ConfUtils.java:logGet(43)) - raft.server.log.statemachine.data.sync = true (default)
2019-09-24 02:24:34,584 [pool-227-thread-1] INFO  server.RaftServerConfigKeys (ConfUtils.java:logGet(43)) - raft.server.log.statemachine.data.sync.timeout = 10s (default)
2019-09-24 02:24:34,584 [pool-227-thread-1] INFO  server.RaftServerConfigKeys (ConfUtils.java:logGet(43)) - raft.server.log.statemachine.data.sync.timeout.retry = -1 (default)
2019-09-24 02:24:34,585 [pool-227-thread-1] INFO  server.RaftServerConfigKeys (ConfUtils.java:logGet(43)) - raft.server.log.statemachine.data.caching.enabled = true (custom)
2019-09-24 02:24:34,585 [pool-227-thread-1] INFO  segmented.SegmentedRaftLogWorker (SegmentedRaftLogWorker.java:lambda$new$0(132)) - 75a46326-9fdd-4357-8f55-056919852270@group-59B48DD0B897-SegmentedRaftLogWorker: flushIndex: setUnconditionally 0 -> -1
2019-09-24 02:24:34,585 [pool-227-thread-1] INFO  server.RaftServerConfigKeys (ConfUtils.java:logGet(43)) - raft.server.snapshot.auto.trigger.enabled = true (custom)
2019-09-24 02:24:34,585 [pool-227-thread-1] INFO  server.RaftServerConfigKeys (ConfUtils.java:logGet(43)) - raft.server.snapshot.auto.trigger.threshold = 10000 (custom)
2019-09-24 02:24:34,586 [pool-227-thread-1] INFO  server.RaftServerConfigKeys (ConfUtils.java:logGet(43)) - raft.server.snapshot.retention.num.files = 5 (custom)
2019-09-24 02:24:34,586 [pool-227-thread-1] INFO  server.RaftServerConfigKeys (ConfUtils.java:logGet(43)) - raft.server.retrycache.expirytime = 600000ms (custom)
2019-09-24 02:24:34,588 [pool-227-thread-1] INFO  impl.RaftServerImpl (RaftServerImpl.java:start(185)) - 75a46326-9fdd-4357-8f55-056919852270@group-59B48DD0B897: start as a follower, conf=-1: [75a46326-9fdd-4357-8f55-056919852270:192.168.151.121:36808], old=null
2019-09-24 02:24:34,589 [pool-227-thread-1] INFO  impl.RaftServerImpl (RaftServerImpl.java:setRole(174)) - 75a46326-9fdd-4357-8f55-056919852270@group-59B48DD0B897: changes role from      null to FOLLOWER at term 0 for startAsFollower
2019-09-24 02:24:34,589 [pool-227-thread-1] INFO  impl.RoleInfo (RoleInfo.java:updateAndGet(143)) - 75a46326-9fdd-4357-8f55-056919852270: start FollowerState
2019-09-24 02:24:34,589 [pool-227-thread-1] INFO  util.JmxRegister (JmxRegister.java:tryRegister(44)) - Successfully registered JMX Bean with object name Ratis:service=RaftServer,group=group-59B48DD0B897,id=75a46326-9fdd-4357-8f55-056919852270
2019-09-24 02:24:34,594 [RatisPipelineUtilsThread] INFO  pipeline.PipelineStateManager (PipelineStateManager.java:addPipeline(56)) - Created pipeline Pipeline[ Id: c0aa2b39-7c39-49f3-bd36-59b48dd0b897, Nodes: 75a46326-9fdd-4357-8f55-056919852270{ip: 192.168.151.121, host: pr-hdds-2162-tjkd5-3209850126, networkLocation: /rack1, certSerialId: null}, Type:RATIS, Factor:ONE, State:OPEN]
2019-09-24 02:24:34,602 [main] INFO  ozone.MiniOzoneClusterImpl (MiniOzoneClusterImpl.java:lambda$waitForClusterToBeReady$0(147)) - Waiting for cluster to be ready. Got 9 of 10 DN Heartbeats.
2019-09-24 02:24:34,603 [IPC Server handler 3 on 45360] INFO  net.NetworkTopology (NetworkTopologyImpl.java:add(111)) - Added a new node: /rack1/a2acb7c4-7563-4fb4-bd8c-c1e015953028
2019-09-24 02:24:34,603 [IPC Server handler 3 on 45360] INFO  node.SCMNodeManager (SCMNodeManager.java:register(266)) - Registered Data node : a2acb7c4-7563-4fb4-bd8c-c1e015953028{ip: 192.168.151.121, host: pr-hdds-2162-tjkd5-3209850126, networkLocation: /rack1, certSerialId: null}
2019-09-24 02:24:34,605 [grpc-default-executor-0] INFO  impl.RaftServerProxy (RaftServerProxy.java:addNew(89)) - 7bca38f8-b0d1-4401-8113-ee118fd16170: addNew group-4CE1A2095E7B:[7bca38f8-b0d1-4401-8113-ee118fd16170:192.168.151.121:38029, d93e0f2d-aaab-42ca-acd5-b884b7a50f26:192.168.151.121:41155, 75a46326-9fdd-4357-8f55-056919852270:192.168.151.121:36808] returns group-4CE1A2095E7B:java.util.concurrent.CompletableFuture@acc0f22[Not completed]
2019-09-24 02:24:34,605 [grpc-default-executor-2] INFO  impl.RaftServerProxy (RaftServerProxy.java:addNew(89)) - d93e0f2d-aaab-42ca-acd5-b884b7a50f26: addNew group-4CE1A2095E7B:[7bca38f8-b0d1-4401-8113-ee118fd16170:192.168.151.121:38029, d93e0f2d-aaab-42ca-acd5-b884b7a50f26:192.168.151.121:41155, 75a46326-9fdd-4357-8f55-056919852270:192.168.151.121:36808] returns group-4CE1A2095E7B:java.util.concurrent.CompletableFuture@181d2578[Not completed]
2019-09-24 02:24:34,605 [grpc-default-executor-1] INFO  impl.RaftServerProxy (RaftServerProxy.java:addNew(89)) - 75a46326-9fdd-4357-8f55-056919852270: addNew group-4CE1A2095E7B:[7bca38f8-b0d1-4401-8113-ee118fd16170:192.168.151.121:38029, d93e0f2d-aaab-42ca-acd5-b884b7a50f26:192.168.151.121:41155, 75a46326-9fdd-4357-8f55-056919852270:192.168.151.121:36808] returns group-4CE1A2095E7B:java.util.concurrent.CompletableFuture@23a99472[Not completed]
2019-09-24 02:24:34,606 [pool-227-thread-1] INFO  impl.RaftServerImpl (RaftServerImpl.java:<init>(95)) - 75a46326-9fdd-4357-8f55-056919852270: new RaftServerImpl for group-4CE1A2095E7B:[7bca38f8-b0d1-4401-8113-ee118fd16170:192.168.151.121:38029, d93e0f2d-aaab-42ca-acd5-b884b7a50f26:192.168.151.121:41155, 75a46326-9fdd-4357-8f55-056919852270:192.168.151.121:36808] with ContainerStateMachine:uninitialized
2019-09-24 02:24:34,607 [pool-227-thread-1] INFO  server.RaftServerConfigKeys (ConfUtils.java:logGet(43)) - raft.server.rpc.timeout.min = 1s (custom)
2019-09-24 02:24:34,607 [pool-227-thread-1] INFO  server.RaftServerConfigKeys (ConfUtils.java:logGet(43)) - raft.server.rpc.timeout.max = 1200ms (custom)
2019-09-24 02:24:34,607 [pool-227-thread-1] INFO  server.RaftServerConfigKeys (ConfUtils.java:logGet(43)) - raft.server.rpcslowness.timeout = 120s (custom)
2019-09-24 02:24:34,607 [pool-227-thread-1] INFO  server.RaftServerConfigKeys (ConfUtils.java:logGet(43)) - raft.server.sleep.deviation.threshold = 300 (default)
2019-09-24 02:24:34,607 [pool-227-thread-1] INFO  server.RaftServerConfigKeys (ConfUtils.java:logGet(43)) - raft.server.log.appender.install.snapshot.enabled = false (custom)
2019-09-24 02:24:34,607 [pool-177-thread-1] INFO  impl.RaftServerImpl (RaftServerImpl.java:<init>(95)) - 7bca38f8-b0d1-4401-8113-ee118fd16170: new RaftServerImpl for group-4CE1A2095E7B:[7bca38f8-b0d1-4401-8113-ee118fd16170:192.168.151.121:38029, d93e0f2d-aaab-42ca-acd5-b884b7a50f26:192.168.151.121:41155, 75a46326-9fdd-4357-8f55-056919852270:192.168.151.121:36808] with ContainerStateMachine:uninitialized
2019-09-24 02:24:34,607 [pool-227-thread-1] INFO  impl.RaftServerImpl (ServerState.java:<init>(103)) - 75a46326-9fdd-4357-8f55-056919852270@group-4CE1A2095E7B: ConfigurationManager, init=-1: [7bca38f8-b0d1-4401-8113-ee118fd16170:192.168.151.121:38029, d93e0f2d-aaab-42ca-acd5-b884b7a50f26:192.168.151.121:41155, 75a46326-9fdd-4357-8f55-056919852270:192.168.151.121:36808], old=null, confs=<EMPTY_MAP>
2019-09-24 02:24:34,607 [pool-177-thread-1] INFO  server.RaftServerConfigKeys (ConfUtils.java:logGet(43)) - raft.server.rpc.timeout.min = 1s (custom)
2019-09-24 02:24:34,608 [pool-227-thread-1] INFO  server.RaftServerConfigKeys (ConfUtils.java:logGet(43)) - raft.server.storage.dir = [/workdir/hadoop-ozone/integration-test/target/test-dir/MiniOzoneClusterImpl-69b5c385-cdb4-4487-be19-c3541ab4b602/datanode-8/data/ratis] (custom)
2019-09-24 02:24:34,608 [pool-177-thread-1] INFO  server.RaftServerConfigKeys (ConfUtils.java:logGet(43)) - raft.server.rpc.timeout.max = 1200ms (custom)
2019-09-24 02:24:34,608 [pool-187-thread-1] INFO  impl.RaftServerImpl (RaftServerImpl.java:<init>(95)) - d93e0f2d-aaab-42ca-acd5-b884b7a50f26: new RaftServerImpl for group-4CE1A2095E7B:[7bca38f8-b0d1-4401-8113-ee118fd16170:192.168.151.121:38029, d93e0f2d-aaab-42ca-acd5-b884b7a50f26:192.168.151.121:41155, 75a46326-9fdd-4357-8f55-056919852270:192.168.151.121:36808] with ContainerStateMachine:uninitialized
2019-09-24 02:24:34,608 [pool-177-thread-1] INFO  server.RaftServerConfigKeys (ConfUtils.java:logGet(43)) - raft.server.rpcslowness.timeout = 120s (custom)
2019-09-24 02:24:34,608 [pool-227-thread-1] INFO  storage.RaftStorageDirectory (RaftStorageDirectory.java:analyzeStorage(246)) - The storage directory /workdir/hadoop-ozone/integration-test/target/test-dir/MiniOzoneClusterImpl-69b5c385-cdb4-4487-be19-c3541ab4b602/datanode-8/data/ratis/391ef440-c9f7-4d0e-91af-4ce1a2095e7b does not exist. Creating ...
2019-09-24 02:24:34,608 [pool-187-thread-1] INFO  server.RaftServerConfigKeys (ConfUtils.java:logGet(43)) - raft.server.rpc.timeout.min = 1s (custom)
2019-09-24 02:24:34,608 [pool-177-thread-1] INFO  server.RaftServerConfigKeys (ConfUtils.java:logGet(43)) - raft.server.sleep.deviation.threshold = 300 (default)
2019-09-24 02:24:34,608 [pool-187-thread-1] INFO  server.RaftServerConfigKeys (ConfUtils.java:logGet(43)) - raft.server.rpc.timeout.max = 1200ms (custom)
2019-09-24 02:24:34,609 [pool-177-thread-1] INFO  server.RaftServerConfigKeys (ConfUtils.java:logGet(43)) - raft.server.log.appender.install.snapshot.enabled = false (custom)
2019-09-24 02:24:34,609 [pool-187-thread-1] INFO  server.RaftServerConfigKeys (ConfUtils.java:logGet(43)) - raft.server.rpcslowness.timeout = 120s (custom)
2019-09-24 02:24:34,609 [pool-177-thread-1] INFO  impl.RaftServerImpl (ServerState.java:<init>(103)) - 7bca38f8-b0d1-4401-8113-ee118fd16170@group-4CE1A2095E7B: ConfigurationManager, init=-1: [7bca38f8-b0d1-4401-8113-ee118fd16170:192.168.151.121:38029, d93e0f2d-aaab-42ca-acd5-b884b7a50f26:192.168.151.121:41155, 75a46326-9fdd-4357-8f55-056919852270:192.168.151.121:36808], old=null, confs=<EMPTY_MAP>
2019-09-24 02:24:34,609 [pool-187-thread-1] INFO  server.RaftServerConfigKeys (ConfUtils.java:logGet(43)) - raft.server.sleep.deviation.threshold = 300 (default)
2019-09-24 02:24:34,609 [pool-177-thread-1] INFO  server.RaftServerConfigKeys (ConfUtils.java:logGet(43)) - raft.server.storage.dir = [/workdir/hadoop-ozone/integration-test/target/test-dir/MiniOzoneClusterImpl-69b5c385-cdb4-4487-be19-c3541ab4b602/datanode-3/data/ratis] (custom)
2019-09-24 02:24:34,609 [pool-187-thread-1] INFO  server.RaftServerConfigKeys (ConfUtils.java:logGet(43)) - raft.server.log.appender.install.snapshot.enabled = false (custom)
2019-09-24 02:24:34,609 [pool-187-thread-1] INFO  impl.RaftServerImpl (ServerState.java:<init>(103)) - d93e0f2d-aaab-42ca-acd5-b884b7a50f26@group-4CE1A2095E7B: ConfigurationManager, init=-1: [7bca38f8-b0d1-4401-8113-ee118fd16170:192.168.151.121:38029, d93e0f2d-aaab-42ca-acd5-b884b7a50f26:192.168.151.121:41155, 75a46326-9fdd-4357-8f55-056919852270:192.168.151.121:36808], old=null, confs=<EMPTY_MAP>
2019-09-24 02:24:34,610 [pool-177-thread-1] INFO  storage.RaftStorageDirectory (RaftStorageDirectory.java:analyzeStorage(246)) - The storage directory /workdir/hadoop-ozone/integration-test/target/test-dir/MiniOzoneClusterImpl-69b5c385-cdb4-4487-be19-c3541ab4b602/datanode-3/data/ratis/391ef440-c9f7-4d0e-91af-4ce1a2095e7b does not exist. Creating ...
2019-09-24 02:24:34,610 [pool-187-thread-1] INFO  server.RaftServerConfigKeys (ConfUtils.java:logGet(43)) - raft.server.storage.dir = [/workdir/hadoop-ozone/integration-test/target/test-dir/MiniOzoneClusterImpl-69b5c385-cdb4-4487-be19-c3541ab4b602/datanode-4/data/ratis] (custom)
2019-09-24 02:24:34,610 [pool-187-thread-1] INFO  storage.RaftStorageDirectory (RaftStorageDirectory.java:analyzeStorage(246)) - The storage directory /workdir/hadoop-ozone/integration-test/target/test-dir/MiniOzoneClusterImpl-69b5c385-cdb4-4487-be19-c3541ab4b602/datanode-4/data/ratis/391ef440-c9f7-4d0e-91af-4ce1a2095e7b does not exist. Creating ...
2019-09-24 02:24:34,622 [pool-177-thread-1] INFO  storage.RaftStorageDirectory (RaftStorageDirectory.java:tryLock(328)) - Lock on /workdir/hadoop-ozone/integration-test/target/test-dir/MiniOzoneClusterImpl-69b5c385-cdb4-4487-be19-c3541ab4b602/datanode-3/data/ratis/391ef440-c9f7-4d0e-91af-4ce1a2095e7b/in_use.lock acquired by nodename 30927@pr-hdds-2162-tjkd5-3209850126
2019-09-24 02:24:34,622 [pool-187-thread-1] INFO  storage.RaftStorageDirectory (RaftStorageDirectory.java:tryLock(328)) - Lock on /workdir/hadoop-ozone/integration-test/target/test-dir/MiniOzoneClusterImpl-69b5c385-cdb4-4487-be19-c3541ab4b602/datanode-4/data/ratis/391ef440-c9f7-4d0e-91af-4ce1a2095e7b/in_use.lock acquired by nodename 30927@pr-hdds-2162-tjkd5-3209850126
2019-09-24 02:24:34,622 [pool-227-thread-1] INFO  storage.RaftStorageDirectory (RaftStorageDirectory.java:tryLock(328)) - Lock on /workdir/hadoop-ozone/integration-test/target/test-dir/MiniOzoneClusterImpl-69b5c385-cdb4-4487-be19-c3541ab4b602/datanode-8/data/ratis/391ef440-c9f7-4d0e-91af-4ce1a2095e7b/in_use.lock acquired by nodename 30927@pr-hdds-2162-tjkd5-3209850126
2019-09-24 02:24:34,636 [pool-177-thread-1] INFO  storage.RaftStorage (RaftStorage.java:format(72)) - Storage directory /workdir/hadoop-ozone/integration-test/target/test-dir/MiniOzoneClusterImpl-69b5c385-cdb4-4487-be19-c3541ab4b602/datanode-3/data/ratis/391ef440-c9f7-4d0e-91af-4ce1a2095e7b has been successfully formatted.
2019-09-24 02:24:34,636 [pool-187-thread-1] INFO  storage.RaftStorage (RaftStorage.java:format(72)) - Storage directory /workdir/hadoop-ozone/integration-test/target/test-dir/MiniOzoneClusterImpl-69b5c385-cdb4-4487-be19-c3541ab4b602/datanode-4/data/ratis/391ef440-c9f7-4d0e-91af-4ce1a2095e7b has been successfully formatted.
2019-09-24 02:24:34,636 [pool-227-thread-1] INFO  storage.RaftStorage (RaftStorage.java:format(72)) - Storage directory /workdir/hadoop-ozone/integration-test/target/test-dir/MiniOzoneClusterImpl-69b5c385-cdb4-4487-be19-c3541ab4b602/datanode-8/data/ratis/391ef440-c9f7-4d0e-91af-4ce1a2095e7b has been successfully formatted.
2019-09-24 02:24:34,636 [pool-177-thread-1] INFO  ratis.ContainerStateMachine (ContainerStateMachine.java:loadSnapshot(230)) - group-4CE1A2095E7B: The snapshot info is null. Setting the last applied indexto:(t:0, i:~)
2019-09-24 02:24:34,636 [pool-187-thread-1] INFO  ratis.ContainerStateMachine (ContainerStateMachine.java:loadSnapshot(230)) - group-4CE1A2095E7B: The snapshot info is null. Setting the last applied indexto:(t:0, i:~)
2019-09-24 02:24:34,637 [pool-227-thread-1] INFO  ratis.ContainerStateMachine (ContainerStateMachine.java:loadSnapshot(230)) - group-4CE1A2095E7B: The snapshot info is null. Setting the last applied indexto:(t:0, i:~)
2019-09-24 02:24:34,637 [pool-177-thread-1] INFO  server.RaftServerConfigKeys (ConfUtils.java:logGet(43)) - raft.server.notification.no-leader.timeout = 120s (custom)
2019-09-24 02:24:34,637 [pool-227-thread-1] INFO  server.RaftServerConfigKeys (ConfUtils.java:logGet(43)) - raft.server.notification.no-leader.timeout = 120s (custom)
2019-09-24 02:24:34,637 [pool-187-thread-1] INFO  server.RaftServerConfigKeys (ConfUtils.java:logGet(43)) - raft.server.notification.no-leader.timeout = 120s (custom)
2019-09-24 02:24:34,637 [pool-227-thread-1] INFO  server.RaftServerConfigKeys (ConfUtils.java:logGet(43)) - raft.server.log.use.memory = false (default)
2019-09-24 02:24:34,637 [pool-177-thread-1] INFO  server.RaftServerConfigKeys (ConfUtils.java:logGet(43)) - raft.server.log.use.memory = false (default)
2019-09-24 02:24:34,637 [pool-227-thread-1] INFO  server.RaftServerConfigKeys (ConfUtils.java:logGet(43)) - raft.server.log.purge.gap = 1000000 (custom)
2019-09-24 02:24:34,637 [pool-187-thread-1] INFO  server.RaftServerConfigKeys (ConfUtils.java:logGet(43)) - raft.server.log.use.memory = false (default)
2019-09-24 02:24:34,638 [pool-227-thread-1] INFO  server.RaftServerConfigKeys (ConfUtils.java:logGet(43)) - raft.server.log.appender.buffer.byte-limit = 33554432 (custom)
2019-09-24 02:24:34,638 [pool-177-thread-1] INFO  server.RaftServerConfigKeys (ConfUtils.java:logGet(43)) - raft.server.log.purge.gap = 1000000 (custom)
2019-09-24 02:24:34,638 [pool-227-thread-1] INFO  server.RaftServerConfigKeys (ConfUtils.java:logGet(43)) - raft.server.log.segment.size.max = 1048576 (custom)
2019-09-24 02:24:34,638 [pool-187-thread-1] INFO  server.RaftServerConfigKeys (ConfUtils.java:logGet(43)) - raft.server.log.purge.gap = 1000000 (custom)
2019-09-24 02:24:34,638 [pool-227-thread-1] INFO  server.RaftServerConfigKeys (ConfUtils.java:logGet(43)) - raft.server.log.segment.cache.num.max = 2 (custom)
2019-09-24 02:24:34,638 [pool-177-thread-1] INFO  server.RaftServerConfigKeys (ConfUtils.java:logGet(43)) - raft.server.log.appender.buffer.byte-limit = 33554432 (custom)
2019-09-24 02:24:34,639 [pool-227-thread-1] INFO  segmented.SegmentedRaftLogWorker (SegmentedRaftLogWorker.java:<init>(172)) - new 75a46326-9fdd-4357-8f55-056919852270@group-4CE1A2095E7B-SegmentedRaftLogWorker for RaftStorage:Storage Directory /workdir/hadoop-ozone/integration-test/target/test-dir/MiniOzoneClusterImpl-69b5c385-cdb4-4487-be19-c3541ab4b602/datanode-8/data/ratis/391ef440-c9f7-4d0e-91af-4ce1a2095e7b
2019-09-24 02:24:34,638 [pool-187-thread-1] INFO  server.RaftServerConfigKeys (ConfUtils.java:logGet(43)) - raft.server.log.appender.buffer.byte-limit = 33554432 (custom)
2019-09-24 02:24:34,639 [pool-227-thread-1] INFO  server.RaftServerConfigKeys (ConfUtils.java:logGet(43)) - raft.server.log.queue.byte-limit = 2147483647 (custom)
2019-09-24 02:24:34,639 [pool-177-thread-1] INFO  server.RaftServerConfigKeys (ConfUtils.java:logGet(43)) - raft.server.log.segment.size.max = 1048576 (custom)
2019-09-24 02:24:34,639 [pool-227-thread-1] INFO  server.RaftServerConfigKeys (ConfUtils.java:logGet(43)) - raft.server.log.queue.element-limit = 1024 (custom)
2019-09-24 02:24:34,639 [pool-187-thread-1] INFO  server.RaftServerConfigKeys (ConfUtils.java:logGet(43)) - raft.server.log.segment.size.max = 1048576 (custom)
2019-09-24 02:24:34,639 [pool-227-thread-1] INFO  server.RaftServerConfigKeys (ConfUtils.java:logGet(43)) - raft.server.log.segment.size.max = 1048576 (custom)
2019-09-24 02:24:34,640 [pool-227-thread-1] INFO  server.RaftServerConfigKeys (ConfUtils.java:logGet(43)) - raft.server.log.preallocated.size = 16384 (custom)
2019-09-24 02:24:34,639 [pool-177-thread-1] INFO  server.RaftServerConfigKeys (ConfUtils.java:logGet(43)) - raft.server.log.segment.cache.num.max = 2 (custom)
2019-09-24 02:24:34,640 [pool-227-thread-1] INFO  server.RaftServerConfigKeys (ConfUtils.java:logGet(43)) - raft.server.log.write.buffer.size = 33554432 (custom)
2019-09-24 02:24:34,640 [pool-187-thread-1] INFO  server.RaftServerConfigKeys (ConfUtils.java:logGet(43)) - raft.server.log.segment.cache.num.max = 2 (custom)
2019-09-24 02:24:34,640 [pool-227-thread-1] INFO  server.RaftServerConfigKeys (ConfUtils.java:logGet(43)) - raft.server.log.force.sync.num = 128 (default)
2019-09-24 02:24:34,640 [pool-227-thread-1] INFO  server.RaftServerConfigKeys (ConfUtils.java:logGet(43)) - raft.server.log.statemachine.data.sync = true (default)
2019-09-24 02:24:34,640 [pool-177-thread-1] INFO  segmented.SegmentedRaftLogWorker (SegmentedRaftLogWorker.java:<init>(172)) - new 7bca38f8-b0d1-4401-8113-ee118fd16170@group-4CE1A2095E7B-SegmentedRaftLogWorker for RaftStorage:Storage Directory /workdir/hadoop-ozone/integration-test/target/test-dir/MiniOzoneClusterImpl-69b5c385-cdb4-4487-be19-c3541ab4b602/datanode-3/data/ratis/391ef440-c9f7-4d0e-91af-4ce1a2095e7b
2019-09-24 02:24:34,641 [pool-227-thread-1] INFO  server.RaftServerConfigKeys (ConfUtils.java:logGet(43)) - raft.server.log.statemachine.data.sync.timeout = 10s (default)
2019-09-24 02:24:34,640 [pool-187-thread-1] INFO  segmented.SegmentedRaftLogWorker (SegmentedRaftLogWorker.java:<init>(172)) - new d93e0f2d-aaab-42ca-acd5-b884b7a50f26@group-4CE1A2095E7B-SegmentedRaftLogWorker for RaftStorage:Storage Directory /workdir/hadoop-ozone/integration-test/target/test-dir/MiniOzoneClusterImpl-69b5c385-cdb4-4487-be19-c3541ab4b602/datanode-4/data/ratis/391ef440-c9f7-4d0e-91af-4ce1a2095e7b
2019-09-24 02:24:34,641 [pool-227-thread-1] INFO  server.RaftServerConfigKeys (ConfUtils.java:logGet(43)) - raft.server.log.statemachine.data.sync.timeout.retry = -1 (default)
2019-09-24 02:24:34,641 [pool-177-thread-1] INFO  server.RaftServerConfigKeys (ConfUtils.java:logGet(43)) - raft.server.log.queue.byte-limit = 2147483647 (custom)
2019-09-24 02:24:34,641 [pool-227-thread-1] INFO  server.RaftServerConfigKeys (ConfUtils.java:logGet(43)) - raft.server.log.statemachine.data.caching.enabled = true (custom)
2019-09-24 02:24:34,641 [pool-187-thread-1] INFO  server.RaftServerConfigKeys (ConfUtils.java:logGet(43)) - raft.server.log.queue.byte-limit = 2147483647 (custom)
2019-09-24 02:24:34,642 [pool-227-thread-1] INFO  segmented.SegmentedRaftLogWorker (SegmentedRaftLogWorker.java:lambda$new$0(132)) - 75a46326-9fdd-4357-8f55-056919852270@group-4CE1A2095E7B-SegmentedRaftLogWorker: flushIndex: setUnconditionally 0 -> -1
2019-09-24 02:24:34,641 [pool-177-thread-1] INFO  server.RaftServerConfigKeys (ConfUtils.java:logGet(43)) - raft.server.log.queue.element-limit = 1024 (custom)
2019-09-24 02:24:34,642 [pool-187-thread-1] INFO  server.RaftServerConfigKeys (ConfUtils.java:logGet(43)) - raft.server.log.queue.element-limit = 1024 (custom)
2019-09-24 02:24:34,642 [pool-227-thread-1] INFO  server.RaftServerConfigKeys (ConfUtils.java:logGet(43)) - raft.server.snapshot.auto.trigger.enabled = true (custom)
2019-09-24 02:24:34,642 [pool-177-thread-1] INFO  server.RaftServerConfigKeys (ConfUtils.java:logGet(43)) - raft.server.log.segment.size.max = 1048576 (custom)
2019-09-24 02:24:34,642 [pool-227-thread-1] INFO  server.RaftServerConfigKeys (ConfUtils.java:logGet(43)) - raft.server.snapshot.auto.trigger.threshold = 10000 (custom)
2019-09-24 02:24:34,642 [pool-187-thread-1] INFO  server.RaftServerConfigKeys (ConfUtils.java:logGet(43)) - raft.server.log.segment.size.max = 1048576 (custom)
2019-09-24 02:24:34,643 [pool-227-thread-1] INFO  server.RaftServerConfigKeys (ConfUtils.java:logGet(43)) - raft.server.snapshot.retention.num.files = 5 (custom)
2019-09-24 02:24:34,642 [pool-177-thread-1] INFO  server.RaftServerConfigKeys (ConfUtils.java:logGet(43)) - raft.server.log.preallocated.size = 16384 (custom)
2019-09-24 02:24:34,643 [pool-227-thread-1] INFO  server.RaftServerConfigKeys (ConfUtils.java:logGet(43)) - raft.server.retrycache.expirytime = 600000ms (custom)
2019-09-24 02:24:34,643 [pool-187-thread-1] INFO  server.RaftServerConfigKeys (ConfUtils.java:logGet(43)) - raft.server.log.preallocated.size = 16384 (custom)
2019-09-24 02:24:34,643 [pool-177-thread-1] INFO  server.RaftServerConfigKeys (ConfUtils.java:logGet(43)) - raft.server.log.write.buffer.size = 33554432 (custom)
2019-09-24 02:24:34,643 [pool-187-thread-1] INFO  server.RaftServerConfigKeys (ConfUtils.java:logGet(43)) - raft.server.log.write.buffer.size = 33554432 (custom)
2019-09-24 02:24:34,643 [pool-177-thread-1] INFO  server.RaftServerConfigKeys (ConfUtils.java:logGet(43)) - raft.server.log.force.sync.num = 128 (default)
2019-09-24 02:24:34,644 [pool-187-thread-1] INFO  server.RaftServerConfigKeys (ConfUtils.java:logGet(43)) - raft.server.log.force.sync.num = 128 (default)
2019-09-24 02:24:34,644 [pool-177-thread-1] INFO  server.RaftServerConfigKeys (ConfUtils.java:logGet(43)) - raft.server.log.statemachine.data.sync = true (default)
2019-09-24 02:24:34,644 [pool-187-thread-1] INFO  server.RaftServerConfigKeys (ConfUtils.java:logGet(43)) - raft.server.log.statemachine.data.sync = true (default)
2019-09-24 02:24:34,644 [pool-177-thread-1] INFO  server.RaftServerConfigKeys (ConfUtils.java:logGet(43)) - raft.server.log.statemachine.data.sync.timeout = 10s (default)
2019-09-24 02:24:34,644 [pool-187-thread-1] INFO  server.RaftServerConfigKeys (ConfUtils.java:logGet(43)) - raft.server.log.statemachine.data.sync.timeout = 10s (default)
2019-09-24 02:24:34,644 [pool-177-thread-1] INFO  server.RaftServerConfigKeys (ConfUtils.java:logGet(43)) - raft.server.log.statemachine.data.sync.timeout.retry = -1 (default)
2019-09-24 02:24:34,645 [pool-187-thread-1] INFO  server.RaftServerConfigKeys (ConfUtils.java:logGet(43)) - raft.server.log.statemachine.data.sync.timeout.retry = -1 (default)
2019-09-24 02:24:34,645 [pool-177-thread-1] INFO  server.RaftServerConfigKeys (ConfUtils.java:logGet(43)) - raft.server.log.statemachine.data.caching.enabled = true (custom)
2019-09-24 02:24:34,645 [pool-187-thread-1] INFO  server.RaftServerConfigKeys (ConfUtils.java:logGet(43)) - raft.server.log.statemachine.data.caching.enabled = true (custom)
2019-09-24 02:24:34,645 [pool-177-thread-1] INFO  segmented.SegmentedRaftLogWorker (SegmentedRaftLogWorker.java:lambda$new$0(132)) - 7bca38f8-b0d1-4401-8113-ee118fd16170@group-4CE1A2095E7B-SegmentedRaftLogWorker: flushIndex: setUnconditionally 0 -> -1
2019-09-24 02:24:34,645 [pool-187-thread-1] INFO  segmented.SegmentedRaftLogWorker (SegmentedRaftLogWorker.java:lambda$new$0(132)) - d93e0f2d-aaab-42ca-acd5-b884b7a50f26@group-4CE1A2095E7B-SegmentedRaftLogWorker: flushIndex: setUnconditionally 0 -> -1
2019-09-24 02:24:34,646 [pool-177-thread-1] INFO  server.RaftServerConfigKeys (ConfUtils.java:logGet(43)) - raft.server.snapshot.auto.trigger.enabled = true (custom)
2019-09-24 02:24:34,646 [pool-177-thread-1] INFO  server.RaftServerConfigKeys (ConfUtils.java:logGet(43)) - raft.server.snapshot.auto.trigger.threshold = 10000 (custom)
2019-09-24 02:24:34,646 [pool-187-thread-1] INFO  server.RaftServerConfigKeys (ConfUtils.java:logGet(43)) - raft.server.snapshot.auto.trigger.enabled = true (custom)
2019-09-24 02:24:34,646 [pool-227-thread-1] INFO  impl.RaftServerImpl (RaftServerImpl.java:start(185)) - 75a46326-9fdd-4357-8f55-056919852270@group-4CE1A2095E7B: start as a follower, conf=-1: [7bca38f8-b0d1-4401-8113-ee118fd16170:192.168.151.121:38029, d93e0f2d-aaab-42ca-acd5-b884b7a50f26:192.168.151.121:41155, 75a46326-9fdd-4357-8f55-056919852270:192.168.151.121:36808], old=null
2019-09-24 02:24:34,646 [pool-177-thread-1] INFO  server.RaftServerConfigKeys (ConfUtils.java:logGet(43)) - raft.server.snapshot.retention.num.files = 5 (custom)
2019-09-24 02:24:34,646 [pool-227-thread-1] INFO  impl.RaftServerImpl (RaftServerImpl.java:setRole(174)) - 75a46326-9fdd-4357-8f55-056919852270@group-4CE1A2095E7B: changes role from      null to FOLLOWER at term 0 for startAsFollower
2019-09-24 02:24:34,646 [pool-187-thread-1] INFO  server.RaftServerConfigKeys (ConfUtils.java:logGet(43)) - raft.server.snapshot.auto.trigger.threshold = 10000 (custom)
2019-09-24 02:24:34,646 [pool-227-thread-1] INFO  impl.RoleInfo (RoleInfo.java:updateAndGet(143)) - 75a46326-9fdd-4357-8f55-056919852270: start FollowerState
2019-09-24 02:24:34,646 [pool-177-thread-1] INFO  server.RaftServerConfigKeys (ConfUtils.java:logGet(43)) - raft.server.retrycache.expirytime = 600000ms (custom)
2019-09-24 02:24:34,647 [pool-187-thread-1] INFO  server.RaftServerConfigKeys (ConfUtils.java:logGet(43)) - raft.server.snapshot.retention.num.files = 5 (custom)
2019-09-24 02:24:34,647 [pool-227-thread-1] INFO  util.JmxRegister (JmxRegister.java:tryRegister(44)) - Successfully registered JMX Bean with object name Ratis:service=RaftServer,group=group-4CE1A2095E7B,id=75a46326-9fdd-4357-8f55-056919852270
2019-09-24 02:24:34,647 [pool-187-thread-1] INFO  server.RaftServerConfigKeys (ConfUtils.java:logGet(43)) - raft.server.retrycache.expirytime = 600000ms (custom)
2019-09-24 02:24:34,654 [pool-177-thread-1] INFO  impl.RaftServerImpl (RaftServerImpl.java:start(185)) - 7bca38f8-b0d1-4401-8113-ee118fd16170@group-4CE1A2095E7B: start as a follower, conf=-1: [7bca38f8-b0d1-4401-8113-ee118fd16170:192.168.151.121:38029, d93e0f2d-aaab-42ca-acd5-b884b7a50f26:192.168.151.121:41155, 75a46326-9fdd-4357-8f55-056919852270:192.168.151.121:36808], old=null
2019-09-24 02:24:34,655 [pool-177-thread-1] INFO  impl.RaftServerImpl (RaftServerImpl.java:setRole(174)) - 7bca38f8-b0d1-4401-8113-ee118fd16170@group-4CE1A2095E7B: changes role from      null to FOLLOWER at term 0 for startAsFollower
2019-09-24 02:24:34,655 [pool-177-thread-1] INFO  impl.RoleInfo (RoleInfo.java:updateAndGet(143)) - 7bca38f8-b0d1-4401-8113-ee118fd16170: start FollowerState
2019-09-24 02:24:34,655 [pool-187-thread-1] INFO  impl.RaftServerImpl (RaftServerImpl.java:start(185)) - d93e0f2d-aaab-42ca-acd5-b884b7a50f26@group-4CE1A2095E7B: start as a follower, conf=-1: [7bca38f8-b0d1-4401-8113-ee118fd16170:192.168.151.121:38029, d93e0f2d-aaab-42ca-acd5-b884b7a50f26:192.168.151.121:41155, 75a46326-9fdd-4357-8f55-056919852270:192.168.151.121:36808], old=null
2019-09-24 02:24:34,655 [pool-187-thread-1] INFO  impl.RaftServerImpl (RaftServerImpl.java:setRole(174)) - d93e0f2d-aaab-42ca-acd5-b884b7a50f26@group-4CE1A2095E7B: changes role from      null to FOLLOWER at term 0 for startAsFollower
2019-09-24 02:24:34,655 [pool-177-thread-1] INFO  util.JmxRegister (JmxRegister.java:tryRegister(44)) - Successfully registered JMX Bean with object name Ratis:service=RaftServer,group=group-4CE1A2095E7B,id=7bca38f8-b0d1-4401-8113-ee118fd16170
2019-09-24 02:24:34,655 [pool-187-thread-1] INFO  impl.RoleInfo (RoleInfo.java:updateAndGet(143)) - d93e0f2d-aaab-42ca-acd5-b884b7a50f26: start FollowerState
2019-09-24 02:24:34,656 [pool-187-thread-1] INFO  util.JmxRegister (JmxRegister.java:tryRegister(44)) - Successfully registered JMX Bean with object name Ratis:service=RaftServer,group=group-4CE1A2095E7B,id=d93e0f2d-aaab-42ca-acd5-b884b7a50f26
2019-09-24 02:24:34,664 [RatisPipelineUtilsThread] INFO  pipeline.PipelineStateManager (PipelineStateManager.java:addPipeline(56)) - Created pipeline Pipeline[ Id: 391ef440-c9f7-4d0e-91af-4ce1a2095e7b, Nodes: d93e0f2d-aaab-42ca-acd5-b884b7a50f26{ip: 192.168.151.121, host: pr-hdds-2162-tjkd5-3209850126, networkLocation: /rack1, certSerialId: null}7bca38f8-b0d1-4401-8113-ee118fd16170{ip: 192.168.151.121, host: pr-hdds-2162-tjkd5-3209850126, networkLocation: /rack1, certSerialId: null}75a46326-9fdd-4357-8f55-056919852270{ip: 192.168.151.121, host: pr-hdds-2162-tjkd5-3209850126, networkLocation: /rack1, certSerialId: null}, Type:RATIS, Factor:THREE, State:OPEN]
2019-09-24 02:24:34,692 [grpc-default-executor-2] INFO  impl.RaftServerProxy (RaftServerProxy.java:addNew(89)) - a2acb7c4-7563-4fb4-bd8c-c1e015953028: addNew group-A3765C17C61C:[b7adfa38-f86a-4f02-b078-d72f77d0455e:192.168.151.121:40480, 0dad0ba7-2de7-4c7e-bbfc-c35c9aa94a76:192.168.151.121:45601, a2acb7c4-7563-4fb4-bd8c-c1e015953028:192.168.151.121:37667] returns group-A3765C17C61C:java.util.concurrent.CompletableFuture@31416b27[Not completed]
2019-09-24 02:24:34,692 [grpc-default-executor-0] INFO  impl.RaftServerProxy (RaftServerProxy.java:addNew(89)) - b7adfa38-f86a-4f02-b078-d72f77d0455e: addNew group-A3765C17C61C:[b7adfa38-f86a-4f02-b078-d72f77d0455e:192.168.151.121:40480, 0dad0ba7-2de7-4c7e-bbfc-c35c9aa94a76:192.168.151.121:45601, a2acb7c4-7563-4fb4-bd8c-c1e015953028:192.168.151.121:37667] returns group-A3765C17C61C:java.util.concurrent.CompletableFuture@23cf1591[Not completed]
2019-09-24 02:24:34,692 [grpc-default-executor-1] INFO  impl.RaftServerProxy (RaftServerProxy.java:addNew(89)) - 0dad0ba7-2de7-4c7e-bbfc-c35c9aa94a76: addNew group-A3765C17C61C:[b7adfa38-f86a-4f02-b078-d72f77d0455e:192.168.151.121:40480, 0dad0ba7-2de7-4c7e-bbfc-c35c9aa94a76:192.168.151.121:45601, a2acb7c4-7563-4fb4-bd8c-c1e015953028:192.168.151.121:37667] returns group-A3765C17C61C:java.util.concurrent.CompletableFuture@5bcd0ec5[Not completed]
2019-09-24 02:24:34,696 [pool-207-thread-1] INFO  impl.RaftServerImpl (RaftServerImpl.java:<init>(95)) - 0dad0ba7-2de7-4c7e-bbfc-c35c9aa94a76: new RaftServerImpl for group-A3765C17C61C:[b7adfa38-f86a-4f02-b078-d72f77d0455e:192.168.151.121:40480, 0dad0ba7-2de7-4c7e-bbfc-c35c9aa94a76:192.168.151.121:45601, a2acb7c4-7563-4fb4-bd8c-c1e015953028:192.168.151.121:37667] with ContainerStateMachine:uninitialized
2019-09-24 02:24:34,696 [pool-207-thread-1] INFO  server.RaftServerConfigKeys (ConfUtils.java:logGet(43)) - raft.server.rpc.timeout.min = 1s (custom)
2019-09-24 02:24:34,696 [pool-207-thread-1] INFO  server.RaftServerConfigKeys (ConfUtils.java:logGet(43)) - raft.server.rpc.timeout.max = 1200ms (custom)
2019-09-24 02:24:34,697 [pool-207-thread-1] INFO  server.RaftServerConfigKeys (ConfUtils.java:logGet(43)) - raft.server.rpcslowness.timeout = 120s (custom)
2019-09-24 02:24:34,697 [pool-207-thread-1] INFO  server.RaftServerConfigKeys (ConfUtils.java:logGet(43)) - raft.server.sleep.deviation.threshold = 300 (default)
2019-09-24 02:24:34,697 [pool-207-thread-1] INFO  server.RaftServerConfigKeys (ConfUtils.java:logGet(43)) - raft.server.log.appender.install.snapshot.enabled = false (custom)
2019-09-24 02:24:34,697 [pool-207-thread-1] INFO  impl.RaftServerImpl (ServerState.java:<init>(103)) - 0dad0ba7-2de7-4c7e-bbfc-c35c9aa94a76@group-A3765C17C61C: ConfigurationManager, init=-1: [b7adfa38-f86a-4f02-b078-d72f77d0455e:192.168.151.121:40480, 0dad0ba7-2de7-4c7e-bbfc-c35c9aa94a76:192.168.151.121:45601, a2acb7c4-7563-4fb4-bd8c-c1e015953028:192.168.151.121:37667], old=null, confs=<EMPTY_MAP>
2019-09-24 02:24:34,697 [pool-207-thread-1] INFO  server.RaftServerConfigKeys (ConfUtils.java:logGet(43)) - raft.server.storage.dir = [/workdir/hadoop-ozone/integration-test/target/test-dir/MiniOzoneClusterImpl-69b5c385-cdb4-4487-be19-c3541ab4b602/datanode-6/data/ratis] (custom)
2019-09-24 02:24:34,697 [pool-237-thread-1] INFO  impl.RaftServerImpl (RaftServerImpl.java:<init>(95)) - a2acb7c4-7563-4fb4-bd8c-c1e015953028: new RaftServerImpl for group-A3765C17C61C:[b7adfa38-f86a-4f02-b078-d72f77d0455e:192.168.151.121:40480, 0dad0ba7-2de7-4c7e-bbfc-c35c9aa94a76:192.168.151.121:45601, a2acb7c4-7563-4fb4-bd8c-c1e015953028:192.168.151.121:37667] with ContainerStateMachine:uninitialized
2019-09-24 02:24:34,698 [pool-207-thread-1] INFO  storage.RaftStorageDirectory (RaftStorageDirectory.java:analyzeStorage(246)) - The storage directory /workdir/hadoop-ozone/integration-test/target/test-dir/MiniOzoneClusterImpl-69b5c385-cdb4-4487-be19-c3541ab4b602/datanode-6/data/ratis/f2805248-f93c-40f7-9bea-a3765c17c61c does not exist. Creating ...
2019-09-24 02:24:34,698 [pool-237-thread-1] INFO  server.RaftServerConfigKeys (ConfUtils.java:logGet(43)) - raft.server.rpc.timeout.min = 1s (custom)
2019-09-24 02:24:34,698 [pool-237-thread-1] INFO  server.RaftServerConfigKeys (ConfUtils.java:logGet(43)) - raft.server.rpc.timeout.max = 1200ms (custom)
2019-09-24 02:24:34,698 [pool-237-thread-1] INFO  server.RaftServerConfigKeys (ConfUtils.java:logGet(43)) - raft.server.rpcslowness.timeout = 120s (custom)
2019-09-24 02:24:34,698 [pool-237-thread-1] INFO  server.RaftServerConfigKeys (ConfUtils.java:logGet(43)) - raft.server.sleep.deviation.threshold = 300 (default)
2019-09-24 02:24:34,698 [pool-197-thread-1] INFO  impl.RaftServerImpl (RaftServerImpl.java:<init>(95)) - b7adfa38-f86a-4f02-b078-d72f77d0455e: new RaftServerImpl for group-A3765C17C61C:[b7adfa38-f86a-4f02-b078-d72f77d0455e:192.168.151.121:40480, 0dad0ba7-2de7-4c7e-bbfc-c35c9aa94a76:192.168.151.121:45601, a2acb7c4-7563-4fb4-bd8c-c1e015953028:192.168.151.121:37667] with ContainerStateMachine:uninitialized
2019-09-24 02:24:34,698 [pool-237-thread-1] INFO  server.RaftServerConfigKeys (ConfUtils.java:logGet(43)) - raft.server.log.appender.install.snapshot.enabled = false (custom)
2019-09-24 02:24:34,698 [pool-197-thread-1] INFO  server.RaftServerConfigKeys (ConfUtils.java:logGet(43)) - raft.server.rpc.timeout.min = 1s (custom)
2019-09-24 02:24:34,699 [pool-237-thread-1] INFO  impl.RaftServerImpl (ServerState.java:<init>(103)) - a2acb7c4-7563-4fb4-bd8c-c1e015953028@group-A3765C17C61C: ConfigurationManager, init=-1: [b7adfa38-f86a-4f02-b078-d72f77d0455e:192.168.151.121:40480, 0dad0ba7-2de7-4c7e-bbfc-c35c9aa94a76:192.168.151.121:45601, a2acb7c4-7563-4fb4-bd8c-c1e015953028:192.168.151.121:37667], old=null, confs=<EMPTY_MAP>
2019-09-24 02:24:34,699 [pool-197-thread-1] INFO  server.RaftServerConfigKeys (ConfUtils.java:logGet(43)) - raft.server.rpc.timeout.max = 1200ms (custom)
2019-09-24 02:24:34,699 [pool-237-thread-1] INFO  server.RaftServerConfigKeys (ConfUtils.java:logGet(43)) - raft.server.storage.dir = [/workdir/hadoop-ozone/integration-test/target/test-dir/MiniOzoneClusterImpl-69b5c385-cdb4-4487-be19-c3541ab4b602/datanode-9/data/ratis] (custom)
2019-09-24 02:24:34,699 [pool-197-thread-1] INFO  server.RaftServerConfigKeys (ConfUtils.java:logGet(43)) - raft.server.rpcslowness.timeout = 120s (custom)
2019-09-24 02:24:34,699 [pool-197-thread-1] INFO  server.RaftServerConfigKeys (ConfUtils.java:logGet(43)) - raft.server.sleep.deviation.threshold = 300 (default)
2019-09-24 02:24:34,699 [pool-237-thread-1] INFO  storage.RaftStorageDirectory (RaftStorageDirectory.java:analyzeStorage(246)) - The storage directory /workdir/hadoop-ozone/integration-test/target/test-dir/MiniOzoneClusterImpl-69b5c385-cdb4-4487-be19-c3541ab4b602/datanode-9/data/ratis/f2805248-f93c-40f7-9bea-a3765c17c61c does not exist. Creating ...
2019-09-24 02:24:34,699 [pool-197-thread-1] INFO  server.RaftServerConfigKeys (ConfUtils.java:logGet(43)) - raft.server.log.appender.install.snapshot.enabled = false (custom)
2019-09-24 02:24:34,700 [pool-197-thread-1] INFO  impl.RaftServerImpl (ServerState.java:<init>(103)) - b7adfa38-f86a-4f02-b078-d72f77d0455e@group-A3765C17C61C: ConfigurationManager, init=-1: [b7adfa38-f86a-4f02-b078-d72f77d0455e:192.168.151.121:40480, 0dad0ba7-2de7-4c7e-bbfc-c35c9aa94a76:192.168.151.121:45601, a2acb7c4-7563-4fb4-bd8c-c1e015953028:192.168.151.121:37667], old=null, confs=<EMPTY_MAP>
2019-09-24 02:24:34,700 [pool-197-thread-1] INFO  server.RaftServerConfigKeys (ConfUtils.java:logGet(43)) - raft.server.storage.dir = [/workdir/hadoop-ozone/integration-test/target/test-dir/MiniOzoneClusterImpl-69b5c385-cdb4-4487-be19-c3541ab4b602/datanode-5/data/ratis] (custom)
2019-09-24 02:24:34,700 [pool-197-thread-1] INFO  storage.RaftStorageDirectory (RaftStorageDirectory.java:analyzeStorage(246)) - The storage directory /workdir/hadoop-ozone/integration-test/target/test-dir/MiniOzoneClusterImpl-69b5c385-cdb4-4487-be19-c3541ab4b602/datanode-5/data/ratis/f2805248-f93c-40f7-9bea-a3765c17c61c does not exist. Creating ...
2019-09-24 02:24:34,711 [pool-197-thread-1] INFO  storage.RaftStorageDirectory (RaftStorageDirectory.java:tryLock(328)) - Lock on /workdir/hadoop-ozone/integration-test/target/test-dir/MiniOzoneClusterImpl-69b5c385-cdb4-4487-be19-c3541ab4b602/datanode-5/data/ratis/f2805248-f93c-40f7-9bea-a3765c17c61c/in_use.lock acquired by nodename 30927@pr-hdds-2162-tjkd5-3209850126
2019-09-24 02:24:34,711 [pool-207-thread-1] INFO  storage.RaftStorageDirectory (RaftStorageDirectory.java:tryLock(328)) - Lock on /workdir/hadoop-ozone/integration-test/target/test-dir/MiniOzoneClusterImpl-69b5c385-cdb4-4487-be19-c3541ab4b602/datanode-6/data/ratis/f2805248-f93c-40f7-9bea-a3765c17c61c/in_use.lock acquired by nodename 30927@pr-hdds-2162-tjkd5-3209850126
2019-09-24 02:24:34,711 [pool-237-thread-1] INFO  storage.RaftStorageDirectory (RaftStorageDirectory.java:tryLock(328)) - Lock on /workdir/hadoop-ozone/integration-test/target/test-dir/MiniOzoneClusterImpl-69b5c385-cdb4-4487-be19-c3541ab4b602/datanode-9/data/ratis/f2805248-f93c-40f7-9bea-a3765c17c61c/in_use.lock acquired by nodename 30927@pr-hdds-2162-tjkd5-3209850126
2019-09-24 02:24:34,731 [pool-237-thread-1] INFO  storage.RaftStorage (RaftStorage.java:format(72)) - Storage directory /workdir/hadoop-ozone/integration-test/target/test-dir/MiniOzoneClusterImpl-69b5c385-cdb4-4487-be19-c3541ab4b602/datanode-9/data/ratis/f2805248-f93c-40f7-9bea-a3765c17c61c has been successfully formatted.
2019-09-24 02:24:34,731 [pool-197-thread-1] INFO  storage.RaftStorage (RaftStorage.java:format(72)) - Storage directory /workdir/hadoop-ozone/integration-test/target/test-dir/MiniOzoneClusterImpl-69b5c385-cdb4-4487-be19-c3541ab4b602/datanode-5/data/ratis/f2805248-f93c-40f7-9bea-a3765c17c61c has been successfully formatted.
2019-09-24 02:24:34,731 [pool-207-thread-1] INFO  storage.RaftStorage (RaftStorage.java:format(72)) - Storage directory /workdir/hadoop-ozone/integration-test/target/test-dir/MiniOzoneClusterImpl-69b5c385-cdb4-4487-be19-c3541ab4b602/datanode-6/data/ratis/f2805248-f93c-40f7-9bea-a3765c17c61c has been successfully formatted.
2019-09-24 02:24:34,732 [pool-197-thread-1] INFO  ratis.ContainerStateMachine (ContainerStateMachine.java:loadSnapshot(230)) - group-A3765C17C61C: The snapshot info is null. Setting the last applied indexto:(t:0, i:~)
2019-09-24 02:24:34,731 [pool-237-thread-1] INFO  ratis.ContainerStateMachine (ContainerStateMachine.java:loadSnapshot(230)) - group-A3765C17C61C: The snapshot info is null. Setting the last applied indexto:(t:0, i:~)
2019-09-24 02:24:34,732 [pool-197-thread-1] INFO  server.RaftServerConfigKeys (ConfUtils.java:logGet(43)) - raft.server.notification.no-leader.timeout = 120s (custom)
2019-09-24 02:24:34,732 [pool-207-thread-1] INFO  ratis.ContainerStateMachine (ContainerStateMachine.java:loadSnapshot(230)) - group-A3765C17C61C: The snapshot info is null. Setting the last applied indexto:(t:0, i:~)
2019-09-24 02:24:34,732 [pool-197-thread-1] INFO  server.RaftServerConfigKeys (ConfUtils.java:logGet(43)) - raft.server.log.use.memory = false (default)
2019-09-24 02:24:34,732 [pool-237-thread-1] INFO  server.RaftServerConfigKeys (ConfUtils.java:logGet(43)) - raft.server.notification.no-leader.timeout = 120s (custom)
2019-09-24 02:24:34,732 [pool-197-thread-1] INFO  server.RaftServerConfigKeys (ConfUtils.java:logGet(43)) - raft.server.log.purge.gap = 1000000 (custom)
2019-09-24 02:24:34,732 [pool-207-thread-1] INFO  server.RaftServerConfigKeys (ConfUtils.java:logGet(43)) - raft.server.notification.no-leader.timeout = 120s (custom)
2019-09-24 02:24:34,733 [pool-197-thread-1] INFO  server.RaftServerConfigKeys (ConfUtils.java:logGet(43)) - raft.server.log.appender.buffer.byte-limit = 33554432 (custom)
2019-09-24 02:24:34,732 [pool-237-thread-1] INFO  server.RaftServerConfigKeys (ConfUtils.java:logGet(43)) - raft.server.log.use.memory = false (default)
2019-09-24 02:24:34,733 [pool-197-thread-1] INFO  server.RaftServerConfigKeys (ConfUtils.java:logGet(43)) - raft.server.log.segment.size.max = 1048576 (custom)
2019-09-24 02:24:34,733 [pool-237-thread-1] INFO  server.RaftServerConfigKeys (ConfUtils.java:logGet(43)) - raft.server.log.purge.gap = 1000000 (custom)
2019-09-24 02:24:34,733 [pool-207-thread-1] INFO  server.RaftServerConfigKeys (ConfUtils.java:logGet(43)) - raft.server.log.use.memory = false (default)
2019-09-24 02:24:34,733 [pool-237-thread-1] INFO  server.RaftServerConfigKeys (ConfUtils.java:logGet(43)) - raft.server.log.appender.buffer.byte-limit = 33554432 (custom)
2019-09-24 02:24:34,733 [pool-197-thread-1] INFO  server.RaftServerConfigKeys (ConfUtils.java:logGet(43)) - raft.server.log.segment.cache.num.max = 2 (custom)
2019-09-24 02:24:34,733 [pool-237-thread-1] INFO  server.RaftServerConfigKeys (ConfUtils.java:logGet(43)) - raft.server.log.segment.size.max = 1048576 (custom)
2019-09-24 02:24:34,733 [pool-207-thread-1] INFO  server.RaftServerConfigKeys (ConfUtils.java:logGet(43)) - raft.server.log.purge.gap = 1000000 (custom)
2019-09-24 02:24:34,734 [pool-237-thread-1] INFO  server.RaftServerConfigKeys (ConfUtils.java:logGet(43)) - raft.server.log.segment.cache.num.max = 2 (custom)
2019-09-24 02:24:34,733 [pool-197-thread-1] INFO  segmented.SegmentedRaftLogWorker (SegmentedRaftLogWorker.java:<init>(172)) - new b7adfa38-f86a-4f02-b078-d72f77d0455e@group-A3765C17C61C-SegmentedRaftLogWorker for RaftStorage:Storage Directory /workdir/hadoop-ozone/integration-test/target/test-dir/MiniOzoneClusterImpl-69b5c385-cdb4-4487-be19-c3541ab4b602/datanode-5/data/ratis/f2805248-f93c-40f7-9bea-a3765c17c61c
2019-09-24 02:24:34,734 [pool-237-thread-1] INFO  segmented.SegmentedRaftLogWorker (SegmentedRaftLogWorker.java:<init>(172)) - new a2acb7c4-7563-4fb4-bd8c-c1e015953028@group-A3765C17C61C-SegmentedRaftLogWorker for RaftStorage:Storage Directory /workdir/hadoop-ozone/integration-test/target/test-dir/MiniOzoneClusterImpl-69b5c385-cdb4-4487-be19-c3541ab4b602/datanode-9/data/ratis/f2805248-f93c-40f7-9bea-a3765c17c61c
2019-09-24 02:24:34,734 [pool-207-thread-1] INFO  server.RaftServerConfigKeys (ConfUtils.java:logGet(43)) - raft.server.log.appender.buffer.byte-limit = 33554432 (custom)
2019-09-24 02:24:34,734 [pool-197-thread-1] INFO  server.RaftServerConfigKeys (ConfUtils.java:logGet(43)) - raft.server.log.queue.byte-limit = 2147483647 (custom)
2019-09-24 02:24:34,734 [pool-207-thread-1] INFO  server.RaftServerConfigKeys (ConfUtils.java:logGet(43)) - raft.server.log.segment.size.max = 1048576 (custom)
2019-09-24 02:24:34,734 [pool-197-thread-1] INFO  server.RaftServerConfigKeys (ConfUtils.java:logGet(43)) - raft.server.log.queue.element-limit = 1024 (custom)
2019-09-24 02:24:34,734 [pool-207-thread-1] INFO  server.RaftServerConfigKeys (ConfUtils.java:logGet(43)) - raft.server.log.segment.cache.num.max = 2 (custom)
2019-09-24 02:24:34,735 [pool-197-thread-1] INFO  server.RaftServerConfigKeys (ConfUtils.java:logGet(43)) - raft.server.log.segment.size.max = 1048576 (custom)
2019-09-24 02:24:34,735 [pool-207-thread-1] INFO  segmented.SegmentedRaftLogWorker (SegmentedRaftLogWorker.java:<init>(172)) - new 0dad0ba7-2de7-4c7e-bbfc-c35c9aa94a76@group-A3765C17C61C-SegmentedRaftLogWorker for RaftStorage:Storage Directory /workdir/hadoop-ozone/integration-test/target/test-dir/MiniOzoneClusterImpl-69b5c385-cdb4-4487-be19-c3541ab4b602/datanode-6/data/ratis/f2805248-f93c-40f7-9bea-a3765c17c61c
2019-09-24 02:24:34,735 [pool-197-thread-1] INFO  server.RaftServerConfigKeys (ConfUtils.java:logGet(43)) - raft.server.log.preallocated.size = 16384 (custom)
2019-09-24 02:24:34,735 [pool-207-thread-1] INFO  server.RaftServerConfigKeys (ConfUtils.java:logGet(43)) - raft.server.log.queue.byte-limit = 2147483647 (custom)
2019-09-24 02:24:34,735 [pool-197-thread-1] INFO  server.RaftServerConfigKeys (ConfUtils.java:logGet(43)) - raft.server.log.write.buffer.size = 33554432 (custom)
2019-09-24 02:24:34,735 [pool-207-thread-1] INFO  server.RaftServerConfigKeys (ConfUtils.java:logGet(43)) - raft.server.log.queue.element-limit = 1024 (custom)
2019-09-24 02:24:34,735 [pool-197-thread-1] INFO  server.RaftServerConfigKeys (ConfUtils.java:logGet(43)) - raft.server.log.force.sync.num = 128 (default)
2019-09-24 02:24:34,735 [pool-207-thread-1] INFO  server.RaftServerConfigKeys (ConfUtils.java:logGet(43)) - raft.server.log.segment.size.max = 1048576 (custom)
2019-09-24 02:24:34,736 [pool-197-thread-1] INFO  server.RaftServerConfigKeys (ConfUtils.java:logGet(43)) - raft.server.log.statemachine.data.sync = true (default)
2019-09-24 02:24:34,736 [pool-207-thread-1] INFO  server.RaftServerConfigKeys (ConfUtils.java:logGet(43)) - raft.server.log.preallocated.size = 16384 (custom)
2019-09-24 02:24:34,736 [pool-197-thread-1] INFO  server.RaftServerConfigKeys (ConfUtils.java:logGet(43)) - raft.server.log.statemachine.data.sync.timeout = 10s (default)
2019-09-24 02:24:34,736 [pool-207-thread-1] INFO  server.RaftServerConfigKeys (ConfUtils.java:logGet(43)) - raft.server.log.write.buffer.size = 33554432 (custom)
2019-09-24 02:24:34,736 [pool-197-thread-1] INFO  server.RaftServerConfigKeys (ConfUtils.java:logGet(43)) - raft.server.log.statemachine.data.sync.timeout.retry = -1 (default)
2019-09-24 02:24:34,736 [pool-207-thread-1] INFO  server.RaftServerConfigKeys (ConfUtils.java:logGet(43)) - raft.server.log.force.sync.num = 128 (default)
2019-09-24 02:24:34,736 [pool-197-thread-1] INFO  server.RaftServerConfigKeys (ConfUtils.java:logGet(43)) - raft.server.log.statemachine.data.caching.enabled = true (custom)
2019-09-24 02:24:34,737 [pool-207-thread-1] INFO  server.RaftServerConfigKeys (ConfUtils.java:logGet(43)) - raft.server.log.statemachine.data.sync = true (default)
2019-09-24 02:24:34,737 [pool-237-thread-1] INFO  server.RaftServerConfigKeys (ConfUtils.java:logGet(43)) - raft.server.log.queue.byte-limit = 2147483647 (custom)
2019-09-24 02:24:34,737 [pool-197-thread-1] INFO  segmented.SegmentedRaftLogWorker (SegmentedRaftLogWorker.java:lambda$new$0(132)) - b7adfa38-f86a-4f02-b078-d72f77d0455e@group-A3765C17C61C-SegmentedRaftLogWorker: flushIndex: setUnconditionally 0 -> -1
2019-09-24 02:24:34,737 [pool-207-thread-1] INFO  server.RaftServerConfigKeys (ConfUtils.java:logGet(43)) - raft.server.log.statemachine.data.sync.timeout = 10s (default)
2019-09-24 02:24:34,737 [pool-237-thread-1] INFO  server.RaftServerConfigKeys (ConfUtils.java:logGet(43)) - raft.server.log.queue.element-limit = 1024 (custom)
2019-09-24 02:24:34,737 [pool-197-thread-1] INFO  server.RaftServerConfigKeys (ConfUtils.java:logGet(43)) - raft.server.snapshot.auto.trigger.enabled = true (custom)
2019-09-24 02:24:34,737 [pool-207-thread-1] INFO  server.RaftServerConfigKeys (ConfUtils.java:logGet(43)) - raft.server.log.statemachine.data.sync.timeout.retry = -1 (default)
2019-09-24 02:24:34,737 [pool-197-thread-1] INFO  server.RaftServerConfigKeys (ConfUtils.java:logGet(43)) - raft.server.snapshot.auto.trigger.threshold = 10000 (custom)
2019-09-24 02:24:34,737 [pool-237-thread-1] INFO  server.RaftServerConfigKeys (ConfUtils.java:logGet(43)) - raft.server.log.segment.size.max = 1048576 (custom)
2019-09-24 02:24:34,738 [pool-197-thread-1] INFO  server.RaftServerConfigKeys (ConfUtils.java:logGet(43)) - raft.server.snapshot.retention.num.files = 5 (custom)
2019-09-24 02:24:34,738 [pool-207-thread-1] INFO  server.RaftServerConfigKeys (ConfUtils.java:logGet(43)) - raft.server.log.statemachine.data.caching.enabled = true (custom)
2019-09-24 02:24:34,738 [pool-197-thread-1] INFO  server.RaftServerConfigKeys (ConfUtils.java:logGet(43)) - raft.server.retrycache.expirytime = 600000ms (custom)
2019-09-24 02:24:34,738 [pool-237-thread-1] INFO  server.RaftServerConfigKeys (ConfUtils.java:logGet(43)) - raft.server.log.preallocated.size = 16384 (custom)
2019-09-24 02:24:34,738 [pool-237-thread-1] INFO  server.RaftServerConfigKeys (ConfUtils.java:logGet(43)) - raft.server.log.write.buffer.size = 33554432 (custom)
2019-09-24 02:24:34,738 [pool-237-thread-1] INFO  server.RaftServerConfigKeys (ConfUtils.java:logGet(43)) - raft.server.log.force.sync.num = 128 (default)
2019-09-24 02:24:34,738 [pool-237-thread-1] INFO  server.RaftServerConfigKeys (ConfUtils.java:logGet(43)) - raft.server.log.statemachine.data.sync = true (default)
2019-09-24 02:24:34,739 [pool-237-thread-1] INFO  server.RaftServerConfigKeys (ConfUtils.java:logGet(43)) - raft.server.log.statemachine.data.sync.timeout = 10s (default)
2019-09-24 02:24:34,739 [pool-237-thread-1] INFO  server.RaftServerConfigKeys (ConfUtils.java:logGet(43)) - raft.server.log.statemachine.data.sync.timeout.retry = -1 (default)
2019-09-24 02:24:34,739 [pool-207-thread-1] INFO  segmented.SegmentedRaftLogWorker (SegmentedRaftLogWorker.java:lambda$new$0(132)) - 0dad0ba7-2de7-4c7e-bbfc-c35c9aa94a76@group-A3765C17C61C-SegmentedRaftLogWorker: flushIndex: setUnconditionally 0 -> -1
2019-09-24 02:24:34,739 [pool-237-thread-1] INFO  server.RaftServerConfigKeys (ConfUtils.java:logGet(43)) - raft.server.log.statemachine.data.caching.enabled = true (custom)
2019-09-24 02:24:34,739 [pool-207-thread-1] INFO  server.RaftServerConfigKeys (ConfUtils.java:logGet(43)) - raft.server.snapshot.auto.trigger.enabled = true (custom)
2019-09-24 02:24:34,739 [pool-207-thread-1] INFO  server.RaftServerConfigKeys (ConfUtils.java:logGet(43)) - raft.server.snapshot.auto.trigger.threshold = 10000 (custom)
2019-09-24 02:24:34,739 [pool-237-thread-1] INFO  segmented.SegmentedRaftLogWorker (SegmentedRaftLogWorker.java:lambda$new$0(132)) - a2acb7c4-7563-4fb4-bd8c-c1e015953028@group-A3765C17C61C-SegmentedRaftLogWorker: flushIndex: setUnconditionally 0 -> -1
2019-09-24 02:24:34,739 [pool-207-thread-1] INFO  server.RaftServerConfigKeys (ConfUtils.java:logGet(43)) - raft.server.snapshot.retention.num.files = 5 (custom)
2019-09-24 02:24:34,740 [pool-237-thread-1] INFO  server.RaftServerConfigKeys (ConfUtils.java:logGet(43)) - raft.server.snapshot.auto.trigger.enabled = true (custom)
2019-09-24 02:24:34,740 [pool-207-thread-1] INFO  server.RaftServerConfigKeys (ConfUtils.java:logGet(43)) - raft.server.retrycache.expirytime = 600000ms (custom)
2019-09-24 02:24:34,740 [pool-237-thread-1] INFO  server.RaftServerConfigKeys (ConfUtils.java:logGet(43)) - raft.server.snapshot.auto.trigger.threshold = 10000 (custom)
2019-09-24 02:24:34,740 [pool-237-thread-1] INFO  server.RaftServerConfigKeys (ConfUtils.java:logGet(43)) - raft.server.snapshot.retention.num.files = 5 (custom)
2019-09-24 02:24:34,740 [pool-237-thread-1] INFO  server.RaftServerConfigKeys (ConfUtils.java:logGet(43)) - raft.server.retrycache.expirytime = 600000ms (custom)
2019-09-24 02:24:34,741 [pool-197-thread-1] INFO  impl.RaftServerImpl (RaftServerImpl.java:start(185)) - b7adfa38-f86a-4f02-b078-d72f77d0455e@group-A3765C17C61C: start as a follower, conf=-1: [b7adfa38-f86a-4f02-b078-d72f77d0455e:192.168.151.121:40480, 0dad0ba7-2de7-4c7e-bbfc-c35c9aa94a76:192.168.151.121:45601, a2acb7c4-7563-4fb4-bd8c-c1e015953028:192.168.151.121:37667], old=null
2019-09-24 02:24:34,741 [pool-197-thread-1] INFO  impl.RaftServerImpl (RaftServerImpl.java:setRole(174)) - b7adfa38-f86a-4f02-b078-d72f77d0455e@group-A3765C17C61C: changes role from      null to FOLLOWER at term 0 for startAsFollower
2019-09-24 02:24:34,741 [pool-197-thread-1] INFO  impl.RoleInfo (RoleInfo.java:updateAndGet(143)) - b7adfa38-f86a-4f02-b078-d72f77d0455e: start FollowerState
2019-09-24 02:24:34,741 [pool-197-thread-1] INFO  util.JmxRegister (JmxRegister.java:tryRegister(44)) - Successfully registered JMX Bean with object name Ratis:service=RaftServer,group=group-A3765C17C61C,id=b7adfa38-f86a-4f02-b078-d72f77d0455e
2019-09-24 02:24:34,743 [pool-207-thread-1] INFO  impl.RaftServerImpl (RaftServerImpl.java:start(185)) - 0dad0ba7-2de7-4c7e-bbfc-c35c9aa94a76@group-A3765C17C61C: start as a follower, conf=-1: [b7adfa38-f86a-4f02-b078-d72f77d0455e:192.168.151.121:40480, 0dad0ba7-2de7-4c7e-bbfc-c35c9aa94a76:192.168.151.121:45601, a2acb7c4-7563-4fb4-bd8c-c1e015953028:192.168.151.121:37667], old=null
2019-09-24 02:24:34,746 [pool-207-thread-1] INFO  impl.RaftServerImpl (RaftServerImpl.java:setRole(174)) - 0dad0ba7-2de7-4c7e-bbfc-c35c9aa94a76@group-A3765C17C61C: changes role from      null to FOLLOWER at term 0 for startAsFollower
2019-09-24 02:24:34,747 [pool-207-thread-1] INFO  impl.RoleInfo (RoleInfo.java:updateAndGet(143)) - 0dad0ba7-2de7-4c7e-bbfc-c35c9aa94a76: start FollowerState
2019-09-24 02:24:34,747 [pool-237-thread-1] INFO  impl.RaftServerImpl (RaftServerImpl.java:start(185)) - a2acb7c4-7563-4fb4-bd8c-c1e015953028@group-A3765C17C61C: start as a follower, conf=-1: [b7adfa38-f86a-4f02-b078-d72f77d0455e:192.168.151.121:40480, 0dad0ba7-2de7-4c7e-bbfc-c35c9aa94a76:192.168.151.121:45601, a2acb7c4-7563-4fb4-bd8c-c1e015953028:192.168.151.121:37667], old=null
2019-09-24 02:24:34,747 [pool-237-thread-1] INFO  impl.RaftServerImpl (RaftServerImpl.java:setRole(174)) - a2acb7c4-7563-4fb4-bd8c-c1e015953028@group-A3765C17C61C: changes role from      null to FOLLOWER at term 0 for startAsFollower
2019-09-24 02:24:34,747 [pool-207-thread-1] INFO  util.JmxRegister (JmxRegister.java:tryRegister(44)) - Successfully registered JMX Bean with object name Ratis:service=RaftServer,group=group-A3765C17C61C,id=0dad0ba7-2de7-4c7e-bbfc-c35c9aa94a76
2019-09-24 02:24:34,747 [pool-237-thread-1] INFO  impl.RoleInfo (RoleInfo.java:updateAndGet(143)) - a2acb7c4-7563-4fb4-bd8c-c1e015953028: start FollowerState
2019-09-24 02:24:34,748 [pool-237-thread-1] INFO  util.JmxRegister (JmxRegister.java:tryRegister(44)) - Successfully registered JMX Bean with object name Ratis:service=RaftServer,group=group-A3765C17C61C,id=a2acb7c4-7563-4fb4-bd8c-c1e015953028
2019-09-24 02:24:34,765 [RatisPipelineUtilsThread] INFO  pipeline.PipelineStateManager (PipelineStateManager.java:addPipeline(56)) - Created pipeline Pipeline[ Id: f2805248-f93c-40f7-9bea-a3765c17c61c, Nodes: b7adfa38-f86a-4f02-b078-d72f77d0455e{ip: 192.168.151.121, host: pr-hdds-2162-tjkd5-3209850126, networkLocation: /rack1, certSerialId: null}0dad0ba7-2de7-4c7e-bbfc-c35c9aa94a76{ip: 192.168.151.121, host: pr-hdds-2162-tjkd5-3209850126, networkLocation: /rack1, certSerialId: null}a2acb7c4-7563-4fb4-bd8c-c1e015953028{ip: 192.168.151.121, host: pr-hdds-2162-tjkd5-3209850126, networkLocation: /rack1, certSerialId: null}, Type:RATIS, Factor:THREE, State:OPEN]
2019-09-24 02:24:35,155 [Thread-2247] INFO  impl.FollowerState (FollowerState.java:run(106)) - 1d7c29ff-f782-4e4c-a166-2c7d98aa0a2e:group-070373756BC0 changes to CANDIDATE, lastRpcTime:1197, electionTimeout:1197ms
2019-09-24 02:24:35,155 [Thread-2247] INFO  impl.RoleInfo (RoleInfo.java:shutdownFollowerState(121)) - 1d7c29ff-f782-4e4c-a166-2c7d98aa0a2e: shutdown FollowerState
2019-09-24 02:24:35,156 [Thread-2247] INFO  impl.RaftServerImpl (RaftServerImpl.java:setRole(174)) - 1d7c29ff-f782-4e4c-a166-2c7d98aa0a2e@group-070373756BC0: changes role from  FOLLOWER to CANDIDATE at term 0 for changeToCandidate
2019-09-24 02:24:35,156 [Thread-2247] INFO  impl.RoleInfo (RoleInfo.java:updateAndGet(143)) - 1d7c29ff-f782-4e4c-a166-2c7d98aa0a2e: start LeaderElection
2019-09-24 02:24:35,190 [1d7c29ff-f782-4e4c-a166-2c7d98aa0a2e@group-070373756BC0:LeaderElection39] INFO  impl.LeaderElection (LeaderElection.java:askForVotes(182)) - 1d7c29ff-f782-4e4c-a166-2c7d98aa0a2e@group-070373756BC0:LeaderElection39: begin an election at term 1 for -1: [1d7c29ff-f782-4e4c-a166-2c7d98aa0a2e:192.168.151.121:34209], old=null
2019-09-24 02:24:35,200 [1d7c29ff-f782-4e4c-a166-2c7d98aa0a2e@group-070373756BC0:LeaderElection39] INFO  impl.RoleInfo (RoleInfo.java:shutdownLeaderElection(134)) - 1d7c29ff-f782-4e4c-a166-2c7d98aa0a2e: shutdown LeaderElection
2019-09-24 02:24:35,200 [1d7c29ff-f782-4e4c-a166-2c7d98aa0a2e@group-070373756BC0:LeaderElection39] INFO  impl.RaftServerImpl (RaftServerImpl.java:setRole(174)) - 1d7c29ff-f782-4e4c-a166-2c7d98aa0a2e@group-070373756BC0: changes role from CANDIDATE to LEADER at term 1 for changeToLeader
2019-09-24 02:24:35,200 [1d7c29ff-f782-4e4c-a166-2c7d98aa0a2e@group-070373756BC0:LeaderElection39] INFO  impl.RaftServerImpl (ServerState.java:setLeader(253)) - 1d7c29ff-f782-4e4c-a166-2c7d98aa0a2e@group-070373756BC0: change Leader from null to 1d7c29ff-f782-4e4c-a166-2c7d98aa0a2e at term 1 for becomeLeader, leader elected after 1252ms
2019-09-24 02:24:35,200 [1d7c29ff-f782-4e4c-a166-2c7d98aa0a2e@group-070373756BC0:LeaderElection39] INFO  server.RaftServerConfigKeys (ConfUtils.java:logGet(43)) - raft.server.staging.catchup.gap = 1000 (default)
2019-09-24 02:24:35,201 [1d7c29ff-f782-4e4c-a166-2c7d98aa0a2e@group-070373756BC0:LeaderElection39] INFO  server.RaftServerConfigKeys (ConfUtils.java:logGet(43)) - raft.server.rpc.sleep.time = 25ms (default)
2019-09-24 02:24:35,201 [1d7c29ff-f782-4e4c-a166-2c7d98aa0a2e@group-070373756BC0:LeaderElection39] INFO  server.RaftServerConfigKeys (ConfUtils.java:logGet(43)) - raft.server.write.element-limit = 4096 (default)
2019-09-24 02:24:35,201 [1d7c29ff-f782-4e4c-a166-2c7d98aa0a2e@group-070373756BC0:LeaderElection39] INFO  server.RaftServerConfigKeys (ConfUtils.java:logGet(43)) - raft.server.watch.timeout = 10s (default)
2019-09-24 02:24:35,201 [1d7c29ff-f782-4e4c-a166-2c7d98aa0a2e@group-070373756BC0:LeaderElection39] INFO  server.RaftServerConfigKeys (ConfUtils.java:logGet(43)) - raft.server.watch.timeout.denomination = 1s (default)
2019-09-24 02:24:35,201 [1d7c29ff-f782-4e4c-a166-2c7d98aa0a2e@group-070373756BC0:LeaderElection39] INFO  server.RaftServerConfigKeys (ConfUtils.java:logGet(43)) - raft.server.watch.element-limit = 65536 (default)
2019-09-24 02:24:35,203 [Thread-2250] INFO  impl.FollowerState (FollowerState.java:run(106)) - c4751e07-4727-4633-be79-0e5d9146c54d:group-816BAD825024 changes to CANDIDATE, lastRpcTime:1169, electionTimeout:1169ms
2019-09-24 02:24:35,206 [Thread-2250] INFO  impl.RoleInfo (RoleInfo.java:shutdownFollowerState(121)) - c4751e07-4727-4633-be79-0e5d9146c54d: shutdown FollowerState
2019-09-24 02:24:35,206 [Thread-2250] INFO  impl.RaftServerImpl (RaftServerImpl.java:setRole(174)) - c4751e07-4727-4633-be79-0e5d9146c54d@group-816BAD825024: changes role from  FOLLOWER to CANDIDATE at term 0 for changeToCandidate
2019-09-24 02:24:35,207 [1d7c29ff-f782-4e4c-a166-2c7d98aa0a2e@group-070373756BC0:LeaderElection39] INFO  impl.RoleInfo (RoleInfo.java:updateAndGet(143)) - 1d7c29ff-f782-4e4c-a166-2c7d98aa0a2e: start LeaderState
2019-09-24 02:24:35,207 [Thread-2250] INFO  impl.RoleInfo (RoleInfo.java:updateAndGet(143)) - c4751e07-4727-4633-be79-0e5d9146c54d: start LeaderElection
2019-09-24 02:24:35,207 [1d7c29ff-f782-4e4c-a166-2c7d98aa0a2e@group-070373756BC0:LeaderElection39] INFO  segmented.SegmentedRaftLogWorker (SegmentedRaftLogWorker.java:startLogSegment(380)) - 1d7c29ff-f782-4e4c-a166-2c7d98aa0a2e@group-070373756BC0-SegmentedRaftLogWorker: Starting segment from index:0
2019-09-24 02:24:35,213 [1d7c29ff-f782-4e4c-a166-2c7d98aa0a2e@group-070373756BC0:LeaderElection39] INFO  impl.RaftServerImpl (ServerState.java:setRaftConf(354)) - 1d7c29ff-f782-4e4c-a166-2c7d98aa0a2e@group-070373756BC0: set configuration 0: [1d7c29ff-f782-4e4c-a166-2c7d98aa0a2e:192.168.151.121:34209], old=null at 0
2019-09-24 02:24:35,254 [Thread-2260] INFO  impl.FollowerState (FollowerState.java:run(106)) - 1d7c29ff-f782-4e4c-a166-2c7d98aa0a2e:group-BF4A884C52EC changes to CANDIDATE, lastRpcTime:1074, electionTimeout:1074ms
2019-09-24 02:24:35,254 [Thread-2260] INFO  impl.RoleInfo (RoleInfo.java:shutdownFollowerState(121)) - 1d7c29ff-f782-4e4c-a166-2c7d98aa0a2e: shutdown FollowerState
2019-09-24 02:24:35,254 [Thread-2260] INFO  impl.RaftServerImpl (RaftServerImpl.java:setRole(174)) - 1d7c29ff-f782-4e4c-a166-2c7d98aa0a2e@group-BF4A884C52EC: changes role from  FOLLOWER to CANDIDATE at term 0 for changeToCandidate
2019-09-24 02:24:35,255 [Thread-2260] INFO  impl.RoleInfo (RoleInfo.java:updateAndGet(143)) - 1d7c29ff-f782-4e4c-a166-2c7d98aa0a2e: start LeaderElection
2019-09-24 02:24:35,260 [1d7c29ff-f782-4e4c-a166-2c7d98aa0a2e@group-070373756BC0-SegmentedRaftLogWorker] INFO  segmented.SegmentedRaftLogWorker (SegmentedRaftLogWorker.java:execute(569)) - 1d7c29ff-f782-4e4c-a166-2c7d98aa0a2e@group-070373756BC0-SegmentedRaftLogWorker: created new log segment /workdir/hadoop-ozone/integration-test/target/test-dir/MiniOzoneClusterImpl-69b5c385-cdb4-4487-be19-c3541ab4b602/datanode-0/data/ratis/d39462bc-9c5f-45fa-a5cd-070373756bc0/current/log_inprogress_0
2019-09-24 02:24:35,261 [c4751e07-4727-4633-be79-0e5d9146c54d@group-816BAD825024:LeaderElection40] INFO  impl.LeaderElection (LeaderElection.java:askForVotes(182)) - c4751e07-4727-4633-be79-0e5d9146c54d@group-816BAD825024:LeaderElection40: begin an election at term 1 for -1: [c4751e07-4727-4633-be79-0e5d9146c54d:192.168.151.121:37596], old=null
2019-09-24 02:24:35,261 [c4751e07-4727-4633-be79-0e5d9146c54d@group-816BAD825024:LeaderElection40] INFO  impl.RoleInfo (RoleInfo.java:shutdownLeaderElection(134)) - c4751e07-4727-4633-be79-0e5d9146c54d: shutdown LeaderElection
2019-09-24 02:24:35,261 [c4751e07-4727-4633-be79-0e5d9146c54d@group-816BAD825024:LeaderElection40] INFO  impl.RaftServerImpl (RaftServerImpl.java:setRole(174)) - c4751e07-4727-4633-be79-0e5d9146c54d@group-816BAD825024: changes role from CANDIDATE to LEADER at term 1 for changeToLeader
2019-09-24 02:24:35,261 [c4751e07-4727-4633-be79-0e5d9146c54d@group-816BAD825024:LeaderElection40] INFO  impl.RaftServerImpl (ServerState.java:setLeader(253)) - c4751e07-4727-4633-be79-0e5d9146c54d@group-816BAD825024: change Leader from null to c4751e07-4727-4633-be79-0e5d9146c54d at term 1 for becomeLeader, leader elected after 1238ms
2019-09-24 02:24:35,261 [c4751e07-4727-4633-be79-0e5d9146c54d@group-816BAD825024:LeaderElection40] INFO  server.RaftServerConfigKeys (ConfUtils.java:logGet(43)) - raft.server.staging.catchup.gap = 1000 (default)
2019-09-24 02:24:35,261 [c4751e07-4727-4633-be79-0e5d9146c54d@group-816BAD825024:LeaderElection40] INFO  server.RaftServerConfigKeys (ConfUtils.java:logGet(43)) - raft.server.rpc.sleep.time = 25ms (default)
2019-09-24 02:24:35,261 [c4751e07-4727-4633-be79-0e5d9146c54d@group-816BAD825024:LeaderElection40] INFO  server.RaftServerConfigKeys (ConfUtils.java:logGet(43)) - raft.server.write.element-limit = 4096 (default)
2019-09-24 02:24:35,262 [c4751e07-4727-4633-be79-0e5d9146c54d@group-816BAD825024:LeaderElection40] INFO  server.RaftServerConfigKeys (ConfUtils.java:logGet(43)) - raft.server.watch.timeout = 10s (default)
2019-09-24 02:24:35,262 [c4751e07-4727-4633-be79-0e5d9146c54d@group-816BAD825024:LeaderElection40] INFO  server.RaftServerConfigKeys (ConfUtils.java:logGet(43)) - raft.server.watch.timeout.denomination = 1s (default)
2019-09-24 02:24:35,262 [c4751e07-4727-4633-be79-0e5d9146c54d@group-816BAD825024:LeaderElection40] INFO  server.RaftServerConfigKeys (ConfUtils.java:logGet(43)) - raft.server.watch.element-limit = 65536 (default)
2019-09-24 02:24:35,263 [Thread-2256] INFO  impl.FollowerState (FollowerState.java:run(106)) - c4751e07-4727-4633-be79-0e5d9146c54d:group-BF4A884C52EC changes to CANDIDATE, lastRpcTime:1092, electionTimeout:1092ms
2019-09-24 02:24:35,263 [1d7c29ff-f782-4e4c-a166-2c7d98aa0a2e@group-BF4A884C52EC:LeaderElection41] INFO  impl.LeaderElection (LeaderElection.java:askForVotes(182)) - 1d7c29ff-f782-4e4c-a166-2c7d98aa0a2e@group-BF4A884C52EC:LeaderElection41: begin an election at term 1 for -1: [c4751e07-4727-4633-be79-0e5d9146c54d:192.168.151.121:37596, 1d7c29ff-f782-4e4c-a166-2c7d98aa0a2e:192.168.151.121:34209, 976b4ad9-2763-4348-94fe-da9eb86c31c0:192.168.151.121:36117], old=null
2019-09-24 02:24:35,263 [Thread-2256] INFO  impl.RoleInfo (RoleInfo.java:shutdownFollowerState(121)) - c4751e07-4727-4633-be79-0e5d9146c54d: shutdown FollowerState
2019-09-24 02:24:35,263 [Thread-2256] INFO  impl.RaftServerImpl (RaftServerImpl.java:setRole(174)) - c4751e07-4727-4633-be79-0e5d9146c54d@group-BF4A884C52EC: changes role from  FOLLOWER to CANDIDATE at term 0 for changeToCandidate
2019-09-24 02:24:35,264 [Thread-2256] INFO  impl.RoleInfo (RoleInfo.java:updateAndGet(143)) - c4751e07-4727-4633-be79-0e5d9146c54d: start LeaderElection
2019-09-24 02:24:35,267 [c4751e07-4727-4633-be79-0e5d9146c54d@group-816BAD825024:LeaderElection40] INFO  impl.RoleInfo (RoleInfo.java:updateAndGet(143)) - c4751e07-4727-4633-be79-0e5d9146c54d: start LeaderState
2019-09-24 02:24:35,267 [c4751e07-4727-4633-be79-0e5d9146c54d@group-816BAD825024:LeaderElection40] INFO  segmented.SegmentedRaftLogWorker (SegmentedRaftLogWorker.java:startLogSegment(380)) - c4751e07-4727-4633-be79-0e5d9146c54d@group-816BAD825024-SegmentedRaftLogWorker: Starting segment from index:0
2019-09-24 02:24:35,268 [c4751e07-4727-4633-be79-0e5d9146c54d@group-816BAD825024:LeaderElection40] INFO  impl.RaftServerImpl (ServerState.java:setRaftConf(354)) - c4751e07-4727-4633-be79-0e5d9146c54d@group-816BAD825024: set configuration 0: [c4751e07-4727-4633-be79-0e5d9146c54d:192.168.151.121:37596], old=null at 0
2019-09-24 02:24:35,302 [Thread-2265] INFO  impl.FollowerState (FollowerState.java:run(106)) - d93e0f2d-aaab-42ca-acd5-b884b7a50f26:group-8E24B18B089F changes to CANDIDATE, lastRpcTime:1037, electionTimeout:1022ms
2019-09-24 02:24:35,302 [Thread-2253] INFO  impl.FollowerState (FollowerState.java:run(106)) - 976b4ad9-2763-4348-94fe-da9eb86c31c0:group-392E604BB72C changes to CANDIDATE, lastRpcTime:1197, electionTimeout:1167ms
2019-09-24 02:24:35,302 [c4751e07-4727-4633-be79-0e5d9146c54d@group-BF4A884C52EC:LeaderElection42] INFO  impl.LeaderElection (LeaderElection.java:askForVotes(182)) - c4751e07-4727-4633-be79-0e5d9146c54d@group-BF4A884C52EC:LeaderElection42: begin an election at term 1 for -1: [c4751e07-4727-4633-be79-0e5d9146c54d:192.168.151.121:37596, 1d7c29ff-f782-4e4c-a166-2c7d98aa0a2e:192.168.151.121:34209, 976b4ad9-2763-4348-94fe-da9eb86c31c0:192.168.151.121:36117], old=null
2019-09-24 02:24:35,302 [Thread-2265] INFO  impl.RoleInfo (RoleInfo.java:shutdownFollowerState(121)) - d93e0f2d-aaab-42ca-acd5-b884b7a50f26: shutdown FollowerState
2019-09-24 02:24:35,302 [Thread-2253] INFO  impl.RoleInfo (RoleInfo.java:shutdownFollowerState(121)) - 976b4ad9-2763-4348-94fe-da9eb86c31c0: shutdown FollowerState
2019-09-24 02:24:35,302 [Thread-2265] INFO  impl.RaftServerImpl (RaftServerImpl.java:setRole(174)) - d93e0f2d-aaab-42ca-acd5-b884b7a50f26@group-8E24B18B089F: changes role from  FOLLOWER to CANDIDATE at term 0 for changeToCandidate
2019-09-24 02:24:35,302 [Thread-2253] INFO  impl.RaftServerImpl (RaftServerImpl.java:setRole(174)) - 976b4ad9-2763-4348-94fe-da9eb86c31c0@group-392E604BB72C: changes role from  FOLLOWER to CANDIDATE at term 0 for changeToCandidate
2019-09-24 02:24:35,303 [Thread-2265] INFO  impl.RoleInfo (RoleInfo.java:updateAndGet(143)) - d93e0f2d-aaab-42ca-acd5-b884b7a50f26: start LeaderElection
2019-09-24 02:24:35,303 [Thread-2253] INFO  impl.RoleInfo (RoleInfo.java:updateAndGet(143)) - 976b4ad9-2763-4348-94fe-da9eb86c31c0: start LeaderElection
2019-09-24 02:24:35,311 [Thread-2261] INFO  impl.FollowerState (FollowerState.java:run(106)) - 976b4ad9-2763-4348-94fe-da9eb86c31c0:group-BF4A884C52EC changes to CANDIDATE, lastRpcTime:1131, electionTimeout:1123ms
2019-09-24 02:24:35,312 [Thread-2261] INFO  impl.RoleInfo (RoleInfo.java:shutdownFollowerState(121)) - 976b4ad9-2763-4348-94fe-da9eb86c31c0: shutdown FollowerState
2019-09-24 02:24:35,312 [Thread-2261] INFO  impl.RaftServerImpl (RaftServerImpl.java:setRole(174)) - 976b4ad9-2763-4348-94fe-da9eb86c31c0@group-BF4A884C52EC: changes role from  FOLLOWER to CANDIDATE at term 0 for changeToCandidate
2019-09-24 02:24:35,312 [Thread-2261] INFO  impl.RoleInfo (RoleInfo.java:updateAndGet(143)) - 976b4ad9-2763-4348-94fe-da9eb86c31c0: start LeaderElection
2019-09-24 02:24:35,315 [c4751e07-4727-4633-be79-0e5d9146c54d@group-816BAD825024-SegmentedRaftLogWorker] INFO  segmented.SegmentedRaftLogWorker (SegmentedRaftLogWorker.java:execute(569)) - c4751e07-4727-4633-be79-0e5d9146c54d@group-816BAD825024-SegmentedRaftLogWorker: created new log segment /workdir/hadoop-ozone/integration-test/target/test-dir/MiniOzoneClusterImpl-69b5c385-cdb4-4487-be19-c3541ab4b602/datanode-1/data/ratis/cf16bf22-a5bf-4a3f-a58d-816bad825024/current/log_inprogress_0
2019-09-24 02:24:35,318 [d93e0f2d-aaab-42ca-acd5-b884b7a50f26@group-8E24B18B089F:LeaderElection43] INFO  impl.LeaderElection (LeaderElection.java:askForVotes(182)) - d93e0f2d-aaab-42ca-acd5-b884b7a50f26@group-8E24B18B089F:LeaderElection43: begin an election at term 1 for -1: [d93e0f2d-aaab-42ca-acd5-b884b7a50f26:192.168.151.121:41155], old=null
2019-09-24 02:24:35,318 [976b4ad9-2763-4348-94fe-da9eb86c31c0@group-392E604BB72C:LeaderElection44] INFO  impl.LeaderElection (LeaderElection.java:askForVotes(182)) - 976b4ad9-2763-4348-94fe-da9eb86c31c0@group-392E604BB72C:LeaderElection44: begin an election at term 1 for -1: [976b4ad9-2763-4348-94fe-da9eb86c31c0:192.168.151.121:36117], old=null
2019-09-24 02:24:35,318 [d93e0f2d-aaab-42ca-acd5-b884b7a50f26@group-8E24B18B089F:LeaderElection43] INFO  impl.RoleInfo (RoleInfo.java:shutdownLeaderElection(134)) - d93e0f2d-aaab-42ca-acd5-b884b7a50f26: shutdown LeaderElection
2019-09-24 02:24:35,318 [976b4ad9-2763-4348-94fe-da9eb86c31c0@group-392E604BB72C:LeaderElection44] INFO  impl.RoleInfo (RoleInfo.java:shutdownLeaderElection(134)) - 976b4ad9-2763-4348-94fe-da9eb86c31c0: shutdown LeaderElection
2019-09-24 02:24:35,321 [d93e0f2d-aaab-42ca-acd5-b884b7a50f26@group-8E24B18B089F:LeaderElection43] INFO  impl.RaftServerImpl (RaftServerImpl.java:setRole(174)) - d93e0f2d-aaab-42ca-acd5-b884b7a50f26@group-8E24B18B089F: changes role from CANDIDATE to LEADER at term 1 for changeToLeader
2019-09-24 02:24:35,321 [976b4ad9-2763-4348-94fe-da9eb86c31c0@group-392E604BB72C:LeaderElection44] INFO  impl.RaftServerImpl (RaftServerImpl.java:setRole(174)) - 976b4ad9-2763-4348-94fe-da9eb86c31c0@group-392E604BB72C: changes role from CANDIDATE to LEADER at term 1 for changeToLeader
2019-09-24 02:24:35,321 [d93e0f2d-aaab-42ca-acd5-b884b7a50f26@group-8E24B18B089F:LeaderElection43] INFO  impl.RaftServerImpl (ServerState.java:setLeader(253)) - d93e0f2d-aaab-42ca-acd5-b884b7a50f26@group-8E24B18B089F: change Leader from null to d93e0f2d-aaab-42ca-acd5-b884b7a50f26 at term 1 for becomeLeader, leader elected after 1070ms
2019-09-24 02:24:35,321 [976b4ad9-2763-4348-94fe-da9eb86c31c0@group-392E604BB72C:LeaderElection44] INFO  impl.RaftServerImpl (ServerState.java:setLeader(253)) - 976b4ad9-2763-4348-94fe-da9eb86c31c0@group-392E604BB72C: change Leader from null to 976b4ad9-2763-4348-94fe-da9eb86c31c0 at term 1 for becomeLeader, leader elected after 1226ms
2019-09-24 02:24:35,322 [976b4ad9-2763-4348-94fe-da9eb86c31c0@group-392E604BB72C:LeaderElection44] INFO  server.RaftServerConfigKeys (ConfUtils.java:logGet(43)) - raft.server.staging.catchup.gap = 1000 (default)
2019-09-24 02:24:35,322 [d93e0f2d-aaab-42ca-acd5-b884b7a50f26@group-8E24B18B089F:LeaderElection43] INFO  server.RaftServerConfigKeys (ConfUtils.java:logGet(43)) - raft.server.staging.catchup.gap = 1000 (default)
2019-09-24 02:24:35,322 [976b4ad9-2763-4348-94fe-da9eb86c31c0@group-392E604BB72C:LeaderElection44] INFO  server.RaftServerConfigKeys (ConfUtils.java:logGet(43)) - raft.server.rpc.sleep.time = 25ms (default)
2019-09-24 02:24:35,325 [d93e0f2d-aaab-42ca-acd5-b884b7a50f26@group-8E24B18B089F:LeaderElection43] INFO  server.RaftServerConfigKeys (ConfUtils.java:logGet(43)) - raft.server.rpc.sleep.time = 25ms (default)
2019-09-24 02:24:35,325 [976b4ad9-2763-4348-94fe-da9eb86c31c0@group-392E604BB72C:LeaderElection44] INFO  server.RaftServerConfigKeys (ConfUtils.java:logGet(43)) - raft.server.write.element-limit = 4096 (default)
2019-09-24 02:24:35,325 [d93e0f2d-aaab-42ca-acd5-b884b7a50f26@group-8E24B18B089F:LeaderElection43] INFO  server.RaftServerConfigKeys (ConfUtils.java:logGet(43)) - raft.server.write.element-limit = 4096 (default)
2019-09-24 02:24:35,325 [976b4ad9-2763-4348-94fe-da9eb86c31c0@group-392E604BB72C:LeaderElection44] INFO  server.RaftServerConfigKeys (ConfUtils.java:logGet(43)) - raft.server.watch.timeout = 10s (default)
2019-09-24 02:24:35,325 [d93e0f2d-aaab-42ca-acd5-b884b7a50f26@group-8E24B18B089F:LeaderElection43] INFO  server.RaftServerConfigKeys (ConfUtils.java:logGet(43)) - raft.server.watch.timeout = 10s (default)
2019-09-24 02:24:35,325 [976b4ad9-2763-4348-94fe-da9eb86c31c0@group-392E604BB72C:LeaderElection44] INFO  server.RaftServerConfigKeys (ConfUtils.java:logGet(43)) - raft.server.watch.timeout.denomination = 1s (default)
2019-09-24 02:24:35,325 [d93e0f2d-aaab-42ca-acd5-b884b7a50f26@group-8E24B18B089F:LeaderElection43] INFO  server.RaftServerConfigKeys (ConfUtils.java:logGet(43)) - raft.server.watch.timeout.denomination = 1s (default)
2019-09-24 02:24:35,326 [976b4ad9-2763-4348-94fe-da9eb86c31c0@group-392E604BB72C:LeaderElection44] INFO  server.RaftServerConfigKeys (ConfUtils.java:logGet(43)) - raft.server.watch.element-limit = 65536 (default)
2019-09-24 02:24:35,328 [d93e0f2d-aaab-42ca-acd5-b884b7a50f26@group-8E24B18B089F:LeaderElection43] INFO  server.RaftServerConfigKeys (ConfUtils.java:logGet(43)) - raft.server.watch.element-limit = 65536 (default)
2019-09-24 02:24:35,331 [976b4ad9-2763-4348-94fe-da9eb86c31c0@group-BF4A884C52EC:LeaderElection45] INFO  impl.LeaderElection (LeaderElection.java:askForVotes(182)) - 976b4ad9-2763-4348-94fe-da9eb86c31c0@group-BF4A884C52EC:LeaderElection45: begin an election at term 1 for -1: [c4751e07-4727-4633-be79-0e5d9146c54d:192.168.151.121:37596, 1d7c29ff-f782-4e4c-a166-2c7d98aa0a2e:192.168.151.121:34209, 976b4ad9-2763-4348-94fe-da9eb86c31c0:192.168.151.121:36117], old=null
2019-09-24 02:24:35,338 [c4751e07-4727-4633-be79-0e5d9146c54d@group-BF4A884C52EC:LeaderElection42] INFO  impl.LeaderElection (LeaderElection.java:logAndReturn(56)) - c4751e07-4727-4633-be79-0e5d9146c54d@group-BF4A884C52EC:LeaderElection42: Election REJECTED; received 2 response(s) [c4751e07-4727-4633-be79-0e5d9146c54d<-1d7c29ff-f782-4e4c-a166-2c7d98aa0a2e#0:FAIL-t1, c4751e07-4727-4633-be79-0e5d9146c54d<-976b4ad9-2763-4348-94fe-da9eb86c31c0#0:FAIL-t1] and 0 exception(s); c4751e07-4727-4633-be79-0e5d9146c54d@group-BF4A884C52EC:t1, leader=null, voted=c4751e07-4727-4633-be79-0e5d9146c54d, raftlog=c4751e07-4727-4633-be79-0e5d9146c54d@group-BF4A884C52EC-SegmentedRaftLog:OPENED:c-1,f-1,i0, conf=-1: [c4751e07-4727-4633-be79-0e5d9146c54d:192.168.151.121:37596, 1d7c29ff-f782-4e4c-a166-2c7d98aa0a2e:192.168.151.121:34209, 976b4ad9-2763-4348-94fe-da9eb86c31c0:192.168.151.121:36117], old=null
2019-09-24 02:24:35,338 [c4751e07-4727-4633-be79-0e5d9146c54d@group-BF4A884C52EC:LeaderElection42] INFO  impl.RaftServerImpl (RaftServerImpl.java:setRole(174)) - c4751e07-4727-4633-be79-0e5d9146c54d@group-BF4A884C52EC: changes role from CANDIDATE to FOLLOWER at term 1 for DISCOVERED_A_NEW_TERM
2019-09-24 02:24:35,339 [c4751e07-4727-4633-be79-0e5d9146c54d@group-BF4A884C52EC:LeaderElection42] INFO  impl.RoleInfo (RoleInfo.java:shutdownLeaderElection(134)) - c4751e07-4727-4633-be79-0e5d9146c54d: shutdown LeaderElection
2019-09-24 02:24:35,339 [c4751e07-4727-4633-be79-0e5d9146c54d@group-BF4A884C52EC:LeaderElection42] INFO  impl.RoleInfo (RoleInfo.java:updateAndGet(143)) - c4751e07-4727-4633-be79-0e5d9146c54d: start FollowerState
2019-09-24 02:24:35,339 [1d7c29ff-f782-4e4c-a166-2c7d98aa0a2e@group-BF4A884C52EC:LeaderElection41] INFO  impl.LeaderElection (LeaderElection.java:logAndReturn(56)) - 1d7c29ff-f782-4e4c-a166-2c7d98aa0a2e@group-BF4A884C52EC:LeaderElection41: Election REJECTED; received 2 response(s) [1d7c29ff-f782-4e4c-a166-2c7d98aa0a2e<-c4751e07-4727-4633-be79-0e5d9146c54d#0:FAIL-t1, 1d7c29ff-f782-4e4c-a166-2c7d98aa0a2e<-976b4ad9-2763-4348-94fe-da9eb86c31c0#0:FAIL-t1] and 0 exception(s); 1d7c29ff-f782-4e4c-a166-2c7d98aa0a2e@group-BF4A884C52EC:t1, leader=null, voted=1d7c29ff-f782-4e4c-a166-2c7d98aa0a2e, raftlog=1d7c29ff-f782-4e4c-a166-2c7d98aa0a2e@group-BF4A884C52EC-SegmentedRaftLog:OPENED:c-1,f-1,i0, conf=-1: [c4751e07-4727-4633-be79-0e5d9146c54d:192.168.151.121:37596, 1d7c29ff-f782-4e4c-a166-2c7d98aa0a2e:192.168.151.121:34209, 976b4ad9-2763-4348-94fe-da9eb86c31c0:192.168.151.121:36117], old=null
2019-09-24 02:24:35,341 [Thread-2268] INFO  impl.FollowerState (FollowerState.java:run(106)) - 7bca38f8-b0d1-4401-8113-ee118fd16170:group-D0505636003F changes to CANDIDATE, lastRpcTime:1001, electionTimeout:1000ms
2019-09-24 02:24:35,341 [1d7c29ff-f782-4e4c-a166-2c7d98aa0a2e@group-BF4A884C52EC:LeaderElection41] INFO  impl.RaftServerImpl (RaftServerImpl.java:setRole(174)) - 1d7c29ff-f782-4e4c-a166-2c7d98aa0a2e@group-BF4A884C52EC: changes role from CANDIDATE to FOLLOWER at term 1 for DISCOVERED_A_NEW_TERM
2019-09-24 02:24:35,343 [1d7c29ff-f782-4e4c-a166-2c7d98aa0a2e@group-BF4A884C52EC:LeaderElection41] INFO  impl.RoleInfo (RoleInfo.java:shutdownLeaderElection(134)) - 1d7c29ff-f782-4e4c-a166-2c7d98aa0a2e: shutdown LeaderElection
2019-09-24 02:24:35,343 [1d7c29ff-f782-4e4c-a166-2c7d98aa0a2e@group-BF4A884C52EC:LeaderElection41] INFO  impl.RoleInfo (RoleInfo.java:updateAndGet(143)) - 1d7c29ff-f782-4e4c-a166-2c7d98aa0a2e: start FollowerState
2019-09-24 02:24:35,343 [Thread-2268] INFO  impl.RoleInfo (RoleInfo.java:shutdownFollowerState(121)) - 7bca38f8-b0d1-4401-8113-ee118fd16170: shutdown FollowerState
2019-09-24 02:24:35,343 [Thread-2268] INFO  impl.RaftServerImpl (RaftServerImpl.java:setRole(174)) - 7bca38f8-b0d1-4401-8113-ee118fd16170@group-D0505636003F: changes role from  FOLLOWER to CANDIDATE at term 0 for changeToCandidate
2019-09-24 02:24:35,344 [Thread-2268] INFO  impl.RoleInfo (RoleInfo.java:updateAndGet(143)) - 7bca38f8-b0d1-4401-8113-ee118fd16170: start LeaderElection
2019-09-24 02:24:35,348 [976b4ad9-2763-4348-94fe-da9eb86c31c0@group-392E604BB72C:LeaderElection44] INFO  impl.RoleInfo (RoleInfo.java:updateAndGet(143)) - 976b4ad9-2763-4348-94fe-da9eb86c31c0: start LeaderState
2019-09-24 02:24:35,349 [976b4ad9-2763-4348-94fe-da9eb86c31c0@group-392E604BB72C:LeaderElection44] INFO  segmented.SegmentedRaftLogWorker (SegmentedRaftLogWorker.java:startLogSegment(380)) - 976b4ad9-2763-4348-94fe-da9eb86c31c0@group-392E604BB72C-SegmentedRaftLogWorker: Starting segment from index:0
2019-09-24 02:24:35,349 [d93e0f2d-aaab-42ca-acd5-b884b7a50f26@group-8E24B18B089F:LeaderElection43] INFO  impl.RoleInfo (RoleInfo.java:updateAndGet(143)) - d93e0f2d-aaab-42ca-acd5-b884b7a50f26: start LeaderState
2019-09-24 02:24:35,349 [976b4ad9-2763-4348-94fe-da9eb86c31c0@group-392E604BB72C:LeaderElection44] INFO  impl.RaftServerImpl (ServerState.java:setRaftConf(354)) - 976b4ad9-2763-4348-94fe-da9eb86c31c0@group-392E604BB72C: set configuration 0: [976b4ad9-2763-4348-94fe-da9eb86c31c0:192.168.151.121:36117], old=null at 0
2019-09-24 02:24:35,376 [d93e0f2d-aaab-42ca-acd5-b884b7a50f26@group-8E24B18B089F:LeaderElection43] INFO  segmented.SegmentedRaftLogWorker (SegmentedRaftLogWorker.java:startLogSegment(380)) - d93e0f2d-aaab-42ca-acd5-b884b7a50f26@group-8E24B18B089F-SegmentedRaftLogWorker: Starting segment from index:0
2019-09-24 02:24:35,378 [7bca38f8-b0d1-4401-8113-ee118fd16170@group-D0505636003F:LeaderElection46] INFO  impl.LeaderElection (LeaderElection.java:askForVotes(182)) - 7bca38f8-b0d1-4401-8113-ee118fd16170@group-D0505636003F:LeaderElection46: begin an election at term 1 for -1: [7bca38f8-b0d1-4401-8113-ee118fd16170:192.168.151.121:38029], old=null
2019-09-24 02:24:35,378 [7bca38f8-b0d1-4401-8113-ee118fd16170@group-D0505636003F:LeaderElection46] INFO  impl.RoleInfo (RoleInfo.java:shutdownLeaderElection(134)) - 7bca38f8-b0d1-4401-8113-ee118fd16170: shutdown LeaderElection
2019-09-24 02:24:35,380 [7bca38f8-b0d1-4401-8113-ee118fd16170@group-D0505636003F:LeaderElection46] INFO  impl.RaftServerImpl (RaftServerImpl.java:setRole(174)) - 7bca38f8-b0d1-4401-8113-ee118fd16170@group-D0505636003F: changes role from CANDIDATE to LEADER at term 1 for changeToLeader
2019-09-24 02:24:35,380 [7bca38f8-b0d1-4401-8113-ee118fd16170@group-D0505636003F:LeaderElection46] INFO  impl.RaftServerImpl (ServerState.java:setLeader(253)) - 7bca38f8-b0d1-4401-8113-ee118fd16170@group-D0505636003F: change Leader from null to 7bca38f8-b0d1-4401-8113-ee118fd16170 at term 1 for becomeLeader, leader elected after 1055ms
2019-09-24 02:24:35,380 [d93e0f2d-aaab-42ca-acd5-b884b7a50f26@group-8E24B18B089F:LeaderElection43] INFO  impl.RaftServerImpl (ServerState.java:setRaftConf(354)) - d93e0f2d-aaab-42ca-acd5-b884b7a50f26@group-8E24B18B089F: set configuration 0: [d93e0f2d-aaab-42ca-acd5-b884b7a50f26:192.168.151.121:41155], old=null at 0
2019-09-24 02:24:35,380 [7bca38f8-b0d1-4401-8113-ee118fd16170@group-D0505636003F:LeaderElection46] INFO  server.RaftServerConfigKeys (ConfUtils.java:logGet(43)) - raft.server.staging.catchup.gap = 1000 (default)
2019-09-24 02:24:35,406 [976b4ad9-2763-4348-94fe-da9eb86c31c0@group-BF4A884C52EC:LeaderElection45] INFO  impl.LeaderElection (LeaderElection.java:logAndReturn(56)) - 976b4ad9-2763-4348-94fe-da9eb86c31c0@group-BF4A884C52EC:LeaderElection45: Election REJECTED; received 2 response(s) [976b4ad9-2763-4348-94fe-da9eb86c31c0<-c4751e07-4727-4633-be79-0e5d9146c54d#0:FAIL-t1, 976b4ad9-2763-4348-94fe-da9eb86c31c0<-1d7c29ff-f782-4e4c-a166-2c7d98aa0a2e#0:FAIL-t1] and 0 exception(s); 976b4ad9-2763-4348-94fe-da9eb86c31c0@group-BF4A884C52EC:t1, leader=null, voted=976b4ad9-2763-4348-94fe-da9eb86c31c0, raftlog=976b4ad9-2763-4348-94fe-da9eb86c31c0@group-BF4A884C52EC-SegmentedRaftLog:OPENED:c-1,f-1,i0, conf=-1: [c4751e07-4727-4633-be79-0e5d9146c54d:192.168.151.121:37596, 1d7c29ff-f782-4e4c-a166-2c7d98aa0a2e:192.168.151.121:34209, 976b4ad9-2763-4348-94fe-da9eb86c31c0:192.168.151.121:36117], old=null
2019-09-24 02:24:35,406 [976b4ad9-2763-4348-94fe-da9eb86c31c0@group-392E604BB72C-SegmentedRaftLogWorker] INFO  segmented.SegmentedRaftLogWorker (SegmentedRaftLogWorker.java:execute(569)) - 976b4ad9-2763-4348-94fe-da9eb86c31c0@group-392E604BB72C-SegmentedRaftLogWorker: created new log segment /workdir/hadoop-ozone/integration-test/target/test-dir/MiniOzoneClusterImpl-69b5c385-cdb4-4487-be19-c3541ab4b602/datanode-2/data/ratis/92aaa167-3c2c-482d-95c7-392e604bb72c/current/log_inprogress_0
2019-09-24 02:24:35,407 [976b4ad9-2763-4348-94fe-da9eb86c31c0@group-BF4A884C52EC:LeaderElection45] INFO  impl.RaftServerImpl (RaftServerImpl.java:setRole(174)) - 976b4ad9-2763-4348-94fe-da9eb86c31c0@group-BF4A884C52EC: changes role from CANDIDATE to FOLLOWER at term 1 for DISCOVERED_A_NEW_TERM
2019-09-24 02:24:35,409 [976b4ad9-2763-4348-94fe-da9eb86c31c0@group-BF4A884C52EC:LeaderElection45] INFO  impl.RoleInfo (RoleInfo.java:shutdownLeaderElection(134)) - 976b4ad9-2763-4348-94fe-da9eb86c31c0: shutdown LeaderElection
2019-09-24 02:24:35,406 [7bca38f8-b0d1-4401-8113-ee118fd16170@group-D0505636003F:LeaderElection46] INFO  server.RaftServerConfigKeys (ConfUtils.java:logGet(43)) - raft.server.rpc.sleep.time = 25ms (default)
2019-09-24 02:24:35,409 [976b4ad9-2763-4348-94fe-da9eb86c31c0@group-BF4A884C52EC:LeaderElection45] INFO  impl.RoleInfo (RoleInfo.java:updateAndGet(143)) - 976b4ad9-2763-4348-94fe-da9eb86c31c0: start FollowerState
2019-09-24 02:24:35,409 [7bca38f8-b0d1-4401-8113-ee118fd16170@group-D0505636003F:LeaderElection46] INFO  server.RaftServerConfigKeys (ConfUtils.java:logGet(43)) - raft.server.write.element-limit = 4096 (default)
2019-09-24 02:24:35,409 [7bca38f8-b0d1-4401-8113-ee118fd16170@group-D0505636003F:LeaderElection46] INFO  server.RaftServerConfigKeys (ConfUtils.java:logGet(43)) - raft.server.watch.timeout = 10s (default)
2019-09-24 02:24:35,410 [7bca38f8-b0d1-4401-8113-ee118fd16170@group-D0505636003F:LeaderElection46] INFO  server.RaftServerConfigKeys (ConfUtils.java:logGet(43)) - raft.server.watch.timeout.denomination = 1s (default)
2019-09-24 02:24:35,410 [7bca38f8-b0d1-4401-8113-ee118fd16170@group-D0505636003F:LeaderElection46] INFO  server.RaftServerConfigKeys (ConfUtils.java:logGet(43)) - raft.server.watch.element-limit = 65536 (default)
2019-09-24 02:24:35,413 [7bca38f8-b0d1-4401-8113-ee118fd16170@group-D0505636003F:LeaderElection46] INFO  impl.RoleInfo (RoleInfo.java:updateAndGet(143)) - 7bca38f8-b0d1-4401-8113-ee118fd16170: start LeaderState
2019-09-24 02:24:35,413 [7bca38f8-b0d1-4401-8113-ee118fd16170@group-D0505636003F:LeaderElection46] INFO  segmented.SegmentedRaftLogWorker (SegmentedRaftLogWorker.java:startLogSegment(380)) - 7bca38f8-b0d1-4401-8113-ee118fd16170@group-D0505636003F-SegmentedRaftLogWorker: Starting segment from index:0
2019-09-24 02:24:35,414 [7bca38f8-b0d1-4401-8113-ee118fd16170@group-D0505636003F:LeaderElection46] INFO  impl.RaftServerImpl (ServerState.java:setRaftConf(354)) - 7bca38f8-b0d1-4401-8113-ee118fd16170@group-D0505636003F: set configuration 0: [7bca38f8-b0d1-4401-8113-ee118fd16170:192.168.151.121:38029], old=null at 0
2019-09-24 02:24:35,440 [d93e0f2d-aaab-42ca-acd5-b884b7a50f26@group-8E24B18B089F-SegmentedRaftLogWorker] INFO  segmented.SegmentedRaftLogWorker (SegmentedRaftLogWorker.java:execute(569)) - d93e0f2d-aaab-42ca-acd5-b884b7a50f26@group-8E24B18B089F-SegmentedRaftLogWorker: created new log segment /workdir/hadoop-ozone/integration-test/target/test-dir/MiniOzoneClusterImpl-69b5c385-cdb4-4487-be19-c3541ab4b602/datanode-4/data/ratis/a3772282-72cd-4758-8af6-8e24b18b089f/current/log_inprogress_0
2019-09-24 02:24:35,453 [7bca38f8-b0d1-4401-8113-ee118fd16170@group-D0505636003F-SegmentedRaftLogWorker] INFO  segmented.SegmentedRaftLogWorker (SegmentedRaftLogWorker.java:execute(569)) - 7bca38f8-b0d1-4401-8113-ee118fd16170@group-D0505636003F-SegmentedRaftLogWorker: created new log segment /workdir/hadoop-ozone/integration-test/target/test-dir/MiniOzoneClusterImpl-69b5c385-cdb4-4487-be19-c3541ab4b602/datanode-3/data/ratis/3572df28-50e8-4389-b281-d0505636003f/current/log_inprogress_0
2019-09-24 02:24:35,518 [Thread-2271] INFO  impl.FollowerState (FollowerState.java:run(106)) - b7adfa38-f86a-4f02-b078-d72f77d0455e:group-EF65A48F6CFB changes to CANDIDATE, lastRpcTime:1100, electionTimeout:1100ms
2019-09-24 02:24:35,519 [Thread-2271] INFO  impl.RoleInfo (RoleInfo.java:shutdownFollowerState(121)) - b7adfa38-f86a-4f02-b078-d72f77d0455e: shutdown FollowerState
2019-09-24 02:24:35,519 [Thread-2271] INFO  impl.RaftServerImpl (RaftServerImpl.java:setRole(174)) - b7adfa38-f86a-4f02-b078-d72f77d0455e@group-EF65A48F6CFB: changes role from  FOLLOWER to CANDIDATE at term 0 for changeToCandidate
2019-09-24 02:24:35,519 [Thread-2271] INFO  impl.RoleInfo (RoleInfo.java:updateAndGet(143)) - b7adfa38-f86a-4f02-b078-d72f77d0455e: start LeaderElection
2019-09-24 02:24:35,538 [b7adfa38-f86a-4f02-b078-d72f77d0455e@group-EF65A48F6CFB:LeaderElection47] INFO  impl.LeaderElection (LeaderElection.java:askForVotes(182)) - b7adfa38-f86a-4f02-b078-d72f77d0455e@group-EF65A48F6CFB:LeaderElection47: begin an election at term 1 for -1: [b7adfa38-f86a-4f02-b078-d72f77d0455e:192.168.151.121:40480], old=null
2019-09-24 02:24:35,539 [b7adfa38-f86a-4f02-b078-d72f77d0455e@group-EF65A48F6CFB:LeaderElection47] INFO  impl.RoleInfo (RoleInfo.java:shutdownLeaderElection(134)) - b7adfa38-f86a-4f02-b078-d72f77d0455e: shutdown LeaderElection
2019-09-24 02:24:35,539 [b7adfa38-f86a-4f02-b078-d72f77d0455e@group-EF65A48F6CFB:LeaderElection47] INFO  impl.RaftServerImpl (RaftServerImpl.java:setRole(174)) - b7adfa38-f86a-4f02-b078-d72f77d0455e@group-EF65A48F6CFB: changes role from CANDIDATE to LEADER at term 1 for changeToLeader
2019-09-24 02:24:35,539 [b7adfa38-f86a-4f02-b078-d72f77d0455e@group-EF65A48F6CFB:LeaderElection47] INFO  impl.RaftServerImpl (ServerState.java:setLeader(253)) - b7adfa38-f86a-4f02-b078-d72f77d0455e@group-EF65A48F6CFB: change Leader from null to b7adfa38-f86a-4f02-b078-d72f77d0455e at term 1 for becomeLeader, leader elected after 1133ms
2019-09-24 02:24:35,539 [b7adfa38-f86a-4f02-b078-d72f77d0455e@group-EF65A48F6CFB:LeaderElection47] INFO  server.RaftServerConfigKeys (ConfUtils.java:logGet(43)) - raft.server.staging.catchup.gap = 1000 (default)
2019-09-24 02:24:35,539 [b7adfa38-f86a-4f02-b078-d72f77d0455e@group-EF65A48F6CFB:LeaderElection47] INFO  server.RaftServerConfigKeys (ConfUtils.java:logGet(43)) - raft.server.rpc.sleep.time = 25ms (default)
2019-09-24 02:24:35,540 [b7adfa38-f86a-4f02-b078-d72f77d0455e@group-EF65A48F6CFB:LeaderElection47] INFO  server.RaftServerConfigKeys (ConfUtils.java:logGet(43)) - raft.server.write.element-limit = 4096 (default)
2019-09-24 02:24:35,540 [b7adfa38-f86a-4f02-b078-d72f77d0455e@group-EF65A48F6CFB:LeaderElection47] INFO  server.RaftServerConfigKeys (ConfUtils.java:logGet(43)) - raft.server.watch.timeout = 10s (default)
2019-09-24 02:24:35,540 [b7adfa38-f86a-4f02-b078-d72f77d0455e@group-EF65A48F6CFB:LeaderElection47] INFO  server.RaftServerConfigKeys (ConfUtils.java:logGet(43)) - raft.server.watch.timeout.denomination = 1s (default)
2019-09-24 02:24:35,540 [b7adfa38-f86a-4f02-b078-d72f77d0455e@group-EF65A48F6CFB:LeaderElection47] INFO  server.RaftServerConfigKeys (ConfUtils.java:logGet(43)) - raft.server.watch.element-limit = 65536 (default)
2019-09-24 02:24:35,543 [b7adfa38-f86a-4f02-b078-d72f77d0455e@group-EF65A48F6CFB:LeaderElection47] INFO  impl.RoleInfo (RoleInfo.java:updateAndGet(143)) - b7adfa38-f86a-4f02-b078-d72f77d0455e: start LeaderState
2019-09-24 02:24:35,544 [b7adfa38-f86a-4f02-b078-d72f77d0455e@group-EF65A48F6CFB:LeaderElection47] INFO  segmented.SegmentedRaftLogWorker (SegmentedRaftLogWorker.java:startLogSegment(380)) - b7adfa38-f86a-4f02-b078-d72f77d0455e@group-EF65A48F6CFB-SegmentedRaftLogWorker: Starting segment from index:0
2019-09-24 02:24:35,544 [b7adfa38-f86a-4f02-b078-d72f77d0455e@group-EF65A48F6CFB:LeaderElection47] INFO  impl.RaftServerImpl (ServerState.java:setRaftConf(354)) - b7adfa38-f86a-4f02-b078-d72f77d0455e@group-EF65A48F6CFB: set configuration 0: [b7adfa38-f86a-4f02-b078-d72f77d0455e:192.168.151.121:40480], old=null at 0
2019-09-24 02:24:35,584 [Thread-2274] INFO  impl.FollowerState (FollowerState.java:run(106)) - 0dad0ba7-2de7-4c7e-bbfc-c35c9aa94a76:group-9226D4FCBEA5 changes to CANDIDATE, lastRpcTime:1102, electionTimeout:1102ms
2019-09-24 02:24:35,585 [b7adfa38-f86a-4f02-b078-d72f77d0455e@group-EF65A48F6CFB-SegmentedRaftLogWorker] INFO  segmented.SegmentedRaftLogWorker (SegmentedRaftLogWorker.java:execute(569)) - b7adfa38-f86a-4f02-b078-d72f77d0455e@group-EF65A48F6CFB-SegmentedRaftLogWorker: created new log segment /workdir/hadoop-ozone/integration-test/target/test-dir/MiniOzoneClusterImpl-69b5c385-cdb4-4487-be19-c3541ab4b602/datanode-5/data/ratis/720f1632-6f33-4067-a13a-ef65a48f6cfb/current/log_inprogress_0
2019-09-24 02:24:35,585 [Thread-2274] INFO  impl.RoleInfo (RoleInfo.java:shutdownFollowerState(121)) - 0dad0ba7-2de7-4c7e-bbfc-c35c9aa94a76: shutdown FollowerState
2019-09-24 02:24:35,585 [Thread-2274] INFO  impl.RaftServerImpl (RaftServerImpl.java:setRole(174)) - 0dad0ba7-2de7-4c7e-bbfc-c35c9aa94a76@group-9226D4FCBEA5: changes role from  FOLLOWER to CANDIDATE at term 0 for changeToCandidate
2019-09-24 02:24:35,585 [Thread-2274] INFO  impl.RoleInfo (RoleInfo.java:updateAndGet(143)) - 0dad0ba7-2de7-4c7e-bbfc-c35c9aa94a76: start LeaderElection
2019-09-24 02:24:35,598 [0dad0ba7-2de7-4c7e-bbfc-c35c9aa94a76@group-9226D4FCBEA5:LeaderElection48] INFO  impl.LeaderElection (LeaderElection.java:askForVotes(182)) - 0dad0ba7-2de7-4c7e-bbfc-c35c9aa94a76@group-9226D4FCBEA5:LeaderElection48: begin an election at term 1 for -1: [0dad0ba7-2de7-4c7e-bbfc-c35c9aa94a76:192.168.151.121:45601], old=null
2019-09-24 02:24:35,598 [0dad0ba7-2de7-4c7e-bbfc-c35c9aa94a76@group-9226D4FCBEA5:LeaderElection48] INFO  impl.RoleInfo (RoleInfo.java:shutdownLeaderElection(134)) - 0dad0ba7-2de7-4c7e-bbfc-c35c9aa94a76: shutdown LeaderElection
2019-09-24 02:24:35,598 [0dad0ba7-2de7-4c7e-bbfc-c35c9aa94a76@group-9226D4FCBEA5:LeaderElection48] INFO  impl.RaftServerImpl (RaftServerImpl.java:setRole(174)) - 0dad0ba7-2de7-4c7e-bbfc-c35c9aa94a76@group-9226D4FCBEA5: changes role from CANDIDATE to LEADER at term 1 for changeToLeader
2019-09-24 02:24:35,598 [0dad0ba7-2de7-4c7e-bbfc-c35c9aa94a76@group-9226D4FCBEA5:LeaderElection48] INFO  impl.RaftServerImpl (ServerState.java:setLeader(253)) - 0dad0ba7-2de7-4c7e-bbfc-c35c9aa94a76@group-9226D4FCBEA5: change Leader from null to 0dad0ba7-2de7-4c7e-bbfc-c35c9aa94a76 at term 1 for becomeLeader, leader elected after 1127ms
2019-09-24 02:24:35,598 [0dad0ba7-2de7-4c7e-bbfc-c35c9aa94a76@group-9226D4FCBEA5:LeaderElection48] INFO  server.RaftServerConfigKeys (ConfUtils.java:logGet(43)) - raft.server.staging.catchup.gap = 1000 (default)
2019-09-24 02:24:35,599 [0dad0ba7-2de7-4c7e-bbfc-c35c9aa94a76@group-9226D4FCBEA5:LeaderElection48] INFO  server.RaftServerConfigKeys (ConfUtils.java:logGet(43)) - raft.server.rpc.sleep.time = 25ms (default)
2019-09-24 02:24:35,599 [0dad0ba7-2de7-4c7e-bbfc-c35c9aa94a76@group-9226D4FCBEA5:LeaderElection48] INFO  server.RaftServerConfigKeys (ConfUtils.java:logGet(43)) - raft.server.write.element-limit = 4096 (default)
2019-09-24 02:24:35,599 [0dad0ba7-2de7-4c7e-bbfc-c35c9aa94a76@group-9226D4FCBEA5:LeaderElection48] INFO  server.RaftServerConfigKeys (ConfUtils.java:logGet(43)) - raft.server.watch.timeout = 10s (default)
2019-09-24 02:24:35,599 [0dad0ba7-2de7-4c7e-bbfc-c35c9aa94a76@group-9226D4FCBEA5:LeaderElection48] INFO  server.RaftServerConfigKeys (ConfUtils.java:logGet(43)) - raft.server.watch.timeout.denomination = 1s (default)
2019-09-24 02:24:35,599 [0dad0ba7-2de7-4c7e-bbfc-c35c9aa94a76@group-9226D4FCBEA5:LeaderElection48] INFO  server.RaftServerConfigKeys (ConfUtils.java:logGet(43)) - raft.server.watch.element-limit = 65536 (default)
2019-09-24 02:24:35,602 [0dad0ba7-2de7-4c7e-bbfc-c35c9aa94a76@group-9226D4FCBEA5:LeaderElection48] INFO  impl.RoleInfo (RoleInfo.java:updateAndGet(143)) - 0dad0ba7-2de7-4c7e-bbfc-c35c9aa94a76: start LeaderState
2019-09-24 02:24:35,602 [0dad0ba7-2de7-4c7e-bbfc-c35c9aa94a76@group-9226D4FCBEA5:LeaderElection48] INFO  segmented.SegmentedRaftLogWorker (SegmentedRaftLogWorker.java:startLogSegment(380)) - 0dad0ba7-2de7-4c7e-bbfc-c35c9aa94a76@group-9226D4FCBEA5-SegmentedRaftLogWorker: Starting segment from index:0
2019-09-24 02:24:35,603 [main] INFO  ozone.MiniOzoneClusterImpl (MiniOzoneClusterImpl.java:lambda$waitForClusterToBeReady$0(147)) - Cluster is ready. Got 10 of 10 DN Heartbeats.
2019-09-24 02:24:35,603 [0dad0ba7-2de7-4c7e-bbfc-c35c9aa94a76@group-9226D4FCBEA5:LeaderElection48] INFO  impl.RaftServerImpl (ServerState.java:setRaftConf(354)) - 0dad0ba7-2de7-4c7e-bbfc-c35c9aa94a76@group-9226D4FCBEA5: set configuration 0: [0dad0ba7-2de7-4c7e-bbfc-c35c9aa94a76:192.168.151.121:45601], old=null at 0
2019-09-24 02:24:35,642 [Thread-2277] INFO  impl.FollowerState (FollowerState.java:run(106)) - be6688c1-27db-4066-9fe7-abad67bbc3d4:group-1EC21770C6FC changes to CANDIDATE, lastRpcTime:1108, electionTimeout:1108ms
2019-09-24 02:24:35,642 [Thread-2277] INFO  impl.RoleInfo (RoleInfo.java:shutdownFollowerState(121)) - be6688c1-27db-4066-9fe7-abad67bbc3d4: shutdown FollowerState
2019-09-24 02:24:35,642 [Thread-2277] INFO  impl.RaftServerImpl (RaftServerImpl.java:setRole(174)) - be6688c1-27db-4066-9fe7-abad67bbc3d4@group-1EC21770C6FC: changes role from  FOLLOWER to CANDIDATE at term 0 for changeToCandidate
2019-09-24 02:24:35,643 [Thread-2277] INFO  impl.RoleInfo (RoleInfo.java:updateAndGet(143)) - be6688c1-27db-4066-9fe7-abad67bbc3d4: start LeaderElection
2019-09-24 02:24:35,643 [0dad0ba7-2de7-4c7e-bbfc-c35c9aa94a76@group-9226D4FCBEA5-SegmentedRaftLogWorker] INFO  segmented.SegmentedRaftLogWorker (SegmentedRaftLogWorker.java:execute(569)) - 0dad0ba7-2de7-4c7e-bbfc-c35c9aa94a76@group-9226D4FCBEA5-SegmentedRaftLogWorker: created new log segment /workdir/hadoop-ozone/integration-test/target/test-dir/MiniOzoneClusterImpl-69b5c385-cdb4-4487-be19-c3541ab4b602/datanode-6/data/ratis/854bf29b-fca0-4c11-8531-9226d4fcbea5/current/log_inprogress_0
2019-09-24 02:24:35,656 [be6688c1-27db-4066-9fe7-abad67bbc3d4@group-1EC21770C6FC:LeaderElection49] INFO  impl.LeaderElection (LeaderElection.java:askForVotes(182)) - be6688c1-27db-4066-9fe7-abad67bbc3d4@group-1EC21770C6FC:LeaderElection49: begin an election at term 1 for -1: [be6688c1-27db-4066-9fe7-abad67bbc3d4:192.168.151.121:39435], old=null
2019-09-24 02:24:35,656 [be6688c1-27db-4066-9fe7-abad67bbc3d4@group-1EC21770C6FC:LeaderElection49] INFO  impl.RoleInfo (RoleInfo.java:shutdownLeaderElection(134)) - be6688c1-27db-4066-9fe7-abad67bbc3d4: shutdown LeaderElection
2019-09-24 02:24:35,656 [be6688c1-27db-4066-9fe7-abad67bbc3d4@group-1EC21770C6FC:LeaderElection49] INFO  impl.RaftServerImpl (RaftServerImpl.java:setRole(174)) - be6688c1-27db-4066-9fe7-abad67bbc3d4@group-1EC21770C6FC: changes role from CANDIDATE to LEADER at term 1 for changeToLeader
2019-09-24 02:24:35,656 [be6688c1-27db-4066-9fe7-abad67bbc3d4@group-1EC21770C6FC:LeaderElection49] INFO  impl.RaftServerImpl (ServerState.java:setLeader(253)) - be6688c1-27db-4066-9fe7-abad67bbc3d4@group-1EC21770C6FC: change Leader from null to be6688c1-27db-4066-9fe7-abad67bbc3d4 at term 1 for becomeLeader, leader elected after 1130ms
2019-09-24 02:24:35,657 [be6688c1-27db-4066-9fe7-abad67bbc3d4@group-1EC21770C6FC:LeaderElection49] INFO  server.RaftServerConfigKeys (ConfUtils.java:logGet(43)) - raft.server.staging.catchup.gap = 1000 (default)
2019-09-24 02:24:35,657 [be6688c1-27db-4066-9fe7-abad67bbc3d4@group-1EC21770C6FC:LeaderElection49] INFO  server.RaftServerConfigKeys (ConfUtils.java:logGet(43)) - raft.server.rpc.sleep.time = 25ms (default)
2019-09-24 02:24:35,657 [be6688c1-27db-4066-9fe7-abad67bbc3d4@group-1EC21770C6FC:LeaderElection49] INFO  server.RaftServerConfigKeys (ConfUtils.java:logGet(43)) - raft.server.write.element-limit = 4096 (default)
2019-09-24 02:24:35,657 [be6688c1-27db-4066-9fe7-abad67bbc3d4@group-1EC21770C6FC:LeaderElection49] INFO  server.RaftServerConfigKeys (ConfUtils.java:logGet(43)) - raft.server.watch.timeout = 10s (default)
2019-09-24 02:24:35,657 [be6688c1-27db-4066-9fe7-abad67bbc3d4@group-1EC21770C6FC:LeaderElection49] INFO  server.RaftServerConfigKeys (ConfUtils.java:logGet(43)) - raft.server.watch.timeout.denomination = 1s (default)
2019-09-24 02:24:35,657 [be6688c1-27db-4066-9fe7-abad67bbc3d4@group-1EC21770C6FC:LeaderElection49] INFO  server.RaftServerConfigKeys (ConfUtils.java:logGet(43)) - raft.server.watch.element-limit = 65536 (default)
2019-09-24 02:24:35,660 [be6688c1-27db-4066-9fe7-abad67bbc3d4@group-1EC21770C6FC:LeaderElection49] INFO  impl.RoleInfo (RoleInfo.java:updateAndGet(143)) - be6688c1-27db-4066-9fe7-abad67bbc3d4: start LeaderState
2019-09-24 02:24:35,660 [be6688c1-27db-4066-9fe7-abad67bbc3d4@group-1EC21770C6FC:LeaderElection49] INFO  segmented.SegmentedRaftLogWorker (SegmentedRaftLogWorker.java:startLogSegment(380)) - be6688c1-27db-4066-9fe7-abad67bbc3d4@group-1EC21770C6FC-SegmentedRaftLogWorker: Starting segment from index:0
2019-09-24 02:24:35,661 [be6688c1-27db-4066-9fe7-abad67bbc3d4@group-1EC21770C6FC:LeaderElection49] INFO  impl.RaftServerImpl (ServerState.java:setRaftConf(354)) - be6688c1-27db-4066-9fe7-abad67bbc3d4@group-1EC21770C6FC: set configuration 0: [be6688c1-27db-4066-9fe7-abad67bbc3d4:192.168.151.121:39435], old=null at 0
2019-09-24 02:24:35,698 [Thread-2280] INFO  impl.FollowerState (FollowerState.java:run(106)) - 75a46326-9fdd-4357-8f55-056919852270:group-59B48DD0B897 changes to CANDIDATE, lastRpcTime:1109, electionTimeout:1082ms
2019-09-24 02:24:35,699 [Thread-2280] INFO  impl.RoleInfo (RoleInfo.java:shutdownFollowerState(121)) - 75a46326-9fdd-4357-8f55-056919852270: shutdown FollowerState
2019-09-24 02:24:35,699 [Thread-2280] INFO  impl.RaftServerImpl (RaftServerImpl.java:setRole(174)) - 75a46326-9fdd-4357-8f55-056919852270@group-59B48DD0B897: changes role from  FOLLOWER to CANDIDATE at term 0 for changeToCandidate
2019-09-24 02:24:35,699 [Thread-2280] INFO  impl.RoleInfo (RoleInfo.java:updateAndGet(143)) - 75a46326-9fdd-4357-8f55-056919852270: start LeaderElection
2019-09-24 02:24:35,711 [be6688c1-27db-4066-9fe7-abad67bbc3d4@group-1EC21770C6FC-SegmentedRaftLogWorker] INFO  segmented.SegmentedRaftLogWorker (SegmentedRaftLogWorker.java:execute(569)) - be6688c1-27db-4066-9fe7-abad67bbc3d4@group-1EC21770C6FC-SegmentedRaftLogWorker: created new log segment /workdir/hadoop-ozone/integration-test/target/test-dir/MiniOzoneClusterImpl-69b5c385-cdb4-4487-be19-c3541ab4b602/datanode-7/data/ratis/b88fdb9f-a7c9-4f8a-996b-1ec21770c6fc/current/log_inprogress_0
2019-09-24 02:24:35,711 [75a46326-9fdd-4357-8f55-056919852270@group-59B48DD0B897:LeaderElection50] INFO  impl.LeaderElection (LeaderElection.java:askForVotes(182)) - 75a46326-9fdd-4357-8f55-056919852270@group-59B48DD0B897:LeaderElection50: begin an election at term 1 for -1: [75a46326-9fdd-4357-8f55-056919852270:192.168.151.121:36808], old=null
2019-09-24 02:24:35,711 [75a46326-9fdd-4357-8f55-056919852270@group-59B48DD0B897:LeaderElection50] INFO  impl.RoleInfo (RoleInfo.java:shutdownLeaderElection(134)) - 75a46326-9fdd-4357-8f55-056919852270: shutdown LeaderElection
2019-09-24 02:24:35,712 [75a46326-9fdd-4357-8f55-056919852270@group-59B48DD0B897:LeaderElection50] INFO  impl.RaftServerImpl (RaftServerImpl.java:setRole(174)) - 75a46326-9fdd-4357-8f55-056919852270@group-59B48DD0B897: changes role from CANDIDATE to LEADER at term 1 for changeToLeader
2019-09-24 02:24:35,712 [75a46326-9fdd-4357-8f55-056919852270@group-59B48DD0B897:LeaderElection50] INFO  impl.RaftServerImpl (ServerState.java:setLeader(253)) - 75a46326-9fdd-4357-8f55-056919852270@group-59B48DD0B897: change Leader from null to 75a46326-9fdd-4357-8f55-056919852270 at term 1 for becomeLeader, leader elected after 1132ms
2019-09-24 02:24:35,712 [75a46326-9fdd-4357-8f55-056919852270@group-59B48DD0B897:LeaderElection50] INFO  server.RaftServerConfigKeys (ConfUtils.java:logGet(43)) - raft.server.staging.catchup.gap = 1000 (default)
2019-09-24 02:24:35,712 [75a46326-9fdd-4357-8f55-056919852270@group-59B48DD0B897:LeaderElection50] INFO  server.RaftServerConfigKeys (ConfUtils.java:logGet(43)) - raft.server.rpc.sleep.time = 25ms (default)
2019-09-24 02:24:35,712 [75a46326-9fdd-4357-8f55-056919852270@group-59B48DD0B897:LeaderElection50] INFO  server.RaftServerConfigKeys (ConfUtils.java:logGet(43)) - raft.server.write.element-limit = 4096 (default)
2019-09-24 02:24:35,712 [75a46326-9fdd-4357-8f55-056919852270@group-59B48DD0B897:LeaderElection50] INFO  server.RaftServerConfigKeys (ConfUtils.java:logGet(43)) - raft.server.watch.timeout = 10s (default)
2019-09-24 02:24:35,713 [75a46326-9fdd-4357-8f55-056919852270@group-59B48DD0B897:LeaderElection50] INFO  server.RaftServerConfigKeys (ConfUtils.java:logGet(43)) - raft.server.watch.timeout.denomination = 1s (default)
2019-09-24 02:24:35,713 [75a46326-9fdd-4357-8f55-056919852270@group-59B48DD0B897:LeaderElection50] INFO  server.RaftServerConfigKeys (ConfUtils.java:logGet(43)) - raft.server.watch.element-limit = 65536 (default)
2019-09-24 02:24:35,715 [75a46326-9fdd-4357-8f55-056919852270@group-59B48DD0B897:LeaderElection50] INFO  impl.RoleInfo (RoleInfo.java:updateAndGet(143)) - 75a46326-9fdd-4357-8f55-056919852270: start LeaderState
2019-09-24 02:24:35,716 [75a46326-9fdd-4357-8f55-056919852270@group-59B48DD0B897:LeaderElection50] INFO  segmented.SegmentedRaftLogWorker (SegmentedRaftLogWorker.java:startLogSegment(380)) - 75a46326-9fdd-4357-8f55-056919852270@group-59B48DD0B897-SegmentedRaftLogWorker: Starting segment from index:0
2019-09-24 02:24:35,716 [75a46326-9fdd-4357-8f55-056919852270@group-59B48DD0B897:LeaderElection50] INFO  impl.RaftServerImpl (ServerState.java:setRaftConf(354)) - 75a46326-9fdd-4357-8f55-056919852270@group-59B48DD0B897: set configuration 0: [75a46326-9fdd-4357-8f55-056919852270:192.168.151.121:36808], old=null at 0
2019-09-24 02:24:35,766 [75a46326-9fdd-4357-8f55-056919852270@group-59B48DD0B897-SegmentedRaftLogWorker] INFO  segmented.SegmentedRaftLogWorker (SegmentedRaftLogWorker.java:execute(569)) - 75a46326-9fdd-4357-8f55-056919852270@group-59B48DD0B897-SegmentedRaftLogWorker: created new log segment /workdir/hadoop-ozone/integration-test/target/test-dir/MiniOzoneClusterImpl-69b5c385-cdb4-4487-be19-c3541ab4b602/datanode-8/data/ratis/c0aa2b39-7c39-49f3-bd36-59b48dd0b897/current/log_inprogress_0
2019-09-24 02:24:35,815 [Thread-2284] INFO  impl.FollowerState (FollowerState.java:run(106)) - 75a46326-9fdd-4357-8f55-056919852270:group-4CE1A2095E7B changes to CANDIDATE, lastRpcTime:1168, electionTimeout:1168ms
2019-09-24 02:24:35,815 [Thread-2284] INFO  impl.RoleInfo (RoleInfo.java:shutdownFollowerState(121)) - 75a46326-9fdd-4357-8f55-056919852270: shutdown FollowerState
2019-09-24 02:24:35,816 [Thread-2284] INFO  impl.RaftServerImpl (RaftServerImpl.java:setRole(174)) - 75a46326-9fdd-4357-8f55-056919852270@group-4CE1A2095E7B: changes role from  FOLLOWER to CANDIDATE at term 0 for changeToCandidate
2019-09-24 02:24:35,816 [Thread-2284] INFO  impl.RoleInfo (RoleInfo.java:updateAndGet(143)) - 75a46326-9fdd-4357-8f55-056919852270: start LeaderElection
2019-09-24 02:24:35,823 [Thread-2288] INFO  impl.FollowerState (FollowerState.java:run(106)) - d93e0f2d-aaab-42ca-acd5-b884b7a50f26:group-4CE1A2095E7B changes to CANDIDATE, lastRpcTime:1167, electionTimeout:1167ms
2019-09-24 02:24:35,823 [Thread-2288] INFO  impl.RoleInfo (RoleInfo.java:shutdownFollowerState(121)) - d93e0f2d-aaab-42ca-acd5-b884b7a50f26: shutdown FollowerState
2019-09-24 02:24:35,823 [Thread-2288] INFO  impl.RaftServerImpl (RaftServerImpl.java:setRole(174)) - d93e0f2d-aaab-42ca-acd5-b884b7a50f26@group-4CE1A2095E7B: changes role from  FOLLOWER to CANDIDATE at term 0 for changeToCandidate
2019-09-24 02:24:35,823 [Thread-2288] INFO  impl.RoleInfo (RoleInfo.java:updateAndGet(143)) - d93e0f2d-aaab-42ca-acd5-b884b7a50f26: start LeaderElection
2019-09-24 02:24:35,827 [Thread-2294] INFO  impl.FollowerState (FollowerState.java:run(106)) - b7adfa38-f86a-4f02-b078-d72f77d0455e:group-A3765C17C61C changes to CANDIDATE, lastRpcTime:1085, electionTimeout:1083ms
2019-09-24 02:24:35,830 [Thread-2287] INFO  impl.FollowerState (FollowerState.java:run(106)) - 7bca38f8-b0d1-4401-8113-ee118fd16170:group-4CE1A2095E7B changes to CANDIDATE, lastRpcTime:1174, electionTimeout:1173ms
2019-09-24 02:24:35,830 [Thread-2294] INFO  impl.RoleInfo (RoleInfo.java:shutdownFollowerState(121)) - b7adfa38-f86a-4f02-b078-d72f77d0455e: shutdown FollowerState
2019-09-24 02:24:35,830 [Thread-2287] INFO  impl.RoleInfo (RoleInfo.java:shutdownFollowerState(121)) - 7bca38f8-b0d1-4401-8113-ee118fd16170: shutdown FollowerState
2019-09-24 02:24:35,830 [Thread-2294] INFO  impl.RaftServerImpl (RaftServerImpl.java:setRole(174)) - b7adfa38-f86a-4f02-b078-d72f77d0455e@group-A3765C17C61C: changes role from  FOLLOWER to CANDIDATE at term 0 for changeToCandidate
2019-09-24 02:24:35,830 [Thread-2287] INFO  impl.RaftServerImpl (RaftServerImpl.java:setRole(174)) - 7bca38f8-b0d1-4401-8113-ee118fd16170@group-4CE1A2095E7B: changes role from  FOLLOWER to CANDIDATE at term 0 for changeToCandidate
2019-09-24 02:24:35,830 [Thread-2294] INFO  impl.RoleInfo (RoleInfo.java:updateAndGet(143)) - b7adfa38-f86a-4f02-b078-d72f77d0455e: start LeaderElection
2019-09-24 02:24:35,830 [Thread-2287] INFO  impl.RoleInfo (RoleInfo.java:updateAndGet(143)) - 7bca38f8-b0d1-4401-8113-ee118fd16170: start LeaderElection
2019-09-24 02:24:35,840 [75a46326-9fdd-4357-8f55-056919852270@group-4CE1A2095E7B:LeaderElection51] INFO  impl.LeaderElection (LeaderElection.java:askForVotes(182)) - 75a46326-9fdd-4357-8f55-056919852270@group-4CE1A2095E7B:LeaderElection51: begin an election at term 1 for -1: [7bca38f8-b0d1-4401-8113-ee118fd16170:192.168.151.121:38029, d93e0f2d-aaab-42ca-acd5-b884b7a50f26:192.168.151.121:41155, 75a46326-9fdd-4357-8f55-056919852270:192.168.151.121:36808], old=null
2019-09-24 02:24:35,840 [d93e0f2d-aaab-42ca-acd5-b884b7a50f26@group-4CE1A2095E7B:LeaderElection52] INFO  impl.LeaderElection (LeaderElection.java:askForVotes(182)) - d93e0f2d-aaab-42ca-acd5-b884b7a50f26@group-4CE1A2095E7B:LeaderElection52: begin an election at term 1 for -1: [7bca38f8-b0d1-4401-8113-ee118fd16170:192.168.151.121:38029, d93e0f2d-aaab-42ca-acd5-b884b7a50f26:192.168.151.121:41155, 75a46326-9fdd-4357-8f55-056919852270:192.168.151.121:36808], old=null
2019-09-24 02:24:35,856 [Thread-2297] INFO  impl.FollowerState (FollowerState.java:run(106)) - a2acb7c4-7563-4fb4-bd8c-c1e015953028:group-A3765C17C61C changes to CANDIDATE, lastRpcTime:1108, electionTimeout:1108ms
2019-09-24 02:24:35,857 [Thread-2297] INFO  impl.RoleInfo (RoleInfo.java:shutdownFollowerState(121)) - a2acb7c4-7563-4fb4-bd8c-c1e015953028: shutdown FollowerState
2019-09-24 02:24:35,860 [Thread-2297] INFO  impl.RaftServerImpl (RaftServerImpl.java:setRole(174)) - a2acb7c4-7563-4fb4-bd8c-c1e015953028@group-A3765C17C61C: changes role from  FOLLOWER to CANDIDATE at term 0 for changeToCandidate
2019-09-24 02:24:35,860 [Thread-2297] INFO  impl.RoleInfo (RoleInfo.java:updateAndGet(143)) - a2acb7c4-7563-4fb4-bd8c-c1e015953028: start LeaderElection
2019-09-24 02:24:35,863 [b7adfa38-f86a-4f02-b078-d72f77d0455e@group-A3765C17C61C:LeaderElection53] INFO  impl.LeaderElection (LeaderElection.java:askForVotes(182)) - b7adfa38-f86a-4f02-b078-d72f77d0455e@group-A3765C17C61C:LeaderElection53: begin an election at term 1 for -1: [b7adfa38-f86a-4f02-b078-d72f77d0455e:192.168.151.121:40480, 0dad0ba7-2de7-4c7e-bbfc-c35c9aa94a76:192.168.151.121:45601, a2acb7c4-7563-4fb4-bd8c-c1e015953028:192.168.151.121:37667], old=null
2019-09-24 02:24:35,863 [7bca38f8-b0d1-4401-8113-ee118fd16170@group-4CE1A2095E7B:LeaderElection54] INFO  impl.LeaderElection (LeaderElection.java:askForVotes(182)) - 7bca38f8-b0d1-4401-8113-ee118fd16170@group-4CE1A2095E7B:LeaderElection54: begin an election at term 1 for -1: [7bca38f8-b0d1-4401-8113-ee118fd16170:192.168.151.121:38029, d93e0f2d-aaab-42ca-acd5-b884b7a50f26:192.168.151.121:41155, 75a46326-9fdd-4357-8f55-056919852270:192.168.151.121:36808], old=null
2019-09-24 02:24:35,877 [75a46326-9fdd-4357-8f55-056919852270@group-4CE1A2095E7B:LeaderElection51] INFO  impl.LeaderElection (LeaderElection.java:logAndReturn(56)) - 75a46326-9fdd-4357-8f55-056919852270@group-4CE1A2095E7B:LeaderElection51: Election REJECTED; received 2 response(s) [75a46326-9fdd-4357-8f55-056919852270<-7bca38f8-b0d1-4401-8113-ee118fd16170#0:FAIL-t1, 75a46326-9fdd-4357-8f55-056919852270<-d93e0f2d-aaab-42ca-acd5-b884b7a50f26#0:FAIL-t1] and 0 exception(s); 75a46326-9fdd-4357-8f55-056919852270@group-4CE1A2095E7B:t1, leader=null, voted=75a46326-9fdd-4357-8f55-056919852270, raftlog=75a46326-9fdd-4357-8f55-056919852270@group-4CE1A2095E7B-SegmentedRaftLog:OPENED:c-1,f-1,i0, conf=-1: [7bca38f8-b0d1-4401-8113-ee118fd16170:192.168.151.121:38029, d93e0f2d-aaab-42ca-acd5-b884b7a50f26:192.168.151.121:41155, 75a46326-9fdd-4357-8f55-056919852270:192.168.151.121:36808], old=null
2019-09-24 02:24:35,877 [d93e0f2d-aaab-42ca-acd5-b884b7a50f26@group-4CE1A2095E7B:LeaderElection52] INFO  impl.LeaderElection (LeaderElection.java:logAndReturn(56)) - d93e0f2d-aaab-42ca-acd5-b884b7a50f26@group-4CE1A2095E7B:LeaderElection52: Election REJECTED; received 2 response(s) [d93e0f2d-aaab-42ca-acd5-b884b7a50f26<-7bca38f8-b0d1-4401-8113-ee118fd16170#0:FAIL-t1, d93e0f2d-aaab-42ca-acd5-b884b7a50f26<-75a46326-9fdd-4357-8f55-056919852270#0:FAIL-t1] and 0 exception(s); d93e0f2d-aaab-42ca-acd5-b884b7a50f26@group-4CE1A2095E7B:t1, leader=null, voted=d93e0f2d-aaab-42ca-acd5-b884b7a50f26, raftlog=d93e0f2d-aaab-42ca-acd5-b884b7a50f26@group-4CE1A2095E7B-SegmentedRaftLog:OPENED:c-1,f-1,i0, conf=-1: [7bca38f8-b0d1-4401-8113-ee118fd16170:192.168.151.121:38029, d93e0f2d-aaab-42ca-acd5-b884b7a50f26:192.168.151.121:41155, 75a46326-9fdd-4357-8f55-056919852270:192.168.151.121:36808], old=null
2019-09-24 02:24:35,877 [75a46326-9fdd-4357-8f55-056919852270@group-4CE1A2095E7B:LeaderElection51] INFO  impl.RaftServerImpl (RaftServerImpl.java:setRole(174)) - 75a46326-9fdd-4357-8f55-056919852270@group-4CE1A2095E7B: changes role from CANDIDATE to FOLLOWER at term 1 for DISCOVERED_A_NEW_TERM
2019-09-24 02:24:35,880 [d93e0f2d-aaab-42ca-acd5-b884b7a50f26@group-4CE1A2095E7B:LeaderElection52] INFO  impl.RaftServerImpl (RaftServerImpl.java:setRole(174)) - d93e0f2d-aaab-42ca-acd5-b884b7a50f26@group-4CE1A2095E7B: changes role from CANDIDATE to FOLLOWER at term 1 for DISCOVERED_A_NEW_TERM
2019-09-24 02:24:35,884 [d93e0f2d-aaab-42ca-acd5-b884b7a50f26@group-4CE1A2095E7B:LeaderElection52] INFO  impl.RoleInfo (RoleInfo.java:shutdownLeaderElection(134)) - d93e0f2d-aaab-42ca-acd5-b884b7a50f26: shutdown LeaderElection
2019-09-24 02:24:35,881 [75a46326-9fdd-4357-8f55-056919852270@group-4CE1A2095E7B:LeaderElection51] INFO  impl.RoleInfo (RoleInfo.java:shutdownLeaderElection(134)) - 75a46326-9fdd-4357-8f55-056919852270: shutdown LeaderElection
2019-09-24 02:24:35,884 [d93e0f2d-aaab-42ca-acd5-b884b7a50f26@group-4CE1A2095E7B:LeaderElection52] INFO  impl.RoleInfo (RoleInfo.java:updateAndGet(143)) - d93e0f2d-aaab-42ca-acd5-b884b7a50f26: start FollowerState
2019-09-24 02:24:35,884 [75a46326-9fdd-4357-8f55-056919852270@group-4CE1A2095E7B:LeaderElection51] INFO  impl.RoleInfo (RoleInfo.java:updateAndGet(143)) - 75a46326-9fdd-4357-8f55-056919852270: start FollowerState
2019-09-24 02:24:35,890 [a2acb7c4-7563-4fb4-bd8c-c1e015953028@group-A3765C17C61C:LeaderElection55] INFO  impl.LeaderElection (LeaderElection.java:askForVotes(182)) - a2acb7c4-7563-4fb4-bd8c-c1e015953028@group-A3765C17C61C:LeaderElection55: begin an election at term 1 for -1: [b7adfa38-f86a-4f02-b078-d72f77d0455e:192.168.151.121:40480, 0dad0ba7-2de7-4c7e-bbfc-c35c9aa94a76:192.168.151.121:45601, a2acb7c4-7563-4fb4-bd8c-c1e015953028:192.168.151.121:37667], old=null
2019-09-24 02:24:35,893 [grpc-default-executor-3] INFO  impl.RaftServerImpl (RaftServerImpl.java:setRole(174)) - 0dad0ba7-2de7-4c7e-bbfc-c35c9aa94a76@group-A3765C17C61C: changes role from  FOLLOWER to FOLLOWER at term 1 for recognizeCandidate:b7adfa38-f86a-4f02-b078-d72f77d0455e
2019-09-24 02:24:35,896 [grpc-default-executor-3] INFO  impl.RoleInfo (RoleInfo.java:shutdownFollowerState(121)) - 0dad0ba7-2de7-4c7e-bbfc-c35c9aa94a76: shutdown FollowerState
2019-09-24 02:24:35,896 [grpc-default-executor-3] INFO  impl.RoleInfo (RoleInfo.java:updateAndGet(143)) - 0dad0ba7-2de7-4c7e-bbfc-c35c9aa94a76: start FollowerState
2019-09-24 02:24:35,899 [Thread-2296] INFO  impl.FollowerState (FollowerState.java:run(115)) - 0dad0ba7-2de7-4c7e-bbfc-c35c9aa94a76: FollowerState was interrupted: java.lang.InterruptedException: sleep interrupted
2019-09-24 02:24:35,919 [7bca38f8-b0d1-4401-8113-ee118fd16170@group-4CE1A2095E7B:LeaderElection54] INFO  impl.LeaderElection (LeaderElection.java:logAndReturn(56)) - 7bca38f8-b0d1-4401-8113-ee118fd16170@group-4CE1A2095E7B:LeaderElection54: Election REJECTED; received 2 response(s) [7bca38f8-b0d1-4401-8113-ee118fd16170<-d93e0f2d-aaab-42ca-acd5-b884b7a50f26#0:FAIL-t1, 7bca38f8-b0d1-4401-8113-ee118fd16170<-75a46326-9fdd-4357-8f55-056919852270#0:FAIL-t1] and 0 exception(s); 7bca38f8-b0d1-4401-8113-ee118fd16170@group-4CE1A2095E7B:t1, leader=null, voted=7bca38f8-b0d1-4401-8113-ee118fd16170, raftlog=7bca38f8-b0d1-4401-8113-ee118fd16170@group-4CE1A2095E7B-SegmentedRaftLog:OPENED:c-1,f-1,i0, conf=-1: [7bca38f8-b0d1-4401-8113-ee118fd16170:192.168.151.121:38029, d93e0f2d-aaab-42ca-acd5-b884b7a50f26:192.168.151.121:41155, 75a46326-9fdd-4357-8f55-056919852270:192.168.151.121:36808], old=null
2019-09-24 02:24:35,919 [7bca38f8-b0d1-4401-8113-ee118fd16170@group-4CE1A2095E7B:LeaderElection54] INFO  impl.RaftServerImpl (RaftServerImpl.java:setRole(174)) - 7bca38f8-b0d1-4401-8113-ee118fd16170@group-4CE1A2095E7B: changes role from CANDIDATE to FOLLOWER at term 1 for DISCOVERED_A_NEW_TERM
2019-09-24 02:24:35,919 [7bca38f8-b0d1-4401-8113-ee118fd16170@group-4CE1A2095E7B:LeaderElection54] INFO  impl.RoleInfo (RoleInfo.java:shutdownLeaderElection(134)) - 7bca38f8-b0d1-4401-8113-ee118fd16170: shutdown LeaderElection
2019-09-24 02:24:35,920 [7bca38f8-b0d1-4401-8113-ee118fd16170@group-4CE1A2095E7B:LeaderElection54] INFO  impl.RoleInfo (RoleInfo.java:updateAndGet(143)) - 7bca38f8-b0d1-4401-8113-ee118fd16170: start FollowerState
2019-09-24 02:24:35,940 [b7adfa38-f86a-4f02-b078-d72f77d0455e@group-A3765C17C61C:LeaderElection53] INFO  impl.LeaderElection (LeaderElection.java:logAndReturn(56)) - b7adfa38-f86a-4f02-b078-d72f77d0455e@group-A3765C17C61C:LeaderElection53: Election PASSED; received 2 response(s) [b7adfa38-f86a-4f02-b078-d72f77d0455e<-0dad0ba7-2de7-4c7e-bbfc-c35c9aa94a76#0:OK-t1, b7adfa38-f86a-4f02-b078-d72f77d0455e<-a2acb7c4-7563-4fb4-bd8c-c1e015953028#0:FAIL-t1] and 0 exception(s); b7adfa38-f86a-4f02-b078-d72f77d0455e@group-A3765C17C61C:t1, leader=null, voted=b7adfa38-f86a-4f02-b078-d72f77d0455e, raftlog=b7adfa38-f86a-4f02-b078-d72f77d0455e@group-A3765C17C61C-SegmentedRaftLog:OPENED:c-1,f-1,i0, conf=-1: [b7adfa38-f86a-4f02-b078-d72f77d0455e:192.168.151.121:40480, 0dad0ba7-2de7-4c7e-bbfc-c35c9aa94a76:192.168.151.121:45601, a2acb7c4-7563-4fb4-bd8c-c1e015953028:192.168.151.121:37667], old=null
2019-09-24 02:24:35,942 [b7adfa38-f86a-4f02-b078-d72f77d0455e@group-A3765C17C61C:LeaderElection53] INFO  impl.RoleInfo (RoleInfo.java:shutdownLeaderElection(134)) - b7adfa38-f86a-4f02-b078-d72f77d0455e: shutdown LeaderElection
2019-09-24 02:24:35,942 [b7adfa38-f86a-4f02-b078-d72f77d0455e@group-A3765C17C61C:LeaderElection53] INFO  impl.RaftServerImpl (RaftServerImpl.java:setRole(174)) - b7adfa38-f86a-4f02-b078-d72f77d0455e@group-A3765C17C61C: changes role from CANDIDATE to LEADER at term 1 for changeToLeader
2019-09-24 02:24:35,942 [b7adfa38-f86a-4f02-b078-d72f77d0455e@group-A3765C17C61C:LeaderElection53] INFO  impl.RaftServerImpl (ServerState.java:setLeader(253)) - b7adfa38-f86a-4f02-b078-d72f77d0455e@group-A3765C17C61C: change Leader from null to b7adfa38-f86a-4f02-b078-d72f77d0455e at term 1 for becomeLeader, leader elected after 1210ms
2019-09-24 02:24:35,942 [a2acb7c4-7563-4fb4-bd8c-c1e015953028@group-A3765C17C61C:LeaderElection55] INFO  impl.LeaderElection (LeaderElection.java:logAndReturn(56)) - a2acb7c4-7563-4fb4-bd8c-c1e015953028@group-A3765C17C61C:LeaderElection55: Election REJECTED; received 2 response(s) [a2acb7c4-7563-4fb4-bd8c-c1e015953028<-b7adfa38-f86a-4f02-b078-d72f77d0455e#0:FAIL-t1, a2acb7c4-7563-4fb4-bd8c-c1e015953028<-0dad0ba7-2de7-4c7e-bbfc-c35c9aa94a76#0:FAIL-t1] and 0 exception(s); a2acb7c4-7563-4fb4-bd8c-c1e015953028@group-A3765C17C61C:t1, leader=null, voted=a2acb7c4-7563-4fb4-bd8c-c1e015953028, raftlog=a2acb7c4-7563-4fb4-bd8c-c1e015953028@group-A3765C17C61C-SegmentedRaftLog:OPENED:c-1,f-1,i0, conf=-1: [b7adfa38-f86a-4f02-b078-d72f77d0455e:192.168.151.121:40480, 0dad0ba7-2de7-4c7e-bbfc-c35c9aa94a76:192.168.151.121:45601, a2acb7c4-7563-4fb4-bd8c-c1e015953028:192.168.151.121:37667], old=null
2019-09-24 02:24:35,945 [a2acb7c4-7563-4fb4-bd8c-c1e015953028@group-A3765C17C61C:LeaderElection55] INFO  impl.RaftServerImpl (RaftServerImpl.java:setRole(174)) - a2acb7c4-7563-4fb4-bd8c-c1e015953028@group-A3765C17C61C: changes role from CANDIDATE to FOLLOWER at term 1 for DISCOVERED_A_NEW_TERM
2019-09-24 02:24:35,945 [b7adfa38-f86a-4f02-b078-d72f77d0455e@group-A3765C17C61C:LeaderElection53] INFO  server.RaftServerConfigKeys (ConfUtils.java:logGet(43)) - raft.server.staging.catchup.gap = 1000 (default)
2019-09-24 02:24:35,947 [a2acb7c4-7563-4fb4-bd8c-c1e015953028@group-A3765C17C61C:LeaderElection55] INFO  impl.RoleInfo (RoleInfo.java:shutdownLeaderElection(134)) - a2acb7c4-7563-4fb4-bd8c-c1e015953028: shutdown LeaderElection
2019-09-24 02:24:35,947 [b7adfa38-f86a-4f02-b078-d72f77d0455e@group-A3765C17C61C:LeaderElection53] INFO  server.RaftServerConfigKeys (ConfUtils.java:logGet(43)) - raft.server.rpc.sleep.time = 25ms (default)
2019-09-24 02:24:35,947 [a2acb7c4-7563-4fb4-bd8c-c1e015953028@group-A3765C17C61C:LeaderElection55] INFO  impl.RoleInfo (RoleInfo.java:updateAndGet(143)) - a2acb7c4-7563-4fb4-bd8c-c1e015953028: start FollowerState
2019-09-24 02:24:35,947 [b7adfa38-f86a-4f02-b078-d72f77d0455e@group-A3765C17C61C:LeaderElection53] INFO  server.RaftServerConfigKeys (ConfUtils.java:logGet(43)) - raft.server.write.element-limit = 4096 (default)
2019-09-24 02:24:35,948 [b7adfa38-f86a-4f02-b078-d72f77d0455e@group-A3765C17C61C:LeaderElection53] INFO  server.RaftServerConfigKeys (ConfUtils.java:logGet(43)) - raft.server.watch.timeout = 10s (default)
2019-09-24 02:24:35,948 [b7adfa38-f86a-4f02-b078-d72f77d0455e@group-A3765C17C61C:LeaderElection53] INFO  server.RaftServerConfigKeys (ConfUtils.java:logGet(43)) - raft.server.watch.timeout.denomination = 1s (default)
2019-09-24 02:24:35,948 [b7adfa38-f86a-4f02-b078-d72f77d0455e@group-A3765C17C61C:LeaderElection53] INFO  server.RaftServerConfigKeys (ConfUtils.java:logGet(43)) - raft.server.watch.element-limit = 65536 (default)
2019-09-24 02:24:35,950 [b7adfa38-f86a-4f02-b078-d72f77d0455e@group-A3765C17C61C:LeaderElection53] INFO  server.RaftServerConfigKeys (ConfUtils.java:logGet(43)) - raft.server.log.appender.snapshot.chunk.size.max = 16MB (=16777216) (default)
2019-09-24 02:24:35,950 [b7adfa38-f86a-4f02-b078-d72f77d0455e@group-A3765C17C61C:LeaderElection53] INFO  server.RaftServerConfigKeys (ConfUtils.java:logGet(43)) - raft.server.log.appender.buffer.byte-limit = 33554432 (custom)
2019-09-24 02:24:35,950 [b7adfa38-f86a-4f02-b078-d72f77d0455e@group-A3765C17C61C:LeaderElection53] INFO  server.RaftServerConfigKeys (ConfUtils.java:logGet(43)) - raft.server.log.appender.buffer.element-limit = 1 (custom)
2019-09-24 02:24:35,951 [b7adfa38-f86a-4f02-b078-d72f77d0455e@group-A3765C17C61C:LeaderElection53] INFO  grpc.GrpcConfigKeys$Server (ConfUtils.java:logGet(43)) - raft.grpc.server.leader.outstanding.appends.max = 128 (default)
2019-09-24 02:24:35,951 [b7adfa38-f86a-4f02-b078-d72f77d0455e@group-A3765C17C61C:LeaderElection53] INFO  server.RaftServerConfigKeys (ConfUtils.java:logGet(43)) - raft.server.rpc.request.timeout = 3000ms (default)
2019-09-24 02:24:35,951 [b7adfa38-f86a-4f02-b078-d72f77d0455e@group-A3765C17C61C:LeaderElection53] INFO  server.RaftServerConfigKeys (ConfUtils.java:logGet(43)) - raft.server.log.appender.install.snapshot.enabled = false (custom)
2019-09-24 02:24:35,951 [b7adfa38-f86a-4f02-b078-d72f77d0455e@group-A3765C17C61C:LeaderElection53] INFO  server.RaftServerConfigKeys (ConfUtils.java:logGet(43)) - raft.server.log.appender.snapshot.chunk.size.max = 16MB (=16777216) (default)
2019-09-24 02:24:35,951 [b7adfa38-f86a-4f02-b078-d72f77d0455e@group-A3765C17C61C:LeaderElection53] INFO  server.RaftServerConfigKeys (ConfUtils.java:logGet(43)) - raft.server.log.appender.buffer.byte-limit = 33554432 (custom)
2019-09-24 02:24:35,951 [b7adfa38-f86a-4f02-b078-d72f77d0455e@group-A3765C17C61C:LeaderElection53] INFO  server.RaftServerConfigKeys (ConfUtils.java:logGet(43)) - raft.server.log.appender.buffer.element-limit = 1 (custom)
2019-09-24 02:24:35,951 [b7adfa38-f86a-4f02-b078-d72f77d0455e@group-A3765C17C61C:LeaderElection53] INFO  grpc.GrpcConfigKeys$Server (ConfUtils.java:logGet(43)) - raft.grpc.server.leader.outstanding.appends.max = 128 (default)
2019-09-24 02:24:35,952 [b7adfa38-f86a-4f02-b078-d72f77d0455e@group-A3765C17C61C:LeaderElection53] INFO  server.RaftServerConfigKeys (ConfUtils.java:logGet(43)) - raft.server.rpc.request.timeout = 3000ms (default)
2019-09-24 02:24:35,952 [b7adfa38-f86a-4f02-b078-d72f77d0455e@group-A3765C17C61C:LeaderElection53] INFO  server.RaftServerConfigKeys (ConfUtils.java:logGet(43)) - raft.server.log.appender.install.snapshot.enabled = false (custom)
2019-09-24 02:24:35,952 [b7adfa38-f86a-4f02-b078-d72f77d0455e@group-A3765C17C61C:LeaderElection53] INFO  impl.RoleInfo (RoleInfo.java:updateAndGet(143)) - b7adfa38-f86a-4f02-b078-d72f77d0455e: start LeaderState
2019-09-24 02:24:35,952 [b7adfa38-f86a-4f02-b078-d72f77d0455e@group-A3765C17C61C:LeaderElection53] INFO  segmented.SegmentedRaftLogWorker (SegmentedRaftLogWorker.java:startLogSegment(380)) - b7adfa38-f86a-4f02-b078-d72f77d0455e@group-A3765C17C61C-SegmentedRaftLogWorker: Starting segment from index:0
2019-09-24 02:24:35,953 [b7adfa38-f86a-4f02-b078-d72f77d0455e@group-A3765C17C61C:LeaderElection53] INFO  impl.RaftServerImpl (ServerState.java:setRaftConf(354)) - b7adfa38-f86a-4f02-b078-d72f77d0455e@group-A3765C17C61C: set configuration 0: [b7adfa38-f86a-4f02-b078-d72f77d0455e:192.168.151.121:40480, 0dad0ba7-2de7-4c7e-bbfc-c35c9aa94a76:192.168.151.121:45601, a2acb7c4-7563-4fb4-bd8c-c1e015953028:192.168.151.121:37667], old=null at 0
2019-09-24 02:24:35,985 [grpc-default-executor-3] INFO  impl.RaftServerImpl (ServerState.java:setLeader(253)) - a2acb7c4-7563-4fb4-bd8c-c1e015953028@group-A3765C17C61C: change Leader from null to b7adfa38-f86a-4f02-b078-d72f77d0455e at term 1 for appendEntries, leader elected after 1252ms
2019-09-24 02:24:35,985 [grpc-default-executor-0] INFO  impl.RaftServerImpl (ServerState.java:setLeader(253)) - 0dad0ba7-2de7-4c7e-bbfc-c35c9aa94a76@group-A3765C17C61C: change Leader from null to b7adfa38-f86a-4f02-b078-d72f77d0455e at term 1 for appendEntries, leader elected after 1252ms
2019-09-24 02:24:35,989 [grpc-default-executor-0] INFO  impl.RaftServerImpl (ServerState.java:setRaftConf(354)) - 0dad0ba7-2de7-4c7e-bbfc-c35c9aa94a76@group-A3765C17C61C: set configuration 0: [b7adfa38-f86a-4f02-b078-d72f77d0455e:192.168.151.121:40480, 0dad0ba7-2de7-4c7e-bbfc-c35c9aa94a76:192.168.151.121:45601, a2acb7c4-7563-4fb4-bd8c-c1e015953028:192.168.151.121:37667], old=null at 0
2019-09-24 02:24:35,989 [grpc-default-executor-3] INFO  impl.RaftServerImpl (ServerState.java:setRaftConf(354)) - a2acb7c4-7563-4fb4-bd8c-c1e015953028@group-A3765C17C61C: set configuration 0: [b7adfa38-f86a-4f02-b078-d72f77d0455e:192.168.151.121:40480, 0dad0ba7-2de7-4c7e-bbfc-c35c9aa94a76:192.168.151.121:45601, a2acb7c4-7563-4fb4-bd8c-c1e015953028:192.168.151.121:37667], old=null at 0
2019-09-24 02:24:35,989 [grpc-default-executor-0] INFO  segmented.SegmentedRaftLogWorker (SegmentedRaftLogWorker.java:startLogSegment(380)) - 0dad0ba7-2de7-4c7e-bbfc-c35c9aa94a76@group-A3765C17C61C-SegmentedRaftLogWorker: Starting segment from index:0
2019-09-24 02:24:35,989 [grpc-default-executor-3] INFO  segmented.SegmentedRaftLogWorker (SegmentedRaftLogWorker.java:startLogSegment(380)) - a2acb7c4-7563-4fb4-bd8c-c1e015953028@group-A3765C17C61C-SegmentedRaftLogWorker: Starting segment from index:0
2019-09-24 02:24:35,996 [b7adfa38-f86a-4f02-b078-d72f77d0455e@group-A3765C17C61C-SegmentedRaftLogWorker] INFO  segmented.SegmentedRaftLogWorker (SegmentedRaftLogWorker.java:execute(569)) - b7adfa38-f86a-4f02-b078-d72f77d0455e@group-A3765C17C61C-SegmentedRaftLogWorker: created new log segment /workdir/hadoop-ozone/integration-test/target/test-dir/MiniOzoneClusterImpl-69b5c385-cdb4-4487-be19-c3541ab4b602/datanode-5/data/ratis/f2805248-f93c-40f7-9bea-a3765c17c61c/current/log_inprogress_0
2019-09-24 02:24:36,029 [0dad0ba7-2de7-4c7e-bbfc-c35c9aa94a76@group-A3765C17C61C-SegmentedRaftLogWorker] INFO  segmented.SegmentedRaftLogWorker (SegmentedRaftLogWorker.java:execute(569)) - 0dad0ba7-2de7-4c7e-bbfc-c35c9aa94a76@group-A3765C17C61C-SegmentedRaftLogWorker: created new log segment /workdir/hadoop-ozone/integration-test/target/test-dir/MiniOzoneClusterImpl-69b5c385-cdb4-4487-be19-c3541ab4b602/datanode-6/data/ratis/f2805248-f93c-40f7-9bea-a3765c17c61c/current/log_inprogress_0
2019-09-24 02:24:36,029 [a2acb7c4-7563-4fb4-bd8c-c1e015953028@group-A3765C17C61C-SegmentedRaftLogWorker] INFO  segmented.SegmentedRaftLogWorker (SegmentedRaftLogWorker.java:execute(569)) - a2acb7c4-7563-4fb4-bd8c-c1e015953028@group-A3765C17C61C-SegmentedRaftLogWorker: created new log segment /workdir/hadoop-ozone/integration-test/target/test-dir/MiniOzoneClusterImpl-69b5c385-cdb4-4487-be19-c3541ab4b602/datanode-9/data/ratis/f2805248-f93c-40f7-9bea-a3765c17c61c/current/log_inprogress_0
2019-09-24 02:24:36,415 [Thread-2318] INFO  impl.FollowerState (FollowerState.java:run(106)) - 1d7c29ff-f782-4e4c-a166-2c7d98aa0a2e:group-BF4A884C52EC changes to CANDIDATE, lastRpcTime:1071, electionTimeout:1071ms
2019-09-24 02:24:36,415 [Thread-2318] INFO  impl.RoleInfo (RoleInfo.java:shutdownFollowerState(121)) - 1d7c29ff-f782-4e4c-a166-2c7d98aa0a2e: shutdown FollowerState
2019-09-24 02:24:36,415 [Thread-2318] INFO  impl.RaftServerImpl (RaftServerImpl.java:setRole(174)) - 1d7c29ff-f782-4e4c-a166-2c7d98aa0a2e@group-BF4A884C52EC: changes role from  FOLLOWER to CANDIDATE at term 1 for changeToCandidate
2019-09-24 02:24:36,415 [Thread-2318] INFO  impl.RoleInfo (RoleInfo.java:updateAndGet(143)) - 1d7c29ff-f782-4e4c-a166-2c7d98aa0a2e: start LeaderElection
2019-09-24 02:24:36,421 [1d7c29ff-f782-4e4c-a166-2c7d98aa0a2e@group-BF4A884C52EC:LeaderElection56] INFO  impl.LeaderElection (LeaderElection.java:askForVotes(182)) - 1d7c29ff-f782-4e4c-a166-2c7d98aa0a2e@group-BF4A884C52EC:LeaderElection56: begin an election at term 2 for -1: [c4751e07-4727-4633-be79-0e5d9146c54d:192.168.151.121:37596, 1d7c29ff-f782-4e4c-a166-2c7d98aa0a2e:192.168.151.121:34209, 976b4ad9-2763-4348-94fe-da9eb86c31c0:192.168.151.121:36117], old=null
2019-09-24 02:24:36,424 [grpc-default-executor-3] INFO  impl.RaftServerImpl (RaftServerImpl.java:setRole(174)) - c4751e07-4727-4633-be79-0e5d9146c54d@group-BF4A884C52EC: changes role from  FOLLOWER to FOLLOWER at term 2 for recognizeCandidate:1d7c29ff-f782-4e4c-a166-2c7d98aa0a2e
2019-09-24 02:24:36,424 [grpc-default-executor-0] INFO  impl.RaftServerImpl (RaftServerImpl.java:setRole(174)) - 976b4ad9-2763-4348-94fe-da9eb86c31c0@group-BF4A884C52EC: changes role from  FOLLOWER to FOLLOWER at term 2 for recognizeCandidate:1d7c29ff-f782-4e4c-a166-2c7d98aa0a2e
2019-09-24 02:24:36,424 [grpc-default-executor-3] INFO  impl.RoleInfo (RoleInfo.java:shutdownFollowerState(121)) - c4751e07-4727-4633-be79-0e5d9146c54d: shutdown FollowerState
2019-09-24 02:24:36,425 [grpc-default-executor-0] INFO  impl.RoleInfo (RoleInfo.java:shutdownFollowerState(121)) - 976b4ad9-2763-4348-94fe-da9eb86c31c0: shutdown FollowerState
2019-09-24 02:24:36,425 [Thread-2317] INFO  impl.FollowerState (FollowerState.java:run(115)) - c4751e07-4727-4633-be79-0e5d9146c54d: FollowerState was interrupted: java.lang.InterruptedException: sleep interrupted
2019-09-24 02:24:36,425 [Thread-2320] INFO  impl.FollowerState (FollowerState.java:run(115)) - 976b4ad9-2763-4348-94fe-da9eb86c31c0: FollowerState was interrupted: java.lang.InterruptedException: sleep interrupted
2019-09-24 02:24:36,425 [grpc-default-executor-3] INFO  impl.RoleInfo (RoleInfo.java:updateAndGet(143)) - c4751e07-4727-4633-be79-0e5d9146c54d: start FollowerState
2019-09-24 02:24:36,425 [grpc-default-executor-0] INFO  impl.RoleInfo (RoleInfo.java:updateAndGet(143)) - 976b4ad9-2763-4348-94fe-da9eb86c31c0: start FollowerState
2019-09-24 02:24:36,432 [1d7c29ff-f782-4e4c-a166-2c7d98aa0a2e@group-BF4A884C52EC:LeaderElection56] INFO  impl.LeaderElection (LeaderElection.java:logAndReturn(56)) - 1d7c29ff-f782-4e4c-a166-2c7d98aa0a2e@group-BF4A884C52EC:LeaderElection56: Election PASSED; received 1 response(s) [1d7c29ff-f782-4e4c-a166-2c7d98aa0a2e<-c4751e07-4727-4633-be79-0e5d9146c54d#0:OK-t2] and 0 exception(s); 1d7c29ff-f782-4e4c-a166-2c7d98aa0a2e@group-BF4A884C52EC:t2, leader=null, voted=1d7c29ff-f782-4e4c-a166-2c7d98aa0a2e, raftlog=1d7c29ff-f782-4e4c-a166-2c7d98aa0a2e@group-BF4A884C52EC-SegmentedRaftLog:OPENED:c-1,f-1,i0, conf=-1: [c4751e07-4727-4633-be79-0e5d9146c54d:192.168.151.121:37596, 1d7c29ff-f782-4e4c-a166-2c7d98aa0a2e:192.168.151.121:34209, 976b4ad9-2763-4348-94fe-da9eb86c31c0:192.168.151.121:36117], old=null
2019-09-24 02:24:36,432 [1d7c29ff-f782-4e4c-a166-2c7d98aa0a2e@group-BF4A884C52EC:LeaderElection56] INFO  impl.RoleInfo (RoleInfo.java:shutdownLeaderElection(134)) - 1d7c29ff-f782-4e4c-a166-2c7d98aa0a2e: shutdown LeaderElection
2019-09-24 02:24:36,433 [1d7c29ff-f782-4e4c-a166-2c7d98aa0a2e@group-BF4A884C52EC:LeaderElection56] INFO  impl.RaftServerImpl (RaftServerImpl.java:setRole(174)) - 1d7c29ff-f782-4e4c-a166-2c7d98aa0a2e@group-BF4A884C52EC: changes role from CANDIDATE to LEADER at term 2 for changeToLeader
2019-09-24 02:24:36,433 [1d7c29ff-f782-4e4c-a166-2c7d98aa0a2e@group-BF4A884C52EC:LeaderElection56] INFO  impl.RaftServerImpl (ServerState.java:setLeader(253)) - 1d7c29ff-f782-4e4c-a166-2c7d98aa0a2e@group-BF4A884C52EC: change Leader from null to 1d7c29ff-f782-4e4c-a166-2c7d98aa0a2e at term 2 for becomeLeader, leader elected after 2271ms
2019-09-24 02:24:36,433 [1d7c29ff-f782-4e4c-a166-2c7d98aa0a2e@group-BF4A884C52EC:LeaderElection56] INFO  server.RaftServerConfigKeys (ConfUtils.java:logGet(43)) - raft.server.staging.catchup.gap = 1000 (default)
2019-09-24 02:24:36,433 [1d7c29ff-f782-4e4c-a166-2c7d98aa0a2e@group-BF4A884C52EC:LeaderElection56] INFO  server.RaftServerConfigKeys (ConfUtils.java:logGet(43)) - raft.server.rpc.sleep.time = 25ms (default)
2019-09-24 02:24:36,433 [1d7c29ff-f782-4e4c-a166-2c7d98aa0a2e@group-BF4A884C52EC:LeaderElection56] INFO  server.RaftServerConfigKeys (ConfUtils.java:logGet(43)) - raft.server.write.element-limit = 4096 (default)
2019-09-24 02:24:36,433 [1d7c29ff-f782-4e4c-a166-2c7d98aa0a2e@group-BF4A884C52EC:LeaderElection56] INFO  server.RaftServerConfigKeys (ConfUtils.java:logGet(43)) - raft.server.watch.timeout = 10s (default)
2019-09-24 02:24:36,434 [1d7c29ff-f782-4e4c-a166-2c7d98aa0a2e@group-BF4A884C52EC:LeaderElection56] INFO  server.RaftServerConfigKeys (ConfUtils.java:logGet(43)) - raft.server.watch.timeout.denomination = 1s (default)
2019-09-24 02:24:36,434 [1d7c29ff-f782-4e4c-a166-2c7d98aa0a2e@group-BF4A884C52EC:LeaderElection56] INFO  server.RaftServerConfigKeys (ConfUtils.java:logGet(43)) - raft.server.watch.element-limit = 65536 (default)
2019-09-24 02:24:36,436 [1d7c29ff-f782-4e4c-a166-2c7d98aa0a2e@group-BF4A884C52EC:LeaderElection56] INFO  server.RaftServerConfigKeys (ConfUtils.java:logGet(43)) - raft.server.log.appender.snapshot.chunk.size.max = 16MB (=16777216) (default)
2019-09-24 02:24:36,437 [1d7c29ff-f782-4e4c-a166-2c7d98aa0a2e@group-BF4A884C52EC:LeaderElection56] INFO  server.RaftServerConfigKeys (ConfUtils.java:logGet(43)) - raft.server.log.appender.buffer.byte-limit = 33554432 (custom)
2019-09-24 02:24:36,437 [1d7c29ff-f782-4e4c-a166-2c7d98aa0a2e@group-BF4A884C52EC:LeaderElection56] INFO  server.RaftServerConfigKeys (ConfUtils.java:logGet(43)) - raft.server.log.appender.buffer.element-limit = 1 (custom)
2019-09-24 02:24:36,437 [1d7c29ff-f782-4e4c-a166-2c7d98aa0a2e@group-BF4A884C52EC:LeaderElection56] INFO  grpc.GrpcConfigKeys$Server (ConfUtils.java:logGet(43)) - raft.grpc.server.leader.outstanding.appends.max = 128 (default)
2019-09-24 02:24:36,437 [1d7c29ff-f782-4e4c-a166-2c7d98aa0a2e@group-BF4A884C52EC:LeaderElection56] INFO  server.RaftServerConfigKeys (ConfUtils.java:logGet(43)) - raft.server.rpc.request.timeout = 3000ms (default)
2019-09-24 02:24:36,437 [1d7c29ff-f782-4e4c-a166-2c7d98aa0a2e@group-BF4A884C52EC:LeaderElection56] INFO  server.RaftServerConfigKeys (ConfUtils.java:logGet(43)) - raft.server.log.appender.install.snapshot.enabled = false (custom)
2019-09-24 02:24:36,438 [1d7c29ff-f782-4e4c-a166-2c7d98aa0a2e@group-BF4A884C52EC:LeaderElection56] INFO  server.RaftServerConfigKeys (ConfUtils.java:logGet(43)) - raft.server.log.appender.snapshot.chunk.size.max = 16MB (=16777216) (default)
2019-09-24 02:24:36,438 [1d7c29ff-f782-4e4c-a166-2c7d98aa0a2e@group-BF4A884C52EC:LeaderElection56] INFO  server.RaftServerConfigKeys (ConfUtils.java:logGet(43)) - raft.server.log.appender.buffer.byte-limit = 33554432 (custom)
2019-09-24 02:24:36,438 [1d7c29ff-f782-4e4c-a166-2c7d98aa0a2e@group-BF4A884C52EC:LeaderElection56] INFO  server.RaftServerConfigKeys (ConfUtils.java:logGet(43)) - raft.server.log.appender.buffer.element-limit = 1 (custom)
2019-09-24 02:24:36,438 [1d7c29ff-f782-4e4c-a166-2c7d98aa0a2e@group-BF4A884C52EC:LeaderElection56] INFO  grpc.GrpcConfigKeys$Server (ConfUtils.java:logGet(43)) - raft.grpc.server.leader.outstanding.appends.max = 128 (default)
2019-09-24 02:24:36,438 [1d7c29ff-f782-4e4c-a166-2c7d98aa0a2e@group-BF4A884C52EC:LeaderElection56] INFO  server.RaftServerConfigKeys (ConfUtils.java:logGet(43)) - raft.server.rpc.request.timeout = 3000ms (default)
2019-09-24 02:24:36,439 [1d7c29ff-f782-4e4c-a166-2c7d98aa0a2e@group-BF4A884C52EC:LeaderElection56] INFO  server.RaftServerConfigKeys (ConfUtils.java:logGet(43)) - raft.server.log.appender.install.snapshot.enabled = false (custom)
2019-09-24 02:24:36,439 [1d7c29ff-f782-4e4c-a166-2c7d98aa0a2e@group-BF4A884C52EC:LeaderElection56] INFO  impl.RoleInfo (RoleInfo.java:updateAndGet(143)) - 1d7c29ff-f782-4e4c-a166-2c7d98aa0a2e: start LeaderState
2019-09-24 02:24:36,439 [1d7c29ff-f782-4e4c-a166-2c7d98aa0a2e@group-BF4A884C52EC:LeaderElection56] INFO  segmented.SegmentedRaftLogWorker (SegmentedRaftLogWorker.java:startLogSegment(380)) - 1d7c29ff-f782-4e4c-a166-2c7d98aa0a2e@group-BF4A884C52EC-SegmentedRaftLogWorker: Starting segment from index:0
2019-09-24 02:24:36,440 [1d7c29ff-f782-4e4c-a166-2c7d98aa0a2e@group-BF4A884C52EC:LeaderElection56] INFO  impl.RaftServerImpl (ServerState.java:setRaftConf(354)) - 1d7c29ff-f782-4e4c-a166-2c7d98aa0a2e@group-BF4A884C52EC: set configuration 0: [c4751e07-4727-4633-be79-0e5d9146c54d:192.168.151.121:37596, 1d7c29ff-f782-4e4c-a166-2c7d98aa0a2e:192.168.151.121:34209, 976b4ad9-2763-4348-94fe-da9eb86c31c0:192.168.151.121:36117], old=null at 0
2019-09-24 02:24:36,442 [grpc-default-executor-3] INFO  impl.RaftServerImpl (ServerState.java:setLeader(253)) - c4751e07-4727-4633-be79-0e5d9146c54d@group-BF4A884C52EC: change Leader from null to 1d7c29ff-f782-4e4c-a166-2c7d98aa0a2e at term 2 for appendEntries, leader elected after 2280ms
2019-09-24 02:24:36,442 [grpc-default-executor-0] INFO  impl.RaftServerImpl (ServerState.java:setLeader(253)) - 976b4ad9-2763-4348-94fe-da9eb86c31c0@group-BF4A884C52EC: change Leader from null to 1d7c29ff-f782-4e4c-a166-2c7d98aa0a2e at term 2 for appendEntries, leader elected after 2281ms
2019-09-24 02:24:36,484 [grpc-default-executor-0] INFO  impl.RaftServerImpl (ServerState.java:setRaftConf(354)) - c4751e07-4727-4633-be79-0e5d9146c54d@group-BF4A884C52EC: set configuration 0: [c4751e07-4727-4633-be79-0e5d9146c54d:192.168.151.121:37596, 1d7c29ff-f782-4e4c-a166-2c7d98aa0a2e:192.168.151.121:34209, 976b4ad9-2763-4348-94fe-da9eb86c31c0:192.168.151.121:36117], old=null at 0
2019-09-24 02:24:36,484 [grpc-default-executor-3] INFO  impl.RaftServerImpl (ServerState.java:setRaftConf(354)) - 976b4ad9-2763-4348-94fe-da9eb86c31c0@group-BF4A884C52EC: set configuration 0: [c4751e07-4727-4633-be79-0e5d9146c54d:192.168.151.121:37596, 1d7c29ff-f782-4e4c-a166-2c7d98aa0a2e:192.168.151.121:34209, 976b4ad9-2763-4348-94fe-da9eb86c31c0:192.168.151.121:36117], old=null at 0
2019-09-24 02:24:36,484 [grpc-default-executor-0] INFO  segmented.SegmentedRaftLogWorker (SegmentedRaftLogWorker.java:startLogSegment(380)) - c4751e07-4727-4633-be79-0e5d9146c54d@group-BF4A884C52EC-SegmentedRaftLogWorker: Starting segment from index:0
2019-09-24 02:24:36,485 [grpc-default-executor-3] INFO  segmented.SegmentedRaftLogWorker (SegmentedRaftLogWorker.java:startLogSegment(380)) - 976b4ad9-2763-4348-94fe-da9eb86c31c0@group-BF4A884C52EC-SegmentedRaftLogWorker: Starting segment from index:0
2019-09-24 02:24:36,488 [1d7c29ff-f782-4e4c-a166-2c7d98aa0a2e@group-BF4A884C52EC-SegmentedRaftLogWorker] INFO  segmented.SegmentedRaftLogWorker (SegmentedRaftLogWorker.java:execute(569)) - 1d7c29ff-f782-4e4c-a166-2c7d98aa0a2e@group-BF4A884C52EC-SegmentedRaftLogWorker: created new log segment /workdir/hadoop-ozone/integration-test/target/test-dir/MiniOzoneClusterImpl-69b5c385-cdb4-4487-be19-c3541ab4b602/datanode-0/data/ratis/c5c41602-af47-4714-b708-bf4a884c52ec/current/log_inprogress_0
2019-09-24 02:24:36,526 [976b4ad9-2763-4348-94fe-da9eb86c31c0@group-BF4A884C52EC-SegmentedRaftLogWorker] INFO  segmented.SegmentedRaftLogWorker (SegmentedRaftLogWorker.java:execute(569)) - 976b4ad9-2763-4348-94fe-da9eb86c31c0@group-BF4A884C52EC-SegmentedRaftLogWorker: created new log segment /workdir/hadoop-ozone/integration-test/target/test-dir/MiniOzoneClusterImpl-69b5c385-cdb4-4487-be19-c3541ab4b602/datanode-2/data/ratis/c5c41602-af47-4714-b708-bf4a884c52ec/current/log_inprogress_0
2019-09-24 02:24:36,526 [c4751e07-4727-4633-be79-0e5d9146c54d@group-BF4A884C52EC-SegmentedRaftLogWorker] INFO  segmented.SegmentedRaftLogWorker (SegmentedRaftLogWorker.java:execute(569)) - c4751e07-4727-4633-be79-0e5d9146c54d@group-BF4A884C52EC-SegmentedRaftLogWorker: created new log segment /workdir/hadoop-ozone/integration-test/target/test-dir/MiniOzoneClusterImpl-69b5c385-cdb4-4487-be19-c3541ab4b602/datanode-1/data/ratis/c5c41602-af47-4714-b708-bf4a884c52ec/current/log_inprogress_0
2019-09-24 02:24:36,634 [main] INFO  ipc.Client (Client.java:handleConnectionFailure(948)) - Retrying connect to server: localhost/127.0.0.1:0. Already tried 0 time(s); retry policy is RetryUpToMaximumCountWithFixedSleep(maxRetries=10, sleepTime=1000 MILLISECONDS)
2019-09-24 02:24:36,907 [Thread-2245] INFO  container.ReplicationManager (ReplicationManager.java:start(162)) - Starting Replication Monitor Thread.
2019-09-24 02:24:36,911 [ReplicationMonitor] INFO  container.ReplicationManager (ReplicationManager.java:run(225)) - Replication Monitor Thread took 0 milliseconds for processing 0 containers.
2019-09-24 02:24:36,977 [Thread-2344] INFO  impl.FollowerState (FollowerState.java:run(106)) - d93e0f2d-aaab-42ca-acd5-b884b7a50f26:group-4CE1A2095E7B changes to CANDIDATE, lastRpcTime:1092, electionTimeout:1092ms
2019-09-24 02:24:36,977 [Thread-2344] INFO  impl.RoleInfo (RoleInfo.java:shutdownFollowerState(121)) - d93e0f2d-aaab-42ca-acd5-b884b7a50f26: shutdown FollowerState
2019-09-24 02:24:36,978 [Thread-2344] INFO  impl.RaftServerImpl (RaftServerImpl.java:setRole(174)) - d93e0f2d-aaab-42ca-acd5-b884b7a50f26@group-4CE1A2095E7B: changes role from  FOLLOWER to CANDIDATE at term 1 for changeToCandidate
2019-09-24 02:24:36,978 [Thread-2344] INFO  impl.RoleInfo (RoleInfo.java:updateAndGet(143)) - d93e0f2d-aaab-42ca-acd5-b884b7a50f26: start LeaderElection
2019-09-24 02:24:36,992 [d93e0f2d-aaab-42ca-acd5-b884b7a50f26@group-4CE1A2095E7B:LeaderElection57] INFO  impl.LeaderElection (LeaderElection.java:askForVotes(182)) - d93e0f2d-aaab-42ca-acd5-b884b7a50f26@group-4CE1A2095E7B:LeaderElection57: begin an election at term 2 for -1: [7bca38f8-b0d1-4401-8113-ee118fd16170:192.168.151.121:38029, d93e0f2d-aaab-42ca-acd5-b884b7a50f26:192.168.151.121:41155, 75a46326-9fdd-4357-8f55-056919852270:192.168.151.121:36808], old=null
2019-09-24 02:24:36,995 [grpc-default-executor-3] INFO  impl.RaftServerImpl (RaftServerImpl.java:setRole(174)) - 7bca38f8-b0d1-4401-8113-ee118fd16170@group-4CE1A2095E7B: changes role from  FOLLOWER to FOLLOWER at term 2 for recognizeCandidate:d93e0f2d-aaab-42ca-acd5-b884b7a50f26
2019-09-24 02:24:36,995 [grpc-default-executor-3] INFO  impl.RoleInfo (RoleInfo.java:shutdownFollowerState(121)) - 7bca38f8-b0d1-4401-8113-ee118fd16170: shutdown FollowerState
2019-09-24 02:24:36,995 [grpc-default-executor-0] INFO  impl.RaftServerImpl (RaftServerImpl.java:setRole(174)) - 75a46326-9fdd-4357-8f55-056919852270@group-4CE1A2095E7B: changes role from  FOLLOWER to FOLLOWER at term 2 for recognizeCandidate:d93e0f2d-aaab-42ca-acd5-b884b7a50f26
2019-09-24 02:24:36,996 [Thread-2349] INFO  impl.FollowerState (FollowerState.java:run(115)) - 7bca38f8-b0d1-4401-8113-ee118fd16170: FollowerState was interrupted: java.lang.InterruptedException: sleep interrupted
2019-09-24 02:24:36,996 [grpc-default-executor-0] INFO  impl.RoleInfo (RoleInfo.java:shutdownFollowerState(121)) - 75a46326-9fdd-4357-8f55-056919852270: shutdown FollowerState
2019-09-24 02:24:36,995 [grpc-default-executor-3] INFO  impl.RoleInfo (RoleInfo.java:updateAndGet(143)) - 7bca38f8-b0d1-4401-8113-ee118fd16170: start FollowerState
2019-09-24 02:24:36,996 [Thread-2345] INFO  impl.FollowerState (FollowerState.java:run(115)) - 75a46326-9fdd-4357-8f55-056919852270: FollowerState was interrupted: java.lang.InterruptedException: sleep interrupted
2019-09-24 02:24:36,996 [grpc-default-executor-0] INFO  impl.RoleInfo (RoleInfo.java:updateAndGet(143)) - 75a46326-9fdd-4357-8f55-056919852270: start FollowerState
2019-09-24 02:24:37,011 [d93e0f2d-aaab-42ca-acd5-b884b7a50f26@group-4CE1A2095E7B:LeaderElection57] INFO  impl.LeaderElection (LeaderElection.java:logAndReturn(56)) - d93e0f2d-aaab-42ca-acd5-b884b7a50f26@group-4CE1A2095E7B:LeaderElection57: Election PASSED; received 1 response(s) [d93e0f2d-aaab-42ca-acd5-b884b7a50f26<-7bca38f8-b0d1-4401-8113-ee118fd16170#0:OK-t2] and 0 exception(s); d93e0f2d-aaab-42ca-acd5-b884b7a50f26@group-4CE1A2095E7B:t2, leader=null, voted=d93e0f2d-aaab-42ca-acd5-b884b7a50f26, raftlog=d93e0f2d-aaab-42ca-acd5-b884b7a50f26@group-4CE1A2095E7B-SegmentedRaftLog:OPENED:c-1,f-1,i0, conf=-1: [7bca38f8-b0d1-4401-8113-ee118fd16170:192.168.151.121:38029, d93e0f2d-aaab-42ca-acd5-b884b7a50f26:192.168.151.121:41155, 75a46326-9fdd-4357-8f55-056919852270:192.168.151.121:36808], old=null
2019-09-24 02:24:37,011 [d93e0f2d-aaab-42ca-acd5-b884b7a50f26@group-4CE1A2095E7B:LeaderElection57] INFO  impl.RoleInfo (RoleInfo.java:shutdownLeaderElection(134)) - d93e0f2d-aaab-42ca-acd5-b884b7a50f26: shutdown LeaderElection
2019-09-24 02:24:37,011 [d93e0f2d-aaab-42ca-acd5-b884b7a50f26@group-4CE1A2095E7B:LeaderElection57] INFO  impl.RaftServerImpl (RaftServerImpl.java:setRole(174)) - d93e0f2d-aaab-42ca-acd5-b884b7a50f26@group-4CE1A2095E7B: changes role from CANDIDATE to LEADER at term 2 for changeToLeader
2019-09-24 02:24:37,011 [d93e0f2d-aaab-42ca-acd5-b884b7a50f26@group-4CE1A2095E7B:LeaderElection57] INFO  impl.RaftServerImpl (ServerState.java:setLeader(253)) - d93e0f2d-aaab-42ca-acd5-b884b7a50f26@group-4CE1A2095E7B: change Leader from null to d93e0f2d-aaab-42ca-acd5-b884b7a50f26 at term 2 for becomeLeader, leader elected after 2374ms
2019-09-24 02:24:37,011 [d93e0f2d-aaab-42ca-acd5-b884b7a50f26@group-4CE1A2095E7B:LeaderElection57] INFO  server.RaftServerConfigKeys (ConfUtils.java:logGet(43)) - raft.server.staging.catchup.gap = 1000 (default)
2019-09-24 02:24:37,012 [d93e0f2d-aaab-42ca-acd5-b884b7a50f26@group-4CE1A2095E7B:LeaderElection57] INFO  server.RaftServerConfigKeys (ConfUtils.java:logGet(43)) - raft.server.rpc.sleep.time = 25ms (default)
2019-09-24 02:24:37,012 [d93e0f2d-aaab-42ca-acd5-b884b7a50f26@group-4CE1A2095E7B:LeaderElection57] INFO  server.RaftServerConfigKeys (ConfUtils.java:logGet(43)) - raft.server.write.element-limit = 4096 (default)
2019-09-24 02:24:37,012 [d93e0f2d-aaab-42ca-acd5-b884b7a50f26@group-4CE1A2095E7B:LeaderElection57] INFO  server.RaftServerConfigKeys (ConfUtils.java:logGet(43)) - raft.server.watch.timeout = 10s (default)
2019-09-24 02:24:37,012 [d93e0f2d-aaab-42ca-acd5-b884b7a50f26@group-4CE1A2095E7B:LeaderElection57] INFO  server.RaftServerConfigKeys (ConfUtils.java:logGet(43)) - raft.server.watch.timeout.denomination = 1s (default)
2019-09-24 02:24:37,012 [d93e0f2d-aaab-42ca-acd5-b884b7a50f26@group-4CE1A2095E7B:LeaderElection57] INFO  server.RaftServerConfigKeys (ConfUtils.java:logGet(43)) - raft.server.watch.element-limit = 65536 (default)
2019-09-24 02:24:37,015 [d93e0f2d-aaab-42ca-acd5-b884b7a50f26@group-4CE1A2095E7B:LeaderElection57] INFO  server.RaftServerConfigKeys (ConfUtils.java:logGet(43)) - raft.server.log.appender.snapshot.chunk.size.max = 16MB (=16777216) (default)
2019-09-24 02:24:37,015 [d93e0f2d-aaab-42ca-acd5-b884b7a50f26@group-4CE1A2095E7B:LeaderElection57] INFO  server.RaftServerConfigKeys (ConfUtils.java:logGet(43)) - raft.server.log.appender.buffer.byte-limit = 33554432 (custom)
2019-09-24 02:24:37,015 [d93e0f2d-aaab-42ca-acd5-b884b7a50f26@group-4CE1A2095E7B:LeaderElection57] INFO  server.RaftServerConfigKeys (ConfUtils.java:logGet(43)) - raft.server.log.appender.buffer.element-limit = 1 (custom)
2019-09-24 02:24:37,015 [d93e0f2d-aaab-42ca-acd5-b884b7a50f26@group-4CE1A2095E7B:LeaderElection57] INFO  grpc.GrpcConfigKeys$Server (ConfUtils.java:logGet(43)) - raft.grpc.server.leader.outstanding.appends.max = 128 (default)
2019-09-24 02:24:37,016 [d93e0f2d-aaab-42ca-acd5-b884b7a50f26@group-4CE1A2095E7B:LeaderElection57] INFO  server.RaftServerConfigKeys (ConfUtils.java:logGet(43)) - raft.server.rpc.request.timeout = 3000ms (default)
2019-09-24 02:24:37,016 [d93e0f2d-aaab-42ca-acd5-b884b7a50f26@group-4CE1A2095E7B:LeaderElection57] INFO  server.RaftServerConfigKeys (ConfUtils.java:logGet(43)) - raft.server.log.appender.install.snapshot.enabled = false (custom)
2019-09-24 02:24:37,016 [d93e0f2d-aaab-42ca-acd5-b884b7a50f26@group-4CE1A2095E7B:LeaderElection57] INFO  server.RaftServerConfigKeys (ConfUtils.java:logGet(43)) - raft.server.log.appender.snapshot.chunk.size.max = 16MB (=16777216) (default)
2019-09-24 02:24:37,016 [d93e0f2d-aaab-42ca-acd5-b884b7a50f26@group-4CE1A2095E7B:LeaderElection57] INFO  server.RaftServerConfigKeys (ConfUtils.java:logGet(43)) - raft.server.log.appender.buffer.byte-limit = 33554432 (custom)
2019-09-24 02:24:37,016 [d93e0f2d-aaab-42ca-acd5-b884b7a50f26@group-4CE1A2095E7B:LeaderElection57] INFO  server.RaftServerConfigKeys (ConfUtils.java:logGet(43)) - raft.server.log.appender.buffer.element-limit = 1 (custom)
2019-09-24 02:24:37,017 [d93e0f2d-aaab-42ca-acd5-b884b7a50f26@group-4CE1A2095E7B:LeaderElection57] INFO  grpc.GrpcConfigKeys$Server (ConfUtils.java:logGet(43)) - raft.grpc.server.leader.outstanding.appends.max = 128 (default)
2019-09-24 02:24:37,017 [d93e0f2d-aaab-42ca-acd5-b884b7a50f26@group-4CE1A2095E7B:LeaderElection57] INFO  server.RaftServerConfigKeys (ConfUtils.java:logGet(43)) - raft.server.rpc.request.timeout = 3000ms (default)
2019-09-24 02:24:37,017 [d93e0f2d-aaab-42ca-acd5-b884b7a50f26@group-4CE1A2095E7B:LeaderElection57] INFO  server.RaftServerConfigKeys (ConfUtils.java:logGet(43)) - raft.server.log.appender.install.snapshot.enabled = false (custom)
2019-09-24 02:24:37,017 [d93e0f2d-aaab-42ca-acd5-b884b7a50f26@group-4CE1A2095E7B:LeaderElection57] INFO  impl.RoleInfo (RoleInfo.java:updateAndGet(143)) - d93e0f2d-aaab-42ca-acd5-b884b7a50f26: start LeaderState
2019-09-24 02:24:37,018 [d93e0f2d-aaab-42ca-acd5-b884b7a50f26@group-4CE1A2095E7B:LeaderElection57] INFO  segmented.SegmentedRaftLogWorker (SegmentedRaftLogWorker.java:startLogSegment(380)) - d93e0f2d-aaab-42ca-acd5-b884b7a50f26@group-4CE1A2095E7B-SegmentedRaftLogWorker: Starting segment from index:0
2019-09-24 02:24:37,018 [d93e0f2d-aaab-42ca-acd5-b884b7a50f26@group-4CE1A2095E7B:LeaderElection57] INFO  impl.RaftServerImpl (ServerState.java:setRaftConf(354)) - d93e0f2d-aaab-42ca-acd5-b884b7a50f26@group-4CE1A2095E7B: set configuration 0: [7bca38f8-b0d1-4401-8113-ee118fd16170:192.168.151.121:38029, d93e0f2d-aaab-42ca-acd5-b884b7a50f26:192.168.151.121:41155, 75a46326-9fdd-4357-8f55-056919852270:192.168.151.121:36808], old=null at 0
2019-09-24 02:24:37,074 [grpc-default-executor-3] INFO  impl.RaftServerImpl (ServerState.java:setLeader(253)) - 7bca38f8-b0d1-4401-8113-ee118fd16170@group-4CE1A2095E7B: change Leader from null to d93e0f2d-aaab-42ca-acd5-b884b7a50f26 at term 2 for appendEntries, leader elected after 2437ms
2019-09-24 02:24:37,074 [grpc-default-executor-1] INFO  impl.RaftServerImpl (ServerState.java:setLeader(253)) - 75a46326-9fdd-4357-8f55-056919852270@group-4CE1A2095E7B: change Leader from null to d93e0f2d-aaab-42ca-acd5-b884b7a50f26 at term 2 for appendEntries, leader elected after 2437ms
2019-09-24 02:24:37,082 [grpc-default-executor-2] INFO  impl.RaftServerImpl (ServerState.java:setRaftConf(354)) - 7bca38f8-b0d1-4401-8113-ee118fd16170@group-4CE1A2095E7B: set configuration 0: [7bca38f8-b0d1-4401-8113-ee118fd16170:192.168.151.121:38029, d93e0f2d-aaab-42ca-acd5-b884b7a50f26:192.168.151.121:41155, 75a46326-9fdd-4357-8f55-056919852270:192.168.151.121:36808], old=null at 0
2019-09-24 02:24:37,082 [grpc-default-executor-2] INFO  segmented.SegmentedRaftLogWorker (SegmentedRaftLogWorker.java:startLogSegment(380)) - 7bca38f8-b0d1-4401-8113-ee118fd16170@group-4CE1A2095E7B-SegmentedRaftLogWorker: Starting segment from index:0
2019-09-24 02:24:37,084 [grpc-default-executor-2] INFO  impl.RaftServerImpl (ServerState.java:setRaftConf(354)) - 75a46326-9fdd-4357-8f55-056919852270@group-4CE1A2095E7B: set configuration 0: [7bca38f8-b0d1-4401-8113-ee118fd16170:192.168.151.121:38029, d93e0f2d-aaab-42ca-acd5-b884b7a50f26:192.168.151.121:41155, 75a46326-9fdd-4357-8f55-056919852270:192.168.151.121:36808], old=null at 0
2019-09-24 02:24:37,084 [grpc-default-executor-2] INFO  segmented.SegmentedRaftLogWorker (SegmentedRaftLogWorker.java:startLogSegment(380)) - 75a46326-9fdd-4357-8f55-056919852270@group-4CE1A2095E7B-SegmentedRaftLogWorker: Starting segment from index:0
2019-09-24 02:24:37,085 [d93e0f2d-aaab-42ca-acd5-b884b7a50f26@group-4CE1A2095E7B-SegmentedRaftLogWorker] INFO  segmented.SegmentedRaftLogWorker (SegmentedRaftLogWorker.java:execute(569)) - d93e0f2d-aaab-42ca-acd5-b884b7a50f26@group-4CE1A2095E7B-SegmentedRaftLogWorker: created new log segment /workdir/hadoop-ozone/integration-test/target/test-dir/MiniOzoneClusterImpl-69b5c385-cdb4-4487-be19-c3541ab4b602/datanode-4/data/ratis/391ef440-c9f7-4d0e-91af-4ce1a2095e7b/current/log_inprogress_0
2019-09-24 02:24:37,127 [75a46326-9fdd-4357-8f55-056919852270@group-4CE1A2095E7B-SegmentedRaftLogWorker] INFO  segmented.SegmentedRaftLogWorker (SegmentedRaftLogWorker.java:execute(569)) - 75a46326-9fdd-4357-8f55-056919852270@group-4CE1A2095E7B-SegmentedRaftLogWorker: created new log segment /workdir/hadoop-ozone/integration-test/target/test-dir/MiniOzoneClusterImpl-69b5c385-cdb4-4487-be19-c3541ab4b602/datanode-8/data/ratis/391ef440-c9f7-4d0e-91af-4ce1a2095e7b/current/log_inprogress_0
2019-09-24 02:24:37,127 [7bca38f8-b0d1-4401-8113-ee118fd16170@group-4CE1A2095E7B-SegmentedRaftLogWorker] INFO  segmented.SegmentedRaftLogWorker (SegmentedRaftLogWorker.java:execute(569)) - 7bca38f8-b0d1-4401-8113-ee118fd16170@group-4CE1A2095E7B-SegmentedRaftLogWorker: created new log segment /workdir/hadoop-ozone/integration-test/target/test-dir/MiniOzoneClusterImpl-69b5c385-cdb4-4487-be19-c3541ab4b602/datanode-3/data/ratis/391ef440-c9f7-4d0e-91af-4ce1a2095e7b/current/log_inprogress_0
2019-09-24 02:24:37,635 [main] INFO  ipc.Client (Client.java:handleConnectionFailure(948)) - Retrying connect to server: localhost/127.0.0.1:0. Already tried 1 time(s); retry policy is RetryUpToMaximumCountWithFixedSleep(maxRetries=10, sleepTime=1000 MILLISECONDS)
2019-09-24 02:24:38,636 [main] INFO  ipc.Client (Client.java:handleConnectionFailure(948)) - Retrying connect to server: localhost/127.0.0.1:0. Already tried 2 time(s); retry policy is RetryUpToMaximumCountWithFixedSleep(maxRetries=10, sleepTime=1000 MILLISECONDS)
2019-09-24 02:24:39,638 [main] INFO  ipc.Client (Client.java:handleConnectionFailure(948)) - Retrying connect to server: localhost/127.0.0.1:0. Already tried 3 time(s); retry policy is RetryUpToMaximumCountWithFixedSleep(maxRetries=10, sleepTime=1000 MILLISECONDS)
2019-09-24 02:24:40,639 [main] INFO  ipc.Client (Client.java:handleConnectionFailure(948)) - Retrying connect to server: localhost/127.0.0.1:0. Already tried 4 time(s); retry policy is RetryUpToMaximumCountWithFixedSleep(maxRetries=10, sleepTime=1000 MILLISECONDS)
2019-09-24 02:24:41,640 [main] INFO  ipc.Client (Client.java:handleConnectionFailure(948)) - Retrying connect to server: localhost/127.0.0.1:0. Already tried 5 time(s); retry policy is RetryUpToMaximumCountWithFixedSleep(maxRetries=10, sleepTime=1000 MILLISECONDS)
2019-09-24 02:24:42,641 [main] INFO  ipc.Client (Client.java:handleConnectionFailure(948)) - Retrying connect to server: localhost/127.0.0.1:0. Already tried 6 time(s); retry policy is RetryUpToMaximumCountWithFixedSleep(maxRetries=10, sleepTime=1000 MILLISECONDS)
2019-09-24 02:24:43,643 [main] INFO  ipc.Client (Client.java:handleConnectionFailure(948)) - Retrying connect to server: localhost/127.0.0.1:0. Already tried 7 time(s); retry policy is RetryUpToMaximumCountWithFixedSleep(maxRetries=10, sleepTime=1000 MILLISECONDS)
2019-09-24 02:24:44,645 [main] INFO  ipc.Client (Client.java:handleConnectionFailure(948)) - Retrying connect to server: localhost/127.0.0.1:0. Already tried 8 time(s); retry policy is RetryUpToMaximumCountWithFixedSleep(maxRetries=10, sleepTime=1000 MILLISECONDS)
2019-09-24 02:24:45,646 [main] INFO  ipc.Client (Client.java:handleConnectionFailure(948)) - Retrying connect to server: localhost/127.0.0.1:0. Already tried 9 time(s); retry policy is RetryUpToMaximumCountWithFixedSleep(maxRetries=10, sleepTime=1000 MILLISECONDS)
2019-09-24 02:24:46,649 [main] INFO  ipc.Client (Client.java:handleConnectionFailure(948)) - Retrying connect to server: localhost/127.0.0.1:0. Already tried 0 time(s); retry policy is RetryUpToMaximumCountWithFixedSleep(maxRetries=10, sleepTime=1000 MILLISECONDS)
2019-09-24 02:24:47,650 [main] INFO  ipc.Client (Client.java:handleConnectionFailure(948)) - Retrying connect to server: localhost/127.0.0.1:0. Already tried 1 time(s); retry policy is RetryUpToMaximumCountWithFixedSleep(maxRetries=10, sleepTime=1000 MILLISECONDS)
2019-09-24 02:24:48,651 [main] INFO  ipc.Client (Client.java:handleConnectionFailure(948)) - Retrying connect to server: localhost/127.0.0.1:0. Already tried 2 time(s); retry policy is RetryUpToMaximumCountWithFixedSleep(maxRetries=10, sleepTime=1000 MILLISECONDS)
2019-09-24 02:24:49,652 [main] INFO  ipc.Client (Client.java:handleConnectionFailure(948)) - Retrying connect to server: localhost/127.0.0.1:0. Already tried 3 time(s); retry policy is RetryUpToMaximumCountWithFixedSleep(maxRetries=10, sleepTime=1000 MILLISECONDS)
2019-09-24 02:24:50,653 [main] INFO  ipc.Client (Client.java:handleConnectionFailure(948)) - Retrying connect to server: localhost/127.0.0.1:0. Already tried 4 time(s); retry policy is RetryUpToMaximumCountWithFixedSleep(maxRetries=10, sleepTime=1000 MILLISECONDS)
2019-09-24 02:24:51,655 [main] INFO  ipc.Client (Client.java:handleConnectionFailure(948)) - Retrying connect to server: localhost/127.0.0.1:0. Already tried 5 time(s); retry policy is RetryUpToMaximumCountWithFixedSleep(maxRetries=10, sleepTime=1000 MILLISECONDS)
2019-09-24 02:24:52,656 [main] INFO  ipc.Client (Client.java:handleConnectionFailure(948)) - Retrying connect to server: localhost/127.0.0.1:0. Already tried 6 time(s); retry policy is RetryUpToMaximumCountWithFixedSleep(maxRetries=10, sleepTime=1000 MILLISECONDS)
2019-09-24 02:24:53,657 [main] INFO  ipc.Client (Client.java:handleConnectionFailure(948)) - Retrying connect to server: localhost/127.0.0.1:0. Already tried 7 time(s); retry policy is RetryUpToMaximumCountWithFixedSleep(maxRetries=10, sleepTime=1000 MILLISECONDS)
2019-09-24 02:24:54,658 [main] INFO  ipc.Client (Client.java:handleConnectionFailure(948)) - Retrying connect to server: localhost/127.0.0.1:0. Already tried 8 time(s); retry policy is RetryUpToMaximumCountWithFixedSleep(maxRetries=10, sleepTime=1000 MILLISECONDS)
2019-09-24 02:24:55,659 [main] INFO  ipc.Client (Client.java:handleConnectionFailure(948)) - Retrying connect to server: localhost/127.0.0.1:0. Already tried 9 time(s); retry policy is RetryUpToMaximumCountWithFixedSleep(maxRetries=10, sleepTime=1000 MILLISECONDS)
2019-09-24 02:24:55,660 [main] INFO  retry.RetryInvocationHandler (RetryInvocationHandler.java:log(411)) - com.google.protobuf.ServiceException: java.net.ConnectException: Your endpoint configuration is wrong; For more details see:  http://wiki.apache.org/hadoop/UnsetHostnameOrPort, while invoking $Proxy35.submitRequest over nodeId=null,nodeAddress=127.0.0.1:0 after 1 failover attempts. Trying to failover immediately.
2019-09-24 02:24:56,661 [main] INFO  ipc.Client (Client.java:handleConnectionFailure(948)) - Retrying connect to server: localhost/127.0.0.1:0. Already tried 0 time(s); retry policy is RetryUpToMaximumCountWithFixedSleep(maxRetries=10, sleepTime=1000 MILLISECONDS)
2019-09-24 02:24:57,662 [main] INFO  ipc.Client (Client.java:handleConnectionFailure(948)) - Retrying connect to server: localhost/127.0.0.1:0. Already tried 1 time(s); retry policy is RetryUpToMaximumCountWithFixedSleep(maxRetries=10, sleepTime=1000 MILLISECONDS)
2019-09-24 02:24:58,664 [main] INFO  ipc.Client (Client.java:handleConnectionFailure(948)) - Retrying connect to server: localhost/127.0.0.1:0. Already tried 2 time(s); retry policy is RetryUpToMaximumCountWithFixedSleep(maxRetries=10, sleepTime=1000 MILLISECONDS)
2019-09-24 02:24:59,665 [main] INFO  ipc.Client (Client.java:handleConnectionFailure(948)) - Retrying connect to server: localhost/127.0.0.1:0. Already tried 3 time(s); retry policy is RetryUpToMaximumCountWithFixedSleep(maxRetries=10, sleepTime=1000 MILLISECONDS)
2019-09-24 02:25:00,666 [main] INFO  ipc.Client (Client.java:handleConnectionFailure(948)) - Retrying connect to server: localhost/127.0.0.1:0. Already tried 4 time(s); retry policy is RetryUpToMaximumCountWithFixedSleep(maxRetries=10, sleepTime=1000 MILLISECONDS)
2019-09-24 02:25:01,667 [main] INFO  ipc.Client (Client.java:handleConnectionFailure(948)) - Retrying connect to server: localhost/127.0.0.1:0. Already tried 5 time(s); retry policy is RetryUpToMaximumCountWithFixedSleep(maxRetries=10, sleepTime=1000 MILLISECONDS)
2019-09-24 02:25:02,668 [main] INFO  ipc.Client (Client.java:handleConnectionFailure(948)) - Retrying connect to server: localhost/127.0.0.1:0. Already tried 6 time(s); retry policy is RetryUpToMaximumCountWithFixedSleep(maxRetries=10, sleepTime=1000 MILLISECONDS)
2019-09-24 02:25:03,669 [main] INFO  ipc.Client (Client.java:handleConnectionFailure(948)) - Retrying connect to server: localhost/127.0.0.1:0. Already tried 7 time(s); retry policy is RetryUpToMaximumCountWithFixedSleep(maxRetries=10, sleepTime=1000 MILLISECONDS)
2019-09-24 02:25:04,670 [main] INFO  ipc.Client (Client.java:handleConnectionFailure(948)) - Retrying connect to server: localhost/127.0.0.1:0. Already tried 8 time(s); retry policy is RetryUpToMaximumCountWithFixedSleep(maxRetries=10, sleepTime=1000 MILLISECONDS)
2019-09-24 02:25:05,671 [main] INFO  ipc.Client (Client.java:handleConnectionFailure(948)) - Retrying connect to server: localhost/127.0.0.1:0. Already tried 9 time(s); retry policy is RetryUpToMaximumCountWithFixedSleep(maxRetries=10, sleepTime=1000 MILLISECONDS)
2019-09-24 02:25:05,673 [main] INFO  retry.RetryInvocationHandler (RetryInvocationHandler.java:log(411)) - com.google.protobuf.ServiceException: java.net.ConnectException: Your endpoint configuration is wrong; For more details see:  http://wiki.apache.org/hadoop/UnsetHostnameOrPort, while invoking $Proxy35.submitRequest over nodeId=null,nodeAddress=127.0.0.1:0 after 2 failover attempts. Trying to failover immediately.
2019-09-24 02:25:06,674 [main] INFO  ipc.Client (Client.java:handleConnectionFailure(948)) - Retrying connect to server: localhost/127.0.0.1:0. Already tried 0 time(s); retry policy is RetryUpToMaximumCountWithFixedSleep(maxRetries=10, sleepTime=1000 MILLISECONDS)
2019-09-24 02:25:07,675 [main] INFO  ipc.Client (Client.java:handleConnectionFailure(948)) - Retrying connect to server: localhost/127.0.0.1:0. Already tried 1 time(s); retry policy is RetryUpToMaximumCountWithFixedSleep(maxRetries=10, sleepTime=1000 MILLISECONDS)
2019-09-24 02:25:08,676 [main] INFO  ipc.Client (Client.java:handleConnectionFailure(948)) - Retrying connect to server: localhost/127.0.0.1:0. Already tried 2 time(s); retry policy is RetryUpToMaximumCountWithFixedSleep(maxRetries=10, sleepTime=1000 MILLISECONDS)
2019-09-24 02:25:09,677 [main] INFO  ipc.Client (Client.java:handleConnectionFailure(948)) - Retrying connect to server: localhost/127.0.0.1:0. Already tried 3 time(s); retry policy is RetryUpToMaximumCountWithFixedSleep(maxRetries=10, sleepTime=1000 MILLISECONDS)
2019-09-24 02:25:10,678 [main] INFO  ipc.Client (Client.java:handleConnectionFailure(948)) - Retrying connect to server: localhost/127.0.0.1:0. Already tried 4 time(s); retry policy is RetryUpToMaximumCountWithFixedSleep(maxRetries=10, sleepTime=1000 MILLISECONDS)
2019-09-24 02:25:11,679 [main] INFO  ipc.Client (Client.java:handleConnectionFailure(948)) - Retrying connect to server: localhost/127.0.0.1:0. Already tried 5 time(s); retry policy is RetryUpToMaximumCountWithFixedSleep(maxRetries=10, sleepTime=1000 MILLISECONDS)
2019-09-24 02:25:12,681 [main] INFO  ipc.Client (Client.java:handleConnectionFailure(948)) - Retrying connect to server: localhost/127.0.0.1:0. Already tried 6 time(s); retry policy is RetryUpToMaximumCountWithFixedSleep(maxRetries=10, sleepTime=1000 MILLISECONDS)
2019-09-24 02:25:13,682 [main] INFO  ipc.Client (Client.java:handleConnectionFailure(948)) - Retrying connect to server: localhost/127.0.0.1:0. Already tried 7 time(s); retry policy is RetryUpToMaximumCountWithFixedSleep(maxRetries=10, sleepTime=1000 MILLISECONDS)
2019-09-24 02:25:14,683 [main] INFO  ipc.Client (Client.java:handleConnectionFailure(948)) - Retrying connect to server: localhost/127.0.0.1:0. Already tried 8 time(s); retry policy is RetryUpToMaximumCountWithFixedSleep(maxRetries=10, sleepTime=1000 MILLISECONDS)
2019-09-24 02:25:15,684 [main] INFO  ipc.Client (Client.java:handleConnectionFailure(948)) - Retrying connect to server: localhost/127.0.0.1:0. Already tried 9 time(s); retry policy is RetryUpToMaximumCountWithFixedSleep(maxRetries=10, sleepTime=1000 MILLISECONDS)
2019-09-24 02:25:15,685 [main] INFO  retry.RetryInvocationHandler (RetryInvocationHandler.java:log(411)) - com.google.protobuf.ServiceException: java.net.ConnectException: Your endpoint configuration is wrong; For more details see:  http://wiki.apache.org/hadoop/UnsetHostnameOrPort, while invoking $Proxy35.submitRequest over nodeId=null,nodeAddress=127.0.0.1:0 after 3 failover attempts. Trying to failover immediately.
2019-09-24 02:25:16,687 [main] INFO  ipc.Client (Client.java:handleConnectionFailure(948)) - Retrying connect to server: localhost/127.0.0.1:0. Already tried 0 time(s); retry policy is RetryUpToMaximumCountWithFixedSleep(maxRetries=10, sleepTime=1000 MILLISECONDS)
2019-09-24 02:25:17,688 [main] INFO  ipc.Client (Client.java:handleConnectionFailure(948)) - Retrying connect to server: localhost/127.0.0.1:0. Already tried 1 time(s); retry policy is RetryUpToMaximumCountWithFixedSleep(maxRetries=10, sleepTime=1000 MILLISECONDS)
2019-09-24 02:25:18,689 [main] INFO  ipc.Client (Client.java:handleConnectionFailure(948)) - Retrying connect to server: localhost/127.0.0.1:0. Already tried 2 time(s); retry policy is RetryUpToMaximumCountWithFixedSleep(maxRetries=10, sleepTime=1000 MILLISECONDS)
2019-09-24 02:25:19,690 [main] INFO  ipc.Client (Client.java:handleConnectionFailure(948)) - Retrying connect to server: localhost/127.0.0.1:0. Already tried 3 time(s); retry policy is RetryUpToMaximumCountWithFixedSleep(maxRetries=10, sleepTime=1000 MILLISECONDS)
2019-09-24 02:25:20,692 [main] INFO  ipc.Client (Client.java:handleConnectionFailure(948)) - Retrying connect to server: localhost/127.0.0.1:0. Already tried 4 time(s); retry policy is RetryUpToMaximumCountWithFixedSleep(maxRetries=10, sleepTime=1000 MILLISECONDS)
2019-09-24 02:25:21,693 [main] INFO  ipc.Client (Client.java:handleConnectionFailure(948)) - Retrying connect to server: localhost/127.0.0.1:0. Already tried 5 time(s); retry policy is RetryUpToMaximumCountWithFixedSleep(maxRetries=10, sleepTime=1000 MILLISECONDS)
2019-09-24 02:25:22,694 [main] INFO  ipc.Client (Client.java:handleConnectionFailure(948)) - Retrying connect to server: localhost/127.0.0.1:0. Already tried 6 time(s); retry policy is RetryUpToMaximumCountWithFixedSleep(maxRetries=10, sleepTime=1000 MILLISECONDS)
2019-09-24 02:25:23,695 [main] INFO  ipc.Client (Client.java:handleConnectionFailure(948)) - Retrying connect to server: localhost/127.0.0.1:0. Already tried 7 time(s); retry policy is RetryUpToMaximumCountWithFixedSleep(maxRetries=10, sleepTime=1000 MILLISECONDS)
2019-09-24 02:25:24,696 [main] INFO  ipc.Client (Client.java:handleConnectionFailure(948)) - Retrying connect to server: localhost/127.0.0.1:0. Already tried 8 time(s); retry policy is RetryUpToMaximumCountWithFixedSleep(maxRetries=10, sleepTime=1000 MILLISECONDS)
2019-09-24 02:25:25,697 [main] INFO  ipc.Client (Client.java:handleConnectionFailure(948)) - Retrying connect to server: localhost/127.0.0.1:0. Already tried 9 time(s); retry policy is RetryUpToMaximumCountWithFixedSleep(maxRetries=10, sleepTime=1000 MILLISECONDS)
2019-09-24 02:25:25,699 [main] INFO  retry.RetryInvocationHandler (RetryInvocationHandler.java:log(411)) - com.google.protobuf.ServiceException: java.net.ConnectException: Your endpoint configuration is wrong; For more details see:  http://wiki.apache.org/hadoop/UnsetHostnameOrPort, while invoking $Proxy35.submitRequest over nodeId=null,nodeAddress=127.0.0.1:0 after 4 failover attempts. Trying to failover immediately.
2019-09-24 02:25:26,717 [main] INFO  ipc.Client (Client.java:handleConnectionFailure(948)) - Retrying connect to server: localhost/127.0.0.1:0. Already tried 0 time(s); retry policy is RetryUpToMaximumCountWithFixedSleep(maxRetries=10, sleepTime=1000 MILLISECONDS)
2019-09-24 02:25:27,729 [main] INFO  ipc.Client (Client.java:handleConnectionFailure(948)) - Retrying connect to server: localhost/127.0.0.1:0. Already tried 1 time(s); retry policy is RetryUpToMaximumCountWithFixedSleep(maxRetries=10, sleepTime=1000 MILLISECONDS)
2019-09-24 02:25:28,748 [main] INFO  ipc.Client (Client.java:handleConnectionFailure(948)) - Retrying connect to server: localhost/127.0.0.1:0. Already tried 2 time(s); retry policy is RetryUpToMaximumCountWithFixedSleep(maxRetries=10, sleepTime=1000 MILLISECONDS)
2019-09-24 02:25:29,751 [main] INFO  ipc.Client (Client.java:handleConnectionFailure(948)) - Retrying connect to server: localhost/127.0.0.1:0. Already tried 3 time(s); retry policy is RetryUpToMaximumCountWithFixedSleep(maxRetries=10, sleepTime=1000 MILLISECONDS)
2019-09-24 02:25:30,752 [main] INFO  ipc.Client (Client.java:handleConnectionFailure(948)) - Retrying connect to server: localhost/127.0.0.1:0. Already tried 4 time(s); retry policy is RetryUpToMaximumCountWithFixedSleep(maxRetries=10, sleepTime=1000 MILLISECONDS)
2019-09-24 02:25:31,753 [main] INFO  ipc.Client (Client.java:handleConnectionFailure(948)) - Retrying connect to server: localhost/127.0.0.1:0. Already tried 5 time(s); retry policy is RetryUpToMaximumCountWithFixedSleep(maxRetries=10, sleepTime=1000 MILLISECONDS)
2019-09-24 02:25:32,754 [main] INFO  ipc.Client (Client.java:handleConnectionFailure(948)) - Retrying connect to server: localhost/127.0.0.1:0. Already tried 6 time(s); retry policy is RetryUpToMaximumCountWithFixedSleep(maxRetries=10, sleepTime=1000 MILLISECONDS)
2019-09-24 02:25:33,755 [main] INFO  ipc.Client (Client.java:handleConnectionFailure(948)) - Retrying connect to server: localhost/127.0.0.1:0. Already tried 7 time(s); retry policy is RetryUpToMaximumCountWithFixedSleep(maxRetries=10, sleepTime=1000 MILLISECONDS)
2019-09-24 02:25:34,756 [main] INFO  ipc.Client (Client.java:handleConnectionFailure(948)) - Retrying connect to server: localhost/127.0.0.1:0. Already tried 8 time(s); retry policy is RetryUpToMaximumCountWithFixedSleep(maxRetries=10, sleepTime=1000 MILLISECONDS)
2019-09-24 02:25:35,757 [main] INFO  ipc.Client (Client.java:handleConnectionFailure(948)) - Retrying connect to server: localhost/127.0.0.1:0. Already tried 9 time(s); retry policy is RetryUpToMaximumCountWithFixedSleep(maxRetries=10, sleepTime=1000 MILLISECONDS)
2019-09-24 02:25:35,759 [main] INFO  retry.RetryInvocationHandler (RetryInvocationHandler.java:log(411)) - com.google.protobuf.ServiceException: java.net.ConnectException: Your endpoint configuration is wrong; For more details see:  http://wiki.apache.org/hadoop/UnsetHostnameOrPort, while invoking $Proxy35.submitRequest over nodeId=null,nodeAddress=127.0.0.1:0 after 5 failover attempts. Trying to failover immediately.
2019-09-24 02:25:36,760 [main] INFO  ipc.Client (Client.java:handleConnectionFailure(948)) - Retrying connect to server: localhost/127.0.0.1:0. Already tried 0 time(s); retry policy is RetryUpToMaximumCountWithFixedSleep(maxRetries=10, sleepTime=1000 MILLISECONDS)
2019-09-24 02:25:37,761 [main] INFO  ipc.Client (Client.java:handleConnectionFailure(948)) - Retrying connect to server: localhost/127.0.0.1:0. Already tried 1 time(s); retry policy is RetryUpToMaximumCountWithFixedSleep(maxRetries=10, sleepTime=1000 MILLISECONDS)
2019-09-24 02:25:38,762 [main] INFO  ipc.Client (Client.java:handleConnectionFailure(948)) - Retrying connect to server: localhost/127.0.0.1:0. Already tried 2 time(s); retry policy is RetryUpToMaximumCountWithFixedSleep(maxRetries=10, sleepTime=1000 MILLISECONDS)
2019-09-24 02:25:39,763 [main] INFO  ipc.Client (Client.java:handleConnectionFailure(948)) - Retrying connect to server: localhost/127.0.0.1:0. Already tried 3 time(s); retry policy is RetryUpToMaximumCountWithFixedSleep(maxRetries=10, sleepTime=1000 MILLISECONDS)
2019-09-24 02:25:40,764 [main] INFO  ipc.Client (Client.java:handleConnectionFailure(948)) - Retrying connect to server: localhost/127.0.0.1:0. Already tried 4 time(s); retry policy is RetryUpToMaximumCountWithFixedSleep(maxRetries=10, sleepTime=1000 MILLISECONDS)
2019-09-24 02:25:41,765 [main] INFO  ipc.Client (Client.java:handleConnectionFailure(948)) - Retrying connect to server: localhost/127.0.0.1:0. Already tried 5 time(s); retry policy is RetryUpToMaximumCountWithFixedSleep(maxRetries=10, sleepTime=1000 MILLISECONDS)
2019-09-24 02:25:42,766 [main] INFO  ipc.Client (Client.java:handleConnectionFailure(948)) - Retrying connect to server: localhost/127.0.0.1:0. Already tried 6 time(s); retry policy is RetryUpToMaximumCountWithFixedSleep(maxRetries=10, sleepTime=1000 MILLISECONDS)
2019-09-24 02:25:43,767 [main] INFO  ipc.Client (Client.java:handleConnectionFailure(948)) - Retrying connect to server: localhost/127.0.0.1:0. Already tried 7 time(s); retry policy is RetryUpToMaximumCountWithFixedSleep(maxRetries=10, sleepTime=1000 MILLISECONDS)
2019-09-24 02:25:44,768 [main] INFO  ipc.Client (Client.java:handleConnectionFailure(948)) - Retrying connect to server: localhost/127.0.0.1:0. Already tried 8 time(s); retry policy is RetryUpToMaximumCountWithFixedSleep(maxRetries=10, sleepTime=1000 MILLISECONDS)
2019-09-24 02:25:45,769 [main] INFO  ipc.Client (Client.java:handleConnectionFailure(948)) - Retrying connect to server: localhost/127.0.0.1:0. Already tried 9 time(s); retry policy is RetryUpToMaximumCountWithFixedSleep(maxRetries=10, sleepTime=1000 MILLISECONDS)
2019-09-24 02:25:45,771 [main] INFO  retry.RetryInvocationHandler (RetryInvocationHandler.java:log(411)) - com.google.protobuf.ServiceException: java.net.ConnectException: Your endpoint configuration is wrong; For more details see:  http://wiki.apache.org/hadoop/UnsetHostnameOrPort, while invoking $Proxy35.submitRequest over nodeId=null,nodeAddress=127.0.0.1:0 after 6 failover attempts. Trying to failover immediately.
2019-09-24 02:25:46,772 [main] INFO  ipc.Client (Client.java:handleConnectionFailure(948)) - Retrying connect to server: localhost/127.0.0.1:0. Already tried 0 time(s); retry policy is RetryUpToMaximumCountWithFixedSleep(maxRetries=10, sleepTime=1000 MILLISECONDS)
2019-09-24 02:25:47,774 [main] INFO  ipc.Client (Client.java:handleConnectionFailure(948)) - Retrying connect to server: localhost/127.0.0.1:0. Already tried 1 time(s); retry policy is RetryUpToMaximumCountWithFixedSleep(maxRetries=10, sleepTime=1000 MILLISECONDS)
2019-09-24 02:25:48,775 [main] INFO  ipc.Client (Client.java:handleConnectionFailure(948)) - Retrying connect to server: localhost/127.0.0.1:0. Already tried 2 time(s); retry policy is RetryUpToMaximumCountWithFixedSleep(maxRetries=10, sleepTime=1000 MILLISECONDS)
2019-09-24 02:25:49,776 [main] INFO  ipc.Client (Client.java:handleConnectionFailure(948)) - Retrying connect to server: localhost/127.0.0.1:0. Already tried 3 time(s); retry policy is RetryUpToMaximumCountWithFixedSleep(maxRetries=10, sleepTime=1000 MILLISECONDS)
2019-09-24 02:25:50,777 [main] INFO  ipc.Client (Client.java:handleConnectionFailure(948)) - Retrying connect to server: localhost/127.0.0.1:0. Already tried 4 time(s); retry policy is RetryUpToMaximumCountWithFixedSleep(maxRetries=10, sleepTime=1000 MILLISECONDS)
2019-09-24 02:25:51,778 [main] INFO  ipc.Client (Client.java:handleConnectionFailure(948)) - Retrying connect to server: localhost/127.0.0.1:0. Already tried 5 time(s); retry policy is RetryUpToMaximumCountWithFixedSleep(maxRetries=10, sleepTime=1000 MILLISECONDS)
2019-09-24 02:25:52,780 [main] INFO  ipc.Client (Client.java:handleConnectionFailure(948)) - Retrying connect to server: localhost/127.0.0.1:0. Already tried 6 time(s); retry policy is RetryUpToMaximumCountWithFixedSleep(maxRetries=10, sleepTime=1000 MILLISECONDS)
2019-09-24 02:25:53,781 [main] INFO  ipc.Client (Client.java:handleConnectionFailure(948)) - Retrying connect to server: localhost/127.0.0.1:0. Already tried 7 time(s); retry policy is RetryUpToMaximumCountWithFixedSleep(maxRetries=10, sleepTime=1000 MILLISECONDS)
2019-09-24 02:25:54,782 [main] INFO  ipc.Client (Client.java:handleConnectionFailure(948)) - Retrying connect to server: localhost/127.0.0.1:0. Already tried 8 time(s); retry policy is RetryUpToMaximumCountWithFixedSleep(maxRetries=10, sleepTime=1000 MILLISECONDS)
2019-09-24 02:25:55,783 [main] INFO  ipc.Client (Client.java:handleConnectionFailure(948)) - Retrying connect to server: localhost/127.0.0.1:0. Already tried 9 time(s); retry policy is RetryUpToMaximumCountWithFixedSleep(maxRetries=10, sleepTime=1000 MILLISECONDS)
2019-09-24 02:25:55,784 [main] INFO  retry.RetryInvocationHandler (RetryInvocationHandler.java:log(411)) - com.google.protobuf.ServiceException: java.net.ConnectException: Your endpoint configuration is wrong; For more details see:  http://wiki.apache.org/hadoop/UnsetHostnameOrPort, while invoking $Proxy35.submitRequest over nodeId=null,nodeAddress=127.0.0.1:0 after 7 failover attempts. Trying to failover immediately.
2019-09-24 02:25:56,786 [main] INFO  ipc.Client (Client.java:handleConnectionFailure(948)) - Retrying connect to server: localhost/127.0.0.1:0. Already tried 0 time(s); retry policy is RetryUpToMaximumCountWithFixedSleep(maxRetries=10, sleepTime=1000 MILLISECONDS)
2019-09-24 02:25:57,786 [main] INFO  ipc.Client (Client.java:handleConnectionFailure(948)) - Retrying connect to server: localhost/127.0.0.1:0. Already tried 1 time(s); retry policy is RetryUpToMaximumCountWithFixedSleep(maxRetries=10, sleepTime=1000 MILLISECONDS)
2019-09-24 02:25:58,788 [main] INFO  ipc.Client (Client.java:handleConnectionFailure(948)) - Retrying connect to server: localhost/127.0.0.1:0. Already tried 2 time(s); retry policy is RetryUpToMaximumCountWithFixedSleep(maxRetries=10, sleepTime=1000 MILLISECONDS)
2019-09-24 02:25:59,789 [main] INFO  ipc.Client (Client.java:handleConnectionFailure(948)) - Retrying connect to server: localhost/127.0.0.1:0. Already tried 3 time(s); retry policy is RetryUpToMaximumCountWithFixedSleep(maxRetries=10, sleepTime=1000 MILLISECONDS)
2019-09-24 02:26:00,790 [main] INFO  ipc.Client (Client.java:handleConnectionFailure(948)) - Retrying connect to server: localhost/127.0.0.1:0. Already tried 4 time(s); retry policy is RetryUpToMaximumCountWithFixedSleep(maxRetries=10, sleepTime=1000 MILLISECONDS)
2019-09-24 02:26:01,792 [main] INFO  ipc.Client (Client.java:handleConnectionFailure(948)) - Retrying connect to server: localhost/127.0.0.1:0. Already tried 5 time(s); retry policy is RetryUpToMaximumCountWithFixedSleep(maxRetries=10, sleepTime=1000 MILLISECONDS)
2019-09-24 02:26:02,793 [main] INFO  ipc.Client (Client.java:handleConnectionFailure(948)) - Retrying connect to server: localhost/127.0.0.1:0. Already tried 6 time(s); retry policy is RetryUpToMaximumCountWithFixedSleep(maxRetries=10, sleepTime=1000 MILLISECONDS)
2019-09-24 02:26:03,795 [main] INFO  ipc.Client (Client.java:handleConnectionFailure(948)) - Retrying connect to server: localhost/127.0.0.1:0. Already tried 7 time(s); retry policy is RetryUpToMaximumCountWithFixedSleep(maxRetries=10, sleepTime=1000 MILLISECONDS)
2019-09-24 02:26:04,796 [main] INFO  ipc.Client (Client.java:handleConnectionFailure(948)) - Retrying connect to server: localhost/127.0.0.1:0. Already tried 8 time(s); retry policy is RetryUpToMaximumCountWithFixedSleep(maxRetries=10, sleepTime=1000 MILLISECONDS)
2019-09-24 02:26:05,798 [main] INFO  ipc.Client (Client.java:handleConnectionFailure(948)) - Retrying connect to server: localhost/127.0.0.1:0. Already tried 9 time(s); retry policy is RetryUpToMaximumCountWithFixedSleep(maxRetries=10, sleepTime=1000 MILLISECONDS)
2019-09-24 02:26:05,800 [main] INFO  retry.RetryInvocationHandler (RetryInvocationHandler.java:log(411)) - com.google.protobuf.ServiceException: java.net.ConnectException: Your endpoint configuration is wrong; For more details see:  http://wiki.apache.org/hadoop/UnsetHostnameOrPort, while invoking $Proxy35.submitRequest over nodeId=null,nodeAddress=127.0.0.1:0 after 8 failover attempts. Trying to failover immediately.
2019-09-24 02:26:06,801 [main] INFO  ipc.Client (Client.java:handleConnectionFailure(948)) - Retrying connect to server: localhost/127.0.0.1:0. Already tried 0 time(s); retry policy is RetryUpToMaximumCountWithFixedSleep(maxRetries=10, sleepTime=1000 MILLISECONDS)
2019-09-24 02:26:07,802 [main] INFO  ipc.Client (Client.java:handleConnectionFailure(948)) - Retrying connect to server: localhost/127.0.0.1:0. Already tried 1 time(s); retry policy is RetryUpToMaximumCountWithFixedSleep(maxRetries=10, sleepTime=1000 MILLISECONDS)
2019-09-24 02:26:08,804 [main] INFO  ipc.Client (Client.java:handleConnectionFailure(948)) - Retrying connect to server: localhost/127.0.0.1:0. Already tried 2 time(s); retry policy is RetryUpToMaximumCountWithFixedSleep(maxRetries=10, sleepTime=1000 MILLISECONDS)
2019-09-24 02:26:09,805 [main] INFO  ipc.Client (Client.java:handleConnectionFailure(948)) - Retrying connect to server: localhost/127.0.0.1:0. Already tried 3 time(s); retry policy is RetryUpToMaximumCountWithFixedSleep(maxRetries=10, sleepTime=1000 MILLISECONDS)
2019-09-24 02:26:10,806 [main] INFO  ipc.Client (Client.java:handleConnectionFailure(948)) - Retrying connect to server: localhost/127.0.0.1:0. Already tried 4 time(s); retry policy is RetryUpToMaximumCountWithFixedSleep(maxRetries=10, sleepTime=1000 MILLISECONDS)
2019-09-24 02:26:11,807 [main] INFO  ipc.Client (Client.java:handleConnectionFailure(948)) - Retrying connect to server: localhost/127.0.0.1:0. Already tried 5 time(s); retry policy is RetryUpToMaximumCountWithFixedSleep(maxRetries=10, sleepTime=1000 MILLISECONDS)
2019-09-24 02:26:12,808 [main] INFO  ipc.Client (Client.java:handleConnectionFailure(948)) - Retrying connect to server: localhost/127.0.0.1:0. Already tried 6 time(s); retry policy is RetryUpToMaximumCountWithFixedSleep(maxRetries=10, sleepTime=1000 MILLISECONDS)
2019-09-24 02:26:13,809 [main] INFO  ipc.Client (Client.java:handleConnectionFailure(948)) - Retrying connect to server: localhost/127.0.0.1:0. Already tried 7 time(s); retry policy is RetryUpToMaximumCountWithFixedSleep(maxRetries=10, sleepTime=1000 MILLISECONDS)
2019-09-24 02:26:14,810 [main] INFO  ipc.Client (Client.java:handleConnectionFailure(948)) - Retrying connect to server: localhost/127.0.0.1:0. Already tried 8 time(s); retry policy is RetryUpToMaximumCountWithFixedSleep(maxRetries=10, sleepTime=1000 MILLISECONDS)
2019-09-24 02:26:15,811 [main] INFO  ipc.Client (Client.java:handleConnectionFailure(948)) - Retrying connect to server: localhost/127.0.0.1:0. Already tried 9 time(s); retry policy is RetryUpToMaximumCountWithFixedSleep(maxRetries=10, sleepTime=1000 MILLISECONDS)
2019-09-24 02:26:15,813 [main] INFO  retry.RetryInvocationHandler (RetryInvocationHandler.java:log(411)) - com.google.protobuf.ServiceException: java.net.ConnectException: Your endpoint configuration is wrong; For more details see:  http://wiki.apache.org/hadoop/UnsetHostnameOrPort, while invoking $Proxy35.submitRequest over nodeId=null,nodeAddress=127.0.0.1:0 after 9 failover attempts. Trying to failover immediately.
2019-09-24 02:26:16,814 [main] INFO  ipc.Client (Client.java:handleConnectionFailure(948)) - Retrying connect to server: localhost/127.0.0.1:0. Already tried 0 time(s); retry policy is RetryUpToMaximumCountWithFixedSleep(maxRetries=10, sleepTime=1000 MILLISECONDS)
2019-09-24 02:26:17,815 [main] INFO  ipc.Client (Client.java:handleConnectionFailure(948)) - Retrying connect to server: localhost/127.0.0.1:0. Already tried 1 time(s); retry policy is RetryUpToMaximumCountWithFixedSleep(maxRetries=10, sleepTime=1000 MILLISECONDS)
2019-09-24 02:26:18,817 [main] INFO  ipc.Client (Client.java:handleConnectionFailure(948)) - Retrying connect to server: localhost/127.0.0.1:0. Already tried 2 time(s); retry policy is RetryUpToMaximumCountWithFixedSleep(maxRetries=10, sleepTime=1000 MILLISECONDS)
2019-09-24 02:26:19,818 [main] INFO  ipc.Client (Client.java:handleConnectionFailure(948)) - Retrying connect to server: localhost/127.0.0.1:0. Already tried 3 time(s); retry policy is RetryUpToMaximumCountWithFixedSleep(maxRetries=10, sleepTime=1000 MILLISECONDS)
2019-09-24 02:26:20,819 [main] INFO  ipc.Client (Client.java:handleConnectionFailure(948)) - Retrying connect to server: localhost/127.0.0.1:0. Already tried 4 time(s); retry policy is RetryUpToMaximumCountWithFixedSleep(maxRetries=10, sleepTime=1000 MILLISECONDS)
2019-09-24 02:26:21,820 [main] INFO  ipc.Client (Client.java:handleConnectionFailure(948)) - Retrying connect to server: localhost/127.0.0.1:0. Already tried 5 time(s); retry policy is RetryUpToMaximumCountWithFixedSleep(maxRetries=10, sleepTime=1000 MILLISECONDS)
2019-09-24 02:26:22,821 [main] INFO  ipc.Client (Client.java:handleConnectionFailure(948)) - Retrying connect to server: localhost/127.0.0.1:0. Already tried 6 time(s); retry policy is RetryUpToMaximumCountWithFixedSleep(maxRetries=10, sleepTime=1000 MILLISECONDS)
2019-09-24 02:26:23,822 [main] INFO  ipc.Client (Client.java:handleConnectionFailure(948)) - Retrying connect to server: localhost/127.0.0.1:0. Already tried 7 time(s); retry policy is RetryUpToMaximumCountWithFixedSleep(maxRetries=10, sleepTime=1000 MILLISECONDS)
2019-09-24 02:26:24,823 [main] INFO  ipc.Client (Client.java:handleConnectionFailure(948)) - Retrying connect to server: localhost/127.0.0.1:0. Already tried 8 time(s); retry policy is RetryUpToMaximumCountWithFixedSleep(maxRetries=10, sleepTime=1000 MILLISECONDS)
2019-09-24 02:26:25,824 [main] INFO  ipc.Client (Client.java:handleConnectionFailure(948)) - Retrying connect to server: localhost/127.0.0.1:0. Already tried 9 time(s); retry policy is RetryUpToMaximumCountWithFixedSleep(maxRetries=10, sleepTime=1000 MILLISECONDS)
2019-09-24 02:26:25,827 [main] ERROR ha.OMFailoverProxyProvider (OzoneManagerProtocolClientSideTranslatorPB.java:getRetryAction(268)) - Failed to connect to OM. Attempted 10 retries and 10 failovers
2019-09-24 02:26:25,828 [main] ERROR client.OzoneClientFactory (OzoneClientFactory.java:getClientProtocol(259)) - Couldn't create RpcClient protocol exception: 
java.net.ConnectException: Your endpoint configuration is wrong; For more details see:  http://wiki.apache.org/hadoop/UnsetHostnameOrPort
	at sun.reflect.GeneratedConstructorAccessor41.newInstance(Unknown Source)
	at sun.reflect.DelegatingConstructorAccessorImpl.newInstance(DelegatingConstructorAccessorImpl.java:45)
	at java.lang.reflect.Constructor.newInstance(Constructor.java:423)
	at org.apache.hadoop.net.NetUtils.wrapWithMessage(NetUtils.java:831)
	at org.apache.hadoop.net.NetUtils.wrapException(NetUtils.java:751)
	at org.apache.hadoop.ipc.Client.getRpcResponse(Client.java:1515)
	at org.apache.hadoop.ipc.Client.call(Client.java:1457)
	at org.apache.hadoop.ipc.Client.call(Client.java:1367)
	at org.apache.hadoop.ipc.ProtobufRpcEngine$Invoker.invoke(ProtobufRpcEngine.java:228)
	at org.apache.hadoop.ipc.ProtobufRpcEngine$Invoker.invoke(ProtobufRpcEngine.java:116)
	at com.sun.proxy.$Proxy35.submitRequest(Unknown Source)
	at sun.reflect.GeneratedMethodAccessor36.invoke(Unknown Source)
	at sun.reflect.DelegatingMethodAccessorImpl.invoke(DelegatingMethodAccessorImpl.java:43)
	at java.lang.reflect.Method.invoke(Method.java:498)
	at org.apache.hadoop.io.retry.RetryInvocationHandler.invokeMethod(RetryInvocationHandler.java:422)
	at org.apache.hadoop.io.retry.RetryInvocationHandler$Call.invokeMethod(RetryInvocationHandler.java:165)
	at org.apache.hadoop.io.retry.RetryInvocationHandler$Call.invoke(RetryInvocationHandler.java:157)
	at org.apache.hadoop.io.retry.RetryInvocationHandler$Call.invokeOnce(RetryInvocationHandler.java:95)
	at org.apache.hadoop.io.retry.RetryInvocationHandler.invoke(RetryInvocationHandler.java:359)
	at com.sun.proxy.$Proxy35.submitRequest(Unknown Source)
	at org.apache.hadoop.ozone.om.protocolPB.OzoneManagerProtocolClientSideTranslatorPB.submitRequest(OzoneManagerProtocolClientSideTranslatorPB.java:338)
	at org.apache.hadoop.ozone.om.protocolPB.OzoneManagerProtocolClientSideTranslatorPB.getServiceInfo(OzoneManagerProtocolClientSideTranslatorPB.java:1223)
	at sun.reflect.NativeMethodAccessorImpl.invoke0(Native Method)
	at sun.reflect.NativeMethodAccessorImpl.invoke(NativeMethodAccessorImpl.java:62)
	at sun.reflect.DelegatingMethodAccessorImpl.invoke(DelegatingMethodAccessorImpl.java:43)
	at java.lang.reflect.Method.invoke(Method.java:498)
	at org.apache.hadoop.hdds.tracing.TraceAllMethod.invoke(TraceAllMethod.java:66)
	at com.sun.proxy.$Proxy36.getServiceInfo(Unknown Source)
	at org.apache.hadoop.ozone.client.rpc.RpcClient.<init>(RpcClient.java:154)
	at org.apache.hadoop.ozone.client.OzoneClientFactory.getClientProtocol(OzoneClientFactory.java:256)
	at org.apache.hadoop.ozone.client.OzoneClientFactory.getClientProtocol(OzoneClientFactory.java:239)
	at org.apache.hadoop.ozone.client.OzoneClientFactory.getClient(OzoneClientFactory.java:75)
	at org.apache.hadoop.ozone.client.rpc.TestFailureHandlingByClient.init(TestFailureHandlingByClient.java:111)
	at org.apache.hadoop.ozone.client.rpc.TestFailureHandlingByClient.startCluster(TestFailureHandlingByClient.java:121)
	at org.apache.hadoop.ozone.client.rpc.TestFailureHandlingByClient.testContainerExclusionWithClosedContainerException(TestFailureHandlingByClient.java:224)
	at sun.reflect.NativeMethodAccessorImpl.invoke0(Native Method)
	at sun.reflect.NativeMethodAccessorImpl.invoke(NativeMethodAccessorImpl.java:62)
	at sun.reflect.DelegatingMethodAccessorImpl.invoke(DelegatingMethodAccessorImpl.java:43)
	at java.lang.reflect.Method.invoke(Method.java:498)
	at org.junit.runners.model.FrameworkMethod$1.runReflectiveCall(FrameworkMethod.java:47)
	at org.junit.internal.runners.model.ReflectiveCallable.run(ReflectiveCallable.java:12)
	at org.junit.runners.model.FrameworkMethod.invokeExplosively(FrameworkMethod.java:44)
	at org.junit.internal.runners.statements.InvokeMethod.evaluate(InvokeMethod.java:17)
	at org.junit.internal.runners.statements.RunAfters.evaluate(RunAfters.java:27)
	at org.junit.runners.ParentRunner.runLeaf(ParentRunner.java:271)
	at org.junit.runners.BlockJUnit4ClassRunner.runChild(BlockJUnit4ClassRunner.java:70)
	at org.junit.runners.BlockJUnit4ClassRunner.runChild(BlockJUnit4ClassRunner.java:50)
	at org.junit.runners.ParentRunner$3.run(ParentRunner.java:238)
	at org.junit.runners.ParentRunner$1.schedule(ParentRunner.java:63)
	at org.junit.runners.ParentRunner.runChildren(ParentRunner.java:236)
	at org.junit.runners.ParentRunner.access$000(ParentRunner.java:53)
	at org.junit.runners.ParentRunner$2.evaluate(ParentRunner.java:229)
	at org.junit.runners.ParentRunner.run(ParentRunner.java:309)
	at org.apache.maven.surefire.junit4.JUnit4Provider.execute(JUnit4Provider.java:365)
	at org.apache.maven.surefire.junit4.JUnit4Provider.executeWithRerun(JUnit4Provider.java:273)
	at org.apache.maven.surefire.junit4.JUnit4Provider.executeTestSet(JUnit4Provider.java:238)
	at org.apache.maven.surefire.junit4.JUnit4Provider.invoke(JUnit4Provider.java:159)
	at org.apache.maven.surefire.booter.ForkedBooter.invokeProviderInSameClassLoader(ForkedBooter.java:384)
	at org.apache.maven.surefire.booter.ForkedBooter.runSuitesInProcess(ForkedBooter.java:345)
	at org.apache.maven.surefire.booter.ForkedBooter.execute(ForkedBooter.java:126)
	at org.apache.maven.surefire.booter.ForkedBooter.main(ForkedBooter.java:418)
Caused by: java.net.ConnectException: Connection refused
	at sun.nio.ch.SocketChannelImpl.checkConnect(Native Method)
	at sun.nio.ch.SocketChannelImpl.finishConnect(SocketChannelImpl.java:717)
	at org.apache.hadoop.net.SocketIOWithTimeout.connect(SocketIOWithTimeout.java:206)
	at org.apache.hadoop.net.NetUtils.connect(NetUtils.java:531)
	at org.apache.hadoop.ipc.Client$Connection.setupConnection(Client.java:690)
	at org.apache.hadoop.ipc.Client$Connection.setupIOstreams(Client.java:794)
	at org.apache.hadoop.ipc.Client$Connection.access$3700(Client.java:411)
	at org.apache.hadoop.ipc.Client.getConnection(Client.java:1572)
	at org.apache.hadoop.ipc.Client.call(Client.java:1403)
	... 54 more
2019-09-24 02:26:25,830 [main] INFO  ozone.MiniOzoneClusterImpl (MiniOzoneClusterImpl.java:shutdown(314)) - Shutting down the Mini Ozone Cluster
2019-09-24 02:26:25,830 [main] INFO  ozone.MiniOzoneClusterImpl (MiniOzoneClusterImpl.java:stop(330)) - Stopping the Mini Ozone Cluster
2019-09-24 02:26:25,830 [main] INFO  ozone.MiniOzoneClusterImpl (MiniOzoneClusterImpl.java:stopOM(400)) - Stopping the OzoneManager
2019-09-24 02:26:25,831 [main] INFO  ipc.Server (Server.java:stop(3082)) - Stopping server on 45762
2019-09-24 02:26:25,849 [IPC Server listener on 45762] INFO  ipc.Server (Server.java:run(1185)) - Stopping IPC Server listener on 45762
2019-09-24 02:26:25,855 [main] INFO  ratis.OzoneManagerDoubleBuffer (OzoneManagerDoubleBuffer.java:stop(248)) - Stopping OMDoubleBuffer flush thread
2019-09-24 02:26:25,855 [IPC Server Responder] INFO  ipc.Server (Server.java:run(1319)) - Stopping IPC Server Responder
2019-09-24 02:26:25,889 [OMDoubleBufferFlushThread] INFO  ratis.OzoneManagerDoubleBuffer (OzoneManagerDoubleBuffer.java:flushTransactions(191)) - OMDoubleBuffer flush thread OMDoubleBufferFlushThread is interrupted and will exit. OMDoubleBufferFlushThread
2019-09-24 02:26:25,890 [main] INFO  utils.BackgroundService (BackgroundService.java:shutdown(148)) - Shutting down service KeyDeletingService
2019-09-24 02:26:25,893 [main] INFO  handler.ContextHandler (ContextHandler.java:doStop(910)) - Stopped o.e.j.w.WebAppContext@314b9e4b{/,null,UNAVAILABLE}{/ozoneManager}
2019-09-24 02:26:25,894 [main] INFO  server.AbstractConnector (AbstractConnector.java:doStop(318)) - Stopped ServerConnector@6f1b8544{HTTP/1.1,[http/1.1]}{0.0.0.0:0}
2019-09-24 02:26:25,895 [main] INFO  handler.ContextHandler (ContextHandler.java:doStop(910)) - Stopped o.e.j.s.ServletContextHandler@61514735{/static,file:///workdir/hadoop-ozone/integration-test/target/test-classes/webapps/static,UNAVAILABLE}
2019-09-24 02:26:25,896 [main] INFO  handler.ContextHandler (ContextHandler.java:doStop(910)) - Stopped o.e.j.s.ServletContextHandler@79aee22a{/logs,file:///workdir/hadoop-ozone/integration-test/target/log,UNAVAILABLE}
2019-09-24 02:26:25,901 [main] INFO  ozone.MiniOzoneClusterImpl (MiniOzoneClusterImpl.java:stopDatanodes(377)) - Stopping the HddsDatanodes
2019-09-24 02:26:26,083 [Datanode State Machine Thread - 0] INFO  statemachine.DatanodeStateMachine (DatanodeStateMachine.java:lambda$startDaemon$0(350)) - Ozone container server started.
2019-09-24 02:26:26,298 [Datanode State Machine Thread - 0] INFO  statemachine.DatanodeStateMachine (DatanodeStateMachine.java:lambda$startDaemon$0(350)) - Ozone container server started.
2019-09-24 02:26:30,903 [main] INFO  ozoneimpl.OzoneContainer (OzoneContainer.java:stop(231)) - Attempting to stop container services.
2019-09-24 02:26:30,903 [ForkJoinPool.commonPool-worker-0] INFO  ozoneimpl.OzoneContainer (OzoneContainer.java:stop(231)) - Attempting to stop container services.
2019-09-24 02:26:30,908 [main] INFO  impl.RaftServerProxy (RaftServerProxy.java:lambda$close$4(314)) - b7adfa38-f86a-4f02-b078-d72f77d0455e: close
2019-09-24 02:26:30,908 [ForkJoinPool.commonPool-worker-0] INFO  impl.RaftServerProxy (RaftServerProxy.java:lambda$close$4(314)) - 976b4ad9-2763-4348-94fe-da9eb86c31c0: close
2019-09-24 02:26:30,909 [main] INFO  impl.RaftServerImpl (RaftServerImpl.java:lambda$shutdown$3(251)) - b7adfa38-f86a-4f02-b078-d72f77d0455e@group-EF65A48F6CFB: shutdown
2019-09-24 02:26:30,909 [ForkJoinPool.commonPool-worker-0] INFO  impl.RaftServerImpl (RaftServerImpl.java:lambda$shutdown$3(251)) - 976b4ad9-2763-4348-94fe-da9eb86c31c0@group-392E604BB72C: shutdown
2019-09-24 02:26:30,909 [main] INFO  util.JmxRegister (JmxRegister.java:unregister(73)) - Successfully un-registered JMX Bean with object name Ratis:service=RaftServer,group=group-EF65A48F6CFB,id=b7adfa38-f86a-4f02-b078-d72f77d0455e
2019-09-24 02:26:30,910 [ForkJoinPool.commonPool-worker-0] INFO  util.JmxRegister (JmxRegister.java:unregister(73)) - Successfully un-registered JMX Bean with object name Ratis:service=RaftServer,group=group-392E604BB72C,id=976b4ad9-2763-4348-94fe-da9eb86c31c0
2019-09-24 02:26:30,910 [main] INFO  impl.RoleInfo (RoleInfo.java:shutdownLeaderState(104)) - b7adfa38-f86a-4f02-b078-d72f77d0455e: shutdown LeaderState
2019-09-24 02:26:30,910 [ForkJoinPool.commonPool-worker-0] INFO  impl.RoleInfo (RoleInfo.java:shutdownLeaderState(104)) - 976b4ad9-2763-4348-94fe-da9eb86c31c0: shutdown LeaderState
2019-09-24 02:26:30,911 [main] INFO  impl.PendingRequests (PendingRequests.java:sendNotLeaderResponses(202)) - b7adfa38-f86a-4f02-b078-d72f77d0455e-PendingRequests: sendNotLeaderResponses
2019-09-24 02:26:30,911 [ForkJoinPool.commonPool-worker-0] INFO  impl.PendingRequests (PendingRequests.java:sendNotLeaderResponses(202)) - 976b4ad9-2763-4348-94fe-da9eb86c31c0-PendingRequests: sendNotLeaderResponses
2019-09-24 02:26:30,912 [main] INFO  impl.StateMachineUpdater (StateMachineUpdater.java:stopAndJoin(125)) - b7adfa38-f86a-4f02-b078-d72f77d0455e@group-EF65A48F6CFB-StateMachineUpdater: set stopIndex = 0
2019-09-24 02:26:30,912 [ForkJoinPool.commonPool-worker-0] INFO  impl.StateMachineUpdater (StateMachineUpdater.java:stopAndJoin(125)) - 976b4ad9-2763-4348-94fe-da9eb86c31c0@group-392E604BB72C-StateMachineUpdater: set stopIndex = 0
2019-09-24 02:26:30,913 [main] INFO  impl.RaftServerImpl (ServerState.java:close(385)) - b7adfa38-f86a-4f02-b078-d72f77d0455e@group-EF65A48F6CFB: closes. applyIndex: 0
2019-09-24 02:26:30,913 [ForkJoinPool.commonPool-worker-0] INFO  impl.RaftServerImpl (ServerState.java:close(385)) - 976b4ad9-2763-4348-94fe-da9eb86c31c0@group-392E604BB72C: closes. applyIndex: 0
2019-09-24 02:26:30,914 [b7adfa38-f86a-4f02-b078-d72f77d0455e@group-EF65A48F6CFB-SegmentedRaftLogWorker] INFO  segmented.SegmentedRaftLogWorker (SegmentedRaftLogWorker.java:run(313)) - b7adfa38-f86a-4f02-b078-d72f77d0455e@group-EF65A48F6CFB-SegmentedRaftLogWorker was interrupted, exiting. There are 0 tasks remaining in the queue.
2019-09-24 02:26:30,914 [976b4ad9-2763-4348-94fe-da9eb86c31c0@group-392E604BB72C-SegmentedRaftLogWorker] INFO  segmented.SegmentedRaftLogWorker (SegmentedRaftLogWorker.java:run(313)) - 976b4ad9-2763-4348-94fe-da9eb86c31c0@group-392E604BB72C-SegmentedRaftLogWorker was interrupted, exiting. There are 0 tasks remaining in the queue.
2019-09-24 02:26:30,920 [main] INFO  segmented.SegmentedRaftLogWorker (SegmentedRaftLogWorker.java:close(228)) - b7adfa38-f86a-4f02-b078-d72f77d0455e@group-EF65A48F6CFB-SegmentedRaftLogWorker close()
2019-09-24 02:26:30,920 [ForkJoinPool.commonPool-worker-0] INFO  segmented.SegmentedRaftLogWorker (SegmentedRaftLogWorker.java:close(228)) - 976b4ad9-2763-4348-94fe-da9eb86c31c0@group-392E604BB72C-SegmentedRaftLogWorker close()
2019-09-24 02:26:30,941 [main] INFO  impl.RaftServerImpl (RaftServerImpl.java:lambda$shutdown$3(251)) - b7adfa38-f86a-4f02-b078-d72f77d0455e@group-A3765C17C61C: shutdown
2019-09-24 02:26:30,943 [ForkJoinPool.commonPool-worker-0] INFO  impl.RaftServerImpl (RaftServerImpl.java:lambda$shutdown$3(251)) - 976b4ad9-2763-4348-94fe-da9eb86c31c0@group-BF4A884C52EC: shutdown
2019-09-24 02:26:30,944 [main] INFO  util.JmxRegister (JmxRegister.java:unregister(73)) - Successfully un-registered JMX Bean with object name Ratis:service=RaftServer,group=group-A3765C17C61C,id=b7adfa38-f86a-4f02-b078-d72f77d0455e
2019-09-24 02:26:30,944 [ForkJoinPool.commonPool-worker-0] INFO  util.JmxRegister (JmxRegister.java:unregister(73)) - Successfully un-registered JMX Bean with object name Ratis:service=RaftServer,group=group-BF4A884C52EC,id=976b4ad9-2763-4348-94fe-da9eb86c31c0
2019-09-24 02:26:30,944 [main] INFO  impl.RoleInfo (RoleInfo.java:shutdownLeaderState(104)) - b7adfa38-f86a-4f02-b078-d72f77d0455e: shutdown LeaderState
2019-09-24 02:26:30,945 [ForkJoinPool.commonPool-worker-0] INFO  impl.RoleInfo (RoleInfo.java:shutdownFollowerState(121)) - 976b4ad9-2763-4348-94fe-da9eb86c31c0: shutdown FollowerState
2019-09-24 02:26:30,949 [main] INFO  impl.PendingRequests (PendingRequests.java:sendNotLeaderResponses(202)) - b7adfa38-f86a-4f02-b078-d72f77d0455e-PendingRequests: sendNotLeaderResponses
2019-09-24 02:26:30,950 [Thread-2364] INFO  impl.FollowerState (FollowerState.java:run(115)) - 976b4ad9-2763-4348-94fe-da9eb86c31c0: FollowerState was interrupted: java.lang.InterruptedException: sleep interrupted
2019-09-24 02:26:30,950 [ForkJoinPool.commonPool-worker-0] INFO  impl.StateMachineUpdater (StateMachineUpdater.java:stopAndJoin(125)) - 976b4ad9-2763-4348-94fe-da9eb86c31c0@group-BF4A884C52EC-StateMachineUpdater: set stopIndex = 0
2019-09-24 02:26:30,951 [ForkJoinPool.commonPool-worker-0] INFO  impl.RaftServerImpl (ServerState.java:close(385)) - 976b4ad9-2763-4348-94fe-da9eb86c31c0@group-BF4A884C52EC: closes. applyIndex: 0
2019-09-24 02:26:30,950 [org.apache.ratis.server.impl.LogAppender$AppenderDaemon$$Lambda$430/2026899056@d0814ed] WARN  server.GrpcLogAppender (GrpcLogAppender.java:mayWait(143)) - b7adfa38-f86a-4f02-b078-d72f77d0455e@group-A3765C17C61C->0dad0ba7-2de7-4c7e-bbfc-c35c9aa94a76-GrpcLogAppender: Wait interrupted by java.lang.InterruptedException
2019-09-24 02:26:30,950 [org.apache.ratis.server.impl.LogAppender$AppenderDaemon$$Lambda$430/2026899056@5868989c] WARN  server.GrpcLogAppender (GrpcLogAppender.java:mayWait(143)) - b7adfa38-f86a-4f02-b078-d72f77d0455e@group-A3765C17C61C->a2acb7c4-7563-4fb4-bd8c-c1e015953028-GrpcLogAppender: Wait interrupted by java.lang.InterruptedException
2019-09-24 02:26:30,951 [976b4ad9-2763-4348-94fe-da9eb86c31c0@group-BF4A884C52EC-SegmentedRaftLogWorker] INFO  segmented.SegmentedRaftLogWorker (SegmentedRaftLogWorker.java:run(313)) - 976b4ad9-2763-4348-94fe-da9eb86c31c0@group-BF4A884C52EC-SegmentedRaftLogWorker was interrupted, exiting. There are 0 tasks remaining in the queue.
2019-09-24 02:26:30,950 [main] INFO  impl.StateMachineUpdater (StateMachineUpdater.java:stopAndJoin(125)) - b7adfa38-f86a-4f02-b078-d72f77d0455e@group-A3765C17C61C-StateMachineUpdater: set stopIndex = 0
2019-09-24 02:26:30,954 [grpc-default-executor-3] INFO  server.GrpcServerProtocolService (GrpcServerProtocolService.java:onCompleted(113)) - a2acb7c4-7563-4fb4-bd8c-c1e015953028: Completed APPEND_ENTRIES, lastRequest: b7adfa38-f86a-4f02-b078-d72f77d0455e->a2acb7c4-7563-4fb4-bd8c-c1e015953028#229-t1, previous=(t:1, i:0), leaderCommit=0, initializing? false, entries: <empty>
2019-09-24 02:26:30,954 [grpc-default-executor-2] INFO  server.GrpcServerProtocolService (GrpcServerProtocolService.java:onCompleted(113)) - 0dad0ba7-2de7-4c7e-bbfc-c35c9aa94a76: Completed APPEND_ENTRIES, lastRequest: b7adfa38-f86a-4f02-b078-d72f77d0455e->0dad0ba7-2de7-4c7e-bbfc-c35c9aa94a76#229-t1, previous=(t:1, i:0), leaderCommit=0, initializing? false, entries: <empty>
2019-09-24 02:26:30,954 [ForkJoinPool.commonPool-worker-0] INFO  segmented.SegmentedRaftLogWorker (SegmentedRaftLogWorker.java:close(228)) - 976b4ad9-2763-4348-94fe-da9eb86c31c0@group-BF4A884C52EC-SegmentedRaftLogWorker close()
2019-09-24 02:26:30,954 [main] INFO  impl.RaftServerImpl (ServerState.java:close(385)) - b7adfa38-f86a-4f02-b078-d72f77d0455e@group-A3765C17C61C: closes. applyIndex: 0
2019-09-24 02:26:30,960 [ForkJoinPool.commonPool-worker-0] INFO  server.GrpcService (GrpcService.java:closeImpl(164)) - 976b4ad9-2763-4348-94fe-da9eb86c31c0: shutdown server with port 36117 now
2019-09-24 02:26:30,961 [grpc-default-executor-3] INFO  server.GrpcLogAppender (GrpcLogAppender.java:onCompleted(293)) - b7adfa38-f86a-4f02-b078-d72f77d0455e@group-A3765C17C61C->0dad0ba7-2de7-4c7e-bbfc-c35c9aa94a76-AppendLogResponseHandler: follower responses appendEntries COMPLETED
2019-09-24 02:26:30,961 [b7adfa38-f86a-4f02-b078-d72f77d0455e@group-A3765C17C61C-SegmentedRaftLogWorker] INFO  segmented.SegmentedRaftLogWorker (SegmentedRaftLogWorker.java:run(313)) - b7adfa38-f86a-4f02-b078-d72f77d0455e@group-A3765C17C61C-SegmentedRaftLogWorker was interrupted, exiting. There are 0 tasks remaining in the queue.
2019-09-24 02:26:30,961 [grpc-default-executor-2] INFO  server.GrpcLogAppender (GrpcLogAppender.java:onCompleted(293)) - b7adfa38-f86a-4f02-b078-d72f77d0455e@group-A3765C17C61C->a2acb7c4-7563-4fb4-bd8c-c1e015953028-AppendLogResponseHandler: follower responses appendEntries COMPLETED
2019-09-24 02:26:30,964 [main] INFO  segmented.SegmentedRaftLogWorker (SegmentedRaftLogWorker.java:close(228)) - b7adfa38-f86a-4f02-b078-d72f77d0455e@group-A3765C17C61C-SegmentedRaftLogWorker close()
2019-09-24 02:26:30,966 [grpc-default-executor-2] INFO  impl.FollowerInfo (FollowerInfo.java:lambda$new$0(51)) - b7adfa38-f86a-4f02-b078-d72f77d0455e@group-A3765C17C61C->a2acb7c4-7563-4fb4-bd8c-c1e015953028: nextIndex: updateUnconditionally 1 -> 0
2019-09-24 02:26:30,966 [grpc-default-executor-3] INFO  impl.FollowerInfo (FollowerInfo.java:lambda$new$0(51)) - b7adfa38-f86a-4f02-b078-d72f77d0455e@group-A3765C17C61C->0dad0ba7-2de7-4c7e-bbfc-c35c9aa94a76: nextIndex: updateUnconditionally 1 -> 0
2019-09-24 02:26:30,969 [grpc-default-executor-4] WARN  server.GrpcServerProtocolService (LogUtils.java:warn(134)) - 976b4ad9-2763-4348-94fe-da9eb86c31c0: installSnapshot onError, lastRequest: 1d7c29ff-f782-4e4c-a166-2c7d98aa0a2e->976b4ad9-2763-4348-94fe-da9eb86c31c0#228-t2, previous=(t:2, i:0), leaderCommit=0, initializing? false, entries: <empty>: org.apache.ratis.thirdparty.io.grpc.StatusRuntimeException: CANCELLED: cancelled before receiving half close
2019-09-24 02:26:30,969 [main] INFO  server.GrpcService (GrpcService.java:closeImpl(164)) - b7adfa38-f86a-4f02-b078-d72f77d0455e: shutdown server with port 40480 now
2019-09-24 02:26:30,970 [grpc-default-executor-3] WARN  server.GrpcLogAppender (LogUtils.java:warn(134)) - 1d7c29ff-f782-4e4c-a166-2c7d98aa0a2e@group-BF4A884C52EC->976b4ad9-2763-4348-94fe-da9eb86c31c0-AppendLogResponseHandler: Failed appendEntries: org.apache.ratis.thirdparty.io.grpc.StatusRuntimeException: CANCELLED: HTTP/2 error code: CANCEL
Received Rst Stream
2019-09-24 02:26:30,969 [ForkJoinPool.commonPool-worker-0] INFO  server.GrpcService (GrpcService.java:closeImpl(172)) - 976b4ad9-2763-4348-94fe-da9eb86c31c0: shutdown server with port 36117 successfully
2019-09-24 02:26:30,971 [main] INFO  server.GrpcService (GrpcService.java:closeImpl(172)) - b7adfa38-f86a-4f02-b078-d72f77d0455e: shutdown server with port 40480 successfully
2019-09-24 02:26:30,970 [grpc-default-executor-3] INFO  impl.FollowerInfo (FollowerInfo.java:lambda$new$0(51)) - 1d7c29ff-f782-4e4c-a166-2c7d98aa0a2e@group-BF4A884C52EC->976b4ad9-2763-4348-94fe-da9eb86c31c0: nextIndex: updateUnconditionally 1 -> 0
2019-09-24 02:26:30,973 [refreshUsed-/workdir/hadoop-ozone/integration-test/target/test-dir/MiniOzoneClusterImpl-69b5c385-cdb4-4487-be19-c3541ab4b602/datanode-5/data/containers] WARN  fs.CachingGetSpaceUsed (CachingGetSpaceUsed.java:run(183)) - Thread Interrupted waiting to refresh disk information: sleep interrupted
2019-09-24 02:26:30,976 [refreshUsed-/workdir/hadoop-ozone/integration-test/target/test-dir/MiniOzoneClusterImpl-69b5c385-cdb4-4487-be19-c3541ab4b602/datanode-2/data/containers] WARN  fs.CachingGetSpaceUsed (CachingGetSpaceUsed.java:run(183)) - Thread Interrupted waiting to refresh disk information: sleep interrupted
2019-09-24 02:26:30,996 [main] INFO  utils.BackgroundService (BackgroundService.java:shutdown(148)) - Shutting down service BlockDeletingService
2019-09-24 02:26:31,003 [main] INFO  statemachine.DatanodeStateMachine (DatanodeStateMachine.java:stopDaemon(395)) - Ozone container server stopped.
2019-09-24 02:26:31,004 [ForkJoinPool.commonPool-worker-0] INFO  utils.BackgroundService (BackgroundService.java:shutdown(148)) - Shutting down service BlockDeletingService
2019-09-24 02:26:31,010 [ForkJoinPool.commonPool-worker-0] INFO  statemachine.DatanodeStateMachine (DatanodeStateMachine.java:stopDaemon(395)) - Ozone container server stopped.
2019-09-24 02:26:31,017 [main] INFO  handler.ContextHandler (ContextHandler.java:doStop(910)) - Stopped o.e.j.w.WebAppContext@68dd39d2{/,null,UNAVAILABLE}{/hddsDatanode}
2019-09-24 02:26:31,017 [ForkJoinPool.commonPool-worker-0] INFO  handler.ContextHandler (ContextHandler.java:doStop(910)) - Stopped o.e.j.w.WebAppContext@6ef60295{/,null,UNAVAILABLE}{/hddsDatanode}
2019-09-24 02:26:31,018 [main] INFO  server.AbstractConnector (AbstractConnector.java:doStop(318)) - Stopped ServerConnector@4a44cfc0{HTTP/1.1,[http/1.1]}{0.0.0.0:0}
2019-09-24 02:26:31,018 [ForkJoinPool.commonPool-worker-0] INFO  server.AbstractConnector (AbstractConnector.java:doStop(318)) - Stopped ServerConnector@3127cb44{HTTP/1.1,[http/1.1]}{0.0.0.0:0}
2019-09-24 02:26:31,018 [main] INFO  handler.ContextHandler (ContextHandler.java:doStop(910)) - Stopped o.e.j.s.ServletContextHandler@d48e998{/static,jar:file:/home/user/.m2/repository/org/apache/hadoop/hadoop-hdds-container-service/0.5.0-SNAPSHOT/hadoop-hdds-container-service-0.5.0-SNAPSHOT.jar!/webapps/static,UNAVAILABLE}
2019-09-24 02:26:31,020 [ForkJoinPool.commonPool-worker-0] INFO  handler.ContextHandler (ContextHandler.java:doStop(910)) - Stopped o.e.j.s.ServletContextHandler@10c47c79{/static,jar:file:/home/user/.m2/repository/org/apache/hadoop/hadoop-hdds-container-service/0.5.0-SNAPSHOT/hadoop-hdds-container-service-0.5.0-SNAPSHOT.jar!/webapps/static,UNAVAILABLE}
2019-09-24 02:26:31,020 [main] INFO  handler.ContextHandler (ContextHandler.java:doStop(910)) - Stopped o.e.j.s.ServletContextHandler@68e02f33{/logs,file:///workdir/hadoop-ozone/integration-test/target/log,UNAVAILABLE}
2019-09-24 02:26:31,022 [ForkJoinPool.commonPool-worker-0] INFO  handler.ContextHandler (ContextHandler.java:doStop(910)) - Stopped o.e.j.s.ServletContextHandler@3a2e9f5b{/logs,file:///workdir/hadoop-ozone/integration-test/target/log,UNAVAILABLE}
2019-09-24 02:26:31,053 [grpc-default-executor-2] WARN  server.GrpcLogAppender (LogUtils.java:warn(134)) - 1d7c29ff-f782-4e4c-a166-2c7d98aa0a2e@group-BF4A884C52EC->976b4ad9-2763-4348-94fe-da9eb86c31c0-AppendLogResponseHandler: Failed appendEntries: org.apache.ratis.thirdparty.io.grpc.StatusRuntimeException: UNAVAILABLE: io exception
2019-09-24 02:26:31,054 [grpc-default-executor-2] INFO  impl.FollowerInfo (FollowerInfo.java:lambda$new$0(51)) - 1d7c29ff-f782-4e4c-a166-2c7d98aa0a2e@group-BF4A884C52EC->976b4ad9-2763-4348-94fe-da9eb86c31c0: nextIndex: updateUnconditionally 0 -> 0
2019-09-24 02:26:31,141 [Datanode State Machine Thread - 0] INFO  statemachine.DatanodeStateMachine (DatanodeStateMachine.java:lambda$startDaemon$0(350)) - Ozone container server started.
2019-09-24 02:26:31,554 [grpc-default-executor-2] WARN  server.GrpcLogAppender (LogUtils.java:warn(134)) - 1d7c29ff-f782-4e4c-a166-2c7d98aa0a2e@group-BF4A884C52EC->976b4ad9-2763-4348-94fe-da9eb86c31c0-AppendLogResponseHandler: Failed appendEntries: org.apache.ratis.thirdparty.io.grpc.StatusRuntimeException: UNAVAILABLE: io exception
2019-09-24 02:26:31,555 [grpc-default-executor-2] INFO  impl.FollowerInfo (FollowerInfo.java:lambda$new$0(51)) - 1d7c29ff-f782-4e4c-a166-2c7d98aa0a2e@group-BF4A884C52EC->976b4ad9-2763-4348-94fe-da9eb86c31c0: nextIndex: updateUnconditionally 0 -> 0
2019-09-24 02:26:31,779 [Datanode State Machine Thread - 0] INFO  statemachine.DatanodeStateMachine (DatanodeStateMachine.java:lambda$startDaemon$0(350)) - Ozone container server started.
2019-09-24 02:26:31,817 [Thread-2350] INFO  impl.FollowerState (FollowerState.java:run(106)) - a2acb7c4-7563-4fb4-bd8c-c1e015953028:group-A3765C17C61C changes to CANDIDATE, lastRpcTime:1268, electionTimeout:1043ms
2019-09-24 02:26:31,817 [Thread-2350] INFO  impl.RoleInfo (RoleInfo.java:shutdownFollowerState(121)) - a2acb7c4-7563-4fb4-bd8c-c1e015953028: shutdown FollowerState
2019-09-24 02:26:31,817 [Thread-2350] INFO  impl.RaftServerImpl (RaftServerImpl.java:setRole(174)) - a2acb7c4-7563-4fb4-bd8c-c1e015953028@group-A3765C17C61C: changes role from  FOLLOWER to CANDIDATE at term 1 for changeToCandidate
2019-09-24 02:26:31,818 [Thread-2350] INFO  impl.RoleInfo (RoleInfo.java:updateAndGet(143)) - a2acb7c4-7563-4fb4-bd8c-c1e015953028: start LeaderElection
2019-09-24 02:26:31,818 [a2acb7c4-7563-4fb4-bd8c-c1e015953028@group-A3765C17C61C:LeaderElection58] INFO  impl.RaftServerImpl (ServerState.java:setLeader(253)) - a2acb7c4-7563-4fb4-bd8c-c1e015953028@group-A3765C17C61C: change Leader from b7adfa38-f86a-4f02-b078-d72f77d0455e to null at term 1 for initElection
2019-09-24 02:26:31,832 [a2acb7c4-7563-4fb4-bd8c-c1e015953028@group-A3765C17C61C:LeaderElection58] INFO  impl.LeaderElection (LeaderElection.java:askForVotes(182)) - a2acb7c4-7563-4fb4-bd8c-c1e015953028@group-A3765C17C61C:LeaderElection58: begin an election at term 2 for 0: [b7adfa38-f86a-4f02-b078-d72f77d0455e:192.168.151.121:40480, 0dad0ba7-2de7-4c7e-bbfc-c35c9aa94a76:192.168.151.121:45601, a2acb7c4-7563-4fb4-bd8c-c1e015953028:192.168.151.121:37667], old=null
2019-09-24 02:26:31,836 [a2acb7c4-7563-4fb4-bd8c-c1e015953028@group-A3765C17C61C:LeaderElection58] INFO  impl.LeaderElection (LogUtils.java:infoOrTrace(149)) - a2acb7c4-7563-4fb4-bd8c-c1e015953028@group-A3765C17C61C:LeaderElection58 got exception when requesting votes: {}
java.util.concurrent.ExecutionException: org.apache.ratis.thirdparty.io.grpc.StatusRuntimeException: UNAVAILABLE: io exception
	at java.util.concurrent.FutureTask.report(FutureTask.java:122)
	at java.util.concurrent.FutureTask.get(FutureTask.java:192)
	at org.apache.ratis.server.impl.LeaderElection.waitForResults(LeaderElection.java:263)
	at org.apache.ratis.server.impl.LeaderElection.askForVotes(LeaderElection.java:201)
	at org.apache.ratis.server.impl.LeaderElection.run(LeaderElection.java:133)
	at java.lang.Thread.run(Thread.java:748)
Caused by: org.apache.ratis.thirdparty.io.grpc.StatusRuntimeException: UNAVAILABLE: io exception
	at org.apache.ratis.thirdparty.io.grpc.stub.ClientCalls.toStatusRuntimeException(ClientCalls.java:233)
	at org.apache.ratis.thirdparty.io.grpc.stub.ClientCalls.getUnchecked(ClientCalls.java:214)
	at org.apache.ratis.thirdparty.io.grpc.stub.ClientCalls.blockingUnaryCall(ClientCalls.java:139)
	at org.apache.ratis.proto.grpc.RaftServerProtocolServiceGrpc$RaftServerProtocolServiceBlockingStub.requestVote(RaftServerProtocolServiceGrpc.java:265)
	at org.apache.ratis.grpc.server.GrpcServerProtocolClient.requestVote(GrpcServerProtocolClient.java:90)
	at org.apache.ratis.grpc.server.GrpcService.requestVote(GrpcService.java:204)
	at org.apache.ratis.server.impl.LeaderElection.lambda$submitRequests$1(LeaderElection.java:238)
	at java.util.concurrent.FutureTask.run(FutureTask.java:266)
	at java.util.concurrent.Executors$RunnableAdapter.call(Executors.java:511)
	at java.util.concurrent.FutureTask.run(FutureTask.java:266)
	at java.util.concurrent.ThreadPoolExecutor.runWorker(ThreadPoolExecutor.java:1149)
	at java.util.concurrent.ThreadPoolExecutor$Worker.run(ThreadPoolExecutor.java:624)
	... 1 more
Caused by: org.apache.ratis.thirdparty.io.netty.channel.AbstractChannel$AnnotatedConnectException: Connection refused: /192.168.151.121:40480
	at sun.nio.ch.SocketChannelImpl.checkConnect(Native Method)
	at sun.nio.ch.SocketChannelImpl.finishConnect(SocketChannelImpl.java:717)
	at org.apache.ratis.thirdparty.io.netty.channel.socket.nio.NioSocketChannel.doFinishConnect(NioSocketChannel.java:327)
	at org.apache.ratis.thirdparty.io.netty.channel.nio.AbstractNioChannel$AbstractNioUnsafe.finishConnect(AbstractNioChannel.java:340)
	at org.apache.ratis.thirdparty.io.netty.channel.nio.NioEventLoop.processSelectedKey(NioEventLoop.java:632)
	at org.apache.ratis.thirdparty.io.netty.channel.nio.NioEventLoop.processSelectedKeysOptimized(NioEventLoop.java:579)
	at org.apache.ratis.thirdparty.io.netty.channel.nio.NioEventLoop.processSelectedKeys(NioEventLoop.java:496)
	at org.apache.ratis.thirdparty.io.netty.channel.nio.NioEventLoop.run(NioEventLoop.java:458)
	at org.apache.ratis.thirdparty.io.netty.util.concurrent.SingleThreadEventExecutor$5.run(SingleThreadEventExecutor.java:897)
	at org.apache.ratis.thirdparty.io.netty.util.concurrent.FastThreadLocalRunnable.run(FastThreadLocalRunnable.java:30)
	... 1 more
Caused by: java.net.ConnectException: Connection refused
	... 11 more
2019-09-24 02:26:31,853 [grpc-default-executor-2] INFO  impl.RaftServerImpl (ServerState.java:setLeader(253)) - 0dad0ba7-2de7-4c7e-bbfc-c35c9aa94a76@group-A3765C17C61C: change Leader from b7adfa38-f86a-4f02-b078-d72f77d0455e to null at term 2 for updateCurrentTerm
2019-09-24 02:26:31,854 [grpc-default-executor-2] INFO  impl.RaftServerImpl (RaftServerImpl.java:setRole(174)) - 0dad0ba7-2de7-4c7e-bbfc-c35c9aa94a76@group-A3765C17C61C: changes role from  FOLLOWER to FOLLOWER at term 2 for recognizeCandidate:a2acb7c4-7563-4fb4-bd8c-c1e015953028
2019-09-24 02:26:31,854 [grpc-default-executor-2] INFO  impl.RoleInfo (RoleInfo.java:shutdownFollowerState(121)) - 0dad0ba7-2de7-4c7e-bbfc-c35c9aa94a76: shutdown FollowerState
2019-09-24 02:26:31,854 [grpc-default-executor-2] INFO  impl.RoleInfo (RoleInfo.java:updateAndGet(143)) - 0dad0ba7-2de7-4c7e-bbfc-c35c9aa94a76: start FollowerState
2019-09-24 02:26:31,854 [Thread-2348] INFO  impl.FollowerState (FollowerState.java:run(115)) - 0dad0ba7-2de7-4c7e-bbfc-c35c9aa94a76: FollowerState was interrupted: java.lang.InterruptedException: sleep interrupted
2019-09-24 02:26:31,869 [a2acb7c4-7563-4fb4-bd8c-c1e015953028@group-A3765C17C61C:LeaderElection58] INFO  impl.LeaderElection (LeaderElection.java:logAndReturn(56)) - a2acb7c4-7563-4fb4-bd8c-c1e015953028@group-A3765C17C61C:LeaderElection58: Election PASSED; received 1 response(s) [a2acb7c4-7563-4fb4-bd8c-c1e015953028<-0dad0ba7-2de7-4c7e-bbfc-c35c9aa94a76#0:OK-t2] and 1 exception(s); a2acb7c4-7563-4fb4-bd8c-c1e015953028@group-A3765C17C61C:t2, leader=null, voted=a2acb7c4-7563-4fb4-bd8c-c1e015953028, raftlog=a2acb7c4-7563-4fb4-bd8c-c1e015953028@group-A3765C17C61C-SegmentedRaftLog:OPENED:c0,f0,i0, conf=0: [b7adfa38-f86a-4f02-b078-d72f77d0455e:192.168.151.121:40480, 0dad0ba7-2de7-4c7e-bbfc-c35c9aa94a76:192.168.151.121:45601, a2acb7c4-7563-4fb4-bd8c-c1e015953028:192.168.151.121:37667], old=null
2019-09-24 02:26:31,869 [a2acb7c4-7563-4fb4-bd8c-c1e015953028@group-A3765C17C61C:LeaderElection58] INFO  impl.LeaderElection (LogUtils.java:infoOrTrace(149)) -   Exception 0: {}
java.util.concurrent.ExecutionException: org.apache.ratis.thirdparty.io.grpc.StatusRuntimeException: UNAVAILABLE: io exception
	at java.util.concurrent.FutureTask.report(FutureTask.java:122)
	at java.util.concurrent.FutureTask.get(FutureTask.java:192)
	at org.apache.ratis.server.impl.LeaderElection.waitForResults(LeaderElection.java:263)
	at org.apache.ratis.server.impl.LeaderElection.askForVotes(LeaderElection.java:201)
	at org.apache.ratis.server.impl.LeaderElection.run(LeaderElection.java:133)
	at java.lang.Thread.run(Thread.java:748)
Caused by: org.apache.ratis.thirdparty.io.grpc.StatusRuntimeException: UNAVAILABLE: io exception
	at org.apache.ratis.thirdparty.io.grpc.stub.ClientCalls.toStatusRuntimeException(ClientCalls.java:233)
	at org.apache.ratis.thirdparty.io.grpc.stub.ClientCalls.getUnchecked(ClientCalls.java:214)
	at org.apache.ratis.thirdparty.io.grpc.stub.ClientCalls.blockingUnaryCall(ClientCalls.java:139)
	at org.apache.ratis.proto.grpc.RaftServerProtocolServiceGrpc$RaftServerProtocolServiceBlockingStub.requestVote(RaftServerProtocolServiceGrpc.java:265)
	at org.apache.ratis.grpc.server.GrpcServerProtocolClient.requestVote(GrpcServerProtocolClient.java:90)
	at org.apache.ratis.grpc.server.GrpcService.requestVote(GrpcService.java:204)
	at org.apache.ratis.server.impl.LeaderElection.lambda$submitRequests$1(LeaderElection.java:238)
	at java.util.concurrent.FutureTask.run(FutureTask.java:266)
	at java.util.concurrent.Executors$RunnableAdapter.call(Executors.java:511)
	at java.util.concurrent.FutureTask.run(FutureTask.java:266)
	at java.util.concurrent.ThreadPoolExecutor.runWorker(ThreadPoolExecutor.java:1149)
	at java.util.concurrent.ThreadPoolExecutor$Worker.run(ThreadPoolExecutor.java:624)
	... 1 more
Caused by: org.apache.ratis.thirdparty.io.netty.channel.AbstractChannel$AnnotatedConnectException: Connection refused: /192.168.151.121:40480
	at sun.nio.ch.SocketChannelImpl.checkConnect(Native Method)
	at sun.nio.ch.SocketChannelImpl.finishConnect(SocketChannelImpl.java:717)
	at org.apache.ratis.thirdparty.io.netty.channel.socket.nio.NioSocketChannel.doFinishConnect(NioSocketChannel.java:327)
	at org.apache.ratis.thirdparty.io.netty.channel.nio.AbstractNioChannel$AbstractNioUnsafe.finishConnect(AbstractNioChannel.java:340)
	at org.apache.ratis.thirdparty.io.netty.channel.nio.NioEventLoop.processSelectedKey(NioEventLoop.java:632)
	at org.apache.ratis.thirdparty.io.netty.channel.nio.NioEventLoop.processSelectedKeysOptimized(NioEventLoop.java:579)
	at org.apache.ratis.thirdparty.io.netty.channel.nio.NioEventLoop.processSelectedKeys(NioEventLoop.java:496)
	at org.apache.ratis.thirdparty.io.netty.channel.nio.NioEventLoop.run(NioEventLoop.java:458)
	at org.apache.ratis.thirdparty.io.netty.util.concurrent.SingleThreadEventExecutor$5.run(SingleThreadEventExecutor.java:897)
	at org.apache.ratis.thirdparty.io.netty.util.concurrent.FastThreadLocalRunnable.run(FastThreadLocalRunnable.java:30)
	... 1 more
Caused by: java.net.ConnectException: Connection refused
	... 11 more
2019-09-24 02:26:31,869 [a2acb7c4-7563-4fb4-bd8c-c1e015953028@group-A3765C17C61C:LeaderElection58] INFO  impl.RoleInfo (RoleInfo.java:shutdownLeaderElection(134)) - a2acb7c4-7563-4fb4-bd8c-c1e015953028: shutdown LeaderElection
2019-09-24 02:26:31,870 [a2acb7c4-7563-4fb4-bd8c-c1e015953028@group-A3765C17C61C:LeaderElection58] INFO  impl.RaftServerImpl (RaftServerImpl.java:setRole(174)) - a2acb7c4-7563-4fb4-bd8c-c1e015953028@group-A3765C17C61C: changes role from CANDIDATE to LEADER at term 2 for changeToLeader
2019-09-24 02:26:31,870 [a2acb7c4-7563-4fb4-bd8c-c1e015953028@group-A3765C17C61C:LeaderElection58] INFO  impl.RaftServerImpl (ServerState.java:setLeader(253)) - a2acb7c4-7563-4fb4-bd8c-c1e015953028@group-A3765C17C61C: change Leader from null to a2acb7c4-7563-4fb4-bd8c-c1e015953028 at term 2 for becomeLeader, leader elected after 51ms
2019-09-24 02:26:31,870 [a2acb7c4-7563-4fb4-bd8c-c1e015953028@group-A3765C17C61C:LeaderElection58] INFO  server.RaftServerConfigKeys (ConfUtils.java:logGet(43)) - raft.server.staging.catchup.gap = 1000 (default)
2019-09-24 02:26:31,870 [a2acb7c4-7563-4fb4-bd8c-c1e015953028@group-A3765C17C61C:LeaderElection58] INFO  server.RaftServerConfigKeys (ConfUtils.java:logGet(43)) - raft.server.rpc.sleep.time = 25ms (default)
2019-09-24 02:26:31,870 [a2acb7c4-7563-4fb4-bd8c-c1e015953028@group-A3765C17C61C:LeaderElection58] INFO  server.RaftServerConfigKeys (ConfUtils.java:logGet(43)) - raft.server.write.element-limit = 4096 (default)
2019-09-24 02:26:31,870 [a2acb7c4-7563-4fb4-bd8c-c1e015953028@group-A3765C17C61C:LeaderElection58] INFO  server.RaftServerConfigKeys (ConfUtils.java:logGet(43)) - raft.server.watch.timeout = 10s (default)
2019-09-24 02:26:31,871 [a2acb7c4-7563-4fb4-bd8c-c1e015953028@group-A3765C17C61C:LeaderElection58] INFO  server.RaftServerConfigKeys (ConfUtils.java:logGet(43)) - raft.server.watch.timeout.denomination = 1s (default)
2019-09-24 02:26:31,871 [a2acb7c4-7563-4fb4-bd8c-c1e015953028@group-A3765C17C61C:LeaderElection58] INFO  server.RaftServerConfigKeys (ConfUtils.java:logGet(43)) - raft.server.watch.element-limit = 65536 (default)
2019-09-24 02:26:31,874 [a2acb7c4-7563-4fb4-bd8c-c1e015953028@group-A3765C17C61C:LeaderElection58] INFO  server.RaftServerConfigKeys (ConfUtils.java:logGet(43)) - raft.server.log.appender.snapshot.chunk.size.max = 16MB (=16777216) (default)
2019-09-24 02:26:31,874 [a2acb7c4-7563-4fb4-bd8c-c1e015953028@group-A3765C17C61C:LeaderElection58] INFO  server.RaftServerConfigKeys (ConfUtils.java:logGet(43)) - raft.server.log.appender.buffer.byte-limit = 33554432 (custom)
2019-09-24 02:26:31,874 [a2acb7c4-7563-4fb4-bd8c-c1e015953028@group-A3765C17C61C:LeaderElection58] INFO  server.RaftServerConfigKeys (ConfUtils.java:logGet(43)) - raft.server.log.appender.buffer.element-limit = 1 (custom)
2019-09-24 02:26:31,875 [a2acb7c4-7563-4fb4-bd8c-c1e015953028@group-A3765C17C61C:LeaderElection58] INFO  grpc.GrpcConfigKeys$Server (ConfUtils.java:logGet(43)) - raft.grpc.server.leader.outstanding.appends.max = 128 (default)
2019-09-24 02:26:31,875 [a2acb7c4-7563-4fb4-bd8c-c1e015953028@group-A3765C17C61C:LeaderElection58] INFO  server.RaftServerConfigKeys (ConfUtils.java:logGet(43)) - raft.server.rpc.request.timeout = 3000ms (default)
2019-09-24 02:26:31,875 [a2acb7c4-7563-4fb4-bd8c-c1e015953028@group-A3765C17C61C:LeaderElection58] INFO  server.RaftServerConfigKeys (ConfUtils.java:logGet(43)) - raft.server.log.appender.install.snapshot.enabled = false (custom)
2019-09-24 02:26:31,875 [a2acb7c4-7563-4fb4-bd8c-c1e015953028@group-A3765C17C61C:LeaderElection58] INFO  server.RaftServerConfigKeys (ConfUtils.java:logGet(43)) - raft.server.log.appender.snapshot.chunk.size.max = 16MB (=16777216) (default)
2019-09-24 02:26:31,875 [a2acb7c4-7563-4fb4-bd8c-c1e015953028@group-A3765C17C61C:LeaderElection58] INFO  server.RaftServerConfigKeys (ConfUtils.java:logGet(43)) - raft.server.log.appender.buffer.byte-limit = 33554432 (custom)
2019-09-24 02:26:31,876 [a2acb7c4-7563-4fb4-bd8c-c1e015953028@group-A3765C17C61C:LeaderElection58] INFO  server.RaftServerConfigKeys (ConfUtils.java:logGet(43)) - raft.server.log.appender.buffer.element-limit = 1 (custom)
2019-09-24 02:26:31,876 [a2acb7c4-7563-4fb4-bd8c-c1e015953028@group-A3765C17C61C:LeaderElection58] INFO  grpc.GrpcConfigKeys$Server (ConfUtils.java:logGet(43)) - raft.grpc.server.leader.outstanding.appends.max = 128 (default)
2019-09-24 02:26:31,876 [a2acb7c4-7563-4fb4-bd8c-c1e015953028@group-A3765C17C61C:LeaderElection58] INFO  server.RaftServerConfigKeys (ConfUtils.java:logGet(43)) - raft.server.rpc.request.timeout = 3000ms (default)
2019-09-24 02:26:31,876 [a2acb7c4-7563-4fb4-bd8c-c1e015953028@group-A3765C17C61C:LeaderElection58] INFO  server.RaftServerConfigKeys (ConfUtils.java:logGet(43)) - raft.server.log.appender.install.snapshot.enabled = false (custom)
2019-09-24 02:26:31,876 [a2acb7c4-7563-4fb4-bd8c-c1e015953028@group-A3765C17C61C:LeaderElection58] INFO  impl.RoleInfo (RoleInfo.java:updateAndGet(143)) - a2acb7c4-7563-4fb4-bd8c-c1e015953028: start LeaderState
2019-09-24 02:26:31,877 [a2acb7c4-7563-4fb4-bd8c-c1e015953028@group-A3765C17C61C:LeaderElection58] INFO  segmented.SegmentedRaftLogWorker (SegmentedRaftLogWorker.java:rollLogSegment(385)) - a2acb7c4-7563-4fb4-bd8c-c1e015953028@group-A3765C17C61C-SegmentedRaftLogWorker: Rolling segment log-0_0 to index:0
2019-09-24 02:26:31,878 [a2acb7c4-7563-4fb4-bd8c-c1e015953028@group-A3765C17C61C-SegmentedRaftLogWorker] INFO  segmented.SegmentedRaftLogWorker (SegmentedRaftLogWorker.java:execute(526)) - a2acb7c4-7563-4fb4-bd8c-c1e015953028@group-A3765C17C61C-SegmentedRaftLogWorker: Rolled log segment from /workdir/hadoop-ozone/integration-test/target/test-dir/MiniOzoneClusterImpl-69b5c385-cdb4-4487-be19-c3541ab4b602/datanode-9/data/ratis/f2805248-f93c-40f7-9bea-a3765c17c61c/current/log_inprogress_0 to /workdir/hadoop-ozone/integration-test/target/test-dir/MiniOzoneClusterImpl-69b5c385-cdb4-4487-be19-c3541ab4b602/datanode-9/data/ratis/f2805248-f93c-40f7-9bea-a3765c17c61c/current/log_0-0
2019-09-24 02:26:31,881 [a2acb7c4-7563-4fb4-bd8c-c1e015953028@group-A3765C17C61C:LeaderElection58] INFO  impl.RaftServerImpl (ServerState.java:setRaftConf(354)) - a2acb7c4-7563-4fb4-bd8c-c1e015953028@group-A3765C17C61C: set configuration 1: [b7adfa38-f86a-4f02-b078-d72f77d0455e:192.168.151.121:40480, 0dad0ba7-2de7-4c7e-bbfc-c35c9aa94a76:192.168.151.121:45601, a2acb7c4-7563-4fb4-bd8c-c1e015953028:192.168.151.121:37667], old=null at 1
2019-09-24 02:26:31,881 [grpc-default-executor-2] WARN  server.GrpcLogAppender (LogUtils.java:warn(134)) - a2acb7c4-7563-4fb4-bd8c-c1e015953028@group-A3765C17C61C->b7adfa38-f86a-4f02-b078-d72f77d0455e-AppendLogResponseHandler: Failed appendEntries: org.apache.ratis.thirdparty.io.grpc.StatusRuntimeException: UNAVAILABLE: io exception
2019-09-24 02:26:31,919 [grpc-default-executor-2] INFO  impl.FollowerInfo (FollowerInfo.java:lambda$new$0(51)) - a2acb7c4-7563-4fb4-bd8c-c1e015953028@group-A3765C17C61C->b7adfa38-f86a-4f02-b078-d72f77d0455e: nextIndex: updateUnconditionally 1 -> 0
2019-09-24 02:26:31,921 [grpc-default-executor-4] INFO  impl.RaftServerImpl (ServerState.java:setLeader(253)) - 0dad0ba7-2de7-4c7e-bbfc-c35c9aa94a76@group-A3765C17C61C: change Leader from null to a2acb7c4-7563-4fb4-bd8c-c1e015953028 at term 2 for appendEntries, leader elected after 67ms
2019-09-24 02:26:31,923 [grpc-default-executor-3] WARN  server.GrpcLogAppender (LogUtils.java:warn(134)) - a2acb7c4-7563-4fb4-bd8c-c1e015953028@group-A3765C17C61C->b7adfa38-f86a-4f02-b078-d72f77d0455e-AppendLogResponseHandler: Failed appendEntries: org.apache.ratis.thirdparty.io.grpc.StatusRuntimeException: UNAVAILABLE: io exception
2019-09-24 02:26:31,924 [grpc-default-executor-3] INFO  impl.FollowerInfo (FollowerInfo.java:lambda$new$0(51)) - a2acb7c4-7563-4fb4-bd8c-c1e015953028@group-A3765C17C61C->b7adfa38-f86a-4f02-b078-d72f77d0455e: nextIndex: updateUnconditionally 1 -> 0
2019-09-24 02:26:31,924 [grpc-default-executor-2] INFO  impl.RaftServerImpl (ServerState.java:setRaftConf(354)) - 0dad0ba7-2de7-4c7e-bbfc-c35c9aa94a76@group-A3765C17C61C: set configuration 1: [b7adfa38-f86a-4f02-b078-d72f77d0455e:192.168.151.121:40480, 0dad0ba7-2de7-4c7e-bbfc-c35c9aa94a76:192.168.151.121:45601, a2acb7c4-7563-4fb4-bd8c-c1e015953028:192.168.151.121:37667], old=null at 1
2019-09-24 02:26:31,924 [grpc-default-executor-2] INFO  segmented.SegmentedRaftLogWorker (SegmentedRaftLogWorker.java:rollLogSegment(385)) - 0dad0ba7-2de7-4c7e-bbfc-c35c9aa94a76@group-A3765C17C61C-SegmentedRaftLogWorker: Rolling segment log-0_0 to index:0
2019-09-24 02:26:31,925 [0dad0ba7-2de7-4c7e-bbfc-c35c9aa94a76@group-A3765C17C61C-SegmentedRaftLogWorker] INFO  segmented.SegmentedRaftLogWorker (SegmentedRaftLogWorker.java:execute(526)) - 0dad0ba7-2de7-4c7e-bbfc-c35c9aa94a76@group-A3765C17C61C-SegmentedRaftLogWorker: Rolled log segment from /workdir/hadoop-ozone/integration-test/target/test-dir/MiniOzoneClusterImpl-69b5c385-cdb4-4487-be19-c3541ab4b602/datanode-6/data/ratis/f2805248-f93c-40f7-9bea-a3765c17c61c/current/log_inprogress_0 to /workdir/hadoop-ozone/integration-test/target/test-dir/MiniOzoneClusterImpl-69b5c385-cdb4-4487-be19-c3541ab4b602/datanode-6/data/ratis/f2805248-f93c-40f7-9bea-a3765c17c61c/current/log_0-0
2019-09-24 02:26:31,957 [a2acb7c4-7563-4fb4-bd8c-c1e015953028@group-A3765C17C61C-SegmentedRaftLogWorker] INFO  segmented.SegmentedRaftLogWorker (SegmentedRaftLogWorker.java:execute(569)) - a2acb7c4-7563-4fb4-bd8c-c1e015953028@group-A3765C17C61C-SegmentedRaftLogWorker: created new log segment /workdir/hadoop-ozone/integration-test/target/test-dir/MiniOzoneClusterImpl-69b5c385-cdb4-4487-be19-c3541ab4b602/datanode-9/data/ratis/f2805248-f93c-40f7-9bea-a3765c17c61c/current/log_inprogress_1
2019-09-24 02:26:31,969 [0dad0ba7-2de7-4c7e-bbfc-c35c9aa94a76@group-A3765C17C61C-SegmentedRaftLogWorker] INFO  segmented.SegmentedRaftLogWorker (SegmentedRaftLogWorker.java:execute(569)) - 0dad0ba7-2de7-4c7e-bbfc-c35c9aa94a76@group-A3765C17C61C-SegmentedRaftLogWorker: created new log segment /workdir/hadoop-ozone/integration-test/target/test-dir/MiniOzoneClusterImpl-69b5c385-cdb4-4487-be19-c3541ab4b602/datanode-6/data/ratis/f2805248-f93c-40f7-9bea-a3765c17c61c/current/log_inprogress_1
2019-09-24 02:26:31,988 [grpc-default-executor-4] WARN  server.GrpcLogAppender (LogUtils.java:warn(134)) - a2acb7c4-7563-4fb4-bd8c-c1e015953028@group-A3765C17C61C->b7adfa38-f86a-4f02-b078-d72f77d0455e-AppendLogResponseHandler: Failed appendEntries: org.apache.ratis.thirdparty.io.grpc.StatusRuntimeException: UNAVAILABLE: io exception
2019-09-24 02:26:31,988 [grpc-default-executor-4] INFO  impl.FollowerInfo (FollowerInfo.java:lambda$new$0(51)) - a2acb7c4-7563-4fb4-bd8c-c1e015953028@group-A3765C17C61C->b7adfa38-f86a-4f02-b078-d72f77d0455e: nextIndex: updateUnconditionally 1 -> 0
2019-09-24 02:26:31,999 [grpc-default-executor-2] WARN  server.GrpcLogAppender (LogUtils.java:warn(134)) - a2acb7c4-7563-4fb4-bd8c-c1e015953028@group-A3765C17C61C->b7adfa38-f86a-4f02-b078-d72f77d0455e-AppendLogResponseHandler: Failed appendEntries: org.apache.ratis.thirdparty.io.grpc.StatusRuntimeException: UNAVAILABLE: io exception
2019-09-24 02:26:31,999 [grpc-default-executor-2] INFO  impl.FollowerInfo (FollowerInfo.java:lambda$new$0(51)) - a2acb7c4-7563-4fb4-bd8c-c1e015953028@group-A3765C17C61C->b7adfa38-f86a-4f02-b078-d72f77d0455e: nextIndex: updateUnconditionally 1 -> 0
2019-09-24 02:26:32,054 [grpc-default-executor-2] WARN  server.GrpcLogAppender (LogUtils.java:warn(134)) - 1d7c29ff-f782-4e4c-a166-2c7d98aa0a2e@group-BF4A884C52EC->976b4ad9-2763-4348-94fe-da9eb86c31c0-AppendLogResponseHandler: Failed appendEntries: org.apache.ratis.thirdparty.io.grpc.StatusRuntimeException: UNAVAILABLE: io exception
2019-09-24 02:26:32,055 [grpc-default-executor-2] INFO  impl.FollowerInfo (FollowerInfo.java:lambda$new$0(51)) - 1d7c29ff-f782-4e4c-a166-2c7d98aa0a2e@group-BF4A884C52EC->976b4ad9-2763-4348-94fe-da9eb86c31c0: nextIndex: updateUnconditionally 0 -> 0
2019-09-24 02:26:32,500 [grpc-default-executor-3] WARN  server.GrpcLogAppender (LogUtils.java:warn(134)) - a2acb7c4-7563-4fb4-bd8c-c1e015953028@group-A3765C17C61C->b7adfa38-f86a-4f02-b078-d72f77d0455e-AppendLogResponseHandler: Failed appendEntries: org.apache.ratis.thirdparty.io.grpc.StatusRuntimeException: UNAVAILABLE: io exception
2019-09-24 02:26:32,501 [grpc-default-executor-3] INFO  impl.FollowerInfo (FollowerInfo.java:lambda$new$0(51)) - a2acb7c4-7563-4fb4-bd8c-c1e015953028@group-A3765C17C61C->b7adfa38-f86a-4f02-b078-d72f77d0455e: nextIndex: updateUnconditionally 0 -> 0
2019-09-24 02:26:32,555 [grpc-default-executor-2] WARN  server.GrpcLogAppender (LogUtils.java:warn(134)) - 1d7c29ff-f782-4e4c-a166-2c7d98aa0a2e@group-BF4A884C52EC->976b4ad9-2763-4348-94fe-da9eb86c31c0-AppendLogResponseHandler: Failed appendEntries: org.apache.ratis.thirdparty.io.grpc.StatusRuntimeException: UNAVAILABLE: io exception
2019-09-24 02:26:32,555 [grpc-default-executor-2] INFO  impl.FollowerInfo (FollowerInfo.java:lambda$new$0(51)) - 1d7c29ff-f782-4e4c-a166-2c7d98aa0a2e@group-BF4A884C52EC->976b4ad9-2763-4348-94fe-da9eb86c31c0: nextIndex: updateUnconditionally 0 -> 0
2019-09-24 02:26:33,001 [grpc-default-executor-3] WARN  server.GrpcLogAppender (LogUtils.java:warn(134)) - a2acb7c4-7563-4fb4-bd8c-c1e015953028@group-A3765C17C61C->b7adfa38-f86a-4f02-b078-d72f77d0455e-AppendLogResponseHandler: Failed appendEntries: org.apache.ratis.thirdparty.io.grpc.StatusRuntimeException: UNAVAILABLE: io exception
2019-09-24 02:26:33,002 [grpc-default-executor-3] INFO  impl.FollowerInfo (FollowerInfo.java:lambda$new$0(51)) - a2acb7c4-7563-4fb4-bd8c-c1e015953028@group-A3765C17C61C->b7adfa38-f86a-4f02-b078-d72f77d0455e: nextIndex: updateUnconditionally 0 -> 0
2019-09-24 02:26:33,059 [grpc-default-executor-2] WARN  server.GrpcLogAppender (LogUtils.java:warn(134)) - 1d7c29ff-f782-4e4c-a166-2c7d98aa0a2e@group-BF4A884C52EC->976b4ad9-2763-4348-94fe-da9eb86c31c0-AppendLogResponseHandler: Failed appendEntries: org.apache.ratis.thirdparty.io.grpc.StatusRuntimeException: UNAVAILABLE: io exception
2019-09-24 02:26:33,059 [grpc-default-executor-2] INFO  impl.FollowerInfo (FollowerInfo.java:lambda$new$0(51)) - 1d7c29ff-f782-4e4c-a166-2c7d98aa0a2e@group-BF4A884C52EC->976b4ad9-2763-4348-94fe-da9eb86c31c0: nextIndex: updateUnconditionally 0 -> 0
2019-09-24 02:26:33,503 [grpc-default-executor-4] WARN  server.GrpcLogAppender (LogUtils.java:warn(134)) - a2acb7c4-7563-4fb4-bd8c-c1e015953028@group-A3765C17C61C->b7adfa38-f86a-4f02-b078-d72f77d0455e-AppendLogResponseHandler: Failed appendEntries: org.apache.ratis.thirdparty.io.grpc.StatusRuntimeException: UNAVAILABLE: io exception
2019-09-24 02:26:33,503 [grpc-default-executor-4] INFO  impl.FollowerInfo (FollowerInfo.java:lambda$new$0(51)) - a2acb7c4-7563-4fb4-bd8c-c1e015953028@group-A3765C17C61C->b7adfa38-f86a-4f02-b078-d72f77d0455e: nextIndex: updateUnconditionally 0 -> 0
2019-09-24 02:26:33,557 [grpc-default-executor-2] WARN  server.GrpcLogAppender (LogUtils.java:warn(134)) - 1d7c29ff-f782-4e4c-a166-2c7d98aa0a2e@group-BF4A884C52EC->976b4ad9-2763-4348-94fe-da9eb86c31c0-AppendLogResponseHandler: Failed appendEntries: org.apache.ratis.thirdparty.io.grpc.StatusRuntimeException: UNAVAILABLE: io exception
2019-09-24 02:26:33,557 [grpc-default-executor-2] INFO  impl.FollowerInfo (FollowerInfo.java:lambda$new$0(51)) - 1d7c29ff-f782-4e4c-a166-2c7d98aa0a2e@group-BF4A884C52EC->976b4ad9-2763-4348-94fe-da9eb86c31c0: nextIndex: updateUnconditionally 0 -> 0
2019-09-24 02:26:34,005 [grpc-default-executor-3] WARN  server.GrpcLogAppender (LogUtils.java:warn(134)) - a2acb7c4-7563-4fb4-bd8c-c1e015953028@group-A3765C17C61C->b7adfa38-f86a-4f02-b078-d72f77d0455e-AppendLogResponseHandler: Failed appendEntries: org.apache.ratis.thirdparty.io.grpc.StatusRuntimeException: UNAVAILABLE: io exception
2019-09-24 02:26:34,005 [grpc-default-executor-3] INFO  impl.FollowerInfo (FollowerInfo.java:lambda$new$0(51)) - a2acb7c4-7563-4fb4-bd8c-c1e015953028@group-A3765C17C61C->b7adfa38-f86a-4f02-b078-d72f77d0455e: nextIndex: updateUnconditionally 0 -> 0
2019-09-24 02:26:34,061 [grpc-default-executor-4] WARN  server.GrpcLogAppender (LogUtils.java:warn(134)) - 1d7c29ff-f782-4e4c-a166-2c7d98aa0a2e@group-BF4A884C52EC->976b4ad9-2763-4348-94fe-da9eb86c31c0-AppendLogResponseHandler: Failed appendEntries: org.apache.ratis.thirdparty.io.grpc.StatusRuntimeException: UNAVAILABLE: io exception
2019-09-24 02:26:34,061 [grpc-default-executor-4] INFO  impl.FollowerInfo (FollowerInfo.java:lambda$new$0(51)) - 1d7c29ff-f782-4e4c-a166-2c7d98aa0a2e@group-BF4A884C52EC->976b4ad9-2763-4348-94fe-da9eb86c31c0: nextIndex: updateUnconditionally 0 -> 0
2019-09-24 02:26:34,063 [grpc-default-executor-4] INFO  impl.RaftServerProxy (RaftServerProxy.java:addNew(89)) - a2acb7c4-7563-4fb4-bd8c-c1e015953028: addNew group-6C638B5F63A2:[a2acb7c4-7563-4fb4-bd8c-c1e015953028:192.168.151.121:37667] returns group-6C638B5F63A2:java.util.concurrent.CompletableFuture@3547c07f[Not completed]
2019-09-24 02:26:34,065 [pool-237-thread-1] INFO  impl.RaftServerImpl (RaftServerImpl.java:<init>(95)) - a2acb7c4-7563-4fb4-bd8c-c1e015953028: new RaftServerImpl for group-6C638B5F63A2:[a2acb7c4-7563-4fb4-bd8c-c1e015953028:192.168.151.121:37667] with ContainerStateMachine:uninitialized
2019-09-24 02:26:34,065 [pool-237-thread-1] INFO  server.RaftServerConfigKeys (ConfUtils.java:logGet(43)) - raft.server.rpc.timeout.min = 1s (custom)
2019-09-24 02:26:34,065 [pool-237-thread-1] INFO  server.RaftServerConfigKeys (ConfUtils.java:logGet(43)) - raft.server.rpc.timeout.max = 1200ms (custom)
2019-09-24 02:26:34,066 [pool-237-thread-1] INFO  server.RaftServerConfigKeys (ConfUtils.java:logGet(43)) - raft.server.rpcslowness.timeout = 120s (custom)
2019-09-24 02:26:34,066 [pool-237-thread-1] INFO  server.RaftServerConfigKeys (ConfUtils.java:logGet(43)) - raft.server.sleep.deviation.threshold = 300 (default)
2019-09-24 02:26:34,066 [pool-237-thread-1] INFO  server.RaftServerConfigKeys (ConfUtils.java:logGet(43)) - raft.server.log.appender.install.snapshot.enabled = false (custom)
2019-09-24 02:26:34,066 [pool-237-thread-1] INFO  impl.RaftServerImpl (ServerState.java:<init>(103)) - a2acb7c4-7563-4fb4-bd8c-c1e015953028@group-6C638B5F63A2: ConfigurationManager, init=-1: [a2acb7c4-7563-4fb4-bd8c-c1e015953028:192.168.151.121:37667], old=null, confs=<EMPTY_MAP>
2019-09-24 02:26:34,066 [pool-237-thread-1] INFO  server.RaftServerConfigKeys (ConfUtils.java:logGet(43)) - raft.server.storage.dir = [/workdir/hadoop-ozone/integration-test/target/test-dir/MiniOzoneClusterImpl-69b5c385-cdb4-4487-be19-c3541ab4b602/datanode-9/data/ratis] (custom)
2019-09-24 02:26:34,067 [pool-237-thread-1] INFO  storage.RaftStorageDirectory (RaftStorageDirectory.java:analyzeStorage(246)) - The storage directory /workdir/hadoop-ozone/integration-test/target/test-dir/MiniOzoneClusterImpl-69b5c385-cdb4-4487-be19-c3541ab4b602/datanode-9/data/ratis/8c6ee6ff-d08c-40bb-8f35-6c638b5f63a2 does not exist. Creating ...
2019-09-24 02:26:34,092 [pool-237-thread-1] INFO  storage.RaftStorageDirectory (RaftStorageDirectory.java:tryLock(328)) - Lock on /workdir/hadoop-ozone/integration-test/target/test-dir/MiniOzoneClusterImpl-69b5c385-cdb4-4487-be19-c3541ab4b602/datanode-9/data/ratis/8c6ee6ff-d08c-40bb-8f35-6c638b5f63a2/in_use.lock acquired by nodename 30927@pr-hdds-2162-tjkd5-3209850126
2019-09-24 02:26:34,105 [pool-237-thread-1] INFO  storage.RaftStorage (RaftStorage.java:format(72)) - Storage directory /workdir/hadoop-ozone/integration-test/target/test-dir/MiniOzoneClusterImpl-69b5c385-cdb4-4487-be19-c3541ab4b602/datanode-9/data/ratis/8c6ee6ff-d08c-40bb-8f35-6c638b5f63a2 has been successfully formatted.
2019-09-24 02:26:34,105 [pool-237-thread-1] INFO  ratis.ContainerStateMachine (ContainerStateMachine.java:loadSnapshot(230)) - group-6C638B5F63A2: The snapshot info is null. Setting the last applied indexto:(t:0, i:~)
2019-09-24 02:26:34,105 [pool-237-thread-1] INFO  server.RaftServerConfigKeys (ConfUtils.java:logGet(43)) - raft.server.notification.no-leader.timeout = 120s (custom)
2019-09-24 02:26:34,105 [pool-237-thread-1] INFO  server.RaftServerConfigKeys (ConfUtils.java:logGet(43)) - raft.server.log.use.memory = false (default)
2019-09-24 02:26:34,105 [pool-237-thread-1] INFO  server.RaftServerConfigKeys (ConfUtils.java:logGet(43)) - raft.server.log.purge.gap = 1000000 (custom)
2019-09-24 02:26:34,106 [pool-237-thread-1] INFO  server.RaftServerConfigKeys (ConfUtils.java:logGet(43)) - raft.server.log.appender.buffer.byte-limit = 33554432 (custom)
2019-09-24 02:26:34,106 [pool-237-thread-1] INFO  server.RaftServerConfigKeys (ConfUtils.java:logGet(43)) - raft.server.log.segment.size.max = 1048576 (custom)
2019-09-24 02:26:34,106 [pool-237-thread-1] INFO  server.RaftServerConfigKeys (ConfUtils.java:logGet(43)) - raft.server.log.segment.cache.num.max = 2 (custom)
2019-09-24 02:26:34,106 [pool-237-thread-1] INFO  segmented.SegmentedRaftLogWorker (SegmentedRaftLogWorker.java:<init>(172)) - new a2acb7c4-7563-4fb4-bd8c-c1e015953028@group-6C638B5F63A2-SegmentedRaftLogWorker for RaftStorage:Storage Directory /workdir/hadoop-ozone/integration-test/target/test-dir/MiniOzoneClusterImpl-69b5c385-cdb4-4487-be19-c3541ab4b602/datanode-9/data/ratis/8c6ee6ff-d08c-40bb-8f35-6c638b5f63a2
2019-09-24 02:26:34,106 [pool-237-thread-1] INFO  server.RaftServerConfigKeys (ConfUtils.java:logGet(43)) - raft.server.log.queue.byte-limit = 2147483647 (custom)
2019-09-24 02:26:34,106 [pool-237-thread-1] INFO  server.RaftServerConfigKeys (ConfUtils.java:logGet(43)) - raft.server.log.queue.element-limit = 1024 (custom)
2019-09-24 02:26:34,106 [pool-237-thread-1] INFO  server.RaftServerConfigKeys (ConfUtils.java:logGet(43)) - raft.server.log.segment.size.max = 1048576 (custom)
2019-09-24 02:26:34,107 [pool-237-thread-1] INFO  server.RaftServerConfigKeys (ConfUtils.java:logGet(43)) - raft.server.log.preallocated.size = 16384 (custom)
2019-09-24 02:26:34,107 [pool-237-thread-1] INFO  server.RaftServerConfigKeys (ConfUtils.java:logGet(43)) - raft.server.log.write.buffer.size = 33554432 (custom)
2019-09-24 02:26:34,107 [pool-237-thread-1] INFO  server.RaftServerConfigKeys (ConfUtils.java:logGet(43)) - raft.server.log.force.sync.num = 128 (default)
2019-09-24 02:26:34,107 [pool-237-thread-1] INFO  server.RaftServerConfigKeys (ConfUtils.java:logGet(43)) - raft.server.log.statemachine.data.sync = true (default)
2019-09-24 02:26:34,107 [pool-237-thread-1] INFO  server.RaftServerConfigKeys (ConfUtils.java:logGet(43)) - raft.server.log.statemachine.data.sync.timeout = 10s (default)
2019-09-24 02:26:34,107 [pool-237-thread-1] INFO  server.RaftServerConfigKeys (ConfUtils.java:logGet(43)) - raft.server.log.statemachine.data.sync.timeout.retry = -1 (default)
2019-09-24 02:26:34,107 [pool-237-thread-1] INFO  server.RaftServerConfigKeys (ConfUtils.java:logGet(43)) - raft.server.log.statemachine.data.caching.enabled = true (custom)
2019-09-24 02:26:34,108 [pool-237-thread-1] INFO  segmented.SegmentedRaftLogWorker (SegmentedRaftLogWorker.java:lambda$new$0(132)) - a2acb7c4-7563-4fb4-bd8c-c1e015953028@group-6C638B5F63A2-SegmentedRaftLogWorker: flushIndex: setUnconditionally 0 -> -1
2019-09-24 02:26:34,108 [pool-237-thread-1] INFO  server.RaftServerConfigKeys (ConfUtils.java:logGet(43)) - raft.server.snapshot.auto.trigger.enabled = true (custom)
2019-09-24 02:26:34,108 [pool-237-thread-1] INFO  server.RaftServerConfigKeys (ConfUtils.java:logGet(43)) - raft.server.snapshot.auto.trigger.threshold = 10000 (custom)
2019-09-24 02:26:34,108 [pool-237-thread-1] INFO  server.RaftServerConfigKeys (ConfUtils.java:logGet(43)) - raft.server.snapshot.retention.num.files = 5 (custom)
2019-09-24 02:26:34,108 [pool-237-thread-1] INFO  server.RaftServerConfigKeys (ConfUtils.java:logGet(43)) - raft.server.retrycache.expirytime = 600000ms (custom)
2019-09-24 02:26:34,111 [pool-237-thread-1] INFO  impl.RaftServerImpl (RaftServerImpl.java:start(185)) - a2acb7c4-7563-4fb4-bd8c-c1e015953028@group-6C638B5F63A2: start as a follower, conf=-1: [a2acb7c4-7563-4fb4-bd8c-c1e015953028:192.168.151.121:37667], old=null
2019-09-24 02:26:34,111 [pool-237-thread-1] INFO  impl.RaftServerImpl (RaftServerImpl.java:setRole(174)) - a2acb7c4-7563-4fb4-bd8c-c1e015953028@group-6C638B5F63A2: changes role from      null to FOLLOWER at term 0 for startAsFollower
2019-09-24 02:26:34,111 [pool-237-thread-1] INFO  impl.RoleInfo (RoleInfo.java:updateAndGet(143)) - a2acb7c4-7563-4fb4-bd8c-c1e015953028: start FollowerState
2019-09-24 02:26:34,112 [pool-237-thread-1] INFO  util.JmxRegister (JmxRegister.java:tryRegister(44)) - Successfully registered JMX Bean with object name Ratis:service=RaftServer,group=group-6C638B5F63A2,id=a2acb7c4-7563-4fb4-bd8c-c1e015953028
2019-09-24 02:26:34,118 [RatisPipelineUtilsThread] INFO  pipeline.PipelineStateManager (PipelineStateManager.java:addPipeline(56)) - Created pipeline Pipeline[ Id: 8c6ee6ff-d08c-40bb-8f35-6c638b5f63a2, Nodes: a2acb7c4-7563-4fb4-bd8c-c1e015953028{ip: 192.168.151.121, host: pr-hdds-2162-tjkd5-3209850126, networkLocation: /rack1, certSerialId: null}, Type:RATIS, Factor:ONE, State:OPEN]
2019-09-24 02:26:34,505 [grpc-default-executor-4] WARN  server.GrpcLogAppender (LogUtils.java:warn(134)) - a2acb7c4-7563-4fb4-bd8c-c1e015953028@group-A3765C17C61C->b7adfa38-f86a-4f02-b078-d72f77d0455e-AppendLogResponseHandler: Failed appendEntries: org.apache.ratis.thirdparty.io.grpc.StatusRuntimeException: UNAVAILABLE: io exception
2019-09-24 02:26:34,505 [grpc-default-executor-4] INFO  impl.FollowerInfo (FollowerInfo.java:lambda$new$0(51)) - a2acb7c4-7563-4fb4-bd8c-c1e015953028@group-A3765C17C61C->b7adfa38-f86a-4f02-b078-d72f77d0455e: nextIndex: updateUnconditionally 0 -> 0
2019-09-24 02:26:34,558 [grpc-default-executor-4] WARN  server.GrpcLogAppender (LogUtils.java:warn(134)) - 1d7c29ff-f782-4e4c-a166-2c7d98aa0a2e@group-BF4A884C52EC->976b4ad9-2763-4348-94fe-da9eb86c31c0-AppendLogResponseHandler: Failed appendEntries: org.apache.ratis.thirdparty.io.grpc.StatusRuntimeException: UNAVAILABLE: io exception
2019-09-24 02:26:34,559 [grpc-default-executor-4] INFO  impl.FollowerInfo (FollowerInfo.java:lambda$new$0(51)) - 1d7c29ff-f782-4e4c-a166-2c7d98aa0a2e@group-BF4A884C52EC->976b4ad9-2763-4348-94fe-da9eb86c31c0: nextIndex: updateUnconditionally 0 -> 0
2019-09-24 02:26:35,006 [grpc-default-executor-2] WARN  server.GrpcLogAppender (LogUtils.java:warn(134)) - a2acb7c4-7563-4fb4-bd8c-c1e015953028@group-A3765C17C61C->b7adfa38-f86a-4f02-b078-d72f77d0455e-AppendLogResponseHandler: Failed appendEntries: org.apache.ratis.thirdparty.io.grpc.StatusRuntimeException: UNAVAILABLE: io exception
2019-09-24 02:26:35,006 [grpc-default-executor-2] INFO  impl.FollowerInfo (FollowerInfo.java:lambda$new$0(51)) - a2acb7c4-7563-4fb4-bd8c-c1e015953028@group-A3765C17C61C->b7adfa38-f86a-4f02-b078-d72f77d0455e: nextIndex: updateUnconditionally 0 -> 0
2019-09-24 02:26:35,059 [grpc-default-executor-2] WARN  server.GrpcLogAppender (LogUtils.java:warn(134)) - 1d7c29ff-f782-4e4c-a166-2c7d98aa0a2e@group-BF4A884C52EC->976b4ad9-2763-4348-94fe-da9eb86c31c0-AppendLogResponseHandler: Failed appendEntries: org.apache.ratis.thirdparty.io.grpc.StatusRuntimeException: UNAVAILABLE: io exception
2019-09-24 02:26:35,059 [grpc-default-executor-2] INFO  impl.FollowerInfo (FollowerInfo.java:lambda$new$0(51)) - 1d7c29ff-f782-4e4c-a166-2c7d98aa0a2e@group-BF4A884C52EC->976b4ad9-2763-4348-94fe-da9eb86c31c0: nextIndex: updateUnconditionally 0 -> 0
2019-09-24 02:26:35,213 [Thread-3817] INFO  impl.FollowerState (FollowerState.java:run(106)) - a2acb7c4-7563-4fb4-bd8c-c1e015953028:group-6C638B5F63A2 changes to CANDIDATE, lastRpcTime:1101, electionTimeout:1101ms
2019-09-24 02:26:35,213 [Thread-3817] INFO  impl.RoleInfo (RoleInfo.java:shutdownFollowerState(121)) - a2acb7c4-7563-4fb4-bd8c-c1e015953028: shutdown FollowerState
2019-09-24 02:26:35,213 [Thread-3817] INFO  impl.RaftServerImpl (RaftServerImpl.java:setRole(174)) - a2acb7c4-7563-4fb4-bd8c-c1e015953028@group-6C638B5F63A2: changes role from  FOLLOWER to CANDIDATE at term 0 for changeToCandidate
2019-09-24 02:26:35,213 [Thread-3817] INFO  impl.RoleInfo (RoleInfo.java:updateAndGet(143)) - a2acb7c4-7563-4fb4-bd8c-c1e015953028: start LeaderElection
2019-09-24 02:26:35,232 [a2acb7c4-7563-4fb4-bd8c-c1e015953028@group-6C638B5F63A2:LeaderElection59] INFO  impl.LeaderElection (LeaderElection.java:askForVotes(182)) - a2acb7c4-7563-4fb4-bd8c-c1e015953028@group-6C638B5F63A2:LeaderElection59: begin an election at term 1 for -1: [a2acb7c4-7563-4fb4-bd8c-c1e015953028:192.168.151.121:37667], old=null
2019-09-24 02:26:35,233 [a2acb7c4-7563-4fb4-bd8c-c1e015953028@group-6C638B5F63A2:LeaderElection59] INFO  impl.RoleInfo (RoleInfo.java:shutdownLeaderElection(134)) - a2acb7c4-7563-4fb4-bd8c-c1e015953028: shutdown LeaderElection
2019-09-24 02:26:35,233 [a2acb7c4-7563-4fb4-bd8c-c1e015953028@group-6C638B5F63A2:LeaderElection59] INFO  impl.RaftServerImpl (RaftServerImpl.java:setRole(174)) - a2acb7c4-7563-4fb4-bd8c-c1e015953028@group-6C638B5F63A2: changes role from CANDIDATE to LEADER at term 1 for changeToLeader
2019-09-24 02:26:35,233 [a2acb7c4-7563-4fb4-bd8c-c1e015953028@group-6C638B5F63A2:LeaderElection59] INFO  impl.RaftServerImpl (ServerState.java:setLeader(253)) - a2acb7c4-7563-4fb4-bd8c-c1e015953028@group-6C638B5F63A2: change Leader from null to a2acb7c4-7563-4fb4-bd8c-c1e015953028 at term 1 for becomeLeader, leader elected after 1127ms
2019-09-24 02:26:35,233 [a2acb7c4-7563-4fb4-bd8c-c1e015953028@group-6C638B5F63A2:LeaderElection59] INFO  server.RaftServerConfigKeys (ConfUtils.java:logGet(43)) - raft.server.staging.catchup.gap = 1000 (default)
2019-09-24 02:26:35,233 [a2acb7c4-7563-4fb4-bd8c-c1e015953028@group-6C638B5F63A2:LeaderElection59] INFO  server.RaftServerConfigKeys (ConfUtils.java:logGet(43)) - raft.server.rpc.sleep.time = 25ms (default)
2019-09-24 02:26:35,233 [a2acb7c4-7563-4fb4-bd8c-c1e015953028@group-6C638B5F63A2:LeaderElection59] INFO  server.RaftServerConfigKeys (ConfUtils.java:logGet(43)) - raft.server.write.element-limit = 4096 (default)
2019-09-24 02:26:35,234 [a2acb7c4-7563-4fb4-bd8c-c1e015953028@group-6C638B5F63A2:LeaderElection59] INFO  server.RaftServerConfigKeys (ConfUtils.java:logGet(43)) - raft.server.watch.timeout = 10s (default)
2019-09-24 02:26:35,234 [a2acb7c4-7563-4fb4-bd8c-c1e015953028@group-6C638B5F63A2:LeaderElection59] INFO  server.RaftServerConfigKeys (ConfUtils.java:logGet(43)) - raft.server.watch.timeout.denomination = 1s (default)
2019-09-24 02:26:35,234 [a2acb7c4-7563-4fb4-bd8c-c1e015953028@group-6C638B5F63A2:LeaderElection59] INFO  server.RaftServerConfigKeys (ConfUtils.java:logGet(43)) - raft.server.watch.element-limit = 65536 (default)
2019-09-24 02:26:35,237 [a2acb7c4-7563-4fb4-bd8c-c1e015953028@group-6C638B5F63A2:LeaderElection59] INFO  impl.RoleInfo (RoleInfo.java:updateAndGet(143)) - a2acb7c4-7563-4fb4-bd8c-c1e015953028: start LeaderState
2019-09-24 02:26:35,238 [a2acb7c4-7563-4fb4-bd8c-c1e015953028@group-6C638B5F63A2:LeaderElection59] INFO  segmented.SegmentedRaftLogWorker (SegmentedRaftLogWorker.java:startLogSegment(380)) - a2acb7c4-7563-4fb4-bd8c-c1e015953028@group-6C638B5F63A2-SegmentedRaftLogWorker: Starting segment from index:0
2019-09-24 02:26:35,238 [a2acb7c4-7563-4fb4-bd8c-c1e015953028@group-6C638B5F63A2:LeaderElection59] INFO  impl.RaftServerImpl (ServerState.java:setRaftConf(354)) - a2acb7c4-7563-4fb4-bd8c-c1e015953028@group-6C638B5F63A2: set configuration 0: [a2acb7c4-7563-4fb4-bd8c-c1e015953028:192.168.151.121:37667], old=null at 0
2019-09-24 02:26:35,286 [a2acb7c4-7563-4fb4-bd8c-c1e015953028@group-6C638B5F63A2-SegmentedRaftLogWorker] INFO  segmented.SegmentedRaftLogWorker (SegmentedRaftLogWorker.java:execute(569)) - a2acb7c4-7563-4fb4-bd8c-c1e015953028@group-6C638B5F63A2-SegmentedRaftLogWorker: created new log segment /workdir/hadoop-ozone/integration-test/target/test-dir/MiniOzoneClusterImpl-69b5c385-cdb4-4487-be19-c3541ab4b602/datanode-9/data/ratis/8c6ee6ff-d08c-40bb-8f35-6c638b5f63a2/current/log_inprogress_0
2019-09-24 02:26:35,507 [grpc-default-executor-4] WARN  server.GrpcLogAppender (LogUtils.java:warn(134)) - a2acb7c4-7563-4fb4-bd8c-c1e015953028@group-A3765C17C61C->b7adfa38-f86a-4f02-b078-d72f77d0455e-AppendLogResponseHandler: Failed appendEntries: org.apache.ratis.thirdparty.io.grpc.StatusRuntimeException: UNAVAILABLE: io exception
2019-09-24 02:26:35,508 [grpc-default-executor-4] INFO  impl.FollowerInfo (FollowerInfo.java:lambda$new$0(51)) - a2acb7c4-7563-4fb4-bd8c-c1e015953028@group-A3765C17C61C->b7adfa38-f86a-4f02-b078-d72f77d0455e: nextIndex: updateUnconditionally 0 -> 0
2019-09-24 02:26:35,564 [grpc-default-executor-3] WARN  server.GrpcLogAppender (LogUtils.java:warn(134)) - 1d7c29ff-f782-4e4c-a166-2c7d98aa0a2e@group-BF4A884C52EC->976b4ad9-2763-4348-94fe-da9eb86c31c0-AppendLogResponseHandler: Failed appendEntries: org.apache.ratis.thirdparty.io.grpc.StatusRuntimeException: UNAVAILABLE: io exception
2019-09-24 02:26:35,565 [grpc-default-executor-3] INFO  impl.FollowerInfo (FollowerInfo.java:lambda$new$0(51)) - 1d7c29ff-f782-4e4c-a166-2c7d98aa0a2e@group-BF4A884C52EC->976b4ad9-2763-4348-94fe-da9eb86c31c0: nextIndex: updateUnconditionally 0 -> 0
2019-09-24 02:26:36,008 [grpc-default-executor-2] WARN  server.GrpcLogAppender (LogUtils.java:warn(134)) - a2acb7c4-7563-4fb4-bd8c-c1e015953028@group-A3765C17C61C->b7adfa38-f86a-4f02-b078-d72f77d0455e-AppendLogResponseHandler: Failed appendEntries: org.apache.ratis.thirdparty.io.grpc.StatusRuntimeException: UNAVAILABLE: io exception
2019-09-24 02:26:36,009 [grpc-default-executor-2] INFO  impl.FollowerInfo (FollowerInfo.java:lambda$new$0(51)) - a2acb7c4-7563-4fb4-bd8c-c1e015953028@group-A3765C17C61C->b7adfa38-f86a-4f02-b078-d72f77d0455e: nextIndex: updateUnconditionally 0 -> 0
2019-09-24 02:26:36,024 [ForkJoinPool.commonPool-worker-0] INFO  ozoneimpl.OzoneContainer (OzoneContainer.java:stop(231)) - Attempting to stop container services.
2019-09-24 02:26:36,024 [main] INFO  ozoneimpl.OzoneContainer (OzoneContainer.java:stop(231)) - Attempting to stop container services.
2019-09-24 02:26:36,026 [main] INFO  impl.RaftServerProxy (RaftServerProxy.java:lambda$close$4(314)) - 0dad0ba7-2de7-4c7e-bbfc-c35c9aa94a76: close
2019-09-24 02:26:36,026 [ForkJoinPool.commonPool-worker-0] INFO  impl.RaftServerProxy (RaftServerProxy.java:lambda$close$4(314)) - 7bca38f8-b0d1-4401-8113-ee118fd16170: close
2019-09-24 02:26:36,026 [main] INFO  impl.RaftServerImpl (RaftServerImpl.java:lambda$shutdown$3(251)) - 0dad0ba7-2de7-4c7e-bbfc-c35c9aa94a76@group-A3765C17C61C: shutdown
2019-09-24 02:26:36,027 [ForkJoinPool.commonPool-worker-0] INFO  impl.RaftServerImpl (RaftServerImpl.java:lambda$shutdown$3(251)) - 7bca38f8-b0d1-4401-8113-ee118fd16170@group-D0505636003F: shutdown
2019-09-24 02:26:36,027 [main] INFO  util.JmxRegister (JmxRegister.java:unregister(73)) - Successfully un-registered JMX Bean with object name Ratis:service=RaftServer,group=group-A3765C17C61C,id=0dad0ba7-2de7-4c7e-bbfc-c35c9aa94a76
2019-09-24 02:26:36,027 [ForkJoinPool.commonPool-worker-0] INFO  util.JmxRegister (JmxRegister.java:unregister(73)) - Successfully un-registered JMX Bean with object name Ratis:service=RaftServer,group=group-D0505636003F,id=7bca38f8-b0d1-4401-8113-ee118fd16170
2019-09-24 02:26:36,028 [main] INFO  impl.RoleInfo (RoleInfo.java:shutdownFollowerState(121)) - 0dad0ba7-2de7-4c7e-bbfc-c35c9aa94a76: shutdown FollowerState
2019-09-24 02:26:36,028 [ForkJoinPool.commonPool-worker-0] INFO  impl.RoleInfo (RoleInfo.java:shutdownLeaderState(104)) - 7bca38f8-b0d1-4401-8113-ee118fd16170: shutdown LeaderState
2019-09-24 02:26:36,028 [Thread-3780] INFO  impl.FollowerState (FollowerState.java:run(115)) - 0dad0ba7-2de7-4c7e-bbfc-c35c9aa94a76: FollowerState was interrupted: java.lang.InterruptedException: sleep interrupted
2019-09-24 02:26:36,028 [main] INFO  impl.StateMachineUpdater (StateMachineUpdater.java:stopAndJoin(125)) - 0dad0ba7-2de7-4c7e-bbfc-c35c9aa94a76@group-A3765C17C61C-StateMachineUpdater: set stopIndex = 2
2019-09-24 02:26:36,029 [main] INFO  impl.RaftServerImpl (ServerState.java:close(385)) - 0dad0ba7-2de7-4c7e-bbfc-c35c9aa94a76@group-A3765C17C61C: closes. applyIndex: 2
2019-09-24 02:26:36,029 [ForkJoinPool.commonPool-worker-0] INFO  impl.PendingRequests (PendingRequests.java:sendNotLeaderResponses(202)) - 7bca38f8-b0d1-4401-8113-ee118fd16170-PendingRequests: sendNotLeaderResponses
2019-09-24 02:26:36,030 [0dad0ba7-2de7-4c7e-bbfc-c35c9aa94a76@group-A3765C17C61C-SegmentedRaftLogWorker] INFO  segmented.SegmentedRaftLogWorker (SegmentedRaftLogWorker.java:run(313)) - 0dad0ba7-2de7-4c7e-bbfc-c35c9aa94a76@group-A3765C17C61C-SegmentedRaftLogWorker was interrupted, exiting. There are 0 tasks remaining in the queue.
2019-09-24 02:26:36,030 [ForkJoinPool.commonPool-worker-0] INFO  impl.StateMachineUpdater (StateMachineUpdater.java:stopAndJoin(125)) - 7bca38f8-b0d1-4401-8113-ee118fd16170@group-D0505636003F-StateMachineUpdater: set stopIndex = 0
2019-09-24 02:26:36,036 [main] INFO  segmented.SegmentedRaftLogWorker (SegmentedRaftLogWorker.java:close(228)) - 0dad0ba7-2de7-4c7e-bbfc-c35c9aa94a76@group-A3765C17C61C-SegmentedRaftLogWorker close()
2019-09-24 02:26:36,036 [ForkJoinPool.commonPool-worker-0] INFO  impl.RaftServerImpl (ServerState.java:close(385)) - 7bca38f8-b0d1-4401-8113-ee118fd16170@group-D0505636003F: closes. applyIndex: 0
2019-09-24 02:26:36,039 [main] INFO  impl.RaftServerImpl (RaftServerImpl.java:lambda$shutdown$3(251)) - 0dad0ba7-2de7-4c7e-bbfc-c35c9aa94a76@group-9226D4FCBEA5: shutdown
2019-09-24 02:26:36,039 [7bca38f8-b0d1-4401-8113-ee118fd16170@group-D0505636003F-SegmentedRaftLogWorker] INFO  segmented.SegmentedRaftLogWorker (SegmentedRaftLogWorker.java:run(313)) - 7bca38f8-b0d1-4401-8113-ee118fd16170@group-D0505636003F-SegmentedRaftLogWorker was interrupted, exiting. There are 0 tasks remaining in the queue.
2019-09-24 02:26:36,040 [main] INFO  util.JmxRegister (JmxRegister.java:unregister(73)) - Successfully un-registered JMX Bean with object name Ratis:service=RaftServer,group=group-9226D4FCBEA5,id=0dad0ba7-2de7-4c7e-bbfc-c35c9aa94a76
2019-09-24 02:26:36,042 [ForkJoinPool.commonPool-worker-0] INFO  segmented.SegmentedRaftLogWorker (SegmentedRaftLogWorker.java:close(228)) - 7bca38f8-b0d1-4401-8113-ee118fd16170@group-D0505636003F-SegmentedRaftLogWorker close()
2019-09-24 02:26:36,043 [main] INFO  impl.RoleInfo (RoleInfo.java:shutdownLeaderState(104)) - 0dad0ba7-2de7-4c7e-bbfc-c35c9aa94a76: shutdown LeaderState
2019-09-24 02:26:36,046 [ForkJoinPool.commonPool-worker-0] INFO  impl.RaftServerImpl (RaftServerImpl.java:lambda$shutdown$3(251)) - 7bca38f8-b0d1-4401-8113-ee118fd16170@group-4CE1A2095E7B: shutdown
2019-09-24 02:26:36,046 [main] INFO  impl.PendingRequests (PendingRequests.java:sendNotLeaderResponses(202)) - 0dad0ba7-2de7-4c7e-bbfc-c35c9aa94a76-PendingRequests: sendNotLeaderResponses
2019-09-24 02:26:36,046 [ForkJoinPool.commonPool-worker-0] INFO  util.JmxRegister (JmxRegister.java:unregister(73)) - Successfully un-registered JMX Bean with object name Ratis:service=RaftServer,group=group-4CE1A2095E7B,id=7bca38f8-b0d1-4401-8113-ee118fd16170
2019-09-24 02:26:36,047 [main] INFO  impl.StateMachineUpdater (StateMachineUpdater.java:stopAndJoin(125)) - 0dad0ba7-2de7-4c7e-bbfc-c35c9aa94a76@group-9226D4FCBEA5-StateMachineUpdater: set stopIndex = 0
2019-09-24 02:26:36,048 [main] INFO  impl.RaftServerImpl (ServerState.java:close(385)) - 0dad0ba7-2de7-4c7e-bbfc-c35c9aa94a76@group-9226D4FCBEA5: closes. applyIndex: 0
2019-09-24 02:26:36,047 [ForkJoinPool.commonPool-worker-0] INFO  impl.RoleInfo (RoleInfo.java:shutdownFollowerState(121)) - 7bca38f8-b0d1-4401-8113-ee118fd16170: shutdown FollowerState
2019-09-24 02:26:36,048 [0dad0ba7-2de7-4c7e-bbfc-c35c9aa94a76@group-9226D4FCBEA5-SegmentedRaftLogWorker] INFO  segmented.SegmentedRaftLogWorker (SegmentedRaftLogWorker.java:run(313)) - 0dad0ba7-2de7-4c7e-bbfc-c35c9aa94a76@group-9226D4FCBEA5-SegmentedRaftLogWorker was interrupted, exiting. There are 0 tasks remaining in the queue.
2019-09-24 02:26:36,049 [ForkJoinPool.commonPool-worker-0] INFO  impl.StateMachineUpdater (StateMachineUpdater.java:stopAndJoin(125)) - 7bca38f8-b0d1-4401-8113-ee118fd16170@group-4CE1A2095E7B-StateMachineUpdater: set stopIndex = 0
2019-09-24 02:26:36,051 [main] INFO  segmented.SegmentedRaftLogWorker (SegmentedRaftLogWorker.java:close(228)) - 0dad0ba7-2de7-4c7e-bbfc-c35c9aa94a76@group-9226D4FCBEA5-SegmentedRaftLogWorker close()
2019-09-24 02:26:36,049 [Thread-2380] INFO  impl.FollowerState (FollowerState.java:run(115)) - 7bca38f8-b0d1-4401-8113-ee118fd16170: FollowerState was interrupted: java.lang.InterruptedException: sleep interrupted
2019-09-24 02:26:36,054 [main] INFO  server.GrpcService (GrpcService.java:closeImpl(164)) - 0dad0ba7-2de7-4c7e-bbfc-c35c9aa94a76: shutdown server with port 45601 now
2019-09-24 02:26:36,051 [ForkJoinPool.commonPool-worker-0] INFO  impl.RaftServerImpl (ServerState.java:close(385)) - 7bca38f8-b0d1-4401-8113-ee118fd16170@group-4CE1A2095E7B: closes. applyIndex: 0
2019-09-24 02:26:36,055 [7bca38f8-b0d1-4401-8113-ee118fd16170@group-4CE1A2095E7B-SegmentedRaftLogWorker] INFO  segmented.SegmentedRaftLogWorker (SegmentedRaftLogWorker.java:run(313)) - 7bca38f8-b0d1-4401-8113-ee118fd16170@group-4CE1A2095E7B-SegmentedRaftLogWorker was interrupted, exiting. There are 0 tasks remaining in the queue.
2019-09-24 02:26:36,056 [main] INFO  server.GrpcService (GrpcService.java:closeImpl(172)) - 0dad0ba7-2de7-4c7e-bbfc-c35c9aa94a76: shutdown server with port 45601 successfully
2019-09-24 02:26:36,055 [grpc-default-executor-4] WARN  server.GrpcServerProtocolService (LogUtils.java:warn(134)) - 0dad0ba7-2de7-4c7e-bbfc-c35c9aa94a76: installSnapshot onError, lastRequest: a2acb7c4-7563-4fb4-bd8c-c1e015953028->0dad0ba7-2de7-4c7e-bbfc-c35c9aa94a76#10-t2, previous=(t:2, i:2), leaderCommit=2, initializing? false, entries: <empty>: org.apache.ratis.thirdparty.io.grpc.StatusRuntimeException: CANCELLED: cancelled before receiving half close
2019-09-24 02:26:36,059 [ForkJoinPool.commonPool-worker-0] INFO  segmented.SegmentedRaftLogWorker (SegmentedRaftLogWorker.java:close(228)) - 7bca38f8-b0d1-4401-8113-ee118fd16170@group-4CE1A2095E7B-SegmentedRaftLogWorker close()
2019-09-24 02:26:36,056 [grpc-default-executor-2] WARN  server.GrpcLogAppender (LogUtils.java:warn(134)) - a2acb7c4-7563-4fb4-bd8c-c1e015953028@group-A3765C17C61C->0dad0ba7-2de7-4c7e-bbfc-c35c9aa94a76-AppendLogResponseHandler: Failed appendEntries: org.apache.ratis.thirdparty.io.grpc.StatusRuntimeException: CANCELLED: HTTP/2 error code: CANCEL
Received Rst Stream
2019-09-24 02:26:36,062 [ForkJoinPool.commonPool-worker-0] INFO  server.GrpcService (GrpcService.java:closeImpl(164)) - 7bca38f8-b0d1-4401-8113-ee118fd16170: shutdown server with port 38029 now
2019-09-24 02:26:36,063 [grpc-default-executor-2] INFO  impl.FollowerInfo (FollowerInfo.java:lambda$new$0(51)) - a2acb7c4-7563-4fb4-bd8c-c1e015953028@group-A3765C17C61C->0dad0ba7-2de7-4c7e-bbfc-c35c9aa94a76: nextIndex: updateUnconditionally 3 -> 2
2019-09-24 02:26:36,063 [grpc-default-executor-1] WARN  server.GrpcServerProtocolService (LogUtils.java:warn(134)) - 7bca38f8-b0d1-4401-8113-ee118fd16170: installSnapshot onError, lastRequest: d93e0f2d-aaab-42ca-acd5-b884b7a50f26->7bca38f8-b0d1-4401-8113-ee118fd16170#237-t2, previous=(t:2, i:0), leaderCommit=0, initializing? false, entries: <empty>: org.apache.ratis.thirdparty.io.grpc.StatusRuntimeException: CANCELLED: cancelled before receiving half close
2019-09-24 02:26:36,063 [ForkJoinPool.commonPool-worker-0] INFO  server.GrpcService (GrpcService.java:closeImpl(172)) - 7bca38f8-b0d1-4401-8113-ee118fd16170: shutdown server with port 38029 successfully
2019-09-24 02:26:36,063 [refreshUsed-/workdir/hadoop-ozone/integration-test/target/test-dir/MiniOzoneClusterImpl-69b5c385-cdb4-4487-be19-c3541ab4b602/datanode-6/data/containers] WARN  fs.CachingGetSpaceUsed (CachingGetSpaceUsed.java:run(183)) - Thread Interrupted waiting to refresh disk information: sleep interrupted
2019-09-24 02:26:36,063 [grpc-default-executor-3] WARN  server.GrpcLogAppender (LogUtils.java:warn(134)) - 1d7c29ff-f782-4e4c-a166-2c7d98aa0a2e@group-BF4A884C52EC->976b4ad9-2763-4348-94fe-da9eb86c31c0-AppendLogResponseHandler: Failed appendEntries: org.apache.ratis.thirdparty.io.grpc.StatusRuntimeException: UNAVAILABLE: io exception
2019-09-24 02:26:36,064 [grpc-default-executor-4] WARN  server.GrpcLogAppender (LogUtils.java:warn(134)) - d93e0f2d-aaab-42ca-acd5-b884b7a50f26@group-4CE1A2095E7B->7bca38f8-b0d1-4401-8113-ee118fd16170-AppendLogResponseHandler: Failed appendEntries: org.apache.ratis.thirdparty.io.grpc.StatusRuntimeException: CANCELLED: HTTP/2 error code: CANCEL
Received Rst Stream
2019-09-24 02:26:36,064 [grpc-default-executor-3] INFO  impl.FollowerInfo (FollowerInfo.java:lambda$new$0(51)) - 1d7c29ff-f782-4e4c-a166-2c7d98aa0a2e@group-BF4A884C52EC->976b4ad9-2763-4348-94fe-da9eb86c31c0: nextIndex: updateUnconditionally 0 -> 0
2019-09-24 02:26:36,065 [grpc-default-executor-4] INFO  impl.FollowerInfo (FollowerInfo.java:lambda$new$0(51)) - d93e0f2d-aaab-42ca-acd5-b884b7a50f26@group-4CE1A2095E7B->7bca38f8-b0d1-4401-8113-ee118fd16170: nextIndex: updateUnconditionally 1 -> 0
2019-09-24 02:26:36,067 [refreshUsed-/workdir/hadoop-ozone/integration-test/target/test-dir/MiniOzoneClusterImpl-69b5c385-cdb4-4487-be19-c3541ab4b602/datanode-3/data/containers] WARN  fs.CachingGetSpaceUsed (CachingGetSpaceUsed.java:run(183)) - Thread Interrupted waiting to refresh disk information: sleep interrupted
2019-09-24 02:26:36,074 [grpc-default-executor-1] WARN  server.GrpcLogAppender (LogUtils.java:warn(134)) - d93e0f2d-aaab-42ca-acd5-b884b7a50f26@group-4CE1A2095E7B->7bca38f8-b0d1-4401-8113-ee118fd16170-AppendLogResponseHandler: Failed appendEntries: org.apache.ratis.thirdparty.io.grpc.StatusRuntimeException: UNAVAILABLE: io exception
2019-09-24 02:26:36,075 [grpc-default-executor-1] INFO  impl.FollowerInfo (FollowerInfo.java:lambda$new$0(51)) - d93e0f2d-aaab-42ca-acd5-b884b7a50f26@group-4CE1A2095E7B->7bca38f8-b0d1-4401-8113-ee118fd16170: nextIndex: updateUnconditionally 0 -> 0
2019-09-24 02:26:36,089 [main] INFO  utils.BackgroundService (BackgroundService.java:shutdown(148)) - Shutting down service BlockDeletingService
2019-09-24 02:26:36,095 [main] INFO  statemachine.DatanodeStateMachine (DatanodeStateMachine.java:stopDaemon(395)) - Ozone container server stopped.
2019-09-24 02:26:36,097 [ForkJoinPool.commonPool-worker-0] INFO  utils.BackgroundService (BackgroundService.java:shutdown(148)) - Shutting down service BlockDeletingService
2019-09-24 02:26:36,102 [ForkJoinPool.commonPool-worker-0] INFO  statemachine.DatanodeStateMachine (DatanodeStateMachine.java:stopDaemon(395)) - Ozone container server stopped.
2019-09-24 02:26:36,108 [main] INFO  handler.ContextHandler (ContextHandler.java:doStop(910)) - Stopped o.e.j.w.WebAppContext@5649d11a{/,null,UNAVAILABLE}{/hddsDatanode}
2019-09-24 02:26:36,110 [ForkJoinPool.commonPool-worker-0] INFO  handler.ContextHandler (ContextHandler.java:doStop(910)) - Stopped o.e.j.w.WebAppContext@650c405c{/,null,UNAVAILABLE}{/hddsDatanode}
2019-09-24 02:26:36,110 [ForkJoinPool.commonPool-worker-0] INFO  server.AbstractConnector (AbstractConnector.java:doStop(318)) - Stopped ServerConnector@20eaeaf8{HTTP/1.1,[http/1.1]}{0.0.0.0:0}
2019-09-24 02:26:36,112 [main] INFO  server.AbstractConnector (AbstractConnector.java:doStop(318)) - Stopped ServerConnector@294f9d50{HTTP/1.1,[http/1.1]}{0.0.0.0:0}
2019-09-24 02:26:36,124 [ForkJoinPool.commonPool-worker-0] INFO  handler.ContextHandler (ContextHandler.java:doStop(910)) - Stopped o.e.j.s.ServletContextHandler@2fe74516{/static,jar:file:/home/user/.m2/repository/org/apache/hadoop/hadoop-hdds-container-service/0.5.0-SNAPSHOT/hadoop-hdds-container-service-0.5.0-SNAPSHOT.jar!/webapps/static,UNAVAILABLE}
2019-09-24 02:26:36,124 [main] INFO  handler.ContextHandler (ContextHandler.java:doStop(910)) - Stopped o.e.j.s.ServletContextHandler@59b32539{/static,jar:file:/home/user/.m2/repository/org/apache/hadoop/hadoop-hdds-container-service/0.5.0-SNAPSHOT/hadoop-hdds-container-service-0.5.0-SNAPSHOT.jar!/webapps/static,UNAVAILABLE}
2019-09-24 02:26:36,125 [ForkJoinPool.commonPool-worker-0] INFO  handler.ContextHandler (ContextHandler.java:doStop(910)) - Stopped o.e.j.s.ServletContextHandler@7209ffb5{/logs,file:///workdir/hadoop-ozone/integration-test/target/log,UNAVAILABLE}
2019-09-24 02:26:36,125 [main] INFO  handler.ContextHandler (ContextHandler.java:doStop(910)) - Stopped o.e.j.s.ServletContextHandler@5d94a2dc{/logs,file:///workdir/hadoop-ozone/integration-test/target/log,UNAVAILABLE}
2019-09-24 02:26:36,219 [Datanode State Machine Thread - 0] INFO  statemachine.DatanodeStateMachine (DatanodeStateMachine.java:lambda$startDaemon$0(350)) - Ozone container server started.
2019-09-24 02:26:36,509 [grpc-default-executor-1] WARN  server.GrpcLogAppender (LogUtils.java:warn(134)) - a2acb7c4-7563-4fb4-bd8c-c1e015953028@group-A3765C17C61C->b7adfa38-f86a-4f02-b078-d72f77d0455e-AppendLogResponseHandler: Failed appendEntries: org.apache.ratis.thirdparty.io.grpc.StatusRuntimeException: UNAVAILABLE: io exception
2019-09-24 02:26:36,510 [grpc-default-executor-1] INFO  impl.FollowerInfo (FollowerInfo.java:lambda$new$0(51)) - a2acb7c4-7563-4fb4-bd8c-c1e015953028@group-A3765C17C61C->b7adfa38-f86a-4f02-b078-d72f77d0455e: nextIndex: updateUnconditionally 0 -> 0
2019-09-24 02:26:36,515 [grpc-default-executor-1] WARN  server.GrpcLogAppender (LogUtils.java:warn(134)) - a2acb7c4-7563-4fb4-bd8c-c1e015953028@group-A3765C17C61C->0dad0ba7-2de7-4c7e-bbfc-c35c9aa94a76-AppendLogResponseHandler: Failed appendEntries: org.apache.ratis.thirdparty.io.grpc.StatusRuntimeException: UNAVAILABLE: io exception
2019-09-24 02:26:36,516 [grpc-default-executor-1] INFO  impl.FollowerInfo (FollowerInfo.java:lambda$new$0(51)) - a2acb7c4-7563-4fb4-bd8c-c1e015953028@group-A3765C17C61C->0dad0ba7-2de7-4c7e-bbfc-c35c9aa94a76: nextIndex: updateUnconditionally 2 -> 1
2019-09-24 02:26:36,562 [grpc-default-executor-3] WARN  server.GrpcLogAppender (LogUtils.java:warn(134)) - 1d7c29ff-f782-4e4c-a166-2c7d98aa0a2e@group-BF4A884C52EC->976b4ad9-2763-4348-94fe-da9eb86c31c0-AppendLogResponseHandler: Failed appendEntries: org.apache.ratis.thirdparty.io.grpc.StatusRuntimeException: UNAVAILABLE: io exception
2019-09-24 02:26:36,562 [grpc-default-executor-3] INFO  impl.FollowerInfo (FollowerInfo.java:lambda$new$0(51)) - 1d7c29ff-f782-4e4c-a166-2c7d98aa0a2e@group-BF4A884C52EC->976b4ad9-2763-4348-94fe-da9eb86c31c0: nextIndex: updateUnconditionally 0 -> 0
2019-09-24 02:26:36,573 [grpc-default-executor-3] WARN  server.GrpcLogAppender (LogUtils.java:warn(134)) - d93e0f2d-aaab-42ca-acd5-b884b7a50f26@group-4CE1A2095E7B->7bca38f8-b0d1-4401-8113-ee118fd16170-AppendLogResponseHandler: Failed appendEntries: org.apache.ratis.thirdparty.io.grpc.StatusRuntimeException: UNAVAILABLE: io exception
2019-09-24 02:26:36,573 [grpc-default-executor-3] INFO  impl.FollowerInfo (FollowerInfo.java:lambda$new$0(51)) - d93e0f2d-aaab-42ca-acd5-b884b7a50f26@group-4CE1A2095E7B->7bca38f8-b0d1-4401-8113-ee118fd16170: nextIndex: updateUnconditionally 0 -> 0
2019-09-24 02:26:36,635 [Datanode State Machine Thread - 0] INFO  statemachine.DatanodeStateMachine (DatanodeStateMachine.java:lambda$startDaemon$0(350)) - Ozone container server started.
2019-09-24 02:26:37,010 [grpc-default-executor-3] WARN  server.GrpcLogAppender (LogUtils.java:warn(134)) - a2acb7c4-7563-4fb4-bd8c-c1e015953028@group-A3765C17C61C->b7adfa38-f86a-4f02-b078-d72f77d0455e-AppendLogResponseHandler: Failed appendEntries: org.apache.ratis.thirdparty.io.grpc.StatusRuntimeException: UNAVAILABLE: io exception
2019-09-24 02:26:37,011 [grpc-default-executor-3] INFO  impl.FollowerInfo (FollowerInfo.java:lambda$new$0(51)) - a2acb7c4-7563-4fb4-bd8c-c1e015953028@group-A3765C17C61C->b7adfa38-f86a-4f02-b078-d72f77d0455e: nextIndex: updateUnconditionally 0 -> 0
2019-09-24 02:26:37,016 [grpc-default-executor-4] WARN  server.GrpcLogAppender (LogUtils.java:warn(134)) - a2acb7c4-7563-4fb4-bd8c-c1e015953028@group-A3765C17C61C->0dad0ba7-2de7-4c7e-bbfc-c35c9aa94a76-AppendLogResponseHandler: Failed appendEntries: org.apache.ratis.thirdparty.io.grpc.StatusRuntimeException: UNAVAILABLE: io exception
2019-09-24 02:26:37,017 [grpc-default-executor-4] INFO  impl.FollowerInfo (FollowerInfo.java:lambda$new$0(51)) - a2acb7c4-7563-4fb4-bd8c-c1e015953028@group-A3765C17C61C->0dad0ba7-2de7-4c7e-bbfc-c35c9aa94a76: nextIndex: updateUnconditionally 1 -> 0
2019-09-24 02:26:37,062 [grpc-default-executor-1] WARN  server.GrpcLogAppender (LogUtils.java:warn(134)) - 1d7c29ff-f782-4e4c-a166-2c7d98aa0a2e@group-BF4A884C52EC->976b4ad9-2763-4348-94fe-da9eb86c31c0-AppendLogResponseHandler: Failed appendEntries: org.apache.ratis.thirdparty.io.grpc.StatusRuntimeException: UNAVAILABLE: io exception
2019-09-24 02:26:37,063 [grpc-default-executor-1] INFO  impl.FollowerInfo (FollowerInfo.java:lambda$new$0(51)) - 1d7c29ff-f782-4e4c-a166-2c7d98aa0a2e@group-BF4A884C52EC->976b4ad9-2763-4348-94fe-da9eb86c31c0: nextIndex: updateUnconditionally 0 -> 0
2019-09-24 02:26:37,073 [grpc-default-executor-3] WARN  server.GrpcLogAppender (LogUtils.java:warn(134)) - d93e0f2d-aaab-42ca-acd5-b884b7a50f26@group-4CE1A2095E7B->7bca38f8-b0d1-4401-8113-ee118fd16170-AppendLogResponseHandler: Failed appendEntries: org.apache.ratis.thirdparty.io.grpc.StatusRuntimeException: UNAVAILABLE: io exception
2019-09-24 02:26:37,074 [grpc-default-executor-3] INFO  impl.FollowerInfo (FollowerInfo.java:lambda$new$0(51)) - d93e0f2d-aaab-42ca-acd5-b884b7a50f26@group-4CE1A2095E7B->7bca38f8-b0d1-4401-8113-ee118fd16170: nextIndex: updateUnconditionally 0 -> 0
2019-09-24 02:26:37,511 [grpc-default-executor-3] WARN  server.GrpcLogAppender (LogUtils.java:warn(134)) - a2acb7c4-7563-4fb4-bd8c-c1e015953028@group-A3765C17C61C->b7adfa38-f86a-4f02-b078-d72f77d0455e-AppendLogResponseHandler: Failed appendEntries: org.apache.ratis.thirdparty.io.grpc.StatusRuntimeException: UNAVAILABLE: io exception
2019-09-24 02:26:37,512 [grpc-default-executor-3] INFO  impl.FollowerInfo (FollowerInfo.java:lambda$new$0(51)) - a2acb7c4-7563-4fb4-bd8c-c1e015953028@group-A3765C17C61C->b7adfa38-f86a-4f02-b078-d72f77d0455e: nextIndex: updateUnconditionally 0 -> 0
2019-09-24 02:26:37,517 [grpc-default-executor-3] WARN  server.GrpcLogAppender (LogUtils.java:warn(134)) - a2acb7c4-7563-4fb4-bd8c-c1e015953028@group-A3765C17C61C->0dad0ba7-2de7-4c7e-bbfc-c35c9aa94a76-AppendLogResponseHandler: Failed appendEntries: org.apache.ratis.thirdparty.io.grpc.StatusRuntimeException: UNAVAILABLE: io exception
2019-09-24 02:26:37,517 [grpc-default-executor-3] INFO  impl.FollowerInfo (FollowerInfo.java:lambda$new$0(51)) - a2acb7c4-7563-4fb4-bd8c-c1e015953028@group-A3765C17C61C->0dad0ba7-2de7-4c7e-bbfc-c35c9aa94a76: nextIndex: updateUnconditionally 0 -> 0
2019-09-24 02:26:37,563 [grpc-default-executor-3] WARN  server.GrpcLogAppender (LogUtils.java:warn(134)) - 1d7c29ff-f782-4e4c-a166-2c7d98aa0a2e@group-BF4A884C52EC->976b4ad9-2763-4348-94fe-da9eb86c31c0-AppendLogResponseHandler: Failed appendEntries: org.apache.ratis.thirdparty.io.grpc.StatusRuntimeException: UNAVAILABLE: io exception
2019-09-24 02:26:37,563 [grpc-default-executor-3] INFO  impl.FollowerInfo (FollowerInfo.java:lambda$new$0(51)) - 1d7c29ff-f782-4e4c-a166-2c7d98aa0a2e@group-BF4A884C52EC->976b4ad9-2763-4348-94fe-da9eb86c31c0: nextIndex: updateUnconditionally 0 -> 0
2019-09-24 02:26:37,574 [grpc-default-executor-1] WARN  server.GrpcLogAppender (LogUtils.java:warn(134)) - d93e0f2d-aaab-42ca-acd5-b884b7a50f26@group-4CE1A2095E7B->7bca38f8-b0d1-4401-8113-ee118fd16170-AppendLogResponseHandler: Failed appendEntries: org.apache.ratis.thirdparty.io.grpc.StatusRuntimeException: UNAVAILABLE: io exception
2019-09-24 02:26:37,575 [grpc-default-executor-1] INFO  impl.FollowerInfo (FollowerInfo.java:lambda$new$0(51)) - d93e0f2d-aaab-42ca-acd5-b884b7a50f26@group-4CE1A2095E7B->7bca38f8-b0d1-4401-8113-ee118fd16170: nextIndex: updateUnconditionally 0 -> 0
2019-09-24 02:26:38,012 [grpc-default-executor-3] WARN  server.GrpcLogAppender (LogUtils.java:warn(134)) - a2acb7c4-7563-4fb4-bd8c-c1e015953028@group-A3765C17C61C->b7adfa38-f86a-4f02-b078-d72f77d0455e-AppendLogResponseHandler: Failed appendEntries: org.apache.ratis.thirdparty.io.grpc.StatusRuntimeException: UNAVAILABLE: io exception
2019-09-24 02:26:38,013 [grpc-default-executor-3] INFO  impl.FollowerInfo (FollowerInfo.java:lambda$new$0(51)) - a2acb7c4-7563-4fb4-bd8c-c1e015953028@group-A3765C17C61C->b7adfa38-f86a-4f02-b078-d72f77d0455e: nextIndex: updateUnconditionally 0 -> 0
2019-09-24 02:26:38,017 [grpc-default-executor-4] WARN  server.GrpcLogAppender (LogUtils.java:warn(134)) - a2acb7c4-7563-4fb4-bd8c-c1e015953028@group-A3765C17C61C->0dad0ba7-2de7-4c7e-bbfc-c35c9aa94a76-AppendLogResponseHandler: Failed appendEntries: org.apache.ratis.thirdparty.io.grpc.StatusRuntimeException: UNAVAILABLE: io exception
2019-09-24 02:26:38,018 [grpc-default-executor-4] INFO  impl.FollowerInfo (FollowerInfo.java:lambda$new$0(51)) - a2acb7c4-7563-4fb4-bd8c-c1e015953028@group-A3765C17C61C->0dad0ba7-2de7-4c7e-bbfc-c35c9aa94a76: nextIndex: updateUnconditionally 0 -> 0
2019-09-24 02:26:38,063 [grpc-default-executor-4] WARN  server.GrpcLogAppender (LogUtils.java:warn(134)) - 1d7c29ff-f782-4e4c-a166-2c7d98aa0a2e@group-BF4A884C52EC->976b4ad9-2763-4348-94fe-da9eb86c31c0-AppendLogResponseHandler: Failed appendEntries: org.apache.ratis.thirdparty.io.grpc.StatusRuntimeException: UNAVAILABLE: io exception
2019-09-24 02:26:38,064 [grpc-default-executor-4] INFO  impl.FollowerInfo (FollowerInfo.java:lambda$new$0(51)) - 1d7c29ff-f782-4e4c-a166-2c7d98aa0a2e@group-BF4A884C52EC->976b4ad9-2763-4348-94fe-da9eb86c31c0: nextIndex: updateUnconditionally 0 -> 0
2019-09-24 02:26:38,075 [grpc-default-executor-1] WARN  server.GrpcLogAppender (LogUtils.java:warn(134)) - d93e0f2d-aaab-42ca-acd5-b884b7a50f26@group-4CE1A2095E7B->7bca38f8-b0d1-4401-8113-ee118fd16170-AppendLogResponseHandler: Failed appendEntries: org.apache.ratis.thirdparty.io.grpc.StatusRuntimeException: UNAVAILABLE: io exception
2019-09-24 02:26:38,075 [grpc-default-executor-1] INFO  impl.FollowerInfo (FollowerInfo.java:lambda$new$0(51)) - d93e0f2d-aaab-42ca-acd5-b884b7a50f26@group-4CE1A2095E7B->7bca38f8-b0d1-4401-8113-ee118fd16170: nextIndex: updateUnconditionally 0 -> 0
2019-09-24 02:26:38,514 [grpc-default-executor-3] WARN  server.GrpcLogAppender (LogUtils.java:warn(134)) - a2acb7c4-7563-4fb4-bd8c-c1e015953028@group-A3765C17C61C->b7adfa38-f86a-4f02-b078-d72f77d0455e-AppendLogResponseHandler: Failed appendEntries: org.apache.ratis.thirdparty.io.grpc.StatusRuntimeException: UNAVAILABLE: io exception
2019-09-24 02:26:38,514 [grpc-default-executor-3] INFO  impl.FollowerInfo (FollowerInfo.java:lambda$new$0(51)) - a2acb7c4-7563-4fb4-bd8c-c1e015953028@group-A3765C17C61C->b7adfa38-f86a-4f02-b078-d72f77d0455e: nextIndex: updateUnconditionally 0 -> 0
2019-09-24 02:26:38,518 [grpc-default-executor-1] WARN  server.GrpcLogAppender (LogUtils.java:warn(134)) - a2acb7c4-7563-4fb4-bd8c-c1e015953028@group-A3765C17C61C->0dad0ba7-2de7-4c7e-bbfc-c35c9aa94a76-AppendLogResponseHandler: Failed appendEntries: org.apache.ratis.thirdparty.io.grpc.StatusRuntimeException: UNAVAILABLE: io exception
2019-09-24 02:26:38,519 [grpc-default-executor-1] INFO  impl.FollowerInfo (FollowerInfo.java:lambda$new$0(51)) - a2acb7c4-7563-4fb4-bd8c-c1e015953028@group-A3765C17C61C->0dad0ba7-2de7-4c7e-bbfc-c35c9aa94a76: nextIndex: updateUnconditionally 0 -> 0
2019-09-24 02:26:38,564 [grpc-default-executor-4] WARN  server.GrpcLogAppender (LogUtils.java:warn(134)) - 1d7c29ff-f782-4e4c-a166-2c7d98aa0a2e@group-BF4A884C52EC->976b4ad9-2763-4348-94fe-da9eb86c31c0-AppendLogResponseHandler: Failed appendEntries: org.apache.ratis.thirdparty.io.grpc.StatusRuntimeException: UNAVAILABLE: io exception
2019-09-24 02:26:38,565 [grpc-default-executor-4] INFO  impl.FollowerInfo (FollowerInfo.java:lambda$new$0(51)) - 1d7c29ff-f782-4e4c-a166-2c7d98aa0a2e@group-BF4A884C52EC->976b4ad9-2763-4348-94fe-da9eb86c31c0: nextIndex: updateUnconditionally 0 -> 0
2019-09-24 02:26:38,575 [grpc-default-executor-3] WARN  server.GrpcLogAppender (LogUtils.java:warn(134)) - d93e0f2d-aaab-42ca-acd5-b884b7a50f26@group-4CE1A2095E7B->7bca38f8-b0d1-4401-8113-ee118fd16170-AppendLogResponseHandler: Failed appendEntries: org.apache.ratis.thirdparty.io.grpc.StatusRuntimeException: UNAVAILABLE: io exception
2019-09-24 02:26:38,575 [grpc-default-executor-3] INFO  impl.FollowerInfo (FollowerInfo.java:lambda$new$0(51)) - d93e0f2d-aaab-42ca-acd5-b884b7a50f26@group-4CE1A2095E7B->7bca38f8-b0d1-4401-8113-ee118fd16170: nextIndex: updateUnconditionally 0 -> 0
2019-09-24 02:26:39,014 [grpc-default-executor-1] WARN  server.GrpcLogAppender (LogUtils.java:warn(134)) - a2acb7c4-7563-4fb4-bd8c-c1e015953028@group-A3765C17C61C->b7adfa38-f86a-4f02-b078-d72f77d0455e-AppendLogResponseHandler: Failed appendEntries: org.apache.ratis.thirdparty.io.grpc.StatusRuntimeException: UNAVAILABLE: io exception
2019-09-24 02:26:39,015 [grpc-default-executor-1] INFO  impl.FollowerInfo (FollowerInfo.java:lambda$new$0(51)) - a2acb7c4-7563-4fb4-bd8c-c1e015953028@group-A3765C17C61C->b7adfa38-f86a-4f02-b078-d72f77d0455e: nextIndex: updateUnconditionally 0 -> 0
2019-09-24 02:26:39,018 [grpc-default-executor-1] WARN  server.GrpcLogAppender (LogUtils.java:warn(134)) - a2acb7c4-7563-4fb4-bd8c-c1e015953028@group-A3765C17C61C->0dad0ba7-2de7-4c7e-bbfc-c35c9aa94a76-AppendLogResponseHandler: Failed appendEntries: org.apache.ratis.thirdparty.io.grpc.StatusRuntimeException: UNAVAILABLE: io exception
2019-09-24 02:26:39,018 [grpc-default-executor-1] INFO  impl.FollowerInfo (FollowerInfo.java:lambda$new$0(51)) - a2acb7c4-7563-4fb4-bd8c-c1e015953028@group-A3765C17C61C->0dad0ba7-2de7-4c7e-bbfc-c35c9aa94a76: nextIndex: updateUnconditionally 0 -> 0
2019-09-24 02:26:39,064 [grpc-default-executor-4] WARN  server.GrpcLogAppender (LogUtils.java:warn(134)) - 1d7c29ff-f782-4e4c-a166-2c7d98aa0a2e@group-BF4A884C52EC->976b4ad9-2763-4348-94fe-da9eb86c31c0-AppendLogResponseHandler: Failed appendEntries: org.apache.ratis.thirdparty.io.grpc.StatusRuntimeException: UNAVAILABLE: io exception
2019-09-24 02:26:39,065 [grpc-default-executor-4] INFO  impl.FollowerInfo (FollowerInfo.java:lambda$new$0(51)) - 1d7c29ff-f782-4e4c-a166-2c7d98aa0a2e@group-BF4A884C52EC->976b4ad9-2763-4348-94fe-da9eb86c31c0: nextIndex: updateUnconditionally 0 -> 0
2019-09-24 02:26:39,076 [grpc-default-executor-1] WARN  server.GrpcLogAppender (LogUtils.java:warn(134)) - d93e0f2d-aaab-42ca-acd5-b884b7a50f26@group-4CE1A2095E7B->7bca38f8-b0d1-4401-8113-ee118fd16170-AppendLogResponseHandler: Failed appendEntries: org.apache.ratis.thirdparty.io.grpc.StatusRuntimeException: UNAVAILABLE: io exception
2019-09-24 02:26:39,076 [grpc-default-executor-1] INFO  impl.FollowerInfo (FollowerInfo.java:lambda$new$0(51)) - d93e0f2d-aaab-42ca-acd5-b884b7a50f26@group-4CE1A2095E7B->7bca38f8-b0d1-4401-8113-ee118fd16170: nextIndex: updateUnconditionally 0 -> 0
2019-09-24 02:26:39,516 [grpc-default-executor-3] WARN  server.GrpcLogAppender (LogUtils.java:warn(134)) - a2acb7c4-7563-4fb4-bd8c-c1e015953028@group-A3765C17C61C->b7adfa38-f86a-4f02-b078-d72f77d0455e-AppendLogResponseHandler: Failed appendEntries: org.apache.ratis.thirdparty.io.grpc.StatusRuntimeException: UNAVAILABLE: io exception
2019-09-24 02:26:39,516 [grpc-default-executor-3] INFO  impl.FollowerInfo (FollowerInfo.java:lambda$new$0(51)) - a2acb7c4-7563-4fb4-bd8c-c1e015953028@group-A3765C17C61C->b7adfa38-f86a-4f02-b078-d72f77d0455e: nextIndex: updateUnconditionally 0 -> 0
2019-09-24 02:26:39,519 [grpc-default-executor-4] WARN  server.GrpcLogAppender (LogUtils.java:warn(134)) - a2acb7c4-7563-4fb4-bd8c-c1e015953028@group-A3765C17C61C->0dad0ba7-2de7-4c7e-bbfc-c35c9aa94a76-AppendLogResponseHandler: Failed appendEntries: org.apache.ratis.thirdparty.io.grpc.StatusRuntimeException: UNAVAILABLE: io exception
2019-09-24 02:26:39,519 [grpc-default-executor-4] INFO  impl.FollowerInfo (FollowerInfo.java:lambda$new$0(51)) - a2acb7c4-7563-4fb4-bd8c-c1e015953028@group-A3765C17C61C->0dad0ba7-2de7-4c7e-bbfc-c35c9aa94a76: nextIndex: updateUnconditionally 0 -> 0
2019-09-24 02:26:39,565 [grpc-default-executor-4] WARN  server.GrpcLogAppender (LogUtils.java:warn(134)) - 1d7c29ff-f782-4e4c-a166-2c7d98aa0a2e@group-BF4A884C52EC->976b4ad9-2763-4348-94fe-da9eb86c31c0-AppendLogResponseHandler: Failed appendEntries: org.apache.ratis.thirdparty.io.grpc.StatusRuntimeException: UNAVAILABLE: io exception
2019-09-24 02:26:39,565 [grpc-default-executor-4] INFO  impl.FollowerInfo (FollowerInfo.java:lambda$new$0(51)) - 1d7c29ff-f782-4e4c-a166-2c7d98aa0a2e@group-BF4A884C52EC->976b4ad9-2763-4348-94fe-da9eb86c31c0: nextIndex: updateUnconditionally 0 -> 0
2019-09-24 02:26:39,576 [grpc-default-executor-1] WARN  server.GrpcLogAppender (LogUtils.java:warn(134)) - d93e0f2d-aaab-42ca-acd5-b884b7a50f26@group-4CE1A2095E7B->7bca38f8-b0d1-4401-8113-ee118fd16170-AppendLogResponseHandler: Failed appendEntries: org.apache.ratis.thirdparty.io.grpc.StatusRuntimeException: UNAVAILABLE: io exception
2019-09-24 02:26:39,576 [grpc-default-executor-1] INFO  impl.FollowerInfo (FollowerInfo.java:lambda$new$0(51)) - d93e0f2d-aaab-42ca-acd5-b884b7a50f26@group-4CE1A2095E7B->7bca38f8-b0d1-4401-8113-ee118fd16170: nextIndex: updateUnconditionally 0 -> 0
2019-09-24 02:26:40,016 [grpc-default-executor-3] WARN  server.GrpcLogAppender (LogUtils.java:warn(134)) - a2acb7c4-7563-4fb4-bd8c-c1e015953028@group-A3765C17C61C->b7adfa38-f86a-4f02-b078-d72f77d0455e-AppendLogResponseHandler: Failed appendEntries: org.apache.ratis.thirdparty.io.grpc.StatusRuntimeException: UNAVAILABLE: io exception
2019-09-24 02:26:40,016 [grpc-default-executor-3] INFO  impl.FollowerInfo (FollowerInfo.java:lambda$new$0(51)) - a2acb7c4-7563-4fb4-bd8c-c1e015953028@group-A3765C17C61C->b7adfa38-f86a-4f02-b078-d72f77d0455e: nextIndex: updateUnconditionally 0 -> 0
2019-09-24 02:26:40,019 [grpc-default-executor-3] WARN  server.GrpcLogAppender (LogUtils.java:warn(134)) - a2acb7c4-7563-4fb4-bd8c-c1e015953028@group-A3765C17C61C->0dad0ba7-2de7-4c7e-bbfc-c35c9aa94a76-AppendLogResponseHandler: Failed appendEntries: org.apache.ratis.thirdparty.io.grpc.StatusRuntimeException: UNAVAILABLE: io exception
2019-09-24 02:26:40,020 [grpc-default-executor-3] INFO  impl.FollowerInfo (FollowerInfo.java:lambda$new$0(51)) - a2acb7c4-7563-4fb4-bd8c-c1e015953028@group-A3765C17C61C->0dad0ba7-2de7-4c7e-bbfc-c35c9aa94a76: nextIndex: updateUnconditionally 0 -> 0
2019-09-24 02:26:40,066 [grpc-default-executor-4] WARN  server.GrpcLogAppender (LogUtils.java:warn(134)) - 1d7c29ff-f782-4e4c-a166-2c7d98aa0a2e@group-BF4A884C52EC->976b4ad9-2763-4348-94fe-da9eb86c31c0-AppendLogResponseHandler: Failed appendEntries: org.apache.ratis.thirdparty.io.grpc.StatusRuntimeException: UNAVAILABLE: io exception
2019-09-24 02:26:40,066 [grpc-default-executor-4] INFO  impl.FollowerInfo (FollowerInfo.java:lambda$new$0(51)) - 1d7c29ff-f782-4e4c-a166-2c7d98aa0a2e@group-BF4A884C52EC->976b4ad9-2763-4348-94fe-da9eb86c31c0: nextIndex: updateUnconditionally 0 -> 0
2019-09-24 02:26:40,077 [grpc-default-executor-1] WARN  server.GrpcLogAppender (LogUtils.java:warn(134)) - d93e0f2d-aaab-42ca-acd5-b884b7a50f26@group-4CE1A2095E7B->7bca38f8-b0d1-4401-8113-ee118fd16170-AppendLogResponseHandler: Failed appendEntries: org.apache.ratis.thirdparty.io.grpc.StatusRuntimeException: UNAVAILABLE: io exception
2019-09-24 02:26:40,077 [grpc-default-executor-1] INFO  impl.FollowerInfo (FollowerInfo.java:lambda$new$0(51)) - d93e0f2d-aaab-42ca-acd5-b884b7a50f26@group-4CE1A2095E7B->7bca38f8-b0d1-4401-8113-ee118fd16170: nextIndex: updateUnconditionally 0 -> 0
2019-09-24 02:26:40,517 [grpc-default-executor-3] WARN  server.GrpcLogAppender (LogUtils.java:warn(134)) - a2acb7c4-7563-4fb4-bd8c-c1e015953028@group-A3765C17C61C->b7adfa38-f86a-4f02-b078-d72f77d0455e-AppendLogResponseHandler: Failed appendEntries: org.apache.ratis.thirdparty.io.grpc.StatusRuntimeException: UNAVAILABLE: io exception
2019-09-24 02:26:40,517 [grpc-default-executor-3] INFO  impl.FollowerInfo (FollowerInfo.java:lambda$new$0(51)) - a2acb7c4-7563-4fb4-bd8c-c1e015953028@group-A3765C17C61C->b7adfa38-f86a-4f02-b078-d72f77d0455e: nextIndex: updateUnconditionally 0 -> 0
2019-09-24 02:26:40,520 [grpc-default-executor-4] WARN  server.GrpcLogAppender (LogUtils.java:warn(134)) - a2acb7c4-7563-4fb4-bd8c-c1e015953028@group-A3765C17C61C->0dad0ba7-2de7-4c7e-bbfc-c35c9aa94a76-AppendLogResponseHandler: Failed appendEntries: org.apache.ratis.thirdparty.io.grpc.StatusRuntimeException: UNAVAILABLE: io exception
2019-09-24 02:26:40,520 [grpc-default-executor-4] INFO  impl.FollowerInfo (FollowerInfo.java:lambda$new$0(51)) - a2acb7c4-7563-4fb4-bd8c-c1e015953028@group-A3765C17C61C->0dad0ba7-2de7-4c7e-bbfc-c35c9aa94a76: nextIndex: updateUnconditionally 0 -> 0
2019-09-24 02:26:40,566 [grpc-default-executor-4] WARN  server.GrpcLogAppender (LogUtils.java:warn(134)) - 1d7c29ff-f782-4e4c-a166-2c7d98aa0a2e@group-BF4A884C52EC->976b4ad9-2763-4348-94fe-da9eb86c31c0-AppendLogResponseHandler: Failed appendEntries: org.apache.ratis.thirdparty.io.grpc.StatusRuntimeException: UNAVAILABLE: io exception
2019-09-24 02:26:40,566 [grpc-default-executor-4] INFO  impl.FollowerInfo (FollowerInfo.java:lambda$new$0(51)) - 1d7c29ff-f782-4e4c-a166-2c7d98aa0a2e@group-BF4A884C52EC->976b4ad9-2763-4348-94fe-da9eb86c31c0: nextIndex: updateUnconditionally 0 -> 0
2019-09-24 02:26:40,577 [grpc-default-executor-4] WARN  server.GrpcLogAppender (LogUtils.java:warn(134)) - d93e0f2d-aaab-42ca-acd5-b884b7a50f26@group-4CE1A2095E7B->7bca38f8-b0d1-4401-8113-ee118fd16170-AppendLogResponseHandler: Failed appendEntries: org.apache.ratis.thirdparty.io.grpc.StatusRuntimeException: UNAVAILABLE: io exception
2019-09-24 02:26:40,577 [grpc-default-executor-4] INFO  impl.FollowerInfo (FollowerInfo.java:lambda$new$0(51)) - d93e0f2d-aaab-42ca-acd5-b884b7a50f26@group-4CE1A2095E7B->7bca38f8-b0d1-4401-8113-ee118fd16170: nextIndex: updateUnconditionally 0 -> 0
2019-09-24 02:26:41,017 [grpc-default-executor-3] WARN  server.GrpcLogAppender (LogUtils.java:warn(134)) - a2acb7c4-7563-4fb4-bd8c-c1e015953028@group-A3765C17C61C->b7adfa38-f86a-4f02-b078-d72f77d0455e-AppendLogResponseHandler: Failed appendEntries: org.apache.ratis.thirdparty.io.grpc.StatusRuntimeException: UNAVAILABLE: io exception
2019-09-24 02:26:41,017 [grpc-default-executor-3] INFO  impl.FollowerInfo (FollowerInfo.java:lambda$new$0(51)) - a2acb7c4-7563-4fb4-bd8c-c1e015953028@group-A3765C17C61C->b7adfa38-f86a-4f02-b078-d72f77d0455e: nextIndex: updateUnconditionally 0 -> 0
2019-09-24 02:26:41,020 [grpc-default-executor-1] WARN  server.GrpcLogAppender (LogUtils.java:warn(134)) - a2acb7c4-7563-4fb4-bd8c-c1e015953028@group-A3765C17C61C->0dad0ba7-2de7-4c7e-bbfc-c35c9aa94a76-AppendLogResponseHandler: Failed appendEntries: org.apache.ratis.thirdparty.io.grpc.StatusRuntimeException: UNAVAILABLE: io exception
2019-09-24 02:26:41,021 [grpc-default-executor-1] INFO  impl.FollowerInfo (FollowerInfo.java:lambda$new$0(51)) - a2acb7c4-7563-4fb4-bd8c-c1e015953028@group-A3765C17C61C->0dad0ba7-2de7-4c7e-bbfc-c35c9aa94a76: nextIndex: updateUnconditionally 0 -> 0
2019-09-24 02:26:41,067 [grpc-default-executor-4] WARN  server.GrpcLogAppender (LogUtils.java:warn(134)) - 1d7c29ff-f782-4e4c-a166-2c7d98aa0a2e@group-BF4A884C52EC->976b4ad9-2763-4348-94fe-da9eb86c31c0-AppendLogResponseHandler: Failed appendEntries: org.apache.ratis.thirdparty.io.grpc.StatusRuntimeException: UNAVAILABLE: io exception
2019-09-24 02:26:41,067 [grpc-default-executor-4] INFO  impl.FollowerInfo (FollowerInfo.java:lambda$new$0(51)) - 1d7c29ff-f782-4e4c-a166-2c7d98aa0a2e@group-BF4A884C52EC->976b4ad9-2763-4348-94fe-da9eb86c31c0: nextIndex: updateUnconditionally 0 -> 0
2019-09-24 02:26:41,078 [grpc-default-executor-1] WARN  server.GrpcLogAppender (LogUtils.java:warn(134)) - d93e0f2d-aaab-42ca-acd5-b884b7a50f26@group-4CE1A2095E7B->7bca38f8-b0d1-4401-8113-ee118fd16170-AppendLogResponseHandler: Failed appendEntries: org.apache.ratis.thirdparty.io.grpc.StatusRuntimeException: UNAVAILABLE: io exception
2019-09-24 02:26:41,078 [grpc-default-executor-1] INFO  impl.FollowerInfo (FollowerInfo.java:lambda$new$0(51)) - d93e0f2d-aaab-42ca-acd5-b884b7a50f26@group-4CE1A2095E7B->7bca38f8-b0d1-4401-8113-ee118fd16170: nextIndex: updateUnconditionally 0 -> 0
2019-09-24 02:26:41,127 [ForkJoinPool.commonPool-worker-0] INFO  ozoneimpl.OzoneContainer (OzoneContainer.java:stop(231)) - Attempting to stop container services.
2019-09-24 02:26:41,127 [ForkJoinPool.commonPool-worker-0] INFO  impl.RaftServerProxy (RaftServerProxy.java:lambda$close$4(314)) - d93e0f2d-aaab-42ca-acd5-b884b7a50f26: close
2019-09-24 02:26:41,127 [main] INFO  ozoneimpl.OzoneContainer (OzoneContainer.java:stop(231)) - Attempting to stop container services.
2019-09-24 02:26:41,128 [ForkJoinPool.commonPool-worker-0] INFO  impl.RaftServerImpl (RaftServerImpl.java:lambda$shutdown$3(251)) - d93e0f2d-aaab-42ca-acd5-b884b7a50f26@group-8E24B18B089F: shutdown
2019-09-24 02:26:41,128 [main] INFO  impl.RaftServerProxy (RaftServerProxy.java:lambda$close$4(314)) - 75a46326-9fdd-4357-8f55-056919852270: close
2019-09-24 02:26:41,128 [ForkJoinPool.commonPool-worker-0] INFO  util.JmxRegister (JmxRegister.java:unregister(73)) - Successfully un-registered JMX Bean with object name Ratis:service=RaftServer,group=group-8E24B18B089F,id=d93e0f2d-aaab-42ca-acd5-b884b7a50f26
2019-09-24 02:26:41,129 [main] INFO  impl.RaftServerImpl (RaftServerImpl.java:lambda$shutdown$3(251)) - 75a46326-9fdd-4357-8f55-056919852270@group-4CE1A2095E7B: shutdown
2019-09-24 02:26:41,129 [ForkJoinPool.commonPool-worker-0] INFO  impl.RoleInfo (RoleInfo.java:shutdownLeaderState(104)) - d93e0f2d-aaab-42ca-acd5-b884b7a50f26: shutdown LeaderState
2019-09-24 02:26:41,129 [main] INFO  util.JmxRegister (JmxRegister.java:unregister(73)) - Successfully un-registered JMX Bean with object name Ratis:service=RaftServer,group=group-4CE1A2095E7B,id=75a46326-9fdd-4357-8f55-056919852270
2019-09-24 02:26:41,130 [main] INFO  impl.RoleInfo (RoleInfo.java:shutdownFollowerState(121)) - 75a46326-9fdd-4357-8f55-056919852270: shutdown FollowerState
2019-09-24 02:26:41,130 [ForkJoinPool.commonPool-worker-0] INFO  impl.PendingRequests (PendingRequests.java:sendNotLeaderResponses(202)) - d93e0f2d-aaab-42ca-acd5-b884b7a50f26-PendingRequests: sendNotLeaderResponses
2019-09-24 02:26:41,131 [Thread-2381] INFO  impl.FollowerState (FollowerState.java:run(115)) - 75a46326-9fdd-4357-8f55-056919852270: FollowerState was interrupted: java.lang.InterruptedException: sleep interrupted
2019-09-24 02:26:41,130 [main] INFO  impl.StateMachineUpdater (StateMachineUpdater.java:stopAndJoin(125)) - 75a46326-9fdd-4357-8f55-056919852270@group-4CE1A2095E7B-StateMachineUpdater: set stopIndex = 0
2019-09-24 02:26:41,131 [ForkJoinPool.commonPool-worker-0] INFO  impl.StateMachineUpdater (StateMachineUpdater.java:stopAndJoin(125)) - d93e0f2d-aaab-42ca-acd5-b884b7a50f26@group-8E24B18B089F-StateMachineUpdater: set stopIndex = 0
2019-09-24 02:26:41,132 [main] INFO  impl.RaftServerImpl (ServerState.java:close(385)) - 75a46326-9fdd-4357-8f55-056919852270@group-4CE1A2095E7B: closes. applyIndex: 0
2019-09-24 02:26:41,132 [ForkJoinPool.commonPool-worker-0] INFO  impl.RaftServerImpl (ServerState.java:close(385)) - d93e0f2d-aaab-42ca-acd5-b884b7a50f26@group-8E24B18B089F: closes. applyIndex: 0
2019-09-24 02:26:41,133 [75a46326-9fdd-4357-8f55-056919852270@group-4CE1A2095E7B-SegmentedRaftLogWorker] INFO  segmented.SegmentedRaftLogWorker (SegmentedRaftLogWorker.java:run(313)) - 75a46326-9fdd-4357-8f55-056919852270@group-4CE1A2095E7B-SegmentedRaftLogWorker was interrupted, exiting. There are 0 tasks remaining in the queue.
2019-09-24 02:26:41,135 [d93e0f2d-aaab-42ca-acd5-b884b7a50f26@group-8E24B18B089F-SegmentedRaftLogWorker] INFO  segmented.SegmentedRaftLogWorker (SegmentedRaftLogWorker.java:run(313)) - d93e0f2d-aaab-42ca-acd5-b884b7a50f26@group-8E24B18B089F-SegmentedRaftLogWorker was interrupted, exiting. There are 0 tasks remaining in the queue.
2019-09-24 02:26:41,135 [main] INFO  segmented.SegmentedRaftLogWorker (SegmentedRaftLogWorker.java:close(228)) - 75a46326-9fdd-4357-8f55-056919852270@group-4CE1A2095E7B-SegmentedRaftLogWorker close()
2019-09-24 02:26:41,137 [ForkJoinPool.commonPool-worker-0] INFO  segmented.SegmentedRaftLogWorker (SegmentedRaftLogWorker.java:close(228)) - d93e0f2d-aaab-42ca-acd5-b884b7a50f26@group-8E24B18B089F-SegmentedRaftLogWorker close()
2019-09-24 02:26:41,140 [main] INFO  impl.RaftServerImpl (RaftServerImpl.java:lambda$shutdown$3(251)) - 75a46326-9fdd-4357-8f55-056919852270@group-59B48DD0B897: shutdown
2019-09-24 02:26:41,151 [ForkJoinPool.commonPool-worker-0] INFO  impl.RaftServerImpl (RaftServerImpl.java:lambda$shutdown$3(251)) - d93e0f2d-aaab-42ca-acd5-b884b7a50f26@group-4CE1A2095E7B: shutdown
2019-09-24 02:26:41,152 [main] INFO  util.JmxRegister (JmxRegister.java:unregister(73)) - Successfully un-registered JMX Bean with object name Ratis:service=RaftServer,group=group-59B48DD0B897,id=75a46326-9fdd-4357-8f55-056919852270
2019-09-24 02:26:41,152 [ForkJoinPool.commonPool-worker-0] INFO  util.JmxRegister (JmxRegister.java:unregister(73)) - Successfully un-registered JMX Bean with object name Ratis:service=RaftServer,group=group-4CE1A2095E7B,id=d93e0f2d-aaab-42ca-acd5-b884b7a50f26
2019-09-24 02:26:41,153 [ForkJoinPool.commonPool-worker-0] INFO  impl.RoleInfo (RoleInfo.java:shutdownLeaderState(104)) - d93e0f2d-aaab-42ca-acd5-b884b7a50f26: shutdown LeaderState
2019-09-24 02:26:41,153 [main] INFO  impl.RoleInfo (RoleInfo.java:shutdownLeaderState(104)) - 75a46326-9fdd-4357-8f55-056919852270: shutdown LeaderState
2019-09-24 02:26:41,157 [org.apache.ratis.server.impl.LogAppender$AppenderDaemon$$Lambda$430/2026899056@4a236316] WARN  server.GrpcLogAppender (GrpcLogAppender.java:mayWait(143)) - d93e0f2d-aaab-42ca-acd5-b884b7a50f26@group-4CE1A2095E7B->7bca38f8-b0d1-4401-8113-ee118fd16170-GrpcLogAppender: Wait interrupted by java.lang.InterruptedException
2019-09-24 02:26:41,157 [org.apache.ratis.server.impl.LogAppender$AppenderDaemon$$Lambda$430/2026899056@38c3b03] WARN  server.GrpcLogAppender (GrpcLogAppender.java:mayWait(143)) - d93e0f2d-aaab-42ca-acd5-b884b7a50f26@group-4CE1A2095E7B->75a46326-9fdd-4357-8f55-056919852270-GrpcLogAppender: Wait interrupted by java.lang.InterruptedException
2019-09-24 02:26:41,157 [ForkJoinPool.commonPool-worker-0] INFO  impl.PendingRequests (PendingRequests.java:sendNotLeaderResponses(202)) - d93e0f2d-aaab-42ca-acd5-b884b7a50f26-PendingRequests: sendNotLeaderResponses
2019-09-24 02:26:41,158 [main] INFO  impl.PendingRequests (PendingRequests.java:sendNotLeaderResponses(202)) - 75a46326-9fdd-4357-8f55-056919852270-PendingRequests: sendNotLeaderResponses
2019-09-24 02:26:41,159 [ForkJoinPool.commonPool-worker-0] INFO  impl.StateMachineUpdater (StateMachineUpdater.java:stopAndJoin(125)) - d93e0f2d-aaab-42ca-acd5-b884b7a50f26@group-4CE1A2095E7B-StateMachineUpdater: set stopIndex = 0
2019-09-24 02:26:41,159 [ForkJoinPool.commonPool-worker-0] INFO  impl.RaftServerImpl (ServerState.java:close(385)) - d93e0f2d-aaab-42ca-acd5-b884b7a50f26@group-4CE1A2095E7B: closes. applyIndex: 0
2019-09-24 02:26:41,159 [grpc-default-executor-1] INFO  server.GrpcServerProtocolService (GrpcServerProtocolService.java:onCompleted(113)) - 75a46326-9fdd-4357-8f55-056919852270: Completed APPEND_ENTRIES, lastRequest: d93e0f2d-aaab-42ca-acd5-b884b7a50f26->75a46326-9fdd-4357-8f55-056919852270#247-t2, previous=(t:2, i:0), leaderCommit=0, initializing? false, entries: <empty>
2019-09-24 02:26:41,160 [d93e0f2d-aaab-42ca-acd5-b884b7a50f26@group-4CE1A2095E7B-SegmentedRaftLogWorker] INFO  segmented.SegmentedRaftLogWorker (SegmentedRaftLogWorker.java:run(313)) - d93e0f2d-aaab-42ca-acd5-b884b7a50f26@group-4CE1A2095E7B-SegmentedRaftLogWorker was interrupted, exiting. There are 0 tasks remaining in the queue.
2019-09-24 02:26:41,159 [main] INFO  impl.StateMachineUpdater (StateMachineUpdater.java:stopAndJoin(125)) - 75a46326-9fdd-4357-8f55-056919852270@group-59B48DD0B897-StateMachineUpdater: set stopIndex = 0
2019-09-24 02:26:41,160 [ForkJoinPool.commonPool-worker-0] INFO  segmented.SegmentedRaftLogWorker (SegmentedRaftLogWorker.java:close(228)) - d93e0f2d-aaab-42ca-acd5-b884b7a50f26@group-4CE1A2095E7B-SegmentedRaftLogWorker close()
2019-09-24 02:26:41,160 [grpc-default-executor-1] INFO  server.GrpcLogAppender (GrpcLogAppender.java:onCompleted(293)) - d93e0f2d-aaab-42ca-acd5-b884b7a50f26@group-4CE1A2095E7B->75a46326-9fdd-4357-8f55-056919852270-AppendLogResponseHandler: follower responses appendEntries COMPLETED
2019-09-24 02:26:41,160 [main] INFO  impl.RaftServerImpl (ServerState.java:close(385)) - 75a46326-9fdd-4357-8f55-056919852270@group-59B48DD0B897: closes. applyIndex: 0
2019-09-24 02:26:41,161 [grpc-default-executor-1] INFO  impl.FollowerInfo (FollowerInfo.java:lambda$new$0(51)) - d93e0f2d-aaab-42ca-acd5-b884b7a50f26@group-4CE1A2095E7B->75a46326-9fdd-4357-8f55-056919852270: nextIndex: updateUnconditionally 1 -> 0
2019-09-24 02:26:41,161 [75a46326-9fdd-4357-8f55-056919852270@group-59B48DD0B897-SegmentedRaftLogWorker] INFO  segmented.SegmentedRaftLogWorker (SegmentedRaftLogWorker.java:run(313)) - 75a46326-9fdd-4357-8f55-056919852270@group-59B48DD0B897-SegmentedRaftLogWorker was interrupted, exiting. There are 0 tasks remaining in the queue.
2019-09-24 02:26:41,161 [ForkJoinPool.commonPool-worker-0] INFO  server.GrpcService (GrpcService.java:closeImpl(164)) - d93e0f2d-aaab-42ca-acd5-b884b7a50f26: shutdown server with port 41155 now
2019-09-24 02:26:41,162 [main] INFO  segmented.SegmentedRaftLogWorker (SegmentedRaftLogWorker.java:close(228)) - 75a46326-9fdd-4357-8f55-056919852270@group-59B48DD0B897-SegmentedRaftLogWorker close()
2019-09-24 02:26:41,163 [ForkJoinPool.commonPool-worker-0] INFO  server.GrpcService (GrpcService.java:closeImpl(172)) - d93e0f2d-aaab-42ca-acd5-b884b7a50f26: shutdown server with port 41155 successfully
2019-09-24 02:26:41,163 [main] INFO  server.GrpcService (GrpcService.java:closeImpl(164)) - 75a46326-9fdd-4357-8f55-056919852270: shutdown server with port 36808 now
2019-09-24 02:26:41,166 [main] INFO  server.GrpcService (GrpcService.java:closeImpl(172)) - 75a46326-9fdd-4357-8f55-056919852270: shutdown server with port 36808 successfully
2019-09-24 02:26:41,168 [refreshUsed-/workdir/hadoop-ozone/integration-test/target/test-dir/MiniOzoneClusterImpl-69b5c385-cdb4-4487-be19-c3541ab4b602/datanode-4/data/containers] WARN  fs.CachingGetSpaceUsed (CachingGetSpaceUsed.java:run(183)) - Thread Interrupted waiting to refresh disk information: sleep interrupted
2019-09-24 02:26:41,169 [refreshUsed-/workdir/hadoop-ozone/integration-test/target/test-dir/MiniOzoneClusterImpl-69b5c385-cdb4-4487-be19-c3541ab4b602/datanode-8/data/containers] WARN  fs.CachingGetSpaceUsed (CachingGetSpaceUsed.java:run(183)) - Thread Interrupted waiting to refresh disk information: sleep interrupted
2019-09-24 02:26:41,187 [main] INFO  utils.BackgroundService (BackgroundService.java:shutdown(148)) - Shutting down service BlockDeletingService
2019-09-24 02:26:41,194 [main] INFO  statemachine.DatanodeStateMachine (DatanodeStateMachine.java:stopDaemon(395)) - Ozone container server stopped.
2019-09-24 02:26:41,199 [ForkJoinPool.commonPool-worker-0] INFO  utils.BackgroundService (BackgroundService.java:shutdown(148)) - Shutting down service BlockDeletingService
2019-09-24 02:26:41,204 [ForkJoinPool.commonPool-worker-0] INFO  statemachine.DatanodeStateMachine (DatanodeStateMachine.java:stopDaemon(395)) - Ozone container server stopped.
2019-09-24 02:26:41,207 [main] INFO  handler.ContextHandler (ContextHandler.java:doStop(910)) - Stopped o.e.j.w.WebAppContext@3b332962{/,null,UNAVAILABLE}{/hddsDatanode}
2019-09-24 02:26:41,208 [ForkJoinPool.commonPool-worker-0] INFO  handler.ContextHandler (ContextHandler.java:doStop(910)) - Stopped o.e.j.w.WebAppContext@6ff0b1cc{/,null,UNAVAILABLE}{/hddsDatanode}
2019-09-24 02:26:41,209 [main] INFO  server.AbstractConnector (AbstractConnector.java:doStop(318)) - Stopped ServerConnector@57ddd45b{HTTP/1.1,[http/1.1]}{0.0.0.0:0}
2019-09-24 02:26:41,209 [ForkJoinPool.commonPool-worker-0] INFO  server.AbstractConnector (AbstractConnector.java:doStop(318)) - Stopped ServerConnector@3b55dd15{HTTP/1.1,[http/1.1]}{0.0.0.0:0}
2019-09-24 02:26:41,209 [main] INFO  handler.ContextHandler (ContextHandler.java:doStop(910)) - Stopped o.e.j.s.ServletContextHandler@640cc04b{/static,jar:file:/home/user/.m2/repository/org/apache/hadoop/hadoop-hdds-container-service/0.5.0-SNAPSHOT/hadoop-hdds-container-service-0.5.0-SNAPSHOT.jar!/webapps/static,UNAVAILABLE}
2019-09-24 02:26:41,209 [ForkJoinPool.commonPool-worker-0] INFO  handler.ContextHandler (ContextHandler.java:doStop(910)) - Stopped o.e.j.s.ServletContextHandler@40247d48{/static,jar:file:/home/user/.m2/repository/org/apache/hadoop/hadoop-hdds-container-service/0.5.0-SNAPSHOT/hadoop-hdds-container-service-0.5.0-SNAPSHOT.jar!/webapps/static,UNAVAILABLE}
2019-09-24 02:26:41,210 [main] INFO  handler.ContextHandler (ContextHandler.java:doStop(910)) - Stopped o.e.j.s.ServletContextHandler@5e13f156{/logs,file:///workdir/hadoop-ozone/integration-test/target/log,UNAVAILABLE}
2019-09-24 02:26:41,210 [ForkJoinPool.commonPool-worker-0] INFO  handler.ContextHandler (ContextHandler.java:doStop(910)) - Stopped o.e.j.s.ServletContextHandler@315105f{/logs,file:///workdir/hadoop-ozone/integration-test/target/log,UNAVAILABLE}
2019-09-24 02:26:41,518 [grpc-default-executor-3] WARN  server.GrpcLogAppender (LogUtils.java:warn(134)) - a2acb7c4-7563-4fb4-bd8c-c1e015953028@group-A3765C17C61C->b7adfa38-f86a-4f02-b078-d72f77d0455e-AppendLogResponseHandler: Failed appendEntries: org.apache.ratis.thirdparty.io.grpc.StatusRuntimeException: UNAVAILABLE: io exception
2019-09-24 02:26:41,519 [grpc-default-executor-3] INFO  impl.FollowerInfo (FollowerInfo.java:lambda$new$0(51)) - a2acb7c4-7563-4fb4-bd8c-c1e015953028@group-A3765C17C61C->b7adfa38-f86a-4f02-b078-d72f77d0455e: nextIndex: updateUnconditionally 0 -> 0
2019-09-24 02:26:41,521 [grpc-default-executor-1] WARN  server.GrpcLogAppender (LogUtils.java:warn(134)) - a2acb7c4-7563-4fb4-bd8c-c1e015953028@group-A3765C17C61C->0dad0ba7-2de7-4c7e-bbfc-c35c9aa94a76-AppendLogResponseHandler: Failed appendEntries: org.apache.ratis.thirdparty.io.grpc.StatusRuntimeException: UNAVAILABLE: io exception
2019-09-24 02:26:41,521 [grpc-default-executor-1] INFO  impl.FollowerInfo (FollowerInfo.java:lambda$new$0(51)) - a2acb7c4-7563-4fb4-bd8c-c1e015953028@group-A3765C17C61C->0dad0ba7-2de7-4c7e-bbfc-c35c9aa94a76: nextIndex: updateUnconditionally 0 -> 0
2019-09-24 02:26:41,567 [grpc-default-executor-1] WARN  server.GrpcLogAppender (LogUtils.java:warn(134)) - 1d7c29ff-f782-4e4c-a166-2c7d98aa0a2e@group-BF4A884C52EC->976b4ad9-2763-4348-94fe-da9eb86c31c0-AppendLogResponseHandler: Failed appendEntries: org.apache.ratis.thirdparty.io.grpc.StatusRuntimeException: UNAVAILABLE: io exception
2019-09-24 02:26:41,568 [grpc-default-executor-1] INFO  impl.FollowerInfo (FollowerInfo.java:lambda$new$0(51)) - 1d7c29ff-f782-4e4c-a166-2c7d98aa0a2e@group-BF4A884C52EC->976b4ad9-2763-4348-94fe-da9eb86c31c0: nextIndex: updateUnconditionally 0 -> 0
2019-09-24 02:26:41,620 [Datanode State Machine Thread - 0] INFO  statemachine.DatanodeStateMachine (DatanodeStateMachine.java:lambda$startDaemon$0(350)) - Ozone container server started.
2019-09-24 02:26:41,920 [Datanode State Machine Thread - 0] INFO  statemachine.DatanodeStateMachine (DatanodeStateMachine.java:lambda$startDaemon$0(350)) - Ozone container server started.
2019-09-24 02:26:42,019 [grpc-default-executor-4] WARN  server.GrpcLogAppender (LogUtils.java:warn(134)) - a2acb7c4-7563-4fb4-bd8c-c1e015953028@group-A3765C17C61C->b7adfa38-f86a-4f02-b078-d72f77d0455e-AppendLogResponseHandler: Failed appendEntries: org.apache.ratis.thirdparty.io.grpc.StatusRuntimeException: UNAVAILABLE: io exception
2019-09-24 02:26:42,019 [grpc-default-executor-4] INFO  impl.FollowerInfo (FollowerInfo.java:lambda$new$0(51)) - a2acb7c4-7563-4fb4-bd8c-c1e015953028@group-A3765C17C61C->b7adfa38-f86a-4f02-b078-d72f77d0455e: nextIndex: updateUnconditionally 0 -> 0
2019-09-24 02:26:42,021 [grpc-default-executor-4] WARN  server.GrpcLogAppender (LogUtils.java:warn(134)) - a2acb7c4-7563-4fb4-bd8c-c1e015953028@group-A3765C17C61C->0dad0ba7-2de7-4c7e-bbfc-c35c9aa94a76-AppendLogResponseHandler: Failed appendEntries: org.apache.ratis.thirdparty.io.grpc.StatusRuntimeException: UNAVAILABLE: io exception
2019-09-24 02:26:42,022 [grpc-default-executor-4] INFO  impl.FollowerInfo (FollowerInfo.java:lambda$new$0(51)) - a2acb7c4-7563-4fb4-bd8c-c1e015953028@group-A3765C17C61C->0dad0ba7-2de7-4c7e-bbfc-c35c9aa94a76: nextIndex: updateUnconditionally 0 -> 0
2019-09-24 02:26:42,068 [grpc-default-executor-3] WARN  server.GrpcLogAppender (LogUtils.java:warn(134)) - 1d7c29ff-f782-4e4c-a166-2c7d98aa0a2e@group-BF4A884C52EC->976b4ad9-2763-4348-94fe-da9eb86c31c0-AppendLogResponseHandler: Failed appendEntries: org.apache.ratis.thirdparty.io.grpc.StatusRuntimeException: UNAVAILABLE: io exception
2019-09-24 02:26:42,068 [grpc-default-executor-3] INFO  impl.FollowerInfo (FollowerInfo.java:lambda$new$0(51)) - 1d7c29ff-f782-4e4c-a166-2c7d98aa0a2e@group-BF4A884C52EC->976b4ad9-2763-4348-94fe-da9eb86c31c0: nextIndex: updateUnconditionally 0 -> 0
2019-09-24 02:26:42,520 [grpc-default-executor-3] WARN  server.GrpcLogAppender (LogUtils.java:warn(134)) - a2acb7c4-7563-4fb4-bd8c-c1e015953028@group-A3765C17C61C->b7adfa38-f86a-4f02-b078-d72f77d0455e-AppendLogResponseHandler: Failed appendEntries: org.apache.ratis.thirdparty.io.grpc.StatusRuntimeException: UNAVAILABLE: io exception
2019-09-24 02:26:42,520 [grpc-default-executor-3] INFO  impl.FollowerInfo (FollowerInfo.java:lambda$new$0(51)) - a2acb7c4-7563-4fb4-bd8c-c1e015953028@group-A3765C17C61C->b7adfa38-f86a-4f02-b078-d72f77d0455e: nextIndex: updateUnconditionally 0 -> 0
2019-09-24 02:26:42,522 [grpc-default-executor-1] WARN  server.GrpcLogAppender (LogUtils.java:warn(134)) - a2acb7c4-7563-4fb4-bd8c-c1e015953028@group-A3765C17C61C->0dad0ba7-2de7-4c7e-bbfc-c35c9aa94a76-AppendLogResponseHandler: Failed appendEntries: org.apache.ratis.thirdparty.io.grpc.StatusRuntimeException: UNAVAILABLE: io exception
2019-09-24 02:26:42,522 [grpc-default-executor-1] INFO  impl.FollowerInfo (FollowerInfo.java:lambda$new$0(51)) - a2acb7c4-7563-4fb4-bd8c-c1e015953028@group-A3765C17C61C->0dad0ba7-2de7-4c7e-bbfc-c35c9aa94a76: nextIndex: updateUnconditionally 0 -> 0
2019-09-24 02:26:42,568 [grpc-default-executor-1] WARN  server.GrpcLogAppender (LogUtils.java:warn(134)) - 1d7c29ff-f782-4e4c-a166-2c7d98aa0a2e@group-BF4A884C52EC->976b4ad9-2763-4348-94fe-da9eb86c31c0-AppendLogResponseHandler: Failed appendEntries: org.apache.ratis.thirdparty.io.grpc.StatusRuntimeException: UNAVAILABLE: io exception
2019-09-24 02:26:42,569 [grpc-default-executor-1] INFO  impl.FollowerInfo (FollowerInfo.java:lambda$new$0(51)) - 1d7c29ff-f782-4e4c-a166-2c7d98aa0a2e@group-BF4A884C52EC->976b4ad9-2763-4348-94fe-da9eb86c31c0: nextIndex: updateUnconditionally 0 -> 0
2019-09-24 02:26:43,021 [grpc-default-executor-4] WARN  server.GrpcLogAppender (LogUtils.java:warn(134)) - a2acb7c4-7563-4fb4-bd8c-c1e015953028@group-A3765C17C61C->b7adfa38-f86a-4f02-b078-d72f77d0455e-AppendLogResponseHandler: Failed appendEntries: org.apache.ratis.thirdparty.io.grpc.StatusRuntimeException: UNAVAILABLE: io exception
2019-09-24 02:26:43,022 [grpc-default-executor-4] INFO  impl.FollowerInfo (FollowerInfo.java:lambda$new$0(51)) - a2acb7c4-7563-4fb4-bd8c-c1e015953028@group-A3765C17C61C->b7adfa38-f86a-4f02-b078-d72f77d0455e: nextIndex: updateUnconditionally 0 -> 0
2019-09-24 02:26:43,023 [grpc-default-executor-1] WARN  server.GrpcLogAppender (LogUtils.java:warn(134)) - a2acb7c4-7563-4fb4-bd8c-c1e015953028@group-A3765C17C61C->0dad0ba7-2de7-4c7e-bbfc-c35c9aa94a76-AppendLogResponseHandler: Failed appendEntries: org.apache.ratis.thirdparty.io.grpc.StatusRuntimeException: UNAVAILABLE: io exception
2019-09-24 02:26:43,023 [grpc-default-executor-1] INFO  impl.FollowerInfo (FollowerInfo.java:lambda$new$0(51)) - a2acb7c4-7563-4fb4-bd8c-c1e015953028@group-A3765C17C61C->0dad0ba7-2de7-4c7e-bbfc-c35c9aa94a76: nextIndex: updateUnconditionally 0 -> 0
2019-09-24 02:26:43,069 [grpc-default-executor-3] WARN  server.GrpcLogAppender (LogUtils.java:warn(134)) - 1d7c29ff-f782-4e4c-a166-2c7d98aa0a2e@group-BF4A884C52EC->976b4ad9-2763-4348-94fe-da9eb86c31c0-AppendLogResponseHandler: Failed appendEntries: org.apache.ratis.thirdparty.io.grpc.StatusRuntimeException: UNAVAILABLE: io exception
2019-09-24 02:26:43,069 [grpc-default-executor-3] INFO  impl.FollowerInfo (FollowerInfo.java:lambda$new$0(51)) - 1d7c29ff-f782-4e4c-a166-2c7d98aa0a2e@group-BF4A884C52EC->976b4ad9-2763-4348-94fe-da9eb86c31c0: nextIndex: updateUnconditionally 0 -> 0
2019-09-24 02:26:43,522 [grpc-default-executor-4] WARN  server.GrpcLogAppender (LogUtils.java:warn(134)) - a2acb7c4-7563-4fb4-bd8c-c1e015953028@group-A3765C17C61C->b7adfa38-f86a-4f02-b078-d72f77d0455e-AppendLogResponseHandler: Failed appendEntries: org.apache.ratis.thirdparty.io.grpc.StatusRuntimeException: UNAVAILABLE: io exception
2019-09-24 02:26:43,522 [grpc-default-executor-4] INFO  impl.FollowerInfo (FollowerInfo.java:lambda$new$0(51)) - a2acb7c4-7563-4fb4-bd8c-c1e015953028@group-A3765C17C61C->b7adfa38-f86a-4f02-b078-d72f77d0455e: nextIndex: updateUnconditionally 0 -> 0
2019-09-24 02:26:43,523 [grpc-default-executor-1] WARN  server.GrpcLogAppender (LogUtils.java:warn(134)) - a2acb7c4-7563-4fb4-bd8c-c1e015953028@group-A3765C17C61C->0dad0ba7-2de7-4c7e-bbfc-c35c9aa94a76-AppendLogResponseHandler: Failed appendEntries: org.apache.ratis.thirdparty.io.grpc.StatusRuntimeException: UNAVAILABLE: io exception
2019-09-24 02:26:43,523 [grpc-default-executor-1] INFO  impl.FollowerInfo (FollowerInfo.java:lambda$new$0(51)) - a2acb7c4-7563-4fb4-bd8c-c1e015953028@group-A3765C17C61C->0dad0ba7-2de7-4c7e-bbfc-c35c9aa94a76: nextIndex: updateUnconditionally 0 -> 0
2019-09-24 02:26:43,569 [grpc-default-executor-1] WARN  server.GrpcLogAppender (LogUtils.java:warn(134)) - 1d7c29ff-f782-4e4c-a166-2c7d98aa0a2e@group-BF4A884C52EC->976b4ad9-2763-4348-94fe-da9eb86c31c0-AppendLogResponseHandler: Failed appendEntries: org.apache.ratis.thirdparty.io.grpc.StatusRuntimeException: UNAVAILABLE: io exception
2019-09-24 02:26:43,570 [grpc-default-executor-1] INFO  impl.FollowerInfo (FollowerInfo.java:lambda$new$0(51)) - 1d7c29ff-f782-4e4c-a166-2c7d98aa0a2e@group-BF4A884C52EC->976b4ad9-2763-4348-94fe-da9eb86c31c0: nextIndex: updateUnconditionally 0 -> 0
2019-09-24 02:26:44,023 [grpc-default-executor-1] WARN  server.GrpcLogAppender (LogUtils.java:warn(134)) - a2acb7c4-7563-4fb4-bd8c-c1e015953028@group-A3765C17C61C->b7adfa38-f86a-4f02-b078-d72f77d0455e-AppendLogResponseHandler: Failed appendEntries: org.apache.ratis.thirdparty.io.grpc.StatusRuntimeException: UNAVAILABLE: io exception
2019-09-24 02:26:44,023 [grpc-default-executor-1] INFO  impl.FollowerInfo (FollowerInfo.java:lambda$new$0(51)) - a2acb7c4-7563-4fb4-bd8c-c1e015953028@group-A3765C17C61C->b7adfa38-f86a-4f02-b078-d72f77d0455e: nextIndex: updateUnconditionally 0 -> 0
2019-09-24 02:26:44,024 [grpc-default-executor-3] WARN  server.GrpcLogAppender (LogUtils.java:warn(134)) - a2acb7c4-7563-4fb4-bd8c-c1e015953028@group-A3765C17C61C->0dad0ba7-2de7-4c7e-bbfc-c35c9aa94a76-AppendLogResponseHandler: Failed appendEntries: org.apache.ratis.thirdparty.io.grpc.StatusRuntimeException: UNAVAILABLE: io exception
2019-09-24 02:26:44,024 [grpc-default-executor-3] INFO  impl.FollowerInfo (FollowerInfo.java:lambda$new$0(51)) - a2acb7c4-7563-4fb4-bd8c-c1e015953028@group-A3765C17C61C->0dad0ba7-2de7-4c7e-bbfc-c35c9aa94a76: nextIndex: updateUnconditionally 0 -> 0
2019-09-24 02:26:44,070 [grpc-default-executor-3] WARN  server.GrpcLogAppender (LogUtils.java:warn(134)) - 1d7c29ff-f782-4e4c-a166-2c7d98aa0a2e@group-BF4A884C52EC->976b4ad9-2763-4348-94fe-da9eb86c31c0-AppendLogResponseHandler: Failed appendEntries: org.apache.ratis.thirdparty.io.grpc.StatusRuntimeException: UNAVAILABLE: io exception
2019-09-24 02:26:44,071 [grpc-default-executor-3] INFO  impl.FollowerInfo (FollowerInfo.java:lambda$new$0(51)) - 1d7c29ff-f782-4e4c-a166-2c7d98aa0a2e@group-BF4A884C52EC->976b4ad9-2763-4348-94fe-da9eb86c31c0: nextIndex: updateUnconditionally 0 -> 0
2019-09-24 02:26:44,523 [grpc-default-executor-2] WARN  server.GrpcLogAppender (LogUtils.java:warn(134)) - a2acb7c4-7563-4fb4-bd8c-c1e015953028@group-A3765C17C61C->b7adfa38-f86a-4f02-b078-d72f77d0455e-AppendLogResponseHandler: Failed appendEntries: org.apache.ratis.thirdparty.io.grpc.StatusRuntimeException: UNAVAILABLE: io exception
2019-09-24 02:26:44,524 [grpc-default-executor-2] INFO  impl.FollowerInfo (FollowerInfo.java:lambda$new$0(51)) - a2acb7c4-7563-4fb4-bd8c-c1e015953028@group-A3765C17C61C->b7adfa38-f86a-4f02-b078-d72f77d0455e: nextIndex: updateUnconditionally 0 -> 0
2019-09-24 02:26:44,525 [grpc-default-executor-2] WARN  server.GrpcLogAppender (LogUtils.java:warn(134)) - a2acb7c4-7563-4fb4-bd8c-c1e015953028@group-A3765C17C61C->0dad0ba7-2de7-4c7e-bbfc-c35c9aa94a76-AppendLogResponseHandler: Failed appendEntries: org.apache.ratis.thirdparty.io.grpc.StatusRuntimeException: UNAVAILABLE: io exception
2019-09-24 02:26:44,525 [grpc-default-executor-2] INFO  impl.FollowerInfo (FollowerInfo.java:lambda$new$0(51)) - a2acb7c4-7563-4fb4-bd8c-c1e015953028@group-A3765C17C61C->0dad0ba7-2de7-4c7e-bbfc-c35c9aa94a76: nextIndex: updateUnconditionally 0 -> 0
2019-09-24 02:26:44,571 [grpc-default-executor-2] WARN  server.GrpcLogAppender (LogUtils.java:warn(134)) - 1d7c29ff-f782-4e4c-a166-2c7d98aa0a2e@group-BF4A884C52EC->976b4ad9-2763-4348-94fe-da9eb86c31c0-AppendLogResponseHandler: Failed appendEntries: org.apache.ratis.thirdparty.io.grpc.StatusRuntimeException: UNAVAILABLE: io exception
2019-09-24 02:26:44,571 [grpc-default-executor-2] INFO  impl.FollowerInfo (FollowerInfo.java:lambda$new$0(51)) - 1d7c29ff-f782-4e4c-a166-2c7d98aa0a2e@group-BF4A884C52EC->976b4ad9-2763-4348-94fe-da9eb86c31c0: nextIndex: updateUnconditionally 0 -> 0
2019-09-24 02:26:45,025 [grpc-default-executor-1] WARN  server.GrpcLogAppender (LogUtils.java:warn(134)) - a2acb7c4-7563-4fb4-bd8c-c1e015953028@group-A3765C17C61C->b7adfa38-f86a-4f02-b078-d72f77d0455e-AppendLogResponseHandler: Failed appendEntries: org.apache.ratis.thirdparty.io.grpc.StatusRuntimeException: UNAVAILABLE: io exception
2019-09-24 02:26:45,025 [grpc-default-executor-4] WARN  server.GrpcLogAppender (LogUtils.java:warn(134)) - a2acb7c4-7563-4fb4-bd8c-c1e015953028@group-A3765C17C61C->0dad0ba7-2de7-4c7e-bbfc-c35c9aa94a76-AppendLogResponseHandler: Failed appendEntries: org.apache.ratis.thirdparty.io.grpc.StatusRuntimeException: UNAVAILABLE: io exception
2019-09-24 02:26:45,026 [grpc-default-executor-1] INFO  impl.FollowerInfo (FollowerInfo.java:lambda$new$0(51)) - a2acb7c4-7563-4fb4-bd8c-c1e015953028@group-A3765C17C61C->b7adfa38-f86a-4f02-b078-d72f77d0455e: nextIndex: updateUnconditionally 0 -> 0
2019-09-24 02:26:45,026 [grpc-default-executor-4] INFO  impl.FollowerInfo (FollowerInfo.java:lambda$new$0(51)) - a2acb7c4-7563-4fb4-bd8c-c1e015953028@group-A3765C17C61C->0dad0ba7-2de7-4c7e-bbfc-c35c9aa94a76: nextIndex: updateUnconditionally 0 -> 0
2019-09-24 02:26:45,071 [grpc-default-executor-3] WARN  server.GrpcLogAppender (LogUtils.java:warn(134)) - 1d7c29ff-f782-4e4c-a166-2c7d98aa0a2e@group-BF4A884C52EC->976b4ad9-2763-4348-94fe-da9eb86c31c0-AppendLogResponseHandler: Failed appendEntries: org.apache.ratis.thirdparty.io.grpc.StatusRuntimeException: UNAVAILABLE: io exception
2019-09-24 02:26:45,072 [grpc-default-executor-3] INFO  impl.FollowerInfo (FollowerInfo.java:lambda$new$0(51)) - 1d7c29ff-f782-4e4c-a166-2c7d98aa0a2e@group-BF4A884C52EC->976b4ad9-2763-4348-94fe-da9eb86c31c0: nextIndex: updateUnconditionally 0 -> 0
2019-09-24 02:26:45,527 [grpc-default-executor-4] WARN  server.GrpcLogAppender (LogUtils.java:warn(134)) - a2acb7c4-7563-4fb4-bd8c-c1e015953028@group-A3765C17C61C->0dad0ba7-2de7-4c7e-bbfc-c35c9aa94a76-AppendLogResponseHandler: Failed appendEntries: org.apache.ratis.thirdparty.io.grpc.StatusRuntimeException: UNAVAILABLE: io exception
2019-09-24 02:26:45,527 [grpc-default-executor-3] WARN  server.GrpcLogAppender (LogUtils.java:warn(134)) - a2acb7c4-7563-4fb4-bd8c-c1e015953028@group-A3765C17C61C->b7adfa38-f86a-4f02-b078-d72f77d0455e-AppendLogResponseHandler: Failed appendEntries: org.apache.ratis.thirdparty.io.grpc.StatusRuntimeException: UNAVAILABLE: io exception
2019-09-24 02:26:45,528 [grpc-default-executor-4] INFO  impl.FollowerInfo (FollowerInfo.java:lambda$new$0(51)) - a2acb7c4-7563-4fb4-bd8c-c1e015953028@group-A3765C17C61C->0dad0ba7-2de7-4c7e-bbfc-c35c9aa94a76: nextIndex: updateUnconditionally 0 -> 0
2019-09-24 02:26:45,528 [grpc-default-executor-3] INFO  impl.FollowerInfo (FollowerInfo.java:lambda$new$0(51)) - a2acb7c4-7563-4fb4-bd8c-c1e015953028@group-A3765C17C61C->b7adfa38-f86a-4f02-b078-d72f77d0455e: nextIndex: updateUnconditionally 0 -> 0
2019-09-24 02:26:45,572 [grpc-default-executor-1] WARN  server.GrpcLogAppender (LogUtils.java:warn(134)) - 1d7c29ff-f782-4e4c-a166-2c7d98aa0a2e@group-BF4A884C52EC->976b4ad9-2763-4348-94fe-da9eb86c31c0-AppendLogResponseHandler: Failed appendEntries: org.apache.ratis.thirdparty.io.grpc.StatusRuntimeException: UNAVAILABLE: io exception
2019-09-24 02:26:45,573 [grpc-default-executor-1] INFO  impl.FollowerInfo (FollowerInfo.java:lambda$new$0(51)) - 1d7c29ff-f782-4e4c-a166-2c7d98aa0a2e@group-BF4A884C52EC->976b4ad9-2763-4348-94fe-da9eb86c31c0: nextIndex: updateUnconditionally 0 -> 0
2019-09-24 02:26:46,027 [grpc-default-executor-4] WARN  server.GrpcLogAppender (LogUtils.java:warn(134)) - a2acb7c4-7563-4fb4-bd8c-c1e015953028@group-A3765C17C61C->b7adfa38-f86a-4f02-b078-d72f77d0455e-AppendLogResponseHandler: Failed appendEntries: org.apache.ratis.thirdparty.io.grpc.StatusRuntimeException: UNAVAILABLE: io exception
2019-09-24 02:26:46,028 [grpc-default-executor-5] WARN  server.GrpcLogAppender (LogUtils.java:warn(134)) - a2acb7c4-7563-4fb4-bd8c-c1e015953028@group-A3765C17C61C->0dad0ba7-2de7-4c7e-bbfc-c35c9aa94a76-AppendLogResponseHandler: Failed appendEntries: org.apache.ratis.thirdparty.io.grpc.StatusRuntimeException: UNAVAILABLE: io exception
2019-09-24 02:26:46,028 [grpc-default-executor-4] INFO  impl.FollowerInfo (FollowerInfo.java:lambda$new$0(51)) - a2acb7c4-7563-4fb4-bd8c-c1e015953028@group-A3765C17C61C->b7adfa38-f86a-4f02-b078-d72f77d0455e: nextIndex: updateUnconditionally 0 -> 0
2019-09-24 02:26:46,028 [grpc-default-executor-5] INFO  impl.FollowerInfo (FollowerInfo.java:lambda$new$0(51)) - a2acb7c4-7563-4fb4-bd8c-c1e015953028@group-A3765C17C61C->0dad0ba7-2de7-4c7e-bbfc-c35c9aa94a76: nextIndex: updateUnconditionally 0 -> 0
2019-09-24 02:26:46,485 [grpc-default-executor-1] WARN  server.GrpcLogAppender (LogUtils.java:warn(134)) - 1d7c29ff-f782-4e4c-a166-2c7d98aa0a2e@group-BF4A884C52EC->976b4ad9-2763-4348-94fe-da9eb86c31c0-AppendLogResponseHandler: Failed appendEntries: org.apache.ratis.thirdparty.io.grpc.StatusRuntimeException: UNAVAILABLE: io exception
2019-09-24 02:26:46,503 [grpc-default-executor-1] INFO  impl.FollowerInfo (FollowerInfo.java:lambda$new$0(51)) - 1d7c29ff-f782-4e4c-a166-2c7d98aa0a2e@group-BF4A884C52EC->976b4ad9-2763-4348-94fe-da9eb86c31c0: nextIndex: updateUnconditionally 0 -> 0
2019-09-24 02:26:46,509 [main] INFO  ozoneimpl.OzoneContainer (OzoneContainer.java:stop(231)) - Attempting to stop container services.
2019-09-24 02:26:46,509 [ForkJoinPool.commonPool-worker-0] INFO  ozoneimpl.OzoneContainer (OzoneContainer.java:stop(231)) - Attempting to stop container services.
2019-09-24 02:26:46,522 [main] INFO  impl.RaftServerProxy (RaftServerProxy.java:lambda$close$4(314)) - a2acb7c4-7563-4fb4-bd8c-c1e015953028: close
2019-09-24 02:26:46,522 [ForkJoinPool.commonPool-worker-0] INFO  impl.RaftServerProxy (RaftServerProxy.java:lambda$close$4(314)) - 1d7c29ff-f782-4e4c-a166-2c7d98aa0a2e: close
2019-09-24 02:26:46,522 [ForkJoinPool.commonPool-worker-0] INFO  impl.RaftServerImpl (RaftServerImpl.java:lambda$shutdown$3(251)) - 1d7c29ff-f782-4e4c-a166-2c7d98aa0a2e@group-070373756BC0: shutdown
2019-09-24 02:26:46,522 [main] INFO  impl.RaftServerImpl (RaftServerImpl.java:lambda$shutdown$3(251)) - a2acb7c4-7563-4fb4-bd8c-c1e015953028@group-A3765C17C61C: shutdown
2019-09-24 02:26:46,523 [ForkJoinPool.commonPool-worker-0] INFO  util.JmxRegister (JmxRegister.java:unregister(73)) - Successfully un-registered JMX Bean with object name Ratis:service=RaftServer,group=group-070373756BC0,id=1d7c29ff-f782-4e4c-a166-2c7d98aa0a2e
2019-09-24 02:26:46,523 [main] INFO  util.JmxRegister (JmxRegister.java:unregister(73)) - Successfully un-registered JMX Bean with object name Ratis:service=RaftServer,group=group-A3765C17C61C,id=a2acb7c4-7563-4fb4-bd8c-c1e015953028
2019-09-24 02:26:46,524 [ForkJoinPool.commonPool-worker-0] INFO  impl.RoleInfo (RoleInfo.java:shutdownLeaderState(104)) - 1d7c29ff-f782-4e4c-a166-2c7d98aa0a2e: shutdown LeaderState
2019-09-24 02:26:46,524 [main] INFO  impl.RoleInfo (RoleInfo.java:shutdownLeaderState(104)) - a2acb7c4-7563-4fb4-bd8c-c1e015953028: shutdown LeaderState
2019-09-24 02:26:46,525 [ForkJoinPool.commonPool-worker-0] INFO  impl.PendingRequests (PendingRequests.java:sendNotLeaderResponses(202)) - 1d7c29ff-f782-4e4c-a166-2c7d98aa0a2e-PendingRequests: sendNotLeaderResponses
2019-09-24 02:26:46,531 [main] INFO  impl.PendingRequests (PendingRequests.java:sendNotLeaderResponses(202)) - a2acb7c4-7563-4fb4-bd8c-c1e015953028-PendingRequests: sendNotLeaderResponses
2019-09-24 02:26:46,533 [ForkJoinPool.commonPool-worker-0] INFO  impl.StateMachineUpdater (StateMachineUpdater.java:stopAndJoin(125)) - 1d7c29ff-f782-4e4c-a166-2c7d98aa0a2e@group-070373756BC0-StateMachineUpdater: set stopIndex = 0
2019-09-24 02:26:46,534 [main] INFO  impl.StateMachineUpdater (StateMachineUpdater.java:stopAndJoin(125)) - a2acb7c4-7563-4fb4-bd8c-c1e015953028@group-A3765C17C61C-StateMachineUpdater: set stopIndex = 2
2019-09-24 02:26:46,535 [main] INFO  impl.RaftServerImpl (ServerState.java:close(385)) - a2acb7c4-7563-4fb4-bd8c-c1e015953028@group-A3765C17C61C: closes. applyIndex: 2
2019-09-24 02:26:46,534 [ForkJoinPool.commonPool-worker-0] INFO  impl.RaftServerImpl (ServerState.java:close(385)) - 1d7c29ff-f782-4e4c-a166-2c7d98aa0a2e@group-070373756BC0: closes. applyIndex: 0
2019-09-24 02:26:46,535 [a2acb7c4-7563-4fb4-bd8c-c1e015953028@group-A3765C17C61C-SegmentedRaftLogWorker] INFO  segmented.SegmentedRaftLogWorker (SegmentedRaftLogWorker.java:run(313)) - a2acb7c4-7563-4fb4-bd8c-c1e015953028@group-A3765C17C61C-SegmentedRaftLogWorker was interrupted, exiting. There are 0 tasks remaining in the queue.
2019-09-24 02:26:46,536 [org.apache.ratis.server.impl.LogAppender$AppenderDaemon$$Lambda$430/2026899056@6ab2c4b1] ERROR impl.LogAppender (LogAppender.java:run(86)) - a2acb7c4-7563-4fb4-bd8c-c1e015953028@group-A3765C17C61C->b7adfa38-f86a-4f02-b078-d72f77d0455e-GrpcLogAppender-AppenderDaemon unexpected exception
java.lang.IllegalArgumentException: a2acb7c4-7563-4fb4-bd8c-c1e015953028@group-A3765C17C61C-SegmentedRaftLog is expected to be opened but it is CLOSED
	at org.apache.ratis.util.OpenCloseState.assertOpen(OpenCloseState.java:63)
	at org.apache.ratis.server.raftlog.RaftLog.checkLogState(RaftLog.java:102)
	at org.apache.ratis.server.raftlog.segmented.SegmentedRaftLog.getLastEntryTermIndex(SegmentedRaftLog.java:324)
	at org.apache.ratis.server.raftlog.RaftLog.getNextIndex(RaftLog.java:148)
	at org.apache.ratis.server.impl.LogAppender.shouldAppendEntries(LogAppender.java:544)
	at org.apache.ratis.server.impl.LogAppender.shouldSendRequest(LogAppender.java:540)
	at org.apache.ratis.grpc.server.GrpcLogAppender.shouldSendRequest(GrpcLogAppender.java:150)
	at org.apache.ratis.grpc.server.GrpcLogAppender.getWaitTimeMs(GrpcLogAppender.java:123)
	at org.apache.ratis.grpc.server.GrpcLogAppender.mayWait(GrpcLogAppender.java:133)
	at org.apache.ratis.grpc.server.GrpcLogAppender.runAppenderImpl(GrpcLogAppender.java:95)
	at org.apache.ratis.server.impl.LogAppender$AppenderDaemon.run(LogAppender.java:76)
	at java.lang.Thread.run(Thread.java:748)
Caused by: org.apache.ratis.util.OpenCloseState$CloseTrace: Close a2acb7c4-7563-4fb4-bd8c-c1e015953028@group-A3765C17C61C-SegmentedRaftLog
	at org.apache.ratis.util.OpenCloseState.lambda$close$1(OpenCloseState.java:109)
	at java.util.concurrent.atomic.AtomicReference.getAndUpdate(AtomicReference.java:160)
	at org.apache.ratis.util.OpenCloseState.close(OpenCloseState.java:109)
	at org.apache.ratis.server.raftlog.RaftLog.close(RaftLog.java:437)
	at org.apache.ratis.server.raftlog.segmented.SegmentedRaftLog.close(SegmentedRaftLog.java:476)
	at org.apache.ratis.server.impl.ServerState.close(ServerState.java:387)
	at org.apache.ratis.server.impl.RaftServerImpl.lambda$shutdown$3(RaftServerImpl.java:273)
	at org.apache.ratis.util.LifeCycle.lambda$checkStateAndClose$2(LifeCycle.java:231)
	at org.apache.ratis.util.LifeCycle.checkStateAndClose(LifeCycle.java:251)
	at org.apache.ratis.util.LifeCycle.checkStateAndClose(LifeCycle.java:229)
	at org.apache.ratis.server.impl.RaftServerImpl.shutdown(RaftServerImpl.java:250)
	at org.apache.ratis.server.impl.RaftServerProxy$ImplMap.lambda$close$0(RaftServerProxy.java:107)
	at java.util.stream.ForEachOps$ForEachOp$OfRef.accept(ForEachOps.java:184)
	at java.util.stream.ReferencePipeline$3$1.accept(ReferencePipeline.java:193)
	at java.util.concurrent.ConcurrentHashMap$ValueSpliterator.forEachRemaining(ConcurrentHashMap.java:3566)
	at java.util.stream.AbstractPipeline.copyInto(AbstractPipeline.java:482)
	at java.util.stream.ForEachOps$ForEachTask.compute(ForEachOps.java:291)
	at java.util.concurrent.CountedCompleter.exec(CountedCompleter.java:731)
	at java.util.concurrent.ForkJoinTask.doExec(ForkJoinTask.java:289)
	at java.util.concurrent.ForkJoinTask.doInvoke(ForkJoinTask.java:401)
	at java.util.concurrent.ForkJoinTask.invoke(ForkJoinTask.java:734)
	at java.util.stream.ForEachOps$ForEachOp.evaluateParallel(ForEachOps.java:160)
	at java.util.stream.ForEachOps$ForEachOp$OfRef.evaluateParallel(ForEachOps.java:174)
	at java.util.stream.AbstractPipeline.evaluate(AbstractPipeline.java:233)
	at java.util.stream.ReferencePipeline.forEach(ReferencePipeline.java:418)
	at org.apache.ratis.server.impl.RaftServerProxy$ImplMap.close(RaftServerProxy.java:107)
	at org.apache.ratis.server.impl.RaftServerProxy.lambda$close$4(RaftServerProxy.java:315)
	at org.apache.ratis.util.LifeCycle.lambda$checkStateAndClose$2(LifeCycle.java:231)
	at org.apache.ratis.util.LifeCycle.checkStateAndClose(LifeCycle.java:251)
	at org.apache.ratis.util.LifeCycle.checkStateAndClose(LifeCycle.java:229)
	at org.apache.ratis.server.impl.RaftServerProxy.close(RaftServerProxy.java:313)
	at org.apache.hadoop.ozone.container.common.transport.server.ratis.XceiverServerRatis.stop(XceiverServerRatis.java:441)
	at org.apache.hadoop.ozone.container.ozoneimpl.OzoneContainer.stop(OzoneContainer.java:233)
	at org.apache.hadoop.ozone.container.common.statemachine.DatanodeStateMachine.close(DatanodeStateMachine.java:270)
	at org.apache.hadoop.ozone.container.common.statemachine.DatanodeStateMachine.stopDaemon(DatanodeStateMachine.java:394)
	at org.apache.hadoop.ozone.HddsDatanodeService.stop(HddsDatanodeService.java:457)
	at org.apache.hadoop.ozone.MiniOzoneClusterImpl.stopDatanode(MiniOzoneClusterImpl.java:385)
	at java.util.stream.ForEachOps$ForEachOp$OfRef.accept(ForEachOps.java:184)
	at java.util.ArrayList$ArrayListSpliterator.forEachRemaining(ArrayList.java:1382)
	at java.util.stream.AbstractPipeline.copyInto(AbstractPipeline.java:482)
	at java.util.stream.ForEachOps$ForEachTask.compute(ForEachOps.java:291)
	at java.util.concurrent.CountedCompleter.exec(CountedCompleter.java:731)
	at java.util.concurrent.ForkJoinTask.doExec(ForkJoinTask.java:289)
	at java.util.concurrent.ForkJoinPool.helpComplete(ForkJoinPool.java:1870)
	at java.util.concurrent.ForkJoinPool.externalHelpComplete(ForkJoinPool.java:2467)
	at java.util.concurrent.ForkJoinTask.externalAwaitDone(ForkJoinTask.java:324)
	at java.util.concurrent.ForkJoinTask.doInvoke(ForkJoinTask.java:405)
	at java.util.concurrent.ForkJoinTask.invoke(ForkJoinTask.java:734)
	at java.util.stream.ForEachOps$ForEachOp.evaluateParallel(ForEachOps.java:160)
	at java.util.stream.ForEachOps$ForEachOp$OfRef.evaluateParallel(ForEachOps.java:174)
	at java.util.stream.AbstractPipeline.evaluate(AbstractPipeline.java:233)
	at java.util.stream.ReferencePipeline.forEach(ReferencePipeline.java:418)
	at java.util.stream.ReferencePipeline$Head.forEach(ReferencePipeline.java:583)
	at org.apache.hadoop.ozone.MiniOzoneClusterImpl.stopDatanodes(MiniOzoneClusterImpl.java:379)
	at org.apache.hadoop.ozone.MiniOzoneClusterImpl.stop(MiniOzoneClusterImpl.java:332)
	at org.apache.hadoop.ozone.MiniOzoneClusterImpl.shutdown(MiniOzoneClusterImpl.java:319)
	at org.apache.hadoop.ozone.client.rpc.TestFailureHandlingByClient.shutdown(TestFailureHandlingByClient.java:130)
	at sun.reflect.NativeMethodAccessorImpl.invoke0(Native Method)
	at sun.reflect.NativeMethodAccessorImpl.invoke(NativeMethodAccessorImpl.java:62)
	at sun.reflect.DelegatingMethodAccessorImpl.invoke(DelegatingMethodAccessorImpl.java:43)
	at java.lang.reflect.Method.invoke(Method.java:498)
	at org.junit.runners.model.FrameworkMethod$1.runReflectiveCall(FrameworkMethod.java:47)
	at org.junit.internal.runners.model.ReflectiveCallable.run(ReflectiveCallable.java:12)
	at org.junit.runners.model.FrameworkMethod.invokeExplosively(FrameworkMethod.java:44)
	at org.junit.internal.runners.statements.RunAfters.evaluate(RunAfters.java:33)
	at org.junit.runners.ParentRunner.runLeaf(ParentRunner.java:271)
	at org.junit.runners.BlockJUnit4ClassRunner.runChild(BlockJUnit4ClassRunner.java:70)
	at org.junit.runners.BlockJUnit4ClassRunner.runChild(BlockJUnit4ClassRunner.java:50)
	at org.junit.runners.ParentRunner$3.run(ParentRunner.java:238)
	at org.junit.runners.ParentRunner$1.schedule(ParentRunner.java:63)
	at org.junit.runners.ParentRunner.runChildren(ParentRunner.java:236)
	at org.junit.runners.ParentRunner.access$000(ParentRunner.java:53)
	at org.junit.runners.ParentRunner$2.evaluate(ParentRunner.java:229)
	at org.junit.runners.ParentRunner.run(ParentRunner.java:309)
	at org.apache.maven.surefire.junit4.JUnit4Provider.execute(JUnit4Provider.java:365)
	at org.apache.maven.surefire.junit4.JUnit4Provider.executeWithRerun(JUnit4Provider.java:273)
	at org.apache.maven.surefire.junit4.JUnit4Provider.executeTestSet(JUnit4Provider.java:238)
	at org.apache.maven.surefire.junit4.JUnit4Provider.invoke(JUnit4Provider.java:159)
	at org.apache.maven.surefire.booter.ForkedBooter.invokeProviderInSameClassLoader(ForkedBooter.java:384)
	at org.apache.maven.surefire.booter.ForkedBooter.runSuitesInProcess(ForkedBooter.java:345)
	at org.apache.maven.surefire.booter.ForkedBooter.execute(ForkedBooter.java:126)
	at org.apache.maven.surefire.booter.ForkedBooter.main(ForkedBooter.java:418)
2019-09-24 02:26:46,540 [grpc-default-executor-2] INFO  server.GrpcLogAppender (GrpcLogAppender.java:onError(282)) - a2acb7c4-7563-4fb4-bd8c-c1e015953028@group-A3765C17C61C->0dad0ba7-2de7-4c7e-bbfc-c35c9aa94a76-GrpcLogAppender is stopped
2019-09-24 02:26:46,540 [grpc-default-executor-4] INFO  server.GrpcLogAppender (GrpcLogAppender.java:onError(282)) - a2acb7c4-7563-4fb4-bd8c-c1e015953028@group-A3765C17C61C->b7adfa38-f86a-4f02-b078-d72f77d0455e-GrpcLogAppender is stopped
2019-09-24 02:26:46,537 [main] INFO  segmented.SegmentedRaftLogWorker (SegmentedRaftLogWorker.java:close(228)) - a2acb7c4-7563-4fb4-bd8c-c1e015953028@group-A3765C17C61C-SegmentedRaftLogWorker close()
2019-09-24 02:26:46,537 [1d7c29ff-f782-4e4c-a166-2c7d98aa0a2e@group-070373756BC0-SegmentedRaftLogWorker] INFO  segmented.SegmentedRaftLogWorker (SegmentedRaftLogWorker.java:run(313)) - 1d7c29ff-f782-4e4c-a166-2c7d98aa0a2e@group-070373756BC0-SegmentedRaftLogWorker was interrupted, exiting. There are 0 tasks remaining in the queue.
2019-09-24 02:26:46,536 [org.apache.ratis.server.impl.LogAppender$AppenderDaemon$$Lambda$430/2026899056@7ab4815a] ERROR impl.LogAppender (LogAppender.java:run(86)) - a2acb7c4-7563-4fb4-bd8c-c1e015953028@group-A3765C17C61C->0dad0ba7-2de7-4c7e-bbfc-c35c9aa94a76-GrpcLogAppender-AppenderDaemon unexpected exception
java.lang.IllegalArgumentException: a2acb7c4-7563-4fb4-bd8c-c1e015953028@group-A3765C17C61C-SegmentedRaftLog is expected to be opened but it is CLOSED
	at org.apache.ratis.util.OpenCloseState.assertOpen(OpenCloseState.java:63)
	at org.apache.ratis.server.raftlog.RaftLog.checkLogState(RaftLog.java:102)
	at org.apache.ratis.server.raftlog.segmented.SegmentedRaftLog.getLastEntryTermIndex(SegmentedRaftLog.java:324)
	at org.apache.ratis.server.raftlog.RaftLog.getNextIndex(RaftLog.java:148)
	at org.apache.ratis.server.impl.LogAppender.shouldAppendEntries(LogAppender.java:544)
	at org.apache.ratis.server.impl.LogAppender.shouldSendRequest(LogAppender.java:540)
	at org.apache.ratis.grpc.server.GrpcLogAppender.shouldSendRequest(GrpcLogAppender.java:150)
	at org.apache.ratis.grpc.server.GrpcLogAppender.getWaitTimeMs(GrpcLogAppender.java:123)
	at org.apache.ratis.grpc.server.GrpcLogAppender.mayWait(GrpcLogAppender.java:133)
	at org.apache.ratis.grpc.server.GrpcLogAppender.runAppenderImpl(GrpcLogAppender.java:95)
	at org.apache.ratis.server.impl.LogAppender$AppenderDaemon.run(LogAppender.java:76)
	at java.lang.Thread.run(Thread.java:748)
Caused by: org.apache.ratis.util.OpenCloseState$CloseTrace: Close a2acb7c4-7563-4fb4-bd8c-c1e015953028@group-A3765C17C61C-SegmentedRaftLog
	at org.apache.ratis.util.OpenCloseState.lambda$close$1(OpenCloseState.java:109)
	at java.util.concurrent.atomic.AtomicReference.getAndUpdate(AtomicReference.java:160)
	at org.apache.ratis.util.OpenCloseState.close(OpenCloseState.java:109)
	at org.apache.ratis.server.raftlog.RaftLog.close(RaftLog.java:437)
	at org.apache.ratis.server.raftlog.segmented.SegmentedRaftLog.close(SegmentedRaftLog.java:476)
	at org.apache.ratis.server.impl.ServerState.close(ServerState.java:387)
	at org.apache.ratis.server.impl.RaftServerImpl.lambda$shutdown$3(RaftServerImpl.java:273)
	at org.apache.ratis.util.LifeCycle.lambda$checkStateAndClose$2(LifeCycle.java:231)
	at org.apache.ratis.util.LifeCycle.checkStateAndClose(LifeCycle.java:251)
	at org.apache.ratis.util.LifeCycle.checkStateAndClose(LifeCycle.java:229)
	at org.apache.ratis.server.impl.RaftServerImpl.shutdown(RaftServerImpl.java:250)
	at org.apache.ratis.server.impl.RaftServerProxy$ImplMap.lambda$close$0(RaftServerProxy.java:107)
	at java.util.stream.ForEachOps$ForEachOp$OfRef.accept(ForEachOps.java:184)
	at java.util.stream.ReferencePipeline$3$1.accept(ReferencePipeline.java:193)
	at java.util.concurrent.ConcurrentHashMap$ValueSpliterator.forEachRemaining(ConcurrentHashMap.java:3566)
	at java.util.stream.AbstractPipeline.copyInto(AbstractPipeline.java:482)
	at java.util.stream.ForEachOps$ForEachTask.compute(ForEachOps.java:291)
	at java.util.concurrent.CountedCompleter.exec(CountedCompleter.java:731)
	at java.util.concurrent.ForkJoinTask.doExec(ForkJoinTask.java:289)
	at java.util.concurrent.ForkJoinTask.doInvoke(ForkJoinTask.java:401)
	at java.util.concurrent.ForkJoinTask.invoke(ForkJoinTask.java:734)
	at java.util.stream.ForEachOps$ForEachOp.evaluateParallel(ForEachOps.java:160)
	at java.util.stream.ForEachOps$ForEachOp$OfRef.evaluateParallel(ForEachOps.java:174)
	at java.util.stream.AbstractPipeline.evaluate(AbstractPipeline.java:233)
	at java.util.stream.ReferencePipeline.forEach(ReferencePipeline.java:418)
	at org.apache.ratis.server.impl.RaftServerProxy$ImplMap.close(RaftServerProxy.java:107)
	at org.apache.ratis.server.impl.RaftServerProxy.lambda$close$4(RaftServerProxy.java:315)
	at org.apache.ratis.util.LifeCycle.lambda$checkStateAndClose$2(LifeCycle.java:231)
	at org.apache.ratis.util.LifeCycle.checkStateAndClose(LifeCycle.java:251)
	at org.apache.ratis.util.LifeCycle.checkStateAndClose(LifeCycle.java:229)
	at org.apache.ratis.server.impl.RaftServerProxy.close(RaftServerProxy.java:313)
	at org.apache.hadoop.ozone.container.common.transport.server.ratis.XceiverServerRatis.stop(XceiverServerRatis.java:441)
	at org.apache.hadoop.ozone.container.ozoneimpl.OzoneContainer.stop(OzoneContainer.java:233)
	at org.apache.hadoop.ozone.container.common.statemachine.DatanodeStateMachine.close(DatanodeStateMachine.java:270)
	at org.apache.hadoop.ozone.container.common.statemachine.DatanodeStateMachine.stopDaemon(DatanodeStateMachine.java:394)
	at org.apache.hadoop.ozone.HddsDatanodeService.stop(HddsDatanodeService.java:457)
	at org.apache.hadoop.ozone.MiniOzoneClusterImpl.stopDatanode(MiniOzoneClusterImpl.java:385)
	at java.util.stream.ForEachOps$ForEachOp$OfRef.accept(ForEachOps.java:184)
	at java.util.ArrayList$ArrayListSpliterator.forEachRemaining(ArrayList.java:1382)
	at java.util.stream.AbstractPipeline.copyInto(AbstractPipeline.java:482)
	at java.util.stream.ForEachOps$ForEachTask.compute(ForEachOps.java:291)
	at java.util.concurrent.CountedCompleter.exec(CountedCompleter.java:731)
	at java.util.concurrent.ForkJoinTask.doExec(ForkJoinTask.java:289)
	at java.util.concurrent.ForkJoinPool.helpComplete(ForkJoinPool.java:1870)
	at java.util.concurrent.ForkJoinPool.externalHelpComplete(ForkJoinPool.java:2467)
	at java.util.concurrent.ForkJoinTask.externalAwaitDone(ForkJoinTask.java:324)
	at java.util.concurrent.ForkJoinTask.doInvoke(ForkJoinTask.java:405)
	at java.util.concurrent.ForkJoinTask.invoke(ForkJoinTask.java:734)
	at java.util.stream.ForEachOps$ForEachOp.evaluateParallel(ForEachOps.java:160)
	at java.util.stream.ForEachOps$ForEachOp$OfRef.evaluateParallel(ForEachOps.java:174)
	at java.util.stream.AbstractPipeline.evaluate(AbstractPipeline.java:233)
	at java.util.stream.ReferencePipeline.forEach(ReferencePipeline.java:418)
	at java.util.stream.ReferencePipeline$Head.forEach(ReferencePipeline.java:583)
	at org.apache.hadoop.ozone.MiniOzoneClusterImpl.stopDatanodes(MiniOzoneClusterImpl.java:379)
	at org.apache.hadoop.ozone.MiniOzoneClusterImpl.stop(MiniOzoneClusterImpl.java:332)
	at org.apache.hadoop.ozone.MiniOzoneClusterImpl.shutdown(MiniOzoneClusterImpl.java:319)
	at org.apache.hadoop.ozone.client.rpc.TestFailureHandlingByClient.shutdown(TestFailureHandlingByClient.java:130)
	at sun.reflect.NativeMethodAccessorImpl.invoke0(Native Method)
	at sun.reflect.NativeMethodAccessorImpl.invoke(NativeMethodAccessorImpl.java:62)
	at sun.reflect.DelegatingMethodAccessorImpl.invoke(DelegatingMethodAccessorImpl.java:43)
	at java.lang.reflect.Method.invoke(Method.java:498)
	at org.junit.runners.model.FrameworkMethod$1.runReflectiveCall(FrameworkMethod.java:47)
	at org.junit.internal.runners.model.ReflectiveCallable.run(ReflectiveCallable.java:12)
	at org.junit.runners.model.FrameworkMethod.invokeExplosively(FrameworkMethod.java:44)
	at org.junit.internal.runners.statements.RunAfters.evaluate(RunAfters.java:33)
	at org.junit.runners.ParentRunner.runLeaf(ParentRunner.java:271)
	at org.junit.runners.BlockJUnit4ClassRunner.runChild(BlockJUnit4ClassRunner.java:70)
	at org.junit.runners.BlockJUnit4ClassRunner.runChild(BlockJUnit4ClassRunner.java:50)
	at org.junit.runners.ParentRunner$3.run(ParentRunner.java:238)
	at org.junit.runners.ParentRunner$1.schedule(ParentRunner.java:63)
	at org.junit.runners.ParentRunner.runChildren(ParentRunner.java:236)
	at org.junit.runners.ParentRunner.access$000(ParentRunner.java:53)
	at org.junit.runners.ParentRunner$2.evaluate(ParentRunner.java:229)
	at org.junit.runners.ParentRunner.run(ParentRunner.java:309)
	at org.apache.maven.surefire.junit4.JUnit4Provider.execute(JUnit4Provider.java:365)
	at org.apache.maven.surefire.junit4.JUnit4Provider.executeWithRerun(JUnit4Provider.java:273)
	at org.apache.maven.surefire.junit4.JUnit4Provider.executeTestSet(JUnit4Provider.java:238)
	at org.apache.maven.surefire.junit4.JUnit4Provider.invoke(JUnit4Provider.java:159)
	at org.apache.maven.surefire.booter.ForkedBooter.invokeProviderInSameClassLoader(ForkedBooter.java:384)
	at org.apache.maven.surefire.booter.ForkedBooter.runSuitesInProcess(ForkedBooter.java:345)
	at org.apache.maven.surefire.booter.ForkedBooter.execute(ForkedBooter.java:126)
	at org.apache.maven.surefire.booter.ForkedBooter.main(ForkedBooter.java:418)
2019-09-24 02:26:46,541 [ForkJoinPool.commonPool-worker-0] INFO  segmented.SegmentedRaftLogWorker (SegmentedRaftLogWorker.java:close(228)) - 1d7c29ff-f782-4e4c-a166-2c7d98aa0a2e@group-070373756BC0-SegmentedRaftLogWorker close()
2019-09-24 02:26:46,541 [main] INFO  impl.RaftServerImpl (RaftServerImpl.java:lambda$shutdown$3(251)) - a2acb7c4-7563-4fb4-bd8c-c1e015953028@group-6C638B5F63A2: shutdown
2019-09-24 02:26:46,540 [org.apache.ratis.server.impl.LogAppender$AppenderDaemon$$Lambda$430/2026899056@6ab2c4b1] INFO  impl.RaftServerImpl (LeaderState.java:restartSender(398)) - a2acb7c4-7563-4fb4-bd8c-c1e015953028: Restarting GrpcLogAppender for a2acb7c4-7563-4fb4-bd8c-c1e015953028@group-A3765C17C61C->b7adfa38-f86a-4f02-b078-d72f77d0455e
2019-09-24 02:26:46,544 [main] INFO  util.JmxRegister (JmxRegister.java:unregister(73)) - Successfully un-registered JMX Bean with object name Ratis:service=RaftServer,group=group-6C638B5F63A2,id=a2acb7c4-7563-4fb4-bd8c-c1e015953028
2019-09-24 02:26:46,544 [main] INFO  impl.RoleInfo (RoleInfo.java:shutdownLeaderState(104)) - a2acb7c4-7563-4fb4-bd8c-c1e015953028: shutdown LeaderState
2019-09-24 02:26:46,543 [ForkJoinPool.commonPool-worker-0] INFO  impl.RaftServerImpl (RaftServerImpl.java:lambda$shutdown$3(251)) - 1d7c29ff-f782-4e4c-a166-2c7d98aa0a2e@group-BF4A884C52EC: shutdown
2019-09-24 02:26:46,543 [org.apache.ratis.server.impl.LogAppender$AppenderDaemon$$Lambda$430/2026899056@7ab4815a] INFO  impl.RaftServerImpl (LeaderState.java:restartSender(398)) - a2acb7c4-7563-4fb4-bd8c-c1e015953028: Restarting GrpcLogAppender for a2acb7c4-7563-4fb4-bd8c-c1e015953028@group-A3765C17C61C->0dad0ba7-2de7-4c7e-bbfc-c35c9aa94a76
2019-09-24 02:26:46,545 [ForkJoinPool.commonPool-worker-0] INFO  util.JmxRegister (JmxRegister.java:unregister(73)) - Successfully un-registered JMX Bean with object name Ratis:service=RaftServer,group=group-BF4A884C52EC,id=1d7c29ff-f782-4e4c-a166-2c7d98aa0a2e
2019-09-24 02:26:46,545 [ForkJoinPool.commonPool-worker-0] INFO  impl.RoleInfo (RoleInfo.java:shutdownLeaderState(104)) - 1d7c29ff-f782-4e4c-a166-2c7d98aa0a2e: shutdown LeaderState
2019-09-24 02:26:46,545 [main] INFO  impl.PendingRequests (PendingRequests.java:sendNotLeaderResponses(202)) - a2acb7c4-7563-4fb4-bd8c-c1e015953028-PendingRequests: sendNotLeaderResponses
2019-09-24 02:26:46,546 [org.apache.ratis.server.impl.LogAppender$AppenderDaemon$$Lambda$430/2026899056@7080a40d] WARN  server.GrpcLogAppender (GrpcLogAppender.java:mayWait(143)) - 1d7c29ff-f782-4e4c-a166-2c7d98aa0a2e@group-BF4A884C52EC->976b4ad9-2763-4348-94fe-da9eb86c31c0-GrpcLogAppender: Wait interrupted by java.lang.InterruptedException
2019-09-24 02:26:46,546 [org.apache.ratis.server.impl.LogAppender$AppenderDaemon$$Lambda$430/2026899056@443d1cfb] WARN  server.GrpcLogAppender (GrpcLogAppender.java:mayWait(143)) - 1d7c29ff-f782-4e4c-a166-2c7d98aa0a2e@group-BF4A884C52EC->c4751e07-4727-4633-be79-0e5d9146c54d-GrpcLogAppender: Wait interrupted by java.lang.InterruptedException
2019-09-24 02:26:46,546 [ForkJoinPool.commonPool-worker-0] INFO  impl.PendingRequests (PendingRequests.java:sendNotLeaderResponses(202)) - 1d7c29ff-f782-4e4c-a166-2c7d98aa0a2e-PendingRequests: sendNotLeaderResponses
2019-09-24 02:26:46,546 [main] INFO  impl.StateMachineUpdater (StateMachineUpdater.java:stopAndJoin(125)) - a2acb7c4-7563-4fb4-bd8c-c1e015953028@group-6C638B5F63A2-StateMachineUpdater: set stopIndex = 0
2019-09-24 02:26:46,547 [ForkJoinPool.commonPool-worker-0] INFO  impl.StateMachineUpdater (StateMachineUpdater.java:stopAndJoin(125)) - 1d7c29ff-f782-4e4c-a166-2c7d98aa0a2e@group-BF4A884C52EC-StateMachineUpdater: set stopIndex = 0
2019-09-24 02:26:46,548 [grpc-default-executor-4] INFO  server.GrpcServerProtocolService (GrpcServerProtocolService.java:onCompleted(113)) - c4751e07-4727-4633-be79-0e5d9146c54d: Completed APPEND_ENTRIES, lastRequest: 1d7c29ff-f782-4e4c-a166-2c7d98aa0a2e->c4751e07-4727-4633-be79-0e5d9146c54d#259-t2, previous=(t:2, i:0), leaderCommit=0, initializing? false, entries: <empty>
2019-09-24 02:26:46,548 [main] INFO  impl.RaftServerImpl (ServerState.java:close(385)) - a2acb7c4-7563-4fb4-bd8c-c1e015953028@group-6C638B5F63A2: closes. applyIndex: 0
2019-09-24 02:26:46,548 [ForkJoinPool.commonPool-worker-0] INFO  impl.RaftServerImpl (ServerState.java:close(385)) - 1d7c29ff-f782-4e4c-a166-2c7d98aa0a2e@group-BF4A884C52EC: closes. applyIndex: 0
2019-09-24 02:26:46,549 [a2acb7c4-7563-4fb4-bd8c-c1e015953028@group-6C638B5F63A2-SegmentedRaftLogWorker] INFO  segmented.SegmentedRaftLogWorker (SegmentedRaftLogWorker.java:run(313)) - a2acb7c4-7563-4fb4-bd8c-c1e015953028@group-6C638B5F63A2-SegmentedRaftLogWorker was interrupted, exiting. There are 0 tasks remaining in the queue.
2019-09-24 02:26:46,549 [1d7c29ff-f782-4e4c-a166-2c7d98aa0a2e@group-BF4A884C52EC-SegmentedRaftLogWorker] INFO  segmented.SegmentedRaftLogWorker (SegmentedRaftLogWorker.java:run(313)) - 1d7c29ff-f782-4e4c-a166-2c7d98aa0a2e@group-BF4A884C52EC-SegmentedRaftLogWorker was interrupted, exiting. There are 0 tasks remaining in the queue.
2019-09-24 02:26:46,549 [main] INFO  segmented.SegmentedRaftLogWorker (SegmentedRaftLogWorker.java:close(228)) - a2acb7c4-7563-4fb4-bd8c-c1e015953028@group-6C638B5F63A2-SegmentedRaftLogWorker close()
2019-09-24 02:26:46,549 [ForkJoinPool.commonPool-worker-0] INFO  segmented.SegmentedRaftLogWorker (SegmentedRaftLogWorker.java:close(228)) - 1d7c29ff-f782-4e4c-a166-2c7d98aa0a2e@group-BF4A884C52EC-SegmentedRaftLogWorker close()
2019-09-24 02:26:46,549 [grpc-default-executor-4] INFO  server.GrpcLogAppender (GrpcLogAppender.java:onCompleted(293)) - 1d7c29ff-f782-4e4c-a166-2c7d98aa0a2e@group-BF4A884C52EC->c4751e07-4727-4633-be79-0e5d9146c54d-AppendLogResponseHandler: follower responses appendEntries COMPLETED
2019-09-24 02:26:46,551 [ForkJoinPool.commonPool-worker-0] INFO  server.GrpcService (GrpcService.java:closeImpl(164)) - 1d7c29ff-f782-4e4c-a166-2c7d98aa0a2e: shutdown server with port 34209 now
2019-09-24 02:26:46,552 [grpc-default-executor-4] INFO  impl.FollowerInfo (FollowerInfo.java:lambda$new$0(51)) - 1d7c29ff-f782-4e4c-a166-2c7d98aa0a2e@group-BF4A884C52EC->c4751e07-4727-4633-be79-0e5d9146c54d: nextIndex: updateUnconditionally 1 -> 0
2019-09-24 02:26:46,551 [main] INFO  server.GrpcService (GrpcService.java:closeImpl(164)) - a2acb7c4-7563-4fb4-bd8c-c1e015953028: shutdown server with port 37667 now
2019-09-24 02:26:46,552 [ForkJoinPool.commonPool-worker-0] INFO  server.GrpcService (GrpcService.java:closeImpl(172)) - 1d7c29ff-f782-4e4c-a166-2c7d98aa0a2e: shutdown server with port 34209 successfully
2019-09-24 02:26:46,552 [main] INFO  server.GrpcService (GrpcService.java:closeImpl(172)) - a2acb7c4-7563-4fb4-bd8c-c1e015953028: shutdown server with port 37667 successfully
2019-09-24 02:26:46,556 [refreshUsed-/workdir/hadoop-ozone/integration-test/target/test-dir/MiniOzoneClusterImpl-69b5c385-cdb4-4487-be19-c3541ab4b602/datanode-0/data/containers] WARN  fs.CachingGetSpaceUsed (CachingGetSpaceUsed.java:run(183)) - Thread Interrupted waiting to refresh disk information: sleep interrupted
2019-09-24 02:26:46,557 [refreshUsed-/workdir/hadoop-ozone/integration-test/target/test-dir/MiniOzoneClusterImpl-69b5c385-cdb4-4487-be19-c3541ab4b602/datanode-9/data/containers] WARN  fs.CachingGetSpaceUsed (CachingGetSpaceUsed.java:run(183)) - Thread Interrupted waiting to refresh disk information: sleep interrupted
2019-09-24 02:26:46,575 [ForkJoinPool.commonPool-worker-0] INFO  utils.BackgroundService (BackgroundService.java:shutdown(148)) - Shutting down service BlockDeletingService
2019-09-24 02:26:46,578 [ForkJoinPool.commonPool-worker-0] INFO  statemachine.DatanodeStateMachine (DatanodeStateMachine.java:stopDaemon(395)) - Ozone container server stopped.
2019-09-24 02:26:46,580 [main] INFO  utils.BackgroundService (BackgroundService.java:shutdown(148)) - Shutting down service BlockDeletingService
2019-09-24 02:26:46,581 [ForkJoinPool.commonPool-worker-0] INFO  handler.ContextHandler (ContextHandler.java:doStop(910)) - Stopped o.e.j.w.WebAppContext@239f017e{/,null,UNAVAILABLE}{/hddsDatanode}
2019-09-24 02:26:46,589 [main] INFO  statemachine.DatanodeStateMachine (DatanodeStateMachine.java:stopDaemon(395)) - Ozone container server stopped.
2019-09-24 02:26:46,589 [ForkJoinPool.commonPool-worker-0] INFO  server.AbstractConnector (AbstractConnector.java:doStop(318)) - Stopped ServerConnector@38cedb7d{HTTP/1.1,[http/1.1]}{0.0.0.0:0}
2019-09-24 02:26:46,589 [ForkJoinPool.commonPool-worker-0] INFO  handler.ContextHandler (ContextHandler.java:doStop(910)) - Stopped o.e.j.s.ServletContextHandler@74f827ad{/static,jar:file:/home/user/.m2/repository/org/apache/hadoop/hadoop-hdds-container-service/0.5.0-SNAPSHOT/hadoop-hdds-container-service-0.5.0-SNAPSHOT.jar!/webapps/static,UNAVAILABLE}
2019-09-24 02:26:46,590 [ForkJoinPool.commonPool-worker-0] INFO  handler.ContextHandler (ContextHandler.java:doStop(910)) - Stopped o.e.j.s.ServletContextHandler@4a2e7bcb{/logs,file:///workdir/hadoop-ozone/integration-test/target/log,UNAVAILABLE}
2019-09-24 02:26:46,590 [main] INFO  handler.ContextHandler (ContextHandler.java:doStop(910)) - Stopped o.e.j.w.WebAppContext@a6c54c3{/,null,UNAVAILABLE}{/hddsDatanode}
2019-09-24 02:26:46,591 [main] INFO  server.AbstractConnector (AbstractConnector.java:doStop(318)) - Stopped ServerConnector@580fd26b{HTTP/1.1,[http/1.1]}{0.0.0.0:0}
2019-09-24 02:26:46,591 [main] INFO  handler.ContextHandler (ContextHandler.java:doStop(910)) - Stopped o.e.j.s.ServletContextHandler@67b355c8{/static,jar:file:/home/user/.m2/repository/org/apache/hadoop/hadoop-hdds-container-service/0.5.0-SNAPSHOT/hadoop-hdds-container-service-0.5.0-SNAPSHOT.jar!/webapps/static,UNAVAILABLE}
2019-09-24 02:26:46,592 [main] INFO  handler.ContextHandler (ContextHandler.java:doStop(910)) - Stopped o.e.j.s.ServletContextHandler@79f90a3a{/logs,file:///workdir/hadoop-ozone/integration-test/target/log,UNAVAILABLE}
2019-09-24 02:26:46,700 [Datanode State Machine Thread - 0] INFO  statemachine.DatanodeStateMachine (DatanodeStateMachine.java:lambda$startDaemon$0(350)) - Ozone container server started.
2019-09-24 02:26:46,999 [Datanode State Machine Thread - 0] INFO  statemachine.DatanodeStateMachine (DatanodeStateMachine.java:lambda$startDaemon$0(350)) - Ozone container server started.
2019-09-24 02:26:48,158 [Thread-2363] INFO  impl.FollowerState (FollowerState.java:run(106)) - c4751e07-4727-4633-be79-0e5d9146c54d:group-BF4A884C52EC changes to CANDIDATE, lastRpcTime:1635, electionTimeout:1131ms
2019-09-24 02:26:48,158 [Thread-2363] INFO  impl.RoleInfo (RoleInfo.java:shutdownFollowerState(121)) - c4751e07-4727-4633-be79-0e5d9146c54d: shutdown FollowerState
2019-09-24 02:26:48,158 [Thread-2363] INFO  impl.RaftServerImpl (RaftServerImpl.java:setRole(174)) - c4751e07-4727-4633-be79-0e5d9146c54d@group-BF4A884C52EC: changes role from  FOLLOWER to CANDIDATE at term 2 for changeToCandidate
2019-09-24 02:26:48,158 [Thread-2363] INFO  impl.RoleInfo (RoleInfo.java:updateAndGet(143)) - c4751e07-4727-4633-be79-0e5d9146c54d: start LeaderElection
2019-09-24 02:26:48,159 [c4751e07-4727-4633-be79-0e5d9146c54d@group-BF4A884C52EC:LeaderElection60] INFO  impl.RaftServerImpl (ServerState.java:setLeader(253)) - c4751e07-4727-4633-be79-0e5d9146c54d@group-BF4A884C52EC: change Leader from 1d7c29ff-f782-4e4c-a166-2c7d98aa0a2e to null at term 2 for initElection
2019-09-24 02:26:48,174 [c4751e07-4727-4633-be79-0e5d9146c54d@group-BF4A884C52EC:LeaderElection60] INFO  impl.LeaderElection (LeaderElection.java:askForVotes(182)) - c4751e07-4727-4633-be79-0e5d9146c54d@group-BF4A884C52EC:LeaderElection60: begin an election at term 3 for 0: [c4751e07-4727-4633-be79-0e5d9146c54d:192.168.151.121:37596, 1d7c29ff-f782-4e4c-a166-2c7d98aa0a2e:192.168.151.121:34209, 976b4ad9-2763-4348-94fe-da9eb86c31c0:192.168.151.121:36117], old=null
2019-09-24 02:26:48,176 [c4751e07-4727-4633-be79-0e5d9146c54d@group-BF4A884C52EC:LeaderElection60] INFO  impl.LeaderElection (LogUtils.java:infoOrTrace(149)) - c4751e07-4727-4633-be79-0e5d9146c54d@group-BF4A884C52EC:LeaderElection60 got exception when requesting votes: {}
java.util.concurrent.ExecutionException: org.apache.ratis.thirdparty.io.grpc.StatusRuntimeException: UNAVAILABLE: io exception
	at java.util.concurrent.FutureTask.report(FutureTask.java:122)
	at java.util.concurrent.FutureTask.get(FutureTask.java:192)
	at org.apache.ratis.server.impl.LeaderElection.waitForResults(LeaderElection.java:263)
	at org.apache.ratis.server.impl.LeaderElection.askForVotes(LeaderElection.java:201)
	at org.apache.ratis.server.impl.LeaderElection.run(LeaderElection.java:133)
	at java.lang.Thread.run(Thread.java:748)
Caused by: org.apache.ratis.thirdparty.io.grpc.StatusRuntimeException: UNAVAILABLE: io exception
	at org.apache.ratis.thirdparty.io.grpc.stub.ClientCalls.toStatusRuntimeException(ClientCalls.java:233)
	at org.apache.ratis.thirdparty.io.grpc.stub.ClientCalls.getUnchecked(ClientCalls.java:214)
	at org.apache.ratis.thirdparty.io.grpc.stub.ClientCalls.blockingUnaryCall(ClientCalls.java:139)
	at org.apache.ratis.proto.grpc.RaftServerProtocolServiceGrpc$RaftServerProtocolServiceBlockingStub.requestVote(RaftServerProtocolServiceGrpc.java:265)
	at org.apache.ratis.grpc.server.GrpcServerProtocolClient.requestVote(GrpcServerProtocolClient.java:90)
	at org.apache.ratis.grpc.server.GrpcService.requestVote(GrpcService.java:204)
	at org.apache.ratis.server.impl.LeaderElection.lambda$submitRequests$1(LeaderElection.java:238)
	at java.util.concurrent.FutureTask.run(FutureTask.java:266)
	at java.util.concurrent.Executors$RunnableAdapter.call(Executors.java:511)
	at java.util.concurrent.FutureTask.run(FutureTask.java:266)
	at java.util.concurrent.ThreadPoolExecutor.runWorker(ThreadPoolExecutor.java:1149)
	at java.util.concurrent.ThreadPoolExecutor$Worker.run(ThreadPoolExecutor.java:624)
	... 1 more
Caused by: org.apache.ratis.thirdparty.io.netty.channel.AbstractChannel$AnnotatedConnectException: Connection refused: /192.168.151.121:34209
	at sun.nio.ch.SocketChannelImpl.checkConnect(Native Method)
	at sun.nio.ch.SocketChannelImpl.finishConnect(SocketChannelImpl.java:717)
	at org.apache.ratis.thirdparty.io.netty.channel.socket.nio.NioSocketChannel.doFinishConnect(NioSocketChannel.java:327)
	at org.apache.ratis.thirdparty.io.netty.channel.nio.AbstractNioChannel$AbstractNioUnsafe.finishConnect(AbstractNioChannel.java:340)
	at org.apache.ratis.thirdparty.io.netty.channel.nio.NioEventLoop.processSelectedKey(NioEventLoop.java:632)
	at org.apache.ratis.thirdparty.io.netty.channel.nio.NioEventLoop.processSelectedKeysOptimized(NioEventLoop.java:579)
	at org.apache.ratis.thirdparty.io.netty.channel.nio.NioEventLoop.processSelectedKeys(NioEventLoop.java:496)
	at org.apache.ratis.thirdparty.io.netty.channel.nio.NioEventLoop.run(NioEventLoop.java:458)
	at org.apache.ratis.thirdparty.io.netty.util.concurrent.SingleThreadEventExecutor$5.run(SingleThreadEventExecutor.java:897)
	at org.apache.ratis.thirdparty.io.netty.util.concurrent.FastThreadLocalRunnable.run(FastThreadLocalRunnable.java:30)
	... 1 more
Caused by: java.net.ConnectException: Connection refused
	... 11 more
2019-09-24 02:26:48,179 [c4751e07-4727-4633-be79-0e5d9146c54d@group-BF4A884C52EC:LeaderElection60] INFO  impl.LeaderElection (LogUtils.java:infoOrTrace(149)) - c4751e07-4727-4633-be79-0e5d9146c54d@group-BF4A884C52EC:LeaderElection60 got exception when requesting votes: {}
java.util.concurrent.ExecutionException: org.apache.ratis.thirdparty.io.grpc.StatusRuntimeException: UNAVAILABLE: io exception
	at java.util.concurrent.FutureTask.report(FutureTask.java:122)
	at java.util.concurrent.FutureTask.get(FutureTask.java:192)
	at org.apache.ratis.server.impl.LeaderElection.waitForResults(LeaderElection.java:263)
	at org.apache.ratis.server.impl.LeaderElection.askForVotes(LeaderElection.java:201)
	at org.apache.ratis.server.impl.LeaderElection.run(LeaderElection.java:133)
	at java.lang.Thread.run(Thread.java:748)
Caused by: org.apache.ratis.thirdparty.io.grpc.StatusRuntimeException: UNAVAILABLE: io exception
	at org.apache.ratis.thirdparty.io.grpc.stub.ClientCalls.toStatusRuntimeException(ClientCalls.java:233)
	at org.apache.ratis.thirdparty.io.grpc.stub.ClientCalls.getUnchecked(ClientCalls.java:214)
	at org.apache.ratis.thirdparty.io.grpc.stub.ClientCalls.blockingUnaryCall(ClientCalls.java:139)
	at org.apache.ratis.proto.grpc.RaftServerProtocolServiceGrpc$RaftServerProtocolServiceBlockingStub.requestVote(RaftServerProtocolServiceGrpc.java:265)
	at org.apache.ratis.grpc.server.GrpcServerProtocolClient.requestVote(GrpcServerProtocolClient.java:90)
	at org.apache.ratis.grpc.server.GrpcService.requestVote(GrpcService.java:204)
	at org.apache.ratis.server.impl.LeaderElection.lambda$submitRequests$1(LeaderElection.java:238)
	at java.util.concurrent.FutureTask.run(FutureTask.java:266)
	at java.util.concurrent.Executors$RunnableAdapter.call(Executors.java:511)
	at java.util.concurrent.FutureTask.run(FutureTask.java:266)
	at java.util.concurrent.ThreadPoolExecutor.runWorker(ThreadPoolExecutor.java:1149)
	at java.util.concurrent.ThreadPoolExecutor$Worker.run(ThreadPoolExecutor.java:624)
	... 1 more
Caused by: org.apache.ratis.thirdparty.io.netty.channel.AbstractChannel$AnnotatedConnectException: Connection refused: /192.168.151.121:36117
	at sun.nio.ch.SocketChannelImpl.checkConnect(Native Method)
	at sun.nio.ch.SocketChannelImpl.finishConnect(SocketChannelImpl.java:717)
	at org.apache.ratis.thirdparty.io.netty.channel.socket.nio.NioSocketChannel.doFinishConnect(NioSocketChannel.java:327)
	at org.apache.ratis.thirdparty.io.netty.channel.nio.AbstractNioChannel$AbstractNioUnsafe.finishConnect(AbstractNioChannel.java:340)
	at org.apache.ratis.thirdparty.io.netty.channel.nio.NioEventLoop.processSelectedKey(NioEventLoop.java:632)
	at org.apache.ratis.thirdparty.io.netty.channel.nio.NioEventLoop.processSelectedKeysOptimized(NioEventLoop.java:579)
	at org.apache.ratis.thirdparty.io.netty.channel.nio.NioEventLoop.processSelectedKeys(NioEventLoop.java:496)
	at org.apache.ratis.thirdparty.io.netty.channel.nio.NioEventLoop.run(NioEventLoop.java:458)
	at org.apache.ratis.thirdparty.io.netty.util.concurrent.SingleThreadEventExecutor$5.run(SingleThreadEventExecutor.java:897)
	at org.apache.ratis.thirdparty.io.netty.util.concurrent.FastThreadLocalRunnable.run(FastThreadLocalRunnable.java:30)
	... 1 more
Caused by: java.net.ConnectException: Connection refused
	... 11 more
2019-09-24 02:26:48,181 [c4751e07-4727-4633-be79-0e5d9146c54d@group-BF4A884C52EC:LeaderElection60] INFO  impl.LeaderElection (LeaderElection.java:logAndReturn(56)) - c4751e07-4727-4633-be79-0e5d9146c54d@group-BF4A884C52EC:LeaderElection60: Election REJECTED; received 0 response(s) [] and 2 exception(s); c4751e07-4727-4633-be79-0e5d9146c54d@group-BF4A884C52EC:t3, leader=null, voted=c4751e07-4727-4633-be79-0e5d9146c54d, raftlog=c4751e07-4727-4633-be79-0e5d9146c54d@group-BF4A884C52EC-SegmentedRaftLog:OPENED:c0,f0,i0, conf=0: [c4751e07-4727-4633-be79-0e5d9146c54d:192.168.151.121:37596, 1d7c29ff-f782-4e4c-a166-2c7d98aa0a2e:192.168.151.121:34209, 976b4ad9-2763-4348-94fe-da9eb86c31c0:192.168.151.121:36117], old=null
2019-09-24 02:26:48,181 [c4751e07-4727-4633-be79-0e5d9146c54d@group-BF4A884C52EC:LeaderElection60] INFO  impl.LeaderElection (LogUtils.java:infoOrTrace(149)) -   Exception 0: {}
java.util.concurrent.ExecutionException: org.apache.ratis.thirdparty.io.grpc.StatusRuntimeException: UNAVAILABLE: io exception
	at java.util.concurrent.FutureTask.report(FutureTask.java:122)
	at java.util.concurrent.FutureTask.get(FutureTask.java:192)
	at org.apache.ratis.server.impl.LeaderElection.waitForResults(LeaderElection.java:263)
	at org.apache.ratis.server.impl.LeaderElection.askForVotes(LeaderElection.java:201)
	at org.apache.ratis.server.impl.LeaderElection.run(LeaderElection.java:133)
	at java.lang.Thread.run(Thread.java:748)
Caused by: org.apache.ratis.thirdparty.io.grpc.StatusRuntimeException: UNAVAILABLE: io exception
	at org.apache.ratis.thirdparty.io.grpc.stub.ClientCalls.toStatusRuntimeException(ClientCalls.java:233)
	at org.apache.ratis.thirdparty.io.grpc.stub.ClientCalls.getUnchecked(ClientCalls.java:214)
	at org.apache.ratis.thirdparty.io.grpc.stub.ClientCalls.blockingUnaryCall(ClientCalls.java:139)
	at org.apache.ratis.proto.grpc.RaftServerProtocolServiceGrpc$RaftServerProtocolServiceBlockingStub.requestVote(RaftServerProtocolServiceGrpc.java:265)
	at org.apache.ratis.grpc.server.GrpcServerProtocolClient.requestVote(GrpcServerProtocolClient.java:90)
	at org.apache.ratis.grpc.server.GrpcService.requestVote(GrpcService.java:204)
	at org.apache.ratis.server.impl.LeaderElection.lambda$submitRequests$1(LeaderElection.java:238)
	at java.util.concurrent.FutureTask.run(FutureTask.java:266)
	at java.util.concurrent.Executors$RunnableAdapter.call(Executors.java:511)
	at java.util.concurrent.FutureTask.run(FutureTask.java:266)
	at java.util.concurrent.ThreadPoolExecutor.runWorker(ThreadPoolExecutor.java:1149)
	at java.util.concurrent.ThreadPoolExecutor$Worker.run(ThreadPoolExecutor.java:624)
	... 1 more
Caused by: org.apache.ratis.thirdparty.io.netty.channel.AbstractChannel$AnnotatedConnectException: Connection refused: /192.168.151.121:34209
	at sun.nio.ch.SocketChannelImpl.checkConnect(Native Method)
	at sun.nio.ch.SocketChannelImpl.finishConnect(SocketChannelImpl.java:717)
	at org.apache.ratis.thirdparty.io.netty.channel.socket.nio.NioSocketChannel.doFinishConnect(NioSocketChannel.java:327)
	at org.apache.ratis.thirdparty.io.netty.channel.nio.AbstractNioChannel$AbstractNioUnsafe.finishConnect(AbstractNioChannel.java:340)
	at org.apache.ratis.thirdparty.io.netty.channel.nio.NioEventLoop.processSelectedKey(NioEventLoop.java:632)
	at org.apache.ratis.thirdparty.io.netty.channel.nio.NioEventLoop.processSelectedKeysOptimized(NioEventLoop.java:579)
	at org.apache.ratis.thirdparty.io.netty.channel.nio.NioEventLoop.processSelectedKeys(NioEventLoop.java:496)
	at org.apache.ratis.thirdparty.io.netty.channel.nio.NioEventLoop.run(NioEventLoop.java:458)
	at org.apache.ratis.thirdparty.io.netty.util.concurrent.SingleThreadEventExecutor$5.run(SingleThreadEventExecutor.java:897)
	at org.apache.ratis.thirdparty.io.netty.util.concurrent.FastThreadLocalRunnable.run(FastThreadLocalRunnable.java:30)
	... 1 more
Caused by: java.net.ConnectException: Connection refused
	... 11 more
2019-09-24 02:26:48,181 [c4751e07-4727-4633-be79-0e5d9146c54d@group-BF4A884C52EC:LeaderElection60] INFO  impl.LeaderElection (LogUtils.java:infoOrTrace(149)) -   Exception 1: {}
java.util.concurrent.ExecutionException: org.apache.ratis.thirdparty.io.grpc.StatusRuntimeException: UNAVAILABLE: io exception
	at java.util.concurrent.FutureTask.report(FutureTask.java:122)
	at java.util.concurrent.FutureTask.get(FutureTask.java:192)
	at org.apache.ratis.server.impl.LeaderElection.waitForResults(LeaderElection.java:263)
	at org.apache.ratis.server.impl.LeaderElection.askForVotes(LeaderElection.java:201)
	at org.apache.ratis.server.impl.LeaderElection.run(LeaderElection.java:133)
	at java.lang.Thread.run(Thread.java:748)
Caused by: org.apache.ratis.thirdparty.io.grpc.StatusRuntimeException: UNAVAILABLE: io exception
	at org.apache.ratis.thirdparty.io.grpc.stub.ClientCalls.toStatusRuntimeException(ClientCalls.java:233)
	at org.apache.ratis.thirdparty.io.grpc.stub.ClientCalls.getUnchecked(ClientCalls.java:214)
	at org.apache.ratis.thirdparty.io.grpc.stub.ClientCalls.blockingUnaryCall(ClientCalls.java:139)
	at org.apache.ratis.proto.grpc.RaftServerProtocolServiceGrpc$RaftServerProtocolServiceBlockingStub.requestVote(RaftServerProtocolServiceGrpc.java:265)
	at org.apache.ratis.grpc.server.GrpcServerProtocolClient.requestVote(GrpcServerProtocolClient.java:90)
	at org.apache.ratis.grpc.server.GrpcService.requestVote(GrpcService.java:204)
	at org.apache.ratis.server.impl.LeaderElection.lambda$submitRequests$1(LeaderElection.java:238)
	at java.util.concurrent.FutureTask.run(FutureTask.java:266)
	at java.util.concurrent.Executors$RunnableAdapter.call(Executors.java:511)
	at java.util.concurrent.FutureTask.run(FutureTask.java:266)
	at java.util.concurrent.ThreadPoolExecutor.runWorker(ThreadPoolExecutor.java:1149)
	at java.util.concurrent.ThreadPoolExecutor$Worker.run(ThreadPoolExecutor.java:624)
	... 1 more
Caused by: org.apache.ratis.thirdparty.io.netty.channel.AbstractChannel$AnnotatedConnectException: Connection refused: /192.168.151.121:36117
	at sun.nio.ch.SocketChannelImpl.checkConnect(Native Method)
	at sun.nio.ch.SocketChannelImpl.finishConnect(SocketChannelImpl.java:717)
	at org.apache.ratis.thirdparty.io.netty.channel.socket.nio.NioSocketChannel.doFinishConnect(NioSocketChannel.java:327)
	at org.apache.ratis.thirdparty.io.netty.channel.nio.AbstractNioChannel$AbstractNioUnsafe.finishConnect(AbstractNioChannel.java:340)
	at org.apache.ratis.thirdparty.io.netty.channel.nio.NioEventLoop.processSelectedKey(NioEventLoop.java:632)
	at org.apache.ratis.thirdparty.io.netty.channel.nio.NioEventLoop.processSelectedKeysOptimized(NioEventLoop.java:579)
	at org.apache.ratis.thirdparty.io.netty.channel.nio.NioEventLoop.processSelectedKeys(NioEventLoop.java:496)
	at org.apache.ratis.thirdparty.io.netty.channel.nio.NioEventLoop.run(NioEventLoop.java:458)
	at org.apache.ratis.thirdparty.io.netty.util.concurrent.SingleThreadEventExecutor$5.run(SingleThreadEventExecutor.java:897)
	at org.apache.ratis.thirdparty.io.netty.util.concurrent.FastThreadLocalRunnable.run(FastThreadLocalRunnable.java:30)
	... 1 more
Caused by: java.net.ConnectException: Connection refused
	... 11 more
2019-09-24 02:26:48,182 [c4751e07-4727-4633-be79-0e5d9146c54d@group-BF4A884C52EC:LeaderElection60] INFO  impl.RaftServerImpl (RaftServerImpl.java:setRole(174)) - c4751e07-4727-4633-be79-0e5d9146c54d@group-BF4A884C52EC: changes role from CANDIDATE to FOLLOWER at term 3 for DISCOVERED_A_NEW_TERM
2019-09-24 02:26:48,182 [c4751e07-4727-4633-be79-0e5d9146c54d@group-BF4A884C52EC:LeaderElection60] INFO  impl.RoleInfo (RoleInfo.java:shutdownLeaderElection(134)) - c4751e07-4727-4633-be79-0e5d9146c54d: shutdown LeaderElection
2019-09-24 02:26:48,182 [c4751e07-4727-4633-be79-0e5d9146c54d@group-BF4A884C52EC:LeaderElection60] INFO  impl.RoleInfo (RoleInfo.java:updateAndGet(143)) - c4751e07-4727-4633-be79-0e5d9146c54d: start FollowerState
2019-09-24 02:26:49,251 [Thread-3869] INFO  impl.FollowerState (FollowerState.java:run(106)) - c4751e07-4727-4633-be79-0e5d9146c54d:group-BF4A884C52EC changes to CANDIDATE, lastRpcTime:1069, electionTimeout:1069ms
2019-09-24 02:26:49,253 [Thread-3869] INFO  impl.RoleInfo (RoleInfo.java:shutdownFollowerState(121)) - c4751e07-4727-4633-be79-0e5d9146c54d: shutdown FollowerState
2019-09-24 02:26:49,254 [Thread-3869] INFO  impl.RaftServerImpl (RaftServerImpl.java:setRole(174)) - c4751e07-4727-4633-be79-0e5d9146c54d@group-BF4A884C52EC: changes role from  FOLLOWER to CANDIDATE at term 3 for changeToCandidate
2019-09-24 02:26:49,254 [Thread-3869] INFO  impl.RoleInfo (RoleInfo.java:updateAndGet(143)) - c4751e07-4727-4633-be79-0e5d9146c54d: start LeaderElection
2019-09-24 02:26:49,269 [c4751e07-4727-4633-be79-0e5d9146c54d@group-BF4A884C52EC:LeaderElection61] INFO  impl.LeaderElection (LeaderElection.java:askForVotes(182)) - c4751e07-4727-4633-be79-0e5d9146c54d@group-BF4A884C52EC:LeaderElection61: begin an election at term 4 for 0: [c4751e07-4727-4633-be79-0e5d9146c54d:192.168.151.121:37596, 1d7c29ff-f782-4e4c-a166-2c7d98aa0a2e:192.168.151.121:34209, 976b4ad9-2763-4348-94fe-da9eb86c31c0:192.168.151.121:36117], old=null
2019-09-24 02:26:49,270 [c4751e07-4727-4633-be79-0e5d9146c54d@group-BF4A884C52EC:LeaderElection61] INFO  impl.LeaderElection (LogUtils.java:infoOrTrace(149)) - c4751e07-4727-4633-be79-0e5d9146c54d@group-BF4A884C52EC:LeaderElection61 got exception when requesting votes: {}
java.util.concurrent.ExecutionException: org.apache.ratis.thirdparty.io.grpc.StatusRuntimeException: UNAVAILABLE: io exception
	at java.util.concurrent.FutureTask.report(FutureTask.java:122)
	at java.util.concurrent.FutureTask.get(FutureTask.java:192)
	at org.apache.ratis.server.impl.LeaderElection.waitForResults(LeaderElection.java:263)
	at org.apache.ratis.server.impl.LeaderElection.askForVotes(LeaderElection.java:201)
	at org.apache.ratis.server.impl.LeaderElection.run(LeaderElection.java:133)
	at java.lang.Thread.run(Thread.java:748)
Caused by: org.apache.ratis.thirdparty.io.grpc.StatusRuntimeException: UNAVAILABLE: io exception
	at org.apache.ratis.thirdparty.io.grpc.stub.ClientCalls.toStatusRuntimeException(ClientCalls.java:233)
	at org.apache.ratis.thirdparty.io.grpc.stub.ClientCalls.getUnchecked(ClientCalls.java:214)
	at org.apache.ratis.thirdparty.io.grpc.stub.ClientCalls.blockingUnaryCall(ClientCalls.java:139)
	at org.apache.ratis.proto.grpc.RaftServerProtocolServiceGrpc$RaftServerProtocolServiceBlockingStub.requestVote(RaftServerProtocolServiceGrpc.java:265)
	at org.apache.ratis.grpc.server.GrpcServerProtocolClient.requestVote(GrpcServerProtocolClient.java:90)
	at org.apache.ratis.grpc.server.GrpcService.requestVote(GrpcService.java:204)
	at org.apache.ratis.server.impl.LeaderElection.lambda$submitRequests$1(LeaderElection.java:238)
	at java.util.concurrent.FutureTask.run(FutureTask.java:266)
	at java.util.concurrent.Executors$RunnableAdapter.call(Executors.java:511)
	at java.util.concurrent.FutureTask.run(FutureTask.java:266)
	at java.util.concurrent.ThreadPoolExecutor.runWorker(ThreadPoolExecutor.java:1149)
	at java.util.concurrent.ThreadPoolExecutor$Worker.run(ThreadPoolExecutor.java:624)
	... 1 more
Caused by: org.apache.ratis.thirdparty.io.netty.channel.AbstractChannel$AnnotatedConnectException: Connection refused: /192.168.151.121:34209
	at sun.nio.ch.SocketChannelImpl.checkConnect(Native Method)
	at sun.nio.ch.SocketChannelImpl.finishConnect(SocketChannelImpl.java:717)
	at org.apache.ratis.thirdparty.io.netty.channel.socket.nio.NioSocketChannel.doFinishConnect(NioSocketChannel.java:327)
	at org.apache.ratis.thirdparty.io.netty.channel.nio.AbstractNioChannel$AbstractNioUnsafe.finishConnect(AbstractNioChannel.java:340)
	at org.apache.ratis.thirdparty.io.netty.channel.nio.NioEventLoop.processSelectedKey(NioEventLoop.java:632)
	at org.apache.ratis.thirdparty.io.netty.channel.nio.NioEventLoop.processSelectedKeysOptimized(NioEventLoop.java:579)
	at org.apache.ratis.thirdparty.io.netty.channel.nio.NioEventLoop.processSelectedKeys(NioEventLoop.java:496)
	at org.apache.ratis.thirdparty.io.netty.channel.nio.NioEventLoop.run(NioEventLoop.java:458)
	at org.apache.ratis.thirdparty.io.netty.util.concurrent.SingleThreadEventExecutor$5.run(SingleThreadEventExecutor.java:897)
	at org.apache.ratis.thirdparty.io.netty.util.concurrent.FastThreadLocalRunnable.run(FastThreadLocalRunnable.java:30)
	... 1 more
Caused by: java.net.ConnectException: Connection refused
	... 11 more
2019-09-24 02:26:49,272 [c4751e07-4727-4633-be79-0e5d9146c54d@group-BF4A884C52EC:LeaderElection61] INFO  impl.LeaderElection (LogUtils.java:infoOrTrace(149)) - c4751e07-4727-4633-be79-0e5d9146c54d@group-BF4A884C52EC:LeaderElection61 got exception when requesting votes: {}
java.util.concurrent.ExecutionException: org.apache.ratis.thirdparty.io.grpc.StatusRuntimeException: UNAVAILABLE: io exception
	at java.util.concurrent.FutureTask.report(FutureTask.java:122)
	at java.util.concurrent.FutureTask.get(FutureTask.java:192)
	at org.apache.ratis.server.impl.LeaderElection.waitForResults(LeaderElection.java:263)
	at org.apache.ratis.server.impl.LeaderElection.askForVotes(LeaderElection.java:201)
	at org.apache.ratis.server.impl.LeaderElection.run(LeaderElection.java:133)
	at java.lang.Thread.run(Thread.java:748)
Caused by: org.apache.ratis.thirdparty.io.grpc.StatusRuntimeException: UNAVAILABLE: io exception
	at org.apache.ratis.thirdparty.io.grpc.stub.ClientCalls.toStatusRuntimeException(ClientCalls.java:233)
	at org.apache.ratis.thirdparty.io.grpc.stub.ClientCalls.getUnchecked(ClientCalls.java:214)
	at org.apache.ratis.thirdparty.io.grpc.stub.ClientCalls.blockingUnaryCall(ClientCalls.java:139)
	at org.apache.ratis.proto.grpc.RaftServerProtocolServiceGrpc$RaftServerProtocolServiceBlockingStub.requestVote(RaftServerProtocolServiceGrpc.java:265)
	at org.apache.ratis.grpc.server.GrpcServerProtocolClient.requestVote(GrpcServerProtocolClient.java:90)
	at org.apache.ratis.grpc.server.GrpcService.requestVote(GrpcService.java:204)
	at org.apache.ratis.server.impl.LeaderElection.lambda$submitRequests$1(LeaderElection.java:238)
	at java.util.concurrent.FutureTask.run(FutureTask.java:266)
	at java.util.concurrent.Executors$RunnableAdapter.call(Executors.java:511)
	at java.util.concurrent.FutureTask.run(FutureTask.java:266)
	at java.util.concurrent.ThreadPoolExecutor.runWorker(ThreadPoolExecutor.java:1149)
	at java.util.concurrent.ThreadPoolExecutor$Worker.run(ThreadPoolExecutor.java:624)
	... 1 more
Caused by: org.apache.ratis.thirdparty.io.netty.channel.AbstractChannel$AnnotatedConnectException: Connection refused: /192.168.151.121:36117
	at sun.nio.ch.SocketChannelImpl.checkConnect(Native Method)
	at sun.nio.ch.SocketChannelImpl.finishConnect(SocketChannelImpl.java:717)
	at org.apache.ratis.thirdparty.io.netty.channel.socket.nio.NioSocketChannel.doFinishConnect(NioSocketChannel.java:327)
	at org.apache.ratis.thirdparty.io.netty.channel.nio.AbstractNioChannel$AbstractNioUnsafe.finishConnect(AbstractNioChannel.java:340)
	at org.apache.ratis.thirdparty.io.netty.channel.nio.NioEventLoop.processSelectedKey(NioEventLoop.java:632)
	at org.apache.ratis.thirdparty.io.netty.channel.nio.NioEventLoop.processSelectedKeysOptimized(NioEventLoop.java:579)
	at org.apache.ratis.thirdparty.io.netty.channel.nio.NioEventLoop.processSelectedKeys(NioEventLoop.java:496)
	at org.apache.ratis.thirdparty.io.netty.channel.nio.NioEventLoop.run(NioEventLoop.java:458)
	at org.apache.ratis.thirdparty.io.netty.util.concurrent.SingleThreadEventExecutor$5.run(SingleThreadEventExecutor.java:897)
	at org.apache.ratis.thirdparty.io.netty.util.concurrent.FastThreadLocalRunnable.run(FastThreadLocalRunnable.java:30)
	... 1 more
Caused by: java.net.ConnectException: Connection refused
	... 11 more
2019-09-24 02:26:49,273 [c4751e07-4727-4633-be79-0e5d9146c54d@group-BF4A884C52EC:LeaderElection61] INFO  impl.LeaderElection (LeaderElection.java:logAndReturn(56)) - c4751e07-4727-4633-be79-0e5d9146c54d@group-BF4A884C52EC:LeaderElection61: Election REJECTED; received 0 response(s) [] and 2 exception(s); c4751e07-4727-4633-be79-0e5d9146c54d@group-BF4A884C52EC:t4, leader=null, voted=c4751e07-4727-4633-be79-0e5d9146c54d, raftlog=c4751e07-4727-4633-be79-0e5d9146c54d@group-BF4A884C52EC-SegmentedRaftLog:OPENED:c0,f0,i0, conf=0: [c4751e07-4727-4633-be79-0e5d9146c54d:192.168.151.121:37596, 1d7c29ff-f782-4e4c-a166-2c7d98aa0a2e:192.168.151.121:34209, 976b4ad9-2763-4348-94fe-da9eb86c31c0:192.168.151.121:36117], old=null
2019-09-24 02:26:49,274 [c4751e07-4727-4633-be79-0e5d9146c54d@group-BF4A884C52EC:LeaderElection61] INFO  impl.LeaderElection (LogUtils.java:infoOrTrace(149)) -   Exception 0: {}
java.util.concurrent.ExecutionException: org.apache.ratis.thirdparty.io.grpc.StatusRuntimeException: UNAVAILABLE: io exception
	at java.util.concurrent.FutureTask.report(FutureTask.java:122)
	at java.util.concurrent.FutureTask.get(FutureTask.java:192)
	at org.apache.ratis.server.impl.LeaderElection.waitForResults(LeaderElection.java:263)
	at org.apache.ratis.server.impl.LeaderElection.askForVotes(LeaderElection.java:201)
	at org.apache.ratis.server.impl.LeaderElection.run(LeaderElection.java:133)
	at java.lang.Thread.run(Thread.java:748)
Caused by: org.apache.ratis.thirdparty.io.grpc.StatusRuntimeException: UNAVAILABLE: io exception
	at org.apache.ratis.thirdparty.io.grpc.stub.ClientCalls.toStatusRuntimeException(ClientCalls.java:233)
	at org.apache.ratis.thirdparty.io.grpc.stub.ClientCalls.getUnchecked(ClientCalls.java:214)
	at org.apache.ratis.thirdparty.io.grpc.stub.ClientCalls.blockingUnaryCall(ClientCalls.java:139)
	at org.apache.ratis.proto.grpc.RaftServerProtocolServiceGrpc$RaftServerProtocolServiceBlockingStub.requestVote(RaftServerProtocolServiceGrpc.java:265)
	at org.apache.ratis.grpc.server.GrpcServerProtocolClient.requestVote(GrpcServerProtocolClient.java:90)
	at org.apache.ratis.grpc.server.GrpcService.requestVote(GrpcService.java:204)
	at org.apache.ratis.server.impl.LeaderElection.lambda$submitRequests$1(LeaderElection.java:238)
	at java.util.concurrent.FutureTask.run(FutureTask.java:266)
	at java.util.concurrent.Executors$RunnableAdapter.call(Executors.java:511)
	at java.util.concurrent.FutureTask.run(FutureTask.java:266)
	at java.util.concurrent.ThreadPoolExecutor.runWorker(ThreadPoolExecutor.java:1149)
	at java.util.concurrent.ThreadPoolExecutor$Worker.run(ThreadPoolExecutor.java:624)
	... 1 more
Caused by: org.apache.ratis.thirdparty.io.netty.channel.AbstractChannel$AnnotatedConnectException: Connection refused: /192.168.151.121:34209
	at sun.nio.ch.SocketChannelImpl.checkConnect(Native Method)
	at sun.nio.ch.SocketChannelImpl.finishConnect(SocketChannelImpl.java:717)
	at org.apache.ratis.thirdparty.io.netty.channel.socket.nio.NioSocketChannel.doFinishConnect(NioSocketChannel.java:327)
	at org.apache.ratis.thirdparty.io.netty.channel.nio.AbstractNioChannel$AbstractNioUnsafe.finishConnect(AbstractNioChannel.java:340)
	at org.apache.ratis.thirdparty.io.netty.channel.nio.NioEventLoop.processSelectedKey(NioEventLoop.java:632)
	at org.apache.ratis.thirdparty.io.netty.channel.nio.NioEventLoop.processSelectedKeysOptimized(NioEventLoop.java:579)
	at org.apache.ratis.thirdparty.io.netty.channel.nio.NioEventLoop.processSelectedKeys(NioEventLoop.java:496)
	at org.apache.ratis.thirdparty.io.netty.channel.nio.NioEventLoop.run(NioEventLoop.java:458)
	at org.apache.ratis.thirdparty.io.netty.util.concurrent.SingleThreadEventExecutor$5.run(SingleThreadEventExecutor.java:897)
	at org.apache.ratis.thirdparty.io.netty.util.concurrent.FastThreadLocalRunnable.run(FastThreadLocalRunnable.java:30)
	... 1 more
Caused by: java.net.ConnectException: Connection refused
	... 11 more
2019-09-24 02:26:49,274 [c4751e07-4727-4633-be79-0e5d9146c54d@group-BF4A884C52EC:LeaderElection61] INFO  impl.LeaderElection (LogUtils.java:infoOrTrace(149)) -   Exception 1: {}
java.util.concurrent.ExecutionException: org.apache.ratis.thirdparty.io.grpc.StatusRuntimeException: UNAVAILABLE: io exception
	at java.util.concurrent.FutureTask.report(FutureTask.java:122)
	at java.util.concurrent.FutureTask.get(FutureTask.java:192)
	at org.apache.ratis.server.impl.LeaderElection.waitForResults(LeaderElection.java:263)
	at org.apache.ratis.server.impl.LeaderElection.askForVotes(LeaderElection.java:201)
	at org.apache.ratis.server.impl.LeaderElection.run(LeaderElection.java:133)
	at java.lang.Thread.run(Thread.java:748)
Caused by: org.apache.ratis.thirdparty.io.grpc.StatusRuntimeException: UNAVAILABLE: io exception
	at org.apache.ratis.thirdparty.io.grpc.stub.ClientCalls.toStatusRuntimeException(ClientCalls.java:233)
	at org.apache.ratis.thirdparty.io.grpc.stub.ClientCalls.getUnchecked(ClientCalls.java:214)
	at org.apache.ratis.thirdparty.io.grpc.stub.ClientCalls.blockingUnaryCall(ClientCalls.java:139)
	at org.apache.ratis.proto.grpc.RaftServerProtocolServiceGrpc$RaftServerProtocolServiceBlockingStub.requestVote(RaftServerProtocolServiceGrpc.java:265)
	at org.apache.ratis.grpc.server.GrpcServerProtocolClient.requestVote(GrpcServerProtocolClient.java:90)
	at org.apache.ratis.grpc.server.GrpcService.requestVote(GrpcService.java:204)
	at org.apache.ratis.server.impl.LeaderElection.lambda$submitRequests$1(LeaderElection.java:238)
	at java.util.concurrent.FutureTask.run(FutureTask.java:266)
	at java.util.concurrent.Executors$RunnableAdapter.call(Executors.java:511)
	at java.util.concurrent.FutureTask.run(FutureTask.java:266)
	at java.util.concurrent.ThreadPoolExecutor.runWorker(ThreadPoolExecutor.java:1149)
	at java.util.concurrent.ThreadPoolExecutor$Worker.run(ThreadPoolExecutor.java:624)
	... 1 more
Caused by: org.apache.ratis.thirdparty.io.netty.channel.AbstractChannel$AnnotatedConnectException: Connection refused: /192.168.151.121:36117
	at sun.nio.ch.SocketChannelImpl.checkConnect(Native Method)
	at sun.nio.ch.SocketChannelImpl.finishConnect(SocketChannelImpl.java:717)
	at org.apache.ratis.thirdparty.io.netty.channel.socket.nio.NioSocketChannel.doFinishConnect(NioSocketChannel.java:327)
	at org.apache.ratis.thirdparty.io.netty.channel.nio.AbstractNioChannel$AbstractNioUnsafe.finishConnect(AbstractNioChannel.java:340)
	at org.apache.ratis.thirdparty.io.netty.channel.nio.NioEventLoop.processSelectedKey(NioEventLoop.java:632)
	at org.apache.ratis.thirdparty.io.netty.channel.nio.NioEventLoop.processSelectedKeysOptimized(NioEventLoop.java:579)
	at org.apache.ratis.thirdparty.io.netty.channel.nio.NioEventLoop.processSelectedKeys(NioEventLoop.java:496)
	at org.apache.ratis.thirdparty.io.netty.channel.nio.NioEventLoop.run(NioEventLoop.java:458)
	at org.apache.ratis.thirdparty.io.netty.util.concurrent.SingleThreadEventExecutor$5.run(SingleThreadEventExecutor.java:897)
	at org.apache.ratis.thirdparty.io.netty.util.concurrent.FastThreadLocalRunnable.run(FastThreadLocalRunnable.java:30)
	... 1 more
Caused by: java.net.ConnectException: Connection refused
	... 11 more
2019-09-24 02:26:49,274 [c4751e07-4727-4633-be79-0e5d9146c54d@group-BF4A884C52EC:LeaderElection61] INFO  impl.RaftServerImpl (RaftServerImpl.java:setRole(174)) - c4751e07-4727-4633-be79-0e5d9146c54d@group-BF4A884C52EC: changes role from CANDIDATE to FOLLOWER at term 4 for DISCOVERED_A_NEW_TERM
2019-09-24 02:26:49,274 [c4751e07-4727-4633-be79-0e5d9146c54d@group-BF4A884C52EC:LeaderElection61] INFO  impl.RoleInfo (RoleInfo.java:shutdownLeaderElection(134)) - c4751e07-4727-4633-be79-0e5d9146c54d: shutdown LeaderElection
2019-09-24 02:26:49,275 [c4751e07-4727-4633-be79-0e5d9146c54d@group-BF4A884C52EC:LeaderElection61] INFO  impl.RoleInfo (RoleInfo.java:updateAndGet(143)) - c4751e07-4727-4633-be79-0e5d9146c54d: start FollowerState
2019-09-24 02:26:50,320 [Thread-3873] INFO  impl.FollowerState (FollowerState.java:run(106)) - c4751e07-4727-4633-be79-0e5d9146c54d:group-BF4A884C52EC changes to CANDIDATE, lastRpcTime:1045, electionTimeout:1045ms
2019-09-24 02:26:50,322 [Thread-3873] INFO  impl.RoleInfo (RoleInfo.java:shutdownFollowerState(121)) - c4751e07-4727-4633-be79-0e5d9146c54d: shutdown FollowerState
2019-09-24 02:26:50,322 [Thread-3873] INFO  impl.RaftServerImpl (RaftServerImpl.java:setRole(174)) - c4751e07-4727-4633-be79-0e5d9146c54d@group-BF4A884C52EC: changes role from  FOLLOWER to CANDIDATE at term 4 for changeToCandidate
2019-09-24 02:26:50,322 [Thread-3873] INFO  impl.RoleInfo (RoleInfo.java:updateAndGet(143)) - c4751e07-4727-4633-be79-0e5d9146c54d: start LeaderElection
2019-09-24 02:26:50,337 [c4751e07-4727-4633-be79-0e5d9146c54d@group-BF4A884C52EC:LeaderElection62] INFO  impl.LeaderElection (LeaderElection.java:askForVotes(182)) - c4751e07-4727-4633-be79-0e5d9146c54d@group-BF4A884C52EC:LeaderElection62: begin an election at term 5 for 0: [c4751e07-4727-4633-be79-0e5d9146c54d:192.168.151.121:37596, 1d7c29ff-f782-4e4c-a166-2c7d98aa0a2e:192.168.151.121:34209, 976b4ad9-2763-4348-94fe-da9eb86c31c0:192.168.151.121:36117], old=null
2019-09-24 02:26:50,339 [c4751e07-4727-4633-be79-0e5d9146c54d@group-BF4A884C52EC:LeaderElection62] INFO  impl.LeaderElection (LogUtils.java:infoOrTrace(149)) - c4751e07-4727-4633-be79-0e5d9146c54d@group-BF4A884C52EC:LeaderElection62 got exception when requesting votes: {}
java.util.concurrent.ExecutionException: org.apache.ratis.thirdparty.io.grpc.StatusRuntimeException: UNAVAILABLE: io exception
	at java.util.concurrent.FutureTask.report(FutureTask.java:122)
	at java.util.concurrent.FutureTask.get(FutureTask.java:192)
	at org.apache.ratis.server.impl.LeaderElection.waitForResults(LeaderElection.java:263)
	at org.apache.ratis.server.impl.LeaderElection.askForVotes(LeaderElection.java:201)
	at org.apache.ratis.server.impl.LeaderElection.run(LeaderElection.java:133)
	at java.lang.Thread.run(Thread.java:748)
Caused by: org.apache.ratis.thirdparty.io.grpc.StatusRuntimeException: UNAVAILABLE: io exception
	at org.apache.ratis.thirdparty.io.grpc.stub.ClientCalls.toStatusRuntimeException(ClientCalls.java:233)
	at org.apache.ratis.thirdparty.io.grpc.stub.ClientCalls.getUnchecked(ClientCalls.java:214)
	at org.apache.ratis.thirdparty.io.grpc.stub.ClientCalls.blockingUnaryCall(ClientCalls.java:139)
	at org.apache.ratis.proto.grpc.RaftServerProtocolServiceGrpc$RaftServerProtocolServiceBlockingStub.requestVote(RaftServerProtocolServiceGrpc.java:265)
	at org.apache.ratis.grpc.server.GrpcServerProtocolClient.requestVote(GrpcServerProtocolClient.java:90)
	at org.apache.ratis.grpc.server.GrpcService.requestVote(GrpcService.java:204)
	at org.apache.ratis.server.impl.LeaderElection.lambda$submitRequests$1(LeaderElection.java:238)
	at java.util.concurrent.FutureTask.run(FutureTask.java:266)
	at java.util.concurrent.Executors$RunnableAdapter.call(Executors.java:511)
	at java.util.concurrent.FutureTask.run(FutureTask.java:266)
	at java.util.concurrent.ThreadPoolExecutor.runWorker(ThreadPoolExecutor.java:1149)
	at java.util.concurrent.ThreadPoolExecutor$Worker.run(ThreadPoolExecutor.java:624)
	... 1 more
Caused by: org.apache.ratis.thirdparty.io.netty.channel.AbstractChannel$AnnotatedConnectException: Connection refused: /192.168.151.121:34209
	at sun.nio.ch.SocketChannelImpl.checkConnect(Native Method)
	at sun.nio.ch.SocketChannelImpl.finishConnect(SocketChannelImpl.java:717)
	at org.apache.ratis.thirdparty.io.netty.channel.socket.nio.NioSocketChannel.doFinishConnect(NioSocketChannel.java:327)
	at org.apache.ratis.thirdparty.io.netty.channel.nio.AbstractNioChannel$AbstractNioUnsafe.finishConnect(AbstractNioChannel.java:340)
	at org.apache.ratis.thirdparty.io.netty.channel.nio.NioEventLoop.processSelectedKey(NioEventLoop.java:632)
	at org.apache.ratis.thirdparty.io.netty.channel.nio.NioEventLoop.processSelectedKeysOptimized(NioEventLoop.java:579)
	at org.apache.ratis.thirdparty.io.netty.channel.nio.NioEventLoop.processSelectedKeys(NioEventLoop.java:496)
	at org.apache.ratis.thirdparty.io.netty.channel.nio.NioEventLoop.run(NioEventLoop.java:458)
	at org.apache.ratis.thirdparty.io.netty.util.concurrent.SingleThreadEventExecutor$5.run(SingleThreadEventExecutor.java:897)
	at org.apache.ratis.thirdparty.io.netty.util.concurrent.FastThreadLocalRunnable.run(FastThreadLocalRunnable.java:30)
	... 1 more
Caused by: java.net.ConnectException: Connection refused
	... 11 more
2019-09-24 02:26:50,341 [c4751e07-4727-4633-be79-0e5d9146c54d@group-BF4A884C52EC:LeaderElection62] INFO  impl.LeaderElection (LogUtils.java:infoOrTrace(149)) - c4751e07-4727-4633-be79-0e5d9146c54d@group-BF4A884C52EC:LeaderElection62 got exception when requesting votes: {}
java.util.concurrent.ExecutionException: org.apache.ratis.thirdparty.io.grpc.StatusRuntimeException: UNAVAILABLE: io exception
	at java.util.concurrent.FutureTask.report(FutureTask.java:122)
	at java.util.concurrent.FutureTask.get(FutureTask.java:192)
	at org.apache.ratis.server.impl.LeaderElection.waitForResults(LeaderElection.java:263)
	at org.apache.ratis.server.impl.LeaderElection.askForVotes(LeaderElection.java:201)
	at org.apache.ratis.server.impl.LeaderElection.run(LeaderElection.java:133)
	at java.lang.Thread.run(Thread.java:748)
Caused by: org.apache.ratis.thirdparty.io.grpc.StatusRuntimeException: UNAVAILABLE: io exception
	at org.apache.ratis.thirdparty.io.grpc.stub.ClientCalls.toStatusRuntimeException(ClientCalls.java:233)
	at org.apache.ratis.thirdparty.io.grpc.stub.ClientCalls.getUnchecked(ClientCalls.java:214)
	at org.apache.ratis.thirdparty.io.grpc.stub.ClientCalls.blockingUnaryCall(ClientCalls.java:139)
	at org.apache.ratis.proto.grpc.RaftServerProtocolServiceGrpc$RaftServerProtocolServiceBlockingStub.requestVote(RaftServerProtocolServiceGrpc.java:265)
	at org.apache.ratis.grpc.server.GrpcServerProtocolClient.requestVote(GrpcServerProtocolClient.java:90)
	at org.apache.ratis.grpc.server.GrpcService.requestVote(GrpcService.java:204)
	at org.apache.ratis.server.impl.LeaderElection.lambda$submitRequests$1(LeaderElection.java:238)
	at java.util.concurrent.FutureTask.run(FutureTask.java:266)
	at java.util.concurrent.Executors$RunnableAdapter.call(Executors.java:511)
	at java.util.concurrent.FutureTask.run(FutureTask.java:266)
	at java.util.concurrent.ThreadPoolExecutor.runWorker(ThreadPoolExecutor.java:1149)
	at java.util.concurrent.ThreadPoolExecutor$Worker.run(ThreadPoolExecutor.java:624)
	... 1 more
Caused by: org.apache.ratis.thirdparty.io.netty.channel.AbstractChannel$AnnotatedConnectException: Connection refused: /192.168.151.121:36117
	at sun.nio.ch.SocketChannelImpl.checkConnect(Native Method)
	at sun.nio.ch.SocketChannelImpl.finishConnect(SocketChannelImpl.java:717)
	at org.apache.ratis.thirdparty.io.netty.channel.socket.nio.NioSocketChannel.doFinishConnect(NioSocketChannel.java:327)
	at org.apache.ratis.thirdparty.io.netty.channel.nio.AbstractNioChannel$AbstractNioUnsafe.finishConnect(AbstractNioChannel.java:340)
	at org.apache.ratis.thirdparty.io.netty.channel.nio.NioEventLoop.processSelectedKey(NioEventLoop.java:632)
	at org.apache.ratis.thirdparty.io.netty.channel.nio.NioEventLoop.processSelectedKeysOptimized(NioEventLoop.java:579)
	at org.apache.ratis.thirdparty.io.netty.channel.nio.NioEventLoop.processSelectedKeys(NioEventLoop.java:496)
	at org.apache.ratis.thirdparty.io.netty.channel.nio.NioEventLoop.run(NioEventLoop.java:458)
	at org.apache.ratis.thirdparty.io.netty.util.concurrent.SingleThreadEventExecutor$5.run(SingleThreadEventExecutor.java:897)
	at org.apache.ratis.thirdparty.io.netty.util.concurrent.FastThreadLocalRunnable.run(FastThreadLocalRunnable.java:30)
	... 1 more
Caused by: java.net.ConnectException: Connection refused
	... 11 more
2019-09-24 02:26:50,342 [c4751e07-4727-4633-be79-0e5d9146c54d@group-BF4A884C52EC:LeaderElection62] INFO  impl.LeaderElection (LeaderElection.java:logAndReturn(56)) - c4751e07-4727-4633-be79-0e5d9146c54d@group-BF4A884C52EC:LeaderElection62: Election REJECTED; received 0 response(s) [] and 2 exception(s); c4751e07-4727-4633-be79-0e5d9146c54d@group-BF4A884C52EC:t5, leader=null, voted=c4751e07-4727-4633-be79-0e5d9146c54d, raftlog=c4751e07-4727-4633-be79-0e5d9146c54d@group-BF4A884C52EC-SegmentedRaftLog:OPENED:c0,f0,i0, conf=0: [c4751e07-4727-4633-be79-0e5d9146c54d:192.168.151.121:37596, 1d7c29ff-f782-4e4c-a166-2c7d98aa0a2e:192.168.151.121:34209, 976b4ad9-2763-4348-94fe-da9eb86c31c0:192.168.151.121:36117], old=null
2019-09-24 02:26:50,342 [c4751e07-4727-4633-be79-0e5d9146c54d@group-BF4A884C52EC:LeaderElection62] INFO  impl.LeaderElection (LogUtils.java:infoOrTrace(149)) -   Exception 0: {}
java.util.concurrent.ExecutionException: org.apache.ratis.thirdparty.io.grpc.StatusRuntimeException: UNAVAILABLE: io exception
	at java.util.concurrent.FutureTask.report(FutureTask.java:122)
	at java.util.concurrent.FutureTask.get(FutureTask.java:192)
	at org.apache.ratis.server.impl.LeaderElection.waitForResults(LeaderElection.java:263)
	at org.apache.ratis.server.impl.LeaderElection.askForVotes(LeaderElection.java:201)
	at org.apache.ratis.server.impl.LeaderElection.run(LeaderElection.java:133)
	at java.lang.Thread.run(Thread.java:748)
Caused by: org.apache.ratis.thirdparty.io.grpc.StatusRuntimeException: UNAVAILABLE: io exception
	at org.apache.ratis.thirdparty.io.grpc.stub.ClientCalls.toStatusRuntimeException(ClientCalls.java:233)
	at org.apache.ratis.thirdparty.io.grpc.stub.ClientCalls.getUnchecked(ClientCalls.java:214)
	at org.apache.ratis.thirdparty.io.grpc.stub.ClientCalls.blockingUnaryCall(ClientCalls.java:139)
	at org.apache.ratis.proto.grpc.RaftServerProtocolServiceGrpc$RaftServerProtocolServiceBlockingStub.requestVote(RaftServerProtocolServiceGrpc.java:265)
	at org.apache.ratis.grpc.server.GrpcServerProtocolClient.requestVote(GrpcServerProtocolClient.java:90)
	at org.apache.ratis.grpc.server.GrpcService.requestVote(GrpcService.java:204)
	at org.apache.ratis.server.impl.LeaderElection.lambda$submitRequests$1(LeaderElection.java:238)
	at java.util.concurrent.FutureTask.run(FutureTask.java:266)
	at java.util.concurrent.Executors$RunnableAdapter.call(Executors.java:511)
	at java.util.concurrent.FutureTask.run(FutureTask.java:266)
	at java.util.concurrent.ThreadPoolExecutor.runWorker(ThreadPoolExecutor.java:1149)
	at java.util.concurrent.ThreadPoolExecutor$Worker.run(ThreadPoolExecutor.java:624)
	... 1 more
Caused by: org.apache.ratis.thirdparty.io.netty.channel.AbstractChannel$AnnotatedConnectException: Connection refused: /192.168.151.121:34209
	at sun.nio.ch.SocketChannelImpl.checkConnect(Native Method)
	at sun.nio.ch.SocketChannelImpl.finishConnect(SocketChannelImpl.java:717)
	at org.apache.ratis.thirdparty.io.netty.channel.socket.nio.NioSocketChannel.doFinishConnect(NioSocketChannel.java:327)
	at org.apache.ratis.thirdparty.io.netty.channel.nio.AbstractNioChannel$AbstractNioUnsafe.finishConnect(AbstractNioChannel.java:340)
	at org.apache.ratis.thirdparty.io.netty.channel.nio.NioEventLoop.processSelectedKey(NioEventLoop.java:632)
	at org.apache.ratis.thirdparty.io.netty.channel.nio.NioEventLoop.processSelectedKeysOptimized(NioEventLoop.java:579)
	at org.apache.ratis.thirdparty.io.netty.channel.nio.NioEventLoop.processSelectedKeys(NioEventLoop.java:496)
	at org.apache.ratis.thirdparty.io.netty.channel.nio.NioEventLoop.run(NioEventLoop.java:458)
	at org.apache.ratis.thirdparty.io.netty.util.concurrent.SingleThreadEventExecutor$5.run(SingleThreadEventExecutor.java:897)
	at org.apache.ratis.thirdparty.io.netty.util.concurrent.FastThreadLocalRunnable.run(FastThreadLocalRunnable.java:30)
	... 1 more
Caused by: java.net.ConnectException: Connection refused
	... 11 more
2019-09-24 02:26:50,343 [c4751e07-4727-4633-be79-0e5d9146c54d@group-BF4A884C52EC:LeaderElection62] INFO  impl.LeaderElection (LogUtils.java:infoOrTrace(149)) -   Exception 1: {}
java.util.concurrent.ExecutionException: org.apache.ratis.thirdparty.io.grpc.StatusRuntimeException: UNAVAILABLE: io exception
	at java.util.concurrent.FutureTask.report(FutureTask.java:122)
	at java.util.concurrent.FutureTask.get(FutureTask.java:192)
	at org.apache.ratis.server.impl.LeaderElection.waitForResults(LeaderElection.java:263)
	at org.apache.ratis.server.impl.LeaderElection.askForVotes(LeaderElection.java:201)
	at org.apache.ratis.server.impl.LeaderElection.run(LeaderElection.java:133)
	at java.lang.Thread.run(Thread.java:748)
Caused by: org.apache.ratis.thirdparty.io.grpc.StatusRuntimeException: UNAVAILABLE: io exception
	at org.apache.ratis.thirdparty.io.grpc.stub.ClientCalls.toStatusRuntimeException(ClientCalls.java:233)
	at org.apache.ratis.thirdparty.io.grpc.stub.ClientCalls.getUnchecked(ClientCalls.java:214)
	at org.apache.ratis.thirdparty.io.grpc.stub.ClientCalls.blockingUnaryCall(ClientCalls.java:139)
	at org.apache.ratis.proto.grpc.RaftServerProtocolServiceGrpc$RaftServerProtocolServiceBlockingStub.requestVote(RaftServerProtocolServiceGrpc.java:265)
	at org.apache.ratis.grpc.server.GrpcServerProtocolClient.requestVote(GrpcServerProtocolClient.java:90)
	at org.apache.ratis.grpc.server.GrpcService.requestVote(GrpcService.java:204)
	at org.apache.ratis.server.impl.LeaderElection.lambda$submitRequests$1(LeaderElection.java:238)
	at java.util.concurrent.FutureTask.run(FutureTask.java:266)
	at java.util.concurrent.Executors$RunnableAdapter.call(Executors.java:511)
	at java.util.concurrent.FutureTask.run(FutureTask.java:266)
	at java.util.concurrent.ThreadPoolExecutor.runWorker(ThreadPoolExecutor.java:1149)
	at java.util.concurrent.ThreadPoolExecutor$Worker.run(ThreadPoolExecutor.java:624)
	... 1 more
Caused by: org.apache.ratis.thirdparty.io.netty.channel.AbstractChannel$AnnotatedConnectException: Connection refused: /192.168.151.121:36117
	at sun.nio.ch.SocketChannelImpl.checkConnect(Native Method)
	at sun.nio.ch.SocketChannelImpl.finishConnect(SocketChannelImpl.java:717)
	at org.apache.ratis.thirdparty.io.netty.channel.socket.nio.NioSocketChannel.doFinishConnect(NioSocketChannel.java:327)
	at org.apache.ratis.thirdparty.io.netty.channel.nio.AbstractNioChannel$AbstractNioUnsafe.finishConnect(AbstractNioChannel.java:340)
	at org.apache.ratis.thirdparty.io.netty.channel.nio.NioEventLoop.processSelectedKey(NioEventLoop.java:632)
	at org.apache.ratis.thirdparty.io.netty.channel.nio.NioEventLoop.processSelectedKeysOptimized(NioEventLoop.java:579)
	at org.apache.ratis.thirdparty.io.netty.channel.nio.NioEventLoop.processSelectedKeys(NioEventLoop.java:496)
	at org.apache.ratis.thirdparty.io.netty.channel.nio.NioEventLoop.run(NioEventLoop.java:458)
	at org.apache.ratis.thirdparty.io.netty.util.concurrent.SingleThreadEventExecutor$5.run(SingleThreadEventExecutor.java:897)
	at org.apache.ratis.thirdparty.io.netty.util.concurrent.FastThreadLocalRunnable.run(FastThreadLocalRunnable.java:30)
	... 1 more
Caused by: java.net.ConnectException: Connection refused
	... 11 more
2019-09-24 02:26:50,343 [c4751e07-4727-4633-be79-0e5d9146c54d@group-BF4A884C52EC:LeaderElection62] INFO  impl.RaftServerImpl (RaftServerImpl.java:setRole(174)) - c4751e07-4727-4633-be79-0e5d9146c54d@group-BF4A884C52EC: changes role from CANDIDATE to FOLLOWER at term 5 for DISCOVERED_A_NEW_TERM
2019-09-24 02:26:50,343 [c4751e07-4727-4633-be79-0e5d9146c54d@group-BF4A884C52EC:LeaderElection62] INFO  impl.RoleInfo (RoleInfo.java:shutdownLeaderElection(134)) - c4751e07-4727-4633-be79-0e5d9146c54d: shutdown LeaderElection
2019-09-24 02:26:50,343 [c4751e07-4727-4633-be79-0e5d9146c54d@group-BF4A884C52EC:LeaderElection62] INFO  impl.RoleInfo (RoleInfo.java:updateAndGet(143)) - c4751e07-4727-4633-be79-0e5d9146c54d: start FollowerState
2019-09-24 02:26:51,377 [Thread-3877] INFO  impl.FollowerState (FollowerState.java:run(106)) - c4751e07-4727-4633-be79-0e5d9146c54d:group-BF4A884C52EC changes to CANDIDATE, lastRpcTime:1033, electionTimeout:1033ms
2019-09-24 02:26:51,379 [Thread-3877] INFO  impl.RoleInfo (RoleInfo.java:shutdownFollowerState(121)) - c4751e07-4727-4633-be79-0e5d9146c54d: shutdown FollowerState
2019-09-24 02:26:51,379 [Thread-3877] INFO  impl.RaftServerImpl (RaftServerImpl.java:setRole(174)) - c4751e07-4727-4633-be79-0e5d9146c54d@group-BF4A884C52EC: changes role from  FOLLOWER to CANDIDATE at term 5 for changeToCandidate
2019-09-24 02:26:51,379 [Thread-3877] INFO  impl.RoleInfo (RoleInfo.java:updateAndGet(143)) - c4751e07-4727-4633-be79-0e5d9146c54d: start LeaderElection
2019-09-24 02:26:51,401 [c4751e07-4727-4633-be79-0e5d9146c54d@group-BF4A884C52EC:LeaderElection63] INFO  impl.LeaderElection (LeaderElection.java:askForVotes(182)) - c4751e07-4727-4633-be79-0e5d9146c54d@group-BF4A884C52EC:LeaderElection63: begin an election at term 6 for 0: [c4751e07-4727-4633-be79-0e5d9146c54d:192.168.151.121:37596, 1d7c29ff-f782-4e4c-a166-2c7d98aa0a2e:192.168.151.121:34209, 976b4ad9-2763-4348-94fe-da9eb86c31c0:192.168.151.121:36117], old=null
2019-09-24 02:26:51,402 [c4751e07-4727-4633-be79-0e5d9146c54d@group-BF4A884C52EC:LeaderElection63] INFO  impl.LeaderElection (LogUtils.java:infoOrTrace(149)) - c4751e07-4727-4633-be79-0e5d9146c54d@group-BF4A884C52EC:LeaderElection63 got exception when requesting votes: {}
java.util.concurrent.ExecutionException: org.apache.ratis.thirdparty.io.grpc.StatusRuntimeException: UNAVAILABLE: io exception
	at java.util.concurrent.FutureTask.report(FutureTask.java:122)
	at java.util.concurrent.FutureTask.get(FutureTask.java:192)
	at org.apache.ratis.server.impl.LeaderElection.waitForResults(LeaderElection.java:263)
	at org.apache.ratis.server.impl.LeaderElection.askForVotes(LeaderElection.java:201)
	at org.apache.ratis.server.impl.LeaderElection.run(LeaderElection.java:133)
	at java.lang.Thread.run(Thread.java:748)
Caused by: org.apache.ratis.thirdparty.io.grpc.StatusRuntimeException: UNAVAILABLE: io exception
	at org.apache.ratis.thirdparty.io.grpc.stub.ClientCalls.toStatusRuntimeException(ClientCalls.java:233)
	at org.apache.ratis.thirdparty.io.grpc.stub.ClientCalls.getUnchecked(ClientCalls.java:214)
	at org.apache.ratis.thirdparty.io.grpc.stub.ClientCalls.blockingUnaryCall(ClientCalls.java:139)
	at org.apache.ratis.proto.grpc.RaftServerProtocolServiceGrpc$RaftServerProtocolServiceBlockingStub.requestVote(RaftServerProtocolServiceGrpc.java:265)
	at org.apache.ratis.grpc.server.GrpcServerProtocolClient.requestVote(GrpcServerProtocolClient.java:90)
	at org.apache.ratis.grpc.server.GrpcService.requestVote(GrpcService.java:204)
	at org.apache.ratis.server.impl.LeaderElection.lambda$submitRequests$1(LeaderElection.java:238)
	at java.util.concurrent.FutureTask.run(FutureTask.java:266)
	at java.util.concurrent.Executors$RunnableAdapter.call(Executors.java:511)
	at java.util.concurrent.FutureTask.run(FutureTask.java:266)
	at java.util.concurrent.ThreadPoolExecutor.runWorker(ThreadPoolExecutor.java:1149)
	at java.util.concurrent.ThreadPoolExecutor$Worker.run(ThreadPoolExecutor.java:624)
	... 1 more
Caused by: org.apache.ratis.thirdparty.io.netty.channel.AbstractChannel$AnnotatedConnectException: Connection refused: /192.168.151.121:34209
	at sun.nio.ch.SocketChannelImpl.checkConnect(Native Method)
	at sun.nio.ch.SocketChannelImpl.finishConnect(SocketChannelImpl.java:717)
	at org.apache.ratis.thirdparty.io.netty.channel.socket.nio.NioSocketChannel.doFinishConnect(NioSocketChannel.java:327)
	at org.apache.ratis.thirdparty.io.netty.channel.nio.AbstractNioChannel$AbstractNioUnsafe.finishConnect(AbstractNioChannel.java:340)
	at org.apache.ratis.thirdparty.io.netty.channel.nio.NioEventLoop.processSelectedKey(NioEventLoop.java:632)
	at org.apache.ratis.thirdparty.io.netty.channel.nio.NioEventLoop.processSelectedKeysOptimized(NioEventLoop.java:579)
	at org.apache.ratis.thirdparty.io.netty.channel.nio.NioEventLoop.processSelectedKeys(NioEventLoop.java:496)
	at org.apache.ratis.thirdparty.io.netty.channel.nio.NioEventLoop.run(NioEventLoop.java:458)
	at org.apache.ratis.thirdparty.io.netty.util.concurrent.SingleThreadEventExecutor$5.run(SingleThreadEventExecutor.java:897)
	at org.apache.ratis.thirdparty.io.netty.util.concurrent.FastThreadLocalRunnable.run(FastThreadLocalRunnable.java:30)
	... 1 more
Caused by: java.net.ConnectException: Connection refused
	... 11 more
2019-09-24 02:26:51,404 [c4751e07-4727-4633-be79-0e5d9146c54d@group-BF4A884C52EC:LeaderElection63] INFO  impl.LeaderElection (LogUtils.java:infoOrTrace(149)) - c4751e07-4727-4633-be79-0e5d9146c54d@group-BF4A884C52EC:LeaderElection63 got exception when requesting votes: {}
java.util.concurrent.ExecutionException: org.apache.ratis.thirdparty.io.grpc.StatusRuntimeException: UNAVAILABLE: io exception
	at java.util.concurrent.FutureTask.report(FutureTask.java:122)
	at java.util.concurrent.FutureTask.get(FutureTask.java:192)
	at org.apache.ratis.server.impl.LeaderElection.waitForResults(LeaderElection.java:263)
	at org.apache.ratis.server.impl.LeaderElection.askForVotes(LeaderElection.java:201)
	at org.apache.ratis.server.impl.LeaderElection.run(LeaderElection.java:133)
	at java.lang.Thread.run(Thread.java:748)
Caused by: org.apache.ratis.thirdparty.io.grpc.StatusRuntimeException: UNAVAILABLE: io exception
	at org.apache.ratis.thirdparty.io.grpc.stub.ClientCalls.toStatusRuntimeException(ClientCalls.java:233)
	at org.apache.ratis.thirdparty.io.grpc.stub.ClientCalls.getUnchecked(ClientCalls.java:214)
	at org.apache.ratis.thirdparty.io.grpc.stub.ClientCalls.blockingUnaryCall(ClientCalls.java:139)
	at org.apache.ratis.proto.grpc.RaftServerProtocolServiceGrpc$RaftServerProtocolServiceBlockingStub.requestVote(RaftServerProtocolServiceGrpc.java:265)
	at org.apache.ratis.grpc.server.GrpcServerProtocolClient.requestVote(GrpcServerProtocolClient.java:90)
	at org.apache.ratis.grpc.server.GrpcService.requestVote(GrpcService.java:204)
	at org.apache.ratis.server.impl.LeaderElection.lambda$submitRequests$1(LeaderElection.java:238)
	at java.util.concurrent.FutureTask.run(FutureTask.java:266)
	at java.util.concurrent.Executors$RunnableAdapter.call(Executors.java:511)
	at java.util.concurrent.FutureTask.run(FutureTask.java:266)
	at java.util.concurrent.ThreadPoolExecutor.runWorker(ThreadPoolExecutor.java:1149)
	at java.util.concurrent.ThreadPoolExecutor$Worker.run(ThreadPoolExecutor.java:624)
	... 1 more
Caused by: org.apache.ratis.thirdparty.io.netty.channel.AbstractChannel$AnnotatedConnectException: Connection refused: /192.168.151.121:36117
	at sun.nio.ch.SocketChannelImpl.checkConnect(Native Method)
	at sun.nio.ch.SocketChannelImpl.finishConnect(SocketChannelImpl.java:717)
	at org.apache.ratis.thirdparty.io.netty.channel.socket.nio.NioSocketChannel.doFinishConnect(NioSocketChannel.java:327)
	at org.apache.ratis.thirdparty.io.netty.channel.nio.AbstractNioChannel$AbstractNioUnsafe.finishConnect(AbstractNioChannel.java:340)
	at org.apache.ratis.thirdparty.io.netty.channel.nio.NioEventLoop.processSelectedKey(NioEventLoop.java:632)
	at org.apache.ratis.thirdparty.io.netty.channel.nio.NioEventLoop.processSelectedKeysOptimized(NioEventLoop.java:579)
	at org.apache.ratis.thirdparty.io.netty.channel.nio.NioEventLoop.processSelectedKeys(NioEventLoop.java:496)
	at org.apache.ratis.thirdparty.io.netty.channel.nio.NioEventLoop.run(NioEventLoop.java:458)
	at org.apache.ratis.thirdparty.io.netty.util.concurrent.SingleThreadEventExecutor$5.run(SingleThreadEventExecutor.java:897)
	at org.apache.ratis.thirdparty.io.netty.util.concurrent.FastThreadLocalRunnable.run(FastThreadLocalRunnable.java:30)
	... 1 more
Caused by: java.net.ConnectException: Connection refused
	... 11 more
2019-09-24 02:26:51,406 [c4751e07-4727-4633-be79-0e5d9146c54d@group-BF4A884C52EC:LeaderElection63] INFO  impl.LeaderElection (LeaderElection.java:logAndReturn(56)) - c4751e07-4727-4633-be79-0e5d9146c54d@group-BF4A884C52EC:LeaderElection63: Election REJECTED; received 0 response(s) [] and 2 exception(s); c4751e07-4727-4633-be79-0e5d9146c54d@group-BF4A884C52EC:t6, leader=null, voted=c4751e07-4727-4633-be79-0e5d9146c54d, raftlog=c4751e07-4727-4633-be79-0e5d9146c54d@group-BF4A884C52EC-SegmentedRaftLog:OPENED:c0,f0,i0, conf=0: [c4751e07-4727-4633-be79-0e5d9146c54d:192.168.151.121:37596, 1d7c29ff-f782-4e4c-a166-2c7d98aa0a2e:192.168.151.121:34209, 976b4ad9-2763-4348-94fe-da9eb86c31c0:192.168.151.121:36117], old=null
2019-09-24 02:26:51,406 [c4751e07-4727-4633-be79-0e5d9146c54d@group-BF4A884C52EC:LeaderElection63] INFO  impl.LeaderElection (LogUtils.java:infoOrTrace(149)) -   Exception 0: {}
java.util.concurrent.ExecutionException: org.apache.ratis.thirdparty.io.grpc.StatusRuntimeException: UNAVAILABLE: io exception
	at java.util.concurrent.FutureTask.report(FutureTask.java:122)
	at java.util.concurrent.FutureTask.get(FutureTask.java:192)
	at org.apache.ratis.server.impl.LeaderElection.waitForResults(LeaderElection.java:263)
	at org.apache.ratis.server.impl.LeaderElection.askForVotes(LeaderElection.java:201)
	at org.apache.ratis.server.impl.LeaderElection.run(LeaderElection.java:133)
	at java.lang.Thread.run(Thread.java:748)
Caused by: org.apache.ratis.thirdparty.io.grpc.StatusRuntimeException: UNAVAILABLE: io exception
	at org.apache.ratis.thirdparty.io.grpc.stub.ClientCalls.toStatusRuntimeException(ClientCalls.java:233)
	at org.apache.ratis.thirdparty.io.grpc.stub.ClientCalls.getUnchecked(ClientCalls.java:214)
	at org.apache.ratis.thirdparty.io.grpc.stub.ClientCalls.blockingUnaryCall(ClientCalls.java:139)
	at org.apache.ratis.proto.grpc.RaftServerProtocolServiceGrpc$RaftServerProtocolServiceBlockingStub.requestVote(RaftServerProtocolServiceGrpc.java:265)
	at org.apache.ratis.grpc.server.GrpcServerProtocolClient.requestVote(GrpcServerProtocolClient.java:90)
	at org.apache.ratis.grpc.server.GrpcService.requestVote(GrpcService.java:204)
	at org.apache.ratis.server.impl.LeaderElection.lambda$submitRequests$1(LeaderElection.java:238)
	at java.util.concurrent.FutureTask.run(FutureTask.java:266)
	at java.util.concurrent.Executors$RunnableAdapter.call(Executors.java:511)
	at java.util.concurrent.FutureTask.run(FutureTask.java:266)
	at java.util.concurrent.ThreadPoolExecutor.runWorker(ThreadPoolExecutor.java:1149)
	at java.util.concurrent.ThreadPoolExecutor$Worker.run(ThreadPoolExecutor.java:624)
	... 1 more
Caused by: org.apache.ratis.thirdparty.io.netty.channel.AbstractChannel$AnnotatedConnectException: Connection refused: /192.168.151.121:34209
	at sun.nio.ch.SocketChannelImpl.checkConnect(Native Method)
	at sun.nio.ch.SocketChannelImpl.finishConnect(SocketChannelImpl.java:717)
	at org.apache.ratis.thirdparty.io.netty.channel.socket.nio.NioSocketChannel.doFinishConnect(NioSocketChannel.java:327)
	at org.apache.ratis.thirdparty.io.netty.channel.nio.AbstractNioChannel$AbstractNioUnsafe.finishConnect(AbstractNioChannel.java:340)
	at org.apache.ratis.thirdparty.io.netty.channel.nio.NioEventLoop.processSelectedKey(NioEventLoop.java:632)
	at org.apache.ratis.thirdparty.io.netty.channel.nio.NioEventLoop.processSelectedKeysOptimized(NioEventLoop.java:579)
	at org.apache.ratis.thirdparty.io.netty.channel.nio.NioEventLoop.processSelectedKeys(NioEventLoop.java:496)
	at org.apache.ratis.thirdparty.io.netty.channel.nio.NioEventLoop.run(NioEventLoop.java:458)
	at org.apache.ratis.thirdparty.io.netty.util.concurrent.SingleThreadEventExecutor$5.run(SingleThreadEventExecutor.java:897)
	at org.apache.ratis.thirdparty.io.netty.util.concurrent.FastThreadLocalRunnable.run(FastThreadLocalRunnable.java:30)
	... 1 more
Caused by: java.net.ConnectException: Connection refused
	... 11 more
2019-09-24 02:26:51,407 [c4751e07-4727-4633-be79-0e5d9146c54d@group-BF4A884C52EC:LeaderElection63] INFO  impl.LeaderElection (LogUtils.java:infoOrTrace(149)) -   Exception 1: {}
java.util.concurrent.ExecutionException: org.apache.ratis.thirdparty.io.grpc.StatusRuntimeException: UNAVAILABLE: io exception
	at java.util.concurrent.FutureTask.report(FutureTask.java:122)
	at java.util.concurrent.FutureTask.get(FutureTask.java:192)
	at org.apache.ratis.server.impl.LeaderElection.waitForResults(LeaderElection.java:263)
	at org.apache.ratis.server.impl.LeaderElection.askForVotes(LeaderElection.java:201)
	at org.apache.ratis.server.impl.LeaderElection.run(LeaderElection.java:133)
	at java.lang.Thread.run(Thread.java:748)
Caused by: org.apache.ratis.thirdparty.io.grpc.StatusRuntimeException: UNAVAILABLE: io exception
	at org.apache.ratis.thirdparty.io.grpc.stub.ClientCalls.toStatusRuntimeException(ClientCalls.java:233)
	at org.apache.ratis.thirdparty.io.grpc.stub.ClientCalls.getUnchecked(ClientCalls.java:214)
	at org.apache.ratis.thirdparty.io.grpc.stub.ClientCalls.blockingUnaryCall(ClientCalls.java:139)
	at org.apache.ratis.proto.grpc.RaftServerProtocolServiceGrpc$RaftServerProtocolServiceBlockingStub.requestVote(RaftServerProtocolServiceGrpc.java:265)
	at org.apache.ratis.grpc.server.GrpcServerProtocolClient.requestVote(GrpcServerProtocolClient.java:90)
	at org.apache.ratis.grpc.server.GrpcService.requestVote(GrpcService.java:204)
	at org.apache.ratis.server.impl.LeaderElection.lambda$submitRequests$1(LeaderElection.java:238)
	at java.util.concurrent.FutureTask.run(FutureTask.java:266)
	at java.util.concurrent.Executors$RunnableAdapter.call(Executors.java:511)
	at java.util.concurrent.FutureTask.run(FutureTask.java:266)
	at java.util.concurrent.ThreadPoolExecutor.runWorker(ThreadPoolExecutor.java:1149)
	at java.util.concurrent.ThreadPoolExecutor$Worker.run(ThreadPoolExecutor.java:624)
	... 1 more
Caused by: org.apache.ratis.thirdparty.io.netty.channel.AbstractChannel$AnnotatedConnectException: Connection refused: /192.168.151.121:36117
	at sun.nio.ch.SocketChannelImpl.checkConnect(Native Method)
	at sun.nio.ch.SocketChannelImpl.finishConnect(SocketChannelImpl.java:717)
	at org.apache.ratis.thirdparty.io.netty.channel.socket.nio.NioSocketChannel.doFinishConnect(NioSocketChannel.java:327)
	at org.apache.ratis.thirdparty.io.netty.channel.nio.AbstractNioChannel$AbstractNioUnsafe.finishConnect(AbstractNioChannel.java:340)
	at org.apache.ratis.thirdparty.io.netty.channel.nio.NioEventLoop.processSelectedKey(NioEventLoop.java:632)
	at org.apache.ratis.thirdparty.io.netty.channel.nio.NioEventLoop.processSelectedKeysOptimized(NioEventLoop.java:579)
	at org.apache.ratis.thirdparty.io.netty.channel.nio.NioEventLoop.processSelectedKeys(NioEventLoop.java:496)
	at org.apache.ratis.thirdparty.io.netty.channel.nio.NioEventLoop.run(NioEventLoop.java:458)
	at org.apache.ratis.thirdparty.io.netty.util.concurrent.SingleThreadEventExecutor$5.run(SingleThreadEventExecutor.java:897)
	at org.apache.ratis.thirdparty.io.netty.util.concurrent.FastThreadLocalRunnable.run(FastThreadLocalRunnable.java:30)
	... 1 more
Caused by: java.net.ConnectException: Connection refused
	... 11 more
2019-09-24 02:26:51,407 [c4751e07-4727-4633-be79-0e5d9146c54d@group-BF4A884C52EC:LeaderElection63] INFO  impl.RaftServerImpl (RaftServerImpl.java:setRole(174)) - c4751e07-4727-4633-be79-0e5d9146c54d@group-BF4A884C52EC: changes role from CANDIDATE to FOLLOWER at term 6 for DISCOVERED_A_NEW_TERM
2019-09-24 02:26:51,407 [c4751e07-4727-4633-be79-0e5d9146c54d@group-BF4A884C52EC:LeaderElection63] INFO  impl.RoleInfo (RoleInfo.java:shutdownLeaderElection(134)) - c4751e07-4727-4633-be79-0e5d9146c54d: shutdown LeaderElection
2019-09-24 02:26:51,407 [c4751e07-4727-4633-be79-0e5d9146c54d@group-BF4A884C52EC:LeaderElection63] INFO  impl.RoleInfo (RoleInfo.java:updateAndGet(143)) - c4751e07-4727-4633-be79-0e5d9146c54d: start FollowerState
2019-09-24 02:26:51,591 [ForkJoinPool.commonPool-worker-0] INFO  ozoneimpl.OzoneContainer (OzoneContainer.java:stop(231)) - Attempting to stop container services.
2019-09-24 02:26:51,593 [main] INFO  ozoneimpl.OzoneContainer (OzoneContainer.java:stop(231)) - Attempting to stop container services.
2019-09-24 02:26:51,594 [ForkJoinPool.commonPool-worker-0] INFO  impl.RaftServerProxy (RaftServerProxy.java:lambda$close$4(314)) - c4751e07-4727-4633-be79-0e5d9146c54d: close
2019-09-24 02:26:51,594 [main] INFO  impl.RaftServerProxy (RaftServerProxy.java:lambda$close$4(314)) - be6688c1-27db-4066-9fe7-abad67bbc3d4: close
2019-09-24 02:26:51,594 [ForkJoinPool.commonPool-worker-0] INFO  impl.RaftServerImpl (RaftServerImpl.java:lambda$shutdown$3(251)) - c4751e07-4727-4633-be79-0e5d9146c54d@group-816BAD825024: shutdown
2019-09-24 02:26:51,594 [main] INFO  impl.RaftServerImpl (RaftServerImpl.java:lambda$shutdown$3(251)) - be6688c1-27db-4066-9fe7-abad67bbc3d4@group-1EC21770C6FC: shutdown
2019-09-24 02:26:51,595 [ForkJoinPool.commonPool-worker-0] INFO  util.JmxRegister (JmxRegister.java:unregister(73)) - Successfully un-registered JMX Bean with object name Ratis:service=RaftServer,group=group-816BAD825024,id=c4751e07-4727-4633-be79-0e5d9146c54d
2019-09-24 02:26:51,595 [main] INFO  util.JmxRegister (JmxRegister.java:unregister(73)) - Successfully un-registered JMX Bean with object name Ratis:service=RaftServer,group=group-1EC21770C6FC,id=be6688c1-27db-4066-9fe7-abad67bbc3d4
2019-09-24 02:26:51,595 [ForkJoinPool.commonPool-worker-0] INFO  impl.RoleInfo (RoleInfo.java:shutdownLeaderState(104)) - c4751e07-4727-4633-be79-0e5d9146c54d: shutdown LeaderState
2019-09-24 02:26:51,596 [main] INFO  impl.RoleInfo (RoleInfo.java:shutdownLeaderState(104)) - be6688c1-27db-4066-9fe7-abad67bbc3d4: shutdown LeaderState
2019-09-24 02:26:51,596 [ForkJoinPool.commonPool-worker-0] INFO  impl.PendingRequests (PendingRequests.java:sendNotLeaderResponses(202)) - c4751e07-4727-4633-be79-0e5d9146c54d-PendingRequests: sendNotLeaderResponses
2019-09-24 02:26:51,596 [main] INFO  impl.PendingRequests (PendingRequests.java:sendNotLeaderResponses(202)) - be6688c1-27db-4066-9fe7-abad67bbc3d4-PendingRequests: sendNotLeaderResponses
2019-09-24 02:26:51,597 [ForkJoinPool.commonPool-worker-0] INFO  impl.StateMachineUpdater (StateMachineUpdater.java:stopAndJoin(125)) - c4751e07-4727-4633-be79-0e5d9146c54d@group-816BAD825024-StateMachineUpdater: set stopIndex = 0
2019-09-24 02:26:51,597 [main] INFO  impl.StateMachineUpdater (StateMachineUpdater.java:stopAndJoin(125)) - be6688c1-27db-4066-9fe7-abad67bbc3d4@group-1EC21770C6FC-StateMachineUpdater: set stopIndex = 0
2019-09-24 02:26:51,598 [main] INFO  impl.RaftServerImpl (ServerState.java:close(385)) - be6688c1-27db-4066-9fe7-abad67bbc3d4@group-1EC21770C6FC: closes. applyIndex: 0
2019-09-24 02:26:51,598 [ForkJoinPool.commonPool-worker-0] INFO  impl.RaftServerImpl (ServerState.java:close(385)) - c4751e07-4727-4633-be79-0e5d9146c54d@group-816BAD825024: closes. applyIndex: 0
2019-09-24 02:26:51,599 [be6688c1-27db-4066-9fe7-abad67bbc3d4@group-1EC21770C6FC-SegmentedRaftLogWorker] INFO  segmented.SegmentedRaftLogWorker (SegmentedRaftLogWorker.java:run(313)) - be6688c1-27db-4066-9fe7-abad67bbc3d4@group-1EC21770C6FC-SegmentedRaftLogWorker was interrupted, exiting. There are 0 tasks remaining in the queue.
2019-09-24 02:26:51,599 [c4751e07-4727-4633-be79-0e5d9146c54d@group-816BAD825024-SegmentedRaftLogWorker] INFO  segmented.SegmentedRaftLogWorker (SegmentedRaftLogWorker.java:run(313)) - c4751e07-4727-4633-be79-0e5d9146c54d@group-816BAD825024-SegmentedRaftLogWorker was interrupted, exiting. There are 0 tasks remaining in the queue.
2019-09-24 02:26:51,599 [main] INFO  segmented.SegmentedRaftLogWorker (SegmentedRaftLogWorker.java:close(228)) - be6688c1-27db-4066-9fe7-abad67bbc3d4@group-1EC21770C6FC-SegmentedRaftLogWorker close()
2019-09-24 02:26:51,599 [ForkJoinPool.commonPool-worker-0] INFO  segmented.SegmentedRaftLogWorker (SegmentedRaftLogWorker.java:close(228)) - c4751e07-4727-4633-be79-0e5d9146c54d@group-816BAD825024-SegmentedRaftLogWorker close()
2019-09-24 02:26:51,600 [main] INFO  server.GrpcService (GrpcService.java:closeImpl(164)) - be6688c1-27db-4066-9fe7-abad67bbc3d4: shutdown server with port 39435 now
2019-09-24 02:26:51,600 [ForkJoinPool.commonPool-worker-0] INFO  impl.RaftServerImpl (RaftServerImpl.java:lambda$shutdown$3(251)) - c4751e07-4727-4633-be79-0e5d9146c54d@group-BF4A884C52EC: shutdown
2019-09-24 02:26:51,605 [main] INFO  server.GrpcService (GrpcService.java:closeImpl(172)) - be6688c1-27db-4066-9fe7-abad67bbc3d4: shutdown server with port 39435 successfully
2019-09-24 02:26:51,605 [ForkJoinPool.commonPool-worker-0] INFO  util.JmxRegister (JmxRegister.java:unregister(73)) - Successfully un-registered JMX Bean with object name Ratis:service=RaftServer,group=group-BF4A884C52EC,id=c4751e07-4727-4633-be79-0e5d9146c54d
2019-09-24 02:26:51,606 [ForkJoinPool.commonPool-worker-0] INFO  impl.RoleInfo (RoleInfo.java:shutdownFollowerState(121)) - c4751e07-4727-4633-be79-0e5d9146c54d: shutdown FollowerState
2019-09-24 02:26:51,607 [ForkJoinPool.commonPool-worker-0] INFO  impl.StateMachineUpdater (StateMachineUpdater.java:stopAndJoin(125)) - c4751e07-4727-4633-be79-0e5d9146c54d@group-BF4A884C52EC-StateMachineUpdater: set stopIndex = 0
2019-09-24 02:26:51,607 [Thread-3881] INFO  impl.FollowerState (FollowerState.java:run(115)) - c4751e07-4727-4633-be79-0e5d9146c54d: FollowerState was interrupted: java.lang.InterruptedException: sleep interrupted
2019-09-24 02:26:51,608 [ForkJoinPool.commonPool-worker-0] INFO  impl.RaftServerImpl (ServerState.java:close(385)) - c4751e07-4727-4633-be79-0e5d9146c54d@group-BF4A884C52EC: closes. applyIndex: 0
2019-09-24 02:26:51,609 [c4751e07-4727-4633-be79-0e5d9146c54d@group-BF4A884C52EC-SegmentedRaftLogWorker] INFO  segmented.SegmentedRaftLogWorker (SegmentedRaftLogWorker.java:run(313)) - c4751e07-4727-4633-be79-0e5d9146c54d@group-BF4A884C52EC-SegmentedRaftLogWorker was interrupted, exiting. There are 0 tasks remaining in the queue.
2019-09-24 02:26:51,609 [ForkJoinPool.commonPool-worker-0] INFO  segmented.SegmentedRaftLogWorker (SegmentedRaftLogWorker.java:close(228)) - c4751e07-4727-4633-be79-0e5d9146c54d@group-BF4A884C52EC-SegmentedRaftLogWorker close()
2019-09-24 02:26:51,609 [refreshUsed-/workdir/hadoop-ozone/integration-test/target/test-dir/MiniOzoneClusterImpl-69b5c385-cdb4-4487-be19-c3541ab4b602/datanode-7/data/containers] WARN  fs.CachingGetSpaceUsed (CachingGetSpaceUsed.java:run(183)) - Thread Interrupted waiting to refresh disk information: sleep interrupted
2019-09-24 02:26:51,609 [ForkJoinPool.commonPool-worker-0] INFO  server.GrpcService (GrpcService.java:closeImpl(164)) - c4751e07-4727-4633-be79-0e5d9146c54d: shutdown server with port 37596 now
2019-09-24 02:26:51,610 [ForkJoinPool.commonPool-worker-0] INFO  server.GrpcService (GrpcService.java:closeImpl(172)) - c4751e07-4727-4633-be79-0e5d9146c54d: shutdown server with port 37596 successfully
2019-09-24 02:26:51,614 [refreshUsed-/workdir/hadoop-ozone/integration-test/target/test-dir/MiniOzoneClusterImpl-69b5c385-cdb4-4487-be19-c3541ab4b602/datanode-1/data/containers] WARN  fs.CachingGetSpaceUsed (CachingGetSpaceUsed.java:run(183)) - Thread Interrupted waiting to refresh disk information: sleep interrupted
2019-09-24 02:26:51,627 [main] INFO  utils.BackgroundService (BackgroundService.java:shutdown(148)) - Shutting down service BlockDeletingService
2019-09-24 02:26:51,630 [main] INFO  statemachine.DatanodeStateMachine (DatanodeStateMachine.java:stopDaemon(395)) - Ozone container server stopped.
2019-09-24 02:26:51,631 [ForkJoinPool.commonPool-worker-0] INFO  utils.BackgroundService (BackgroundService.java:shutdown(148)) - Shutting down service BlockDeletingService
2019-09-24 02:26:51,639 [ForkJoinPool.commonPool-worker-0] INFO  statemachine.DatanodeStateMachine (DatanodeStateMachine.java:stopDaemon(395)) - Ozone container server stopped.
2019-09-24 02:26:51,643 [main] INFO  handler.ContextHandler (ContextHandler.java:doStop(910)) - Stopped o.e.j.w.WebAppContext@7c281eb8{/,null,UNAVAILABLE}{/hddsDatanode}
2019-09-24 02:26:51,644 [ForkJoinPool.commonPool-worker-0] INFO  handler.ContextHandler (ContextHandler.java:doStop(910)) - Stopped o.e.j.w.WebAppContext@712c5463{/,null,UNAVAILABLE}{/hddsDatanode}
2019-09-24 02:26:51,645 [main] INFO  server.AbstractConnector (AbstractConnector.java:doStop(318)) - Stopped ServerConnector@65f40689{HTTP/1.1,[http/1.1]}{0.0.0.0:0}
2019-09-24 02:26:51,645 [ForkJoinPool.commonPool-worker-0] INFO  server.AbstractConnector (AbstractConnector.java:doStop(318)) - Stopped ServerConnector@6d33a66e{HTTP/1.1,[http/1.1]}{0.0.0.0:0}
2019-09-24 02:26:51,645 [main] INFO  handler.ContextHandler (ContextHandler.java:doStop(910)) - Stopped o.e.j.s.ServletContextHandler@2abbd0d9{/static,jar:file:/home/user/.m2/repository/org/apache/hadoop/hadoop-hdds-container-service/0.5.0-SNAPSHOT/hadoop-hdds-container-service-0.5.0-SNAPSHOT.jar!/webapps/static,UNAVAILABLE}
2019-09-24 02:26:51,645 [ForkJoinPool.commonPool-worker-0] INFO  handler.ContextHandler (ContextHandler.java:doStop(910)) - Stopped o.e.j.s.ServletContextHandler@3625a016{/static,jar:file:/home/user/.m2/repository/org/apache/hadoop/hadoop-hdds-container-service/0.5.0-SNAPSHOT/hadoop-hdds-container-service-0.5.0-SNAPSHOT.jar!/webapps/static,UNAVAILABLE}
2019-09-24 02:26:51,646 [main] INFO  handler.ContextHandler (ContextHandler.java:doStop(910)) - Stopped o.e.j.s.ServletContextHandler@32ec9c90{/logs,file:///workdir/hadoop-ozone/integration-test/target/log,UNAVAILABLE}
2019-09-24 02:26:51,646 [ForkJoinPool.commonPool-worker-0] INFO  handler.ContextHandler (ContextHandler.java:doStop(910)) - Stopped o.e.j.s.ServletContextHandler@7e83992{/logs,file:///workdir/hadoop-ozone/integration-test/target/log,UNAVAILABLE}
2019-09-24 02:26:51,648 [main] INFO  ozone.MiniOzoneClusterImpl (MiniOzoneClusterImpl.java:stopSCM(392)) - Stopping the StorageContainerManager
2019-09-24 02:26:51,648 [main] INFO  server.StorageContainerManager (StorageContainerManager.java:stop(808)) - Stopping Replication Manager Service.
2019-09-24 02:26:51,648 [main] INFO  container.ReplicationManager (ReplicationManager.java:stop(203)) - Stopping Replication Monitor Thread.
2019-09-24 02:26:51,648 [main] INFO  server.StorageContainerManager (StorageContainerManager.java:stop(815)) - Stopping Lease Manager of the command watchers
2019-09-24 02:26:51,649 [main] INFO  server.StorageContainerManager (StorageContainerManager.java:stop(822)) - Stopping datanode service RPC server
2019-09-24 02:26:51,649 [main] INFO  server.SCMDatanodeProtocolServer (SCMDatanodeProtocolServer.java:stop(367)) - Stopping the RPC server for DataNodes
2019-09-24 02:26:51,649 [main] INFO  ipc.Server (Server.java:stop(3082)) - Stopping server on 45360
2019-09-24 02:26:51,652 [IPC Server listener on 45360] INFO  ipc.Server (Server.java:run(1185)) - Stopping IPC Server listener on 45360
2019-09-24 02:26:51,652 [IPC Server Responder] INFO  ipc.Server (Server.java:run(1319)) - Stopping IPC Server Responder
2019-09-24 02:26:51,695 [SCM Heartbeat Processing Thread - 0] WARN  node.NodeStateManager (NodeStateManager.java:scheduleNextHealthCheck(646)) - Current Thread is interrupted, shutting down HB processing thread for Node Manager.
2019-09-24 02:26:51,696 [main] INFO  server.StorageContainerManager (StorageContainerManager.java:stop(830)) - Stopping block service RPC server
2019-09-24 02:26:51,696 [main] INFO  server.SCMBlockProtocolServer (SCMBlockProtocolServer.java:stop(155)) - Stopping the RPC server for Block Protocol
2019-09-24 02:26:51,696 [main] INFO  ipc.Server (Server.java:stop(3082)) - Stopping server on 33854
2019-09-24 02:26:51,699 [IPC Server listener on 33854] INFO  ipc.Server (Server.java:run(1185)) - Stopping IPC Server listener on 33854
2019-09-24 02:26:51,699 [IPC Server Responder] INFO  ipc.Server (Server.java:run(1319)) - Stopping IPC Server Responder
2019-09-24 02:26:51,699 [main] INFO  server.StorageContainerManager (StorageContainerManager.java:stop(837)) - Stopping the StorageContainerLocationProtocol RPC server
2019-09-24 02:26:51,700 [main] INFO  server.SCMClientProtocolServer (SCMClientProtocolServer.java:stop(159)) - Stopping the RPC server for Client Protocol
2019-09-24 02:26:51,701 [main] INFO  ipc.Server (Server.java:stop(3082)) - Stopping server on 46877
2019-09-24 02:26:51,703 [IPC Server listener on 46877] INFO  ipc.Server (Server.java:run(1185)) - Stopping IPC Server listener on 46877
2019-09-24 02:26:51,703 [main] INFO  server.StorageContainerManager (StorageContainerManager.java:stop(844)) - Stopping Storage Container Manager HTTP server.
2019-09-24 02:26:51,703 [IPC Server Responder] INFO  ipc.Server (Server.java:run(1319)) - Stopping IPC Server Responder
2019-09-24 02:26:51,705 [main] INFO  handler.ContextHandler (ContextHandler.java:doStop(910)) - Stopped o.e.j.w.WebAppContext@6d2a2560{/,null,UNAVAILABLE}{/scm}
2019-09-24 02:26:51,705 [main] INFO  server.AbstractConnector (AbstractConnector.java:doStop(318)) - Stopped ServerConnector@62d1dc3c{HTTP/1.1,[http/1.1]}{0.0.0.0:0}
2019-09-24 02:26:51,706 [main] INFO  handler.ContextHandler (ContextHandler.java:doStop(910)) - Stopped o.e.j.s.ServletContextHandler@7fc420b8{/static,file:///workdir/hadoop-ozone/integration-test/target/test-classes/webapps/static,UNAVAILABLE}
2019-09-24 02:26:51,706 [main] INFO  handler.ContextHandler (ContextHandler.java:doStop(910)) - Stopped o.e.j.s.ServletContextHandler@4976085{/logs,file:///workdir/hadoop-ozone/integration-test/target/log,UNAVAILABLE}
2019-09-24 02:26:51,708 [main] INFO  server.StorageContainerManager (StorageContainerManager.java:stop(855)) - Stopping Block Manager Service.
2019-09-24 02:26:51,708 [main] INFO  utils.BackgroundService (BackgroundService.java:shutdown(148)) - Shutting down service SCMBlockDeletingService
2019-09-24 02:26:51,708 [main] INFO  utils.BackgroundService (BackgroundService.java:shutdown(148)) - Shutting down service SCMBlockDeletingService
2019-09-24 02:26:51,709 [main] INFO  server.StorageContainerManager (StorageContainerManager.java:stop(877)) - Stopping SCM Event Queue.
2019-09-24 02:26:51,713 [main] INFO  impl.MetricsSystemImpl (MetricsSystemImpl.java:stop(210)) - Stopping HddsDatanode metrics system...
2019-09-24 02:26:51,728 [main] INFO  impl.MetricsSystemImpl (MetricsSystemImpl.java:stop(216)) - HddsDatanode metrics system stopped.
]]></system-out>
    <system-err><![CDATA[Sep 24, 2019 2:26:30 AM org.apache.ratis.thirdparty.io.grpc.internal.SerializingExecutor run
SEVERE: Exception while executing runnable org.apache.ratis.thirdparty.io.grpc.internal.ServerImpl$JumpToApplicationThreadServerStreamListener$1Closed@5d2f5353
org.apache.ratis.thirdparty.io.grpc.StatusRuntimeException: CANCELLED: call already cancelled
	at org.apache.ratis.thirdparty.io.grpc.Status.asRuntimeException(Status.java:517)
	at org.apache.ratis.thirdparty.io.grpc.stub.ServerCalls$ServerCallStreamObserverImpl.onCompleted(ServerCalls.java:356)
	at org.apache.ratis.grpc.server.GrpcServerProtocolService$ServerRequestStreamObserver.onError(GrpcServerProtocolService.java:121)
	at org.apache.ratis.thirdparty.io.grpc.stub.ServerCalls$StreamingServerCallHandler$StreamingServerCallListener.onCancel(ServerCalls.java:269)
	at org.apache.ratis.thirdparty.io.grpc.internal.ServerCallImpl$ServerStreamListenerImpl.closed(ServerCallImpl.java:293)
	at org.apache.ratis.thirdparty.io.grpc.internal.ServerImpl$JumpToApplicationThreadServerStreamListener$1Closed.runInContext(ServerImpl.java:741)
	at org.apache.ratis.thirdparty.io.grpc.internal.ContextRunnable.run(ContextRunnable.java:37)
	at org.apache.ratis.thirdparty.io.grpc.internal.SerializingExecutor.run(SerializingExecutor.java:123)
	at java.util.concurrent.ThreadPoolExecutor.runWorker(ThreadPoolExecutor.java:1149)
	at java.util.concurrent.ThreadPoolExecutor$Worker.run(ThreadPoolExecutor.java:624)
	at java.lang.Thread.run(Thread.java:748)

Sep 24, 2019 2:26:36 AM org.apache.ratis.thirdparty.io.grpc.internal.SerializingExecutor run
SEVERE: Exception while executing runnable org.apache.ratis.thirdparty.io.grpc.internal.ServerImpl$JumpToApplicationThreadServerStreamListener$1Closed@5671e15e
org.apache.ratis.thirdparty.io.grpc.StatusRuntimeException: CANCELLED: call already cancelled
	at org.apache.ratis.thirdparty.io.grpc.Status.asRuntimeException(Status.java:517)
	at org.apache.ratis.thirdparty.io.grpc.stub.ServerCalls$ServerCallStreamObserverImpl.onCompleted(ServerCalls.java:356)
	at org.apache.ratis.grpc.server.GrpcServerProtocolService$ServerRequestStreamObserver.onError(GrpcServerProtocolService.java:121)
	at org.apache.ratis.thirdparty.io.grpc.stub.ServerCalls$StreamingServerCallHandler$StreamingServerCallListener.onCancel(ServerCalls.java:269)
	at org.apache.ratis.thirdparty.io.grpc.internal.ServerCallImpl$ServerStreamListenerImpl.closed(ServerCallImpl.java:293)
	at org.apache.ratis.thirdparty.io.grpc.internal.ServerImpl$JumpToApplicationThreadServerStreamListener$1Closed.runInContext(ServerImpl.java:741)
	at org.apache.ratis.thirdparty.io.grpc.internal.ContextRunnable.run(ContextRunnable.java:37)
	at org.apache.ratis.thirdparty.io.grpc.internal.SerializingExecutor.run(SerializingExecutor.java:123)
	at java.util.concurrent.ThreadPoolExecutor.runWorker(ThreadPoolExecutor.java:1149)
	at java.util.concurrent.ThreadPoolExecutor$Worker.run(ThreadPoolExecutor.java:624)
	at java.lang.Thread.run(Thread.java:748)

Sep 24, 2019 2:26:36 AM org.apache.ratis.thirdparty.io.grpc.internal.SerializingExecutor run
SEVERE: Exception while executing runnable org.apache.ratis.thirdparty.io.grpc.internal.ServerImpl$JumpToApplicationThreadServerStreamListener$1Closed@78a29654
org.apache.ratis.thirdparty.io.grpc.StatusRuntimeException: CANCELLED: call already cancelled
	at org.apache.ratis.thirdparty.io.grpc.Status.asRuntimeException(Status.java:517)
	at org.apache.ratis.thirdparty.io.grpc.stub.ServerCalls$ServerCallStreamObserverImpl.onCompleted(ServerCalls.java:356)
	at org.apache.ratis.grpc.server.GrpcServerProtocolService$ServerRequestStreamObserver.onError(GrpcServerProtocolService.java:121)
	at org.apache.ratis.thirdparty.io.grpc.stub.ServerCalls$StreamingServerCallHandler$StreamingServerCallListener.onCancel(ServerCalls.java:269)
	at org.apache.ratis.thirdparty.io.grpc.internal.ServerCallImpl$ServerStreamListenerImpl.closed(ServerCallImpl.java:293)
	at org.apache.ratis.thirdparty.io.grpc.internal.ServerImpl$JumpToApplicationThreadServerStreamListener$1Closed.runInContext(ServerImpl.java:741)
	at org.apache.ratis.thirdparty.io.grpc.internal.ContextRunnable.run(ContextRunnable.java:37)
	at org.apache.ratis.thirdparty.io.grpc.internal.SerializingExecutor.run(SerializingExecutor.java:123)
	at java.util.concurrent.ThreadPoolExecutor.runWorker(ThreadPoolExecutor.java:1149)
	at java.util.concurrent.ThreadPoolExecutor$Worker.run(ThreadPoolExecutor.java:624)
	at java.lang.Thread.run(Thread.java:748)

Exception in thread "org.apache.ratis.server.impl.LogAppender$AppenderDaemon$$Lambda$430/2026899056@6ab2c4b1" java.lang.IllegalArgumentException: a2acb7c4-7563-4fb4-bd8c-c1e015953028@group-A3765C17C61C-SegmentedRaftLog is expected to be opened but it is CLOSED
	at org.apache.ratis.util.OpenCloseState.assertOpen(OpenCloseState.java:63)
	at org.apache.ratis.server.raftlog.RaftLog.checkLogState(RaftLog.java:102)
	at org.apache.ratis.server.raftlog.segmented.SegmentedRaftLog.getLastEntryTermIndex(SegmentedRaftLog.java:324)
	at org.apache.ratis.server.raftlog.RaftLog.getNextIndex(RaftLog.java:148)
	at org.apache.ratis.server.impl.LeaderState.addAndStartSenders(LeaderState.java:375)
	at org.apache.ratis.server.impl.LeaderState.restartSender(LeaderState.java:400)
	at org.apache.ratis.server.impl.LogAppender$AppenderDaemon.run(LogAppender.java:93)
	at java.lang.Thread.run(Thread.java:748)
Caused by: org.apache.ratis.util.OpenCloseState$CloseTrace: Close a2acb7c4-7563-4fb4-bd8c-c1e015953028@group-A3765C17C61C-SegmentedRaftLog
	at org.apache.ratis.util.OpenCloseState.lambda$close$1(OpenCloseState.java:109)
	at java.util.concurrent.atomic.AtomicReference.getAndUpdate(AtomicReference.java:160)
	at org.apache.ratis.util.OpenCloseState.close(OpenCloseState.java:109)
	at org.apache.ratis.server.raftlog.RaftLog.close(RaftLog.java:437)
	at org.apache.ratis.server.raftlog.segmented.SegmentedRaftLog.close(SegmentedRaftLog.java:476)
	at org.apache.ratis.server.impl.ServerState.close(ServerState.java:387)
	at org.apache.ratis.server.impl.RaftServerImpl.lambda$shutdown$3(RaftServerImpl.java:273)
	at org.apache.ratis.util.LifeCycle.lambda$checkStateAndClose$2(LifeCycle.java:231)
	at org.apache.ratis.util.LifeCycle.checkStateAndClose(LifeCycle.java:251)
	at org.apache.ratis.util.LifeCycle.checkStateAndClose(LifeCycle.java:229)
	at org.apache.ratis.server.impl.RaftServerImpl.shutdown(RaftServerImpl.java:250)
	at org.apache.ratis.server.impl.RaftServerProxy$ImplMap.lambda$close$0(RaftServerProxy.java:107)
	at java.util.stream.ForEachOps$ForEachOp$OfRef.accept(ForEachOps.java:184)
	at java.util.stream.ReferencePipeline$3$1.accept(ReferencePipeline.java:193)
	at java.util.concurrent.ConcurrentHashMap$ValueSpliterator.forEachRemaining(ConcurrentHashMap.java:3566)
	at java.util.stream.AbstractPipeline.copyInto(AbstractPipeline.java:482)
	at java.util.stream.ForEachOps$ForEachTask.compute(ForEachOps.java:291)
	at java.util.concurrent.CountedCompleter.exec(CountedCompleter.java:731)
	at java.util.concurrent.ForkJoinTask.doExec(ForkJoinTask.java:289)
	at java.util.concurrent.ForkJoinTask.doInvoke(ForkJoinTask.java:401)
	at java.util.concurrent.ForkJoinTask.invoke(ForkJoinTask.java:734)
	at java.util.stream.ForEachOps$ForEachOp.evaluateParallel(ForEachOps.java:160)
	at java.util.stream.ForEachOps$ForEachOp$OfRef.evaluateParallel(ForEachOps.java:174)
	at java.util.stream.AbstractPipeline.evaluate(AbstractPipeline.java:233)
	at java.util.stream.ReferencePipeline.forEach(ReferencePipeline.java:418)
	at org.apache.ratis.server.impl.RaftServerProxy$ImplMap.close(RaftServerProxy.java:107)
	at org.apache.ratis.server.impl.RaftServerProxy.lambda$close$4(RaftServerProxy.java:315)
	at org.apache.ratis.util.LifeCycle.lambda$checkStateAndClose$2(LifeCycle.java:231)
	at org.apache.ratis.util.LifeCycle.checkStateAndClose(LifeCycle.java:251)
	at org.apache.ratis.util.LifeCycle.checkStateAndClose(LifeCycle.java:229)
	at org.apache.ratis.server.impl.RaftServerProxy.close(RaftServerProxy.java:313)
	at org.apache.hadoop.ozone.container.common.transport.server.ratis.XceiverServerRatis.stop(XceiverServerRatis.java:441)
	at org.apache.hadoop.ozone.container.ozoneimpl.OzoneContainer.stop(OzoneContainer.java:233)
	at org.apache.hadoop.ozone.container.common.statemachine.DatanodeStateMachine.close(DatanodeStateMachine.java:270)
	at org.apache.hadoop.ozone.container.common.statemachine.DatanodeStateMachine.stopDaemon(DatanodeStateMachine.java:394)
	at org.apache.hadoop.ozone.HddsDatanodeService.stop(HddsDatanodeService.java:457)
	at org.apache.hadoop.ozone.MiniOzoneClusterImpl.stopDatanode(MiniOzoneClusterImpl.java:385)
	at java.util.stream.ForEachOps$ForEachOp$OfRef.accept(ForEachOps.java:184)
	at java.util.ArrayList$ArrayListSpliterator.forEachRemaining(ArrayList.java:1382)
	at java.util.stream.AbstractPipeline.copyInto(AbstractPipeline.java:482)
	at java.util.stream.ForEachOps$ForEachTask.compute(ForEachOps.java:291)
	at java.util.concurrent.CountedCompleter.exec(CountedCompleter.java:731)
	at java.util.concurrent.ForkJoinTask.doExec(ForkJoinTask.java:289)
	at java.util.concurrent.ForkJoinPool.helpComplete(ForkJoinPool.java:1870)
	at java.util.concurrent.ForkJoinPool.externalHelpComplete(ForkJoinPool.java:2467)
	at java.util.concurrent.ForkJoinTask.externalAwaitDone(ForkJoinTask.java:324)
	at java.util.concurrent.ForkJoinTask.doInvoke(ForkJoinTask.java:405)
	at java.util.concurrent.ForkJoinTask.invoke(ForkJoinTask.java:734)
	at java.util.stream.ForEachOps$ForEachOp.evaluateParallel(ForEachOps.java:160)
	at java.util.stream.ForEachOps$ForEachOp$OfRef.evaluateParallel(ForEachOps.java:174)
	at java.util.stream.AbstractPipeline.evaluate(AbstractPipeline.java:233)
	at java.util.stream.ReferencePipeline.forEach(ReferencePipeline.java:418)
	at java.util.stream.ReferencePipeline$Head.forEach(ReferencePipeline.java:583)
	at org.apache.hadoop.ozone.MiniOzoneClusterImpl.stopDatanodes(MiniOzoneClusterImpl.java:379)
	at org.apache.hadoop.ozone.MiniOzoneClusterImpl.stop(MiniOzoneClusterImpl.java:332)
	at org.apache.hadoop.ozone.MiniOzoneClusterImpl.shutdown(MiniOzoneClusterImpl.java:319)
	at org.apache.hadoop.ozone.client.rpc.TestFailureHandlingByClient.shutdown(TestFailureHandlingByClient.java:130)
	at sun.reflect.NativeMethodAccessorImpl.invoke0(Native Method)
	at sun.reflect.NativeMethodAccessorImpl.invoke(NativeMethodAccessorImpl.java:62)
	at sun.reflect.DelegatingMethodAccessorImpl.invoke(DelegatingMethodAccessorImpl.java:43)
	at java.lang.reflect.Method.invoke(Method.java:498)
	at org.junit.runners.model.FrameworkMethod$1.runReflectiveCall(FrameworkMethod.java:47)
	at org.junit.internal.runners.model.ReflectiveCallable.run(ReflectiveCallable.java:12)
	at org.junit.runners.model.FrameworkMethod.invokeExplosively(FrameworkMethod.java:44)
	at org.junit.internal.runners.statements.RunAfters.evaluate(RunAfters.java:33)
	at org.junit.runners.ParentRunner.runLeaf(ParentRunner.java:271)
	at org.junit.runners.BlockJUnit4ClassRunner.runChild(BlockJUnit4ClassRunner.java:70)
	at org.junit.runners.BlockJUnit4ClassRunner.runChild(BlockJUnit4ClassRunner.java:50)
	at org.junit.runners.ParentRunner$3.run(ParentRunner.java:238)
	at org.junit.runners.ParentRunner$1.schedule(ParentRunner.java:63)
	at org.junit.runners.ParentRunner.runChildren(ParentRunner.java:236)
	at org.junit.runners.ParentRunner.access$000(ParentRunner.java:53)
	at org.junit.runners.ParentRunner$2.evaluate(ParentRunner.java:229)
	at org.junit.runners.ParentRunner.run(ParentRunner.java:309)
	at org.apache.maven.surefire.junit4.JUnit4Provider.execute(JUnit4Provider.java:365)
	at org.apache.maven.surefire.junit4.JUnit4Provider.executeWithRerun(JUnit4Provider.java:273)
	at org.apache.maven.surefire.junit4.JUnit4Provider.executeTestSet(JUnit4Provider.java:238)
	at org.apache.maven.surefire.junit4.JUnit4Provider.invoke(JUnit4Provider.java:159)
	at org.apache.maven.surefire.booter.ForkedBooter.invokeProviderInSameClassLoader(ForkedBooter.java:384)
	at org.apache.maven.surefire.booter.ForkedBooter.runSuitesInProcess(ForkedBooter.java:345)
	at org.apache.maven.surefire.booter.ForkedBooter.execute(ForkedBooter.java:126)
	at org.apache.maven.surefire.booter.ForkedBooter.main(ForkedBooter.java:418)
Exception in thread "org.apache.ratis.server.impl.LogAppender$AppenderDaemon$$Lambda$430/2026899056@7ab4815a" java.lang.IllegalArgumentException: a2acb7c4-7563-4fb4-bd8c-c1e015953028@group-A3765C17C61C-SegmentedRaftLog is expected to be opened but it is CLOSED
	at org.apache.ratis.util.OpenCloseState.assertOpen(OpenCloseState.java:63)
	at org.apache.ratis.server.raftlog.RaftLog.checkLogState(RaftLog.java:102)
	at org.apache.ratis.server.raftlog.segmented.SegmentedRaftLog.getLastEntryTermIndex(SegmentedRaftLog.java:324)
	at org.apache.ratis.server.raftlog.RaftLog.getNextIndex(RaftLog.java:148)
	at org.apache.ratis.server.impl.LeaderState.addAndStartSenders(LeaderState.java:375)
	at org.apache.ratis.server.impl.LeaderState.restartSender(LeaderState.java:400)
	at org.apache.ratis.server.impl.LogAppender$AppenderDaemon.run(LogAppender.java:93)
	at java.lang.Thread.run(Thread.java:748)
Caused by: org.apache.ratis.util.OpenCloseState$CloseTrace: Close a2acb7c4-7563-4fb4-bd8c-c1e015953028@group-A3765C17C61C-SegmentedRaftLog
	at org.apache.ratis.util.OpenCloseState.lambda$close$1(OpenCloseState.java:109)
	at java.util.concurrent.atomic.AtomicReference.getAndUpdate(AtomicReference.java:160)
	at org.apache.ratis.util.OpenCloseState.close(OpenCloseState.java:109)
	at org.apache.ratis.server.raftlog.RaftLog.close(RaftLog.java:437)
	at org.apache.ratis.server.raftlog.segmented.SegmentedRaftLog.close(SegmentedRaftLog.java:476)
	at org.apache.ratis.server.impl.ServerState.close(ServerState.java:387)
	at org.apache.ratis.server.impl.RaftServerImpl.lambda$shutdown$3(RaftServerImpl.java:273)
	at org.apache.ratis.util.LifeCycle.lambda$checkStateAndClose$2(LifeCycle.java:231)
	at org.apache.ratis.util.LifeCycle.checkStateAndClose(LifeCycle.java:251)
	at org.apache.ratis.util.LifeCycle.checkStateAndClose(LifeCycle.java:229)
	at org.apache.ratis.server.impl.RaftServerImpl.shutdown(RaftServerImpl.java:250)
	at org.apache.ratis.server.impl.RaftServerProxy$ImplMap.lambda$close$0(RaftServerProxy.java:107)
	at java.util.stream.ForEachOps$ForEachOp$OfRef.accept(ForEachOps.java:184)
	at java.util.stream.ReferencePipeline$3$1.accept(ReferencePipeline.java:193)
	at java.util.concurrent.ConcurrentHashMap$ValueSpliterator.forEachRemaining(ConcurrentHashMap.java:3566)
	at java.util.stream.AbstractPipeline.copyInto(AbstractPipeline.java:482)
	at java.util.stream.ForEachOps$ForEachTask.compute(ForEachOps.java:291)
	at java.util.concurrent.CountedCompleter.exec(CountedCompleter.java:731)
	at java.util.concurrent.ForkJoinTask.doExec(ForkJoinTask.java:289)
	at java.util.concurrent.ForkJoinTask.doInvoke(ForkJoinTask.java:401)
	at java.util.concurrent.ForkJoinTask.invoke(ForkJoinTask.java:734)
	at java.util.stream.ForEachOps$ForEachOp.evaluateParallel(ForEachOps.java:160)
	at java.util.stream.ForEachOps$ForEachOp$OfRef.evaluateParallel(ForEachOps.java:174)
	at java.util.stream.AbstractPipeline.evaluate(AbstractPipeline.java:233)
	at java.util.stream.ReferencePipeline.forEach(ReferencePipeline.java:418)
	at org.apache.ratis.server.impl.RaftServerProxy$ImplMap.close(RaftServerProxy.java:107)
	at org.apache.ratis.server.impl.RaftServerProxy.lambda$close$4(RaftServerProxy.java:315)
	at org.apache.ratis.util.LifeCycle.lambda$checkStateAndClose$2(LifeCycle.java:231)
	at org.apache.ratis.util.LifeCycle.checkStateAndClose(LifeCycle.java:251)
	at org.apache.ratis.util.LifeCycle.checkStateAndClose(LifeCycle.java:229)
	at org.apache.ratis.server.impl.RaftServerProxy.close(RaftServerProxy.java:313)
	at org.apache.hadoop.ozone.container.common.transport.server.ratis.XceiverServerRatis.stop(XceiverServerRatis.java:441)
	at org.apache.hadoop.ozone.container.ozoneimpl.OzoneContainer.stop(OzoneContainer.java:233)
	at org.apache.hadoop.ozone.container.common.statemachine.DatanodeStateMachine.close(DatanodeStateMachine.java:270)
	at org.apache.hadoop.ozone.container.common.statemachine.DatanodeStateMachine.stopDaemon(DatanodeStateMachine.java:394)
	at org.apache.hadoop.ozone.HddsDatanodeService.stop(HddsDatanodeService.java:457)
	at org.apache.hadoop.ozone.MiniOzoneClusterImpl.stopDatanode(MiniOzoneClusterImpl.java:385)
	at java.util.stream.ForEachOps$ForEachOp$OfRef.accept(ForEachOps.java:184)
	at java.util.ArrayList$ArrayListSpliterator.forEachRemaining(ArrayList.java:1382)
	at java.util.stream.AbstractPipeline.copyInto(AbstractPipeline.java:482)
	at java.util.stream.ForEachOps$ForEachTask.compute(ForEachOps.java:291)
	at java.util.concurrent.CountedCompleter.exec(CountedCompleter.java:731)
	at java.util.concurrent.ForkJoinTask.doExec(ForkJoinTask.java:289)
	at java.util.concurrent.ForkJoinPool.helpComplete(ForkJoinPool.java:1870)
	at java.util.concurrent.ForkJoinPool.externalHelpComplete(ForkJoinPool.java:2467)
	at java.util.concurrent.ForkJoinTask.externalAwaitDone(ForkJoinTask.java:324)
	at java.util.concurrent.ForkJoinTask.doInvoke(ForkJoinTask.java:405)
	at java.util.concurrent.ForkJoinTask.invoke(ForkJoinTask.java:734)
	at java.util.stream.ForEachOps$ForEachOp.evaluateParallel(ForEachOps.java:160)
	at java.util.stream.ForEachOps$ForEachOp$OfRef.evaluateParallel(ForEachOps.java:174)
	at java.util.stream.AbstractPipeline.evaluate(AbstractPipeline.java:233)
	at java.util.stream.ReferencePipeline.forEach(ReferencePipeline.java:418)
	at java.util.stream.ReferencePipeline$Head.forEach(ReferencePipeline.java:583)
	at org.apache.hadoop.ozone.MiniOzoneClusterImpl.stopDatanodes(MiniOzoneClusterImpl.java:379)
	at org.apache.hadoop.ozone.MiniOzoneClusterImpl.stop(MiniOzoneClusterImpl.java:332)
	at org.apache.hadoop.ozone.MiniOzoneClusterImpl.shutdown(MiniOzoneClusterImpl.java:319)
	at org.apache.hadoop.ozone.client.rpc.TestFailureHandlingByClient.shutdown(TestFailureHandlingByClient.java:130)
	at sun.reflect.NativeMethodAccessorImpl.invoke0(Native Method)
	at sun.reflect.NativeMethodAccessorImpl.invoke(NativeMethodAccessorImpl.java:62)
	at sun.reflect.DelegatingMethodAccessorImpl.invoke(DelegatingMethodAccessorImpl.java:43)
	at java.lang.reflect.Method.invoke(Method.java:498)
	at org.junit.runners.model.FrameworkMethod$1.runReflectiveCall(FrameworkMethod.java:47)
	at org.junit.internal.runners.model.ReflectiveCallable.run(ReflectiveCallable.java:12)
	at org.junit.runners.model.FrameworkMethod.invokeExplosively(FrameworkMethod.java:44)
	at org.junit.internal.runners.statements.RunAfters.evaluate(RunAfters.java:33)
	at org.junit.runners.ParentRunner.runLeaf(ParentRunner.java:271)
	at org.junit.runners.BlockJUnit4ClassRunner.runChild(BlockJUnit4ClassRunner.java:70)
	at org.junit.runners.BlockJUnit4ClassRunner.runChild(BlockJUnit4ClassRunner.java:50)
	at org.junit.runners.ParentRunner$3.run(ParentRunner.java:238)
	at org.junit.runners.ParentRunner$1.schedule(ParentRunner.java:63)
	at org.junit.runners.ParentRunner.runChildren(ParentRunner.java:236)
	at org.junit.runners.ParentRunner.access$000(ParentRunner.java:53)
	at org.junit.runners.ParentRunner$2.evaluate(ParentRunner.java:229)
	at org.junit.runners.ParentRunner.run(ParentRunner.java:309)
	at org.apache.maven.surefire.junit4.JUnit4Provider.execute(JUnit4Provider.java:365)
	at org.apache.maven.surefire.junit4.JUnit4Provider.executeWithRerun(JUnit4Provider.java:273)
	at org.apache.maven.surefire.junit4.JUnit4Provider.executeTestSet(JUnit4Provider.java:238)
	at org.apache.maven.surefire.junit4.JUnit4Provider.invoke(JUnit4Provider.java:159)
	at org.apache.maven.surefire.booter.ForkedBooter.invokeProviderInSameClassLoader(ForkedBooter.java:384)
	at org.apache.maven.surefire.booter.ForkedBooter.runSuitesInProcess(ForkedBooter.java:345)
	at org.apache.maven.surefire.booter.ForkedBooter.execute(ForkedBooter.java:126)
	at org.apache.maven.surefire.booter.ForkedBooter.main(ForkedBooter.java:418)
]]></system-err>
  </testcase>
  <testcase name="testWriteSmallFile" classname="org.apache.hadoop.ozone.client.rpc.TestFailureHandlingByClient" time="142.574">
    <error message="Connection refused" type="java.net.ConnectException"><![CDATA[java.net.ConnectException: Connection refused
	at sun.nio.ch.SocketChannelImpl.checkConnect(Native Method)
	at sun.nio.ch.SocketChannelImpl.finishConnect(SocketChannelImpl.java:717)
	at org.apache.hadoop.net.SocketIOWithTimeout.connect(SocketIOWithTimeout.java:206)
	at org.apache.hadoop.net.NetUtils.connect(NetUtils.java:531)
	at org.apache.hadoop.ipc.Client$Connection.setupConnection(Client.java:690)
	at org.apache.hadoop.ipc.Client$Connection.setupIOstreams(Client.java:794)
	at org.apache.hadoop.ipc.Client$Connection.access$3700(Client.java:411)
	at org.apache.hadoop.ipc.Client.getConnection(Client.java:1572)
	at org.apache.hadoop.ipc.Client.call(Client.java:1403)
	at org.apache.hadoop.ipc.Client.call(Client.java:1367)
	at org.apache.hadoop.ipc.ProtobufRpcEngine$Invoker.invoke(ProtobufRpcEngine.java:228)
	at org.apache.hadoop.ipc.ProtobufRpcEngine$Invoker.invoke(ProtobufRpcEngine.java:116)
	at com.sun.proxy.$Proxy35.submitRequest(Unknown Source)
	at sun.reflect.GeneratedMethodAccessor36.invoke(Unknown Source)
	at sun.reflect.DelegatingMethodAccessorImpl.invoke(DelegatingMethodAccessorImpl.java:43)
	at java.lang.reflect.Method.invoke(Method.java:498)
	at org.apache.hadoop.io.retry.RetryInvocationHandler.invokeMethod(RetryInvocationHandler.java:422)
	at org.apache.hadoop.io.retry.RetryInvocationHandler$Call.invokeMethod(RetryInvocationHandler.java:165)
	at org.apache.hadoop.io.retry.RetryInvocationHandler$Call.invoke(RetryInvocationHandler.java:157)
	at org.apache.hadoop.io.retry.RetryInvocationHandler$Call.invokeOnce(RetryInvocationHandler.java:95)
	at org.apache.hadoop.io.retry.RetryInvocationHandler.invoke(RetryInvocationHandler.java:359)
	at com.sun.proxy.$Proxy35.submitRequest(Unknown Source)
	at org.apache.hadoop.ozone.om.protocolPB.OzoneManagerProtocolClientSideTranslatorPB.submitRequest(OzoneManagerProtocolClientSideTranslatorPB.java:338)
	at org.apache.hadoop.ozone.om.protocolPB.OzoneManagerProtocolClientSideTranslatorPB.getServiceInfo(OzoneManagerProtocolClientSideTranslatorPB.java:1223)
	at sun.reflect.NativeMethodAccessorImpl.invoke0(Native Method)
	at sun.reflect.NativeMethodAccessorImpl.invoke(NativeMethodAccessorImpl.java:62)
	at sun.reflect.DelegatingMethodAccessorImpl.invoke(DelegatingMethodAccessorImpl.java:43)
	at java.lang.reflect.Method.invoke(Method.java:498)
	at org.apache.hadoop.hdds.tracing.TraceAllMethod.invoke(TraceAllMethod.java:66)
	at com.sun.proxy.$Proxy36.getServiceInfo(Unknown Source)
	at org.apache.hadoop.ozone.client.rpc.RpcClient.<init>(RpcClient.java:154)
	at org.apache.hadoop.ozone.client.OzoneClientFactory.getClientProtocol(OzoneClientFactory.java:256)
	at org.apache.hadoop.ozone.client.OzoneClientFactory.getClientProtocol(OzoneClientFactory.java:239)
	at org.apache.hadoop.ozone.client.OzoneClientFactory.getClient(OzoneClientFactory.java:75)
	at org.apache.hadoop.ozone.client.rpc.TestFailureHandlingByClient.init(TestFailureHandlingByClient.java:111)
	at org.apache.hadoop.ozone.client.rpc.TestFailureHandlingByClient.startCluster(TestFailureHandlingByClient.java:121)
	at org.apache.hadoop.ozone.client.rpc.TestFailureHandlingByClient.testWriteSmallFile(TestFailureHandlingByClient.java:177)
	at sun.reflect.NativeMethodAccessorImpl.invoke0(Native Method)
	at sun.reflect.NativeMethodAccessorImpl.invoke(NativeMethodAccessorImpl.java:62)
	at sun.reflect.DelegatingMethodAccessorImpl.invoke(DelegatingMethodAccessorImpl.java:43)
	at java.lang.reflect.Method.invoke(Method.java:498)
	at org.junit.runners.model.FrameworkMethod$1.runReflectiveCall(FrameworkMethod.java:47)
	at org.junit.internal.runners.model.ReflectiveCallable.run(ReflectiveCallable.java:12)
	at org.junit.runners.model.FrameworkMethod.invokeExplosively(FrameworkMethod.java:44)
	at org.junit.internal.runners.statements.InvokeMethod.evaluate(InvokeMethod.java:17)
	at org.junit.internal.runners.statements.RunAfters.evaluate(RunAfters.java:27)
	at org.junit.runners.ParentRunner.runLeaf(ParentRunner.java:271)
	at org.junit.runners.BlockJUnit4ClassRunner.runChild(BlockJUnit4ClassRunner.java:70)
	at org.junit.runners.BlockJUnit4ClassRunner.runChild(BlockJUnit4ClassRunner.java:50)
	at org.junit.runners.ParentRunner$3.run(ParentRunner.java:238)
	at org.junit.runners.ParentRunner$1.schedule(ParentRunner.java:63)
	at org.junit.runners.ParentRunner.runChildren(ParentRunner.java:236)
	at org.junit.runners.ParentRunner.access$000(ParentRunner.java:53)
	at org.junit.runners.ParentRunner$2.evaluate(ParentRunner.java:229)
	at org.junit.runners.ParentRunner.run(ParentRunner.java:309)
	at org.apache.maven.surefire.junit4.JUnit4Provider.execute(JUnit4Provider.java:365)
	at org.apache.maven.surefire.junit4.JUnit4Provider.executeWithRerun(JUnit4Provider.java:273)
	at org.apache.maven.surefire.junit4.JUnit4Provider.executeTestSet(JUnit4Provider.java:238)
	at org.apache.maven.surefire.junit4.JUnit4Provider.invoke(JUnit4Provider.java:159)
	at org.apache.maven.surefire.booter.ForkedBooter.invokeProviderInSameClassLoader(ForkedBooter.java:384)
	at org.apache.maven.surefire.booter.ForkedBooter.runSuitesInProcess(ForkedBooter.java:345)
	at org.apache.maven.surefire.booter.ForkedBooter.execute(ForkedBooter.java:126)
	at org.apache.maven.surefire.booter.ForkedBooter.main(ForkedBooter.java:418)
]]></error>
    <system-out><![CDATA[2019-09-24 02:26:51,772 [main] WARN  server.ServerUtils (ServerUtils.java:getScmDbDir(145)) - ozone.scm.db.dirs is not configured. We recommend adding this setting. Falling back to ozone.metadata.dirs instead.
2019-09-24 02:26:51,797 [main] WARN  server.ServerUtils (ServerUtils.java:getScmDbDir(145)) - ozone.scm.db.dirs is not configured. We recommend adding this setting. Falling back to ozone.metadata.dirs instead.
2019-09-24 02:26:51,798 [main] WARN  server.ServerUtils (ServerUtils.java:getScmDbDir(145)) - ozone.scm.db.dirs is not configured. We recommend adding this setting. Falling back to ozone.metadata.dirs instead.
2019-09-24 02:26:51,799 [main] INFO  db.DBStoreBuilder (DBStoreBuilder.java:addTable(110)) - using custom profile for table: deletedBlocks
2019-09-24 02:26:51,799 [main] INFO  db.DBStoreBuilder (DBStoreBuilder.java:processTables(161)) - Using default column profile:DBProfile.DISK for Table:deletedBlocks
2019-09-24 02:26:51,799 [main] INFO  db.DBStoreBuilder (DBStoreBuilder.java:addTable(110)) - using custom profile for table: validCerts
2019-09-24 02:26:51,800 [main] INFO  db.DBStoreBuilder (DBStoreBuilder.java:processTables(161)) - Using default column profile:DBProfile.DISK for Table:validCerts
2019-09-24 02:26:51,800 [main] INFO  db.DBStoreBuilder (DBStoreBuilder.java:addTable(110)) - using custom profile for table: revokedCerts
2019-09-24 02:26:51,800 [main] INFO  db.DBStoreBuilder (DBStoreBuilder.java:processTables(161)) - Using default column profile:DBProfile.DISK for Table:revokedCerts
2019-09-24 02:26:51,801 [main] INFO  db.DBStoreBuilder (DBStoreBuilder.java:addTable(110)) - using custom profile for table: default
2019-09-24 02:26:51,801 [main] INFO  db.DBStoreBuilder (DBStoreBuilder.java:processTables(167)) - Using default column profile:DBProfile.DISK for Table:default
2019-09-24 02:26:51,801 [main] INFO  db.DBStoreBuilder (DBStoreBuilder.java:getDbProfile(198)) - Using default options. DBProfile.DISK
2019-09-24 02:26:51,943 [main] INFO  net.NodeSchemaLoader (NodeSchemaLoader.java:loadSchemaFromFile(125)) - Loading file from sun.misc.CompoundEnumeration@1ff15a50
2019-09-24 02:26:51,944 [main] INFO  net.NodeSchemaLoader (NodeSchemaLoader.java:loadSchema(171)) - Loading network topology layer schema file
2019-09-24 02:26:51,948 [main] INFO  node.SCMNodeManager (SCMNodeManager.java:<init>(114)) - Entering startup safe mode.
2019-09-24 02:26:51,949 [main] INFO  algorithms.ContainerPlacementPolicyFactory (ContainerPlacementPolicyFactory.java:getPolicy(57)) - Create container placement policy of type org.apache.hadoop.hdds.scm.container.placement.algorithms.SCMContainerPlacementRandom
2019-09-24 02:26:51,949 [main] WARN  server.ServerUtils (ServerUtils.java:getScmDbDir(145)) - ozone.scm.db.dirs is not configured. We recommend adding this setting. Falling back to ozone.metadata.dirs instead.
2019-09-24 02:26:51,969 [main] INFO  pipeline.SCMPipelineManager (SCMPipelineManager.java:initializePipelineState(132)) - No pipeline exists in current db
2019-09-24 02:26:51,969 [main] WARN  server.ServerUtils (ServerUtils.java:getScmDbDir(145)) - ozone.scm.db.dirs is not configured. We recommend adding this setting. Falling back to ozone.metadata.dirs instead.
2019-09-24 02:26:51,989 [main] WARN  events.EventQueue (EventQueue.java:fireEvent(183)) - No event handler registered for event TypedEvent{payloadType=SafeModeStatus, name='SafeModeStatus'}
2019-09-24 02:26:51,989 [main] INFO  ipc.CallQueueManager (CallQueueManager.java:<init>(84)) - Using callQueue: class java.util.concurrent.LinkedBlockingQueue, queueCapacity: 2000, scheduler: class org.apache.hadoop.ipc.DefaultRpcScheduler, ipcBackoff: false.
2019-09-24 02:26:51,990 [Socket Reader #1 for port 38726] INFO  ipc.Server (Server.java:run(1074)) - Starting Socket Reader #1 for port 38726
2019-09-24 02:26:51,991 [main] INFO  ipc.CallQueueManager (CallQueueManager.java:<init>(84)) - Using callQueue: class java.util.concurrent.LinkedBlockingQueue, queueCapacity: 2000, scheduler: class org.apache.hadoop.ipc.DefaultRpcScheduler, ipcBackoff: false.
2019-09-24 02:26:51,992 [Socket Reader #1 for port 41371] INFO  ipc.Server (Server.java:run(1074)) - Starting Socket Reader #1 for port 41371
2019-09-24 02:26:51,993 [main] INFO  ipc.CallQueueManager (CallQueueManager.java:<init>(84)) - Using callQueue: class java.util.concurrent.LinkedBlockingQueue, queueCapacity: 2000, scheduler: class org.apache.hadoop.ipc.DefaultRpcScheduler, ipcBackoff: false.
2019-09-24 02:26:51,994 [Socket Reader #1 for port 39431] INFO  ipc.Server (Server.java:run(1074)) - Starting Socket Reader #1 for port 39431
2019-09-24 02:26:51,996 [main] INFO  hdfs.DFSUtil (DFSUtil.java:httpServerTemplateForNNAndJN(1641)) - Starting Web-server for scm at: http://0.0.0.0:0
2019-09-24 02:26:51,998 [main] INFO  server.AuthenticationFilter (AuthenticationFilter.java:constructSecretProvider(240)) - Unable to initialize FileSignerSecretProvider, falling back to use random secrets.
2019-09-24 02:26:52,000 [main] WARN  http.HttpRequestLog (HttpRequestLog.java:getRequestLog(97)) - Jetty request log can only be enabled using Log4j
2019-09-24 02:26:52,002 [main] INFO  http.HttpServer2 (HttpServer2.java:addGlobalFilter(975)) - Added global filter 'safety' (class=org.apache.hadoop.http.HttpServer2$QuotingInputFilter)
2019-09-24 02:26:52,003 [main] INFO  http.HttpServer2 (HttpServer2.java:addFilter(948)) - Added filter static_user_filter (class=org.apache.hadoop.http.lib.StaticUserWebFilter$StaticUserFilter) to context scm
2019-09-24 02:26:52,003 [main] INFO  http.HttpServer2 (HttpServer2.java:addFilter(958)) - Added filter static_user_filter (class=org.apache.hadoop.http.lib.StaticUserWebFilter$StaticUserFilter) to context logs
2019-09-24 02:26:52,003 [main] INFO  http.HttpServer2 (HttpServer2.java:addFilter(958)) - Added filter static_user_filter (class=org.apache.hadoop.http.lib.StaticUserWebFilter$StaticUserFilter) to context static
2019-09-24 02:26:52,006 [main] INFO  server.StorageContainerManager (StorageContainerManager.java:start(770)) - StorageContainerLocationProtocol RPC server is listening at /0.0.0.0:39431
2019-09-24 02:26:52,008 [main] WARN  impl.MetricsConfig (MetricsConfig.java:loadFirst(134)) - Cannot locate configuration: tried hadoop-metrics2-storagecontainermanager.properties,hadoop-metrics2.properties
2019-09-24 02:26:52,009 [main] INFO  impl.MetricsSystemImpl (MetricsSystemImpl.java:startTimer(374)) - Scheduled Metric snapshot period at 10 second(s).
2019-09-24 02:26:52,009 [main] INFO  impl.MetricsSystemImpl (MetricsSystemImpl.java:start(191)) - StorageContainerManager metrics system started
2019-09-24 02:26:52,054 [main] WARN  impl.MetricsSystemImpl (MetricsSystemImpl.java:register(276)) - Sink prometheus already exists!
2019-09-24 02:26:52,095 [main] INFO  server.SCMClientProtocolServer (SCMClientProtocolServer.java:start(151)) - RPC server for Client  is listening at /0.0.0.0:39431
2019-09-24 02:26:52,096 [IPC Server Responder] INFO  ipc.Server (Server.java:run(1314)) - IPC Server Responder: starting
2019-09-24 02:26:52,096 [IPC Server listener on 39431] INFO  ipc.Server (Server.java:run(1153)) - IPC Server listener on 39431: starting
2019-09-24 02:26:52,099 [main] INFO  server.StorageContainerManager (StorageContainerManager.java:start(780)) - ScmBlockLocationProtocol RPC server is listening at /0.0.0.0:41371
2019-09-24 02:26:52,099 [main] INFO  server.SCMBlockProtocolServer (SCMBlockProtocolServer.java:start(146)) - RPC server for Block Protocol is listening at /0.0.0.0:41371
2019-09-24 02:26:52,100 [IPC Server Responder] INFO  ipc.Server (Server.java:run(1314)) - IPC Server Responder: starting
2019-09-24 02:26:52,100 [IPC Server listener on 41371] INFO  ipc.Server (Server.java:run(1153)) - IPC Server listener on 41371: starting
2019-09-24 02:26:52,103 [main] INFO  server.StorageContainerManager (StorageContainerManager.java:start(784)) - ScmDatanodeProtocl RPC server is listening at /0.0.0.0:38726
2019-09-24 02:26:52,103 [main] INFO  server.SCMDatanodeProtocolServer (SCMDatanodeProtocolServer.java:start(191)) - RPC server for DataNodes is listening at /0.0.0.0:38726
2019-09-24 02:26:52,104 [IPC Server Responder] INFO  ipc.Server (Server.java:run(1314)) - IPC Server Responder: starting
2019-09-24 02:26:52,104 [IPC Server listener on 38726] INFO  ipc.Server (Server.java:run(1153)) - IPC Server listener on 38726: starting
2019-09-24 02:26:52,107 [main] INFO  http.HttpServer2 (HttpServer2.java:bindListener(1191)) - Jetty bound to port 40660
2019-09-24 02:26:52,107 [main] INFO  server.Server (Server.java:doStart(351)) - jetty-9.3.25.v20180904, build timestamp: 2018-09-04T21:11:46Z, git hash: 3ce520221d0240229c862b122d2b06c12a625732
2019-09-24 02:26:52,109 [main] INFO  handler.ContextHandler (ContextHandler.java:doStart(781)) - Started o.e.j.s.ServletContextHandler@49f3ff41{/logs,file:///workdir/hadoop-ozone/integration-test/target/log,AVAILABLE}
2019-09-24 02:26:52,110 [main] INFO  handler.ContextHandler (ContextHandler.java:doStart(781)) - Started o.e.j.s.ServletContextHandler@30db5536{/static,file:///workdir/hadoop-ozone/integration-test/target/test-classes/webapps/static,AVAILABLE}
2019-09-24 02:26:52,113 [main] INFO  handler.ContextHandler (ContextHandler.java:doStart(781)) - Started o.e.j.w.WebAppContext@2349f14d{/,file:///workdir/hadoop-ozone/integration-test/target/test-classes/webapps/scm/,AVAILABLE}{/scm}
2019-09-24 02:26:52,114 [main] INFO  server.AbstractConnector (AbstractConnector.java:doStart(278)) - Started ServerConnector@17e0933c{HTTP/1.1,[http/1.1]}{0.0.0.0:40660}
2019-09-24 02:26:52,115 [main] INFO  server.Server (Server.java:doStart(419)) - Started @291358ms
2019-09-24 02:26:52,115 [main] WARN  impl.MetricsSystemImpl (MetricsSystemImpl.java:register(276)) - Sink prometheus already exists!
2019-09-24 02:26:52,116 [main] INFO  server.BaseHttpServer (BaseHttpServer.java:updateConnectorAddress(215)) - HTTP server of SCM is listening at http://0.0.0.0:40660
2019-09-24 02:26:52,116 [main] WARN  server.ServerUtils (ServerUtils.java:getDBPath(222)) - ozone.om.db.dirs is not configured. We recommend adding this setting. Falling back to ozone.metadata.dirs instead.
2019-09-24 02:26:52,117 [org.apache.hadoop.util.JvmPauseMonitor$Monitor@1dcedc93] INFO  util.JvmPauseMonitor (JvmPauseMonitor.java:run(188)) - Starting JVM pause monitor
2019-09-24 02:26:52,131 [main] INFO  ha.OMHANodeDetails (OMHANodeDetails.java:loadOMHAConfig(138)) - Found matching OM address with OMServiceId: null, OMNodeId: null, RPC Address: localhost:0 and Ratis port: 9872
2019-09-24 02:26:52,131 [main] INFO  ha.OMHANodeDetails (OMHANodeDetails.java:setOMNodeSpecificConfigs(240)) - Setting configuration key ozone.om.http-address with value of key ozone.om.http-address: 127.0.0.1:0
2019-09-24 02:26:52,131 [main] INFO  ha.OMHANodeDetails (OMHANodeDetails.java:setOMNodeSpecificConfigs(240)) - Setting configuration key ozone.om.https-address with value of key ozone.om.https-address: 0.0.0.0:9875
2019-09-24 02:26:52,131 [main] INFO  ha.OMHANodeDetails (OMHANodeDetails.java:setOMNodeSpecificConfigs(240)) - Setting configuration key ozone.om.http-bind-host with value of key ozone.om.http-bind-host: 0.0.0.0
2019-09-24 02:26:52,132 [main] INFO  ha.OMHANodeDetails (OMHANodeDetails.java:setOMNodeSpecificConfigs(240)) - Setting configuration key ozone.om.https-bind-host with value of key ozone.om.https-bind-host: 0.0.0.0
2019-09-24 02:26:52,132 [main] INFO  ha.OMHANodeDetails (OMHANodeDetails.java:setOMNodeSpecificConfigs(240)) - Setting configuration key ozone.om.http.kerberos.keytab with value of key ozone.om.http.kerberos.keytab: /etc/security/keytabs/HTTP.keytab
2019-09-24 02:26:52,132 [main] INFO  ha.OMHANodeDetails (OMHANodeDetails.java:setOMNodeSpecificConfigs(240)) - Setting configuration key ozone.om.http.kerberos.principal with value of key ozone.om.http.kerberos.principal: HTTP/_HOST@EXAMPLE.COM
2019-09-24 02:26:52,132 [main] INFO  ha.OMHANodeDetails (OMHANodeDetails.java:setOMNodeSpecificConfigs(240)) - Setting configuration key ozone.om.address with value of key ozone.om.address: 127.0.0.1:0
2019-09-24 02:26:52,132 [main] INFO  ha.OMHANodeDetails (OMHANodeDetails.java:getOMNodeDetails(192)) - OM Service ID is not set. Setting it to the default ID: omServiceIdDefault
2019-09-24 02:26:52,132 [main] WARN  server.ServerUtils (ServerUtils.java:getDBPath(222)) - ozone.om.db.dirs is not configured. We recommend adding this setting. Falling back to ozone.metadata.dirs instead.
2019-09-24 02:26:52,133 [main] WARN  server.ServerUtils (ServerUtils.java:getDBPath(222)) - ozone.om.db.dirs is not configured. We recommend adding this setting. Falling back to ozone.metadata.dirs instead.
2019-09-24 02:26:52,140 [main] WARN  server.ServerUtils (ServerUtils.java:getDBPath(222)) - ozone.om.db.dirs is not configured. We recommend adding this setting. Falling back to ozone.metadata.dirs instead.
2019-09-24 02:26:52,141 [main] INFO  db.DBStoreBuilder (DBStoreBuilder.java:addTable(110)) - using custom profile for table: userTable
2019-09-24 02:26:52,141 [main] INFO  db.DBStoreBuilder (DBStoreBuilder.java:processTables(161)) - Using default column profile:DBProfile.DISK for Table:userTable
2019-09-24 02:26:52,141 [main] INFO  db.DBStoreBuilder (DBStoreBuilder.java:addTable(110)) - using custom profile for table: volumeTable
2019-09-24 02:26:52,141 [main] INFO  db.DBStoreBuilder (DBStoreBuilder.java:processTables(161)) - Using default column profile:DBProfile.DISK for Table:volumeTable
2019-09-24 02:26:52,141 [main] INFO  db.DBStoreBuilder (DBStoreBuilder.java:addTable(110)) - using custom profile for table: bucketTable
2019-09-24 02:26:52,142 [main] INFO  db.DBStoreBuilder (DBStoreBuilder.java:processTables(161)) - Using default column profile:DBProfile.DISK for Table:bucketTable
2019-09-24 02:26:52,142 [main] INFO  db.DBStoreBuilder (DBStoreBuilder.java:addTable(110)) - using custom profile for table: keyTable
2019-09-24 02:26:52,142 [main] INFO  db.DBStoreBuilder (DBStoreBuilder.java:processTables(161)) - Using default column profile:DBProfile.DISK for Table:keyTable
2019-09-24 02:26:52,142 [main] INFO  db.DBStoreBuilder (DBStoreBuilder.java:addTable(110)) - using custom profile for table: deletedTable
2019-09-24 02:26:52,142 [main] INFO  db.DBStoreBuilder (DBStoreBuilder.java:processTables(161)) - Using default column profile:DBProfile.DISK for Table:deletedTable
2019-09-24 02:26:52,143 [main] INFO  db.DBStoreBuilder (DBStoreBuilder.java:addTable(110)) - using custom profile for table: openKeyTable
2019-09-24 02:26:52,143 [main] INFO  db.DBStoreBuilder (DBStoreBuilder.java:processTables(161)) - Using default column profile:DBProfile.DISK for Table:openKeyTable
2019-09-24 02:26:52,143 [main] INFO  db.DBStoreBuilder (DBStoreBuilder.java:addTable(110)) - using custom profile for table: s3Table
2019-09-24 02:26:52,143 [main] INFO  db.DBStoreBuilder (DBStoreBuilder.java:processTables(161)) - Using default column profile:DBProfile.DISK for Table:s3Table
2019-09-24 02:26:52,143 [main] INFO  db.DBStoreBuilder (DBStoreBuilder.java:addTable(110)) - using custom profile for table: multipartInfoTable
2019-09-24 02:26:52,143 [main] INFO  db.DBStoreBuilder (DBStoreBuilder.java:processTables(161)) - Using default column profile:DBProfile.DISK for Table:multipartInfoTable
2019-09-24 02:26:52,144 [main] INFO  db.DBStoreBuilder (DBStoreBuilder.java:addTable(110)) - using custom profile for table: dTokenTable
2019-09-24 02:26:52,144 [main] INFO  db.DBStoreBuilder (DBStoreBuilder.java:processTables(161)) - Using default column profile:DBProfile.DISK for Table:dTokenTable
2019-09-24 02:26:52,144 [main] INFO  db.DBStoreBuilder (DBStoreBuilder.java:addTable(110)) - using custom profile for table: s3SecretTable
2019-09-24 02:26:52,144 [main] INFO  db.DBStoreBuilder (DBStoreBuilder.java:processTables(161)) - Using default column profile:DBProfile.DISK for Table:s3SecretTable
2019-09-24 02:26:52,144 [main] INFO  db.DBStoreBuilder (DBStoreBuilder.java:addTable(110)) - using custom profile for table: prefixTable
2019-09-24 02:26:52,145 [main] INFO  db.DBStoreBuilder (DBStoreBuilder.java:processTables(161)) - Using default column profile:DBProfile.DISK for Table:prefixTable
2019-09-24 02:26:52,145 [main] INFO  db.DBStoreBuilder (DBStoreBuilder.java:addTable(110)) - using custom profile for table: default
2019-09-24 02:26:52,145 [main] INFO  db.DBStoreBuilder (DBStoreBuilder.java:processTables(167)) - Using default column profile:DBProfile.DISK for Table:default
2019-09-24 02:26:52,145 [main] INFO  db.DBStoreBuilder (DBStoreBuilder.java:getDbProfile(198)) - Using default options. DBProfile.DISK
2019-09-24 02:26:52,649 [main] INFO  ipc.CallQueueManager (CallQueueManager.java:<init>(84)) - Using callQueue: class java.util.concurrent.LinkedBlockingQueue, queueCapacity: 2000, scheduler: class org.apache.hadoop.ipc.DefaultRpcScheduler, ipcBackoff: false.
2019-09-24 02:26:52,650 [Socket Reader #1 for port 42786] INFO  ipc.Server (Server.java:run(1074)) - Starting Socket Reader #1 for port 42786
2019-09-24 02:26:52,668 [main] INFO  om.OzoneManager (OzoneManager.java:start(1075)) - OzoneManager RPC server is listening at localhost/127.0.0.1:42786
2019-09-24 02:26:52,668 [main] INFO  impl.MetricsSystemImpl (MetricsSystemImpl.java:init(158)) - OzoneManager metrics system started (again)
2019-09-24 02:26:52,669 [IPC Server Responder] INFO  ipc.Server (Server.java:run(1314)) - IPC Server Responder: starting
2019-09-24 02:26:52,669 [IPC Server listener on 42786] INFO  ipc.Server (Server.java:run(1153)) - IPC Server listener on 42786: starting
2019-09-24 02:26:52,674 [main] INFO  hdfs.DFSUtil (DFSUtil.java:httpServerTemplateForNNAndJN(1641)) - Starting Web-server for ozoneManager at: http://0.0.0.0:0
2019-09-24 02:26:52,676 [main] INFO  server.AuthenticationFilter (AuthenticationFilter.java:constructSecretProvider(240)) - Unable to initialize FileSignerSecretProvider, falling back to use random secrets.
2019-09-24 02:26:52,676 [main] WARN  http.HttpRequestLog (HttpRequestLog.java:getRequestLog(97)) - Jetty request log can only be enabled using Log4j
2019-09-24 02:26:52,677 [main] INFO  http.HttpServer2 (HttpServer2.java:addGlobalFilter(975)) - Added global filter 'safety' (class=org.apache.hadoop.http.HttpServer2$QuotingInputFilter)
2019-09-24 02:26:52,678 [main] INFO  http.HttpServer2 (HttpServer2.java:addFilter(948)) - Added filter static_user_filter (class=org.apache.hadoop.http.lib.StaticUserWebFilter$StaticUserFilter) to context ozoneManager
2019-09-24 02:26:52,678 [main] INFO  http.HttpServer2 (HttpServer2.java:addFilter(958)) - Added filter static_user_filter (class=org.apache.hadoop.http.lib.StaticUserWebFilter$StaticUserFilter) to context static
2019-09-24 02:26:52,678 [main] INFO  http.HttpServer2 (HttpServer2.java:addFilter(958)) - Added filter static_user_filter (class=org.apache.hadoop.http.lib.StaticUserWebFilter$StaticUserFilter) to context logs
2019-09-24 02:26:52,679 [main] INFO  http.HttpServer2 (HttpServer2.java:bindListener(1191)) - Jetty bound to port 43566
2019-09-24 02:26:52,680 [main] INFO  server.Server (Server.java:doStart(351)) - jetty-9.3.25.v20180904, build timestamp: 2018-09-04T21:11:46Z, git hash: 3ce520221d0240229c862b122d2b06c12a625732
2019-09-24 02:26:52,681 [main] INFO  handler.ContextHandler (ContextHandler.java:doStart(781)) - Started o.e.j.s.ServletContextHandler@5a515e5d{/logs,file:///workdir/hadoop-ozone/integration-test/target/log,AVAILABLE}
2019-09-24 02:26:52,682 [main] INFO  handler.ContextHandler (ContextHandler.java:doStart(781)) - Started o.e.j.s.ServletContextHandler@32f32623{/static,file:///workdir/hadoop-ozone/integration-test/target/test-classes/webapps/static,AVAILABLE}
2019-09-24 02:26:52,687 [main] INFO  handler.ContextHandler (ContextHandler.java:doStart(781)) - Started o.e.j.w.WebAppContext@5b000fe6{/,file:///workdir/hadoop-ozone/integration-test/target/test-classes/webapps/ozoneManager/,AVAILABLE}{/ozoneManager}
2019-09-24 02:26:52,687 [main] INFO  server.AbstractConnector (AbstractConnector.java:doStart(278)) - Started ServerConnector@4751e8b9{HTTP/1.1,[http/1.1]}{0.0.0.0:43566}
2019-09-24 02:26:52,688 [main] INFO  server.Server (Server.java:doStart(419)) - Started @291932ms
2019-09-24 02:26:52,689 [main] WARN  impl.MetricsSystemImpl (MetricsSystemImpl.java:register(276)) - Sink prometheus already exists!
2019-09-24 02:26:52,689 [main] INFO  server.BaseHttpServer (BaseHttpServer.java:updateConnectorAddress(215)) - HTTP server of OZONEMANAGER is listening at http://0.0.0.0:43566
2019-09-24 02:26:52,717 [main] INFO  impl.MetricsSystemImpl (MetricsSystemImpl.java:init(158)) - HddsDatanode metrics system started (again)
2019-09-24 02:26:52,720 [main] INFO  ozone.HddsDatanodeService (HddsDatanodeService.java:start(184)) - HddsDatanodeService host:pr-hdds-2162-tjkd5-3209850126 ip:192.168.151.121
2019-09-24 02:26:52,726 [main] INFO  volume.HddsVolume (HddsVolume.java:<init>(176)) - Creating Volume: /workdir/hadoop-ozone/integration-test/target/test-dir/MiniOzoneClusterImpl-7938e232-3eaf-47c6-84ae-b0e11761d891/datanode-0/data/containers/hdds of  storage type : DISK and capacity : 1482555576320
2019-09-24 02:26:52,726 [main] INFO  volume.VolumeSet (VolumeSet.java:initializeVolumeSet(170)) - Added Volume : /workdir/hadoop-ozone/integration-test/target/test-dir/MiniOzoneClusterImpl-7938e232-3eaf-47c6-84ae-b0e11761d891/datanode-0/data/containers/hdds to VolumeSet
2019-09-24 02:26:52,727 [main] INFO  volume.ThrottledAsyncChecker (ThrottledAsyncChecker.java:schedule(139)) - Scheduling a check for org.apache.hadoop.ozone.container.common.volume.HddsVolume@472d0f4
2019-09-24 02:26:52,727 [main] INFO  volume.HddsVolumeChecker (HddsVolumeChecker.java:checkAllVolumes(202)) - Scheduled health check for volume org.apache.hadoop.ozone.container.common.volume.HddsVolume@472d0f4
2019-09-24 02:26:52,742 [main] INFO  impl.RaftServerProxy (ConfUtils.java:logGet(43)) - raft.rpc.type = GRPC (default)
2019-09-24 02:26:52,743 [main] INFO  grpc.GrpcFactory (GrpcFactory.java:checkPooledByteBufAllocatorUseCacheForAllThreads(45)) - PERFORMANCE WARNING: useCacheForAllThreads is true that may cause Netty to create a lot garbage objects and, as a result, trigger GC.
	It is recommended to disable useCacheForAllThreads by setting -Dorg.apache.ratis.thirdparty.io.netty.allocator.useCacheForAllThreads=false in command line.
2019-09-24 02:26:52,743 [main] INFO  grpc.GrpcConfigKeys$Server (ConfUtils.java:logGet(43)) - raft.grpc.server.port = 0 (default)
2019-09-24 02:26:52,743 [main] INFO  server.GrpcService (ConfUtils.java:logGet(43)) - raft.grpc.message.size.max = 33570816 (custom)
2019-09-24 02:26:52,743 [main] INFO  server.RaftServerConfigKeys (ConfUtils.java:logGet(43)) - raft.server.log.appender.buffer.byte-limit = 33554432 (custom)
2019-09-24 02:26:52,744 [main] INFO  server.GrpcService (ConfUtils.java:logGet(43)) - raft.grpc.flow.control.window = 1MB (=1048576) (default)
2019-09-24 02:26:52,744 [main] INFO  server.RaftServerConfigKeys (ConfUtils.java:logGet(43)) - raft.server.rpc.request.timeout = 3000ms (default)
2019-09-24 02:26:52,744 [main] INFO  server.RaftServerConfigKeys (ConfUtils.java:logGet(43)) - raft.server.storage.dir = [/workdir/hadoop-ozone/integration-test/target/test-dir/MiniOzoneClusterImpl-7938e232-3eaf-47c6-84ae-b0e11761d891/datanode-0/data/ratis] (custom)
2019-09-24 02:26:52,746 [main] INFO  hdfs.DFSUtil (DFSUtil.java:httpServerTemplateForNNAndJN(1641)) - Starting Web-server for hddsDatanode at: http://0.0.0.0:0
2019-09-24 02:26:52,748 [main] INFO  server.AuthenticationFilter (AuthenticationFilter.java:constructSecretProvider(240)) - Unable to initialize FileSignerSecretProvider, falling back to use random secrets.
2019-09-24 02:26:52,749 [main] WARN  http.HttpRequestLog (HttpRequestLog.java:getRequestLog(97)) - Jetty request log can only be enabled using Log4j
2019-09-24 02:26:52,751 [main] INFO  http.HttpServer2 (HttpServer2.java:addGlobalFilter(975)) - Added global filter 'safety' (class=org.apache.hadoop.http.HttpServer2$QuotingInputFilter)
2019-09-24 02:26:52,751 [main] INFO  http.HttpServer2 (HttpServer2.java:addFilter(948)) - Added filter static_user_filter (class=org.apache.hadoop.http.lib.StaticUserWebFilter$StaticUserFilter) to context hddsDatanode
2019-09-24 02:26:52,752 [main] INFO  http.HttpServer2 (HttpServer2.java:addFilter(958)) - Added filter static_user_filter (class=org.apache.hadoop.http.lib.StaticUserWebFilter$StaticUserFilter) to context logs
2019-09-24 02:26:52,752 [main] INFO  http.HttpServer2 (HttpServer2.java:addFilter(958)) - Added filter static_user_filter (class=org.apache.hadoop.http.lib.StaticUserWebFilter$StaticUserFilter) to context static
2019-09-24 02:26:52,753 [main] INFO  http.HttpServer2 (HttpServer2.java:bindListener(1191)) - Jetty bound to port 45976
2019-09-24 02:26:52,753 [main] INFO  server.Server (Server.java:doStart(351)) - jetty-9.3.25.v20180904, build timestamp: 2018-09-04T21:11:46Z, git hash: 3ce520221d0240229c862b122d2b06c12a625732
2019-09-24 02:26:52,755 [main] INFO  handler.ContextHandler (ContextHandler.java:doStart(781)) - Started o.e.j.s.ServletContextHandler@7945b206{/logs,file:///workdir/hadoop-ozone/integration-test/target/log,AVAILABLE}
2019-09-24 02:26:52,756 [main] INFO  handler.ContextHandler (ContextHandler.java:doStart(781)) - Started o.e.j.s.ServletContextHandler@4d09cade{/static,jar:file:/home/user/.m2/repository/org/apache/hadoop/hadoop-hdds-container-service/0.5.0-SNAPSHOT/hadoop-hdds-container-service-0.5.0-SNAPSHOT.jar!/webapps/static,AVAILABLE}
2019-09-24 02:26:52,801 [main] INFO  handler.ContextHandler (ContextHandler.java:doStart(781)) - Started o.e.j.w.WebAppContext@1e225820{/,file:///tmp/jetty-0.0.0.0-45976-hddsDatanode-_-any-8140363368412891998.dir/webapp/,AVAILABLE}{/hddsDatanode}
2019-09-24 02:26:52,802 [main] INFO  server.AbstractConnector (AbstractConnector.java:doStart(278)) - Started ServerConnector@8aeab9e{HTTP/1.1,[http/1.1]}{0.0.0.0:45976}
2019-09-24 02:26:52,803 [main] INFO  server.Server (Server.java:doStart(419)) - Started @292046ms
2019-09-24 02:26:52,803 [main] WARN  impl.MetricsSystemImpl (MetricsSystemImpl.java:register(276)) - Sink prometheus already exists!
2019-09-24 02:26:52,804 [main] INFO  server.BaseHttpServer (BaseHttpServer.java:updateConnectorAddress(215)) - HTTP server of HDDSDATANODE is listening at http://0.0.0.0:45976
2019-09-24 02:26:52,804 [main] INFO  impl.MetricsSystemImpl (MetricsSystemImpl.java:init(158)) - HddsDatanode metrics system started (again)
2019-09-24 02:26:52,807 [main] INFO  ozone.HddsDatanodeService (HddsDatanodeService.java:start(184)) - HddsDatanodeService host:pr-hdds-2162-tjkd5-3209850126 ip:192.168.151.121
2019-09-24 02:26:52,807 [org.apache.hadoop.util.JvmPauseMonitor$Monitor@597fc8fd] INFO  util.JvmPauseMonitor (JvmPauseMonitor.java:run(188)) - Starting JVM pause monitor
2019-09-24 02:26:52,809 [Datanode State Machine Thread - 0] INFO  datanode.InitDatanodeState (InitDatanodeState.java:persistContainerDatanodeDetails(140)) - DatanodeDetails is persisted to /workdir/hadoop-ozone/integration-test/target/test-dir/MiniOzoneClusterImpl-7938e232-3eaf-47c6-84ae-b0e11761d891/datanode-0/meta/datanode.id
2019-09-24 02:26:52,813 [main] INFO  volume.HddsVolume (HddsVolume.java:<init>(176)) - Creating Volume: /workdir/hadoop-ozone/integration-test/target/test-dir/MiniOzoneClusterImpl-7938e232-3eaf-47c6-84ae-b0e11761d891/datanode-1/data/containers/hdds of  storage type : DISK and capacity : 1482555576320
2019-09-24 02:26:52,813 [main] INFO  volume.VolumeSet (VolumeSet.java:initializeVolumeSet(170)) - Added Volume : /workdir/hadoop-ozone/integration-test/target/test-dir/MiniOzoneClusterImpl-7938e232-3eaf-47c6-84ae-b0e11761d891/datanode-1/data/containers/hdds to VolumeSet
2019-09-24 02:26:52,814 [main] INFO  volume.ThrottledAsyncChecker (ThrottledAsyncChecker.java:schedule(139)) - Scheduling a check for org.apache.hadoop.ozone.container.common.volume.HddsVolume@4a9860
2019-09-24 02:26:52,814 [main] INFO  volume.HddsVolumeChecker (HddsVolumeChecker.java:checkAllVolumes(202)) - Scheduled health check for volume org.apache.hadoop.ozone.container.common.volume.HddsVolume@4a9860
2019-09-24 02:26:52,829 [main] INFO  impl.RaftServerProxy (ConfUtils.java:logGet(43)) - raft.rpc.type = GRPC (default)
2019-09-24 02:26:52,829 [main] INFO  grpc.GrpcFactory (GrpcFactory.java:checkPooledByteBufAllocatorUseCacheForAllThreads(45)) - PERFORMANCE WARNING: useCacheForAllThreads is true that may cause Netty to create a lot garbage objects and, as a result, trigger GC.
	It is recommended to disable useCacheForAllThreads by setting -Dorg.apache.ratis.thirdparty.io.netty.allocator.useCacheForAllThreads=false in command line.
2019-09-24 02:26:52,829 [main] INFO  grpc.GrpcConfigKeys$Server (ConfUtils.java:logGet(43)) - raft.grpc.server.port = 0 (default)
2019-09-24 02:26:52,829 [main] INFO  server.GrpcService (ConfUtils.java:logGet(43)) - raft.grpc.message.size.max = 33570816 (custom)
2019-09-24 02:26:52,829 [main] INFO  server.RaftServerConfigKeys (ConfUtils.java:logGet(43)) - raft.server.log.appender.buffer.byte-limit = 33554432 (custom)
2019-09-24 02:26:52,830 [main] INFO  server.GrpcService (ConfUtils.java:logGet(43)) - raft.grpc.flow.control.window = 1MB (=1048576) (default)
2019-09-24 02:26:52,830 [main] INFO  server.RaftServerConfigKeys (ConfUtils.java:logGet(43)) - raft.server.rpc.request.timeout = 3000ms (default)
2019-09-24 02:26:52,830 [main] INFO  server.RaftServerConfigKeys (ConfUtils.java:logGet(43)) - raft.server.storage.dir = [/workdir/hadoop-ozone/integration-test/target/test-dir/MiniOzoneClusterImpl-7938e232-3eaf-47c6-84ae-b0e11761d891/datanode-1/data/ratis] (custom)
2019-09-24 02:26:52,832 [main] INFO  hdfs.DFSUtil (DFSUtil.java:httpServerTemplateForNNAndJN(1641)) - Starting Web-server for hddsDatanode at: http://0.0.0.0:0
2019-09-24 02:26:52,833 [main] INFO  server.AuthenticationFilter (AuthenticationFilter.java:constructSecretProvider(240)) - Unable to initialize FileSignerSecretProvider, falling back to use random secrets.
2019-09-24 02:26:52,833 [main] WARN  http.HttpRequestLog (HttpRequestLog.java:getRequestLog(97)) - Jetty request log can only be enabled using Log4j
2019-09-24 02:26:52,835 [main] INFO  http.HttpServer2 (HttpServer2.java:addGlobalFilter(975)) - Added global filter 'safety' (class=org.apache.hadoop.http.HttpServer2$QuotingInputFilter)
2019-09-24 02:26:52,835 [main] INFO  http.HttpServer2 (HttpServer2.java:addFilter(948)) - Added filter static_user_filter (class=org.apache.hadoop.http.lib.StaticUserWebFilter$StaticUserFilter) to context hddsDatanode
2019-09-24 02:26:52,836 [main] INFO  http.HttpServer2 (HttpServer2.java:addFilter(958)) - Added filter static_user_filter (class=org.apache.hadoop.http.lib.StaticUserWebFilter$StaticUserFilter) to context logs
2019-09-24 02:26:52,836 [main] INFO  http.HttpServer2 (HttpServer2.java:addFilter(958)) - Added filter static_user_filter (class=org.apache.hadoop.http.lib.StaticUserWebFilter$StaticUserFilter) to context static
2019-09-24 02:26:52,836 [main] INFO  http.HttpServer2 (HttpServer2.java:bindListener(1191)) - Jetty bound to port 39207
2019-09-24 02:26:52,837 [main] INFO  server.Server (Server.java:doStart(351)) - jetty-9.3.25.v20180904, build timestamp: 2018-09-04T21:11:46Z, git hash: 3ce520221d0240229c862b122d2b06c12a625732
2019-09-24 02:26:52,838 [main] INFO  handler.ContextHandler (ContextHandler.java:doStart(781)) - Started o.e.j.s.ServletContextHandler@52559a69{/logs,file:///workdir/hadoop-ozone/integration-test/target/log,AVAILABLE}
2019-09-24 02:26:52,839 [main] INFO  handler.ContextHandler (ContextHandler.java:doStart(781)) - Started o.e.j.s.ServletContextHandler@1039bfc4{/static,jar:file:/home/user/.m2/repository/org/apache/hadoop/hadoop-hdds-container-service/0.5.0-SNAPSHOT/hadoop-hdds-container-service-0.5.0-SNAPSHOT.jar!/webapps/static,AVAILABLE}
2019-09-24 02:26:52,865 [main] INFO  handler.ContextHandler (ContextHandler.java:doStart(781)) - Started o.e.j.w.WebAppContext@29896529{/,file:///tmp/jetty-0.0.0.0-39207-hddsDatanode-_-any-5767669903914208760.dir/webapp/,AVAILABLE}{/hddsDatanode}
2019-09-24 02:26:52,865 [main] INFO  server.AbstractConnector (AbstractConnector.java:doStart(278)) - Started ServerConnector@e29f4f6{HTTP/1.1,[http/1.1]}{0.0.0.0:39207}
2019-09-24 02:26:52,867 [main] INFO  server.Server (Server.java:doStart(419)) - Started @292110ms
2019-09-24 02:26:52,867 [main] WARN  impl.MetricsSystemImpl (MetricsSystemImpl.java:register(276)) - Sink prometheus already exists!
2019-09-24 02:26:52,867 [main] INFO  server.BaseHttpServer (BaseHttpServer.java:updateConnectorAddress(215)) - HTTP server of HDDSDATANODE is listening at http://0.0.0.0:39207
2019-09-24 02:26:52,868 [main] INFO  impl.MetricsSystemImpl (MetricsSystemImpl.java:init(158)) - HddsDatanode metrics system started (again)
2019-09-24 02:26:52,870 [main] INFO  ozone.HddsDatanodeService (HddsDatanodeService.java:start(184)) - HddsDatanodeService host:pr-hdds-2162-tjkd5-3209850126 ip:192.168.151.121
2019-09-24 02:26:52,870 [org.apache.hadoop.util.JvmPauseMonitor$Monitor@73310450] INFO  util.JvmPauseMonitor (JvmPauseMonitor.java:run(188)) - Starting JVM pause monitor
2019-09-24 02:26:52,872 [Datanode State Machine Thread - 0] INFO  datanode.InitDatanodeState (InitDatanodeState.java:persistContainerDatanodeDetails(140)) - DatanodeDetails is persisted to /workdir/hadoop-ozone/integration-test/target/test-dir/MiniOzoneClusterImpl-7938e232-3eaf-47c6-84ae-b0e11761d891/datanode-1/meta/datanode.id
2019-09-24 02:26:52,876 [main] INFO  volume.HddsVolume (HddsVolume.java:<init>(176)) - Creating Volume: /workdir/hadoop-ozone/integration-test/target/test-dir/MiniOzoneClusterImpl-7938e232-3eaf-47c6-84ae-b0e11761d891/datanode-2/data/containers/hdds of  storage type : DISK and capacity : 1482555576320
2019-09-24 02:26:52,876 [main] INFO  volume.VolumeSet (VolumeSet.java:initializeVolumeSet(170)) - Added Volume : /workdir/hadoop-ozone/integration-test/target/test-dir/MiniOzoneClusterImpl-7938e232-3eaf-47c6-84ae-b0e11761d891/datanode-2/data/containers/hdds to VolumeSet
2019-09-24 02:26:52,876 [main] INFO  volume.ThrottledAsyncChecker (ThrottledAsyncChecker.java:schedule(139)) - Scheduling a check for org.apache.hadoop.ozone.container.common.volume.HddsVolume@10850d17
2019-09-24 02:26:52,876 [main] INFO  volume.HddsVolumeChecker (HddsVolumeChecker.java:checkAllVolumes(202)) - Scheduled health check for volume org.apache.hadoop.ozone.container.common.volume.HddsVolume@10850d17
2019-09-24 02:26:52,893 [main] INFO  impl.RaftServerProxy (ConfUtils.java:logGet(43)) - raft.rpc.type = GRPC (default)
2019-09-24 02:26:52,893 [main] INFO  grpc.GrpcFactory (GrpcFactory.java:checkPooledByteBufAllocatorUseCacheForAllThreads(45)) - PERFORMANCE WARNING: useCacheForAllThreads is true that may cause Netty to create a lot garbage objects and, as a result, trigger GC.
	It is recommended to disable useCacheForAllThreads by setting -Dorg.apache.ratis.thirdparty.io.netty.allocator.useCacheForAllThreads=false in command line.
2019-09-24 02:26:52,893 [main] INFO  grpc.GrpcConfigKeys$Server (ConfUtils.java:logGet(43)) - raft.grpc.server.port = 0 (default)
2019-09-24 02:26:52,893 [main] INFO  server.GrpcService (ConfUtils.java:logGet(43)) - raft.grpc.message.size.max = 33570816 (custom)
2019-09-24 02:26:52,893 [main] INFO  server.RaftServerConfigKeys (ConfUtils.java:logGet(43)) - raft.server.log.appender.buffer.byte-limit = 33554432 (custom)
2019-09-24 02:26:52,894 [main] INFO  server.GrpcService (ConfUtils.java:logGet(43)) - raft.grpc.flow.control.window = 1MB (=1048576) (default)
2019-09-24 02:26:52,894 [main] INFO  server.RaftServerConfigKeys (ConfUtils.java:logGet(43)) - raft.server.rpc.request.timeout = 3000ms (default)
2019-09-24 02:26:52,894 [main] INFO  server.RaftServerConfigKeys (ConfUtils.java:logGet(43)) - raft.server.storage.dir = [/workdir/hadoop-ozone/integration-test/target/test-dir/MiniOzoneClusterImpl-7938e232-3eaf-47c6-84ae-b0e11761d891/datanode-2/data/ratis] (custom)
2019-09-24 02:26:52,895 [main] INFO  hdfs.DFSUtil (DFSUtil.java:httpServerTemplateForNNAndJN(1641)) - Starting Web-server for hddsDatanode at: http://0.0.0.0:0
2019-09-24 02:26:52,897 [main] INFO  server.AuthenticationFilter (AuthenticationFilter.java:constructSecretProvider(240)) - Unable to initialize FileSignerSecretProvider, falling back to use random secrets.
2019-09-24 02:26:52,897 [main] WARN  http.HttpRequestLog (HttpRequestLog.java:getRequestLog(97)) - Jetty request log can only be enabled using Log4j
2019-09-24 02:26:52,899 [main] INFO  http.HttpServer2 (HttpServer2.java:addGlobalFilter(975)) - Added global filter 'safety' (class=org.apache.hadoop.http.HttpServer2$QuotingInputFilter)
2019-09-24 02:26:52,899 [main] INFO  http.HttpServer2 (HttpServer2.java:addFilter(948)) - Added filter static_user_filter (class=org.apache.hadoop.http.lib.StaticUserWebFilter$StaticUserFilter) to context hddsDatanode
2019-09-24 02:26:52,900 [main] INFO  http.HttpServer2 (HttpServer2.java:addFilter(958)) - Added filter static_user_filter (class=org.apache.hadoop.http.lib.StaticUserWebFilter$StaticUserFilter) to context static
2019-09-24 02:26:52,900 [main] INFO  http.HttpServer2 (HttpServer2.java:addFilter(958)) - Added filter static_user_filter (class=org.apache.hadoop.http.lib.StaticUserWebFilter$StaticUserFilter) to context logs
2019-09-24 02:26:52,901 [main] INFO  http.HttpServer2 (HttpServer2.java:bindListener(1191)) - Jetty bound to port 35104
2019-09-24 02:26:52,901 [main] INFO  server.Server (Server.java:doStart(351)) - jetty-9.3.25.v20180904, build timestamp: 2018-09-04T21:11:46Z, git hash: 3ce520221d0240229c862b122d2b06c12a625732
2019-09-24 02:26:52,902 [main] INFO  handler.ContextHandler (ContextHandler.java:doStart(781)) - Started o.e.j.s.ServletContextHandler@69de5bed{/logs,file:///workdir/hadoop-ozone/integration-test/target/log,AVAILABLE}
2019-09-24 02:26:52,903 [main] INFO  handler.ContextHandler (ContextHandler.java:doStart(781)) - Started o.e.j.s.ServletContextHandler@996a546{/static,jar:file:/home/user/.m2/repository/org/apache/hadoop/hadoop-hdds-container-service/0.5.0-SNAPSHOT/hadoop-hdds-container-service-0.5.0-SNAPSHOT.jar!/webapps/static,AVAILABLE}
2019-09-24 02:26:52,936 [main] INFO  handler.ContextHandler (ContextHandler.java:doStart(781)) - Started o.e.j.w.WebAppContext@42507640{/,file:///tmp/jetty-0.0.0.0-35104-hddsDatanode-_-any-3041554931258962748.dir/webapp/,AVAILABLE}{/hddsDatanode}
2019-09-24 02:26:52,936 [main] INFO  server.AbstractConnector (AbstractConnector.java:doStart(278)) - Started ServerConnector@4dfe8b37{HTTP/1.1,[http/1.1]}{0.0.0.0:35104}
2019-09-24 02:26:52,937 [main] INFO  server.Server (Server.java:doStart(419)) - Started @292181ms
2019-09-24 02:26:52,938 [main] WARN  impl.MetricsSystemImpl (MetricsSystemImpl.java:register(276)) - Sink prometheus already exists!
2019-09-24 02:26:52,938 [main] INFO  server.BaseHttpServer (BaseHttpServer.java:updateConnectorAddress(215)) - HTTP server of HDDSDATANODE is listening at http://0.0.0.0:35104
2019-09-24 02:26:52,939 [main] INFO  impl.MetricsSystemImpl (MetricsSystemImpl.java:init(158)) - HddsDatanode metrics system started (again)
2019-09-24 02:26:52,942 [org.apache.hadoop.util.JvmPauseMonitor$Monitor@4c08d840] INFO  util.JvmPauseMonitor (JvmPauseMonitor.java:run(188)) - Starting JVM pause monitor
2019-09-24 02:26:52,942 [main] INFO  ozone.HddsDatanodeService (HddsDatanodeService.java:start(184)) - HddsDatanodeService host:pr-hdds-2162-tjkd5-3209850126 ip:192.168.151.121
2019-09-24 02:26:52,944 [Datanode State Machine Thread - 0] INFO  datanode.InitDatanodeState (InitDatanodeState.java:persistContainerDatanodeDetails(140)) - DatanodeDetails is persisted to /workdir/hadoop-ozone/integration-test/target/test-dir/MiniOzoneClusterImpl-7938e232-3eaf-47c6-84ae-b0e11761d891/datanode-2/meta/datanode.id
2019-09-24 02:26:52,949 [main] INFO  volume.HddsVolume (HddsVolume.java:<init>(176)) - Creating Volume: /workdir/hadoop-ozone/integration-test/target/test-dir/MiniOzoneClusterImpl-7938e232-3eaf-47c6-84ae-b0e11761d891/datanode-3/data/containers/hdds of  storage type : DISK and capacity : 1482555576320
2019-09-24 02:26:52,950 [main] INFO  volume.VolumeSet (VolumeSet.java:initializeVolumeSet(170)) - Added Volume : /workdir/hadoop-ozone/integration-test/target/test-dir/MiniOzoneClusterImpl-7938e232-3eaf-47c6-84ae-b0e11761d891/datanode-3/data/containers/hdds to VolumeSet
2019-09-24 02:26:52,950 [main] INFO  volume.ThrottledAsyncChecker (ThrottledAsyncChecker.java:schedule(139)) - Scheduling a check for org.apache.hadoop.ozone.container.common.volume.HddsVolume@7698b7a4
2019-09-24 02:26:52,951 [main] INFO  volume.HddsVolumeChecker (HddsVolumeChecker.java:checkAllVolumes(202)) - Scheduled health check for volume org.apache.hadoop.ozone.container.common.volume.HddsVolume@7698b7a4
2019-09-24 02:26:52,972 [main] INFO  impl.RaftServerProxy (ConfUtils.java:logGet(43)) - raft.rpc.type = GRPC (default)
2019-09-24 02:26:52,973 [main] INFO  grpc.GrpcFactory (GrpcFactory.java:checkPooledByteBufAllocatorUseCacheForAllThreads(45)) - PERFORMANCE WARNING: useCacheForAllThreads is true that may cause Netty to create a lot garbage objects and, as a result, trigger GC.
	It is recommended to disable useCacheForAllThreads by setting -Dorg.apache.ratis.thirdparty.io.netty.allocator.useCacheForAllThreads=false in command line.
2019-09-24 02:26:52,973 [main] INFO  grpc.GrpcConfigKeys$Server (ConfUtils.java:logGet(43)) - raft.grpc.server.port = 0 (default)
2019-09-24 02:26:52,973 [main] INFO  server.GrpcService (ConfUtils.java:logGet(43)) - raft.grpc.message.size.max = 33570816 (custom)
2019-09-24 02:26:52,974 [main] INFO  server.RaftServerConfigKeys (ConfUtils.java:logGet(43)) - raft.server.log.appender.buffer.byte-limit = 33554432 (custom)
2019-09-24 02:26:52,974 [main] INFO  server.GrpcService (ConfUtils.java:logGet(43)) - raft.grpc.flow.control.window = 1MB (=1048576) (default)
2019-09-24 02:26:52,974 [main] INFO  server.RaftServerConfigKeys (ConfUtils.java:logGet(43)) - raft.server.rpc.request.timeout = 3000ms (default)
2019-09-24 02:26:52,975 [main] INFO  server.RaftServerConfigKeys (ConfUtils.java:logGet(43)) - raft.server.storage.dir = [/workdir/hadoop-ozone/integration-test/target/test-dir/MiniOzoneClusterImpl-7938e232-3eaf-47c6-84ae-b0e11761d891/datanode-3/data/ratis] (custom)
2019-09-24 02:26:52,977 [main] INFO  hdfs.DFSUtil (DFSUtil.java:httpServerTemplateForNNAndJN(1641)) - Starting Web-server for hddsDatanode at: http://0.0.0.0:0
2019-09-24 02:26:52,978 [main] INFO  server.AuthenticationFilter (AuthenticationFilter.java:constructSecretProvider(240)) - Unable to initialize FileSignerSecretProvider, falling back to use random secrets.
2019-09-24 02:26:52,978 [main] WARN  http.HttpRequestLog (HttpRequestLog.java:getRequestLog(97)) - Jetty request log can only be enabled using Log4j
2019-09-24 02:26:52,979 [main] INFO  http.HttpServer2 (HttpServer2.java:addGlobalFilter(975)) - Added global filter 'safety' (class=org.apache.hadoop.http.HttpServer2$QuotingInputFilter)
2019-09-24 02:26:52,980 [main] INFO  http.HttpServer2 (HttpServer2.java:addFilter(948)) - Added filter static_user_filter (class=org.apache.hadoop.http.lib.StaticUserWebFilter$StaticUserFilter) to context hddsDatanode
2019-09-24 02:26:52,980 [main] INFO  http.HttpServer2 (HttpServer2.java:addFilter(958)) - Added filter static_user_filter (class=org.apache.hadoop.http.lib.StaticUserWebFilter$StaticUserFilter) to context static
2019-09-24 02:26:52,980 [main] INFO  http.HttpServer2 (HttpServer2.java:addFilter(958)) - Added filter static_user_filter (class=org.apache.hadoop.http.lib.StaticUserWebFilter$StaticUserFilter) to context logs
2019-09-24 02:26:52,981 [main] INFO  http.HttpServer2 (HttpServer2.java:bindListener(1191)) - Jetty bound to port 39540
2019-09-24 02:26:52,981 [main] INFO  server.Server (Server.java:doStart(351)) - jetty-9.3.25.v20180904, build timestamp: 2018-09-04T21:11:46Z, git hash: 3ce520221d0240229c862b122d2b06c12a625732
2019-09-24 02:26:52,983 [main] INFO  handler.ContextHandler (ContextHandler.java:doStart(781)) - Started o.e.j.s.ServletContextHandler@1ca3d25b{/logs,file:///workdir/hadoop-ozone/integration-test/target/log,AVAILABLE}
2019-09-24 02:26:52,983 [main] INFO  handler.ContextHandler (ContextHandler.java:doStart(781)) - Started o.e.j.s.ServletContextHandler@535a518c{/static,jar:file:/home/user/.m2/repository/org/apache/hadoop/hadoop-hdds-container-service/0.5.0-SNAPSHOT/hadoop-hdds-container-service-0.5.0-SNAPSHOT.jar!/webapps/static,AVAILABLE}
2019-09-24 02:26:53,010 [main] INFO  handler.ContextHandler (ContextHandler.java:doStart(781)) - Started o.e.j.w.WebAppContext@ac91282{/,file:///tmp/jetty-0.0.0.0-39540-hddsDatanode-_-any-8271636236547769599.dir/webapp/,AVAILABLE}{/hddsDatanode}
2019-09-24 02:26:53,010 [main] INFO  server.AbstractConnector (AbstractConnector.java:doStart(278)) - Started ServerConnector@7f79edee{HTTP/1.1,[http/1.1]}{0.0.0.0:39540}
2019-09-24 02:26:53,012 [main] INFO  server.Server (Server.java:doStart(419)) - Started @292255ms
2019-09-24 02:26:53,012 [main] WARN  impl.MetricsSystemImpl (MetricsSystemImpl.java:register(276)) - Sink prometheus already exists!
2019-09-24 02:26:53,013 [main] INFO  server.BaseHttpServer (BaseHttpServer.java:updateConnectorAddress(215)) - HTTP server of HDDSDATANODE is listening at http://0.0.0.0:39540
2019-09-24 02:26:53,013 [main] INFO  impl.MetricsSystemImpl (MetricsSystemImpl.java:init(158)) - HddsDatanode metrics system started (again)
2019-09-24 02:26:53,016 [org.apache.hadoop.util.JvmPauseMonitor$Monitor@734cdec0] INFO  util.JvmPauseMonitor (JvmPauseMonitor.java:run(188)) - Starting JVM pause monitor
2019-09-24 02:26:53,016 [main] INFO  ozone.HddsDatanodeService (HddsDatanodeService.java:start(184)) - HddsDatanodeService host:pr-hdds-2162-tjkd5-3209850126 ip:192.168.151.121
2019-09-24 02:26:53,018 [Datanode State Machine Thread - 0] INFO  datanode.InitDatanodeState (InitDatanodeState.java:persistContainerDatanodeDetails(140)) - DatanodeDetails is persisted to /workdir/hadoop-ozone/integration-test/target/test-dir/MiniOzoneClusterImpl-7938e232-3eaf-47c6-84ae-b0e11761d891/datanode-3/meta/datanode.id
2019-09-24 02:26:53,023 [main] INFO  volume.HddsVolume (HddsVolume.java:<init>(176)) - Creating Volume: /workdir/hadoop-ozone/integration-test/target/test-dir/MiniOzoneClusterImpl-7938e232-3eaf-47c6-84ae-b0e11761d891/datanode-4/data/containers/hdds of  storage type : DISK and capacity : 1482555576320
2019-09-24 02:26:53,023 [main] INFO  volume.VolumeSet (VolumeSet.java:initializeVolumeSet(170)) - Added Volume : /workdir/hadoop-ozone/integration-test/target/test-dir/MiniOzoneClusterImpl-7938e232-3eaf-47c6-84ae-b0e11761d891/datanode-4/data/containers/hdds to VolumeSet
2019-09-24 02:26:53,023 [main] INFO  volume.ThrottledAsyncChecker (ThrottledAsyncChecker.java:schedule(139)) - Scheduling a check for org.apache.hadoop.ozone.container.common.volume.HddsVolume@23ad71bf
2019-09-24 02:26:53,024 [main] INFO  volume.HddsVolumeChecker (HddsVolumeChecker.java:checkAllVolumes(202)) - Scheduled health check for volume org.apache.hadoop.ozone.container.common.volume.HddsVolume@23ad71bf
2019-09-24 02:26:53,035 [main] INFO  impl.RaftServerProxy (ConfUtils.java:logGet(43)) - raft.rpc.type = GRPC (default)
2019-09-24 02:26:53,035 [main] INFO  grpc.GrpcFactory (GrpcFactory.java:checkPooledByteBufAllocatorUseCacheForAllThreads(45)) - PERFORMANCE WARNING: useCacheForAllThreads is true that may cause Netty to create a lot garbage objects and, as a result, trigger GC.
	It is recommended to disable useCacheForAllThreads by setting -Dorg.apache.ratis.thirdparty.io.netty.allocator.useCacheForAllThreads=false in command line.
2019-09-24 02:26:53,035 [main] INFO  grpc.GrpcConfigKeys$Server (ConfUtils.java:logGet(43)) - raft.grpc.server.port = 0 (default)
2019-09-24 02:26:53,036 [main] INFO  server.GrpcService (ConfUtils.java:logGet(43)) - raft.grpc.message.size.max = 33570816 (custom)
2019-09-24 02:26:53,036 [main] INFO  server.RaftServerConfigKeys (ConfUtils.java:logGet(43)) - raft.server.log.appender.buffer.byte-limit = 33554432 (custom)
2019-09-24 02:26:53,036 [main] INFO  server.GrpcService (ConfUtils.java:logGet(43)) - raft.grpc.flow.control.window = 1MB (=1048576) (default)
2019-09-24 02:26:53,036 [main] INFO  server.RaftServerConfigKeys (ConfUtils.java:logGet(43)) - raft.server.rpc.request.timeout = 3000ms (default)
2019-09-24 02:26:53,036 [main] INFO  server.RaftServerConfigKeys (ConfUtils.java:logGet(43)) - raft.server.storage.dir = [/workdir/hadoop-ozone/integration-test/target/test-dir/MiniOzoneClusterImpl-7938e232-3eaf-47c6-84ae-b0e11761d891/datanode-4/data/ratis] (custom)
2019-09-24 02:26:53,038 [main] INFO  hdfs.DFSUtil (DFSUtil.java:httpServerTemplateForNNAndJN(1641)) - Starting Web-server for hddsDatanode at: http://0.0.0.0:0
2019-09-24 02:26:53,038 [main] INFO  server.AuthenticationFilter (AuthenticationFilter.java:constructSecretProvider(240)) - Unable to initialize FileSignerSecretProvider, falling back to use random secrets.
2019-09-24 02:26:53,039 [main] WARN  http.HttpRequestLog (HttpRequestLog.java:getRequestLog(97)) - Jetty request log can only be enabled using Log4j
2019-09-24 02:26:53,040 [main] INFO  http.HttpServer2 (HttpServer2.java:addGlobalFilter(975)) - Added global filter 'safety' (class=org.apache.hadoop.http.HttpServer2$QuotingInputFilter)
2019-09-24 02:26:53,040 [main] INFO  http.HttpServer2 (HttpServer2.java:addFilter(948)) - Added filter static_user_filter (class=org.apache.hadoop.http.lib.StaticUserWebFilter$StaticUserFilter) to context hddsDatanode
2019-09-24 02:26:53,041 [main] INFO  http.HttpServer2 (HttpServer2.java:addFilter(958)) - Added filter static_user_filter (class=org.apache.hadoop.http.lib.StaticUserWebFilter$StaticUserFilter) to context logs
2019-09-24 02:26:53,041 [main] INFO  http.HttpServer2 (HttpServer2.java:addFilter(958)) - Added filter static_user_filter (class=org.apache.hadoop.http.lib.StaticUserWebFilter$StaticUserFilter) to context static
2019-09-24 02:26:53,041 [main] INFO  http.HttpServer2 (HttpServer2.java:bindListener(1191)) - Jetty bound to port 41122
2019-09-24 02:26:53,041 [main] INFO  server.Server (Server.java:doStart(351)) - jetty-9.3.25.v20180904, build timestamp: 2018-09-04T21:11:46Z, git hash: 3ce520221d0240229c862b122d2b06c12a625732
2019-09-24 02:26:53,043 [main] INFO  handler.ContextHandler (ContextHandler.java:doStart(781)) - Started o.e.j.s.ServletContextHandler@3730f716{/logs,file:///workdir/hadoop-ozone/integration-test/target/log,AVAILABLE}
2019-09-24 02:26:53,043 [main] INFO  handler.ContextHandler (ContextHandler.java:doStart(781)) - Started o.e.j.s.ServletContextHandler@66f5a02e{/static,jar:file:/home/user/.m2/repository/org/apache/hadoop/hadoop-hdds-container-service/0.5.0-SNAPSHOT/hadoop-hdds-container-service-0.5.0-SNAPSHOT.jar!/webapps/static,AVAILABLE}
2019-09-24 02:26:53,070 [main] INFO  handler.ContextHandler (ContextHandler.java:doStart(781)) - Started o.e.j.w.WebAppContext@337a6d30{/,file:///tmp/jetty-0.0.0.0-41122-hddsDatanode-_-any-759097306228757471.dir/webapp/,AVAILABLE}{/hddsDatanode}
2019-09-24 02:26:53,070 [main] INFO  server.AbstractConnector (AbstractConnector.java:doStart(278)) - Started ServerConnector@2921a36a{HTTP/1.1,[http/1.1]}{0.0.0.0:41122}
2019-09-24 02:26:53,071 [main] INFO  server.Server (Server.java:doStart(419)) - Started @292314ms
2019-09-24 02:26:53,071 [main] WARN  impl.MetricsSystemImpl (MetricsSystemImpl.java:register(276)) - Sink prometheus already exists!
2019-09-24 02:26:53,072 [main] INFO  server.BaseHttpServer (BaseHttpServer.java:updateConnectorAddress(215)) - HTTP server of HDDSDATANODE is listening at http://0.0.0.0:41122
2019-09-24 02:26:53,072 [main] INFO  impl.MetricsSystemImpl (MetricsSystemImpl.java:init(158)) - HddsDatanode metrics system started (again)
2019-09-24 02:26:53,077 [org.apache.hadoop.util.JvmPauseMonitor$Monitor@4f64ec91] INFO  util.JvmPauseMonitor (JvmPauseMonitor.java:run(188)) - Starting JVM pause monitor
2019-09-24 02:26:53,077 [main] INFO  ozone.HddsDatanodeService (HddsDatanodeService.java:start(184)) - HddsDatanodeService host:pr-hdds-2162-tjkd5-3209850126 ip:192.168.151.121
2019-09-24 02:26:53,079 [Datanode State Machine Thread - 0] INFO  datanode.InitDatanodeState (InitDatanodeState.java:persistContainerDatanodeDetails(140)) - DatanodeDetails is persisted to /workdir/hadoop-ozone/integration-test/target/test-dir/MiniOzoneClusterImpl-7938e232-3eaf-47c6-84ae-b0e11761d891/datanode-4/meta/datanode.id
2019-09-24 02:26:53,083 [main] INFO  volume.HddsVolume (HddsVolume.java:<init>(176)) - Creating Volume: /workdir/hadoop-ozone/integration-test/target/test-dir/MiniOzoneClusterImpl-7938e232-3eaf-47c6-84ae-b0e11761d891/datanode-5/data/containers/hdds of  storage type : DISK and capacity : 1482555576320
2019-09-24 02:26:53,084 [main] INFO  volume.VolumeSet (VolumeSet.java:initializeVolumeSet(170)) - Added Volume : /workdir/hadoop-ozone/integration-test/target/test-dir/MiniOzoneClusterImpl-7938e232-3eaf-47c6-84ae-b0e11761d891/datanode-5/data/containers/hdds to VolumeSet
2019-09-24 02:26:53,084 [main] INFO  volume.ThrottledAsyncChecker (ThrottledAsyncChecker.java:schedule(139)) - Scheduling a check for org.apache.hadoop.ozone.container.common.volume.HddsVolume@2da81754
2019-09-24 02:26:53,085 [main] INFO  volume.HddsVolumeChecker (HddsVolumeChecker.java:checkAllVolumes(202)) - Scheduled health check for volume org.apache.hadoop.ozone.container.common.volume.HddsVolume@2da81754
2019-09-24 02:26:53,100 [main] INFO  impl.RaftServerProxy (ConfUtils.java:logGet(43)) - raft.rpc.type = GRPC (default)
2019-09-24 02:26:53,101 [main] INFO  grpc.GrpcFactory (GrpcFactory.java:checkPooledByteBufAllocatorUseCacheForAllThreads(45)) - PERFORMANCE WARNING: useCacheForAllThreads is true that may cause Netty to create a lot garbage objects and, as a result, trigger GC.
	It is recommended to disable useCacheForAllThreads by setting -Dorg.apache.ratis.thirdparty.io.netty.allocator.useCacheForAllThreads=false in command line.
2019-09-24 02:26:53,101 [main] INFO  grpc.GrpcConfigKeys$Server (ConfUtils.java:logGet(43)) - raft.grpc.server.port = 0 (default)
2019-09-24 02:26:53,101 [main] INFO  server.GrpcService (ConfUtils.java:logGet(43)) - raft.grpc.message.size.max = 33570816 (custom)
2019-09-24 02:26:53,102 [main] INFO  server.RaftServerConfigKeys (ConfUtils.java:logGet(43)) - raft.server.log.appender.buffer.byte-limit = 33554432 (custom)
2019-09-24 02:26:53,102 [main] INFO  server.GrpcService (ConfUtils.java:logGet(43)) - raft.grpc.flow.control.window = 1MB (=1048576) (default)
2019-09-24 02:26:53,102 [main] INFO  server.RaftServerConfigKeys (ConfUtils.java:logGet(43)) - raft.server.rpc.request.timeout = 3000ms (default)
2019-09-24 02:26:53,103 [main] INFO  server.RaftServerConfigKeys (ConfUtils.java:logGet(43)) - raft.server.storage.dir = [/workdir/hadoop-ozone/integration-test/target/test-dir/MiniOzoneClusterImpl-7938e232-3eaf-47c6-84ae-b0e11761d891/datanode-5/data/ratis] (custom)
2019-09-24 02:26:53,104 [main] INFO  hdfs.DFSUtil (DFSUtil.java:httpServerTemplateForNNAndJN(1641)) - Starting Web-server for hddsDatanode at: http://0.0.0.0:0
2019-09-24 02:26:53,105 [main] INFO  server.AuthenticationFilter (AuthenticationFilter.java:constructSecretProvider(240)) - Unable to initialize FileSignerSecretProvider, falling back to use random secrets.
2019-09-24 02:26:53,106 [main] WARN  http.HttpRequestLog (HttpRequestLog.java:getRequestLog(97)) - Jetty request log can only be enabled using Log4j
2019-09-24 02:26:53,107 [main] INFO  http.HttpServer2 (HttpServer2.java:addGlobalFilter(975)) - Added global filter 'safety' (class=org.apache.hadoop.http.HttpServer2$QuotingInputFilter)
2019-09-24 02:26:53,108 [main] INFO  http.HttpServer2 (HttpServer2.java:addFilter(948)) - Added filter static_user_filter (class=org.apache.hadoop.http.lib.StaticUserWebFilter$StaticUserFilter) to context hddsDatanode
2019-09-24 02:26:53,108 [main] INFO  http.HttpServer2 (HttpServer2.java:addFilter(958)) - Added filter static_user_filter (class=org.apache.hadoop.http.lib.StaticUserWebFilter$StaticUserFilter) to context logs
2019-09-24 02:26:53,108 [main] INFO  http.HttpServer2 (HttpServer2.java:addFilter(958)) - Added filter static_user_filter (class=org.apache.hadoop.http.lib.StaticUserWebFilter$StaticUserFilter) to context static
2019-09-24 02:26:53,109 [main] INFO  http.HttpServer2 (HttpServer2.java:bindListener(1191)) - Jetty bound to port 34345
2019-09-24 02:26:53,110 [main] INFO  server.Server (Server.java:doStart(351)) - jetty-9.3.25.v20180904, build timestamp: 2018-09-04T21:11:46Z, git hash: 3ce520221d0240229c862b122d2b06c12a625732
2019-09-24 02:26:53,112 [main] INFO  handler.ContextHandler (ContextHandler.java:doStart(781)) - Started o.e.j.s.ServletContextHandler@4e245739{/logs,file:///workdir/hadoop-ozone/integration-test/target/log,AVAILABLE}
2019-09-24 02:26:53,113 [main] INFO  handler.ContextHandler (ContextHandler.java:doStart(781)) - Started o.e.j.s.ServletContextHandler@469a7575{/static,jar:file:/home/user/.m2/repository/org/apache/hadoop/hadoop-hdds-container-service/0.5.0-SNAPSHOT/hadoop-hdds-container-service-0.5.0-SNAPSHOT.jar!/webapps/static,AVAILABLE}
2019-09-24 02:26:53,148 [main] INFO  handler.ContextHandler (ContextHandler.java:doStart(781)) - Started o.e.j.w.WebAppContext@3946075{/,file:///tmp/jetty-0.0.0.0-34345-hddsDatanode-_-any-4841462935887811441.dir/webapp/,AVAILABLE}{/hddsDatanode}
2019-09-24 02:26:53,148 [main] INFO  server.AbstractConnector (AbstractConnector.java:doStart(278)) - Started ServerConnector@122635ef{HTTP/1.1,[http/1.1]}{0.0.0.0:34345}
2019-09-24 02:26:53,150 [main] INFO  server.Server (Server.java:doStart(419)) - Started @292393ms
2019-09-24 02:26:53,150 [main] WARN  impl.MetricsSystemImpl (MetricsSystemImpl.java:register(276)) - Sink prometheus already exists!
2019-09-24 02:26:53,151 [main] INFO  server.BaseHttpServer (BaseHttpServer.java:updateConnectorAddress(215)) - HTTP server of HDDSDATANODE is listening at http://0.0.0.0:34345
2019-09-24 02:26:53,152 [main] INFO  impl.MetricsSystemImpl (MetricsSystemImpl.java:init(158)) - HddsDatanode metrics system started (again)
2019-09-24 02:26:53,156 [org.apache.hadoop.util.JvmPauseMonitor$Monitor@55c0abb3] INFO  util.JvmPauseMonitor (JvmPauseMonitor.java:run(188)) - Starting JVM pause monitor
2019-09-24 02:26:53,157 [main] INFO  ozone.HddsDatanodeService (HddsDatanodeService.java:start(184)) - HddsDatanodeService host:pr-hdds-2162-tjkd5-3209850126 ip:192.168.151.121
2019-09-24 02:26:53,159 [Datanode State Machine Thread - 0] INFO  datanode.InitDatanodeState (InitDatanodeState.java:persistContainerDatanodeDetails(140)) - DatanodeDetails is persisted to /workdir/hadoop-ozone/integration-test/target/test-dir/MiniOzoneClusterImpl-7938e232-3eaf-47c6-84ae-b0e11761d891/datanode-5/meta/datanode.id
2019-09-24 02:26:53,164 [main] INFO  volume.HddsVolume (HddsVolume.java:<init>(176)) - Creating Volume: /workdir/hadoop-ozone/integration-test/target/test-dir/MiniOzoneClusterImpl-7938e232-3eaf-47c6-84ae-b0e11761d891/datanode-6/data/containers/hdds of  storage type : DISK and capacity : 1482555576320
2019-09-24 02:26:53,164 [main] INFO  volume.VolumeSet (VolumeSet.java:initializeVolumeSet(170)) - Added Volume : /workdir/hadoop-ozone/integration-test/target/test-dir/MiniOzoneClusterImpl-7938e232-3eaf-47c6-84ae-b0e11761d891/datanode-6/data/containers/hdds to VolumeSet
2019-09-24 02:26:53,165 [main] INFO  volume.ThrottledAsyncChecker (ThrottledAsyncChecker.java:schedule(139)) - Scheduling a check for org.apache.hadoop.ozone.container.common.volume.HddsVolume@483f286e
2019-09-24 02:26:53,165 [main] INFO  volume.HddsVolumeChecker (HddsVolumeChecker.java:checkAllVolumes(202)) - Scheduled health check for volume org.apache.hadoop.ozone.container.common.volume.HddsVolume@483f286e
2019-09-24 02:26:53,183 [main] INFO  impl.RaftServerProxy (ConfUtils.java:logGet(43)) - raft.rpc.type = GRPC (default)
2019-09-24 02:26:53,183 [main] INFO  grpc.GrpcFactory (GrpcFactory.java:checkPooledByteBufAllocatorUseCacheForAllThreads(45)) - PERFORMANCE WARNING: useCacheForAllThreads is true that may cause Netty to create a lot garbage objects and, as a result, trigger GC.
	It is recommended to disable useCacheForAllThreads by setting -Dorg.apache.ratis.thirdparty.io.netty.allocator.useCacheForAllThreads=false in command line.
2019-09-24 02:26:53,183 [main] INFO  grpc.GrpcConfigKeys$Server (ConfUtils.java:logGet(43)) - raft.grpc.server.port = 0 (default)
2019-09-24 02:26:53,184 [main] INFO  server.GrpcService (ConfUtils.java:logGet(43)) - raft.grpc.message.size.max = 33570816 (custom)
2019-09-24 02:26:53,184 [main] INFO  server.RaftServerConfigKeys (ConfUtils.java:logGet(43)) - raft.server.log.appender.buffer.byte-limit = 33554432 (custom)
2019-09-24 02:26:53,184 [main] INFO  server.GrpcService (ConfUtils.java:logGet(43)) - raft.grpc.flow.control.window = 1MB (=1048576) (default)
2019-09-24 02:26:53,184 [main] INFO  server.RaftServerConfigKeys (ConfUtils.java:logGet(43)) - raft.server.rpc.request.timeout = 3000ms (default)
2019-09-24 02:26:53,185 [main] INFO  server.RaftServerConfigKeys (ConfUtils.java:logGet(43)) - raft.server.storage.dir = [/workdir/hadoop-ozone/integration-test/target/test-dir/MiniOzoneClusterImpl-7938e232-3eaf-47c6-84ae-b0e11761d891/datanode-6/data/ratis] (custom)
2019-09-24 02:26:53,186 [main] INFO  hdfs.DFSUtil (DFSUtil.java:httpServerTemplateForNNAndJN(1641)) - Starting Web-server for hddsDatanode at: http://0.0.0.0:0
2019-09-24 02:26:53,187 [main] INFO  server.AuthenticationFilter (AuthenticationFilter.java:constructSecretProvider(240)) - Unable to initialize FileSignerSecretProvider, falling back to use random secrets.
2019-09-24 02:26:53,188 [main] WARN  http.HttpRequestLog (HttpRequestLog.java:getRequestLog(97)) - Jetty request log can only be enabled using Log4j
2019-09-24 02:26:53,190 [main] INFO  http.HttpServer2 (HttpServer2.java:addGlobalFilter(975)) - Added global filter 'safety' (class=org.apache.hadoop.http.HttpServer2$QuotingInputFilter)
2019-09-24 02:26:53,190 [main] INFO  http.HttpServer2 (HttpServer2.java:addFilter(948)) - Added filter static_user_filter (class=org.apache.hadoop.http.lib.StaticUserWebFilter$StaticUserFilter) to context hddsDatanode
2019-09-24 02:26:53,190 [main] INFO  http.HttpServer2 (HttpServer2.java:addFilter(958)) - Added filter static_user_filter (class=org.apache.hadoop.http.lib.StaticUserWebFilter$StaticUserFilter) to context logs
2019-09-24 02:26:53,191 [main] INFO  http.HttpServer2 (HttpServer2.java:addFilter(958)) - Added filter static_user_filter (class=org.apache.hadoop.http.lib.StaticUserWebFilter$StaticUserFilter) to context static
2019-09-24 02:26:53,191 [main] INFO  http.HttpServer2 (HttpServer2.java:bindListener(1191)) - Jetty bound to port 42492
2019-09-24 02:26:53,192 [main] INFO  server.Server (Server.java:doStart(351)) - jetty-9.3.25.v20180904, build timestamp: 2018-09-04T21:11:46Z, git hash: 3ce520221d0240229c862b122d2b06c12a625732
2019-09-24 02:26:53,193 [main] INFO  handler.ContextHandler (ContextHandler.java:doStart(781)) - Started o.e.j.s.ServletContextHandler@4d705112{/logs,file:///workdir/hadoop-ozone/integration-test/target/log,AVAILABLE}
2019-09-24 02:26:53,193 [main] INFO  handler.ContextHandler (ContextHandler.java:doStart(781)) - Started o.e.j.s.ServletContextHandler@19489b27{/static,jar:file:/home/user/.m2/repository/org/apache/hadoop/hadoop-hdds-container-service/0.5.0-SNAPSHOT/hadoop-hdds-container-service-0.5.0-SNAPSHOT.jar!/webapps/static,AVAILABLE}
2019-09-24 02:26:53,220 [main] INFO  handler.ContextHandler (ContextHandler.java:doStart(781)) - Started o.e.j.w.WebAppContext@5ae15{/,file:///tmp/jetty-0.0.0.0-42492-hddsDatanode-_-any-384898414415460856.dir/webapp/,AVAILABLE}{/hddsDatanode}
2019-09-24 02:26:53,220 [main] INFO  server.AbstractConnector (AbstractConnector.java:doStart(278)) - Started ServerConnector@577536e0{HTTP/1.1,[http/1.1]}{0.0.0.0:42492}
2019-09-24 02:26:53,222 [main] INFO  server.Server (Server.java:doStart(419)) - Started @292465ms
2019-09-24 02:26:53,222 [main] WARN  impl.MetricsSystemImpl (MetricsSystemImpl.java:register(276)) - Sink prometheus already exists!
2019-09-24 02:26:53,222 [main] INFO  server.BaseHttpServer (BaseHttpServer.java:updateConnectorAddress(215)) - HTTP server of HDDSDATANODE is listening at http://0.0.0.0:42492
2019-09-24 02:26:53,223 [main] INFO  impl.MetricsSystemImpl (MetricsSystemImpl.java:init(158)) - HddsDatanode metrics system started (again)
2019-09-24 02:26:53,226 [main] INFO  ozone.HddsDatanodeService (HddsDatanodeService.java:start(184)) - HddsDatanodeService host:pr-hdds-2162-tjkd5-3209850126 ip:192.168.151.121
2019-09-24 02:26:53,226 [org.apache.hadoop.util.JvmPauseMonitor$Monitor@38830cd9] INFO  util.JvmPauseMonitor (JvmPauseMonitor.java:run(188)) - Starting JVM pause monitor
2019-09-24 02:26:53,228 [Datanode State Machine Thread - 0] INFO  datanode.InitDatanodeState (InitDatanodeState.java:persistContainerDatanodeDetails(140)) - DatanodeDetails is persisted to /workdir/hadoop-ozone/integration-test/target/test-dir/MiniOzoneClusterImpl-7938e232-3eaf-47c6-84ae-b0e11761d891/datanode-6/meta/datanode.id
2019-09-24 02:26:53,232 [main] INFO  volume.HddsVolume (HddsVolume.java:<init>(176)) - Creating Volume: /workdir/hadoop-ozone/integration-test/target/test-dir/MiniOzoneClusterImpl-7938e232-3eaf-47c6-84ae-b0e11761d891/datanode-7/data/containers/hdds of  storage type : DISK and capacity : 1482555576320
2019-09-24 02:26:53,233 [main] INFO  volume.VolumeSet (VolumeSet.java:initializeVolumeSet(170)) - Added Volume : /workdir/hadoop-ozone/integration-test/target/test-dir/MiniOzoneClusterImpl-7938e232-3eaf-47c6-84ae-b0e11761d891/datanode-7/data/containers/hdds to VolumeSet
2019-09-24 02:26:53,233 [main] INFO  volume.ThrottledAsyncChecker (ThrottledAsyncChecker.java:schedule(139)) - Scheduling a check for org.apache.hadoop.ozone.container.common.volume.HddsVolume@4262fdeb
2019-09-24 02:26:53,233 [main] INFO  volume.HddsVolumeChecker (HddsVolumeChecker.java:checkAllVolumes(202)) - Scheduled health check for volume org.apache.hadoop.ozone.container.common.volume.HddsVolume@4262fdeb
2019-09-24 02:26:53,246 [main] INFO  impl.RaftServerProxy (ConfUtils.java:logGet(43)) - raft.rpc.type = GRPC (default)
2019-09-24 02:26:53,246 [main] INFO  grpc.GrpcFactory (GrpcFactory.java:checkPooledByteBufAllocatorUseCacheForAllThreads(45)) - PERFORMANCE WARNING: useCacheForAllThreads is true that may cause Netty to create a lot garbage objects and, as a result, trigger GC.
	It is recommended to disable useCacheForAllThreads by setting -Dorg.apache.ratis.thirdparty.io.netty.allocator.useCacheForAllThreads=false in command line.
2019-09-24 02:26:53,246 [main] INFO  grpc.GrpcConfigKeys$Server (ConfUtils.java:logGet(43)) - raft.grpc.server.port = 0 (default)
2019-09-24 02:26:53,247 [main] INFO  server.GrpcService (ConfUtils.java:logGet(43)) - raft.grpc.message.size.max = 33570816 (custom)
2019-09-24 02:26:53,247 [main] INFO  server.RaftServerConfigKeys (ConfUtils.java:logGet(43)) - raft.server.log.appender.buffer.byte-limit = 33554432 (custom)
2019-09-24 02:26:53,247 [main] INFO  server.GrpcService (ConfUtils.java:logGet(43)) - raft.grpc.flow.control.window = 1MB (=1048576) (default)
2019-09-24 02:26:53,248 [main] INFO  server.RaftServerConfigKeys (ConfUtils.java:logGet(43)) - raft.server.rpc.request.timeout = 3000ms (default)
2019-09-24 02:26:53,248 [main] INFO  server.RaftServerConfigKeys (ConfUtils.java:logGet(43)) - raft.server.storage.dir = [/workdir/hadoop-ozone/integration-test/target/test-dir/MiniOzoneClusterImpl-7938e232-3eaf-47c6-84ae-b0e11761d891/datanode-7/data/ratis] (custom)
2019-09-24 02:26:53,250 [main] INFO  hdfs.DFSUtil (DFSUtil.java:httpServerTemplateForNNAndJN(1641)) - Starting Web-server for hddsDatanode at: http://0.0.0.0:0
2019-09-24 02:26:53,251 [main] INFO  server.AuthenticationFilter (AuthenticationFilter.java:constructSecretProvider(240)) - Unable to initialize FileSignerSecretProvider, falling back to use random secrets.
2019-09-24 02:26:53,252 [main] WARN  http.HttpRequestLog (HttpRequestLog.java:getRequestLog(97)) - Jetty request log can only be enabled using Log4j
2019-09-24 02:26:53,254 [main] INFO  http.HttpServer2 (HttpServer2.java:addGlobalFilter(975)) - Added global filter 'safety' (class=org.apache.hadoop.http.HttpServer2$QuotingInputFilter)
2019-09-24 02:26:53,254 [main] INFO  http.HttpServer2 (HttpServer2.java:addFilter(948)) - Added filter static_user_filter (class=org.apache.hadoop.http.lib.StaticUserWebFilter$StaticUserFilter) to context hddsDatanode
2019-09-24 02:26:53,255 [main] INFO  http.HttpServer2 (HttpServer2.java:addFilter(958)) - Added filter static_user_filter (class=org.apache.hadoop.http.lib.StaticUserWebFilter$StaticUserFilter) to context static
2019-09-24 02:26:53,255 [main] INFO  http.HttpServer2 (HttpServer2.java:addFilter(958)) - Added filter static_user_filter (class=org.apache.hadoop.http.lib.StaticUserWebFilter$StaticUserFilter) to context logs
2019-09-24 02:26:53,256 [main] INFO  http.HttpServer2 (HttpServer2.java:bindListener(1191)) - Jetty bound to port 32819
2019-09-24 02:26:53,256 [main] INFO  server.Server (Server.java:doStart(351)) - jetty-9.3.25.v20180904, build timestamp: 2018-09-04T21:11:46Z, git hash: 3ce520221d0240229c862b122d2b06c12a625732
2019-09-24 02:26:53,258 [main] INFO  handler.ContextHandler (ContextHandler.java:doStart(781)) - Started o.e.j.s.ServletContextHandler@c8f97a7{/logs,file:///workdir/hadoop-ozone/integration-test/target/log,AVAILABLE}
2019-09-24 02:26:53,259 [main] INFO  handler.ContextHandler (ContextHandler.java:doStart(781)) - Started o.e.j.s.ServletContextHandler@3249e278{/static,jar:file:/home/user/.m2/repository/org/apache/hadoop/hadoop-hdds-container-service/0.5.0-SNAPSHOT/hadoop-hdds-container-service-0.5.0-SNAPSHOT.jar!/webapps/static,AVAILABLE}
2019-09-24 02:26:53,297 [main] INFO  handler.ContextHandler (ContextHandler.java:doStart(781)) - Started o.e.j.w.WebAppContext@7e7743ec{/,file:///tmp/jetty-0.0.0.0-32819-hddsDatanode-_-any-984469210475405579.dir/webapp/,AVAILABLE}{/hddsDatanode}
2019-09-24 02:26:53,298 [main] INFO  server.AbstractConnector (AbstractConnector.java:doStart(278)) - Started ServerConnector@776015fc{HTTP/1.1,[http/1.1]}{0.0.0.0:32819}
2019-09-24 02:26:53,299 [main] INFO  server.Server (Server.java:doStart(419)) - Started @292543ms
2019-09-24 02:26:53,300 [main] WARN  impl.MetricsSystemImpl (MetricsSystemImpl.java:register(276)) - Sink prometheus already exists!
2019-09-24 02:26:53,300 [main] INFO  server.BaseHttpServer (BaseHttpServer.java:updateConnectorAddress(215)) - HTTP server of HDDSDATANODE is listening at http://0.0.0.0:32819
2019-09-24 02:26:53,301 [main] INFO  impl.MetricsSystemImpl (MetricsSystemImpl.java:init(158)) - HddsDatanode metrics system started (again)
2019-09-24 02:26:53,305 [main] INFO  ozone.HddsDatanodeService (HddsDatanodeService.java:start(184)) - HddsDatanodeService host:pr-hdds-2162-tjkd5-3209850126 ip:192.168.151.121
2019-09-24 02:26:53,305 [org.apache.hadoop.util.JvmPauseMonitor$Monitor@54dfe3e3] INFO  util.JvmPauseMonitor (JvmPauseMonitor.java:run(188)) - Starting JVM pause monitor
2019-09-24 02:26:53,307 [Datanode State Machine Thread - 0] INFO  datanode.InitDatanodeState (InitDatanodeState.java:persistContainerDatanodeDetails(140)) - DatanodeDetails is persisted to /workdir/hadoop-ozone/integration-test/target/test-dir/MiniOzoneClusterImpl-7938e232-3eaf-47c6-84ae-b0e11761d891/datanode-7/meta/datanode.id
2019-09-24 02:26:53,311 [main] INFO  volume.HddsVolume (HddsVolume.java:<init>(176)) - Creating Volume: /workdir/hadoop-ozone/integration-test/target/test-dir/MiniOzoneClusterImpl-7938e232-3eaf-47c6-84ae-b0e11761d891/datanode-8/data/containers/hdds of  storage type : DISK and capacity : 1482555576320
2019-09-24 02:26:53,311 [main] INFO  volume.VolumeSet (VolumeSet.java:initializeVolumeSet(170)) - Added Volume : /workdir/hadoop-ozone/integration-test/target/test-dir/MiniOzoneClusterImpl-7938e232-3eaf-47c6-84ae-b0e11761d891/datanode-8/data/containers/hdds to VolumeSet
2019-09-24 02:26:53,311 [main] INFO  volume.ThrottledAsyncChecker (ThrottledAsyncChecker.java:schedule(139)) - Scheduling a check for org.apache.hadoop.ozone.container.common.volume.HddsVolume@5ef85555
2019-09-24 02:26:53,312 [main] INFO  volume.HddsVolumeChecker (HddsVolumeChecker.java:checkAllVolumes(202)) - Scheduled health check for volume org.apache.hadoop.ozone.container.common.volume.HddsVolume@5ef85555
2019-09-24 02:26:53,330 [main] INFO  impl.RaftServerProxy (ConfUtils.java:logGet(43)) - raft.rpc.type = GRPC (default)
2019-09-24 02:26:53,330 [main] INFO  grpc.GrpcFactory (GrpcFactory.java:checkPooledByteBufAllocatorUseCacheForAllThreads(45)) - PERFORMANCE WARNING: useCacheForAllThreads is true that may cause Netty to create a lot garbage objects and, as a result, trigger GC.
	It is recommended to disable useCacheForAllThreads by setting -Dorg.apache.ratis.thirdparty.io.netty.allocator.useCacheForAllThreads=false in command line.
2019-09-24 02:26:53,330 [main] INFO  grpc.GrpcConfigKeys$Server (ConfUtils.java:logGet(43)) - raft.grpc.server.port = 0 (default)
2019-09-24 02:26:53,330 [main] INFO  server.GrpcService (ConfUtils.java:logGet(43)) - raft.grpc.message.size.max = 33570816 (custom)
2019-09-24 02:26:53,331 [main] INFO  server.RaftServerConfigKeys (ConfUtils.java:logGet(43)) - raft.server.log.appender.buffer.byte-limit = 33554432 (custom)
2019-09-24 02:26:53,331 [main] INFO  server.GrpcService (ConfUtils.java:logGet(43)) - raft.grpc.flow.control.window = 1MB (=1048576) (default)
2019-09-24 02:26:53,331 [main] INFO  server.RaftServerConfigKeys (ConfUtils.java:logGet(43)) - raft.server.rpc.request.timeout = 3000ms (default)
2019-09-24 02:26:53,331 [main] INFO  server.RaftServerConfigKeys (ConfUtils.java:logGet(43)) - raft.server.storage.dir = [/workdir/hadoop-ozone/integration-test/target/test-dir/MiniOzoneClusterImpl-7938e232-3eaf-47c6-84ae-b0e11761d891/datanode-8/data/ratis] (custom)
2019-09-24 02:26:53,333 [main] INFO  hdfs.DFSUtil (DFSUtil.java:httpServerTemplateForNNAndJN(1641)) - Starting Web-server for hddsDatanode at: http://0.0.0.0:0
2019-09-24 02:26:53,334 [main] INFO  server.AuthenticationFilter (AuthenticationFilter.java:constructSecretProvider(240)) - Unable to initialize FileSignerSecretProvider, falling back to use random secrets.
2019-09-24 02:26:53,334 [main] WARN  http.HttpRequestLog (HttpRequestLog.java:getRequestLog(97)) - Jetty request log can only be enabled using Log4j
2019-09-24 02:26:53,335 [main] INFO  http.HttpServer2 (HttpServer2.java:addGlobalFilter(975)) - Added global filter 'safety' (class=org.apache.hadoop.http.HttpServer2$QuotingInputFilter)
2019-09-24 02:26:53,335 [main] INFO  http.HttpServer2 (HttpServer2.java:addFilter(948)) - Added filter static_user_filter (class=org.apache.hadoop.http.lib.StaticUserWebFilter$StaticUserFilter) to context hddsDatanode
2019-09-24 02:26:53,336 [main] INFO  http.HttpServer2 (HttpServer2.java:addFilter(958)) - Added filter static_user_filter (class=org.apache.hadoop.http.lib.StaticUserWebFilter$StaticUserFilter) to context logs
2019-09-24 02:26:53,336 [main] INFO  http.HttpServer2 (HttpServer2.java:addFilter(958)) - Added filter static_user_filter (class=org.apache.hadoop.http.lib.StaticUserWebFilter$StaticUserFilter) to context static
2019-09-24 02:26:53,336 [main] INFO  http.HttpServer2 (HttpServer2.java:bindListener(1191)) - Jetty bound to port 46141
2019-09-24 02:26:53,337 [main] INFO  server.Server (Server.java:doStart(351)) - jetty-9.3.25.v20180904, build timestamp: 2018-09-04T21:11:46Z, git hash: 3ce520221d0240229c862b122d2b06c12a625732
2019-09-24 02:26:53,338 [main] INFO  handler.ContextHandler (ContextHandler.java:doStart(781)) - Started o.e.j.s.ServletContextHandler@519c6fcc{/logs,file:///workdir/hadoop-ozone/integration-test/target/log,AVAILABLE}
2019-09-24 02:26:53,338 [main] INFO  handler.ContextHandler (ContextHandler.java:doStart(781)) - Started o.e.j.s.ServletContextHandler@7ecda95b{/static,jar:file:/home/user/.m2/repository/org/apache/hadoop/hadoop-hdds-container-service/0.5.0-SNAPSHOT/hadoop-hdds-container-service-0.5.0-SNAPSHOT.jar!/webapps/static,AVAILABLE}
2019-09-24 02:26:53,365 [main] INFO  handler.ContextHandler (ContextHandler.java:doStart(781)) - Started o.e.j.w.WebAppContext@7f73ce28{/,file:///tmp/jetty-0.0.0.0-46141-hddsDatanode-_-any-3446865354644590828.dir/webapp/,AVAILABLE}{/hddsDatanode}
2019-09-24 02:26:53,365 [main] INFO  server.AbstractConnector (AbstractConnector.java:doStart(278)) - Started ServerConnector@611b35d6{HTTP/1.1,[http/1.1]}{0.0.0.0:46141}
2019-09-24 02:26:53,367 [main] INFO  server.Server (Server.java:doStart(419)) - Started @292610ms
2019-09-24 02:26:53,367 [main] WARN  impl.MetricsSystemImpl (MetricsSystemImpl.java:register(276)) - Sink prometheus already exists!
2019-09-24 02:26:53,368 [main] INFO  server.BaseHttpServer (BaseHttpServer.java:updateConnectorAddress(215)) - HTTP server of HDDSDATANODE is listening at http://0.0.0.0:46141
2019-09-24 02:26:53,368 [main] INFO  impl.MetricsSystemImpl (MetricsSystemImpl.java:init(158)) - HddsDatanode metrics system started (again)
2019-09-24 02:26:53,373 [org.apache.hadoop.util.JvmPauseMonitor$Monitor@796a16c7] INFO  util.JvmPauseMonitor (JvmPauseMonitor.java:run(188)) - Starting JVM pause monitor
2019-09-24 02:26:53,373 [main] INFO  ozone.HddsDatanodeService (HddsDatanodeService.java:start(184)) - HddsDatanodeService host:pr-hdds-2162-tjkd5-3209850126 ip:192.168.151.121
2019-09-24 02:26:53,374 [Datanode State Machine Thread - 0] INFO  datanode.InitDatanodeState (InitDatanodeState.java:persistContainerDatanodeDetails(140)) - DatanodeDetails is persisted to /workdir/hadoop-ozone/integration-test/target/test-dir/MiniOzoneClusterImpl-7938e232-3eaf-47c6-84ae-b0e11761d891/datanode-8/meta/datanode.id
2019-09-24 02:26:53,379 [main] INFO  volume.HddsVolume (HddsVolume.java:<init>(176)) - Creating Volume: /workdir/hadoop-ozone/integration-test/target/test-dir/MiniOzoneClusterImpl-7938e232-3eaf-47c6-84ae-b0e11761d891/datanode-9/data/containers/hdds of  storage type : DISK and capacity : 1482555576320
2019-09-24 02:26:53,380 [main] INFO  volume.VolumeSet (VolumeSet.java:initializeVolumeSet(170)) - Added Volume : /workdir/hadoop-ozone/integration-test/target/test-dir/MiniOzoneClusterImpl-7938e232-3eaf-47c6-84ae-b0e11761d891/datanode-9/data/containers/hdds to VolumeSet
2019-09-24 02:26:53,380 [main] INFO  volume.ThrottledAsyncChecker (ThrottledAsyncChecker.java:schedule(139)) - Scheduling a check for org.apache.hadoop.ozone.container.common.volume.HddsVolume@4d93f75b
2019-09-24 02:26:53,380 [main] INFO  volume.HddsVolumeChecker (HddsVolumeChecker.java:checkAllVolumes(202)) - Scheduled health check for volume org.apache.hadoop.ozone.container.common.volume.HddsVolume@4d93f75b
2019-09-24 02:26:53,391 [main] INFO  impl.RaftServerProxy (ConfUtils.java:logGet(43)) - raft.rpc.type = GRPC (default)
2019-09-24 02:26:53,391 [main] INFO  grpc.GrpcFactory (GrpcFactory.java:checkPooledByteBufAllocatorUseCacheForAllThreads(45)) - PERFORMANCE WARNING: useCacheForAllThreads is true that may cause Netty to create a lot garbage objects and, as a result, trigger GC.
	It is recommended to disable useCacheForAllThreads by setting -Dorg.apache.ratis.thirdparty.io.netty.allocator.useCacheForAllThreads=false in command line.
2019-09-24 02:26:53,392 [main] INFO  grpc.GrpcConfigKeys$Server (ConfUtils.java:logGet(43)) - raft.grpc.server.port = 0 (default)
2019-09-24 02:26:53,392 [main] INFO  server.GrpcService (ConfUtils.java:logGet(43)) - raft.grpc.message.size.max = 33570816 (custom)
2019-09-24 02:26:53,392 [main] INFO  server.RaftServerConfigKeys (ConfUtils.java:logGet(43)) - raft.server.log.appender.buffer.byte-limit = 33554432 (custom)
2019-09-24 02:26:53,392 [main] INFO  server.GrpcService (ConfUtils.java:logGet(43)) - raft.grpc.flow.control.window = 1MB (=1048576) (default)
2019-09-24 02:26:53,392 [main] INFO  server.RaftServerConfigKeys (ConfUtils.java:logGet(43)) - raft.server.rpc.request.timeout = 3000ms (default)
2019-09-24 02:26:53,393 [main] INFO  server.RaftServerConfigKeys (ConfUtils.java:logGet(43)) - raft.server.storage.dir = [/workdir/hadoop-ozone/integration-test/target/test-dir/MiniOzoneClusterImpl-7938e232-3eaf-47c6-84ae-b0e11761d891/datanode-9/data/ratis] (custom)
2019-09-24 02:26:53,394 [main] INFO  hdfs.DFSUtil (DFSUtil.java:httpServerTemplateForNNAndJN(1641)) - Starting Web-server for hddsDatanode at: http://0.0.0.0:0
2019-09-24 02:26:53,395 [main] INFO  server.AuthenticationFilter (AuthenticationFilter.java:constructSecretProvider(240)) - Unable to initialize FileSignerSecretProvider, falling back to use random secrets.
2019-09-24 02:26:53,395 [main] WARN  http.HttpRequestLog (HttpRequestLog.java:getRequestLog(97)) - Jetty request log can only be enabled using Log4j
2019-09-24 02:26:53,396 [main] INFO  http.HttpServer2 (HttpServer2.java:addGlobalFilter(975)) - Added global filter 'safety' (class=org.apache.hadoop.http.HttpServer2$QuotingInputFilter)
2019-09-24 02:26:53,396 [main] INFO  http.HttpServer2 (HttpServer2.java:addFilter(948)) - Added filter static_user_filter (class=org.apache.hadoop.http.lib.StaticUserWebFilter$StaticUserFilter) to context hddsDatanode
2019-09-24 02:26:53,397 [main] INFO  http.HttpServer2 (HttpServer2.java:addFilter(958)) - Added filter static_user_filter (class=org.apache.hadoop.http.lib.StaticUserWebFilter$StaticUserFilter) to context logs
2019-09-24 02:26:53,397 [main] INFO  http.HttpServer2 (HttpServer2.java:addFilter(958)) - Added filter static_user_filter (class=org.apache.hadoop.http.lib.StaticUserWebFilter$StaticUserFilter) to context static
2019-09-24 02:26:53,397 [main] INFO  http.HttpServer2 (HttpServer2.java:bindListener(1191)) - Jetty bound to port 34393
2019-09-24 02:26:53,398 [main] INFO  server.Server (Server.java:doStart(351)) - jetty-9.3.25.v20180904, build timestamp: 2018-09-04T21:11:46Z, git hash: 3ce520221d0240229c862b122d2b06c12a625732
2019-09-24 02:26:53,399 [main] INFO  handler.ContextHandler (ContextHandler.java:doStart(781)) - Started o.e.j.s.ServletContextHandler@69f2cb04{/logs,file:///workdir/hadoop-ozone/integration-test/target/log,AVAILABLE}
2019-09-24 02:26:53,400 [main] INFO  handler.ContextHandler (ContextHandler.java:doStart(781)) - Started o.e.j.s.ServletContextHandler@b4732dc{/static,jar:file:/home/user/.m2/repository/org/apache/hadoop/hadoop-hdds-container-service/0.5.0-SNAPSHOT/hadoop-hdds-container-service-0.5.0-SNAPSHOT.jar!/webapps/static,AVAILABLE}
2019-09-24 02:26:53,428 [main] INFO  handler.ContextHandler (ContextHandler.java:doStart(781)) - Started o.e.j.w.WebAppContext@733fb462{/,file:///tmp/jetty-0.0.0.0-34393-hddsDatanode-_-any-7699148685948974802.dir/webapp/,AVAILABLE}{/hddsDatanode}
2019-09-24 02:26:53,428 [main] INFO  server.AbstractConnector (AbstractConnector.java:doStart(278)) - Started ServerConnector@623e0631{HTTP/1.1,[http/1.1]}{0.0.0.0:34393}
2019-09-24 02:26:53,430 [main] INFO  server.Server (Server.java:doStart(419)) - Started @292673ms
2019-09-24 02:26:53,430 [main] WARN  impl.MetricsSystemImpl (MetricsSystemImpl.java:register(276)) - Sink prometheus already exists!
2019-09-24 02:26:53,431 [main] INFO  server.BaseHttpServer (BaseHttpServer.java:updateConnectorAddress(215)) - HTTP server of HDDSDATANODE is listening at http://0.0.0.0:34393
2019-09-24 02:26:53,431 [main] INFO  ozone.MiniOzoneClusterImpl (MiniOzoneClusterImpl.java:lambda$waitForClusterToBeReady$0(147)) - Waiting for cluster to be ready. Got 0 of 10 DN Heartbeats.
2019-09-24 02:26:53,433 [org.apache.hadoop.util.JvmPauseMonitor$Monitor@2e4ad8a1] INFO  util.JvmPauseMonitor (JvmPauseMonitor.java:run(188)) - Starting JVM pause monitor
2019-09-24 02:26:53,434 [Datanode State Machine Thread - 0] INFO  datanode.InitDatanodeState (InitDatanodeState.java:persistContainerDatanodeDetails(140)) - DatanodeDetails is persisted to /workdir/hadoop-ozone/integration-test/target/test-dir/MiniOzoneClusterImpl-7938e232-3eaf-47c6-84ae-b0e11761d891/datanode-9/meta/datanode.id
2019-09-24 02:26:54,432 [main] INFO  ozone.MiniOzoneClusterImpl (MiniOzoneClusterImpl.java:lambda$waitForClusterToBeReady$0(147)) - Waiting for cluster to be ready. Got 0 of 10 DN Heartbeats.
2019-09-24 02:26:54,831 [Datanode State Machine Thread - 0] INFO  ozoneimpl.OzoneContainer (OzoneContainer.java:start(217)) - Attempting to start container services.
2019-09-24 02:26:54,831 [Datanode State Machine Thread - 0] INFO  ozoneimpl.OzoneContainer (OzoneContainer.java:startContainerScrub(179)) - Background container scanner has been disabled.
2019-09-24 02:26:54,831 [Datanode State Machine Thread - 0] INFO  ratis.XceiverServerRatis (XceiverServerRatis.java:start(411)) - Starting XceiverServerRatis 5c5ece1e-aab0-48bd-af7b-25510fc26a4f at port 0
2019-09-24 02:26:54,837 [Datanode State Machine Thread - 0] INFO  impl.RaftServerProxy (RaftServerProxy.java:lambda$start$3(299)) - 5c5ece1e-aab0-48bd-af7b-25510fc26a4f: start RPC server
2019-09-24 02:26:54,841 [Datanode State Machine Thread - 0] INFO  server.GrpcService (GrpcService.java:startImpl(158)) - 5c5ece1e-aab0-48bd-af7b-25510fc26a4f: GrpcService started, listening on 0.0.0.0/0.0.0.0:44256
2019-09-24 02:26:54,841 [Datanode State Machine Thread - 0] INFO  ratis.XceiverServerRatis (XceiverServerRatis.java:start(421)) - XceiverServerRatis 5c5ece1e-aab0-48bd-af7b-25510fc26a4f is started using port 44256
2019-09-24 02:26:54,842 [Datanode State Machine Thread - 0] INFO  server.XceiverServerGrpc (XceiverServerGrpc.java:start(149)) - XceiverServerGrpc 5c5ece1e-aab0-48bd-af7b-25510fc26a4f is started using port 39401
2019-09-24 02:26:54,885 [Datanode State Machine Thread - 0] INFO  ozoneimpl.OzoneContainer (OzoneContainer.java:start(217)) - Attempting to start container services.
2019-09-24 02:26:54,886 [Datanode State Machine Thread - 0] INFO  ozoneimpl.OzoneContainer (OzoneContainer.java:startContainerScrub(179)) - Background container scanner has been disabled.
2019-09-24 02:26:54,886 [Datanode State Machine Thread - 0] INFO  ratis.XceiverServerRatis (XceiverServerRatis.java:start(411)) - Starting XceiverServerRatis b3222389-c6d4-4a0f-8f23-1c6658166195 at port 0
2019-09-24 02:26:54,892 [Datanode State Machine Thread - 0] INFO  impl.RaftServerProxy (RaftServerProxy.java:lambda$start$3(299)) - b3222389-c6d4-4a0f-8f23-1c6658166195: start RPC server
2019-09-24 02:26:54,893 [Datanode State Machine Thread - 0] INFO  server.GrpcService (GrpcService.java:startImpl(158)) - b3222389-c6d4-4a0f-8f23-1c6658166195: GrpcService started, listening on 0.0.0.0/0.0.0.0:46156
2019-09-24 02:26:54,893 [Datanode State Machine Thread - 0] INFO  ratis.XceiverServerRatis (XceiverServerRatis.java:start(421)) - XceiverServerRatis b3222389-c6d4-4a0f-8f23-1c6658166195 is started using port 46156
2019-09-24 02:26:54,893 [Datanode State Machine Thread - 0] INFO  server.XceiverServerGrpc (XceiverServerGrpc.java:start(149)) - XceiverServerGrpc b3222389-c6d4-4a0f-8f23-1c6658166195 is started using port 43398
2019-09-24 02:26:54,955 [Datanode State Machine Thread - 0] INFO  ozoneimpl.OzoneContainer (OzoneContainer.java:start(217)) - Attempting to start container services.
2019-09-24 02:26:54,956 [Datanode State Machine Thread - 0] INFO  ozoneimpl.OzoneContainer (OzoneContainer.java:startContainerScrub(179)) - Background container scanner has been disabled.
2019-09-24 02:26:54,956 [Datanode State Machine Thread - 0] INFO  ratis.XceiverServerRatis (XceiverServerRatis.java:start(411)) - Starting XceiverServerRatis 03fe0df8-8acd-4b48-98b8-ff80530cf21f at port 0
2019-09-24 02:26:54,961 [Datanode State Machine Thread - 0] INFO  impl.RaftServerProxy (RaftServerProxy.java:lambda$start$3(299)) - 03fe0df8-8acd-4b48-98b8-ff80530cf21f: start RPC server
2019-09-24 02:26:54,962 [Datanode State Machine Thread - 0] INFO  server.GrpcService (GrpcService.java:startImpl(158)) - 03fe0df8-8acd-4b48-98b8-ff80530cf21f: GrpcService started, listening on 0.0.0.0/0.0.0.0:46676
2019-09-24 02:26:54,962 [Datanode State Machine Thread - 0] INFO  ratis.XceiverServerRatis (XceiverServerRatis.java:start(421)) - XceiverServerRatis 03fe0df8-8acd-4b48-98b8-ff80530cf21f is started using port 46676
2019-09-24 02:26:54,964 [Datanode State Machine Thread - 0] INFO  server.XceiverServerGrpc (XceiverServerGrpc.java:start(149)) - XceiverServerGrpc 03fe0df8-8acd-4b48-98b8-ff80530cf21f is started using port 38898
2019-09-24 02:26:55,029 [Datanode State Machine Thread - 0] INFO  ozoneimpl.OzoneContainer (OzoneContainer.java:start(217)) - Attempting to start container services.
2019-09-24 02:26:55,029 [Datanode State Machine Thread - 0] INFO  ozoneimpl.OzoneContainer (OzoneContainer.java:startContainerScrub(179)) - Background container scanner has been disabled.
2019-09-24 02:26:55,029 [Datanode State Machine Thread - 0] INFO  ratis.XceiverServerRatis (XceiverServerRatis.java:start(411)) - Starting XceiverServerRatis bee6418c-0727-467f-b823-1d4bd6a18942 at port 0
2019-09-24 02:26:55,035 [Datanode State Machine Thread - 0] INFO  impl.RaftServerProxy (RaftServerProxy.java:lambda$start$3(299)) - bee6418c-0727-467f-b823-1d4bd6a18942: start RPC server
2019-09-24 02:26:55,038 [Datanode State Machine Thread - 0] INFO  server.GrpcService (GrpcService.java:startImpl(158)) - bee6418c-0727-467f-b823-1d4bd6a18942: GrpcService started, listening on 0.0.0.0/0.0.0.0:38836
2019-09-24 02:26:55,038 [Datanode State Machine Thread - 0] INFO  ratis.XceiverServerRatis (XceiverServerRatis.java:start(421)) - XceiverServerRatis bee6418c-0727-467f-b823-1d4bd6a18942 is started using port 38836
2019-09-24 02:26:55,040 [Datanode State Machine Thread - 0] INFO  server.XceiverServerGrpc (XceiverServerGrpc.java:start(149)) - XceiverServerGrpc bee6418c-0727-467f-b823-1d4bd6a18942 is started using port 43016
2019-09-24 02:26:55,091 [Datanode State Machine Thread - 0] INFO  ozoneimpl.OzoneContainer (OzoneContainer.java:start(217)) - Attempting to start container services.
2019-09-24 02:26:55,091 [Datanode State Machine Thread - 0] INFO  ozoneimpl.OzoneContainer (OzoneContainer.java:startContainerScrub(179)) - Background container scanner has been disabled.
2019-09-24 02:26:55,091 [Datanode State Machine Thread - 0] INFO  ratis.XceiverServerRatis (XceiverServerRatis.java:start(411)) - Starting XceiverServerRatis 88c7199a-3ab1-4d00-b74d-de8853add08b at port 0
2019-09-24 02:26:55,098 [Datanode State Machine Thread - 0] INFO  impl.RaftServerProxy (RaftServerProxy.java:lambda$start$3(299)) - 88c7199a-3ab1-4d00-b74d-de8853add08b: start RPC server
2019-09-24 02:26:55,109 [Datanode State Machine Thread - 0] INFO  server.GrpcService (GrpcService.java:startImpl(158)) - 88c7199a-3ab1-4d00-b74d-de8853add08b: GrpcService started, listening on 0.0.0.0/0.0.0.0:46371
2019-09-24 02:26:55,109 [Datanode State Machine Thread - 0] INFO  ratis.XceiverServerRatis (XceiverServerRatis.java:start(421)) - XceiverServerRatis 88c7199a-3ab1-4d00-b74d-de8853add08b is started using port 46371
2019-09-24 02:26:55,112 [Datanode State Machine Thread - 0] INFO  server.XceiverServerGrpc (XceiverServerGrpc.java:start(149)) - XceiverServerGrpc 88c7199a-3ab1-4d00-b74d-de8853add08b is started using port 36505
2019-09-24 02:26:55,171 [Datanode State Machine Thread - 0] INFO  ozoneimpl.OzoneContainer (OzoneContainer.java:start(217)) - Attempting to start container services.
2019-09-24 02:26:55,172 [Datanode State Machine Thread - 0] INFO  ozoneimpl.OzoneContainer (OzoneContainer.java:startContainerScrub(179)) - Background container scanner has been disabled.
2019-09-24 02:26:55,172 [Datanode State Machine Thread - 0] INFO  ratis.XceiverServerRatis (XceiverServerRatis.java:start(411)) - Starting XceiverServerRatis d46d7bca-32fd-4d78-a60e-8b14dc904a28 at port 0
2019-09-24 02:26:55,178 [Datanode State Machine Thread - 0] INFO  impl.RaftServerProxy (RaftServerProxy.java:lambda$start$3(299)) - d46d7bca-32fd-4d78-a60e-8b14dc904a28: start RPC server
2019-09-24 02:26:55,179 [Datanode State Machine Thread - 0] INFO  server.GrpcService (GrpcService.java:startImpl(158)) - d46d7bca-32fd-4d78-a60e-8b14dc904a28: GrpcService started, listening on 0.0.0.0/0.0.0.0:45016
2019-09-24 02:26:55,179 [Datanode State Machine Thread - 0] INFO  ratis.XceiverServerRatis (XceiverServerRatis.java:start(421)) - XceiverServerRatis d46d7bca-32fd-4d78-a60e-8b14dc904a28 is started using port 45016
2019-09-24 02:26:55,182 [Datanode State Machine Thread - 0] INFO  server.XceiverServerGrpc (XceiverServerGrpc.java:start(149)) - XceiverServerGrpc d46d7bca-32fd-4d78-a60e-8b14dc904a28 is started using port 45794
2019-09-24 02:26:55,252 [Datanode State Machine Thread - 0] INFO  ozoneimpl.OzoneContainer (OzoneContainer.java:start(217)) - Attempting to start container services.
2019-09-24 02:26:55,252 [Datanode State Machine Thread - 0] INFO  ozoneimpl.OzoneContainer (OzoneContainer.java:startContainerScrub(179)) - Background container scanner has been disabled.
2019-09-24 02:26:55,253 [Datanode State Machine Thread - 0] INFO  ratis.XceiverServerRatis (XceiverServerRatis.java:start(411)) - Starting XceiverServerRatis 7a524267-bdf9-4b04-89b1-b4711f57f83c at port 0
2019-09-24 02:26:55,259 [Datanode State Machine Thread - 0] INFO  impl.RaftServerProxy (RaftServerProxy.java:lambda$start$3(299)) - 7a524267-bdf9-4b04-89b1-b4711f57f83c: start RPC server
2019-09-24 02:26:55,262 [Datanode State Machine Thread - 0] INFO  server.GrpcService (GrpcService.java:startImpl(158)) - 7a524267-bdf9-4b04-89b1-b4711f57f83c: GrpcService started, listening on 0.0.0.0/0.0.0.0:33766
2019-09-24 02:26:55,262 [Datanode State Machine Thread - 0] INFO  ratis.XceiverServerRatis (XceiverServerRatis.java:start(421)) - XceiverServerRatis 7a524267-bdf9-4b04-89b1-b4711f57f83c is started using port 33766
2019-09-24 02:26:55,263 [Datanode State Machine Thread - 0] INFO  server.XceiverServerGrpc (XceiverServerGrpc.java:start(149)) - XceiverServerGrpc 7a524267-bdf9-4b04-89b1-b4711f57f83c is started using port 37156
2019-09-24 02:26:55,319 [Datanode State Machine Thread - 0] INFO  ozoneimpl.OzoneContainer (OzoneContainer.java:start(217)) - Attempting to start container services.
2019-09-24 02:26:55,319 [Datanode State Machine Thread - 0] INFO  ozoneimpl.OzoneContainer (OzoneContainer.java:startContainerScrub(179)) - Background container scanner has been disabled.
2019-09-24 02:26:55,319 [Datanode State Machine Thread - 0] INFO  ratis.XceiverServerRatis (XceiverServerRatis.java:start(411)) - Starting XceiverServerRatis c1f213cf-52f9-46af-9dd6-cbe0bbbf4493 at port 0
2019-09-24 02:26:55,326 [Datanode State Machine Thread - 0] INFO  impl.RaftServerProxy (RaftServerProxy.java:lambda$start$3(299)) - c1f213cf-52f9-46af-9dd6-cbe0bbbf4493: start RPC server
2019-09-24 02:26:55,330 [Datanode State Machine Thread - 0] INFO  server.GrpcService (GrpcService.java:startImpl(158)) - c1f213cf-52f9-46af-9dd6-cbe0bbbf4493: GrpcService started, listening on 0.0.0.0/0.0.0.0:45532
2019-09-24 02:26:55,330 [Datanode State Machine Thread - 0] INFO  ratis.XceiverServerRatis (XceiverServerRatis.java:start(421)) - XceiverServerRatis c1f213cf-52f9-46af-9dd6-cbe0bbbf4493 is started using port 45532
2019-09-24 02:26:55,331 [Datanode State Machine Thread - 0] INFO  server.XceiverServerGrpc (XceiverServerGrpc.java:start(149)) - XceiverServerGrpc c1f213cf-52f9-46af-9dd6-cbe0bbbf4493 is started using port 45283
2019-09-24 02:26:55,387 [Datanode State Machine Thread - 0] INFO  ozoneimpl.OzoneContainer (OzoneContainer.java:start(217)) - Attempting to start container services.
2019-09-24 02:26:55,387 [Datanode State Machine Thread - 0] INFO  ozoneimpl.OzoneContainer (OzoneContainer.java:startContainerScrub(179)) - Background container scanner has been disabled.
2019-09-24 02:26:55,387 [Datanode State Machine Thread - 0] INFO  ratis.XceiverServerRatis (XceiverServerRatis.java:start(411)) - Starting XceiverServerRatis da42697a-0d77-415b-812b-51cfdf9a7055 at port 0
2019-09-24 02:26:55,393 [Datanode State Machine Thread - 0] INFO  impl.RaftServerProxy (RaftServerProxy.java:lambda$start$3(299)) - da42697a-0d77-415b-812b-51cfdf9a7055: start RPC server
2019-09-24 02:26:55,394 [Datanode State Machine Thread - 0] INFO  server.GrpcService (GrpcService.java:startImpl(158)) - da42697a-0d77-415b-812b-51cfdf9a7055: GrpcService started, listening on 0.0.0.0/0.0.0.0:40285
2019-09-24 02:26:55,394 [Datanode State Machine Thread - 0] INFO  ratis.XceiverServerRatis (XceiverServerRatis.java:start(421)) - XceiverServerRatis da42697a-0d77-415b-812b-51cfdf9a7055 is started using port 40285
2019-09-24 02:26:55,395 [Datanode State Machine Thread - 0] INFO  server.XceiverServerGrpc (XceiverServerGrpc.java:start(149)) - XceiverServerGrpc da42697a-0d77-415b-812b-51cfdf9a7055 is started using port 44634
2019-09-24 02:26:55,432 [main] INFO  ozone.MiniOzoneClusterImpl (MiniOzoneClusterImpl.java:lambda$waitForClusterToBeReady$0(147)) - Waiting for cluster to be ready. Got 0 of 10 DN Heartbeats.
2019-09-24 02:26:55,449 [Datanode State Machine Thread - 0] INFO  ozoneimpl.OzoneContainer (OzoneContainer.java:start(217)) - Attempting to start container services.
2019-09-24 02:26:55,449 [Datanode State Machine Thread - 0] INFO  ozoneimpl.OzoneContainer (OzoneContainer.java:startContainerScrub(179)) - Background container scanner has been disabled.
2019-09-24 02:26:55,449 [Datanode State Machine Thread - 0] INFO  ratis.XceiverServerRatis (XceiverServerRatis.java:start(411)) - Starting XceiverServerRatis 0ea5082d-669c-4012-8d5c-e2723b741e83 at port 0
2019-09-24 02:26:55,456 [Datanode State Machine Thread - 0] INFO  impl.RaftServerProxy (RaftServerProxy.java:lambda$start$3(299)) - 0ea5082d-669c-4012-8d5c-e2723b741e83: start RPC server
2019-09-24 02:26:55,457 [Datanode State Machine Thread - 0] INFO  server.GrpcService (GrpcService.java:startImpl(158)) - 0ea5082d-669c-4012-8d5c-e2723b741e83: GrpcService started, listening on 0.0.0.0/0.0.0.0:46824
2019-09-24 02:26:55,457 [Datanode State Machine Thread - 0] INFO  ratis.XceiverServerRatis (XceiverServerRatis.java:start(421)) - XceiverServerRatis 0ea5082d-669c-4012-8d5c-e2723b741e83 is started using port 46824
2019-09-24 02:26:55,472 [Datanode State Machine Thread - 0] INFO  server.XceiverServerGrpc (XceiverServerGrpc.java:start(149)) - XceiverServerGrpc 0ea5082d-669c-4012-8d5c-e2723b741e83 is started using port 46136
2019-09-24 02:26:56,433 [main] INFO  ozone.MiniOzoneClusterImpl (MiniOzoneClusterImpl.java:lambda$waitForClusterToBeReady$0(147)) - Waiting for cluster to be ready. Got 0 of 10 DN Heartbeats.
2019-09-24 02:26:56,812 [IPC Server handler 14 on 38726] INFO  net.NetworkTopology (NetworkTopologyImpl.java:add(111)) - Added a new node: /rack1/5c5ece1e-aab0-48bd-af7b-25510fc26a4f
2019-09-24 02:26:56,814 [IPC Server handler 14 on 38726] INFO  node.SCMNodeManager (SCMNodeManager.java:register(266)) - Registered Data node : 5c5ece1e-aab0-48bd-af7b-25510fc26a4f{ip: 192.168.151.121, host: pr-hdds-2162-tjkd5-3209850126, networkLocation: /rack1, certSerialId: null}
2019-09-24 02:26:56,815 [EventQueue-NodeRegistrationContainerReportForDataNodeSafeModeRule] INFO  safemode.SCMSafeModeManager (DataNodeSafeModeRule.java:process(71)) - SCM in safe mode. 1 DataNodes registered, 1 required.
2019-09-24 02:26:56,817 [EventQueue-NodeRegistrationContainerReportForDataNodeSafeModeRule] INFO  safemode.SCMSafeModeManager (SCMSafeModeManager.java:validateSafeModeExitRules(177)) - ScmSafeModeManager, all rules are successfully validated
2019-09-24 02:26:56,817 [EventQueue-NodeRegistrationContainerReportForDataNodeSafeModeRule] INFO  safemode.SCMSafeModeManager (SCMSafeModeManager.java:exitSafeMode(193)) - SCM exiting safe mode.
2019-09-24 02:26:56,824 [grpc-default-executor-0] INFO  impl.RaftServerProxy (RaftServerProxy.java:addNew(89)) - 5c5ece1e-aab0-48bd-af7b-25510fc26a4f: addNew group-67F549DA058F:[5c5ece1e-aab0-48bd-af7b-25510fc26a4f:192.168.151.121:44256] returns group-67F549DA058F:java.util.concurrent.CompletableFuture@443c3a33[Not completed]
2019-09-24 02:26:56,825 [pool-267-thread-1] INFO  impl.RaftServerImpl (RaftServerImpl.java:<init>(95)) - 5c5ece1e-aab0-48bd-af7b-25510fc26a4f: new RaftServerImpl for group-67F549DA058F:[5c5ece1e-aab0-48bd-af7b-25510fc26a4f:192.168.151.121:44256] with ContainerStateMachine:uninitialized
2019-09-24 02:26:56,825 [pool-267-thread-1] INFO  server.RaftServerConfigKeys (ConfUtils.java:logGet(43)) - raft.server.rpc.timeout.min = 1s (custom)
2019-09-24 02:26:56,826 [pool-267-thread-1] INFO  server.RaftServerConfigKeys (ConfUtils.java:logGet(43)) - raft.server.rpc.timeout.max = 1200ms (custom)
2019-09-24 02:26:56,826 [pool-267-thread-1] INFO  server.RaftServerConfigKeys (ConfUtils.java:logGet(43)) - raft.server.rpcslowness.timeout = 120s (custom)
2019-09-24 02:26:56,826 [pool-267-thread-1] INFO  server.RaftServerConfigKeys (ConfUtils.java:logGet(43)) - raft.server.sleep.deviation.threshold = 300 (default)
2019-09-24 02:26:56,826 [pool-267-thread-1] INFO  server.RaftServerConfigKeys (ConfUtils.java:logGet(43)) - raft.server.log.appender.install.snapshot.enabled = false (custom)
2019-09-24 02:26:56,826 [pool-267-thread-1] INFO  impl.RaftServerImpl (ServerState.java:<init>(103)) - 5c5ece1e-aab0-48bd-af7b-25510fc26a4f@group-67F549DA058F: ConfigurationManager, init=-1: [5c5ece1e-aab0-48bd-af7b-25510fc26a4f:192.168.151.121:44256], old=null, confs=<EMPTY_MAP>
2019-09-24 02:26:56,826 [pool-267-thread-1] INFO  server.RaftServerConfigKeys (ConfUtils.java:logGet(43)) - raft.server.storage.dir = [/workdir/hadoop-ozone/integration-test/target/test-dir/MiniOzoneClusterImpl-7938e232-3eaf-47c6-84ae-b0e11761d891/datanode-0/data/ratis] (custom)
2019-09-24 02:26:56,827 [pool-267-thread-1] INFO  storage.RaftStorageDirectory (RaftStorageDirectory.java:analyzeStorage(246)) - The storage directory /workdir/hadoop-ozone/integration-test/target/test-dir/MiniOzoneClusterImpl-7938e232-3eaf-47c6-84ae-b0e11761d891/datanode-0/data/ratis/c0ebf235-0069-4f76-8ffa-67f549da058f does not exist. Creating ...
2019-09-24 02:26:56,831 [pool-267-thread-1] INFO  storage.RaftStorageDirectory (RaftStorageDirectory.java:tryLock(328)) - Lock on /workdir/hadoop-ozone/integration-test/target/test-dir/MiniOzoneClusterImpl-7938e232-3eaf-47c6-84ae-b0e11761d891/datanode-0/data/ratis/c0ebf235-0069-4f76-8ffa-67f549da058f/in_use.lock acquired by nodename 30927@pr-hdds-2162-tjkd5-3209850126
2019-09-24 02:26:56,834 [pool-267-thread-1] INFO  storage.RaftStorage (RaftStorage.java:format(72)) - Storage directory /workdir/hadoop-ozone/integration-test/target/test-dir/MiniOzoneClusterImpl-7938e232-3eaf-47c6-84ae-b0e11761d891/datanode-0/data/ratis/c0ebf235-0069-4f76-8ffa-67f549da058f has been successfully formatted.
2019-09-24 02:26:56,834 [pool-267-thread-1] INFO  ratis.ContainerStateMachine (ContainerStateMachine.java:loadSnapshot(230)) - group-67F549DA058F: The snapshot info is null. Setting the last applied indexto:(t:0, i:~)
2019-09-24 02:26:56,834 [pool-267-thread-1] INFO  server.RaftServerConfigKeys (ConfUtils.java:logGet(43)) - raft.server.notification.no-leader.timeout = 120s (custom)
2019-09-24 02:26:56,834 [pool-267-thread-1] INFO  server.RaftServerConfigKeys (ConfUtils.java:logGet(43)) - raft.server.log.use.memory = false (default)
2019-09-24 02:26:56,835 [pool-267-thread-1] INFO  server.RaftServerConfigKeys (ConfUtils.java:logGet(43)) - raft.server.log.purge.gap = 1000000 (custom)
2019-09-24 02:26:56,835 [pool-267-thread-1] INFO  server.RaftServerConfigKeys (ConfUtils.java:logGet(43)) - raft.server.log.appender.buffer.byte-limit = 33554432 (custom)
2019-09-24 02:26:56,835 [pool-267-thread-1] INFO  server.RaftServerConfigKeys (ConfUtils.java:logGet(43)) - raft.server.log.segment.size.max = 1048576 (custom)
2019-09-24 02:26:56,835 [pool-267-thread-1] INFO  server.RaftServerConfigKeys (ConfUtils.java:logGet(43)) - raft.server.log.segment.cache.num.max = 2 (custom)
2019-09-24 02:26:56,835 [pool-267-thread-1] INFO  segmented.SegmentedRaftLogWorker (SegmentedRaftLogWorker.java:<init>(172)) - new 5c5ece1e-aab0-48bd-af7b-25510fc26a4f@group-67F549DA058F-SegmentedRaftLogWorker for RaftStorage:Storage Directory /workdir/hadoop-ozone/integration-test/target/test-dir/MiniOzoneClusterImpl-7938e232-3eaf-47c6-84ae-b0e11761d891/datanode-0/data/ratis/c0ebf235-0069-4f76-8ffa-67f549da058f
2019-09-24 02:26:56,837 [pool-267-thread-1] INFO  server.RaftServerConfigKeys (ConfUtils.java:logGet(43)) - raft.server.log.queue.byte-limit = 2147483647 (custom)
2019-09-24 02:26:56,837 [pool-267-thread-1] INFO  server.RaftServerConfigKeys (ConfUtils.java:logGet(43)) - raft.server.log.queue.element-limit = 1024 (custom)
2019-09-24 02:26:56,837 [pool-267-thread-1] INFO  server.RaftServerConfigKeys (ConfUtils.java:logGet(43)) - raft.server.log.segment.size.max = 1048576 (custom)
2019-09-24 02:26:56,837 [pool-267-thread-1] INFO  server.RaftServerConfigKeys (ConfUtils.java:logGet(43)) - raft.server.log.preallocated.size = 16384 (custom)
2019-09-24 02:26:56,837 [pool-267-thread-1] INFO  server.RaftServerConfigKeys (ConfUtils.java:logGet(43)) - raft.server.log.write.buffer.size = 33554432 (custom)
2019-09-24 02:26:56,837 [pool-267-thread-1] INFO  server.RaftServerConfigKeys (ConfUtils.java:logGet(43)) - raft.server.log.force.sync.num = 128 (default)
2019-09-24 02:26:56,837 [pool-267-thread-1] INFO  server.RaftServerConfigKeys (ConfUtils.java:logGet(43)) - raft.server.log.statemachine.data.sync = true (default)
2019-09-24 02:26:56,837 [pool-267-thread-1] INFO  server.RaftServerConfigKeys (ConfUtils.java:logGet(43)) - raft.server.log.statemachine.data.sync.timeout = 10s (default)
2019-09-24 02:26:56,837 [pool-267-thread-1] INFO  server.RaftServerConfigKeys (ConfUtils.java:logGet(43)) - raft.server.log.statemachine.data.sync.timeout.retry = -1 (default)
2019-09-24 02:26:56,838 [pool-267-thread-1] INFO  server.RaftServerConfigKeys (ConfUtils.java:logGet(43)) - raft.server.log.statemachine.data.caching.enabled = true (custom)
2019-09-24 02:26:56,838 [pool-267-thread-1] INFO  segmented.SegmentedRaftLogWorker (SegmentedRaftLogWorker.java:lambda$new$0(132)) - 5c5ece1e-aab0-48bd-af7b-25510fc26a4f@group-67F549DA058F-SegmentedRaftLogWorker: flushIndex: setUnconditionally 0 -> -1
2019-09-24 02:26:56,838 [pool-267-thread-1] INFO  server.RaftServerConfigKeys (ConfUtils.java:logGet(43)) - raft.server.snapshot.auto.trigger.enabled = true (custom)
2019-09-24 02:26:56,838 [pool-267-thread-1] INFO  server.RaftServerConfigKeys (ConfUtils.java:logGet(43)) - raft.server.snapshot.auto.trigger.threshold = 10000 (custom)
2019-09-24 02:26:56,838 [pool-267-thread-1] INFO  server.RaftServerConfigKeys (ConfUtils.java:logGet(43)) - raft.server.snapshot.retention.num.files = 5 (custom)
2019-09-24 02:26:56,839 [pool-267-thread-1] INFO  server.RaftServerConfigKeys (ConfUtils.java:logGet(43)) - raft.server.retrycache.expirytime = 600000ms (custom)
2019-09-24 02:26:56,840 [pool-267-thread-1] INFO  impl.RaftServerImpl (RaftServerImpl.java:start(185)) - 5c5ece1e-aab0-48bd-af7b-25510fc26a4f@group-67F549DA058F: start as a follower, conf=-1: [5c5ece1e-aab0-48bd-af7b-25510fc26a4f:192.168.151.121:44256], old=null
2019-09-24 02:26:56,840 [pool-267-thread-1] INFO  impl.RaftServerImpl (RaftServerImpl.java:setRole(174)) - 5c5ece1e-aab0-48bd-af7b-25510fc26a4f@group-67F549DA058F: changes role from      null to FOLLOWER at term 0 for startAsFollower
2019-09-24 02:26:56,840 [pool-267-thread-1] INFO  impl.RoleInfo (RoleInfo.java:updateAndGet(143)) - 5c5ece1e-aab0-48bd-af7b-25510fc26a4f: start FollowerState
2019-09-24 02:26:56,840 [pool-267-thread-1] INFO  util.JmxRegister (JmxRegister.java:tryRegister(44)) - Successfully registered JMX Bean with object name Ratis:service=RaftServer,group=group-67F549DA058F,id=5c5ece1e-aab0-48bd-af7b-25510fc26a4f
2019-09-24 02:26:56,845 [RatisPipelineUtilsThread] INFO  pipeline.PipelineStateManager (PipelineStateManager.java:addPipeline(56)) - Created pipeline Pipeline[ Id: c0ebf235-0069-4f76-8ffa-67f549da058f, Nodes: 5c5ece1e-aab0-48bd-af7b-25510fc26a4f{ip: 192.168.151.121, host: pr-hdds-2162-tjkd5-3209850126, networkLocation: /rack1, certSerialId: null}, Type:RATIS, Factor:ONE, State:OPEN]
2019-09-24 02:26:56,871 [IPC Server handler 18 on 38726] INFO  net.NetworkTopology (NetworkTopologyImpl.java:add(111)) - Added a new node: /rack1/b3222389-c6d4-4a0f-8f23-1c6658166195
2019-09-24 02:26:56,871 [IPC Server handler 18 on 38726] INFO  node.SCMNodeManager (SCMNodeManager.java:register(266)) - Registered Data node : b3222389-c6d4-4a0f-8f23-1c6658166195{ip: 192.168.151.121, host: pr-hdds-2162-tjkd5-3209850126, networkLocation: /rack1, certSerialId: null}
2019-09-24 02:26:56,879 [grpc-default-executor-0] INFO  impl.RaftServerProxy (RaftServerProxy.java:addNew(89)) - b3222389-c6d4-4a0f-8f23-1c6658166195: addNew group-4106404FCA85:[b3222389-c6d4-4a0f-8f23-1c6658166195:192.168.151.121:46156] returns group-4106404FCA85:java.util.concurrent.CompletableFuture@1db8ad6[Not completed]
2019-09-24 02:26:56,880 [pool-277-thread-1] INFO  impl.RaftServerImpl (RaftServerImpl.java:<init>(95)) - b3222389-c6d4-4a0f-8f23-1c6658166195: new RaftServerImpl for group-4106404FCA85:[b3222389-c6d4-4a0f-8f23-1c6658166195:192.168.151.121:46156] with ContainerStateMachine:uninitialized
2019-09-24 02:26:56,880 [pool-277-thread-1] INFO  server.RaftServerConfigKeys (ConfUtils.java:logGet(43)) - raft.server.rpc.timeout.min = 1s (custom)
2019-09-24 02:26:56,880 [pool-277-thread-1] INFO  server.RaftServerConfigKeys (ConfUtils.java:logGet(43)) - raft.server.rpc.timeout.max = 1200ms (custom)
2019-09-24 02:26:56,880 [pool-277-thread-1] INFO  server.RaftServerConfigKeys (ConfUtils.java:logGet(43)) - raft.server.rpcslowness.timeout = 120s (custom)
2019-09-24 02:26:56,880 [pool-277-thread-1] INFO  server.RaftServerConfigKeys (ConfUtils.java:logGet(43)) - raft.server.sleep.deviation.threshold = 300 (default)
2019-09-24 02:26:56,881 [pool-277-thread-1] INFO  server.RaftServerConfigKeys (ConfUtils.java:logGet(43)) - raft.server.log.appender.install.snapshot.enabled = false (custom)
2019-09-24 02:26:56,881 [pool-277-thread-1] INFO  impl.RaftServerImpl (ServerState.java:<init>(103)) - b3222389-c6d4-4a0f-8f23-1c6658166195@group-4106404FCA85: ConfigurationManager, init=-1: [b3222389-c6d4-4a0f-8f23-1c6658166195:192.168.151.121:46156], old=null, confs=<EMPTY_MAP>
2019-09-24 02:26:56,881 [pool-277-thread-1] INFO  server.RaftServerConfigKeys (ConfUtils.java:logGet(43)) - raft.server.storage.dir = [/workdir/hadoop-ozone/integration-test/target/test-dir/MiniOzoneClusterImpl-7938e232-3eaf-47c6-84ae-b0e11761d891/datanode-1/data/ratis] (custom)
2019-09-24 02:26:56,881 [pool-277-thread-1] INFO  storage.RaftStorageDirectory (RaftStorageDirectory.java:analyzeStorage(246)) - The storage directory /workdir/hadoop-ozone/integration-test/target/test-dir/MiniOzoneClusterImpl-7938e232-3eaf-47c6-84ae-b0e11761d891/datanode-1/data/ratis/97555945-1dea-4149-9c85-4106404fca85 does not exist. Creating ...
2019-09-24 02:26:56,887 [pool-277-thread-1] INFO  storage.RaftStorageDirectory (RaftStorageDirectory.java:tryLock(328)) - Lock on /workdir/hadoop-ozone/integration-test/target/test-dir/MiniOzoneClusterImpl-7938e232-3eaf-47c6-84ae-b0e11761d891/datanode-1/data/ratis/97555945-1dea-4149-9c85-4106404fca85/in_use.lock acquired by nodename 30927@pr-hdds-2162-tjkd5-3209850126
2019-09-24 02:26:56,907 [pool-277-thread-1] INFO  storage.RaftStorage (RaftStorage.java:format(72)) - Storage directory /workdir/hadoop-ozone/integration-test/target/test-dir/MiniOzoneClusterImpl-7938e232-3eaf-47c6-84ae-b0e11761d891/datanode-1/data/ratis/97555945-1dea-4149-9c85-4106404fca85 has been successfully formatted.
2019-09-24 02:26:56,907 [pool-277-thread-1] INFO  ratis.ContainerStateMachine (ContainerStateMachine.java:loadSnapshot(230)) - group-4106404FCA85: The snapshot info is null. Setting the last applied indexto:(t:0, i:~)
2019-09-24 02:26:56,907 [pool-277-thread-1] INFO  server.RaftServerConfigKeys (ConfUtils.java:logGet(43)) - raft.server.notification.no-leader.timeout = 120s (custom)
2019-09-24 02:26:56,907 [pool-277-thread-1] INFO  server.RaftServerConfigKeys (ConfUtils.java:logGet(43)) - raft.server.log.use.memory = false (default)
2019-09-24 02:26:56,907 [pool-277-thread-1] INFO  server.RaftServerConfigKeys (ConfUtils.java:logGet(43)) - raft.server.log.purge.gap = 1000000 (custom)
2019-09-24 02:26:56,907 [pool-277-thread-1] INFO  server.RaftServerConfigKeys (ConfUtils.java:logGet(43)) - raft.server.log.appender.buffer.byte-limit = 33554432 (custom)
2019-09-24 02:26:56,908 [pool-277-thread-1] INFO  server.RaftServerConfigKeys (ConfUtils.java:logGet(43)) - raft.server.log.segment.size.max = 1048576 (custom)
2019-09-24 02:26:56,908 [pool-277-thread-1] INFO  server.RaftServerConfigKeys (ConfUtils.java:logGet(43)) - raft.server.log.segment.cache.num.max = 2 (custom)
2019-09-24 02:26:56,908 [pool-277-thread-1] INFO  segmented.SegmentedRaftLogWorker (SegmentedRaftLogWorker.java:<init>(172)) - new b3222389-c6d4-4a0f-8f23-1c6658166195@group-4106404FCA85-SegmentedRaftLogWorker for RaftStorage:Storage Directory /workdir/hadoop-ozone/integration-test/target/test-dir/MiniOzoneClusterImpl-7938e232-3eaf-47c6-84ae-b0e11761d891/datanode-1/data/ratis/97555945-1dea-4149-9c85-4106404fca85
2019-09-24 02:26:56,909 [pool-277-thread-1] INFO  server.RaftServerConfigKeys (ConfUtils.java:logGet(43)) - raft.server.log.queue.byte-limit = 2147483647 (custom)
2019-09-24 02:26:56,909 [pool-277-thread-1] INFO  server.RaftServerConfigKeys (ConfUtils.java:logGet(43)) - raft.server.log.queue.element-limit = 1024 (custom)
2019-09-24 02:26:56,909 [pool-277-thread-1] INFO  server.RaftServerConfigKeys (ConfUtils.java:logGet(43)) - raft.server.log.segment.size.max = 1048576 (custom)
2019-09-24 02:26:56,910 [pool-277-thread-1] INFO  server.RaftServerConfigKeys (ConfUtils.java:logGet(43)) - raft.server.log.preallocated.size = 16384 (custom)
2019-09-24 02:26:56,910 [pool-277-thread-1] INFO  server.RaftServerConfigKeys (ConfUtils.java:logGet(43)) - raft.server.log.write.buffer.size = 33554432 (custom)
2019-09-24 02:26:56,910 [pool-277-thread-1] INFO  server.RaftServerConfigKeys (ConfUtils.java:logGet(43)) - raft.server.log.force.sync.num = 128 (default)
2019-09-24 02:26:56,910 [pool-277-thread-1] INFO  server.RaftServerConfigKeys (ConfUtils.java:logGet(43)) - raft.server.log.statemachine.data.sync = true (default)
2019-09-24 02:26:56,910 [pool-277-thread-1] INFO  server.RaftServerConfigKeys (ConfUtils.java:logGet(43)) - raft.server.log.statemachine.data.sync.timeout = 10s (default)
2019-09-24 02:26:56,910 [pool-277-thread-1] INFO  server.RaftServerConfigKeys (ConfUtils.java:logGet(43)) - raft.server.log.statemachine.data.sync.timeout.retry = -1 (default)
2019-09-24 02:26:56,910 [pool-277-thread-1] INFO  server.RaftServerConfigKeys (ConfUtils.java:logGet(43)) - raft.server.log.statemachine.data.caching.enabled = true (custom)
2019-09-24 02:26:56,910 [pool-277-thread-1] INFO  segmented.SegmentedRaftLogWorker (SegmentedRaftLogWorker.java:lambda$new$0(132)) - b3222389-c6d4-4a0f-8f23-1c6658166195@group-4106404FCA85-SegmentedRaftLogWorker: flushIndex: setUnconditionally 0 -> -1
2019-09-24 02:26:56,911 [pool-277-thread-1] INFO  server.RaftServerConfigKeys (ConfUtils.java:logGet(43)) - raft.server.snapshot.auto.trigger.enabled = true (custom)
2019-09-24 02:26:56,911 [pool-277-thread-1] INFO  server.RaftServerConfigKeys (ConfUtils.java:logGet(43)) - raft.server.snapshot.auto.trigger.threshold = 10000 (custom)
2019-09-24 02:26:56,911 [pool-277-thread-1] INFO  server.RaftServerConfigKeys (ConfUtils.java:logGet(43)) - raft.server.snapshot.retention.num.files = 5 (custom)
2019-09-24 02:26:56,911 [pool-277-thread-1] INFO  server.RaftServerConfigKeys (ConfUtils.java:logGet(43)) - raft.server.retrycache.expirytime = 600000ms (custom)
2019-09-24 02:26:56,912 [pool-277-thread-1] INFO  impl.RaftServerImpl (RaftServerImpl.java:start(185)) - b3222389-c6d4-4a0f-8f23-1c6658166195@group-4106404FCA85: start as a follower, conf=-1: [b3222389-c6d4-4a0f-8f23-1c6658166195:192.168.151.121:46156], old=null
2019-09-24 02:26:56,912 [pool-277-thread-1] INFO  impl.RaftServerImpl (RaftServerImpl.java:setRole(174)) - b3222389-c6d4-4a0f-8f23-1c6658166195@group-4106404FCA85: changes role from      null to FOLLOWER at term 0 for startAsFollower
2019-09-24 02:26:56,912 [pool-277-thread-1] INFO  impl.RoleInfo (RoleInfo.java:updateAndGet(143)) - b3222389-c6d4-4a0f-8f23-1c6658166195: start FollowerState
2019-09-24 02:26:56,913 [pool-277-thread-1] INFO  util.JmxRegister (JmxRegister.java:tryRegister(44)) - Successfully registered JMX Bean with object name Ratis:service=RaftServer,group=group-4106404FCA85,id=b3222389-c6d4-4a0f-8f23-1c6658166195
2019-09-24 02:26:56,918 [RatisPipelineUtilsThread] INFO  pipeline.PipelineStateManager (PipelineStateManager.java:addPipeline(56)) - Created pipeline Pipeline[ Id: 97555945-1dea-4149-9c85-4106404fca85, Nodes: b3222389-c6d4-4a0f-8f23-1c6658166195{ip: 192.168.151.121, host: pr-hdds-2162-tjkd5-3209850126, networkLocation: /rack1, certSerialId: null}, Type:RATIS, Factor:ONE, State:OPEN]
2019-09-24 02:26:56,943 [IPC Server handler 15 on 38726] INFO  net.NetworkTopology (NetworkTopologyImpl.java:add(111)) - Added a new node: /rack1/03fe0df8-8acd-4b48-98b8-ff80530cf21f
2019-09-24 02:26:56,943 [IPC Server handler 15 on 38726] INFO  node.SCMNodeManager (SCMNodeManager.java:register(266)) - Registered Data node : 03fe0df8-8acd-4b48-98b8-ff80530cf21f{ip: 192.168.151.121, host: pr-hdds-2162-tjkd5-3209850126, networkLocation: /rack1, certSerialId: null}
2019-09-24 02:26:56,953 [grpc-default-executor-0] INFO  impl.RaftServerProxy (RaftServerProxy.java:addNew(89)) - 03fe0df8-8acd-4b48-98b8-ff80530cf21f: addNew group-E2D698D9D625:[03fe0df8-8acd-4b48-98b8-ff80530cf21f:192.168.151.121:46676] returns group-E2D698D9D625:java.util.concurrent.CompletableFuture@478f2cc1[Not completed]
2019-09-24 02:26:56,954 [pool-287-thread-1] INFO  impl.RaftServerImpl (RaftServerImpl.java:<init>(95)) - 03fe0df8-8acd-4b48-98b8-ff80530cf21f: new RaftServerImpl for group-E2D698D9D625:[03fe0df8-8acd-4b48-98b8-ff80530cf21f:192.168.151.121:46676] with ContainerStateMachine:uninitialized
2019-09-24 02:26:56,955 [pool-287-thread-1] INFO  server.RaftServerConfigKeys (ConfUtils.java:logGet(43)) - raft.server.rpc.timeout.min = 1s (custom)
2019-09-24 02:26:56,955 [pool-287-thread-1] INFO  server.RaftServerConfigKeys (ConfUtils.java:logGet(43)) - raft.server.rpc.timeout.max = 1200ms (custom)
2019-09-24 02:26:56,955 [pool-287-thread-1] INFO  server.RaftServerConfigKeys (ConfUtils.java:logGet(43)) - raft.server.rpcslowness.timeout = 120s (custom)
2019-09-24 02:26:56,955 [pool-287-thread-1] INFO  server.RaftServerConfigKeys (ConfUtils.java:logGet(43)) - raft.server.sleep.deviation.threshold = 300 (default)
2019-09-24 02:26:56,955 [pool-287-thread-1] INFO  server.RaftServerConfigKeys (ConfUtils.java:logGet(43)) - raft.server.log.appender.install.snapshot.enabled = false (custom)
2019-09-24 02:26:56,955 [pool-287-thread-1] INFO  impl.RaftServerImpl (ServerState.java:<init>(103)) - 03fe0df8-8acd-4b48-98b8-ff80530cf21f@group-E2D698D9D625: ConfigurationManager, init=-1: [03fe0df8-8acd-4b48-98b8-ff80530cf21f:192.168.151.121:46676], old=null, confs=<EMPTY_MAP>
2019-09-24 02:26:56,955 [pool-287-thread-1] INFO  server.RaftServerConfigKeys (ConfUtils.java:logGet(43)) - raft.server.storage.dir = [/workdir/hadoop-ozone/integration-test/target/test-dir/MiniOzoneClusterImpl-7938e232-3eaf-47c6-84ae-b0e11761d891/datanode-2/data/ratis] (custom)
2019-09-24 02:26:56,956 [pool-287-thread-1] INFO  storage.RaftStorageDirectory (RaftStorageDirectory.java:analyzeStorage(246)) - The storage directory /workdir/hadoop-ozone/integration-test/target/test-dir/MiniOzoneClusterImpl-7938e232-3eaf-47c6-84ae-b0e11761d891/datanode-2/data/ratis/8ace1f44-0d1c-49d6-918a-e2d698d9d625 does not exist. Creating ...
2019-09-24 02:26:56,962 [pool-287-thread-1] INFO  storage.RaftStorageDirectory (RaftStorageDirectory.java:tryLock(328)) - Lock on /workdir/hadoop-ozone/integration-test/target/test-dir/MiniOzoneClusterImpl-7938e232-3eaf-47c6-84ae-b0e11761d891/datanode-2/data/ratis/8ace1f44-0d1c-49d6-918a-e2d698d9d625/in_use.lock acquired by nodename 30927@pr-hdds-2162-tjkd5-3209850126
2019-09-24 02:26:56,974 [pool-287-thread-1] INFO  storage.RaftStorage (RaftStorage.java:format(72)) - Storage directory /workdir/hadoop-ozone/integration-test/target/test-dir/MiniOzoneClusterImpl-7938e232-3eaf-47c6-84ae-b0e11761d891/datanode-2/data/ratis/8ace1f44-0d1c-49d6-918a-e2d698d9d625 has been successfully formatted.
2019-09-24 02:26:56,974 [pool-287-thread-1] INFO  ratis.ContainerStateMachine (ContainerStateMachine.java:loadSnapshot(230)) - group-E2D698D9D625: The snapshot info is null. Setting the last applied indexto:(t:0, i:~)
2019-09-24 02:26:56,974 [pool-287-thread-1] INFO  server.RaftServerConfigKeys (ConfUtils.java:logGet(43)) - raft.server.notification.no-leader.timeout = 120s (custom)
2019-09-24 02:26:56,974 [pool-287-thread-1] INFO  server.RaftServerConfigKeys (ConfUtils.java:logGet(43)) - raft.server.log.use.memory = false (default)
2019-09-24 02:26:56,975 [pool-287-thread-1] INFO  server.RaftServerConfigKeys (ConfUtils.java:logGet(43)) - raft.server.log.purge.gap = 1000000 (custom)
2019-09-24 02:26:56,975 [pool-287-thread-1] INFO  server.RaftServerConfigKeys (ConfUtils.java:logGet(43)) - raft.server.log.appender.buffer.byte-limit = 33554432 (custom)
2019-09-24 02:26:56,975 [pool-287-thread-1] INFO  server.RaftServerConfigKeys (ConfUtils.java:logGet(43)) - raft.server.log.segment.size.max = 1048576 (custom)
2019-09-24 02:26:56,975 [pool-287-thread-1] INFO  server.RaftServerConfigKeys (ConfUtils.java:logGet(43)) - raft.server.log.segment.cache.num.max = 2 (custom)
2019-09-24 02:26:56,975 [pool-287-thread-1] INFO  segmented.SegmentedRaftLogWorker (SegmentedRaftLogWorker.java:<init>(172)) - new 03fe0df8-8acd-4b48-98b8-ff80530cf21f@group-E2D698D9D625-SegmentedRaftLogWorker for RaftStorage:Storage Directory /workdir/hadoop-ozone/integration-test/target/test-dir/MiniOzoneClusterImpl-7938e232-3eaf-47c6-84ae-b0e11761d891/datanode-2/data/ratis/8ace1f44-0d1c-49d6-918a-e2d698d9d625
2019-09-24 02:26:56,976 [pool-287-thread-1] INFO  server.RaftServerConfigKeys (ConfUtils.java:logGet(43)) - raft.server.log.queue.byte-limit = 2147483647 (custom)
2019-09-24 02:26:56,976 [pool-287-thread-1] INFO  server.RaftServerConfigKeys (ConfUtils.java:logGet(43)) - raft.server.log.queue.element-limit = 1024 (custom)
2019-09-24 02:26:56,977 [pool-287-thread-1] INFO  server.RaftServerConfigKeys (ConfUtils.java:logGet(43)) - raft.server.log.segment.size.max = 1048576 (custom)
2019-09-24 02:26:56,977 [pool-287-thread-1] INFO  server.RaftServerConfigKeys (ConfUtils.java:logGet(43)) - raft.server.log.preallocated.size = 16384 (custom)
2019-09-24 02:26:56,977 [pool-287-thread-1] INFO  server.RaftServerConfigKeys (ConfUtils.java:logGet(43)) - raft.server.log.write.buffer.size = 33554432 (custom)
2019-09-24 02:26:56,977 [pool-287-thread-1] INFO  server.RaftServerConfigKeys (ConfUtils.java:logGet(43)) - raft.server.log.force.sync.num = 128 (default)
2019-09-24 02:26:56,977 [pool-287-thread-1] INFO  server.RaftServerConfigKeys (ConfUtils.java:logGet(43)) - raft.server.log.statemachine.data.sync = true (default)
2019-09-24 02:26:56,977 [pool-287-thread-1] INFO  server.RaftServerConfigKeys (ConfUtils.java:logGet(43)) - raft.server.log.statemachine.data.sync.timeout = 10s (default)
2019-09-24 02:26:56,977 [pool-287-thread-1] INFO  server.RaftServerConfigKeys (ConfUtils.java:logGet(43)) - raft.server.log.statemachine.data.sync.timeout.retry = -1 (default)
2019-09-24 02:26:56,977 [pool-287-thread-1] INFO  server.RaftServerConfigKeys (ConfUtils.java:logGet(43)) - raft.server.log.statemachine.data.caching.enabled = true (custom)
2019-09-24 02:26:56,977 [pool-287-thread-1] INFO  segmented.SegmentedRaftLogWorker (SegmentedRaftLogWorker.java:lambda$new$0(132)) - 03fe0df8-8acd-4b48-98b8-ff80530cf21f@group-E2D698D9D625-SegmentedRaftLogWorker: flushIndex: setUnconditionally 0 -> -1
2019-09-24 02:26:56,978 [pool-287-thread-1] INFO  server.RaftServerConfigKeys (ConfUtils.java:logGet(43)) - raft.server.snapshot.auto.trigger.enabled = true (custom)
2019-09-24 02:26:56,978 [pool-287-thread-1] INFO  server.RaftServerConfigKeys (ConfUtils.java:logGet(43)) - raft.server.snapshot.auto.trigger.threshold = 10000 (custom)
2019-09-24 02:26:56,978 [pool-287-thread-1] INFO  server.RaftServerConfigKeys (ConfUtils.java:logGet(43)) - raft.server.snapshot.retention.num.files = 5 (custom)
2019-09-24 02:26:56,978 [pool-287-thread-1] INFO  server.RaftServerConfigKeys (ConfUtils.java:logGet(43)) - raft.server.retrycache.expirytime = 600000ms (custom)
2019-09-24 02:26:56,979 [pool-287-thread-1] INFO  impl.RaftServerImpl (RaftServerImpl.java:start(185)) - 03fe0df8-8acd-4b48-98b8-ff80530cf21f@group-E2D698D9D625: start as a follower, conf=-1: [03fe0df8-8acd-4b48-98b8-ff80530cf21f:192.168.151.121:46676], old=null
2019-09-24 02:26:56,979 [pool-287-thread-1] INFO  impl.RaftServerImpl (RaftServerImpl.java:setRole(174)) - 03fe0df8-8acd-4b48-98b8-ff80530cf21f@group-E2D698D9D625: changes role from      null to FOLLOWER at term 0 for startAsFollower
2019-09-24 02:26:56,979 [pool-287-thread-1] INFO  impl.RoleInfo (RoleInfo.java:updateAndGet(143)) - 03fe0df8-8acd-4b48-98b8-ff80530cf21f: start FollowerState
2019-09-24 02:26:56,980 [pool-287-thread-1] INFO  util.JmxRegister (JmxRegister.java:tryRegister(44)) - Successfully registered JMX Bean with object name Ratis:service=RaftServer,group=group-E2D698D9D625,id=03fe0df8-8acd-4b48-98b8-ff80530cf21f
2019-09-24 02:26:56,985 [RatisPipelineUtilsThread] INFO  pipeline.PipelineStateManager (PipelineStateManager.java:addPipeline(56)) - Created pipeline Pipeline[ Id: 8ace1f44-0d1c-49d6-918a-e2d698d9d625, Nodes: 03fe0df8-8acd-4b48-98b8-ff80530cf21f{ip: 192.168.151.121, host: pr-hdds-2162-tjkd5-3209850126, networkLocation: /rack1, certSerialId: null}, Type:RATIS, Factor:ONE, State:OPEN]
2019-09-24 02:26:56,998 [grpc-default-executor-2] INFO  impl.RaftServerProxy (RaftServerProxy.java:addNew(89)) - 03fe0df8-8acd-4b48-98b8-ff80530cf21f: addNew group-F6E997B618AC:[03fe0df8-8acd-4b48-98b8-ff80530cf21f:192.168.151.121:46676, b3222389-c6d4-4a0f-8f23-1c6658166195:192.168.151.121:46156, 5c5ece1e-aab0-48bd-af7b-25510fc26a4f:192.168.151.121:44256] returns group-F6E997B618AC:java.util.concurrent.CompletableFuture@11687962[Not completed]
2019-09-24 02:26:56,998 [grpc-default-executor-2] INFO  impl.RaftServerProxy (RaftServerProxy.java:addNew(89)) - b3222389-c6d4-4a0f-8f23-1c6658166195: addNew group-F6E997B618AC:[03fe0df8-8acd-4b48-98b8-ff80530cf21f:192.168.151.121:46676, b3222389-c6d4-4a0f-8f23-1c6658166195:192.168.151.121:46156, 5c5ece1e-aab0-48bd-af7b-25510fc26a4f:192.168.151.121:44256] returns group-F6E997B618AC:java.util.concurrent.CompletableFuture@4f717d36[Not completed]
2019-09-24 02:26:56,998 [pool-287-thread-1] INFO  impl.RaftServerImpl (RaftServerImpl.java:<init>(95)) - 03fe0df8-8acd-4b48-98b8-ff80530cf21f: new RaftServerImpl for group-F6E997B618AC:[03fe0df8-8acd-4b48-98b8-ff80530cf21f:192.168.151.121:46676, b3222389-c6d4-4a0f-8f23-1c6658166195:192.168.151.121:46156, 5c5ece1e-aab0-48bd-af7b-25510fc26a4f:192.168.151.121:44256] with ContainerStateMachine:uninitialized
2019-09-24 02:26:56,999 [pool-287-thread-1] INFO  server.RaftServerConfigKeys (ConfUtils.java:logGet(43)) - raft.server.rpc.timeout.min = 1s (custom)
2019-09-24 02:26:56,999 [pool-287-thread-1] INFO  server.RaftServerConfigKeys (ConfUtils.java:logGet(43)) - raft.server.rpc.timeout.max = 1200ms (custom)
2019-09-24 02:26:56,999 [pool-287-thread-1] INFO  server.RaftServerConfigKeys (ConfUtils.java:logGet(43)) - raft.server.rpcslowness.timeout = 120s (custom)
2019-09-24 02:26:56,999 [pool-287-thread-1] INFO  server.RaftServerConfigKeys (ConfUtils.java:logGet(43)) - raft.server.sleep.deviation.threshold = 300 (default)
2019-09-24 02:26:56,999 [pool-287-thread-1] INFO  server.RaftServerConfigKeys (ConfUtils.java:logGet(43)) - raft.server.log.appender.install.snapshot.enabled = false (custom)
2019-09-24 02:26:56,999 [grpc-default-executor-2] INFO  impl.RaftServerProxy (RaftServerProxy.java:addNew(89)) - 5c5ece1e-aab0-48bd-af7b-25510fc26a4f: addNew group-F6E997B618AC:[03fe0df8-8acd-4b48-98b8-ff80530cf21f:192.168.151.121:46676, b3222389-c6d4-4a0f-8f23-1c6658166195:192.168.151.121:46156, 5c5ece1e-aab0-48bd-af7b-25510fc26a4f:192.168.151.121:44256] returns group-F6E997B618AC:java.util.concurrent.CompletableFuture@6574a4b7[Not completed]
2019-09-24 02:26:56,999 [pool-277-thread-1] INFO  impl.RaftServerImpl (RaftServerImpl.java:<init>(95)) - b3222389-c6d4-4a0f-8f23-1c6658166195: new RaftServerImpl for group-F6E997B618AC:[03fe0df8-8acd-4b48-98b8-ff80530cf21f:192.168.151.121:46676, b3222389-c6d4-4a0f-8f23-1c6658166195:192.168.151.121:46156, 5c5ece1e-aab0-48bd-af7b-25510fc26a4f:192.168.151.121:44256] with ContainerStateMachine:uninitialized
2019-09-24 02:26:56,999 [pool-287-thread-1] INFO  impl.RaftServerImpl (ServerState.java:<init>(103)) - 03fe0df8-8acd-4b48-98b8-ff80530cf21f@group-F6E997B618AC: ConfigurationManager, init=-1: [03fe0df8-8acd-4b48-98b8-ff80530cf21f:192.168.151.121:46676, b3222389-c6d4-4a0f-8f23-1c6658166195:192.168.151.121:46156, 5c5ece1e-aab0-48bd-af7b-25510fc26a4f:192.168.151.121:44256], old=null, confs=<EMPTY_MAP>
2019-09-24 02:26:56,999 [pool-277-thread-1] INFO  server.RaftServerConfigKeys (ConfUtils.java:logGet(43)) - raft.server.rpc.timeout.min = 1s (custom)
2019-09-24 02:26:56,999 [pool-287-thread-1] INFO  server.RaftServerConfigKeys (ConfUtils.java:logGet(43)) - raft.server.storage.dir = [/workdir/hadoop-ozone/integration-test/target/test-dir/MiniOzoneClusterImpl-7938e232-3eaf-47c6-84ae-b0e11761d891/datanode-2/data/ratis] (custom)
2019-09-24 02:26:56,999 [pool-277-thread-1] INFO  server.RaftServerConfigKeys (ConfUtils.java:logGet(43)) - raft.server.rpc.timeout.max = 1200ms (custom)
2019-09-24 02:26:57,000 [pool-267-thread-1] INFO  impl.RaftServerImpl (RaftServerImpl.java:<init>(95)) - 5c5ece1e-aab0-48bd-af7b-25510fc26a4f: new RaftServerImpl for group-F6E997B618AC:[03fe0df8-8acd-4b48-98b8-ff80530cf21f:192.168.151.121:46676, b3222389-c6d4-4a0f-8f23-1c6658166195:192.168.151.121:46156, 5c5ece1e-aab0-48bd-af7b-25510fc26a4f:192.168.151.121:44256] with ContainerStateMachine:uninitialized
2019-09-24 02:26:57,000 [pool-277-thread-1] INFO  server.RaftServerConfigKeys (ConfUtils.java:logGet(43)) - raft.server.rpcslowness.timeout = 120s (custom)
2019-09-24 02:26:57,000 [pool-287-thread-1] INFO  storage.RaftStorageDirectory (RaftStorageDirectory.java:analyzeStorage(246)) - The storage directory /workdir/hadoop-ozone/integration-test/target/test-dir/MiniOzoneClusterImpl-7938e232-3eaf-47c6-84ae-b0e11761d891/datanode-2/data/ratis/6b714fd5-cd12-4e13-8836-f6e997b618ac does not exist. Creating ...
2019-09-24 02:26:57,000 [pool-267-thread-1] INFO  server.RaftServerConfigKeys (ConfUtils.java:logGet(43)) - raft.server.rpc.timeout.min = 1s (custom)
2019-09-24 02:26:57,000 [pool-277-thread-1] INFO  server.RaftServerConfigKeys (ConfUtils.java:logGet(43)) - raft.server.sleep.deviation.threshold = 300 (default)
2019-09-24 02:26:57,000 [pool-267-thread-1] INFO  server.RaftServerConfigKeys (ConfUtils.java:logGet(43)) - raft.server.rpc.timeout.max = 1200ms (custom)
2019-09-24 02:26:57,000 [pool-277-thread-1] INFO  server.RaftServerConfigKeys (ConfUtils.java:logGet(43)) - raft.server.log.appender.install.snapshot.enabled = false (custom)
2019-09-24 02:26:57,000 [pool-267-thread-1] INFO  server.RaftServerConfigKeys (ConfUtils.java:logGet(43)) - raft.server.rpcslowness.timeout = 120s (custom)
2019-09-24 02:26:57,000 [pool-277-thread-1] INFO  impl.RaftServerImpl (ServerState.java:<init>(103)) - b3222389-c6d4-4a0f-8f23-1c6658166195@group-F6E997B618AC: ConfigurationManager, init=-1: [03fe0df8-8acd-4b48-98b8-ff80530cf21f:192.168.151.121:46676, b3222389-c6d4-4a0f-8f23-1c6658166195:192.168.151.121:46156, 5c5ece1e-aab0-48bd-af7b-25510fc26a4f:192.168.151.121:44256], old=null, confs=<EMPTY_MAP>
2019-09-24 02:26:57,000 [pool-267-thread-1] INFO  server.RaftServerConfigKeys (ConfUtils.java:logGet(43)) - raft.server.sleep.deviation.threshold = 300 (default)
2019-09-24 02:26:57,000 [pool-277-thread-1] INFO  server.RaftServerConfigKeys (ConfUtils.java:logGet(43)) - raft.server.storage.dir = [/workdir/hadoop-ozone/integration-test/target/test-dir/MiniOzoneClusterImpl-7938e232-3eaf-47c6-84ae-b0e11761d891/datanode-1/data/ratis] (custom)
2019-09-24 02:26:57,000 [pool-267-thread-1] INFO  server.RaftServerConfigKeys (ConfUtils.java:logGet(43)) - raft.server.log.appender.install.snapshot.enabled = false (custom)
2019-09-24 02:26:57,001 [pool-267-thread-1] INFO  impl.RaftServerImpl (ServerState.java:<init>(103)) - 5c5ece1e-aab0-48bd-af7b-25510fc26a4f@group-F6E997B618AC: ConfigurationManager, init=-1: [03fe0df8-8acd-4b48-98b8-ff80530cf21f:192.168.151.121:46676, b3222389-c6d4-4a0f-8f23-1c6658166195:192.168.151.121:46156, 5c5ece1e-aab0-48bd-af7b-25510fc26a4f:192.168.151.121:44256], old=null, confs=<EMPTY_MAP>
2019-09-24 02:26:57,001 [pool-277-thread-1] INFO  storage.RaftStorageDirectory (RaftStorageDirectory.java:analyzeStorage(246)) - The storage directory /workdir/hadoop-ozone/integration-test/target/test-dir/MiniOzoneClusterImpl-7938e232-3eaf-47c6-84ae-b0e11761d891/datanode-1/data/ratis/6b714fd5-cd12-4e13-8836-f6e997b618ac does not exist. Creating ...
2019-09-24 02:26:57,001 [pool-267-thread-1] INFO  server.RaftServerConfigKeys (ConfUtils.java:logGet(43)) - raft.server.storage.dir = [/workdir/hadoop-ozone/integration-test/target/test-dir/MiniOzoneClusterImpl-7938e232-3eaf-47c6-84ae-b0e11761d891/datanode-0/data/ratis] (custom)
2019-09-24 02:26:57,001 [pool-267-thread-1] INFO  storage.RaftStorageDirectory (RaftStorageDirectory.java:analyzeStorage(246)) - The storage directory /workdir/hadoop-ozone/integration-test/target/test-dir/MiniOzoneClusterImpl-7938e232-3eaf-47c6-84ae-b0e11761d891/datanode-0/data/ratis/6b714fd5-cd12-4e13-8836-f6e997b618ac does not exist. Creating ...
2019-09-24 02:26:57,013 [pool-267-thread-1] INFO  storage.RaftStorageDirectory (RaftStorageDirectory.java:tryLock(328)) - Lock on /workdir/hadoop-ozone/integration-test/target/test-dir/MiniOzoneClusterImpl-7938e232-3eaf-47c6-84ae-b0e11761d891/datanode-0/data/ratis/6b714fd5-cd12-4e13-8836-f6e997b618ac/in_use.lock acquired by nodename 30927@pr-hdds-2162-tjkd5-3209850126
2019-09-24 02:26:57,013 [pool-287-thread-1] INFO  storage.RaftStorageDirectory (RaftStorageDirectory.java:tryLock(328)) - Lock on /workdir/hadoop-ozone/integration-test/target/test-dir/MiniOzoneClusterImpl-7938e232-3eaf-47c6-84ae-b0e11761d891/datanode-2/data/ratis/6b714fd5-cd12-4e13-8836-f6e997b618ac/in_use.lock acquired by nodename 30927@pr-hdds-2162-tjkd5-3209850126
2019-09-24 02:26:57,013 [pool-277-thread-1] INFO  storage.RaftStorageDirectory (RaftStorageDirectory.java:tryLock(328)) - Lock on /workdir/hadoop-ozone/integration-test/target/test-dir/MiniOzoneClusterImpl-7938e232-3eaf-47c6-84ae-b0e11761d891/datanode-1/data/ratis/6b714fd5-cd12-4e13-8836-f6e997b618ac/in_use.lock acquired by nodename 30927@pr-hdds-2162-tjkd5-3209850126
2019-09-24 02:26:57,017 [IPC Server handler 19 on 38726] INFO  net.NetworkTopology (NetworkTopologyImpl.java:add(111)) - Added a new node: /rack1/bee6418c-0727-467f-b823-1d4bd6a18942
2019-09-24 02:26:57,017 [IPC Server handler 19 on 38726] INFO  node.SCMNodeManager (SCMNodeManager.java:register(266)) - Registered Data node : bee6418c-0727-467f-b823-1d4bd6a18942{ip: 192.168.151.121, host: pr-hdds-2162-tjkd5-3209850126, networkLocation: /rack1, certSerialId: null}
2019-09-24 02:26:57,029 [pool-287-thread-1] INFO  storage.RaftStorage (RaftStorage.java:format(72)) - Storage directory /workdir/hadoop-ozone/integration-test/target/test-dir/MiniOzoneClusterImpl-7938e232-3eaf-47c6-84ae-b0e11761d891/datanode-2/data/ratis/6b714fd5-cd12-4e13-8836-f6e997b618ac has been successfully formatted.
2019-09-24 02:26:57,029 [pool-267-thread-1] INFO  storage.RaftStorage (RaftStorage.java:format(72)) - Storage directory /workdir/hadoop-ozone/integration-test/target/test-dir/MiniOzoneClusterImpl-7938e232-3eaf-47c6-84ae-b0e11761d891/datanode-0/data/ratis/6b714fd5-cd12-4e13-8836-f6e997b618ac has been successfully formatted.
2019-09-24 02:26:57,029 [pool-277-thread-1] INFO  storage.RaftStorage (RaftStorage.java:format(72)) - Storage directory /workdir/hadoop-ozone/integration-test/target/test-dir/MiniOzoneClusterImpl-7938e232-3eaf-47c6-84ae-b0e11761d891/datanode-1/data/ratis/6b714fd5-cd12-4e13-8836-f6e997b618ac has been successfully formatted.
2019-09-24 02:26:57,029 [pool-287-thread-1] INFO  ratis.ContainerStateMachine (ContainerStateMachine.java:loadSnapshot(230)) - group-F6E997B618AC: The snapshot info is null. Setting the last applied indexto:(t:0, i:~)
2019-09-24 02:26:57,029 [pool-267-thread-1] INFO  ratis.ContainerStateMachine (ContainerStateMachine.java:loadSnapshot(230)) - group-F6E997B618AC: The snapshot info is null. Setting the last applied indexto:(t:0, i:~)
2019-09-24 02:26:57,029 [pool-287-thread-1] INFO  server.RaftServerConfigKeys (ConfUtils.java:logGet(43)) - raft.server.notification.no-leader.timeout = 120s (custom)
2019-09-24 02:26:57,029 [pool-277-thread-1] INFO  ratis.ContainerStateMachine (ContainerStateMachine.java:loadSnapshot(230)) - group-F6E997B618AC: The snapshot info is null. Setting the last applied indexto:(t:0, i:~)
2019-09-24 02:26:57,029 [pool-287-thread-1] INFO  server.RaftServerConfigKeys (ConfUtils.java:logGet(43)) - raft.server.log.use.memory = false (default)
2019-09-24 02:26:57,029 [pool-267-thread-1] INFO  server.RaftServerConfigKeys (ConfUtils.java:logGet(43)) - raft.server.notification.no-leader.timeout = 120s (custom)
2019-09-24 02:26:57,030 [pool-287-thread-1] INFO  server.RaftServerConfigKeys (ConfUtils.java:logGet(43)) - raft.server.log.purge.gap = 1000000 (custom)
2019-09-24 02:26:57,030 [pool-277-thread-1] INFO  server.RaftServerConfigKeys (ConfUtils.java:logGet(43)) - raft.server.notification.no-leader.timeout = 120s (custom)
2019-09-24 02:26:57,030 [pool-287-thread-1] INFO  server.RaftServerConfigKeys (ConfUtils.java:logGet(43)) - raft.server.log.appender.buffer.byte-limit = 33554432 (custom)
2019-09-24 02:26:57,030 [pool-267-thread-1] INFO  server.RaftServerConfigKeys (ConfUtils.java:logGet(43)) - raft.server.log.use.memory = false (default)
2019-09-24 02:26:57,030 [pool-287-thread-1] INFO  server.RaftServerConfigKeys (ConfUtils.java:logGet(43)) - raft.server.log.segment.size.max = 1048576 (custom)
2019-09-24 02:26:57,030 [pool-277-thread-1] INFO  server.RaftServerConfigKeys (ConfUtils.java:logGet(43)) - raft.server.log.use.memory = false (default)
2019-09-24 02:26:57,030 [pool-287-thread-1] INFO  server.RaftServerConfigKeys (ConfUtils.java:logGet(43)) - raft.server.log.segment.cache.num.max = 2 (custom)
2019-09-24 02:26:57,030 [pool-267-thread-1] INFO  server.RaftServerConfigKeys (ConfUtils.java:logGet(43)) - raft.server.log.purge.gap = 1000000 (custom)
2019-09-24 02:26:57,030 [pool-287-thread-1] INFO  segmented.SegmentedRaftLogWorker (SegmentedRaftLogWorker.java:<init>(172)) - new 03fe0df8-8acd-4b48-98b8-ff80530cf21f@group-F6E997B618AC-SegmentedRaftLogWorker for RaftStorage:Storage Directory /workdir/hadoop-ozone/integration-test/target/test-dir/MiniOzoneClusterImpl-7938e232-3eaf-47c6-84ae-b0e11761d891/datanode-2/data/ratis/6b714fd5-cd12-4e13-8836-f6e997b618ac
2019-09-24 02:26:57,030 [pool-277-thread-1] INFO  server.RaftServerConfigKeys (ConfUtils.java:logGet(43)) - raft.server.log.purge.gap = 1000000 (custom)
2019-09-24 02:26:57,031 [pool-287-thread-1] INFO  server.RaftServerConfigKeys (ConfUtils.java:logGet(43)) - raft.server.log.queue.byte-limit = 2147483647 (custom)
2019-09-24 02:26:57,031 [pool-267-thread-1] INFO  server.RaftServerConfigKeys (ConfUtils.java:logGet(43)) - raft.server.log.appender.buffer.byte-limit = 33554432 (custom)
2019-09-24 02:26:57,031 [pool-287-thread-1] INFO  server.RaftServerConfigKeys (ConfUtils.java:logGet(43)) - raft.server.log.queue.element-limit = 1024 (custom)
2019-09-24 02:26:57,031 [pool-277-thread-1] INFO  server.RaftServerConfigKeys (ConfUtils.java:logGet(43)) - raft.server.log.appender.buffer.byte-limit = 33554432 (custom)
2019-09-24 02:26:57,031 [pool-287-thread-1] INFO  server.RaftServerConfigKeys (ConfUtils.java:logGet(43)) - raft.server.log.segment.size.max = 1048576 (custom)
2019-09-24 02:26:57,031 [pool-267-thread-1] INFO  server.RaftServerConfigKeys (ConfUtils.java:logGet(43)) - raft.server.log.segment.size.max = 1048576 (custom)
2019-09-24 02:26:57,031 [pool-287-thread-1] INFO  server.RaftServerConfigKeys (ConfUtils.java:logGet(43)) - raft.server.log.preallocated.size = 16384 (custom)
2019-09-24 02:26:57,031 [pool-277-thread-1] INFO  server.RaftServerConfigKeys (ConfUtils.java:logGet(43)) - raft.server.log.segment.size.max = 1048576 (custom)
2019-09-24 02:26:57,032 [pool-287-thread-1] INFO  server.RaftServerConfigKeys (ConfUtils.java:logGet(43)) - raft.server.log.write.buffer.size = 33554432 (custom)
2019-09-24 02:26:57,032 [pool-267-thread-1] INFO  server.RaftServerConfigKeys (ConfUtils.java:logGet(43)) - raft.server.log.segment.cache.num.max = 2 (custom)
2019-09-24 02:26:57,032 [pool-287-thread-1] INFO  server.RaftServerConfigKeys (ConfUtils.java:logGet(43)) - raft.server.log.force.sync.num = 128 (default)
2019-09-24 02:26:57,032 [pool-277-thread-1] INFO  server.RaftServerConfigKeys (ConfUtils.java:logGet(43)) - raft.server.log.segment.cache.num.max = 2 (custom)
2019-09-24 02:26:57,032 [pool-287-thread-1] INFO  server.RaftServerConfigKeys (ConfUtils.java:logGet(43)) - raft.server.log.statemachine.data.sync = true (default)
2019-09-24 02:26:57,033 [pool-287-thread-1] INFO  server.RaftServerConfigKeys (ConfUtils.java:logGet(43)) - raft.server.log.statemachine.data.sync.timeout = 10s (default)
2019-09-24 02:26:57,032 [pool-267-thread-1] INFO  segmented.SegmentedRaftLogWorker (SegmentedRaftLogWorker.java:<init>(172)) - new 5c5ece1e-aab0-48bd-af7b-25510fc26a4f@group-F6E997B618AC-SegmentedRaftLogWorker for RaftStorage:Storage Directory /workdir/hadoop-ozone/integration-test/target/test-dir/MiniOzoneClusterImpl-7938e232-3eaf-47c6-84ae-b0e11761d891/datanode-0/data/ratis/6b714fd5-cd12-4e13-8836-f6e997b618ac
2019-09-24 02:26:57,033 [pool-287-thread-1] INFO  server.RaftServerConfigKeys (ConfUtils.java:logGet(43)) - raft.server.log.statemachine.data.sync.timeout.retry = -1 (default)
2019-09-24 02:26:57,032 [pool-277-thread-1] INFO  segmented.SegmentedRaftLogWorker (SegmentedRaftLogWorker.java:<init>(172)) - new b3222389-c6d4-4a0f-8f23-1c6658166195@group-F6E997B618AC-SegmentedRaftLogWorker for RaftStorage:Storage Directory /workdir/hadoop-ozone/integration-test/target/test-dir/MiniOzoneClusterImpl-7938e232-3eaf-47c6-84ae-b0e11761d891/datanode-1/data/ratis/6b714fd5-cd12-4e13-8836-f6e997b618ac
2019-09-24 02:26:57,033 [pool-287-thread-1] INFO  server.RaftServerConfigKeys (ConfUtils.java:logGet(43)) - raft.server.log.statemachine.data.caching.enabled = true (custom)
2019-09-24 02:26:57,033 [pool-267-thread-1] INFO  server.RaftServerConfigKeys (ConfUtils.java:logGet(43)) - raft.server.log.queue.byte-limit = 2147483647 (custom)
2019-09-24 02:26:57,033 [pool-287-thread-1] INFO  segmented.SegmentedRaftLogWorker (SegmentedRaftLogWorker.java:lambda$new$0(132)) - 03fe0df8-8acd-4b48-98b8-ff80530cf21f@group-F6E997B618AC-SegmentedRaftLogWorker: flushIndex: setUnconditionally 0 -> -1
2019-09-24 02:26:57,033 [pool-277-thread-1] INFO  server.RaftServerConfigKeys (ConfUtils.java:logGet(43)) - raft.server.log.queue.byte-limit = 2147483647 (custom)
2019-09-24 02:26:57,033 [pool-267-thread-1] INFO  server.RaftServerConfigKeys (ConfUtils.java:logGet(43)) - raft.server.log.queue.element-limit = 1024 (custom)
2019-09-24 02:26:57,034 [pool-287-thread-1] INFO  server.RaftServerConfigKeys (ConfUtils.java:logGet(43)) - raft.server.snapshot.auto.trigger.enabled = true (custom)
2019-09-24 02:26:57,034 [pool-277-thread-1] INFO  server.RaftServerConfigKeys (ConfUtils.java:logGet(43)) - raft.server.log.queue.element-limit = 1024 (custom)
2019-09-24 02:26:57,034 [pool-287-thread-1] INFO  server.RaftServerConfigKeys (ConfUtils.java:logGet(43)) - raft.server.snapshot.auto.trigger.threshold = 10000 (custom)
2019-09-24 02:26:57,034 [pool-267-thread-1] INFO  server.RaftServerConfigKeys (ConfUtils.java:logGet(43)) - raft.server.log.segment.size.max = 1048576 (custom)
2019-09-24 02:26:57,034 [pool-287-thread-1] INFO  server.RaftServerConfigKeys (ConfUtils.java:logGet(43)) - raft.server.snapshot.retention.num.files = 5 (custom)
2019-09-24 02:26:57,034 [pool-277-thread-1] INFO  server.RaftServerConfigKeys (ConfUtils.java:logGet(43)) - raft.server.log.segment.size.max = 1048576 (custom)
2019-09-24 02:26:57,034 [pool-287-thread-1] INFO  server.RaftServerConfigKeys (ConfUtils.java:logGet(43)) - raft.server.retrycache.expirytime = 600000ms (custom)
2019-09-24 02:26:57,034 [pool-267-thread-1] INFO  server.RaftServerConfigKeys (ConfUtils.java:logGet(43)) - raft.server.log.preallocated.size = 16384 (custom)
2019-09-24 02:26:57,034 [pool-277-thread-1] INFO  server.RaftServerConfigKeys (ConfUtils.java:logGet(43)) - raft.server.log.preallocated.size = 16384 (custom)
2019-09-24 02:26:57,035 [pool-267-thread-1] INFO  server.RaftServerConfigKeys (ConfUtils.java:logGet(43)) - raft.server.log.write.buffer.size = 33554432 (custom)
2019-09-24 02:26:57,035 [pool-277-thread-1] INFO  server.RaftServerConfigKeys (ConfUtils.java:logGet(43)) - raft.server.log.write.buffer.size = 33554432 (custom)
2019-09-24 02:26:57,035 [pool-267-thread-1] INFO  server.RaftServerConfigKeys (ConfUtils.java:logGet(43)) - raft.server.log.force.sync.num = 128 (default)
2019-09-24 02:26:57,035 [pool-277-thread-1] INFO  server.RaftServerConfigKeys (ConfUtils.java:logGet(43)) - raft.server.log.force.sync.num = 128 (default)
2019-09-24 02:26:57,035 [pool-267-thread-1] INFO  server.RaftServerConfigKeys (ConfUtils.java:logGet(43)) - raft.server.log.statemachine.data.sync = true (default)
2019-09-24 02:26:57,036 [pool-277-thread-1] INFO  server.RaftServerConfigKeys (ConfUtils.java:logGet(43)) - raft.server.log.statemachine.data.sync = true (default)
2019-09-24 02:26:57,036 [pool-267-thread-1] INFO  server.RaftServerConfigKeys (ConfUtils.java:logGet(43)) - raft.server.log.statemachine.data.sync.timeout = 10s (default)
2019-09-24 02:26:57,036 [pool-277-thread-1] INFO  server.RaftServerConfigKeys (ConfUtils.java:logGet(43)) - raft.server.log.statemachine.data.sync.timeout = 10s (default)
2019-09-24 02:26:57,036 [pool-287-thread-1] INFO  impl.RaftServerImpl (RaftServerImpl.java:start(185)) - 03fe0df8-8acd-4b48-98b8-ff80530cf21f@group-F6E997B618AC: start as a follower, conf=-1: [03fe0df8-8acd-4b48-98b8-ff80530cf21f:192.168.151.121:46676, b3222389-c6d4-4a0f-8f23-1c6658166195:192.168.151.121:46156, 5c5ece1e-aab0-48bd-af7b-25510fc26a4f:192.168.151.121:44256], old=null
2019-09-24 02:26:57,036 [pool-267-thread-1] INFO  server.RaftServerConfigKeys (ConfUtils.java:logGet(43)) - raft.server.log.statemachine.data.sync.timeout.retry = -1 (default)
2019-09-24 02:26:57,036 [pool-287-thread-1] INFO  impl.RaftServerImpl (RaftServerImpl.java:setRole(174)) - 03fe0df8-8acd-4b48-98b8-ff80530cf21f@group-F6E997B618AC: changes role from      null to FOLLOWER at term 0 for startAsFollower
2019-09-24 02:26:57,036 [pool-277-thread-1] INFO  server.RaftServerConfigKeys (ConfUtils.java:logGet(43)) - raft.server.log.statemachine.data.sync.timeout.retry = -1 (default)
2019-09-24 02:26:57,036 [pool-287-thread-1] INFO  impl.RoleInfo (RoleInfo.java:updateAndGet(143)) - 03fe0df8-8acd-4b48-98b8-ff80530cf21f: start FollowerState
2019-09-24 02:26:57,036 [pool-267-thread-1] INFO  server.RaftServerConfigKeys (ConfUtils.java:logGet(43)) - raft.server.log.statemachine.data.caching.enabled = true (custom)
2019-09-24 02:26:57,037 [pool-277-thread-1] INFO  server.RaftServerConfigKeys (ConfUtils.java:logGet(43)) - raft.server.log.statemachine.data.caching.enabled = true (custom)
2019-09-24 02:26:57,037 [pool-287-thread-1] INFO  util.JmxRegister (JmxRegister.java:tryRegister(44)) - Successfully registered JMX Bean with object name Ratis:service=RaftServer,group=group-F6E997B618AC,id=03fe0df8-8acd-4b48-98b8-ff80530cf21f
2019-09-24 02:26:57,037 [pool-267-thread-1] INFO  segmented.SegmentedRaftLogWorker (SegmentedRaftLogWorker.java:lambda$new$0(132)) - 5c5ece1e-aab0-48bd-af7b-25510fc26a4f@group-F6E997B618AC-SegmentedRaftLogWorker: flushIndex: setUnconditionally 0 -> -1
2019-09-24 02:26:57,037 [pool-277-thread-1] INFO  segmented.SegmentedRaftLogWorker (SegmentedRaftLogWorker.java:lambda$new$0(132)) - b3222389-c6d4-4a0f-8f23-1c6658166195@group-F6E997B618AC-SegmentedRaftLogWorker: flushIndex: setUnconditionally 0 -> -1
2019-09-24 02:26:57,038 [pool-267-thread-1] INFO  server.RaftServerConfigKeys (ConfUtils.java:logGet(43)) - raft.server.snapshot.auto.trigger.enabled = true (custom)
2019-09-24 02:26:57,038 [pool-277-thread-1] INFO  server.RaftServerConfigKeys (ConfUtils.java:logGet(43)) - raft.server.snapshot.auto.trigger.enabled = true (custom)
2019-09-24 02:26:57,038 [pool-267-thread-1] INFO  server.RaftServerConfigKeys (ConfUtils.java:logGet(43)) - raft.server.snapshot.auto.trigger.threshold = 10000 (custom)
2019-09-24 02:26:57,038 [pool-277-thread-1] INFO  server.RaftServerConfigKeys (ConfUtils.java:logGet(43)) - raft.server.snapshot.auto.trigger.threshold = 10000 (custom)
2019-09-24 02:26:57,038 [pool-267-thread-1] INFO  server.RaftServerConfigKeys (ConfUtils.java:logGet(43)) - raft.server.snapshot.retention.num.files = 5 (custom)
2019-09-24 02:26:57,038 [pool-277-thread-1] INFO  server.RaftServerConfigKeys (ConfUtils.java:logGet(43)) - raft.server.snapshot.retention.num.files = 5 (custom)
2019-09-24 02:26:57,038 [pool-267-thread-1] INFO  server.RaftServerConfigKeys (ConfUtils.java:logGet(43)) - raft.server.retrycache.expirytime = 600000ms (custom)
2019-09-24 02:26:57,043 [pool-277-thread-1] INFO  server.RaftServerConfigKeys (ConfUtils.java:logGet(43)) - raft.server.retrycache.expirytime = 600000ms (custom)
2019-09-24 02:26:57,045 [pool-267-thread-1] INFO  impl.RaftServerImpl (RaftServerImpl.java:start(185)) - 5c5ece1e-aab0-48bd-af7b-25510fc26a4f@group-F6E997B618AC: start as a follower, conf=-1: [03fe0df8-8acd-4b48-98b8-ff80530cf21f:192.168.151.121:46676, b3222389-c6d4-4a0f-8f23-1c6658166195:192.168.151.121:46156, 5c5ece1e-aab0-48bd-af7b-25510fc26a4f:192.168.151.121:44256], old=null
2019-09-24 02:26:57,046 [pool-277-thread-1] INFO  impl.RaftServerImpl (RaftServerImpl.java:start(185)) - b3222389-c6d4-4a0f-8f23-1c6658166195@group-F6E997B618AC: start as a follower, conf=-1: [03fe0df8-8acd-4b48-98b8-ff80530cf21f:192.168.151.121:46676, b3222389-c6d4-4a0f-8f23-1c6658166195:192.168.151.121:46156, 5c5ece1e-aab0-48bd-af7b-25510fc26a4f:192.168.151.121:44256], old=null
2019-09-24 02:26:57,046 [pool-267-thread-1] INFO  impl.RaftServerImpl (RaftServerImpl.java:setRole(174)) - 5c5ece1e-aab0-48bd-af7b-25510fc26a4f@group-F6E997B618AC: changes role from      null to FOLLOWER at term 0 for startAsFollower
2019-09-24 02:26:57,046 [pool-277-thread-1] INFO  impl.RaftServerImpl (RaftServerImpl.java:setRole(174)) - b3222389-c6d4-4a0f-8f23-1c6658166195@group-F6E997B618AC: changes role from      null to FOLLOWER at term 0 for startAsFollower
2019-09-24 02:26:57,046 [pool-267-thread-1] INFO  impl.RoleInfo (RoleInfo.java:updateAndGet(143)) - 5c5ece1e-aab0-48bd-af7b-25510fc26a4f: start FollowerState
2019-09-24 02:26:57,046 [pool-277-thread-1] INFO  impl.RoleInfo (RoleInfo.java:updateAndGet(143)) - b3222389-c6d4-4a0f-8f23-1c6658166195: start FollowerState
2019-09-24 02:26:57,046 [pool-267-thread-1] INFO  util.JmxRegister (JmxRegister.java:tryRegister(44)) - Successfully registered JMX Bean with object name Ratis:service=RaftServer,group=group-F6E997B618AC,id=5c5ece1e-aab0-48bd-af7b-25510fc26a4f
2019-09-24 02:26:57,046 [pool-277-thread-1] INFO  util.JmxRegister (JmxRegister.java:tryRegister(44)) - Successfully registered JMX Bean with object name Ratis:service=RaftServer,group=group-F6E997B618AC,id=b3222389-c6d4-4a0f-8f23-1c6658166195
2019-09-24 02:26:57,056 [RatisPipelineUtilsThread] INFO  pipeline.PipelineStateManager (PipelineStateManager.java:addPipeline(56)) - Created pipeline Pipeline[ Id: 6b714fd5-cd12-4e13-8836-f6e997b618ac, Nodes: b3222389-c6d4-4a0f-8f23-1c6658166195{ip: 192.168.151.121, host: pr-hdds-2162-tjkd5-3209850126, networkLocation: /rack1, certSerialId: null}03fe0df8-8acd-4b48-98b8-ff80530cf21f{ip: 192.168.151.121, host: pr-hdds-2162-tjkd5-3209850126, networkLocation: /rack1, certSerialId: null}5c5ece1e-aab0-48bd-af7b-25510fc26a4f{ip: 192.168.151.121, host: pr-hdds-2162-tjkd5-3209850126, networkLocation: /rack1, certSerialId: null}, Type:RATIS, Factor:THREE, State:OPEN]
2019-09-24 02:26:57,078 [IPC Server handler 16 on 38726] INFO  net.NetworkTopology (NetworkTopologyImpl.java:add(111)) - Added a new node: /rack1/88c7199a-3ab1-4d00-b74d-de8853add08b
2019-09-24 02:26:57,079 [IPC Server handler 16 on 38726] INFO  node.SCMNodeManager (SCMNodeManager.java:register(266)) - Registered Data node : 88c7199a-3ab1-4d00-b74d-de8853add08b{ip: 192.168.151.121, host: pr-hdds-2162-tjkd5-3209850126, networkLocation: /rack1, certSerialId: null}
2019-09-24 02:26:57,090 [grpc-default-executor-2] INFO  impl.RaftServerProxy (RaftServerProxy.java:addNew(89)) - bee6418c-0727-467f-b823-1d4bd6a18942: addNew group-624472136F97:[bee6418c-0727-467f-b823-1d4bd6a18942:192.168.151.121:38836] returns group-624472136F97:java.util.concurrent.CompletableFuture@70194917[Not completed]
2019-09-24 02:26:57,094 [pool-297-thread-1] INFO  impl.RaftServerImpl (RaftServerImpl.java:<init>(95)) - bee6418c-0727-467f-b823-1d4bd6a18942: new RaftServerImpl for group-624472136F97:[bee6418c-0727-467f-b823-1d4bd6a18942:192.168.151.121:38836] with ContainerStateMachine:uninitialized
2019-09-24 02:26:57,094 [pool-297-thread-1] INFO  server.RaftServerConfigKeys (ConfUtils.java:logGet(43)) - raft.server.rpc.timeout.min = 1s (custom)
2019-09-24 02:26:57,094 [pool-297-thread-1] INFO  server.RaftServerConfigKeys (ConfUtils.java:logGet(43)) - raft.server.rpc.timeout.max = 1200ms (custom)
2019-09-24 02:26:57,095 [pool-297-thread-1] INFO  server.RaftServerConfigKeys (ConfUtils.java:logGet(43)) - raft.server.rpcslowness.timeout = 120s (custom)
2019-09-24 02:26:57,095 [pool-297-thread-1] INFO  server.RaftServerConfigKeys (ConfUtils.java:logGet(43)) - raft.server.sleep.deviation.threshold = 300 (default)
2019-09-24 02:26:57,095 [pool-297-thread-1] INFO  server.RaftServerConfigKeys (ConfUtils.java:logGet(43)) - raft.server.log.appender.install.snapshot.enabled = false (custom)
2019-09-24 02:26:57,095 [pool-297-thread-1] INFO  impl.RaftServerImpl (ServerState.java:<init>(103)) - bee6418c-0727-467f-b823-1d4bd6a18942@group-624472136F97: ConfigurationManager, init=-1: [bee6418c-0727-467f-b823-1d4bd6a18942:192.168.151.121:38836], old=null, confs=<EMPTY_MAP>
2019-09-24 02:26:57,095 [pool-297-thread-1] INFO  server.RaftServerConfigKeys (ConfUtils.java:logGet(43)) - raft.server.storage.dir = [/workdir/hadoop-ozone/integration-test/target/test-dir/MiniOzoneClusterImpl-7938e232-3eaf-47c6-84ae-b0e11761d891/datanode-3/data/ratis] (custom)
2019-09-24 02:26:57,096 [pool-297-thread-1] INFO  storage.RaftStorageDirectory (RaftStorageDirectory.java:analyzeStorage(246)) - The storage directory /workdir/hadoop-ozone/integration-test/target/test-dir/MiniOzoneClusterImpl-7938e232-3eaf-47c6-84ae-b0e11761d891/datanode-3/data/ratis/bf36e443-f928-4a56-aede-624472136f97 does not exist. Creating ...
2019-09-24 02:26:57,108 [pool-297-thread-1] INFO  storage.RaftStorageDirectory (RaftStorageDirectory.java:tryLock(328)) - Lock on /workdir/hadoop-ozone/integration-test/target/test-dir/MiniOzoneClusterImpl-7938e232-3eaf-47c6-84ae-b0e11761d891/datanode-3/data/ratis/bf36e443-f928-4a56-aede-624472136f97/in_use.lock acquired by nodename 30927@pr-hdds-2162-tjkd5-3209850126
2019-09-24 02:26:57,120 [pool-297-thread-1] INFO  storage.RaftStorage (RaftStorage.java:format(72)) - Storage directory /workdir/hadoop-ozone/integration-test/target/test-dir/MiniOzoneClusterImpl-7938e232-3eaf-47c6-84ae-b0e11761d891/datanode-3/data/ratis/bf36e443-f928-4a56-aede-624472136f97 has been successfully formatted.
2019-09-24 02:26:57,120 [pool-297-thread-1] INFO  ratis.ContainerStateMachine (ContainerStateMachine.java:loadSnapshot(230)) - group-624472136F97: The snapshot info is null. Setting the last applied indexto:(t:0, i:~)
2019-09-24 02:26:57,120 [pool-297-thread-1] INFO  server.RaftServerConfigKeys (ConfUtils.java:logGet(43)) - raft.server.notification.no-leader.timeout = 120s (custom)
2019-09-24 02:26:57,120 [pool-297-thread-1] INFO  server.RaftServerConfigKeys (ConfUtils.java:logGet(43)) - raft.server.log.use.memory = false (default)
2019-09-24 02:26:57,121 [pool-297-thread-1] INFO  server.RaftServerConfigKeys (ConfUtils.java:logGet(43)) - raft.server.log.purge.gap = 1000000 (custom)
2019-09-24 02:26:57,121 [pool-297-thread-1] INFO  server.RaftServerConfigKeys (ConfUtils.java:logGet(43)) - raft.server.log.appender.buffer.byte-limit = 33554432 (custom)
2019-09-24 02:26:57,121 [pool-297-thread-1] INFO  server.RaftServerConfigKeys (ConfUtils.java:logGet(43)) - raft.server.log.segment.size.max = 1048576 (custom)
2019-09-24 02:26:57,121 [pool-297-thread-1] INFO  server.RaftServerConfigKeys (ConfUtils.java:logGet(43)) - raft.server.log.segment.cache.num.max = 2 (custom)
2019-09-24 02:26:57,121 [pool-297-thread-1] INFO  segmented.SegmentedRaftLogWorker (SegmentedRaftLogWorker.java:<init>(172)) - new bee6418c-0727-467f-b823-1d4bd6a18942@group-624472136F97-SegmentedRaftLogWorker for RaftStorage:Storage Directory /workdir/hadoop-ozone/integration-test/target/test-dir/MiniOzoneClusterImpl-7938e232-3eaf-47c6-84ae-b0e11761d891/datanode-3/data/ratis/bf36e443-f928-4a56-aede-624472136f97
2019-09-24 02:26:57,123 [pool-297-thread-1] INFO  server.RaftServerConfigKeys (ConfUtils.java:logGet(43)) - raft.server.log.queue.byte-limit = 2147483647 (custom)
2019-09-24 02:26:57,123 [pool-297-thread-1] INFO  server.RaftServerConfigKeys (ConfUtils.java:logGet(43)) - raft.server.log.queue.element-limit = 1024 (custom)
2019-09-24 02:26:57,123 [pool-297-thread-1] INFO  server.RaftServerConfigKeys (ConfUtils.java:logGet(43)) - raft.server.log.segment.size.max = 1048576 (custom)
2019-09-24 02:26:57,123 [pool-297-thread-1] INFO  server.RaftServerConfigKeys (ConfUtils.java:logGet(43)) - raft.server.log.preallocated.size = 16384 (custom)
2019-09-24 02:26:57,124 [pool-297-thread-1] INFO  server.RaftServerConfigKeys (ConfUtils.java:logGet(43)) - raft.server.log.write.buffer.size = 33554432 (custom)
2019-09-24 02:26:57,124 [pool-297-thread-1] INFO  server.RaftServerConfigKeys (ConfUtils.java:logGet(43)) - raft.server.log.force.sync.num = 128 (default)
2019-09-24 02:26:57,124 [pool-297-thread-1] INFO  server.RaftServerConfigKeys (ConfUtils.java:logGet(43)) - raft.server.log.statemachine.data.sync = true (default)
2019-09-24 02:26:57,124 [pool-297-thread-1] INFO  server.RaftServerConfigKeys (ConfUtils.java:logGet(43)) - raft.server.log.statemachine.data.sync.timeout = 10s (default)
2019-09-24 02:26:57,124 [pool-297-thread-1] INFO  server.RaftServerConfigKeys (ConfUtils.java:logGet(43)) - raft.server.log.statemachine.data.sync.timeout.retry = -1 (default)
2019-09-24 02:26:57,124 [pool-297-thread-1] INFO  server.RaftServerConfigKeys (ConfUtils.java:logGet(43)) - raft.server.log.statemachine.data.caching.enabled = true (custom)
2019-09-24 02:26:57,125 [pool-297-thread-1] INFO  segmented.SegmentedRaftLogWorker (SegmentedRaftLogWorker.java:lambda$new$0(132)) - bee6418c-0727-467f-b823-1d4bd6a18942@group-624472136F97-SegmentedRaftLogWorker: flushIndex: setUnconditionally 0 -> -1
2019-09-24 02:26:57,125 [pool-297-thread-1] INFO  server.RaftServerConfigKeys (ConfUtils.java:logGet(43)) - raft.server.snapshot.auto.trigger.enabled = true (custom)
2019-09-24 02:26:57,125 [pool-297-thread-1] INFO  server.RaftServerConfigKeys (ConfUtils.java:logGet(43)) - raft.server.snapshot.auto.trigger.threshold = 10000 (custom)
2019-09-24 02:26:57,125 [pool-297-thread-1] INFO  server.RaftServerConfigKeys (ConfUtils.java:logGet(43)) - raft.server.snapshot.retention.num.files = 5 (custom)
2019-09-24 02:26:57,125 [pool-297-thread-1] INFO  server.RaftServerConfigKeys (ConfUtils.java:logGet(43)) - raft.server.retrycache.expirytime = 600000ms (custom)
2019-09-24 02:26:57,127 [pool-297-thread-1] INFO  impl.RaftServerImpl (RaftServerImpl.java:start(185)) - bee6418c-0727-467f-b823-1d4bd6a18942@group-624472136F97: start as a follower, conf=-1: [bee6418c-0727-467f-b823-1d4bd6a18942:192.168.151.121:38836], old=null
2019-09-24 02:26:57,127 [pool-297-thread-1] INFO  impl.RaftServerImpl (RaftServerImpl.java:setRole(174)) - bee6418c-0727-467f-b823-1d4bd6a18942@group-624472136F97: changes role from      null to FOLLOWER at term 0 for startAsFollower
2019-09-24 02:26:57,128 [pool-297-thread-1] INFO  impl.RoleInfo (RoleInfo.java:updateAndGet(143)) - bee6418c-0727-467f-b823-1d4bd6a18942: start FollowerState
2019-09-24 02:26:57,128 [pool-297-thread-1] INFO  util.JmxRegister (JmxRegister.java:tryRegister(44)) - Successfully registered JMX Bean with object name Ratis:service=RaftServer,group=group-624472136F97,id=bee6418c-0727-467f-b823-1d4bd6a18942
2019-09-24 02:26:57,134 [RatisPipelineUtilsThread] INFO  pipeline.PipelineStateManager (PipelineStateManager.java:addPipeline(56)) - Created pipeline Pipeline[ Id: bf36e443-f928-4a56-aede-624472136f97, Nodes: bee6418c-0727-467f-b823-1d4bd6a18942{ip: 192.168.151.121, host: pr-hdds-2162-tjkd5-3209850126, networkLocation: /rack1, certSerialId: null}, Type:RATIS, Factor:ONE, State:OPEN]
2019-09-24 02:26:57,142 [grpc-default-executor-2] INFO  impl.RaftServerProxy (RaftServerProxy.java:addNew(89)) - 88c7199a-3ab1-4d00-b74d-de8853add08b: addNew group-2D0BC9F18600:[88c7199a-3ab1-4d00-b74d-de8853add08b:192.168.151.121:46371] returns group-2D0BC9F18600:java.util.concurrent.CompletableFuture@300bd290[Not completed]
2019-09-24 02:26:57,143 [pool-307-thread-1] INFO  impl.RaftServerImpl (RaftServerImpl.java:<init>(95)) - 88c7199a-3ab1-4d00-b74d-de8853add08b: new RaftServerImpl for group-2D0BC9F18600:[88c7199a-3ab1-4d00-b74d-de8853add08b:192.168.151.121:46371] with ContainerStateMachine:uninitialized
2019-09-24 02:26:57,144 [pool-307-thread-1] INFO  server.RaftServerConfigKeys (ConfUtils.java:logGet(43)) - raft.server.rpc.timeout.min = 1s (custom)
2019-09-24 02:26:57,144 [pool-307-thread-1] INFO  server.RaftServerConfigKeys (ConfUtils.java:logGet(43)) - raft.server.rpc.timeout.max = 1200ms (custom)
2019-09-24 02:26:57,144 [pool-307-thread-1] INFO  server.RaftServerConfigKeys (ConfUtils.java:logGet(43)) - raft.server.rpcslowness.timeout = 120s (custom)
2019-09-24 02:26:57,144 [pool-307-thread-1] INFO  server.RaftServerConfigKeys (ConfUtils.java:logGet(43)) - raft.server.sleep.deviation.threshold = 300 (default)
2019-09-24 02:26:57,144 [pool-307-thread-1] INFO  server.RaftServerConfigKeys (ConfUtils.java:logGet(43)) - raft.server.log.appender.install.snapshot.enabled = false (custom)
2019-09-24 02:26:57,144 [pool-307-thread-1] INFO  impl.RaftServerImpl (ServerState.java:<init>(103)) - 88c7199a-3ab1-4d00-b74d-de8853add08b@group-2D0BC9F18600: ConfigurationManager, init=-1: [88c7199a-3ab1-4d00-b74d-de8853add08b:192.168.151.121:46371], old=null, confs=<EMPTY_MAP>
2019-09-24 02:26:57,145 [pool-307-thread-1] INFO  server.RaftServerConfigKeys (ConfUtils.java:logGet(43)) - raft.server.storage.dir = [/workdir/hadoop-ozone/integration-test/target/test-dir/MiniOzoneClusterImpl-7938e232-3eaf-47c6-84ae-b0e11761d891/datanode-4/data/ratis] (custom)
2019-09-24 02:26:57,145 [pool-307-thread-1] INFO  storage.RaftStorageDirectory (RaftStorageDirectory.java:analyzeStorage(246)) - The storage directory /workdir/hadoop-ozone/integration-test/target/test-dir/MiniOzoneClusterImpl-7938e232-3eaf-47c6-84ae-b0e11761d891/datanode-4/data/ratis/f99eaac3-bab8-47a2-931f-2d0bc9f18600 does not exist. Creating ...
2019-09-24 02:26:57,157 [IPC Server handler 0 on 38726] INFO  net.NetworkTopology (NetworkTopologyImpl.java:add(111)) - Added a new node: /rack1/d46d7bca-32fd-4d78-a60e-8b14dc904a28
2019-09-24 02:26:57,158 [IPC Server handler 0 on 38726] INFO  node.SCMNodeManager (SCMNodeManager.java:register(266)) - Registered Data node : d46d7bca-32fd-4d78-a60e-8b14dc904a28{ip: 192.168.151.121, host: pr-hdds-2162-tjkd5-3209850126, networkLocation: /rack1, certSerialId: null}
2019-09-24 02:26:57,158 [pool-307-thread-1] INFO  storage.RaftStorageDirectory (RaftStorageDirectory.java:tryLock(328)) - Lock on /workdir/hadoop-ozone/integration-test/target/test-dir/MiniOzoneClusterImpl-7938e232-3eaf-47c6-84ae-b0e11761d891/datanode-4/data/ratis/f99eaac3-bab8-47a2-931f-2d0bc9f18600/in_use.lock acquired by nodename 30927@pr-hdds-2162-tjkd5-3209850126
2019-09-24 02:26:57,171 [pool-307-thread-1] INFO  storage.RaftStorage (RaftStorage.java:format(72)) - Storage directory /workdir/hadoop-ozone/integration-test/target/test-dir/MiniOzoneClusterImpl-7938e232-3eaf-47c6-84ae-b0e11761d891/datanode-4/data/ratis/f99eaac3-bab8-47a2-931f-2d0bc9f18600 has been successfully formatted.
2019-09-24 02:26:57,172 [pool-307-thread-1] INFO  ratis.ContainerStateMachine (ContainerStateMachine.java:loadSnapshot(230)) - group-2D0BC9F18600: The snapshot info is null. Setting the last applied indexto:(t:0, i:~)
2019-09-24 02:26:57,172 [pool-307-thread-1] INFO  server.RaftServerConfigKeys (ConfUtils.java:logGet(43)) - raft.server.notification.no-leader.timeout = 120s (custom)
2019-09-24 02:26:57,172 [pool-307-thread-1] INFO  server.RaftServerConfigKeys (ConfUtils.java:logGet(43)) - raft.server.log.use.memory = false (default)
2019-09-24 02:26:57,172 [pool-307-thread-1] INFO  server.RaftServerConfigKeys (ConfUtils.java:logGet(43)) - raft.server.log.purge.gap = 1000000 (custom)
2019-09-24 02:26:57,172 [pool-307-thread-1] INFO  server.RaftServerConfigKeys (ConfUtils.java:logGet(43)) - raft.server.log.appender.buffer.byte-limit = 33554432 (custom)
2019-09-24 02:26:57,172 [pool-307-thread-1] INFO  server.RaftServerConfigKeys (ConfUtils.java:logGet(43)) - raft.server.log.segment.size.max = 1048576 (custom)
2019-09-24 02:26:57,173 [pool-307-thread-1] INFO  server.RaftServerConfigKeys (ConfUtils.java:logGet(43)) - raft.server.log.segment.cache.num.max = 2 (custom)
2019-09-24 02:26:57,173 [pool-307-thread-1] INFO  segmented.SegmentedRaftLogWorker (SegmentedRaftLogWorker.java:<init>(172)) - new 88c7199a-3ab1-4d00-b74d-de8853add08b@group-2D0BC9F18600-SegmentedRaftLogWorker for RaftStorage:Storage Directory /workdir/hadoop-ozone/integration-test/target/test-dir/MiniOzoneClusterImpl-7938e232-3eaf-47c6-84ae-b0e11761d891/datanode-4/data/ratis/f99eaac3-bab8-47a2-931f-2d0bc9f18600
2019-09-24 02:26:57,175 [pool-307-thread-1] INFO  server.RaftServerConfigKeys (ConfUtils.java:logGet(43)) - raft.server.log.queue.byte-limit = 2147483647 (custom)
2019-09-24 02:26:57,175 [pool-307-thread-1] INFO  server.RaftServerConfigKeys (ConfUtils.java:logGet(43)) - raft.server.log.queue.element-limit = 1024 (custom)
2019-09-24 02:26:57,175 [pool-307-thread-1] INFO  server.RaftServerConfigKeys (ConfUtils.java:logGet(43)) - raft.server.log.segment.size.max = 1048576 (custom)
2019-09-24 02:26:57,175 [pool-307-thread-1] INFO  server.RaftServerConfigKeys (ConfUtils.java:logGet(43)) - raft.server.log.preallocated.size = 16384 (custom)
2019-09-24 02:26:57,175 [pool-307-thread-1] INFO  server.RaftServerConfigKeys (ConfUtils.java:logGet(43)) - raft.server.log.write.buffer.size = 33554432 (custom)
2019-09-24 02:26:57,175 [pool-307-thread-1] INFO  server.RaftServerConfigKeys (ConfUtils.java:logGet(43)) - raft.server.log.force.sync.num = 128 (default)
2019-09-24 02:26:57,176 [pool-307-thread-1] INFO  server.RaftServerConfigKeys (ConfUtils.java:logGet(43)) - raft.server.log.statemachine.data.sync = true (default)
2019-09-24 02:26:57,176 [pool-307-thread-1] INFO  server.RaftServerConfigKeys (ConfUtils.java:logGet(43)) - raft.server.log.statemachine.data.sync.timeout = 10s (default)
2019-09-24 02:26:57,176 [pool-307-thread-1] INFO  server.RaftServerConfigKeys (ConfUtils.java:logGet(43)) - raft.server.log.statemachine.data.sync.timeout.retry = -1 (default)
2019-09-24 02:26:57,176 [pool-307-thread-1] INFO  server.RaftServerConfigKeys (ConfUtils.java:logGet(43)) - raft.server.log.statemachine.data.caching.enabled = true (custom)
2019-09-24 02:26:57,176 [pool-307-thread-1] INFO  segmented.SegmentedRaftLogWorker (SegmentedRaftLogWorker.java:lambda$new$0(132)) - 88c7199a-3ab1-4d00-b74d-de8853add08b@group-2D0BC9F18600-SegmentedRaftLogWorker: flushIndex: setUnconditionally 0 -> -1
2019-09-24 02:26:57,177 [pool-307-thread-1] INFO  server.RaftServerConfigKeys (ConfUtils.java:logGet(43)) - raft.server.snapshot.auto.trigger.enabled = true (custom)
2019-09-24 02:26:57,177 [pool-307-thread-1] INFO  server.RaftServerConfigKeys (ConfUtils.java:logGet(43)) - raft.server.snapshot.auto.trigger.threshold = 10000 (custom)
2019-09-24 02:26:57,177 [pool-307-thread-1] INFO  server.RaftServerConfigKeys (ConfUtils.java:logGet(43)) - raft.server.snapshot.retention.num.files = 5 (custom)
2019-09-24 02:26:57,177 [pool-307-thread-1] INFO  server.RaftServerConfigKeys (ConfUtils.java:logGet(43)) - raft.server.retrycache.expirytime = 600000ms (custom)
2019-09-24 02:26:57,179 [pool-307-thread-1] INFO  impl.RaftServerImpl (RaftServerImpl.java:start(185)) - 88c7199a-3ab1-4d00-b74d-de8853add08b@group-2D0BC9F18600: start as a follower, conf=-1: [88c7199a-3ab1-4d00-b74d-de8853add08b:192.168.151.121:46371], old=null
2019-09-24 02:26:57,179 [pool-307-thread-1] INFO  impl.RaftServerImpl (RaftServerImpl.java:setRole(174)) - 88c7199a-3ab1-4d00-b74d-de8853add08b@group-2D0BC9F18600: changes role from      null to FOLLOWER at term 0 for startAsFollower
2019-09-24 02:26:57,179 [pool-307-thread-1] INFO  impl.RoleInfo (RoleInfo.java:updateAndGet(143)) - 88c7199a-3ab1-4d00-b74d-de8853add08b: start FollowerState
2019-09-24 02:26:57,179 [pool-307-thread-1] INFO  util.JmxRegister (JmxRegister.java:tryRegister(44)) - Successfully registered JMX Bean with object name Ratis:service=RaftServer,group=group-2D0BC9F18600,id=88c7199a-3ab1-4d00-b74d-de8853add08b
2019-09-24 02:26:57,185 [RatisPipelineUtilsThread] INFO  pipeline.PipelineStateManager (PipelineStateManager.java:addPipeline(56)) - Created pipeline Pipeline[ Id: f99eaac3-bab8-47a2-931f-2d0bc9f18600, Nodes: 88c7199a-3ab1-4d00-b74d-de8853add08b{ip: 192.168.151.121, host: pr-hdds-2162-tjkd5-3209850126, networkLocation: /rack1, certSerialId: null}, Type:RATIS, Factor:ONE, State:OPEN]
2019-09-24 02:26:57,195 [grpc-default-executor-2] INFO  impl.RaftServerProxy (RaftServerProxy.java:addNew(89)) - d46d7bca-32fd-4d78-a60e-8b14dc904a28: addNew group-E69EE7D61016:[d46d7bca-32fd-4d78-a60e-8b14dc904a28:192.168.151.121:45016] returns group-E69EE7D61016:java.util.concurrent.CompletableFuture@593505fa[Not completed]
2019-09-24 02:26:57,196 [pool-317-thread-1] INFO  impl.RaftServerImpl (RaftServerImpl.java:<init>(95)) - d46d7bca-32fd-4d78-a60e-8b14dc904a28: new RaftServerImpl for group-E69EE7D61016:[d46d7bca-32fd-4d78-a60e-8b14dc904a28:192.168.151.121:45016] with ContainerStateMachine:uninitialized
2019-09-24 02:26:57,196 [pool-317-thread-1] INFO  server.RaftServerConfigKeys (ConfUtils.java:logGet(43)) - raft.server.rpc.timeout.min = 1s (custom)
2019-09-24 02:26:57,196 [pool-317-thread-1] INFO  server.RaftServerConfigKeys (ConfUtils.java:logGet(43)) - raft.server.rpc.timeout.max = 1200ms (custom)
2019-09-24 02:26:57,197 [pool-317-thread-1] INFO  server.RaftServerConfigKeys (ConfUtils.java:logGet(43)) - raft.server.rpcslowness.timeout = 120s (custom)
2019-09-24 02:26:57,197 [pool-317-thread-1] INFO  server.RaftServerConfigKeys (ConfUtils.java:logGet(43)) - raft.server.sleep.deviation.threshold = 300 (default)
2019-09-24 02:26:57,197 [pool-317-thread-1] INFO  server.RaftServerConfigKeys (ConfUtils.java:logGet(43)) - raft.server.log.appender.install.snapshot.enabled = false (custom)
2019-09-24 02:26:57,197 [pool-317-thread-1] INFO  impl.RaftServerImpl (ServerState.java:<init>(103)) - d46d7bca-32fd-4d78-a60e-8b14dc904a28@group-E69EE7D61016: ConfigurationManager, init=-1: [d46d7bca-32fd-4d78-a60e-8b14dc904a28:192.168.151.121:45016], old=null, confs=<EMPTY_MAP>
2019-09-24 02:26:57,197 [pool-317-thread-1] INFO  server.RaftServerConfigKeys (ConfUtils.java:logGet(43)) - raft.server.storage.dir = [/workdir/hadoop-ozone/integration-test/target/test-dir/MiniOzoneClusterImpl-7938e232-3eaf-47c6-84ae-b0e11761d891/datanode-5/data/ratis] (custom)
2019-09-24 02:26:57,197 [pool-317-thread-1] INFO  storage.RaftStorageDirectory (RaftStorageDirectory.java:analyzeStorage(246)) - The storage directory /workdir/hadoop-ozone/integration-test/target/test-dir/MiniOzoneClusterImpl-7938e232-3eaf-47c6-84ae-b0e11761d891/datanode-5/data/ratis/a6a03ca2-370a-440b-93f1-e69ee7d61016 does not exist. Creating ...
2019-09-24 02:26:57,210 [pool-317-thread-1] INFO  storage.RaftStorageDirectory (RaftStorageDirectory.java:tryLock(328)) - Lock on /workdir/hadoop-ozone/integration-test/target/test-dir/MiniOzoneClusterImpl-7938e232-3eaf-47c6-84ae-b0e11761d891/datanode-5/data/ratis/a6a03ca2-370a-440b-93f1-e69ee7d61016/in_use.lock acquired by nodename 30927@pr-hdds-2162-tjkd5-3209850126
2019-09-24 02:26:57,223 [pool-317-thread-1] INFO  storage.RaftStorage (RaftStorage.java:format(72)) - Storage directory /workdir/hadoop-ozone/integration-test/target/test-dir/MiniOzoneClusterImpl-7938e232-3eaf-47c6-84ae-b0e11761d891/datanode-5/data/ratis/a6a03ca2-370a-440b-93f1-e69ee7d61016 has been successfully formatted.
2019-09-24 02:26:57,223 [pool-317-thread-1] INFO  ratis.ContainerStateMachine (ContainerStateMachine.java:loadSnapshot(230)) - group-E69EE7D61016: The snapshot info is null. Setting the last applied indexto:(t:0, i:~)
2019-09-24 02:26:57,223 [pool-317-thread-1] INFO  server.RaftServerConfigKeys (ConfUtils.java:logGet(43)) - raft.server.notification.no-leader.timeout = 120s (custom)
2019-09-24 02:26:57,223 [pool-317-thread-1] INFO  server.RaftServerConfigKeys (ConfUtils.java:logGet(43)) - raft.server.log.use.memory = false (default)
2019-09-24 02:26:57,223 [pool-317-thread-1] INFO  server.RaftServerConfigKeys (ConfUtils.java:logGet(43)) - raft.server.log.purge.gap = 1000000 (custom)
2019-09-24 02:26:57,224 [pool-317-thread-1] INFO  server.RaftServerConfigKeys (ConfUtils.java:logGet(43)) - raft.server.log.appender.buffer.byte-limit = 33554432 (custom)
2019-09-24 02:26:57,224 [pool-317-thread-1] INFO  server.RaftServerConfigKeys (ConfUtils.java:logGet(43)) - raft.server.log.segment.size.max = 1048576 (custom)
2019-09-24 02:26:57,224 [pool-317-thread-1] INFO  server.RaftServerConfigKeys (ConfUtils.java:logGet(43)) - raft.server.log.segment.cache.num.max = 2 (custom)
2019-09-24 02:26:57,224 [pool-317-thread-1] INFO  segmented.SegmentedRaftLogWorker (SegmentedRaftLogWorker.java:<init>(172)) - new d46d7bca-32fd-4d78-a60e-8b14dc904a28@group-E69EE7D61016-SegmentedRaftLogWorker for RaftStorage:Storage Directory /workdir/hadoop-ozone/integration-test/target/test-dir/MiniOzoneClusterImpl-7938e232-3eaf-47c6-84ae-b0e11761d891/datanode-5/data/ratis/a6a03ca2-370a-440b-93f1-e69ee7d61016
2019-09-24 02:26:57,226 [pool-317-thread-1] INFO  server.RaftServerConfigKeys (ConfUtils.java:logGet(43)) - raft.server.log.queue.byte-limit = 2147483647 (custom)
2019-09-24 02:26:57,226 [pool-317-thread-1] INFO  server.RaftServerConfigKeys (ConfUtils.java:logGet(43)) - raft.server.log.queue.element-limit = 1024 (custom)
2019-09-24 02:26:57,226 [pool-317-thread-1] INFO  server.RaftServerConfigKeys (ConfUtils.java:logGet(43)) - raft.server.log.segment.size.max = 1048576 (custom)
2019-09-24 02:26:57,226 [pool-317-thread-1] INFO  server.RaftServerConfigKeys (ConfUtils.java:logGet(43)) - raft.server.log.preallocated.size = 16384 (custom)
2019-09-24 02:26:57,226 [pool-317-thread-1] INFO  server.RaftServerConfigKeys (ConfUtils.java:logGet(43)) - raft.server.log.write.buffer.size = 33554432 (custom)
2019-09-24 02:26:57,226 [pool-317-thread-1] INFO  server.RaftServerConfigKeys (ConfUtils.java:logGet(43)) - raft.server.log.force.sync.num = 128 (default)
2019-09-24 02:26:57,227 [pool-317-thread-1] INFO  server.RaftServerConfigKeys (ConfUtils.java:logGet(43)) - raft.server.log.statemachine.data.sync = true (default)
2019-09-24 02:26:57,227 [pool-317-thread-1] INFO  server.RaftServerConfigKeys (ConfUtils.java:logGet(43)) - raft.server.log.statemachine.data.sync.timeout = 10s (default)
2019-09-24 02:26:57,227 [pool-317-thread-1] INFO  server.RaftServerConfigKeys (ConfUtils.java:logGet(43)) - raft.server.log.statemachine.data.sync.timeout.retry = -1 (default)
2019-09-24 02:26:57,227 [pool-317-thread-1] INFO  server.RaftServerConfigKeys (ConfUtils.java:logGet(43)) - raft.server.log.statemachine.data.caching.enabled = true (custom)
2019-09-24 02:26:57,227 [IPC Server handler 1 on 38726] INFO  net.NetworkTopology (NetworkTopologyImpl.java:add(111)) - Added a new node: /rack1/7a524267-bdf9-4b04-89b1-b4711f57f83c
2019-09-24 02:26:57,227 [pool-317-thread-1] INFO  segmented.SegmentedRaftLogWorker (SegmentedRaftLogWorker.java:lambda$new$0(132)) - d46d7bca-32fd-4d78-a60e-8b14dc904a28@group-E69EE7D61016-SegmentedRaftLogWorker: flushIndex: setUnconditionally 0 -> -1
2019-09-24 02:26:57,227 [IPC Server handler 1 on 38726] INFO  node.SCMNodeManager (SCMNodeManager.java:register(266)) - Registered Data node : 7a524267-bdf9-4b04-89b1-b4711f57f83c{ip: 192.168.151.121, host: pr-hdds-2162-tjkd5-3209850126, networkLocation: /rack1, certSerialId: null}
2019-09-24 02:26:57,228 [pool-317-thread-1] INFO  server.RaftServerConfigKeys (ConfUtils.java:logGet(43)) - raft.server.snapshot.auto.trigger.enabled = true (custom)
2019-09-24 02:26:57,228 [pool-317-thread-1] INFO  server.RaftServerConfigKeys (ConfUtils.java:logGet(43)) - raft.server.snapshot.auto.trigger.threshold = 10000 (custom)
2019-09-24 02:26:57,228 [pool-317-thread-1] INFO  server.RaftServerConfigKeys (ConfUtils.java:logGet(43)) - raft.server.snapshot.retention.num.files = 5 (custom)
2019-09-24 02:26:57,228 [pool-317-thread-1] INFO  server.RaftServerConfigKeys (ConfUtils.java:logGet(43)) - raft.server.retrycache.expirytime = 600000ms (custom)
2019-09-24 02:26:57,230 [pool-317-thread-1] INFO  impl.RaftServerImpl (RaftServerImpl.java:start(185)) - d46d7bca-32fd-4d78-a60e-8b14dc904a28@group-E69EE7D61016: start as a follower, conf=-1: [d46d7bca-32fd-4d78-a60e-8b14dc904a28:192.168.151.121:45016], old=null
2019-09-24 02:26:57,230 [pool-317-thread-1] INFO  impl.RaftServerImpl (RaftServerImpl.java:setRole(174)) - d46d7bca-32fd-4d78-a60e-8b14dc904a28@group-E69EE7D61016: changes role from      null to FOLLOWER at term 0 for startAsFollower
2019-09-24 02:26:57,230 [pool-317-thread-1] INFO  impl.RoleInfo (RoleInfo.java:updateAndGet(143)) - d46d7bca-32fd-4d78-a60e-8b14dc904a28: start FollowerState
2019-09-24 02:26:57,230 [pool-317-thread-1] INFO  util.JmxRegister (JmxRegister.java:tryRegister(44)) - Successfully registered JMX Bean with object name Ratis:service=RaftServer,group=group-E69EE7D61016,id=d46d7bca-32fd-4d78-a60e-8b14dc904a28
2019-09-24 02:26:57,236 [RatisPipelineUtilsThread] INFO  pipeline.PipelineStateManager (PipelineStateManager.java:addPipeline(56)) - Created pipeline Pipeline[ Id: a6a03ca2-370a-440b-93f1-e69ee7d61016, Nodes: d46d7bca-32fd-4d78-a60e-8b14dc904a28{ip: 192.168.151.121, host: pr-hdds-2162-tjkd5-3209850126, networkLocation: /rack1, certSerialId: null}, Type:RATIS, Factor:ONE, State:OPEN]
2019-09-24 02:26:57,245 [grpc-default-executor-2] INFO  impl.RaftServerProxy (RaftServerProxy.java:addNew(89)) - 7a524267-bdf9-4b04-89b1-b4711f57f83c: addNew group-A46F3D2F1624:[7a524267-bdf9-4b04-89b1-b4711f57f83c:192.168.151.121:33766] returns group-A46F3D2F1624:java.util.concurrent.CompletableFuture@2a043900[Not completed]
2019-09-24 02:26:57,246 [pool-327-thread-1] INFO  impl.RaftServerImpl (RaftServerImpl.java:<init>(95)) - 7a524267-bdf9-4b04-89b1-b4711f57f83c: new RaftServerImpl for group-A46F3D2F1624:[7a524267-bdf9-4b04-89b1-b4711f57f83c:192.168.151.121:33766] with ContainerStateMachine:uninitialized
2019-09-24 02:26:57,246 [pool-327-thread-1] INFO  server.RaftServerConfigKeys (ConfUtils.java:logGet(43)) - raft.server.rpc.timeout.min = 1s (custom)
2019-09-24 02:26:57,246 [pool-327-thread-1] INFO  server.RaftServerConfigKeys (ConfUtils.java:logGet(43)) - raft.server.rpc.timeout.max = 1200ms (custom)
2019-09-24 02:26:57,246 [pool-327-thread-1] INFO  server.RaftServerConfigKeys (ConfUtils.java:logGet(43)) - raft.server.rpcslowness.timeout = 120s (custom)
2019-09-24 02:26:57,246 [pool-327-thread-1] INFO  server.RaftServerConfigKeys (ConfUtils.java:logGet(43)) - raft.server.sleep.deviation.threshold = 300 (default)
2019-09-24 02:26:57,246 [pool-327-thread-1] INFO  server.RaftServerConfigKeys (ConfUtils.java:logGet(43)) - raft.server.log.appender.install.snapshot.enabled = false (custom)
2019-09-24 02:26:57,247 [pool-327-thread-1] INFO  impl.RaftServerImpl (ServerState.java:<init>(103)) - 7a524267-bdf9-4b04-89b1-b4711f57f83c@group-A46F3D2F1624: ConfigurationManager, init=-1: [7a524267-bdf9-4b04-89b1-b4711f57f83c:192.168.151.121:33766], old=null, confs=<EMPTY_MAP>
2019-09-24 02:26:57,247 [pool-327-thread-1] INFO  server.RaftServerConfigKeys (ConfUtils.java:logGet(43)) - raft.server.storage.dir = [/workdir/hadoop-ozone/integration-test/target/test-dir/MiniOzoneClusterImpl-7938e232-3eaf-47c6-84ae-b0e11761d891/datanode-6/data/ratis] (custom)
2019-09-24 02:26:57,247 [pool-327-thread-1] INFO  storage.RaftStorageDirectory (RaftStorageDirectory.java:analyzeStorage(246)) - The storage directory /workdir/hadoop-ozone/integration-test/target/test-dir/MiniOzoneClusterImpl-7938e232-3eaf-47c6-84ae-b0e11761d891/datanode-6/data/ratis/4bb56a72-91d1-4df4-8c33-a46f3d2f1624 does not exist. Creating ...
2019-09-24 02:26:57,260 [pool-327-thread-1] INFO  storage.RaftStorageDirectory (RaftStorageDirectory.java:tryLock(328)) - Lock on /workdir/hadoop-ozone/integration-test/target/test-dir/MiniOzoneClusterImpl-7938e232-3eaf-47c6-84ae-b0e11761d891/datanode-6/data/ratis/4bb56a72-91d1-4df4-8c33-a46f3d2f1624/in_use.lock acquired by nodename 30927@pr-hdds-2162-tjkd5-3209850126
2019-09-24 02:26:57,273 [pool-327-thread-1] INFO  storage.RaftStorage (RaftStorage.java:format(72)) - Storage directory /workdir/hadoop-ozone/integration-test/target/test-dir/MiniOzoneClusterImpl-7938e232-3eaf-47c6-84ae-b0e11761d891/datanode-6/data/ratis/4bb56a72-91d1-4df4-8c33-a46f3d2f1624 has been successfully formatted.
2019-09-24 02:26:57,273 [pool-327-thread-1] INFO  ratis.ContainerStateMachine (ContainerStateMachine.java:loadSnapshot(230)) - group-A46F3D2F1624: The snapshot info is null. Setting the last applied indexto:(t:0, i:~)
2019-09-24 02:26:57,273 [pool-327-thread-1] INFO  server.RaftServerConfigKeys (ConfUtils.java:logGet(43)) - raft.server.notification.no-leader.timeout = 120s (custom)
2019-09-24 02:26:57,273 [pool-327-thread-1] INFO  server.RaftServerConfigKeys (ConfUtils.java:logGet(43)) - raft.server.log.use.memory = false (default)
2019-09-24 02:26:57,274 [pool-327-thread-1] INFO  server.RaftServerConfigKeys (ConfUtils.java:logGet(43)) - raft.server.log.purge.gap = 1000000 (custom)
2019-09-24 02:26:57,274 [pool-327-thread-1] INFO  server.RaftServerConfigKeys (ConfUtils.java:logGet(43)) - raft.server.log.appender.buffer.byte-limit = 33554432 (custom)
2019-09-24 02:26:57,274 [pool-327-thread-1] INFO  server.RaftServerConfigKeys (ConfUtils.java:logGet(43)) - raft.server.log.segment.size.max = 1048576 (custom)
2019-09-24 02:26:57,274 [pool-327-thread-1] INFO  server.RaftServerConfigKeys (ConfUtils.java:logGet(43)) - raft.server.log.segment.cache.num.max = 2 (custom)
2019-09-24 02:26:57,274 [pool-327-thread-1] INFO  segmented.SegmentedRaftLogWorker (SegmentedRaftLogWorker.java:<init>(172)) - new 7a524267-bdf9-4b04-89b1-b4711f57f83c@group-A46F3D2F1624-SegmentedRaftLogWorker for RaftStorage:Storage Directory /workdir/hadoop-ozone/integration-test/target/test-dir/MiniOzoneClusterImpl-7938e232-3eaf-47c6-84ae-b0e11761d891/datanode-6/data/ratis/4bb56a72-91d1-4df4-8c33-a46f3d2f1624
2019-09-24 02:26:57,276 [pool-327-thread-1] INFO  server.RaftServerConfigKeys (ConfUtils.java:logGet(43)) - raft.server.log.queue.byte-limit = 2147483647 (custom)
2019-09-24 02:26:57,276 [pool-327-thread-1] INFO  server.RaftServerConfigKeys (ConfUtils.java:logGet(43)) - raft.server.log.queue.element-limit = 1024 (custom)
2019-09-24 02:26:57,276 [pool-327-thread-1] INFO  server.RaftServerConfigKeys (ConfUtils.java:logGet(43)) - raft.server.log.segment.size.max = 1048576 (custom)
2019-09-24 02:26:57,276 [pool-327-thread-1] INFO  server.RaftServerConfigKeys (ConfUtils.java:logGet(43)) - raft.server.log.preallocated.size = 16384 (custom)
2019-09-24 02:26:57,276 [pool-327-thread-1] INFO  server.RaftServerConfigKeys (ConfUtils.java:logGet(43)) - raft.server.log.write.buffer.size = 33554432 (custom)
2019-09-24 02:26:57,276 [pool-327-thread-1] INFO  server.RaftServerConfigKeys (ConfUtils.java:logGet(43)) - raft.server.log.force.sync.num = 128 (default)
2019-09-24 02:26:57,276 [pool-327-thread-1] INFO  server.RaftServerConfigKeys (ConfUtils.java:logGet(43)) - raft.server.log.statemachine.data.sync = true (default)
2019-09-24 02:26:57,277 [pool-327-thread-1] INFO  server.RaftServerConfigKeys (ConfUtils.java:logGet(43)) - raft.server.log.statemachine.data.sync.timeout = 10s (default)
2019-09-24 02:26:57,277 [pool-327-thread-1] INFO  server.RaftServerConfigKeys (ConfUtils.java:logGet(43)) - raft.server.log.statemachine.data.sync.timeout.retry = -1 (default)
2019-09-24 02:26:57,277 [pool-327-thread-1] INFO  server.RaftServerConfigKeys (ConfUtils.java:logGet(43)) - raft.server.log.statemachine.data.caching.enabled = true (custom)
2019-09-24 02:26:57,277 [pool-327-thread-1] INFO  segmented.SegmentedRaftLogWorker (SegmentedRaftLogWorker.java:lambda$new$0(132)) - 7a524267-bdf9-4b04-89b1-b4711f57f83c@group-A46F3D2F1624-SegmentedRaftLogWorker: flushIndex: setUnconditionally 0 -> -1
2019-09-24 02:26:57,278 [pool-327-thread-1] INFO  server.RaftServerConfigKeys (ConfUtils.java:logGet(43)) - raft.server.snapshot.auto.trigger.enabled = true (custom)
2019-09-24 02:26:57,278 [pool-327-thread-1] INFO  server.RaftServerConfigKeys (ConfUtils.java:logGet(43)) - raft.server.snapshot.auto.trigger.threshold = 10000 (custom)
2019-09-24 02:26:57,278 [pool-327-thread-1] INFO  server.RaftServerConfigKeys (ConfUtils.java:logGet(43)) - raft.server.snapshot.retention.num.files = 5 (custom)
2019-09-24 02:26:57,278 [pool-327-thread-1] INFO  server.RaftServerConfigKeys (ConfUtils.java:logGet(43)) - raft.server.retrycache.expirytime = 600000ms (custom)
2019-09-24 02:26:57,280 [pool-327-thread-1] INFO  impl.RaftServerImpl (RaftServerImpl.java:start(185)) - 7a524267-bdf9-4b04-89b1-b4711f57f83c@group-A46F3D2F1624: start as a follower, conf=-1: [7a524267-bdf9-4b04-89b1-b4711f57f83c:192.168.151.121:33766], old=null
2019-09-24 02:26:57,280 [pool-327-thread-1] INFO  impl.RaftServerImpl (RaftServerImpl.java:setRole(174)) - 7a524267-bdf9-4b04-89b1-b4711f57f83c@group-A46F3D2F1624: changes role from      null to FOLLOWER at term 0 for startAsFollower
2019-09-24 02:26:57,280 [pool-327-thread-1] INFO  impl.RoleInfo (RoleInfo.java:updateAndGet(143)) - 7a524267-bdf9-4b04-89b1-b4711f57f83c: start FollowerState
2019-09-24 02:26:57,280 [pool-327-thread-1] INFO  util.JmxRegister (JmxRegister.java:tryRegister(44)) - Successfully registered JMX Bean with object name Ratis:service=RaftServer,group=group-A46F3D2F1624,id=7a524267-bdf9-4b04-89b1-b4711f57f83c
2019-09-24 02:26:57,287 [RatisPipelineUtilsThread] INFO  pipeline.PipelineStateManager (PipelineStateManager.java:addPipeline(56)) - Created pipeline Pipeline[ Id: 4bb56a72-91d1-4df4-8c33-a46f3d2f1624, Nodes: 7a524267-bdf9-4b04-89b1-b4711f57f83c{ip: 192.168.151.121, host: pr-hdds-2162-tjkd5-3209850126, networkLocation: /rack1, certSerialId: null}, Type:RATIS, Factor:ONE, State:OPEN]
2019-09-24 02:26:57,303 [grpc-default-executor-1] INFO  impl.RaftServerProxy (RaftServerProxy.java:addNew(89)) - 7a524267-bdf9-4b04-89b1-b4711f57f83c: addNew group-0FD3F1957632:[d46d7bca-32fd-4d78-a60e-8b14dc904a28:192.168.151.121:45016, bee6418c-0727-467f-b823-1d4bd6a18942:192.168.151.121:38836, 7a524267-bdf9-4b04-89b1-b4711f57f83c:192.168.151.121:33766] returns group-0FD3F1957632:java.util.concurrent.CompletableFuture@48964f9b[Not completed]
2019-09-24 02:26:57,303 [grpc-default-executor-2] INFO  impl.RaftServerProxy (RaftServerProxy.java:addNew(89)) - d46d7bca-32fd-4d78-a60e-8b14dc904a28: addNew group-0FD3F1957632:[d46d7bca-32fd-4d78-a60e-8b14dc904a28:192.168.151.121:45016, bee6418c-0727-467f-b823-1d4bd6a18942:192.168.151.121:38836, 7a524267-bdf9-4b04-89b1-b4711f57f83c:192.168.151.121:33766] returns group-0FD3F1957632:java.util.concurrent.CompletableFuture@4a22073f[Not completed]
2019-09-24 02:26:57,303 [grpc-default-executor-0] INFO  impl.RaftServerProxy (RaftServerProxy.java:addNew(89)) - bee6418c-0727-467f-b823-1d4bd6a18942: addNew group-0FD3F1957632:[d46d7bca-32fd-4d78-a60e-8b14dc904a28:192.168.151.121:45016, bee6418c-0727-467f-b823-1d4bd6a18942:192.168.151.121:38836, 7a524267-bdf9-4b04-89b1-b4711f57f83c:192.168.151.121:33766] returns group-0FD3F1957632:java.util.concurrent.CompletableFuture@249dd3c5[Not completed]
2019-09-24 02:26:57,305 [pool-327-thread-1] INFO  impl.RaftServerImpl (RaftServerImpl.java:<init>(95)) - 7a524267-bdf9-4b04-89b1-b4711f57f83c: new RaftServerImpl for group-0FD3F1957632:[d46d7bca-32fd-4d78-a60e-8b14dc904a28:192.168.151.121:45016, bee6418c-0727-467f-b823-1d4bd6a18942:192.168.151.121:38836, 7a524267-bdf9-4b04-89b1-b4711f57f83c:192.168.151.121:33766] with ContainerStateMachine:uninitialized
2019-09-24 02:26:57,305 [pool-327-thread-1] INFO  server.RaftServerConfigKeys (ConfUtils.java:logGet(43)) - raft.server.rpc.timeout.min = 1s (custom)
2019-09-24 02:26:57,305 [pool-327-thread-1] INFO  server.RaftServerConfigKeys (ConfUtils.java:logGet(43)) - raft.server.rpc.timeout.max = 1200ms (custom)
2019-09-24 02:26:57,305 [pool-327-thread-1] INFO  server.RaftServerConfigKeys (ConfUtils.java:logGet(43)) - raft.server.rpcslowness.timeout = 120s (custom)
2019-09-24 02:26:57,305 [pool-327-thread-1] INFO  server.RaftServerConfigKeys (ConfUtils.java:logGet(43)) - raft.server.sleep.deviation.threshold = 300 (default)
2019-09-24 02:26:57,305 [pool-327-thread-1] INFO  server.RaftServerConfigKeys (ConfUtils.java:logGet(43)) - raft.server.log.appender.install.snapshot.enabled = false (custom)
2019-09-24 02:26:57,305 [pool-327-thread-1] INFO  impl.RaftServerImpl (ServerState.java:<init>(103)) - 7a524267-bdf9-4b04-89b1-b4711f57f83c@group-0FD3F1957632: ConfigurationManager, init=-1: [d46d7bca-32fd-4d78-a60e-8b14dc904a28:192.168.151.121:45016, bee6418c-0727-467f-b823-1d4bd6a18942:192.168.151.121:38836, 7a524267-bdf9-4b04-89b1-b4711f57f83c:192.168.151.121:33766], old=null, confs=<EMPTY_MAP>
2019-09-24 02:26:57,305 [pool-297-thread-1] INFO  impl.RaftServerImpl (RaftServerImpl.java:<init>(95)) - bee6418c-0727-467f-b823-1d4bd6a18942: new RaftServerImpl for group-0FD3F1957632:[d46d7bca-32fd-4d78-a60e-8b14dc904a28:192.168.151.121:45016, bee6418c-0727-467f-b823-1d4bd6a18942:192.168.151.121:38836, 7a524267-bdf9-4b04-89b1-b4711f57f83c:192.168.151.121:33766] with ContainerStateMachine:uninitialized
2019-09-24 02:26:57,305 [pool-327-thread-1] INFO  server.RaftServerConfigKeys (ConfUtils.java:logGet(43)) - raft.server.storage.dir = [/workdir/hadoop-ozone/integration-test/target/test-dir/MiniOzoneClusterImpl-7938e232-3eaf-47c6-84ae-b0e11761d891/datanode-6/data/ratis] (custom)
2019-09-24 02:26:57,306 [pool-297-thread-1] INFO  server.RaftServerConfigKeys (ConfUtils.java:logGet(43)) - raft.server.rpc.timeout.min = 1s (custom)
2019-09-24 02:26:57,306 [pool-297-thread-1] INFO  server.RaftServerConfigKeys (ConfUtils.java:logGet(43)) - raft.server.rpc.timeout.max = 1200ms (custom)
2019-09-24 02:26:57,306 [pool-327-thread-1] INFO  storage.RaftStorageDirectory (RaftStorageDirectory.java:analyzeStorage(246)) - The storage directory /workdir/hadoop-ozone/integration-test/target/test-dir/MiniOzoneClusterImpl-7938e232-3eaf-47c6-84ae-b0e11761d891/datanode-6/data/ratis/07ad298a-14f0-4833-bd8f-0fd3f1957632 does not exist. Creating ...
2019-09-24 02:26:57,306 [pool-297-thread-1] INFO  server.RaftServerConfigKeys (ConfUtils.java:logGet(43)) - raft.server.rpcslowness.timeout = 120s (custom)
2019-09-24 02:26:57,306 [pool-317-thread-1] INFO  impl.RaftServerImpl (RaftServerImpl.java:<init>(95)) - d46d7bca-32fd-4d78-a60e-8b14dc904a28: new RaftServerImpl for group-0FD3F1957632:[d46d7bca-32fd-4d78-a60e-8b14dc904a28:192.168.151.121:45016, bee6418c-0727-467f-b823-1d4bd6a18942:192.168.151.121:38836, 7a524267-bdf9-4b04-89b1-b4711f57f83c:192.168.151.121:33766] with ContainerStateMachine:uninitialized
2019-09-24 02:26:57,306 [pool-297-thread-1] INFO  server.RaftServerConfigKeys (ConfUtils.java:logGet(43)) - raft.server.sleep.deviation.threshold = 300 (default)
2019-09-24 02:26:57,307 [pool-317-thread-1] INFO  server.RaftServerConfigKeys (ConfUtils.java:logGet(43)) - raft.server.rpc.timeout.min = 1s (custom)
2019-09-24 02:26:57,307 [IPC Server handler 2 on 38726] INFO  net.NetworkTopology (NetworkTopologyImpl.java:add(111)) - Added a new node: /rack1/c1f213cf-52f9-46af-9dd6-cbe0bbbf4493
2019-09-24 02:26:57,307 [pool-297-thread-1] INFO  server.RaftServerConfigKeys (ConfUtils.java:logGet(43)) - raft.server.log.appender.install.snapshot.enabled = false (custom)
2019-09-24 02:26:57,307 [IPC Server handler 2 on 38726] INFO  node.SCMNodeManager (SCMNodeManager.java:register(266)) - Registered Data node : c1f213cf-52f9-46af-9dd6-cbe0bbbf4493{ip: 192.168.151.121, host: pr-hdds-2162-tjkd5-3209850126, networkLocation: /rack1, certSerialId: null}
2019-09-24 02:26:57,307 [pool-317-thread-1] INFO  server.RaftServerConfigKeys (ConfUtils.java:logGet(43)) - raft.server.rpc.timeout.max = 1200ms (custom)
2019-09-24 02:26:57,307 [pool-297-thread-1] INFO  impl.RaftServerImpl (ServerState.java:<init>(103)) - bee6418c-0727-467f-b823-1d4bd6a18942@group-0FD3F1957632: ConfigurationManager, init=-1: [d46d7bca-32fd-4d78-a60e-8b14dc904a28:192.168.151.121:45016, bee6418c-0727-467f-b823-1d4bd6a18942:192.168.151.121:38836, 7a524267-bdf9-4b04-89b1-b4711f57f83c:192.168.151.121:33766], old=null, confs=<EMPTY_MAP>
2019-09-24 02:26:57,308 [pool-317-thread-1] INFO  server.RaftServerConfigKeys (ConfUtils.java:logGet(43)) - raft.server.rpcslowness.timeout = 120s (custom)
2019-09-24 02:26:57,308 [pool-297-thread-1] INFO  server.RaftServerConfigKeys (ConfUtils.java:logGet(43)) - raft.server.storage.dir = [/workdir/hadoop-ozone/integration-test/target/test-dir/MiniOzoneClusterImpl-7938e232-3eaf-47c6-84ae-b0e11761d891/datanode-3/data/ratis] (custom)
2019-09-24 02:26:57,308 [pool-317-thread-1] INFO  server.RaftServerConfigKeys (ConfUtils.java:logGet(43)) - raft.server.sleep.deviation.threshold = 300 (default)
2019-09-24 02:26:57,308 [pool-317-thread-1] INFO  server.RaftServerConfigKeys (ConfUtils.java:logGet(43)) - raft.server.log.appender.install.snapshot.enabled = false (custom)
2019-09-24 02:26:57,308 [pool-297-thread-1] INFO  storage.RaftStorageDirectory (RaftStorageDirectory.java:analyzeStorage(246)) - The storage directory /workdir/hadoop-ozone/integration-test/target/test-dir/MiniOzoneClusterImpl-7938e232-3eaf-47c6-84ae-b0e11761d891/datanode-3/data/ratis/07ad298a-14f0-4833-bd8f-0fd3f1957632 does not exist. Creating ...
2019-09-24 02:26:57,309 [pool-317-thread-1] INFO  impl.RaftServerImpl (ServerState.java:<init>(103)) - d46d7bca-32fd-4d78-a60e-8b14dc904a28@group-0FD3F1957632: ConfigurationManager, init=-1: [d46d7bca-32fd-4d78-a60e-8b14dc904a28:192.168.151.121:45016, bee6418c-0727-467f-b823-1d4bd6a18942:192.168.151.121:38836, 7a524267-bdf9-4b04-89b1-b4711f57f83c:192.168.151.121:33766], old=null, confs=<EMPTY_MAP>
2019-09-24 02:26:57,309 [pool-317-thread-1] INFO  server.RaftServerConfigKeys (ConfUtils.java:logGet(43)) - raft.server.storage.dir = [/workdir/hadoop-ozone/integration-test/target/test-dir/MiniOzoneClusterImpl-7938e232-3eaf-47c6-84ae-b0e11761d891/datanode-5/data/ratis] (custom)
2019-09-24 02:26:57,309 [pool-317-thread-1] INFO  storage.RaftStorageDirectory (RaftStorageDirectory.java:analyzeStorage(246)) - The storage directory /workdir/hadoop-ozone/integration-test/target/test-dir/MiniOzoneClusterImpl-7938e232-3eaf-47c6-84ae-b0e11761d891/datanode-5/data/ratis/07ad298a-14f0-4833-bd8f-0fd3f1957632 does not exist. Creating ...
2019-09-24 02:26:57,319 [pool-327-thread-1] INFO  storage.RaftStorageDirectory (RaftStorageDirectory.java:tryLock(328)) - Lock on /workdir/hadoop-ozone/integration-test/target/test-dir/MiniOzoneClusterImpl-7938e232-3eaf-47c6-84ae-b0e11761d891/datanode-6/data/ratis/07ad298a-14f0-4833-bd8f-0fd3f1957632/in_use.lock acquired by nodename 30927@pr-hdds-2162-tjkd5-3209850126
2019-09-24 02:26:57,319 [pool-297-thread-1] INFO  storage.RaftStorageDirectory (RaftStorageDirectory.java:tryLock(328)) - Lock on /workdir/hadoop-ozone/integration-test/target/test-dir/MiniOzoneClusterImpl-7938e232-3eaf-47c6-84ae-b0e11761d891/datanode-3/data/ratis/07ad298a-14f0-4833-bd8f-0fd3f1957632/in_use.lock acquired by nodename 30927@pr-hdds-2162-tjkd5-3209850126
2019-09-24 02:26:57,319 [pool-317-thread-1] INFO  storage.RaftStorageDirectory (RaftStorageDirectory.java:tryLock(328)) - Lock on /workdir/hadoop-ozone/integration-test/target/test-dir/MiniOzoneClusterImpl-7938e232-3eaf-47c6-84ae-b0e11761d891/datanode-5/data/ratis/07ad298a-14f0-4833-bd8f-0fd3f1957632/in_use.lock acquired by nodename 30927@pr-hdds-2162-tjkd5-3209850126
2019-09-24 02:26:57,333 [pool-297-thread-1] INFO  storage.RaftStorage (RaftStorage.java:format(72)) - Storage directory /workdir/hadoop-ozone/integration-test/target/test-dir/MiniOzoneClusterImpl-7938e232-3eaf-47c6-84ae-b0e11761d891/datanode-3/data/ratis/07ad298a-14f0-4833-bd8f-0fd3f1957632 has been successfully formatted.
2019-09-24 02:26:57,333 [pool-317-thread-1] INFO  storage.RaftStorage (RaftStorage.java:format(72)) - Storage directory /workdir/hadoop-ozone/integration-test/target/test-dir/MiniOzoneClusterImpl-7938e232-3eaf-47c6-84ae-b0e11761d891/datanode-5/data/ratis/07ad298a-14f0-4833-bd8f-0fd3f1957632 has been successfully formatted.
2019-09-24 02:26:57,333 [pool-327-thread-1] INFO  storage.RaftStorage (RaftStorage.java:format(72)) - Storage directory /workdir/hadoop-ozone/integration-test/target/test-dir/MiniOzoneClusterImpl-7938e232-3eaf-47c6-84ae-b0e11761d891/datanode-6/data/ratis/07ad298a-14f0-4833-bd8f-0fd3f1957632 has been successfully formatted.
2019-09-24 02:26:57,334 [pool-317-thread-1] INFO  ratis.ContainerStateMachine (ContainerStateMachine.java:loadSnapshot(230)) - group-0FD3F1957632: The snapshot info is null. Setting the last applied indexto:(t:0, i:~)
2019-09-24 02:26:57,333 [pool-297-thread-1] INFO  ratis.ContainerStateMachine (ContainerStateMachine.java:loadSnapshot(230)) - group-0FD3F1957632: The snapshot info is null. Setting the last applied indexto:(t:0, i:~)
2019-09-24 02:26:57,334 [pool-317-thread-1] INFO  server.RaftServerConfigKeys (ConfUtils.java:logGet(43)) - raft.server.notification.no-leader.timeout = 120s (custom)
2019-09-24 02:26:57,334 [pool-327-thread-1] INFO  ratis.ContainerStateMachine (ContainerStateMachine.java:loadSnapshot(230)) - group-0FD3F1957632: The snapshot info is null. Setting the last applied indexto:(t:0, i:~)
2019-09-24 02:26:57,334 [pool-317-thread-1] INFO  server.RaftServerConfigKeys (ConfUtils.java:logGet(43)) - raft.server.log.use.memory = false (default)
2019-09-24 02:26:57,334 [pool-297-thread-1] INFO  server.RaftServerConfigKeys (ConfUtils.java:logGet(43)) - raft.server.notification.no-leader.timeout = 120s (custom)
2019-09-24 02:26:57,334 [pool-317-thread-1] INFO  server.RaftServerConfigKeys (ConfUtils.java:logGet(43)) - raft.server.log.purge.gap = 1000000 (custom)
2019-09-24 02:26:57,334 [pool-327-thread-1] INFO  server.RaftServerConfigKeys (ConfUtils.java:logGet(43)) - raft.server.notification.no-leader.timeout = 120s (custom)
2019-09-24 02:26:57,335 [pool-317-thread-1] INFO  server.RaftServerConfigKeys (ConfUtils.java:logGet(43)) - raft.server.log.appender.buffer.byte-limit = 33554432 (custom)
2019-09-24 02:26:57,334 [pool-297-thread-1] INFO  server.RaftServerConfigKeys (ConfUtils.java:logGet(43)) - raft.server.log.use.memory = false (default)
2019-09-24 02:26:57,335 [pool-317-thread-1] INFO  server.RaftServerConfigKeys (ConfUtils.java:logGet(43)) - raft.server.log.segment.size.max = 1048576 (custom)
2019-09-24 02:26:57,335 [pool-327-thread-1] INFO  server.RaftServerConfigKeys (ConfUtils.java:logGet(43)) - raft.server.log.use.memory = false (default)
2019-09-24 02:26:57,335 [pool-317-thread-1] INFO  server.RaftServerConfigKeys (ConfUtils.java:logGet(43)) - raft.server.log.segment.cache.num.max = 2 (custom)
2019-09-24 02:26:57,335 [pool-297-thread-1] INFO  server.RaftServerConfigKeys (ConfUtils.java:logGet(43)) - raft.server.log.purge.gap = 1000000 (custom)
2019-09-24 02:26:57,335 [pool-317-thread-1] INFO  segmented.SegmentedRaftLogWorker (SegmentedRaftLogWorker.java:<init>(172)) - new d46d7bca-32fd-4d78-a60e-8b14dc904a28@group-0FD3F1957632-SegmentedRaftLogWorker for RaftStorage:Storage Directory /workdir/hadoop-ozone/integration-test/target/test-dir/MiniOzoneClusterImpl-7938e232-3eaf-47c6-84ae-b0e11761d891/datanode-5/data/ratis/07ad298a-14f0-4833-bd8f-0fd3f1957632
2019-09-24 02:26:57,335 [pool-327-thread-1] INFO  server.RaftServerConfigKeys (ConfUtils.java:logGet(43)) - raft.server.log.purge.gap = 1000000 (custom)
2019-09-24 02:26:57,336 [pool-317-thread-1] INFO  server.RaftServerConfigKeys (ConfUtils.java:logGet(43)) - raft.server.log.queue.byte-limit = 2147483647 (custom)
2019-09-24 02:26:57,335 [pool-297-thread-1] INFO  server.RaftServerConfigKeys (ConfUtils.java:logGet(43)) - raft.server.log.appender.buffer.byte-limit = 33554432 (custom)
2019-09-24 02:26:57,336 [pool-317-thread-1] INFO  server.RaftServerConfigKeys (ConfUtils.java:logGet(43)) - raft.server.log.queue.element-limit = 1024 (custom)
2019-09-24 02:26:57,336 [pool-327-thread-1] INFO  server.RaftServerConfigKeys (ConfUtils.java:logGet(43)) - raft.server.log.appender.buffer.byte-limit = 33554432 (custom)
2019-09-24 02:26:57,336 [pool-317-thread-1] INFO  server.RaftServerConfigKeys (ConfUtils.java:logGet(43)) - raft.server.log.segment.size.max = 1048576 (custom)
2019-09-24 02:26:57,336 [pool-297-thread-1] INFO  server.RaftServerConfigKeys (ConfUtils.java:logGet(43)) - raft.server.log.segment.size.max = 1048576 (custom)
2019-09-24 02:26:57,336 [pool-317-thread-1] INFO  server.RaftServerConfigKeys (ConfUtils.java:logGet(43)) - raft.server.log.preallocated.size = 16384 (custom)
2019-09-24 02:26:57,336 [pool-327-thread-1] INFO  server.RaftServerConfigKeys (ConfUtils.java:logGet(43)) - raft.server.log.segment.size.max = 1048576 (custom)
2019-09-24 02:26:57,337 [pool-317-thread-1] INFO  server.RaftServerConfigKeys (ConfUtils.java:logGet(43)) - raft.server.log.write.buffer.size = 33554432 (custom)
2019-09-24 02:26:57,336 [pool-297-thread-1] INFO  server.RaftServerConfigKeys (ConfUtils.java:logGet(43)) - raft.server.log.segment.cache.num.max = 2 (custom)
2019-09-24 02:26:57,337 [pool-317-thread-1] INFO  server.RaftServerConfigKeys (ConfUtils.java:logGet(43)) - raft.server.log.force.sync.num = 128 (default)
2019-09-24 02:26:57,337 [pool-327-thread-1] INFO  server.RaftServerConfigKeys (ConfUtils.java:logGet(43)) - raft.server.log.segment.cache.num.max = 2 (custom)
2019-09-24 02:26:57,337 [pool-317-thread-1] INFO  server.RaftServerConfigKeys (ConfUtils.java:logGet(43)) - raft.server.log.statemachine.data.sync = true (default)
2019-09-24 02:26:57,337 [pool-297-thread-1] INFO  segmented.SegmentedRaftLogWorker (SegmentedRaftLogWorker.java:<init>(172)) - new bee6418c-0727-467f-b823-1d4bd6a18942@group-0FD3F1957632-SegmentedRaftLogWorker for RaftStorage:Storage Directory /workdir/hadoop-ozone/integration-test/target/test-dir/MiniOzoneClusterImpl-7938e232-3eaf-47c6-84ae-b0e11761d891/datanode-3/data/ratis/07ad298a-14f0-4833-bd8f-0fd3f1957632
2019-09-24 02:26:57,337 [pool-317-thread-1] INFO  server.RaftServerConfigKeys (ConfUtils.java:logGet(43)) - raft.server.log.statemachine.data.sync.timeout = 10s (default)
2019-09-24 02:26:57,338 [pool-317-thread-1] INFO  server.RaftServerConfigKeys (ConfUtils.java:logGet(43)) - raft.server.log.statemachine.data.sync.timeout.retry = -1 (default)
2019-09-24 02:26:57,337 [pool-327-thread-1] INFO  segmented.SegmentedRaftLogWorker (SegmentedRaftLogWorker.java:<init>(172)) - new 7a524267-bdf9-4b04-89b1-b4711f57f83c@group-0FD3F1957632-SegmentedRaftLogWorker for RaftStorage:Storage Directory /workdir/hadoop-ozone/integration-test/target/test-dir/MiniOzoneClusterImpl-7938e232-3eaf-47c6-84ae-b0e11761d891/datanode-6/data/ratis/07ad298a-14f0-4833-bd8f-0fd3f1957632
2019-09-24 02:26:57,338 [pool-317-thread-1] INFO  server.RaftServerConfigKeys (ConfUtils.java:logGet(43)) - raft.server.log.statemachine.data.caching.enabled = true (custom)
2019-09-24 02:26:57,338 [pool-297-thread-1] INFO  server.RaftServerConfigKeys (ConfUtils.java:logGet(43)) - raft.server.log.queue.byte-limit = 2147483647 (custom)
2019-09-24 02:26:57,338 [pool-327-thread-1] INFO  server.RaftServerConfigKeys (ConfUtils.java:logGet(43)) - raft.server.log.queue.byte-limit = 2147483647 (custom)
2019-09-24 02:26:57,338 [pool-317-thread-1] INFO  segmented.SegmentedRaftLogWorker (SegmentedRaftLogWorker.java:lambda$new$0(132)) - d46d7bca-32fd-4d78-a60e-8b14dc904a28@group-0FD3F1957632-SegmentedRaftLogWorker: flushIndex: setUnconditionally 0 -> -1
2019-09-24 02:26:57,338 [pool-297-thread-1] INFO  server.RaftServerConfigKeys (ConfUtils.java:logGet(43)) - raft.server.log.queue.element-limit = 1024 (custom)
2019-09-24 02:26:57,338 [pool-327-thread-1] INFO  server.RaftServerConfigKeys (ConfUtils.java:logGet(43)) - raft.server.log.queue.element-limit = 1024 (custom)
2019-09-24 02:26:57,339 [pool-317-thread-1] INFO  server.RaftServerConfigKeys (ConfUtils.java:logGet(43)) - raft.server.snapshot.auto.trigger.enabled = true (custom)
2019-09-24 02:26:57,339 [pool-297-thread-1] INFO  server.RaftServerConfigKeys (ConfUtils.java:logGet(43)) - raft.server.log.segment.size.max = 1048576 (custom)
2019-09-24 02:26:57,339 [pool-317-thread-1] INFO  server.RaftServerConfigKeys (ConfUtils.java:logGet(43)) - raft.server.snapshot.auto.trigger.threshold = 10000 (custom)
2019-09-24 02:26:57,339 [pool-317-thread-1] INFO  server.RaftServerConfigKeys (ConfUtils.java:logGet(43)) - raft.server.snapshot.retention.num.files = 5 (custom)
2019-09-24 02:26:57,339 [pool-327-thread-1] INFO  server.RaftServerConfigKeys (ConfUtils.java:logGet(43)) - raft.server.log.segment.size.max = 1048576 (custom)
2019-09-24 02:26:57,339 [pool-317-thread-1] INFO  server.RaftServerConfigKeys (ConfUtils.java:logGet(43)) - raft.server.retrycache.expirytime = 600000ms (custom)
2019-09-24 02:26:57,339 [pool-297-thread-1] INFO  server.RaftServerConfigKeys (ConfUtils.java:logGet(43)) - raft.server.log.preallocated.size = 16384 (custom)
2019-09-24 02:26:57,339 [pool-327-thread-1] INFO  server.RaftServerConfigKeys (ConfUtils.java:logGet(43)) - raft.server.log.preallocated.size = 16384 (custom)
2019-09-24 02:26:57,339 [pool-297-thread-1] INFO  server.RaftServerConfigKeys (ConfUtils.java:logGet(43)) - raft.server.log.write.buffer.size = 33554432 (custom)
2019-09-24 02:26:57,339 [pool-327-thread-1] INFO  server.RaftServerConfigKeys (ConfUtils.java:logGet(43)) - raft.server.log.write.buffer.size = 33554432 (custom)
2019-09-24 02:26:57,340 [pool-297-thread-1] INFO  server.RaftServerConfigKeys (ConfUtils.java:logGet(43)) - raft.server.log.force.sync.num = 128 (default)
2019-09-24 02:26:57,340 [pool-327-thread-1] INFO  server.RaftServerConfigKeys (ConfUtils.java:logGet(43)) - raft.server.log.force.sync.num = 128 (default)
2019-09-24 02:26:57,340 [pool-297-thread-1] INFO  server.RaftServerConfigKeys (ConfUtils.java:logGet(43)) - raft.server.log.statemachine.data.sync = true (default)
2019-09-24 02:26:57,340 [pool-327-thread-1] INFO  server.RaftServerConfigKeys (ConfUtils.java:logGet(43)) - raft.server.log.statemachine.data.sync = true (default)
2019-09-24 02:26:57,340 [pool-297-thread-1] INFO  server.RaftServerConfigKeys (ConfUtils.java:logGet(43)) - raft.server.log.statemachine.data.sync.timeout = 10s (default)
2019-09-24 02:26:57,340 [pool-327-thread-1] INFO  server.RaftServerConfigKeys (ConfUtils.java:logGet(43)) - raft.server.log.statemachine.data.sync.timeout = 10s (default)
2019-09-24 02:26:57,340 [pool-297-thread-1] INFO  server.RaftServerConfigKeys (ConfUtils.java:logGet(43)) - raft.server.log.statemachine.data.sync.timeout.retry = -1 (default)
2019-09-24 02:26:57,340 [pool-327-thread-1] INFO  server.RaftServerConfigKeys (ConfUtils.java:logGet(43)) - raft.server.log.statemachine.data.sync.timeout.retry = -1 (default)
2019-09-24 02:26:57,340 [pool-297-thread-1] INFO  server.RaftServerConfigKeys (ConfUtils.java:logGet(43)) - raft.server.log.statemachine.data.caching.enabled = true (custom)
2019-09-24 02:26:57,341 [pool-327-thread-1] INFO  server.RaftServerConfigKeys (ConfUtils.java:logGet(43)) - raft.server.log.statemachine.data.caching.enabled = true (custom)
2019-09-24 02:26:57,341 [pool-297-thread-1] INFO  segmented.SegmentedRaftLogWorker (SegmentedRaftLogWorker.java:lambda$new$0(132)) - bee6418c-0727-467f-b823-1d4bd6a18942@group-0FD3F1957632-SegmentedRaftLogWorker: flushIndex: setUnconditionally 0 -> -1
2019-09-24 02:26:57,341 [pool-327-thread-1] INFO  segmented.SegmentedRaftLogWorker (SegmentedRaftLogWorker.java:lambda$new$0(132)) - 7a524267-bdf9-4b04-89b1-b4711f57f83c@group-0FD3F1957632-SegmentedRaftLogWorker: flushIndex: setUnconditionally 0 -> -1
2019-09-24 02:26:57,341 [pool-317-thread-1] INFO  impl.RaftServerImpl (RaftServerImpl.java:start(185)) - d46d7bca-32fd-4d78-a60e-8b14dc904a28@group-0FD3F1957632: start as a follower, conf=-1: [d46d7bca-32fd-4d78-a60e-8b14dc904a28:192.168.151.121:45016, bee6418c-0727-467f-b823-1d4bd6a18942:192.168.151.121:38836, 7a524267-bdf9-4b04-89b1-b4711f57f83c:192.168.151.121:33766], old=null
2019-09-24 02:26:57,341 [pool-297-thread-1] INFO  server.RaftServerConfigKeys (ConfUtils.java:logGet(43)) - raft.server.snapshot.auto.trigger.enabled = true (custom)
2019-09-24 02:26:57,341 [pool-317-thread-1] INFO  impl.RaftServerImpl (RaftServerImpl.java:setRole(174)) - d46d7bca-32fd-4d78-a60e-8b14dc904a28@group-0FD3F1957632: changes role from      null to FOLLOWER at term 0 for startAsFollower
2019-09-24 02:26:57,341 [pool-327-thread-1] INFO  server.RaftServerConfigKeys (ConfUtils.java:logGet(43)) - raft.server.snapshot.auto.trigger.enabled = true (custom)
2019-09-24 02:26:57,341 [pool-317-thread-1] INFO  impl.RoleInfo (RoleInfo.java:updateAndGet(143)) - d46d7bca-32fd-4d78-a60e-8b14dc904a28: start FollowerState
2019-09-24 02:26:57,341 [pool-297-thread-1] INFO  server.RaftServerConfigKeys (ConfUtils.java:logGet(43)) - raft.server.snapshot.auto.trigger.threshold = 10000 (custom)
2019-09-24 02:26:57,341 [pool-327-thread-1] INFO  server.RaftServerConfigKeys (ConfUtils.java:logGet(43)) - raft.server.snapshot.auto.trigger.threshold = 10000 (custom)
2019-09-24 02:26:57,342 [pool-297-thread-1] INFO  server.RaftServerConfigKeys (ConfUtils.java:logGet(43)) - raft.server.snapshot.retention.num.files = 5 (custom)
2019-09-24 02:26:57,342 [pool-317-thread-1] INFO  util.JmxRegister (JmxRegister.java:tryRegister(44)) - Successfully registered JMX Bean with object name Ratis:service=RaftServer,group=group-0FD3F1957632,id=d46d7bca-32fd-4d78-a60e-8b14dc904a28
2019-09-24 02:26:57,342 [pool-327-thread-1] INFO  server.RaftServerConfigKeys (ConfUtils.java:logGet(43)) - raft.server.snapshot.retention.num.files = 5 (custom)
2019-09-24 02:26:57,342 [pool-297-thread-1] INFO  server.RaftServerConfigKeys (ConfUtils.java:logGet(43)) - raft.server.retrycache.expirytime = 600000ms (custom)
2019-09-24 02:26:57,342 [pool-327-thread-1] INFO  server.RaftServerConfigKeys (ConfUtils.java:logGet(43)) - raft.server.retrycache.expirytime = 600000ms (custom)
2019-09-24 02:26:57,348 [pool-297-thread-1] INFO  impl.RaftServerImpl (RaftServerImpl.java:start(185)) - bee6418c-0727-467f-b823-1d4bd6a18942@group-0FD3F1957632: start as a follower, conf=-1: [d46d7bca-32fd-4d78-a60e-8b14dc904a28:192.168.151.121:45016, bee6418c-0727-467f-b823-1d4bd6a18942:192.168.151.121:38836, 7a524267-bdf9-4b04-89b1-b4711f57f83c:192.168.151.121:33766], old=null
2019-09-24 02:26:57,348 [pool-297-thread-1] INFO  impl.RaftServerImpl (RaftServerImpl.java:setRole(174)) - bee6418c-0727-467f-b823-1d4bd6a18942@group-0FD3F1957632: changes role from      null to FOLLOWER at term 0 for startAsFollower
2019-09-24 02:26:57,348 [pool-297-thread-1] INFO  impl.RoleInfo (RoleInfo.java:updateAndGet(143)) - bee6418c-0727-467f-b823-1d4bd6a18942: start FollowerState
2019-09-24 02:26:57,348 [pool-327-thread-1] INFO  impl.RaftServerImpl (RaftServerImpl.java:start(185)) - 7a524267-bdf9-4b04-89b1-b4711f57f83c@group-0FD3F1957632: start as a follower, conf=-1: [d46d7bca-32fd-4d78-a60e-8b14dc904a28:192.168.151.121:45016, bee6418c-0727-467f-b823-1d4bd6a18942:192.168.151.121:38836, 7a524267-bdf9-4b04-89b1-b4711f57f83c:192.168.151.121:33766], old=null
2019-09-24 02:26:57,348 [pool-327-thread-1] INFO  impl.RaftServerImpl (RaftServerImpl.java:setRole(174)) - 7a524267-bdf9-4b04-89b1-b4711f57f83c@group-0FD3F1957632: changes role from      null to FOLLOWER at term 0 for startAsFollower
2019-09-24 02:26:57,348 [pool-297-thread-1] INFO  util.JmxRegister (JmxRegister.java:tryRegister(44)) - Successfully registered JMX Bean with object name Ratis:service=RaftServer,group=group-0FD3F1957632,id=bee6418c-0727-467f-b823-1d4bd6a18942
2019-09-24 02:26:57,348 [pool-327-thread-1] INFO  impl.RoleInfo (RoleInfo.java:updateAndGet(143)) - 7a524267-bdf9-4b04-89b1-b4711f57f83c: start FollowerState
2019-09-24 02:26:57,349 [pool-327-thread-1] INFO  util.JmxRegister (JmxRegister.java:tryRegister(44)) - Successfully registered JMX Bean with object name Ratis:service=RaftServer,group=group-0FD3F1957632,id=7a524267-bdf9-4b04-89b1-b4711f57f83c
2019-09-24 02:26:57,356 [RatisPipelineUtilsThread] INFO  pipeline.PipelineStateManager (PipelineStateManager.java:addPipeline(56)) - Created pipeline Pipeline[ Id: 07ad298a-14f0-4833-bd8f-0fd3f1957632, Nodes: d46d7bca-32fd-4d78-a60e-8b14dc904a28{ip: 192.168.151.121, host: pr-hdds-2162-tjkd5-3209850126, networkLocation: /rack1, certSerialId: null}7a524267-bdf9-4b04-89b1-b4711f57f83c{ip: 192.168.151.121, host: pr-hdds-2162-tjkd5-3209850126, networkLocation: /rack1, certSerialId: null}bee6418c-0727-467f-b823-1d4bd6a18942{ip: 192.168.151.121, host: pr-hdds-2162-tjkd5-3209850126, networkLocation: /rack1, certSerialId: null}, Type:RATIS, Factor:THREE, State:OPEN]
2019-09-24 02:26:57,374 [IPC Server handler 4 on 38726] INFO  net.NetworkTopology (NetworkTopologyImpl.java:add(111)) - Added a new node: /rack1/da42697a-0d77-415b-812b-51cfdf9a7055
2019-09-24 02:26:57,374 [IPC Server handler 4 on 38726] INFO  node.SCMNodeManager (SCMNodeManager.java:register(266)) - Registered Data node : da42697a-0d77-415b-812b-51cfdf9a7055{ip: 192.168.151.121, host: pr-hdds-2162-tjkd5-3209850126, networkLocation: /rack1, certSerialId: null}
2019-09-24 02:26:57,382 [grpc-default-executor-0] INFO  impl.RaftServerProxy (RaftServerProxy.java:addNew(89)) - c1f213cf-52f9-46af-9dd6-cbe0bbbf4493: addNew group-04E9D2CB7218:[c1f213cf-52f9-46af-9dd6-cbe0bbbf4493:192.168.151.121:45532] returns group-04E9D2CB7218:java.util.concurrent.CompletableFuture@30127a7b[Not completed]
2019-09-24 02:26:57,385 [pool-337-thread-1] INFO  impl.RaftServerImpl (RaftServerImpl.java:<init>(95)) - c1f213cf-52f9-46af-9dd6-cbe0bbbf4493: new RaftServerImpl for group-04E9D2CB7218:[c1f213cf-52f9-46af-9dd6-cbe0bbbf4493:192.168.151.121:45532] with ContainerStateMachine:uninitialized
2019-09-24 02:26:57,385 [pool-337-thread-1] INFO  server.RaftServerConfigKeys (ConfUtils.java:logGet(43)) - raft.server.rpc.timeout.min = 1s (custom)
2019-09-24 02:26:57,385 [pool-337-thread-1] INFO  server.RaftServerConfigKeys (ConfUtils.java:logGet(43)) - raft.server.rpc.timeout.max = 1200ms (custom)
2019-09-24 02:26:57,385 [pool-337-thread-1] INFO  server.RaftServerConfigKeys (ConfUtils.java:logGet(43)) - raft.server.rpcslowness.timeout = 120s (custom)
2019-09-24 02:26:57,386 [pool-337-thread-1] INFO  server.RaftServerConfigKeys (ConfUtils.java:logGet(43)) - raft.server.sleep.deviation.threshold = 300 (default)
2019-09-24 02:26:57,386 [pool-337-thread-1] INFO  server.RaftServerConfigKeys (ConfUtils.java:logGet(43)) - raft.server.log.appender.install.snapshot.enabled = false (custom)
2019-09-24 02:26:57,386 [pool-337-thread-1] INFO  impl.RaftServerImpl (ServerState.java:<init>(103)) - c1f213cf-52f9-46af-9dd6-cbe0bbbf4493@group-04E9D2CB7218: ConfigurationManager, init=-1: [c1f213cf-52f9-46af-9dd6-cbe0bbbf4493:192.168.151.121:45532], old=null, confs=<EMPTY_MAP>
2019-09-24 02:26:57,386 [pool-337-thread-1] INFO  server.RaftServerConfigKeys (ConfUtils.java:logGet(43)) - raft.server.storage.dir = [/workdir/hadoop-ozone/integration-test/target/test-dir/MiniOzoneClusterImpl-7938e232-3eaf-47c6-84ae-b0e11761d891/datanode-7/data/ratis] (custom)
2019-09-24 02:26:57,386 [pool-337-thread-1] INFO  storage.RaftStorageDirectory (RaftStorageDirectory.java:analyzeStorage(246)) - The storage directory /workdir/hadoop-ozone/integration-test/target/test-dir/MiniOzoneClusterImpl-7938e232-3eaf-47c6-84ae-b0e11761d891/datanode-7/data/ratis/2038d134-8fc6-42b7-a20a-04e9d2cb7218 does not exist. Creating ...
2019-09-24 02:26:57,399 [pool-337-thread-1] INFO  storage.RaftStorageDirectory (RaftStorageDirectory.java:tryLock(328)) - Lock on /workdir/hadoop-ozone/integration-test/target/test-dir/MiniOzoneClusterImpl-7938e232-3eaf-47c6-84ae-b0e11761d891/datanode-7/data/ratis/2038d134-8fc6-42b7-a20a-04e9d2cb7218/in_use.lock acquired by nodename 30927@pr-hdds-2162-tjkd5-3209850126
2019-09-24 02:26:57,412 [pool-337-thread-1] INFO  storage.RaftStorage (RaftStorage.java:format(72)) - Storage directory /workdir/hadoop-ozone/integration-test/target/test-dir/MiniOzoneClusterImpl-7938e232-3eaf-47c6-84ae-b0e11761d891/datanode-7/data/ratis/2038d134-8fc6-42b7-a20a-04e9d2cb7218 has been successfully formatted.
2019-09-24 02:26:57,413 [pool-337-thread-1] INFO  ratis.ContainerStateMachine (ContainerStateMachine.java:loadSnapshot(230)) - group-04E9D2CB7218: The snapshot info is null. Setting the last applied indexto:(t:0, i:~)
2019-09-24 02:26:57,413 [pool-337-thread-1] INFO  server.RaftServerConfigKeys (ConfUtils.java:logGet(43)) - raft.server.notification.no-leader.timeout = 120s (custom)
2019-09-24 02:26:57,413 [pool-337-thread-1] INFO  server.RaftServerConfigKeys (ConfUtils.java:logGet(43)) - raft.server.log.use.memory = false (default)
2019-09-24 02:26:57,413 [pool-337-thread-1] INFO  server.RaftServerConfigKeys (ConfUtils.java:logGet(43)) - raft.server.log.purge.gap = 1000000 (custom)
2019-09-24 02:26:57,413 [pool-337-thread-1] INFO  server.RaftServerConfigKeys (ConfUtils.java:logGet(43)) - raft.server.log.appender.buffer.byte-limit = 33554432 (custom)
2019-09-24 02:26:57,413 [pool-337-thread-1] INFO  server.RaftServerConfigKeys (ConfUtils.java:logGet(43)) - raft.server.log.segment.size.max = 1048576 (custom)
2019-09-24 02:26:57,413 [pool-337-thread-1] INFO  server.RaftServerConfigKeys (ConfUtils.java:logGet(43)) - raft.server.log.segment.cache.num.max = 2 (custom)
2019-09-24 02:26:57,413 [pool-337-thread-1] INFO  segmented.SegmentedRaftLogWorker (SegmentedRaftLogWorker.java:<init>(172)) - new c1f213cf-52f9-46af-9dd6-cbe0bbbf4493@group-04E9D2CB7218-SegmentedRaftLogWorker for RaftStorage:Storage Directory /workdir/hadoop-ozone/integration-test/target/test-dir/MiniOzoneClusterImpl-7938e232-3eaf-47c6-84ae-b0e11761d891/datanode-7/data/ratis/2038d134-8fc6-42b7-a20a-04e9d2cb7218
2019-09-24 02:26:57,415 [pool-337-thread-1] INFO  server.RaftServerConfigKeys (ConfUtils.java:logGet(43)) - raft.server.log.queue.byte-limit = 2147483647 (custom)
2019-09-24 02:26:57,415 [pool-337-thread-1] INFO  server.RaftServerConfigKeys (ConfUtils.java:logGet(43)) - raft.server.log.queue.element-limit = 1024 (custom)
2019-09-24 02:26:57,415 [pool-337-thread-1] INFO  server.RaftServerConfigKeys (ConfUtils.java:logGet(43)) - raft.server.log.segment.size.max = 1048576 (custom)
2019-09-24 02:26:57,415 [pool-337-thread-1] INFO  server.RaftServerConfigKeys (ConfUtils.java:logGet(43)) - raft.server.log.preallocated.size = 16384 (custom)
2019-09-24 02:26:57,415 [pool-337-thread-1] INFO  server.RaftServerConfigKeys (ConfUtils.java:logGet(43)) - raft.server.log.write.buffer.size = 33554432 (custom)
2019-09-24 02:26:57,415 [pool-337-thread-1] INFO  server.RaftServerConfigKeys (ConfUtils.java:logGet(43)) - raft.server.log.force.sync.num = 128 (default)
2019-09-24 02:26:57,415 [pool-337-thread-1] INFO  server.RaftServerConfigKeys (ConfUtils.java:logGet(43)) - raft.server.log.statemachine.data.sync = true (default)
2019-09-24 02:26:57,416 [pool-337-thread-1] INFO  server.RaftServerConfigKeys (ConfUtils.java:logGet(43)) - raft.server.log.statemachine.data.sync.timeout = 10s (default)
2019-09-24 02:26:57,416 [pool-337-thread-1] INFO  server.RaftServerConfigKeys (ConfUtils.java:logGet(43)) - raft.server.log.statemachine.data.sync.timeout.retry = -1 (default)
2019-09-24 02:26:57,416 [pool-337-thread-1] INFO  server.RaftServerConfigKeys (ConfUtils.java:logGet(43)) - raft.server.log.statemachine.data.caching.enabled = true (custom)
2019-09-24 02:26:57,416 [pool-337-thread-1] INFO  segmented.SegmentedRaftLogWorker (SegmentedRaftLogWorker.java:lambda$new$0(132)) - c1f213cf-52f9-46af-9dd6-cbe0bbbf4493@group-04E9D2CB7218-SegmentedRaftLogWorker: flushIndex: setUnconditionally 0 -> -1
2019-09-24 02:26:57,416 [pool-337-thread-1] INFO  server.RaftServerConfigKeys (ConfUtils.java:logGet(43)) - raft.server.snapshot.auto.trigger.enabled = true (custom)
2019-09-24 02:26:57,416 [pool-337-thread-1] INFO  server.RaftServerConfigKeys (ConfUtils.java:logGet(43)) - raft.server.snapshot.auto.trigger.threshold = 10000 (custom)
2019-09-24 02:26:57,416 [pool-337-thread-1] INFO  server.RaftServerConfigKeys (ConfUtils.java:logGet(43)) - raft.server.snapshot.retention.num.files = 5 (custom)
2019-09-24 02:26:57,417 [pool-337-thread-1] INFO  server.RaftServerConfigKeys (ConfUtils.java:logGet(43)) - raft.server.retrycache.expirytime = 600000ms (custom)
2019-09-24 02:26:57,418 [pool-337-thread-1] INFO  impl.RaftServerImpl (RaftServerImpl.java:start(185)) - c1f213cf-52f9-46af-9dd6-cbe0bbbf4493@group-04E9D2CB7218: start as a follower, conf=-1: [c1f213cf-52f9-46af-9dd6-cbe0bbbf4493:192.168.151.121:45532], old=null
2019-09-24 02:26:57,418 [pool-337-thread-1] INFO  impl.RaftServerImpl (RaftServerImpl.java:setRole(174)) - c1f213cf-52f9-46af-9dd6-cbe0bbbf4493@group-04E9D2CB7218: changes role from      null to FOLLOWER at term 0 for startAsFollower
2019-09-24 02:26:57,418 [pool-337-thread-1] INFO  impl.RoleInfo (RoleInfo.java:updateAndGet(143)) - c1f213cf-52f9-46af-9dd6-cbe0bbbf4493: start FollowerState
2019-09-24 02:26:57,418 [pool-337-thread-1] INFO  util.JmxRegister (JmxRegister.java:tryRegister(44)) - Successfully registered JMX Bean with object name Ratis:service=RaftServer,group=group-04E9D2CB7218,id=c1f213cf-52f9-46af-9dd6-cbe0bbbf4493
2019-09-24 02:26:57,425 [RatisPipelineUtilsThread] INFO  pipeline.PipelineStateManager (PipelineStateManager.java:addPipeline(56)) - Created pipeline Pipeline[ Id: 2038d134-8fc6-42b7-a20a-04e9d2cb7218, Nodes: c1f213cf-52f9-46af-9dd6-cbe0bbbf4493{ip: 192.168.151.121, host: pr-hdds-2162-tjkd5-3209850126, networkLocation: /rack1, certSerialId: null}, Type:RATIS, Factor:ONE, State:OPEN]
2019-09-24 02:26:57,433 [main] INFO  ozone.MiniOzoneClusterImpl (MiniOzoneClusterImpl.java:lambda$waitForClusterToBeReady$0(147)) - Waiting for cluster to be ready. Got 9 of 10 DN Heartbeats.
2019-09-24 02:26:57,434 [grpc-default-executor-0] INFO  impl.RaftServerProxy (RaftServerProxy.java:addNew(89)) - da42697a-0d77-415b-812b-51cfdf9a7055: addNew group-F94EB3458722:[da42697a-0d77-415b-812b-51cfdf9a7055:192.168.151.121:40285] returns group-F94EB3458722:java.util.concurrent.CompletableFuture@21a8b47a[Not completed]
2019-09-24 02:26:57,434 [IPC Server handler 14 on 38726] INFO  net.NetworkTopology (NetworkTopologyImpl.java:add(111)) - Added a new node: /rack1/0ea5082d-669c-4012-8d5c-e2723b741e83
2019-09-24 02:26:57,435 [IPC Server handler 14 on 38726] INFO  node.SCMNodeManager (SCMNodeManager.java:register(266)) - Registered Data node : 0ea5082d-669c-4012-8d5c-e2723b741e83{ip: 192.168.151.121, host: pr-hdds-2162-tjkd5-3209850126, networkLocation: /rack1, certSerialId: null}
2019-09-24 02:26:57,435 [pool-347-thread-1] INFO  impl.RaftServerImpl (RaftServerImpl.java:<init>(95)) - da42697a-0d77-415b-812b-51cfdf9a7055: new RaftServerImpl for group-F94EB3458722:[da42697a-0d77-415b-812b-51cfdf9a7055:192.168.151.121:40285] with ContainerStateMachine:uninitialized
2019-09-24 02:26:57,435 [pool-347-thread-1] INFO  server.RaftServerConfigKeys (ConfUtils.java:logGet(43)) - raft.server.rpc.timeout.min = 1s (custom)
2019-09-24 02:26:57,436 [pool-347-thread-1] INFO  server.RaftServerConfigKeys (ConfUtils.java:logGet(43)) - raft.server.rpc.timeout.max = 1200ms (custom)
2019-09-24 02:26:57,436 [pool-347-thread-1] INFO  server.RaftServerConfigKeys (ConfUtils.java:logGet(43)) - raft.server.rpcslowness.timeout = 120s (custom)
2019-09-24 02:26:57,436 [pool-347-thread-1] INFO  server.RaftServerConfigKeys (ConfUtils.java:logGet(43)) - raft.server.sleep.deviation.threshold = 300 (default)
2019-09-24 02:26:57,436 [pool-347-thread-1] INFO  server.RaftServerConfigKeys (ConfUtils.java:logGet(43)) - raft.server.log.appender.install.snapshot.enabled = false (custom)
2019-09-24 02:26:57,436 [pool-347-thread-1] INFO  impl.RaftServerImpl (ServerState.java:<init>(103)) - da42697a-0d77-415b-812b-51cfdf9a7055@group-F94EB3458722: ConfigurationManager, init=-1: [da42697a-0d77-415b-812b-51cfdf9a7055:192.168.151.121:40285], old=null, confs=<EMPTY_MAP>
2019-09-24 02:26:57,436 [pool-347-thread-1] INFO  server.RaftServerConfigKeys (ConfUtils.java:logGet(43)) - raft.server.storage.dir = [/workdir/hadoop-ozone/integration-test/target/test-dir/MiniOzoneClusterImpl-7938e232-3eaf-47c6-84ae-b0e11761d891/datanode-8/data/ratis] (custom)
2019-09-24 02:26:57,437 [pool-347-thread-1] INFO  storage.RaftStorageDirectory (RaftStorageDirectory.java:analyzeStorage(246)) - The storage directory /workdir/hadoop-ozone/integration-test/target/test-dir/MiniOzoneClusterImpl-7938e232-3eaf-47c6-84ae-b0e11761d891/datanode-8/data/ratis/69d0ddcd-f7c1-4704-976f-f94eb3458722 does not exist. Creating ...
2019-09-24 02:26:57,450 [pool-347-thread-1] INFO  storage.RaftStorageDirectory (RaftStorageDirectory.java:tryLock(328)) - Lock on /workdir/hadoop-ozone/integration-test/target/test-dir/MiniOzoneClusterImpl-7938e232-3eaf-47c6-84ae-b0e11761d891/datanode-8/data/ratis/69d0ddcd-f7c1-4704-976f-f94eb3458722/in_use.lock acquired by nodename 30927@pr-hdds-2162-tjkd5-3209850126
2019-09-24 02:26:57,463 [pool-347-thread-1] INFO  storage.RaftStorage (RaftStorage.java:format(72)) - Storage directory /workdir/hadoop-ozone/integration-test/target/test-dir/MiniOzoneClusterImpl-7938e232-3eaf-47c6-84ae-b0e11761d891/datanode-8/data/ratis/69d0ddcd-f7c1-4704-976f-f94eb3458722 has been successfully formatted.
2019-09-24 02:26:57,463 [pool-347-thread-1] INFO  ratis.ContainerStateMachine (ContainerStateMachine.java:loadSnapshot(230)) - group-F94EB3458722: The snapshot info is null. Setting the last applied indexto:(t:0, i:~)
2019-09-24 02:26:57,463 [pool-347-thread-1] INFO  server.RaftServerConfigKeys (ConfUtils.java:logGet(43)) - raft.server.notification.no-leader.timeout = 120s (custom)
2019-09-24 02:26:57,464 [pool-347-thread-1] INFO  server.RaftServerConfigKeys (ConfUtils.java:logGet(43)) - raft.server.log.use.memory = false (default)
2019-09-24 02:26:57,464 [pool-347-thread-1] INFO  server.RaftServerConfigKeys (ConfUtils.java:logGet(43)) - raft.server.log.purge.gap = 1000000 (custom)
2019-09-24 02:26:57,464 [pool-347-thread-1] INFO  server.RaftServerConfigKeys (ConfUtils.java:logGet(43)) - raft.server.log.appender.buffer.byte-limit = 33554432 (custom)
2019-09-24 02:26:57,464 [pool-347-thread-1] INFO  server.RaftServerConfigKeys (ConfUtils.java:logGet(43)) - raft.server.log.segment.size.max = 1048576 (custom)
2019-09-24 02:26:57,464 [pool-347-thread-1] INFO  server.RaftServerConfigKeys (ConfUtils.java:logGet(43)) - raft.server.log.segment.cache.num.max = 2 (custom)
2019-09-24 02:26:57,464 [pool-347-thread-1] INFO  segmented.SegmentedRaftLogWorker (SegmentedRaftLogWorker.java:<init>(172)) - new da42697a-0d77-415b-812b-51cfdf9a7055@group-F94EB3458722-SegmentedRaftLogWorker for RaftStorage:Storage Directory /workdir/hadoop-ozone/integration-test/target/test-dir/MiniOzoneClusterImpl-7938e232-3eaf-47c6-84ae-b0e11761d891/datanode-8/data/ratis/69d0ddcd-f7c1-4704-976f-f94eb3458722
2019-09-24 02:26:57,467 [pool-347-thread-1] INFO  server.RaftServerConfigKeys (ConfUtils.java:logGet(43)) - raft.server.log.queue.byte-limit = 2147483647 (custom)
2019-09-24 02:26:57,468 [pool-347-thread-1] INFO  server.RaftServerConfigKeys (ConfUtils.java:logGet(43)) - raft.server.log.queue.element-limit = 1024 (custom)
2019-09-24 02:26:57,468 [pool-347-thread-1] INFO  server.RaftServerConfigKeys (ConfUtils.java:logGet(43)) - raft.server.log.segment.size.max = 1048576 (custom)
2019-09-24 02:26:57,468 [pool-347-thread-1] INFO  server.RaftServerConfigKeys (ConfUtils.java:logGet(43)) - raft.server.log.preallocated.size = 16384 (custom)
2019-09-24 02:26:57,468 [pool-347-thread-1] INFO  server.RaftServerConfigKeys (ConfUtils.java:logGet(43)) - raft.server.log.write.buffer.size = 33554432 (custom)
2019-09-24 02:26:57,469 [pool-347-thread-1] INFO  server.RaftServerConfigKeys (ConfUtils.java:logGet(43)) - raft.server.log.force.sync.num = 128 (default)
2019-09-24 02:26:57,469 [pool-347-thread-1] INFO  server.RaftServerConfigKeys (ConfUtils.java:logGet(43)) - raft.server.log.statemachine.data.sync = true (default)
2019-09-24 02:26:57,469 [pool-347-thread-1] INFO  server.RaftServerConfigKeys (ConfUtils.java:logGet(43)) - raft.server.log.statemachine.data.sync.timeout = 10s (default)
2019-09-24 02:26:57,469 [pool-347-thread-1] INFO  server.RaftServerConfigKeys (ConfUtils.java:logGet(43)) - raft.server.log.statemachine.data.sync.timeout.retry = -1 (default)
2019-09-24 02:26:57,470 [pool-347-thread-1] INFO  server.RaftServerConfigKeys (ConfUtils.java:logGet(43)) - raft.server.log.statemachine.data.caching.enabled = true (custom)
2019-09-24 02:26:57,470 [pool-347-thread-1] INFO  segmented.SegmentedRaftLogWorker (SegmentedRaftLogWorker.java:lambda$new$0(132)) - da42697a-0d77-415b-812b-51cfdf9a7055@group-F94EB3458722-SegmentedRaftLogWorker: flushIndex: setUnconditionally 0 -> -1
2019-09-24 02:26:57,471 [pool-347-thread-1] INFO  server.RaftServerConfigKeys (ConfUtils.java:logGet(43)) - raft.server.snapshot.auto.trigger.enabled = true (custom)
2019-09-24 02:26:57,471 [pool-347-thread-1] INFO  server.RaftServerConfigKeys (ConfUtils.java:logGet(43)) - raft.server.snapshot.auto.trigger.threshold = 10000 (custom)
2019-09-24 02:26:57,471 [pool-347-thread-1] INFO  server.RaftServerConfigKeys (ConfUtils.java:logGet(43)) - raft.server.snapshot.retention.num.files = 5 (custom)
2019-09-24 02:26:57,471 [pool-347-thread-1] INFO  server.RaftServerConfigKeys (ConfUtils.java:logGet(43)) - raft.server.retrycache.expirytime = 600000ms (custom)
2019-09-24 02:26:57,474 [pool-347-thread-1] INFO  impl.RaftServerImpl (RaftServerImpl.java:start(185)) - da42697a-0d77-415b-812b-51cfdf9a7055@group-F94EB3458722: start as a follower, conf=-1: [da42697a-0d77-415b-812b-51cfdf9a7055:192.168.151.121:40285], old=null
2019-09-24 02:26:57,474 [pool-347-thread-1] INFO  impl.RaftServerImpl (RaftServerImpl.java:setRole(174)) - da42697a-0d77-415b-812b-51cfdf9a7055@group-F94EB3458722: changes role from      null to FOLLOWER at term 0 for startAsFollower
2019-09-24 02:26:57,474 [pool-347-thread-1] INFO  impl.RoleInfo (RoleInfo.java:updateAndGet(143)) - da42697a-0d77-415b-812b-51cfdf9a7055: start FollowerState
2019-09-24 02:26:57,475 [pool-347-thread-1] INFO  util.JmxRegister (JmxRegister.java:tryRegister(44)) - Successfully registered JMX Bean with object name Ratis:service=RaftServer,group=group-F94EB3458722,id=da42697a-0d77-415b-812b-51cfdf9a7055
2019-09-24 02:26:57,482 [RatisPipelineUtilsThread] INFO  pipeline.PipelineStateManager (PipelineStateManager.java:addPipeline(56)) - Created pipeline Pipeline[ Id: 69d0ddcd-f7c1-4704-976f-f94eb3458722, Nodes: da42697a-0d77-415b-812b-51cfdf9a7055{ip: 192.168.151.121, host: pr-hdds-2162-tjkd5-3209850126, networkLocation: /rack1, certSerialId: null}, Type:RATIS, Factor:ONE, State:OPEN]
2019-09-24 02:26:57,494 [grpc-default-executor-0] INFO  impl.RaftServerProxy (RaftServerProxy.java:addNew(89)) - 0ea5082d-669c-4012-8d5c-e2723b741e83: addNew group-E1AAFD066F11:[0ea5082d-669c-4012-8d5c-e2723b741e83:192.168.151.121:46824] returns group-E1AAFD066F11:java.util.concurrent.CompletableFuture@646ac3f5[Not completed]
2019-09-24 02:26:57,495 [pool-357-thread-1] INFO  impl.RaftServerImpl (RaftServerImpl.java:<init>(95)) - 0ea5082d-669c-4012-8d5c-e2723b741e83: new RaftServerImpl for group-E1AAFD066F11:[0ea5082d-669c-4012-8d5c-e2723b741e83:192.168.151.121:46824] with ContainerStateMachine:uninitialized
2019-09-24 02:26:57,495 [pool-357-thread-1] INFO  server.RaftServerConfigKeys (ConfUtils.java:logGet(43)) - raft.server.rpc.timeout.min = 1s (custom)
2019-09-24 02:26:57,496 [pool-357-thread-1] INFO  server.RaftServerConfigKeys (ConfUtils.java:logGet(43)) - raft.server.rpc.timeout.max = 1200ms (custom)
2019-09-24 02:26:57,496 [pool-357-thread-1] INFO  server.RaftServerConfigKeys (ConfUtils.java:logGet(43)) - raft.server.rpcslowness.timeout = 120s (custom)
2019-09-24 02:26:57,496 [pool-357-thread-1] INFO  server.RaftServerConfigKeys (ConfUtils.java:logGet(43)) - raft.server.sleep.deviation.threshold = 300 (default)
2019-09-24 02:26:57,496 [pool-357-thread-1] INFO  server.RaftServerConfigKeys (ConfUtils.java:logGet(43)) - raft.server.log.appender.install.snapshot.enabled = false (custom)
2019-09-24 02:26:57,496 [pool-357-thread-1] INFO  impl.RaftServerImpl (ServerState.java:<init>(103)) - 0ea5082d-669c-4012-8d5c-e2723b741e83@group-E1AAFD066F11: ConfigurationManager, init=-1: [0ea5082d-669c-4012-8d5c-e2723b741e83:192.168.151.121:46824], old=null, confs=<EMPTY_MAP>
2019-09-24 02:26:57,496 [pool-357-thread-1] INFO  server.RaftServerConfigKeys (ConfUtils.java:logGet(43)) - raft.server.storage.dir = [/workdir/hadoop-ozone/integration-test/target/test-dir/MiniOzoneClusterImpl-7938e232-3eaf-47c6-84ae-b0e11761d891/datanode-9/data/ratis] (custom)
2019-09-24 02:26:57,496 [pool-357-thread-1] INFO  storage.RaftStorageDirectory (RaftStorageDirectory.java:analyzeStorage(246)) - The storage directory /workdir/hadoop-ozone/integration-test/target/test-dir/MiniOzoneClusterImpl-7938e232-3eaf-47c6-84ae-b0e11761d891/datanode-9/data/ratis/33bcfa8b-30df-4c6c-a0d0-e1aafd066f11 does not exist. Creating ...
2019-09-24 02:26:57,510 [pool-357-thread-1] INFO  storage.RaftStorageDirectory (RaftStorageDirectory.java:tryLock(328)) - Lock on /workdir/hadoop-ozone/integration-test/target/test-dir/MiniOzoneClusterImpl-7938e232-3eaf-47c6-84ae-b0e11761d891/datanode-9/data/ratis/33bcfa8b-30df-4c6c-a0d0-e1aafd066f11/in_use.lock acquired by nodename 30927@pr-hdds-2162-tjkd5-3209850126
2019-09-24 02:26:57,523 [pool-357-thread-1] INFO  storage.RaftStorage (RaftStorage.java:format(72)) - Storage directory /workdir/hadoop-ozone/integration-test/target/test-dir/MiniOzoneClusterImpl-7938e232-3eaf-47c6-84ae-b0e11761d891/datanode-9/data/ratis/33bcfa8b-30df-4c6c-a0d0-e1aafd066f11 has been successfully formatted.
2019-09-24 02:26:57,524 [pool-357-thread-1] INFO  ratis.ContainerStateMachine (ContainerStateMachine.java:loadSnapshot(230)) - group-E1AAFD066F11: The snapshot info is null. Setting the last applied indexto:(t:0, i:~)
2019-09-24 02:26:57,524 [pool-357-thread-1] INFO  server.RaftServerConfigKeys (ConfUtils.java:logGet(43)) - raft.server.notification.no-leader.timeout = 120s (custom)
2019-09-24 02:26:57,524 [pool-357-thread-1] INFO  server.RaftServerConfigKeys (ConfUtils.java:logGet(43)) - raft.server.log.use.memory = false (default)
2019-09-24 02:26:57,524 [pool-357-thread-1] INFO  server.RaftServerConfigKeys (ConfUtils.java:logGet(43)) - raft.server.log.purge.gap = 1000000 (custom)
2019-09-24 02:26:57,524 [pool-357-thread-1] INFO  server.RaftServerConfigKeys (ConfUtils.java:logGet(43)) - raft.server.log.appender.buffer.byte-limit = 33554432 (custom)
2019-09-24 02:26:57,524 [pool-357-thread-1] INFO  server.RaftServerConfigKeys (ConfUtils.java:logGet(43)) - raft.server.log.segment.size.max = 1048576 (custom)
2019-09-24 02:26:57,524 [pool-357-thread-1] INFO  server.RaftServerConfigKeys (ConfUtils.java:logGet(43)) - raft.server.log.segment.cache.num.max = 2 (custom)
2019-09-24 02:26:57,524 [pool-357-thread-1] INFO  segmented.SegmentedRaftLogWorker (SegmentedRaftLogWorker.java:<init>(172)) - new 0ea5082d-669c-4012-8d5c-e2723b741e83@group-E1AAFD066F11-SegmentedRaftLogWorker for RaftStorage:Storage Directory /workdir/hadoop-ozone/integration-test/target/test-dir/MiniOzoneClusterImpl-7938e232-3eaf-47c6-84ae-b0e11761d891/datanode-9/data/ratis/33bcfa8b-30df-4c6c-a0d0-e1aafd066f11
2019-09-24 02:26:57,526 [pool-357-thread-1] INFO  server.RaftServerConfigKeys (ConfUtils.java:logGet(43)) - raft.server.log.queue.byte-limit = 2147483647 (custom)
2019-09-24 02:26:57,526 [pool-357-thread-1] INFO  server.RaftServerConfigKeys (ConfUtils.java:logGet(43)) - raft.server.log.queue.element-limit = 1024 (custom)
2019-09-24 02:26:57,527 [pool-357-thread-1] INFO  server.RaftServerConfigKeys (ConfUtils.java:logGet(43)) - raft.server.log.segment.size.max = 1048576 (custom)
2019-09-24 02:26:57,527 [pool-357-thread-1] INFO  server.RaftServerConfigKeys (ConfUtils.java:logGet(43)) - raft.server.log.preallocated.size = 16384 (custom)
2019-09-24 02:26:57,527 [pool-357-thread-1] INFO  server.RaftServerConfigKeys (ConfUtils.java:logGet(43)) - raft.server.log.write.buffer.size = 33554432 (custom)
2019-09-24 02:26:57,527 [pool-357-thread-1] INFO  server.RaftServerConfigKeys (ConfUtils.java:logGet(43)) - raft.server.log.force.sync.num = 128 (default)
2019-09-24 02:26:57,527 [pool-357-thread-1] INFO  server.RaftServerConfigKeys (ConfUtils.java:logGet(43)) - raft.server.log.statemachine.data.sync = true (default)
2019-09-24 02:26:57,527 [pool-357-thread-1] INFO  server.RaftServerConfigKeys (ConfUtils.java:logGet(43)) - raft.server.log.statemachine.data.sync.timeout = 10s (default)
2019-09-24 02:26:57,527 [pool-357-thread-1] INFO  server.RaftServerConfigKeys (ConfUtils.java:logGet(43)) - raft.server.log.statemachine.data.sync.timeout.retry = -1 (default)
2019-09-24 02:26:57,527 [pool-357-thread-1] INFO  server.RaftServerConfigKeys (ConfUtils.java:logGet(43)) - raft.server.log.statemachine.data.caching.enabled = true (custom)
2019-09-24 02:26:57,528 [pool-357-thread-1] INFO  segmented.SegmentedRaftLogWorker (SegmentedRaftLogWorker.java:lambda$new$0(132)) - 0ea5082d-669c-4012-8d5c-e2723b741e83@group-E1AAFD066F11-SegmentedRaftLogWorker: flushIndex: setUnconditionally 0 -> -1
2019-09-24 02:26:57,528 [pool-357-thread-1] INFO  server.RaftServerConfigKeys (ConfUtils.java:logGet(43)) - raft.server.snapshot.auto.trigger.enabled = true (custom)
2019-09-24 02:26:57,528 [pool-357-thread-1] INFO  server.RaftServerConfigKeys (ConfUtils.java:logGet(43)) - raft.server.snapshot.auto.trigger.threshold = 10000 (custom)
2019-09-24 02:26:57,528 [pool-357-thread-1] INFO  server.RaftServerConfigKeys (ConfUtils.java:logGet(43)) - raft.server.snapshot.retention.num.files = 5 (custom)
2019-09-24 02:26:57,528 [pool-357-thread-1] INFO  server.RaftServerConfigKeys (ConfUtils.java:logGet(43)) - raft.server.retrycache.expirytime = 600000ms (custom)
2019-09-24 02:26:57,530 [pool-357-thread-1] INFO  impl.RaftServerImpl (RaftServerImpl.java:start(185)) - 0ea5082d-669c-4012-8d5c-e2723b741e83@group-E1AAFD066F11: start as a follower, conf=-1: [0ea5082d-669c-4012-8d5c-e2723b741e83:192.168.151.121:46824], old=null
2019-09-24 02:26:57,530 [pool-357-thread-1] INFO  impl.RaftServerImpl (RaftServerImpl.java:setRole(174)) - 0ea5082d-669c-4012-8d5c-e2723b741e83@group-E1AAFD066F11: changes role from      null to FOLLOWER at term 0 for startAsFollower
2019-09-24 02:26:57,530 [pool-357-thread-1] INFO  impl.RoleInfo (RoleInfo.java:updateAndGet(143)) - 0ea5082d-669c-4012-8d5c-e2723b741e83: start FollowerState
2019-09-24 02:26:57,531 [pool-357-thread-1] INFO  util.JmxRegister (JmxRegister.java:tryRegister(44)) - Successfully registered JMX Bean with object name Ratis:service=RaftServer,group=group-E1AAFD066F11,id=0ea5082d-669c-4012-8d5c-e2723b741e83
2019-09-24 02:26:57,536 [RatisPipelineUtilsThread] INFO  pipeline.PipelineStateManager (PipelineStateManager.java:addPipeline(56)) - Created pipeline Pipeline[ Id: 33bcfa8b-30df-4c6c-a0d0-e1aafd066f11, Nodes: 0ea5082d-669c-4012-8d5c-e2723b741e83{ip: 192.168.151.121, host: pr-hdds-2162-tjkd5-3209850126, networkLocation: /rack1, certSerialId: null}, Type:RATIS, Factor:ONE, State:OPEN]
2019-09-24 02:26:57,551 [grpc-default-executor-0] INFO  impl.RaftServerProxy (RaftServerProxy.java:addNew(89)) - c1f213cf-52f9-46af-9dd6-cbe0bbbf4493: addNew group-A4B08C4637EB:[c1f213cf-52f9-46af-9dd6-cbe0bbbf4493:192.168.151.121:45532, da42697a-0d77-415b-812b-51cfdf9a7055:192.168.151.121:40285, 88c7199a-3ab1-4d00-b74d-de8853add08b:192.168.151.121:46371] returns group-A4B08C4637EB:java.util.concurrent.CompletableFuture@54879593[Not completed]
2019-09-24 02:26:57,551 [grpc-default-executor-2] INFO  impl.RaftServerProxy (RaftServerProxy.java:addNew(89)) - da42697a-0d77-415b-812b-51cfdf9a7055: addNew group-A4B08C4637EB:[c1f213cf-52f9-46af-9dd6-cbe0bbbf4493:192.168.151.121:45532, da42697a-0d77-415b-812b-51cfdf9a7055:192.168.151.121:40285, 88c7199a-3ab1-4d00-b74d-de8853add08b:192.168.151.121:46371] returns group-A4B08C4637EB:java.util.concurrent.CompletableFuture@d75156b[Not completed]
2019-09-24 02:26:57,551 [grpc-default-executor-1] INFO  impl.RaftServerProxy (RaftServerProxy.java:addNew(89)) - 88c7199a-3ab1-4d00-b74d-de8853add08b: addNew group-A4B08C4637EB:[c1f213cf-52f9-46af-9dd6-cbe0bbbf4493:192.168.151.121:45532, da42697a-0d77-415b-812b-51cfdf9a7055:192.168.151.121:40285, 88c7199a-3ab1-4d00-b74d-de8853add08b:192.168.151.121:46371] returns group-A4B08C4637EB:java.util.concurrent.CompletableFuture@3e6efcc8[Not completed]
2019-09-24 02:26:57,552 [pool-347-thread-1] INFO  impl.RaftServerImpl (RaftServerImpl.java:<init>(95)) - da42697a-0d77-415b-812b-51cfdf9a7055: new RaftServerImpl for group-A4B08C4637EB:[c1f213cf-52f9-46af-9dd6-cbe0bbbf4493:192.168.151.121:45532, da42697a-0d77-415b-812b-51cfdf9a7055:192.168.151.121:40285, 88c7199a-3ab1-4d00-b74d-de8853add08b:192.168.151.121:46371] with ContainerStateMachine:uninitialized
2019-09-24 02:26:57,553 [pool-347-thread-1] INFO  server.RaftServerConfigKeys (ConfUtils.java:logGet(43)) - raft.server.rpc.timeout.min = 1s (custom)
2019-09-24 02:26:57,553 [pool-347-thread-1] INFO  server.RaftServerConfigKeys (ConfUtils.java:logGet(43)) - raft.server.rpc.timeout.max = 1200ms (custom)
2019-09-24 02:26:57,553 [pool-347-thread-1] INFO  server.RaftServerConfigKeys (ConfUtils.java:logGet(43)) - raft.server.rpcslowness.timeout = 120s (custom)
2019-09-24 02:26:57,553 [pool-347-thread-1] INFO  server.RaftServerConfigKeys (ConfUtils.java:logGet(43)) - raft.server.sleep.deviation.threshold = 300 (default)
2019-09-24 02:26:57,553 [pool-347-thread-1] INFO  server.RaftServerConfigKeys (ConfUtils.java:logGet(43)) - raft.server.log.appender.install.snapshot.enabled = false (custom)
2019-09-24 02:26:57,553 [pool-347-thread-1] INFO  impl.RaftServerImpl (ServerState.java:<init>(103)) - da42697a-0d77-415b-812b-51cfdf9a7055@group-A4B08C4637EB: ConfigurationManager, init=-1: [c1f213cf-52f9-46af-9dd6-cbe0bbbf4493:192.168.151.121:45532, da42697a-0d77-415b-812b-51cfdf9a7055:192.168.151.121:40285, 88c7199a-3ab1-4d00-b74d-de8853add08b:192.168.151.121:46371], old=null, confs=<EMPTY_MAP>
2019-09-24 02:26:57,553 [pool-307-thread-1] INFO  impl.RaftServerImpl (RaftServerImpl.java:<init>(95)) - 88c7199a-3ab1-4d00-b74d-de8853add08b: new RaftServerImpl for group-A4B08C4637EB:[c1f213cf-52f9-46af-9dd6-cbe0bbbf4493:192.168.151.121:45532, da42697a-0d77-415b-812b-51cfdf9a7055:192.168.151.121:40285, 88c7199a-3ab1-4d00-b74d-de8853add08b:192.168.151.121:46371] with ContainerStateMachine:uninitialized
2019-09-24 02:26:57,553 [pool-347-thread-1] INFO  server.RaftServerConfigKeys (ConfUtils.java:logGet(43)) - raft.server.storage.dir = [/workdir/hadoop-ozone/integration-test/target/test-dir/MiniOzoneClusterImpl-7938e232-3eaf-47c6-84ae-b0e11761d891/datanode-8/data/ratis] (custom)
2019-09-24 02:26:57,553 [pool-307-thread-1] INFO  server.RaftServerConfigKeys (ConfUtils.java:logGet(43)) - raft.server.rpc.timeout.min = 1s (custom)
2019-09-24 02:26:57,554 [pool-307-thread-1] INFO  server.RaftServerConfigKeys (ConfUtils.java:logGet(43)) - raft.server.rpc.timeout.max = 1200ms (custom)
2019-09-24 02:26:57,554 [pool-347-thread-1] INFO  storage.RaftStorageDirectory (RaftStorageDirectory.java:analyzeStorage(246)) - The storage directory /workdir/hadoop-ozone/integration-test/target/test-dir/MiniOzoneClusterImpl-7938e232-3eaf-47c6-84ae-b0e11761d891/datanode-8/data/ratis/80756e83-8c48-4e65-88be-a4b08c4637eb does not exist. Creating ...
2019-09-24 02:26:57,554 [pool-307-thread-1] INFO  server.RaftServerConfigKeys (ConfUtils.java:logGet(43)) - raft.server.rpcslowness.timeout = 120s (custom)
2019-09-24 02:26:57,554 [pool-337-thread-1] INFO  impl.RaftServerImpl (RaftServerImpl.java:<init>(95)) - c1f213cf-52f9-46af-9dd6-cbe0bbbf4493: new RaftServerImpl for group-A4B08C4637EB:[c1f213cf-52f9-46af-9dd6-cbe0bbbf4493:192.168.151.121:45532, da42697a-0d77-415b-812b-51cfdf9a7055:192.168.151.121:40285, 88c7199a-3ab1-4d00-b74d-de8853add08b:192.168.151.121:46371] with ContainerStateMachine:uninitialized
2019-09-24 02:26:57,554 [pool-307-thread-1] INFO  server.RaftServerConfigKeys (ConfUtils.java:logGet(43)) - raft.server.sleep.deviation.threshold = 300 (default)
2019-09-24 02:26:57,554 [pool-337-thread-1] INFO  server.RaftServerConfigKeys (ConfUtils.java:logGet(43)) - raft.server.rpc.timeout.min = 1s (custom)
2019-09-24 02:26:57,554 [pool-307-thread-1] INFO  server.RaftServerConfigKeys (ConfUtils.java:logGet(43)) - raft.server.log.appender.install.snapshot.enabled = false (custom)
2019-09-24 02:26:57,555 [pool-337-thread-1] INFO  server.RaftServerConfigKeys (ConfUtils.java:logGet(43)) - raft.server.rpc.timeout.max = 1200ms (custom)
2019-09-24 02:26:57,555 [pool-307-thread-1] INFO  impl.RaftServerImpl (ServerState.java:<init>(103)) - 88c7199a-3ab1-4d00-b74d-de8853add08b@group-A4B08C4637EB: ConfigurationManager, init=-1: [c1f213cf-52f9-46af-9dd6-cbe0bbbf4493:192.168.151.121:45532, da42697a-0d77-415b-812b-51cfdf9a7055:192.168.151.121:40285, 88c7199a-3ab1-4d00-b74d-de8853add08b:192.168.151.121:46371], old=null, confs=<EMPTY_MAP>
2019-09-24 02:26:57,555 [pool-337-thread-1] INFO  server.RaftServerConfigKeys (ConfUtils.java:logGet(43)) - raft.server.rpcslowness.timeout = 120s (custom)
2019-09-24 02:26:57,555 [pool-307-thread-1] INFO  server.RaftServerConfigKeys (ConfUtils.java:logGet(43)) - raft.server.storage.dir = [/workdir/hadoop-ozone/integration-test/target/test-dir/MiniOzoneClusterImpl-7938e232-3eaf-47c6-84ae-b0e11761d891/datanode-4/data/ratis] (custom)
2019-09-24 02:26:57,555 [pool-337-thread-1] INFO  server.RaftServerConfigKeys (ConfUtils.java:logGet(43)) - raft.server.sleep.deviation.threshold = 300 (default)
2019-09-24 02:26:57,556 [pool-337-thread-1] INFO  server.RaftServerConfigKeys (ConfUtils.java:logGet(43)) - raft.server.log.appender.install.snapshot.enabled = false (custom)
2019-09-24 02:26:57,556 [pool-307-thread-1] INFO  storage.RaftStorageDirectory (RaftStorageDirectory.java:analyzeStorage(246)) - The storage directory /workdir/hadoop-ozone/integration-test/target/test-dir/MiniOzoneClusterImpl-7938e232-3eaf-47c6-84ae-b0e11761d891/datanode-4/data/ratis/80756e83-8c48-4e65-88be-a4b08c4637eb does not exist. Creating ...
2019-09-24 02:26:57,556 [pool-337-thread-1] INFO  impl.RaftServerImpl (ServerState.java:<init>(103)) - c1f213cf-52f9-46af-9dd6-cbe0bbbf4493@group-A4B08C4637EB: ConfigurationManager, init=-1: [c1f213cf-52f9-46af-9dd6-cbe0bbbf4493:192.168.151.121:45532, da42697a-0d77-415b-812b-51cfdf9a7055:192.168.151.121:40285, 88c7199a-3ab1-4d00-b74d-de8853add08b:192.168.151.121:46371], old=null, confs=<EMPTY_MAP>
2019-09-24 02:26:57,556 [pool-337-thread-1] INFO  server.RaftServerConfigKeys (ConfUtils.java:logGet(43)) - raft.server.storage.dir = [/workdir/hadoop-ozone/integration-test/target/test-dir/MiniOzoneClusterImpl-7938e232-3eaf-47c6-84ae-b0e11761d891/datanode-7/data/ratis] (custom)
2019-09-24 02:26:57,557 [pool-337-thread-1] INFO  storage.RaftStorageDirectory (RaftStorageDirectory.java:analyzeStorage(246)) - The storage directory /workdir/hadoop-ozone/integration-test/target/test-dir/MiniOzoneClusterImpl-7938e232-3eaf-47c6-84ae-b0e11761d891/datanode-7/data/ratis/80756e83-8c48-4e65-88be-a4b08c4637eb does not exist. Creating ...
2019-09-24 02:26:57,567 [pool-347-thread-1] INFO  storage.RaftStorageDirectory (RaftStorageDirectory.java:tryLock(328)) - Lock on /workdir/hadoop-ozone/integration-test/target/test-dir/MiniOzoneClusterImpl-7938e232-3eaf-47c6-84ae-b0e11761d891/datanode-8/data/ratis/80756e83-8c48-4e65-88be-a4b08c4637eb/in_use.lock acquired by nodename 30927@pr-hdds-2162-tjkd5-3209850126
2019-09-24 02:26:57,567 [pool-307-thread-1] INFO  storage.RaftStorageDirectory (RaftStorageDirectory.java:tryLock(328)) - Lock on /workdir/hadoop-ozone/integration-test/target/test-dir/MiniOzoneClusterImpl-7938e232-3eaf-47c6-84ae-b0e11761d891/datanode-4/data/ratis/80756e83-8c48-4e65-88be-a4b08c4637eb/in_use.lock acquired by nodename 30927@pr-hdds-2162-tjkd5-3209850126
2019-09-24 02:26:57,567 [pool-337-thread-1] INFO  storage.RaftStorageDirectory (RaftStorageDirectory.java:tryLock(328)) - Lock on /workdir/hadoop-ozone/integration-test/target/test-dir/MiniOzoneClusterImpl-7938e232-3eaf-47c6-84ae-b0e11761d891/datanode-7/data/ratis/80756e83-8c48-4e65-88be-a4b08c4637eb/in_use.lock acquired by nodename 30927@pr-hdds-2162-tjkd5-3209850126
2019-09-24 02:26:57,581 [pool-347-thread-1] INFO  storage.RaftStorage (RaftStorage.java:format(72)) - Storage directory /workdir/hadoop-ozone/integration-test/target/test-dir/MiniOzoneClusterImpl-7938e232-3eaf-47c6-84ae-b0e11761d891/datanode-8/data/ratis/80756e83-8c48-4e65-88be-a4b08c4637eb has been successfully formatted.
2019-09-24 02:26:57,581 [pool-337-thread-1] INFO  storage.RaftStorage (RaftStorage.java:format(72)) - Storage directory /workdir/hadoop-ozone/integration-test/target/test-dir/MiniOzoneClusterImpl-7938e232-3eaf-47c6-84ae-b0e11761d891/datanode-7/data/ratis/80756e83-8c48-4e65-88be-a4b08c4637eb has been successfully formatted.
2019-09-24 02:26:57,581 [pool-307-thread-1] INFO  storage.RaftStorage (RaftStorage.java:format(72)) - Storage directory /workdir/hadoop-ozone/integration-test/target/test-dir/MiniOzoneClusterImpl-7938e232-3eaf-47c6-84ae-b0e11761d891/datanode-4/data/ratis/80756e83-8c48-4e65-88be-a4b08c4637eb has been successfully formatted.
2019-09-24 02:26:57,581 [pool-347-thread-1] INFO  ratis.ContainerStateMachine (ContainerStateMachine.java:loadSnapshot(230)) - group-A4B08C4637EB: The snapshot info is null. Setting the last applied indexto:(t:0, i:~)
2019-09-24 02:26:57,582 [pool-307-thread-1] INFO  ratis.ContainerStateMachine (ContainerStateMachine.java:loadSnapshot(230)) - group-A4B08C4637EB: The snapshot info is null. Setting the last applied indexto:(t:0, i:~)
2019-09-24 02:26:57,582 [pool-337-thread-1] INFO  ratis.ContainerStateMachine (ContainerStateMachine.java:loadSnapshot(230)) - group-A4B08C4637EB: The snapshot info is null. Setting the last applied indexto:(t:0, i:~)
2019-09-24 02:26:57,582 [pool-307-thread-1] INFO  server.RaftServerConfigKeys (ConfUtils.java:logGet(43)) - raft.server.notification.no-leader.timeout = 120s (custom)
2019-09-24 02:26:57,582 [pool-347-thread-1] INFO  server.RaftServerConfigKeys (ConfUtils.java:logGet(43)) - raft.server.notification.no-leader.timeout = 120s (custom)
2019-09-24 02:26:57,582 [pool-307-thread-1] INFO  server.RaftServerConfigKeys (ConfUtils.java:logGet(43)) - raft.server.log.use.memory = false (default)
2019-09-24 02:26:57,582 [pool-337-thread-1] INFO  server.RaftServerConfigKeys (ConfUtils.java:logGet(43)) - raft.server.notification.no-leader.timeout = 120s (custom)
2019-09-24 02:26:57,582 [pool-307-thread-1] INFO  server.RaftServerConfigKeys (ConfUtils.java:logGet(43)) - raft.server.log.purge.gap = 1000000 (custom)
2019-09-24 02:26:57,582 [pool-347-thread-1] INFO  server.RaftServerConfigKeys (ConfUtils.java:logGet(43)) - raft.server.log.use.memory = false (default)
2019-09-24 02:26:57,582 [pool-307-thread-1] INFO  server.RaftServerConfigKeys (ConfUtils.java:logGet(43)) - raft.server.log.appender.buffer.byte-limit = 33554432 (custom)
2019-09-24 02:26:57,582 [pool-337-thread-1] INFO  server.RaftServerConfigKeys (ConfUtils.java:logGet(43)) - raft.server.log.use.memory = false (default)
2019-09-24 02:26:57,583 [pool-307-thread-1] INFO  server.RaftServerConfigKeys (ConfUtils.java:logGet(43)) - raft.server.log.segment.size.max = 1048576 (custom)
2019-09-24 02:26:57,583 [pool-347-thread-1] INFO  server.RaftServerConfigKeys (ConfUtils.java:logGet(43)) - raft.server.log.purge.gap = 1000000 (custom)
2019-09-24 02:26:57,583 [pool-307-thread-1] INFO  server.RaftServerConfigKeys (ConfUtils.java:logGet(43)) - raft.server.log.segment.cache.num.max = 2 (custom)
2019-09-24 02:26:57,583 [pool-337-thread-1] INFO  server.RaftServerConfigKeys (ConfUtils.java:logGet(43)) - raft.server.log.purge.gap = 1000000 (custom)
2019-09-24 02:26:57,583 [pool-307-thread-1] INFO  segmented.SegmentedRaftLogWorker (SegmentedRaftLogWorker.java:<init>(172)) - new 88c7199a-3ab1-4d00-b74d-de8853add08b@group-A4B08C4637EB-SegmentedRaftLogWorker for RaftStorage:Storage Directory /workdir/hadoop-ozone/integration-test/target/test-dir/MiniOzoneClusterImpl-7938e232-3eaf-47c6-84ae-b0e11761d891/datanode-4/data/ratis/80756e83-8c48-4e65-88be-a4b08c4637eb
2019-09-24 02:26:57,583 [pool-347-thread-1] INFO  server.RaftServerConfigKeys (ConfUtils.java:logGet(43)) - raft.server.log.appender.buffer.byte-limit = 33554432 (custom)
2019-09-24 02:26:57,583 [pool-307-thread-1] INFO  server.RaftServerConfigKeys (ConfUtils.java:logGet(43)) - raft.server.log.queue.byte-limit = 2147483647 (custom)
2019-09-24 02:26:57,583 [pool-337-thread-1] INFO  server.RaftServerConfigKeys (ConfUtils.java:logGet(43)) - raft.server.log.appender.buffer.byte-limit = 33554432 (custom)
2019-09-24 02:26:57,584 [pool-307-thread-1] INFO  server.RaftServerConfigKeys (ConfUtils.java:logGet(43)) - raft.server.log.queue.element-limit = 1024 (custom)
2019-09-24 02:26:57,583 [pool-347-thread-1] INFO  server.RaftServerConfigKeys (ConfUtils.java:logGet(43)) - raft.server.log.segment.size.max = 1048576 (custom)
2019-09-24 02:26:57,584 [pool-307-thread-1] INFO  server.RaftServerConfigKeys (ConfUtils.java:logGet(43)) - raft.server.log.segment.size.max = 1048576 (custom)
2019-09-24 02:26:57,584 [pool-337-thread-1] INFO  server.RaftServerConfigKeys (ConfUtils.java:logGet(43)) - raft.server.log.segment.size.max = 1048576 (custom)
2019-09-24 02:26:57,584 [pool-307-thread-1] INFO  server.RaftServerConfigKeys (ConfUtils.java:logGet(43)) - raft.server.log.preallocated.size = 16384 (custom)
2019-09-24 02:26:57,584 [pool-347-thread-1] INFO  server.RaftServerConfigKeys (ConfUtils.java:logGet(43)) - raft.server.log.segment.cache.num.max = 2 (custom)
2019-09-24 02:26:57,584 [pool-307-thread-1] INFO  server.RaftServerConfigKeys (ConfUtils.java:logGet(43)) - raft.server.log.write.buffer.size = 33554432 (custom)
2019-09-24 02:26:57,584 [pool-337-thread-1] INFO  server.RaftServerConfigKeys (ConfUtils.java:logGet(43)) - raft.server.log.segment.cache.num.max = 2 (custom)
2019-09-24 02:26:57,584 [pool-307-thread-1] INFO  server.RaftServerConfigKeys (ConfUtils.java:logGet(43)) - raft.server.log.force.sync.num = 128 (default)
2019-09-24 02:26:57,584 [pool-347-thread-1] INFO  segmented.SegmentedRaftLogWorker (SegmentedRaftLogWorker.java:<init>(172)) - new da42697a-0d77-415b-812b-51cfdf9a7055@group-A4B08C4637EB-SegmentedRaftLogWorker for RaftStorage:Storage Directory /workdir/hadoop-ozone/integration-test/target/test-dir/MiniOzoneClusterImpl-7938e232-3eaf-47c6-84ae-b0e11761d891/datanode-8/data/ratis/80756e83-8c48-4e65-88be-a4b08c4637eb
2019-09-24 02:26:57,585 [pool-307-thread-1] INFO  server.RaftServerConfigKeys (ConfUtils.java:logGet(43)) - raft.server.log.statemachine.data.sync = true (default)
2019-09-24 02:26:57,584 [pool-337-thread-1] INFO  segmented.SegmentedRaftLogWorker (SegmentedRaftLogWorker.java:<init>(172)) - new c1f213cf-52f9-46af-9dd6-cbe0bbbf4493@group-A4B08C4637EB-SegmentedRaftLogWorker for RaftStorage:Storage Directory /workdir/hadoop-ozone/integration-test/target/test-dir/MiniOzoneClusterImpl-7938e232-3eaf-47c6-84ae-b0e11761d891/datanode-7/data/ratis/80756e83-8c48-4e65-88be-a4b08c4637eb
2019-09-24 02:26:57,585 [pool-307-thread-1] INFO  server.RaftServerConfigKeys (ConfUtils.java:logGet(43)) - raft.server.log.statemachine.data.sync.timeout = 10s (default)
2019-09-24 02:26:57,585 [pool-347-thread-1] INFO  server.RaftServerConfigKeys (ConfUtils.java:logGet(43)) - raft.server.log.queue.byte-limit = 2147483647 (custom)
2019-09-24 02:26:57,585 [pool-307-thread-1] INFO  server.RaftServerConfigKeys (ConfUtils.java:logGet(43)) - raft.server.log.statemachine.data.sync.timeout.retry = -1 (default)
2019-09-24 02:26:57,585 [pool-337-thread-1] INFO  server.RaftServerConfigKeys (ConfUtils.java:logGet(43)) - raft.server.log.queue.byte-limit = 2147483647 (custom)
2019-09-24 02:26:57,585 [pool-307-thread-1] INFO  server.RaftServerConfigKeys (ConfUtils.java:logGet(43)) - raft.server.log.statemachine.data.caching.enabled = true (custom)
2019-09-24 02:26:57,585 [pool-347-thread-1] INFO  server.RaftServerConfigKeys (ConfUtils.java:logGet(43)) - raft.server.log.queue.element-limit = 1024 (custom)
2019-09-24 02:26:57,585 [pool-337-thread-1] INFO  server.RaftServerConfigKeys (ConfUtils.java:logGet(43)) - raft.server.log.queue.element-limit = 1024 (custom)
2019-09-24 02:26:57,586 [pool-307-thread-1] INFO  segmented.SegmentedRaftLogWorker (SegmentedRaftLogWorker.java:lambda$new$0(132)) - 88c7199a-3ab1-4d00-b74d-de8853add08b@group-A4B08C4637EB-SegmentedRaftLogWorker: flushIndex: setUnconditionally 0 -> -1
2019-09-24 02:26:57,586 [pool-347-thread-1] INFO  server.RaftServerConfigKeys (ConfUtils.java:logGet(43)) - raft.server.log.segment.size.max = 1048576 (custom)
2019-09-24 02:26:57,586 [pool-337-thread-1] INFO  server.RaftServerConfigKeys (ConfUtils.java:logGet(43)) - raft.server.log.segment.size.max = 1048576 (custom)
2019-09-24 02:26:57,586 [pool-307-thread-1] INFO  server.RaftServerConfigKeys (ConfUtils.java:logGet(43)) - raft.server.snapshot.auto.trigger.enabled = true (custom)
2019-09-24 02:26:57,586 [pool-347-thread-1] INFO  server.RaftServerConfigKeys (ConfUtils.java:logGet(43)) - raft.server.log.preallocated.size = 16384 (custom)
2019-09-24 02:26:57,586 [pool-307-thread-1] INFO  server.RaftServerConfigKeys (ConfUtils.java:logGet(43)) - raft.server.snapshot.auto.trigger.threshold = 10000 (custom)
2019-09-24 02:26:57,586 [pool-337-thread-1] INFO  server.RaftServerConfigKeys (ConfUtils.java:logGet(43)) - raft.server.log.preallocated.size = 16384 (custom)
2019-09-24 02:26:57,586 [pool-307-thread-1] INFO  server.RaftServerConfigKeys (ConfUtils.java:logGet(43)) - raft.server.snapshot.retention.num.files = 5 (custom)
2019-09-24 02:26:57,586 [pool-347-thread-1] INFO  server.RaftServerConfigKeys (ConfUtils.java:logGet(43)) - raft.server.log.write.buffer.size = 33554432 (custom)
2019-09-24 02:26:57,587 [pool-307-thread-1] INFO  server.RaftServerConfigKeys (ConfUtils.java:logGet(43)) - raft.server.retrycache.expirytime = 600000ms (custom)
2019-09-24 02:26:57,586 [pool-337-thread-1] INFO  server.RaftServerConfigKeys (ConfUtils.java:logGet(43)) - raft.server.log.write.buffer.size = 33554432 (custom)
2019-09-24 02:26:57,587 [pool-347-thread-1] INFO  server.RaftServerConfigKeys (ConfUtils.java:logGet(43)) - raft.server.log.force.sync.num = 128 (default)
2019-09-24 02:26:57,587 [pool-337-thread-1] INFO  server.RaftServerConfigKeys (ConfUtils.java:logGet(43)) - raft.server.log.force.sync.num = 128 (default)
2019-09-24 02:26:57,587 [pool-347-thread-1] INFO  server.RaftServerConfigKeys (ConfUtils.java:logGet(43)) - raft.server.log.statemachine.data.sync = true (default)
2019-09-24 02:26:57,587 [pool-337-thread-1] INFO  server.RaftServerConfigKeys (ConfUtils.java:logGet(43)) - raft.server.log.statemachine.data.sync = true (default)
2019-09-24 02:26:57,587 [pool-347-thread-1] INFO  server.RaftServerConfigKeys (ConfUtils.java:logGet(43)) - raft.server.log.statemachine.data.sync.timeout = 10s (default)
2019-09-24 02:26:57,587 [pool-337-thread-1] INFO  server.RaftServerConfigKeys (ConfUtils.java:logGet(43)) - raft.server.log.statemachine.data.sync.timeout = 10s (default)
2019-09-24 02:26:57,588 [pool-347-thread-1] INFO  server.RaftServerConfigKeys (ConfUtils.java:logGet(43)) - raft.server.log.statemachine.data.sync.timeout.retry = -1 (default)
2019-09-24 02:26:57,588 [pool-337-thread-1] INFO  server.RaftServerConfigKeys (ConfUtils.java:logGet(43)) - raft.server.log.statemachine.data.sync.timeout.retry = -1 (default)
2019-09-24 02:26:57,588 [pool-347-thread-1] INFO  server.RaftServerConfigKeys (ConfUtils.java:logGet(43)) - raft.server.log.statemachine.data.caching.enabled = true (custom)
2019-09-24 02:26:57,588 [pool-337-thread-1] INFO  server.RaftServerConfigKeys (ConfUtils.java:logGet(43)) - raft.server.log.statemachine.data.caching.enabled = true (custom)
2019-09-24 02:26:57,588 [pool-347-thread-1] INFO  segmented.SegmentedRaftLogWorker (SegmentedRaftLogWorker.java:lambda$new$0(132)) - da42697a-0d77-415b-812b-51cfdf9a7055@group-A4B08C4637EB-SegmentedRaftLogWorker: flushIndex: setUnconditionally 0 -> -1
2019-09-24 02:26:57,588 [pool-337-thread-1] INFO  segmented.SegmentedRaftLogWorker (SegmentedRaftLogWorker.java:lambda$new$0(132)) - c1f213cf-52f9-46af-9dd6-cbe0bbbf4493@group-A4B08C4637EB-SegmentedRaftLogWorker: flushIndex: setUnconditionally 0 -> -1
2019-09-24 02:26:57,589 [pool-347-thread-1] INFO  server.RaftServerConfigKeys (ConfUtils.java:logGet(43)) - raft.server.snapshot.auto.trigger.enabled = true (custom)
2019-09-24 02:26:57,589 [pool-307-thread-1] INFO  impl.RaftServerImpl (RaftServerImpl.java:start(185)) - 88c7199a-3ab1-4d00-b74d-de8853add08b@group-A4B08C4637EB: start as a follower, conf=-1: [c1f213cf-52f9-46af-9dd6-cbe0bbbf4493:192.168.151.121:45532, da42697a-0d77-415b-812b-51cfdf9a7055:192.168.151.121:40285, 88c7199a-3ab1-4d00-b74d-de8853add08b:192.168.151.121:46371], old=null
2019-09-24 02:26:57,589 [pool-337-thread-1] INFO  server.RaftServerConfigKeys (ConfUtils.java:logGet(43)) - raft.server.snapshot.auto.trigger.enabled = true (custom)
2019-09-24 02:26:57,589 [pool-307-thread-1] INFO  impl.RaftServerImpl (RaftServerImpl.java:setRole(174)) - 88c7199a-3ab1-4d00-b74d-de8853add08b@group-A4B08C4637EB: changes role from      null to FOLLOWER at term 0 for startAsFollower
2019-09-24 02:26:57,589 [pool-347-thread-1] INFO  server.RaftServerConfigKeys (ConfUtils.java:logGet(43)) - raft.server.snapshot.auto.trigger.threshold = 10000 (custom)
2019-09-24 02:26:57,589 [pool-307-thread-1] INFO  impl.RoleInfo (RoleInfo.java:updateAndGet(143)) - 88c7199a-3ab1-4d00-b74d-de8853add08b: start FollowerState
2019-09-24 02:26:57,589 [pool-337-thread-1] INFO  server.RaftServerConfigKeys (ConfUtils.java:logGet(43)) - raft.server.snapshot.auto.trigger.threshold = 10000 (custom)
2019-09-24 02:26:57,589 [pool-347-thread-1] INFO  server.RaftServerConfigKeys (ConfUtils.java:logGet(43)) - raft.server.snapshot.retention.num.files = 5 (custom)
2019-09-24 02:26:57,589 [pool-337-thread-1] INFO  server.RaftServerConfigKeys (ConfUtils.java:logGet(43)) - raft.server.snapshot.retention.num.files = 5 (custom)
2019-09-24 02:26:57,590 [pool-347-thread-1] INFO  server.RaftServerConfigKeys (ConfUtils.java:logGet(43)) - raft.server.retrycache.expirytime = 600000ms (custom)
2019-09-24 02:26:57,590 [pool-307-thread-1] INFO  util.JmxRegister (JmxRegister.java:tryRegister(44)) - Successfully registered JMX Bean with object name Ratis:service=RaftServer,group=group-A4B08C4637EB,id=88c7199a-3ab1-4d00-b74d-de8853add08b
2019-09-24 02:26:57,590 [pool-337-thread-1] INFO  server.RaftServerConfigKeys (ConfUtils.java:logGet(43)) - raft.server.retrycache.expirytime = 600000ms (custom)
2019-09-24 02:26:57,595 [pool-347-thread-1] INFO  impl.RaftServerImpl (RaftServerImpl.java:start(185)) - da42697a-0d77-415b-812b-51cfdf9a7055@group-A4B08C4637EB: start as a follower, conf=-1: [c1f213cf-52f9-46af-9dd6-cbe0bbbf4493:192.168.151.121:45532, da42697a-0d77-415b-812b-51cfdf9a7055:192.168.151.121:40285, 88c7199a-3ab1-4d00-b74d-de8853add08b:192.168.151.121:46371], old=null
2019-09-24 02:26:57,595 [pool-347-thread-1] INFO  impl.RaftServerImpl (RaftServerImpl.java:setRole(174)) - da42697a-0d77-415b-812b-51cfdf9a7055@group-A4B08C4637EB: changes role from      null to FOLLOWER at term 0 for startAsFollower
2019-09-24 02:26:57,595 [pool-347-thread-1] INFO  impl.RoleInfo (RoleInfo.java:updateAndGet(143)) - da42697a-0d77-415b-812b-51cfdf9a7055: start FollowerState
2019-09-24 02:26:57,595 [pool-337-thread-1] INFO  impl.RaftServerImpl (RaftServerImpl.java:start(185)) - c1f213cf-52f9-46af-9dd6-cbe0bbbf4493@group-A4B08C4637EB: start as a follower, conf=-1: [c1f213cf-52f9-46af-9dd6-cbe0bbbf4493:192.168.151.121:45532, da42697a-0d77-415b-812b-51cfdf9a7055:192.168.151.121:40285, 88c7199a-3ab1-4d00-b74d-de8853add08b:192.168.151.121:46371], old=null
2019-09-24 02:26:57,596 [pool-347-thread-1] INFO  util.JmxRegister (JmxRegister.java:tryRegister(44)) - Successfully registered JMX Bean with object name Ratis:service=RaftServer,group=group-A4B08C4637EB,id=da42697a-0d77-415b-812b-51cfdf9a7055
2019-09-24 02:26:57,596 [pool-337-thread-1] INFO  impl.RaftServerImpl (RaftServerImpl.java:setRole(174)) - c1f213cf-52f9-46af-9dd6-cbe0bbbf4493@group-A4B08C4637EB: changes role from      null to FOLLOWER at term 0 for startAsFollower
2019-09-24 02:26:57,596 [pool-337-thread-1] INFO  impl.RoleInfo (RoleInfo.java:updateAndGet(143)) - c1f213cf-52f9-46af-9dd6-cbe0bbbf4493: start FollowerState
2019-09-24 02:26:57,618 [pool-337-thread-1] INFO  util.JmxRegister (JmxRegister.java:tryRegister(44)) - Successfully registered JMX Bean with object name Ratis:service=RaftServer,group=group-A4B08C4637EB,id=c1f213cf-52f9-46af-9dd6-cbe0bbbf4493
2019-09-24 02:26:57,646 [RatisPipelineUtilsThread] INFO  pipeline.PipelineStateManager (PipelineStateManager.java:addPipeline(56)) - Created pipeline Pipeline[ Id: 80756e83-8c48-4e65-88be-a4b08c4637eb, Nodes: c1f213cf-52f9-46af-9dd6-cbe0bbbf4493{ip: 192.168.151.121, host: pr-hdds-2162-tjkd5-3209850126, networkLocation: /rack1, certSerialId: null}88c7199a-3ab1-4d00-b74d-de8853add08b{ip: 192.168.151.121, host: pr-hdds-2162-tjkd5-3209850126, networkLocation: /rack1, certSerialId: null}da42697a-0d77-415b-812b-51cfdf9a7055{ip: 192.168.151.121, host: pr-hdds-2162-tjkd5-3209850126, networkLocation: /rack1, certSerialId: null}, Type:RATIS, Factor:THREE, State:OPEN]
2019-09-24 02:26:57,914 [Thread-4160] INFO  impl.FollowerState (FollowerState.java:run(106)) - 5c5ece1e-aab0-48bd-af7b-25510fc26a4f:group-67F549DA058F changes to CANDIDATE, lastRpcTime:1074, electionTimeout:1074ms
2019-09-24 02:26:57,915 [Thread-4160] INFO  impl.RoleInfo (RoleInfo.java:shutdownFollowerState(121)) - 5c5ece1e-aab0-48bd-af7b-25510fc26a4f: shutdown FollowerState
2019-09-24 02:26:57,915 [Thread-4160] INFO  impl.RaftServerImpl (RaftServerImpl.java:setRole(174)) - 5c5ece1e-aab0-48bd-af7b-25510fc26a4f@group-67F549DA058F: changes role from  FOLLOWER to CANDIDATE at term 0 for changeToCandidate
2019-09-24 02:26:57,915 [Thread-4160] INFO  impl.RoleInfo (RoleInfo.java:updateAndGet(143)) - 5c5ece1e-aab0-48bd-af7b-25510fc26a4f: start LeaderElection
2019-09-24 02:26:57,936 [5c5ece1e-aab0-48bd-af7b-25510fc26a4f@group-67F549DA058F:LeaderElection64] INFO  impl.LeaderElection (LeaderElection.java:askForVotes(182)) - 5c5ece1e-aab0-48bd-af7b-25510fc26a4f@group-67F549DA058F:LeaderElection64: begin an election at term 1 for -1: [5c5ece1e-aab0-48bd-af7b-25510fc26a4f:192.168.151.121:44256], old=null
2019-09-24 02:26:57,939 [5c5ece1e-aab0-48bd-af7b-25510fc26a4f@group-67F549DA058F:LeaderElection64] INFO  impl.RoleInfo (RoleInfo.java:shutdownLeaderElection(134)) - 5c5ece1e-aab0-48bd-af7b-25510fc26a4f: shutdown LeaderElection
2019-09-24 02:26:57,940 [5c5ece1e-aab0-48bd-af7b-25510fc26a4f@group-67F549DA058F:LeaderElection64] INFO  impl.RaftServerImpl (RaftServerImpl.java:setRole(174)) - 5c5ece1e-aab0-48bd-af7b-25510fc26a4f@group-67F549DA058F: changes role from CANDIDATE to LEADER at term 1 for changeToLeader
2019-09-24 02:26:57,940 [5c5ece1e-aab0-48bd-af7b-25510fc26a4f@group-67F549DA058F:LeaderElection64] INFO  impl.RaftServerImpl (ServerState.java:setLeader(253)) - 5c5ece1e-aab0-48bd-af7b-25510fc26a4f@group-67F549DA058F: change Leader from null to 5c5ece1e-aab0-48bd-af7b-25510fc26a4f at term 1 for becomeLeader, leader elected after 1105ms
2019-09-24 02:26:57,940 [5c5ece1e-aab0-48bd-af7b-25510fc26a4f@group-67F549DA058F:LeaderElection64] INFO  server.RaftServerConfigKeys (ConfUtils.java:logGet(43)) - raft.server.staging.catchup.gap = 1000 (default)
2019-09-24 02:26:57,940 [5c5ece1e-aab0-48bd-af7b-25510fc26a4f@group-67F549DA058F:LeaderElection64] INFO  server.RaftServerConfigKeys (ConfUtils.java:logGet(43)) - raft.server.rpc.sleep.time = 25ms (default)
2019-09-24 02:26:57,940 [5c5ece1e-aab0-48bd-af7b-25510fc26a4f@group-67F549DA058F:LeaderElection64] INFO  server.RaftServerConfigKeys (ConfUtils.java:logGet(43)) - raft.server.write.element-limit = 4096 (default)
2019-09-24 02:26:57,941 [5c5ece1e-aab0-48bd-af7b-25510fc26a4f@group-67F549DA058F:LeaderElection64] INFO  server.RaftServerConfigKeys (ConfUtils.java:logGet(43)) - raft.server.watch.timeout = 10s (default)
2019-09-24 02:26:57,941 [Thread-4163] INFO  impl.FollowerState (FollowerState.java:run(106)) - b3222389-c6d4-4a0f-8f23-1c6658166195:group-4106404FCA85 changes to CANDIDATE, lastRpcTime:1028, electionTimeout:1028ms
2019-09-24 02:26:57,941 [5c5ece1e-aab0-48bd-af7b-25510fc26a4f@group-67F549DA058F:LeaderElection64] INFO  server.RaftServerConfigKeys (ConfUtils.java:logGet(43)) - raft.server.watch.timeout.denomination = 1s (default)
2019-09-24 02:26:57,941 [Thread-4163] INFO  impl.RoleInfo (RoleInfo.java:shutdownFollowerState(121)) - b3222389-c6d4-4a0f-8f23-1c6658166195: shutdown FollowerState
2019-09-24 02:26:57,941 [5c5ece1e-aab0-48bd-af7b-25510fc26a4f@group-67F549DA058F:LeaderElection64] INFO  server.RaftServerConfigKeys (ConfUtils.java:logGet(43)) - raft.server.watch.element-limit = 65536 (default)
2019-09-24 02:26:57,941 [Thread-4163] INFO  impl.RaftServerImpl (RaftServerImpl.java:setRole(174)) - b3222389-c6d4-4a0f-8f23-1c6658166195@group-4106404FCA85: changes role from  FOLLOWER to CANDIDATE at term 0 for changeToCandidate
2019-09-24 02:26:57,942 [Thread-4163] INFO  impl.RoleInfo (RoleInfo.java:updateAndGet(143)) - b3222389-c6d4-4a0f-8f23-1c6658166195: start LeaderElection
2019-09-24 02:26:57,949 [5c5ece1e-aab0-48bd-af7b-25510fc26a4f@group-67F549DA058F:LeaderElection64] INFO  impl.RoleInfo (RoleInfo.java:updateAndGet(143)) - 5c5ece1e-aab0-48bd-af7b-25510fc26a4f: start LeaderState
2019-09-24 02:26:57,949 [5c5ece1e-aab0-48bd-af7b-25510fc26a4f@group-67F549DA058F:LeaderElection64] INFO  segmented.SegmentedRaftLogWorker (SegmentedRaftLogWorker.java:startLogSegment(380)) - 5c5ece1e-aab0-48bd-af7b-25510fc26a4f@group-67F549DA058F-SegmentedRaftLogWorker: Starting segment from index:0
2019-09-24 02:26:57,950 [5c5ece1e-aab0-48bd-af7b-25510fc26a4f@group-67F549DA058F:LeaderElection64] INFO  impl.RaftServerImpl (ServerState.java:setRaftConf(354)) - 5c5ece1e-aab0-48bd-af7b-25510fc26a4f@group-67F549DA058F: set configuration 0: [5c5ece1e-aab0-48bd-af7b-25510fc26a4f:192.168.151.121:44256], old=null at 0
2019-09-24 02:26:57,961 [b3222389-c6d4-4a0f-8f23-1c6658166195@group-4106404FCA85:LeaderElection65] INFO  impl.LeaderElection (LeaderElection.java:askForVotes(182)) - b3222389-c6d4-4a0f-8f23-1c6658166195@group-4106404FCA85:LeaderElection65: begin an election at term 1 for -1: [b3222389-c6d4-4a0f-8f23-1c6658166195:192.168.151.121:46156], old=null
2019-09-24 02:26:57,962 [b3222389-c6d4-4a0f-8f23-1c6658166195@group-4106404FCA85:LeaderElection65] INFO  impl.RoleInfo (RoleInfo.java:shutdownLeaderElection(134)) - b3222389-c6d4-4a0f-8f23-1c6658166195: shutdown LeaderElection
2019-09-24 02:26:57,962 [b3222389-c6d4-4a0f-8f23-1c6658166195@group-4106404FCA85:LeaderElection65] INFO  impl.RaftServerImpl (RaftServerImpl.java:setRole(174)) - b3222389-c6d4-4a0f-8f23-1c6658166195@group-4106404FCA85: changes role from CANDIDATE to LEADER at term 1 for changeToLeader
2019-09-24 02:26:57,962 [b3222389-c6d4-4a0f-8f23-1c6658166195@group-4106404FCA85:LeaderElection65] INFO  impl.RaftServerImpl (ServerState.java:setLeader(253)) - b3222389-c6d4-4a0f-8f23-1c6658166195@group-4106404FCA85: change Leader from null to b3222389-c6d4-4a0f-8f23-1c6658166195 at term 1 for becomeLeader, leader elected after 1054ms
2019-09-24 02:26:57,962 [b3222389-c6d4-4a0f-8f23-1c6658166195@group-4106404FCA85:LeaderElection65] INFO  server.RaftServerConfigKeys (ConfUtils.java:logGet(43)) - raft.server.staging.catchup.gap = 1000 (default)
2019-09-24 02:26:57,962 [b3222389-c6d4-4a0f-8f23-1c6658166195@group-4106404FCA85:LeaderElection65] INFO  server.RaftServerConfigKeys (ConfUtils.java:logGet(43)) - raft.server.rpc.sleep.time = 25ms (default)
2019-09-24 02:26:57,962 [b3222389-c6d4-4a0f-8f23-1c6658166195@group-4106404FCA85:LeaderElection65] INFO  server.RaftServerConfigKeys (ConfUtils.java:logGet(43)) - raft.server.write.element-limit = 4096 (default)
2019-09-24 02:26:57,963 [b3222389-c6d4-4a0f-8f23-1c6658166195@group-4106404FCA85:LeaderElection65] INFO  server.RaftServerConfigKeys (ConfUtils.java:logGet(43)) - raft.server.watch.timeout = 10s (default)
2019-09-24 02:26:57,963 [b3222389-c6d4-4a0f-8f23-1c6658166195@group-4106404FCA85:LeaderElection65] INFO  server.RaftServerConfigKeys (ConfUtils.java:logGet(43)) - raft.server.watch.timeout.denomination = 1s (default)
2019-09-24 02:26:57,963 [b3222389-c6d4-4a0f-8f23-1c6658166195@group-4106404FCA85:LeaderElection65] INFO  server.RaftServerConfigKeys (ConfUtils.java:logGet(43)) - raft.server.watch.element-limit = 65536 (default)
2019-09-24 02:26:57,965 [b3222389-c6d4-4a0f-8f23-1c6658166195@group-4106404FCA85:LeaderElection65] INFO  impl.RoleInfo (RoleInfo.java:updateAndGet(143)) - b3222389-c6d4-4a0f-8f23-1c6658166195: start LeaderState
2019-09-24 02:26:57,965 [b3222389-c6d4-4a0f-8f23-1c6658166195@group-4106404FCA85:LeaderElection65] INFO  segmented.SegmentedRaftLogWorker (SegmentedRaftLogWorker.java:startLogSegment(380)) - b3222389-c6d4-4a0f-8f23-1c6658166195@group-4106404FCA85-SegmentedRaftLogWorker: Starting segment from index:0
2019-09-24 02:26:57,966 [b3222389-c6d4-4a0f-8f23-1c6658166195@group-4106404FCA85:LeaderElection65] INFO  impl.RaftServerImpl (ServerState.java:setRaftConf(354)) - b3222389-c6d4-4a0f-8f23-1c6658166195@group-4106404FCA85: set configuration 0: [b3222389-c6d4-4a0f-8f23-1c6658166195:192.168.151.121:46156], old=null at 0
2019-09-24 02:26:58,005 [5c5ece1e-aab0-48bd-af7b-25510fc26a4f@group-67F549DA058F-SegmentedRaftLogWorker] INFO  segmented.SegmentedRaftLogWorker (SegmentedRaftLogWorker.java:execute(569)) - 5c5ece1e-aab0-48bd-af7b-25510fc26a4f@group-67F549DA058F-SegmentedRaftLogWorker: created new log segment /workdir/hadoop-ozone/integration-test/target/test-dir/MiniOzoneClusterImpl-7938e232-3eaf-47c6-84ae-b0e11761d891/datanode-0/data/ratis/c0ebf235-0069-4f76-8ffa-67f549da058f/current/log_inprogress_0
2019-09-24 02:26:58,007 [b3222389-c6d4-4a0f-8f23-1c6658166195@group-4106404FCA85-SegmentedRaftLogWorker] INFO  segmented.SegmentedRaftLogWorker (SegmentedRaftLogWorker.java:execute(569)) - b3222389-c6d4-4a0f-8f23-1c6658166195@group-4106404FCA85-SegmentedRaftLogWorker: created new log segment /workdir/hadoop-ozone/integration-test/target/test-dir/MiniOzoneClusterImpl-7938e232-3eaf-47c6-84ae-b0e11761d891/datanode-1/data/ratis/97555945-1dea-4149-9c85-4106404fca85/current/log_inprogress_0
2019-09-24 02:26:58,126 [Thread-4166] INFO  impl.FollowerState (FollowerState.java:run(106)) - 03fe0df8-8acd-4b48-98b8-ff80530cf21f:group-E2D698D9D625 changes to CANDIDATE, lastRpcTime:1146, electionTimeout:1146ms
2019-09-24 02:26:58,126 [Thread-4166] INFO  impl.RoleInfo (RoleInfo.java:shutdownFollowerState(121)) - 03fe0df8-8acd-4b48-98b8-ff80530cf21f: shutdown FollowerState
2019-09-24 02:26:58,126 [Thread-4166] INFO  impl.RaftServerImpl (RaftServerImpl.java:setRole(174)) - 03fe0df8-8acd-4b48-98b8-ff80530cf21f@group-E2D698D9D625: changes role from  FOLLOWER to CANDIDATE at term 0 for changeToCandidate
2019-09-24 02:26:58,126 [Thread-4166] INFO  impl.RoleInfo (RoleInfo.java:updateAndGet(143)) - 03fe0df8-8acd-4b48-98b8-ff80530cf21f: start LeaderElection
2019-09-24 02:26:58,147 [03fe0df8-8acd-4b48-98b8-ff80530cf21f@group-E2D698D9D625:LeaderElection66] INFO  impl.LeaderElection (LeaderElection.java:askForVotes(182)) - 03fe0df8-8acd-4b48-98b8-ff80530cf21f@group-E2D698D9D625:LeaderElection66: begin an election at term 1 for -1: [03fe0df8-8acd-4b48-98b8-ff80530cf21f:192.168.151.121:46676], old=null
2019-09-24 02:26:58,147 [03fe0df8-8acd-4b48-98b8-ff80530cf21f@group-E2D698D9D625:LeaderElection66] INFO  impl.RoleInfo (RoleInfo.java:shutdownLeaderElection(134)) - 03fe0df8-8acd-4b48-98b8-ff80530cf21f: shutdown LeaderElection
2019-09-24 02:26:58,147 [03fe0df8-8acd-4b48-98b8-ff80530cf21f@group-E2D698D9D625:LeaderElection66] INFO  impl.RaftServerImpl (RaftServerImpl.java:setRole(174)) - 03fe0df8-8acd-4b48-98b8-ff80530cf21f@group-E2D698D9D625: changes role from CANDIDATE to LEADER at term 1 for changeToLeader
2019-09-24 02:26:58,147 [03fe0df8-8acd-4b48-98b8-ff80530cf21f@group-E2D698D9D625:LeaderElection66] INFO  impl.RaftServerImpl (ServerState.java:setLeader(253)) - 03fe0df8-8acd-4b48-98b8-ff80530cf21f@group-E2D698D9D625: change Leader from null to 03fe0df8-8acd-4b48-98b8-ff80530cf21f at term 1 for becomeLeader, leader elected after 1172ms
2019-09-24 02:26:58,148 [03fe0df8-8acd-4b48-98b8-ff80530cf21f@group-E2D698D9D625:LeaderElection66] INFO  server.RaftServerConfigKeys (ConfUtils.java:logGet(43)) - raft.server.staging.catchup.gap = 1000 (default)
2019-09-24 02:26:58,148 [03fe0df8-8acd-4b48-98b8-ff80530cf21f@group-E2D698D9D625:LeaderElection66] INFO  server.RaftServerConfigKeys (ConfUtils.java:logGet(43)) - raft.server.rpc.sleep.time = 25ms (default)
2019-09-24 02:26:58,148 [03fe0df8-8acd-4b48-98b8-ff80530cf21f@group-E2D698D9D625:LeaderElection66] INFO  server.RaftServerConfigKeys (ConfUtils.java:logGet(43)) - raft.server.write.element-limit = 4096 (default)
2019-09-24 02:26:58,148 [03fe0df8-8acd-4b48-98b8-ff80530cf21f@group-E2D698D9D625:LeaderElection66] INFO  server.RaftServerConfigKeys (ConfUtils.java:logGet(43)) - raft.server.watch.timeout = 10s (default)
2019-09-24 02:26:58,148 [03fe0df8-8acd-4b48-98b8-ff80530cf21f@group-E2D698D9D625:LeaderElection66] INFO  server.RaftServerConfigKeys (ConfUtils.java:logGet(43)) - raft.server.watch.timeout.denomination = 1s (default)
2019-09-24 02:26:58,148 [03fe0df8-8acd-4b48-98b8-ff80530cf21f@group-E2D698D9D625:LeaderElection66] INFO  server.RaftServerConfigKeys (ConfUtils.java:logGet(43)) - raft.server.watch.element-limit = 65536 (default)
2019-09-24 02:26:58,150 [Thread-4174] INFO  impl.FollowerState (FollowerState.java:run(106)) - b3222389-c6d4-4a0f-8f23-1c6658166195:group-F6E997B618AC changes to CANDIDATE, lastRpcTime:1103, electionTimeout:1103ms
2019-09-24 02:26:58,150 [Thread-4174] INFO  impl.RoleInfo (RoleInfo.java:shutdownFollowerState(121)) - b3222389-c6d4-4a0f-8f23-1c6658166195: shutdown FollowerState
2019-09-24 02:26:58,150 [Thread-4174] INFO  impl.RaftServerImpl (RaftServerImpl.java:setRole(174)) - b3222389-c6d4-4a0f-8f23-1c6658166195@group-F6E997B618AC: changes role from  FOLLOWER to CANDIDATE at term 0 for changeToCandidate
2019-09-24 02:26:58,150 [Thread-4174] INFO  impl.RoleInfo (RoleInfo.java:updateAndGet(143)) - b3222389-c6d4-4a0f-8f23-1c6658166195: start LeaderElection
2019-09-24 02:26:58,151 [03fe0df8-8acd-4b48-98b8-ff80530cf21f@group-E2D698D9D625:LeaderElection66] INFO  impl.RoleInfo (RoleInfo.java:updateAndGet(143)) - 03fe0df8-8acd-4b48-98b8-ff80530cf21f: start LeaderState
2019-09-24 02:26:58,153 [03fe0df8-8acd-4b48-98b8-ff80530cf21f@group-E2D698D9D625:LeaderElection66] INFO  segmented.SegmentedRaftLogWorker (SegmentedRaftLogWorker.java:startLogSegment(380)) - 03fe0df8-8acd-4b48-98b8-ff80530cf21f@group-E2D698D9D625-SegmentedRaftLogWorker: Starting segment from index:0
2019-09-24 02:26:58,156 [03fe0df8-8acd-4b48-98b8-ff80530cf21f@group-E2D698D9D625:LeaderElection66] INFO  impl.RaftServerImpl (ServerState.java:setRaftConf(354)) - 03fe0df8-8acd-4b48-98b8-ff80530cf21f@group-E2D698D9D625: set configuration 0: [03fe0df8-8acd-4b48-98b8-ff80530cf21f:192.168.151.121:46676], old=null at 0
2019-09-24 02:26:58,162 [Thread-4169] INFO  impl.FollowerState (FollowerState.java:run(106)) - 03fe0df8-8acd-4b48-98b8-ff80530cf21f:group-F6E997B618AC changes to CANDIDATE, lastRpcTime:1125, electionTimeout:1125ms
2019-09-24 02:26:58,162 [Thread-4169] INFO  impl.RoleInfo (RoleInfo.java:shutdownFollowerState(121)) - 03fe0df8-8acd-4b48-98b8-ff80530cf21f: shutdown FollowerState
2019-09-24 02:26:58,162 [Thread-4169] INFO  impl.RaftServerImpl (RaftServerImpl.java:setRole(174)) - 03fe0df8-8acd-4b48-98b8-ff80530cf21f@group-F6E997B618AC: changes role from  FOLLOWER to CANDIDATE at term 0 for changeToCandidate
2019-09-24 02:26:58,163 [Thread-4169] INFO  impl.RoleInfo (RoleInfo.java:updateAndGet(143)) - 03fe0df8-8acd-4b48-98b8-ff80530cf21f: start LeaderElection
2019-09-24 02:26:58,197 [b3222389-c6d4-4a0f-8f23-1c6658166195@group-F6E997B618AC:LeaderElection67] INFO  impl.LeaderElection (LeaderElection.java:askForVotes(182)) - b3222389-c6d4-4a0f-8f23-1c6658166195@group-F6E997B618AC:LeaderElection67: begin an election at term 1 for -1: [03fe0df8-8acd-4b48-98b8-ff80530cf21f:192.168.151.121:46676, b3222389-c6d4-4a0f-8f23-1c6658166195:192.168.151.121:46156, 5c5ece1e-aab0-48bd-af7b-25510fc26a4f:192.168.151.121:44256], old=null
2019-09-24 02:26:58,205 [grpc-default-executor-1] INFO  impl.RaftServerImpl (RaftServerImpl.java:setRole(174)) - 5c5ece1e-aab0-48bd-af7b-25510fc26a4f@group-F6E997B618AC: changes role from  FOLLOWER to FOLLOWER at term 1 for recognizeCandidate:b3222389-c6d4-4a0f-8f23-1c6658166195
2019-09-24 02:26:58,205 [grpc-default-executor-1] INFO  impl.RoleInfo (RoleInfo.java:shutdownFollowerState(121)) - 5c5ece1e-aab0-48bd-af7b-25510fc26a4f: shutdown FollowerState
2019-09-24 02:26:58,206 [grpc-default-executor-1] INFO  impl.RoleInfo (RoleInfo.java:updateAndGet(143)) - 5c5ece1e-aab0-48bd-af7b-25510fc26a4f: start FollowerState
2019-09-24 02:26:58,206 [Thread-4173] INFO  impl.FollowerState (FollowerState.java:run(115)) - 5c5ece1e-aab0-48bd-af7b-25510fc26a4f: FollowerState was interrupted: java.lang.InterruptedException: sleep interrupted
2019-09-24 02:26:58,220 [03fe0df8-8acd-4b48-98b8-ff80530cf21f@group-E2D698D9D625-SegmentedRaftLogWorker] INFO  segmented.SegmentedRaftLogWorker (SegmentedRaftLogWorker.java:execute(569)) - 03fe0df8-8acd-4b48-98b8-ff80530cf21f@group-E2D698D9D625-SegmentedRaftLogWorker: created new log segment /workdir/hadoop-ozone/integration-test/target/test-dir/MiniOzoneClusterImpl-7938e232-3eaf-47c6-84ae-b0e11761d891/datanode-2/data/ratis/8ace1f44-0d1c-49d6-918a-e2d698d9d625/current/log_inprogress_0
2019-09-24 02:26:58,220 [03fe0df8-8acd-4b48-98b8-ff80530cf21f@group-F6E997B618AC:LeaderElection68] INFO  impl.LeaderElection (LeaderElection.java:askForVotes(182)) - 03fe0df8-8acd-4b48-98b8-ff80530cf21f@group-F6E997B618AC:LeaderElection68: begin an election at term 1 for -1: [03fe0df8-8acd-4b48-98b8-ff80530cf21f:192.168.151.121:46676, b3222389-c6d4-4a0f-8f23-1c6658166195:192.168.151.121:46156, 5c5ece1e-aab0-48bd-af7b-25510fc26a4f:192.168.151.121:44256], old=null
2019-09-24 02:26:58,223 [b3222389-c6d4-4a0f-8f23-1c6658166195@group-F6E997B618AC:LeaderElection67] INFO  impl.LeaderElection (LeaderElection.java:logAndReturn(56)) - b3222389-c6d4-4a0f-8f23-1c6658166195@group-F6E997B618AC:LeaderElection67: Election PASSED; received 1 response(s) [b3222389-c6d4-4a0f-8f23-1c6658166195<-5c5ece1e-aab0-48bd-af7b-25510fc26a4f#0:OK-t1] and 0 exception(s); b3222389-c6d4-4a0f-8f23-1c6658166195@group-F6E997B618AC:t1, leader=null, voted=b3222389-c6d4-4a0f-8f23-1c6658166195, raftlog=b3222389-c6d4-4a0f-8f23-1c6658166195@group-F6E997B618AC-SegmentedRaftLog:OPENED:c-1,f-1,i0, conf=-1: [03fe0df8-8acd-4b48-98b8-ff80530cf21f:192.168.151.121:46676, b3222389-c6d4-4a0f-8f23-1c6658166195:192.168.151.121:46156, 5c5ece1e-aab0-48bd-af7b-25510fc26a4f:192.168.151.121:44256], old=null
2019-09-24 02:26:58,224 [b3222389-c6d4-4a0f-8f23-1c6658166195@group-F6E997B618AC:LeaderElection67] INFO  impl.RoleInfo (RoleInfo.java:shutdownLeaderElection(134)) - b3222389-c6d4-4a0f-8f23-1c6658166195: shutdown LeaderElection
2019-09-24 02:26:58,224 [b3222389-c6d4-4a0f-8f23-1c6658166195@group-F6E997B618AC:LeaderElection67] INFO  impl.RaftServerImpl (RaftServerImpl.java:setRole(174)) - b3222389-c6d4-4a0f-8f23-1c6658166195@group-F6E997B618AC: changes role from CANDIDATE to LEADER at term 1 for changeToLeader
2019-09-24 02:26:58,224 [b3222389-c6d4-4a0f-8f23-1c6658166195@group-F6E997B618AC:LeaderElection67] INFO  impl.RaftServerImpl (ServerState.java:setLeader(253)) - b3222389-c6d4-4a0f-8f23-1c6658166195@group-F6E997B618AC: change Leader from null to b3222389-c6d4-4a0f-8f23-1c6658166195 at term 1 for becomeLeader, leader elected after 1194ms
2019-09-24 02:26:58,224 [b3222389-c6d4-4a0f-8f23-1c6658166195@group-F6E997B618AC:LeaderElection67] INFO  server.RaftServerConfigKeys (ConfUtils.java:logGet(43)) - raft.server.staging.catchup.gap = 1000 (default)
2019-09-24 02:26:58,224 [b3222389-c6d4-4a0f-8f23-1c6658166195@group-F6E997B618AC:LeaderElection67] INFO  server.RaftServerConfigKeys (ConfUtils.java:logGet(43)) - raft.server.rpc.sleep.time = 25ms (default)
2019-09-24 02:26:58,225 [b3222389-c6d4-4a0f-8f23-1c6658166195@group-F6E997B618AC:LeaderElection67] INFO  server.RaftServerConfigKeys (ConfUtils.java:logGet(43)) - raft.server.write.element-limit = 4096 (default)
2019-09-24 02:26:58,225 [b3222389-c6d4-4a0f-8f23-1c6658166195@group-F6E997B618AC:LeaderElection67] INFO  server.RaftServerConfigKeys (ConfUtils.java:logGet(43)) - raft.server.watch.timeout = 10s (default)
2019-09-24 02:26:58,225 [b3222389-c6d4-4a0f-8f23-1c6658166195@group-F6E997B618AC:LeaderElection67] INFO  server.RaftServerConfigKeys (ConfUtils.java:logGet(43)) - raft.server.watch.timeout.denomination = 1s (default)
2019-09-24 02:26:58,225 [b3222389-c6d4-4a0f-8f23-1c6658166195@group-F6E997B618AC:LeaderElection67] INFO  server.RaftServerConfigKeys (ConfUtils.java:logGet(43)) - raft.server.watch.element-limit = 65536 (default)
2019-09-24 02:26:58,227 [Thread-4178] INFO  impl.FollowerState (FollowerState.java:run(106)) - bee6418c-0727-467f-b823-1d4bd6a18942:group-624472136F97 changes to CANDIDATE, lastRpcTime:1099, electionTimeout:1099ms
2019-09-24 02:26:58,230 [Thread-4178] INFO  impl.RoleInfo (RoleInfo.java:shutdownFollowerState(121)) - bee6418c-0727-467f-b823-1d4bd6a18942: shutdown FollowerState
2019-09-24 02:26:58,230 [Thread-4178] INFO  impl.RaftServerImpl (RaftServerImpl.java:setRole(174)) - bee6418c-0727-467f-b823-1d4bd6a18942@group-624472136F97: changes role from  FOLLOWER to CANDIDATE at term 0 for changeToCandidate
2019-09-24 02:26:58,230 [Thread-4178] INFO  impl.RoleInfo (RoleInfo.java:updateAndGet(143)) - bee6418c-0727-467f-b823-1d4bd6a18942: start LeaderElection
2019-09-24 02:26:58,230 [b3222389-c6d4-4a0f-8f23-1c6658166195@group-F6E997B618AC:LeaderElection67] INFO  server.RaftServerConfigKeys (ConfUtils.java:logGet(43)) - raft.server.log.appender.snapshot.chunk.size.max = 16MB (=16777216) (default)
2019-09-24 02:26:58,230 [b3222389-c6d4-4a0f-8f23-1c6658166195@group-F6E997B618AC:LeaderElection67] INFO  server.RaftServerConfigKeys (ConfUtils.java:logGet(43)) - raft.server.log.appender.buffer.byte-limit = 33554432 (custom)
2019-09-24 02:26:58,235 [b3222389-c6d4-4a0f-8f23-1c6658166195@group-F6E997B618AC:LeaderElection67] INFO  server.RaftServerConfigKeys (ConfUtils.java:logGet(43)) - raft.server.log.appender.buffer.element-limit = 1 (custom)
2019-09-24 02:26:58,236 [b3222389-c6d4-4a0f-8f23-1c6658166195@group-F6E997B618AC:LeaderElection67] INFO  grpc.GrpcConfigKeys$Server (ConfUtils.java:logGet(43)) - raft.grpc.server.leader.outstanding.appends.max = 128 (default)
2019-09-24 02:26:58,236 [b3222389-c6d4-4a0f-8f23-1c6658166195@group-F6E997B618AC:LeaderElection67] INFO  server.RaftServerConfigKeys (ConfUtils.java:logGet(43)) - raft.server.rpc.request.timeout = 3000ms (default)
2019-09-24 02:26:58,236 [b3222389-c6d4-4a0f-8f23-1c6658166195@group-F6E997B618AC:LeaderElection67] INFO  server.RaftServerConfigKeys (ConfUtils.java:logGet(43)) - raft.server.log.appender.install.snapshot.enabled = false (custom)
2019-09-24 02:26:58,236 [b3222389-c6d4-4a0f-8f23-1c6658166195@group-F6E997B618AC:LeaderElection67] INFO  server.RaftServerConfigKeys (ConfUtils.java:logGet(43)) - raft.server.log.appender.snapshot.chunk.size.max = 16MB (=16777216) (default)
2019-09-24 02:26:58,236 [b3222389-c6d4-4a0f-8f23-1c6658166195@group-F6E997B618AC:LeaderElection67] INFO  server.RaftServerConfigKeys (ConfUtils.java:logGet(43)) - raft.server.log.appender.buffer.byte-limit = 33554432 (custom)
2019-09-24 02:26:58,237 [b3222389-c6d4-4a0f-8f23-1c6658166195@group-F6E997B618AC:LeaderElection67] INFO  server.RaftServerConfigKeys (ConfUtils.java:logGet(43)) - raft.server.log.appender.buffer.element-limit = 1 (custom)
2019-09-24 02:26:58,237 [b3222389-c6d4-4a0f-8f23-1c6658166195@group-F6E997B618AC:LeaderElection67] INFO  grpc.GrpcConfigKeys$Server (ConfUtils.java:logGet(43)) - raft.grpc.server.leader.outstanding.appends.max = 128 (default)
2019-09-24 02:26:58,237 [b3222389-c6d4-4a0f-8f23-1c6658166195@group-F6E997B618AC:LeaderElection67] INFO  server.RaftServerConfigKeys (ConfUtils.java:logGet(43)) - raft.server.rpc.request.timeout = 3000ms (default)
2019-09-24 02:26:58,237 [b3222389-c6d4-4a0f-8f23-1c6658166195@group-F6E997B618AC:LeaderElection67] INFO  server.RaftServerConfigKeys (ConfUtils.java:logGet(43)) - raft.server.log.appender.install.snapshot.enabled = false (custom)
2019-09-24 02:26:58,237 [b3222389-c6d4-4a0f-8f23-1c6658166195@group-F6E997B618AC:LeaderElection67] INFO  impl.RoleInfo (RoleInfo.java:updateAndGet(143)) - b3222389-c6d4-4a0f-8f23-1c6658166195: start LeaderState
2019-09-24 02:26:58,238 [b3222389-c6d4-4a0f-8f23-1c6658166195@group-F6E997B618AC:LeaderElection67] INFO  segmented.SegmentedRaftLogWorker (SegmentedRaftLogWorker.java:startLogSegment(380)) - b3222389-c6d4-4a0f-8f23-1c6658166195@group-F6E997B618AC-SegmentedRaftLogWorker: Starting segment from index:0
2019-09-24 02:26:58,239 [b3222389-c6d4-4a0f-8f23-1c6658166195@group-F6E997B618AC:LeaderElection67] INFO  impl.RaftServerImpl (ServerState.java:setRaftConf(354)) - b3222389-c6d4-4a0f-8f23-1c6658166195@group-F6E997B618AC: set configuration 0: [03fe0df8-8acd-4b48-98b8-ff80530cf21f:192.168.151.121:46676, b3222389-c6d4-4a0f-8f23-1c6658166195:192.168.151.121:46156, 5c5ece1e-aab0-48bd-af7b-25510fc26a4f:192.168.151.121:44256], old=null at 0
2019-09-24 02:26:58,239 [grpc-default-executor-2] INFO  impl.RaftServerImpl (RaftServerImpl.java:requestVote(758)) - b3222389-c6d4-4a0f-8f23-1c6658166195@group-F6E997B618AC-   LEADER: Withhold vote from candidate 03fe0df8-8acd-4b48-98b8-ff80530cf21f with term 1. State: leader=b3222389-c6d4-4a0f-8f23-1c6658166195, term=1, lastRpcElapsed=null
2019-09-24 02:26:58,277 [Thread-4181] INFO  impl.FollowerState (FollowerState.java:run(106)) - 88c7199a-3ab1-4d00-b74d-de8853add08b:group-2D0BC9F18600 changes to CANDIDATE, lastRpcTime:1097, electionTimeout:1078ms
2019-09-24 02:26:58,277 [grpc-default-executor-1] INFO  impl.RaftServerImpl (RaftServerImpl.java:setRole(174)) - 03fe0df8-8acd-4b48-98b8-ff80530cf21f@group-F6E997B618AC: changes role from CANDIDATE to FOLLOWER at term 1 for appendEntries
2019-09-24 02:26:58,277 [grpc-default-executor-1] INFO  impl.RoleInfo (RoleInfo.java:shutdownLeaderElection(134)) - 03fe0df8-8acd-4b48-98b8-ff80530cf21f: shutdown LeaderElection
2019-09-24 02:26:58,277 [Thread-4181] INFO  impl.RoleInfo (RoleInfo.java:shutdownFollowerState(121)) - 88c7199a-3ab1-4d00-b74d-de8853add08b: shutdown FollowerState
2019-09-24 02:26:58,277 [bee6418c-0727-467f-b823-1d4bd6a18942@group-624472136F97:LeaderElection69] INFO  impl.LeaderElection (LeaderElection.java:askForVotes(182)) - bee6418c-0727-467f-b823-1d4bd6a18942@group-624472136F97:LeaderElection69: begin an election at term 1 for -1: [bee6418c-0727-467f-b823-1d4bd6a18942:192.168.151.121:38836], old=null
2019-09-24 02:26:58,277 [grpc-default-executor-2] INFO  impl.RaftServerImpl (ServerState.java:setLeader(253)) - 5c5ece1e-aab0-48bd-af7b-25510fc26a4f@group-F6E997B618AC: change Leader from null to b3222389-c6d4-4a0f-8f23-1c6658166195 at term 1 for appendEntries, leader elected after 1247ms
2019-09-24 02:26:58,278 [bee6418c-0727-467f-b823-1d4bd6a18942@group-624472136F97:LeaderElection69] INFO  impl.RoleInfo (RoleInfo.java:shutdownLeaderElection(134)) - bee6418c-0727-467f-b823-1d4bd6a18942: shutdown LeaderElection
2019-09-24 02:26:58,278 [bee6418c-0727-467f-b823-1d4bd6a18942@group-624472136F97:LeaderElection69] INFO  impl.RaftServerImpl (RaftServerImpl.java:setRole(174)) - bee6418c-0727-467f-b823-1d4bd6a18942@group-624472136F97: changes role from CANDIDATE to LEADER at term 1 for changeToLeader
2019-09-24 02:26:58,278 [Thread-4181] INFO  impl.RaftServerImpl (RaftServerImpl.java:setRole(174)) - 88c7199a-3ab1-4d00-b74d-de8853add08b@group-2D0BC9F18600: changes role from  FOLLOWER to CANDIDATE at term 0 for changeToCandidate
2019-09-24 02:26:58,278 [grpc-default-executor-1] INFO  impl.RoleInfo (RoleInfo.java:updateAndGet(143)) - 03fe0df8-8acd-4b48-98b8-ff80530cf21f: start FollowerState
2019-09-24 02:26:58,277 [03fe0df8-8acd-4b48-98b8-ff80530cf21f@group-F6E997B618AC:LeaderElection68] INFO  impl.LeaderElection (LeaderElection.java:logAndReturn(56)) - 03fe0df8-8acd-4b48-98b8-ff80530cf21f@group-F6E997B618AC:LeaderElection68: Election REJECTED; received 2 response(s) [03fe0df8-8acd-4b48-98b8-ff80530cf21f<-b3222389-c6d4-4a0f-8f23-1c6658166195#0:FAIL-t1, 03fe0df8-8acd-4b48-98b8-ff80530cf21f<-5c5ece1e-aab0-48bd-af7b-25510fc26a4f#0:FAIL-t1] and 0 exception(s); 03fe0df8-8acd-4b48-98b8-ff80530cf21f@group-F6E997B618AC:t1, leader=null, voted=03fe0df8-8acd-4b48-98b8-ff80530cf21f, raftlog=03fe0df8-8acd-4b48-98b8-ff80530cf21f@group-F6E997B618AC-SegmentedRaftLog:OPENED:c-1,f-1,i0, conf=-1: [03fe0df8-8acd-4b48-98b8-ff80530cf21f:192.168.151.121:46676, b3222389-c6d4-4a0f-8f23-1c6658166195:192.168.151.121:46156, 5c5ece1e-aab0-48bd-af7b-25510fc26a4f:192.168.151.121:44256], old=null
2019-09-24 02:26:58,279 [grpc-default-executor-1] INFO  impl.RaftServerImpl (ServerState.java:setLeader(253)) - 03fe0df8-8acd-4b48-98b8-ff80530cf21f@group-F6E997B618AC: change Leader from null to b3222389-c6d4-4a0f-8f23-1c6658166195 at term 1 for appendEntries, leader elected after 1250ms
2019-09-24 02:26:58,279 [Thread-4181] INFO  impl.RoleInfo (RoleInfo.java:updateAndGet(143)) - 88c7199a-3ab1-4d00-b74d-de8853add08b: start LeaderElection
2019-09-24 02:26:58,278 [bee6418c-0727-467f-b823-1d4bd6a18942@group-624472136F97:LeaderElection69] INFO  impl.RaftServerImpl (ServerState.java:setLeader(253)) - bee6418c-0727-467f-b823-1d4bd6a18942@group-624472136F97: change Leader from null to bee6418c-0727-467f-b823-1d4bd6a18942 at term 1 for becomeLeader, leader elected after 1158ms
2019-09-24 02:26:58,283 [bee6418c-0727-467f-b823-1d4bd6a18942@group-624472136F97:LeaderElection69] INFO  server.RaftServerConfigKeys (ConfUtils.java:logGet(43)) - raft.server.staging.catchup.gap = 1000 (default)
2019-09-24 02:26:58,283 [bee6418c-0727-467f-b823-1d4bd6a18942@group-624472136F97:LeaderElection69] INFO  server.RaftServerConfigKeys (ConfUtils.java:logGet(43)) - raft.server.rpc.sleep.time = 25ms (default)
2019-09-24 02:26:58,288 [bee6418c-0727-467f-b823-1d4bd6a18942@group-624472136F97:LeaderElection69] INFO  server.RaftServerConfigKeys (ConfUtils.java:logGet(43)) - raft.server.write.element-limit = 4096 (default)
2019-09-24 02:26:58,288 [bee6418c-0727-467f-b823-1d4bd6a18942@group-624472136F97:LeaderElection69] INFO  server.RaftServerConfigKeys (ConfUtils.java:logGet(43)) - raft.server.watch.timeout = 10s (default)
2019-09-24 02:26:58,288 [bee6418c-0727-467f-b823-1d4bd6a18942@group-624472136F97:LeaderElection69] INFO  server.RaftServerConfigKeys (ConfUtils.java:logGet(43)) - raft.server.watch.timeout.denomination = 1s (default)
2019-09-24 02:26:58,288 [bee6418c-0727-467f-b823-1d4bd6a18942@group-624472136F97:LeaderElection69] INFO  server.RaftServerConfigKeys (ConfUtils.java:logGet(43)) - raft.server.watch.element-limit = 65536 (default)
2019-09-24 02:26:58,288 [grpc-default-executor-2] INFO  impl.RaftServerImpl (ServerState.java:setRaftConf(354)) - 5c5ece1e-aab0-48bd-af7b-25510fc26a4f@group-F6E997B618AC: set configuration 0: [03fe0df8-8acd-4b48-98b8-ff80530cf21f:192.168.151.121:46676, b3222389-c6d4-4a0f-8f23-1c6658166195:192.168.151.121:46156, 5c5ece1e-aab0-48bd-af7b-25510fc26a4f:192.168.151.121:44256], old=null at 0
2019-09-24 02:26:58,289 [grpc-default-executor-1] INFO  impl.RaftServerImpl (ServerState.java:setRaftConf(354)) - 03fe0df8-8acd-4b48-98b8-ff80530cf21f@group-F6E997B618AC: set configuration 0: [03fe0df8-8acd-4b48-98b8-ff80530cf21f:192.168.151.121:46676, b3222389-c6d4-4a0f-8f23-1c6658166195:192.168.151.121:46156, 5c5ece1e-aab0-48bd-af7b-25510fc26a4f:192.168.151.121:44256], old=null at 0
2019-09-24 02:26:58,289 [grpc-default-executor-2] INFO  segmented.SegmentedRaftLogWorker (SegmentedRaftLogWorker.java:startLogSegment(380)) - 5c5ece1e-aab0-48bd-af7b-25510fc26a4f@group-F6E997B618AC-SegmentedRaftLogWorker: Starting segment from index:0
2019-09-24 02:26:58,289 [b3222389-c6d4-4a0f-8f23-1c6658166195@group-F6E997B618AC-SegmentedRaftLogWorker] INFO  segmented.SegmentedRaftLogWorker (SegmentedRaftLogWorker.java:execute(569)) - b3222389-c6d4-4a0f-8f23-1c6658166195@group-F6E997B618AC-SegmentedRaftLogWorker: created new log segment /workdir/hadoop-ozone/integration-test/target/test-dir/MiniOzoneClusterImpl-7938e232-3eaf-47c6-84ae-b0e11761d891/datanode-1/data/ratis/6b714fd5-cd12-4e13-8836-f6e997b618ac/current/log_inprogress_0
2019-09-24 02:26:58,289 [grpc-default-executor-1] INFO  segmented.SegmentedRaftLogWorker (SegmentedRaftLogWorker.java:startLogSegment(380)) - 03fe0df8-8acd-4b48-98b8-ff80530cf21f@group-F6E997B618AC-SegmentedRaftLogWorker: Starting segment from index:0
2019-09-24 02:26:58,291 [bee6418c-0727-467f-b823-1d4bd6a18942@group-624472136F97:LeaderElection69] INFO  impl.RoleInfo (RoleInfo.java:updateAndGet(143)) - bee6418c-0727-467f-b823-1d4bd6a18942: start LeaderState
2019-09-24 02:26:58,292 [bee6418c-0727-467f-b823-1d4bd6a18942@group-624472136F97:LeaderElection69] INFO  segmented.SegmentedRaftLogWorker (SegmentedRaftLogWorker.java:startLogSegment(380)) - bee6418c-0727-467f-b823-1d4bd6a18942@group-624472136F97-SegmentedRaftLogWorker: Starting segment from index:0
2019-09-24 02:26:58,292 [88c7199a-3ab1-4d00-b74d-de8853add08b@group-2D0BC9F18600:LeaderElection70] INFO  impl.LeaderElection (LeaderElection.java:askForVotes(182)) - 88c7199a-3ab1-4d00-b74d-de8853add08b@group-2D0BC9F18600:LeaderElection70: begin an election at term 1 for -1: [88c7199a-3ab1-4d00-b74d-de8853add08b:192.168.151.121:46371], old=null
2019-09-24 02:26:58,292 [bee6418c-0727-467f-b823-1d4bd6a18942@group-624472136F97:LeaderElection69] INFO  impl.RaftServerImpl (ServerState.java:setRaftConf(354)) - bee6418c-0727-467f-b823-1d4bd6a18942@group-624472136F97: set configuration 0: [bee6418c-0727-467f-b823-1d4bd6a18942:192.168.151.121:38836], old=null at 0
2019-09-24 02:26:58,293 [88c7199a-3ab1-4d00-b74d-de8853add08b@group-2D0BC9F18600:LeaderElection70] INFO  impl.RoleInfo (RoleInfo.java:shutdownLeaderElection(134)) - 88c7199a-3ab1-4d00-b74d-de8853add08b: shutdown LeaderElection
2019-09-24 02:26:58,293 [88c7199a-3ab1-4d00-b74d-de8853add08b@group-2D0BC9F18600:LeaderElection70] INFO  impl.RaftServerImpl (RaftServerImpl.java:setRole(174)) - 88c7199a-3ab1-4d00-b74d-de8853add08b@group-2D0BC9F18600: changes role from CANDIDATE to LEADER at term 1 for changeToLeader
2019-09-24 02:26:58,293 [88c7199a-3ab1-4d00-b74d-de8853add08b@group-2D0BC9F18600:LeaderElection70] INFO  impl.RaftServerImpl (ServerState.java:setLeader(253)) - 88c7199a-3ab1-4d00-b74d-de8853add08b@group-2D0BC9F18600: change Leader from null to 88c7199a-3ab1-4d00-b74d-de8853add08b at term 1 for becomeLeader, leader elected after 1121ms
2019-09-24 02:26:58,293 [88c7199a-3ab1-4d00-b74d-de8853add08b@group-2D0BC9F18600:LeaderElection70] INFO  server.RaftServerConfigKeys (ConfUtils.java:logGet(43)) - raft.server.staging.catchup.gap = 1000 (default)
2019-09-24 02:26:58,294 [88c7199a-3ab1-4d00-b74d-de8853add08b@group-2D0BC9F18600:LeaderElection70] INFO  server.RaftServerConfigKeys (ConfUtils.java:logGet(43)) - raft.server.rpc.sleep.time = 25ms (default)
2019-09-24 02:26:58,294 [88c7199a-3ab1-4d00-b74d-de8853add08b@group-2D0BC9F18600:LeaderElection70] INFO  server.RaftServerConfigKeys (ConfUtils.java:logGet(43)) - raft.server.write.element-limit = 4096 (default)
2019-09-24 02:26:58,294 [88c7199a-3ab1-4d00-b74d-de8853add08b@group-2D0BC9F18600:LeaderElection70] INFO  server.RaftServerConfigKeys (ConfUtils.java:logGet(43)) - raft.server.watch.timeout = 10s (default)
2019-09-24 02:26:58,294 [88c7199a-3ab1-4d00-b74d-de8853add08b@group-2D0BC9F18600:LeaderElection70] INFO  server.RaftServerConfigKeys (ConfUtils.java:logGet(43)) - raft.server.watch.timeout.denomination = 1s (default)
2019-09-24 02:26:58,294 [88c7199a-3ab1-4d00-b74d-de8853add08b@group-2D0BC9F18600:LeaderElection70] INFO  server.RaftServerConfigKeys (ConfUtils.java:logGet(43)) - raft.server.watch.element-limit = 65536 (default)
2019-09-24 02:26:58,297 [88c7199a-3ab1-4d00-b74d-de8853add08b@group-2D0BC9F18600:LeaderElection70] INFO  impl.RoleInfo (RoleInfo.java:updateAndGet(143)) - 88c7199a-3ab1-4d00-b74d-de8853add08b: start LeaderState
2019-09-24 02:26:58,297 [88c7199a-3ab1-4d00-b74d-de8853add08b@group-2D0BC9F18600:LeaderElection70] INFO  segmented.SegmentedRaftLogWorker (SegmentedRaftLogWorker.java:startLogSegment(380)) - 88c7199a-3ab1-4d00-b74d-de8853add08b@group-2D0BC9F18600-SegmentedRaftLogWorker: Starting segment from index:0
2019-09-24 02:26:58,297 [88c7199a-3ab1-4d00-b74d-de8853add08b@group-2D0BC9F18600:LeaderElection70] INFO  impl.RaftServerImpl (ServerState.java:setRaftConf(354)) - 88c7199a-3ab1-4d00-b74d-de8853add08b@group-2D0BC9F18600: set configuration 0: [88c7199a-3ab1-4d00-b74d-de8853add08b:192.168.151.121:46371], old=null at 0
2019-09-24 02:26:58,340 [bee6418c-0727-467f-b823-1d4bd6a18942@group-624472136F97-SegmentedRaftLogWorker] INFO  segmented.SegmentedRaftLogWorker (SegmentedRaftLogWorker.java:execute(569)) - bee6418c-0727-467f-b823-1d4bd6a18942@group-624472136F97-SegmentedRaftLogWorker: created new log segment /workdir/hadoop-ozone/integration-test/target/test-dir/MiniOzoneClusterImpl-7938e232-3eaf-47c6-84ae-b0e11761d891/datanode-3/data/ratis/bf36e443-f928-4a56-aede-624472136f97/current/log_inprogress_0
2019-09-24 02:26:58,341 [03fe0df8-8acd-4b48-98b8-ff80530cf21f@group-F6E997B618AC-SegmentedRaftLogWorker] INFO  segmented.SegmentedRaftLogWorker (SegmentedRaftLogWorker.java:execute(569)) - 03fe0df8-8acd-4b48-98b8-ff80530cf21f@group-F6E997B618AC-SegmentedRaftLogWorker: created new log segment /workdir/hadoop-ozone/integration-test/target/test-dir/MiniOzoneClusterImpl-7938e232-3eaf-47c6-84ae-b0e11761d891/datanode-2/data/ratis/6b714fd5-cd12-4e13-8836-f6e997b618ac/current/log_inprogress_0
2019-09-24 02:26:58,340 [5c5ece1e-aab0-48bd-af7b-25510fc26a4f@group-F6E997B618AC-SegmentedRaftLogWorker] INFO  segmented.SegmentedRaftLogWorker (SegmentedRaftLogWorker.java:execute(569)) - 5c5ece1e-aab0-48bd-af7b-25510fc26a4f@group-F6E997B618AC-SegmentedRaftLogWorker: created new log segment /workdir/hadoop-ozone/integration-test/target/test-dir/MiniOzoneClusterImpl-7938e232-3eaf-47c6-84ae-b0e11761d891/datanode-0/data/ratis/6b714fd5-cd12-4e13-8836-f6e997b618ac/current/log_inprogress_0
2019-09-24 02:26:58,340 [88c7199a-3ab1-4d00-b74d-de8853add08b@group-2D0BC9F18600-SegmentedRaftLogWorker] INFO  segmented.SegmentedRaftLogWorker (SegmentedRaftLogWorker.java:execute(569)) - 88c7199a-3ab1-4d00-b74d-de8853add08b@group-2D0BC9F18600-SegmentedRaftLogWorker: created new log segment /workdir/hadoop-ozone/integration-test/target/test-dir/MiniOzoneClusterImpl-7938e232-3eaf-47c6-84ae-b0e11761d891/datanode-4/data/ratis/f99eaac3-bab8-47a2-931f-2d0bc9f18600/current/log_inprogress_0
2019-09-24 02:26:58,394 [Thread-4184] INFO  impl.FollowerState (FollowerState.java:run(106)) - d46d7bca-32fd-4d78-a60e-8b14dc904a28:group-E69EE7D61016 changes to CANDIDATE, lastRpcTime:1164, electionTimeout:1164ms
2019-09-24 02:26:58,395 [Thread-4184] INFO  impl.RoleInfo (RoleInfo.java:shutdownFollowerState(121)) - d46d7bca-32fd-4d78-a60e-8b14dc904a28: shutdown FollowerState
2019-09-24 02:26:58,395 [Thread-4184] INFO  impl.RaftServerImpl (RaftServerImpl.java:setRole(174)) - d46d7bca-32fd-4d78-a60e-8b14dc904a28@group-E69EE7D61016: changes role from  FOLLOWER to CANDIDATE at term 0 for changeToCandidate
2019-09-24 02:26:58,395 [Thread-4184] INFO  impl.RoleInfo (RoleInfo.java:updateAndGet(143)) - d46d7bca-32fd-4d78-a60e-8b14dc904a28: start LeaderElection
2019-09-24 02:26:58,414 [d46d7bca-32fd-4d78-a60e-8b14dc904a28@group-E69EE7D61016:LeaderElection71] INFO  impl.LeaderElection (LeaderElection.java:askForVotes(182)) - d46d7bca-32fd-4d78-a60e-8b14dc904a28@group-E69EE7D61016:LeaderElection71: begin an election at term 1 for -1: [d46d7bca-32fd-4d78-a60e-8b14dc904a28:192.168.151.121:45016], old=null
2019-09-24 02:26:58,414 [d46d7bca-32fd-4d78-a60e-8b14dc904a28@group-E69EE7D61016:LeaderElection71] INFO  impl.RoleInfo (RoleInfo.java:shutdownLeaderElection(134)) - d46d7bca-32fd-4d78-a60e-8b14dc904a28: shutdown LeaderElection
2019-09-24 02:26:58,414 [d46d7bca-32fd-4d78-a60e-8b14dc904a28@group-E69EE7D61016:LeaderElection71] INFO  impl.RaftServerImpl (RaftServerImpl.java:setRole(174)) - d46d7bca-32fd-4d78-a60e-8b14dc904a28@group-E69EE7D61016: changes role from CANDIDATE to LEADER at term 1 for changeToLeader
2019-09-24 02:26:58,414 [d46d7bca-32fd-4d78-a60e-8b14dc904a28@group-E69EE7D61016:LeaderElection71] INFO  impl.RaftServerImpl (ServerState.java:setLeader(253)) - d46d7bca-32fd-4d78-a60e-8b14dc904a28@group-E69EE7D61016: change Leader from null to d46d7bca-32fd-4d78-a60e-8b14dc904a28 at term 1 for becomeLeader, leader elected after 1191ms
2019-09-24 02:26:58,415 [d46d7bca-32fd-4d78-a60e-8b14dc904a28@group-E69EE7D61016:LeaderElection71] INFO  server.RaftServerConfigKeys (ConfUtils.java:logGet(43)) - raft.server.staging.catchup.gap = 1000 (default)
2019-09-24 02:26:58,415 [d46d7bca-32fd-4d78-a60e-8b14dc904a28@group-E69EE7D61016:LeaderElection71] INFO  server.RaftServerConfigKeys (ConfUtils.java:logGet(43)) - raft.server.rpc.sleep.time = 25ms (default)
2019-09-24 02:26:58,415 [d46d7bca-32fd-4d78-a60e-8b14dc904a28@group-E69EE7D61016:LeaderElection71] INFO  server.RaftServerConfigKeys (ConfUtils.java:logGet(43)) - raft.server.write.element-limit = 4096 (default)
2019-09-24 02:26:58,415 [d46d7bca-32fd-4d78-a60e-8b14dc904a28@group-E69EE7D61016:LeaderElection71] INFO  server.RaftServerConfigKeys (ConfUtils.java:logGet(43)) - raft.server.watch.timeout = 10s (default)
2019-09-24 02:26:58,415 [d46d7bca-32fd-4d78-a60e-8b14dc904a28@group-E69EE7D61016:LeaderElection71] INFO  server.RaftServerConfigKeys (ConfUtils.java:logGet(43)) - raft.server.watch.timeout.denomination = 1s (default)
2019-09-24 02:26:58,415 [d46d7bca-32fd-4d78-a60e-8b14dc904a28@group-E69EE7D61016:LeaderElection71] INFO  server.RaftServerConfigKeys (ConfUtils.java:logGet(43)) - raft.server.watch.element-limit = 65536 (default)
2019-09-24 02:26:58,417 [d46d7bca-32fd-4d78-a60e-8b14dc904a28@group-E69EE7D61016:LeaderElection71] INFO  impl.RoleInfo (RoleInfo.java:updateAndGet(143)) - d46d7bca-32fd-4d78-a60e-8b14dc904a28: start LeaderState
2019-09-24 02:26:58,418 [d46d7bca-32fd-4d78-a60e-8b14dc904a28@group-E69EE7D61016:LeaderElection71] INFO  segmented.SegmentedRaftLogWorker (SegmentedRaftLogWorker.java:startLogSegment(380)) - d46d7bca-32fd-4d78-a60e-8b14dc904a28@group-E69EE7D61016-SegmentedRaftLogWorker: Starting segment from index:0
2019-09-24 02:26:58,418 [d46d7bca-32fd-4d78-a60e-8b14dc904a28@group-E69EE7D61016:LeaderElection71] INFO  impl.RaftServerImpl (ServerState.java:setRaftConf(354)) - d46d7bca-32fd-4d78-a60e-8b14dc904a28@group-E69EE7D61016: set configuration 0: [d46d7bca-32fd-4d78-a60e-8b14dc904a28:192.168.151.121:45016], old=null at 0
2019-09-24 02:26:58,421 [Thread-4187] INFO  impl.FollowerState (FollowerState.java:run(106)) - 7a524267-bdf9-4b04-89b1-b4711f57f83c:group-A46F3D2F1624 changes to CANDIDATE, lastRpcTime:1140, electionTimeout:1140ms
2019-09-24 02:26:58,421 [Thread-4187] INFO  impl.RoleInfo (RoleInfo.java:shutdownFollowerState(121)) - 7a524267-bdf9-4b04-89b1-b4711f57f83c: shutdown FollowerState
2019-09-24 02:26:58,421 [Thread-4187] INFO  impl.RaftServerImpl (RaftServerImpl.java:setRole(174)) - 7a524267-bdf9-4b04-89b1-b4711f57f83c@group-A46F3D2F1624: changes role from  FOLLOWER to CANDIDATE at term 0 for changeToCandidate
2019-09-24 02:26:58,421 [Thread-4187] INFO  impl.RoleInfo (RoleInfo.java:updateAndGet(143)) - 7a524267-bdf9-4b04-89b1-b4711f57f83c: start LeaderElection
2019-09-24 02:26:58,421 [Thread-4194] INFO  impl.FollowerState (FollowerState.java:run(106)) - bee6418c-0727-467f-b823-1d4bd6a18942:group-0FD3F1957632 changes to CANDIDATE, lastRpcTime:1073, electionTimeout:1073ms
2019-09-24 02:26:58,458 [main] INFO  ozone.MiniOzoneClusterImpl (MiniOzoneClusterImpl.java:lambda$waitForClusterToBeReady$0(147)) - Cluster is ready. Got 10 of 10 DN Heartbeats.
2019-09-24 02:26:58,458 [Thread-4194] INFO  impl.RoleInfo (RoleInfo.java:shutdownFollowerState(121)) - bee6418c-0727-467f-b823-1d4bd6a18942: shutdown FollowerState
2019-09-24 02:26:58,458 [Thread-4199] INFO  impl.FollowerState (FollowerState.java:run(106)) - c1f213cf-52f9-46af-9dd6-cbe0bbbf4493:group-04E9D2CB7218 changes to CANDIDATE, lastRpcTime:1039, electionTimeout:1013ms
2019-09-24 02:26:58,458 [Thread-4194] INFO  impl.RaftServerImpl (RaftServerImpl.java:setRole(174)) - bee6418c-0727-467f-b823-1d4bd6a18942@group-0FD3F1957632: changes role from  FOLLOWER to CANDIDATE at term 0 for changeToCandidate
2019-09-24 02:26:58,458 [Thread-4199] INFO  impl.RoleInfo (RoleInfo.java:shutdownFollowerState(121)) - c1f213cf-52f9-46af-9dd6-cbe0bbbf4493: shutdown FollowerState
2019-09-24 02:26:58,458 [Thread-4194] INFO  impl.RoleInfo (RoleInfo.java:updateAndGet(143)) - bee6418c-0727-467f-b823-1d4bd6a18942: start LeaderElection
2019-09-24 02:26:58,458 [Thread-4199] INFO  impl.RaftServerImpl (RaftServerImpl.java:setRole(174)) - c1f213cf-52f9-46af-9dd6-cbe0bbbf4493@group-04E9D2CB7218: changes role from  FOLLOWER to CANDIDATE at term 0 for changeToCandidate
2019-09-24 02:26:58,459 [Thread-4199] INFO  impl.RoleInfo (RoleInfo.java:updateAndGet(143)) - c1f213cf-52f9-46af-9dd6-cbe0bbbf4493: start LeaderElection
2019-09-24 02:26:58,469 [Thread-4190] INFO  impl.FollowerState (FollowerState.java:run(106)) - d46d7bca-32fd-4d78-a60e-8b14dc904a28:group-0FD3F1957632 changes to CANDIDATE, lastRpcTime:1125, electionTimeout:1124ms
2019-09-24 02:26:58,473 [d46d7bca-32fd-4d78-a60e-8b14dc904a28@group-E69EE7D61016-SegmentedRaftLogWorker] INFO  segmented.SegmentedRaftLogWorker (SegmentedRaftLogWorker.java:execute(569)) - d46d7bca-32fd-4d78-a60e-8b14dc904a28@group-E69EE7D61016-SegmentedRaftLogWorker: created new log segment /workdir/hadoop-ozone/integration-test/target/test-dir/MiniOzoneClusterImpl-7938e232-3eaf-47c6-84ae-b0e11761d891/datanode-5/data/ratis/a6a03ca2-370a-440b-93f1-e69ee7d61016/current/log_inprogress_0
2019-09-24 02:26:58,474 [Thread-4190] INFO  impl.RoleInfo (RoleInfo.java:shutdownFollowerState(121)) - d46d7bca-32fd-4d78-a60e-8b14dc904a28: shutdown FollowerState
2019-09-24 02:26:58,474 [7a524267-bdf9-4b04-89b1-b4711f57f83c@group-A46F3D2F1624:LeaderElection72] INFO  impl.LeaderElection (LeaderElection.java:askForVotes(182)) - 7a524267-bdf9-4b04-89b1-b4711f57f83c@group-A46F3D2F1624:LeaderElection72: begin an election at term 1 for -1: [7a524267-bdf9-4b04-89b1-b4711f57f83c:192.168.151.121:33766], old=null
2019-09-24 02:26:58,474 [Thread-4190] INFO  impl.RaftServerImpl (RaftServerImpl.java:setRole(174)) - d46d7bca-32fd-4d78-a60e-8b14dc904a28@group-0FD3F1957632: changes role from  FOLLOWER to CANDIDATE at term 0 for changeToCandidate
2019-09-24 02:26:58,474 [7a524267-bdf9-4b04-89b1-b4711f57f83c@group-A46F3D2F1624:LeaderElection72] INFO  impl.RoleInfo (RoleInfo.java:shutdownLeaderElection(134)) - 7a524267-bdf9-4b04-89b1-b4711f57f83c: shutdown LeaderElection
2019-09-24 02:26:58,474 [Thread-4190] INFO  impl.RoleInfo (RoleInfo.java:updateAndGet(143)) - d46d7bca-32fd-4d78-a60e-8b14dc904a28: start LeaderElection
2019-09-24 02:26:58,474 [7a524267-bdf9-4b04-89b1-b4711f57f83c@group-A46F3D2F1624:LeaderElection72] INFO  impl.RaftServerImpl (RaftServerImpl.java:setRole(174)) - 7a524267-bdf9-4b04-89b1-b4711f57f83c@group-A46F3D2F1624: changes role from CANDIDATE to LEADER at term 1 for changeToLeader
2019-09-24 02:26:58,475 [7a524267-bdf9-4b04-89b1-b4711f57f83c@group-A46F3D2F1624:LeaderElection72] INFO  impl.RaftServerImpl (ServerState.java:setLeader(253)) - 7a524267-bdf9-4b04-89b1-b4711f57f83c@group-A46F3D2F1624: change Leader from null to 7a524267-bdf9-4b04-89b1-b4711f57f83c at term 1 for becomeLeader, leader elected after 1201ms
2019-09-24 02:26:58,475 [7a524267-bdf9-4b04-89b1-b4711f57f83c@group-A46F3D2F1624:LeaderElection72] INFO  server.RaftServerConfigKeys (ConfUtils.java:logGet(43)) - raft.server.staging.catchup.gap = 1000 (default)
2019-09-24 02:26:58,479 [7a524267-bdf9-4b04-89b1-b4711f57f83c@group-A46F3D2F1624:LeaderElection72] INFO  server.RaftServerConfigKeys (ConfUtils.java:logGet(43)) - raft.server.rpc.sleep.time = 25ms (default)
2019-09-24 02:26:58,479 [7a524267-bdf9-4b04-89b1-b4711f57f83c@group-A46F3D2F1624:LeaderElection72] INFO  server.RaftServerConfigKeys (ConfUtils.java:logGet(43)) - raft.server.write.element-limit = 4096 (default)
2019-09-24 02:26:58,479 [7a524267-bdf9-4b04-89b1-b4711f57f83c@group-A46F3D2F1624:LeaderElection72] INFO  server.RaftServerConfigKeys (ConfUtils.java:logGet(43)) - raft.server.watch.timeout = 10s (default)
2019-09-24 02:26:58,479 [7a524267-bdf9-4b04-89b1-b4711f57f83c@group-A46F3D2F1624:LeaderElection72] INFO  server.RaftServerConfigKeys (ConfUtils.java:logGet(43)) - raft.server.watch.timeout.denomination = 1s (default)
2019-09-24 02:26:58,480 [7a524267-bdf9-4b04-89b1-b4711f57f83c@group-A46F3D2F1624:LeaderElection72] INFO  server.RaftServerConfigKeys (ConfUtils.java:logGet(43)) - raft.server.watch.element-limit = 65536 (default)
2019-09-24 02:26:58,482 [7a524267-bdf9-4b04-89b1-b4711f57f83c@group-A46F3D2F1624:LeaderElection72] INFO  impl.RoleInfo (RoleInfo.java:updateAndGet(143)) - 7a524267-bdf9-4b04-89b1-b4711f57f83c: start LeaderState
2019-09-24 02:26:58,482 [7a524267-bdf9-4b04-89b1-b4711f57f83c@group-A46F3D2F1624:LeaderElection72] INFO  segmented.SegmentedRaftLogWorker (SegmentedRaftLogWorker.java:startLogSegment(380)) - 7a524267-bdf9-4b04-89b1-b4711f57f83c@group-A46F3D2F1624-SegmentedRaftLogWorker: Starting segment from index:0
2019-09-24 02:26:58,483 [7a524267-bdf9-4b04-89b1-b4711f57f83c@group-A46F3D2F1624:LeaderElection72] INFO  impl.RaftServerImpl (ServerState.java:setRaftConf(354)) - 7a524267-bdf9-4b04-89b1-b4711f57f83c@group-A46F3D2F1624: set configuration 0: [7a524267-bdf9-4b04-89b1-b4711f57f83c:192.168.151.121:33766], old=null at 0
2019-09-24 02:26:58,490 [d46d7bca-32fd-4d78-a60e-8b14dc904a28@group-0FD3F1957632:LeaderElection75] INFO  impl.LeaderElection (LeaderElection.java:askForVotes(182)) - d46d7bca-32fd-4d78-a60e-8b14dc904a28@group-0FD3F1957632:LeaderElection75: begin an election at term 1 for -1: [d46d7bca-32fd-4d78-a60e-8b14dc904a28:192.168.151.121:45016, bee6418c-0727-467f-b823-1d4bd6a18942:192.168.151.121:38836, 7a524267-bdf9-4b04-89b1-b4711f57f83c:192.168.151.121:33766], old=null
2019-09-24 02:26:58,490 [bee6418c-0727-467f-b823-1d4bd6a18942@group-0FD3F1957632:LeaderElection73] INFO  impl.LeaderElection (LeaderElection.java:askForVotes(182)) - bee6418c-0727-467f-b823-1d4bd6a18942@group-0FD3F1957632:LeaderElection73: begin an election at term 1 for -1: [d46d7bca-32fd-4d78-a60e-8b14dc904a28:192.168.151.121:45016, bee6418c-0727-467f-b823-1d4bd6a18942:192.168.151.121:38836, 7a524267-bdf9-4b04-89b1-b4711f57f83c:192.168.151.121:33766], old=null
2019-09-24 02:26:58,490 [c1f213cf-52f9-46af-9dd6-cbe0bbbf4493@group-04E9D2CB7218:LeaderElection74] INFO  impl.LeaderElection (LeaderElection.java:askForVotes(182)) - c1f213cf-52f9-46af-9dd6-cbe0bbbf4493@group-04E9D2CB7218:LeaderElection74: begin an election at term 1 for -1: [c1f213cf-52f9-46af-9dd6-cbe0bbbf4493:192.168.151.121:45532], old=null
2019-09-24 02:26:58,490 [c1f213cf-52f9-46af-9dd6-cbe0bbbf4493@group-04E9D2CB7218:LeaderElection74] INFO  impl.RoleInfo (RoleInfo.java:shutdownLeaderElection(134)) - c1f213cf-52f9-46af-9dd6-cbe0bbbf4493: shutdown LeaderElection
2019-09-24 02:26:58,490 [c1f213cf-52f9-46af-9dd6-cbe0bbbf4493@group-04E9D2CB7218:LeaderElection74] INFO  impl.RaftServerImpl (RaftServerImpl.java:setRole(174)) - c1f213cf-52f9-46af-9dd6-cbe0bbbf4493@group-04E9D2CB7218: changes role from CANDIDATE to LEADER at term 1 for changeToLeader
2019-09-24 02:26:58,490 [c1f213cf-52f9-46af-9dd6-cbe0bbbf4493@group-04E9D2CB7218:LeaderElection74] INFO  impl.RaftServerImpl (ServerState.java:setLeader(253)) - c1f213cf-52f9-46af-9dd6-cbe0bbbf4493@group-04E9D2CB7218: change Leader from null to c1f213cf-52f9-46af-9dd6-cbe0bbbf4493 at term 1 for becomeLeader, leader elected after 1077ms
2019-09-24 02:26:58,491 [c1f213cf-52f9-46af-9dd6-cbe0bbbf4493@group-04E9D2CB7218:LeaderElection74] INFO  server.RaftServerConfigKeys (ConfUtils.java:logGet(43)) - raft.server.staging.catchup.gap = 1000 (default)
2019-09-24 02:26:58,491 [c1f213cf-52f9-46af-9dd6-cbe0bbbf4493@group-04E9D2CB7218:LeaderElection74] INFO  server.RaftServerConfigKeys (ConfUtils.java:logGet(43)) - raft.server.rpc.sleep.time = 25ms (default)
2019-09-24 02:26:58,491 [c1f213cf-52f9-46af-9dd6-cbe0bbbf4493@group-04E9D2CB7218:LeaderElection74] INFO  server.RaftServerConfigKeys (ConfUtils.java:logGet(43)) - raft.server.write.element-limit = 4096 (default)
2019-09-24 02:26:58,491 [c1f213cf-52f9-46af-9dd6-cbe0bbbf4493@group-04E9D2CB7218:LeaderElection74] INFO  server.RaftServerConfigKeys (ConfUtils.java:logGet(43)) - raft.server.watch.timeout = 10s (default)
2019-09-24 02:26:58,491 [c1f213cf-52f9-46af-9dd6-cbe0bbbf4493@group-04E9D2CB7218:LeaderElection74] INFO  server.RaftServerConfigKeys (ConfUtils.java:logGet(43)) - raft.server.watch.timeout.denomination = 1s (default)
2019-09-24 02:26:58,492 [c1f213cf-52f9-46af-9dd6-cbe0bbbf4493@group-04E9D2CB7218:LeaderElection74] INFO  server.RaftServerConfigKeys (ConfUtils.java:logGet(43)) - raft.server.watch.element-limit = 65536 (default)
2019-09-24 02:26:58,522 [c1f213cf-52f9-46af-9dd6-cbe0bbbf4493@group-04E9D2CB7218:LeaderElection74] INFO  impl.RoleInfo (RoleInfo.java:updateAndGet(143)) - c1f213cf-52f9-46af-9dd6-cbe0bbbf4493: start LeaderState
2019-09-24 02:26:58,522 [c1f213cf-52f9-46af-9dd6-cbe0bbbf4493@group-04E9D2CB7218:LeaderElection74] INFO  segmented.SegmentedRaftLogWorker (SegmentedRaftLogWorker.java:startLogSegment(380)) - c1f213cf-52f9-46af-9dd6-cbe0bbbf4493@group-04E9D2CB7218-SegmentedRaftLogWorker: Starting segment from index:0
2019-09-24 02:26:58,523 [c1f213cf-52f9-46af-9dd6-cbe0bbbf4493@group-04E9D2CB7218:LeaderElection74] INFO  impl.RaftServerImpl (ServerState.java:setRaftConf(354)) - c1f213cf-52f9-46af-9dd6-cbe0bbbf4493@group-04E9D2CB7218: set configuration 0: [c1f213cf-52f9-46af-9dd6-cbe0bbbf4493:192.168.151.121:45532], old=null at 0
2019-09-24 02:26:58,557 [grpc-default-executor-1] INFO  impl.RaftServerImpl (RaftServerImpl.java:setRole(174)) - 7a524267-bdf9-4b04-89b1-b4711f57f83c@group-0FD3F1957632: changes role from  FOLLOWER to FOLLOWER at term 1 for recognizeCandidate:d46d7bca-32fd-4d78-a60e-8b14dc904a28
2019-09-24 02:26:58,561 [grpc-default-executor-1] INFO  impl.RoleInfo (RoleInfo.java:shutdownFollowerState(121)) - 7a524267-bdf9-4b04-89b1-b4711f57f83c: shutdown FollowerState
2019-09-24 02:26:58,557 [7a524267-bdf9-4b04-89b1-b4711f57f83c@group-A46F3D2F1624-SegmentedRaftLogWorker] INFO  segmented.SegmentedRaftLogWorker (SegmentedRaftLogWorker.java:execute(569)) - 7a524267-bdf9-4b04-89b1-b4711f57f83c@group-A46F3D2F1624-SegmentedRaftLogWorker: created new log segment /workdir/hadoop-ozone/integration-test/target/test-dir/MiniOzoneClusterImpl-7938e232-3eaf-47c6-84ae-b0e11761d891/datanode-6/data/ratis/4bb56a72-91d1-4df4-8c33-a46f3d2f1624/current/log_inprogress_0
2019-09-24 02:26:58,561 [grpc-default-executor-1] INFO  impl.RoleInfo (RoleInfo.java:updateAndGet(143)) - 7a524267-bdf9-4b04-89b1-b4711f57f83c: start FollowerState
2019-09-24 02:26:58,570 [c1f213cf-52f9-46af-9dd6-cbe0bbbf4493@group-04E9D2CB7218-SegmentedRaftLogWorker] INFO  segmented.SegmentedRaftLogWorker (SegmentedRaftLogWorker.java:execute(569)) - c1f213cf-52f9-46af-9dd6-cbe0bbbf4493@group-04E9D2CB7218-SegmentedRaftLogWorker: created new log segment /workdir/hadoop-ozone/integration-test/target/test-dir/MiniOzoneClusterImpl-7938e232-3eaf-47c6-84ae-b0e11761d891/datanode-7/data/ratis/2038d134-8fc6-42b7-a20a-04e9d2cb7218/current/log_inprogress_0
2019-09-24 02:26:58,574 [bee6418c-0727-467f-b823-1d4bd6a18942@group-0FD3F1957632:LeaderElection73] INFO  impl.LeaderElection (LeaderElection.java:logAndReturn(56)) - bee6418c-0727-467f-b823-1d4bd6a18942@group-0FD3F1957632:LeaderElection73: Election REJECTED; received 2 response(s) [bee6418c-0727-467f-b823-1d4bd6a18942<-d46d7bca-32fd-4d78-a60e-8b14dc904a28#0:FAIL-t1, bee6418c-0727-467f-b823-1d4bd6a18942<-7a524267-bdf9-4b04-89b1-b4711f57f83c#0:FAIL-t1] and 0 exception(s); bee6418c-0727-467f-b823-1d4bd6a18942@group-0FD3F1957632:t1, leader=null, voted=bee6418c-0727-467f-b823-1d4bd6a18942, raftlog=bee6418c-0727-467f-b823-1d4bd6a18942@group-0FD3F1957632-SegmentedRaftLog:OPENED:c-1,f-1,i0, conf=-1: [d46d7bca-32fd-4d78-a60e-8b14dc904a28:192.168.151.121:45016, bee6418c-0727-467f-b823-1d4bd6a18942:192.168.151.121:38836, 7a524267-bdf9-4b04-89b1-b4711f57f83c:192.168.151.121:33766], old=null
2019-09-24 02:26:58,574 [d46d7bca-32fd-4d78-a60e-8b14dc904a28@group-0FD3F1957632:LeaderElection75] INFO  impl.LeaderElection (LeaderElection.java:logAndReturn(56)) - d46d7bca-32fd-4d78-a60e-8b14dc904a28@group-0FD3F1957632:LeaderElection75: Election PASSED; received 2 response(s) [d46d7bca-32fd-4d78-a60e-8b14dc904a28<-bee6418c-0727-467f-b823-1d4bd6a18942#0:FAIL-t1, d46d7bca-32fd-4d78-a60e-8b14dc904a28<-7a524267-bdf9-4b04-89b1-b4711f57f83c#0:OK-t1] and 0 exception(s); d46d7bca-32fd-4d78-a60e-8b14dc904a28@group-0FD3F1957632:t1, leader=null, voted=d46d7bca-32fd-4d78-a60e-8b14dc904a28, raftlog=d46d7bca-32fd-4d78-a60e-8b14dc904a28@group-0FD3F1957632-SegmentedRaftLog:OPENED:c-1,f-1,i0, conf=-1: [d46d7bca-32fd-4d78-a60e-8b14dc904a28:192.168.151.121:45016, bee6418c-0727-467f-b823-1d4bd6a18942:192.168.151.121:38836, 7a524267-bdf9-4b04-89b1-b4711f57f83c:192.168.151.121:33766], old=null
2019-09-24 02:26:58,574 [Thread-4202] INFO  impl.FollowerState (FollowerState.java:run(106)) - da42697a-0d77-415b-812b-51cfdf9a7055:group-F94EB3458722 changes to CANDIDATE, lastRpcTime:1099, electionTimeout:1099ms
2019-09-24 02:26:58,574 [bee6418c-0727-467f-b823-1d4bd6a18942@group-0FD3F1957632:LeaderElection73] INFO  impl.RaftServerImpl (RaftServerImpl.java:setRole(174)) - bee6418c-0727-467f-b823-1d4bd6a18942@group-0FD3F1957632: changes role from CANDIDATE to FOLLOWER at term 1 for DISCOVERED_A_NEW_TERM
2019-09-24 02:26:58,579 [d46d7bca-32fd-4d78-a60e-8b14dc904a28@group-0FD3F1957632:LeaderElection75] INFO  impl.RoleInfo (RoleInfo.java:shutdownLeaderElection(134)) - d46d7bca-32fd-4d78-a60e-8b14dc904a28: shutdown LeaderElection
2019-09-24 02:26:58,580 [Thread-4202] INFO  impl.RoleInfo (RoleInfo.java:shutdownFollowerState(121)) - da42697a-0d77-415b-812b-51cfdf9a7055: shutdown FollowerState
2019-09-24 02:26:58,579 [bee6418c-0727-467f-b823-1d4bd6a18942@group-0FD3F1957632:LeaderElection73] INFO  impl.RoleInfo (RoleInfo.java:shutdownLeaderElection(134)) - bee6418c-0727-467f-b823-1d4bd6a18942: shutdown LeaderElection
2019-09-24 02:26:58,580 [Thread-4202] INFO  impl.RaftServerImpl (RaftServerImpl.java:setRole(174)) - da42697a-0d77-415b-812b-51cfdf9a7055@group-F94EB3458722: changes role from  FOLLOWER to CANDIDATE at term 0 for changeToCandidate
2019-09-24 02:26:58,580 [d46d7bca-32fd-4d78-a60e-8b14dc904a28@group-0FD3F1957632:LeaderElection75] INFO  impl.RaftServerImpl (RaftServerImpl.java:setRole(174)) - d46d7bca-32fd-4d78-a60e-8b14dc904a28@group-0FD3F1957632: changes role from CANDIDATE to LEADER at term 1 for changeToLeader
2019-09-24 02:26:58,580 [Thread-4202] INFO  impl.RoleInfo (RoleInfo.java:updateAndGet(143)) - da42697a-0d77-415b-812b-51cfdf9a7055: start LeaderElection
2019-09-24 02:26:58,580 [bee6418c-0727-467f-b823-1d4bd6a18942@group-0FD3F1957632:LeaderElection73] INFO  impl.RoleInfo (RoleInfo.java:updateAndGet(143)) - bee6418c-0727-467f-b823-1d4bd6a18942: start FollowerState
2019-09-24 02:26:58,580 [d46d7bca-32fd-4d78-a60e-8b14dc904a28@group-0FD3F1957632:LeaderElection75] INFO  impl.RaftServerImpl (ServerState.java:setLeader(253)) - d46d7bca-32fd-4d78-a60e-8b14dc904a28@group-0FD3F1957632: change Leader from null to d46d7bca-32fd-4d78-a60e-8b14dc904a28 at term 1 for becomeLeader, leader elected after 1246ms
2019-09-24 02:26:58,586 [d46d7bca-32fd-4d78-a60e-8b14dc904a28@group-0FD3F1957632:LeaderElection75] INFO  server.RaftServerConfigKeys (ConfUtils.java:logGet(43)) - raft.server.staging.catchup.gap = 1000 (default)
2019-09-24 02:26:58,586 [d46d7bca-32fd-4d78-a60e-8b14dc904a28@group-0FD3F1957632:LeaderElection75] INFO  server.RaftServerConfigKeys (ConfUtils.java:logGet(43)) - raft.server.rpc.sleep.time = 25ms (default)
2019-09-24 02:26:58,586 [d46d7bca-32fd-4d78-a60e-8b14dc904a28@group-0FD3F1957632:LeaderElection75] INFO  server.RaftServerConfigKeys (ConfUtils.java:logGet(43)) - raft.server.write.element-limit = 4096 (default)
2019-09-24 02:26:58,586 [d46d7bca-32fd-4d78-a60e-8b14dc904a28@group-0FD3F1957632:LeaderElection75] INFO  server.RaftServerConfigKeys (ConfUtils.java:logGet(43)) - raft.server.watch.timeout = 10s (default)
2019-09-24 02:26:58,586 [d46d7bca-32fd-4d78-a60e-8b14dc904a28@group-0FD3F1957632:LeaderElection75] INFO  server.RaftServerConfigKeys (ConfUtils.java:logGet(43)) - raft.server.watch.timeout.denomination = 1s (default)
2019-09-24 02:26:58,586 [d46d7bca-32fd-4d78-a60e-8b14dc904a28@group-0FD3F1957632:LeaderElection75] INFO  server.RaftServerConfigKeys (ConfUtils.java:logGet(43)) - raft.server.watch.element-limit = 65536 (default)
2019-09-24 02:26:58,588 [d46d7bca-32fd-4d78-a60e-8b14dc904a28@group-0FD3F1957632:LeaderElection75] INFO  server.RaftServerConfigKeys (ConfUtils.java:logGet(43)) - raft.server.log.appender.snapshot.chunk.size.max = 16MB (=16777216) (default)
2019-09-24 02:26:58,588 [d46d7bca-32fd-4d78-a60e-8b14dc904a28@group-0FD3F1957632:LeaderElection75] INFO  server.RaftServerConfigKeys (ConfUtils.java:logGet(43)) - raft.server.log.appender.buffer.byte-limit = 33554432 (custom)
2019-09-24 02:26:58,589 [d46d7bca-32fd-4d78-a60e-8b14dc904a28@group-0FD3F1957632:LeaderElection75] INFO  server.RaftServerConfigKeys (ConfUtils.java:logGet(43)) - raft.server.log.appender.buffer.element-limit = 1 (custom)
2019-09-24 02:26:58,589 [d46d7bca-32fd-4d78-a60e-8b14dc904a28@group-0FD3F1957632:LeaderElection75] INFO  grpc.GrpcConfigKeys$Server (ConfUtils.java:logGet(43)) - raft.grpc.server.leader.outstanding.appends.max = 128 (default)
2019-09-24 02:26:58,589 [d46d7bca-32fd-4d78-a60e-8b14dc904a28@group-0FD3F1957632:LeaderElection75] INFO  server.RaftServerConfigKeys (ConfUtils.java:logGet(43)) - raft.server.rpc.request.timeout = 3000ms (default)
2019-09-24 02:26:58,589 [d46d7bca-32fd-4d78-a60e-8b14dc904a28@group-0FD3F1957632:LeaderElection75] INFO  server.RaftServerConfigKeys (ConfUtils.java:logGet(43)) - raft.server.log.appender.install.snapshot.enabled = false (custom)
2019-09-24 02:26:58,589 [d46d7bca-32fd-4d78-a60e-8b14dc904a28@group-0FD3F1957632:LeaderElection75] INFO  server.RaftServerConfigKeys (ConfUtils.java:logGet(43)) - raft.server.log.appender.snapshot.chunk.size.max = 16MB (=16777216) (default)
2019-09-24 02:26:58,590 [d46d7bca-32fd-4d78-a60e-8b14dc904a28@group-0FD3F1957632:LeaderElection75] INFO  server.RaftServerConfigKeys (ConfUtils.java:logGet(43)) - raft.server.log.appender.buffer.byte-limit = 33554432 (custom)
2019-09-24 02:26:58,590 [d46d7bca-32fd-4d78-a60e-8b14dc904a28@group-0FD3F1957632:LeaderElection75] INFO  server.RaftServerConfigKeys (ConfUtils.java:logGet(43)) - raft.server.log.appender.buffer.element-limit = 1 (custom)
2019-09-24 02:26:58,590 [d46d7bca-32fd-4d78-a60e-8b14dc904a28@group-0FD3F1957632:LeaderElection75] INFO  grpc.GrpcConfigKeys$Server (ConfUtils.java:logGet(43)) - raft.grpc.server.leader.outstanding.appends.max = 128 (default)
2019-09-24 02:26:58,590 [d46d7bca-32fd-4d78-a60e-8b14dc904a28@group-0FD3F1957632:LeaderElection75] INFO  server.RaftServerConfigKeys (ConfUtils.java:logGet(43)) - raft.server.rpc.request.timeout = 3000ms (default)
2019-09-24 02:26:58,590 [d46d7bca-32fd-4d78-a60e-8b14dc904a28@group-0FD3F1957632:LeaderElection75] INFO  server.RaftServerConfigKeys (ConfUtils.java:logGet(43)) - raft.server.log.appender.install.snapshot.enabled = false (custom)
2019-09-24 02:26:58,590 [d46d7bca-32fd-4d78-a60e-8b14dc904a28@group-0FD3F1957632:LeaderElection75] INFO  impl.RoleInfo (RoleInfo.java:updateAndGet(143)) - d46d7bca-32fd-4d78-a60e-8b14dc904a28: start LeaderState
2019-09-24 02:26:58,591 [d46d7bca-32fd-4d78-a60e-8b14dc904a28@group-0FD3F1957632:LeaderElection75] INFO  segmented.SegmentedRaftLogWorker (SegmentedRaftLogWorker.java:startLogSegment(380)) - d46d7bca-32fd-4d78-a60e-8b14dc904a28@group-0FD3F1957632-SegmentedRaftLogWorker: Starting segment from index:0
2019-09-24 02:26:58,591 [d46d7bca-32fd-4d78-a60e-8b14dc904a28@group-0FD3F1957632:LeaderElection75] INFO  impl.RaftServerImpl (ServerState.java:setRaftConf(354)) - d46d7bca-32fd-4d78-a60e-8b14dc904a28@group-0FD3F1957632: set configuration 0: [d46d7bca-32fd-4d78-a60e-8b14dc904a28:192.168.151.121:45016, bee6418c-0727-467f-b823-1d4bd6a18942:192.168.151.121:38836, 7a524267-bdf9-4b04-89b1-b4711f57f83c:192.168.151.121:33766], old=null at 0
2019-09-24 02:26:58,593 [grpc-default-executor-2] INFO  impl.RaftServerImpl (ServerState.java:setLeader(253)) - bee6418c-0727-467f-b823-1d4bd6a18942@group-0FD3F1957632: change Leader from null to d46d7bca-32fd-4d78-a60e-8b14dc904a28 at term 1 for appendEntries, leader elected after 1258ms
2019-09-24 02:26:58,593 [grpc-default-executor-1] INFO  impl.RaftServerImpl (ServerState.java:setLeader(253)) - 7a524267-bdf9-4b04-89b1-b4711f57f83c@group-0FD3F1957632: change Leader from null to d46d7bca-32fd-4d78-a60e-8b14dc904a28 at term 1 for appendEntries, leader elected after 1258ms
2019-09-24 02:26:58,595 [grpc-default-executor-2] INFO  impl.RaftServerImpl (ServerState.java:setRaftConf(354)) - bee6418c-0727-467f-b823-1d4bd6a18942@group-0FD3F1957632: set configuration 0: [d46d7bca-32fd-4d78-a60e-8b14dc904a28:192.168.151.121:45016, bee6418c-0727-467f-b823-1d4bd6a18942:192.168.151.121:38836, 7a524267-bdf9-4b04-89b1-b4711f57f83c:192.168.151.121:33766], old=null at 0
2019-09-24 02:26:58,595 [grpc-default-executor-1] INFO  impl.RaftServerImpl (ServerState.java:setRaftConf(354)) - 7a524267-bdf9-4b04-89b1-b4711f57f83c@group-0FD3F1957632: set configuration 0: [d46d7bca-32fd-4d78-a60e-8b14dc904a28:192.168.151.121:45016, bee6418c-0727-467f-b823-1d4bd6a18942:192.168.151.121:38836, 7a524267-bdf9-4b04-89b1-b4711f57f83c:192.168.151.121:33766], old=null at 0
2019-09-24 02:26:58,595 [grpc-default-executor-2] INFO  segmented.SegmentedRaftLogWorker (SegmentedRaftLogWorker.java:startLogSegment(380)) - bee6418c-0727-467f-b823-1d4bd6a18942@group-0FD3F1957632-SegmentedRaftLogWorker: Starting segment from index:0
2019-09-24 02:26:58,595 [grpc-default-executor-1] INFO  segmented.SegmentedRaftLogWorker (SegmentedRaftLogWorker.java:startLogSegment(380)) - 7a524267-bdf9-4b04-89b1-b4711f57f83c@group-0FD3F1957632-SegmentedRaftLogWorker: Starting segment from index:0
2019-09-24 02:26:58,599 [da42697a-0d77-415b-812b-51cfdf9a7055@group-F94EB3458722:LeaderElection76] INFO  impl.LeaderElection (LeaderElection.java:askForVotes(182)) - da42697a-0d77-415b-812b-51cfdf9a7055@group-F94EB3458722:LeaderElection76: begin an election at term 1 for -1: [da42697a-0d77-415b-812b-51cfdf9a7055:192.168.151.121:40285], old=null
2019-09-24 02:26:58,599 [da42697a-0d77-415b-812b-51cfdf9a7055@group-F94EB3458722:LeaderElection76] INFO  impl.RoleInfo (RoleInfo.java:shutdownLeaderElection(134)) - da42697a-0d77-415b-812b-51cfdf9a7055: shutdown LeaderElection
2019-09-24 02:26:58,599 [da42697a-0d77-415b-812b-51cfdf9a7055@group-F94EB3458722:LeaderElection76] INFO  impl.RaftServerImpl (RaftServerImpl.java:setRole(174)) - da42697a-0d77-415b-812b-51cfdf9a7055@group-F94EB3458722: changes role from CANDIDATE to LEADER at term 1 for changeToLeader
2019-09-24 02:26:58,599 [da42697a-0d77-415b-812b-51cfdf9a7055@group-F94EB3458722:LeaderElection76] INFO  impl.RaftServerImpl (ServerState.java:setLeader(253)) - da42697a-0d77-415b-812b-51cfdf9a7055@group-F94EB3458722: change Leader from null to da42697a-0d77-415b-812b-51cfdf9a7055 at term 1 for becomeLeader, leader elected after 1135ms
2019-09-24 02:26:58,599 [da42697a-0d77-415b-812b-51cfdf9a7055@group-F94EB3458722:LeaderElection76] INFO  server.RaftServerConfigKeys (ConfUtils.java:logGet(43)) - raft.server.staging.catchup.gap = 1000 (default)
2019-09-24 02:26:58,599 [da42697a-0d77-415b-812b-51cfdf9a7055@group-F94EB3458722:LeaderElection76] INFO  server.RaftServerConfigKeys (ConfUtils.java:logGet(43)) - raft.server.rpc.sleep.time = 25ms (default)
2019-09-24 02:26:58,599 [da42697a-0d77-415b-812b-51cfdf9a7055@group-F94EB3458722:LeaderElection76] INFO  server.RaftServerConfigKeys (ConfUtils.java:logGet(43)) - raft.server.write.element-limit = 4096 (default)
2019-09-24 02:26:58,599 [da42697a-0d77-415b-812b-51cfdf9a7055@group-F94EB3458722:LeaderElection76] INFO  server.RaftServerConfigKeys (ConfUtils.java:logGet(43)) - raft.server.watch.timeout = 10s (default)
2019-09-24 02:26:58,600 [da42697a-0d77-415b-812b-51cfdf9a7055@group-F94EB3458722:LeaderElection76] INFO  server.RaftServerConfigKeys (ConfUtils.java:logGet(43)) - raft.server.watch.timeout.denomination = 1s (default)
2019-09-24 02:26:58,600 [da42697a-0d77-415b-812b-51cfdf9a7055@group-F94EB3458722:LeaderElection76] INFO  server.RaftServerConfigKeys (ConfUtils.java:logGet(43)) - raft.server.watch.element-limit = 65536 (default)
2019-09-24 02:26:58,601 [da42697a-0d77-415b-812b-51cfdf9a7055@group-F94EB3458722:LeaderElection76] INFO  impl.RoleInfo (RoleInfo.java:updateAndGet(143)) - da42697a-0d77-415b-812b-51cfdf9a7055: start LeaderState
2019-09-24 02:26:58,602 [da42697a-0d77-415b-812b-51cfdf9a7055@group-F94EB3458722:LeaderElection76] INFO  segmented.SegmentedRaftLogWorker (SegmentedRaftLogWorker.java:startLogSegment(380)) - da42697a-0d77-415b-812b-51cfdf9a7055@group-F94EB3458722-SegmentedRaftLogWorker: Starting segment from index:0
2019-09-24 02:26:58,602 [da42697a-0d77-415b-812b-51cfdf9a7055@group-F94EB3458722:LeaderElection76] INFO  impl.RaftServerImpl (ServerState.java:setRaftConf(354)) - da42697a-0d77-415b-812b-51cfdf9a7055@group-F94EB3458722: set configuration 0: [da42697a-0d77-415b-812b-51cfdf9a7055:192.168.151.121:40285], old=null at 0
2019-09-24 02:26:58,618 [Thread-4214] INFO  impl.FollowerState (FollowerState.java:run(106)) - c1f213cf-52f9-46af-9dd6-cbe0bbbf4493:group-A4B08C4637EB changes to CANDIDATE, lastRpcTime:1022, electionTimeout:1022ms
2019-09-24 02:26:58,619 [Thread-4214] INFO  impl.RoleInfo (RoleInfo.java:shutdownFollowerState(121)) - c1f213cf-52f9-46af-9dd6-cbe0bbbf4493: shutdown FollowerState
2019-09-24 02:26:58,619 [Thread-4214] INFO  impl.RaftServerImpl (RaftServerImpl.java:setRole(174)) - c1f213cf-52f9-46af-9dd6-cbe0bbbf4493@group-A4B08C4637EB: changes role from  FOLLOWER to CANDIDATE at term 0 for changeToCandidate
2019-09-24 02:26:58,619 [Thread-4214] INFO  impl.RoleInfo (RoleInfo.java:updateAndGet(143)) - c1f213cf-52f9-46af-9dd6-cbe0bbbf4493: start LeaderElection
2019-09-24 02:26:58,644 [Thread-4212] INFO  impl.FollowerState (FollowerState.java:run(106)) - da42697a-0d77-415b-812b-51cfdf9a7055:group-A4B08C4637EB changes to CANDIDATE, lastRpcTime:1048, electionTimeout:1048ms
2019-09-24 02:26:58,644 [Thread-4212] INFO  impl.RoleInfo (RoleInfo.java:shutdownFollowerState(121)) - da42697a-0d77-415b-812b-51cfdf9a7055: shutdown FollowerState
2019-09-24 02:26:58,644 [Thread-4212] INFO  impl.RaftServerImpl (RaftServerImpl.java:setRole(174)) - da42697a-0d77-415b-812b-51cfdf9a7055@group-A4B08C4637EB: changes role from  FOLLOWER to CANDIDATE at term 0 for changeToCandidate
2019-09-24 02:26:58,644 [Thread-4212] INFO  impl.RoleInfo (RoleInfo.java:updateAndGet(143)) - da42697a-0d77-415b-812b-51cfdf9a7055: start LeaderElection
2019-09-24 02:26:58,658 [bee6418c-0727-467f-b823-1d4bd6a18942@group-0FD3F1957632-SegmentedRaftLogWorker] INFO  segmented.SegmentedRaftLogWorker (SegmentedRaftLogWorker.java:execute(569)) - bee6418c-0727-467f-b823-1d4bd6a18942@group-0FD3F1957632-SegmentedRaftLogWorker: created new log segment /workdir/hadoop-ozone/integration-test/target/test-dir/MiniOzoneClusterImpl-7938e232-3eaf-47c6-84ae-b0e11761d891/datanode-3/data/ratis/07ad298a-14f0-4833-bd8f-0fd3f1957632/current/log_inprogress_0
2019-09-24 02:26:58,658 [d46d7bca-32fd-4d78-a60e-8b14dc904a28@group-0FD3F1957632-SegmentedRaftLogWorker] INFO  segmented.SegmentedRaftLogWorker (SegmentedRaftLogWorker.java:execute(569)) - d46d7bca-32fd-4d78-a60e-8b14dc904a28@group-0FD3F1957632-SegmentedRaftLogWorker: created new log segment /workdir/hadoop-ozone/integration-test/target/test-dir/MiniOzoneClusterImpl-7938e232-3eaf-47c6-84ae-b0e11761d891/datanode-5/data/ratis/07ad298a-14f0-4833-bd8f-0fd3f1957632/current/log_inprogress_0
2019-09-24 02:26:58,658 [c1f213cf-52f9-46af-9dd6-cbe0bbbf4493@group-A4B08C4637EB:LeaderElection77] INFO  impl.LeaderElection (LeaderElection.java:askForVotes(182)) - c1f213cf-52f9-46af-9dd6-cbe0bbbf4493@group-A4B08C4637EB:LeaderElection77: begin an election at term 1 for -1: [c1f213cf-52f9-46af-9dd6-cbe0bbbf4493:192.168.151.121:45532, da42697a-0d77-415b-812b-51cfdf9a7055:192.168.151.121:40285, 88c7199a-3ab1-4d00-b74d-de8853add08b:192.168.151.121:46371], old=null
2019-09-24 02:26:58,658 [da42697a-0d77-415b-812b-51cfdf9a7055@group-F94EB3458722-SegmentedRaftLogWorker] INFO  segmented.SegmentedRaftLogWorker (SegmentedRaftLogWorker.java:execute(569)) - da42697a-0d77-415b-812b-51cfdf9a7055@group-F94EB3458722-SegmentedRaftLogWorker: created new log segment /workdir/hadoop-ozone/integration-test/target/test-dir/MiniOzoneClusterImpl-7938e232-3eaf-47c6-84ae-b0e11761d891/datanode-8/data/ratis/69d0ddcd-f7c1-4704-976f-f94eb3458722/current/log_inprogress_0
2019-09-24 02:26:58,658 [7a524267-bdf9-4b04-89b1-b4711f57f83c@group-0FD3F1957632-SegmentedRaftLogWorker] INFO  segmented.SegmentedRaftLogWorker (SegmentedRaftLogWorker.java:execute(569)) - 7a524267-bdf9-4b04-89b1-b4711f57f83c@group-0FD3F1957632-SegmentedRaftLogWorker: created new log segment /workdir/hadoop-ozone/integration-test/target/test-dir/MiniOzoneClusterImpl-7938e232-3eaf-47c6-84ae-b0e11761d891/datanode-6/data/ratis/07ad298a-14f0-4833-bd8f-0fd3f1957632/current/log_inprogress_0
2019-09-24 02:26:58,661 [da42697a-0d77-415b-812b-51cfdf9a7055@group-A4B08C4637EB:LeaderElection78] INFO  impl.LeaderElection (LeaderElection.java:askForVotes(182)) - da42697a-0d77-415b-812b-51cfdf9a7055@group-A4B08C4637EB:LeaderElection78: begin an election at term 1 for -1: [c1f213cf-52f9-46af-9dd6-cbe0bbbf4493:192.168.151.121:45532, da42697a-0d77-415b-812b-51cfdf9a7055:192.168.151.121:40285, 88c7199a-3ab1-4d00-b74d-de8853add08b:192.168.151.121:46371], old=null
2019-09-24 02:26:58,665 [grpc-default-executor-2] INFO  impl.RaftServerImpl (RaftServerImpl.java:setRole(174)) - 88c7199a-3ab1-4d00-b74d-de8853add08b@group-A4B08C4637EB: changes role from  FOLLOWER to FOLLOWER at term 1 for recognizeCandidate:c1f213cf-52f9-46af-9dd6-cbe0bbbf4493
2019-09-24 02:26:58,667 [grpc-default-executor-2] INFO  impl.RoleInfo (RoleInfo.java:shutdownFollowerState(121)) - 88c7199a-3ab1-4d00-b74d-de8853add08b: shutdown FollowerState
2019-09-24 02:26:58,667 [grpc-default-executor-2] INFO  impl.RoleInfo (RoleInfo.java:updateAndGet(143)) - 88c7199a-3ab1-4d00-b74d-de8853add08b: start FollowerState
2019-09-24 02:26:58,667 [Thread-4208] INFO  impl.FollowerState (FollowerState.java:run(115)) - 88c7199a-3ab1-4d00-b74d-de8853add08b: FollowerState was interrupted: java.lang.InterruptedException: sleep interrupted
2019-09-24 02:26:58,683 [Thread-4205] INFO  impl.FollowerState (FollowerState.java:run(106)) - 0ea5082d-669c-4012-8d5c-e2723b741e83:group-E1AAFD066F11 changes to CANDIDATE, lastRpcTime:1152, electionTimeout:1150ms
2019-09-24 02:26:58,683 [Thread-4205] INFO  impl.RoleInfo (RoleInfo.java:shutdownFollowerState(121)) - 0ea5082d-669c-4012-8d5c-e2723b741e83: shutdown FollowerState
2019-09-24 02:26:58,683 [Thread-4205] INFO  impl.RaftServerImpl (RaftServerImpl.java:setRole(174)) - 0ea5082d-669c-4012-8d5c-e2723b741e83@group-E1AAFD066F11: changes role from  FOLLOWER to CANDIDATE at term 0 for changeToCandidate
2019-09-24 02:26:58,683 [da42697a-0d77-415b-812b-51cfdf9a7055@group-A4B08C4637EB:LeaderElection78] INFO  impl.LeaderElection (LeaderElection.java:logAndReturn(56)) - da42697a-0d77-415b-812b-51cfdf9a7055@group-A4B08C4637EB:LeaderElection78: Election REJECTED; received 2 response(s) [da42697a-0d77-415b-812b-51cfdf9a7055<-c1f213cf-52f9-46af-9dd6-cbe0bbbf4493#0:FAIL-t1, da42697a-0d77-415b-812b-51cfdf9a7055<-88c7199a-3ab1-4d00-b74d-de8853add08b#0:FAIL-t1] and 0 exception(s); da42697a-0d77-415b-812b-51cfdf9a7055@group-A4B08C4637EB:t1, leader=null, voted=da42697a-0d77-415b-812b-51cfdf9a7055, raftlog=da42697a-0d77-415b-812b-51cfdf9a7055@group-A4B08C4637EB-SegmentedRaftLog:OPENED:c-1,f-1,i0, conf=-1: [c1f213cf-52f9-46af-9dd6-cbe0bbbf4493:192.168.151.121:45532, da42697a-0d77-415b-812b-51cfdf9a7055:192.168.151.121:40285, 88c7199a-3ab1-4d00-b74d-de8853add08b:192.168.151.121:46371], old=null
2019-09-24 02:26:58,683 [Thread-4205] INFO  impl.RoleInfo (RoleInfo.java:updateAndGet(143)) - 0ea5082d-669c-4012-8d5c-e2723b741e83: start LeaderElection
2019-09-24 02:26:58,683 [da42697a-0d77-415b-812b-51cfdf9a7055@group-A4B08C4637EB:LeaderElection78] INFO  impl.RaftServerImpl (RaftServerImpl.java:setRole(174)) - da42697a-0d77-415b-812b-51cfdf9a7055@group-A4B08C4637EB: changes role from CANDIDATE to FOLLOWER at term 1 for DISCOVERED_A_NEW_TERM
2019-09-24 02:26:58,685 [da42697a-0d77-415b-812b-51cfdf9a7055@group-A4B08C4637EB:LeaderElection78] INFO  impl.RoleInfo (RoleInfo.java:shutdownLeaderElection(134)) - da42697a-0d77-415b-812b-51cfdf9a7055: shutdown LeaderElection
2019-09-24 02:26:58,683 [c1f213cf-52f9-46af-9dd6-cbe0bbbf4493@group-A4B08C4637EB:LeaderElection77] INFO  impl.LeaderElection (LeaderElection.java:logAndReturn(56)) - c1f213cf-52f9-46af-9dd6-cbe0bbbf4493@group-A4B08C4637EB:LeaderElection77: Election PASSED; received 2 response(s) [c1f213cf-52f9-46af-9dd6-cbe0bbbf4493<-da42697a-0d77-415b-812b-51cfdf9a7055#0:FAIL-t1, c1f213cf-52f9-46af-9dd6-cbe0bbbf4493<-88c7199a-3ab1-4d00-b74d-de8853add08b#0:OK-t1] and 0 exception(s); c1f213cf-52f9-46af-9dd6-cbe0bbbf4493@group-A4B08C4637EB:t1, leader=null, voted=c1f213cf-52f9-46af-9dd6-cbe0bbbf4493, raftlog=c1f213cf-52f9-46af-9dd6-cbe0bbbf4493@group-A4B08C4637EB-SegmentedRaftLog:OPENED:c-1,f-1,i0, conf=-1: [c1f213cf-52f9-46af-9dd6-cbe0bbbf4493:192.168.151.121:45532, da42697a-0d77-415b-812b-51cfdf9a7055:192.168.151.121:40285, 88c7199a-3ab1-4d00-b74d-de8853add08b:192.168.151.121:46371], old=null
2019-09-24 02:26:58,705 [da42697a-0d77-415b-812b-51cfdf9a7055@group-A4B08C4637EB:LeaderElection78] INFO  impl.RoleInfo (RoleInfo.java:updateAndGet(143)) - da42697a-0d77-415b-812b-51cfdf9a7055: start FollowerState
2019-09-24 02:26:58,706 [c1f213cf-52f9-46af-9dd6-cbe0bbbf4493@group-A4B08C4637EB:LeaderElection77] INFO  impl.RoleInfo (RoleInfo.java:shutdownLeaderElection(134)) - c1f213cf-52f9-46af-9dd6-cbe0bbbf4493: shutdown LeaderElection
2019-09-24 02:26:58,708 [c1f213cf-52f9-46af-9dd6-cbe0bbbf4493@group-A4B08C4637EB:LeaderElection77] INFO  impl.RaftServerImpl (RaftServerImpl.java:setRole(174)) - c1f213cf-52f9-46af-9dd6-cbe0bbbf4493@group-A4B08C4637EB: changes role from CANDIDATE to LEADER at term 1 for changeToLeader
2019-09-24 02:26:58,708 [c1f213cf-52f9-46af-9dd6-cbe0bbbf4493@group-A4B08C4637EB:LeaderElection77] INFO  impl.RaftServerImpl (ServerState.java:setLeader(253)) - c1f213cf-52f9-46af-9dd6-cbe0bbbf4493@group-A4B08C4637EB: change Leader from null to c1f213cf-52f9-46af-9dd6-cbe0bbbf4493 at term 1 for becomeLeader, leader elected after 1125ms
2019-09-24 02:26:58,708 [c1f213cf-52f9-46af-9dd6-cbe0bbbf4493@group-A4B08C4637EB:LeaderElection77] INFO  server.RaftServerConfigKeys (ConfUtils.java:logGet(43)) - raft.server.staging.catchup.gap = 1000 (default)
2019-09-24 02:26:58,708 [c1f213cf-52f9-46af-9dd6-cbe0bbbf4493@group-A4B08C4637EB:LeaderElection77] INFO  server.RaftServerConfigKeys (ConfUtils.java:logGet(43)) - raft.server.rpc.sleep.time = 25ms (default)
2019-09-24 02:26:58,708 [c1f213cf-52f9-46af-9dd6-cbe0bbbf4493@group-A4B08C4637EB:LeaderElection77] INFO  server.RaftServerConfigKeys (ConfUtils.java:logGet(43)) - raft.server.write.element-limit = 4096 (default)
2019-09-24 02:26:58,709 [c1f213cf-52f9-46af-9dd6-cbe0bbbf4493@group-A4B08C4637EB:LeaderElection77] INFO  server.RaftServerConfigKeys (ConfUtils.java:logGet(43)) - raft.server.watch.timeout = 10s (default)
2019-09-24 02:26:58,709 [c1f213cf-52f9-46af-9dd6-cbe0bbbf4493@group-A4B08C4637EB:LeaderElection77] INFO  server.RaftServerConfigKeys (ConfUtils.java:logGet(43)) - raft.server.watch.timeout.denomination = 1s (default)
2019-09-24 02:26:58,709 [c1f213cf-52f9-46af-9dd6-cbe0bbbf4493@group-A4B08C4637EB:LeaderElection77] INFO  server.RaftServerConfigKeys (ConfUtils.java:logGet(43)) - raft.server.watch.element-limit = 65536 (default)
2019-09-24 02:26:58,711 [c1f213cf-52f9-46af-9dd6-cbe0bbbf4493@group-A4B08C4637EB:LeaderElection77] INFO  server.RaftServerConfigKeys (ConfUtils.java:logGet(43)) - raft.server.log.appender.snapshot.chunk.size.max = 16MB (=16777216) (default)
2019-09-24 02:26:58,711 [c1f213cf-52f9-46af-9dd6-cbe0bbbf4493@group-A4B08C4637EB:LeaderElection77] INFO  server.RaftServerConfigKeys (ConfUtils.java:logGet(43)) - raft.server.log.appender.buffer.byte-limit = 33554432 (custom)
2019-09-24 02:26:58,711 [c1f213cf-52f9-46af-9dd6-cbe0bbbf4493@group-A4B08C4637EB:LeaderElection77] INFO  server.RaftServerConfigKeys (ConfUtils.java:logGet(43)) - raft.server.log.appender.buffer.element-limit = 1 (custom)
2019-09-24 02:26:58,712 [c1f213cf-52f9-46af-9dd6-cbe0bbbf4493@group-A4B08C4637EB:LeaderElection77] INFO  grpc.GrpcConfigKeys$Server (ConfUtils.java:logGet(43)) - raft.grpc.server.leader.outstanding.appends.max = 128 (default)
2019-09-24 02:26:58,712 [c1f213cf-52f9-46af-9dd6-cbe0bbbf4493@group-A4B08C4637EB:LeaderElection77] INFO  server.RaftServerConfigKeys (ConfUtils.java:logGet(43)) - raft.server.rpc.request.timeout = 3000ms (default)
2019-09-24 02:26:58,712 [c1f213cf-52f9-46af-9dd6-cbe0bbbf4493@group-A4B08C4637EB:LeaderElection77] INFO  server.RaftServerConfigKeys (ConfUtils.java:logGet(43)) - raft.server.log.appender.install.snapshot.enabled = false (custom)
2019-09-24 02:26:58,712 [c1f213cf-52f9-46af-9dd6-cbe0bbbf4493@group-A4B08C4637EB:LeaderElection77] INFO  server.RaftServerConfigKeys (ConfUtils.java:logGet(43)) - raft.server.log.appender.snapshot.chunk.size.max = 16MB (=16777216) (default)
2019-09-24 02:26:58,712 [c1f213cf-52f9-46af-9dd6-cbe0bbbf4493@group-A4B08C4637EB:LeaderElection77] INFO  server.RaftServerConfigKeys (ConfUtils.java:logGet(43)) - raft.server.log.appender.buffer.byte-limit = 33554432 (custom)
2019-09-24 02:26:58,713 [c1f213cf-52f9-46af-9dd6-cbe0bbbf4493@group-A4B08C4637EB:LeaderElection77] INFO  server.RaftServerConfigKeys (ConfUtils.java:logGet(43)) - raft.server.log.appender.buffer.element-limit = 1 (custom)
2019-09-24 02:26:58,713 [c1f213cf-52f9-46af-9dd6-cbe0bbbf4493@group-A4B08C4637EB:LeaderElection77] INFO  grpc.GrpcConfigKeys$Server (ConfUtils.java:logGet(43)) - raft.grpc.server.leader.outstanding.appends.max = 128 (default)
2019-09-24 02:26:58,713 [c1f213cf-52f9-46af-9dd6-cbe0bbbf4493@group-A4B08C4637EB:LeaderElection77] INFO  server.RaftServerConfigKeys (ConfUtils.java:logGet(43)) - raft.server.rpc.request.timeout = 3000ms (default)
2019-09-24 02:26:58,713 [c1f213cf-52f9-46af-9dd6-cbe0bbbf4493@group-A4B08C4637EB:LeaderElection77] INFO  server.RaftServerConfigKeys (ConfUtils.java:logGet(43)) - raft.server.log.appender.install.snapshot.enabled = false (custom)
2019-09-24 02:26:58,713 [c1f213cf-52f9-46af-9dd6-cbe0bbbf4493@group-A4B08C4637EB:LeaderElection77] INFO  impl.RoleInfo (RoleInfo.java:updateAndGet(143)) - c1f213cf-52f9-46af-9dd6-cbe0bbbf4493: start LeaderState
2019-09-24 02:26:58,714 [c1f213cf-52f9-46af-9dd6-cbe0bbbf4493@group-A4B08C4637EB:LeaderElection77] INFO  segmented.SegmentedRaftLogWorker (SegmentedRaftLogWorker.java:startLogSegment(380)) - c1f213cf-52f9-46af-9dd6-cbe0bbbf4493@group-A4B08C4637EB-SegmentedRaftLogWorker: Starting segment from index:0
2019-09-24 02:26:58,715 [c1f213cf-52f9-46af-9dd6-cbe0bbbf4493@group-A4B08C4637EB:LeaderElection77] INFO  impl.RaftServerImpl (ServerState.java:setRaftConf(354)) - c1f213cf-52f9-46af-9dd6-cbe0bbbf4493@group-A4B08C4637EB: set configuration 0: [c1f213cf-52f9-46af-9dd6-cbe0bbbf4493:192.168.151.121:45532, da42697a-0d77-415b-812b-51cfdf9a7055:192.168.151.121:40285, 88c7199a-3ab1-4d00-b74d-de8853add08b:192.168.151.121:46371], old=null at 0
2019-09-24 02:26:58,716 [grpc-default-executor-2] INFO  impl.RaftServerImpl (ServerState.java:setLeader(253)) - da42697a-0d77-415b-812b-51cfdf9a7055@group-A4B08C4637EB: change Leader from null to c1f213cf-52f9-46af-9dd6-cbe0bbbf4493 at term 1 for appendEntries, leader elected after 1134ms
2019-09-24 02:26:58,716 [grpc-default-executor-3] INFO  impl.RaftServerImpl (ServerState.java:setLeader(253)) - 88c7199a-3ab1-4d00-b74d-de8853add08b@group-A4B08C4637EB: change Leader from null to c1f213cf-52f9-46af-9dd6-cbe0bbbf4493 at term 1 for appendEntries, leader elected after 1134ms
2019-09-24 02:26:58,718 [grpc-default-executor-3] INFO  impl.RaftServerImpl (ServerState.java:setRaftConf(354)) - da42697a-0d77-415b-812b-51cfdf9a7055@group-A4B08C4637EB: set configuration 0: [c1f213cf-52f9-46af-9dd6-cbe0bbbf4493:192.168.151.121:45532, da42697a-0d77-415b-812b-51cfdf9a7055:192.168.151.121:40285, 88c7199a-3ab1-4d00-b74d-de8853add08b:192.168.151.121:46371], old=null at 0
2019-09-24 02:26:58,718 [grpc-default-executor-2] INFO  impl.RaftServerImpl (ServerState.java:setRaftConf(354)) - 88c7199a-3ab1-4d00-b74d-de8853add08b@group-A4B08C4637EB: set configuration 0: [c1f213cf-52f9-46af-9dd6-cbe0bbbf4493:192.168.151.121:45532, da42697a-0d77-415b-812b-51cfdf9a7055:192.168.151.121:40285, 88c7199a-3ab1-4d00-b74d-de8853add08b:192.168.151.121:46371], old=null at 0
2019-09-24 02:26:58,718 [grpc-default-executor-3] INFO  segmented.SegmentedRaftLogWorker (SegmentedRaftLogWorker.java:startLogSegment(380)) - da42697a-0d77-415b-812b-51cfdf9a7055@group-A4B08C4637EB-SegmentedRaftLogWorker: Starting segment from index:0
2019-09-24 02:26:58,718 [grpc-default-executor-2] INFO  segmented.SegmentedRaftLogWorker (SegmentedRaftLogWorker.java:startLogSegment(380)) - 88c7199a-3ab1-4d00-b74d-de8853add08b@group-A4B08C4637EB-SegmentedRaftLogWorker: Starting segment from index:0
2019-09-24 02:26:58,720 [0ea5082d-669c-4012-8d5c-e2723b741e83@group-E1AAFD066F11:LeaderElection79] INFO  impl.LeaderElection (LeaderElection.java:askForVotes(182)) - 0ea5082d-669c-4012-8d5c-e2723b741e83@group-E1AAFD066F11:LeaderElection79: begin an election at term 1 for -1: [0ea5082d-669c-4012-8d5c-e2723b741e83:192.168.151.121:46824], old=null
2019-09-24 02:26:58,720 [0ea5082d-669c-4012-8d5c-e2723b741e83@group-E1AAFD066F11:LeaderElection79] INFO  impl.RoleInfo (RoleInfo.java:shutdownLeaderElection(134)) - 0ea5082d-669c-4012-8d5c-e2723b741e83: shutdown LeaderElection
2019-09-24 02:26:58,720 [0ea5082d-669c-4012-8d5c-e2723b741e83@group-E1AAFD066F11:LeaderElection79] INFO  impl.RaftServerImpl (RaftServerImpl.java:setRole(174)) - 0ea5082d-669c-4012-8d5c-e2723b741e83@group-E1AAFD066F11: changes role from CANDIDATE to LEADER at term 1 for changeToLeader
2019-09-24 02:26:58,720 [0ea5082d-669c-4012-8d5c-e2723b741e83@group-E1AAFD066F11:LeaderElection79] INFO  impl.RaftServerImpl (ServerState.java:setLeader(253)) - 0ea5082d-669c-4012-8d5c-e2723b741e83@group-E1AAFD066F11: change Leader from null to 0ea5082d-669c-4012-8d5c-e2723b741e83 at term 1 for becomeLeader, leader elected after 1196ms
2019-09-24 02:26:58,720 [0ea5082d-669c-4012-8d5c-e2723b741e83@group-E1AAFD066F11:LeaderElection79] INFO  server.RaftServerConfigKeys (ConfUtils.java:logGet(43)) - raft.server.staging.catchup.gap = 1000 (default)
2019-09-24 02:26:58,720 [0ea5082d-669c-4012-8d5c-e2723b741e83@group-E1AAFD066F11:LeaderElection79] INFO  server.RaftServerConfigKeys (ConfUtils.java:logGet(43)) - raft.server.rpc.sleep.time = 25ms (default)
2019-09-24 02:26:58,721 [0ea5082d-669c-4012-8d5c-e2723b741e83@group-E1AAFD066F11:LeaderElection79] INFO  server.RaftServerConfigKeys (ConfUtils.java:logGet(43)) - raft.server.write.element-limit = 4096 (default)
2019-09-24 02:26:58,721 [0ea5082d-669c-4012-8d5c-e2723b741e83@group-E1AAFD066F11:LeaderElection79] INFO  server.RaftServerConfigKeys (ConfUtils.java:logGet(43)) - raft.server.watch.timeout = 10s (default)
2019-09-24 02:26:58,721 [0ea5082d-669c-4012-8d5c-e2723b741e83@group-E1AAFD066F11:LeaderElection79] INFO  server.RaftServerConfigKeys (ConfUtils.java:logGet(43)) - raft.server.watch.timeout.denomination = 1s (default)
2019-09-24 02:26:58,721 [0ea5082d-669c-4012-8d5c-e2723b741e83@group-E1AAFD066F11:LeaderElection79] INFO  server.RaftServerConfigKeys (ConfUtils.java:logGet(43)) - raft.server.watch.element-limit = 65536 (default)
2019-09-24 02:26:58,722 [0ea5082d-669c-4012-8d5c-e2723b741e83@group-E1AAFD066F11:LeaderElection79] INFO  impl.RoleInfo (RoleInfo.java:updateAndGet(143)) - 0ea5082d-669c-4012-8d5c-e2723b741e83: start LeaderState
2019-09-24 02:26:58,722 [0ea5082d-669c-4012-8d5c-e2723b741e83@group-E1AAFD066F11:LeaderElection79] INFO  segmented.SegmentedRaftLogWorker (SegmentedRaftLogWorker.java:startLogSegment(380)) - 0ea5082d-669c-4012-8d5c-e2723b741e83@group-E1AAFD066F11-SegmentedRaftLogWorker: Starting segment from index:0
2019-09-24 02:26:58,723 [0ea5082d-669c-4012-8d5c-e2723b741e83@group-E1AAFD066F11:LeaderElection79] INFO  impl.RaftServerImpl (ServerState.java:setRaftConf(354)) - 0ea5082d-669c-4012-8d5c-e2723b741e83@group-E1AAFD066F11: set configuration 0: [0ea5082d-669c-4012-8d5c-e2723b741e83:192.168.151.121:46824], old=null at 0
2019-09-24 02:26:58,775 [88c7199a-3ab1-4d00-b74d-de8853add08b@group-A4B08C4637EB-SegmentedRaftLogWorker] INFO  segmented.SegmentedRaftLogWorker (SegmentedRaftLogWorker.java:execute(569)) - 88c7199a-3ab1-4d00-b74d-de8853add08b@group-A4B08C4637EB-SegmentedRaftLogWorker: created new log segment /workdir/hadoop-ozone/integration-test/target/test-dir/MiniOzoneClusterImpl-7938e232-3eaf-47c6-84ae-b0e11761d891/datanode-4/data/ratis/80756e83-8c48-4e65-88be-a4b08c4637eb/current/log_inprogress_0
2019-09-24 02:26:58,775 [0ea5082d-669c-4012-8d5c-e2723b741e83@group-E1AAFD066F11-SegmentedRaftLogWorker] INFO  segmented.SegmentedRaftLogWorker (SegmentedRaftLogWorker.java:execute(569)) - 0ea5082d-669c-4012-8d5c-e2723b741e83@group-E1AAFD066F11-SegmentedRaftLogWorker: created new log segment /workdir/hadoop-ozone/integration-test/target/test-dir/MiniOzoneClusterImpl-7938e232-3eaf-47c6-84ae-b0e11761d891/datanode-9/data/ratis/33bcfa8b-30df-4c6c-a0d0-e1aafd066f11/current/log_inprogress_0
2019-09-24 02:26:58,775 [da42697a-0d77-415b-812b-51cfdf9a7055@group-A4B08C4637EB-SegmentedRaftLogWorker] INFO  segmented.SegmentedRaftLogWorker (SegmentedRaftLogWorker.java:execute(569)) - da42697a-0d77-415b-812b-51cfdf9a7055@group-A4B08C4637EB-SegmentedRaftLogWorker: created new log segment /workdir/hadoop-ozone/integration-test/target/test-dir/MiniOzoneClusterImpl-7938e232-3eaf-47c6-84ae-b0e11761d891/datanode-8/data/ratis/80756e83-8c48-4e65-88be-a4b08c4637eb/current/log_inprogress_0
2019-09-24 02:26:58,775 [c1f213cf-52f9-46af-9dd6-cbe0bbbf4493@group-A4B08C4637EB-SegmentedRaftLogWorker] INFO  segmented.SegmentedRaftLogWorker (SegmentedRaftLogWorker.java:execute(569)) - c1f213cf-52f9-46af-9dd6-cbe0bbbf4493@group-A4B08C4637EB-SegmentedRaftLogWorker: created new log segment /workdir/hadoop-ozone/integration-test/target/test-dir/MiniOzoneClusterImpl-7938e232-3eaf-47c6-84ae-b0e11761d891/datanode-7/data/ratis/80756e83-8c48-4e65-88be-a4b08c4637eb/current/log_inprogress_0
2019-09-24 02:26:59,479 [main] INFO  ipc.Client (Client.java:handleConnectionFailure(948)) - Retrying connect to server: localhost/127.0.0.1:0. Already tried 0 time(s); retry policy is RetryUpToMaximumCountWithFixedSleep(maxRetries=10, sleepTime=1000 MILLISECONDS)
2019-09-24 02:26:59,818 [Thread-4158] INFO  container.ReplicationManager (ReplicationManager.java:start(162)) - Starting Replication Monitor Thread.
2019-09-24 02:26:59,823 [ReplicationMonitor] INFO  container.ReplicationManager (ReplicationManager.java:run(225)) - Replication Monitor Thread took 0 milliseconds for processing 0 containers.
2019-09-24 02:27:00,481 [main] INFO  ipc.Client (Client.java:handleConnectionFailure(948)) - Retrying connect to server: localhost/127.0.0.1:0. Already tried 1 time(s); retry policy is RetryUpToMaximumCountWithFixedSleep(maxRetries=10, sleepTime=1000 MILLISECONDS)
2019-09-24 02:27:01,482 [main] INFO  ipc.Client (Client.java:handleConnectionFailure(948)) - Retrying connect to server: localhost/127.0.0.1:0. Already tried 2 time(s); retry policy is RetryUpToMaximumCountWithFixedSleep(maxRetries=10, sleepTime=1000 MILLISECONDS)
2019-09-24 02:27:02,483 [main] INFO  ipc.Client (Client.java:handleConnectionFailure(948)) - Retrying connect to server: localhost/127.0.0.1:0. Already tried 3 time(s); retry policy is RetryUpToMaximumCountWithFixedSleep(maxRetries=10, sleepTime=1000 MILLISECONDS)
2019-09-24 02:27:03,485 [main] INFO  ipc.Client (Client.java:handleConnectionFailure(948)) - Retrying connect to server: localhost/127.0.0.1:0. Already tried 4 time(s); retry policy is RetryUpToMaximumCountWithFixedSleep(maxRetries=10, sleepTime=1000 MILLISECONDS)
2019-09-24 02:27:04,486 [main] INFO  ipc.Client (Client.java:handleConnectionFailure(948)) - Retrying connect to server: localhost/127.0.0.1:0. Already tried 5 time(s); retry policy is RetryUpToMaximumCountWithFixedSleep(maxRetries=10, sleepTime=1000 MILLISECONDS)
2019-09-24 02:27:05,487 [main] INFO  ipc.Client (Client.java:handleConnectionFailure(948)) - Retrying connect to server: localhost/127.0.0.1:0. Already tried 6 time(s); retry policy is RetryUpToMaximumCountWithFixedSleep(maxRetries=10, sleepTime=1000 MILLISECONDS)
2019-09-24 02:27:06,489 [main] INFO  ipc.Client (Client.java:handleConnectionFailure(948)) - Retrying connect to server: localhost/127.0.0.1:0. Already tried 7 time(s); retry policy is RetryUpToMaximumCountWithFixedSleep(maxRetries=10, sleepTime=1000 MILLISECONDS)
2019-09-24 02:27:07,490 [main] INFO  ipc.Client (Client.java:handleConnectionFailure(948)) - Retrying connect to server: localhost/127.0.0.1:0. Already tried 8 time(s); retry policy is RetryUpToMaximumCountWithFixedSleep(maxRetries=10, sleepTime=1000 MILLISECONDS)
2019-09-24 02:27:08,491 [main] INFO  ipc.Client (Client.java:handleConnectionFailure(948)) - Retrying connect to server: localhost/127.0.0.1:0. Already tried 9 time(s); retry policy is RetryUpToMaximumCountWithFixedSleep(maxRetries=10, sleepTime=1000 MILLISECONDS)
2019-09-24 02:27:09,494 [main] INFO  ipc.Client (Client.java:handleConnectionFailure(948)) - Retrying connect to server: localhost/127.0.0.1:0. Already tried 0 time(s); retry policy is RetryUpToMaximumCountWithFixedSleep(maxRetries=10, sleepTime=1000 MILLISECONDS)
2019-09-24 02:27:10,495 [main] INFO  ipc.Client (Client.java:handleConnectionFailure(948)) - Retrying connect to server: localhost/127.0.0.1:0. Already tried 1 time(s); retry policy is RetryUpToMaximumCountWithFixedSleep(maxRetries=10, sleepTime=1000 MILLISECONDS)
2019-09-24 02:27:11,497 [main] INFO  ipc.Client (Client.java:handleConnectionFailure(948)) - Retrying connect to server: localhost/127.0.0.1:0. Already tried 2 time(s); retry policy is RetryUpToMaximumCountWithFixedSleep(maxRetries=10, sleepTime=1000 MILLISECONDS)
2019-09-24 02:27:12,498 [main] INFO  ipc.Client (Client.java:handleConnectionFailure(948)) - Retrying connect to server: localhost/127.0.0.1:0. Already tried 3 time(s); retry policy is RetryUpToMaximumCountWithFixedSleep(maxRetries=10, sleepTime=1000 MILLISECONDS)
2019-09-24 02:27:13,499 [main] INFO  ipc.Client (Client.java:handleConnectionFailure(948)) - Retrying connect to server: localhost/127.0.0.1:0. Already tried 4 time(s); retry policy is RetryUpToMaximumCountWithFixedSleep(maxRetries=10, sleepTime=1000 MILLISECONDS)
2019-09-24 02:27:14,501 [main] INFO  ipc.Client (Client.java:handleConnectionFailure(948)) - Retrying connect to server: localhost/127.0.0.1:0. Already tried 5 time(s); retry policy is RetryUpToMaximumCountWithFixedSleep(maxRetries=10, sleepTime=1000 MILLISECONDS)
2019-09-24 02:27:15,502 [main] INFO  ipc.Client (Client.java:handleConnectionFailure(948)) - Retrying connect to server: localhost/127.0.0.1:0. Already tried 6 time(s); retry policy is RetryUpToMaximumCountWithFixedSleep(maxRetries=10, sleepTime=1000 MILLISECONDS)
2019-09-24 02:27:16,503 [main] INFO  ipc.Client (Client.java:handleConnectionFailure(948)) - Retrying connect to server: localhost/127.0.0.1:0. Already tried 7 time(s); retry policy is RetryUpToMaximumCountWithFixedSleep(maxRetries=10, sleepTime=1000 MILLISECONDS)
2019-09-24 02:27:17,504 [main] INFO  ipc.Client (Client.java:handleConnectionFailure(948)) - Retrying connect to server: localhost/127.0.0.1:0. Already tried 8 time(s); retry policy is RetryUpToMaximumCountWithFixedSleep(maxRetries=10, sleepTime=1000 MILLISECONDS)
2019-09-24 02:27:18,505 [main] INFO  ipc.Client (Client.java:handleConnectionFailure(948)) - Retrying connect to server: localhost/127.0.0.1:0. Already tried 9 time(s); retry policy is RetryUpToMaximumCountWithFixedSleep(maxRetries=10, sleepTime=1000 MILLISECONDS)
2019-09-24 02:27:18,507 [main] INFO  retry.RetryInvocationHandler (RetryInvocationHandler.java:log(411)) - com.google.protobuf.ServiceException: java.net.ConnectException: Your endpoint configuration is wrong; For more details see:  http://wiki.apache.org/hadoop/UnsetHostnameOrPort, while invoking $Proxy35.submitRequest over nodeId=null,nodeAddress=127.0.0.1:0 after 1 failover attempts. Trying to failover immediately.
2019-09-24 02:27:19,508 [main] INFO  ipc.Client (Client.java:handleConnectionFailure(948)) - Retrying connect to server: localhost/127.0.0.1:0. Already tried 0 time(s); retry policy is RetryUpToMaximumCountWithFixedSleep(maxRetries=10, sleepTime=1000 MILLISECONDS)
2019-09-24 02:27:20,510 [main] INFO  ipc.Client (Client.java:handleConnectionFailure(948)) - Retrying connect to server: localhost/127.0.0.1:0. Already tried 1 time(s); retry policy is RetryUpToMaximumCountWithFixedSleep(maxRetries=10, sleepTime=1000 MILLISECONDS)
2019-09-24 02:27:21,511 [main] INFO  ipc.Client (Client.java:handleConnectionFailure(948)) - Retrying connect to server: localhost/127.0.0.1:0. Already tried 2 time(s); retry policy is RetryUpToMaximumCountWithFixedSleep(maxRetries=10, sleepTime=1000 MILLISECONDS)
2019-09-24 02:27:22,512 [main] INFO  ipc.Client (Client.java:handleConnectionFailure(948)) - Retrying connect to server: localhost/127.0.0.1:0. Already tried 3 time(s); retry policy is RetryUpToMaximumCountWithFixedSleep(maxRetries=10, sleepTime=1000 MILLISECONDS)
2019-09-24 02:27:23,513 [main] INFO  ipc.Client (Client.java:handleConnectionFailure(948)) - Retrying connect to server: localhost/127.0.0.1:0. Already tried 4 time(s); retry policy is RetryUpToMaximumCountWithFixedSleep(maxRetries=10, sleepTime=1000 MILLISECONDS)
2019-09-24 02:27:24,515 [main] INFO  ipc.Client (Client.java:handleConnectionFailure(948)) - Retrying connect to server: localhost/127.0.0.1:0. Already tried 5 time(s); retry policy is RetryUpToMaximumCountWithFixedSleep(maxRetries=10, sleepTime=1000 MILLISECONDS)
2019-09-24 02:27:25,516 [main] INFO  ipc.Client (Client.java:handleConnectionFailure(948)) - Retrying connect to server: localhost/127.0.0.1:0. Already tried 6 time(s); retry policy is RetryUpToMaximumCountWithFixedSleep(maxRetries=10, sleepTime=1000 MILLISECONDS)
2019-09-24 02:27:26,518 [main] INFO  ipc.Client (Client.java:handleConnectionFailure(948)) - Retrying connect to server: localhost/127.0.0.1:0. Already tried 7 time(s); retry policy is RetryUpToMaximumCountWithFixedSleep(maxRetries=10, sleepTime=1000 MILLISECONDS)
2019-09-24 02:27:27,519 [main] INFO  ipc.Client (Client.java:handleConnectionFailure(948)) - Retrying connect to server: localhost/127.0.0.1:0. Already tried 8 time(s); retry policy is RetryUpToMaximumCountWithFixedSleep(maxRetries=10, sleepTime=1000 MILLISECONDS)
2019-09-24 02:27:28,521 [main] INFO  ipc.Client (Client.java:handleConnectionFailure(948)) - Retrying connect to server: localhost/127.0.0.1:0. Already tried 9 time(s); retry policy is RetryUpToMaximumCountWithFixedSleep(maxRetries=10, sleepTime=1000 MILLISECONDS)
2019-09-24 02:27:28,523 [main] INFO  retry.RetryInvocationHandler (RetryInvocationHandler.java:log(411)) - com.google.protobuf.ServiceException: java.net.ConnectException: Your endpoint configuration is wrong; For more details see:  http://wiki.apache.org/hadoop/UnsetHostnameOrPort, while invoking $Proxy35.submitRequest over nodeId=null,nodeAddress=127.0.0.1:0 after 2 failover attempts. Trying to failover immediately.
2019-09-24 02:27:29,524 [main] INFO  ipc.Client (Client.java:handleConnectionFailure(948)) - Retrying connect to server: localhost/127.0.0.1:0. Already tried 0 time(s); retry policy is RetryUpToMaximumCountWithFixedSleep(maxRetries=10, sleepTime=1000 MILLISECONDS)
2019-09-24 02:27:30,526 [main] INFO  ipc.Client (Client.java:handleConnectionFailure(948)) - Retrying connect to server: localhost/127.0.0.1:0. Already tried 1 time(s); retry policy is RetryUpToMaximumCountWithFixedSleep(maxRetries=10, sleepTime=1000 MILLISECONDS)
2019-09-24 02:27:31,527 [main] INFO  ipc.Client (Client.java:handleConnectionFailure(948)) - Retrying connect to server: localhost/127.0.0.1:0. Already tried 2 time(s); retry policy is RetryUpToMaximumCountWithFixedSleep(maxRetries=10, sleepTime=1000 MILLISECONDS)
2019-09-24 02:27:32,529 [main] INFO  ipc.Client (Client.java:handleConnectionFailure(948)) - Retrying connect to server: localhost/127.0.0.1:0. Already tried 3 time(s); retry policy is RetryUpToMaximumCountWithFixedSleep(maxRetries=10, sleepTime=1000 MILLISECONDS)
2019-09-24 02:27:33,530 [main] INFO  ipc.Client (Client.java:handleConnectionFailure(948)) - Retrying connect to server: localhost/127.0.0.1:0. Already tried 4 time(s); retry policy is RetryUpToMaximumCountWithFixedSleep(maxRetries=10, sleepTime=1000 MILLISECONDS)
2019-09-24 02:27:34,531 [main] INFO  ipc.Client (Client.java:handleConnectionFailure(948)) - Retrying connect to server: localhost/127.0.0.1:0. Already tried 5 time(s); retry policy is RetryUpToMaximumCountWithFixedSleep(maxRetries=10, sleepTime=1000 MILLISECONDS)
2019-09-24 02:27:35,533 [main] INFO  ipc.Client (Client.java:handleConnectionFailure(948)) - Retrying connect to server: localhost/127.0.0.1:0. Already tried 6 time(s); retry policy is RetryUpToMaximumCountWithFixedSleep(maxRetries=10, sleepTime=1000 MILLISECONDS)
2019-09-24 02:27:36,534 [main] INFO  ipc.Client (Client.java:handleConnectionFailure(948)) - Retrying connect to server: localhost/127.0.0.1:0. Already tried 7 time(s); retry policy is RetryUpToMaximumCountWithFixedSleep(maxRetries=10, sleepTime=1000 MILLISECONDS)
2019-09-24 02:27:37,535 [main] INFO  ipc.Client (Client.java:handleConnectionFailure(948)) - Retrying connect to server: localhost/127.0.0.1:0. Already tried 8 time(s); retry policy is RetryUpToMaximumCountWithFixedSleep(maxRetries=10, sleepTime=1000 MILLISECONDS)
2019-09-24 02:27:38,536 [main] INFO  ipc.Client (Client.java:handleConnectionFailure(948)) - Retrying connect to server: localhost/127.0.0.1:0. Already tried 9 time(s); retry policy is RetryUpToMaximumCountWithFixedSleep(maxRetries=10, sleepTime=1000 MILLISECONDS)
2019-09-24 02:27:38,538 [main] INFO  retry.RetryInvocationHandler (RetryInvocationHandler.java:log(411)) - com.google.protobuf.ServiceException: java.net.ConnectException: Your endpoint configuration is wrong; For more details see:  http://wiki.apache.org/hadoop/UnsetHostnameOrPort, while invoking $Proxy35.submitRequest over nodeId=null,nodeAddress=127.0.0.1:0 after 3 failover attempts. Trying to failover immediately.
2019-09-24 02:27:39,539 [main] INFO  ipc.Client (Client.java:handleConnectionFailure(948)) - Retrying connect to server: localhost/127.0.0.1:0. Already tried 0 time(s); retry policy is RetryUpToMaximumCountWithFixedSleep(maxRetries=10, sleepTime=1000 MILLISECONDS)
2019-09-24 02:27:40,541 [main] INFO  ipc.Client (Client.java:handleConnectionFailure(948)) - Retrying connect to server: localhost/127.0.0.1:0. Already tried 1 time(s); retry policy is RetryUpToMaximumCountWithFixedSleep(maxRetries=10, sleepTime=1000 MILLISECONDS)
2019-09-24 02:27:41,542 [main] INFO  ipc.Client (Client.java:handleConnectionFailure(948)) - Retrying connect to server: localhost/127.0.0.1:0. Already tried 2 time(s); retry policy is RetryUpToMaximumCountWithFixedSleep(maxRetries=10, sleepTime=1000 MILLISECONDS)
2019-09-24 02:27:42,543 [main] INFO  ipc.Client (Client.java:handleConnectionFailure(948)) - Retrying connect to server: localhost/127.0.0.1:0. Already tried 3 time(s); retry policy is RetryUpToMaximumCountWithFixedSleep(maxRetries=10, sleepTime=1000 MILLISECONDS)
2019-09-24 02:27:43,545 [main] INFO  ipc.Client (Client.java:handleConnectionFailure(948)) - Retrying connect to server: localhost/127.0.0.1:0. Already tried 4 time(s); retry policy is RetryUpToMaximumCountWithFixedSleep(maxRetries=10, sleepTime=1000 MILLISECONDS)
2019-09-24 02:27:44,546 [main] INFO  ipc.Client (Client.java:handleConnectionFailure(948)) - Retrying connect to server: localhost/127.0.0.1:0. Already tried 5 time(s); retry policy is RetryUpToMaximumCountWithFixedSleep(maxRetries=10, sleepTime=1000 MILLISECONDS)
2019-09-24 02:27:45,547 [main] INFO  ipc.Client (Client.java:handleConnectionFailure(948)) - Retrying connect to server: localhost/127.0.0.1:0. Already tried 6 time(s); retry policy is RetryUpToMaximumCountWithFixedSleep(maxRetries=10, sleepTime=1000 MILLISECONDS)
2019-09-24 02:27:46,548 [main] INFO  ipc.Client (Client.java:handleConnectionFailure(948)) - Retrying connect to server: localhost/127.0.0.1:0. Already tried 7 time(s); retry policy is RetryUpToMaximumCountWithFixedSleep(maxRetries=10, sleepTime=1000 MILLISECONDS)
2019-09-24 02:27:47,549 [main] INFO  ipc.Client (Client.java:handleConnectionFailure(948)) - Retrying connect to server: localhost/127.0.0.1:0. Already tried 8 time(s); retry policy is RetryUpToMaximumCountWithFixedSleep(maxRetries=10, sleepTime=1000 MILLISECONDS)
2019-09-24 02:27:48,551 [main] INFO  ipc.Client (Client.java:handleConnectionFailure(948)) - Retrying connect to server: localhost/127.0.0.1:0. Already tried 9 time(s); retry policy is RetryUpToMaximumCountWithFixedSleep(maxRetries=10, sleepTime=1000 MILLISECONDS)
2019-09-24 02:27:48,553 [main] INFO  retry.RetryInvocationHandler (RetryInvocationHandler.java:log(411)) - com.google.protobuf.ServiceException: java.net.ConnectException: Your endpoint configuration is wrong; For more details see:  http://wiki.apache.org/hadoop/UnsetHostnameOrPort, while invoking $Proxy35.submitRequest over nodeId=null,nodeAddress=127.0.0.1:0 after 4 failover attempts. Trying to failover immediately.
2019-09-24 02:27:49,554 [main] INFO  ipc.Client (Client.java:handleConnectionFailure(948)) - Retrying connect to server: localhost/127.0.0.1:0. Already tried 0 time(s); retry policy is RetryUpToMaximumCountWithFixedSleep(maxRetries=10, sleepTime=1000 MILLISECONDS)
2019-09-24 02:27:50,556 [main] INFO  ipc.Client (Client.java:handleConnectionFailure(948)) - Retrying connect to server: localhost/127.0.0.1:0. Already tried 1 time(s); retry policy is RetryUpToMaximumCountWithFixedSleep(maxRetries=10, sleepTime=1000 MILLISECONDS)
2019-09-24 02:27:51,557 [main] INFO  ipc.Client (Client.java:handleConnectionFailure(948)) - Retrying connect to server: localhost/127.0.0.1:0. Already tried 2 time(s); retry policy is RetryUpToMaximumCountWithFixedSleep(maxRetries=10, sleepTime=1000 MILLISECONDS)
2019-09-24 02:27:52,558 [main] INFO  ipc.Client (Client.java:handleConnectionFailure(948)) - Retrying connect to server: localhost/127.0.0.1:0. Already tried 3 time(s); retry policy is RetryUpToMaximumCountWithFixedSleep(maxRetries=10, sleepTime=1000 MILLISECONDS)
2019-09-24 02:27:53,559 [main] INFO  ipc.Client (Client.java:handleConnectionFailure(948)) - Retrying connect to server: localhost/127.0.0.1:0. Already tried 4 time(s); retry policy is RetryUpToMaximumCountWithFixedSleep(maxRetries=10, sleepTime=1000 MILLISECONDS)
2019-09-24 02:27:54,560 [main] INFO  ipc.Client (Client.java:handleConnectionFailure(948)) - Retrying connect to server: localhost/127.0.0.1:0. Already tried 5 time(s); retry policy is RetryUpToMaximumCountWithFixedSleep(maxRetries=10, sleepTime=1000 MILLISECONDS)
2019-09-24 02:27:55,561 [main] INFO  ipc.Client (Client.java:handleConnectionFailure(948)) - Retrying connect to server: localhost/127.0.0.1:0. Already tried 6 time(s); retry policy is RetryUpToMaximumCountWithFixedSleep(maxRetries=10, sleepTime=1000 MILLISECONDS)
2019-09-24 02:27:56,563 [main] INFO  ipc.Client (Client.java:handleConnectionFailure(948)) - Retrying connect to server: localhost/127.0.0.1:0. Already tried 7 time(s); retry policy is RetryUpToMaximumCountWithFixedSleep(maxRetries=10, sleepTime=1000 MILLISECONDS)
2019-09-24 02:27:57,564 [main] INFO  ipc.Client (Client.java:handleConnectionFailure(948)) - Retrying connect to server: localhost/127.0.0.1:0. Already tried 8 time(s); retry policy is RetryUpToMaximumCountWithFixedSleep(maxRetries=10, sleepTime=1000 MILLISECONDS)
2019-09-24 02:27:58,565 [main] INFO  ipc.Client (Client.java:handleConnectionFailure(948)) - Retrying connect to server: localhost/127.0.0.1:0. Already tried 9 time(s); retry policy is RetryUpToMaximumCountWithFixedSleep(maxRetries=10, sleepTime=1000 MILLISECONDS)
2019-09-24 02:27:58,567 [main] INFO  retry.RetryInvocationHandler (RetryInvocationHandler.java:log(411)) - com.google.protobuf.ServiceException: java.net.ConnectException: Your endpoint configuration is wrong; For more details see:  http://wiki.apache.org/hadoop/UnsetHostnameOrPort, while invoking $Proxy35.submitRequest over nodeId=null,nodeAddress=127.0.0.1:0 after 5 failover attempts. Trying to failover immediately.
2019-09-24 02:27:59,568 [main] INFO  ipc.Client (Client.java:handleConnectionFailure(948)) - Retrying connect to server: localhost/127.0.0.1:0. Already tried 0 time(s); retry policy is RetryUpToMaximumCountWithFixedSleep(maxRetries=10, sleepTime=1000 MILLISECONDS)
2019-09-24 02:28:00,569 [main] INFO  ipc.Client (Client.java:handleConnectionFailure(948)) - Retrying connect to server: localhost/127.0.0.1:0. Already tried 1 time(s); retry policy is RetryUpToMaximumCountWithFixedSleep(maxRetries=10, sleepTime=1000 MILLISECONDS)
2019-09-24 02:28:01,571 [main] INFO  ipc.Client (Client.java:handleConnectionFailure(948)) - Retrying connect to server: localhost/127.0.0.1:0. Already tried 2 time(s); retry policy is RetryUpToMaximumCountWithFixedSleep(maxRetries=10, sleepTime=1000 MILLISECONDS)
2019-09-24 02:28:02,572 [main] INFO  ipc.Client (Client.java:handleConnectionFailure(948)) - Retrying connect to server: localhost/127.0.0.1:0. Already tried 3 time(s); retry policy is RetryUpToMaximumCountWithFixedSleep(maxRetries=10, sleepTime=1000 MILLISECONDS)
2019-09-24 02:28:03,573 [main] INFO  ipc.Client (Client.java:handleConnectionFailure(948)) - Retrying connect to server: localhost/127.0.0.1:0. Already tried 4 time(s); retry policy is RetryUpToMaximumCountWithFixedSleep(maxRetries=10, sleepTime=1000 MILLISECONDS)
2019-09-24 02:28:04,574 [main] INFO  ipc.Client (Client.java:handleConnectionFailure(948)) - Retrying connect to server: localhost/127.0.0.1:0. Already tried 5 time(s); retry policy is RetryUpToMaximumCountWithFixedSleep(maxRetries=10, sleepTime=1000 MILLISECONDS)
2019-09-24 02:28:05,575 [main] INFO  ipc.Client (Client.java:handleConnectionFailure(948)) - Retrying connect to server: localhost/127.0.0.1:0. Already tried 6 time(s); retry policy is RetryUpToMaximumCountWithFixedSleep(maxRetries=10, sleepTime=1000 MILLISECONDS)
2019-09-24 02:28:06,576 [main] INFO  ipc.Client (Client.java:handleConnectionFailure(948)) - Retrying connect to server: localhost/127.0.0.1:0. Already tried 7 time(s); retry policy is RetryUpToMaximumCountWithFixedSleep(maxRetries=10, sleepTime=1000 MILLISECONDS)
2019-09-24 02:28:07,578 [main] INFO  ipc.Client (Client.java:handleConnectionFailure(948)) - Retrying connect to server: localhost/127.0.0.1:0. Already tried 8 time(s); retry policy is RetryUpToMaximumCountWithFixedSleep(maxRetries=10, sleepTime=1000 MILLISECONDS)
2019-09-24 02:28:08,579 [main] INFO  ipc.Client (Client.java:handleConnectionFailure(948)) - Retrying connect to server: localhost/127.0.0.1:0. Already tried 9 time(s); retry policy is RetryUpToMaximumCountWithFixedSleep(maxRetries=10, sleepTime=1000 MILLISECONDS)
2019-09-24 02:28:08,581 [main] INFO  retry.RetryInvocationHandler (RetryInvocationHandler.java:log(411)) - com.google.protobuf.ServiceException: java.net.ConnectException: Your endpoint configuration is wrong; For more details see:  http://wiki.apache.org/hadoop/UnsetHostnameOrPort, while invoking $Proxy35.submitRequest over nodeId=null,nodeAddress=127.0.0.1:0 after 6 failover attempts. Trying to failover immediately.
2019-09-24 02:28:09,582 [main] INFO  ipc.Client (Client.java:handleConnectionFailure(948)) - Retrying connect to server: localhost/127.0.0.1:0. Already tried 0 time(s); retry policy is RetryUpToMaximumCountWithFixedSleep(maxRetries=10, sleepTime=1000 MILLISECONDS)
2019-09-24 02:28:10,583 [main] INFO  ipc.Client (Client.java:handleConnectionFailure(948)) - Retrying connect to server: localhost/127.0.0.1:0. Already tried 1 time(s); retry policy is RetryUpToMaximumCountWithFixedSleep(maxRetries=10, sleepTime=1000 MILLISECONDS)
2019-09-24 02:28:11,584 [main] INFO  ipc.Client (Client.java:handleConnectionFailure(948)) - Retrying connect to server: localhost/127.0.0.1:0. Already tried 2 time(s); retry policy is RetryUpToMaximumCountWithFixedSleep(maxRetries=10, sleepTime=1000 MILLISECONDS)
2019-09-24 02:28:12,585 [main] INFO  ipc.Client (Client.java:handleConnectionFailure(948)) - Retrying connect to server: localhost/127.0.0.1:0. Already tried 3 time(s); retry policy is RetryUpToMaximumCountWithFixedSleep(maxRetries=10, sleepTime=1000 MILLISECONDS)
2019-09-24 02:28:13,586 [main] INFO  ipc.Client (Client.java:handleConnectionFailure(948)) - Retrying connect to server: localhost/127.0.0.1:0. Already tried 4 time(s); retry policy is RetryUpToMaximumCountWithFixedSleep(maxRetries=10, sleepTime=1000 MILLISECONDS)
2019-09-24 02:28:14,588 [main] INFO  ipc.Client (Client.java:handleConnectionFailure(948)) - Retrying connect to server: localhost/127.0.0.1:0. Already tried 5 time(s); retry policy is RetryUpToMaximumCountWithFixedSleep(maxRetries=10, sleepTime=1000 MILLISECONDS)
2019-09-24 02:28:15,589 [main] INFO  ipc.Client (Client.java:handleConnectionFailure(948)) - Retrying connect to server: localhost/127.0.0.1:0. Already tried 6 time(s); retry policy is RetryUpToMaximumCountWithFixedSleep(maxRetries=10, sleepTime=1000 MILLISECONDS)
2019-09-24 02:28:16,590 [main] INFO  ipc.Client (Client.java:handleConnectionFailure(948)) - Retrying connect to server: localhost/127.0.0.1:0. Already tried 7 time(s); retry policy is RetryUpToMaximumCountWithFixedSleep(maxRetries=10, sleepTime=1000 MILLISECONDS)
2019-09-24 02:28:17,591 [main] INFO  ipc.Client (Client.java:handleConnectionFailure(948)) - Retrying connect to server: localhost/127.0.0.1:0. Already tried 8 time(s); retry policy is RetryUpToMaximumCountWithFixedSleep(maxRetries=10, sleepTime=1000 MILLISECONDS)
2019-09-24 02:28:18,592 [main] INFO  ipc.Client (Client.java:handleConnectionFailure(948)) - Retrying connect to server: localhost/127.0.0.1:0. Already tried 9 time(s); retry policy is RetryUpToMaximumCountWithFixedSleep(maxRetries=10, sleepTime=1000 MILLISECONDS)
2019-09-24 02:28:18,594 [main] INFO  retry.RetryInvocationHandler (RetryInvocationHandler.java:log(411)) - com.google.protobuf.ServiceException: java.net.ConnectException: Your endpoint configuration is wrong; For more details see:  http://wiki.apache.org/hadoop/UnsetHostnameOrPort, while invoking $Proxy35.submitRequest over nodeId=null,nodeAddress=127.0.0.1:0 after 7 failover attempts. Trying to failover immediately.
2019-09-24 02:28:19,595 [main] INFO  ipc.Client (Client.java:handleConnectionFailure(948)) - Retrying connect to server: localhost/127.0.0.1:0. Already tried 0 time(s); retry policy is RetryUpToMaximumCountWithFixedSleep(maxRetries=10, sleepTime=1000 MILLISECONDS)
2019-09-24 02:28:20,596 [main] INFO  ipc.Client (Client.java:handleConnectionFailure(948)) - Retrying connect to server: localhost/127.0.0.1:0. Already tried 1 time(s); retry policy is RetryUpToMaximumCountWithFixedSleep(maxRetries=10, sleepTime=1000 MILLISECONDS)
2019-09-24 02:28:21,597 [main] INFO  ipc.Client (Client.java:handleConnectionFailure(948)) - Retrying connect to server: localhost/127.0.0.1:0. Already tried 2 time(s); retry policy is RetryUpToMaximumCountWithFixedSleep(maxRetries=10, sleepTime=1000 MILLISECONDS)
2019-09-24 02:28:22,598 [main] INFO  ipc.Client (Client.java:handleConnectionFailure(948)) - Retrying connect to server: localhost/127.0.0.1:0. Already tried 3 time(s); retry policy is RetryUpToMaximumCountWithFixedSleep(maxRetries=10, sleepTime=1000 MILLISECONDS)
2019-09-24 02:28:23,600 [main] INFO  ipc.Client (Client.java:handleConnectionFailure(948)) - Retrying connect to server: localhost/127.0.0.1:0. Already tried 4 time(s); retry policy is RetryUpToMaximumCountWithFixedSleep(maxRetries=10, sleepTime=1000 MILLISECONDS)
2019-09-24 02:28:24,601 [main] INFO  ipc.Client (Client.java:handleConnectionFailure(948)) - Retrying connect to server: localhost/127.0.0.1:0. Already tried 5 time(s); retry policy is RetryUpToMaximumCountWithFixedSleep(maxRetries=10, sleepTime=1000 MILLISECONDS)
2019-09-24 02:28:25,602 [main] INFO  ipc.Client (Client.java:handleConnectionFailure(948)) - Retrying connect to server: localhost/127.0.0.1:0. Already tried 6 time(s); retry policy is RetryUpToMaximumCountWithFixedSleep(maxRetries=10, sleepTime=1000 MILLISECONDS)
2019-09-24 02:28:26,603 [main] INFO  ipc.Client (Client.java:handleConnectionFailure(948)) - Retrying connect to server: localhost/127.0.0.1:0. Already tried 7 time(s); retry policy is RetryUpToMaximumCountWithFixedSleep(maxRetries=10, sleepTime=1000 MILLISECONDS)
2019-09-24 02:28:27,604 [main] INFO  ipc.Client (Client.java:handleConnectionFailure(948)) - Retrying connect to server: localhost/127.0.0.1:0. Already tried 8 time(s); retry policy is RetryUpToMaximumCountWithFixedSleep(maxRetries=10, sleepTime=1000 MILLISECONDS)
2019-09-24 02:28:28,605 [main] INFO  ipc.Client (Client.java:handleConnectionFailure(948)) - Retrying connect to server: localhost/127.0.0.1:0. Already tried 9 time(s); retry policy is RetryUpToMaximumCountWithFixedSleep(maxRetries=10, sleepTime=1000 MILLISECONDS)
2019-09-24 02:28:28,607 [main] INFO  retry.RetryInvocationHandler (RetryInvocationHandler.java:log(411)) - com.google.protobuf.ServiceException: java.net.ConnectException: Your endpoint configuration is wrong; For more details see:  http://wiki.apache.org/hadoop/UnsetHostnameOrPort, while invoking $Proxy35.submitRequest over nodeId=null,nodeAddress=127.0.0.1:0 after 8 failover attempts. Trying to failover immediately.
2019-09-24 02:28:29,608 [main] INFO  ipc.Client (Client.java:handleConnectionFailure(948)) - Retrying connect to server: localhost/127.0.0.1:0. Already tried 0 time(s); retry policy is RetryUpToMaximumCountWithFixedSleep(maxRetries=10, sleepTime=1000 MILLISECONDS)
2019-09-24 02:28:30,609 [main] INFO  ipc.Client (Client.java:handleConnectionFailure(948)) - Retrying connect to server: localhost/127.0.0.1:0. Already tried 1 time(s); retry policy is RetryUpToMaximumCountWithFixedSleep(maxRetries=10, sleepTime=1000 MILLISECONDS)
2019-09-24 02:28:31,610 [main] INFO  ipc.Client (Client.java:handleConnectionFailure(948)) - Retrying connect to server: localhost/127.0.0.1:0. Already tried 2 time(s); retry policy is RetryUpToMaximumCountWithFixedSleep(maxRetries=10, sleepTime=1000 MILLISECONDS)
2019-09-24 02:28:32,611 [main] INFO  ipc.Client (Client.java:handleConnectionFailure(948)) - Retrying connect to server: localhost/127.0.0.1:0. Already tried 3 time(s); retry policy is RetryUpToMaximumCountWithFixedSleep(maxRetries=10, sleepTime=1000 MILLISECONDS)
2019-09-24 02:28:33,613 [main] INFO  ipc.Client (Client.java:handleConnectionFailure(948)) - Retrying connect to server: localhost/127.0.0.1:0. Already tried 4 time(s); retry policy is RetryUpToMaximumCountWithFixedSleep(maxRetries=10, sleepTime=1000 MILLISECONDS)
2019-09-24 02:28:34,614 [main] INFO  ipc.Client (Client.java:handleConnectionFailure(948)) - Retrying connect to server: localhost/127.0.0.1:0. Already tried 5 time(s); retry policy is RetryUpToMaximumCountWithFixedSleep(maxRetries=10, sleepTime=1000 MILLISECONDS)
2019-09-24 02:28:35,616 [main] INFO  ipc.Client (Client.java:handleConnectionFailure(948)) - Retrying connect to server: localhost/127.0.0.1:0. Already tried 6 time(s); retry policy is RetryUpToMaximumCountWithFixedSleep(maxRetries=10, sleepTime=1000 MILLISECONDS)
2019-09-24 02:28:36,617 [main] INFO  ipc.Client (Client.java:handleConnectionFailure(948)) - Retrying connect to server: localhost/127.0.0.1:0. Already tried 7 time(s); retry policy is RetryUpToMaximumCountWithFixedSleep(maxRetries=10, sleepTime=1000 MILLISECONDS)
2019-09-24 02:28:37,618 [main] INFO  ipc.Client (Client.java:handleConnectionFailure(948)) - Retrying connect to server: localhost/127.0.0.1:0. Already tried 8 time(s); retry policy is RetryUpToMaximumCountWithFixedSleep(maxRetries=10, sleepTime=1000 MILLISECONDS)
2019-09-24 02:28:38,619 [main] INFO  ipc.Client (Client.java:handleConnectionFailure(948)) - Retrying connect to server: localhost/127.0.0.1:0. Already tried 9 time(s); retry policy is RetryUpToMaximumCountWithFixedSleep(maxRetries=10, sleepTime=1000 MILLISECONDS)
2019-09-24 02:28:38,621 [main] INFO  retry.RetryInvocationHandler (RetryInvocationHandler.java:log(411)) - com.google.protobuf.ServiceException: java.net.ConnectException: Your endpoint configuration is wrong; For more details see:  http://wiki.apache.org/hadoop/UnsetHostnameOrPort, while invoking $Proxy35.submitRequest over nodeId=null,nodeAddress=127.0.0.1:0 after 9 failover attempts. Trying to failover immediately.
2019-09-24 02:28:39,622 [main] INFO  ipc.Client (Client.java:handleConnectionFailure(948)) - Retrying connect to server: localhost/127.0.0.1:0. Already tried 0 time(s); retry policy is RetryUpToMaximumCountWithFixedSleep(maxRetries=10, sleepTime=1000 MILLISECONDS)
2019-09-24 02:28:40,623 [main] INFO  ipc.Client (Client.java:handleConnectionFailure(948)) - Retrying connect to server: localhost/127.0.0.1:0. Already tried 1 time(s); retry policy is RetryUpToMaximumCountWithFixedSleep(maxRetries=10, sleepTime=1000 MILLISECONDS)
2019-09-24 02:28:41,624 [main] INFO  ipc.Client (Client.java:handleConnectionFailure(948)) - Retrying connect to server: localhost/127.0.0.1:0. Already tried 2 time(s); retry policy is RetryUpToMaximumCountWithFixedSleep(maxRetries=10, sleepTime=1000 MILLISECONDS)
2019-09-24 02:28:42,625 [main] INFO  ipc.Client (Client.java:handleConnectionFailure(948)) - Retrying connect to server: localhost/127.0.0.1:0. Already tried 3 time(s); retry policy is RetryUpToMaximumCountWithFixedSleep(maxRetries=10, sleepTime=1000 MILLISECONDS)
2019-09-24 02:28:43,626 [main] INFO  ipc.Client (Client.java:handleConnectionFailure(948)) - Retrying connect to server: localhost/127.0.0.1:0. Already tried 4 time(s); retry policy is RetryUpToMaximumCountWithFixedSleep(maxRetries=10, sleepTime=1000 MILLISECONDS)
2019-09-24 02:28:44,628 [main] INFO  ipc.Client (Client.java:handleConnectionFailure(948)) - Retrying connect to server: localhost/127.0.0.1:0. Already tried 5 time(s); retry policy is RetryUpToMaximumCountWithFixedSleep(maxRetries=10, sleepTime=1000 MILLISECONDS)
2019-09-24 02:28:45,629 [main] INFO  ipc.Client (Client.java:handleConnectionFailure(948)) - Retrying connect to server: localhost/127.0.0.1:0. Already tried 6 time(s); retry policy is RetryUpToMaximumCountWithFixedSleep(maxRetries=10, sleepTime=1000 MILLISECONDS)
2019-09-24 02:28:46,630 [main] INFO  ipc.Client (Client.java:handleConnectionFailure(948)) - Retrying connect to server: localhost/127.0.0.1:0. Already tried 7 time(s); retry policy is RetryUpToMaximumCountWithFixedSleep(maxRetries=10, sleepTime=1000 MILLISECONDS)
2019-09-24 02:28:47,631 [main] INFO  ipc.Client (Client.java:handleConnectionFailure(948)) - Retrying connect to server: localhost/127.0.0.1:0. Already tried 8 time(s); retry policy is RetryUpToMaximumCountWithFixedSleep(maxRetries=10, sleepTime=1000 MILLISECONDS)
2019-09-24 02:28:48,632 [main] INFO  ipc.Client (Client.java:handleConnectionFailure(948)) - Retrying connect to server: localhost/127.0.0.1:0. Already tried 9 time(s); retry policy is RetryUpToMaximumCountWithFixedSleep(maxRetries=10, sleepTime=1000 MILLISECONDS)
2019-09-24 02:28:48,634 [main] ERROR ha.OMFailoverProxyProvider (OzoneManagerProtocolClientSideTranslatorPB.java:getRetryAction(268)) - Failed to connect to OM. Attempted 10 retries and 10 failovers
2019-09-24 02:28:48,635 [main] ERROR client.OzoneClientFactory (OzoneClientFactory.java:getClientProtocol(259)) - Couldn't create RpcClient protocol exception: 
java.net.ConnectException: Your endpoint configuration is wrong; For more details see:  http://wiki.apache.org/hadoop/UnsetHostnameOrPort
	at sun.reflect.GeneratedConstructorAccessor41.newInstance(Unknown Source)
	at sun.reflect.DelegatingConstructorAccessorImpl.newInstance(DelegatingConstructorAccessorImpl.java:45)
	at java.lang.reflect.Constructor.newInstance(Constructor.java:423)
	at org.apache.hadoop.net.NetUtils.wrapWithMessage(NetUtils.java:831)
	at org.apache.hadoop.net.NetUtils.wrapException(NetUtils.java:751)
	at org.apache.hadoop.ipc.Client.getRpcResponse(Client.java:1515)
	at org.apache.hadoop.ipc.Client.call(Client.java:1457)
	at org.apache.hadoop.ipc.Client.call(Client.java:1367)
	at org.apache.hadoop.ipc.ProtobufRpcEngine$Invoker.invoke(ProtobufRpcEngine.java:228)
	at org.apache.hadoop.ipc.ProtobufRpcEngine$Invoker.invoke(ProtobufRpcEngine.java:116)
	at com.sun.proxy.$Proxy35.submitRequest(Unknown Source)
	at sun.reflect.GeneratedMethodAccessor36.invoke(Unknown Source)
	at sun.reflect.DelegatingMethodAccessorImpl.invoke(DelegatingMethodAccessorImpl.java:43)
	at java.lang.reflect.Method.invoke(Method.java:498)
	at org.apache.hadoop.io.retry.RetryInvocationHandler.invokeMethod(RetryInvocationHandler.java:422)
	at org.apache.hadoop.io.retry.RetryInvocationHandler$Call.invokeMethod(RetryInvocationHandler.java:165)
	at org.apache.hadoop.io.retry.RetryInvocationHandler$Call.invoke(RetryInvocationHandler.java:157)
	at org.apache.hadoop.io.retry.RetryInvocationHandler$Call.invokeOnce(RetryInvocationHandler.java:95)
	at org.apache.hadoop.io.retry.RetryInvocationHandler.invoke(RetryInvocationHandler.java:359)
	at com.sun.proxy.$Proxy35.submitRequest(Unknown Source)
	at org.apache.hadoop.ozone.om.protocolPB.OzoneManagerProtocolClientSideTranslatorPB.submitRequest(OzoneManagerProtocolClientSideTranslatorPB.java:338)
	at org.apache.hadoop.ozone.om.protocolPB.OzoneManagerProtocolClientSideTranslatorPB.getServiceInfo(OzoneManagerProtocolClientSideTranslatorPB.java:1223)
	at sun.reflect.NativeMethodAccessorImpl.invoke0(Native Method)
	at sun.reflect.NativeMethodAccessorImpl.invoke(NativeMethodAccessorImpl.java:62)
	at sun.reflect.DelegatingMethodAccessorImpl.invoke(DelegatingMethodAccessorImpl.java:43)
	at java.lang.reflect.Method.invoke(Method.java:498)
	at org.apache.hadoop.hdds.tracing.TraceAllMethod.invoke(TraceAllMethod.java:66)
	at com.sun.proxy.$Proxy36.getServiceInfo(Unknown Source)
	at org.apache.hadoop.ozone.client.rpc.RpcClient.<init>(RpcClient.java:154)
	at org.apache.hadoop.ozone.client.OzoneClientFactory.getClientProtocol(OzoneClientFactory.java:256)
	at org.apache.hadoop.ozone.client.OzoneClientFactory.getClientProtocol(OzoneClientFactory.java:239)
	at org.apache.hadoop.ozone.client.OzoneClientFactory.getClient(OzoneClientFactory.java:75)
	at org.apache.hadoop.ozone.client.rpc.TestFailureHandlingByClient.init(TestFailureHandlingByClient.java:111)
	at org.apache.hadoop.ozone.client.rpc.TestFailureHandlingByClient.startCluster(TestFailureHandlingByClient.java:121)
	at org.apache.hadoop.ozone.client.rpc.TestFailureHandlingByClient.testWriteSmallFile(TestFailureHandlingByClient.java:177)
	at sun.reflect.NativeMethodAccessorImpl.invoke0(Native Method)
	at sun.reflect.NativeMethodAccessorImpl.invoke(NativeMethodAccessorImpl.java:62)
	at sun.reflect.DelegatingMethodAccessorImpl.invoke(DelegatingMethodAccessorImpl.java:43)
	at java.lang.reflect.Method.invoke(Method.java:498)
	at org.junit.runners.model.FrameworkMethod$1.runReflectiveCall(FrameworkMethod.java:47)
	at org.junit.internal.runners.model.ReflectiveCallable.run(ReflectiveCallable.java:12)
	at org.junit.runners.model.FrameworkMethod.invokeExplosively(FrameworkMethod.java:44)
	at org.junit.internal.runners.statements.InvokeMethod.evaluate(InvokeMethod.java:17)
	at org.junit.internal.runners.statements.RunAfters.evaluate(RunAfters.java:27)
	at org.junit.runners.ParentRunner.runLeaf(ParentRunner.java:271)
	at org.junit.runners.BlockJUnit4ClassRunner.runChild(BlockJUnit4ClassRunner.java:70)
	at org.junit.runners.BlockJUnit4ClassRunner.runChild(BlockJUnit4ClassRunner.java:50)
	at org.junit.runners.ParentRunner$3.run(ParentRunner.java:238)
	at org.junit.runners.ParentRunner$1.schedule(ParentRunner.java:63)
	at org.junit.runners.ParentRunner.runChildren(ParentRunner.java:236)
	at org.junit.runners.ParentRunner.access$000(ParentRunner.java:53)
	at org.junit.runners.ParentRunner$2.evaluate(ParentRunner.java:229)
	at org.junit.runners.ParentRunner.run(ParentRunner.java:309)
	at org.apache.maven.surefire.junit4.JUnit4Provider.execute(JUnit4Provider.java:365)
	at org.apache.maven.surefire.junit4.JUnit4Provider.executeWithRerun(JUnit4Provider.java:273)
	at org.apache.maven.surefire.junit4.JUnit4Provider.executeTestSet(JUnit4Provider.java:238)
	at org.apache.maven.surefire.junit4.JUnit4Provider.invoke(JUnit4Provider.java:159)
	at org.apache.maven.surefire.booter.ForkedBooter.invokeProviderInSameClassLoader(ForkedBooter.java:384)
	at org.apache.maven.surefire.booter.ForkedBooter.runSuitesInProcess(ForkedBooter.java:345)
	at org.apache.maven.surefire.booter.ForkedBooter.execute(ForkedBooter.java:126)
	at org.apache.maven.surefire.booter.ForkedBooter.main(ForkedBooter.java:418)
Caused by: java.net.ConnectException: Connection refused
	at sun.nio.ch.SocketChannelImpl.checkConnect(Native Method)
	at sun.nio.ch.SocketChannelImpl.finishConnect(SocketChannelImpl.java:717)
	at org.apache.hadoop.net.SocketIOWithTimeout.connect(SocketIOWithTimeout.java:206)
	at org.apache.hadoop.net.NetUtils.connect(NetUtils.java:531)
	at org.apache.hadoop.ipc.Client$Connection.setupConnection(Client.java:690)
	at org.apache.hadoop.ipc.Client$Connection.setupIOstreams(Client.java:794)
	at org.apache.hadoop.ipc.Client$Connection.access$3700(Client.java:411)
	at org.apache.hadoop.ipc.Client.getConnection(Client.java:1572)
	at org.apache.hadoop.ipc.Client.call(Client.java:1403)
	... 54 more
2019-09-24 02:28:48,636 [main] INFO  ozone.MiniOzoneClusterImpl (MiniOzoneClusterImpl.java:shutdown(314)) - Shutting down the Mini Ozone Cluster
2019-09-24 02:28:48,637 [main] INFO  ozone.MiniOzoneClusterImpl (MiniOzoneClusterImpl.java:stop(330)) - Stopping the Mini Ozone Cluster
2019-09-24 02:28:48,637 [main] INFO  ozone.MiniOzoneClusterImpl (MiniOzoneClusterImpl.java:stopOM(400)) - Stopping the OzoneManager
2019-09-24 02:28:48,637 [main] INFO  ipc.Server (Server.java:stop(3082)) - Stopping server on 42786
2019-09-24 02:28:48,654 [IPC Server listener on 42786] INFO  ipc.Server (Server.java:run(1185)) - Stopping IPC Server listener on 42786
2019-09-24 02:28:48,655 [main] INFO  ratis.OzoneManagerDoubleBuffer (OzoneManagerDoubleBuffer.java:stop(248)) - Stopping OMDoubleBuffer flush thread
2019-09-24 02:28:48,658 [IPC Server Responder] INFO  ipc.Server (Server.java:run(1319)) - Stopping IPC Server Responder
2019-09-24 02:28:48,664 [OMDoubleBufferFlushThread] INFO  ratis.OzoneManagerDoubleBuffer (OzoneManagerDoubleBuffer.java:flushTransactions(191)) - OMDoubleBuffer flush thread OMDoubleBufferFlushThread is interrupted and will exit. OMDoubleBufferFlushThread
2019-09-24 02:28:48,685 [main] INFO  utils.BackgroundService (BackgroundService.java:shutdown(148)) - Shutting down service KeyDeletingService
2019-09-24 02:28:48,698 [main] INFO  handler.ContextHandler (ContextHandler.java:doStop(910)) - Stopped o.e.j.w.WebAppContext@5b000fe6{/,null,UNAVAILABLE}{/ozoneManager}
2019-09-24 02:28:48,700 [main] INFO  server.AbstractConnector (AbstractConnector.java:doStop(318)) - Stopped ServerConnector@4751e8b9{HTTP/1.1,[http/1.1]}{0.0.0.0:0}
2019-09-24 02:28:48,700 [main] INFO  handler.ContextHandler (ContextHandler.java:doStop(910)) - Stopped o.e.j.s.ServletContextHandler@32f32623{/static,file:///workdir/hadoop-ozone/integration-test/target/test-classes/webapps/static,UNAVAILABLE}
2019-09-24 02:28:48,701 [main] INFO  handler.ContextHandler (ContextHandler.java:doStop(910)) - Stopped o.e.j.s.ServletContextHandler@5a515e5d{/logs,file:///workdir/hadoop-ozone/integration-test/target/log,UNAVAILABLE}
2019-09-24 02:28:48,704 [main] INFO  ozone.MiniOzoneClusterImpl (MiniOzoneClusterImpl.java:stopDatanodes(377)) - Stopping the HddsDatanodes
2019-09-24 02:28:49,092 [Datanode State Machine Thread - 0] INFO  statemachine.DatanodeStateMachine (DatanodeStateMachine.java:lambda$startDaemon$0(350)) - Ozone container server started.
2019-09-24 02:28:49,206 [Datanode State Machine Thread - 0] INFO  statemachine.DatanodeStateMachine (DatanodeStateMachine.java:lambda$startDaemon$0(350)) - Ozone container server started.
2019-09-24 02:28:53,706 [main] INFO  ozoneimpl.OzoneContainer (OzoneContainer.java:stop(231)) - Attempting to stop container services.
2019-09-24 02:28:53,706 [ForkJoinPool.commonPool-worker-0] INFO  ozoneimpl.OzoneContainer (OzoneContainer.java:stop(231)) - Attempting to stop container services.
2019-09-24 02:28:53,707 [main] INFO  impl.RaftServerProxy (RaftServerProxy.java:lambda$close$4(314)) - d46d7bca-32fd-4d78-a60e-8b14dc904a28: close
2019-09-24 02:28:53,707 [ForkJoinPool.commonPool-worker-0] INFO  impl.RaftServerProxy (RaftServerProxy.java:lambda$close$4(314)) - 03fe0df8-8acd-4b48-98b8-ff80530cf21f: close
2019-09-24 02:28:53,707 [main] INFO  impl.RaftServerImpl (RaftServerImpl.java:lambda$shutdown$3(251)) - d46d7bca-32fd-4d78-a60e-8b14dc904a28@group-E69EE7D61016: shutdown
2019-09-24 02:28:53,708 [ForkJoinPool.commonPool-worker-0] INFO  impl.RaftServerImpl (RaftServerImpl.java:lambda$shutdown$3(251)) - 03fe0df8-8acd-4b48-98b8-ff80530cf21f@group-E2D698D9D625: shutdown
2019-09-24 02:28:53,708 [main] INFO  util.JmxRegister (JmxRegister.java:unregister(73)) - Successfully un-registered JMX Bean with object name Ratis:service=RaftServer,group=group-E69EE7D61016,id=d46d7bca-32fd-4d78-a60e-8b14dc904a28
2019-09-24 02:28:53,708 [ForkJoinPool.commonPool-worker-0] INFO  util.JmxRegister (JmxRegister.java:unregister(73)) - Successfully un-registered JMX Bean with object name Ratis:service=RaftServer,group=group-E2D698D9D625,id=03fe0df8-8acd-4b48-98b8-ff80530cf21f
2019-09-24 02:28:53,709 [main] INFO  impl.RoleInfo (RoleInfo.java:shutdownLeaderState(104)) - d46d7bca-32fd-4d78-a60e-8b14dc904a28: shutdown LeaderState
2019-09-24 02:28:53,709 [ForkJoinPool.commonPool-worker-0] INFO  impl.RoleInfo (RoleInfo.java:shutdownLeaderState(104)) - 03fe0df8-8acd-4b48-98b8-ff80530cf21f: shutdown LeaderState
2019-09-24 02:28:53,710 [main] INFO  impl.PendingRequests (PendingRequests.java:sendNotLeaderResponses(202)) - d46d7bca-32fd-4d78-a60e-8b14dc904a28-PendingRequests: sendNotLeaderResponses
2019-09-24 02:28:53,710 [ForkJoinPool.commonPool-worker-0] INFO  impl.PendingRequests (PendingRequests.java:sendNotLeaderResponses(202)) - 03fe0df8-8acd-4b48-98b8-ff80530cf21f-PendingRequests: sendNotLeaderResponses
2019-09-24 02:28:53,711 [main] INFO  impl.StateMachineUpdater (StateMachineUpdater.java:stopAndJoin(125)) - d46d7bca-32fd-4d78-a60e-8b14dc904a28@group-E69EE7D61016-StateMachineUpdater: set stopIndex = 0
2019-09-24 02:28:53,711 [ForkJoinPool.commonPool-worker-0] INFO  impl.StateMachineUpdater (StateMachineUpdater.java:stopAndJoin(125)) - 03fe0df8-8acd-4b48-98b8-ff80530cf21f@group-E2D698D9D625-StateMachineUpdater: set stopIndex = 0
2019-09-24 02:28:53,712 [main] INFO  impl.RaftServerImpl (ServerState.java:close(385)) - d46d7bca-32fd-4d78-a60e-8b14dc904a28@group-E69EE7D61016: closes. applyIndex: 0
2019-09-24 02:28:53,712 [ForkJoinPool.commonPool-worker-0] INFO  impl.RaftServerImpl (ServerState.java:close(385)) - 03fe0df8-8acd-4b48-98b8-ff80530cf21f@group-E2D698D9D625: closes. applyIndex: 0
2019-09-24 02:28:53,713 [d46d7bca-32fd-4d78-a60e-8b14dc904a28@group-E69EE7D61016-SegmentedRaftLogWorker] INFO  segmented.SegmentedRaftLogWorker (SegmentedRaftLogWorker.java:run(313)) - d46d7bca-32fd-4d78-a60e-8b14dc904a28@group-E69EE7D61016-SegmentedRaftLogWorker was interrupted, exiting. There are 0 tasks remaining in the queue.
2019-09-24 02:28:53,713 [03fe0df8-8acd-4b48-98b8-ff80530cf21f@group-E2D698D9D625-SegmentedRaftLogWorker] INFO  segmented.SegmentedRaftLogWorker (SegmentedRaftLogWorker.java:run(313)) - 03fe0df8-8acd-4b48-98b8-ff80530cf21f@group-E2D698D9D625-SegmentedRaftLogWorker was interrupted, exiting. There are 0 tasks remaining in the queue.
2019-09-24 02:28:53,725 [ForkJoinPool.commonPool-worker-0] INFO  segmented.SegmentedRaftLogWorker (SegmentedRaftLogWorker.java:close(228)) - 03fe0df8-8acd-4b48-98b8-ff80530cf21f@group-E2D698D9D625-SegmentedRaftLogWorker close()
2019-09-24 02:28:53,725 [main] INFO  segmented.SegmentedRaftLogWorker (SegmentedRaftLogWorker.java:close(228)) - d46d7bca-32fd-4d78-a60e-8b14dc904a28@group-E69EE7D61016-SegmentedRaftLogWorker close()
2019-09-24 02:28:53,731 [ForkJoinPool.commonPool-worker-0] INFO  impl.RaftServerImpl (RaftServerImpl.java:lambda$shutdown$3(251)) - 03fe0df8-8acd-4b48-98b8-ff80530cf21f@group-F6E997B618AC: shutdown
2019-09-24 02:28:53,736 [main] INFO  impl.RaftServerImpl (RaftServerImpl.java:lambda$shutdown$3(251)) - d46d7bca-32fd-4d78-a60e-8b14dc904a28@group-0FD3F1957632: shutdown
2019-09-24 02:28:53,736 [ForkJoinPool.commonPool-worker-0] INFO  util.JmxRegister (JmxRegister.java:unregister(73)) - Successfully un-registered JMX Bean with object name Ratis:service=RaftServer,group=group-F6E997B618AC,id=03fe0df8-8acd-4b48-98b8-ff80530cf21f
2019-09-24 02:28:53,737 [main] INFO  util.JmxRegister (JmxRegister.java:unregister(73)) - Successfully un-registered JMX Bean with object name Ratis:service=RaftServer,group=group-0FD3F1957632,id=d46d7bca-32fd-4d78-a60e-8b14dc904a28
2019-09-24 02:28:53,737 [ForkJoinPool.commonPool-worker-0] INFO  impl.RoleInfo (RoleInfo.java:shutdownFollowerState(121)) - 03fe0df8-8acd-4b48-98b8-ff80530cf21f: shutdown FollowerState
2019-09-24 02:28:53,738 [main] INFO  impl.RoleInfo (RoleInfo.java:shutdownLeaderState(104)) - d46d7bca-32fd-4d78-a60e-8b14dc904a28: shutdown LeaderState
2019-09-24 02:28:53,738 [Thread-4235] INFO  impl.FollowerState (FollowerState.java:run(115)) - 03fe0df8-8acd-4b48-98b8-ff80530cf21f: FollowerState was interrupted: java.lang.InterruptedException: sleep interrupted
2019-09-24 02:28:53,738 [ForkJoinPool.commonPool-worker-0] INFO  impl.StateMachineUpdater (StateMachineUpdater.java:stopAndJoin(125)) - 03fe0df8-8acd-4b48-98b8-ff80530cf21f@group-F6E997B618AC-StateMachineUpdater: set stopIndex = 0
2019-09-24 02:28:53,745 [org.apache.ratis.server.impl.LogAppender$AppenderDaemon$$Lambda$430/2026899056@5fe80edc] WARN  server.GrpcLogAppender (GrpcLogAppender.java:mayWait(143)) - d46d7bca-32fd-4d78-a60e-8b14dc904a28@group-0FD3F1957632->bee6418c-0727-467f-b823-1d4bd6a18942-GrpcLogAppender: Wait interrupted by java.lang.InterruptedException
2019-09-24 02:28:53,745 [org.apache.ratis.server.impl.LogAppender$AppenderDaemon$$Lambda$430/2026899056@58b993e4] WARN  server.GrpcLogAppender (GrpcLogAppender.java:mayWait(143)) - d46d7bca-32fd-4d78-a60e-8b14dc904a28@group-0FD3F1957632->7a524267-bdf9-4b04-89b1-b4711f57f83c-GrpcLogAppender: Wait interrupted by java.lang.InterruptedException
2019-09-24 02:28:53,745 [main] INFO  impl.PendingRequests (PendingRequests.java:sendNotLeaderResponses(202)) - d46d7bca-32fd-4d78-a60e-8b14dc904a28-PendingRequests: sendNotLeaderResponses
2019-09-24 02:28:53,745 [ForkJoinPool.commonPool-worker-0] INFO  impl.RaftServerImpl (ServerState.java:close(385)) - 03fe0df8-8acd-4b48-98b8-ff80530cf21f@group-F6E997B618AC: closes. applyIndex: 0
2019-09-24 02:28:53,746 [grpc-default-executor-3] INFO  server.GrpcServerProtocolService (GrpcServerProtocolService.java:onCompleted(113)) - 7a524267-bdf9-4b04-89b1-b4711f57f83c: Completed APPEND_ENTRIES, lastRequest: d46d7bca-32fd-4d78-a60e-8b14dc904a28->7a524267-bdf9-4b04-89b1-b4711f57f83c#230-t1, previous=(t:1, i:0), leaderCommit=0, initializing? false, entries: <empty>
2019-09-24 02:28:53,746 [grpc-default-executor-4] INFO  server.GrpcServerProtocolService (GrpcServerProtocolService.java:onCompleted(113)) - bee6418c-0727-467f-b823-1d4bd6a18942: Completed APPEND_ENTRIES, lastRequest: d46d7bca-32fd-4d78-a60e-8b14dc904a28->bee6418c-0727-467f-b823-1d4bd6a18942#230-t1, previous=(t:1, i:0), leaderCommit=0, initializing? false, entries: <empty>
2019-09-24 02:28:53,746 [main] INFO  impl.StateMachineUpdater (StateMachineUpdater.java:stopAndJoin(125)) - d46d7bca-32fd-4d78-a60e-8b14dc904a28@group-0FD3F1957632-StateMachineUpdater: set stopIndex = 0
2019-09-24 02:28:53,747 [main] INFO  impl.RaftServerImpl (ServerState.java:close(385)) - d46d7bca-32fd-4d78-a60e-8b14dc904a28@group-0FD3F1957632: closes. applyIndex: 0
2019-09-24 02:28:53,747 [03fe0df8-8acd-4b48-98b8-ff80530cf21f@group-F6E997B618AC-SegmentedRaftLogWorker] INFO  segmented.SegmentedRaftLogWorker (SegmentedRaftLogWorker.java:run(313)) - 03fe0df8-8acd-4b48-98b8-ff80530cf21f@group-F6E997B618AC-SegmentedRaftLogWorker was interrupted, exiting. There are 0 tasks remaining in the queue.
2019-09-24 02:28:53,748 [grpc-default-executor-3] INFO  server.GrpcLogAppender (GrpcLogAppender.java:onCompleted(293)) - d46d7bca-32fd-4d78-a60e-8b14dc904a28@group-0FD3F1957632->7a524267-bdf9-4b04-89b1-b4711f57f83c-AppendLogResponseHandler: follower responses appendEntries COMPLETED
2019-09-24 02:28:53,748 [grpc-default-executor-4] INFO  server.GrpcLogAppender (GrpcLogAppender.java:onCompleted(293)) - d46d7bca-32fd-4d78-a60e-8b14dc904a28@group-0FD3F1957632->bee6418c-0727-467f-b823-1d4bd6a18942-AppendLogResponseHandler: follower responses appendEntries COMPLETED
2019-09-24 02:28:53,751 [ForkJoinPool.commonPool-worker-0] INFO  segmented.SegmentedRaftLogWorker (SegmentedRaftLogWorker.java:close(228)) - 03fe0df8-8acd-4b48-98b8-ff80530cf21f@group-F6E997B618AC-SegmentedRaftLogWorker close()
2019-09-24 02:28:53,748 [d46d7bca-32fd-4d78-a60e-8b14dc904a28@group-0FD3F1957632-SegmentedRaftLogWorker] INFO  segmented.SegmentedRaftLogWorker (SegmentedRaftLogWorker.java:run(313)) - d46d7bca-32fd-4d78-a60e-8b14dc904a28@group-0FD3F1957632-SegmentedRaftLogWorker was interrupted, exiting. There are 0 tasks remaining in the queue.
2019-09-24 02:28:53,752 [grpc-default-executor-4] INFO  impl.FollowerInfo (FollowerInfo.java:lambda$new$0(51)) - d46d7bca-32fd-4d78-a60e-8b14dc904a28@group-0FD3F1957632->bee6418c-0727-467f-b823-1d4bd6a18942: nextIndex: updateUnconditionally 1 -> 0
2019-09-24 02:28:53,752 [grpc-default-executor-3] INFO  impl.FollowerInfo (FollowerInfo.java:lambda$new$0(51)) - d46d7bca-32fd-4d78-a60e-8b14dc904a28@group-0FD3F1957632->7a524267-bdf9-4b04-89b1-b4711f57f83c: nextIndex: updateUnconditionally 1 -> 0
2019-09-24 02:28:53,763 [main] INFO  segmented.SegmentedRaftLogWorker (SegmentedRaftLogWorker.java:close(228)) - d46d7bca-32fd-4d78-a60e-8b14dc904a28@group-0FD3F1957632-SegmentedRaftLogWorker close()
2019-09-24 02:28:53,758 [ForkJoinPool.commonPool-worker-0] INFO  server.GrpcService (GrpcService.java:closeImpl(164)) - 03fe0df8-8acd-4b48-98b8-ff80530cf21f: shutdown server with port 46676 now
2019-09-24 02:28:53,770 [main] INFO  server.GrpcService (GrpcService.java:closeImpl(164)) - d46d7bca-32fd-4d78-a60e-8b14dc904a28: shutdown server with port 45016 now
2019-09-24 02:28:53,771 [grpc-default-executor-4] WARN  server.GrpcServerProtocolService (LogUtils.java:warn(134)) - 03fe0df8-8acd-4b48-98b8-ff80530cf21f: installSnapshot onError, lastRequest: b3222389-c6d4-4a0f-8f23-1c6658166195->03fe0df8-8acd-4b48-98b8-ff80530cf21f#230-t1, previous=(t:1, i:0), leaderCommit=0, initializing? false, entries: <empty>: org.apache.ratis.thirdparty.io.grpc.StatusRuntimeException: CANCELLED: cancelled before receiving half close
2019-09-24 02:28:53,771 [ForkJoinPool.commonPool-worker-0] INFO  server.GrpcService (GrpcService.java:closeImpl(172)) - 03fe0df8-8acd-4b48-98b8-ff80530cf21f: shutdown server with port 46676 successfully
2019-09-24 02:28:53,771 [grpc-default-executor-5] WARN  server.GrpcLogAppender (LogUtils.java:warn(134)) - b3222389-c6d4-4a0f-8f23-1c6658166195@group-F6E997B618AC->03fe0df8-8acd-4b48-98b8-ff80530cf21f-AppendLogResponseHandler: Failed appendEntries: org.apache.ratis.thirdparty.io.grpc.StatusRuntimeException: CANCELLED: HTTP/2 error code: CANCEL
Received Rst Stream
2019-09-24 02:28:53,772 [main] INFO  server.GrpcService (GrpcService.java:closeImpl(172)) - d46d7bca-32fd-4d78-a60e-8b14dc904a28: shutdown server with port 45016 successfully
2019-09-24 02:28:53,772 [grpc-default-executor-5] INFO  impl.FollowerInfo (FollowerInfo.java:lambda$new$0(51)) - b3222389-c6d4-4a0f-8f23-1c6658166195@group-F6E997B618AC->03fe0df8-8acd-4b48-98b8-ff80530cf21f: nextIndex: updateUnconditionally 1 -> 0
2019-09-24 02:28:53,774 [refreshUsed-/workdir/hadoop-ozone/integration-test/target/test-dir/MiniOzoneClusterImpl-7938e232-3eaf-47c6-84ae-b0e11761d891/datanode-2/data/containers] WARN  fs.CachingGetSpaceUsed (CachingGetSpaceUsed.java:run(183)) - Thread Interrupted waiting to refresh disk information: sleep interrupted
2019-09-24 02:28:53,777 [refreshUsed-/workdir/hadoop-ozone/integration-test/target/test-dir/MiniOzoneClusterImpl-7938e232-3eaf-47c6-84ae-b0e11761d891/datanode-5/data/containers] WARN  fs.CachingGetSpaceUsed (CachingGetSpaceUsed.java:run(183)) - Thread Interrupted waiting to refresh disk information: sleep interrupted
2019-09-24 02:28:53,797 [main] INFO  utils.BackgroundService (BackgroundService.java:shutdown(148)) - Shutting down service BlockDeletingService
2019-09-24 02:28:53,806 [main] INFO  statemachine.DatanodeStateMachine (DatanodeStateMachine.java:stopDaemon(395)) - Ozone container server stopped.
2019-09-24 02:28:53,807 [ForkJoinPool.commonPool-worker-0] INFO  utils.BackgroundService (BackgroundService.java:shutdown(148)) - Shutting down service BlockDeletingService
2019-09-24 02:28:53,815 [ForkJoinPool.commonPool-worker-0] INFO  statemachine.DatanodeStateMachine (DatanodeStateMachine.java:stopDaemon(395)) - Ozone container server stopped.
2019-09-24 02:28:53,820 [main] INFO  handler.ContextHandler (ContextHandler.java:doStop(910)) - Stopped o.e.j.w.WebAppContext@3946075{/,null,UNAVAILABLE}{/hddsDatanode}
2019-09-24 02:28:53,822 [ForkJoinPool.commonPool-worker-0] INFO  handler.ContextHandler (ContextHandler.java:doStop(910)) - Stopped o.e.j.w.WebAppContext@42507640{/,null,UNAVAILABLE}{/hddsDatanode}
2019-09-24 02:28:53,823 [main] INFO  server.AbstractConnector (AbstractConnector.java:doStop(318)) - Stopped ServerConnector@122635ef{HTTP/1.1,[http/1.1]}{0.0.0.0:0}
2019-09-24 02:28:53,823 [ForkJoinPool.commonPool-worker-0] INFO  server.AbstractConnector (AbstractConnector.java:doStop(318)) - Stopped ServerConnector@4dfe8b37{HTTP/1.1,[http/1.1]}{0.0.0.0:0}
2019-09-24 02:28:53,823 [main] INFO  handler.ContextHandler (ContextHandler.java:doStop(910)) - Stopped o.e.j.s.ServletContextHandler@469a7575{/static,jar:file:/home/user/.m2/repository/org/apache/hadoop/hadoop-hdds-container-service/0.5.0-SNAPSHOT/hadoop-hdds-container-service-0.5.0-SNAPSHOT.jar!/webapps/static,UNAVAILABLE}
2019-09-24 02:28:53,825 [ForkJoinPool.commonPool-worker-0] INFO  handler.ContextHandler (ContextHandler.java:doStop(910)) - Stopped o.e.j.s.ServletContextHandler@996a546{/static,jar:file:/home/user/.m2/repository/org/apache/hadoop/hadoop-hdds-container-service/0.5.0-SNAPSHOT/hadoop-hdds-container-service-0.5.0-SNAPSHOT.jar!/webapps/static,UNAVAILABLE}
2019-09-24 02:28:53,826 [main] INFO  handler.ContextHandler (ContextHandler.java:doStop(910)) - Stopped o.e.j.s.ServletContextHandler@4e245739{/logs,file:///workdir/hadoop-ozone/integration-test/target/log,UNAVAILABLE}
2019-09-24 02:28:53,828 [ForkJoinPool.commonPool-worker-0] INFO  handler.ContextHandler (ContextHandler.java:doStop(910)) - Stopped o.e.j.s.ServletContextHandler@69de5bed{/logs,file:///workdir/hadoop-ozone/integration-test/target/log,UNAVAILABLE}
2019-09-24 02:28:54,116 [grpc-default-executor-4] WARN  server.GrpcLogAppender (LogUtils.java:warn(134)) - b3222389-c6d4-4a0f-8f23-1c6658166195@group-F6E997B618AC->03fe0df8-8acd-4b48-98b8-ff80530cf21f-AppendLogResponseHandler: Failed appendEntries: org.apache.ratis.thirdparty.io.grpc.StatusRuntimeException: UNAVAILABLE: io exception
2019-09-24 02:28:54,117 [grpc-default-executor-4] INFO  impl.FollowerInfo (FollowerInfo.java:lambda$new$0(51)) - b3222389-c6d4-4a0f-8f23-1c6658166195@group-F6E997B618AC->03fe0df8-8acd-4b48-98b8-ff80530cf21f: nextIndex: updateUnconditionally 0 -> 0
2019-09-24 02:28:54,206 [Datanode State Machine Thread - 0] INFO  statemachine.DatanodeStateMachine (DatanodeStateMachine.java:lambda$startDaemon$0(350)) - Ozone container server started.
2019-09-24 02:28:54,237 [Datanode State Machine Thread - 0] INFO  statemachine.DatanodeStateMachine (DatanodeStateMachine.java:lambda$startDaemon$0(350)) - Ozone container server started.
2019-09-24 02:28:54,616 [grpc-default-executor-3] WARN  server.GrpcLogAppender (LogUtils.java:warn(134)) - b3222389-c6d4-4a0f-8f23-1c6658166195@group-F6E997B618AC->03fe0df8-8acd-4b48-98b8-ff80530cf21f-AppendLogResponseHandler: Failed appendEntries: org.apache.ratis.thirdparty.io.grpc.StatusRuntimeException: UNAVAILABLE: io exception
2019-09-24 02:28:54,617 [grpc-default-executor-3] INFO  impl.FollowerInfo (FollowerInfo.java:lambda$new$0(51)) - b3222389-c6d4-4a0f-8f23-1c6658166195@group-F6E997B618AC->03fe0df8-8acd-4b48-98b8-ff80530cf21f: nextIndex: updateUnconditionally 0 -> 0
2019-09-24 02:28:54,809 [Thread-4256] INFO  impl.FollowerState (FollowerState.java:run(106)) - 7a524267-bdf9-4b04-89b1-b4711f57f83c:group-0FD3F1957632 changes to CANDIDATE, lastRpcTime:1197, electionTimeout:1008ms
2019-09-24 02:28:54,810 [Thread-4256] INFO  impl.RoleInfo (RoleInfo.java:shutdownFollowerState(121)) - 7a524267-bdf9-4b04-89b1-b4711f57f83c: shutdown FollowerState
2019-09-24 02:28:54,810 [Thread-4256] INFO  impl.RaftServerImpl (RaftServerImpl.java:setRole(174)) - 7a524267-bdf9-4b04-89b1-b4711f57f83c@group-0FD3F1957632: changes role from  FOLLOWER to CANDIDATE at term 1 for changeToCandidate
2019-09-24 02:28:54,810 [Thread-4256] INFO  impl.RoleInfo (RoleInfo.java:updateAndGet(143)) - 7a524267-bdf9-4b04-89b1-b4711f57f83c: start LeaderElection
2019-09-24 02:28:54,811 [7a524267-bdf9-4b04-89b1-b4711f57f83c@group-0FD3F1957632:LeaderElection80] INFO  impl.RaftServerImpl (ServerState.java:setLeader(253)) - 7a524267-bdf9-4b04-89b1-b4711f57f83c@group-0FD3F1957632: change Leader from d46d7bca-32fd-4d78-a60e-8b14dc904a28 to null at term 1 for initElection
2019-09-24 02:28:54,837 [7a524267-bdf9-4b04-89b1-b4711f57f83c@group-0FD3F1957632:LeaderElection80] INFO  impl.LeaderElection (LeaderElection.java:askForVotes(182)) - 7a524267-bdf9-4b04-89b1-b4711f57f83c@group-0FD3F1957632:LeaderElection80: begin an election at term 2 for 0: [d46d7bca-32fd-4d78-a60e-8b14dc904a28:192.168.151.121:45016, bee6418c-0727-467f-b823-1d4bd6a18942:192.168.151.121:38836, 7a524267-bdf9-4b04-89b1-b4711f57f83c:192.168.151.121:33766], old=null
2019-09-24 02:28:54,840 [7a524267-bdf9-4b04-89b1-b4711f57f83c@group-0FD3F1957632:LeaderElection80] INFO  impl.LeaderElection (LogUtils.java:infoOrTrace(149)) - 7a524267-bdf9-4b04-89b1-b4711f57f83c@group-0FD3F1957632:LeaderElection80 got exception when requesting votes: {}
java.util.concurrent.ExecutionException: org.apache.ratis.thirdparty.io.grpc.StatusRuntimeException: UNAVAILABLE: io exception
	at java.util.concurrent.FutureTask.report(FutureTask.java:122)
	at java.util.concurrent.FutureTask.get(FutureTask.java:192)
	at org.apache.ratis.server.impl.LeaderElection.waitForResults(LeaderElection.java:263)
	at org.apache.ratis.server.impl.LeaderElection.askForVotes(LeaderElection.java:201)
	at org.apache.ratis.server.impl.LeaderElection.run(LeaderElection.java:133)
	at java.lang.Thread.run(Thread.java:748)
Caused by: org.apache.ratis.thirdparty.io.grpc.StatusRuntimeException: UNAVAILABLE: io exception
	at org.apache.ratis.thirdparty.io.grpc.stub.ClientCalls.toStatusRuntimeException(ClientCalls.java:233)
	at org.apache.ratis.thirdparty.io.grpc.stub.ClientCalls.getUnchecked(ClientCalls.java:214)
	at org.apache.ratis.thirdparty.io.grpc.stub.ClientCalls.blockingUnaryCall(ClientCalls.java:139)
	at org.apache.ratis.proto.grpc.RaftServerProtocolServiceGrpc$RaftServerProtocolServiceBlockingStub.requestVote(RaftServerProtocolServiceGrpc.java:265)
	at org.apache.ratis.grpc.server.GrpcServerProtocolClient.requestVote(GrpcServerProtocolClient.java:90)
	at org.apache.ratis.grpc.server.GrpcService.requestVote(GrpcService.java:204)
	at org.apache.ratis.server.impl.LeaderElection.lambda$submitRequests$1(LeaderElection.java:238)
	at java.util.concurrent.FutureTask.run(FutureTask.java:266)
	at java.util.concurrent.Executors$RunnableAdapter.call(Executors.java:511)
	at java.util.concurrent.FutureTask.run(FutureTask.java:266)
	at java.util.concurrent.ThreadPoolExecutor.runWorker(ThreadPoolExecutor.java:1149)
	at java.util.concurrent.ThreadPoolExecutor$Worker.run(ThreadPoolExecutor.java:624)
	... 1 more
Caused by: org.apache.ratis.thirdparty.io.netty.channel.AbstractChannel$AnnotatedConnectException: Connection refused: /192.168.151.121:45016
	at sun.nio.ch.SocketChannelImpl.checkConnect(Native Method)
	at sun.nio.ch.SocketChannelImpl.finishConnect(SocketChannelImpl.java:717)
	at org.apache.ratis.thirdparty.io.netty.channel.socket.nio.NioSocketChannel.doFinishConnect(NioSocketChannel.java:327)
	at org.apache.ratis.thirdparty.io.netty.channel.nio.AbstractNioChannel$AbstractNioUnsafe.finishConnect(AbstractNioChannel.java:340)
	at org.apache.ratis.thirdparty.io.netty.channel.nio.NioEventLoop.processSelectedKey(NioEventLoop.java:632)
	at org.apache.ratis.thirdparty.io.netty.channel.nio.NioEventLoop.processSelectedKeysOptimized(NioEventLoop.java:579)
	at org.apache.ratis.thirdparty.io.netty.channel.nio.NioEventLoop.processSelectedKeys(NioEventLoop.java:496)
	at org.apache.ratis.thirdparty.io.netty.channel.nio.NioEventLoop.run(NioEventLoop.java:458)
	at org.apache.ratis.thirdparty.io.netty.util.concurrent.SingleThreadEventExecutor$5.run(SingleThreadEventExecutor.java:897)
	at org.apache.ratis.thirdparty.io.netty.util.concurrent.FastThreadLocalRunnable.run(FastThreadLocalRunnable.java:30)
	... 1 more
Caused by: java.net.ConnectException: Connection refused
	... 11 more
2019-09-24 02:28:54,849 [grpc-default-executor-3] INFO  impl.RaftServerImpl (ServerState.java:setLeader(253)) - bee6418c-0727-467f-b823-1d4bd6a18942@group-0FD3F1957632: change Leader from d46d7bca-32fd-4d78-a60e-8b14dc904a28 to null at term 2 for updateCurrentTerm
2019-09-24 02:28:54,849 [grpc-default-executor-3] INFO  impl.RaftServerImpl (RaftServerImpl.java:setRole(174)) - bee6418c-0727-467f-b823-1d4bd6a18942@group-0FD3F1957632: changes role from  FOLLOWER to FOLLOWER at term 2 for recognizeCandidate:7a524267-bdf9-4b04-89b1-b4711f57f83c
2019-09-24 02:28:54,849 [grpc-default-executor-3] INFO  impl.RoleInfo (RoleInfo.java:shutdownFollowerState(121)) - bee6418c-0727-467f-b823-1d4bd6a18942: shutdown FollowerState
2019-09-24 02:28:54,849 [grpc-default-executor-3] INFO  impl.RoleInfo (RoleInfo.java:updateAndGet(143)) - bee6418c-0727-467f-b823-1d4bd6a18942: start FollowerState
2019-09-24 02:28:54,850 [Thread-4257] INFO  impl.FollowerState (FollowerState.java:run(115)) - bee6418c-0727-467f-b823-1d4bd6a18942: FollowerState was interrupted: java.lang.InterruptedException: sleep interrupted
2019-09-24 02:28:54,866 [7a524267-bdf9-4b04-89b1-b4711f57f83c@group-0FD3F1957632:LeaderElection80] INFO  impl.LeaderElection (LeaderElection.java:logAndReturn(56)) - 7a524267-bdf9-4b04-89b1-b4711f57f83c@group-0FD3F1957632:LeaderElection80: Election PASSED; received 1 response(s) [7a524267-bdf9-4b04-89b1-b4711f57f83c<-bee6418c-0727-467f-b823-1d4bd6a18942#0:OK-t2] and 1 exception(s); 7a524267-bdf9-4b04-89b1-b4711f57f83c@group-0FD3F1957632:t2, leader=null, voted=7a524267-bdf9-4b04-89b1-b4711f57f83c, raftlog=7a524267-bdf9-4b04-89b1-b4711f57f83c@group-0FD3F1957632-SegmentedRaftLog:OPENED:c0,f0,i0, conf=0: [d46d7bca-32fd-4d78-a60e-8b14dc904a28:192.168.151.121:45016, bee6418c-0727-467f-b823-1d4bd6a18942:192.168.151.121:38836, 7a524267-bdf9-4b04-89b1-b4711f57f83c:192.168.151.121:33766], old=null
2019-09-24 02:28:54,867 [7a524267-bdf9-4b04-89b1-b4711f57f83c@group-0FD3F1957632:LeaderElection80] INFO  impl.LeaderElection (LogUtils.java:infoOrTrace(149)) -   Exception 0: {}
java.util.concurrent.ExecutionException: org.apache.ratis.thirdparty.io.grpc.StatusRuntimeException: UNAVAILABLE: io exception
	at java.util.concurrent.FutureTask.report(FutureTask.java:122)
	at java.util.concurrent.FutureTask.get(FutureTask.java:192)
	at org.apache.ratis.server.impl.LeaderElection.waitForResults(LeaderElection.java:263)
	at org.apache.ratis.server.impl.LeaderElection.askForVotes(LeaderElection.java:201)
	at org.apache.ratis.server.impl.LeaderElection.run(LeaderElection.java:133)
	at java.lang.Thread.run(Thread.java:748)
Caused by: org.apache.ratis.thirdparty.io.grpc.StatusRuntimeException: UNAVAILABLE: io exception
	at org.apache.ratis.thirdparty.io.grpc.stub.ClientCalls.toStatusRuntimeException(ClientCalls.java:233)
	at org.apache.ratis.thirdparty.io.grpc.stub.ClientCalls.getUnchecked(ClientCalls.java:214)
	at org.apache.ratis.thirdparty.io.grpc.stub.ClientCalls.blockingUnaryCall(ClientCalls.java:139)
	at org.apache.ratis.proto.grpc.RaftServerProtocolServiceGrpc$RaftServerProtocolServiceBlockingStub.requestVote(RaftServerProtocolServiceGrpc.java:265)
	at org.apache.ratis.grpc.server.GrpcServerProtocolClient.requestVote(GrpcServerProtocolClient.java:90)
	at org.apache.ratis.grpc.server.GrpcService.requestVote(GrpcService.java:204)
	at org.apache.ratis.server.impl.LeaderElection.lambda$submitRequests$1(LeaderElection.java:238)
	at java.util.concurrent.FutureTask.run(FutureTask.java:266)
	at java.util.concurrent.Executors$RunnableAdapter.call(Executors.java:511)
	at java.util.concurrent.FutureTask.run(FutureTask.java:266)
	at java.util.concurrent.ThreadPoolExecutor.runWorker(ThreadPoolExecutor.java:1149)
	at java.util.concurrent.ThreadPoolExecutor$Worker.run(ThreadPoolExecutor.java:624)
	... 1 more
Caused by: org.apache.ratis.thirdparty.io.netty.channel.AbstractChannel$AnnotatedConnectException: Connection refused: /192.168.151.121:45016
	at sun.nio.ch.SocketChannelImpl.checkConnect(Native Method)
	at sun.nio.ch.SocketChannelImpl.finishConnect(SocketChannelImpl.java:717)
	at org.apache.ratis.thirdparty.io.netty.channel.socket.nio.NioSocketChannel.doFinishConnect(NioSocketChannel.java:327)
	at org.apache.ratis.thirdparty.io.netty.channel.nio.AbstractNioChannel$AbstractNioUnsafe.finishConnect(AbstractNioChannel.java:340)
	at org.apache.ratis.thirdparty.io.netty.channel.nio.NioEventLoop.processSelectedKey(NioEventLoop.java:632)
	at org.apache.ratis.thirdparty.io.netty.channel.nio.NioEventLoop.processSelectedKeysOptimized(NioEventLoop.java:579)
	at org.apache.ratis.thirdparty.io.netty.channel.nio.NioEventLoop.processSelectedKeys(NioEventLoop.java:496)
	at org.apache.ratis.thirdparty.io.netty.channel.nio.NioEventLoop.run(NioEventLoop.java:458)
	at org.apache.ratis.thirdparty.io.netty.util.concurrent.SingleThreadEventExecutor$5.run(SingleThreadEventExecutor.java:897)
	at org.apache.ratis.thirdparty.io.netty.util.concurrent.FastThreadLocalRunnable.run(FastThreadLocalRunnable.java:30)
	... 1 more
Caused by: java.net.ConnectException: Connection refused
	... 11 more
2019-09-24 02:28:54,867 [7a524267-bdf9-4b04-89b1-b4711f57f83c@group-0FD3F1957632:LeaderElection80] INFO  impl.RoleInfo (RoleInfo.java:shutdownLeaderElection(134)) - 7a524267-bdf9-4b04-89b1-b4711f57f83c: shutdown LeaderElection
2019-09-24 02:28:54,867 [7a524267-bdf9-4b04-89b1-b4711f57f83c@group-0FD3F1957632:LeaderElection80] INFO  impl.RaftServerImpl (RaftServerImpl.java:setRole(174)) - 7a524267-bdf9-4b04-89b1-b4711f57f83c@group-0FD3F1957632: changes role from CANDIDATE to LEADER at term 2 for changeToLeader
2019-09-24 02:28:54,867 [7a524267-bdf9-4b04-89b1-b4711f57f83c@group-0FD3F1957632:LeaderElection80] INFO  impl.RaftServerImpl (ServerState.java:setLeader(253)) - 7a524267-bdf9-4b04-89b1-b4711f57f83c@group-0FD3F1957632: change Leader from null to 7a524267-bdf9-4b04-89b1-b4711f57f83c at term 2 for becomeLeader, leader elected after 56ms
2019-09-24 02:28:54,868 [7a524267-bdf9-4b04-89b1-b4711f57f83c@group-0FD3F1957632:LeaderElection80] INFO  server.RaftServerConfigKeys (ConfUtils.java:logGet(43)) - raft.server.staging.catchup.gap = 1000 (default)
2019-09-24 02:28:54,868 [7a524267-bdf9-4b04-89b1-b4711f57f83c@group-0FD3F1957632:LeaderElection80] INFO  server.RaftServerConfigKeys (ConfUtils.java:logGet(43)) - raft.server.rpc.sleep.time = 25ms (default)
2019-09-24 02:28:54,868 [7a524267-bdf9-4b04-89b1-b4711f57f83c@group-0FD3F1957632:LeaderElection80] INFO  server.RaftServerConfigKeys (ConfUtils.java:logGet(43)) - raft.server.write.element-limit = 4096 (default)
2019-09-24 02:28:54,868 [7a524267-bdf9-4b04-89b1-b4711f57f83c@group-0FD3F1957632:LeaderElection80] INFO  server.RaftServerConfigKeys (ConfUtils.java:logGet(43)) - raft.server.watch.timeout = 10s (default)
2019-09-24 02:28:54,868 [7a524267-bdf9-4b04-89b1-b4711f57f83c@group-0FD3F1957632:LeaderElection80] INFO  server.RaftServerConfigKeys (ConfUtils.java:logGet(43)) - raft.server.watch.timeout.denomination = 1s (default)
2019-09-24 02:28:54,869 [7a524267-bdf9-4b04-89b1-b4711f57f83c@group-0FD3F1957632:LeaderElection80] INFO  server.RaftServerConfigKeys (ConfUtils.java:logGet(43)) - raft.server.watch.element-limit = 65536 (default)
2019-09-24 02:28:54,871 [7a524267-bdf9-4b04-89b1-b4711f57f83c@group-0FD3F1957632:LeaderElection80] INFO  server.RaftServerConfigKeys (ConfUtils.java:logGet(43)) - raft.server.log.appender.snapshot.chunk.size.max = 16MB (=16777216) (default)
2019-09-24 02:28:54,872 [7a524267-bdf9-4b04-89b1-b4711f57f83c@group-0FD3F1957632:LeaderElection80] INFO  server.RaftServerConfigKeys (ConfUtils.java:logGet(43)) - raft.server.log.appender.buffer.byte-limit = 33554432 (custom)
2019-09-24 02:28:54,872 [7a524267-bdf9-4b04-89b1-b4711f57f83c@group-0FD3F1957632:LeaderElection80] INFO  server.RaftServerConfigKeys (ConfUtils.java:logGet(43)) - raft.server.log.appender.buffer.element-limit = 1 (custom)
2019-09-24 02:28:54,872 [7a524267-bdf9-4b04-89b1-b4711f57f83c@group-0FD3F1957632:LeaderElection80] INFO  grpc.GrpcConfigKeys$Server (ConfUtils.java:logGet(43)) - raft.grpc.server.leader.outstanding.appends.max = 128 (default)
2019-09-24 02:28:54,872 [7a524267-bdf9-4b04-89b1-b4711f57f83c@group-0FD3F1957632:LeaderElection80] INFO  server.RaftServerConfigKeys (ConfUtils.java:logGet(43)) - raft.server.rpc.request.timeout = 3000ms (default)
2019-09-24 02:28:54,873 [7a524267-bdf9-4b04-89b1-b4711f57f83c@group-0FD3F1957632:LeaderElection80] INFO  server.RaftServerConfigKeys (ConfUtils.java:logGet(43)) - raft.server.log.appender.install.snapshot.enabled = false (custom)
2019-09-24 02:28:54,873 [7a524267-bdf9-4b04-89b1-b4711f57f83c@group-0FD3F1957632:LeaderElection80] INFO  server.RaftServerConfigKeys (ConfUtils.java:logGet(43)) - raft.server.log.appender.snapshot.chunk.size.max = 16MB (=16777216) (default)
2019-09-24 02:28:54,873 [7a524267-bdf9-4b04-89b1-b4711f57f83c@group-0FD3F1957632:LeaderElection80] INFO  server.RaftServerConfigKeys (ConfUtils.java:logGet(43)) - raft.server.log.appender.buffer.byte-limit = 33554432 (custom)
2019-09-24 02:28:54,873 [7a524267-bdf9-4b04-89b1-b4711f57f83c@group-0FD3F1957632:LeaderElection80] INFO  server.RaftServerConfigKeys (ConfUtils.java:logGet(43)) - raft.server.log.appender.buffer.element-limit = 1 (custom)
2019-09-24 02:28:54,874 [7a524267-bdf9-4b04-89b1-b4711f57f83c@group-0FD3F1957632:LeaderElection80] INFO  grpc.GrpcConfigKeys$Server (ConfUtils.java:logGet(43)) - raft.grpc.server.leader.outstanding.appends.max = 128 (default)
2019-09-24 02:28:54,874 [7a524267-bdf9-4b04-89b1-b4711f57f83c@group-0FD3F1957632:LeaderElection80] INFO  server.RaftServerConfigKeys (ConfUtils.java:logGet(43)) - raft.server.rpc.request.timeout = 3000ms (default)
2019-09-24 02:28:54,874 [7a524267-bdf9-4b04-89b1-b4711f57f83c@group-0FD3F1957632:LeaderElection80] INFO  server.RaftServerConfigKeys (ConfUtils.java:logGet(43)) - raft.server.log.appender.install.snapshot.enabled = false (custom)
2019-09-24 02:28:54,874 [7a524267-bdf9-4b04-89b1-b4711f57f83c@group-0FD3F1957632:LeaderElection80] INFO  impl.RoleInfo (RoleInfo.java:updateAndGet(143)) - 7a524267-bdf9-4b04-89b1-b4711f57f83c: start LeaderState
2019-09-24 02:28:54,875 [7a524267-bdf9-4b04-89b1-b4711f57f83c@group-0FD3F1957632:LeaderElection80] INFO  segmented.SegmentedRaftLogWorker (SegmentedRaftLogWorker.java:rollLogSegment(385)) - 7a524267-bdf9-4b04-89b1-b4711f57f83c@group-0FD3F1957632-SegmentedRaftLogWorker: Rolling segment log-0_0 to index:0
2019-09-24 02:28:54,876 [7a524267-bdf9-4b04-89b1-b4711f57f83c@group-0FD3F1957632-SegmentedRaftLogWorker] INFO  segmented.SegmentedRaftLogWorker (SegmentedRaftLogWorker.java:execute(526)) - 7a524267-bdf9-4b04-89b1-b4711f57f83c@group-0FD3F1957632-SegmentedRaftLogWorker: Rolled log segment from /workdir/hadoop-ozone/integration-test/target/test-dir/MiniOzoneClusterImpl-7938e232-3eaf-47c6-84ae-b0e11761d891/datanode-6/data/ratis/07ad298a-14f0-4833-bd8f-0fd3f1957632/current/log_inprogress_0 to /workdir/hadoop-ozone/integration-test/target/test-dir/MiniOzoneClusterImpl-7938e232-3eaf-47c6-84ae-b0e11761d891/datanode-6/data/ratis/07ad298a-14f0-4833-bd8f-0fd3f1957632/current/log_0-0
2019-09-24 02:28:54,879 [7a524267-bdf9-4b04-89b1-b4711f57f83c@group-0FD3F1957632:LeaderElection80] INFO  impl.RaftServerImpl (ServerState.java:setRaftConf(354)) - 7a524267-bdf9-4b04-89b1-b4711f57f83c@group-0FD3F1957632: set configuration 1: [d46d7bca-32fd-4d78-a60e-8b14dc904a28:192.168.151.121:45016, bee6418c-0727-467f-b823-1d4bd6a18942:192.168.151.121:38836, 7a524267-bdf9-4b04-89b1-b4711f57f83c:192.168.151.121:33766], old=null at 1
2019-09-24 02:28:54,879 [grpc-default-executor-3] WARN  server.GrpcLogAppender (LogUtils.java:warn(134)) - 7a524267-bdf9-4b04-89b1-b4711f57f83c@group-0FD3F1957632->d46d7bca-32fd-4d78-a60e-8b14dc904a28-AppendLogResponseHandler: Failed appendEntries: org.apache.ratis.thirdparty.io.grpc.StatusRuntimeException: UNAVAILABLE: io exception
2019-09-24 02:28:54,928 [grpc-default-executor-3] INFO  impl.FollowerInfo (FollowerInfo.java:lambda$new$0(51)) - 7a524267-bdf9-4b04-89b1-b4711f57f83c@group-0FD3F1957632->d46d7bca-32fd-4d78-a60e-8b14dc904a28: nextIndex: updateUnconditionally 1 -> 0
2019-09-24 02:28:54,928 [grpc-default-executor-4] INFO  impl.RaftServerImpl (ServerState.java:setLeader(253)) - bee6418c-0727-467f-b823-1d4bd6a18942@group-0FD3F1957632: change Leader from null to 7a524267-bdf9-4b04-89b1-b4711f57f83c at term 2 for appendEntries, leader elected after 79ms
2019-09-24 02:28:54,931 [grpc-default-executor-4] INFO  impl.RaftServerImpl (ServerState.java:setRaftConf(354)) - bee6418c-0727-467f-b823-1d4bd6a18942@group-0FD3F1957632: set configuration 1: [d46d7bca-32fd-4d78-a60e-8b14dc904a28:192.168.151.121:45016, bee6418c-0727-467f-b823-1d4bd6a18942:192.168.151.121:38836, 7a524267-bdf9-4b04-89b1-b4711f57f83c:192.168.151.121:33766], old=null at 1
2019-09-24 02:28:54,931 [grpc-default-executor-4] INFO  segmented.SegmentedRaftLogWorker (SegmentedRaftLogWorker.java:rollLogSegment(385)) - bee6418c-0727-467f-b823-1d4bd6a18942@group-0FD3F1957632-SegmentedRaftLogWorker: Rolling segment log-0_0 to index:0
2019-09-24 02:28:54,932 [7a524267-bdf9-4b04-89b1-b4711f57f83c@group-0FD3F1957632-SegmentedRaftLogWorker] INFO  segmented.SegmentedRaftLogWorker (SegmentedRaftLogWorker.java:execute(569)) - 7a524267-bdf9-4b04-89b1-b4711f57f83c@group-0FD3F1957632-SegmentedRaftLogWorker: created new log segment /workdir/hadoop-ozone/integration-test/target/test-dir/MiniOzoneClusterImpl-7938e232-3eaf-47c6-84ae-b0e11761d891/datanode-6/data/ratis/07ad298a-14f0-4833-bd8f-0fd3f1957632/current/log_inprogress_1
2019-09-24 02:28:54,932 [bee6418c-0727-467f-b823-1d4bd6a18942@group-0FD3F1957632-SegmentedRaftLogWorker] INFO  segmented.SegmentedRaftLogWorker (SegmentedRaftLogWorker.java:execute(526)) - bee6418c-0727-467f-b823-1d4bd6a18942@group-0FD3F1957632-SegmentedRaftLogWorker: Rolled log segment from /workdir/hadoop-ozone/integration-test/target/test-dir/MiniOzoneClusterImpl-7938e232-3eaf-47c6-84ae-b0e11761d891/datanode-3/data/ratis/07ad298a-14f0-4833-bd8f-0fd3f1957632/current/log_inprogress_0 to /workdir/hadoop-ozone/integration-test/target/test-dir/MiniOzoneClusterImpl-7938e232-3eaf-47c6-84ae-b0e11761d891/datanode-3/data/ratis/07ad298a-14f0-4833-bd8f-0fd3f1957632/current/log_0-0
2019-09-24 02:28:54,984 [bee6418c-0727-467f-b823-1d4bd6a18942@group-0FD3F1957632-SegmentedRaftLogWorker] INFO  segmented.SegmentedRaftLogWorker (SegmentedRaftLogWorker.java:execute(569)) - bee6418c-0727-467f-b823-1d4bd6a18942@group-0FD3F1957632-SegmentedRaftLogWorker: created new log segment /workdir/hadoop-ozone/integration-test/target/test-dir/MiniOzoneClusterImpl-7938e232-3eaf-47c6-84ae-b0e11761d891/datanode-3/data/ratis/07ad298a-14f0-4833-bd8f-0fd3f1957632/current/log_inprogress_1
2019-09-24 02:28:55,000 [grpc-default-executor-5] WARN  server.GrpcLogAppender (LogUtils.java:warn(134)) - 7a524267-bdf9-4b04-89b1-b4711f57f83c@group-0FD3F1957632->d46d7bca-32fd-4d78-a60e-8b14dc904a28-AppendLogResponseHandler: Failed appendEntries: org.apache.ratis.thirdparty.io.grpc.StatusRuntimeException: UNAVAILABLE: io exception
2019-09-24 02:28:55,003 [grpc-default-executor-5] INFO  impl.FollowerInfo (FollowerInfo.java:lambda$new$0(51)) - 7a524267-bdf9-4b04-89b1-b4711f57f83c@group-0FD3F1957632->d46d7bca-32fd-4d78-a60e-8b14dc904a28: nextIndex: updateUnconditionally 1 -> 0
2019-09-24 02:28:55,012 [grpc-default-executor-3] WARN  server.GrpcLogAppender (LogUtils.java:warn(134)) - 7a524267-bdf9-4b04-89b1-b4711f57f83c@group-0FD3F1957632->d46d7bca-32fd-4d78-a60e-8b14dc904a28-AppendLogResponseHandler: Failed appendEntries: org.apache.ratis.thirdparty.io.grpc.StatusRuntimeException: UNAVAILABLE: io exception
2019-09-24 02:28:55,013 [grpc-default-executor-3] INFO  impl.FollowerInfo (FollowerInfo.java:lambda$new$0(51)) - 7a524267-bdf9-4b04-89b1-b4711f57f83c@group-0FD3F1957632->d46d7bca-32fd-4d78-a60e-8b14dc904a28: nextIndex: updateUnconditionally 1 -> 0
2019-09-24 02:28:55,117 [grpc-default-executor-4] WARN  server.GrpcLogAppender (LogUtils.java:warn(134)) - b3222389-c6d4-4a0f-8f23-1c6658166195@group-F6E997B618AC->03fe0df8-8acd-4b48-98b8-ff80530cf21f-AppendLogResponseHandler: Failed appendEntries: org.apache.ratis.thirdparty.io.grpc.StatusRuntimeException: UNAVAILABLE: io exception
2019-09-24 02:28:55,117 [grpc-default-executor-4] INFO  impl.FollowerInfo (FollowerInfo.java:lambda$new$0(51)) - b3222389-c6d4-4a0f-8f23-1c6658166195@group-F6E997B618AC->03fe0df8-8acd-4b48-98b8-ff80530cf21f: nextIndex: updateUnconditionally 0 -> 0
2019-09-24 02:28:55,518 [grpc-default-executor-3] WARN  server.GrpcLogAppender (LogUtils.java:warn(134)) - 7a524267-bdf9-4b04-89b1-b4711f57f83c@group-0FD3F1957632->d46d7bca-32fd-4d78-a60e-8b14dc904a28-AppendLogResponseHandler: Failed appendEntries: org.apache.ratis.thirdparty.io.grpc.StatusRuntimeException: UNAVAILABLE: io exception
2019-09-24 02:28:55,519 [grpc-default-executor-3] INFO  impl.FollowerInfo (FollowerInfo.java:lambda$new$0(51)) - 7a524267-bdf9-4b04-89b1-b4711f57f83c@group-0FD3F1957632->d46d7bca-32fd-4d78-a60e-8b14dc904a28: nextIndex: updateUnconditionally 0 -> 0
2019-09-24 02:28:55,617 [grpc-default-executor-3] WARN  server.GrpcLogAppender (LogUtils.java:warn(134)) - b3222389-c6d4-4a0f-8f23-1c6658166195@group-F6E997B618AC->03fe0df8-8acd-4b48-98b8-ff80530cf21f-AppendLogResponseHandler: Failed appendEntries: org.apache.ratis.thirdparty.io.grpc.StatusRuntimeException: UNAVAILABLE: io exception
2019-09-24 02:28:55,618 [grpc-default-executor-3] INFO  impl.FollowerInfo (FollowerInfo.java:lambda$new$0(51)) - b3222389-c6d4-4a0f-8f23-1c6658166195@group-F6E997B618AC->03fe0df8-8acd-4b48-98b8-ff80530cf21f: nextIndex: updateUnconditionally 0 -> 0
2019-09-24 02:28:56,014 [grpc-default-executor-4] WARN  server.GrpcLogAppender (LogUtils.java:warn(134)) - 7a524267-bdf9-4b04-89b1-b4711f57f83c@group-0FD3F1957632->d46d7bca-32fd-4d78-a60e-8b14dc904a28-AppendLogResponseHandler: Failed appendEntries: org.apache.ratis.thirdparty.io.grpc.StatusRuntimeException: UNAVAILABLE: io exception
2019-09-24 02:28:56,015 [grpc-default-executor-4] INFO  impl.FollowerInfo (FollowerInfo.java:lambda$new$0(51)) - 7a524267-bdf9-4b04-89b1-b4711f57f83c@group-0FD3F1957632->d46d7bca-32fd-4d78-a60e-8b14dc904a28: nextIndex: updateUnconditionally 0 -> 0
2019-09-24 02:28:56,118 [grpc-default-executor-5] WARN  server.GrpcLogAppender (LogUtils.java:warn(134)) - b3222389-c6d4-4a0f-8f23-1c6658166195@group-F6E997B618AC->03fe0df8-8acd-4b48-98b8-ff80530cf21f-AppendLogResponseHandler: Failed appendEntries: org.apache.ratis.thirdparty.io.grpc.StatusRuntimeException: UNAVAILABLE: io exception
2019-09-24 02:28:56,119 [grpc-default-executor-5] INFO  impl.FollowerInfo (FollowerInfo.java:lambda$new$0(51)) - b3222389-c6d4-4a0f-8f23-1c6658166195@group-F6E997B618AC->03fe0df8-8acd-4b48-98b8-ff80530cf21f: nextIndex: updateUnconditionally 0 -> 0
2019-09-24 02:28:56,515 [grpc-default-executor-3] WARN  server.GrpcLogAppender (LogUtils.java:warn(134)) - 7a524267-bdf9-4b04-89b1-b4711f57f83c@group-0FD3F1957632->d46d7bca-32fd-4d78-a60e-8b14dc904a28-AppendLogResponseHandler: Failed appendEntries: org.apache.ratis.thirdparty.io.grpc.StatusRuntimeException: UNAVAILABLE: io exception
2019-09-24 02:28:56,516 [grpc-default-executor-3] INFO  impl.FollowerInfo (FollowerInfo.java:lambda$new$0(51)) - 7a524267-bdf9-4b04-89b1-b4711f57f83c@group-0FD3F1957632->d46d7bca-32fd-4d78-a60e-8b14dc904a28: nextIndex: updateUnconditionally 0 -> 0
2019-09-24 02:28:56,619 [grpc-default-executor-5] WARN  server.GrpcLogAppender (LogUtils.java:warn(134)) - b3222389-c6d4-4a0f-8f23-1c6658166195@group-F6E997B618AC->03fe0df8-8acd-4b48-98b8-ff80530cf21f-AppendLogResponseHandler: Failed appendEntries: org.apache.ratis.thirdparty.io.grpc.StatusRuntimeException: UNAVAILABLE: io exception
2019-09-24 02:28:56,619 [grpc-default-executor-5] INFO  impl.FollowerInfo (FollowerInfo.java:lambda$new$0(51)) - b3222389-c6d4-4a0f-8f23-1c6658166195@group-F6E997B618AC->03fe0df8-8acd-4b48-98b8-ff80530cf21f: nextIndex: updateUnconditionally 0 -> 0
2019-09-24 02:28:57,017 [grpc-default-executor-5] WARN  server.GrpcLogAppender (LogUtils.java:warn(134)) - 7a524267-bdf9-4b04-89b1-b4711f57f83c@group-0FD3F1957632->d46d7bca-32fd-4d78-a60e-8b14dc904a28-AppendLogResponseHandler: Failed appendEntries: org.apache.ratis.thirdparty.io.grpc.StatusRuntimeException: UNAVAILABLE: io exception
2019-09-24 02:28:57,018 [grpc-default-executor-5] INFO  impl.FollowerInfo (FollowerInfo.java:lambda$new$0(51)) - 7a524267-bdf9-4b04-89b1-b4711f57f83c@group-0FD3F1957632->d46d7bca-32fd-4d78-a60e-8b14dc904a28: nextIndex: updateUnconditionally 0 -> 0
2019-09-24 02:28:57,121 [grpc-default-executor-5] WARN  server.GrpcLogAppender (LogUtils.java:warn(134)) - b3222389-c6d4-4a0f-8f23-1c6658166195@group-F6E997B618AC->03fe0df8-8acd-4b48-98b8-ff80530cf21f-AppendLogResponseHandler: Failed appendEntries: org.apache.ratis.thirdparty.io.grpc.StatusRuntimeException: UNAVAILABLE: io exception
2019-09-24 02:28:57,121 [grpc-default-executor-5] INFO  impl.FollowerInfo (FollowerInfo.java:lambda$new$0(51)) - b3222389-c6d4-4a0f-8f23-1c6658166195@group-F6E997B618AC->03fe0df8-8acd-4b48-98b8-ff80530cf21f: nextIndex: updateUnconditionally 0 -> 0
2019-09-24 02:28:57,518 [grpc-default-executor-5] WARN  server.GrpcLogAppender (LogUtils.java:warn(134)) - 7a524267-bdf9-4b04-89b1-b4711f57f83c@group-0FD3F1957632->d46d7bca-32fd-4d78-a60e-8b14dc904a28-AppendLogResponseHandler: Failed appendEntries: org.apache.ratis.thirdparty.io.grpc.StatusRuntimeException: UNAVAILABLE: io exception
2019-09-24 02:28:57,518 [grpc-default-executor-5] INFO  impl.FollowerInfo (FollowerInfo.java:lambda$new$0(51)) - 7a524267-bdf9-4b04-89b1-b4711f57f83c@group-0FD3F1957632->d46d7bca-32fd-4d78-a60e-8b14dc904a28: nextIndex: updateUnconditionally 0 -> 0
2019-09-24 02:28:57,624 [grpc-default-executor-5] WARN  server.GrpcLogAppender (LogUtils.java:warn(134)) - b3222389-c6d4-4a0f-8f23-1c6658166195@group-F6E997B618AC->03fe0df8-8acd-4b48-98b8-ff80530cf21f-AppendLogResponseHandler: Failed appendEntries: org.apache.ratis.thirdparty.io.grpc.StatusRuntimeException: UNAVAILABLE: io exception
2019-09-24 02:28:57,625 [grpc-default-executor-5] INFO  impl.FollowerInfo (FollowerInfo.java:lambda$new$0(51)) - b3222389-c6d4-4a0f-8f23-1c6658166195@group-F6E997B618AC->03fe0df8-8acd-4b48-98b8-ff80530cf21f: nextIndex: updateUnconditionally 0 -> 0
2019-09-24 02:28:58,019 [grpc-default-executor-4] WARN  server.GrpcLogAppender (LogUtils.java:warn(134)) - 7a524267-bdf9-4b04-89b1-b4711f57f83c@group-0FD3F1957632->d46d7bca-32fd-4d78-a60e-8b14dc904a28-AppendLogResponseHandler: Failed appendEntries: org.apache.ratis.thirdparty.io.grpc.StatusRuntimeException: UNAVAILABLE: io exception
2019-09-24 02:28:58,019 [grpc-default-executor-4] INFO  impl.FollowerInfo (FollowerInfo.java:lambda$new$0(51)) - 7a524267-bdf9-4b04-89b1-b4711f57f83c@group-0FD3F1957632->d46d7bca-32fd-4d78-a60e-8b14dc904a28: nextIndex: updateUnconditionally 0 -> 0
2019-09-24 02:28:58,123 [grpc-default-executor-5] WARN  server.GrpcLogAppender (LogUtils.java:warn(134)) - b3222389-c6d4-4a0f-8f23-1c6658166195@group-F6E997B618AC->03fe0df8-8acd-4b48-98b8-ff80530cf21f-AppendLogResponseHandler: Failed appendEntries: org.apache.ratis.thirdparty.io.grpc.StatusRuntimeException: UNAVAILABLE: io exception
2019-09-24 02:28:58,123 [grpc-default-executor-5] INFO  impl.FollowerInfo (FollowerInfo.java:lambda$new$0(51)) - b3222389-c6d4-4a0f-8f23-1c6658166195@group-F6E997B618AC->03fe0df8-8acd-4b48-98b8-ff80530cf21f: nextIndex: updateUnconditionally 0 -> 0
2019-09-24 02:28:58,519 [grpc-default-executor-3] WARN  server.GrpcLogAppender (LogUtils.java:warn(134)) - 7a524267-bdf9-4b04-89b1-b4711f57f83c@group-0FD3F1957632->d46d7bca-32fd-4d78-a60e-8b14dc904a28-AppendLogResponseHandler: Failed appendEntries: org.apache.ratis.thirdparty.io.grpc.StatusRuntimeException: UNAVAILABLE: io exception
2019-09-24 02:28:58,519 [grpc-default-executor-3] INFO  impl.FollowerInfo (FollowerInfo.java:lambda$new$0(51)) - 7a524267-bdf9-4b04-89b1-b4711f57f83c@group-0FD3F1957632->d46d7bca-32fd-4d78-a60e-8b14dc904a28: nextIndex: updateUnconditionally 0 -> 0
2019-09-24 02:28:58,624 [grpc-default-executor-3] WARN  server.GrpcLogAppender (LogUtils.java:warn(134)) - b3222389-c6d4-4a0f-8f23-1c6658166195@group-F6E997B618AC->03fe0df8-8acd-4b48-98b8-ff80530cf21f-AppendLogResponseHandler: Failed appendEntries: org.apache.ratis.thirdparty.io.grpc.StatusRuntimeException: UNAVAILABLE: io exception
2019-09-24 02:28:58,624 [grpc-default-executor-3] INFO  impl.FollowerInfo (FollowerInfo.java:lambda$new$0(51)) - b3222389-c6d4-4a0f-8f23-1c6658166195@group-F6E997B618AC->03fe0df8-8acd-4b48-98b8-ff80530cf21f: nextIndex: updateUnconditionally 0 -> 0
2019-09-24 02:28:58,831 [ForkJoinPool.commonPool-worker-0] INFO  ozoneimpl.OzoneContainer (OzoneContainer.java:stop(231)) - Attempting to stop container services.
2019-09-24 02:28:58,831 [main] INFO  ozoneimpl.OzoneContainer (OzoneContainer.java:stop(231)) - Attempting to stop container services.
2019-09-24 02:28:58,832 [ForkJoinPool.commonPool-worker-0] INFO  impl.RaftServerProxy (RaftServerProxy.java:lambda$close$4(314)) - bee6418c-0727-467f-b823-1d4bd6a18942: close
2019-09-24 02:28:58,832 [main] INFO  impl.RaftServerProxy (RaftServerProxy.java:lambda$close$4(314)) - 7a524267-bdf9-4b04-89b1-b4711f57f83c: close
2019-09-24 02:28:58,832 [ForkJoinPool.commonPool-worker-0] INFO  impl.RaftServerImpl (RaftServerImpl.java:lambda$shutdown$3(251)) - bee6418c-0727-467f-b823-1d4bd6a18942@group-624472136F97: shutdown
2019-09-24 02:28:58,833 [main] INFO  impl.RaftServerImpl (RaftServerImpl.java:lambda$shutdown$3(251)) - 7a524267-bdf9-4b04-89b1-b4711f57f83c@group-A46F3D2F1624: shutdown
2019-09-24 02:28:58,833 [ForkJoinPool.commonPool-worker-0] INFO  util.JmxRegister (JmxRegister.java:unregister(73)) - Successfully un-registered JMX Bean with object name Ratis:service=RaftServer,group=group-624472136F97,id=bee6418c-0727-467f-b823-1d4bd6a18942
2019-09-24 02:28:58,833 [main] INFO  util.JmxRegister (JmxRegister.java:unregister(73)) - Successfully un-registered JMX Bean with object name Ratis:service=RaftServer,group=group-A46F3D2F1624,id=7a524267-bdf9-4b04-89b1-b4711f57f83c
2019-09-24 02:28:58,834 [main] INFO  impl.RoleInfo (RoleInfo.java:shutdownLeaderState(104)) - 7a524267-bdf9-4b04-89b1-b4711f57f83c: shutdown LeaderState
2019-09-24 02:28:58,834 [ForkJoinPool.commonPool-worker-0] INFO  impl.RoleInfo (RoleInfo.java:shutdownLeaderState(104)) - bee6418c-0727-467f-b823-1d4bd6a18942: shutdown LeaderState
2019-09-24 02:28:58,834 [main] INFO  impl.PendingRequests (PendingRequests.java:sendNotLeaderResponses(202)) - 7a524267-bdf9-4b04-89b1-b4711f57f83c-PendingRequests: sendNotLeaderResponses
2019-09-24 02:28:58,835 [ForkJoinPool.commonPool-worker-0] INFO  impl.PendingRequests (PendingRequests.java:sendNotLeaderResponses(202)) - bee6418c-0727-467f-b823-1d4bd6a18942-PendingRequests: sendNotLeaderResponses
2019-09-24 02:28:58,835 [main] INFO  impl.StateMachineUpdater (StateMachineUpdater.java:stopAndJoin(125)) - 7a524267-bdf9-4b04-89b1-b4711f57f83c@group-A46F3D2F1624-StateMachineUpdater: set stopIndex = 0
2019-09-24 02:28:58,835 [ForkJoinPool.commonPool-worker-0] INFO  impl.StateMachineUpdater (StateMachineUpdater.java:stopAndJoin(125)) - bee6418c-0727-467f-b823-1d4bd6a18942@group-624472136F97-StateMachineUpdater: set stopIndex = 0
2019-09-24 02:28:58,836 [main] INFO  impl.RaftServerImpl (ServerState.java:close(385)) - 7a524267-bdf9-4b04-89b1-b4711f57f83c@group-A46F3D2F1624: closes. applyIndex: 0
2019-09-24 02:28:58,836 [ForkJoinPool.commonPool-worker-0] INFO  impl.RaftServerImpl (ServerState.java:close(385)) - bee6418c-0727-467f-b823-1d4bd6a18942@group-624472136F97: closes. applyIndex: 0
2019-09-24 02:28:58,837 [7a524267-bdf9-4b04-89b1-b4711f57f83c@group-A46F3D2F1624-SegmentedRaftLogWorker] INFO  segmented.SegmentedRaftLogWorker (SegmentedRaftLogWorker.java:run(313)) - 7a524267-bdf9-4b04-89b1-b4711f57f83c@group-A46F3D2F1624-SegmentedRaftLogWorker was interrupted, exiting. There are 0 tasks remaining in the queue.
2019-09-24 02:28:58,837 [bee6418c-0727-467f-b823-1d4bd6a18942@group-624472136F97-SegmentedRaftLogWorker] INFO  segmented.SegmentedRaftLogWorker (SegmentedRaftLogWorker.java:run(313)) - bee6418c-0727-467f-b823-1d4bd6a18942@group-624472136F97-SegmentedRaftLogWorker was interrupted, exiting. There are 0 tasks remaining in the queue.
2019-09-24 02:28:58,843 [main] INFO  segmented.SegmentedRaftLogWorker (SegmentedRaftLogWorker.java:close(228)) - 7a524267-bdf9-4b04-89b1-b4711f57f83c@group-A46F3D2F1624-SegmentedRaftLogWorker close()
2019-09-24 02:28:58,843 [ForkJoinPool.commonPool-worker-0] INFO  segmented.SegmentedRaftLogWorker (SegmentedRaftLogWorker.java:close(228)) - bee6418c-0727-467f-b823-1d4bd6a18942@group-624472136F97-SegmentedRaftLogWorker close()
2019-09-24 02:28:58,847 [main] INFO  impl.RaftServerImpl (RaftServerImpl.java:lambda$shutdown$3(251)) - 7a524267-bdf9-4b04-89b1-b4711f57f83c@group-0FD3F1957632: shutdown
2019-09-24 02:28:58,850 [ForkJoinPool.commonPool-worker-0] INFO  impl.RaftServerImpl (RaftServerImpl.java:lambda$shutdown$3(251)) - bee6418c-0727-467f-b823-1d4bd6a18942@group-0FD3F1957632: shutdown
2019-09-24 02:28:58,850 [main] INFO  util.JmxRegister (JmxRegister.java:unregister(73)) - Successfully un-registered JMX Bean with object name Ratis:service=RaftServer,group=group-0FD3F1957632,id=7a524267-bdf9-4b04-89b1-b4711f57f83c
2019-09-24 02:28:58,850 [ForkJoinPool.commonPool-worker-0] INFO  util.JmxRegister (JmxRegister.java:unregister(73)) - Successfully un-registered JMX Bean with object name Ratis:service=RaftServer,group=group-0FD3F1957632,id=bee6418c-0727-467f-b823-1d4bd6a18942
2019-09-24 02:28:58,850 [main] INFO  impl.RoleInfo (RoleInfo.java:shutdownLeaderState(104)) - 7a524267-bdf9-4b04-89b1-b4711f57f83c: shutdown LeaderState
2019-09-24 02:28:58,851 [ForkJoinPool.commonPool-worker-0] INFO  impl.RoleInfo (RoleInfo.java:shutdownFollowerState(121)) - bee6418c-0727-467f-b823-1d4bd6a18942: shutdown FollowerState
2019-09-24 02:28:58,854 [org.apache.ratis.server.impl.LogAppender$AppenderDaemon$$Lambda$430/2026899056@45f37290] WARN  server.GrpcLogAppender (GrpcLogAppender.java:mayWait(143)) - 7a524267-bdf9-4b04-89b1-b4711f57f83c@group-0FD3F1957632->d46d7bca-32fd-4d78-a60e-8b14dc904a28-GrpcLogAppender: Wait interrupted by java.lang.InterruptedException
2019-09-24 02:28:58,854 [main] INFO  impl.PendingRequests (PendingRequests.java:sendNotLeaderResponses(202)) - 7a524267-bdf9-4b04-89b1-b4711f57f83c-PendingRequests: sendNotLeaderResponses
2019-09-24 02:28:58,854 [org.apache.ratis.server.impl.LogAppender$AppenderDaemon$$Lambda$430/2026899056@d95f029] WARN  server.GrpcLogAppender (GrpcLogAppender.java:mayWait(143)) - 7a524267-bdf9-4b04-89b1-b4711f57f83c@group-0FD3F1957632->bee6418c-0727-467f-b823-1d4bd6a18942-GrpcLogAppender: Wait interrupted by java.lang.InterruptedException
2019-09-24 02:28:58,854 [Thread-5694] INFO  impl.FollowerState (FollowerState.java:run(115)) - bee6418c-0727-467f-b823-1d4bd6a18942: FollowerState was interrupted: java.lang.InterruptedException: sleep interrupted
2019-09-24 02:28:58,854 [ForkJoinPool.commonPool-worker-0] INFO  impl.StateMachineUpdater (StateMachineUpdater.java:stopAndJoin(125)) - bee6418c-0727-467f-b823-1d4bd6a18942@group-0FD3F1957632-StateMachineUpdater: set stopIndex = 2
2019-09-24 02:28:58,856 [main] INFO  impl.StateMachineUpdater (StateMachineUpdater.java:stopAndJoin(125)) - 7a524267-bdf9-4b04-89b1-b4711f57f83c@group-0FD3F1957632-StateMachineUpdater: set stopIndex = 2
2019-09-24 02:28:58,857 [grpc-default-executor-5] INFO  server.GrpcServerProtocolService (GrpcServerProtocolService.java:onCompleted(113)) - bee6418c-0727-467f-b823-1d4bd6a18942: Completed APPEND_ENTRIES, lastRequest: 7a524267-bdf9-4b04-89b1-b4711f57f83c->bee6418c-0727-467f-b823-1d4bd6a18942#9-t2, previous=(t:2, i:2), leaderCommit=2, initializing? false, entries: <empty>
2019-09-24 02:28:58,857 [ForkJoinPool.commonPool-worker-0] INFO  impl.RaftServerImpl (ServerState.java:close(385)) - bee6418c-0727-467f-b823-1d4bd6a18942@group-0FD3F1957632: closes. applyIndex: 2
2019-09-24 02:28:58,857 [main] INFO  impl.RaftServerImpl (ServerState.java:close(385)) - 7a524267-bdf9-4b04-89b1-b4711f57f83c@group-0FD3F1957632: closes. applyIndex: 2
2019-09-24 02:28:58,858 [bee6418c-0727-467f-b823-1d4bd6a18942@group-0FD3F1957632-SegmentedRaftLogWorker] INFO  segmented.SegmentedRaftLogWorker (SegmentedRaftLogWorker.java:run(313)) - bee6418c-0727-467f-b823-1d4bd6a18942@group-0FD3F1957632-SegmentedRaftLogWorker was interrupted, exiting. There are 0 tasks remaining in the queue.
2019-09-24 02:28:58,858 [7a524267-bdf9-4b04-89b1-b4711f57f83c@group-0FD3F1957632-SegmentedRaftLogWorker] INFO  segmented.SegmentedRaftLogWorker (SegmentedRaftLogWorker.java:run(313)) - 7a524267-bdf9-4b04-89b1-b4711f57f83c@group-0FD3F1957632-SegmentedRaftLogWorker was interrupted, exiting. There are 0 tasks remaining in the queue.
2019-09-24 02:28:58,858 [grpc-default-executor-5] INFO  server.GrpcLogAppender (GrpcLogAppender.java:onCompleted(293)) - 7a524267-bdf9-4b04-89b1-b4711f57f83c@group-0FD3F1957632->bee6418c-0727-467f-b823-1d4bd6a18942-AppendLogResponseHandler: follower responses appendEntries COMPLETED
2019-09-24 02:28:58,862 [main] INFO  segmented.SegmentedRaftLogWorker (SegmentedRaftLogWorker.java:close(228)) - 7a524267-bdf9-4b04-89b1-b4711f57f83c@group-0FD3F1957632-SegmentedRaftLogWorker close()
2019-09-24 02:28:58,860 [ForkJoinPool.commonPool-worker-0] INFO  segmented.SegmentedRaftLogWorker (SegmentedRaftLogWorker.java:close(228)) - bee6418c-0727-467f-b823-1d4bd6a18942@group-0FD3F1957632-SegmentedRaftLogWorker close()
2019-09-24 02:28:58,866 [main] INFO  server.GrpcService (GrpcService.java:closeImpl(164)) - 7a524267-bdf9-4b04-89b1-b4711f57f83c: shutdown server with port 33766 now
2019-09-24 02:28:58,862 [grpc-default-executor-5] INFO  impl.FollowerInfo (FollowerInfo.java:lambda$new$0(51)) - 7a524267-bdf9-4b04-89b1-b4711f57f83c@group-0FD3F1957632->bee6418c-0727-467f-b823-1d4bd6a18942: nextIndex: updateUnconditionally 3 -> 2
2019-09-24 02:28:58,870 [ForkJoinPool.commonPool-worker-0] INFO  server.GrpcService (GrpcService.java:closeImpl(164)) - bee6418c-0727-467f-b823-1d4bd6a18942: shutdown server with port 38836 now
2019-09-24 02:28:58,870 [main] INFO  server.GrpcService (GrpcService.java:closeImpl(172)) - 7a524267-bdf9-4b04-89b1-b4711f57f83c: shutdown server with port 33766 successfully
2019-09-24 02:28:58,870 [ForkJoinPool.commonPool-worker-0] INFO  server.GrpcService (GrpcService.java:closeImpl(172)) - bee6418c-0727-467f-b823-1d4bd6a18942: shutdown server with port 38836 successfully
2019-09-24 02:28:58,872 [refreshUsed-/workdir/hadoop-ozone/integration-test/target/test-dir/MiniOzoneClusterImpl-7938e232-3eaf-47c6-84ae-b0e11761d891/datanode-6/data/containers] WARN  fs.CachingGetSpaceUsed (CachingGetSpaceUsed.java:run(183)) - Thread Interrupted waiting to refresh disk information: sleep interrupted
2019-09-24 02:28:58,873 [refreshUsed-/workdir/hadoop-ozone/integration-test/target/test-dir/MiniOzoneClusterImpl-7938e232-3eaf-47c6-84ae-b0e11761d891/datanode-3/data/containers] WARN  fs.CachingGetSpaceUsed (CachingGetSpaceUsed.java:run(183)) - Thread Interrupted waiting to refresh disk information: sleep interrupted
2019-09-24 02:28:58,888 [ForkJoinPool.commonPool-worker-0] INFO  utils.BackgroundService (BackgroundService.java:shutdown(148)) - Shutting down service BlockDeletingService
2019-09-24 02:28:58,893 [ForkJoinPool.commonPool-worker-0] INFO  statemachine.DatanodeStateMachine (DatanodeStateMachine.java:stopDaemon(395)) - Ozone container server stopped.
2019-09-24 02:28:58,898 [main] INFO  utils.BackgroundService (BackgroundService.java:shutdown(148)) - Shutting down service BlockDeletingService
2019-09-24 02:28:58,902 [main] INFO  statemachine.DatanodeStateMachine (DatanodeStateMachine.java:stopDaemon(395)) - Ozone container server stopped.
2019-09-24 02:28:58,910 [ForkJoinPool.commonPool-worker-0] INFO  handler.ContextHandler (ContextHandler.java:doStop(910)) - Stopped o.e.j.w.WebAppContext@ac91282{/,null,UNAVAILABLE}{/hddsDatanode}
2019-09-24 02:28:58,910 [main] INFO  handler.ContextHandler (ContextHandler.java:doStop(910)) - Stopped o.e.j.w.WebAppContext@5ae15{/,null,UNAVAILABLE}{/hddsDatanode}
2019-09-24 02:28:58,911 [ForkJoinPool.commonPool-worker-0] INFO  server.AbstractConnector (AbstractConnector.java:doStop(318)) - Stopped ServerConnector@7f79edee{HTTP/1.1,[http/1.1]}{0.0.0.0:0}
2019-09-24 02:28:58,911 [main] INFO  server.AbstractConnector (AbstractConnector.java:doStop(318)) - Stopped ServerConnector@577536e0{HTTP/1.1,[http/1.1]}{0.0.0.0:0}
2019-09-24 02:28:58,913 [ForkJoinPool.commonPool-worker-0] INFO  handler.ContextHandler (ContextHandler.java:doStop(910)) - Stopped o.e.j.s.ServletContextHandler@535a518c{/static,jar:file:/home/user/.m2/repository/org/apache/hadoop/hadoop-hdds-container-service/0.5.0-SNAPSHOT/hadoop-hdds-container-service-0.5.0-SNAPSHOT.jar!/webapps/static,UNAVAILABLE}
2019-09-24 02:28:58,913 [main] INFO  handler.ContextHandler (ContextHandler.java:doStop(910)) - Stopped o.e.j.s.ServletContextHandler@19489b27{/static,jar:file:/home/user/.m2/repository/org/apache/hadoop/hadoop-hdds-container-service/0.5.0-SNAPSHOT/hadoop-hdds-container-service-0.5.0-SNAPSHOT.jar!/webapps/static,UNAVAILABLE}
2019-09-24 02:28:58,914 [ForkJoinPool.commonPool-worker-0] INFO  handler.ContextHandler (ContextHandler.java:doStop(910)) - Stopped o.e.j.s.ServletContextHandler@1ca3d25b{/logs,file:///workdir/hadoop-ozone/integration-test/target/log,UNAVAILABLE}
2019-09-24 02:28:58,915 [main] INFO  handler.ContextHandler (ContextHandler.java:doStop(910)) - Stopped o.e.j.s.ServletContextHandler@4d705112{/logs,file:///workdir/hadoop-ozone/integration-test/target/log,UNAVAILABLE}
2019-09-24 02:28:59,125 [grpc-default-executor-5] WARN  server.GrpcLogAppender (LogUtils.java:warn(134)) - b3222389-c6d4-4a0f-8f23-1c6658166195@group-F6E997B618AC->03fe0df8-8acd-4b48-98b8-ff80530cf21f-AppendLogResponseHandler: Failed appendEntries: org.apache.ratis.thirdparty.io.grpc.StatusRuntimeException: UNAVAILABLE: io exception
2019-09-24 02:28:59,125 [grpc-default-executor-5] INFO  impl.FollowerInfo (FollowerInfo.java:lambda$new$0(51)) - b3222389-c6d4-4a0f-8f23-1c6658166195@group-F6E997B618AC->03fe0df8-8acd-4b48-98b8-ff80530cf21f: nextIndex: updateUnconditionally 0 -> 0
2019-09-24 02:28:59,210 [Datanode State Machine Thread - 0] INFO  statemachine.DatanodeStateMachine (DatanodeStateMachine.java:lambda$startDaemon$0(350)) - Ozone container server started.
2019-09-24 02:28:59,398 [Datanode State Machine Thread - 0] INFO  statemachine.DatanodeStateMachine (DatanodeStateMachine.java:lambda$startDaemon$0(350)) - Ozone container server started.
2019-09-24 02:28:59,626 [grpc-default-executor-3] WARN  server.GrpcLogAppender (LogUtils.java:warn(134)) - b3222389-c6d4-4a0f-8f23-1c6658166195@group-F6E997B618AC->03fe0df8-8acd-4b48-98b8-ff80530cf21f-AppendLogResponseHandler: Failed appendEntries: org.apache.ratis.thirdparty.io.grpc.StatusRuntimeException: UNAVAILABLE: io exception
2019-09-24 02:28:59,626 [grpc-default-executor-3] INFO  impl.FollowerInfo (FollowerInfo.java:lambda$new$0(51)) - b3222389-c6d4-4a0f-8f23-1c6658166195@group-F6E997B618AC->03fe0df8-8acd-4b48-98b8-ff80530cf21f: nextIndex: updateUnconditionally 0 -> 0
2019-09-24 02:29:00,126 [grpc-default-executor-5] WARN  server.GrpcLogAppender (LogUtils.java:warn(134)) - b3222389-c6d4-4a0f-8f23-1c6658166195@group-F6E997B618AC->03fe0df8-8acd-4b48-98b8-ff80530cf21f-AppendLogResponseHandler: Failed appendEntries: org.apache.ratis.thirdparty.io.grpc.StatusRuntimeException: UNAVAILABLE: io exception
2019-09-24 02:29:00,127 [grpc-default-executor-5] INFO  impl.FollowerInfo (FollowerInfo.java:lambda$new$0(51)) - b3222389-c6d4-4a0f-8f23-1c6658166195@group-F6E997B618AC->03fe0df8-8acd-4b48-98b8-ff80530cf21f: nextIndex: updateUnconditionally 0 -> 0
2019-09-24 02:29:00,627 [grpc-default-executor-3] WARN  server.GrpcLogAppender (LogUtils.java:warn(134)) - b3222389-c6d4-4a0f-8f23-1c6658166195@group-F6E997B618AC->03fe0df8-8acd-4b48-98b8-ff80530cf21f-AppendLogResponseHandler: Failed appendEntries: org.apache.ratis.thirdparty.io.grpc.StatusRuntimeException: UNAVAILABLE: io exception
2019-09-24 02:29:00,628 [grpc-default-executor-3] INFO  impl.FollowerInfo (FollowerInfo.java:lambda$new$0(51)) - b3222389-c6d4-4a0f-8f23-1c6658166195@group-F6E997B618AC->03fe0df8-8acd-4b48-98b8-ff80530cf21f: nextIndex: updateUnconditionally 0 -> 0
2019-09-24 02:29:01,128 [grpc-default-executor-4] WARN  server.GrpcLogAppender (LogUtils.java:warn(134)) - b3222389-c6d4-4a0f-8f23-1c6658166195@group-F6E997B618AC->03fe0df8-8acd-4b48-98b8-ff80530cf21f-AppendLogResponseHandler: Failed appendEntries: org.apache.ratis.thirdparty.io.grpc.StatusRuntimeException: UNAVAILABLE: io exception
2019-09-24 02:29:01,129 [grpc-default-executor-4] INFO  impl.FollowerInfo (FollowerInfo.java:lambda$new$0(51)) - b3222389-c6d4-4a0f-8f23-1c6658166195@group-F6E997B618AC->03fe0df8-8acd-4b48-98b8-ff80530cf21f: nextIndex: updateUnconditionally 0 -> 0
2019-09-24 02:29:01,630 [grpc-default-executor-4] WARN  server.GrpcLogAppender (LogUtils.java:warn(134)) - b3222389-c6d4-4a0f-8f23-1c6658166195@group-F6E997B618AC->03fe0df8-8acd-4b48-98b8-ff80530cf21f-AppendLogResponseHandler: Failed appendEntries: org.apache.ratis.thirdparty.io.grpc.StatusRuntimeException: UNAVAILABLE: io exception
2019-09-24 02:29:01,630 [grpc-default-executor-4] INFO  impl.FollowerInfo (FollowerInfo.java:lambda$new$0(51)) - b3222389-c6d4-4a0f-8f23-1c6658166195@group-F6E997B618AC->03fe0df8-8acd-4b48-98b8-ff80530cf21f: nextIndex: updateUnconditionally 0 -> 0
2019-09-24 02:29:02,130 [grpc-default-executor-4] WARN  server.GrpcLogAppender (LogUtils.java:warn(134)) - b3222389-c6d4-4a0f-8f23-1c6658166195@group-F6E997B618AC->03fe0df8-8acd-4b48-98b8-ff80530cf21f-AppendLogResponseHandler: Failed appendEntries: org.apache.ratis.thirdparty.io.grpc.StatusRuntimeException: UNAVAILABLE: io exception
2019-09-24 02:29:02,130 [grpc-default-executor-4] INFO  impl.FollowerInfo (FollowerInfo.java:lambda$new$0(51)) - b3222389-c6d4-4a0f-8f23-1c6658166195@group-F6E997B618AC->03fe0df8-8acd-4b48-98b8-ff80530cf21f: nextIndex: updateUnconditionally 0 -> 0
2019-09-24 02:29:02,630 [grpc-default-executor-5] WARN  server.GrpcLogAppender (LogUtils.java:warn(134)) - b3222389-c6d4-4a0f-8f23-1c6658166195@group-F6E997B618AC->03fe0df8-8acd-4b48-98b8-ff80530cf21f-AppendLogResponseHandler: Failed appendEntries: org.apache.ratis.thirdparty.io.grpc.StatusRuntimeException: UNAVAILABLE: io exception
2019-09-24 02:29:02,631 [grpc-default-executor-5] INFO  impl.FollowerInfo (FollowerInfo.java:lambda$new$0(51)) - b3222389-c6d4-4a0f-8f23-1c6658166195@group-F6E997B618AC->03fe0df8-8acd-4b48-98b8-ff80530cf21f: nextIndex: updateUnconditionally 0 -> 0
2019-09-24 02:29:03,131 [grpc-default-executor-4] WARN  server.GrpcLogAppender (LogUtils.java:warn(134)) - b3222389-c6d4-4a0f-8f23-1c6658166195@group-F6E997B618AC->03fe0df8-8acd-4b48-98b8-ff80530cf21f-AppendLogResponseHandler: Failed appendEntries: org.apache.ratis.thirdparty.io.grpc.StatusRuntimeException: UNAVAILABLE: io exception
2019-09-24 02:29:03,131 [grpc-default-executor-4] INFO  impl.FollowerInfo (FollowerInfo.java:lambda$new$0(51)) - b3222389-c6d4-4a0f-8f23-1c6658166195@group-F6E997B618AC->03fe0df8-8acd-4b48-98b8-ff80530cf21f: nextIndex: updateUnconditionally 0 -> 0
2019-09-24 02:29:03,632 [grpc-default-executor-3] WARN  server.GrpcLogAppender (LogUtils.java:warn(134)) - b3222389-c6d4-4a0f-8f23-1c6658166195@group-F6E997B618AC->03fe0df8-8acd-4b48-98b8-ff80530cf21f-AppendLogResponseHandler: Failed appendEntries: org.apache.ratis.thirdparty.io.grpc.StatusRuntimeException: UNAVAILABLE: io exception
2019-09-24 02:29:03,633 [grpc-default-executor-3] INFO  impl.FollowerInfo (FollowerInfo.java:lambda$new$0(51)) - b3222389-c6d4-4a0f-8f23-1c6658166195@group-F6E997B618AC->03fe0df8-8acd-4b48-98b8-ff80530cf21f: nextIndex: updateUnconditionally 0 -> 0
2019-09-24 02:29:03,917 [main] INFO  ozoneimpl.OzoneContainer (OzoneContainer.java:stop(231)) - Attempting to stop container services.
2019-09-24 02:29:03,917 [ForkJoinPool.commonPool-worker-0] INFO  ozoneimpl.OzoneContainer (OzoneContainer.java:stop(231)) - Attempting to stop container services.
2019-09-24 02:29:03,918 [main] INFO  impl.RaftServerProxy (RaftServerProxy.java:lambda$close$4(314)) - da42697a-0d77-415b-812b-51cfdf9a7055: close
2019-09-24 02:29:03,918 [ForkJoinPool.commonPool-worker-0] INFO  impl.RaftServerProxy (RaftServerProxy.java:lambda$close$4(314)) - 88c7199a-3ab1-4d00-b74d-de8853add08b: close
2019-09-24 02:29:03,918 [main] INFO  impl.RaftServerImpl (RaftServerImpl.java:lambda$shutdown$3(251)) - da42697a-0d77-415b-812b-51cfdf9a7055@group-A4B08C4637EB: shutdown
2019-09-24 02:29:03,919 [ForkJoinPool.commonPool-worker-0] INFO  impl.RaftServerImpl (RaftServerImpl.java:lambda$shutdown$3(251)) - 88c7199a-3ab1-4d00-b74d-de8853add08b@group-2D0BC9F18600: shutdown
2019-09-24 02:29:03,919 [main] INFO  util.JmxRegister (JmxRegister.java:unregister(73)) - Successfully un-registered JMX Bean with object name Ratis:service=RaftServer,group=group-A4B08C4637EB,id=da42697a-0d77-415b-812b-51cfdf9a7055
2019-09-24 02:29:03,919 [ForkJoinPool.commonPool-worker-0] INFO  util.JmxRegister (JmxRegister.java:unregister(73)) - Successfully un-registered JMX Bean with object name Ratis:service=RaftServer,group=group-2D0BC9F18600,id=88c7199a-3ab1-4d00-b74d-de8853add08b
2019-09-24 02:29:03,920 [main] INFO  impl.RoleInfo (RoleInfo.java:shutdownFollowerState(121)) - da42697a-0d77-415b-812b-51cfdf9a7055: shutdown FollowerState
2019-09-24 02:29:03,920 [ForkJoinPool.commonPool-worker-0] INFO  impl.RoleInfo (RoleInfo.java:shutdownLeaderState(104)) - 88c7199a-3ab1-4d00-b74d-de8853add08b: shutdown LeaderState
2019-09-24 02:29:03,921 [Thread-4277] INFO  impl.FollowerState (FollowerState.java:run(115)) - da42697a-0d77-415b-812b-51cfdf9a7055: FollowerState was interrupted: java.lang.InterruptedException: sleep interrupted
2019-09-24 02:29:03,921 [main] INFO  impl.StateMachineUpdater (StateMachineUpdater.java:stopAndJoin(125)) - da42697a-0d77-415b-812b-51cfdf9a7055@group-A4B08C4637EB-StateMachineUpdater: set stopIndex = 0
2019-09-24 02:29:03,922 [main] INFO  impl.RaftServerImpl (ServerState.java:close(385)) - da42697a-0d77-415b-812b-51cfdf9a7055@group-A4B08C4637EB: closes. applyIndex: 0
2019-09-24 02:29:03,921 [ForkJoinPool.commonPool-worker-0] INFO  impl.PendingRequests (PendingRequests.java:sendNotLeaderResponses(202)) - 88c7199a-3ab1-4d00-b74d-de8853add08b-PendingRequests: sendNotLeaderResponses
2019-09-24 02:29:03,922 [da42697a-0d77-415b-812b-51cfdf9a7055@group-A4B08C4637EB-SegmentedRaftLogWorker] INFO  segmented.SegmentedRaftLogWorker (SegmentedRaftLogWorker.java:run(313)) - da42697a-0d77-415b-812b-51cfdf9a7055@group-A4B08C4637EB-SegmentedRaftLogWorker was interrupted, exiting. There are 0 tasks remaining in the queue.
2019-09-24 02:29:03,923 [ForkJoinPool.commonPool-worker-0] INFO  impl.StateMachineUpdater (StateMachineUpdater.java:stopAndJoin(125)) - 88c7199a-3ab1-4d00-b74d-de8853add08b@group-2D0BC9F18600-StateMachineUpdater: set stopIndex = 0
2019-09-24 02:29:03,925 [main] INFO  segmented.SegmentedRaftLogWorker (SegmentedRaftLogWorker.java:close(228)) - da42697a-0d77-415b-812b-51cfdf9a7055@group-A4B08C4637EB-SegmentedRaftLogWorker close()
2019-09-24 02:29:03,925 [ForkJoinPool.commonPool-worker-0] INFO  impl.RaftServerImpl (ServerState.java:close(385)) - 88c7199a-3ab1-4d00-b74d-de8853add08b@group-2D0BC9F18600: closes. applyIndex: 0
2019-09-24 02:29:03,930 [main] INFO  impl.RaftServerImpl (RaftServerImpl.java:lambda$shutdown$3(251)) - da42697a-0d77-415b-812b-51cfdf9a7055@group-F94EB3458722: shutdown
2019-09-24 02:29:03,931 [88c7199a-3ab1-4d00-b74d-de8853add08b@group-2D0BC9F18600-SegmentedRaftLogWorker] INFO  segmented.SegmentedRaftLogWorker (SegmentedRaftLogWorker.java:run(313)) - 88c7199a-3ab1-4d00-b74d-de8853add08b@group-2D0BC9F18600-SegmentedRaftLogWorker was interrupted, exiting. There are 0 tasks remaining in the queue.
2019-09-24 02:29:03,931 [main] INFO  util.JmxRegister (JmxRegister.java:unregister(73)) - Successfully un-registered JMX Bean with object name Ratis:service=RaftServer,group=group-F94EB3458722,id=da42697a-0d77-415b-812b-51cfdf9a7055
2019-09-24 02:29:03,934 [ForkJoinPool.commonPool-worker-0] INFO  segmented.SegmentedRaftLogWorker (SegmentedRaftLogWorker.java:close(228)) - 88c7199a-3ab1-4d00-b74d-de8853add08b@group-2D0BC9F18600-SegmentedRaftLogWorker close()
2019-09-24 02:29:03,934 [main] INFO  impl.RoleInfo (RoleInfo.java:shutdownLeaderState(104)) - da42697a-0d77-415b-812b-51cfdf9a7055: shutdown LeaderState
2019-09-24 02:29:03,949 [ForkJoinPool.commonPool-worker-0] INFO  impl.RaftServerImpl (RaftServerImpl.java:lambda$shutdown$3(251)) - 88c7199a-3ab1-4d00-b74d-de8853add08b@group-A4B08C4637EB: shutdown
2019-09-24 02:29:03,950 [main] INFO  impl.PendingRequests (PendingRequests.java:sendNotLeaderResponses(202)) - da42697a-0d77-415b-812b-51cfdf9a7055-PendingRequests: sendNotLeaderResponses
2019-09-24 02:29:03,950 [ForkJoinPool.commonPool-worker-0] INFO  util.JmxRegister (JmxRegister.java:unregister(73)) - Successfully un-registered JMX Bean with object name Ratis:service=RaftServer,group=group-A4B08C4637EB,id=88c7199a-3ab1-4d00-b74d-de8853add08b
2019-09-24 02:29:03,950 [main] INFO  impl.StateMachineUpdater (StateMachineUpdater.java:stopAndJoin(125)) - da42697a-0d77-415b-812b-51cfdf9a7055@group-F94EB3458722-StateMachineUpdater: set stopIndex = 0
2019-09-24 02:29:03,951 [main] INFO  impl.RaftServerImpl (ServerState.java:close(385)) - da42697a-0d77-415b-812b-51cfdf9a7055@group-F94EB3458722: closes. applyIndex: 0
2019-09-24 02:29:03,951 [ForkJoinPool.commonPool-worker-0] INFO  impl.RoleInfo (RoleInfo.java:shutdownFollowerState(121)) - 88c7199a-3ab1-4d00-b74d-de8853add08b: shutdown FollowerState
2019-09-24 02:29:03,952 [da42697a-0d77-415b-812b-51cfdf9a7055@group-F94EB3458722-SegmentedRaftLogWorker] INFO  segmented.SegmentedRaftLogWorker (SegmentedRaftLogWorker.java:run(313)) - da42697a-0d77-415b-812b-51cfdf9a7055@group-F94EB3458722-SegmentedRaftLogWorker was interrupted, exiting. There are 0 tasks remaining in the queue.
2019-09-24 02:29:03,952 [ForkJoinPool.commonPool-worker-0] INFO  impl.StateMachineUpdater (StateMachineUpdater.java:stopAndJoin(125)) - 88c7199a-3ab1-4d00-b74d-de8853add08b@group-A4B08C4637EB-StateMachineUpdater: set stopIndex = 0
2019-09-24 02:29:03,952 [main] INFO  segmented.SegmentedRaftLogWorker (SegmentedRaftLogWorker.java:close(228)) - da42697a-0d77-415b-812b-51cfdf9a7055@group-F94EB3458722-SegmentedRaftLogWorker close()
2019-09-24 02:29:03,952 [Thread-4275] INFO  impl.FollowerState (FollowerState.java:run(115)) - 88c7199a-3ab1-4d00-b74d-de8853add08b: FollowerState was interrupted: java.lang.InterruptedException: sleep interrupted
2019-09-24 02:29:03,953 [ForkJoinPool.commonPool-worker-0] INFO  impl.RaftServerImpl (ServerState.java:close(385)) - 88c7199a-3ab1-4d00-b74d-de8853add08b@group-A4B08C4637EB: closes. applyIndex: 0
2019-09-24 02:29:03,955 [main] INFO  server.GrpcService (GrpcService.java:closeImpl(164)) - da42697a-0d77-415b-812b-51cfdf9a7055: shutdown server with port 40285 now
2019-09-24 02:29:03,956 [88c7199a-3ab1-4d00-b74d-de8853add08b@group-A4B08C4637EB-SegmentedRaftLogWorker] INFO  segmented.SegmentedRaftLogWorker (SegmentedRaftLogWorker.java:run(313)) - 88c7199a-3ab1-4d00-b74d-de8853add08b@group-A4B08C4637EB-SegmentedRaftLogWorker was interrupted, exiting. There are 0 tasks remaining in the queue.
2019-09-24 02:29:03,956 [ForkJoinPool.commonPool-worker-0] INFO  segmented.SegmentedRaftLogWorker (SegmentedRaftLogWorker.java:close(228)) - 88c7199a-3ab1-4d00-b74d-de8853add08b@group-A4B08C4637EB-SegmentedRaftLogWorker close()
2019-09-24 02:29:03,957 [grpc-default-executor-3] WARN  server.GrpcServerProtocolService (LogUtils.java:warn(134)) - da42697a-0d77-415b-812b-51cfdf9a7055: installSnapshot onError, lastRequest: c1f213cf-52f9-46af-9dd6-cbe0bbbf4493->da42697a-0d77-415b-812b-51cfdf9a7055#250-t1, previous=(t:1, i:0), leaderCommit=0, initializing? false, entries: <empty>: org.apache.ratis.thirdparty.io.grpc.StatusRuntimeException: CANCELLED: cancelled before receiving half close
2019-09-24 02:29:03,959 [main] INFO  server.GrpcService (GrpcService.java:closeImpl(172)) - da42697a-0d77-415b-812b-51cfdf9a7055: shutdown server with port 40285 successfully
2019-09-24 02:29:03,959 [ForkJoinPool.commonPool-worker-0] INFO  server.GrpcService (GrpcService.java:closeImpl(164)) - 88c7199a-3ab1-4d00-b74d-de8853add08b: shutdown server with port 46371 now
2019-09-24 02:29:03,960 [grpc-default-executor-4] WARN  server.GrpcLogAppender (LogUtils.java:warn(134)) - c1f213cf-52f9-46af-9dd6-cbe0bbbf4493@group-A4B08C4637EB->da42697a-0d77-415b-812b-51cfdf9a7055-AppendLogResponseHandler: Failed appendEntries: org.apache.ratis.thirdparty.io.grpc.StatusRuntimeException: CANCELLED: HTTP/2 error code: CANCEL
Received Rst Stream
2019-09-24 02:29:03,960 [grpc-default-executor-4] INFO  impl.FollowerInfo (FollowerInfo.java:lambda$new$0(51)) - c1f213cf-52f9-46af-9dd6-cbe0bbbf4493@group-A4B08C4637EB->da42697a-0d77-415b-812b-51cfdf9a7055: nextIndex: updateUnconditionally 1 -> 0
2019-09-24 02:29:03,961 [ForkJoinPool.commonPool-worker-0] INFO  server.GrpcService (GrpcService.java:closeImpl(172)) - 88c7199a-3ab1-4d00-b74d-de8853add08b: shutdown server with port 46371 successfully
2019-09-24 02:29:03,961 [grpc-default-executor-5] WARN  server.GrpcLogAppender (LogUtils.java:warn(134)) - c1f213cf-52f9-46af-9dd6-cbe0bbbf4493@group-A4B08C4637EB->88c7199a-3ab1-4d00-b74d-de8853add08b-AppendLogResponseHandler: Failed appendEntries: org.apache.ratis.thirdparty.io.grpc.StatusRuntimeException: CANCELLED: HTTP/2 error code: CANCEL
Received Rst Stream
2019-09-24 02:29:03,960 [grpc-default-executor-2] WARN  server.GrpcServerProtocolService (LogUtils.java:warn(134)) - 88c7199a-3ab1-4d00-b74d-de8853add08b: installSnapshot onError, lastRequest: c1f213cf-52f9-46af-9dd6-cbe0bbbf4493->88c7199a-3ab1-4d00-b74d-de8853add08b#250-t1, previous=(t:1, i:0), leaderCommit=0, initializing? false, entries: <empty>: org.apache.ratis.thirdparty.io.grpc.StatusRuntimeException: CANCELLED: cancelled before receiving half close
2019-09-24 02:29:03,961 [grpc-default-executor-5] INFO  impl.FollowerInfo (FollowerInfo.java:lambda$new$0(51)) - c1f213cf-52f9-46af-9dd6-cbe0bbbf4493@group-A4B08C4637EB->88c7199a-3ab1-4d00-b74d-de8853add08b: nextIndex: updateUnconditionally 1 -> 0
2019-09-24 02:29:03,964 [refreshUsed-/workdir/hadoop-ozone/integration-test/target/test-dir/MiniOzoneClusterImpl-7938e232-3eaf-47c6-84ae-b0e11761d891/datanode-8/data/containers] WARN  fs.CachingGetSpaceUsed (CachingGetSpaceUsed.java:run(183)) - Thread Interrupted waiting to refresh disk information: sleep interrupted
2019-09-24 02:29:03,964 [refreshUsed-/workdir/hadoop-ozone/integration-test/target/test-dir/MiniOzoneClusterImpl-7938e232-3eaf-47c6-84ae-b0e11761d891/datanode-4/data/containers] WARN  fs.CachingGetSpaceUsed (CachingGetSpaceUsed.java:run(183)) - Thread Interrupted waiting to refresh disk information: sleep interrupted
2019-09-24 02:29:03,982 [main] INFO  utils.BackgroundService (BackgroundService.java:shutdown(148)) - Shutting down service BlockDeletingService
2019-09-24 02:29:03,983 [ForkJoinPool.commonPool-worker-0] INFO  utils.BackgroundService (BackgroundService.java:shutdown(148)) - Shutting down service BlockDeletingService
2019-09-24 02:29:03,990 [main] INFO  statemachine.DatanodeStateMachine (DatanodeStateMachine.java:stopDaemon(395)) - Ozone container server stopped.
2019-09-24 02:29:03,992 [ForkJoinPool.commonPool-worker-0] INFO  statemachine.DatanodeStateMachine (DatanodeStateMachine.java:stopDaemon(395)) - Ozone container server stopped.
2019-09-24 02:29:04,006 [main] INFO  handler.ContextHandler (ContextHandler.java:doStop(910)) - Stopped o.e.j.w.WebAppContext@7f73ce28{/,null,UNAVAILABLE}{/hddsDatanode}
2019-09-24 02:29:04,008 [ForkJoinPool.commonPool-worker-0] INFO  handler.ContextHandler (ContextHandler.java:doStop(910)) - Stopped o.e.j.w.WebAppContext@337a6d30{/,null,UNAVAILABLE}{/hddsDatanode}
2019-09-24 02:29:04,009 [main] INFO  server.AbstractConnector (AbstractConnector.java:doStop(318)) - Stopped ServerConnector@611b35d6{HTTP/1.1,[http/1.1]}{0.0.0.0:0}
2019-09-24 02:29:04,009 [ForkJoinPool.commonPool-worker-0] INFO  server.AbstractConnector (AbstractConnector.java:doStop(318)) - Stopped ServerConnector@2921a36a{HTTP/1.1,[http/1.1]}{0.0.0.0:0}
2019-09-24 02:29:04,009 [main] INFO  handler.ContextHandler (ContextHandler.java:doStop(910)) - Stopped o.e.j.s.ServletContextHandler@7ecda95b{/static,jar:file:/home/user/.m2/repository/org/apache/hadoop/hadoop-hdds-container-service/0.5.0-SNAPSHOT/hadoop-hdds-container-service-0.5.0-SNAPSHOT.jar!/webapps/static,UNAVAILABLE}
2019-09-24 02:29:04,011 [ForkJoinPool.commonPool-worker-0] INFO  handler.ContextHandler (ContextHandler.java:doStop(910)) - Stopped o.e.j.s.ServletContextHandler@66f5a02e{/static,jar:file:/home/user/.m2/repository/org/apache/hadoop/hadoop-hdds-container-service/0.5.0-SNAPSHOT/hadoop-hdds-container-service-0.5.0-SNAPSHOT.jar!/webapps/static,UNAVAILABLE}
2019-09-24 02:29:04,011 [main] INFO  handler.ContextHandler (ContextHandler.java:doStop(910)) - Stopped o.e.j.s.ServletContextHandler@519c6fcc{/logs,file:///workdir/hadoop-ozone/integration-test/target/log,UNAVAILABLE}
2019-09-24 02:29:04,013 [ForkJoinPool.commonPool-worker-0] INFO  handler.ContextHandler (ContextHandler.java:doStop(910)) - Stopped o.e.j.s.ServletContextHandler@3730f716{/logs,file:///workdir/hadoop-ozone/integration-test/target/log,UNAVAILABLE}
2019-09-24 02:29:04,096 [Datanode State Machine Thread - 0] INFO  statemachine.DatanodeStateMachine (DatanodeStateMachine.java:lambda$startDaemon$0(350)) - Ozone container server started.
2019-09-24 02:29:04,133 [grpc-default-executor-2] WARN  server.GrpcLogAppender (LogUtils.java:warn(134)) - b3222389-c6d4-4a0f-8f23-1c6658166195@group-F6E997B618AC->03fe0df8-8acd-4b48-98b8-ff80530cf21f-AppendLogResponseHandler: Failed appendEntries: org.apache.ratis.thirdparty.io.grpc.StatusRuntimeException: UNAVAILABLE: io exception
2019-09-24 02:29:04,133 [grpc-default-executor-2] INFO  impl.FollowerInfo (FollowerInfo.java:lambda$new$0(51)) - b3222389-c6d4-4a0f-8f23-1c6658166195@group-F6E997B618AC->03fe0df8-8acd-4b48-98b8-ff80530cf21f: nextIndex: updateUnconditionally 0 -> 0
2019-09-24 02:29:04,230 [grpc-default-executor-5] WARN  server.GrpcLogAppender (LogUtils.java:warn(134)) - c1f213cf-52f9-46af-9dd6-cbe0bbbf4493@group-A4B08C4637EB->88c7199a-3ab1-4d00-b74d-de8853add08b-AppendLogResponseHandler: Failed appendEntries: org.apache.ratis.thirdparty.io.grpc.StatusRuntimeException: UNAVAILABLE: io exception
2019-09-24 02:29:04,230 [grpc-default-executor-6] WARN  server.GrpcLogAppender (LogUtils.java:warn(134)) - c1f213cf-52f9-46af-9dd6-cbe0bbbf4493@group-A4B08C4637EB->da42697a-0d77-415b-812b-51cfdf9a7055-AppendLogResponseHandler: Failed appendEntries: org.apache.ratis.thirdparty.io.grpc.StatusRuntimeException: UNAVAILABLE: io exception
2019-09-24 02:29:04,230 [grpc-default-executor-5] INFO  impl.FollowerInfo (FollowerInfo.java:lambda$new$0(51)) - c1f213cf-52f9-46af-9dd6-cbe0bbbf4493@group-A4B08C4637EB->88c7199a-3ab1-4d00-b74d-de8853add08b: nextIndex: updateUnconditionally 0 -> 0
2019-09-24 02:29:04,231 [grpc-default-executor-6] INFO  impl.FollowerInfo (FollowerInfo.java:lambda$new$0(51)) - c1f213cf-52f9-46af-9dd6-cbe0bbbf4493@group-A4B08C4637EB->da42697a-0d77-415b-812b-51cfdf9a7055: nextIndex: updateUnconditionally 0 -> 0
2019-09-24 02:29:04,443 [Datanode State Machine Thread - 0] INFO  statemachine.DatanodeStateMachine (DatanodeStateMachine.java:lambda$startDaemon$0(350)) - Ozone container server started.
2019-09-24 02:29:04,634 [grpc-default-executor-6] WARN  server.GrpcLogAppender (LogUtils.java:warn(134)) - b3222389-c6d4-4a0f-8f23-1c6658166195@group-F6E997B618AC->03fe0df8-8acd-4b48-98b8-ff80530cf21f-AppendLogResponseHandler: Failed appendEntries: org.apache.ratis.thirdparty.io.grpc.StatusRuntimeException: UNAVAILABLE: io exception
2019-09-24 02:29:04,634 [grpc-default-executor-6] INFO  impl.FollowerInfo (FollowerInfo.java:lambda$new$0(51)) - b3222389-c6d4-4a0f-8f23-1c6658166195@group-F6E997B618AC->03fe0df8-8acd-4b48-98b8-ff80530cf21f: nextIndex: updateUnconditionally 0 -> 0
2019-09-24 02:29:04,730 [grpc-default-executor-5] WARN  server.GrpcLogAppender (LogUtils.java:warn(134)) - c1f213cf-52f9-46af-9dd6-cbe0bbbf4493@group-A4B08C4637EB->da42697a-0d77-415b-812b-51cfdf9a7055-AppendLogResponseHandler: Failed appendEntries: org.apache.ratis.thirdparty.io.grpc.StatusRuntimeException: UNAVAILABLE: io exception
2019-09-24 02:29:04,730 [grpc-default-executor-6] WARN  server.GrpcLogAppender (LogUtils.java:warn(134)) - c1f213cf-52f9-46af-9dd6-cbe0bbbf4493@group-A4B08C4637EB->88c7199a-3ab1-4d00-b74d-de8853add08b-AppendLogResponseHandler: Failed appendEntries: org.apache.ratis.thirdparty.io.grpc.StatusRuntimeException: UNAVAILABLE: io exception
2019-09-24 02:29:04,731 [grpc-default-executor-5] INFO  impl.FollowerInfo (FollowerInfo.java:lambda$new$0(51)) - c1f213cf-52f9-46af-9dd6-cbe0bbbf4493@group-A4B08C4637EB->da42697a-0d77-415b-812b-51cfdf9a7055: nextIndex: updateUnconditionally 0 -> 0
2019-09-24 02:29:04,731 [grpc-default-executor-6] INFO  impl.FollowerInfo (FollowerInfo.java:lambda$new$0(51)) - c1f213cf-52f9-46af-9dd6-cbe0bbbf4493@group-A4B08C4637EB->88c7199a-3ab1-4d00-b74d-de8853add08b: nextIndex: updateUnconditionally 0 -> 0
2019-09-24 02:29:05,134 [grpc-default-executor-6] WARN  server.GrpcLogAppender (LogUtils.java:warn(134)) - b3222389-c6d4-4a0f-8f23-1c6658166195@group-F6E997B618AC->03fe0df8-8acd-4b48-98b8-ff80530cf21f-AppendLogResponseHandler: Failed appendEntries: org.apache.ratis.thirdparty.io.grpc.StatusRuntimeException: UNAVAILABLE: io exception
2019-09-24 02:29:05,135 [grpc-default-executor-6] INFO  impl.FollowerInfo (FollowerInfo.java:lambda$new$0(51)) - b3222389-c6d4-4a0f-8f23-1c6658166195@group-F6E997B618AC->03fe0df8-8acd-4b48-98b8-ff80530cf21f: nextIndex: updateUnconditionally 0 -> 0
2019-09-24 02:29:05,231 [grpc-default-executor-6] WARN  server.GrpcLogAppender (LogUtils.java:warn(134)) - c1f213cf-52f9-46af-9dd6-cbe0bbbf4493@group-A4B08C4637EB->88c7199a-3ab1-4d00-b74d-de8853add08b-AppendLogResponseHandler: Failed appendEntries: org.apache.ratis.thirdparty.io.grpc.StatusRuntimeException: UNAVAILABLE: io exception
2019-09-24 02:29:05,231 [grpc-default-executor-3] WARN  server.GrpcLogAppender (LogUtils.java:warn(134)) - c1f213cf-52f9-46af-9dd6-cbe0bbbf4493@group-A4B08C4637EB->da42697a-0d77-415b-812b-51cfdf9a7055-AppendLogResponseHandler: Failed appendEntries: org.apache.ratis.thirdparty.io.grpc.StatusRuntimeException: UNAVAILABLE: io exception
2019-09-24 02:29:05,231 [grpc-default-executor-6] INFO  impl.FollowerInfo (FollowerInfo.java:lambda$new$0(51)) - c1f213cf-52f9-46af-9dd6-cbe0bbbf4493@group-A4B08C4637EB->88c7199a-3ab1-4d00-b74d-de8853add08b: nextIndex: updateUnconditionally 0 -> 0
2019-09-24 02:29:05,232 [grpc-default-executor-3] INFO  impl.FollowerInfo (FollowerInfo.java:lambda$new$0(51)) - c1f213cf-52f9-46af-9dd6-cbe0bbbf4493@group-A4B08C4637EB->da42697a-0d77-415b-812b-51cfdf9a7055: nextIndex: updateUnconditionally 0 -> 0
2019-09-24 02:29:05,636 [grpc-default-executor-3] WARN  server.GrpcLogAppender (LogUtils.java:warn(134)) - b3222389-c6d4-4a0f-8f23-1c6658166195@group-F6E997B618AC->03fe0df8-8acd-4b48-98b8-ff80530cf21f-AppendLogResponseHandler: Failed appendEntries: org.apache.ratis.thirdparty.io.grpc.StatusRuntimeException: UNAVAILABLE: io exception
2019-09-24 02:29:05,636 [grpc-default-executor-3] INFO  impl.FollowerInfo (FollowerInfo.java:lambda$new$0(51)) - b3222389-c6d4-4a0f-8f23-1c6658166195@group-F6E997B618AC->03fe0df8-8acd-4b48-98b8-ff80530cf21f: nextIndex: updateUnconditionally 0 -> 0
2019-09-24 02:29:05,732 [grpc-default-executor-6] WARN  server.GrpcLogAppender (LogUtils.java:warn(134)) - c1f213cf-52f9-46af-9dd6-cbe0bbbf4493@group-A4B08C4637EB->da42697a-0d77-415b-812b-51cfdf9a7055-AppendLogResponseHandler: Failed appendEntries: org.apache.ratis.thirdparty.io.grpc.StatusRuntimeException: UNAVAILABLE: io exception
2019-09-24 02:29:05,732 [grpc-default-executor-3] WARN  server.GrpcLogAppender (LogUtils.java:warn(134)) - c1f213cf-52f9-46af-9dd6-cbe0bbbf4493@group-A4B08C4637EB->88c7199a-3ab1-4d00-b74d-de8853add08b-AppendLogResponseHandler: Failed appendEntries: org.apache.ratis.thirdparty.io.grpc.StatusRuntimeException: UNAVAILABLE: io exception
2019-09-24 02:29:05,732 [grpc-default-executor-6] INFO  impl.FollowerInfo (FollowerInfo.java:lambda$new$0(51)) - c1f213cf-52f9-46af-9dd6-cbe0bbbf4493@group-A4B08C4637EB->da42697a-0d77-415b-812b-51cfdf9a7055: nextIndex: updateUnconditionally 0 -> 0
2019-09-24 02:29:05,732 [grpc-default-executor-3] INFO  impl.FollowerInfo (FollowerInfo.java:lambda$new$0(51)) - c1f213cf-52f9-46af-9dd6-cbe0bbbf4493@group-A4B08C4637EB->88c7199a-3ab1-4d00-b74d-de8853add08b: nextIndex: updateUnconditionally 0 -> 0
2019-09-24 02:29:06,136 [grpc-default-executor-3] WARN  server.GrpcLogAppender (LogUtils.java:warn(134)) - b3222389-c6d4-4a0f-8f23-1c6658166195@group-F6E997B618AC->03fe0df8-8acd-4b48-98b8-ff80530cf21f-AppendLogResponseHandler: Failed appendEntries: org.apache.ratis.thirdparty.io.grpc.StatusRuntimeException: UNAVAILABLE: io exception
2019-09-24 02:29:06,136 [grpc-default-executor-3] INFO  impl.FollowerInfo (FollowerInfo.java:lambda$new$0(51)) - b3222389-c6d4-4a0f-8f23-1c6658166195@group-F6E997B618AC->03fe0df8-8acd-4b48-98b8-ff80530cf21f: nextIndex: updateUnconditionally 0 -> 0
2019-09-24 02:29:06,233 [grpc-default-executor-3] WARN  server.GrpcLogAppender (LogUtils.java:warn(134)) - c1f213cf-52f9-46af-9dd6-cbe0bbbf4493@group-A4B08C4637EB->da42697a-0d77-415b-812b-51cfdf9a7055-AppendLogResponseHandler: Failed appendEntries: org.apache.ratis.thirdparty.io.grpc.StatusRuntimeException: UNAVAILABLE: io exception
2019-09-24 02:29:06,233 [grpc-default-executor-4] WARN  server.GrpcLogAppender (LogUtils.java:warn(134)) - c1f213cf-52f9-46af-9dd6-cbe0bbbf4493@group-A4B08C4637EB->88c7199a-3ab1-4d00-b74d-de8853add08b-AppendLogResponseHandler: Failed appendEntries: org.apache.ratis.thirdparty.io.grpc.StatusRuntimeException: UNAVAILABLE: io exception
2019-09-24 02:29:06,234 [grpc-default-executor-3] INFO  impl.FollowerInfo (FollowerInfo.java:lambda$new$0(51)) - c1f213cf-52f9-46af-9dd6-cbe0bbbf4493@group-A4B08C4637EB->da42697a-0d77-415b-812b-51cfdf9a7055: nextIndex: updateUnconditionally 0 -> 0
2019-09-24 02:29:06,234 [grpc-default-executor-4] INFO  impl.FollowerInfo (FollowerInfo.java:lambda$new$0(51)) - c1f213cf-52f9-46af-9dd6-cbe0bbbf4493@group-A4B08C4637EB->88c7199a-3ab1-4d00-b74d-de8853add08b: nextIndex: updateUnconditionally 0 -> 0
2019-09-24 02:29:06,637 [grpc-default-executor-2] WARN  server.GrpcLogAppender (LogUtils.java:warn(134)) - b3222389-c6d4-4a0f-8f23-1c6658166195@group-F6E997B618AC->03fe0df8-8acd-4b48-98b8-ff80530cf21f-AppendLogResponseHandler: Failed appendEntries: org.apache.ratis.thirdparty.io.grpc.StatusRuntimeException: UNAVAILABLE: io exception
2019-09-24 02:29:06,637 [grpc-default-executor-2] INFO  impl.FollowerInfo (FollowerInfo.java:lambda$new$0(51)) - b3222389-c6d4-4a0f-8f23-1c6658166195@group-F6E997B618AC->03fe0df8-8acd-4b48-98b8-ff80530cf21f: nextIndex: updateUnconditionally 0 -> 0
2019-09-24 02:29:06,733 [grpc-default-executor-5] WARN  server.GrpcLogAppender (LogUtils.java:warn(134)) - c1f213cf-52f9-46af-9dd6-cbe0bbbf4493@group-A4B08C4637EB->da42697a-0d77-415b-812b-51cfdf9a7055-AppendLogResponseHandler: Failed appendEntries: org.apache.ratis.thirdparty.io.grpc.StatusRuntimeException: UNAVAILABLE: io exception
2019-09-24 02:29:06,733 [grpc-default-executor-6] WARN  server.GrpcLogAppender (LogUtils.java:warn(134)) - c1f213cf-52f9-46af-9dd6-cbe0bbbf4493@group-A4B08C4637EB->88c7199a-3ab1-4d00-b74d-de8853add08b-AppendLogResponseHandler: Failed appendEntries: org.apache.ratis.thirdparty.io.grpc.StatusRuntimeException: UNAVAILABLE: io exception
2019-09-24 02:29:06,733 [grpc-default-executor-5] INFO  impl.FollowerInfo (FollowerInfo.java:lambda$new$0(51)) - c1f213cf-52f9-46af-9dd6-cbe0bbbf4493@group-A4B08C4637EB->da42697a-0d77-415b-812b-51cfdf9a7055: nextIndex: updateUnconditionally 0 -> 0
2019-09-24 02:29:06,734 [grpc-default-executor-6] INFO  impl.FollowerInfo (FollowerInfo.java:lambda$new$0(51)) - c1f213cf-52f9-46af-9dd6-cbe0bbbf4493@group-A4B08C4637EB->88c7199a-3ab1-4d00-b74d-de8853add08b: nextIndex: updateUnconditionally 0 -> 0
2019-09-24 02:29:07,137 [grpc-default-executor-4] WARN  server.GrpcLogAppender (LogUtils.java:warn(134)) - b3222389-c6d4-4a0f-8f23-1c6658166195@group-F6E997B618AC->03fe0df8-8acd-4b48-98b8-ff80530cf21f-AppendLogResponseHandler: Failed appendEntries: org.apache.ratis.thirdparty.io.grpc.StatusRuntimeException: UNAVAILABLE: io exception
2019-09-24 02:29:07,137 [grpc-default-executor-4] INFO  impl.FollowerInfo (FollowerInfo.java:lambda$new$0(51)) - b3222389-c6d4-4a0f-8f23-1c6658166195@group-F6E997B618AC->03fe0df8-8acd-4b48-98b8-ff80530cf21f: nextIndex: updateUnconditionally 0 -> 0
2019-09-24 02:29:07,233 [grpc-default-executor-2] WARN  server.GrpcLogAppender (LogUtils.java:warn(134)) - c1f213cf-52f9-46af-9dd6-cbe0bbbf4493@group-A4B08C4637EB->88c7199a-3ab1-4d00-b74d-de8853add08b-AppendLogResponseHandler: Failed appendEntries: org.apache.ratis.thirdparty.io.grpc.StatusRuntimeException: UNAVAILABLE: io exception
2019-09-24 02:29:07,234 [grpc-default-executor-6] WARN  server.GrpcLogAppender (LogUtils.java:warn(134)) - c1f213cf-52f9-46af-9dd6-cbe0bbbf4493@group-A4B08C4637EB->da42697a-0d77-415b-812b-51cfdf9a7055-AppendLogResponseHandler: Failed appendEntries: org.apache.ratis.thirdparty.io.grpc.StatusRuntimeException: UNAVAILABLE: io exception
2019-09-24 02:29:07,234 [grpc-default-executor-2] INFO  impl.FollowerInfo (FollowerInfo.java:lambda$new$0(51)) - c1f213cf-52f9-46af-9dd6-cbe0bbbf4493@group-A4B08C4637EB->88c7199a-3ab1-4d00-b74d-de8853add08b: nextIndex: updateUnconditionally 0 -> 0
2019-09-24 02:29:07,234 [grpc-default-executor-6] INFO  impl.FollowerInfo (FollowerInfo.java:lambda$new$0(51)) - c1f213cf-52f9-46af-9dd6-cbe0bbbf4493@group-A4B08C4637EB->da42697a-0d77-415b-812b-51cfdf9a7055: nextIndex: updateUnconditionally 0 -> 0
2019-09-24 02:29:07,638 [grpc-default-executor-6] WARN  server.GrpcLogAppender (LogUtils.java:warn(134)) - b3222389-c6d4-4a0f-8f23-1c6658166195@group-F6E997B618AC->03fe0df8-8acd-4b48-98b8-ff80530cf21f-AppendLogResponseHandler: Failed appendEntries: org.apache.ratis.thirdparty.io.grpc.StatusRuntimeException: UNAVAILABLE: io exception
2019-09-24 02:29:07,639 [grpc-default-executor-6] INFO  impl.FollowerInfo (FollowerInfo.java:lambda$new$0(51)) - b3222389-c6d4-4a0f-8f23-1c6658166195@group-F6E997B618AC->03fe0df8-8acd-4b48-98b8-ff80530cf21f: nextIndex: updateUnconditionally 0 -> 0
2019-09-24 02:29:07,734 [grpc-default-executor-6] WARN  server.GrpcLogAppender (LogUtils.java:warn(134)) - c1f213cf-52f9-46af-9dd6-cbe0bbbf4493@group-A4B08C4637EB->88c7199a-3ab1-4d00-b74d-de8853add08b-AppendLogResponseHandler: Failed appendEntries: org.apache.ratis.thirdparty.io.grpc.StatusRuntimeException: UNAVAILABLE: io exception
2019-09-24 02:29:07,734 [grpc-default-executor-3] WARN  server.GrpcLogAppender (LogUtils.java:warn(134)) - c1f213cf-52f9-46af-9dd6-cbe0bbbf4493@group-A4B08C4637EB->da42697a-0d77-415b-812b-51cfdf9a7055-AppendLogResponseHandler: Failed appendEntries: org.apache.ratis.thirdparty.io.grpc.StatusRuntimeException: UNAVAILABLE: io exception
2019-09-24 02:29:07,734 [grpc-default-executor-6] INFO  impl.FollowerInfo (FollowerInfo.java:lambda$new$0(51)) - c1f213cf-52f9-46af-9dd6-cbe0bbbf4493@group-A4B08C4637EB->88c7199a-3ab1-4d00-b74d-de8853add08b: nextIndex: updateUnconditionally 0 -> 0
2019-09-24 02:29:07,735 [grpc-default-executor-3] INFO  impl.FollowerInfo (FollowerInfo.java:lambda$new$0(51)) - c1f213cf-52f9-46af-9dd6-cbe0bbbf4493@group-A4B08C4637EB->da42697a-0d77-415b-812b-51cfdf9a7055: nextIndex: updateUnconditionally 0 -> 0
2019-09-24 02:29:08,138 [grpc-default-executor-3] WARN  server.GrpcLogAppender (LogUtils.java:warn(134)) - b3222389-c6d4-4a0f-8f23-1c6658166195@group-F6E997B618AC->03fe0df8-8acd-4b48-98b8-ff80530cf21f-AppendLogResponseHandler: Failed appendEntries: org.apache.ratis.thirdparty.io.grpc.StatusRuntimeException: UNAVAILABLE: io exception
2019-09-24 02:29:08,139 [grpc-default-executor-3] INFO  impl.FollowerInfo (FollowerInfo.java:lambda$new$0(51)) - b3222389-c6d4-4a0f-8f23-1c6658166195@group-F6E997B618AC->03fe0df8-8acd-4b48-98b8-ff80530cf21f: nextIndex: updateUnconditionally 0 -> 0
2019-09-24 02:29:08,234 [grpc-default-executor-3] WARN  server.GrpcLogAppender (LogUtils.java:warn(134)) - c1f213cf-52f9-46af-9dd6-cbe0bbbf4493@group-A4B08C4637EB->88c7199a-3ab1-4d00-b74d-de8853add08b-AppendLogResponseHandler: Failed appendEntries: org.apache.ratis.thirdparty.io.grpc.StatusRuntimeException: UNAVAILABLE: io exception
2019-09-24 02:29:08,234 [grpc-default-executor-4] WARN  server.GrpcLogAppender (LogUtils.java:warn(134)) - c1f213cf-52f9-46af-9dd6-cbe0bbbf4493@group-A4B08C4637EB->da42697a-0d77-415b-812b-51cfdf9a7055-AppendLogResponseHandler: Failed appendEntries: org.apache.ratis.thirdparty.io.grpc.StatusRuntimeException: UNAVAILABLE: io exception
2019-09-24 02:29:08,235 [grpc-default-executor-3] INFO  impl.FollowerInfo (FollowerInfo.java:lambda$new$0(51)) - c1f213cf-52f9-46af-9dd6-cbe0bbbf4493@group-A4B08C4637EB->88c7199a-3ab1-4d00-b74d-de8853add08b: nextIndex: updateUnconditionally 0 -> 0
2019-09-24 02:29:08,235 [grpc-default-executor-4] INFO  impl.FollowerInfo (FollowerInfo.java:lambda$new$0(51)) - c1f213cf-52f9-46af-9dd6-cbe0bbbf4493@group-A4B08C4637EB->da42697a-0d77-415b-812b-51cfdf9a7055: nextIndex: updateUnconditionally 0 -> 0
2019-09-24 02:29:08,639 [grpc-default-executor-4] WARN  server.GrpcLogAppender (LogUtils.java:warn(134)) - b3222389-c6d4-4a0f-8f23-1c6658166195@group-F6E997B618AC->03fe0df8-8acd-4b48-98b8-ff80530cf21f-AppendLogResponseHandler: Failed appendEntries: org.apache.ratis.thirdparty.io.grpc.StatusRuntimeException: UNAVAILABLE: io exception
2019-09-24 02:29:08,640 [grpc-default-executor-4] INFO  impl.FollowerInfo (FollowerInfo.java:lambda$new$0(51)) - b3222389-c6d4-4a0f-8f23-1c6658166195@group-F6E997B618AC->03fe0df8-8acd-4b48-98b8-ff80530cf21f: nextIndex: updateUnconditionally 0 -> 0
2019-09-24 02:29:08,736 [grpc-default-executor-3] WARN  server.GrpcLogAppender (LogUtils.java:warn(134)) - c1f213cf-52f9-46af-9dd6-cbe0bbbf4493@group-A4B08C4637EB->88c7199a-3ab1-4d00-b74d-de8853add08b-AppendLogResponseHandler: Failed appendEntries: org.apache.ratis.thirdparty.io.grpc.StatusRuntimeException: UNAVAILABLE: io exception
2019-09-24 02:29:08,736 [grpc-default-executor-2] WARN  server.GrpcLogAppender (LogUtils.java:warn(134)) - c1f213cf-52f9-46af-9dd6-cbe0bbbf4493@group-A4B08C4637EB->da42697a-0d77-415b-812b-51cfdf9a7055-AppendLogResponseHandler: Failed appendEntries: org.apache.ratis.thirdparty.io.grpc.StatusRuntimeException: UNAVAILABLE: io exception
2019-09-24 02:29:08,736 [grpc-default-executor-3] INFO  impl.FollowerInfo (FollowerInfo.java:lambda$new$0(51)) - c1f213cf-52f9-46af-9dd6-cbe0bbbf4493@group-A4B08C4637EB->88c7199a-3ab1-4d00-b74d-de8853add08b: nextIndex: updateUnconditionally 0 -> 0
2019-09-24 02:29:08,736 [grpc-default-executor-2] INFO  impl.FollowerInfo (FollowerInfo.java:lambda$new$0(51)) - c1f213cf-52f9-46af-9dd6-cbe0bbbf4493@group-A4B08C4637EB->da42697a-0d77-415b-812b-51cfdf9a7055: nextIndex: updateUnconditionally 0 -> 0
2019-09-24 02:29:09,016 [main] INFO  ozoneimpl.OzoneContainer (OzoneContainer.java:stop(231)) - Attempting to stop container services.
2019-09-24 02:29:09,016 [ForkJoinPool.commonPool-worker-0] INFO  ozoneimpl.OzoneContainer (OzoneContainer.java:stop(231)) - Attempting to stop container services.
2019-09-24 02:29:09,017 [main] INFO  impl.RaftServerProxy (RaftServerProxy.java:lambda$close$4(314)) - 0ea5082d-669c-4012-8d5c-e2723b741e83: close
2019-09-24 02:29:09,017 [ForkJoinPool.commonPool-worker-0] INFO  impl.RaftServerProxy (RaftServerProxy.java:lambda$close$4(314)) - 5c5ece1e-aab0-48bd-af7b-25510fc26a4f: close
2019-09-24 02:29:09,017 [main] INFO  impl.RaftServerImpl (RaftServerImpl.java:lambda$shutdown$3(251)) - 0ea5082d-669c-4012-8d5c-e2723b741e83@group-E1AAFD066F11: shutdown
2019-09-24 02:29:09,018 [ForkJoinPool.commonPool-worker-0] INFO  impl.RaftServerImpl (RaftServerImpl.java:lambda$shutdown$3(251)) - 5c5ece1e-aab0-48bd-af7b-25510fc26a4f@group-F6E997B618AC: shutdown
2019-09-24 02:29:09,018 [main] INFO  util.JmxRegister (JmxRegister.java:unregister(73)) - Successfully un-registered JMX Bean with object name Ratis:service=RaftServer,group=group-E1AAFD066F11,id=0ea5082d-669c-4012-8d5c-e2723b741e83
2019-09-24 02:29:09,019 [ForkJoinPool.commonPool-worker-0] INFO  util.JmxRegister (JmxRegister.java:unregister(73)) - Successfully un-registered JMX Bean with object name Ratis:service=RaftServer,group=group-F6E997B618AC,id=5c5ece1e-aab0-48bd-af7b-25510fc26a4f
2019-09-24 02:29:09,019 [ForkJoinPool.commonPool-worker-0] INFO  impl.RoleInfo (RoleInfo.java:shutdownFollowerState(121)) - 5c5ece1e-aab0-48bd-af7b-25510fc26a4f: shutdown FollowerState
2019-09-24 02:29:09,019 [main] INFO  impl.RoleInfo (RoleInfo.java:shutdownLeaderState(104)) - 0ea5082d-669c-4012-8d5c-e2723b741e83: shutdown LeaderState
2019-09-24 02:29:09,020 [Thread-4226] INFO  impl.FollowerState (FollowerState.java:run(115)) - 5c5ece1e-aab0-48bd-af7b-25510fc26a4f: FollowerState was interrupted: java.lang.InterruptedException: sleep interrupted
2019-09-24 02:29:09,020 [ForkJoinPool.commonPool-worker-0] INFO  impl.StateMachineUpdater (StateMachineUpdater.java:stopAndJoin(125)) - 5c5ece1e-aab0-48bd-af7b-25510fc26a4f@group-F6E997B618AC-StateMachineUpdater: set stopIndex = 0
2019-09-24 02:29:09,021 [ForkJoinPool.commonPool-worker-0] INFO  impl.RaftServerImpl (ServerState.java:close(385)) - 5c5ece1e-aab0-48bd-af7b-25510fc26a4f@group-F6E997B618AC: closes. applyIndex: 0
2019-09-24 02:29:09,020 [main] INFO  impl.PendingRequests (PendingRequests.java:sendNotLeaderResponses(202)) - 0ea5082d-669c-4012-8d5c-e2723b741e83-PendingRequests: sendNotLeaderResponses
2019-09-24 02:29:09,021 [5c5ece1e-aab0-48bd-af7b-25510fc26a4f@group-F6E997B618AC-SegmentedRaftLogWorker] INFO  segmented.SegmentedRaftLogWorker (SegmentedRaftLogWorker.java:run(313)) - 5c5ece1e-aab0-48bd-af7b-25510fc26a4f@group-F6E997B618AC-SegmentedRaftLogWorker was interrupted, exiting. There are 0 tasks remaining in the queue.
2019-09-24 02:29:09,021 [main] INFO  impl.StateMachineUpdater (StateMachineUpdater.java:stopAndJoin(125)) - 0ea5082d-669c-4012-8d5c-e2723b741e83@group-E1AAFD066F11-StateMachineUpdater: set stopIndex = 0
2019-09-24 02:29:09,022 [ForkJoinPool.commonPool-worker-0] INFO  segmented.SegmentedRaftLogWorker (SegmentedRaftLogWorker.java:close(228)) - 5c5ece1e-aab0-48bd-af7b-25510fc26a4f@group-F6E997B618AC-SegmentedRaftLogWorker close()
2019-09-24 02:29:09,022 [main] INFO  impl.RaftServerImpl (ServerState.java:close(385)) - 0ea5082d-669c-4012-8d5c-e2723b741e83@group-E1AAFD066F11: closes. applyIndex: 0
2019-09-24 02:29:09,025 [ForkJoinPool.commonPool-worker-0] INFO  impl.RaftServerImpl (RaftServerImpl.java:lambda$shutdown$3(251)) - 5c5ece1e-aab0-48bd-af7b-25510fc26a4f@group-67F549DA058F: shutdown
2019-09-24 02:29:09,026 [0ea5082d-669c-4012-8d5c-e2723b741e83@group-E1AAFD066F11-SegmentedRaftLogWorker] INFO  segmented.SegmentedRaftLogWorker (SegmentedRaftLogWorker.java:run(313)) - 0ea5082d-669c-4012-8d5c-e2723b741e83@group-E1AAFD066F11-SegmentedRaftLogWorker was interrupted, exiting. There are 0 tasks remaining in the queue.
2019-09-24 02:29:09,026 [ForkJoinPool.commonPool-worker-0] INFO  util.JmxRegister (JmxRegister.java:unregister(73)) - Successfully un-registered JMX Bean with object name Ratis:service=RaftServer,group=group-67F549DA058F,id=5c5ece1e-aab0-48bd-af7b-25510fc26a4f
2019-09-24 02:29:09,026 [ForkJoinPool.commonPool-worker-0] INFO  impl.RoleInfo (RoleInfo.java:shutdownLeaderState(104)) - 5c5ece1e-aab0-48bd-af7b-25510fc26a4f: shutdown LeaderState
2019-09-24 02:29:09,027 [ForkJoinPool.commonPool-worker-0] INFO  impl.PendingRequests (PendingRequests.java:sendNotLeaderResponses(202)) - 5c5ece1e-aab0-48bd-af7b-25510fc26a4f-PendingRequests: sendNotLeaderResponses
2019-09-24 02:29:09,027 [ForkJoinPool.commonPool-worker-0] INFO  impl.StateMachineUpdater (StateMachineUpdater.java:stopAndJoin(125)) - 5c5ece1e-aab0-48bd-af7b-25510fc26a4f@group-67F549DA058F-StateMachineUpdater: set stopIndex = 0
2019-09-24 02:29:09,027 [ForkJoinPool.commonPool-worker-0] INFO  impl.RaftServerImpl (ServerState.java:close(385)) - 5c5ece1e-aab0-48bd-af7b-25510fc26a4f@group-67F549DA058F: closes. applyIndex: 0
2019-09-24 02:29:09,028 [5c5ece1e-aab0-48bd-af7b-25510fc26a4f@group-67F549DA058F-SegmentedRaftLogWorker] INFO  segmented.SegmentedRaftLogWorker (SegmentedRaftLogWorker.java:run(313)) - 5c5ece1e-aab0-48bd-af7b-25510fc26a4f@group-67F549DA058F-SegmentedRaftLogWorker was interrupted, exiting. There are 0 tasks remaining in the queue.
2019-09-24 02:29:09,033 [main] INFO  segmented.SegmentedRaftLogWorker (SegmentedRaftLogWorker.java:close(228)) - 0ea5082d-669c-4012-8d5c-e2723b741e83@group-E1AAFD066F11-SegmentedRaftLogWorker close()
2019-09-24 02:29:09,033 [ForkJoinPool.commonPool-worker-0] INFO  segmented.SegmentedRaftLogWorker (SegmentedRaftLogWorker.java:close(228)) - 5c5ece1e-aab0-48bd-af7b-25510fc26a4f@group-67F549DA058F-SegmentedRaftLogWorker close()
2019-09-24 02:29:09,035 [main] INFO  server.GrpcService (GrpcService.java:closeImpl(164)) - 0ea5082d-669c-4012-8d5c-e2723b741e83: shutdown server with port 46824 now
2019-09-24 02:29:09,038 [ForkJoinPool.commonPool-worker-0] INFO  server.GrpcService (GrpcService.java:closeImpl(164)) - 5c5ece1e-aab0-48bd-af7b-25510fc26a4f: shutdown server with port 44256 now
2019-09-24 02:29:09,040 [main] INFO  server.GrpcService (GrpcService.java:closeImpl(172)) - 0ea5082d-669c-4012-8d5c-e2723b741e83: shutdown server with port 46824 successfully
2019-09-24 02:29:09,042 [grpc-default-executor-3] WARN  server.GrpcServerProtocolService (LogUtils.java:warn(134)) - 5c5ece1e-aab0-48bd-af7b-25510fc26a4f: installSnapshot onError, lastRequest: b3222389-c6d4-4a0f-8f23-1c6658166195->5c5ece1e-aab0-48bd-af7b-25510fc26a4f#260-t1, previous=(t:1, i:0), leaderCommit=0, initializing? false, entries: <empty>: org.apache.ratis.thirdparty.io.grpc.StatusRuntimeException: CANCELLED: cancelled before receiving half close
2019-09-24 02:29:09,042 [ForkJoinPool.commonPool-worker-0] INFO  server.GrpcService (GrpcService.java:closeImpl(172)) - 5c5ece1e-aab0-48bd-af7b-25510fc26a4f: shutdown server with port 44256 successfully
2019-09-24 02:29:09,042 [grpc-default-executor-2] WARN  server.GrpcLogAppender (LogUtils.java:warn(134)) - b3222389-c6d4-4a0f-8f23-1c6658166195@group-F6E997B618AC->5c5ece1e-aab0-48bd-af7b-25510fc26a4f-AppendLogResponseHandler: Failed appendEntries: org.apache.ratis.thirdparty.io.grpc.StatusRuntimeException: CANCELLED: HTTP/2 error code: CANCEL
Received Rst Stream
2019-09-24 02:29:09,043 [grpc-default-executor-2] INFO  impl.FollowerInfo (FollowerInfo.java:lambda$new$0(51)) - b3222389-c6d4-4a0f-8f23-1c6658166195@group-F6E997B618AC->5c5ece1e-aab0-48bd-af7b-25510fc26a4f: nextIndex: updateUnconditionally 1 -> 0
2019-09-24 02:29:09,044 [refreshUsed-/workdir/hadoop-ozone/integration-test/target/test-dir/MiniOzoneClusterImpl-7938e232-3eaf-47c6-84ae-b0e11761d891/datanode-9/data/containers] WARN  fs.CachingGetSpaceUsed (CachingGetSpaceUsed.java:run(183)) - Thread Interrupted waiting to refresh disk information: sleep interrupted
2019-09-24 02:29:09,046 [refreshUsed-/workdir/hadoop-ozone/integration-test/target/test-dir/MiniOzoneClusterImpl-7938e232-3eaf-47c6-84ae-b0e11761d891/datanode-0/data/containers] WARN  fs.CachingGetSpaceUsed (CachingGetSpaceUsed.java:run(183)) - Thread Interrupted waiting to refresh disk information: sleep interrupted
2019-09-24 02:29:09,067 [ForkJoinPool.commonPool-worker-0] INFO  utils.BackgroundService (BackgroundService.java:shutdown(148)) - Shutting down service BlockDeletingService
2019-09-24 02:29:09,072 [ForkJoinPool.commonPool-worker-0] INFO  statemachine.DatanodeStateMachine (DatanodeStateMachine.java:stopDaemon(395)) - Ozone container server stopped.
2019-09-24 02:29:09,072 [main] INFO  utils.BackgroundService (BackgroundService.java:shutdown(148)) - Shutting down service BlockDeletingService
2019-09-24 02:29:09,080 [main] INFO  statemachine.DatanodeStateMachine (DatanodeStateMachine.java:stopDaemon(395)) - Ozone container server stopped.
2019-09-24 02:29:09,089 [ForkJoinPool.commonPool-worker-0] INFO  handler.ContextHandler (ContextHandler.java:doStop(910)) - Stopped o.e.j.w.WebAppContext@1e225820{/,null,UNAVAILABLE}{/hddsDatanode}
2019-09-24 02:29:09,089 [main] INFO  handler.ContextHandler (ContextHandler.java:doStop(910)) - Stopped o.e.j.w.WebAppContext@733fb462{/,null,UNAVAILABLE}{/hddsDatanode}
2019-09-24 02:29:09,090 [ForkJoinPool.commonPool-worker-0] INFO  server.AbstractConnector (AbstractConnector.java:doStop(318)) - Stopped ServerConnector@8aeab9e{HTTP/1.1,[http/1.1]}{0.0.0.0:0}
2019-09-24 02:29:09,091 [ForkJoinPool.commonPool-worker-0] INFO  handler.ContextHandler (ContextHandler.java:doStop(910)) - Stopped o.e.j.s.ServletContextHandler@4d09cade{/static,jar:file:/home/user/.m2/repository/org/apache/hadoop/hadoop-hdds-container-service/0.5.0-SNAPSHOT/hadoop-hdds-container-service-0.5.0-SNAPSHOT.jar!/webapps/static,UNAVAILABLE}
2019-09-24 02:29:09,091 [main] INFO  server.AbstractConnector (AbstractConnector.java:doStop(318)) - Stopped ServerConnector@623e0631{HTTP/1.1,[http/1.1]}{0.0.0.0:0}
2019-09-24 02:29:09,093 [ForkJoinPool.commonPool-worker-0] INFO  handler.ContextHandler (ContextHandler.java:doStop(910)) - Stopped o.e.j.s.ServletContextHandler@7945b206{/logs,file:///workdir/hadoop-ozone/integration-test/target/log,UNAVAILABLE}
2019-09-24 02:29:09,094 [main] INFO  handler.ContextHandler (ContextHandler.java:doStop(910)) - Stopped o.e.j.s.ServletContextHandler@b4732dc{/static,jar:file:/home/user/.m2/repository/org/apache/hadoop/hadoop-hdds-container-service/0.5.0-SNAPSHOT/hadoop-hdds-container-service-0.5.0-SNAPSHOT.jar!/webapps/static,UNAVAILABLE}
2019-09-24 02:29:09,095 [main] INFO  handler.ContextHandler (ContextHandler.java:doStop(910)) - Stopped o.e.j.s.ServletContextHandler@69f2cb04{/logs,file:///workdir/hadoop-ozone/integration-test/target/log,UNAVAILABLE}
2019-09-24 02:29:09,097 [Datanode State Machine Thread - 0] INFO  statemachine.DatanodeStateMachine (DatanodeStateMachine.java:lambda$startDaemon$0(350)) - Ozone container server started.
2019-09-24 02:29:09,140 [grpc-default-executor-2] WARN  server.GrpcLogAppender (LogUtils.java:warn(134)) - b3222389-c6d4-4a0f-8f23-1c6658166195@group-F6E997B618AC->03fe0df8-8acd-4b48-98b8-ff80530cf21f-AppendLogResponseHandler: Failed appendEntries: org.apache.ratis.thirdparty.io.grpc.StatusRuntimeException: UNAVAILABLE: io exception
2019-09-24 02:29:09,140 [grpc-default-executor-2] INFO  impl.FollowerInfo (FollowerInfo.java:lambda$new$0(51)) - b3222389-c6d4-4a0f-8f23-1c6658166195@group-F6E997B618AC->03fe0df8-8acd-4b48-98b8-ff80530cf21f: nextIndex: updateUnconditionally 0 -> 0
2019-09-24 02:29:09,160 [grpc-default-executor-2] WARN  server.GrpcLogAppender (LogUtils.java:warn(134)) - b3222389-c6d4-4a0f-8f23-1c6658166195@group-F6E997B618AC->5c5ece1e-aab0-48bd-af7b-25510fc26a4f-AppendLogResponseHandler: Failed appendEntries: org.apache.ratis.thirdparty.io.grpc.StatusRuntimeException: UNAVAILABLE: io exception
2019-09-24 02:29:09,160 [grpc-default-executor-2] INFO  impl.FollowerInfo (FollowerInfo.java:lambda$new$0(51)) - b3222389-c6d4-4a0f-8f23-1c6658166195@group-F6E997B618AC->5c5ece1e-aab0-48bd-af7b-25510fc26a4f: nextIndex: updateUnconditionally 0 -> 0
2019-09-24 02:29:09,236 [grpc-default-executor-4] WARN  server.GrpcLogAppender (LogUtils.java:warn(134)) - c1f213cf-52f9-46af-9dd6-cbe0bbbf4493@group-A4B08C4637EB->da42697a-0d77-415b-812b-51cfdf9a7055-AppendLogResponseHandler: Failed appendEntries: org.apache.ratis.thirdparty.io.grpc.StatusRuntimeException: UNAVAILABLE: io exception
2019-09-24 02:29:09,236 [grpc-default-executor-4] INFO  impl.FollowerInfo (FollowerInfo.java:lambda$new$0(51)) - c1f213cf-52f9-46af-9dd6-cbe0bbbf4493@group-A4B08C4637EB->da42697a-0d77-415b-812b-51cfdf9a7055: nextIndex: updateUnconditionally 0 -> 0
2019-09-24 02:29:09,236 [grpc-default-executor-6] WARN  server.GrpcLogAppender (LogUtils.java:warn(134)) - c1f213cf-52f9-46af-9dd6-cbe0bbbf4493@group-A4B08C4637EB->88c7199a-3ab1-4d00-b74d-de8853add08b-AppendLogResponseHandler: Failed appendEntries: org.apache.ratis.thirdparty.io.grpc.StatusRuntimeException: UNAVAILABLE: io exception
2019-09-24 02:29:09,237 [grpc-default-executor-6] INFO  impl.FollowerInfo (FollowerInfo.java:lambda$new$0(51)) - c1f213cf-52f9-46af-9dd6-cbe0bbbf4493@group-A4B08C4637EB->88c7199a-3ab1-4d00-b74d-de8853add08b: nextIndex: updateUnconditionally 0 -> 0
2019-09-24 02:29:09,355 [Datanode State Machine Thread - 0] INFO  statemachine.DatanodeStateMachine (DatanodeStateMachine.java:lambda$startDaemon$0(350)) - Ozone container server started.
2019-09-24 02:29:09,641 [grpc-default-executor-6] WARN  server.GrpcLogAppender (LogUtils.java:warn(134)) - b3222389-c6d4-4a0f-8f23-1c6658166195@group-F6E997B618AC->03fe0df8-8acd-4b48-98b8-ff80530cf21f-AppendLogResponseHandler: Failed appendEntries: org.apache.ratis.thirdparty.io.grpc.StatusRuntimeException: UNAVAILABLE: io exception
2019-09-24 02:29:09,641 [grpc-default-executor-6] INFO  impl.FollowerInfo (FollowerInfo.java:lambda$new$0(51)) - b3222389-c6d4-4a0f-8f23-1c6658166195@group-F6E997B618AC->03fe0df8-8acd-4b48-98b8-ff80530cf21f: nextIndex: updateUnconditionally 0 -> 0
2019-09-24 02:29:09,660 [grpc-default-executor-6] WARN  server.GrpcLogAppender (LogUtils.java:warn(134)) - b3222389-c6d4-4a0f-8f23-1c6658166195@group-F6E997B618AC->5c5ece1e-aab0-48bd-af7b-25510fc26a4f-AppendLogResponseHandler: Failed appendEntries: org.apache.ratis.thirdparty.io.grpc.StatusRuntimeException: UNAVAILABLE: io exception
2019-09-24 02:29:09,660 [grpc-default-executor-6] INFO  impl.FollowerInfo (FollowerInfo.java:lambda$new$0(51)) - b3222389-c6d4-4a0f-8f23-1c6658166195@group-F6E997B618AC->5c5ece1e-aab0-48bd-af7b-25510fc26a4f: nextIndex: updateUnconditionally 0 -> 0
2019-09-24 02:29:09,736 [grpc-default-executor-3] WARN  server.GrpcLogAppender (LogUtils.java:warn(134)) - c1f213cf-52f9-46af-9dd6-cbe0bbbf4493@group-A4B08C4637EB->da42697a-0d77-415b-812b-51cfdf9a7055-AppendLogResponseHandler: Failed appendEntries: org.apache.ratis.thirdparty.io.grpc.StatusRuntimeException: UNAVAILABLE: io exception
2019-09-24 02:29:09,736 [grpc-default-executor-2] WARN  server.GrpcLogAppender (LogUtils.java:warn(134)) - c1f213cf-52f9-46af-9dd6-cbe0bbbf4493@group-A4B08C4637EB->88c7199a-3ab1-4d00-b74d-de8853add08b-AppendLogResponseHandler: Failed appendEntries: org.apache.ratis.thirdparty.io.grpc.StatusRuntimeException: UNAVAILABLE: io exception
2019-09-24 02:29:09,736 [grpc-default-executor-3] INFO  impl.FollowerInfo (FollowerInfo.java:lambda$new$0(51)) - c1f213cf-52f9-46af-9dd6-cbe0bbbf4493@group-A4B08C4637EB->da42697a-0d77-415b-812b-51cfdf9a7055: nextIndex: updateUnconditionally 0 -> 0
2019-09-24 02:29:09,737 [grpc-default-executor-2] INFO  impl.FollowerInfo (FollowerInfo.java:lambda$new$0(51)) - c1f213cf-52f9-46af-9dd6-cbe0bbbf4493@group-A4B08C4637EB->88c7199a-3ab1-4d00-b74d-de8853add08b: nextIndex: updateUnconditionally 0 -> 0
2019-09-24 02:29:10,141 [grpc-default-executor-2] WARN  server.GrpcLogAppender (LogUtils.java:warn(134)) - b3222389-c6d4-4a0f-8f23-1c6658166195@group-F6E997B618AC->03fe0df8-8acd-4b48-98b8-ff80530cf21f-AppendLogResponseHandler: Failed appendEntries: org.apache.ratis.thirdparty.io.grpc.StatusRuntimeException: UNAVAILABLE: io exception
2019-09-24 02:29:10,142 [grpc-default-executor-2] INFO  impl.FollowerInfo (FollowerInfo.java:lambda$new$0(51)) - b3222389-c6d4-4a0f-8f23-1c6658166195@group-F6E997B618AC->03fe0df8-8acd-4b48-98b8-ff80530cf21f: nextIndex: updateUnconditionally 0 -> 0
2019-09-24 02:29:10,161 [grpc-default-executor-2] WARN  server.GrpcLogAppender (LogUtils.java:warn(134)) - b3222389-c6d4-4a0f-8f23-1c6658166195@group-F6E997B618AC->5c5ece1e-aab0-48bd-af7b-25510fc26a4f-AppendLogResponseHandler: Failed appendEntries: org.apache.ratis.thirdparty.io.grpc.StatusRuntimeException: UNAVAILABLE: io exception
2019-09-24 02:29:10,161 [grpc-default-executor-2] INFO  impl.FollowerInfo (FollowerInfo.java:lambda$new$0(51)) - b3222389-c6d4-4a0f-8f23-1c6658166195@group-F6E997B618AC->5c5ece1e-aab0-48bd-af7b-25510fc26a4f: nextIndex: updateUnconditionally 0 -> 0
2019-09-24 02:29:10,237 [grpc-default-executor-2] WARN  server.GrpcLogAppender (LogUtils.java:warn(134)) - c1f213cf-52f9-46af-9dd6-cbe0bbbf4493@group-A4B08C4637EB->da42697a-0d77-415b-812b-51cfdf9a7055-AppendLogResponseHandler: Failed appendEntries: org.apache.ratis.thirdparty.io.grpc.StatusRuntimeException: UNAVAILABLE: io exception
2019-09-24 02:29:10,237 [grpc-default-executor-4] WARN  server.GrpcLogAppender (LogUtils.java:warn(134)) - c1f213cf-52f9-46af-9dd6-cbe0bbbf4493@group-A4B08C4637EB->88c7199a-3ab1-4d00-b74d-de8853add08b-AppendLogResponseHandler: Failed appendEntries: org.apache.ratis.thirdparty.io.grpc.StatusRuntimeException: UNAVAILABLE: io exception
2019-09-24 02:29:10,238 [grpc-default-executor-2] INFO  impl.FollowerInfo (FollowerInfo.java:lambda$new$0(51)) - c1f213cf-52f9-46af-9dd6-cbe0bbbf4493@group-A4B08C4637EB->da42697a-0d77-415b-812b-51cfdf9a7055: nextIndex: updateUnconditionally 0 -> 0
2019-09-24 02:29:10,238 [grpc-default-executor-4] INFO  impl.FollowerInfo (FollowerInfo.java:lambda$new$0(51)) - c1f213cf-52f9-46af-9dd6-cbe0bbbf4493@group-A4B08C4637EB->88c7199a-3ab1-4d00-b74d-de8853add08b: nextIndex: updateUnconditionally 0 -> 0
2019-09-24 02:29:10,642 [grpc-default-executor-4] WARN  server.GrpcLogAppender (LogUtils.java:warn(134)) - b3222389-c6d4-4a0f-8f23-1c6658166195@group-F6E997B618AC->03fe0df8-8acd-4b48-98b8-ff80530cf21f-AppendLogResponseHandler: Failed appendEntries: org.apache.ratis.thirdparty.io.grpc.StatusRuntimeException: UNAVAILABLE: io exception
2019-09-24 02:29:10,643 [grpc-default-executor-4] INFO  impl.FollowerInfo (FollowerInfo.java:lambda$new$0(51)) - b3222389-c6d4-4a0f-8f23-1c6658166195@group-F6E997B618AC->03fe0df8-8acd-4b48-98b8-ff80530cf21f: nextIndex: updateUnconditionally 0 -> 0
2019-09-24 02:29:10,661 [grpc-default-executor-6] WARN  server.GrpcLogAppender (LogUtils.java:warn(134)) - b3222389-c6d4-4a0f-8f23-1c6658166195@group-F6E997B618AC->5c5ece1e-aab0-48bd-af7b-25510fc26a4f-AppendLogResponseHandler: Failed appendEntries: org.apache.ratis.thirdparty.io.grpc.StatusRuntimeException: UNAVAILABLE: io exception
2019-09-24 02:29:10,662 [grpc-default-executor-6] INFO  impl.FollowerInfo (FollowerInfo.java:lambda$new$0(51)) - b3222389-c6d4-4a0f-8f23-1c6658166195@group-F6E997B618AC->5c5ece1e-aab0-48bd-af7b-25510fc26a4f: nextIndex: updateUnconditionally 0 -> 0
2019-09-24 02:29:10,737 [grpc-default-executor-5] WARN  server.GrpcLogAppender (LogUtils.java:warn(134)) - c1f213cf-52f9-46af-9dd6-cbe0bbbf4493@group-A4B08C4637EB->da42697a-0d77-415b-812b-51cfdf9a7055-AppendLogResponseHandler: Failed appendEntries: org.apache.ratis.thirdparty.io.grpc.StatusRuntimeException: UNAVAILABLE: io exception
2019-09-24 02:29:10,737 [grpc-default-executor-6] WARN  server.GrpcLogAppender (LogUtils.java:warn(134)) - c1f213cf-52f9-46af-9dd6-cbe0bbbf4493@group-A4B08C4637EB->88c7199a-3ab1-4d00-b74d-de8853add08b-AppendLogResponseHandler: Failed appendEntries: org.apache.ratis.thirdparty.io.grpc.StatusRuntimeException: UNAVAILABLE: io exception
2019-09-24 02:29:10,738 [grpc-default-executor-5] INFO  impl.FollowerInfo (FollowerInfo.java:lambda$new$0(51)) - c1f213cf-52f9-46af-9dd6-cbe0bbbf4493@group-A4B08C4637EB->da42697a-0d77-415b-812b-51cfdf9a7055: nextIndex: updateUnconditionally 0 -> 0
2019-09-24 02:29:10,738 [grpc-default-executor-6] INFO  impl.FollowerInfo (FollowerInfo.java:lambda$new$0(51)) - c1f213cf-52f9-46af-9dd6-cbe0bbbf4493@group-A4B08C4637EB->88c7199a-3ab1-4d00-b74d-de8853add08b: nextIndex: updateUnconditionally 0 -> 0
2019-09-24 02:29:11,143 [grpc-default-executor-6] WARN  server.GrpcLogAppender (LogUtils.java:warn(134)) - b3222389-c6d4-4a0f-8f23-1c6658166195@group-F6E997B618AC->03fe0df8-8acd-4b48-98b8-ff80530cf21f-AppendLogResponseHandler: Failed appendEntries: org.apache.ratis.thirdparty.io.grpc.StatusRuntimeException: UNAVAILABLE: io exception
2019-09-24 02:29:11,144 [grpc-default-executor-6] INFO  impl.FollowerInfo (FollowerInfo.java:lambda$new$0(51)) - b3222389-c6d4-4a0f-8f23-1c6658166195@group-F6E997B618AC->03fe0df8-8acd-4b48-98b8-ff80530cf21f: nextIndex: updateUnconditionally 0 -> 0
2019-09-24 02:29:11,161 [grpc-default-executor-2] WARN  server.GrpcLogAppender (LogUtils.java:warn(134)) - b3222389-c6d4-4a0f-8f23-1c6658166195@group-F6E997B618AC->5c5ece1e-aab0-48bd-af7b-25510fc26a4f-AppendLogResponseHandler: Failed appendEntries: org.apache.ratis.thirdparty.io.grpc.StatusRuntimeException: UNAVAILABLE: io exception
2019-09-24 02:29:11,162 [grpc-default-executor-2] INFO  impl.FollowerInfo (FollowerInfo.java:lambda$new$0(51)) - b3222389-c6d4-4a0f-8f23-1c6658166195@group-F6E997B618AC->5c5ece1e-aab0-48bd-af7b-25510fc26a4f: nextIndex: updateUnconditionally 0 -> 0
2019-09-24 02:29:11,238 [grpc-default-executor-2] WARN  server.GrpcLogAppender (LogUtils.java:warn(134)) - c1f213cf-52f9-46af-9dd6-cbe0bbbf4493@group-A4B08C4637EB->88c7199a-3ab1-4d00-b74d-de8853add08b-AppendLogResponseHandler: Failed appendEntries: org.apache.ratis.thirdparty.io.grpc.StatusRuntimeException: UNAVAILABLE: io exception
2019-09-24 02:29:11,238 [grpc-default-executor-3] WARN  server.GrpcLogAppender (LogUtils.java:warn(134)) - c1f213cf-52f9-46af-9dd6-cbe0bbbf4493@group-A4B08C4637EB->da42697a-0d77-415b-812b-51cfdf9a7055-AppendLogResponseHandler: Failed appendEntries: org.apache.ratis.thirdparty.io.grpc.StatusRuntimeException: UNAVAILABLE: io exception
2019-09-24 02:29:11,238 [grpc-default-executor-2] INFO  impl.FollowerInfo (FollowerInfo.java:lambda$new$0(51)) - c1f213cf-52f9-46af-9dd6-cbe0bbbf4493@group-A4B08C4637EB->88c7199a-3ab1-4d00-b74d-de8853add08b: nextIndex: updateUnconditionally 0 -> 0
2019-09-24 02:29:11,239 [grpc-default-executor-3] INFO  impl.FollowerInfo (FollowerInfo.java:lambda$new$0(51)) - c1f213cf-52f9-46af-9dd6-cbe0bbbf4493@group-A4B08C4637EB->da42697a-0d77-415b-812b-51cfdf9a7055: nextIndex: updateUnconditionally 0 -> 0
2019-09-24 02:29:11,644 [grpc-default-executor-3] WARN  server.GrpcLogAppender (LogUtils.java:warn(134)) - b3222389-c6d4-4a0f-8f23-1c6658166195@group-F6E997B618AC->03fe0df8-8acd-4b48-98b8-ff80530cf21f-AppendLogResponseHandler: Failed appendEntries: org.apache.ratis.thirdparty.io.grpc.StatusRuntimeException: UNAVAILABLE: io exception
2019-09-24 02:29:11,645 [grpc-default-executor-3] INFO  impl.FollowerInfo (FollowerInfo.java:lambda$new$0(51)) - b3222389-c6d4-4a0f-8f23-1c6658166195@group-F6E997B618AC->03fe0df8-8acd-4b48-98b8-ff80530cf21f: nextIndex: updateUnconditionally 0 -> 0
2019-09-24 02:29:11,662 [grpc-default-executor-3] WARN  server.GrpcLogAppender (LogUtils.java:warn(134)) - b3222389-c6d4-4a0f-8f23-1c6658166195@group-F6E997B618AC->5c5ece1e-aab0-48bd-af7b-25510fc26a4f-AppendLogResponseHandler: Failed appendEntries: org.apache.ratis.thirdparty.io.grpc.StatusRuntimeException: UNAVAILABLE: io exception
2019-09-24 02:29:11,663 [grpc-default-executor-3] INFO  impl.FollowerInfo (FollowerInfo.java:lambda$new$0(51)) - b3222389-c6d4-4a0f-8f23-1c6658166195@group-F6E997B618AC->5c5ece1e-aab0-48bd-af7b-25510fc26a4f: nextIndex: updateUnconditionally 0 -> 0
2019-09-24 02:29:11,738 [grpc-default-executor-6] WARN  server.GrpcLogAppender (LogUtils.java:warn(134)) - c1f213cf-52f9-46af-9dd6-cbe0bbbf4493@group-A4B08C4637EB->da42697a-0d77-415b-812b-51cfdf9a7055-AppendLogResponseHandler: Failed appendEntries: org.apache.ratis.thirdparty.io.grpc.StatusRuntimeException: UNAVAILABLE: io exception
2019-09-24 02:29:11,739 [grpc-default-executor-6] INFO  impl.FollowerInfo (FollowerInfo.java:lambda$new$0(51)) - c1f213cf-52f9-46af-9dd6-cbe0bbbf4493@group-A4B08C4637EB->da42697a-0d77-415b-812b-51cfdf9a7055: nextIndex: updateUnconditionally 0 -> 0
2019-09-24 02:29:11,744 [grpc-default-executor-6] WARN  server.GrpcLogAppender (LogUtils.java:warn(134)) - c1f213cf-52f9-46af-9dd6-cbe0bbbf4493@group-A4B08C4637EB->88c7199a-3ab1-4d00-b74d-de8853add08b-AppendLogResponseHandler: Failed appendEntries: org.apache.ratis.thirdparty.io.grpc.StatusRuntimeException: UNAVAILABLE: io exception
2019-09-24 02:29:11,744 [grpc-default-executor-6] INFO  impl.FollowerInfo (FollowerInfo.java:lambda$new$0(51)) - c1f213cf-52f9-46af-9dd6-cbe0bbbf4493@group-A4B08C4637EB->88c7199a-3ab1-4d00-b74d-de8853add08b: nextIndex: updateUnconditionally 0 -> 0
2019-09-24 02:29:12,144 [grpc-default-executor-2] WARN  server.GrpcLogAppender (LogUtils.java:warn(134)) - b3222389-c6d4-4a0f-8f23-1c6658166195@group-F6E997B618AC->03fe0df8-8acd-4b48-98b8-ff80530cf21f-AppendLogResponseHandler: Failed appendEntries: org.apache.ratis.thirdparty.io.grpc.StatusRuntimeException: UNAVAILABLE: io exception
2019-09-24 02:29:12,145 [grpc-default-executor-2] INFO  impl.FollowerInfo (FollowerInfo.java:lambda$new$0(51)) - b3222389-c6d4-4a0f-8f23-1c6658166195@group-F6E997B618AC->03fe0df8-8acd-4b48-98b8-ff80530cf21f: nextIndex: updateUnconditionally 0 -> 0
2019-09-24 02:29:12,163 [grpc-default-executor-3] WARN  server.GrpcLogAppender (LogUtils.java:warn(134)) - b3222389-c6d4-4a0f-8f23-1c6658166195@group-F6E997B618AC->5c5ece1e-aab0-48bd-af7b-25510fc26a4f-AppendLogResponseHandler: Failed appendEntries: org.apache.ratis.thirdparty.io.grpc.StatusRuntimeException: UNAVAILABLE: io exception
2019-09-24 02:29:12,164 [grpc-default-executor-3] INFO  impl.FollowerInfo (FollowerInfo.java:lambda$new$0(51)) - b3222389-c6d4-4a0f-8f23-1c6658166195@group-F6E997B618AC->5c5ece1e-aab0-48bd-af7b-25510fc26a4f: nextIndex: updateUnconditionally 0 -> 0
2019-09-24 02:29:12,239 [grpc-default-executor-6] WARN  server.GrpcLogAppender (LogUtils.java:warn(134)) - c1f213cf-52f9-46af-9dd6-cbe0bbbf4493@group-A4B08C4637EB->da42697a-0d77-415b-812b-51cfdf9a7055-AppendLogResponseHandler: Failed appendEntries: org.apache.ratis.thirdparty.io.grpc.StatusRuntimeException: UNAVAILABLE: io exception
2019-09-24 02:29:12,239 [grpc-default-executor-5] WARN  server.GrpcLogAppender (LogUtils.java:warn(134)) - c1f213cf-52f9-46af-9dd6-cbe0bbbf4493@group-A4B08C4637EB->88c7199a-3ab1-4d00-b74d-de8853add08b-AppendLogResponseHandler: Failed appendEntries: org.apache.ratis.thirdparty.io.grpc.StatusRuntimeException: UNAVAILABLE: io exception
2019-09-24 02:29:12,239 [grpc-default-executor-6] INFO  impl.FollowerInfo (FollowerInfo.java:lambda$new$0(51)) - c1f213cf-52f9-46af-9dd6-cbe0bbbf4493@group-A4B08C4637EB->da42697a-0d77-415b-812b-51cfdf9a7055: nextIndex: updateUnconditionally 0 -> 0
2019-09-24 02:29:12,240 [grpc-default-executor-5] INFO  impl.FollowerInfo (FollowerInfo.java:lambda$new$0(51)) - c1f213cf-52f9-46af-9dd6-cbe0bbbf4493@group-A4B08C4637EB->88c7199a-3ab1-4d00-b74d-de8853add08b: nextIndex: updateUnconditionally 0 -> 0
2019-09-24 02:29:12,645 [grpc-default-executor-5] WARN  server.GrpcLogAppender (LogUtils.java:warn(134)) - b3222389-c6d4-4a0f-8f23-1c6658166195@group-F6E997B618AC->03fe0df8-8acd-4b48-98b8-ff80530cf21f-AppendLogResponseHandler: Failed appendEntries: org.apache.ratis.thirdparty.io.grpc.StatusRuntimeException: UNAVAILABLE: io exception
2019-09-24 02:29:12,646 [grpc-default-executor-5] INFO  impl.FollowerInfo (FollowerInfo.java:lambda$new$0(51)) - b3222389-c6d4-4a0f-8f23-1c6658166195@group-F6E997B618AC->03fe0df8-8acd-4b48-98b8-ff80530cf21f: nextIndex: updateUnconditionally 0 -> 0
2019-09-24 02:29:12,663 [grpc-default-executor-2] WARN  server.GrpcLogAppender (LogUtils.java:warn(134)) - b3222389-c6d4-4a0f-8f23-1c6658166195@group-F6E997B618AC->5c5ece1e-aab0-48bd-af7b-25510fc26a4f-AppendLogResponseHandler: Failed appendEntries: org.apache.ratis.thirdparty.io.grpc.StatusRuntimeException: UNAVAILABLE: io exception
2019-09-24 02:29:12,664 [grpc-default-executor-2] INFO  impl.FollowerInfo (FollowerInfo.java:lambda$new$0(51)) - b3222389-c6d4-4a0f-8f23-1c6658166195@group-F6E997B618AC->5c5ece1e-aab0-48bd-af7b-25510fc26a4f: nextIndex: updateUnconditionally 0 -> 0
2019-09-24 02:29:12,740 [grpc-default-executor-5] WARN  server.GrpcLogAppender (LogUtils.java:warn(134)) - c1f213cf-52f9-46af-9dd6-cbe0bbbf4493@group-A4B08C4637EB->88c7199a-3ab1-4d00-b74d-de8853add08b-AppendLogResponseHandler: Failed appendEntries: org.apache.ratis.thirdparty.io.grpc.StatusRuntimeException: UNAVAILABLE: io exception
2019-09-24 02:29:12,740 [grpc-default-executor-3] WARN  server.GrpcLogAppender (LogUtils.java:warn(134)) - c1f213cf-52f9-46af-9dd6-cbe0bbbf4493@group-A4B08C4637EB->da42697a-0d77-415b-812b-51cfdf9a7055-AppendLogResponseHandler: Failed appendEntries: org.apache.ratis.thirdparty.io.grpc.StatusRuntimeException: UNAVAILABLE: io exception
2019-09-24 02:29:12,740 [grpc-default-executor-5] INFO  impl.FollowerInfo (FollowerInfo.java:lambda$new$0(51)) - c1f213cf-52f9-46af-9dd6-cbe0bbbf4493@group-A4B08C4637EB->88c7199a-3ab1-4d00-b74d-de8853add08b: nextIndex: updateUnconditionally 0 -> 0
2019-09-24 02:29:12,740 [grpc-default-executor-3] INFO  impl.FollowerInfo (FollowerInfo.java:lambda$new$0(51)) - c1f213cf-52f9-46af-9dd6-cbe0bbbf4493@group-A4B08C4637EB->da42697a-0d77-415b-812b-51cfdf9a7055: nextIndex: updateUnconditionally 0 -> 0
2019-09-24 02:29:13,147 [grpc-default-executor-6] WARN  server.GrpcLogAppender (LogUtils.java:warn(134)) - b3222389-c6d4-4a0f-8f23-1c6658166195@group-F6E997B618AC->03fe0df8-8acd-4b48-98b8-ff80530cf21f-AppendLogResponseHandler: Failed appendEntries: org.apache.ratis.thirdparty.io.grpc.StatusRuntimeException: UNAVAILABLE: io exception
2019-09-24 02:29:13,147 [grpc-default-executor-6] INFO  impl.FollowerInfo (FollowerInfo.java:lambda$new$0(51)) - b3222389-c6d4-4a0f-8f23-1c6658166195@group-F6E997B618AC->03fe0df8-8acd-4b48-98b8-ff80530cf21f: nextIndex: updateUnconditionally 0 -> 0
2019-09-24 02:29:13,164 [grpc-default-executor-5] WARN  server.GrpcLogAppender (LogUtils.java:warn(134)) - b3222389-c6d4-4a0f-8f23-1c6658166195@group-F6E997B618AC->5c5ece1e-aab0-48bd-af7b-25510fc26a4f-AppendLogResponseHandler: Failed appendEntries: org.apache.ratis.thirdparty.io.grpc.StatusRuntimeException: UNAVAILABLE: io exception
2019-09-24 02:29:13,164 [grpc-default-executor-5] INFO  impl.FollowerInfo (FollowerInfo.java:lambda$new$0(51)) - b3222389-c6d4-4a0f-8f23-1c6658166195@group-F6E997B618AC->5c5ece1e-aab0-48bd-af7b-25510fc26a4f: nextIndex: updateUnconditionally 0 -> 0
2019-09-24 02:29:13,241 [grpc-default-executor-4] WARN  server.GrpcLogAppender (LogUtils.java:warn(134)) - c1f213cf-52f9-46af-9dd6-cbe0bbbf4493@group-A4B08C4637EB->88c7199a-3ab1-4d00-b74d-de8853add08b-AppendLogResponseHandler: Failed appendEntries: org.apache.ratis.thirdparty.io.grpc.StatusRuntimeException: UNAVAILABLE: io exception
2019-09-24 02:29:13,241 [grpc-default-executor-4] INFO  impl.FollowerInfo (FollowerInfo.java:lambda$new$0(51)) - c1f213cf-52f9-46af-9dd6-cbe0bbbf4493@group-A4B08C4637EB->88c7199a-3ab1-4d00-b74d-de8853add08b: nextIndex: updateUnconditionally 0 -> 0
2019-09-24 02:29:13,242 [grpc-default-executor-7] WARN  server.GrpcLogAppender (LogUtils.java:warn(134)) - c1f213cf-52f9-46af-9dd6-cbe0bbbf4493@group-A4B08C4637EB->da42697a-0d77-415b-812b-51cfdf9a7055-AppendLogResponseHandler: Failed appendEntries: org.apache.ratis.thirdparty.io.grpc.StatusRuntimeException: UNAVAILABLE: io exception
2019-09-24 02:29:13,242 [grpc-default-executor-7] INFO  impl.FollowerInfo (FollowerInfo.java:lambda$new$0(51)) - c1f213cf-52f9-46af-9dd6-cbe0bbbf4493@group-A4B08C4637EB->da42697a-0d77-415b-812b-51cfdf9a7055: nextIndex: updateUnconditionally 0 -> 0
2019-09-24 02:29:13,647 [grpc-default-executor-2] WARN  server.GrpcLogAppender (LogUtils.java:warn(134)) - b3222389-c6d4-4a0f-8f23-1c6658166195@group-F6E997B618AC->03fe0df8-8acd-4b48-98b8-ff80530cf21f-AppendLogResponseHandler: Failed appendEntries: org.apache.ratis.thirdparty.io.grpc.StatusRuntimeException: UNAVAILABLE: io exception
2019-09-24 02:29:13,648 [grpc-default-executor-2] INFO  impl.FollowerInfo (FollowerInfo.java:lambda$new$0(51)) - b3222389-c6d4-4a0f-8f23-1c6658166195@group-F6E997B618AC->03fe0df8-8acd-4b48-98b8-ff80530cf21f: nextIndex: updateUnconditionally 0 -> 0
2019-09-24 02:29:13,664 [grpc-default-executor-7] WARN  server.GrpcLogAppender (LogUtils.java:warn(134)) - b3222389-c6d4-4a0f-8f23-1c6658166195@group-F6E997B618AC->5c5ece1e-aab0-48bd-af7b-25510fc26a4f-AppendLogResponseHandler: Failed appendEntries: org.apache.ratis.thirdparty.io.grpc.StatusRuntimeException: UNAVAILABLE: io exception
2019-09-24 02:29:13,664 [grpc-default-executor-7] INFO  impl.FollowerInfo (FollowerInfo.java:lambda$new$0(51)) - b3222389-c6d4-4a0f-8f23-1c6658166195@group-F6E997B618AC->5c5ece1e-aab0-48bd-af7b-25510fc26a4f: nextIndex: updateUnconditionally 0 -> 0
2019-09-24 02:29:13,741 [grpc-default-executor-6] WARN  server.GrpcLogAppender (LogUtils.java:warn(134)) - c1f213cf-52f9-46af-9dd6-cbe0bbbf4493@group-A4B08C4637EB->da42697a-0d77-415b-812b-51cfdf9a7055-AppendLogResponseHandler: Failed appendEntries: org.apache.ratis.thirdparty.io.grpc.StatusRuntimeException: UNAVAILABLE: io exception
2019-09-24 02:29:13,741 [grpc-default-executor-3] WARN  server.GrpcLogAppender (LogUtils.java:warn(134)) - c1f213cf-52f9-46af-9dd6-cbe0bbbf4493@group-A4B08C4637EB->88c7199a-3ab1-4d00-b74d-de8853add08b-AppendLogResponseHandler: Failed appendEntries: org.apache.ratis.thirdparty.io.grpc.StatusRuntimeException: UNAVAILABLE: io exception
2019-09-24 02:29:13,741 [grpc-default-executor-6] INFO  impl.FollowerInfo (FollowerInfo.java:lambda$new$0(51)) - c1f213cf-52f9-46af-9dd6-cbe0bbbf4493@group-A4B08C4637EB->da42697a-0d77-415b-812b-51cfdf9a7055: nextIndex: updateUnconditionally 0 -> 0
2019-09-24 02:29:13,742 [grpc-default-executor-3] INFO  impl.FollowerInfo (FollowerInfo.java:lambda$new$0(51)) - c1f213cf-52f9-46af-9dd6-cbe0bbbf4493@group-A4B08C4637EB->88c7199a-3ab1-4d00-b74d-de8853add08b: nextIndex: updateUnconditionally 0 -> 0
2019-09-24 02:29:14,095 [ForkJoinPool.commonPool-worker-0] INFO  ozoneimpl.OzoneContainer (OzoneContainer.java:stop(231)) - Attempting to stop container services.
2019-09-24 02:29:14,096 [ForkJoinPool.commonPool-worker-0] INFO  impl.RaftServerProxy (RaftServerProxy.java:lambda$close$4(314)) - b3222389-c6d4-4a0f-8f23-1c6658166195: close
2019-09-24 02:29:14,096 [ForkJoinPool.commonPool-worker-0] INFO  impl.RaftServerImpl (RaftServerImpl.java:lambda$shutdown$3(251)) - b3222389-c6d4-4a0f-8f23-1c6658166195@group-F6E997B618AC: shutdown
2019-09-24 02:29:14,097 [ForkJoinPool.commonPool-worker-0] INFO  util.JmxRegister (JmxRegister.java:unregister(73)) - Successfully un-registered JMX Bean with object name Ratis:service=RaftServer,group=group-F6E997B618AC,id=b3222389-c6d4-4a0f-8f23-1c6658166195
2019-09-24 02:29:14,097 [main] INFO  ozoneimpl.OzoneContainer (OzoneContainer.java:stop(231)) - Attempting to stop container services.
2019-09-24 02:29:14,097 [ForkJoinPool.commonPool-worker-0] INFO  impl.RoleInfo (RoleInfo.java:shutdownLeaderState(104)) - b3222389-c6d4-4a0f-8f23-1c6658166195: shutdown LeaderState
2019-09-24 02:29:14,098 [main] INFO  impl.RaftServerProxy (RaftServerProxy.java:lambda$close$4(314)) - c1f213cf-52f9-46af-9dd6-cbe0bbbf4493: close
2019-09-24 02:29:14,101 [org.apache.ratis.server.impl.LogAppender$AppenderDaemon$$Lambda$430/2026899056@1614078a] WARN  server.GrpcLogAppender (GrpcLogAppender.java:mayWait(143)) - b3222389-c6d4-4a0f-8f23-1c6658166195@group-F6E997B618AC->03fe0df8-8acd-4b48-98b8-ff80530cf21f-GrpcLogAppender: Wait interrupted by java.lang.InterruptedException
2019-09-24 02:29:14,101 [org.apache.ratis.server.impl.LogAppender$AppenderDaemon$$Lambda$430/2026899056@3813a4bc] WARN  server.GrpcLogAppender (GrpcLogAppender.java:mayWait(143)) - b3222389-c6d4-4a0f-8f23-1c6658166195@group-F6E997B618AC->5c5ece1e-aab0-48bd-af7b-25510fc26a4f-GrpcLogAppender: Wait interrupted by java.lang.InterruptedException
2019-09-24 02:29:14,101 [ForkJoinPool.commonPool-worker-0] INFO  impl.PendingRequests (PendingRequests.java:sendNotLeaderResponses(202)) - b3222389-c6d4-4a0f-8f23-1c6658166195-PendingRequests: sendNotLeaderResponses
2019-09-24 02:29:14,101 [main] INFO  impl.RaftServerImpl (RaftServerImpl.java:lambda$shutdown$3(251)) - c1f213cf-52f9-46af-9dd6-cbe0bbbf4493@group-A4B08C4637EB: shutdown
2019-09-24 02:29:14,102 [ForkJoinPool.commonPool-worker-0] INFO  impl.StateMachineUpdater (StateMachineUpdater.java:stopAndJoin(125)) - b3222389-c6d4-4a0f-8f23-1c6658166195@group-F6E997B618AC-StateMachineUpdater: set stopIndex = 0
2019-09-24 02:29:14,103 [main] INFO  util.JmxRegister (JmxRegister.java:unregister(73)) - Successfully un-registered JMX Bean with object name Ratis:service=RaftServer,group=group-A4B08C4637EB,id=c1f213cf-52f9-46af-9dd6-cbe0bbbf4493
2019-09-24 02:29:14,103 [ForkJoinPool.commonPool-worker-0] INFO  impl.RaftServerImpl (ServerState.java:close(385)) - b3222389-c6d4-4a0f-8f23-1c6658166195@group-F6E997B618AC: closes. applyIndex: 0
2019-09-24 02:29:14,103 [main] INFO  impl.RoleInfo (RoleInfo.java:shutdownLeaderState(104)) - c1f213cf-52f9-46af-9dd6-cbe0bbbf4493: shutdown LeaderState
2019-09-24 02:29:14,104 [b3222389-c6d4-4a0f-8f23-1c6658166195@group-F6E997B618AC-SegmentedRaftLogWorker] INFO  segmented.SegmentedRaftLogWorker (SegmentedRaftLogWorker.java:run(313)) - b3222389-c6d4-4a0f-8f23-1c6658166195@group-F6E997B618AC-SegmentedRaftLogWorker was interrupted, exiting. There are 0 tasks remaining in the queue.
2019-09-24 02:29:14,107 [org.apache.ratis.server.impl.LogAppender$AppenderDaemon$$Lambda$430/2026899056@7218b325] WARN  server.GrpcLogAppender (GrpcLogAppender.java:mayWait(143)) - c1f213cf-52f9-46af-9dd6-cbe0bbbf4493@group-A4B08C4637EB->88c7199a-3ab1-4d00-b74d-de8853add08b-GrpcLogAppender: Wait interrupted by java.lang.InterruptedException
2019-09-24 02:29:14,107 [ForkJoinPool.commonPool-worker-0] INFO  segmented.SegmentedRaftLogWorker (SegmentedRaftLogWorker.java:close(228)) - b3222389-c6d4-4a0f-8f23-1c6658166195@group-F6E997B618AC-SegmentedRaftLogWorker close()
2019-09-24 02:29:14,107 [main] INFO  impl.PendingRequests (PendingRequests.java:sendNotLeaderResponses(202)) - c1f213cf-52f9-46af-9dd6-cbe0bbbf4493-PendingRequests: sendNotLeaderResponses
2019-09-24 02:29:14,107 [org.apache.ratis.server.impl.LogAppender$AppenderDaemon$$Lambda$430/2026899056@190d5fb1] WARN  server.GrpcLogAppender (GrpcLogAppender.java:mayWait(143)) - c1f213cf-52f9-46af-9dd6-cbe0bbbf4493@group-A4B08C4637EB->da42697a-0d77-415b-812b-51cfdf9a7055-GrpcLogAppender: Wait interrupted by java.lang.InterruptedException
2019-09-24 02:29:14,109 [ForkJoinPool.commonPool-worker-0] INFO  impl.RaftServerImpl (RaftServerImpl.java:lambda$shutdown$3(251)) - b3222389-c6d4-4a0f-8f23-1c6658166195@group-4106404FCA85: shutdown
2019-09-24 02:29:14,110 [main] INFO  impl.StateMachineUpdater (StateMachineUpdater.java:stopAndJoin(125)) - c1f213cf-52f9-46af-9dd6-cbe0bbbf4493@group-A4B08C4637EB-StateMachineUpdater: set stopIndex = 0
2019-09-24 02:29:14,111 [main] INFO  impl.RaftServerImpl (ServerState.java:close(385)) - c1f213cf-52f9-46af-9dd6-cbe0bbbf4493@group-A4B08C4637EB: closes. applyIndex: 0
2019-09-24 02:29:14,110 [ForkJoinPool.commonPool-worker-0] INFO  util.JmxRegister (JmxRegister.java:unregister(73)) - Successfully un-registered JMX Bean with object name Ratis:service=RaftServer,group=group-4106404FCA85,id=b3222389-c6d4-4a0f-8f23-1c6658166195
2019-09-24 02:29:14,111 [c1f213cf-52f9-46af-9dd6-cbe0bbbf4493@group-A4B08C4637EB-SegmentedRaftLogWorker] INFO  segmented.SegmentedRaftLogWorker (SegmentedRaftLogWorker.java:run(313)) - c1f213cf-52f9-46af-9dd6-cbe0bbbf4493@group-A4B08C4637EB-SegmentedRaftLogWorker was interrupted, exiting. There are 0 tasks remaining in the queue.
2019-09-24 02:29:14,111 [ForkJoinPool.commonPool-worker-0] INFO  impl.RoleInfo (RoleInfo.java:shutdownLeaderState(104)) - b3222389-c6d4-4a0f-8f23-1c6658166195: shutdown LeaderState
2019-09-24 02:29:14,112 [main] INFO  segmented.SegmentedRaftLogWorker (SegmentedRaftLogWorker.java:close(228)) - c1f213cf-52f9-46af-9dd6-cbe0bbbf4493@group-A4B08C4637EB-SegmentedRaftLogWorker close()
2019-09-24 02:29:14,112 [ForkJoinPool.commonPool-worker-0] INFO  impl.PendingRequests (PendingRequests.java:sendNotLeaderResponses(202)) - b3222389-c6d4-4a0f-8f23-1c6658166195-PendingRequests: sendNotLeaderResponses
2019-09-24 02:29:14,114 [main] INFO  impl.RaftServerImpl (RaftServerImpl.java:lambda$shutdown$3(251)) - c1f213cf-52f9-46af-9dd6-cbe0bbbf4493@group-04E9D2CB7218: shutdown
2019-09-24 02:29:14,114 [ForkJoinPool.commonPool-worker-0] INFO  impl.StateMachineUpdater (StateMachineUpdater.java:stopAndJoin(125)) - b3222389-c6d4-4a0f-8f23-1c6658166195@group-4106404FCA85-StateMachineUpdater: set stopIndex = 0
2019-09-24 02:29:14,114 [main] INFO  util.JmxRegister (JmxRegister.java:unregister(73)) - Successfully un-registered JMX Bean with object name Ratis:service=RaftServer,group=group-04E9D2CB7218,id=c1f213cf-52f9-46af-9dd6-cbe0bbbf4493
2019-09-24 02:29:14,115 [ForkJoinPool.commonPool-worker-0] INFO  impl.RaftServerImpl (ServerState.java:close(385)) - b3222389-c6d4-4a0f-8f23-1c6658166195@group-4106404FCA85: closes. applyIndex: 0
2019-09-24 02:29:14,115 [main] INFO  impl.RoleInfo (RoleInfo.java:shutdownLeaderState(104)) - c1f213cf-52f9-46af-9dd6-cbe0bbbf4493: shutdown LeaderState
2019-09-24 02:29:14,116 [b3222389-c6d4-4a0f-8f23-1c6658166195@group-4106404FCA85-SegmentedRaftLogWorker] INFO  segmented.SegmentedRaftLogWorker (SegmentedRaftLogWorker.java:run(313)) - b3222389-c6d4-4a0f-8f23-1c6658166195@group-4106404FCA85-SegmentedRaftLogWorker was interrupted, exiting. There are 0 tasks remaining in the queue.
2019-09-24 02:29:14,116 [main] INFO  impl.PendingRequests (PendingRequests.java:sendNotLeaderResponses(202)) - c1f213cf-52f9-46af-9dd6-cbe0bbbf4493-PendingRequests: sendNotLeaderResponses
2019-09-24 02:29:14,116 [ForkJoinPool.commonPool-worker-0] INFO  segmented.SegmentedRaftLogWorker (SegmentedRaftLogWorker.java:close(228)) - b3222389-c6d4-4a0f-8f23-1c6658166195@group-4106404FCA85-SegmentedRaftLogWorker close()
2019-09-24 02:29:14,117 [main] INFO  impl.StateMachineUpdater (StateMachineUpdater.java:stopAndJoin(125)) - c1f213cf-52f9-46af-9dd6-cbe0bbbf4493@group-04E9D2CB7218-StateMachineUpdater: set stopIndex = 0
2019-09-24 02:29:14,118 [ForkJoinPool.commonPool-worker-0] INFO  server.GrpcService (GrpcService.java:closeImpl(164)) - b3222389-c6d4-4a0f-8f23-1c6658166195: shutdown server with port 46156 now
2019-09-24 02:29:14,119 [main] INFO  impl.RaftServerImpl (ServerState.java:close(385)) - c1f213cf-52f9-46af-9dd6-cbe0bbbf4493@group-04E9D2CB7218: closes. applyIndex: 0
2019-09-24 02:29:14,119 [ForkJoinPool.commonPool-worker-0] INFO  server.GrpcService (GrpcService.java:closeImpl(172)) - b3222389-c6d4-4a0f-8f23-1c6658166195: shutdown server with port 46156 successfully
2019-09-24 02:29:14,120 [c1f213cf-52f9-46af-9dd6-cbe0bbbf4493@group-04E9D2CB7218-SegmentedRaftLogWorker] INFO  segmented.SegmentedRaftLogWorker (SegmentedRaftLogWorker.java:run(313)) - c1f213cf-52f9-46af-9dd6-cbe0bbbf4493@group-04E9D2CB7218-SegmentedRaftLogWorker was interrupted, exiting. There are 0 tasks remaining in the queue.
2019-09-24 02:29:14,120 [main] INFO  segmented.SegmentedRaftLogWorker (SegmentedRaftLogWorker.java:close(228)) - c1f213cf-52f9-46af-9dd6-cbe0bbbf4493@group-04E9D2CB7218-SegmentedRaftLogWorker close()
2019-09-24 02:29:14,122 [main] INFO  server.GrpcService (GrpcService.java:closeImpl(164)) - c1f213cf-52f9-46af-9dd6-cbe0bbbf4493: shutdown server with port 45532 now
2019-09-24 02:29:14,123 [main] INFO  server.GrpcService (GrpcService.java:closeImpl(172)) - c1f213cf-52f9-46af-9dd6-cbe0bbbf4493: shutdown server with port 45532 successfully
2019-09-24 02:29:14,124 [refreshUsed-/workdir/hadoop-ozone/integration-test/target/test-dir/MiniOzoneClusterImpl-7938e232-3eaf-47c6-84ae-b0e11761d891/datanode-1/data/containers] WARN  fs.CachingGetSpaceUsed (CachingGetSpaceUsed.java:run(183)) - Thread Interrupted waiting to refresh disk information: sleep interrupted
2019-09-24 02:29:14,127 [refreshUsed-/workdir/hadoop-ozone/integration-test/target/test-dir/MiniOzoneClusterImpl-7938e232-3eaf-47c6-84ae-b0e11761d891/datanode-7/data/containers] WARN  fs.CachingGetSpaceUsed (CachingGetSpaceUsed.java:run(183)) - Thread Interrupted waiting to refresh disk information: sleep interrupted
2019-09-24 02:29:14,146 [main] INFO  utils.BackgroundService (BackgroundService.java:shutdown(148)) - Shutting down service BlockDeletingService
2019-09-24 02:29:14,147 [ForkJoinPool.commonPool-worker-0] INFO  utils.BackgroundService (BackgroundService.java:shutdown(148)) - Shutting down service BlockDeletingService
2019-09-24 02:29:14,153 [main] INFO  statemachine.DatanodeStateMachine (DatanodeStateMachine.java:stopDaemon(395)) - Ozone container server stopped.
2019-09-24 02:29:14,154 [ForkJoinPool.commonPool-worker-0] INFO  statemachine.DatanodeStateMachine (DatanodeStateMachine.java:stopDaemon(395)) - Ozone container server stopped.
2019-09-24 02:29:14,158 [main] INFO  handler.ContextHandler (ContextHandler.java:doStop(910)) - Stopped o.e.j.w.WebAppContext@7e7743ec{/,null,UNAVAILABLE}{/hddsDatanode}
2019-09-24 02:29:14,158 [ForkJoinPool.commonPool-worker-0] INFO  handler.ContextHandler (ContextHandler.java:doStop(910)) - Stopped o.e.j.w.WebAppContext@29896529{/,null,UNAVAILABLE}{/hddsDatanode}
2019-09-24 02:29:14,159 [main] INFO  server.AbstractConnector (AbstractConnector.java:doStop(318)) - Stopped ServerConnector@776015fc{HTTP/1.1,[http/1.1]}{0.0.0.0:0}
2019-09-24 02:29:14,160 [ForkJoinPool.commonPool-worker-0] INFO  server.AbstractConnector (AbstractConnector.java:doStop(318)) - Stopped ServerConnector@e29f4f6{HTTP/1.1,[http/1.1]}{0.0.0.0:0}
2019-09-24 02:29:14,160 [main] INFO  handler.ContextHandler (ContextHandler.java:doStop(910)) - Stopped o.e.j.s.ServletContextHandler@3249e278{/static,jar:file:/home/user/.m2/repository/org/apache/hadoop/hadoop-hdds-container-service/0.5.0-SNAPSHOT/hadoop-hdds-container-service-0.5.0-SNAPSHOT.jar!/webapps/static,UNAVAILABLE}
2019-09-24 02:29:14,161 [ForkJoinPool.commonPool-worker-0] INFO  handler.ContextHandler (ContextHandler.java:doStop(910)) - Stopped o.e.j.s.ServletContextHandler@1039bfc4{/static,jar:file:/home/user/.m2/repository/org/apache/hadoop/hadoop-hdds-container-service/0.5.0-SNAPSHOT/hadoop-hdds-container-service-0.5.0-SNAPSHOT.jar!/webapps/static,UNAVAILABLE}
2019-09-24 02:29:14,161 [main] INFO  handler.ContextHandler (ContextHandler.java:doStop(910)) - Stopped o.e.j.s.ServletContextHandler@c8f97a7{/logs,file:///workdir/hadoop-ozone/integration-test/target/log,UNAVAILABLE}
2019-09-24 02:29:14,163 [ForkJoinPool.commonPool-worker-0] INFO  handler.ContextHandler (ContextHandler.java:doStop(910)) - Stopped o.e.j.s.ServletContextHandler@52559a69{/logs,file:///workdir/hadoop-ozone/integration-test/target/log,UNAVAILABLE}
2019-09-24 02:29:14,166 [main] INFO  ozone.MiniOzoneClusterImpl (MiniOzoneClusterImpl.java:stopSCM(392)) - Stopping the StorageContainerManager
2019-09-24 02:29:14,166 [main] INFO  server.StorageContainerManager (StorageContainerManager.java:stop(808)) - Stopping Replication Manager Service.
2019-09-24 02:29:14,166 [main] INFO  container.ReplicationManager (ReplicationManager.java:stop(203)) - Stopping Replication Monitor Thread.
2019-09-24 02:29:14,166 [main] INFO  server.StorageContainerManager (StorageContainerManager.java:stop(815)) - Stopping Lease Manager of the command watchers
2019-09-24 02:29:14,167 [main] INFO  server.StorageContainerManager (StorageContainerManager.java:stop(822)) - Stopping datanode service RPC server
2019-09-24 02:29:14,167 [main] INFO  server.SCMDatanodeProtocolServer (SCMDatanodeProtocolServer.java:stop(367)) - Stopping the RPC server for DataNodes
2019-09-24 02:29:14,167 [main] INFO  ipc.Server (Server.java:stop(3082)) - Stopping server on 38726
2019-09-24 02:29:14,171 [IPC Server listener on 38726] INFO  ipc.Server (Server.java:run(1185)) - Stopping IPC Server listener on 38726
2019-09-24 02:29:14,171 [IPC Server Responder] INFO  ipc.Server (Server.java:run(1319)) - Stopping IPC Server Responder
2019-09-24 02:29:14,263 [SCM Heartbeat Processing Thread - 0] WARN  node.NodeStateManager (NodeStateManager.java:scheduleNextHealthCheck(646)) - Current Thread is interrupted, shutting down HB processing thread for Node Manager.
2019-09-24 02:29:14,263 [main] INFO  server.StorageContainerManager (StorageContainerManager.java:stop(830)) - Stopping block service RPC server
2019-09-24 02:29:14,263 [main] INFO  server.SCMBlockProtocolServer (SCMBlockProtocolServer.java:stop(155)) - Stopping the RPC server for Block Protocol
2019-09-24 02:29:14,264 [main] INFO  ipc.Server (Server.java:stop(3082)) - Stopping server on 41371
2019-09-24 02:29:14,266 [IPC Server listener on 41371] INFO  ipc.Server (Server.java:run(1185)) - Stopping IPC Server listener on 41371
2019-09-24 02:29:14,266 [main] INFO  server.StorageContainerManager (StorageContainerManager.java:stop(837)) - Stopping the StorageContainerLocationProtocol RPC server
2019-09-24 02:29:14,268 [main] INFO  server.SCMClientProtocolServer (SCMClientProtocolServer.java:stop(159)) - Stopping the RPC server for Client Protocol
2019-09-24 02:29:14,268 [main] INFO  ipc.Server (Server.java:stop(3082)) - Stopping server on 39431
2019-09-24 02:29:14,267 [IPC Server Responder] INFO  ipc.Server (Server.java:run(1319)) - Stopping IPC Server Responder
2019-09-24 02:29:14,271 [IPC Server listener on 39431] INFO  ipc.Server (Server.java:run(1185)) - Stopping IPC Server listener on 39431
2019-09-24 02:29:14,271 [main] INFO  server.StorageContainerManager (StorageContainerManager.java:stop(844)) - Stopping Storage Container Manager HTTP server.
2019-09-24 02:29:14,272 [IPC Server Responder] INFO  ipc.Server (Server.java:run(1319)) - Stopping IPC Server Responder
2019-09-24 02:29:14,273 [main] INFO  handler.ContextHandler (ContextHandler.java:doStop(910)) - Stopped o.e.j.w.WebAppContext@2349f14d{/,null,UNAVAILABLE}{/scm}
2019-09-24 02:29:14,274 [main] INFO  server.AbstractConnector (AbstractConnector.java:doStop(318)) - Stopped ServerConnector@17e0933c{HTTP/1.1,[http/1.1]}{0.0.0.0:0}
2019-09-24 02:29:14,274 [main] INFO  handler.ContextHandler (ContextHandler.java:doStop(910)) - Stopped o.e.j.s.ServletContextHandler@30db5536{/static,file:///workdir/hadoop-ozone/integration-test/target/test-classes/webapps/static,UNAVAILABLE}
2019-09-24 02:29:14,275 [main] INFO  handler.ContextHandler (ContextHandler.java:doStop(910)) - Stopped o.e.j.s.ServletContextHandler@49f3ff41{/logs,file:///workdir/hadoop-ozone/integration-test/target/log,UNAVAILABLE}
2019-09-24 02:29:14,276 [main] INFO  server.StorageContainerManager (StorageContainerManager.java:stop(855)) - Stopping Block Manager Service.
2019-09-24 02:29:14,276 [main] INFO  utils.BackgroundService (BackgroundService.java:shutdown(148)) - Shutting down service SCMBlockDeletingService
2019-09-24 02:29:14,277 [main] INFO  utils.BackgroundService (BackgroundService.java:shutdown(148)) - Shutting down service SCMBlockDeletingService
2019-09-24 02:29:14,277 [main] INFO  server.StorageContainerManager (StorageContainerManager.java:stop(877)) - Stopping SCM Event Queue.
2019-09-24 02:29:14,282 [main] INFO  impl.MetricsSystemImpl (MetricsSystemImpl.java:stop(210)) - Stopping HddsDatanode metrics system...
2019-09-24 02:29:14,303 [main] INFO  impl.MetricsSystemImpl (MetricsSystemImpl.java:stop(216)) - HddsDatanode metrics system stopped.
]]></system-out>
    <system-err><![CDATA[Sep 24, 2019 2:28:53 AM org.apache.ratis.thirdparty.io.grpc.internal.SerializingExecutor run
SEVERE: Exception while executing runnable org.apache.ratis.thirdparty.io.grpc.internal.ServerImpl$JumpToApplicationThreadServerStreamListener$1Closed@4394ebc4
org.apache.ratis.thirdparty.io.grpc.StatusRuntimeException: CANCELLED: call already cancelled
	at org.apache.ratis.thirdparty.io.grpc.Status.asRuntimeException(Status.java:517)
	at org.apache.ratis.thirdparty.io.grpc.stub.ServerCalls$ServerCallStreamObserverImpl.onCompleted(ServerCalls.java:356)
	at org.apache.ratis.grpc.server.GrpcServerProtocolService$ServerRequestStreamObserver.onError(GrpcServerProtocolService.java:121)
	at org.apache.ratis.thirdparty.io.grpc.stub.ServerCalls$StreamingServerCallHandler$StreamingServerCallListener.onCancel(ServerCalls.java:269)
	at org.apache.ratis.thirdparty.io.grpc.internal.ServerCallImpl$ServerStreamListenerImpl.closed(ServerCallImpl.java:293)
	at org.apache.ratis.thirdparty.io.grpc.internal.ServerImpl$JumpToApplicationThreadServerStreamListener$1Closed.runInContext(ServerImpl.java:741)
	at org.apache.ratis.thirdparty.io.grpc.internal.ContextRunnable.run(ContextRunnable.java:37)
	at org.apache.ratis.thirdparty.io.grpc.internal.SerializingExecutor.run(SerializingExecutor.java:123)
	at java.util.concurrent.ThreadPoolExecutor.runWorker(ThreadPoolExecutor.java:1149)
	at java.util.concurrent.ThreadPoolExecutor$Worker.run(ThreadPoolExecutor.java:624)
	at java.lang.Thread.run(Thread.java:748)

Sep 24, 2019 2:29:03 AM org.apache.ratis.thirdparty.io.grpc.internal.SerializingExecutor run
SEVERE: Exception while executing runnable org.apache.ratis.thirdparty.io.grpc.internal.ServerImpl$JumpToApplicationThreadServerStreamListener$1Closed@56d85349
org.apache.ratis.thirdparty.io.grpc.StatusRuntimeException: CANCELLED: call already cancelled
	at org.apache.ratis.thirdparty.io.grpc.Status.asRuntimeException(Status.java:517)
	at org.apache.ratis.thirdparty.io.grpc.stub.ServerCalls$ServerCallStreamObserverImpl.onCompleted(ServerCalls.java:356)
	at org.apache.ratis.grpc.server.GrpcServerProtocolService$ServerRequestStreamObserver.onError(GrpcServerProtocolService.java:121)
	at org.apache.ratis.thirdparty.io.grpc.stub.ServerCalls$StreamingServerCallHandler$StreamingServerCallListener.onCancel(ServerCalls.java:269)
	at org.apache.ratis.thirdparty.io.grpc.internal.ServerCallImpl$ServerStreamListenerImpl.closed(ServerCallImpl.java:293)
	at org.apache.ratis.thirdparty.io.grpc.internal.ServerImpl$JumpToApplicationThreadServerStreamListener$1Closed.runInContext(ServerImpl.java:741)
	at org.apache.ratis.thirdparty.io.grpc.internal.ContextRunnable.run(ContextRunnable.java:37)
	at org.apache.ratis.thirdparty.io.grpc.internal.SerializingExecutor.run(SerializingExecutor.java:123)
	at java.util.concurrent.ThreadPoolExecutor.runWorker(ThreadPoolExecutor.java:1149)
	at java.util.concurrent.ThreadPoolExecutor$Worker.run(ThreadPoolExecutor.java:624)
	at java.lang.Thread.run(Thread.java:748)

Sep 24, 2019 2:29:03 AM org.apache.ratis.thirdparty.io.grpc.internal.SerializingExecutor run
SEVERE: Exception while executing runnable org.apache.ratis.thirdparty.io.grpc.internal.ServerImpl$JumpToApplicationThreadServerStreamListener$1Closed@6bda025d
org.apache.ratis.thirdparty.io.grpc.StatusRuntimeException: CANCELLED: call already cancelled
	at org.apache.ratis.thirdparty.io.grpc.Status.asRuntimeException(Status.java:517)
	at org.apache.ratis.thirdparty.io.grpc.stub.ServerCalls$ServerCallStreamObserverImpl.onCompleted(ServerCalls.java:356)
	at org.apache.ratis.grpc.server.GrpcServerProtocolService$ServerRequestStreamObserver.onError(GrpcServerProtocolService.java:121)
	at org.apache.ratis.thirdparty.io.grpc.stub.ServerCalls$StreamingServerCallHandler$StreamingServerCallListener.onCancel(ServerCalls.java:269)
	at org.apache.ratis.thirdparty.io.grpc.internal.ServerCallImpl$ServerStreamListenerImpl.closed(ServerCallImpl.java:293)
	at org.apache.ratis.thirdparty.io.grpc.internal.ServerImpl$JumpToApplicationThreadServerStreamListener$1Closed.runInContext(ServerImpl.java:741)
	at org.apache.ratis.thirdparty.io.grpc.internal.ContextRunnable.run(ContextRunnable.java:37)
	at org.apache.ratis.thirdparty.io.grpc.internal.SerializingExecutor.run(SerializingExecutor.java:123)
	at java.util.concurrent.ThreadPoolExecutor.runWorker(ThreadPoolExecutor.java:1149)
	at java.util.concurrent.ThreadPoolExecutor$Worker.run(ThreadPoolExecutor.java:624)
	at java.lang.Thread.run(Thread.java:748)

Sep 24, 2019 2:29:09 AM org.apache.ratis.thirdparty.io.grpc.internal.SerializingExecutor run
SEVERE: Exception while executing runnable org.apache.ratis.thirdparty.io.grpc.internal.ServerImpl$JumpToApplicationThreadServerStreamListener$1Closed@6a6cc09
org.apache.ratis.thirdparty.io.grpc.StatusRuntimeException: CANCELLED: call already cancelled
	at org.apache.ratis.thirdparty.io.grpc.Status.asRuntimeException(Status.java:517)
	at org.apache.ratis.thirdparty.io.grpc.stub.ServerCalls$ServerCallStreamObserverImpl.onCompleted(ServerCalls.java:356)
	at org.apache.ratis.grpc.server.GrpcServerProtocolService$ServerRequestStreamObserver.onError(GrpcServerProtocolService.java:121)
	at org.apache.ratis.thirdparty.io.grpc.stub.ServerCalls$StreamingServerCallHandler$StreamingServerCallListener.onCancel(ServerCalls.java:269)
	at org.apache.ratis.thirdparty.io.grpc.internal.ServerCallImpl$ServerStreamListenerImpl.closed(ServerCallImpl.java:293)
	at org.apache.ratis.thirdparty.io.grpc.internal.ServerImpl$JumpToApplicationThreadServerStreamListener$1Closed.runInContext(ServerImpl.java:741)
	at org.apache.ratis.thirdparty.io.grpc.internal.ContextRunnable.run(ContextRunnable.java:37)
	at org.apache.ratis.thirdparty.io.grpc.internal.SerializingExecutor.run(SerializingExecutor.java:123)
	at java.util.concurrent.ThreadPoolExecutor.runWorker(ThreadPoolExecutor.java:1149)
	at java.util.concurrent.ThreadPoolExecutor$Worker.run(ThreadPoolExecutor.java:624)
	at java.lang.Thread.run(Thread.java:748)

]]></system-err>
  </testcase>
  <testcase name="testBlockWritesWithDnFailures" classname="org.apache.hadoop.ozone.client.rpc.TestFailureHandlingByClient" time="141.827">
    <error message="Connection refused" type="java.net.ConnectException"><![CDATA[java.net.ConnectException: Connection refused
	at sun.nio.ch.SocketChannelImpl.checkConnect(Native Method)
	at sun.nio.ch.SocketChannelImpl.finishConnect(SocketChannelImpl.java:717)
	at org.apache.hadoop.net.SocketIOWithTimeout.connect(SocketIOWithTimeout.java:206)
	at org.apache.hadoop.net.NetUtils.connect(NetUtils.java:531)
	at org.apache.hadoop.ipc.Client$Connection.setupConnection(Client.java:690)
	at org.apache.hadoop.ipc.Client$Connection.setupIOstreams(Client.java:794)
	at org.apache.hadoop.ipc.Client$Connection.access$3700(Client.java:411)
	at org.apache.hadoop.ipc.Client.getConnection(Client.java:1572)
	at org.apache.hadoop.ipc.Client.call(Client.java:1403)
	at org.apache.hadoop.ipc.Client.call(Client.java:1367)
	at org.apache.hadoop.ipc.ProtobufRpcEngine$Invoker.invoke(ProtobufRpcEngine.java:228)
	at org.apache.hadoop.ipc.ProtobufRpcEngine$Invoker.invoke(ProtobufRpcEngine.java:116)
	at com.sun.proxy.$Proxy35.submitRequest(Unknown Source)
	at sun.reflect.GeneratedMethodAccessor36.invoke(Unknown Source)
	at sun.reflect.DelegatingMethodAccessorImpl.invoke(DelegatingMethodAccessorImpl.java:43)
	at java.lang.reflect.Method.invoke(Method.java:498)
	at org.apache.hadoop.io.retry.RetryInvocationHandler.invokeMethod(RetryInvocationHandler.java:422)
	at org.apache.hadoop.io.retry.RetryInvocationHandler$Call.invokeMethod(RetryInvocationHandler.java:165)
	at org.apache.hadoop.io.retry.RetryInvocationHandler$Call.invoke(RetryInvocationHandler.java:157)
	at org.apache.hadoop.io.retry.RetryInvocationHandler$Call.invokeOnce(RetryInvocationHandler.java:95)
	at org.apache.hadoop.io.retry.RetryInvocationHandler.invoke(RetryInvocationHandler.java:359)
	at com.sun.proxy.$Proxy35.submitRequest(Unknown Source)
	at org.apache.hadoop.ozone.om.protocolPB.OzoneManagerProtocolClientSideTranslatorPB.submitRequest(OzoneManagerProtocolClientSideTranslatorPB.java:338)
	at org.apache.hadoop.ozone.om.protocolPB.OzoneManagerProtocolClientSideTranslatorPB.getServiceInfo(OzoneManagerProtocolClientSideTranslatorPB.java:1223)
	at sun.reflect.NativeMethodAccessorImpl.invoke0(Native Method)
	at sun.reflect.NativeMethodAccessorImpl.invoke(NativeMethodAccessorImpl.java:62)
	at sun.reflect.DelegatingMethodAccessorImpl.invoke(DelegatingMethodAccessorImpl.java:43)
	at java.lang.reflect.Method.invoke(Method.java:498)
	at org.apache.hadoop.hdds.tracing.TraceAllMethod.invoke(TraceAllMethod.java:66)
	at com.sun.proxy.$Proxy36.getServiceInfo(Unknown Source)
	at org.apache.hadoop.ozone.client.rpc.RpcClient.<init>(RpcClient.java:154)
	at org.apache.hadoop.ozone.client.OzoneClientFactory.getClientProtocol(OzoneClientFactory.java:256)
	at org.apache.hadoop.ozone.client.OzoneClientFactory.getClientProtocol(OzoneClientFactory.java:239)
	at org.apache.hadoop.ozone.client.OzoneClientFactory.getClient(OzoneClientFactory.java:75)
	at org.apache.hadoop.ozone.client.rpc.TestFailureHandlingByClient.init(TestFailureHandlingByClient.java:111)
	at org.apache.hadoop.ozone.client.rpc.TestFailureHandlingByClient.startCluster(TestFailureHandlingByClient.java:121)
	at org.apache.hadoop.ozone.client.rpc.TestFailureHandlingByClient.testBlockWritesWithDnFailures(TestFailureHandlingByClient.java:136)
	at sun.reflect.NativeMethodAccessorImpl.invoke0(Native Method)
	at sun.reflect.NativeMethodAccessorImpl.invoke(NativeMethodAccessorImpl.java:62)
	at sun.reflect.DelegatingMethodAccessorImpl.invoke(DelegatingMethodAccessorImpl.java:43)
	at java.lang.reflect.Method.invoke(Method.java:498)
	at org.junit.runners.model.FrameworkMethod$1.runReflectiveCall(FrameworkMethod.java:47)
	at org.junit.internal.runners.model.ReflectiveCallable.run(ReflectiveCallable.java:12)
	at org.junit.runners.model.FrameworkMethod.invokeExplosively(FrameworkMethod.java:44)
	at org.junit.internal.runners.statements.InvokeMethod.evaluate(InvokeMethod.java:17)
	at org.junit.internal.runners.statements.RunAfters.evaluate(RunAfters.java:27)
	at org.junit.runners.ParentRunner.runLeaf(ParentRunner.java:271)
	at org.junit.runners.BlockJUnit4ClassRunner.runChild(BlockJUnit4ClassRunner.java:70)
	at org.junit.runners.BlockJUnit4ClassRunner.runChild(BlockJUnit4ClassRunner.java:50)
	at org.junit.runners.ParentRunner$3.run(ParentRunner.java:238)
	at org.junit.runners.ParentRunner$1.schedule(ParentRunner.java:63)
	at org.junit.runners.ParentRunner.runChildren(ParentRunner.java:236)
	at org.junit.runners.ParentRunner.access$000(ParentRunner.java:53)
	at org.junit.runners.ParentRunner$2.evaluate(ParentRunner.java:229)
	at org.junit.runners.ParentRunner.run(ParentRunner.java:309)
	at org.apache.maven.surefire.junit4.JUnit4Provider.execute(JUnit4Provider.java:365)
	at org.apache.maven.surefire.junit4.JUnit4Provider.executeWithRerun(JUnit4Provider.java:273)
	at org.apache.maven.surefire.junit4.JUnit4Provider.executeTestSet(JUnit4Provider.java:238)
	at org.apache.maven.surefire.junit4.JUnit4Provider.invoke(JUnit4Provider.java:159)
	at org.apache.maven.surefire.booter.ForkedBooter.invokeProviderInSameClassLoader(ForkedBooter.java:384)
	at org.apache.maven.surefire.booter.ForkedBooter.runSuitesInProcess(ForkedBooter.java:345)
	at org.apache.maven.surefire.booter.ForkedBooter.execute(ForkedBooter.java:126)
	at org.apache.maven.surefire.booter.ForkedBooter.main(ForkedBooter.java:418)
]]></error>
    <system-out><![CDATA[2019-09-24 02:29:14,345 [main] WARN  server.ServerUtils (ServerUtils.java:getScmDbDir(145)) - ozone.scm.db.dirs is not configured. We recommend adding this setting. Falling back to ozone.metadata.dirs instead.
2019-09-24 02:29:14,377 [main] WARN  server.ServerUtils (ServerUtils.java:getScmDbDir(145)) - ozone.scm.db.dirs is not configured. We recommend adding this setting. Falling back to ozone.metadata.dirs instead.
2019-09-24 02:29:14,378 [main] WARN  server.ServerUtils (ServerUtils.java:getScmDbDir(145)) - ozone.scm.db.dirs is not configured. We recommend adding this setting. Falling back to ozone.metadata.dirs instead.
2019-09-24 02:29:14,379 [main] INFO  db.DBStoreBuilder (DBStoreBuilder.java:addTable(110)) - using custom profile for table: deletedBlocks
2019-09-24 02:29:14,379 [main] INFO  db.DBStoreBuilder (DBStoreBuilder.java:processTables(161)) - Using default column profile:DBProfile.DISK for Table:deletedBlocks
2019-09-24 02:29:14,379 [main] INFO  db.DBStoreBuilder (DBStoreBuilder.java:addTable(110)) - using custom profile for table: validCerts
2019-09-24 02:29:14,379 [main] INFO  db.DBStoreBuilder (DBStoreBuilder.java:processTables(161)) - Using default column profile:DBProfile.DISK for Table:validCerts
2019-09-24 02:29:14,380 [main] INFO  db.DBStoreBuilder (DBStoreBuilder.java:addTable(110)) - using custom profile for table: revokedCerts
2019-09-24 02:29:14,380 [main] INFO  db.DBStoreBuilder (DBStoreBuilder.java:processTables(161)) - Using default column profile:DBProfile.DISK for Table:revokedCerts
2019-09-24 02:29:14,380 [main] INFO  db.DBStoreBuilder (DBStoreBuilder.java:addTable(110)) - using custom profile for table: default
2019-09-24 02:29:14,381 [main] INFO  db.DBStoreBuilder (DBStoreBuilder.java:processTables(167)) - Using default column profile:DBProfile.DISK for Table:default
2019-09-24 02:29:14,381 [main] INFO  db.DBStoreBuilder (DBStoreBuilder.java:getDbProfile(198)) - Using default options. DBProfile.DISK
2019-09-24 02:29:14,541 [main] INFO  net.NodeSchemaLoader (NodeSchemaLoader.java:loadSchemaFromFile(125)) - Loading file from sun.misc.CompoundEnumeration@7b222230
2019-09-24 02:29:14,541 [main] INFO  net.NodeSchemaLoader (NodeSchemaLoader.java:loadSchema(171)) - Loading network topology layer schema file
2019-09-24 02:29:14,548 [main] INFO  node.SCMNodeManager (SCMNodeManager.java:<init>(114)) - Entering startup safe mode.
2019-09-24 02:29:14,549 [main] INFO  algorithms.ContainerPlacementPolicyFactory (ContainerPlacementPolicyFactory.java:getPolicy(57)) - Create container placement policy of type org.apache.hadoop.hdds.scm.container.placement.algorithms.SCMContainerPlacementRandom
2019-09-24 02:29:14,549 [main] WARN  server.ServerUtils (ServerUtils.java:getScmDbDir(145)) - ozone.scm.db.dirs is not configured. We recommend adding this setting. Falling back to ozone.metadata.dirs instead.
2019-09-24 02:29:14,599 [main] INFO  pipeline.SCMPipelineManager (SCMPipelineManager.java:initializePipelineState(132)) - No pipeline exists in current db
2019-09-24 02:29:14,600 [main] WARN  server.ServerUtils (ServerUtils.java:getScmDbDir(145)) - ozone.scm.db.dirs is not configured. We recommend adding this setting. Falling back to ozone.metadata.dirs instead.
2019-09-24 02:29:14,626 [main] WARN  events.EventQueue (EventQueue.java:fireEvent(183)) - No event handler registered for event TypedEvent{payloadType=SafeModeStatus, name='SafeModeStatus'}
2019-09-24 02:29:14,627 [main] INFO  ipc.CallQueueManager (CallQueueManager.java:<init>(84)) - Using callQueue: class java.util.concurrent.LinkedBlockingQueue, queueCapacity: 2000, scheduler: class org.apache.hadoop.ipc.DefaultRpcScheduler, ipcBackoff: false.
2019-09-24 02:29:14,629 [Socket Reader #1 for port 42998] INFO  ipc.Server (Server.java:run(1074)) - Starting Socket Reader #1 for port 42998
2019-09-24 02:29:14,631 [main] INFO  ipc.CallQueueManager (CallQueueManager.java:<init>(84)) - Using callQueue: class java.util.concurrent.LinkedBlockingQueue, queueCapacity: 2000, scheduler: class org.apache.hadoop.ipc.DefaultRpcScheduler, ipcBackoff: false.
2019-09-24 02:29:14,632 [Socket Reader #1 for port 37352] INFO  ipc.Server (Server.java:run(1074)) - Starting Socket Reader #1 for port 37352
2019-09-24 02:29:14,634 [main] INFO  ipc.CallQueueManager (CallQueueManager.java:<init>(84)) - Using callQueue: class java.util.concurrent.LinkedBlockingQueue, queueCapacity: 2000, scheduler: class org.apache.hadoop.ipc.DefaultRpcScheduler, ipcBackoff: false.
2019-09-24 02:29:14,634 [Socket Reader #1 for port 38303] INFO  ipc.Server (Server.java:run(1074)) - Starting Socket Reader #1 for port 38303
2019-09-24 02:29:14,638 [main] INFO  hdfs.DFSUtil (DFSUtil.java:httpServerTemplateForNNAndJN(1641)) - Starting Web-server for scm at: http://0.0.0.0:0
2019-09-24 02:29:14,641 [main] INFO  server.AuthenticationFilter (AuthenticationFilter.java:constructSecretProvider(240)) - Unable to initialize FileSignerSecretProvider, falling back to use random secrets.
2019-09-24 02:29:14,641 [main] WARN  http.HttpRequestLog (HttpRequestLog.java:getRequestLog(97)) - Jetty request log can only be enabled using Log4j
2019-09-24 02:29:14,644 [main] INFO  http.HttpServer2 (HttpServer2.java:addGlobalFilter(975)) - Added global filter 'safety' (class=org.apache.hadoop.http.HttpServer2$QuotingInputFilter)
2019-09-24 02:29:14,645 [main] INFO  http.HttpServer2 (HttpServer2.java:addFilter(948)) - Added filter static_user_filter (class=org.apache.hadoop.http.lib.StaticUserWebFilter$StaticUserFilter) to context scm
2019-09-24 02:29:14,645 [main] INFO  http.HttpServer2 (HttpServer2.java:addFilter(958)) - Added filter static_user_filter (class=org.apache.hadoop.http.lib.StaticUserWebFilter$StaticUserFilter) to context logs
2019-09-24 02:29:14,645 [main] INFO  http.HttpServer2 (HttpServer2.java:addFilter(958)) - Added filter static_user_filter (class=org.apache.hadoop.http.lib.StaticUserWebFilter$StaticUserFilter) to context static
2019-09-24 02:29:14,648 [main] INFO  server.StorageContainerManager (StorageContainerManager.java:start(770)) - StorageContainerLocationProtocol RPC server is listening at /0.0.0.0:38303
2019-09-24 02:29:14,651 [main] WARN  impl.MetricsConfig (MetricsConfig.java:loadFirst(134)) - Cannot locate configuration: tried hadoop-metrics2-storagecontainermanager.properties,hadoop-metrics2.properties
2019-09-24 02:29:14,654 [main] INFO  impl.MetricsSystemImpl (MetricsSystemImpl.java:startTimer(374)) - Scheduled Metric snapshot period at 10 second(s).
2019-09-24 02:29:14,654 [main] INFO  impl.MetricsSystemImpl (MetricsSystemImpl.java:start(191)) - StorageContainerManager metrics system started
2019-09-24 02:29:14,713 [main] WARN  impl.MetricsSystemImpl (MetricsSystemImpl.java:register(276)) - Sink prometheus already exists!
2019-09-24 02:29:14,784 [main] INFO  server.SCMClientProtocolServer (SCMClientProtocolServer.java:start(151)) - RPC server for Client  is listening at /0.0.0.0:38303
2019-09-24 02:29:14,784 [IPC Server Responder] INFO  ipc.Server (Server.java:run(1314)) - IPC Server Responder: starting
2019-09-24 02:29:14,785 [IPC Server listener on 38303] INFO  ipc.Server (Server.java:run(1153)) - IPC Server listener on 38303: starting
2019-09-24 02:29:14,789 [main] INFO  server.StorageContainerManager (StorageContainerManager.java:start(780)) - ScmBlockLocationProtocol RPC server is listening at /0.0.0.0:37352
2019-09-24 02:29:14,789 [main] INFO  server.SCMBlockProtocolServer (SCMBlockProtocolServer.java:start(146)) - RPC server for Block Protocol is listening at /0.0.0.0:37352
2019-09-24 02:29:14,789 [IPC Server Responder] INFO  ipc.Server (Server.java:run(1314)) - IPC Server Responder: starting
2019-09-24 02:29:14,790 [IPC Server listener on 37352] INFO  ipc.Server (Server.java:run(1153)) - IPC Server listener on 37352: starting
2019-09-24 02:29:14,794 [main] INFO  server.StorageContainerManager (StorageContainerManager.java:start(784)) - ScmDatanodeProtocl RPC server is listening at /0.0.0.0:42998
2019-09-24 02:29:14,794 [main] INFO  server.SCMDatanodeProtocolServer (SCMDatanodeProtocolServer.java:start(191)) - RPC server for DataNodes is listening at /0.0.0.0:42998
2019-09-24 02:29:14,794 [IPC Server listener on 42998] INFO  ipc.Server (Server.java:run(1153)) - IPC Server listener on 42998: starting
2019-09-24 02:29:14,794 [IPC Server Responder] INFO  ipc.Server (Server.java:run(1314)) - IPC Server Responder: starting
2019-09-24 02:29:14,799 [main] INFO  http.HttpServer2 (HttpServer2.java:bindListener(1191)) - Jetty bound to port 32875
2019-09-24 02:29:14,799 [main] INFO  server.Server (Server.java:doStart(351)) - jetty-9.3.25.v20180904, build timestamp: 2018-09-04T21:11:46Z, git hash: 3ce520221d0240229c862b122d2b06c12a625732
2019-09-24 02:29:14,800 [main] INFO  handler.ContextHandler (ContextHandler.java:doStart(781)) - Started o.e.j.s.ServletContextHandler@7e5b621b{/logs,file:///workdir/hadoop-ozone/integration-test/target/log,AVAILABLE}
2019-09-24 02:29:14,801 [main] INFO  handler.ContextHandler (ContextHandler.java:doStart(781)) - Started o.e.j.s.ServletContextHandler@e5c2463{/static,file:///workdir/hadoop-ozone/integration-test/target/test-classes/webapps/static,AVAILABLE}
2019-09-24 02:29:14,805 [main] INFO  handler.ContextHandler (ContextHandler.java:doStart(781)) - Started o.e.j.w.WebAppContext@2443135{/,file:///workdir/hadoop-ozone/integration-test/target/test-classes/webapps/scm/,AVAILABLE}{/scm}
2019-09-24 02:29:14,805 [main] INFO  server.AbstractConnector (AbstractConnector.java:doStart(278)) - Started ServerConnector@184823ed{HTTP/1.1,[http/1.1]}{0.0.0.0:32875}
2019-09-24 02:29:14,806 [main] INFO  server.Server (Server.java:doStart(419)) - Started @434050ms
2019-09-24 02:29:14,806 [main] WARN  impl.MetricsSystemImpl (MetricsSystemImpl.java:register(276)) - Sink prometheus already exists!
2019-09-24 02:29:14,809 [main] INFO  server.BaseHttpServer (BaseHttpServer.java:updateConnectorAddress(215)) - HTTP server of SCM is listening at http://0.0.0.0:32875
2019-09-24 02:29:14,809 [main] WARN  server.ServerUtils (ServerUtils.java:getDBPath(222)) - ozone.om.db.dirs is not configured. We recommend adding this setting. Falling back to ozone.metadata.dirs instead.
2019-09-24 02:29:14,810 [org.apache.hadoop.util.JvmPauseMonitor$Monitor@3ca14cf4] INFO  util.JvmPauseMonitor (JvmPauseMonitor.java:run(188)) - Starting JVM pause monitor
2019-09-24 02:29:14,817 [main] INFO  ha.OMHANodeDetails (OMHANodeDetails.java:loadOMHAConfig(138)) - Found matching OM address with OMServiceId: null, OMNodeId: null, RPC Address: localhost:0 and Ratis port: 9872
2019-09-24 02:29:14,817 [main] INFO  ha.OMHANodeDetails (OMHANodeDetails.java:setOMNodeSpecificConfigs(240)) - Setting configuration key ozone.om.http-address with value of key ozone.om.http-address: 127.0.0.1:0
2019-09-24 02:29:14,817 [main] INFO  ha.OMHANodeDetails (OMHANodeDetails.java:setOMNodeSpecificConfigs(240)) - Setting configuration key ozone.om.https-address with value of key ozone.om.https-address: 0.0.0.0:9875
2019-09-24 02:29:14,817 [main] INFO  ha.OMHANodeDetails (OMHANodeDetails.java:setOMNodeSpecificConfigs(240)) - Setting configuration key ozone.om.http-bind-host with value of key ozone.om.http-bind-host: 0.0.0.0
2019-09-24 02:29:14,818 [main] INFO  ha.OMHANodeDetails (OMHANodeDetails.java:setOMNodeSpecificConfigs(240)) - Setting configuration key ozone.om.https-bind-host with value of key ozone.om.https-bind-host: 0.0.0.0
2019-09-24 02:29:14,818 [main] INFO  ha.OMHANodeDetails (OMHANodeDetails.java:setOMNodeSpecificConfigs(240)) - Setting configuration key ozone.om.http.kerberos.keytab with value of key ozone.om.http.kerberos.keytab: /etc/security/keytabs/HTTP.keytab
2019-09-24 02:29:14,818 [main] INFO  ha.OMHANodeDetails (OMHANodeDetails.java:setOMNodeSpecificConfigs(240)) - Setting configuration key ozone.om.http.kerberos.principal with value of key ozone.om.http.kerberos.principal: HTTP/_HOST@EXAMPLE.COM
2019-09-24 02:29:14,818 [main] INFO  ha.OMHANodeDetails (OMHANodeDetails.java:setOMNodeSpecificConfigs(240)) - Setting configuration key ozone.om.address with value of key ozone.om.address: 127.0.0.1:0
2019-09-24 02:29:14,819 [main] INFO  ha.OMHANodeDetails (OMHANodeDetails.java:getOMNodeDetails(192)) - OM Service ID is not set. Setting it to the default ID: omServiceIdDefault
2019-09-24 02:29:14,819 [main] WARN  server.ServerUtils (ServerUtils.java:getDBPath(222)) - ozone.om.db.dirs is not configured. We recommend adding this setting. Falling back to ozone.metadata.dirs instead.
2019-09-24 02:29:14,819 [main] WARN  server.ServerUtils (ServerUtils.java:getDBPath(222)) - ozone.om.db.dirs is not configured. We recommend adding this setting. Falling back to ozone.metadata.dirs instead.
2019-09-24 02:29:14,830 [main] WARN  server.ServerUtils (ServerUtils.java:getDBPath(222)) - ozone.om.db.dirs is not configured. We recommend adding this setting. Falling back to ozone.metadata.dirs instead.
2019-09-24 02:29:14,830 [main] INFO  db.DBStoreBuilder (DBStoreBuilder.java:addTable(110)) - using custom profile for table: userTable
2019-09-24 02:29:14,830 [main] INFO  db.DBStoreBuilder (DBStoreBuilder.java:processTables(161)) - Using default column profile:DBProfile.DISK for Table:userTable
2019-09-24 02:29:14,831 [main] INFO  db.DBStoreBuilder (DBStoreBuilder.java:addTable(110)) - using custom profile for table: volumeTable
2019-09-24 02:29:14,831 [main] INFO  db.DBStoreBuilder (DBStoreBuilder.java:processTables(161)) - Using default column profile:DBProfile.DISK for Table:volumeTable
2019-09-24 02:29:14,831 [main] INFO  db.DBStoreBuilder (DBStoreBuilder.java:addTable(110)) - using custom profile for table: bucketTable
2019-09-24 02:29:14,831 [main] INFO  db.DBStoreBuilder (DBStoreBuilder.java:processTables(161)) - Using default column profile:DBProfile.DISK for Table:bucketTable
2019-09-24 02:29:14,832 [main] INFO  db.DBStoreBuilder (DBStoreBuilder.java:addTable(110)) - using custom profile for table: keyTable
2019-09-24 02:29:14,832 [main] INFO  db.DBStoreBuilder (DBStoreBuilder.java:processTables(161)) - Using default column profile:DBProfile.DISK for Table:keyTable
2019-09-24 02:29:14,832 [main] INFO  db.DBStoreBuilder (DBStoreBuilder.java:addTable(110)) - using custom profile for table: deletedTable
2019-09-24 02:29:14,833 [main] INFO  db.DBStoreBuilder (DBStoreBuilder.java:processTables(161)) - Using default column profile:DBProfile.DISK for Table:deletedTable
2019-09-24 02:29:14,833 [main] INFO  db.DBStoreBuilder (DBStoreBuilder.java:addTable(110)) - using custom profile for table: openKeyTable
2019-09-24 02:29:14,833 [main] INFO  db.DBStoreBuilder (DBStoreBuilder.java:processTables(161)) - Using default column profile:DBProfile.DISK for Table:openKeyTable
2019-09-24 02:29:14,833 [main] INFO  db.DBStoreBuilder (DBStoreBuilder.java:addTable(110)) - using custom profile for table: s3Table
2019-09-24 02:29:14,834 [main] INFO  db.DBStoreBuilder (DBStoreBuilder.java:processTables(161)) - Using default column profile:DBProfile.DISK for Table:s3Table
2019-09-24 02:29:14,834 [main] INFO  db.DBStoreBuilder (DBStoreBuilder.java:addTable(110)) - using custom profile for table: multipartInfoTable
2019-09-24 02:29:14,834 [main] INFO  db.DBStoreBuilder (DBStoreBuilder.java:processTables(161)) - Using default column profile:DBProfile.DISK for Table:multipartInfoTable
2019-09-24 02:29:14,835 [main] INFO  db.DBStoreBuilder (DBStoreBuilder.java:addTable(110)) - using custom profile for table: dTokenTable
2019-09-24 02:29:14,835 [main] INFO  db.DBStoreBuilder (DBStoreBuilder.java:processTables(161)) - Using default column profile:DBProfile.DISK for Table:dTokenTable
2019-09-24 02:29:14,835 [main] INFO  db.DBStoreBuilder (DBStoreBuilder.java:addTable(110)) - using custom profile for table: s3SecretTable
2019-09-24 02:29:14,835 [main] INFO  db.DBStoreBuilder (DBStoreBuilder.java:processTables(161)) - Using default column profile:DBProfile.DISK for Table:s3SecretTable
2019-09-24 02:29:14,836 [main] INFO  db.DBStoreBuilder (DBStoreBuilder.java:addTable(110)) - using custom profile for table: prefixTable
2019-09-24 02:29:14,836 [main] INFO  db.DBStoreBuilder (DBStoreBuilder.java:processTables(161)) - Using default column profile:DBProfile.DISK for Table:prefixTable
2019-09-24 02:29:14,836 [main] INFO  db.DBStoreBuilder (DBStoreBuilder.java:addTable(110)) - using custom profile for table: default
2019-09-24 02:29:14,836 [main] INFO  db.DBStoreBuilder (DBStoreBuilder.java:processTables(167)) - Using default column profile:DBProfile.DISK for Table:default
2019-09-24 02:29:14,837 [main] INFO  db.DBStoreBuilder (DBStoreBuilder.java:getDbProfile(198)) - Using default options. DBProfile.DISK
2019-09-24 02:29:15,423 [main] INFO  ipc.CallQueueManager (CallQueueManager.java:<init>(84)) - Using callQueue: class java.util.concurrent.LinkedBlockingQueue, queueCapacity: 2000, scheduler: class org.apache.hadoop.ipc.DefaultRpcScheduler, ipcBackoff: false.
2019-09-24 02:29:15,424 [Socket Reader #1 for port 36687] INFO  ipc.Server (Server.java:run(1074)) - Starting Socket Reader #1 for port 36687
2019-09-24 02:29:15,442 [main] INFO  om.OzoneManager (OzoneManager.java:start(1075)) - OzoneManager RPC server is listening at localhost/127.0.0.1:36687
2019-09-24 02:29:15,442 [main] INFO  impl.MetricsSystemImpl (MetricsSystemImpl.java:init(158)) - OzoneManager metrics system started (again)
2019-09-24 02:29:15,443 [IPC Server Responder] INFO  ipc.Server (Server.java:run(1314)) - IPC Server Responder: starting
2019-09-24 02:29:15,444 [IPC Server listener on 36687] INFO  ipc.Server (Server.java:run(1153)) - IPC Server listener on 36687: starting
2019-09-24 02:29:15,450 [main] INFO  hdfs.DFSUtil (DFSUtil.java:httpServerTemplateForNNAndJN(1641)) - Starting Web-server for ozoneManager at: http://0.0.0.0:0
2019-09-24 02:29:15,452 [main] INFO  server.AuthenticationFilter (AuthenticationFilter.java:constructSecretProvider(240)) - Unable to initialize FileSignerSecretProvider, falling back to use random secrets.
2019-09-24 02:29:15,453 [main] WARN  http.HttpRequestLog (HttpRequestLog.java:getRequestLog(97)) - Jetty request log can only be enabled using Log4j
2019-09-24 02:29:15,455 [main] INFO  http.HttpServer2 (HttpServer2.java:addGlobalFilter(975)) - Added global filter 'safety' (class=org.apache.hadoop.http.HttpServer2$QuotingInputFilter)
2019-09-24 02:29:15,456 [main] INFO  http.HttpServer2 (HttpServer2.java:addFilter(948)) - Added filter static_user_filter (class=org.apache.hadoop.http.lib.StaticUserWebFilter$StaticUserFilter) to context ozoneManager
2019-09-24 02:29:15,456 [main] INFO  http.HttpServer2 (HttpServer2.java:addFilter(958)) - Added filter static_user_filter (class=org.apache.hadoop.http.lib.StaticUserWebFilter$StaticUserFilter) to context logs
2019-09-24 02:29:15,456 [main] INFO  http.HttpServer2 (HttpServer2.java:addFilter(958)) - Added filter static_user_filter (class=org.apache.hadoop.http.lib.StaticUserWebFilter$StaticUserFilter) to context static
2019-09-24 02:29:15,457 [main] INFO  http.HttpServer2 (HttpServer2.java:bindListener(1191)) - Jetty bound to port 42157
2019-09-24 02:29:15,458 [main] INFO  server.Server (Server.java:doStart(351)) - jetty-9.3.25.v20180904, build timestamp: 2018-09-04T21:11:46Z, git hash: 3ce520221d0240229c862b122d2b06c12a625732
2019-09-24 02:29:15,460 [main] INFO  handler.ContextHandler (ContextHandler.java:doStart(781)) - Started o.e.j.s.ServletContextHandler@6fa02932{/logs,file:///workdir/hadoop-ozone/integration-test/target/log,AVAILABLE}
2019-09-24 02:29:15,461 [main] INFO  handler.ContextHandler (ContextHandler.java:doStart(781)) - Started o.e.j.s.ServletContextHandler@7c46c9c3{/static,file:///workdir/hadoop-ozone/integration-test/target/test-classes/webapps/static,AVAILABLE}
2019-09-24 02:29:15,467 [main] INFO  handler.ContextHandler (ContextHandler.java:doStart(781)) - Started o.e.j.w.WebAppContext@377949f1{/,file:///workdir/hadoop-ozone/integration-test/target/test-classes/webapps/ozoneManager/,AVAILABLE}{/ozoneManager}
2019-09-24 02:29:15,467 [main] INFO  server.AbstractConnector (AbstractConnector.java:doStart(278)) - Started ServerConnector@9df564f{HTTP/1.1,[http/1.1]}{0.0.0.0:42157}
2019-09-24 02:29:15,469 [main] INFO  server.Server (Server.java:doStart(419)) - Started @434712ms
2019-09-24 02:29:15,469 [main] WARN  impl.MetricsSystemImpl (MetricsSystemImpl.java:register(276)) - Sink prometheus already exists!
2019-09-24 02:29:15,470 [main] INFO  server.BaseHttpServer (BaseHttpServer.java:updateConnectorAddress(215)) - HTTP server of OZONEMANAGER is listening at http://0.0.0.0:42157
2019-09-24 02:29:15,498 [main] INFO  impl.MetricsSystemImpl (MetricsSystemImpl.java:init(158)) - HddsDatanode metrics system started (again)
2019-09-24 02:29:15,502 [main] INFO  ozone.HddsDatanodeService (HddsDatanodeService.java:start(184)) - HddsDatanodeService host:pr-hdds-2162-tjkd5-3209850126 ip:192.168.151.121
2019-09-24 02:29:15,509 [main] INFO  volume.HddsVolume (HddsVolume.java:<init>(176)) - Creating Volume: /workdir/hadoop-ozone/integration-test/target/test-dir/MiniOzoneClusterImpl-e1db9d82-1fb6-48f9-8fb7-1f77219b2ee9/datanode-0/data/containers/hdds of  storage type : DISK and capacity : 1482555576320
2019-09-24 02:29:15,510 [main] INFO  volume.VolumeSet (VolumeSet.java:initializeVolumeSet(170)) - Added Volume : /workdir/hadoop-ozone/integration-test/target/test-dir/MiniOzoneClusterImpl-e1db9d82-1fb6-48f9-8fb7-1f77219b2ee9/datanode-0/data/containers/hdds to VolumeSet
2019-09-24 02:29:15,510 [main] INFO  volume.ThrottledAsyncChecker (ThrottledAsyncChecker.java:schedule(139)) - Scheduling a check for org.apache.hadoop.ozone.container.common.volume.HddsVolume@6f6cc7da
2019-09-24 02:29:15,511 [main] INFO  volume.HddsVolumeChecker (HddsVolumeChecker.java:checkAllVolumes(202)) - Scheduled health check for volume org.apache.hadoop.ozone.container.common.volume.HddsVolume@6f6cc7da
2019-09-24 02:29:15,528 [main] INFO  impl.RaftServerProxy (ConfUtils.java:logGet(43)) - raft.rpc.type = GRPC (default)
2019-09-24 02:29:15,528 [main] INFO  grpc.GrpcFactory (GrpcFactory.java:checkPooledByteBufAllocatorUseCacheForAllThreads(45)) - PERFORMANCE WARNING: useCacheForAllThreads is true that may cause Netty to create a lot garbage objects and, as a result, trigger GC.
	It is recommended to disable useCacheForAllThreads by setting -Dorg.apache.ratis.thirdparty.io.netty.allocator.useCacheForAllThreads=false in command line.
2019-09-24 02:29:15,529 [main] INFO  grpc.GrpcConfigKeys$Server (ConfUtils.java:logGet(43)) - raft.grpc.server.port = 0 (default)
2019-09-24 02:29:15,529 [main] INFO  server.GrpcService (ConfUtils.java:logGet(43)) - raft.grpc.message.size.max = 33570816 (custom)
2019-09-24 02:29:15,529 [main] INFO  server.RaftServerConfigKeys (ConfUtils.java:logGet(43)) - raft.server.log.appender.buffer.byte-limit = 33554432 (custom)
2019-09-24 02:29:15,530 [main] INFO  server.GrpcService (ConfUtils.java:logGet(43)) - raft.grpc.flow.control.window = 1MB (=1048576) (default)
2019-09-24 02:29:15,530 [main] INFO  server.RaftServerConfigKeys (ConfUtils.java:logGet(43)) - raft.server.rpc.request.timeout = 3000ms (default)
2019-09-24 02:29:15,530 [main] INFO  server.RaftServerConfigKeys (ConfUtils.java:logGet(43)) - raft.server.storage.dir = [/workdir/hadoop-ozone/integration-test/target/test-dir/MiniOzoneClusterImpl-e1db9d82-1fb6-48f9-8fb7-1f77219b2ee9/datanode-0/data/ratis] (custom)
2019-09-24 02:29:15,532 [main] INFO  hdfs.DFSUtil (DFSUtil.java:httpServerTemplateForNNAndJN(1641)) - Starting Web-server for hddsDatanode at: http://0.0.0.0:0
2019-09-24 02:29:15,534 [main] INFO  server.AuthenticationFilter (AuthenticationFilter.java:constructSecretProvider(240)) - Unable to initialize FileSignerSecretProvider, falling back to use random secrets.
2019-09-24 02:29:15,535 [main] WARN  http.HttpRequestLog (HttpRequestLog.java:getRequestLog(97)) - Jetty request log can only be enabled using Log4j
2019-09-24 02:29:15,537 [main] INFO  http.HttpServer2 (HttpServer2.java:addGlobalFilter(975)) - Added global filter 'safety' (class=org.apache.hadoop.http.HttpServer2$QuotingInputFilter)
2019-09-24 02:29:15,538 [main] INFO  http.HttpServer2 (HttpServer2.java:addFilter(948)) - Added filter static_user_filter (class=org.apache.hadoop.http.lib.StaticUserWebFilter$StaticUserFilter) to context hddsDatanode
2019-09-24 02:29:15,538 [main] INFO  http.HttpServer2 (HttpServer2.java:addFilter(958)) - Added filter static_user_filter (class=org.apache.hadoop.http.lib.StaticUserWebFilter$StaticUserFilter) to context static
2019-09-24 02:29:15,538 [main] INFO  http.HttpServer2 (HttpServer2.java:addFilter(958)) - Added filter static_user_filter (class=org.apache.hadoop.http.lib.StaticUserWebFilter$StaticUserFilter) to context logs
2019-09-24 02:29:15,540 [main] INFO  http.HttpServer2 (HttpServer2.java:bindListener(1191)) - Jetty bound to port 40068
2019-09-24 02:29:15,540 [main] INFO  server.Server (Server.java:doStart(351)) - jetty-9.3.25.v20180904, build timestamp: 2018-09-04T21:11:46Z, git hash: 3ce520221d0240229c862b122d2b06c12a625732
2019-09-24 02:29:15,542 [main] INFO  handler.ContextHandler (ContextHandler.java:doStart(781)) - Started o.e.j.s.ServletContextHandler@39549f33{/logs,file:///workdir/hadoop-ozone/integration-test/target/log,AVAILABLE}
2019-09-24 02:29:15,543 [main] INFO  handler.ContextHandler (ContextHandler.java:doStart(781)) - Started o.e.j.s.ServletContextHandler@7a83ccd2{/static,jar:file:/home/user/.m2/repository/org/apache/hadoop/hadoop-hdds-container-service/0.5.0-SNAPSHOT/hadoop-hdds-container-service-0.5.0-SNAPSHOT.jar!/webapps/static,AVAILABLE}
2019-09-24 02:29:15,588 [main] INFO  handler.ContextHandler (ContextHandler.java:doStart(781)) - Started o.e.j.w.WebAppContext@2dd1086{/,file:///tmp/jetty-0.0.0.0-40068-hddsDatanode-_-any-8716917930014863420.dir/webapp/,AVAILABLE}{/hddsDatanode}
2019-09-24 02:29:15,588 [main] INFO  server.AbstractConnector (AbstractConnector.java:doStart(278)) - Started ServerConnector@6b8d54da{HTTP/1.1,[http/1.1]}{0.0.0.0:40068}
2019-09-24 02:29:15,589 [main] INFO  server.Server (Server.java:doStart(419)) - Started @434833ms
2019-09-24 02:29:15,590 [main] WARN  impl.MetricsSystemImpl (MetricsSystemImpl.java:register(276)) - Sink prometheus already exists!
2019-09-24 02:29:15,591 [main] INFO  server.BaseHttpServer (BaseHttpServer.java:updateConnectorAddress(215)) - HTTP server of HDDSDATANODE is listening at http://0.0.0.0:40068
2019-09-24 02:29:15,591 [main] INFO  impl.MetricsSystemImpl (MetricsSystemImpl.java:init(158)) - HddsDatanode metrics system started (again)
2019-09-24 02:29:15,595 [org.apache.hadoop.util.JvmPauseMonitor$Monitor@717f2e41] INFO  util.JvmPauseMonitor (JvmPauseMonitor.java:run(188)) - Starting JVM pause monitor
2019-09-24 02:29:15,596 [main] INFO  ozone.HddsDatanodeService (HddsDatanodeService.java:start(184)) - HddsDatanodeService host:pr-hdds-2162-tjkd5-3209850126 ip:192.168.151.121
2019-09-24 02:29:15,598 [Datanode State Machine Thread - 0] INFO  datanode.InitDatanodeState (InitDatanodeState.java:persistContainerDatanodeDetails(140)) - DatanodeDetails is persisted to /workdir/hadoop-ozone/integration-test/target/test-dir/MiniOzoneClusterImpl-e1db9d82-1fb6-48f9-8fb7-1f77219b2ee9/datanode-0/meta/datanode.id
2019-09-24 02:29:15,603 [main] INFO  volume.HddsVolume (HddsVolume.java:<init>(176)) - Creating Volume: /workdir/hadoop-ozone/integration-test/target/test-dir/MiniOzoneClusterImpl-e1db9d82-1fb6-48f9-8fb7-1f77219b2ee9/datanode-1/data/containers/hdds of  storage type : DISK and capacity : 1482555576320
2019-09-24 02:29:15,604 [main] INFO  volume.VolumeSet (VolumeSet.java:initializeVolumeSet(170)) - Added Volume : /workdir/hadoop-ozone/integration-test/target/test-dir/MiniOzoneClusterImpl-e1db9d82-1fb6-48f9-8fb7-1f77219b2ee9/datanode-1/data/containers/hdds to VolumeSet
2019-09-24 02:29:15,604 [main] INFO  volume.ThrottledAsyncChecker (ThrottledAsyncChecker.java:schedule(139)) - Scheduling a check for org.apache.hadoop.ozone.container.common.volume.HddsVolume@50b734c4
2019-09-24 02:29:15,604 [main] INFO  volume.HddsVolumeChecker (HddsVolumeChecker.java:checkAllVolumes(202)) - Scheduled health check for volume org.apache.hadoop.ozone.container.common.volume.HddsVolume@50b734c4
2019-09-24 02:29:15,624 [main] INFO  impl.RaftServerProxy (ConfUtils.java:logGet(43)) - raft.rpc.type = GRPC (default)
2019-09-24 02:29:15,625 [main] INFO  grpc.GrpcFactory (GrpcFactory.java:checkPooledByteBufAllocatorUseCacheForAllThreads(45)) - PERFORMANCE WARNING: useCacheForAllThreads is true that may cause Netty to create a lot garbage objects and, as a result, trigger GC.
	It is recommended to disable useCacheForAllThreads by setting -Dorg.apache.ratis.thirdparty.io.netty.allocator.useCacheForAllThreads=false in command line.
2019-09-24 02:29:15,625 [main] INFO  grpc.GrpcConfigKeys$Server (ConfUtils.java:logGet(43)) - raft.grpc.server.port = 0 (default)
2019-09-24 02:29:15,625 [main] INFO  server.GrpcService (ConfUtils.java:logGet(43)) - raft.grpc.message.size.max = 33570816 (custom)
2019-09-24 02:29:15,626 [main] INFO  server.RaftServerConfigKeys (ConfUtils.java:logGet(43)) - raft.server.log.appender.buffer.byte-limit = 33554432 (custom)
2019-09-24 02:29:15,626 [main] INFO  server.GrpcService (ConfUtils.java:logGet(43)) - raft.grpc.flow.control.window = 1MB (=1048576) (default)
2019-09-24 02:29:15,626 [main] INFO  server.RaftServerConfigKeys (ConfUtils.java:logGet(43)) - raft.server.rpc.request.timeout = 3000ms (default)
2019-09-24 02:29:15,627 [main] INFO  server.RaftServerConfigKeys (ConfUtils.java:logGet(43)) - raft.server.storage.dir = [/workdir/hadoop-ozone/integration-test/target/test-dir/MiniOzoneClusterImpl-e1db9d82-1fb6-48f9-8fb7-1f77219b2ee9/datanode-1/data/ratis] (custom)
2019-09-24 02:29:15,628 [main] INFO  hdfs.DFSUtil (DFSUtil.java:httpServerTemplateForNNAndJN(1641)) - Starting Web-server for hddsDatanode at: http://0.0.0.0:0
2019-09-24 02:29:15,630 [main] INFO  server.AuthenticationFilter (AuthenticationFilter.java:constructSecretProvider(240)) - Unable to initialize FileSignerSecretProvider, falling back to use random secrets.
2019-09-24 02:29:15,631 [main] WARN  http.HttpRequestLog (HttpRequestLog.java:getRequestLog(97)) - Jetty request log can only be enabled using Log4j
2019-09-24 02:29:15,633 [main] INFO  http.HttpServer2 (HttpServer2.java:addGlobalFilter(975)) - Added global filter 'safety' (class=org.apache.hadoop.http.HttpServer2$QuotingInputFilter)
2019-09-24 02:29:15,634 [main] INFO  http.HttpServer2 (HttpServer2.java:addFilter(948)) - Added filter static_user_filter (class=org.apache.hadoop.http.lib.StaticUserWebFilter$StaticUserFilter) to context hddsDatanode
2019-09-24 02:29:15,634 [main] INFO  http.HttpServer2 (HttpServer2.java:addFilter(958)) - Added filter static_user_filter (class=org.apache.hadoop.http.lib.StaticUserWebFilter$StaticUserFilter) to context logs
2019-09-24 02:29:15,635 [main] INFO  http.HttpServer2 (HttpServer2.java:addFilter(958)) - Added filter static_user_filter (class=org.apache.hadoop.http.lib.StaticUserWebFilter$StaticUserFilter) to context static
2019-09-24 02:29:15,636 [main] INFO  http.HttpServer2 (HttpServer2.java:bindListener(1191)) - Jetty bound to port 42078
2019-09-24 02:29:15,636 [main] INFO  server.Server (Server.java:doStart(351)) - jetty-9.3.25.v20180904, build timestamp: 2018-09-04T21:11:46Z, git hash: 3ce520221d0240229c862b122d2b06c12a625732
2019-09-24 02:29:15,638 [main] INFO  handler.ContextHandler (ContextHandler.java:doStart(781)) - Started o.e.j.s.ServletContextHandler@76a7fcbd{/logs,file:///workdir/hadoop-ozone/integration-test/target/log,AVAILABLE}
2019-09-24 02:29:15,639 [main] INFO  handler.ContextHandler (ContextHandler.java:doStart(781)) - Started o.e.j.s.ServletContextHandler@7f977fba{/static,jar:file:/home/user/.m2/repository/org/apache/hadoop/hadoop-hdds-container-service/0.5.0-SNAPSHOT/hadoop-hdds-container-service-0.5.0-SNAPSHOT.jar!/webapps/static,AVAILABLE}
2019-09-24 02:29:15,684 [main] INFO  handler.ContextHandler (ContextHandler.java:doStart(781)) - Started o.e.j.w.WebAppContext@6e1ae763{/,file:///tmp/jetty-0.0.0.0-42078-hddsDatanode-_-any-7105365841953050488.dir/webapp/,AVAILABLE}{/hddsDatanode}
2019-09-24 02:29:15,684 [main] INFO  server.AbstractConnector (AbstractConnector.java:doStart(278)) - Started ServerConnector@62d40e31{HTTP/1.1,[http/1.1]}{0.0.0.0:42078}
2019-09-24 02:29:15,686 [main] INFO  server.Server (Server.java:doStart(419)) - Started @434929ms
2019-09-24 02:29:15,686 [main] WARN  impl.MetricsSystemImpl (MetricsSystemImpl.java:register(276)) - Sink prometheus already exists!
2019-09-24 02:29:15,687 [main] INFO  server.BaseHttpServer (BaseHttpServer.java:updateConnectorAddress(215)) - HTTP server of HDDSDATANODE is listening at http://0.0.0.0:42078
2019-09-24 02:29:15,687 [main] INFO  impl.MetricsSystemImpl (MetricsSystemImpl.java:init(158)) - HddsDatanode metrics system started (again)
2019-09-24 02:29:15,691 [org.apache.hadoop.util.JvmPauseMonitor$Monitor@e2a1b35] INFO  util.JvmPauseMonitor (JvmPauseMonitor.java:run(188)) - Starting JVM pause monitor
2019-09-24 02:29:15,692 [main] INFO  ozone.HddsDatanodeService (HddsDatanodeService.java:start(184)) - HddsDatanodeService host:pr-hdds-2162-tjkd5-3209850126 ip:192.168.151.121
2019-09-24 02:29:15,693 [Datanode State Machine Thread - 0] INFO  datanode.InitDatanodeState (InitDatanodeState.java:persistContainerDatanodeDetails(140)) - DatanodeDetails is persisted to /workdir/hadoop-ozone/integration-test/target/test-dir/MiniOzoneClusterImpl-e1db9d82-1fb6-48f9-8fb7-1f77219b2ee9/datanode-1/meta/datanode.id
2019-09-24 02:29:15,699 [main] INFO  volume.HddsVolume (HddsVolume.java:<init>(176)) - Creating Volume: /workdir/hadoop-ozone/integration-test/target/test-dir/MiniOzoneClusterImpl-e1db9d82-1fb6-48f9-8fb7-1f77219b2ee9/datanode-2/data/containers/hdds of  storage type : DISK and capacity : 1482555576320
2019-09-24 02:29:15,699 [main] INFO  volume.VolumeSet (VolumeSet.java:initializeVolumeSet(170)) - Added Volume : /workdir/hadoop-ozone/integration-test/target/test-dir/MiniOzoneClusterImpl-e1db9d82-1fb6-48f9-8fb7-1f77219b2ee9/datanode-2/data/containers/hdds to VolumeSet
2019-09-24 02:29:15,699 [main] INFO  volume.ThrottledAsyncChecker (ThrottledAsyncChecker.java:schedule(139)) - Scheduling a check for org.apache.hadoop.ozone.container.common.volume.HddsVolume@4962b41e
2019-09-24 02:29:15,700 [main] INFO  volume.HddsVolumeChecker (HddsVolumeChecker.java:checkAllVolumes(202)) - Scheduled health check for volume org.apache.hadoop.ozone.container.common.volume.HddsVolume@4962b41e
2019-09-24 02:29:15,714 [main] INFO  impl.RaftServerProxy (ConfUtils.java:logGet(43)) - raft.rpc.type = GRPC (default)
2019-09-24 02:29:15,715 [main] INFO  grpc.GrpcFactory (GrpcFactory.java:checkPooledByteBufAllocatorUseCacheForAllThreads(45)) - PERFORMANCE WARNING: useCacheForAllThreads is true that may cause Netty to create a lot garbage objects and, as a result, trigger GC.
	It is recommended to disable useCacheForAllThreads by setting -Dorg.apache.ratis.thirdparty.io.netty.allocator.useCacheForAllThreads=false in command line.
2019-09-24 02:29:15,715 [main] INFO  grpc.GrpcConfigKeys$Server (ConfUtils.java:logGet(43)) - raft.grpc.server.port = 0 (default)
2019-09-24 02:29:15,715 [main] INFO  server.GrpcService (ConfUtils.java:logGet(43)) - raft.grpc.message.size.max = 33570816 (custom)
2019-09-24 02:29:15,715 [main] INFO  server.RaftServerConfigKeys (ConfUtils.java:logGet(43)) - raft.server.log.appender.buffer.byte-limit = 33554432 (custom)
2019-09-24 02:29:15,716 [main] INFO  server.GrpcService (ConfUtils.java:logGet(43)) - raft.grpc.flow.control.window = 1MB (=1048576) (default)
2019-09-24 02:29:15,716 [main] INFO  server.RaftServerConfigKeys (ConfUtils.java:logGet(43)) - raft.server.rpc.request.timeout = 3000ms (default)
2019-09-24 02:29:15,716 [main] INFO  server.RaftServerConfigKeys (ConfUtils.java:logGet(43)) - raft.server.storage.dir = [/workdir/hadoop-ozone/integration-test/target/test-dir/MiniOzoneClusterImpl-e1db9d82-1fb6-48f9-8fb7-1f77219b2ee9/datanode-2/data/ratis] (custom)
2019-09-24 02:29:15,718 [main] INFO  hdfs.DFSUtil (DFSUtil.java:httpServerTemplateForNNAndJN(1641)) - Starting Web-server for hddsDatanode at: http://0.0.0.0:0
2019-09-24 02:29:15,719 [main] INFO  server.AuthenticationFilter (AuthenticationFilter.java:constructSecretProvider(240)) - Unable to initialize FileSignerSecretProvider, falling back to use random secrets.
2019-09-24 02:29:15,719 [main] WARN  http.HttpRequestLog (HttpRequestLog.java:getRequestLog(97)) - Jetty request log can only be enabled using Log4j
2019-09-24 02:29:15,720 [main] INFO  http.HttpServer2 (HttpServer2.java:addGlobalFilter(975)) - Added global filter 'safety' (class=org.apache.hadoop.http.HttpServer2$QuotingInputFilter)
2019-09-24 02:29:15,721 [main] INFO  http.HttpServer2 (HttpServer2.java:addFilter(948)) - Added filter static_user_filter (class=org.apache.hadoop.http.lib.StaticUserWebFilter$StaticUserFilter) to context hddsDatanode
2019-09-24 02:29:15,721 [main] INFO  http.HttpServer2 (HttpServer2.java:addFilter(958)) - Added filter static_user_filter (class=org.apache.hadoop.http.lib.StaticUserWebFilter$StaticUserFilter) to context logs
2019-09-24 02:29:15,721 [main] INFO  http.HttpServer2 (HttpServer2.java:addFilter(958)) - Added filter static_user_filter (class=org.apache.hadoop.http.lib.StaticUserWebFilter$StaticUserFilter) to context static
2019-09-24 02:29:15,722 [main] INFO  http.HttpServer2 (HttpServer2.java:bindListener(1191)) - Jetty bound to port 39689
2019-09-24 02:29:15,722 [main] INFO  server.Server (Server.java:doStart(351)) - jetty-9.3.25.v20180904, build timestamp: 2018-09-04T21:11:46Z, git hash: 3ce520221d0240229c862b122d2b06c12a625732
2019-09-24 02:29:15,724 [main] INFO  handler.ContextHandler (ContextHandler.java:doStart(781)) - Started o.e.j.s.ServletContextHandler@632b305d{/logs,file:///workdir/hadoop-ozone/integration-test/target/log,AVAILABLE}
2019-09-24 02:29:15,724 [main] INFO  handler.ContextHandler (ContextHandler.java:doStart(781)) - Started o.e.j.s.ServletContextHandler@57fdb8a4{/static,jar:file:/home/user/.m2/repository/org/apache/hadoop/hadoop-hdds-container-service/0.5.0-SNAPSHOT/hadoop-hdds-container-service-0.5.0-SNAPSHOT.jar!/webapps/static,AVAILABLE}
2019-09-24 02:29:15,752 [main] INFO  handler.ContextHandler (ContextHandler.java:doStart(781)) - Started o.e.j.w.WebAppContext@44b940a2{/,file:///tmp/jetty-0.0.0.0-39689-hddsDatanode-_-any-8979859915353700144.dir/webapp/,AVAILABLE}{/hddsDatanode}
2019-09-24 02:29:15,753 [main] INFO  server.AbstractConnector (AbstractConnector.java:doStart(278)) - Started ServerConnector@34c53688{HTTP/1.1,[http/1.1]}{0.0.0.0:39689}
2019-09-24 02:29:15,754 [main] INFO  server.Server (Server.java:doStart(419)) - Started @434996ms
2019-09-24 02:29:15,754 [main] WARN  impl.MetricsSystemImpl (MetricsSystemImpl.java:register(276)) - Sink prometheus already exists!
2019-09-24 02:29:15,755 [main] INFO  server.BaseHttpServer (BaseHttpServer.java:updateConnectorAddress(215)) - HTTP server of HDDSDATANODE is listening at http://0.0.0.0:39689
2019-09-24 02:29:15,755 [main] INFO  impl.MetricsSystemImpl (MetricsSystemImpl.java:init(158)) - HddsDatanode metrics system started (again)
2019-09-24 02:29:15,760 [org.apache.hadoop.util.JvmPauseMonitor$Monitor@71f29a6f] INFO  util.JvmPauseMonitor (JvmPauseMonitor.java:run(188)) - Starting JVM pause monitor
2019-09-24 02:29:15,761 [main] INFO  ozone.HddsDatanodeService (HddsDatanodeService.java:start(184)) - HddsDatanodeService host:pr-hdds-2162-tjkd5-3209850126 ip:192.168.151.121
2019-09-24 02:29:15,762 [Datanode State Machine Thread - 0] INFO  datanode.InitDatanodeState (InitDatanodeState.java:persistContainerDatanodeDetails(140)) - DatanodeDetails is persisted to /workdir/hadoop-ozone/integration-test/target/test-dir/MiniOzoneClusterImpl-e1db9d82-1fb6-48f9-8fb7-1f77219b2ee9/datanode-2/meta/datanode.id
2019-09-24 02:29:15,768 [main] INFO  volume.HddsVolume (HddsVolume.java:<init>(176)) - Creating Volume: /workdir/hadoop-ozone/integration-test/target/test-dir/MiniOzoneClusterImpl-e1db9d82-1fb6-48f9-8fb7-1f77219b2ee9/datanode-3/data/containers/hdds of  storage type : DISK and capacity : 1482555576320
2019-09-24 02:29:15,769 [main] INFO  volume.VolumeSet (VolumeSet.java:initializeVolumeSet(170)) - Added Volume : /workdir/hadoop-ozone/integration-test/target/test-dir/MiniOzoneClusterImpl-e1db9d82-1fb6-48f9-8fb7-1f77219b2ee9/datanode-3/data/containers/hdds to VolumeSet
2019-09-24 02:29:15,769 [main] INFO  volume.ThrottledAsyncChecker (ThrottledAsyncChecker.java:schedule(139)) - Scheduling a check for org.apache.hadoop.ozone.container.common.volume.HddsVolume@2f95653f
2019-09-24 02:29:15,770 [main] INFO  volume.HddsVolumeChecker (HddsVolumeChecker.java:checkAllVolumes(202)) - Scheduled health check for volume org.apache.hadoop.ozone.container.common.volume.HddsVolume@2f95653f
2019-09-24 02:29:15,790 [main] INFO  impl.RaftServerProxy (ConfUtils.java:logGet(43)) - raft.rpc.type = GRPC (default)
2019-09-24 02:29:15,790 [main] INFO  grpc.GrpcFactory (GrpcFactory.java:checkPooledByteBufAllocatorUseCacheForAllThreads(45)) - PERFORMANCE WARNING: useCacheForAllThreads is true that may cause Netty to create a lot garbage objects and, as a result, trigger GC.
	It is recommended to disable useCacheForAllThreads by setting -Dorg.apache.ratis.thirdparty.io.netty.allocator.useCacheForAllThreads=false in command line.
2019-09-24 02:29:15,791 [main] INFO  grpc.GrpcConfigKeys$Server (ConfUtils.java:logGet(43)) - raft.grpc.server.port = 0 (default)
2019-09-24 02:29:15,791 [main] INFO  server.GrpcService (ConfUtils.java:logGet(43)) - raft.grpc.message.size.max = 33570816 (custom)
2019-09-24 02:29:15,791 [main] INFO  server.RaftServerConfigKeys (ConfUtils.java:logGet(43)) - raft.server.log.appender.buffer.byte-limit = 33554432 (custom)
2019-09-24 02:29:15,791 [main] INFO  server.GrpcService (ConfUtils.java:logGet(43)) - raft.grpc.flow.control.window = 1MB (=1048576) (default)
2019-09-24 02:29:15,792 [main] INFO  server.RaftServerConfigKeys (ConfUtils.java:logGet(43)) - raft.server.rpc.request.timeout = 3000ms (default)
2019-09-24 02:29:15,792 [main] INFO  server.RaftServerConfigKeys (ConfUtils.java:logGet(43)) - raft.server.storage.dir = [/workdir/hadoop-ozone/integration-test/target/test-dir/MiniOzoneClusterImpl-e1db9d82-1fb6-48f9-8fb7-1f77219b2ee9/datanode-3/data/ratis] (custom)
2019-09-24 02:29:15,794 [main] INFO  hdfs.DFSUtil (DFSUtil.java:httpServerTemplateForNNAndJN(1641)) - Starting Web-server for hddsDatanode at: http://0.0.0.0:0
2019-09-24 02:29:15,796 [main] INFO  server.AuthenticationFilter (AuthenticationFilter.java:constructSecretProvider(240)) - Unable to initialize FileSignerSecretProvider, falling back to use random secrets.
2019-09-24 02:29:15,796 [main] WARN  http.HttpRequestLog (HttpRequestLog.java:getRequestLog(97)) - Jetty request log can only be enabled using Log4j
2019-09-24 02:29:15,798 [main] INFO  http.HttpServer2 (HttpServer2.java:addGlobalFilter(975)) - Added global filter 'safety' (class=org.apache.hadoop.http.HttpServer2$QuotingInputFilter)
2019-09-24 02:29:15,799 [main] INFO  http.HttpServer2 (HttpServer2.java:addFilter(948)) - Added filter static_user_filter (class=org.apache.hadoop.http.lib.StaticUserWebFilter$StaticUserFilter) to context hddsDatanode
2019-09-24 02:29:15,799 [main] INFO  http.HttpServer2 (HttpServer2.java:addFilter(958)) - Added filter static_user_filter (class=org.apache.hadoop.http.lib.StaticUserWebFilter$StaticUserFilter) to context logs
2019-09-24 02:29:15,799 [main] INFO  http.HttpServer2 (HttpServer2.java:addFilter(958)) - Added filter static_user_filter (class=org.apache.hadoop.http.lib.StaticUserWebFilter$StaticUserFilter) to context static
2019-09-24 02:29:15,800 [main] INFO  http.HttpServer2 (HttpServer2.java:bindListener(1191)) - Jetty bound to port 35562
2019-09-24 02:29:15,800 [main] INFO  server.Server (Server.java:doStart(351)) - jetty-9.3.25.v20180904, build timestamp: 2018-09-04T21:11:46Z, git hash: 3ce520221d0240229c862b122d2b06c12a625732
2019-09-24 02:29:15,802 [main] INFO  handler.ContextHandler (ContextHandler.java:doStart(781)) - Started o.e.j.s.ServletContextHandler@5bc63e20{/logs,file:///workdir/hadoop-ozone/integration-test/target/log,AVAILABLE}
2019-09-24 02:29:15,803 [main] INFO  handler.ContextHandler (ContextHandler.java:doStart(781)) - Started o.e.j.s.ServletContextHandler@2fc49538{/static,jar:file:/home/user/.m2/repository/org/apache/hadoop/hadoop-hdds-container-service/0.5.0-SNAPSHOT/hadoop-hdds-container-service-0.5.0-SNAPSHOT.jar!/webapps/static,AVAILABLE}
2019-09-24 02:29:15,839 [main] INFO  handler.ContextHandler (ContextHandler.java:doStart(781)) - Started o.e.j.w.WebAppContext@7f2c57fe{/,file:///tmp/jetty-0.0.0.0-35562-hddsDatanode-_-any-2278589471937224107.dir/webapp/,AVAILABLE}{/hddsDatanode}
2019-09-24 02:29:15,839 [main] INFO  server.AbstractConnector (AbstractConnector.java:doStart(278)) - Started ServerConnector@43935e9c{HTTP/1.1,[http/1.1]}{0.0.0.0:35562}
2019-09-24 02:29:15,839 [main] INFO  server.Server (Server.java:doStart(419)) - Started @435083ms
2019-09-24 02:29:15,841 [main] WARN  impl.MetricsSystemImpl (MetricsSystemImpl.java:register(276)) - Sink prometheus already exists!
2019-09-24 02:29:15,842 [main] INFO  server.BaseHttpServer (BaseHttpServer.java:updateConnectorAddress(215)) - HTTP server of HDDSDATANODE is listening at http://0.0.0.0:35562
2019-09-24 02:29:15,843 [main] INFO  impl.MetricsSystemImpl (MetricsSystemImpl.java:init(158)) - HddsDatanode metrics system started (again)
2019-09-24 02:29:15,846 [org.apache.hadoop.util.JvmPauseMonitor$Monitor@2be1ff25] INFO  util.JvmPauseMonitor (JvmPauseMonitor.java:run(188)) - Starting JVM pause monitor
2019-09-24 02:29:15,847 [main] INFO  ozone.HddsDatanodeService (HddsDatanodeService.java:start(184)) - HddsDatanodeService host:pr-hdds-2162-tjkd5-3209850126 ip:192.168.151.121
2019-09-24 02:29:15,848 [Datanode State Machine Thread - 0] INFO  datanode.InitDatanodeState (InitDatanodeState.java:persistContainerDatanodeDetails(140)) - DatanodeDetails is persisted to /workdir/hadoop-ozone/integration-test/target/test-dir/MiniOzoneClusterImpl-e1db9d82-1fb6-48f9-8fb7-1f77219b2ee9/datanode-3/meta/datanode.id
2019-09-24 02:29:15,854 [main] INFO  volume.HddsVolume (HddsVolume.java:<init>(176)) - Creating Volume: /workdir/hadoop-ozone/integration-test/target/test-dir/MiniOzoneClusterImpl-e1db9d82-1fb6-48f9-8fb7-1f77219b2ee9/datanode-4/data/containers/hdds of  storage type : DISK and capacity : 1482555576320
2019-09-24 02:29:15,854 [main] INFO  volume.VolumeSet (VolumeSet.java:initializeVolumeSet(170)) - Added Volume : /workdir/hadoop-ozone/integration-test/target/test-dir/MiniOzoneClusterImpl-e1db9d82-1fb6-48f9-8fb7-1f77219b2ee9/datanode-4/data/containers/hdds to VolumeSet
2019-09-24 02:29:15,854 [main] INFO  volume.ThrottledAsyncChecker (ThrottledAsyncChecker.java:schedule(139)) - Scheduling a check for org.apache.hadoop.ozone.container.common.volume.HddsVolume@2b877a54
2019-09-24 02:29:15,855 [main] INFO  volume.HddsVolumeChecker (HddsVolumeChecker.java:checkAllVolumes(202)) - Scheduled health check for volume org.apache.hadoop.ozone.container.common.volume.HddsVolume@2b877a54
2019-09-24 02:29:15,869 [main] INFO  impl.RaftServerProxy (ConfUtils.java:logGet(43)) - raft.rpc.type = GRPC (default)
2019-09-24 02:29:15,869 [main] INFO  grpc.GrpcFactory (GrpcFactory.java:checkPooledByteBufAllocatorUseCacheForAllThreads(45)) - PERFORMANCE WARNING: useCacheForAllThreads is true that may cause Netty to create a lot garbage objects and, as a result, trigger GC.
	It is recommended to disable useCacheForAllThreads by setting -Dorg.apache.ratis.thirdparty.io.netty.allocator.useCacheForAllThreads=false in command line.
2019-09-24 02:29:15,870 [main] INFO  grpc.GrpcConfigKeys$Server (ConfUtils.java:logGet(43)) - raft.grpc.server.port = 0 (default)
2019-09-24 02:29:15,870 [main] INFO  server.GrpcService (ConfUtils.java:logGet(43)) - raft.grpc.message.size.max = 33570816 (custom)
2019-09-24 02:29:15,870 [main] INFO  server.RaftServerConfigKeys (ConfUtils.java:logGet(43)) - raft.server.log.appender.buffer.byte-limit = 33554432 (custom)
2019-09-24 02:29:15,870 [main] INFO  server.GrpcService (ConfUtils.java:logGet(43)) - raft.grpc.flow.control.window = 1MB (=1048576) (default)
2019-09-24 02:29:15,870 [main] INFO  server.RaftServerConfigKeys (ConfUtils.java:logGet(43)) - raft.server.rpc.request.timeout = 3000ms (default)
2019-09-24 02:29:15,871 [main] INFO  server.RaftServerConfigKeys (ConfUtils.java:logGet(43)) - raft.server.storage.dir = [/workdir/hadoop-ozone/integration-test/target/test-dir/MiniOzoneClusterImpl-e1db9d82-1fb6-48f9-8fb7-1f77219b2ee9/datanode-4/data/ratis] (custom)
2019-09-24 02:29:15,872 [main] INFO  hdfs.DFSUtil (DFSUtil.java:httpServerTemplateForNNAndJN(1641)) - Starting Web-server for hddsDatanode at: http://0.0.0.0:0
2019-09-24 02:29:15,873 [main] INFO  server.AuthenticationFilter (AuthenticationFilter.java:constructSecretProvider(240)) - Unable to initialize FileSignerSecretProvider, falling back to use random secrets.
2019-09-24 02:29:15,874 [main] WARN  http.HttpRequestLog (HttpRequestLog.java:getRequestLog(97)) - Jetty request log can only be enabled using Log4j
2019-09-24 02:29:15,875 [main] INFO  http.HttpServer2 (HttpServer2.java:addGlobalFilter(975)) - Added global filter 'safety' (class=org.apache.hadoop.http.HttpServer2$QuotingInputFilter)
2019-09-24 02:29:15,875 [main] INFO  http.HttpServer2 (HttpServer2.java:addFilter(948)) - Added filter static_user_filter (class=org.apache.hadoop.http.lib.StaticUserWebFilter$StaticUserFilter) to context hddsDatanode
2019-09-24 02:29:15,876 [main] INFO  http.HttpServer2 (HttpServer2.java:addFilter(958)) - Added filter static_user_filter (class=org.apache.hadoop.http.lib.StaticUserWebFilter$StaticUserFilter) to context static
2019-09-24 02:29:15,876 [main] INFO  http.HttpServer2 (HttpServer2.java:addFilter(958)) - Added filter static_user_filter (class=org.apache.hadoop.http.lib.StaticUserWebFilter$StaticUserFilter) to context logs
2019-09-24 02:29:15,876 [main] INFO  http.HttpServer2 (HttpServer2.java:bindListener(1191)) - Jetty bound to port 40885
2019-09-24 02:29:15,877 [main] INFO  server.Server (Server.java:doStart(351)) - jetty-9.3.25.v20180904, build timestamp: 2018-09-04T21:11:46Z, git hash: 3ce520221d0240229c862b122d2b06c12a625732
2019-09-24 02:29:15,878 [main] INFO  handler.ContextHandler (ContextHandler.java:doStart(781)) - Started o.e.j.s.ServletContextHandler@55846997{/logs,file:///workdir/hadoop-ozone/integration-test/target/log,AVAILABLE}
2019-09-24 02:29:15,879 [main] INFO  handler.ContextHandler (ContextHandler.java:doStart(781)) - Started o.e.j.s.ServletContextHandler@49671897{/static,jar:file:/home/user/.m2/repository/org/apache/hadoop/hadoop-hdds-container-service/0.5.0-SNAPSHOT/hadoop-hdds-container-service-0.5.0-SNAPSHOT.jar!/webapps/static,AVAILABLE}
2019-09-24 02:29:15,906 [main] INFO  handler.ContextHandler (ContextHandler.java:doStart(781)) - Started o.e.j.w.WebAppContext@16a3cc88{/,file:///tmp/jetty-0.0.0.0-40885-hddsDatanode-_-any-5007242857076077229.dir/webapp/,AVAILABLE}{/hddsDatanode}
2019-09-24 02:29:15,907 [main] INFO  server.AbstractConnector (AbstractConnector.java:doStart(278)) - Started ServerConnector@696b52bc{HTTP/1.1,[http/1.1]}{0.0.0.0:40885}
2019-09-24 02:29:15,907 [main] INFO  server.Server (Server.java:doStart(419)) - Started @435150ms
2019-09-24 02:29:15,911 [main] WARN  impl.MetricsSystemImpl (MetricsSystemImpl.java:register(276)) - Sink prometheus already exists!
2019-09-24 02:29:15,912 [main] INFO  server.BaseHttpServer (BaseHttpServer.java:updateConnectorAddress(215)) - HTTP server of HDDSDATANODE is listening at http://0.0.0.0:40885
2019-09-24 02:29:15,912 [main] INFO  impl.MetricsSystemImpl (MetricsSystemImpl.java:init(158)) - HddsDatanode metrics system started (again)
2019-09-24 02:29:15,916 [org.apache.hadoop.util.JvmPauseMonitor$Monitor@70e8e69a] INFO  util.JvmPauseMonitor (JvmPauseMonitor.java:run(188)) - Starting JVM pause monitor
2019-09-24 02:29:15,916 [main] INFO  ozone.HddsDatanodeService (HddsDatanodeService.java:start(184)) - HddsDatanodeService host:pr-hdds-2162-tjkd5-3209850126 ip:192.168.151.121
2019-09-24 02:29:15,918 [Datanode State Machine Thread - 0] INFO  datanode.InitDatanodeState (InitDatanodeState.java:persistContainerDatanodeDetails(140)) - DatanodeDetails is persisted to /workdir/hadoop-ozone/integration-test/target/test-dir/MiniOzoneClusterImpl-e1db9d82-1fb6-48f9-8fb7-1f77219b2ee9/datanode-4/meta/datanode.id
2019-09-24 02:29:15,922 [main] INFO  volume.HddsVolume (HddsVolume.java:<init>(176)) - Creating Volume: /workdir/hadoop-ozone/integration-test/target/test-dir/MiniOzoneClusterImpl-e1db9d82-1fb6-48f9-8fb7-1f77219b2ee9/datanode-5/data/containers/hdds of  storage type : DISK and capacity : 1482555576320
2019-09-24 02:29:15,923 [main] INFO  volume.VolumeSet (VolumeSet.java:initializeVolumeSet(170)) - Added Volume : /workdir/hadoop-ozone/integration-test/target/test-dir/MiniOzoneClusterImpl-e1db9d82-1fb6-48f9-8fb7-1f77219b2ee9/datanode-5/data/containers/hdds to VolumeSet
2019-09-24 02:29:15,923 [main] INFO  volume.ThrottledAsyncChecker (ThrottledAsyncChecker.java:schedule(139)) - Scheduling a check for org.apache.hadoop.ozone.container.common.volume.HddsVolume@6f930e0
2019-09-24 02:29:15,923 [main] INFO  volume.HddsVolumeChecker (HddsVolumeChecker.java:checkAllVolumes(202)) - Scheduled health check for volume org.apache.hadoop.ozone.container.common.volume.HddsVolume@6f930e0
2019-09-24 02:29:15,935 [main] INFO  impl.RaftServerProxy (ConfUtils.java:logGet(43)) - raft.rpc.type = GRPC (default)
2019-09-24 02:29:15,936 [main] INFO  grpc.GrpcFactory (GrpcFactory.java:checkPooledByteBufAllocatorUseCacheForAllThreads(45)) - PERFORMANCE WARNING: useCacheForAllThreads is true that may cause Netty to create a lot garbage objects and, as a result, trigger GC.
	It is recommended to disable useCacheForAllThreads by setting -Dorg.apache.ratis.thirdparty.io.netty.allocator.useCacheForAllThreads=false in command line.
2019-09-24 02:29:15,936 [main] INFO  grpc.GrpcConfigKeys$Server (ConfUtils.java:logGet(43)) - raft.grpc.server.port = 0 (default)
2019-09-24 02:29:15,936 [main] INFO  server.GrpcService (ConfUtils.java:logGet(43)) - raft.grpc.message.size.max = 33570816 (custom)
2019-09-24 02:29:15,936 [main] INFO  server.RaftServerConfigKeys (ConfUtils.java:logGet(43)) - raft.server.log.appender.buffer.byte-limit = 33554432 (custom)
2019-09-24 02:29:15,936 [main] INFO  server.GrpcService (ConfUtils.java:logGet(43)) - raft.grpc.flow.control.window = 1MB (=1048576) (default)
2019-09-24 02:29:15,936 [main] INFO  server.RaftServerConfigKeys (ConfUtils.java:logGet(43)) - raft.server.rpc.request.timeout = 3000ms (default)
2019-09-24 02:29:15,937 [main] INFO  server.RaftServerConfigKeys (ConfUtils.java:logGet(43)) - raft.server.storage.dir = [/workdir/hadoop-ozone/integration-test/target/test-dir/MiniOzoneClusterImpl-e1db9d82-1fb6-48f9-8fb7-1f77219b2ee9/datanode-5/data/ratis] (custom)
2019-09-24 02:29:15,938 [main] INFO  hdfs.DFSUtil (DFSUtil.java:httpServerTemplateForNNAndJN(1641)) - Starting Web-server for hddsDatanode at: http://0.0.0.0:0
2019-09-24 02:29:15,943 [main] INFO  server.AuthenticationFilter (AuthenticationFilter.java:constructSecretProvider(240)) - Unable to initialize FileSignerSecretProvider, falling back to use random secrets.
2019-09-24 02:29:15,943 [main] WARN  http.HttpRequestLog (HttpRequestLog.java:getRequestLog(97)) - Jetty request log can only be enabled using Log4j
2019-09-24 02:29:15,944 [main] INFO  http.HttpServer2 (HttpServer2.java:addGlobalFilter(975)) - Added global filter 'safety' (class=org.apache.hadoop.http.HttpServer2$QuotingInputFilter)
2019-09-24 02:29:15,945 [main] INFO  http.HttpServer2 (HttpServer2.java:addFilter(948)) - Added filter static_user_filter (class=org.apache.hadoop.http.lib.StaticUserWebFilter$StaticUserFilter) to context hddsDatanode
2019-09-24 02:29:15,945 [main] INFO  http.HttpServer2 (HttpServer2.java:addFilter(958)) - Added filter static_user_filter (class=org.apache.hadoop.http.lib.StaticUserWebFilter$StaticUserFilter) to context logs
2019-09-24 02:29:15,945 [main] INFO  http.HttpServer2 (HttpServer2.java:addFilter(958)) - Added filter static_user_filter (class=org.apache.hadoop.http.lib.StaticUserWebFilter$StaticUserFilter) to context static
2019-09-24 02:29:15,945 [main] INFO  http.HttpServer2 (HttpServer2.java:bindListener(1191)) - Jetty bound to port 34183
2019-09-24 02:29:15,946 [main] INFO  server.Server (Server.java:doStart(351)) - jetty-9.3.25.v20180904, build timestamp: 2018-09-04T21:11:46Z, git hash: 3ce520221d0240229c862b122d2b06c12a625732
2019-09-24 02:29:15,947 [main] INFO  handler.ContextHandler (ContextHandler.java:doStart(781)) - Started o.e.j.s.ServletContextHandler@209f3887{/logs,file:///workdir/hadoop-ozone/integration-test/target/log,AVAILABLE}
2019-09-24 02:29:15,947 [main] INFO  handler.ContextHandler (ContextHandler.java:doStart(781)) - Started o.e.j.s.ServletContextHandler@3b35798{/static,jar:file:/home/user/.m2/repository/org/apache/hadoop/hadoop-hdds-container-service/0.5.0-SNAPSHOT/hadoop-hdds-container-service-0.5.0-SNAPSHOT.jar!/webapps/static,AVAILABLE}
2019-09-24 02:29:15,974 [main] INFO  handler.ContextHandler (ContextHandler.java:doStart(781)) - Started o.e.j.w.WebAppContext@11df2829{/,file:///tmp/jetty-0.0.0.0-34183-hddsDatanode-_-any-8700049001355975856.dir/webapp/,AVAILABLE}{/hddsDatanode}
2019-09-24 02:29:15,974 [main] INFO  server.AbstractConnector (AbstractConnector.java:doStart(278)) - Started ServerConnector@18e4674d{HTTP/1.1,[http/1.1]}{0.0.0.0:34183}
2019-09-24 02:29:15,975 [main] INFO  server.Server (Server.java:doStart(419)) - Started @435218ms
2019-09-24 02:29:15,976 [main] WARN  impl.MetricsSystemImpl (MetricsSystemImpl.java:register(276)) - Sink prometheus already exists!
2019-09-24 02:29:15,977 [main] INFO  server.BaseHttpServer (BaseHttpServer.java:updateConnectorAddress(215)) - HTTP server of HDDSDATANODE is listening at http://0.0.0.0:34183
2019-09-24 02:29:15,977 [main] INFO  impl.MetricsSystemImpl (MetricsSystemImpl.java:init(158)) - HddsDatanode metrics system started (again)
2019-09-24 02:29:15,983 [org.apache.hadoop.util.JvmPauseMonitor$Monitor@2e713ef9] INFO  util.JvmPauseMonitor (JvmPauseMonitor.java:run(188)) - Starting JVM pause monitor
2019-09-24 02:29:15,984 [main] INFO  ozone.HddsDatanodeService (HddsDatanodeService.java:start(184)) - HddsDatanodeService host:pr-hdds-2162-tjkd5-3209850126 ip:192.168.151.121
2019-09-24 02:29:15,984 [Datanode State Machine Thread - 0] INFO  datanode.InitDatanodeState (InitDatanodeState.java:persistContainerDatanodeDetails(140)) - DatanodeDetails is persisted to /workdir/hadoop-ozone/integration-test/target/test-dir/MiniOzoneClusterImpl-e1db9d82-1fb6-48f9-8fb7-1f77219b2ee9/datanode-5/meta/datanode.id
2019-09-24 02:29:15,991 [main] INFO  volume.HddsVolume (HddsVolume.java:<init>(176)) - Creating Volume: /workdir/hadoop-ozone/integration-test/target/test-dir/MiniOzoneClusterImpl-e1db9d82-1fb6-48f9-8fb7-1f77219b2ee9/datanode-6/data/containers/hdds of  storage type : DISK and capacity : 1482555576320
2019-09-24 02:29:15,991 [main] INFO  volume.VolumeSet (VolumeSet.java:initializeVolumeSet(170)) - Added Volume : /workdir/hadoop-ozone/integration-test/target/test-dir/MiniOzoneClusterImpl-e1db9d82-1fb6-48f9-8fb7-1f77219b2ee9/datanode-6/data/containers/hdds to VolumeSet
2019-09-24 02:29:15,992 [main] INFO  volume.ThrottledAsyncChecker (ThrottledAsyncChecker.java:schedule(139)) - Scheduling a check for org.apache.hadoop.ozone.container.common.volume.HddsVolume@527a8665
2019-09-24 02:29:15,992 [main] INFO  volume.HddsVolumeChecker (HddsVolumeChecker.java:checkAllVolumes(202)) - Scheduled health check for volume org.apache.hadoop.ozone.container.common.volume.HddsVolume@527a8665
2019-09-24 02:29:16,011 [main] INFO  impl.RaftServerProxy (ConfUtils.java:logGet(43)) - raft.rpc.type = GRPC (default)
2019-09-24 02:29:16,012 [main] INFO  grpc.GrpcFactory (GrpcFactory.java:checkPooledByteBufAllocatorUseCacheForAllThreads(45)) - PERFORMANCE WARNING: useCacheForAllThreads is true that may cause Netty to create a lot garbage objects and, as a result, trigger GC.
	It is recommended to disable useCacheForAllThreads by setting -Dorg.apache.ratis.thirdparty.io.netty.allocator.useCacheForAllThreads=false in command line.
2019-09-24 02:29:16,012 [main] INFO  grpc.GrpcConfigKeys$Server (ConfUtils.java:logGet(43)) - raft.grpc.server.port = 0 (default)
2019-09-24 02:29:16,012 [main] INFO  server.GrpcService (ConfUtils.java:logGet(43)) - raft.grpc.message.size.max = 33570816 (custom)
2019-09-24 02:29:16,012 [main] INFO  server.RaftServerConfigKeys (ConfUtils.java:logGet(43)) - raft.server.log.appender.buffer.byte-limit = 33554432 (custom)
2019-09-24 02:29:16,013 [main] INFO  server.GrpcService (ConfUtils.java:logGet(43)) - raft.grpc.flow.control.window = 1MB (=1048576) (default)
2019-09-24 02:29:16,013 [main] INFO  server.RaftServerConfigKeys (ConfUtils.java:logGet(43)) - raft.server.rpc.request.timeout = 3000ms (default)
2019-09-24 02:29:16,013 [main] INFO  server.RaftServerConfigKeys (ConfUtils.java:logGet(43)) - raft.server.storage.dir = [/workdir/hadoop-ozone/integration-test/target/test-dir/MiniOzoneClusterImpl-e1db9d82-1fb6-48f9-8fb7-1f77219b2ee9/datanode-6/data/ratis] (custom)
2019-09-24 02:29:16,015 [main] INFO  hdfs.DFSUtil (DFSUtil.java:httpServerTemplateForNNAndJN(1641)) - Starting Web-server for hddsDatanode at: http://0.0.0.0:0
2019-09-24 02:29:16,016 [main] INFO  server.AuthenticationFilter (AuthenticationFilter.java:constructSecretProvider(240)) - Unable to initialize FileSignerSecretProvider, falling back to use random secrets.
2019-09-24 02:29:16,017 [main] WARN  http.HttpRequestLog (HttpRequestLog.java:getRequestLog(97)) - Jetty request log can only be enabled using Log4j
2019-09-24 02:29:16,019 [main] INFO  http.HttpServer2 (HttpServer2.java:addGlobalFilter(975)) - Added global filter 'safety' (class=org.apache.hadoop.http.HttpServer2$QuotingInputFilter)
2019-09-24 02:29:16,019 [main] INFO  http.HttpServer2 (HttpServer2.java:addFilter(948)) - Added filter static_user_filter (class=org.apache.hadoop.http.lib.StaticUserWebFilter$StaticUserFilter) to context hddsDatanode
2019-09-24 02:29:16,020 [main] INFO  http.HttpServer2 (HttpServer2.java:addFilter(958)) - Added filter static_user_filter (class=org.apache.hadoop.http.lib.StaticUserWebFilter$StaticUserFilter) to context logs
2019-09-24 02:29:16,020 [main] INFO  http.HttpServer2 (HttpServer2.java:addFilter(958)) - Added filter static_user_filter (class=org.apache.hadoop.http.lib.StaticUserWebFilter$StaticUserFilter) to context static
2019-09-24 02:29:16,021 [main] INFO  http.HttpServer2 (HttpServer2.java:bindListener(1191)) - Jetty bound to port 43300
2019-09-24 02:29:16,021 [main] INFO  server.Server (Server.java:doStart(351)) - jetty-9.3.25.v20180904, build timestamp: 2018-09-04T21:11:46Z, git hash: 3ce520221d0240229c862b122d2b06c12a625732
2019-09-24 02:29:16,022 [main] INFO  handler.ContextHandler (ContextHandler.java:doStart(781)) - Started o.e.j.s.ServletContextHandler@3b4086c1{/logs,file:///workdir/hadoop-ozone/integration-test/target/log,AVAILABLE}
2019-09-24 02:29:16,023 [main] INFO  handler.ContextHandler (ContextHandler.java:doStart(781)) - Started o.e.j.s.ServletContextHandler@33d7765a{/static,jar:file:/home/user/.m2/repository/org/apache/hadoop/hadoop-hdds-container-service/0.5.0-SNAPSHOT/hadoop-hdds-container-service-0.5.0-SNAPSHOT.jar!/webapps/static,AVAILABLE}
2019-09-24 02:29:16,060 [main] INFO  handler.ContextHandler (ContextHandler.java:doStart(781)) - Started o.e.j.w.WebAppContext@395f52ed{/,file:///tmp/jetty-0.0.0.0-43300-hddsDatanode-_-any-5496535310231193947.dir/webapp/,AVAILABLE}{/hddsDatanode}
2019-09-24 02:29:16,060 [main] INFO  server.AbstractConnector (AbstractConnector.java:doStart(278)) - Started ServerConnector@7a84788f{HTTP/1.1,[http/1.1]}{0.0.0.0:43300}
2019-09-24 02:29:16,062 [main] INFO  server.Server (Server.java:doStart(419)) - Started @435304ms
2019-09-24 02:29:16,062 [main] WARN  impl.MetricsSystemImpl (MetricsSystemImpl.java:register(276)) - Sink prometheus already exists!
2019-09-24 02:29:16,063 [main] INFO  server.BaseHttpServer (BaseHttpServer.java:updateConnectorAddress(215)) - HTTP server of HDDSDATANODE is listening at http://0.0.0.0:43300
2019-09-24 02:29:16,063 [main] INFO  impl.MetricsSystemImpl (MetricsSystemImpl.java:init(158)) - HddsDatanode metrics system started (again)
2019-09-24 02:29:16,069 [org.apache.hadoop.util.JvmPauseMonitor$Monitor@5f6c0518] INFO  util.JvmPauseMonitor (JvmPauseMonitor.java:run(188)) - Starting JVM pause monitor
2019-09-24 02:29:16,069 [main] INFO  ozone.HddsDatanodeService (HddsDatanodeService.java:start(184)) - HddsDatanodeService host:pr-hdds-2162-tjkd5-3209850126 ip:192.168.151.121
2019-09-24 02:29:16,071 [Datanode State Machine Thread - 0] INFO  datanode.InitDatanodeState (InitDatanodeState.java:persistContainerDatanodeDetails(140)) - DatanodeDetails is persisted to /workdir/hadoop-ozone/integration-test/target/test-dir/MiniOzoneClusterImpl-e1db9d82-1fb6-48f9-8fb7-1f77219b2ee9/datanode-6/meta/datanode.id
2019-09-24 02:29:16,076 [main] INFO  volume.HddsVolume (HddsVolume.java:<init>(176)) - Creating Volume: /workdir/hadoop-ozone/integration-test/target/test-dir/MiniOzoneClusterImpl-e1db9d82-1fb6-48f9-8fb7-1f77219b2ee9/datanode-7/data/containers/hdds of  storage type : DISK and capacity : 1482555576320
2019-09-24 02:29:16,076 [main] INFO  volume.VolumeSet (VolumeSet.java:initializeVolumeSet(170)) - Added Volume : /workdir/hadoop-ozone/integration-test/target/test-dir/MiniOzoneClusterImpl-e1db9d82-1fb6-48f9-8fb7-1f77219b2ee9/datanode-7/data/containers/hdds to VolumeSet
2019-09-24 02:29:16,077 [main] INFO  volume.ThrottledAsyncChecker (ThrottledAsyncChecker.java:schedule(139)) - Scheduling a check for org.apache.hadoop.ozone.container.common.volume.HddsVolume@6ef2f7ad
2019-09-24 02:29:16,077 [main] INFO  volume.HddsVolumeChecker (HddsVolumeChecker.java:checkAllVolumes(202)) - Scheduled health check for volume org.apache.hadoop.ozone.container.common.volume.HddsVolume@6ef2f7ad
2019-09-24 02:29:16,091 [main] INFO  impl.RaftServerProxy (ConfUtils.java:logGet(43)) - raft.rpc.type = GRPC (default)
2019-09-24 02:29:16,092 [main] INFO  grpc.GrpcFactory (GrpcFactory.java:checkPooledByteBufAllocatorUseCacheForAllThreads(45)) - PERFORMANCE WARNING: useCacheForAllThreads is true that may cause Netty to create a lot garbage objects and, as a result, trigger GC.
	It is recommended to disable useCacheForAllThreads by setting -Dorg.apache.ratis.thirdparty.io.netty.allocator.useCacheForAllThreads=false in command line.
2019-09-24 02:29:16,092 [main] INFO  grpc.GrpcConfigKeys$Server (ConfUtils.java:logGet(43)) - raft.grpc.server.port = 0 (default)
2019-09-24 02:29:16,092 [main] INFO  server.GrpcService (ConfUtils.java:logGet(43)) - raft.grpc.message.size.max = 33570816 (custom)
2019-09-24 02:29:16,092 [main] INFO  server.RaftServerConfigKeys (ConfUtils.java:logGet(43)) - raft.server.log.appender.buffer.byte-limit = 33554432 (custom)
2019-09-24 02:29:16,092 [main] INFO  server.GrpcService (ConfUtils.java:logGet(43)) - raft.grpc.flow.control.window = 1MB (=1048576) (default)
2019-09-24 02:29:16,093 [main] INFO  server.RaftServerConfigKeys (ConfUtils.java:logGet(43)) - raft.server.rpc.request.timeout = 3000ms (default)
2019-09-24 02:29:16,093 [main] INFO  server.RaftServerConfigKeys (ConfUtils.java:logGet(43)) - raft.server.storage.dir = [/workdir/hadoop-ozone/integration-test/target/test-dir/MiniOzoneClusterImpl-e1db9d82-1fb6-48f9-8fb7-1f77219b2ee9/datanode-7/data/ratis] (custom)
2019-09-24 02:29:16,094 [main] INFO  hdfs.DFSUtil (DFSUtil.java:httpServerTemplateForNNAndJN(1641)) - Starting Web-server for hddsDatanode at: http://0.0.0.0:0
2019-09-24 02:29:16,095 [main] INFO  server.AuthenticationFilter (AuthenticationFilter.java:constructSecretProvider(240)) - Unable to initialize FileSignerSecretProvider, falling back to use random secrets.
2019-09-24 02:29:16,096 [main] WARN  http.HttpRequestLog (HttpRequestLog.java:getRequestLog(97)) - Jetty request log can only be enabled using Log4j
2019-09-24 02:29:16,097 [main] INFO  http.HttpServer2 (HttpServer2.java:addGlobalFilter(975)) - Added global filter 'safety' (class=org.apache.hadoop.http.HttpServer2$QuotingInputFilter)
2019-09-24 02:29:16,097 [main] INFO  http.HttpServer2 (HttpServer2.java:addFilter(948)) - Added filter static_user_filter (class=org.apache.hadoop.http.lib.StaticUserWebFilter$StaticUserFilter) to context hddsDatanode
2019-09-24 02:29:16,097 [main] INFO  http.HttpServer2 (HttpServer2.java:addFilter(958)) - Added filter static_user_filter (class=org.apache.hadoop.http.lib.StaticUserWebFilter$StaticUserFilter) to context logs
2019-09-24 02:29:16,098 [main] INFO  http.HttpServer2 (HttpServer2.java:addFilter(958)) - Added filter static_user_filter (class=org.apache.hadoop.http.lib.StaticUserWebFilter$StaticUserFilter) to context static
2019-09-24 02:29:16,098 [main] INFO  http.HttpServer2 (HttpServer2.java:bindListener(1191)) - Jetty bound to port 44640
2019-09-24 02:29:16,098 [main] INFO  server.Server (Server.java:doStart(351)) - jetty-9.3.25.v20180904, build timestamp: 2018-09-04T21:11:46Z, git hash: 3ce520221d0240229c862b122d2b06c12a625732
2019-09-24 02:29:16,100 [main] INFO  handler.ContextHandler (ContextHandler.java:doStart(781)) - Started o.e.j.s.ServletContextHandler@250d440{/logs,file:///workdir/hadoop-ozone/integration-test/target/log,AVAILABLE}
2019-09-24 02:29:16,100 [main] INFO  handler.ContextHandler (ContextHandler.java:doStart(781)) - Started o.e.j.s.ServletContextHandler@7e5efcab{/static,jar:file:/home/user/.m2/repository/org/apache/hadoop/hadoop-hdds-container-service/0.5.0-SNAPSHOT/hadoop-hdds-container-service-0.5.0-SNAPSHOT.jar!/webapps/static,AVAILABLE}
2019-09-24 02:29:16,127 [main] INFO  handler.ContextHandler (ContextHandler.java:doStart(781)) - Started o.e.j.w.WebAppContext@5ec88f9e{/,file:///tmp/jetty-0.0.0.0-44640-hddsDatanode-_-any-1458678122949333080.dir/webapp/,AVAILABLE}{/hddsDatanode}
2019-09-24 02:29:16,128 [main] INFO  server.AbstractConnector (AbstractConnector.java:doStart(278)) - Started ServerConnector@7a04f730{HTTP/1.1,[http/1.1]}{0.0.0.0:44640}
2019-09-24 02:29:16,128 [main] INFO  server.Server (Server.java:doStart(419)) - Started @435371ms
2019-09-24 02:29:16,130 [main] WARN  impl.MetricsSystemImpl (MetricsSystemImpl.java:register(276)) - Sink prometheus already exists!
2019-09-24 02:29:16,131 [main] INFO  server.BaseHttpServer (BaseHttpServer.java:updateConnectorAddress(215)) - HTTP server of HDDSDATANODE is listening at http://0.0.0.0:44640
2019-09-24 02:29:16,131 [main] INFO  impl.MetricsSystemImpl (MetricsSystemImpl.java:init(158)) - HddsDatanode metrics system started (again)
2019-09-24 02:29:16,137 [org.apache.hadoop.util.JvmPauseMonitor$Monitor@2e7bcd1f] INFO  util.JvmPauseMonitor (JvmPauseMonitor.java:run(188)) - Starting JVM pause monitor
2019-09-24 02:29:16,138 [main] INFO  ozone.HddsDatanodeService (HddsDatanodeService.java:start(184)) - HddsDatanodeService host:pr-hdds-2162-tjkd5-3209850126 ip:192.168.151.121
2019-09-24 02:29:16,139 [Datanode State Machine Thread - 0] INFO  datanode.InitDatanodeState (InitDatanodeState.java:persistContainerDatanodeDetails(140)) - DatanodeDetails is persisted to /workdir/hadoop-ozone/integration-test/target/test-dir/MiniOzoneClusterImpl-e1db9d82-1fb6-48f9-8fb7-1f77219b2ee9/datanode-7/meta/datanode.id
2019-09-24 02:29:16,146 [main] INFO  volume.HddsVolume (HddsVolume.java:<init>(176)) - Creating Volume: /workdir/hadoop-ozone/integration-test/target/test-dir/MiniOzoneClusterImpl-e1db9d82-1fb6-48f9-8fb7-1f77219b2ee9/datanode-8/data/containers/hdds of  storage type : DISK and capacity : 1482555576320
2019-09-24 02:29:16,146 [main] INFO  volume.VolumeSet (VolumeSet.java:initializeVolumeSet(170)) - Added Volume : /workdir/hadoop-ozone/integration-test/target/test-dir/MiniOzoneClusterImpl-e1db9d82-1fb6-48f9-8fb7-1f77219b2ee9/datanode-8/data/containers/hdds to VolumeSet
2019-09-24 02:29:16,147 [main] INFO  volume.ThrottledAsyncChecker (ThrottledAsyncChecker.java:schedule(139)) - Scheduling a check for org.apache.hadoop.ozone.container.common.volume.HddsVolume@4d518c66
2019-09-24 02:29:16,147 [main] INFO  volume.HddsVolumeChecker (HddsVolumeChecker.java:checkAllVolumes(202)) - Scheduled health check for volume org.apache.hadoop.ozone.container.common.volume.HddsVolume@4d518c66
2019-09-24 02:29:16,163 [main] INFO  impl.RaftServerProxy (ConfUtils.java:logGet(43)) - raft.rpc.type = GRPC (default)
2019-09-24 02:29:16,164 [main] INFO  grpc.GrpcFactory (GrpcFactory.java:checkPooledByteBufAllocatorUseCacheForAllThreads(45)) - PERFORMANCE WARNING: useCacheForAllThreads is true that may cause Netty to create a lot garbage objects and, as a result, trigger GC.
	It is recommended to disable useCacheForAllThreads by setting -Dorg.apache.ratis.thirdparty.io.netty.allocator.useCacheForAllThreads=false in command line.
2019-09-24 02:29:16,164 [main] INFO  grpc.GrpcConfigKeys$Server (ConfUtils.java:logGet(43)) - raft.grpc.server.port = 0 (default)
2019-09-24 02:29:16,164 [main] INFO  server.GrpcService (ConfUtils.java:logGet(43)) - raft.grpc.message.size.max = 33570816 (custom)
2019-09-24 02:29:16,164 [main] INFO  server.RaftServerConfigKeys (ConfUtils.java:logGet(43)) - raft.server.log.appender.buffer.byte-limit = 33554432 (custom)
2019-09-24 02:29:16,165 [main] INFO  server.GrpcService (ConfUtils.java:logGet(43)) - raft.grpc.flow.control.window = 1MB (=1048576) (default)
2019-09-24 02:29:16,165 [main] INFO  server.RaftServerConfigKeys (ConfUtils.java:logGet(43)) - raft.server.rpc.request.timeout = 3000ms (default)
2019-09-24 02:29:16,165 [main] INFO  server.RaftServerConfigKeys (ConfUtils.java:logGet(43)) - raft.server.storage.dir = [/workdir/hadoop-ozone/integration-test/target/test-dir/MiniOzoneClusterImpl-e1db9d82-1fb6-48f9-8fb7-1f77219b2ee9/datanode-8/data/ratis] (custom)
2019-09-24 02:29:16,168 [main] INFO  hdfs.DFSUtil (DFSUtil.java:httpServerTemplateForNNAndJN(1641)) - Starting Web-server for hddsDatanode at: http://0.0.0.0:0
2019-09-24 02:29:16,170 [main] INFO  server.AuthenticationFilter (AuthenticationFilter.java:constructSecretProvider(240)) - Unable to initialize FileSignerSecretProvider, falling back to use random secrets.
2019-09-24 02:29:16,171 [main] WARN  http.HttpRequestLog (HttpRequestLog.java:getRequestLog(97)) - Jetty request log can only be enabled using Log4j
2019-09-24 02:29:16,173 [main] INFO  http.HttpServer2 (HttpServer2.java:addGlobalFilter(975)) - Added global filter 'safety' (class=org.apache.hadoop.http.HttpServer2$QuotingInputFilter)
2019-09-24 02:29:16,174 [main] INFO  http.HttpServer2 (HttpServer2.java:addFilter(948)) - Added filter static_user_filter (class=org.apache.hadoop.http.lib.StaticUserWebFilter$StaticUserFilter) to context hddsDatanode
2019-09-24 02:29:16,174 [main] INFO  http.HttpServer2 (HttpServer2.java:addFilter(958)) - Added filter static_user_filter (class=org.apache.hadoop.http.lib.StaticUserWebFilter$StaticUserFilter) to context logs
2019-09-24 02:29:16,175 [main] INFO  http.HttpServer2 (HttpServer2.java:addFilter(958)) - Added filter static_user_filter (class=org.apache.hadoop.http.lib.StaticUserWebFilter$StaticUserFilter) to context static
2019-09-24 02:29:16,175 [main] INFO  http.HttpServer2 (HttpServer2.java:bindListener(1191)) - Jetty bound to port 35590
2019-09-24 02:29:16,176 [main] INFO  server.Server (Server.java:doStart(351)) - jetty-9.3.25.v20180904, build timestamp: 2018-09-04T21:11:46Z, git hash: 3ce520221d0240229c862b122d2b06c12a625732
2019-09-24 02:29:16,178 [main] INFO  handler.ContextHandler (ContextHandler.java:doStart(781)) - Started o.e.j.s.ServletContextHandler@62b6c045{/logs,file:///workdir/hadoop-ozone/integration-test/target/log,AVAILABLE}
2019-09-24 02:29:16,178 [main] INFO  handler.ContextHandler (ContextHandler.java:doStart(781)) - Started o.e.j.s.ServletContextHandler@46b2dcc5{/static,jar:file:/home/user/.m2/repository/org/apache/hadoop/hadoop-hdds-container-service/0.5.0-SNAPSHOT/hadoop-hdds-container-service-0.5.0-SNAPSHOT.jar!/webapps/static,AVAILABLE}
2019-09-24 02:29:16,214 [main] INFO  handler.ContextHandler (ContextHandler.java:doStart(781)) - Started o.e.j.w.WebAppContext@4b9c411{/,file:///tmp/jetty-0.0.0.0-35590-hddsDatanode-_-any-6425487781505384180.dir/webapp/,AVAILABLE}{/hddsDatanode}
2019-09-24 02:29:16,215 [main] INFO  server.AbstractConnector (AbstractConnector.java:doStart(278)) - Started ServerConnector@41e9f86{HTTP/1.1,[http/1.1]}{0.0.0.0:35590}
2019-09-24 02:29:16,217 [main] INFO  server.Server (Server.java:doStart(419)) - Started @435460ms
2019-09-24 02:29:16,217 [main] WARN  impl.MetricsSystemImpl (MetricsSystemImpl.java:register(276)) - Sink prometheus already exists!
2019-09-24 02:29:16,218 [main] INFO  server.BaseHttpServer (BaseHttpServer.java:updateConnectorAddress(215)) - HTTP server of HDDSDATANODE is listening at http://0.0.0.0:35590
2019-09-24 02:29:16,219 [main] INFO  impl.MetricsSystemImpl (MetricsSystemImpl.java:init(158)) - HddsDatanode metrics system started (again)
2019-09-24 02:29:16,224 [org.apache.hadoop.util.JvmPauseMonitor$Monitor@3655f72f] INFO  util.JvmPauseMonitor (JvmPauseMonitor.java:run(188)) - Starting JVM pause monitor
2019-09-24 02:29:16,224 [main] INFO  ozone.HddsDatanodeService (HddsDatanodeService.java:start(184)) - HddsDatanodeService host:pr-hdds-2162-tjkd5-3209850126 ip:192.168.151.121
2019-09-24 02:29:16,226 [Datanode State Machine Thread - 0] INFO  datanode.InitDatanodeState (InitDatanodeState.java:persistContainerDatanodeDetails(140)) - DatanodeDetails is persisted to /workdir/hadoop-ozone/integration-test/target/test-dir/MiniOzoneClusterImpl-e1db9d82-1fb6-48f9-8fb7-1f77219b2ee9/datanode-8/meta/datanode.id
2019-09-24 02:29:16,237 [main] INFO  volume.HddsVolume (HddsVolume.java:<init>(176)) - Creating Volume: /workdir/hadoop-ozone/integration-test/target/test-dir/MiniOzoneClusterImpl-e1db9d82-1fb6-48f9-8fb7-1f77219b2ee9/datanode-9/data/containers/hdds of  storage type : DISK and capacity : 1482555576320
2019-09-24 02:29:16,237 [main] INFO  volume.VolumeSet (VolumeSet.java:initializeVolumeSet(170)) - Added Volume : /workdir/hadoop-ozone/integration-test/target/test-dir/MiniOzoneClusterImpl-e1db9d82-1fb6-48f9-8fb7-1f77219b2ee9/datanode-9/data/containers/hdds to VolumeSet
2019-09-24 02:29:16,238 [main] INFO  volume.ThrottledAsyncChecker (ThrottledAsyncChecker.java:schedule(139)) - Scheduling a check for org.apache.hadoop.ozone.container.common.volume.HddsVolume@15e8f9b2
2019-09-24 02:29:16,238 [main] INFO  volume.HddsVolumeChecker (HddsVolumeChecker.java:checkAllVolumes(202)) - Scheduled health check for volume org.apache.hadoop.ozone.container.common.volume.HddsVolume@15e8f9b2
2019-09-24 02:29:16,250 [main] INFO  impl.RaftServerProxy (ConfUtils.java:logGet(43)) - raft.rpc.type = GRPC (default)
2019-09-24 02:29:16,251 [main] INFO  grpc.GrpcFactory (GrpcFactory.java:checkPooledByteBufAllocatorUseCacheForAllThreads(45)) - PERFORMANCE WARNING: useCacheForAllThreads is true that may cause Netty to create a lot garbage objects and, as a result, trigger GC.
	It is recommended to disable useCacheForAllThreads by setting -Dorg.apache.ratis.thirdparty.io.netty.allocator.useCacheForAllThreads=false in command line.
2019-09-24 02:29:16,251 [main] INFO  grpc.GrpcConfigKeys$Server (ConfUtils.java:logGet(43)) - raft.grpc.server.port = 0 (default)
2019-09-24 02:29:16,251 [main] INFO  server.GrpcService (ConfUtils.java:logGet(43)) - raft.grpc.message.size.max = 33570816 (custom)
2019-09-24 02:29:16,251 [main] INFO  server.RaftServerConfigKeys (ConfUtils.java:logGet(43)) - raft.server.log.appender.buffer.byte-limit = 33554432 (custom)
2019-09-24 02:29:16,251 [main] INFO  server.GrpcService (ConfUtils.java:logGet(43)) - raft.grpc.flow.control.window = 1MB (=1048576) (default)
2019-09-24 02:29:16,252 [main] INFO  server.RaftServerConfigKeys (ConfUtils.java:logGet(43)) - raft.server.rpc.request.timeout = 3000ms (default)
2019-09-24 02:29:16,252 [main] INFO  server.RaftServerConfigKeys (ConfUtils.java:logGet(43)) - raft.server.storage.dir = [/workdir/hadoop-ozone/integration-test/target/test-dir/MiniOzoneClusterImpl-e1db9d82-1fb6-48f9-8fb7-1f77219b2ee9/datanode-9/data/ratis] (custom)
2019-09-24 02:29:16,254 [main] INFO  hdfs.DFSUtil (DFSUtil.java:httpServerTemplateForNNAndJN(1641)) - Starting Web-server for hddsDatanode at: http://0.0.0.0:0
2019-09-24 02:29:16,255 [main] INFO  server.AuthenticationFilter (AuthenticationFilter.java:constructSecretProvider(240)) - Unable to initialize FileSignerSecretProvider, falling back to use random secrets.
2019-09-24 02:29:16,256 [main] WARN  http.HttpRequestLog (HttpRequestLog.java:getRequestLog(97)) - Jetty request log can only be enabled using Log4j
2019-09-24 02:29:16,258 [main] INFO  http.HttpServer2 (HttpServer2.java:addGlobalFilter(975)) - Added global filter 'safety' (class=org.apache.hadoop.http.HttpServer2$QuotingInputFilter)
2019-09-24 02:29:16,259 [main] INFO  http.HttpServer2 (HttpServer2.java:addFilter(948)) - Added filter static_user_filter (class=org.apache.hadoop.http.lib.StaticUserWebFilter$StaticUserFilter) to context hddsDatanode
2019-09-24 02:29:16,259 [main] INFO  http.HttpServer2 (HttpServer2.java:addFilter(958)) - Added filter static_user_filter (class=org.apache.hadoop.http.lib.StaticUserWebFilter$StaticUserFilter) to context static
2019-09-24 02:29:16,260 [main] INFO  http.HttpServer2 (HttpServer2.java:addFilter(958)) - Added filter static_user_filter (class=org.apache.hadoop.http.lib.StaticUserWebFilter$StaticUserFilter) to context logs
2019-09-24 02:29:16,261 [main] INFO  http.HttpServer2 (HttpServer2.java:bindListener(1191)) - Jetty bound to port 41268
2019-09-24 02:29:16,261 [main] INFO  server.Server (Server.java:doStart(351)) - jetty-9.3.25.v20180904, build timestamp: 2018-09-04T21:11:46Z, git hash: 3ce520221d0240229c862b122d2b06c12a625732
2019-09-24 02:29:16,263 [main] INFO  handler.ContextHandler (ContextHandler.java:doStart(781)) - Started o.e.j.s.ServletContextHandler@2c2c3947{/logs,file:///workdir/hadoop-ozone/integration-test/target/log,AVAILABLE}
2019-09-24 02:29:16,264 [main] INFO  handler.ContextHandler (ContextHandler.java:doStart(781)) - Started o.e.j.s.ServletContextHandler@7ec08115{/static,jar:file:/home/user/.m2/repository/org/apache/hadoop/hadoop-hdds-container-service/0.5.0-SNAPSHOT/hadoop-hdds-container-service-0.5.0-SNAPSHOT.jar!/webapps/static,AVAILABLE}
2019-09-24 02:29:16,308 [main] INFO  handler.ContextHandler (ContextHandler.java:doStart(781)) - Started o.e.j.w.WebAppContext@1e6060f1{/,file:///tmp/jetty-0.0.0.0-41268-hddsDatanode-_-any-2911062552595272917.dir/webapp/,AVAILABLE}{/hddsDatanode}
2019-09-24 02:29:16,308 [main] INFO  server.AbstractConnector (AbstractConnector.java:doStart(278)) - Started ServerConnector@7e49ded{HTTP/1.1,[http/1.1]}{0.0.0.0:41268}
2019-09-24 02:29:16,310 [main] INFO  server.Server (Server.java:doStart(419)) - Started @435554ms
2019-09-24 02:29:16,311 [main] WARN  impl.MetricsSystemImpl (MetricsSystemImpl.java:register(276)) - Sink prometheus already exists!
2019-09-24 02:29:16,311 [main] INFO  server.BaseHttpServer (BaseHttpServer.java:updateConnectorAddress(215)) - HTTP server of HDDSDATANODE is listening at http://0.0.0.0:41268
2019-09-24 02:29:16,312 [main] INFO  ozone.MiniOzoneClusterImpl (MiniOzoneClusterImpl.java:lambda$waitForClusterToBeReady$0(147)) - Waiting for cluster to be ready. Got 0 of 10 DN Heartbeats.
2019-09-24 02:29:16,313 [org.apache.hadoop.util.JvmPauseMonitor$Monitor@665519bf] INFO  util.JvmPauseMonitor (JvmPauseMonitor.java:run(188)) - Starting JVM pause monitor
2019-09-24 02:29:16,314 [Datanode State Machine Thread - 0] INFO  datanode.InitDatanodeState (InitDatanodeState.java:persistContainerDatanodeDetails(140)) - DatanodeDetails is persisted to /workdir/hadoop-ozone/integration-test/target/test-dir/MiniOzoneClusterImpl-e1db9d82-1fb6-48f9-8fb7-1f77219b2ee9/datanode-9/meta/datanode.id
2019-09-24 02:29:17,313 [main] INFO  ozone.MiniOzoneClusterImpl (MiniOzoneClusterImpl.java:lambda$waitForClusterToBeReady$0(147)) - Waiting for cluster to be ready. Got 0 of 10 DN Heartbeats.
2019-09-24 02:29:17,643 [Datanode State Machine Thread - 0] INFO  ozoneimpl.OzoneContainer (OzoneContainer.java:start(217)) - Attempting to start container services.
2019-09-24 02:29:17,643 [Datanode State Machine Thread - 0] INFO  ozoneimpl.OzoneContainer (OzoneContainer.java:startContainerScrub(179)) - Background container scanner has been disabled.
2019-09-24 02:29:17,644 [Datanode State Machine Thread - 0] INFO  ratis.XceiverServerRatis (XceiverServerRatis.java:start(411)) - Starting XceiverServerRatis 5a1cfc27-0377-45c9-882e-ae9e71586032 at port 0
2019-09-24 02:29:17,651 [Datanode State Machine Thread - 0] INFO  impl.RaftServerProxy (RaftServerProxy.java:lambda$start$3(299)) - 5a1cfc27-0377-45c9-882e-ae9e71586032: start RPC server
2019-09-24 02:29:17,654 [Datanode State Machine Thread - 0] INFO  server.GrpcService (GrpcService.java:startImpl(158)) - 5a1cfc27-0377-45c9-882e-ae9e71586032: GrpcService started, listening on 0.0.0.0/0.0.0.0:33792
2019-09-24 02:29:17,654 [Datanode State Machine Thread - 0] INFO  ratis.XceiverServerRatis (XceiverServerRatis.java:start(421)) - XceiverServerRatis 5a1cfc27-0377-45c9-882e-ae9e71586032 is started using port 33792
2019-09-24 02:29:17,655 [Datanode State Machine Thread - 0] INFO  server.XceiverServerGrpc (XceiverServerGrpc.java:start(149)) - XceiverServerGrpc 5a1cfc27-0377-45c9-882e-ae9e71586032 is started using port 32864
2019-09-24 02:29:17,707 [Datanode State Machine Thread - 0] INFO  ozoneimpl.OzoneContainer (OzoneContainer.java:start(217)) - Attempting to start container services.
2019-09-24 02:29:17,708 [Datanode State Machine Thread - 0] INFO  ozoneimpl.OzoneContainer (OzoneContainer.java:startContainerScrub(179)) - Background container scanner has been disabled.
2019-09-24 02:29:17,708 [Datanode State Machine Thread - 0] INFO  ratis.XceiverServerRatis (XceiverServerRatis.java:start(411)) - Starting XceiverServerRatis 085dba92-8ce5-4f42-893e-544caee8a210 at port 0
2019-09-24 02:29:17,715 [Datanode State Machine Thread - 0] INFO  impl.RaftServerProxy (RaftServerProxy.java:lambda$start$3(299)) - 085dba92-8ce5-4f42-893e-544caee8a210: start RPC server
2019-09-24 02:29:17,717 [Datanode State Machine Thread - 0] INFO  server.GrpcService (GrpcService.java:startImpl(158)) - 085dba92-8ce5-4f42-893e-544caee8a210: GrpcService started, listening on 0.0.0.0/0.0.0.0:45199
2019-09-24 02:29:17,718 [Datanode State Machine Thread - 0] INFO  ratis.XceiverServerRatis (XceiverServerRatis.java:start(421)) - XceiverServerRatis 085dba92-8ce5-4f42-893e-544caee8a210 is started using port 45199
2019-09-24 02:29:17,720 [Datanode State Machine Thread - 0] INFO  server.XceiverServerGrpc (XceiverServerGrpc.java:start(149)) - XceiverServerGrpc 085dba92-8ce5-4f42-893e-544caee8a210 is started using port 40624
2019-09-24 02:29:17,791 [Datanode State Machine Thread - 0] INFO  ozoneimpl.OzoneContainer (OzoneContainer.java:start(217)) - Attempting to start container services.
2019-09-24 02:29:17,791 [Datanode State Machine Thread - 0] INFO  ozoneimpl.OzoneContainer (OzoneContainer.java:startContainerScrub(179)) - Background container scanner has been disabled.
2019-09-24 02:29:17,791 [Datanode State Machine Thread - 0] INFO  ratis.XceiverServerRatis (XceiverServerRatis.java:start(411)) - Starting XceiverServerRatis 5cc809fa-c519-491c-99df-43aed39bd77b at port 0
2019-09-24 02:29:17,798 [Datanode State Machine Thread - 0] INFO  impl.RaftServerProxy (RaftServerProxy.java:lambda$start$3(299)) - 5cc809fa-c519-491c-99df-43aed39bd77b: start RPC server
2019-09-24 02:29:17,799 [Datanode State Machine Thread - 0] INFO  server.GrpcService (GrpcService.java:startImpl(158)) - 5cc809fa-c519-491c-99df-43aed39bd77b: GrpcService started, listening on 0.0.0.0/0.0.0.0:42564
2019-09-24 02:29:17,799 [Datanode State Machine Thread - 0] INFO  ratis.XceiverServerRatis (XceiverServerRatis.java:start(421)) - XceiverServerRatis 5cc809fa-c519-491c-99df-43aed39bd77b is started using port 42564
2019-09-24 02:29:17,800 [Datanode State Machine Thread - 0] INFO  server.XceiverServerGrpc (XceiverServerGrpc.java:start(149)) - XceiverServerGrpc 5cc809fa-c519-491c-99df-43aed39bd77b is started using port 40232
2019-09-24 02:29:17,851 [Datanode State Machine Thread - 0] INFO  ozoneimpl.OzoneContainer (OzoneContainer.java:start(217)) - Attempting to start container services.
2019-09-24 02:29:17,851 [Datanode State Machine Thread - 0] INFO  ozoneimpl.OzoneContainer (OzoneContainer.java:startContainerScrub(179)) - Background container scanner has been disabled.
2019-09-24 02:29:17,852 [Datanode State Machine Thread - 0] INFO  ratis.XceiverServerRatis (XceiverServerRatis.java:start(411)) - Starting XceiverServerRatis 8f38fc7d-5394-40fc-bec2-62867055670b at port 0
2019-09-24 02:29:17,859 [Datanode State Machine Thread - 0] INFO  impl.RaftServerProxy (RaftServerProxy.java:lambda$start$3(299)) - 8f38fc7d-5394-40fc-bec2-62867055670b: start RPC server
2019-09-24 02:29:17,860 [Datanode State Machine Thread - 0] INFO  server.GrpcService (GrpcService.java:startImpl(158)) - 8f38fc7d-5394-40fc-bec2-62867055670b: GrpcService started, listening on 0.0.0.0/0.0.0.0:45951
2019-09-24 02:29:17,860 [Datanode State Machine Thread - 0] INFO  ratis.XceiverServerRatis (XceiverServerRatis.java:start(421)) - XceiverServerRatis 8f38fc7d-5394-40fc-bec2-62867055670b is started using port 45951
2019-09-24 02:29:17,860 [Datanode State Machine Thread - 0] INFO  server.XceiverServerGrpc (XceiverServerGrpc.java:start(149)) - XceiverServerGrpc 8f38fc7d-5394-40fc-bec2-62867055670b is started using port 38290
2019-09-24 02:29:17,929 [Datanode State Machine Thread - 0] INFO  ozoneimpl.OzoneContainer (OzoneContainer.java:start(217)) - Attempting to start container services.
2019-09-24 02:29:17,929 [Datanode State Machine Thread - 0] INFO  ozoneimpl.OzoneContainer (OzoneContainer.java:startContainerScrub(179)) - Background container scanner has been disabled.
2019-09-24 02:29:17,929 [Datanode State Machine Thread - 0] INFO  ratis.XceiverServerRatis (XceiverServerRatis.java:start(411)) - Starting XceiverServerRatis 789b2ead-7118-41e6-be92-3579bc944c62 at port 0
2019-09-24 02:29:17,936 [Datanode State Machine Thread - 0] INFO  impl.RaftServerProxy (RaftServerProxy.java:lambda$start$3(299)) - 789b2ead-7118-41e6-be92-3579bc944c62: start RPC server
2019-09-24 02:29:17,939 [Datanode State Machine Thread - 0] INFO  server.GrpcService (GrpcService.java:startImpl(158)) - 789b2ead-7118-41e6-be92-3579bc944c62: GrpcService started, listening on 0.0.0.0/0.0.0.0:43411
2019-09-24 02:29:17,939 [Datanode State Machine Thread - 0] INFO  ratis.XceiverServerRatis (XceiverServerRatis.java:start(421)) - XceiverServerRatis 789b2ead-7118-41e6-be92-3579bc944c62 is started using port 43411
2019-09-24 02:29:17,940 [Datanode State Machine Thread - 0] INFO  server.XceiverServerGrpc (XceiverServerGrpc.java:start(149)) - XceiverServerGrpc 789b2ead-7118-41e6-be92-3579bc944c62 is started using port 39458
2019-09-24 02:29:17,996 [Datanode State Machine Thread - 0] INFO  ozoneimpl.OzoneContainer (OzoneContainer.java:start(217)) - Attempting to start container services.
2019-09-24 02:29:17,996 [Datanode State Machine Thread - 0] INFO  ozoneimpl.OzoneContainer (OzoneContainer.java:startContainerScrub(179)) - Background container scanner has been disabled.
2019-09-24 02:29:17,996 [Datanode State Machine Thread - 0] INFO  ratis.XceiverServerRatis (XceiverServerRatis.java:start(411)) - Starting XceiverServerRatis 802dd090-3361-4aa9-ab79-78a8dffa1107 at port 0
2019-09-24 02:29:18,004 [Datanode State Machine Thread - 0] INFO  impl.RaftServerProxy (RaftServerProxy.java:lambda$start$3(299)) - 802dd090-3361-4aa9-ab79-78a8dffa1107: start RPC server
2019-09-24 02:29:18,005 [Datanode State Machine Thread - 0] INFO  server.GrpcService (GrpcService.java:startImpl(158)) - 802dd090-3361-4aa9-ab79-78a8dffa1107: GrpcService started, listening on 0.0.0.0/0.0.0.0:38747
2019-09-24 02:29:18,005 [Datanode State Machine Thread - 0] INFO  ratis.XceiverServerRatis (XceiverServerRatis.java:start(421)) - XceiverServerRatis 802dd090-3361-4aa9-ab79-78a8dffa1107 is started using port 38747
2019-09-24 02:29:18,006 [Datanode State Machine Thread - 0] INFO  server.XceiverServerGrpc (XceiverServerGrpc.java:start(149)) - XceiverServerGrpc 802dd090-3361-4aa9-ab79-78a8dffa1107 is started using port 37254
2019-09-24 02:29:18,084 [Datanode State Machine Thread - 0] INFO  ozoneimpl.OzoneContainer (OzoneContainer.java:start(217)) - Attempting to start container services.
2019-09-24 02:29:18,085 [Datanode State Machine Thread - 0] INFO  ozoneimpl.OzoneContainer (OzoneContainer.java:startContainerScrub(179)) - Background container scanner has been disabled.
2019-09-24 02:29:18,085 [Datanode State Machine Thread - 0] INFO  ratis.XceiverServerRatis (XceiverServerRatis.java:start(411)) - Starting XceiverServerRatis 0bec04af-c60a-441b-9562-0d7467eb7c58 at port 0
2019-09-24 02:29:18,094 [Datanode State Machine Thread - 0] INFO  impl.RaftServerProxy (RaftServerProxy.java:lambda$start$3(299)) - 0bec04af-c60a-441b-9562-0d7467eb7c58: start RPC server
2019-09-24 02:29:18,094 [Datanode State Machine Thread - 0] INFO  server.GrpcService (GrpcService.java:startImpl(158)) - 0bec04af-c60a-441b-9562-0d7467eb7c58: GrpcService started, listening on 0.0.0.0/0.0.0.0:44318
2019-09-24 02:29:18,095 [Datanode State Machine Thread - 0] INFO  ratis.XceiverServerRatis (XceiverServerRatis.java:start(421)) - XceiverServerRatis 0bec04af-c60a-441b-9562-0d7467eb7c58 is started using port 44318
2019-09-24 02:29:18,095 [Datanode State Machine Thread - 0] INFO  server.XceiverServerGrpc (XceiverServerGrpc.java:start(149)) - XceiverServerGrpc 0bec04af-c60a-441b-9562-0d7467eb7c58 is started using port 41010
2019-09-24 02:29:18,159 [Datanode State Machine Thread - 0] INFO  ozoneimpl.OzoneContainer (OzoneContainer.java:start(217)) - Attempting to start container services.
2019-09-24 02:29:18,159 [Datanode State Machine Thread - 0] INFO  ozoneimpl.OzoneContainer (OzoneContainer.java:startContainerScrub(179)) - Background container scanner has been disabled.
2019-09-24 02:29:18,159 [Datanode State Machine Thread - 0] INFO  ratis.XceiverServerRatis (XceiverServerRatis.java:start(411)) - Starting XceiverServerRatis 56d7dd02-5e2f-4ce9-bc16-c2a7d153f33e at port 0
2019-09-24 02:29:18,167 [Datanode State Machine Thread - 0] INFO  impl.RaftServerProxy (RaftServerProxy.java:lambda$start$3(299)) - 56d7dd02-5e2f-4ce9-bc16-c2a7d153f33e: start RPC server
2019-09-24 02:29:18,168 [Datanode State Machine Thread - 0] INFO  server.GrpcService (GrpcService.java:startImpl(158)) - 56d7dd02-5e2f-4ce9-bc16-c2a7d153f33e: GrpcService started, listening on 0.0.0.0/0.0.0.0:34190
2019-09-24 02:29:18,168 [Datanode State Machine Thread - 0] INFO  ratis.XceiverServerRatis (XceiverServerRatis.java:start(421)) - XceiverServerRatis 56d7dd02-5e2f-4ce9-bc16-c2a7d153f33e is started using port 34190
2019-09-24 02:29:18,183 [Datanode State Machine Thread - 0] INFO  server.XceiverServerGrpc (XceiverServerGrpc.java:start(149)) - XceiverServerGrpc 56d7dd02-5e2f-4ce9-bc16-c2a7d153f33e is started using port 43560
2019-09-24 02:29:18,255 [Datanode State Machine Thread - 0] INFO  ozoneimpl.OzoneContainer (OzoneContainer.java:start(217)) - Attempting to start container services.
2019-09-24 02:29:18,255 [Datanode State Machine Thread - 0] INFO  ozoneimpl.OzoneContainer (OzoneContainer.java:startContainerScrub(179)) - Background container scanner has been disabled.
2019-09-24 02:29:18,255 [Datanode State Machine Thread - 0] INFO  ratis.XceiverServerRatis (XceiverServerRatis.java:start(411)) - Starting XceiverServerRatis 0604b7ce-3702-4402-9f78-e4e71bac4ced at port 0
2019-09-24 02:29:18,263 [Datanode State Machine Thread - 0] INFO  impl.RaftServerProxy (RaftServerProxy.java:lambda$start$3(299)) - 0604b7ce-3702-4402-9f78-e4e71bac4ced: start RPC server
2019-09-24 02:29:18,264 [Datanode State Machine Thread - 0] INFO  server.GrpcService (GrpcService.java:startImpl(158)) - 0604b7ce-3702-4402-9f78-e4e71bac4ced: GrpcService started, listening on 0.0.0.0/0.0.0.0:35986
2019-09-24 02:29:18,264 [Datanode State Machine Thread - 0] INFO  ratis.XceiverServerRatis (XceiverServerRatis.java:start(421)) - XceiverServerRatis 0604b7ce-3702-4402-9f78-e4e71bac4ced is started using port 35986
2019-09-24 02:29:18,267 [Datanode State Machine Thread - 0] INFO  server.XceiverServerGrpc (XceiverServerGrpc.java:start(149)) - XceiverServerGrpc 0604b7ce-3702-4402-9f78-e4e71bac4ced is started using port 35931
2019-09-24 02:29:18,313 [main] INFO  ozone.MiniOzoneClusterImpl (MiniOzoneClusterImpl.java:lambda$waitForClusterToBeReady$0(147)) - Waiting for cluster to be ready. Got 0 of 10 DN Heartbeats.
2019-09-24 02:29:18,335 [Datanode State Machine Thread - 0] INFO  ozoneimpl.OzoneContainer (OzoneContainer.java:start(217)) - Attempting to start container services.
2019-09-24 02:29:18,336 [Datanode State Machine Thread - 0] INFO  ozoneimpl.OzoneContainer (OzoneContainer.java:startContainerScrub(179)) - Background container scanner has been disabled.
2019-09-24 02:29:18,336 [Datanode State Machine Thread - 0] INFO  ratis.XceiverServerRatis (XceiverServerRatis.java:start(411)) - Starting XceiverServerRatis 9092e767-ed58-4058-999b-a93aea9aea3f at port 0
2019-09-24 02:29:18,344 [Datanode State Machine Thread - 0] INFO  impl.RaftServerProxy (RaftServerProxy.java:lambda$start$3(299)) - 9092e767-ed58-4058-999b-a93aea9aea3f: start RPC server
2019-09-24 02:29:18,345 [Datanode State Machine Thread - 0] INFO  server.GrpcService (GrpcService.java:startImpl(158)) - 9092e767-ed58-4058-999b-a93aea9aea3f: GrpcService started, listening on 0.0.0.0/0.0.0.0:40661
2019-09-24 02:29:18,345 [Datanode State Machine Thread - 0] INFO  ratis.XceiverServerRatis (XceiverServerRatis.java:start(421)) - XceiverServerRatis 9092e767-ed58-4058-999b-a93aea9aea3f is started using port 40661
2019-09-24 02:29:18,363 [Datanode State Machine Thread - 0] INFO  server.XceiverServerGrpc (XceiverServerGrpc.java:start(149)) - XceiverServerGrpc 9092e767-ed58-4058-999b-a93aea9aea3f is started using port 34153
2019-09-24 02:29:19,314 [main] INFO  ozone.MiniOzoneClusterImpl (MiniOzoneClusterImpl.java:lambda$waitForClusterToBeReady$0(147)) - Waiting for cluster to be ready. Got 0 of 10 DN Heartbeats.
2019-09-24 02:29:19,602 [IPC Server handler 7 on 42998] INFO  net.NetworkTopology (NetworkTopologyImpl.java:add(111)) - Added a new node: /rack1/5a1cfc27-0377-45c9-882e-ae9e71586032
2019-09-24 02:29:19,606 [IPC Server handler 7 on 42998] INFO  node.SCMNodeManager (SCMNodeManager.java:register(266)) - Registered Data node : 5a1cfc27-0377-45c9-882e-ae9e71586032{ip: 192.168.151.121, host: pr-hdds-2162-tjkd5-3209850126, networkLocation: /rack1, certSerialId: null}
2019-09-24 02:29:19,607 [EventQueue-NodeRegistrationContainerReportForDataNodeSafeModeRule] INFO  safemode.SCMSafeModeManager (DataNodeSafeModeRule.java:process(71)) - SCM in safe mode. 1 DataNodes registered, 1 required.
2019-09-24 02:29:19,610 [EventQueue-NodeRegistrationContainerReportForDataNodeSafeModeRule] INFO  safemode.SCMSafeModeManager (SCMSafeModeManager.java:validateSafeModeExitRules(177)) - ScmSafeModeManager, all rules are successfully validated
2019-09-24 02:29:19,610 [EventQueue-NodeRegistrationContainerReportForDataNodeSafeModeRule] INFO  safemode.SCMSafeModeManager (SCMSafeModeManager.java:exitSafeMode(193)) - SCM exiting safe mode.
2019-09-24 02:29:19,623 [grpc-default-executor-0] INFO  impl.RaftServerProxy (RaftServerProxy.java:addNew(89)) - 5a1cfc27-0377-45c9-882e-ae9e71586032: addNew group-8F7BE842E5E4:[5a1cfc27-0377-45c9-882e-ae9e71586032:192.168.151.121:33792] returns group-8F7BE842E5E4:java.util.concurrent.CompletableFuture@169d5c7f[Not completed]
2019-09-24 02:29:19,625 [pool-387-thread-1] INFO  impl.RaftServerImpl (RaftServerImpl.java:<init>(95)) - 5a1cfc27-0377-45c9-882e-ae9e71586032: new RaftServerImpl for group-8F7BE842E5E4:[5a1cfc27-0377-45c9-882e-ae9e71586032:192.168.151.121:33792] with ContainerStateMachine:uninitialized
2019-09-24 02:29:19,625 [pool-387-thread-1] INFO  server.RaftServerConfigKeys (ConfUtils.java:logGet(43)) - raft.server.rpc.timeout.min = 1s (custom)
2019-09-24 02:29:19,625 [pool-387-thread-1] INFO  server.RaftServerConfigKeys (ConfUtils.java:logGet(43)) - raft.server.rpc.timeout.max = 1200ms (custom)
2019-09-24 02:29:19,625 [pool-387-thread-1] INFO  server.RaftServerConfigKeys (ConfUtils.java:logGet(43)) - raft.server.rpcslowness.timeout = 120s (custom)
2019-09-24 02:29:19,626 [pool-387-thread-1] INFO  server.RaftServerConfigKeys (ConfUtils.java:logGet(43)) - raft.server.sleep.deviation.threshold = 300 (default)
2019-09-24 02:29:19,626 [pool-387-thread-1] INFO  server.RaftServerConfigKeys (ConfUtils.java:logGet(43)) - raft.server.log.appender.install.snapshot.enabled = false (custom)
2019-09-24 02:29:19,626 [pool-387-thread-1] INFO  impl.RaftServerImpl (ServerState.java:<init>(103)) - 5a1cfc27-0377-45c9-882e-ae9e71586032@group-8F7BE842E5E4: ConfigurationManager, init=-1: [5a1cfc27-0377-45c9-882e-ae9e71586032:192.168.151.121:33792], old=null, confs=<EMPTY_MAP>
2019-09-24 02:29:19,626 [pool-387-thread-1] INFO  server.RaftServerConfigKeys (ConfUtils.java:logGet(43)) - raft.server.storage.dir = [/workdir/hadoop-ozone/integration-test/target/test-dir/MiniOzoneClusterImpl-e1db9d82-1fb6-48f9-8fb7-1f77219b2ee9/datanode-0/data/ratis] (custom)
2019-09-24 02:29:19,627 [pool-387-thread-1] INFO  storage.RaftStorageDirectory (RaftStorageDirectory.java:analyzeStorage(246)) - The storage directory /workdir/hadoop-ozone/integration-test/target/test-dir/MiniOzoneClusterImpl-e1db9d82-1fb6-48f9-8fb7-1f77219b2ee9/datanode-0/data/ratis/e777c89d-791c-411b-9c4e-8f7be842e5e4 does not exist. Creating ...
2019-09-24 02:29:19,640 [pool-387-thread-1] INFO  storage.RaftStorageDirectory (RaftStorageDirectory.java:tryLock(328)) - Lock on /workdir/hadoop-ozone/integration-test/target/test-dir/MiniOzoneClusterImpl-e1db9d82-1fb6-48f9-8fb7-1f77219b2ee9/datanode-0/data/ratis/e777c89d-791c-411b-9c4e-8f7be842e5e4/in_use.lock acquired by nodename 30927@pr-hdds-2162-tjkd5-3209850126
2019-09-24 02:29:19,653 [pool-387-thread-1] INFO  storage.RaftStorage (RaftStorage.java:format(72)) - Storage directory /workdir/hadoop-ozone/integration-test/target/test-dir/MiniOzoneClusterImpl-e1db9d82-1fb6-48f9-8fb7-1f77219b2ee9/datanode-0/data/ratis/e777c89d-791c-411b-9c4e-8f7be842e5e4 has been successfully formatted.
2019-09-24 02:29:19,654 [pool-387-thread-1] INFO  ratis.ContainerStateMachine (ContainerStateMachine.java:loadSnapshot(230)) - group-8F7BE842E5E4: The snapshot info is null. Setting the last applied indexto:(t:0, i:~)
2019-09-24 02:29:19,654 [pool-387-thread-1] INFO  server.RaftServerConfigKeys (ConfUtils.java:logGet(43)) - raft.server.notification.no-leader.timeout = 120s (custom)
2019-09-24 02:29:19,654 [pool-387-thread-1] INFO  server.RaftServerConfigKeys (ConfUtils.java:logGet(43)) - raft.server.log.use.memory = false (default)
2019-09-24 02:29:19,654 [pool-387-thread-1] INFO  server.RaftServerConfigKeys (ConfUtils.java:logGet(43)) - raft.server.log.purge.gap = 1000000 (custom)
2019-09-24 02:29:19,654 [pool-387-thread-1] INFO  server.RaftServerConfigKeys (ConfUtils.java:logGet(43)) - raft.server.log.appender.buffer.byte-limit = 33554432 (custom)
2019-09-24 02:29:19,654 [pool-387-thread-1] INFO  server.RaftServerConfigKeys (ConfUtils.java:logGet(43)) - raft.server.log.segment.size.max = 1048576 (custom)
2019-09-24 02:29:19,655 [pool-387-thread-1] INFO  server.RaftServerConfigKeys (ConfUtils.java:logGet(43)) - raft.server.log.segment.cache.num.max = 2 (custom)
2019-09-24 02:29:19,655 [pool-387-thread-1] INFO  segmented.SegmentedRaftLogWorker (SegmentedRaftLogWorker.java:<init>(172)) - new 5a1cfc27-0377-45c9-882e-ae9e71586032@group-8F7BE842E5E4-SegmentedRaftLogWorker for RaftStorage:Storage Directory /workdir/hadoop-ozone/integration-test/target/test-dir/MiniOzoneClusterImpl-e1db9d82-1fb6-48f9-8fb7-1f77219b2ee9/datanode-0/data/ratis/e777c89d-791c-411b-9c4e-8f7be842e5e4
2019-09-24 02:29:19,657 [pool-387-thread-1] INFO  server.RaftServerConfigKeys (ConfUtils.java:logGet(43)) - raft.server.log.queue.byte-limit = 2147483647 (custom)
2019-09-24 02:29:19,657 [pool-387-thread-1] INFO  server.RaftServerConfigKeys (ConfUtils.java:logGet(43)) - raft.server.log.queue.element-limit = 1024 (custom)
2019-09-24 02:29:19,657 [pool-387-thread-1] INFO  server.RaftServerConfigKeys (ConfUtils.java:logGet(43)) - raft.server.log.segment.size.max = 1048576 (custom)
2019-09-24 02:29:19,657 [pool-387-thread-1] INFO  server.RaftServerConfigKeys (ConfUtils.java:logGet(43)) - raft.server.log.preallocated.size = 16384 (custom)
2019-09-24 02:29:19,657 [pool-387-thread-1] INFO  server.RaftServerConfigKeys (ConfUtils.java:logGet(43)) - raft.server.log.write.buffer.size = 33554432 (custom)
2019-09-24 02:29:19,658 [pool-387-thread-1] INFO  server.RaftServerConfigKeys (ConfUtils.java:logGet(43)) - raft.server.log.force.sync.num = 128 (default)
2019-09-24 02:29:19,658 [pool-387-thread-1] INFO  server.RaftServerConfigKeys (ConfUtils.java:logGet(43)) - raft.server.log.statemachine.data.sync = true (default)
2019-09-24 02:29:19,658 [pool-387-thread-1] INFO  server.RaftServerConfigKeys (ConfUtils.java:logGet(43)) - raft.server.log.statemachine.data.sync.timeout = 10s (default)
2019-09-24 02:29:19,658 [pool-387-thread-1] INFO  server.RaftServerConfigKeys (ConfUtils.java:logGet(43)) - raft.server.log.statemachine.data.sync.timeout.retry = -1 (default)
2019-09-24 02:29:19,658 [pool-387-thread-1] INFO  server.RaftServerConfigKeys (ConfUtils.java:logGet(43)) - raft.server.log.statemachine.data.caching.enabled = true (custom)
2019-09-24 02:29:19,659 [pool-387-thread-1] INFO  segmented.SegmentedRaftLogWorker (SegmentedRaftLogWorker.java:lambda$new$0(132)) - 5a1cfc27-0377-45c9-882e-ae9e71586032@group-8F7BE842E5E4-SegmentedRaftLogWorker: flushIndex: setUnconditionally 0 -> -1
2019-09-24 02:29:19,659 [pool-387-thread-1] INFO  server.RaftServerConfigKeys (ConfUtils.java:logGet(43)) - raft.server.snapshot.auto.trigger.enabled = true (custom)
2019-09-24 02:29:19,659 [pool-387-thread-1] INFO  server.RaftServerConfigKeys (ConfUtils.java:logGet(43)) - raft.server.snapshot.auto.trigger.threshold = 10000 (custom)
2019-09-24 02:29:19,659 [pool-387-thread-1] INFO  server.RaftServerConfigKeys (ConfUtils.java:logGet(43)) - raft.server.snapshot.retention.num.files = 5 (custom)
2019-09-24 02:29:19,660 [pool-387-thread-1] INFO  server.RaftServerConfigKeys (ConfUtils.java:logGet(43)) - raft.server.retrycache.expirytime = 600000ms (custom)
2019-09-24 02:29:19,661 [pool-387-thread-1] INFO  impl.RaftServerImpl (RaftServerImpl.java:start(185)) - 5a1cfc27-0377-45c9-882e-ae9e71586032@group-8F7BE842E5E4: start as a follower, conf=-1: [5a1cfc27-0377-45c9-882e-ae9e71586032:192.168.151.121:33792], old=null
2019-09-24 02:29:19,662 [pool-387-thread-1] INFO  impl.RaftServerImpl (RaftServerImpl.java:setRole(174)) - 5a1cfc27-0377-45c9-882e-ae9e71586032@group-8F7BE842E5E4: changes role from      null to FOLLOWER at term 0 for startAsFollower
2019-09-24 02:29:19,662 [pool-387-thread-1] INFO  impl.RoleInfo (RoleInfo.java:updateAndGet(143)) - 5a1cfc27-0377-45c9-882e-ae9e71586032: start FollowerState
2019-09-24 02:29:19,662 [pool-387-thread-1] INFO  util.JmxRegister (JmxRegister.java:tryRegister(44)) - Successfully registered JMX Bean with object name Ratis:service=RaftServer,group=group-8F7BE842E5E4,id=5a1cfc27-0377-45c9-882e-ae9e71586032
2019-09-24 02:29:19,668 [RatisPipelineUtilsThread] INFO  pipeline.PipelineStateManager (PipelineStateManager.java:addPipeline(56)) - Created pipeline Pipeline[ Id: e777c89d-791c-411b-9c4e-8f7be842e5e4, Nodes: 5a1cfc27-0377-45c9-882e-ae9e71586032{ip: 192.168.151.121, host: pr-hdds-2162-tjkd5-3209850126, networkLocation: /rack1, certSerialId: null}, Type:RATIS, Factor:ONE, State:OPEN]
2019-09-24 02:29:19,694 [IPC Server handler 8 on 42998] INFO  net.NetworkTopology (NetworkTopologyImpl.java:add(111)) - Added a new node: /rack1/085dba92-8ce5-4f42-893e-544caee8a210
2019-09-24 02:29:19,694 [IPC Server handler 8 on 42998] INFO  node.SCMNodeManager (SCMNodeManager.java:register(266)) - Registered Data node : 085dba92-8ce5-4f42-893e-544caee8a210{ip: 192.168.151.121, host: pr-hdds-2162-tjkd5-3209850126, networkLocation: /rack1, certSerialId: null}
2019-09-24 02:29:19,701 [grpc-default-executor-0] INFO  impl.RaftServerProxy (RaftServerProxy.java:addNew(89)) - 085dba92-8ce5-4f42-893e-544caee8a210: addNew group-2C8CC4AC55AE:[085dba92-8ce5-4f42-893e-544caee8a210:192.168.151.121:45199] returns group-2C8CC4AC55AE:java.util.concurrent.CompletableFuture@ab078bd[Not completed]
2019-09-24 02:29:19,703 [pool-397-thread-1] INFO  impl.RaftServerImpl (RaftServerImpl.java:<init>(95)) - 085dba92-8ce5-4f42-893e-544caee8a210: new RaftServerImpl for group-2C8CC4AC55AE:[085dba92-8ce5-4f42-893e-544caee8a210:192.168.151.121:45199] with ContainerStateMachine:uninitialized
2019-09-24 02:29:19,703 [pool-397-thread-1] INFO  server.RaftServerConfigKeys (ConfUtils.java:logGet(43)) - raft.server.rpc.timeout.min = 1s (custom)
2019-09-24 02:29:19,703 [pool-397-thread-1] INFO  server.RaftServerConfigKeys (ConfUtils.java:logGet(43)) - raft.server.rpc.timeout.max = 1200ms (custom)
2019-09-24 02:29:19,703 [pool-397-thread-1] INFO  server.RaftServerConfigKeys (ConfUtils.java:logGet(43)) - raft.server.rpcslowness.timeout = 120s (custom)
2019-09-24 02:29:19,704 [pool-397-thread-1] INFO  server.RaftServerConfigKeys (ConfUtils.java:logGet(43)) - raft.server.sleep.deviation.threshold = 300 (default)
2019-09-24 02:29:19,704 [pool-397-thread-1] INFO  server.RaftServerConfigKeys (ConfUtils.java:logGet(43)) - raft.server.log.appender.install.snapshot.enabled = false (custom)
2019-09-24 02:29:19,704 [pool-397-thread-1] INFO  impl.RaftServerImpl (ServerState.java:<init>(103)) - 085dba92-8ce5-4f42-893e-544caee8a210@group-2C8CC4AC55AE: ConfigurationManager, init=-1: [085dba92-8ce5-4f42-893e-544caee8a210:192.168.151.121:45199], old=null, confs=<EMPTY_MAP>
2019-09-24 02:29:19,704 [pool-397-thread-1] INFO  server.RaftServerConfigKeys (ConfUtils.java:logGet(43)) - raft.server.storage.dir = [/workdir/hadoop-ozone/integration-test/target/test-dir/MiniOzoneClusterImpl-e1db9d82-1fb6-48f9-8fb7-1f77219b2ee9/datanode-1/data/ratis] (custom)
2019-09-24 02:29:19,704 [pool-397-thread-1] INFO  storage.RaftStorageDirectory (RaftStorageDirectory.java:analyzeStorage(246)) - The storage directory /workdir/hadoop-ozone/integration-test/target/test-dir/MiniOzoneClusterImpl-e1db9d82-1fb6-48f9-8fb7-1f77219b2ee9/datanode-1/data/ratis/bd6fb27f-2f20-442f-85ab-2c8cc4ac55ae does not exist. Creating ...
2019-09-24 02:29:19,719 [pool-397-thread-1] INFO  storage.RaftStorageDirectory (RaftStorageDirectory.java:tryLock(328)) - Lock on /workdir/hadoop-ozone/integration-test/target/test-dir/MiniOzoneClusterImpl-e1db9d82-1fb6-48f9-8fb7-1f77219b2ee9/datanode-1/data/ratis/bd6fb27f-2f20-442f-85ab-2c8cc4ac55ae/in_use.lock acquired by nodename 30927@pr-hdds-2162-tjkd5-3209850126
2019-09-24 02:29:19,732 [pool-397-thread-1] INFO  storage.RaftStorage (RaftStorage.java:format(72)) - Storage directory /workdir/hadoop-ozone/integration-test/target/test-dir/MiniOzoneClusterImpl-e1db9d82-1fb6-48f9-8fb7-1f77219b2ee9/datanode-1/data/ratis/bd6fb27f-2f20-442f-85ab-2c8cc4ac55ae has been successfully formatted.
2019-09-24 02:29:19,732 [pool-397-thread-1] INFO  ratis.ContainerStateMachine (ContainerStateMachine.java:loadSnapshot(230)) - group-2C8CC4AC55AE: The snapshot info is null. Setting the last applied indexto:(t:0, i:~)
2019-09-24 02:29:19,733 [pool-397-thread-1] INFO  server.RaftServerConfigKeys (ConfUtils.java:logGet(43)) - raft.server.notification.no-leader.timeout = 120s (custom)
2019-09-24 02:29:19,733 [pool-397-thread-1] INFO  server.RaftServerConfigKeys (ConfUtils.java:logGet(43)) - raft.server.log.use.memory = false (default)
2019-09-24 02:29:19,733 [pool-397-thread-1] INFO  server.RaftServerConfigKeys (ConfUtils.java:logGet(43)) - raft.server.log.purge.gap = 1000000 (custom)
2019-09-24 02:29:19,733 [pool-397-thread-1] INFO  server.RaftServerConfigKeys (ConfUtils.java:logGet(43)) - raft.server.log.appender.buffer.byte-limit = 33554432 (custom)
2019-09-24 02:29:19,733 [pool-397-thread-1] INFO  server.RaftServerConfigKeys (ConfUtils.java:logGet(43)) - raft.server.log.segment.size.max = 1048576 (custom)
2019-09-24 02:29:19,733 [pool-397-thread-1] INFO  server.RaftServerConfigKeys (ConfUtils.java:logGet(43)) - raft.server.log.segment.cache.num.max = 2 (custom)
2019-09-24 02:29:19,734 [pool-397-thread-1] INFO  segmented.SegmentedRaftLogWorker (SegmentedRaftLogWorker.java:<init>(172)) - new 085dba92-8ce5-4f42-893e-544caee8a210@group-2C8CC4AC55AE-SegmentedRaftLogWorker for RaftStorage:Storage Directory /workdir/hadoop-ozone/integration-test/target/test-dir/MiniOzoneClusterImpl-e1db9d82-1fb6-48f9-8fb7-1f77219b2ee9/datanode-1/data/ratis/bd6fb27f-2f20-442f-85ab-2c8cc4ac55ae
2019-09-24 02:29:19,735 [pool-397-thread-1] INFO  server.RaftServerConfigKeys (ConfUtils.java:logGet(43)) - raft.server.log.queue.byte-limit = 2147483647 (custom)
2019-09-24 02:29:19,736 [pool-397-thread-1] INFO  server.RaftServerConfigKeys (ConfUtils.java:logGet(43)) - raft.server.log.queue.element-limit = 1024 (custom)
2019-09-24 02:29:19,736 [pool-397-thread-1] INFO  server.RaftServerConfigKeys (ConfUtils.java:logGet(43)) - raft.server.log.segment.size.max = 1048576 (custom)
2019-09-24 02:29:19,736 [pool-397-thread-1] INFO  server.RaftServerConfigKeys (ConfUtils.java:logGet(43)) - raft.server.log.preallocated.size = 16384 (custom)
2019-09-24 02:29:19,736 [pool-397-thread-1] INFO  server.RaftServerConfigKeys (ConfUtils.java:logGet(43)) - raft.server.log.write.buffer.size = 33554432 (custom)
2019-09-24 02:29:19,736 [pool-397-thread-1] INFO  server.RaftServerConfigKeys (ConfUtils.java:logGet(43)) - raft.server.log.force.sync.num = 128 (default)
2019-09-24 02:29:19,736 [pool-397-thread-1] INFO  server.RaftServerConfigKeys (ConfUtils.java:logGet(43)) - raft.server.log.statemachine.data.sync = true (default)
2019-09-24 02:29:19,737 [pool-397-thread-1] INFO  server.RaftServerConfigKeys (ConfUtils.java:logGet(43)) - raft.server.log.statemachine.data.sync.timeout = 10s (default)
2019-09-24 02:29:19,737 [pool-397-thread-1] INFO  server.RaftServerConfigKeys (ConfUtils.java:logGet(43)) - raft.server.log.statemachine.data.sync.timeout.retry = -1 (default)
2019-09-24 02:29:19,737 [pool-397-thread-1] INFO  server.RaftServerConfigKeys (ConfUtils.java:logGet(43)) - raft.server.log.statemachine.data.caching.enabled = true (custom)
2019-09-24 02:29:19,737 [pool-397-thread-1] INFO  segmented.SegmentedRaftLogWorker (SegmentedRaftLogWorker.java:lambda$new$0(132)) - 085dba92-8ce5-4f42-893e-544caee8a210@group-2C8CC4AC55AE-SegmentedRaftLogWorker: flushIndex: setUnconditionally 0 -> -1
2019-09-24 02:29:19,738 [pool-397-thread-1] INFO  server.RaftServerConfigKeys (ConfUtils.java:logGet(43)) - raft.server.snapshot.auto.trigger.enabled = true (custom)
2019-09-24 02:29:19,738 [pool-397-thread-1] INFO  server.RaftServerConfigKeys (ConfUtils.java:logGet(43)) - raft.server.snapshot.auto.trigger.threshold = 10000 (custom)
2019-09-24 02:29:19,738 [pool-397-thread-1] INFO  server.RaftServerConfigKeys (ConfUtils.java:logGet(43)) - raft.server.snapshot.retention.num.files = 5 (custom)
2019-09-24 02:29:19,738 [pool-397-thread-1] INFO  server.RaftServerConfigKeys (ConfUtils.java:logGet(43)) - raft.server.retrycache.expirytime = 600000ms (custom)
2019-09-24 02:29:19,740 [pool-397-thread-1] INFO  impl.RaftServerImpl (RaftServerImpl.java:start(185)) - 085dba92-8ce5-4f42-893e-544caee8a210@group-2C8CC4AC55AE: start as a follower, conf=-1: [085dba92-8ce5-4f42-893e-544caee8a210:192.168.151.121:45199], old=null
2019-09-24 02:29:19,740 [pool-397-thread-1] INFO  impl.RaftServerImpl (RaftServerImpl.java:setRole(174)) - 085dba92-8ce5-4f42-893e-544caee8a210@group-2C8CC4AC55AE: changes role from      null to FOLLOWER at term 0 for startAsFollower
2019-09-24 02:29:19,740 [pool-397-thread-1] INFO  impl.RoleInfo (RoleInfo.java:updateAndGet(143)) - 085dba92-8ce5-4f42-893e-544caee8a210: start FollowerState
2019-09-24 02:29:19,741 [pool-397-thread-1] INFO  util.JmxRegister (JmxRegister.java:tryRegister(44)) - Successfully registered JMX Bean with object name Ratis:service=RaftServer,group=group-2C8CC4AC55AE,id=085dba92-8ce5-4f42-893e-544caee8a210
2019-09-24 02:29:19,746 [RatisPipelineUtilsThread] INFO  pipeline.PipelineStateManager (PipelineStateManager.java:addPipeline(56)) - Created pipeline Pipeline[ Id: bd6fb27f-2f20-442f-85ab-2c8cc4ac55ae, Nodes: 085dba92-8ce5-4f42-893e-544caee8a210{ip: 192.168.151.121, host: pr-hdds-2162-tjkd5-3209850126, networkLocation: /rack1, certSerialId: null}, Type:RATIS, Factor:ONE, State:OPEN]
2019-09-24 02:29:19,767 [IPC Server handler 9 on 42998] INFO  net.NetworkTopology (NetworkTopologyImpl.java:add(111)) - Added a new node: /rack1/5cc809fa-c519-491c-99df-43aed39bd77b
2019-09-24 02:29:19,767 [IPC Server handler 9 on 42998] INFO  node.SCMNodeManager (SCMNodeManager.java:register(266)) - Registered Data node : 5cc809fa-c519-491c-99df-43aed39bd77b{ip: 192.168.151.121, host: pr-hdds-2162-tjkd5-3209850126, networkLocation: /rack1, certSerialId: null}
2019-09-24 02:29:19,774 [grpc-default-executor-0] INFO  impl.RaftServerProxy (RaftServerProxy.java:addNew(89)) - 5cc809fa-c519-491c-99df-43aed39bd77b: addNew group-20336DBB896F:[5cc809fa-c519-491c-99df-43aed39bd77b:192.168.151.121:42564] returns group-20336DBB896F:java.util.concurrent.CompletableFuture@1848c522[Not completed]
2019-09-24 02:29:19,775 [pool-407-thread-1] INFO  impl.RaftServerImpl (RaftServerImpl.java:<init>(95)) - 5cc809fa-c519-491c-99df-43aed39bd77b: new RaftServerImpl for group-20336DBB896F:[5cc809fa-c519-491c-99df-43aed39bd77b:192.168.151.121:42564] with ContainerStateMachine:uninitialized
2019-09-24 02:29:19,776 [pool-407-thread-1] INFO  server.RaftServerConfigKeys (ConfUtils.java:logGet(43)) - raft.server.rpc.timeout.min = 1s (custom)
2019-09-24 02:29:19,776 [pool-407-thread-1] INFO  server.RaftServerConfigKeys (ConfUtils.java:logGet(43)) - raft.server.rpc.timeout.max = 1200ms (custom)
2019-09-24 02:29:19,776 [pool-407-thread-1] INFO  server.RaftServerConfigKeys (ConfUtils.java:logGet(43)) - raft.server.rpcslowness.timeout = 120s (custom)
2019-09-24 02:29:19,776 [pool-407-thread-1] INFO  server.RaftServerConfigKeys (ConfUtils.java:logGet(43)) - raft.server.sleep.deviation.threshold = 300 (default)
2019-09-24 02:29:19,776 [pool-407-thread-1] INFO  server.RaftServerConfigKeys (ConfUtils.java:logGet(43)) - raft.server.log.appender.install.snapshot.enabled = false (custom)
2019-09-24 02:29:19,776 [pool-407-thread-1] INFO  impl.RaftServerImpl (ServerState.java:<init>(103)) - 5cc809fa-c519-491c-99df-43aed39bd77b@group-20336DBB896F: ConfigurationManager, init=-1: [5cc809fa-c519-491c-99df-43aed39bd77b:192.168.151.121:42564], old=null, confs=<EMPTY_MAP>
2019-09-24 02:29:19,776 [pool-407-thread-1] INFO  server.RaftServerConfigKeys (ConfUtils.java:logGet(43)) - raft.server.storage.dir = [/workdir/hadoop-ozone/integration-test/target/test-dir/MiniOzoneClusterImpl-e1db9d82-1fb6-48f9-8fb7-1f77219b2ee9/datanode-2/data/ratis] (custom)
2019-09-24 02:29:19,777 [pool-407-thread-1] INFO  storage.RaftStorageDirectory (RaftStorageDirectory.java:analyzeStorage(246)) - The storage directory /workdir/hadoop-ozone/integration-test/target/test-dir/MiniOzoneClusterImpl-e1db9d82-1fb6-48f9-8fb7-1f77219b2ee9/datanode-2/data/ratis/f7508bb8-4bb3-4f09-ac26-20336dbb896f does not exist. Creating ...
2019-09-24 02:29:19,789 [pool-407-thread-1] INFO  storage.RaftStorageDirectory (RaftStorageDirectory.java:tryLock(328)) - Lock on /workdir/hadoop-ozone/integration-test/target/test-dir/MiniOzoneClusterImpl-e1db9d82-1fb6-48f9-8fb7-1f77219b2ee9/datanode-2/data/ratis/f7508bb8-4bb3-4f09-ac26-20336dbb896f/in_use.lock acquired by nodename 30927@pr-hdds-2162-tjkd5-3209850126
2019-09-24 02:29:19,793 [pool-407-thread-1] INFO  storage.RaftStorage (RaftStorage.java:format(72)) - Storage directory /workdir/hadoop-ozone/integration-test/target/test-dir/MiniOzoneClusterImpl-e1db9d82-1fb6-48f9-8fb7-1f77219b2ee9/datanode-2/data/ratis/f7508bb8-4bb3-4f09-ac26-20336dbb896f has been successfully formatted.
2019-09-24 02:29:19,793 [pool-407-thread-1] INFO  ratis.ContainerStateMachine (ContainerStateMachine.java:loadSnapshot(230)) - group-20336DBB896F: The snapshot info is null. Setting the last applied indexto:(t:0, i:~)
2019-09-24 02:29:19,794 [pool-407-thread-1] INFO  server.RaftServerConfigKeys (ConfUtils.java:logGet(43)) - raft.server.notification.no-leader.timeout = 120s (custom)
2019-09-24 02:29:19,794 [pool-407-thread-1] INFO  server.RaftServerConfigKeys (ConfUtils.java:logGet(43)) - raft.server.log.use.memory = false (default)
2019-09-24 02:29:19,794 [pool-407-thread-1] INFO  server.RaftServerConfigKeys (ConfUtils.java:logGet(43)) - raft.server.log.purge.gap = 1000000 (custom)
2019-09-24 02:29:19,794 [pool-407-thread-1] INFO  server.RaftServerConfigKeys (ConfUtils.java:logGet(43)) - raft.server.log.appender.buffer.byte-limit = 33554432 (custom)
2019-09-24 02:29:19,794 [pool-407-thread-1] INFO  server.RaftServerConfigKeys (ConfUtils.java:logGet(43)) - raft.server.log.segment.size.max = 1048576 (custom)
2019-09-24 02:29:19,794 [pool-407-thread-1] INFO  server.RaftServerConfigKeys (ConfUtils.java:logGet(43)) - raft.server.log.segment.cache.num.max = 2 (custom)
2019-09-24 02:29:19,795 [pool-407-thread-1] INFO  segmented.SegmentedRaftLogWorker (SegmentedRaftLogWorker.java:<init>(172)) - new 5cc809fa-c519-491c-99df-43aed39bd77b@group-20336DBB896F-SegmentedRaftLogWorker for RaftStorage:Storage Directory /workdir/hadoop-ozone/integration-test/target/test-dir/MiniOzoneClusterImpl-e1db9d82-1fb6-48f9-8fb7-1f77219b2ee9/datanode-2/data/ratis/f7508bb8-4bb3-4f09-ac26-20336dbb896f
2019-09-24 02:29:19,796 [pool-407-thread-1] INFO  server.RaftServerConfigKeys (ConfUtils.java:logGet(43)) - raft.server.log.queue.byte-limit = 2147483647 (custom)
2019-09-24 02:29:19,797 [pool-407-thread-1] INFO  server.RaftServerConfigKeys (ConfUtils.java:logGet(43)) - raft.server.log.queue.element-limit = 1024 (custom)
2019-09-24 02:29:19,797 [pool-407-thread-1] INFO  server.RaftServerConfigKeys (ConfUtils.java:logGet(43)) - raft.server.log.segment.size.max = 1048576 (custom)
2019-09-24 02:29:19,797 [pool-407-thread-1] INFO  server.RaftServerConfigKeys (ConfUtils.java:logGet(43)) - raft.server.log.preallocated.size = 16384 (custom)
2019-09-24 02:29:19,797 [pool-407-thread-1] INFO  server.RaftServerConfigKeys (ConfUtils.java:logGet(43)) - raft.server.log.write.buffer.size = 33554432 (custom)
2019-09-24 02:29:19,797 [pool-407-thread-1] INFO  server.RaftServerConfigKeys (ConfUtils.java:logGet(43)) - raft.server.log.force.sync.num = 128 (default)
2019-09-24 02:29:19,798 [pool-407-thread-1] INFO  server.RaftServerConfigKeys (ConfUtils.java:logGet(43)) - raft.server.log.statemachine.data.sync = true (default)
2019-09-24 02:29:19,798 [pool-407-thread-1] INFO  server.RaftServerConfigKeys (ConfUtils.java:logGet(43)) - raft.server.log.statemachine.data.sync.timeout = 10s (default)
2019-09-24 02:29:19,798 [pool-407-thread-1] INFO  server.RaftServerConfigKeys (ConfUtils.java:logGet(43)) - raft.server.log.statemachine.data.sync.timeout.retry = -1 (default)
2019-09-24 02:29:19,798 [pool-407-thread-1] INFO  server.RaftServerConfigKeys (ConfUtils.java:logGet(43)) - raft.server.log.statemachine.data.caching.enabled = true (custom)
2019-09-24 02:29:19,799 [pool-407-thread-1] INFO  segmented.SegmentedRaftLogWorker (SegmentedRaftLogWorker.java:lambda$new$0(132)) - 5cc809fa-c519-491c-99df-43aed39bd77b@group-20336DBB896F-SegmentedRaftLogWorker: flushIndex: setUnconditionally 0 -> -1
2019-09-24 02:29:19,799 [pool-407-thread-1] INFO  server.RaftServerConfigKeys (ConfUtils.java:logGet(43)) - raft.server.snapshot.auto.trigger.enabled = true (custom)
2019-09-24 02:29:19,799 [pool-407-thread-1] INFO  server.RaftServerConfigKeys (ConfUtils.java:logGet(43)) - raft.server.snapshot.auto.trigger.threshold = 10000 (custom)
2019-09-24 02:29:19,799 [pool-407-thread-1] INFO  server.RaftServerConfigKeys (ConfUtils.java:logGet(43)) - raft.server.snapshot.retention.num.files = 5 (custom)
2019-09-24 02:29:19,800 [pool-407-thread-1] INFO  server.RaftServerConfigKeys (ConfUtils.java:logGet(43)) - raft.server.retrycache.expirytime = 600000ms (custom)
2019-09-24 02:29:19,802 [pool-407-thread-1] INFO  impl.RaftServerImpl (RaftServerImpl.java:start(185)) - 5cc809fa-c519-491c-99df-43aed39bd77b@group-20336DBB896F: start as a follower, conf=-1: [5cc809fa-c519-491c-99df-43aed39bd77b:192.168.151.121:42564], old=null
2019-09-24 02:29:19,802 [pool-407-thread-1] INFO  impl.RaftServerImpl (RaftServerImpl.java:setRole(174)) - 5cc809fa-c519-491c-99df-43aed39bd77b@group-20336DBB896F: changes role from      null to FOLLOWER at term 0 for startAsFollower
2019-09-24 02:29:19,802 [pool-407-thread-1] INFO  impl.RoleInfo (RoleInfo.java:updateAndGet(143)) - 5cc809fa-c519-491c-99df-43aed39bd77b: start FollowerState
2019-09-24 02:29:19,802 [pool-407-thread-1] INFO  util.JmxRegister (JmxRegister.java:tryRegister(44)) - Successfully registered JMX Bean with object name Ratis:service=RaftServer,group=group-20336DBB896F,id=5cc809fa-c519-491c-99df-43aed39bd77b
2019-09-24 02:29:19,807 [RatisPipelineUtilsThread] INFO  pipeline.PipelineStateManager (PipelineStateManager.java:addPipeline(56)) - Created pipeline Pipeline[ Id: f7508bb8-4bb3-4f09-ac26-20336dbb896f, Nodes: 5cc809fa-c519-491c-99df-43aed39bd77b{ip: 192.168.151.121, host: pr-hdds-2162-tjkd5-3209850126, networkLocation: /rack1, certSerialId: null}, Type:RATIS, Factor:ONE, State:OPEN]
2019-09-24 02:29:19,834 [grpc-default-executor-1] INFO  impl.RaftServerProxy (RaftServerProxy.java:addNew(89)) - 5cc809fa-c519-491c-99df-43aed39bd77b: addNew group-8C41FF714108:[5a1cfc27-0377-45c9-882e-ae9e71586032:192.168.151.121:33792, 5cc809fa-c519-491c-99df-43aed39bd77b:192.168.151.121:42564, 085dba92-8ce5-4f42-893e-544caee8a210:192.168.151.121:45199] returns group-8C41FF714108:java.util.concurrent.CompletableFuture@138b55b4[Not completed]
2019-09-24 02:29:19,834 [grpc-default-executor-2] INFO  impl.RaftServerProxy (RaftServerProxy.java:addNew(89)) - 085dba92-8ce5-4f42-893e-544caee8a210: addNew group-8C41FF714108:[5a1cfc27-0377-45c9-882e-ae9e71586032:192.168.151.121:33792, 5cc809fa-c519-491c-99df-43aed39bd77b:192.168.151.121:42564, 085dba92-8ce5-4f42-893e-544caee8a210:192.168.151.121:45199] returns group-8C41FF714108:java.util.concurrent.CompletableFuture@2c8dbaea[Not completed]
2019-09-24 02:29:19,835 [grpc-default-executor-1] INFO  impl.RaftServerProxy (RaftServerProxy.java:addNew(89)) - 5a1cfc27-0377-45c9-882e-ae9e71586032: addNew group-8C41FF714108:[5a1cfc27-0377-45c9-882e-ae9e71586032:192.168.151.121:33792, 5cc809fa-c519-491c-99df-43aed39bd77b:192.168.151.121:42564, 085dba92-8ce5-4f42-893e-544caee8a210:192.168.151.121:45199] returns group-8C41FF714108:java.util.concurrent.CompletableFuture@5689d9a1[Not completed]
2019-09-24 02:29:19,837 [pool-397-thread-1] INFO  impl.RaftServerImpl (RaftServerImpl.java:<init>(95)) - 085dba92-8ce5-4f42-893e-544caee8a210: new RaftServerImpl for group-8C41FF714108:[5a1cfc27-0377-45c9-882e-ae9e71586032:192.168.151.121:33792, 5cc809fa-c519-491c-99df-43aed39bd77b:192.168.151.121:42564, 085dba92-8ce5-4f42-893e-544caee8a210:192.168.151.121:45199] with ContainerStateMachine:uninitialized
2019-09-24 02:29:19,837 [pool-397-thread-1] INFO  server.RaftServerConfigKeys (ConfUtils.java:logGet(43)) - raft.server.rpc.timeout.min = 1s (custom)
2019-09-24 02:29:19,837 [pool-397-thread-1] INFO  server.RaftServerConfigKeys (ConfUtils.java:logGet(43)) - raft.server.rpc.timeout.max = 1200ms (custom)
2019-09-24 02:29:19,837 [pool-397-thread-1] INFO  server.RaftServerConfigKeys (ConfUtils.java:logGet(43)) - raft.server.rpcslowness.timeout = 120s (custom)
2019-09-24 02:29:19,837 [pool-397-thread-1] INFO  server.RaftServerConfigKeys (ConfUtils.java:logGet(43)) - raft.server.sleep.deviation.threshold = 300 (default)
2019-09-24 02:29:19,837 [pool-387-thread-1] INFO  impl.RaftServerImpl (RaftServerImpl.java:<init>(95)) - 5a1cfc27-0377-45c9-882e-ae9e71586032: new RaftServerImpl for group-8C41FF714108:[5a1cfc27-0377-45c9-882e-ae9e71586032:192.168.151.121:33792, 5cc809fa-c519-491c-99df-43aed39bd77b:192.168.151.121:42564, 085dba92-8ce5-4f42-893e-544caee8a210:192.168.151.121:45199] with ContainerStateMachine:uninitialized
2019-09-24 02:29:19,837 [pool-397-thread-1] INFO  server.RaftServerConfigKeys (ConfUtils.java:logGet(43)) - raft.server.log.appender.install.snapshot.enabled = false (custom)
2019-09-24 02:29:19,838 [pool-387-thread-1] INFO  server.RaftServerConfigKeys (ConfUtils.java:logGet(43)) - raft.server.rpc.timeout.min = 1s (custom)
2019-09-24 02:29:19,838 [pool-397-thread-1] INFO  impl.RaftServerImpl (ServerState.java:<init>(103)) - 085dba92-8ce5-4f42-893e-544caee8a210@group-8C41FF714108: ConfigurationManager, init=-1: [5a1cfc27-0377-45c9-882e-ae9e71586032:192.168.151.121:33792, 5cc809fa-c519-491c-99df-43aed39bd77b:192.168.151.121:42564, 085dba92-8ce5-4f42-893e-544caee8a210:192.168.151.121:45199], old=null, confs=<EMPTY_MAP>
2019-09-24 02:29:19,838 [pool-387-thread-1] INFO  server.RaftServerConfigKeys (ConfUtils.java:logGet(43)) - raft.server.rpc.timeout.max = 1200ms (custom)
2019-09-24 02:29:19,838 [pool-407-thread-1] INFO  impl.RaftServerImpl (RaftServerImpl.java:<init>(95)) - 5cc809fa-c519-491c-99df-43aed39bd77b: new RaftServerImpl for group-8C41FF714108:[5a1cfc27-0377-45c9-882e-ae9e71586032:192.168.151.121:33792, 5cc809fa-c519-491c-99df-43aed39bd77b:192.168.151.121:42564, 085dba92-8ce5-4f42-893e-544caee8a210:192.168.151.121:45199] with ContainerStateMachine:uninitialized
2019-09-24 02:29:19,838 [pool-397-thread-1] INFO  server.RaftServerConfigKeys (ConfUtils.java:logGet(43)) - raft.server.storage.dir = [/workdir/hadoop-ozone/integration-test/target/test-dir/MiniOzoneClusterImpl-e1db9d82-1fb6-48f9-8fb7-1f77219b2ee9/datanode-1/data/ratis] (custom)
2019-09-24 02:29:19,838 [pool-407-thread-1] INFO  server.RaftServerConfigKeys (ConfUtils.java:logGet(43)) - raft.server.rpc.timeout.min = 1s (custom)
2019-09-24 02:29:19,838 [pool-387-thread-1] INFO  server.RaftServerConfigKeys (ConfUtils.java:logGet(43)) - raft.server.rpcslowness.timeout = 120s (custom)
2019-09-24 02:29:19,839 [pool-397-thread-1] INFO  storage.RaftStorageDirectory (RaftStorageDirectory.java:analyzeStorage(246)) - The storage directory /workdir/hadoop-ozone/integration-test/target/test-dir/MiniOzoneClusterImpl-e1db9d82-1fb6-48f9-8fb7-1f77219b2ee9/datanode-1/data/ratis/324c1b84-c963-4b51-b2a7-8c41ff714108 does not exist. Creating ...
2019-09-24 02:29:19,839 [pool-407-thread-1] INFO  server.RaftServerConfigKeys (ConfUtils.java:logGet(43)) - raft.server.rpc.timeout.max = 1200ms (custom)
2019-09-24 02:29:19,839 [pool-387-thread-1] INFO  server.RaftServerConfigKeys (ConfUtils.java:logGet(43)) - raft.server.sleep.deviation.threshold = 300 (default)
2019-09-24 02:29:19,839 [pool-407-thread-1] INFO  server.RaftServerConfigKeys (ConfUtils.java:logGet(43)) - raft.server.rpcslowness.timeout = 120s (custom)
2019-09-24 02:29:19,839 [pool-387-thread-1] INFO  server.RaftServerConfigKeys (ConfUtils.java:logGet(43)) - raft.server.log.appender.install.snapshot.enabled = false (custom)
2019-09-24 02:29:19,839 [pool-407-thread-1] INFO  server.RaftServerConfigKeys (ConfUtils.java:logGet(43)) - raft.server.sleep.deviation.threshold = 300 (default)
2019-09-24 02:29:19,839 [pool-387-thread-1] INFO  impl.RaftServerImpl (ServerState.java:<init>(103)) - 5a1cfc27-0377-45c9-882e-ae9e71586032@group-8C41FF714108: ConfigurationManager, init=-1: [5a1cfc27-0377-45c9-882e-ae9e71586032:192.168.151.121:33792, 5cc809fa-c519-491c-99df-43aed39bd77b:192.168.151.121:42564, 085dba92-8ce5-4f42-893e-544caee8a210:192.168.151.121:45199], old=null, confs=<EMPTY_MAP>
2019-09-24 02:29:19,840 [pool-407-thread-1] INFO  server.RaftServerConfigKeys (ConfUtils.java:logGet(43)) - raft.server.log.appender.install.snapshot.enabled = false (custom)
2019-09-24 02:29:19,840 [pool-387-thread-1] INFO  server.RaftServerConfigKeys (ConfUtils.java:logGet(43)) - raft.server.storage.dir = [/workdir/hadoop-ozone/integration-test/target/test-dir/MiniOzoneClusterImpl-e1db9d82-1fb6-48f9-8fb7-1f77219b2ee9/datanode-0/data/ratis] (custom)
2019-09-24 02:29:19,840 [pool-407-thread-1] INFO  impl.RaftServerImpl (ServerState.java:<init>(103)) - 5cc809fa-c519-491c-99df-43aed39bd77b@group-8C41FF714108: ConfigurationManager, init=-1: [5a1cfc27-0377-45c9-882e-ae9e71586032:192.168.151.121:33792, 5cc809fa-c519-491c-99df-43aed39bd77b:192.168.151.121:42564, 085dba92-8ce5-4f42-893e-544caee8a210:192.168.151.121:45199], old=null, confs=<EMPTY_MAP>
2019-09-24 02:29:19,840 [pool-407-thread-1] INFO  server.RaftServerConfigKeys (ConfUtils.java:logGet(43)) - raft.server.storage.dir = [/workdir/hadoop-ozone/integration-test/target/test-dir/MiniOzoneClusterImpl-e1db9d82-1fb6-48f9-8fb7-1f77219b2ee9/datanode-2/data/ratis] (custom)
2019-09-24 02:29:19,840 [pool-387-thread-1] INFO  storage.RaftStorageDirectory (RaftStorageDirectory.java:analyzeStorage(246)) - The storage directory /workdir/hadoop-ozone/integration-test/target/test-dir/MiniOzoneClusterImpl-e1db9d82-1fb6-48f9-8fb7-1f77219b2ee9/datanode-0/data/ratis/324c1b84-c963-4b51-b2a7-8c41ff714108 does not exist. Creating ...
2019-09-24 02:29:19,840 [pool-407-thread-1] INFO  storage.RaftStorageDirectory (RaftStorageDirectory.java:analyzeStorage(246)) - The storage directory /workdir/hadoop-ozone/integration-test/target/test-dir/MiniOzoneClusterImpl-e1db9d82-1fb6-48f9-8fb7-1f77219b2ee9/datanode-2/data/ratis/324c1b84-c963-4b51-b2a7-8c41ff714108 does not exist. Creating ...
2019-09-24 02:29:19,843 [pool-387-thread-1] INFO  storage.RaftStorageDirectory (RaftStorageDirectory.java:tryLock(328)) - Lock on /workdir/hadoop-ozone/integration-test/target/test-dir/MiniOzoneClusterImpl-e1db9d82-1fb6-48f9-8fb7-1f77219b2ee9/datanode-0/data/ratis/324c1b84-c963-4b51-b2a7-8c41ff714108/in_use.lock acquired by nodename 30927@pr-hdds-2162-tjkd5-3209850126
2019-09-24 02:29:19,843 [pool-397-thread-1] INFO  storage.RaftStorageDirectory (RaftStorageDirectory.java:tryLock(328)) - Lock on /workdir/hadoop-ozone/integration-test/target/test-dir/MiniOzoneClusterImpl-e1db9d82-1fb6-48f9-8fb7-1f77219b2ee9/datanode-1/data/ratis/324c1b84-c963-4b51-b2a7-8c41ff714108/in_use.lock acquired by nodename 30927@pr-hdds-2162-tjkd5-3209850126
2019-09-24 02:29:19,844 [pool-407-thread-1] INFO  storage.RaftStorageDirectory (RaftStorageDirectory.java:tryLock(328)) - Lock on /workdir/hadoop-ozone/integration-test/target/test-dir/MiniOzoneClusterImpl-e1db9d82-1fb6-48f9-8fb7-1f77219b2ee9/datanode-2/data/ratis/324c1b84-c963-4b51-b2a7-8c41ff714108/in_use.lock acquired by nodename 30927@pr-hdds-2162-tjkd5-3209850126
2019-09-24 02:29:19,847 [IPC Server handler 0 on 42998] INFO  net.NetworkTopology (NetworkTopologyImpl.java:add(111)) - Added a new node: /rack1/8f38fc7d-5394-40fc-bec2-62867055670b
2019-09-24 02:29:19,847 [IPC Server handler 0 on 42998] INFO  node.SCMNodeManager (SCMNodeManager.java:register(266)) - Registered Data node : 8f38fc7d-5394-40fc-bec2-62867055670b{ip: 192.168.151.121, host: pr-hdds-2162-tjkd5-3209850126, networkLocation: /rack1, certSerialId: null}
2019-09-24 02:29:19,850 [pool-387-thread-1] INFO  storage.RaftStorage (RaftStorage.java:format(72)) - Storage directory /workdir/hadoop-ozone/integration-test/target/test-dir/MiniOzoneClusterImpl-e1db9d82-1fb6-48f9-8fb7-1f77219b2ee9/datanode-0/data/ratis/324c1b84-c963-4b51-b2a7-8c41ff714108 has been successfully formatted.
2019-09-24 02:29:19,850 [pool-407-thread-1] INFO  storage.RaftStorage (RaftStorage.java:format(72)) - Storage directory /workdir/hadoop-ozone/integration-test/target/test-dir/MiniOzoneClusterImpl-e1db9d82-1fb6-48f9-8fb7-1f77219b2ee9/datanode-2/data/ratis/324c1b84-c963-4b51-b2a7-8c41ff714108 has been successfully formatted.
2019-09-24 02:29:19,850 [pool-397-thread-1] INFO  storage.RaftStorage (RaftStorage.java:format(72)) - Storage directory /workdir/hadoop-ozone/integration-test/target/test-dir/MiniOzoneClusterImpl-e1db9d82-1fb6-48f9-8fb7-1f77219b2ee9/datanode-1/data/ratis/324c1b84-c963-4b51-b2a7-8c41ff714108 has been successfully formatted.
2019-09-24 02:29:19,850 [pool-387-thread-1] INFO  ratis.ContainerStateMachine (ContainerStateMachine.java:loadSnapshot(230)) - group-8C41FF714108: The snapshot info is null. Setting the last applied indexto:(t:0, i:~)
2019-09-24 02:29:19,850 [pool-397-thread-1] INFO  ratis.ContainerStateMachine (ContainerStateMachine.java:loadSnapshot(230)) - group-8C41FF714108: The snapshot info is null. Setting the last applied indexto:(t:0, i:~)
2019-09-24 02:29:19,850 [pool-407-thread-1] INFO  ratis.ContainerStateMachine (ContainerStateMachine.java:loadSnapshot(230)) - group-8C41FF714108: The snapshot info is null. Setting the last applied indexto:(t:0, i:~)
2019-09-24 02:29:19,851 [pool-397-thread-1] INFO  server.RaftServerConfigKeys (ConfUtils.java:logGet(43)) - raft.server.notification.no-leader.timeout = 120s (custom)
2019-09-24 02:29:19,850 [pool-387-thread-1] INFO  server.RaftServerConfigKeys (ConfUtils.java:logGet(43)) - raft.server.notification.no-leader.timeout = 120s (custom)
2019-09-24 02:29:19,851 [pool-397-thread-1] INFO  server.RaftServerConfigKeys (ConfUtils.java:logGet(43)) - raft.server.log.use.memory = false (default)
2019-09-24 02:29:19,851 [pool-407-thread-1] INFO  server.RaftServerConfigKeys (ConfUtils.java:logGet(43)) - raft.server.notification.no-leader.timeout = 120s (custom)
2019-09-24 02:29:19,851 [pool-397-thread-1] INFO  server.RaftServerConfigKeys (ConfUtils.java:logGet(43)) - raft.server.log.purge.gap = 1000000 (custom)
2019-09-24 02:29:19,851 [pool-397-thread-1] INFO  server.RaftServerConfigKeys (ConfUtils.java:logGet(43)) - raft.server.log.appender.buffer.byte-limit = 33554432 (custom)
2019-09-24 02:29:19,851 [pool-387-thread-1] INFO  server.RaftServerConfigKeys (ConfUtils.java:logGet(43)) - raft.server.log.use.memory = false (default)
2019-09-24 02:29:19,852 [pool-397-thread-1] INFO  server.RaftServerConfigKeys (ConfUtils.java:logGet(43)) - raft.server.log.segment.size.max = 1048576 (custom)
2019-09-24 02:29:19,851 [pool-407-thread-1] INFO  server.RaftServerConfigKeys (ConfUtils.java:logGet(43)) - raft.server.log.use.memory = false (default)
2019-09-24 02:29:19,852 [pool-397-thread-1] INFO  server.RaftServerConfigKeys (ConfUtils.java:logGet(43)) - raft.server.log.segment.cache.num.max = 2 (custom)
2019-09-24 02:29:19,852 [pool-387-thread-1] INFO  server.RaftServerConfigKeys (ConfUtils.java:logGet(43)) - raft.server.log.purge.gap = 1000000 (custom)
2019-09-24 02:29:19,852 [pool-397-thread-1] INFO  segmented.SegmentedRaftLogWorker (SegmentedRaftLogWorker.java:<init>(172)) - new 085dba92-8ce5-4f42-893e-544caee8a210@group-8C41FF714108-SegmentedRaftLogWorker for RaftStorage:Storage Directory /workdir/hadoop-ozone/integration-test/target/test-dir/MiniOzoneClusterImpl-e1db9d82-1fb6-48f9-8fb7-1f77219b2ee9/datanode-1/data/ratis/324c1b84-c963-4b51-b2a7-8c41ff714108
2019-09-24 02:29:19,852 [pool-407-thread-1] INFO  server.RaftServerConfigKeys (ConfUtils.java:logGet(43)) - raft.server.log.purge.gap = 1000000 (custom)
2019-09-24 02:29:19,853 [pool-397-thread-1] INFO  server.RaftServerConfigKeys (ConfUtils.java:logGet(43)) - raft.server.log.queue.byte-limit = 2147483647 (custom)
2019-09-24 02:29:19,853 [pool-397-thread-1] INFO  server.RaftServerConfigKeys (ConfUtils.java:logGet(43)) - raft.server.log.queue.element-limit = 1024 (custom)
2019-09-24 02:29:19,852 [pool-387-thread-1] INFO  server.RaftServerConfigKeys (ConfUtils.java:logGet(43)) - raft.server.log.appender.buffer.byte-limit = 33554432 (custom)
2019-09-24 02:29:19,853 [pool-397-thread-1] INFO  server.RaftServerConfigKeys (ConfUtils.java:logGet(43)) - raft.server.log.segment.size.max = 1048576 (custom)
2019-09-24 02:29:19,853 [pool-407-thread-1] INFO  server.RaftServerConfigKeys (ConfUtils.java:logGet(43)) - raft.server.log.appender.buffer.byte-limit = 33554432 (custom)
2019-09-24 02:29:19,853 [pool-397-thread-1] INFO  server.RaftServerConfigKeys (ConfUtils.java:logGet(43)) - raft.server.log.preallocated.size = 16384 (custom)
2019-09-24 02:29:19,853 [pool-387-thread-1] INFO  server.RaftServerConfigKeys (ConfUtils.java:logGet(43)) - raft.server.log.segment.size.max = 1048576 (custom)
2019-09-24 02:29:19,854 [pool-397-thread-1] INFO  server.RaftServerConfigKeys (ConfUtils.java:logGet(43)) - raft.server.log.write.buffer.size = 33554432 (custom)
2019-09-24 02:29:19,854 [pool-397-thread-1] INFO  server.RaftServerConfigKeys (ConfUtils.java:logGet(43)) - raft.server.log.force.sync.num = 128 (default)
2019-09-24 02:29:19,854 [pool-407-thread-1] INFO  server.RaftServerConfigKeys (ConfUtils.java:logGet(43)) - raft.server.log.segment.size.max = 1048576 (custom)
2019-09-24 02:29:19,854 [pool-397-thread-1] INFO  server.RaftServerConfigKeys (ConfUtils.java:logGet(43)) - raft.server.log.statemachine.data.sync = true (default)
2019-09-24 02:29:19,854 [pool-397-thread-1] INFO  server.RaftServerConfigKeys (ConfUtils.java:logGet(43)) - raft.server.log.statemachine.data.sync.timeout = 10s (default)
2019-09-24 02:29:19,854 [pool-387-thread-1] INFO  server.RaftServerConfigKeys (ConfUtils.java:logGet(43)) - raft.server.log.segment.cache.num.max = 2 (custom)
2019-09-24 02:29:19,855 [pool-397-thread-1] INFO  server.RaftServerConfigKeys (ConfUtils.java:logGet(43)) - raft.server.log.statemachine.data.sync.timeout.retry = -1 (default)
2019-09-24 02:29:19,854 [pool-407-thread-1] INFO  server.RaftServerConfigKeys (ConfUtils.java:logGet(43)) - raft.server.log.segment.cache.num.max = 2 (custom)
2019-09-24 02:29:19,855 [pool-397-thread-1] INFO  server.RaftServerConfigKeys (ConfUtils.java:logGet(43)) - raft.server.log.statemachine.data.caching.enabled = true (custom)
2019-09-24 02:29:19,855 [pool-387-thread-1] INFO  segmented.SegmentedRaftLogWorker (SegmentedRaftLogWorker.java:<init>(172)) - new 5a1cfc27-0377-45c9-882e-ae9e71586032@group-8C41FF714108-SegmentedRaftLogWorker for RaftStorage:Storage Directory /workdir/hadoop-ozone/integration-test/target/test-dir/MiniOzoneClusterImpl-e1db9d82-1fb6-48f9-8fb7-1f77219b2ee9/datanode-0/data/ratis/324c1b84-c963-4b51-b2a7-8c41ff714108
2019-09-24 02:29:19,855 [pool-407-thread-1] INFO  segmented.SegmentedRaftLogWorker (SegmentedRaftLogWorker.java:<init>(172)) - new 5cc809fa-c519-491c-99df-43aed39bd77b@group-8C41FF714108-SegmentedRaftLogWorker for RaftStorage:Storage Directory /workdir/hadoop-ozone/integration-test/target/test-dir/MiniOzoneClusterImpl-e1db9d82-1fb6-48f9-8fb7-1f77219b2ee9/datanode-2/data/ratis/324c1b84-c963-4b51-b2a7-8c41ff714108
2019-09-24 02:29:19,856 [pool-397-thread-1] INFO  segmented.SegmentedRaftLogWorker (SegmentedRaftLogWorker.java:lambda$new$0(132)) - 085dba92-8ce5-4f42-893e-544caee8a210@group-8C41FF714108-SegmentedRaftLogWorker: flushIndex: setUnconditionally 0 -> -1
2019-09-24 02:29:19,856 [pool-387-thread-1] INFO  server.RaftServerConfigKeys (ConfUtils.java:logGet(43)) - raft.server.log.queue.byte-limit = 2147483647 (custom)
2019-09-24 02:29:19,856 [pool-407-thread-1] INFO  server.RaftServerConfigKeys (ConfUtils.java:logGet(43)) - raft.server.log.queue.byte-limit = 2147483647 (custom)
2019-09-24 02:29:19,856 [pool-397-thread-1] INFO  server.RaftServerConfigKeys (ConfUtils.java:logGet(43)) - raft.server.snapshot.auto.trigger.enabled = true (custom)
2019-09-24 02:29:19,856 [pool-387-thread-1] INFO  server.RaftServerConfigKeys (ConfUtils.java:logGet(43)) - raft.server.log.queue.element-limit = 1024 (custom)
2019-09-24 02:29:19,856 [pool-397-thread-1] INFO  server.RaftServerConfigKeys (ConfUtils.java:logGet(43)) - raft.server.snapshot.auto.trigger.threshold = 10000 (custom)
2019-09-24 02:29:19,856 [pool-407-thread-1] INFO  server.RaftServerConfigKeys (ConfUtils.java:logGet(43)) - raft.server.log.queue.element-limit = 1024 (custom)
2019-09-24 02:29:19,857 [pool-397-thread-1] INFO  server.RaftServerConfigKeys (ConfUtils.java:logGet(43)) - raft.server.snapshot.retention.num.files = 5 (custom)
2019-09-24 02:29:19,857 [pool-387-thread-1] INFO  server.RaftServerConfigKeys (ConfUtils.java:logGet(43)) - raft.server.log.segment.size.max = 1048576 (custom)
2019-09-24 02:29:19,857 [pool-397-thread-1] INFO  server.RaftServerConfigKeys (ConfUtils.java:logGet(43)) - raft.server.retrycache.expirytime = 600000ms (custom)
2019-09-24 02:29:19,857 [pool-407-thread-1] INFO  server.RaftServerConfigKeys (ConfUtils.java:logGet(43)) - raft.server.log.segment.size.max = 1048576 (custom)
2019-09-24 02:29:19,857 [pool-387-thread-1] INFO  server.RaftServerConfigKeys (ConfUtils.java:logGet(43)) - raft.server.log.preallocated.size = 16384 (custom)
2019-09-24 02:29:19,858 [pool-407-thread-1] INFO  server.RaftServerConfigKeys (ConfUtils.java:logGet(43)) - raft.server.log.preallocated.size = 16384 (custom)
2019-09-24 02:29:19,858 [pool-387-thread-1] INFO  server.RaftServerConfigKeys (ConfUtils.java:logGet(43)) - raft.server.log.write.buffer.size = 33554432 (custom)
2019-09-24 02:29:19,858 [pool-407-thread-1] INFO  server.RaftServerConfigKeys (ConfUtils.java:logGet(43)) - raft.server.log.write.buffer.size = 33554432 (custom)
2019-09-24 02:29:19,858 [pool-387-thread-1] INFO  server.RaftServerConfigKeys (ConfUtils.java:logGet(43)) - raft.server.log.force.sync.num = 128 (default)
2019-09-24 02:29:19,858 [pool-407-thread-1] INFO  server.RaftServerConfigKeys (ConfUtils.java:logGet(43)) - raft.server.log.force.sync.num = 128 (default)
2019-09-24 02:29:19,859 [pool-387-thread-1] INFO  server.RaftServerConfigKeys (ConfUtils.java:logGet(43)) - raft.server.log.statemachine.data.sync = true (default)
2019-09-24 02:29:19,859 [pool-407-thread-1] INFO  server.RaftServerConfigKeys (ConfUtils.java:logGet(43)) - raft.server.log.statemachine.data.sync = true (default)
2019-09-24 02:29:19,859 [pool-387-thread-1] INFO  server.RaftServerConfigKeys (ConfUtils.java:logGet(43)) - raft.server.log.statemachine.data.sync.timeout = 10s (default)
2019-09-24 02:29:19,859 [pool-407-thread-1] INFO  server.RaftServerConfigKeys (ConfUtils.java:logGet(43)) - raft.server.log.statemachine.data.sync.timeout = 10s (default)
2019-09-24 02:29:19,859 [pool-387-thread-1] INFO  server.RaftServerConfigKeys (ConfUtils.java:logGet(43)) - raft.server.log.statemachine.data.sync.timeout.retry = -1 (default)
2019-09-24 02:29:19,859 [pool-407-thread-1] INFO  server.RaftServerConfigKeys (ConfUtils.java:logGet(43)) - raft.server.log.statemachine.data.sync.timeout.retry = -1 (default)
2019-09-24 02:29:19,860 [pool-397-thread-1] INFO  impl.RaftServerImpl (RaftServerImpl.java:start(185)) - 085dba92-8ce5-4f42-893e-544caee8a210@group-8C41FF714108: start as a follower, conf=-1: [5a1cfc27-0377-45c9-882e-ae9e71586032:192.168.151.121:33792, 5cc809fa-c519-491c-99df-43aed39bd77b:192.168.151.121:42564, 085dba92-8ce5-4f42-893e-544caee8a210:192.168.151.121:45199], old=null
2019-09-24 02:29:19,860 [pool-387-thread-1] INFO  server.RaftServerConfigKeys (ConfUtils.java:logGet(43)) - raft.server.log.statemachine.data.caching.enabled = true (custom)
2019-09-24 02:29:19,860 [pool-397-thread-1] INFO  impl.RaftServerImpl (RaftServerImpl.java:setRole(174)) - 085dba92-8ce5-4f42-893e-544caee8a210@group-8C41FF714108: changes role from      null to FOLLOWER at term 0 for startAsFollower
2019-09-24 02:29:19,860 [pool-407-thread-1] INFO  server.RaftServerConfigKeys (ConfUtils.java:logGet(43)) - raft.server.log.statemachine.data.caching.enabled = true (custom)
2019-09-24 02:29:19,860 [pool-387-thread-1] INFO  segmented.SegmentedRaftLogWorker (SegmentedRaftLogWorker.java:lambda$new$0(132)) - 5a1cfc27-0377-45c9-882e-ae9e71586032@group-8C41FF714108-SegmentedRaftLogWorker: flushIndex: setUnconditionally 0 -> -1
2019-09-24 02:29:19,860 [pool-397-thread-1] INFO  impl.RoleInfo (RoleInfo.java:updateAndGet(143)) - 085dba92-8ce5-4f42-893e-544caee8a210: start FollowerState
2019-09-24 02:29:19,861 [pool-407-thread-1] INFO  segmented.SegmentedRaftLogWorker (SegmentedRaftLogWorker.java:lambda$new$0(132)) - 5cc809fa-c519-491c-99df-43aed39bd77b@group-8C41FF714108-SegmentedRaftLogWorker: flushIndex: setUnconditionally 0 -> -1
2019-09-24 02:29:19,861 [pool-387-thread-1] INFO  server.RaftServerConfigKeys (ConfUtils.java:logGet(43)) - raft.server.snapshot.auto.trigger.enabled = true (custom)
2019-09-24 02:29:19,861 [pool-387-thread-1] INFO  server.RaftServerConfigKeys (ConfUtils.java:logGet(43)) - raft.server.snapshot.auto.trigger.threshold = 10000 (custom)
2019-09-24 02:29:19,861 [pool-407-thread-1] INFO  server.RaftServerConfigKeys (ConfUtils.java:logGet(43)) - raft.server.snapshot.auto.trigger.enabled = true (custom)
2019-09-24 02:29:19,861 [pool-397-thread-1] INFO  util.JmxRegister (JmxRegister.java:tryRegister(44)) - Successfully registered JMX Bean with object name Ratis:service=RaftServer,group=group-8C41FF714108,id=085dba92-8ce5-4f42-893e-544caee8a210
2019-09-24 02:29:19,861 [pool-407-thread-1] INFO  server.RaftServerConfigKeys (ConfUtils.java:logGet(43)) - raft.server.snapshot.auto.trigger.threshold = 10000 (custom)
2019-09-24 02:29:19,861 [pool-387-thread-1] INFO  server.RaftServerConfigKeys (ConfUtils.java:logGet(43)) - raft.server.snapshot.retention.num.files = 5 (custom)
2019-09-24 02:29:19,862 [pool-407-thread-1] INFO  server.RaftServerConfigKeys (ConfUtils.java:logGet(43)) - raft.server.snapshot.retention.num.files = 5 (custom)
2019-09-24 02:29:19,862 [pool-387-thread-1] INFO  server.RaftServerConfigKeys (ConfUtils.java:logGet(43)) - raft.server.retrycache.expirytime = 600000ms (custom)
2019-09-24 02:29:19,862 [pool-407-thread-1] INFO  server.RaftServerConfigKeys (ConfUtils.java:logGet(43)) - raft.server.retrycache.expirytime = 600000ms (custom)
2019-09-24 02:29:19,870 [pool-387-thread-1] INFO  impl.RaftServerImpl (RaftServerImpl.java:start(185)) - 5a1cfc27-0377-45c9-882e-ae9e71586032@group-8C41FF714108: start as a follower, conf=-1: [5a1cfc27-0377-45c9-882e-ae9e71586032:192.168.151.121:33792, 5cc809fa-c519-491c-99df-43aed39bd77b:192.168.151.121:42564, 085dba92-8ce5-4f42-893e-544caee8a210:192.168.151.121:45199], old=null
2019-09-24 02:29:19,870 [pool-407-thread-1] INFO  impl.RaftServerImpl (RaftServerImpl.java:start(185)) - 5cc809fa-c519-491c-99df-43aed39bd77b@group-8C41FF714108: start as a follower, conf=-1: [5a1cfc27-0377-45c9-882e-ae9e71586032:192.168.151.121:33792, 5cc809fa-c519-491c-99df-43aed39bd77b:192.168.151.121:42564, 085dba92-8ce5-4f42-893e-544caee8a210:192.168.151.121:45199], old=null
2019-09-24 02:29:19,870 [pool-387-thread-1] INFO  impl.RaftServerImpl (RaftServerImpl.java:setRole(174)) - 5a1cfc27-0377-45c9-882e-ae9e71586032@group-8C41FF714108: changes role from      null to FOLLOWER at term 0 for startAsFollower
2019-09-24 02:29:19,870 [pool-407-thread-1] INFO  impl.RaftServerImpl (RaftServerImpl.java:setRole(174)) - 5cc809fa-c519-491c-99df-43aed39bd77b@group-8C41FF714108: changes role from      null to FOLLOWER at term 0 for startAsFollower
2019-09-24 02:29:19,870 [pool-387-thread-1] INFO  impl.RoleInfo (RoleInfo.java:updateAndGet(143)) - 5a1cfc27-0377-45c9-882e-ae9e71586032: start FollowerState
2019-09-24 02:29:19,870 [pool-407-thread-1] INFO  impl.RoleInfo (RoleInfo.java:updateAndGet(143)) - 5cc809fa-c519-491c-99df-43aed39bd77b: start FollowerState
2019-09-24 02:29:19,871 [pool-387-thread-1] INFO  util.JmxRegister (JmxRegister.java:tryRegister(44)) - Successfully registered JMX Bean with object name Ratis:service=RaftServer,group=group-8C41FF714108,id=5a1cfc27-0377-45c9-882e-ae9e71586032
2019-09-24 02:29:19,871 [pool-407-thread-1] INFO  util.JmxRegister (JmxRegister.java:tryRegister(44)) - Successfully registered JMX Bean with object name Ratis:service=RaftServer,group=group-8C41FF714108,id=5cc809fa-c519-491c-99df-43aed39bd77b
2019-09-24 02:29:19,880 [RatisPipelineUtilsThread] INFO  pipeline.PipelineStateManager (PipelineStateManager.java:addPipeline(56)) - Created pipeline Pipeline[ Id: 324c1b84-c963-4b51-b2a7-8c41ff714108, Nodes: 085dba92-8ce5-4f42-893e-544caee8a210{ip: 192.168.151.121, host: pr-hdds-2162-tjkd5-3209850126, networkLocation: /rack1, certSerialId: null}5cc809fa-c519-491c-99df-43aed39bd77b{ip: 192.168.151.121, host: pr-hdds-2162-tjkd5-3209850126, networkLocation: /rack1, certSerialId: null}5a1cfc27-0377-45c9-882e-ae9e71586032{ip: 192.168.151.121, host: pr-hdds-2162-tjkd5-3209850126, networkLocation: /rack1, certSerialId: null}, Type:RATIS, Factor:THREE, State:OPEN]
2019-09-24 02:29:19,917 [IPC Server handler 1 on 42998] INFO  net.NetworkTopology (NetworkTopologyImpl.java:add(111)) - Added a new node: /rack1/789b2ead-7118-41e6-be92-3579bc944c62
2019-09-24 02:29:19,918 [IPC Server handler 1 on 42998] INFO  node.SCMNodeManager (SCMNodeManager.java:register(266)) - Registered Data node : 789b2ead-7118-41e6-be92-3579bc944c62{ip: 192.168.151.121, host: pr-hdds-2162-tjkd5-3209850126, networkLocation: /rack1, certSerialId: null}
2019-09-24 02:29:19,926 [grpc-default-executor-1] INFO  impl.RaftServerProxy (RaftServerProxy.java:addNew(89)) - 789b2ead-7118-41e6-be92-3579bc944c62: addNew group-C2456C519C2F:[789b2ead-7118-41e6-be92-3579bc944c62:192.168.151.121:43411] returns group-C2456C519C2F:java.util.concurrent.CompletableFuture@2efaa641[Not completed]
2019-09-24 02:29:19,941 [pool-427-thread-1] INFO  impl.RaftServerImpl (RaftServerImpl.java:<init>(95)) - 789b2ead-7118-41e6-be92-3579bc944c62: new RaftServerImpl for group-C2456C519C2F:[789b2ead-7118-41e6-be92-3579bc944c62:192.168.151.121:43411] with ContainerStateMachine:uninitialized
2019-09-24 02:29:19,944 [pool-427-thread-1] INFO  server.RaftServerConfigKeys (ConfUtils.java:logGet(43)) - raft.server.rpc.timeout.min = 1s (custom)
2019-09-24 02:29:19,944 [pool-427-thread-1] INFO  server.RaftServerConfigKeys (ConfUtils.java:logGet(43)) - raft.server.rpc.timeout.max = 1200ms (custom)
2019-09-24 02:29:19,944 [pool-427-thread-1] INFO  server.RaftServerConfigKeys (ConfUtils.java:logGet(43)) - raft.server.rpcslowness.timeout = 120s (custom)
2019-09-24 02:29:19,944 [pool-427-thread-1] INFO  server.RaftServerConfigKeys (ConfUtils.java:logGet(43)) - raft.server.sleep.deviation.threshold = 300 (default)
2019-09-24 02:29:19,944 [pool-427-thread-1] INFO  server.RaftServerConfigKeys (ConfUtils.java:logGet(43)) - raft.server.log.appender.install.snapshot.enabled = false (custom)
2019-09-24 02:29:19,945 [pool-427-thread-1] INFO  impl.RaftServerImpl (ServerState.java:<init>(103)) - 789b2ead-7118-41e6-be92-3579bc944c62@group-C2456C519C2F: ConfigurationManager, init=-1: [789b2ead-7118-41e6-be92-3579bc944c62:192.168.151.121:43411], old=null, confs=<EMPTY_MAP>
2019-09-24 02:29:19,945 [pool-427-thread-1] INFO  server.RaftServerConfigKeys (ConfUtils.java:logGet(43)) - raft.server.storage.dir = [/workdir/hadoop-ozone/integration-test/target/test-dir/MiniOzoneClusterImpl-e1db9d82-1fb6-48f9-8fb7-1f77219b2ee9/datanode-4/data/ratis] (custom)
2019-09-24 02:29:19,945 [pool-427-thread-1] INFO  storage.RaftStorageDirectory (RaftStorageDirectory.java:analyzeStorage(246)) - The storage directory /workdir/hadoop-ozone/integration-test/target/test-dir/MiniOzoneClusterImpl-e1db9d82-1fb6-48f9-8fb7-1f77219b2ee9/datanode-4/data/ratis/e3c8a8b4-7740-45c7-ada4-c2456c519c2f does not exist. Creating ...
2019-09-24 02:29:19,962 [pool-427-thread-1] INFO  storage.RaftStorageDirectory (RaftStorageDirectory.java:tryLock(328)) - Lock on /workdir/hadoop-ozone/integration-test/target/test-dir/MiniOzoneClusterImpl-e1db9d82-1fb6-48f9-8fb7-1f77219b2ee9/datanode-4/data/ratis/e3c8a8b4-7740-45c7-ada4-c2456c519c2f/in_use.lock acquired by nodename 30927@pr-hdds-2162-tjkd5-3209850126
2019-09-24 02:29:19,977 [pool-427-thread-1] INFO  storage.RaftStorage (RaftStorage.java:format(72)) - Storage directory /workdir/hadoop-ozone/integration-test/target/test-dir/MiniOzoneClusterImpl-e1db9d82-1fb6-48f9-8fb7-1f77219b2ee9/datanode-4/data/ratis/e3c8a8b4-7740-45c7-ada4-c2456c519c2f has been successfully formatted.
2019-09-24 02:29:19,977 [pool-427-thread-1] INFO  ratis.ContainerStateMachine (ContainerStateMachine.java:loadSnapshot(230)) - group-C2456C519C2F: The snapshot info is null. Setting the last applied indexto:(t:0, i:~)
2019-09-24 02:29:19,978 [pool-427-thread-1] INFO  server.RaftServerConfigKeys (ConfUtils.java:logGet(43)) - raft.server.notification.no-leader.timeout = 120s (custom)
2019-09-24 02:29:19,978 [pool-427-thread-1] INFO  server.RaftServerConfigKeys (ConfUtils.java:logGet(43)) - raft.server.log.use.memory = false (default)
2019-09-24 02:29:19,978 [pool-427-thread-1] INFO  server.RaftServerConfigKeys (ConfUtils.java:logGet(43)) - raft.server.log.purge.gap = 1000000 (custom)
2019-09-24 02:29:19,978 [pool-427-thread-1] INFO  server.RaftServerConfigKeys (ConfUtils.java:logGet(43)) - raft.server.log.appender.buffer.byte-limit = 33554432 (custom)
2019-09-24 02:29:19,978 [pool-427-thread-1] INFO  server.RaftServerConfigKeys (ConfUtils.java:logGet(43)) - raft.server.log.segment.size.max = 1048576 (custom)
2019-09-24 02:29:19,978 [pool-427-thread-1] INFO  server.RaftServerConfigKeys (ConfUtils.java:logGet(43)) - raft.server.log.segment.cache.num.max = 2 (custom)
2019-09-24 02:29:19,979 [pool-427-thread-1] INFO  segmented.SegmentedRaftLogWorker (SegmentedRaftLogWorker.java:<init>(172)) - new 789b2ead-7118-41e6-be92-3579bc944c62@group-C2456C519C2F-SegmentedRaftLogWorker for RaftStorage:Storage Directory /workdir/hadoop-ozone/integration-test/target/test-dir/MiniOzoneClusterImpl-e1db9d82-1fb6-48f9-8fb7-1f77219b2ee9/datanode-4/data/ratis/e3c8a8b4-7740-45c7-ada4-c2456c519c2f
2019-09-24 02:29:19,981 [pool-427-thread-1] INFO  server.RaftServerConfigKeys (ConfUtils.java:logGet(43)) - raft.server.log.queue.byte-limit = 2147483647 (custom)
2019-09-24 02:29:19,981 [pool-427-thread-1] INFO  server.RaftServerConfigKeys (ConfUtils.java:logGet(43)) - raft.server.log.queue.element-limit = 1024 (custom)
2019-09-24 02:29:19,981 [pool-427-thread-1] INFO  server.RaftServerConfigKeys (ConfUtils.java:logGet(43)) - raft.server.log.segment.size.max = 1048576 (custom)
2019-09-24 02:29:19,981 [pool-427-thread-1] INFO  server.RaftServerConfigKeys (ConfUtils.java:logGet(43)) - raft.server.log.preallocated.size = 16384 (custom)
2019-09-24 02:29:19,981 [pool-427-thread-1] INFO  server.RaftServerConfigKeys (ConfUtils.java:logGet(43)) - raft.server.log.write.buffer.size = 33554432 (custom)
2019-09-24 02:29:19,982 [pool-427-thread-1] INFO  server.RaftServerConfigKeys (ConfUtils.java:logGet(43)) - raft.server.log.force.sync.num = 128 (default)
2019-09-24 02:29:19,982 [pool-427-thread-1] INFO  server.RaftServerConfigKeys (ConfUtils.java:logGet(43)) - raft.server.log.statemachine.data.sync = true (default)
2019-09-24 02:29:19,982 [pool-427-thread-1] INFO  server.RaftServerConfigKeys (ConfUtils.java:logGet(43)) - raft.server.log.statemachine.data.sync.timeout = 10s (default)
2019-09-24 02:29:19,982 [pool-427-thread-1] INFO  server.RaftServerConfigKeys (ConfUtils.java:logGet(43)) - raft.server.log.statemachine.data.sync.timeout.retry = -1 (default)
2019-09-24 02:29:19,982 [pool-427-thread-1] INFO  server.RaftServerConfigKeys (ConfUtils.java:logGet(43)) - raft.server.log.statemachine.data.caching.enabled = true (custom)
2019-09-24 02:29:19,983 [pool-427-thread-1] INFO  segmented.SegmentedRaftLogWorker (SegmentedRaftLogWorker.java:lambda$new$0(132)) - 789b2ead-7118-41e6-be92-3579bc944c62@group-C2456C519C2F-SegmentedRaftLogWorker: flushIndex: setUnconditionally 0 -> -1
2019-09-24 02:29:19,983 [pool-427-thread-1] INFO  server.RaftServerConfigKeys (ConfUtils.java:logGet(43)) - raft.server.snapshot.auto.trigger.enabled = true (custom)
2019-09-24 02:29:19,983 [pool-427-thread-1] INFO  server.RaftServerConfigKeys (ConfUtils.java:logGet(43)) - raft.server.snapshot.auto.trigger.threshold = 10000 (custom)
2019-09-24 02:29:19,983 [pool-427-thread-1] INFO  server.RaftServerConfigKeys (ConfUtils.java:logGet(43)) - raft.server.snapshot.retention.num.files = 5 (custom)
2019-09-24 02:29:19,983 [pool-427-thread-1] INFO  server.RaftServerConfigKeys (ConfUtils.java:logGet(43)) - raft.server.retrycache.expirytime = 600000ms (custom)
2019-09-24 02:29:19,984 [IPC Server handler 2 on 42998] INFO  net.NetworkTopology (NetworkTopologyImpl.java:add(111)) - Added a new node: /rack1/802dd090-3361-4aa9-ab79-78a8dffa1107
2019-09-24 02:29:19,984 [IPC Server handler 2 on 42998] INFO  node.SCMNodeManager (SCMNodeManager.java:register(266)) - Registered Data node : 802dd090-3361-4aa9-ab79-78a8dffa1107{ip: 192.168.151.121, host: pr-hdds-2162-tjkd5-3209850126, networkLocation: /rack1, certSerialId: null}
2019-09-24 02:29:19,985 [pool-427-thread-1] INFO  impl.RaftServerImpl (RaftServerImpl.java:start(185)) - 789b2ead-7118-41e6-be92-3579bc944c62@group-C2456C519C2F: start as a follower, conf=-1: [789b2ead-7118-41e6-be92-3579bc944c62:192.168.151.121:43411], old=null
2019-09-24 02:29:19,986 [pool-427-thread-1] INFO  impl.RaftServerImpl (RaftServerImpl.java:setRole(174)) - 789b2ead-7118-41e6-be92-3579bc944c62@group-C2456C519C2F: changes role from      null to FOLLOWER at term 0 for startAsFollower
2019-09-24 02:29:19,986 [pool-427-thread-1] INFO  impl.RoleInfo (RoleInfo.java:updateAndGet(143)) - 789b2ead-7118-41e6-be92-3579bc944c62: start FollowerState
2019-09-24 02:29:19,986 [pool-427-thread-1] INFO  util.JmxRegister (JmxRegister.java:tryRegister(44)) - Successfully registered JMX Bean with object name Ratis:service=RaftServer,group=group-C2456C519C2F,id=789b2ead-7118-41e6-be92-3579bc944c62
2019-09-24 02:29:19,993 [RatisPipelineUtilsThread] INFO  pipeline.PipelineStateManager (PipelineStateManager.java:addPipeline(56)) - Created pipeline Pipeline[ Id: e3c8a8b4-7740-45c7-ada4-c2456c519c2f, Nodes: 789b2ead-7118-41e6-be92-3579bc944c62{ip: 192.168.151.121, host: pr-hdds-2162-tjkd5-3209850126, networkLocation: /rack1, certSerialId: null}, Type:RATIS, Factor:ONE, State:OPEN]
2019-09-24 02:29:20,047 [grpc-default-executor-1] INFO  impl.RaftServerProxy (RaftServerProxy.java:addNew(89)) - 8f38fc7d-5394-40fc-bec2-62867055670b: addNew group-1E10EA623FCA:[8f38fc7d-5394-40fc-bec2-62867055670b:192.168.151.121:45951] returns group-1E10EA623FCA:java.util.concurrent.CompletableFuture@4e4d52d8[Not completed]
2019-09-24 02:29:20,048 [pool-417-thread-1] INFO  impl.RaftServerImpl (RaftServerImpl.java:<init>(95)) - 8f38fc7d-5394-40fc-bec2-62867055670b: new RaftServerImpl for group-1E10EA623FCA:[8f38fc7d-5394-40fc-bec2-62867055670b:192.168.151.121:45951] with ContainerStateMachine:uninitialized
2019-09-24 02:29:20,048 [pool-417-thread-1] INFO  server.RaftServerConfigKeys (ConfUtils.java:logGet(43)) - raft.server.rpc.timeout.min = 1s (custom)
2019-09-24 02:29:20,048 [pool-417-thread-1] INFO  server.RaftServerConfigKeys (ConfUtils.java:logGet(43)) - raft.server.rpc.timeout.max = 1200ms (custom)
2019-09-24 02:29:20,048 [pool-417-thread-1] INFO  server.RaftServerConfigKeys (ConfUtils.java:logGet(43)) - raft.server.rpcslowness.timeout = 120s (custom)
2019-09-24 02:29:20,049 [pool-417-thread-1] INFO  server.RaftServerConfigKeys (ConfUtils.java:logGet(43)) - raft.server.sleep.deviation.threshold = 300 (default)
2019-09-24 02:29:20,049 [pool-417-thread-1] INFO  server.RaftServerConfigKeys (ConfUtils.java:logGet(43)) - raft.server.log.appender.install.snapshot.enabled = false (custom)
2019-09-24 02:29:20,049 [pool-417-thread-1] INFO  impl.RaftServerImpl (ServerState.java:<init>(103)) - 8f38fc7d-5394-40fc-bec2-62867055670b@group-1E10EA623FCA: ConfigurationManager, init=-1: [8f38fc7d-5394-40fc-bec2-62867055670b:192.168.151.121:45951], old=null, confs=<EMPTY_MAP>
2019-09-24 02:29:20,049 [pool-417-thread-1] INFO  server.RaftServerConfigKeys (ConfUtils.java:logGet(43)) - raft.server.storage.dir = [/workdir/hadoop-ozone/integration-test/target/test-dir/MiniOzoneClusterImpl-e1db9d82-1fb6-48f9-8fb7-1f77219b2ee9/datanode-3/data/ratis] (custom)
2019-09-24 02:29:20,049 [pool-417-thread-1] INFO  storage.RaftStorageDirectory (RaftStorageDirectory.java:analyzeStorage(246)) - The storage directory /workdir/hadoop-ozone/integration-test/target/test-dir/MiniOzoneClusterImpl-e1db9d82-1fb6-48f9-8fb7-1f77219b2ee9/datanode-3/data/ratis/200db46e-c522-4eeb-ba89-1e10ea623fca does not exist. Creating ...
2019-09-24 02:29:20,070 [IPC Server handler 3 on 42998] INFO  net.NetworkTopology (NetworkTopologyImpl.java:add(111)) - Added a new node: /rack1/0bec04af-c60a-441b-9562-0d7467eb7c58
2019-09-24 02:29:20,071 [IPC Server handler 3 on 42998] INFO  node.SCMNodeManager (SCMNodeManager.java:register(266)) - Registered Data node : 0bec04af-c60a-441b-9562-0d7467eb7c58{ip: 192.168.151.121, host: pr-hdds-2162-tjkd5-3209850126, networkLocation: /rack1, certSerialId: null}
2019-09-24 02:29:20,074 [pool-417-thread-1] INFO  storage.RaftStorageDirectory (RaftStorageDirectory.java:tryLock(328)) - Lock on /workdir/hadoop-ozone/integration-test/target/test-dir/MiniOzoneClusterImpl-e1db9d82-1fb6-48f9-8fb7-1f77219b2ee9/datanode-3/data/ratis/200db46e-c522-4eeb-ba89-1e10ea623fca/in_use.lock acquired by nodename 30927@pr-hdds-2162-tjkd5-3209850126
2019-09-24 02:29:20,087 [pool-417-thread-1] INFO  storage.RaftStorage (RaftStorage.java:format(72)) - Storage directory /workdir/hadoop-ozone/integration-test/target/test-dir/MiniOzoneClusterImpl-e1db9d82-1fb6-48f9-8fb7-1f77219b2ee9/datanode-3/data/ratis/200db46e-c522-4eeb-ba89-1e10ea623fca has been successfully formatted.
2019-09-24 02:29:20,088 [pool-417-thread-1] INFO  ratis.ContainerStateMachine (ContainerStateMachine.java:loadSnapshot(230)) - group-1E10EA623FCA: The snapshot info is null. Setting the last applied indexto:(t:0, i:~)
2019-09-24 02:29:20,088 [pool-417-thread-1] INFO  server.RaftServerConfigKeys (ConfUtils.java:logGet(43)) - raft.server.notification.no-leader.timeout = 120s (custom)
2019-09-24 02:29:20,088 [pool-417-thread-1] INFO  server.RaftServerConfigKeys (ConfUtils.java:logGet(43)) - raft.server.log.use.memory = false (default)
2019-09-24 02:29:20,088 [pool-417-thread-1] INFO  server.RaftServerConfigKeys (ConfUtils.java:logGet(43)) - raft.server.log.purge.gap = 1000000 (custom)
2019-09-24 02:29:20,088 [pool-417-thread-1] INFO  server.RaftServerConfigKeys (ConfUtils.java:logGet(43)) - raft.server.log.appender.buffer.byte-limit = 33554432 (custom)
2019-09-24 02:29:20,088 [pool-417-thread-1] INFO  server.RaftServerConfigKeys (ConfUtils.java:logGet(43)) - raft.server.log.segment.size.max = 1048576 (custom)
2019-09-24 02:29:20,088 [pool-417-thread-1] INFO  server.RaftServerConfigKeys (ConfUtils.java:logGet(43)) - raft.server.log.segment.cache.num.max = 2 (custom)
2019-09-24 02:29:20,089 [pool-417-thread-1] INFO  segmented.SegmentedRaftLogWorker (SegmentedRaftLogWorker.java:<init>(172)) - new 8f38fc7d-5394-40fc-bec2-62867055670b@group-1E10EA623FCA-SegmentedRaftLogWorker for RaftStorage:Storage Directory /workdir/hadoop-ozone/integration-test/target/test-dir/MiniOzoneClusterImpl-e1db9d82-1fb6-48f9-8fb7-1f77219b2ee9/datanode-3/data/ratis/200db46e-c522-4eeb-ba89-1e10ea623fca
2019-09-24 02:29:20,090 [pool-417-thread-1] INFO  server.RaftServerConfigKeys (ConfUtils.java:logGet(43)) - raft.server.log.queue.byte-limit = 2147483647 (custom)
2019-09-24 02:29:20,090 [pool-417-thread-1] INFO  server.RaftServerConfigKeys (ConfUtils.java:logGet(43)) - raft.server.log.queue.element-limit = 1024 (custom)
2019-09-24 02:29:20,090 [pool-417-thread-1] INFO  server.RaftServerConfigKeys (ConfUtils.java:logGet(43)) - raft.server.log.segment.size.max = 1048576 (custom)
2019-09-24 02:29:20,091 [pool-417-thread-1] INFO  server.RaftServerConfigKeys (ConfUtils.java:logGet(43)) - raft.server.log.preallocated.size = 16384 (custom)
2019-09-24 02:29:20,091 [pool-417-thread-1] INFO  server.RaftServerConfigKeys (ConfUtils.java:logGet(43)) - raft.server.log.write.buffer.size = 33554432 (custom)
2019-09-24 02:29:20,091 [pool-417-thread-1] INFO  server.RaftServerConfigKeys (ConfUtils.java:logGet(43)) - raft.server.log.force.sync.num = 128 (default)
2019-09-24 02:29:20,091 [pool-417-thread-1] INFO  server.RaftServerConfigKeys (ConfUtils.java:logGet(43)) - raft.server.log.statemachine.data.sync = true (default)
2019-09-24 02:29:20,091 [pool-417-thread-1] INFO  server.RaftServerConfigKeys (ConfUtils.java:logGet(43)) - raft.server.log.statemachine.data.sync.timeout = 10s (default)
2019-09-24 02:29:20,091 [pool-417-thread-1] INFO  server.RaftServerConfigKeys (ConfUtils.java:logGet(43)) - raft.server.log.statemachine.data.sync.timeout.retry = -1 (default)
2019-09-24 02:29:20,091 [pool-417-thread-1] INFO  server.RaftServerConfigKeys (ConfUtils.java:logGet(43)) - raft.server.log.statemachine.data.caching.enabled = true (custom)
2019-09-24 02:29:20,092 [pool-417-thread-1] INFO  segmented.SegmentedRaftLogWorker (SegmentedRaftLogWorker.java:lambda$new$0(132)) - 8f38fc7d-5394-40fc-bec2-62867055670b@group-1E10EA623FCA-SegmentedRaftLogWorker: flushIndex: setUnconditionally 0 -> -1
2019-09-24 02:29:20,092 [pool-417-thread-1] INFO  server.RaftServerConfigKeys (ConfUtils.java:logGet(43)) - raft.server.snapshot.auto.trigger.enabled = true (custom)
2019-09-24 02:29:20,092 [pool-417-thread-1] INFO  server.RaftServerConfigKeys (ConfUtils.java:logGet(43)) - raft.server.snapshot.auto.trigger.threshold = 10000 (custom)
2019-09-24 02:29:20,092 [pool-417-thread-1] INFO  server.RaftServerConfigKeys (ConfUtils.java:logGet(43)) - raft.server.snapshot.retention.num.files = 5 (custom)
2019-09-24 02:29:20,092 [pool-417-thread-1] INFO  server.RaftServerConfigKeys (ConfUtils.java:logGet(43)) - raft.server.retrycache.expirytime = 600000ms (custom)
2019-09-24 02:29:20,094 [pool-417-thread-1] INFO  impl.RaftServerImpl (RaftServerImpl.java:start(185)) - 8f38fc7d-5394-40fc-bec2-62867055670b@group-1E10EA623FCA: start as a follower, conf=-1: [8f38fc7d-5394-40fc-bec2-62867055670b:192.168.151.121:45951], old=null
2019-09-24 02:29:20,094 [pool-417-thread-1] INFO  impl.RaftServerImpl (RaftServerImpl.java:setRole(174)) - 8f38fc7d-5394-40fc-bec2-62867055670b@group-1E10EA623FCA: changes role from      null to FOLLOWER at term 0 for startAsFollower
2019-09-24 02:29:20,094 [pool-417-thread-1] INFO  impl.RoleInfo (RoleInfo.java:updateAndGet(143)) - 8f38fc7d-5394-40fc-bec2-62867055670b: start FollowerState
2019-09-24 02:29:20,095 [pool-417-thread-1] INFO  util.JmxRegister (JmxRegister.java:tryRegister(44)) - Successfully registered JMX Bean with object name Ratis:service=RaftServer,group=group-1E10EA623FCA,id=8f38fc7d-5394-40fc-bec2-62867055670b
2019-09-24 02:29:20,100 [RatisPipelineUtilsThread] INFO  pipeline.PipelineStateManager (PipelineStateManager.java:addPipeline(56)) - Created pipeline Pipeline[ Id: 200db46e-c522-4eeb-ba89-1e10ea623fca, Nodes: 8f38fc7d-5394-40fc-bec2-62867055670b{ip: 192.168.151.121, host: pr-hdds-2162-tjkd5-3209850126, networkLocation: /rack1, certSerialId: null}, Type:RATIS, Factor:ONE, State:OPEN]
2019-09-24 02:29:20,111 [grpc-default-executor-1] INFO  impl.RaftServerProxy (RaftServerProxy.java:addNew(89)) - 0bec04af-c60a-441b-9562-0d7467eb7c58: addNew group-EF6696276DFD:[0bec04af-c60a-441b-9562-0d7467eb7c58:192.168.151.121:44318] returns group-EF6696276DFD:java.util.concurrent.CompletableFuture@6b660c0d[Not completed]
2019-09-24 02:29:20,113 [pool-447-thread-1] INFO  impl.RaftServerImpl (RaftServerImpl.java:<init>(95)) - 0bec04af-c60a-441b-9562-0d7467eb7c58: new RaftServerImpl for group-EF6696276DFD:[0bec04af-c60a-441b-9562-0d7467eb7c58:192.168.151.121:44318] with ContainerStateMachine:uninitialized
2019-09-24 02:29:20,113 [pool-447-thread-1] INFO  server.RaftServerConfigKeys (ConfUtils.java:logGet(43)) - raft.server.rpc.timeout.min = 1s (custom)
2019-09-24 02:29:20,113 [pool-447-thread-1] INFO  server.RaftServerConfigKeys (ConfUtils.java:logGet(43)) - raft.server.rpc.timeout.max = 1200ms (custom)
2019-09-24 02:29:20,113 [pool-447-thread-1] INFO  server.RaftServerConfigKeys (ConfUtils.java:logGet(43)) - raft.server.rpcslowness.timeout = 120s (custom)
2019-09-24 02:29:20,113 [pool-447-thread-1] INFO  server.RaftServerConfigKeys (ConfUtils.java:logGet(43)) - raft.server.sleep.deviation.threshold = 300 (default)
2019-09-24 02:29:20,114 [pool-447-thread-1] INFO  server.RaftServerConfigKeys (ConfUtils.java:logGet(43)) - raft.server.log.appender.install.snapshot.enabled = false (custom)
2019-09-24 02:29:20,114 [pool-447-thread-1] INFO  impl.RaftServerImpl (ServerState.java:<init>(103)) - 0bec04af-c60a-441b-9562-0d7467eb7c58@group-EF6696276DFD: ConfigurationManager, init=-1: [0bec04af-c60a-441b-9562-0d7467eb7c58:192.168.151.121:44318], old=null, confs=<EMPTY_MAP>
2019-09-24 02:29:20,114 [pool-447-thread-1] INFO  server.RaftServerConfigKeys (ConfUtils.java:logGet(43)) - raft.server.storage.dir = [/workdir/hadoop-ozone/integration-test/target/test-dir/MiniOzoneClusterImpl-e1db9d82-1fb6-48f9-8fb7-1f77219b2ee9/datanode-6/data/ratis] (custom)
2019-09-24 02:29:20,115 [pool-447-thread-1] INFO  storage.RaftStorageDirectory (RaftStorageDirectory.java:analyzeStorage(246)) - The storage directory /workdir/hadoop-ozone/integration-test/target/test-dir/MiniOzoneClusterImpl-e1db9d82-1fb6-48f9-8fb7-1f77219b2ee9/datanode-6/data/ratis/6c648063-0289-4d9c-a2f0-ef6696276dfd does not exist. Creating ...
2019-09-24 02:29:20,129 [pool-447-thread-1] INFO  storage.RaftStorageDirectory (RaftStorageDirectory.java:tryLock(328)) - Lock on /workdir/hadoop-ozone/integration-test/target/test-dir/MiniOzoneClusterImpl-e1db9d82-1fb6-48f9-8fb7-1f77219b2ee9/datanode-6/data/ratis/6c648063-0289-4d9c-a2f0-ef6696276dfd/in_use.lock acquired by nodename 30927@pr-hdds-2162-tjkd5-3209850126
2019-09-24 02:29:20,138 [IPC Server handler 6 on 42998] INFO  net.NetworkTopology (NetworkTopologyImpl.java:add(111)) - Added a new node: /rack1/56d7dd02-5e2f-4ce9-bc16-c2a7d153f33e
2019-09-24 02:29:20,139 [IPC Server handler 6 on 42998] INFO  node.SCMNodeManager (SCMNodeManager.java:register(266)) - Registered Data node : 56d7dd02-5e2f-4ce9-bc16-c2a7d153f33e{ip: 192.168.151.121, host: pr-hdds-2162-tjkd5-3209850126, networkLocation: /rack1, certSerialId: null}
2019-09-24 02:29:20,142 [pool-447-thread-1] INFO  storage.RaftStorage (RaftStorage.java:format(72)) - Storage directory /workdir/hadoop-ozone/integration-test/target/test-dir/MiniOzoneClusterImpl-e1db9d82-1fb6-48f9-8fb7-1f77219b2ee9/datanode-6/data/ratis/6c648063-0289-4d9c-a2f0-ef6696276dfd has been successfully formatted.
2019-09-24 02:29:20,142 [pool-447-thread-1] INFO  ratis.ContainerStateMachine (ContainerStateMachine.java:loadSnapshot(230)) - group-EF6696276DFD: The snapshot info is null. Setting the last applied indexto:(t:0, i:~)
2019-09-24 02:29:20,142 [pool-447-thread-1] INFO  server.RaftServerConfigKeys (ConfUtils.java:logGet(43)) - raft.server.notification.no-leader.timeout = 120s (custom)
2019-09-24 02:29:20,143 [pool-447-thread-1] INFO  server.RaftServerConfigKeys (ConfUtils.java:logGet(43)) - raft.server.log.use.memory = false (default)
2019-09-24 02:29:20,143 [pool-447-thread-1] INFO  server.RaftServerConfigKeys (ConfUtils.java:logGet(43)) - raft.server.log.purge.gap = 1000000 (custom)
2019-09-24 02:29:20,143 [pool-447-thread-1] INFO  server.RaftServerConfigKeys (ConfUtils.java:logGet(43)) - raft.server.log.appender.buffer.byte-limit = 33554432 (custom)
2019-09-24 02:29:20,143 [pool-447-thread-1] INFO  server.RaftServerConfigKeys (ConfUtils.java:logGet(43)) - raft.server.log.segment.size.max = 1048576 (custom)
2019-09-24 02:29:20,143 [pool-447-thread-1] INFO  server.RaftServerConfigKeys (ConfUtils.java:logGet(43)) - raft.server.log.segment.cache.num.max = 2 (custom)
2019-09-24 02:29:20,143 [pool-447-thread-1] INFO  segmented.SegmentedRaftLogWorker (SegmentedRaftLogWorker.java:<init>(172)) - new 0bec04af-c60a-441b-9562-0d7467eb7c58@group-EF6696276DFD-SegmentedRaftLogWorker for RaftStorage:Storage Directory /workdir/hadoop-ozone/integration-test/target/test-dir/MiniOzoneClusterImpl-e1db9d82-1fb6-48f9-8fb7-1f77219b2ee9/datanode-6/data/ratis/6c648063-0289-4d9c-a2f0-ef6696276dfd
2019-09-24 02:29:20,145 [pool-447-thread-1] INFO  server.RaftServerConfigKeys (ConfUtils.java:logGet(43)) - raft.server.log.queue.byte-limit = 2147483647 (custom)
2019-09-24 02:29:20,145 [pool-447-thread-1] INFO  server.RaftServerConfigKeys (ConfUtils.java:logGet(43)) - raft.server.log.queue.element-limit = 1024 (custom)
2019-09-24 02:29:20,145 [pool-447-thread-1] INFO  server.RaftServerConfigKeys (ConfUtils.java:logGet(43)) - raft.server.log.segment.size.max = 1048576 (custom)
2019-09-24 02:29:20,146 [pool-447-thread-1] INFO  server.RaftServerConfigKeys (ConfUtils.java:logGet(43)) - raft.server.log.preallocated.size = 16384 (custom)
2019-09-24 02:29:20,146 [pool-447-thread-1] INFO  server.RaftServerConfigKeys (ConfUtils.java:logGet(43)) - raft.server.log.write.buffer.size = 33554432 (custom)
2019-09-24 02:29:20,146 [pool-447-thread-1] INFO  server.RaftServerConfigKeys (ConfUtils.java:logGet(43)) - raft.server.log.force.sync.num = 128 (default)
2019-09-24 02:29:20,146 [pool-447-thread-1] INFO  server.RaftServerConfigKeys (ConfUtils.java:logGet(43)) - raft.server.log.statemachine.data.sync = true (default)
2019-09-24 02:29:20,146 [pool-447-thread-1] INFO  server.RaftServerConfigKeys (ConfUtils.java:logGet(43)) - raft.server.log.statemachine.data.sync.timeout = 10s (default)
2019-09-24 02:29:20,146 [pool-447-thread-1] INFO  server.RaftServerConfigKeys (ConfUtils.java:logGet(43)) - raft.server.log.statemachine.data.sync.timeout.retry = -1 (default)
2019-09-24 02:29:20,147 [pool-447-thread-1] INFO  server.RaftServerConfigKeys (ConfUtils.java:logGet(43)) - raft.server.log.statemachine.data.caching.enabled = true (custom)
2019-09-24 02:29:20,147 [pool-447-thread-1] INFO  segmented.SegmentedRaftLogWorker (SegmentedRaftLogWorker.java:lambda$new$0(132)) - 0bec04af-c60a-441b-9562-0d7467eb7c58@group-EF6696276DFD-SegmentedRaftLogWorker: flushIndex: setUnconditionally 0 -> -1
2019-09-24 02:29:20,147 [pool-447-thread-1] INFO  server.RaftServerConfigKeys (ConfUtils.java:logGet(43)) - raft.server.snapshot.auto.trigger.enabled = true (custom)
2019-09-24 02:29:20,147 [pool-447-thread-1] INFO  server.RaftServerConfigKeys (ConfUtils.java:logGet(43)) - raft.server.snapshot.auto.trigger.threshold = 10000 (custom)
2019-09-24 02:29:20,148 [pool-447-thread-1] INFO  server.RaftServerConfigKeys (ConfUtils.java:logGet(43)) - raft.server.snapshot.retention.num.files = 5 (custom)
2019-09-24 02:29:20,148 [pool-447-thread-1] INFO  server.RaftServerConfigKeys (ConfUtils.java:logGet(43)) - raft.server.retrycache.expirytime = 600000ms (custom)
2019-09-24 02:29:20,149 [pool-447-thread-1] INFO  impl.RaftServerImpl (RaftServerImpl.java:start(185)) - 0bec04af-c60a-441b-9562-0d7467eb7c58@group-EF6696276DFD: start as a follower, conf=-1: [0bec04af-c60a-441b-9562-0d7467eb7c58:192.168.151.121:44318], old=null
2019-09-24 02:29:20,150 [pool-447-thread-1] INFO  impl.RaftServerImpl (RaftServerImpl.java:setRole(174)) - 0bec04af-c60a-441b-9562-0d7467eb7c58@group-EF6696276DFD: changes role from      null to FOLLOWER at term 0 for startAsFollower
2019-09-24 02:29:20,150 [pool-447-thread-1] INFO  impl.RoleInfo (RoleInfo.java:updateAndGet(143)) - 0bec04af-c60a-441b-9562-0d7467eb7c58: start FollowerState
2019-09-24 02:29:20,150 [pool-447-thread-1] INFO  util.JmxRegister (JmxRegister.java:tryRegister(44)) - Successfully registered JMX Bean with object name Ratis:service=RaftServer,group=group-EF6696276DFD,id=0bec04af-c60a-441b-9562-0d7467eb7c58
2019-09-24 02:29:20,157 [RatisPipelineUtilsThread] INFO  pipeline.PipelineStateManager (PipelineStateManager.java:addPipeline(56)) - Created pipeline Pipeline[ Id: 6c648063-0289-4d9c-a2f0-ef6696276dfd, Nodes: 0bec04af-c60a-441b-9562-0d7467eb7c58{ip: 192.168.151.121, host: pr-hdds-2162-tjkd5-3209850126, networkLocation: /rack1, certSerialId: null}, Type:RATIS, Factor:ONE, State:OPEN]
2019-09-24 02:29:20,165 [grpc-default-executor-1] INFO  impl.RaftServerProxy (RaftServerProxy.java:addNew(89)) - 802dd090-3361-4aa9-ab79-78a8dffa1107: addNew group-96689F49D762:[802dd090-3361-4aa9-ab79-78a8dffa1107:192.168.151.121:38747] returns group-96689F49D762:java.util.concurrent.CompletableFuture@7eb6375f[Not completed]
2019-09-24 02:29:20,167 [pool-437-thread-1] INFO  impl.RaftServerImpl (RaftServerImpl.java:<init>(95)) - 802dd090-3361-4aa9-ab79-78a8dffa1107: new RaftServerImpl for group-96689F49D762:[802dd090-3361-4aa9-ab79-78a8dffa1107:192.168.151.121:38747] with ContainerStateMachine:uninitialized
2019-09-24 02:29:20,167 [pool-437-thread-1] INFO  server.RaftServerConfigKeys (ConfUtils.java:logGet(43)) - raft.server.rpc.timeout.min = 1s (custom)
2019-09-24 02:29:20,167 [pool-437-thread-1] INFO  server.RaftServerConfigKeys (ConfUtils.java:logGet(43)) - raft.server.rpc.timeout.max = 1200ms (custom)
2019-09-24 02:29:20,167 [pool-437-thread-1] INFO  server.RaftServerConfigKeys (ConfUtils.java:logGet(43)) - raft.server.rpcslowness.timeout = 120s (custom)
2019-09-24 02:29:20,167 [pool-437-thread-1] INFO  server.RaftServerConfigKeys (ConfUtils.java:logGet(43)) - raft.server.sleep.deviation.threshold = 300 (default)
2019-09-24 02:29:20,167 [pool-437-thread-1] INFO  server.RaftServerConfigKeys (ConfUtils.java:logGet(43)) - raft.server.log.appender.install.snapshot.enabled = false (custom)
2019-09-24 02:29:20,168 [pool-437-thread-1] INFO  impl.RaftServerImpl (ServerState.java:<init>(103)) - 802dd090-3361-4aa9-ab79-78a8dffa1107@group-96689F49D762: ConfigurationManager, init=-1: [802dd090-3361-4aa9-ab79-78a8dffa1107:192.168.151.121:38747], old=null, confs=<EMPTY_MAP>
2019-09-24 02:29:20,168 [pool-437-thread-1] INFO  server.RaftServerConfigKeys (ConfUtils.java:logGet(43)) - raft.server.storage.dir = [/workdir/hadoop-ozone/integration-test/target/test-dir/MiniOzoneClusterImpl-e1db9d82-1fb6-48f9-8fb7-1f77219b2ee9/datanode-5/data/ratis] (custom)
2019-09-24 02:29:20,168 [pool-437-thread-1] INFO  storage.RaftStorageDirectory (RaftStorageDirectory.java:analyzeStorage(246)) - The storage directory /workdir/hadoop-ozone/integration-test/target/test-dir/MiniOzoneClusterImpl-e1db9d82-1fb6-48f9-8fb7-1f77219b2ee9/datanode-5/data/ratis/ae14e278-dd49-496a-9be1-96689f49d762 does not exist. Creating ...
2019-09-24 02:29:20,181 [pool-437-thread-1] INFO  storage.RaftStorageDirectory (RaftStorageDirectory.java:tryLock(328)) - Lock on /workdir/hadoop-ozone/integration-test/target/test-dir/MiniOzoneClusterImpl-e1db9d82-1fb6-48f9-8fb7-1f77219b2ee9/datanode-5/data/ratis/ae14e278-dd49-496a-9be1-96689f49d762/in_use.lock acquired by nodename 30927@pr-hdds-2162-tjkd5-3209850126
2019-09-24 02:29:20,194 [pool-437-thread-1] INFO  storage.RaftStorage (RaftStorage.java:format(72)) - Storage directory /workdir/hadoop-ozone/integration-test/target/test-dir/MiniOzoneClusterImpl-e1db9d82-1fb6-48f9-8fb7-1f77219b2ee9/datanode-5/data/ratis/ae14e278-dd49-496a-9be1-96689f49d762 has been successfully formatted.
2019-09-24 02:29:20,194 [pool-437-thread-1] INFO  ratis.ContainerStateMachine (ContainerStateMachine.java:loadSnapshot(230)) - group-96689F49D762: The snapshot info is null. Setting the last applied indexto:(t:0, i:~)
2019-09-24 02:29:20,194 [pool-437-thread-1] INFO  server.RaftServerConfigKeys (ConfUtils.java:logGet(43)) - raft.server.notification.no-leader.timeout = 120s (custom)
2019-09-24 02:29:20,194 [pool-437-thread-1] INFO  server.RaftServerConfigKeys (ConfUtils.java:logGet(43)) - raft.server.log.use.memory = false (default)
2019-09-24 02:29:20,194 [pool-437-thread-1] INFO  server.RaftServerConfigKeys (ConfUtils.java:logGet(43)) - raft.server.log.purge.gap = 1000000 (custom)
2019-09-24 02:29:20,195 [pool-437-thread-1] INFO  server.RaftServerConfigKeys (ConfUtils.java:logGet(43)) - raft.server.log.appender.buffer.byte-limit = 33554432 (custom)
2019-09-24 02:29:20,195 [pool-437-thread-1] INFO  server.RaftServerConfigKeys (ConfUtils.java:logGet(43)) - raft.server.log.segment.size.max = 1048576 (custom)
2019-09-24 02:29:20,195 [pool-437-thread-1] INFO  server.RaftServerConfigKeys (ConfUtils.java:logGet(43)) - raft.server.log.segment.cache.num.max = 2 (custom)
2019-09-24 02:29:20,195 [pool-437-thread-1] INFO  segmented.SegmentedRaftLogWorker (SegmentedRaftLogWorker.java:<init>(172)) - new 802dd090-3361-4aa9-ab79-78a8dffa1107@group-96689F49D762-SegmentedRaftLogWorker for RaftStorage:Storage Directory /workdir/hadoop-ozone/integration-test/target/test-dir/MiniOzoneClusterImpl-e1db9d82-1fb6-48f9-8fb7-1f77219b2ee9/datanode-5/data/ratis/ae14e278-dd49-496a-9be1-96689f49d762
2019-09-24 02:29:20,198 [pool-437-thread-1] INFO  server.RaftServerConfigKeys (ConfUtils.java:logGet(43)) - raft.server.log.queue.byte-limit = 2147483647 (custom)
2019-09-24 02:29:20,198 [pool-437-thread-1] INFO  server.RaftServerConfigKeys (ConfUtils.java:logGet(43)) - raft.server.log.queue.element-limit = 1024 (custom)
2019-09-24 02:29:20,198 [pool-437-thread-1] INFO  server.RaftServerConfigKeys (ConfUtils.java:logGet(43)) - raft.server.log.segment.size.max = 1048576 (custom)
2019-09-24 02:29:20,199 [pool-437-thread-1] INFO  server.RaftServerConfigKeys (ConfUtils.java:logGet(43)) - raft.server.log.preallocated.size = 16384 (custom)
2019-09-24 02:29:20,199 [pool-437-thread-1] INFO  server.RaftServerConfigKeys (ConfUtils.java:logGet(43)) - raft.server.log.write.buffer.size = 33554432 (custom)
2019-09-24 02:29:20,199 [pool-437-thread-1] INFO  server.RaftServerConfigKeys (ConfUtils.java:logGet(43)) - raft.server.log.force.sync.num = 128 (default)
2019-09-24 02:29:20,199 [pool-437-thread-1] INFO  server.RaftServerConfigKeys (ConfUtils.java:logGet(43)) - raft.server.log.statemachine.data.sync = true (default)
2019-09-24 02:29:20,200 [pool-437-thread-1] INFO  server.RaftServerConfigKeys (ConfUtils.java:logGet(43)) - raft.server.log.statemachine.data.sync.timeout = 10s (default)
2019-09-24 02:29:20,200 [pool-437-thread-1] INFO  server.RaftServerConfigKeys (ConfUtils.java:logGet(43)) - raft.server.log.statemachine.data.sync.timeout.retry = -1 (default)
2019-09-24 02:29:20,200 [pool-437-thread-1] INFO  server.RaftServerConfigKeys (ConfUtils.java:logGet(43)) - raft.server.log.statemachine.data.caching.enabled = true (custom)
2019-09-24 02:29:20,201 [pool-437-thread-1] INFO  segmented.SegmentedRaftLogWorker (SegmentedRaftLogWorker.java:lambda$new$0(132)) - 802dd090-3361-4aa9-ab79-78a8dffa1107@group-96689F49D762-SegmentedRaftLogWorker: flushIndex: setUnconditionally 0 -> -1
2019-09-24 02:29:20,201 [pool-437-thread-1] INFO  server.RaftServerConfigKeys (ConfUtils.java:logGet(43)) - raft.server.snapshot.auto.trigger.enabled = true (custom)
2019-09-24 02:29:20,202 [pool-437-thread-1] INFO  server.RaftServerConfigKeys (ConfUtils.java:logGet(43)) - raft.server.snapshot.auto.trigger.threshold = 10000 (custom)
2019-09-24 02:29:20,202 [pool-437-thread-1] INFO  server.RaftServerConfigKeys (ConfUtils.java:logGet(43)) - raft.server.snapshot.retention.num.files = 5 (custom)
2019-09-24 02:29:20,202 [pool-437-thread-1] INFO  server.RaftServerConfigKeys (ConfUtils.java:logGet(43)) - raft.server.retrycache.expirytime = 600000ms (custom)
2019-09-24 02:29:20,205 [pool-437-thread-1] INFO  impl.RaftServerImpl (RaftServerImpl.java:start(185)) - 802dd090-3361-4aa9-ab79-78a8dffa1107@group-96689F49D762: start as a follower, conf=-1: [802dd090-3361-4aa9-ab79-78a8dffa1107:192.168.151.121:38747], old=null
2019-09-24 02:29:20,205 [pool-437-thread-1] INFO  impl.RaftServerImpl (RaftServerImpl.java:setRole(174)) - 802dd090-3361-4aa9-ab79-78a8dffa1107@group-96689F49D762: changes role from      null to FOLLOWER at term 0 for startAsFollower
2019-09-24 02:29:20,205 [pool-437-thread-1] INFO  impl.RoleInfo (RoleInfo.java:updateAndGet(143)) - 802dd090-3361-4aa9-ab79-78a8dffa1107: start FollowerState
2019-09-24 02:29:20,206 [pool-437-thread-1] INFO  util.JmxRegister (JmxRegister.java:tryRegister(44)) - Successfully registered JMX Bean with object name Ratis:service=RaftServer,group=group-96689F49D762,id=802dd090-3361-4aa9-ab79-78a8dffa1107
2019-09-24 02:29:20,212 [RatisPipelineUtilsThread] INFO  pipeline.PipelineStateManager (PipelineStateManager.java:addPipeline(56)) - Created pipeline Pipeline[ Id: ae14e278-dd49-496a-9be1-96689f49d762, Nodes: 802dd090-3361-4aa9-ab79-78a8dffa1107{ip: 192.168.151.121, host: pr-hdds-2162-tjkd5-3209850126, networkLocation: /rack1, certSerialId: null}, Type:RATIS, Factor:ONE, State:OPEN]
2019-09-24 02:29:20,220 [grpc-default-executor-1] INFO  impl.RaftServerProxy (RaftServerProxy.java:addNew(89)) - 56d7dd02-5e2f-4ce9-bc16-c2a7d153f33e: addNew group-D04957732636:[56d7dd02-5e2f-4ce9-bc16-c2a7d153f33e:192.168.151.121:34190] returns group-D04957732636:java.util.concurrent.CompletableFuture@4b7e64de[Not completed]
2019-09-24 02:29:20,221 [pool-457-thread-1] INFO  impl.RaftServerImpl (RaftServerImpl.java:<init>(95)) - 56d7dd02-5e2f-4ce9-bc16-c2a7d153f33e: new RaftServerImpl for group-D04957732636:[56d7dd02-5e2f-4ce9-bc16-c2a7d153f33e:192.168.151.121:34190] with ContainerStateMachine:uninitialized
2019-09-24 02:29:20,221 [pool-457-thread-1] INFO  server.RaftServerConfigKeys (ConfUtils.java:logGet(43)) - raft.server.rpc.timeout.min = 1s (custom)
2019-09-24 02:29:20,222 [pool-457-thread-1] INFO  server.RaftServerConfigKeys (ConfUtils.java:logGet(43)) - raft.server.rpc.timeout.max = 1200ms (custom)
2019-09-24 02:29:20,222 [pool-457-thread-1] INFO  server.RaftServerConfigKeys (ConfUtils.java:logGet(43)) - raft.server.rpcslowness.timeout = 120s (custom)
2019-09-24 02:29:20,222 [pool-457-thread-1] INFO  server.RaftServerConfigKeys (ConfUtils.java:logGet(43)) - raft.server.sleep.deviation.threshold = 300 (default)
2019-09-24 02:29:20,222 [pool-457-thread-1] INFO  server.RaftServerConfigKeys (ConfUtils.java:logGet(43)) - raft.server.log.appender.install.snapshot.enabled = false (custom)
2019-09-24 02:29:20,222 [pool-457-thread-1] INFO  impl.RaftServerImpl (ServerState.java:<init>(103)) - 56d7dd02-5e2f-4ce9-bc16-c2a7d153f33e@group-D04957732636: ConfigurationManager, init=-1: [56d7dd02-5e2f-4ce9-bc16-c2a7d153f33e:192.168.151.121:34190], old=null, confs=<EMPTY_MAP>
2019-09-24 02:29:20,223 [pool-457-thread-1] INFO  server.RaftServerConfigKeys (ConfUtils.java:logGet(43)) - raft.server.storage.dir = [/workdir/hadoop-ozone/integration-test/target/test-dir/MiniOzoneClusterImpl-e1db9d82-1fb6-48f9-8fb7-1f77219b2ee9/datanode-7/data/ratis] (custom)
2019-09-24 02:29:20,223 [pool-457-thread-1] INFO  storage.RaftStorageDirectory (RaftStorageDirectory.java:analyzeStorage(246)) - The storage directory /workdir/hadoop-ozone/integration-test/target/test-dir/MiniOzoneClusterImpl-e1db9d82-1fb6-48f9-8fb7-1f77219b2ee9/datanode-7/data/ratis/071b0edf-6e4d-4e71-85d6-d04957732636 does not exist. Creating ...
2019-09-24 02:29:20,225 [IPC Server handler 5 on 42998] INFO  net.NetworkTopology (NetworkTopologyImpl.java:add(111)) - Added a new node: /rack1/0604b7ce-3702-4402-9f78-e4e71bac4ced
2019-09-24 02:29:20,225 [IPC Server handler 5 on 42998] INFO  node.SCMNodeManager (SCMNodeManager.java:register(266)) - Registered Data node : 0604b7ce-3702-4402-9f78-e4e71bac4ced{ip: 192.168.151.121, host: pr-hdds-2162-tjkd5-3209850126, networkLocation: /rack1, certSerialId: null}
2019-09-24 02:29:20,236 [pool-457-thread-1] INFO  storage.RaftStorageDirectory (RaftStorageDirectory.java:tryLock(328)) - Lock on /workdir/hadoop-ozone/integration-test/target/test-dir/MiniOzoneClusterImpl-e1db9d82-1fb6-48f9-8fb7-1f77219b2ee9/datanode-7/data/ratis/071b0edf-6e4d-4e71-85d6-d04957732636/in_use.lock acquired by nodename 30927@pr-hdds-2162-tjkd5-3209850126
2019-09-24 02:29:20,258 [pool-457-thread-1] INFO  storage.RaftStorage (RaftStorage.java:format(72)) - Storage directory /workdir/hadoop-ozone/integration-test/target/test-dir/MiniOzoneClusterImpl-e1db9d82-1fb6-48f9-8fb7-1f77219b2ee9/datanode-7/data/ratis/071b0edf-6e4d-4e71-85d6-d04957732636 has been successfully formatted.
2019-09-24 02:29:20,258 [pool-457-thread-1] INFO  ratis.ContainerStateMachine (ContainerStateMachine.java:loadSnapshot(230)) - group-D04957732636: The snapshot info is null. Setting the last applied indexto:(t:0, i:~)
2019-09-24 02:29:20,258 [pool-457-thread-1] INFO  server.RaftServerConfigKeys (ConfUtils.java:logGet(43)) - raft.server.notification.no-leader.timeout = 120s (custom)
2019-09-24 02:29:20,259 [pool-457-thread-1] INFO  server.RaftServerConfigKeys (ConfUtils.java:logGet(43)) - raft.server.log.use.memory = false (default)
2019-09-24 02:29:20,259 [pool-457-thread-1] INFO  server.RaftServerConfigKeys (ConfUtils.java:logGet(43)) - raft.server.log.purge.gap = 1000000 (custom)
2019-09-24 02:29:20,259 [pool-457-thread-1] INFO  server.RaftServerConfigKeys (ConfUtils.java:logGet(43)) - raft.server.log.appender.buffer.byte-limit = 33554432 (custom)
2019-09-24 02:29:20,259 [pool-457-thread-1] INFO  server.RaftServerConfigKeys (ConfUtils.java:logGet(43)) - raft.server.log.segment.size.max = 1048576 (custom)
2019-09-24 02:29:20,259 [pool-457-thread-1] INFO  server.RaftServerConfigKeys (ConfUtils.java:logGet(43)) - raft.server.log.segment.cache.num.max = 2 (custom)
2019-09-24 02:29:20,260 [pool-457-thread-1] INFO  segmented.SegmentedRaftLogWorker (SegmentedRaftLogWorker.java:<init>(172)) - new 56d7dd02-5e2f-4ce9-bc16-c2a7d153f33e@group-D04957732636-SegmentedRaftLogWorker for RaftStorage:Storage Directory /workdir/hadoop-ozone/integration-test/target/test-dir/MiniOzoneClusterImpl-e1db9d82-1fb6-48f9-8fb7-1f77219b2ee9/datanode-7/data/ratis/071b0edf-6e4d-4e71-85d6-d04957732636
2019-09-24 02:29:20,261 [pool-457-thread-1] INFO  server.RaftServerConfigKeys (ConfUtils.java:logGet(43)) - raft.server.log.queue.byte-limit = 2147483647 (custom)
2019-09-24 02:29:20,262 [pool-457-thread-1] INFO  server.RaftServerConfigKeys (ConfUtils.java:logGet(43)) - raft.server.log.queue.element-limit = 1024 (custom)
2019-09-24 02:29:20,262 [pool-457-thread-1] INFO  server.RaftServerConfigKeys (ConfUtils.java:logGet(43)) - raft.server.log.segment.size.max = 1048576 (custom)
2019-09-24 02:29:20,262 [pool-457-thread-1] INFO  server.RaftServerConfigKeys (ConfUtils.java:logGet(43)) - raft.server.log.preallocated.size = 16384 (custom)
2019-09-24 02:29:20,262 [pool-457-thread-1] INFO  server.RaftServerConfigKeys (ConfUtils.java:logGet(43)) - raft.server.log.write.buffer.size = 33554432 (custom)
2019-09-24 02:29:20,262 [pool-457-thread-1] INFO  server.RaftServerConfigKeys (ConfUtils.java:logGet(43)) - raft.server.log.force.sync.num = 128 (default)
2019-09-24 02:29:20,263 [pool-457-thread-1] INFO  server.RaftServerConfigKeys (ConfUtils.java:logGet(43)) - raft.server.log.statemachine.data.sync = true (default)
2019-09-24 02:29:20,263 [pool-457-thread-1] INFO  server.RaftServerConfigKeys (ConfUtils.java:logGet(43)) - raft.server.log.statemachine.data.sync.timeout = 10s (default)
2019-09-24 02:29:20,263 [pool-457-thread-1] INFO  server.RaftServerConfigKeys (ConfUtils.java:logGet(43)) - raft.server.log.statemachine.data.sync.timeout.retry = -1 (default)
2019-09-24 02:29:20,263 [pool-457-thread-1] INFO  server.RaftServerConfigKeys (ConfUtils.java:logGet(43)) - raft.server.log.statemachine.data.caching.enabled = true (custom)
2019-09-24 02:29:20,264 [pool-457-thread-1] INFO  segmented.SegmentedRaftLogWorker (SegmentedRaftLogWorker.java:lambda$new$0(132)) - 56d7dd02-5e2f-4ce9-bc16-c2a7d153f33e@group-D04957732636-SegmentedRaftLogWorker: flushIndex: setUnconditionally 0 -> -1
2019-09-24 02:29:20,264 [pool-457-thread-1] INFO  server.RaftServerConfigKeys (ConfUtils.java:logGet(43)) - raft.server.snapshot.auto.trigger.enabled = true (custom)
2019-09-24 02:29:20,264 [pool-457-thread-1] INFO  server.RaftServerConfigKeys (ConfUtils.java:logGet(43)) - raft.server.snapshot.auto.trigger.threshold = 10000 (custom)
2019-09-24 02:29:20,264 [pool-457-thread-1] INFO  server.RaftServerConfigKeys (ConfUtils.java:logGet(43)) - raft.server.snapshot.retention.num.files = 5 (custom)
2019-09-24 02:29:20,265 [pool-457-thread-1] INFO  server.RaftServerConfigKeys (ConfUtils.java:logGet(43)) - raft.server.retrycache.expirytime = 600000ms (custom)
2019-09-24 02:29:20,266 [pool-457-thread-1] INFO  impl.RaftServerImpl (RaftServerImpl.java:start(185)) - 56d7dd02-5e2f-4ce9-bc16-c2a7d153f33e@group-D04957732636: start as a follower, conf=-1: [56d7dd02-5e2f-4ce9-bc16-c2a7d153f33e:192.168.151.121:34190], old=null
2019-09-24 02:29:20,267 [pool-457-thread-1] INFO  impl.RaftServerImpl (RaftServerImpl.java:setRole(174)) - 56d7dd02-5e2f-4ce9-bc16-c2a7d153f33e@group-D04957732636: changes role from      null to FOLLOWER at term 0 for startAsFollower
2019-09-24 02:29:20,267 [pool-457-thread-1] INFO  impl.RoleInfo (RoleInfo.java:updateAndGet(143)) - 56d7dd02-5e2f-4ce9-bc16-c2a7d153f33e: start FollowerState
2019-09-24 02:29:20,267 [pool-457-thread-1] INFO  util.JmxRegister (JmxRegister.java:tryRegister(44)) - Successfully registered JMX Bean with object name Ratis:service=RaftServer,group=group-D04957732636,id=56d7dd02-5e2f-4ce9-bc16-c2a7d153f33e
2019-09-24 02:29:20,273 [RatisPipelineUtilsThread] INFO  pipeline.PipelineStateManager (PipelineStateManager.java:addPipeline(56)) - Created pipeline Pipeline[ Id: 071b0edf-6e4d-4e71-85d6-d04957732636, Nodes: 56d7dd02-5e2f-4ce9-bc16-c2a7d153f33e{ip: 192.168.151.121, host: pr-hdds-2162-tjkd5-3209850126, networkLocation: /rack1, certSerialId: null}, Type:RATIS, Factor:ONE, State:OPEN]
2019-09-24 02:29:20,291 [grpc-default-executor-1] INFO  impl.RaftServerProxy (RaftServerProxy.java:addNew(89)) - 0604b7ce-3702-4402-9f78-e4e71bac4ced: addNew group-D47DCCB84B9E:[0604b7ce-3702-4402-9f78-e4e71bac4ced:192.168.151.121:35986] returns group-D47DCCB84B9E:java.util.concurrent.CompletableFuture@6b6b6423[Not completed]
2019-09-24 02:29:20,293 [pool-467-thread-1] INFO  impl.RaftServerImpl (RaftServerImpl.java:<init>(95)) - 0604b7ce-3702-4402-9f78-e4e71bac4ced: new RaftServerImpl for group-D47DCCB84B9E:[0604b7ce-3702-4402-9f78-e4e71bac4ced:192.168.151.121:35986] with ContainerStateMachine:uninitialized
2019-09-24 02:29:20,293 [pool-467-thread-1] INFO  server.RaftServerConfigKeys (ConfUtils.java:logGet(43)) - raft.server.rpc.timeout.min = 1s (custom)
2019-09-24 02:29:20,293 [pool-467-thread-1] INFO  server.RaftServerConfigKeys (ConfUtils.java:logGet(43)) - raft.server.rpc.timeout.max = 1200ms (custom)
2019-09-24 02:29:20,293 [pool-467-thread-1] INFO  server.RaftServerConfigKeys (ConfUtils.java:logGet(43)) - raft.server.rpcslowness.timeout = 120s (custom)
2019-09-24 02:29:20,294 [pool-467-thread-1] INFO  server.RaftServerConfigKeys (ConfUtils.java:logGet(43)) - raft.server.sleep.deviation.threshold = 300 (default)
2019-09-24 02:29:20,294 [pool-467-thread-1] INFO  server.RaftServerConfigKeys (ConfUtils.java:logGet(43)) - raft.server.log.appender.install.snapshot.enabled = false (custom)
2019-09-24 02:29:20,294 [pool-467-thread-1] INFO  impl.RaftServerImpl (ServerState.java:<init>(103)) - 0604b7ce-3702-4402-9f78-e4e71bac4ced@group-D47DCCB84B9E: ConfigurationManager, init=-1: [0604b7ce-3702-4402-9f78-e4e71bac4ced:192.168.151.121:35986], old=null, confs=<EMPTY_MAP>
2019-09-24 02:29:20,294 [pool-467-thread-1] INFO  server.RaftServerConfigKeys (ConfUtils.java:logGet(43)) - raft.server.storage.dir = [/workdir/hadoop-ozone/integration-test/target/test-dir/MiniOzoneClusterImpl-e1db9d82-1fb6-48f9-8fb7-1f77219b2ee9/datanode-8/data/ratis] (custom)
2019-09-24 02:29:20,295 [pool-467-thread-1] INFO  storage.RaftStorageDirectory (RaftStorageDirectory.java:analyzeStorage(246)) - The storage directory /workdir/hadoop-ozone/integration-test/target/test-dir/MiniOzoneClusterImpl-e1db9d82-1fb6-48f9-8fb7-1f77219b2ee9/datanode-8/data/ratis/55bcc7f4-9135-403d-8926-d47dccb84b9e does not exist. Creating ...
2019-09-24 02:29:20,309 [pool-467-thread-1] INFO  storage.RaftStorageDirectory (RaftStorageDirectory.java:tryLock(328)) - Lock on /workdir/hadoop-ozone/integration-test/target/test-dir/MiniOzoneClusterImpl-e1db9d82-1fb6-48f9-8fb7-1f77219b2ee9/datanode-8/data/ratis/55bcc7f4-9135-403d-8926-d47dccb84b9e/in_use.lock acquired by nodename 30927@pr-hdds-2162-tjkd5-3209850126
2019-09-24 02:29:20,314 [IPC Server handler 7 on 42998] INFO  net.NetworkTopology (NetworkTopologyImpl.java:add(111)) - Added a new node: /rack1/9092e767-ed58-4058-999b-a93aea9aea3f
2019-09-24 02:29:20,314 [IPC Server handler 7 on 42998] INFO  node.SCMNodeManager (SCMNodeManager.java:register(266)) - Registered Data node : 9092e767-ed58-4058-999b-a93aea9aea3f{ip: 192.168.151.121, host: pr-hdds-2162-tjkd5-3209850126, networkLocation: /rack1, certSerialId: null}
2019-09-24 02:29:20,315 [main] INFO  ozone.MiniOzoneClusterImpl (MiniOzoneClusterImpl.java:lambda$waitForClusterToBeReady$0(147)) - Cluster is ready. Got 10 of 10 DN Heartbeats.
2019-09-24 02:29:20,334 [pool-467-thread-1] INFO  storage.RaftStorage (RaftStorage.java:format(72)) - Storage directory /workdir/hadoop-ozone/integration-test/target/test-dir/MiniOzoneClusterImpl-e1db9d82-1fb6-48f9-8fb7-1f77219b2ee9/datanode-8/data/ratis/55bcc7f4-9135-403d-8926-d47dccb84b9e has been successfully formatted.
2019-09-24 02:29:20,335 [pool-467-thread-1] INFO  ratis.ContainerStateMachine (ContainerStateMachine.java:loadSnapshot(230)) - group-D47DCCB84B9E: The snapshot info is null. Setting the last applied indexto:(t:0, i:~)
2019-09-24 02:29:20,335 [pool-467-thread-1] INFO  server.RaftServerConfigKeys (ConfUtils.java:logGet(43)) - raft.server.notification.no-leader.timeout = 120s (custom)
2019-09-24 02:29:20,335 [pool-467-thread-1] INFO  server.RaftServerConfigKeys (ConfUtils.java:logGet(43)) - raft.server.log.use.memory = false (default)
2019-09-24 02:29:20,335 [pool-467-thread-1] INFO  server.RaftServerConfigKeys (ConfUtils.java:logGet(43)) - raft.server.log.purge.gap = 1000000 (custom)
2019-09-24 02:29:20,335 [pool-467-thread-1] INFO  server.RaftServerConfigKeys (ConfUtils.java:logGet(43)) - raft.server.log.appender.buffer.byte-limit = 33554432 (custom)
2019-09-24 02:29:20,335 [pool-467-thread-1] INFO  server.RaftServerConfigKeys (ConfUtils.java:logGet(43)) - raft.server.log.segment.size.max = 1048576 (custom)
2019-09-24 02:29:20,335 [pool-467-thread-1] INFO  server.RaftServerConfigKeys (ConfUtils.java:logGet(43)) - raft.server.log.segment.cache.num.max = 2 (custom)
2019-09-24 02:29:20,335 [pool-467-thread-1] INFO  segmented.SegmentedRaftLogWorker (SegmentedRaftLogWorker.java:<init>(172)) - new 0604b7ce-3702-4402-9f78-e4e71bac4ced@group-D47DCCB84B9E-SegmentedRaftLogWorker for RaftStorage:Storage Directory /workdir/hadoop-ozone/integration-test/target/test-dir/MiniOzoneClusterImpl-e1db9d82-1fb6-48f9-8fb7-1f77219b2ee9/datanode-8/data/ratis/55bcc7f4-9135-403d-8926-d47dccb84b9e
2019-09-24 02:29:20,337 [pool-467-thread-1] INFO  server.RaftServerConfigKeys (ConfUtils.java:logGet(43)) - raft.server.log.queue.byte-limit = 2147483647 (custom)
2019-09-24 02:29:20,337 [pool-467-thread-1] INFO  server.RaftServerConfigKeys (ConfUtils.java:logGet(43)) - raft.server.log.queue.element-limit = 1024 (custom)
2019-09-24 02:29:20,337 [pool-467-thread-1] INFO  server.RaftServerConfigKeys (ConfUtils.java:logGet(43)) - raft.server.log.segment.size.max = 1048576 (custom)
2019-09-24 02:29:20,337 [pool-467-thread-1] INFO  server.RaftServerConfigKeys (ConfUtils.java:logGet(43)) - raft.server.log.preallocated.size = 16384 (custom)
2019-09-24 02:29:20,337 [pool-467-thread-1] INFO  server.RaftServerConfigKeys (ConfUtils.java:logGet(43)) - raft.server.log.write.buffer.size = 33554432 (custom)
2019-09-24 02:29:20,338 [pool-467-thread-1] INFO  server.RaftServerConfigKeys (ConfUtils.java:logGet(43)) - raft.server.log.force.sync.num = 128 (default)
2019-09-24 02:29:20,338 [pool-467-thread-1] INFO  server.RaftServerConfigKeys (ConfUtils.java:logGet(43)) - raft.server.log.statemachine.data.sync = true (default)
2019-09-24 02:29:20,338 [pool-467-thread-1] INFO  server.RaftServerConfigKeys (ConfUtils.java:logGet(43)) - raft.server.log.statemachine.data.sync.timeout = 10s (default)
2019-09-24 02:29:20,338 [pool-467-thread-1] INFO  server.RaftServerConfigKeys (ConfUtils.java:logGet(43)) - raft.server.log.statemachine.data.sync.timeout.retry = -1 (default)
2019-09-24 02:29:20,338 [pool-467-thread-1] INFO  server.RaftServerConfigKeys (ConfUtils.java:logGet(43)) - raft.server.log.statemachine.data.caching.enabled = true (custom)
2019-09-24 02:29:20,338 [pool-467-thread-1] INFO  segmented.SegmentedRaftLogWorker (SegmentedRaftLogWorker.java:lambda$new$0(132)) - 0604b7ce-3702-4402-9f78-e4e71bac4ced@group-D47DCCB84B9E-SegmentedRaftLogWorker: flushIndex: setUnconditionally 0 -> -1
2019-09-24 02:29:20,339 [pool-467-thread-1] INFO  server.RaftServerConfigKeys (ConfUtils.java:logGet(43)) - raft.server.snapshot.auto.trigger.enabled = true (custom)
2019-09-24 02:29:20,339 [pool-467-thread-1] INFO  server.RaftServerConfigKeys (ConfUtils.java:logGet(43)) - raft.server.snapshot.auto.trigger.threshold = 10000 (custom)
2019-09-24 02:29:20,339 [pool-467-thread-1] INFO  server.RaftServerConfigKeys (ConfUtils.java:logGet(43)) - raft.server.snapshot.retention.num.files = 5 (custom)
2019-09-24 02:29:20,339 [pool-467-thread-1] INFO  server.RaftServerConfigKeys (ConfUtils.java:logGet(43)) - raft.server.retrycache.expirytime = 600000ms (custom)
2019-09-24 02:29:20,341 [pool-467-thread-1] INFO  impl.RaftServerImpl (RaftServerImpl.java:start(185)) - 0604b7ce-3702-4402-9f78-e4e71bac4ced@group-D47DCCB84B9E: start as a follower, conf=-1: [0604b7ce-3702-4402-9f78-e4e71bac4ced:192.168.151.121:35986], old=null
2019-09-24 02:29:20,341 [pool-467-thread-1] INFO  impl.RaftServerImpl (RaftServerImpl.java:setRole(174)) - 0604b7ce-3702-4402-9f78-e4e71bac4ced@group-D47DCCB84B9E: changes role from      null to FOLLOWER at term 0 for startAsFollower
2019-09-24 02:29:20,341 [pool-467-thread-1] INFO  impl.RoleInfo (RoleInfo.java:updateAndGet(143)) - 0604b7ce-3702-4402-9f78-e4e71bac4ced: start FollowerState
2019-09-24 02:29:20,341 [pool-467-thread-1] INFO  util.JmxRegister (JmxRegister.java:tryRegister(44)) - Successfully registered JMX Bean with object name Ratis:service=RaftServer,group=group-D47DCCB84B9E,id=0604b7ce-3702-4402-9f78-e4e71bac4ced
2019-09-24 02:29:20,348 [RatisPipelineUtilsThread] INFO  pipeline.PipelineStateManager (PipelineStateManager.java:addPipeline(56)) - Created pipeline Pipeline[ Id: 55bcc7f4-9135-403d-8926-d47dccb84b9e, Nodes: 0604b7ce-3702-4402-9f78-e4e71bac4ced{ip: 192.168.151.121, host: pr-hdds-2162-tjkd5-3209850126, networkLocation: /rack1, certSerialId: null}, Type:RATIS, Factor:ONE, State:OPEN]
2019-09-24 02:29:20,361 [grpc-default-executor-1] INFO  impl.RaftServerProxy (RaftServerProxy.java:addNew(89)) - 9092e767-ed58-4058-999b-a93aea9aea3f: addNew group-56DAD4959CFE:[9092e767-ed58-4058-999b-a93aea9aea3f:192.168.151.121:40661] returns group-56DAD4959CFE:java.util.concurrent.CompletableFuture@3399c483[Not completed]
2019-09-24 02:29:20,363 [pool-477-thread-1] INFO  impl.RaftServerImpl (RaftServerImpl.java:<init>(95)) - 9092e767-ed58-4058-999b-a93aea9aea3f: new RaftServerImpl for group-56DAD4959CFE:[9092e767-ed58-4058-999b-a93aea9aea3f:192.168.151.121:40661] with ContainerStateMachine:uninitialized
2019-09-24 02:29:20,364 [pool-477-thread-1] INFO  server.RaftServerConfigKeys (ConfUtils.java:logGet(43)) - raft.server.rpc.timeout.min = 1s (custom)
2019-09-24 02:29:20,364 [pool-477-thread-1] INFO  server.RaftServerConfigKeys (ConfUtils.java:logGet(43)) - raft.server.rpc.timeout.max = 1200ms (custom)
2019-09-24 02:29:20,364 [pool-477-thread-1] INFO  server.RaftServerConfigKeys (ConfUtils.java:logGet(43)) - raft.server.rpcslowness.timeout = 120s (custom)
2019-09-24 02:29:20,364 [pool-477-thread-1] INFO  server.RaftServerConfigKeys (ConfUtils.java:logGet(43)) - raft.server.sleep.deviation.threshold = 300 (default)
2019-09-24 02:29:20,364 [pool-477-thread-1] INFO  server.RaftServerConfigKeys (ConfUtils.java:logGet(43)) - raft.server.log.appender.install.snapshot.enabled = false (custom)
2019-09-24 02:29:20,364 [pool-477-thread-1] INFO  impl.RaftServerImpl (ServerState.java:<init>(103)) - 9092e767-ed58-4058-999b-a93aea9aea3f@group-56DAD4959CFE: ConfigurationManager, init=-1: [9092e767-ed58-4058-999b-a93aea9aea3f:192.168.151.121:40661], old=null, confs=<EMPTY_MAP>
2019-09-24 02:29:20,365 [pool-477-thread-1] INFO  server.RaftServerConfigKeys (ConfUtils.java:logGet(43)) - raft.server.storage.dir = [/workdir/hadoop-ozone/integration-test/target/test-dir/MiniOzoneClusterImpl-e1db9d82-1fb6-48f9-8fb7-1f77219b2ee9/datanode-9/data/ratis] (custom)
2019-09-24 02:29:20,365 [pool-477-thread-1] INFO  storage.RaftStorageDirectory (RaftStorageDirectory.java:analyzeStorage(246)) - The storage directory /workdir/hadoop-ozone/integration-test/target/test-dir/MiniOzoneClusterImpl-e1db9d82-1fb6-48f9-8fb7-1f77219b2ee9/datanode-9/data/ratis/30670581-cb23-456b-8822-56dad4959cfe does not exist. Creating ...
2019-09-24 02:29:20,377 [pool-477-thread-1] INFO  storage.RaftStorageDirectory (RaftStorageDirectory.java:tryLock(328)) - Lock on /workdir/hadoop-ozone/integration-test/target/test-dir/MiniOzoneClusterImpl-e1db9d82-1fb6-48f9-8fb7-1f77219b2ee9/datanode-9/data/ratis/30670581-cb23-456b-8822-56dad4959cfe/in_use.lock acquired by nodename 30927@pr-hdds-2162-tjkd5-3209850126
2019-09-24 02:29:20,391 [pool-477-thread-1] INFO  storage.RaftStorage (RaftStorage.java:format(72)) - Storage directory /workdir/hadoop-ozone/integration-test/target/test-dir/MiniOzoneClusterImpl-e1db9d82-1fb6-48f9-8fb7-1f77219b2ee9/datanode-9/data/ratis/30670581-cb23-456b-8822-56dad4959cfe has been successfully formatted.
2019-09-24 02:29:20,391 [pool-477-thread-1] INFO  ratis.ContainerStateMachine (ContainerStateMachine.java:loadSnapshot(230)) - group-56DAD4959CFE: The snapshot info is null. Setting the last applied indexto:(t:0, i:~)
2019-09-24 02:29:20,391 [pool-477-thread-1] INFO  server.RaftServerConfigKeys (ConfUtils.java:logGet(43)) - raft.server.notification.no-leader.timeout = 120s (custom)
2019-09-24 02:29:20,391 [pool-477-thread-1] INFO  server.RaftServerConfigKeys (ConfUtils.java:logGet(43)) - raft.server.log.use.memory = false (default)
2019-09-24 02:29:20,392 [pool-477-thread-1] INFO  server.RaftServerConfigKeys (ConfUtils.java:logGet(43)) - raft.server.log.purge.gap = 1000000 (custom)
2019-09-24 02:29:20,392 [pool-477-thread-1] INFO  server.RaftServerConfigKeys (ConfUtils.java:logGet(43)) - raft.server.log.appender.buffer.byte-limit = 33554432 (custom)
2019-09-24 02:29:20,392 [pool-477-thread-1] INFO  server.RaftServerConfigKeys (ConfUtils.java:logGet(43)) - raft.server.log.segment.size.max = 1048576 (custom)
2019-09-24 02:29:20,392 [pool-477-thread-1] INFO  server.RaftServerConfigKeys (ConfUtils.java:logGet(43)) - raft.server.log.segment.cache.num.max = 2 (custom)
2019-09-24 02:29:20,392 [pool-477-thread-1] INFO  segmented.SegmentedRaftLogWorker (SegmentedRaftLogWorker.java:<init>(172)) - new 9092e767-ed58-4058-999b-a93aea9aea3f@group-56DAD4959CFE-SegmentedRaftLogWorker for RaftStorage:Storage Directory /workdir/hadoop-ozone/integration-test/target/test-dir/MiniOzoneClusterImpl-e1db9d82-1fb6-48f9-8fb7-1f77219b2ee9/datanode-9/data/ratis/30670581-cb23-456b-8822-56dad4959cfe
2019-09-24 02:29:20,394 [pool-477-thread-1] INFO  server.RaftServerConfigKeys (ConfUtils.java:logGet(43)) - raft.server.log.queue.byte-limit = 2147483647 (custom)
2019-09-24 02:29:20,395 [pool-477-thread-1] INFO  server.RaftServerConfigKeys (ConfUtils.java:logGet(43)) - raft.server.log.queue.element-limit = 1024 (custom)
2019-09-24 02:29:20,395 [pool-477-thread-1] INFO  server.RaftServerConfigKeys (ConfUtils.java:logGet(43)) - raft.server.log.segment.size.max = 1048576 (custom)
2019-09-24 02:29:20,395 [pool-477-thread-1] INFO  server.RaftServerConfigKeys (ConfUtils.java:logGet(43)) - raft.server.log.preallocated.size = 16384 (custom)
2019-09-24 02:29:20,395 [pool-477-thread-1] INFO  server.RaftServerConfigKeys (ConfUtils.java:logGet(43)) - raft.server.log.write.buffer.size = 33554432 (custom)
2019-09-24 02:29:20,395 [pool-477-thread-1] INFO  server.RaftServerConfigKeys (ConfUtils.java:logGet(43)) - raft.server.log.force.sync.num = 128 (default)
2019-09-24 02:29:20,395 [pool-477-thread-1] INFO  server.RaftServerConfigKeys (ConfUtils.java:logGet(43)) - raft.server.log.statemachine.data.sync = true (default)
2019-09-24 02:29:20,396 [pool-477-thread-1] INFO  server.RaftServerConfigKeys (ConfUtils.java:logGet(43)) - raft.server.log.statemachine.data.sync.timeout = 10s (default)
2019-09-24 02:29:20,396 [pool-477-thread-1] INFO  server.RaftServerConfigKeys (ConfUtils.java:logGet(43)) - raft.server.log.statemachine.data.sync.timeout.retry = -1 (default)
2019-09-24 02:29:20,396 [pool-477-thread-1] INFO  server.RaftServerConfigKeys (ConfUtils.java:logGet(43)) - raft.server.log.statemachine.data.caching.enabled = true (custom)
2019-09-24 02:29:20,396 [pool-477-thread-1] INFO  segmented.SegmentedRaftLogWorker (SegmentedRaftLogWorker.java:lambda$new$0(132)) - 9092e767-ed58-4058-999b-a93aea9aea3f@group-56DAD4959CFE-SegmentedRaftLogWorker: flushIndex: setUnconditionally 0 -> -1
2019-09-24 02:29:20,397 [pool-477-thread-1] INFO  server.RaftServerConfigKeys (ConfUtils.java:logGet(43)) - raft.server.snapshot.auto.trigger.enabled = true (custom)
2019-09-24 02:29:20,397 [pool-477-thread-1] INFO  server.RaftServerConfigKeys (ConfUtils.java:logGet(43)) - raft.server.snapshot.auto.trigger.threshold = 10000 (custom)
2019-09-24 02:29:20,397 [pool-477-thread-1] INFO  server.RaftServerConfigKeys (ConfUtils.java:logGet(43)) - raft.server.snapshot.retention.num.files = 5 (custom)
2019-09-24 02:29:20,397 [pool-477-thread-1] INFO  server.RaftServerConfigKeys (ConfUtils.java:logGet(43)) - raft.server.retrycache.expirytime = 600000ms (custom)
2019-09-24 02:29:20,399 [pool-477-thread-1] INFO  impl.RaftServerImpl (RaftServerImpl.java:start(185)) - 9092e767-ed58-4058-999b-a93aea9aea3f@group-56DAD4959CFE: start as a follower, conf=-1: [9092e767-ed58-4058-999b-a93aea9aea3f:192.168.151.121:40661], old=null
2019-09-24 02:29:20,399 [pool-477-thread-1] INFO  impl.RaftServerImpl (RaftServerImpl.java:setRole(174)) - 9092e767-ed58-4058-999b-a93aea9aea3f@group-56DAD4959CFE: changes role from      null to FOLLOWER at term 0 for startAsFollower
2019-09-24 02:29:20,400 [pool-477-thread-1] INFO  impl.RoleInfo (RoleInfo.java:updateAndGet(143)) - 9092e767-ed58-4058-999b-a93aea9aea3f: start FollowerState
2019-09-24 02:29:20,400 [pool-477-thread-1] INFO  util.JmxRegister (JmxRegister.java:tryRegister(44)) - Successfully registered JMX Bean with object name Ratis:service=RaftServer,group=group-56DAD4959CFE,id=9092e767-ed58-4058-999b-a93aea9aea3f
2019-09-24 02:29:20,408 [RatisPipelineUtilsThread] INFO  pipeline.PipelineStateManager (PipelineStateManager.java:addPipeline(56)) - Created pipeline Pipeline[ Id: 30670581-cb23-456b-8822-56dad4959cfe, Nodes: 9092e767-ed58-4058-999b-a93aea9aea3f{ip: 192.168.151.121, host: pr-hdds-2162-tjkd5-3209850126, networkLocation: /rack1, certSerialId: null}, Type:RATIS, Factor:ONE, State:OPEN]
2019-09-24 02:29:20,428 [grpc-default-executor-2] INFO  impl.RaftServerProxy (RaftServerProxy.java:addNew(89)) - 0604b7ce-3702-4402-9f78-e4e71bac4ced: addNew group-53A3DDA39B1B:[0604b7ce-3702-4402-9f78-e4e71bac4ced:192.168.151.121:35986, 789b2ead-7118-41e6-be92-3579bc944c62:192.168.151.121:43411, 9092e767-ed58-4058-999b-a93aea9aea3f:192.168.151.121:40661] returns group-53A3DDA39B1B:java.util.concurrent.CompletableFuture@1d8cb97c[Not completed]
2019-09-24 02:29:20,428 [grpc-default-executor-0] INFO  impl.RaftServerProxy (RaftServerProxy.java:addNew(89)) - 789b2ead-7118-41e6-be92-3579bc944c62: addNew group-53A3DDA39B1B:[0604b7ce-3702-4402-9f78-e4e71bac4ced:192.168.151.121:35986, 789b2ead-7118-41e6-be92-3579bc944c62:192.168.151.121:43411, 9092e767-ed58-4058-999b-a93aea9aea3f:192.168.151.121:40661] returns group-53A3DDA39B1B:java.util.concurrent.CompletableFuture@5684f428[Not completed]
2019-09-24 02:29:20,428 [grpc-default-executor-1] INFO  impl.RaftServerProxy (RaftServerProxy.java:addNew(89)) - 9092e767-ed58-4058-999b-a93aea9aea3f: addNew group-53A3DDA39B1B:[0604b7ce-3702-4402-9f78-e4e71bac4ced:192.168.151.121:35986, 789b2ead-7118-41e6-be92-3579bc944c62:192.168.151.121:43411, 9092e767-ed58-4058-999b-a93aea9aea3f:192.168.151.121:40661] returns group-53A3DDA39B1B:java.util.concurrent.CompletableFuture@d4e5252[Not completed]
2019-09-24 02:29:20,429 [pool-467-thread-1] INFO  impl.RaftServerImpl (RaftServerImpl.java:<init>(95)) - 0604b7ce-3702-4402-9f78-e4e71bac4ced: new RaftServerImpl for group-53A3DDA39B1B:[0604b7ce-3702-4402-9f78-e4e71bac4ced:192.168.151.121:35986, 789b2ead-7118-41e6-be92-3579bc944c62:192.168.151.121:43411, 9092e767-ed58-4058-999b-a93aea9aea3f:192.168.151.121:40661] with ContainerStateMachine:uninitialized
2019-09-24 02:29:20,430 [pool-467-thread-1] INFO  server.RaftServerConfigKeys (ConfUtils.java:logGet(43)) - raft.server.rpc.timeout.min = 1s (custom)
2019-09-24 02:29:20,430 [pool-467-thread-1] INFO  server.RaftServerConfigKeys (ConfUtils.java:logGet(43)) - raft.server.rpc.timeout.max = 1200ms (custom)
2019-09-24 02:29:20,430 [pool-467-thread-1] INFO  server.RaftServerConfigKeys (ConfUtils.java:logGet(43)) - raft.server.rpcslowness.timeout = 120s (custom)
2019-09-24 02:29:20,430 [pool-467-thread-1] INFO  server.RaftServerConfigKeys (ConfUtils.java:logGet(43)) - raft.server.sleep.deviation.threshold = 300 (default)
2019-09-24 02:29:20,430 [pool-467-thread-1] INFO  server.RaftServerConfigKeys (ConfUtils.java:logGet(43)) - raft.server.log.appender.install.snapshot.enabled = false (custom)
2019-09-24 02:29:20,430 [pool-467-thread-1] INFO  impl.RaftServerImpl (ServerState.java:<init>(103)) - 0604b7ce-3702-4402-9f78-e4e71bac4ced@group-53A3DDA39B1B: ConfigurationManager, init=-1: [0604b7ce-3702-4402-9f78-e4e71bac4ced:192.168.151.121:35986, 789b2ead-7118-41e6-be92-3579bc944c62:192.168.151.121:43411, 9092e767-ed58-4058-999b-a93aea9aea3f:192.168.151.121:40661], old=null, confs=<EMPTY_MAP>
2019-09-24 02:29:20,430 [pool-477-thread-1] INFO  impl.RaftServerImpl (RaftServerImpl.java:<init>(95)) - 9092e767-ed58-4058-999b-a93aea9aea3f: new RaftServerImpl for group-53A3DDA39B1B:[0604b7ce-3702-4402-9f78-e4e71bac4ced:192.168.151.121:35986, 789b2ead-7118-41e6-be92-3579bc944c62:192.168.151.121:43411, 9092e767-ed58-4058-999b-a93aea9aea3f:192.168.151.121:40661] with ContainerStateMachine:uninitialized
2019-09-24 02:29:20,431 [pool-467-thread-1] INFO  server.RaftServerConfigKeys (ConfUtils.java:logGet(43)) - raft.server.storage.dir = [/workdir/hadoop-ozone/integration-test/target/test-dir/MiniOzoneClusterImpl-e1db9d82-1fb6-48f9-8fb7-1f77219b2ee9/datanode-8/data/ratis] (custom)
2019-09-24 02:29:20,431 [pool-477-thread-1] INFO  server.RaftServerConfigKeys (ConfUtils.java:logGet(43)) - raft.server.rpc.timeout.min = 1s (custom)
2019-09-24 02:29:20,431 [pool-477-thread-1] INFO  server.RaftServerConfigKeys (ConfUtils.java:logGet(43)) - raft.server.rpc.timeout.max = 1200ms (custom)
2019-09-24 02:29:20,431 [pool-427-thread-1] INFO  impl.RaftServerImpl (RaftServerImpl.java:<init>(95)) - 789b2ead-7118-41e6-be92-3579bc944c62: new RaftServerImpl for group-53A3DDA39B1B:[0604b7ce-3702-4402-9f78-e4e71bac4ced:192.168.151.121:35986, 789b2ead-7118-41e6-be92-3579bc944c62:192.168.151.121:43411, 9092e767-ed58-4058-999b-a93aea9aea3f:192.168.151.121:40661] with ContainerStateMachine:uninitialized
2019-09-24 02:29:20,431 [pool-467-thread-1] INFO  storage.RaftStorageDirectory (RaftStorageDirectory.java:analyzeStorage(246)) - The storage directory /workdir/hadoop-ozone/integration-test/target/test-dir/MiniOzoneClusterImpl-e1db9d82-1fb6-48f9-8fb7-1f77219b2ee9/datanode-8/data/ratis/2d5f6df6-7a83-4db0-bbc8-53a3dda39b1b does not exist. Creating ...
2019-09-24 02:29:20,431 [pool-427-thread-1] INFO  server.RaftServerConfigKeys (ConfUtils.java:logGet(43)) - raft.server.rpc.timeout.min = 1s (custom)
2019-09-24 02:29:20,432 [pool-427-thread-1] INFO  server.RaftServerConfigKeys (ConfUtils.java:logGet(43)) - raft.server.rpc.timeout.max = 1200ms (custom)
2019-09-24 02:29:20,431 [pool-477-thread-1] INFO  server.RaftServerConfigKeys (ConfUtils.java:logGet(43)) - raft.server.rpcslowness.timeout = 120s (custom)
2019-09-24 02:29:20,432 [pool-427-thread-1] INFO  server.RaftServerConfigKeys (ConfUtils.java:logGet(43)) - raft.server.rpcslowness.timeout = 120s (custom)
2019-09-24 02:29:20,432 [pool-477-thread-1] INFO  server.RaftServerConfigKeys (ConfUtils.java:logGet(43)) - raft.server.sleep.deviation.threshold = 300 (default)
2019-09-24 02:29:20,432 [pool-427-thread-1] INFO  server.RaftServerConfigKeys (ConfUtils.java:logGet(43)) - raft.server.sleep.deviation.threshold = 300 (default)
2019-09-24 02:29:20,433 [pool-477-thread-1] INFO  server.RaftServerConfigKeys (ConfUtils.java:logGet(43)) - raft.server.log.appender.install.snapshot.enabled = false (custom)
2019-09-24 02:29:20,433 [pool-427-thread-1] INFO  server.RaftServerConfigKeys (ConfUtils.java:logGet(43)) - raft.server.log.appender.install.snapshot.enabled = false (custom)
2019-09-24 02:29:20,433 [pool-477-thread-1] INFO  impl.RaftServerImpl (ServerState.java:<init>(103)) - 9092e767-ed58-4058-999b-a93aea9aea3f@group-53A3DDA39B1B: ConfigurationManager, init=-1: [0604b7ce-3702-4402-9f78-e4e71bac4ced:192.168.151.121:35986, 789b2ead-7118-41e6-be92-3579bc944c62:192.168.151.121:43411, 9092e767-ed58-4058-999b-a93aea9aea3f:192.168.151.121:40661], old=null, confs=<EMPTY_MAP>
2019-09-24 02:29:20,433 [pool-427-thread-1] INFO  impl.RaftServerImpl (ServerState.java:<init>(103)) - 789b2ead-7118-41e6-be92-3579bc944c62@group-53A3DDA39B1B: ConfigurationManager, init=-1: [0604b7ce-3702-4402-9f78-e4e71bac4ced:192.168.151.121:35986, 789b2ead-7118-41e6-be92-3579bc944c62:192.168.151.121:43411, 9092e767-ed58-4058-999b-a93aea9aea3f:192.168.151.121:40661], old=null, confs=<EMPTY_MAP>
2019-09-24 02:29:20,433 [pool-477-thread-1] INFO  server.RaftServerConfigKeys (ConfUtils.java:logGet(43)) - raft.server.storage.dir = [/workdir/hadoop-ozone/integration-test/target/test-dir/MiniOzoneClusterImpl-e1db9d82-1fb6-48f9-8fb7-1f77219b2ee9/datanode-9/data/ratis] (custom)
2019-09-24 02:29:20,433 [pool-427-thread-1] INFO  server.RaftServerConfigKeys (ConfUtils.java:logGet(43)) - raft.server.storage.dir = [/workdir/hadoop-ozone/integration-test/target/test-dir/MiniOzoneClusterImpl-e1db9d82-1fb6-48f9-8fb7-1f77219b2ee9/datanode-4/data/ratis] (custom)
2019-09-24 02:29:20,434 [pool-477-thread-1] INFO  storage.RaftStorageDirectory (RaftStorageDirectory.java:analyzeStorage(246)) - The storage directory /workdir/hadoop-ozone/integration-test/target/test-dir/MiniOzoneClusterImpl-e1db9d82-1fb6-48f9-8fb7-1f77219b2ee9/datanode-9/data/ratis/2d5f6df6-7a83-4db0-bbc8-53a3dda39b1b does not exist. Creating ...
2019-09-24 02:29:20,434 [pool-427-thread-1] INFO  storage.RaftStorageDirectory (RaftStorageDirectory.java:analyzeStorage(246)) - The storage directory /workdir/hadoop-ozone/integration-test/target/test-dir/MiniOzoneClusterImpl-e1db9d82-1fb6-48f9-8fb7-1f77219b2ee9/datanode-4/data/ratis/2d5f6df6-7a83-4db0-bbc8-53a3dda39b1b does not exist. Creating ...
2019-09-24 02:29:20,445 [pool-427-thread-1] INFO  storage.RaftStorageDirectory (RaftStorageDirectory.java:tryLock(328)) - Lock on /workdir/hadoop-ozone/integration-test/target/test-dir/MiniOzoneClusterImpl-e1db9d82-1fb6-48f9-8fb7-1f77219b2ee9/datanode-4/data/ratis/2d5f6df6-7a83-4db0-bbc8-53a3dda39b1b/in_use.lock acquired by nodename 30927@pr-hdds-2162-tjkd5-3209850126
2019-09-24 02:29:20,445 [pool-467-thread-1] INFO  storage.RaftStorageDirectory (RaftStorageDirectory.java:tryLock(328)) - Lock on /workdir/hadoop-ozone/integration-test/target/test-dir/MiniOzoneClusterImpl-e1db9d82-1fb6-48f9-8fb7-1f77219b2ee9/datanode-8/data/ratis/2d5f6df6-7a83-4db0-bbc8-53a3dda39b1b/in_use.lock acquired by nodename 30927@pr-hdds-2162-tjkd5-3209850126
2019-09-24 02:29:20,445 [pool-477-thread-1] INFO  storage.RaftStorageDirectory (RaftStorageDirectory.java:tryLock(328)) - Lock on /workdir/hadoop-ozone/integration-test/target/test-dir/MiniOzoneClusterImpl-e1db9d82-1fb6-48f9-8fb7-1f77219b2ee9/datanode-9/data/ratis/2d5f6df6-7a83-4db0-bbc8-53a3dda39b1b/in_use.lock acquired by nodename 30927@pr-hdds-2162-tjkd5-3209850126
2019-09-24 02:29:20,472 [pool-427-thread-1] INFO  storage.RaftStorage (RaftStorage.java:format(72)) - Storage directory /workdir/hadoop-ozone/integration-test/target/test-dir/MiniOzoneClusterImpl-e1db9d82-1fb6-48f9-8fb7-1f77219b2ee9/datanode-4/data/ratis/2d5f6df6-7a83-4db0-bbc8-53a3dda39b1b has been successfully formatted.
2019-09-24 02:29:20,472 [pool-477-thread-1] INFO  storage.RaftStorage (RaftStorage.java:format(72)) - Storage directory /workdir/hadoop-ozone/integration-test/target/test-dir/MiniOzoneClusterImpl-e1db9d82-1fb6-48f9-8fb7-1f77219b2ee9/datanode-9/data/ratis/2d5f6df6-7a83-4db0-bbc8-53a3dda39b1b has been successfully formatted.
2019-09-24 02:29:20,472 [pool-467-thread-1] INFO  storage.RaftStorage (RaftStorage.java:format(72)) - Storage directory /workdir/hadoop-ozone/integration-test/target/test-dir/MiniOzoneClusterImpl-e1db9d82-1fb6-48f9-8fb7-1f77219b2ee9/datanode-8/data/ratis/2d5f6df6-7a83-4db0-bbc8-53a3dda39b1b has been successfully formatted.
2019-09-24 02:29:20,472 [pool-477-thread-1] INFO  ratis.ContainerStateMachine (ContainerStateMachine.java:loadSnapshot(230)) - group-53A3DDA39B1B: The snapshot info is null. Setting the last applied indexto:(t:0, i:~)
2019-09-24 02:29:20,472 [pool-427-thread-1] INFO  ratis.ContainerStateMachine (ContainerStateMachine.java:loadSnapshot(230)) - group-53A3DDA39B1B: The snapshot info is null. Setting the last applied indexto:(t:0, i:~)
2019-09-24 02:29:20,473 [pool-477-thread-1] INFO  server.RaftServerConfigKeys (ConfUtils.java:logGet(43)) - raft.server.notification.no-leader.timeout = 120s (custom)
2019-09-24 02:29:20,473 [pool-467-thread-1] INFO  ratis.ContainerStateMachine (ContainerStateMachine.java:loadSnapshot(230)) - group-53A3DDA39B1B: The snapshot info is null. Setting the last applied indexto:(t:0, i:~)
2019-09-24 02:29:20,473 [pool-477-thread-1] INFO  server.RaftServerConfigKeys (ConfUtils.java:logGet(43)) - raft.server.log.use.memory = false (default)
2019-09-24 02:29:20,473 [pool-427-thread-1] INFO  server.RaftServerConfigKeys (ConfUtils.java:logGet(43)) - raft.server.notification.no-leader.timeout = 120s (custom)
2019-09-24 02:29:20,473 [pool-477-thread-1] INFO  server.RaftServerConfigKeys (ConfUtils.java:logGet(43)) - raft.server.log.purge.gap = 1000000 (custom)
2019-09-24 02:29:20,473 [pool-467-thread-1] INFO  server.RaftServerConfigKeys (ConfUtils.java:logGet(43)) - raft.server.notification.no-leader.timeout = 120s (custom)
2019-09-24 02:29:20,474 [pool-477-thread-1] INFO  server.RaftServerConfigKeys (ConfUtils.java:logGet(43)) - raft.server.log.appender.buffer.byte-limit = 33554432 (custom)
2019-09-24 02:29:20,473 [pool-427-thread-1] INFO  server.RaftServerConfigKeys (ConfUtils.java:logGet(43)) - raft.server.log.use.memory = false (default)
2019-09-24 02:29:20,474 [pool-477-thread-1] INFO  server.RaftServerConfigKeys (ConfUtils.java:logGet(43)) - raft.server.log.segment.size.max = 1048576 (custom)
2019-09-24 02:29:20,474 [pool-467-thread-1] INFO  server.RaftServerConfigKeys (ConfUtils.java:logGet(43)) - raft.server.log.use.memory = false (default)
2019-09-24 02:29:20,474 [pool-477-thread-1] INFO  server.RaftServerConfigKeys (ConfUtils.java:logGet(43)) - raft.server.log.segment.cache.num.max = 2 (custom)
2019-09-24 02:29:20,474 [pool-427-thread-1] INFO  server.RaftServerConfigKeys (ConfUtils.java:logGet(43)) - raft.server.log.purge.gap = 1000000 (custom)
2019-09-24 02:29:20,475 [pool-477-thread-1] INFO  segmented.SegmentedRaftLogWorker (SegmentedRaftLogWorker.java:<init>(172)) - new 9092e767-ed58-4058-999b-a93aea9aea3f@group-53A3DDA39B1B-SegmentedRaftLogWorker for RaftStorage:Storage Directory /workdir/hadoop-ozone/integration-test/target/test-dir/MiniOzoneClusterImpl-e1db9d82-1fb6-48f9-8fb7-1f77219b2ee9/datanode-9/data/ratis/2d5f6df6-7a83-4db0-bbc8-53a3dda39b1b
2019-09-24 02:29:20,474 [pool-467-thread-1] INFO  server.RaftServerConfigKeys (ConfUtils.java:logGet(43)) - raft.server.log.purge.gap = 1000000 (custom)
2019-09-24 02:29:20,475 [pool-477-thread-1] INFO  server.RaftServerConfigKeys (ConfUtils.java:logGet(43)) - raft.server.log.queue.byte-limit = 2147483647 (custom)
2019-09-24 02:29:20,475 [pool-427-thread-1] INFO  server.RaftServerConfigKeys (ConfUtils.java:logGet(43)) - raft.server.log.appender.buffer.byte-limit = 33554432 (custom)
2019-09-24 02:29:20,475 [pool-477-thread-1] INFO  server.RaftServerConfigKeys (ConfUtils.java:logGet(43)) - raft.server.log.queue.element-limit = 1024 (custom)
2019-09-24 02:29:20,475 [pool-467-thread-1] INFO  server.RaftServerConfigKeys (ConfUtils.java:logGet(43)) - raft.server.log.appender.buffer.byte-limit = 33554432 (custom)
2019-09-24 02:29:20,476 [pool-477-thread-1] INFO  server.RaftServerConfigKeys (ConfUtils.java:logGet(43)) - raft.server.log.segment.size.max = 1048576 (custom)
2019-09-24 02:29:20,476 [pool-427-thread-1] INFO  server.RaftServerConfigKeys (ConfUtils.java:logGet(43)) - raft.server.log.segment.size.max = 1048576 (custom)
2019-09-24 02:29:20,476 [pool-477-thread-1] INFO  server.RaftServerConfigKeys (ConfUtils.java:logGet(43)) - raft.server.log.preallocated.size = 16384 (custom)
2019-09-24 02:29:20,476 [pool-467-thread-1] INFO  server.RaftServerConfigKeys (ConfUtils.java:logGet(43)) - raft.server.log.segment.size.max = 1048576 (custom)
2019-09-24 02:29:20,476 [pool-477-thread-1] INFO  server.RaftServerConfigKeys (ConfUtils.java:logGet(43)) - raft.server.log.write.buffer.size = 33554432 (custom)
2019-09-24 02:29:20,476 [pool-427-thread-1] INFO  server.RaftServerConfigKeys (ConfUtils.java:logGet(43)) - raft.server.log.segment.cache.num.max = 2 (custom)
2019-09-24 02:29:20,477 [pool-477-thread-1] INFO  server.RaftServerConfigKeys (ConfUtils.java:logGet(43)) - raft.server.log.force.sync.num = 128 (default)
2019-09-24 02:29:20,477 [pool-467-thread-1] INFO  server.RaftServerConfigKeys (ConfUtils.java:logGet(43)) - raft.server.log.segment.cache.num.max = 2 (custom)
2019-09-24 02:29:20,477 [pool-477-thread-1] INFO  server.RaftServerConfigKeys (ConfUtils.java:logGet(43)) - raft.server.log.statemachine.data.sync = true (default)
2019-09-24 02:29:20,478 [pool-477-thread-1] INFO  server.RaftServerConfigKeys (ConfUtils.java:logGet(43)) - raft.server.log.statemachine.data.sync.timeout = 10s (default)
2019-09-24 02:29:20,477 [pool-427-thread-1] INFO  segmented.SegmentedRaftLogWorker (SegmentedRaftLogWorker.java:<init>(172)) - new 789b2ead-7118-41e6-be92-3579bc944c62@group-53A3DDA39B1B-SegmentedRaftLogWorker for RaftStorage:Storage Directory /workdir/hadoop-ozone/integration-test/target/test-dir/MiniOzoneClusterImpl-e1db9d82-1fb6-48f9-8fb7-1f77219b2ee9/datanode-4/data/ratis/2d5f6df6-7a83-4db0-bbc8-53a3dda39b1b
2019-09-24 02:29:20,478 [pool-477-thread-1] INFO  server.RaftServerConfigKeys (ConfUtils.java:logGet(43)) - raft.server.log.statemachine.data.sync.timeout.retry = -1 (default)
2019-09-24 02:29:20,477 [pool-467-thread-1] INFO  segmented.SegmentedRaftLogWorker (SegmentedRaftLogWorker.java:<init>(172)) - new 0604b7ce-3702-4402-9f78-e4e71bac4ced@group-53A3DDA39B1B-SegmentedRaftLogWorker for RaftStorage:Storage Directory /workdir/hadoop-ozone/integration-test/target/test-dir/MiniOzoneClusterImpl-e1db9d82-1fb6-48f9-8fb7-1f77219b2ee9/datanode-8/data/ratis/2d5f6df6-7a83-4db0-bbc8-53a3dda39b1b
2019-09-24 02:29:20,478 [pool-477-thread-1] INFO  server.RaftServerConfigKeys (ConfUtils.java:logGet(43)) - raft.server.log.statemachine.data.caching.enabled = true (custom)
2019-09-24 02:29:20,478 [pool-427-thread-1] INFO  server.RaftServerConfigKeys (ConfUtils.java:logGet(43)) - raft.server.log.queue.byte-limit = 2147483647 (custom)
2019-09-24 02:29:20,478 [pool-467-thread-1] INFO  server.RaftServerConfigKeys (ConfUtils.java:logGet(43)) - raft.server.log.queue.byte-limit = 2147483647 (custom)
2019-09-24 02:29:20,479 [pool-477-thread-1] INFO  segmented.SegmentedRaftLogWorker (SegmentedRaftLogWorker.java:lambda$new$0(132)) - 9092e767-ed58-4058-999b-a93aea9aea3f@group-53A3DDA39B1B-SegmentedRaftLogWorker: flushIndex: setUnconditionally 0 -> -1
2019-09-24 02:29:20,479 [pool-427-thread-1] INFO  server.RaftServerConfigKeys (ConfUtils.java:logGet(43)) - raft.server.log.queue.element-limit = 1024 (custom)
2019-09-24 02:29:20,479 [pool-467-thread-1] INFO  server.RaftServerConfigKeys (ConfUtils.java:logGet(43)) - raft.server.log.queue.element-limit = 1024 (custom)
2019-09-24 02:29:20,479 [pool-427-thread-1] INFO  server.RaftServerConfigKeys (ConfUtils.java:logGet(43)) - raft.server.log.segment.size.max = 1048576 (custom)
2019-09-24 02:29:20,479 [pool-477-thread-1] INFO  server.RaftServerConfigKeys (ConfUtils.java:logGet(43)) - raft.server.snapshot.auto.trigger.enabled = true (custom)
2019-09-24 02:29:20,480 [pool-427-thread-1] INFO  server.RaftServerConfigKeys (ConfUtils.java:logGet(43)) - raft.server.log.preallocated.size = 16384 (custom)
2019-09-24 02:29:20,479 [pool-467-thread-1] INFO  server.RaftServerConfigKeys (ConfUtils.java:logGet(43)) - raft.server.log.segment.size.max = 1048576 (custom)
2019-09-24 02:29:20,480 [pool-427-thread-1] INFO  server.RaftServerConfigKeys (ConfUtils.java:logGet(43)) - raft.server.log.write.buffer.size = 33554432 (custom)
2019-09-24 02:29:20,480 [pool-477-thread-1] INFO  server.RaftServerConfigKeys (ConfUtils.java:logGet(43)) - raft.server.snapshot.auto.trigger.threshold = 10000 (custom)
2019-09-24 02:29:20,480 [pool-427-thread-1] INFO  server.RaftServerConfigKeys (ConfUtils.java:logGet(43)) - raft.server.log.force.sync.num = 128 (default)
2019-09-24 02:29:20,480 [pool-467-thread-1] INFO  server.RaftServerConfigKeys (ConfUtils.java:logGet(43)) - raft.server.log.preallocated.size = 16384 (custom)
2019-09-24 02:29:20,481 [pool-427-thread-1] INFO  server.RaftServerConfigKeys (ConfUtils.java:logGet(43)) - raft.server.log.statemachine.data.sync = true (default)
2019-09-24 02:29:20,480 [pool-477-thread-1] INFO  server.RaftServerConfigKeys (ConfUtils.java:logGet(43)) - raft.server.snapshot.retention.num.files = 5 (custom)
2019-09-24 02:29:20,481 [pool-427-thread-1] INFO  server.RaftServerConfigKeys (ConfUtils.java:logGet(43)) - raft.server.log.statemachine.data.sync.timeout = 10s (default)
2019-09-24 02:29:20,481 [pool-467-thread-1] INFO  server.RaftServerConfigKeys (ConfUtils.java:logGet(43)) - raft.server.log.write.buffer.size = 33554432 (custom)
2019-09-24 02:29:20,481 [pool-427-thread-1] INFO  server.RaftServerConfigKeys (ConfUtils.java:logGet(43)) - raft.server.log.statemachine.data.sync.timeout.retry = -1 (default)
2019-09-24 02:29:20,481 [pool-477-thread-1] INFO  server.RaftServerConfigKeys (ConfUtils.java:logGet(43)) - raft.server.retrycache.expirytime = 600000ms (custom)
2019-09-24 02:29:20,482 [pool-427-thread-1] INFO  server.RaftServerConfigKeys (ConfUtils.java:logGet(43)) - raft.server.log.statemachine.data.caching.enabled = true (custom)
2019-09-24 02:29:20,481 [pool-467-thread-1] INFO  server.RaftServerConfigKeys (ConfUtils.java:logGet(43)) - raft.server.log.force.sync.num = 128 (default)
2019-09-24 02:29:20,482 [pool-467-thread-1] INFO  server.RaftServerConfigKeys (ConfUtils.java:logGet(43)) - raft.server.log.statemachine.data.sync = true (default)
2019-09-24 02:29:20,482 [pool-467-thread-1] INFO  server.RaftServerConfigKeys (ConfUtils.java:logGet(43)) - raft.server.log.statemachine.data.sync.timeout = 10s (default)
2019-09-24 02:29:20,482 [pool-467-thread-1] INFO  server.RaftServerConfigKeys (ConfUtils.java:logGet(43)) - raft.server.log.statemachine.data.sync.timeout.retry = -1 (default)
2019-09-24 02:29:20,482 [pool-427-thread-1] INFO  segmented.SegmentedRaftLogWorker (SegmentedRaftLogWorker.java:lambda$new$0(132)) - 789b2ead-7118-41e6-be92-3579bc944c62@group-53A3DDA39B1B-SegmentedRaftLogWorker: flushIndex: setUnconditionally 0 -> -1
2019-09-24 02:29:20,483 [pool-467-thread-1] INFO  server.RaftServerConfigKeys (ConfUtils.java:logGet(43)) - raft.server.log.statemachine.data.caching.enabled = true (custom)
2019-09-24 02:29:20,483 [pool-427-thread-1] INFO  server.RaftServerConfigKeys (ConfUtils.java:logGet(43)) - raft.server.snapshot.auto.trigger.enabled = true (custom)
2019-09-24 02:29:20,483 [pool-467-thread-1] INFO  segmented.SegmentedRaftLogWorker (SegmentedRaftLogWorker.java:lambda$new$0(132)) - 0604b7ce-3702-4402-9f78-e4e71bac4ced@group-53A3DDA39B1B-SegmentedRaftLogWorker: flushIndex: setUnconditionally 0 -> -1
2019-09-24 02:29:20,483 [pool-427-thread-1] INFO  server.RaftServerConfigKeys (ConfUtils.java:logGet(43)) - raft.server.snapshot.auto.trigger.threshold = 10000 (custom)
2019-09-24 02:29:20,484 [pool-427-thread-1] INFO  server.RaftServerConfigKeys (ConfUtils.java:logGet(43)) - raft.server.snapshot.retention.num.files = 5 (custom)
2019-09-24 02:29:20,484 [pool-467-thread-1] INFO  server.RaftServerConfigKeys (ConfUtils.java:logGet(43)) - raft.server.snapshot.auto.trigger.enabled = true (custom)
2019-09-24 02:29:20,484 [pool-427-thread-1] INFO  server.RaftServerConfigKeys (ConfUtils.java:logGet(43)) - raft.server.retrycache.expirytime = 600000ms (custom)
2019-09-24 02:29:20,484 [pool-467-thread-1] INFO  server.RaftServerConfigKeys (ConfUtils.java:logGet(43)) - raft.server.snapshot.auto.trigger.threshold = 10000 (custom)
2019-09-24 02:29:20,484 [pool-467-thread-1] INFO  server.RaftServerConfigKeys (ConfUtils.java:logGet(43)) - raft.server.snapshot.retention.num.files = 5 (custom)
2019-09-24 02:29:20,484 [pool-467-thread-1] INFO  server.RaftServerConfigKeys (ConfUtils.java:logGet(43)) - raft.server.retrycache.expirytime = 600000ms (custom)
2019-09-24 02:29:20,484 [pool-477-thread-1] INFO  impl.RaftServerImpl (RaftServerImpl.java:start(185)) - 9092e767-ed58-4058-999b-a93aea9aea3f@group-53A3DDA39B1B: start as a follower, conf=-1: [0604b7ce-3702-4402-9f78-e4e71bac4ced:192.168.151.121:35986, 789b2ead-7118-41e6-be92-3579bc944c62:192.168.151.121:43411, 9092e767-ed58-4058-999b-a93aea9aea3f:192.168.151.121:40661], old=null
2019-09-24 02:29:20,485 [pool-477-thread-1] INFO  impl.RaftServerImpl (RaftServerImpl.java:setRole(174)) - 9092e767-ed58-4058-999b-a93aea9aea3f@group-53A3DDA39B1B: changes role from      null to FOLLOWER at term 0 for startAsFollower
2019-09-24 02:29:20,485 [pool-477-thread-1] INFO  impl.RoleInfo (RoleInfo.java:updateAndGet(143)) - 9092e767-ed58-4058-999b-a93aea9aea3f: start FollowerState
2019-09-24 02:29:20,486 [pool-477-thread-1] INFO  util.JmxRegister (JmxRegister.java:tryRegister(44)) - Successfully registered JMX Bean with object name Ratis:service=RaftServer,group=group-53A3DDA39B1B,id=9092e767-ed58-4058-999b-a93aea9aea3f
2019-09-24 02:29:20,491 [pool-427-thread-1] INFO  impl.RaftServerImpl (RaftServerImpl.java:start(185)) - 789b2ead-7118-41e6-be92-3579bc944c62@group-53A3DDA39B1B: start as a follower, conf=-1: [0604b7ce-3702-4402-9f78-e4e71bac4ced:192.168.151.121:35986, 789b2ead-7118-41e6-be92-3579bc944c62:192.168.151.121:43411, 9092e767-ed58-4058-999b-a93aea9aea3f:192.168.151.121:40661], old=null
2019-09-24 02:29:20,491 [pool-467-thread-1] INFO  impl.RaftServerImpl (RaftServerImpl.java:start(185)) - 0604b7ce-3702-4402-9f78-e4e71bac4ced@group-53A3DDA39B1B: start as a follower, conf=-1: [0604b7ce-3702-4402-9f78-e4e71bac4ced:192.168.151.121:35986, 789b2ead-7118-41e6-be92-3579bc944c62:192.168.151.121:43411, 9092e767-ed58-4058-999b-a93aea9aea3f:192.168.151.121:40661], old=null
2019-09-24 02:29:20,491 [pool-427-thread-1] INFO  impl.RaftServerImpl (RaftServerImpl.java:setRole(174)) - 789b2ead-7118-41e6-be92-3579bc944c62@group-53A3DDA39B1B: changes role from      null to FOLLOWER at term 0 for startAsFollower
2019-09-24 02:29:20,491 [pool-467-thread-1] INFO  impl.RaftServerImpl (RaftServerImpl.java:setRole(174)) - 0604b7ce-3702-4402-9f78-e4e71bac4ced@group-53A3DDA39B1B: changes role from      null to FOLLOWER at term 0 for startAsFollower
2019-09-24 02:29:20,491 [pool-427-thread-1] INFO  impl.RoleInfo (RoleInfo.java:updateAndGet(143)) - 789b2ead-7118-41e6-be92-3579bc944c62: start FollowerState
2019-09-24 02:29:20,491 [pool-467-thread-1] INFO  impl.RoleInfo (RoleInfo.java:updateAndGet(143)) - 0604b7ce-3702-4402-9f78-e4e71bac4ced: start FollowerState
2019-09-24 02:29:20,492 [pool-427-thread-1] INFO  util.JmxRegister (JmxRegister.java:tryRegister(44)) - Successfully registered JMX Bean with object name Ratis:service=RaftServer,group=group-53A3DDA39B1B,id=789b2ead-7118-41e6-be92-3579bc944c62
2019-09-24 02:29:20,492 [pool-467-thread-1] INFO  util.JmxRegister (JmxRegister.java:tryRegister(44)) - Successfully registered JMX Bean with object name Ratis:service=RaftServer,group=group-53A3DDA39B1B,id=0604b7ce-3702-4402-9f78-e4e71bac4ced
2019-09-24 02:29:20,503 [RatisPipelineUtilsThread] INFO  pipeline.PipelineStateManager (PipelineStateManager.java:addPipeline(56)) - Created pipeline Pipeline[ Id: 2d5f6df6-7a83-4db0-bbc8-53a3dda39b1b, Nodes: 9092e767-ed58-4058-999b-a93aea9aea3f{ip: 192.168.151.121, host: pr-hdds-2162-tjkd5-3209850126, networkLocation: /rack1, certSerialId: null}0604b7ce-3702-4402-9f78-e4e71bac4ced{ip: 192.168.151.121, host: pr-hdds-2162-tjkd5-3209850126, networkLocation: /rack1, certSerialId: null}789b2ead-7118-41e6-be92-3579bc944c62{ip: 192.168.151.121, host: pr-hdds-2162-tjkd5-3209850126, networkLocation: /rack1, certSerialId: null}, Type:RATIS, Factor:THREE, State:OPEN]
2019-09-24 02:29:20,518 [grpc-default-executor-1] INFO  impl.RaftServerProxy (RaftServerProxy.java:addNew(89)) - 8f38fc7d-5394-40fc-bec2-62867055670b: addNew group-180818D803C5:[802dd090-3361-4aa9-ab79-78a8dffa1107:192.168.151.121:38747, 8f38fc7d-5394-40fc-bec2-62867055670b:192.168.151.121:45951, 0bec04af-c60a-441b-9562-0d7467eb7c58:192.168.151.121:44318] returns group-180818D803C5:java.util.concurrent.CompletableFuture@38c76e33[Not completed]
2019-09-24 02:29:20,518 [grpc-default-executor-0] INFO  impl.RaftServerProxy (RaftServerProxy.java:addNew(89)) - 0bec04af-c60a-441b-9562-0d7467eb7c58: addNew group-180818D803C5:[802dd090-3361-4aa9-ab79-78a8dffa1107:192.168.151.121:38747, 8f38fc7d-5394-40fc-bec2-62867055670b:192.168.151.121:45951, 0bec04af-c60a-441b-9562-0d7467eb7c58:192.168.151.121:44318] returns group-180818D803C5:java.util.concurrent.CompletableFuture@38a7740d[Not completed]
2019-09-24 02:29:20,518 [grpc-default-executor-2] INFO  impl.RaftServerProxy (RaftServerProxy.java:addNew(89)) - 802dd090-3361-4aa9-ab79-78a8dffa1107: addNew group-180818D803C5:[802dd090-3361-4aa9-ab79-78a8dffa1107:192.168.151.121:38747, 8f38fc7d-5394-40fc-bec2-62867055670b:192.168.151.121:45951, 0bec04af-c60a-441b-9562-0d7467eb7c58:192.168.151.121:44318] returns group-180818D803C5:java.util.concurrent.CompletableFuture@65414ddf[Not completed]
2019-09-24 02:29:20,523 [pool-437-thread-1] INFO  impl.RaftServerImpl (RaftServerImpl.java:<init>(95)) - 802dd090-3361-4aa9-ab79-78a8dffa1107: new RaftServerImpl for group-180818D803C5:[802dd090-3361-4aa9-ab79-78a8dffa1107:192.168.151.121:38747, 8f38fc7d-5394-40fc-bec2-62867055670b:192.168.151.121:45951, 0bec04af-c60a-441b-9562-0d7467eb7c58:192.168.151.121:44318] with ContainerStateMachine:uninitialized
2019-09-24 02:29:20,523 [pool-437-thread-1] INFO  server.RaftServerConfigKeys (ConfUtils.java:logGet(43)) - raft.server.rpc.timeout.min = 1s (custom)
2019-09-24 02:29:20,523 [pool-437-thread-1] INFO  server.RaftServerConfigKeys (ConfUtils.java:logGet(43)) - raft.server.rpc.timeout.max = 1200ms (custom)
2019-09-24 02:29:20,524 [pool-437-thread-1] INFO  server.RaftServerConfigKeys (ConfUtils.java:logGet(43)) - raft.server.rpcslowness.timeout = 120s (custom)
2019-09-24 02:29:20,524 [pool-437-thread-1] INFO  server.RaftServerConfigKeys (ConfUtils.java:logGet(43)) - raft.server.sleep.deviation.threshold = 300 (default)
2019-09-24 02:29:20,524 [pool-437-thread-1] INFO  server.RaftServerConfigKeys (ConfUtils.java:logGet(43)) - raft.server.log.appender.install.snapshot.enabled = false (custom)
2019-09-24 02:29:20,524 [pool-417-thread-1] INFO  impl.RaftServerImpl (RaftServerImpl.java:<init>(95)) - 8f38fc7d-5394-40fc-bec2-62867055670b: new RaftServerImpl for group-180818D803C5:[802dd090-3361-4aa9-ab79-78a8dffa1107:192.168.151.121:38747, 8f38fc7d-5394-40fc-bec2-62867055670b:192.168.151.121:45951, 0bec04af-c60a-441b-9562-0d7467eb7c58:192.168.151.121:44318] with ContainerStateMachine:uninitialized
2019-09-24 02:29:20,524 [pool-437-thread-1] INFO  impl.RaftServerImpl (ServerState.java:<init>(103)) - 802dd090-3361-4aa9-ab79-78a8dffa1107@group-180818D803C5: ConfigurationManager, init=-1: [802dd090-3361-4aa9-ab79-78a8dffa1107:192.168.151.121:38747, 8f38fc7d-5394-40fc-bec2-62867055670b:192.168.151.121:45951, 0bec04af-c60a-441b-9562-0d7467eb7c58:192.168.151.121:44318], old=null, confs=<EMPTY_MAP>
2019-09-24 02:29:20,524 [pool-417-thread-1] INFO  server.RaftServerConfigKeys (ConfUtils.java:logGet(43)) - raft.server.rpc.timeout.min = 1s (custom)
2019-09-24 02:29:20,525 [pool-447-thread-1] INFO  impl.RaftServerImpl (RaftServerImpl.java:<init>(95)) - 0bec04af-c60a-441b-9562-0d7467eb7c58: new RaftServerImpl for group-180818D803C5:[802dd090-3361-4aa9-ab79-78a8dffa1107:192.168.151.121:38747, 8f38fc7d-5394-40fc-bec2-62867055670b:192.168.151.121:45951, 0bec04af-c60a-441b-9562-0d7467eb7c58:192.168.151.121:44318] with ContainerStateMachine:uninitialized
2019-09-24 02:29:20,525 [pool-437-thread-1] INFO  server.RaftServerConfigKeys (ConfUtils.java:logGet(43)) - raft.server.storage.dir = [/workdir/hadoop-ozone/integration-test/target/test-dir/MiniOzoneClusterImpl-e1db9d82-1fb6-48f9-8fb7-1f77219b2ee9/datanode-5/data/ratis] (custom)
2019-09-24 02:29:20,525 [pool-447-thread-1] INFO  server.RaftServerConfigKeys (ConfUtils.java:logGet(43)) - raft.server.rpc.timeout.min = 1s (custom)
2019-09-24 02:29:20,525 [pool-417-thread-1] INFO  server.RaftServerConfigKeys (ConfUtils.java:logGet(43)) - raft.server.rpc.timeout.max = 1200ms (custom)
2019-09-24 02:29:20,525 [pool-447-thread-1] INFO  server.RaftServerConfigKeys (ConfUtils.java:logGet(43)) - raft.server.rpc.timeout.max = 1200ms (custom)
2019-09-24 02:29:20,525 [pool-417-thread-1] INFO  server.RaftServerConfigKeys (ConfUtils.java:logGet(43)) - raft.server.rpcslowness.timeout = 120s (custom)
2019-09-24 02:29:20,525 [pool-437-thread-1] INFO  storage.RaftStorageDirectory (RaftStorageDirectory.java:analyzeStorage(246)) - The storage directory /workdir/hadoop-ozone/integration-test/target/test-dir/MiniOzoneClusterImpl-e1db9d82-1fb6-48f9-8fb7-1f77219b2ee9/datanode-5/data/ratis/e37daa17-9f31-4a0b-bf59-180818d803c5 does not exist. Creating ...
2019-09-24 02:29:20,526 [pool-417-thread-1] INFO  server.RaftServerConfigKeys (ConfUtils.java:logGet(43)) - raft.server.sleep.deviation.threshold = 300 (default)
2019-09-24 02:29:20,526 [pool-447-thread-1] INFO  server.RaftServerConfigKeys (ConfUtils.java:logGet(43)) - raft.server.rpcslowness.timeout = 120s (custom)
2019-09-24 02:29:20,526 [pool-417-thread-1] INFO  server.RaftServerConfigKeys (ConfUtils.java:logGet(43)) - raft.server.log.appender.install.snapshot.enabled = false (custom)
2019-09-24 02:29:20,526 [pool-447-thread-1] INFO  server.RaftServerConfigKeys (ConfUtils.java:logGet(43)) - raft.server.sleep.deviation.threshold = 300 (default)
2019-09-24 02:29:20,526 [pool-417-thread-1] INFO  impl.RaftServerImpl (ServerState.java:<init>(103)) - 8f38fc7d-5394-40fc-bec2-62867055670b@group-180818D803C5: ConfigurationManager, init=-1: [802dd090-3361-4aa9-ab79-78a8dffa1107:192.168.151.121:38747, 8f38fc7d-5394-40fc-bec2-62867055670b:192.168.151.121:45951, 0bec04af-c60a-441b-9562-0d7467eb7c58:192.168.151.121:44318], old=null, confs=<EMPTY_MAP>
2019-09-24 02:29:20,527 [pool-447-thread-1] INFO  server.RaftServerConfigKeys (ConfUtils.java:logGet(43)) - raft.server.log.appender.install.snapshot.enabled = false (custom)
2019-09-24 02:29:20,527 [pool-417-thread-1] INFO  server.RaftServerConfigKeys (ConfUtils.java:logGet(43)) - raft.server.storage.dir = [/workdir/hadoop-ozone/integration-test/target/test-dir/MiniOzoneClusterImpl-e1db9d82-1fb6-48f9-8fb7-1f77219b2ee9/datanode-3/data/ratis] (custom)
2019-09-24 02:29:20,527 [pool-447-thread-1] INFO  impl.RaftServerImpl (ServerState.java:<init>(103)) - 0bec04af-c60a-441b-9562-0d7467eb7c58@group-180818D803C5: ConfigurationManager, init=-1: [802dd090-3361-4aa9-ab79-78a8dffa1107:192.168.151.121:38747, 8f38fc7d-5394-40fc-bec2-62867055670b:192.168.151.121:45951, 0bec04af-c60a-441b-9562-0d7467eb7c58:192.168.151.121:44318], old=null, confs=<EMPTY_MAP>
2019-09-24 02:29:20,527 [pool-447-thread-1] INFO  server.RaftServerConfigKeys (ConfUtils.java:logGet(43)) - raft.server.storage.dir = [/workdir/hadoop-ozone/integration-test/target/test-dir/MiniOzoneClusterImpl-e1db9d82-1fb6-48f9-8fb7-1f77219b2ee9/datanode-6/data/ratis] (custom)
2019-09-24 02:29:20,527 [pool-417-thread-1] INFO  storage.RaftStorageDirectory (RaftStorageDirectory.java:analyzeStorage(246)) - The storage directory /workdir/hadoop-ozone/integration-test/target/test-dir/MiniOzoneClusterImpl-e1db9d82-1fb6-48f9-8fb7-1f77219b2ee9/datanode-3/data/ratis/e37daa17-9f31-4a0b-bf59-180818d803c5 does not exist. Creating ...
2019-09-24 02:29:20,528 [pool-447-thread-1] INFO  storage.RaftStorageDirectory (RaftStorageDirectory.java:analyzeStorage(246)) - The storage directory /workdir/hadoop-ozone/integration-test/target/test-dir/MiniOzoneClusterImpl-e1db9d82-1fb6-48f9-8fb7-1f77219b2ee9/datanode-6/data/ratis/e37daa17-9f31-4a0b-bf59-180818d803c5 does not exist. Creating ...
2019-09-24 02:29:20,539 [pool-437-thread-1] INFO  storage.RaftStorageDirectory (RaftStorageDirectory.java:tryLock(328)) - Lock on /workdir/hadoop-ozone/integration-test/target/test-dir/MiniOzoneClusterImpl-e1db9d82-1fb6-48f9-8fb7-1f77219b2ee9/datanode-5/data/ratis/e37daa17-9f31-4a0b-bf59-180818d803c5/in_use.lock acquired by nodename 30927@pr-hdds-2162-tjkd5-3209850126
2019-09-24 02:29:20,539 [pool-447-thread-1] INFO  storage.RaftStorageDirectory (RaftStorageDirectory.java:tryLock(328)) - Lock on /workdir/hadoop-ozone/integration-test/target/test-dir/MiniOzoneClusterImpl-e1db9d82-1fb6-48f9-8fb7-1f77219b2ee9/datanode-6/data/ratis/e37daa17-9f31-4a0b-bf59-180818d803c5/in_use.lock acquired by nodename 30927@pr-hdds-2162-tjkd5-3209850126
2019-09-24 02:29:20,539 [pool-417-thread-1] INFO  storage.RaftStorageDirectory (RaftStorageDirectory.java:tryLock(328)) - Lock on /workdir/hadoop-ozone/integration-test/target/test-dir/MiniOzoneClusterImpl-e1db9d82-1fb6-48f9-8fb7-1f77219b2ee9/datanode-3/data/ratis/e37daa17-9f31-4a0b-bf59-180818d803c5/in_use.lock acquired by nodename 30927@pr-hdds-2162-tjkd5-3209850126
2019-09-24 02:29:20,553 [pool-437-thread-1] INFO  storage.RaftStorage (RaftStorage.java:format(72)) - Storage directory /workdir/hadoop-ozone/integration-test/target/test-dir/MiniOzoneClusterImpl-e1db9d82-1fb6-48f9-8fb7-1f77219b2ee9/datanode-5/data/ratis/e37daa17-9f31-4a0b-bf59-180818d803c5 has been successfully formatted.
2019-09-24 02:29:20,553 [pool-417-thread-1] INFO  storage.RaftStorage (RaftStorage.java:format(72)) - Storage directory /workdir/hadoop-ozone/integration-test/target/test-dir/MiniOzoneClusterImpl-e1db9d82-1fb6-48f9-8fb7-1f77219b2ee9/datanode-3/data/ratis/e37daa17-9f31-4a0b-bf59-180818d803c5 has been successfully formatted.
2019-09-24 02:29:20,553 [pool-447-thread-1] INFO  storage.RaftStorage (RaftStorage.java:format(72)) - Storage directory /workdir/hadoop-ozone/integration-test/target/test-dir/MiniOzoneClusterImpl-e1db9d82-1fb6-48f9-8fb7-1f77219b2ee9/datanode-6/data/ratis/e37daa17-9f31-4a0b-bf59-180818d803c5 has been successfully formatted.
2019-09-24 02:29:20,554 [pool-417-thread-1] INFO  ratis.ContainerStateMachine (ContainerStateMachine.java:loadSnapshot(230)) - group-180818D803C5: The snapshot info is null. Setting the last applied indexto:(t:0, i:~)
2019-09-24 02:29:20,554 [pool-437-thread-1] INFO  ratis.ContainerStateMachine (ContainerStateMachine.java:loadSnapshot(230)) - group-180818D803C5: The snapshot info is null. Setting the last applied indexto:(t:0, i:~)
2019-09-24 02:29:20,554 [pool-417-thread-1] INFO  server.RaftServerConfigKeys (ConfUtils.java:logGet(43)) - raft.server.notification.no-leader.timeout = 120s (custom)
2019-09-24 02:29:20,554 [pool-447-thread-1] INFO  ratis.ContainerStateMachine (ContainerStateMachine.java:loadSnapshot(230)) - group-180818D803C5: The snapshot info is null. Setting the last applied indexto:(t:0, i:~)
2019-09-24 02:29:20,554 [pool-417-thread-1] INFO  server.RaftServerConfigKeys (ConfUtils.java:logGet(43)) - raft.server.log.use.memory = false (default)
2019-09-24 02:29:20,554 [pool-437-thread-1] INFO  server.RaftServerConfigKeys (ConfUtils.java:logGet(43)) - raft.server.notification.no-leader.timeout = 120s (custom)
2019-09-24 02:29:20,555 [pool-417-thread-1] INFO  server.RaftServerConfigKeys (ConfUtils.java:logGet(43)) - raft.server.log.purge.gap = 1000000 (custom)
2019-09-24 02:29:20,555 [pool-447-thread-1] INFO  server.RaftServerConfigKeys (ConfUtils.java:logGet(43)) - raft.server.notification.no-leader.timeout = 120s (custom)
2019-09-24 02:29:20,555 [pool-417-thread-1] INFO  server.RaftServerConfigKeys (ConfUtils.java:logGet(43)) - raft.server.log.appender.buffer.byte-limit = 33554432 (custom)
2019-09-24 02:29:20,555 [pool-437-thread-1] INFO  server.RaftServerConfigKeys (ConfUtils.java:logGet(43)) - raft.server.log.use.memory = false (default)
2019-09-24 02:29:20,555 [pool-417-thread-1] INFO  server.RaftServerConfigKeys (ConfUtils.java:logGet(43)) - raft.server.log.segment.size.max = 1048576 (custom)
2019-09-24 02:29:20,555 [pool-447-thread-1] INFO  server.RaftServerConfigKeys (ConfUtils.java:logGet(43)) - raft.server.log.use.memory = false (default)
2019-09-24 02:29:20,556 [pool-417-thread-1] INFO  server.RaftServerConfigKeys (ConfUtils.java:logGet(43)) - raft.server.log.segment.cache.num.max = 2 (custom)
2019-09-24 02:29:20,556 [pool-437-thread-1] INFO  server.RaftServerConfigKeys (ConfUtils.java:logGet(43)) - raft.server.log.purge.gap = 1000000 (custom)
2019-09-24 02:29:20,556 [pool-417-thread-1] INFO  segmented.SegmentedRaftLogWorker (SegmentedRaftLogWorker.java:<init>(172)) - new 8f38fc7d-5394-40fc-bec2-62867055670b@group-180818D803C5-SegmentedRaftLogWorker for RaftStorage:Storage Directory /workdir/hadoop-ozone/integration-test/target/test-dir/MiniOzoneClusterImpl-e1db9d82-1fb6-48f9-8fb7-1f77219b2ee9/datanode-3/data/ratis/e37daa17-9f31-4a0b-bf59-180818d803c5
2019-09-24 02:29:20,556 [pool-447-thread-1] INFO  server.RaftServerConfigKeys (ConfUtils.java:logGet(43)) - raft.server.log.purge.gap = 1000000 (custom)
2019-09-24 02:29:20,556 [pool-417-thread-1] INFO  server.RaftServerConfigKeys (ConfUtils.java:logGet(43)) - raft.server.log.queue.byte-limit = 2147483647 (custom)
2019-09-24 02:29:20,556 [pool-437-thread-1] INFO  server.RaftServerConfigKeys (ConfUtils.java:logGet(43)) - raft.server.log.appender.buffer.byte-limit = 33554432 (custom)
2019-09-24 02:29:20,557 [pool-417-thread-1] INFO  server.RaftServerConfigKeys (ConfUtils.java:logGet(43)) - raft.server.log.queue.element-limit = 1024 (custom)
2019-09-24 02:29:20,557 [pool-447-thread-1] INFO  server.RaftServerConfigKeys (ConfUtils.java:logGet(43)) - raft.server.log.appender.buffer.byte-limit = 33554432 (custom)
2019-09-24 02:29:20,557 [pool-417-thread-1] INFO  server.RaftServerConfigKeys (ConfUtils.java:logGet(43)) - raft.server.log.segment.size.max = 1048576 (custom)
2019-09-24 02:29:20,557 [pool-437-thread-1] INFO  server.RaftServerConfigKeys (ConfUtils.java:logGet(43)) - raft.server.log.segment.size.max = 1048576 (custom)
2019-09-24 02:29:20,558 [pool-417-thread-1] INFO  server.RaftServerConfigKeys (ConfUtils.java:logGet(43)) - raft.server.log.preallocated.size = 16384 (custom)
2019-09-24 02:29:20,558 [pool-417-thread-1] INFO  server.RaftServerConfigKeys (ConfUtils.java:logGet(43)) - raft.server.log.write.buffer.size = 33554432 (custom)
2019-09-24 02:29:20,557 [pool-447-thread-1] INFO  server.RaftServerConfigKeys (ConfUtils.java:logGet(43)) - raft.server.log.segment.size.max = 1048576 (custom)
2019-09-24 02:29:20,558 [pool-417-thread-1] INFO  server.RaftServerConfigKeys (ConfUtils.java:logGet(43)) - raft.server.log.force.sync.num = 128 (default)
2019-09-24 02:29:20,558 [pool-437-thread-1] INFO  server.RaftServerConfigKeys (ConfUtils.java:logGet(43)) - raft.server.log.segment.cache.num.max = 2 (custom)
2019-09-24 02:29:20,558 [pool-417-thread-1] INFO  server.RaftServerConfigKeys (ConfUtils.java:logGet(43)) - raft.server.log.statemachine.data.sync = true (default)
2019-09-24 02:29:20,558 [pool-447-thread-1] INFO  server.RaftServerConfigKeys (ConfUtils.java:logGet(43)) - raft.server.log.segment.cache.num.max = 2 (custom)
2019-09-24 02:29:20,559 [pool-417-thread-1] INFO  server.RaftServerConfigKeys (ConfUtils.java:logGet(43)) - raft.server.log.statemachine.data.sync.timeout = 10s (default)
2019-09-24 02:29:20,559 [pool-437-thread-1] INFO  segmented.SegmentedRaftLogWorker (SegmentedRaftLogWorker.java:<init>(172)) - new 802dd090-3361-4aa9-ab79-78a8dffa1107@group-180818D803C5-SegmentedRaftLogWorker for RaftStorage:Storage Directory /workdir/hadoop-ozone/integration-test/target/test-dir/MiniOzoneClusterImpl-e1db9d82-1fb6-48f9-8fb7-1f77219b2ee9/datanode-5/data/ratis/e37daa17-9f31-4a0b-bf59-180818d803c5
2019-09-24 02:29:20,559 [pool-417-thread-1] INFO  server.RaftServerConfigKeys (ConfUtils.java:logGet(43)) - raft.server.log.statemachine.data.sync.timeout.retry = -1 (default)
2019-09-24 02:29:20,559 [pool-447-thread-1] INFO  segmented.SegmentedRaftLogWorker (SegmentedRaftLogWorker.java:<init>(172)) - new 0bec04af-c60a-441b-9562-0d7467eb7c58@group-180818D803C5-SegmentedRaftLogWorker for RaftStorage:Storage Directory /workdir/hadoop-ozone/integration-test/target/test-dir/MiniOzoneClusterImpl-e1db9d82-1fb6-48f9-8fb7-1f77219b2ee9/datanode-6/data/ratis/e37daa17-9f31-4a0b-bf59-180818d803c5
2019-09-24 02:29:20,560 [pool-417-thread-1] INFO  server.RaftServerConfigKeys (ConfUtils.java:logGet(43)) - raft.server.log.statemachine.data.caching.enabled = true (custom)
2019-09-24 02:29:20,559 [pool-437-thread-1] INFO  server.RaftServerConfigKeys (ConfUtils.java:logGet(43)) - raft.server.log.queue.byte-limit = 2147483647 (custom)
2019-09-24 02:29:20,560 [pool-447-thread-1] INFO  server.RaftServerConfigKeys (ConfUtils.java:logGet(43)) - raft.server.log.queue.byte-limit = 2147483647 (custom)
2019-09-24 02:29:20,560 [pool-417-thread-1] INFO  segmented.SegmentedRaftLogWorker (SegmentedRaftLogWorker.java:lambda$new$0(132)) - 8f38fc7d-5394-40fc-bec2-62867055670b@group-180818D803C5-SegmentedRaftLogWorker: flushIndex: setUnconditionally 0 -> -1
2019-09-24 02:29:20,560 [pool-437-thread-1] INFO  server.RaftServerConfigKeys (ConfUtils.java:logGet(43)) - raft.server.log.queue.element-limit = 1024 (custom)
2019-09-24 02:29:20,560 [pool-447-thread-1] INFO  server.RaftServerConfigKeys (ConfUtils.java:logGet(43)) - raft.server.log.queue.element-limit = 1024 (custom)
2019-09-24 02:29:20,561 [pool-417-thread-1] INFO  server.RaftServerConfigKeys (ConfUtils.java:logGet(43)) - raft.server.snapshot.auto.trigger.enabled = true (custom)
2019-09-24 02:29:20,561 [pool-437-thread-1] INFO  server.RaftServerConfigKeys (ConfUtils.java:logGet(43)) - raft.server.log.segment.size.max = 1048576 (custom)
2019-09-24 02:29:20,561 [pool-417-thread-1] INFO  server.RaftServerConfigKeys (ConfUtils.java:logGet(43)) - raft.server.snapshot.auto.trigger.threshold = 10000 (custom)
2019-09-24 02:29:20,561 [pool-447-thread-1] INFO  server.RaftServerConfigKeys (ConfUtils.java:logGet(43)) - raft.server.log.segment.size.max = 1048576 (custom)
2019-09-24 02:29:20,561 [pool-417-thread-1] INFO  server.RaftServerConfigKeys (ConfUtils.java:logGet(43)) - raft.server.snapshot.retention.num.files = 5 (custom)
2019-09-24 02:29:20,561 [pool-437-thread-1] INFO  server.RaftServerConfigKeys (ConfUtils.java:logGet(43)) - raft.server.log.preallocated.size = 16384 (custom)
2019-09-24 02:29:20,562 [pool-417-thread-1] INFO  server.RaftServerConfigKeys (ConfUtils.java:logGet(43)) - raft.server.retrycache.expirytime = 600000ms (custom)
2019-09-24 02:29:20,562 [pool-447-thread-1] INFO  server.RaftServerConfigKeys (ConfUtils.java:logGet(43)) - raft.server.log.preallocated.size = 16384 (custom)
2019-09-24 02:29:20,562 [pool-437-thread-1] INFO  server.RaftServerConfigKeys (ConfUtils.java:logGet(43)) - raft.server.log.write.buffer.size = 33554432 (custom)
2019-09-24 02:29:20,562 [pool-447-thread-1] INFO  server.RaftServerConfigKeys (ConfUtils.java:logGet(43)) - raft.server.log.write.buffer.size = 33554432 (custom)
2019-09-24 02:29:20,562 [pool-437-thread-1] INFO  server.RaftServerConfigKeys (ConfUtils.java:logGet(43)) - raft.server.log.force.sync.num = 128 (default)
2019-09-24 02:29:20,563 [pool-447-thread-1] INFO  server.RaftServerConfigKeys (ConfUtils.java:logGet(43)) - raft.server.log.force.sync.num = 128 (default)
2019-09-24 02:29:20,563 [pool-437-thread-1] INFO  server.RaftServerConfigKeys (ConfUtils.java:logGet(43)) - raft.server.log.statemachine.data.sync = true (default)
2019-09-24 02:29:20,563 [pool-447-thread-1] INFO  server.RaftServerConfigKeys (ConfUtils.java:logGet(43)) - raft.server.log.statemachine.data.sync = true (default)
2019-09-24 02:29:20,563 [pool-437-thread-1] INFO  server.RaftServerConfigKeys (ConfUtils.java:logGet(43)) - raft.server.log.statemachine.data.sync.timeout = 10s (default)
2019-09-24 02:29:20,563 [pool-447-thread-1] INFO  server.RaftServerConfigKeys (ConfUtils.java:logGet(43)) - raft.server.log.statemachine.data.sync.timeout = 10s (default)
2019-09-24 02:29:20,563 [pool-437-thread-1] INFO  server.RaftServerConfigKeys (ConfUtils.java:logGet(43)) - raft.server.log.statemachine.data.sync.timeout.retry = -1 (default)
2019-09-24 02:29:20,564 [pool-447-thread-1] INFO  server.RaftServerConfigKeys (ConfUtils.java:logGet(43)) - raft.server.log.statemachine.data.sync.timeout.retry = -1 (default)
2019-09-24 02:29:20,564 [pool-437-thread-1] INFO  server.RaftServerConfigKeys (ConfUtils.java:logGet(43)) - raft.server.log.statemachine.data.caching.enabled = true (custom)
2019-09-24 02:29:20,564 [pool-447-thread-1] INFO  server.RaftServerConfigKeys (ConfUtils.java:logGet(43)) - raft.server.log.statemachine.data.caching.enabled = true (custom)
2019-09-24 02:29:20,564 [pool-437-thread-1] INFO  segmented.SegmentedRaftLogWorker (SegmentedRaftLogWorker.java:lambda$new$0(132)) - 802dd090-3361-4aa9-ab79-78a8dffa1107@group-180818D803C5-SegmentedRaftLogWorker: flushIndex: setUnconditionally 0 -> -1
2019-09-24 02:29:20,564 [pool-447-thread-1] INFO  segmented.SegmentedRaftLogWorker (SegmentedRaftLogWorker.java:lambda$new$0(132)) - 0bec04af-c60a-441b-9562-0d7467eb7c58@group-180818D803C5-SegmentedRaftLogWorker: flushIndex: setUnconditionally 0 -> -1
2019-09-24 02:29:20,564 [pool-417-thread-1] INFO  impl.RaftServerImpl (RaftServerImpl.java:start(185)) - 8f38fc7d-5394-40fc-bec2-62867055670b@group-180818D803C5: start as a follower, conf=-1: [802dd090-3361-4aa9-ab79-78a8dffa1107:192.168.151.121:38747, 8f38fc7d-5394-40fc-bec2-62867055670b:192.168.151.121:45951, 0bec04af-c60a-441b-9562-0d7467eb7c58:192.168.151.121:44318], old=null
2019-09-24 02:29:20,565 [pool-437-thread-1] INFO  server.RaftServerConfigKeys (ConfUtils.java:logGet(43)) - raft.server.snapshot.auto.trigger.enabled = true (custom)
2019-09-24 02:29:20,565 [pool-417-thread-1] INFO  impl.RaftServerImpl (RaftServerImpl.java:setRole(174)) - 8f38fc7d-5394-40fc-bec2-62867055670b@group-180818D803C5: changes role from      null to FOLLOWER at term 0 for startAsFollower
2019-09-24 02:29:20,565 [pool-447-thread-1] INFO  server.RaftServerConfigKeys (ConfUtils.java:logGet(43)) - raft.server.snapshot.auto.trigger.enabled = true (custom)
2019-09-24 02:29:20,565 [pool-417-thread-1] INFO  impl.RoleInfo (RoleInfo.java:updateAndGet(143)) - 8f38fc7d-5394-40fc-bec2-62867055670b: start FollowerState
2019-09-24 02:29:20,565 [pool-437-thread-1] INFO  server.RaftServerConfigKeys (ConfUtils.java:logGet(43)) - raft.server.snapshot.auto.trigger.threshold = 10000 (custom)
2019-09-24 02:29:20,565 [pool-447-thread-1] INFO  server.RaftServerConfigKeys (ConfUtils.java:logGet(43)) - raft.server.snapshot.auto.trigger.threshold = 10000 (custom)
2019-09-24 02:29:20,565 [pool-437-thread-1] INFO  server.RaftServerConfigKeys (ConfUtils.java:logGet(43)) - raft.server.snapshot.retention.num.files = 5 (custom)
2019-09-24 02:29:20,566 [pool-417-thread-1] INFO  util.JmxRegister (JmxRegister.java:tryRegister(44)) - Successfully registered JMX Bean with object name Ratis:service=RaftServer,group=group-180818D803C5,id=8f38fc7d-5394-40fc-bec2-62867055670b
2019-09-24 02:29:20,566 [pool-447-thread-1] INFO  server.RaftServerConfigKeys (ConfUtils.java:logGet(43)) - raft.server.snapshot.retention.num.files = 5 (custom)
2019-09-24 02:29:20,566 [pool-437-thread-1] INFO  server.RaftServerConfigKeys (ConfUtils.java:logGet(43)) - raft.server.retrycache.expirytime = 600000ms (custom)
2019-09-24 02:29:20,566 [pool-447-thread-1] INFO  server.RaftServerConfigKeys (ConfUtils.java:logGet(43)) - raft.server.retrycache.expirytime = 600000ms (custom)
2019-09-24 02:29:20,573 [pool-437-thread-1] INFO  impl.RaftServerImpl (RaftServerImpl.java:start(185)) - 802dd090-3361-4aa9-ab79-78a8dffa1107@group-180818D803C5: start as a follower, conf=-1: [802dd090-3361-4aa9-ab79-78a8dffa1107:192.168.151.121:38747, 8f38fc7d-5394-40fc-bec2-62867055670b:192.168.151.121:45951, 0bec04af-c60a-441b-9562-0d7467eb7c58:192.168.151.121:44318], old=null
2019-09-24 02:29:20,573 [pool-437-thread-1] INFO  impl.RaftServerImpl (RaftServerImpl.java:setRole(174)) - 802dd090-3361-4aa9-ab79-78a8dffa1107@group-180818D803C5: changes role from      null to FOLLOWER at term 0 for startAsFollower
2019-09-24 02:29:20,573 [pool-447-thread-1] INFO  impl.RaftServerImpl (RaftServerImpl.java:start(185)) - 0bec04af-c60a-441b-9562-0d7467eb7c58@group-180818D803C5: start as a follower, conf=-1: [802dd090-3361-4aa9-ab79-78a8dffa1107:192.168.151.121:38747, 8f38fc7d-5394-40fc-bec2-62867055670b:192.168.151.121:45951, 0bec04af-c60a-441b-9562-0d7467eb7c58:192.168.151.121:44318], old=null
2019-09-24 02:29:20,573 [pool-437-thread-1] INFO  impl.RoleInfo (RoleInfo.java:updateAndGet(143)) - 802dd090-3361-4aa9-ab79-78a8dffa1107: start FollowerState
2019-09-24 02:29:20,573 [pool-447-thread-1] INFO  impl.RaftServerImpl (RaftServerImpl.java:setRole(174)) - 0bec04af-c60a-441b-9562-0d7467eb7c58@group-180818D803C5: changes role from      null to FOLLOWER at term 0 for startAsFollower
2019-09-24 02:29:20,574 [pool-447-thread-1] INFO  impl.RoleInfo (RoleInfo.java:updateAndGet(143)) - 0bec04af-c60a-441b-9562-0d7467eb7c58: start FollowerState
2019-09-24 02:29:20,574 [pool-437-thread-1] INFO  util.JmxRegister (JmxRegister.java:tryRegister(44)) - Successfully registered JMX Bean with object name Ratis:service=RaftServer,group=group-180818D803C5,id=802dd090-3361-4aa9-ab79-78a8dffa1107
2019-09-24 02:29:20,574 [pool-447-thread-1] INFO  util.JmxRegister (JmxRegister.java:tryRegister(44)) - Successfully registered JMX Bean with object name Ratis:service=RaftServer,group=group-180818D803C5,id=0bec04af-c60a-441b-9562-0d7467eb7c58
2019-09-24 02:29:20,588 [RatisPipelineUtilsThread] INFO  pipeline.PipelineStateManager (PipelineStateManager.java:addPipeline(56)) - Created pipeline Pipeline[ Id: e37daa17-9f31-4a0b-bf59-180818d803c5, Nodes: 8f38fc7d-5394-40fc-bec2-62867055670b{ip: 192.168.151.121, host: pr-hdds-2162-tjkd5-3209850126, networkLocation: /rack1, certSerialId: null}0bec04af-c60a-441b-9562-0d7467eb7c58{ip: 192.168.151.121, host: pr-hdds-2162-tjkd5-3209850126, networkLocation: /rack1, certSerialId: null}802dd090-3361-4aa9-ab79-78a8dffa1107{ip: 192.168.151.121, host: pr-hdds-2162-tjkd5-3209850126, networkLocation: /rack1, certSerialId: null}, Type:RATIS, Factor:THREE, State:OPEN]
2019-09-24 02:29:20,746 [Thread-6062] INFO  impl.FollowerState (FollowerState.java:run(106)) - 085dba92-8ce5-4f42-893e-544caee8a210:group-2C8CC4AC55AE changes to CANDIDATE, lastRpcTime:1005, electionTimeout:1005ms
2019-09-24 02:29:20,746 [Thread-6062] INFO  impl.RoleInfo (RoleInfo.java:shutdownFollowerState(121)) - 085dba92-8ce5-4f42-893e-544caee8a210: shutdown FollowerState
2019-09-24 02:29:20,747 [Thread-6062] INFO  impl.RaftServerImpl (RaftServerImpl.java:setRole(174)) - 085dba92-8ce5-4f42-893e-544caee8a210@group-2C8CC4AC55AE: changes role from  FOLLOWER to CANDIDATE at term 0 for changeToCandidate
2019-09-24 02:29:20,747 [Thread-6062] INFO  impl.RoleInfo (RoleInfo.java:updateAndGet(143)) - 085dba92-8ce5-4f42-893e-544caee8a210: start LeaderElection
2019-09-24 02:29:20,766 [085dba92-8ce5-4f42-893e-544caee8a210@group-2C8CC4AC55AE:LeaderElection81] INFO  impl.LeaderElection (LeaderElection.java:askForVotes(182)) - 085dba92-8ce5-4f42-893e-544caee8a210@group-2C8CC4AC55AE:LeaderElection81: begin an election at term 1 for -1: [085dba92-8ce5-4f42-893e-544caee8a210:192.168.151.121:45199], old=null
2019-09-24 02:29:20,769 [085dba92-8ce5-4f42-893e-544caee8a210@group-2C8CC4AC55AE:LeaderElection81] INFO  impl.RoleInfo (RoleInfo.java:shutdownLeaderElection(134)) - 085dba92-8ce5-4f42-893e-544caee8a210: shutdown LeaderElection
2019-09-24 02:29:20,769 [085dba92-8ce5-4f42-893e-544caee8a210@group-2C8CC4AC55AE:LeaderElection81] INFO  impl.RaftServerImpl (RaftServerImpl.java:setRole(174)) - 085dba92-8ce5-4f42-893e-544caee8a210@group-2C8CC4AC55AE: changes role from CANDIDATE to LEADER at term 1 for changeToLeader
2019-09-24 02:29:20,769 [085dba92-8ce5-4f42-893e-544caee8a210@group-2C8CC4AC55AE:LeaderElection81] INFO  impl.RaftServerImpl (ServerState.java:setLeader(253)) - 085dba92-8ce5-4f42-893e-544caee8a210@group-2C8CC4AC55AE: change Leader from null to 085dba92-8ce5-4f42-893e-544caee8a210 at term 1 for becomeLeader, leader elected after 1036ms
2019-09-24 02:29:20,770 [085dba92-8ce5-4f42-893e-544caee8a210@group-2C8CC4AC55AE:LeaderElection81] INFO  server.RaftServerConfigKeys (ConfUtils.java:logGet(43)) - raft.server.staging.catchup.gap = 1000 (default)
2019-09-24 02:29:20,770 [085dba92-8ce5-4f42-893e-544caee8a210@group-2C8CC4AC55AE:LeaderElection81] INFO  server.RaftServerConfigKeys (ConfUtils.java:logGet(43)) - raft.server.rpc.sleep.time = 25ms (default)
2019-09-24 02:29:20,770 [085dba92-8ce5-4f42-893e-544caee8a210@group-2C8CC4AC55AE:LeaderElection81] INFO  server.RaftServerConfigKeys (ConfUtils.java:logGet(43)) - raft.server.write.element-limit = 4096 (default)
2019-09-24 02:29:20,770 [085dba92-8ce5-4f42-893e-544caee8a210@group-2C8CC4AC55AE:LeaderElection81] INFO  server.RaftServerConfigKeys (ConfUtils.java:logGet(43)) - raft.server.watch.timeout = 10s (default)
2019-09-24 02:29:20,770 [085dba92-8ce5-4f42-893e-544caee8a210@group-2C8CC4AC55AE:LeaderElection81] INFO  server.RaftServerConfigKeys (ConfUtils.java:logGet(43)) - raft.server.watch.timeout.denomination = 1s (default)
2019-09-24 02:29:20,770 [085dba92-8ce5-4f42-893e-544caee8a210@group-2C8CC4AC55AE:LeaderElection81] INFO  server.RaftServerConfigKeys (ConfUtils.java:logGet(43)) - raft.server.watch.element-limit = 65536 (default)
2019-09-24 02:29:20,773 [085dba92-8ce5-4f42-893e-544caee8a210@group-2C8CC4AC55AE:LeaderElection81] INFO  impl.RoleInfo (RoleInfo.java:updateAndGet(143)) - 085dba92-8ce5-4f42-893e-544caee8a210: start LeaderState
2019-09-24 02:29:20,773 [085dba92-8ce5-4f42-893e-544caee8a210@group-2C8CC4AC55AE:LeaderElection81] INFO  segmented.SegmentedRaftLogWorker (SegmentedRaftLogWorker.java:startLogSegment(380)) - 085dba92-8ce5-4f42-893e-544caee8a210@group-2C8CC4AC55AE-SegmentedRaftLogWorker: Starting segment from index:0
2019-09-24 02:29:20,774 [085dba92-8ce5-4f42-893e-544caee8a210@group-2C8CC4AC55AE:LeaderElection81] INFO  impl.RaftServerImpl (ServerState.java:setRaftConf(354)) - 085dba92-8ce5-4f42-893e-544caee8a210@group-2C8CC4AC55AE: set configuration 0: [085dba92-8ce5-4f42-893e-544caee8a210:192.168.151.121:45199], old=null at 0
2019-09-24 02:29:20,836 [085dba92-8ce5-4f42-893e-544caee8a210@group-2C8CC4AC55AE-SegmentedRaftLogWorker] INFO  segmented.SegmentedRaftLogWorker (SegmentedRaftLogWorker.java:execute(569)) - 085dba92-8ce5-4f42-893e-544caee8a210@group-2C8CC4AC55AE-SegmentedRaftLogWorker: created new log segment /workdir/hadoop-ozone/integration-test/target/test-dir/MiniOzoneClusterImpl-e1db9d82-1fb6-48f9-8fb7-1f77219b2ee9/datanode-1/data/ratis/bd6fb27f-2f20-442f-85ab-2c8cc4ac55ae/current/log_inprogress_0
2019-09-24 02:29:20,844 [Thread-6059] INFO  impl.FollowerState (FollowerState.java:run(106)) - 5a1cfc27-0377-45c9-882e-ae9e71586032:group-8F7BE842E5E4 changes to CANDIDATE, lastRpcTime:1182, electionTimeout:1182ms
2019-09-24 02:29:20,844 [Thread-6059] INFO  impl.RoleInfo (RoleInfo.java:shutdownFollowerState(121)) - 5a1cfc27-0377-45c9-882e-ae9e71586032: shutdown FollowerState
2019-09-24 02:29:20,845 [Thread-6059] INFO  impl.RaftServerImpl (RaftServerImpl.java:setRole(174)) - 5a1cfc27-0377-45c9-882e-ae9e71586032@group-8F7BE842E5E4: changes role from  FOLLOWER to CANDIDATE at term 0 for changeToCandidate
2019-09-24 02:29:20,845 [Thread-6059] INFO  impl.RoleInfo (RoleInfo.java:updateAndGet(143)) - 5a1cfc27-0377-45c9-882e-ae9e71586032: start LeaderElection
2019-09-24 02:29:20,865 [5a1cfc27-0377-45c9-882e-ae9e71586032@group-8F7BE842E5E4:LeaderElection82] INFO  impl.LeaderElection (LeaderElection.java:askForVotes(182)) - 5a1cfc27-0377-45c9-882e-ae9e71586032@group-8F7BE842E5E4:LeaderElection82: begin an election at term 1 for -1: [5a1cfc27-0377-45c9-882e-ae9e71586032:192.168.151.121:33792], old=null
2019-09-24 02:29:20,865 [5a1cfc27-0377-45c9-882e-ae9e71586032@group-8F7BE842E5E4:LeaderElection82] INFO  impl.RoleInfo (RoleInfo.java:shutdownLeaderElection(134)) - 5a1cfc27-0377-45c9-882e-ae9e71586032: shutdown LeaderElection
2019-09-24 02:29:20,865 [5a1cfc27-0377-45c9-882e-ae9e71586032@group-8F7BE842E5E4:LeaderElection82] INFO  impl.RaftServerImpl (RaftServerImpl.java:setRole(174)) - 5a1cfc27-0377-45c9-882e-ae9e71586032@group-8F7BE842E5E4: changes role from CANDIDATE to LEADER at term 1 for changeToLeader
2019-09-24 02:29:20,865 [5a1cfc27-0377-45c9-882e-ae9e71586032@group-8F7BE842E5E4:LeaderElection82] INFO  impl.RaftServerImpl (ServerState.java:setLeader(253)) - 5a1cfc27-0377-45c9-882e-ae9e71586032@group-8F7BE842E5E4: change Leader from null to 5a1cfc27-0377-45c9-882e-ae9e71586032 at term 1 for becomeLeader, leader elected after 1211ms
2019-09-24 02:29:20,865 [5a1cfc27-0377-45c9-882e-ae9e71586032@group-8F7BE842E5E4:LeaderElection82] INFO  server.RaftServerConfigKeys (ConfUtils.java:logGet(43)) - raft.server.staging.catchup.gap = 1000 (default)
2019-09-24 02:29:20,865 [5a1cfc27-0377-45c9-882e-ae9e71586032@group-8F7BE842E5E4:LeaderElection82] INFO  server.RaftServerConfigKeys (ConfUtils.java:logGet(43)) - raft.server.rpc.sleep.time = 25ms (default)
2019-09-24 02:29:20,865 [5a1cfc27-0377-45c9-882e-ae9e71586032@group-8F7BE842E5E4:LeaderElection82] INFO  server.RaftServerConfigKeys (ConfUtils.java:logGet(43)) - raft.server.write.element-limit = 4096 (default)
2019-09-24 02:29:20,866 [5a1cfc27-0377-45c9-882e-ae9e71586032@group-8F7BE842E5E4:LeaderElection82] INFO  server.RaftServerConfigKeys (ConfUtils.java:logGet(43)) - raft.server.watch.timeout = 10s (default)
2019-09-24 02:29:20,866 [5a1cfc27-0377-45c9-882e-ae9e71586032@group-8F7BE842E5E4:LeaderElection82] INFO  server.RaftServerConfigKeys (ConfUtils.java:logGet(43)) - raft.server.watch.timeout.denomination = 1s (default)
2019-09-24 02:29:20,866 [5a1cfc27-0377-45c9-882e-ae9e71586032@group-8F7BE842E5E4:LeaderElection82] INFO  server.RaftServerConfigKeys (ConfUtils.java:logGet(43)) - raft.server.watch.element-limit = 65536 (default)
2019-09-24 02:29:20,868 [5a1cfc27-0377-45c9-882e-ae9e71586032@group-8F7BE842E5E4:LeaderElection82] INFO  impl.RoleInfo (RoleInfo.java:updateAndGet(143)) - 5a1cfc27-0377-45c9-882e-ae9e71586032: start LeaderState
2019-09-24 02:29:20,868 [5a1cfc27-0377-45c9-882e-ae9e71586032@group-8F7BE842E5E4:LeaderElection82] INFO  segmented.SegmentedRaftLogWorker (SegmentedRaftLogWorker.java:startLogSegment(380)) - 5a1cfc27-0377-45c9-882e-ae9e71586032@group-8F7BE842E5E4-SegmentedRaftLogWorker: Starting segment from index:0
2019-09-24 02:29:20,869 [5a1cfc27-0377-45c9-882e-ae9e71586032@group-8F7BE842E5E4:LeaderElection82] INFO  impl.RaftServerImpl (ServerState.java:setRaftConf(354)) - 5a1cfc27-0377-45c9-882e-ae9e71586032@group-8F7BE842E5E4: set configuration 0: [5a1cfc27-0377-45c9-882e-ae9e71586032:192.168.151.121:33792], old=null at 0
2019-09-24 02:29:20,882 [Thread-6068] INFO  impl.FollowerState (FollowerState.java:run(106)) - 085dba92-8ce5-4f42-893e-544caee8a210:group-8C41FF714108 changes to CANDIDATE, lastRpcTime:1021, electionTimeout:1021ms
2019-09-24 02:29:20,882 [Thread-6068] INFO  impl.RoleInfo (RoleInfo.java:shutdownFollowerState(121)) - 085dba92-8ce5-4f42-893e-544caee8a210: shutdown FollowerState
2019-09-24 02:29:20,883 [Thread-6068] INFO  impl.RaftServerImpl (RaftServerImpl.java:setRole(174)) - 085dba92-8ce5-4f42-893e-544caee8a210@group-8C41FF714108: changes role from  FOLLOWER to CANDIDATE at term 0 for changeToCandidate
2019-09-24 02:29:20,883 [Thread-6068] INFO  impl.RoleInfo (RoleInfo.java:updateAndGet(143)) - 085dba92-8ce5-4f42-893e-544caee8a210: start LeaderElection
2019-09-24 02:29:20,910 [Thread-6065] INFO  impl.FollowerState (FollowerState.java:run(106)) - 5cc809fa-c519-491c-99df-43aed39bd77b:group-20336DBB896F changes to CANDIDATE, lastRpcTime:1106, electionTimeout:1099ms
2019-09-24 02:29:20,911 [Thread-6065] INFO  impl.RoleInfo (RoleInfo.java:shutdownFollowerState(121)) - 5cc809fa-c519-491c-99df-43aed39bd77b: shutdown FollowerState
2019-09-24 02:29:20,911 [Thread-6065] INFO  impl.RaftServerImpl (RaftServerImpl.java:setRole(174)) - 5cc809fa-c519-491c-99df-43aed39bd77b@group-20336DBB896F: changes role from  FOLLOWER to CANDIDATE at term 0 for changeToCandidate
2019-09-24 02:29:20,911 [Thread-6065] INFO  impl.RoleInfo (RoleInfo.java:updateAndGet(143)) - 5cc809fa-c519-491c-99df-43aed39bd77b: start LeaderElection
2019-09-24 02:29:20,925 [5a1cfc27-0377-45c9-882e-ae9e71586032@group-8F7BE842E5E4-SegmentedRaftLogWorker] INFO  segmented.SegmentedRaftLogWorker (SegmentedRaftLogWorker.java:execute(569)) - 5a1cfc27-0377-45c9-882e-ae9e71586032@group-8F7BE842E5E4-SegmentedRaftLogWorker: created new log segment /workdir/hadoop-ozone/integration-test/target/test-dir/MiniOzoneClusterImpl-e1db9d82-1fb6-48f9-8fb7-1f77219b2ee9/datanode-0/data/ratis/e777c89d-791c-411b-9c4e-8f7be842e5e4/current/log_inprogress_0
2019-09-24 02:29:20,925 [085dba92-8ce5-4f42-893e-544caee8a210@group-8C41FF714108:LeaderElection83] INFO  impl.LeaderElection (LeaderElection.java:askForVotes(182)) - 085dba92-8ce5-4f42-893e-544caee8a210@group-8C41FF714108:LeaderElection83: begin an election at term 1 for -1: [5a1cfc27-0377-45c9-882e-ae9e71586032:192.168.151.121:33792, 5cc809fa-c519-491c-99df-43aed39bd77b:192.168.151.121:42564, 085dba92-8ce5-4f42-893e-544caee8a210:192.168.151.121:45199], old=null
2019-09-24 02:29:20,925 [5cc809fa-c519-491c-99df-43aed39bd77b@group-20336DBB896F:LeaderElection84] INFO  impl.LeaderElection (LeaderElection.java:askForVotes(182)) - 5cc809fa-c519-491c-99df-43aed39bd77b@group-20336DBB896F:LeaderElection84: begin an election at term 1 for -1: [5cc809fa-c519-491c-99df-43aed39bd77b:192.168.151.121:42564], old=null
2019-09-24 02:29:20,925 [5cc809fa-c519-491c-99df-43aed39bd77b@group-20336DBB896F:LeaderElection84] INFO  impl.RoleInfo (RoleInfo.java:shutdownLeaderElection(134)) - 5cc809fa-c519-491c-99df-43aed39bd77b: shutdown LeaderElection
2019-09-24 02:29:20,926 [5cc809fa-c519-491c-99df-43aed39bd77b@group-20336DBB896F:LeaderElection84] INFO  impl.RaftServerImpl (RaftServerImpl.java:setRole(174)) - 5cc809fa-c519-491c-99df-43aed39bd77b@group-20336DBB896F: changes role from CANDIDATE to LEADER at term 1 for changeToLeader
2019-09-24 02:29:20,926 [5cc809fa-c519-491c-99df-43aed39bd77b@group-20336DBB896F:LeaderElection84] INFO  impl.RaftServerImpl (ServerState.java:setLeader(253)) - 5cc809fa-c519-491c-99df-43aed39bd77b@group-20336DBB896F: change Leader from null to 5cc809fa-c519-491c-99df-43aed39bd77b at term 1 for becomeLeader, leader elected after 1132ms
2019-09-24 02:29:20,926 [5cc809fa-c519-491c-99df-43aed39bd77b@group-20336DBB896F:LeaderElection84] INFO  server.RaftServerConfigKeys (ConfUtils.java:logGet(43)) - raft.server.staging.catchup.gap = 1000 (default)
2019-09-24 02:29:20,926 [5cc809fa-c519-491c-99df-43aed39bd77b@group-20336DBB896F:LeaderElection84] INFO  server.RaftServerConfigKeys (ConfUtils.java:logGet(43)) - raft.server.rpc.sleep.time = 25ms (default)
2019-09-24 02:29:20,926 [5cc809fa-c519-491c-99df-43aed39bd77b@group-20336DBB896F:LeaderElection84] INFO  server.RaftServerConfigKeys (ConfUtils.java:logGet(43)) - raft.server.write.element-limit = 4096 (default)
2019-09-24 02:29:20,926 [5cc809fa-c519-491c-99df-43aed39bd77b@group-20336DBB896F:LeaderElection84] INFO  server.RaftServerConfigKeys (ConfUtils.java:logGet(43)) - raft.server.watch.timeout = 10s (default)
2019-09-24 02:29:20,927 [5cc809fa-c519-491c-99df-43aed39bd77b@group-20336DBB896F:LeaderElection84] INFO  server.RaftServerConfigKeys (ConfUtils.java:logGet(43)) - raft.server.watch.timeout.denomination = 1s (default)
2019-09-24 02:29:20,927 [5cc809fa-c519-491c-99df-43aed39bd77b@group-20336DBB896F:LeaderElection84] INFO  server.RaftServerConfigKeys (ConfUtils.java:logGet(43)) - raft.server.watch.element-limit = 65536 (default)
2019-09-24 02:29:20,929 [5cc809fa-c519-491c-99df-43aed39bd77b@group-20336DBB896F:LeaderElection84] INFO  impl.RoleInfo (RoleInfo.java:updateAndGet(143)) - 5cc809fa-c519-491c-99df-43aed39bd77b: start LeaderState
2019-09-24 02:29:20,929 [5cc809fa-c519-491c-99df-43aed39bd77b@group-20336DBB896F:LeaderElection84] INFO  segmented.SegmentedRaftLogWorker (SegmentedRaftLogWorker.java:startLogSegment(380)) - 5cc809fa-c519-491c-99df-43aed39bd77b@group-20336DBB896F-SegmentedRaftLogWorker: Starting segment from index:0
2019-09-24 02:29:20,930 [5cc809fa-c519-491c-99df-43aed39bd77b@group-20336DBB896F:LeaderElection84] INFO  impl.RaftServerImpl (ServerState.java:setRaftConf(354)) - 5cc809fa-c519-491c-99df-43aed39bd77b@group-20336DBB896F: set configuration 0: [5cc809fa-c519-491c-99df-43aed39bd77b:192.168.151.121:42564], old=null at 0
2019-09-24 02:29:20,970 [grpc-default-executor-2] INFO  impl.RaftServerImpl (RaftServerImpl.java:setRole(174)) - 5a1cfc27-0377-45c9-882e-ae9e71586032@group-8C41FF714108: changes role from  FOLLOWER to FOLLOWER at term 1 for recognizeCandidate:085dba92-8ce5-4f42-893e-544caee8a210
2019-09-24 02:29:20,970 [Thread-6073] INFO  impl.FollowerState (FollowerState.java:run(106)) - 5cc809fa-c519-491c-99df-43aed39bd77b:group-8C41FF714108 changes to CANDIDATE, lastRpcTime:1099, electionTimeout:1093ms
2019-09-24 02:29:20,970 [grpc-default-executor-2] INFO  impl.RoleInfo (RoleInfo.java:shutdownFollowerState(121)) - 5a1cfc27-0377-45c9-882e-ae9e71586032: shutdown FollowerState
2019-09-24 02:29:20,973 [Thread-6073] INFO  impl.RoleInfo (RoleInfo.java:shutdownFollowerState(121)) - 5cc809fa-c519-491c-99df-43aed39bd77b: shutdown FollowerState
2019-09-24 02:29:20,973 [grpc-default-executor-2] INFO  impl.RoleInfo (RoleInfo.java:updateAndGet(143)) - 5a1cfc27-0377-45c9-882e-ae9e71586032: start FollowerState
2019-09-24 02:29:20,973 [Thread-6073] INFO  impl.RaftServerImpl (RaftServerImpl.java:setRole(174)) - 5cc809fa-c519-491c-99df-43aed39bd77b@group-8C41FF714108: changes role from  FOLLOWER to CANDIDATE at term 0 for changeToCandidate
2019-09-24 02:29:20,973 [Thread-6072] INFO  impl.FollowerState (FollowerState.java:run(115)) - 5a1cfc27-0377-45c9-882e-ae9e71586032: FollowerState was interrupted: java.lang.InterruptedException: sleep interrupted
2019-09-24 02:29:20,974 [Thread-6073] INFO  impl.RoleInfo (RoleInfo.java:updateAndGet(143)) - 5cc809fa-c519-491c-99df-43aed39bd77b: start LeaderElection
2019-09-24 02:29:20,977 [grpc-default-executor-0] INFO  impl.RaftServerImpl (RaftServerImpl.java:setRole(174)) - 5cc809fa-c519-491c-99df-43aed39bd77b@group-8C41FF714108: changes role from CANDIDATE to FOLLOWER at term 1 for recognizeCandidate:085dba92-8ce5-4f42-893e-544caee8a210
2019-09-24 02:29:20,977 [grpc-default-executor-0] INFO  impl.RoleInfo (RoleInfo.java:shutdownLeaderElection(134)) - 5cc809fa-c519-491c-99df-43aed39bd77b: shutdown LeaderElection
2019-09-24 02:29:20,977 [grpc-default-executor-0] INFO  impl.RoleInfo (RoleInfo.java:updateAndGet(143)) - 5cc809fa-c519-491c-99df-43aed39bd77b: start FollowerState
2019-09-24 02:29:20,984 [5cc809fa-c519-491c-99df-43aed39bd77b@group-20336DBB896F-SegmentedRaftLogWorker] INFO  segmented.SegmentedRaftLogWorker (SegmentedRaftLogWorker.java:execute(569)) - 5cc809fa-c519-491c-99df-43aed39bd77b@group-20336DBB896F-SegmentedRaftLogWorker: created new log segment /workdir/hadoop-ozone/integration-test/target/test-dir/MiniOzoneClusterImpl-e1db9d82-1fb6-48f9-8fb7-1f77219b2ee9/datanode-2/data/ratis/f7508bb8-4bb3-4f09-ac26-20336dbb896f/current/log_inprogress_0
2019-09-24 02:29:20,990 [085dba92-8ce5-4f42-893e-544caee8a210@group-8C41FF714108:LeaderElection83] INFO  impl.LeaderElection (LeaderElection.java:logAndReturn(56)) - 085dba92-8ce5-4f42-893e-544caee8a210@group-8C41FF714108:LeaderElection83: Election PASSED; received 2 response(s) [085dba92-8ce5-4f42-893e-544caee8a210<-5a1cfc27-0377-45c9-882e-ae9e71586032#0:OK-t1, 085dba92-8ce5-4f42-893e-544caee8a210<-5cc809fa-c519-491c-99df-43aed39bd77b#0:FAIL-t1] and 0 exception(s); 085dba92-8ce5-4f42-893e-544caee8a210@group-8C41FF714108:t1, leader=null, voted=085dba92-8ce5-4f42-893e-544caee8a210, raftlog=085dba92-8ce5-4f42-893e-544caee8a210@group-8C41FF714108-SegmentedRaftLog:OPENED:c-1,f-1,i0, conf=-1: [5a1cfc27-0377-45c9-882e-ae9e71586032:192.168.151.121:33792, 5cc809fa-c519-491c-99df-43aed39bd77b:192.168.151.121:42564, 085dba92-8ce5-4f42-893e-544caee8a210:192.168.151.121:45199], old=null
2019-09-24 02:29:20,990 [085dba92-8ce5-4f42-893e-544caee8a210@group-8C41FF714108:LeaderElection83] INFO  impl.RoleInfo (RoleInfo.java:shutdownLeaderElection(134)) - 085dba92-8ce5-4f42-893e-544caee8a210: shutdown LeaderElection
2019-09-24 02:29:20,991 [085dba92-8ce5-4f42-893e-544caee8a210@group-8C41FF714108:LeaderElection83] INFO  impl.RaftServerImpl (RaftServerImpl.java:setRole(174)) - 085dba92-8ce5-4f42-893e-544caee8a210@group-8C41FF714108: changes role from CANDIDATE to LEADER at term 1 for changeToLeader
2019-09-24 02:29:20,991 [085dba92-8ce5-4f42-893e-544caee8a210@group-8C41FF714108:LeaderElection83] INFO  impl.RaftServerImpl (ServerState.java:setLeader(253)) - 085dba92-8ce5-4f42-893e-544caee8a210@group-8C41FF714108: change Leader from null to 085dba92-8ce5-4f42-893e-544caee8a210 at term 1 for becomeLeader, leader elected after 1140ms
2019-09-24 02:29:20,991 [085dba92-8ce5-4f42-893e-544caee8a210@group-8C41FF714108:LeaderElection83] INFO  server.RaftServerConfigKeys (ConfUtils.java:logGet(43)) - raft.server.staging.catchup.gap = 1000 (default)
2019-09-24 02:29:20,991 [085dba92-8ce5-4f42-893e-544caee8a210@group-8C41FF714108:LeaderElection83] INFO  server.RaftServerConfigKeys (ConfUtils.java:logGet(43)) - raft.server.rpc.sleep.time = 25ms (default)
2019-09-24 02:29:20,991 [085dba92-8ce5-4f42-893e-544caee8a210@group-8C41FF714108:LeaderElection83] INFO  server.RaftServerConfigKeys (ConfUtils.java:logGet(43)) - raft.server.write.element-limit = 4096 (default)
2019-09-24 02:29:20,991 [085dba92-8ce5-4f42-893e-544caee8a210@group-8C41FF714108:LeaderElection83] INFO  server.RaftServerConfigKeys (ConfUtils.java:logGet(43)) - raft.server.watch.timeout = 10s (default)
2019-09-24 02:29:20,991 [085dba92-8ce5-4f42-893e-544caee8a210@group-8C41FF714108:LeaderElection83] INFO  server.RaftServerConfigKeys (ConfUtils.java:logGet(43)) - raft.server.watch.timeout.denomination = 1s (default)
2019-09-24 02:29:20,991 [085dba92-8ce5-4f42-893e-544caee8a210@group-8C41FF714108:LeaderElection83] INFO  server.RaftServerConfigKeys (ConfUtils.java:logGet(43)) - raft.server.watch.element-limit = 65536 (default)
2019-09-24 02:29:20,993 [085dba92-8ce5-4f42-893e-544caee8a210@group-8C41FF714108:LeaderElection83] INFO  server.RaftServerConfigKeys (ConfUtils.java:logGet(43)) - raft.server.log.appender.snapshot.chunk.size.max = 16MB (=16777216) (default)
2019-09-24 02:29:20,994 [085dba92-8ce5-4f42-893e-544caee8a210@group-8C41FF714108:LeaderElection83] INFO  server.RaftServerConfigKeys (ConfUtils.java:logGet(43)) - raft.server.log.appender.buffer.byte-limit = 33554432 (custom)
2019-09-24 02:29:20,994 [085dba92-8ce5-4f42-893e-544caee8a210@group-8C41FF714108:LeaderElection83] INFO  server.RaftServerConfigKeys (ConfUtils.java:logGet(43)) - raft.server.log.appender.buffer.element-limit = 1 (custom)
2019-09-24 02:29:20,994 [085dba92-8ce5-4f42-893e-544caee8a210@group-8C41FF714108:LeaderElection83] INFO  grpc.GrpcConfigKeys$Server (ConfUtils.java:logGet(43)) - raft.grpc.server.leader.outstanding.appends.max = 128 (default)
2019-09-24 02:29:20,994 [085dba92-8ce5-4f42-893e-544caee8a210@group-8C41FF714108:LeaderElection83] INFO  server.RaftServerConfigKeys (ConfUtils.java:logGet(43)) - raft.server.rpc.request.timeout = 3000ms (default)
2019-09-24 02:29:20,994 [085dba92-8ce5-4f42-893e-544caee8a210@group-8C41FF714108:LeaderElection83] INFO  server.RaftServerConfigKeys (ConfUtils.java:logGet(43)) - raft.server.log.appender.install.snapshot.enabled = false (custom)
2019-09-24 02:29:20,995 [085dba92-8ce5-4f42-893e-544caee8a210@group-8C41FF714108:LeaderElection83] INFO  server.RaftServerConfigKeys (ConfUtils.java:logGet(43)) - raft.server.log.appender.snapshot.chunk.size.max = 16MB (=16777216) (default)
2019-09-24 02:29:20,995 [085dba92-8ce5-4f42-893e-544caee8a210@group-8C41FF714108:LeaderElection83] INFO  server.RaftServerConfigKeys (ConfUtils.java:logGet(43)) - raft.server.log.appender.buffer.byte-limit = 33554432 (custom)
2019-09-24 02:29:20,995 [085dba92-8ce5-4f42-893e-544caee8a210@group-8C41FF714108:LeaderElection83] INFO  server.RaftServerConfigKeys (ConfUtils.java:logGet(43)) - raft.server.log.appender.buffer.element-limit = 1 (custom)
2019-09-24 02:29:20,995 [085dba92-8ce5-4f42-893e-544caee8a210@group-8C41FF714108:LeaderElection83] INFO  grpc.GrpcConfigKeys$Server (ConfUtils.java:logGet(43)) - raft.grpc.server.leader.outstanding.appends.max = 128 (default)
2019-09-24 02:29:20,995 [085dba92-8ce5-4f42-893e-544caee8a210@group-8C41FF714108:LeaderElection83] INFO  server.RaftServerConfigKeys (ConfUtils.java:logGet(43)) - raft.server.rpc.request.timeout = 3000ms (default)
2019-09-24 02:29:20,995 [085dba92-8ce5-4f42-893e-544caee8a210@group-8C41FF714108:LeaderElection83] INFO  server.RaftServerConfigKeys (ConfUtils.java:logGet(43)) - raft.server.log.appender.install.snapshot.enabled = false (custom)
2019-09-24 02:29:20,996 [085dba92-8ce5-4f42-893e-544caee8a210@group-8C41FF714108:LeaderElection83] INFO  impl.RoleInfo (RoleInfo.java:updateAndGet(143)) - 085dba92-8ce5-4f42-893e-544caee8a210: start LeaderState
2019-09-24 02:29:20,996 [085dba92-8ce5-4f42-893e-544caee8a210@group-8C41FF714108:LeaderElection83] INFO  segmented.SegmentedRaftLogWorker (SegmentedRaftLogWorker.java:startLogSegment(380)) - 085dba92-8ce5-4f42-893e-544caee8a210@group-8C41FF714108-SegmentedRaftLogWorker: Starting segment from index:0
2019-09-24 02:29:20,997 [085dba92-8ce5-4f42-893e-544caee8a210@group-8C41FF714108:LeaderElection83] INFO  impl.RaftServerImpl (ServerState.java:setRaftConf(354)) - 085dba92-8ce5-4f42-893e-544caee8a210@group-8C41FF714108: set configuration 0: [5a1cfc27-0377-45c9-882e-ae9e71586032:192.168.151.121:33792, 5cc809fa-c519-491c-99df-43aed39bd77b:192.168.151.121:42564, 085dba92-8ce5-4f42-893e-544caee8a210:192.168.151.121:45199], old=null at 0
2019-09-24 02:29:20,998 [5cc809fa-c519-491c-99df-43aed39bd77b@group-8C41FF714108:LeaderElection85] INFO  impl.LeaderElection (LeaderElection.java:askForVotes(182)) - 5cc809fa-c519-491c-99df-43aed39bd77b@group-8C41FF714108:LeaderElection85: begin an election at term 2 for -1: [5a1cfc27-0377-45c9-882e-ae9e71586032:192.168.151.121:33792, 5cc809fa-c519-491c-99df-43aed39bd77b:192.168.151.121:42564, 085dba92-8ce5-4f42-893e-544caee8a210:192.168.151.121:45199], old=null
2019-09-24 02:29:21,035 [Thread-6077] INFO  impl.FollowerState (FollowerState.java:run(106)) - 789b2ead-7118-41e6-be92-3579bc944c62:group-C2456C519C2F changes to CANDIDATE, lastRpcTime:1049, electionTimeout:1039ms
2019-09-24 02:29:21,035 [Thread-6077] INFO  impl.RoleInfo (RoleInfo.java:shutdownFollowerState(121)) - 789b2ead-7118-41e6-be92-3579bc944c62: shutdown FollowerState
2019-09-24 02:29:21,035 [Thread-6077] INFO  impl.RaftServerImpl (RaftServerImpl.java:setRole(174)) - 789b2ead-7118-41e6-be92-3579bc944c62@group-C2456C519C2F: changes role from  FOLLOWER to CANDIDATE at term 0 for changeToCandidate
2019-09-24 02:29:21,036 [Thread-6077] INFO  impl.RoleInfo (RoleInfo.java:updateAndGet(143)) - 789b2ead-7118-41e6-be92-3579bc944c62: start LeaderElection
2019-09-24 02:29:21,036 [5cc809fa-c519-491c-99df-43aed39bd77b@group-8C41FF714108:LeaderElection85] INFO  impl.LeaderElection (LeaderElection.java:logAndReturn(56)) - 5cc809fa-c519-491c-99df-43aed39bd77b@group-8C41FF714108:LeaderElection85: Election REJECTED; received 0 response(s) [] and 0 exception(s); 5cc809fa-c519-491c-99df-43aed39bd77b@group-8C41FF714108:t2, leader=null, voted=5cc809fa-c519-491c-99df-43aed39bd77b, raftlog=5cc809fa-c519-491c-99df-43aed39bd77b@group-8C41FF714108-SegmentedRaftLog:OPENED:c-1,f-1,i0, conf=-1: [5a1cfc27-0377-45c9-882e-ae9e71586032:192.168.151.121:33792, 5cc809fa-c519-491c-99df-43aed39bd77b:192.168.151.121:42564, 085dba92-8ce5-4f42-893e-544caee8a210:192.168.151.121:45199], old=null
2019-09-24 02:29:21,039 [grpc-default-executor-1] INFO  impl.RaftServerImpl (ServerState.java:setLeader(253)) - 5a1cfc27-0377-45c9-882e-ae9e71586032@group-8C41FF714108: change Leader from null to 085dba92-8ce5-4f42-893e-544caee8a210 at term 1 for appendEntries, leader elected after 1189ms
2019-09-24 02:29:21,049 [085dba92-8ce5-4f42-893e-544caee8a210@group-8C41FF714108-SegmentedRaftLogWorker] INFO  segmented.SegmentedRaftLogWorker (SegmentedRaftLogWorker.java:execute(569)) - 085dba92-8ce5-4f42-893e-544caee8a210@group-8C41FF714108-SegmentedRaftLogWorker: created new log segment /workdir/hadoop-ozone/integration-test/target/test-dir/MiniOzoneClusterImpl-e1db9d82-1fb6-48f9-8fb7-1f77219b2ee9/datanode-1/data/ratis/324c1b84-c963-4b51-b2a7-8c41ff714108/current/log_inprogress_0
2019-09-24 02:29:21,052 [789b2ead-7118-41e6-be92-3579bc944c62@group-C2456C519C2F:LeaderElection86] INFO  impl.LeaderElection (LeaderElection.java:askForVotes(182)) - 789b2ead-7118-41e6-be92-3579bc944c62@group-C2456C519C2F:LeaderElection86: begin an election at term 1 for -1: [789b2ead-7118-41e6-be92-3579bc944c62:192.168.151.121:43411], old=null
2019-09-24 02:29:21,052 [789b2ead-7118-41e6-be92-3579bc944c62@group-C2456C519C2F:LeaderElection86] INFO  impl.RoleInfo (RoleInfo.java:shutdownLeaderElection(134)) - 789b2ead-7118-41e6-be92-3579bc944c62: shutdown LeaderElection
2019-09-24 02:29:21,053 [789b2ead-7118-41e6-be92-3579bc944c62@group-C2456C519C2F:LeaderElection86] INFO  impl.RaftServerImpl (RaftServerImpl.java:setRole(174)) - 789b2ead-7118-41e6-be92-3579bc944c62@group-C2456C519C2F: changes role from CANDIDATE to LEADER at term 1 for changeToLeader
2019-09-24 02:29:21,053 [789b2ead-7118-41e6-be92-3579bc944c62@group-C2456C519C2F:LeaderElection86] INFO  impl.RaftServerImpl (ServerState.java:setLeader(253)) - 789b2ead-7118-41e6-be92-3579bc944c62@group-C2456C519C2F: change Leader from null to 789b2ead-7118-41e6-be92-3579bc944c62 at term 1 for becomeLeader, leader elected after 1075ms
2019-09-24 02:29:21,053 [789b2ead-7118-41e6-be92-3579bc944c62@group-C2456C519C2F:LeaderElection86] INFO  server.RaftServerConfigKeys (ConfUtils.java:logGet(43)) - raft.server.staging.catchup.gap = 1000 (default)
2019-09-24 02:29:21,053 [789b2ead-7118-41e6-be92-3579bc944c62@group-C2456C519C2F:LeaderElection86] INFO  server.RaftServerConfigKeys (ConfUtils.java:logGet(43)) - raft.server.rpc.sleep.time = 25ms (default)
2019-09-24 02:29:21,053 [789b2ead-7118-41e6-be92-3579bc944c62@group-C2456C519C2F:LeaderElection86] INFO  server.RaftServerConfigKeys (ConfUtils.java:logGet(43)) - raft.server.write.element-limit = 4096 (default)
2019-09-24 02:29:21,054 [grpc-default-executor-1] INFO  impl.RaftServerImpl (ServerState.java:setLeader(253)) - 5a1cfc27-0377-45c9-882e-ae9e71586032@group-8C41FF714108: change Leader from 085dba92-8ce5-4f42-893e-544caee8a210 to null at term 2 for updateCurrentTerm
2019-09-24 02:29:21,054 [789b2ead-7118-41e6-be92-3579bc944c62@group-C2456C519C2F:LeaderElection86] INFO  server.RaftServerConfigKeys (ConfUtils.java:logGet(43)) - raft.server.watch.timeout = 10s (default)
2019-09-24 02:29:21,054 [grpc-default-executor-1] INFO  impl.RaftServerImpl (RaftServerImpl.java:setRole(174)) - 5a1cfc27-0377-45c9-882e-ae9e71586032@group-8C41FF714108: changes role from  FOLLOWER to FOLLOWER at term 2 for recognizeCandidate:5cc809fa-c519-491c-99df-43aed39bd77b
2019-09-24 02:29:21,054 [789b2ead-7118-41e6-be92-3579bc944c62@group-C2456C519C2F:LeaderElection86] INFO  server.RaftServerConfigKeys (ConfUtils.java:logGet(43)) - raft.server.watch.timeout.denomination = 1s (default)
2019-09-24 02:29:21,054 [grpc-default-executor-1] INFO  impl.RoleInfo (RoleInfo.java:shutdownFollowerState(121)) - 5a1cfc27-0377-45c9-882e-ae9e71586032: shutdown FollowerState
2019-09-24 02:29:21,054 [789b2ead-7118-41e6-be92-3579bc944c62@group-C2456C519C2F:LeaderElection86] INFO  server.RaftServerConfigKeys (ConfUtils.java:logGet(43)) - raft.server.watch.element-limit = 65536 (default)
2019-09-24 02:29:21,055 [grpc-default-executor-1] INFO  impl.RoleInfo (RoleInfo.java:updateAndGet(143)) - 5a1cfc27-0377-45c9-882e-ae9e71586032: start FollowerState
2019-09-24 02:29:21,055 [grpc-default-executor-2] INFO  impl.RaftServerImpl (ServerState.java:setLeader(253)) - 085dba92-8ce5-4f42-893e-544caee8a210@group-8C41FF714108: change Leader from 085dba92-8ce5-4f42-893e-544caee8a210 to null at term 2 for updateCurrentTerm
2019-09-24 02:29:21,055 [Thread-6125] INFO  impl.FollowerState (FollowerState.java:run(115)) - 5a1cfc27-0377-45c9-882e-ae9e71586032: FollowerState was interrupted: java.lang.InterruptedException: sleep interrupted
2019-09-24 02:29:21,055 [grpc-default-executor-2] INFO  impl.RaftServerImpl (RaftServerImpl.java:setRole(174)) - 085dba92-8ce5-4f42-893e-544caee8a210@group-8C41FF714108: changes role from    LEADER to FOLLOWER at term 2 for recognizeCandidate:5cc809fa-c519-491c-99df-43aed39bd77b
2019-09-24 02:29:21,055 [grpc-default-executor-2] INFO  impl.RoleInfo (RoleInfo.java:shutdownLeaderState(104)) - 085dba92-8ce5-4f42-893e-544caee8a210: shutdown LeaderState
2019-09-24 02:29:21,061 [org.apache.ratis.server.impl.LogAppender$AppenderDaemon$$Lambda$430/2026899056@4f5a9f7] WARN  server.GrpcLogAppender (GrpcLogAppender.java:mayWait(143)) - 085dba92-8ce5-4f42-893e-544caee8a210@group-8C41FF714108->5cc809fa-c519-491c-99df-43aed39bd77b-GrpcLogAppender: Wait interrupted by java.lang.InterruptedException
2019-09-24 02:29:21,061 [grpc-default-executor-2] INFO  impl.PendingRequests (PendingRequests.java:sendNotLeaderResponses(202)) - 085dba92-8ce5-4f42-893e-544caee8a210-PendingRequests: sendNotLeaderResponses
2019-09-24 02:29:21,061 [org.apache.ratis.server.impl.LogAppender$AppenderDaemon$$Lambda$430/2026899056@16139cd0] WARN  server.GrpcLogAppender (GrpcLogAppender.java:mayWait(143)) - 085dba92-8ce5-4f42-893e-544caee8a210@group-8C41FF714108->5a1cfc27-0377-45c9-882e-ae9e71586032-GrpcLogAppender: Wait interrupted by java.lang.InterruptedException
2019-09-24 02:29:21,061 [grpc-default-executor-0] INFO  server.GrpcServerProtocolService (GrpcServerProtocolService.java:onCompleted(113)) - 5cc809fa-c519-491c-99df-43aed39bd77b: Completed APPEND_ENTRIES, lastRequest: 085dba92-8ce5-4f42-893e-544caee8a210->5cc809fa-c519-491c-99df-43aed39bd77b#0-t1, previous=(t:0, i:0), leaderCommit=-1, initializing? false, entries: <empty>
2019-09-24 02:29:21,061 [grpc-default-executor-2] INFO  impl.RoleInfo (RoleInfo.java:updateAndGet(143)) - 085dba92-8ce5-4f42-893e-544caee8a210: start FollowerState
2019-09-24 02:29:21,062 [grpc-default-executor-0] INFO  server.GrpcLogAppender (GrpcLogAppender.java:onCompleted(293)) - 085dba92-8ce5-4f42-893e-544caee8a210@group-8C41FF714108->5cc809fa-c519-491c-99df-43aed39bd77b-AppendLogResponseHandler: follower responses appendEntries COMPLETED
2019-09-24 02:29:21,062 [789b2ead-7118-41e6-be92-3579bc944c62@group-C2456C519C2F:LeaderElection86] INFO  impl.RoleInfo (RoleInfo.java:updateAndGet(143)) - 789b2ead-7118-41e6-be92-3579bc944c62: start LeaderState
2019-09-24 02:29:21,063 [grpc-default-executor-0] INFO  impl.FollowerInfo (FollowerInfo.java:lambda$new$0(51)) - 085dba92-8ce5-4f42-893e-544caee8a210@group-8C41FF714108->5cc809fa-c519-491c-99df-43aed39bd77b: nextIndex: updateUnconditionally 0 -> 0
2019-09-24 02:29:21,063 [789b2ead-7118-41e6-be92-3579bc944c62@group-C2456C519C2F:LeaderElection86] INFO  segmented.SegmentedRaftLogWorker (SegmentedRaftLogWorker.java:startLogSegment(380)) - 789b2ead-7118-41e6-be92-3579bc944c62@group-C2456C519C2F-SegmentedRaftLogWorker: Starting segment from index:0
2019-09-24 02:29:21,063 [789b2ead-7118-41e6-be92-3579bc944c62@group-C2456C519C2F:LeaderElection86] INFO  impl.RaftServerImpl (ServerState.java:setRaftConf(354)) - 789b2ead-7118-41e6-be92-3579bc944c62@group-C2456C519C2F: set configuration 0: [789b2ead-7118-41e6-be92-3579bc944c62:192.168.151.121:43411], old=null at 0
2019-09-24 02:29:21,097 [grpc-default-executor-3] INFO  server.GrpcServerProtocolService (GrpcServerProtocolService.java:onCompleted(113)) - 5a1cfc27-0377-45c9-882e-ae9e71586032: Completed APPEND_ENTRIES, lastRequest: 085dba92-8ce5-4f42-893e-544caee8a210->5a1cfc27-0377-45c9-882e-ae9e71586032#1-t1, previous=(t:0, i:0), leaderCommit=-1, initializing? false, entries: size=1, first=(t:1, i:0), CONFIGURATIONENTRY
2019-09-24 02:29:21,098 [grpc-default-executor-3] INFO  server.GrpcLogAppender (GrpcLogAppender.java:onCompleted(293)) - 085dba92-8ce5-4f42-893e-544caee8a210@group-8C41FF714108->5a1cfc27-0377-45c9-882e-ae9e71586032-AppendLogResponseHandler: follower responses appendEntries COMPLETED
2019-09-24 02:29:21,098 [grpc-default-executor-3] INFO  impl.FollowerInfo (FollowerInfo.java:lambda$new$0(51)) - 085dba92-8ce5-4f42-893e-544caee8a210@group-8C41FF714108->5a1cfc27-0377-45c9-882e-ae9e71586032: nextIndex: updateUnconditionally 1 -> 0
2019-09-24 02:29:21,106 [Thread-6080] INFO  impl.FollowerState (FollowerState.java:run(106)) - 8f38fc7d-5394-40fc-bec2-62867055670b:group-1E10EA623FCA changes to CANDIDATE, lastRpcTime:1011, electionTimeout:1011ms
2019-09-24 02:29:21,106 [Thread-6080] INFO  impl.RoleInfo (RoleInfo.java:shutdownFollowerState(121)) - 8f38fc7d-5394-40fc-bec2-62867055670b: shutdown FollowerState
2019-09-24 02:29:21,106 [Thread-6080] INFO  impl.RaftServerImpl (RaftServerImpl.java:setRole(174)) - 8f38fc7d-5394-40fc-bec2-62867055670b@group-1E10EA623FCA: changes role from  FOLLOWER to CANDIDATE at term 0 for changeToCandidate
2019-09-24 02:29:21,106 [Thread-6080] INFO  impl.RoleInfo (RoleInfo.java:updateAndGet(143)) - 8f38fc7d-5394-40fc-bec2-62867055670b: start LeaderElection
2019-09-24 02:29:21,116 [789b2ead-7118-41e6-be92-3579bc944c62@group-C2456C519C2F-SegmentedRaftLogWorker] INFO  segmented.SegmentedRaftLogWorker (SegmentedRaftLogWorker.java:execute(569)) - 789b2ead-7118-41e6-be92-3579bc944c62@group-C2456C519C2F-SegmentedRaftLogWorker: created new log segment /workdir/hadoop-ozone/integration-test/target/test-dir/MiniOzoneClusterImpl-e1db9d82-1fb6-48f9-8fb7-1f77219b2ee9/datanode-4/data/ratis/e3c8a8b4-7740-45c7-ada4-c2456c519c2f/current/log_inprogress_0
2019-09-24 02:29:21,118 [8f38fc7d-5394-40fc-bec2-62867055670b@group-1E10EA623FCA:LeaderElection87] INFO  impl.LeaderElection (LeaderElection.java:askForVotes(182)) - 8f38fc7d-5394-40fc-bec2-62867055670b@group-1E10EA623FCA:LeaderElection87: begin an election at term 1 for -1: [8f38fc7d-5394-40fc-bec2-62867055670b:192.168.151.121:45951], old=null
2019-09-24 02:29:21,118 [8f38fc7d-5394-40fc-bec2-62867055670b@group-1E10EA623FCA:LeaderElection87] INFO  impl.RoleInfo (RoleInfo.java:shutdownLeaderElection(134)) - 8f38fc7d-5394-40fc-bec2-62867055670b: shutdown LeaderElection
2019-09-24 02:29:21,119 [8f38fc7d-5394-40fc-bec2-62867055670b@group-1E10EA623FCA:LeaderElection87] INFO  impl.RaftServerImpl (RaftServerImpl.java:setRole(174)) - 8f38fc7d-5394-40fc-bec2-62867055670b@group-1E10EA623FCA: changes role from CANDIDATE to LEADER at term 1 for changeToLeader
2019-09-24 02:29:21,119 [8f38fc7d-5394-40fc-bec2-62867055670b@group-1E10EA623FCA:LeaderElection87] INFO  impl.RaftServerImpl (ServerState.java:setLeader(253)) - 8f38fc7d-5394-40fc-bec2-62867055670b@group-1E10EA623FCA: change Leader from null to 8f38fc7d-5394-40fc-bec2-62867055670b at term 1 for becomeLeader, leader elected after 1030ms
2019-09-24 02:29:21,119 [8f38fc7d-5394-40fc-bec2-62867055670b@group-1E10EA623FCA:LeaderElection87] INFO  server.RaftServerConfigKeys (ConfUtils.java:logGet(43)) - raft.server.staging.catchup.gap = 1000 (default)
2019-09-24 02:29:21,119 [8f38fc7d-5394-40fc-bec2-62867055670b@group-1E10EA623FCA:LeaderElection87] INFO  server.RaftServerConfigKeys (ConfUtils.java:logGet(43)) - raft.server.rpc.sleep.time = 25ms (default)
2019-09-24 02:29:21,119 [8f38fc7d-5394-40fc-bec2-62867055670b@group-1E10EA623FCA:LeaderElection87] INFO  server.RaftServerConfigKeys (ConfUtils.java:logGet(43)) - raft.server.write.element-limit = 4096 (default)
2019-09-24 02:29:21,119 [8f38fc7d-5394-40fc-bec2-62867055670b@group-1E10EA623FCA:LeaderElection87] INFO  server.RaftServerConfigKeys (ConfUtils.java:logGet(43)) - raft.server.watch.timeout = 10s (default)
2019-09-24 02:29:21,119 [8f38fc7d-5394-40fc-bec2-62867055670b@group-1E10EA623FCA:LeaderElection87] INFO  server.RaftServerConfigKeys (ConfUtils.java:logGet(43)) - raft.server.watch.timeout.denomination = 1s (default)
2019-09-24 02:29:21,119 [8f38fc7d-5394-40fc-bec2-62867055670b@group-1E10EA623FCA:LeaderElection87] INFO  server.RaftServerConfigKeys (ConfUtils.java:logGet(43)) - raft.server.watch.element-limit = 65536 (default)
2019-09-24 02:29:21,121 [8f38fc7d-5394-40fc-bec2-62867055670b@group-1E10EA623FCA:LeaderElection87] INFO  impl.RoleInfo (RoleInfo.java:updateAndGet(143)) - 8f38fc7d-5394-40fc-bec2-62867055670b: start LeaderState
2019-09-24 02:29:21,121 [8f38fc7d-5394-40fc-bec2-62867055670b@group-1E10EA623FCA:LeaderElection87] INFO  segmented.SegmentedRaftLogWorker (SegmentedRaftLogWorker.java:startLogSegment(380)) - 8f38fc7d-5394-40fc-bec2-62867055670b@group-1E10EA623FCA-SegmentedRaftLogWorker: Starting segment from index:0
2019-09-24 02:29:21,122 [8f38fc7d-5394-40fc-bec2-62867055670b@group-1E10EA623FCA:LeaderElection87] INFO  impl.RaftServerImpl (ServerState.java:setRaftConf(354)) - 8f38fc7d-5394-40fc-bec2-62867055670b@group-1E10EA623FCA: set configuration 0: [8f38fc7d-5394-40fc-bec2-62867055670b:192.168.151.121:45951], old=null at 0
2019-09-24 02:29:21,181 [8f38fc7d-5394-40fc-bec2-62867055670b@group-1E10EA623FCA-SegmentedRaftLogWorker] INFO  segmented.SegmentedRaftLogWorker (SegmentedRaftLogWorker.java:execute(569)) - 8f38fc7d-5394-40fc-bec2-62867055670b@group-1E10EA623FCA-SegmentedRaftLogWorker: created new log segment /workdir/hadoop-ozone/integration-test/target/test-dir/MiniOzoneClusterImpl-e1db9d82-1fb6-48f9-8fb7-1f77219b2ee9/datanode-3/data/ratis/200db46e-c522-4eeb-ba89-1e10ea623fca/current/log_inprogress_0
2019-09-24 02:29:21,270 [Thread-6089] INFO  impl.FollowerState (FollowerState.java:run(106)) - 56d7dd02-5e2f-4ce9-bc16-c2a7d153f33e:group-D04957732636 changes to CANDIDATE, lastRpcTime:1003, electionTimeout:1003ms
2019-09-24 02:29:21,271 [Thread-6089] INFO  impl.RoleInfo (RoleInfo.java:shutdownFollowerState(121)) - 56d7dd02-5e2f-4ce9-bc16-c2a7d153f33e: shutdown FollowerState
2019-09-24 02:29:21,271 [Thread-6089] INFO  impl.RaftServerImpl (RaftServerImpl.java:setRole(174)) - 56d7dd02-5e2f-4ce9-bc16-c2a7d153f33e@group-D04957732636: changes role from  FOLLOWER to CANDIDATE at term 0 for changeToCandidate
2019-09-24 02:29:21,271 [Thread-6089] INFO  impl.RoleInfo (RoleInfo.java:updateAndGet(143)) - 56d7dd02-5e2f-4ce9-bc16-c2a7d153f33e: start LeaderElection
2019-09-24 02:29:21,293 [56d7dd02-5e2f-4ce9-bc16-c2a7d153f33e@group-D04957732636:LeaderElection88] INFO  impl.LeaderElection (LeaderElection.java:askForVotes(182)) - 56d7dd02-5e2f-4ce9-bc16-c2a7d153f33e@group-D04957732636:LeaderElection88: begin an election at term 1 for -1: [56d7dd02-5e2f-4ce9-bc16-c2a7d153f33e:192.168.151.121:34190], old=null
2019-09-24 02:29:21,293 [56d7dd02-5e2f-4ce9-bc16-c2a7d153f33e@group-D04957732636:LeaderElection88] INFO  impl.RoleInfo (RoleInfo.java:shutdownLeaderElection(134)) - 56d7dd02-5e2f-4ce9-bc16-c2a7d153f33e: shutdown LeaderElection
2019-09-24 02:29:21,293 [56d7dd02-5e2f-4ce9-bc16-c2a7d153f33e@group-D04957732636:LeaderElection88] INFO  impl.RaftServerImpl (RaftServerImpl.java:setRole(174)) - 56d7dd02-5e2f-4ce9-bc16-c2a7d153f33e@group-D04957732636: changes role from CANDIDATE to LEADER at term 1 for changeToLeader
2019-09-24 02:29:21,293 [56d7dd02-5e2f-4ce9-bc16-c2a7d153f33e@group-D04957732636:LeaderElection88] INFO  impl.RaftServerImpl (ServerState.java:setLeader(253)) - 56d7dd02-5e2f-4ce9-bc16-c2a7d153f33e@group-D04957732636: change Leader from null to 56d7dd02-5e2f-4ce9-bc16-c2a7d153f33e at term 1 for becomeLeader, leader elected after 1034ms
2019-09-24 02:29:21,294 [56d7dd02-5e2f-4ce9-bc16-c2a7d153f33e@group-D04957732636:LeaderElection88] INFO  server.RaftServerConfigKeys (ConfUtils.java:logGet(43)) - raft.server.staging.catchup.gap = 1000 (default)
2019-09-24 02:29:21,294 [56d7dd02-5e2f-4ce9-bc16-c2a7d153f33e@group-D04957732636:LeaderElection88] INFO  server.RaftServerConfigKeys (ConfUtils.java:logGet(43)) - raft.server.rpc.sleep.time = 25ms (default)
2019-09-24 02:29:21,294 [56d7dd02-5e2f-4ce9-bc16-c2a7d153f33e@group-D04957732636:LeaderElection88] INFO  server.RaftServerConfigKeys (ConfUtils.java:logGet(43)) - raft.server.write.element-limit = 4096 (default)
2019-09-24 02:29:21,294 [56d7dd02-5e2f-4ce9-bc16-c2a7d153f33e@group-D04957732636:LeaderElection88] INFO  server.RaftServerConfigKeys (ConfUtils.java:logGet(43)) - raft.server.watch.timeout = 10s (default)
2019-09-24 02:29:21,294 [56d7dd02-5e2f-4ce9-bc16-c2a7d153f33e@group-D04957732636:LeaderElection88] INFO  server.RaftServerConfigKeys (ConfUtils.java:logGet(43)) - raft.server.watch.timeout.denomination = 1s (default)
2019-09-24 02:29:21,294 [56d7dd02-5e2f-4ce9-bc16-c2a7d153f33e@group-D04957732636:LeaderElection88] INFO  server.RaftServerConfigKeys (ConfUtils.java:logGet(43)) - raft.server.watch.element-limit = 65536 (default)
2019-09-24 02:29:21,297 [56d7dd02-5e2f-4ce9-bc16-c2a7d153f33e@group-D04957732636:LeaderElection88] INFO  impl.RoleInfo (RoleInfo.java:updateAndGet(143)) - 56d7dd02-5e2f-4ce9-bc16-c2a7d153f33e: start LeaderState
2019-09-24 02:29:21,297 [56d7dd02-5e2f-4ce9-bc16-c2a7d153f33e@group-D04957732636:LeaderElection88] INFO  segmented.SegmentedRaftLogWorker (SegmentedRaftLogWorker.java:startLogSegment(380)) - 56d7dd02-5e2f-4ce9-bc16-c2a7d153f33e@group-D04957732636-SegmentedRaftLogWorker: Starting segment from index:0
2019-09-24 02:29:21,297 [56d7dd02-5e2f-4ce9-bc16-c2a7d153f33e@group-D04957732636:LeaderElection88] INFO  impl.RaftServerImpl (ServerState.java:setRaftConf(354)) - 56d7dd02-5e2f-4ce9-bc16-c2a7d153f33e@group-D04957732636: set configuration 0: [56d7dd02-5e2f-4ce9-bc16-c2a7d153f33e:192.168.151.121:34190], old=null at 0
2019-09-24 02:29:21,301 [Thread-6083] INFO  impl.FollowerState (FollowerState.java:run(106)) - 0bec04af-c60a-441b-9562-0d7467eb7c58:group-EF6696276DFD changes to CANDIDATE, lastRpcTime:1151, electionTimeout:1151ms
2019-09-24 02:29:21,302 [Thread-6083] INFO  impl.RoleInfo (RoleInfo.java:shutdownFollowerState(121)) - 0bec04af-c60a-441b-9562-0d7467eb7c58: shutdown FollowerState
2019-09-24 02:29:21,302 [Thread-6083] INFO  impl.RaftServerImpl (RaftServerImpl.java:setRole(174)) - 0bec04af-c60a-441b-9562-0d7467eb7c58@group-EF6696276DFD: changes role from  FOLLOWER to CANDIDATE at term 0 for changeToCandidate
2019-09-24 02:29:21,302 [Thread-6083] INFO  impl.RoleInfo (RoleInfo.java:updateAndGet(143)) - 0bec04af-c60a-441b-9562-0d7467eb7c58: start LeaderElection
2019-09-24 02:29:21,343 [main] INFO  ipc.Client (Client.java:handleConnectionFailure(948)) - Retrying connect to server: localhost/127.0.0.1:0. Already tried 0 time(s); retry policy is RetryUpToMaximumCountWithFixedSleep(maxRetries=10, sleepTime=1000 MILLISECONDS)
2019-09-24 02:29:21,356 [56d7dd02-5e2f-4ce9-bc16-c2a7d153f33e@group-D04957732636-SegmentedRaftLogWorker] INFO  segmented.SegmentedRaftLogWorker (SegmentedRaftLogWorker.java:execute(569)) - 56d7dd02-5e2f-4ce9-bc16-c2a7d153f33e@group-D04957732636-SegmentedRaftLogWorker: created new log segment /workdir/hadoop-ozone/integration-test/target/test-dir/MiniOzoneClusterImpl-e1db9d82-1fb6-48f9-8fb7-1f77219b2ee9/datanode-7/data/ratis/071b0edf-6e4d-4e71-85d6-d04957732636/current/log_inprogress_0
2019-09-24 02:29:21,356 [0bec04af-c60a-441b-9562-0d7467eb7c58@group-EF6696276DFD:LeaderElection89] INFO  impl.LeaderElection (LeaderElection.java:askForVotes(182)) - 0bec04af-c60a-441b-9562-0d7467eb7c58@group-EF6696276DFD:LeaderElection89: begin an election at term 1 for -1: [0bec04af-c60a-441b-9562-0d7467eb7c58:192.168.151.121:44318], old=null
2019-09-24 02:29:21,357 [0bec04af-c60a-441b-9562-0d7467eb7c58@group-EF6696276DFD:LeaderElection89] INFO  impl.RoleInfo (RoleInfo.java:shutdownLeaderElection(134)) - 0bec04af-c60a-441b-9562-0d7467eb7c58: shutdown LeaderElection
2019-09-24 02:29:21,357 [0bec04af-c60a-441b-9562-0d7467eb7c58@group-EF6696276DFD:LeaderElection89] INFO  impl.RaftServerImpl (RaftServerImpl.java:setRole(174)) - 0bec04af-c60a-441b-9562-0d7467eb7c58@group-EF6696276DFD: changes role from CANDIDATE to LEADER at term 1 for changeToLeader
2019-09-24 02:29:21,357 [0bec04af-c60a-441b-9562-0d7467eb7c58@group-EF6696276DFD:LeaderElection89] INFO  impl.RaftServerImpl (ServerState.java:setLeader(253)) - 0bec04af-c60a-441b-9562-0d7467eb7c58@group-EF6696276DFD: change Leader from null to 0bec04af-c60a-441b-9562-0d7467eb7c58 at term 1 for becomeLeader, leader elected after 1214ms
2019-09-24 02:29:21,358 [0bec04af-c60a-441b-9562-0d7467eb7c58@group-EF6696276DFD:LeaderElection89] INFO  server.RaftServerConfigKeys (ConfUtils.java:logGet(43)) - raft.server.staging.catchup.gap = 1000 (default)
2019-09-24 02:29:21,358 [0bec04af-c60a-441b-9562-0d7467eb7c58@group-EF6696276DFD:LeaderElection89] INFO  server.RaftServerConfigKeys (ConfUtils.java:logGet(43)) - raft.server.rpc.sleep.time = 25ms (default)
2019-09-24 02:29:21,358 [0bec04af-c60a-441b-9562-0d7467eb7c58@group-EF6696276DFD:LeaderElection89] INFO  server.RaftServerConfigKeys (ConfUtils.java:logGet(43)) - raft.server.write.element-limit = 4096 (default)
2019-09-24 02:29:21,358 [0bec04af-c60a-441b-9562-0d7467eb7c58@group-EF6696276DFD:LeaderElection89] INFO  server.RaftServerConfigKeys (ConfUtils.java:logGet(43)) - raft.server.watch.timeout = 10s (default)
2019-09-24 02:29:21,359 [0bec04af-c60a-441b-9562-0d7467eb7c58@group-EF6696276DFD:LeaderElection89] INFO  server.RaftServerConfigKeys (ConfUtils.java:logGet(43)) - raft.server.watch.timeout.denomination = 1s (default)
2019-09-24 02:29:21,359 [0bec04af-c60a-441b-9562-0d7467eb7c58@group-EF6696276DFD:LeaderElection89] INFO  server.RaftServerConfigKeys (ConfUtils.java:logGet(43)) - raft.server.watch.element-limit = 65536 (default)
2019-09-24 02:29:21,362 [0bec04af-c60a-441b-9562-0d7467eb7c58@group-EF6696276DFD:LeaderElection89] INFO  impl.RoleInfo (RoleInfo.java:updateAndGet(143)) - 0bec04af-c60a-441b-9562-0d7467eb7c58: start LeaderState
2019-09-24 02:29:21,362 [0bec04af-c60a-441b-9562-0d7467eb7c58@group-EF6696276DFD:LeaderElection89] INFO  segmented.SegmentedRaftLogWorker (SegmentedRaftLogWorker.java:startLogSegment(380)) - 0bec04af-c60a-441b-9562-0d7467eb7c58@group-EF6696276DFD-SegmentedRaftLogWorker: Starting segment from index:0
2019-09-24 02:29:21,364 [0bec04af-c60a-441b-9562-0d7467eb7c58@group-EF6696276DFD:LeaderElection89] INFO  impl.RaftServerImpl (ServerState.java:setRaftConf(354)) - 0bec04af-c60a-441b-9562-0d7467eb7c58@group-EF6696276DFD: set configuration 0: [0bec04af-c60a-441b-9562-0d7467eb7c58:192.168.151.121:44318], old=null at 0
2019-09-24 02:29:21,365 [Thread-6086] INFO  impl.FollowerState (FollowerState.java:run(106)) - 802dd090-3361-4aa9-ab79-78a8dffa1107:group-96689F49D762 changes to CANDIDATE, lastRpcTime:1159, electionTimeout:1159ms
2019-09-24 02:29:21,365 [Thread-6086] INFO  impl.RoleInfo (RoleInfo.java:shutdownFollowerState(121)) - 802dd090-3361-4aa9-ab79-78a8dffa1107: shutdown FollowerState
2019-09-24 02:29:21,365 [Thread-6086] INFO  impl.RaftServerImpl (RaftServerImpl.java:setRole(174)) - 802dd090-3361-4aa9-ab79-78a8dffa1107@group-96689F49D762: changes role from  FOLLOWER to CANDIDATE at term 0 for changeToCandidate
2019-09-24 02:29:21,366 [Thread-6086] INFO  impl.RoleInfo (RoleInfo.java:updateAndGet(143)) - 802dd090-3361-4aa9-ab79-78a8dffa1107: start LeaderElection
2019-09-24 02:29:21,407 [Thread-6093] INFO  impl.FollowerState (FollowerState.java:run(106)) - 0604b7ce-3702-4402-9f78-e4e71bac4ced:group-D47DCCB84B9E changes to CANDIDATE, lastRpcTime:1066, electionTimeout:1066ms
2019-09-24 02:29:21,408 [Thread-6093] INFO  impl.RoleInfo (RoleInfo.java:shutdownFollowerState(121)) - 0604b7ce-3702-4402-9f78-e4e71bac4ced: shutdown FollowerState
2019-09-24 02:29:21,408 [Thread-6093] INFO  impl.RaftServerImpl (RaftServerImpl.java:setRole(174)) - 0604b7ce-3702-4402-9f78-e4e71bac4ced@group-D47DCCB84B9E: changes role from  FOLLOWER to CANDIDATE at term 0 for changeToCandidate
2019-09-24 02:29:21,408 [Thread-6093] INFO  impl.RoleInfo (RoleInfo.java:updateAndGet(143)) - 0604b7ce-3702-4402-9f78-e4e71bac4ced: start LeaderElection
2019-09-24 02:29:21,420 [0bec04af-c60a-441b-9562-0d7467eb7c58@group-EF6696276DFD-SegmentedRaftLogWorker] INFO  segmented.SegmentedRaftLogWorker (SegmentedRaftLogWorker.java:execute(569)) - 0bec04af-c60a-441b-9562-0d7467eb7c58@group-EF6696276DFD-SegmentedRaftLogWorker: created new log segment /workdir/hadoop-ozone/integration-test/target/test-dir/MiniOzoneClusterImpl-e1db9d82-1fb6-48f9-8fb7-1f77219b2ee9/datanode-6/data/ratis/6c648063-0289-4d9c-a2f0-ef6696276dfd/current/log_inprogress_0
2019-09-24 02:29:21,420 [802dd090-3361-4aa9-ab79-78a8dffa1107@group-96689F49D762:LeaderElection90] INFO  impl.LeaderElection (LeaderElection.java:askForVotes(182)) - 802dd090-3361-4aa9-ab79-78a8dffa1107@group-96689F49D762:LeaderElection90: begin an election at term 1 for -1: [802dd090-3361-4aa9-ab79-78a8dffa1107:192.168.151.121:38747], old=null
2019-09-24 02:29:21,420 [0604b7ce-3702-4402-9f78-e4e71bac4ced@group-D47DCCB84B9E:LeaderElection91] INFO  impl.LeaderElection (LeaderElection.java:askForVotes(182)) - 0604b7ce-3702-4402-9f78-e4e71bac4ced@group-D47DCCB84B9E:LeaderElection91: begin an election at term 1 for -1: [0604b7ce-3702-4402-9f78-e4e71bac4ced:192.168.151.121:35986], old=null
2019-09-24 02:29:21,420 [802dd090-3361-4aa9-ab79-78a8dffa1107@group-96689F49D762:LeaderElection90] INFO  impl.RoleInfo (RoleInfo.java:shutdownLeaderElection(134)) - 802dd090-3361-4aa9-ab79-78a8dffa1107: shutdown LeaderElection
2019-09-24 02:29:21,420 [0604b7ce-3702-4402-9f78-e4e71bac4ced@group-D47DCCB84B9E:LeaderElection91] INFO  impl.RoleInfo (RoleInfo.java:shutdownLeaderElection(134)) - 0604b7ce-3702-4402-9f78-e4e71bac4ced: shutdown LeaderElection
2019-09-24 02:29:21,420 [802dd090-3361-4aa9-ab79-78a8dffa1107@group-96689F49D762:LeaderElection90] INFO  impl.RaftServerImpl (RaftServerImpl.java:setRole(174)) - 802dd090-3361-4aa9-ab79-78a8dffa1107@group-96689F49D762: changes role from CANDIDATE to LEADER at term 1 for changeToLeader
2019-09-24 02:29:21,420 [0604b7ce-3702-4402-9f78-e4e71bac4ced@group-D47DCCB84B9E:LeaderElection91] INFO  impl.RaftServerImpl (RaftServerImpl.java:setRole(174)) - 0604b7ce-3702-4402-9f78-e4e71bac4ced@group-D47DCCB84B9E: changes role from CANDIDATE to LEADER at term 1 for changeToLeader
2019-09-24 02:29:21,421 [802dd090-3361-4aa9-ab79-78a8dffa1107@group-96689F49D762:LeaderElection90] INFO  impl.RaftServerImpl (ServerState.java:setLeader(253)) - 802dd090-3361-4aa9-ab79-78a8dffa1107@group-96689F49D762: change Leader from null to 802dd090-3361-4aa9-ab79-78a8dffa1107 at term 1 for becomeLeader, leader elected after 1226ms
2019-09-24 02:29:21,421 [0604b7ce-3702-4402-9f78-e4e71bac4ced@group-D47DCCB84B9E:LeaderElection91] INFO  impl.RaftServerImpl (ServerState.java:setLeader(253)) - 0604b7ce-3702-4402-9f78-e4e71bac4ced@group-D47DCCB84B9E: change Leader from null to 0604b7ce-3702-4402-9f78-e4e71bac4ced at term 1 for becomeLeader, leader elected after 1086ms
2019-09-24 02:29:21,421 [802dd090-3361-4aa9-ab79-78a8dffa1107@group-96689F49D762:LeaderElection90] INFO  server.RaftServerConfigKeys (ConfUtils.java:logGet(43)) - raft.server.staging.catchup.gap = 1000 (default)
2019-09-24 02:29:21,421 [0604b7ce-3702-4402-9f78-e4e71bac4ced@group-D47DCCB84B9E:LeaderElection91] INFO  server.RaftServerConfigKeys (ConfUtils.java:logGet(43)) - raft.server.staging.catchup.gap = 1000 (default)
2019-09-24 02:29:21,421 [802dd090-3361-4aa9-ab79-78a8dffa1107@group-96689F49D762:LeaderElection90] INFO  server.RaftServerConfigKeys (ConfUtils.java:logGet(43)) - raft.server.rpc.sleep.time = 25ms (default)
2019-09-24 02:29:21,421 [0604b7ce-3702-4402-9f78-e4e71bac4ced@group-D47DCCB84B9E:LeaderElection91] INFO  server.RaftServerConfigKeys (ConfUtils.java:logGet(43)) - raft.server.rpc.sleep.time = 25ms (default)
2019-09-24 02:29:21,422 [802dd090-3361-4aa9-ab79-78a8dffa1107@group-96689F49D762:LeaderElection90] INFO  server.RaftServerConfigKeys (ConfUtils.java:logGet(43)) - raft.server.write.element-limit = 4096 (default)
2019-09-24 02:29:21,422 [0604b7ce-3702-4402-9f78-e4e71bac4ced@group-D47DCCB84B9E:LeaderElection91] INFO  server.RaftServerConfigKeys (ConfUtils.java:logGet(43)) - raft.server.write.element-limit = 4096 (default)
2019-09-24 02:29:21,422 [802dd090-3361-4aa9-ab79-78a8dffa1107@group-96689F49D762:LeaderElection90] INFO  server.RaftServerConfigKeys (ConfUtils.java:logGet(43)) - raft.server.watch.timeout = 10s (default)
2019-09-24 02:29:21,422 [0604b7ce-3702-4402-9f78-e4e71bac4ced@group-D47DCCB84B9E:LeaderElection91] INFO  server.RaftServerConfigKeys (ConfUtils.java:logGet(43)) - raft.server.watch.timeout = 10s (default)
2019-09-24 02:29:21,422 [802dd090-3361-4aa9-ab79-78a8dffa1107@group-96689F49D762:LeaderElection90] INFO  server.RaftServerConfigKeys (ConfUtils.java:logGet(43)) - raft.server.watch.timeout.denomination = 1s (default)
2019-09-24 02:29:21,422 [0604b7ce-3702-4402-9f78-e4e71bac4ced@group-D47DCCB84B9E:LeaderElection91] INFO  server.RaftServerConfigKeys (ConfUtils.java:logGet(43)) - raft.server.watch.timeout.denomination = 1s (default)
2019-09-24 02:29:21,423 [802dd090-3361-4aa9-ab79-78a8dffa1107@group-96689F49D762:LeaderElection90] INFO  server.RaftServerConfigKeys (ConfUtils.java:logGet(43)) - raft.server.watch.element-limit = 65536 (default)
2019-09-24 02:29:21,423 [0604b7ce-3702-4402-9f78-e4e71bac4ced@group-D47DCCB84B9E:LeaderElection91] INFO  server.RaftServerConfigKeys (ConfUtils.java:logGet(43)) - raft.server.watch.element-limit = 65536 (default)
2019-09-24 02:29:21,427 [802dd090-3361-4aa9-ab79-78a8dffa1107@group-96689F49D762:LeaderElection90] INFO  impl.RoleInfo (RoleInfo.java:updateAndGet(143)) - 802dd090-3361-4aa9-ab79-78a8dffa1107: start LeaderState
2019-09-24 02:29:21,427 [0604b7ce-3702-4402-9f78-e4e71bac4ced@group-D47DCCB84B9E:LeaderElection91] INFO  impl.RoleInfo (RoleInfo.java:updateAndGet(143)) - 0604b7ce-3702-4402-9f78-e4e71bac4ced: start LeaderState
2019-09-24 02:29:21,427 [802dd090-3361-4aa9-ab79-78a8dffa1107@group-96689F49D762:LeaderElection90] INFO  segmented.SegmentedRaftLogWorker (SegmentedRaftLogWorker.java:startLogSegment(380)) - 802dd090-3361-4aa9-ab79-78a8dffa1107@group-96689F49D762-SegmentedRaftLogWorker: Starting segment from index:0
2019-09-24 02:29:21,427 [0604b7ce-3702-4402-9f78-e4e71bac4ced@group-D47DCCB84B9E:LeaderElection91] INFO  segmented.SegmentedRaftLogWorker (SegmentedRaftLogWorker.java:startLogSegment(380)) - 0604b7ce-3702-4402-9f78-e4e71bac4ced@group-D47DCCB84B9E-SegmentedRaftLogWorker: Starting segment from index:0
2019-09-24 02:29:21,428 [802dd090-3361-4aa9-ab79-78a8dffa1107@group-96689F49D762:LeaderElection90] INFO  impl.RaftServerImpl (ServerState.java:setRaftConf(354)) - 802dd090-3361-4aa9-ab79-78a8dffa1107@group-96689F49D762: set configuration 0: [802dd090-3361-4aa9-ab79-78a8dffa1107:192.168.151.121:38747], old=null at 0
2019-09-24 02:29:21,428 [0604b7ce-3702-4402-9f78-e4e71bac4ced@group-D47DCCB84B9E:LeaderElection91] INFO  impl.RaftServerImpl (ServerState.java:setRaftConf(354)) - 0604b7ce-3702-4402-9f78-e4e71bac4ced@group-D47DCCB84B9E: set configuration 0: [0604b7ce-3702-4402-9f78-e4e71bac4ced:192.168.151.121:35986], old=null at 0
2019-09-24 02:29:21,479 [802dd090-3361-4aa9-ab79-78a8dffa1107@group-96689F49D762-SegmentedRaftLogWorker] INFO  segmented.SegmentedRaftLogWorker (SegmentedRaftLogWorker.java:execute(569)) - 802dd090-3361-4aa9-ab79-78a8dffa1107@group-96689F49D762-SegmentedRaftLogWorker: created new log segment /workdir/hadoop-ozone/integration-test/target/test-dir/MiniOzoneClusterImpl-e1db9d82-1fb6-48f9-8fb7-1f77219b2ee9/datanode-5/data/ratis/ae14e278-dd49-496a-9be1-96689f49d762/current/log_inprogress_0
2019-09-24 02:29:21,479 [0604b7ce-3702-4402-9f78-e4e71bac4ced@group-D47DCCB84B9E-SegmentedRaftLogWorker] INFO  segmented.SegmentedRaftLogWorker (SegmentedRaftLogWorker.java:execute(569)) - 0604b7ce-3702-4402-9f78-e4e71bac4ced@group-D47DCCB84B9E-SegmentedRaftLogWorker: created new log segment /workdir/hadoop-ozone/integration-test/target/test-dir/MiniOzoneClusterImpl-e1db9d82-1fb6-48f9-8fb7-1f77219b2ee9/datanode-8/data/ratis/55bcc7f4-9135-403d-8926-d47dccb84b9e/current/log_inprogress_0
2019-09-24 02:29:21,565 [Thread-6096] INFO  impl.FollowerState (FollowerState.java:run(106)) - 9092e767-ed58-4058-999b-a93aea9aea3f:group-56DAD4959CFE changes to CANDIDATE, lastRpcTime:1165, electionTimeout:1165ms
2019-09-24 02:29:21,566 [Thread-6096] INFO  impl.RoleInfo (RoleInfo.java:shutdownFollowerState(121)) - 9092e767-ed58-4058-999b-a93aea9aea3f: shutdown FollowerState
2019-09-24 02:29:21,566 [Thread-6096] INFO  impl.RaftServerImpl (RaftServerImpl.java:setRole(174)) - 9092e767-ed58-4058-999b-a93aea9aea3f@group-56DAD4959CFE: changes role from  FOLLOWER to CANDIDATE at term 0 for changeToCandidate
2019-09-24 02:29:21,566 [Thread-6096] INFO  impl.RoleInfo (RoleInfo.java:updateAndGet(143)) - 9092e767-ed58-4058-999b-a93aea9aea3f: start LeaderElection
2019-09-24 02:29:21,589 [Thread-6113] INFO  impl.FollowerState (FollowerState.java:run(106)) - 0bec04af-c60a-441b-9562-0d7467eb7c58:group-180818D803C5 changes to CANDIDATE, lastRpcTime:1015, electionTimeout:1015ms
2019-09-24 02:29:21,589 [Thread-6113] INFO  impl.RoleInfo (RoleInfo.java:shutdownFollowerState(121)) - 0bec04af-c60a-441b-9562-0d7467eb7c58: shutdown FollowerState
2019-09-24 02:29:21,590 [Thread-6113] INFO  impl.RaftServerImpl (RaftServerImpl.java:setRole(174)) - 0bec04af-c60a-441b-9562-0d7467eb7c58@group-180818D803C5: changes role from  FOLLOWER to CANDIDATE at term 0 for changeToCandidate
2019-09-24 02:29:21,590 [Thread-6113] INFO  impl.RoleInfo (RoleInfo.java:updateAndGet(143)) - 0bec04af-c60a-441b-9562-0d7467eb7c58: start LeaderElection
2019-09-24 02:29:21,597 [Thread-6101] INFO  impl.FollowerState (FollowerState.java:run(106)) - 9092e767-ed58-4058-999b-a93aea9aea3f:group-53A3DDA39B1B changes to CANDIDATE, lastRpcTime:1111, electionTimeout:1106ms
2019-09-24 02:29:21,597 [Thread-6101] INFO  impl.RoleInfo (RoleInfo.java:shutdownFollowerState(121)) - 9092e767-ed58-4058-999b-a93aea9aea3f: shutdown FollowerState
2019-09-24 02:29:21,597 [Thread-6101] INFO  impl.RaftServerImpl (RaftServerImpl.java:setRole(174)) - 9092e767-ed58-4058-999b-a93aea9aea3f@group-53A3DDA39B1B: changes role from  FOLLOWER to CANDIDATE at term 0 for changeToCandidate
2019-09-24 02:29:21,597 [Thread-6101] INFO  impl.RoleInfo (RoleInfo.java:updateAndGet(143)) - 9092e767-ed58-4058-999b-a93aea9aea3f: start LeaderElection
2019-09-24 02:29:21,604 [9092e767-ed58-4058-999b-a93aea9aea3f@group-56DAD4959CFE:LeaderElection92] INFO  impl.LeaderElection (LeaderElection.java:askForVotes(182)) - 9092e767-ed58-4058-999b-a93aea9aea3f@group-56DAD4959CFE:LeaderElection92: begin an election at term 1 for -1: [9092e767-ed58-4058-999b-a93aea9aea3f:192.168.151.121:40661], old=null
2019-09-24 02:29:21,604 [9092e767-ed58-4058-999b-a93aea9aea3f@group-56DAD4959CFE:LeaderElection92] INFO  impl.RoleInfo (RoleInfo.java:shutdownLeaderElection(134)) - 9092e767-ed58-4058-999b-a93aea9aea3f: shutdown LeaderElection
2019-09-24 02:29:21,604 [0bec04af-c60a-441b-9562-0d7467eb7c58@group-180818D803C5:LeaderElection93] INFO  impl.LeaderElection (LeaderElection.java:askForVotes(182)) - 0bec04af-c60a-441b-9562-0d7467eb7c58@group-180818D803C5:LeaderElection93: begin an election at term 1 for -1: [802dd090-3361-4aa9-ab79-78a8dffa1107:192.168.151.121:38747, 8f38fc7d-5394-40fc-bec2-62867055670b:192.168.151.121:45951, 0bec04af-c60a-441b-9562-0d7467eb7c58:192.168.151.121:44318], old=null
2019-09-24 02:29:21,605 [9092e767-ed58-4058-999b-a93aea9aea3f@group-56DAD4959CFE:LeaderElection92] INFO  impl.RaftServerImpl (RaftServerImpl.java:setRole(174)) - 9092e767-ed58-4058-999b-a93aea9aea3f@group-56DAD4959CFE: changes role from CANDIDATE to LEADER at term 1 for changeToLeader
2019-09-24 02:29:21,605 [9092e767-ed58-4058-999b-a93aea9aea3f@group-56DAD4959CFE:LeaderElection92] INFO  impl.RaftServerImpl (ServerState.java:setLeader(253)) - 9092e767-ed58-4058-999b-a93aea9aea3f@group-56DAD4959CFE: change Leader from null to 9092e767-ed58-4058-999b-a93aea9aea3f at term 1 for becomeLeader, leader elected after 1213ms
2019-09-24 02:29:21,605 [9092e767-ed58-4058-999b-a93aea9aea3f@group-56DAD4959CFE:LeaderElection92] INFO  server.RaftServerConfigKeys (ConfUtils.java:logGet(43)) - raft.server.staging.catchup.gap = 1000 (default)
2019-09-24 02:29:21,605 [9092e767-ed58-4058-999b-a93aea9aea3f@group-56DAD4959CFE:LeaderElection92] INFO  server.RaftServerConfigKeys (ConfUtils.java:logGet(43)) - raft.server.rpc.sleep.time = 25ms (default)
2019-09-24 02:29:21,606 [9092e767-ed58-4058-999b-a93aea9aea3f@group-56DAD4959CFE:LeaderElection92] INFO  server.RaftServerConfigKeys (ConfUtils.java:logGet(43)) - raft.server.write.element-limit = 4096 (default)
2019-09-24 02:29:21,606 [9092e767-ed58-4058-999b-a93aea9aea3f@group-56DAD4959CFE:LeaderElection92] INFO  server.RaftServerConfigKeys (ConfUtils.java:logGet(43)) - raft.server.watch.timeout = 10s (default)
2019-09-24 02:29:21,606 [9092e767-ed58-4058-999b-a93aea9aea3f@group-56DAD4959CFE:LeaderElection92] INFO  server.RaftServerConfigKeys (ConfUtils.java:logGet(43)) - raft.server.watch.timeout.denomination = 1s (default)
2019-09-24 02:29:21,606 [9092e767-ed58-4058-999b-a93aea9aea3f@group-56DAD4959CFE:LeaderElection92] INFO  server.RaftServerConfigKeys (ConfUtils.java:logGet(43)) - raft.server.watch.element-limit = 65536 (default)
2019-09-24 02:29:21,608 [9092e767-ed58-4058-999b-a93aea9aea3f@group-56DAD4959CFE:LeaderElection92] INFO  impl.RoleInfo (RoleInfo.java:updateAndGet(143)) - 9092e767-ed58-4058-999b-a93aea9aea3f: start LeaderState
2019-09-24 02:29:21,609 [9092e767-ed58-4058-999b-a93aea9aea3f@group-56DAD4959CFE:LeaderElection92] INFO  segmented.SegmentedRaftLogWorker (SegmentedRaftLogWorker.java:startLogSegment(380)) - 9092e767-ed58-4058-999b-a93aea9aea3f@group-56DAD4959CFE-SegmentedRaftLogWorker: Starting segment from index:0
2019-09-24 02:29:21,609 [9092e767-ed58-4058-999b-a93aea9aea3f@group-56DAD4959CFE:LeaderElection92] INFO  impl.RaftServerImpl (ServerState.java:setRaftConf(354)) - 9092e767-ed58-4058-999b-a93aea9aea3f@group-56DAD4959CFE: set configuration 0: [9092e767-ed58-4058-999b-a93aea9aea3f:192.168.151.121:40661], old=null at 0
2019-09-24 02:29:21,652 [grpc-default-executor-3] INFO  impl.RaftServerImpl (RaftServerImpl.java:setRole(174)) - 8f38fc7d-5394-40fc-bec2-62867055670b@group-180818D803C5: changes role from  FOLLOWER to FOLLOWER at term 1 for recognizeCandidate:0bec04af-c60a-441b-9562-0d7467eb7c58
2019-09-24 02:29:21,652 [Thread-6104] INFO  impl.FollowerState (FollowerState.java:run(106)) - 0604b7ce-3702-4402-9f78-e4e71bac4ced:group-53A3DDA39B1B changes to CANDIDATE, lastRpcTime:1160, electionTimeout:1135ms
2019-09-24 02:29:21,652 [grpc-default-executor-3] INFO  impl.RoleInfo (RoleInfo.java:shutdownFollowerState(121)) - 8f38fc7d-5394-40fc-bec2-62867055670b: shutdown FollowerState
2019-09-24 02:29:21,653 [9092e767-ed58-4058-999b-a93aea9aea3f@group-53A3DDA39B1B:LeaderElection94] INFO  impl.LeaderElection (LeaderElection.java:askForVotes(182)) - 9092e767-ed58-4058-999b-a93aea9aea3f@group-53A3DDA39B1B:LeaderElection94: begin an election at term 1 for -1: [0604b7ce-3702-4402-9f78-e4e71bac4ced:192.168.151.121:35986, 789b2ead-7118-41e6-be92-3579bc944c62:192.168.151.121:43411, 9092e767-ed58-4058-999b-a93aea9aea3f:192.168.151.121:40661], old=null
2019-09-24 02:29:21,653 [Thread-6104] INFO  impl.RoleInfo (RoleInfo.java:shutdownFollowerState(121)) - 0604b7ce-3702-4402-9f78-e4e71bac4ced: shutdown FollowerState
2019-09-24 02:29:21,656 [Thread-6104] INFO  impl.RaftServerImpl (RaftServerImpl.java:setRole(174)) - 0604b7ce-3702-4402-9f78-e4e71bac4ced@group-53A3DDA39B1B: changes role from  FOLLOWER to CANDIDATE at term 0 for changeToCandidate
2019-09-24 02:29:21,653 [grpc-default-executor-3] INFO  impl.RoleInfo (RoleInfo.java:updateAndGet(143)) - 8f38fc7d-5394-40fc-bec2-62867055670b: start FollowerState
2019-09-24 02:29:21,656 [Thread-6104] INFO  impl.RoleInfo (RoleInfo.java:updateAndGet(143)) - 0604b7ce-3702-4402-9f78-e4e71bac4ced: start LeaderElection
2019-09-24 02:29:21,656 [Thread-6108] INFO  impl.FollowerState (FollowerState.java:run(115)) - 8f38fc7d-5394-40fc-bec2-62867055670b: FollowerState was interrupted: java.lang.InterruptedException: sleep interrupted
2019-09-24 02:29:21,656 [grpc-default-executor-2] INFO  impl.RaftServerImpl (RaftServerImpl.java:setRole(174)) - 802dd090-3361-4aa9-ab79-78a8dffa1107@group-180818D803C5: changes role from  FOLLOWER to FOLLOWER at term 1 for recognizeCandidate:0bec04af-c60a-441b-9562-0d7467eb7c58
2019-09-24 02:29:21,657 [grpc-default-executor-2] INFO  impl.RoleInfo (RoleInfo.java:shutdownFollowerState(121)) - 802dd090-3361-4aa9-ab79-78a8dffa1107: shutdown FollowerState
2019-09-24 02:29:21,664 [grpc-default-executor-2] INFO  impl.RoleInfo (RoleInfo.java:updateAndGet(143)) - 802dd090-3361-4aa9-ab79-78a8dffa1107: start FollowerState
2019-09-24 02:29:21,665 [Thread-6112] INFO  impl.FollowerState (FollowerState.java:run(115)) - 802dd090-3361-4aa9-ab79-78a8dffa1107: FollowerState was interrupted: java.lang.InterruptedException: sleep interrupted
2019-09-24 02:29:21,673 [grpc-default-executor-0] INFO  impl.RaftServerImpl (RaftServerImpl.java:setRole(174)) - 789b2ead-7118-41e6-be92-3579bc944c62@group-53A3DDA39B1B: changes role from  FOLLOWER to FOLLOWER at term 1 for recognizeCandidate:9092e767-ed58-4058-999b-a93aea9aea3f
2019-09-24 02:29:21,674 [grpc-default-executor-0] INFO  impl.RoleInfo (RoleInfo.java:shutdownFollowerState(121)) - 789b2ead-7118-41e6-be92-3579bc944c62: shutdown FollowerState
2019-09-24 02:29:21,674 [grpc-default-executor-0] INFO  impl.RoleInfo (RoleInfo.java:updateAndGet(143)) - 789b2ead-7118-41e6-be92-3579bc944c62: start FollowerState
2019-09-24 02:29:21,674 [Thread-6103] INFO  impl.FollowerState (FollowerState.java:run(115)) - 789b2ead-7118-41e6-be92-3579bc944c62: FollowerState was interrupted: java.lang.InterruptedException: sleep interrupted
2019-09-24 02:29:21,677 [9092e767-ed58-4058-999b-a93aea9aea3f@group-56DAD4959CFE-SegmentedRaftLogWorker] INFO  segmented.SegmentedRaftLogWorker (SegmentedRaftLogWorker.java:execute(569)) - 9092e767-ed58-4058-999b-a93aea9aea3f@group-56DAD4959CFE-SegmentedRaftLogWorker: created new log segment /workdir/hadoop-ozone/integration-test/target/test-dir/MiniOzoneClusterImpl-e1db9d82-1fb6-48f9-8fb7-1f77219b2ee9/datanode-9/data/ratis/30670581-cb23-456b-8822-56dad4959cfe/current/log_inprogress_0
2019-09-24 02:29:21,691 [0604b7ce-3702-4402-9f78-e4e71bac4ced@group-53A3DDA39B1B:LeaderElection95] INFO  impl.LeaderElection (LeaderElection.java:askForVotes(182)) - 0604b7ce-3702-4402-9f78-e4e71bac4ced@group-53A3DDA39B1B:LeaderElection95: begin an election at term 1 for -1: [0604b7ce-3702-4402-9f78-e4e71bac4ced:192.168.151.121:35986, 789b2ead-7118-41e6-be92-3579bc944c62:192.168.151.121:43411, 9092e767-ed58-4058-999b-a93aea9aea3f:192.168.151.121:40661], old=null
2019-09-24 02:29:21,698 [9092e767-ed58-4058-999b-a93aea9aea3f@group-53A3DDA39B1B:LeaderElection94] INFO  impl.LeaderElection (LeaderElection.java:logAndReturn(56)) - 9092e767-ed58-4058-999b-a93aea9aea3f@group-53A3DDA39B1B:LeaderElection94: Election PASSED; received 1 response(s) [9092e767-ed58-4058-999b-a93aea9aea3f<-789b2ead-7118-41e6-be92-3579bc944c62#0:OK-t1] and 0 exception(s); 9092e767-ed58-4058-999b-a93aea9aea3f@group-53A3DDA39B1B:t1, leader=null, voted=9092e767-ed58-4058-999b-a93aea9aea3f, raftlog=9092e767-ed58-4058-999b-a93aea9aea3f@group-53A3DDA39B1B-SegmentedRaftLog:OPENED:c-1,f-1,i0, conf=-1: [0604b7ce-3702-4402-9f78-e4e71bac4ced:192.168.151.121:35986, 789b2ead-7118-41e6-be92-3579bc944c62:192.168.151.121:43411, 9092e767-ed58-4058-999b-a93aea9aea3f:192.168.151.121:40661], old=null
2019-09-24 02:29:21,698 [9092e767-ed58-4058-999b-a93aea9aea3f@group-53A3DDA39B1B:LeaderElection94] INFO  impl.RoleInfo (RoleInfo.java:shutdownLeaderElection(134)) - 9092e767-ed58-4058-999b-a93aea9aea3f: shutdown LeaderElection
2019-09-24 02:29:21,698 [9092e767-ed58-4058-999b-a93aea9aea3f@group-53A3DDA39B1B:LeaderElection94] INFO  impl.RaftServerImpl (RaftServerImpl.java:setRole(174)) - 9092e767-ed58-4058-999b-a93aea9aea3f@group-53A3DDA39B1B: changes role from CANDIDATE to LEADER at term 1 for changeToLeader
2019-09-24 02:29:21,698 [0bec04af-c60a-441b-9562-0d7467eb7c58@group-180818D803C5:LeaderElection93] INFO  impl.LeaderElection (LeaderElection.java:logAndReturn(56)) - 0bec04af-c60a-441b-9562-0d7467eb7c58@group-180818D803C5:LeaderElection93: Election PASSED; received 1 response(s) [0bec04af-c60a-441b-9562-0d7467eb7c58<-8f38fc7d-5394-40fc-bec2-62867055670b#0:OK-t1] and 0 exception(s); 0bec04af-c60a-441b-9562-0d7467eb7c58@group-180818D803C5:t1, leader=null, voted=0bec04af-c60a-441b-9562-0d7467eb7c58, raftlog=0bec04af-c60a-441b-9562-0d7467eb7c58@group-180818D803C5-SegmentedRaftLog:OPENED:c-1,f-1,i0, conf=-1: [802dd090-3361-4aa9-ab79-78a8dffa1107:192.168.151.121:38747, 8f38fc7d-5394-40fc-bec2-62867055670b:192.168.151.121:45951, 0bec04af-c60a-441b-9562-0d7467eb7c58:192.168.151.121:44318], old=null
2019-09-24 02:29:21,699 [9092e767-ed58-4058-999b-a93aea9aea3f@group-53A3DDA39B1B:LeaderElection94] INFO  impl.RaftServerImpl (ServerState.java:setLeader(253)) - 9092e767-ed58-4058-999b-a93aea9aea3f@group-53A3DDA39B1B: change Leader from null to 9092e767-ed58-4058-999b-a93aea9aea3f at term 1 for becomeLeader, leader elected after 1225ms
2019-09-24 02:29:21,702 [0bec04af-c60a-441b-9562-0d7467eb7c58@group-180818D803C5:LeaderElection93] INFO  impl.RoleInfo (RoleInfo.java:shutdownLeaderElection(134)) - 0bec04af-c60a-441b-9562-0d7467eb7c58: shutdown LeaderElection
2019-09-24 02:29:21,706 [9092e767-ed58-4058-999b-a93aea9aea3f@group-53A3DDA39B1B:LeaderElection94] INFO  server.RaftServerConfigKeys (ConfUtils.java:logGet(43)) - raft.server.staging.catchup.gap = 1000 (default)
2019-09-24 02:29:21,706 [0bec04af-c60a-441b-9562-0d7467eb7c58@group-180818D803C5:LeaderElection93] INFO  impl.RaftServerImpl (RaftServerImpl.java:setRole(174)) - 0bec04af-c60a-441b-9562-0d7467eb7c58@group-180818D803C5: changes role from CANDIDATE to LEADER at term 1 for changeToLeader
2019-09-24 02:29:21,706 [9092e767-ed58-4058-999b-a93aea9aea3f@group-53A3DDA39B1B:LeaderElection94] INFO  server.RaftServerConfigKeys (ConfUtils.java:logGet(43)) - raft.server.rpc.sleep.time = 25ms (default)
2019-09-24 02:29:21,706 [0bec04af-c60a-441b-9562-0d7467eb7c58@group-180818D803C5:LeaderElection93] INFO  impl.RaftServerImpl (ServerState.java:setLeader(253)) - 0bec04af-c60a-441b-9562-0d7467eb7c58@group-180818D803C5: change Leader from null to 0bec04af-c60a-441b-9562-0d7467eb7c58 at term 1 for becomeLeader, leader elected after 1151ms
2019-09-24 02:29:21,707 [9092e767-ed58-4058-999b-a93aea9aea3f@group-53A3DDA39B1B:LeaderElection94] INFO  server.RaftServerConfigKeys (ConfUtils.java:logGet(43)) - raft.server.write.element-limit = 4096 (default)
2019-09-24 02:29:21,707 [0bec04af-c60a-441b-9562-0d7467eb7c58@group-180818D803C5:LeaderElection93] INFO  server.RaftServerConfigKeys (ConfUtils.java:logGet(43)) - raft.server.staging.catchup.gap = 1000 (default)
2019-09-24 02:29:21,707 [9092e767-ed58-4058-999b-a93aea9aea3f@group-53A3DDA39B1B:LeaderElection94] INFO  server.RaftServerConfigKeys (ConfUtils.java:logGet(43)) - raft.server.watch.timeout = 10s (default)
2019-09-24 02:29:21,707 [0bec04af-c60a-441b-9562-0d7467eb7c58@group-180818D803C5:LeaderElection93] INFO  server.RaftServerConfigKeys (ConfUtils.java:logGet(43)) - raft.server.rpc.sleep.time = 25ms (default)
2019-09-24 02:29:21,707 [9092e767-ed58-4058-999b-a93aea9aea3f@group-53A3DDA39B1B:LeaderElection94] INFO  server.RaftServerConfigKeys (ConfUtils.java:logGet(43)) - raft.server.watch.timeout.denomination = 1s (default)
2019-09-24 02:29:21,708 [0bec04af-c60a-441b-9562-0d7467eb7c58@group-180818D803C5:LeaderElection93] INFO  server.RaftServerConfigKeys (ConfUtils.java:logGet(43)) - raft.server.write.element-limit = 4096 (default)
2019-09-24 02:29:21,708 [9092e767-ed58-4058-999b-a93aea9aea3f@group-53A3DDA39B1B:LeaderElection94] INFO  server.RaftServerConfigKeys (ConfUtils.java:logGet(43)) - raft.server.watch.element-limit = 65536 (default)
2019-09-24 02:29:21,708 [0bec04af-c60a-441b-9562-0d7467eb7c58@group-180818D803C5:LeaderElection93] INFO  server.RaftServerConfigKeys (ConfUtils.java:logGet(43)) - raft.server.watch.timeout = 10s (default)
2019-09-24 02:29:21,708 [0bec04af-c60a-441b-9562-0d7467eb7c58@group-180818D803C5:LeaderElection93] INFO  server.RaftServerConfigKeys (ConfUtils.java:logGet(43)) - raft.server.watch.timeout.denomination = 1s (default)
2019-09-24 02:29:21,708 [0bec04af-c60a-441b-9562-0d7467eb7c58@group-180818D803C5:LeaderElection93] INFO  server.RaftServerConfigKeys (ConfUtils.java:logGet(43)) - raft.server.watch.element-limit = 65536 (default)
2019-09-24 02:29:21,715 [9092e767-ed58-4058-999b-a93aea9aea3f@group-53A3DDA39B1B:LeaderElection94] INFO  server.RaftServerConfigKeys (ConfUtils.java:logGet(43)) - raft.server.log.appender.snapshot.chunk.size.max = 16MB (=16777216) (default)
2019-09-24 02:29:21,715 [9092e767-ed58-4058-999b-a93aea9aea3f@group-53A3DDA39B1B:LeaderElection94] INFO  server.RaftServerConfigKeys (ConfUtils.java:logGet(43)) - raft.server.log.appender.buffer.byte-limit = 33554432 (custom)
2019-09-24 02:29:21,715 [9092e767-ed58-4058-999b-a93aea9aea3f@group-53A3DDA39B1B:LeaderElection94] INFO  server.RaftServerConfigKeys (ConfUtils.java:logGet(43)) - raft.server.log.appender.buffer.element-limit = 1 (custom)
2019-09-24 02:29:21,715 [0bec04af-c60a-441b-9562-0d7467eb7c58@group-180818D803C5:LeaderElection93] INFO  server.RaftServerConfigKeys (ConfUtils.java:logGet(43)) - raft.server.log.appender.snapshot.chunk.size.max = 16MB (=16777216) (default)
2019-09-24 02:29:21,715 [9092e767-ed58-4058-999b-a93aea9aea3f@group-53A3DDA39B1B:LeaderElection94] INFO  grpc.GrpcConfigKeys$Server (ConfUtils.java:logGet(43)) - raft.grpc.server.leader.outstanding.appends.max = 128 (default)
2019-09-24 02:29:21,716 [0bec04af-c60a-441b-9562-0d7467eb7c58@group-180818D803C5:LeaderElection93] INFO  server.RaftServerConfigKeys (ConfUtils.java:logGet(43)) - raft.server.log.appender.buffer.byte-limit = 33554432 (custom)
2019-09-24 02:29:21,716 [9092e767-ed58-4058-999b-a93aea9aea3f@group-53A3DDA39B1B:LeaderElection94] INFO  server.RaftServerConfigKeys (ConfUtils.java:logGet(43)) - raft.server.rpc.request.timeout = 3000ms (default)
2019-09-24 02:29:21,716 [0bec04af-c60a-441b-9562-0d7467eb7c58@group-180818D803C5:LeaderElection93] INFO  server.RaftServerConfigKeys (ConfUtils.java:logGet(43)) - raft.server.log.appender.buffer.element-limit = 1 (custom)
2019-09-24 02:29:21,716 [9092e767-ed58-4058-999b-a93aea9aea3f@group-53A3DDA39B1B:LeaderElection94] INFO  server.RaftServerConfigKeys (ConfUtils.java:logGet(43)) - raft.server.log.appender.install.snapshot.enabled = false (custom)
2019-09-24 02:29:21,716 [0bec04af-c60a-441b-9562-0d7467eb7c58@group-180818D803C5:LeaderElection93] INFO  grpc.GrpcConfigKeys$Server (ConfUtils.java:logGet(43)) - raft.grpc.server.leader.outstanding.appends.max = 128 (default)
2019-09-24 02:29:21,717 [9092e767-ed58-4058-999b-a93aea9aea3f@group-53A3DDA39B1B:LeaderElection94] INFO  server.RaftServerConfigKeys (ConfUtils.java:logGet(43)) - raft.server.log.appender.snapshot.chunk.size.max = 16MB (=16777216) (default)
2019-09-24 02:29:21,717 [0bec04af-c60a-441b-9562-0d7467eb7c58@group-180818D803C5:LeaderElection93] INFO  server.RaftServerConfigKeys (ConfUtils.java:logGet(43)) - raft.server.rpc.request.timeout = 3000ms (default)
2019-09-24 02:29:21,717 [9092e767-ed58-4058-999b-a93aea9aea3f@group-53A3DDA39B1B:LeaderElection94] INFO  server.RaftServerConfigKeys (ConfUtils.java:logGet(43)) - raft.server.log.appender.buffer.byte-limit = 33554432 (custom)
2019-09-24 02:29:21,717 [0bec04af-c60a-441b-9562-0d7467eb7c58@group-180818D803C5:LeaderElection93] INFO  server.RaftServerConfigKeys (ConfUtils.java:logGet(43)) - raft.server.log.appender.install.snapshot.enabled = false (custom)
2019-09-24 02:29:21,717 [9092e767-ed58-4058-999b-a93aea9aea3f@group-53A3DDA39B1B:LeaderElection94] INFO  server.RaftServerConfigKeys (ConfUtils.java:logGet(43)) - raft.server.log.appender.buffer.element-limit = 1 (custom)
2019-09-24 02:29:21,717 [0bec04af-c60a-441b-9562-0d7467eb7c58@group-180818D803C5:LeaderElection93] INFO  server.RaftServerConfigKeys (ConfUtils.java:logGet(43)) - raft.server.log.appender.snapshot.chunk.size.max = 16MB (=16777216) (default)
2019-09-24 02:29:21,718 [9092e767-ed58-4058-999b-a93aea9aea3f@group-53A3DDA39B1B:LeaderElection94] INFO  grpc.GrpcConfigKeys$Server (ConfUtils.java:logGet(43)) - raft.grpc.server.leader.outstanding.appends.max = 128 (default)
2019-09-24 02:29:21,718 [0bec04af-c60a-441b-9562-0d7467eb7c58@group-180818D803C5:LeaderElection93] INFO  server.RaftServerConfigKeys (ConfUtils.java:logGet(43)) - raft.server.log.appender.buffer.byte-limit = 33554432 (custom)
2019-09-24 02:29:21,718 [9092e767-ed58-4058-999b-a93aea9aea3f@group-53A3DDA39B1B:LeaderElection94] INFO  server.RaftServerConfigKeys (ConfUtils.java:logGet(43)) - raft.server.rpc.request.timeout = 3000ms (default)
2019-09-24 02:29:21,718 [0bec04af-c60a-441b-9562-0d7467eb7c58@group-180818D803C5:LeaderElection93] INFO  server.RaftServerConfigKeys (ConfUtils.java:logGet(43)) - raft.server.log.appender.buffer.element-limit = 1 (custom)
2019-09-24 02:29:21,718 [9092e767-ed58-4058-999b-a93aea9aea3f@group-53A3DDA39B1B:LeaderElection94] INFO  server.RaftServerConfigKeys (ConfUtils.java:logGet(43)) - raft.server.log.appender.install.snapshot.enabled = false (custom)
2019-09-24 02:29:21,719 [0bec04af-c60a-441b-9562-0d7467eb7c58@group-180818D803C5:LeaderElection93] INFO  grpc.GrpcConfigKeys$Server (ConfUtils.java:logGet(43)) - raft.grpc.server.leader.outstanding.appends.max = 128 (default)
2019-09-24 02:29:21,719 [9092e767-ed58-4058-999b-a93aea9aea3f@group-53A3DDA39B1B:LeaderElection94] INFO  impl.RoleInfo (RoleInfo.java:updateAndGet(143)) - 9092e767-ed58-4058-999b-a93aea9aea3f: start LeaderState
2019-09-24 02:29:21,719 [0bec04af-c60a-441b-9562-0d7467eb7c58@group-180818D803C5:LeaderElection93] INFO  server.RaftServerConfigKeys (ConfUtils.java:logGet(43)) - raft.server.rpc.request.timeout = 3000ms (default)
2019-09-24 02:29:21,719 [0bec04af-c60a-441b-9562-0d7467eb7c58@group-180818D803C5:LeaderElection93] INFO  server.RaftServerConfigKeys (ConfUtils.java:logGet(43)) - raft.server.log.appender.install.snapshot.enabled = false (custom)
2019-09-24 02:29:21,719 [9092e767-ed58-4058-999b-a93aea9aea3f@group-53A3DDA39B1B:LeaderElection94] INFO  segmented.SegmentedRaftLogWorker (SegmentedRaftLogWorker.java:startLogSegment(380)) - 9092e767-ed58-4058-999b-a93aea9aea3f@group-53A3DDA39B1B-SegmentedRaftLogWorker: Starting segment from index:0
2019-09-24 02:29:21,719 [0bec04af-c60a-441b-9562-0d7467eb7c58@group-180818D803C5:LeaderElection93] INFO  impl.RoleInfo (RoleInfo.java:updateAndGet(143)) - 0bec04af-c60a-441b-9562-0d7467eb7c58: start LeaderState
2019-09-24 02:29:21,720 [0bec04af-c60a-441b-9562-0d7467eb7c58@group-180818D803C5:LeaderElection93] INFO  segmented.SegmentedRaftLogWorker (SegmentedRaftLogWorker.java:startLogSegment(380)) - 0bec04af-c60a-441b-9562-0d7467eb7c58@group-180818D803C5-SegmentedRaftLogWorker: Starting segment from index:0
2019-09-24 02:29:21,720 [9092e767-ed58-4058-999b-a93aea9aea3f@group-53A3DDA39B1B:LeaderElection94] INFO  impl.RaftServerImpl (ServerState.java:setRaftConf(354)) - 9092e767-ed58-4058-999b-a93aea9aea3f@group-53A3DDA39B1B: set configuration 0: [0604b7ce-3702-4402-9f78-e4e71bac4ced:192.168.151.121:35986, 789b2ead-7118-41e6-be92-3579bc944c62:192.168.151.121:43411, 9092e767-ed58-4058-999b-a93aea9aea3f:192.168.151.121:40661], old=null at 0
2019-09-24 02:29:21,721 [grpc-default-executor-1] INFO  impl.RaftServerImpl (RaftServerImpl.java:requestVote(758)) - 9092e767-ed58-4058-999b-a93aea9aea3f@group-53A3DDA39B1B-   LEADER: Withhold vote from candidate 0604b7ce-3702-4402-9f78-e4e71bac4ced with term 1. State: leader=9092e767-ed58-4058-999b-a93aea9aea3f, term=1, lastRpcElapsed=null
2019-09-24 02:29:21,721 [0bec04af-c60a-441b-9562-0d7467eb7c58@group-180818D803C5:LeaderElection93] INFO  impl.RaftServerImpl (ServerState.java:setRaftConf(354)) - 0bec04af-c60a-441b-9562-0d7467eb7c58@group-180818D803C5: set configuration 0: [802dd090-3361-4aa9-ab79-78a8dffa1107:192.168.151.121:38747, 8f38fc7d-5394-40fc-bec2-62867055670b:192.168.151.121:45951, 0bec04af-c60a-441b-9562-0d7467eb7c58:192.168.151.121:44318], old=null at 0
2019-09-24 02:29:21,764 [0604b7ce-3702-4402-9f78-e4e71bac4ced@group-53A3DDA39B1B:LeaderElection95] INFO  impl.LeaderElection (LeaderElection.java:logAndReturn(56)) - 0604b7ce-3702-4402-9f78-e4e71bac4ced@group-53A3DDA39B1B:LeaderElection95: Election REJECTED; received 2 response(s) [0604b7ce-3702-4402-9f78-e4e71bac4ced<-789b2ead-7118-41e6-be92-3579bc944c62#0:FAIL-t1, 0604b7ce-3702-4402-9f78-e4e71bac4ced<-9092e767-ed58-4058-999b-a93aea9aea3f#0:FAIL-t1] and 0 exception(s); 0604b7ce-3702-4402-9f78-e4e71bac4ced@group-53A3DDA39B1B:t1, leader=null, voted=0604b7ce-3702-4402-9f78-e4e71bac4ced, raftlog=0604b7ce-3702-4402-9f78-e4e71bac4ced@group-53A3DDA39B1B-SegmentedRaftLog:OPENED:c-1,f-1,i0, conf=-1: [0604b7ce-3702-4402-9f78-e4e71bac4ced:192.168.151.121:35986, 789b2ead-7118-41e6-be92-3579bc944c62:192.168.151.121:43411, 9092e767-ed58-4058-999b-a93aea9aea3f:192.168.151.121:40661], old=null
2019-09-24 02:29:21,765 [grpc-default-executor-0] INFO  impl.RaftServerImpl (RaftServerImpl.java:setRole(174)) - 0604b7ce-3702-4402-9f78-e4e71bac4ced@group-53A3DDA39B1B: changes role from CANDIDATE to FOLLOWER at term 1 for appendEntries
2019-09-24 02:29:21,765 [grpc-default-executor-0] INFO  impl.RoleInfo (RoleInfo.java:shutdownLeaderElection(134)) - 0604b7ce-3702-4402-9f78-e4e71bac4ced: shutdown LeaderElection
2019-09-24 02:29:21,769 [grpc-default-executor-1] INFO  impl.RaftServerImpl (ServerState.java:setLeader(253)) - 802dd090-3361-4aa9-ab79-78a8dffa1107@group-180818D803C5: change Leader from null to 0bec04af-c60a-441b-9562-0d7467eb7c58 at term 1 for appendEntries, leader elected after 1214ms
2019-09-24 02:29:21,772 [grpc-default-executor-0] INFO  impl.RoleInfo (RoleInfo.java:updateAndGet(143)) - 0604b7ce-3702-4402-9f78-e4e71bac4ced: start FollowerState
2019-09-24 02:29:21,769 [grpc-default-executor-2] INFO  impl.RaftServerImpl (ServerState.java:setLeader(253)) - 8f38fc7d-5394-40fc-bec2-62867055670b@group-180818D803C5: change Leader from null to 0bec04af-c60a-441b-9562-0d7467eb7c58 at term 1 for appendEntries, leader elected after 1214ms
2019-09-24 02:29:21,773 [grpc-default-executor-0] INFO  impl.RaftServerImpl (ServerState.java:setLeader(253)) - 0604b7ce-3702-4402-9f78-e4e71bac4ced@group-53A3DDA39B1B: change Leader from null to 9092e767-ed58-4058-999b-a93aea9aea3f at term 1 for appendEntries, leader elected after 1299ms
2019-09-24 02:29:21,776 [0bec04af-c60a-441b-9562-0d7467eb7c58@group-180818D803C5-SegmentedRaftLogWorker] INFO  segmented.SegmentedRaftLogWorker (SegmentedRaftLogWorker.java:execute(569)) - 0bec04af-c60a-441b-9562-0d7467eb7c58@group-180818D803C5-SegmentedRaftLogWorker: created new log segment /workdir/hadoop-ozone/integration-test/target/test-dir/MiniOzoneClusterImpl-e1db9d82-1fb6-48f9-8fb7-1f77219b2ee9/datanode-6/data/ratis/e37daa17-9f31-4a0b-bf59-180818d803c5/current/log_inprogress_0
2019-09-24 02:29:21,776 [9092e767-ed58-4058-999b-a93aea9aea3f@group-53A3DDA39B1B-SegmentedRaftLogWorker] INFO  segmented.SegmentedRaftLogWorker (SegmentedRaftLogWorker.java:execute(569)) - 9092e767-ed58-4058-999b-a93aea9aea3f@group-53A3DDA39B1B-SegmentedRaftLogWorker: created new log segment /workdir/hadoop-ozone/integration-test/target/test-dir/MiniOzoneClusterImpl-e1db9d82-1fb6-48f9-8fb7-1f77219b2ee9/datanode-9/data/ratis/2d5f6df6-7a83-4db0-bbc8-53a3dda39b1b/current/log_inprogress_0
2019-09-24 02:29:21,776 [grpc-default-executor-3] INFO  impl.RaftServerImpl (ServerState.java:setLeader(253)) - 789b2ead-7118-41e6-be92-3579bc944c62@group-53A3DDA39B1B: change Leader from null to 9092e767-ed58-4058-999b-a93aea9aea3f at term 1 for appendEntries, leader elected after 1303ms
2019-09-24 02:29:21,779 [grpc-default-executor-0] INFO  impl.RaftServerImpl (ServerState.java:setRaftConf(354)) - 802dd090-3361-4aa9-ab79-78a8dffa1107@group-180818D803C5: set configuration 0: [802dd090-3361-4aa9-ab79-78a8dffa1107:192.168.151.121:38747, 8f38fc7d-5394-40fc-bec2-62867055670b:192.168.151.121:45951, 0bec04af-c60a-441b-9562-0d7467eb7c58:192.168.151.121:44318], old=null at 0
2019-09-24 02:29:21,779 [grpc-default-executor-0] INFO  segmented.SegmentedRaftLogWorker (SegmentedRaftLogWorker.java:startLogSegment(380)) - 802dd090-3361-4aa9-ab79-78a8dffa1107@group-180818D803C5-SegmentedRaftLogWorker: Starting segment from index:0
2019-09-24 02:29:21,779 [grpc-default-executor-2] INFO  impl.RaftServerImpl (ServerState.java:setRaftConf(354)) - 0604b7ce-3702-4402-9f78-e4e71bac4ced@group-53A3DDA39B1B: set configuration 0: [0604b7ce-3702-4402-9f78-e4e71bac4ced:192.168.151.121:35986, 789b2ead-7118-41e6-be92-3579bc944c62:192.168.151.121:43411, 9092e767-ed58-4058-999b-a93aea9aea3f:192.168.151.121:40661], old=null at 0
2019-09-24 02:29:21,779 [grpc-default-executor-3] INFO  impl.RaftServerImpl (ServerState.java:setRaftConf(354)) - 8f38fc7d-5394-40fc-bec2-62867055670b@group-180818D803C5: set configuration 0: [802dd090-3361-4aa9-ab79-78a8dffa1107:192.168.151.121:38747, 8f38fc7d-5394-40fc-bec2-62867055670b:192.168.151.121:45951, 0bec04af-c60a-441b-9562-0d7467eb7c58:192.168.151.121:44318], old=null at 0
2019-09-24 02:29:21,780 [grpc-default-executor-2] INFO  segmented.SegmentedRaftLogWorker (SegmentedRaftLogWorker.java:startLogSegment(380)) - 0604b7ce-3702-4402-9f78-e4e71bac4ced@group-53A3DDA39B1B-SegmentedRaftLogWorker: Starting segment from index:0
2019-09-24 02:29:21,780 [grpc-default-executor-1] INFO  impl.RaftServerImpl (ServerState.java:setRaftConf(354)) - 789b2ead-7118-41e6-be92-3579bc944c62@group-53A3DDA39B1B: set configuration 0: [0604b7ce-3702-4402-9f78-e4e71bac4ced:192.168.151.121:35986, 789b2ead-7118-41e6-be92-3579bc944c62:192.168.151.121:43411, 9092e767-ed58-4058-999b-a93aea9aea3f:192.168.151.121:40661], old=null at 0
2019-09-24 02:29:21,780 [grpc-default-executor-3] INFO  segmented.SegmentedRaftLogWorker (SegmentedRaftLogWorker.java:startLogSegment(380)) - 8f38fc7d-5394-40fc-bec2-62867055670b@group-180818D803C5-SegmentedRaftLogWorker: Starting segment from index:0
2019-09-24 02:29:21,781 [grpc-default-executor-1] INFO  segmented.SegmentedRaftLogWorker (SegmentedRaftLogWorker.java:startLogSegment(380)) - 789b2ead-7118-41e6-be92-3579bc944c62@group-53A3DDA39B1B-SegmentedRaftLogWorker: Starting segment from index:0
2019-09-24 02:29:21,834 [789b2ead-7118-41e6-be92-3579bc944c62@group-53A3DDA39B1B-SegmentedRaftLogWorker] INFO  segmented.SegmentedRaftLogWorker (SegmentedRaftLogWorker.java:execute(569)) - 789b2ead-7118-41e6-be92-3579bc944c62@group-53A3DDA39B1B-SegmentedRaftLogWorker: created new log segment /workdir/hadoop-ozone/integration-test/target/test-dir/MiniOzoneClusterImpl-e1db9d82-1fb6-48f9-8fb7-1f77219b2ee9/datanode-4/data/ratis/2d5f6df6-7a83-4db0-bbc8-53a3dda39b1b/current/log_inprogress_0
2019-09-24 02:29:21,835 [8f38fc7d-5394-40fc-bec2-62867055670b@group-180818D803C5-SegmentedRaftLogWorker] INFO  segmented.SegmentedRaftLogWorker (SegmentedRaftLogWorker.java:execute(569)) - 8f38fc7d-5394-40fc-bec2-62867055670b@group-180818D803C5-SegmentedRaftLogWorker: created new log segment /workdir/hadoop-ozone/integration-test/target/test-dir/MiniOzoneClusterImpl-e1db9d82-1fb6-48f9-8fb7-1f77219b2ee9/datanode-3/data/ratis/e37daa17-9f31-4a0b-bf59-180818d803c5/current/log_inprogress_0
2019-09-24 02:29:21,834 [0604b7ce-3702-4402-9f78-e4e71bac4ced@group-53A3DDA39B1B-SegmentedRaftLogWorker] INFO  segmented.SegmentedRaftLogWorker (SegmentedRaftLogWorker.java:execute(569)) - 0604b7ce-3702-4402-9f78-e4e71bac4ced@group-53A3DDA39B1B-SegmentedRaftLogWorker: created new log segment /workdir/hadoop-ozone/integration-test/target/test-dir/MiniOzoneClusterImpl-e1db9d82-1fb6-48f9-8fb7-1f77219b2ee9/datanode-8/data/ratis/2d5f6df6-7a83-4db0-bbc8-53a3dda39b1b/current/log_inprogress_0
2019-09-24 02:29:21,834 [802dd090-3361-4aa9-ab79-78a8dffa1107@group-180818D803C5-SegmentedRaftLogWorker] INFO  segmented.SegmentedRaftLogWorker (SegmentedRaftLogWorker.java:execute(569)) - 802dd090-3361-4aa9-ab79-78a8dffa1107@group-180818D803C5-SegmentedRaftLogWorker: created new log segment /workdir/hadoop-ozone/integration-test/target/test-dir/MiniOzoneClusterImpl-e1db9d82-1fb6-48f9-8fb7-1f77219b2ee9/datanode-5/data/ratis/e37daa17-9f31-4a0b-bf59-180818d803c5/current/log_inprogress_0
2019-09-24 02:29:22,149 [Thread-6127] INFO  impl.FollowerState (FollowerState.java:run(106)) - 5cc809fa-c519-491c-99df-43aed39bd77b:group-8C41FF714108 changes to CANDIDATE, lastRpcTime:1171, electionTimeout:1171ms
2019-09-24 02:29:22,149 [Thread-6127] INFO  impl.RoleInfo (RoleInfo.java:shutdownFollowerState(121)) - 5cc809fa-c519-491c-99df-43aed39bd77b: shutdown FollowerState
2019-09-24 02:29:22,149 [Thread-6127] INFO  impl.RaftServerImpl (RaftServerImpl.java:setRole(174)) - 5cc809fa-c519-491c-99df-43aed39bd77b@group-8C41FF714108: changes role from  FOLLOWER to CANDIDATE at term 2 for changeToCandidate
2019-09-24 02:29:22,149 [Thread-6127] INFO  impl.RoleInfo (RoleInfo.java:updateAndGet(143)) - 5cc809fa-c519-491c-99df-43aed39bd77b: start LeaderElection
2019-09-24 02:29:22,158 [Thread-6138] INFO  impl.FollowerState (FollowerState.java:run(106)) - 5a1cfc27-0377-45c9-882e-ae9e71586032:group-8C41FF714108 changes to CANDIDATE, lastRpcTime:1103, electionTimeout:1103ms
2019-09-24 02:29:22,159 [Thread-6138] INFO  impl.RoleInfo (RoleInfo.java:shutdownFollowerState(121)) - 5a1cfc27-0377-45c9-882e-ae9e71586032: shutdown FollowerState
2019-09-24 02:29:22,159 [Thread-6138] INFO  impl.RaftServerImpl (RaftServerImpl.java:setRole(174)) - 5a1cfc27-0377-45c9-882e-ae9e71586032@group-8C41FF714108: changes role from  FOLLOWER to CANDIDATE at term 2 for changeToCandidate
2019-09-24 02:29:22,159 [Thread-6138] INFO  impl.RoleInfo (RoleInfo.java:updateAndGet(143)) - 5a1cfc27-0377-45c9-882e-ae9e71586032: start LeaderElection
2019-09-24 02:29:22,165 [5cc809fa-c519-491c-99df-43aed39bd77b@group-8C41FF714108:LeaderElection96] INFO  impl.LeaderElection (LeaderElection.java:askForVotes(182)) - 5cc809fa-c519-491c-99df-43aed39bd77b@group-8C41FF714108:LeaderElection96: begin an election at term 3 for -1: [5a1cfc27-0377-45c9-882e-ae9e71586032:192.168.151.121:33792, 5cc809fa-c519-491c-99df-43aed39bd77b:192.168.151.121:42564, 085dba92-8ce5-4f42-893e-544caee8a210:192.168.151.121:45199], old=null
2019-09-24 02:29:22,165 [5a1cfc27-0377-45c9-882e-ae9e71586032@group-8C41FF714108:LeaderElection97] INFO  impl.LeaderElection (LeaderElection.java:askForVotes(182)) - 5a1cfc27-0377-45c9-882e-ae9e71586032@group-8C41FF714108:LeaderElection97: begin an election at term 3 for -1: [5a1cfc27-0377-45c9-882e-ae9e71586032:192.168.151.121:33792, 5cc809fa-c519-491c-99df-43aed39bd77b:192.168.151.121:42564, 085dba92-8ce5-4f42-893e-544caee8a210:192.168.151.121:45199], old=null
2019-09-24 02:29:22,168 [grpc-default-executor-3] INFO  impl.RaftServerImpl (RaftServerImpl.java:setRole(174)) - 085dba92-8ce5-4f42-893e-544caee8a210@group-8C41FF714108: changes role from  FOLLOWER to FOLLOWER at term 3 for recognizeCandidate:5cc809fa-c519-491c-99df-43aed39bd77b
2019-09-24 02:29:22,169 [grpc-default-executor-3] INFO  impl.RoleInfo (RoleInfo.java:shutdownFollowerState(121)) - 085dba92-8ce5-4f42-893e-544caee8a210: shutdown FollowerState
2019-09-24 02:29:22,169 [grpc-default-executor-3] INFO  impl.RoleInfo (RoleInfo.java:updateAndGet(143)) - 085dba92-8ce5-4f42-893e-544caee8a210: start FollowerState
2019-09-24 02:29:22,169 [Thread-6139] INFO  impl.FollowerState (FollowerState.java:run(115)) - 085dba92-8ce5-4f42-893e-544caee8a210: FollowerState was interrupted: java.lang.InterruptedException: sleep interrupted
2019-09-24 02:29:22,182 [grpc-default-executor-1] INFO  impl.RaftServerImpl (RaftServerImpl.java:setRole(174)) - 085dba92-8ce5-4f42-893e-544caee8a210@group-8C41FF714108: changes role from  FOLLOWER to FOLLOWER at term 3 for recognizeCandidate:5a1cfc27-0377-45c9-882e-ae9e71586032
2019-09-24 02:29:22,182 [grpc-default-executor-1] INFO  impl.RoleInfo (RoleInfo.java:shutdownFollowerState(121)) - 085dba92-8ce5-4f42-893e-544caee8a210: shutdown FollowerState
2019-09-24 02:29:22,182 [grpc-default-executor-1] INFO  impl.RoleInfo (RoleInfo.java:updateAndGet(143)) - 085dba92-8ce5-4f42-893e-544caee8a210: start FollowerState
2019-09-24 02:29:22,183 [Thread-6189] INFO  impl.FollowerState (FollowerState.java:run(115)) - 085dba92-8ce5-4f42-893e-544caee8a210: FollowerState was interrupted: java.lang.InterruptedException: sleep interrupted
2019-09-24 02:29:22,183 [5cc809fa-c519-491c-99df-43aed39bd77b@group-8C41FF714108:LeaderElection96] INFO  impl.LeaderElection (LeaderElection.java:logAndReturn(56)) - 5cc809fa-c519-491c-99df-43aed39bd77b@group-8C41FF714108:LeaderElection96: Election REJECTED; received 2 response(s) [5cc809fa-c519-491c-99df-43aed39bd77b<-5a1cfc27-0377-45c9-882e-ae9e71586032#0:FAIL-t3, 5cc809fa-c519-491c-99df-43aed39bd77b<-085dba92-8ce5-4f42-893e-544caee8a210#0:FAIL-t3] and 0 exception(s); 5cc809fa-c519-491c-99df-43aed39bd77b@group-8C41FF714108:t3, leader=null, voted=5cc809fa-c519-491c-99df-43aed39bd77b, raftlog=5cc809fa-c519-491c-99df-43aed39bd77b@group-8C41FF714108-SegmentedRaftLog:OPENED:c-1,f-1,i0, conf=-1: [5a1cfc27-0377-45c9-882e-ae9e71586032:192.168.151.121:33792, 5cc809fa-c519-491c-99df-43aed39bd77b:192.168.151.121:42564, 085dba92-8ce5-4f42-893e-544caee8a210:192.168.151.121:45199], old=null
2019-09-24 02:29:22,183 [5cc809fa-c519-491c-99df-43aed39bd77b@group-8C41FF714108:LeaderElection96] INFO  impl.RaftServerImpl (RaftServerImpl.java:setRole(174)) - 5cc809fa-c519-491c-99df-43aed39bd77b@group-8C41FF714108: changes role from CANDIDATE to FOLLOWER at term 3 for DISCOVERED_A_NEW_TERM
2019-09-24 02:29:22,187 [5cc809fa-c519-491c-99df-43aed39bd77b@group-8C41FF714108:LeaderElection96] INFO  impl.RoleInfo (RoleInfo.java:shutdownLeaderElection(134)) - 5cc809fa-c519-491c-99df-43aed39bd77b: shutdown LeaderElection
2019-09-24 02:29:22,187 [5cc809fa-c519-491c-99df-43aed39bd77b@group-8C41FF714108:LeaderElection96] INFO  impl.RoleInfo (RoleInfo.java:updateAndGet(143)) - 5cc809fa-c519-491c-99df-43aed39bd77b: start FollowerState
2019-09-24 02:29:22,187 [5a1cfc27-0377-45c9-882e-ae9e71586032@group-8C41FF714108:LeaderElection97] INFO  impl.LeaderElection (LeaderElection.java:logAndReturn(56)) - 5a1cfc27-0377-45c9-882e-ae9e71586032@group-8C41FF714108:LeaderElection97: Election REJECTED; received 2 response(s) [5a1cfc27-0377-45c9-882e-ae9e71586032<-5cc809fa-c519-491c-99df-43aed39bd77b#0:FAIL-t3, 5a1cfc27-0377-45c9-882e-ae9e71586032<-085dba92-8ce5-4f42-893e-544caee8a210#0:FAIL-t3] and 0 exception(s); 5a1cfc27-0377-45c9-882e-ae9e71586032@group-8C41FF714108:t3, leader=null, voted=5a1cfc27-0377-45c9-882e-ae9e71586032, raftlog=5a1cfc27-0377-45c9-882e-ae9e71586032@group-8C41FF714108-SegmentedRaftLog:OPENED:c-1,f-1,i0, conf=-1: [5a1cfc27-0377-45c9-882e-ae9e71586032:192.168.151.121:33792, 5cc809fa-c519-491c-99df-43aed39bd77b:192.168.151.121:42564, 085dba92-8ce5-4f42-893e-544caee8a210:192.168.151.121:45199], old=null
2019-09-24 02:29:22,190 [5a1cfc27-0377-45c9-882e-ae9e71586032@group-8C41FF714108:LeaderElection97] INFO  impl.RaftServerImpl (RaftServerImpl.java:setRole(174)) - 5a1cfc27-0377-45c9-882e-ae9e71586032@group-8C41FF714108: changes role from CANDIDATE to FOLLOWER at term 3 for DISCOVERED_A_NEW_TERM
2019-09-24 02:29:22,190 [5a1cfc27-0377-45c9-882e-ae9e71586032@group-8C41FF714108:LeaderElection97] INFO  impl.RoleInfo (RoleInfo.java:shutdownLeaderElection(134)) - 5a1cfc27-0377-45c9-882e-ae9e71586032: shutdown LeaderElection
2019-09-24 02:29:22,191 [5a1cfc27-0377-45c9-882e-ae9e71586032@group-8C41FF714108:LeaderElection97] INFO  impl.RoleInfo (RoleInfo.java:updateAndGet(143)) - 5a1cfc27-0377-45c9-882e-ae9e71586032: start FollowerState
2019-09-24 02:29:22,345 [main] INFO  ipc.Client (Client.java:handleConnectionFailure(948)) - Retrying connect to server: localhost/127.0.0.1:0. Already tried 1 time(s); retry policy is RetryUpToMaximumCountWithFixedSleep(maxRetries=10, sleepTime=1000 MILLISECONDS)
2019-09-24 02:29:22,612 [Thread-6057] INFO  container.ReplicationManager (ReplicationManager.java:start(162)) - Starting Replication Monitor Thread.
2019-09-24 02:29:22,615 [ReplicationMonitor] INFO  container.ReplicationManager (ReplicationManager.java:run(225)) - Replication Monitor Thread took 0 milliseconds for processing 0 containers.
2019-09-24 02:29:23,224 [Thread-6192] INFO  impl.FollowerState (FollowerState.java:run(106)) - 5a1cfc27-0377-45c9-882e-ae9e71586032:group-8C41FF714108 changes to CANDIDATE, lastRpcTime:1033, electionTimeout:1033ms
2019-09-24 02:29:23,224 [Thread-6192] INFO  impl.RoleInfo (RoleInfo.java:shutdownFollowerState(121)) - 5a1cfc27-0377-45c9-882e-ae9e71586032: shutdown FollowerState
2019-09-24 02:29:23,225 [Thread-6192] INFO  impl.RaftServerImpl (RaftServerImpl.java:setRole(174)) - 5a1cfc27-0377-45c9-882e-ae9e71586032@group-8C41FF714108: changes role from  FOLLOWER to CANDIDATE at term 3 for changeToCandidate
2019-09-24 02:29:23,225 [Thread-6192] INFO  impl.RoleInfo (RoleInfo.java:updateAndGet(143)) - 5a1cfc27-0377-45c9-882e-ae9e71586032: start LeaderElection
2019-09-24 02:29:23,252 [5a1cfc27-0377-45c9-882e-ae9e71586032@group-8C41FF714108:LeaderElection98] INFO  impl.LeaderElection (LeaderElection.java:askForVotes(182)) - 5a1cfc27-0377-45c9-882e-ae9e71586032@group-8C41FF714108:LeaderElection98: begin an election at term 4 for -1: [5a1cfc27-0377-45c9-882e-ae9e71586032:192.168.151.121:33792, 5cc809fa-c519-491c-99df-43aed39bd77b:192.168.151.121:42564, 085dba92-8ce5-4f42-893e-544caee8a210:192.168.151.121:45199], old=null
2019-09-24 02:29:23,255 [grpc-default-executor-2] INFO  impl.RaftServerImpl (RaftServerImpl.java:setRole(174)) - 5cc809fa-c519-491c-99df-43aed39bd77b@group-8C41FF714108: changes role from  FOLLOWER to FOLLOWER at term 4 for recognizeCandidate:5a1cfc27-0377-45c9-882e-ae9e71586032
2019-09-24 02:29:23,255 [grpc-default-executor-3] INFO  impl.RaftServerImpl (RaftServerImpl.java:setRole(174)) - 085dba92-8ce5-4f42-893e-544caee8a210@group-8C41FF714108: changes role from  FOLLOWER to FOLLOWER at term 4 for recognizeCandidate:5a1cfc27-0377-45c9-882e-ae9e71586032
2019-09-24 02:29:23,255 [grpc-default-executor-2] INFO  impl.RoleInfo (RoleInfo.java:shutdownFollowerState(121)) - 5cc809fa-c519-491c-99df-43aed39bd77b: shutdown FollowerState
2019-09-24 02:29:23,256 [grpc-default-executor-3] INFO  impl.RoleInfo (RoleInfo.java:shutdownFollowerState(121)) - 085dba92-8ce5-4f42-893e-544caee8a210: shutdown FollowerState
2019-09-24 02:29:23,256 [grpc-default-executor-2] INFO  impl.RoleInfo (RoleInfo.java:updateAndGet(143)) - 5cc809fa-c519-491c-99df-43aed39bd77b: start FollowerState
2019-09-24 02:29:23,256 [grpc-default-executor-3] INFO  impl.RoleInfo (RoleInfo.java:updateAndGet(143)) - 085dba92-8ce5-4f42-893e-544caee8a210: start FollowerState
2019-09-24 02:29:23,256 [Thread-6191] INFO  impl.FollowerState (FollowerState.java:run(115)) - 5cc809fa-c519-491c-99df-43aed39bd77b: FollowerState was interrupted: java.lang.InterruptedException: sleep interrupted
2019-09-24 02:29:23,256 [Thread-6190] INFO  impl.FollowerState (FollowerState.java:run(115)) - 085dba92-8ce5-4f42-893e-544caee8a210: FollowerState was interrupted: java.lang.InterruptedException: sleep interrupted
2019-09-24 02:29:23,285 [5a1cfc27-0377-45c9-882e-ae9e71586032@group-8C41FF714108:LeaderElection98] INFO  impl.LeaderElection (LeaderElection.java:logAndReturn(56)) - 5a1cfc27-0377-45c9-882e-ae9e71586032@group-8C41FF714108:LeaderElection98: Election PASSED; received 1 response(s) [5a1cfc27-0377-45c9-882e-ae9e71586032<-5cc809fa-c519-491c-99df-43aed39bd77b#0:OK-t4] and 0 exception(s); 5a1cfc27-0377-45c9-882e-ae9e71586032@group-8C41FF714108:t4, leader=null, voted=5a1cfc27-0377-45c9-882e-ae9e71586032, raftlog=5a1cfc27-0377-45c9-882e-ae9e71586032@group-8C41FF714108-SegmentedRaftLog:OPENED:c-1,f-1,i0, conf=-1: [5a1cfc27-0377-45c9-882e-ae9e71586032:192.168.151.121:33792, 5cc809fa-c519-491c-99df-43aed39bd77b:192.168.151.121:42564, 085dba92-8ce5-4f42-893e-544caee8a210:192.168.151.121:45199], old=null
2019-09-24 02:29:23,285 [5a1cfc27-0377-45c9-882e-ae9e71586032@group-8C41FF714108:LeaderElection98] INFO  impl.RoleInfo (RoleInfo.java:shutdownLeaderElection(134)) - 5a1cfc27-0377-45c9-882e-ae9e71586032: shutdown LeaderElection
2019-09-24 02:29:23,285 [5a1cfc27-0377-45c9-882e-ae9e71586032@group-8C41FF714108:LeaderElection98] INFO  impl.RaftServerImpl (RaftServerImpl.java:setRole(174)) - 5a1cfc27-0377-45c9-882e-ae9e71586032@group-8C41FF714108: changes role from CANDIDATE to LEADER at term 4 for changeToLeader
2019-09-24 02:29:23,286 [5a1cfc27-0377-45c9-882e-ae9e71586032@group-8C41FF714108:LeaderElection98] INFO  impl.RaftServerImpl (ServerState.java:setLeader(253)) - 5a1cfc27-0377-45c9-882e-ae9e71586032@group-8C41FF714108: change Leader from null to 5a1cfc27-0377-45c9-882e-ae9e71586032 at term 4 for becomeLeader, leader elected after 2231ms
2019-09-24 02:29:23,286 [5a1cfc27-0377-45c9-882e-ae9e71586032@group-8C41FF714108:LeaderElection98] INFO  server.RaftServerConfigKeys (ConfUtils.java:logGet(43)) - raft.server.staging.catchup.gap = 1000 (default)
2019-09-24 02:29:23,286 [5a1cfc27-0377-45c9-882e-ae9e71586032@group-8C41FF714108:LeaderElection98] INFO  server.RaftServerConfigKeys (ConfUtils.java:logGet(43)) - raft.server.rpc.sleep.time = 25ms (default)
2019-09-24 02:29:23,286 [5a1cfc27-0377-45c9-882e-ae9e71586032@group-8C41FF714108:LeaderElection98] INFO  server.RaftServerConfigKeys (ConfUtils.java:logGet(43)) - raft.server.write.element-limit = 4096 (default)
2019-09-24 02:29:23,286 [5a1cfc27-0377-45c9-882e-ae9e71586032@group-8C41FF714108:LeaderElection98] INFO  server.RaftServerConfigKeys (ConfUtils.java:logGet(43)) - raft.server.watch.timeout = 10s (default)
2019-09-24 02:29:23,286 [5a1cfc27-0377-45c9-882e-ae9e71586032@group-8C41FF714108:LeaderElection98] INFO  server.RaftServerConfigKeys (ConfUtils.java:logGet(43)) - raft.server.watch.timeout.denomination = 1s (default)
2019-09-24 02:29:23,287 [5a1cfc27-0377-45c9-882e-ae9e71586032@group-8C41FF714108:LeaderElection98] INFO  server.RaftServerConfigKeys (ConfUtils.java:logGet(43)) - raft.server.watch.element-limit = 65536 (default)
2019-09-24 02:29:23,289 [5a1cfc27-0377-45c9-882e-ae9e71586032@group-8C41FF714108:LeaderElection98] INFO  server.RaftServerConfigKeys (ConfUtils.java:logGet(43)) - raft.server.log.appender.snapshot.chunk.size.max = 16MB (=16777216) (default)
2019-09-24 02:29:23,289 [5a1cfc27-0377-45c9-882e-ae9e71586032@group-8C41FF714108:LeaderElection98] INFO  server.RaftServerConfigKeys (ConfUtils.java:logGet(43)) - raft.server.log.appender.buffer.byte-limit = 33554432 (custom)
2019-09-24 02:29:23,289 [5a1cfc27-0377-45c9-882e-ae9e71586032@group-8C41FF714108:LeaderElection98] INFO  server.RaftServerConfigKeys (ConfUtils.java:logGet(43)) - raft.server.log.appender.buffer.element-limit = 1 (custom)
2019-09-24 02:29:23,289 [5a1cfc27-0377-45c9-882e-ae9e71586032@group-8C41FF714108:LeaderElection98] INFO  grpc.GrpcConfigKeys$Server (ConfUtils.java:logGet(43)) - raft.grpc.server.leader.outstanding.appends.max = 128 (default)
2019-09-24 02:29:23,290 [5a1cfc27-0377-45c9-882e-ae9e71586032@group-8C41FF714108:LeaderElection98] INFO  server.RaftServerConfigKeys (ConfUtils.java:logGet(43)) - raft.server.rpc.request.timeout = 3000ms (default)
2019-09-24 02:29:23,290 [5a1cfc27-0377-45c9-882e-ae9e71586032@group-8C41FF714108:LeaderElection98] INFO  server.RaftServerConfigKeys (ConfUtils.java:logGet(43)) - raft.server.log.appender.install.snapshot.enabled = false (custom)
2019-09-24 02:29:23,290 [5a1cfc27-0377-45c9-882e-ae9e71586032@group-8C41FF714108:LeaderElection98] INFO  server.RaftServerConfigKeys (ConfUtils.java:logGet(43)) - raft.server.log.appender.snapshot.chunk.size.max = 16MB (=16777216) (default)
2019-09-24 02:29:23,290 [5a1cfc27-0377-45c9-882e-ae9e71586032@group-8C41FF714108:LeaderElection98] INFO  server.RaftServerConfigKeys (ConfUtils.java:logGet(43)) - raft.server.log.appender.buffer.byte-limit = 33554432 (custom)
2019-09-24 02:29:23,290 [5a1cfc27-0377-45c9-882e-ae9e71586032@group-8C41FF714108:LeaderElection98] INFO  server.RaftServerConfigKeys (ConfUtils.java:logGet(43)) - raft.server.log.appender.buffer.element-limit = 1 (custom)
2019-09-24 02:29:23,291 [5a1cfc27-0377-45c9-882e-ae9e71586032@group-8C41FF714108:LeaderElection98] INFO  grpc.GrpcConfigKeys$Server (ConfUtils.java:logGet(43)) - raft.grpc.server.leader.outstanding.appends.max = 128 (default)
2019-09-24 02:29:23,291 [5a1cfc27-0377-45c9-882e-ae9e71586032@group-8C41FF714108:LeaderElection98] INFO  server.RaftServerConfigKeys (ConfUtils.java:logGet(43)) - raft.server.rpc.request.timeout = 3000ms (default)
2019-09-24 02:29:23,291 [5a1cfc27-0377-45c9-882e-ae9e71586032@group-8C41FF714108:LeaderElection98] INFO  server.RaftServerConfigKeys (ConfUtils.java:logGet(43)) - raft.server.log.appender.install.snapshot.enabled = false (custom)
2019-09-24 02:29:23,291 [5a1cfc27-0377-45c9-882e-ae9e71586032@group-8C41FF714108:LeaderElection98] INFO  impl.RoleInfo (RoleInfo.java:updateAndGet(143)) - 5a1cfc27-0377-45c9-882e-ae9e71586032: start LeaderState
2019-09-24 02:29:23,291 [5a1cfc27-0377-45c9-882e-ae9e71586032@group-8C41FF714108:LeaderElection98] INFO  segmented.SegmentedRaftLogWorker (SegmentedRaftLogWorker.java:startLogSegment(380)) - 5a1cfc27-0377-45c9-882e-ae9e71586032@group-8C41FF714108-SegmentedRaftLogWorker: Starting segment from index:0
2019-09-24 02:29:23,293 [5a1cfc27-0377-45c9-882e-ae9e71586032@group-8C41FF714108:LeaderElection98] INFO  impl.RaftServerImpl (ServerState.java:setRaftConf(354)) - 5a1cfc27-0377-45c9-882e-ae9e71586032@group-8C41FF714108: set configuration 0: [5a1cfc27-0377-45c9-882e-ae9e71586032:192.168.151.121:33792, 5cc809fa-c519-491c-99df-43aed39bd77b:192.168.151.121:42564, 085dba92-8ce5-4f42-893e-544caee8a210:192.168.151.121:45199], old=null at 0
2019-09-24 02:29:23,294 [grpc-default-executor-3] INFO  impl.RaftServerImpl (ServerState.java:setLeader(253)) - 5cc809fa-c519-491c-99df-43aed39bd77b@group-8C41FF714108: change Leader from null to 5a1cfc27-0377-45c9-882e-ae9e71586032 at term 4 for appendEntries, leader elected after 3443ms
2019-09-24 02:29:23,294 [grpc-default-executor-2] INFO  impl.RaftServerImpl (ServerState.java:setLeader(253)) - 085dba92-8ce5-4f42-893e-544caee8a210@group-8C41FF714108: change Leader from null to 5a1cfc27-0377-45c9-882e-ae9e71586032 at term 4 for appendEntries, leader elected after 2239ms
2019-09-24 02:29:23,338 [grpc-default-executor-2] INFO  impl.RaftServerImpl (ServerState.java:setRaftConf(354)) - 5cc809fa-c519-491c-99df-43aed39bd77b@group-8C41FF714108: set configuration 0: [5a1cfc27-0377-45c9-882e-ae9e71586032:192.168.151.121:33792, 5cc809fa-c519-491c-99df-43aed39bd77b:192.168.151.121:42564, 085dba92-8ce5-4f42-893e-544caee8a210:192.168.151.121:45199], old=null at 0
2019-09-24 02:29:23,339 [grpc-default-executor-2] INFO  segmented.SegmentedRaftLogWorker (SegmentedRaftLogWorker.java:startLogSegment(380)) - 5cc809fa-c519-491c-99df-43aed39bd77b@group-8C41FF714108-SegmentedRaftLogWorker: Starting segment from index:0
2019-09-24 02:29:23,339 [grpc-default-executor-3] INFO  impl.RaftServerImpl (ServerState.java:setRaftConf(354)) - 085dba92-8ce5-4f42-893e-544caee8a210@group-8C41FF714108: set configuration 0: [5a1cfc27-0377-45c9-882e-ae9e71586032:192.168.151.121:33792, 5cc809fa-c519-491c-99df-43aed39bd77b:192.168.151.121:42564, 085dba92-8ce5-4f42-893e-544caee8a210:192.168.151.121:45199], old=null at 0
2019-09-24 02:29:23,343 [grpc-default-executor-3] INFO  segmented.SegmentedRaftLogWorker (SegmentedRaftLogWorker.java:truncate(396)) - 085dba92-8ce5-4f42-893e-544caee8a210@group-8C41FF714108-SegmentedRaftLogWorker: Truncating segments toTruncate: null
  toDelete: [(0, 0) isOpen? true, length=0, newEndIndex=-1], start index 0
2019-09-24 02:29:23,344 [grpc-default-executor-3] INFO  segmented.SegmentedRaftLogWorker (SegmentedRaftLogWorker.java:startLogSegment(380)) - 085dba92-8ce5-4f42-893e-544caee8a210@group-8C41FF714108-SegmentedRaftLogWorker: Starting segment from index:0
2019-09-24 02:29:23,345 [085dba92-8ce5-4f42-893e-544caee8a210@group-8C41FF714108-SegmentedRaftLogWorker] INFO  segmented.SegmentedRaftLogWorker (SegmentedRaftLogWorker.java:execute(633)) - 085dba92-8ce5-4f42-893e-544caee8a210@group-8C41FF714108-SegmentedRaftLogWorker: Deleted log file /workdir/hadoop-ozone/integration-test/target/test-dir/MiniOzoneClusterImpl-e1db9d82-1fb6-48f9-8fb7-1f77219b2ee9/datanode-1/data/ratis/324c1b84-c963-4b51-b2a7-8c41ff714108/current/log_inprogress_0
2019-09-24 02:29:23,346 [085dba92-8ce5-4f42-893e-544caee8a210@group-8C41FF714108-SegmentedRaftLogWorker] INFO  segmented.SegmentedRaftLogWorker (SegmentedRaftLogWorker.java:lambda$new$0(132)) - 085dba92-8ce5-4f42-893e-544caee8a210@group-8C41FF714108-SegmentedRaftLogWorker: flushIndex: setUnconditionally 0 -> -1
2019-09-24 02:29:23,348 [5a1cfc27-0377-45c9-882e-ae9e71586032@group-8C41FF714108-SegmentedRaftLogWorker] INFO  segmented.SegmentedRaftLogWorker (SegmentedRaftLogWorker.java:execute(569)) - 5a1cfc27-0377-45c9-882e-ae9e71586032@group-8C41FF714108-SegmentedRaftLogWorker: created new log segment /workdir/hadoop-ozone/integration-test/target/test-dir/MiniOzoneClusterImpl-e1db9d82-1fb6-48f9-8fb7-1f77219b2ee9/datanode-0/data/ratis/324c1b84-c963-4b51-b2a7-8c41ff714108/current/log_inprogress_0
2019-09-24 02:29:23,349 [main] INFO  ipc.Client (Client.java:handleConnectionFailure(948)) - Retrying connect to server: localhost/127.0.0.1:0. Already tried 2 time(s); retry policy is RetryUpToMaximumCountWithFixedSleep(maxRetries=10, sleepTime=1000 MILLISECONDS)
2019-09-24 02:29:23,388 [085dba92-8ce5-4f42-893e-544caee8a210@group-8C41FF714108-SegmentedRaftLogWorker] INFO  segmented.SegmentedRaftLogWorker (SegmentedRaftLogWorker.java:execute(569)) - 085dba92-8ce5-4f42-893e-544caee8a210@group-8C41FF714108-SegmentedRaftLogWorker: created new log segment /workdir/hadoop-ozone/integration-test/target/test-dir/MiniOzoneClusterImpl-e1db9d82-1fb6-48f9-8fb7-1f77219b2ee9/datanode-1/data/ratis/324c1b84-c963-4b51-b2a7-8c41ff714108/current/log_inprogress_0
2019-09-24 02:29:23,388 [5cc809fa-c519-491c-99df-43aed39bd77b@group-8C41FF714108-SegmentedRaftLogWorker] INFO  segmented.SegmentedRaftLogWorker (SegmentedRaftLogWorker.java:execute(569)) - 5cc809fa-c519-491c-99df-43aed39bd77b@group-8C41FF714108-SegmentedRaftLogWorker: created new log segment /workdir/hadoop-ozone/integration-test/target/test-dir/MiniOzoneClusterImpl-e1db9d82-1fb6-48f9-8fb7-1f77219b2ee9/datanode-2/data/ratis/324c1b84-c963-4b51-b2a7-8c41ff714108/current/log_inprogress_0
2019-09-24 02:29:24,350 [main] INFO  ipc.Client (Client.java:handleConnectionFailure(948)) - Retrying connect to server: localhost/127.0.0.1:0. Already tried 3 time(s); retry policy is RetryUpToMaximumCountWithFixedSleep(maxRetries=10, sleepTime=1000 MILLISECONDS)
2019-09-24 02:29:25,352 [main] INFO  ipc.Client (Client.java:handleConnectionFailure(948)) - Retrying connect to server: localhost/127.0.0.1:0. Already tried 4 time(s); retry policy is RetryUpToMaximumCountWithFixedSleep(maxRetries=10, sleepTime=1000 MILLISECONDS)
2019-09-24 02:29:26,353 [main] INFO  ipc.Client (Client.java:handleConnectionFailure(948)) - Retrying connect to server: localhost/127.0.0.1:0. Already tried 5 time(s); retry policy is RetryUpToMaximumCountWithFixedSleep(maxRetries=10, sleepTime=1000 MILLISECONDS)
2019-09-24 02:29:27,354 [main] INFO  ipc.Client (Client.java:handleConnectionFailure(948)) - Retrying connect to server: localhost/127.0.0.1:0. Already tried 6 time(s); retry policy is RetryUpToMaximumCountWithFixedSleep(maxRetries=10, sleepTime=1000 MILLISECONDS)
2019-09-24 02:29:28,355 [main] INFO  ipc.Client (Client.java:handleConnectionFailure(948)) - Retrying connect to server: localhost/127.0.0.1:0. Already tried 7 time(s); retry policy is RetryUpToMaximumCountWithFixedSleep(maxRetries=10, sleepTime=1000 MILLISECONDS)
2019-09-24 02:29:29,356 [main] INFO  ipc.Client (Client.java:handleConnectionFailure(948)) - Retrying connect to server: localhost/127.0.0.1:0. Already tried 8 time(s); retry policy is RetryUpToMaximumCountWithFixedSleep(maxRetries=10, sleepTime=1000 MILLISECONDS)
2019-09-24 02:29:30,357 [main] INFO  ipc.Client (Client.java:handleConnectionFailure(948)) - Retrying connect to server: localhost/127.0.0.1:0. Already tried 9 time(s); retry policy is RetryUpToMaximumCountWithFixedSleep(maxRetries=10, sleepTime=1000 MILLISECONDS)
2019-09-24 02:29:31,383 [main] INFO  ipc.Client (Client.java:handleConnectionFailure(948)) - Retrying connect to server: localhost/127.0.0.1:0. Already tried 0 time(s); retry policy is RetryUpToMaximumCountWithFixedSleep(maxRetries=10, sleepTime=1000 MILLISECONDS)
2019-09-24 02:29:32,389 [main] INFO  ipc.Client (Client.java:handleConnectionFailure(948)) - Retrying connect to server: localhost/127.0.0.1:0. Already tried 1 time(s); retry policy is RetryUpToMaximumCountWithFixedSleep(maxRetries=10, sleepTime=1000 MILLISECONDS)
2019-09-24 02:29:33,390 [main] INFO  ipc.Client (Client.java:handleConnectionFailure(948)) - Retrying connect to server: localhost/127.0.0.1:0. Already tried 2 time(s); retry policy is RetryUpToMaximumCountWithFixedSleep(maxRetries=10, sleepTime=1000 MILLISECONDS)
2019-09-24 02:29:34,391 [main] INFO  ipc.Client (Client.java:handleConnectionFailure(948)) - Retrying connect to server: localhost/127.0.0.1:0. Already tried 3 time(s); retry policy is RetryUpToMaximumCountWithFixedSleep(maxRetries=10, sleepTime=1000 MILLISECONDS)
2019-09-24 02:29:35,392 [main] INFO  ipc.Client (Client.java:handleConnectionFailure(948)) - Retrying connect to server: localhost/127.0.0.1:0. Already tried 4 time(s); retry policy is RetryUpToMaximumCountWithFixedSleep(maxRetries=10, sleepTime=1000 MILLISECONDS)
2019-09-24 02:29:36,394 [main] INFO  ipc.Client (Client.java:handleConnectionFailure(948)) - Retrying connect to server: localhost/127.0.0.1:0. Already tried 5 time(s); retry policy is RetryUpToMaximumCountWithFixedSleep(maxRetries=10, sleepTime=1000 MILLISECONDS)
2019-09-24 02:29:37,395 [main] INFO  ipc.Client (Client.java:handleConnectionFailure(948)) - Retrying connect to server: localhost/127.0.0.1:0. Already tried 6 time(s); retry policy is RetryUpToMaximumCountWithFixedSleep(maxRetries=10, sleepTime=1000 MILLISECONDS)
2019-09-24 02:29:38,396 [main] INFO  ipc.Client (Client.java:handleConnectionFailure(948)) - Retrying connect to server: localhost/127.0.0.1:0. Already tried 7 time(s); retry policy is RetryUpToMaximumCountWithFixedSleep(maxRetries=10, sleepTime=1000 MILLISECONDS)
2019-09-24 02:29:39,397 [main] INFO  ipc.Client (Client.java:handleConnectionFailure(948)) - Retrying connect to server: localhost/127.0.0.1:0. Already tried 8 time(s); retry policy is RetryUpToMaximumCountWithFixedSleep(maxRetries=10, sleepTime=1000 MILLISECONDS)
2019-09-24 02:29:40,399 [main] INFO  ipc.Client (Client.java:handleConnectionFailure(948)) - Retrying connect to server: localhost/127.0.0.1:0. Already tried 9 time(s); retry policy is RetryUpToMaximumCountWithFixedSleep(maxRetries=10, sleepTime=1000 MILLISECONDS)
2019-09-24 02:29:40,400 [main] INFO  retry.RetryInvocationHandler (RetryInvocationHandler.java:log(411)) - com.google.protobuf.ServiceException: java.net.ConnectException: Your endpoint configuration is wrong; For more details see:  http://wiki.apache.org/hadoop/UnsetHostnameOrPort, while invoking $Proxy35.submitRequest over nodeId=null,nodeAddress=127.0.0.1:0 after 1 failover attempts. Trying to failover immediately.
2019-09-24 02:29:41,402 [main] INFO  ipc.Client (Client.java:handleConnectionFailure(948)) - Retrying connect to server: localhost/127.0.0.1:0. Already tried 0 time(s); retry policy is RetryUpToMaximumCountWithFixedSleep(maxRetries=10, sleepTime=1000 MILLISECONDS)
2019-09-24 02:29:42,403 [main] INFO  ipc.Client (Client.java:handleConnectionFailure(948)) - Retrying connect to server: localhost/127.0.0.1:0. Already tried 1 time(s); retry policy is RetryUpToMaximumCountWithFixedSleep(maxRetries=10, sleepTime=1000 MILLISECONDS)
2019-09-24 02:29:43,404 [main] INFO  ipc.Client (Client.java:handleConnectionFailure(948)) - Retrying connect to server: localhost/127.0.0.1:0. Already tried 2 time(s); retry policy is RetryUpToMaximumCountWithFixedSleep(maxRetries=10, sleepTime=1000 MILLISECONDS)
2019-09-24 02:29:44,405 [main] INFO  ipc.Client (Client.java:handleConnectionFailure(948)) - Retrying connect to server: localhost/127.0.0.1:0. Already tried 3 time(s); retry policy is RetryUpToMaximumCountWithFixedSleep(maxRetries=10, sleepTime=1000 MILLISECONDS)
2019-09-24 02:29:45,406 [main] INFO  ipc.Client (Client.java:handleConnectionFailure(948)) - Retrying connect to server: localhost/127.0.0.1:0. Already tried 4 time(s); retry policy is RetryUpToMaximumCountWithFixedSleep(maxRetries=10, sleepTime=1000 MILLISECONDS)
2019-09-24 02:29:46,408 [main] INFO  ipc.Client (Client.java:handleConnectionFailure(948)) - Retrying connect to server: localhost/127.0.0.1:0. Already tried 5 time(s); retry policy is RetryUpToMaximumCountWithFixedSleep(maxRetries=10, sleepTime=1000 MILLISECONDS)
2019-09-24 02:29:47,409 [main] INFO  ipc.Client (Client.java:handleConnectionFailure(948)) - Retrying connect to server: localhost/127.0.0.1:0. Already tried 6 time(s); retry policy is RetryUpToMaximumCountWithFixedSleep(maxRetries=10, sleepTime=1000 MILLISECONDS)
2019-09-24 02:29:48,410 [main] INFO  ipc.Client (Client.java:handleConnectionFailure(948)) - Retrying connect to server: localhost/127.0.0.1:0. Already tried 7 time(s); retry policy is RetryUpToMaximumCountWithFixedSleep(maxRetries=10, sleepTime=1000 MILLISECONDS)
2019-09-24 02:29:49,411 [main] INFO  ipc.Client (Client.java:handleConnectionFailure(948)) - Retrying connect to server: localhost/127.0.0.1:0. Already tried 8 time(s); retry policy is RetryUpToMaximumCountWithFixedSleep(maxRetries=10, sleepTime=1000 MILLISECONDS)
2019-09-24 02:29:50,412 [main] INFO  ipc.Client (Client.java:handleConnectionFailure(948)) - Retrying connect to server: localhost/127.0.0.1:0. Already tried 9 time(s); retry policy is RetryUpToMaximumCountWithFixedSleep(maxRetries=10, sleepTime=1000 MILLISECONDS)
2019-09-24 02:29:50,414 [main] INFO  retry.RetryInvocationHandler (RetryInvocationHandler.java:log(411)) - com.google.protobuf.ServiceException: java.net.ConnectException: Your endpoint configuration is wrong; For more details see:  http://wiki.apache.org/hadoop/UnsetHostnameOrPort, while invoking $Proxy35.submitRequest over nodeId=null,nodeAddress=127.0.0.1:0 after 2 failover attempts. Trying to failover immediately.
2019-09-24 02:29:51,415 [main] INFO  ipc.Client (Client.java:handleConnectionFailure(948)) - Retrying connect to server: localhost/127.0.0.1:0. Already tried 0 time(s); retry policy is RetryUpToMaximumCountWithFixedSleep(maxRetries=10, sleepTime=1000 MILLISECONDS)
2019-09-24 02:29:52,417 [main] INFO  ipc.Client (Client.java:handleConnectionFailure(948)) - Retrying connect to server: localhost/127.0.0.1:0. Already tried 1 time(s); retry policy is RetryUpToMaximumCountWithFixedSleep(maxRetries=10, sleepTime=1000 MILLISECONDS)
2019-09-24 02:29:53,418 [main] INFO  ipc.Client (Client.java:handleConnectionFailure(948)) - Retrying connect to server: localhost/127.0.0.1:0. Already tried 2 time(s); retry policy is RetryUpToMaximumCountWithFixedSleep(maxRetries=10, sleepTime=1000 MILLISECONDS)
2019-09-24 02:29:54,419 [main] INFO  ipc.Client (Client.java:handleConnectionFailure(948)) - Retrying connect to server: localhost/127.0.0.1:0. Already tried 3 time(s); retry policy is RetryUpToMaximumCountWithFixedSleep(maxRetries=10, sleepTime=1000 MILLISECONDS)
2019-09-24 02:29:55,420 [main] INFO  ipc.Client (Client.java:handleConnectionFailure(948)) - Retrying connect to server: localhost/127.0.0.1:0. Already tried 4 time(s); retry policy is RetryUpToMaximumCountWithFixedSleep(maxRetries=10, sleepTime=1000 MILLISECONDS)
2019-09-24 02:29:56,422 [main] INFO  ipc.Client (Client.java:handleConnectionFailure(948)) - Retrying connect to server: localhost/127.0.0.1:0. Already tried 5 time(s); retry policy is RetryUpToMaximumCountWithFixedSleep(maxRetries=10, sleepTime=1000 MILLISECONDS)
2019-09-24 02:29:57,423 [main] INFO  ipc.Client (Client.java:handleConnectionFailure(948)) - Retrying connect to server: localhost/127.0.0.1:0. Already tried 6 time(s); retry policy is RetryUpToMaximumCountWithFixedSleep(maxRetries=10, sleepTime=1000 MILLISECONDS)
2019-09-24 02:29:58,424 [main] INFO  ipc.Client (Client.java:handleConnectionFailure(948)) - Retrying connect to server: localhost/127.0.0.1:0. Already tried 7 time(s); retry policy is RetryUpToMaximumCountWithFixedSleep(maxRetries=10, sleepTime=1000 MILLISECONDS)
2019-09-24 02:29:59,425 [main] INFO  ipc.Client (Client.java:handleConnectionFailure(948)) - Retrying connect to server: localhost/127.0.0.1:0. Already tried 8 time(s); retry policy is RetryUpToMaximumCountWithFixedSleep(maxRetries=10, sleepTime=1000 MILLISECONDS)
2019-09-24 02:30:00,427 [main] INFO  ipc.Client (Client.java:handleConnectionFailure(948)) - Retrying connect to server: localhost/127.0.0.1:0. Already tried 9 time(s); retry policy is RetryUpToMaximumCountWithFixedSleep(maxRetries=10, sleepTime=1000 MILLISECONDS)
2019-09-24 02:30:00,429 [main] INFO  retry.RetryInvocationHandler (RetryInvocationHandler.java:log(411)) - com.google.protobuf.ServiceException: java.net.ConnectException: Your endpoint configuration is wrong; For more details see:  http://wiki.apache.org/hadoop/UnsetHostnameOrPort, while invoking $Proxy35.submitRequest over nodeId=null,nodeAddress=127.0.0.1:0 after 3 failover attempts. Trying to failover immediately.
2019-09-24 02:30:01,430 [main] INFO  ipc.Client (Client.java:handleConnectionFailure(948)) - Retrying connect to server: localhost/127.0.0.1:0. Already tried 0 time(s); retry policy is RetryUpToMaximumCountWithFixedSleep(maxRetries=10, sleepTime=1000 MILLISECONDS)
2019-09-24 02:30:02,431 [main] INFO  ipc.Client (Client.java:handleConnectionFailure(948)) - Retrying connect to server: localhost/127.0.0.1:0. Already tried 1 time(s); retry policy is RetryUpToMaximumCountWithFixedSleep(maxRetries=10, sleepTime=1000 MILLISECONDS)
2019-09-24 02:30:03,432 [main] INFO  ipc.Client (Client.java:handleConnectionFailure(948)) - Retrying connect to server: localhost/127.0.0.1:0. Already tried 2 time(s); retry policy is RetryUpToMaximumCountWithFixedSleep(maxRetries=10, sleepTime=1000 MILLISECONDS)
2019-09-24 02:30:04,433 [main] INFO  ipc.Client (Client.java:handleConnectionFailure(948)) - Retrying connect to server: localhost/127.0.0.1:0. Already tried 3 time(s); retry policy is RetryUpToMaximumCountWithFixedSleep(maxRetries=10, sleepTime=1000 MILLISECONDS)
2019-09-24 02:30:05,434 [main] INFO  ipc.Client (Client.java:handleConnectionFailure(948)) - Retrying connect to server: localhost/127.0.0.1:0. Already tried 4 time(s); retry policy is RetryUpToMaximumCountWithFixedSleep(maxRetries=10, sleepTime=1000 MILLISECONDS)
2019-09-24 02:30:06,435 [main] INFO  ipc.Client (Client.java:handleConnectionFailure(948)) - Retrying connect to server: localhost/127.0.0.1:0. Already tried 5 time(s); retry policy is RetryUpToMaximumCountWithFixedSleep(maxRetries=10, sleepTime=1000 MILLISECONDS)
2019-09-24 02:30:07,437 [main] INFO  ipc.Client (Client.java:handleConnectionFailure(948)) - Retrying connect to server: localhost/127.0.0.1:0. Already tried 6 time(s); retry policy is RetryUpToMaximumCountWithFixedSleep(maxRetries=10, sleepTime=1000 MILLISECONDS)
2019-09-24 02:30:08,438 [main] INFO  ipc.Client (Client.java:handleConnectionFailure(948)) - Retrying connect to server: localhost/127.0.0.1:0. Already tried 7 time(s); retry policy is RetryUpToMaximumCountWithFixedSleep(maxRetries=10, sleepTime=1000 MILLISECONDS)
2019-09-24 02:30:09,439 [main] INFO  ipc.Client (Client.java:handleConnectionFailure(948)) - Retrying connect to server: localhost/127.0.0.1:0. Already tried 8 time(s); retry policy is RetryUpToMaximumCountWithFixedSleep(maxRetries=10, sleepTime=1000 MILLISECONDS)
2019-09-24 02:30:10,440 [main] INFO  ipc.Client (Client.java:handleConnectionFailure(948)) - Retrying connect to server: localhost/127.0.0.1:0. Already tried 9 time(s); retry policy is RetryUpToMaximumCountWithFixedSleep(maxRetries=10, sleepTime=1000 MILLISECONDS)
2019-09-24 02:30:10,442 [main] INFO  retry.RetryInvocationHandler (RetryInvocationHandler.java:log(411)) - com.google.protobuf.ServiceException: java.net.ConnectException: Your endpoint configuration is wrong; For more details see:  http://wiki.apache.org/hadoop/UnsetHostnameOrPort, while invoking $Proxy35.submitRequest over nodeId=null,nodeAddress=127.0.0.1:0 after 4 failover attempts. Trying to failover immediately.
2019-09-24 02:30:11,443 [main] INFO  ipc.Client (Client.java:handleConnectionFailure(948)) - Retrying connect to server: localhost/127.0.0.1:0. Already tried 0 time(s); retry policy is RetryUpToMaximumCountWithFixedSleep(maxRetries=10, sleepTime=1000 MILLISECONDS)
2019-09-24 02:30:12,445 [main] INFO  ipc.Client (Client.java:handleConnectionFailure(948)) - Retrying connect to server: localhost/127.0.0.1:0. Already tried 1 time(s); retry policy is RetryUpToMaximumCountWithFixedSleep(maxRetries=10, sleepTime=1000 MILLISECONDS)
2019-09-24 02:30:13,446 [main] INFO  ipc.Client (Client.java:handleConnectionFailure(948)) - Retrying connect to server: localhost/127.0.0.1:0. Already tried 2 time(s); retry policy is RetryUpToMaximumCountWithFixedSleep(maxRetries=10, sleepTime=1000 MILLISECONDS)
2019-09-24 02:30:14,447 [main] INFO  ipc.Client (Client.java:handleConnectionFailure(948)) - Retrying connect to server: localhost/127.0.0.1:0. Already tried 3 time(s); retry policy is RetryUpToMaximumCountWithFixedSleep(maxRetries=10, sleepTime=1000 MILLISECONDS)
2019-09-24 02:30:15,448 [main] INFO  ipc.Client (Client.java:handleConnectionFailure(948)) - Retrying connect to server: localhost/127.0.0.1:0. Already tried 4 time(s); retry policy is RetryUpToMaximumCountWithFixedSleep(maxRetries=10, sleepTime=1000 MILLISECONDS)
2019-09-24 02:30:16,450 [main] INFO  ipc.Client (Client.java:handleConnectionFailure(948)) - Retrying connect to server: localhost/127.0.0.1:0. Already tried 5 time(s); retry policy is RetryUpToMaximumCountWithFixedSleep(maxRetries=10, sleepTime=1000 MILLISECONDS)
2019-09-24 02:30:17,451 [main] INFO  ipc.Client (Client.java:handleConnectionFailure(948)) - Retrying connect to server: localhost/127.0.0.1:0. Already tried 6 time(s); retry policy is RetryUpToMaximumCountWithFixedSleep(maxRetries=10, sleepTime=1000 MILLISECONDS)
2019-09-24 02:30:18,453 [main] INFO  ipc.Client (Client.java:handleConnectionFailure(948)) - Retrying connect to server: localhost/127.0.0.1:0. Already tried 7 time(s); retry policy is RetryUpToMaximumCountWithFixedSleep(maxRetries=10, sleepTime=1000 MILLISECONDS)
2019-09-24 02:30:19,454 [main] INFO  ipc.Client (Client.java:handleConnectionFailure(948)) - Retrying connect to server: localhost/127.0.0.1:0. Already tried 8 time(s); retry policy is RetryUpToMaximumCountWithFixedSleep(maxRetries=10, sleepTime=1000 MILLISECONDS)
2019-09-24 02:30:20,455 [main] INFO  ipc.Client (Client.java:handleConnectionFailure(948)) - Retrying connect to server: localhost/127.0.0.1:0. Already tried 9 time(s); retry policy is RetryUpToMaximumCountWithFixedSleep(maxRetries=10, sleepTime=1000 MILLISECONDS)
2019-09-24 02:30:20,456 [main] INFO  retry.RetryInvocationHandler (RetryInvocationHandler.java:log(411)) - com.google.protobuf.ServiceException: java.net.ConnectException: Your endpoint configuration is wrong; For more details see:  http://wiki.apache.org/hadoop/UnsetHostnameOrPort, while invoking $Proxy35.submitRequest over nodeId=null,nodeAddress=127.0.0.1:0 after 5 failover attempts. Trying to failover immediately.
2019-09-24 02:30:21,457 [main] INFO  ipc.Client (Client.java:handleConnectionFailure(948)) - Retrying connect to server: localhost/127.0.0.1:0. Already tried 0 time(s); retry policy is RetryUpToMaximumCountWithFixedSleep(maxRetries=10, sleepTime=1000 MILLISECONDS)
2019-09-24 02:30:22,458 [main] INFO  ipc.Client (Client.java:handleConnectionFailure(948)) - Retrying connect to server: localhost/127.0.0.1:0. Already tried 1 time(s); retry policy is RetryUpToMaximumCountWithFixedSleep(maxRetries=10, sleepTime=1000 MILLISECONDS)
2019-09-24 02:30:23,460 [main] INFO  ipc.Client (Client.java:handleConnectionFailure(948)) - Retrying connect to server: localhost/127.0.0.1:0. Already tried 2 time(s); retry policy is RetryUpToMaximumCountWithFixedSleep(maxRetries=10, sleepTime=1000 MILLISECONDS)
2019-09-24 02:30:24,461 [main] INFO  ipc.Client (Client.java:handleConnectionFailure(948)) - Retrying connect to server: localhost/127.0.0.1:0. Already tried 3 time(s); retry policy is RetryUpToMaximumCountWithFixedSleep(maxRetries=10, sleepTime=1000 MILLISECONDS)
2019-09-24 02:30:25,462 [main] INFO  ipc.Client (Client.java:handleConnectionFailure(948)) - Retrying connect to server: localhost/127.0.0.1:0. Already tried 4 time(s); retry policy is RetryUpToMaximumCountWithFixedSleep(maxRetries=10, sleepTime=1000 MILLISECONDS)
2019-09-24 02:30:26,463 [main] INFO  ipc.Client (Client.java:handleConnectionFailure(948)) - Retrying connect to server: localhost/127.0.0.1:0. Already tried 5 time(s); retry policy is RetryUpToMaximumCountWithFixedSleep(maxRetries=10, sleepTime=1000 MILLISECONDS)
2019-09-24 02:30:27,464 [main] INFO  ipc.Client (Client.java:handleConnectionFailure(948)) - Retrying connect to server: localhost/127.0.0.1:0. Already tried 6 time(s); retry policy is RetryUpToMaximumCountWithFixedSleep(maxRetries=10, sleepTime=1000 MILLISECONDS)
2019-09-24 02:30:28,466 [main] INFO  ipc.Client (Client.java:handleConnectionFailure(948)) - Retrying connect to server: localhost/127.0.0.1:0. Already tried 7 time(s); retry policy is RetryUpToMaximumCountWithFixedSleep(maxRetries=10, sleepTime=1000 MILLISECONDS)
2019-09-24 02:30:29,467 [main] INFO  ipc.Client (Client.java:handleConnectionFailure(948)) - Retrying connect to server: localhost/127.0.0.1:0. Already tried 8 time(s); retry policy is RetryUpToMaximumCountWithFixedSleep(maxRetries=10, sleepTime=1000 MILLISECONDS)
2019-09-24 02:30:30,468 [main] INFO  ipc.Client (Client.java:handleConnectionFailure(948)) - Retrying connect to server: localhost/127.0.0.1:0. Already tried 9 time(s); retry policy is RetryUpToMaximumCountWithFixedSleep(maxRetries=10, sleepTime=1000 MILLISECONDS)
2019-09-24 02:30:30,470 [main] INFO  retry.RetryInvocationHandler (RetryInvocationHandler.java:log(411)) - com.google.protobuf.ServiceException: java.net.ConnectException: Your endpoint configuration is wrong; For more details see:  http://wiki.apache.org/hadoop/UnsetHostnameOrPort, while invoking $Proxy35.submitRequest over nodeId=null,nodeAddress=127.0.0.1:0 after 6 failover attempts. Trying to failover immediately.
2019-09-24 02:30:31,471 [main] INFO  ipc.Client (Client.java:handleConnectionFailure(948)) - Retrying connect to server: localhost/127.0.0.1:0. Already tried 0 time(s); retry policy is RetryUpToMaximumCountWithFixedSleep(maxRetries=10, sleepTime=1000 MILLISECONDS)
2019-09-24 02:30:32,472 [main] INFO  ipc.Client (Client.java:handleConnectionFailure(948)) - Retrying connect to server: localhost/127.0.0.1:0. Already tried 1 time(s); retry policy is RetryUpToMaximumCountWithFixedSleep(maxRetries=10, sleepTime=1000 MILLISECONDS)
2019-09-24 02:30:33,473 [main] INFO  ipc.Client (Client.java:handleConnectionFailure(948)) - Retrying connect to server: localhost/127.0.0.1:0. Already tried 2 time(s); retry policy is RetryUpToMaximumCountWithFixedSleep(maxRetries=10, sleepTime=1000 MILLISECONDS)
2019-09-24 02:30:34,474 [main] INFO  ipc.Client (Client.java:handleConnectionFailure(948)) - Retrying connect to server: localhost/127.0.0.1:0. Already tried 3 time(s); retry policy is RetryUpToMaximumCountWithFixedSleep(maxRetries=10, sleepTime=1000 MILLISECONDS)
2019-09-24 02:30:35,475 [main] INFO  ipc.Client (Client.java:handleConnectionFailure(948)) - Retrying connect to server: localhost/127.0.0.1:0. Already tried 4 time(s); retry policy is RetryUpToMaximumCountWithFixedSleep(maxRetries=10, sleepTime=1000 MILLISECONDS)
2019-09-24 02:30:36,477 [main] INFO  ipc.Client (Client.java:handleConnectionFailure(948)) - Retrying connect to server: localhost/127.0.0.1:0. Already tried 5 time(s); retry policy is RetryUpToMaximumCountWithFixedSleep(maxRetries=10, sleepTime=1000 MILLISECONDS)
2019-09-24 02:30:37,479 [main] INFO  ipc.Client (Client.java:handleConnectionFailure(948)) - Retrying connect to server: localhost/127.0.0.1:0. Already tried 6 time(s); retry policy is RetryUpToMaximumCountWithFixedSleep(maxRetries=10, sleepTime=1000 MILLISECONDS)
2019-09-24 02:30:38,480 [main] INFO  ipc.Client (Client.java:handleConnectionFailure(948)) - Retrying connect to server: localhost/127.0.0.1:0. Already tried 7 time(s); retry policy is RetryUpToMaximumCountWithFixedSleep(maxRetries=10, sleepTime=1000 MILLISECONDS)
2019-09-24 02:30:39,481 [main] INFO  ipc.Client (Client.java:handleConnectionFailure(948)) - Retrying connect to server: localhost/127.0.0.1:0. Already tried 8 time(s); retry policy is RetryUpToMaximumCountWithFixedSleep(maxRetries=10, sleepTime=1000 MILLISECONDS)
2019-09-24 02:30:40,482 [main] INFO  ipc.Client (Client.java:handleConnectionFailure(948)) - Retrying connect to server: localhost/127.0.0.1:0. Already tried 9 time(s); retry policy is RetryUpToMaximumCountWithFixedSleep(maxRetries=10, sleepTime=1000 MILLISECONDS)
2019-09-24 02:30:40,484 [main] INFO  retry.RetryInvocationHandler (RetryInvocationHandler.java:log(411)) - com.google.protobuf.ServiceException: java.net.ConnectException: Your endpoint configuration is wrong; For more details see:  http://wiki.apache.org/hadoop/UnsetHostnameOrPort, while invoking $Proxy35.submitRequest over nodeId=null,nodeAddress=127.0.0.1:0 after 7 failover attempts. Trying to failover immediately.
2019-09-24 02:30:41,485 [main] INFO  ipc.Client (Client.java:handleConnectionFailure(948)) - Retrying connect to server: localhost/127.0.0.1:0. Already tried 0 time(s); retry policy is RetryUpToMaximumCountWithFixedSleep(maxRetries=10, sleepTime=1000 MILLISECONDS)
2019-09-24 02:30:42,486 [main] INFO  ipc.Client (Client.java:handleConnectionFailure(948)) - Retrying connect to server: localhost/127.0.0.1:0. Already tried 1 time(s); retry policy is RetryUpToMaximumCountWithFixedSleep(maxRetries=10, sleepTime=1000 MILLISECONDS)
2019-09-24 02:30:43,487 [main] INFO  ipc.Client (Client.java:handleConnectionFailure(948)) - Retrying connect to server: localhost/127.0.0.1:0. Already tried 2 time(s); retry policy is RetryUpToMaximumCountWithFixedSleep(maxRetries=10, sleepTime=1000 MILLISECONDS)
2019-09-24 02:30:44,488 [main] INFO  ipc.Client (Client.java:handleConnectionFailure(948)) - Retrying connect to server: localhost/127.0.0.1:0. Already tried 3 time(s); retry policy is RetryUpToMaximumCountWithFixedSleep(maxRetries=10, sleepTime=1000 MILLISECONDS)
2019-09-24 02:30:45,490 [main] INFO  ipc.Client (Client.java:handleConnectionFailure(948)) - Retrying connect to server: localhost/127.0.0.1:0. Already tried 4 time(s); retry policy is RetryUpToMaximumCountWithFixedSleep(maxRetries=10, sleepTime=1000 MILLISECONDS)
2019-09-24 02:30:46,490 [main] INFO  ipc.Client (Client.java:handleConnectionFailure(948)) - Retrying connect to server: localhost/127.0.0.1:0. Already tried 5 time(s); retry policy is RetryUpToMaximumCountWithFixedSleep(maxRetries=10, sleepTime=1000 MILLISECONDS)
2019-09-24 02:30:47,491 [main] INFO  ipc.Client (Client.java:handleConnectionFailure(948)) - Retrying connect to server: localhost/127.0.0.1:0. Already tried 6 time(s); retry policy is RetryUpToMaximumCountWithFixedSleep(maxRetries=10, sleepTime=1000 MILLISECONDS)
2019-09-24 02:30:48,493 [main] INFO  ipc.Client (Client.java:handleConnectionFailure(948)) - Retrying connect to server: localhost/127.0.0.1:0. Already tried 7 time(s); retry policy is RetryUpToMaximumCountWithFixedSleep(maxRetries=10, sleepTime=1000 MILLISECONDS)
2019-09-24 02:30:49,494 [main] INFO  ipc.Client (Client.java:handleConnectionFailure(948)) - Retrying connect to server: localhost/127.0.0.1:0. Already tried 8 time(s); retry policy is RetryUpToMaximumCountWithFixedSleep(maxRetries=10, sleepTime=1000 MILLISECONDS)
2019-09-24 02:30:50,495 [main] INFO  ipc.Client (Client.java:handleConnectionFailure(948)) - Retrying connect to server: localhost/127.0.0.1:0. Already tried 9 time(s); retry policy is RetryUpToMaximumCountWithFixedSleep(maxRetries=10, sleepTime=1000 MILLISECONDS)
2019-09-24 02:30:50,497 [main] INFO  retry.RetryInvocationHandler (RetryInvocationHandler.java:log(411)) - com.google.protobuf.ServiceException: java.net.ConnectException: Your endpoint configuration is wrong; For more details see:  http://wiki.apache.org/hadoop/UnsetHostnameOrPort, while invoking $Proxy35.submitRequest over nodeId=null,nodeAddress=127.0.0.1:0 after 8 failover attempts. Trying to failover immediately.
2019-09-24 02:30:51,498 [main] INFO  ipc.Client (Client.java:handleConnectionFailure(948)) - Retrying connect to server: localhost/127.0.0.1:0. Already tried 0 time(s); retry policy is RetryUpToMaximumCountWithFixedSleep(maxRetries=10, sleepTime=1000 MILLISECONDS)
2019-09-24 02:30:52,499 [main] INFO  ipc.Client (Client.java:handleConnectionFailure(948)) - Retrying connect to server: localhost/127.0.0.1:0. Already tried 1 time(s); retry policy is RetryUpToMaximumCountWithFixedSleep(maxRetries=10, sleepTime=1000 MILLISECONDS)
2019-09-24 02:30:53,501 [main] INFO  ipc.Client (Client.java:handleConnectionFailure(948)) - Retrying connect to server: localhost/127.0.0.1:0. Already tried 2 time(s); retry policy is RetryUpToMaximumCountWithFixedSleep(maxRetries=10, sleepTime=1000 MILLISECONDS)
2019-09-24 02:30:54,502 [main] INFO  ipc.Client (Client.java:handleConnectionFailure(948)) - Retrying connect to server: localhost/127.0.0.1:0. Already tried 3 time(s); retry policy is RetryUpToMaximumCountWithFixedSleep(maxRetries=10, sleepTime=1000 MILLISECONDS)
2019-09-24 02:30:55,503 [main] INFO  ipc.Client (Client.java:handleConnectionFailure(948)) - Retrying connect to server: localhost/127.0.0.1:0. Already tried 4 time(s); retry policy is RetryUpToMaximumCountWithFixedSleep(maxRetries=10, sleepTime=1000 MILLISECONDS)
2019-09-24 02:30:56,504 [main] INFO  ipc.Client (Client.java:handleConnectionFailure(948)) - Retrying connect to server: localhost/127.0.0.1:0. Already tried 5 time(s); retry policy is RetryUpToMaximumCountWithFixedSleep(maxRetries=10, sleepTime=1000 MILLISECONDS)
2019-09-24 02:30:57,505 [main] INFO  ipc.Client (Client.java:handleConnectionFailure(948)) - Retrying connect to server: localhost/127.0.0.1:0. Already tried 6 time(s); retry policy is RetryUpToMaximumCountWithFixedSleep(maxRetries=10, sleepTime=1000 MILLISECONDS)
2019-09-24 02:30:58,506 [main] INFO  ipc.Client (Client.java:handleConnectionFailure(948)) - Retrying connect to server: localhost/127.0.0.1:0. Already tried 7 time(s); retry policy is RetryUpToMaximumCountWithFixedSleep(maxRetries=10, sleepTime=1000 MILLISECONDS)
2019-09-24 02:30:59,508 [main] INFO  ipc.Client (Client.java:handleConnectionFailure(948)) - Retrying connect to server: localhost/127.0.0.1:0. Already tried 8 time(s); retry policy is RetryUpToMaximumCountWithFixedSleep(maxRetries=10, sleepTime=1000 MILLISECONDS)
2019-09-24 02:31:00,509 [main] INFO  ipc.Client (Client.java:handleConnectionFailure(948)) - Retrying connect to server: localhost/127.0.0.1:0. Already tried 9 time(s); retry policy is RetryUpToMaximumCountWithFixedSleep(maxRetries=10, sleepTime=1000 MILLISECONDS)
2019-09-24 02:31:00,510 [main] INFO  retry.RetryInvocationHandler (RetryInvocationHandler.java:log(411)) - com.google.protobuf.ServiceException: java.net.ConnectException: Your endpoint configuration is wrong; For more details see:  http://wiki.apache.org/hadoop/UnsetHostnameOrPort, while invoking $Proxy35.submitRequest over nodeId=null,nodeAddress=127.0.0.1:0 after 9 failover attempts. Trying to failover immediately.
2019-09-24 02:31:01,511 [main] INFO  ipc.Client (Client.java:handleConnectionFailure(948)) - Retrying connect to server: localhost/127.0.0.1:0. Already tried 0 time(s); retry policy is RetryUpToMaximumCountWithFixedSleep(maxRetries=10, sleepTime=1000 MILLISECONDS)
2019-09-24 02:31:02,512 [main] INFO  ipc.Client (Client.java:handleConnectionFailure(948)) - Retrying connect to server: localhost/127.0.0.1:0. Already tried 1 time(s); retry policy is RetryUpToMaximumCountWithFixedSleep(maxRetries=10, sleepTime=1000 MILLISECONDS)
2019-09-24 02:31:03,514 [main] INFO  ipc.Client (Client.java:handleConnectionFailure(948)) - Retrying connect to server: localhost/127.0.0.1:0. Already tried 2 time(s); retry policy is RetryUpToMaximumCountWithFixedSleep(maxRetries=10, sleepTime=1000 MILLISECONDS)
2019-09-24 02:31:04,515 [main] INFO  ipc.Client (Client.java:handleConnectionFailure(948)) - Retrying connect to server: localhost/127.0.0.1:0. Already tried 3 time(s); retry policy is RetryUpToMaximumCountWithFixedSleep(maxRetries=10, sleepTime=1000 MILLISECONDS)
2019-09-24 02:31:05,516 [main] INFO  ipc.Client (Client.java:handleConnectionFailure(948)) - Retrying connect to server: localhost/127.0.0.1:0. Already tried 4 time(s); retry policy is RetryUpToMaximumCountWithFixedSleep(maxRetries=10, sleepTime=1000 MILLISECONDS)
2019-09-24 02:31:06,518 [main] INFO  ipc.Client (Client.java:handleConnectionFailure(948)) - Retrying connect to server: localhost/127.0.0.1:0. Already tried 5 time(s); retry policy is RetryUpToMaximumCountWithFixedSleep(maxRetries=10, sleepTime=1000 MILLISECONDS)
2019-09-24 02:31:07,519 [main] INFO  ipc.Client (Client.java:handleConnectionFailure(948)) - Retrying connect to server: localhost/127.0.0.1:0. Already tried 6 time(s); retry policy is RetryUpToMaximumCountWithFixedSleep(maxRetries=10, sleepTime=1000 MILLISECONDS)
2019-09-24 02:31:08,520 [main] INFO  ipc.Client (Client.java:handleConnectionFailure(948)) - Retrying connect to server: localhost/127.0.0.1:0. Already tried 7 time(s); retry policy is RetryUpToMaximumCountWithFixedSleep(maxRetries=10, sleepTime=1000 MILLISECONDS)
2019-09-24 02:31:09,521 [main] INFO  ipc.Client (Client.java:handleConnectionFailure(948)) - Retrying connect to server: localhost/127.0.0.1:0. Already tried 8 time(s); retry policy is RetryUpToMaximumCountWithFixedSleep(maxRetries=10, sleepTime=1000 MILLISECONDS)
2019-09-24 02:31:10,523 [main] INFO  ipc.Client (Client.java:handleConnectionFailure(948)) - Retrying connect to server: localhost/127.0.0.1:0. Already tried 9 time(s); retry policy is RetryUpToMaximumCountWithFixedSleep(maxRetries=10, sleepTime=1000 MILLISECONDS)
2019-09-24 02:31:10,525 [main] ERROR ha.OMFailoverProxyProvider (OzoneManagerProtocolClientSideTranslatorPB.java:getRetryAction(268)) - Failed to connect to OM. Attempted 10 retries and 10 failovers
2019-09-24 02:31:10,525 [main] ERROR client.OzoneClientFactory (OzoneClientFactory.java:getClientProtocol(259)) - Couldn't create RpcClient protocol exception: 
java.net.ConnectException: Your endpoint configuration is wrong; For more details see:  http://wiki.apache.org/hadoop/UnsetHostnameOrPort
	at sun.reflect.GeneratedConstructorAccessor41.newInstance(Unknown Source)
	at sun.reflect.DelegatingConstructorAccessorImpl.newInstance(DelegatingConstructorAccessorImpl.java:45)
	at java.lang.reflect.Constructor.newInstance(Constructor.java:423)
	at org.apache.hadoop.net.NetUtils.wrapWithMessage(NetUtils.java:831)
	at org.apache.hadoop.net.NetUtils.wrapException(NetUtils.java:751)
	at org.apache.hadoop.ipc.Client.getRpcResponse(Client.java:1515)
	at org.apache.hadoop.ipc.Client.call(Client.java:1457)
	at org.apache.hadoop.ipc.Client.call(Client.java:1367)
	at org.apache.hadoop.ipc.ProtobufRpcEngine$Invoker.invoke(ProtobufRpcEngine.java:228)
	at org.apache.hadoop.ipc.ProtobufRpcEngine$Invoker.invoke(ProtobufRpcEngine.java:116)
	at com.sun.proxy.$Proxy35.submitRequest(Unknown Source)
	at sun.reflect.GeneratedMethodAccessor36.invoke(Unknown Source)
	at sun.reflect.DelegatingMethodAccessorImpl.invoke(DelegatingMethodAccessorImpl.java:43)
	at java.lang.reflect.Method.invoke(Method.java:498)
	at org.apache.hadoop.io.retry.RetryInvocationHandler.invokeMethod(RetryInvocationHandler.java:422)
	at org.apache.hadoop.io.retry.RetryInvocationHandler$Call.invokeMethod(RetryInvocationHandler.java:165)
	at org.apache.hadoop.io.retry.RetryInvocationHandler$Call.invoke(RetryInvocationHandler.java:157)
	at org.apache.hadoop.io.retry.RetryInvocationHandler$Call.invokeOnce(RetryInvocationHandler.java:95)
	at org.apache.hadoop.io.retry.RetryInvocationHandler.invoke(RetryInvocationHandler.java:359)
	at com.sun.proxy.$Proxy35.submitRequest(Unknown Source)
	at org.apache.hadoop.ozone.om.protocolPB.OzoneManagerProtocolClientSideTranslatorPB.submitRequest(OzoneManagerProtocolClientSideTranslatorPB.java:338)
	at org.apache.hadoop.ozone.om.protocolPB.OzoneManagerProtocolClientSideTranslatorPB.getServiceInfo(OzoneManagerProtocolClientSideTranslatorPB.java:1223)
	at sun.reflect.NativeMethodAccessorImpl.invoke0(Native Method)
	at sun.reflect.NativeMethodAccessorImpl.invoke(NativeMethodAccessorImpl.java:62)
	at sun.reflect.DelegatingMethodAccessorImpl.invoke(DelegatingMethodAccessorImpl.java:43)
	at java.lang.reflect.Method.invoke(Method.java:498)
	at org.apache.hadoop.hdds.tracing.TraceAllMethod.invoke(TraceAllMethod.java:66)
	at com.sun.proxy.$Proxy36.getServiceInfo(Unknown Source)
	at org.apache.hadoop.ozone.client.rpc.RpcClient.<init>(RpcClient.java:154)
	at org.apache.hadoop.ozone.client.OzoneClientFactory.getClientProtocol(OzoneClientFactory.java:256)
	at org.apache.hadoop.ozone.client.OzoneClientFactory.getClientProtocol(OzoneClientFactory.java:239)
	at org.apache.hadoop.ozone.client.OzoneClientFactory.getClient(OzoneClientFactory.java:75)
	at org.apache.hadoop.ozone.client.rpc.TestFailureHandlingByClient.init(TestFailureHandlingByClient.java:111)
	at org.apache.hadoop.ozone.client.rpc.TestFailureHandlingByClient.startCluster(TestFailureHandlingByClient.java:121)
	at org.apache.hadoop.ozone.client.rpc.TestFailureHandlingByClient.testBlockWritesWithDnFailures(TestFailureHandlingByClient.java:136)
	at sun.reflect.NativeMethodAccessorImpl.invoke0(Native Method)
	at sun.reflect.NativeMethodAccessorImpl.invoke(NativeMethodAccessorImpl.java:62)
	at sun.reflect.DelegatingMethodAccessorImpl.invoke(DelegatingMethodAccessorImpl.java:43)
	at java.lang.reflect.Method.invoke(Method.java:498)
	at org.junit.runners.model.FrameworkMethod$1.runReflectiveCall(FrameworkMethod.java:47)
	at org.junit.internal.runners.model.ReflectiveCallable.run(ReflectiveCallable.java:12)
	at org.junit.runners.model.FrameworkMethod.invokeExplosively(FrameworkMethod.java:44)
	at org.junit.internal.runners.statements.InvokeMethod.evaluate(InvokeMethod.java:17)
	at org.junit.internal.runners.statements.RunAfters.evaluate(RunAfters.java:27)
	at org.junit.runners.ParentRunner.runLeaf(ParentRunner.java:271)
	at org.junit.runners.BlockJUnit4ClassRunner.runChild(BlockJUnit4ClassRunner.java:70)
	at org.junit.runners.BlockJUnit4ClassRunner.runChild(BlockJUnit4ClassRunner.java:50)
	at org.junit.runners.ParentRunner$3.run(ParentRunner.java:238)
	at org.junit.runners.ParentRunner$1.schedule(ParentRunner.java:63)
	at org.junit.runners.ParentRunner.runChildren(ParentRunner.java:236)
	at org.junit.runners.ParentRunner.access$000(ParentRunner.java:53)
	at org.junit.runners.ParentRunner$2.evaluate(ParentRunner.java:229)
	at org.junit.runners.ParentRunner.run(ParentRunner.java:309)
	at org.apache.maven.surefire.junit4.JUnit4Provider.execute(JUnit4Provider.java:365)
	at org.apache.maven.surefire.junit4.JUnit4Provider.executeWithRerun(JUnit4Provider.java:273)
	at org.apache.maven.surefire.junit4.JUnit4Provider.executeTestSet(JUnit4Provider.java:238)
	at org.apache.maven.surefire.junit4.JUnit4Provider.invoke(JUnit4Provider.java:159)
	at org.apache.maven.surefire.booter.ForkedBooter.invokeProviderInSameClassLoader(ForkedBooter.java:384)
	at org.apache.maven.surefire.booter.ForkedBooter.runSuitesInProcess(ForkedBooter.java:345)
	at org.apache.maven.surefire.booter.ForkedBooter.execute(ForkedBooter.java:126)
	at org.apache.maven.surefire.booter.ForkedBooter.main(ForkedBooter.java:418)
Caused by: java.net.ConnectException: Connection refused
	at sun.nio.ch.SocketChannelImpl.checkConnect(Native Method)
	at sun.nio.ch.SocketChannelImpl.finishConnect(SocketChannelImpl.java:717)
	at org.apache.hadoop.net.SocketIOWithTimeout.connect(SocketIOWithTimeout.java:206)
	at org.apache.hadoop.net.NetUtils.connect(NetUtils.java:531)
	at org.apache.hadoop.ipc.Client$Connection.setupConnection(Client.java:690)
	at org.apache.hadoop.ipc.Client$Connection.setupIOstreams(Client.java:794)
	at org.apache.hadoop.ipc.Client$Connection.access$3700(Client.java:411)
	at org.apache.hadoop.ipc.Client.getConnection(Client.java:1572)
	at org.apache.hadoop.ipc.Client.call(Client.java:1403)
	... 54 more
2019-09-24 02:31:10,527 [main] INFO  ozone.MiniOzoneClusterImpl (MiniOzoneClusterImpl.java:shutdown(314)) - Shutting down the Mini Ozone Cluster
2019-09-24 02:31:10,527 [main] INFO  ozone.MiniOzoneClusterImpl (MiniOzoneClusterImpl.java:stop(330)) - Stopping the Mini Ozone Cluster
2019-09-24 02:31:10,527 [main] INFO  ozone.MiniOzoneClusterImpl (MiniOzoneClusterImpl.java:stopOM(400)) - Stopping the OzoneManager
2019-09-24 02:31:10,528 [main] INFO  ipc.Server (Server.java:stop(3082)) - Stopping server on 36687
2019-09-24 02:31:10,554 [main] INFO  ratis.OzoneManagerDoubleBuffer (OzoneManagerDoubleBuffer.java:stop(248)) - Stopping OMDoubleBuffer flush thread
2019-09-24 02:31:10,554 [IPC Server listener on 36687] INFO  ipc.Server (Server.java:run(1185)) - Stopping IPC Server listener on 36687
2019-09-24 02:31:10,560 [IPC Server Responder] INFO  ipc.Server (Server.java:run(1319)) - Stopping IPC Server Responder
2019-09-24 02:31:10,568 [OMDoubleBufferFlushThread] INFO  ratis.OzoneManagerDoubleBuffer (OzoneManagerDoubleBuffer.java:flushTransactions(191)) - OMDoubleBuffer flush thread OMDoubleBufferFlushThread is interrupted and will exit. OMDoubleBufferFlushThread
2019-09-24 02:31:10,600 [main] INFO  utils.BackgroundService (BackgroundService.java:shutdown(148)) - Shutting down service KeyDeletingService
2019-09-24 02:31:10,602 [main] INFO  handler.ContextHandler (ContextHandler.java:doStop(910)) - Stopped o.e.j.w.WebAppContext@377949f1{/,null,UNAVAILABLE}{/ozoneManager}
2019-09-24 02:31:10,603 [main] INFO  server.AbstractConnector (AbstractConnector.java:doStop(318)) - Stopped ServerConnector@9df564f{HTTP/1.1,[http/1.1]}{0.0.0.0:0}
2019-09-24 02:31:10,604 [main] INFO  handler.ContextHandler (ContextHandler.java:doStop(910)) - Stopped o.e.j.s.ServletContextHandler@7c46c9c3{/static,file:///workdir/hadoop-ozone/integration-test/target/test-classes/webapps/static,UNAVAILABLE}
2019-09-24 02:31:10,604 [main] INFO  handler.ContextHandler (ContextHandler.java:doStop(910)) - Stopped o.e.j.s.ServletContextHandler@6fa02932{/logs,file:///workdir/hadoop-ozone/integration-test/target/log,UNAVAILABLE}
2019-09-24 02:31:10,608 [main] INFO  ozone.MiniOzoneClusterImpl (MiniOzoneClusterImpl.java:stopDatanodes(377)) - Stopping the HddsDatanodes
2019-09-24 02:31:10,780 [Datanode State Machine Thread - 0] INFO  statemachine.DatanodeStateMachine (DatanodeStateMachine.java:lambda$startDaemon$0(350)) - Ozone container server started.
2019-09-24 02:31:11,337 [Datanode State Machine Thread - 0] INFO  statemachine.DatanodeStateMachine (DatanodeStateMachine.java:lambda$startDaemon$0(350)) - Ozone container server started.
2019-09-24 02:31:15,610 [main] INFO  ozoneimpl.OzoneContainer (OzoneContainer.java:stop(231)) - Attempting to stop container services.
2019-09-24 02:31:15,610 [ForkJoinPool.commonPool-worker-0] INFO  ozoneimpl.OzoneContainer (OzoneContainer.java:stop(231)) - Attempting to stop container services.
2019-09-24 02:31:15,611 [main] INFO  impl.RaftServerProxy (RaftServerProxy.java:lambda$close$4(314)) - 802dd090-3361-4aa9-ab79-78a8dffa1107: close
2019-09-24 02:31:15,611 [ForkJoinPool.commonPool-worker-0] INFO  impl.RaftServerProxy (RaftServerProxy.java:lambda$close$4(314)) - 5cc809fa-c519-491c-99df-43aed39bd77b: close
2019-09-24 02:31:15,611 [main] INFO  impl.RaftServerImpl (RaftServerImpl.java:lambda$shutdown$3(251)) - 802dd090-3361-4aa9-ab79-78a8dffa1107@group-180818D803C5: shutdown
2019-09-24 02:31:15,612 [ForkJoinPool.commonPool-worker-0] INFO  impl.RaftServerImpl (RaftServerImpl.java:lambda$shutdown$3(251)) - 5cc809fa-c519-491c-99df-43aed39bd77b@group-20336DBB896F: shutdown
2019-09-24 02:31:15,612 [main] INFO  util.JmxRegister (JmxRegister.java:unregister(73)) - Successfully un-registered JMX Bean with object name Ratis:service=RaftServer,group=group-180818D803C5,id=802dd090-3361-4aa9-ab79-78a8dffa1107
2019-09-24 02:31:15,613 [ForkJoinPool.commonPool-worker-0] INFO  util.JmxRegister (JmxRegister.java:unregister(73)) - Successfully un-registered JMX Bean with object name Ratis:service=RaftServer,group=group-20336DBB896F,id=5cc809fa-c519-491c-99df-43aed39bd77b
2019-09-24 02:31:15,613 [main] INFO  impl.RoleInfo (RoleInfo.java:shutdownFollowerState(121)) - 802dd090-3361-4aa9-ab79-78a8dffa1107: shutdown FollowerState
2019-09-24 02:31:15,613 [ForkJoinPool.commonPool-worker-0] INFO  impl.RoleInfo (RoleInfo.java:shutdownLeaderState(104)) - 5cc809fa-c519-491c-99df-43aed39bd77b: shutdown LeaderState
2019-09-24 02:31:15,614 [Thread-6160] INFO  impl.FollowerState (FollowerState.java:run(115)) - 802dd090-3361-4aa9-ab79-78a8dffa1107: FollowerState was interrupted: java.lang.InterruptedException: sleep interrupted
2019-09-24 02:31:15,614 [main] INFO  impl.StateMachineUpdater (StateMachineUpdater.java:stopAndJoin(125)) - 802dd090-3361-4aa9-ab79-78a8dffa1107@group-180818D803C5-StateMachineUpdater: set stopIndex = 0
2019-09-24 02:31:15,619 [ForkJoinPool.commonPool-worker-0] INFO  impl.PendingRequests (PendingRequests.java:sendNotLeaderResponses(202)) - 5cc809fa-c519-491c-99df-43aed39bd77b-PendingRequests: sendNotLeaderResponses
2019-09-24 02:31:15,620 [main] INFO  impl.RaftServerImpl (ServerState.java:close(385)) - 802dd090-3361-4aa9-ab79-78a8dffa1107@group-180818D803C5: closes. applyIndex: 0
2019-09-24 02:31:15,621 [ForkJoinPool.commonPool-worker-0] INFO  impl.StateMachineUpdater (StateMachineUpdater.java:stopAndJoin(125)) - 5cc809fa-c519-491c-99df-43aed39bd77b@group-20336DBB896F-StateMachineUpdater: set stopIndex = 0
2019-09-24 02:31:15,621 [ForkJoinPool.commonPool-worker-0] INFO  impl.RaftServerImpl (ServerState.java:close(385)) - 5cc809fa-c519-491c-99df-43aed39bd77b@group-20336DBB896F: closes. applyIndex: 0
2019-09-24 02:31:15,621 [802dd090-3361-4aa9-ab79-78a8dffa1107@group-180818D803C5-SegmentedRaftLogWorker] INFO  segmented.SegmentedRaftLogWorker (SegmentedRaftLogWorker.java:run(313)) - 802dd090-3361-4aa9-ab79-78a8dffa1107@group-180818D803C5-SegmentedRaftLogWorker was interrupted, exiting. There are 0 tasks remaining in the queue.
2019-09-24 02:31:15,622 [5cc809fa-c519-491c-99df-43aed39bd77b@group-20336DBB896F-SegmentedRaftLogWorker] INFO  segmented.SegmentedRaftLogWorker (SegmentedRaftLogWorker.java:run(313)) - 5cc809fa-c519-491c-99df-43aed39bd77b@group-20336DBB896F-SegmentedRaftLogWorker was interrupted, exiting. There are 0 tasks remaining in the queue.
2019-09-24 02:31:15,628 [main] INFO  segmented.SegmentedRaftLogWorker (SegmentedRaftLogWorker.java:close(228)) - 802dd090-3361-4aa9-ab79-78a8dffa1107@group-180818D803C5-SegmentedRaftLogWorker close()
2019-09-24 02:31:15,628 [ForkJoinPool.commonPool-worker-0] INFO  segmented.SegmentedRaftLogWorker (SegmentedRaftLogWorker.java:close(228)) - 5cc809fa-c519-491c-99df-43aed39bd77b@group-20336DBB896F-SegmentedRaftLogWorker close()
2019-09-24 02:31:15,653 [main] INFO  impl.RaftServerImpl (RaftServerImpl.java:lambda$shutdown$3(251)) - 802dd090-3361-4aa9-ab79-78a8dffa1107@group-96689F49D762: shutdown
2019-09-24 02:31:15,657 [ForkJoinPool.commonPool-worker-0] INFO  impl.RaftServerImpl (RaftServerImpl.java:lambda$shutdown$3(251)) - 5cc809fa-c519-491c-99df-43aed39bd77b@group-8C41FF714108: shutdown
2019-09-24 02:31:15,658 [main] INFO  util.JmxRegister (JmxRegister.java:unregister(73)) - Successfully un-registered JMX Bean with object name Ratis:service=RaftServer,group=group-96689F49D762,id=802dd090-3361-4aa9-ab79-78a8dffa1107
2019-09-24 02:31:15,658 [ForkJoinPool.commonPool-worker-0] INFO  util.JmxRegister (JmxRegister.java:unregister(73)) - Successfully un-registered JMX Bean with object name Ratis:service=RaftServer,group=group-8C41FF714108,id=5cc809fa-c519-491c-99df-43aed39bd77b
2019-09-24 02:31:15,659 [main] INFO  impl.RoleInfo (RoleInfo.java:shutdownLeaderState(104)) - 802dd090-3361-4aa9-ab79-78a8dffa1107: shutdown LeaderState
2019-09-24 02:31:15,659 [ForkJoinPool.commonPool-worker-0] INFO  impl.RoleInfo (RoleInfo.java:shutdownFollowerState(121)) - 5cc809fa-c519-491c-99df-43aed39bd77b: shutdown FollowerState
2019-09-24 02:31:15,659 [main] INFO  impl.PendingRequests (PendingRequests.java:sendNotLeaderResponses(202)) - 802dd090-3361-4aa9-ab79-78a8dffa1107-PendingRequests: sendNotLeaderResponses
2019-09-24 02:31:15,660 [Thread-6205] INFO  impl.FollowerState (FollowerState.java:run(115)) - 5cc809fa-c519-491c-99df-43aed39bd77b: FollowerState was interrupted: java.lang.InterruptedException: sleep interrupted
2019-09-24 02:31:15,660 [ForkJoinPool.commonPool-worker-0] INFO  impl.StateMachineUpdater (StateMachineUpdater.java:stopAndJoin(125)) - 5cc809fa-c519-491c-99df-43aed39bd77b@group-8C41FF714108-StateMachineUpdater: set stopIndex = 0
2019-09-24 02:31:15,661 [ForkJoinPool.commonPool-worker-0] INFO  impl.RaftServerImpl (ServerState.java:close(385)) - 5cc809fa-c519-491c-99df-43aed39bd77b@group-8C41FF714108: closes. applyIndex: 0
2019-09-24 02:31:15,660 [main] INFO  impl.StateMachineUpdater (StateMachineUpdater.java:stopAndJoin(125)) - 802dd090-3361-4aa9-ab79-78a8dffa1107@group-96689F49D762-StateMachineUpdater: set stopIndex = 0
2019-09-24 02:31:15,661 [main] INFO  impl.RaftServerImpl (ServerState.java:close(385)) - 802dd090-3361-4aa9-ab79-78a8dffa1107@group-96689F49D762: closes. applyIndex: 0
2019-09-24 02:31:15,661 [5cc809fa-c519-491c-99df-43aed39bd77b@group-8C41FF714108-SegmentedRaftLogWorker] INFO  segmented.SegmentedRaftLogWorker (SegmentedRaftLogWorker.java:run(313)) - 5cc809fa-c519-491c-99df-43aed39bd77b@group-8C41FF714108-SegmentedRaftLogWorker was interrupted, exiting. There are 0 tasks remaining in the queue.
2019-09-24 02:31:15,662 [802dd090-3361-4aa9-ab79-78a8dffa1107@group-96689F49D762-SegmentedRaftLogWorker] INFO  segmented.SegmentedRaftLogWorker (SegmentedRaftLogWorker.java:run(313)) - 802dd090-3361-4aa9-ab79-78a8dffa1107@group-96689F49D762-SegmentedRaftLogWorker was interrupted, exiting. There are 0 tasks remaining in the queue.
2019-09-24 02:31:15,665 [ForkJoinPool.commonPool-worker-0] INFO  segmented.SegmentedRaftLogWorker (SegmentedRaftLogWorker.java:close(228)) - 5cc809fa-c519-491c-99df-43aed39bd77b@group-8C41FF714108-SegmentedRaftLogWorker close()
2019-09-24 02:31:15,669 [main] INFO  segmented.SegmentedRaftLogWorker (SegmentedRaftLogWorker.java:close(228)) - 802dd090-3361-4aa9-ab79-78a8dffa1107@group-96689F49D762-SegmentedRaftLogWorker close()
2019-09-24 02:31:15,672 [ForkJoinPool.commonPool-worker-0] INFO  server.GrpcService (GrpcService.java:closeImpl(164)) - 5cc809fa-c519-491c-99df-43aed39bd77b: shutdown server with port 42564 now
2019-09-24 02:31:15,675 [main] INFO  server.GrpcService (GrpcService.java:closeImpl(164)) - 802dd090-3361-4aa9-ab79-78a8dffa1107: shutdown server with port 38747 now
2019-09-24 02:31:15,677 [grpc-default-executor-3] WARN  server.GrpcServerProtocolService (LogUtils.java:warn(134)) - 802dd090-3361-4aa9-ab79-78a8dffa1107: installSnapshot onError, lastRequest: 0bec04af-c60a-441b-9562-0d7467eb7c58->802dd090-3361-4aa9-ab79-78a8dffa1107#227-t1, previous=(t:1, i:0), leaderCommit=0, initializing? false, entries: <empty>: org.apache.ratis.thirdparty.io.grpc.StatusRuntimeException: CANCELLED: cancelled before receiving half close
2019-09-24 02:31:15,678 [ForkJoinPool.commonPool-worker-0] INFO  server.GrpcService (GrpcService.java:closeImpl(172)) - 5cc809fa-c519-491c-99df-43aed39bd77b: shutdown server with port 42564 successfully
2019-09-24 02:31:15,678 [main] INFO  server.GrpcService (GrpcService.java:closeImpl(172)) - 802dd090-3361-4aa9-ab79-78a8dffa1107: shutdown server with port 38747 successfully
2019-09-24 02:31:15,678 [grpc-default-executor-1] WARN  server.GrpcServerProtocolService (LogUtils.java:warn(134)) - 5cc809fa-c519-491c-99df-43aed39bd77b: installSnapshot onError, lastRequest: 5a1cfc27-0377-45c9-882e-ae9e71586032->5cc809fa-c519-491c-99df-43aed39bd77b#223-t4, previous=(t:4, i:0), leaderCommit=0, initializing? false, entries: <empty>: org.apache.ratis.thirdparty.io.grpc.StatusRuntimeException: CANCELLED: cancelled before receiving half close
2019-09-24 02:31:15,679 [grpc-default-executor-0] WARN  server.GrpcLogAppender (LogUtils.java:warn(134)) - 0bec04af-c60a-441b-9562-0d7467eb7c58@group-180818D803C5->802dd090-3361-4aa9-ab79-78a8dffa1107-AppendLogResponseHandler: Failed appendEntries: org.apache.ratis.thirdparty.io.grpc.StatusRuntimeException: CANCELLED: HTTP/2 error code: CANCEL
Received Rst Stream
2019-09-24 02:31:15,679 [grpc-default-executor-0] INFO  impl.FollowerInfo (FollowerInfo.java:lambda$new$0(51)) - 0bec04af-c60a-441b-9562-0d7467eb7c58@group-180818D803C5->802dd090-3361-4aa9-ab79-78a8dffa1107: nextIndex: updateUnconditionally 1 -> 0
2019-09-24 02:31:15,681 [grpc-default-executor-4] WARN  server.GrpcLogAppender (LogUtils.java:warn(134)) - 5a1cfc27-0377-45c9-882e-ae9e71586032@group-8C41FF714108->5cc809fa-c519-491c-99df-43aed39bd77b-AppendLogResponseHandler: Failed appendEntries: org.apache.ratis.thirdparty.io.grpc.StatusRuntimeException: CANCELLED: HTTP/2 error code: CANCEL
Received Rst Stream
2019-09-24 02:31:15,681 [grpc-default-executor-4] INFO  impl.FollowerInfo (FollowerInfo.java:lambda$new$0(51)) - 5a1cfc27-0377-45c9-882e-ae9e71586032@group-8C41FF714108->5cc809fa-c519-491c-99df-43aed39bd77b: nextIndex: updateUnconditionally 1 -> 0
2019-09-24 02:31:15,684 [refreshUsed-/workdir/hadoop-ozone/integration-test/target/test-dir/MiniOzoneClusterImpl-e1db9d82-1fb6-48f9-8fb7-1f77219b2ee9/datanode-5/data/containers] WARN  fs.CachingGetSpaceUsed (CachingGetSpaceUsed.java:run(183)) - Thread Interrupted waiting to refresh disk information: sleep interrupted
2019-09-24 02:31:15,684 [refreshUsed-/workdir/hadoop-ozone/integration-test/target/test-dir/MiniOzoneClusterImpl-e1db9d82-1fb6-48f9-8fb7-1f77219b2ee9/datanode-2/data/containers] WARN  fs.CachingGetSpaceUsed (CachingGetSpaceUsed.java:run(183)) - Thread Interrupted waiting to refresh disk information: sleep interrupted
2019-09-24 02:31:15,706 [main] INFO  utils.BackgroundService (BackgroundService.java:shutdown(148)) - Shutting down service BlockDeletingService
2019-09-24 02:31:15,706 [ForkJoinPool.commonPool-worker-0] INFO  utils.BackgroundService (BackgroundService.java:shutdown(148)) - Shutting down service BlockDeletingService
2019-09-24 02:31:15,723 [ForkJoinPool.commonPool-worker-0] INFO  statemachine.DatanodeStateMachine (DatanodeStateMachine.java:stopDaemon(395)) - Ozone container server stopped.
2019-09-24 02:31:15,726 [main] INFO  statemachine.DatanodeStateMachine (DatanodeStateMachine.java:stopDaemon(395)) - Ozone container server stopped.
2019-09-24 02:31:15,731 [ForkJoinPool.commonPool-worker-0] INFO  handler.ContextHandler (ContextHandler.java:doStop(910)) - Stopped o.e.j.w.WebAppContext@44b940a2{/,null,UNAVAILABLE}{/hddsDatanode}
2019-09-24 02:31:15,731 [main] INFO  handler.ContextHandler (ContextHandler.java:doStop(910)) - Stopped o.e.j.w.WebAppContext@11df2829{/,null,UNAVAILABLE}{/hddsDatanode}
2019-09-24 02:31:15,731 [ForkJoinPool.commonPool-worker-0] INFO  server.AbstractConnector (AbstractConnector.java:doStop(318)) - Stopped ServerConnector@34c53688{HTTP/1.1,[http/1.1]}{0.0.0.0:0}
2019-09-24 02:31:15,734 [ForkJoinPool.commonPool-worker-0] INFO  handler.ContextHandler (ContextHandler.java:doStop(910)) - Stopped o.e.j.s.ServletContextHandler@57fdb8a4{/static,jar:file:/home/user/.m2/repository/org/apache/hadoop/hadoop-hdds-container-service/0.5.0-SNAPSHOT/hadoop-hdds-container-service-0.5.0-SNAPSHOT.jar!/webapps/static,UNAVAILABLE}
2019-09-24 02:31:15,734 [main] INFO  server.AbstractConnector (AbstractConnector.java:doStop(318)) - Stopped ServerConnector@18e4674d{HTTP/1.1,[http/1.1]}{0.0.0.0:0}
2019-09-24 02:31:15,736 [ForkJoinPool.commonPool-worker-0] INFO  handler.ContextHandler (ContextHandler.java:doStop(910)) - Stopped o.e.j.s.ServletContextHandler@632b305d{/logs,file:///workdir/hadoop-ozone/integration-test/target/log,UNAVAILABLE}
2019-09-24 02:31:15,736 [main] INFO  handler.ContextHandler (ContextHandler.java:doStop(910)) - Stopped o.e.j.s.ServletContextHandler@3b35798{/static,jar:file:/home/user/.m2/repository/org/apache/hadoop/hadoop-hdds-container-service/0.5.0-SNAPSHOT/hadoop-hdds-container-service-0.5.0-SNAPSHOT.jar!/webapps/static,UNAVAILABLE}
2019-09-24 02:31:15,737 [main] INFO  handler.ContextHandler (ContextHandler.java:doStop(910)) - Stopped o.e.j.s.ServletContextHandler@209f3887{/logs,file:///workdir/hadoop-ozone/integration-test/target/log,UNAVAILABLE}
2019-09-24 02:31:15,854 [Datanode State Machine Thread - 0] INFO  statemachine.DatanodeStateMachine (DatanodeStateMachine.java:lambda$startDaemon$0(350)) - Ozone container server started.
2019-09-24 02:31:15,933 [grpc-default-executor-4] WARN  server.GrpcLogAppender (LogUtils.java:warn(134)) - 0bec04af-c60a-441b-9562-0d7467eb7c58@group-180818D803C5->802dd090-3361-4aa9-ab79-78a8dffa1107-AppendLogResponseHandler: Failed appendEntries: org.apache.ratis.thirdparty.io.grpc.StatusRuntimeException: UNAVAILABLE: io exception
2019-09-24 02:31:15,933 [grpc-default-executor-1] WARN  server.GrpcLogAppender (LogUtils.java:warn(134)) - 5a1cfc27-0377-45c9-882e-ae9e71586032@group-8C41FF714108->5cc809fa-c519-491c-99df-43aed39bd77b-AppendLogResponseHandler: Failed appendEntries: org.apache.ratis.thirdparty.io.grpc.StatusRuntimeException: UNAVAILABLE: io exception
2019-09-24 02:31:15,933 [grpc-default-executor-4] INFO  impl.FollowerInfo (FollowerInfo.java:lambda$new$0(51)) - 0bec04af-c60a-441b-9562-0d7467eb7c58@group-180818D803C5->802dd090-3361-4aa9-ab79-78a8dffa1107: nextIndex: updateUnconditionally 0 -> 0
2019-09-24 02:31:15,934 [grpc-default-executor-1] INFO  impl.FollowerInfo (FollowerInfo.java:lambda$new$0(51)) - 5a1cfc27-0377-45c9-882e-ae9e71586032@group-8C41FF714108->5cc809fa-c519-491c-99df-43aed39bd77b: nextIndex: updateUnconditionally 0 -> 0
2019-09-24 02:31:16,309 [Datanode State Machine Thread - 0] INFO  statemachine.DatanodeStateMachine (DatanodeStateMachine.java:lambda$startDaemon$0(350)) - Ozone container server started.
2019-09-24 02:31:16,432 [grpc-default-executor-0] WARN  server.GrpcLogAppender (LogUtils.java:warn(134)) - 0bec04af-c60a-441b-9562-0d7467eb7c58@group-180818D803C5->802dd090-3361-4aa9-ab79-78a8dffa1107-AppendLogResponseHandler: Failed appendEntries: org.apache.ratis.thirdparty.io.grpc.StatusRuntimeException: UNAVAILABLE: io exception
2019-09-24 02:31:16,432 [grpc-default-executor-1] WARN  server.GrpcLogAppender (LogUtils.java:warn(134)) - 5a1cfc27-0377-45c9-882e-ae9e71586032@group-8C41FF714108->5cc809fa-c519-491c-99df-43aed39bd77b-AppendLogResponseHandler: Failed appendEntries: org.apache.ratis.thirdparty.io.grpc.StatusRuntimeException: UNAVAILABLE: io exception
2019-09-24 02:31:16,433 [grpc-default-executor-0] INFO  impl.FollowerInfo (FollowerInfo.java:lambda$new$0(51)) - 0bec04af-c60a-441b-9562-0d7467eb7c58@group-180818D803C5->802dd090-3361-4aa9-ab79-78a8dffa1107: nextIndex: updateUnconditionally 0 -> 0
2019-09-24 02:31:16,433 [grpc-default-executor-1] INFO  impl.FollowerInfo (FollowerInfo.java:lambda$new$0(51)) - 5a1cfc27-0377-45c9-882e-ae9e71586032@group-8C41FF714108->5cc809fa-c519-491c-99df-43aed39bd77b: nextIndex: updateUnconditionally 0 -> 0
2019-09-24 02:31:16,933 [grpc-default-executor-2] WARN  server.GrpcLogAppender (LogUtils.java:warn(134)) - 5a1cfc27-0377-45c9-882e-ae9e71586032@group-8C41FF714108->5cc809fa-c519-491c-99df-43aed39bd77b-AppendLogResponseHandler: Failed appendEntries: org.apache.ratis.thirdparty.io.grpc.StatusRuntimeException: UNAVAILABLE: io exception
2019-09-24 02:31:16,933 [grpc-default-executor-3] WARN  server.GrpcLogAppender (LogUtils.java:warn(134)) - 0bec04af-c60a-441b-9562-0d7467eb7c58@group-180818D803C5->802dd090-3361-4aa9-ab79-78a8dffa1107-AppendLogResponseHandler: Failed appendEntries: org.apache.ratis.thirdparty.io.grpc.StatusRuntimeException: UNAVAILABLE: io exception
2019-09-24 02:31:16,933 [grpc-default-executor-2] INFO  impl.FollowerInfo (FollowerInfo.java:lambda$new$0(51)) - 5a1cfc27-0377-45c9-882e-ae9e71586032@group-8C41FF714108->5cc809fa-c519-491c-99df-43aed39bd77b: nextIndex: updateUnconditionally 0 -> 0
2019-09-24 02:31:16,933 [grpc-default-executor-3] INFO  impl.FollowerInfo (FollowerInfo.java:lambda$new$0(51)) - 0bec04af-c60a-441b-9562-0d7467eb7c58@group-180818D803C5->802dd090-3361-4aa9-ab79-78a8dffa1107: nextIndex: updateUnconditionally 0 -> 0
2019-09-24 02:31:17,434 [grpc-default-executor-0] WARN  server.GrpcLogAppender (LogUtils.java:warn(134)) - 5a1cfc27-0377-45c9-882e-ae9e71586032@group-8C41FF714108->5cc809fa-c519-491c-99df-43aed39bd77b-AppendLogResponseHandler: Failed appendEntries: org.apache.ratis.thirdparty.io.grpc.StatusRuntimeException: UNAVAILABLE: io exception
2019-09-24 02:31:17,434 [grpc-default-executor-1] WARN  server.GrpcLogAppender (LogUtils.java:warn(134)) - 0bec04af-c60a-441b-9562-0d7467eb7c58@group-180818D803C5->802dd090-3361-4aa9-ab79-78a8dffa1107-AppendLogResponseHandler: Failed appendEntries: org.apache.ratis.thirdparty.io.grpc.StatusRuntimeException: UNAVAILABLE: io exception
2019-09-24 02:31:17,434 [grpc-default-executor-0] INFO  impl.FollowerInfo (FollowerInfo.java:lambda$new$0(51)) - 5a1cfc27-0377-45c9-882e-ae9e71586032@group-8C41FF714108->5cc809fa-c519-491c-99df-43aed39bd77b: nextIndex: updateUnconditionally 0 -> 0
2019-09-24 02:31:17,435 [grpc-default-executor-1] INFO  impl.FollowerInfo (FollowerInfo.java:lambda$new$0(51)) - 0bec04af-c60a-441b-9562-0d7467eb7c58@group-180818D803C5->802dd090-3361-4aa9-ab79-78a8dffa1107: nextIndex: updateUnconditionally 0 -> 0
2019-09-24 02:31:17,934 [grpc-default-executor-3] WARN  server.GrpcLogAppender (LogUtils.java:warn(134)) - 0bec04af-c60a-441b-9562-0d7467eb7c58@group-180818D803C5->802dd090-3361-4aa9-ab79-78a8dffa1107-AppendLogResponseHandler: Failed appendEntries: org.apache.ratis.thirdparty.io.grpc.StatusRuntimeException: UNAVAILABLE: io exception
2019-09-24 02:31:17,934 [grpc-default-executor-4] WARN  server.GrpcLogAppender (LogUtils.java:warn(134)) - 5a1cfc27-0377-45c9-882e-ae9e71586032@group-8C41FF714108->5cc809fa-c519-491c-99df-43aed39bd77b-AppendLogResponseHandler: Failed appendEntries: org.apache.ratis.thirdparty.io.grpc.StatusRuntimeException: UNAVAILABLE: io exception
2019-09-24 02:31:17,934 [grpc-default-executor-3] INFO  impl.FollowerInfo (FollowerInfo.java:lambda$new$0(51)) - 0bec04af-c60a-441b-9562-0d7467eb7c58@group-180818D803C5->802dd090-3361-4aa9-ab79-78a8dffa1107: nextIndex: updateUnconditionally 0 -> 0
2019-09-24 02:31:17,935 [grpc-default-executor-4] INFO  impl.FollowerInfo (FollowerInfo.java:lambda$new$0(51)) - 5a1cfc27-0377-45c9-882e-ae9e71586032@group-8C41FF714108->5cc809fa-c519-491c-99df-43aed39bd77b: nextIndex: updateUnconditionally 0 -> 0
2019-09-24 02:31:18,435 [grpc-default-executor-2] WARN  server.GrpcLogAppender (LogUtils.java:warn(134)) - 0bec04af-c60a-441b-9562-0d7467eb7c58@group-180818D803C5->802dd090-3361-4aa9-ab79-78a8dffa1107-AppendLogResponseHandler: Failed appendEntries: org.apache.ratis.thirdparty.io.grpc.StatusRuntimeException: UNAVAILABLE: io exception
2019-09-24 02:31:18,435 [grpc-default-executor-3] WARN  server.GrpcLogAppender (LogUtils.java:warn(134)) - 5a1cfc27-0377-45c9-882e-ae9e71586032@group-8C41FF714108->5cc809fa-c519-491c-99df-43aed39bd77b-AppendLogResponseHandler: Failed appendEntries: org.apache.ratis.thirdparty.io.grpc.StatusRuntimeException: UNAVAILABLE: io exception
2019-09-24 02:31:18,435 [grpc-default-executor-2] INFO  impl.FollowerInfo (FollowerInfo.java:lambda$new$0(51)) - 0bec04af-c60a-441b-9562-0d7467eb7c58@group-180818D803C5->802dd090-3361-4aa9-ab79-78a8dffa1107: nextIndex: updateUnconditionally 0 -> 0
2019-09-24 02:31:18,436 [grpc-default-executor-3] INFO  impl.FollowerInfo (FollowerInfo.java:lambda$new$0(51)) - 5a1cfc27-0377-45c9-882e-ae9e71586032@group-8C41FF714108->5cc809fa-c519-491c-99df-43aed39bd77b: nextIndex: updateUnconditionally 0 -> 0
2019-09-24 02:31:18,936 [grpc-default-executor-3] WARN  server.GrpcLogAppender (LogUtils.java:warn(134)) - 5a1cfc27-0377-45c9-882e-ae9e71586032@group-8C41FF714108->5cc809fa-c519-491c-99df-43aed39bd77b-AppendLogResponseHandler: Failed appendEntries: org.apache.ratis.thirdparty.io.grpc.StatusRuntimeException: UNAVAILABLE: io exception
2019-09-24 02:31:18,936 [grpc-default-executor-0] WARN  server.GrpcLogAppender (LogUtils.java:warn(134)) - 0bec04af-c60a-441b-9562-0d7467eb7c58@group-180818D803C5->802dd090-3361-4aa9-ab79-78a8dffa1107-AppendLogResponseHandler: Failed appendEntries: org.apache.ratis.thirdparty.io.grpc.StatusRuntimeException: UNAVAILABLE: io exception
2019-09-24 02:31:18,936 [grpc-default-executor-3] INFO  impl.FollowerInfo (FollowerInfo.java:lambda$new$0(51)) - 5a1cfc27-0377-45c9-882e-ae9e71586032@group-8C41FF714108->5cc809fa-c519-491c-99df-43aed39bd77b: nextIndex: updateUnconditionally 0 -> 0
2019-09-24 02:31:18,936 [grpc-default-executor-0] INFO  impl.FollowerInfo (FollowerInfo.java:lambda$new$0(51)) - 0bec04af-c60a-441b-9562-0d7467eb7c58@group-180818D803C5->802dd090-3361-4aa9-ab79-78a8dffa1107: nextIndex: updateUnconditionally 0 -> 0
2019-09-24 02:31:19,436 [grpc-default-executor-1] WARN  server.GrpcLogAppender (LogUtils.java:warn(134)) - 0bec04af-c60a-441b-9562-0d7467eb7c58@group-180818D803C5->802dd090-3361-4aa9-ab79-78a8dffa1107-AppendLogResponseHandler: Failed appendEntries: org.apache.ratis.thirdparty.io.grpc.StatusRuntimeException: UNAVAILABLE: io exception
2019-09-24 02:31:19,436 [grpc-default-executor-3] WARN  server.GrpcLogAppender (LogUtils.java:warn(134)) - 5a1cfc27-0377-45c9-882e-ae9e71586032@group-8C41FF714108->5cc809fa-c519-491c-99df-43aed39bd77b-AppendLogResponseHandler: Failed appendEntries: org.apache.ratis.thirdparty.io.grpc.StatusRuntimeException: UNAVAILABLE: io exception
2019-09-24 02:31:19,436 [grpc-default-executor-1] INFO  impl.FollowerInfo (FollowerInfo.java:lambda$new$0(51)) - 0bec04af-c60a-441b-9562-0d7467eb7c58@group-180818D803C5->802dd090-3361-4aa9-ab79-78a8dffa1107: nextIndex: updateUnconditionally 0 -> 0
2019-09-24 02:31:19,437 [grpc-default-executor-3] INFO  impl.FollowerInfo (FollowerInfo.java:lambda$new$0(51)) - 5a1cfc27-0377-45c9-882e-ae9e71586032@group-8C41FF714108->5cc809fa-c519-491c-99df-43aed39bd77b: nextIndex: updateUnconditionally 0 -> 0
2019-09-24 02:31:19,937 [grpc-default-executor-1] WARN  server.GrpcLogAppender (LogUtils.java:warn(134)) - 0bec04af-c60a-441b-9562-0d7467eb7c58@group-180818D803C5->802dd090-3361-4aa9-ab79-78a8dffa1107-AppendLogResponseHandler: Failed appendEntries: org.apache.ratis.thirdparty.io.grpc.StatusRuntimeException: UNAVAILABLE: io exception
2019-09-24 02:31:19,937 [grpc-default-executor-3] WARN  server.GrpcLogAppender (LogUtils.java:warn(134)) - 5a1cfc27-0377-45c9-882e-ae9e71586032@group-8C41FF714108->5cc809fa-c519-491c-99df-43aed39bd77b-AppendLogResponseHandler: Failed appendEntries: org.apache.ratis.thirdparty.io.grpc.StatusRuntimeException: UNAVAILABLE: io exception
2019-09-24 02:31:19,937 [grpc-default-executor-1] INFO  impl.FollowerInfo (FollowerInfo.java:lambda$new$0(51)) - 0bec04af-c60a-441b-9562-0d7467eb7c58@group-180818D803C5->802dd090-3361-4aa9-ab79-78a8dffa1107: nextIndex: updateUnconditionally 0 -> 0
2019-09-24 02:31:19,937 [grpc-default-executor-3] INFO  impl.FollowerInfo (FollowerInfo.java:lambda$new$0(51)) - 5a1cfc27-0377-45c9-882e-ae9e71586032@group-8C41FF714108->5cc809fa-c519-491c-99df-43aed39bd77b: nextIndex: updateUnconditionally 0 -> 0
2019-09-24 02:31:20,438 [grpc-default-executor-3] WARN  server.GrpcLogAppender (LogUtils.java:warn(134)) - 5a1cfc27-0377-45c9-882e-ae9e71586032@group-8C41FF714108->5cc809fa-c519-491c-99df-43aed39bd77b-AppendLogResponseHandler: Failed appendEntries: org.apache.ratis.thirdparty.io.grpc.StatusRuntimeException: UNAVAILABLE: io exception
2019-09-24 02:31:20,438 [grpc-default-executor-1] WARN  server.GrpcLogAppender (LogUtils.java:warn(134)) - 0bec04af-c60a-441b-9562-0d7467eb7c58@group-180818D803C5->802dd090-3361-4aa9-ab79-78a8dffa1107-AppendLogResponseHandler: Failed appendEntries: org.apache.ratis.thirdparty.io.grpc.StatusRuntimeException: UNAVAILABLE: io exception
2019-09-24 02:31:20,439 [grpc-default-executor-3] INFO  impl.FollowerInfo (FollowerInfo.java:lambda$new$0(51)) - 5a1cfc27-0377-45c9-882e-ae9e71586032@group-8C41FF714108->5cc809fa-c519-491c-99df-43aed39bd77b: nextIndex: updateUnconditionally 0 -> 0
2019-09-24 02:31:20,439 [grpc-default-executor-1] INFO  impl.FollowerInfo (FollowerInfo.java:lambda$new$0(51)) - 0bec04af-c60a-441b-9562-0d7467eb7c58@group-180818D803C5->802dd090-3361-4aa9-ab79-78a8dffa1107: nextIndex: updateUnconditionally 0 -> 0
2019-09-24 02:31:20,738 [ForkJoinPool.commonPool-worker-0] INFO  ozoneimpl.OzoneContainer (OzoneContainer.java:stop(231)) - Attempting to stop container services.
2019-09-24 02:31:20,739 [ForkJoinPool.commonPool-worker-0] INFO  impl.RaftServerProxy (RaftServerProxy.java:lambda$close$4(314)) - 8f38fc7d-5394-40fc-bec2-62867055670b: close
2019-09-24 02:31:20,739 [main] INFO  ozoneimpl.OzoneContainer (OzoneContainer.java:stop(231)) - Attempting to stop container services.
2019-09-24 02:31:20,739 [ForkJoinPool.commonPool-worker-0] INFO  impl.RaftServerImpl (RaftServerImpl.java:lambda$shutdown$3(251)) - 8f38fc7d-5394-40fc-bec2-62867055670b@group-1E10EA623FCA: shutdown
2019-09-24 02:31:20,740 [main] INFO  impl.RaftServerProxy (RaftServerProxy.java:lambda$close$4(314)) - 0bec04af-c60a-441b-9562-0d7467eb7c58: close
2019-09-24 02:31:20,740 [ForkJoinPool.commonPool-worker-0] INFO  util.JmxRegister (JmxRegister.java:unregister(73)) - Successfully un-registered JMX Bean with object name Ratis:service=RaftServer,group=group-1E10EA623FCA,id=8f38fc7d-5394-40fc-bec2-62867055670b
2019-09-24 02:31:20,740 [main] INFO  impl.RaftServerImpl (RaftServerImpl.java:lambda$shutdown$3(251)) - 0bec04af-c60a-441b-9562-0d7467eb7c58@group-180818D803C5: shutdown
2019-09-24 02:31:20,740 [ForkJoinPool.commonPool-worker-0] INFO  impl.RoleInfo (RoleInfo.java:shutdownLeaderState(104)) - 8f38fc7d-5394-40fc-bec2-62867055670b: shutdown LeaderState
2019-09-24 02:31:20,741 [main] INFO  util.JmxRegister (JmxRegister.java:unregister(73)) - Successfully un-registered JMX Bean with object name Ratis:service=RaftServer,group=group-180818D803C5,id=0bec04af-c60a-441b-9562-0d7467eb7c58
2019-09-24 02:31:20,741 [ForkJoinPool.commonPool-worker-0] INFO  impl.PendingRequests (PendingRequests.java:sendNotLeaderResponses(202)) - 8f38fc7d-5394-40fc-bec2-62867055670b-PendingRequests: sendNotLeaderResponses
2019-09-24 02:31:20,742 [main] INFO  impl.RoleInfo (RoleInfo.java:shutdownLeaderState(104)) - 0bec04af-c60a-441b-9562-0d7467eb7c58: shutdown LeaderState
2019-09-24 02:31:20,742 [ForkJoinPool.commonPool-worker-0] INFO  impl.StateMachineUpdater (StateMachineUpdater.java:stopAndJoin(125)) - 8f38fc7d-5394-40fc-bec2-62867055670b@group-1E10EA623FCA-StateMachineUpdater: set stopIndex = 0
2019-09-24 02:31:20,750 [main] INFO  impl.PendingRequests (PendingRequests.java:sendNotLeaderResponses(202)) - 0bec04af-c60a-441b-9562-0d7467eb7c58-PendingRequests: sendNotLeaderResponses
2019-09-24 02:31:20,750 [org.apache.ratis.server.impl.LogAppender$AppenderDaemon$$Lambda$430/2026899056@71414b47] WARN  server.GrpcLogAppender (GrpcLogAppender.java:mayWait(143)) - 0bec04af-c60a-441b-9562-0d7467eb7c58@group-180818D803C5->802dd090-3361-4aa9-ab79-78a8dffa1107-GrpcLogAppender: Wait interrupted by java.lang.InterruptedException
2019-09-24 02:31:20,750 [org.apache.ratis.server.impl.LogAppender$AppenderDaemon$$Lambda$430/2026899056@12dfc8c4] WARN  server.GrpcLogAppender (GrpcLogAppender.java:mayWait(143)) - 0bec04af-c60a-441b-9562-0d7467eb7c58@group-180818D803C5->8f38fc7d-5394-40fc-bec2-62867055670b-GrpcLogAppender: Wait interrupted by java.lang.InterruptedException
2019-09-24 02:31:20,750 [ForkJoinPool.commonPool-worker-0] INFO  impl.RaftServerImpl (ServerState.java:close(385)) - 8f38fc7d-5394-40fc-bec2-62867055670b@group-1E10EA623FCA: closes. applyIndex: 0
2019-09-24 02:31:20,750 [main] INFO  impl.StateMachineUpdater (StateMachineUpdater.java:stopAndJoin(125)) - 0bec04af-c60a-441b-9562-0d7467eb7c58@group-180818D803C5-StateMachineUpdater: set stopIndex = 0
2019-09-24 02:31:20,752 [main] INFO  impl.RaftServerImpl (ServerState.java:close(385)) - 0bec04af-c60a-441b-9562-0d7467eb7c58@group-180818D803C5: closes. applyIndex: 0
2019-09-24 02:31:20,752 [grpc-default-executor-3] INFO  server.GrpcServerProtocolService (GrpcServerProtocolService.java:onCompleted(113)) - 8f38fc7d-5394-40fc-bec2-62867055670b: Completed APPEND_ENTRIES, lastRequest: 0bec04af-c60a-441b-9562-0d7467eb7c58->8f38fc7d-5394-40fc-bec2-62867055670b#237-t1, previous=(t:1, i:0), leaderCommit=0, initializing? false, entries: <empty>
2019-09-24 02:31:20,751 [8f38fc7d-5394-40fc-bec2-62867055670b@group-1E10EA623FCA-SegmentedRaftLogWorker] INFO  segmented.SegmentedRaftLogWorker (SegmentedRaftLogWorker.java:run(313)) - 8f38fc7d-5394-40fc-bec2-62867055670b@group-1E10EA623FCA-SegmentedRaftLogWorker was interrupted, exiting. There are 0 tasks remaining in the queue.
2019-09-24 02:31:20,752 [0bec04af-c60a-441b-9562-0d7467eb7c58@group-180818D803C5-SegmentedRaftLogWorker] INFO  segmented.SegmentedRaftLogWorker (SegmentedRaftLogWorker.java:run(313)) - 0bec04af-c60a-441b-9562-0d7467eb7c58@group-180818D803C5-SegmentedRaftLogWorker was interrupted, exiting. There are 0 tasks remaining in the queue.
2019-09-24 02:31:20,755 [ForkJoinPool.commonPool-worker-0] INFO  segmented.SegmentedRaftLogWorker (SegmentedRaftLogWorker.java:close(228)) - 8f38fc7d-5394-40fc-bec2-62867055670b@group-1E10EA623FCA-SegmentedRaftLogWorker close()
2019-09-24 02:31:20,758 [main] INFO  segmented.SegmentedRaftLogWorker (SegmentedRaftLogWorker.java:close(228)) - 0bec04af-c60a-441b-9562-0d7467eb7c58@group-180818D803C5-SegmentedRaftLogWorker close()
2019-09-24 02:31:20,762 [grpc-default-executor-3] INFO  server.GrpcLogAppender (GrpcLogAppender.java:onCompleted(293)) - 0bec04af-c60a-441b-9562-0d7467eb7c58@group-180818D803C5->8f38fc7d-5394-40fc-bec2-62867055670b-AppendLogResponseHandler: follower responses appendEntries COMPLETED
2019-09-24 02:31:20,761 [ForkJoinPool.commonPool-worker-0] INFO  impl.RaftServerImpl (RaftServerImpl.java:lambda$shutdown$3(251)) - 8f38fc7d-5394-40fc-bec2-62867055670b@group-180818D803C5: shutdown
2019-09-24 02:31:20,765 [grpc-default-executor-3] INFO  impl.FollowerInfo (FollowerInfo.java:lambda$new$0(51)) - 0bec04af-c60a-441b-9562-0d7467eb7c58@group-180818D803C5->8f38fc7d-5394-40fc-bec2-62867055670b: nextIndex: updateUnconditionally 1 -> 0
2019-09-24 02:31:20,764 [main] INFO  impl.RaftServerImpl (RaftServerImpl.java:lambda$shutdown$3(251)) - 0bec04af-c60a-441b-9562-0d7467eb7c58@group-EF6696276DFD: shutdown
2019-09-24 02:31:20,765 [ForkJoinPool.commonPool-worker-0] INFO  util.JmxRegister (JmxRegister.java:unregister(73)) - Successfully un-registered JMX Bean with object name Ratis:service=RaftServer,group=group-180818D803C5,id=8f38fc7d-5394-40fc-bec2-62867055670b
2019-09-24 02:31:20,766 [main] INFO  util.JmxRegister (JmxRegister.java:unregister(73)) - Successfully un-registered JMX Bean with object name Ratis:service=RaftServer,group=group-EF6696276DFD,id=0bec04af-c60a-441b-9562-0d7467eb7c58
2019-09-24 02:31:20,766 [main] INFO  impl.RoleInfo (RoleInfo.java:shutdownLeaderState(104)) - 0bec04af-c60a-441b-9562-0d7467eb7c58: shutdown LeaderState
2019-09-24 02:31:20,766 [ForkJoinPool.commonPool-worker-0] INFO  impl.RoleInfo (RoleInfo.java:shutdownFollowerState(121)) - 8f38fc7d-5394-40fc-bec2-62867055670b: shutdown FollowerState
2019-09-24 02:31:20,767 [main] INFO  impl.PendingRequests (PendingRequests.java:sendNotLeaderResponses(202)) - 0bec04af-c60a-441b-9562-0d7467eb7c58-PendingRequests: sendNotLeaderResponses
2019-09-24 02:31:20,767 [Thread-6156] INFO  impl.FollowerState (FollowerState.java:run(115)) - 8f38fc7d-5394-40fc-bec2-62867055670b: FollowerState was interrupted: java.lang.InterruptedException: sleep interrupted
2019-09-24 02:31:20,767 [ForkJoinPool.commonPool-worker-0] INFO  impl.StateMachineUpdater (StateMachineUpdater.java:stopAndJoin(125)) - 8f38fc7d-5394-40fc-bec2-62867055670b@group-180818D803C5-StateMachineUpdater: set stopIndex = 0
2019-09-24 02:31:20,768 [main] INFO  impl.StateMachineUpdater (StateMachineUpdater.java:stopAndJoin(125)) - 0bec04af-c60a-441b-9562-0d7467eb7c58@group-EF6696276DFD-StateMachineUpdater: set stopIndex = 0
2019-09-24 02:31:20,768 [ForkJoinPool.commonPool-worker-0] INFO  impl.RaftServerImpl (ServerState.java:close(385)) - 8f38fc7d-5394-40fc-bec2-62867055670b@group-180818D803C5: closes. applyIndex: 0
2019-09-24 02:31:20,769 [main] INFO  impl.RaftServerImpl (ServerState.java:close(385)) - 0bec04af-c60a-441b-9562-0d7467eb7c58@group-EF6696276DFD: closes. applyIndex: 0
2019-09-24 02:31:20,769 [8f38fc7d-5394-40fc-bec2-62867055670b@group-180818D803C5-SegmentedRaftLogWorker] INFO  segmented.SegmentedRaftLogWorker (SegmentedRaftLogWorker.java:run(313)) - 8f38fc7d-5394-40fc-bec2-62867055670b@group-180818D803C5-SegmentedRaftLogWorker was interrupted, exiting. There are 0 tasks remaining in the queue.
2019-09-24 02:31:20,773 [0bec04af-c60a-441b-9562-0d7467eb7c58@group-EF6696276DFD-SegmentedRaftLogWorker] INFO  segmented.SegmentedRaftLogWorker (SegmentedRaftLogWorker.java:run(313)) - 0bec04af-c60a-441b-9562-0d7467eb7c58@group-EF6696276DFD-SegmentedRaftLogWorker was interrupted, exiting. There are 0 tasks remaining in the queue.
2019-09-24 02:31:20,773 [ForkJoinPool.commonPool-worker-0] INFO  segmented.SegmentedRaftLogWorker (SegmentedRaftLogWorker.java:close(228)) - 8f38fc7d-5394-40fc-bec2-62867055670b@group-180818D803C5-SegmentedRaftLogWorker close()
2019-09-24 02:31:20,776 [main] INFO  segmented.SegmentedRaftLogWorker (SegmentedRaftLogWorker.java:close(228)) - 0bec04af-c60a-441b-9562-0d7467eb7c58@group-EF6696276DFD-SegmentedRaftLogWorker close()
2019-09-24 02:31:20,778 [ForkJoinPool.commonPool-worker-0] INFO  server.GrpcService (GrpcService.java:closeImpl(164)) - 8f38fc7d-5394-40fc-bec2-62867055670b: shutdown server with port 45951 now
2019-09-24 02:31:20,781 [main] INFO  server.GrpcService (GrpcService.java:closeImpl(164)) - 0bec04af-c60a-441b-9562-0d7467eb7c58: shutdown server with port 44318 now
2019-09-24 02:31:20,782 [ForkJoinPool.commonPool-worker-0] INFO  server.GrpcService (GrpcService.java:closeImpl(172)) - 8f38fc7d-5394-40fc-bec2-62867055670b: shutdown server with port 45951 successfully
2019-09-24 02:31:20,785 [main] INFO  server.GrpcService (GrpcService.java:closeImpl(172)) - 0bec04af-c60a-441b-9562-0d7467eb7c58: shutdown server with port 44318 successfully
2019-09-24 02:31:20,788 [refreshUsed-/workdir/hadoop-ozone/integration-test/target/test-dir/MiniOzoneClusterImpl-e1db9d82-1fb6-48f9-8fb7-1f77219b2ee9/datanode-6/data/containers] WARN  fs.CachingGetSpaceUsed (CachingGetSpaceUsed.java:run(183)) - Thread Interrupted waiting to refresh disk information: sleep interrupted
2019-09-24 02:31:20,790 [refreshUsed-/workdir/hadoop-ozone/integration-test/target/test-dir/MiniOzoneClusterImpl-e1db9d82-1fb6-48f9-8fb7-1f77219b2ee9/datanode-3/data/containers] WARN  fs.CachingGetSpaceUsed (CachingGetSpaceUsed.java:run(183)) - Thread Interrupted waiting to refresh disk information: sleep interrupted
2019-09-24 02:31:20,809 [main] INFO  utils.BackgroundService (BackgroundService.java:shutdown(148)) - Shutting down service BlockDeletingService
2019-09-24 02:31:20,809 [ForkJoinPool.commonPool-worker-0] INFO  utils.BackgroundService (BackgroundService.java:shutdown(148)) - Shutting down service BlockDeletingService
2019-09-24 02:31:20,818 [ForkJoinPool.commonPool-worker-0] INFO  statemachine.DatanodeStateMachine (DatanodeStateMachine.java:stopDaemon(395)) - Ozone container server stopped.
2019-09-24 02:31:20,820 [main] INFO  statemachine.DatanodeStateMachine (DatanodeStateMachine.java:stopDaemon(395)) - Ozone container server stopped.
2019-09-24 02:31:20,826 [ForkJoinPool.commonPool-worker-0] INFO  handler.ContextHandler (ContextHandler.java:doStop(910)) - Stopped o.e.j.w.WebAppContext@7f2c57fe{/,null,UNAVAILABLE}{/hddsDatanode}
2019-09-24 02:31:20,826 [main] INFO  handler.ContextHandler (ContextHandler.java:doStop(910)) - Stopped o.e.j.w.WebAppContext@395f52ed{/,null,UNAVAILABLE}{/hddsDatanode}
2019-09-24 02:31:20,827 [ForkJoinPool.commonPool-worker-0] INFO  server.AbstractConnector (AbstractConnector.java:doStop(318)) - Stopped ServerConnector@43935e9c{HTTP/1.1,[http/1.1]}{0.0.0.0:0}
2019-09-24 02:31:20,827 [main] INFO  server.AbstractConnector (AbstractConnector.java:doStop(318)) - Stopped ServerConnector@7a84788f{HTTP/1.1,[http/1.1]}{0.0.0.0:0}
2019-09-24 02:31:20,838 [ForkJoinPool.commonPool-worker-0] INFO  handler.ContextHandler (ContextHandler.java:doStop(910)) - Stopped o.e.j.s.ServletContextHandler@2fc49538{/static,jar:file:/home/user/.m2/repository/org/apache/hadoop/hadoop-hdds-container-service/0.5.0-SNAPSHOT/hadoop-hdds-container-service-0.5.0-SNAPSHOT.jar!/webapps/static,UNAVAILABLE}
2019-09-24 02:31:20,838 [main] INFO  handler.ContextHandler (ContextHandler.java:doStop(910)) - Stopped o.e.j.s.ServletContextHandler@33d7765a{/static,jar:file:/home/user/.m2/repository/org/apache/hadoop/hadoop-hdds-container-service/0.5.0-SNAPSHOT/hadoop-hdds-container-service-0.5.0-SNAPSHOT.jar!/webapps/static,UNAVAILABLE}
2019-09-24 02:31:20,839 [ForkJoinPool.commonPool-worker-0] INFO  handler.ContextHandler (ContextHandler.java:doStop(910)) - Stopped o.e.j.s.ServletContextHandler@5bc63e20{/logs,file:///workdir/hadoop-ozone/integration-test/target/log,UNAVAILABLE}
2019-09-24 02:31:20,839 [main] INFO  handler.ContextHandler (ContextHandler.java:doStop(910)) - Stopped o.e.j.s.ServletContextHandler@3b4086c1{/logs,file:///workdir/hadoop-ozone/integration-test/target/log,UNAVAILABLE}
2019-09-24 02:31:20,923 [Datanode State Machine Thread - 0] INFO  statemachine.DatanodeStateMachine (DatanodeStateMachine.java:lambda$startDaemon$0(350)) - Ozone container server started.
2019-09-24 02:31:20,939 [grpc-default-executor-2] WARN  server.GrpcLogAppender (LogUtils.java:warn(134)) - 5a1cfc27-0377-45c9-882e-ae9e71586032@group-8C41FF714108->5cc809fa-c519-491c-99df-43aed39bd77b-AppendLogResponseHandler: Failed appendEntries: org.apache.ratis.thirdparty.io.grpc.StatusRuntimeException: UNAVAILABLE: io exception
2019-09-24 02:31:20,939 [grpc-default-executor-2] INFO  impl.FollowerInfo (FollowerInfo.java:lambda$new$0(51)) - 5a1cfc27-0377-45c9-882e-ae9e71586032@group-8C41FF714108->5cc809fa-c519-491c-99df-43aed39bd77b: nextIndex: updateUnconditionally 0 -> 0
2019-09-24 02:31:21,309 [Datanode State Machine Thread - 0] INFO  statemachine.DatanodeStateMachine (DatanodeStateMachine.java:lambda$startDaemon$0(350)) - Ozone container server started.
2019-09-24 02:31:21,443 [grpc-default-executor-1] WARN  server.GrpcLogAppender (LogUtils.java:warn(134)) - 5a1cfc27-0377-45c9-882e-ae9e71586032@group-8C41FF714108->5cc809fa-c519-491c-99df-43aed39bd77b-AppendLogResponseHandler: Failed appendEntries: org.apache.ratis.thirdparty.io.grpc.StatusRuntimeException: UNAVAILABLE: io exception
2019-09-24 02:31:21,443 [grpc-default-executor-1] INFO  impl.FollowerInfo (FollowerInfo.java:lambda$new$0(51)) - 5a1cfc27-0377-45c9-882e-ae9e71586032@group-8C41FF714108->5cc809fa-c519-491c-99df-43aed39bd77b: nextIndex: updateUnconditionally 0 -> 0
2019-09-24 02:31:21,940 [grpc-default-executor-3] WARN  server.GrpcLogAppender (LogUtils.java:warn(134)) - 5a1cfc27-0377-45c9-882e-ae9e71586032@group-8C41FF714108->5cc809fa-c519-491c-99df-43aed39bd77b-AppendLogResponseHandler: Failed appendEntries: org.apache.ratis.thirdparty.io.grpc.StatusRuntimeException: UNAVAILABLE: io exception
2019-09-24 02:31:21,941 [grpc-default-executor-3] INFO  impl.FollowerInfo (FollowerInfo.java:lambda$new$0(51)) - 5a1cfc27-0377-45c9-882e-ae9e71586032@group-8C41FF714108->5cc809fa-c519-491c-99df-43aed39bd77b: nextIndex: updateUnconditionally 0 -> 0
2019-09-24 02:31:22,440 [grpc-default-executor-1] WARN  server.GrpcLogAppender (LogUtils.java:warn(134)) - 5a1cfc27-0377-45c9-882e-ae9e71586032@group-8C41FF714108->5cc809fa-c519-491c-99df-43aed39bd77b-AppendLogResponseHandler: Failed appendEntries: org.apache.ratis.thirdparty.io.grpc.StatusRuntimeException: UNAVAILABLE: io exception
2019-09-24 02:31:22,441 [grpc-default-executor-1] INFO  impl.FollowerInfo (FollowerInfo.java:lambda$new$0(51)) - 5a1cfc27-0377-45c9-882e-ae9e71586032@group-8C41FF714108->5cc809fa-c519-491c-99df-43aed39bd77b: nextIndex: updateUnconditionally 0 -> 0
2019-09-24 02:31:22,941 [grpc-default-executor-1] WARN  server.GrpcLogAppender (LogUtils.java:warn(134)) - 5a1cfc27-0377-45c9-882e-ae9e71586032@group-8C41FF714108->5cc809fa-c519-491c-99df-43aed39bd77b-AppendLogResponseHandler: Failed appendEntries: org.apache.ratis.thirdparty.io.grpc.StatusRuntimeException: UNAVAILABLE: io exception
2019-09-24 02:31:22,941 [grpc-default-executor-1] INFO  impl.FollowerInfo (FollowerInfo.java:lambda$new$0(51)) - 5a1cfc27-0377-45c9-882e-ae9e71586032@group-8C41FF714108->5cc809fa-c519-491c-99df-43aed39bd77b: nextIndex: updateUnconditionally 0 -> 0
2019-09-24 02:31:23,442 [grpc-default-executor-2] WARN  server.GrpcLogAppender (LogUtils.java:warn(134)) - 5a1cfc27-0377-45c9-882e-ae9e71586032@group-8C41FF714108->5cc809fa-c519-491c-99df-43aed39bd77b-AppendLogResponseHandler: Failed appendEntries: org.apache.ratis.thirdparty.io.grpc.StatusRuntimeException: UNAVAILABLE: io exception
2019-09-24 02:31:23,443 [grpc-default-executor-2] INFO  impl.FollowerInfo (FollowerInfo.java:lambda$new$0(51)) - 5a1cfc27-0377-45c9-882e-ae9e71586032@group-8C41FF714108->5cc809fa-c519-491c-99df-43aed39bd77b: nextIndex: updateUnconditionally 0 -> 0
2019-09-24 02:31:23,942 [grpc-default-executor-2] WARN  server.GrpcLogAppender (LogUtils.java:warn(134)) - 5a1cfc27-0377-45c9-882e-ae9e71586032@group-8C41FF714108->5cc809fa-c519-491c-99df-43aed39bd77b-AppendLogResponseHandler: Failed appendEntries: org.apache.ratis.thirdparty.io.grpc.StatusRuntimeException: UNAVAILABLE: io exception
2019-09-24 02:31:23,943 [grpc-default-executor-2] INFO  impl.FollowerInfo (FollowerInfo.java:lambda$new$0(51)) - 5a1cfc27-0377-45c9-882e-ae9e71586032@group-8C41FF714108->5cc809fa-c519-491c-99df-43aed39bd77b: nextIndex: updateUnconditionally 0 -> 0
2019-09-24 02:31:24,443 [grpc-default-executor-1] WARN  server.GrpcLogAppender (LogUtils.java:warn(134)) - 5a1cfc27-0377-45c9-882e-ae9e71586032@group-8C41FF714108->5cc809fa-c519-491c-99df-43aed39bd77b-AppendLogResponseHandler: Failed appendEntries: org.apache.ratis.thirdparty.io.grpc.StatusRuntimeException: UNAVAILABLE: io exception
2019-09-24 02:31:24,444 [grpc-default-executor-1] INFO  impl.FollowerInfo (FollowerInfo.java:lambda$new$0(51)) - 5a1cfc27-0377-45c9-882e-ae9e71586032@group-8C41FF714108->5cc809fa-c519-491c-99df-43aed39bd77b: nextIndex: updateUnconditionally 0 -> 0
2019-09-24 02:31:24,944 [grpc-default-executor-3] WARN  server.GrpcLogAppender (LogUtils.java:warn(134)) - 5a1cfc27-0377-45c9-882e-ae9e71586032@group-8C41FF714108->5cc809fa-c519-491c-99df-43aed39bd77b-AppendLogResponseHandler: Failed appendEntries: org.apache.ratis.thirdparty.io.grpc.StatusRuntimeException: UNAVAILABLE: io exception
2019-09-24 02:31:24,944 [grpc-default-executor-3] INFO  impl.FollowerInfo (FollowerInfo.java:lambda$new$0(51)) - 5a1cfc27-0377-45c9-882e-ae9e71586032@group-8C41FF714108->5cc809fa-c519-491c-99df-43aed39bd77b: nextIndex: updateUnconditionally 0 -> 0
2019-09-24 02:31:25,445 [grpc-default-executor-1] WARN  server.GrpcLogAppender (LogUtils.java:warn(134)) - 5a1cfc27-0377-45c9-882e-ae9e71586032@group-8C41FF714108->5cc809fa-c519-491c-99df-43aed39bd77b-AppendLogResponseHandler: Failed appendEntries: org.apache.ratis.thirdparty.io.grpc.StatusRuntimeException: UNAVAILABLE: io exception
2019-09-24 02:31:25,445 [grpc-default-executor-1] INFO  impl.FollowerInfo (FollowerInfo.java:lambda$new$0(51)) - 5a1cfc27-0377-45c9-882e-ae9e71586032@group-8C41FF714108->5cc809fa-c519-491c-99df-43aed39bd77b: nextIndex: updateUnconditionally 0 -> 0
2019-09-24 02:31:25,840 [ForkJoinPool.commonPool-worker-0] INFO  ozoneimpl.OzoneContainer (OzoneContainer.java:stop(231)) - Attempting to stop container services.
2019-09-24 02:31:25,841 [main] INFO  ozoneimpl.OzoneContainer (OzoneContainer.java:stop(231)) - Attempting to stop container services.
2019-09-24 02:31:25,841 [ForkJoinPool.commonPool-worker-0] INFO  impl.RaftServerProxy (RaftServerProxy.java:lambda$close$4(314)) - 789b2ead-7118-41e6-be92-3579bc944c62: close
2019-09-24 02:31:25,841 [main] INFO  impl.RaftServerProxy (RaftServerProxy.java:lambda$close$4(314)) - 0604b7ce-3702-4402-9f78-e4e71bac4ced: close
2019-09-24 02:31:25,841 [ForkJoinPool.commonPool-worker-0] INFO  impl.RaftServerImpl (RaftServerImpl.java:lambda$shutdown$3(251)) - 789b2ead-7118-41e6-be92-3579bc944c62@group-C2456C519C2F: shutdown
2019-09-24 02:31:25,842 [ForkJoinPool.commonPool-worker-0] INFO  util.JmxRegister (JmxRegister.java:unregister(73)) - Successfully un-registered JMX Bean with object name Ratis:service=RaftServer,group=group-C2456C519C2F,id=789b2ead-7118-41e6-be92-3579bc944c62
2019-09-24 02:31:25,842 [ForkJoinPool.commonPool-worker-0] INFO  impl.RoleInfo (RoleInfo.java:shutdownLeaderState(104)) - 789b2ead-7118-41e6-be92-3579bc944c62: shutdown LeaderState
2019-09-24 02:31:25,842 [main] INFO  impl.RaftServerImpl (RaftServerImpl.java:lambda$shutdown$3(251)) - 0604b7ce-3702-4402-9f78-e4e71bac4ced@group-53A3DDA39B1B: shutdown
2019-09-24 02:31:25,843 [ForkJoinPool.commonPool-worker-0] INFO  impl.PendingRequests (PendingRequests.java:sendNotLeaderResponses(202)) - 789b2ead-7118-41e6-be92-3579bc944c62-PendingRequests: sendNotLeaderResponses
2019-09-24 02:31:25,843 [main] INFO  util.JmxRegister (JmxRegister.java:unregister(73)) - Successfully un-registered JMX Bean with object name Ratis:service=RaftServer,group=group-53A3DDA39B1B,id=0604b7ce-3702-4402-9f78-e4e71bac4ced
2019-09-24 02:31:25,844 [ForkJoinPool.commonPool-worker-0] INFO  impl.StateMachineUpdater (StateMachineUpdater.java:stopAndJoin(125)) - 789b2ead-7118-41e6-be92-3579bc944c62@group-C2456C519C2F-StateMachineUpdater: set stopIndex = 0
2019-09-24 02:31:25,844 [main] INFO  impl.RoleInfo (RoleInfo.java:shutdownFollowerState(121)) - 0604b7ce-3702-4402-9f78-e4e71bac4ced: shutdown FollowerState
2019-09-24 02:31:25,844 [ForkJoinPool.commonPool-worker-0] INFO  impl.RaftServerImpl (ServerState.java:close(385)) - 789b2ead-7118-41e6-be92-3579bc944c62@group-C2456C519C2F: closes. applyIndex: 0
2019-09-24 02:31:25,845 [main] INFO  impl.StateMachineUpdater (StateMachineUpdater.java:stopAndJoin(125)) - 0604b7ce-3702-4402-9f78-e4e71bac4ced@group-53A3DDA39B1B-StateMachineUpdater: set stopIndex = 0
2019-09-24 02:31:25,845 [789b2ead-7118-41e6-be92-3579bc944c62@group-C2456C519C2F-SegmentedRaftLogWorker] INFO  segmented.SegmentedRaftLogWorker (SegmentedRaftLogWorker.java:run(313)) - 789b2ead-7118-41e6-be92-3579bc944c62@group-C2456C519C2F-SegmentedRaftLogWorker was interrupted, exiting. There are 0 tasks remaining in the queue.
2019-09-24 02:31:25,845 [Thread-6173] INFO  impl.FollowerState (FollowerState.java:run(115)) - 0604b7ce-3702-4402-9f78-e4e71bac4ced: FollowerState was interrupted: java.lang.InterruptedException: sleep interrupted
2019-09-24 02:31:25,849 [ForkJoinPool.commonPool-worker-0] INFO  segmented.SegmentedRaftLogWorker (SegmentedRaftLogWorker.java:close(228)) - 789b2ead-7118-41e6-be92-3579bc944c62@group-C2456C519C2F-SegmentedRaftLogWorker close()
2019-09-24 02:31:25,845 [main] INFO  impl.RaftServerImpl (ServerState.java:close(385)) - 0604b7ce-3702-4402-9f78-e4e71bac4ced@group-53A3DDA39B1B: closes. applyIndex: 0
2019-09-24 02:31:25,852 [ForkJoinPool.commonPool-worker-0] INFO  impl.RaftServerImpl (RaftServerImpl.java:lambda$shutdown$3(251)) - 789b2ead-7118-41e6-be92-3579bc944c62@group-53A3DDA39B1B: shutdown
2019-09-24 02:31:25,853 [0604b7ce-3702-4402-9f78-e4e71bac4ced@group-53A3DDA39B1B-SegmentedRaftLogWorker] INFO  segmented.SegmentedRaftLogWorker (SegmentedRaftLogWorker.java:run(313)) - 0604b7ce-3702-4402-9f78-e4e71bac4ced@group-53A3DDA39B1B-SegmentedRaftLogWorker was interrupted, exiting. There are 0 tasks remaining in the queue.
2019-09-24 02:31:25,853 [ForkJoinPool.commonPool-worker-0] INFO  util.JmxRegister (JmxRegister.java:unregister(73)) - Successfully un-registered JMX Bean with object name Ratis:service=RaftServer,group=group-53A3DDA39B1B,id=789b2ead-7118-41e6-be92-3579bc944c62
2019-09-24 02:31:25,855 [main] INFO  segmented.SegmentedRaftLogWorker (SegmentedRaftLogWorker.java:close(228)) - 0604b7ce-3702-4402-9f78-e4e71bac4ced@group-53A3DDA39B1B-SegmentedRaftLogWorker close()
2019-09-24 02:31:25,855 [ForkJoinPool.commonPool-worker-0] INFO  impl.RoleInfo (RoleInfo.java:shutdownFollowerState(121)) - 789b2ead-7118-41e6-be92-3579bc944c62: shutdown FollowerState
2019-09-24 02:31:25,868 [main] INFO  impl.RaftServerImpl (RaftServerImpl.java:lambda$shutdown$3(251)) - 0604b7ce-3702-4402-9f78-e4e71bac4ced@group-D47DCCB84B9E: shutdown
2019-09-24 02:31:25,869 [Thread-6161] INFO  impl.FollowerState (FollowerState.java:run(115)) - 789b2ead-7118-41e6-be92-3579bc944c62: FollowerState was interrupted: java.lang.InterruptedException: sleep interrupted
2019-09-24 02:31:25,869 [ForkJoinPool.commonPool-worker-0] INFO  impl.StateMachineUpdater (StateMachineUpdater.java:stopAndJoin(125)) - 789b2ead-7118-41e6-be92-3579bc944c62@group-53A3DDA39B1B-StateMachineUpdater: set stopIndex = 0
2019-09-24 02:31:25,870 [main] INFO  util.JmxRegister (JmxRegister.java:unregister(73)) - Successfully un-registered JMX Bean with object name Ratis:service=RaftServer,group=group-D47DCCB84B9E,id=0604b7ce-3702-4402-9f78-e4e71bac4ced
2019-09-24 02:31:25,870 [main] INFO  impl.RoleInfo (RoleInfo.java:shutdownLeaderState(104)) - 0604b7ce-3702-4402-9f78-e4e71bac4ced: shutdown LeaderState
2019-09-24 02:31:25,870 [ForkJoinPool.commonPool-worker-0] INFO  impl.RaftServerImpl (ServerState.java:close(385)) - 789b2ead-7118-41e6-be92-3579bc944c62@group-53A3DDA39B1B: closes. applyIndex: 0
2019-09-24 02:31:25,871 [main] INFO  impl.PendingRequests (PendingRequests.java:sendNotLeaderResponses(202)) - 0604b7ce-3702-4402-9f78-e4e71bac4ced-PendingRequests: sendNotLeaderResponses
2019-09-24 02:31:25,872 [789b2ead-7118-41e6-be92-3579bc944c62@group-53A3DDA39B1B-SegmentedRaftLogWorker] INFO  segmented.SegmentedRaftLogWorker (SegmentedRaftLogWorker.java:run(313)) - 789b2ead-7118-41e6-be92-3579bc944c62@group-53A3DDA39B1B-SegmentedRaftLogWorker was interrupted, exiting. There are 0 tasks remaining in the queue.
2019-09-24 02:31:25,872 [main] INFO  impl.StateMachineUpdater (StateMachineUpdater.java:stopAndJoin(125)) - 0604b7ce-3702-4402-9f78-e4e71bac4ced@group-D47DCCB84B9E-StateMachineUpdater: set stopIndex = 0
2019-09-24 02:31:25,872 [ForkJoinPool.commonPool-worker-0] INFO  segmented.SegmentedRaftLogWorker (SegmentedRaftLogWorker.java:close(228)) - 789b2ead-7118-41e6-be92-3579bc944c62@group-53A3DDA39B1B-SegmentedRaftLogWorker close()
2019-09-24 02:31:25,873 [main] INFO  impl.RaftServerImpl (ServerState.java:close(385)) - 0604b7ce-3702-4402-9f78-e4e71bac4ced@group-D47DCCB84B9E: closes. applyIndex: 0
2019-09-24 02:31:25,873 [ForkJoinPool.commonPool-worker-0] INFO  server.GrpcService (GrpcService.java:closeImpl(164)) - 789b2ead-7118-41e6-be92-3579bc944c62: shutdown server with port 43411 now
2019-09-24 02:31:25,873 [0604b7ce-3702-4402-9f78-e4e71bac4ced@group-D47DCCB84B9E-SegmentedRaftLogWorker] INFO  segmented.SegmentedRaftLogWorker (SegmentedRaftLogWorker.java:run(313)) - 0604b7ce-3702-4402-9f78-e4e71bac4ced@group-D47DCCB84B9E-SegmentedRaftLogWorker was interrupted, exiting. There are 0 tasks remaining in the queue.
2019-09-24 02:31:25,874 [main] INFO  segmented.SegmentedRaftLogWorker (SegmentedRaftLogWorker.java:close(228)) - 0604b7ce-3702-4402-9f78-e4e71bac4ced@group-D47DCCB84B9E-SegmentedRaftLogWorker close()
2019-09-24 02:31:25,874 [grpc-default-executor-1] WARN  server.GrpcServerProtocolService (LogUtils.java:warn(134)) - 789b2ead-7118-41e6-be92-3579bc944c62: installSnapshot onError, lastRequest: 9092e767-ed58-4058-999b-a93aea9aea3f->789b2ead-7118-41e6-be92-3579bc944c62#247-t1, previous=(t:1, i:0), leaderCommit=0, initializing? false, entries: <empty>: org.apache.ratis.thirdparty.io.grpc.StatusRuntimeException: CANCELLED: cancelled before receiving half close
2019-09-24 02:31:25,874 [ForkJoinPool.commonPool-worker-0] INFO  server.GrpcService (GrpcService.java:closeImpl(172)) - 789b2ead-7118-41e6-be92-3579bc944c62: shutdown server with port 43411 successfully
2019-09-24 02:31:25,874 [main] INFO  server.GrpcService (GrpcService.java:closeImpl(164)) - 0604b7ce-3702-4402-9f78-e4e71bac4ced: shutdown server with port 35986 now
2019-09-24 02:31:25,874 [grpc-default-executor-2] WARN  server.GrpcLogAppender (LogUtils.java:warn(134)) - 9092e767-ed58-4058-999b-a93aea9aea3f@group-53A3DDA39B1B->789b2ead-7118-41e6-be92-3579bc944c62-AppendLogResponseHandler: Failed appendEntries: org.apache.ratis.thirdparty.io.grpc.StatusRuntimeException: CANCELLED: HTTP/2 error code: CANCEL
Received Rst Stream
2019-09-24 02:31:25,883 [grpc-default-executor-3] WARN  server.GrpcServerProtocolService (LogUtils.java:warn(134)) - 0604b7ce-3702-4402-9f78-e4e71bac4ced: installSnapshot onError, lastRequest: 9092e767-ed58-4058-999b-a93aea9aea3f->0604b7ce-3702-4402-9f78-e4e71bac4ced#247-t1, previous=(t:1, i:0), leaderCommit=0, initializing? false, entries: <empty>: org.apache.ratis.thirdparty.io.grpc.StatusRuntimeException: CANCELLED: cancelled before receiving half close
2019-09-24 02:31:25,883 [grpc-default-executor-2] INFO  impl.FollowerInfo (FollowerInfo.java:lambda$new$0(51)) - 9092e767-ed58-4058-999b-a93aea9aea3f@group-53A3DDA39B1B->789b2ead-7118-41e6-be92-3579bc944c62: nextIndex: updateUnconditionally 1 -> 0
2019-09-24 02:31:25,883 [grpc-default-executor-1] WARN  server.GrpcLogAppender (LogUtils.java:warn(134)) - 9092e767-ed58-4058-999b-a93aea9aea3f@group-53A3DDA39B1B->0604b7ce-3702-4402-9f78-e4e71bac4ced-AppendLogResponseHandler: Failed appendEntries: org.apache.ratis.thirdparty.io.grpc.StatusRuntimeException: CANCELLED: HTTP/2 error code: CANCEL
Received Rst Stream
2019-09-24 02:31:25,883 [main] INFO  server.GrpcService (GrpcService.java:closeImpl(172)) - 0604b7ce-3702-4402-9f78-e4e71bac4ced: shutdown server with port 35986 successfully
2019-09-24 02:31:25,884 [grpc-default-executor-1] INFO  impl.FollowerInfo (FollowerInfo.java:lambda$new$0(51)) - 9092e767-ed58-4058-999b-a93aea9aea3f@group-53A3DDA39B1B->0604b7ce-3702-4402-9f78-e4e71bac4ced: nextIndex: updateUnconditionally 1 -> 0
2019-09-24 02:31:25,885 [refreshUsed-/workdir/hadoop-ozone/integration-test/target/test-dir/MiniOzoneClusterImpl-e1db9d82-1fb6-48f9-8fb7-1f77219b2ee9/datanode-4/data/containers] WARN  fs.CachingGetSpaceUsed (CachingGetSpaceUsed.java:run(183)) - Thread Interrupted waiting to refresh disk information: sleep interrupted
2019-09-24 02:31:25,888 [refreshUsed-/workdir/hadoop-ozone/integration-test/target/test-dir/MiniOzoneClusterImpl-e1db9d82-1fb6-48f9-8fb7-1f77219b2ee9/datanode-8/data/containers] WARN  fs.CachingGetSpaceUsed (CachingGetSpaceUsed.java:run(183)) - Thread Interrupted waiting to refresh disk information: sleep interrupted
2019-09-24 02:31:25,905 [ForkJoinPool.commonPool-worker-0] INFO  utils.BackgroundService (BackgroundService.java:shutdown(148)) - Shutting down service BlockDeletingService
2019-09-24 02:31:25,910 [ForkJoinPool.commonPool-worker-0] INFO  statemachine.DatanodeStateMachine (DatanodeStateMachine.java:stopDaemon(395)) - Ozone container server stopped.
2019-09-24 02:31:25,914 [ForkJoinPool.commonPool-worker-0] INFO  handler.ContextHandler (ContextHandler.java:doStop(910)) - Stopped o.e.j.w.WebAppContext@16a3cc88{/,null,UNAVAILABLE}{/hddsDatanode}
2019-09-24 02:31:25,916 [ForkJoinPool.commonPool-worker-0] INFO  server.AbstractConnector (AbstractConnector.java:doStop(318)) - Stopped ServerConnector@696b52bc{HTTP/1.1,[http/1.1]}{0.0.0.0:0}
2019-09-24 02:31:25,916 [ForkJoinPool.commonPool-worker-0] INFO  handler.ContextHandler (ContextHandler.java:doStop(910)) - Stopped o.e.j.s.ServletContextHandler@49671897{/static,jar:file:/home/user/.m2/repository/org/apache/hadoop/hadoop-hdds-container-service/0.5.0-SNAPSHOT/hadoop-hdds-container-service-0.5.0-SNAPSHOT.jar!/webapps/static,UNAVAILABLE}
2019-09-24 02:31:25,916 [ForkJoinPool.commonPool-worker-0] INFO  handler.ContextHandler (ContextHandler.java:doStop(910)) - Stopped o.e.j.s.ServletContextHandler@55846997{/logs,file:///workdir/hadoop-ozone/integration-test/target/log,UNAVAILABLE}
2019-09-24 02:31:25,916 [main] INFO  utils.BackgroundService (BackgroundService.java:shutdown(148)) - Shutting down service BlockDeletingService
2019-09-24 02:31:25,925 [main] INFO  statemachine.DatanodeStateMachine (DatanodeStateMachine.java:stopDaemon(395)) - Ozone container server stopped.
2019-09-24 02:31:25,927 [main] INFO  handler.ContextHandler (ContextHandler.java:doStop(910)) - Stopped o.e.j.w.WebAppContext@4b9c411{/,null,UNAVAILABLE}{/hddsDatanode}
2019-09-24 02:31:25,927 [main] INFO  server.AbstractConnector (AbstractConnector.java:doStop(318)) - Stopped ServerConnector@41e9f86{HTTP/1.1,[http/1.1]}{0.0.0.0:0}
2019-09-24 02:31:25,928 [main] INFO  handler.ContextHandler (ContextHandler.java:doStop(910)) - Stopped o.e.j.s.ServletContextHandler@46b2dcc5{/static,jar:file:/home/user/.m2/repository/org/apache/hadoop/hadoop-hdds-container-service/0.5.0-SNAPSHOT/hadoop-hdds-container-service-0.5.0-SNAPSHOT.jar!/webapps/static,UNAVAILABLE}
2019-09-24 02:31:25,928 [main] INFO  handler.ContextHandler (ContextHandler.java:doStop(910)) - Stopped o.e.j.s.ServletContextHandler@62b6c045{/logs,file:///workdir/hadoop-ozone/integration-test/target/log,UNAVAILABLE}
2019-09-24 02:31:25,944 [grpc-default-executor-1] WARN  server.GrpcLogAppender (LogUtils.java:warn(134)) - 5a1cfc27-0377-45c9-882e-ae9e71586032@group-8C41FF714108->5cc809fa-c519-491c-99df-43aed39bd77b-AppendLogResponseHandler: Failed appendEntries: org.apache.ratis.thirdparty.io.grpc.StatusRuntimeException: UNAVAILABLE: io exception
2019-09-24 02:31:25,945 [grpc-default-executor-1] INFO  impl.FollowerInfo (FollowerInfo.java:lambda$new$0(51)) - 5a1cfc27-0377-45c9-882e-ae9e71586032@group-8C41FF714108->5cc809fa-c519-491c-99df-43aed39bd77b: nextIndex: updateUnconditionally 0 -> 0
2019-09-24 02:31:25,963 [grpc-default-executor-1] WARN  server.GrpcLogAppender (LogUtils.java:warn(134)) - 9092e767-ed58-4058-999b-a93aea9aea3f@group-53A3DDA39B1B->789b2ead-7118-41e6-be92-3579bc944c62-AppendLogResponseHandler: Failed appendEntries: org.apache.ratis.thirdparty.io.grpc.StatusRuntimeException: UNAVAILABLE: io exception
2019-09-24 02:31:25,963 [grpc-default-executor-1] INFO  impl.FollowerInfo (FollowerInfo.java:lambda$new$0(51)) - 9092e767-ed58-4058-999b-a93aea9aea3f@group-53A3DDA39B1B->789b2ead-7118-41e6-be92-3579bc944c62: nextIndex: updateUnconditionally 0 -> 0
2019-09-24 02:31:25,963 [grpc-default-executor-3] WARN  server.GrpcLogAppender (LogUtils.java:warn(134)) - 9092e767-ed58-4058-999b-a93aea9aea3f@group-53A3DDA39B1B->0604b7ce-3702-4402-9f78-e4e71bac4ced-AppendLogResponseHandler: Failed appendEntries: org.apache.ratis.thirdparty.io.grpc.StatusRuntimeException: UNAVAILABLE: io exception
2019-09-24 02:31:25,963 [grpc-default-executor-3] INFO  impl.FollowerInfo (FollowerInfo.java:lambda$new$0(51)) - 9092e767-ed58-4058-999b-a93aea9aea3f@group-53A3DDA39B1B->0604b7ce-3702-4402-9f78-e4e71bac4ced: nextIndex: updateUnconditionally 0 -> 0
2019-09-24 02:31:26,357 [Datanode State Machine Thread - 0] INFO  statemachine.DatanodeStateMachine (DatanodeStateMachine.java:lambda$startDaemon$0(350)) - Ozone container server started.
2019-09-24 02:31:26,445 [grpc-default-executor-2] WARN  server.GrpcLogAppender (LogUtils.java:warn(134)) - 5a1cfc27-0377-45c9-882e-ae9e71586032@group-8C41FF714108->5cc809fa-c519-491c-99df-43aed39bd77b-AppendLogResponseHandler: Failed appendEntries: org.apache.ratis.thirdparty.io.grpc.StatusRuntimeException: UNAVAILABLE: io exception
2019-09-24 02:31:26,446 [grpc-default-executor-2] INFO  impl.FollowerInfo (FollowerInfo.java:lambda$new$0(51)) - 5a1cfc27-0377-45c9-882e-ae9e71586032@group-8C41FF714108->5cc809fa-c519-491c-99df-43aed39bd77b: nextIndex: updateUnconditionally 0 -> 0
2019-09-24 02:31:26,464 [grpc-default-executor-3] WARN  server.GrpcLogAppender (LogUtils.java:warn(134)) - 9092e767-ed58-4058-999b-a93aea9aea3f@group-53A3DDA39B1B->789b2ead-7118-41e6-be92-3579bc944c62-AppendLogResponseHandler: Failed appendEntries: org.apache.ratis.thirdparty.io.grpc.StatusRuntimeException: UNAVAILABLE: io exception
2019-09-24 02:31:26,464 [grpc-default-executor-3] INFO  impl.FollowerInfo (FollowerInfo.java:lambda$new$0(51)) - 9092e767-ed58-4058-999b-a93aea9aea3f@group-53A3DDA39B1B->789b2ead-7118-41e6-be92-3579bc944c62: nextIndex: updateUnconditionally 0 -> 0
2019-09-24 02:31:26,464 [grpc-default-executor-4] WARN  server.GrpcLogAppender (LogUtils.java:warn(134)) - 9092e767-ed58-4058-999b-a93aea9aea3f@group-53A3DDA39B1B->0604b7ce-3702-4402-9f78-e4e71bac4ced-AppendLogResponseHandler: Failed appendEntries: org.apache.ratis.thirdparty.io.grpc.StatusRuntimeException: UNAVAILABLE: io exception
2019-09-24 02:31:26,465 [grpc-default-executor-4] INFO  impl.FollowerInfo (FollowerInfo.java:lambda$new$0(51)) - 9092e767-ed58-4058-999b-a93aea9aea3f@group-53A3DDA39B1B->0604b7ce-3702-4402-9f78-e4e71bac4ced: nextIndex: updateUnconditionally 0 -> 0
2019-09-24 02:31:26,658 [Datanode State Machine Thread - 0] INFO  statemachine.DatanodeStateMachine (DatanodeStateMachine.java:lambda$startDaemon$0(350)) - Ozone container server started.
2019-09-24 02:31:26,947 [grpc-default-executor-2] WARN  server.GrpcLogAppender (LogUtils.java:warn(134)) - 5a1cfc27-0377-45c9-882e-ae9e71586032@group-8C41FF714108->5cc809fa-c519-491c-99df-43aed39bd77b-AppendLogResponseHandler: Failed appendEntries: org.apache.ratis.thirdparty.io.grpc.StatusRuntimeException: UNAVAILABLE: io exception
2019-09-24 02:31:26,947 [grpc-default-executor-2] INFO  impl.FollowerInfo (FollowerInfo.java:lambda$new$0(51)) - 5a1cfc27-0377-45c9-882e-ae9e71586032@group-8C41FF714108->5cc809fa-c519-491c-99df-43aed39bd77b: nextIndex: updateUnconditionally 0 -> 0
2019-09-24 02:31:26,964 [grpc-default-executor-2] WARN  server.GrpcLogAppender (LogUtils.java:warn(134)) - 9092e767-ed58-4058-999b-a93aea9aea3f@group-53A3DDA39B1B->789b2ead-7118-41e6-be92-3579bc944c62-AppendLogResponseHandler: Failed appendEntries: org.apache.ratis.thirdparty.io.grpc.StatusRuntimeException: UNAVAILABLE: io exception
2019-09-24 02:31:26,964 [grpc-default-executor-2] INFO  impl.FollowerInfo (FollowerInfo.java:lambda$new$0(51)) - 9092e767-ed58-4058-999b-a93aea9aea3f@group-53A3DDA39B1B->789b2ead-7118-41e6-be92-3579bc944c62: nextIndex: updateUnconditionally 0 -> 0
2019-09-24 02:31:26,965 [grpc-default-executor-1] WARN  server.GrpcLogAppender (LogUtils.java:warn(134)) - 9092e767-ed58-4058-999b-a93aea9aea3f@group-53A3DDA39B1B->0604b7ce-3702-4402-9f78-e4e71bac4ced-AppendLogResponseHandler: Failed appendEntries: org.apache.ratis.thirdparty.io.grpc.StatusRuntimeException: UNAVAILABLE: io exception
2019-09-24 02:31:26,965 [grpc-default-executor-1] INFO  impl.FollowerInfo (FollowerInfo.java:lambda$new$0(51)) - 9092e767-ed58-4058-999b-a93aea9aea3f@group-53A3DDA39B1B->0604b7ce-3702-4402-9f78-e4e71bac4ced: nextIndex: updateUnconditionally 0 -> 0
2019-09-24 02:31:27,447 [grpc-default-executor-1] WARN  server.GrpcLogAppender (LogUtils.java:warn(134)) - 5a1cfc27-0377-45c9-882e-ae9e71586032@group-8C41FF714108->5cc809fa-c519-491c-99df-43aed39bd77b-AppendLogResponseHandler: Failed appendEntries: org.apache.ratis.thirdparty.io.grpc.StatusRuntimeException: UNAVAILABLE: io exception
2019-09-24 02:31:27,448 [grpc-default-executor-1] INFO  impl.FollowerInfo (FollowerInfo.java:lambda$new$0(51)) - 5a1cfc27-0377-45c9-882e-ae9e71586032@group-8C41FF714108->5cc809fa-c519-491c-99df-43aed39bd77b: nextIndex: updateUnconditionally 0 -> 0
2019-09-24 02:31:27,464 [grpc-default-executor-1] WARN  server.GrpcLogAppender (LogUtils.java:warn(134)) - 9092e767-ed58-4058-999b-a93aea9aea3f@group-53A3DDA39B1B->789b2ead-7118-41e6-be92-3579bc944c62-AppendLogResponseHandler: Failed appendEntries: org.apache.ratis.thirdparty.io.grpc.StatusRuntimeException: UNAVAILABLE: io exception
2019-09-24 02:31:27,465 [grpc-default-executor-1] INFO  impl.FollowerInfo (FollowerInfo.java:lambda$new$0(51)) - 9092e767-ed58-4058-999b-a93aea9aea3f@group-53A3DDA39B1B->789b2ead-7118-41e6-be92-3579bc944c62: nextIndex: updateUnconditionally 0 -> 0
2019-09-24 02:31:27,466 [grpc-default-executor-2] WARN  server.GrpcLogAppender (LogUtils.java:warn(134)) - 9092e767-ed58-4058-999b-a93aea9aea3f@group-53A3DDA39B1B->0604b7ce-3702-4402-9f78-e4e71bac4ced-AppendLogResponseHandler: Failed appendEntries: org.apache.ratis.thirdparty.io.grpc.StatusRuntimeException: UNAVAILABLE: io exception
2019-09-24 02:31:27,466 [grpc-default-executor-2] INFO  impl.FollowerInfo (FollowerInfo.java:lambda$new$0(51)) - 9092e767-ed58-4058-999b-a93aea9aea3f@group-53A3DDA39B1B->0604b7ce-3702-4402-9f78-e4e71bac4ced: nextIndex: updateUnconditionally 0 -> 0
2019-09-24 02:31:27,948 [grpc-default-executor-4] WARN  server.GrpcLogAppender (LogUtils.java:warn(134)) - 5a1cfc27-0377-45c9-882e-ae9e71586032@group-8C41FF714108->5cc809fa-c519-491c-99df-43aed39bd77b-AppendLogResponseHandler: Failed appendEntries: org.apache.ratis.thirdparty.io.grpc.StatusRuntimeException: UNAVAILABLE: io exception
2019-09-24 02:31:27,948 [grpc-default-executor-4] INFO  impl.FollowerInfo (FollowerInfo.java:lambda$new$0(51)) - 5a1cfc27-0377-45c9-882e-ae9e71586032@group-8C41FF714108->5cc809fa-c519-491c-99df-43aed39bd77b: nextIndex: updateUnconditionally 0 -> 0
2019-09-24 02:31:27,965 [grpc-default-executor-1] WARN  server.GrpcLogAppender (LogUtils.java:warn(134)) - 9092e767-ed58-4058-999b-a93aea9aea3f@group-53A3DDA39B1B->789b2ead-7118-41e6-be92-3579bc944c62-AppendLogResponseHandler: Failed appendEntries: org.apache.ratis.thirdparty.io.grpc.StatusRuntimeException: UNAVAILABLE: io exception
2019-09-24 02:31:27,965 [grpc-default-executor-1] INFO  impl.FollowerInfo (FollowerInfo.java:lambda$new$0(51)) - 9092e767-ed58-4058-999b-a93aea9aea3f@group-53A3DDA39B1B->789b2ead-7118-41e6-be92-3579bc944c62: nextIndex: updateUnconditionally 0 -> 0
2019-09-24 02:31:27,966 [grpc-default-executor-2] WARN  server.GrpcLogAppender (LogUtils.java:warn(134)) - 9092e767-ed58-4058-999b-a93aea9aea3f@group-53A3DDA39B1B->0604b7ce-3702-4402-9f78-e4e71bac4ced-AppendLogResponseHandler: Failed appendEntries: org.apache.ratis.thirdparty.io.grpc.StatusRuntimeException: UNAVAILABLE: io exception
2019-09-24 02:31:27,966 [grpc-default-executor-2] INFO  impl.FollowerInfo (FollowerInfo.java:lambda$new$0(51)) - 9092e767-ed58-4058-999b-a93aea9aea3f@group-53A3DDA39B1B->0604b7ce-3702-4402-9f78-e4e71bac4ced: nextIndex: updateUnconditionally 0 -> 0
2019-09-24 02:31:28,448 [grpc-default-executor-1] WARN  server.GrpcLogAppender (LogUtils.java:warn(134)) - 5a1cfc27-0377-45c9-882e-ae9e71586032@group-8C41FF714108->5cc809fa-c519-491c-99df-43aed39bd77b-AppendLogResponseHandler: Failed appendEntries: org.apache.ratis.thirdparty.io.grpc.StatusRuntimeException: UNAVAILABLE: io exception
2019-09-24 02:31:28,448 [grpc-default-executor-1] INFO  impl.FollowerInfo (FollowerInfo.java:lambda$new$0(51)) - 5a1cfc27-0377-45c9-882e-ae9e71586032@group-8C41FF714108->5cc809fa-c519-491c-99df-43aed39bd77b: nextIndex: updateUnconditionally 0 -> 0
2019-09-24 02:31:28,465 [grpc-default-executor-2] WARN  server.GrpcLogAppender (LogUtils.java:warn(134)) - 9092e767-ed58-4058-999b-a93aea9aea3f@group-53A3DDA39B1B->789b2ead-7118-41e6-be92-3579bc944c62-AppendLogResponseHandler: Failed appendEntries: org.apache.ratis.thirdparty.io.grpc.StatusRuntimeException: UNAVAILABLE: io exception
2019-09-24 02:31:28,465 [grpc-default-executor-2] INFO  impl.FollowerInfo (FollowerInfo.java:lambda$new$0(51)) - 9092e767-ed58-4058-999b-a93aea9aea3f@group-53A3DDA39B1B->789b2ead-7118-41e6-be92-3579bc944c62: nextIndex: updateUnconditionally 0 -> 0
2019-09-24 02:31:28,467 [grpc-default-executor-2] WARN  server.GrpcLogAppender (LogUtils.java:warn(134)) - 9092e767-ed58-4058-999b-a93aea9aea3f@group-53A3DDA39B1B->0604b7ce-3702-4402-9f78-e4e71bac4ced-AppendLogResponseHandler: Failed appendEntries: org.apache.ratis.thirdparty.io.grpc.StatusRuntimeException: UNAVAILABLE: io exception
2019-09-24 02:31:28,467 [grpc-default-executor-2] INFO  impl.FollowerInfo (FollowerInfo.java:lambda$new$0(51)) - 9092e767-ed58-4058-999b-a93aea9aea3f@group-53A3DDA39B1B->0604b7ce-3702-4402-9f78-e4e71bac4ced: nextIndex: updateUnconditionally 0 -> 0
2019-09-24 02:31:28,949 [grpc-default-executor-2] WARN  server.GrpcLogAppender (LogUtils.java:warn(134)) - 5a1cfc27-0377-45c9-882e-ae9e71586032@group-8C41FF714108->5cc809fa-c519-491c-99df-43aed39bd77b-AppendLogResponseHandler: Failed appendEntries: org.apache.ratis.thirdparty.io.grpc.StatusRuntimeException: UNAVAILABLE: io exception
2019-09-24 02:31:28,949 [grpc-default-executor-2] INFO  impl.FollowerInfo (FollowerInfo.java:lambda$new$0(51)) - 5a1cfc27-0377-45c9-882e-ae9e71586032@group-8C41FF714108->5cc809fa-c519-491c-99df-43aed39bd77b: nextIndex: updateUnconditionally 0 -> 0
2019-09-24 02:31:28,965 [grpc-default-executor-2] WARN  server.GrpcLogAppender (LogUtils.java:warn(134)) - 9092e767-ed58-4058-999b-a93aea9aea3f@group-53A3DDA39B1B->789b2ead-7118-41e6-be92-3579bc944c62-AppendLogResponseHandler: Failed appendEntries: org.apache.ratis.thirdparty.io.grpc.StatusRuntimeException: UNAVAILABLE: io exception
2019-09-24 02:31:28,966 [grpc-default-executor-2] INFO  impl.FollowerInfo (FollowerInfo.java:lambda$new$0(51)) - 9092e767-ed58-4058-999b-a93aea9aea3f@group-53A3DDA39B1B->789b2ead-7118-41e6-be92-3579bc944c62: nextIndex: updateUnconditionally 0 -> 0
2019-09-24 02:31:28,968 [grpc-default-executor-4] WARN  server.GrpcLogAppender (LogUtils.java:warn(134)) - 9092e767-ed58-4058-999b-a93aea9aea3f@group-53A3DDA39B1B->0604b7ce-3702-4402-9f78-e4e71bac4ced-AppendLogResponseHandler: Failed appendEntries: org.apache.ratis.thirdparty.io.grpc.StatusRuntimeException: UNAVAILABLE: io exception
2019-09-24 02:31:28,968 [grpc-default-executor-4] INFO  impl.FollowerInfo (FollowerInfo.java:lambda$new$0(51)) - 9092e767-ed58-4058-999b-a93aea9aea3f@group-53A3DDA39B1B->0604b7ce-3702-4402-9f78-e4e71bac4ced: nextIndex: updateUnconditionally 0 -> 0
2019-09-24 02:31:29,449 [grpc-default-executor-4] WARN  server.GrpcLogAppender (LogUtils.java:warn(134)) - 5a1cfc27-0377-45c9-882e-ae9e71586032@group-8C41FF714108->5cc809fa-c519-491c-99df-43aed39bd77b-AppendLogResponseHandler: Failed appendEntries: org.apache.ratis.thirdparty.io.grpc.StatusRuntimeException: UNAVAILABLE: io exception
2019-09-24 02:31:29,450 [grpc-default-executor-4] INFO  impl.FollowerInfo (FollowerInfo.java:lambda$new$0(51)) - 5a1cfc27-0377-45c9-882e-ae9e71586032@group-8C41FF714108->5cc809fa-c519-491c-99df-43aed39bd77b: nextIndex: updateUnconditionally 0 -> 0
2019-09-24 02:31:29,466 [grpc-default-executor-4] WARN  server.GrpcLogAppender (LogUtils.java:warn(134)) - 9092e767-ed58-4058-999b-a93aea9aea3f@group-53A3DDA39B1B->789b2ead-7118-41e6-be92-3579bc944c62-AppendLogResponseHandler: Failed appendEntries: org.apache.ratis.thirdparty.io.grpc.StatusRuntimeException: UNAVAILABLE: io exception
2019-09-24 02:31:29,466 [grpc-default-executor-4] INFO  impl.FollowerInfo (FollowerInfo.java:lambda$new$0(51)) - 9092e767-ed58-4058-999b-a93aea9aea3f@group-53A3DDA39B1B->789b2ead-7118-41e6-be92-3579bc944c62: nextIndex: updateUnconditionally 0 -> 0
2019-09-24 02:31:29,468 [grpc-default-executor-4] WARN  server.GrpcLogAppender (LogUtils.java:warn(134)) - 9092e767-ed58-4058-999b-a93aea9aea3f@group-53A3DDA39B1B->0604b7ce-3702-4402-9f78-e4e71bac4ced-AppendLogResponseHandler: Failed appendEntries: org.apache.ratis.thirdparty.io.grpc.StatusRuntimeException: UNAVAILABLE: io exception
2019-09-24 02:31:29,468 [grpc-default-executor-4] INFO  impl.FollowerInfo (FollowerInfo.java:lambda$new$0(51)) - 9092e767-ed58-4058-999b-a93aea9aea3f@group-53A3DDA39B1B->0604b7ce-3702-4402-9f78-e4e71bac4ced: nextIndex: updateUnconditionally 0 -> 0
2019-09-24 02:31:29,949 [grpc-default-executor-1] WARN  server.GrpcLogAppender (LogUtils.java:warn(134)) - 5a1cfc27-0377-45c9-882e-ae9e71586032@group-8C41FF714108->5cc809fa-c519-491c-99df-43aed39bd77b-AppendLogResponseHandler: Failed appendEntries: org.apache.ratis.thirdparty.io.grpc.StatusRuntimeException: UNAVAILABLE: io exception
2019-09-24 02:31:29,950 [grpc-default-executor-1] INFO  impl.FollowerInfo (FollowerInfo.java:lambda$new$0(51)) - 5a1cfc27-0377-45c9-882e-ae9e71586032@group-8C41FF714108->5cc809fa-c519-491c-99df-43aed39bd77b: nextIndex: updateUnconditionally 0 -> 0
2019-09-24 02:31:29,966 [grpc-default-executor-2] WARN  server.GrpcLogAppender (LogUtils.java:warn(134)) - 9092e767-ed58-4058-999b-a93aea9aea3f@group-53A3DDA39B1B->789b2ead-7118-41e6-be92-3579bc944c62-AppendLogResponseHandler: Failed appendEntries: org.apache.ratis.thirdparty.io.grpc.StatusRuntimeException: UNAVAILABLE: io exception
2019-09-24 02:31:29,967 [grpc-default-executor-2] INFO  impl.FollowerInfo (FollowerInfo.java:lambda$new$0(51)) - 9092e767-ed58-4058-999b-a93aea9aea3f@group-53A3DDA39B1B->789b2ead-7118-41e6-be92-3579bc944c62: nextIndex: updateUnconditionally 0 -> 0
2019-09-24 02:31:29,969 [grpc-default-executor-4] WARN  server.GrpcLogAppender (LogUtils.java:warn(134)) - 9092e767-ed58-4058-999b-a93aea9aea3f@group-53A3DDA39B1B->0604b7ce-3702-4402-9f78-e4e71bac4ced-AppendLogResponseHandler: Failed appendEntries: org.apache.ratis.thirdparty.io.grpc.StatusRuntimeException: UNAVAILABLE: io exception
2019-09-24 02:31:29,969 [grpc-default-executor-4] INFO  impl.FollowerInfo (FollowerInfo.java:lambda$new$0(51)) - 9092e767-ed58-4058-999b-a93aea9aea3f@group-53A3DDA39B1B->0604b7ce-3702-4402-9f78-e4e71bac4ced: nextIndex: updateUnconditionally 0 -> 0
2019-09-24 02:31:30,450 [grpc-default-executor-4] WARN  server.GrpcLogAppender (LogUtils.java:warn(134)) - 5a1cfc27-0377-45c9-882e-ae9e71586032@group-8C41FF714108->5cc809fa-c519-491c-99df-43aed39bd77b-AppendLogResponseHandler: Failed appendEntries: org.apache.ratis.thirdparty.io.grpc.StatusRuntimeException: UNAVAILABLE: io exception
2019-09-24 02:31:30,450 [grpc-default-executor-4] INFO  impl.FollowerInfo (FollowerInfo.java:lambda$new$0(51)) - 5a1cfc27-0377-45c9-882e-ae9e71586032@group-8C41FF714108->5cc809fa-c519-491c-99df-43aed39bd77b: nextIndex: updateUnconditionally 0 -> 0
2019-09-24 02:31:30,467 [grpc-default-executor-1] WARN  server.GrpcLogAppender (LogUtils.java:warn(134)) - 9092e767-ed58-4058-999b-a93aea9aea3f@group-53A3DDA39B1B->789b2ead-7118-41e6-be92-3579bc944c62-AppendLogResponseHandler: Failed appendEntries: org.apache.ratis.thirdparty.io.grpc.StatusRuntimeException: UNAVAILABLE: io exception
2019-09-24 02:31:30,467 [grpc-default-executor-1] INFO  impl.FollowerInfo (FollowerInfo.java:lambda$new$0(51)) - 9092e767-ed58-4058-999b-a93aea9aea3f@group-53A3DDA39B1B->789b2ead-7118-41e6-be92-3579bc944c62: nextIndex: updateUnconditionally 0 -> 0
2019-09-24 02:31:30,469 [grpc-default-executor-2] WARN  server.GrpcLogAppender (LogUtils.java:warn(134)) - 9092e767-ed58-4058-999b-a93aea9aea3f@group-53A3DDA39B1B->0604b7ce-3702-4402-9f78-e4e71bac4ced-AppendLogResponseHandler: Failed appendEntries: org.apache.ratis.thirdparty.io.grpc.StatusRuntimeException: UNAVAILABLE: io exception
2019-09-24 02:31:30,470 [grpc-default-executor-2] INFO  impl.FollowerInfo (FollowerInfo.java:lambda$new$0(51)) - 9092e767-ed58-4058-999b-a93aea9aea3f@group-53A3DDA39B1B->0604b7ce-3702-4402-9f78-e4e71bac4ced: nextIndex: updateUnconditionally 0 -> 0
2019-09-24 02:31:30,918 [ForkJoinPool.commonPool-worker-0] INFO  ozoneimpl.OzoneContainer (OzoneContainer.java:stop(231)) - Attempting to stop container services.
2019-09-24 02:31:30,918 [ForkJoinPool.commonPool-worker-0] INFO  impl.RaftServerProxy (RaftServerProxy.java:lambda$close$4(314)) - 5a1cfc27-0377-45c9-882e-ae9e71586032: close
2019-09-24 02:31:30,919 [ForkJoinPool.commonPool-worker-0] INFO  impl.RaftServerImpl (RaftServerImpl.java:lambda$shutdown$3(251)) - 5a1cfc27-0377-45c9-882e-ae9e71586032@group-8C41FF714108: shutdown
2019-09-24 02:31:30,919 [ForkJoinPool.commonPool-worker-0] INFO  util.JmxRegister (JmxRegister.java:unregister(73)) - Successfully un-registered JMX Bean with object name Ratis:service=RaftServer,group=group-8C41FF714108,id=5a1cfc27-0377-45c9-882e-ae9e71586032
2019-09-24 02:31:30,919 [ForkJoinPool.commonPool-worker-0] INFO  impl.RoleInfo (RoleInfo.java:shutdownLeaderState(104)) - 5a1cfc27-0377-45c9-882e-ae9e71586032: shutdown LeaderState
2019-09-24 02:31:30,924 [org.apache.ratis.server.impl.LogAppender$AppenderDaemon$$Lambda$430/2026899056@46cc3b95] WARN  server.GrpcLogAppender (GrpcLogAppender.java:mayWait(143)) - 5a1cfc27-0377-45c9-882e-ae9e71586032@group-8C41FF714108->5cc809fa-c519-491c-99df-43aed39bd77b-GrpcLogAppender: Wait interrupted by java.lang.InterruptedException
2019-09-24 02:31:30,924 [org.apache.ratis.server.impl.LogAppender$AppenderDaemon$$Lambda$430/2026899056@79326cba] WARN  server.GrpcLogAppender (GrpcLogAppender.java:mayWait(143)) - 5a1cfc27-0377-45c9-882e-ae9e71586032@group-8C41FF714108->085dba92-8ce5-4f42-893e-544caee8a210-GrpcLogAppender: Wait interrupted by java.lang.InterruptedException
2019-09-24 02:31:30,924 [ForkJoinPool.commonPool-worker-0] INFO  impl.PendingRequests (PendingRequests.java:sendNotLeaderResponses(202)) - 5a1cfc27-0377-45c9-882e-ae9e71586032-PendingRequests: sendNotLeaderResponses
2019-09-24 02:31:30,925 [ForkJoinPool.commonPool-worker-0] INFO  impl.StateMachineUpdater (StateMachineUpdater.java:stopAndJoin(125)) - 5a1cfc27-0377-45c9-882e-ae9e71586032@group-8C41FF714108-StateMachineUpdater: set stopIndex = 0
2019-09-24 02:31:30,925 [grpc-default-executor-2] INFO  server.GrpcServerProtocolService (GrpcServerProtocolService.java:onCompleted(113)) - 085dba92-8ce5-4f42-893e-544caee8a210: Completed APPEND_ENTRIES, lastRequest: 5a1cfc27-0377-45c9-882e-ae9e71586032->085dba92-8ce5-4f42-893e-544caee8a210#254-t4, previous=(t:4, i:0), leaderCommit=0, initializing? false, entries: <empty>
2019-09-24 02:31:30,925 [ForkJoinPool.commonPool-worker-0] INFO  impl.RaftServerImpl (ServerState.java:close(385)) - 5a1cfc27-0377-45c9-882e-ae9e71586032@group-8C41FF714108: closes. applyIndex: 0
2019-09-24 02:31:30,925 [5a1cfc27-0377-45c9-882e-ae9e71586032@group-8C41FF714108-SegmentedRaftLogWorker] INFO  segmented.SegmentedRaftLogWorker (SegmentedRaftLogWorker.java:run(313)) - 5a1cfc27-0377-45c9-882e-ae9e71586032@group-8C41FF714108-SegmentedRaftLogWorker was interrupted, exiting. There are 0 tasks remaining in the queue.
2019-09-24 02:31:30,926 [grpc-default-executor-2] INFO  server.GrpcLogAppender (GrpcLogAppender.java:onCompleted(293)) - 5a1cfc27-0377-45c9-882e-ae9e71586032@group-8C41FF714108->085dba92-8ce5-4f42-893e-544caee8a210-AppendLogResponseHandler: follower responses appendEntries COMPLETED
2019-09-24 02:31:30,926 [ForkJoinPool.commonPool-worker-0] INFO  segmented.SegmentedRaftLogWorker (SegmentedRaftLogWorker.java:close(228)) - 5a1cfc27-0377-45c9-882e-ae9e71586032@group-8C41FF714108-SegmentedRaftLogWorker close()
2019-09-24 02:31:30,926 [grpc-default-executor-2] INFO  impl.FollowerInfo (FollowerInfo.java:lambda$new$0(51)) - 5a1cfc27-0377-45c9-882e-ae9e71586032@group-8C41FF714108->085dba92-8ce5-4f42-893e-544caee8a210: nextIndex: updateUnconditionally 1 -> 0
2019-09-24 02:31:30,926 [ForkJoinPool.commonPool-worker-0] INFO  impl.RaftServerImpl (RaftServerImpl.java:lambda$shutdown$3(251)) - 5a1cfc27-0377-45c9-882e-ae9e71586032@group-8F7BE842E5E4: shutdown
2019-09-24 02:31:30,927 [ForkJoinPool.commonPool-worker-0] INFO  util.JmxRegister (JmxRegister.java:unregister(73)) - Successfully un-registered JMX Bean with object name Ratis:service=RaftServer,group=group-8F7BE842E5E4,id=5a1cfc27-0377-45c9-882e-ae9e71586032
2019-09-24 02:31:30,927 [ForkJoinPool.commonPool-worker-0] INFO  impl.RoleInfo (RoleInfo.java:shutdownLeaderState(104)) - 5a1cfc27-0377-45c9-882e-ae9e71586032: shutdown LeaderState
2019-09-24 02:31:30,927 [ForkJoinPool.commonPool-worker-0] INFO  impl.PendingRequests (PendingRequests.java:sendNotLeaderResponses(202)) - 5a1cfc27-0377-45c9-882e-ae9e71586032-PendingRequests: sendNotLeaderResponses
2019-09-24 02:31:30,927 [ForkJoinPool.commonPool-worker-0] INFO  impl.StateMachineUpdater (StateMachineUpdater.java:stopAndJoin(125)) - 5a1cfc27-0377-45c9-882e-ae9e71586032@group-8F7BE842E5E4-StateMachineUpdater: set stopIndex = 0
2019-09-24 02:31:30,928 [ForkJoinPool.commonPool-worker-0] INFO  impl.RaftServerImpl (ServerState.java:close(385)) - 5a1cfc27-0377-45c9-882e-ae9e71586032@group-8F7BE842E5E4: closes. applyIndex: 0
2019-09-24 02:31:30,928 [5a1cfc27-0377-45c9-882e-ae9e71586032@group-8F7BE842E5E4-SegmentedRaftLogWorker] INFO  segmented.SegmentedRaftLogWorker (SegmentedRaftLogWorker.java:run(313)) - 5a1cfc27-0377-45c9-882e-ae9e71586032@group-8F7BE842E5E4-SegmentedRaftLogWorker was interrupted, exiting. There are 0 tasks remaining in the queue.
2019-09-24 02:31:30,929 [main] INFO  ozoneimpl.OzoneContainer (OzoneContainer.java:stop(231)) - Attempting to stop container services.
2019-09-24 02:31:30,930 [main] INFO  impl.RaftServerProxy (RaftServerProxy.java:lambda$close$4(314)) - 9092e767-ed58-4058-999b-a93aea9aea3f: close
2019-09-24 02:31:30,930 [main] INFO  impl.RaftServerImpl (RaftServerImpl.java:lambda$shutdown$3(251)) - 9092e767-ed58-4058-999b-a93aea9aea3f@group-53A3DDA39B1B: shutdown
2019-09-24 02:31:30,931 [main] INFO  util.JmxRegister (JmxRegister.java:unregister(73)) - Successfully un-registered JMX Bean with object name Ratis:service=RaftServer,group=group-53A3DDA39B1B,id=9092e767-ed58-4058-999b-a93aea9aea3f
2019-09-24 02:31:30,931 [main] INFO  impl.RoleInfo (RoleInfo.java:shutdownLeaderState(104)) - 9092e767-ed58-4058-999b-a93aea9aea3f: shutdown LeaderState
2019-09-24 02:31:30,935 [org.apache.ratis.server.impl.LogAppender$AppenderDaemon$$Lambda$430/2026899056@2ca26f32] WARN  server.GrpcLogAppender (GrpcLogAppender.java:mayWait(143)) - 9092e767-ed58-4058-999b-a93aea9aea3f@group-53A3DDA39B1B->789b2ead-7118-41e6-be92-3579bc944c62-GrpcLogAppender: Wait interrupted by java.lang.InterruptedException
2019-09-24 02:31:30,935 [main] INFO  impl.PendingRequests (PendingRequests.java:sendNotLeaderResponses(202)) - 9092e767-ed58-4058-999b-a93aea9aea3f-PendingRequests: sendNotLeaderResponses
2019-09-24 02:31:30,935 [org.apache.ratis.server.impl.LogAppender$AppenderDaemon$$Lambda$430/2026899056@2e68335] WARN  server.GrpcLogAppender (GrpcLogAppender.java:mayWait(143)) - 9092e767-ed58-4058-999b-a93aea9aea3f@group-53A3DDA39B1B->0604b7ce-3702-4402-9f78-e4e71bac4ced-GrpcLogAppender: Wait interrupted by java.lang.InterruptedException
2019-09-24 02:31:30,935 [main] INFO  impl.StateMachineUpdater (StateMachineUpdater.java:stopAndJoin(125)) - 9092e767-ed58-4058-999b-a93aea9aea3f@group-53A3DDA39B1B-StateMachineUpdater: set stopIndex = 0
2019-09-24 02:31:30,936 [main] INFO  impl.RaftServerImpl (ServerState.java:close(385)) - 9092e767-ed58-4058-999b-a93aea9aea3f@group-53A3DDA39B1B: closes. applyIndex: 0
2019-09-24 02:31:30,936 [9092e767-ed58-4058-999b-a93aea9aea3f@group-53A3DDA39B1B-SegmentedRaftLogWorker] INFO  segmented.SegmentedRaftLogWorker (SegmentedRaftLogWorker.java:run(313)) - 9092e767-ed58-4058-999b-a93aea9aea3f@group-53A3DDA39B1B-SegmentedRaftLogWorker was interrupted, exiting. There are 0 tasks remaining in the queue.
2019-09-24 02:31:30,937 [main] INFO  segmented.SegmentedRaftLogWorker (SegmentedRaftLogWorker.java:close(228)) - 9092e767-ed58-4058-999b-a93aea9aea3f@group-53A3DDA39B1B-SegmentedRaftLogWorker close()
2019-09-24 02:31:30,937 [ForkJoinPool.commonPool-worker-0] INFO  segmented.SegmentedRaftLogWorker (SegmentedRaftLogWorker.java:close(228)) - 5a1cfc27-0377-45c9-882e-ae9e71586032@group-8F7BE842E5E4-SegmentedRaftLogWorker close()
2019-09-24 02:31:30,937 [main] INFO  impl.RaftServerImpl (RaftServerImpl.java:lambda$shutdown$3(251)) - 9092e767-ed58-4058-999b-a93aea9aea3f@group-56DAD4959CFE: shutdown
2019-09-24 02:31:30,938 [ForkJoinPool.commonPool-worker-0] INFO  server.GrpcService (GrpcService.java:closeImpl(164)) - 5a1cfc27-0377-45c9-882e-ae9e71586032: shutdown server with port 33792 now
2019-09-24 02:31:30,938 [main] INFO  util.JmxRegister (JmxRegister.java:unregister(73)) - Successfully un-registered JMX Bean with object name Ratis:service=RaftServer,group=group-56DAD4959CFE,id=9092e767-ed58-4058-999b-a93aea9aea3f
2019-09-24 02:31:30,939 [ForkJoinPool.commonPool-worker-0] INFO  server.GrpcService (GrpcService.java:closeImpl(172)) - 5a1cfc27-0377-45c9-882e-ae9e71586032: shutdown server with port 33792 successfully
2019-09-24 02:31:30,939 [main] INFO  impl.RoleInfo (RoleInfo.java:shutdownLeaderState(104)) - 9092e767-ed58-4058-999b-a93aea9aea3f: shutdown LeaderState
2019-09-24 02:31:30,939 [main] INFO  impl.PendingRequests (PendingRequests.java:sendNotLeaderResponses(202)) - 9092e767-ed58-4058-999b-a93aea9aea3f-PendingRequests: sendNotLeaderResponses
2019-09-24 02:31:30,940 [main] INFO  impl.StateMachineUpdater (StateMachineUpdater.java:stopAndJoin(125)) - 9092e767-ed58-4058-999b-a93aea9aea3f@group-56DAD4959CFE-StateMachineUpdater: set stopIndex = 0
2019-09-24 02:31:30,941 [main] INFO  impl.RaftServerImpl (ServerState.java:close(385)) - 9092e767-ed58-4058-999b-a93aea9aea3f@group-56DAD4959CFE: closes. applyIndex: 0
2019-09-24 02:31:30,941 [9092e767-ed58-4058-999b-a93aea9aea3f@group-56DAD4959CFE-SegmentedRaftLogWorker] INFO  segmented.SegmentedRaftLogWorker (SegmentedRaftLogWorker.java:run(313)) - 9092e767-ed58-4058-999b-a93aea9aea3f@group-56DAD4959CFE-SegmentedRaftLogWorker was interrupted, exiting. There are 0 tasks remaining in the queue.
2019-09-24 02:31:30,942 [main] INFO  segmented.SegmentedRaftLogWorker (SegmentedRaftLogWorker.java:close(228)) - 9092e767-ed58-4058-999b-a93aea9aea3f@group-56DAD4959CFE-SegmentedRaftLogWorker close()
2019-09-24 02:31:30,942 [main] INFO  server.GrpcService (GrpcService.java:closeImpl(164)) - 9092e767-ed58-4058-999b-a93aea9aea3f: shutdown server with port 40661 now
2019-09-24 02:31:30,945 [main] INFO  server.GrpcService (GrpcService.java:closeImpl(172)) - 9092e767-ed58-4058-999b-a93aea9aea3f: shutdown server with port 40661 successfully
2019-09-24 02:31:30,949 [refreshUsed-/workdir/hadoop-ozone/integration-test/target/test-dir/MiniOzoneClusterImpl-e1db9d82-1fb6-48f9-8fb7-1f77219b2ee9/datanode-9/data/containers] WARN  fs.CachingGetSpaceUsed (CachingGetSpaceUsed.java:run(183)) - Thread Interrupted waiting to refresh disk information: sleep interrupted
2019-09-24 02:31:30,949 [refreshUsed-/workdir/hadoop-ozone/integration-test/target/test-dir/MiniOzoneClusterImpl-e1db9d82-1fb6-48f9-8fb7-1f77219b2ee9/datanode-0/data/containers] WARN  fs.CachingGetSpaceUsed (CachingGetSpaceUsed.java:run(183)) - Thread Interrupted waiting to refresh disk information: sleep interrupted
2019-09-24 02:31:30,968 [main] INFO  utils.BackgroundService (BackgroundService.java:shutdown(148)) - Shutting down service BlockDeletingService
2019-09-24 02:31:30,968 [ForkJoinPool.commonPool-worker-0] INFO  utils.BackgroundService (BackgroundService.java:shutdown(148)) - Shutting down service BlockDeletingService
2019-09-24 02:31:30,973 [ForkJoinPool.commonPool-worker-0] INFO  statemachine.DatanodeStateMachine (DatanodeStateMachine.java:stopDaemon(395)) - Ozone container server stopped.
2019-09-24 02:31:30,975 [main] INFO  statemachine.DatanodeStateMachine (DatanodeStateMachine.java:stopDaemon(395)) - Ozone container server stopped.
2019-09-24 02:31:30,977 [ForkJoinPool.commonPool-worker-0] INFO  handler.ContextHandler (ContextHandler.java:doStop(910)) - Stopped o.e.j.w.WebAppContext@2dd1086{/,null,UNAVAILABLE}{/hddsDatanode}
2019-09-24 02:31:30,978 [main] INFO  handler.ContextHandler (ContextHandler.java:doStop(910)) - Stopped o.e.j.w.WebAppContext@1e6060f1{/,null,UNAVAILABLE}{/hddsDatanode}
2019-09-24 02:31:30,978 [ForkJoinPool.commonPool-worker-0] INFO  server.AbstractConnector (AbstractConnector.java:doStop(318)) - Stopped ServerConnector@6b8d54da{HTTP/1.1,[http/1.1]}{0.0.0.0:0}
2019-09-24 02:31:30,978 [main] INFO  server.AbstractConnector (AbstractConnector.java:doStop(318)) - Stopped ServerConnector@7e49ded{HTTP/1.1,[http/1.1]}{0.0.0.0:0}
2019-09-24 02:31:30,978 [ForkJoinPool.commonPool-worker-0] INFO  handler.ContextHandler (ContextHandler.java:doStop(910)) - Stopped o.e.j.s.ServletContextHandler@7a83ccd2{/static,jar:file:/home/user/.m2/repository/org/apache/hadoop/hadoop-hdds-container-service/0.5.0-SNAPSHOT/hadoop-hdds-container-service-0.5.0-SNAPSHOT.jar!/webapps/static,UNAVAILABLE}
2019-09-24 02:31:30,979 [main] INFO  handler.ContextHandler (ContextHandler.java:doStop(910)) - Stopped o.e.j.s.ServletContextHandler@7ec08115{/static,jar:file:/home/user/.m2/repository/org/apache/hadoop/hadoop-hdds-container-service/0.5.0-SNAPSHOT/hadoop-hdds-container-service-0.5.0-SNAPSHOT.jar!/webapps/static,UNAVAILABLE}
2019-09-24 02:31:30,979 [ForkJoinPool.commonPool-worker-0] INFO  handler.ContextHandler (ContextHandler.java:doStop(910)) - Stopped o.e.j.s.ServletContextHandler@39549f33{/logs,file:///workdir/hadoop-ozone/integration-test/target/log,UNAVAILABLE}
2019-09-24 02:31:30,979 [main] INFO  handler.ContextHandler (ContextHandler.java:doStop(910)) - Stopped o.e.j.s.ServletContextHandler@2c2c3947{/logs,file:///workdir/hadoop-ozone/integration-test/target/log,UNAVAILABLE}
2019-09-24 02:31:31,310 [Datanode State Machine Thread - 0] INFO  statemachine.DatanodeStateMachine (DatanodeStateMachine.java:lambda$startDaemon$0(350)) - Ozone container server started.
2019-09-24 02:31:31,725 [Datanode State Machine Thread - 0] INFO  statemachine.DatanodeStateMachine (DatanodeStateMachine.java:lambda$startDaemon$0(350)) - Ozone container server started.
2019-09-24 02:31:32,832 [Thread-6206] INFO  impl.FollowerState (FollowerState.java:run(106)) - 085dba92-8ce5-4f42-893e-544caee8a210:group-8C41FF714108 changes to CANDIDATE, lastRpcTime:2248, electionTimeout:1174ms
2019-09-24 02:31:32,832 [Thread-6206] INFO  impl.RoleInfo (RoleInfo.java:shutdownFollowerState(121)) - 085dba92-8ce5-4f42-893e-544caee8a210: shutdown FollowerState
2019-09-24 02:31:32,832 [Thread-6206] INFO  impl.RaftServerImpl (RaftServerImpl.java:setRole(174)) - 085dba92-8ce5-4f42-893e-544caee8a210@group-8C41FF714108: changes role from  FOLLOWER to CANDIDATE at term 4 for changeToCandidate
2019-09-24 02:31:32,833 [Thread-6206] INFO  impl.RoleInfo (RoleInfo.java:updateAndGet(143)) - 085dba92-8ce5-4f42-893e-544caee8a210: start LeaderElection
2019-09-24 02:31:32,833 [085dba92-8ce5-4f42-893e-544caee8a210@group-8C41FF714108:LeaderElection99] INFO  impl.RaftServerImpl (ServerState.java:setLeader(253)) - 085dba92-8ce5-4f42-893e-544caee8a210@group-8C41FF714108: change Leader from 5a1cfc27-0377-45c9-882e-ae9e71586032 to null at term 4 for initElection
2019-09-24 02:31:32,848 [085dba92-8ce5-4f42-893e-544caee8a210@group-8C41FF714108:LeaderElection99] INFO  impl.LeaderElection (LeaderElection.java:askForVotes(182)) - 085dba92-8ce5-4f42-893e-544caee8a210@group-8C41FF714108:LeaderElection99: begin an election at term 5 for 0: [5a1cfc27-0377-45c9-882e-ae9e71586032:192.168.151.121:33792, 5cc809fa-c519-491c-99df-43aed39bd77b:192.168.151.121:42564, 085dba92-8ce5-4f42-893e-544caee8a210:192.168.151.121:45199], old=null
2019-09-24 02:31:32,852 [085dba92-8ce5-4f42-893e-544caee8a210@group-8C41FF714108:LeaderElection99] INFO  impl.LeaderElection (LogUtils.java:infoOrTrace(149)) - 085dba92-8ce5-4f42-893e-544caee8a210@group-8C41FF714108:LeaderElection99 got exception when requesting votes: {}
java.util.concurrent.ExecutionException: org.apache.ratis.thirdparty.io.grpc.StatusRuntimeException: UNAVAILABLE: io exception
	at java.util.concurrent.FutureTask.report(FutureTask.java:122)
	at java.util.concurrent.FutureTask.get(FutureTask.java:192)
	at org.apache.ratis.server.impl.LeaderElection.waitForResults(LeaderElection.java:263)
	at org.apache.ratis.server.impl.LeaderElection.askForVotes(LeaderElection.java:201)
	at org.apache.ratis.server.impl.LeaderElection.run(LeaderElection.java:133)
	at java.lang.Thread.run(Thread.java:748)
Caused by: org.apache.ratis.thirdparty.io.grpc.StatusRuntimeException: UNAVAILABLE: io exception
	at org.apache.ratis.thirdparty.io.grpc.stub.ClientCalls.toStatusRuntimeException(ClientCalls.java:233)
	at org.apache.ratis.thirdparty.io.grpc.stub.ClientCalls.getUnchecked(ClientCalls.java:214)
	at org.apache.ratis.thirdparty.io.grpc.stub.ClientCalls.blockingUnaryCall(ClientCalls.java:139)
	at org.apache.ratis.proto.grpc.RaftServerProtocolServiceGrpc$RaftServerProtocolServiceBlockingStub.requestVote(RaftServerProtocolServiceGrpc.java:265)
	at org.apache.ratis.grpc.server.GrpcServerProtocolClient.requestVote(GrpcServerProtocolClient.java:90)
	at org.apache.ratis.grpc.server.GrpcService.requestVote(GrpcService.java:204)
	at org.apache.ratis.server.impl.LeaderElection.lambda$submitRequests$1(LeaderElection.java:238)
	at java.util.concurrent.FutureTask.run(FutureTask.java:266)
	at java.util.concurrent.Executors$RunnableAdapter.call(Executors.java:511)
	at java.util.concurrent.FutureTask.run(FutureTask.java:266)
	at java.util.concurrent.ThreadPoolExecutor.runWorker(ThreadPoolExecutor.java:1149)
	at java.util.concurrent.ThreadPoolExecutor$Worker.run(ThreadPoolExecutor.java:624)
	... 1 more
Caused by: org.apache.ratis.thirdparty.io.netty.channel.AbstractChannel$AnnotatedConnectException: Connection refused: /192.168.151.121:33792
	at sun.nio.ch.SocketChannelImpl.checkConnect(Native Method)
	at sun.nio.ch.SocketChannelImpl.finishConnect(SocketChannelImpl.java:717)
	at org.apache.ratis.thirdparty.io.netty.channel.socket.nio.NioSocketChannel.doFinishConnect(NioSocketChannel.java:327)
	at org.apache.ratis.thirdparty.io.netty.channel.nio.AbstractNioChannel$AbstractNioUnsafe.finishConnect(AbstractNioChannel.java:340)
	at org.apache.ratis.thirdparty.io.netty.channel.nio.NioEventLoop.processSelectedKey(NioEventLoop.java:632)
	at org.apache.ratis.thirdparty.io.netty.channel.nio.NioEventLoop.processSelectedKeysOptimized(NioEventLoop.java:579)
	at org.apache.ratis.thirdparty.io.netty.channel.nio.NioEventLoop.processSelectedKeys(NioEventLoop.java:496)
	at org.apache.ratis.thirdparty.io.netty.channel.nio.NioEventLoop.run(NioEventLoop.java:458)
	at org.apache.ratis.thirdparty.io.netty.util.concurrent.SingleThreadEventExecutor$5.run(SingleThreadEventExecutor.java:897)
	at org.apache.ratis.thirdparty.io.netty.util.concurrent.FastThreadLocalRunnable.run(FastThreadLocalRunnable.java:30)
	... 1 more
Caused by: java.net.ConnectException: Connection refused
	... 11 more
2019-09-24 02:31:32,855 [085dba92-8ce5-4f42-893e-544caee8a210@group-8C41FF714108:LeaderElection99] INFO  impl.LeaderElection (LogUtils.java:infoOrTrace(149)) - 085dba92-8ce5-4f42-893e-544caee8a210@group-8C41FF714108:LeaderElection99 got exception when requesting votes: {}
java.util.concurrent.ExecutionException: org.apache.ratis.thirdparty.io.grpc.StatusRuntimeException: UNAVAILABLE: io exception
	at java.util.concurrent.FutureTask.report(FutureTask.java:122)
	at java.util.concurrent.FutureTask.get(FutureTask.java:192)
	at org.apache.ratis.server.impl.LeaderElection.waitForResults(LeaderElection.java:263)
	at org.apache.ratis.server.impl.LeaderElection.askForVotes(LeaderElection.java:201)
	at org.apache.ratis.server.impl.LeaderElection.run(LeaderElection.java:133)
	at java.lang.Thread.run(Thread.java:748)
Caused by: org.apache.ratis.thirdparty.io.grpc.StatusRuntimeException: UNAVAILABLE: io exception
	at org.apache.ratis.thirdparty.io.grpc.stub.ClientCalls.toStatusRuntimeException(ClientCalls.java:233)
	at org.apache.ratis.thirdparty.io.grpc.stub.ClientCalls.getUnchecked(ClientCalls.java:214)
	at org.apache.ratis.thirdparty.io.grpc.stub.ClientCalls.blockingUnaryCall(ClientCalls.java:139)
	at org.apache.ratis.proto.grpc.RaftServerProtocolServiceGrpc$RaftServerProtocolServiceBlockingStub.requestVote(RaftServerProtocolServiceGrpc.java:265)
	at org.apache.ratis.grpc.server.GrpcServerProtocolClient.requestVote(GrpcServerProtocolClient.java:90)
	at org.apache.ratis.grpc.server.GrpcService.requestVote(GrpcService.java:204)
	at org.apache.ratis.server.impl.LeaderElection.lambda$submitRequests$1(LeaderElection.java:238)
	at java.util.concurrent.FutureTask.run(FutureTask.java:266)
	at java.util.concurrent.Executors$RunnableAdapter.call(Executors.java:511)
	at java.util.concurrent.FutureTask.run(FutureTask.java:266)
	at java.util.concurrent.ThreadPoolExecutor.runWorker(ThreadPoolExecutor.java:1149)
	at java.util.concurrent.ThreadPoolExecutor$Worker.run(ThreadPoolExecutor.java:624)
	... 1 more
Caused by: org.apache.ratis.thirdparty.io.netty.channel.AbstractChannel$AnnotatedConnectException: Connection refused: /192.168.151.121:42564
	at sun.nio.ch.SocketChannelImpl.checkConnect(Native Method)
	at sun.nio.ch.SocketChannelImpl.finishConnect(SocketChannelImpl.java:717)
	at org.apache.ratis.thirdparty.io.netty.channel.socket.nio.NioSocketChannel.doFinishConnect(NioSocketChannel.java:327)
	at org.apache.ratis.thirdparty.io.netty.channel.nio.AbstractNioChannel$AbstractNioUnsafe.finishConnect(AbstractNioChannel.java:340)
	at org.apache.ratis.thirdparty.io.netty.channel.nio.NioEventLoop.processSelectedKey(NioEventLoop.java:632)
	at org.apache.ratis.thirdparty.io.netty.channel.nio.NioEventLoop.processSelectedKeysOptimized(NioEventLoop.java:579)
	at org.apache.ratis.thirdparty.io.netty.channel.nio.NioEventLoop.processSelectedKeys(NioEventLoop.java:496)
	at org.apache.ratis.thirdparty.io.netty.channel.nio.NioEventLoop.run(NioEventLoop.java:458)
	at org.apache.ratis.thirdparty.io.netty.util.concurrent.SingleThreadEventExecutor$5.run(SingleThreadEventExecutor.java:897)
	at org.apache.ratis.thirdparty.io.netty.util.concurrent.FastThreadLocalRunnable.run(FastThreadLocalRunnable.java:30)
	... 1 more
Caused by: java.net.ConnectException: Connection refused
	... 11 more
2019-09-24 02:31:32,857 [085dba92-8ce5-4f42-893e-544caee8a210@group-8C41FF714108:LeaderElection99] INFO  impl.LeaderElection (LeaderElection.java:logAndReturn(56)) - 085dba92-8ce5-4f42-893e-544caee8a210@group-8C41FF714108:LeaderElection99: Election REJECTED; received 0 response(s) [] and 2 exception(s); 085dba92-8ce5-4f42-893e-544caee8a210@group-8C41FF714108:t5, leader=null, voted=085dba92-8ce5-4f42-893e-544caee8a210, raftlog=085dba92-8ce5-4f42-893e-544caee8a210@group-8C41FF714108-SegmentedRaftLog:OPENED:c0,f0,i0, conf=0: [5a1cfc27-0377-45c9-882e-ae9e71586032:192.168.151.121:33792, 5cc809fa-c519-491c-99df-43aed39bd77b:192.168.151.121:42564, 085dba92-8ce5-4f42-893e-544caee8a210:192.168.151.121:45199], old=null
2019-09-24 02:31:32,857 [085dba92-8ce5-4f42-893e-544caee8a210@group-8C41FF714108:LeaderElection99] INFO  impl.LeaderElection (LogUtils.java:infoOrTrace(149)) -   Exception 0: {}
java.util.concurrent.ExecutionException: org.apache.ratis.thirdparty.io.grpc.StatusRuntimeException: UNAVAILABLE: io exception
	at java.util.concurrent.FutureTask.report(FutureTask.java:122)
	at java.util.concurrent.FutureTask.get(FutureTask.java:192)
	at org.apache.ratis.server.impl.LeaderElection.waitForResults(LeaderElection.java:263)
	at org.apache.ratis.server.impl.LeaderElection.askForVotes(LeaderElection.java:201)
	at org.apache.ratis.server.impl.LeaderElection.run(LeaderElection.java:133)
	at java.lang.Thread.run(Thread.java:748)
Caused by: org.apache.ratis.thirdparty.io.grpc.StatusRuntimeException: UNAVAILABLE: io exception
	at org.apache.ratis.thirdparty.io.grpc.stub.ClientCalls.toStatusRuntimeException(ClientCalls.java:233)
	at org.apache.ratis.thirdparty.io.grpc.stub.ClientCalls.getUnchecked(ClientCalls.java:214)
	at org.apache.ratis.thirdparty.io.grpc.stub.ClientCalls.blockingUnaryCall(ClientCalls.java:139)
	at org.apache.ratis.proto.grpc.RaftServerProtocolServiceGrpc$RaftServerProtocolServiceBlockingStub.requestVote(RaftServerProtocolServiceGrpc.java:265)
	at org.apache.ratis.grpc.server.GrpcServerProtocolClient.requestVote(GrpcServerProtocolClient.java:90)
	at org.apache.ratis.grpc.server.GrpcService.requestVote(GrpcService.java:204)
	at org.apache.ratis.server.impl.LeaderElection.lambda$submitRequests$1(LeaderElection.java:238)
	at java.util.concurrent.FutureTask.run(FutureTask.java:266)
	at java.util.concurrent.Executors$RunnableAdapter.call(Executors.java:511)
	at java.util.concurrent.FutureTask.run(FutureTask.java:266)
	at java.util.concurrent.ThreadPoolExecutor.runWorker(ThreadPoolExecutor.java:1149)
	at java.util.concurrent.ThreadPoolExecutor$Worker.run(ThreadPoolExecutor.java:624)
	... 1 more
Caused by: org.apache.ratis.thirdparty.io.netty.channel.AbstractChannel$AnnotatedConnectException: Connection refused: /192.168.151.121:33792
	at sun.nio.ch.SocketChannelImpl.checkConnect(Native Method)
	at sun.nio.ch.SocketChannelImpl.finishConnect(SocketChannelImpl.java:717)
	at org.apache.ratis.thirdparty.io.netty.channel.socket.nio.NioSocketChannel.doFinishConnect(NioSocketChannel.java:327)
	at org.apache.ratis.thirdparty.io.netty.channel.nio.AbstractNioChannel$AbstractNioUnsafe.finishConnect(AbstractNioChannel.java:340)
	at org.apache.ratis.thirdparty.io.netty.channel.nio.NioEventLoop.processSelectedKey(NioEventLoop.java:632)
	at org.apache.ratis.thirdparty.io.netty.channel.nio.NioEventLoop.processSelectedKeysOptimized(NioEventLoop.java:579)
	at org.apache.ratis.thirdparty.io.netty.channel.nio.NioEventLoop.processSelectedKeys(NioEventLoop.java:496)
	at org.apache.ratis.thirdparty.io.netty.channel.nio.NioEventLoop.run(NioEventLoop.java:458)
	at org.apache.ratis.thirdparty.io.netty.util.concurrent.SingleThreadEventExecutor$5.run(SingleThreadEventExecutor.java:897)
	at org.apache.ratis.thirdparty.io.netty.util.concurrent.FastThreadLocalRunnable.run(FastThreadLocalRunnable.java:30)
	... 1 more
Caused by: java.net.ConnectException: Connection refused
	... 11 more
2019-09-24 02:31:32,858 [085dba92-8ce5-4f42-893e-544caee8a210@group-8C41FF714108:LeaderElection99] INFO  impl.LeaderElection (LogUtils.java:infoOrTrace(149)) -   Exception 1: {}
java.util.concurrent.ExecutionException: org.apache.ratis.thirdparty.io.grpc.StatusRuntimeException: UNAVAILABLE: io exception
	at java.util.concurrent.FutureTask.report(FutureTask.java:122)
	at java.util.concurrent.FutureTask.get(FutureTask.java:192)
	at org.apache.ratis.server.impl.LeaderElection.waitForResults(LeaderElection.java:263)
	at org.apache.ratis.server.impl.LeaderElection.askForVotes(LeaderElection.java:201)
	at org.apache.ratis.server.impl.LeaderElection.run(LeaderElection.java:133)
	at java.lang.Thread.run(Thread.java:748)
Caused by: org.apache.ratis.thirdparty.io.grpc.StatusRuntimeException: UNAVAILABLE: io exception
	at org.apache.ratis.thirdparty.io.grpc.stub.ClientCalls.toStatusRuntimeException(ClientCalls.java:233)
	at org.apache.ratis.thirdparty.io.grpc.stub.ClientCalls.getUnchecked(ClientCalls.java:214)
	at org.apache.ratis.thirdparty.io.grpc.stub.ClientCalls.blockingUnaryCall(ClientCalls.java:139)
	at org.apache.ratis.proto.grpc.RaftServerProtocolServiceGrpc$RaftServerProtocolServiceBlockingStub.requestVote(RaftServerProtocolServiceGrpc.java:265)
	at org.apache.ratis.grpc.server.GrpcServerProtocolClient.requestVote(GrpcServerProtocolClient.java:90)
	at org.apache.ratis.grpc.server.GrpcService.requestVote(GrpcService.java:204)
	at org.apache.ratis.server.impl.LeaderElection.lambda$submitRequests$1(LeaderElection.java:238)
	at java.util.concurrent.FutureTask.run(FutureTask.java:266)
	at java.util.concurrent.Executors$RunnableAdapter.call(Executors.java:511)
	at java.util.concurrent.FutureTask.run(FutureTask.java:266)
	at java.util.concurrent.ThreadPoolExecutor.runWorker(ThreadPoolExecutor.java:1149)
	at java.util.concurrent.ThreadPoolExecutor$Worker.run(ThreadPoolExecutor.java:624)
	... 1 more
Caused by: org.apache.ratis.thirdparty.io.netty.channel.AbstractChannel$AnnotatedConnectException: Connection refused: /192.168.151.121:42564
	at sun.nio.ch.SocketChannelImpl.checkConnect(Native Method)
	at sun.nio.ch.SocketChannelImpl.finishConnect(SocketChannelImpl.java:717)
	at org.apache.ratis.thirdparty.io.netty.channel.socket.nio.NioSocketChannel.doFinishConnect(NioSocketChannel.java:327)
	at org.apache.ratis.thirdparty.io.netty.channel.nio.AbstractNioChannel$AbstractNioUnsafe.finishConnect(AbstractNioChannel.java:340)
	at org.apache.ratis.thirdparty.io.netty.channel.nio.NioEventLoop.processSelectedKey(NioEventLoop.java:632)
	at org.apache.ratis.thirdparty.io.netty.channel.nio.NioEventLoop.processSelectedKeysOptimized(NioEventLoop.java:579)
	at org.apache.ratis.thirdparty.io.netty.channel.nio.NioEventLoop.processSelectedKeys(NioEventLoop.java:496)
	at org.apache.ratis.thirdparty.io.netty.channel.nio.NioEventLoop.run(NioEventLoop.java:458)
	at org.apache.ratis.thirdparty.io.netty.util.concurrent.SingleThreadEventExecutor$5.run(SingleThreadEventExecutor.java:897)
	at org.apache.ratis.thirdparty.io.netty.util.concurrent.FastThreadLocalRunnable.run(FastThreadLocalRunnable.java:30)
	... 1 more
Caused by: java.net.ConnectException: Connection refused
	... 11 more
2019-09-24 02:31:32,858 [085dba92-8ce5-4f42-893e-544caee8a210@group-8C41FF714108:LeaderElection99] INFO  impl.RaftServerImpl (RaftServerImpl.java:setRole(174)) - 085dba92-8ce5-4f42-893e-544caee8a210@group-8C41FF714108: changes role from CANDIDATE to FOLLOWER at term 5 for DISCOVERED_A_NEW_TERM
2019-09-24 02:31:32,858 [085dba92-8ce5-4f42-893e-544caee8a210@group-8C41FF714108:LeaderElection99] INFO  impl.RoleInfo (RoleInfo.java:shutdownLeaderElection(134)) - 085dba92-8ce5-4f42-893e-544caee8a210: shutdown LeaderElection
2019-09-24 02:31:32,859 [085dba92-8ce5-4f42-893e-544caee8a210@group-8C41FF714108:LeaderElection99] INFO  impl.RoleInfo (RoleInfo.java:updateAndGet(143)) - 085dba92-8ce5-4f42-893e-544caee8a210: start FollowerState
2019-09-24 02:31:33,873 [Thread-7669] INFO  impl.FollowerState (FollowerState.java:run(106)) - 085dba92-8ce5-4f42-893e-544caee8a210:group-8C41FF714108 changes to CANDIDATE, lastRpcTime:1014, electionTimeout:1014ms
2019-09-24 02:31:33,876 [Thread-7669] INFO  impl.RoleInfo (RoleInfo.java:shutdownFollowerState(121)) - 085dba92-8ce5-4f42-893e-544caee8a210: shutdown FollowerState
2019-09-24 02:31:33,876 [Thread-7669] INFO  impl.RaftServerImpl (RaftServerImpl.java:setRole(174)) - 085dba92-8ce5-4f42-893e-544caee8a210@group-8C41FF714108: changes role from  FOLLOWER to CANDIDATE at term 5 for changeToCandidate
2019-09-24 02:31:33,876 [Thread-7669] INFO  impl.RoleInfo (RoleInfo.java:updateAndGet(143)) - 085dba92-8ce5-4f42-893e-544caee8a210: start LeaderElection
2019-09-24 02:31:33,891 [085dba92-8ce5-4f42-893e-544caee8a210@group-8C41FF714108:LeaderElection100] INFO  impl.LeaderElection (LeaderElection.java:askForVotes(182)) - 085dba92-8ce5-4f42-893e-544caee8a210@group-8C41FF714108:LeaderElection100: begin an election at term 6 for 0: [5a1cfc27-0377-45c9-882e-ae9e71586032:192.168.151.121:33792, 5cc809fa-c519-491c-99df-43aed39bd77b:192.168.151.121:42564, 085dba92-8ce5-4f42-893e-544caee8a210:192.168.151.121:45199], old=null
2019-09-24 02:31:33,892 [085dba92-8ce5-4f42-893e-544caee8a210@group-8C41FF714108:LeaderElection100] INFO  impl.LeaderElection (LogUtils.java:infoOrTrace(149)) - 085dba92-8ce5-4f42-893e-544caee8a210@group-8C41FF714108:LeaderElection100 got exception when requesting votes: {}
java.util.concurrent.ExecutionException: org.apache.ratis.thirdparty.io.grpc.StatusRuntimeException: UNAVAILABLE: io exception
	at java.util.concurrent.FutureTask.report(FutureTask.java:122)
	at java.util.concurrent.FutureTask.get(FutureTask.java:192)
	at org.apache.ratis.server.impl.LeaderElection.waitForResults(LeaderElection.java:263)
	at org.apache.ratis.server.impl.LeaderElection.askForVotes(LeaderElection.java:201)
	at org.apache.ratis.server.impl.LeaderElection.run(LeaderElection.java:133)
	at java.lang.Thread.run(Thread.java:748)
Caused by: org.apache.ratis.thirdparty.io.grpc.StatusRuntimeException: UNAVAILABLE: io exception
	at org.apache.ratis.thirdparty.io.grpc.stub.ClientCalls.toStatusRuntimeException(ClientCalls.java:233)
	at org.apache.ratis.thirdparty.io.grpc.stub.ClientCalls.getUnchecked(ClientCalls.java:214)
	at org.apache.ratis.thirdparty.io.grpc.stub.ClientCalls.blockingUnaryCall(ClientCalls.java:139)
	at org.apache.ratis.proto.grpc.RaftServerProtocolServiceGrpc$RaftServerProtocolServiceBlockingStub.requestVote(RaftServerProtocolServiceGrpc.java:265)
	at org.apache.ratis.grpc.server.GrpcServerProtocolClient.requestVote(GrpcServerProtocolClient.java:90)
	at org.apache.ratis.grpc.server.GrpcService.requestVote(GrpcService.java:204)
	at org.apache.ratis.server.impl.LeaderElection.lambda$submitRequests$1(LeaderElection.java:238)
	at java.util.concurrent.FutureTask.run(FutureTask.java:266)
	at java.util.concurrent.Executors$RunnableAdapter.call(Executors.java:511)
	at java.util.concurrent.FutureTask.run(FutureTask.java:266)
	at java.util.concurrent.ThreadPoolExecutor.runWorker(ThreadPoolExecutor.java:1149)
	at java.util.concurrent.ThreadPoolExecutor$Worker.run(ThreadPoolExecutor.java:624)
	... 1 more
Caused by: org.apache.ratis.thirdparty.io.netty.channel.AbstractChannel$AnnotatedConnectException: Connection refused: /192.168.151.121:33792
	at sun.nio.ch.SocketChannelImpl.checkConnect(Native Method)
	at sun.nio.ch.SocketChannelImpl.finishConnect(SocketChannelImpl.java:717)
	at org.apache.ratis.thirdparty.io.netty.channel.socket.nio.NioSocketChannel.doFinishConnect(NioSocketChannel.java:327)
	at org.apache.ratis.thirdparty.io.netty.channel.nio.AbstractNioChannel$AbstractNioUnsafe.finishConnect(AbstractNioChannel.java:340)
	at org.apache.ratis.thirdparty.io.netty.channel.nio.NioEventLoop.processSelectedKey(NioEventLoop.java:632)
	at org.apache.ratis.thirdparty.io.netty.channel.nio.NioEventLoop.processSelectedKeysOptimized(NioEventLoop.java:579)
	at org.apache.ratis.thirdparty.io.netty.channel.nio.NioEventLoop.processSelectedKeys(NioEventLoop.java:496)
	at org.apache.ratis.thirdparty.io.netty.channel.nio.NioEventLoop.run(NioEventLoop.java:458)
	at org.apache.ratis.thirdparty.io.netty.util.concurrent.SingleThreadEventExecutor$5.run(SingleThreadEventExecutor.java:897)
	at org.apache.ratis.thirdparty.io.netty.util.concurrent.FastThreadLocalRunnable.run(FastThreadLocalRunnable.java:30)
	... 1 more
Caused by: java.net.ConnectException: Connection refused
	... 11 more
2019-09-24 02:31:33,894 [085dba92-8ce5-4f42-893e-544caee8a210@group-8C41FF714108:LeaderElection100] INFO  impl.LeaderElection (LogUtils.java:infoOrTrace(149)) - 085dba92-8ce5-4f42-893e-544caee8a210@group-8C41FF714108:LeaderElection100 got exception when requesting votes: {}
java.util.concurrent.ExecutionException: org.apache.ratis.thirdparty.io.grpc.StatusRuntimeException: UNAVAILABLE: io exception
	at java.util.concurrent.FutureTask.report(FutureTask.java:122)
	at java.util.concurrent.FutureTask.get(FutureTask.java:192)
	at org.apache.ratis.server.impl.LeaderElection.waitForResults(LeaderElection.java:263)
	at org.apache.ratis.server.impl.LeaderElection.askForVotes(LeaderElection.java:201)
	at org.apache.ratis.server.impl.LeaderElection.run(LeaderElection.java:133)
	at java.lang.Thread.run(Thread.java:748)
Caused by: org.apache.ratis.thirdparty.io.grpc.StatusRuntimeException: UNAVAILABLE: io exception
	at org.apache.ratis.thirdparty.io.grpc.stub.ClientCalls.toStatusRuntimeException(ClientCalls.java:233)
	at org.apache.ratis.thirdparty.io.grpc.stub.ClientCalls.getUnchecked(ClientCalls.java:214)
	at org.apache.ratis.thirdparty.io.grpc.stub.ClientCalls.blockingUnaryCall(ClientCalls.java:139)
	at org.apache.ratis.proto.grpc.RaftServerProtocolServiceGrpc$RaftServerProtocolServiceBlockingStub.requestVote(RaftServerProtocolServiceGrpc.java:265)
	at org.apache.ratis.grpc.server.GrpcServerProtocolClient.requestVote(GrpcServerProtocolClient.java:90)
	at org.apache.ratis.grpc.server.GrpcService.requestVote(GrpcService.java:204)
	at org.apache.ratis.server.impl.LeaderElection.lambda$submitRequests$1(LeaderElection.java:238)
	at java.util.concurrent.FutureTask.run(FutureTask.java:266)
	at java.util.concurrent.Executors$RunnableAdapter.call(Executors.java:511)
	at java.util.concurrent.FutureTask.run(FutureTask.java:266)
	at java.util.concurrent.ThreadPoolExecutor.runWorker(ThreadPoolExecutor.java:1149)
	at java.util.concurrent.ThreadPoolExecutor$Worker.run(ThreadPoolExecutor.java:624)
	... 1 more
Caused by: org.apache.ratis.thirdparty.io.netty.channel.AbstractChannel$AnnotatedConnectException: Connection refused: /192.168.151.121:42564
	at sun.nio.ch.SocketChannelImpl.checkConnect(Native Method)
	at sun.nio.ch.SocketChannelImpl.finishConnect(SocketChannelImpl.java:717)
	at org.apache.ratis.thirdparty.io.netty.channel.socket.nio.NioSocketChannel.doFinishConnect(NioSocketChannel.java:327)
	at org.apache.ratis.thirdparty.io.netty.channel.nio.AbstractNioChannel$AbstractNioUnsafe.finishConnect(AbstractNioChannel.java:340)
	at org.apache.ratis.thirdparty.io.netty.channel.nio.NioEventLoop.processSelectedKey(NioEventLoop.java:632)
	at org.apache.ratis.thirdparty.io.netty.channel.nio.NioEventLoop.processSelectedKeysOptimized(NioEventLoop.java:579)
	at org.apache.ratis.thirdparty.io.netty.channel.nio.NioEventLoop.processSelectedKeys(NioEventLoop.java:496)
	at org.apache.ratis.thirdparty.io.netty.channel.nio.NioEventLoop.run(NioEventLoop.java:458)
	at org.apache.ratis.thirdparty.io.netty.util.concurrent.SingleThreadEventExecutor$5.run(SingleThreadEventExecutor.java:897)
	at org.apache.ratis.thirdparty.io.netty.util.concurrent.FastThreadLocalRunnable.run(FastThreadLocalRunnable.java:30)
	... 1 more
Caused by: java.net.ConnectException: Connection refused
	... 11 more
2019-09-24 02:31:33,896 [085dba92-8ce5-4f42-893e-544caee8a210@group-8C41FF714108:LeaderElection100] INFO  impl.LeaderElection (LeaderElection.java:logAndReturn(56)) - 085dba92-8ce5-4f42-893e-544caee8a210@group-8C41FF714108:LeaderElection100: Election REJECTED; received 0 response(s) [] and 2 exception(s); 085dba92-8ce5-4f42-893e-544caee8a210@group-8C41FF714108:t6, leader=null, voted=085dba92-8ce5-4f42-893e-544caee8a210, raftlog=085dba92-8ce5-4f42-893e-544caee8a210@group-8C41FF714108-SegmentedRaftLog:OPENED:c0,f0,i0, conf=0: [5a1cfc27-0377-45c9-882e-ae9e71586032:192.168.151.121:33792, 5cc809fa-c519-491c-99df-43aed39bd77b:192.168.151.121:42564, 085dba92-8ce5-4f42-893e-544caee8a210:192.168.151.121:45199], old=null
2019-09-24 02:31:33,896 [085dba92-8ce5-4f42-893e-544caee8a210@group-8C41FF714108:LeaderElection100] INFO  impl.LeaderElection (LogUtils.java:infoOrTrace(149)) -   Exception 0: {}
java.util.concurrent.ExecutionException: org.apache.ratis.thirdparty.io.grpc.StatusRuntimeException: UNAVAILABLE: io exception
	at java.util.concurrent.FutureTask.report(FutureTask.java:122)
	at java.util.concurrent.FutureTask.get(FutureTask.java:192)
	at org.apache.ratis.server.impl.LeaderElection.waitForResults(LeaderElection.java:263)
	at org.apache.ratis.server.impl.LeaderElection.askForVotes(LeaderElection.java:201)
	at org.apache.ratis.server.impl.LeaderElection.run(LeaderElection.java:133)
	at java.lang.Thread.run(Thread.java:748)
Caused by: org.apache.ratis.thirdparty.io.grpc.StatusRuntimeException: UNAVAILABLE: io exception
	at org.apache.ratis.thirdparty.io.grpc.stub.ClientCalls.toStatusRuntimeException(ClientCalls.java:233)
	at org.apache.ratis.thirdparty.io.grpc.stub.ClientCalls.getUnchecked(ClientCalls.java:214)
	at org.apache.ratis.thirdparty.io.grpc.stub.ClientCalls.blockingUnaryCall(ClientCalls.java:139)
	at org.apache.ratis.proto.grpc.RaftServerProtocolServiceGrpc$RaftServerProtocolServiceBlockingStub.requestVote(RaftServerProtocolServiceGrpc.java:265)
	at org.apache.ratis.grpc.server.GrpcServerProtocolClient.requestVote(GrpcServerProtocolClient.java:90)
	at org.apache.ratis.grpc.server.GrpcService.requestVote(GrpcService.java:204)
	at org.apache.ratis.server.impl.LeaderElection.lambda$submitRequests$1(LeaderElection.java:238)
	at java.util.concurrent.FutureTask.run(FutureTask.java:266)
	at java.util.concurrent.Executors$RunnableAdapter.call(Executors.java:511)
	at java.util.concurrent.FutureTask.run(FutureTask.java:266)
	at java.util.concurrent.ThreadPoolExecutor.runWorker(ThreadPoolExecutor.java:1149)
	at java.util.concurrent.ThreadPoolExecutor$Worker.run(ThreadPoolExecutor.java:624)
	... 1 more
Caused by: org.apache.ratis.thirdparty.io.netty.channel.AbstractChannel$AnnotatedConnectException: Connection refused: /192.168.151.121:33792
	at sun.nio.ch.SocketChannelImpl.checkConnect(Native Method)
	at sun.nio.ch.SocketChannelImpl.finishConnect(SocketChannelImpl.java:717)
	at org.apache.ratis.thirdparty.io.netty.channel.socket.nio.NioSocketChannel.doFinishConnect(NioSocketChannel.java:327)
	at org.apache.ratis.thirdparty.io.netty.channel.nio.AbstractNioChannel$AbstractNioUnsafe.finishConnect(AbstractNioChannel.java:340)
	at org.apache.ratis.thirdparty.io.netty.channel.nio.NioEventLoop.processSelectedKey(NioEventLoop.java:632)
	at org.apache.ratis.thirdparty.io.netty.channel.nio.NioEventLoop.processSelectedKeysOptimized(NioEventLoop.java:579)
	at org.apache.ratis.thirdparty.io.netty.channel.nio.NioEventLoop.processSelectedKeys(NioEventLoop.java:496)
	at org.apache.ratis.thirdparty.io.netty.channel.nio.NioEventLoop.run(NioEventLoop.java:458)
	at org.apache.ratis.thirdparty.io.netty.util.concurrent.SingleThreadEventExecutor$5.run(SingleThreadEventExecutor.java:897)
	at org.apache.ratis.thirdparty.io.netty.util.concurrent.FastThreadLocalRunnable.run(FastThreadLocalRunnable.java:30)
	... 1 more
Caused by: java.net.ConnectException: Connection refused
	... 11 more
2019-09-24 02:31:33,897 [085dba92-8ce5-4f42-893e-544caee8a210@group-8C41FF714108:LeaderElection100] INFO  impl.LeaderElection (LogUtils.java:infoOrTrace(149)) -   Exception 1: {}
java.util.concurrent.ExecutionException: org.apache.ratis.thirdparty.io.grpc.StatusRuntimeException: UNAVAILABLE: io exception
	at java.util.concurrent.FutureTask.report(FutureTask.java:122)
	at java.util.concurrent.FutureTask.get(FutureTask.java:192)
	at org.apache.ratis.server.impl.LeaderElection.waitForResults(LeaderElection.java:263)
	at org.apache.ratis.server.impl.LeaderElection.askForVotes(LeaderElection.java:201)
	at org.apache.ratis.server.impl.LeaderElection.run(LeaderElection.java:133)
	at java.lang.Thread.run(Thread.java:748)
Caused by: org.apache.ratis.thirdparty.io.grpc.StatusRuntimeException: UNAVAILABLE: io exception
	at org.apache.ratis.thirdparty.io.grpc.stub.ClientCalls.toStatusRuntimeException(ClientCalls.java:233)
	at org.apache.ratis.thirdparty.io.grpc.stub.ClientCalls.getUnchecked(ClientCalls.java:214)
	at org.apache.ratis.thirdparty.io.grpc.stub.ClientCalls.blockingUnaryCall(ClientCalls.java:139)
	at org.apache.ratis.proto.grpc.RaftServerProtocolServiceGrpc$RaftServerProtocolServiceBlockingStub.requestVote(RaftServerProtocolServiceGrpc.java:265)
	at org.apache.ratis.grpc.server.GrpcServerProtocolClient.requestVote(GrpcServerProtocolClient.java:90)
	at org.apache.ratis.grpc.server.GrpcService.requestVote(GrpcService.java:204)
	at org.apache.ratis.server.impl.LeaderElection.lambda$submitRequests$1(LeaderElection.java:238)
	at java.util.concurrent.FutureTask.run(FutureTask.java:266)
	at java.util.concurrent.Executors$RunnableAdapter.call(Executors.java:511)
	at java.util.concurrent.FutureTask.run(FutureTask.java:266)
	at java.util.concurrent.ThreadPoolExecutor.runWorker(ThreadPoolExecutor.java:1149)
	at java.util.concurrent.ThreadPoolExecutor$Worker.run(ThreadPoolExecutor.java:624)
	... 1 more
Caused by: org.apache.ratis.thirdparty.io.netty.channel.AbstractChannel$AnnotatedConnectException: Connection refused: /192.168.151.121:42564
	at sun.nio.ch.SocketChannelImpl.checkConnect(Native Method)
	at sun.nio.ch.SocketChannelImpl.finishConnect(SocketChannelImpl.java:717)
	at org.apache.ratis.thirdparty.io.netty.channel.socket.nio.NioSocketChannel.doFinishConnect(NioSocketChannel.java:327)
	at org.apache.ratis.thirdparty.io.netty.channel.nio.AbstractNioChannel$AbstractNioUnsafe.finishConnect(AbstractNioChannel.java:340)
	at org.apache.ratis.thirdparty.io.netty.channel.nio.NioEventLoop.processSelectedKey(NioEventLoop.java:632)
	at org.apache.ratis.thirdparty.io.netty.channel.nio.NioEventLoop.processSelectedKeysOptimized(NioEventLoop.java:579)
	at org.apache.ratis.thirdparty.io.netty.channel.nio.NioEventLoop.processSelectedKeys(NioEventLoop.java:496)
	at org.apache.ratis.thirdparty.io.netty.channel.nio.NioEventLoop.run(NioEventLoop.java:458)
	at org.apache.ratis.thirdparty.io.netty.util.concurrent.SingleThreadEventExecutor$5.run(SingleThreadEventExecutor.java:897)
	at org.apache.ratis.thirdparty.io.netty.util.concurrent.FastThreadLocalRunnable.run(FastThreadLocalRunnable.java:30)
	... 1 more
Caused by: java.net.ConnectException: Connection refused
	... 11 more
2019-09-24 02:31:33,897 [085dba92-8ce5-4f42-893e-544caee8a210@group-8C41FF714108:LeaderElection100] INFO  impl.RaftServerImpl (RaftServerImpl.java:setRole(174)) - 085dba92-8ce5-4f42-893e-544caee8a210@group-8C41FF714108: changes role from CANDIDATE to FOLLOWER at term 6 for DISCOVERED_A_NEW_TERM
2019-09-24 02:31:33,897 [085dba92-8ce5-4f42-893e-544caee8a210@group-8C41FF714108:LeaderElection100] INFO  impl.RoleInfo (RoleInfo.java:shutdownLeaderElection(134)) - 085dba92-8ce5-4f42-893e-544caee8a210: shutdown LeaderElection
2019-09-24 02:31:33,898 [085dba92-8ce5-4f42-893e-544caee8a210@group-8C41FF714108:LeaderElection100] INFO  impl.RoleInfo (RoleInfo.java:updateAndGet(143)) - 085dba92-8ce5-4f42-893e-544caee8a210: start FollowerState
2019-09-24 02:31:34,962 [Thread-7673] INFO  impl.FollowerState (FollowerState.java:run(106)) - 085dba92-8ce5-4f42-893e-544caee8a210:group-8C41FF714108 changes to CANDIDATE, lastRpcTime:1064, electionTimeout:1064ms
2019-09-24 02:31:34,965 [Thread-7673] INFO  impl.RoleInfo (RoleInfo.java:shutdownFollowerState(121)) - 085dba92-8ce5-4f42-893e-544caee8a210: shutdown FollowerState
2019-09-24 02:31:34,965 [Thread-7673] INFO  impl.RaftServerImpl (RaftServerImpl.java:setRole(174)) - 085dba92-8ce5-4f42-893e-544caee8a210@group-8C41FF714108: changes role from  FOLLOWER to CANDIDATE at term 6 for changeToCandidate
2019-09-24 02:31:34,965 [Thread-7673] INFO  impl.RoleInfo (RoleInfo.java:updateAndGet(143)) - 085dba92-8ce5-4f42-893e-544caee8a210: start LeaderElection
2019-09-24 02:31:34,979 [085dba92-8ce5-4f42-893e-544caee8a210@group-8C41FF714108:LeaderElection101] INFO  impl.LeaderElection (LeaderElection.java:askForVotes(182)) - 085dba92-8ce5-4f42-893e-544caee8a210@group-8C41FF714108:LeaderElection101: begin an election at term 7 for 0: [5a1cfc27-0377-45c9-882e-ae9e71586032:192.168.151.121:33792, 5cc809fa-c519-491c-99df-43aed39bd77b:192.168.151.121:42564, 085dba92-8ce5-4f42-893e-544caee8a210:192.168.151.121:45199], old=null
2019-09-24 02:31:34,980 [085dba92-8ce5-4f42-893e-544caee8a210@group-8C41FF714108:LeaderElection101] INFO  impl.LeaderElection (LogUtils.java:infoOrTrace(149)) - 085dba92-8ce5-4f42-893e-544caee8a210@group-8C41FF714108:LeaderElection101 got exception when requesting votes: {}
java.util.concurrent.ExecutionException: org.apache.ratis.thirdparty.io.grpc.StatusRuntimeException: UNAVAILABLE: io exception
	at java.util.concurrent.FutureTask.report(FutureTask.java:122)
	at java.util.concurrent.FutureTask.get(FutureTask.java:192)
	at org.apache.ratis.server.impl.LeaderElection.waitForResults(LeaderElection.java:263)
	at org.apache.ratis.server.impl.LeaderElection.askForVotes(LeaderElection.java:201)
	at org.apache.ratis.server.impl.LeaderElection.run(LeaderElection.java:133)
	at java.lang.Thread.run(Thread.java:748)
Caused by: org.apache.ratis.thirdparty.io.grpc.StatusRuntimeException: UNAVAILABLE: io exception
	at org.apache.ratis.thirdparty.io.grpc.stub.ClientCalls.toStatusRuntimeException(ClientCalls.java:233)
	at org.apache.ratis.thirdparty.io.grpc.stub.ClientCalls.getUnchecked(ClientCalls.java:214)
	at org.apache.ratis.thirdparty.io.grpc.stub.ClientCalls.blockingUnaryCall(ClientCalls.java:139)
	at org.apache.ratis.proto.grpc.RaftServerProtocolServiceGrpc$RaftServerProtocolServiceBlockingStub.requestVote(RaftServerProtocolServiceGrpc.java:265)
	at org.apache.ratis.grpc.server.GrpcServerProtocolClient.requestVote(GrpcServerProtocolClient.java:90)
	at org.apache.ratis.grpc.server.GrpcService.requestVote(GrpcService.java:204)
	at org.apache.ratis.server.impl.LeaderElection.lambda$submitRequests$1(LeaderElection.java:238)
	at java.util.concurrent.FutureTask.run(FutureTask.java:266)
	at java.util.concurrent.Executors$RunnableAdapter.call(Executors.java:511)
	at java.util.concurrent.FutureTask.run(FutureTask.java:266)
	at java.util.concurrent.ThreadPoolExecutor.runWorker(ThreadPoolExecutor.java:1149)
	at java.util.concurrent.ThreadPoolExecutor$Worker.run(ThreadPoolExecutor.java:624)
	... 1 more
Caused by: org.apache.ratis.thirdparty.io.netty.channel.AbstractChannel$AnnotatedConnectException: Connection refused: /192.168.151.121:33792
	at sun.nio.ch.SocketChannelImpl.checkConnect(Native Method)
	at sun.nio.ch.SocketChannelImpl.finishConnect(SocketChannelImpl.java:717)
	at org.apache.ratis.thirdparty.io.netty.channel.socket.nio.NioSocketChannel.doFinishConnect(NioSocketChannel.java:327)
	at org.apache.ratis.thirdparty.io.netty.channel.nio.AbstractNioChannel$AbstractNioUnsafe.finishConnect(AbstractNioChannel.java:340)
	at org.apache.ratis.thirdparty.io.netty.channel.nio.NioEventLoop.processSelectedKey(NioEventLoop.java:632)
	at org.apache.ratis.thirdparty.io.netty.channel.nio.NioEventLoop.processSelectedKeysOptimized(NioEventLoop.java:579)
	at org.apache.ratis.thirdparty.io.netty.channel.nio.NioEventLoop.processSelectedKeys(NioEventLoop.java:496)
	at org.apache.ratis.thirdparty.io.netty.channel.nio.NioEventLoop.run(NioEventLoop.java:458)
	at org.apache.ratis.thirdparty.io.netty.util.concurrent.SingleThreadEventExecutor$5.run(SingleThreadEventExecutor.java:897)
	at org.apache.ratis.thirdparty.io.netty.util.concurrent.FastThreadLocalRunnable.run(FastThreadLocalRunnable.java:30)
	... 1 more
Caused by: java.net.ConnectException: Connection refused
	... 11 more
2019-09-24 02:31:34,982 [085dba92-8ce5-4f42-893e-544caee8a210@group-8C41FF714108:LeaderElection101] INFO  impl.LeaderElection (LogUtils.java:infoOrTrace(149)) - 085dba92-8ce5-4f42-893e-544caee8a210@group-8C41FF714108:LeaderElection101 got exception when requesting votes: {}
java.util.concurrent.ExecutionException: org.apache.ratis.thirdparty.io.grpc.StatusRuntimeException: UNAVAILABLE: io exception
	at java.util.concurrent.FutureTask.report(FutureTask.java:122)
	at java.util.concurrent.FutureTask.get(FutureTask.java:192)
	at org.apache.ratis.server.impl.LeaderElection.waitForResults(LeaderElection.java:263)
	at org.apache.ratis.server.impl.LeaderElection.askForVotes(LeaderElection.java:201)
	at org.apache.ratis.server.impl.LeaderElection.run(LeaderElection.java:133)
	at java.lang.Thread.run(Thread.java:748)
Caused by: org.apache.ratis.thirdparty.io.grpc.StatusRuntimeException: UNAVAILABLE: io exception
	at org.apache.ratis.thirdparty.io.grpc.stub.ClientCalls.toStatusRuntimeException(ClientCalls.java:233)
	at org.apache.ratis.thirdparty.io.grpc.stub.ClientCalls.getUnchecked(ClientCalls.java:214)
	at org.apache.ratis.thirdparty.io.grpc.stub.ClientCalls.blockingUnaryCall(ClientCalls.java:139)
	at org.apache.ratis.proto.grpc.RaftServerProtocolServiceGrpc$RaftServerProtocolServiceBlockingStub.requestVote(RaftServerProtocolServiceGrpc.java:265)
	at org.apache.ratis.grpc.server.GrpcServerProtocolClient.requestVote(GrpcServerProtocolClient.java:90)
	at org.apache.ratis.grpc.server.GrpcService.requestVote(GrpcService.java:204)
	at org.apache.ratis.server.impl.LeaderElection.lambda$submitRequests$1(LeaderElection.java:238)
	at java.util.concurrent.FutureTask.run(FutureTask.java:266)
	at java.util.concurrent.Executors$RunnableAdapter.call(Executors.java:511)
	at java.util.concurrent.FutureTask.run(FutureTask.java:266)
	at java.util.concurrent.ThreadPoolExecutor.runWorker(ThreadPoolExecutor.java:1149)
	at java.util.concurrent.ThreadPoolExecutor$Worker.run(ThreadPoolExecutor.java:624)
	... 1 more
Caused by: org.apache.ratis.thirdparty.io.netty.channel.AbstractChannel$AnnotatedConnectException: Connection refused: /192.168.151.121:42564
	at sun.nio.ch.SocketChannelImpl.checkConnect(Native Method)
	at sun.nio.ch.SocketChannelImpl.finishConnect(SocketChannelImpl.java:717)
	at org.apache.ratis.thirdparty.io.netty.channel.socket.nio.NioSocketChannel.doFinishConnect(NioSocketChannel.java:327)
	at org.apache.ratis.thirdparty.io.netty.channel.nio.AbstractNioChannel$AbstractNioUnsafe.finishConnect(AbstractNioChannel.java:340)
	at org.apache.ratis.thirdparty.io.netty.channel.nio.NioEventLoop.processSelectedKey(NioEventLoop.java:632)
	at org.apache.ratis.thirdparty.io.netty.channel.nio.NioEventLoop.processSelectedKeysOptimized(NioEventLoop.java:579)
	at org.apache.ratis.thirdparty.io.netty.channel.nio.NioEventLoop.processSelectedKeys(NioEventLoop.java:496)
	at org.apache.ratis.thirdparty.io.netty.channel.nio.NioEventLoop.run(NioEventLoop.java:458)
	at org.apache.ratis.thirdparty.io.netty.util.concurrent.SingleThreadEventExecutor$5.run(SingleThreadEventExecutor.java:897)
	at org.apache.ratis.thirdparty.io.netty.util.concurrent.FastThreadLocalRunnable.run(FastThreadLocalRunnable.java:30)
	... 1 more
Caused by: java.net.ConnectException: Connection refused
	... 11 more
2019-09-24 02:31:34,984 [085dba92-8ce5-4f42-893e-544caee8a210@group-8C41FF714108:LeaderElection101] INFO  impl.LeaderElection (LeaderElection.java:logAndReturn(56)) - 085dba92-8ce5-4f42-893e-544caee8a210@group-8C41FF714108:LeaderElection101: Election REJECTED; received 0 response(s) [] and 2 exception(s); 085dba92-8ce5-4f42-893e-544caee8a210@group-8C41FF714108:t7, leader=null, voted=085dba92-8ce5-4f42-893e-544caee8a210, raftlog=085dba92-8ce5-4f42-893e-544caee8a210@group-8C41FF714108-SegmentedRaftLog:OPENED:c0,f0,i0, conf=0: [5a1cfc27-0377-45c9-882e-ae9e71586032:192.168.151.121:33792, 5cc809fa-c519-491c-99df-43aed39bd77b:192.168.151.121:42564, 085dba92-8ce5-4f42-893e-544caee8a210:192.168.151.121:45199], old=null
2019-09-24 02:31:34,984 [085dba92-8ce5-4f42-893e-544caee8a210@group-8C41FF714108:LeaderElection101] INFO  impl.LeaderElection (LogUtils.java:infoOrTrace(149)) -   Exception 0: {}
java.util.concurrent.ExecutionException: org.apache.ratis.thirdparty.io.grpc.StatusRuntimeException: UNAVAILABLE: io exception
	at java.util.concurrent.FutureTask.report(FutureTask.java:122)
	at java.util.concurrent.FutureTask.get(FutureTask.java:192)
	at org.apache.ratis.server.impl.LeaderElection.waitForResults(LeaderElection.java:263)
	at org.apache.ratis.server.impl.LeaderElection.askForVotes(LeaderElection.java:201)
	at org.apache.ratis.server.impl.LeaderElection.run(LeaderElection.java:133)
	at java.lang.Thread.run(Thread.java:748)
Caused by: org.apache.ratis.thirdparty.io.grpc.StatusRuntimeException: UNAVAILABLE: io exception
	at org.apache.ratis.thirdparty.io.grpc.stub.ClientCalls.toStatusRuntimeException(ClientCalls.java:233)
	at org.apache.ratis.thirdparty.io.grpc.stub.ClientCalls.getUnchecked(ClientCalls.java:214)
	at org.apache.ratis.thirdparty.io.grpc.stub.ClientCalls.blockingUnaryCall(ClientCalls.java:139)
	at org.apache.ratis.proto.grpc.RaftServerProtocolServiceGrpc$RaftServerProtocolServiceBlockingStub.requestVote(RaftServerProtocolServiceGrpc.java:265)
	at org.apache.ratis.grpc.server.GrpcServerProtocolClient.requestVote(GrpcServerProtocolClient.java:90)
	at org.apache.ratis.grpc.server.GrpcService.requestVote(GrpcService.java:204)
	at org.apache.ratis.server.impl.LeaderElection.lambda$submitRequests$1(LeaderElection.java:238)
	at java.util.concurrent.FutureTask.run(FutureTask.java:266)
	at java.util.concurrent.Executors$RunnableAdapter.call(Executors.java:511)
	at java.util.concurrent.FutureTask.run(FutureTask.java:266)
	at java.util.concurrent.ThreadPoolExecutor.runWorker(ThreadPoolExecutor.java:1149)
	at java.util.concurrent.ThreadPoolExecutor$Worker.run(ThreadPoolExecutor.java:624)
	... 1 more
Caused by: org.apache.ratis.thirdparty.io.netty.channel.AbstractChannel$AnnotatedConnectException: Connection refused: /192.168.151.121:33792
	at sun.nio.ch.SocketChannelImpl.checkConnect(Native Method)
	at sun.nio.ch.SocketChannelImpl.finishConnect(SocketChannelImpl.java:717)
	at org.apache.ratis.thirdparty.io.netty.channel.socket.nio.NioSocketChannel.doFinishConnect(NioSocketChannel.java:327)
	at org.apache.ratis.thirdparty.io.netty.channel.nio.AbstractNioChannel$AbstractNioUnsafe.finishConnect(AbstractNioChannel.java:340)
	at org.apache.ratis.thirdparty.io.netty.channel.nio.NioEventLoop.processSelectedKey(NioEventLoop.java:632)
	at org.apache.ratis.thirdparty.io.netty.channel.nio.NioEventLoop.processSelectedKeysOptimized(NioEventLoop.java:579)
	at org.apache.ratis.thirdparty.io.netty.channel.nio.NioEventLoop.processSelectedKeys(NioEventLoop.java:496)
	at org.apache.ratis.thirdparty.io.netty.channel.nio.NioEventLoop.run(NioEventLoop.java:458)
	at org.apache.ratis.thirdparty.io.netty.util.concurrent.SingleThreadEventExecutor$5.run(SingleThreadEventExecutor.java:897)
	at org.apache.ratis.thirdparty.io.netty.util.concurrent.FastThreadLocalRunnable.run(FastThreadLocalRunnable.java:30)
	... 1 more
Caused by: java.net.ConnectException: Connection refused
	... 11 more
2019-09-24 02:31:34,985 [085dba92-8ce5-4f42-893e-544caee8a210@group-8C41FF714108:LeaderElection101] INFO  impl.LeaderElection (LogUtils.java:infoOrTrace(149)) -   Exception 1: {}
java.util.concurrent.ExecutionException: org.apache.ratis.thirdparty.io.grpc.StatusRuntimeException: UNAVAILABLE: io exception
	at java.util.concurrent.FutureTask.report(FutureTask.java:122)
	at java.util.concurrent.FutureTask.get(FutureTask.java:192)
	at org.apache.ratis.server.impl.LeaderElection.waitForResults(LeaderElection.java:263)
	at org.apache.ratis.server.impl.LeaderElection.askForVotes(LeaderElection.java:201)
	at org.apache.ratis.server.impl.LeaderElection.run(LeaderElection.java:133)
	at java.lang.Thread.run(Thread.java:748)
Caused by: org.apache.ratis.thirdparty.io.grpc.StatusRuntimeException: UNAVAILABLE: io exception
	at org.apache.ratis.thirdparty.io.grpc.stub.ClientCalls.toStatusRuntimeException(ClientCalls.java:233)
	at org.apache.ratis.thirdparty.io.grpc.stub.ClientCalls.getUnchecked(ClientCalls.java:214)
	at org.apache.ratis.thirdparty.io.grpc.stub.ClientCalls.blockingUnaryCall(ClientCalls.java:139)
	at org.apache.ratis.proto.grpc.RaftServerProtocolServiceGrpc$RaftServerProtocolServiceBlockingStub.requestVote(RaftServerProtocolServiceGrpc.java:265)
	at org.apache.ratis.grpc.server.GrpcServerProtocolClient.requestVote(GrpcServerProtocolClient.java:90)
	at org.apache.ratis.grpc.server.GrpcService.requestVote(GrpcService.java:204)
	at org.apache.ratis.server.impl.LeaderElection.lambda$submitRequests$1(LeaderElection.java:238)
	at java.util.concurrent.FutureTask.run(FutureTask.java:266)
	at java.util.concurrent.Executors$RunnableAdapter.call(Executors.java:511)
	at java.util.concurrent.FutureTask.run(FutureTask.java:266)
	at java.util.concurrent.ThreadPoolExecutor.runWorker(ThreadPoolExecutor.java:1149)
	at java.util.concurrent.ThreadPoolExecutor$Worker.run(ThreadPoolExecutor.java:624)
	... 1 more
Caused by: org.apache.ratis.thirdparty.io.netty.channel.AbstractChannel$AnnotatedConnectException: Connection refused: /192.168.151.121:42564
	at sun.nio.ch.SocketChannelImpl.checkConnect(Native Method)
	at sun.nio.ch.SocketChannelImpl.finishConnect(SocketChannelImpl.java:717)
	at org.apache.ratis.thirdparty.io.netty.channel.socket.nio.NioSocketChannel.doFinishConnect(NioSocketChannel.java:327)
	at org.apache.ratis.thirdparty.io.netty.channel.nio.AbstractNioChannel$AbstractNioUnsafe.finishConnect(AbstractNioChannel.java:340)
	at org.apache.ratis.thirdparty.io.netty.channel.nio.NioEventLoop.processSelectedKey(NioEventLoop.java:632)
	at org.apache.ratis.thirdparty.io.netty.channel.nio.NioEventLoop.processSelectedKeysOptimized(NioEventLoop.java:579)
	at org.apache.ratis.thirdparty.io.netty.channel.nio.NioEventLoop.processSelectedKeys(NioEventLoop.java:496)
	at org.apache.ratis.thirdparty.io.netty.channel.nio.NioEventLoop.run(NioEventLoop.java:458)
	at org.apache.ratis.thirdparty.io.netty.util.concurrent.SingleThreadEventExecutor$5.run(SingleThreadEventExecutor.java:897)
	at org.apache.ratis.thirdparty.io.netty.util.concurrent.FastThreadLocalRunnable.run(FastThreadLocalRunnable.java:30)
	... 1 more
Caused by: java.net.ConnectException: Connection refused
	... 11 more
2019-09-24 02:31:34,986 [085dba92-8ce5-4f42-893e-544caee8a210@group-8C41FF714108:LeaderElection101] INFO  impl.RaftServerImpl (RaftServerImpl.java:setRole(174)) - 085dba92-8ce5-4f42-893e-544caee8a210@group-8C41FF714108: changes role from CANDIDATE to FOLLOWER at term 7 for DISCOVERED_A_NEW_TERM
2019-09-24 02:31:34,986 [085dba92-8ce5-4f42-893e-544caee8a210@group-8C41FF714108:LeaderElection101] INFO  impl.RoleInfo (RoleInfo.java:shutdownLeaderElection(134)) - 085dba92-8ce5-4f42-893e-544caee8a210: shutdown LeaderElection
2019-09-24 02:31:34,986 [085dba92-8ce5-4f42-893e-544caee8a210@group-8C41FF714108:LeaderElection101] INFO  impl.RoleInfo (RoleInfo.java:updateAndGet(143)) - 085dba92-8ce5-4f42-893e-544caee8a210: start FollowerState
2019-09-24 02:31:35,981 [ForkJoinPool.commonPool-worker-0] INFO  ozoneimpl.OzoneContainer (OzoneContainer.java:stop(231)) - Attempting to stop container services.
2019-09-24 02:31:35,985 [main] INFO  ozoneimpl.OzoneContainer (OzoneContainer.java:stop(231)) - Attempting to stop container services.
2019-09-24 02:31:35,985 [ForkJoinPool.commonPool-worker-0] INFO  impl.RaftServerProxy (RaftServerProxy.java:lambda$close$4(314)) - 085dba92-8ce5-4f42-893e-544caee8a210: close
2019-09-24 02:31:35,986 [main] INFO  impl.RaftServerProxy (RaftServerProxy.java:lambda$close$4(314)) - 56d7dd02-5e2f-4ce9-bc16-c2a7d153f33e: close
2019-09-24 02:31:35,986 [ForkJoinPool.commonPool-worker-0] INFO  impl.RaftServerImpl (RaftServerImpl.java:lambda$shutdown$3(251)) - 085dba92-8ce5-4f42-893e-544caee8a210@group-8C41FF714108: shutdown
2019-09-24 02:31:35,986 [main] INFO  impl.RaftServerImpl (RaftServerImpl.java:lambda$shutdown$3(251)) - 56d7dd02-5e2f-4ce9-bc16-c2a7d153f33e@group-D04957732636: shutdown
2019-09-24 02:31:35,987 [ForkJoinPool.commonPool-worker-0] INFO  util.JmxRegister (JmxRegister.java:unregister(73)) - Successfully un-registered JMX Bean with object name Ratis:service=RaftServer,group=group-8C41FF714108,id=085dba92-8ce5-4f42-893e-544caee8a210
2019-09-24 02:31:35,987 [main] INFO  util.JmxRegister (JmxRegister.java:unregister(73)) - Successfully un-registered JMX Bean with object name Ratis:service=RaftServer,group=group-D04957732636,id=56d7dd02-5e2f-4ce9-bc16-c2a7d153f33e
2019-09-24 02:31:35,987 [ForkJoinPool.commonPool-worker-0] INFO  impl.RoleInfo (RoleInfo.java:shutdownFollowerState(121)) - 085dba92-8ce5-4f42-893e-544caee8a210: shutdown FollowerState
2019-09-24 02:31:35,988 [main] INFO  impl.RoleInfo (RoleInfo.java:shutdownLeaderState(104)) - 56d7dd02-5e2f-4ce9-bc16-c2a7d153f33e: shutdown LeaderState
2019-09-24 02:31:35,988 [Thread-7677] INFO  impl.FollowerState (FollowerState.java:run(115)) - 085dba92-8ce5-4f42-893e-544caee8a210: FollowerState was interrupted: java.lang.InterruptedException: sleep interrupted
2019-09-24 02:31:35,988 [ForkJoinPool.commonPool-worker-0] INFO  impl.StateMachineUpdater (StateMachineUpdater.java:stopAndJoin(125)) - 085dba92-8ce5-4f42-893e-544caee8a210@group-8C41FF714108-StateMachineUpdater: set stopIndex = 0
2019-09-24 02:31:35,989 [main] INFO  impl.PendingRequests (PendingRequests.java:sendNotLeaderResponses(202)) - 56d7dd02-5e2f-4ce9-bc16-c2a7d153f33e-PendingRequests: sendNotLeaderResponses
2019-09-24 02:31:35,989 [ForkJoinPool.commonPool-worker-0] INFO  impl.RaftServerImpl (ServerState.java:close(385)) - 085dba92-8ce5-4f42-893e-544caee8a210@group-8C41FF714108: closes. applyIndex: 0
2019-09-24 02:31:35,990 [main] INFO  impl.StateMachineUpdater (StateMachineUpdater.java:stopAndJoin(125)) - 56d7dd02-5e2f-4ce9-bc16-c2a7d153f33e@group-D04957732636-StateMachineUpdater: set stopIndex = 0
2019-09-24 02:31:35,990 [085dba92-8ce5-4f42-893e-544caee8a210@group-8C41FF714108-SegmentedRaftLogWorker] INFO  segmented.SegmentedRaftLogWorker (SegmentedRaftLogWorker.java:run(313)) - 085dba92-8ce5-4f42-893e-544caee8a210@group-8C41FF714108-SegmentedRaftLogWorker was interrupted, exiting. There are 0 tasks remaining in the queue.
2019-09-24 02:31:35,991 [main] INFO  impl.RaftServerImpl (ServerState.java:close(385)) - 56d7dd02-5e2f-4ce9-bc16-c2a7d153f33e@group-D04957732636: closes. applyIndex: 0
2019-09-24 02:31:35,991 [ForkJoinPool.commonPool-worker-0] INFO  segmented.SegmentedRaftLogWorker (SegmentedRaftLogWorker.java:close(228)) - 085dba92-8ce5-4f42-893e-544caee8a210@group-8C41FF714108-SegmentedRaftLogWorker close()
2019-09-24 02:31:35,992 [56d7dd02-5e2f-4ce9-bc16-c2a7d153f33e@group-D04957732636-SegmentedRaftLogWorker] INFO  segmented.SegmentedRaftLogWorker (SegmentedRaftLogWorker.java:run(313)) - 56d7dd02-5e2f-4ce9-bc16-c2a7d153f33e@group-D04957732636-SegmentedRaftLogWorker was interrupted, exiting. There are 0 tasks remaining in the queue.
2019-09-24 02:31:35,992 [ForkJoinPool.commonPool-worker-0] INFO  impl.RaftServerImpl (RaftServerImpl.java:lambda$shutdown$3(251)) - 085dba92-8ce5-4f42-893e-544caee8a210@group-2C8CC4AC55AE: shutdown
2019-09-24 02:31:35,992 [main] INFO  segmented.SegmentedRaftLogWorker (SegmentedRaftLogWorker.java:close(228)) - 56d7dd02-5e2f-4ce9-bc16-c2a7d153f33e@group-D04957732636-SegmentedRaftLogWorker close()
2019-09-24 02:31:35,992 [ForkJoinPool.commonPool-worker-0] INFO  util.JmxRegister (JmxRegister.java:unregister(73)) - Successfully un-registered JMX Bean with object name Ratis:service=RaftServer,group=group-2C8CC4AC55AE,id=085dba92-8ce5-4f42-893e-544caee8a210
2019-09-24 02:31:35,993 [main] INFO  server.GrpcService (GrpcService.java:closeImpl(164)) - 56d7dd02-5e2f-4ce9-bc16-c2a7d153f33e: shutdown server with port 34190 now
2019-09-24 02:31:35,993 [ForkJoinPool.commonPool-worker-0] INFO  impl.RoleInfo (RoleInfo.java:shutdownLeaderState(104)) - 085dba92-8ce5-4f42-893e-544caee8a210: shutdown LeaderState
2019-09-24 02:31:35,997 [ForkJoinPool.commonPool-worker-0] INFO  impl.PendingRequests (PendingRequests.java:sendNotLeaderResponses(202)) - 085dba92-8ce5-4f42-893e-544caee8a210-PendingRequests: sendNotLeaderResponses
2019-09-24 02:31:35,997 [main] INFO  server.GrpcService (GrpcService.java:closeImpl(172)) - 56d7dd02-5e2f-4ce9-bc16-c2a7d153f33e: shutdown server with port 34190 successfully
2019-09-24 02:31:35,997 [ForkJoinPool.commonPool-worker-0] INFO  impl.StateMachineUpdater (StateMachineUpdater.java:stopAndJoin(125)) - 085dba92-8ce5-4f42-893e-544caee8a210@group-2C8CC4AC55AE-StateMachineUpdater: set stopIndex = 0
2019-09-24 02:31:35,998 [ForkJoinPool.commonPool-worker-0] INFO  impl.RaftServerImpl (ServerState.java:close(385)) - 085dba92-8ce5-4f42-893e-544caee8a210@group-2C8CC4AC55AE: closes. applyIndex: 0
2019-09-24 02:31:35,999 [085dba92-8ce5-4f42-893e-544caee8a210@group-2C8CC4AC55AE-SegmentedRaftLogWorker] INFO  segmented.SegmentedRaftLogWorker (SegmentedRaftLogWorker.java:run(313)) - 085dba92-8ce5-4f42-893e-544caee8a210@group-2C8CC4AC55AE-SegmentedRaftLogWorker was interrupted, exiting. There are 0 tasks remaining in the queue.
2019-09-24 02:31:35,999 [ForkJoinPool.commonPool-worker-0] INFO  segmented.SegmentedRaftLogWorker (SegmentedRaftLogWorker.java:close(228)) - 085dba92-8ce5-4f42-893e-544caee8a210@group-2C8CC4AC55AE-SegmentedRaftLogWorker close()
2019-09-24 02:31:35,999 [ForkJoinPool.commonPool-worker-0] INFO  server.GrpcService (GrpcService.java:closeImpl(164)) - 085dba92-8ce5-4f42-893e-544caee8a210: shutdown server with port 45199 now
2019-09-24 02:31:36,000 [ForkJoinPool.commonPool-worker-0] INFO  server.GrpcService (GrpcService.java:closeImpl(172)) - 085dba92-8ce5-4f42-893e-544caee8a210: shutdown server with port 45199 successfully
2019-09-24 02:31:36,001 [refreshUsed-/workdir/hadoop-ozone/integration-test/target/test-dir/MiniOzoneClusterImpl-e1db9d82-1fb6-48f9-8fb7-1f77219b2ee9/datanode-7/data/containers] WARN  fs.CachingGetSpaceUsed (CachingGetSpaceUsed.java:run(183)) - Thread Interrupted waiting to refresh disk information: sleep interrupted
2019-09-24 02:31:36,011 [refreshUsed-/workdir/hadoop-ozone/integration-test/target/test-dir/MiniOzoneClusterImpl-e1db9d82-1fb6-48f9-8fb7-1f77219b2ee9/datanode-1/data/containers] WARN  fs.CachingGetSpaceUsed (CachingGetSpaceUsed.java:run(183)) - Thread Interrupted waiting to refresh disk information: sleep interrupted
2019-09-24 02:31:36,024 [main] INFO  utils.BackgroundService (BackgroundService.java:shutdown(148)) - Shutting down service BlockDeletingService
2019-09-24 02:31:36,033 [main] INFO  statemachine.DatanodeStateMachine (DatanodeStateMachine.java:stopDaemon(395)) - Ozone container server stopped.
2019-09-24 02:31:36,035 [main] INFO  handler.ContextHandler (ContextHandler.java:doStop(910)) - Stopped o.e.j.w.WebAppContext@5ec88f9e{/,null,UNAVAILABLE}{/hddsDatanode}
2019-09-24 02:31:36,035 [ForkJoinPool.commonPool-worker-0] INFO  utils.BackgroundService (BackgroundService.java:shutdown(148)) - Shutting down service BlockDeletingService
2019-09-24 02:31:36,036 [main] INFO  server.AbstractConnector (AbstractConnector.java:doStop(318)) - Stopped ServerConnector@7a04f730{HTTP/1.1,[http/1.1]}{0.0.0.0:0}
2019-09-24 02:31:36,042 [ForkJoinPool.commonPool-worker-0] INFO  statemachine.DatanodeStateMachine (DatanodeStateMachine.java:stopDaemon(395)) - Ozone container server stopped.
2019-09-24 02:31:36,042 [main] INFO  handler.ContextHandler (ContextHandler.java:doStop(910)) - Stopped o.e.j.s.ServletContextHandler@7e5efcab{/static,jar:file:/home/user/.m2/repository/org/apache/hadoop/hadoop-hdds-container-service/0.5.0-SNAPSHOT/hadoop-hdds-container-service-0.5.0-SNAPSHOT.jar!/webapps/static,UNAVAILABLE}
2019-09-24 02:31:36,046 [main] INFO  handler.ContextHandler (ContextHandler.java:doStop(910)) - Stopped o.e.j.s.ServletContextHandler@250d440{/logs,file:///workdir/hadoop-ozone/integration-test/target/log,UNAVAILABLE}
2019-09-24 02:31:36,049 [ForkJoinPool.commonPool-worker-0] INFO  handler.ContextHandler (ContextHandler.java:doStop(910)) - Stopped o.e.j.w.WebAppContext@6e1ae763{/,null,UNAVAILABLE}{/hddsDatanode}
2019-09-24 02:31:36,050 [ForkJoinPool.commonPool-worker-0] INFO  server.AbstractConnector (AbstractConnector.java:doStop(318)) - Stopped ServerConnector@62d40e31{HTTP/1.1,[http/1.1]}{0.0.0.0:0}
2019-09-24 02:31:36,050 [ForkJoinPool.commonPool-worker-0] INFO  handler.ContextHandler (ContextHandler.java:doStop(910)) - Stopped o.e.j.s.ServletContextHandler@7f977fba{/static,jar:file:/home/user/.m2/repository/org/apache/hadoop/hadoop-hdds-container-service/0.5.0-SNAPSHOT/hadoop-hdds-container-service-0.5.0-SNAPSHOT.jar!/webapps/static,UNAVAILABLE}
2019-09-24 02:31:36,051 [ForkJoinPool.commonPool-worker-0] INFO  handler.ContextHandler (ContextHandler.java:doStop(910)) - Stopped o.e.j.s.ServletContextHandler@76a7fcbd{/logs,file:///workdir/hadoop-ozone/integration-test/target/log,UNAVAILABLE}
2019-09-24 02:31:36,052 [main] INFO  ozone.MiniOzoneClusterImpl (MiniOzoneClusterImpl.java:stopSCM(392)) - Stopping the StorageContainerManager
2019-09-24 02:31:36,052 [main] INFO  server.StorageContainerManager (StorageContainerManager.java:stop(808)) - Stopping Replication Manager Service.
2019-09-24 02:31:36,052 [main] INFO  container.ReplicationManager (ReplicationManager.java:stop(203)) - Stopping Replication Monitor Thread.
2019-09-24 02:31:36,052 [main] INFO  server.StorageContainerManager (StorageContainerManager.java:stop(815)) - Stopping Lease Manager of the command watchers
2019-09-24 02:31:36,053 [main] INFO  server.StorageContainerManager (StorageContainerManager.java:stop(822)) - Stopping datanode service RPC server
2019-09-24 02:31:36,053 [main] INFO  server.SCMDatanodeProtocolServer (SCMDatanodeProtocolServer.java:stop(367)) - Stopping the RPC server for DataNodes
2019-09-24 02:31:36,053 [main] INFO  ipc.Server (Server.java:stop(3082)) - Stopping server on 42998
2019-09-24 02:31:36,055 [IPC Server listener on 42998] INFO  ipc.Server (Server.java:run(1185)) - Stopping IPC Server listener on 42998
2019-09-24 02:31:36,057 [IPC Server Responder] INFO  ipc.Server (Server.java:run(1319)) - Stopping IPC Server Responder
2019-09-24 02:31:36,083 [SCM Heartbeat Processing Thread - 0] WARN  node.NodeStateManager (NodeStateManager.java:scheduleNextHealthCheck(646)) - Current Thread is interrupted, shutting down HB processing thread for Node Manager.
2019-09-24 02:31:36,083 [main] INFO  server.StorageContainerManager (StorageContainerManager.java:stop(830)) - Stopping block service RPC server
2019-09-24 02:31:36,084 [main] INFO  server.SCMBlockProtocolServer (SCMBlockProtocolServer.java:stop(155)) - Stopping the RPC server for Block Protocol
2019-09-24 02:31:36,084 [main] INFO  ipc.Server (Server.java:stop(3082)) - Stopping server on 37352
2019-09-24 02:31:36,087 [IPC Server listener on 37352] INFO  ipc.Server (Server.java:run(1185)) - Stopping IPC Server listener on 37352
2019-09-24 02:31:36,087 [main] INFO  server.StorageContainerManager (StorageContainerManager.java:stop(837)) - Stopping the StorageContainerLocationProtocol RPC server
2019-09-24 02:31:36,089 [IPC Server Responder] INFO  ipc.Server (Server.java:run(1319)) - Stopping IPC Server Responder
2019-09-24 02:31:36,089 [main] INFO  server.SCMClientProtocolServer (SCMClientProtocolServer.java:stop(159)) - Stopping the RPC server for Client Protocol
2019-09-24 02:31:36,089 [main] INFO  ipc.Server (Server.java:stop(3082)) - Stopping server on 38303
2019-09-24 02:31:36,092 [IPC Server listener on 38303] INFO  ipc.Server (Server.java:run(1185)) - Stopping IPC Server listener on 38303
2019-09-24 02:31:36,092 [main] INFO  server.StorageContainerManager (StorageContainerManager.java:stop(844)) - Stopping Storage Container Manager HTTP server.
2019-09-24 02:31:36,094 [IPC Server Responder] INFO  ipc.Server (Server.java:run(1319)) - Stopping IPC Server Responder
2019-09-24 02:31:36,095 [main] INFO  handler.ContextHandler (ContextHandler.java:doStop(910)) - Stopped o.e.j.w.WebAppContext@2443135{/,null,UNAVAILABLE}{/scm}
2019-09-24 02:31:36,096 [main] INFO  server.AbstractConnector (AbstractConnector.java:doStop(318)) - Stopped ServerConnector@184823ed{HTTP/1.1,[http/1.1]}{0.0.0.0:0}
2019-09-24 02:31:36,096 [main] INFO  handler.ContextHandler (ContextHandler.java:doStop(910)) - Stopped o.e.j.s.ServletContextHandler@e5c2463{/static,file:///workdir/hadoop-ozone/integration-test/target/test-classes/webapps/static,UNAVAILABLE}
2019-09-24 02:31:36,096 [main] INFO  handler.ContextHandler (ContextHandler.java:doStop(910)) - Stopped o.e.j.s.ServletContextHandler@7e5b621b{/logs,file:///workdir/hadoop-ozone/integration-test/target/log,UNAVAILABLE}
2019-09-24 02:31:36,097 [main] INFO  server.StorageContainerManager (StorageContainerManager.java:stop(855)) - Stopping Block Manager Service.
2019-09-24 02:31:36,098 [main] INFO  utils.BackgroundService (BackgroundService.java:shutdown(148)) - Shutting down service SCMBlockDeletingService
2019-09-24 02:31:36,098 [main] INFO  utils.BackgroundService (BackgroundService.java:shutdown(148)) - Shutting down service SCMBlockDeletingService
2019-09-24 02:31:36,099 [main] INFO  server.StorageContainerManager (StorageContainerManager.java:stop(877)) - Stopping SCM Event Queue.
2019-09-24 02:31:36,103 [main] INFO  impl.MetricsSystemImpl (MetricsSystemImpl.java:stop(210)) - Stopping HddsDatanode metrics system...
2019-09-24 02:31:36,127 [main] INFO  impl.MetricsSystemImpl (MetricsSystemImpl.java:stop(216)) - HddsDatanode metrics system stopped.
]]></system-out>
    <system-err><![CDATA[Sep 24, 2019 2:31:15 AM org.apache.ratis.thirdparty.io.grpc.internal.SerializingExecutor run
SEVERE: Exception while executing runnable org.apache.ratis.thirdparty.io.grpc.internal.ServerImpl$JumpToApplicationThreadServerStreamListener$1Closed@4572df80
org.apache.ratis.thirdparty.io.grpc.StatusRuntimeException: CANCELLED: call already cancelled
	at org.apache.ratis.thirdparty.io.grpc.Status.asRuntimeException(Status.java:517)
	at org.apache.ratis.thirdparty.io.grpc.stub.ServerCalls$ServerCallStreamObserverImpl.onCompleted(ServerCalls.java:356)
	at org.apache.ratis.grpc.server.GrpcServerProtocolService$ServerRequestStreamObserver.onError(GrpcServerProtocolService.java:121)
	at org.apache.ratis.thirdparty.io.grpc.stub.ServerCalls$StreamingServerCallHandler$StreamingServerCallListener.onCancel(ServerCalls.java:269)
	at org.apache.ratis.thirdparty.io.grpc.internal.ServerCallImpl$ServerStreamListenerImpl.closed(ServerCallImpl.java:293)
	at org.apache.ratis.thirdparty.io.grpc.internal.ServerImpl$JumpToApplicationThreadServerStreamListener$1Closed.runInContext(ServerImpl.java:741)
	at org.apache.ratis.thirdparty.io.grpc.internal.ContextRunnable.run(ContextRunnable.java:37)
	at org.apache.ratis.thirdparty.io.grpc.internal.SerializingExecutor.run(SerializingExecutor.java:123)
	at java.util.concurrent.ThreadPoolExecutor.runWorker(ThreadPoolExecutor.java:1149)
	at java.util.concurrent.ThreadPoolExecutor$Worker.run(ThreadPoolExecutor.java:624)
	at java.lang.Thread.run(Thread.java:748)

Sep 24, 2019 2:31:15 AM org.apache.ratis.thirdparty.io.grpc.internal.SerializingExecutor run
SEVERE: Exception while executing runnable org.apache.ratis.thirdparty.io.grpc.internal.ServerImpl$JumpToApplicationThreadServerStreamListener$1Closed@254f38cd
org.apache.ratis.thirdparty.io.grpc.StatusRuntimeException: CANCELLED: call already cancelled
	at org.apache.ratis.thirdparty.io.grpc.Status.asRuntimeException(Status.java:517)
	at org.apache.ratis.thirdparty.io.grpc.stub.ServerCalls$ServerCallStreamObserverImpl.onCompleted(ServerCalls.java:356)
	at org.apache.ratis.grpc.server.GrpcServerProtocolService$ServerRequestStreamObserver.onError(GrpcServerProtocolService.java:121)
	at org.apache.ratis.thirdparty.io.grpc.stub.ServerCalls$StreamingServerCallHandler$StreamingServerCallListener.onCancel(ServerCalls.java:269)
	at org.apache.ratis.thirdparty.io.grpc.internal.ServerCallImpl$ServerStreamListenerImpl.closed(ServerCallImpl.java:293)
	at org.apache.ratis.thirdparty.io.grpc.internal.ServerImpl$JumpToApplicationThreadServerStreamListener$1Closed.runInContext(ServerImpl.java:741)
	at org.apache.ratis.thirdparty.io.grpc.internal.ContextRunnable.run(ContextRunnable.java:37)
	at org.apache.ratis.thirdparty.io.grpc.internal.SerializingExecutor.run(SerializingExecutor.java:123)
	at java.util.concurrent.ThreadPoolExecutor.runWorker(ThreadPoolExecutor.java:1149)
	at java.util.concurrent.ThreadPoolExecutor$Worker.run(ThreadPoolExecutor.java:624)
	at java.lang.Thread.run(Thread.java:748)

Sep 24, 2019 2:31:25 AM org.apache.ratis.thirdparty.io.grpc.internal.SerializingExecutor run
SEVERE: Exception while executing runnable org.apache.ratis.thirdparty.io.grpc.internal.ServerImpl$JumpToApplicationThreadServerStreamListener$1Closed@7c530946
org.apache.ratis.thirdparty.io.grpc.StatusRuntimeException: CANCELLED: call already cancelled
	at org.apache.ratis.thirdparty.io.grpc.Status.asRuntimeException(Status.java:517)
	at org.apache.ratis.thirdparty.io.grpc.stub.ServerCalls$ServerCallStreamObserverImpl.onCompleted(ServerCalls.java:356)
	at org.apache.ratis.grpc.server.GrpcServerProtocolService$ServerRequestStreamObserver.onError(GrpcServerProtocolService.java:121)
	at org.apache.ratis.thirdparty.io.grpc.stub.ServerCalls$StreamingServerCallHandler$StreamingServerCallListener.onCancel(ServerCalls.java:269)
	at org.apache.ratis.thirdparty.io.grpc.internal.ServerCallImpl$ServerStreamListenerImpl.closed(ServerCallImpl.java:293)
	at org.apache.ratis.thirdparty.io.grpc.internal.ServerImpl$JumpToApplicationThreadServerStreamListener$1Closed.runInContext(ServerImpl.java:741)
	at org.apache.ratis.thirdparty.io.grpc.internal.ContextRunnable.run(ContextRunnable.java:37)
	at org.apache.ratis.thirdparty.io.grpc.internal.SerializingExecutor.run(SerializingExecutor.java:123)
	at java.util.concurrent.ThreadPoolExecutor.runWorker(ThreadPoolExecutor.java:1149)
	at java.util.concurrent.ThreadPoolExecutor$Worker.run(ThreadPoolExecutor.java:624)
	at java.lang.Thread.run(Thread.java:748)

Sep 24, 2019 2:31:25 AM org.apache.ratis.thirdparty.io.grpc.internal.SerializingExecutor run
SEVERE: Exception while executing runnable org.apache.ratis.thirdparty.io.grpc.internal.ServerImpl$JumpToApplicationThreadServerStreamListener$1Closed@203b210
org.apache.ratis.thirdparty.io.grpc.StatusRuntimeException: CANCELLED: call already cancelled
	at org.apache.ratis.thirdparty.io.grpc.Status.asRuntimeException(Status.java:517)
	at org.apache.ratis.thirdparty.io.grpc.stub.ServerCalls$ServerCallStreamObserverImpl.onCompleted(ServerCalls.java:356)
	at org.apache.ratis.grpc.server.GrpcServerProtocolService$ServerRequestStreamObserver.onError(GrpcServerProtocolService.java:121)
	at org.apache.ratis.thirdparty.io.grpc.stub.ServerCalls$StreamingServerCallHandler$StreamingServerCallListener.onCancel(ServerCalls.java:269)
	at org.apache.ratis.thirdparty.io.grpc.internal.ServerCallImpl$ServerStreamListenerImpl.closed(ServerCallImpl.java:293)
	at org.apache.ratis.thirdparty.io.grpc.internal.ServerImpl$JumpToApplicationThreadServerStreamListener$1Closed.runInContext(ServerImpl.java:741)
	at org.apache.ratis.thirdparty.io.grpc.internal.ContextRunnable.run(ContextRunnable.java:37)
	at org.apache.ratis.thirdparty.io.grpc.internal.SerializingExecutor.run(SerializingExecutor.java:123)
	at java.util.concurrent.ThreadPoolExecutor.runWorker(ThreadPoolExecutor.java:1149)
	at java.util.concurrent.ThreadPoolExecutor$Worker.run(ThreadPoolExecutor.java:624)
	at java.lang.Thread.run(Thread.java:748)

]]></system-err>
  </testcase>
  <testcase name="testDatanodeExclusionWithMajorityCommit" classname="org.apache.hadoop.ozone.client.rpc.TestFailureHandlingByClient" time="143.287">
    <error message="Connection refused" type="java.net.ConnectException"><![CDATA[java.net.ConnectException: Connection refused
	at sun.nio.ch.SocketChannelImpl.checkConnect(Native Method)
	at sun.nio.ch.SocketChannelImpl.finishConnect(SocketChannelImpl.java:717)
	at org.apache.hadoop.net.SocketIOWithTimeout.connect(SocketIOWithTimeout.java:206)
	at org.apache.hadoop.net.NetUtils.connect(NetUtils.java:531)
	at org.apache.hadoop.ipc.Client$Connection.setupConnection(Client.java:690)
	at org.apache.hadoop.ipc.Client$Connection.setupIOstreams(Client.java:794)
	at org.apache.hadoop.ipc.Client$Connection.access$3700(Client.java:411)
	at org.apache.hadoop.ipc.Client.getConnection(Client.java:1572)
	at org.apache.hadoop.ipc.Client.call(Client.java:1403)
	at org.apache.hadoop.ipc.Client.call(Client.java:1367)
	at org.apache.hadoop.ipc.ProtobufRpcEngine$Invoker.invoke(ProtobufRpcEngine.java:228)
	at org.apache.hadoop.ipc.ProtobufRpcEngine$Invoker.invoke(ProtobufRpcEngine.java:116)
	at com.sun.proxy.$Proxy35.submitRequest(Unknown Source)
	at sun.reflect.GeneratedMethodAccessor36.invoke(Unknown Source)
	at sun.reflect.DelegatingMethodAccessorImpl.invoke(DelegatingMethodAccessorImpl.java:43)
	at java.lang.reflect.Method.invoke(Method.java:498)
	at org.apache.hadoop.io.retry.RetryInvocationHandler.invokeMethod(RetryInvocationHandler.java:422)
	at org.apache.hadoop.io.retry.RetryInvocationHandler$Call.invokeMethod(RetryInvocationHandler.java:165)
	at org.apache.hadoop.io.retry.RetryInvocationHandler$Call.invoke(RetryInvocationHandler.java:157)
	at org.apache.hadoop.io.retry.RetryInvocationHandler$Call.invokeOnce(RetryInvocationHandler.java:95)
	at org.apache.hadoop.io.retry.RetryInvocationHandler.invoke(RetryInvocationHandler.java:359)
	at com.sun.proxy.$Proxy35.submitRequest(Unknown Source)
	at org.apache.hadoop.ozone.om.protocolPB.OzoneManagerProtocolClientSideTranslatorPB.submitRequest(OzoneManagerProtocolClientSideTranslatorPB.java:338)
	at org.apache.hadoop.ozone.om.protocolPB.OzoneManagerProtocolClientSideTranslatorPB.getServiceInfo(OzoneManagerProtocolClientSideTranslatorPB.java:1223)
	at sun.reflect.NativeMethodAccessorImpl.invoke0(Native Method)
	at sun.reflect.NativeMethodAccessorImpl.invoke(NativeMethodAccessorImpl.java:62)
	at sun.reflect.DelegatingMethodAccessorImpl.invoke(DelegatingMethodAccessorImpl.java:43)
	at java.lang.reflect.Method.invoke(Method.java:498)
	at org.apache.hadoop.hdds.tracing.TraceAllMethod.invoke(TraceAllMethod.java:66)
	at com.sun.proxy.$Proxy36.getServiceInfo(Unknown Source)
	at org.apache.hadoop.ozone.client.rpc.RpcClient.<init>(RpcClient.java:154)
	at org.apache.hadoop.ozone.client.OzoneClientFactory.getClientProtocol(OzoneClientFactory.java:256)
	at org.apache.hadoop.ozone.client.OzoneClientFactory.getClientProtocol(OzoneClientFactory.java:239)
	at org.apache.hadoop.ozone.client.OzoneClientFactory.getClient(OzoneClientFactory.java:75)
	at org.apache.hadoop.ozone.client.rpc.TestFailureHandlingByClient.init(TestFailureHandlingByClient.java:111)
	at org.apache.hadoop.ozone.client.rpc.TestFailureHandlingByClient.startCluster(TestFailureHandlingByClient.java:121)
	at org.apache.hadoop.ozone.client.rpc.TestFailureHandlingByClient.testDatanodeExclusionWithMajorityCommit(TestFailureHandlingByClient.java:282)
	at sun.reflect.NativeMethodAccessorImpl.invoke0(Native Method)
	at sun.reflect.NativeMethodAccessorImpl.invoke(NativeMethodAccessorImpl.java:62)
	at sun.reflect.DelegatingMethodAccessorImpl.invoke(DelegatingMethodAccessorImpl.java:43)
	at java.lang.reflect.Method.invoke(Method.java:498)
	at org.junit.runners.model.FrameworkMethod$1.runReflectiveCall(FrameworkMethod.java:47)
	at org.junit.internal.runners.model.ReflectiveCallable.run(ReflectiveCallable.java:12)
	at org.junit.runners.model.FrameworkMethod.invokeExplosively(FrameworkMethod.java:44)
	at org.junit.internal.runners.statements.InvokeMethod.evaluate(InvokeMethod.java:17)
	at org.junit.internal.runners.statements.RunAfters.evaluate(RunAfters.java:27)
	at org.junit.runners.ParentRunner.runLeaf(ParentRunner.java:271)
	at org.junit.runners.BlockJUnit4ClassRunner.runChild(BlockJUnit4ClassRunner.java:70)
	at org.junit.runners.BlockJUnit4ClassRunner.runChild(BlockJUnit4ClassRunner.java:50)
	at org.junit.runners.ParentRunner$3.run(ParentRunner.java:238)
	at org.junit.runners.ParentRunner$1.schedule(ParentRunner.java:63)
	at org.junit.runners.ParentRunner.runChildren(ParentRunner.java:236)
	at org.junit.runners.ParentRunner.access$000(ParentRunner.java:53)
	at org.junit.runners.ParentRunner$2.evaluate(ParentRunner.java:229)
	at org.junit.runners.ParentRunner.run(ParentRunner.java:309)
	at org.apache.maven.surefire.junit4.JUnit4Provider.execute(JUnit4Provider.java:365)
	at org.apache.maven.surefire.junit4.JUnit4Provider.executeWithRerun(JUnit4Provider.java:273)
	at org.apache.maven.surefire.junit4.JUnit4Provider.executeTestSet(JUnit4Provider.java:238)
	at org.apache.maven.surefire.junit4.JUnit4Provider.invoke(JUnit4Provider.java:159)
	at org.apache.maven.surefire.booter.ForkedBooter.invokeProviderInSameClassLoader(ForkedBooter.java:384)
	at org.apache.maven.surefire.booter.ForkedBooter.runSuitesInProcess(ForkedBooter.java:345)
	at org.apache.maven.surefire.booter.ForkedBooter.execute(ForkedBooter.java:126)
	at org.apache.maven.surefire.booter.ForkedBooter.main(ForkedBooter.java:418)
]]></error>
    <system-out><![CDATA[2019-09-24 02:31:36,178 [main] WARN  server.ServerUtils (ServerUtils.java:getScmDbDir(145)) - ozone.scm.db.dirs is not configured. We recommend adding this setting. Falling back to ozone.metadata.dirs instead.
2019-09-24 02:31:36,204 [main] WARN  server.ServerUtils (ServerUtils.java:getScmDbDir(145)) - ozone.scm.db.dirs is not configured. We recommend adding this setting. Falling back to ozone.metadata.dirs instead.
2019-09-24 02:31:36,205 [main] WARN  server.ServerUtils (ServerUtils.java:getScmDbDir(145)) - ozone.scm.db.dirs is not configured. We recommend adding this setting. Falling back to ozone.metadata.dirs instead.
2019-09-24 02:31:36,206 [main] INFO  db.DBStoreBuilder (DBStoreBuilder.java:addTable(110)) - using custom profile for table: deletedBlocks
2019-09-24 02:31:36,206 [main] INFO  db.DBStoreBuilder (DBStoreBuilder.java:processTables(161)) - Using default column profile:DBProfile.DISK for Table:deletedBlocks
2019-09-24 02:31:36,206 [main] INFO  db.DBStoreBuilder (DBStoreBuilder.java:addTable(110)) - using custom profile for table: validCerts
2019-09-24 02:31:36,207 [main] INFO  db.DBStoreBuilder (DBStoreBuilder.java:processTables(161)) - Using default column profile:DBProfile.DISK for Table:validCerts
2019-09-24 02:31:36,207 [main] INFO  db.DBStoreBuilder (DBStoreBuilder.java:addTable(110)) - using custom profile for table: revokedCerts
2019-09-24 02:31:36,207 [main] INFO  db.DBStoreBuilder (DBStoreBuilder.java:processTables(161)) - Using default column profile:DBProfile.DISK for Table:revokedCerts
2019-09-24 02:31:36,208 [main] INFO  db.DBStoreBuilder (DBStoreBuilder.java:addTable(110)) - using custom profile for table: default
2019-09-24 02:31:36,208 [main] INFO  db.DBStoreBuilder (DBStoreBuilder.java:processTables(167)) - Using default column profile:DBProfile.DISK for Table:default
2019-09-24 02:31:36,208 [main] INFO  db.DBStoreBuilder (DBStoreBuilder.java:getDbProfile(198)) - Using default options. DBProfile.DISK
2019-09-24 02:31:36,381 [main] INFO  net.NodeSchemaLoader (NodeSchemaLoader.java:loadSchemaFromFile(125)) - Loading file from sun.misc.CompoundEnumeration@231cdda8
2019-09-24 02:31:36,382 [main] INFO  net.NodeSchemaLoader (NodeSchemaLoader.java:loadSchema(171)) - Loading network topology layer schema file
2019-09-24 02:31:36,388 [main] INFO  node.SCMNodeManager (SCMNodeManager.java:<init>(114)) - Entering startup safe mode.
2019-09-24 02:31:36,389 [main] INFO  algorithms.ContainerPlacementPolicyFactory (ContainerPlacementPolicyFactory.java:getPolicy(57)) - Create container placement policy of type org.apache.hadoop.hdds.scm.container.placement.algorithms.SCMContainerPlacementRandom
2019-09-24 02:31:36,389 [main] WARN  server.ServerUtils (ServerUtils.java:getScmDbDir(145)) - ozone.scm.db.dirs is not configured. We recommend adding this setting. Falling back to ozone.metadata.dirs instead.
2019-09-24 02:31:36,413 [main] INFO  pipeline.SCMPipelineManager (SCMPipelineManager.java:initializePipelineState(132)) - No pipeline exists in current db
2019-09-24 02:31:36,413 [main] WARN  server.ServerUtils (ServerUtils.java:getScmDbDir(145)) - ozone.scm.db.dirs is not configured. We recommend adding this setting. Falling back to ozone.metadata.dirs instead.
2019-09-24 02:31:36,441 [main] WARN  events.EventQueue (EventQueue.java:fireEvent(183)) - No event handler registered for event TypedEvent{payloadType=SafeModeStatus, name='SafeModeStatus'}
2019-09-24 02:31:36,442 [main] INFO  ipc.CallQueueManager (CallQueueManager.java:<init>(84)) - Using callQueue: class java.util.concurrent.LinkedBlockingQueue, queueCapacity: 2000, scheduler: class org.apache.hadoop.ipc.DefaultRpcScheduler, ipcBackoff: false.
2019-09-24 02:31:36,443 [Socket Reader #1 for port 45829] INFO  ipc.Server (Server.java:run(1074)) - Starting Socket Reader #1 for port 45829
2019-09-24 02:31:36,446 [main] INFO  ipc.CallQueueManager (CallQueueManager.java:<init>(84)) - Using callQueue: class java.util.concurrent.LinkedBlockingQueue, queueCapacity: 2000, scheduler: class org.apache.hadoop.ipc.DefaultRpcScheduler, ipcBackoff: false.
2019-09-24 02:31:36,447 [Socket Reader #1 for port 46694] INFO  ipc.Server (Server.java:run(1074)) - Starting Socket Reader #1 for port 46694
2019-09-24 02:31:36,448 [main] INFO  ipc.CallQueueManager (CallQueueManager.java:<init>(84)) - Using callQueue: class java.util.concurrent.LinkedBlockingQueue, queueCapacity: 2000, scheduler: class org.apache.hadoop.ipc.DefaultRpcScheduler, ipcBackoff: false.
2019-09-24 02:31:36,449 [Socket Reader #1 for port 39414] INFO  ipc.Server (Server.java:run(1074)) - Starting Socket Reader #1 for port 39414
2019-09-24 02:31:36,454 [main] INFO  hdfs.DFSUtil (DFSUtil.java:httpServerTemplateForNNAndJN(1641)) - Starting Web-server for scm at: http://0.0.0.0:0
2019-09-24 02:31:36,457 [main] INFO  server.AuthenticationFilter (AuthenticationFilter.java:constructSecretProvider(240)) - Unable to initialize FileSignerSecretProvider, falling back to use random secrets.
2019-09-24 02:31:36,457 [main] WARN  http.HttpRequestLog (HttpRequestLog.java:getRequestLog(97)) - Jetty request log can only be enabled using Log4j
2019-09-24 02:31:36,460 [main] INFO  http.HttpServer2 (HttpServer2.java:addGlobalFilter(975)) - Added global filter 'safety' (class=org.apache.hadoop.http.HttpServer2$QuotingInputFilter)
2019-09-24 02:31:36,461 [main] INFO  http.HttpServer2 (HttpServer2.java:addFilter(948)) - Added filter static_user_filter (class=org.apache.hadoop.http.lib.StaticUserWebFilter$StaticUserFilter) to context scm
2019-09-24 02:31:36,461 [main] INFO  http.HttpServer2 (HttpServer2.java:addFilter(958)) - Added filter static_user_filter (class=org.apache.hadoop.http.lib.StaticUserWebFilter$StaticUserFilter) to context static
2019-09-24 02:31:36,461 [main] INFO  http.HttpServer2 (HttpServer2.java:addFilter(958)) - Added filter static_user_filter (class=org.apache.hadoop.http.lib.StaticUserWebFilter$StaticUserFilter) to context logs
2019-09-24 02:31:36,464 [main] INFO  server.StorageContainerManager (StorageContainerManager.java:start(770)) - StorageContainerLocationProtocol RPC server is listening at /0.0.0.0:39414
2019-09-24 02:31:36,467 [main] WARN  impl.MetricsConfig (MetricsConfig.java:loadFirst(134)) - Cannot locate configuration: tried hadoop-metrics2-storagecontainermanager.properties,hadoop-metrics2.properties
2019-09-24 02:31:36,468 [main] INFO  impl.MetricsSystemImpl (MetricsSystemImpl.java:startTimer(374)) - Scheduled Metric snapshot period at 10 second(s).
2019-09-24 02:31:36,468 [main] INFO  impl.MetricsSystemImpl (MetricsSystemImpl.java:start(191)) - StorageContainerManager metrics system started
2019-09-24 02:31:36,628 [main] WARN  impl.MetricsSystemImpl (MetricsSystemImpl.java:register(276)) - Sink prometheus already exists!
2019-09-24 02:31:36,670 [main] INFO  server.SCMClientProtocolServer (SCMClientProtocolServer.java:start(151)) - RPC server for Client  is listening at /0.0.0.0:39414
2019-09-24 02:31:36,671 [IPC Server Responder] INFO  ipc.Server (Server.java:run(1314)) - IPC Server Responder: starting
2019-09-24 02:31:36,671 [IPC Server listener on 39414] INFO  ipc.Server (Server.java:run(1153)) - IPC Server listener on 39414: starting
2019-09-24 02:31:36,676 [main] INFO  server.StorageContainerManager (StorageContainerManager.java:start(780)) - ScmBlockLocationProtocol RPC server is listening at /0.0.0.0:46694
2019-09-24 02:31:36,677 [main] INFO  server.SCMBlockProtocolServer (SCMBlockProtocolServer.java:start(146)) - RPC server for Block Protocol is listening at /0.0.0.0:46694
2019-09-24 02:31:36,677 [IPC Server Responder] INFO  ipc.Server (Server.java:run(1314)) - IPC Server Responder: starting
2019-09-24 02:31:36,677 [IPC Server listener on 46694] INFO  ipc.Server (Server.java:run(1153)) - IPC Server listener on 46694: starting
2019-09-24 02:31:36,682 [main] INFO  server.StorageContainerManager (StorageContainerManager.java:start(784)) - ScmDatanodeProtocl RPC server is listening at /0.0.0.0:45829
2019-09-24 02:31:36,682 [main] INFO  server.SCMDatanodeProtocolServer (SCMDatanodeProtocolServer.java:start(191)) - RPC server for DataNodes is listening at /0.0.0.0:45829
2019-09-24 02:31:36,683 [IPC Server Responder] INFO  ipc.Server (Server.java:run(1314)) - IPC Server Responder: starting
2019-09-24 02:31:36,683 [IPC Server listener on 45829] INFO  ipc.Server (Server.java:run(1153)) - IPC Server listener on 45829: starting
2019-09-24 02:31:36,690 [main] INFO  http.HttpServer2 (HttpServer2.java:bindListener(1191)) - Jetty bound to port 44052
2019-09-24 02:31:36,690 [main] INFO  server.Server (Server.java:doStart(351)) - jetty-9.3.25.v20180904, build timestamp: 2018-09-04T21:11:46Z, git hash: 3ce520221d0240229c862b122d2b06c12a625732
2019-09-24 02:31:36,692 [main] INFO  handler.ContextHandler (ContextHandler.java:doStart(781)) - Started o.e.j.s.ServletContextHandler@138f0661{/logs,file:///workdir/hadoop-ozone/integration-test/target/log,AVAILABLE}
2019-09-24 02:31:36,692 [main] INFO  handler.ContextHandler (ContextHandler.java:doStart(781)) - Started o.e.j.s.ServletContextHandler@448462f0{/static,file:///workdir/hadoop-ozone/integration-test/target/test-classes/webapps/static,AVAILABLE}
2019-09-24 02:31:36,696 [main] INFO  handler.ContextHandler (ContextHandler.java:doStart(781)) - Started o.e.j.w.WebAppContext@5012c571{/,file:///workdir/hadoop-ozone/integration-test/target/test-classes/webapps/scm/,AVAILABLE}{/scm}
2019-09-24 02:31:36,696 [main] INFO  server.AbstractConnector (AbstractConnector.java:doStart(278)) - Started ServerConnector@6486fe7b{HTTP/1.1,[http/1.1]}{0.0.0.0:44052}
2019-09-24 02:31:36,697 [main] INFO  server.Server (Server.java:doStart(419)) - Started @575941ms
2019-09-24 02:31:36,697 [main] WARN  impl.MetricsSystemImpl (MetricsSystemImpl.java:register(276)) - Sink prometheus already exists!
2019-09-24 02:31:36,698 [main] INFO  server.BaseHttpServer (BaseHttpServer.java:updateConnectorAddress(215)) - HTTP server of SCM is listening at http://0.0.0.0:44052
2019-09-24 02:31:36,699 [main] WARN  server.ServerUtils (ServerUtils.java:getDBPath(222)) - ozone.om.db.dirs is not configured. We recommend adding this setting. Falling back to ozone.metadata.dirs instead.
2019-09-24 02:31:36,699 [org.apache.hadoop.util.JvmPauseMonitor$Monitor@4645679e] INFO  util.JvmPauseMonitor (JvmPauseMonitor.java:run(188)) - Starting JVM pause monitor
2019-09-24 02:31:36,715 [main] INFO  ha.OMHANodeDetails (OMHANodeDetails.java:loadOMHAConfig(138)) - Found matching OM address with OMServiceId: null, OMNodeId: null, RPC Address: localhost:0 and Ratis port: 9872
2019-09-24 02:31:36,715 [main] INFO  ha.OMHANodeDetails (OMHANodeDetails.java:setOMNodeSpecificConfigs(240)) - Setting configuration key ozone.om.http-address with value of key ozone.om.http-address: 127.0.0.1:0
2019-09-24 02:31:36,715 [main] INFO  ha.OMHANodeDetails (OMHANodeDetails.java:setOMNodeSpecificConfigs(240)) - Setting configuration key ozone.om.https-address with value of key ozone.om.https-address: 0.0.0.0:9875
2019-09-24 02:31:36,715 [main] INFO  ha.OMHANodeDetails (OMHANodeDetails.java:setOMNodeSpecificConfigs(240)) - Setting configuration key ozone.om.http-bind-host with value of key ozone.om.http-bind-host: 0.0.0.0
2019-09-24 02:31:36,716 [main] INFO  ha.OMHANodeDetails (OMHANodeDetails.java:setOMNodeSpecificConfigs(240)) - Setting configuration key ozone.om.https-bind-host with value of key ozone.om.https-bind-host: 0.0.0.0
2019-09-24 02:31:36,716 [main] INFO  ha.OMHANodeDetails (OMHANodeDetails.java:setOMNodeSpecificConfigs(240)) - Setting configuration key ozone.om.http.kerberos.keytab with value of key ozone.om.http.kerberos.keytab: /etc/security/keytabs/HTTP.keytab
2019-09-24 02:31:36,716 [main] INFO  ha.OMHANodeDetails (OMHANodeDetails.java:setOMNodeSpecificConfigs(240)) - Setting configuration key ozone.om.http.kerberos.principal with value of key ozone.om.http.kerberos.principal: HTTP/_HOST@EXAMPLE.COM
2019-09-24 02:31:36,716 [main] INFO  ha.OMHANodeDetails (OMHANodeDetails.java:setOMNodeSpecificConfigs(240)) - Setting configuration key ozone.om.address with value of key ozone.om.address: 127.0.0.1:0
2019-09-24 02:31:36,717 [main] INFO  ha.OMHANodeDetails (OMHANodeDetails.java:getOMNodeDetails(192)) - OM Service ID is not set. Setting it to the default ID: omServiceIdDefault
2019-09-24 02:31:36,717 [main] WARN  server.ServerUtils (ServerUtils.java:getDBPath(222)) - ozone.om.db.dirs is not configured. We recommend adding this setting. Falling back to ozone.metadata.dirs instead.
2019-09-24 02:31:36,717 [main] WARN  server.ServerUtils (ServerUtils.java:getDBPath(222)) - ozone.om.db.dirs is not configured. We recommend adding this setting. Falling back to ozone.metadata.dirs instead.
2019-09-24 02:31:36,727 [main] WARN  server.ServerUtils (ServerUtils.java:getDBPath(222)) - ozone.om.db.dirs is not configured. We recommend adding this setting. Falling back to ozone.metadata.dirs instead.
2019-09-24 02:31:36,728 [main] INFO  db.DBStoreBuilder (DBStoreBuilder.java:addTable(110)) - using custom profile for table: userTable
2019-09-24 02:31:36,728 [main] INFO  db.DBStoreBuilder (DBStoreBuilder.java:processTables(161)) - Using default column profile:DBProfile.DISK for Table:userTable
2019-09-24 02:31:36,729 [main] INFO  db.DBStoreBuilder (DBStoreBuilder.java:addTable(110)) - using custom profile for table: volumeTable
2019-09-24 02:31:36,729 [main] INFO  db.DBStoreBuilder (DBStoreBuilder.java:processTables(161)) - Using default column profile:DBProfile.DISK for Table:volumeTable
2019-09-24 02:31:36,729 [main] INFO  db.DBStoreBuilder (DBStoreBuilder.java:addTable(110)) - using custom profile for table: bucketTable
2019-09-24 02:31:36,729 [main] INFO  db.DBStoreBuilder (DBStoreBuilder.java:processTables(161)) - Using default column profile:DBProfile.DISK for Table:bucketTable
2019-09-24 02:31:36,730 [main] INFO  db.DBStoreBuilder (DBStoreBuilder.java:addTable(110)) - using custom profile for table: keyTable
2019-09-24 02:31:36,730 [main] INFO  db.DBStoreBuilder (DBStoreBuilder.java:processTables(161)) - Using default column profile:DBProfile.DISK for Table:keyTable
2019-09-24 02:31:36,730 [main] INFO  db.DBStoreBuilder (DBStoreBuilder.java:addTable(110)) - using custom profile for table: deletedTable
2019-09-24 02:31:36,731 [main] INFO  db.DBStoreBuilder (DBStoreBuilder.java:processTables(161)) - Using default column profile:DBProfile.DISK for Table:deletedTable
2019-09-24 02:31:36,731 [main] INFO  db.DBStoreBuilder (DBStoreBuilder.java:addTable(110)) - using custom profile for table: openKeyTable
2019-09-24 02:31:36,731 [main] INFO  db.DBStoreBuilder (DBStoreBuilder.java:processTables(161)) - Using default column profile:DBProfile.DISK for Table:openKeyTable
2019-09-24 02:31:36,732 [main] INFO  db.DBStoreBuilder (DBStoreBuilder.java:addTable(110)) - using custom profile for table: s3Table
2019-09-24 02:31:36,732 [main] INFO  db.DBStoreBuilder (DBStoreBuilder.java:processTables(161)) - Using default column profile:DBProfile.DISK for Table:s3Table
2019-09-24 02:31:36,732 [main] INFO  db.DBStoreBuilder (DBStoreBuilder.java:addTable(110)) - using custom profile for table: multipartInfoTable
2019-09-24 02:31:36,732 [main] INFO  db.DBStoreBuilder (DBStoreBuilder.java:processTables(161)) - Using default column profile:DBProfile.DISK for Table:multipartInfoTable
2019-09-24 02:31:36,733 [main] INFO  db.DBStoreBuilder (DBStoreBuilder.java:addTable(110)) - using custom profile for table: dTokenTable
2019-09-24 02:31:36,733 [main] INFO  db.DBStoreBuilder (DBStoreBuilder.java:processTables(161)) - Using default column profile:DBProfile.DISK for Table:dTokenTable
2019-09-24 02:31:36,733 [main] INFO  db.DBStoreBuilder (DBStoreBuilder.java:addTable(110)) - using custom profile for table: s3SecretTable
2019-09-24 02:31:36,734 [main] INFO  db.DBStoreBuilder (DBStoreBuilder.java:processTables(161)) - Using default column profile:DBProfile.DISK for Table:s3SecretTable
2019-09-24 02:31:36,734 [main] INFO  db.DBStoreBuilder (DBStoreBuilder.java:addTable(110)) - using custom profile for table: prefixTable
2019-09-24 02:31:36,734 [main] INFO  db.DBStoreBuilder (DBStoreBuilder.java:processTables(161)) - Using default column profile:DBProfile.DISK for Table:prefixTable
2019-09-24 02:31:36,734 [main] INFO  db.DBStoreBuilder (DBStoreBuilder.java:addTable(110)) - using custom profile for table: default
2019-09-24 02:31:36,735 [main] INFO  db.DBStoreBuilder (DBStoreBuilder.java:processTables(167)) - Using default column profile:DBProfile.DISK for Table:default
2019-09-24 02:31:36,735 [main] INFO  db.DBStoreBuilder (DBStoreBuilder.java:getDbProfile(198)) - Using default options. DBProfile.DISK
2019-09-24 02:31:37,177 [main] INFO  ipc.CallQueueManager (CallQueueManager.java:<init>(84)) - Using callQueue: class java.util.concurrent.LinkedBlockingQueue, queueCapacity: 2000, scheduler: class org.apache.hadoop.ipc.DefaultRpcScheduler, ipcBackoff: false.
2019-09-24 02:31:37,178 [Socket Reader #1 for port 42004] INFO  ipc.Server (Server.java:run(1074)) - Starting Socket Reader #1 for port 42004
2019-09-24 02:31:37,190 [main] INFO  om.OzoneManager (OzoneManager.java:start(1075)) - OzoneManager RPC server is listening at localhost/127.0.0.1:42004
2019-09-24 02:31:37,190 [main] INFO  impl.MetricsSystemImpl (MetricsSystemImpl.java:init(158)) - OzoneManager metrics system started (again)
2019-09-24 02:31:37,191 [IPC Server Responder] INFO  ipc.Server (Server.java:run(1314)) - IPC Server Responder: starting
2019-09-24 02:31:37,192 [IPC Server listener on 42004] INFO  ipc.Server (Server.java:run(1153)) - IPC Server listener on 42004: starting
2019-09-24 02:31:37,197 [main] INFO  hdfs.DFSUtil (DFSUtil.java:httpServerTemplateForNNAndJN(1641)) - Starting Web-server for ozoneManager at: http://0.0.0.0:0
2019-09-24 02:31:37,198 [main] INFO  server.AuthenticationFilter (AuthenticationFilter.java:constructSecretProvider(240)) - Unable to initialize FileSignerSecretProvider, falling back to use random secrets.
2019-09-24 02:31:37,198 [main] WARN  http.HttpRequestLog (HttpRequestLog.java:getRequestLog(97)) - Jetty request log can only be enabled using Log4j
2019-09-24 02:31:37,200 [main] INFO  http.HttpServer2 (HttpServer2.java:addGlobalFilter(975)) - Added global filter 'safety' (class=org.apache.hadoop.http.HttpServer2$QuotingInputFilter)
2019-09-24 02:31:37,200 [main] INFO  http.HttpServer2 (HttpServer2.java:addFilter(948)) - Added filter static_user_filter (class=org.apache.hadoop.http.lib.StaticUserWebFilter$StaticUserFilter) to context ozoneManager
2019-09-24 02:31:37,200 [main] INFO  http.HttpServer2 (HttpServer2.java:addFilter(958)) - Added filter static_user_filter (class=org.apache.hadoop.http.lib.StaticUserWebFilter$StaticUserFilter) to context logs
2019-09-24 02:31:37,201 [main] INFO  http.HttpServer2 (HttpServer2.java:addFilter(958)) - Added filter static_user_filter (class=org.apache.hadoop.http.lib.StaticUserWebFilter$StaticUserFilter) to context static
2019-09-24 02:31:37,201 [main] INFO  http.HttpServer2 (HttpServer2.java:bindListener(1191)) - Jetty bound to port 41308
2019-09-24 02:31:37,201 [main] INFO  server.Server (Server.java:doStart(351)) - jetty-9.3.25.v20180904, build timestamp: 2018-09-04T21:11:46Z, git hash: 3ce520221d0240229c862b122d2b06c12a625732
2019-09-24 02:31:37,203 [main] INFO  handler.ContextHandler (ContextHandler.java:doStart(781)) - Started o.e.j.s.ServletContextHandler@2f0ccb34{/logs,file:///workdir/hadoop-ozone/integration-test/target/log,AVAILABLE}
2019-09-24 02:31:37,203 [main] INFO  handler.ContextHandler (ContextHandler.java:doStart(781)) - Started o.e.j.s.ServletContextHandler@55296b50{/static,file:///workdir/hadoop-ozone/integration-test/target/test-classes/webapps/static,AVAILABLE}
2019-09-24 02:31:37,207 [main] INFO  handler.ContextHandler (ContextHandler.java:doStart(781)) - Started o.e.j.w.WebAppContext@75bd28d{/,file:///workdir/hadoop-ozone/integration-test/target/test-classes/webapps/ozoneManager/,AVAILABLE}{/ozoneManager}
2019-09-24 02:31:37,207 [main] INFO  server.AbstractConnector (AbstractConnector.java:doStart(278)) - Started ServerConnector@129c4d19{HTTP/1.1,[http/1.1]}{0.0.0.0:41308}
2019-09-24 02:31:37,208 [main] INFO  server.Server (Server.java:doStart(419)) - Started @576451ms
2019-09-24 02:31:37,208 [main] WARN  impl.MetricsSystemImpl (MetricsSystemImpl.java:register(276)) - Sink prometheus already exists!
2019-09-24 02:31:37,210 [main] INFO  server.BaseHttpServer (BaseHttpServer.java:updateConnectorAddress(215)) - HTTP server of OZONEMANAGER is listening at http://0.0.0.0:41308
2019-09-24 02:31:37,240 [main] INFO  impl.MetricsSystemImpl (MetricsSystemImpl.java:init(158)) - HddsDatanode metrics system started (again)
2019-09-24 02:31:37,245 [main] INFO  ozone.HddsDatanodeService (HddsDatanodeService.java:start(184)) - HddsDatanodeService host:pr-hdds-2162-tjkd5-3209850126 ip:192.168.151.121
2019-09-24 02:31:37,252 [main] INFO  volume.HddsVolume (HddsVolume.java:<init>(176)) - Creating Volume: /workdir/hadoop-ozone/integration-test/target/test-dir/MiniOzoneClusterImpl-3bdd15fc-dee8-458b-a154-153c8414505a/datanode-0/data/containers/hdds of  storage type : DISK and capacity : 1482555576320
2019-09-24 02:31:37,253 [main] INFO  volume.VolumeSet (VolumeSet.java:initializeVolumeSet(170)) - Added Volume : /workdir/hadoop-ozone/integration-test/target/test-dir/MiniOzoneClusterImpl-3bdd15fc-dee8-458b-a154-153c8414505a/datanode-0/data/containers/hdds to VolumeSet
2019-09-24 02:31:37,253 [main] INFO  volume.ThrottledAsyncChecker (ThrottledAsyncChecker.java:schedule(139)) - Scheduling a check for org.apache.hadoop.ozone.container.common.volume.HddsVolume@49c1e294
2019-09-24 02:31:37,254 [main] INFO  volume.HddsVolumeChecker (HddsVolumeChecker.java:checkAllVolumes(202)) - Scheduled health check for volume org.apache.hadoop.ozone.container.common.volume.HddsVolume@49c1e294
2019-09-24 02:31:37,275 [main] INFO  impl.RaftServerProxy (ConfUtils.java:logGet(43)) - raft.rpc.type = GRPC (default)
2019-09-24 02:31:37,276 [main] INFO  grpc.GrpcFactory (GrpcFactory.java:checkPooledByteBufAllocatorUseCacheForAllThreads(45)) - PERFORMANCE WARNING: useCacheForAllThreads is true that may cause Netty to create a lot garbage objects and, as a result, trigger GC.
	It is recommended to disable useCacheForAllThreads by setting -Dorg.apache.ratis.thirdparty.io.netty.allocator.useCacheForAllThreads=false in command line.
2019-09-24 02:31:37,276 [main] INFO  grpc.GrpcConfigKeys$Server (ConfUtils.java:logGet(43)) - raft.grpc.server.port = 0 (default)
2019-09-24 02:31:37,276 [main] INFO  server.GrpcService (ConfUtils.java:logGet(43)) - raft.grpc.message.size.max = 33570816 (custom)
2019-09-24 02:31:37,276 [main] INFO  server.RaftServerConfigKeys (ConfUtils.java:logGet(43)) - raft.server.log.appender.buffer.byte-limit = 33554432 (custom)
2019-09-24 02:31:37,277 [main] INFO  server.GrpcService (ConfUtils.java:logGet(43)) - raft.grpc.flow.control.window = 1MB (=1048576) (default)
2019-09-24 02:31:37,277 [main] INFO  server.RaftServerConfigKeys (ConfUtils.java:logGet(43)) - raft.server.rpc.request.timeout = 3000ms (default)
2019-09-24 02:31:37,277 [main] INFO  server.RaftServerConfigKeys (ConfUtils.java:logGet(43)) - raft.server.storage.dir = [/workdir/hadoop-ozone/integration-test/target/test-dir/MiniOzoneClusterImpl-3bdd15fc-dee8-458b-a154-153c8414505a/datanode-0/data/ratis] (custom)
2019-09-24 02:31:37,279 [main] INFO  hdfs.DFSUtil (DFSUtil.java:httpServerTemplateForNNAndJN(1641)) - Starting Web-server for hddsDatanode at: http://0.0.0.0:0
2019-09-24 02:31:37,281 [main] INFO  server.AuthenticationFilter (AuthenticationFilter.java:constructSecretProvider(240)) - Unable to initialize FileSignerSecretProvider, falling back to use random secrets.
2019-09-24 02:31:37,281 [main] WARN  http.HttpRequestLog (HttpRequestLog.java:getRequestLog(97)) - Jetty request log can only be enabled using Log4j
2019-09-24 02:31:37,283 [main] INFO  http.HttpServer2 (HttpServer2.java:addGlobalFilter(975)) - Added global filter 'safety' (class=org.apache.hadoop.http.HttpServer2$QuotingInputFilter)
2019-09-24 02:31:37,283 [main] INFO  http.HttpServer2 (HttpServer2.java:addFilter(948)) - Added filter static_user_filter (class=org.apache.hadoop.http.lib.StaticUserWebFilter$StaticUserFilter) to context hddsDatanode
2019-09-24 02:31:37,283 [main] INFO  http.HttpServer2 (HttpServer2.java:addFilter(958)) - Added filter static_user_filter (class=org.apache.hadoop.http.lib.StaticUserWebFilter$StaticUserFilter) to context logs
2019-09-24 02:31:37,283 [main] INFO  http.HttpServer2 (HttpServer2.java:addFilter(958)) - Added filter static_user_filter (class=org.apache.hadoop.http.lib.StaticUserWebFilter$StaticUserFilter) to context static
2019-09-24 02:31:37,284 [main] INFO  http.HttpServer2 (HttpServer2.java:bindListener(1191)) - Jetty bound to port 41937
2019-09-24 02:31:37,284 [main] INFO  server.Server (Server.java:doStart(351)) - jetty-9.3.25.v20180904, build timestamp: 2018-09-04T21:11:46Z, git hash: 3ce520221d0240229c862b122d2b06c12a625732
2019-09-24 02:31:37,286 [main] INFO  handler.ContextHandler (ContextHandler.java:doStart(781)) - Started o.e.j.s.ServletContextHandler@284990de{/logs,file:///workdir/hadoop-ozone/integration-test/target/log,AVAILABLE}
2019-09-24 02:31:37,287 [main] INFO  handler.ContextHandler (ContextHandler.java:doStart(781)) - Started o.e.j.s.ServletContextHandler@6aea99e7{/static,jar:file:/home/user/.m2/repository/org/apache/hadoop/hadoop-hdds-container-service/0.5.0-SNAPSHOT/hadoop-hdds-container-service-0.5.0-SNAPSHOT.jar!/webapps/static,AVAILABLE}
2019-09-24 02:31:37,314 [main] INFO  handler.ContextHandler (ContextHandler.java:doStart(781)) - Started o.e.j.w.WebAppContext@454bcbbf{/,file:///tmp/jetty-0.0.0.0-41937-hddsDatanode-_-any-7388507666104378191.dir/webapp/,AVAILABLE}{/hddsDatanode}
2019-09-24 02:31:37,315 [main] INFO  server.AbstractConnector (AbstractConnector.java:doStart(278)) - Started ServerConnector@2c9fdb64{HTTP/1.1,[http/1.1]}{0.0.0.0:41937}
2019-09-24 02:31:37,315 [main] INFO  server.Server (Server.java:doStart(419)) - Started @576558ms
2019-09-24 02:31:37,317 [main] WARN  impl.MetricsSystemImpl (MetricsSystemImpl.java:register(276)) - Sink prometheus already exists!
2019-09-24 02:31:37,317 [main] INFO  server.BaseHttpServer (BaseHttpServer.java:updateConnectorAddress(215)) - HTTP server of HDDSDATANODE is listening at http://0.0.0.0:41937
2019-09-24 02:31:37,318 [main] INFO  impl.MetricsSystemImpl (MetricsSystemImpl.java:init(158)) - HddsDatanode metrics system started (again)
2019-09-24 02:31:37,321 [org.apache.hadoop.util.JvmPauseMonitor$Monitor@42579ca0] INFO  util.JvmPauseMonitor (JvmPauseMonitor.java:run(188)) - Starting JVM pause monitor
2019-09-24 02:31:37,321 [main] INFO  ozone.HddsDatanodeService (HddsDatanodeService.java:start(184)) - HddsDatanodeService host:pr-hdds-2162-tjkd5-3209850126 ip:192.168.151.121
2019-09-24 02:31:37,324 [Datanode State Machine Thread - 0] INFO  datanode.InitDatanodeState (InitDatanodeState.java:persistContainerDatanodeDetails(140)) - DatanodeDetails is persisted to /workdir/hadoop-ozone/integration-test/target/test-dir/MiniOzoneClusterImpl-3bdd15fc-dee8-458b-a154-153c8414505a/datanode-0/meta/datanode.id
2019-09-24 02:31:37,328 [main] INFO  volume.HddsVolume (HddsVolume.java:<init>(176)) - Creating Volume: /workdir/hadoop-ozone/integration-test/target/test-dir/MiniOzoneClusterImpl-3bdd15fc-dee8-458b-a154-153c8414505a/datanode-1/data/containers/hdds of  storage type : DISK and capacity : 1482555576320
2019-09-24 02:31:37,328 [main] INFO  volume.VolumeSet (VolumeSet.java:initializeVolumeSet(170)) - Added Volume : /workdir/hadoop-ozone/integration-test/target/test-dir/MiniOzoneClusterImpl-3bdd15fc-dee8-458b-a154-153c8414505a/datanode-1/data/containers/hdds to VolumeSet
2019-09-24 02:31:37,328 [main] INFO  volume.ThrottledAsyncChecker (ThrottledAsyncChecker.java:schedule(139)) - Scheduling a check for org.apache.hadoop.ozone.container.common.volume.HddsVolume@4d4c1ba9
2019-09-24 02:31:37,329 [main] INFO  volume.HddsVolumeChecker (HddsVolumeChecker.java:checkAllVolumes(202)) - Scheduled health check for volume org.apache.hadoop.ozone.container.common.volume.HddsVolume@4d4c1ba9
2019-09-24 02:31:37,342 [main] INFO  impl.RaftServerProxy (ConfUtils.java:logGet(43)) - raft.rpc.type = GRPC (default)
2019-09-24 02:31:37,342 [main] INFO  grpc.GrpcFactory (GrpcFactory.java:checkPooledByteBufAllocatorUseCacheForAllThreads(45)) - PERFORMANCE WARNING: useCacheForAllThreads is true that may cause Netty to create a lot garbage objects and, as a result, trigger GC.
	It is recommended to disable useCacheForAllThreads by setting -Dorg.apache.ratis.thirdparty.io.netty.allocator.useCacheForAllThreads=false in command line.
2019-09-24 02:31:37,342 [main] INFO  grpc.GrpcConfigKeys$Server (ConfUtils.java:logGet(43)) - raft.grpc.server.port = 0 (default)
2019-09-24 02:31:37,342 [main] INFO  server.GrpcService (ConfUtils.java:logGet(43)) - raft.grpc.message.size.max = 33570816 (custom)
2019-09-24 02:31:37,343 [main] INFO  server.RaftServerConfigKeys (ConfUtils.java:logGet(43)) - raft.server.log.appender.buffer.byte-limit = 33554432 (custom)
2019-09-24 02:31:37,343 [main] INFO  server.GrpcService (ConfUtils.java:logGet(43)) - raft.grpc.flow.control.window = 1MB (=1048576) (default)
2019-09-24 02:31:37,343 [main] INFO  server.RaftServerConfigKeys (ConfUtils.java:logGet(43)) - raft.server.rpc.request.timeout = 3000ms (default)
2019-09-24 02:31:37,343 [main] INFO  server.RaftServerConfigKeys (ConfUtils.java:logGet(43)) - raft.server.storage.dir = [/workdir/hadoop-ozone/integration-test/target/test-dir/MiniOzoneClusterImpl-3bdd15fc-dee8-458b-a154-153c8414505a/datanode-1/data/ratis] (custom)
2019-09-24 02:31:37,344 [main] INFO  hdfs.DFSUtil (DFSUtil.java:httpServerTemplateForNNAndJN(1641)) - Starting Web-server for hddsDatanode at: http://0.0.0.0:0
2019-09-24 02:31:37,346 [main] INFO  server.AuthenticationFilter (AuthenticationFilter.java:constructSecretProvider(240)) - Unable to initialize FileSignerSecretProvider, falling back to use random secrets.
2019-09-24 02:31:37,346 [main] WARN  http.HttpRequestLog (HttpRequestLog.java:getRequestLog(97)) - Jetty request log can only be enabled using Log4j
2019-09-24 02:31:37,347 [main] INFO  http.HttpServer2 (HttpServer2.java:addGlobalFilter(975)) - Added global filter 'safety' (class=org.apache.hadoop.http.HttpServer2$QuotingInputFilter)
2019-09-24 02:31:37,348 [main] INFO  http.HttpServer2 (HttpServer2.java:addFilter(948)) - Added filter static_user_filter (class=org.apache.hadoop.http.lib.StaticUserWebFilter$StaticUserFilter) to context hddsDatanode
2019-09-24 02:31:37,348 [main] INFO  http.HttpServer2 (HttpServer2.java:addFilter(958)) - Added filter static_user_filter (class=org.apache.hadoop.http.lib.StaticUserWebFilter$StaticUserFilter) to context logs
2019-09-24 02:31:37,348 [main] INFO  http.HttpServer2 (HttpServer2.java:addFilter(958)) - Added filter static_user_filter (class=org.apache.hadoop.http.lib.StaticUserWebFilter$StaticUserFilter) to context static
2019-09-24 02:31:37,349 [main] INFO  http.HttpServer2 (HttpServer2.java:bindListener(1191)) - Jetty bound to port 37103
2019-09-24 02:31:37,349 [main] INFO  server.Server (Server.java:doStart(351)) - jetty-9.3.25.v20180904, build timestamp: 2018-09-04T21:11:46Z, git hash: 3ce520221d0240229c862b122d2b06c12a625732
2019-09-24 02:31:37,350 [main] INFO  handler.ContextHandler (ContextHandler.java:doStart(781)) - Started o.e.j.s.ServletContextHandler@6b063470{/logs,file:///workdir/hadoop-ozone/integration-test/target/log,AVAILABLE}
2019-09-24 02:31:37,351 [main] INFO  handler.ContextHandler (ContextHandler.java:doStart(781)) - Started o.e.j.s.ServletContextHandler@527937d0{/static,jar:file:/home/user/.m2/repository/org/apache/hadoop/hadoop-hdds-container-service/0.5.0-SNAPSHOT/hadoop-hdds-container-service-0.5.0-SNAPSHOT.jar!/webapps/static,AVAILABLE}
2019-09-24 02:31:37,382 [main] INFO  handler.ContextHandler (ContextHandler.java:doStart(781)) - Started o.e.j.w.WebAppContext@2aee0704{/,file:///tmp/jetty-0.0.0.0-37103-hddsDatanode-_-any-1564038594544980448.dir/webapp/,AVAILABLE}{/hddsDatanode}
2019-09-24 02:31:37,383 [main] INFO  server.AbstractConnector (AbstractConnector.java:doStart(278)) - Started ServerConnector@19a5b637{HTTP/1.1,[http/1.1]}{0.0.0.0:37103}
2019-09-24 02:31:37,383 [main] INFO  server.Server (Server.java:doStart(419)) - Started @576626ms
2019-09-24 02:31:37,384 [main] WARN  impl.MetricsSystemImpl (MetricsSystemImpl.java:register(276)) - Sink prometheus already exists!
2019-09-24 02:31:37,385 [main] INFO  server.BaseHttpServer (BaseHttpServer.java:updateConnectorAddress(215)) - HTTP server of HDDSDATANODE is listening at http://0.0.0.0:37103
2019-09-24 02:31:37,386 [main] INFO  impl.MetricsSystemImpl (MetricsSystemImpl.java:init(158)) - HddsDatanode metrics system started (again)
2019-09-24 02:31:37,389 [org.apache.hadoop.util.JvmPauseMonitor$Monitor@5f647645] INFO  util.JvmPauseMonitor (JvmPauseMonitor.java:run(188)) - Starting JVM pause monitor
2019-09-24 02:31:37,390 [main] INFO  ozone.HddsDatanodeService (HddsDatanodeService.java:start(184)) - HddsDatanodeService host:pr-hdds-2162-tjkd5-3209850126 ip:192.168.151.121
2019-09-24 02:31:37,391 [Datanode State Machine Thread - 0] INFO  datanode.InitDatanodeState (InitDatanodeState.java:persistContainerDatanodeDetails(140)) - DatanodeDetails is persisted to /workdir/hadoop-ozone/integration-test/target/test-dir/MiniOzoneClusterImpl-3bdd15fc-dee8-458b-a154-153c8414505a/datanode-1/meta/datanode.id
2019-09-24 02:31:37,396 [main] INFO  volume.HddsVolume (HddsVolume.java:<init>(176)) - Creating Volume: /workdir/hadoop-ozone/integration-test/target/test-dir/MiniOzoneClusterImpl-3bdd15fc-dee8-458b-a154-153c8414505a/datanode-2/data/containers/hdds of  storage type : DISK and capacity : 1482555576320
2019-09-24 02:31:37,396 [main] INFO  volume.VolumeSet (VolumeSet.java:initializeVolumeSet(170)) - Added Volume : /workdir/hadoop-ozone/integration-test/target/test-dir/MiniOzoneClusterImpl-3bdd15fc-dee8-458b-a154-153c8414505a/datanode-2/data/containers/hdds to VolumeSet
2019-09-24 02:31:37,396 [main] INFO  volume.ThrottledAsyncChecker (ThrottledAsyncChecker.java:schedule(139)) - Scheduling a check for org.apache.hadoop.ozone.container.common.volume.HddsVolume@56fda064
2019-09-24 02:31:37,397 [main] INFO  volume.HddsVolumeChecker (HddsVolumeChecker.java:checkAllVolumes(202)) - Scheduled health check for volume org.apache.hadoop.ozone.container.common.volume.HddsVolume@56fda064
2019-09-24 02:31:37,409 [main] INFO  impl.RaftServerProxy (ConfUtils.java:logGet(43)) - raft.rpc.type = GRPC (default)
2019-09-24 02:31:37,410 [main] INFO  grpc.GrpcFactory (GrpcFactory.java:checkPooledByteBufAllocatorUseCacheForAllThreads(45)) - PERFORMANCE WARNING: useCacheForAllThreads is true that may cause Netty to create a lot garbage objects and, as a result, trigger GC.
	It is recommended to disable useCacheForAllThreads by setting -Dorg.apache.ratis.thirdparty.io.netty.allocator.useCacheForAllThreads=false in command line.
2019-09-24 02:31:37,410 [main] INFO  grpc.GrpcConfigKeys$Server (ConfUtils.java:logGet(43)) - raft.grpc.server.port = 0 (default)
2019-09-24 02:31:37,410 [main] INFO  server.GrpcService (ConfUtils.java:logGet(43)) - raft.grpc.message.size.max = 33570816 (custom)
2019-09-24 02:31:37,410 [main] INFO  server.RaftServerConfigKeys (ConfUtils.java:logGet(43)) - raft.server.log.appender.buffer.byte-limit = 33554432 (custom)
2019-09-24 02:31:37,410 [main] INFO  server.GrpcService (ConfUtils.java:logGet(43)) - raft.grpc.flow.control.window = 1MB (=1048576) (default)
2019-09-24 02:31:37,410 [main] INFO  server.RaftServerConfigKeys (ConfUtils.java:logGet(43)) - raft.server.rpc.request.timeout = 3000ms (default)
2019-09-24 02:31:37,411 [main] INFO  server.RaftServerConfigKeys (ConfUtils.java:logGet(43)) - raft.server.storage.dir = [/workdir/hadoop-ozone/integration-test/target/test-dir/MiniOzoneClusterImpl-3bdd15fc-dee8-458b-a154-153c8414505a/datanode-2/data/ratis] (custom)
2019-09-24 02:31:37,412 [main] INFO  hdfs.DFSUtil (DFSUtil.java:httpServerTemplateForNNAndJN(1641)) - Starting Web-server for hddsDatanode at: http://0.0.0.0:0
2019-09-24 02:31:37,413 [main] INFO  server.AuthenticationFilter (AuthenticationFilter.java:constructSecretProvider(240)) - Unable to initialize FileSignerSecretProvider, falling back to use random secrets.
2019-09-24 02:31:37,414 [main] WARN  http.HttpRequestLog (HttpRequestLog.java:getRequestLog(97)) - Jetty request log can only be enabled using Log4j
2019-09-24 02:31:37,415 [main] INFO  http.HttpServer2 (HttpServer2.java:addGlobalFilter(975)) - Added global filter 'safety' (class=org.apache.hadoop.http.HttpServer2$QuotingInputFilter)
2019-09-24 02:31:37,415 [main] INFO  http.HttpServer2 (HttpServer2.java:addFilter(948)) - Added filter static_user_filter (class=org.apache.hadoop.http.lib.StaticUserWebFilter$StaticUserFilter) to context hddsDatanode
2019-09-24 02:31:37,415 [main] INFO  http.HttpServer2 (HttpServer2.java:addFilter(958)) - Added filter static_user_filter (class=org.apache.hadoop.http.lib.StaticUserWebFilter$StaticUserFilter) to context logs
2019-09-24 02:31:37,416 [main] INFO  http.HttpServer2 (HttpServer2.java:addFilter(958)) - Added filter static_user_filter (class=org.apache.hadoop.http.lib.StaticUserWebFilter$StaticUserFilter) to context static
2019-09-24 02:31:37,416 [main] INFO  http.HttpServer2 (HttpServer2.java:bindListener(1191)) - Jetty bound to port 36429
2019-09-24 02:31:37,416 [main] INFO  server.Server (Server.java:doStart(351)) - jetty-9.3.25.v20180904, build timestamp: 2018-09-04T21:11:46Z, git hash: 3ce520221d0240229c862b122d2b06c12a625732
2019-09-24 02:31:37,418 [main] INFO  handler.ContextHandler (ContextHandler.java:doStart(781)) - Started o.e.j.s.ServletContextHandler@289f15e9{/logs,file:///workdir/hadoop-ozone/integration-test/target/log,AVAILABLE}
2019-09-24 02:31:37,418 [main] INFO  handler.ContextHandler (ContextHandler.java:doStart(781)) - Started o.e.j.s.ServletContextHandler@6af87130{/static,jar:file:/home/user/.m2/repository/org/apache/hadoop/hadoop-hdds-container-service/0.5.0-SNAPSHOT/hadoop-hdds-container-service-0.5.0-SNAPSHOT.jar!/webapps/static,AVAILABLE}
2019-09-24 02:31:37,445 [main] INFO  handler.ContextHandler (ContextHandler.java:doStart(781)) - Started o.e.j.w.WebAppContext@2c7c0e36{/,file:///tmp/jetty-0.0.0.0-36429-hddsDatanode-_-any-9137850322912797218.dir/webapp/,AVAILABLE}{/hddsDatanode}
2019-09-24 02:31:37,446 [main] INFO  server.AbstractConnector (AbstractConnector.java:doStart(278)) - Started ServerConnector@307cf964{HTTP/1.1,[http/1.1]}{0.0.0.0:36429}
2019-09-24 02:31:37,446 [main] INFO  server.Server (Server.java:doStart(419)) - Started @576689ms
2019-09-24 02:31:37,447 [main] WARN  impl.MetricsSystemImpl (MetricsSystemImpl.java:register(276)) - Sink prometheus already exists!
2019-09-24 02:31:37,448 [main] INFO  server.BaseHttpServer (BaseHttpServer.java:updateConnectorAddress(215)) - HTTP server of HDDSDATANODE is listening at http://0.0.0.0:36429
2019-09-24 02:31:37,448 [main] INFO  impl.MetricsSystemImpl (MetricsSystemImpl.java:init(158)) - HddsDatanode metrics system started (again)
2019-09-24 02:31:37,453 [org.apache.hadoop.util.JvmPauseMonitor$Monitor@2905ee90] INFO  util.JvmPauseMonitor (JvmPauseMonitor.java:run(188)) - Starting JVM pause monitor
2019-09-24 02:31:37,453 [main] INFO  ozone.HddsDatanodeService (HddsDatanodeService.java:start(184)) - HddsDatanodeService host:pr-hdds-2162-tjkd5-3209850126 ip:192.168.151.121
2019-09-24 02:31:37,632 [Datanode State Machine Thread - 0] INFO  datanode.InitDatanodeState (InitDatanodeState.java:persistContainerDatanodeDetails(140)) - DatanodeDetails is persisted to /workdir/hadoop-ozone/integration-test/target/test-dir/MiniOzoneClusterImpl-3bdd15fc-dee8-458b-a154-153c8414505a/datanode-2/meta/datanode.id
2019-09-24 02:31:37,637 [main] INFO  volume.HddsVolume (HddsVolume.java:<init>(176)) - Creating Volume: /workdir/hadoop-ozone/integration-test/target/test-dir/MiniOzoneClusterImpl-3bdd15fc-dee8-458b-a154-153c8414505a/datanode-3/data/containers/hdds of  storage type : DISK and capacity : 1482555576320
2019-09-24 02:31:37,637 [main] INFO  volume.VolumeSet (VolumeSet.java:initializeVolumeSet(170)) - Added Volume : /workdir/hadoop-ozone/integration-test/target/test-dir/MiniOzoneClusterImpl-3bdd15fc-dee8-458b-a154-153c8414505a/datanode-3/data/containers/hdds to VolumeSet
2019-09-24 02:31:37,638 [main] INFO  volume.ThrottledAsyncChecker (ThrottledAsyncChecker.java:schedule(139)) - Scheduling a check for org.apache.hadoop.ozone.container.common.volume.HddsVolume@1ea930eb
2019-09-24 02:31:37,642 [main] INFO  volume.HddsVolumeChecker (HddsVolumeChecker.java:checkAllVolumes(202)) - Scheduled health check for volume org.apache.hadoop.ozone.container.common.volume.HddsVolume@1ea930eb
2019-09-24 02:31:37,670 [main] INFO  impl.RaftServerProxy (ConfUtils.java:logGet(43)) - raft.rpc.type = GRPC (default)
2019-09-24 02:31:37,670 [main] INFO  grpc.GrpcFactory (GrpcFactory.java:checkPooledByteBufAllocatorUseCacheForAllThreads(45)) - PERFORMANCE WARNING: useCacheForAllThreads is true that may cause Netty to create a lot garbage objects and, as a result, trigger GC.
	It is recommended to disable useCacheForAllThreads by setting -Dorg.apache.ratis.thirdparty.io.netty.allocator.useCacheForAllThreads=false in command line.
2019-09-24 02:31:37,670 [main] INFO  grpc.GrpcConfigKeys$Server (ConfUtils.java:logGet(43)) - raft.grpc.server.port = 0 (default)
2019-09-24 02:31:37,670 [main] INFO  server.GrpcService (ConfUtils.java:logGet(43)) - raft.grpc.message.size.max = 33570816 (custom)
2019-09-24 02:31:37,670 [main] INFO  server.RaftServerConfigKeys (ConfUtils.java:logGet(43)) - raft.server.log.appender.buffer.byte-limit = 33554432 (custom)
2019-09-24 02:31:37,671 [main] INFO  server.GrpcService (ConfUtils.java:logGet(43)) - raft.grpc.flow.control.window = 1MB (=1048576) (default)
2019-09-24 02:31:37,671 [main] INFO  server.RaftServerConfigKeys (ConfUtils.java:logGet(43)) - raft.server.rpc.request.timeout = 3000ms (default)
2019-09-24 02:31:37,671 [main] INFO  server.RaftServerConfigKeys (ConfUtils.java:logGet(43)) - raft.server.storage.dir = [/workdir/hadoop-ozone/integration-test/target/test-dir/MiniOzoneClusterImpl-3bdd15fc-dee8-458b-a154-153c8414505a/datanode-3/data/ratis] (custom)
2019-09-24 02:31:37,673 [main] INFO  hdfs.DFSUtil (DFSUtil.java:httpServerTemplateForNNAndJN(1641)) - Starting Web-server for hddsDatanode at: http://0.0.0.0:0
2019-09-24 02:31:37,675 [main] INFO  server.AuthenticationFilter (AuthenticationFilter.java:constructSecretProvider(240)) - Unable to initialize FileSignerSecretProvider, falling back to use random secrets.
2019-09-24 02:31:37,675 [main] WARN  http.HttpRequestLog (HttpRequestLog.java:getRequestLog(97)) - Jetty request log can only be enabled using Log4j
2019-09-24 02:31:37,677 [main] INFO  http.HttpServer2 (HttpServer2.java:addGlobalFilter(975)) - Added global filter 'safety' (class=org.apache.hadoop.http.HttpServer2$QuotingInputFilter)
2019-09-24 02:31:37,678 [main] INFO  http.HttpServer2 (HttpServer2.java:addFilter(948)) - Added filter static_user_filter (class=org.apache.hadoop.http.lib.StaticUserWebFilter$StaticUserFilter) to context hddsDatanode
2019-09-24 02:31:37,678 [main] INFO  http.HttpServer2 (HttpServer2.java:addFilter(958)) - Added filter static_user_filter (class=org.apache.hadoop.http.lib.StaticUserWebFilter$StaticUserFilter) to context logs
2019-09-24 02:31:37,678 [main] INFO  http.HttpServer2 (HttpServer2.java:addFilter(958)) - Added filter static_user_filter (class=org.apache.hadoop.http.lib.StaticUserWebFilter$StaticUserFilter) to context static
2019-09-24 02:31:37,679 [main] INFO  http.HttpServer2 (HttpServer2.java:bindListener(1191)) - Jetty bound to port 39563
2019-09-24 02:31:37,680 [main] INFO  server.Server (Server.java:doStart(351)) - jetty-9.3.25.v20180904, build timestamp: 2018-09-04T21:11:46Z, git hash: 3ce520221d0240229c862b122d2b06c12a625732
2019-09-24 02:31:37,682 [main] INFO  handler.ContextHandler (ContextHandler.java:doStart(781)) - Started o.e.j.s.ServletContextHandler@621f23ac{/logs,file:///workdir/hadoop-ozone/integration-test/target/log,AVAILABLE}
2019-09-24 02:31:37,682 [main] INFO  handler.ContextHandler (ContextHandler.java:doStart(781)) - Started o.e.j.s.ServletContextHandler@51f68849{/static,jar:file:/home/user/.m2/repository/org/apache/hadoop/hadoop-hdds-container-service/0.5.0-SNAPSHOT/hadoop-hdds-container-service-0.5.0-SNAPSHOT.jar!/webapps/static,AVAILABLE}
2019-09-24 02:31:37,721 [main] INFO  handler.ContextHandler (ContextHandler.java:doStart(781)) - Started o.e.j.w.WebAppContext@781654f8{/,file:///tmp/jetty-0.0.0.0-39563-hddsDatanode-_-any-1827270239008620944.dir/webapp/,AVAILABLE}{/hddsDatanode}
2019-09-24 02:31:37,721 [main] INFO  server.AbstractConnector (AbstractConnector.java:doStart(278)) - Started ServerConnector@2abc55c4{HTTP/1.1,[http/1.1]}{0.0.0.0:39563}
2019-09-24 02:31:37,723 [main] INFO  server.Server (Server.java:doStart(419)) - Started @576967ms
2019-09-24 02:31:37,724 [main] WARN  impl.MetricsSystemImpl (MetricsSystemImpl.java:register(276)) - Sink prometheus already exists!
2019-09-24 02:31:37,724 [main] INFO  server.BaseHttpServer (BaseHttpServer.java:updateConnectorAddress(215)) - HTTP server of HDDSDATANODE is listening at http://0.0.0.0:39563
2019-09-24 02:31:37,725 [main] INFO  impl.MetricsSystemImpl (MetricsSystemImpl.java:init(158)) - HddsDatanode metrics system started (again)
2019-09-24 02:31:37,731 [org.apache.hadoop.util.JvmPauseMonitor$Monitor@4192caf3] INFO  util.JvmPauseMonitor (JvmPauseMonitor.java:run(188)) - Starting JVM pause monitor
2019-09-24 02:31:37,731 [main] INFO  ozone.HddsDatanodeService (HddsDatanodeService.java:start(184)) - HddsDatanodeService host:pr-hdds-2162-tjkd5-3209850126 ip:192.168.151.121
2019-09-24 02:31:37,733 [Datanode State Machine Thread - 0] INFO  datanode.InitDatanodeState (InitDatanodeState.java:persistContainerDatanodeDetails(140)) - DatanodeDetails is persisted to /workdir/hadoop-ozone/integration-test/target/test-dir/MiniOzoneClusterImpl-3bdd15fc-dee8-458b-a154-153c8414505a/datanode-3/meta/datanode.id
2019-09-24 02:31:37,739 [main] INFO  volume.HddsVolume (HddsVolume.java:<init>(176)) - Creating Volume: /workdir/hadoop-ozone/integration-test/target/test-dir/MiniOzoneClusterImpl-3bdd15fc-dee8-458b-a154-153c8414505a/datanode-4/data/containers/hdds of  storage type : DISK and capacity : 1482555576320
2019-09-24 02:31:37,740 [main] INFO  volume.VolumeSet (VolumeSet.java:initializeVolumeSet(170)) - Added Volume : /workdir/hadoop-ozone/integration-test/target/test-dir/MiniOzoneClusterImpl-3bdd15fc-dee8-458b-a154-153c8414505a/datanode-4/data/containers/hdds to VolumeSet
2019-09-24 02:31:37,740 [main] INFO  volume.ThrottledAsyncChecker (ThrottledAsyncChecker.java:schedule(139)) - Scheduling a check for org.apache.hadoop.ozone.container.common.volume.HddsVolume@79cb8ffa
2019-09-24 02:31:37,741 [main] INFO  volume.HddsVolumeChecker (HddsVolumeChecker.java:checkAllVolumes(202)) - Scheduled health check for volume org.apache.hadoop.ozone.container.common.volume.HddsVolume@79cb8ffa
2019-09-24 02:31:37,758 [main] INFO  impl.RaftServerProxy (ConfUtils.java:logGet(43)) - raft.rpc.type = GRPC (default)
2019-09-24 02:31:37,758 [main] INFO  grpc.GrpcFactory (GrpcFactory.java:checkPooledByteBufAllocatorUseCacheForAllThreads(45)) - PERFORMANCE WARNING: useCacheForAllThreads is true that may cause Netty to create a lot garbage objects and, as a result, trigger GC.
	It is recommended to disable useCacheForAllThreads by setting -Dorg.apache.ratis.thirdparty.io.netty.allocator.useCacheForAllThreads=false in command line.
2019-09-24 02:31:37,759 [main] INFO  grpc.GrpcConfigKeys$Server (ConfUtils.java:logGet(43)) - raft.grpc.server.port = 0 (default)
2019-09-24 02:31:37,759 [main] INFO  server.GrpcService (ConfUtils.java:logGet(43)) - raft.grpc.message.size.max = 33570816 (custom)
2019-09-24 02:31:37,759 [main] INFO  server.RaftServerConfigKeys (ConfUtils.java:logGet(43)) - raft.server.log.appender.buffer.byte-limit = 33554432 (custom)
2019-09-24 02:31:37,760 [main] INFO  server.GrpcService (ConfUtils.java:logGet(43)) - raft.grpc.flow.control.window = 1MB (=1048576) (default)
2019-09-24 02:31:37,760 [main] INFO  server.RaftServerConfigKeys (ConfUtils.java:logGet(43)) - raft.server.rpc.request.timeout = 3000ms (default)
2019-09-24 02:31:37,760 [main] INFO  server.RaftServerConfigKeys (ConfUtils.java:logGet(43)) - raft.server.storage.dir = [/workdir/hadoop-ozone/integration-test/target/test-dir/MiniOzoneClusterImpl-3bdd15fc-dee8-458b-a154-153c8414505a/datanode-4/data/ratis] (custom)
2019-09-24 02:31:37,762 [main] INFO  hdfs.DFSUtil (DFSUtil.java:httpServerTemplateForNNAndJN(1641)) - Starting Web-server for hddsDatanode at: http://0.0.0.0:0
2019-09-24 02:31:37,763 [main] INFO  server.AuthenticationFilter (AuthenticationFilter.java:constructSecretProvider(240)) - Unable to initialize FileSignerSecretProvider, falling back to use random secrets.
2019-09-24 02:31:37,764 [main] WARN  http.HttpRequestLog (HttpRequestLog.java:getRequestLog(97)) - Jetty request log can only be enabled using Log4j
2019-09-24 02:31:37,766 [main] INFO  http.HttpServer2 (HttpServer2.java:addGlobalFilter(975)) - Added global filter 'safety' (class=org.apache.hadoop.http.HttpServer2$QuotingInputFilter)
2019-09-24 02:31:37,766 [main] INFO  http.HttpServer2 (HttpServer2.java:addFilter(948)) - Added filter static_user_filter (class=org.apache.hadoop.http.lib.StaticUserWebFilter$StaticUserFilter) to context hddsDatanode
2019-09-24 02:31:37,766 [main] INFO  http.HttpServer2 (HttpServer2.java:addFilter(958)) - Added filter static_user_filter (class=org.apache.hadoop.http.lib.StaticUserWebFilter$StaticUserFilter) to context static
2019-09-24 02:31:37,767 [main] INFO  http.HttpServer2 (HttpServer2.java:addFilter(958)) - Added filter static_user_filter (class=org.apache.hadoop.http.lib.StaticUserWebFilter$StaticUserFilter) to context logs
2019-09-24 02:31:37,768 [main] INFO  http.HttpServer2 (HttpServer2.java:bindListener(1191)) - Jetty bound to port 41278
2019-09-24 02:31:37,768 [main] INFO  server.Server (Server.java:doStart(351)) - jetty-9.3.25.v20180904, build timestamp: 2018-09-04T21:11:46Z, git hash: 3ce520221d0240229c862b122d2b06c12a625732
2019-09-24 02:31:37,770 [main] INFO  handler.ContextHandler (ContextHandler.java:doStart(781)) - Started o.e.j.s.ServletContextHandler@4245bf68{/logs,file:///workdir/hadoop-ozone/integration-test/target/log,AVAILABLE}
2019-09-24 02:31:37,770 [main] INFO  handler.ContextHandler (ContextHandler.java:doStart(781)) - Started o.e.j.s.ServletContextHandler@6a8a551e{/static,jar:file:/home/user/.m2/repository/org/apache/hadoop/hadoop-hdds-container-service/0.5.0-SNAPSHOT/hadoop-hdds-container-service-0.5.0-SNAPSHOT.jar!/webapps/static,AVAILABLE}
2019-09-24 02:31:37,807 [main] INFO  handler.ContextHandler (ContextHandler.java:doStart(781)) - Started o.e.j.w.WebAppContext@50cbcca7{/,file:///tmp/jetty-0.0.0.0-41278-hddsDatanode-_-any-4127638891232296651.dir/webapp/,AVAILABLE}{/hddsDatanode}
2019-09-24 02:31:37,807 [main] INFO  server.AbstractConnector (AbstractConnector.java:doStart(278)) - Started ServerConnector@49491770{HTTP/1.1,[http/1.1]}{0.0.0.0:41278}
2019-09-24 02:31:37,807 [main] INFO  server.Server (Server.java:doStart(419)) - Started @577051ms
2019-09-24 02:31:37,809 [main] WARN  impl.MetricsSystemImpl (MetricsSystemImpl.java:register(276)) - Sink prometheus already exists!
2019-09-24 02:31:37,810 [main] INFO  server.BaseHttpServer (BaseHttpServer.java:updateConnectorAddress(215)) - HTTP server of HDDSDATANODE is listening at http://0.0.0.0:41278
2019-09-24 02:31:37,810 [main] INFO  impl.MetricsSystemImpl (MetricsSystemImpl.java:init(158)) - HddsDatanode metrics system started (again)
2019-09-24 02:31:37,815 [main] INFO  ozone.HddsDatanodeService (HddsDatanodeService.java:start(184)) - HddsDatanodeService host:pr-hdds-2162-tjkd5-3209850126 ip:192.168.151.121
2019-09-24 02:31:37,815 [org.apache.hadoop.util.JvmPauseMonitor$Monitor@5939176d] INFO  util.JvmPauseMonitor (JvmPauseMonitor.java:run(188)) - Starting JVM pause monitor
2019-09-24 02:31:37,817 [Datanode State Machine Thread - 0] INFO  datanode.InitDatanodeState (InitDatanodeState.java:persistContainerDatanodeDetails(140)) - DatanodeDetails is persisted to /workdir/hadoop-ozone/integration-test/target/test-dir/MiniOzoneClusterImpl-3bdd15fc-dee8-458b-a154-153c8414505a/datanode-4/meta/datanode.id
2019-09-24 02:31:37,823 [main] INFO  volume.HddsVolume (HddsVolume.java:<init>(176)) - Creating Volume: /workdir/hadoop-ozone/integration-test/target/test-dir/MiniOzoneClusterImpl-3bdd15fc-dee8-458b-a154-153c8414505a/datanode-5/data/containers/hdds of  storage type : DISK and capacity : 1482555576320
2019-09-24 02:31:37,823 [main] INFO  volume.VolumeSet (VolumeSet.java:initializeVolumeSet(170)) - Added Volume : /workdir/hadoop-ozone/integration-test/target/test-dir/MiniOzoneClusterImpl-3bdd15fc-dee8-458b-a154-153c8414505a/datanode-5/data/containers/hdds to VolumeSet
2019-09-24 02:31:37,823 [main] INFO  volume.ThrottledAsyncChecker (ThrottledAsyncChecker.java:schedule(139)) - Scheduling a check for org.apache.hadoop.ozone.container.common.volume.HddsVolume@49754e74
2019-09-24 02:31:37,823 [main] INFO  volume.HddsVolumeChecker (HddsVolumeChecker.java:checkAllVolumes(202)) - Scheduled health check for volume org.apache.hadoop.ozone.container.common.volume.HddsVolume@49754e74
2019-09-24 02:31:37,837 [main] INFO  impl.RaftServerProxy (ConfUtils.java:logGet(43)) - raft.rpc.type = GRPC (default)
2019-09-24 02:31:37,838 [main] INFO  grpc.GrpcFactory (GrpcFactory.java:checkPooledByteBufAllocatorUseCacheForAllThreads(45)) - PERFORMANCE WARNING: useCacheForAllThreads is true that may cause Netty to create a lot garbage objects and, as a result, trigger GC.
	It is recommended to disable useCacheForAllThreads by setting -Dorg.apache.ratis.thirdparty.io.netty.allocator.useCacheForAllThreads=false in command line.
2019-09-24 02:31:37,838 [main] INFO  grpc.GrpcConfigKeys$Server (ConfUtils.java:logGet(43)) - raft.grpc.server.port = 0 (default)
2019-09-24 02:31:37,838 [main] INFO  server.GrpcService (ConfUtils.java:logGet(43)) - raft.grpc.message.size.max = 33570816 (custom)
2019-09-24 02:31:37,838 [main] INFO  server.RaftServerConfigKeys (ConfUtils.java:logGet(43)) - raft.server.log.appender.buffer.byte-limit = 33554432 (custom)
2019-09-24 02:31:37,838 [main] INFO  server.GrpcService (ConfUtils.java:logGet(43)) - raft.grpc.flow.control.window = 1MB (=1048576) (default)
2019-09-24 02:31:37,839 [main] INFO  server.RaftServerConfigKeys (ConfUtils.java:logGet(43)) - raft.server.rpc.request.timeout = 3000ms (default)
2019-09-24 02:31:37,839 [main] INFO  server.RaftServerConfigKeys (ConfUtils.java:logGet(43)) - raft.server.storage.dir = [/workdir/hadoop-ozone/integration-test/target/test-dir/MiniOzoneClusterImpl-3bdd15fc-dee8-458b-a154-153c8414505a/datanode-5/data/ratis] (custom)
2019-09-24 02:31:37,840 [main] INFO  hdfs.DFSUtil (DFSUtil.java:httpServerTemplateForNNAndJN(1641)) - Starting Web-server for hddsDatanode at: http://0.0.0.0:0
2019-09-24 02:31:37,842 [main] INFO  server.AuthenticationFilter (AuthenticationFilter.java:constructSecretProvider(240)) - Unable to initialize FileSignerSecretProvider, falling back to use random secrets.
2019-09-24 02:31:37,842 [main] WARN  http.HttpRequestLog (HttpRequestLog.java:getRequestLog(97)) - Jetty request log can only be enabled using Log4j
2019-09-24 02:31:37,844 [main] INFO  http.HttpServer2 (HttpServer2.java:addGlobalFilter(975)) - Added global filter 'safety' (class=org.apache.hadoop.http.HttpServer2$QuotingInputFilter)
2019-09-24 02:31:37,845 [main] INFO  http.HttpServer2 (HttpServer2.java:addFilter(948)) - Added filter static_user_filter (class=org.apache.hadoop.http.lib.StaticUserWebFilter$StaticUserFilter) to context hddsDatanode
2019-09-24 02:31:37,845 [main] INFO  http.HttpServer2 (HttpServer2.java:addFilter(958)) - Added filter static_user_filter (class=org.apache.hadoop.http.lib.StaticUserWebFilter$StaticUserFilter) to context static
2019-09-24 02:31:37,845 [main] INFO  http.HttpServer2 (HttpServer2.java:addFilter(958)) - Added filter static_user_filter (class=org.apache.hadoop.http.lib.StaticUserWebFilter$StaticUserFilter) to context logs
2019-09-24 02:31:37,846 [main] INFO  http.HttpServer2 (HttpServer2.java:bindListener(1191)) - Jetty bound to port 36112
2019-09-24 02:31:37,846 [main] INFO  server.Server (Server.java:doStart(351)) - jetty-9.3.25.v20180904, build timestamp: 2018-09-04T21:11:46Z, git hash: 3ce520221d0240229c862b122d2b06c12a625732
2019-09-24 02:31:37,848 [main] INFO  handler.ContextHandler (ContextHandler.java:doStart(781)) - Started o.e.j.s.ServletContextHandler@5d2a86c0{/logs,file:///workdir/hadoop-ozone/integration-test/target/log,AVAILABLE}
2019-09-24 02:31:37,849 [main] INFO  handler.ContextHandler (ContextHandler.java:doStart(781)) - Started o.e.j.s.ServletContextHandler@65bd19bf{/static,jar:file:/home/user/.m2/repository/org/apache/hadoop/hadoop-hdds-container-service/0.5.0-SNAPSHOT/hadoop-hdds-container-service-0.5.0-SNAPSHOT.jar!/webapps/static,AVAILABLE}
2019-09-24 02:31:37,891 [main] INFO  handler.ContextHandler (ContextHandler.java:doStart(781)) - Started o.e.j.w.WebAppContext@1304e0d7{/,file:///tmp/jetty-0.0.0.0-36112-hddsDatanode-_-any-5576466910858572294.dir/webapp/,AVAILABLE}{/hddsDatanode}
2019-09-24 02:31:37,891 [main] INFO  server.AbstractConnector (AbstractConnector.java:doStart(278)) - Started ServerConnector@6ddc67d0{HTTP/1.1,[http/1.1]}{0.0.0.0:36112}
2019-09-24 02:31:37,893 [main] INFO  server.Server (Server.java:doStart(419)) - Started @577136ms
2019-09-24 02:31:37,893 [main] WARN  impl.MetricsSystemImpl (MetricsSystemImpl.java:register(276)) - Sink prometheus already exists!
2019-09-24 02:31:37,894 [main] INFO  server.BaseHttpServer (BaseHttpServer.java:updateConnectorAddress(215)) - HTTP server of HDDSDATANODE is listening at http://0.0.0.0:36112
2019-09-24 02:31:37,895 [main] INFO  impl.MetricsSystemImpl (MetricsSystemImpl.java:init(158)) - HddsDatanode metrics system started (again)
2019-09-24 02:31:37,902 [org.apache.hadoop.util.JvmPauseMonitor$Monitor@3a3446b9] INFO  util.JvmPauseMonitor (JvmPauseMonitor.java:run(188)) - Starting JVM pause monitor
2019-09-24 02:31:37,902 [main] INFO  ozone.HddsDatanodeService (HddsDatanodeService.java:start(184)) - HddsDatanodeService host:pr-hdds-2162-tjkd5-3209850126 ip:192.168.151.121
2019-09-24 02:31:37,903 [Datanode State Machine Thread - 0] INFO  datanode.InitDatanodeState (InitDatanodeState.java:persistContainerDatanodeDetails(140)) - DatanodeDetails is persisted to /workdir/hadoop-ozone/integration-test/target/test-dir/MiniOzoneClusterImpl-3bdd15fc-dee8-458b-a154-153c8414505a/datanode-5/meta/datanode.id
2019-09-24 02:31:37,910 [main] INFO  volume.HddsVolume (HddsVolume.java:<init>(176)) - Creating Volume: /workdir/hadoop-ozone/integration-test/target/test-dir/MiniOzoneClusterImpl-3bdd15fc-dee8-458b-a154-153c8414505a/datanode-6/data/containers/hdds of  storage type : DISK and capacity : 1482555576320
2019-09-24 02:31:37,910 [main] INFO  volume.VolumeSet (VolumeSet.java:initializeVolumeSet(170)) - Added Volume : /workdir/hadoop-ozone/integration-test/target/test-dir/MiniOzoneClusterImpl-3bdd15fc-dee8-458b-a154-153c8414505a/datanode-6/data/containers/hdds to VolumeSet
2019-09-24 02:31:37,911 [main] INFO  volume.ThrottledAsyncChecker (ThrottledAsyncChecker.java:schedule(139)) - Scheduling a check for org.apache.hadoop.ozone.container.common.volume.HddsVolume@103c97ff
2019-09-24 02:31:37,911 [main] INFO  volume.HddsVolumeChecker (HddsVolumeChecker.java:checkAllVolumes(202)) - Scheduled health check for volume org.apache.hadoop.ozone.container.common.volume.HddsVolume@103c97ff
2019-09-24 02:31:37,927 [main] INFO  impl.RaftServerProxy (ConfUtils.java:logGet(43)) - raft.rpc.type = GRPC (default)
2019-09-24 02:31:37,927 [main] INFO  grpc.GrpcFactory (GrpcFactory.java:checkPooledByteBufAllocatorUseCacheForAllThreads(45)) - PERFORMANCE WARNING: useCacheForAllThreads is true that may cause Netty to create a lot garbage objects and, as a result, trigger GC.
	It is recommended to disable useCacheForAllThreads by setting -Dorg.apache.ratis.thirdparty.io.netty.allocator.useCacheForAllThreads=false in command line.
2019-09-24 02:31:37,927 [main] INFO  grpc.GrpcConfigKeys$Server (ConfUtils.java:logGet(43)) - raft.grpc.server.port = 0 (default)
2019-09-24 02:31:37,928 [main] INFO  server.GrpcService (ConfUtils.java:logGet(43)) - raft.grpc.message.size.max = 33570816 (custom)
2019-09-24 02:31:37,928 [main] INFO  server.RaftServerConfigKeys (ConfUtils.java:logGet(43)) - raft.server.log.appender.buffer.byte-limit = 33554432 (custom)
2019-09-24 02:31:37,928 [main] INFO  server.GrpcService (ConfUtils.java:logGet(43)) - raft.grpc.flow.control.window = 1MB (=1048576) (default)
2019-09-24 02:31:37,928 [main] INFO  server.RaftServerConfigKeys (ConfUtils.java:logGet(43)) - raft.server.rpc.request.timeout = 3000ms (default)
2019-09-24 02:31:37,929 [main] INFO  server.RaftServerConfigKeys (ConfUtils.java:logGet(43)) - raft.server.storage.dir = [/workdir/hadoop-ozone/integration-test/target/test-dir/MiniOzoneClusterImpl-3bdd15fc-dee8-458b-a154-153c8414505a/datanode-6/data/ratis] (custom)
2019-09-24 02:31:37,930 [main] INFO  hdfs.DFSUtil (DFSUtil.java:httpServerTemplateForNNAndJN(1641)) - Starting Web-server for hddsDatanode at: http://0.0.0.0:0
2019-09-24 02:31:37,932 [main] INFO  server.AuthenticationFilter (AuthenticationFilter.java:constructSecretProvider(240)) - Unable to initialize FileSignerSecretProvider, falling back to use random secrets.
2019-09-24 02:31:37,932 [main] WARN  http.HttpRequestLog (HttpRequestLog.java:getRequestLog(97)) - Jetty request log can only be enabled using Log4j
2019-09-24 02:31:37,934 [main] INFO  http.HttpServer2 (HttpServer2.java:addGlobalFilter(975)) - Added global filter 'safety' (class=org.apache.hadoop.http.HttpServer2$QuotingInputFilter)
2019-09-24 02:31:37,935 [main] INFO  http.HttpServer2 (HttpServer2.java:addFilter(948)) - Added filter static_user_filter (class=org.apache.hadoop.http.lib.StaticUserWebFilter$StaticUserFilter) to context hddsDatanode
2019-09-24 02:31:37,935 [main] INFO  http.HttpServer2 (HttpServer2.java:addFilter(958)) - Added filter static_user_filter (class=org.apache.hadoop.http.lib.StaticUserWebFilter$StaticUserFilter) to context logs
2019-09-24 02:31:37,936 [main] INFO  http.HttpServer2 (HttpServer2.java:addFilter(958)) - Added filter static_user_filter (class=org.apache.hadoop.http.lib.StaticUserWebFilter$StaticUserFilter) to context static
2019-09-24 02:31:37,937 [main] INFO  http.HttpServer2 (HttpServer2.java:bindListener(1191)) - Jetty bound to port 40001
2019-09-24 02:31:37,937 [main] INFO  server.Server (Server.java:doStart(351)) - jetty-9.3.25.v20180904, build timestamp: 2018-09-04T21:11:46Z, git hash: 3ce520221d0240229c862b122d2b06c12a625732
2019-09-24 02:31:37,939 [main] INFO  handler.ContextHandler (ContextHandler.java:doStart(781)) - Started o.e.j.s.ServletContextHandler@283ab206{/logs,file:///workdir/hadoop-ozone/integration-test/target/log,AVAILABLE}
2019-09-24 02:31:37,939 [main] INFO  handler.ContextHandler (ContextHandler.java:doStart(781)) - Started o.e.j.s.ServletContextHandler@3e03046d{/static,jar:file:/home/user/.m2/repository/org/apache/hadoop/hadoop-hdds-container-service/0.5.0-SNAPSHOT/hadoop-hdds-container-service-0.5.0-SNAPSHOT.jar!/webapps/static,AVAILABLE}
2019-09-24 02:31:37,982 [main] INFO  handler.ContextHandler (ContextHandler.java:doStart(781)) - Started o.e.j.w.WebAppContext@4ea1aa52{/,file:///tmp/jetty-0.0.0.0-40001-hddsDatanode-_-any-6463419346575639772.dir/webapp/,AVAILABLE}{/hddsDatanode}
2019-09-24 02:31:37,982 [main] INFO  server.AbstractConnector (AbstractConnector.java:doStart(278)) - Started ServerConnector@74123110{HTTP/1.1,[http/1.1]}{0.0.0.0:40001}
2019-09-24 02:31:37,984 [main] INFO  server.Server (Server.java:doStart(419)) - Started @577228ms
2019-09-24 02:31:37,985 [main] WARN  impl.MetricsSystemImpl (MetricsSystemImpl.java:register(276)) - Sink prometheus already exists!
2019-09-24 02:31:37,986 [main] INFO  server.BaseHttpServer (BaseHttpServer.java:updateConnectorAddress(215)) - HTTP server of HDDSDATANODE is listening at http://0.0.0.0:40001
2019-09-24 02:31:37,987 [main] INFO  impl.MetricsSystemImpl (MetricsSystemImpl.java:init(158)) - HddsDatanode metrics system started (again)
2019-09-24 02:31:37,993 [org.apache.hadoop.util.JvmPauseMonitor$Monitor@521dc64b] INFO  util.JvmPauseMonitor (JvmPauseMonitor.java:run(188)) - Starting JVM pause monitor
2019-09-24 02:31:37,993 [main] INFO  ozone.HddsDatanodeService (HddsDatanodeService.java:start(184)) - HddsDatanodeService host:pr-hdds-2162-tjkd5-3209850126 ip:192.168.151.121
2019-09-24 02:31:37,995 [Datanode State Machine Thread - 0] INFO  datanode.InitDatanodeState (InitDatanodeState.java:persistContainerDatanodeDetails(140)) - DatanodeDetails is persisted to /workdir/hadoop-ozone/integration-test/target/test-dir/MiniOzoneClusterImpl-3bdd15fc-dee8-458b-a154-153c8414505a/datanode-6/meta/datanode.id
2019-09-24 02:31:38,001 [main] INFO  volume.HddsVolume (HddsVolume.java:<init>(176)) - Creating Volume: /workdir/hadoop-ozone/integration-test/target/test-dir/MiniOzoneClusterImpl-3bdd15fc-dee8-458b-a154-153c8414505a/datanode-7/data/containers/hdds of  storage type : DISK and capacity : 1482555576320
2019-09-24 02:31:38,001 [main] INFO  volume.VolumeSet (VolumeSet.java:initializeVolumeSet(170)) - Added Volume : /workdir/hadoop-ozone/integration-test/target/test-dir/MiniOzoneClusterImpl-3bdd15fc-dee8-458b-a154-153c8414505a/datanode-7/data/containers/hdds to VolumeSet
2019-09-24 02:31:38,002 [main] INFO  volume.ThrottledAsyncChecker (ThrottledAsyncChecker.java:schedule(139)) - Scheduling a check for org.apache.hadoop.ozone.container.common.volume.HddsVolume@3e6748ae
2019-09-24 02:31:38,002 [main] INFO  volume.HddsVolumeChecker (HddsVolumeChecker.java:checkAllVolumes(202)) - Scheduled health check for volume org.apache.hadoop.ozone.container.common.volume.HddsVolume@3e6748ae
2019-09-24 02:31:38,015 [main] INFO  impl.RaftServerProxy (ConfUtils.java:logGet(43)) - raft.rpc.type = GRPC (default)
2019-09-24 02:31:38,015 [main] INFO  grpc.GrpcFactory (GrpcFactory.java:checkPooledByteBufAllocatorUseCacheForAllThreads(45)) - PERFORMANCE WARNING: useCacheForAllThreads is true that may cause Netty to create a lot garbage objects and, as a result, trigger GC.
	It is recommended to disable useCacheForAllThreads by setting -Dorg.apache.ratis.thirdparty.io.netty.allocator.useCacheForAllThreads=false in command line.
2019-09-24 02:31:38,016 [main] INFO  grpc.GrpcConfigKeys$Server (ConfUtils.java:logGet(43)) - raft.grpc.server.port = 0 (default)
2019-09-24 02:31:38,016 [main] INFO  server.GrpcService (ConfUtils.java:logGet(43)) - raft.grpc.message.size.max = 33570816 (custom)
2019-09-24 02:31:38,016 [main] INFO  server.RaftServerConfigKeys (ConfUtils.java:logGet(43)) - raft.server.log.appender.buffer.byte-limit = 33554432 (custom)
2019-09-24 02:31:38,016 [main] INFO  server.GrpcService (ConfUtils.java:logGet(43)) - raft.grpc.flow.control.window = 1MB (=1048576) (default)
2019-09-24 02:31:38,016 [main] INFO  server.RaftServerConfigKeys (ConfUtils.java:logGet(43)) - raft.server.rpc.request.timeout = 3000ms (default)
2019-09-24 02:31:38,017 [main] INFO  server.RaftServerConfigKeys (ConfUtils.java:logGet(43)) - raft.server.storage.dir = [/workdir/hadoop-ozone/integration-test/target/test-dir/MiniOzoneClusterImpl-3bdd15fc-dee8-458b-a154-153c8414505a/datanode-7/data/ratis] (custom)
2019-09-24 02:31:38,018 [main] INFO  hdfs.DFSUtil (DFSUtil.java:httpServerTemplateForNNAndJN(1641)) - Starting Web-server for hddsDatanode at: http://0.0.0.0:0
2019-09-24 02:31:38,019 [main] INFO  server.AuthenticationFilter (AuthenticationFilter.java:constructSecretProvider(240)) - Unable to initialize FileSignerSecretProvider, falling back to use random secrets.
2019-09-24 02:31:38,019 [main] WARN  http.HttpRequestLog (HttpRequestLog.java:getRequestLog(97)) - Jetty request log can only be enabled using Log4j
2019-09-24 02:31:38,020 [main] INFO  http.HttpServer2 (HttpServer2.java:addGlobalFilter(975)) - Added global filter 'safety' (class=org.apache.hadoop.http.HttpServer2$QuotingInputFilter)
2019-09-24 02:31:38,021 [main] INFO  http.HttpServer2 (HttpServer2.java:addFilter(948)) - Added filter static_user_filter (class=org.apache.hadoop.http.lib.StaticUserWebFilter$StaticUserFilter) to context hddsDatanode
2019-09-24 02:31:38,021 [main] INFO  http.HttpServer2 (HttpServer2.java:addFilter(958)) - Added filter static_user_filter (class=org.apache.hadoop.http.lib.StaticUserWebFilter$StaticUserFilter) to context static
2019-09-24 02:31:38,021 [main] INFO  http.HttpServer2 (HttpServer2.java:addFilter(958)) - Added filter static_user_filter (class=org.apache.hadoop.http.lib.StaticUserWebFilter$StaticUserFilter) to context logs
2019-09-24 02:31:38,022 [main] INFO  http.HttpServer2 (HttpServer2.java:bindListener(1191)) - Jetty bound to port 41107
2019-09-24 02:31:38,022 [main] INFO  server.Server (Server.java:doStart(351)) - jetty-9.3.25.v20180904, build timestamp: 2018-09-04T21:11:46Z, git hash: 3ce520221d0240229c862b122d2b06c12a625732
2019-09-24 02:31:38,023 [main] INFO  handler.ContextHandler (ContextHandler.java:doStart(781)) - Started o.e.j.s.ServletContextHandler@44fd7ba4{/logs,file:///workdir/hadoop-ozone/integration-test/target/log,AVAILABLE}
2019-09-24 02:31:38,024 [main] INFO  handler.ContextHandler (ContextHandler.java:doStart(781)) - Started o.e.j.s.ServletContextHandler@69d103f0{/static,jar:file:/home/user/.m2/repository/org/apache/hadoop/hadoop-hdds-container-service/0.5.0-SNAPSHOT/hadoop-hdds-container-service-0.5.0-SNAPSHOT.jar!/webapps/static,AVAILABLE}
2019-09-24 02:31:38,058 [main] INFO  handler.ContextHandler (ContextHandler.java:doStart(781)) - Started o.e.j.w.WebAppContext@409732fb{/,file:///tmp/jetty-0.0.0.0-41107-hddsDatanode-_-any-4401702444722940121.dir/webapp/,AVAILABLE}{/hddsDatanode}
2019-09-24 02:31:38,061 [main] INFO  server.AbstractConnector (AbstractConnector.java:doStart(278)) - Started ServerConnector@73d62b5{HTTP/1.1,[http/1.1]}{0.0.0.0:41107}
2019-09-24 02:31:38,062 [main] INFO  server.Server (Server.java:doStart(419)) - Started @577305ms
2019-09-24 02:31:38,062 [main] WARN  impl.MetricsSystemImpl (MetricsSystemImpl.java:register(276)) - Sink prometheus already exists!
2019-09-24 02:31:38,063 [main] INFO  server.BaseHttpServer (BaseHttpServer.java:updateConnectorAddress(215)) - HTTP server of HDDSDATANODE is listening at http://0.0.0.0:41107
2019-09-24 02:31:38,064 [main] INFO  impl.MetricsSystemImpl (MetricsSystemImpl.java:init(158)) - HddsDatanode metrics system started (again)
2019-09-24 02:31:38,070 [org.apache.hadoop.util.JvmPauseMonitor$Monitor@4d7c66f4] INFO  util.JvmPauseMonitor (JvmPauseMonitor.java:run(188)) - Starting JVM pause monitor
2019-09-24 02:31:38,071 [main] INFO  ozone.HddsDatanodeService (HddsDatanodeService.java:start(184)) - HddsDatanodeService host:pr-hdds-2162-tjkd5-3209850126 ip:192.168.151.121
2019-09-24 02:31:38,073 [Datanode State Machine Thread - 0] INFO  datanode.InitDatanodeState (InitDatanodeState.java:persistContainerDatanodeDetails(140)) - DatanodeDetails is persisted to /workdir/hadoop-ozone/integration-test/target/test-dir/MiniOzoneClusterImpl-3bdd15fc-dee8-458b-a154-153c8414505a/datanode-7/meta/datanode.id
2019-09-24 02:31:38,077 [main] INFO  volume.HddsVolume (HddsVolume.java:<init>(176)) - Creating Volume: /workdir/hadoop-ozone/integration-test/target/test-dir/MiniOzoneClusterImpl-3bdd15fc-dee8-458b-a154-153c8414505a/datanode-8/data/containers/hdds of  storage type : DISK and capacity : 1482555576320
2019-09-24 02:31:38,078 [main] INFO  volume.VolumeSet (VolumeSet.java:initializeVolumeSet(170)) - Added Volume : /workdir/hadoop-ozone/integration-test/target/test-dir/MiniOzoneClusterImpl-3bdd15fc-dee8-458b-a154-153c8414505a/datanode-8/data/containers/hdds to VolumeSet
2019-09-24 02:31:38,078 [main] INFO  volume.ThrottledAsyncChecker (ThrottledAsyncChecker.java:schedule(139)) - Scheduling a check for org.apache.hadoop.ozone.container.common.volume.HddsVolume@1c62c3fd
2019-09-24 02:31:38,078 [main] INFO  volume.HddsVolumeChecker (HddsVolumeChecker.java:checkAllVolumes(202)) - Scheduled health check for volume org.apache.hadoop.ozone.container.common.volume.HddsVolume@1c62c3fd
2019-09-24 02:31:38,094 [main] INFO  impl.RaftServerProxy (ConfUtils.java:logGet(43)) - raft.rpc.type = GRPC (default)
2019-09-24 02:31:38,095 [main] INFO  grpc.GrpcFactory (GrpcFactory.java:checkPooledByteBufAllocatorUseCacheForAllThreads(45)) - PERFORMANCE WARNING: useCacheForAllThreads is true that may cause Netty to create a lot garbage objects and, as a result, trigger GC.
	It is recommended to disable useCacheForAllThreads by setting -Dorg.apache.ratis.thirdparty.io.netty.allocator.useCacheForAllThreads=false in command line.
2019-09-24 02:31:38,095 [main] INFO  grpc.GrpcConfigKeys$Server (ConfUtils.java:logGet(43)) - raft.grpc.server.port = 0 (default)
2019-09-24 02:31:38,095 [main] INFO  server.GrpcService (ConfUtils.java:logGet(43)) - raft.grpc.message.size.max = 33570816 (custom)
2019-09-24 02:31:38,096 [main] INFO  server.RaftServerConfigKeys (ConfUtils.java:logGet(43)) - raft.server.log.appender.buffer.byte-limit = 33554432 (custom)
2019-09-24 02:31:38,096 [main] INFO  server.GrpcService (ConfUtils.java:logGet(43)) - raft.grpc.flow.control.window = 1MB (=1048576) (default)
2019-09-24 02:31:38,096 [main] INFO  server.RaftServerConfigKeys (ConfUtils.java:logGet(43)) - raft.server.rpc.request.timeout = 3000ms (default)
2019-09-24 02:31:38,097 [main] INFO  server.RaftServerConfigKeys (ConfUtils.java:logGet(43)) - raft.server.storage.dir = [/workdir/hadoop-ozone/integration-test/target/test-dir/MiniOzoneClusterImpl-3bdd15fc-dee8-458b-a154-153c8414505a/datanode-8/data/ratis] (custom)
2019-09-24 02:31:38,099 [main] INFO  hdfs.DFSUtil (DFSUtil.java:httpServerTemplateForNNAndJN(1641)) - Starting Web-server for hddsDatanode at: http://0.0.0.0:0
2019-09-24 02:31:38,101 [main] INFO  server.AuthenticationFilter (AuthenticationFilter.java:constructSecretProvider(240)) - Unable to initialize FileSignerSecretProvider, falling back to use random secrets.
2019-09-24 02:31:38,102 [main] WARN  http.HttpRequestLog (HttpRequestLog.java:getRequestLog(97)) - Jetty request log can only be enabled using Log4j
2019-09-24 02:31:38,104 [main] INFO  http.HttpServer2 (HttpServer2.java:addGlobalFilter(975)) - Added global filter 'safety' (class=org.apache.hadoop.http.HttpServer2$QuotingInputFilter)
2019-09-24 02:31:38,104 [main] INFO  http.HttpServer2 (HttpServer2.java:addFilter(948)) - Added filter static_user_filter (class=org.apache.hadoop.http.lib.StaticUserWebFilter$StaticUserFilter) to context hddsDatanode
2019-09-24 02:31:38,105 [main] INFO  http.HttpServer2 (HttpServer2.java:addFilter(958)) - Added filter static_user_filter (class=org.apache.hadoop.http.lib.StaticUserWebFilter$StaticUserFilter) to context logs
2019-09-24 02:31:38,105 [main] INFO  http.HttpServer2 (HttpServer2.java:addFilter(958)) - Added filter static_user_filter (class=org.apache.hadoop.http.lib.StaticUserWebFilter$StaticUserFilter) to context static
2019-09-24 02:31:38,106 [main] INFO  http.HttpServer2 (HttpServer2.java:bindListener(1191)) - Jetty bound to port 33082
2019-09-24 02:31:38,106 [main] INFO  server.Server (Server.java:doStart(351)) - jetty-9.3.25.v20180904, build timestamp: 2018-09-04T21:11:46Z, git hash: 3ce520221d0240229c862b122d2b06c12a625732
2019-09-24 02:31:38,108 [main] INFO  handler.ContextHandler (ContextHandler.java:doStart(781)) - Started o.e.j.s.ServletContextHandler@1abcd059{/logs,file:///workdir/hadoop-ozone/integration-test/target/log,AVAILABLE}
2019-09-24 02:31:38,109 [main] INFO  handler.ContextHandler (ContextHandler.java:doStart(781)) - Started o.e.j.s.ServletContextHandler@3c33fcf8{/static,jar:file:/home/user/.m2/repository/org/apache/hadoop/hadoop-hdds-container-service/0.5.0-SNAPSHOT/hadoop-hdds-container-service-0.5.0-SNAPSHOT.jar!/webapps/static,AVAILABLE}
2019-09-24 02:31:38,150 [main] INFO  handler.ContextHandler (ContextHandler.java:doStart(781)) - Started o.e.j.w.WebAppContext@1a2773a8{/,file:///tmp/jetty-0.0.0.0-33082-hddsDatanode-_-any-6382102496336051183.dir/webapp/,AVAILABLE}{/hddsDatanode}
2019-09-24 02:31:38,151 [main] INFO  server.AbstractConnector (AbstractConnector.java:doStart(278)) - Started ServerConnector@78b0ec3a{HTTP/1.1,[http/1.1]}{0.0.0.0:33082}
2019-09-24 02:31:38,153 [main] INFO  server.Server (Server.java:doStart(419)) - Started @577396ms
2019-09-24 02:31:38,153 [main] WARN  impl.MetricsSystemImpl (MetricsSystemImpl.java:register(276)) - Sink prometheus already exists!
2019-09-24 02:31:38,154 [main] INFO  server.BaseHttpServer (BaseHttpServer.java:updateConnectorAddress(215)) - HTTP server of HDDSDATANODE is listening at http://0.0.0.0:33082
2019-09-24 02:31:38,154 [main] INFO  impl.MetricsSystemImpl (MetricsSystemImpl.java:init(158)) - HddsDatanode metrics system started (again)
2019-09-24 02:31:38,162 [main] INFO  ozone.HddsDatanodeService (HddsDatanodeService.java:start(184)) - HddsDatanodeService host:pr-hdds-2162-tjkd5-3209850126 ip:192.168.151.121
2019-09-24 02:31:38,162 [org.apache.hadoop.util.JvmPauseMonitor$Monitor@6d5793ba] INFO  util.JvmPauseMonitor (JvmPauseMonitor.java:run(188)) - Starting JVM pause monitor
2019-09-24 02:31:38,163 [Datanode State Machine Thread - 0] INFO  datanode.InitDatanodeState (InitDatanodeState.java:persistContainerDatanodeDetails(140)) - DatanodeDetails is persisted to /workdir/hadoop-ozone/integration-test/target/test-dir/MiniOzoneClusterImpl-3bdd15fc-dee8-458b-a154-153c8414505a/datanode-8/meta/datanode.id
2019-09-24 02:31:38,169 [main] INFO  volume.HddsVolume (HddsVolume.java:<init>(176)) - Creating Volume: /workdir/hadoop-ozone/integration-test/target/test-dir/MiniOzoneClusterImpl-3bdd15fc-dee8-458b-a154-153c8414505a/datanode-9/data/containers/hdds of  storage type : DISK and capacity : 1482555576320
2019-09-24 02:31:38,170 [main] INFO  volume.VolumeSet (VolumeSet.java:initializeVolumeSet(170)) - Added Volume : /workdir/hadoop-ozone/integration-test/target/test-dir/MiniOzoneClusterImpl-3bdd15fc-dee8-458b-a154-153c8414505a/datanode-9/data/containers/hdds to VolumeSet
2019-09-24 02:31:38,170 [main] INFO  volume.ThrottledAsyncChecker (ThrottledAsyncChecker.java:schedule(139)) - Scheduling a check for org.apache.hadoop.ozone.container.common.volume.HddsVolume@21d9cd04
2019-09-24 02:31:38,170 [main] INFO  volume.HddsVolumeChecker (HddsVolumeChecker.java:checkAllVolumes(202)) - Scheduled health check for volume org.apache.hadoop.ozone.container.common.volume.HddsVolume@21d9cd04
2019-09-24 02:31:38,184 [main] INFO  impl.RaftServerProxy (ConfUtils.java:logGet(43)) - raft.rpc.type = GRPC (default)
2019-09-24 02:31:38,184 [main] INFO  grpc.GrpcFactory (GrpcFactory.java:checkPooledByteBufAllocatorUseCacheForAllThreads(45)) - PERFORMANCE WARNING: useCacheForAllThreads is true that may cause Netty to create a lot garbage objects and, as a result, trigger GC.
	It is recommended to disable useCacheForAllThreads by setting -Dorg.apache.ratis.thirdparty.io.netty.allocator.useCacheForAllThreads=false in command line.
2019-09-24 02:31:38,185 [main] INFO  grpc.GrpcConfigKeys$Server (ConfUtils.java:logGet(43)) - raft.grpc.server.port = 0 (default)
2019-09-24 02:31:38,185 [main] INFO  server.GrpcService (ConfUtils.java:logGet(43)) - raft.grpc.message.size.max = 33570816 (custom)
2019-09-24 02:31:38,185 [main] INFO  server.RaftServerConfigKeys (ConfUtils.java:logGet(43)) - raft.server.log.appender.buffer.byte-limit = 33554432 (custom)
2019-09-24 02:31:38,185 [main] INFO  server.GrpcService (ConfUtils.java:logGet(43)) - raft.grpc.flow.control.window = 1MB (=1048576) (default)
2019-09-24 02:31:38,186 [main] INFO  server.RaftServerConfigKeys (ConfUtils.java:logGet(43)) - raft.server.rpc.request.timeout = 3000ms (default)
2019-09-24 02:31:38,186 [main] INFO  server.RaftServerConfigKeys (ConfUtils.java:logGet(43)) - raft.server.storage.dir = [/workdir/hadoop-ozone/integration-test/target/test-dir/MiniOzoneClusterImpl-3bdd15fc-dee8-458b-a154-153c8414505a/datanode-9/data/ratis] (custom)
2019-09-24 02:31:38,187 [main] INFO  hdfs.DFSUtil (DFSUtil.java:httpServerTemplateForNNAndJN(1641)) - Starting Web-server for hddsDatanode at: http://0.0.0.0:0
2019-09-24 02:31:38,188 [main] INFO  server.AuthenticationFilter (AuthenticationFilter.java:constructSecretProvider(240)) - Unable to initialize FileSignerSecretProvider, falling back to use random secrets.
2019-09-24 02:31:38,188 [main] WARN  http.HttpRequestLog (HttpRequestLog.java:getRequestLog(97)) - Jetty request log can only be enabled using Log4j
2019-09-24 02:31:38,190 [main] INFO  http.HttpServer2 (HttpServer2.java:addGlobalFilter(975)) - Added global filter 'safety' (class=org.apache.hadoop.http.HttpServer2$QuotingInputFilter)
2019-09-24 02:31:38,190 [main] INFO  http.HttpServer2 (HttpServer2.java:addFilter(948)) - Added filter static_user_filter (class=org.apache.hadoop.http.lib.StaticUserWebFilter$StaticUserFilter) to context hddsDatanode
2019-09-24 02:31:38,190 [main] INFO  http.HttpServer2 (HttpServer2.java:addFilter(958)) - Added filter static_user_filter (class=org.apache.hadoop.http.lib.StaticUserWebFilter$StaticUserFilter) to context static
2019-09-24 02:31:38,190 [main] INFO  http.HttpServer2 (HttpServer2.java:addFilter(958)) - Added filter static_user_filter (class=org.apache.hadoop.http.lib.StaticUserWebFilter$StaticUserFilter) to context logs
2019-09-24 02:31:38,191 [main] INFO  http.HttpServer2 (HttpServer2.java:bindListener(1191)) - Jetty bound to port 35433
2019-09-24 02:31:38,191 [main] INFO  server.Server (Server.java:doStart(351)) - jetty-9.3.25.v20180904, build timestamp: 2018-09-04T21:11:46Z, git hash: 3ce520221d0240229c862b122d2b06c12a625732
2019-09-24 02:31:38,193 [main] INFO  handler.ContextHandler (ContextHandler.java:doStart(781)) - Started o.e.j.s.ServletContextHandler@1144a02b{/logs,file:///workdir/hadoop-ozone/integration-test/target/log,AVAILABLE}
2019-09-24 02:31:38,193 [main] INFO  handler.ContextHandler (ContextHandler.java:doStart(781)) - Started o.e.j.s.ServletContextHandler@7a572ea0{/static,jar:file:/home/user/.m2/repository/org/apache/hadoop/hadoop-hdds-container-service/0.5.0-SNAPSHOT/hadoop-hdds-container-service-0.5.0-SNAPSHOT.jar!/webapps/static,AVAILABLE}
2019-09-24 02:31:38,220 [main] INFO  handler.ContextHandler (ContextHandler.java:doStart(781)) - Started o.e.j.w.WebAppContext@a056b26{/,file:///tmp/jetty-0.0.0.0-35433-hddsDatanode-_-any-9187380144052757091.dir/webapp/,AVAILABLE}{/hddsDatanode}
2019-09-24 02:31:38,220 [main] INFO  server.AbstractConnector (AbstractConnector.java:doStart(278)) - Started ServerConnector@2a5abd3c{HTTP/1.1,[http/1.1]}{0.0.0.0:35433}
2019-09-24 02:31:38,220 [main] INFO  server.Server (Server.java:doStart(419)) - Started @577464ms
2019-09-24 02:31:38,223 [main] WARN  impl.MetricsSystemImpl (MetricsSystemImpl.java:register(276)) - Sink prometheus already exists!
2019-09-24 02:31:38,223 [main] INFO  server.BaseHttpServer (BaseHttpServer.java:updateConnectorAddress(215)) - HTTP server of HDDSDATANODE is listening at http://0.0.0.0:35433
2019-09-24 02:31:38,223 [main] INFO  ozone.MiniOzoneClusterImpl (MiniOzoneClusterImpl.java:lambda$waitForClusterToBeReady$0(147)) - Waiting for cluster to be ready. Got 0 of 10 DN Heartbeats.
2019-09-24 02:31:38,225 [org.apache.hadoop.util.JvmPauseMonitor$Monitor@622c5fd5] INFO  util.JvmPauseMonitor (JvmPauseMonitor.java:run(188)) - Starting JVM pause monitor
2019-09-24 02:31:38,226 [Datanode State Machine Thread - 0] INFO  datanode.InitDatanodeState (InitDatanodeState.java:persistContainerDatanodeDetails(140)) - DatanodeDetails is persisted to /workdir/hadoop-ozone/integration-test/target/test-dir/MiniOzoneClusterImpl-3bdd15fc-dee8-458b-a154-153c8414505a/datanode-9/meta/datanode.id
2019-09-24 02:31:39,224 [main] INFO  ozone.MiniOzoneClusterImpl (MiniOzoneClusterImpl.java:lambda$waitForClusterToBeReady$0(147)) - Waiting for cluster to be ready. Got 0 of 10 DN Heartbeats.
2019-09-24 02:31:39,373 [Datanode State Machine Thread - 0] INFO  ozoneimpl.OzoneContainer (OzoneContainer.java:start(217)) - Attempting to start container services.
2019-09-24 02:31:39,374 [Datanode State Machine Thread - 0] INFO  ozoneimpl.OzoneContainer (OzoneContainer.java:startContainerScrub(179)) - Background container scanner has been disabled.
2019-09-24 02:31:39,374 [Datanode State Machine Thread - 0] INFO  ratis.XceiverServerRatis (XceiverServerRatis.java:start(411)) - Starting XceiverServerRatis 91e2a5f7-65a0-4f99-9d0a-256bd4104c43 at port 0
2019-09-24 02:31:39,381 [Datanode State Machine Thread - 0] INFO  impl.RaftServerProxy (RaftServerProxy.java:lambda$start$3(299)) - 91e2a5f7-65a0-4f99-9d0a-256bd4104c43: start RPC server
2019-09-24 02:31:39,384 [Datanode State Machine Thread - 0] INFO  server.GrpcService (GrpcService.java:startImpl(158)) - 91e2a5f7-65a0-4f99-9d0a-256bd4104c43: GrpcService started, listening on 0.0.0.0/0.0.0.0:38948
2019-09-24 02:31:39,384 [Datanode State Machine Thread - 0] INFO  ratis.XceiverServerRatis (XceiverServerRatis.java:start(421)) - XceiverServerRatis 91e2a5f7-65a0-4f99-9d0a-256bd4104c43 is started using port 38948
2019-09-24 02:31:39,385 [Datanode State Machine Thread - 0] INFO  server.XceiverServerGrpc (XceiverServerGrpc.java:start(149)) - XceiverServerGrpc 91e2a5f7-65a0-4f99-9d0a-256bd4104c43 is started using port 38208
2019-09-24 02:31:39,404 [Datanode State Machine Thread - 0] INFO  ozoneimpl.OzoneContainer (OzoneContainer.java:start(217)) - Attempting to start container services.
2019-09-24 02:31:39,405 [Datanode State Machine Thread - 0] INFO  ozoneimpl.OzoneContainer (OzoneContainer.java:startContainerScrub(179)) - Background container scanner has been disabled.
2019-09-24 02:31:39,405 [Datanode State Machine Thread - 0] INFO  ratis.XceiverServerRatis (XceiverServerRatis.java:start(411)) - Starting XceiverServerRatis 9d97adb7-296c-40d2-b831-3db9b0cbdbf9 at port 0
2019-09-24 02:31:39,412 [Datanode State Machine Thread - 0] INFO  impl.RaftServerProxy (RaftServerProxy.java:lambda$start$3(299)) - 9d97adb7-296c-40d2-b831-3db9b0cbdbf9: start RPC server
2019-09-24 02:31:39,413 [Datanode State Machine Thread - 0] INFO  server.GrpcService (GrpcService.java:startImpl(158)) - 9d97adb7-296c-40d2-b831-3db9b0cbdbf9: GrpcService started, listening on 0.0.0.0/0.0.0.0:34687
2019-09-24 02:31:39,413 [Datanode State Machine Thread - 0] INFO  ratis.XceiverServerRatis (XceiverServerRatis.java:start(421)) - XceiverServerRatis 9d97adb7-296c-40d2-b831-3db9b0cbdbf9 is started using port 34687
2019-09-24 02:31:39,414 [Datanode State Machine Thread - 0] INFO  server.XceiverServerGrpc (XceiverServerGrpc.java:start(149)) - XceiverServerGrpc 9d97adb7-296c-40d2-b831-3db9b0cbdbf9 is started using port 37447
2019-09-24 02:31:39,467 [Datanode State Machine Thread - 0] INFO  ozoneimpl.OzoneContainer (OzoneContainer.java:start(217)) - Attempting to start container services.
2019-09-24 02:31:39,467 [Datanode State Machine Thread - 0] INFO  ozoneimpl.OzoneContainer (OzoneContainer.java:startContainerScrub(179)) - Background container scanner has been disabled.
2019-09-24 02:31:39,468 [Datanode State Machine Thread - 0] INFO  ratis.XceiverServerRatis (XceiverServerRatis.java:start(411)) - Starting XceiverServerRatis 556942d2-91e9-4f35-a4d7-9eaff3fbfacc at port 0
2019-09-24 02:31:39,476 [Datanode State Machine Thread - 0] INFO  impl.RaftServerProxy (RaftServerProxy.java:lambda$start$3(299)) - 556942d2-91e9-4f35-a4d7-9eaff3fbfacc: start RPC server
2019-09-24 02:31:39,476 [Datanode State Machine Thread - 0] INFO  server.GrpcService (GrpcService.java:startImpl(158)) - 556942d2-91e9-4f35-a4d7-9eaff3fbfacc: GrpcService started, listening on 0.0.0.0/0.0.0.0:46023
2019-09-24 02:31:39,477 [Datanode State Machine Thread - 0] INFO  ratis.XceiverServerRatis (XceiverServerRatis.java:start(421)) - XceiverServerRatis 556942d2-91e9-4f35-a4d7-9eaff3fbfacc is started using port 46023
2019-09-24 02:31:39,477 [Datanode State Machine Thread - 0] INFO  server.XceiverServerGrpc (XceiverServerGrpc.java:start(149)) - XceiverServerGrpc 556942d2-91e9-4f35-a4d7-9eaff3fbfacc is started using port 35156
2019-09-24 02:31:39,745 [Datanode State Machine Thread - 0] INFO  ozoneimpl.OzoneContainer (OzoneContainer.java:start(217)) - Attempting to start container services.
2019-09-24 02:31:39,745 [Datanode State Machine Thread - 0] INFO  ozoneimpl.OzoneContainer (OzoneContainer.java:startContainerScrub(179)) - Background container scanner has been disabled.
2019-09-24 02:31:39,746 [Datanode State Machine Thread - 0] INFO  ratis.XceiverServerRatis (XceiverServerRatis.java:start(411)) - Starting XceiverServerRatis ae1cc8d2-f95e-4ea0-a778-71138d7e5594 at port 0
2019-09-24 02:31:39,754 [Datanode State Machine Thread - 0] INFO  impl.RaftServerProxy (RaftServerProxy.java:lambda$start$3(299)) - ae1cc8d2-f95e-4ea0-a778-71138d7e5594: start RPC server
2019-09-24 02:31:39,754 [Datanode State Machine Thread - 0] INFO  server.GrpcService (GrpcService.java:startImpl(158)) - ae1cc8d2-f95e-4ea0-a778-71138d7e5594: GrpcService started, listening on 0.0.0.0/0.0.0.0:45961
2019-09-24 02:31:39,755 [Datanode State Machine Thread - 0] INFO  ratis.XceiverServerRatis (XceiverServerRatis.java:start(421)) - XceiverServerRatis ae1cc8d2-f95e-4ea0-a778-71138d7e5594 is started using port 45961
2019-09-24 02:31:39,755 [Datanode State Machine Thread - 0] INFO  server.XceiverServerGrpc (XceiverServerGrpc.java:start(149)) - XceiverServerGrpc ae1cc8d2-f95e-4ea0-a778-71138d7e5594 is started using port 42437
2019-09-24 02:31:39,830 [Datanode State Machine Thread - 0] INFO  ozoneimpl.OzoneContainer (OzoneContainer.java:start(217)) - Attempting to start container services.
2019-09-24 02:31:39,830 [Datanode State Machine Thread - 0] INFO  ozoneimpl.OzoneContainer (OzoneContainer.java:startContainerScrub(179)) - Background container scanner has been disabled.
2019-09-24 02:31:39,830 [Datanode State Machine Thread - 0] INFO  ratis.XceiverServerRatis (XceiverServerRatis.java:start(411)) - Starting XceiverServerRatis 7fd17b96-21f1-4559-9cf9-f04cfa32ca1c at port 0
2019-09-24 02:31:39,838 [Datanode State Machine Thread - 0] INFO  impl.RaftServerProxy (RaftServerProxy.java:lambda$start$3(299)) - 7fd17b96-21f1-4559-9cf9-f04cfa32ca1c: start RPC server
2019-09-24 02:31:39,839 [Datanode State Machine Thread - 0] INFO  server.GrpcService (GrpcService.java:startImpl(158)) - 7fd17b96-21f1-4559-9cf9-f04cfa32ca1c: GrpcService started, listening on 0.0.0.0/0.0.0.0:46706
2019-09-24 02:31:39,839 [Datanode State Machine Thread - 0] INFO  ratis.XceiverServerRatis (XceiverServerRatis.java:start(421)) - XceiverServerRatis 7fd17b96-21f1-4559-9cf9-f04cfa32ca1c is started using port 46706
2019-09-24 02:31:39,840 [Datanode State Machine Thread - 0] INFO  server.XceiverServerGrpc (XceiverServerGrpc.java:start(149)) - XceiverServerGrpc 7fd17b96-21f1-4559-9cf9-f04cfa32ca1c is started using port 34354
2019-09-24 02:31:39,915 [Datanode State Machine Thread - 0] INFO  ozoneimpl.OzoneContainer (OzoneContainer.java:start(217)) - Attempting to start container services.
2019-09-24 02:31:39,915 [Datanode State Machine Thread - 0] INFO  ozoneimpl.OzoneContainer (OzoneContainer.java:startContainerScrub(179)) - Background container scanner has been disabled.
2019-09-24 02:31:39,915 [Datanode State Machine Thread - 0] INFO  ratis.XceiverServerRatis (XceiverServerRatis.java:start(411)) - Starting XceiverServerRatis 2b314ddf-a628-41df-afb5-827956264657 at port 0
2019-09-24 02:31:39,923 [Datanode State Machine Thread - 0] INFO  impl.RaftServerProxy (RaftServerProxy.java:lambda$start$3(299)) - 2b314ddf-a628-41df-afb5-827956264657: start RPC server
2019-09-24 02:31:39,924 [Datanode State Machine Thread - 0] INFO  server.GrpcService (GrpcService.java:startImpl(158)) - 2b314ddf-a628-41df-afb5-827956264657: GrpcService started, listening on 0.0.0.0/0.0.0.0:35278
2019-09-24 02:31:39,924 [Datanode State Machine Thread - 0] INFO  ratis.XceiverServerRatis (XceiverServerRatis.java:start(421)) - XceiverServerRatis 2b314ddf-a628-41df-afb5-827956264657 is started using port 35278
2019-09-24 02:31:39,925 [Datanode State Machine Thread - 0] INFO  server.XceiverServerGrpc (XceiverServerGrpc.java:start(149)) - XceiverServerGrpc 2b314ddf-a628-41df-afb5-827956264657 is started using port 46245
2019-09-24 02:31:40,010 [Datanode State Machine Thread - 0] INFO  ozoneimpl.OzoneContainer (OzoneContainer.java:start(217)) - Attempting to start container services.
2019-09-24 02:31:40,010 [Datanode State Machine Thread - 0] INFO  ozoneimpl.OzoneContainer (OzoneContainer.java:startContainerScrub(179)) - Background container scanner has been disabled.
2019-09-24 02:31:40,010 [Datanode State Machine Thread - 0] INFO  ratis.XceiverServerRatis (XceiverServerRatis.java:start(411)) - Starting XceiverServerRatis c1e062fb-0f4f-4fe4-a9d2-4bfe6af489a8 at port 0
2019-09-24 02:31:40,018 [Datanode State Machine Thread - 0] INFO  impl.RaftServerProxy (RaftServerProxy.java:lambda$start$3(299)) - c1e062fb-0f4f-4fe4-a9d2-4bfe6af489a8: start RPC server
2019-09-24 02:31:40,036 [Datanode State Machine Thread - 0] INFO  server.GrpcService (GrpcService.java:startImpl(158)) - c1e062fb-0f4f-4fe4-a9d2-4bfe6af489a8: GrpcService started, listening on 0.0.0.0/0.0.0.0:36311
2019-09-24 02:31:40,036 [Datanode State Machine Thread - 0] INFO  ratis.XceiverServerRatis (XceiverServerRatis.java:start(421)) - XceiverServerRatis c1e062fb-0f4f-4fe4-a9d2-4bfe6af489a8 is started using port 36311
2019-09-24 02:31:40,037 [Datanode State Machine Thread - 0] INFO  server.XceiverServerGrpc (XceiverServerGrpc.java:start(149)) - XceiverServerGrpc c1e062fb-0f4f-4fe4-a9d2-4bfe6af489a8 is started using port 34669
2019-09-24 02:31:40,083 [Datanode State Machine Thread - 0] INFO  ozoneimpl.OzoneContainer (OzoneContainer.java:start(217)) - Attempting to start container services.
2019-09-24 02:31:40,083 [Datanode State Machine Thread - 0] INFO  ozoneimpl.OzoneContainer (OzoneContainer.java:startContainerScrub(179)) - Background container scanner has been disabled.
2019-09-24 02:31:40,083 [Datanode State Machine Thread - 0] INFO  ratis.XceiverServerRatis (XceiverServerRatis.java:start(411)) - Starting XceiverServerRatis a7fc6e90-75b2-4f8f-bf01-6e094d7f48f9 at port 0
2019-09-24 02:31:40,092 [Datanode State Machine Thread - 0] INFO  impl.RaftServerProxy (RaftServerProxy.java:lambda$start$3(299)) - a7fc6e90-75b2-4f8f-bf01-6e094d7f48f9: start RPC server
2019-09-24 02:31:40,095 [Datanode State Machine Thread - 0] INFO  server.GrpcService (GrpcService.java:startImpl(158)) - a7fc6e90-75b2-4f8f-bf01-6e094d7f48f9: GrpcService started, listening on 0.0.0.0/0.0.0.0:34093
2019-09-24 02:31:40,095 [Datanode State Machine Thread - 0] INFO  ratis.XceiverServerRatis (XceiverServerRatis.java:start(421)) - XceiverServerRatis a7fc6e90-75b2-4f8f-bf01-6e094d7f48f9 is started using port 34093
2019-09-24 02:31:40,096 [Datanode State Machine Thread - 0] INFO  server.XceiverServerGrpc (XceiverServerGrpc.java:start(149)) - XceiverServerGrpc a7fc6e90-75b2-4f8f-bf01-6e094d7f48f9 is started using port 43265
2019-09-24 02:31:40,176 [Datanode State Machine Thread - 0] INFO  ozoneimpl.OzoneContainer (OzoneContainer.java:start(217)) - Attempting to start container services.
2019-09-24 02:31:40,176 [Datanode State Machine Thread - 0] INFO  ozoneimpl.OzoneContainer (OzoneContainer.java:startContainerScrub(179)) - Background container scanner has been disabled.
2019-09-24 02:31:40,177 [Datanode State Machine Thread - 0] INFO  ratis.XceiverServerRatis (XceiverServerRatis.java:start(411)) - Starting XceiverServerRatis 8eea7e4f-d008-4d85-a505-6e9b586abbfe at port 0
2019-09-24 02:31:40,185 [Datanode State Machine Thread - 0] INFO  impl.RaftServerProxy (RaftServerProxy.java:lambda$start$3(299)) - 8eea7e4f-d008-4d85-a505-6e9b586abbfe: start RPC server
2019-09-24 02:31:40,185 [Datanode State Machine Thread - 0] INFO  server.GrpcService (GrpcService.java:startImpl(158)) - 8eea7e4f-d008-4d85-a505-6e9b586abbfe: GrpcService started, listening on 0.0.0.0/0.0.0.0:42114
2019-09-24 02:31:40,186 [Datanode State Machine Thread - 0] INFO  ratis.XceiverServerRatis (XceiverServerRatis.java:start(421)) - XceiverServerRatis 8eea7e4f-d008-4d85-a505-6e9b586abbfe is started using port 42114
2019-09-24 02:31:40,186 [Datanode State Machine Thread - 0] INFO  server.XceiverServerGrpc (XceiverServerGrpc.java:start(149)) - XceiverServerGrpc 8eea7e4f-d008-4d85-a505-6e9b586abbfe is started using port 38570
2019-09-24 02:31:40,224 [main] INFO  ozone.MiniOzoneClusterImpl (MiniOzoneClusterImpl.java:lambda$waitForClusterToBeReady$0(147)) - Waiting for cluster to be ready. Got 0 of 10 DN Heartbeats.
2019-09-24 02:31:40,238 [Datanode State Machine Thread - 0] INFO  ozoneimpl.OzoneContainer (OzoneContainer.java:start(217)) - Attempting to start container services.
2019-09-24 02:31:40,238 [Datanode State Machine Thread - 0] INFO  ozoneimpl.OzoneContainer (OzoneContainer.java:startContainerScrub(179)) - Background container scanner has been disabled.
2019-09-24 02:31:40,238 [Datanode State Machine Thread - 0] INFO  ratis.XceiverServerRatis (XceiverServerRatis.java:start(411)) - Starting XceiverServerRatis 4a9a1aaf-f3a8-4fdd-8b2b-1094ba9be8f3 at port 0
2019-09-24 02:31:40,245 [Datanode State Machine Thread - 0] INFO  impl.RaftServerProxy (RaftServerProxy.java:lambda$start$3(299)) - 4a9a1aaf-f3a8-4fdd-8b2b-1094ba9be8f3: start RPC server
2019-09-24 02:31:40,250 [Datanode State Machine Thread - 0] INFO  server.GrpcService (GrpcService.java:startImpl(158)) - 4a9a1aaf-f3a8-4fdd-8b2b-1094ba9be8f3: GrpcService started, listening on 0.0.0.0/0.0.0.0:33875
2019-09-24 02:31:40,250 [Datanode State Machine Thread - 0] INFO  ratis.XceiverServerRatis (XceiverServerRatis.java:start(421)) - XceiverServerRatis 4a9a1aaf-f3a8-4fdd-8b2b-1094ba9be8f3 is started using port 33875
2019-09-24 02:31:40,269 [Datanode State Machine Thread - 0] INFO  server.XceiverServerGrpc (XceiverServerGrpc.java:start(149)) - XceiverServerGrpc 4a9a1aaf-f3a8-4fdd-8b2b-1094ba9be8f3 is started using port 34363
2019-09-24 02:31:41,225 [main] INFO  ozone.MiniOzoneClusterImpl (MiniOzoneClusterImpl.java:lambda$waitForClusterToBeReady$0(147)) - Waiting for cluster to be ready. Got 0 of 10 DN Heartbeats.
2019-09-24 02:31:41,329 [IPC Server handler 7 on 45829] INFO  net.NetworkTopology (NetworkTopologyImpl.java:add(111)) - Added a new node: /rack1/91e2a5f7-65a0-4f99-9d0a-256bd4104c43
2019-09-24 02:31:41,332 [IPC Server handler 7 on 45829] INFO  node.SCMNodeManager (SCMNodeManager.java:register(266)) - Registered Data node : 91e2a5f7-65a0-4f99-9d0a-256bd4104c43{ip: 192.168.151.121, host: pr-hdds-2162-tjkd5-3209850126, networkLocation: /rack1, certSerialId: null}
2019-09-24 02:31:41,334 [EventQueue-NodeRegistrationContainerReportForDataNodeSafeModeRule] INFO  safemode.SCMSafeModeManager (DataNodeSafeModeRule.java:process(71)) - SCM in safe mode. 1 DataNodes registered, 1 required.
2019-09-24 02:31:41,337 [EventQueue-NodeRegistrationContainerReportForDataNodeSafeModeRule] INFO  safemode.SCMSafeModeManager (SCMSafeModeManager.java:validateSafeModeExitRules(177)) - ScmSafeModeManager, all rules are successfully validated
2019-09-24 02:31:41,337 [EventQueue-NodeRegistrationContainerReportForDataNodeSafeModeRule] INFO  safemode.SCMSafeModeManager (SCMSafeModeManager.java:exitSafeMode(193)) - SCM exiting safe mode.
2019-09-24 02:31:41,351 [grpc-default-executor-0] INFO  impl.RaftServerProxy (RaftServerProxy.java:addNew(89)) - 91e2a5f7-65a0-4f99-9d0a-256bd4104c43: addNew group-932B1F3D5362:[91e2a5f7-65a0-4f99-9d0a-256bd4104c43:192.168.151.121:38948] returns group-932B1F3D5362:java.util.concurrent.CompletableFuture@141d9ab3[Not completed]
2019-09-24 02:31:41,352 [pool-507-thread-1] INFO  impl.RaftServerImpl (RaftServerImpl.java:<init>(95)) - 91e2a5f7-65a0-4f99-9d0a-256bd4104c43: new RaftServerImpl for group-932B1F3D5362:[91e2a5f7-65a0-4f99-9d0a-256bd4104c43:192.168.151.121:38948] with ContainerStateMachine:uninitialized
2019-09-24 02:31:41,352 [pool-507-thread-1] INFO  server.RaftServerConfigKeys (ConfUtils.java:logGet(43)) - raft.server.rpc.timeout.min = 1s (custom)
2019-09-24 02:31:41,353 [pool-507-thread-1] INFO  server.RaftServerConfigKeys (ConfUtils.java:logGet(43)) - raft.server.rpc.timeout.max = 1200ms (custom)
2019-09-24 02:31:41,353 [pool-507-thread-1] INFO  server.RaftServerConfigKeys (ConfUtils.java:logGet(43)) - raft.server.rpcslowness.timeout = 120s (custom)
2019-09-24 02:31:41,353 [pool-507-thread-1] INFO  server.RaftServerConfigKeys (ConfUtils.java:logGet(43)) - raft.server.sleep.deviation.threshold = 300 (default)
2019-09-24 02:31:41,353 [pool-507-thread-1] INFO  server.RaftServerConfigKeys (ConfUtils.java:logGet(43)) - raft.server.log.appender.install.snapshot.enabled = false (custom)
2019-09-24 02:31:41,353 [pool-507-thread-1] INFO  impl.RaftServerImpl (ServerState.java:<init>(103)) - 91e2a5f7-65a0-4f99-9d0a-256bd4104c43@group-932B1F3D5362: ConfigurationManager, init=-1: [91e2a5f7-65a0-4f99-9d0a-256bd4104c43:192.168.151.121:38948], old=null, confs=<EMPTY_MAP>
2019-09-24 02:31:41,353 [pool-507-thread-1] INFO  server.RaftServerConfigKeys (ConfUtils.java:logGet(43)) - raft.server.storage.dir = [/workdir/hadoop-ozone/integration-test/target/test-dir/MiniOzoneClusterImpl-3bdd15fc-dee8-458b-a154-153c8414505a/datanode-0/data/ratis] (custom)
2019-09-24 02:31:41,354 [pool-507-thread-1] INFO  storage.RaftStorageDirectory (RaftStorageDirectory.java:analyzeStorage(246)) - The storage directory /workdir/hadoop-ozone/integration-test/target/test-dir/MiniOzoneClusterImpl-3bdd15fc-dee8-458b-a154-153c8414505a/datanode-0/data/ratis/50664480-2686-4611-9090-932b1f3d5362 does not exist. Creating ...
2019-09-24 02:31:41,367 [pool-507-thread-1] INFO  storage.RaftStorageDirectory (RaftStorageDirectory.java:tryLock(328)) - Lock on /workdir/hadoop-ozone/integration-test/target/test-dir/MiniOzoneClusterImpl-3bdd15fc-dee8-458b-a154-153c8414505a/datanode-0/data/ratis/50664480-2686-4611-9090-932b1f3d5362/in_use.lock acquired by nodename 30927@pr-hdds-2162-tjkd5-3209850126
2019-09-24 02:31:41,380 [pool-507-thread-1] INFO  storage.RaftStorage (RaftStorage.java:format(72)) - Storage directory /workdir/hadoop-ozone/integration-test/target/test-dir/MiniOzoneClusterImpl-3bdd15fc-dee8-458b-a154-153c8414505a/datanode-0/data/ratis/50664480-2686-4611-9090-932b1f3d5362 has been successfully formatted.
2019-09-24 02:31:41,381 [pool-507-thread-1] INFO  ratis.ContainerStateMachine (ContainerStateMachine.java:loadSnapshot(230)) - group-932B1F3D5362: The snapshot info is null. Setting the last applied indexto:(t:0, i:~)
2019-09-24 02:31:41,381 [pool-507-thread-1] INFO  server.RaftServerConfigKeys (ConfUtils.java:logGet(43)) - raft.server.notification.no-leader.timeout = 120s (custom)
2019-09-24 02:31:41,381 [pool-507-thread-1] INFO  server.RaftServerConfigKeys (ConfUtils.java:logGet(43)) - raft.server.log.use.memory = false (default)
2019-09-24 02:31:41,381 [pool-507-thread-1] INFO  server.RaftServerConfigKeys (ConfUtils.java:logGet(43)) - raft.server.log.purge.gap = 1000000 (custom)
2019-09-24 02:31:41,381 [pool-507-thread-1] INFO  server.RaftServerConfigKeys (ConfUtils.java:logGet(43)) - raft.server.log.appender.buffer.byte-limit = 33554432 (custom)
2019-09-24 02:31:41,381 [pool-507-thread-1] INFO  server.RaftServerConfigKeys (ConfUtils.java:logGet(43)) - raft.server.log.segment.size.max = 1048576 (custom)
2019-09-24 02:31:41,382 [pool-507-thread-1] INFO  server.RaftServerConfigKeys (ConfUtils.java:logGet(43)) - raft.server.log.segment.cache.num.max = 2 (custom)
2019-09-24 02:31:41,382 [pool-507-thread-1] INFO  segmented.SegmentedRaftLogWorker (SegmentedRaftLogWorker.java:<init>(172)) - new 91e2a5f7-65a0-4f99-9d0a-256bd4104c43@group-932B1F3D5362-SegmentedRaftLogWorker for RaftStorage:Storage Directory /workdir/hadoop-ozone/integration-test/target/test-dir/MiniOzoneClusterImpl-3bdd15fc-dee8-458b-a154-153c8414505a/datanode-0/data/ratis/50664480-2686-4611-9090-932b1f3d5362
2019-09-24 02:31:41,384 [pool-507-thread-1] INFO  server.RaftServerConfigKeys (ConfUtils.java:logGet(43)) - raft.server.log.queue.byte-limit = 2147483647 (custom)
2019-09-24 02:31:41,384 [pool-507-thread-1] INFO  server.RaftServerConfigKeys (ConfUtils.java:logGet(43)) - raft.server.log.queue.element-limit = 1024 (custom)
2019-09-24 02:31:41,384 [pool-507-thread-1] INFO  server.RaftServerConfigKeys (ConfUtils.java:logGet(43)) - raft.server.log.segment.size.max = 1048576 (custom)
2019-09-24 02:31:41,384 [pool-507-thread-1] INFO  server.RaftServerConfigKeys (ConfUtils.java:logGet(43)) - raft.server.log.preallocated.size = 16384 (custom)
2019-09-24 02:31:41,384 [pool-507-thread-1] INFO  server.RaftServerConfigKeys (ConfUtils.java:logGet(43)) - raft.server.log.write.buffer.size = 33554432 (custom)
2019-09-24 02:31:41,384 [pool-507-thread-1] INFO  server.RaftServerConfigKeys (ConfUtils.java:logGet(43)) - raft.server.log.force.sync.num = 128 (default)
2019-09-24 02:31:41,384 [pool-507-thread-1] INFO  server.RaftServerConfigKeys (ConfUtils.java:logGet(43)) - raft.server.log.statemachine.data.sync = true (default)
2019-09-24 02:31:41,385 [pool-507-thread-1] INFO  server.RaftServerConfigKeys (ConfUtils.java:logGet(43)) - raft.server.log.statemachine.data.sync.timeout = 10s (default)
2019-09-24 02:31:41,385 [pool-507-thread-1] INFO  server.RaftServerConfigKeys (ConfUtils.java:logGet(43)) - raft.server.log.statemachine.data.sync.timeout.retry = -1 (default)
2019-09-24 02:31:41,385 [pool-507-thread-1] INFO  server.RaftServerConfigKeys (ConfUtils.java:logGet(43)) - raft.server.log.statemachine.data.caching.enabled = true (custom)
2019-09-24 02:31:41,385 [pool-507-thread-1] INFO  segmented.SegmentedRaftLogWorker (SegmentedRaftLogWorker.java:lambda$new$0(132)) - 91e2a5f7-65a0-4f99-9d0a-256bd4104c43@group-932B1F3D5362-SegmentedRaftLogWorker: flushIndex: setUnconditionally 0 -> -1
2019-09-24 02:31:41,386 [pool-507-thread-1] INFO  server.RaftServerConfigKeys (ConfUtils.java:logGet(43)) - raft.server.snapshot.auto.trigger.enabled = true (custom)
2019-09-24 02:31:41,386 [pool-507-thread-1] INFO  server.RaftServerConfigKeys (ConfUtils.java:logGet(43)) - raft.server.snapshot.auto.trigger.threshold = 10000 (custom)
2019-09-24 02:31:41,386 [pool-507-thread-1] INFO  server.RaftServerConfigKeys (ConfUtils.java:logGet(43)) - raft.server.snapshot.retention.num.files = 5 (custom)
2019-09-24 02:31:41,386 [pool-507-thread-1] INFO  server.RaftServerConfigKeys (ConfUtils.java:logGet(43)) - raft.server.retrycache.expirytime = 600000ms (custom)
2019-09-24 02:31:41,388 [pool-507-thread-1] INFO  impl.RaftServerImpl (RaftServerImpl.java:start(185)) - 91e2a5f7-65a0-4f99-9d0a-256bd4104c43@group-932B1F3D5362: start as a follower, conf=-1: [91e2a5f7-65a0-4f99-9d0a-256bd4104c43:192.168.151.121:38948], old=null
2019-09-24 02:31:41,388 [pool-507-thread-1] INFO  impl.RaftServerImpl (RaftServerImpl.java:setRole(174)) - 91e2a5f7-65a0-4f99-9d0a-256bd4104c43@group-932B1F3D5362: changes role from      null to FOLLOWER at term 0 for startAsFollower
2019-09-24 02:31:41,388 [pool-507-thread-1] INFO  impl.RoleInfo (RoleInfo.java:updateAndGet(143)) - 91e2a5f7-65a0-4f99-9d0a-256bd4104c43: start FollowerState
2019-09-24 02:31:41,403 [pool-507-thread-1] INFO  util.JmxRegister (JmxRegister.java:tryRegister(44)) - Successfully registered JMX Bean with object name Ratis:service=RaftServer,group=group-932B1F3D5362,id=91e2a5f7-65a0-4f99-9d0a-256bd4104c43
2019-09-24 02:31:41,417 [IPC Server handler 8 on 45829] INFO  net.NetworkTopology (NetworkTopologyImpl.java:add(111)) - Added a new node: /rack1/9d97adb7-296c-40d2-b831-3db9b0cbdbf9
2019-09-24 02:31:41,417 [IPC Server handler 8 on 45829] INFO  node.SCMNodeManager (SCMNodeManager.java:register(266)) - Registered Data node : 9d97adb7-296c-40d2-b831-3db9b0cbdbf9{ip: 192.168.151.121, host: pr-hdds-2162-tjkd5-3209850126, networkLocation: /rack1, certSerialId: null}
2019-09-24 02:31:41,422 [RatisPipelineUtilsThread] INFO  pipeline.PipelineStateManager (PipelineStateManager.java:addPipeline(56)) - Created pipeline Pipeline[ Id: 50664480-2686-4611-9090-932b1f3d5362, Nodes: 91e2a5f7-65a0-4f99-9d0a-256bd4104c43{ip: 192.168.151.121, host: pr-hdds-2162-tjkd5-3209850126, networkLocation: /rack1, certSerialId: null}, Type:RATIS, Factor:ONE, State:OPEN]
2019-09-24 02:31:41,430 [grpc-default-executor-0] INFO  impl.RaftServerProxy (RaftServerProxy.java:addNew(89)) - 9d97adb7-296c-40d2-b831-3db9b0cbdbf9: addNew group-B718B0C618A3:[9d97adb7-296c-40d2-b831-3db9b0cbdbf9:192.168.151.121:34687] returns group-B718B0C618A3:java.util.concurrent.CompletableFuture@c82aedd[Not completed]
2019-09-24 02:31:41,431 [pool-517-thread-1] INFO  impl.RaftServerImpl (RaftServerImpl.java:<init>(95)) - 9d97adb7-296c-40d2-b831-3db9b0cbdbf9: new RaftServerImpl for group-B718B0C618A3:[9d97adb7-296c-40d2-b831-3db9b0cbdbf9:192.168.151.121:34687] with ContainerStateMachine:uninitialized
2019-09-24 02:31:41,432 [pool-517-thread-1] INFO  server.RaftServerConfigKeys (ConfUtils.java:logGet(43)) - raft.server.rpc.timeout.min = 1s (custom)
2019-09-24 02:31:41,432 [pool-517-thread-1] INFO  server.RaftServerConfigKeys (ConfUtils.java:logGet(43)) - raft.server.rpc.timeout.max = 1200ms (custom)
2019-09-24 02:31:41,432 [pool-517-thread-1] INFO  server.RaftServerConfigKeys (ConfUtils.java:logGet(43)) - raft.server.rpcslowness.timeout = 120s (custom)
2019-09-24 02:31:41,432 [pool-517-thread-1] INFO  server.RaftServerConfigKeys (ConfUtils.java:logGet(43)) - raft.server.sleep.deviation.threshold = 300 (default)
2019-09-24 02:31:41,432 [pool-517-thread-1] INFO  server.RaftServerConfigKeys (ConfUtils.java:logGet(43)) - raft.server.log.appender.install.snapshot.enabled = false (custom)
2019-09-24 02:31:41,432 [pool-517-thread-1] INFO  impl.RaftServerImpl (ServerState.java:<init>(103)) - 9d97adb7-296c-40d2-b831-3db9b0cbdbf9@group-B718B0C618A3: ConfigurationManager, init=-1: [9d97adb7-296c-40d2-b831-3db9b0cbdbf9:192.168.151.121:34687], old=null, confs=<EMPTY_MAP>
2019-09-24 02:31:41,432 [pool-517-thread-1] INFO  server.RaftServerConfigKeys (ConfUtils.java:logGet(43)) - raft.server.storage.dir = [/workdir/hadoop-ozone/integration-test/target/test-dir/MiniOzoneClusterImpl-3bdd15fc-dee8-458b-a154-153c8414505a/datanode-1/data/ratis] (custom)
2019-09-24 02:31:41,433 [pool-517-thread-1] INFO  storage.RaftStorageDirectory (RaftStorageDirectory.java:analyzeStorage(246)) - The storage directory /workdir/hadoop-ozone/integration-test/target/test-dir/MiniOzoneClusterImpl-3bdd15fc-dee8-458b-a154-153c8414505a/datanode-1/data/ratis/d55533d1-60e8-4898-bc16-b718b0c618a3 does not exist. Creating ...
2019-09-24 02:31:41,446 [pool-517-thread-1] INFO  storage.RaftStorageDirectory (RaftStorageDirectory.java:tryLock(328)) - Lock on /workdir/hadoop-ozone/integration-test/target/test-dir/MiniOzoneClusterImpl-3bdd15fc-dee8-458b-a154-153c8414505a/datanode-1/data/ratis/d55533d1-60e8-4898-bc16-b718b0c618a3/in_use.lock acquired by nodename 30927@pr-hdds-2162-tjkd5-3209850126
2019-09-24 02:31:41,454 [IPC Server handler 9 on 45829] INFO  net.NetworkTopology (NetworkTopologyImpl.java:add(111)) - Added a new node: /rack1/556942d2-91e9-4f35-a4d7-9eaff3fbfacc
2019-09-24 02:31:41,454 [IPC Server handler 9 on 45829] INFO  node.SCMNodeManager (SCMNodeManager.java:register(266)) - Registered Data node : 556942d2-91e9-4f35-a4d7-9eaff3fbfacc{ip: 192.168.151.121, host: pr-hdds-2162-tjkd5-3209850126, networkLocation: /rack1, certSerialId: null}
2019-09-24 02:31:41,471 [pool-517-thread-1] INFO  storage.RaftStorage (RaftStorage.java:format(72)) - Storage directory /workdir/hadoop-ozone/integration-test/target/test-dir/MiniOzoneClusterImpl-3bdd15fc-dee8-458b-a154-153c8414505a/datanode-1/data/ratis/d55533d1-60e8-4898-bc16-b718b0c618a3 has been successfully formatted.
2019-09-24 02:31:41,471 [pool-517-thread-1] INFO  ratis.ContainerStateMachine (ContainerStateMachine.java:loadSnapshot(230)) - group-B718B0C618A3: The snapshot info is null. Setting the last applied indexto:(t:0, i:~)
2019-09-24 02:31:41,471 [pool-517-thread-1] INFO  server.RaftServerConfigKeys (ConfUtils.java:logGet(43)) - raft.server.notification.no-leader.timeout = 120s (custom)
2019-09-24 02:31:41,471 [pool-517-thread-1] INFO  server.RaftServerConfigKeys (ConfUtils.java:logGet(43)) - raft.server.log.use.memory = false (default)
2019-09-24 02:31:41,471 [pool-517-thread-1] INFO  server.RaftServerConfigKeys (ConfUtils.java:logGet(43)) - raft.server.log.purge.gap = 1000000 (custom)
2019-09-24 02:31:41,471 [pool-517-thread-1] INFO  server.RaftServerConfigKeys (ConfUtils.java:logGet(43)) - raft.server.log.appender.buffer.byte-limit = 33554432 (custom)
2019-09-24 02:31:41,472 [pool-517-thread-1] INFO  server.RaftServerConfigKeys (ConfUtils.java:logGet(43)) - raft.server.log.segment.size.max = 1048576 (custom)
2019-09-24 02:31:41,472 [pool-517-thread-1] INFO  server.RaftServerConfigKeys (ConfUtils.java:logGet(43)) - raft.server.log.segment.cache.num.max = 2 (custom)
2019-09-24 02:31:41,472 [pool-517-thread-1] INFO  segmented.SegmentedRaftLogWorker (SegmentedRaftLogWorker.java:<init>(172)) - new 9d97adb7-296c-40d2-b831-3db9b0cbdbf9@group-B718B0C618A3-SegmentedRaftLogWorker for RaftStorage:Storage Directory /workdir/hadoop-ozone/integration-test/target/test-dir/MiniOzoneClusterImpl-3bdd15fc-dee8-458b-a154-153c8414505a/datanode-1/data/ratis/d55533d1-60e8-4898-bc16-b718b0c618a3
2019-09-24 02:31:41,473 [pool-517-thread-1] INFO  server.RaftServerConfigKeys (ConfUtils.java:logGet(43)) - raft.server.log.queue.byte-limit = 2147483647 (custom)
2019-09-24 02:31:41,474 [pool-517-thread-1] INFO  server.RaftServerConfigKeys (ConfUtils.java:logGet(43)) - raft.server.log.queue.element-limit = 1024 (custom)
2019-09-24 02:31:41,474 [pool-517-thread-1] INFO  server.RaftServerConfigKeys (ConfUtils.java:logGet(43)) - raft.server.log.segment.size.max = 1048576 (custom)
2019-09-24 02:31:41,474 [pool-517-thread-1] INFO  server.RaftServerConfigKeys (ConfUtils.java:logGet(43)) - raft.server.log.preallocated.size = 16384 (custom)
2019-09-24 02:31:41,474 [pool-517-thread-1] INFO  server.RaftServerConfigKeys (ConfUtils.java:logGet(43)) - raft.server.log.write.buffer.size = 33554432 (custom)
2019-09-24 02:31:41,474 [pool-517-thread-1] INFO  server.RaftServerConfigKeys (ConfUtils.java:logGet(43)) - raft.server.log.force.sync.num = 128 (default)
2019-09-24 02:31:41,474 [pool-517-thread-1] INFO  server.RaftServerConfigKeys (ConfUtils.java:logGet(43)) - raft.server.log.statemachine.data.sync = true (default)
2019-09-24 02:31:41,474 [pool-517-thread-1] INFO  server.RaftServerConfigKeys (ConfUtils.java:logGet(43)) - raft.server.log.statemachine.data.sync.timeout = 10s (default)
2019-09-24 02:31:41,475 [pool-517-thread-1] INFO  server.RaftServerConfigKeys (ConfUtils.java:logGet(43)) - raft.server.log.statemachine.data.sync.timeout.retry = -1 (default)
2019-09-24 02:31:41,475 [pool-517-thread-1] INFO  server.RaftServerConfigKeys (ConfUtils.java:logGet(43)) - raft.server.log.statemachine.data.caching.enabled = true (custom)
2019-09-24 02:31:41,475 [pool-517-thread-1] INFO  segmented.SegmentedRaftLogWorker (SegmentedRaftLogWorker.java:lambda$new$0(132)) - 9d97adb7-296c-40d2-b831-3db9b0cbdbf9@group-B718B0C618A3-SegmentedRaftLogWorker: flushIndex: setUnconditionally 0 -> -1
2019-09-24 02:31:41,475 [pool-517-thread-1] INFO  server.RaftServerConfigKeys (ConfUtils.java:logGet(43)) - raft.server.snapshot.auto.trigger.enabled = true (custom)
2019-09-24 02:31:41,476 [pool-517-thread-1] INFO  server.RaftServerConfigKeys (ConfUtils.java:logGet(43)) - raft.server.snapshot.auto.trigger.threshold = 10000 (custom)
2019-09-24 02:31:41,476 [pool-517-thread-1] INFO  server.RaftServerConfigKeys (ConfUtils.java:logGet(43)) - raft.server.snapshot.retention.num.files = 5 (custom)
2019-09-24 02:31:41,476 [pool-517-thread-1] INFO  server.RaftServerConfigKeys (ConfUtils.java:logGet(43)) - raft.server.retrycache.expirytime = 600000ms (custom)
2019-09-24 02:31:41,477 [pool-517-thread-1] INFO  impl.RaftServerImpl (RaftServerImpl.java:start(185)) - 9d97adb7-296c-40d2-b831-3db9b0cbdbf9@group-B718B0C618A3: start as a follower, conf=-1: [9d97adb7-296c-40d2-b831-3db9b0cbdbf9:192.168.151.121:34687], old=null
2019-09-24 02:31:41,478 [pool-517-thread-1] INFO  impl.RaftServerImpl (RaftServerImpl.java:setRole(174)) - 9d97adb7-296c-40d2-b831-3db9b0cbdbf9@group-B718B0C618A3: changes role from      null to FOLLOWER at term 0 for startAsFollower
2019-09-24 02:31:41,478 [pool-517-thread-1] INFO  impl.RoleInfo (RoleInfo.java:updateAndGet(143)) - 9d97adb7-296c-40d2-b831-3db9b0cbdbf9: start FollowerState
2019-09-24 02:31:41,478 [pool-517-thread-1] INFO  util.JmxRegister (JmxRegister.java:tryRegister(44)) - Successfully registered JMX Bean with object name Ratis:service=RaftServer,group=group-B718B0C618A3,id=9d97adb7-296c-40d2-b831-3db9b0cbdbf9
2019-09-24 02:31:41,484 [RatisPipelineUtilsThread] INFO  pipeline.PipelineStateManager (PipelineStateManager.java:addPipeline(56)) - Created pipeline Pipeline[ Id: d55533d1-60e8-4898-bc16-b718b0c618a3, Nodes: 9d97adb7-296c-40d2-b831-3db9b0cbdbf9{ip: 192.168.151.121, host: pr-hdds-2162-tjkd5-3209850126, networkLocation: /rack1, certSerialId: null}, Type:RATIS, Factor:ONE, State:OPEN]
2019-09-24 02:31:41,492 [grpc-default-executor-0] INFO  impl.RaftServerProxy (RaftServerProxy.java:addNew(89)) - 556942d2-91e9-4f35-a4d7-9eaff3fbfacc: addNew group-8DC0FBF5FE45:[556942d2-91e9-4f35-a4d7-9eaff3fbfacc:192.168.151.121:46023] returns group-8DC0FBF5FE45:java.util.concurrent.CompletableFuture@e6b54b0[Not completed]
2019-09-24 02:31:41,493 [pool-527-thread-1] INFO  impl.RaftServerImpl (RaftServerImpl.java:<init>(95)) - 556942d2-91e9-4f35-a4d7-9eaff3fbfacc: new RaftServerImpl for group-8DC0FBF5FE45:[556942d2-91e9-4f35-a4d7-9eaff3fbfacc:192.168.151.121:46023] with ContainerStateMachine:uninitialized
2019-09-24 02:31:41,493 [pool-527-thread-1] INFO  server.RaftServerConfigKeys (ConfUtils.java:logGet(43)) - raft.server.rpc.timeout.min = 1s (custom)
2019-09-24 02:31:41,494 [pool-527-thread-1] INFO  server.RaftServerConfigKeys (ConfUtils.java:logGet(43)) - raft.server.rpc.timeout.max = 1200ms (custom)
2019-09-24 02:31:41,494 [pool-527-thread-1] INFO  server.RaftServerConfigKeys (ConfUtils.java:logGet(43)) - raft.server.rpcslowness.timeout = 120s (custom)
2019-09-24 02:31:41,494 [pool-527-thread-1] INFO  server.RaftServerConfigKeys (ConfUtils.java:logGet(43)) - raft.server.sleep.deviation.threshold = 300 (default)
2019-09-24 02:31:41,494 [pool-527-thread-1] INFO  server.RaftServerConfigKeys (ConfUtils.java:logGet(43)) - raft.server.log.appender.install.snapshot.enabled = false (custom)
2019-09-24 02:31:41,494 [pool-527-thread-1] INFO  impl.RaftServerImpl (ServerState.java:<init>(103)) - 556942d2-91e9-4f35-a4d7-9eaff3fbfacc@group-8DC0FBF5FE45: ConfigurationManager, init=-1: [556942d2-91e9-4f35-a4d7-9eaff3fbfacc:192.168.151.121:46023], old=null, confs=<EMPTY_MAP>
2019-09-24 02:31:41,494 [pool-527-thread-1] INFO  server.RaftServerConfigKeys (ConfUtils.java:logGet(43)) - raft.server.storage.dir = [/workdir/hadoop-ozone/integration-test/target/test-dir/MiniOzoneClusterImpl-3bdd15fc-dee8-458b-a154-153c8414505a/datanode-2/data/ratis] (custom)
2019-09-24 02:31:41,495 [pool-527-thread-1] INFO  storage.RaftStorageDirectory (RaftStorageDirectory.java:analyzeStorage(246)) - The storage directory /workdir/hadoop-ozone/integration-test/target/test-dir/MiniOzoneClusterImpl-3bdd15fc-dee8-458b-a154-153c8414505a/datanode-2/data/ratis/f0790485-1d3d-4668-8bf9-8dc0fbf5fe45 does not exist. Creating ...
2019-09-24 02:31:41,508 [pool-527-thread-1] INFO  storage.RaftStorageDirectory (RaftStorageDirectory.java:tryLock(328)) - Lock on /workdir/hadoop-ozone/integration-test/target/test-dir/MiniOzoneClusterImpl-3bdd15fc-dee8-458b-a154-153c8414505a/datanode-2/data/ratis/f0790485-1d3d-4668-8bf9-8dc0fbf5fe45/in_use.lock acquired by nodename 30927@pr-hdds-2162-tjkd5-3209850126
2019-09-24 02:31:41,522 [pool-527-thread-1] INFO  storage.RaftStorage (RaftStorage.java:format(72)) - Storage directory /workdir/hadoop-ozone/integration-test/target/test-dir/MiniOzoneClusterImpl-3bdd15fc-dee8-458b-a154-153c8414505a/datanode-2/data/ratis/f0790485-1d3d-4668-8bf9-8dc0fbf5fe45 has been successfully formatted.
2019-09-24 02:31:41,522 [pool-527-thread-1] INFO  ratis.ContainerStateMachine (ContainerStateMachine.java:loadSnapshot(230)) - group-8DC0FBF5FE45: The snapshot info is null. Setting the last applied indexto:(t:0, i:~)
2019-09-24 02:31:41,522 [pool-527-thread-1] INFO  server.RaftServerConfigKeys (ConfUtils.java:logGet(43)) - raft.server.notification.no-leader.timeout = 120s (custom)
2019-09-24 02:31:41,522 [pool-527-thread-1] INFO  server.RaftServerConfigKeys (ConfUtils.java:logGet(43)) - raft.server.log.use.memory = false (default)
2019-09-24 02:31:41,522 [pool-527-thread-1] INFO  server.RaftServerConfigKeys (ConfUtils.java:logGet(43)) - raft.server.log.purge.gap = 1000000 (custom)
2019-09-24 02:31:41,523 [pool-527-thread-1] INFO  server.RaftServerConfigKeys (ConfUtils.java:logGet(43)) - raft.server.log.appender.buffer.byte-limit = 33554432 (custom)
2019-09-24 02:31:41,523 [pool-527-thread-1] INFO  server.RaftServerConfigKeys (ConfUtils.java:logGet(43)) - raft.server.log.segment.size.max = 1048576 (custom)
2019-09-24 02:31:41,523 [pool-527-thread-1] INFO  server.RaftServerConfigKeys (ConfUtils.java:logGet(43)) - raft.server.log.segment.cache.num.max = 2 (custom)
2019-09-24 02:31:41,523 [pool-527-thread-1] INFO  segmented.SegmentedRaftLogWorker (SegmentedRaftLogWorker.java:<init>(172)) - new 556942d2-91e9-4f35-a4d7-9eaff3fbfacc@group-8DC0FBF5FE45-SegmentedRaftLogWorker for RaftStorage:Storage Directory /workdir/hadoop-ozone/integration-test/target/test-dir/MiniOzoneClusterImpl-3bdd15fc-dee8-458b-a154-153c8414505a/datanode-2/data/ratis/f0790485-1d3d-4668-8bf9-8dc0fbf5fe45
2019-09-24 02:31:41,525 [pool-527-thread-1] INFO  server.RaftServerConfigKeys (ConfUtils.java:logGet(43)) - raft.server.log.queue.byte-limit = 2147483647 (custom)
2019-09-24 02:31:41,525 [pool-527-thread-1] INFO  server.RaftServerConfigKeys (ConfUtils.java:logGet(43)) - raft.server.log.queue.element-limit = 1024 (custom)
2019-09-24 02:31:41,525 [pool-527-thread-1] INFO  server.RaftServerConfigKeys (ConfUtils.java:logGet(43)) - raft.server.log.segment.size.max = 1048576 (custom)
2019-09-24 02:31:41,525 [pool-527-thread-1] INFO  server.RaftServerConfigKeys (ConfUtils.java:logGet(43)) - raft.server.log.preallocated.size = 16384 (custom)
2019-09-24 02:31:41,525 [pool-527-thread-1] INFO  server.RaftServerConfigKeys (ConfUtils.java:logGet(43)) - raft.server.log.write.buffer.size = 33554432 (custom)
2019-09-24 02:31:41,526 [pool-527-thread-1] INFO  server.RaftServerConfigKeys (ConfUtils.java:logGet(43)) - raft.server.log.force.sync.num = 128 (default)
2019-09-24 02:31:41,526 [pool-527-thread-1] INFO  server.RaftServerConfigKeys (ConfUtils.java:logGet(43)) - raft.server.log.statemachine.data.sync = true (default)
2019-09-24 02:31:41,526 [pool-527-thread-1] INFO  server.RaftServerConfigKeys (ConfUtils.java:logGet(43)) - raft.server.log.statemachine.data.sync.timeout = 10s (default)
2019-09-24 02:31:41,526 [pool-527-thread-1] INFO  server.RaftServerConfigKeys (ConfUtils.java:logGet(43)) - raft.server.log.statemachine.data.sync.timeout.retry = -1 (default)
2019-09-24 02:31:41,526 [pool-527-thread-1] INFO  server.RaftServerConfigKeys (ConfUtils.java:logGet(43)) - raft.server.log.statemachine.data.caching.enabled = true (custom)
2019-09-24 02:31:41,527 [pool-527-thread-1] INFO  segmented.SegmentedRaftLogWorker (SegmentedRaftLogWorker.java:lambda$new$0(132)) - 556942d2-91e9-4f35-a4d7-9eaff3fbfacc@group-8DC0FBF5FE45-SegmentedRaftLogWorker: flushIndex: setUnconditionally 0 -> -1
2019-09-24 02:31:41,527 [pool-527-thread-1] INFO  server.RaftServerConfigKeys (ConfUtils.java:logGet(43)) - raft.server.snapshot.auto.trigger.enabled = true (custom)
2019-09-24 02:31:41,527 [pool-527-thread-1] INFO  server.RaftServerConfigKeys (ConfUtils.java:logGet(43)) - raft.server.snapshot.auto.trigger.threshold = 10000 (custom)
2019-09-24 02:31:41,527 [pool-527-thread-1] INFO  server.RaftServerConfigKeys (ConfUtils.java:logGet(43)) - raft.server.snapshot.retention.num.files = 5 (custom)
2019-09-24 02:31:41,528 [pool-527-thread-1] INFO  server.RaftServerConfigKeys (ConfUtils.java:logGet(43)) - raft.server.retrycache.expirytime = 600000ms (custom)
2019-09-24 02:31:41,529 [pool-527-thread-1] INFO  impl.RaftServerImpl (RaftServerImpl.java:start(185)) - 556942d2-91e9-4f35-a4d7-9eaff3fbfacc@group-8DC0FBF5FE45: start as a follower, conf=-1: [556942d2-91e9-4f35-a4d7-9eaff3fbfacc:192.168.151.121:46023], old=null
2019-09-24 02:31:41,529 [pool-527-thread-1] INFO  impl.RaftServerImpl (RaftServerImpl.java:setRole(174)) - 556942d2-91e9-4f35-a4d7-9eaff3fbfacc@group-8DC0FBF5FE45: changes role from      null to FOLLOWER at term 0 for startAsFollower
2019-09-24 02:31:41,529 [pool-527-thread-1] INFO  impl.RoleInfo (RoleInfo.java:updateAndGet(143)) - 556942d2-91e9-4f35-a4d7-9eaff3fbfacc: start FollowerState
2019-09-24 02:31:41,530 [pool-527-thread-1] INFO  util.JmxRegister (JmxRegister.java:tryRegister(44)) - Successfully registered JMX Bean with object name Ratis:service=RaftServer,group=group-8DC0FBF5FE45,id=556942d2-91e9-4f35-a4d7-9eaff3fbfacc
2019-09-24 02:31:41,535 [RatisPipelineUtilsThread] INFO  pipeline.PipelineStateManager (PipelineStateManager.java:addPipeline(56)) - Created pipeline Pipeline[ Id: f0790485-1d3d-4668-8bf9-8dc0fbf5fe45, Nodes: 556942d2-91e9-4f35-a4d7-9eaff3fbfacc{ip: 192.168.151.121, host: pr-hdds-2162-tjkd5-3209850126, networkLocation: /rack1, certSerialId: null}, Type:RATIS, Factor:ONE, State:OPEN]
2019-09-24 02:31:41,550 [grpc-default-executor-1] INFO  impl.RaftServerProxy (RaftServerProxy.java:addNew(89)) - 9d97adb7-296c-40d2-b831-3db9b0cbdbf9: addNew group-CED085F05024:[556942d2-91e9-4f35-a4d7-9eaff3fbfacc:192.168.151.121:46023, 91e2a5f7-65a0-4f99-9d0a-256bd4104c43:192.168.151.121:38948, 9d97adb7-296c-40d2-b831-3db9b0cbdbf9:192.168.151.121:34687] returns group-CED085F05024:java.util.concurrent.CompletableFuture@6e4af6bc[Not completed]
2019-09-24 02:31:41,550 [grpc-default-executor-2] INFO  impl.RaftServerProxy (RaftServerProxy.java:addNew(89)) - 556942d2-91e9-4f35-a4d7-9eaff3fbfacc: addNew group-CED085F05024:[556942d2-91e9-4f35-a4d7-9eaff3fbfacc:192.168.151.121:46023, 91e2a5f7-65a0-4f99-9d0a-256bd4104c43:192.168.151.121:38948, 9d97adb7-296c-40d2-b831-3db9b0cbdbf9:192.168.151.121:34687] returns group-CED085F05024:java.util.concurrent.CompletableFuture@b1578f3[Not completed]
2019-09-24 02:31:41,551 [grpc-default-executor-0] INFO  impl.RaftServerProxy (RaftServerProxy.java:addNew(89)) - 91e2a5f7-65a0-4f99-9d0a-256bd4104c43: addNew group-CED085F05024:[556942d2-91e9-4f35-a4d7-9eaff3fbfacc:192.168.151.121:46023, 91e2a5f7-65a0-4f99-9d0a-256bd4104c43:192.168.151.121:38948, 9d97adb7-296c-40d2-b831-3db9b0cbdbf9:192.168.151.121:34687] returns group-CED085F05024:java.util.concurrent.CompletableFuture@707c7d6f[Not completed]
2019-09-24 02:31:41,552 [pool-517-thread-1] INFO  impl.RaftServerImpl (RaftServerImpl.java:<init>(95)) - 9d97adb7-296c-40d2-b831-3db9b0cbdbf9: new RaftServerImpl for group-CED085F05024:[556942d2-91e9-4f35-a4d7-9eaff3fbfacc:192.168.151.121:46023, 91e2a5f7-65a0-4f99-9d0a-256bd4104c43:192.168.151.121:38948, 9d97adb7-296c-40d2-b831-3db9b0cbdbf9:192.168.151.121:34687] with ContainerStateMachine:uninitialized
2019-09-24 02:31:41,552 [pool-517-thread-1] INFO  server.RaftServerConfigKeys (ConfUtils.java:logGet(43)) - raft.server.rpc.timeout.min = 1s (custom)
2019-09-24 02:31:41,552 [pool-517-thread-1] INFO  server.RaftServerConfigKeys (ConfUtils.java:logGet(43)) - raft.server.rpc.timeout.max = 1200ms (custom)
2019-09-24 02:31:41,552 [pool-517-thread-1] INFO  server.RaftServerConfigKeys (ConfUtils.java:logGet(43)) - raft.server.rpcslowness.timeout = 120s (custom)
2019-09-24 02:31:41,552 [pool-507-thread-1] INFO  impl.RaftServerImpl (RaftServerImpl.java:<init>(95)) - 91e2a5f7-65a0-4f99-9d0a-256bd4104c43: new RaftServerImpl for group-CED085F05024:[556942d2-91e9-4f35-a4d7-9eaff3fbfacc:192.168.151.121:46023, 91e2a5f7-65a0-4f99-9d0a-256bd4104c43:192.168.151.121:38948, 9d97adb7-296c-40d2-b831-3db9b0cbdbf9:192.168.151.121:34687] with ContainerStateMachine:uninitialized
2019-09-24 02:31:41,552 [pool-517-thread-1] INFO  server.RaftServerConfigKeys (ConfUtils.java:logGet(43)) - raft.server.sleep.deviation.threshold = 300 (default)
2019-09-24 02:31:41,553 [pool-507-thread-1] INFO  server.RaftServerConfigKeys (ConfUtils.java:logGet(43)) - raft.server.rpc.timeout.min = 1s (custom)
2019-09-24 02:31:41,553 [pool-517-thread-1] INFO  server.RaftServerConfigKeys (ConfUtils.java:logGet(43)) - raft.server.log.appender.install.snapshot.enabled = false (custom)
2019-09-24 02:31:41,553 [pool-527-thread-1] INFO  impl.RaftServerImpl (RaftServerImpl.java:<init>(95)) - 556942d2-91e9-4f35-a4d7-9eaff3fbfacc: new RaftServerImpl for group-CED085F05024:[556942d2-91e9-4f35-a4d7-9eaff3fbfacc:192.168.151.121:46023, 91e2a5f7-65a0-4f99-9d0a-256bd4104c43:192.168.151.121:38948, 9d97adb7-296c-40d2-b831-3db9b0cbdbf9:192.168.151.121:34687] with ContainerStateMachine:uninitialized
2019-09-24 02:31:41,553 [pool-517-thread-1] INFO  impl.RaftServerImpl (ServerState.java:<init>(103)) - 9d97adb7-296c-40d2-b831-3db9b0cbdbf9@group-CED085F05024: ConfigurationManager, init=-1: [556942d2-91e9-4f35-a4d7-9eaff3fbfacc:192.168.151.121:46023, 91e2a5f7-65a0-4f99-9d0a-256bd4104c43:192.168.151.121:38948, 9d97adb7-296c-40d2-b831-3db9b0cbdbf9:192.168.151.121:34687], old=null, confs=<EMPTY_MAP>
2019-09-24 02:31:41,553 [pool-507-thread-1] INFO  server.RaftServerConfigKeys (ConfUtils.java:logGet(43)) - raft.server.rpc.timeout.max = 1200ms (custom)
2019-09-24 02:31:41,553 [pool-517-thread-1] INFO  server.RaftServerConfigKeys (ConfUtils.java:logGet(43)) - raft.server.storage.dir = [/workdir/hadoop-ozone/integration-test/target/test-dir/MiniOzoneClusterImpl-3bdd15fc-dee8-458b-a154-153c8414505a/datanode-1/data/ratis] (custom)
2019-09-24 02:31:41,553 [pool-527-thread-1] INFO  server.RaftServerConfigKeys (ConfUtils.java:logGet(43)) - raft.server.rpc.timeout.min = 1s (custom)
2019-09-24 02:31:41,554 [pool-507-thread-1] INFO  server.RaftServerConfigKeys (ConfUtils.java:logGet(43)) - raft.server.rpcslowness.timeout = 120s (custom)
2019-09-24 02:31:41,554 [pool-517-thread-1] INFO  storage.RaftStorageDirectory (RaftStorageDirectory.java:analyzeStorage(246)) - The storage directory /workdir/hadoop-ozone/integration-test/target/test-dir/MiniOzoneClusterImpl-3bdd15fc-dee8-458b-a154-153c8414505a/datanode-1/data/ratis/6d78ecf6-cfc9-4151-a7b2-ced085f05024 does not exist. Creating ...
2019-09-24 02:31:41,554 [pool-527-thread-1] INFO  server.RaftServerConfigKeys (ConfUtils.java:logGet(43)) - raft.server.rpc.timeout.max = 1200ms (custom)
2019-09-24 02:31:41,554 [pool-507-thread-1] INFO  server.RaftServerConfigKeys (ConfUtils.java:logGet(43)) - raft.server.sleep.deviation.threshold = 300 (default)
2019-09-24 02:31:41,554 [pool-527-thread-1] INFO  server.RaftServerConfigKeys (ConfUtils.java:logGet(43)) - raft.server.rpcslowness.timeout = 120s (custom)
2019-09-24 02:31:41,554 [pool-507-thread-1] INFO  server.RaftServerConfigKeys (ConfUtils.java:logGet(43)) - raft.server.log.appender.install.snapshot.enabled = false (custom)
2019-09-24 02:31:41,555 [pool-527-thread-1] INFO  server.RaftServerConfigKeys (ConfUtils.java:logGet(43)) - raft.server.sleep.deviation.threshold = 300 (default)
2019-09-24 02:31:41,555 [pool-507-thread-1] INFO  impl.RaftServerImpl (ServerState.java:<init>(103)) - 91e2a5f7-65a0-4f99-9d0a-256bd4104c43@group-CED085F05024: ConfigurationManager, init=-1: [556942d2-91e9-4f35-a4d7-9eaff3fbfacc:192.168.151.121:46023, 91e2a5f7-65a0-4f99-9d0a-256bd4104c43:192.168.151.121:38948, 9d97adb7-296c-40d2-b831-3db9b0cbdbf9:192.168.151.121:34687], old=null, confs=<EMPTY_MAP>
2019-09-24 02:31:41,555 [pool-527-thread-1] INFO  server.RaftServerConfigKeys (ConfUtils.java:logGet(43)) - raft.server.log.appender.install.snapshot.enabled = false (custom)
2019-09-24 02:31:41,555 [pool-507-thread-1] INFO  server.RaftServerConfigKeys (ConfUtils.java:logGet(43)) - raft.server.storage.dir = [/workdir/hadoop-ozone/integration-test/target/test-dir/MiniOzoneClusterImpl-3bdd15fc-dee8-458b-a154-153c8414505a/datanode-0/data/ratis] (custom)
2019-09-24 02:31:41,555 [pool-527-thread-1] INFO  impl.RaftServerImpl (ServerState.java:<init>(103)) - 556942d2-91e9-4f35-a4d7-9eaff3fbfacc@group-CED085F05024: ConfigurationManager, init=-1: [556942d2-91e9-4f35-a4d7-9eaff3fbfacc:192.168.151.121:46023, 91e2a5f7-65a0-4f99-9d0a-256bd4104c43:192.168.151.121:38948, 9d97adb7-296c-40d2-b831-3db9b0cbdbf9:192.168.151.121:34687], old=null, confs=<EMPTY_MAP>
2019-09-24 02:31:41,555 [pool-527-thread-1] INFO  server.RaftServerConfigKeys (ConfUtils.java:logGet(43)) - raft.server.storage.dir = [/workdir/hadoop-ozone/integration-test/target/test-dir/MiniOzoneClusterImpl-3bdd15fc-dee8-458b-a154-153c8414505a/datanode-2/data/ratis] (custom)
2019-09-24 02:31:41,556 [pool-507-thread-1] INFO  storage.RaftStorageDirectory (RaftStorageDirectory.java:analyzeStorage(246)) - The storage directory /workdir/hadoop-ozone/integration-test/target/test-dir/MiniOzoneClusterImpl-3bdd15fc-dee8-458b-a154-153c8414505a/datanode-0/data/ratis/6d78ecf6-cfc9-4151-a7b2-ced085f05024 does not exist. Creating ...
2019-09-24 02:31:41,556 [pool-527-thread-1] INFO  storage.RaftStorageDirectory (RaftStorageDirectory.java:analyzeStorage(246)) - The storage directory /workdir/hadoop-ozone/integration-test/target/test-dir/MiniOzoneClusterImpl-3bdd15fc-dee8-458b-a154-153c8414505a/datanode-2/data/ratis/6d78ecf6-cfc9-4151-a7b2-ced085f05024 does not exist. Creating ...
2019-09-24 02:31:41,567 [pool-517-thread-1] INFO  storage.RaftStorageDirectory (RaftStorageDirectory.java:tryLock(328)) - Lock on /workdir/hadoop-ozone/integration-test/target/test-dir/MiniOzoneClusterImpl-3bdd15fc-dee8-458b-a154-153c8414505a/datanode-1/data/ratis/6d78ecf6-cfc9-4151-a7b2-ced085f05024/in_use.lock acquired by nodename 30927@pr-hdds-2162-tjkd5-3209850126
2019-09-24 02:31:41,567 [pool-527-thread-1] INFO  storage.RaftStorageDirectory (RaftStorageDirectory.java:tryLock(328)) - Lock on /workdir/hadoop-ozone/integration-test/target/test-dir/MiniOzoneClusterImpl-3bdd15fc-dee8-458b-a154-153c8414505a/datanode-2/data/ratis/6d78ecf6-cfc9-4151-a7b2-ced085f05024/in_use.lock acquired by nodename 30927@pr-hdds-2162-tjkd5-3209850126
2019-09-24 02:31:41,567 [pool-507-thread-1] INFO  storage.RaftStorageDirectory (RaftStorageDirectory.java:tryLock(328)) - Lock on /workdir/hadoop-ozone/integration-test/target/test-dir/MiniOzoneClusterImpl-3bdd15fc-dee8-458b-a154-153c8414505a/datanode-0/data/ratis/6d78ecf6-cfc9-4151-a7b2-ced085f05024/in_use.lock acquired by nodename 30927@pr-hdds-2162-tjkd5-3209850126
2019-09-24 02:31:41,582 [pool-527-thread-1] INFO  storage.RaftStorage (RaftStorage.java:format(72)) - Storage directory /workdir/hadoop-ozone/integration-test/target/test-dir/MiniOzoneClusterImpl-3bdd15fc-dee8-458b-a154-153c8414505a/datanode-2/data/ratis/6d78ecf6-cfc9-4151-a7b2-ced085f05024 has been successfully formatted.
2019-09-24 02:31:41,582 [pool-517-thread-1] INFO  storage.RaftStorage (RaftStorage.java:format(72)) - Storage directory /workdir/hadoop-ozone/integration-test/target/test-dir/MiniOzoneClusterImpl-3bdd15fc-dee8-458b-a154-153c8414505a/datanode-1/data/ratis/6d78ecf6-cfc9-4151-a7b2-ced085f05024 has been successfully formatted.
2019-09-24 02:31:41,582 [pool-507-thread-1] INFO  storage.RaftStorage (RaftStorage.java:format(72)) - Storage directory /workdir/hadoop-ozone/integration-test/target/test-dir/MiniOzoneClusterImpl-3bdd15fc-dee8-458b-a154-153c8414505a/datanode-0/data/ratis/6d78ecf6-cfc9-4151-a7b2-ced085f05024 has been successfully formatted.
2019-09-24 02:31:41,583 [pool-517-thread-1] INFO  ratis.ContainerStateMachine (ContainerStateMachine.java:loadSnapshot(230)) - group-CED085F05024: The snapshot info is null. Setting the last applied indexto:(t:0, i:~)
2019-09-24 02:31:41,583 [pool-527-thread-1] INFO  ratis.ContainerStateMachine (ContainerStateMachine.java:loadSnapshot(230)) - group-CED085F05024: The snapshot info is null. Setting the last applied indexto:(t:0, i:~)
2019-09-24 02:31:41,583 [pool-517-thread-1] INFO  server.RaftServerConfigKeys (ConfUtils.java:logGet(43)) - raft.server.notification.no-leader.timeout = 120s (custom)
2019-09-24 02:31:41,583 [pool-517-thread-1] INFO  server.RaftServerConfigKeys (ConfUtils.java:logGet(43)) - raft.server.log.use.memory = false (default)
2019-09-24 02:31:41,583 [pool-507-thread-1] INFO  ratis.ContainerStateMachine (ContainerStateMachine.java:loadSnapshot(230)) - group-CED085F05024: The snapshot info is null. Setting the last applied indexto:(t:0, i:~)
2019-09-24 02:31:41,584 [pool-517-thread-1] INFO  server.RaftServerConfigKeys (ConfUtils.java:logGet(43)) - raft.server.log.purge.gap = 1000000 (custom)
2019-09-24 02:31:41,583 [pool-527-thread-1] INFO  server.RaftServerConfigKeys (ConfUtils.java:logGet(43)) - raft.server.notification.no-leader.timeout = 120s (custom)
2019-09-24 02:31:41,584 [pool-517-thread-1] INFO  server.RaftServerConfigKeys (ConfUtils.java:logGet(43)) - raft.server.log.appender.buffer.byte-limit = 33554432 (custom)
2019-09-24 02:31:41,584 [pool-507-thread-1] INFO  server.RaftServerConfigKeys (ConfUtils.java:logGet(43)) - raft.server.notification.no-leader.timeout = 120s (custom)
2019-09-24 02:31:41,584 [pool-517-thread-1] INFO  server.RaftServerConfigKeys (ConfUtils.java:logGet(43)) - raft.server.log.segment.size.max = 1048576 (custom)
2019-09-24 02:31:41,584 [pool-527-thread-1] INFO  server.RaftServerConfigKeys (ConfUtils.java:logGet(43)) - raft.server.log.use.memory = false (default)
2019-09-24 02:31:41,585 [pool-517-thread-1] INFO  server.RaftServerConfigKeys (ConfUtils.java:logGet(43)) - raft.server.log.segment.cache.num.max = 2 (custom)
2019-09-24 02:31:41,584 [pool-507-thread-1] INFO  server.RaftServerConfigKeys (ConfUtils.java:logGet(43)) - raft.server.log.use.memory = false (default)
2019-09-24 02:31:41,585 [pool-517-thread-1] INFO  segmented.SegmentedRaftLogWorker (SegmentedRaftLogWorker.java:<init>(172)) - new 9d97adb7-296c-40d2-b831-3db9b0cbdbf9@group-CED085F05024-SegmentedRaftLogWorker for RaftStorage:Storage Directory /workdir/hadoop-ozone/integration-test/target/test-dir/MiniOzoneClusterImpl-3bdd15fc-dee8-458b-a154-153c8414505a/datanode-1/data/ratis/6d78ecf6-cfc9-4151-a7b2-ced085f05024
2019-09-24 02:31:41,585 [pool-527-thread-1] INFO  server.RaftServerConfigKeys (ConfUtils.java:logGet(43)) - raft.server.log.purge.gap = 1000000 (custom)
2019-09-24 02:31:41,585 [pool-517-thread-1] INFO  server.RaftServerConfigKeys (ConfUtils.java:logGet(43)) - raft.server.log.queue.byte-limit = 2147483647 (custom)
2019-09-24 02:31:41,586 [pool-517-thread-1] INFO  server.RaftServerConfigKeys (ConfUtils.java:logGet(43)) - raft.server.log.queue.element-limit = 1024 (custom)
2019-09-24 02:31:41,585 [pool-507-thread-1] INFO  server.RaftServerConfigKeys (ConfUtils.java:logGet(43)) - raft.server.log.purge.gap = 1000000 (custom)
2019-09-24 02:31:41,586 [pool-517-thread-1] INFO  server.RaftServerConfigKeys (ConfUtils.java:logGet(43)) - raft.server.log.segment.size.max = 1048576 (custom)
2019-09-24 02:31:41,586 [pool-517-thread-1] INFO  server.RaftServerConfigKeys (ConfUtils.java:logGet(43)) - raft.server.log.preallocated.size = 16384 (custom)
2019-09-24 02:31:41,585 [pool-527-thread-1] INFO  server.RaftServerConfigKeys (ConfUtils.java:logGet(43)) - raft.server.log.appender.buffer.byte-limit = 33554432 (custom)
2019-09-24 02:31:41,586 [pool-517-thread-1] INFO  server.RaftServerConfigKeys (ConfUtils.java:logGet(43)) - raft.server.log.write.buffer.size = 33554432 (custom)
2019-09-24 02:31:41,587 [pool-517-thread-1] INFO  server.RaftServerConfigKeys (ConfUtils.java:logGet(43)) - raft.server.log.force.sync.num = 128 (default)
2019-09-24 02:31:41,586 [pool-507-thread-1] INFO  server.RaftServerConfigKeys (ConfUtils.java:logGet(43)) - raft.server.log.appender.buffer.byte-limit = 33554432 (custom)
2019-09-24 02:31:41,587 [pool-517-thread-1] INFO  server.RaftServerConfigKeys (ConfUtils.java:logGet(43)) - raft.server.log.statemachine.data.sync = true (default)
2019-09-24 02:31:41,587 [pool-517-thread-1] INFO  server.RaftServerConfigKeys (ConfUtils.java:logGet(43)) - raft.server.log.statemachine.data.sync.timeout = 10s (default)
2019-09-24 02:31:41,586 [pool-527-thread-1] INFO  server.RaftServerConfigKeys (ConfUtils.java:logGet(43)) - raft.server.log.segment.size.max = 1048576 (custom)
2019-09-24 02:31:41,587 [pool-517-thread-1] INFO  server.RaftServerConfigKeys (ConfUtils.java:logGet(43)) - raft.server.log.statemachine.data.sync.timeout.retry = -1 (default)
2019-09-24 02:31:41,587 [pool-507-thread-1] INFO  server.RaftServerConfigKeys (ConfUtils.java:logGet(43)) - raft.server.log.segment.size.max = 1048576 (custom)
2019-09-24 02:31:41,588 [pool-517-thread-1] INFO  server.RaftServerConfigKeys (ConfUtils.java:logGet(43)) - raft.server.log.statemachine.data.caching.enabled = true (custom)
2019-09-24 02:31:41,587 [pool-527-thread-1] INFO  server.RaftServerConfigKeys (ConfUtils.java:logGet(43)) - raft.server.log.segment.cache.num.max = 2 (custom)
2019-09-24 02:31:41,588 [pool-507-thread-1] INFO  server.RaftServerConfigKeys (ConfUtils.java:logGet(43)) - raft.server.log.segment.cache.num.max = 2 (custom)
2019-09-24 02:31:41,588 [pool-527-thread-1] INFO  segmented.SegmentedRaftLogWorker (SegmentedRaftLogWorker.java:<init>(172)) - new 556942d2-91e9-4f35-a4d7-9eaff3fbfacc@group-CED085F05024-SegmentedRaftLogWorker for RaftStorage:Storage Directory /workdir/hadoop-ozone/integration-test/target/test-dir/MiniOzoneClusterImpl-3bdd15fc-dee8-458b-a154-153c8414505a/datanode-2/data/ratis/6d78ecf6-cfc9-4151-a7b2-ced085f05024
2019-09-24 02:31:41,588 [pool-517-thread-1] INFO  segmented.SegmentedRaftLogWorker (SegmentedRaftLogWorker.java:lambda$new$0(132)) - 9d97adb7-296c-40d2-b831-3db9b0cbdbf9@group-CED085F05024-SegmentedRaftLogWorker: flushIndex: setUnconditionally 0 -> -1
2019-09-24 02:31:41,588 [pool-527-thread-1] INFO  server.RaftServerConfigKeys (ConfUtils.java:logGet(43)) - raft.server.log.queue.byte-limit = 2147483647 (custom)
2019-09-24 02:31:41,589 [pool-527-thread-1] INFO  server.RaftServerConfigKeys (ConfUtils.java:logGet(43)) - raft.server.log.queue.element-limit = 1024 (custom)
2019-09-24 02:31:41,588 [pool-507-thread-1] INFO  segmented.SegmentedRaftLogWorker (SegmentedRaftLogWorker.java:<init>(172)) - new 91e2a5f7-65a0-4f99-9d0a-256bd4104c43@group-CED085F05024-SegmentedRaftLogWorker for RaftStorage:Storage Directory /workdir/hadoop-ozone/integration-test/target/test-dir/MiniOzoneClusterImpl-3bdd15fc-dee8-458b-a154-153c8414505a/datanode-0/data/ratis/6d78ecf6-cfc9-4151-a7b2-ced085f05024
2019-09-24 02:31:41,589 [pool-527-thread-1] INFO  server.RaftServerConfigKeys (ConfUtils.java:logGet(43)) - raft.server.log.segment.size.max = 1048576 (custom)
2019-09-24 02:31:41,589 [pool-527-thread-1] INFO  server.RaftServerConfigKeys (ConfUtils.java:logGet(43)) - raft.server.log.preallocated.size = 16384 (custom)
2019-09-24 02:31:41,589 [pool-517-thread-1] INFO  server.RaftServerConfigKeys (ConfUtils.java:logGet(43)) - raft.server.snapshot.auto.trigger.enabled = true (custom)
2019-09-24 02:31:41,589 [pool-527-thread-1] INFO  server.RaftServerConfigKeys (ConfUtils.java:logGet(43)) - raft.server.log.write.buffer.size = 33554432 (custom)
2019-09-24 02:31:41,590 [pool-527-thread-1] INFO  server.RaftServerConfigKeys (ConfUtils.java:logGet(43)) - raft.server.log.force.sync.num = 128 (default)
2019-09-24 02:31:41,589 [pool-507-thread-1] INFO  server.RaftServerConfigKeys (ConfUtils.java:logGet(43)) - raft.server.log.queue.byte-limit = 2147483647 (custom)
2019-09-24 02:31:41,590 [pool-527-thread-1] INFO  server.RaftServerConfigKeys (ConfUtils.java:logGet(43)) - raft.server.log.statemachine.data.sync = true (default)
2019-09-24 02:31:41,590 [pool-517-thread-1] INFO  server.RaftServerConfigKeys (ConfUtils.java:logGet(43)) - raft.server.snapshot.auto.trigger.threshold = 10000 (custom)
2019-09-24 02:31:41,590 [pool-527-thread-1] INFO  server.RaftServerConfigKeys (ConfUtils.java:logGet(43)) - raft.server.log.statemachine.data.sync.timeout = 10s (default)
2019-09-24 02:31:41,591 [pool-527-thread-1] INFO  server.RaftServerConfigKeys (ConfUtils.java:logGet(43)) - raft.server.log.statemachine.data.sync.timeout.retry = -1 (default)
2019-09-24 02:31:41,590 [pool-507-thread-1] INFO  server.RaftServerConfigKeys (ConfUtils.java:logGet(43)) - raft.server.log.queue.element-limit = 1024 (custom)
2019-09-24 02:31:41,591 [pool-527-thread-1] INFO  server.RaftServerConfigKeys (ConfUtils.java:logGet(43)) - raft.server.log.statemachine.data.caching.enabled = true (custom)
2019-09-24 02:31:41,590 [pool-517-thread-1] INFO  server.RaftServerConfigKeys (ConfUtils.java:logGet(43)) - raft.server.snapshot.retention.num.files = 5 (custom)
2019-09-24 02:31:41,591 [pool-527-thread-1] INFO  segmented.SegmentedRaftLogWorker (SegmentedRaftLogWorker.java:lambda$new$0(132)) - 556942d2-91e9-4f35-a4d7-9eaff3fbfacc@group-CED085F05024-SegmentedRaftLogWorker: flushIndex: setUnconditionally 0 -> -1
2019-09-24 02:31:41,591 [pool-507-thread-1] INFO  server.RaftServerConfigKeys (ConfUtils.java:logGet(43)) - raft.server.log.segment.size.max = 1048576 (custom)
2019-09-24 02:31:41,591 [pool-517-thread-1] INFO  server.RaftServerConfigKeys (ConfUtils.java:logGet(43)) - raft.server.retrycache.expirytime = 600000ms (custom)
2019-09-24 02:31:41,592 [pool-527-thread-1] INFO  server.RaftServerConfigKeys (ConfUtils.java:logGet(43)) - raft.server.snapshot.auto.trigger.enabled = true (custom)
2019-09-24 02:31:41,592 [pool-507-thread-1] INFO  server.RaftServerConfigKeys (ConfUtils.java:logGet(43)) - raft.server.log.preallocated.size = 16384 (custom)
2019-09-24 02:31:41,592 [pool-527-thread-1] INFO  server.RaftServerConfigKeys (ConfUtils.java:logGet(43)) - raft.server.snapshot.auto.trigger.threshold = 10000 (custom)
2019-09-24 02:31:41,592 [pool-507-thread-1] INFO  server.RaftServerConfigKeys (ConfUtils.java:logGet(43)) - raft.server.log.write.buffer.size = 33554432 (custom)
2019-09-24 02:31:41,592 [pool-527-thread-1] INFO  server.RaftServerConfigKeys (ConfUtils.java:logGet(43)) - raft.server.snapshot.retention.num.files = 5 (custom)
2019-09-24 02:31:41,593 [pool-507-thread-1] INFO  server.RaftServerConfigKeys (ConfUtils.java:logGet(43)) - raft.server.log.force.sync.num = 128 (default)
2019-09-24 02:31:41,593 [pool-527-thread-1] INFO  server.RaftServerConfigKeys (ConfUtils.java:logGet(43)) - raft.server.retrycache.expirytime = 600000ms (custom)
2019-09-24 02:31:41,593 [pool-507-thread-1] INFO  server.RaftServerConfigKeys (ConfUtils.java:logGet(43)) - raft.server.log.statemachine.data.sync = true (default)
2019-09-24 02:31:41,593 [pool-507-thread-1] INFO  server.RaftServerConfigKeys (ConfUtils.java:logGet(43)) - raft.server.log.statemachine.data.sync.timeout = 10s (default)
2019-09-24 02:31:41,593 [pool-507-thread-1] INFO  server.RaftServerConfigKeys (ConfUtils.java:logGet(43)) - raft.server.log.statemachine.data.sync.timeout.retry = -1 (default)
2019-09-24 02:31:41,594 [pool-507-thread-1] INFO  server.RaftServerConfigKeys (ConfUtils.java:logGet(43)) - raft.server.log.statemachine.data.caching.enabled = true (custom)
2019-09-24 02:31:41,594 [pool-517-thread-1] INFO  impl.RaftServerImpl (RaftServerImpl.java:start(185)) - 9d97adb7-296c-40d2-b831-3db9b0cbdbf9@group-CED085F05024: start as a follower, conf=-1: [556942d2-91e9-4f35-a4d7-9eaff3fbfacc:192.168.151.121:46023, 91e2a5f7-65a0-4f99-9d0a-256bd4104c43:192.168.151.121:38948, 9d97adb7-296c-40d2-b831-3db9b0cbdbf9:192.168.151.121:34687], old=null
2019-09-24 02:31:41,594 [pool-507-thread-1] INFO  segmented.SegmentedRaftLogWorker (SegmentedRaftLogWorker.java:lambda$new$0(132)) - 91e2a5f7-65a0-4f99-9d0a-256bd4104c43@group-CED085F05024-SegmentedRaftLogWorker: flushIndex: setUnconditionally 0 -> -1
2019-09-24 02:31:41,594 [pool-517-thread-1] INFO  impl.RaftServerImpl (RaftServerImpl.java:setRole(174)) - 9d97adb7-296c-40d2-b831-3db9b0cbdbf9@group-CED085F05024: changes role from      null to FOLLOWER at term 0 for startAsFollower
2019-09-24 02:31:41,594 [pool-517-thread-1] INFO  impl.RoleInfo (RoleInfo.java:updateAndGet(143)) - 9d97adb7-296c-40d2-b831-3db9b0cbdbf9: start FollowerState
2019-09-24 02:31:41,594 [pool-507-thread-1] INFO  server.RaftServerConfigKeys (ConfUtils.java:logGet(43)) - raft.server.snapshot.auto.trigger.enabled = true (custom)
2019-09-24 02:31:41,594 [pool-507-thread-1] INFO  server.RaftServerConfigKeys (ConfUtils.java:logGet(43)) - raft.server.snapshot.auto.trigger.threshold = 10000 (custom)
2019-09-24 02:31:41,595 [pool-527-thread-1] INFO  impl.RaftServerImpl (RaftServerImpl.java:start(185)) - 556942d2-91e9-4f35-a4d7-9eaff3fbfacc@group-CED085F05024: start as a follower, conf=-1: [556942d2-91e9-4f35-a4d7-9eaff3fbfacc:192.168.151.121:46023, 91e2a5f7-65a0-4f99-9d0a-256bd4104c43:192.168.151.121:38948, 9d97adb7-296c-40d2-b831-3db9b0cbdbf9:192.168.151.121:34687], old=null
2019-09-24 02:31:41,595 [pool-517-thread-1] INFO  util.JmxRegister (JmxRegister.java:tryRegister(44)) - Successfully registered JMX Bean with object name Ratis:service=RaftServer,group=group-CED085F05024,id=9d97adb7-296c-40d2-b831-3db9b0cbdbf9
2019-09-24 02:31:41,595 [pool-507-thread-1] INFO  server.RaftServerConfigKeys (ConfUtils.java:logGet(43)) - raft.server.snapshot.retention.num.files = 5 (custom)
2019-09-24 02:31:41,595 [pool-527-thread-1] INFO  impl.RaftServerImpl (RaftServerImpl.java:setRole(174)) - 556942d2-91e9-4f35-a4d7-9eaff3fbfacc@group-CED085F05024: changes role from      null to FOLLOWER at term 0 for startAsFollower
2019-09-24 02:31:41,595 [pool-507-thread-1] INFO  server.RaftServerConfigKeys (ConfUtils.java:logGet(43)) - raft.server.retrycache.expirytime = 600000ms (custom)
2019-09-24 02:31:41,595 [pool-527-thread-1] INFO  impl.RoleInfo (RoleInfo.java:updateAndGet(143)) - 556942d2-91e9-4f35-a4d7-9eaff3fbfacc: start FollowerState
2019-09-24 02:31:41,596 [pool-527-thread-1] INFO  util.JmxRegister (JmxRegister.java:tryRegister(44)) - Successfully registered JMX Bean with object name Ratis:service=RaftServer,group=group-CED085F05024,id=556942d2-91e9-4f35-a4d7-9eaff3fbfacc
2019-09-24 02:31:41,597 [pool-507-thread-1] INFO  impl.RaftServerImpl (RaftServerImpl.java:start(185)) - 91e2a5f7-65a0-4f99-9d0a-256bd4104c43@group-CED085F05024: start as a follower, conf=-1: [556942d2-91e9-4f35-a4d7-9eaff3fbfacc:192.168.151.121:46023, 91e2a5f7-65a0-4f99-9d0a-256bd4104c43:192.168.151.121:38948, 9d97adb7-296c-40d2-b831-3db9b0cbdbf9:192.168.151.121:34687], old=null
2019-09-24 02:31:41,597 [pool-507-thread-1] INFO  impl.RaftServerImpl (RaftServerImpl.java:setRole(174)) - 91e2a5f7-65a0-4f99-9d0a-256bd4104c43@group-CED085F05024: changes role from      null to FOLLOWER at term 0 for startAsFollower
2019-09-24 02:31:41,597 [pool-507-thread-1] INFO  impl.RoleInfo (RoleInfo.java:updateAndGet(143)) - 91e2a5f7-65a0-4f99-9d0a-256bd4104c43: start FollowerState
2019-09-24 02:31:41,603 [pool-507-thread-1] INFO  util.JmxRegister (JmxRegister.java:tryRegister(44)) - Successfully registered JMX Bean with object name Ratis:service=RaftServer,group=group-CED085F05024,id=91e2a5f7-65a0-4f99-9d0a-256bd4104c43
2019-09-24 02:31:41,616 [RatisPipelineUtilsThread] INFO  pipeline.PipelineStateManager (PipelineStateManager.java:addPipeline(56)) - Created pipeline Pipeline[ Id: 6d78ecf6-cfc9-4151-a7b2-ced085f05024, Nodes: 9d97adb7-296c-40d2-b831-3db9b0cbdbf9{ip: 192.168.151.121, host: pr-hdds-2162-tjkd5-3209850126, networkLocation: /rack1, certSerialId: null}556942d2-91e9-4f35-a4d7-9eaff3fbfacc{ip: 192.168.151.121, host: pr-hdds-2162-tjkd5-3209850126, networkLocation: /rack1, certSerialId: null}91e2a5f7-65a0-4f99-9d0a-256bd4104c43{ip: 192.168.151.121, host: pr-hdds-2162-tjkd5-3209850126, networkLocation: /rack1, certSerialId: null}, Type:RATIS, Factor:THREE, State:OPEN]
2019-09-24 02:31:41,732 [IPC Server handler 0 on 45829] INFO  net.NetworkTopology (NetworkTopologyImpl.java:add(111)) - Added a new node: /rack1/ae1cc8d2-f95e-4ea0-a778-71138d7e5594
2019-09-24 02:31:41,732 [IPC Server handler 0 on 45829] INFO  node.SCMNodeManager (SCMNodeManager.java:register(266)) - Registered Data node : ae1cc8d2-f95e-4ea0-a778-71138d7e5594{ip: 192.168.151.121, host: pr-hdds-2162-tjkd5-3209850126, networkLocation: /rack1, certSerialId: null}
2019-09-24 02:31:41,741 [grpc-default-executor-0] INFO  impl.RaftServerProxy (RaftServerProxy.java:addNew(89)) - ae1cc8d2-f95e-4ea0-a778-71138d7e5594: addNew group-119BED446774:[ae1cc8d2-f95e-4ea0-a778-71138d7e5594:192.168.151.121:45961] returns group-119BED446774:java.util.concurrent.CompletableFuture@f2386ef[Not completed]
2019-09-24 02:31:41,744 [pool-537-thread-1] INFO  impl.RaftServerImpl (RaftServerImpl.java:<init>(95)) - ae1cc8d2-f95e-4ea0-a778-71138d7e5594: new RaftServerImpl for group-119BED446774:[ae1cc8d2-f95e-4ea0-a778-71138d7e5594:192.168.151.121:45961] with ContainerStateMachine:uninitialized
2019-09-24 02:31:41,744 [pool-537-thread-1] INFO  server.RaftServerConfigKeys (ConfUtils.java:logGet(43)) - raft.server.rpc.timeout.min = 1s (custom)
2019-09-24 02:31:41,744 [pool-537-thread-1] INFO  server.RaftServerConfigKeys (ConfUtils.java:logGet(43)) - raft.server.rpc.timeout.max = 1200ms (custom)
2019-09-24 02:31:41,744 [pool-537-thread-1] INFO  server.RaftServerConfigKeys (ConfUtils.java:logGet(43)) - raft.server.rpcslowness.timeout = 120s (custom)
2019-09-24 02:31:41,744 [pool-537-thread-1] INFO  server.RaftServerConfigKeys (ConfUtils.java:logGet(43)) - raft.server.sleep.deviation.threshold = 300 (default)
2019-09-24 02:31:41,745 [pool-537-thread-1] INFO  server.RaftServerConfigKeys (ConfUtils.java:logGet(43)) - raft.server.log.appender.install.snapshot.enabled = false (custom)
2019-09-24 02:31:41,745 [pool-537-thread-1] INFO  impl.RaftServerImpl (ServerState.java:<init>(103)) - ae1cc8d2-f95e-4ea0-a778-71138d7e5594@group-119BED446774: ConfigurationManager, init=-1: [ae1cc8d2-f95e-4ea0-a778-71138d7e5594:192.168.151.121:45961], old=null, confs=<EMPTY_MAP>
2019-09-24 02:31:41,745 [pool-537-thread-1] INFO  server.RaftServerConfigKeys (ConfUtils.java:logGet(43)) - raft.server.storage.dir = [/workdir/hadoop-ozone/integration-test/target/test-dir/MiniOzoneClusterImpl-3bdd15fc-dee8-458b-a154-153c8414505a/datanode-3/data/ratis] (custom)
2019-09-24 02:31:41,745 [pool-537-thread-1] INFO  storage.RaftStorageDirectory (RaftStorageDirectory.java:analyzeStorage(246)) - The storage directory /workdir/hadoop-ozone/integration-test/target/test-dir/MiniOzoneClusterImpl-3bdd15fc-dee8-458b-a154-153c8414505a/datanode-3/data/ratis/ae709f98-3a1f-4317-8546-119bed446774 does not exist. Creating ...
2019-09-24 02:31:41,805 [pool-537-thread-1] INFO  storage.RaftStorageDirectory (RaftStorageDirectory.java:tryLock(328)) - Lock on /workdir/hadoop-ozone/integration-test/target/test-dir/MiniOzoneClusterImpl-3bdd15fc-dee8-458b-a154-153c8414505a/datanode-3/data/ratis/ae709f98-3a1f-4317-8546-119bed446774/in_use.lock acquired by nodename 30927@pr-hdds-2162-tjkd5-3209850126
2019-09-24 02:31:41,808 [pool-537-thread-1] INFO  storage.RaftStorage (RaftStorage.java:format(72)) - Storage directory /workdir/hadoop-ozone/integration-test/target/test-dir/MiniOzoneClusterImpl-3bdd15fc-dee8-458b-a154-153c8414505a/datanode-3/data/ratis/ae709f98-3a1f-4317-8546-119bed446774 has been successfully formatted.
2019-09-24 02:31:41,809 [pool-537-thread-1] INFO  ratis.ContainerStateMachine (ContainerStateMachine.java:loadSnapshot(230)) - group-119BED446774: The snapshot info is null. Setting the last applied indexto:(t:0, i:~)
2019-09-24 02:31:41,809 [pool-537-thread-1] INFO  server.RaftServerConfigKeys (ConfUtils.java:logGet(43)) - raft.server.notification.no-leader.timeout = 120s (custom)
2019-09-24 02:31:41,809 [pool-537-thread-1] INFO  server.RaftServerConfigKeys (ConfUtils.java:logGet(43)) - raft.server.log.use.memory = false (default)
2019-09-24 02:31:41,809 [pool-537-thread-1] INFO  server.RaftServerConfigKeys (ConfUtils.java:logGet(43)) - raft.server.log.purge.gap = 1000000 (custom)
2019-09-24 02:31:41,810 [pool-537-thread-1] INFO  server.RaftServerConfigKeys (ConfUtils.java:logGet(43)) - raft.server.log.appender.buffer.byte-limit = 33554432 (custom)
2019-09-24 02:31:41,810 [pool-537-thread-1] INFO  server.RaftServerConfigKeys (ConfUtils.java:logGet(43)) - raft.server.log.segment.size.max = 1048576 (custom)
2019-09-24 02:31:41,810 [pool-537-thread-1] INFO  server.RaftServerConfigKeys (ConfUtils.java:logGet(43)) - raft.server.log.segment.cache.num.max = 2 (custom)
2019-09-24 02:31:41,810 [pool-537-thread-1] INFO  segmented.SegmentedRaftLogWorker (SegmentedRaftLogWorker.java:<init>(172)) - new ae1cc8d2-f95e-4ea0-a778-71138d7e5594@group-119BED446774-SegmentedRaftLogWorker for RaftStorage:Storage Directory /workdir/hadoop-ozone/integration-test/target/test-dir/MiniOzoneClusterImpl-3bdd15fc-dee8-458b-a154-153c8414505a/datanode-3/data/ratis/ae709f98-3a1f-4317-8546-119bed446774
2019-09-24 02:31:41,812 [pool-537-thread-1] INFO  server.RaftServerConfigKeys (ConfUtils.java:logGet(43)) - raft.server.log.queue.byte-limit = 2147483647 (custom)
2019-09-24 02:31:41,812 [pool-537-thread-1] INFO  server.RaftServerConfigKeys (ConfUtils.java:logGet(43)) - raft.server.log.queue.element-limit = 1024 (custom)
2019-09-24 02:31:41,812 [pool-537-thread-1] INFO  server.RaftServerConfigKeys (ConfUtils.java:logGet(43)) - raft.server.log.segment.size.max = 1048576 (custom)
2019-09-24 02:31:41,813 [pool-537-thread-1] INFO  server.RaftServerConfigKeys (ConfUtils.java:logGet(43)) - raft.server.log.preallocated.size = 16384 (custom)
2019-09-24 02:31:41,813 [pool-537-thread-1] INFO  server.RaftServerConfigKeys (ConfUtils.java:logGet(43)) - raft.server.log.write.buffer.size = 33554432 (custom)
2019-09-24 02:31:41,813 [pool-537-thread-1] INFO  server.RaftServerConfigKeys (ConfUtils.java:logGet(43)) - raft.server.log.force.sync.num = 128 (default)
2019-09-24 02:31:41,813 [pool-537-thread-1] INFO  server.RaftServerConfigKeys (ConfUtils.java:logGet(43)) - raft.server.log.statemachine.data.sync = true (default)
2019-09-24 02:31:41,813 [pool-537-thread-1] INFO  server.RaftServerConfigKeys (ConfUtils.java:logGet(43)) - raft.server.log.statemachine.data.sync.timeout = 10s (default)
2019-09-24 02:31:41,814 [pool-537-thread-1] INFO  server.RaftServerConfigKeys (ConfUtils.java:logGet(43)) - raft.server.log.statemachine.data.sync.timeout.retry = -1 (default)
2019-09-24 02:31:41,814 [pool-537-thread-1] INFO  server.RaftServerConfigKeys (ConfUtils.java:logGet(43)) - raft.server.log.statemachine.data.caching.enabled = true (custom)
2019-09-24 02:31:41,814 [pool-537-thread-1] INFO  segmented.SegmentedRaftLogWorker (SegmentedRaftLogWorker.java:lambda$new$0(132)) - ae1cc8d2-f95e-4ea0-a778-71138d7e5594@group-119BED446774-SegmentedRaftLogWorker: flushIndex: setUnconditionally 0 -> -1
2019-09-24 02:31:41,815 [pool-537-thread-1] INFO  server.RaftServerConfigKeys (ConfUtils.java:logGet(43)) - raft.server.snapshot.auto.trigger.enabled = true (custom)
2019-09-24 02:31:41,815 [pool-537-thread-1] INFO  server.RaftServerConfigKeys (ConfUtils.java:logGet(43)) - raft.server.snapshot.auto.trigger.threshold = 10000 (custom)
2019-09-24 02:31:41,815 [pool-537-thread-1] INFO  server.RaftServerConfigKeys (ConfUtils.java:logGet(43)) - raft.server.snapshot.retention.num.files = 5 (custom)
2019-09-24 02:31:41,815 [pool-537-thread-1] INFO  server.RaftServerConfigKeys (ConfUtils.java:logGet(43)) - raft.server.retrycache.expirytime = 600000ms (custom)
2019-09-24 02:31:41,816 [IPC Server handler 1 on 45829] INFO  net.NetworkTopology (NetworkTopologyImpl.java:add(111)) - Added a new node: /rack1/7fd17b96-21f1-4559-9cf9-f04cfa32ca1c
2019-09-24 02:31:41,817 [IPC Server handler 1 on 45829] INFO  node.SCMNodeManager (SCMNodeManager.java:register(266)) - Registered Data node : 7fd17b96-21f1-4559-9cf9-f04cfa32ca1c{ip: 192.168.151.121, host: pr-hdds-2162-tjkd5-3209850126, networkLocation: /rack1, certSerialId: null}
2019-09-24 02:31:41,817 [pool-537-thread-1] INFO  impl.RaftServerImpl (RaftServerImpl.java:start(185)) - ae1cc8d2-f95e-4ea0-a778-71138d7e5594@group-119BED446774: start as a follower, conf=-1: [ae1cc8d2-f95e-4ea0-a778-71138d7e5594:192.168.151.121:45961], old=null
2019-09-24 02:31:41,817 [pool-537-thread-1] INFO  impl.RaftServerImpl (RaftServerImpl.java:setRole(174)) - ae1cc8d2-f95e-4ea0-a778-71138d7e5594@group-119BED446774: changes role from      null to FOLLOWER at term 0 for startAsFollower
2019-09-24 02:31:41,817 [pool-537-thread-1] INFO  impl.RoleInfo (RoleInfo.java:updateAndGet(143)) - ae1cc8d2-f95e-4ea0-a778-71138d7e5594: start FollowerState
2019-09-24 02:31:41,818 [pool-537-thread-1] INFO  util.JmxRegister (JmxRegister.java:tryRegister(44)) - Successfully registered JMX Bean with object name Ratis:service=RaftServer,group=group-119BED446774,id=ae1cc8d2-f95e-4ea0-a778-71138d7e5594
2019-09-24 02:31:41,825 [RatisPipelineUtilsThread] INFO  pipeline.PipelineStateManager (PipelineStateManager.java:addPipeline(56)) - Created pipeline Pipeline[ Id: ae709f98-3a1f-4317-8546-119bed446774, Nodes: ae1cc8d2-f95e-4ea0-a778-71138d7e5594{ip: 192.168.151.121, host: pr-hdds-2162-tjkd5-3209850126, networkLocation: /rack1, certSerialId: null}, Type:RATIS, Factor:ONE, State:OPEN]
2019-09-24 02:31:41,834 [grpc-default-executor-0] INFO  impl.RaftServerProxy (RaftServerProxy.java:addNew(89)) - 7fd17b96-21f1-4559-9cf9-f04cfa32ca1c: addNew group-6F4A402ED8F1:[7fd17b96-21f1-4559-9cf9-f04cfa32ca1c:192.168.151.121:46706] returns group-6F4A402ED8F1:java.util.concurrent.CompletableFuture@18113de7[Not completed]
2019-09-24 02:31:41,835 [pool-547-thread-1] INFO  impl.RaftServerImpl (RaftServerImpl.java:<init>(95)) - 7fd17b96-21f1-4559-9cf9-f04cfa32ca1c: new RaftServerImpl for group-6F4A402ED8F1:[7fd17b96-21f1-4559-9cf9-f04cfa32ca1c:192.168.151.121:46706] with ContainerStateMachine:uninitialized
2019-09-24 02:31:41,836 [pool-547-thread-1] INFO  server.RaftServerConfigKeys (ConfUtils.java:logGet(43)) - raft.server.rpc.timeout.min = 1s (custom)
2019-09-24 02:31:41,836 [pool-547-thread-1] INFO  server.RaftServerConfigKeys (ConfUtils.java:logGet(43)) - raft.server.rpc.timeout.max = 1200ms (custom)
2019-09-24 02:31:41,836 [pool-547-thread-1] INFO  server.RaftServerConfigKeys (ConfUtils.java:logGet(43)) - raft.server.rpcslowness.timeout = 120s (custom)
2019-09-24 02:31:41,836 [pool-547-thread-1] INFO  server.RaftServerConfigKeys (ConfUtils.java:logGet(43)) - raft.server.sleep.deviation.threshold = 300 (default)
2019-09-24 02:31:41,836 [pool-547-thread-1] INFO  server.RaftServerConfigKeys (ConfUtils.java:logGet(43)) - raft.server.log.appender.install.snapshot.enabled = false (custom)
2019-09-24 02:31:41,836 [pool-547-thread-1] INFO  impl.RaftServerImpl (ServerState.java:<init>(103)) - 7fd17b96-21f1-4559-9cf9-f04cfa32ca1c@group-6F4A402ED8F1: ConfigurationManager, init=-1: [7fd17b96-21f1-4559-9cf9-f04cfa32ca1c:192.168.151.121:46706], old=null, confs=<EMPTY_MAP>
2019-09-24 02:31:41,836 [pool-547-thread-1] INFO  server.RaftServerConfigKeys (ConfUtils.java:logGet(43)) - raft.server.storage.dir = [/workdir/hadoop-ozone/integration-test/target/test-dir/MiniOzoneClusterImpl-3bdd15fc-dee8-458b-a154-153c8414505a/datanode-4/data/ratis] (custom)
2019-09-24 02:31:41,837 [pool-547-thread-1] INFO  storage.RaftStorageDirectory (RaftStorageDirectory.java:analyzeStorage(246)) - The storage directory /workdir/hadoop-ozone/integration-test/target/test-dir/MiniOzoneClusterImpl-3bdd15fc-dee8-458b-a154-153c8414505a/datanode-4/data/ratis/f284fc99-e50f-4bee-9b9c-6f4a402ed8f1 does not exist. Creating ...
2019-09-24 02:31:41,849 [pool-547-thread-1] INFO  storage.RaftStorageDirectory (RaftStorageDirectory.java:tryLock(328)) - Lock on /workdir/hadoop-ozone/integration-test/target/test-dir/MiniOzoneClusterImpl-3bdd15fc-dee8-458b-a154-153c8414505a/datanode-4/data/ratis/f284fc99-e50f-4bee-9b9c-6f4a402ed8f1/in_use.lock acquired by nodename 30927@pr-hdds-2162-tjkd5-3209850126
2019-09-24 02:31:41,863 [pool-547-thread-1] INFO  storage.RaftStorage (RaftStorage.java:format(72)) - Storage directory /workdir/hadoop-ozone/integration-test/target/test-dir/MiniOzoneClusterImpl-3bdd15fc-dee8-458b-a154-153c8414505a/datanode-4/data/ratis/f284fc99-e50f-4bee-9b9c-6f4a402ed8f1 has been successfully formatted.
2019-09-24 02:31:41,863 [pool-547-thread-1] INFO  ratis.ContainerStateMachine (ContainerStateMachine.java:loadSnapshot(230)) - group-6F4A402ED8F1: The snapshot info is null. Setting the last applied indexto:(t:0, i:~)
2019-09-24 02:31:41,863 [pool-547-thread-1] INFO  server.RaftServerConfigKeys (ConfUtils.java:logGet(43)) - raft.server.notification.no-leader.timeout = 120s (custom)
2019-09-24 02:31:41,863 [pool-547-thread-1] INFO  server.RaftServerConfigKeys (ConfUtils.java:logGet(43)) - raft.server.log.use.memory = false (default)
2019-09-24 02:31:41,864 [pool-547-thread-1] INFO  server.RaftServerConfigKeys (ConfUtils.java:logGet(43)) - raft.server.log.purge.gap = 1000000 (custom)
2019-09-24 02:31:41,864 [pool-547-thread-1] INFO  server.RaftServerConfigKeys (ConfUtils.java:logGet(43)) - raft.server.log.appender.buffer.byte-limit = 33554432 (custom)
2019-09-24 02:31:41,864 [pool-547-thread-1] INFO  server.RaftServerConfigKeys (ConfUtils.java:logGet(43)) - raft.server.log.segment.size.max = 1048576 (custom)
2019-09-24 02:31:41,864 [pool-547-thread-1] INFO  server.RaftServerConfigKeys (ConfUtils.java:logGet(43)) - raft.server.log.segment.cache.num.max = 2 (custom)
2019-09-24 02:31:41,864 [pool-547-thread-1] INFO  segmented.SegmentedRaftLogWorker (SegmentedRaftLogWorker.java:<init>(172)) - new 7fd17b96-21f1-4559-9cf9-f04cfa32ca1c@group-6F4A402ED8F1-SegmentedRaftLogWorker for RaftStorage:Storage Directory /workdir/hadoop-ozone/integration-test/target/test-dir/MiniOzoneClusterImpl-3bdd15fc-dee8-458b-a154-153c8414505a/datanode-4/data/ratis/f284fc99-e50f-4bee-9b9c-6f4a402ed8f1
2019-09-24 02:31:41,866 [pool-547-thread-1] INFO  server.RaftServerConfigKeys (ConfUtils.java:logGet(43)) - raft.server.log.queue.byte-limit = 2147483647 (custom)
2019-09-24 02:31:41,866 [pool-547-thread-1] INFO  server.RaftServerConfigKeys (ConfUtils.java:logGet(43)) - raft.server.log.queue.element-limit = 1024 (custom)
2019-09-24 02:31:41,866 [pool-547-thread-1] INFO  server.RaftServerConfigKeys (ConfUtils.java:logGet(43)) - raft.server.log.segment.size.max = 1048576 (custom)
2019-09-24 02:31:41,866 [pool-547-thread-1] INFO  server.RaftServerConfigKeys (ConfUtils.java:logGet(43)) - raft.server.log.preallocated.size = 16384 (custom)
2019-09-24 02:31:41,866 [pool-547-thread-1] INFO  server.RaftServerConfigKeys (ConfUtils.java:logGet(43)) - raft.server.log.write.buffer.size = 33554432 (custom)
2019-09-24 02:31:41,866 [pool-547-thread-1] INFO  server.RaftServerConfigKeys (ConfUtils.java:logGet(43)) - raft.server.log.force.sync.num = 128 (default)
2019-09-24 02:31:41,866 [pool-547-thread-1] INFO  server.RaftServerConfigKeys (ConfUtils.java:logGet(43)) - raft.server.log.statemachine.data.sync = true (default)
2019-09-24 02:31:41,866 [pool-547-thread-1] INFO  server.RaftServerConfigKeys (ConfUtils.java:logGet(43)) - raft.server.log.statemachine.data.sync.timeout = 10s (default)
2019-09-24 02:31:41,867 [pool-547-thread-1] INFO  server.RaftServerConfigKeys (ConfUtils.java:logGet(43)) - raft.server.log.statemachine.data.sync.timeout.retry = -1 (default)
2019-09-24 02:31:41,867 [pool-547-thread-1] INFO  server.RaftServerConfigKeys (ConfUtils.java:logGet(43)) - raft.server.log.statemachine.data.caching.enabled = true (custom)
2019-09-24 02:31:41,867 [pool-547-thread-1] INFO  segmented.SegmentedRaftLogWorker (SegmentedRaftLogWorker.java:lambda$new$0(132)) - 7fd17b96-21f1-4559-9cf9-f04cfa32ca1c@group-6F4A402ED8F1-SegmentedRaftLogWorker: flushIndex: setUnconditionally 0 -> -1
2019-09-24 02:31:41,867 [pool-547-thread-1] INFO  server.RaftServerConfigKeys (ConfUtils.java:logGet(43)) - raft.server.snapshot.auto.trigger.enabled = true (custom)
2019-09-24 02:31:41,867 [pool-547-thread-1] INFO  server.RaftServerConfigKeys (ConfUtils.java:logGet(43)) - raft.server.snapshot.auto.trigger.threshold = 10000 (custom)
2019-09-24 02:31:41,868 [pool-547-thread-1] INFO  server.RaftServerConfigKeys (ConfUtils.java:logGet(43)) - raft.server.snapshot.retention.num.files = 5 (custom)
2019-09-24 02:31:41,868 [pool-547-thread-1] INFO  server.RaftServerConfigKeys (ConfUtils.java:logGet(43)) - raft.server.retrycache.expirytime = 600000ms (custom)
2019-09-24 02:31:41,869 [pool-547-thread-1] INFO  impl.RaftServerImpl (RaftServerImpl.java:start(185)) - 7fd17b96-21f1-4559-9cf9-f04cfa32ca1c@group-6F4A402ED8F1: start as a follower, conf=-1: [7fd17b96-21f1-4559-9cf9-f04cfa32ca1c:192.168.151.121:46706], old=null
2019-09-24 02:31:41,869 [pool-547-thread-1] INFO  impl.RaftServerImpl (RaftServerImpl.java:setRole(174)) - 7fd17b96-21f1-4559-9cf9-f04cfa32ca1c@group-6F4A402ED8F1: changes role from      null to FOLLOWER at term 0 for startAsFollower
2019-09-24 02:31:41,869 [pool-547-thread-1] INFO  impl.RoleInfo (RoleInfo.java:updateAndGet(143)) - 7fd17b96-21f1-4559-9cf9-f04cfa32ca1c: start FollowerState
2019-09-24 02:31:41,870 [pool-547-thread-1] INFO  util.JmxRegister (JmxRegister.java:tryRegister(44)) - Successfully registered JMX Bean with object name Ratis:service=RaftServer,group=group-6F4A402ED8F1,id=7fd17b96-21f1-4559-9cf9-f04cfa32ca1c
2019-09-24 02:31:41,876 [RatisPipelineUtilsThread] INFO  pipeline.PipelineStateManager (PipelineStateManager.java:addPipeline(56)) - Created pipeline Pipeline[ Id: f284fc99-e50f-4bee-9b9c-6f4a402ed8f1, Nodes: 7fd17b96-21f1-4559-9cf9-f04cfa32ca1c{ip: 192.168.151.121, host: pr-hdds-2162-tjkd5-3209850126, networkLocation: /rack1, certSerialId: null}, Type:RATIS, Factor:ONE, State:OPEN]
2019-09-24 02:31:41,902 [IPC Server handler 2 on 45829] INFO  net.NetworkTopology (NetworkTopologyImpl.java:add(111)) - Added a new node: /rack1/2b314ddf-a628-41df-afb5-827956264657
2019-09-24 02:31:41,903 [IPC Server handler 2 on 45829] INFO  node.SCMNodeManager (SCMNodeManager.java:register(266)) - Registered Data node : 2b314ddf-a628-41df-afb5-827956264657{ip: 192.168.151.121, host: pr-hdds-2162-tjkd5-3209850126, networkLocation: /rack1, certSerialId: null}
2019-09-24 02:31:41,911 [grpc-default-executor-0] INFO  impl.RaftServerProxy (RaftServerProxy.java:addNew(89)) - 2b314ddf-a628-41df-afb5-827956264657: addNew group-1564FE1CC81B:[2b314ddf-a628-41df-afb5-827956264657:192.168.151.121:35278] returns group-1564FE1CC81B:java.util.concurrent.CompletableFuture@1d8df746[Not completed]
2019-09-24 02:31:41,912 [pool-557-thread-1] INFO  impl.RaftServerImpl (RaftServerImpl.java:<init>(95)) - 2b314ddf-a628-41df-afb5-827956264657: new RaftServerImpl for group-1564FE1CC81B:[2b314ddf-a628-41df-afb5-827956264657:192.168.151.121:35278] with ContainerStateMachine:uninitialized
2019-09-24 02:31:41,912 [pool-557-thread-1] INFO  server.RaftServerConfigKeys (ConfUtils.java:logGet(43)) - raft.server.rpc.timeout.min = 1s (custom)
2019-09-24 02:31:41,912 [pool-557-thread-1] INFO  server.RaftServerConfigKeys (ConfUtils.java:logGet(43)) - raft.server.rpc.timeout.max = 1200ms (custom)
2019-09-24 02:31:41,912 [pool-557-thread-1] INFO  server.RaftServerConfigKeys (ConfUtils.java:logGet(43)) - raft.server.rpcslowness.timeout = 120s (custom)
2019-09-24 02:31:41,912 [pool-557-thread-1] INFO  server.RaftServerConfigKeys (ConfUtils.java:logGet(43)) - raft.server.sleep.deviation.threshold = 300 (default)
2019-09-24 02:31:41,912 [pool-557-thread-1] INFO  server.RaftServerConfigKeys (ConfUtils.java:logGet(43)) - raft.server.log.appender.install.snapshot.enabled = false (custom)
2019-09-24 02:31:41,913 [pool-557-thread-1] INFO  impl.RaftServerImpl (ServerState.java:<init>(103)) - 2b314ddf-a628-41df-afb5-827956264657@group-1564FE1CC81B: ConfigurationManager, init=-1: [2b314ddf-a628-41df-afb5-827956264657:192.168.151.121:35278], old=null, confs=<EMPTY_MAP>
2019-09-24 02:31:41,913 [pool-557-thread-1] INFO  server.RaftServerConfigKeys (ConfUtils.java:logGet(43)) - raft.server.storage.dir = [/workdir/hadoop-ozone/integration-test/target/test-dir/MiniOzoneClusterImpl-3bdd15fc-dee8-458b-a154-153c8414505a/datanode-5/data/ratis] (custom)
2019-09-24 02:31:41,913 [pool-557-thread-1] INFO  storage.RaftStorageDirectory (RaftStorageDirectory.java:analyzeStorage(246)) - The storage directory /workdir/hadoop-ozone/integration-test/target/test-dir/MiniOzoneClusterImpl-3bdd15fc-dee8-458b-a154-153c8414505a/datanode-5/data/ratis/077c2894-da48-4a84-b21b-1564fe1cc81b does not exist. Creating ...
2019-09-24 02:31:41,926 [pool-557-thread-1] INFO  storage.RaftStorageDirectory (RaftStorageDirectory.java:tryLock(328)) - Lock on /workdir/hadoop-ozone/integration-test/target/test-dir/MiniOzoneClusterImpl-3bdd15fc-dee8-458b-a154-153c8414505a/datanode-5/data/ratis/077c2894-da48-4a84-b21b-1564fe1cc81b/in_use.lock acquired by nodename 30927@pr-hdds-2162-tjkd5-3209850126
2019-09-24 02:31:41,938 [pool-557-thread-1] INFO  storage.RaftStorage (RaftStorage.java:format(72)) - Storage directory /workdir/hadoop-ozone/integration-test/target/test-dir/MiniOzoneClusterImpl-3bdd15fc-dee8-458b-a154-153c8414505a/datanode-5/data/ratis/077c2894-da48-4a84-b21b-1564fe1cc81b has been successfully formatted.
2019-09-24 02:31:41,939 [pool-557-thread-1] INFO  ratis.ContainerStateMachine (ContainerStateMachine.java:loadSnapshot(230)) - group-1564FE1CC81B: The snapshot info is null. Setting the last applied indexto:(t:0, i:~)
2019-09-24 02:31:41,939 [pool-557-thread-1] INFO  server.RaftServerConfigKeys (ConfUtils.java:logGet(43)) - raft.server.notification.no-leader.timeout = 120s (custom)
2019-09-24 02:31:41,939 [pool-557-thread-1] INFO  server.RaftServerConfigKeys (ConfUtils.java:logGet(43)) - raft.server.log.use.memory = false (default)
2019-09-24 02:31:41,939 [pool-557-thread-1] INFO  server.RaftServerConfigKeys (ConfUtils.java:logGet(43)) - raft.server.log.purge.gap = 1000000 (custom)
2019-09-24 02:31:41,939 [pool-557-thread-1] INFO  server.RaftServerConfigKeys (ConfUtils.java:logGet(43)) - raft.server.log.appender.buffer.byte-limit = 33554432 (custom)
2019-09-24 02:31:41,939 [pool-557-thread-1] INFO  server.RaftServerConfigKeys (ConfUtils.java:logGet(43)) - raft.server.log.segment.size.max = 1048576 (custom)
2019-09-24 02:31:41,939 [pool-557-thread-1] INFO  server.RaftServerConfigKeys (ConfUtils.java:logGet(43)) - raft.server.log.segment.cache.num.max = 2 (custom)
2019-09-24 02:31:41,940 [pool-557-thread-1] INFO  segmented.SegmentedRaftLogWorker (SegmentedRaftLogWorker.java:<init>(172)) - new 2b314ddf-a628-41df-afb5-827956264657@group-1564FE1CC81B-SegmentedRaftLogWorker for RaftStorage:Storage Directory /workdir/hadoop-ozone/integration-test/target/test-dir/MiniOzoneClusterImpl-3bdd15fc-dee8-458b-a154-153c8414505a/datanode-5/data/ratis/077c2894-da48-4a84-b21b-1564fe1cc81b
2019-09-24 02:31:41,941 [pool-557-thread-1] INFO  server.RaftServerConfigKeys (ConfUtils.java:logGet(43)) - raft.server.log.queue.byte-limit = 2147483647 (custom)
2019-09-24 02:31:41,941 [pool-557-thread-1] INFO  server.RaftServerConfigKeys (ConfUtils.java:logGet(43)) - raft.server.log.queue.element-limit = 1024 (custom)
2019-09-24 02:31:41,941 [pool-557-thread-1] INFO  server.RaftServerConfigKeys (ConfUtils.java:logGet(43)) - raft.server.log.segment.size.max = 1048576 (custom)
2019-09-24 02:31:41,942 [pool-557-thread-1] INFO  server.RaftServerConfigKeys (ConfUtils.java:logGet(43)) - raft.server.log.preallocated.size = 16384 (custom)
2019-09-24 02:31:41,942 [pool-557-thread-1] INFO  server.RaftServerConfigKeys (ConfUtils.java:logGet(43)) - raft.server.log.write.buffer.size = 33554432 (custom)
2019-09-24 02:31:41,942 [pool-557-thread-1] INFO  server.RaftServerConfigKeys (ConfUtils.java:logGet(43)) - raft.server.log.force.sync.num = 128 (default)
2019-09-24 02:31:41,942 [pool-557-thread-1] INFO  server.RaftServerConfigKeys (ConfUtils.java:logGet(43)) - raft.server.log.statemachine.data.sync = true (default)
2019-09-24 02:31:41,942 [pool-557-thread-1] INFO  server.RaftServerConfigKeys (ConfUtils.java:logGet(43)) - raft.server.log.statemachine.data.sync.timeout = 10s (default)
2019-09-24 02:31:41,942 [pool-557-thread-1] INFO  server.RaftServerConfigKeys (ConfUtils.java:logGet(43)) - raft.server.log.statemachine.data.sync.timeout.retry = -1 (default)
2019-09-24 02:31:41,943 [pool-557-thread-1] INFO  server.RaftServerConfigKeys (ConfUtils.java:logGet(43)) - raft.server.log.statemachine.data.caching.enabled = true (custom)
2019-09-24 02:31:41,943 [pool-557-thread-1] INFO  segmented.SegmentedRaftLogWorker (SegmentedRaftLogWorker.java:lambda$new$0(132)) - 2b314ddf-a628-41df-afb5-827956264657@group-1564FE1CC81B-SegmentedRaftLogWorker: flushIndex: setUnconditionally 0 -> -1
2019-09-24 02:31:41,943 [pool-557-thread-1] INFO  server.RaftServerConfigKeys (ConfUtils.java:logGet(43)) - raft.server.snapshot.auto.trigger.enabled = true (custom)
2019-09-24 02:31:41,943 [pool-557-thread-1] INFO  server.RaftServerConfigKeys (ConfUtils.java:logGet(43)) - raft.server.snapshot.auto.trigger.threshold = 10000 (custom)
2019-09-24 02:31:41,943 [pool-557-thread-1] INFO  server.RaftServerConfigKeys (ConfUtils.java:logGet(43)) - raft.server.snapshot.retention.num.files = 5 (custom)
2019-09-24 02:31:41,944 [pool-557-thread-1] INFO  server.RaftServerConfigKeys (ConfUtils.java:logGet(43)) - raft.server.retrycache.expirytime = 600000ms (custom)
2019-09-24 02:31:41,945 [pool-557-thread-1] INFO  impl.RaftServerImpl (RaftServerImpl.java:start(185)) - 2b314ddf-a628-41df-afb5-827956264657@group-1564FE1CC81B: start as a follower, conf=-1: [2b314ddf-a628-41df-afb5-827956264657:192.168.151.121:35278], old=null
2019-09-24 02:31:41,945 [pool-557-thread-1] INFO  impl.RaftServerImpl (RaftServerImpl.java:setRole(174)) - 2b314ddf-a628-41df-afb5-827956264657@group-1564FE1CC81B: changes role from      null to FOLLOWER at term 0 for startAsFollower
2019-09-24 02:31:41,945 [pool-557-thread-1] INFO  impl.RoleInfo (RoleInfo.java:updateAndGet(143)) - 2b314ddf-a628-41df-afb5-827956264657: start FollowerState
2019-09-24 02:31:41,946 [pool-557-thread-1] INFO  util.JmxRegister (JmxRegister.java:tryRegister(44)) - Successfully registered JMX Bean with object name Ratis:service=RaftServer,group=group-1564FE1CC81B,id=2b314ddf-a628-41df-afb5-827956264657
2019-09-24 02:31:41,951 [RatisPipelineUtilsThread] INFO  pipeline.PipelineStateManager (PipelineStateManager.java:addPipeline(56)) - Created pipeline Pipeline[ Id: 077c2894-da48-4a84-b21b-1564fe1cc81b, Nodes: 2b314ddf-a628-41df-afb5-827956264657{ip: 192.168.151.121, host: pr-hdds-2162-tjkd5-3209850126, networkLocation: /rack1, certSerialId: null}, Type:RATIS, Factor:ONE, State:OPEN]
2019-09-24 02:31:41,959 [grpc-default-executor-2] INFO  impl.RaftServerProxy (RaftServerProxy.java:addNew(89)) - ae1cc8d2-f95e-4ea0-a778-71138d7e5594: addNew group-A7581056334D:[ae1cc8d2-f95e-4ea0-a778-71138d7e5594:192.168.151.121:45961, 7fd17b96-21f1-4559-9cf9-f04cfa32ca1c:192.168.151.121:46706, 2b314ddf-a628-41df-afb5-827956264657:192.168.151.121:35278] returns group-A7581056334D:java.util.concurrent.CompletableFuture@270f84bf[Not completed]
2019-09-24 02:31:41,959 [grpc-default-executor-1] INFO  impl.RaftServerProxy (RaftServerProxy.java:addNew(89)) - 7fd17b96-21f1-4559-9cf9-f04cfa32ca1c: addNew group-A7581056334D:[ae1cc8d2-f95e-4ea0-a778-71138d7e5594:192.168.151.121:45961, 7fd17b96-21f1-4559-9cf9-f04cfa32ca1c:192.168.151.121:46706, 2b314ddf-a628-41df-afb5-827956264657:192.168.151.121:35278] returns group-A7581056334D:java.util.concurrent.CompletableFuture@6a757fad[Not completed]
2019-09-24 02:31:41,959 [grpc-default-executor-0] INFO  impl.RaftServerProxy (RaftServerProxy.java:addNew(89)) - 2b314ddf-a628-41df-afb5-827956264657: addNew group-A7581056334D:[ae1cc8d2-f95e-4ea0-a778-71138d7e5594:192.168.151.121:45961, 7fd17b96-21f1-4559-9cf9-f04cfa32ca1c:192.168.151.121:46706, 2b314ddf-a628-41df-afb5-827956264657:192.168.151.121:35278] returns group-A7581056334D:java.util.concurrent.CompletableFuture@682ed05a[Not completed]
2019-09-24 02:31:41,960 [pool-557-thread-1] INFO  impl.RaftServerImpl (RaftServerImpl.java:<init>(95)) - 2b314ddf-a628-41df-afb5-827956264657: new RaftServerImpl for group-A7581056334D:[ae1cc8d2-f95e-4ea0-a778-71138d7e5594:192.168.151.121:45961, 7fd17b96-21f1-4559-9cf9-f04cfa32ca1c:192.168.151.121:46706, 2b314ddf-a628-41df-afb5-827956264657:192.168.151.121:35278] with ContainerStateMachine:uninitialized
2019-09-24 02:31:41,960 [pool-557-thread-1] INFO  server.RaftServerConfigKeys (ConfUtils.java:logGet(43)) - raft.server.rpc.timeout.min = 1s (custom)
2019-09-24 02:31:41,960 [pool-557-thread-1] INFO  server.RaftServerConfigKeys (ConfUtils.java:logGet(43)) - raft.server.rpc.timeout.max = 1200ms (custom)
2019-09-24 02:31:41,960 [pool-557-thread-1] INFO  server.RaftServerConfigKeys (ConfUtils.java:logGet(43)) - raft.server.rpcslowness.timeout = 120s (custom)
2019-09-24 02:31:41,960 [pool-547-thread-1] INFO  impl.RaftServerImpl (RaftServerImpl.java:<init>(95)) - 7fd17b96-21f1-4559-9cf9-f04cfa32ca1c: new RaftServerImpl for group-A7581056334D:[ae1cc8d2-f95e-4ea0-a778-71138d7e5594:192.168.151.121:45961, 7fd17b96-21f1-4559-9cf9-f04cfa32ca1c:192.168.151.121:46706, 2b314ddf-a628-41df-afb5-827956264657:192.168.151.121:35278] with ContainerStateMachine:uninitialized
2019-09-24 02:31:41,961 [pool-557-thread-1] INFO  server.RaftServerConfigKeys (ConfUtils.java:logGet(43)) - raft.server.sleep.deviation.threshold = 300 (default)
2019-09-24 02:31:41,961 [pool-547-thread-1] INFO  server.RaftServerConfigKeys (ConfUtils.java:logGet(43)) - raft.server.rpc.timeout.min = 1s (custom)
2019-09-24 02:31:41,961 [pool-557-thread-1] INFO  server.RaftServerConfigKeys (ConfUtils.java:logGet(43)) - raft.server.log.appender.install.snapshot.enabled = false (custom)
2019-09-24 02:31:41,961 [pool-537-thread-1] INFO  impl.RaftServerImpl (RaftServerImpl.java:<init>(95)) - ae1cc8d2-f95e-4ea0-a778-71138d7e5594: new RaftServerImpl for group-A7581056334D:[ae1cc8d2-f95e-4ea0-a778-71138d7e5594:192.168.151.121:45961, 7fd17b96-21f1-4559-9cf9-f04cfa32ca1c:192.168.151.121:46706, 2b314ddf-a628-41df-afb5-827956264657:192.168.151.121:35278] with ContainerStateMachine:uninitialized
2019-09-24 02:31:41,961 [pool-547-thread-1] INFO  server.RaftServerConfigKeys (ConfUtils.java:logGet(43)) - raft.server.rpc.timeout.max = 1200ms (custom)
2019-09-24 02:31:41,961 [pool-537-thread-1] INFO  server.RaftServerConfigKeys (ConfUtils.java:logGet(43)) - raft.server.rpc.timeout.min = 1s (custom)
2019-09-24 02:31:41,961 [pool-557-thread-1] INFO  impl.RaftServerImpl (ServerState.java:<init>(103)) - 2b314ddf-a628-41df-afb5-827956264657@group-A7581056334D: ConfigurationManager, init=-1: [ae1cc8d2-f95e-4ea0-a778-71138d7e5594:192.168.151.121:45961, 7fd17b96-21f1-4559-9cf9-f04cfa32ca1c:192.168.151.121:46706, 2b314ddf-a628-41df-afb5-827956264657:192.168.151.121:35278], old=null, confs=<EMPTY_MAP>
2019-09-24 02:31:41,962 [pool-537-thread-1] INFO  server.RaftServerConfigKeys (ConfUtils.java:logGet(43)) - raft.server.rpc.timeout.max = 1200ms (custom)
2019-09-24 02:31:41,962 [pool-537-thread-1] INFO  server.RaftServerConfigKeys (ConfUtils.java:logGet(43)) - raft.server.rpcslowness.timeout = 120s (custom)
2019-09-24 02:31:41,961 [pool-547-thread-1] INFO  server.RaftServerConfigKeys (ConfUtils.java:logGet(43)) - raft.server.rpcslowness.timeout = 120s (custom)
2019-09-24 02:31:41,962 [pool-537-thread-1] INFO  server.RaftServerConfigKeys (ConfUtils.java:logGet(43)) - raft.server.sleep.deviation.threshold = 300 (default)
2019-09-24 02:31:41,962 [pool-557-thread-1] INFO  server.RaftServerConfigKeys (ConfUtils.java:logGet(43)) - raft.server.storage.dir = [/workdir/hadoop-ozone/integration-test/target/test-dir/MiniOzoneClusterImpl-3bdd15fc-dee8-458b-a154-153c8414505a/datanode-5/data/ratis] (custom)
2019-09-24 02:31:41,962 [pool-537-thread-1] INFO  server.RaftServerConfigKeys (ConfUtils.java:logGet(43)) - raft.server.log.appender.install.snapshot.enabled = false (custom)
2019-09-24 02:31:41,962 [pool-547-thread-1] INFO  server.RaftServerConfigKeys (ConfUtils.java:logGet(43)) - raft.server.sleep.deviation.threshold = 300 (default)
2019-09-24 02:31:41,963 [pool-557-thread-1] INFO  storage.RaftStorageDirectory (RaftStorageDirectory.java:analyzeStorage(246)) - The storage directory /workdir/hadoop-ozone/integration-test/target/test-dir/MiniOzoneClusterImpl-3bdd15fc-dee8-458b-a154-153c8414505a/datanode-5/data/ratis/fb09286c-1438-4728-ac3c-a7581056334d does not exist. Creating ...
2019-09-24 02:31:41,963 [pool-537-thread-1] INFO  impl.RaftServerImpl (ServerState.java:<init>(103)) - ae1cc8d2-f95e-4ea0-a778-71138d7e5594@group-A7581056334D: ConfigurationManager, init=-1: [ae1cc8d2-f95e-4ea0-a778-71138d7e5594:192.168.151.121:45961, 7fd17b96-21f1-4559-9cf9-f04cfa32ca1c:192.168.151.121:46706, 2b314ddf-a628-41df-afb5-827956264657:192.168.151.121:35278], old=null, confs=<EMPTY_MAP>
2019-09-24 02:31:41,963 [pool-547-thread-1] INFO  server.RaftServerConfigKeys (ConfUtils.java:logGet(43)) - raft.server.log.appender.install.snapshot.enabled = false (custom)
2019-09-24 02:31:41,963 [pool-537-thread-1] INFO  server.RaftServerConfigKeys (ConfUtils.java:logGet(43)) - raft.server.storage.dir = [/workdir/hadoop-ozone/integration-test/target/test-dir/MiniOzoneClusterImpl-3bdd15fc-dee8-458b-a154-153c8414505a/datanode-3/data/ratis] (custom)
2019-09-24 02:31:41,963 [pool-547-thread-1] INFO  impl.RaftServerImpl (ServerState.java:<init>(103)) - 7fd17b96-21f1-4559-9cf9-f04cfa32ca1c@group-A7581056334D: ConfigurationManager, init=-1: [ae1cc8d2-f95e-4ea0-a778-71138d7e5594:192.168.151.121:45961, 7fd17b96-21f1-4559-9cf9-f04cfa32ca1c:192.168.151.121:46706, 2b314ddf-a628-41df-afb5-827956264657:192.168.151.121:35278], old=null, confs=<EMPTY_MAP>
2019-09-24 02:31:41,963 [pool-547-thread-1] INFO  server.RaftServerConfigKeys (ConfUtils.java:logGet(43)) - raft.server.storage.dir = [/workdir/hadoop-ozone/integration-test/target/test-dir/MiniOzoneClusterImpl-3bdd15fc-dee8-458b-a154-153c8414505a/datanode-4/data/ratis] (custom)
2019-09-24 02:31:41,964 [pool-537-thread-1] INFO  storage.RaftStorageDirectory (RaftStorageDirectory.java:analyzeStorage(246)) - The storage directory /workdir/hadoop-ozone/integration-test/target/test-dir/MiniOzoneClusterImpl-3bdd15fc-dee8-458b-a154-153c8414505a/datanode-3/data/ratis/fb09286c-1438-4728-ac3c-a7581056334d does not exist. Creating ...
2019-09-24 02:31:41,964 [pool-547-thread-1] INFO  storage.RaftStorageDirectory (RaftStorageDirectory.java:analyzeStorage(246)) - The storage directory /workdir/hadoop-ozone/integration-test/target/test-dir/MiniOzoneClusterImpl-3bdd15fc-dee8-458b-a154-153c8414505a/datanode-4/data/ratis/fb09286c-1438-4728-ac3c-a7581056334d does not exist. Creating ...
2019-09-24 02:31:41,969 [pool-547-thread-1] INFO  storage.RaftStorageDirectory (RaftStorageDirectory.java:tryLock(328)) - Lock on /workdir/hadoop-ozone/integration-test/target/test-dir/MiniOzoneClusterImpl-3bdd15fc-dee8-458b-a154-153c8414505a/datanode-4/data/ratis/fb09286c-1438-4728-ac3c-a7581056334d/in_use.lock acquired by nodename 30927@pr-hdds-2162-tjkd5-3209850126
2019-09-24 02:31:41,969 [pool-557-thread-1] INFO  storage.RaftStorageDirectory (RaftStorageDirectory.java:tryLock(328)) - Lock on /workdir/hadoop-ozone/integration-test/target/test-dir/MiniOzoneClusterImpl-3bdd15fc-dee8-458b-a154-153c8414505a/datanode-5/data/ratis/fb09286c-1438-4728-ac3c-a7581056334d/in_use.lock acquired by nodename 30927@pr-hdds-2162-tjkd5-3209850126
2019-09-24 02:31:41,969 [pool-537-thread-1] INFO  storage.RaftStorageDirectory (RaftStorageDirectory.java:tryLock(328)) - Lock on /workdir/hadoop-ozone/integration-test/target/test-dir/MiniOzoneClusterImpl-3bdd15fc-dee8-458b-a154-153c8414505a/datanode-3/data/ratis/fb09286c-1438-4728-ac3c-a7581056334d/in_use.lock acquired by nodename 30927@pr-hdds-2162-tjkd5-3209850126
2019-09-24 02:31:41,990 [pool-547-thread-1] INFO  storage.RaftStorage (RaftStorage.java:format(72)) - Storage directory /workdir/hadoop-ozone/integration-test/target/test-dir/MiniOzoneClusterImpl-3bdd15fc-dee8-458b-a154-153c8414505a/datanode-4/data/ratis/fb09286c-1438-4728-ac3c-a7581056334d has been successfully formatted.
2019-09-24 02:31:41,990 [pool-537-thread-1] INFO  storage.RaftStorage (RaftStorage.java:format(72)) - Storage directory /workdir/hadoop-ozone/integration-test/target/test-dir/MiniOzoneClusterImpl-3bdd15fc-dee8-458b-a154-153c8414505a/datanode-3/data/ratis/fb09286c-1438-4728-ac3c-a7581056334d has been successfully formatted.
2019-09-24 02:31:41,990 [pool-557-thread-1] INFO  storage.RaftStorage (RaftStorage.java:format(72)) - Storage directory /workdir/hadoop-ozone/integration-test/target/test-dir/MiniOzoneClusterImpl-3bdd15fc-dee8-458b-a154-153c8414505a/datanode-5/data/ratis/fb09286c-1438-4728-ac3c-a7581056334d has been successfully formatted.
2019-09-24 02:31:41,990 [pool-537-thread-1] INFO  ratis.ContainerStateMachine (ContainerStateMachine.java:loadSnapshot(230)) - group-A7581056334D: The snapshot info is null. Setting the last applied indexto:(t:0, i:~)
2019-09-24 02:31:41,990 [pool-547-thread-1] INFO  ratis.ContainerStateMachine (ContainerStateMachine.java:loadSnapshot(230)) - group-A7581056334D: The snapshot info is null. Setting the last applied indexto:(t:0, i:~)
2019-09-24 02:31:41,990 [pool-537-thread-1] INFO  server.RaftServerConfigKeys (ConfUtils.java:logGet(43)) - raft.server.notification.no-leader.timeout = 120s (custom)
2019-09-24 02:31:41,990 [pool-557-thread-1] INFO  ratis.ContainerStateMachine (ContainerStateMachine.java:loadSnapshot(230)) - group-A7581056334D: The snapshot info is null. Setting the last applied indexto:(t:0, i:~)
2019-09-24 02:31:41,991 [pool-537-thread-1] INFO  server.RaftServerConfigKeys (ConfUtils.java:logGet(43)) - raft.server.log.use.memory = false (default)
2019-09-24 02:31:41,990 [pool-547-thread-1] INFO  server.RaftServerConfigKeys (ConfUtils.java:logGet(43)) - raft.server.notification.no-leader.timeout = 120s (custom)
2019-09-24 02:31:41,991 [pool-537-thread-1] INFO  server.RaftServerConfigKeys (ConfUtils.java:logGet(43)) - raft.server.log.purge.gap = 1000000 (custom)
2019-09-24 02:31:41,991 [pool-557-thread-1] INFO  server.RaftServerConfigKeys (ConfUtils.java:logGet(43)) - raft.server.notification.no-leader.timeout = 120s (custom)
2019-09-24 02:31:41,991 [pool-537-thread-1] INFO  server.RaftServerConfigKeys (ConfUtils.java:logGet(43)) - raft.server.log.appender.buffer.byte-limit = 33554432 (custom)
2019-09-24 02:31:41,991 [pool-537-thread-1] INFO  server.RaftServerConfigKeys (ConfUtils.java:logGet(43)) - raft.server.log.segment.size.max = 1048576 (custom)
2019-09-24 02:31:41,991 [pool-547-thread-1] INFO  server.RaftServerConfigKeys (ConfUtils.java:logGet(43)) - raft.server.log.use.memory = false (default)
2019-09-24 02:31:41,992 [pool-537-thread-1] INFO  server.RaftServerConfigKeys (ConfUtils.java:logGet(43)) - raft.server.log.segment.cache.num.max = 2 (custom)
2019-09-24 02:31:41,991 [pool-557-thread-1] INFO  server.RaftServerConfigKeys (ConfUtils.java:logGet(43)) - raft.server.log.use.memory = false (default)
2019-09-24 02:31:41,992 [pool-537-thread-1] INFO  segmented.SegmentedRaftLogWorker (SegmentedRaftLogWorker.java:<init>(172)) - new ae1cc8d2-f95e-4ea0-a778-71138d7e5594@group-A7581056334D-SegmentedRaftLogWorker for RaftStorage:Storage Directory /workdir/hadoop-ozone/integration-test/target/test-dir/MiniOzoneClusterImpl-3bdd15fc-dee8-458b-a154-153c8414505a/datanode-3/data/ratis/fb09286c-1438-4728-ac3c-a7581056334d
2019-09-24 02:31:41,992 [pool-547-thread-1] INFO  server.RaftServerConfigKeys (ConfUtils.java:logGet(43)) - raft.server.log.purge.gap = 1000000 (custom)
2019-09-24 02:31:41,992 [pool-537-thread-1] INFO  server.RaftServerConfigKeys (ConfUtils.java:logGet(43)) - raft.server.log.queue.byte-limit = 2147483647 (custom)
2019-09-24 02:31:41,992 [pool-537-thread-1] INFO  server.RaftServerConfigKeys (ConfUtils.java:logGet(43)) - raft.server.log.queue.element-limit = 1024 (custom)
2019-09-24 02:31:41,992 [pool-557-thread-1] INFO  server.RaftServerConfigKeys (ConfUtils.java:logGet(43)) - raft.server.log.purge.gap = 1000000 (custom)
2019-09-24 02:31:41,993 [pool-537-thread-1] INFO  server.RaftServerConfigKeys (ConfUtils.java:logGet(43)) - raft.server.log.segment.size.max = 1048576 (custom)
2019-09-24 02:31:41,992 [pool-547-thread-1] INFO  server.RaftServerConfigKeys (ConfUtils.java:logGet(43)) - raft.server.log.appender.buffer.byte-limit = 33554432 (custom)
2019-09-24 02:31:41,993 [pool-537-thread-1] INFO  server.RaftServerConfigKeys (ConfUtils.java:logGet(43)) - raft.server.log.preallocated.size = 16384 (custom)
2019-09-24 02:31:41,993 [pool-557-thread-1] INFO  server.RaftServerConfigKeys (ConfUtils.java:logGet(43)) - raft.server.log.appender.buffer.byte-limit = 33554432 (custom)
2019-09-24 02:31:41,993 [IPC Server handler 4 on 45829] INFO  net.NetworkTopology (NetworkTopologyImpl.java:add(111)) - Added a new node: /rack1/c1e062fb-0f4f-4fe4-a9d2-4bfe6af489a8
2019-09-24 02:31:41,993 [pool-537-thread-1] INFO  server.RaftServerConfigKeys (ConfUtils.java:logGet(43)) - raft.server.log.write.buffer.size = 33554432 (custom)
2019-09-24 02:31:41,994 [pool-537-thread-1] INFO  server.RaftServerConfigKeys (ConfUtils.java:logGet(43)) - raft.server.log.force.sync.num = 128 (default)
2019-09-24 02:31:41,993 [pool-547-thread-1] INFO  server.RaftServerConfigKeys (ConfUtils.java:logGet(43)) - raft.server.log.segment.size.max = 1048576 (custom)
2019-09-24 02:31:41,994 [pool-537-thread-1] INFO  server.RaftServerConfigKeys (ConfUtils.java:logGet(43)) - raft.server.log.statemachine.data.sync = true (default)
2019-09-24 02:31:41,994 [pool-537-thread-1] INFO  server.RaftServerConfigKeys (ConfUtils.java:logGet(43)) - raft.server.log.statemachine.data.sync.timeout = 10s (default)
2019-09-24 02:31:41,994 [IPC Server handler 4 on 45829] INFO  node.SCMNodeManager (SCMNodeManager.java:register(266)) - Registered Data node : c1e062fb-0f4f-4fe4-a9d2-4bfe6af489a8{ip: 192.168.151.121, host: pr-hdds-2162-tjkd5-3209850126, networkLocation: /rack1, certSerialId: null}
2019-09-24 02:31:41,993 [pool-557-thread-1] INFO  server.RaftServerConfigKeys (ConfUtils.java:logGet(43)) - raft.server.log.segment.size.max = 1048576 (custom)
2019-09-24 02:31:41,994 [pool-537-thread-1] INFO  server.RaftServerConfigKeys (ConfUtils.java:logGet(43)) - raft.server.log.statemachine.data.sync.timeout.retry = -1 (default)
2019-09-24 02:31:41,994 [pool-547-thread-1] INFO  server.RaftServerConfigKeys (ConfUtils.java:logGet(43)) - raft.server.log.segment.cache.num.max = 2 (custom)
2019-09-24 02:31:41,995 [pool-537-thread-1] INFO  server.RaftServerConfigKeys (ConfUtils.java:logGet(43)) - raft.server.log.statemachine.data.caching.enabled = true (custom)
2019-09-24 02:31:41,995 [pool-557-thread-1] INFO  server.RaftServerConfigKeys (ConfUtils.java:logGet(43)) - raft.server.log.segment.cache.num.max = 2 (custom)
2019-09-24 02:31:41,995 [pool-547-thread-1] INFO  segmented.SegmentedRaftLogWorker (SegmentedRaftLogWorker.java:<init>(172)) - new 7fd17b96-21f1-4559-9cf9-f04cfa32ca1c@group-A7581056334D-SegmentedRaftLogWorker for RaftStorage:Storage Directory /workdir/hadoop-ozone/integration-test/target/test-dir/MiniOzoneClusterImpl-3bdd15fc-dee8-458b-a154-153c8414505a/datanode-4/data/ratis/fb09286c-1438-4728-ac3c-a7581056334d
2019-09-24 02:31:41,995 [pool-557-thread-1] INFO  segmented.SegmentedRaftLogWorker (SegmentedRaftLogWorker.java:<init>(172)) - new 2b314ddf-a628-41df-afb5-827956264657@group-A7581056334D-SegmentedRaftLogWorker for RaftStorage:Storage Directory /workdir/hadoop-ozone/integration-test/target/test-dir/MiniOzoneClusterImpl-3bdd15fc-dee8-458b-a154-153c8414505a/datanode-5/data/ratis/fb09286c-1438-4728-ac3c-a7581056334d
2019-09-24 02:31:41,995 [pool-537-thread-1] INFO  segmented.SegmentedRaftLogWorker (SegmentedRaftLogWorker.java:lambda$new$0(132)) - ae1cc8d2-f95e-4ea0-a778-71138d7e5594@group-A7581056334D-SegmentedRaftLogWorker: flushIndex: setUnconditionally 0 -> -1
2019-09-24 02:31:41,996 [pool-557-thread-1] INFO  server.RaftServerConfigKeys (ConfUtils.java:logGet(43)) - raft.server.log.queue.byte-limit = 2147483647 (custom)
2019-09-24 02:31:41,996 [pool-547-thread-1] INFO  server.RaftServerConfigKeys (ConfUtils.java:logGet(43)) - raft.server.log.queue.byte-limit = 2147483647 (custom)
2019-09-24 02:31:41,996 [pool-537-thread-1] INFO  server.RaftServerConfigKeys (ConfUtils.java:logGet(43)) - raft.server.snapshot.auto.trigger.enabled = true (custom)
2019-09-24 02:31:41,996 [pool-557-thread-1] INFO  server.RaftServerConfigKeys (ConfUtils.java:logGet(43)) - raft.server.log.queue.element-limit = 1024 (custom)
2019-09-24 02:31:41,996 [pool-537-thread-1] INFO  server.RaftServerConfigKeys (ConfUtils.java:logGet(43)) - raft.server.snapshot.auto.trigger.threshold = 10000 (custom)
2019-09-24 02:31:41,996 [pool-547-thread-1] INFO  server.RaftServerConfigKeys (ConfUtils.java:logGet(43)) - raft.server.log.queue.element-limit = 1024 (custom)
2019-09-24 02:31:41,996 [pool-537-thread-1] INFO  server.RaftServerConfigKeys (ConfUtils.java:logGet(43)) - raft.server.snapshot.retention.num.files = 5 (custom)
2019-09-24 02:31:41,996 [pool-557-thread-1] INFO  server.RaftServerConfigKeys (ConfUtils.java:logGet(43)) - raft.server.log.segment.size.max = 1048576 (custom)
2019-09-24 02:31:41,997 [pool-537-thread-1] INFO  server.RaftServerConfigKeys (ConfUtils.java:logGet(43)) - raft.server.retrycache.expirytime = 600000ms (custom)
2019-09-24 02:31:41,997 [pool-547-thread-1] INFO  server.RaftServerConfigKeys (ConfUtils.java:logGet(43)) - raft.server.log.segment.size.max = 1048576 (custom)
2019-09-24 02:31:41,997 [pool-557-thread-1] INFO  server.RaftServerConfigKeys (ConfUtils.java:logGet(43)) - raft.server.log.preallocated.size = 16384 (custom)
2019-09-24 02:31:41,997 [pool-547-thread-1] INFO  server.RaftServerConfigKeys (ConfUtils.java:logGet(43)) - raft.server.log.preallocated.size = 16384 (custom)
2019-09-24 02:31:41,997 [pool-557-thread-1] INFO  server.RaftServerConfigKeys (ConfUtils.java:logGet(43)) - raft.server.log.write.buffer.size = 33554432 (custom)
2019-09-24 02:31:41,997 [pool-547-thread-1] INFO  server.RaftServerConfigKeys (ConfUtils.java:logGet(43)) - raft.server.log.write.buffer.size = 33554432 (custom)
2019-09-24 02:31:41,998 [pool-557-thread-1] INFO  server.RaftServerConfigKeys (ConfUtils.java:logGet(43)) - raft.server.log.force.sync.num = 128 (default)
2019-09-24 02:31:41,998 [pool-547-thread-1] INFO  server.RaftServerConfigKeys (ConfUtils.java:logGet(43)) - raft.server.log.force.sync.num = 128 (default)
2019-09-24 02:31:41,998 [pool-557-thread-1] INFO  server.RaftServerConfigKeys (ConfUtils.java:logGet(43)) - raft.server.log.statemachine.data.sync = true (default)
2019-09-24 02:31:41,998 [pool-547-thread-1] INFO  server.RaftServerConfigKeys (ConfUtils.java:logGet(43)) - raft.server.log.statemachine.data.sync = true (default)
2019-09-24 02:31:41,998 [pool-557-thread-1] INFO  server.RaftServerConfigKeys (ConfUtils.java:logGet(43)) - raft.server.log.statemachine.data.sync.timeout = 10s (default)
2019-09-24 02:31:41,998 [pool-547-thread-1] INFO  server.RaftServerConfigKeys (ConfUtils.java:logGet(43)) - raft.server.log.statemachine.data.sync.timeout = 10s (default)
2019-09-24 02:31:41,999 [pool-537-thread-1] INFO  impl.RaftServerImpl (RaftServerImpl.java:start(185)) - ae1cc8d2-f95e-4ea0-a778-71138d7e5594@group-A7581056334D: start as a follower, conf=-1: [ae1cc8d2-f95e-4ea0-a778-71138d7e5594:192.168.151.121:45961, 7fd17b96-21f1-4559-9cf9-f04cfa32ca1c:192.168.151.121:46706, 2b314ddf-a628-41df-afb5-827956264657:192.168.151.121:35278], old=null
2019-09-24 02:31:41,998 [pool-557-thread-1] INFO  server.RaftServerConfigKeys (ConfUtils.java:logGet(43)) - raft.server.log.statemachine.data.sync.timeout.retry = -1 (default)
2019-09-24 02:31:41,999 [pool-537-thread-1] INFO  impl.RaftServerImpl (RaftServerImpl.java:setRole(174)) - ae1cc8d2-f95e-4ea0-a778-71138d7e5594@group-A7581056334D: changes role from      null to FOLLOWER at term 0 for startAsFollower
2019-09-24 02:31:41,999 [pool-547-thread-1] INFO  server.RaftServerConfigKeys (ConfUtils.java:logGet(43)) - raft.server.log.statemachine.data.sync.timeout.retry = -1 (default)
2019-09-24 02:31:41,999 [pool-537-thread-1] INFO  impl.RoleInfo (RoleInfo.java:updateAndGet(143)) - ae1cc8d2-f95e-4ea0-a778-71138d7e5594: start FollowerState
2019-09-24 02:31:41,999 [pool-557-thread-1] INFO  server.RaftServerConfigKeys (ConfUtils.java:logGet(43)) - raft.server.log.statemachine.data.caching.enabled = true (custom)
2019-09-24 02:31:41,999 [pool-547-thread-1] INFO  server.RaftServerConfigKeys (ConfUtils.java:logGet(43)) - raft.server.log.statemachine.data.caching.enabled = true (custom)
2019-09-24 02:31:42,000 [pool-557-thread-1] INFO  segmented.SegmentedRaftLogWorker (SegmentedRaftLogWorker.java:lambda$new$0(132)) - 2b314ddf-a628-41df-afb5-827956264657@group-A7581056334D-SegmentedRaftLogWorker: flushIndex: setUnconditionally 0 -> -1
2019-09-24 02:31:42,000 [pool-537-thread-1] INFO  util.JmxRegister (JmxRegister.java:tryRegister(44)) - Successfully registered JMX Bean with object name Ratis:service=RaftServer,group=group-A7581056334D,id=ae1cc8d2-f95e-4ea0-a778-71138d7e5594
2019-09-24 02:31:42,000 [pool-547-thread-1] INFO  segmented.SegmentedRaftLogWorker (SegmentedRaftLogWorker.java:lambda$new$0(132)) - 7fd17b96-21f1-4559-9cf9-f04cfa32ca1c@group-A7581056334D-SegmentedRaftLogWorker: flushIndex: setUnconditionally 0 -> -1
2019-09-24 02:31:42,000 [pool-557-thread-1] INFO  server.RaftServerConfigKeys (ConfUtils.java:logGet(43)) - raft.server.snapshot.auto.trigger.enabled = true (custom)
2019-09-24 02:31:42,000 [pool-557-thread-1] INFO  server.RaftServerConfigKeys (ConfUtils.java:logGet(43)) - raft.server.snapshot.auto.trigger.threshold = 10000 (custom)
2019-09-24 02:31:42,000 [pool-547-thread-1] INFO  server.RaftServerConfigKeys (ConfUtils.java:logGet(43)) - raft.server.snapshot.auto.trigger.enabled = true (custom)
2019-09-24 02:31:42,000 [pool-557-thread-1] INFO  server.RaftServerConfigKeys (ConfUtils.java:logGet(43)) - raft.server.snapshot.retention.num.files = 5 (custom)
2019-09-24 02:31:42,001 [pool-547-thread-1] INFO  server.RaftServerConfigKeys (ConfUtils.java:logGet(43)) - raft.server.snapshot.auto.trigger.threshold = 10000 (custom)
2019-09-24 02:31:42,001 [pool-557-thread-1] INFO  server.RaftServerConfigKeys (ConfUtils.java:logGet(43)) - raft.server.retrycache.expirytime = 600000ms (custom)
2019-09-24 02:31:42,001 [pool-547-thread-1] INFO  server.RaftServerConfigKeys (ConfUtils.java:logGet(43)) - raft.server.snapshot.retention.num.files = 5 (custom)
2019-09-24 02:31:42,006 [pool-547-thread-1] INFO  server.RaftServerConfigKeys (ConfUtils.java:logGet(43)) - raft.server.retrycache.expirytime = 600000ms (custom)
2019-09-24 02:31:42,007 [pool-557-thread-1] INFO  impl.RaftServerImpl (RaftServerImpl.java:start(185)) - 2b314ddf-a628-41df-afb5-827956264657@group-A7581056334D: start as a follower, conf=-1: [ae1cc8d2-f95e-4ea0-a778-71138d7e5594:192.168.151.121:45961, 7fd17b96-21f1-4559-9cf9-f04cfa32ca1c:192.168.151.121:46706, 2b314ddf-a628-41df-afb5-827956264657:192.168.151.121:35278], old=null
2019-09-24 02:31:42,007 [pool-557-thread-1] INFO  impl.RaftServerImpl (RaftServerImpl.java:setRole(174)) - 2b314ddf-a628-41df-afb5-827956264657@group-A7581056334D: changes role from      null to FOLLOWER at term 0 for startAsFollower
2019-09-24 02:31:42,007 [pool-557-thread-1] INFO  impl.RoleInfo (RoleInfo.java:updateAndGet(143)) - 2b314ddf-a628-41df-afb5-827956264657: start FollowerState
2019-09-24 02:31:42,008 [pool-557-thread-1] INFO  util.JmxRegister (JmxRegister.java:tryRegister(44)) - Successfully registered JMX Bean with object name Ratis:service=RaftServer,group=group-A7581056334D,id=2b314ddf-a628-41df-afb5-827956264657
2019-09-24 02:31:42,008 [pool-547-thread-1] INFO  impl.RaftServerImpl (RaftServerImpl.java:start(185)) - 7fd17b96-21f1-4559-9cf9-f04cfa32ca1c@group-A7581056334D: start as a follower, conf=-1: [ae1cc8d2-f95e-4ea0-a778-71138d7e5594:192.168.151.121:45961, 7fd17b96-21f1-4559-9cf9-f04cfa32ca1c:192.168.151.121:46706, 2b314ddf-a628-41df-afb5-827956264657:192.168.151.121:35278], old=null
2019-09-24 02:31:42,008 [pool-547-thread-1] INFO  impl.RaftServerImpl (RaftServerImpl.java:setRole(174)) - 7fd17b96-21f1-4559-9cf9-f04cfa32ca1c@group-A7581056334D: changes role from      null to FOLLOWER at term 0 for startAsFollower
2019-09-24 02:31:42,008 [pool-547-thread-1] INFO  impl.RoleInfo (RoleInfo.java:updateAndGet(143)) - 7fd17b96-21f1-4559-9cf9-f04cfa32ca1c: start FollowerState
2019-09-24 02:31:42,008 [pool-547-thread-1] INFO  util.JmxRegister (JmxRegister.java:tryRegister(44)) - Successfully registered JMX Bean with object name Ratis:service=RaftServer,group=group-A7581056334D,id=7fd17b96-21f1-4559-9cf9-f04cfa32ca1c
2019-09-24 02:31:42,017 [RatisPipelineUtilsThread] INFO  pipeline.PipelineStateManager (PipelineStateManager.java:addPipeline(56)) - Created pipeline Pipeline[ Id: fb09286c-1438-4728-ac3c-a7581056334d, Nodes: ae1cc8d2-f95e-4ea0-a778-71138d7e5594{ip: 192.168.151.121, host: pr-hdds-2162-tjkd5-3209850126, networkLocation: /rack1, certSerialId: null}7fd17b96-21f1-4559-9cf9-f04cfa32ca1c{ip: 192.168.151.121, host: pr-hdds-2162-tjkd5-3209850126, networkLocation: /rack1, certSerialId: null}2b314ddf-a628-41df-afb5-827956264657{ip: 192.168.151.121, host: pr-hdds-2162-tjkd5-3209850126, networkLocation: /rack1, certSerialId: null}, Type:RATIS, Factor:THREE, State:OPEN]
2019-09-24 02:31:42,071 [IPC Server handler 5 on 45829] INFO  net.NetworkTopology (NetworkTopologyImpl.java:add(111)) - Added a new node: /rack1/a7fc6e90-75b2-4f8f-bf01-6e094d7f48f9
2019-09-24 02:31:42,071 [IPC Server handler 5 on 45829] INFO  node.SCMNodeManager (SCMNodeManager.java:register(266)) - Registered Data node : a7fc6e90-75b2-4f8f-bf01-6e094d7f48f9{ip: 192.168.151.121, host: pr-hdds-2162-tjkd5-3209850126, networkLocation: /rack1, certSerialId: null}
2019-09-24 02:31:42,080 [grpc-default-executor-0] INFO  impl.RaftServerProxy (RaftServerProxy.java:addNew(89)) - c1e062fb-0f4f-4fe4-a9d2-4bfe6af489a8: addNew group-D3FDA83AC670:[c1e062fb-0f4f-4fe4-a9d2-4bfe6af489a8:192.168.151.121:36311] returns group-D3FDA83AC670:java.util.concurrent.CompletableFuture@459836f6[Not completed]
2019-09-24 02:31:42,084 [pool-567-thread-1] INFO  impl.RaftServerImpl (RaftServerImpl.java:<init>(95)) - c1e062fb-0f4f-4fe4-a9d2-4bfe6af489a8: new RaftServerImpl for group-D3FDA83AC670:[c1e062fb-0f4f-4fe4-a9d2-4bfe6af489a8:192.168.151.121:36311] with ContainerStateMachine:uninitialized
2019-09-24 02:31:42,084 [pool-567-thread-1] INFO  server.RaftServerConfigKeys (ConfUtils.java:logGet(43)) - raft.server.rpc.timeout.min = 1s (custom)
2019-09-24 02:31:42,084 [pool-567-thread-1] INFO  server.RaftServerConfigKeys (ConfUtils.java:logGet(43)) - raft.server.rpc.timeout.max = 1200ms (custom)
2019-09-24 02:31:42,084 [pool-567-thread-1] INFO  server.RaftServerConfigKeys (ConfUtils.java:logGet(43)) - raft.server.rpcslowness.timeout = 120s (custom)
2019-09-24 02:31:42,084 [pool-567-thread-1] INFO  server.RaftServerConfigKeys (ConfUtils.java:logGet(43)) - raft.server.sleep.deviation.threshold = 300 (default)
2019-09-24 02:31:42,084 [pool-567-thread-1] INFO  server.RaftServerConfigKeys (ConfUtils.java:logGet(43)) - raft.server.log.appender.install.snapshot.enabled = false (custom)
2019-09-24 02:31:42,085 [pool-567-thread-1] INFO  impl.RaftServerImpl (ServerState.java:<init>(103)) - c1e062fb-0f4f-4fe4-a9d2-4bfe6af489a8@group-D3FDA83AC670: ConfigurationManager, init=-1: [c1e062fb-0f4f-4fe4-a9d2-4bfe6af489a8:192.168.151.121:36311], old=null, confs=<EMPTY_MAP>
2019-09-24 02:31:42,085 [pool-567-thread-1] INFO  server.RaftServerConfigKeys (ConfUtils.java:logGet(43)) - raft.server.storage.dir = [/workdir/hadoop-ozone/integration-test/target/test-dir/MiniOzoneClusterImpl-3bdd15fc-dee8-458b-a154-153c8414505a/datanode-6/data/ratis] (custom)
2019-09-24 02:31:42,085 [pool-567-thread-1] INFO  storage.RaftStorageDirectory (RaftStorageDirectory.java:analyzeStorage(246)) - The storage directory /workdir/hadoop-ozone/integration-test/target/test-dir/MiniOzoneClusterImpl-3bdd15fc-dee8-458b-a154-153c8414505a/datanode-6/data/ratis/1732c84a-6558-490c-b461-d3fda83ac670 does not exist. Creating ...
2019-09-24 02:31:42,098 [pool-567-thread-1] INFO  storage.RaftStorageDirectory (RaftStorageDirectory.java:tryLock(328)) - Lock on /workdir/hadoop-ozone/integration-test/target/test-dir/MiniOzoneClusterImpl-3bdd15fc-dee8-458b-a154-153c8414505a/datanode-6/data/ratis/1732c84a-6558-490c-b461-d3fda83ac670/in_use.lock acquired by nodename 30927@pr-hdds-2162-tjkd5-3209850126
2019-09-24 02:31:42,112 [pool-567-thread-1] INFO  storage.RaftStorage (RaftStorage.java:format(72)) - Storage directory /workdir/hadoop-ozone/integration-test/target/test-dir/MiniOzoneClusterImpl-3bdd15fc-dee8-458b-a154-153c8414505a/datanode-6/data/ratis/1732c84a-6558-490c-b461-d3fda83ac670 has been successfully formatted.
2019-09-24 02:31:42,112 [pool-567-thread-1] INFO  ratis.ContainerStateMachine (ContainerStateMachine.java:loadSnapshot(230)) - group-D3FDA83AC670: The snapshot info is null. Setting the last applied indexto:(t:0, i:~)
2019-09-24 02:31:42,112 [pool-567-thread-1] INFO  server.RaftServerConfigKeys (ConfUtils.java:logGet(43)) - raft.server.notification.no-leader.timeout = 120s (custom)
2019-09-24 02:31:42,113 [pool-567-thread-1] INFO  server.RaftServerConfigKeys (ConfUtils.java:logGet(43)) - raft.server.log.use.memory = false (default)
2019-09-24 02:31:42,113 [pool-567-thread-1] INFO  server.RaftServerConfigKeys (ConfUtils.java:logGet(43)) - raft.server.log.purge.gap = 1000000 (custom)
2019-09-24 02:31:42,113 [pool-567-thread-1] INFO  server.RaftServerConfigKeys (ConfUtils.java:logGet(43)) - raft.server.log.appender.buffer.byte-limit = 33554432 (custom)
2019-09-24 02:31:42,113 [pool-567-thread-1] INFO  server.RaftServerConfigKeys (ConfUtils.java:logGet(43)) - raft.server.log.segment.size.max = 1048576 (custom)
2019-09-24 02:31:42,113 [pool-567-thread-1] INFO  server.RaftServerConfigKeys (ConfUtils.java:logGet(43)) - raft.server.log.segment.cache.num.max = 2 (custom)
2019-09-24 02:31:42,113 [pool-567-thread-1] INFO  segmented.SegmentedRaftLogWorker (SegmentedRaftLogWorker.java:<init>(172)) - new c1e062fb-0f4f-4fe4-a9d2-4bfe6af489a8@group-D3FDA83AC670-SegmentedRaftLogWorker for RaftStorage:Storage Directory /workdir/hadoop-ozone/integration-test/target/test-dir/MiniOzoneClusterImpl-3bdd15fc-dee8-458b-a154-153c8414505a/datanode-6/data/ratis/1732c84a-6558-490c-b461-d3fda83ac670
2019-09-24 02:31:42,115 [pool-567-thread-1] INFO  server.RaftServerConfigKeys (ConfUtils.java:logGet(43)) - raft.server.log.queue.byte-limit = 2147483647 (custom)
2019-09-24 02:31:42,115 [pool-567-thread-1] INFO  server.RaftServerConfigKeys (ConfUtils.java:logGet(43)) - raft.server.log.queue.element-limit = 1024 (custom)
2019-09-24 02:31:42,115 [pool-567-thread-1] INFO  server.RaftServerConfigKeys (ConfUtils.java:logGet(43)) - raft.server.log.segment.size.max = 1048576 (custom)
2019-09-24 02:31:42,115 [pool-567-thread-1] INFO  server.RaftServerConfigKeys (ConfUtils.java:logGet(43)) - raft.server.log.preallocated.size = 16384 (custom)
2019-09-24 02:31:42,115 [pool-567-thread-1] INFO  server.RaftServerConfigKeys (ConfUtils.java:logGet(43)) - raft.server.log.write.buffer.size = 33554432 (custom)
2019-09-24 02:31:42,116 [pool-567-thread-1] INFO  server.RaftServerConfigKeys (ConfUtils.java:logGet(43)) - raft.server.log.force.sync.num = 128 (default)
2019-09-24 02:31:42,116 [pool-567-thread-1] INFO  server.RaftServerConfigKeys (ConfUtils.java:logGet(43)) - raft.server.log.statemachine.data.sync = true (default)
2019-09-24 02:31:42,116 [pool-567-thread-1] INFO  server.RaftServerConfigKeys (ConfUtils.java:logGet(43)) - raft.server.log.statemachine.data.sync.timeout = 10s (default)
2019-09-24 02:31:42,116 [pool-567-thread-1] INFO  server.RaftServerConfigKeys (ConfUtils.java:logGet(43)) - raft.server.log.statemachine.data.sync.timeout.retry = -1 (default)
2019-09-24 02:31:42,116 [pool-567-thread-1] INFO  server.RaftServerConfigKeys (ConfUtils.java:logGet(43)) - raft.server.log.statemachine.data.caching.enabled = true (custom)
2019-09-24 02:31:42,116 [pool-567-thread-1] INFO  segmented.SegmentedRaftLogWorker (SegmentedRaftLogWorker.java:lambda$new$0(132)) - c1e062fb-0f4f-4fe4-a9d2-4bfe6af489a8@group-D3FDA83AC670-SegmentedRaftLogWorker: flushIndex: setUnconditionally 0 -> -1
2019-09-24 02:31:42,117 [pool-567-thread-1] INFO  server.RaftServerConfigKeys (ConfUtils.java:logGet(43)) - raft.server.snapshot.auto.trigger.enabled = true (custom)
2019-09-24 02:31:42,117 [pool-567-thread-1] INFO  server.RaftServerConfigKeys (ConfUtils.java:logGet(43)) - raft.server.snapshot.auto.trigger.threshold = 10000 (custom)
2019-09-24 02:31:42,117 [pool-567-thread-1] INFO  server.RaftServerConfigKeys (ConfUtils.java:logGet(43)) - raft.server.snapshot.retention.num.files = 5 (custom)
2019-09-24 02:31:42,117 [pool-567-thread-1] INFO  server.RaftServerConfigKeys (ConfUtils.java:logGet(43)) - raft.server.retrycache.expirytime = 600000ms (custom)
2019-09-24 02:31:42,119 [pool-567-thread-1] INFO  impl.RaftServerImpl (RaftServerImpl.java:start(185)) - c1e062fb-0f4f-4fe4-a9d2-4bfe6af489a8@group-D3FDA83AC670: start as a follower, conf=-1: [c1e062fb-0f4f-4fe4-a9d2-4bfe6af489a8:192.168.151.121:36311], old=null
2019-09-24 02:31:42,119 [pool-567-thread-1] INFO  impl.RaftServerImpl (RaftServerImpl.java:setRole(174)) - c1e062fb-0f4f-4fe4-a9d2-4bfe6af489a8@group-D3FDA83AC670: changes role from      null to FOLLOWER at term 0 for startAsFollower
2019-09-24 02:31:42,119 [pool-567-thread-1] INFO  impl.RoleInfo (RoleInfo.java:updateAndGet(143)) - c1e062fb-0f4f-4fe4-a9d2-4bfe6af489a8: start FollowerState
2019-09-24 02:31:42,119 [pool-567-thread-1] INFO  util.JmxRegister (JmxRegister.java:tryRegister(44)) - Successfully registered JMX Bean with object name Ratis:service=RaftServer,group=group-D3FDA83AC670,id=c1e062fb-0f4f-4fe4-a9d2-4bfe6af489a8
2019-09-24 02:31:42,125 [RatisPipelineUtilsThread] INFO  pipeline.PipelineStateManager (PipelineStateManager.java:addPipeline(56)) - Created pipeline Pipeline[ Id: 1732c84a-6558-490c-b461-d3fda83ac670, Nodes: c1e062fb-0f4f-4fe4-a9d2-4bfe6af489a8{ip: 192.168.151.121, host: pr-hdds-2162-tjkd5-3209850126, networkLocation: /rack1, certSerialId: null}, Type:RATIS, Factor:ONE, State:OPEN]
2019-09-24 02:31:42,131 [grpc-default-executor-0] INFO  impl.RaftServerProxy (RaftServerProxy.java:addNew(89)) - a7fc6e90-75b2-4f8f-bf01-6e094d7f48f9: addNew group-F295C711455F:[a7fc6e90-75b2-4f8f-bf01-6e094d7f48f9:192.168.151.121:34093] returns group-F295C711455F:java.util.concurrent.CompletableFuture@72f22dce[Not completed]
2019-09-24 02:31:42,132 [pool-577-thread-1] INFO  impl.RaftServerImpl (RaftServerImpl.java:<init>(95)) - a7fc6e90-75b2-4f8f-bf01-6e094d7f48f9: new RaftServerImpl for group-F295C711455F:[a7fc6e90-75b2-4f8f-bf01-6e094d7f48f9:192.168.151.121:34093] with ContainerStateMachine:uninitialized
2019-09-24 02:31:42,132 [pool-577-thread-1] INFO  server.RaftServerConfigKeys (ConfUtils.java:logGet(43)) - raft.server.rpc.timeout.min = 1s (custom)
2019-09-24 02:31:42,132 [pool-577-thread-1] INFO  server.RaftServerConfigKeys (ConfUtils.java:logGet(43)) - raft.server.rpc.timeout.max = 1200ms (custom)
2019-09-24 02:31:42,133 [pool-577-thread-1] INFO  server.RaftServerConfigKeys (ConfUtils.java:logGet(43)) - raft.server.rpcslowness.timeout = 120s (custom)
2019-09-24 02:31:42,133 [pool-577-thread-1] INFO  server.RaftServerConfigKeys (ConfUtils.java:logGet(43)) - raft.server.sleep.deviation.threshold = 300 (default)
2019-09-24 02:31:42,133 [pool-577-thread-1] INFO  server.RaftServerConfigKeys (ConfUtils.java:logGet(43)) - raft.server.log.appender.install.snapshot.enabled = false (custom)
2019-09-24 02:31:42,133 [pool-577-thread-1] INFO  impl.RaftServerImpl (ServerState.java:<init>(103)) - a7fc6e90-75b2-4f8f-bf01-6e094d7f48f9@group-F295C711455F: ConfigurationManager, init=-1: [a7fc6e90-75b2-4f8f-bf01-6e094d7f48f9:192.168.151.121:34093], old=null, confs=<EMPTY_MAP>
2019-09-24 02:31:42,133 [pool-577-thread-1] INFO  server.RaftServerConfigKeys (ConfUtils.java:logGet(43)) - raft.server.storage.dir = [/workdir/hadoop-ozone/integration-test/target/test-dir/MiniOzoneClusterImpl-3bdd15fc-dee8-458b-a154-153c8414505a/datanode-7/data/ratis] (custom)
2019-09-24 02:31:42,133 [pool-577-thread-1] INFO  storage.RaftStorageDirectory (RaftStorageDirectory.java:analyzeStorage(246)) - The storage directory /workdir/hadoop-ozone/integration-test/target/test-dir/MiniOzoneClusterImpl-3bdd15fc-dee8-458b-a154-153c8414505a/datanode-7/data/ratis/20253338-e6bb-4f88-ba98-f295c711455f does not exist. Creating ...
2019-09-24 02:31:42,147 [pool-577-thread-1] INFO  storage.RaftStorageDirectory (RaftStorageDirectory.java:tryLock(328)) - Lock on /workdir/hadoop-ozone/integration-test/target/test-dir/MiniOzoneClusterImpl-3bdd15fc-dee8-458b-a154-153c8414505a/datanode-7/data/ratis/20253338-e6bb-4f88-ba98-f295c711455f/in_use.lock acquired by nodename 30927@pr-hdds-2162-tjkd5-3209850126
2019-09-24 02:31:42,160 [pool-577-thread-1] INFO  storage.RaftStorage (RaftStorage.java:format(72)) - Storage directory /workdir/hadoop-ozone/integration-test/target/test-dir/MiniOzoneClusterImpl-3bdd15fc-dee8-458b-a154-153c8414505a/datanode-7/data/ratis/20253338-e6bb-4f88-ba98-f295c711455f has been successfully formatted.
2019-09-24 02:31:42,160 [pool-577-thread-1] INFO  ratis.ContainerStateMachine (ContainerStateMachine.java:loadSnapshot(230)) - group-F295C711455F: The snapshot info is null. Setting the last applied indexto:(t:0, i:~)
2019-09-24 02:31:42,160 [pool-577-thread-1] INFO  server.RaftServerConfigKeys (ConfUtils.java:logGet(43)) - raft.server.notification.no-leader.timeout = 120s (custom)
2019-09-24 02:31:42,160 [pool-577-thread-1] INFO  server.RaftServerConfigKeys (ConfUtils.java:logGet(43)) - raft.server.log.use.memory = false (default)
2019-09-24 02:31:42,160 [pool-577-thread-1] INFO  server.RaftServerConfigKeys (ConfUtils.java:logGet(43)) - raft.server.log.purge.gap = 1000000 (custom)
2019-09-24 02:31:42,160 [pool-577-thread-1] INFO  server.RaftServerConfigKeys (ConfUtils.java:logGet(43)) - raft.server.log.appender.buffer.byte-limit = 33554432 (custom)
2019-09-24 02:31:42,160 [pool-577-thread-1] INFO  server.RaftServerConfigKeys (ConfUtils.java:logGet(43)) - raft.server.log.segment.size.max = 1048576 (custom)
2019-09-24 02:31:42,161 [pool-577-thread-1] INFO  server.RaftServerConfigKeys (ConfUtils.java:logGet(43)) - raft.server.log.segment.cache.num.max = 2 (custom)
2019-09-24 02:31:42,161 [pool-577-thread-1] INFO  segmented.SegmentedRaftLogWorker (SegmentedRaftLogWorker.java:<init>(172)) - new a7fc6e90-75b2-4f8f-bf01-6e094d7f48f9@group-F295C711455F-SegmentedRaftLogWorker for RaftStorage:Storage Directory /workdir/hadoop-ozone/integration-test/target/test-dir/MiniOzoneClusterImpl-3bdd15fc-dee8-458b-a154-153c8414505a/datanode-7/data/ratis/20253338-e6bb-4f88-ba98-f295c711455f
2019-09-24 02:31:42,162 [pool-577-thread-1] INFO  server.RaftServerConfigKeys (ConfUtils.java:logGet(43)) - raft.server.log.queue.byte-limit = 2147483647 (custom)
2019-09-24 02:31:42,162 [pool-577-thread-1] INFO  server.RaftServerConfigKeys (ConfUtils.java:logGet(43)) - raft.server.log.queue.element-limit = 1024 (custom)
2019-09-24 02:31:42,162 [pool-577-thread-1] INFO  server.RaftServerConfigKeys (ConfUtils.java:logGet(43)) - raft.server.log.segment.size.max = 1048576 (custom)
2019-09-24 02:31:42,162 [pool-577-thread-1] INFO  server.RaftServerConfigKeys (ConfUtils.java:logGet(43)) - raft.server.log.preallocated.size = 16384 (custom)
2019-09-24 02:31:42,162 [IPC Server handler 3 on 45829] INFO  net.NetworkTopology (NetworkTopologyImpl.java:add(111)) - Added a new node: /rack1/8eea7e4f-d008-4d85-a505-6e9b586abbfe
2019-09-24 02:31:42,163 [pool-577-thread-1] INFO  server.RaftServerConfigKeys (ConfUtils.java:logGet(43)) - raft.server.log.write.buffer.size = 33554432 (custom)
2019-09-24 02:31:42,163 [IPC Server handler 3 on 45829] INFO  node.SCMNodeManager (SCMNodeManager.java:register(266)) - Registered Data node : 8eea7e4f-d008-4d85-a505-6e9b586abbfe{ip: 192.168.151.121, host: pr-hdds-2162-tjkd5-3209850126, networkLocation: /rack1, certSerialId: null}
2019-09-24 02:31:42,163 [pool-577-thread-1] INFO  server.RaftServerConfigKeys (ConfUtils.java:logGet(43)) - raft.server.log.force.sync.num = 128 (default)
2019-09-24 02:31:42,163 [pool-577-thread-1] INFO  server.RaftServerConfigKeys (ConfUtils.java:logGet(43)) - raft.server.log.statemachine.data.sync = true (default)
2019-09-24 02:31:42,163 [pool-577-thread-1] INFO  server.RaftServerConfigKeys (ConfUtils.java:logGet(43)) - raft.server.log.statemachine.data.sync.timeout = 10s (default)
2019-09-24 02:31:42,163 [pool-577-thread-1] INFO  server.RaftServerConfigKeys (ConfUtils.java:logGet(43)) - raft.server.log.statemachine.data.sync.timeout.retry = -1 (default)
2019-09-24 02:31:42,164 [pool-577-thread-1] INFO  server.RaftServerConfigKeys (ConfUtils.java:logGet(43)) - raft.server.log.statemachine.data.caching.enabled = true (custom)
2019-09-24 02:31:42,164 [pool-577-thread-1] INFO  segmented.SegmentedRaftLogWorker (SegmentedRaftLogWorker.java:lambda$new$0(132)) - a7fc6e90-75b2-4f8f-bf01-6e094d7f48f9@group-F295C711455F-SegmentedRaftLogWorker: flushIndex: setUnconditionally 0 -> -1
2019-09-24 02:31:42,164 [pool-577-thread-1] INFO  server.RaftServerConfigKeys (ConfUtils.java:logGet(43)) - raft.server.snapshot.auto.trigger.enabled = true (custom)
2019-09-24 02:31:42,164 [pool-577-thread-1] INFO  server.RaftServerConfigKeys (ConfUtils.java:logGet(43)) - raft.server.snapshot.auto.trigger.threshold = 10000 (custom)
2019-09-24 02:31:42,164 [pool-577-thread-1] INFO  server.RaftServerConfigKeys (ConfUtils.java:logGet(43)) - raft.server.snapshot.retention.num.files = 5 (custom)
2019-09-24 02:31:42,165 [pool-577-thread-1] INFO  server.RaftServerConfigKeys (ConfUtils.java:logGet(43)) - raft.server.retrycache.expirytime = 600000ms (custom)
2019-09-24 02:31:42,166 [pool-577-thread-1] INFO  impl.RaftServerImpl (RaftServerImpl.java:start(185)) - a7fc6e90-75b2-4f8f-bf01-6e094d7f48f9@group-F295C711455F: start as a follower, conf=-1: [a7fc6e90-75b2-4f8f-bf01-6e094d7f48f9:192.168.151.121:34093], old=null
2019-09-24 02:31:42,166 [pool-577-thread-1] INFO  impl.RaftServerImpl (RaftServerImpl.java:setRole(174)) - a7fc6e90-75b2-4f8f-bf01-6e094d7f48f9@group-F295C711455F: changes role from      null to FOLLOWER at term 0 for startAsFollower
2019-09-24 02:31:42,166 [pool-577-thread-1] INFO  impl.RoleInfo (RoleInfo.java:updateAndGet(143)) - a7fc6e90-75b2-4f8f-bf01-6e094d7f48f9: start FollowerState
2019-09-24 02:31:42,166 [pool-577-thread-1] INFO  util.JmxRegister (JmxRegister.java:tryRegister(44)) - Successfully registered JMX Bean with object name Ratis:service=RaftServer,group=group-F295C711455F,id=a7fc6e90-75b2-4f8f-bf01-6e094d7f48f9
2019-09-24 02:31:42,171 [RatisPipelineUtilsThread] INFO  pipeline.PipelineStateManager (PipelineStateManager.java:addPipeline(56)) - Created pipeline Pipeline[ Id: 20253338-e6bb-4f88-ba98-f295c711455f, Nodes: a7fc6e90-75b2-4f8f-bf01-6e094d7f48f9{ip: 192.168.151.121, host: pr-hdds-2162-tjkd5-3209850126, networkLocation: /rack1, certSerialId: null}, Type:RATIS, Factor:ONE, State:OPEN]
2019-09-24 02:31:42,179 [grpc-default-executor-0] INFO  impl.RaftServerProxy (RaftServerProxy.java:addNew(89)) - 8eea7e4f-d008-4d85-a505-6e9b586abbfe: addNew group-C6314B63DEEF:[8eea7e4f-d008-4d85-a505-6e9b586abbfe:192.168.151.121:42114] returns group-C6314B63DEEF:java.util.concurrent.CompletableFuture@3f1b593[Not completed]
2019-09-24 02:31:42,180 [pool-587-thread-1] INFO  impl.RaftServerImpl (RaftServerImpl.java:<init>(95)) - 8eea7e4f-d008-4d85-a505-6e9b586abbfe: new RaftServerImpl for group-C6314B63DEEF:[8eea7e4f-d008-4d85-a505-6e9b586abbfe:192.168.151.121:42114] with ContainerStateMachine:uninitialized
2019-09-24 02:31:42,180 [pool-587-thread-1] INFO  server.RaftServerConfigKeys (ConfUtils.java:logGet(43)) - raft.server.rpc.timeout.min = 1s (custom)
2019-09-24 02:31:42,180 [pool-587-thread-1] INFO  server.RaftServerConfigKeys (ConfUtils.java:logGet(43)) - raft.server.rpc.timeout.max = 1200ms (custom)
2019-09-24 02:31:42,180 [pool-587-thread-1] INFO  server.RaftServerConfigKeys (ConfUtils.java:logGet(43)) - raft.server.rpcslowness.timeout = 120s (custom)
2019-09-24 02:31:42,180 [pool-587-thread-1] INFO  server.RaftServerConfigKeys (ConfUtils.java:logGet(43)) - raft.server.sleep.deviation.threshold = 300 (default)
2019-09-24 02:31:42,181 [pool-587-thread-1] INFO  server.RaftServerConfigKeys (ConfUtils.java:logGet(43)) - raft.server.log.appender.install.snapshot.enabled = false (custom)
2019-09-24 02:31:42,181 [pool-587-thread-1] INFO  impl.RaftServerImpl (ServerState.java:<init>(103)) - 8eea7e4f-d008-4d85-a505-6e9b586abbfe@group-C6314B63DEEF: ConfigurationManager, init=-1: [8eea7e4f-d008-4d85-a505-6e9b586abbfe:192.168.151.121:42114], old=null, confs=<EMPTY_MAP>
2019-09-24 02:31:42,181 [pool-587-thread-1] INFO  server.RaftServerConfigKeys (ConfUtils.java:logGet(43)) - raft.server.storage.dir = [/workdir/hadoop-ozone/integration-test/target/test-dir/MiniOzoneClusterImpl-3bdd15fc-dee8-458b-a154-153c8414505a/datanode-8/data/ratis] (custom)
2019-09-24 02:31:42,181 [pool-587-thread-1] INFO  storage.RaftStorageDirectory (RaftStorageDirectory.java:analyzeStorage(246)) - The storage directory /workdir/hadoop-ozone/integration-test/target/test-dir/MiniOzoneClusterImpl-3bdd15fc-dee8-458b-a154-153c8414505a/datanode-8/data/ratis/e3179e7f-482c-4bca-a4c8-c6314b63deef does not exist. Creating ...
2019-09-24 02:31:42,194 [pool-587-thread-1] INFO  storage.RaftStorageDirectory (RaftStorageDirectory.java:tryLock(328)) - Lock on /workdir/hadoop-ozone/integration-test/target/test-dir/MiniOzoneClusterImpl-3bdd15fc-dee8-458b-a154-153c8414505a/datanode-8/data/ratis/e3179e7f-482c-4bca-a4c8-c6314b63deef/in_use.lock acquired by nodename 30927@pr-hdds-2162-tjkd5-3209850126
2019-09-24 02:31:42,207 [pool-587-thread-1] INFO  storage.RaftStorage (RaftStorage.java:format(72)) - Storage directory /workdir/hadoop-ozone/integration-test/target/test-dir/MiniOzoneClusterImpl-3bdd15fc-dee8-458b-a154-153c8414505a/datanode-8/data/ratis/e3179e7f-482c-4bca-a4c8-c6314b63deef has been successfully formatted.
2019-09-24 02:31:42,207 [pool-587-thread-1] INFO  ratis.ContainerStateMachine (ContainerStateMachine.java:loadSnapshot(230)) - group-C6314B63DEEF: The snapshot info is null. Setting the last applied indexto:(t:0, i:~)
2019-09-24 02:31:42,207 [pool-587-thread-1] INFO  server.RaftServerConfigKeys (ConfUtils.java:logGet(43)) - raft.server.notification.no-leader.timeout = 120s (custom)
2019-09-24 02:31:42,208 [pool-587-thread-1] INFO  server.RaftServerConfigKeys (ConfUtils.java:logGet(43)) - raft.server.log.use.memory = false (default)
2019-09-24 02:31:42,208 [pool-587-thread-1] INFO  server.RaftServerConfigKeys (ConfUtils.java:logGet(43)) - raft.server.log.purge.gap = 1000000 (custom)
2019-09-24 02:31:42,208 [pool-587-thread-1] INFO  server.RaftServerConfigKeys (ConfUtils.java:logGet(43)) - raft.server.log.appender.buffer.byte-limit = 33554432 (custom)
2019-09-24 02:31:42,208 [pool-587-thread-1] INFO  server.RaftServerConfigKeys (ConfUtils.java:logGet(43)) - raft.server.log.segment.size.max = 1048576 (custom)
2019-09-24 02:31:42,208 [pool-587-thread-1] INFO  server.RaftServerConfigKeys (ConfUtils.java:logGet(43)) - raft.server.log.segment.cache.num.max = 2 (custom)
2019-09-24 02:31:42,208 [pool-587-thread-1] INFO  segmented.SegmentedRaftLogWorker (SegmentedRaftLogWorker.java:<init>(172)) - new 8eea7e4f-d008-4d85-a505-6e9b586abbfe@group-C6314B63DEEF-SegmentedRaftLogWorker for RaftStorage:Storage Directory /workdir/hadoop-ozone/integration-test/target/test-dir/MiniOzoneClusterImpl-3bdd15fc-dee8-458b-a154-153c8414505a/datanode-8/data/ratis/e3179e7f-482c-4bca-a4c8-c6314b63deef
2019-09-24 02:31:42,210 [pool-587-thread-1] INFO  server.RaftServerConfigKeys (ConfUtils.java:logGet(43)) - raft.server.log.queue.byte-limit = 2147483647 (custom)
2019-09-24 02:31:42,210 [pool-587-thread-1] INFO  server.RaftServerConfigKeys (ConfUtils.java:logGet(43)) - raft.server.log.queue.element-limit = 1024 (custom)
2019-09-24 02:31:42,210 [pool-587-thread-1] INFO  server.RaftServerConfigKeys (ConfUtils.java:logGet(43)) - raft.server.log.segment.size.max = 1048576 (custom)
2019-09-24 02:31:42,210 [pool-587-thread-1] INFO  server.RaftServerConfigKeys (ConfUtils.java:logGet(43)) - raft.server.log.preallocated.size = 16384 (custom)
2019-09-24 02:31:42,211 [pool-587-thread-1] INFO  server.RaftServerConfigKeys (ConfUtils.java:logGet(43)) - raft.server.log.write.buffer.size = 33554432 (custom)
2019-09-24 02:31:42,211 [pool-587-thread-1] INFO  server.RaftServerConfigKeys (ConfUtils.java:logGet(43)) - raft.server.log.force.sync.num = 128 (default)
2019-09-24 02:31:42,211 [pool-587-thread-1] INFO  server.RaftServerConfigKeys (ConfUtils.java:logGet(43)) - raft.server.log.statemachine.data.sync = true (default)
2019-09-24 02:31:42,211 [pool-587-thread-1] INFO  server.RaftServerConfigKeys (ConfUtils.java:logGet(43)) - raft.server.log.statemachine.data.sync.timeout = 10s (default)
2019-09-24 02:31:42,211 [pool-587-thread-1] INFO  server.RaftServerConfigKeys (ConfUtils.java:logGet(43)) - raft.server.log.statemachine.data.sync.timeout.retry = -1 (default)
2019-09-24 02:31:42,211 [pool-587-thread-1] INFO  server.RaftServerConfigKeys (ConfUtils.java:logGet(43)) - raft.server.log.statemachine.data.caching.enabled = true (custom)
2019-09-24 02:31:42,212 [pool-587-thread-1] INFO  segmented.SegmentedRaftLogWorker (SegmentedRaftLogWorker.java:lambda$new$0(132)) - 8eea7e4f-d008-4d85-a505-6e9b586abbfe@group-C6314B63DEEF-SegmentedRaftLogWorker: flushIndex: setUnconditionally 0 -> -1
2019-09-24 02:31:42,212 [pool-587-thread-1] INFO  server.RaftServerConfigKeys (ConfUtils.java:logGet(43)) - raft.server.snapshot.auto.trigger.enabled = true (custom)
2019-09-24 02:31:42,212 [pool-587-thread-1] INFO  server.RaftServerConfigKeys (ConfUtils.java:logGet(43)) - raft.server.snapshot.auto.trigger.threshold = 10000 (custom)
2019-09-24 02:31:42,212 [pool-587-thread-1] INFO  server.RaftServerConfigKeys (ConfUtils.java:logGet(43)) - raft.server.snapshot.retention.num.files = 5 (custom)
2019-09-24 02:31:42,212 [pool-587-thread-1] INFO  server.RaftServerConfigKeys (ConfUtils.java:logGet(43)) - raft.server.retrycache.expirytime = 600000ms (custom)
2019-09-24 02:31:42,214 [pool-587-thread-1] INFO  impl.RaftServerImpl (RaftServerImpl.java:start(185)) - 8eea7e4f-d008-4d85-a505-6e9b586abbfe@group-C6314B63DEEF: start as a follower, conf=-1: [8eea7e4f-d008-4d85-a505-6e9b586abbfe:192.168.151.121:42114], old=null
2019-09-24 02:31:42,214 [pool-587-thread-1] INFO  impl.RaftServerImpl (RaftServerImpl.java:setRole(174)) - 8eea7e4f-d008-4d85-a505-6e9b586abbfe@group-C6314B63DEEF: changes role from      null to FOLLOWER at term 0 for startAsFollower
2019-09-24 02:31:42,214 [pool-587-thread-1] INFO  impl.RoleInfo (RoleInfo.java:updateAndGet(143)) - 8eea7e4f-d008-4d85-a505-6e9b586abbfe: start FollowerState
2019-09-24 02:31:42,215 [pool-587-thread-1] INFO  util.JmxRegister (JmxRegister.java:tryRegister(44)) - Successfully registered JMX Bean with object name Ratis:service=RaftServer,group=group-C6314B63DEEF,id=8eea7e4f-d008-4d85-a505-6e9b586abbfe
2019-09-24 02:31:42,220 [RatisPipelineUtilsThread] INFO  pipeline.PipelineStateManager (PipelineStateManager.java:addPipeline(56)) - Created pipeline Pipeline[ Id: e3179e7f-482c-4bca-a4c8-c6314b63deef, Nodes: 8eea7e4f-d008-4d85-a505-6e9b586abbfe{ip: 192.168.151.121, host: pr-hdds-2162-tjkd5-3209850126, networkLocation: /rack1, certSerialId: null}, Type:RATIS, Factor:ONE, State:OPEN]
2019-09-24 02:31:42,227 [main] INFO  ozone.MiniOzoneClusterImpl (MiniOzoneClusterImpl.java:lambda$waitForClusterToBeReady$0(147)) - Waiting for cluster to be ready. Got 9 of 10 DN Heartbeats.
2019-09-24 02:31:42,228 [IPC Server handler 7 on 45829] INFO  net.NetworkTopology (NetworkTopologyImpl.java:add(111)) - Added a new node: /rack1/4a9a1aaf-f3a8-4fdd-8b2b-1094ba9be8f3
2019-09-24 02:31:42,228 [IPC Server handler 7 on 45829] INFO  node.SCMNodeManager (SCMNodeManager.java:register(266)) - Registered Data node : 4a9a1aaf-f3a8-4fdd-8b2b-1094ba9be8f3{ip: 192.168.151.121, host: pr-hdds-2162-tjkd5-3209850126, networkLocation: /rack1, certSerialId: null}
2019-09-24 02:31:42,229 [grpc-default-executor-2] INFO  impl.RaftServerProxy (RaftServerProxy.java:addNew(89)) - c1e062fb-0f4f-4fe4-a9d2-4bfe6af489a8: addNew group-0E5E712D3A28:[c1e062fb-0f4f-4fe4-a9d2-4bfe6af489a8:192.168.151.121:36311, 8eea7e4f-d008-4d85-a505-6e9b586abbfe:192.168.151.121:42114, a7fc6e90-75b2-4f8f-bf01-6e094d7f48f9:192.168.151.121:34093] returns group-0E5E712D3A28:java.util.concurrent.CompletableFuture@5f6174ec[Not completed]
2019-09-24 02:31:42,229 [grpc-default-executor-0] INFO  impl.RaftServerProxy (RaftServerProxy.java:addNew(89)) - 8eea7e4f-d008-4d85-a505-6e9b586abbfe: addNew group-0E5E712D3A28:[c1e062fb-0f4f-4fe4-a9d2-4bfe6af489a8:192.168.151.121:36311, 8eea7e4f-d008-4d85-a505-6e9b586abbfe:192.168.151.121:42114, a7fc6e90-75b2-4f8f-bf01-6e094d7f48f9:192.168.151.121:34093] returns group-0E5E712D3A28:java.util.concurrent.CompletableFuture@5abaec05[Not completed]
2019-09-24 02:31:42,229 [grpc-default-executor-1] INFO  impl.RaftServerProxy (RaftServerProxy.java:addNew(89)) - a7fc6e90-75b2-4f8f-bf01-6e094d7f48f9: addNew group-0E5E712D3A28:[c1e062fb-0f4f-4fe4-a9d2-4bfe6af489a8:192.168.151.121:36311, 8eea7e4f-d008-4d85-a505-6e9b586abbfe:192.168.151.121:42114, a7fc6e90-75b2-4f8f-bf01-6e094d7f48f9:192.168.151.121:34093] returns group-0E5E712D3A28:java.util.concurrent.CompletableFuture@27d42e48[Not completed]
2019-09-24 02:31:42,230 [pool-577-thread-1] INFO  impl.RaftServerImpl (RaftServerImpl.java:<init>(95)) - a7fc6e90-75b2-4f8f-bf01-6e094d7f48f9: new RaftServerImpl for group-0E5E712D3A28:[c1e062fb-0f4f-4fe4-a9d2-4bfe6af489a8:192.168.151.121:36311, 8eea7e4f-d008-4d85-a505-6e9b586abbfe:192.168.151.121:42114, a7fc6e90-75b2-4f8f-bf01-6e094d7f48f9:192.168.151.121:34093] with ContainerStateMachine:uninitialized
2019-09-24 02:31:42,230 [pool-577-thread-1] INFO  server.RaftServerConfigKeys (ConfUtils.java:logGet(43)) - raft.server.rpc.timeout.min = 1s (custom)
2019-09-24 02:31:42,230 [pool-577-thread-1] INFO  server.RaftServerConfigKeys (ConfUtils.java:logGet(43)) - raft.server.rpc.timeout.max = 1200ms (custom)
2019-09-24 02:31:42,230 [pool-567-thread-1] INFO  impl.RaftServerImpl (RaftServerImpl.java:<init>(95)) - c1e062fb-0f4f-4fe4-a9d2-4bfe6af489a8: new RaftServerImpl for group-0E5E712D3A28:[c1e062fb-0f4f-4fe4-a9d2-4bfe6af489a8:192.168.151.121:36311, 8eea7e4f-d008-4d85-a505-6e9b586abbfe:192.168.151.121:42114, a7fc6e90-75b2-4f8f-bf01-6e094d7f48f9:192.168.151.121:34093] with ContainerStateMachine:uninitialized
2019-09-24 02:31:42,230 [pool-577-thread-1] INFO  server.RaftServerConfigKeys (ConfUtils.java:logGet(43)) - raft.server.rpcslowness.timeout = 120s (custom)
2019-09-24 02:31:42,231 [pool-567-thread-1] INFO  server.RaftServerConfigKeys (ConfUtils.java:logGet(43)) - raft.server.rpc.timeout.min = 1s (custom)
2019-09-24 02:31:42,231 [pool-587-thread-1] INFO  impl.RaftServerImpl (RaftServerImpl.java:<init>(95)) - 8eea7e4f-d008-4d85-a505-6e9b586abbfe: new RaftServerImpl for group-0E5E712D3A28:[c1e062fb-0f4f-4fe4-a9d2-4bfe6af489a8:192.168.151.121:36311, 8eea7e4f-d008-4d85-a505-6e9b586abbfe:192.168.151.121:42114, a7fc6e90-75b2-4f8f-bf01-6e094d7f48f9:192.168.151.121:34093] with ContainerStateMachine:uninitialized
2019-09-24 02:31:42,231 [pool-577-thread-1] INFO  server.RaftServerConfigKeys (ConfUtils.java:logGet(43)) - raft.server.sleep.deviation.threshold = 300 (default)
2019-09-24 02:31:42,231 [pool-587-thread-1] INFO  server.RaftServerConfigKeys (ConfUtils.java:logGet(43)) - raft.server.rpc.timeout.min = 1s (custom)
2019-09-24 02:31:42,231 [pool-567-thread-1] INFO  server.RaftServerConfigKeys (ConfUtils.java:logGet(43)) - raft.server.rpc.timeout.max = 1200ms (custom)
2019-09-24 02:31:42,231 [pool-587-thread-1] INFO  server.RaftServerConfigKeys (ConfUtils.java:logGet(43)) - raft.server.rpc.timeout.max = 1200ms (custom)
2019-09-24 02:31:42,231 [pool-577-thread-1] INFO  server.RaftServerConfigKeys (ConfUtils.java:logGet(43)) - raft.server.log.appender.install.snapshot.enabled = false (custom)
2019-09-24 02:31:42,232 [pool-587-thread-1] INFO  server.RaftServerConfigKeys (ConfUtils.java:logGet(43)) - raft.server.rpcslowness.timeout = 120s (custom)
2019-09-24 02:31:42,231 [pool-567-thread-1] INFO  server.RaftServerConfigKeys (ConfUtils.java:logGet(43)) - raft.server.rpcslowness.timeout = 120s (custom)
2019-09-24 02:31:42,232 [pool-587-thread-1] INFO  server.RaftServerConfigKeys (ConfUtils.java:logGet(43)) - raft.server.sleep.deviation.threshold = 300 (default)
2019-09-24 02:31:42,232 [pool-577-thread-1] INFO  impl.RaftServerImpl (ServerState.java:<init>(103)) - a7fc6e90-75b2-4f8f-bf01-6e094d7f48f9@group-0E5E712D3A28: ConfigurationManager, init=-1: [c1e062fb-0f4f-4fe4-a9d2-4bfe6af489a8:192.168.151.121:36311, 8eea7e4f-d008-4d85-a505-6e9b586abbfe:192.168.151.121:42114, a7fc6e90-75b2-4f8f-bf01-6e094d7f48f9:192.168.151.121:34093], old=null, confs=<EMPTY_MAP>
2019-09-24 02:31:42,232 [pool-587-thread-1] INFO  server.RaftServerConfigKeys (ConfUtils.java:logGet(43)) - raft.server.log.appender.install.snapshot.enabled = false (custom)
2019-09-24 02:31:42,232 [pool-567-thread-1] INFO  server.RaftServerConfigKeys (ConfUtils.java:logGet(43)) - raft.server.sleep.deviation.threshold = 300 (default)
2019-09-24 02:31:42,232 [pool-587-thread-1] INFO  impl.RaftServerImpl (ServerState.java:<init>(103)) - 8eea7e4f-d008-4d85-a505-6e9b586abbfe@group-0E5E712D3A28: ConfigurationManager, init=-1: [c1e062fb-0f4f-4fe4-a9d2-4bfe6af489a8:192.168.151.121:36311, 8eea7e4f-d008-4d85-a505-6e9b586abbfe:192.168.151.121:42114, a7fc6e90-75b2-4f8f-bf01-6e094d7f48f9:192.168.151.121:34093], old=null, confs=<EMPTY_MAP>
2019-09-24 02:31:42,232 [pool-577-thread-1] INFO  server.RaftServerConfigKeys (ConfUtils.java:logGet(43)) - raft.server.storage.dir = [/workdir/hadoop-ozone/integration-test/target/test-dir/MiniOzoneClusterImpl-3bdd15fc-dee8-458b-a154-153c8414505a/datanode-7/data/ratis] (custom)
2019-09-24 02:31:42,233 [pool-587-thread-1] INFO  server.RaftServerConfigKeys (ConfUtils.java:logGet(43)) - raft.server.storage.dir = [/workdir/hadoop-ozone/integration-test/target/test-dir/MiniOzoneClusterImpl-3bdd15fc-dee8-458b-a154-153c8414505a/datanode-8/data/ratis] (custom)
2019-09-24 02:31:42,233 [pool-567-thread-1] INFO  server.RaftServerConfigKeys (ConfUtils.java:logGet(43)) - raft.server.log.appender.install.snapshot.enabled = false (custom)
2019-09-24 02:31:42,233 [pool-577-thread-1] INFO  storage.RaftStorageDirectory (RaftStorageDirectory.java:analyzeStorage(246)) - The storage directory /workdir/hadoop-ozone/integration-test/target/test-dir/MiniOzoneClusterImpl-3bdd15fc-dee8-458b-a154-153c8414505a/datanode-7/data/ratis/223b1ac0-ab1d-4609-8d4c-0e5e712d3a28 does not exist. Creating ...
2019-09-24 02:31:42,233 [pool-567-thread-1] INFO  impl.RaftServerImpl (ServerState.java:<init>(103)) - c1e062fb-0f4f-4fe4-a9d2-4bfe6af489a8@group-0E5E712D3A28: ConfigurationManager, init=-1: [c1e062fb-0f4f-4fe4-a9d2-4bfe6af489a8:192.168.151.121:36311, 8eea7e4f-d008-4d85-a505-6e9b586abbfe:192.168.151.121:42114, a7fc6e90-75b2-4f8f-bf01-6e094d7f48f9:192.168.151.121:34093], old=null, confs=<EMPTY_MAP>
2019-09-24 02:31:42,233 [pool-587-thread-1] INFO  storage.RaftStorageDirectory (RaftStorageDirectory.java:analyzeStorage(246)) - The storage directory /workdir/hadoop-ozone/integration-test/target/test-dir/MiniOzoneClusterImpl-3bdd15fc-dee8-458b-a154-153c8414505a/datanode-8/data/ratis/223b1ac0-ab1d-4609-8d4c-0e5e712d3a28 does not exist. Creating ...
2019-09-24 02:31:42,233 [pool-567-thread-1] INFO  server.RaftServerConfigKeys (ConfUtils.java:logGet(43)) - raft.server.storage.dir = [/workdir/hadoop-ozone/integration-test/target/test-dir/MiniOzoneClusterImpl-3bdd15fc-dee8-458b-a154-153c8414505a/datanode-6/data/ratis] (custom)
2019-09-24 02:31:42,234 [pool-567-thread-1] INFO  storage.RaftStorageDirectory (RaftStorageDirectory.java:analyzeStorage(246)) - The storage directory /workdir/hadoop-ozone/integration-test/target/test-dir/MiniOzoneClusterImpl-3bdd15fc-dee8-458b-a154-153c8414505a/datanode-6/data/ratis/223b1ac0-ab1d-4609-8d4c-0e5e712d3a28 does not exist. Creating ...
2019-09-24 02:31:42,247 [pool-567-thread-1] INFO  storage.RaftStorageDirectory (RaftStorageDirectory.java:tryLock(328)) - Lock on /workdir/hadoop-ozone/integration-test/target/test-dir/MiniOzoneClusterImpl-3bdd15fc-dee8-458b-a154-153c8414505a/datanode-6/data/ratis/223b1ac0-ab1d-4609-8d4c-0e5e712d3a28/in_use.lock acquired by nodename 30927@pr-hdds-2162-tjkd5-3209850126
2019-09-24 02:31:42,247 [pool-577-thread-1] INFO  storage.RaftStorageDirectory (RaftStorageDirectory.java:tryLock(328)) - Lock on /workdir/hadoop-ozone/integration-test/target/test-dir/MiniOzoneClusterImpl-3bdd15fc-dee8-458b-a154-153c8414505a/datanode-7/data/ratis/223b1ac0-ab1d-4609-8d4c-0e5e712d3a28/in_use.lock acquired by nodename 30927@pr-hdds-2162-tjkd5-3209850126
2019-09-24 02:31:42,247 [pool-587-thread-1] INFO  storage.RaftStorageDirectory (RaftStorageDirectory.java:tryLock(328)) - Lock on /workdir/hadoop-ozone/integration-test/target/test-dir/MiniOzoneClusterImpl-3bdd15fc-dee8-458b-a154-153c8414505a/datanode-8/data/ratis/223b1ac0-ab1d-4609-8d4c-0e5e712d3a28/in_use.lock acquired by nodename 30927@pr-hdds-2162-tjkd5-3209850126
2019-09-24 02:31:42,265 [pool-567-thread-1] INFO  storage.RaftStorage (RaftStorage.java:format(72)) - Storage directory /workdir/hadoop-ozone/integration-test/target/test-dir/MiniOzoneClusterImpl-3bdd15fc-dee8-458b-a154-153c8414505a/datanode-6/data/ratis/223b1ac0-ab1d-4609-8d4c-0e5e712d3a28 has been successfully formatted.
2019-09-24 02:31:42,266 [pool-587-thread-1] INFO  storage.RaftStorage (RaftStorage.java:format(72)) - Storage directory /workdir/hadoop-ozone/integration-test/target/test-dir/MiniOzoneClusterImpl-3bdd15fc-dee8-458b-a154-153c8414505a/datanode-8/data/ratis/223b1ac0-ab1d-4609-8d4c-0e5e712d3a28 has been successfully formatted.
2019-09-24 02:31:42,266 [pool-577-thread-1] INFO  storage.RaftStorage (RaftStorage.java:format(72)) - Storage directory /workdir/hadoop-ozone/integration-test/target/test-dir/MiniOzoneClusterImpl-3bdd15fc-dee8-458b-a154-153c8414505a/datanode-7/data/ratis/223b1ac0-ab1d-4609-8d4c-0e5e712d3a28 has been successfully formatted.
2019-09-24 02:31:42,266 [pool-587-thread-1] INFO  ratis.ContainerStateMachine (ContainerStateMachine.java:loadSnapshot(230)) - group-0E5E712D3A28: The snapshot info is null. Setting the last applied indexto:(t:0, i:~)
2019-09-24 02:31:42,266 [pool-567-thread-1] INFO  ratis.ContainerStateMachine (ContainerStateMachine.java:loadSnapshot(230)) - group-0E5E712D3A28: The snapshot info is null. Setting the last applied indexto:(t:0, i:~)
2019-09-24 02:31:42,266 [pool-587-thread-1] INFO  server.RaftServerConfigKeys (ConfUtils.java:logGet(43)) - raft.server.notification.no-leader.timeout = 120s (custom)
2019-09-24 02:31:42,266 [pool-587-thread-1] INFO  server.RaftServerConfigKeys (ConfUtils.java:logGet(43)) - raft.server.log.use.memory = false (default)
2019-09-24 02:31:42,266 [pool-577-thread-1] INFO  ratis.ContainerStateMachine (ContainerStateMachine.java:loadSnapshot(230)) - group-0E5E712D3A28: The snapshot info is null. Setting the last applied indexto:(t:0, i:~)
2019-09-24 02:31:42,267 [pool-587-thread-1] INFO  server.RaftServerConfigKeys (ConfUtils.java:logGet(43)) - raft.server.log.purge.gap = 1000000 (custom)
2019-09-24 02:31:42,267 [pool-587-thread-1] INFO  server.RaftServerConfigKeys (ConfUtils.java:logGet(43)) - raft.server.log.appender.buffer.byte-limit = 33554432 (custom)
2019-09-24 02:31:42,266 [pool-567-thread-1] INFO  server.RaftServerConfigKeys (ConfUtils.java:logGet(43)) - raft.server.notification.no-leader.timeout = 120s (custom)
2019-09-24 02:31:42,267 [pool-587-thread-1] INFO  server.RaftServerConfigKeys (ConfUtils.java:logGet(43)) - raft.server.log.segment.size.max = 1048576 (custom)
2019-09-24 02:31:42,267 [pool-577-thread-1] INFO  server.RaftServerConfigKeys (ConfUtils.java:logGet(43)) - raft.server.notification.no-leader.timeout = 120s (custom)
2019-09-24 02:31:42,267 [pool-587-thread-1] INFO  server.RaftServerConfigKeys (ConfUtils.java:logGet(43)) - raft.server.log.segment.cache.num.max = 2 (custom)
2019-09-24 02:31:42,267 [pool-567-thread-1] INFO  server.RaftServerConfigKeys (ConfUtils.java:logGet(43)) - raft.server.log.use.memory = false (default)
2019-09-24 02:31:42,268 [pool-587-thread-1] INFO  segmented.SegmentedRaftLogWorker (SegmentedRaftLogWorker.java:<init>(172)) - new 8eea7e4f-d008-4d85-a505-6e9b586abbfe@group-0E5E712D3A28-SegmentedRaftLogWorker for RaftStorage:Storage Directory /workdir/hadoop-ozone/integration-test/target/test-dir/MiniOzoneClusterImpl-3bdd15fc-dee8-458b-a154-153c8414505a/datanode-8/data/ratis/223b1ac0-ab1d-4609-8d4c-0e5e712d3a28
2019-09-24 02:31:42,267 [pool-577-thread-1] INFO  server.RaftServerConfigKeys (ConfUtils.java:logGet(43)) - raft.server.log.use.memory = false (default)
2019-09-24 02:31:42,268 [pool-587-thread-1] INFO  server.RaftServerConfigKeys (ConfUtils.java:logGet(43)) - raft.server.log.queue.byte-limit = 2147483647 (custom)
2019-09-24 02:31:42,268 [pool-567-thread-1] INFO  server.RaftServerConfigKeys (ConfUtils.java:logGet(43)) - raft.server.log.purge.gap = 1000000 (custom)
2019-09-24 02:31:42,268 [pool-587-thread-1] INFO  server.RaftServerConfigKeys (ConfUtils.java:logGet(43)) - raft.server.log.queue.element-limit = 1024 (custom)
2019-09-24 02:31:42,268 [pool-587-thread-1] INFO  server.RaftServerConfigKeys (ConfUtils.java:logGet(43)) - raft.server.log.segment.size.max = 1048576 (custom)
2019-09-24 02:31:42,268 [pool-577-thread-1] INFO  server.RaftServerConfigKeys (ConfUtils.java:logGet(43)) - raft.server.log.purge.gap = 1000000 (custom)
2019-09-24 02:31:42,269 [pool-587-thread-1] INFO  server.RaftServerConfigKeys (ConfUtils.java:logGet(43)) - raft.server.log.preallocated.size = 16384 (custom)
2019-09-24 02:31:42,268 [pool-567-thread-1] INFO  server.RaftServerConfigKeys (ConfUtils.java:logGet(43)) - raft.server.log.appender.buffer.byte-limit = 33554432 (custom)
2019-09-24 02:31:42,269 [pool-587-thread-1] INFO  server.RaftServerConfigKeys (ConfUtils.java:logGet(43)) - raft.server.log.write.buffer.size = 33554432 (custom)
2019-09-24 02:31:42,269 [pool-577-thread-1] INFO  server.RaftServerConfigKeys (ConfUtils.java:logGet(43)) - raft.server.log.appender.buffer.byte-limit = 33554432 (custom)
2019-09-24 02:31:42,269 [pool-587-thread-1] INFO  server.RaftServerConfigKeys (ConfUtils.java:logGet(43)) - raft.server.log.force.sync.num = 128 (default)
2019-09-24 02:31:42,269 [pool-587-thread-1] INFO  server.RaftServerConfigKeys (ConfUtils.java:logGet(43)) - raft.server.log.statemachine.data.sync = true (default)
2019-09-24 02:31:42,269 [pool-567-thread-1] INFO  server.RaftServerConfigKeys (ConfUtils.java:logGet(43)) - raft.server.log.segment.size.max = 1048576 (custom)
2019-09-24 02:31:42,270 [pool-587-thread-1] INFO  server.RaftServerConfigKeys (ConfUtils.java:logGet(43)) - raft.server.log.statemachine.data.sync.timeout = 10s (default)
2019-09-24 02:31:42,270 [pool-587-thread-1] INFO  server.RaftServerConfigKeys (ConfUtils.java:logGet(43)) - raft.server.log.statemachine.data.sync.timeout.retry = -1 (default)
2019-09-24 02:31:42,269 [pool-577-thread-1] INFO  server.RaftServerConfigKeys (ConfUtils.java:logGet(43)) - raft.server.log.segment.size.max = 1048576 (custom)
2019-09-24 02:31:42,270 [pool-587-thread-1] INFO  server.RaftServerConfigKeys (ConfUtils.java:logGet(43)) - raft.server.log.statemachine.data.caching.enabled = true (custom)
2019-09-24 02:31:42,270 [pool-567-thread-1] INFO  server.RaftServerConfigKeys (ConfUtils.java:logGet(43)) - raft.server.log.segment.cache.num.max = 2 (custom)
2019-09-24 02:31:42,270 [pool-587-thread-1] INFO  segmented.SegmentedRaftLogWorker (SegmentedRaftLogWorker.java:lambda$new$0(132)) - 8eea7e4f-d008-4d85-a505-6e9b586abbfe@group-0E5E712D3A28-SegmentedRaftLogWorker: flushIndex: setUnconditionally 0 -> -1
2019-09-24 02:31:42,270 [pool-577-thread-1] INFO  server.RaftServerConfigKeys (ConfUtils.java:logGet(43)) - raft.server.log.segment.cache.num.max = 2 (custom)
2019-09-24 02:31:42,270 [pool-567-thread-1] INFO  segmented.SegmentedRaftLogWorker (SegmentedRaftLogWorker.java:<init>(172)) - new c1e062fb-0f4f-4fe4-a9d2-4bfe6af489a8@group-0E5E712D3A28-SegmentedRaftLogWorker for RaftStorage:Storage Directory /workdir/hadoop-ozone/integration-test/target/test-dir/MiniOzoneClusterImpl-3bdd15fc-dee8-458b-a154-153c8414505a/datanode-6/data/ratis/223b1ac0-ab1d-4609-8d4c-0e5e712d3a28
2019-09-24 02:31:42,271 [pool-587-thread-1] INFO  server.RaftServerConfigKeys (ConfUtils.java:logGet(43)) - raft.server.snapshot.auto.trigger.enabled = true (custom)
2019-09-24 02:31:42,271 [pool-577-thread-1] INFO  segmented.SegmentedRaftLogWorker (SegmentedRaftLogWorker.java:<init>(172)) - new a7fc6e90-75b2-4f8f-bf01-6e094d7f48f9@group-0E5E712D3A28-SegmentedRaftLogWorker for RaftStorage:Storage Directory /workdir/hadoop-ozone/integration-test/target/test-dir/MiniOzoneClusterImpl-3bdd15fc-dee8-458b-a154-153c8414505a/datanode-7/data/ratis/223b1ac0-ab1d-4609-8d4c-0e5e712d3a28
2019-09-24 02:31:42,271 [pool-587-thread-1] INFO  server.RaftServerConfigKeys (ConfUtils.java:logGet(43)) - raft.server.snapshot.auto.trigger.threshold = 10000 (custom)
2019-09-24 02:31:42,271 [pool-587-thread-1] INFO  server.RaftServerConfigKeys (ConfUtils.java:logGet(43)) - raft.server.snapshot.retention.num.files = 5 (custom)
2019-09-24 02:31:42,271 [pool-567-thread-1] INFO  server.RaftServerConfigKeys (ConfUtils.java:logGet(43)) - raft.server.log.queue.byte-limit = 2147483647 (custom)
2019-09-24 02:31:42,271 [pool-587-thread-1] INFO  server.RaftServerConfigKeys (ConfUtils.java:logGet(43)) - raft.server.retrycache.expirytime = 600000ms (custom)
2019-09-24 02:31:42,271 [pool-577-thread-1] INFO  server.RaftServerConfigKeys (ConfUtils.java:logGet(43)) - raft.server.log.queue.byte-limit = 2147483647 (custom)
2019-09-24 02:31:42,272 [pool-567-thread-1] INFO  server.RaftServerConfigKeys (ConfUtils.java:logGet(43)) - raft.server.log.queue.element-limit = 1024 (custom)
2019-09-24 02:31:42,272 [pool-577-thread-1] INFO  server.RaftServerConfigKeys (ConfUtils.java:logGet(43)) - raft.server.log.queue.element-limit = 1024 (custom)
2019-09-24 02:31:42,272 [pool-567-thread-1] INFO  server.RaftServerConfigKeys (ConfUtils.java:logGet(43)) - raft.server.log.segment.size.max = 1048576 (custom)
2019-09-24 02:31:42,272 [pool-577-thread-1] INFO  server.RaftServerConfigKeys (ConfUtils.java:logGet(43)) - raft.server.log.segment.size.max = 1048576 (custom)
2019-09-24 02:31:42,272 [pool-567-thread-1] INFO  server.RaftServerConfigKeys (ConfUtils.java:logGet(43)) - raft.server.log.preallocated.size = 16384 (custom)
2019-09-24 02:31:42,272 [pool-577-thread-1] INFO  server.RaftServerConfigKeys (ConfUtils.java:logGet(43)) - raft.server.log.preallocated.size = 16384 (custom)
2019-09-24 02:31:42,273 [pool-567-thread-1] INFO  server.RaftServerConfigKeys (ConfUtils.java:logGet(43)) - raft.server.log.write.buffer.size = 33554432 (custom)
2019-09-24 02:31:42,273 [pool-577-thread-1] INFO  server.RaftServerConfigKeys (ConfUtils.java:logGet(43)) - raft.server.log.write.buffer.size = 33554432 (custom)
2019-09-24 02:31:42,273 [pool-567-thread-1] INFO  server.RaftServerConfigKeys (ConfUtils.java:logGet(43)) - raft.server.log.force.sync.num = 128 (default)
2019-09-24 02:31:42,273 [pool-577-thread-1] INFO  server.RaftServerConfigKeys (ConfUtils.java:logGet(43)) - raft.server.log.force.sync.num = 128 (default)
2019-09-24 02:31:42,273 [pool-567-thread-1] INFO  server.RaftServerConfigKeys (ConfUtils.java:logGet(43)) - raft.server.log.statemachine.data.sync = true (default)
2019-09-24 02:31:42,273 [pool-587-thread-1] INFO  impl.RaftServerImpl (RaftServerImpl.java:start(185)) - 8eea7e4f-d008-4d85-a505-6e9b586abbfe@group-0E5E712D3A28: start as a follower, conf=-1: [c1e062fb-0f4f-4fe4-a9d2-4bfe6af489a8:192.168.151.121:36311, 8eea7e4f-d008-4d85-a505-6e9b586abbfe:192.168.151.121:42114, a7fc6e90-75b2-4f8f-bf01-6e094d7f48f9:192.168.151.121:34093], old=null
2019-09-24 02:31:42,273 [pool-577-thread-1] INFO  server.RaftServerConfigKeys (ConfUtils.java:logGet(43)) - raft.server.log.statemachine.data.sync = true (default)
2019-09-24 02:31:42,273 [pool-587-thread-1] INFO  impl.RaftServerImpl (RaftServerImpl.java:setRole(174)) - 8eea7e4f-d008-4d85-a505-6e9b586abbfe@group-0E5E712D3A28: changes role from      null to FOLLOWER at term 0 for startAsFollower
2019-09-24 02:31:42,273 [pool-567-thread-1] INFO  server.RaftServerConfigKeys (ConfUtils.java:logGet(43)) - raft.server.log.statemachine.data.sync.timeout = 10s (default)
2019-09-24 02:31:42,274 [pool-587-thread-1] INFO  impl.RoleInfo (RoleInfo.java:updateAndGet(143)) - 8eea7e4f-d008-4d85-a505-6e9b586abbfe: start FollowerState
2019-09-24 02:31:42,274 [pool-577-thread-1] INFO  server.RaftServerConfigKeys (ConfUtils.java:logGet(43)) - raft.server.log.statemachine.data.sync.timeout = 10s (default)
2019-09-24 02:31:42,274 [pool-567-thread-1] INFO  server.RaftServerConfigKeys (ConfUtils.java:logGet(43)) - raft.server.log.statemachine.data.sync.timeout.retry = -1 (default)
2019-09-24 02:31:42,274 [pool-587-thread-1] INFO  util.JmxRegister (JmxRegister.java:tryRegister(44)) - Successfully registered JMX Bean with object name Ratis:service=RaftServer,group=group-0E5E712D3A28,id=8eea7e4f-d008-4d85-a505-6e9b586abbfe
2019-09-24 02:31:42,274 [pool-577-thread-1] INFO  server.RaftServerConfigKeys (ConfUtils.java:logGet(43)) - raft.server.log.statemachine.data.sync.timeout.retry = -1 (default)
2019-09-24 02:31:42,274 [pool-567-thread-1] INFO  server.RaftServerConfigKeys (ConfUtils.java:logGet(43)) - raft.server.log.statemachine.data.caching.enabled = true (custom)
2019-09-24 02:31:42,275 [pool-577-thread-1] INFO  server.RaftServerConfigKeys (ConfUtils.java:logGet(43)) - raft.server.log.statemachine.data.caching.enabled = true (custom)
2019-09-24 02:31:42,275 [pool-567-thread-1] INFO  segmented.SegmentedRaftLogWorker (SegmentedRaftLogWorker.java:lambda$new$0(132)) - c1e062fb-0f4f-4fe4-a9d2-4bfe6af489a8@group-0E5E712D3A28-SegmentedRaftLogWorker: flushIndex: setUnconditionally 0 -> -1
2019-09-24 02:31:42,275 [pool-577-thread-1] INFO  segmented.SegmentedRaftLogWorker (SegmentedRaftLogWorker.java:lambda$new$0(132)) - a7fc6e90-75b2-4f8f-bf01-6e094d7f48f9@group-0E5E712D3A28-SegmentedRaftLogWorker: flushIndex: setUnconditionally 0 -> -1
2019-09-24 02:31:42,275 [pool-567-thread-1] INFO  server.RaftServerConfigKeys (ConfUtils.java:logGet(43)) - raft.server.snapshot.auto.trigger.enabled = true (custom)
2019-09-24 02:31:42,275 [pool-567-thread-1] INFO  server.RaftServerConfigKeys (ConfUtils.java:logGet(43)) - raft.server.snapshot.auto.trigger.threshold = 10000 (custom)
2019-09-24 02:31:42,280 [pool-567-thread-1] INFO  server.RaftServerConfigKeys (ConfUtils.java:logGet(43)) - raft.server.snapshot.retention.num.files = 5 (custom)
2019-09-24 02:31:42,275 [pool-577-thread-1] INFO  server.RaftServerConfigKeys (ConfUtils.java:logGet(43)) - raft.server.snapshot.auto.trigger.enabled = true (custom)
2019-09-24 02:31:42,280 [pool-567-thread-1] INFO  server.RaftServerConfigKeys (ConfUtils.java:logGet(43)) - raft.server.retrycache.expirytime = 600000ms (custom)
2019-09-24 02:31:42,280 [pool-577-thread-1] INFO  server.RaftServerConfigKeys (ConfUtils.java:logGet(43)) - raft.server.snapshot.auto.trigger.threshold = 10000 (custom)
2019-09-24 02:31:42,280 [pool-577-thread-1] INFO  server.RaftServerConfigKeys (ConfUtils.java:logGet(43)) - raft.server.snapshot.retention.num.files = 5 (custom)
2019-09-24 02:31:42,280 [pool-577-thread-1] INFO  server.RaftServerConfigKeys (ConfUtils.java:logGet(43)) - raft.server.retrycache.expirytime = 600000ms (custom)
2019-09-24 02:31:42,282 [pool-567-thread-1] INFO  impl.RaftServerImpl (RaftServerImpl.java:start(185)) - c1e062fb-0f4f-4fe4-a9d2-4bfe6af489a8@group-0E5E712D3A28: start as a follower, conf=-1: [c1e062fb-0f4f-4fe4-a9d2-4bfe6af489a8:192.168.151.121:36311, 8eea7e4f-d008-4d85-a505-6e9b586abbfe:192.168.151.121:42114, a7fc6e90-75b2-4f8f-bf01-6e094d7f48f9:192.168.151.121:34093], old=null
2019-09-24 02:31:42,282 [pool-567-thread-1] INFO  impl.RaftServerImpl (RaftServerImpl.java:setRole(174)) - c1e062fb-0f4f-4fe4-a9d2-4bfe6af489a8@group-0E5E712D3A28: changes role from      null to FOLLOWER at term 0 for startAsFollower
2019-09-24 02:31:42,282 [pool-567-thread-1] INFO  impl.RoleInfo (RoleInfo.java:updateAndGet(143)) - c1e062fb-0f4f-4fe4-a9d2-4bfe6af489a8: start FollowerState
2019-09-24 02:31:42,282 [pool-577-thread-1] INFO  impl.RaftServerImpl (RaftServerImpl.java:start(185)) - a7fc6e90-75b2-4f8f-bf01-6e094d7f48f9@group-0E5E712D3A28: start as a follower, conf=-1: [c1e062fb-0f4f-4fe4-a9d2-4bfe6af489a8:192.168.151.121:36311, 8eea7e4f-d008-4d85-a505-6e9b586abbfe:192.168.151.121:42114, a7fc6e90-75b2-4f8f-bf01-6e094d7f48f9:192.168.151.121:34093], old=null
2019-09-24 02:31:42,282 [pool-577-thread-1] INFO  impl.RaftServerImpl (RaftServerImpl.java:setRole(174)) - a7fc6e90-75b2-4f8f-bf01-6e094d7f48f9@group-0E5E712D3A28: changes role from      null to FOLLOWER at term 0 for startAsFollower
2019-09-24 02:31:42,283 [pool-567-thread-1] INFO  util.JmxRegister (JmxRegister.java:tryRegister(44)) - Successfully registered JMX Bean with object name Ratis:service=RaftServer,group=group-0E5E712D3A28,id=c1e062fb-0f4f-4fe4-a9d2-4bfe6af489a8
2019-09-24 02:31:42,283 [pool-577-thread-1] INFO  impl.RoleInfo (RoleInfo.java:updateAndGet(143)) - a7fc6e90-75b2-4f8f-bf01-6e094d7f48f9: start FollowerState
2019-09-24 02:31:42,283 [pool-577-thread-1] INFO  util.JmxRegister (JmxRegister.java:tryRegister(44)) - Successfully registered JMX Bean with object name Ratis:service=RaftServer,group=group-0E5E712D3A28,id=a7fc6e90-75b2-4f8f-bf01-6e094d7f48f9
2019-09-24 02:31:42,292 [RatisPipelineUtilsThread] INFO  pipeline.PipelineStateManager (PipelineStateManager.java:addPipeline(56)) - Created pipeline Pipeline[ Id: 223b1ac0-ab1d-4609-8d4c-0e5e712d3a28, Nodes: c1e062fb-0f4f-4fe4-a9d2-4bfe6af489a8{ip: 192.168.151.121, host: pr-hdds-2162-tjkd5-3209850126, networkLocation: /rack1, certSerialId: null}8eea7e4f-d008-4d85-a505-6e9b586abbfe{ip: 192.168.151.121, host: pr-hdds-2162-tjkd5-3209850126, networkLocation: /rack1, certSerialId: null}a7fc6e90-75b2-4f8f-bf01-6e094d7f48f9{ip: 192.168.151.121, host: pr-hdds-2162-tjkd5-3209850126, networkLocation: /rack1, certSerialId: null}, Type:RATIS, Factor:THREE, State:OPEN]
2019-09-24 02:31:42,471 [Thread-7956] INFO  impl.FollowerState (FollowerState.java:run(106)) - 91e2a5f7-65a0-4f99-9d0a-256bd4104c43:group-932B1F3D5362 changes to CANDIDATE, lastRpcTime:1083, electionTimeout:1083ms
2019-09-24 02:31:42,472 [Thread-7956] INFO  impl.RoleInfo (RoleInfo.java:shutdownFollowerState(121)) - 91e2a5f7-65a0-4f99-9d0a-256bd4104c43: shutdown FollowerState
2019-09-24 02:31:42,472 [Thread-7956] INFO  impl.RaftServerImpl (RaftServerImpl.java:setRole(174)) - 91e2a5f7-65a0-4f99-9d0a-256bd4104c43@group-932B1F3D5362: changes role from  FOLLOWER to CANDIDATE at term 0 for changeToCandidate
2019-09-24 02:31:42,472 [Thread-7956] INFO  impl.RoleInfo (RoleInfo.java:updateAndGet(143)) - 91e2a5f7-65a0-4f99-9d0a-256bd4104c43: start LeaderElection
2019-09-24 02:31:42,521 [91e2a5f7-65a0-4f99-9d0a-256bd4104c43@group-932B1F3D5362:LeaderElection102] INFO  impl.LeaderElection (LeaderElection.java:askForVotes(182)) - 91e2a5f7-65a0-4f99-9d0a-256bd4104c43@group-932B1F3D5362:LeaderElection102: begin an election at term 1 for -1: [91e2a5f7-65a0-4f99-9d0a-256bd4104c43:192.168.151.121:38948], old=null
2019-09-24 02:31:42,524 [91e2a5f7-65a0-4f99-9d0a-256bd4104c43@group-932B1F3D5362:LeaderElection102] INFO  impl.RoleInfo (RoleInfo.java:shutdownLeaderElection(134)) - 91e2a5f7-65a0-4f99-9d0a-256bd4104c43: shutdown LeaderElection
2019-09-24 02:31:42,524 [91e2a5f7-65a0-4f99-9d0a-256bd4104c43@group-932B1F3D5362:LeaderElection102] INFO  impl.RaftServerImpl (RaftServerImpl.java:setRole(174)) - 91e2a5f7-65a0-4f99-9d0a-256bd4104c43@group-932B1F3D5362: changes role from CANDIDATE to LEADER at term 1 for changeToLeader
2019-09-24 02:31:42,524 [91e2a5f7-65a0-4f99-9d0a-256bd4104c43@group-932B1F3D5362:LeaderElection102] INFO  impl.RaftServerImpl (ServerState.java:setLeader(253)) - 91e2a5f7-65a0-4f99-9d0a-256bd4104c43@group-932B1F3D5362: change Leader from null to 91e2a5f7-65a0-4f99-9d0a-256bd4104c43 at term 1 for becomeLeader, leader elected after 1143ms
2019-09-24 02:31:42,525 [91e2a5f7-65a0-4f99-9d0a-256bd4104c43@group-932B1F3D5362:LeaderElection102] INFO  server.RaftServerConfigKeys (ConfUtils.java:logGet(43)) - raft.server.staging.catchup.gap = 1000 (default)
2019-09-24 02:31:42,525 [91e2a5f7-65a0-4f99-9d0a-256bd4104c43@group-932B1F3D5362:LeaderElection102] INFO  server.RaftServerConfigKeys (ConfUtils.java:logGet(43)) - raft.server.rpc.sleep.time = 25ms (default)
2019-09-24 02:31:42,525 [91e2a5f7-65a0-4f99-9d0a-256bd4104c43@group-932B1F3D5362:LeaderElection102] INFO  server.RaftServerConfigKeys (ConfUtils.java:logGet(43)) - raft.server.write.element-limit = 4096 (default)
2019-09-24 02:31:42,525 [91e2a5f7-65a0-4f99-9d0a-256bd4104c43@group-932B1F3D5362:LeaderElection102] INFO  server.RaftServerConfigKeys (ConfUtils.java:logGet(43)) - raft.server.watch.timeout = 10s (default)
2019-09-24 02:31:42,526 [91e2a5f7-65a0-4f99-9d0a-256bd4104c43@group-932B1F3D5362:LeaderElection102] INFO  server.RaftServerConfigKeys (ConfUtils.java:logGet(43)) - raft.server.watch.timeout.denomination = 1s (default)
2019-09-24 02:31:42,526 [91e2a5f7-65a0-4f99-9d0a-256bd4104c43@group-932B1F3D5362:LeaderElection102] INFO  server.RaftServerConfigKeys (ConfUtils.java:logGet(43)) - raft.server.watch.element-limit = 65536 (default)
2019-09-24 02:31:42,528 [91e2a5f7-65a0-4f99-9d0a-256bd4104c43@group-932B1F3D5362:LeaderElection102] INFO  impl.RoleInfo (RoleInfo.java:updateAndGet(143)) - 91e2a5f7-65a0-4f99-9d0a-256bd4104c43: start LeaderState
2019-09-24 02:31:42,528 [91e2a5f7-65a0-4f99-9d0a-256bd4104c43@group-932B1F3D5362:LeaderElection102] INFO  segmented.SegmentedRaftLogWorker (SegmentedRaftLogWorker.java:startLogSegment(380)) - 91e2a5f7-65a0-4f99-9d0a-256bd4104c43@group-932B1F3D5362-SegmentedRaftLogWorker: Starting segment from index:0
2019-09-24 02:31:42,529 [91e2a5f7-65a0-4f99-9d0a-256bd4104c43@group-932B1F3D5362:LeaderElection102] INFO  impl.RaftServerImpl (ServerState.java:setRaftConf(354)) - 91e2a5f7-65a0-4f99-9d0a-256bd4104c43@group-932B1F3D5362: set configuration 0: [91e2a5f7-65a0-4f99-9d0a-256bd4104c43:192.168.151.121:38948], old=null at 0
2019-09-24 02:31:42,590 [91e2a5f7-65a0-4f99-9d0a-256bd4104c43@group-932B1F3D5362-SegmentedRaftLogWorker] INFO  segmented.SegmentedRaftLogWorker (SegmentedRaftLogWorker.java:execute(569)) - 91e2a5f7-65a0-4f99-9d0a-256bd4104c43@group-932B1F3D5362-SegmentedRaftLogWorker: created new log segment /workdir/hadoop-ozone/integration-test/target/test-dir/MiniOzoneClusterImpl-3bdd15fc-dee8-458b-a154-153c8414505a/datanode-0/data/ratis/50664480-2686-4611-9090-932b1f3d5362/current/log_inprogress_0
2019-09-24 02:31:42,640 [Thread-7966] INFO  impl.FollowerState (FollowerState.java:run(106)) - 9d97adb7-296c-40d2-b831-3db9b0cbdbf9:group-CED085F05024 changes to CANDIDATE, lastRpcTime:1045, electionTimeout:1045ms
2019-09-24 02:31:42,640 [Thread-7966] INFO  impl.RoleInfo (RoleInfo.java:shutdownFollowerState(121)) - 9d97adb7-296c-40d2-b831-3db9b0cbdbf9: shutdown FollowerState
2019-09-24 02:31:42,640 [Thread-7966] INFO  impl.RaftServerImpl (RaftServerImpl.java:setRole(174)) - 9d97adb7-296c-40d2-b831-3db9b0cbdbf9@group-CED085F05024: changes role from  FOLLOWER to CANDIDATE at term 0 for changeToCandidate
2019-09-24 02:31:42,641 [Thread-7966] INFO  impl.RoleInfo (RoleInfo.java:updateAndGet(143)) - 9d97adb7-296c-40d2-b831-3db9b0cbdbf9: start LeaderElection
2019-09-24 02:31:42,651 [9d97adb7-296c-40d2-b831-3db9b0cbdbf9@group-CED085F05024:LeaderElection103] INFO  impl.LeaderElection (LeaderElection.java:askForVotes(182)) - 9d97adb7-296c-40d2-b831-3db9b0cbdbf9@group-CED085F05024:LeaderElection103: begin an election at term 1 for -1: [556942d2-91e9-4f35-a4d7-9eaff3fbfacc:192.168.151.121:46023, 91e2a5f7-65a0-4f99-9d0a-256bd4104c43:192.168.151.121:38948, 9d97adb7-296c-40d2-b831-3db9b0cbdbf9:192.168.151.121:34687], old=null
2019-09-24 02:31:42,656 [grpc-default-executor-0] INFO  impl.RaftServerImpl (RaftServerImpl.java:setRole(174)) - 91e2a5f7-65a0-4f99-9d0a-256bd4104c43@group-CED085F05024: changes role from  FOLLOWER to FOLLOWER at term 1 for recognizeCandidate:9d97adb7-296c-40d2-b831-3db9b0cbdbf9
2019-09-24 02:31:42,656 [grpc-default-executor-1] INFO  impl.RaftServerImpl (RaftServerImpl.java:setRole(174)) - 556942d2-91e9-4f35-a4d7-9eaff3fbfacc@group-CED085F05024: changes role from  FOLLOWER to FOLLOWER at term 1 for recognizeCandidate:9d97adb7-296c-40d2-b831-3db9b0cbdbf9
2019-09-24 02:31:42,657 [grpc-default-executor-0] INFO  impl.RoleInfo (RoleInfo.java:shutdownFollowerState(121)) - 91e2a5f7-65a0-4f99-9d0a-256bd4104c43: shutdown FollowerState
2019-09-24 02:31:42,657 [grpc-default-executor-1] INFO  impl.RoleInfo (RoleInfo.java:shutdownFollowerState(121)) - 556942d2-91e9-4f35-a4d7-9eaff3fbfacc: shutdown FollowerState
2019-09-24 02:31:42,657 [grpc-default-executor-0] INFO  impl.RoleInfo (RoleInfo.java:updateAndGet(143)) - 91e2a5f7-65a0-4f99-9d0a-256bd4104c43: start FollowerState
2019-09-24 02:31:42,657 [grpc-default-executor-1] INFO  impl.RoleInfo (RoleInfo.java:updateAndGet(143)) - 556942d2-91e9-4f35-a4d7-9eaff3fbfacc: start FollowerState
2019-09-24 02:31:42,657 [Thread-7971] INFO  impl.FollowerState (FollowerState.java:run(115)) - 91e2a5f7-65a0-4f99-9d0a-256bd4104c43: FollowerState was interrupted: java.lang.InterruptedException: sleep interrupted
2019-09-24 02:31:42,658 [Thread-7969] INFO  impl.FollowerState (FollowerState.java:run(115)) - 556942d2-91e9-4f35-a4d7-9eaff3fbfacc: FollowerState was interrupted: java.lang.InterruptedException: sleep interrupted
2019-09-24 02:31:42,662 [Thread-7959] INFO  impl.FollowerState (FollowerState.java:run(106)) - 9d97adb7-296c-40d2-b831-3db9b0cbdbf9:group-B718B0C618A3 changes to CANDIDATE, lastRpcTime:1184, electionTimeout:1184ms
2019-09-24 02:31:42,663 [Thread-7959] INFO  impl.RoleInfo (RoleInfo.java:shutdownFollowerState(121)) - 9d97adb7-296c-40d2-b831-3db9b0cbdbf9: shutdown FollowerState
2019-09-24 02:31:42,663 [Thread-7959] INFO  impl.RaftServerImpl (RaftServerImpl.java:setRole(174)) - 9d97adb7-296c-40d2-b831-3db9b0cbdbf9@group-B718B0C618A3: changes role from  FOLLOWER to CANDIDATE at term 0 for changeToCandidate
2019-09-24 02:31:42,663 [Thread-7959] INFO  impl.RoleInfo (RoleInfo.java:updateAndGet(143)) - 9d97adb7-296c-40d2-b831-3db9b0cbdbf9: start LeaderElection
2019-09-24 02:31:42,686 [9d97adb7-296c-40d2-b831-3db9b0cbdbf9@group-B718B0C618A3:LeaderElection104] INFO  impl.LeaderElection (LeaderElection.java:askForVotes(182)) - 9d97adb7-296c-40d2-b831-3db9b0cbdbf9@group-B718B0C618A3:LeaderElection104: begin an election at term 1 for -1: [9d97adb7-296c-40d2-b831-3db9b0cbdbf9:192.168.151.121:34687], old=null
2019-09-24 02:31:42,687 [9d97adb7-296c-40d2-b831-3db9b0cbdbf9@group-B718B0C618A3:LeaderElection104] INFO  impl.RoleInfo (RoleInfo.java:shutdownLeaderElection(134)) - 9d97adb7-296c-40d2-b831-3db9b0cbdbf9: shutdown LeaderElection
2019-09-24 02:31:42,687 [9d97adb7-296c-40d2-b831-3db9b0cbdbf9@group-B718B0C618A3:LeaderElection104] INFO  impl.RaftServerImpl (RaftServerImpl.java:setRole(174)) - 9d97adb7-296c-40d2-b831-3db9b0cbdbf9@group-B718B0C618A3: changes role from CANDIDATE to LEADER at term 1 for changeToLeader
2019-09-24 02:31:42,687 [9d97adb7-296c-40d2-b831-3db9b0cbdbf9@group-B718B0C618A3:LeaderElection104] INFO  impl.RaftServerImpl (ServerState.java:setLeader(253)) - 9d97adb7-296c-40d2-b831-3db9b0cbdbf9@group-B718B0C618A3: change Leader from null to 9d97adb7-296c-40d2-b831-3db9b0cbdbf9 at term 1 for becomeLeader, leader elected after 1216ms
2019-09-24 02:31:42,687 [9d97adb7-296c-40d2-b831-3db9b0cbdbf9@group-CED085F05024:LeaderElection103] INFO  impl.LeaderElection (LeaderElection.java:logAndReturn(56)) - 9d97adb7-296c-40d2-b831-3db9b0cbdbf9@group-CED085F05024:LeaderElection103: Election PASSED; received 1 response(s) [9d97adb7-296c-40d2-b831-3db9b0cbdbf9<-91e2a5f7-65a0-4f99-9d0a-256bd4104c43#0:OK-t1] and 0 exception(s); 9d97adb7-296c-40d2-b831-3db9b0cbdbf9@group-CED085F05024:t1, leader=null, voted=9d97adb7-296c-40d2-b831-3db9b0cbdbf9, raftlog=9d97adb7-296c-40d2-b831-3db9b0cbdbf9@group-CED085F05024-SegmentedRaftLog:OPENED:c-1,f-1,i0, conf=-1: [556942d2-91e9-4f35-a4d7-9eaff3fbfacc:192.168.151.121:46023, 91e2a5f7-65a0-4f99-9d0a-256bd4104c43:192.168.151.121:38948, 9d97adb7-296c-40d2-b831-3db9b0cbdbf9:192.168.151.121:34687], old=null
2019-09-24 02:31:42,687 [9d97adb7-296c-40d2-b831-3db9b0cbdbf9@group-B718B0C618A3:LeaderElection104] INFO  server.RaftServerConfigKeys (ConfUtils.java:logGet(43)) - raft.server.staging.catchup.gap = 1000 (default)
2019-09-24 02:31:42,687 [9d97adb7-296c-40d2-b831-3db9b0cbdbf9@group-CED085F05024:LeaderElection103] INFO  impl.RoleInfo (RoleInfo.java:shutdownLeaderElection(134)) - 9d97adb7-296c-40d2-b831-3db9b0cbdbf9: shutdown LeaderElection
2019-09-24 02:31:42,691 [9d97adb7-296c-40d2-b831-3db9b0cbdbf9@group-CED085F05024:LeaderElection103] INFO  impl.RaftServerImpl (RaftServerImpl.java:setRole(174)) - 9d97adb7-296c-40d2-b831-3db9b0cbdbf9@group-CED085F05024: changes role from CANDIDATE to LEADER at term 1 for changeToLeader
2019-09-24 02:31:42,691 [9d97adb7-296c-40d2-b831-3db9b0cbdbf9@group-CED085F05024:LeaderElection103] INFO  impl.RaftServerImpl (ServerState.java:setLeader(253)) - 9d97adb7-296c-40d2-b831-3db9b0cbdbf9@group-CED085F05024: change Leader from null to 9d97adb7-296c-40d2-b831-3db9b0cbdbf9 at term 1 for becomeLeader, leader elected after 1107ms
2019-09-24 02:31:42,688 [9d97adb7-296c-40d2-b831-3db9b0cbdbf9@group-B718B0C618A3:LeaderElection104] INFO  server.RaftServerConfigKeys (ConfUtils.java:logGet(43)) - raft.server.rpc.sleep.time = 25ms (default)
2019-09-24 02:31:42,691 [9d97adb7-296c-40d2-b831-3db9b0cbdbf9@group-CED085F05024:LeaderElection103] INFO  server.RaftServerConfigKeys (ConfUtils.java:logGet(43)) - raft.server.staging.catchup.gap = 1000 (default)
2019-09-24 02:31:42,691 [9d97adb7-296c-40d2-b831-3db9b0cbdbf9@group-B718B0C618A3:LeaderElection104] INFO  server.RaftServerConfigKeys (ConfUtils.java:logGet(43)) - raft.server.write.element-limit = 4096 (default)
2019-09-24 02:31:42,691 [9d97adb7-296c-40d2-b831-3db9b0cbdbf9@group-CED085F05024:LeaderElection103] INFO  server.RaftServerConfigKeys (ConfUtils.java:logGet(43)) - raft.server.rpc.sleep.time = 25ms (default)
2019-09-24 02:31:42,691 [9d97adb7-296c-40d2-b831-3db9b0cbdbf9@group-B718B0C618A3:LeaderElection104] INFO  server.RaftServerConfigKeys (ConfUtils.java:logGet(43)) - raft.server.watch.timeout = 10s (default)
2019-09-24 02:31:42,691 [9d97adb7-296c-40d2-b831-3db9b0cbdbf9@group-CED085F05024:LeaderElection103] INFO  server.RaftServerConfigKeys (ConfUtils.java:logGet(43)) - raft.server.write.element-limit = 4096 (default)
2019-09-24 02:31:42,691 [9d97adb7-296c-40d2-b831-3db9b0cbdbf9@group-B718B0C618A3:LeaderElection104] INFO  server.RaftServerConfigKeys (ConfUtils.java:logGet(43)) - raft.server.watch.timeout.denomination = 1s (default)
2019-09-24 02:31:42,692 [9d97adb7-296c-40d2-b831-3db9b0cbdbf9@group-CED085F05024:LeaderElection103] INFO  server.RaftServerConfigKeys (ConfUtils.java:logGet(43)) - raft.server.watch.timeout = 10s (default)
2019-09-24 02:31:42,692 [9d97adb7-296c-40d2-b831-3db9b0cbdbf9@group-B718B0C618A3:LeaderElection104] INFO  server.RaftServerConfigKeys (ConfUtils.java:logGet(43)) - raft.server.watch.element-limit = 65536 (default)
2019-09-24 02:31:42,692 [9d97adb7-296c-40d2-b831-3db9b0cbdbf9@group-CED085F05024:LeaderElection103] INFO  server.RaftServerConfigKeys (ConfUtils.java:logGet(43)) - raft.server.watch.timeout.denomination = 1s (default)
2019-09-24 02:31:42,692 [9d97adb7-296c-40d2-b831-3db9b0cbdbf9@group-CED085F05024:LeaderElection103] INFO  server.RaftServerConfigKeys (ConfUtils.java:logGet(43)) - raft.server.watch.element-limit = 65536 (default)
2019-09-24 02:31:42,695 [9d97adb7-296c-40d2-b831-3db9b0cbdbf9@group-B718B0C618A3:LeaderElection104] INFO  impl.RoleInfo (RoleInfo.java:updateAndGet(143)) - 9d97adb7-296c-40d2-b831-3db9b0cbdbf9: start LeaderState
2019-09-24 02:31:42,695 [9d97adb7-296c-40d2-b831-3db9b0cbdbf9@group-CED085F05024:LeaderElection103] INFO  server.RaftServerConfigKeys (ConfUtils.java:logGet(43)) - raft.server.log.appender.snapshot.chunk.size.max = 16MB (=16777216) (default)
2019-09-24 02:31:42,695 [9d97adb7-296c-40d2-b831-3db9b0cbdbf9@group-B718B0C618A3:LeaderElection104] INFO  segmented.SegmentedRaftLogWorker (SegmentedRaftLogWorker.java:startLogSegment(380)) - 9d97adb7-296c-40d2-b831-3db9b0cbdbf9@group-B718B0C618A3-SegmentedRaftLogWorker: Starting segment from index:0
2019-09-24 02:31:42,695 [9d97adb7-296c-40d2-b831-3db9b0cbdbf9@group-CED085F05024:LeaderElection103] INFO  server.RaftServerConfigKeys (ConfUtils.java:logGet(43)) - raft.server.log.appender.buffer.byte-limit = 33554432 (custom)
2019-09-24 02:31:42,695 [9d97adb7-296c-40d2-b831-3db9b0cbdbf9@group-CED085F05024:LeaderElection103] INFO  server.RaftServerConfigKeys (ConfUtils.java:logGet(43)) - raft.server.log.appender.buffer.element-limit = 1 (custom)
2019-09-24 02:31:42,695 [9d97adb7-296c-40d2-b831-3db9b0cbdbf9@group-B718B0C618A3:LeaderElection104] INFO  impl.RaftServerImpl (ServerState.java:setRaftConf(354)) - 9d97adb7-296c-40d2-b831-3db9b0cbdbf9@group-B718B0C618A3: set configuration 0: [9d97adb7-296c-40d2-b831-3db9b0cbdbf9:192.168.151.121:34687], old=null at 0
2019-09-24 02:31:42,695 [9d97adb7-296c-40d2-b831-3db9b0cbdbf9@group-CED085F05024:LeaderElection103] INFO  grpc.GrpcConfigKeys$Server (ConfUtils.java:logGet(43)) - raft.grpc.server.leader.outstanding.appends.max = 128 (default)
2019-09-24 02:31:42,738 [Thread-7962] INFO  impl.FollowerState (FollowerState.java:run(106)) - 556942d2-91e9-4f35-a4d7-9eaff3fbfacc:group-8DC0FBF5FE45 changes to CANDIDATE, lastRpcTime:1208, electionTimeout:1197ms
2019-09-24 02:31:42,739 [9d97adb7-296c-40d2-b831-3db9b0cbdbf9@group-CED085F05024:LeaderElection103] INFO  server.RaftServerConfigKeys (ConfUtils.java:logGet(43)) - raft.server.rpc.request.timeout = 3000ms (default)
2019-09-24 02:31:42,739 [Thread-7962] INFO  impl.RoleInfo (RoleInfo.java:shutdownFollowerState(121)) - 556942d2-91e9-4f35-a4d7-9eaff3fbfacc: shutdown FollowerState
2019-09-24 02:31:42,740 [9d97adb7-296c-40d2-b831-3db9b0cbdbf9@group-CED085F05024:LeaderElection103] INFO  server.RaftServerConfigKeys (ConfUtils.java:logGet(43)) - raft.server.log.appender.install.snapshot.enabled = false (custom)
2019-09-24 02:31:42,740 [Thread-7962] INFO  impl.RaftServerImpl (RaftServerImpl.java:setRole(174)) - 556942d2-91e9-4f35-a4d7-9eaff3fbfacc@group-8DC0FBF5FE45: changes role from  FOLLOWER to CANDIDATE at term 0 for changeToCandidate
2019-09-24 02:31:42,740 [9d97adb7-296c-40d2-b831-3db9b0cbdbf9@group-CED085F05024:LeaderElection103] INFO  server.RaftServerConfigKeys (ConfUtils.java:logGet(43)) - raft.server.log.appender.snapshot.chunk.size.max = 16MB (=16777216) (default)
2019-09-24 02:31:42,740 [Thread-7962] INFO  impl.RoleInfo (RoleInfo.java:updateAndGet(143)) - 556942d2-91e9-4f35-a4d7-9eaff3fbfacc: start LeaderElection
2019-09-24 02:31:42,740 [9d97adb7-296c-40d2-b831-3db9b0cbdbf9@group-CED085F05024:LeaderElection103] INFO  server.RaftServerConfigKeys (ConfUtils.java:logGet(43)) - raft.server.log.appender.buffer.byte-limit = 33554432 (custom)
2019-09-24 02:31:42,740 [9d97adb7-296c-40d2-b831-3db9b0cbdbf9@group-CED085F05024:LeaderElection103] INFO  server.RaftServerConfigKeys (ConfUtils.java:logGet(43)) - raft.server.log.appender.buffer.element-limit = 1 (custom)
2019-09-24 02:31:42,744 [9d97adb7-296c-40d2-b831-3db9b0cbdbf9@group-CED085F05024:LeaderElection103] INFO  grpc.GrpcConfigKeys$Server (ConfUtils.java:logGet(43)) - raft.grpc.server.leader.outstanding.appends.max = 128 (default)
2019-09-24 02:31:42,744 [9d97adb7-296c-40d2-b831-3db9b0cbdbf9@group-B718B0C618A3-SegmentedRaftLogWorker] INFO  segmented.SegmentedRaftLogWorker (SegmentedRaftLogWorker.java:execute(569)) - 9d97adb7-296c-40d2-b831-3db9b0cbdbf9@group-B718B0C618A3-SegmentedRaftLogWorker: created new log segment /workdir/hadoop-ozone/integration-test/target/test-dir/MiniOzoneClusterImpl-3bdd15fc-dee8-458b-a154-153c8414505a/datanode-1/data/ratis/d55533d1-60e8-4898-bc16-b718b0c618a3/current/log_inprogress_0
2019-09-24 02:31:42,744 [9d97adb7-296c-40d2-b831-3db9b0cbdbf9@group-CED085F05024:LeaderElection103] INFO  server.RaftServerConfigKeys (ConfUtils.java:logGet(43)) - raft.server.rpc.request.timeout = 3000ms (default)
2019-09-24 02:31:42,744 [9d97adb7-296c-40d2-b831-3db9b0cbdbf9@group-CED085F05024:LeaderElection103] INFO  server.RaftServerConfigKeys (ConfUtils.java:logGet(43)) - raft.server.log.appender.install.snapshot.enabled = false (custom)
2019-09-24 02:31:42,744 [9d97adb7-296c-40d2-b831-3db9b0cbdbf9@group-CED085F05024:LeaderElection103] INFO  impl.RoleInfo (RoleInfo.java:updateAndGet(143)) - 9d97adb7-296c-40d2-b831-3db9b0cbdbf9: start LeaderState
2019-09-24 02:31:42,745 [9d97adb7-296c-40d2-b831-3db9b0cbdbf9@group-CED085F05024:LeaderElection103] INFO  segmented.SegmentedRaftLogWorker (SegmentedRaftLogWorker.java:startLogSegment(380)) - 9d97adb7-296c-40d2-b831-3db9b0cbdbf9@group-CED085F05024-SegmentedRaftLogWorker: Starting segment from index:0
2019-09-24 02:31:42,745 [9d97adb7-296c-40d2-b831-3db9b0cbdbf9@group-CED085F05024:LeaderElection103] INFO  impl.RaftServerImpl (ServerState.java:setRaftConf(354)) - 9d97adb7-296c-40d2-b831-3db9b0cbdbf9@group-CED085F05024: set configuration 0: [556942d2-91e9-4f35-a4d7-9eaff3fbfacc:192.168.151.121:46023, 91e2a5f7-65a0-4f99-9d0a-256bd4104c43:192.168.151.121:38948, 9d97adb7-296c-40d2-b831-3db9b0cbdbf9:192.168.151.121:34687], old=null at 0
2019-09-24 02:31:42,778 [556942d2-91e9-4f35-a4d7-9eaff3fbfacc@group-8DC0FBF5FE45:LeaderElection105] INFO  impl.LeaderElection (LeaderElection.java:askForVotes(182)) - 556942d2-91e9-4f35-a4d7-9eaff3fbfacc@group-8DC0FBF5FE45:LeaderElection105: begin an election at term 1 for -1: [556942d2-91e9-4f35-a4d7-9eaff3fbfacc:192.168.151.121:46023], old=null
2019-09-24 02:31:42,778 [556942d2-91e9-4f35-a4d7-9eaff3fbfacc@group-8DC0FBF5FE45:LeaderElection105] INFO  impl.RoleInfo (RoleInfo.java:shutdownLeaderElection(134)) - 556942d2-91e9-4f35-a4d7-9eaff3fbfacc: shutdown LeaderElection
2019-09-24 02:31:42,778 [556942d2-91e9-4f35-a4d7-9eaff3fbfacc@group-8DC0FBF5FE45:LeaderElection105] INFO  impl.RaftServerImpl (RaftServerImpl.java:setRole(174)) - 556942d2-91e9-4f35-a4d7-9eaff3fbfacc@group-8DC0FBF5FE45: changes role from CANDIDATE to LEADER at term 1 for changeToLeader
2019-09-24 02:31:42,778 [556942d2-91e9-4f35-a4d7-9eaff3fbfacc@group-8DC0FBF5FE45:LeaderElection105] INFO  impl.RaftServerImpl (ServerState.java:setLeader(253)) - 556942d2-91e9-4f35-a4d7-9eaff3fbfacc@group-8DC0FBF5FE45: change Leader from null to 556942d2-91e9-4f35-a4d7-9eaff3fbfacc at term 1 for becomeLeader, leader elected after 1256ms
2019-09-24 02:31:42,778 [556942d2-91e9-4f35-a4d7-9eaff3fbfacc@group-8DC0FBF5FE45:LeaderElection105] INFO  server.RaftServerConfigKeys (ConfUtils.java:logGet(43)) - raft.server.staging.catchup.gap = 1000 (default)
2019-09-24 02:31:42,779 [556942d2-91e9-4f35-a4d7-9eaff3fbfacc@group-8DC0FBF5FE45:LeaderElection105] INFO  server.RaftServerConfigKeys (ConfUtils.java:logGet(43)) - raft.server.rpc.sleep.time = 25ms (default)
2019-09-24 02:31:42,779 [556942d2-91e9-4f35-a4d7-9eaff3fbfacc@group-8DC0FBF5FE45:LeaderElection105] INFO  server.RaftServerConfigKeys (ConfUtils.java:logGet(43)) - raft.server.write.element-limit = 4096 (default)
2019-09-24 02:31:42,779 [556942d2-91e9-4f35-a4d7-9eaff3fbfacc@group-8DC0FBF5FE45:LeaderElection105] INFO  server.RaftServerConfigKeys (ConfUtils.java:logGet(43)) - raft.server.watch.timeout = 10s (default)
2019-09-24 02:31:42,789 [9d97adb7-296c-40d2-b831-3db9b0cbdbf9@group-CED085F05024-SegmentedRaftLogWorker] INFO  segmented.SegmentedRaftLogWorker (SegmentedRaftLogWorker.java:execute(569)) - 9d97adb7-296c-40d2-b831-3db9b0cbdbf9@group-CED085F05024-SegmentedRaftLogWorker: created new log segment /workdir/hadoop-ozone/integration-test/target/test-dir/MiniOzoneClusterImpl-3bdd15fc-dee8-458b-a154-153c8414505a/datanode-1/data/ratis/6d78ecf6-cfc9-4151-a7b2-ced085f05024/current/log_inprogress_0
2019-09-24 02:31:42,789 [556942d2-91e9-4f35-a4d7-9eaff3fbfacc@group-8DC0FBF5FE45:LeaderElection105] INFO  server.RaftServerConfigKeys (ConfUtils.java:logGet(43)) - raft.server.watch.timeout.denomination = 1s (default)
2019-09-24 02:31:42,792 [556942d2-91e9-4f35-a4d7-9eaff3fbfacc@group-8DC0FBF5FE45:LeaderElection105] INFO  server.RaftServerConfigKeys (ConfUtils.java:logGet(43)) - raft.server.watch.element-limit = 65536 (default)
2019-09-24 02:31:42,792 [grpc-default-executor-0] INFO  impl.RaftServerImpl (ServerState.java:setLeader(253)) - 556942d2-91e9-4f35-a4d7-9eaff3fbfacc@group-CED085F05024: change Leader from null to 9d97adb7-296c-40d2-b831-3db9b0cbdbf9 at term 1 for appendEntries, leader elected after 1208ms
2019-09-24 02:31:42,792 [grpc-default-executor-1] INFO  impl.RaftServerImpl (ServerState.java:setLeader(253)) - 91e2a5f7-65a0-4f99-9d0a-256bd4104c43@group-CED085F05024: change Leader from null to 9d97adb7-296c-40d2-b831-3db9b0cbdbf9 at term 1 for appendEntries, leader elected after 1208ms
2019-09-24 02:31:42,794 [556942d2-91e9-4f35-a4d7-9eaff3fbfacc@group-8DC0FBF5FE45:LeaderElection105] INFO  impl.RoleInfo (RoleInfo.java:updateAndGet(143)) - 556942d2-91e9-4f35-a4d7-9eaff3fbfacc: start LeaderState
2019-09-24 02:31:42,794 [556942d2-91e9-4f35-a4d7-9eaff3fbfacc@group-8DC0FBF5FE45:LeaderElection105] INFO  segmented.SegmentedRaftLogWorker (SegmentedRaftLogWorker.java:startLogSegment(380)) - 556942d2-91e9-4f35-a4d7-9eaff3fbfacc@group-8DC0FBF5FE45-SegmentedRaftLogWorker: Starting segment from index:0
2019-09-24 02:31:42,797 [grpc-default-executor-0] INFO  impl.RaftServerImpl (ServerState.java:setRaftConf(354)) - 556942d2-91e9-4f35-a4d7-9eaff3fbfacc@group-CED085F05024: set configuration 0: [556942d2-91e9-4f35-a4d7-9eaff3fbfacc:192.168.151.121:46023, 91e2a5f7-65a0-4f99-9d0a-256bd4104c43:192.168.151.121:38948, 9d97adb7-296c-40d2-b831-3db9b0cbdbf9:192.168.151.121:34687], old=null at 0
2019-09-24 02:31:42,797 [556942d2-91e9-4f35-a4d7-9eaff3fbfacc@group-8DC0FBF5FE45:LeaderElection105] INFO  impl.RaftServerImpl (ServerState.java:setRaftConf(354)) - 556942d2-91e9-4f35-a4d7-9eaff3fbfacc@group-8DC0FBF5FE45: set configuration 0: [556942d2-91e9-4f35-a4d7-9eaff3fbfacc:192.168.151.121:46023], old=null at 0
2019-09-24 02:31:42,797 [grpc-default-executor-0] INFO  segmented.SegmentedRaftLogWorker (SegmentedRaftLogWorker.java:startLogSegment(380)) - 556942d2-91e9-4f35-a4d7-9eaff3fbfacc@group-CED085F05024-SegmentedRaftLogWorker: Starting segment from index:0
2019-09-24 02:31:42,797 [grpc-default-executor-1] INFO  impl.RaftServerImpl (ServerState.java:setRaftConf(354)) - 91e2a5f7-65a0-4f99-9d0a-256bd4104c43@group-CED085F05024: set configuration 0: [556942d2-91e9-4f35-a4d7-9eaff3fbfacc:192.168.151.121:46023, 91e2a5f7-65a0-4f99-9d0a-256bd4104c43:192.168.151.121:38948, 9d97adb7-296c-40d2-b831-3db9b0cbdbf9:192.168.151.121:34687], old=null at 0
2019-09-24 02:31:42,834 [grpc-default-executor-1] INFO  segmented.SegmentedRaftLogWorker (SegmentedRaftLogWorker.java:startLogSegment(380)) - 91e2a5f7-65a0-4f99-9d0a-256bd4104c43@group-CED085F05024-SegmentedRaftLogWorker: Starting segment from index:0
2019-09-24 02:31:43,430 [Thread-8006] INFO  impl.FollowerState (FollowerState.java:run(106)) - a7fc6e90-75b2-4f8f-bf01-6e094d7f48f9:group-0E5E712D3A28 changes to CANDIDATE, lastRpcTime:1140, electionTimeout:1107ms
2019-09-24 02:31:43,430 [main] INFO  ozone.MiniOzoneClusterImpl (MiniOzoneClusterImpl.java:lambda$waitForClusterToBeReady$0(147)) - Cluster is ready. Got 10 of 10 DN Heartbeats.
2019-09-24 02:31:43,430 [556942d2-91e9-4f35-a4d7-9eaff3fbfacc@group-8DC0FBF5FE45-SegmentedRaftLogWorker] INFO  segmented.SegmentedRaftLogWorker (SegmentedRaftLogWorker.java:execute(569)) - 556942d2-91e9-4f35-a4d7-9eaff3fbfacc@group-8DC0FBF5FE45-SegmentedRaftLogWorker: created new log segment /workdir/hadoop-ozone/integration-test/target/test-dir/MiniOzoneClusterImpl-3bdd15fc-dee8-458b-a154-153c8414505a/datanode-2/data/ratis/f0790485-1d3d-4668-8bf9-8dc0fbf5fe45/current/log_inprogress_0
2019-09-24 02:31:43,431 [Thread-7987] WARN  util.JavaUtils (JavaUtils.java:sleep(250)) - Unexpected long sleep: sleep(1033ms) actually took 1419ms which is over the threshold 300ms
2019-09-24 02:31:43,431 [Thread-8005] INFO  impl.FollowerState (FollowerState.java:run(106)) - c1e062fb-0f4f-4fe4-a9d2-4bfe6af489a8:group-0E5E712D3A28 changes to CANDIDATE, lastRpcTime:1141, electionTimeout:1078ms
2019-09-24 02:31:43,431 [Thread-7980] WARN  util.JavaUtils (JavaUtils.java:sleep(250)) - Unexpected long sleep: sleep(1156ms) actually took 1480ms which is over the threshold 300ms
2019-09-24 02:31:43,431 [Thread-8006] INFO  impl.RoleInfo (RoleInfo.java:shutdownFollowerState(121)) - a7fc6e90-75b2-4f8f-bf01-6e094d7f48f9: shutdown FollowerState
2019-09-24 02:31:43,431 [Thread-7989] INFO  impl.FollowerState (FollowerState.java:run(106)) - 7fd17b96-21f1-4559-9cf9-f04cfa32ca1c:group-A7581056334D changes to CANDIDATE, lastRpcTime:1418, electionTimeout:1117ms
2019-09-24 02:31:43,431 [Thread-7992] INFO  impl.FollowerState (FollowerState.java:run(106)) - c1e062fb-0f4f-4fe4-a9d2-4bfe6af489a8:group-D3FDA83AC670 changes to CANDIDATE, lastRpcTime:1307, electionTimeout:1039ms
2019-09-24 02:31:43,430 [Thread-8001] INFO  impl.FollowerState (FollowerState.java:run(106)) - 8eea7e4f-d008-4d85-a505-6e9b586abbfe:group-0E5E712D3A28 changes to CANDIDATE, lastRpcTime:1149, electionTimeout:1081ms
2019-09-24 02:31:43,430 [Thread-7995] INFO  impl.FollowerState (FollowerState.java:run(106)) - a7fc6e90-75b2-4f8f-bf01-6e094d7f48f9:group-F295C711455F changes to CANDIDATE, lastRpcTime:1257, electionTimeout:1151ms
2019-09-24 02:31:43,430 [Thread-7998] INFO  impl.FollowerState (FollowerState.java:run(106)) - 8eea7e4f-d008-4d85-a505-6e9b586abbfe:group-C6314B63DEEF changes to CANDIDATE, lastRpcTime:1209, electionTimeout:1119ms
2019-09-24 02:31:43,461 [Thread-7974] WARN  util.JavaUtils (JavaUtils.java:sleep(250)) - Unexpected long sleep: sleep(1189ms) actually took 1610ms which is over the threshold 300ms
2019-09-24 02:31:43,451 [Thread-8005] INFO  impl.RoleInfo (RoleInfo.java:shutdownFollowerState(121)) - c1e062fb-0f4f-4fe4-a9d2-4bfe6af489a8: shutdown FollowerState
2019-09-24 02:31:43,451 [Thread-8006] INFO  impl.RaftServerImpl (RaftServerImpl.java:setRole(174)) - a7fc6e90-75b2-4f8f-bf01-6e094d7f48f9@group-0E5E712D3A28: changes role from  FOLLOWER to CANDIDATE at term 0 for changeToCandidate
2019-09-24 02:31:43,466 [Thread-8005] INFO  impl.RaftServerImpl (RaftServerImpl.java:setRole(174)) - c1e062fb-0f4f-4fe4-a9d2-4bfe6af489a8@group-0E5E712D3A28: changes role from  FOLLOWER to CANDIDATE at term 0 for changeToCandidate
2019-09-24 02:31:43,467 [Thread-8006] INFO  impl.RoleInfo (RoleInfo.java:updateAndGet(143)) - a7fc6e90-75b2-4f8f-bf01-6e094d7f48f9: start LeaderElection
2019-09-24 02:31:43,467 [Thread-8005] INFO  impl.RoleInfo (RoleInfo.java:updateAndGet(143)) - c1e062fb-0f4f-4fe4-a9d2-4bfe6af489a8: start LeaderElection
2019-09-24 02:31:43,482 [Thread-7983] WARN  util.JavaUtils (JavaUtils.java:sleep(250)) - Unexpected long sleep: sleep(1045ms) actually took 1427ms which is over the threshold 300ms
2019-09-24 02:31:43,482 [Thread-7977] WARN  util.JavaUtils (JavaUtils.java:sleep(250)) - Unexpected long sleep: sleep(1146ms) actually took 1558ms which is over the threshold 300ms
2019-09-24 02:31:43,482 [Thread-7989] INFO  impl.RoleInfo (RoleInfo.java:shutdownFollowerState(121)) - 7fd17b96-21f1-4559-9cf9-f04cfa32ca1c: shutdown FollowerState
2019-09-24 02:31:43,483 [Thread-7989] INFO  impl.RaftServerImpl (RaftServerImpl.java:setRole(174)) - 7fd17b96-21f1-4559-9cf9-f04cfa32ca1c@group-A7581056334D: changes role from  FOLLOWER to CANDIDATE at term 0 for changeToCandidate
2019-09-24 02:31:43,532 [Thread-7989] INFO  impl.RoleInfo (RoleInfo.java:updateAndGet(143)) - 7fd17b96-21f1-4559-9cf9-f04cfa32ca1c: start LeaderElection
2019-09-24 02:31:43,532 [Thread-7995] INFO  impl.RoleInfo (RoleInfo.java:shutdownFollowerState(121)) - a7fc6e90-75b2-4f8f-bf01-6e094d7f48f9: shutdown FollowerState
2019-09-24 02:31:43,532 [Thread-7998] INFO  impl.RoleInfo (RoleInfo.java:shutdownFollowerState(121)) - 8eea7e4f-d008-4d85-a505-6e9b586abbfe: shutdown FollowerState
2019-09-24 02:31:43,532 [Thread-7992] INFO  impl.RoleInfo (RoleInfo.java:shutdownFollowerState(121)) - c1e062fb-0f4f-4fe4-a9d2-4bfe6af489a8: shutdown FollowerState
2019-09-24 02:31:43,532 [Thread-8001] INFO  impl.RoleInfo (RoleInfo.java:shutdownFollowerState(121)) - 8eea7e4f-d008-4d85-a505-6e9b586abbfe: shutdown FollowerState
2019-09-24 02:31:43,532 [Thread-7992] INFO  impl.RaftServerImpl (RaftServerImpl.java:setRole(174)) - c1e062fb-0f4f-4fe4-a9d2-4bfe6af489a8@group-D3FDA83AC670: changes role from  FOLLOWER to CANDIDATE at term 0 for changeToCandidate
2019-09-24 02:31:43,532 [Thread-7998] INFO  impl.RaftServerImpl (RaftServerImpl.java:setRole(174)) - 8eea7e4f-d008-4d85-a505-6e9b586abbfe@group-C6314B63DEEF: changes role from  FOLLOWER to CANDIDATE at term 0 for changeToCandidate
2019-09-24 02:31:43,532 [Thread-7995] INFO  impl.RaftServerImpl (RaftServerImpl.java:setRole(174)) - a7fc6e90-75b2-4f8f-bf01-6e094d7f48f9@group-F295C711455F: changes role from  FOLLOWER to CANDIDATE at term 0 for changeToCandidate
2019-09-24 02:31:43,536 [Thread-7998] INFO  impl.RoleInfo (RoleInfo.java:updateAndGet(143)) - 8eea7e4f-d008-4d85-a505-6e9b586abbfe: start LeaderElection
2019-09-24 02:31:43,536 [Thread-7992] INFO  impl.RoleInfo (RoleInfo.java:updateAndGet(143)) - c1e062fb-0f4f-4fe4-a9d2-4bfe6af489a8: start LeaderElection
2019-09-24 02:31:43,535 [Thread-8001] INFO  impl.RaftServerImpl (RaftServerImpl.java:setRole(174)) - 8eea7e4f-d008-4d85-a505-6e9b586abbfe@group-0E5E712D3A28: changes role from  FOLLOWER to CANDIDATE at term 0 for changeToCandidate
2019-09-24 02:31:43,536 [Thread-7995] INFO  impl.RoleInfo (RoleInfo.java:updateAndGet(143)) - a7fc6e90-75b2-4f8f-bf01-6e094d7f48f9: start LeaderElection
2019-09-24 02:31:43,545 [91e2a5f7-65a0-4f99-9d0a-256bd4104c43@group-CED085F05024-SegmentedRaftLogWorker] INFO  segmented.SegmentedRaftLogWorker (SegmentedRaftLogWorker.java:execute(569)) - 91e2a5f7-65a0-4f99-9d0a-256bd4104c43@group-CED085F05024-SegmentedRaftLogWorker: created new log segment /workdir/hadoop-ozone/integration-test/target/test-dir/MiniOzoneClusterImpl-3bdd15fc-dee8-458b-a154-153c8414505a/datanode-0/data/ratis/6d78ecf6-cfc9-4151-a7b2-ced085f05024/current/log_inprogress_0
2019-09-24 02:31:43,545 [556942d2-91e9-4f35-a4d7-9eaff3fbfacc@group-CED085F05024-SegmentedRaftLogWorker] INFO  segmented.SegmentedRaftLogWorker (SegmentedRaftLogWorker.java:execute(569)) - 556942d2-91e9-4f35-a4d7-9eaff3fbfacc@group-CED085F05024-SegmentedRaftLogWorker: created new log segment /workdir/hadoop-ozone/integration-test/target/test-dir/MiniOzoneClusterImpl-3bdd15fc-dee8-458b-a154-153c8414505a/datanode-2/data/ratis/6d78ecf6-cfc9-4151-a7b2-ced085f05024/current/log_inprogress_0
2019-09-24 02:31:43,545 [7fd17b96-21f1-4559-9cf9-f04cfa32ca1c@group-A7581056334D:LeaderElection108] INFO  impl.LeaderElection (LeaderElection.java:askForVotes(182)) - 7fd17b96-21f1-4559-9cf9-f04cfa32ca1c@group-A7581056334D:LeaderElection108: begin an election at term 1 for -1: [ae1cc8d2-f95e-4ea0-a778-71138d7e5594:192.168.151.121:45961, 7fd17b96-21f1-4559-9cf9-f04cfa32ca1c:192.168.151.121:46706, 2b314ddf-a628-41df-afb5-827956264657:192.168.151.121:35278], old=null
2019-09-24 02:31:43,545 [a7fc6e90-75b2-4f8f-bf01-6e094d7f48f9@group-0E5E712D3A28:LeaderElection106] INFO  impl.LeaderElection (LeaderElection.java:askForVotes(182)) - a7fc6e90-75b2-4f8f-bf01-6e094d7f48f9@group-0E5E712D3A28:LeaderElection106: begin an election at term 1 for -1: [c1e062fb-0f4f-4fe4-a9d2-4bfe6af489a8:192.168.151.121:36311, 8eea7e4f-d008-4d85-a505-6e9b586abbfe:192.168.151.121:42114, a7fc6e90-75b2-4f8f-bf01-6e094d7f48f9:192.168.151.121:34093], old=null
2019-09-24 02:31:43,591 [Thread-8001] INFO  impl.RoleInfo (RoleInfo.java:updateAndGet(143)) - 8eea7e4f-d008-4d85-a505-6e9b586abbfe: start LeaderElection
2019-09-24 02:31:43,626 [c1e062fb-0f4f-4fe4-a9d2-4bfe6af489a8@group-0E5E712D3A28:LeaderElection107] INFO  impl.LeaderElection (LeaderElection.java:askForVotes(182)) - c1e062fb-0f4f-4fe4-a9d2-4bfe6af489a8@group-0E5E712D3A28:LeaderElection107: begin an election at term 1 for -1: [c1e062fb-0f4f-4fe4-a9d2-4bfe6af489a8:192.168.151.121:36311, 8eea7e4f-d008-4d85-a505-6e9b586abbfe:192.168.151.121:42114, a7fc6e90-75b2-4f8f-bf01-6e094d7f48f9:192.168.151.121:34093], old=null
2019-09-24 02:31:43,638 [c1e062fb-0f4f-4fe4-a9d2-4bfe6af489a8@group-D3FDA83AC670:LeaderElection109] INFO  impl.LeaderElection (LeaderElection.java:askForVotes(182)) - c1e062fb-0f4f-4fe4-a9d2-4bfe6af489a8@group-D3FDA83AC670:LeaderElection109: begin an election at term 1 for -1: [c1e062fb-0f4f-4fe4-a9d2-4bfe6af489a8:192.168.151.121:36311], old=null
2019-09-24 02:31:43,638 [8eea7e4f-d008-4d85-a505-6e9b586abbfe@group-C6314B63DEEF:LeaderElection110] INFO  impl.LeaderElection (LeaderElection.java:askForVotes(182)) - 8eea7e4f-d008-4d85-a505-6e9b586abbfe@group-C6314B63DEEF:LeaderElection110: begin an election at term 1 for -1: [8eea7e4f-d008-4d85-a505-6e9b586abbfe:192.168.151.121:42114], old=null
2019-09-24 02:31:43,638 [c1e062fb-0f4f-4fe4-a9d2-4bfe6af489a8@group-D3FDA83AC670:LeaderElection109] INFO  impl.RoleInfo (RoleInfo.java:shutdownLeaderElection(134)) - c1e062fb-0f4f-4fe4-a9d2-4bfe6af489a8: shutdown LeaderElection
2019-09-24 02:31:43,638 [8eea7e4f-d008-4d85-a505-6e9b586abbfe@group-0E5E712D3A28:LeaderElection112] INFO  impl.LeaderElection (LeaderElection.java:askForVotes(182)) - 8eea7e4f-d008-4d85-a505-6e9b586abbfe@group-0E5E712D3A28:LeaderElection112: begin an election at term 1 for -1: [c1e062fb-0f4f-4fe4-a9d2-4bfe6af489a8:192.168.151.121:36311, 8eea7e4f-d008-4d85-a505-6e9b586abbfe:192.168.151.121:42114, a7fc6e90-75b2-4f8f-bf01-6e094d7f48f9:192.168.151.121:34093], old=null
2019-09-24 02:31:43,638 [a7fc6e90-75b2-4f8f-bf01-6e094d7f48f9@group-F295C711455F:LeaderElection111] INFO  impl.LeaderElection (LeaderElection.java:askForVotes(182)) - a7fc6e90-75b2-4f8f-bf01-6e094d7f48f9@group-F295C711455F:LeaderElection111: begin an election at term 1 for -1: [a7fc6e90-75b2-4f8f-bf01-6e094d7f48f9:192.168.151.121:34093], old=null
2019-09-24 02:31:43,639 [c1e062fb-0f4f-4fe4-a9d2-4bfe6af489a8@group-D3FDA83AC670:LeaderElection109] INFO  impl.RaftServerImpl (RaftServerImpl.java:setRole(174)) - c1e062fb-0f4f-4fe4-a9d2-4bfe6af489a8@group-D3FDA83AC670: changes role from CANDIDATE to LEADER at term 1 for changeToLeader
2019-09-24 02:31:43,639 [c1e062fb-0f4f-4fe4-a9d2-4bfe6af489a8@group-D3FDA83AC670:LeaderElection109] INFO  impl.RaftServerImpl (ServerState.java:setLeader(253)) - c1e062fb-0f4f-4fe4-a9d2-4bfe6af489a8@group-D3FDA83AC670: change Leader from null to c1e062fb-0f4f-4fe4-a9d2-4bfe6af489a8 at term 1 for becomeLeader, leader elected after 1526ms
2019-09-24 02:31:43,639 [8eea7e4f-d008-4d85-a505-6e9b586abbfe@group-C6314B63DEEF:LeaderElection110] INFO  impl.RoleInfo (RoleInfo.java:shutdownLeaderElection(134)) - 8eea7e4f-d008-4d85-a505-6e9b586abbfe: shutdown LeaderElection
2019-09-24 02:31:43,639 [c1e062fb-0f4f-4fe4-a9d2-4bfe6af489a8@group-D3FDA83AC670:LeaderElection109] INFO  server.RaftServerConfigKeys (ConfUtils.java:logGet(43)) - raft.server.staging.catchup.gap = 1000 (default)
2019-09-24 02:31:43,639 [a7fc6e90-75b2-4f8f-bf01-6e094d7f48f9@group-F295C711455F:LeaderElection111] INFO  impl.RoleInfo (RoleInfo.java:shutdownLeaderElection(134)) - a7fc6e90-75b2-4f8f-bf01-6e094d7f48f9: shutdown LeaderElection
2019-09-24 02:31:43,639 [c1e062fb-0f4f-4fe4-a9d2-4bfe6af489a8@group-D3FDA83AC670:LeaderElection109] INFO  server.RaftServerConfigKeys (ConfUtils.java:logGet(43)) - raft.server.rpc.sleep.time = 25ms (default)
2019-09-24 02:31:43,639 [8eea7e4f-d008-4d85-a505-6e9b586abbfe@group-C6314B63DEEF:LeaderElection110] INFO  impl.RaftServerImpl (RaftServerImpl.java:setRole(174)) - 8eea7e4f-d008-4d85-a505-6e9b586abbfe@group-C6314B63DEEF: changes role from CANDIDATE to LEADER at term 1 for changeToLeader
2019-09-24 02:31:43,639 [a7fc6e90-75b2-4f8f-bf01-6e094d7f48f9@group-F295C711455F:LeaderElection111] INFO  impl.RaftServerImpl (RaftServerImpl.java:setRole(174)) - a7fc6e90-75b2-4f8f-bf01-6e094d7f48f9@group-F295C711455F: changes role from CANDIDATE to LEADER at term 1 for changeToLeader
2019-09-24 02:31:43,640 [8eea7e4f-d008-4d85-a505-6e9b586abbfe@group-C6314B63DEEF:LeaderElection110] INFO  impl.RaftServerImpl (ServerState.java:setLeader(253)) - 8eea7e4f-d008-4d85-a505-6e9b586abbfe@group-C6314B63DEEF: change Leader from null to 8eea7e4f-d008-4d85-a505-6e9b586abbfe at term 1 for becomeLeader, leader elected after 1432ms
2019-09-24 02:31:43,640 [a7fc6e90-75b2-4f8f-bf01-6e094d7f48f9@group-F295C711455F:LeaderElection111] INFO  impl.RaftServerImpl (ServerState.java:setLeader(253)) - a7fc6e90-75b2-4f8f-bf01-6e094d7f48f9@group-F295C711455F: change Leader from null to a7fc6e90-75b2-4f8f-bf01-6e094d7f48f9 at term 1 for becomeLeader, leader elected after 1479ms
2019-09-24 02:31:43,640 [8eea7e4f-d008-4d85-a505-6e9b586abbfe@group-C6314B63DEEF:LeaderElection110] INFO  server.RaftServerConfigKeys (ConfUtils.java:logGet(43)) - raft.server.staging.catchup.gap = 1000 (default)
2019-09-24 02:31:43,640 [a7fc6e90-75b2-4f8f-bf01-6e094d7f48f9@group-F295C711455F:LeaderElection111] INFO  server.RaftServerConfigKeys (ConfUtils.java:logGet(43)) - raft.server.staging.catchup.gap = 1000 (default)
2019-09-24 02:31:43,640 [8eea7e4f-d008-4d85-a505-6e9b586abbfe@group-C6314B63DEEF:LeaderElection110] INFO  server.RaftServerConfigKeys (ConfUtils.java:logGet(43)) - raft.server.rpc.sleep.time = 25ms (default)
2019-09-24 02:31:43,640 [a7fc6e90-75b2-4f8f-bf01-6e094d7f48f9@group-F295C711455F:LeaderElection111] INFO  server.RaftServerConfigKeys (ConfUtils.java:logGet(43)) - raft.server.rpc.sleep.time = 25ms (default)
2019-09-24 02:31:43,652 [grpc-default-executor-1] INFO  impl.RaftServerImpl (RaftServerImpl.java:setRole(174)) - 2b314ddf-a628-41df-afb5-827956264657@group-A7581056334D: changes role from  FOLLOWER to FOLLOWER at term 1 for recognizeCandidate:7fd17b96-21f1-4559-9cf9-f04cfa32ca1c
2019-09-24 02:31:43,653 [grpc-default-executor-1] INFO  impl.RoleInfo (RoleInfo.java:shutdownFollowerState(121)) - 2b314ddf-a628-41df-afb5-827956264657: shutdown FollowerState
2019-09-24 02:31:43,656 [a7fc6e90-75b2-4f8f-bf01-6e094d7f48f9@group-F295C711455F:LeaderElection111] INFO  server.RaftServerConfigKeys (ConfUtils.java:logGet(43)) - raft.server.write.element-limit = 4096 (default)
2019-09-24 02:31:43,665 [grpc-default-executor-1] INFO  impl.RoleInfo (RoleInfo.java:updateAndGet(143)) - 2b314ddf-a628-41df-afb5-827956264657: start FollowerState
2019-09-24 02:31:43,656 [8eea7e4f-d008-4d85-a505-6e9b586abbfe@group-C6314B63DEEF:LeaderElection110] INFO  server.RaftServerConfigKeys (ConfUtils.java:logGet(43)) - raft.server.write.element-limit = 4096 (default)
2019-09-24 02:31:43,656 [c1e062fb-0f4f-4fe4-a9d2-4bfe6af489a8@group-D3FDA83AC670:LeaderElection109] INFO  server.RaftServerConfigKeys (ConfUtils.java:logGet(43)) - raft.server.write.element-limit = 4096 (default)
2019-09-24 02:31:43,666 [8eea7e4f-d008-4d85-a505-6e9b586abbfe@group-C6314B63DEEF:LeaderElection110] INFO  server.RaftServerConfigKeys (ConfUtils.java:logGet(43)) - raft.server.watch.timeout = 10s (default)
2019-09-24 02:31:43,666 [8eea7e4f-d008-4d85-a505-6e9b586abbfe@group-C6314B63DEEF:LeaderElection110] INFO  server.RaftServerConfigKeys (ConfUtils.java:logGet(43)) - raft.server.watch.timeout.denomination = 1s (default)
2019-09-24 02:31:43,666 [a7fc6e90-75b2-4f8f-bf01-6e094d7f48f9@group-F295C711455F:LeaderElection111] INFO  server.RaftServerConfigKeys (ConfUtils.java:logGet(43)) - raft.server.watch.timeout = 10s (default)
2019-09-24 02:31:43,666 [Thread-7987] INFO  impl.FollowerState (FollowerState.java:run(115)) - 2b314ddf-a628-41df-afb5-827956264657: FollowerState was interrupted: java.lang.InterruptedException: sleep interrupted
2019-09-24 02:31:43,667 [a7fc6e90-75b2-4f8f-bf01-6e094d7f48f9@group-F295C711455F:LeaderElection111] INFO  server.RaftServerConfigKeys (ConfUtils.java:logGet(43)) - raft.server.watch.timeout.denomination = 1s (default)
2019-09-24 02:31:43,666 [8eea7e4f-d008-4d85-a505-6e9b586abbfe@group-C6314B63DEEF:LeaderElection110] INFO  server.RaftServerConfigKeys (ConfUtils.java:logGet(43)) - raft.server.watch.element-limit = 65536 (default)
2019-09-24 02:31:43,666 [c1e062fb-0f4f-4fe4-a9d2-4bfe6af489a8@group-D3FDA83AC670:LeaderElection109] INFO  server.RaftServerConfigKeys (ConfUtils.java:logGet(43)) - raft.server.watch.timeout = 10s (default)
2019-09-24 02:31:43,667 [a7fc6e90-75b2-4f8f-bf01-6e094d7f48f9@group-F295C711455F:LeaderElection111] INFO  server.RaftServerConfigKeys (ConfUtils.java:logGet(43)) - raft.server.watch.element-limit = 65536 (default)
2019-09-24 02:31:43,667 [c1e062fb-0f4f-4fe4-a9d2-4bfe6af489a8@group-D3FDA83AC670:LeaderElection109] INFO  server.RaftServerConfigKeys (ConfUtils.java:logGet(43)) - raft.server.watch.timeout.denomination = 1s (default)
2019-09-24 02:31:43,667 [c1e062fb-0f4f-4fe4-a9d2-4bfe6af489a8@group-D3FDA83AC670:LeaderElection109] INFO  server.RaftServerConfigKeys (ConfUtils.java:logGet(43)) - raft.server.watch.element-limit = 65536 (default)
2019-09-24 02:31:43,699 [8eea7e4f-d008-4d85-a505-6e9b586abbfe@group-C6314B63DEEF:LeaderElection110] INFO  impl.RoleInfo (RoleInfo.java:updateAndGet(143)) - 8eea7e4f-d008-4d85-a505-6e9b586abbfe: start LeaderState
2019-09-24 02:31:43,700 [8eea7e4f-d008-4d85-a505-6e9b586abbfe@group-C6314B63DEEF:LeaderElection110] INFO  segmented.SegmentedRaftLogWorker (SegmentedRaftLogWorker.java:startLogSegment(380)) - 8eea7e4f-d008-4d85-a505-6e9b586abbfe@group-C6314B63DEEF-SegmentedRaftLogWorker: Starting segment from index:0
2019-09-24 02:31:43,703 [a7fc6e90-75b2-4f8f-bf01-6e094d7f48f9@group-F295C711455F:LeaderElection111] INFO  impl.RoleInfo (RoleInfo.java:updateAndGet(143)) - a7fc6e90-75b2-4f8f-bf01-6e094d7f48f9: start LeaderState
2019-09-24 02:31:43,703 [a7fc6e90-75b2-4f8f-bf01-6e094d7f48f9@group-F295C711455F:LeaderElection111] INFO  segmented.SegmentedRaftLogWorker (SegmentedRaftLogWorker.java:startLogSegment(380)) - a7fc6e90-75b2-4f8f-bf01-6e094d7f48f9@group-F295C711455F-SegmentedRaftLogWorker: Starting segment from index:0
2019-09-24 02:31:43,719 [8eea7e4f-d008-4d85-a505-6e9b586abbfe@group-C6314B63DEEF:LeaderElection110] INFO  impl.RaftServerImpl (ServerState.java:setRaftConf(354)) - 8eea7e4f-d008-4d85-a505-6e9b586abbfe@group-C6314B63DEEF: set configuration 0: [8eea7e4f-d008-4d85-a505-6e9b586abbfe:192.168.151.121:42114], old=null at 0
2019-09-24 02:31:43,719 [7fd17b96-21f1-4559-9cf9-f04cfa32ca1c@group-A7581056334D:LeaderElection108] INFO  impl.LeaderElection (LeaderElection.java:logAndReturn(56)) - 7fd17b96-21f1-4559-9cf9-f04cfa32ca1c@group-A7581056334D:LeaderElection108: Election PASSED; received 1 response(s) [7fd17b96-21f1-4559-9cf9-f04cfa32ca1c<-2b314ddf-a628-41df-afb5-827956264657#0:OK-t1] and 0 exception(s); 7fd17b96-21f1-4559-9cf9-f04cfa32ca1c@group-A7581056334D:t1, leader=null, voted=7fd17b96-21f1-4559-9cf9-f04cfa32ca1c, raftlog=7fd17b96-21f1-4559-9cf9-f04cfa32ca1c@group-A7581056334D-SegmentedRaftLog:OPENED:c-1,f-1,i0, conf=-1: [ae1cc8d2-f95e-4ea0-a778-71138d7e5594:192.168.151.121:45961, 7fd17b96-21f1-4559-9cf9-f04cfa32ca1c:192.168.151.121:46706, 2b314ddf-a628-41df-afb5-827956264657:192.168.151.121:35278], old=null
2019-09-24 02:31:43,719 [c1e062fb-0f4f-4fe4-a9d2-4bfe6af489a8@group-D3FDA83AC670:LeaderElection109] INFO  impl.RoleInfo (RoleInfo.java:updateAndGet(143)) - c1e062fb-0f4f-4fe4-a9d2-4bfe6af489a8: start LeaderState
2019-09-24 02:31:43,720 [c1e062fb-0f4f-4fe4-a9d2-4bfe6af489a8@group-D3FDA83AC670:LeaderElection109] INFO  segmented.SegmentedRaftLogWorker (SegmentedRaftLogWorker.java:startLogSegment(380)) - c1e062fb-0f4f-4fe4-a9d2-4bfe6af489a8@group-D3FDA83AC670-SegmentedRaftLogWorker: Starting segment from index:0
2019-09-24 02:31:43,728 [a7fc6e90-75b2-4f8f-bf01-6e094d7f48f9@group-F295C711455F:LeaderElection111] INFO  impl.RaftServerImpl (ServerState.java:setRaftConf(354)) - a7fc6e90-75b2-4f8f-bf01-6e094d7f48f9@group-F295C711455F: set configuration 0: [a7fc6e90-75b2-4f8f-bf01-6e094d7f48f9:192.168.151.121:34093], old=null at 0
2019-09-24 02:31:43,778 [7fd17b96-21f1-4559-9cf9-f04cfa32ca1c@group-A7581056334D:LeaderElection108] INFO  impl.RoleInfo (RoleInfo.java:shutdownLeaderElection(134)) - 7fd17b96-21f1-4559-9cf9-f04cfa32ca1c: shutdown LeaderElection
2019-09-24 02:31:43,779 [7fd17b96-21f1-4559-9cf9-f04cfa32ca1c@group-A7581056334D:LeaderElection108] INFO  impl.RaftServerImpl (RaftServerImpl.java:setRole(174)) - 7fd17b96-21f1-4559-9cf9-f04cfa32ca1c@group-A7581056334D: changes role from CANDIDATE to LEADER at term 1 for changeToLeader
2019-09-24 02:31:43,779 [7fd17b96-21f1-4559-9cf9-f04cfa32ca1c@group-A7581056334D:LeaderElection108] INFO  impl.RaftServerImpl (ServerState.java:setLeader(253)) - 7fd17b96-21f1-4559-9cf9-f04cfa32ca1c@group-A7581056334D: change Leader from null to 7fd17b96-21f1-4559-9cf9-f04cfa32ca1c at term 1 for becomeLeader, leader elected after 1788ms
2019-09-24 02:31:43,783 [c1e062fb-0f4f-4fe4-a9d2-4bfe6af489a8@group-D3FDA83AC670:LeaderElection109] INFO  impl.RaftServerImpl (ServerState.java:setRaftConf(354)) - c1e062fb-0f4f-4fe4-a9d2-4bfe6af489a8@group-D3FDA83AC670: set configuration 0: [c1e062fb-0f4f-4fe4-a9d2-4bfe6af489a8:192.168.151.121:36311], old=null at 0
2019-09-24 02:31:43,783 [7fd17b96-21f1-4559-9cf9-f04cfa32ca1c@group-A7581056334D:LeaderElection108] INFO  server.RaftServerConfigKeys (ConfUtils.java:logGet(43)) - raft.server.staging.catchup.gap = 1000 (default)
2019-09-24 02:31:43,792 [7fd17b96-21f1-4559-9cf9-f04cfa32ca1c@group-A7581056334D:LeaderElection108] INFO  server.RaftServerConfigKeys (ConfUtils.java:logGet(43)) - raft.server.rpc.sleep.time = 25ms (default)
2019-09-24 02:31:43,792 [8eea7e4f-d008-4d85-a505-6e9b586abbfe@group-C6314B63DEEF-SegmentedRaftLogWorker] INFO  segmented.SegmentedRaftLogWorker (SegmentedRaftLogWorker.java:execute(569)) - 8eea7e4f-d008-4d85-a505-6e9b586abbfe@group-C6314B63DEEF-SegmentedRaftLogWorker: created new log segment /workdir/hadoop-ozone/integration-test/target/test-dir/MiniOzoneClusterImpl-3bdd15fc-dee8-458b-a154-153c8414505a/datanode-8/data/ratis/e3179e7f-482c-4bca-a4c8-c6314b63deef/current/log_inprogress_0
2019-09-24 02:31:43,792 [a7fc6e90-75b2-4f8f-bf01-6e094d7f48f9@group-F295C711455F-SegmentedRaftLogWorker] INFO  segmented.SegmentedRaftLogWorker (SegmentedRaftLogWorker.java:execute(569)) - a7fc6e90-75b2-4f8f-bf01-6e094d7f48f9@group-F295C711455F-SegmentedRaftLogWorker: created new log segment /workdir/hadoop-ozone/integration-test/target/test-dir/MiniOzoneClusterImpl-3bdd15fc-dee8-458b-a154-153c8414505a/datanode-7/data/ratis/20253338-e6bb-4f88-ba98-f295c711455f/current/log_inprogress_0
2019-09-24 02:31:43,793 [7fd17b96-21f1-4559-9cf9-f04cfa32ca1c@group-A7581056334D:LeaderElection108] INFO  server.RaftServerConfigKeys (ConfUtils.java:logGet(43)) - raft.server.write.element-limit = 4096 (default)
2019-09-24 02:31:43,793 [7fd17b96-21f1-4559-9cf9-f04cfa32ca1c@group-A7581056334D:LeaderElection108] INFO  server.RaftServerConfigKeys (ConfUtils.java:logGet(43)) - raft.server.watch.timeout = 10s (default)
2019-09-24 02:31:43,793 [7fd17b96-21f1-4559-9cf9-f04cfa32ca1c@group-A7581056334D:LeaderElection108] INFO  server.RaftServerConfigKeys (ConfUtils.java:logGet(43)) - raft.server.watch.timeout.denomination = 1s (default)
2019-09-24 02:31:43,793 [7fd17b96-21f1-4559-9cf9-f04cfa32ca1c@group-A7581056334D:LeaderElection108] INFO  server.RaftServerConfigKeys (ConfUtils.java:logGet(43)) - raft.server.watch.element-limit = 65536 (default)
2019-09-24 02:31:43,811 [7fd17b96-21f1-4559-9cf9-f04cfa32ca1c@group-A7581056334D:LeaderElection108] INFO  server.RaftServerConfigKeys (ConfUtils.java:logGet(43)) - raft.server.log.appender.snapshot.chunk.size.max = 16MB (=16777216) (default)
2019-09-24 02:31:43,811 [7fd17b96-21f1-4559-9cf9-f04cfa32ca1c@group-A7581056334D:LeaderElection108] INFO  server.RaftServerConfigKeys (ConfUtils.java:logGet(43)) - raft.server.log.appender.buffer.byte-limit = 33554432 (custom)
2019-09-24 02:31:43,811 [7fd17b96-21f1-4559-9cf9-f04cfa32ca1c@group-A7581056334D:LeaderElection108] INFO  server.RaftServerConfigKeys (ConfUtils.java:logGet(43)) - raft.server.log.appender.buffer.element-limit = 1 (custom)
2019-09-24 02:31:43,812 [7fd17b96-21f1-4559-9cf9-f04cfa32ca1c@group-A7581056334D:LeaderElection108] INFO  grpc.GrpcConfigKeys$Server (ConfUtils.java:logGet(43)) - raft.grpc.server.leader.outstanding.appends.max = 128 (default)
2019-09-24 02:31:43,812 [7fd17b96-21f1-4559-9cf9-f04cfa32ca1c@group-A7581056334D:LeaderElection108] INFO  server.RaftServerConfigKeys (ConfUtils.java:logGet(43)) - raft.server.rpc.request.timeout = 3000ms (default)
2019-09-24 02:31:43,812 [7fd17b96-21f1-4559-9cf9-f04cfa32ca1c@group-A7581056334D:LeaderElection108] INFO  server.RaftServerConfigKeys (ConfUtils.java:logGet(43)) - raft.server.log.appender.install.snapshot.enabled = false (custom)
2019-09-24 02:31:43,812 [7fd17b96-21f1-4559-9cf9-f04cfa32ca1c@group-A7581056334D:LeaderElection108] INFO  server.RaftServerConfigKeys (ConfUtils.java:logGet(43)) - raft.server.log.appender.snapshot.chunk.size.max = 16MB (=16777216) (default)
2019-09-24 02:31:43,812 [7fd17b96-21f1-4559-9cf9-f04cfa32ca1c@group-A7581056334D:LeaderElection108] INFO  server.RaftServerConfigKeys (ConfUtils.java:logGet(43)) - raft.server.log.appender.buffer.byte-limit = 33554432 (custom)
2019-09-24 02:31:43,812 [7fd17b96-21f1-4559-9cf9-f04cfa32ca1c@group-A7581056334D:LeaderElection108] INFO  server.RaftServerConfigKeys (ConfUtils.java:logGet(43)) - raft.server.log.appender.buffer.element-limit = 1 (custom)
2019-09-24 02:31:43,813 [7fd17b96-21f1-4559-9cf9-f04cfa32ca1c@group-A7581056334D:LeaderElection108] INFO  grpc.GrpcConfigKeys$Server (ConfUtils.java:logGet(43)) - raft.grpc.server.leader.outstanding.appends.max = 128 (default)
2019-09-24 02:31:43,813 [7fd17b96-21f1-4559-9cf9-f04cfa32ca1c@group-A7581056334D:LeaderElection108] INFO  server.RaftServerConfigKeys (ConfUtils.java:logGet(43)) - raft.server.rpc.request.timeout = 3000ms (default)
2019-09-24 02:31:43,813 [7fd17b96-21f1-4559-9cf9-f04cfa32ca1c@group-A7581056334D:LeaderElection108] INFO  server.RaftServerConfigKeys (ConfUtils.java:logGet(43)) - raft.server.log.appender.install.snapshot.enabled = false (custom)
2019-09-24 02:31:43,813 [7fd17b96-21f1-4559-9cf9-f04cfa32ca1c@group-A7581056334D:LeaderElection108] INFO  impl.RoleInfo (RoleInfo.java:updateAndGet(143)) - 7fd17b96-21f1-4559-9cf9-f04cfa32ca1c: start LeaderState
2019-09-24 02:31:43,813 [7fd17b96-21f1-4559-9cf9-f04cfa32ca1c@group-A7581056334D:LeaderElection108] INFO  segmented.SegmentedRaftLogWorker (SegmentedRaftLogWorker.java:startLogSegment(380)) - 7fd17b96-21f1-4559-9cf9-f04cfa32ca1c@group-A7581056334D-SegmentedRaftLogWorker: Starting segment from index:0
2019-09-24 02:31:43,830 [7fd17b96-21f1-4559-9cf9-f04cfa32ca1c@group-A7581056334D:LeaderElection108] INFO  impl.RaftServerImpl (ServerState.java:setRaftConf(354)) - 7fd17b96-21f1-4559-9cf9-f04cfa32ca1c@group-A7581056334D: set configuration 0: [ae1cc8d2-f95e-4ea0-a778-71138d7e5594:192.168.151.121:45961, 7fd17b96-21f1-4559-9cf9-f04cfa32ca1c:192.168.151.121:46706, 2b314ddf-a628-41df-afb5-827956264657:192.168.151.121:35278], old=null at 0
2019-09-24 02:31:43,926 [7fd17b96-21f1-4559-9cf9-f04cfa32ca1c@group-A7581056334D-SegmentedRaftLogWorker] INFO  segmented.SegmentedRaftLogWorker (SegmentedRaftLogWorker.java:execute(569)) - 7fd17b96-21f1-4559-9cf9-f04cfa32ca1c@group-A7581056334D-SegmentedRaftLogWorker: created new log segment /workdir/hadoop-ozone/integration-test/target/test-dir/MiniOzoneClusterImpl-3bdd15fc-dee8-458b-a154-153c8414505a/datanode-4/data/ratis/fb09286c-1438-4728-ac3c-a7581056334d/current/log_inprogress_0
2019-09-24 02:31:43,928 [c1e062fb-0f4f-4fe4-a9d2-4bfe6af489a8@group-D3FDA83AC670-SegmentedRaftLogWorker] INFO  segmented.SegmentedRaftLogWorker (SegmentedRaftLogWorker.java:execute(569)) - c1e062fb-0f4f-4fe4-a9d2-4bfe6af489a8@group-D3FDA83AC670-SegmentedRaftLogWorker: created new log segment /workdir/hadoop-ozone/integration-test/target/test-dir/MiniOzoneClusterImpl-3bdd15fc-dee8-458b-a154-153c8414505a/datanode-6/data/ratis/1732c84a-6558-490c-b461-d3fda83ac670/current/log_inprogress_0
2019-09-24 02:31:43,967 [grpc-default-executor-2] INFO  impl.RaftServerImpl (ServerState.java:setLeader(253)) - 2b314ddf-a628-41df-afb5-827956264657@group-A7581056334D: change Leader from null to 7fd17b96-21f1-4559-9cf9-f04cfa32ca1c at term 1 for appendEntries, leader elected after 1976ms
2019-09-24 02:31:43,985 [grpc-default-executor-2] INFO  impl.RaftServerImpl (ServerState.java:setRaftConf(354)) - 2b314ddf-a628-41df-afb5-827956264657@group-A7581056334D: set configuration 0: [ae1cc8d2-f95e-4ea0-a778-71138d7e5594:192.168.151.121:45961, 7fd17b96-21f1-4559-9cf9-f04cfa32ca1c:192.168.151.121:46706, 2b314ddf-a628-41df-afb5-827956264657:192.168.151.121:35278], old=null at 0
2019-09-24 02:31:43,985 [grpc-default-executor-2] INFO  segmented.SegmentedRaftLogWorker (SegmentedRaftLogWorker.java:startLogSegment(380)) - 2b314ddf-a628-41df-afb5-827956264657@group-A7581056334D-SegmentedRaftLogWorker: Starting segment from index:0
2019-09-24 02:31:43,986 [grpc-default-executor-2] INFO  impl.RaftServerImpl (RaftServerImpl.java:setRole(174)) - ae1cc8d2-f95e-4ea0-a778-71138d7e5594@group-A7581056334D: changes role from  FOLLOWER to FOLLOWER at term 1 for recognizeCandidate:7fd17b96-21f1-4559-9cf9-f04cfa32ca1c
2019-09-24 02:31:43,986 [grpc-default-executor-2] INFO  impl.RoleInfo (RoleInfo.java:shutdownFollowerState(121)) - ae1cc8d2-f95e-4ea0-a778-71138d7e5594: shutdown FollowerState
2019-09-24 02:31:44,026 [grpc-default-executor-2] INFO  impl.RoleInfo (RoleInfo.java:updateAndGet(143)) - ae1cc8d2-f95e-4ea0-a778-71138d7e5594: start FollowerState
2019-09-24 02:31:44,026 [Thread-7983] INFO  impl.FollowerState (FollowerState.java:run(115)) - ae1cc8d2-f95e-4ea0-a778-71138d7e5594: FollowerState was interrupted: java.lang.InterruptedException: sleep interrupted
2019-09-24 02:31:44,039 [2b314ddf-a628-41df-afb5-827956264657@group-A7581056334D-SegmentedRaftLogWorker] INFO  segmented.SegmentedRaftLogWorker (SegmentedRaftLogWorker.java:execute(569)) - 2b314ddf-a628-41df-afb5-827956264657@group-A7581056334D-SegmentedRaftLogWorker: created new log segment /workdir/hadoop-ozone/integration-test/target/test-dir/MiniOzoneClusterImpl-3bdd15fc-dee8-458b-a154-153c8414505a/datanode-5/data/ratis/fb09286c-1438-4728-ac3c-a7581056334d/current/log_inprogress_0
2019-09-24 02:31:44,039 [grpc-default-executor-0] INFO  impl.RaftServerImpl (ServerState.java:setLeader(253)) - ae1cc8d2-f95e-4ea0-a778-71138d7e5594@group-A7581056334D: change Leader from null to 7fd17b96-21f1-4559-9cf9-f04cfa32ca1c at term 1 for appendEntries, leader elected after 2049ms
2019-09-24 02:31:44,040 [8eea7e4f-d008-4d85-a505-6e9b586abbfe@group-0E5E712D3A28:LeaderElection112] INFO  impl.LeaderElection (LeaderElection.java:logAndReturn(56)) - 8eea7e4f-d008-4d85-a505-6e9b586abbfe@group-0E5E712D3A28:LeaderElection112: Election REJECTED; received 2 response(s) [8eea7e4f-d008-4d85-a505-6e9b586abbfe<-c1e062fb-0f4f-4fe4-a9d2-4bfe6af489a8#0:FAIL-t1, 8eea7e4f-d008-4d85-a505-6e9b586abbfe<-a7fc6e90-75b2-4f8f-bf01-6e094d7f48f9#0:FAIL-t1] and 0 exception(s); 8eea7e4f-d008-4d85-a505-6e9b586abbfe@group-0E5E712D3A28:t1, leader=null, voted=8eea7e4f-d008-4d85-a505-6e9b586abbfe, raftlog=8eea7e4f-d008-4d85-a505-6e9b586abbfe@group-0E5E712D3A28-SegmentedRaftLog:OPENED:c-1,f-1,i0, conf=-1: [c1e062fb-0f4f-4fe4-a9d2-4bfe6af489a8:192.168.151.121:36311, 8eea7e4f-d008-4d85-a505-6e9b586abbfe:192.168.151.121:42114, a7fc6e90-75b2-4f8f-bf01-6e094d7f48f9:192.168.151.121:34093], old=null
2019-09-24 02:31:44,040 [a7fc6e90-75b2-4f8f-bf01-6e094d7f48f9@group-0E5E712D3A28:LeaderElection106] INFO  impl.LeaderElection (LeaderElection.java:logAndReturn(56)) - a7fc6e90-75b2-4f8f-bf01-6e094d7f48f9@group-0E5E712D3A28:LeaderElection106: Election REJECTED; received 2 response(s) [a7fc6e90-75b2-4f8f-bf01-6e094d7f48f9<-c1e062fb-0f4f-4fe4-a9d2-4bfe6af489a8#0:FAIL-t1, a7fc6e90-75b2-4f8f-bf01-6e094d7f48f9<-8eea7e4f-d008-4d85-a505-6e9b586abbfe#0:FAIL-t1] and 0 exception(s); a7fc6e90-75b2-4f8f-bf01-6e094d7f48f9@group-0E5E712D3A28:t1, leader=null, voted=a7fc6e90-75b2-4f8f-bf01-6e094d7f48f9, raftlog=a7fc6e90-75b2-4f8f-bf01-6e094d7f48f9@group-0E5E712D3A28-SegmentedRaftLog:OPENED:c-1,f-1,i0, conf=-1: [c1e062fb-0f4f-4fe4-a9d2-4bfe6af489a8:192.168.151.121:36311, 8eea7e4f-d008-4d85-a505-6e9b586abbfe:192.168.151.121:42114, a7fc6e90-75b2-4f8f-bf01-6e094d7f48f9:192.168.151.121:34093], old=null
2019-09-24 02:31:44,042 [8eea7e4f-d008-4d85-a505-6e9b586abbfe@group-0E5E712D3A28:LeaderElection112] INFO  impl.RaftServerImpl (RaftServerImpl.java:setRole(174)) - 8eea7e4f-d008-4d85-a505-6e9b586abbfe@group-0E5E712D3A28: changes role from CANDIDATE to FOLLOWER at term 1 for DISCOVERED_A_NEW_TERM
2019-09-24 02:31:44,042 [a7fc6e90-75b2-4f8f-bf01-6e094d7f48f9@group-0E5E712D3A28:LeaderElection106] INFO  impl.RaftServerImpl (RaftServerImpl.java:setRole(174)) - a7fc6e90-75b2-4f8f-bf01-6e094d7f48f9@group-0E5E712D3A28: changes role from CANDIDATE to FOLLOWER at term 1 for DISCOVERED_A_NEW_TERM
2019-09-24 02:31:44,047 [a7fc6e90-75b2-4f8f-bf01-6e094d7f48f9@group-0E5E712D3A28:LeaderElection106] INFO  impl.RoleInfo (RoleInfo.java:shutdownLeaderElection(134)) - a7fc6e90-75b2-4f8f-bf01-6e094d7f48f9: shutdown LeaderElection
2019-09-24 02:31:44,045 [8eea7e4f-d008-4d85-a505-6e9b586abbfe@group-0E5E712D3A28:LeaderElection112] INFO  impl.RoleInfo (RoleInfo.java:shutdownLeaderElection(134)) - 8eea7e4f-d008-4d85-a505-6e9b586abbfe: shutdown LeaderElection
2019-09-24 02:31:44,047 [a7fc6e90-75b2-4f8f-bf01-6e094d7f48f9@group-0E5E712D3A28:LeaderElection106] INFO  impl.RoleInfo (RoleInfo.java:updateAndGet(143)) - a7fc6e90-75b2-4f8f-bf01-6e094d7f48f9: start FollowerState
2019-09-24 02:31:44,047 [8eea7e4f-d008-4d85-a505-6e9b586abbfe@group-0E5E712D3A28:LeaderElection112] INFO  impl.RoleInfo (RoleInfo.java:updateAndGet(143)) - 8eea7e4f-d008-4d85-a505-6e9b586abbfe: start FollowerState
2019-09-24 02:31:44,051 [c1e062fb-0f4f-4fe4-a9d2-4bfe6af489a8@group-0E5E712D3A28:LeaderElection107] INFO  impl.LeaderElection (LeaderElection.java:logAndReturn(56)) - c1e062fb-0f4f-4fe4-a9d2-4bfe6af489a8@group-0E5E712D3A28:LeaderElection107: Election REJECTED; received 2 response(s) [c1e062fb-0f4f-4fe4-a9d2-4bfe6af489a8<-8eea7e4f-d008-4d85-a505-6e9b586abbfe#0:FAIL-t1, c1e062fb-0f4f-4fe4-a9d2-4bfe6af489a8<-a7fc6e90-75b2-4f8f-bf01-6e094d7f48f9#0:FAIL-t1] and 0 exception(s); c1e062fb-0f4f-4fe4-a9d2-4bfe6af489a8@group-0E5E712D3A28:t1, leader=null, voted=c1e062fb-0f4f-4fe4-a9d2-4bfe6af489a8, raftlog=c1e062fb-0f4f-4fe4-a9d2-4bfe6af489a8@group-0E5E712D3A28-SegmentedRaftLog:OPENED:c-1,f-1,i0, conf=-1: [c1e062fb-0f4f-4fe4-a9d2-4bfe6af489a8:192.168.151.121:36311, 8eea7e4f-d008-4d85-a505-6e9b586abbfe:192.168.151.121:42114, a7fc6e90-75b2-4f8f-bf01-6e094d7f48f9:192.168.151.121:34093], old=null
2019-09-24 02:31:44,053 [grpc-default-executor-0] INFO  impl.RaftServerImpl (ServerState.java:setRaftConf(354)) - ae1cc8d2-f95e-4ea0-a778-71138d7e5594@group-A7581056334D: set configuration 0: [ae1cc8d2-f95e-4ea0-a778-71138d7e5594:192.168.151.121:45961, 7fd17b96-21f1-4559-9cf9-f04cfa32ca1c:192.168.151.121:46706, 2b314ddf-a628-41df-afb5-827956264657:192.168.151.121:35278], old=null at 0
2019-09-24 02:31:44,053 [c1e062fb-0f4f-4fe4-a9d2-4bfe6af489a8@group-0E5E712D3A28:LeaderElection107] INFO  impl.RaftServerImpl (RaftServerImpl.java:setRole(174)) - c1e062fb-0f4f-4fe4-a9d2-4bfe6af489a8@group-0E5E712D3A28: changes role from CANDIDATE to FOLLOWER at term 1 for DISCOVERED_A_NEW_TERM
2019-09-24 02:31:44,054 [grpc-default-executor-0] INFO  segmented.SegmentedRaftLogWorker (SegmentedRaftLogWorker.java:startLogSegment(380)) - ae1cc8d2-f95e-4ea0-a778-71138d7e5594@group-A7581056334D-SegmentedRaftLogWorker: Starting segment from index:0
2019-09-24 02:31:44,056 [c1e062fb-0f4f-4fe4-a9d2-4bfe6af489a8@group-0E5E712D3A28:LeaderElection107] INFO  impl.RoleInfo (RoleInfo.java:shutdownLeaderElection(134)) - c1e062fb-0f4f-4fe4-a9d2-4bfe6af489a8: shutdown LeaderElection
2019-09-24 02:31:44,056 [c1e062fb-0f4f-4fe4-a9d2-4bfe6af489a8@group-0E5E712D3A28:LeaderElection107] INFO  impl.RoleInfo (RoleInfo.java:updateAndGet(143)) - c1e062fb-0f4f-4fe4-a9d2-4bfe6af489a8: start FollowerState
2019-09-24 02:31:44,103 [ae1cc8d2-f95e-4ea0-a778-71138d7e5594@group-A7581056334D-SegmentedRaftLogWorker] INFO  segmented.SegmentedRaftLogWorker (SegmentedRaftLogWorker.java:execute(569)) - ae1cc8d2-f95e-4ea0-a778-71138d7e5594@group-A7581056334D-SegmentedRaftLogWorker: created new log segment /workdir/hadoop-ozone/integration-test/target/test-dir/MiniOzoneClusterImpl-3bdd15fc-dee8-458b-a154-153c8414505a/datanode-3/data/ratis/fb09286c-1438-4728-ac3c-a7581056334d/current/log_inprogress_0
2019-09-24 02:31:44,339 [Thread-7954] INFO  container.ReplicationManager (ReplicationManager.java:start(162)) - Starting Replication Monitor Thread.
2019-09-24 02:31:44,343 [ReplicationMonitor] INFO  container.ReplicationManager (ReplicationManager.java:run(225)) - Replication Monitor Thread took 0 milliseconds for processing 0 containers.
2019-09-24 02:31:44,513 [Thread-7980] INFO  impl.FollowerState (FollowerState.java:run(106)) - 2b314ddf-a628-41df-afb5-827956264657:group-1564FE1CC81B changes to CANDIDATE, lastRpcTime:2567, electionTimeout:1073ms
2019-09-24 02:31:44,513 [Thread-7980] INFO  impl.RoleInfo (RoleInfo.java:shutdownFollowerState(121)) - 2b314ddf-a628-41df-afb5-827956264657: shutdown FollowerState
2019-09-24 02:31:44,513 [Thread-7980] INFO  impl.RaftServerImpl (RaftServerImpl.java:setRole(174)) - 2b314ddf-a628-41df-afb5-827956264657@group-1564FE1CC81B: changes role from  FOLLOWER to CANDIDATE at term 0 for changeToCandidate
2019-09-24 02:31:44,513 [Thread-7980] INFO  impl.RoleInfo (RoleInfo.java:updateAndGet(143)) - 2b314ddf-a628-41df-afb5-827956264657: start LeaderElection
2019-09-24 02:31:44,539 [2b314ddf-a628-41df-afb5-827956264657@group-1564FE1CC81B:LeaderElection113] INFO  impl.LeaderElection (LeaderElection.java:askForVotes(182)) - 2b314ddf-a628-41df-afb5-827956264657@group-1564FE1CC81B:LeaderElection113: begin an election at term 1 for -1: [2b314ddf-a628-41df-afb5-827956264657:192.168.151.121:35278], old=null
2019-09-24 02:31:44,539 [2b314ddf-a628-41df-afb5-827956264657@group-1564FE1CC81B:LeaderElection113] INFO  impl.RoleInfo (RoleInfo.java:shutdownLeaderElection(134)) - 2b314ddf-a628-41df-afb5-827956264657: shutdown LeaderElection
2019-09-24 02:31:44,539 [2b314ddf-a628-41df-afb5-827956264657@group-1564FE1CC81B:LeaderElection113] INFO  impl.RaftServerImpl (RaftServerImpl.java:setRole(174)) - 2b314ddf-a628-41df-afb5-827956264657@group-1564FE1CC81B: changes role from CANDIDATE to LEADER at term 1 for changeToLeader
2019-09-24 02:31:44,539 [2b314ddf-a628-41df-afb5-827956264657@group-1564FE1CC81B:LeaderElection113] INFO  impl.RaftServerImpl (ServerState.java:setLeader(253)) - 2b314ddf-a628-41df-afb5-827956264657@group-1564FE1CC81B: change Leader from null to 2b314ddf-a628-41df-afb5-827956264657 at term 1 for becomeLeader, leader elected after 2600ms
2019-09-24 02:31:44,539 [2b314ddf-a628-41df-afb5-827956264657@group-1564FE1CC81B:LeaderElection113] INFO  server.RaftServerConfigKeys (ConfUtils.java:logGet(43)) - raft.server.staging.catchup.gap = 1000 (default)
2019-09-24 02:31:44,539 [2b314ddf-a628-41df-afb5-827956264657@group-1564FE1CC81B:LeaderElection113] INFO  server.RaftServerConfigKeys (ConfUtils.java:logGet(43)) - raft.server.rpc.sleep.time = 25ms (default)
2019-09-24 02:31:44,540 [2b314ddf-a628-41df-afb5-827956264657@group-1564FE1CC81B:LeaderElection113] INFO  server.RaftServerConfigKeys (ConfUtils.java:logGet(43)) - raft.server.write.element-limit = 4096 (default)
2019-09-24 02:31:44,540 [2b314ddf-a628-41df-afb5-827956264657@group-1564FE1CC81B:LeaderElection113] INFO  server.RaftServerConfigKeys (ConfUtils.java:logGet(43)) - raft.server.watch.timeout = 10s (default)
2019-09-24 02:31:44,540 [2b314ddf-a628-41df-afb5-827956264657@group-1564FE1CC81B:LeaderElection113] INFO  server.RaftServerConfigKeys (ConfUtils.java:logGet(43)) - raft.server.watch.timeout.denomination = 1s (default)
2019-09-24 02:31:44,540 [2b314ddf-a628-41df-afb5-827956264657@group-1564FE1CC81B:LeaderElection113] INFO  server.RaftServerConfigKeys (ConfUtils.java:logGet(43)) - raft.server.watch.element-limit = 65536 (default)
2019-09-24 02:31:44,542 [2b314ddf-a628-41df-afb5-827956264657@group-1564FE1CC81B:LeaderElection113] INFO  impl.RoleInfo (RoleInfo.java:updateAndGet(143)) - 2b314ddf-a628-41df-afb5-827956264657: start LeaderState
2019-09-24 02:31:44,543 [2b314ddf-a628-41df-afb5-827956264657@group-1564FE1CC81B:LeaderElection113] INFO  segmented.SegmentedRaftLogWorker (SegmentedRaftLogWorker.java:startLogSegment(380)) - 2b314ddf-a628-41df-afb5-827956264657@group-1564FE1CC81B-SegmentedRaftLogWorker: Starting segment from index:0
2019-09-24 02:31:44,543 [2b314ddf-a628-41df-afb5-827956264657@group-1564FE1CC81B:LeaderElection113] INFO  impl.RaftServerImpl (ServerState.java:setRaftConf(354)) - 2b314ddf-a628-41df-afb5-827956264657@group-1564FE1CC81B: set configuration 0: [2b314ddf-a628-41df-afb5-827956264657:192.168.151.121:35278], old=null at 0
2019-09-24 02:31:44,588 [Thread-7977] INFO  impl.FollowerState (FollowerState.java:run(106)) - 7fd17b96-21f1-4559-9cf9-f04cfa32ca1c:group-6F4A402ED8F1 changes to CANDIDATE, lastRpcTime:2718, electionTimeout:1081ms
2019-09-24 02:31:44,588 [Thread-7977] INFO  impl.RoleInfo (RoleInfo.java:shutdownFollowerState(121)) - 7fd17b96-21f1-4559-9cf9-f04cfa32ca1c: shutdown FollowerState
2019-09-24 02:31:44,588 [Thread-7977] INFO  impl.RaftServerImpl (RaftServerImpl.java:setRole(174)) - 7fd17b96-21f1-4559-9cf9-f04cfa32ca1c@group-6F4A402ED8F1: changes role from  FOLLOWER to CANDIDATE at term 0 for changeToCandidate
2019-09-24 02:31:44,588 [Thread-7977] INFO  impl.RoleInfo (RoleInfo.java:updateAndGet(143)) - 7fd17b96-21f1-4559-9cf9-f04cfa32ca1c: start LeaderElection
2019-09-24 02:31:44,599 [2b314ddf-a628-41df-afb5-827956264657@group-1564FE1CC81B-SegmentedRaftLogWorker] INFO  segmented.SegmentedRaftLogWorker (SegmentedRaftLogWorker.java:execute(569)) - 2b314ddf-a628-41df-afb5-827956264657@group-1564FE1CC81B-SegmentedRaftLogWorker: created new log segment /workdir/hadoop-ozone/integration-test/target/test-dir/MiniOzoneClusterImpl-3bdd15fc-dee8-458b-a154-153c8414505a/datanode-5/data/ratis/077c2894-da48-4a84-b21b-1564fe1cc81b/current/log_inprogress_0
2019-09-24 02:31:44,600 [7fd17b96-21f1-4559-9cf9-f04cfa32ca1c@group-6F4A402ED8F1:LeaderElection114] INFO  impl.LeaderElection (LeaderElection.java:askForVotes(182)) - 7fd17b96-21f1-4559-9cf9-f04cfa32ca1c@group-6F4A402ED8F1:LeaderElection114: begin an election at term 1 for -1: [7fd17b96-21f1-4559-9cf9-f04cfa32ca1c:192.168.151.121:46706], old=null
2019-09-24 02:31:44,600 [7fd17b96-21f1-4559-9cf9-f04cfa32ca1c@group-6F4A402ED8F1:LeaderElection114] INFO  impl.RoleInfo (RoleInfo.java:shutdownLeaderElection(134)) - 7fd17b96-21f1-4559-9cf9-f04cfa32ca1c: shutdown LeaderElection
2019-09-24 02:31:44,600 [7fd17b96-21f1-4559-9cf9-f04cfa32ca1c@group-6F4A402ED8F1:LeaderElection114] INFO  impl.RaftServerImpl (RaftServerImpl.java:setRole(174)) - 7fd17b96-21f1-4559-9cf9-f04cfa32ca1c@group-6F4A402ED8F1: changes role from CANDIDATE to LEADER at term 1 for changeToLeader
2019-09-24 02:31:44,600 [7fd17b96-21f1-4559-9cf9-f04cfa32ca1c@group-6F4A402ED8F1:LeaderElection114] INFO  impl.RaftServerImpl (ServerState.java:setLeader(253)) - 7fd17b96-21f1-4559-9cf9-f04cfa32ca1c@group-6F4A402ED8F1: change Leader from null to 7fd17b96-21f1-4559-9cf9-f04cfa32ca1c at term 1 for becomeLeader, leader elected after 2736ms
2019-09-24 02:31:44,600 [7fd17b96-21f1-4559-9cf9-f04cfa32ca1c@group-6F4A402ED8F1:LeaderElection114] INFO  server.RaftServerConfigKeys (ConfUtils.java:logGet(43)) - raft.server.staging.catchup.gap = 1000 (default)
2019-09-24 02:31:44,600 [7fd17b96-21f1-4559-9cf9-f04cfa32ca1c@group-6F4A402ED8F1:LeaderElection114] INFO  server.RaftServerConfigKeys (ConfUtils.java:logGet(43)) - raft.server.rpc.sleep.time = 25ms (default)
2019-09-24 02:31:44,601 [7fd17b96-21f1-4559-9cf9-f04cfa32ca1c@group-6F4A402ED8F1:LeaderElection114] INFO  server.RaftServerConfigKeys (ConfUtils.java:logGet(43)) - raft.server.write.element-limit = 4096 (default)
2019-09-24 02:31:44,601 [7fd17b96-21f1-4559-9cf9-f04cfa32ca1c@group-6F4A402ED8F1:LeaderElection114] INFO  server.RaftServerConfigKeys (ConfUtils.java:logGet(43)) - raft.server.watch.timeout = 10s (default)
2019-09-24 02:31:44,601 [7fd17b96-21f1-4559-9cf9-f04cfa32ca1c@group-6F4A402ED8F1:LeaderElection114] INFO  server.RaftServerConfigKeys (ConfUtils.java:logGet(43)) - raft.server.watch.timeout.denomination = 1s (default)
2019-09-24 02:31:44,601 [7fd17b96-21f1-4559-9cf9-f04cfa32ca1c@group-6F4A402ED8F1:LeaderElection114] INFO  server.RaftServerConfigKeys (ConfUtils.java:logGet(43)) - raft.server.watch.element-limit = 65536 (default)
2019-09-24 02:31:44,603 [7fd17b96-21f1-4559-9cf9-f04cfa32ca1c@group-6F4A402ED8F1:LeaderElection114] INFO  impl.RoleInfo (RoleInfo.java:updateAndGet(143)) - 7fd17b96-21f1-4559-9cf9-f04cfa32ca1c: start LeaderState
2019-09-24 02:31:44,603 [7fd17b96-21f1-4559-9cf9-f04cfa32ca1c@group-6F4A402ED8F1:LeaderElection114] INFO  segmented.SegmentedRaftLogWorker (SegmentedRaftLogWorker.java:startLogSegment(380)) - 7fd17b96-21f1-4559-9cf9-f04cfa32ca1c@group-6F4A402ED8F1-SegmentedRaftLogWorker: Starting segment from index:0
2019-09-24 02:31:44,604 [7fd17b96-21f1-4559-9cf9-f04cfa32ca1c@group-6F4A402ED8F1:LeaderElection114] INFO  impl.RaftServerImpl (ServerState.java:setRaftConf(354)) - 7fd17b96-21f1-4559-9cf9-f04cfa32ca1c@group-6F4A402ED8F1: set configuration 0: [7fd17b96-21f1-4559-9cf9-f04cfa32ca1c:192.168.151.121:46706], old=null at 0
2019-09-24 02:31:44,648 [main] INFO  ipc.Client (Client.java:handleConnectionFailure(948)) - Retrying connect to server: localhost/127.0.0.1:0. Already tried 0 time(s); retry policy is RetryUpToMaximumCountWithFixedSleep(maxRetries=10, sleepTime=1000 MILLISECONDS)
2019-09-24 02:31:44,648 [Thread-7974] INFO  impl.FollowerState (FollowerState.java:run(106)) - ae1cc8d2-f95e-4ea0-a778-71138d7e5594:group-119BED446774 changes to CANDIDATE, lastRpcTime:2830, electionTimeout:1145ms
2019-09-24 02:31:44,649 [Thread-7974] INFO  impl.RoleInfo (RoleInfo.java:shutdownFollowerState(121)) - ae1cc8d2-f95e-4ea0-a778-71138d7e5594: shutdown FollowerState
2019-09-24 02:31:44,649 [Thread-7974] INFO  impl.RaftServerImpl (RaftServerImpl.java:setRole(174)) - ae1cc8d2-f95e-4ea0-a778-71138d7e5594@group-119BED446774: changes role from  FOLLOWER to CANDIDATE at term 0 for changeToCandidate
2019-09-24 02:31:44,649 [Thread-7974] INFO  impl.RoleInfo (RoleInfo.java:updateAndGet(143)) - ae1cc8d2-f95e-4ea0-a778-71138d7e5594: start LeaderElection
2019-09-24 02:31:44,661 [7fd17b96-21f1-4559-9cf9-f04cfa32ca1c@group-6F4A402ED8F1-SegmentedRaftLogWorker] INFO  segmented.SegmentedRaftLogWorker (SegmentedRaftLogWorker.java:execute(569)) - 7fd17b96-21f1-4559-9cf9-f04cfa32ca1c@group-6F4A402ED8F1-SegmentedRaftLogWorker: created new log segment /workdir/hadoop-ozone/integration-test/target/test-dir/MiniOzoneClusterImpl-3bdd15fc-dee8-458b-a154-153c8414505a/datanode-4/data/ratis/f284fc99-e50f-4bee-9b9c-6f4a402ed8f1/current/log_inprogress_0
2019-09-24 02:31:44,661 [ae1cc8d2-f95e-4ea0-a778-71138d7e5594@group-119BED446774:LeaderElection115] INFO  impl.LeaderElection (LeaderElection.java:askForVotes(182)) - ae1cc8d2-f95e-4ea0-a778-71138d7e5594@group-119BED446774:LeaderElection115: begin an election at term 1 for -1: [ae1cc8d2-f95e-4ea0-a778-71138d7e5594:192.168.151.121:45961], old=null
2019-09-24 02:31:44,661 [ae1cc8d2-f95e-4ea0-a778-71138d7e5594@group-119BED446774:LeaderElection115] INFO  impl.RoleInfo (RoleInfo.java:shutdownLeaderElection(134)) - ae1cc8d2-f95e-4ea0-a778-71138d7e5594: shutdown LeaderElection
2019-09-24 02:31:44,661 [ae1cc8d2-f95e-4ea0-a778-71138d7e5594@group-119BED446774:LeaderElection115] INFO  impl.RaftServerImpl (RaftServerImpl.java:setRole(174)) - ae1cc8d2-f95e-4ea0-a778-71138d7e5594@group-119BED446774: changes role from CANDIDATE to LEADER at term 1 for changeToLeader
2019-09-24 02:31:44,662 [ae1cc8d2-f95e-4ea0-a778-71138d7e5594@group-119BED446774:LeaderElection115] INFO  impl.RaftServerImpl (ServerState.java:setLeader(253)) - ae1cc8d2-f95e-4ea0-a778-71138d7e5594@group-119BED446774: change Leader from null to ae1cc8d2-f95e-4ea0-a778-71138d7e5594 at term 1 for becomeLeader, leader elected after 2852ms
2019-09-24 02:31:44,662 [ae1cc8d2-f95e-4ea0-a778-71138d7e5594@group-119BED446774:LeaderElection115] INFO  server.RaftServerConfigKeys (ConfUtils.java:logGet(43)) - raft.server.staging.catchup.gap = 1000 (default)
2019-09-24 02:31:44,662 [ae1cc8d2-f95e-4ea0-a778-71138d7e5594@group-119BED446774:LeaderElection115] INFO  server.RaftServerConfigKeys (ConfUtils.java:logGet(43)) - raft.server.rpc.sleep.time = 25ms (default)
2019-09-24 02:31:44,662 [ae1cc8d2-f95e-4ea0-a778-71138d7e5594@group-119BED446774:LeaderElection115] INFO  server.RaftServerConfigKeys (ConfUtils.java:logGet(43)) - raft.server.write.element-limit = 4096 (default)
2019-09-24 02:31:44,662 [ae1cc8d2-f95e-4ea0-a778-71138d7e5594@group-119BED446774:LeaderElection115] INFO  server.RaftServerConfigKeys (ConfUtils.java:logGet(43)) - raft.server.watch.timeout = 10s (default)
2019-09-24 02:31:44,662 [ae1cc8d2-f95e-4ea0-a778-71138d7e5594@group-119BED446774:LeaderElection115] INFO  server.RaftServerConfigKeys (ConfUtils.java:logGet(43)) - raft.server.watch.timeout.denomination = 1s (default)
2019-09-24 02:31:44,662 [ae1cc8d2-f95e-4ea0-a778-71138d7e5594@group-119BED446774:LeaderElection115] INFO  server.RaftServerConfigKeys (ConfUtils.java:logGet(43)) - raft.server.watch.element-limit = 65536 (default)
2019-09-24 02:31:44,664 [ae1cc8d2-f95e-4ea0-a778-71138d7e5594@group-119BED446774:LeaderElection115] INFO  impl.RoleInfo (RoleInfo.java:updateAndGet(143)) - ae1cc8d2-f95e-4ea0-a778-71138d7e5594: start LeaderState
2019-09-24 02:31:44,665 [ae1cc8d2-f95e-4ea0-a778-71138d7e5594@group-119BED446774:LeaderElection115] INFO  segmented.SegmentedRaftLogWorker (SegmentedRaftLogWorker.java:startLogSegment(380)) - ae1cc8d2-f95e-4ea0-a778-71138d7e5594@group-119BED446774-SegmentedRaftLogWorker: Starting segment from index:0
2019-09-24 02:31:44,665 [ae1cc8d2-f95e-4ea0-a778-71138d7e5594@group-119BED446774:LeaderElection115] INFO  impl.RaftServerImpl (ServerState.java:setRaftConf(354)) - ae1cc8d2-f95e-4ea0-a778-71138d7e5594@group-119BED446774: set configuration 0: [ae1cc8d2-f95e-4ea0-a778-71138d7e5594:192.168.151.121:45961], old=null at 0
2019-09-24 02:31:44,721 [ae1cc8d2-f95e-4ea0-a778-71138d7e5594@group-119BED446774-SegmentedRaftLogWorker] INFO  segmented.SegmentedRaftLogWorker (SegmentedRaftLogWorker.java:execute(569)) - ae1cc8d2-f95e-4ea0-a778-71138d7e5594@group-119BED446774-SegmentedRaftLogWorker: created new log segment /workdir/hadoop-ozone/integration-test/target/test-dir/MiniOzoneClusterImpl-3bdd15fc-dee8-458b-a154-153c8414505a/datanode-3/data/ratis/ae709f98-3a1f-4317-8546-119bed446774/current/log_inprogress_0
2019-09-24 02:31:45,066 [Thread-8060] INFO  impl.FollowerState (FollowerState.java:run(106)) - 8eea7e4f-d008-4d85-a505-6e9b586abbfe:group-0E5E712D3A28 changes to CANDIDATE, lastRpcTime:1018, electionTimeout:1018ms
2019-09-24 02:31:45,066 [Thread-8060] INFO  impl.RoleInfo (RoleInfo.java:shutdownFollowerState(121)) - 8eea7e4f-d008-4d85-a505-6e9b586abbfe: shutdown FollowerState
2019-09-24 02:31:45,067 [Thread-8060] INFO  impl.RaftServerImpl (RaftServerImpl.java:setRole(174)) - 8eea7e4f-d008-4d85-a505-6e9b586abbfe@group-0E5E712D3A28: changes role from  FOLLOWER to CANDIDATE at term 1 for changeToCandidate
2019-09-24 02:31:45,067 [Thread-8060] INFO  impl.RoleInfo (RoleInfo.java:updateAndGet(143)) - 8eea7e4f-d008-4d85-a505-6e9b586abbfe: start LeaderElection
2019-09-24 02:31:45,081 [8eea7e4f-d008-4d85-a505-6e9b586abbfe@group-0E5E712D3A28:LeaderElection116] INFO  impl.LeaderElection (LeaderElection.java:askForVotes(182)) - 8eea7e4f-d008-4d85-a505-6e9b586abbfe@group-0E5E712D3A28:LeaderElection116: begin an election at term 2 for -1: [c1e062fb-0f4f-4fe4-a9d2-4bfe6af489a8:192.168.151.121:36311, 8eea7e4f-d008-4d85-a505-6e9b586abbfe:192.168.151.121:42114, a7fc6e90-75b2-4f8f-bf01-6e094d7f48f9:192.168.151.121:34093], old=null
2019-09-24 02:31:45,084 [grpc-default-executor-0] INFO  impl.RaftServerImpl (RaftServerImpl.java:setRole(174)) - c1e062fb-0f4f-4fe4-a9d2-4bfe6af489a8@group-0E5E712D3A28: changes role from  FOLLOWER to FOLLOWER at term 2 for recognizeCandidate:8eea7e4f-d008-4d85-a505-6e9b586abbfe
2019-09-24 02:31:45,084 [grpc-default-executor-2] INFO  impl.RaftServerImpl (RaftServerImpl.java:setRole(174)) - a7fc6e90-75b2-4f8f-bf01-6e094d7f48f9@group-0E5E712D3A28: changes role from  FOLLOWER to FOLLOWER at term 2 for recognizeCandidate:8eea7e4f-d008-4d85-a505-6e9b586abbfe
2019-09-24 02:31:45,085 [grpc-default-executor-0] INFO  impl.RoleInfo (RoleInfo.java:shutdownFollowerState(121)) - c1e062fb-0f4f-4fe4-a9d2-4bfe6af489a8: shutdown FollowerState
2019-09-24 02:31:45,085 [grpc-default-executor-2] INFO  impl.RoleInfo (RoleInfo.java:shutdownFollowerState(121)) - a7fc6e90-75b2-4f8f-bf01-6e094d7f48f9: shutdown FollowerState
2019-09-24 02:31:45,085 [grpc-default-executor-0] INFO  impl.RoleInfo (RoleInfo.java:updateAndGet(143)) - c1e062fb-0f4f-4fe4-a9d2-4bfe6af489a8: start FollowerState
2019-09-24 02:31:45,085 [Thread-8062] INFO  impl.FollowerState (FollowerState.java:run(115)) - c1e062fb-0f4f-4fe4-a9d2-4bfe6af489a8: FollowerState was interrupted: java.lang.InterruptedException: sleep interrupted
2019-09-24 02:31:45,085 [grpc-default-executor-2] INFO  impl.RoleInfo (RoleInfo.java:updateAndGet(143)) - a7fc6e90-75b2-4f8f-bf01-6e094d7f48f9: start FollowerState
2019-09-24 02:31:45,085 [Thread-8059] INFO  impl.FollowerState (FollowerState.java:run(115)) - a7fc6e90-75b2-4f8f-bf01-6e094d7f48f9: FollowerState was interrupted: java.lang.InterruptedException: sleep interrupted
2019-09-24 02:31:45,101 [8eea7e4f-d008-4d85-a505-6e9b586abbfe@group-0E5E712D3A28:LeaderElection116] INFO  impl.LeaderElection (LeaderElection.java:logAndReturn(56)) - 8eea7e4f-d008-4d85-a505-6e9b586abbfe@group-0E5E712D3A28:LeaderElection116: Election PASSED; received 1 response(s) [8eea7e4f-d008-4d85-a505-6e9b586abbfe<-a7fc6e90-75b2-4f8f-bf01-6e094d7f48f9#0:OK-t2] and 0 exception(s); 8eea7e4f-d008-4d85-a505-6e9b586abbfe@group-0E5E712D3A28:t2, leader=null, voted=8eea7e4f-d008-4d85-a505-6e9b586abbfe, raftlog=8eea7e4f-d008-4d85-a505-6e9b586abbfe@group-0E5E712D3A28-SegmentedRaftLog:OPENED:c-1,f-1,i0, conf=-1: [c1e062fb-0f4f-4fe4-a9d2-4bfe6af489a8:192.168.151.121:36311, 8eea7e4f-d008-4d85-a505-6e9b586abbfe:192.168.151.121:42114, a7fc6e90-75b2-4f8f-bf01-6e094d7f48f9:192.168.151.121:34093], old=null
2019-09-24 02:31:45,101 [8eea7e4f-d008-4d85-a505-6e9b586abbfe@group-0E5E712D3A28:LeaderElection116] INFO  impl.RoleInfo (RoleInfo.java:shutdownLeaderElection(134)) - 8eea7e4f-d008-4d85-a505-6e9b586abbfe: shutdown LeaderElection
2019-09-24 02:31:45,101 [8eea7e4f-d008-4d85-a505-6e9b586abbfe@group-0E5E712D3A28:LeaderElection116] INFO  impl.RaftServerImpl (RaftServerImpl.java:setRole(174)) - 8eea7e4f-d008-4d85-a505-6e9b586abbfe@group-0E5E712D3A28: changes role from CANDIDATE to LEADER at term 2 for changeToLeader
2019-09-24 02:31:45,101 [8eea7e4f-d008-4d85-a505-6e9b586abbfe@group-0E5E712D3A28:LeaderElection116] INFO  impl.RaftServerImpl (ServerState.java:setLeader(253)) - 8eea7e4f-d008-4d85-a505-6e9b586abbfe@group-0E5E712D3A28: change Leader from null to 8eea7e4f-d008-4d85-a505-6e9b586abbfe at term 2 for becomeLeader, leader elected after 2835ms
2019-09-24 02:31:45,101 [8eea7e4f-d008-4d85-a505-6e9b586abbfe@group-0E5E712D3A28:LeaderElection116] INFO  server.RaftServerConfigKeys (ConfUtils.java:logGet(43)) - raft.server.staging.catchup.gap = 1000 (default)
2019-09-24 02:31:45,102 [8eea7e4f-d008-4d85-a505-6e9b586abbfe@group-0E5E712D3A28:LeaderElection116] INFO  server.RaftServerConfigKeys (ConfUtils.java:logGet(43)) - raft.server.rpc.sleep.time = 25ms (default)
2019-09-24 02:31:45,102 [8eea7e4f-d008-4d85-a505-6e9b586abbfe@group-0E5E712D3A28:LeaderElection116] INFO  server.RaftServerConfigKeys (ConfUtils.java:logGet(43)) - raft.server.write.element-limit = 4096 (default)
2019-09-24 02:31:45,102 [8eea7e4f-d008-4d85-a505-6e9b586abbfe@group-0E5E712D3A28:LeaderElection116] INFO  server.RaftServerConfigKeys (ConfUtils.java:logGet(43)) - raft.server.watch.timeout = 10s (default)
2019-09-24 02:31:45,102 [8eea7e4f-d008-4d85-a505-6e9b586abbfe@group-0E5E712D3A28:LeaderElection116] INFO  server.RaftServerConfigKeys (ConfUtils.java:logGet(43)) - raft.server.watch.timeout.denomination = 1s (default)
2019-09-24 02:31:45,102 [8eea7e4f-d008-4d85-a505-6e9b586abbfe@group-0E5E712D3A28:LeaderElection116] INFO  server.RaftServerConfigKeys (ConfUtils.java:logGet(43)) - raft.server.watch.element-limit = 65536 (default)
2019-09-24 02:31:45,104 [8eea7e4f-d008-4d85-a505-6e9b586abbfe@group-0E5E712D3A28:LeaderElection116] INFO  server.RaftServerConfigKeys (ConfUtils.java:logGet(43)) - raft.server.log.appender.snapshot.chunk.size.max = 16MB (=16777216) (default)
2019-09-24 02:31:45,104 [8eea7e4f-d008-4d85-a505-6e9b586abbfe@group-0E5E712D3A28:LeaderElection116] INFO  server.RaftServerConfigKeys (ConfUtils.java:logGet(43)) - raft.server.log.appender.buffer.byte-limit = 33554432 (custom)
2019-09-24 02:31:45,105 [8eea7e4f-d008-4d85-a505-6e9b586abbfe@group-0E5E712D3A28:LeaderElection116] INFO  server.RaftServerConfigKeys (ConfUtils.java:logGet(43)) - raft.server.log.appender.buffer.element-limit = 1 (custom)
2019-09-24 02:31:45,105 [8eea7e4f-d008-4d85-a505-6e9b586abbfe@group-0E5E712D3A28:LeaderElection116] INFO  grpc.GrpcConfigKeys$Server (ConfUtils.java:logGet(43)) - raft.grpc.server.leader.outstanding.appends.max = 128 (default)
2019-09-24 02:31:45,105 [8eea7e4f-d008-4d85-a505-6e9b586abbfe@group-0E5E712D3A28:LeaderElection116] INFO  server.RaftServerConfigKeys (ConfUtils.java:logGet(43)) - raft.server.rpc.request.timeout = 3000ms (default)
2019-09-24 02:31:45,105 [8eea7e4f-d008-4d85-a505-6e9b586abbfe@group-0E5E712D3A28:LeaderElection116] INFO  server.RaftServerConfigKeys (ConfUtils.java:logGet(43)) - raft.server.log.appender.install.snapshot.enabled = false (custom)
2019-09-24 02:31:45,105 [8eea7e4f-d008-4d85-a505-6e9b586abbfe@group-0E5E712D3A28:LeaderElection116] INFO  server.RaftServerConfigKeys (ConfUtils.java:logGet(43)) - raft.server.log.appender.snapshot.chunk.size.max = 16MB (=16777216) (default)
2019-09-24 02:31:45,106 [8eea7e4f-d008-4d85-a505-6e9b586abbfe@group-0E5E712D3A28:LeaderElection116] INFO  server.RaftServerConfigKeys (ConfUtils.java:logGet(43)) - raft.server.log.appender.buffer.byte-limit = 33554432 (custom)
2019-09-24 02:31:45,106 [8eea7e4f-d008-4d85-a505-6e9b586abbfe@group-0E5E712D3A28:LeaderElection116] INFO  server.RaftServerConfigKeys (ConfUtils.java:logGet(43)) - raft.server.log.appender.buffer.element-limit = 1 (custom)
2019-09-24 02:31:45,106 [8eea7e4f-d008-4d85-a505-6e9b586abbfe@group-0E5E712D3A28:LeaderElection116] INFO  grpc.GrpcConfigKeys$Server (ConfUtils.java:logGet(43)) - raft.grpc.server.leader.outstanding.appends.max = 128 (default)
2019-09-24 02:31:45,106 [8eea7e4f-d008-4d85-a505-6e9b586abbfe@group-0E5E712D3A28:LeaderElection116] INFO  server.RaftServerConfigKeys (ConfUtils.java:logGet(43)) - raft.server.rpc.request.timeout = 3000ms (default)
2019-09-24 02:31:45,106 [8eea7e4f-d008-4d85-a505-6e9b586abbfe@group-0E5E712D3A28:LeaderElection116] INFO  server.RaftServerConfigKeys (ConfUtils.java:logGet(43)) - raft.server.log.appender.install.snapshot.enabled = false (custom)
2019-09-24 02:31:45,106 [8eea7e4f-d008-4d85-a505-6e9b586abbfe@group-0E5E712D3A28:LeaderElection116] INFO  impl.RoleInfo (RoleInfo.java:updateAndGet(143)) - 8eea7e4f-d008-4d85-a505-6e9b586abbfe: start LeaderState
2019-09-24 02:31:45,107 [8eea7e4f-d008-4d85-a505-6e9b586abbfe@group-0E5E712D3A28:LeaderElection116] INFO  segmented.SegmentedRaftLogWorker (SegmentedRaftLogWorker.java:startLogSegment(380)) - 8eea7e4f-d008-4d85-a505-6e9b586abbfe@group-0E5E712D3A28-SegmentedRaftLogWorker: Starting segment from index:0
2019-09-24 02:31:45,108 [8eea7e4f-d008-4d85-a505-6e9b586abbfe@group-0E5E712D3A28:LeaderElection116] INFO  impl.RaftServerImpl (ServerState.java:setRaftConf(354)) - 8eea7e4f-d008-4d85-a505-6e9b586abbfe@group-0E5E712D3A28: set configuration 0: [c1e062fb-0f4f-4fe4-a9d2-4bfe6af489a8:192.168.151.121:36311, 8eea7e4f-d008-4d85-a505-6e9b586abbfe:192.168.151.121:42114, a7fc6e90-75b2-4f8f-bf01-6e094d7f48f9:192.168.151.121:34093], old=null at 0
2019-09-24 02:31:45,150 [grpc-default-executor-0] INFO  impl.RaftServerImpl (ServerState.java:setLeader(253)) - a7fc6e90-75b2-4f8f-bf01-6e094d7f48f9@group-0E5E712D3A28: change Leader from null to 8eea7e4f-d008-4d85-a505-6e9b586abbfe at term 2 for appendEntries, leader elected after 2883ms
2019-09-24 02:31:45,153 [grpc-default-executor-2] INFO  impl.RaftServerImpl (ServerState.java:setLeader(253)) - c1e062fb-0f4f-4fe4-a9d2-4bfe6af489a8@group-0E5E712D3A28: change Leader from null to 8eea7e4f-d008-4d85-a505-6e9b586abbfe at term 2 for appendEntries, leader elected after 2884ms
2019-09-24 02:31:45,156 [grpc-default-executor-2] INFO  impl.RaftServerImpl (ServerState.java:setRaftConf(354)) - a7fc6e90-75b2-4f8f-bf01-6e094d7f48f9@group-0E5E712D3A28: set configuration 0: [c1e062fb-0f4f-4fe4-a9d2-4bfe6af489a8:192.168.151.121:36311, 8eea7e4f-d008-4d85-a505-6e9b586abbfe:192.168.151.121:42114, a7fc6e90-75b2-4f8f-bf01-6e094d7f48f9:192.168.151.121:34093], old=null at 0
2019-09-24 02:31:45,156 [grpc-default-executor-2] INFO  segmented.SegmentedRaftLogWorker (SegmentedRaftLogWorker.java:startLogSegment(380)) - a7fc6e90-75b2-4f8f-bf01-6e094d7f48f9@group-0E5E712D3A28-SegmentedRaftLogWorker: Starting segment from index:0
2019-09-24 02:31:45,156 [grpc-default-executor-3] INFO  impl.RaftServerImpl (ServerState.java:setRaftConf(354)) - c1e062fb-0f4f-4fe4-a9d2-4bfe6af489a8@group-0E5E712D3A28: set configuration 0: [c1e062fb-0f4f-4fe4-a9d2-4bfe6af489a8:192.168.151.121:36311, 8eea7e4f-d008-4d85-a505-6e9b586abbfe:192.168.151.121:42114, a7fc6e90-75b2-4f8f-bf01-6e094d7f48f9:192.168.151.121:34093], old=null at 0
2019-09-24 02:31:45,157 [grpc-default-executor-3] INFO  segmented.SegmentedRaftLogWorker (SegmentedRaftLogWorker.java:startLogSegment(380)) - c1e062fb-0f4f-4fe4-a9d2-4bfe6af489a8@group-0E5E712D3A28-SegmentedRaftLogWorker: Starting segment from index:0
2019-09-24 02:31:45,162 [8eea7e4f-d008-4d85-a505-6e9b586abbfe@group-0E5E712D3A28-SegmentedRaftLogWorker] INFO  segmented.SegmentedRaftLogWorker (SegmentedRaftLogWorker.java:execute(569)) - 8eea7e4f-d008-4d85-a505-6e9b586abbfe@group-0E5E712D3A28-SegmentedRaftLogWorker: created new log segment /workdir/hadoop-ozone/integration-test/target/test-dir/MiniOzoneClusterImpl-3bdd15fc-dee8-458b-a154-153c8414505a/datanode-8/data/ratis/223b1ac0-ab1d-4609-8d4c-0e5e712d3a28/current/log_inprogress_0
2019-09-24 02:31:45,202 [a7fc6e90-75b2-4f8f-bf01-6e094d7f48f9@group-0E5E712D3A28-SegmentedRaftLogWorker] INFO  segmented.SegmentedRaftLogWorker (SegmentedRaftLogWorker.java:execute(569)) - a7fc6e90-75b2-4f8f-bf01-6e094d7f48f9@group-0E5E712D3A28-SegmentedRaftLogWorker: created new log segment /workdir/hadoop-ozone/integration-test/target/test-dir/MiniOzoneClusterImpl-3bdd15fc-dee8-458b-a154-153c8414505a/datanode-7/data/ratis/223b1ac0-ab1d-4609-8d4c-0e5e712d3a28/current/log_inprogress_0
2019-09-24 02:31:45,202 [c1e062fb-0f4f-4fe4-a9d2-4bfe6af489a8@group-0E5E712D3A28-SegmentedRaftLogWorker] INFO  segmented.SegmentedRaftLogWorker (SegmentedRaftLogWorker.java:execute(569)) - c1e062fb-0f4f-4fe4-a9d2-4bfe6af489a8@group-0E5E712D3A28-SegmentedRaftLogWorker: created new log segment /workdir/hadoop-ozone/integration-test/target/test-dir/MiniOzoneClusterImpl-3bdd15fc-dee8-458b-a154-153c8414505a/datanode-6/data/ratis/223b1ac0-ab1d-4609-8d4c-0e5e712d3a28/current/log_inprogress_0
2019-09-24 02:31:45,649 [main] INFO  ipc.Client (Client.java:handleConnectionFailure(948)) - Retrying connect to server: localhost/127.0.0.1:0. Already tried 1 time(s); retry policy is RetryUpToMaximumCountWithFixedSleep(maxRetries=10, sleepTime=1000 MILLISECONDS)
2019-09-24 02:31:46,650 [main] INFO  ipc.Client (Client.java:handleConnectionFailure(948)) - Retrying connect to server: localhost/127.0.0.1:0. Already tried 2 time(s); retry policy is RetryUpToMaximumCountWithFixedSleep(maxRetries=10, sleepTime=1000 MILLISECONDS)
2019-09-24 02:31:47,651 [main] INFO  ipc.Client (Client.java:handleConnectionFailure(948)) - Retrying connect to server: localhost/127.0.0.1:0. Already tried 3 time(s); retry policy is RetryUpToMaximumCountWithFixedSleep(maxRetries=10, sleepTime=1000 MILLISECONDS)
2019-09-24 02:31:48,653 [main] INFO  ipc.Client (Client.java:handleConnectionFailure(948)) - Retrying connect to server: localhost/127.0.0.1:0. Already tried 4 time(s); retry policy is RetryUpToMaximumCountWithFixedSleep(maxRetries=10, sleepTime=1000 MILLISECONDS)
2019-09-24 02:31:49,654 [main] INFO  ipc.Client (Client.java:handleConnectionFailure(948)) - Retrying connect to server: localhost/127.0.0.1:0. Already tried 5 time(s); retry policy is RetryUpToMaximumCountWithFixedSleep(maxRetries=10, sleepTime=1000 MILLISECONDS)
2019-09-24 02:31:50,659 [main] INFO  ipc.Client (Client.java:handleConnectionFailure(948)) - Retrying connect to server: localhost/127.0.0.1:0. Already tried 6 time(s); retry policy is RetryUpToMaximumCountWithFixedSleep(maxRetries=10, sleepTime=1000 MILLISECONDS)
2019-09-24 02:31:51,660 [main] INFO  ipc.Client (Client.java:handleConnectionFailure(948)) - Retrying connect to server: localhost/127.0.0.1:0. Already tried 7 time(s); retry policy is RetryUpToMaximumCountWithFixedSleep(maxRetries=10, sleepTime=1000 MILLISECONDS)
2019-09-24 02:31:52,661 [main] INFO  ipc.Client (Client.java:handleConnectionFailure(948)) - Retrying connect to server: localhost/127.0.0.1:0. Already tried 8 time(s); retry policy is RetryUpToMaximumCountWithFixedSleep(maxRetries=10, sleepTime=1000 MILLISECONDS)
2019-09-24 02:31:53,662 [main] INFO  ipc.Client (Client.java:handleConnectionFailure(948)) - Retrying connect to server: localhost/127.0.0.1:0. Already tried 9 time(s); retry policy is RetryUpToMaximumCountWithFixedSleep(maxRetries=10, sleepTime=1000 MILLISECONDS)
2019-09-24 02:31:54,664 [main] INFO  ipc.Client (Client.java:handleConnectionFailure(948)) - Retrying connect to server: localhost/127.0.0.1:0. Already tried 0 time(s); retry policy is RetryUpToMaximumCountWithFixedSleep(maxRetries=10, sleepTime=1000 MILLISECONDS)
2019-09-24 02:31:55,665 [main] INFO  ipc.Client (Client.java:handleConnectionFailure(948)) - Retrying connect to server: localhost/127.0.0.1:0. Already tried 1 time(s); retry policy is RetryUpToMaximumCountWithFixedSleep(maxRetries=10, sleepTime=1000 MILLISECONDS)
2019-09-24 02:31:56,667 [main] INFO  ipc.Client (Client.java:handleConnectionFailure(948)) - Retrying connect to server: localhost/127.0.0.1:0. Already tried 2 time(s); retry policy is RetryUpToMaximumCountWithFixedSleep(maxRetries=10, sleepTime=1000 MILLISECONDS)
2019-09-24 02:31:57,668 [main] INFO  ipc.Client (Client.java:handleConnectionFailure(948)) - Retrying connect to server: localhost/127.0.0.1:0. Already tried 3 time(s); retry policy is RetryUpToMaximumCountWithFixedSleep(maxRetries=10, sleepTime=1000 MILLISECONDS)
2019-09-24 02:31:58,669 [main] INFO  ipc.Client (Client.java:handleConnectionFailure(948)) - Retrying connect to server: localhost/127.0.0.1:0. Already tried 4 time(s); retry policy is RetryUpToMaximumCountWithFixedSleep(maxRetries=10, sleepTime=1000 MILLISECONDS)
2019-09-24 02:31:59,670 [main] INFO  ipc.Client (Client.java:handleConnectionFailure(948)) - Retrying connect to server: localhost/127.0.0.1:0. Already tried 5 time(s); retry policy is RetryUpToMaximumCountWithFixedSleep(maxRetries=10, sleepTime=1000 MILLISECONDS)
2019-09-24 02:32:00,672 [main] INFO  ipc.Client (Client.java:handleConnectionFailure(948)) - Retrying connect to server: localhost/127.0.0.1:0. Already tried 6 time(s); retry policy is RetryUpToMaximumCountWithFixedSleep(maxRetries=10, sleepTime=1000 MILLISECONDS)
2019-09-24 02:32:01,673 [main] INFO  ipc.Client (Client.java:handleConnectionFailure(948)) - Retrying connect to server: localhost/127.0.0.1:0. Already tried 7 time(s); retry policy is RetryUpToMaximumCountWithFixedSleep(maxRetries=10, sleepTime=1000 MILLISECONDS)
2019-09-24 02:32:02,674 [main] INFO  ipc.Client (Client.java:handleConnectionFailure(948)) - Retrying connect to server: localhost/127.0.0.1:0. Already tried 8 time(s); retry policy is RetryUpToMaximumCountWithFixedSleep(maxRetries=10, sleepTime=1000 MILLISECONDS)
2019-09-24 02:32:03,675 [main] INFO  ipc.Client (Client.java:handleConnectionFailure(948)) - Retrying connect to server: localhost/127.0.0.1:0. Already tried 9 time(s); retry policy is RetryUpToMaximumCountWithFixedSleep(maxRetries=10, sleepTime=1000 MILLISECONDS)
2019-09-24 02:32:03,677 [main] INFO  retry.RetryInvocationHandler (RetryInvocationHandler.java:log(411)) - com.google.protobuf.ServiceException: java.net.ConnectException: Your endpoint configuration is wrong; For more details see:  http://wiki.apache.org/hadoop/UnsetHostnameOrPort, while invoking $Proxy35.submitRequest over nodeId=null,nodeAddress=127.0.0.1:0 after 1 failover attempts. Trying to failover immediately.
2019-09-24 02:32:04,678 [main] INFO  ipc.Client (Client.java:handleConnectionFailure(948)) - Retrying connect to server: localhost/127.0.0.1:0. Already tried 0 time(s); retry policy is RetryUpToMaximumCountWithFixedSleep(maxRetries=10, sleepTime=1000 MILLISECONDS)
2019-09-24 02:32:05,679 [main] INFO  ipc.Client (Client.java:handleConnectionFailure(948)) - Retrying connect to server: localhost/127.0.0.1:0. Already tried 1 time(s); retry policy is RetryUpToMaximumCountWithFixedSleep(maxRetries=10, sleepTime=1000 MILLISECONDS)
2019-09-24 02:32:06,680 [main] INFO  ipc.Client (Client.java:handleConnectionFailure(948)) - Retrying connect to server: localhost/127.0.0.1:0. Already tried 2 time(s); retry policy is RetryUpToMaximumCountWithFixedSleep(maxRetries=10, sleepTime=1000 MILLISECONDS)
2019-09-24 02:32:07,681 [main] INFO  ipc.Client (Client.java:handleConnectionFailure(948)) - Retrying connect to server: localhost/127.0.0.1:0. Already tried 3 time(s); retry policy is RetryUpToMaximumCountWithFixedSleep(maxRetries=10, sleepTime=1000 MILLISECONDS)
2019-09-24 02:32:08,682 [main] INFO  ipc.Client (Client.java:handleConnectionFailure(948)) - Retrying connect to server: localhost/127.0.0.1:0. Already tried 4 time(s); retry policy is RetryUpToMaximumCountWithFixedSleep(maxRetries=10, sleepTime=1000 MILLISECONDS)
2019-09-24 02:32:09,683 [main] INFO  ipc.Client (Client.java:handleConnectionFailure(948)) - Retrying connect to server: localhost/127.0.0.1:0. Already tried 5 time(s); retry policy is RetryUpToMaximumCountWithFixedSleep(maxRetries=10, sleepTime=1000 MILLISECONDS)
2019-09-24 02:32:10,685 [main] INFO  ipc.Client (Client.java:handleConnectionFailure(948)) - Retrying connect to server: localhost/127.0.0.1:0. Already tried 6 time(s); retry policy is RetryUpToMaximumCountWithFixedSleep(maxRetries=10, sleepTime=1000 MILLISECONDS)
2019-09-24 02:32:11,686 [main] INFO  ipc.Client (Client.java:handleConnectionFailure(948)) - Retrying connect to server: localhost/127.0.0.1:0. Already tried 7 time(s); retry policy is RetryUpToMaximumCountWithFixedSleep(maxRetries=10, sleepTime=1000 MILLISECONDS)
2019-09-24 02:32:12,688 [main] INFO  ipc.Client (Client.java:handleConnectionFailure(948)) - Retrying connect to server: localhost/127.0.0.1:0. Already tried 8 time(s); retry policy is RetryUpToMaximumCountWithFixedSleep(maxRetries=10, sleepTime=1000 MILLISECONDS)
2019-09-24 02:32:13,689 [main] INFO  ipc.Client (Client.java:handleConnectionFailure(948)) - Retrying connect to server: localhost/127.0.0.1:0. Already tried 9 time(s); retry policy is RetryUpToMaximumCountWithFixedSleep(maxRetries=10, sleepTime=1000 MILLISECONDS)
2019-09-24 02:32:13,690 [main] INFO  retry.RetryInvocationHandler (RetryInvocationHandler.java:log(411)) - com.google.protobuf.ServiceException: java.net.ConnectException: Your endpoint configuration is wrong; For more details see:  http://wiki.apache.org/hadoop/UnsetHostnameOrPort, while invoking $Proxy35.submitRequest over nodeId=null,nodeAddress=127.0.0.1:0 after 2 failover attempts. Trying to failover immediately.
2019-09-24 02:32:14,691 [main] INFO  ipc.Client (Client.java:handleConnectionFailure(948)) - Retrying connect to server: localhost/127.0.0.1:0. Already tried 0 time(s); retry policy is RetryUpToMaximumCountWithFixedSleep(maxRetries=10, sleepTime=1000 MILLISECONDS)
2019-09-24 02:32:15,693 [main] INFO  ipc.Client (Client.java:handleConnectionFailure(948)) - Retrying connect to server: localhost/127.0.0.1:0. Already tried 1 time(s); retry policy is RetryUpToMaximumCountWithFixedSleep(maxRetries=10, sleepTime=1000 MILLISECONDS)
2019-09-24 02:32:16,694 [main] INFO  ipc.Client (Client.java:handleConnectionFailure(948)) - Retrying connect to server: localhost/127.0.0.1:0. Already tried 2 time(s); retry policy is RetryUpToMaximumCountWithFixedSleep(maxRetries=10, sleepTime=1000 MILLISECONDS)
2019-09-24 02:32:17,695 [main] INFO  ipc.Client (Client.java:handleConnectionFailure(948)) - Retrying connect to server: localhost/127.0.0.1:0. Already tried 3 time(s); retry policy is RetryUpToMaximumCountWithFixedSleep(maxRetries=10, sleepTime=1000 MILLISECONDS)
2019-09-24 02:32:18,696 [main] INFO  ipc.Client (Client.java:handleConnectionFailure(948)) - Retrying connect to server: localhost/127.0.0.1:0. Already tried 4 time(s); retry policy is RetryUpToMaximumCountWithFixedSleep(maxRetries=10, sleepTime=1000 MILLISECONDS)
2019-09-24 02:32:19,697 [main] INFO  ipc.Client (Client.java:handleConnectionFailure(948)) - Retrying connect to server: localhost/127.0.0.1:0. Already tried 5 time(s); retry policy is RetryUpToMaximumCountWithFixedSleep(maxRetries=10, sleepTime=1000 MILLISECONDS)
2019-09-24 02:32:20,698 [main] INFO  ipc.Client (Client.java:handleConnectionFailure(948)) - Retrying connect to server: localhost/127.0.0.1:0. Already tried 6 time(s); retry policy is RetryUpToMaximumCountWithFixedSleep(maxRetries=10, sleepTime=1000 MILLISECONDS)
2019-09-24 02:32:21,701 [main] INFO  ipc.Client (Client.java:handleConnectionFailure(948)) - Retrying connect to server: localhost/127.0.0.1:0. Already tried 7 time(s); retry policy is RetryUpToMaximumCountWithFixedSleep(maxRetries=10, sleepTime=1000 MILLISECONDS)
2019-09-24 02:32:22,702 [main] INFO  ipc.Client (Client.java:handleConnectionFailure(948)) - Retrying connect to server: localhost/127.0.0.1:0. Already tried 8 time(s); retry policy is RetryUpToMaximumCountWithFixedSleep(maxRetries=10, sleepTime=1000 MILLISECONDS)
2019-09-24 02:32:23,703 [main] INFO  ipc.Client (Client.java:handleConnectionFailure(948)) - Retrying connect to server: localhost/127.0.0.1:0. Already tried 9 time(s); retry policy is RetryUpToMaximumCountWithFixedSleep(maxRetries=10, sleepTime=1000 MILLISECONDS)
2019-09-24 02:32:23,705 [main] INFO  retry.RetryInvocationHandler (RetryInvocationHandler.java:log(411)) - com.google.protobuf.ServiceException: java.net.ConnectException: Your endpoint configuration is wrong; For more details see:  http://wiki.apache.org/hadoop/UnsetHostnameOrPort, while invoking $Proxy35.submitRequest over nodeId=null,nodeAddress=127.0.0.1:0 after 3 failover attempts. Trying to failover immediately.
2019-09-24 02:32:24,706 [main] INFO  ipc.Client (Client.java:handleConnectionFailure(948)) - Retrying connect to server: localhost/127.0.0.1:0. Already tried 0 time(s); retry policy is RetryUpToMaximumCountWithFixedSleep(maxRetries=10, sleepTime=1000 MILLISECONDS)
2019-09-24 02:32:25,707 [main] INFO  ipc.Client (Client.java:handleConnectionFailure(948)) - Retrying connect to server: localhost/127.0.0.1:0. Already tried 1 time(s); retry policy is RetryUpToMaximumCountWithFixedSleep(maxRetries=10, sleepTime=1000 MILLISECONDS)
2019-09-24 02:32:26,708 [main] INFO  ipc.Client (Client.java:handleConnectionFailure(948)) - Retrying connect to server: localhost/127.0.0.1:0. Already tried 2 time(s); retry policy is RetryUpToMaximumCountWithFixedSleep(maxRetries=10, sleepTime=1000 MILLISECONDS)
2019-09-24 02:32:27,709 [main] INFO  ipc.Client (Client.java:handleConnectionFailure(948)) - Retrying connect to server: localhost/127.0.0.1:0. Already tried 3 time(s); retry policy is RetryUpToMaximumCountWithFixedSleep(maxRetries=10, sleepTime=1000 MILLISECONDS)
2019-09-24 02:32:28,710 [main] INFO  ipc.Client (Client.java:handleConnectionFailure(948)) - Retrying connect to server: localhost/127.0.0.1:0. Already tried 4 time(s); retry policy is RetryUpToMaximumCountWithFixedSleep(maxRetries=10, sleepTime=1000 MILLISECONDS)
2019-09-24 02:32:29,711 [main] INFO  ipc.Client (Client.java:handleConnectionFailure(948)) - Retrying connect to server: localhost/127.0.0.1:0. Already tried 5 time(s); retry policy is RetryUpToMaximumCountWithFixedSleep(maxRetries=10, sleepTime=1000 MILLISECONDS)
2019-09-24 02:32:30,713 [main] INFO  ipc.Client (Client.java:handleConnectionFailure(948)) - Retrying connect to server: localhost/127.0.0.1:0. Already tried 6 time(s); retry policy is RetryUpToMaximumCountWithFixedSleep(maxRetries=10, sleepTime=1000 MILLISECONDS)
2019-09-24 02:32:31,714 [main] INFO  ipc.Client (Client.java:handleConnectionFailure(948)) - Retrying connect to server: localhost/127.0.0.1:0. Already tried 7 time(s); retry policy is RetryUpToMaximumCountWithFixedSleep(maxRetries=10, sleepTime=1000 MILLISECONDS)
2019-09-24 02:32:32,715 [main] INFO  ipc.Client (Client.java:handleConnectionFailure(948)) - Retrying connect to server: localhost/127.0.0.1:0. Already tried 8 time(s); retry policy is RetryUpToMaximumCountWithFixedSleep(maxRetries=10, sleepTime=1000 MILLISECONDS)
2019-09-24 02:32:33,716 [main] INFO  ipc.Client (Client.java:handleConnectionFailure(948)) - Retrying connect to server: localhost/127.0.0.1:0. Already tried 9 time(s); retry policy is RetryUpToMaximumCountWithFixedSleep(maxRetries=10, sleepTime=1000 MILLISECONDS)
2019-09-24 02:32:33,718 [main] INFO  retry.RetryInvocationHandler (RetryInvocationHandler.java:log(411)) - com.google.protobuf.ServiceException: java.net.ConnectException: Your endpoint configuration is wrong; For more details see:  http://wiki.apache.org/hadoop/UnsetHostnameOrPort, while invoking $Proxy35.submitRequest over nodeId=null,nodeAddress=127.0.0.1:0 after 4 failover attempts. Trying to failover immediately.
2019-09-24 02:32:34,719 [main] INFO  ipc.Client (Client.java:handleConnectionFailure(948)) - Retrying connect to server: localhost/127.0.0.1:0. Already tried 0 time(s); retry policy is RetryUpToMaximumCountWithFixedSleep(maxRetries=10, sleepTime=1000 MILLISECONDS)
2019-09-24 02:32:35,720 [main] INFO  ipc.Client (Client.java:handleConnectionFailure(948)) - Retrying connect to server: localhost/127.0.0.1:0. Already tried 1 time(s); retry policy is RetryUpToMaximumCountWithFixedSleep(maxRetries=10, sleepTime=1000 MILLISECONDS)
2019-09-24 02:32:36,722 [main] INFO  ipc.Client (Client.java:handleConnectionFailure(948)) - Retrying connect to server: localhost/127.0.0.1:0. Already tried 2 time(s); retry policy is RetryUpToMaximumCountWithFixedSleep(maxRetries=10, sleepTime=1000 MILLISECONDS)
2019-09-24 02:32:37,724 [main] INFO  ipc.Client (Client.java:handleConnectionFailure(948)) - Retrying connect to server: localhost/127.0.0.1:0. Already tried 3 time(s); retry policy is RetryUpToMaximumCountWithFixedSleep(maxRetries=10, sleepTime=1000 MILLISECONDS)
2019-09-24 02:32:38,725 [main] INFO  ipc.Client (Client.java:handleConnectionFailure(948)) - Retrying connect to server: localhost/127.0.0.1:0. Already tried 4 time(s); retry policy is RetryUpToMaximumCountWithFixedSleep(maxRetries=10, sleepTime=1000 MILLISECONDS)
2019-09-24 02:32:39,726 [main] INFO  ipc.Client (Client.java:handleConnectionFailure(948)) - Retrying connect to server: localhost/127.0.0.1:0. Already tried 5 time(s); retry policy is RetryUpToMaximumCountWithFixedSleep(maxRetries=10, sleepTime=1000 MILLISECONDS)
2019-09-24 02:32:40,728 [main] INFO  ipc.Client (Client.java:handleConnectionFailure(948)) - Retrying connect to server: localhost/127.0.0.1:0. Already tried 6 time(s); retry policy is RetryUpToMaximumCountWithFixedSleep(maxRetries=10, sleepTime=1000 MILLISECONDS)
2019-09-24 02:32:41,729 [main] INFO  ipc.Client (Client.java:handleConnectionFailure(948)) - Retrying connect to server: localhost/127.0.0.1:0. Already tried 7 time(s); retry policy is RetryUpToMaximumCountWithFixedSleep(maxRetries=10, sleepTime=1000 MILLISECONDS)
2019-09-24 02:32:42,730 [main] INFO  ipc.Client (Client.java:handleConnectionFailure(948)) - Retrying connect to server: localhost/127.0.0.1:0. Already tried 8 time(s); retry policy is RetryUpToMaximumCountWithFixedSleep(maxRetries=10, sleepTime=1000 MILLISECONDS)
2019-09-24 02:32:43,731 [main] INFO  ipc.Client (Client.java:handleConnectionFailure(948)) - Retrying connect to server: localhost/127.0.0.1:0. Already tried 9 time(s); retry policy is RetryUpToMaximumCountWithFixedSleep(maxRetries=10, sleepTime=1000 MILLISECONDS)
2019-09-24 02:32:43,733 [main] INFO  retry.RetryInvocationHandler (RetryInvocationHandler.java:log(411)) - com.google.protobuf.ServiceException: java.net.ConnectException: Your endpoint configuration is wrong; For more details see:  http://wiki.apache.org/hadoop/UnsetHostnameOrPort, while invoking $Proxy35.submitRequest over nodeId=null,nodeAddress=127.0.0.1:0 after 5 failover attempts. Trying to failover immediately.
2019-09-24 02:32:44,734 [main] INFO  ipc.Client (Client.java:handleConnectionFailure(948)) - Retrying connect to server: localhost/127.0.0.1:0. Already tried 0 time(s); retry policy is RetryUpToMaximumCountWithFixedSleep(maxRetries=10, sleepTime=1000 MILLISECONDS)
2019-09-24 02:32:45,736 [main] INFO  ipc.Client (Client.java:handleConnectionFailure(948)) - Retrying connect to server: localhost/127.0.0.1:0. Already tried 1 time(s); retry policy is RetryUpToMaximumCountWithFixedSleep(maxRetries=10, sleepTime=1000 MILLISECONDS)
2019-09-24 02:32:46,737 [main] INFO  ipc.Client (Client.java:handleConnectionFailure(948)) - Retrying connect to server: localhost/127.0.0.1:0. Already tried 2 time(s); retry policy is RetryUpToMaximumCountWithFixedSleep(maxRetries=10, sleepTime=1000 MILLISECONDS)
2019-09-24 02:32:47,738 [main] INFO  ipc.Client (Client.java:handleConnectionFailure(948)) - Retrying connect to server: localhost/127.0.0.1:0. Already tried 3 time(s); retry policy is RetryUpToMaximumCountWithFixedSleep(maxRetries=10, sleepTime=1000 MILLISECONDS)
2019-09-24 02:32:48,739 [main] INFO  ipc.Client (Client.java:handleConnectionFailure(948)) - Retrying connect to server: localhost/127.0.0.1:0. Already tried 4 time(s); retry policy is RetryUpToMaximumCountWithFixedSleep(maxRetries=10, sleepTime=1000 MILLISECONDS)
2019-09-24 02:32:49,741 [main] INFO  ipc.Client (Client.java:handleConnectionFailure(948)) - Retrying connect to server: localhost/127.0.0.1:0. Already tried 5 time(s); retry policy is RetryUpToMaximumCountWithFixedSleep(maxRetries=10, sleepTime=1000 MILLISECONDS)
2019-09-24 02:32:50,742 [main] INFO  ipc.Client (Client.java:handleConnectionFailure(948)) - Retrying connect to server: localhost/127.0.0.1:0. Already tried 6 time(s); retry policy is RetryUpToMaximumCountWithFixedSleep(maxRetries=10, sleepTime=1000 MILLISECONDS)
2019-09-24 02:32:51,743 [main] INFO  ipc.Client (Client.java:handleConnectionFailure(948)) - Retrying connect to server: localhost/127.0.0.1:0. Already tried 7 time(s); retry policy is RetryUpToMaximumCountWithFixedSleep(maxRetries=10, sleepTime=1000 MILLISECONDS)
2019-09-24 02:32:52,745 [main] INFO  ipc.Client (Client.java:handleConnectionFailure(948)) - Retrying connect to server: localhost/127.0.0.1:0. Already tried 8 time(s); retry policy is RetryUpToMaximumCountWithFixedSleep(maxRetries=10, sleepTime=1000 MILLISECONDS)
2019-09-24 02:32:53,746 [main] INFO  ipc.Client (Client.java:handleConnectionFailure(948)) - Retrying connect to server: localhost/127.0.0.1:0. Already tried 9 time(s); retry policy is RetryUpToMaximumCountWithFixedSleep(maxRetries=10, sleepTime=1000 MILLISECONDS)
2019-09-24 02:32:53,747 [main] INFO  retry.RetryInvocationHandler (RetryInvocationHandler.java:log(411)) - com.google.protobuf.ServiceException: java.net.ConnectException: Your endpoint configuration is wrong; For more details see:  http://wiki.apache.org/hadoop/UnsetHostnameOrPort, while invoking $Proxy35.submitRequest over nodeId=null,nodeAddress=127.0.0.1:0 after 6 failover attempts. Trying to failover immediately.
2019-09-24 02:32:54,748 [main] INFO  ipc.Client (Client.java:handleConnectionFailure(948)) - Retrying connect to server: localhost/127.0.0.1:0. Already tried 0 time(s); retry policy is RetryUpToMaximumCountWithFixedSleep(maxRetries=10, sleepTime=1000 MILLISECONDS)
2019-09-24 02:32:55,750 [main] INFO  ipc.Client (Client.java:handleConnectionFailure(948)) - Retrying connect to server: localhost/127.0.0.1:0. Already tried 1 time(s); retry policy is RetryUpToMaximumCountWithFixedSleep(maxRetries=10, sleepTime=1000 MILLISECONDS)
2019-09-24 02:32:56,751 [main] INFO  ipc.Client (Client.java:handleConnectionFailure(948)) - Retrying connect to server: localhost/127.0.0.1:0. Already tried 2 time(s); retry policy is RetryUpToMaximumCountWithFixedSleep(maxRetries=10, sleepTime=1000 MILLISECONDS)
2019-09-24 02:32:57,752 [main] INFO  ipc.Client (Client.java:handleConnectionFailure(948)) - Retrying connect to server: localhost/127.0.0.1:0. Already tried 3 time(s); retry policy is RetryUpToMaximumCountWithFixedSleep(maxRetries=10, sleepTime=1000 MILLISECONDS)
2019-09-24 02:32:58,754 [main] INFO  ipc.Client (Client.java:handleConnectionFailure(948)) - Retrying connect to server: localhost/127.0.0.1:0. Already tried 4 time(s); retry policy is RetryUpToMaximumCountWithFixedSleep(maxRetries=10, sleepTime=1000 MILLISECONDS)
2019-09-24 02:32:59,755 [main] INFO  ipc.Client (Client.java:handleConnectionFailure(948)) - Retrying connect to server: localhost/127.0.0.1:0. Already tried 5 time(s); retry policy is RetryUpToMaximumCountWithFixedSleep(maxRetries=10, sleepTime=1000 MILLISECONDS)
2019-09-24 02:33:00,756 [main] INFO  ipc.Client (Client.java:handleConnectionFailure(948)) - Retrying connect to server: localhost/127.0.0.1:0. Already tried 6 time(s); retry policy is RetryUpToMaximumCountWithFixedSleep(maxRetries=10, sleepTime=1000 MILLISECONDS)
2019-09-24 02:33:01,757 [main] INFO  ipc.Client (Client.java:handleConnectionFailure(948)) - Retrying connect to server: localhost/127.0.0.1:0. Already tried 7 time(s); retry policy is RetryUpToMaximumCountWithFixedSleep(maxRetries=10, sleepTime=1000 MILLISECONDS)
2019-09-24 02:33:02,759 [main] INFO  ipc.Client (Client.java:handleConnectionFailure(948)) - Retrying connect to server: localhost/127.0.0.1:0. Already tried 8 time(s); retry policy is RetryUpToMaximumCountWithFixedSleep(maxRetries=10, sleepTime=1000 MILLISECONDS)
2019-09-24 02:33:03,760 [main] INFO  ipc.Client (Client.java:handleConnectionFailure(948)) - Retrying connect to server: localhost/127.0.0.1:0. Already tried 9 time(s); retry policy is RetryUpToMaximumCountWithFixedSleep(maxRetries=10, sleepTime=1000 MILLISECONDS)
2019-09-24 02:33:03,761 [main] INFO  retry.RetryInvocationHandler (RetryInvocationHandler.java:log(411)) - com.google.protobuf.ServiceException: java.net.ConnectException: Your endpoint configuration is wrong; For more details see:  http://wiki.apache.org/hadoop/UnsetHostnameOrPort, while invoking $Proxy35.submitRequest over nodeId=null,nodeAddress=127.0.0.1:0 after 7 failover attempts. Trying to failover immediately.
2019-09-24 02:33:04,762 [main] INFO  ipc.Client (Client.java:handleConnectionFailure(948)) - Retrying connect to server: localhost/127.0.0.1:0. Already tried 0 time(s); retry policy is RetryUpToMaximumCountWithFixedSleep(maxRetries=10, sleepTime=1000 MILLISECONDS)
2019-09-24 02:33:05,763 [main] INFO  ipc.Client (Client.java:handleConnectionFailure(948)) - Retrying connect to server: localhost/127.0.0.1:0. Already tried 1 time(s); retry policy is RetryUpToMaximumCountWithFixedSleep(maxRetries=10, sleepTime=1000 MILLISECONDS)
2019-09-24 02:33:06,764 [main] INFO  ipc.Client (Client.java:handleConnectionFailure(948)) - Retrying connect to server: localhost/127.0.0.1:0. Already tried 2 time(s); retry policy is RetryUpToMaximumCountWithFixedSleep(maxRetries=10, sleepTime=1000 MILLISECONDS)
2019-09-24 02:33:07,765 [main] INFO  ipc.Client (Client.java:handleConnectionFailure(948)) - Retrying connect to server: localhost/127.0.0.1:0. Already tried 3 time(s); retry policy is RetryUpToMaximumCountWithFixedSleep(maxRetries=10, sleepTime=1000 MILLISECONDS)
2019-09-24 02:33:08,767 [main] INFO  ipc.Client (Client.java:handleConnectionFailure(948)) - Retrying connect to server: localhost/127.0.0.1:0. Already tried 4 time(s); retry policy is RetryUpToMaximumCountWithFixedSleep(maxRetries=10, sleepTime=1000 MILLISECONDS)
2019-09-24 02:33:09,768 [main] INFO  ipc.Client (Client.java:handleConnectionFailure(948)) - Retrying connect to server: localhost/127.0.0.1:0. Already tried 5 time(s); retry policy is RetryUpToMaximumCountWithFixedSleep(maxRetries=10, sleepTime=1000 MILLISECONDS)
2019-09-24 02:33:10,769 [main] INFO  ipc.Client (Client.java:handleConnectionFailure(948)) - Retrying connect to server: localhost/127.0.0.1:0. Already tried 6 time(s); retry policy is RetryUpToMaximumCountWithFixedSleep(maxRetries=10, sleepTime=1000 MILLISECONDS)
2019-09-24 02:33:11,770 [main] INFO  ipc.Client (Client.java:handleConnectionFailure(948)) - Retrying connect to server: localhost/127.0.0.1:0. Already tried 7 time(s); retry policy is RetryUpToMaximumCountWithFixedSleep(maxRetries=10, sleepTime=1000 MILLISECONDS)
2019-09-24 02:33:12,771 [main] INFO  ipc.Client (Client.java:handleConnectionFailure(948)) - Retrying connect to server: localhost/127.0.0.1:0. Already tried 8 time(s); retry policy is RetryUpToMaximumCountWithFixedSleep(maxRetries=10, sleepTime=1000 MILLISECONDS)
2019-09-24 02:33:13,772 [main] INFO  ipc.Client (Client.java:handleConnectionFailure(948)) - Retrying connect to server: localhost/127.0.0.1:0. Already tried 9 time(s); retry policy is RetryUpToMaximumCountWithFixedSleep(maxRetries=10, sleepTime=1000 MILLISECONDS)
2019-09-24 02:33:13,774 [main] INFO  retry.RetryInvocationHandler (RetryInvocationHandler.java:log(411)) - com.google.protobuf.ServiceException: java.net.ConnectException: Your endpoint configuration is wrong; For more details see:  http://wiki.apache.org/hadoop/UnsetHostnameOrPort, while invoking $Proxy35.submitRequest over nodeId=null,nodeAddress=127.0.0.1:0 after 8 failover attempts. Trying to failover immediately.
2019-09-24 02:33:14,775 [main] INFO  ipc.Client (Client.java:handleConnectionFailure(948)) - Retrying connect to server: localhost/127.0.0.1:0. Already tried 0 time(s); retry policy is RetryUpToMaximumCountWithFixedSleep(maxRetries=10, sleepTime=1000 MILLISECONDS)
2019-09-24 02:33:15,776 [main] INFO  ipc.Client (Client.java:handleConnectionFailure(948)) - Retrying connect to server: localhost/127.0.0.1:0. Already tried 1 time(s); retry policy is RetryUpToMaximumCountWithFixedSleep(maxRetries=10, sleepTime=1000 MILLISECONDS)
2019-09-24 02:33:16,777 [main] INFO  ipc.Client (Client.java:handleConnectionFailure(948)) - Retrying connect to server: localhost/127.0.0.1:0. Already tried 2 time(s); retry policy is RetryUpToMaximumCountWithFixedSleep(maxRetries=10, sleepTime=1000 MILLISECONDS)
2019-09-24 02:33:17,778 [main] INFO  ipc.Client (Client.java:handleConnectionFailure(948)) - Retrying connect to server: localhost/127.0.0.1:0. Already tried 3 time(s); retry policy is RetryUpToMaximumCountWithFixedSleep(maxRetries=10, sleepTime=1000 MILLISECONDS)
2019-09-24 02:33:18,780 [main] INFO  ipc.Client (Client.java:handleConnectionFailure(948)) - Retrying connect to server: localhost/127.0.0.1:0. Already tried 4 time(s); retry policy is RetryUpToMaximumCountWithFixedSleep(maxRetries=10, sleepTime=1000 MILLISECONDS)
2019-09-24 02:33:19,781 [main] INFO  ipc.Client (Client.java:handleConnectionFailure(948)) - Retrying connect to server: localhost/127.0.0.1:0. Already tried 5 time(s); retry policy is RetryUpToMaximumCountWithFixedSleep(maxRetries=10, sleepTime=1000 MILLISECONDS)
2019-09-24 02:33:20,782 [main] INFO  ipc.Client (Client.java:handleConnectionFailure(948)) - Retrying connect to server: localhost/127.0.0.1:0. Already tried 6 time(s); retry policy is RetryUpToMaximumCountWithFixedSleep(maxRetries=10, sleepTime=1000 MILLISECONDS)
2019-09-24 02:33:21,783 [main] INFO  ipc.Client (Client.java:handleConnectionFailure(948)) - Retrying connect to server: localhost/127.0.0.1:0. Already tried 7 time(s); retry policy is RetryUpToMaximumCountWithFixedSleep(maxRetries=10, sleepTime=1000 MILLISECONDS)
2019-09-24 02:33:22,784 [main] INFO  ipc.Client (Client.java:handleConnectionFailure(948)) - Retrying connect to server: localhost/127.0.0.1:0. Already tried 8 time(s); retry policy is RetryUpToMaximumCountWithFixedSleep(maxRetries=10, sleepTime=1000 MILLISECONDS)
2019-09-24 02:33:23,785 [main] INFO  ipc.Client (Client.java:handleConnectionFailure(948)) - Retrying connect to server: localhost/127.0.0.1:0. Already tried 9 time(s); retry policy is RetryUpToMaximumCountWithFixedSleep(maxRetries=10, sleepTime=1000 MILLISECONDS)
2019-09-24 02:33:23,787 [main] INFO  retry.RetryInvocationHandler (RetryInvocationHandler.java:log(411)) - com.google.protobuf.ServiceException: java.net.ConnectException: Your endpoint configuration is wrong; For more details see:  http://wiki.apache.org/hadoop/UnsetHostnameOrPort, while invoking $Proxy35.submitRequest over nodeId=null,nodeAddress=127.0.0.1:0 after 9 failover attempts. Trying to failover immediately.
2019-09-24 02:33:24,815 [main] INFO  ipc.Client (Client.java:handleConnectionFailure(948)) - Retrying connect to server: localhost/127.0.0.1:0. Already tried 0 time(s); retry policy is RetryUpToMaximumCountWithFixedSleep(maxRetries=10, sleepTime=1000 MILLISECONDS)
2019-09-24 02:33:25,816 [main] INFO  ipc.Client (Client.java:handleConnectionFailure(948)) - Retrying connect to server: localhost/127.0.0.1:0. Already tried 1 time(s); retry policy is RetryUpToMaximumCountWithFixedSleep(maxRetries=10, sleepTime=1000 MILLISECONDS)
2019-09-24 02:33:26,817 [main] INFO  ipc.Client (Client.java:handleConnectionFailure(948)) - Retrying connect to server: localhost/127.0.0.1:0. Already tried 2 time(s); retry policy is RetryUpToMaximumCountWithFixedSleep(maxRetries=10, sleepTime=1000 MILLISECONDS)
2019-09-24 02:33:27,818 [main] INFO  ipc.Client (Client.java:handleConnectionFailure(948)) - Retrying connect to server: localhost/127.0.0.1:0. Already tried 3 time(s); retry policy is RetryUpToMaximumCountWithFixedSleep(maxRetries=10, sleepTime=1000 MILLISECONDS)
2019-09-24 02:33:28,819 [main] INFO  ipc.Client (Client.java:handleConnectionFailure(948)) - Retrying connect to server: localhost/127.0.0.1:0. Already tried 4 time(s); retry policy is RetryUpToMaximumCountWithFixedSleep(maxRetries=10, sleepTime=1000 MILLISECONDS)
2019-09-24 02:33:29,820 [main] INFO  ipc.Client (Client.java:handleConnectionFailure(948)) - Retrying connect to server: localhost/127.0.0.1:0. Already tried 5 time(s); retry policy is RetryUpToMaximumCountWithFixedSleep(maxRetries=10, sleepTime=1000 MILLISECONDS)
2019-09-24 02:33:30,821 [main] INFO  ipc.Client (Client.java:handleConnectionFailure(948)) - Retrying connect to server: localhost/127.0.0.1:0. Already tried 6 time(s); retry policy is RetryUpToMaximumCountWithFixedSleep(maxRetries=10, sleepTime=1000 MILLISECONDS)
2019-09-24 02:33:31,822 [main] INFO  ipc.Client (Client.java:handleConnectionFailure(948)) - Retrying connect to server: localhost/127.0.0.1:0. Already tried 7 time(s); retry policy is RetryUpToMaximumCountWithFixedSleep(maxRetries=10, sleepTime=1000 MILLISECONDS)
2019-09-24 02:33:32,823 [main] INFO  ipc.Client (Client.java:handleConnectionFailure(948)) - Retrying connect to server: localhost/127.0.0.1:0. Already tried 8 time(s); retry policy is RetryUpToMaximumCountWithFixedSleep(maxRetries=10, sleepTime=1000 MILLISECONDS)
2019-09-24 02:33:33,824 [main] INFO  ipc.Client (Client.java:handleConnectionFailure(948)) - Retrying connect to server: localhost/127.0.0.1:0. Already tried 9 time(s); retry policy is RetryUpToMaximumCountWithFixedSleep(maxRetries=10, sleepTime=1000 MILLISECONDS)
2019-09-24 02:33:33,826 [main] ERROR ha.OMFailoverProxyProvider (OzoneManagerProtocolClientSideTranslatorPB.java:getRetryAction(268)) - Failed to connect to OM. Attempted 10 retries and 10 failovers
2019-09-24 02:33:33,826 [main] ERROR client.OzoneClientFactory (OzoneClientFactory.java:getClientProtocol(259)) - Couldn't create RpcClient protocol exception: 
java.net.ConnectException: Your endpoint configuration is wrong; For more details see:  http://wiki.apache.org/hadoop/UnsetHostnameOrPort
	at sun.reflect.GeneratedConstructorAccessor41.newInstance(Unknown Source)
	at sun.reflect.DelegatingConstructorAccessorImpl.newInstance(DelegatingConstructorAccessorImpl.java:45)
	at java.lang.reflect.Constructor.newInstance(Constructor.java:423)
	at org.apache.hadoop.net.NetUtils.wrapWithMessage(NetUtils.java:831)
	at org.apache.hadoop.net.NetUtils.wrapException(NetUtils.java:751)
	at org.apache.hadoop.ipc.Client.getRpcResponse(Client.java:1515)
	at org.apache.hadoop.ipc.Client.call(Client.java:1457)
	at org.apache.hadoop.ipc.Client.call(Client.java:1367)
	at org.apache.hadoop.ipc.ProtobufRpcEngine$Invoker.invoke(ProtobufRpcEngine.java:228)
	at org.apache.hadoop.ipc.ProtobufRpcEngine$Invoker.invoke(ProtobufRpcEngine.java:116)
	at com.sun.proxy.$Proxy35.submitRequest(Unknown Source)
	at sun.reflect.GeneratedMethodAccessor36.invoke(Unknown Source)
	at sun.reflect.DelegatingMethodAccessorImpl.invoke(DelegatingMethodAccessorImpl.java:43)
	at java.lang.reflect.Method.invoke(Method.java:498)
	at org.apache.hadoop.io.retry.RetryInvocationHandler.invokeMethod(RetryInvocationHandler.java:422)
	at org.apache.hadoop.io.retry.RetryInvocationHandler$Call.invokeMethod(RetryInvocationHandler.java:165)
	at org.apache.hadoop.io.retry.RetryInvocationHandler$Call.invoke(RetryInvocationHandler.java:157)
	at org.apache.hadoop.io.retry.RetryInvocationHandler$Call.invokeOnce(RetryInvocationHandler.java:95)
	at org.apache.hadoop.io.retry.RetryInvocationHandler.invoke(RetryInvocationHandler.java:359)
	at com.sun.proxy.$Proxy35.submitRequest(Unknown Source)
	at org.apache.hadoop.ozone.om.protocolPB.OzoneManagerProtocolClientSideTranslatorPB.submitRequest(OzoneManagerProtocolClientSideTranslatorPB.java:338)
	at org.apache.hadoop.ozone.om.protocolPB.OzoneManagerProtocolClientSideTranslatorPB.getServiceInfo(OzoneManagerProtocolClientSideTranslatorPB.java:1223)
	at sun.reflect.NativeMethodAccessorImpl.invoke0(Native Method)
	at sun.reflect.NativeMethodAccessorImpl.invoke(NativeMethodAccessorImpl.java:62)
	at sun.reflect.DelegatingMethodAccessorImpl.invoke(DelegatingMethodAccessorImpl.java:43)
	at java.lang.reflect.Method.invoke(Method.java:498)
	at org.apache.hadoop.hdds.tracing.TraceAllMethod.invoke(TraceAllMethod.java:66)
	at com.sun.proxy.$Proxy36.getServiceInfo(Unknown Source)
	at org.apache.hadoop.ozone.client.rpc.RpcClient.<init>(RpcClient.java:154)
	at org.apache.hadoop.ozone.client.OzoneClientFactory.getClientProtocol(OzoneClientFactory.java:256)
	at org.apache.hadoop.ozone.client.OzoneClientFactory.getClientProtocol(OzoneClientFactory.java:239)
	at org.apache.hadoop.ozone.client.OzoneClientFactory.getClient(OzoneClientFactory.java:75)
	at org.apache.hadoop.ozone.client.rpc.TestFailureHandlingByClient.init(TestFailureHandlingByClient.java:111)
	at org.apache.hadoop.ozone.client.rpc.TestFailureHandlingByClient.startCluster(TestFailureHandlingByClient.java:121)
	at org.apache.hadoop.ozone.client.rpc.TestFailureHandlingByClient.testDatanodeExclusionWithMajorityCommit(TestFailureHandlingByClient.java:282)
	at sun.reflect.NativeMethodAccessorImpl.invoke0(Native Method)
	at sun.reflect.NativeMethodAccessorImpl.invoke(NativeMethodAccessorImpl.java:62)
	at sun.reflect.DelegatingMethodAccessorImpl.invoke(DelegatingMethodAccessorImpl.java:43)
	at java.lang.reflect.Method.invoke(Method.java:498)
	at org.junit.runners.model.FrameworkMethod$1.runReflectiveCall(FrameworkMethod.java:47)
	at org.junit.internal.runners.model.ReflectiveCallable.run(ReflectiveCallable.java:12)
	at org.junit.runners.model.FrameworkMethod.invokeExplosively(FrameworkMethod.java:44)
	at org.junit.internal.runners.statements.InvokeMethod.evaluate(InvokeMethod.java:17)
	at org.junit.internal.runners.statements.RunAfters.evaluate(RunAfters.java:27)
	at org.junit.runners.ParentRunner.runLeaf(ParentRunner.java:271)
	at org.junit.runners.BlockJUnit4ClassRunner.runChild(BlockJUnit4ClassRunner.java:70)
	at org.junit.runners.BlockJUnit4ClassRunner.runChild(BlockJUnit4ClassRunner.java:50)
	at org.junit.runners.ParentRunner$3.run(ParentRunner.java:238)
	at org.junit.runners.ParentRunner$1.schedule(ParentRunner.java:63)
	at org.junit.runners.ParentRunner.runChildren(ParentRunner.java:236)
	at org.junit.runners.ParentRunner.access$000(ParentRunner.java:53)
	at org.junit.runners.ParentRunner$2.evaluate(ParentRunner.java:229)
	at org.junit.runners.ParentRunner.run(ParentRunner.java:309)
	at org.apache.maven.surefire.junit4.JUnit4Provider.execute(JUnit4Provider.java:365)
	at org.apache.maven.surefire.junit4.JUnit4Provider.executeWithRerun(JUnit4Provider.java:273)
	at org.apache.maven.surefire.junit4.JUnit4Provider.executeTestSet(JUnit4Provider.java:238)
	at org.apache.maven.surefire.junit4.JUnit4Provider.invoke(JUnit4Provider.java:159)
	at org.apache.maven.surefire.booter.ForkedBooter.invokeProviderInSameClassLoader(ForkedBooter.java:384)
	at org.apache.maven.surefire.booter.ForkedBooter.runSuitesInProcess(ForkedBooter.java:345)
	at org.apache.maven.surefire.booter.ForkedBooter.execute(ForkedBooter.java:126)
	at org.apache.maven.surefire.booter.ForkedBooter.main(ForkedBooter.java:418)
Caused by: java.net.ConnectException: Connection refused
	at sun.nio.ch.SocketChannelImpl.checkConnect(Native Method)
	at sun.nio.ch.SocketChannelImpl.finishConnect(SocketChannelImpl.java:717)
	at org.apache.hadoop.net.SocketIOWithTimeout.connect(SocketIOWithTimeout.java:206)
	at org.apache.hadoop.net.NetUtils.connect(NetUtils.java:531)
	at org.apache.hadoop.ipc.Client$Connection.setupConnection(Client.java:690)
	at org.apache.hadoop.ipc.Client$Connection.setupIOstreams(Client.java:794)
	at org.apache.hadoop.ipc.Client$Connection.access$3700(Client.java:411)
	at org.apache.hadoop.ipc.Client.getConnection(Client.java:1572)
	at org.apache.hadoop.ipc.Client.call(Client.java:1403)
	... 54 more
2019-09-24 02:33:33,828 [main] INFO  ozone.MiniOzoneClusterImpl (MiniOzoneClusterImpl.java:shutdown(314)) - Shutting down the Mini Ozone Cluster
2019-09-24 02:33:33,828 [main] INFO  ozone.MiniOzoneClusterImpl (MiniOzoneClusterImpl.java:stop(330)) - Stopping the Mini Ozone Cluster
2019-09-24 02:33:33,828 [main] INFO  ozone.MiniOzoneClusterImpl (MiniOzoneClusterImpl.java:stopOM(400)) - Stopping the OzoneManager
2019-09-24 02:33:33,829 [main] INFO  ipc.Server (Server.java:stop(3082)) - Stopping server on 42004
2019-09-24 02:33:33,839 [IPC Server listener on 42004] INFO  ipc.Server (Server.java:run(1185)) - Stopping IPC Server listener on 42004
2019-09-24 02:33:33,839 [main] INFO  ratis.OzoneManagerDoubleBuffer (OzoneManagerDoubleBuffer.java:stop(248)) - Stopping OMDoubleBuffer flush thread
2019-09-24 02:33:33,839 [IPC Server Responder] INFO  ipc.Server (Server.java:run(1319)) - Stopping IPC Server Responder
2019-09-24 02:33:33,855 [OMDoubleBufferFlushThread] INFO  ratis.OzoneManagerDoubleBuffer (OzoneManagerDoubleBuffer.java:flushTransactions(191)) - OMDoubleBuffer flush thread OMDoubleBufferFlushThread is interrupted and will exit. OMDoubleBufferFlushThread
2019-09-24 02:33:33,865 [main] INFO  utils.BackgroundService (BackgroundService.java:shutdown(148)) - Shutting down service KeyDeletingService
2019-09-24 02:33:33,899 [main] INFO  handler.ContextHandler (ContextHandler.java:doStop(910)) - Stopped o.e.j.w.WebAppContext@75bd28d{/,null,UNAVAILABLE}{/ozoneManager}
2019-09-24 02:33:33,900 [main] INFO  server.AbstractConnector (AbstractConnector.java:doStop(318)) - Stopped ServerConnector@129c4d19{HTTP/1.1,[http/1.1]}{0.0.0.0:0}
2019-09-24 02:33:33,901 [main] INFO  handler.ContextHandler (ContextHandler.java:doStop(910)) - Stopped o.e.j.s.ServletContextHandler@55296b50{/static,file:///workdir/hadoop-ozone/integration-test/target/test-classes/webapps/static,UNAVAILABLE}
2019-09-24 02:33:33,901 [main] INFO  handler.ContextHandler (ContextHandler.java:doStop(910)) - Stopped o.e.j.s.ServletContextHandler@2f0ccb34{/logs,file:///workdir/hadoop-ozone/integration-test/target/log,UNAVAILABLE}
2019-09-24 02:33:33,905 [main] INFO  ozone.MiniOzoneClusterImpl (MiniOzoneClusterImpl.java:stopDatanodes(377)) - Stopping the HddsDatanodes
2019-09-24 02:33:34,294 [Datanode State Machine Thread - 0] INFO  statemachine.DatanodeStateMachine (DatanodeStateMachine.java:lambda$startDaemon$0(350)) - Ozone container server started.
2019-09-24 02:33:34,464 [Datanode State Machine Thread - 0] INFO  statemachine.DatanodeStateMachine (DatanodeStateMachine.java:lambda$startDaemon$0(350)) - Ozone container server started.
2019-09-24 02:33:38,907 [ForkJoinPool.commonPool-worker-0] INFO  ozoneimpl.OzoneContainer (OzoneContainer.java:stop(231)) - Attempting to stop container services.
2019-09-24 02:33:38,907 [main] INFO  ozoneimpl.OzoneContainer (OzoneContainer.java:stop(231)) - Attempting to stop container services.
2019-09-24 02:33:38,908 [ForkJoinPool.commonPool-worker-0] INFO  impl.RaftServerProxy (RaftServerProxy.java:lambda$close$4(314)) - 556942d2-91e9-4f35-a4d7-9eaff3fbfacc: close
2019-09-24 02:33:38,909 [main] INFO  impl.RaftServerProxy (RaftServerProxy.java:lambda$close$4(314)) - 2b314ddf-a628-41df-afb5-827956264657: close
2019-09-24 02:33:38,909 [ForkJoinPool.commonPool-worker-0] INFO  impl.RaftServerImpl (RaftServerImpl.java:lambda$shutdown$3(251)) - 556942d2-91e9-4f35-a4d7-9eaff3fbfacc@group-8DC0FBF5FE45: shutdown
2019-09-24 02:33:38,909 [main] INFO  impl.RaftServerImpl (RaftServerImpl.java:lambda$shutdown$3(251)) - 2b314ddf-a628-41df-afb5-827956264657@group-A7581056334D: shutdown
2019-09-24 02:33:38,910 [ForkJoinPool.commonPool-worker-0] INFO  util.JmxRegister (JmxRegister.java:unregister(73)) - Successfully un-registered JMX Bean with object name Ratis:service=RaftServer,group=group-8DC0FBF5FE45,id=556942d2-91e9-4f35-a4d7-9eaff3fbfacc
2019-09-24 02:33:38,910 [main] INFO  util.JmxRegister (JmxRegister.java:unregister(73)) - Successfully un-registered JMX Bean with object name Ratis:service=RaftServer,group=group-A7581056334D,id=2b314ddf-a628-41df-afb5-827956264657
2019-09-24 02:33:38,910 [ForkJoinPool.commonPool-worker-0] INFO  impl.RoleInfo (RoleInfo.java:shutdownLeaderState(104)) - 556942d2-91e9-4f35-a4d7-9eaff3fbfacc: shutdown LeaderState
2019-09-24 02:33:38,911 [main] INFO  impl.RoleInfo (RoleInfo.java:shutdownFollowerState(121)) - 2b314ddf-a628-41df-afb5-827956264657: shutdown FollowerState
2019-09-24 02:33:38,911 [ForkJoinPool.commonPool-worker-0] INFO  impl.PendingRequests (PendingRequests.java:sendNotLeaderResponses(202)) - 556942d2-91e9-4f35-a4d7-9eaff3fbfacc-PendingRequests: sendNotLeaderResponses
2019-09-24 02:33:38,912 [Thread-8050] INFO  impl.FollowerState (FollowerState.java:run(115)) - 2b314ddf-a628-41df-afb5-827956264657: FollowerState was interrupted: java.lang.InterruptedException: sleep interrupted
2019-09-24 02:33:38,912 [main] INFO  impl.StateMachineUpdater (StateMachineUpdater.java:stopAndJoin(125)) - 2b314ddf-a628-41df-afb5-827956264657@group-A7581056334D-StateMachineUpdater: set stopIndex = 0
2019-09-24 02:33:38,913 [main] INFO  impl.RaftServerImpl (ServerState.java:close(385)) - 2b314ddf-a628-41df-afb5-827956264657@group-A7581056334D: closes. applyIndex: 0
2019-09-24 02:33:38,913 [ForkJoinPool.commonPool-worker-0] INFO  impl.StateMachineUpdater (StateMachineUpdater.java:stopAndJoin(125)) - 556942d2-91e9-4f35-a4d7-9eaff3fbfacc@group-8DC0FBF5FE45-StateMachineUpdater: set stopIndex = 0
2019-09-24 02:33:38,913 [ForkJoinPool.commonPool-worker-0] INFO  impl.RaftServerImpl (ServerState.java:close(385)) - 556942d2-91e9-4f35-a4d7-9eaff3fbfacc@group-8DC0FBF5FE45: closes. applyIndex: 0
2019-09-24 02:33:38,914 [2b314ddf-a628-41df-afb5-827956264657@group-A7581056334D-SegmentedRaftLogWorker] INFO  segmented.SegmentedRaftLogWorker (SegmentedRaftLogWorker.java:run(313)) - 2b314ddf-a628-41df-afb5-827956264657@group-A7581056334D-SegmentedRaftLogWorker was interrupted, exiting. There are 0 tasks remaining in the queue.
2019-09-24 02:33:38,914 [556942d2-91e9-4f35-a4d7-9eaff3fbfacc@group-8DC0FBF5FE45-SegmentedRaftLogWorker] INFO  segmented.SegmentedRaftLogWorker (SegmentedRaftLogWorker.java:run(313)) - 556942d2-91e9-4f35-a4d7-9eaff3fbfacc@group-8DC0FBF5FE45-SegmentedRaftLogWorker was interrupted, exiting. There are 0 tasks remaining in the queue.
2019-09-24 02:33:38,919 [main] INFO  segmented.SegmentedRaftLogWorker (SegmentedRaftLogWorker.java:close(228)) - 2b314ddf-a628-41df-afb5-827956264657@group-A7581056334D-SegmentedRaftLogWorker close()
2019-09-24 02:33:38,922 [ForkJoinPool.commonPool-worker-0] INFO  segmented.SegmentedRaftLogWorker (SegmentedRaftLogWorker.java:close(228)) - 556942d2-91e9-4f35-a4d7-9eaff3fbfacc@group-8DC0FBF5FE45-SegmentedRaftLogWorker close()
2019-09-24 02:33:38,928 [main] INFO  impl.RaftServerImpl (RaftServerImpl.java:lambda$shutdown$3(251)) - 2b314ddf-a628-41df-afb5-827956264657@group-1564FE1CC81B: shutdown
2019-09-24 02:33:38,933 [ForkJoinPool.commonPool-worker-0] INFO  impl.RaftServerImpl (RaftServerImpl.java:lambda$shutdown$3(251)) - 556942d2-91e9-4f35-a4d7-9eaff3fbfacc@group-CED085F05024: shutdown
2019-09-24 02:33:38,934 [main] INFO  util.JmxRegister (JmxRegister.java:unregister(73)) - Successfully un-registered JMX Bean with object name Ratis:service=RaftServer,group=group-1564FE1CC81B,id=2b314ddf-a628-41df-afb5-827956264657
2019-09-24 02:33:38,934 [ForkJoinPool.commonPool-worker-0] INFO  util.JmxRegister (JmxRegister.java:unregister(73)) - Successfully un-registered JMX Bean with object name Ratis:service=RaftServer,group=group-CED085F05024,id=556942d2-91e9-4f35-a4d7-9eaff3fbfacc
2019-09-24 02:33:38,935 [main] INFO  impl.RoleInfo (RoleInfo.java:shutdownLeaderState(104)) - 2b314ddf-a628-41df-afb5-827956264657: shutdown LeaderState
2019-09-24 02:33:38,935 [ForkJoinPool.commonPool-worker-0] INFO  impl.RoleInfo (RoleInfo.java:shutdownFollowerState(121)) - 556942d2-91e9-4f35-a4d7-9eaff3fbfacc: shutdown FollowerState
2019-09-24 02:33:38,935 [main] INFO  impl.PendingRequests (PendingRequests.java:sendNotLeaderResponses(202)) - 2b314ddf-a628-41df-afb5-827956264657-PendingRequests: sendNotLeaderResponses
2019-09-24 02:33:38,936 [Thread-8015] INFO  impl.FollowerState (FollowerState.java:run(115)) - 556942d2-91e9-4f35-a4d7-9eaff3fbfacc: FollowerState was interrupted: java.lang.InterruptedException: sleep interrupted
2019-09-24 02:33:38,936 [ForkJoinPool.commonPool-worker-0] INFO  impl.StateMachineUpdater (StateMachineUpdater.java:stopAndJoin(125)) - 556942d2-91e9-4f35-a4d7-9eaff3fbfacc@group-CED085F05024-StateMachineUpdater: set stopIndex = 0
2019-09-24 02:33:38,937 [ForkJoinPool.commonPool-worker-0] INFO  impl.RaftServerImpl (ServerState.java:close(385)) - 556942d2-91e9-4f35-a4d7-9eaff3fbfacc@group-CED085F05024: closes. applyIndex: 0
2019-09-24 02:33:38,936 [main] INFO  impl.StateMachineUpdater (StateMachineUpdater.java:stopAndJoin(125)) - 2b314ddf-a628-41df-afb5-827956264657@group-1564FE1CC81B-StateMachineUpdater: set stopIndex = 0
2019-09-24 02:33:38,937 [556942d2-91e9-4f35-a4d7-9eaff3fbfacc@group-CED085F05024-SegmentedRaftLogWorker] INFO  segmented.SegmentedRaftLogWorker (SegmentedRaftLogWorker.java:run(313)) - 556942d2-91e9-4f35-a4d7-9eaff3fbfacc@group-CED085F05024-SegmentedRaftLogWorker was interrupted, exiting. There are 0 tasks remaining in the queue.
2019-09-24 02:33:38,938 [main] INFO  impl.RaftServerImpl (ServerState.java:close(385)) - 2b314ddf-a628-41df-afb5-827956264657@group-1564FE1CC81B: closes. applyIndex: 0
2019-09-24 02:33:38,940 [ForkJoinPool.commonPool-worker-0] INFO  segmented.SegmentedRaftLogWorker (SegmentedRaftLogWorker.java:close(228)) - 556942d2-91e9-4f35-a4d7-9eaff3fbfacc@group-CED085F05024-SegmentedRaftLogWorker close()
2019-09-24 02:33:38,941 [2b314ddf-a628-41df-afb5-827956264657@group-1564FE1CC81B-SegmentedRaftLogWorker] INFO  segmented.SegmentedRaftLogWorker (SegmentedRaftLogWorker.java:run(313)) - 2b314ddf-a628-41df-afb5-827956264657@group-1564FE1CC81B-SegmentedRaftLogWorker was interrupted, exiting. There are 0 tasks remaining in the queue.
2019-09-24 02:33:38,948 [ForkJoinPool.commonPool-worker-0] INFO  server.GrpcService (GrpcService.java:closeImpl(164)) - 556942d2-91e9-4f35-a4d7-9eaff3fbfacc: shutdown server with port 46023 now
2019-09-24 02:33:38,948 [main] INFO  segmented.SegmentedRaftLogWorker (SegmentedRaftLogWorker.java:close(228)) - 2b314ddf-a628-41df-afb5-827956264657@group-1564FE1CC81B-SegmentedRaftLogWorker close()
2019-09-24 02:33:38,953 [main] INFO  server.GrpcService (GrpcService.java:closeImpl(164)) - 2b314ddf-a628-41df-afb5-827956264657: shutdown server with port 35278 now
2019-09-24 02:33:38,955 [grpc-default-executor-2] WARN  server.GrpcServerProtocolService (LogUtils.java:warn(134)) - 2b314ddf-a628-41df-afb5-827956264657: installSnapshot onError, lastRequest: 7fd17b96-21f1-4559-9cf9-f04cfa32ca1c->2b314ddf-a628-41df-afb5-827956264657#230-t1, previous=(t:1, i:0), leaderCommit=0, initializing? false, entries: <empty>: org.apache.ratis.thirdparty.io.grpc.StatusRuntimeException: CANCELLED: cancelled before receiving half close
2019-09-24 02:33:38,955 [grpc-default-executor-5] WARN  server.GrpcServerProtocolService (LogUtils.java:warn(134)) - 556942d2-91e9-4f35-a4d7-9eaff3fbfacc: installSnapshot onError, lastRequest: 9d97adb7-296c-40d2-b831-3db9b0cbdbf9->556942d2-91e9-4f35-a4d7-9eaff3fbfacc#231-t1, previous=(t:1, i:0), leaderCommit=0, initializing? false, entries: <empty>: org.apache.ratis.thirdparty.io.grpc.StatusRuntimeException: CANCELLED: cancelled before receiving half close
2019-09-24 02:33:38,955 [main] INFO  server.GrpcService (GrpcService.java:closeImpl(172)) - 2b314ddf-a628-41df-afb5-827956264657: shutdown server with port 35278 successfully
2019-09-24 02:33:38,955 [ForkJoinPool.commonPool-worker-0] INFO  server.GrpcService (GrpcService.java:closeImpl(172)) - 556942d2-91e9-4f35-a4d7-9eaff3fbfacc: shutdown server with port 46023 successfully
2019-09-24 02:33:38,955 [grpc-default-executor-7] WARN  server.GrpcLogAppender (LogUtils.java:warn(134)) - 7fd17b96-21f1-4559-9cf9-f04cfa32ca1c@group-A7581056334D->2b314ddf-a628-41df-afb5-827956264657-AppendLogResponseHandler: Failed appendEntries: org.apache.ratis.thirdparty.io.grpc.StatusRuntimeException: CANCELLED: HTTP/2 error code: CANCEL
Received Rst Stream
2019-09-24 02:33:38,955 [grpc-default-executor-3] WARN  server.GrpcLogAppender (LogUtils.java:warn(134)) - 9d97adb7-296c-40d2-b831-3db9b0cbdbf9@group-CED085F05024->556942d2-91e9-4f35-a4d7-9eaff3fbfacc-AppendLogResponseHandler: Failed appendEntries: org.apache.ratis.thirdparty.io.grpc.StatusRuntimeException: CANCELLED: HTTP/2 error code: CANCEL
Received Rst Stream
2019-09-24 02:33:38,957 [grpc-default-executor-7] INFO  impl.FollowerInfo (FollowerInfo.java:lambda$new$0(51)) - 7fd17b96-21f1-4559-9cf9-f04cfa32ca1c@group-A7581056334D->2b314ddf-a628-41df-afb5-827956264657: nextIndex: updateUnconditionally 1 -> 0
2019-09-24 02:33:38,957 [grpc-default-executor-3] INFO  impl.FollowerInfo (FollowerInfo.java:lambda$new$0(51)) - 9d97adb7-296c-40d2-b831-3db9b0cbdbf9@group-CED085F05024->556942d2-91e9-4f35-a4d7-9eaff3fbfacc: nextIndex: updateUnconditionally 1 -> 0
2019-09-24 02:33:38,959 [refreshUsed-/workdir/hadoop-ozone/integration-test/target/test-dir/MiniOzoneClusterImpl-3bdd15fc-dee8-458b-a154-153c8414505a/datanode-2/data/containers] WARN  fs.CachingGetSpaceUsed (CachingGetSpaceUsed.java:run(183)) - Thread Interrupted waiting to refresh disk information: sleep interrupted
2019-09-24 02:33:38,960 [refreshUsed-/workdir/hadoop-ozone/integration-test/target/test-dir/MiniOzoneClusterImpl-3bdd15fc-dee8-458b-a154-153c8414505a/datanode-5/data/containers] WARN  fs.CachingGetSpaceUsed (CachingGetSpaceUsed.java:run(183)) - Thread Interrupted waiting to refresh disk information: sleep interrupted
2019-09-24 02:33:38,981 [main] INFO  utils.BackgroundService (BackgroundService.java:shutdown(148)) - Shutting down service BlockDeletingService
2019-09-24 02:33:38,981 [ForkJoinPool.commonPool-worker-0] INFO  utils.BackgroundService (BackgroundService.java:shutdown(148)) - Shutting down service BlockDeletingService
2019-09-24 02:33:38,991 [main] INFO  statemachine.DatanodeStateMachine (DatanodeStateMachine.java:stopDaemon(395)) - Ozone container server stopped.
2019-09-24 02:33:38,993 [ForkJoinPool.commonPool-worker-0] INFO  statemachine.DatanodeStateMachine (DatanodeStateMachine.java:stopDaemon(395)) - Ozone container server stopped.
2019-09-24 02:33:38,997 [main] INFO  handler.ContextHandler (ContextHandler.java:doStop(910)) - Stopped o.e.j.w.WebAppContext@1304e0d7{/,null,UNAVAILABLE}{/hddsDatanode}
2019-09-24 02:33:38,999 [ForkJoinPool.commonPool-worker-0] INFO  handler.ContextHandler (ContextHandler.java:doStop(910)) - Stopped o.e.j.w.WebAppContext@2c7c0e36{/,null,UNAVAILABLE}{/hddsDatanode}
2019-09-24 02:33:39,000 [main] INFO  server.AbstractConnector (AbstractConnector.java:doStop(318)) - Stopped ServerConnector@6ddc67d0{HTTP/1.1,[http/1.1]}{0.0.0.0:0}
2019-09-24 02:33:39,000 [ForkJoinPool.commonPool-worker-0] INFO  server.AbstractConnector (AbstractConnector.java:doStop(318)) - Stopped ServerConnector@307cf964{HTTP/1.1,[http/1.1]}{0.0.0.0:0}
2019-09-24 02:33:39,000 [main] INFO  handler.ContextHandler (ContextHandler.java:doStop(910)) - Stopped o.e.j.s.ServletContextHandler@65bd19bf{/static,jar:file:/home/user/.m2/repository/org/apache/hadoop/hadoop-hdds-container-service/0.5.0-SNAPSHOT/hadoop-hdds-container-service-0.5.0-SNAPSHOT.jar!/webapps/static,UNAVAILABLE}
2019-09-24 02:33:39,002 [ForkJoinPool.commonPool-worker-0] INFO  handler.ContextHandler (ContextHandler.java:doStop(910)) - Stopped o.e.j.s.ServletContextHandler@6af87130{/static,jar:file:/home/user/.m2/repository/org/apache/hadoop/hadoop-hdds-container-service/0.5.0-SNAPSHOT/hadoop-hdds-container-service-0.5.0-SNAPSHOT.jar!/webapps/static,UNAVAILABLE}
2019-09-24 02:33:39,002 [main] INFO  handler.ContextHandler (ContextHandler.java:doStop(910)) - Stopped o.e.j.s.ServletContextHandler@5d2a86c0{/logs,file:///workdir/hadoop-ozone/integration-test/target/log,UNAVAILABLE}
2019-09-24 02:33:39,004 [ForkJoinPool.commonPool-worker-0] INFO  handler.ContextHandler (ContextHandler.java:doStop(910)) - Stopped o.e.j.s.ServletContextHandler@289f15e9{/logs,file:///workdir/hadoop-ozone/integration-test/target/log,UNAVAILABLE}
2019-09-24 02:33:39,308 [Datanode State Machine Thread - 0] INFO  statemachine.DatanodeStateMachine (DatanodeStateMachine.java:lambda$startDaemon$0(350)) - Ozone container server started.
2019-09-24 02:33:39,439 [grpc-default-executor-7] WARN  server.GrpcLogAppender (LogUtils.java:warn(134)) - 9d97adb7-296c-40d2-b831-3db9b0cbdbf9@group-CED085F05024->556942d2-91e9-4f35-a4d7-9eaff3fbfacc-AppendLogResponseHandler: Failed appendEntries: org.apache.ratis.thirdparty.io.grpc.StatusRuntimeException: UNAVAILABLE: io exception
2019-09-24 02:33:39,440 [grpc-default-executor-7] INFO  impl.FollowerInfo (FollowerInfo.java:lambda$new$0(51)) - 9d97adb7-296c-40d2-b831-3db9b0cbdbf9@group-CED085F05024->556942d2-91e9-4f35-a4d7-9eaff3fbfacc: nextIndex: updateUnconditionally 0 -> 0
2019-09-24 02:33:39,442 [grpc-default-executor-5] WARN  server.GrpcLogAppender (LogUtils.java:warn(134)) - 7fd17b96-21f1-4559-9cf9-f04cfa32ca1c@group-A7581056334D->2b314ddf-a628-41df-afb5-827956264657-AppendLogResponseHandler: Failed appendEntries: org.apache.ratis.thirdparty.io.grpc.StatusRuntimeException: UNAVAILABLE: io exception
2019-09-24 02:33:39,442 [grpc-default-executor-5] INFO  impl.FollowerInfo (FollowerInfo.java:lambda$new$0(51)) - 7fd17b96-21f1-4559-9cf9-f04cfa32ca1c@group-A7581056334D->2b314ddf-a628-41df-afb5-827956264657: nextIndex: updateUnconditionally 0 -> 0
2019-09-24 02:33:39,747 [Datanode State Machine Thread - 0] INFO  statemachine.DatanodeStateMachine (DatanodeStateMachine.java:lambda$startDaemon$0(350)) - Ozone container server started.
2019-09-24 02:33:39,939 [grpc-default-executor-7] WARN  server.GrpcLogAppender (LogUtils.java:warn(134)) - 9d97adb7-296c-40d2-b831-3db9b0cbdbf9@group-CED085F05024->556942d2-91e9-4f35-a4d7-9eaff3fbfacc-AppendLogResponseHandler: Failed appendEntries: org.apache.ratis.thirdparty.io.grpc.StatusRuntimeException: UNAVAILABLE: io exception
2019-09-24 02:33:39,940 [grpc-default-executor-7] INFO  impl.FollowerInfo (FollowerInfo.java:lambda$new$0(51)) - 9d97adb7-296c-40d2-b831-3db9b0cbdbf9@group-CED085F05024->556942d2-91e9-4f35-a4d7-9eaff3fbfacc: nextIndex: updateUnconditionally 0 -> 0
2019-09-24 02:33:39,943 [grpc-default-executor-5] WARN  server.GrpcLogAppender (LogUtils.java:warn(134)) - 7fd17b96-21f1-4559-9cf9-f04cfa32ca1c@group-A7581056334D->2b314ddf-a628-41df-afb5-827956264657-AppendLogResponseHandler: Failed appendEntries: org.apache.ratis.thirdparty.io.grpc.StatusRuntimeException: UNAVAILABLE: io exception
2019-09-24 02:33:39,943 [grpc-default-executor-5] INFO  impl.FollowerInfo (FollowerInfo.java:lambda$new$0(51)) - 7fd17b96-21f1-4559-9cf9-f04cfa32ca1c@group-A7581056334D->2b314ddf-a628-41df-afb5-827956264657: nextIndex: updateUnconditionally 0 -> 0
2019-09-24 02:33:40,439 [grpc-default-executor-3] WARN  server.GrpcLogAppender (LogUtils.java:warn(134)) - 9d97adb7-296c-40d2-b831-3db9b0cbdbf9@group-CED085F05024->556942d2-91e9-4f35-a4d7-9eaff3fbfacc-AppendLogResponseHandler: Failed appendEntries: org.apache.ratis.thirdparty.io.grpc.StatusRuntimeException: UNAVAILABLE: io exception
2019-09-24 02:33:40,440 [grpc-default-executor-3] INFO  impl.FollowerInfo (FollowerInfo.java:lambda$new$0(51)) - 9d97adb7-296c-40d2-b831-3db9b0cbdbf9@group-CED085F05024->556942d2-91e9-4f35-a4d7-9eaff3fbfacc: nextIndex: updateUnconditionally 0 -> 0
2019-09-24 02:33:40,443 [grpc-default-executor-7] WARN  server.GrpcLogAppender (LogUtils.java:warn(134)) - 7fd17b96-21f1-4559-9cf9-f04cfa32ca1c@group-A7581056334D->2b314ddf-a628-41df-afb5-827956264657-AppendLogResponseHandler: Failed appendEntries: org.apache.ratis.thirdparty.io.grpc.StatusRuntimeException: UNAVAILABLE: io exception
2019-09-24 02:33:40,444 [grpc-default-executor-7] INFO  impl.FollowerInfo (FollowerInfo.java:lambda$new$0(51)) - 7fd17b96-21f1-4559-9cf9-f04cfa32ca1c@group-A7581056334D->2b314ddf-a628-41df-afb5-827956264657: nextIndex: updateUnconditionally 0 -> 0
2019-09-24 02:33:40,939 [grpc-default-executor-2] WARN  server.GrpcLogAppender (LogUtils.java:warn(134)) - 9d97adb7-296c-40d2-b831-3db9b0cbdbf9@group-CED085F05024->556942d2-91e9-4f35-a4d7-9eaff3fbfacc-AppendLogResponseHandler: Failed appendEntries: org.apache.ratis.thirdparty.io.grpc.StatusRuntimeException: UNAVAILABLE: io exception
2019-09-24 02:33:40,940 [grpc-default-executor-2] INFO  impl.FollowerInfo (FollowerInfo.java:lambda$new$0(51)) - 9d97adb7-296c-40d2-b831-3db9b0cbdbf9@group-CED085F05024->556942d2-91e9-4f35-a4d7-9eaff3fbfacc: nextIndex: updateUnconditionally 0 -> 0
2019-09-24 02:33:40,943 [grpc-default-executor-3] WARN  server.GrpcLogAppender (LogUtils.java:warn(134)) - 7fd17b96-21f1-4559-9cf9-f04cfa32ca1c@group-A7581056334D->2b314ddf-a628-41df-afb5-827956264657-AppendLogResponseHandler: Failed appendEntries: org.apache.ratis.thirdparty.io.grpc.StatusRuntimeException: UNAVAILABLE: io exception
2019-09-24 02:33:40,943 [grpc-default-executor-3] INFO  impl.FollowerInfo (FollowerInfo.java:lambda$new$0(51)) - 7fd17b96-21f1-4559-9cf9-f04cfa32ca1c@group-A7581056334D->2b314ddf-a628-41df-afb5-827956264657: nextIndex: updateUnconditionally 0 -> 0
2019-09-24 02:33:41,440 [grpc-default-executor-3] WARN  server.GrpcLogAppender (LogUtils.java:warn(134)) - 9d97adb7-296c-40d2-b831-3db9b0cbdbf9@group-CED085F05024->556942d2-91e9-4f35-a4d7-9eaff3fbfacc-AppendLogResponseHandler: Failed appendEntries: org.apache.ratis.thirdparty.io.grpc.StatusRuntimeException: UNAVAILABLE: io exception
2019-09-24 02:33:41,441 [grpc-default-executor-3] INFO  impl.FollowerInfo (FollowerInfo.java:lambda$new$0(51)) - 9d97adb7-296c-40d2-b831-3db9b0cbdbf9@group-CED085F05024->556942d2-91e9-4f35-a4d7-9eaff3fbfacc: nextIndex: updateUnconditionally 0 -> 0
2019-09-24 02:33:41,444 [grpc-default-executor-7] WARN  server.GrpcLogAppender (LogUtils.java:warn(134)) - 7fd17b96-21f1-4559-9cf9-f04cfa32ca1c@group-A7581056334D->2b314ddf-a628-41df-afb5-827956264657-AppendLogResponseHandler: Failed appendEntries: org.apache.ratis.thirdparty.io.grpc.StatusRuntimeException: UNAVAILABLE: io exception
2019-09-24 02:33:41,444 [grpc-default-executor-7] INFO  impl.FollowerInfo (FollowerInfo.java:lambda$new$0(51)) - 7fd17b96-21f1-4559-9cf9-f04cfa32ca1c@group-A7581056334D->2b314ddf-a628-41df-afb5-827956264657: nextIndex: updateUnconditionally 0 -> 0
2019-09-24 02:33:41,629 [grpc-default-executor-7] INFO  impl.RaftServerProxy (RaftServerProxy.java:addNew(89)) - 4a9a1aaf-f3a8-4fdd-8b2b-1094ba9be8f3: addNew group-C04070C93A6A:[4a9a1aaf-f3a8-4fdd-8b2b-1094ba9be8f3:192.168.151.121:33875] returns group-C04070C93A6A:java.util.concurrent.CompletableFuture@2a59c262[Not completed]
2019-09-24 02:33:41,631 [pool-597-thread-1] INFO  impl.RaftServerImpl (RaftServerImpl.java:<init>(95)) - 4a9a1aaf-f3a8-4fdd-8b2b-1094ba9be8f3: new RaftServerImpl for group-C04070C93A6A:[4a9a1aaf-f3a8-4fdd-8b2b-1094ba9be8f3:192.168.151.121:33875] with ContainerStateMachine:uninitialized
2019-09-24 02:33:41,632 [pool-597-thread-1] INFO  server.RaftServerConfigKeys (ConfUtils.java:logGet(43)) - raft.server.rpc.timeout.min = 1s (custom)
2019-09-24 02:33:41,632 [pool-597-thread-1] INFO  server.RaftServerConfigKeys (ConfUtils.java:logGet(43)) - raft.server.rpc.timeout.max = 1200ms (custom)
2019-09-24 02:33:41,632 [pool-597-thread-1] INFO  server.RaftServerConfigKeys (ConfUtils.java:logGet(43)) - raft.server.rpcslowness.timeout = 120s (custom)
2019-09-24 02:33:41,632 [pool-597-thread-1] INFO  server.RaftServerConfigKeys (ConfUtils.java:logGet(43)) - raft.server.sleep.deviation.threshold = 300 (default)
2019-09-24 02:33:41,632 [pool-597-thread-1] INFO  server.RaftServerConfigKeys (ConfUtils.java:logGet(43)) - raft.server.log.appender.install.snapshot.enabled = false (custom)
2019-09-24 02:33:41,633 [pool-597-thread-1] INFO  impl.RaftServerImpl (ServerState.java:<init>(103)) - 4a9a1aaf-f3a8-4fdd-8b2b-1094ba9be8f3@group-C04070C93A6A: ConfigurationManager, init=-1: [4a9a1aaf-f3a8-4fdd-8b2b-1094ba9be8f3:192.168.151.121:33875], old=null, confs=<EMPTY_MAP>
2019-09-24 02:33:41,633 [pool-597-thread-1] INFO  server.RaftServerConfigKeys (ConfUtils.java:logGet(43)) - raft.server.storage.dir = [/workdir/hadoop-ozone/integration-test/target/test-dir/MiniOzoneClusterImpl-3bdd15fc-dee8-458b-a154-153c8414505a/datanode-9/data/ratis] (custom)
2019-09-24 02:33:41,634 [pool-597-thread-1] INFO  storage.RaftStorageDirectory (RaftStorageDirectory.java:analyzeStorage(246)) - The storage directory /workdir/hadoop-ozone/integration-test/target/test-dir/MiniOzoneClusterImpl-3bdd15fc-dee8-458b-a154-153c8414505a/datanode-9/data/ratis/cd48e7fa-24ce-4a18-8563-c04070c93a6a does not exist. Creating ...
2019-09-24 02:33:41,660 [pool-597-thread-1] INFO  storage.RaftStorageDirectory (RaftStorageDirectory.java:tryLock(328)) - Lock on /workdir/hadoop-ozone/integration-test/target/test-dir/MiniOzoneClusterImpl-3bdd15fc-dee8-458b-a154-153c8414505a/datanode-9/data/ratis/cd48e7fa-24ce-4a18-8563-c04070c93a6a/in_use.lock acquired by nodename 30927@pr-hdds-2162-tjkd5-3209850126
2019-09-24 02:33:41,673 [pool-597-thread-1] INFO  storage.RaftStorage (RaftStorage.java:format(72)) - Storage directory /workdir/hadoop-ozone/integration-test/target/test-dir/MiniOzoneClusterImpl-3bdd15fc-dee8-458b-a154-153c8414505a/datanode-9/data/ratis/cd48e7fa-24ce-4a18-8563-c04070c93a6a has been successfully formatted.
2019-09-24 02:33:41,674 [pool-597-thread-1] INFO  ratis.ContainerStateMachine (ContainerStateMachine.java:loadSnapshot(230)) - group-C04070C93A6A: The snapshot info is null. Setting the last applied indexto:(t:0, i:~)
2019-09-24 02:33:41,674 [pool-597-thread-1] INFO  server.RaftServerConfigKeys (ConfUtils.java:logGet(43)) - raft.server.notification.no-leader.timeout = 120s (custom)
2019-09-24 02:33:41,674 [pool-597-thread-1] INFO  server.RaftServerConfigKeys (ConfUtils.java:logGet(43)) - raft.server.log.use.memory = false (default)
2019-09-24 02:33:41,674 [pool-597-thread-1] INFO  server.RaftServerConfigKeys (ConfUtils.java:logGet(43)) - raft.server.log.purge.gap = 1000000 (custom)
2019-09-24 02:33:41,674 [pool-597-thread-1] INFO  server.RaftServerConfigKeys (ConfUtils.java:logGet(43)) - raft.server.log.appender.buffer.byte-limit = 33554432 (custom)
2019-09-24 02:33:41,675 [pool-597-thread-1] INFO  server.RaftServerConfigKeys (ConfUtils.java:logGet(43)) - raft.server.log.segment.size.max = 1048576 (custom)
2019-09-24 02:33:41,675 [pool-597-thread-1] INFO  server.RaftServerConfigKeys (ConfUtils.java:logGet(43)) - raft.server.log.segment.cache.num.max = 2 (custom)
2019-09-24 02:33:41,675 [pool-597-thread-1] INFO  segmented.SegmentedRaftLogWorker (SegmentedRaftLogWorker.java:<init>(172)) - new 4a9a1aaf-f3a8-4fdd-8b2b-1094ba9be8f3@group-C04070C93A6A-SegmentedRaftLogWorker for RaftStorage:Storage Directory /workdir/hadoop-ozone/integration-test/target/test-dir/MiniOzoneClusterImpl-3bdd15fc-dee8-458b-a154-153c8414505a/datanode-9/data/ratis/cd48e7fa-24ce-4a18-8563-c04070c93a6a
2019-09-24 02:33:41,677 [pool-597-thread-1] INFO  server.RaftServerConfigKeys (ConfUtils.java:logGet(43)) - raft.server.log.queue.byte-limit = 2147483647 (custom)
2019-09-24 02:33:41,677 [pool-597-thread-1] INFO  server.RaftServerConfigKeys (ConfUtils.java:logGet(43)) - raft.server.log.queue.element-limit = 1024 (custom)
2019-09-24 02:33:41,677 [pool-597-thread-1] INFO  server.RaftServerConfigKeys (ConfUtils.java:logGet(43)) - raft.server.log.segment.size.max = 1048576 (custom)
2019-09-24 02:33:41,677 [pool-597-thread-1] INFO  server.RaftServerConfigKeys (ConfUtils.java:logGet(43)) - raft.server.log.preallocated.size = 16384 (custom)
2019-09-24 02:33:41,678 [pool-597-thread-1] INFO  server.RaftServerConfigKeys (ConfUtils.java:logGet(43)) - raft.server.log.write.buffer.size = 33554432 (custom)
2019-09-24 02:33:41,678 [pool-597-thread-1] INFO  server.RaftServerConfigKeys (ConfUtils.java:logGet(43)) - raft.server.log.force.sync.num = 128 (default)
2019-09-24 02:33:41,678 [pool-597-thread-1] INFO  server.RaftServerConfigKeys (ConfUtils.java:logGet(43)) - raft.server.log.statemachine.data.sync = true (default)
2019-09-24 02:33:41,678 [pool-597-thread-1] INFO  server.RaftServerConfigKeys (ConfUtils.java:logGet(43)) - raft.server.log.statemachine.data.sync.timeout = 10s (default)
2019-09-24 02:33:41,678 [pool-597-thread-1] INFO  server.RaftServerConfigKeys (ConfUtils.java:logGet(43)) - raft.server.log.statemachine.data.sync.timeout.retry = -1 (default)
2019-09-24 02:33:41,678 [pool-597-thread-1] INFO  server.RaftServerConfigKeys (ConfUtils.java:logGet(43)) - raft.server.log.statemachine.data.caching.enabled = true (custom)
2019-09-24 02:33:41,679 [pool-597-thread-1] INFO  segmented.SegmentedRaftLogWorker (SegmentedRaftLogWorker.java:lambda$new$0(132)) - 4a9a1aaf-f3a8-4fdd-8b2b-1094ba9be8f3@group-C04070C93A6A-SegmentedRaftLogWorker: flushIndex: setUnconditionally 0 -> -1
2019-09-24 02:33:41,679 [pool-597-thread-1] INFO  server.RaftServerConfigKeys (ConfUtils.java:logGet(43)) - raft.server.snapshot.auto.trigger.enabled = true (custom)
2019-09-24 02:33:41,679 [pool-597-thread-1] INFO  server.RaftServerConfigKeys (ConfUtils.java:logGet(43)) - raft.server.snapshot.auto.trigger.threshold = 10000 (custom)
2019-09-24 02:33:41,680 [pool-597-thread-1] INFO  server.RaftServerConfigKeys (ConfUtils.java:logGet(43)) - raft.server.snapshot.retention.num.files = 5 (custom)
2019-09-24 02:33:41,680 [pool-597-thread-1] INFO  server.RaftServerConfigKeys (ConfUtils.java:logGet(43)) - raft.server.retrycache.expirytime = 600000ms (custom)
2019-09-24 02:33:41,682 [pool-597-thread-1] INFO  impl.RaftServerImpl (RaftServerImpl.java:start(185)) - 4a9a1aaf-f3a8-4fdd-8b2b-1094ba9be8f3@group-C04070C93A6A: start as a follower, conf=-1: [4a9a1aaf-f3a8-4fdd-8b2b-1094ba9be8f3:192.168.151.121:33875], old=null
2019-09-24 02:33:41,682 [pool-597-thread-1] INFO  impl.RaftServerImpl (RaftServerImpl.java:setRole(174)) - 4a9a1aaf-f3a8-4fdd-8b2b-1094ba9be8f3@group-C04070C93A6A: changes role from      null to FOLLOWER at term 0 for startAsFollower
2019-09-24 02:33:41,682 [pool-597-thread-1] INFO  impl.RoleInfo (RoleInfo.java:updateAndGet(143)) - 4a9a1aaf-f3a8-4fdd-8b2b-1094ba9be8f3: start FollowerState
2019-09-24 02:33:41,682 [pool-597-thread-1] INFO  util.JmxRegister (JmxRegister.java:tryRegister(44)) - Successfully registered JMX Bean with object name Ratis:service=RaftServer,group=group-C04070C93A6A,id=4a9a1aaf-f3a8-4fdd-8b2b-1094ba9be8f3
2019-09-24 02:33:41,690 [RatisPipelineUtilsThread] INFO  pipeline.PipelineStateManager (PipelineStateManager.java:addPipeline(56)) - Created pipeline Pipeline[ Id: cd48e7fa-24ce-4a18-8563-c04070c93a6a, Nodes: 4a9a1aaf-f3a8-4fdd-8b2b-1094ba9be8f3{ip: 192.168.151.121, host: pr-hdds-2162-tjkd5-3209850126, networkLocation: /rack1, certSerialId: null}, Type:RATIS, Factor:ONE, State:OPEN]
2019-09-24 02:33:41,940 [grpc-default-executor-7] WARN  server.GrpcLogAppender (LogUtils.java:warn(134)) - 9d97adb7-296c-40d2-b831-3db9b0cbdbf9@group-CED085F05024->556942d2-91e9-4f35-a4d7-9eaff3fbfacc-AppendLogResponseHandler: Failed appendEntries: org.apache.ratis.thirdparty.io.grpc.StatusRuntimeException: UNAVAILABLE: io exception
2019-09-24 02:33:41,941 [grpc-default-executor-7] INFO  impl.FollowerInfo (FollowerInfo.java:lambda$new$0(51)) - 9d97adb7-296c-40d2-b831-3db9b0cbdbf9@group-CED085F05024->556942d2-91e9-4f35-a4d7-9eaff3fbfacc: nextIndex: updateUnconditionally 0 -> 0
2019-09-24 02:33:41,944 [grpc-default-executor-2] WARN  server.GrpcLogAppender (LogUtils.java:warn(134)) - 7fd17b96-21f1-4559-9cf9-f04cfa32ca1c@group-A7581056334D->2b314ddf-a628-41df-afb5-827956264657-AppendLogResponseHandler: Failed appendEntries: org.apache.ratis.thirdparty.io.grpc.StatusRuntimeException: UNAVAILABLE: io exception
2019-09-24 02:33:41,944 [grpc-default-executor-2] INFO  impl.FollowerInfo (FollowerInfo.java:lambda$new$0(51)) - 7fd17b96-21f1-4559-9cf9-f04cfa32ca1c@group-A7581056334D->2b314ddf-a628-41df-afb5-827956264657: nextIndex: updateUnconditionally 0 -> 0
2019-09-24 02:33:42,441 [grpc-default-executor-2] WARN  server.GrpcLogAppender (LogUtils.java:warn(134)) - 9d97adb7-296c-40d2-b831-3db9b0cbdbf9@group-CED085F05024->556942d2-91e9-4f35-a4d7-9eaff3fbfacc-AppendLogResponseHandler: Failed appendEntries: org.apache.ratis.thirdparty.io.grpc.StatusRuntimeException: UNAVAILABLE: io exception
2019-09-24 02:33:42,442 [grpc-default-executor-2] INFO  impl.FollowerInfo (FollowerInfo.java:lambda$new$0(51)) - 9d97adb7-296c-40d2-b831-3db9b0cbdbf9@group-CED085F05024->556942d2-91e9-4f35-a4d7-9eaff3fbfacc: nextIndex: updateUnconditionally 0 -> 0
2019-09-24 02:33:42,445 [grpc-default-executor-7] WARN  server.GrpcLogAppender (LogUtils.java:warn(134)) - 7fd17b96-21f1-4559-9cf9-f04cfa32ca1c@group-A7581056334D->2b314ddf-a628-41df-afb5-827956264657-AppendLogResponseHandler: Failed appendEntries: org.apache.ratis.thirdparty.io.grpc.StatusRuntimeException: UNAVAILABLE: io exception
2019-09-24 02:33:42,445 [grpc-default-executor-7] INFO  impl.FollowerInfo (FollowerInfo.java:lambda$new$0(51)) - 7fd17b96-21f1-4559-9cf9-f04cfa32ca1c@group-A7581056334D->2b314ddf-a628-41df-afb5-827956264657: nextIndex: updateUnconditionally 0 -> 0
2019-09-24 02:33:42,864 [Thread-9501] INFO  impl.FollowerState (FollowerState.java:run(106)) - 4a9a1aaf-f3a8-4fdd-8b2b-1094ba9be8f3:group-C04070C93A6A changes to CANDIDATE, lastRpcTime:1182, electionTimeout:1182ms
2019-09-24 02:33:42,865 [Thread-9501] INFO  impl.RoleInfo (RoleInfo.java:shutdownFollowerState(121)) - 4a9a1aaf-f3a8-4fdd-8b2b-1094ba9be8f3: shutdown FollowerState
2019-09-24 02:33:42,865 [Thread-9501] INFO  impl.RaftServerImpl (RaftServerImpl.java:setRole(174)) - 4a9a1aaf-f3a8-4fdd-8b2b-1094ba9be8f3@group-C04070C93A6A: changes role from  FOLLOWER to CANDIDATE at term 0 for changeToCandidate
2019-09-24 02:33:42,865 [Thread-9501] INFO  impl.RoleInfo (RoleInfo.java:updateAndGet(143)) - 4a9a1aaf-f3a8-4fdd-8b2b-1094ba9be8f3: start LeaderElection
2019-09-24 02:33:42,886 [4a9a1aaf-f3a8-4fdd-8b2b-1094ba9be8f3@group-C04070C93A6A:LeaderElection117] INFO  impl.LeaderElection (LeaderElection.java:askForVotes(182)) - 4a9a1aaf-f3a8-4fdd-8b2b-1094ba9be8f3@group-C04070C93A6A:LeaderElection117: begin an election at term 1 for -1: [4a9a1aaf-f3a8-4fdd-8b2b-1094ba9be8f3:192.168.151.121:33875], old=null
2019-09-24 02:33:42,886 [4a9a1aaf-f3a8-4fdd-8b2b-1094ba9be8f3@group-C04070C93A6A:LeaderElection117] INFO  impl.RoleInfo (RoleInfo.java:shutdownLeaderElection(134)) - 4a9a1aaf-f3a8-4fdd-8b2b-1094ba9be8f3: shutdown LeaderElection
2019-09-24 02:33:42,887 [4a9a1aaf-f3a8-4fdd-8b2b-1094ba9be8f3@group-C04070C93A6A:LeaderElection117] INFO  impl.RaftServerImpl (RaftServerImpl.java:setRole(174)) - 4a9a1aaf-f3a8-4fdd-8b2b-1094ba9be8f3@group-C04070C93A6A: changes role from CANDIDATE to LEADER at term 1 for changeToLeader
2019-09-24 02:33:42,887 [4a9a1aaf-f3a8-4fdd-8b2b-1094ba9be8f3@group-C04070C93A6A:LeaderElection117] INFO  impl.RaftServerImpl (ServerState.java:setLeader(253)) - 4a9a1aaf-f3a8-4fdd-8b2b-1094ba9be8f3@group-C04070C93A6A: change Leader from null to 4a9a1aaf-f3a8-4fdd-8b2b-1094ba9be8f3 at term 1 for becomeLeader, leader elected after 1212ms
2019-09-24 02:33:42,887 [4a9a1aaf-f3a8-4fdd-8b2b-1094ba9be8f3@group-C04070C93A6A:LeaderElection117] INFO  server.RaftServerConfigKeys (ConfUtils.java:logGet(43)) - raft.server.staging.catchup.gap = 1000 (default)
2019-09-24 02:33:42,887 [4a9a1aaf-f3a8-4fdd-8b2b-1094ba9be8f3@group-C04070C93A6A:LeaderElection117] INFO  server.RaftServerConfigKeys (ConfUtils.java:logGet(43)) - raft.server.rpc.sleep.time = 25ms (default)
2019-09-24 02:33:42,887 [4a9a1aaf-f3a8-4fdd-8b2b-1094ba9be8f3@group-C04070C93A6A:LeaderElection117] INFO  server.RaftServerConfigKeys (ConfUtils.java:logGet(43)) - raft.server.write.element-limit = 4096 (default)
2019-09-24 02:33:42,887 [4a9a1aaf-f3a8-4fdd-8b2b-1094ba9be8f3@group-C04070C93A6A:LeaderElection117] INFO  server.RaftServerConfigKeys (ConfUtils.java:logGet(43)) - raft.server.watch.timeout = 10s (default)
2019-09-24 02:33:42,888 [4a9a1aaf-f3a8-4fdd-8b2b-1094ba9be8f3@group-C04070C93A6A:LeaderElection117] INFO  server.RaftServerConfigKeys (ConfUtils.java:logGet(43)) - raft.server.watch.timeout.denomination = 1s (default)
2019-09-24 02:33:42,888 [4a9a1aaf-f3a8-4fdd-8b2b-1094ba9be8f3@group-C04070C93A6A:LeaderElection117] INFO  server.RaftServerConfigKeys (ConfUtils.java:logGet(43)) - raft.server.watch.element-limit = 65536 (default)
2019-09-24 02:33:42,890 [4a9a1aaf-f3a8-4fdd-8b2b-1094ba9be8f3@group-C04070C93A6A:LeaderElection117] INFO  impl.RoleInfo (RoleInfo.java:updateAndGet(143)) - 4a9a1aaf-f3a8-4fdd-8b2b-1094ba9be8f3: start LeaderState
2019-09-24 02:33:42,890 [4a9a1aaf-f3a8-4fdd-8b2b-1094ba9be8f3@group-C04070C93A6A:LeaderElection117] INFO  segmented.SegmentedRaftLogWorker (SegmentedRaftLogWorker.java:startLogSegment(380)) - 4a9a1aaf-f3a8-4fdd-8b2b-1094ba9be8f3@group-C04070C93A6A-SegmentedRaftLogWorker: Starting segment from index:0
2019-09-24 02:33:42,891 [4a9a1aaf-f3a8-4fdd-8b2b-1094ba9be8f3@group-C04070C93A6A:LeaderElection117] INFO  impl.RaftServerImpl (ServerState.java:setRaftConf(354)) - 4a9a1aaf-f3a8-4fdd-8b2b-1094ba9be8f3@group-C04070C93A6A: set configuration 0: [4a9a1aaf-f3a8-4fdd-8b2b-1094ba9be8f3:192.168.151.121:33875], old=null at 0
2019-09-24 02:33:42,941 [4a9a1aaf-f3a8-4fdd-8b2b-1094ba9be8f3@group-C04070C93A6A-SegmentedRaftLogWorker] INFO  segmented.SegmentedRaftLogWorker (SegmentedRaftLogWorker.java:execute(569)) - 4a9a1aaf-f3a8-4fdd-8b2b-1094ba9be8f3@group-C04070C93A6A-SegmentedRaftLogWorker: created new log segment /workdir/hadoop-ozone/integration-test/target/test-dir/MiniOzoneClusterImpl-3bdd15fc-dee8-458b-a154-153c8414505a/datanode-9/data/ratis/cd48e7fa-24ce-4a18-8563-c04070c93a6a/current/log_inprogress_0
2019-09-24 02:33:42,942 [grpc-default-executor-7] WARN  server.GrpcLogAppender (LogUtils.java:warn(134)) - 9d97adb7-296c-40d2-b831-3db9b0cbdbf9@group-CED085F05024->556942d2-91e9-4f35-a4d7-9eaff3fbfacc-AppendLogResponseHandler: Failed appendEntries: org.apache.ratis.thirdparty.io.grpc.StatusRuntimeException: UNAVAILABLE: io exception
2019-09-24 02:33:42,942 [grpc-default-executor-7] INFO  impl.FollowerInfo (FollowerInfo.java:lambda$new$0(51)) - 9d97adb7-296c-40d2-b831-3db9b0cbdbf9@group-CED085F05024->556942d2-91e9-4f35-a4d7-9eaff3fbfacc: nextIndex: updateUnconditionally 0 -> 0
2019-09-24 02:33:42,945 [grpc-default-executor-3] WARN  server.GrpcLogAppender (LogUtils.java:warn(134)) - 7fd17b96-21f1-4559-9cf9-f04cfa32ca1c@group-A7581056334D->2b314ddf-a628-41df-afb5-827956264657-AppendLogResponseHandler: Failed appendEntries: org.apache.ratis.thirdparty.io.grpc.StatusRuntimeException: UNAVAILABLE: io exception
2019-09-24 02:33:42,945 [grpc-default-executor-3] INFO  impl.FollowerInfo (FollowerInfo.java:lambda$new$0(51)) - 7fd17b96-21f1-4559-9cf9-f04cfa32ca1c@group-A7581056334D->2b314ddf-a628-41df-afb5-827956264657: nextIndex: updateUnconditionally 0 -> 0
2019-09-24 02:33:43,443 [grpc-default-executor-3] WARN  server.GrpcLogAppender (LogUtils.java:warn(134)) - 9d97adb7-296c-40d2-b831-3db9b0cbdbf9@group-CED085F05024->556942d2-91e9-4f35-a4d7-9eaff3fbfacc-AppendLogResponseHandler: Failed appendEntries: org.apache.ratis.thirdparty.io.grpc.StatusRuntimeException: UNAVAILABLE: io exception
2019-09-24 02:33:43,443 [grpc-default-executor-3] INFO  impl.FollowerInfo (FollowerInfo.java:lambda$new$0(51)) - 9d97adb7-296c-40d2-b831-3db9b0cbdbf9@group-CED085F05024->556942d2-91e9-4f35-a4d7-9eaff3fbfacc: nextIndex: updateUnconditionally 0 -> 0
2019-09-24 02:33:43,445 [grpc-default-executor-7] WARN  server.GrpcLogAppender (LogUtils.java:warn(134)) - 7fd17b96-21f1-4559-9cf9-f04cfa32ca1c@group-A7581056334D->2b314ddf-a628-41df-afb5-827956264657-AppendLogResponseHandler: Failed appendEntries: org.apache.ratis.thirdparty.io.grpc.StatusRuntimeException: UNAVAILABLE: io exception
2019-09-24 02:33:43,446 [grpc-default-executor-7] INFO  impl.FollowerInfo (FollowerInfo.java:lambda$new$0(51)) - 7fd17b96-21f1-4559-9cf9-f04cfa32ca1c@group-A7581056334D->2b314ddf-a628-41df-afb5-827956264657: nextIndex: updateUnconditionally 0 -> 0
2019-09-24 02:33:43,942 [grpc-default-executor-3] WARN  server.GrpcLogAppender (LogUtils.java:warn(134)) - 9d97adb7-296c-40d2-b831-3db9b0cbdbf9@group-CED085F05024->556942d2-91e9-4f35-a4d7-9eaff3fbfacc-AppendLogResponseHandler: Failed appendEntries: org.apache.ratis.thirdparty.io.grpc.StatusRuntimeException: UNAVAILABLE: io exception
2019-09-24 02:33:43,943 [grpc-default-executor-3] INFO  impl.FollowerInfo (FollowerInfo.java:lambda$new$0(51)) - 9d97adb7-296c-40d2-b831-3db9b0cbdbf9@group-CED085F05024->556942d2-91e9-4f35-a4d7-9eaff3fbfacc: nextIndex: updateUnconditionally 0 -> 0
2019-09-24 02:33:43,946 [grpc-default-executor-2] WARN  server.GrpcLogAppender (LogUtils.java:warn(134)) - 7fd17b96-21f1-4559-9cf9-f04cfa32ca1c@group-A7581056334D->2b314ddf-a628-41df-afb5-827956264657-AppendLogResponseHandler: Failed appendEntries: org.apache.ratis.thirdparty.io.grpc.StatusRuntimeException: UNAVAILABLE: io exception
2019-09-24 02:33:43,946 [grpc-default-executor-2] INFO  impl.FollowerInfo (FollowerInfo.java:lambda$new$0(51)) - 7fd17b96-21f1-4559-9cf9-f04cfa32ca1c@group-A7581056334D->2b314ddf-a628-41df-afb5-827956264657: nextIndex: updateUnconditionally 0 -> 0
2019-09-24 02:33:44,006 [ForkJoinPool.commonPool-worker-0] INFO  ozoneimpl.OzoneContainer (OzoneContainer.java:stop(231)) - Attempting to stop container services.
2019-09-24 02:33:44,006 [main] INFO  ozoneimpl.OzoneContainer (OzoneContainer.java:stop(231)) - Attempting to stop container services.
2019-09-24 02:33:44,006 [ForkJoinPool.commonPool-worker-0] INFO  impl.RaftServerProxy (RaftServerProxy.java:lambda$close$4(314)) - ae1cc8d2-f95e-4ea0-a778-71138d7e5594: close
2019-09-24 02:33:44,007 [main] INFO  impl.RaftServerProxy (RaftServerProxy.java:lambda$close$4(314)) - c1e062fb-0f4f-4fe4-a9d2-4bfe6af489a8: close
2019-09-24 02:33:44,007 [ForkJoinPool.commonPool-worker-0] INFO  impl.RaftServerImpl (RaftServerImpl.java:lambda$shutdown$3(251)) - ae1cc8d2-f95e-4ea0-a778-71138d7e5594@group-A7581056334D: shutdown
2019-09-24 02:33:44,007 [main] INFO  impl.RaftServerImpl (RaftServerImpl.java:lambda$shutdown$3(251)) - c1e062fb-0f4f-4fe4-a9d2-4bfe6af489a8@group-0E5E712D3A28: shutdown
2019-09-24 02:33:44,007 [ForkJoinPool.commonPool-worker-0] INFO  util.JmxRegister (JmxRegister.java:unregister(73)) - Successfully un-registered JMX Bean with object name Ratis:service=RaftServer,group=group-A7581056334D,id=ae1cc8d2-f95e-4ea0-a778-71138d7e5594
2019-09-24 02:33:44,008 [main] INFO  util.JmxRegister (JmxRegister.java:unregister(73)) - Successfully un-registered JMX Bean with object name Ratis:service=RaftServer,group=group-0E5E712D3A28,id=c1e062fb-0f4f-4fe4-a9d2-4bfe6af489a8
2019-09-24 02:33:44,008 [ForkJoinPool.commonPool-worker-0] INFO  impl.RoleInfo (RoleInfo.java:shutdownFollowerState(121)) - ae1cc8d2-f95e-4ea0-a778-71138d7e5594: shutdown FollowerState
2019-09-24 02:33:44,008 [main] INFO  impl.RoleInfo (RoleInfo.java:shutdownFollowerState(121)) - c1e062fb-0f4f-4fe4-a9d2-4bfe6af489a8: shutdown FollowerState
2019-09-24 02:33:44,009 [Thread-8057] INFO  impl.FollowerState (FollowerState.java:run(115)) - ae1cc8d2-f95e-4ea0-a778-71138d7e5594: FollowerState was interrupted: java.lang.InterruptedException: sleep interrupted
2019-09-24 02:33:44,009 [ForkJoinPool.commonPool-worker-0] INFO  impl.StateMachineUpdater (StateMachineUpdater.java:stopAndJoin(125)) - ae1cc8d2-f95e-4ea0-a778-71138d7e5594@group-A7581056334D-StateMachineUpdater: set stopIndex = 0
2019-09-24 02:33:44,009 [main] INFO  impl.StateMachineUpdater (StateMachineUpdater.java:stopAndJoin(125)) - c1e062fb-0f4f-4fe4-a9d2-4bfe6af489a8@group-0E5E712D3A28-StateMachineUpdater: set stopIndex = 0
2019-09-24 02:33:44,010 [main] INFO  impl.RaftServerImpl (ServerState.java:close(385)) - c1e062fb-0f4f-4fe4-a9d2-4bfe6af489a8@group-0E5E712D3A28: closes. applyIndex: 0
2019-09-24 02:33:44,009 [Thread-8080] INFO  impl.FollowerState (FollowerState.java:run(115)) - c1e062fb-0f4f-4fe4-a9d2-4bfe6af489a8: FollowerState was interrupted: java.lang.InterruptedException: sleep interrupted
2019-09-24 02:33:44,009 [ForkJoinPool.commonPool-worker-0] INFO  impl.RaftServerImpl (ServerState.java:close(385)) - ae1cc8d2-f95e-4ea0-a778-71138d7e5594@group-A7581056334D: closes. applyIndex: 0
2019-09-24 02:33:44,011 [c1e062fb-0f4f-4fe4-a9d2-4bfe6af489a8@group-0E5E712D3A28-SegmentedRaftLogWorker] INFO  segmented.SegmentedRaftLogWorker (SegmentedRaftLogWorker.java:run(313)) - c1e062fb-0f4f-4fe4-a9d2-4bfe6af489a8@group-0E5E712D3A28-SegmentedRaftLogWorker was interrupted, exiting. There are 0 tasks remaining in the queue.
2019-09-24 02:33:44,014 [ae1cc8d2-f95e-4ea0-a778-71138d7e5594@group-A7581056334D-SegmentedRaftLogWorker] INFO  segmented.SegmentedRaftLogWorker (SegmentedRaftLogWorker.java:run(313)) - ae1cc8d2-f95e-4ea0-a778-71138d7e5594@group-A7581056334D-SegmentedRaftLogWorker was interrupted, exiting. There are 0 tasks remaining in the queue.
2019-09-24 02:33:44,014 [main] INFO  segmented.SegmentedRaftLogWorker (SegmentedRaftLogWorker.java:close(228)) - c1e062fb-0f4f-4fe4-a9d2-4bfe6af489a8@group-0E5E712D3A28-SegmentedRaftLogWorker close()
2019-09-24 02:33:44,018 [ForkJoinPool.commonPool-worker-0] INFO  segmented.SegmentedRaftLogWorker (SegmentedRaftLogWorker.java:close(228)) - ae1cc8d2-f95e-4ea0-a778-71138d7e5594@group-A7581056334D-SegmentedRaftLogWorker close()
2019-09-24 02:33:44,024 [main] INFO  impl.RaftServerImpl (RaftServerImpl.java:lambda$shutdown$3(251)) - c1e062fb-0f4f-4fe4-a9d2-4bfe6af489a8@group-D3FDA83AC670: shutdown
2019-09-24 02:33:44,029 [ForkJoinPool.commonPool-worker-0] INFO  impl.RaftServerImpl (RaftServerImpl.java:lambda$shutdown$3(251)) - ae1cc8d2-f95e-4ea0-a778-71138d7e5594@group-119BED446774: shutdown
2019-09-24 02:33:44,030 [main] INFO  util.JmxRegister (JmxRegister.java:unregister(73)) - Successfully un-registered JMX Bean with object name Ratis:service=RaftServer,group=group-D3FDA83AC670,id=c1e062fb-0f4f-4fe4-a9d2-4bfe6af489a8
2019-09-24 02:33:44,030 [ForkJoinPool.commonPool-worker-0] INFO  util.JmxRegister (JmxRegister.java:unregister(73)) - Successfully un-registered JMX Bean with object name Ratis:service=RaftServer,group=group-119BED446774,id=ae1cc8d2-f95e-4ea0-a778-71138d7e5594
2019-09-24 02:33:44,030 [main] INFO  impl.RoleInfo (RoleInfo.java:shutdownLeaderState(104)) - c1e062fb-0f4f-4fe4-a9d2-4bfe6af489a8: shutdown LeaderState
2019-09-24 02:33:44,031 [ForkJoinPool.commonPool-worker-0] INFO  impl.RoleInfo (RoleInfo.java:shutdownLeaderState(104)) - ae1cc8d2-f95e-4ea0-a778-71138d7e5594: shutdown LeaderState
2019-09-24 02:33:44,031 [main] INFO  impl.PendingRequests (PendingRequests.java:sendNotLeaderResponses(202)) - c1e062fb-0f4f-4fe4-a9d2-4bfe6af489a8-PendingRequests: sendNotLeaderResponses
2019-09-24 02:33:44,031 [ForkJoinPool.commonPool-worker-0] INFO  impl.PendingRequests (PendingRequests.java:sendNotLeaderResponses(202)) - ae1cc8d2-f95e-4ea0-a778-71138d7e5594-PendingRequests: sendNotLeaderResponses
2019-09-24 02:33:44,032 [main] INFO  impl.StateMachineUpdater (StateMachineUpdater.java:stopAndJoin(125)) - c1e062fb-0f4f-4fe4-a9d2-4bfe6af489a8@group-D3FDA83AC670-StateMachineUpdater: set stopIndex = 0
2019-09-24 02:33:44,032 [ForkJoinPool.commonPool-worker-0] INFO  impl.StateMachineUpdater (StateMachineUpdater.java:stopAndJoin(125)) - ae1cc8d2-f95e-4ea0-a778-71138d7e5594@group-119BED446774-StateMachineUpdater: set stopIndex = 0
2019-09-24 02:33:44,033 [ForkJoinPool.commonPool-worker-0] INFO  impl.RaftServerImpl (ServerState.java:close(385)) - ae1cc8d2-f95e-4ea0-a778-71138d7e5594@group-119BED446774: closes. applyIndex: 0
2019-09-24 02:33:44,033 [main] INFO  impl.RaftServerImpl (ServerState.java:close(385)) - c1e062fb-0f4f-4fe4-a9d2-4bfe6af489a8@group-D3FDA83AC670: closes. applyIndex: 0
2019-09-24 02:33:44,033 [ae1cc8d2-f95e-4ea0-a778-71138d7e5594@group-119BED446774-SegmentedRaftLogWorker] INFO  segmented.SegmentedRaftLogWorker (SegmentedRaftLogWorker.java:run(313)) - ae1cc8d2-f95e-4ea0-a778-71138d7e5594@group-119BED446774-SegmentedRaftLogWorker was interrupted, exiting. There are 0 tasks remaining in the queue.
2019-09-24 02:33:44,034 [c1e062fb-0f4f-4fe4-a9d2-4bfe6af489a8@group-D3FDA83AC670-SegmentedRaftLogWorker] INFO  segmented.SegmentedRaftLogWorker (SegmentedRaftLogWorker.java:run(313)) - c1e062fb-0f4f-4fe4-a9d2-4bfe6af489a8@group-D3FDA83AC670-SegmentedRaftLogWorker was interrupted, exiting. There are 0 tasks remaining in the queue.
2019-09-24 02:33:44,037 [ForkJoinPool.commonPool-worker-0] INFO  segmented.SegmentedRaftLogWorker (SegmentedRaftLogWorker.java:close(228)) - ae1cc8d2-f95e-4ea0-a778-71138d7e5594@group-119BED446774-SegmentedRaftLogWorker close()
2019-09-24 02:33:44,040 [main] INFO  segmented.SegmentedRaftLogWorker (SegmentedRaftLogWorker.java:close(228)) - c1e062fb-0f4f-4fe4-a9d2-4bfe6af489a8@group-D3FDA83AC670-SegmentedRaftLogWorker close()
2019-09-24 02:33:44,045 [ForkJoinPool.commonPool-worker-0] INFO  server.GrpcService (GrpcService.java:closeImpl(164)) - ae1cc8d2-f95e-4ea0-a778-71138d7e5594: shutdown server with port 45961 now
2019-09-24 02:33:44,050 [main] INFO  server.GrpcService (GrpcService.java:closeImpl(164)) - c1e062fb-0f4f-4fe4-a9d2-4bfe6af489a8: shutdown server with port 36311 now
2019-09-24 02:33:44,051 [grpc-default-executor-3] WARN  server.GrpcServerProtocolService (LogUtils.java:warn(134)) - ae1cc8d2-f95e-4ea0-a778-71138d7e5594: installSnapshot onError, lastRequest: 7fd17b96-21f1-4559-9cf9-f04cfa32ca1c->ae1cc8d2-f95e-4ea0-a778-71138d7e5594#239-t1, previous=(t:1, i:0), leaderCommit=0, initializing? false, entries: <empty>: org.apache.ratis.thirdparty.io.grpc.StatusRuntimeException: CANCELLED: cancelled before receiving half close
2019-09-24 02:33:44,051 [ForkJoinPool.commonPool-worker-0] INFO  server.GrpcService (GrpcService.java:closeImpl(172)) - ae1cc8d2-f95e-4ea0-a778-71138d7e5594: shutdown server with port 45961 successfully
2019-09-24 02:33:44,051 [grpc-default-executor-7] WARN  server.GrpcLogAppender (LogUtils.java:warn(134)) - 7fd17b96-21f1-4559-9cf9-f04cfa32ca1c@group-A7581056334D->ae1cc8d2-f95e-4ea0-a778-71138d7e5594-AppendLogResponseHandler: Failed appendEntries: org.apache.ratis.thirdparty.io.grpc.StatusRuntimeException: CANCELLED: HTTP/2 error code: CANCEL
Received Rst Stream
2019-09-24 02:33:44,052 [main] INFO  server.GrpcService (GrpcService.java:closeImpl(172)) - c1e062fb-0f4f-4fe4-a9d2-4bfe6af489a8: shutdown server with port 36311 successfully
2019-09-24 02:33:44,052 [grpc-default-executor-5] WARN  server.GrpcServerProtocolService (LogUtils.java:warn(134)) - c1e062fb-0f4f-4fe4-a9d2-4bfe6af489a8: installSnapshot onError, lastRequest: 8eea7e4f-d008-4d85-a505-6e9b586abbfe->c1e062fb-0f4f-4fe4-a9d2-4bfe6af489a8#237-t2, previous=(t:2, i:0), leaderCommit=0, initializing? false, entries: <empty>: org.apache.ratis.thirdparty.io.grpc.StatusRuntimeException: CANCELLED: cancelled before receiving half close
2019-09-24 02:33:44,052 [grpc-default-executor-7] INFO  impl.FollowerInfo (FollowerInfo.java:lambda$new$0(51)) - 7fd17b96-21f1-4559-9cf9-f04cfa32ca1c@group-A7581056334D->ae1cc8d2-f95e-4ea0-a778-71138d7e5594: nextIndex: updateUnconditionally 1 -> 0
2019-09-24 02:33:44,053 [grpc-default-executor-8] WARN  server.GrpcLogAppender (LogUtils.java:warn(134)) - 8eea7e4f-d008-4d85-a505-6e9b586abbfe@group-0E5E712D3A28->c1e062fb-0f4f-4fe4-a9d2-4bfe6af489a8-AppendLogResponseHandler: Failed appendEntries: org.apache.ratis.thirdparty.io.grpc.StatusRuntimeException: CANCELLED: HTTP/2 error code: CANCEL
Received Rst Stream
2019-09-24 02:33:44,053 [grpc-default-executor-8] INFO  impl.FollowerInfo (FollowerInfo.java:lambda$new$0(51)) - 8eea7e4f-d008-4d85-a505-6e9b586abbfe@group-0E5E712D3A28->c1e062fb-0f4f-4fe4-a9d2-4bfe6af489a8: nextIndex: updateUnconditionally 1 -> 0
2019-09-24 02:33:44,055 [refreshUsed-/workdir/hadoop-ozone/integration-test/target/test-dir/MiniOzoneClusterImpl-3bdd15fc-dee8-458b-a154-153c8414505a/datanode-6/data/containers] WARN  fs.CachingGetSpaceUsed (CachingGetSpaceUsed.java:run(183)) - Thread Interrupted waiting to refresh disk information: sleep interrupted
2019-09-24 02:33:44,056 [refreshUsed-/workdir/hadoop-ozone/integration-test/target/test-dir/MiniOzoneClusterImpl-3bdd15fc-dee8-458b-a154-153c8414505a/datanode-3/data/containers] WARN  fs.CachingGetSpaceUsed (CachingGetSpaceUsed.java:run(183)) - Thread Interrupted waiting to refresh disk information: sleep interrupted
2019-09-24 02:33:44,074 [main] INFO  utils.BackgroundService (BackgroundService.java:shutdown(148)) - Shutting down service BlockDeletingService
2019-09-24 02:33:44,074 [ForkJoinPool.commonPool-worker-0] INFO  utils.BackgroundService (BackgroundService.java:shutdown(148)) - Shutting down service BlockDeletingService
2019-09-24 02:33:44,085 [main] INFO  statemachine.DatanodeStateMachine (DatanodeStateMachine.java:stopDaemon(395)) - Ozone container server stopped.
2019-09-24 02:33:44,087 [ForkJoinPool.commonPool-worker-0] INFO  statemachine.DatanodeStateMachine (DatanodeStateMachine.java:stopDaemon(395)) - Ozone container server stopped.
2019-09-24 02:33:44,106 [ForkJoinPool.commonPool-worker-0] INFO  handler.ContextHandler (ContextHandler.java:doStop(910)) - Stopped o.e.j.w.WebAppContext@781654f8{/,null,UNAVAILABLE}{/hddsDatanode}
2019-09-24 02:33:44,106 [main] INFO  handler.ContextHandler (ContextHandler.java:doStop(910)) - Stopped o.e.j.w.WebAppContext@4ea1aa52{/,null,UNAVAILABLE}{/hddsDatanode}
2019-09-24 02:33:44,107 [ForkJoinPool.commonPool-worker-0] INFO  server.AbstractConnector (AbstractConnector.java:doStop(318)) - Stopped ServerConnector@2abc55c4{HTTP/1.1,[http/1.1]}{0.0.0.0:0}
2019-09-24 02:33:44,109 [ForkJoinPool.commonPool-worker-0] INFO  handler.ContextHandler (ContextHandler.java:doStop(910)) - Stopped o.e.j.s.ServletContextHandler@51f68849{/static,jar:file:/home/user/.m2/repository/org/apache/hadoop/hadoop-hdds-container-service/0.5.0-SNAPSHOT/hadoop-hdds-container-service-0.5.0-SNAPSHOT.jar!/webapps/static,UNAVAILABLE}
2019-09-24 02:33:44,109 [main] INFO  server.AbstractConnector (AbstractConnector.java:doStop(318)) - Stopped ServerConnector@74123110{HTTP/1.1,[http/1.1]}{0.0.0.0:0}
2019-09-24 02:33:44,112 [ForkJoinPool.commonPool-worker-0] INFO  handler.ContextHandler (ContextHandler.java:doStop(910)) - Stopped o.e.j.s.ServletContextHandler@621f23ac{/logs,file:///workdir/hadoop-ozone/integration-test/target/log,UNAVAILABLE}
2019-09-24 02:33:44,112 [main] INFO  handler.ContextHandler (ContextHandler.java:doStop(910)) - Stopped o.e.j.s.ServletContextHandler@3e03046d{/static,jar:file:/home/user/.m2/repository/org/apache/hadoop/hadoop-hdds-container-service/0.5.0-SNAPSHOT/hadoop-hdds-container-service-0.5.0-SNAPSHOT.jar!/webapps/static,UNAVAILABLE}
2019-09-24 02:33:44,113 [main] INFO  handler.ContextHandler (ContextHandler.java:doStop(910)) - Stopped o.e.j.s.ServletContextHandler@283ab206{/logs,file:///workdir/hadoop-ozone/integration-test/target/log,UNAVAILABLE}
2019-09-24 02:33:44,309 [Datanode State Machine Thread - 0] INFO  statemachine.DatanodeStateMachine (DatanodeStateMachine.java:lambda$startDaemon$0(350)) - Ozone container server started.
2019-09-24 02:33:44,443 [grpc-default-executor-7] WARN  server.GrpcLogAppender (LogUtils.java:warn(134)) - 8eea7e4f-d008-4d85-a505-6e9b586abbfe@group-0E5E712D3A28->c1e062fb-0f4f-4fe4-a9d2-4bfe6af489a8-AppendLogResponseHandler: Failed appendEntries: org.apache.ratis.thirdparty.io.grpc.StatusRuntimeException: UNAVAILABLE: io exception
2019-09-24 02:33:44,443 [grpc-default-executor-5] WARN  server.GrpcLogAppender (LogUtils.java:warn(134)) - 9d97adb7-296c-40d2-b831-3db9b0cbdbf9@group-CED085F05024->556942d2-91e9-4f35-a4d7-9eaff3fbfacc-AppendLogResponseHandler: Failed appendEntries: org.apache.ratis.thirdparty.io.grpc.StatusRuntimeException: UNAVAILABLE: io exception
2019-09-24 02:33:44,443 [grpc-default-executor-7] INFO  impl.FollowerInfo (FollowerInfo.java:lambda$new$0(51)) - 8eea7e4f-d008-4d85-a505-6e9b586abbfe@group-0E5E712D3A28->c1e062fb-0f4f-4fe4-a9d2-4bfe6af489a8: nextIndex: updateUnconditionally 0 -> 0
2019-09-24 02:33:44,443 [grpc-default-executor-5] INFO  impl.FollowerInfo (FollowerInfo.java:lambda$new$0(51)) - 9d97adb7-296c-40d2-b831-3db9b0cbdbf9@group-CED085F05024->556942d2-91e9-4f35-a4d7-9eaff3fbfacc: nextIndex: updateUnconditionally 0 -> 0
2019-09-24 02:33:44,446 [grpc-default-executor-3] WARN  server.GrpcLogAppender (LogUtils.java:warn(134)) - 7fd17b96-21f1-4559-9cf9-f04cfa32ca1c@group-A7581056334D->2b314ddf-a628-41df-afb5-827956264657-AppendLogResponseHandler: Failed appendEntries: org.apache.ratis.thirdparty.io.grpc.StatusRuntimeException: UNAVAILABLE: io exception
2019-09-24 02:33:44,447 [grpc-default-executor-3] INFO  impl.FollowerInfo (FollowerInfo.java:lambda$new$0(51)) - 7fd17b96-21f1-4559-9cf9-f04cfa32ca1c@group-A7581056334D->2b314ddf-a628-41df-afb5-827956264657: nextIndex: updateUnconditionally 0 -> 0
2019-09-24 02:33:44,449 [grpc-default-executor-7] WARN  server.GrpcLogAppender (LogUtils.java:warn(134)) - 7fd17b96-21f1-4559-9cf9-f04cfa32ca1c@group-A7581056334D->ae1cc8d2-f95e-4ea0-a778-71138d7e5594-AppendLogResponseHandler: Failed appendEntries: org.apache.ratis.thirdparty.io.grpc.StatusRuntimeException: UNAVAILABLE: io exception
2019-09-24 02:33:44,450 [grpc-default-executor-7] INFO  impl.FollowerInfo (FollowerInfo.java:lambda$new$0(51)) - 7fd17b96-21f1-4559-9cf9-f04cfa32ca1c@group-A7581056334D->ae1cc8d2-f95e-4ea0-a778-71138d7e5594: nextIndex: updateUnconditionally 0 -> 0
2019-09-24 02:33:44,825 [Datanode State Machine Thread - 0] INFO  statemachine.DatanodeStateMachine (DatanodeStateMachine.java:lambda$startDaemon$0(350)) - Ozone container server started.
2019-09-24 02:33:44,943 [grpc-default-executor-3] WARN  server.GrpcLogAppender (LogUtils.java:warn(134)) - 8eea7e4f-d008-4d85-a505-6e9b586abbfe@group-0E5E712D3A28->c1e062fb-0f4f-4fe4-a9d2-4bfe6af489a8-AppendLogResponseHandler: Failed appendEntries: org.apache.ratis.thirdparty.io.grpc.StatusRuntimeException: UNAVAILABLE: io exception
2019-09-24 02:33:44,943 [grpc-default-executor-3] INFO  impl.FollowerInfo (FollowerInfo.java:lambda$new$0(51)) - 8eea7e4f-d008-4d85-a505-6e9b586abbfe@group-0E5E712D3A28->c1e062fb-0f4f-4fe4-a9d2-4bfe6af489a8: nextIndex: updateUnconditionally 0 -> 0
2019-09-24 02:33:44,944 [grpc-default-executor-5] WARN  server.GrpcLogAppender (LogUtils.java:warn(134)) - 9d97adb7-296c-40d2-b831-3db9b0cbdbf9@group-CED085F05024->556942d2-91e9-4f35-a4d7-9eaff3fbfacc-AppendLogResponseHandler: Failed appendEntries: org.apache.ratis.thirdparty.io.grpc.StatusRuntimeException: UNAVAILABLE: io exception
2019-09-24 02:33:44,944 [grpc-default-executor-5] INFO  impl.FollowerInfo (FollowerInfo.java:lambda$new$0(51)) - 9d97adb7-296c-40d2-b831-3db9b0cbdbf9@group-CED085F05024->556942d2-91e9-4f35-a4d7-9eaff3fbfacc: nextIndex: updateUnconditionally 0 -> 0
2019-09-24 02:33:44,947 [grpc-default-executor-3] WARN  server.GrpcLogAppender (LogUtils.java:warn(134)) - 7fd17b96-21f1-4559-9cf9-f04cfa32ca1c@group-A7581056334D->2b314ddf-a628-41df-afb5-827956264657-AppendLogResponseHandler: Failed appendEntries: org.apache.ratis.thirdparty.io.grpc.StatusRuntimeException: UNAVAILABLE: io exception
2019-09-24 02:33:44,947 [grpc-default-executor-3] INFO  impl.FollowerInfo (FollowerInfo.java:lambda$new$0(51)) - 7fd17b96-21f1-4559-9cf9-f04cfa32ca1c@group-A7581056334D->2b314ddf-a628-41df-afb5-827956264657: nextIndex: updateUnconditionally 0 -> 0
2019-09-24 02:33:44,950 [grpc-default-executor-3] WARN  server.GrpcLogAppender (LogUtils.java:warn(134)) - 7fd17b96-21f1-4559-9cf9-f04cfa32ca1c@group-A7581056334D->ae1cc8d2-f95e-4ea0-a778-71138d7e5594-AppendLogResponseHandler: Failed appendEntries: org.apache.ratis.thirdparty.io.grpc.StatusRuntimeException: UNAVAILABLE: io exception
2019-09-24 02:33:44,950 [grpc-default-executor-3] INFO  impl.FollowerInfo (FollowerInfo.java:lambda$new$0(51)) - 7fd17b96-21f1-4559-9cf9-f04cfa32ca1c@group-A7581056334D->ae1cc8d2-f95e-4ea0-a778-71138d7e5594: nextIndex: updateUnconditionally 0 -> 0
2019-09-24 02:33:45,444 [grpc-default-executor-3] WARN  server.GrpcLogAppender (LogUtils.java:warn(134)) - 8eea7e4f-d008-4d85-a505-6e9b586abbfe@group-0E5E712D3A28->c1e062fb-0f4f-4fe4-a9d2-4bfe6af489a8-AppendLogResponseHandler: Failed appendEntries: org.apache.ratis.thirdparty.io.grpc.StatusRuntimeException: UNAVAILABLE: io exception
2019-09-24 02:33:45,444 [grpc-default-executor-8] WARN  server.GrpcLogAppender (LogUtils.java:warn(134)) - 9d97adb7-296c-40d2-b831-3db9b0cbdbf9@group-CED085F05024->556942d2-91e9-4f35-a4d7-9eaff3fbfacc-AppendLogResponseHandler: Failed appendEntries: org.apache.ratis.thirdparty.io.grpc.StatusRuntimeException: UNAVAILABLE: io exception
2019-09-24 02:33:45,444 [grpc-default-executor-3] INFO  impl.FollowerInfo (FollowerInfo.java:lambda$new$0(51)) - 8eea7e4f-d008-4d85-a505-6e9b586abbfe@group-0E5E712D3A28->c1e062fb-0f4f-4fe4-a9d2-4bfe6af489a8: nextIndex: updateUnconditionally 0 -> 0
2019-09-24 02:33:45,445 [grpc-default-executor-8] INFO  impl.FollowerInfo (FollowerInfo.java:lambda$new$0(51)) - 9d97adb7-296c-40d2-b831-3db9b0cbdbf9@group-CED085F05024->556942d2-91e9-4f35-a4d7-9eaff3fbfacc: nextIndex: updateUnconditionally 0 -> 0
2019-09-24 02:33:45,447 [grpc-default-executor-7] WARN  server.GrpcLogAppender (LogUtils.java:warn(134)) - 7fd17b96-21f1-4559-9cf9-f04cfa32ca1c@group-A7581056334D->2b314ddf-a628-41df-afb5-827956264657-AppendLogResponseHandler: Failed appendEntries: org.apache.ratis.thirdparty.io.grpc.StatusRuntimeException: UNAVAILABLE: io exception
2019-09-24 02:33:45,448 [grpc-default-executor-7] INFO  impl.FollowerInfo (FollowerInfo.java:lambda$new$0(51)) - 7fd17b96-21f1-4559-9cf9-f04cfa32ca1c@group-A7581056334D->2b314ddf-a628-41df-afb5-827956264657: nextIndex: updateUnconditionally 0 -> 0
2019-09-24 02:33:45,450 [grpc-default-executor-3] WARN  server.GrpcLogAppender (LogUtils.java:warn(134)) - 7fd17b96-21f1-4559-9cf9-f04cfa32ca1c@group-A7581056334D->ae1cc8d2-f95e-4ea0-a778-71138d7e5594-AppendLogResponseHandler: Failed appendEntries: org.apache.ratis.thirdparty.io.grpc.StatusRuntimeException: UNAVAILABLE: io exception
2019-09-24 02:33:45,451 [grpc-default-executor-3] INFO  impl.FollowerInfo (FollowerInfo.java:lambda$new$0(51)) - 7fd17b96-21f1-4559-9cf9-f04cfa32ca1c@group-A7581056334D->ae1cc8d2-f95e-4ea0-a778-71138d7e5594: nextIndex: updateUnconditionally 0 -> 0
2019-09-24 02:33:45,944 [grpc-default-executor-8] WARN  server.GrpcLogAppender (LogUtils.java:warn(134)) - 8eea7e4f-d008-4d85-a505-6e9b586abbfe@group-0E5E712D3A28->c1e062fb-0f4f-4fe4-a9d2-4bfe6af489a8-AppendLogResponseHandler: Failed appendEntries: org.apache.ratis.thirdparty.io.grpc.StatusRuntimeException: UNAVAILABLE: io exception
2019-09-24 02:33:45,944 [grpc-default-executor-8] INFO  impl.FollowerInfo (FollowerInfo.java:lambda$new$0(51)) - 8eea7e4f-d008-4d85-a505-6e9b586abbfe@group-0E5E712D3A28->c1e062fb-0f4f-4fe4-a9d2-4bfe6af489a8: nextIndex: updateUnconditionally 0 -> 0
2019-09-24 02:33:45,945 [grpc-default-executor-5] WARN  server.GrpcLogAppender (LogUtils.java:warn(134)) - 9d97adb7-296c-40d2-b831-3db9b0cbdbf9@group-CED085F05024->556942d2-91e9-4f35-a4d7-9eaff3fbfacc-AppendLogResponseHandler: Failed appendEntries: org.apache.ratis.thirdparty.io.grpc.StatusRuntimeException: UNAVAILABLE: io exception
2019-09-24 02:33:45,945 [grpc-default-executor-5] INFO  impl.FollowerInfo (FollowerInfo.java:lambda$new$0(51)) - 9d97adb7-296c-40d2-b831-3db9b0cbdbf9@group-CED085F05024->556942d2-91e9-4f35-a4d7-9eaff3fbfacc: nextIndex: updateUnconditionally 0 -> 0
2019-09-24 02:33:45,947 [grpc-default-executor-7] WARN  server.GrpcLogAppender (LogUtils.java:warn(134)) - 7fd17b96-21f1-4559-9cf9-f04cfa32ca1c@group-A7581056334D->2b314ddf-a628-41df-afb5-827956264657-AppendLogResponseHandler: Failed appendEntries: org.apache.ratis.thirdparty.io.grpc.StatusRuntimeException: UNAVAILABLE: io exception
2019-09-24 02:33:45,948 [grpc-default-executor-7] INFO  impl.FollowerInfo (FollowerInfo.java:lambda$new$0(51)) - 7fd17b96-21f1-4559-9cf9-f04cfa32ca1c@group-A7581056334D->2b314ddf-a628-41df-afb5-827956264657: nextIndex: updateUnconditionally 0 -> 0
2019-09-24 02:33:45,951 [grpc-default-executor-8] WARN  server.GrpcLogAppender (LogUtils.java:warn(134)) - 7fd17b96-21f1-4559-9cf9-f04cfa32ca1c@group-A7581056334D->ae1cc8d2-f95e-4ea0-a778-71138d7e5594-AppendLogResponseHandler: Failed appendEntries: org.apache.ratis.thirdparty.io.grpc.StatusRuntimeException: UNAVAILABLE: io exception
2019-09-24 02:33:45,951 [grpc-default-executor-8] INFO  impl.FollowerInfo (FollowerInfo.java:lambda$new$0(51)) - 7fd17b96-21f1-4559-9cf9-f04cfa32ca1c@group-A7581056334D->ae1cc8d2-f95e-4ea0-a778-71138d7e5594: nextIndex: updateUnconditionally 0 -> 0
2019-09-24 02:33:46,444 [grpc-default-executor-3] WARN  server.GrpcLogAppender (LogUtils.java:warn(134)) - 8eea7e4f-d008-4d85-a505-6e9b586abbfe@group-0E5E712D3A28->c1e062fb-0f4f-4fe4-a9d2-4bfe6af489a8-AppendLogResponseHandler: Failed appendEntries: org.apache.ratis.thirdparty.io.grpc.StatusRuntimeException: UNAVAILABLE: io exception
2019-09-24 02:33:46,445 [grpc-default-executor-3] INFO  impl.FollowerInfo (FollowerInfo.java:lambda$new$0(51)) - 8eea7e4f-d008-4d85-a505-6e9b586abbfe@group-0E5E712D3A28->c1e062fb-0f4f-4fe4-a9d2-4bfe6af489a8: nextIndex: updateUnconditionally 0 -> 0
2019-09-24 02:33:46,445 [grpc-default-executor-7] WARN  server.GrpcLogAppender (LogUtils.java:warn(134)) - 9d97adb7-296c-40d2-b831-3db9b0cbdbf9@group-CED085F05024->556942d2-91e9-4f35-a4d7-9eaff3fbfacc-AppendLogResponseHandler: Failed appendEntries: org.apache.ratis.thirdparty.io.grpc.StatusRuntimeException: UNAVAILABLE: io exception
2019-09-24 02:33:46,446 [grpc-default-executor-7] INFO  impl.FollowerInfo (FollowerInfo.java:lambda$new$0(51)) - 9d97adb7-296c-40d2-b831-3db9b0cbdbf9@group-CED085F05024->556942d2-91e9-4f35-a4d7-9eaff3fbfacc: nextIndex: updateUnconditionally 0 -> 0
2019-09-24 02:33:46,448 [grpc-default-executor-3] WARN  server.GrpcLogAppender (LogUtils.java:warn(134)) - 7fd17b96-21f1-4559-9cf9-f04cfa32ca1c@group-A7581056334D->2b314ddf-a628-41df-afb5-827956264657-AppendLogResponseHandler: Failed appendEntries: org.apache.ratis.thirdparty.io.grpc.StatusRuntimeException: UNAVAILABLE: io exception
2019-09-24 02:33:46,448 [grpc-default-executor-3] INFO  impl.FollowerInfo (FollowerInfo.java:lambda$new$0(51)) - 7fd17b96-21f1-4559-9cf9-f04cfa32ca1c@group-A7581056334D->2b314ddf-a628-41df-afb5-827956264657: nextIndex: updateUnconditionally 0 -> 0
2019-09-24 02:33:46,451 [grpc-default-executor-3] WARN  server.GrpcLogAppender (LogUtils.java:warn(134)) - 7fd17b96-21f1-4559-9cf9-f04cfa32ca1c@group-A7581056334D->ae1cc8d2-f95e-4ea0-a778-71138d7e5594-AppendLogResponseHandler: Failed appendEntries: org.apache.ratis.thirdparty.io.grpc.StatusRuntimeException: UNAVAILABLE: io exception
2019-09-24 02:33:46,451 [grpc-default-executor-3] INFO  impl.FollowerInfo (FollowerInfo.java:lambda$new$0(51)) - 7fd17b96-21f1-4559-9cf9-f04cfa32ca1c@group-A7581056334D->ae1cc8d2-f95e-4ea0-a778-71138d7e5594: nextIndex: updateUnconditionally 0 -> 0
2019-09-24 02:33:46,945 [grpc-default-executor-8] WARN  server.GrpcLogAppender (LogUtils.java:warn(134)) - 8eea7e4f-d008-4d85-a505-6e9b586abbfe@group-0E5E712D3A28->c1e062fb-0f4f-4fe4-a9d2-4bfe6af489a8-AppendLogResponseHandler: Failed appendEntries: org.apache.ratis.thirdparty.io.grpc.StatusRuntimeException: UNAVAILABLE: io exception
2019-09-24 02:33:46,945 [grpc-default-executor-8] INFO  impl.FollowerInfo (FollowerInfo.java:lambda$new$0(51)) - 8eea7e4f-d008-4d85-a505-6e9b586abbfe@group-0E5E712D3A28->c1e062fb-0f4f-4fe4-a9d2-4bfe6af489a8: nextIndex: updateUnconditionally 0 -> 0
2019-09-24 02:33:46,946 [grpc-default-executor-8] WARN  server.GrpcLogAppender (LogUtils.java:warn(134)) - 9d97adb7-296c-40d2-b831-3db9b0cbdbf9@group-CED085F05024->556942d2-91e9-4f35-a4d7-9eaff3fbfacc-AppendLogResponseHandler: Failed appendEntries: org.apache.ratis.thirdparty.io.grpc.StatusRuntimeException: UNAVAILABLE: io exception
2019-09-24 02:33:46,946 [grpc-default-executor-8] INFO  impl.FollowerInfo (FollowerInfo.java:lambda$new$0(51)) - 9d97adb7-296c-40d2-b831-3db9b0cbdbf9@group-CED085F05024->556942d2-91e9-4f35-a4d7-9eaff3fbfacc: nextIndex: updateUnconditionally 0 -> 0
2019-09-24 02:33:46,948 [grpc-default-executor-7] WARN  server.GrpcLogAppender (LogUtils.java:warn(134)) - 7fd17b96-21f1-4559-9cf9-f04cfa32ca1c@group-A7581056334D->2b314ddf-a628-41df-afb5-827956264657-AppendLogResponseHandler: Failed appendEntries: org.apache.ratis.thirdparty.io.grpc.StatusRuntimeException: UNAVAILABLE: io exception
2019-09-24 02:33:46,949 [grpc-default-executor-7] INFO  impl.FollowerInfo (FollowerInfo.java:lambda$new$0(51)) - 7fd17b96-21f1-4559-9cf9-f04cfa32ca1c@group-A7581056334D->2b314ddf-a628-41df-afb5-827956264657: nextIndex: updateUnconditionally 0 -> 0
2019-09-24 02:33:46,951 [grpc-default-executor-3] WARN  server.GrpcLogAppender (LogUtils.java:warn(134)) - 7fd17b96-21f1-4559-9cf9-f04cfa32ca1c@group-A7581056334D->ae1cc8d2-f95e-4ea0-a778-71138d7e5594-AppendLogResponseHandler: Failed appendEntries: org.apache.ratis.thirdparty.io.grpc.StatusRuntimeException: UNAVAILABLE: io exception
2019-09-24 02:33:46,952 [grpc-default-executor-3] INFO  impl.FollowerInfo (FollowerInfo.java:lambda$new$0(51)) - 7fd17b96-21f1-4559-9cf9-f04cfa32ca1c@group-A7581056334D->ae1cc8d2-f95e-4ea0-a778-71138d7e5594: nextIndex: updateUnconditionally 0 -> 0
2019-09-24 02:33:47,446 [grpc-default-executor-7] WARN  server.GrpcLogAppender (LogUtils.java:warn(134)) - 8eea7e4f-d008-4d85-a505-6e9b586abbfe@group-0E5E712D3A28->c1e062fb-0f4f-4fe4-a9d2-4bfe6af489a8-AppendLogResponseHandler: Failed appendEntries: org.apache.ratis.thirdparty.io.grpc.StatusRuntimeException: UNAVAILABLE: io exception
2019-09-24 02:33:47,446 [grpc-default-executor-7] INFO  impl.FollowerInfo (FollowerInfo.java:lambda$new$0(51)) - 8eea7e4f-d008-4d85-a505-6e9b586abbfe@group-0E5E712D3A28->c1e062fb-0f4f-4fe4-a9d2-4bfe6af489a8: nextIndex: updateUnconditionally 0 -> 0
2019-09-24 02:33:47,446 [grpc-default-executor-5] WARN  server.GrpcLogAppender (LogUtils.java:warn(134)) - 9d97adb7-296c-40d2-b831-3db9b0cbdbf9@group-CED085F05024->556942d2-91e9-4f35-a4d7-9eaff3fbfacc-AppendLogResponseHandler: Failed appendEntries: org.apache.ratis.thirdparty.io.grpc.StatusRuntimeException: UNAVAILABLE: io exception
2019-09-24 02:33:47,447 [grpc-default-executor-5] INFO  impl.FollowerInfo (FollowerInfo.java:lambda$new$0(51)) - 9d97adb7-296c-40d2-b831-3db9b0cbdbf9@group-CED085F05024->556942d2-91e9-4f35-a4d7-9eaff3fbfacc: nextIndex: updateUnconditionally 0 -> 0
2019-09-24 02:33:47,449 [grpc-default-executor-3] WARN  server.GrpcLogAppender (LogUtils.java:warn(134)) - 7fd17b96-21f1-4559-9cf9-f04cfa32ca1c@group-A7581056334D->2b314ddf-a628-41df-afb5-827956264657-AppendLogResponseHandler: Failed appendEntries: org.apache.ratis.thirdparty.io.grpc.StatusRuntimeException: UNAVAILABLE: io exception
2019-09-24 02:33:47,449 [grpc-default-executor-3] INFO  impl.FollowerInfo (FollowerInfo.java:lambda$new$0(51)) - 7fd17b96-21f1-4559-9cf9-f04cfa32ca1c@group-A7581056334D->2b314ddf-a628-41df-afb5-827956264657: nextIndex: updateUnconditionally 0 -> 0
2019-09-24 02:33:47,451 [grpc-default-executor-7] WARN  server.GrpcLogAppender (LogUtils.java:warn(134)) - 7fd17b96-21f1-4559-9cf9-f04cfa32ca1c@group-A7581056334D->ae1cc8d2-f95e-4ea0-a778-71138d7e5594-AppendLogResponseHandler: Failed appendEntries: org.apache.ratis.thirdparty.io.grpc.StatusRuntimeException: UNAVAILABLE: io exception
2019-09-24 02:33:47,452 [grpc-default-executor-7] INFO  impl.FollowerInfo (FollowerInfo.java:lambda$new$0(51)) - 7fd17b96-21f1-4559-9cf9-f04cfa32ca1c@group-A7581056334D->ae1cc8d2-f95e-4ea0-a778-71138d7e5594: nextIndex: updateUnconditionally 0 -> 0
2019-09-24 02:33:47,946 [grpc-default-executor-8] WARN  server.GrpcLogAppender (LogUtils.java:warn(134)) - 8eea7e4f-d008-4d85-a505-6e9b586abbfe@group-0E5E712D3A28->c1e062fb-0f4f-4fe4-a9d2-4bfe6af489a8-AppendLogResponseHandler: Failed appendEntries: org.apache.ratis.thirdparty.io.grpc.StatusRuntimeException: UNAVAILABLE: io exception
2019-09-24 02:33:47,946 [grpc-default-executor-8] INFO  impl.FollowerInfo (FollowerInfo.java:lambda$new$0(51)) - 8eea7e4f-d008-4d85-a505-6e9b586abbfe@group-0E5E712D3A28->c1e062fb-0f4f-4fe4-a9d2-4bfe6af489a8: nextIndex: updateUnconditionally 0 -> 0
2019-09-24 02:33:47,947 [grpc-default-executor-7] WARN  server.GrpcLogAppender (LogUtils.java:warn(134)) - 9d97adb7-296c-40d2-b831-3db9b0cbdbf9@group-CED085F05024->556942d2-91e9-4f35-a4d7-9eaff3fbfacc-AppendLogResponseHandler: Failed appendEntries: org.apache.ratis.thirdparty.io.grpc.StatusRuntimeException: UNAVAILABLE: io exception
2019-09-24 02:33:47,947 [grpc-default-executor-7] INFO  impl.FollowerInfo (FollowerInfo.java:lambda$new$0(51)) - 9d97adb7-296c-40d2-b831-3db9b0cbdbf9@group-CED085F05024->556942d2-91e9-4f35-a4d7-9eaff3fbfacc: nextIndex: updateUnconditionally 0 -> 0
2019-09-24 02:33:47,949 [grpc-default-executor-7] WARN  server.GrpcLogAppender (LogUtils.java:warn(134)) - 7fd17b96-21f1-4559-9cf9-f04cfa32ca1c@group-A7581056334D->2b314ddf-a628-41df-afb5-827956264657-AppendLogResponseHandler: Failed appendEntries: org.apache.ratis.thirdparty.io.grpc.StatusRuntimeException: UNAVAILABLE: io exception
2019-09-24 02:33:47,949 [grpc-default-executor-7] INFO  impl.FollowerInfo (FollowerInfo.java:lambda$new$0(51)) - 7fd17b96-21f1-4559-9cf9-f04cfa32ca1c@group-A7581056334D->2b314ddf-a628-41df-afb5-827956264657: nextIndex: updateUnconditionally 0 -> 0
2019-09-24 02:33:47,952 [grpc-default-executor-8] WARN  server.GrpcLogAppender (LogUtils.java:warn(134)) - 7fd17b96-21f1-4559-9cf9-f04cfa32ca1c@group-A7581056334D->ae1cc8d2-f95e-4ea0-a778-71138d7e5594-AppendLogResponseHandler: Failed appendEntries: org.apache.ratis.thirdparty.io.grpc.StatusRuntimeException: UNAVAILABLE: io exception
2019-09-24 02:33:47,952 [grpc-default-executor-8] INFO  impl.FollowerInfo (FollowerInfo.java:lambda$new$0(51)) - 7fd17b96-21f1-4559-9cf9-f04cfa32ca1c@group-A7581056334D->ae1cc8d2-f95e-4ea0-a778-71138d7e5594: nextIndex: updateUnconditionally 0 -> 0
2019-09-24 02:33:48,451 [grpc-default-executor-9] WARN  server.GrpcLogAppender (LogUtils.java:warn(134)) - 7fd17b96-21f1-4559-9cf9-f04cfa32ca1c@group-A7581056334D->2b314ddf-a628-41df-afb5-827956264657-AppendLogResponseHandler: Failed appendEntries: org.apache.ratis.thirdparty.io.grpc.StatusRuntimeException: UNAVAILABLE: io exception
2019-09-24 02:33:48,451 [grpc-default-executor-10] WARN  server.GrpcLogAppender (LogUtils.java:warn(134)) - 9d97adb7-296c-40d2-b831-3db9b0cbdbf9@group-CED085F05024->556942d2-91e9-4f35-a4d7-9eaff3fbfacc-AppendLogResponseHandler: Failed appendEntries: org.apache.ratis.thirdparty.io.grpc.StatusRuntimeException: UNAVAILABLE: io exception
2019-09-24 02:33:48,451 [grpc-default-executor-11] WARN  server.GrpcLogAppender (LogUtils.java:warn(134)) - 8eea7e4f-d008-4d85-a505-6e9b586abbfe@group-0E5E712D3A28->c1e062fb-0f4f-4fe4-a9d2-4bfe6af489a8-AppendLogResponseHandler: Failed appendEntries: org.apache.ratis.thirdparty.io.grpc.StatusRuntimeException: UNAVAILABLE: io exception
2019-09-24 02:33:48,452 [grpc-default-executor-2] WARN  server.GrpcLogAppender (LogUtils.java:warn(134)) - 7fd17b96-21f1-4559-9cf9-f04cfa32ca1c@group-A7581056334D->ae1cc8d2-f95e-4ea0-a778-71138d7e5594-AppendLogResponseHandler: Failed appendEntries: org.apache.ratis.thirdparty.io.grpc.StatusRuntimeException: UNAVAILABLE: io exception
2019-09-24 02:33:48,453 [grpc-default-executor-11] INFO  impl.FollowerInfo (FollowerInfo.java:lambda$new$0(51)) - 8eea7e4f-d008-4d85-a505-6e9b586abbfe@group-0E5E712D3A28->c1e062fb-0f4f-4fe4-a9d2-4bfe6af489a8: nextIndex: updateUnconditionally 0 -> 0
2019-09-24 02:33:48,452 [grpc-default-executor-10] INFO  impl.FollowerInfo (FollowerInfo.java:lambda$new$0(51)) - 9d97adb7-296c-40d2-b831-3db9b0cbdbf9@group-CED085F05024->556942d2-91e9-4f35-a4d7-9eaff3fbfacc: nextIndex: updateUnconditionally 0 -> 0
2019-09-24 02:33:48,452 [grpc-default-executor-9] INFO  impl.FollowerInfo (FollowerInfo.java:lambda$new$0(51)) - 7fd17b96-21f1-4559-9cf9-f04cfa32ca1c@group-A7581056334D->2b314ddf-a628-41df-afb5-827956264657: nextIndex: updateUnconditionally 0 -> 0
2019-09-24 02:33:48,453 [grpc-default-executor-2] INFO  impl.FollowerInfo (FollowerInfo.java:lambda$new$0(51)) - 7fd17b96-21f1-4559-9cf9-f04cfa32ca1c@group-A7581056334D->ae1cc8d2-f95e-4ea0-a778-71138d7e5594: nextIndex: updateUnconditionally 0 -> 0
2019-09-24 02:33:48,948 [grpc-default-executor-10] WARN  server.GrpcLogAppender (LogUtils.java:warn(134)) - 8eea7e4f-d008-4d85-a505-6e9b586abbfe@group-0E5E712D3A28->c1e062fb-0f4f-4fe4-a9d2-4bfe6af489a8-AppendLogResponseHandler: Failed appendEntries: org.apache.ratis.thirdparty.io.grpc.StatusRuntimeException: UNAVAILABLE: io exception
2019-09-24 02:33:48,948 [grpc-default-executor-11] WARN  server.GrpcLogAppender (LogUtils.java:warn(134)) - 9d97adb7-296c-40d2-b831-3db9b0cbdbf9@group-CED085F05024->556942d2-91e9-4f35-a4d7-9eaff3fbfacc-AppendLogResponseHandler: Failed appendEntries: org.apache.ratis.thirdparty.io.grpc.StatusRuntimeException: UNAVAILABLE: io exception
2019-09-24 02:33:48,949 [grpc-default-executor-10] INFO  impl.FollowerInfo (FollowerInfo.java:lambda$new$0(51)) - 8eea7e4f-d008-4d85-a505-6e9b586abbfe@group-0E5E712D3A28->c1e062fb-0f4f-4fe4-a9d2-4bfe6af489a8: nextIndex: updateUnconditionally 0 -> 0
2019-09-24 02:33:48,949 [grpc-default-executor-11] INFO  impl.FollowerInfo (FollowerInfo.java:lambda$new$0(51)) - 9d97adb7-296c-40d2-b831-3db9b0cbdbf9@group-CED085F05024->556942d2-91e9-4f35-a4d7-9eaff3fbfacc: nextIndex: updateUnconditionally 0 -> 0
2019-09-24 02:33:48,949 [grpc-default-executor-9] WARN  server.GrpcLogAppender (LogUtils.java:warn(134)) - 7fd17b96-21f1-4559-9cf9-f04cfa32ca1c@group-A7581056334D->2b314ddf-a628-41df-afb5-827956264657-AppendLogResponseHandler: Failed appendEntries: org.apache.ratis.thirdparty.io.grpc.StatusRuntimeException: UNAVAILABLE: io exception
2019-09-24 02:33:48,950 [grpc-default-executor-9] INFO  impl.FollowerInfo (FollowerInfo.java:lambda$new$0(51)) - 7fd17b96-21f1-4559-9cf9-f04cfa32ca1c@group-A7581056334D->2b314ddf-a628-41df-afb5-827956264657: nextIndex: updateUnconditionally 0 -> 0
2019-09-24 02:33:48,952 [grpc-default-executor-10] WARN  server.GrpcLogAppender (LogUtils.java:warn(134)) - 7fd17b96-21f1-4559-9cf9-f04cfa32ca1c@group-A7581056334D->ae1cc8d2-f95e-4ea0-a778-71138d7e5594-AppendLogResponseHandler: Failed appendEntries: org.apache.ratis.thirdparty.io.grpc.StatusRuntimeException: UNAVAILABLE: io exception
2019-09-24 02:33:48,953 [grpc-default-executor-10] INFO  impl.FollowerInfo (FollowerInfo.java:lambda$new$0(51)) - 7fd17b96-21f1-4559-9cf9-f04cfa32ca1c@group-A7581056334D->ae1cc8d2-f95e-4ea0-a778-71138d7e5594: nextIndex: updateUnconditionally 0 -> 0
2019-09-24 02:33:49,113 [ForkJoinPool.commonPool-worker-0] INFO  ozoneimpl.OzoneContainer (OzoneContainer.java:stop(231)) - Attempting to stop container services.
2019-09-24 02:33:49,114 [main] INFO  ozoneimpl.OzoneContainer (OzoneContainer.java:stop(231)) - Attempting to stop container services.
2019-09-24 02:33:49,114 [ForkJoinPool.commonPool-worker-0] INFO  impl.RaftServerProxy (RaftServerProxy.java:lambda$close$4(314)) - 7fd17b96-21f1-4559-9cf9-f04cfa32ca1c: close
2019-09-24 02:33:49,115 [main] INFO  impl.RaftServerProxy (RaftServerProxy.java:lambda$close$4(314)) - 8eea7e4f-d008-4d85-a505-6e9b586abbfe: close
2019-09-24 02:33:49,115 [ForkJoinPool.commonPool-worker-0] INFO  impl.RaftServerImpl (RaftServerImpl.java:lambda$shutdown$3(251)) - 7fd17b96-21f1-4559-9cf9-f04cfa32ca1c@group-6F4A402ED8F1: shutdown
2019-09-24 02:33:49,115 [main] INFO  impl.RaftServerImpl (RaftServerImpl.java:lambda$shutdown$3(251)) - 8eea7e4f-d008-4d85-a505-6e9b586abbfe@group-0E5E712D3A28: shutdown
2019-09-24 02:33:49,115 [ForkJoinPool.commonPool-worker-0] INFO  util.JmxRegister (JmxRegister.java:unregister(73)) - Successfully un-registered JMX Bean with object name Ratis:service=RaftServer,group=group-6F4A402ED8F1,id=7fd17b96-21f1-4559-9cf9-f04cfa32ca1c
2019-09-24 02:33:49,116 [main] INFO  util.JmxRegister (JmxRegister.java:unregister(73)) - Successfully un-registered JMX Bean with object name Ratis:service=RaftServer,group=group-0E5E712D3A28,id=8eea7e4f-d008-4d85-a505-6e9b586abbfe
2019-09-24 02:33:49,116 [ForkJoinPool.commonPool-worker-0] INFO  impl.RoleInfo (RoleInfo.java:shutdownLeaderState(104)) - 7fd17b96-21f1-4559-9cf9-f04cfa32ca1c: shutdown LeaderState
2019-09-24 02:33:49,116 [main] INFO  impl.RoleInfo (RoleInfo.java:shutdownLeaderState(104)) - 8eea7e4f-d008-4d85-a505-6e9b586abbfe: shutdown LeaderState
2019-09-24 02:33:49,117 [ForkJoinPool.commonPool-worker-0] INFO  impl.PendingRequests (PendingRequests.java:sendNotLeaderResponses(202)) - 7fd17b96-21f1-4559-9cf9-f04cfa32ca1c-PendingRequests: sendNotLeaderResponses
2019-09-24 02:33:49,123 [org.apache.ratis.server.impl.LogAppender$AppenderDaemon$$Lambda$430/2026899056@2482fd51] WARN  server.GrpcLogAppender (GrpcLogAppender.java:mayWait(143)) - 8eea7e4f-d008-4d85-a505-6e9b586abbfe@group-0E5E712D3A28->a7fc6e90-75b2-4f8f-bf01-6e094d7f48f9-GrpcLogAppender: Wait interrupted by java.lang.InterruptedException
2019-09-24 02:33:49,123 [org.apache.ratis.server.impl.LogAppender$AppenderDaemon$$Lambda$430/2026899056@71d7963c] WARN  server.GrpcLogAppender (GrpcLogAppender.java:mayWait(143)) - 8eea7e4f-d008-4d85-a505-6e9b586abbfe@group-0E5E712D3A28->c1e062fb-0f4f-4fe4-a9d2-4bfe6af489a8-GrpcLogAppender: Wait interrupted by java.lang.InterruptedException
2019-09-24 02:33:49,123 [main] INFO  impl.PendingRequests (PendingRequests.java:sendNotLeaderResponses(202)) - 8eea7e4f-d008-4d85-a505-6e9b586abbfe-PendingRequests: sendNotLeaderResponses
2019-09-24 02:33:49,124 [grpc-default-executor-10] INFO  server.GrpcServerProtocolService (GrpcServerProtocolService.java:onCompleted(113)) - a7fc6e90-75b2-4f8f-bf01-6e094d7f48f9: Completed APPEND_ENTRIES, lastRequest: 8eea7e4f-d008-4d85-a505-6e9b586abbfe->a7fc6e90-75b2-4f8f-bf01-6e094d7f48f9#247-t2, previous=(t:2, i:0), leaderCommit=0, initializing? false, entries: <empty>
2019-09-24 02:33:49,124 [ForkJoinPool.commonPool-worker-0] INFO  impl.StateMachineUpdater (StateMachineUpdater.java:stopAndJoin(125)) - 7fd17b96-21f1-4559-9cf9-f04cfa32ca1c@group-6F4A402ED8F1-StateMachineUpdater: set stopIndex = 0
2019-09-24 02:33:49,125 [ForkJoinPool.commonPool-worker-0] INFO  impl.RaftServerImpl (ServerState.java:close(385)) - 7fd17b96-21f1-4559-9cf9-f04cfa32ca1c@group-6F4A402ED8F1: closes. applyIndex: 0
2019-09-24 02:33:49,124 [main] INFO  impl.StateMachineUpdater (StateMachineUpdater.java:stopAndJoin(125)) - 8eea7e4f-d008-4d85-a505-6e9b586abbfe@group-0E5E712D3A28-StateMachineUpdater: set stopIndex = 0
2019-09-24 02:33:49,126 [grpc-default-executor-10] INFO  server.GrpcLogAppender (GrpcLogAppender.java:onCompleted(293)) - 8eea7e4f-d008-4d85-a505-6e9b586abbfe@group-0E5E712D3A28->a7fc6e90-75b2-4f8f-bf01-6e094d7f48f9-AppendLogResponseHandler: follower responses appendEntries COMPLETED
2019-09-24 02:33:49,125 [7fd17b96-21f1-4559-9cf9-f04cfa32ca1c@group-6F4A402ED8F1-SegmentedRaftLogWorker] INFO  segmented.SegmentedRaftLogWorker (SegmentedRaftLogWorker.java:run(313)) - 7fd17b96-21f1-4559-9cf9-f04cfa32ca1c@group-6F4A402ED8F1-SegmentedRaftLogWorker was interrupted, exiting. There are 0 tasks remaining in the queue.
2019-09-24 02:33:49,126 [main] INFO  impl.RaftServerImpl (ServerState.java:close(385)) - 8eea7e4f-d008-4d85-a505-6e9b586abbfe@group-0E5E712D3A28: closes. applyIndex: 0
2019-09-24 02:33:49,132 [ForkJoinPool.commonPool-worker-0] INFO  segmented.SegmentedRaftLogWorker (SegmentedRaftLogWorker.java:close(228)) - 7fd17b96-21f1-4559-9cf9-f04cfa32ca1c@group-6F4A402ED8F1-SegmentedRaftLogWorker close()
2019-09-24 02:33:49,133 [8eea7e4f-d008-4d85-a505-6e9b586abbfe@group-0E5E712D3A28-SegmentedRaftLogWorker] INFO  segmented.SegmentedRaftLogWorker (SegmentedRaftLogWorker.java:run(313)) - 8eea7e4f-d008-4d85-a505-6e9b586abbfe@group-0E5E712D3A28-SegmentedRaftLogWorker was interrupted, exiting. There are 0 tasks remaining in the queue.
2019-09-24 02:33:49,126 [grpc-default-executor-10] INFO  impl.FollowerInfo (FollowerInfo.java:lambda$new$0(51)) - 8eea7e4f-d008-4d85-a505-6e9b586abbfe@group-0E5E712D3A28->a7fc6e90-75b2-4f8f-bf01-6e094d7f48f9: nextIndex: updateUnconditionally 1 -> 0
2019-09-24 02:33:49,138 [main] INFO  segmented.SegmentedRaftLogWorker (SegmentedRaftLogWorker.java:close(228)) - 8eea7e4f-d008-4d85-a505-6e9b586abbfe@group-0E5E712D3A28-SegmentedRaftLogWorker close()
2019-09-24 02:33:49,136 [ForkJoinPool.commonPool-worker-0] INFO  impl.RaftServerImpl (RaftServerImpl.java:lambda$shutdown$3(251)) - 7fd17b96-21f1-4559-9cf9-f04cfa32ca1c@group-A7581056334D: shutdown
2019-09-24 02:33:49,153 [main] INFO  impl.RaftServerImpl (RaftServerImpl.java:lambda$shutdown$3(251)) - 8eea7e4f-d008-4d85-a505-6e9b586abbfe@group-C6314B63DEEF: shutdown
2019-09-24 02:33:49,153 [ForkJoinPool.commonPool-worker-0] INFO  util.JmxRegister (JmxRegister.java:unregister(73)) - Successfully un-registered JMX Bean with object name Ratis:service=RaftServer,group=group-A7581056334D,id=7fd17b96-21f1-4559-9cf9-f04cfa32ca1c
2019-09-24 02:33:49,153 [main] INFO  util.JmxRegister (JmxRegister.java:unregister(73)) - Successfully un-registered JMX Bean with object name Ratis:service=RaftServer,group=group-C6314B63DEEF,id=8eea7e4f-d008-4d85-a505-6e9b586abbfe
2019-09-24 02:33:49,154 [main] INFO  impl.RoleInfo (RoleInfo.java:shutdownLeaderState(104)) - 8eea7e4f-d008-4d85-a505-6e9b586abbfe: shutdown LeaderState
2019-09-24 02:33:49,154 [ForkJoinPool.commonPool-worker-0] INFO  impl.RoleInfo (RoleInfo.java:shutdownLeaderState(104)) - 7fd17b96-21f1-4559-9cf9-f04cfa32ca1c: shutdown LeaderState
2019-09-24 02:33:49,154 [main] INFO  impl.PendingRequests (PendingRequests.java:sendNotLeaderResponses(202)) - 8eea7e4f-d008-4d85-a505-6e9b586abbfe-PendingRequests: sendNotLeaderResponses
2019-09-24 02:33:49,163 [org.apache.ratis.server.impl.LogAppender$AppenderDaemon$$Lambda$430/2026899056@72eaffb6] WARN  server.GrpcLogAppender (GrpcLogAppender.java:mayWait(143)) - 7fd17b96-21f1-4559-9cf9-f04cfa32ca1c@group-A7581056334D->ae1cc8d2-f95e-4ea0-a778-71138d7e5594-GrpcLogAppender: Wait interrupted by java.lang.InterruptedException
2019-09-24 02:33:49,163 [org.apache.ratis.server.impl.LogAppender$AppenderDaemon$$Lambda$430/2026899056@4f25e750] WARN  server.GrpcLogAppender (GrpcLogAppender.java:mayWait(143)) - 7fd17b96-21f1-4559-9cf9-f04cfa32ca1c@group-A7581056334D->2b314ddf-a628-41df-afb5-827956264657-GrpcLogAppender: Wait interrupted by java.lang.InterruptedException
2019-09-24 02:33:49,163 [ForkJoinPool.commonPool-worker-0] INFO  impl.PendingRequests (PendingRequests.java:sendNotLeaderResponses(202)) - 7fd17b96-21f1-4559-9cf9-f04cfa32ca1c-PendingRequests: sendNotLeaderResponses
2019-09-24 02:33:49,163 [main] INFO  impl.StateMachineUpdater (StateMachineUpdater.java:stopAndJoin(125)) - 8eea7e4f-d008-4d85-a505-6e9b586abbfe@group-C6314B63DEEF-StateMachineUpdater: set stopIndex = 0
2019-09-24 02:33:49,164 [main] INFO  impl.RaftServerImpl (ServerState.java:close(385)) - 8eea7e4f-d008-4d85-a505-6e9b586abbfe@group-C6314B63DEEF: closes. applyIndex: 0
2019-09-24 02:33:49,164 [ForkJoinPool.commonPool-worker-0] INFO  impl.StateMachineUpdater (StateMachineUpdater.java:stopAndJoin(125)) - 7fd17b96-21f1-4559-9cf9-f04cfa32ca1c@group-A7581056334D-StateMachineUpdater: set stopIndex = 0
2019-09-24 02:33:49,165 [ForkJoinPool.commonPool-worker-0] INFO  impl.RaftServerImpl (ServerState.java:close(385)) - 7fd17b96-21f1-4559-9cf9-f04cfa32ca1c@group-A7581056334D: closes. applyIndex: 0
2019-09-24 02:33:49,165 [8eea7e4f-d008-4d85-a505-6e9b586abbfe@group-C6314B63DEEF-SegmentedRaftLogWorker] INFO  segmented.SegmentedRaftLogWorker (SegmentedRaftLogWorker.java:run(313)) - 8eea7e4f-d008-4d85-a505-6e9b586abbfe@group-C6314B63DEEF-SegmentedRaftLogWorker was interrupted, exiting. There are 0 tasks remaining in the queue.
2019-09-24 02:33:49,165 [7fd17b96-21f1-4559-9cf9-f04cfa32ca1c@group-A7581056334D-SegmentedRaftLogWorker] INFO  segmented.SegmentedRaftLogWorker (SegmentedRaftLogWorker.java:run(313)) - 7fd17b96-21f1-4559-9cf9-f04cfa32ca1c@group-A7581056334D-SegmentedRaftLogWorker was interrupted, exiting. There are 0 tasks remaining in the queue.
2019-09-24 02:33:49,166 [main] INFO  segmented.SegmentedRaftLogWorker (SegmentedRaftLogWorker.java:close(228)) - 8eea7e4f-d008-4d85-a505-6e9b586abbfe@group-C6314B63DEEF-SegmentedRaftLogWorker close()
2019-09-24 02:33:49,166 [ForkJoinPool.commonPool-worker-0] INFO  segmented.SegmentedRaftLogWorker (SegmentedRaftLogWorker.java:close(228)) - 7fd17b96-21f1-4559-9cf9-f04cfa32ca1c@group-A7581056334D-SegmentedRaftLogWorker close()
2019-09-24 02:33:49,168 [main] INFO  server.GrpcService (GrpcService.java:closeImpl(164)) - 8eea7e4f-d008-4d85-a505-6e9b586abbfe: shutdown server with port 42114 now
2019-09-24 02:33:49,170 [ForkJoinPool.commonPool-worker-0] INFO  server.GrpcService (GrpcService.java:closeImpl(164)) - 7fd17b96-21f1-4559-9cf9-f04cfa32ca1c: shutdown server with port 46706 now
2019-09-24 02:33:49,171 [ForkJoinPool.commonPool-worker-0] INFO  server.GrpcService (GrpcService.java:closeImpl(172)) - 7fd17b96-21f1-4559-9cf9-f04cfa32ca1c: shutdown server with port 46706 successfully
2019-09-24 02:33:49,171 [main] INFO  server.GrpcService (GrpcService.java:closeImpl(172)) - 8eea7e4f-d008-4d85-a505-6e9b586abbfe: shutdown server with port 42114 successfully
2019-09-24 02:33:49,175 [refreshUsed-/workdir/hadoop-ozone/integration-test/target/test-dir/MiniOzoneClusterImpl-3bdd15fc-dee8-458b-a154-153c8414505a/datanode-8/data/containers] WARN  fs.CachingGetSpaceUsed (CachingGetSpaceUsed.java:run(183)) - Thread Interrupted waiting to refresh disk information: sleep interrupted
2019-09-24 02:33:49,176 [refreshUsed-/workdir/hadoop-ozone/integration-test/target/test-dir/MiniOzoneClusterImpl-3bdd15fc-dee8-458b-a154-153c8414505a/datanode-4/data/containers] WARN  fs.CachingGetSpaceUsed (CachingGetSpaceUsed.java:run(183)) - Thread Interrupted waiting to refresh disk information: sleep interrupted
2019-09-24 02:33:49,192 [main] INFO  utils.BackgroundService (BackgroundService.java:shutdown(148)) - Shutting down service BlockDeletingService
2019-09-24 02:33:49,193 [ForkJoinPool.commonPool-worker-0] INFO  utils.BackgroundService (BackgroundService.java:shutdown(148)) - Shutting down service BlockDeletingService
2019-09-24 02:33:49,201 [main] INFO  statemachine.DatanodeStateMachine (DatanodeStateMachine.java:stopDaemon(395)) - Ozone container server stopped.
2019-09-24 02:33:49,203 [ForkJoinPool.commonPool-worker-0] INFO  statemachine.DatanodeStateMachine (DatanodeStateMachine.java:stopDaemon(395)) - Ozone container server stopped.
2019-09-24 02:33:49,219 [main] INFO  handler.ContextHandler (ContextHandler.java:doStop(910)) - Stopped o.e.j.w.WebAppContext@1a2773a8{/,null,UNAVAILABLE}{/hddsDatanode}
2019-09-24 02:33:49,220 [ForkJoinPool.commonPool-worker-0] INFO  handler.ContextHandler (ContextHandler.java:doStop(910)) - Stopped o.e.j.w.WebAppContext@50cbcca7{/,null,UNAVAILABLE}{/hddsDatanode}
2019-09-24 02:33:49,221 [main] INFO  server.AbstractConnector (AbstractConnector.java:doStop(318)) - Stopped ServerConnector@78b0ec3a{HTTP/1.1,[http/1.1]}{0.0.0.0:0}
2019-09-24 02:33:49,221 [ForkJoinPool.commonPool-worker-0] INFO  server.AbstractConnector (AbstractConnector.java:doStop(318)) - Stopped ServerConnector@49491770{HTTP/1.1,[http/1.1]}{0.0.0.0:0}
2019-09-24 02:33:49,221 [main] INFO  handler.ContextHandler (ContextHandler.java:doStop(910)) - Stopped o.e.j.s.ServletContextHandler@3c33fcf8{/static,jar:file:/home/user/.m2/repository/org/apache/hadoop/hadoop-hdds-container-service/0.5.0-SNAPSHOT/hadoop-hdds-container-service-0.5.0-SNAPSHOT.jar!/webapps/static,UNAVAILABLE}
2019-09-24 02:33:49,223 [ForkJoinPool.commonPool-worker-0] INFO  handler.ContextHandler (ContextHandler.java:doStop(910)) - Stopped o.e.j.s.ServletContextHandler@6a8a551e{/static,jar:file:/home/user/.m2/repository/org/apache/hadoop/hadoop-hdds-container-service/0.5.0-SNAPSHOT/hadoop-hdds-container-service-0.5.0-SNAPSHOT.jar!/webapps/static,UNAVAILABLE}
2019-09-24 02:33:49,223 [main] INFO  handler.ContextHandler (ContextHandler.java:doStop(910)) - Stopped o.e.j.s.ServletContextHandler@1abcd059{/logs,file:///workdir/hadoop-ozone/integration-test/target/log,UNAVAILABLE}
2019-09-24 02:33:49,225 [ForkJoinPool.commonPool-worker-0] INFO  handler.ContextHandler (ContextHandler.java:doStop(910)) - Stopped o.e.j.s.ServletContextHandler@4245bf68{/logs,file:///workdir/hadoop-ozone/integration-test/target/log,UNAVAILABLE}
2019-09-24 02:33:49,307 [Datanode State Machine Thread - 0] INFO  statemachine.DatanodeStateMachine (DatanodeStateMachine.java:lambda$startDaemon$0(350)) - Ozone container server started.
2019-09-24 02:33:49,433 [Datanode State Machine Thread - 0] INFO  statemachine.DatanodeStateMachine (DatanodeStateMachine.java:lambda$startDaemon$0(350)) - Ozone container server started.
2019-09-24 02:33:49,450 [grpc-default-executor-10] WARN  server.GrpcLogAppender (LogUtils.java:warn(134)) - 9d97adb7-296c-40d2-b831-3db9b0cbdbf9@group-CED085F05024->556942d2-91e9-4f35-a4d7-9eaff3fbfacc-AppendLogResponseHandler: Failed appendEntries: org.apache.ratis.thirdparty.io.grpc.StatusRuntimeException: UNAVAILABLE: io exception
2019-09-24 02:33:49,450 [grpc-default-executor-10] INFO  impl.FollowerInfo (FollowerInfo.java:lambda$new$0(51)) - 9d97adb7-296c-40d2-b831-3db9b0cbdbf9@group-CED085F05024->556942d2-91e9-4f35-a4d7-9eaff3fbfacc: nextIndex: updateUnconditionally 0 -> 0
2019-09-24 02:33:49,950 [grpc-default-executor-11] WARN  server.GrpcLogAppender (LogUtils.java:warn(134)) - 9d97adb7-296c-40d2-b831-3db9b0cbdbf9@group-CED085F05024->556942d2-91e9-4f35-a4d7-9eaff3fbfacc-AppendLogResponseHandler: Failed appendEntries: org.apache.ratis.thirdparty.io.grpc.StatusRuntimeException: UNAVAILABLE: io exception
2019-09-24 02:33:49,950 [grpc-default-executor-11] INFO  impl.FollowerInfo (FollowerInfo.java:lambda$new$0(51)) - 9d97adb7-296c-40d2-b831-3db9b0cbdbf9@group-CED085F05024->556942d2-91e9-4f35-a4d7-9eaff3fbfacc: nextIndex: updateUnconditionally 0 -> 0
2019-09-24 02:33:50,450 [grpc-default-executor-11] WARN  server.GrpcLogAppender (LogUtils.java:warn(134)) - 9d97adb7-296c-40d2-b831-3db9b0cbdbf9@group-CED085F05024->556942d2-91e9-4f35-a4d7-9eaff3fbfacc-AppendLogResponseHandler: Failed appendEntries: org.apache.ratis.thirdparty.io.grpc.StatusRuntimeException: UNAVAILABLE: io exception
2019-09-24 02:33:50,450 [grpc-default-executor-11] INFO  impl.FollowerInfo (FollowerInfo.java:lambda$new$0(51)) - 9d97adb7-296c-40d2-b831-3db9b0cbdbf9@group-CED085F05024->556942d2-91e9-4f35-a4d7-9eaff3fbfacc: nextIndex: updateUnconditionally 0 -> 0
2019-09-24 02:33:50,951 [grpc-default-executor-11] WARN  server.GrpcLogAppender (LogUtils.java:warn(134)) - 9d97adb7-296c-40d2-b831-3db9b0cbdbf9@group-CED085F05024->556942d2-91e9-4f35-a4d7-9eaff3fbfacc-AppendLogResponseHandler: Failed appendEntries: org.apache.ratis.thirdparty.io.grpc.StatusRuntimeException: UNAVAILABLE: io exception
2019-09-24 02:33:50,951 [grpc-default-executor-11] INFO  impl.FollowerInfo (FollowerInfo.java:lambda$new$0(51)) - 9d97adb7-296c-40d2-b831-3db9b0cbdbf9@group-CED085F05024->556942d2-91e9-4f35-a4d7-9eaff3fbfacc: nextIndex: updateUnconditionally 0 -> 0
2019-09-24 02:33:51,109 [Thread-8081] INFO  impl.FollowerState (FollowerState.java:run(106)) - a7fc6e90-75b2-4f8f-bf01-6e094d7f48f9:group-0E5E712D3A28 changes to CANDIDATE, lastRpcTime:2144, electionTimeout:1113ms
2019-09-24 02:33:51,109 [Thread-8081] INFO  impl.RoleInfo (RoleInfo.java:shutdownFollowerState(121)) - a7fc6e90-75b2-4f8f-bf01-6e094d7f48f9: shutdown FollowerState
2019-09-24 02:33:51,109 [Thread-8081] INFO  impl.RaftServerImpl (RaftServerImpl.java:setRole(174)) - a7fc6e90-75b2-4f8f-bf01-6e094d7f48f9@group-0E5E712D3A28: changes role from  FOLLOWER to CANDIDATE at term 2 for changeToCandidate
2019-09-24 02:33:51,109 [Thread-8081] INFO  impl.RoleInfo (RoleInfo.java:updateAndGet(143)) - a7fc6e90-75b2-4f8f-bf01-6e094d7f48f9: start LeaderElection
2019-09-24 02:33:51,110 [a7fc6e90-75b2-4f8f-bf01-6e094d7f48f9@group-0E5E712D3A28:LeaderElection118] INFO  impl.RaftServerImpl (ServerState.java:setLeader(253)) - a7fc6e90-75b2-4f8f-bf01-6e094d7f48f9@group-0E5E712D3A28: change Leader from 8eea7e4f-d008-4d85-a505-6e9b586abbfe to null at term 2 for initElection
2019-09-24 02:33:51,136 [a7fc6e90-75b2-4f8f-bf01-6e094d7f48f9@group-0E5E712D3A28:LeaderElection118] INFO  impl.LeaderElection (LeaderElection.java:askForVotes(182)) - a7fc6e90-75b2-4f8f-bf01-6e094d7f48f9@group-0E5E712D3A28:LeaderElection118: begin an election at term 3 for 0: [c1e062fb-0f4f-4fe4-a9d2-4bfe6af489a8:192.168.151.121:36311, 8eea7e4f-d008-4d85-a505-6e9b586abbfe:192.168.151.121:42114, a7fc6e90-75b2-4f8f-bf01-6e094d7f48f9:192.168.151.121:34093], old=null
2019-09-24 02:33:51,138 [a7fc6e90-75b2-4f8f-bf01-6e094d7f48f9@group-0E5E712D3A28:LeaderElection118] INFO  impl.LeaderElection (LogUtils.java:infoOrTrace(149)) - a7fc6e90-75b2-4f8f-bf01-6e094d7f48f9@group-0E5E712D3A28:LeaderElection118 got exception when requesting votes: {}
java.util.concurrent.ExecutionException: org.apache.ratis.thirdparty.io.grpc.StatusRuntimeException: UNAVAILABLE: io exception
	at java.util.concurrent.FutureTask.report(FutureTask.java:122)
	at java.util.concurrent.FutureTask.get(FutureTask.java:192)
	at org.apache.ratis.server.impl.LeaderElection.waitForResults(LeaderElection.java:263)
	at org.apache.ratis.server.impl.LeaderElection.askForVotes(LeaderElection.java:201)
	at org.apache.ratis.server.impl.LeaderElection.run(LeaderElection.java:133)
	at java.lang.Thread.run(Thread.java:748)
Caused by: org.apache.ratis.thirdparty.io.grpc.StatusRuntimeException: UNAVAILABLE: io exception
	at org.apache.ratis.thirdparty.io.grpc.stub.ClientCalls.toStatusRuntimeException(ClientCalls.java:233)
	at org.apache.ratis.thirdparty.io.grpc.stub.ClientCalls.getUnchecked(ClientCalls.java:214)
	at org.apache.ratis.thirdparty.io.grpc.stub.ClientCalls.blockingUnaryCall(ClientCalls.java:139)
	at org.apache.ratis.proto.grpc.RaftServerProtocolServiceGrpc$RaftServerProtocolServiceBlockingStub.requestVote(RaftServerProtocolServiceGrpc.java:265)
	at org.apache.ratis.grpc.server.GrpcServerProtocolClient.requestVote(GrpcServerProtocolClient.java:90)
	at org.apache.ratis.grpc.server.GrpcService.requestVote(GrpcService.java:204)
	at org.apache.ratis.server.impl.LeaderElection.lambda$submitRequests$1(LeaderElection.java:238)
	at java.util.concurrent.FutureTask.run(FutureTask.java:266)
	at java.util.concurrent.Executors$RunnableAdapter.call(Executors.java:511)
	at java.util.concurrent.FutureTask.run(FutureTask.java:266)
	at java.util.concurrent.ThreadPoolExecutor.runWorker(ThreadPoolExecutor.java:1149)
	at java.util.concurrent.ThreadPoolExecutor$Worker.run(ThreadPoolExecutor.java:624)
	... 1 more
Caused by: org.apache.ratis.thirdparty.io.netty.channel.AbstractChannel$AnnotatedConnectException: Connection refused: /192.168.151.121:36311
	at sun.nio.ch.SocketChannelImpl.checkConnect(Native Method)
	at sun.nio.ch.SocketChannelImpl.finishConnect(SocketChannelImpl.java:717)
	at org.apache.ratis.thirdparty.io.netty.channel.socket.nio.NioSocketChannel.doFinishConnect(NioSocketChannel.java:327)
	at org.apache.ratis.thirdparty.io.netty.channel.nio.AbstractNioChannel$AbstractNioUnsafe.finishConnect(AbstractNioChannel.java:340)
	at org.apache.ratis.thirdparty.io.netty.channel.nio.NioEventLoop.processSelectedKey(NioEventLoop.java:632)
	at org.apache.ratis.thirdparty.io.netty.channel.nio.NioEventLoop.processSelectedKeysOptimized(NioEventLoop.java:579)
	at org.apache.ratis.thirdparty.io.netty.channel.nio.NioEventLoop.processSelectedKeys(NioEventLoop.java:496)
	at org.apache.ratis.thirdparty.io.netty.channel.nio.NioEventLoop.run(NioEventLoop.java:458)
	at org.apache.ratis.thirdparty.io.netty.util.concurrent.SingleThreadEventExecutor$5.run(SingleThreadEventExecutor.java:897)
	at org.apache.ratis.thirdparty.io.netty.util.concurrent.FastThreadLocalRunnable.run(FastThreadLocalRunnable.java:30)
	... 1 more
Caused by: java.net.ConnectException: Connection refused
	... 11 more
2019-09-24 02:33:51,141 [a7fc6e90-75b2-4f8f-bf01-6e094d7f48f9@group-0E5E712D3A28:LeaderElection118] INFO  impl.LeaderElection (LogUtils.java:infoOrTrace(149)) - a7fc6e90-75b2-4f8f-bf01-6e094d7f48f9@group-0E5E712D3A28:LeaderElection118 got exception when requesting votes: {}
java.util.concurrent.ExecutionException: org.apache.ratis.thirdparty.io.grpc.StatusRuntimeException: UNAVAILABLE: io exception
	at java.util.concurrent.FutureTask.report(FutureTask.java:122)
	at java.util.concurrent.FutureTask.get(FutureTask.java:192)
	at org.apache.ratis.server.impl.LeaderElection.waitForResults(LeaderElection.java:263)
	at org.apache.ratis.server.impl.LeaderElection.askForVotes(LeaderElection.java:201)
	at org.apache.ratis.server.impl.LeaderElection.run(LeaderElection.java:133)
	at java.lang.Thread.run(Thread.java:748)
Caused by: org.apache.ratis.thirdparty.io.grpc.StatusRuntimeException: UNAVAILABLE: io exception
	at org.apache.ratis.thirdparty.io.grpc.stub.ClientCalls.toStatusRuntimeException(ClientCalls.java:233)
	at org.apache.ratis.thirdparty.io.grpc.stub.ClientCalls.getUnchecked(ClientCalls.java:214)
	at org.apache.ratis.thirdparty.io.grpc.stub.ClientCalls.blockingUnaryCall(ClientCalls.java:139)
	at org.apache.ratis.proto.grpc.RaftServerProtocolServiceGrpc$RaftServerProtocolServiceBlockingStub.requestVote(RaftServerProtocolServiceGrpc.java:265)
	at org.apache.ratis.grpc.server.GrpcServerProtocolClient.requestVote(GrpcServerProtocolClient.java:90)
	at org.apache.ratis.grpc.server.GrpcService.requestVote(GrpcService.java:204)
	at org.apache.ratis.server.impl.LeaderElection.lambda$submitRequests$1(LeaderElection.java:238)
	at java.util.concurrent.FutureTask.run(FutureTask.java:266)
	at java.util.concurrent.Executors$RunnableAdapter.call(Executors.java:511)
	at java.util.concurrent.FutureTask.run(FutureTask.java:266)
	at java.util.concurrent.ThreadPoolExecutor.runWorker(ThreadPoolExecutor.java:1149)
	at java.util.concurrent.ThreadPoolExecutor$Worker.run(ThreadPoolExecutor.java:624)
	... 1 more
Caused by: org.apache.ratis.thirdparty.io.netty.channel.AbstractChannel$AnnotatedConnectException: Connection refused: /192.168.151.121:42114
	at sun.nio.ch.SocketChannelImpl.checkConnect(Native Method)
	at sun.nio.ch.SocketChannelImpl.finishConnect(SocketChannelImpl.java:717)
	at org.apache.ratis.thirdparty.io.netty.channel.socket.nio.NioSocketChannel.doFinishConnect(NioSocketChannel.java:327)
	at org.apache.ratis.thirdparty.io.netty.channel.nio.AbstractNioChannel$AbstractNioUnsafe.finishConnect(AbstractNioChannel.java:340)
	at org.apache.ratis.thirdparty.io.netty.channel.nio.NioEventLoop.processSelectedKey(NioEventLoop.java:632)
	at org.apache.ratis.thirdparty.io.netty.channel.nio.NioEventLoop.processSelectedKeysOptimized(NioEventLoop.java:579)
	at org.apache.ratis.thirdparty.io.netty.channel.nio.NioEventLoop.processSelectedKeys(NioEventLoop.java:496)
	at org.apache.ratis.thirdparty.io.netty.channel.nio.NioEventLoop.run(NioEventLoop.java:458)
	at org.apache.ratis.thirdparty.io.netty.util.concurrent.SingleThreadEventExecutor$5.run(SingleThreadEventExecutor.java:897)
	at org.apache.ratis.thirdparty.io.netty.util.concurrent.FastThreadLocalRunnable.run(FastThreadLocalRunnable.java:30)
	... 1 more
Caused by: java.net.ConnectException: Connection refused
	... 11 more
2019-09-24 02:33:51,144 [a7fc6e90-75b2-4f8f-bf01-6e094d7f48f9@group-0E5E712D3A28:LeaderElection118] INFO  impl.LeaderElection (LeaderElection.java:logAndReturn(56)) - a7fc6e90-75b2-4f8f-bf01-6e094d7f48f9@group-0E5E712D3A28:LeaderElection118: Election REJECTED; received 0 response(s) [] and 2 exception(s); a7fc6e90-75b2-4f8f-bf01-6e094d7f48f9@group-0E5E712D3A28:t3, leader=null, voted=a7fc6e90-75b2-4f8f-bf01-6e094d7f48f9, raftlog=a7fc6e90-75b2-4f8f-bf01-6e094d7f48f9@group-0E5E712D3A28-SegmentedRaftLog:OPENED:c0,f0,i0, conf=0: [c1e062fb-0f4f-4fe4-a9d2-4bfe6af489a8:192.168.151.121:36311, 8eea7e4f-d008-4d85-a505-6e9b586abbfe:192.168.151.121:42114, a7fc6e90-75b2-4f8f-bf01-6e094d7f48f9:192.168.151.121:34093], old=null
2019-09-24 02:33:51,144 [a7fc6e90-75b2-4f8f-bf01-6e094d7f48f9@group-0E5E712D3A28:LeaderElection118] INFO  impl.LeaderElection (LogUtils.java:infoOrTrace(149)) -   Exception 0: {}
java.util.concurrent.ExecutionException: org.apache.ratis.thirdparty.io.grpc.StatusRuntimeException: UNAVAILABLE: io exception
	at java.util.concurrent.FutureTask.report(FutureTask.java:122)
	at java.util.concurrent.FutureTask.get(FutureTask.java:192)
	at org.apache.ratis.server.impl.LeaderElection.waitForResults(LeaderElection.java:263)
	at org.apache.ratis.server.impl.LeaderElection.askForVotes(LeaderElection.java:201)
	at org.apache.ratis.server.impl.LeaderElection.run(LeaderElection.java:133)
	at java.lang.Thread.run(Thread.java:748)
Caused by: org.apache.ratis.thirdparty.io.grpc.StatusRuntimeException: UNAVAILABLE: io exception
	at org.apache.ratis.thirdparty.io.grpc.stub.ClientCalls.toStatusRuntimeException(ClientCalls.java:233)
	at org.apache.ratis.thirdparty.io.grpc.stub.ClientCalls.getUnchecked(ClientCalls.java:214)
	at org.apache.ratis.thirdparty.io.grpc.stub.ClientCalls.blockingUnaryCall(ClientCalls.java:139)
	at org.apache.ratis.proto.grpc.RaftServerProtocolServiceGrpc$RaftServerProtocolServiceBlockingStub.requestVote(RaftServerProtocolServiceGrpc.java:265)
	at org.apache.ratis.grpc.server.GrpcServerProtocolClient.requestVote(GrpcServerProtocolClient.java:90)
	at org.apache.ratis.grpc.server.GrpcService.requestVote(GrpcService.java:204)
	at org.apache.ratis.server.impl.LeaderElection.lambda$submitRequests$1(LeaderElection.java:238)
	at java.util.concurrent.FutureTask.run(FutureTask.java:266)
	at java.util.concurrent.Executors$RunnableAdapter.call(Executors.java:511)
	at java.util.concurrent.FutureTask.run(FutureTask.java:266)
	at java.util.concurrent.ThreadPoolExecutor.runWorker(ThreadPoolExecutor.java:1149)
	at java.util.concurrent.ThreadPoolExecutor$Worker.run(ThreadPoolExecutor.java:624)
	... 1 more
Caused by: org.apache.ratis.thirdparty.io.netty.channel.AbstractChannel$AnnotatedConnectException: Connection refused: /192.168.151.121:36311
	at sun.nio.ch.SocketChannelImpl.checkConnect(Native Method)
	at sun.nio.ch.SocketChannelImpl.finishConnect(SocketChannelImpl.java:717)
	at org.apache.ratis.thirdparty.io.netty.channel.socket.nio.NioSocketChannel.doFinishConnect(NioSocketChannel.java:327)
	at org.apache.ratis.thirdparty.io.netty.channel.nio.AbstractNioChannel$AbstractNioUnsafe.finishConnect(AbstractNioChannel.java:340)
	at org.apache.ratis.thirdparty.io.netty.channel.nio.NioEventLoop.processSelectedKey(NioEventLoop.java:632)
	at org.apache.ratis.thirdparty.io.netty.channel.nio.NioEventLoop.processSelectedKeysOptimized(NioEventLoop.java:579)
	at org.apache.ratis.thirdparty.io.netty.channel.nio.NioEventLoop.processSelectedKeys(NioEventLoop.java:496)
	at org.apache.ratis.thirdparty.io.netty.channel.nio.NioEventLoop.run(NioEventLoop.java:458)
	at org.apache.ratis.thirdparty.io.netty.util.concurrent.SingleThreadEventExecutor$5.run(SingleThreadEventExecutor.java:897)
	at org.apache.ratis.thirdparty.io.netty.util.concurrent.FastThreadLocalRunnable.run(FastThreadLocalRunnable.java:30)
	... 1 more
Caused by: java.net.ConnectException: Connection refused
	... 11 more
2019-09-24 02:33:51,144 [a7fc6e90-75b2-4f8f-bf01-6e094d7f48f9@group-0E5E712D3A28:LeaderElection118] INFO  impl.LeaderElection (LogUtils.java:infoOrTrace(149)) -   Exception 1: {}
java.util.concurrent.ExecutionException: org.apache.ratis.thirdparty.io.grpc.StatusRuntimeException: UNAVAILABLE: io exception
	at java.util.concurrent.FutureTask.report(FutureTask.java:122)
	at java.util.concurrent.FutureTask.get(FutureTask.java:192)
	at org.apache.ratis.server.impl.LeaderElection.waitForResults(LeaderElection.java:263)
	at org.apache.ratis.server.impl.LeaderElection.askForVotes(LeaderElection.java:201)
	at org.apache.ratis.server.impl.LeaderElection.run(LeaderElection.java:133)
	at java.lang.Thread.run(Thread.java:748)
Caused by: org.apache.ratis.thirdparty.io.grpc.StatusRuntimeException: UNAVAILABLE: io exception
	at org.apache.ratis.thirdparty.io.grpc.stub.ClientCalls.toStatusRuntimeException(ClientCalls.java:233)
	at org.apache.ratis.thirdparty.io.grpc.stub.ClientCalls.getUnchecked(ClientCalls.java:214)
	at org.apache.ratis.thirdparty.io.grpc.stub.ClientCalls.blockingUnaryCall(ClientCalls.java:139)
	at org.apache.ratis.proto.grpc.RaftServerProtocolServiceGrpc$RaftServerProtocolServiceBlockingStub.requestVote(RaftServerProtocolServiceGrpc.java:265)
	at org.apache.ratis.grpc.server.GrpcServerProtocolClient.requestVote(GrpcServerProtocolClient.java:90)
	at org.apache.ratis.grpc.server.GrpcService.requestVote(GrpcService.java:204)
	at org.apache.ratis.server.impl.LeaderElection.lambda$submitRequests$1(LeaderElection.java:238)
	at java.util.concurrent.FutureTask.run(FutureTask.java:266)
	at java.util.concurrent.Executors$RunnableAdapter.call(Executors.java:511)
	at java.util.concurrent.FutureTask.run(FutureTask.java:266)
	at java.util.concurrent.ThreadPoolExecutor.runWorker(ThreadPoolExecutor.java:1149)
	at java.util.concurrent.ThreadPoolExecutor$Worker.run(ThreadPoolExecutor.java:624)
	... 1 more
Caused by: org.apache.ratis.thirdparty.io.netty.channel.AbstractChannel$AnnotatedConnectException: Connection refused: /192.168.151.121:42114
	at sun.nio.ch.SocketChannelImpl.checkConnect(Native Method)
	at sun.nio.ch.SocketChannelImpl.finishConnect(SocketChannelImpl.java:717)
	at org.apache.ratis.thirdparty.io.netty.channel.socket.nio.NioSocketChannel.doFinishConnect(NioSocketChannel.java:327)
	at org.apache.ratis.thirdparty.io.netty.channel.nio.AbstractNioChannel$AbstractNioUnsafe.finishConnect(AbstractNioChannel.java:340)
	at org.apache.ratis.thirdparty.io.netty.channel.nio.NioEventLoop.processSelectedKey(NioEventLoop.java:632)
	at org.apache.ratis.thirdparty.io.netty.channel.nio.NioEventLoop.processSelectedKeysOptimized(NioEventLoop.java:579)
	at org.apache.ratis.thirdparty.io.netty.channel.nio.NioEventLoop.processSelectedKeys(NioEventLoop.java:496)
	at org.apache.ratis.thirdparty.io.netty.channel.nio.NioEventLoop.run(NioEventLoop.java:458)
	at org.apache.ratis.thirdparty.io.netty.util.concurrent.SingleThreadEventExecutor$5.run(SingleThreadEventExecutor.java:897)
	at org.apache.ratis.thirdparty.io.netty.util.concurrent.FastThreadLocalRunnable.run(FastThreadLocalRunnable.java:30)
	... 1 more
Caused by: java.net.ConnectException: Connection refused
	... 11 more
2019-09-24 02:33:51,144 [a7fc6e90-75b2-4f8f-bf01-6e094d7f48f9@group-0E5E712D3A28:LeaderElection118] INFO  impl.RaftServerImpl (RaftServerImpl.java:setRole(174)) - a7fc6e90-75b2-4f8f-bf01-6e094d7f48f9@group-0E5E712D3A28: changes role from CANDIDATE to FOLLOWER at term 3 for DISCOVERED_A_NEW_TERM
2019-09-24 02:33:51,144 [a7fc6e90-75b2-4f8f-bf01-6e094d7f48f9@group-0E5E712D3A28:LeaderElection118] INFO  impl.RoleInfo (RoleInfo.java:shutdownLeaderElection(134)) - a7fc6e90-75b2-4f8f-bf01-6e094d7f48f9: shutdown LeaderElection
2019-09-24 02:33:51,145 [a7fc6e90-75b2-4f8f-bf01-6e094d7f48f9@group-0E5E712D3A28:LeaderElection118] INFO  impl.RoleInfo (RoleInfo.java:updateAndGet(143)) - a7fc6e90-75b2-4f8f-bf01-6e094d7f48f9: start FollowerState
2019-09-24 02:33:51,451 [grpc-default-executor-10] WARN  server.GrpcLogAppender (LogUtils.java:warn(134)) - 9d97adb7-296c-40d2-b831-3db9b0cbdbf9@group-CED085F05024->556942d2-91e9-4f35-a4d7-9eaff3fbfacc-AppendLogResponseHandler: Failed appendEntries: org.apache.ratis.thirdparty.io.grpc.StatusRuntimeException: UNAVAILABLE: io exception
2019-09-24 02:33:51,455 [grpc-default-executor-10] INFO  impl.FollowerInfo (FollowerInfo.java:lambda$new$0(51)) - 9d97adb7-296c-40d2-b831-3db9b0cbdbf9@group-CED085F05024->556942d2-91e9-4f35-a4d7-9eaff3fbfacc: nextIndex: updateUnconditionally 0 -> 0
2019-09-24 02:33:51,952 [grpc-default-executor-10] WARN  server.GrpcLogAppender (LogUtils.java:warn(134)) - 9d97adb7-296c-40d2-b831-3db9b0cbdbf9@group-CED085F05024->556942d2-91e9-4f35-a4d7-9eaff3fbfacc-AppendLogResponseHandler: Failed appendEntries: org.apache.ratis.thirdparty.io.grpc.StatusRuntimeException: UNAVAILABLE: io exception
2019-09-24 02:33:51,953 [grpc-default-executor-10] INFO  impl.FollowerInfo (FollowerInfo.java:lambda$new$0(51)) - 9d97adb7-296c-40d2-b831-3db9b0cbdbf9@group-CED085F05024->556942d2-91e9-4f35-a4d7-9eaff3fbfacc: nextIndex: updateUnconditionally 0 -> 0
2019-09-24 02:33:52,339 [Thread-9552] INFO  impl.FollowerState (FollowerState.java:run(106)) - a7fc6e90-75b2-4f8f-bf01-6e094d7f48f9:group-0E5E712D3A28 changes to CANDIDATE, lastRpcTime:1194, electionTimeout:1194ms
2019-09-24 02:33:52,339 [Thread-9552] INFO  impl.RoleInfo (RoleInfo.java:shutdownFollowerState(121)) - a7fc6e90-75b2-4f8f-bf01-6e094d7f48f9: shutdown FollowerState
2019-09-24 02:33:52,340 [Thread-9552] INFO  impl.RaftServerImpl (RaftServerImpl.java:setRole(174)) - a7fc6e90-75b2-4f8f-bf01-6e094d7f48f9@group-0E5E712D3A28: changes role from  FOLLOWER to CANDIDATE at term 3 for changeToCandidate
2019-09-24 02:33:52,340 [Thread-9552] INFO  impl.RoleInfo (RoleInfo.java:updateAndGet(143)) - a7fc6e90-75b2-4f8f-bf01-6e094d7f48f9: start LeaderElection
2019-09-24 02:33:52,354 [a7fc6e90-75b2-4f8f-bf01-6e094d7f48f9@group-0E5E712D3A28:LeaderElection119] INFO  impl.LeaderElection (LeaderElection.java:askForVotes(182)) - a7fc6e90-75b2-4f8f-bf01-6e094d7f48f9@group-0E5E712D3A28:LeaderElection119: begin an election at term 4 for 0: [c1e062fb-0f4f-4fe4-a9d2-4bfe6af489a8:192.168.151.121:36311, 8eea7e4f-d008-4d85-a505-6e9b586abbfe:192.168.151.121:42114, a7fc6e90-75b2-4f8f-bf01-6e094d7f48f9:192.168.151.121:34093], old=null
2019-09-24 02:33:52,356 [a7fc6e90-75b2-4f8f-bf01-6e094d7f48f9@group-0E5E712D3A28:LeaderElection119] INFO  impl.LeaderElection (LogUtils.java:infoOrTrace(149)) - a7fc6e90-75b2-4f8f-bf01-6e094d7f48f9@group-0E5E712D3A28:LeaderElection119 got exception when requesting votes: {}
java.util.concurrent.ExecutionException: org.apache.ratis.thirdparty.io.grpc.StatusRuntimeException: UNAVAILABLE: io exception
	at java.util.concurrent.FutureTask.report(FutureTask.java:122)
	at java.util.concurrent.FutureTask.get(FutureTask.java:192)
	at org.apache.ratis.server.impl.LeaderElection.waitForResults(LeaderElection.java:263)
	at org.apache.ratis.server.impl.LeaderElection.askForVotes(LeaderElection.java:201)
	at org.apache.ratis.server.impl.LeaderElection.run(LeaderElection.java:133)
	at java.lang.Thread.run(Thread.java:748)
Caused by: org.apache.ratis.thirdparty.io.grpc.StatusRuntimeException: UNAVAILABLE: io exception
	at org.apache.ratis.thirdparty.io.grpc.stub.ClientCalls.toStatusRuntimeException(ClientCalls.java:233)
	at org.apache.ratis.thirdparty.io.grpc.stub.ClientCalls.getUnchecked(ClientCalls.java:214)
	at org.apache.ratis.thirdparty.io.grpc.stub.ClientCalls.blockingUnaryCall(ClientCalls.java:139)
	at org.apache.ratis.proto.grpc.RaftServerProtocolServiceGrpc$RaftServerProtocolServiceBlockingStub.requestVote(RaftServerProtocolServiceGrpc.java:265)
	at org.apache.ratis.grpc.server.GrpcServerProtocolClient.requestVote(GrpcServerProtocolClient.java:90)
	at org.apache.ratis.grpc.server.GrpcService.requestVote(GrpcService.java:204)
	at org.apache.ratis.server.impl.LeaderElection.lambda$submitRequests$1(LeaderElection.java:238)
	at java.util.concurrent.FutureTask.run(FutureTask.java:266)
	at java.util.concurrent.Executors$RunnableAdapter.call(Executors.java:511)
	at java.util.concurrent.FutureTask.run(FutureTask.java:266)
	at java.util.concurrent.ThreadPoolExecutor.runWorker(ThreadPoolExecutor.java:1149)
	at java.util.concurrent.ThreadPoolExecutor$Worker.run(ThreadPoolExecutor.java:624)
	... 1 more
Caused by: org.apache.ratis.thirdparty.io.netty.channel.AbstractChannel$AnnotatedConnectException: Connection refused: /192.168.151.121:36311
	at sun.nio.ch.SocketChannelImpl.checkConnect(Native Method)
	at sun.nio.ch.SocketChannelImpl.finishConnect(SocketChannelImpl.java:717)
	at org.apache.ratis.thirdparty.io.netty.channel.socket.nio.NioSocketChannel.doFinishConnect(NioSocketChannel.java:327)
	at org.apache.ratis.thirdparty.io.netty.channel.nio.AbstractNioChannel$AbstractNioUnsafe.finishConnect(AbstractNioChannel.java:340)
	at org.apache.ratis.thirdparty.io.netty.channel.nio.NioEventLoop.processSelectedKey(NioEventLoop.java:632)
	at org.apache.ratis.thirdparty.io.netty.channel.nio.NioEventLoop.processSelectedKeysOptimized(NioEventLoop.java:579)
	at org.apache.ratis.thirdparty.io.netty.channel.nio.NioEventLoop.processSelectedKeys(NioEventLoop.java:496)
	at org.apache.ratis.thirdparty.io.netty.channel.nio.NioEventLoop.run(NioEventLoop.java:458)
	at org.apache.ratis.thirdparty.io.netty.util.concurrent.SingleThreadEventExecutor$5.run(SingleThreadEventExecutor.java:897)
	at org.apache.ratis.thirdparty.io.netty.util.concurrent.FastThreadLocalRunnable.run(FastThreadLocalRunnable.java:30)
	... 1 more
Caused by: java.net.ConnectException: Connection refused
	... 11 more
2019-09-24 02:33:52,359 [a7fc6e90-75b2-4f8f-bf01-6e094d7f48f9@group-0E5E712D3A28:LeaderElection119] INFO  impl.LeaderElection (LogUtils.java:infoOrTrace(149)) - a7fc6e90-75b2-4f8f-bf01-6e094d7f48f9@group-0E5E712D3A28:LeaderElection119 got exception when requesting votes: {}
java.util.concurrent.ExecutionException: org.apache.ratis.thirdparty.io.grpc.StatusRuntimeException: UNAVAILABLE: io exception
	at java.util.concurrent.FutureTask.report(FutureTask.java:122)
	at java.util.concurrent.FutureTask.get(FutureTask.java:192)
	at org.apache.ratis.server.impl.LeaderElection.waitForResults(LeaderElection.java:263)
	at org.apache.ratis.server.impl.LeaderElection.askForVotes(LeaderElection.java:201)
	at org.apache.ratis.server.impl.LeaderElection.run(LeaderElection.java:133)
	at java.lang.Thread.run(Thread.java:748)
Caused by: org.apache.ratis.thirdparty.io.grpc.StatusRuntimeException: UNAVAILABLE: io exception
	at org.apache.ratis.thirdparty.io.grpc.stub.ClientCalls.toStatusRuntimeException(ClientCalls.java:233)
	at org.apache.ratis.thirdparty.io.grpc.stub.ClientCalls.getUnchecked(ClientCalls.java:214)
	at org.apache.ratis.thirdparty.io.grpc.stub.ClientCalls.blockingUnaryCall(ClientCalls.java:139)
	at org.apache.ratis.proto.grpc.RaftServerProtocolServiceGrpc$RaftServerProtocolServiceBlockingStub.requestVote(RaftServerProtocolServiceGrpc.java:265)
	at org.apache.ratis.grpc.server.GrpcServerProtocolClient.requestVote(GrpcServerProtocolClient.java:90)
	at org.apache.ratis.grpc.server.GrpcService.requestVote(GrpcService.java:204)
	at org.apache.ratis.server.impl.LeaderElection.lambda$submitRequests$1(LeaderElection.java:238)
	at java.util.concurrent.FutureTask.run(FutureTask.java:266)
	at java.util.concurrent.Executors$RunnableAdapter.call(Executors.java:511)
	at java.util.concurrent.FutureTask.run(FutureTask.java:266)
	at java.util.concurrent.ThreadPoolExecutor.runWorker(ThreadPoolExecutor.java:1149)
	at java.util.concurrent.ThreadPoolExecutor$Worker.run(ThreadPoolExecutor.java:624)
	... 1 more
Caused by: org.apache.ratis.thirdparty.io.netty.channel.AbstractChannel$AnnotatedConnectException: Connection refused: /192.168.151.121:42114
	at sun.nio.ch.SocketChannelImpl.checkConnect(Native Method)
	at sun.nio.ch.SocketChannelImpl.finishConnect(SocketChannelImpl.java:717)
	at org.apache.ratis.thirdparty.io.netty.channel.socket.nio.NioSocketChannel.doFinishConnect(NioSocketChannel.java:327)
	at org.apache.ratis.thirdparty.io.netty.channel.nio.AbstractNioChannel$AbstractNioUnsafe.finishConnect(AbstractNioChannel.java:340)
	at org.apache.ratis.thirdparty.io.netty.channel.nio.NioEventLoop.processSelectedKey(NioEventLoop.java:632)
	at org.apache.ratis.thirdparty.io.netty.channel.nio.NioEventLoop.processSelectedKeysOptimized(NioEventLoop.java:579)
	at org.apache.ratis.thirdparty.io.netty.channel.nio.NioEventLoop.processSelectedKeys(NioEventLoop.java:496)
	at org.apache.ratis.thirdparty.io.netty.channel.nio.NioEventLoop.run(NioEventLoop.java:458)
	at org.apache.ratis.thirdparty.io.netty.util.concurrent.SingleThreadEventExecutor$5.run(SingleThreadEventExecutor.java:897)
	at org.apache.ratis.thirdparty.io.netty.util.concurrent.FastThreadLocalRunnable.run(FastThreadLocalRunnable.java:30)
	... 1 more
Caused by: java.net.ConnectException: Connection refused
	... 11 more
2019-09-24 02:33:52,362 [a7fc6e90-75b2-4f8f-bf01-6e094d7f48f9@group-0E5E712D3A28:LeaderElection119] INFO  impl.LeaderElection (LeaderElection.java:logAndReturn(56)) - a7fc6e90-75b2-4f8f-bf01-6e094d7f48f9@group-0E5E712D3A28:LeaderElection119: Election REJECTED; received 0 response(s) [] and 2 exception(s); a7fc6e90-75b2-4f8f-bf01-6e094d7f48f9@group-0E5E712D3A28:t4, leader=null, voted=a7fc6e90-75b2-4f8f-bf01-6e094d7f48f9, raftlog=a7fc6e90-75b2-4f8f-bf01-6e094d7f48f9@group-0E5E712D3A28-SegmentedRaftLog:OPENED:c0,f0,i0, conf=0: [c1e062fb-0f4f-4fe4-a9d2-4bfe6af489a8:192.168.151.121:36311, 8eea7e4f-d008-4d85-a505-6e9b586abbfe:192.168.151.121:42114, a7fc6e90-75b2-4f8f-bf01-6e094d7f48f9:192.168.151.121:34093], old=null
2019-09-24 02:33:52,362 [a7fc6e90-75b2-4f8f-bf01-6e094d7f48f9@group-0E5E712D3A28:LeaderElection119] INFO  impl.LeaderElection (LogUtils.java:infoOrTrace(149)) -   Exception 0: {}
java.util.concurrent.ExecutionException: org.apache.ratis.thirdparty.io.grpc.StatusRuntimeException: UNAVAILABLE: io exception
	at java.util.concurrent.FutureTask.report(FutureTask.java:122)
	at java.util.concurrent.FutureTask.get(FutureTask.java:192)
	at org.apache.ratis.server.impl.LeaderElection.waitForResults(LeaderElection.java:263)
	at org.apache.ratis.server.impl.LeaderElection.askForVotes(LeaderElection.java:201)
	at org.apache.ratis.server.impl.LeaderElection.run(LeaderElection.java:133)
	at java.lang.Thread.run(Thread.java:748)
Caused by: org.apache.ratis.thirdparty.io.grpc.StatusRuntimeException: UNAVAILABLE: io exception
	at org.apache.ratis.thirdparty.io.grpc.stub.ClientCalls.toStatusRuntimeException(ClientCalls.java:233)
	at org.apache.ratis.thirdparty.io.grpc.stub.ClientCalls.getUnchecked(ClientCalls.java:214)
	at org.apache.ratis.thirdparty.io.grpc.stub.ClientCalls.blockingUnaryCall(ClientCalls.java:139)
	at org.apache.ratis.proto.grpc.RaftServerProtocolServiceGrpc$RaftServerProtocolServiceBlockingStub.requestVote(RaftServerProtocolServiceGrpc.java:265)
	at org.apache.ratis.grpc.server.GrpcServerProtocolClient.requestVote(GrpcServerProtocolClient.java:90)
	at org.apache.ratis.grpc.server.GrpcService.requestVote(GrpcService.java:204)
	at org.apache.ratis.server.impl.LeaderElection.lambda$submitRequests$1(LeaderElection.java:238)
	at java.util.concurrent.FutureTask.run(FutureTask.java:266)
	at java.util.concurrent.Executors$RunnableAdapter.call(Executors.java:511)
	at java.util.concurrent.FutureTask.run(FutureTask.java:266)
	at java.util.concurrent.ThreadPoolExecutor.runWorker(ThreadPoolExecutor.java:1149)
	at java.util.concurrent.ThreadPoolExecutor$Worker.run(ThreadPoolExecutor.java:624)
	... 1 more
Caused by: org.apache.ratis.thirdparty.io.netty.channel.AbstractChannel$AnnotatedConnectException: Connection refused: /192.168.151.121:36311
	at sun.nio.ch.SocketChannelImpl.checkConnect(Native Method)
	at sun.nio.ch.SocketChannelImpl.finishConnect(SocketChannelImpl.java:717)
	at org.apache.ratis.thirdparty.io.netty.channel.socket.nio.NioSocketChannel.doFinishConnect(NioSocketChannel.java:327)
	at org.apache.ratis.thirdparty.io.netty.channel.nio.AbstractNioChannel$AbstractNioUnsafe.finishConnect(AbstractNioChannel.java:340)
	at org.apache.ratis.thirdparty.io.netty.channel.nio.NioEventLoop.processSelectedKey(NioEventLoop.java:632)
	at org.apache.ratis.thirdparty.io.netty.channel.nio.NioEventLoop.processSelectedKeysOptimized(NioEventLoop.java:579)
	at org.apache.ratis.thirdparty.io.netty.channel.nio.NioEventLoop.processSelectedKeys(NioEventLoop.java:496)
	at org.apache.ratis.thirdparty.io.netty.channel.nio.NioEventLoop.run(NioEventLoop.java:458)
	at org.apache.ratis.thirdparty.io.netty.util.concurrent.SingleThreadEventExecutor$5.run(SingleThreadEventExecutor.java:897)
	at org.apache.ratis.thirdparty.io.netty.util.concurrent.FastThreadLocalRunnable.run(FastThreadLocalRunnable.java:30)
	... 1 more
Caused by: java.net.ConnectException: Connection refused
	... 11 more
2019-09-24 02:33:52,362 [a7fc6e90-75b2-4f8f-bf01-6e094d7f48f9@group-0E5E712D3A28:LeaderElection119] INFO  impl.LeaderElection (LogUtils.java:infoOrTrace(149)) -   Exception 1: {}
java.util.concurrent.ExecutionException: org.apache.ratis.thirdparty.io.grpc.StatusRuntimeException: UNAVAILABLE: io exception
	at java.util.concurrent.FutureTask.report(FutureTask.java:122)
	at java.util.concurrent.FutureTask.get(FutureTask.java:192)
	at org.apache.ratis.server.impl.LeaderElection.waitForResults(LeaderElection.java:263)
	at org.apache.ratis.server.impl.LeaderElection.askForVotes(LeaderElection.java:201)
	at org.apache.ratis.server.impl.LeaderElection.run(LeaderElection.java:133)
	at java.lang.Thread.run(Thread.java:748)
Caused by: org.apache.ratis.thirdparty.io.grpc.StatusRuntimeException: UNAVAILABLE: io exception
	at org.apache.ratis.thirdparty.io.grpc.stub.ClientCalls.toStatusRuntimeException(ClientCalls.java:233)
	at org.apache.ratis.thirdparty.io.grpc.stub.ClientCalls.getUnchecked(ClientCalls.java:214)
	at org.apache.ratis.thirdparty.io.grpc.stub.ClientCalls.blockingUnaryCall(ClientCalls.java:139)
	at org.apache.ratis.proto.grpc.RaftServerProtocolServiceGrpc$RaftServerProtocolServiceBlockingStub.requestVote(RaftServerProtocolServiceGrpc.java:265)
	at org.apache.ratis.grpc.server.GrpcServerProtocolClient.requestVote(GrpcServerProtocolClient.java:90)
	at org.apache.ratis.grpc.server.GrpcService.requestVote(GrpcService.java:204)
	at org.apache.ratis.server.impl.LeaderElection.lambda$submitRequests$1(LeaderElection.java:238)
	at java.util.concurrent.FutureTask.run(FutureTask.java:266)
	at java.util.concurrent.Executors$RunnableAdapter.call(Executors.java:511)
	at java.util.concurrent.FutureTask.run(FutureTask.java:266)
	at java.util.concurrent.ThreadPoolExecutor.runWorker(ThreadPoolExecutor.java:1149)
	at java.util.concurrent.ThreadPoolExecutor$Worker.run(ThreadPoolExecutor.java:624)
	... 1 more
Caused by: org.apache.ratis.thirdparty.io.netty.channel.AbstractChannel$AnnotatedConnectException: Connection refused: /192.168.151.121:42114
	at sun.nio.ch.SocketChannelImpl.checkConnect(Native Method)
	at sun.nio.ch.SocketChannelImpl.finishConnect(SocketChannelImpl.java:717)
	at org.apache.ratis.thirdparty.io.netty.channel.socket.nio.NioSocketChannel.doFinishConnect(NioSocketChannel.java:327)
	at org.apache.ratis.thirdparty.io.netty.channel.nio.AbstractNioChannel$AbstractNioUnsafe.finishConnect(AbstractNioChannel.java:340)
	at org.apache.ratis.thirdparty.io.netty.channel.nio.NioEventLoop.processSelectedKey(NioEventLoop.java:632)
	at org.apache.ratis.thirdparty.io.netty.channel.nio.NioEventLoop.processSelectedKeysOptimized(NioEventLoop.java:579)
	at org.apache.ratis.thirdparty.io.netty.channel.nio.NioEventLoop.processSelectedKeys(NioEventLoop.java:496)
	at org.apache.ratis.thirdparty.io.netty.channel.nio.NioEventLoop.run(NioEventLoop.java:458)
	at org.apache.ratis.thirdparty.io.netty.util.concurrent.SingleThreadEventExecutor$5.run(SingleThreadEventExecutor.java:897)
	at org.apache.ratis.thirdparty.io.netty.util.concurrent.FastThreadLocalRunnable.run(FastThreadLocalRunnable.java:30)
	... 1 more
Caused by: java.net.ConnectException: Connection refused
	... 11 more
2019-09-24 02:33:52,362 [a7fc6e90-75b2-4f8f-bf01-6e094d7f48f9@group-0E5E712D3A28:LeaderElection119] INFO  impl.RaftServerImpl (RaftServerImpl.java:setRole(174)) - a7fc6e90-75b2-4f8f-bf01-6e094d7f48f9@group-0E5E712D3A28: changes role from CANDIDATE to FOLLOWER at term 4 for DISCOVERED_A_NEW_TERM
2019-09-24 02:33:52,363 [a7fc6e90-75b2-4f8f-bf01-6e094d7f48f9@group-0E5E712D3A28:LeaderElection119] INFO  impl.RoleInfo (RoleInfo.java:shutdownLeaderElection(134)) - a7fc6e90-75b2-4f8f-bf01-6e094d7f48f9: shutdown LeaderElection
2019-09-24 02:33:52,363 [a7fc6e90-75b2-4f8f-bf01-6e094d7f48f9@group-0E5E712D3A28:LeaderElection119] INFO  impl.RoleInfo (RoleInfo.java:updateAndGet(143)) - a7fc6e90-75b2-4f8f-bf01-6e094d7f48f9: start FollowerState
2019-09-24 02:33:52,453 [grpc-default-executor-9] WARN  server.GrpcLogAppender (LogUtils.java:warn(134)) - 9d97adb7-296c-40d2-b831-3db9b0cbdbf9@group-CED085F05024->556942d2-91e9-4f35-a4d7-9eaff3fbfacc-AppendLogResponseHandler: Failed appendEntries: org.apache.ratis.thirdparty.io.grpc.StatusRuntimeException: UNAVAILABLE: io exception
2019-09-24 02:33:52,456 [grpc-default-executor-9] INFO  impl.FollowerInfo (FollowerInfo.java:lambda$new$0(51)) - 9d97adb7-296c-40d2-b831-3db9b0cbdbf9@group-CED085F05024->556942d2-91e9-4f35-a4d7-9eaff3fbfacc: nextIndex: updateUnconditionally 0 -> 0
2019-09-24 02:33:52,953 [grpc-default-executor-11] WARN  server.GrpcLogAppender (LogUtils.java:warn(134)) - 9d97adb7-296c-40d2-b831-3db9b0cbdbf9@group-CED085F05024->556942d2-91e9-4f35-a4d7-9eaff3fbfacc-AppendLogResponseHandler: Failed appendEntries: org.apache.ratis.thirdparty.io.grpc.StatusRuntimeException: UNAVAILABLE: io exception
2019-09-24 02:33:52,953 [grpc-default-executor-11] INFO  impl.FollowerInfo (FollowerInfo.java:lambda$new$0(51)) - 9d97adb7-296c-40d2-b831-3db9b0cbdbf9@group-CED085F05024->556942d2-91e9-4f35-a4d7-9eaff3fbfacc: nextIndex: updateUnconditionally 0 -> 0
2019-09-24 02:33:53,423 [Thread-9558] INFO  impl.FollowerState (FollowerState.java:run(106)) - a7fc6e90-75b2-4f8f-bf01-6e094d7f48f9:group-0E5E712D3A28 changes to CANDIDATE, lastRpcTime:1060, electionTimeout:1060ms
2019-09-24 02:33:53,424 [Thread-9558] INFO  impl.RoleInfo (RoleInfo.java:shutdownFollowerState(121)) - a7fc6e90-75b2-4f8f-bf01-6e094d7f48f9: shutdown FollowerState
2019-09-24 02:33:53,424 [Thread-9558] INFO  impl.RaftServerImpl (RaftServerImpl.java:setRole(174)) - a7fc6e90-75b2-4f8f-bf01-6e094d7f48f9@group-0E5E712D3A28: changes role from  FOLLOWER to CANDIDATE at term 4 for changeToCandidate
2019-09-24 02:33:53,424 [Thread-9558] INFO  impl.RoleInfo (RoleInfo.java:updateAndGet(143)) - a7fc6e90-75b2-4f8f-bf01-6e094d7f48f9: start LeaderElection
2019-09-24 02:33:53,440 [a7fc6e90-75b2-4f8f-bf01-6e094d7f48f9@group-0E5E712D3A28:LeaderElection120] INFO  impl.LeaderElection (LeaderElection.java:askForVotes(182)) - a7fc6e90-75b2-4f8f-bf01-6e094d7f48f9@group-0E5E712D3A28:LeaderElection120: begin an election at term 5 for 0: [c1e062fb-0f4f-4fe4-a9d2-4bfe6af489a8:192.168.151.121:36311, 8eea7e4f-d008-4d85-a505-6e9b586abbfe:192.168.151.121:42114, a7fc6e90-75b2-4f8f-bf01-6e094d7f48f9:192.168.151.121:34093], old=null
2019-09-24 02:33:53,442 [a7fc6e90-75b2-4f8f-bf01-6e094d7f48f9@group-0E5E712D3A28:LeaderElection120] INFO  impl.LeaderElection (LogUtils.java:infoOrTrace(149)) - a7fc6e90-75b2-4f8f-bf01-6e094d7f48f9@group-0E5E712D3A28:LeaderElection120 got exception when requesting votes: {}
java.util.concurrent.ExecutionException: org.apache.ratis.thirdparty.io.grpc.StatusRuntimeException: UNAVAILABLE: io exception
	at java.util.concurrent.FutureTask.report(FutureTask.java:122)
	at java.util.concurrent.FutureTask.get(FutureTask.java:192)
	at org.apache.ratis.server.impl.LeaderElection.waitForResults(LeaderElection.java:263)
	at org.apache.ratis.server.impl.LeaderElection.askForVotes(LeaderElection.java:201)
	at org.apache.ratis.server.impl.LeaderElection.run(LeaderElection.java:133)
	at java.lang.Thread.run(Thread.java:748)
Caused by: org.apache.ratis.thirdparty.io.grpc.StatusRuntimeException: UNAVAILABLE: io exception
	at org.apache.ratis.thirdparty.io.grpc.stub.ClientCalls.toStatusRuntimeException(ClientCalls.java:233)
	at org.apache.ratis.thirdparty.io.grpc.stub.ClientCalls.getUnchecked(ClientCalls.java:214)
	at org.apache.ratis.thirdparty.io.grpc.stub.ClientCalls.blockingUnaryCall(ClientCalls.java:139)
	at org.apache.ratis.proto.grpc.RaftServerProtocolServiceGrpc$RaftServerProtocolServiceBlockingStub.requestVote(RaftServerProtocolServiceGrpc.java:265)
	at org.apache.ratis.grpc.server.GrpcServerProtocolClient.requestVote(GrpcServerProtocolClient.java:90)
	at org.apache.ratis.grpc.server.GrpcService.requestVote(GrpcService.java:204)
	at org.apache.ratis.server.impl.LeaderElection.lambda$submitRequests$1(LeaderElection.java:238)
	at java.util.concurrent.FutureTask.run(FutureTask.java:266)
	at java.util.concurrent.Executors$RunnableAdapter.call(Executors.java:511)
	at java.util.concurrent.FutureTask.run(FutureTask.java:266)
	at java.util.concurrent.ThreadPoolExecutor.runWorker(ThreadPoolExecutor.java:1149)
	at java.util.concurrent.ThreadPoolExecutor$Worker.run(ThreadPoolExecutor.java:624)
	... 1 more
Caused by: org.apache.ratis.thirdparty.io.netty.channel.AbstractChannel$AnnotatedConnectException: Connection refused: /192.168.151.121:36311
	at sun.nio.ch.SocketChannelImpl.checkConnect(Native Method)
	at sun.nio.ch.SocketChannelImpl.finishConnect(SocketChannelImpl.java:717)
	at org.apache.ratis.thirdparty.io.netty.channel.socket.nio.NioSocketChannel.doFinishConnect(NioSocketChannel.java:327)
	at org.apache.ratis.thirdparty.io.netty.channel.nio.AbstractNioChannel$AbstractNioUnsafe.finishConnect(AbstractNioChannel.java:340)
	at org.apache.ratis.thirdparty.io.netty.channel.nio.NioEventLoop.processSelectedKey(NioEventLoop.java:632)
	at org.apache.ratis.thirdparty.io.netty.channel.nio.NioEventLoop.processSelectedKeysOptimized(NioEventLoop.java:579)
	at org.apache.ratis.thirdparty.io.netty.channel.nio.NioEventLoop.processSelectedKeys(NioEventLoop.java:496)
	at org.apache.ratis.thirdparty.io.netty.channel.nio.NioEventLoop.run(NioEventLoop.java:458)
	at org.apache.ratis.thirdparty.io.netty.util.concurrent.SingleThreadEventExecutor$5.run(SingleThreadEventExecutor.java:897)
	at org.apache.ratis.thirdparty.io.netty.util.concurrent.FastThreadLocalRunnable.run(FastThreadLocalRunnable.java:30)
	... 1 more
Caused by: java.net.ConnectException: Connection refused
	... 11 more
2019-09-24 02:33:53,445 [a7fc6e90-75b2-4f8f-bf01-6e094d7f48f9@group-0E5E712D3A28:LeaderElection120] INFO  impl.LeaderElection (LogUtils.java:infoOrTrace(149)) - a7fc6e90-75b2-4f8f-bf01-6e094d7f48f9@group-0E5E712D3A28:LeaderElection120 got exception when requesting votes: {}
java.util.concurrent.ExecutionException: org.apache.ratis.thirdparty.io.grpc.StatusRuntimeException: UNAVAILABLE: io exception
	at java.util.concurrent.FutureTask.report(FutureTask.java:122)
	at java.util.concurrent.FutureTask.get(FutureTask.java:192)
	at org.apache.ratis.server.impl.LeaderElection.waitForResults(LeaderElection.java:263)
	at org.apache.ratis.server.impl.LeaderElection.askForVotes(LeaderElection.java:201)
	at org.apache.ratis.server.impl.LeaderElection.run(LeaderElection.java:133)
	at java.lang.Thread.run(Thread.java:748)
Caused by: org.apache.ratis.thirdparty.io.grpc.StatusRuntimeException: UNAVAILABLE: io exception
	at org.apache.ratis.thirdparty.io.grpc.stub.ClientCalls.toStatusRuntimeException(ClientCalls.java:233)
	at org.apache.ratis.thirdparty.io.grpc.stub.ClientCalls.getUnchecked(ClientCalls.java:214)
	at org.apache.ratis.thirdparty.io.grpc.stub.ClientCalls.blockingUnaryCall(ClientCalls.java:139)
	at org.apache.ratis.proto.grpc.RaftServerProtocolServiceGrpc$RaftServerProtocolServiceBlockingStub.requestVote(RaftServerProtocolServiceGrpc.java:265)
	at org.apache.ratis.grpc.server.GrpcServerProtocolClient.requestVote(GrpcServerProtocolClient.java:90)
	at org.apache.ratis.grpc.server.GrpcService.requestVote(GrpcService.java:204)
	at org.apache.ratis.server.impl.LeaderElection.lambda$submitRequests$1(LeaderElection.java:238)
	at java.util.concurrent.FutureTask.run(FutureTask.java:266)
	at java.util.concurrent.Executors$RunnableAdapter.call(Executors.java:511)
	at java.util.concurrent.FutureTask.run(FutureTask.java:266)
	at java.util.concurrent.ThreadPoolExecutor.runWorker(ThreadPoolExecutor.java:1149)
	at java.util.concurrent.ThreadPoolExecutor$Worker.run(ThreadPoolExecutor.java:624)
	... 1 more
Caused by: org.apache.ratis.thirdparty.io.netty.channel.AbstractChannel$AnnotatedConnectException: Connection refused: /192.168.151.121:42114
	at sun.nio.ch.SocketChannelImpl.checkConnect(Native Method)
	at sun.nio.ch.SocketChannelImpl.finishConnect(SocketChannelImpl.java:717)
	at org.apache.ratis.thirdparty.io.netty.channel.socket.nio.NioSocketChannel.doFinishConnect(NioSocketChannel.java:327)
	at org.apache.ratis.thirdparty.io.netty.channel.nio.AbstractNioChannel$AbstractNioUnsafe.finishConnect(AbstractNioChannel.java:340)
	at org.apache.ratis.thirdparty.io.netty.channel.nio.NioEventLoop.processSelectedKey(NioEventLoop.java:632)
	at org.apache.ratis.thirdparty.io.netty.channel.nio.NioEventLoop.processSelectedKeysOptimized(NioEventLoop.java:579)
	at org.apache.ratis.thirdparty.io.netty.channel.nio.NioEventLoop.processSelectedKeys(NioEventLoop.java:496)
	at org.apache.ratis.thirdparty.io.netty.channel.nio.NioEventLoop.run(NioEventLoop.java:458)
	at org.apache.ratis.thirdparty.io.netty.util.concurrent.SingleThreadEventExecutor$5.run(SingleThreadEventExecutor.java:897)
	at org.apache.ratis.thirdparty.io.netty.util.concurrent.FastThreadLocalRunnable.run(FastThreadLocalRunnable.java:30)
	... 1 more
Caused by: java.net.ConnectException: Connection refused
	... 11 more
2019-09-24 02:33:53,448 [a7fc6e90-75b2-4f8f-bf01-6e094d7f48f9@group-0E5E712D3A28:LeaderElection120] INFO  impl.LeaderElection (LeaderElection.java:logAndReturn(56)) - a7fc6e90-75b2-4f8f-bf01-6e094d7f48f9@group-0E5E712D3A28:LeaderElection120: Election REJECTED; received 0 response(s) [] and 2 exception(s); a7fc6e90-75b2-4f8f-bf01-6e094d7f48f9@group-0E5E712D3A28:t5, leader=null, voted=a7fc6e90-75b2-4f8f-bf01-6e094d7f48f9, raftlog=a7fc6e90-75b2-4f8f-bf01-6e094d7f48f9@group-0E5E712D3A28-SegmentedRaftLog:OPENED:c0,f0,i0, conf=0: [c1e062fb-0f4f-4fe4-a9d2-4bfe6af489a8:192.168.151.121:36311, 8eea7e4f-d008-4d85-a505-6e9b586abbfe:192.168.151.121:42114, a7fc6e90-75b2-4f8f-bf01-6e094d7f48f9:192.168.151.121:34093], old=null
2019-09-24 02:33:53,448 [a7fc6e90-75b2-4f8f-bf01-6e094d7f48f9@group-0E5E712D3A28:LeaderElection120] INFO  impl.LeaderElection (LogUtils.java:infoOrTrace(149)) -   Exception 0: {}
java.util.concurrent.ExecutionException: org.apache.ratis.thirdparty.io.grpc.StatusRuntimeException: UNAVAILABLE: io exception
	at java.util.concurrent.FutureTask.report(FutureTask.java:122)
	at java.util.concurrent.FutureTask.get(FutureTask.java:192)
	at org.apache.ratis.server.impl.LeaderElection.waitForResults(LeaderElection.java:263)
	at org.apache.ratis.server.impl.LeaderElection.askForVotes(LeaderElection.java:201)
	at org.apache.ratis.server.impl.LeaderElection.run(LeaderElection.java:133)
	at java.lang.Thread.run(Thread.java:748)
Caused by: org.apache.ratis.thirdparty.io.grpc.StatusRuntimeException: UNAVAILABLE: io exception
	at org.apache.ratis.thirdparty.io.grpc.stub.ClientCalls.toStatusRuntimeException(ClientCalls.java:233)
	at org.apache.ratis.thirdparty.io.grpc.stub.ClientCalls.getUnchecked(ClientCalls.java:214)
	at org.apache.ratis.thirdparty.io.grpc.stub.ClientCalls.blockingUnaryCall(ClientCalls.java:139)
	at org.apache.ratis.proto.grpc.RaftServerProtocolServiceGrpc$RaftServerProtocolServiceBlockingStub.requestVote(RaftServerProtocolServiceGrpc.java:265)
	at org.apache.ratis.grpc.server.GrpcServerProtocolClient.requestVote(GrpcServerProtocolClient.java:90)
	at org.apache.ratis.grpc.server.GrpcService.requestVote(GrpcService.java:204)
	at org.apache.ratis.server.impl.LeaderElection.lambda$submitRequests$1(LeaderElection.java:238)
	at java.util.concurrent.FutureTask.run(FutureTask.java:266)
	at java.util.concurrent.Executors$RunnableAdapter.call(Executors.java:511)
	at java.util.concurrent.FutureTask.run(FutureTask.java:266)
	at java.util.concurrent.ThreadPoolExecutor.runWorker(ThreadPoolExecutor.java:1149)
	at java.util.concurrent.ThreadPoolExecutor$Worker.run(ThreadPoolExecutor.java:624)
	... 1 more
Caused by: org.apache.ratis.thirdparty.io.netty.channel.AbstractChannel$AnnotatedConnectException: Connection refused: /192.168.151.121:36311
	at sun.nio.ch.SocketChannelImpl.checkConnect(Native Method)
	at sun.nio.ch.SocketChannelImpl.finishConnect(SocketChannelImpl.java:717)
	at org.apache.ratis.thirdparty.io.netty.channel.socket.nio.NioSocketChannel.doFinishConnect(NioSocketChannel.java:327)
	at org.apache.ratis.thirdparty.io.netty.channel.nio.AbstractNioChannel$AbstractNioUnsafe.finishConnect(AbstractNioChannel.java:340)
	at org.apache.ratis.thirdparty.io.netty.channel.nio.NioEventLoop.processSelectedKey(NioEventLoop.java:632)
	at org.apache.ratis.thirdparty.io.netty.channel.nio.NioEventLoop.processSelectedKeysOptimized(NioEventLoop.java:579)
	at org.apache.ratis.thirdparty.io.netty.channel.nio.NioEventLoop.processSelectedKeys(NioEventLoop.java:496)
	at org.apache.ratis.thirdparty.io.netty.channel.nio.NioEventLoop.run(NioEventLoop.java:458)
	at org.apache.ratis.thirdparty.io.netty.util.concurrent.SingleThreadEventExecutor$5.run(SingleThreadEventExecutor.java:897)
	at org.apache.ratis.thirdparty.io.netty.util.concurrent.FastThreadLocalRunnable.run(FastThreadLocalRunnable.java:30)
	... 1 more
Caused by: java.net.ConnectException: Connection refused
	... 11 more
2019-09-24 02:33:53,448 [a7fc6e90-75b2-4f8f-bf01-6e094d7f48f9@group-0E5E712D3A28:LeaderElection120] INFO  impl.LeaderElection (LogUtils.java:infoOrTrace(149)) -   Exception 1: {}
java.util.concurrent.ExecutionException: org.apache.ratis.thirdparty.io.grpc.StatusRuntimeException: UNAVAILABLE: io exception
	at java.util.concurrent.FutureTask.report(FutureTask.java:122)
	at java.util.concurrent.FutureTask.get(FutureTask.java:192)
	at org.apache.ratis.server.impl.LeaderElection.waitForResults(LeaderElection.java:263)
	at org.apache.ratis.server.impl.LeaderElection.askForVotes(LeaderElection.java:201)
	at org.apache.ratis.server.impl.LeaderElection.run(LeaderElection.java:133)
	at java.lang.Thread.run(Thread.java:748)
Caused by: org.apache.ratis.thirdparty.io.grpc.StatusRuntimeException: UNAVAILABLE: io exception
	at org.apache.ratis.thirdparty.io.grpc.stub.ClientCalls.toStatusRuntimeException(ClientCalls.java:233)
	at org.apache.ratis.thirdparty.io.grpc.stub.ClientCalls.getUnchecked(ClientCalls.java:214)
	at org.apache.ratis.thirdparty.io.grpc.stub.ClientCalls.blockingUnaryCall(ClientCalls.java:139)
	at org.apache.ratis.proto.grpc.RaftServerProtocolServiceGrpc$RaftServerProtocolServiceBlockingStub.requestVote(RaftServerProtocolServiceGrpc.java:265)
	at org.apache.ratis.grpc.server.GrpcServerProtocolClient.requestVote(GrpcServerProtocolClient.java:90)
	at org.apache.ratis.grpc.server.GrpcService.requestVote(GrpcService.java:204)
	at org.apache.ratis.server.impl.LeaderElection.lambda$submitRequests$1(LeaderElection.java:238)
	at java.util.concurrent.FutureTask.run(FutureTask.java:266)
	at java.util.concurrent.Executors$RunnableAdapter.call(Executors.java:511)
	at java.util.concurrent.FutureTask.run(FutureTask.java:266)
	at java.util.concurrent.ThreadPoolExecutor.runWorker(ThreadPoolExecutor.java:1149)
	at java.util.concurrent.ThreadPoolExecutor$Worker.run(ThreadPoolExecutor.java:624)
	... 1 more
Caused by: org.apache.ratis.thirdparty.io.netty.channel.AbstractChannel$AnnotatedConnectException: Connection refused: /192.168.151.121:42114
	at sun.nio.ch.SocketChannelImpl.checkConnect(Native Method)
	at sun.nio.ch.SocketChannelImpl.finishConnect(SocketChannelImpl.java:717)
	at org.apache.ratis.thirdparty.io.netty.channel.socket.nio.NioSocketChannel.doFinishConnect(NioSocketChannel.java:327)
	at org.apache.ratis.thirdparty.io.netty.channel.nio.AbstractNioChannel$AbstractNioUnsafe.finishConnect(AbstractNioChannel.java:340)
	at org.apache.ratis.thirdparty.io.netty.channel.nio.NioEventLoop.processSelectedKey(NioEventLoop.java:632)
	at org.apache.ratis.thirdparty.io.netty.channel.nio.NioEventLoop.processSelectedKeysOptimized(NioEventLoop.java:579)
	at org.apache.ratis.thirdparty.io.netty.channel.nio.NioEventLoop.processSelectedKeys(NioEventLoop.java:496)
	at org.apache.ratis.thirdparty.io.netty.channel.nio.NioEventLoop.run(NioEventLoop.java:458)
	at org.apache.ratis.thirdparty.io.netty.util.concurrent.SingleThreadEventExecutor$5.run(SingleThreadEventExecutor.java:897)
	at org.apache.ratis.thirdparty.io.netty.util.concurrent.FastThreadLocalRunnable.run(FastThreadLocalRunnable.java:30)
	... 1 more
Caused by: java.net.ConnectException: Connection refused
	... 11 more
2019-09-24 02:33:53,449 [a7fc6e90-75b2-4f8f-bf01-6e094d7f48f9@group-0E5E712D3A28:LeaderElection120] INFO  impl.RaftServerImpl (RaftServerImpl.java:setRole(174)) - a7fc6e90-75b2-4f8f-bf01-6e094d7f48f9@group-0E5E712D3A28: changes role from CANDIDATE to FOLLOWER at term 5 for DISCOVERED_A_NEW_TERM
2019-09-24 02:33:53,449 [a7fc6e90-75b2-4f8f-bf01-6e094d7f48f9@group-0E5E712D3A28:LeaderElection120] INFO  impl.RoleInfo (RoleInfo.java:shutdownLeaderElection(134)) - a7fc6e90-75b2-4f8f-bf01-6e094d7f48f9: shutdown LeaderElection
2019-09-24 02:33:53,449 [a7fc6e90-75b2-4f8f-bf01-6e094d7f48f9@group-0E5E712D3A28:LeaderElection120] INFO  impl.RoleInfo (RoleInfo.java:updateAndGet(143)) - a7fc6e90-75b2-4f8f-bf01-6e094d7f48f9: start FollowerState
2019-09-24 02:33:53,453 [grpc-default-executor-10] WARN  server.GrpcLogAppender (LogUtils.java:warn(134)) - 9d97adb7-296c-40d2-b831-3db9b0cbdbf9@group-CED085F05024->556942d2-91e9-4f35-a4d7-9eaff3fbfacc-AppendLogResponseHandler: Failed appendEntries: org.apache.ratis.thirdparty.io.grpc.StatusRuntimeException: UNAVAILABLE: io exception
2019-09-24 02:33:53,455 [grpc-default-executor-10] INFO  impl.FollowerInfo (FollowerInfo.java:lambda$new$0(51)) - 9d97adb7-296c-40d2-b831-3db9b0cbdbf9@group-CED085F05024->556942d2-91e9-4f35-a4d7-9eaff3fbfacc: nextIndex: updateUnconditionally 0 -> 0
2019-09-24 02:33:53,954 [grpc-default-executor-10] WARN  server.GrpcLogAppender (LogUtils.java:warn(134)) - 9d97adb7-296c-40d2-b831-3db9b0cbdbf9@group-CED085F05024->556942d2-91e9-4f35-a4d7-9eaff3fbfacc-AppendLogResponseHandler: Failed appendEntries: org.apache.ratis.thirdparty.io.grpc.StatusRuntimeException: UNAVAILABLE: io exception
2019-09-24 02:33:53,954 [grpc-default-executor-10] INFO  impl.FollowerInfo (FollowerInfo.java:lambda$new$0(51)) - 9d97adb7-296c-40d2-b831-3db9b0cbdbf9@group-CED085F05024->556942d2-91e9-4f35-a4d7-9eaff3fbfacc: nextIndex: updateUnconditionally 0 -> 0
2019-09-24 02:33:54,227 [main] INFO  ozoneimpl.OzoneContainer (OzoneContainer.java:stop(231)) - Attempting to stop container services.
2019-09-24 02:33:54,227 [ForkJoinPool.commonPool-worker-0] INFO  ozoneimpl.OzoneContainer (OzoneContainer.java:stop(231)) - Attempting to stop container services.
2019-09-24 02:33:54,228 [main] INFO  impl.RaftServerProxy (RaftServerProxy.java:lambda$close$4(314)) - 4a9a1aaf-f3a8-4fdd-8b2b-1094ba9be8f3: close
2019-09-24 02:33:54,228 [ForkJoinPool.commonPool-worker-0] INFO  impl.RaftServerProxy (RaftServerProxy.java:lambda$close$4(314)) - 91e2a5f7-65a0-4f99-9d0a-256bd4104c43: close
2019-09-24 02:33:54,228 [main] INFO  impl.RaftServerImpl (RaftServerImpl.java:lambda$shutdown$3(251)) - 4a9a1aaf-f3a8-4fdd-8b2b-1094ba9be8f3@group-C04070C93A6A: shutdown
2019-09-24 02:33:54,229 [ForkJoinPool.commonPool-worker-0] INFO  impl.RaftServerImpl (RaftServerImpl.java:lambda$shutdown$3(251)) - 91e2a5f7-65a0-4f99-9d0a-256bd4104c43@group-CED085F05024: shutdown
2019-09-24 02:33:54,229 [main] INFO  util.JmxRegister (JmxRegister.java:unregister(73)) - Successfully un-registered JMX Bean with object name Ratis:service=RaftServer,group=group-C04070C93A6A,id=4a9a1aaf-f3a8-4fdd-8b2b-1094ba9be8f3
2019-09-24 02:33:54,229 [ForkJoinPool.commonPool-worker-0] INFO  util.JmxRegister (JmxRegister.java:unregister(73)) - Successfully un-registered JMX Bean with object name Ratis:service=RaftServer,group=group-CED085F05024,id=91e2a5f7-65a0-4f99-9d0a-256bd4104c43
2019-09-24 02:33:54,230 [main] INFO  impl.RoleInfo (RoleInfo.java:shutdownLeaderState(104)) - 4a9a1aaf-f3a8-4fdd-8b2b-1094ba9be8f3: shutdown LeaderState
2019-09-24 02:33:54,230 [ForkJoinPool.commonPool-worker-0] INFO  impl.RoleInfo (RoleInfo.java:shutdownFollowerState(121)) - 91e2a5f7-65a0-4f99-9d0a-256bd4104c43: shutdown FollowerState
2019-09-24 02:33:54,231 [main] INFO  impl.PendingRequests (PendingRequests.java:sendNotLeaderResponses(202)) - 4a9a1aaf-f3a8-4fdd-8b2b-1094ba9be8f3-PendingRequests: sendNotLeaderResponses
2019-09-24 02:33:54,231 [Thread-8014] INFO  impl.FollowerState (FollowerState.java:run(115)) - 91e2a5f7-65a0-4f99-9d0a-256bd4104c43: FollowerState was interrupted: java.lang.InterruptedException: sleep interrupted
2019-09-24 02:33:54,231 [ForkJoinPool.commonPool-worker-0] INFO  impl.StateMachineUpdater (StateMachineUpdater.java:stopAndJoin(125)) - 91e2a5f7-65a0-4f99-9d0a-256bd4104c43@group-CED085F05024-StateMachineUpdater: set stopIndex = 0
2019-09-24 02:33:54,232 [ForkJoinPool.commonPool-worker-0] INFO  impl.RaftServerImpl (ServerState.java:close(385)) - 91e2a5f7-65a0-4f99-9d0a-256bd4104c43@group-CED085F05024: closes. applyIndex: 0
2019-09-24 02:33:54,231 [main] INFO  impl.StateMachineUpdater (StateMachineUpdater.java:stopAndJoin(125)) - 4a9a1aaf-f3a8-4fdd-8b2b-1094ba9be8f3@group-C04070C93A6A-StateMachineUpdater: set stopIndex = 0
2019-09-24 02:33:54,233 [main] INFO  impl.RaftServerImpl (ServerState.java:close(385)) - 4a9a1aaf-f3a8-4fdd-8b2b-1094ba9be8f3@group-C04070C93A6A: closes. applyIndex: 0
2019-09-24 02:33:54,232 [91e2a5f7-65a0-4f99-9d0a-256bd4104c43@group-CED085F05024-SegmentedRaftLogWorker] INFO  segmented.SegmentedRaftLogWorker (SegmentedRaftLogWorker.java:run(313)) - 91e2a5f7-65a0-4f99-9d0a-256bd4104c43@group-CED085F05024-SegmentedRaftLogWorker was interrupted, exiting. There are 0 tasks remaining in the queue.
2019-09-24 02:33:54,233 [4a9a1aaf-f3a8-4fdd-8b2b-1094ba9be8f3@group-C04070C93A6A-SegmentedRaftLogWorker] INFO  segmented.SegmentedRaftLogWorker (SegmentedRaftLogWorker.java:run(313)) - 4a9a1aaf-f3a8-4fdd-8b2b-1094ba9be8f3@group-C04070C93A6A-SegmentedRaftLogWorker was interrupted, exiting. There are 0 tasks remaining in the queue.
2019-09-24 02:33:54,233 [ForkJoinPool.commonPool-worker-0] INFO  segmented.SegmentedRaftLogWorker (SegmentedRaftLogWorker.java:close(228)) - 91e2a5f7-65a0-4f99-9d0a-256bd4104c43@group-CED085F05024-SegmentedRaftLogWorker close()
2019-09-24 02:33:54,234 [main] INFO  segmented.SegmentedRaftLogWorker (SegmentedRaftLogWorker.java:close(228)) - 4a9a1aaf-f3a8-4fdd-8b2b-1094ba9be8f3@group-C04070C93A6A-SegmentedRaftLogWorker close()
2019-09-24 02:33:54,237 [ForkJoinPool.commonPool-worker-0] INFO  impl.RaftServerImpl (RaftServerImpl.java:lambda$shutdown$3(251)) - 91e2a5f7-65a0-4f99-9d0a-256bd4104c43@group-932B1F3D5362: shutdown
2019-09-24 02:33:54,240 [main] INFO  server.GrpcService (GrpcService.java:closeImpl(164)) - 4a9a1aaf-f3a8-4fdd-8b2b-1094ba9be8f3: shutdown server with port 33875 now
2019-09-24 02:33:54,240 [ForkJoinPool.commonPool-worker-0] INFO  util.JmxRegister (JmxRegister.java:unregister(73)) - Successfully un-registered JMX Bean with object name Ratis:service=RaftServer,group=group-932B1F3D5362,id=91e2a5f7-65a0-4f99-9d0a-256bd4104c43
2019-09-24 02:33:54,243 [ForkJoinPool.commonPool-worker-0] INFO  impl.RoleInfo (RoleInfo.java:shutdownLeaderState(104)) - 91e2a5f7-65a0-4f99-9d0a-256bd4104c43: shutdown LeaderState
2019-09-24 02:33:54,243 [main] INFO  server.GrpcService (GrpcService.java:closeImpl(172)) - 4a9a1aaf-f3a8-4fdd-8b2b-1094ba9be8f3: shutdown server with port 33875 successfully
2019-09-24 02:33:54,243 [ForkJoinPool.commonPool-worker-0] INFO  impl.PendingRequests (PendingRequests.java:sendNotLeaderResponses(202)) - 91e2a5f7-65a0-4f99-9d0a-256bd4104c43-PendingRequests: sendNotLeaderResponses
2019-09-24 02:33:54,244 [ForkJoinPool.commonPool-worker-0] INFO  impl.StateMachineUpdater (StateMachineUpdater.java:stopAndJoin(125)) - 91e2a5f7-65a0-4f99-9d0a-256bd4104c43@group-932B1F3D5362-StateMachineUpdater: set stopIndex = 0
2019-09-24 02:33:54,244 [ForkJoinPool.commonPool-worker-0] INFO  impl.RaftServerImpl (ServerState.java:close(385)) - 91e2a5f7-65a0-4f99-9d0a-256bd4104c43@group-932B1F3D5362: closes. applyIndex: 0
2019-09-24 02:33:54,245 [91e2a5f7-65a0-4f99-9d0a-256bd4104c43@group-932B1F3D5362-SegmentedRaftLogWorker] INFO  segmented.SegmentedRaftLogWorker (SegmentedRaftLogWorker.java:run(313)) - 91e2a5f7-65a0-4f99-9d0a-256bd4104c43@group-932B1F3D5362-SegmentedRaftLogWorker was interrupted, exiting. There are 0 tasks remaining in the queue.
2019-09-24 02:33:54,245 [ForkJoinPool.commonPool-worker-0] INFO  segmented.SegmentedRaftLogWorker (SegmentedRaftLogWorker.java:close(228)) - 91e2a5f7-65a0-4f99-9d0a-256bd4104c43@group-932B1F3D5362-SegmentedRaftLogWorker close()
2019-09-24 02:33:54,246 [refreshUsed-/workdir/hadoop-ozone/integration-test/target/test-dir/MiniOzoneClusterImpl-3bdd15fc-dee8-458b-a154-153c8414505a/datanode-9/data/containers] WARN  fs.CachingGetSpaceUsed (CachingGetSpaceUsed.java:run(183)) - Thread Interrupted waiting to refresh disk information: sleep interrupted
2019-09-24 02:33:54,248 [ForkJoinPool.commonPool-worker-0] INFO  server.GrpcService (GrpcService.java:closeImpl(164)) - 91e2a5f7-65a0-4f99-9d0a-256bd4104c43: shutdown server with port 38948 now
2019-09-24 02:33:54,249 [grpc-default-executor-11] WARN  server.GrpcServerProtocolService (LogUtils.java:warn(134)) - 91e2a5f7-65a0-4f99-9d0a-256bd4104c43: installSnapshot onError, lastRequest: 9d97adb7-296c-40d2-b831-3db9b0cbdbf9->91e2a5f7-65a0-4f99-9d0a-256bd4104c43#261-t1, previous=(t:1, i:0), leaderCommit=0, initializing? false, entries: <empty>: org.apache.ratis.thirdparty.io.grpc.StatusRuntimeException: CANCELLED: cancelled before receiving half close
2019-09-24 02:33:54,249 [ForkJoinPool.commonPool-worker-0] INFO  server.GrpcService (GrpcService.java:closeImpl(172)) - 91e2a5f7-65a0-4f99-9d0a-256bd4104c43: shutdown server with port 38948 successfully
2019-09-24 02:33:54,249 [grpc-default-executor-9] WARN  server.GrpcLogAppender (LogUtils.java:warn(134)) - 9d97adb7-296c-40d2-b831-3db9b0cbdbf9@group-CED085F05024->91e2a5f7-65a0-4f99-9d0a-256bd4104c43-AppendLogResponseHandler: Failed appendEntries: org.apache.ratis.thirdparty.io.grpc.StatusRuntimeException: CANCELLED: HTTP/2 error code: CANCEL
Received Rst Stream
2019-09-24 02:33:54,250 [grpc-default-executor-9] INFO  impl.FollowerInfo (FollowerInfo.java:lambda$new$0(51)) - 9d97adb7-296c-40d2-b831-3db9b0cbdbf9@group-CED085F05024->91e2a5f7-65a0-4f99-9d0a-256bd4104c43: nextIndex: updateUnconditionally 1 -> 0
2019-09-24 02:33:54,255 [refreshUsed-/workdir/hadoop-ozone/integration-test/target/test-dir/MiniOzoneClusterImpl-3bdd15fc-dee8-458b-a154-153c8414505a/datanode-0/data/containers] WARN  fs.CachingGetSpaceUsed (CachingGetSpaceUsed.java:run(183)) - Thread Interrupted waiting to refresh disk information: sleep interrupted
2019-09-24 02:33:54,265 [main] INFO  utils.BackgroundService (BackgroundService.java:shutdown(148)) - Shutting down service BlockDeletingService
2019-09-24 02:33:54,271 [main] INFO  statemachine.DatanodeStateMachine (DatanodeStateMachine.java:stopDaemon(395)) - Ozone container server stopped.
2019-09-24 02:33:54,276 [ForkJoinPool.commonPool-worker-0] INFO  utils.BackgroundService (BackgroundService.java:shutdown(148)) - Shutting down service BlockDeletingService
2019-09-24 02:33:54,281 [ForkJoinPool.commonPool-worker-0] INFO  statemachine.DatanodeStateMachine (DatanodeStateMachine.java:stopDaemon(395)) - Ozone container server stopped.
2019-09-24 02:33:54,285 [main] INFO  handler.ContextHandler (ContextHandler.java:doStop(910)) - Stopped o.e.j.w.WebAppContext@a056b26{/,null,UNAVAILABLE}{/hddsDatanode}
2019-09-24 02:33:54,287 [ForkJoinPool.commonPool-worker-0] INFO  handler.ContextHandler (ContextHandler.java:doStop(910)) - Stopped o.e.j.w.WebAppContext@454bcbbf{/,null,UNAVAILABLE}{/hddsDatanode}
2019-09-24 02:33:54,288 [main] INFO  server.AbstractConnector (AbstractConnector.java:doStop(318)) - Stopped ServerConnector@2a5abd3c{HTTP/1.1,[http/1.1]}{0.0.0.0:0}
2019-09-24 02:33:54,288 [ForkJoinPool.commonPool-worker-0] INFO  server.AbstractConnector (AbstractConnector.java:doStop(318)) - Stopped ServerConnector@2c9fdb64{HTTP/1.1,[http/1.1]}{0.0.0.0:0}
2019-09-24 02:33:54,288 [main] INFO  handler.ContextHandler (ContextHandler.java:doStop(910)) - Stopped o.e.j.s.ServletContextHandler@7a572ea0{/static,jar:file:/home/user/.m2/repository/org/apache/hadoop/hadoop-hdds-container-service/0.5.0-SNAPSHOT/hadoop-hdds-container-service-0.5.0-SNAPSHOT.jar!/webapps/static,UNAVAILABLE}
2019-09-24 02:33:54,290 [ForkJoinPool.commonPool-worker-0] INFO  handler.ContextHandler (ContextHandler.java:doStop(910)) - Stopped o.e.j.s.ServletContextHandler@6aea99e7{/static,jar:file:/home/user/.m2/repository/org/apache/hadoop/hadoop-hdds-container-service/0.5.0-SNAPSHOT/hadoop-hdds-container-service-0.5.0-SNAPSHOT.jar!/webapps/static,UNAVAILABLE}
2019-09-24 02:33:54,290 [main] INFO  handler.ContextHandler (ContextHandler.java:doStop(910)) - Stopped o.e.j.s.ServletContextHandler@1144a02b{/logs,file:///workdir/hadoop-ozone/integration-test/target/log,UNAVAILABLE}
2019-09-24 02:33:54,292 [ForkJoinPool.commonPool-worker-0] INFO  handler.ContextHandler (ContextHandler.java:doStop(910)) - Stopped o.e.j.s.ServletContextHandler@284990de{/logs,file:///workdir/hadoop-ozone/integration-test/target/log,UNAVAILABLE}
2019-09-24 02:33:54,308 [Datanode State Machine Thread - 0] INFO  statemachine.DatanodeStateMachine (DatanodeStateMachine.java:lambda$startDaemon$0(350)) - Ozone container server started.
2019-09-24 02:33:54,446 [Datanode State Machine Thread - 0] INFO  statemachine.DatanodeStateMachine (DatanodeStateMachine.java:lambda$startDaemon$0(350)) - Ozone container server started.
2019-09-24 02:33:54,455 [grpc-default-executor-10] WARN  server.GrpcLogAppender (LogUtils.java:warn(134)) - 9d97adb7-296c-40d2-b831-3db9b0cbdbf9@group-CED085F05024->556942d2-91e9-4f35-a4d7-9eaff3fbfacc-AppendLogResponseHandler: Failed appendEntries: org.apache.ratis.thirdparty.io.grpc.StatusRuntimeException: UNAVAILABLE: io exception
2019-09-24 02:33:54,455 [grpc-default-executor-10] INFO  impl.FollowerInfo (FollowerInfo.java:lambda$new$0(51)) - 9d97adb7-296c-40d2-b831-3db9b0cbdbf9@group-CED085F05024->556942d2-91e9-4f35-a4d7-9eaff3fbfacc: nextIndex: updateUnconditionally 0 -> 0
2019-09-24 02:33:54,480 [grpc-default-executor-11] WARN  server.GrpcLogAppender (LogUtils.java:warn(134)) - 9d97adb7-296c-40d2-b831-3db9b0cbdbf9@group-CED085F05024->91e2a5f7-65a0-4f99-9d0a-256bd4104c43-AppendLogResponseHandler: Failed appendEntries: org.apache.ratis.thirdparty.io.grpc.StatusRuntimeException: UNAVAILABLE: io exception
2019-09-24 02:33:54,481 [grpc-default-executor-11] INFO  impl.FollowerInfo (FollowerInfo.java:lambda$new$0(51)) - 9d97adb7-296c-40d2-b831-3db9b0cbdbf9@group-CED085F05024->91e2a5f7-65a0-4f99-9d0a-256bd4104c43: nextIndex: updateUnconditionally 0 -> 0
2019-09-24 02:33:54,599 [Thread-9564] INFO  impl.FollowerState (FollowerState.java:run(106)) - a7fc6e90-75b2-4f8f-bf01-6e094d7f48f9:group-0E5E712D3A28 changes to CANDIDATE, lastRpcTime:1149, electionTimeout:1149ms
2019-09-24 02:33:54,599 [Thread-9564] INFO  impl.RoleInfo (RoleInfo.java:shutdownFollowerState(121)) - a7fc6e90-75b2-4f8f-bf01-6e094d7f48f9: shutdown FollowerState
2019-09-24 02:33:54,599 [Thread-9564] INFO  impl.RaftServerImpl (RaftServerImpl.java:setRole(174)) - a7fc6e90-75b2-4f8f-bf01-6e094d7f48f9@group-0E5E712D3A28: changes role from  FOLLOWER to CANDIDATE at term 5 for changeToCandidate
2019-09-24 02:33:54,599 [Thread-9564] INFO  impl.RoleInfo (RoleInfo.java:updateAndGet(143)) - a7fc6e90-75b2-4f8f-bf01-6e094d7f48f9: start LeaderElection
2019-09-24 02:33:54,633 [a7fc6e90-75b2-4f8f-bf01-6e094d7f48f9@group-0E5E712D3A28:LeaderElection121] INFO  impl.LeaderElection (LeaderElection.java:askForVotes(182)) - a7fc6e90-75b2-4f8f-bf01-6e094d7f48f9@group-0E5E712D3A28:LeaderElection121: begin an election at term 6 for 0: [c1e062fb-0f4f-4fe4-a9d2-4bfe6af489a8:192.168.151.121:36311, 8eea7e4f-d008-4d85-a505-6e9b586abbfe:192.168.151.121:42114, a7fc6e90-75b2-4f8f-bf01-6e094d7f48f9:192.168.151.121:34093], old=null
2019-09-24 02:33:54,634 [a7fc6e90-75b2-4f8f-bf01-6e094d7f48f9@group-0E5E712D3A28:LeaderElection121] INFO  impl.LeaderElection (LogUtils.java:infoOrTrace(149)) - a7fc6e90-75b2-4f8f-bf01-6e094d7f48f9@group-0E5E712D3A28:LeaderElection121 got exception when requesting votes: {}
java.util.concurrent.ExecutionException: org.apache.ratis.thirdparty.io.grpc.StatusRuntimeException: UNAVAILABLE: io exception
	at java.util.concurrent.FutureTask.report(FutureTask.java:122)
	at java.util.concurrent.FutureTask.get(FutureTask.java:192)
	at org.apache.ratis.server.impl.LeaderElection.waitForResults(LeaderElection.java:263)
	at org.apache.ratis.server.impl.LeaderElection.askForVotes(LeaderElection.java:201)
	at org.apache.ratis.server.impl.LeaderElection.run(LeaderElection.java:133)
	at java.lang.Thread.run(Thread.java:748)
Caused by: org.apache.ratis.thirdparty.io.grpc.StatusRuntimeException: UNAVAILABLE: io exception
	at org.apache.ratis.thirdparty.io.grpc.stub.ClientCalls.toStatusRuntimeException(ClientCalls.java:233)
	at org.apache.ratis.thirdparty.io.grpc.stub.ClientCalls.getUnchecked(ClientCalls.java:214)
	at org.apache.ratis.thirdparty.io.grpc.stub.ClientCalls.blockingUnaryCall(ClientCalls.java:139)
	at org.apache.ratis.proto.grpc.RaftServerProtocolServiceGrpc$RaftServerProtocolServiceBlockingStub.requestVote(RaftServerProtocolServiceGrpc.java:265)
	at org.apache.ratis.grpc.server.GrpcServerProtocolClient.requestVote(GrpcServerProtocolClient.java:90)
	at org.apache.ratis.grpc.server.GrpcService.requestVote(GrpcService.java:204)
	at org.apache.ratis.server.impl.LeaderElection.lambda$submitRequests$1(LeaderElection.java:238)
	at java.util.concurrent.FutureTask.run(FutureTask.java:266)
	at java.util.concurrent.Executors$RunnableAdapter.call(Executors.java:511)
	at java.util.concurrent.FutureTask.run(FutureTask.java:266)
	at java.util.concurrent.ThreadPoolExecutor.runWorker(ThreadPoolExecutor.java:1149)
	at java.util.concurrent.ThreadPoolExecutor$Worker.run(ThreadPoolExecutor.java:624)
	... 1 more
Caused by: org.apache.ratis.thirdparty.io.netty.channel.AbstractChannel$AnnotatedConnectException: Connection refused: /192.168.151.121:42114
	at sun.nio.ch.SocketChannelImpl.checkConnect(Native Method)
	at sun.nio.ch.SocketChannelImpl.finishConnect(SocketChannelImpl.java:717)
	at org.apache.ratis.thirdparty.io.netty.channel.socket.nio.NioSocketChannel.doFinishConnect(NioSocketChannel.java:327)
	at org.apache.ratis.thirdparty.io.netty.channel.nio.AbstractNioChannel$AbstractNioUnsafe.finishConnect(AbstractNioChannel.java:340)
	at org.apache.ratis.thirdparty.io.netty.channel.nio.NioEventLoop.processSelectedKey(NioEventLoop.java:632)
	at org.apache.ratis.thirdparty.io.netty.channel.nio.NioEventLoop.processSelectedKeysOptimized(NioEventLoop.java:579)
	at org.apache.ratis.thirdparty.io.netty.channel.nio.NioEventLoop.processSelectedKeys(NioEventLoop.java:496)
	at org.apache.ratis.thirdparty.io.netty.channel.nio.NioEventLoop.run(NioEventLoop.java:458)
	at org.apache.ratis.thirdparty.io.netty.util.concurrent.SingleThreadEventExecutor$5.run(SingleThreadEventExecutor.java:897)
	at org.apache.ratis.thirdparty.io.netty.util.concurrent.FastThreadLocalRunnable.run(FastThreadLocalRunnable.java:30)
	... 1 more
Caused by: java.net.ConnectException: Connection refused
	... 11 more
2019-09-24 02:33:54,636 [a7fc6e90-75b2-4f8f-bf01-6e094d7f48f9@group-0E5E712D3A28:LeaderElection121] INFO  impl.LeaderElection (LogUtils.java:infoOrTrace(149)) - a7fc6e90-75b2-4f8f-bf01-6e094d7f48f9@group-0E5E712D3A28:LeaderElection121 got exception when requesting votes: {}
java.util.concurrent.ExecutionException: org.apache.ratis.thirdparty.io.grpc.StatusRuntimeException: UNAVAILABLE: io exception
	at java.util.concurrent.FutureTask.report(FutureTask.java:122)
	at java.util.concurrent.FutureTask.get(FutureTask.java:192)
	at org.apache.ratis.server.impl.LeaderElection.waitForResults(LeaderElection.java:263)
	at org.apache.ratis.server.impl.LeaderElection.askForVotes(LeaderElection.java:201)
	at org.apache.ratis.server.impl.LeaderElection.run(LeaderElection.java:133)
	at java.lang.Thread.run(Thread.java:748)
Caused by: org.apache.ratis.thirdparty.io.grpc.StatusRuntimeException: UNAVAILABLE: io exception
	at org.apache.ratis.thirdparty.io.grpc.stub.ClientCalls.toStatusRuntimeException(ClientCalls.java:233)
	at org.apache.ratis.thirdparty.io.grpc.stub.ClientCalls.getUnchecked(ClientCalls.java:214)
	at org.apache.ratis.thirdparty.io.grpc.stub.ClientCalls.blockingUnaryCall(ClientCalls.java:139)
	at org.apache.ratis.proto.grpc.RaftServerProtocolServiceGrpc$RaftServerProtocolServiceBlockingStub.requestVote(RaftServerProtocolServiceGrpc.java:265)
	at org.apache.ratis.grpc.server.GrpcServerProtocolClient.requestVote(GrpcServerProtocolClient.java:90)
	at org.apache.ratis.grpc.server.GrpcService.requestVote(GrpcService.java:204)
	at org.apache.ratis.server.impl.LeaderElection.lambda$submitRequests$1(LeaderElection.java:238)
	at java.util.concurrent.FutureTask.run(FutureTask.java:266)
	at java.util.concurrent.Executors$RunnableAdapter.call(Executors.java:511)
	at java.util.concurrent.FutureTask.run(FutureTask.java:266)
	at java.util.concurrent.ThreadPoolExecutor.runWorker(ThreadPoolExecutor.java:1149)
	at java.util.concurrent.ThreadPoolExecutor$Worker.run(ThreadPoolExecutor.java:624)
	... 1 more
Caused by: org.apache.ratis.thirdparty.io.netty.channel.AbstractChannel$AnnotatedConnectException: Connection refused: /192.168.151.121:36311
	at sun.nio.ch.SocketChannelImpl.checkConnect(Native Method)
	at sun.nio.ch.SocketChannelImpl.finishConnect(SocketChannelImpl.java:717)
	at org.apache.ratis.thirdparty.io.netty.channel.socket.nio.NioSocketChannel.doFinishConnect(NioSocketChannel.java:327)
	at org.apache.ratis.thirdparty.io.netty.channel.nio.AbstractNioChannel$AbstractNioUnsafe.finishConnect(AbstractNioChannel.java:340)
	at org.apache.ratis.thirdparty.io.netty.channel.nio.NioEventLoop.processSelectedKey(NioEventLoop.java:632)
	at org.apache.ratis.thirdparty.io.netty.channel.nio.NioEventLoop.processSelectedKeysOptimized(NioEventLoop.java:579)
	at org.apache.ratis.thirdparty.io.netty.channel.nio.NioEventLoop.processSelectedKeys(NioEventLoop.java:496)
	at org.apache.ratis.thirdparty.io.netty.channel.nio.NioEventLoop.run(NioEventLoop.java:458)
	at org.apache.ratis.thirdparty.io.netty.util.concurrent.SingleThreadEventExecutor$5.run(SingleThreadEventExecutor.java:897)
	at org.apache.ratis.thirdparty.io.netty.util.concurrent.FastThreadLocalRunnable.run(FastThreadLocalRunnable.java:30)
	... 1 more
Caused by: java.net.ConnectException: Connection refused
	... 11 more
2019-09-24 02:33:54,638 [a7fc6e90-75b2-4f8f-bf01-6e094d7f48f9@group-0E5E712D3A28:LeaderElection121] INFO  impl.LeaderElection (LeaderElection.java:logAndReturn(56)) - a7fc6e90-75b2-4f8f-bf01-6e094d7f48f9@group-0E5E712D3A28:LeaderElection121: Election REJECTED; received 0 response(s) [] and 2 exception(s); a7fc6e90-75b2-4f8f-bf01-6e094d7f48f9@group-0E5E712D3A28:t6, leader=null, voted=a7fc6e90-75b2-4f8f-bf01-6e094d7f48f9, raftlog=a7fc6e90-75b2-4f8f-bf01-6e094d7f48f9@group-0E5E712D3A28-SegmentedRaftLog:OPENED:c0,f0,i0, conf=0: [c1e062fb-0f4f-4fe4-a9d2-4bfe6af489a8:192.168.151.121:36311, 8eea7e4f-d008-4d85-a505-6e9b586abbfe:192.168.151.121:42114, a7fc6e90-75b2-4f8f-bf01-6e094d7f48f9:192.168.151.121:34093], old=null
2019-09-24 02:33:54,638 [a7fc6e90-75b2-4f8f-bf01-6e094d7f48f9@group-0E5E712D3A28:LeaderElection121] INFO  impl.LeaderElection (LogUtils.java:infoOrTrace(149)) -   Exception 0: {}
java.util.concurrent.ExecutionException: org.apache.ratis.thirdparty.io.grpc.StatusRuntimeException: UNAVAILABLE: io exception
	at java.util.concurrent.FutureTask.report(FutureTask.java:122)
	at java.util.concurrent.FutureTask.get(FutureTask.java:192)
	at org.apache.ratis.server.impl.LeaderElection.waitForResults(LeaderElection.java:263)
	at org.apache.ratis.server.impl.LeaderElection.askForVotes(LeaderElection.java:201)
	at org.apache.ratis.server.impl.LeaderElection.run(LeaderElection.java:133)
	at java.lang.Thread.run(Thread.java:748)
Caused by: org.apache.ratis.thirdparty.io.grpc.StatusRuntimeException: UNAVAILABLE: io exception
	at org.apache.ratis.thirdparty.io.grpc.stub.ClientCalls.toStatusRuntimeException(ClientCalls.java:233)
	at org.apache.ratis.thirdparty.io.grpc.stub.ClientCalls.getUnchecked(ClientCalls.java:214)
	at org.apache.ratis.thirdparty.io.grpc.stub.ClientCalls.blockingUnaryCall(ClientCalls.java:139)
	at org.apache.ratis.proto.grpc.RaftServerProtocolServiceGrpc$RaftServerProtocolServiceBlockingStub.requestVote(RaftServerProtocolServiceGrpc.java:265)
	at org.apache.ratis.grpc.server.GrpcServerProtocolClient.requestVote(GrpcServerProtocolClient.java:90)
	at org.apache.ratis.grpc.server.GrpcService.requestVote(GrpcService.java:204)
	at org.apache.ratis.server.impl.LeaderElection.lambda$submitRequests$1(LeaderElection.java:238)
	at java.util.concurrent.FutureTask.run(FutureTask.java:266)
	at java.util.concurrent.Executors$RunnableAdapter.call(Executors.java:511)
	at java.util.concurrent.FutureTask.run(FutureTask.java:266)
	at java.util.concurrent.ThreadPoolExecutor.runWorker(ThreadPoolExecutor.java:1149)
	at java.util.concurrent.ThreadPoolExecutor$Worker.run(ThreadPoolExecutor.java:624)
	... 1 more
Caused by: org.apache.ratis.thirdparty.io.netty.channel.AbstractChannel$AnnotatedConnectException: Connection refused: /192.168.151.121:42114
	at sun.nio.ch.SocketChannelImpl.checkConnect(Native Method)
	at sun.nio.ch.SocketChannelImpl.finishConnect(SocketChannelImpl.java:717)
	at org.apache.ratis.thirdparty.io.netty.channel.socket.nio.NioSocketChannel.doFinishConnect(NioSocketChannel.java:327)
	at org.apache.ratis.thirdparty.io.netty.channel.nio.AbstractNioChannel$AbstractNioUnsafe.finishConnect(AbstractNioChannel.java:340)
	at org.apache.ratis.thirdparty.io.netty.channel.nio.NioEventLoop.processSelectedKey(NioEventLoop.java:632)
	at org.apache.ratis.thirdparty.io.netty.channel.nio.NioEventLoop.processSelectedKeysOptimized(NioEventLoop.java:579)
	at org.apache.ratis.thirdparty.io.netty.channel.nio.NioEventLoop.processSelectedKeys(NioEventLoop.java:496)
	at org.apache.ratis.thirdparty.io.netty.channel.nio.NioEventLoop.run(NioEventLoop.java:458)
	at org.apache.ratis.thirdparty.io.netty.util.concurrent.SingleThreadEventExecutor$5.run(SingleThreadEventExecutor.java:897)
	at org.apache.ratis.thirdparty.io.netty.util.concurrent.FastThreadLocalRunnable.run(FastThreadLocalRunnable.java:30)
	... 1 more
Caused by: java.net.ConnectException: Connection refused
	... 11 more
2019-09-24 02:33:54,639 [a7fc6e90-75b2-4f8f-bf01-6e094d7f48f9@group-0E5E712D3A28:LeaderElection121] INFO  impl.LeaderElection (LogUtils.java:infoOrTrace(149)) -   Exception 1: {}
java.util.concurrent.ExecutionException: org.apache.ratis.thirdparty.io.grpc.StatusRuntimeException: UNAVAILABLE: io exception
	at java.util.concurrent.FutureTask.report(FutureTask.java:122)
	at java.util.concurrent.FutureTask.get(FutureTask.java:192)
	at org.apache.ratis.server.impl.LeaderElection.waitForResults(LeaderElection.java:263)
	at org.apache.ratis.server.impl.LeaderElection.askForVotes(LeaderElection.java:201)
	at org.apache.ratis.server.impl.LeaderElection.run(LeaderElection.java:133)
	at java.lang.Thread.run(Thread.java:748)
Caused by: org.apache.ratis.thirdparty.io.grpc.StatusRuntimeException: UNAVAILABLE: io exception
	at org.apache.ratis.thirdparty.io.grpc.stub.ClientCalls.toStatusRuntimeException(ClientCalls.java:233)
	at org.apache.ratis.thirdparty.io.grpc.stub.ClientCalls.getUnchecked(ClientCalls.java:214)
	at org.apache.ratis.thirdparty.io.grpc.stub.ClientCalls.blockingUnaryCall(ClientCalls.java:139)
	at org.apache.ratis.proto.grpc.RaftServerProtocolServiceGrpc$RaftServerProtocolServiceBlockingStub.requestVote(RaftServerProtocolServiceGrpc.java:265)
	at org.apache.ratis.grpc.server.GrpcServerProtocolClient.requestVote(GrpcServerProtocolClient.java:90)
	at org.apache.ratis.grpc.server.GrpcService.requestVote(GrpcService.java:204)
	at org.apache.ratis.server.impl.LeaderElection.lambda$submitRequests$1(LeaderElection.java:238)
	at java.util.concurrent.FutureTask.run(FutureTask.java:266)
	at java.util.concurrent.Executors$RunnableAdapter.call(Executors.java:511)
	at java.util.concurrent.FutureTask.run(FutureTask.java:266)
	at java.util.concurrent.ThreadPoolExecutor.runWorker(ThreadPoolExecutor.java:1149)
	at java.util.concurrent.ThreadPoolExecutor$Worker.run(ThreadPoolExecutor.java:624)
	... 1 more
Caused by: org.apache.ratis.thirdparty.io.netty.channel.AbstractChannel$AnnotatedConnectException: Connection refused: /192.168.151.121:36311
	at sun.nio.ch.SocketChannelImpl.checkConnect(Native Method)
	at sun.nio.ch.SocketChannelImpl.finishConnect(SocketChannelImpl.java:717)
	at org.apache.ratis.thirdparty.io.netty.channel.socket.nio.NioSocketChannel.doFinishConnect(NioSocketChannel.java:327)
	at org.apache.ratis.thirdparty.io.netty.channel.nio.AbstractNioChannel$AbstractNioUnsafe.finishConnect(AbstractNioChannel.java:340)
	at org.apache.ratis.thirdparty.io.netty.channel.nio.NioEventLoop.processSelectedKey(NioEventLoop.java:632)
	at org.apache.ratis.thirdparty.io.netty.channel.nio.NioEventLoop.processSelectedKeysOptimized(NioEventLoop.java:579)
	at org.apache.ratis.thirdparty.io.netty.channel.nio.NioEventLoop.processSelectedKeys(NioEventLoop.java:496)
	at org.apache.ratis.thirdparty.io.netty.channel.nio.NioEventLoop.run(NioEventLoop.java:458)
	at org.apache.ratis.thirdparty.io.netty.util.concurrent.SingleThreadEventExecutor$5.run(SingleThreadEventExecutor.java:897)
	at org.apache.ratis.thirdparty.io.netty.util.concurrent.FastThreadLocalRunnable.run(FastThreadLocalRunnable.java:30)
	... 1 more
Caused by: java.net.ConnectException: Connection refused
	... 11 more
2019-09-24 02:33:54,639 [a7fc6e90-75b2-4f8f-bf01-6e094d7f48f9@group-0E5E712D3A28:LeaderElection121] INFO  impl.RaftServerImpl (RaftServerImpl.java:setRole(174)) - a7fc6e90-75b2-4f8f-bf01-6e094d7f48f9@group-0E5E712D3A28: changes role from CANDIDATE to FOLLOWER at term 6 for DISCOVERED_A_NEW_TERM
2019-09-24 02:33:54,639 [a7fc6e90-75b2-4f8f-bf01-6e094d7f48f9@group-0E5E712D3A28:LeaderElection121] INFO  impl.RoleInfo (RoleInfo.java:shutdownLeaderElection(134)) - a7fc6e90-75b2-4f8f-bf01-6e094d7f48f9: shutdown LeaderElection
2019-09-24 02:33:54,639 [a7fc6e90-75b2-4f8f-bf01-6e094d7f48f9@group-0E5E712D3A28:LeaderElection121] INFO  impl.RoleInfo (RoleInfo.java:updateAndGet(143)) - a7fc6e90-75b2-4f8f-bf01-6e094d7f48f9: start FollowerState
2019-09-24 02:33:54,958 [grpc-default-executor-9] WARN  server.GrpcLogAppender (LogUtils.java:warn(134)) - 9d97adb7-296c-40d2-b831-3db9b0cbdbf9@group-CED085F05024->556942d2-91e9-4f35-a4d7-9eaff3fbfacc-AppendLogResponseHandler: Failed appendEntries: org.apache.ratis.thirdparty.io.grpc.StatusRuntimeException: UNAVAILABLE: io exception
2019-09-24 02:33:54,960 [grpc-default-executor-9] INFO  impl.FollowerInfo (FollowerInfo.java:lambda$new$0(51)) - 9d97adb7-296c-40d2-b831-3db9b0cbdbf9@group-CED085F05024->556942d2-91e9-4f35-a4d7-9eaff3fbfacc: nextIndex: updateUnconditionally 0 -> 0
2019-09-24 02:33:54,981 [grpc-default-executor-10] WARN  server.GrpcLogAppender (LogUtils.java:warn(134)) - 9d97adb7-296c-40d2-b831-3db9b0cbdbf9@group-CED085F05024->91e2a5f7-65a0-4f99-9d0a-256bd4104c43-AppendLogResponseHandler: Failed appendEntries: org.apache.ratis.thirdparty.io.grpc.StatusRuntimeException: UNAVAILABLE: io exception
2019-09-24 02:33:54,981 [grpc-default-executor-10] INFO  impl.FollowerInfo (FollowerInfo.java:lambda$new$0(51)) - 9d97adb7-296c-40d2-b831-3db9b0cbdbf9@group-CED085F05024->91e2a5f7-65a0-4f99-9d0a-256bd4104c43: nextIndex: updateUnconditionally 0 -> 0
2019-09-24 02:33:55,456 [grpc-default-executor-10] WARN  server.GrpcLogAppender (LogUtils.java:warn(134)) - 9d97adb7-296c-40d2-b831-3db9b0cbdbf9@group-CED085F05024->556942d2-91e9-4f35-a4d7-9eaff3fbfacc-AppendLogResponseHandler: Failed appendEntries: org.apache.ratis.thirdparty.io.grpc.StatusRuntimeException: UNAVAILABLE: io exception
2019-09-24 02:33:55,457 [grpc-default-executor-10] INFO  impl.FollowerInfo (FollowerInfo.java:lambda$new$0(51)) - 9d97adb7-296c-40d2-b831-3db9b0cbdbf9@group-CED085F05024->556942d2-91e9-4f35-a4d7-9eaff3fbfacc: nextIndex: updateUnconditionally 0 -> 0
2019-09-24 02:33:55,481 [grpc-default-executor-11] WARN  server.GrpcLogAppender (LogUtils.java:warn(134)) - 9d97adb7-296c-40d2-b831-3db9b0cbdbf9@group-CED085F05024->91e2a5f7-65a0-4f99-9d0a-256bd4104c43-AppendLogResponseHandler: Failed appendEntries: org.apache.ratis.thirdparty.io.grpc.StatusRuntimeException: UNAVAILABLE: io exception
2019-09-24 02:33:55,482 [grpc-default-executor-11] INFO  impl.FollowerInfo (FollowerInfo.java:lambda$new$0(51)) - 9d97adb7-296c-40d2-b831-3db9b0cbdbf9@group-CED085F05024->91e2a5f7-65a0-4f99-9d0a-256bd4104c43: nextIndex: updateUnconditionally 0 -> 0
2019-09-24 02:33:55,750 [Thread-9570] INFO  impl.FollowerState (FollowerState.java:run(106)) - a7fc6e90-75b2-4f8f-bf01-6e094d7f48f9:group-0E5E712D3A28 changes to CANDIDATE, lastRpcTime:1110, electionTimeout:1110ms
2019-09-24 02:33:55,750 [Thread-9570] INFO  impl.RoleInfo (RoleInfo.java:shutdownFollowerState(121)) - a7fc6e90-75b2-4f8f-bf01-6e094d7f48f9: shutdown FollowerState
2019-09-24 02:33:55,750 [Thread-9570] INFO  impl.RaftServerImpl (RaftServerImpl.java:setRole(174)) - a7fc6e90-75b2-4f8f-bf01-6e094d7f48f9@group-0E5E712D3A28: changes role from  FOLLOWER to CANDIDATE at term 6 for changeToCandidate
2019-09-24 02:33:55,750 [Thread-9570] INFO  impl.RoleInfo (RoleInfo.java:updateAndGet(143)) - a7fc6e90-75b2-4f8f-bf01-6e094d7f48f9: start LeaderElection
2019-09-24 02:33:55,764 [a7fc6e90-75b2-4f8f-bf01-6e094d7f48f9@group-0E5E712D3A28:LeaderElection122] INFO  impl.LeaderElection (LeaderElection.java:askForVotes(182)) - a7fc6e90-75b2-4f8f-bf01-6e094d7f48f9@group-0E5E712D3A28:LeaderElection122: begin an election at term 7 for 0: [c1e062fb-0f4f-4fe4-a9d2-4bfe6af489a8:192.168.151.121:36311, 8eea7e4f-d008-4d85-a505-6e9b586abbfe:192.168.151.121:42114, a7fc6e90-75b2-4f8f-bf01-6e094d7f48f9:192.168.151.121:34093], old=null
2019-09-24 02:33:55,766 [a7fc6e90-75b2-4f8f-bf01-6e094d7f48f9@group-0E5E712D3A28:LeaderElection122] INFO  impl.LeaderElection (LogUtils.java:infoOrTrace(149)) - a7fc6e90-75b2-4f8f-bf01-6e094d7f48f9@group-0E5E712D3A28:LeaderElection122 got exception when requesting votes: {}
java.util.concurrent.ExecutionException: org.apache.ratis.thirdparty.io.grpc.StatusRuntimeException: UNAVAILABLE: io exception
	at java.util.concurrent.FutureTask.report(FutureTask.java:122)
	at java.util.concurrent.FutureTask.get(FutureTask.java:192)
	at org.apache.ratis.server.impl.LeaderElection.waitForResults(LeaderElection.java:263)
	at org.apache.ratis.server.impl.LeaderElection.askForVotes(LeaderElection.java:201)
	at org.apache.ratis.server.impl.LeaderElection.run(LeaderElection.java:133)
	at java.lang.Thread.run(Thread.java:748)
Caused by: org.apache.ratis.thirdparty.io.grpc.StatusRuntimeException: UNAVAILABLE: io exception
	at org.apache.ratis.thirdparty.io.grpc.stub.ClientCalls.toStatusRuntimeException(ClientCalls.java:233)
	at org.apache.ratis.thirdparty.io.grpc.stub.ClientCalls.getUnchecked(ClientCalls.java:214)
	at org.apache.ratis.thirdparty.io.grpc.stub.ClientCalls.blockingUnaryCall(ClientCalls.java:139)
	at org.apache.ratis.proto.grpc.RaftServerProtocolServiceGrpc$RaftServerProtocolServiceBlockingStub.requestVote(RaftServerProtocolServiceGrpc.java:265)
	at org.apache.ratis.grpc.server.GrpcServerProtocolClient.requestVote(GrpcServerProtocolClient.java:90)
	at org.apache.ratis.grpc.server.GrpcService.requestVote(GrpcService.java:204)
	at org.apache.ratis.server.impl.LeaderElection.lambda$submitRequests$1(LeaderElection.java:238)
	at java.util.concurrent.FutureTask.run(FutureTask.java:266)
	at java.util.concurrent.Executors$RunnableAdapter.call(Executors.java:511)
	at java.util.concurrent.FutureTask.run(FutureTask.java:266)
	at java.util.concurrent.ThreadPoolExecutor.runWorker(ThreadPoolExecutor.java:1149)
	at java.util.concurrent.ThreadPoolExecutor$Worker.run(ThreadPoolExecutor.java:624)
	... 1 more
Caused by: org.apache.ratis.thirdparty.io.netty.channel.AbstractChannel$AnnotatedConnectException: Connection refused: /192.168.151.121:36311
	at sun.nio.ch.SocketChannelImpl.checkConnect(Native Method)
	at sun.nio.ch.SocketChannelImpl.finishConnect(SocketChannelImpl.java:717)
	at org.apache.ratis.thirdparty.io.netty.channel.socket.nio.NioSocketChannel.doFinishConnect(NioSocketChannel.java:327)
	at org.apache.ratis.thirdparty.io.netty.channel.nio.AbstractNioChannel$AbstractNioUnsafe.finishConnect(AbstractNioChannel.java:340)
	at org.apache.ratis.thirdparty.io.netty.channel.nio.NioEventLoop.processSelectedKey(NioEventLoop.java:632)
	at org.apache.ratis.thirdparty.io.netty.channel.nio.NioEventLoop.processSelectedKeysOptimized(NioEventLoop.java:579)
	at org.apache.ratis.thirdparty.io.netty.channel.nio.NioEventLoop.processSelectedKeys(NioEventLoop.java:496)
	at org.apache.ratis.thirdparty.io.netty.channel.nio.NioEventLoop.run(NioEventLoop.java:458)
	at org.apache.ratis.thirdparty.io.netty.util.concurrent.SingleThreadEventExecutor$5.run(SingleThreadEventExecutor.java:897)
	at org.apache.ratis.thirdparty.io.netty.util.concurrent.FastThreadLocalRunnable.run(FastThreadLocalRunnable.java:30)
	... 1 more
Caused by: java.net.ConnectException: Connection refused
	... 11 more
2019-09-24 02:33:55,769 [a7fc6e90-75b2-4f8f-bf01-6e094d7f48f9@group-0E5E712D3A28:LeaderElection122] INFO  impl.LeaderElection (LogUtils.java:infoOrTrace(149)) - a7fc6e90-75b2-4f8f-bf01-6e094d7f48f9@group-0E5E712D3A28:LeaderElection122 got exception when requesting votes: {}
java.util.concurrent.ExecutionException: org.apache.ratis.thirdparty.io.grpc.StatusRuntimeException: UNAVAILABLE: io exception
	at java.util.concurrent.FutureTask.report(FutureTask.java:122)
	at java.util.concurrent.FutureTask.get(FutureTask.java:192)
	at org.apache.ratis.server.impl.LeaderElection.waitForResults(LeaderElection.java:263)
	at org.apache.ratis.server.impl.LeaderElection.askForVotes(LeaderElection.java:201)
	at org.apache.ratis.server.impl.LeaderElection.run(LeaderElection.java:133)
	at java.lang.Thread.run(Thread.java:748)
Caused by: org.apache.ratis.thirdparty.io.grpc.StatusRuntimeException: UNAVAILABLE: io exception
	at org.apache.ratis.thirdparty.io.grpc.stub.ClientCalls.toStatusRuntimeException(ClientCalls.java:233)
	at org.apache.ratis.thirdparty.io.grpc.stub.ClientCalls.getUnchecked(ClientCalls.java:214)
	at org.apache.ratis.thirdparty.io.grpc.stub.ClientCalls.blockingUnaryCall(ClientCalls.java:139)
	at org.apache.ratis.proto.grpc.RaftServerProtocolServiceGrpc$RaftServerProtocolServiceBlockingStub.requestVote(RaftServerProtocolServiceGrpc.java:265)
	at org.apache.ratis.grpc.server.GrpcServerProtocolClient.requestVote(GrpcServerProtocolClient.java:90)
	at org.apache.ratis.grpc.server.GrpcService.requestVote(GrpcService.java:204)
	at org.apache.ratis.server.impl.LeaderElection.lambda$submitRequests$1(LeaderElection.java:238)
	at java.util.concurrent.FutureTask.run(FutureTask.java:266)
	at java.util.concurrent.Executors$RunnableAdapter.call(Executors.java:511)
	at java.util.concurrent.FutureTask.run(FutureTask.java:266)
	at java.util.concurrent.ThreadPoolExecutor.runWorker(ThreadPoolExecutor.java:1149)
	at java.util.concurrent.ThreadPoolExecutor$Worker.run(ThreadPoolExecutor.java:624)
	... 1 more
Caused by: org.apache.ratis.thirdparty.io.netty.channel.AbstractChannel$AnnotatedConnectException: Connection refused: /192.168.151.121:42114
	at sun.nio.ch.SocketChannelImpl.checkConnect(Native Method)
	at sun.nio.ch.SocketChannelImpl.finishConnect(SocketChannelImpl.java:717)
	at org.apache.ratis.thirdparty.io.netty.channel.socket.nio.NioSocketChannel.doFinishConnect(NioSocketChannel.java:327)
	at org.apache.ratis.thirdparty.io.netty.channel.nio.AbstractNioChannel$AbstractNioUnsafe.finishConnect(AbstractNioChannel.java:340)
	at org.apache.ratis.thirdparty.io.netty.channel.nio.NioEventLoop.processSelectedKey(NioEventLoop.java:632)
	at org.apache.ratis.thirdparty.io.netty.channel.nio.NioEventLoop.processSelectedKeysOptimized(NioEventLoop.java:579)
	at org.apache.ratis.thirdparty.io.netty.channel.nio.NioEventLoop.processSelectedKeys(NioEventLoop.java:496)
	at org.apache.ratis.thirdparty.io.netty.channel.nio.NioEventLoop.run(NioEventLoop.java:458)
	at org.apache.ratis.thirdparty.io.netty.util.concurrent.SingleThreadEventExecutor$5.run(SingleThreadEventExecutor.java:897)
	at org.apache.ratis.thirdparty.io.netty.util.concurrent.FastThreadLocalRunnable.run(FastThreadLocalRunnable.java:30)
	... 1 more
Caused by: java.net.ConnectException: Connection refused
	... 11 more
2019-09-24 02:33:55,771 [a7fc6e90-75b2-4f8f-bf01-6e094d7f48f9@group-0E5E712D3A28:LeaderElection122] INFO  impl.LeaderElection (LeaderElection.java:logAndReturn(56)) - a7fc6e90-75b2-4f8f-bf01-6e094d7f48f9@group-0E5E712D3A28:LeaderElection122: Election REJECTED; received 0 response(s) [] and 2 exception(s); a7fc6e90-75b2-4f8f-bf01-6e094d7f48f9@group-0E5E712D3A28:t7, leader=null, voted=a7fc6e90-75b2-4f8f-bf01-6e094d7f48f9, raftlog=a7fc6e90-75b2-4f8f-bf01-6e094d7f48f9@group-0E5E712D3A28-SegmentedRaftLog:OPENED:c0,f0,i0, conf=0: [c1e062fb-0f4f-4fe4-a9d2-4bfe6af489a8:192.168.151.121:36311, 8eea7e4f-d008-4d85-a505-6e9b586abbfe:192.168.151.121:42114, a7fc6e90-75b2-4f8f-bf01-6e094d7f48f9:192.168.151.121:34093], old=null
2019-09-24 02:33:55,771 [a7fc6e90-75b2-4f8f-bf01-6e094d7f48f9@group-0E5E712D3A28:LeaderElection122] INFO  impl.LeaderElection (LogUtils.java:infoOrTrace(149)) -   Exception 0: {}
java.util.concurrent.ExecutionException: org.apache.ratis.thirdparty.io.grpc.StatusRuntimeException: UNAVAILABLE: io exception
	at java.util.concurrent.FutureTask.report(FutureTask.java:122)
	at java.util.concurrent.FutureTask.get(FutureTask.java:192)
	at org.apache.ratis.server.impl.LeaderElection.waitForResults(LeaderElection.java:263)
	at org.apache.ratis.server.impl.LeaderElection.askForVotes(LeaderElection.java:201)
	at org.apache.ratis.server.impl.LeaderElection.run(LeaderElection.java:133)
	at java.lang.Thread.run(Thread.java:748)
Caused by: org.apache.ratis.thirdparty.io.grpc.StatusRuntimeException: UNAVAILABLE: io exception
	at org.apache.ratis.thirdparty.io.grpc.stub.ClientCalls.toStatusRuntimeException(ClientCalls.java:233)
	at org.apache.ratis.thirdparty.io.grpc.stub.ClientCalls.getUnchecked(ClientCalls.java:214)
	at org.apache.ratis.thirdparty.io.grpc.stub.ClientCalls.blockingUnaryCall(ClientCalls.java:139)
	at org.apache.ratis.proto.grpc.RaftServerProtocolServiceGrpc$RaftServerProtocolServiceBlockingStub.requestVote(RaftServerProtocolServiceGrpc.java:265)
	at org.apache.ratis.grpc.server.GrpcServerProtocolClient.requestVote(GrpcServerProtocolClient.java:90)
	at org.apache.ratis.grpc.server.GrpcService.requestVote(GrpcService.java:204)
	at org.apache.ratis.server.impl.LeaderElection.lambda$submitRequests$1(LeaderElection.java:238)
	at java.util.concurrent.FutureTask.run(FutureTask.java:266)
	at java.util.concurrent.Executors$RunnableAdapter.call(Executors.java:511)
	at java.util.concurrent.FutureTask.run(FutureTask.java:266)
	at java.util.concurrent.ThreadPoolExecutor.runWorker(ThreadPoolExecutor.java:1149)
	at java.util.concurrent.ThreadPoolExecutor$Worker.run(ThreadPoolExecutor.java:624)
	... 1 more
Caused by: org.apache.ratis.thirdparty.io.netty.channel.AbstractChannel$AnnotatedConnectException: Connection refused: /192.168.151.121:36311
	at sun.nio.ch.SocketChannelImpl.checkConnect(Native Method)
	at sun.nio.ch.SocketChannelImpl.finishConnect(SocketChannelImpl.java:717)
	at org.apache.ratis.thirdparty.io.netty.channel.socket.nio.NioSocketChannel.doFinishConnect(NioSocketChannel.java:327)
	at org.apache.ratis.thirdparty.io.netty.channel.nio.AbstractNioChannel$AbstractNioUnsafe.finishConnect(AbstractNioChannel.java:340)
	at org.apache.ratis.thirdparty.io.netty.channel.nio.NioEventLoop.processSelectedKey(NioEventLoop.java:632)
	at org.apache.ratis.thirdparty.io.netty.channel.nio.NioEventLoop.processSelectedKeysOptimized(NioEventLoop.java:579)
	at org.apache.ratis.thirdparty.io.netty.channel.nio.NioEventLoop.processSelectedKeys(NioEventLoop.java:496)
	at org.apache.ratis.thirdparty.io.netty.channel.nio.NioEventLoop.run(NioEventLoop.java:458)
	at org.apache.ratis.thirdparty.io.netty.util.concurrent.SingleThreadEventExecutor$5.run(SingleThreadEventExecutor.java:897)
	at org.apache.ratis.thirdparty.io.netty.util.concurrent.FastThreadLocalRunnable.run(FastThreadLocalRunnable.java:30)
	... 1 more
Caused by: java.net.ConnectException: Connection refused
	... 11 more
2019-09-24 02:33:55,771 [a7fc6e90-75b2-4f8f-bf01-6e094d7f48f9@group-0E5E712D3A28:LeaderElection122] INFO  impl.LeaderElection (LogUtils.java:infoOrTrace(149)) -   Exception 1: {}
java.util.concurrent.ExecutionException: org.apache.ratis.thirdparty.io.grpc.StatusRuntimeException: UNAVAILABLE: io exception
	at java.util.concurrent.FutureTask.report(FutureTask.java:122)
	at java.util.concurrent.FutureTask.get(FutureTask.java:192)
	at org.apache.ratis.server.impl.LeaderElection.waitForResults(LeaderElection.java:263)
	at org.apache.ratis.server.impl.LeaderElection.askForVotes(LeaderElection.java:201)
	at org.apache.ratis.server.impl.LeaderElection.run(LeaderElection.java:133)
	at java.lang.Thread.run(Thread.java:748)
Caused by: org.apache.ratis.thirdparty.io.grpc.StatusRuntimeException: UNAVAILABLE: io exception
	at org.apache.ratis.thirdparty.io.grpc.stub.ClientCalls.toStatusRuntimeException(ClientCalls.java:233)
	at org.apache.ratis.thirdparty.io.grpc.stub.ClientCalls.getUnchecked(ClientCalls.java:214)
	at org.apache.ratis.thirdparty.io.grpc.stub.ClientCalls.blockingUnaryCall(ClientCalls.java:139)
	at org.apache.ratis.proto.grpc.RaftServerProtocolServiceGrpc$RaftServerProtocolServiceBlockingStub.requestVote(RaftServerProtocolServiceGrpc.java:265)
	at org.apache.ratis.grpc.server.GrpcServerProtocolClient.requestVote(GrpcServerProtocolClient.java:90)
	at org.apache.ratis.grpc.server.GrpcService.requestVote(GrpcService.java:204)
	at org.apache.ratis.server.impl.LeaderElection.lambda$submitRequests$1(LeaderElection.java:238)
	at java.util.concurrent.FutureTask.run(FutureTask.java:266)
	at java.util.concurrent.Executors$RunnableAdapter.call(Executors.java:511)
	at java.util.concurrent.FutureTask.run(FutureTask.java:266)
	at java.util.concurrent.ThreadPoolExecutor.runWorker(ThreadPoolExecutor.java:1149)
	at java.util.concurrent.ThreadPoolExecutor$Worker.run(ThreadPoolExecutor.java:624)
	... 1 more
Caused by: org.apache.ratis.thirdparty.io.netty.channel.AbstractChannel$AnnotatedConnectException: Connection refused: /192.168.151.121:42114
	at sun.nio.ch.SocketChannelImpl.checkConnect(Native Method)
	at sun.nio.ch.SocketChannelImpl.finishConnect(SocketChannelImpl.java:717)
	at org.apache.ratis.thirdparty.io.netty.channel.socket.nio.NioSocketChannel.doFinishConnect(NioSocketChannel.java:327)
	at org.apache.ratis.thirdparty.io.netty.channel.nio.AbstractNioChannel$AbstractNioUnsafe.finishConnect(AbstractNioChannel.java:340)
	at org.apache.ratis.thirdparty.io.netty.channel.nio.NioEventLoop.processSelectedKey(NioEventLoop.java:632)
	at org.apache.ratis.thirdparty.io.netty.channel.nio.NioEventLoop.processSelectedKeysOptimized(NioEventLoop.java:579)
	at org.apache.ratis.thirdparty.io.netty.channel.nio.NioEventLoop.processSelectedKeys(NioEventLoop.java:496)
	at org.apache.ratis.thirdparty.io.netty.channel.nio.NioEventLoop.run(NioEventLoop.java:458)
	at org.apache.ratis.thirdparty.io.netty.util.concurrent.SingleThreadEventExecutor$5.run(SingleThreadEventExecutor.java:897)
	at org.apache.ratis.thirdparty.io.netty.util.concurrent.FastThreadLocalRunnable.run(FastThreadLocalRunnable.java:30)
	... 1 more
Caused by: java.net.ConnectException: Connection refused
	... 11 more
2019-09-24 02:33:55,772 [a7fc6e90-75b2-4f8f-bf01-6e094d7f48f9@group-0E5E712D3A28:LeaderElection122] INFO  impl.RaftServerImpl (RaftServerImpl.java:setRole(174)) - a7fc6e90-75b2-4f8f-bf01-6e094d7f48f9@group-0E5E712D3A28: changes role from CANDIDATE to FOLLOWER at term 7 for DISCOVERED_A_NEW_TERM
2019-09-24 02:33:55,772 [a7fc6e90-75b2-4f8f-bf01-6e094d7f48f9@group-0E5E712D3A28:LeaderElection122] INFO  impl.RoleInfo (RoleInfo.java:shutdownLeaderElection(134)) - a7fc6e90-75b2-4f8f-bf01-6e094d7f48f9: shutdown LeaderElection
2019-09-24 02:33:55,772 [a7fc6e90-75b2-4f8f-bf01-6e094d7f48f9@group-0E5E712D3A28:LeaderElection122] INFO  impl.RoleInfo (RoleInfo.java:updateAndGet(143)) - a7fc6e90-75b2-4f8f-bf01-6e094d7f48f9: start FollowerState
2019-09-24 02:33:55,956 [grpc-default-executor-10] WARN  server.GrpcLogAppender (LogUtils.java:warn(134)) - 9d97adb7-296c-40d2-b831-3db9b0cbdbf9@group-CED085F05024->556942d2-91e9-4f35-a4d7-9eaff3fbfacc-AppendLogResponseHandler: Failed appendEntries: org.apache.ratis.thirdparty.io.grpc.StatusRuntimeException: UNAVAILABLE: io exception
2019-09-24 02:33:55,958 [grpc-default-executor-10] INFO  impl.FollowerInfo (FollowerInfo.java:lambda$new$0(51)) - 9d97adb7-296c-40d2-b831-3db9b0cbdbf9@group-CED085F05024->556942d2-91e9-4f35-a4d7-9eaff3fbfacc: nextIndex: updateUnconditionally 0 -> 0
2019-09-24 02:33:55,982 [grpc-default-executor-11] WARN  server.GrpcLogAppender (LogUtils.java:warn(134)) - 9d97adb7-296c-40d2-b831-3db9b0cbdbf9@group-CED085F05024->91e2a5f7-65a0-4f99-9d0a-256bd4104c43-AppendLogResponseHandler: Failed appendEntries: org.apache.ratis.thirdparty.io.grpc.StatusRuntimeException: UNAVAILABLE: io exception
2019-09-24 02:33:55,982 [grpc-default-executor-11] INFO  impl.FollowerInfo (FollowerInfo.java:lambda$new$0(51)) - 9d97adb7-296c-40d2-b831-3db9b0cbdbf9@group-CED085F05024->91e2a5f7-65a0-4f99-9d0a-256bd4104c43: nextIndex: updateUnconditionally 0 -> 0
2019-09-24 02:33:56,457 [grpc-default-executor-9] WARN  server.GrpcLogAppender (LogUtils.java:warn(134)) - 9d97adb7-296c-40d2-b831-3db9b0cbdbf9@group-CED085F05024->556942d2-91e9-4f35-a4d7-9eaff3fbfacc-AppendLogResponseHandler: Failed appendEntries: org.apache.ratis.thirdparty.io.grpc.StatusRuntimeException: UNAVAILABLE: io exception
2019-09-24 02:33:56,457 [grpc-default-executor-9] INFO  impl.FollowerInfo (FollowerInfo.java:lambda$new$0(51)) - 9d97adb7-296c-40d2-b831-3db9b0cbdbf9@group-CED085F05024->556942d2-91e9-4f35-a4d7-9eaff3fbfacc: nextIndex: updateUnconditionally 0 -> 0
2019-09-24 02:33:56,482 [grpc-default-executor-10] WARN  server.GrpcLogAppender (LogUtils.java:warn(134)) - 9d97adb7-296c-40d2-b831-3db9b0cbdbf9@group-CED085F05024->91e2a5f7-65a0-4f99-9d0a-256bd4104c43-AppendLogResponseHandler: Failed appendEntries: org.apache.ratis.thirdparty.io.grpc.StatusRuntimeException: UNAVAILABLE: io exception
2019-09-24 02:33:56,483 [grpc-default-executor-10] INFO  impl.FollowerInfo (FollowerInfo.java:lambda$new$0(51)) - 9d97adb7-296c-40d2-b831-3db9b0cbdbf9@group-CED085F05024->91e2a5f7-65a0-4f99-9d0a-256bd4104c43: nextIndex: updateUnconditionally 0 -> 0
2019-09-24 02:33:56,835 [Thread-9574] INFO  impl.FollowerState (FollowerState.java:run(106)) - a7fc6e90-75b2-4f8f-bf01-6e094d7f48f9:group-0E5E712D3A28 changes to CANDIDATE, lastRpcTime:1062, electionTimeout:1062ms
2019-09-24 02:33:56,835 [Thread-9574] INFO  impl.RoleInfo (RoleInfo.java:shutdownFollowerState(121)) - a7fc6e90-75b2-4f8f-bf01-6e094d7f48f9: shutdown FollowerState
2019-09-24 02:33:56,835 [Thread-9574] INFO  impl.RaftServerImpl (RaftServerImpl.java:setRole(174)) - a7fc6e90-75b2-4f8f-bf01-6e094d7f48f9@group-0E5E712D3A28: changes role from  FOLLOWER to CANDIDATE at term 7 for changeToCandidate
2019-09-24 02:33:56,835 [Thread-9574] INFO  impl.RoleInfo (RoleInfo.java:updateAndGet(143)) - a7fc6e90-75b2-4f8f-bf01-6e094d7f48f9: start LeaderElection
2019-09-24 02:33:56,858 [a7fc6e90-75b2-4f8f-bf01-6e094d7f48f9@group-0E5E712D3A28:LeaderElection123] INFO  impl.LeaderElection (LeaderElection.java:askForVotes(182)) - a7fc6e90-75b2-4f8f-bf01-6e094d7f48f9@group-0E5E712D3A28:LeaderElection123: begin an election at term 8 for 0: [c1e062fb-0f4f-4fe4-a9d2-4bfe6af489a8:192.168.151.121:36311, 8eea7e4f-d008-4d85-a505-6e9b586abbfe:192.168.151.121:42114, a7fc6e90-75b2-4f8f-bf01-6e094d7f48f9:192.168.151.121:34093], old=null
2019-09-24 02:33:56,859 [a7fc6e90-75b2-4f8f-bf01-6e094d7f48f9@group-0E5E712D3A28:LeaderElection123] INFO  impl.LeaderElection (LogUtils.java:infoOrTrace(149)) - a7fc6e90-75b2-4f8f-bf01-6e094d7f48f9@group-0E5E712D3A28:LeaderElection123 got exception when requesting votes: {}
java.util.concurrent.ExecutionException: org.apache.ratis.thirdparty.io.grpc.StatusRuntimeException: UNAVAILABLE: io exception
	at java.util.concurrent.FutureTask.report(FutureTask.java:122)
	at java.util.concurrent.FutureTask.get(FutureTask.java:192)
	at org.apache.ratis.server.impl.LeaderElection.waitForResults(LeaderElection.java:263)
	at org.apache.ratis.server.impl.LeaderElection.askForVotes(LeaderElection.java:201)
	at org.apache.ratis.server.impl.LeaderElection.run(LeaderElection.java:133)
	at java.lang.Thread.run(Thread.java:748)
Caused by: org.apache.ratis.thirdparty.io.grpc.StatusRuntimeException: UNAVAILABLE: io exception
	at org.apache.ratis.thirdparty.io.grpc.stub.ClientCalls.toStatusRuntimeException(ClientCalls.java:233)
	at org.apache.ratis.thirdparty.io.grpc.stub.ClientCalls.getUnchecked(ClientCalls.java:214)
	at org.apache.ratis.thirdparty.io.grpc.stub.ClientCalls.blockingUnaryCall(ClientCalls.java:139)
	at org.apache.ratis.proto.grpc.RaftServerProtocolServiceGrpc$RaftServerProtocolServiceBlockingStub.requestVote(RaftServerProtocolServiceGrpc.java:265)
	at org.apache.ratis.grpc.server.GrpcServerProtocolClient.requestVote(GrpcServerProtocolClient.java:90)
	at org.apache.ratis.grpc.server.GrpcService.requestVote(GrpcService.java:204)
	at org.apache.ratis.server.impl.LeaderElection.lambda$submitRequests$1(LeaderElection.java:238)
	at java.util.concurrent.FutureTask.run(FutureTask.java:266)
	at java.util.concurrent.Executors$RunnableAdapter.call(Executors.java:511)
	at java.util.concurrent.FutureTask.run(FutureTask.java:266)
	at java.util.concurrent.ThreadPoolExecutor.runWorker(ThreadPoolExecutor.java:1149)
	at java.util.concurrent.ThreadPoolExecutor$Worker.run(ThreadPoolExecutor.java:624)
	... 1 more
Caused by: org.apache.ratis.thirdparty.io.netty.channel.AbstractChannel$AnnotatedConnectException: Connection refused: /192.168.151.121:36311
	at sun.nio.ch.SocketChannelImpl.checkConnect(Native Method)
	at sun.nio.ch.SocketChannelImpl.finishConnect(SocketChannelImpl.java:717)
	at org.apache.ratis.thirdparty.io.netty.channel.socket.nio.NioSocketChannel.doFinishConnect(NioSocketChannel.java:327)
	at org.apache.ratis.thirdparty.io.netty.channel.nio.AbstractNioChannel$AbstractNioUnsafe.finishConnect(AbstractNioChannel.java:340)
	at org.apache.ratis.thirdparty.io.netty.channel.nio.NioEventLoop.processSelectedKey(NioEventLoop.java:632)
	at org.apache.ratis.thirdparty.io.netty.channel.nio.NioEventLoop.processSelectedKeysOptimized(NioEventLoop.java:579)
	at org.apache.ratis.thirdparty.io.netty.channel.nio.NioEventLoop.processSelectedKeys(NioEventLoop.java:496)
	at org.apache.ratis.thirdparty.io.netty.channel.nio.NioEventLoop.run(NioEventLoop.java:458)
	at org.apache.ratis.thirdparty.io.netty.util.concurrent.SingleThreadEventExecutor$5.run(SingleThreadEventExecutor.java:897)
	at org.apache.ratis.thirdparty.io.netty.util.concurrent.FastThreadLocalRunnable.run(FastThreadLocalRunnable.java:30)
	... 1 more
Caused by: java.net.ConnectException: Connection refused
	... 11 more
2019-09-24 02:33:56,865 [a7fc6e90-75b2-4f8f-bf01-6e094d7f48f9@group-0E5E712D3A28:LeaderElection123] INFO  impl.LeaderElection (LogUtils.java:infoOrTrace(149)) - a7fc6e90-75b2-4f8f-bf01-6e094d7f48f9@group-0E5E712D3A28:LeaderElection123 got exception when requesting votes: {}
java.util.concurrent.ExecutionException: org.apache.ratis.thirdparty.io.grpc.StatusRuntimeException: UNAVAILABLE: io exception
	at java.util.concurrent.FutureTask.report(FutureTask.java:122)
	at java.util.concurrent.FutureTask.get(FutureTask.java:192)
	at org.apache.ratis.server.impl.LeaderElection.waitForResults(LeaderElection.java:263)
	at org.apache.ratis.server.impl.LeaderElection.askForVotes(LeaderElection.java:201)
	at org.apache.ratis.server.impl.LeaderElection.run(LeaderElection.java:133)
	at java.lang.Thread.run(Thread.java:748)
Caused by: org.apache.ratis.thirdparty.io.grpc.StatusRuntimeException: UNAVAILABLE: io exception
	at org.apache.ratis.thirdparty.io.grpc.stub.ClientCalls.toStatusRuntimeException(ClientCalls.java:233)
	at org.apache.ratis.thirdparty.io.grpc.stub.ClientCalls.getUnchecked(ClientCalls.java:214)
	at org.apache.ratis.thirdparty.io.grpc.stub.ClientCalls.blockingUnaryCall(ClientCalls.java:139)
	at org.apache.ratis.proto.grpc.RaftServerProtocolServiceGrpc$RaftServerProtocolServiceBlockingStub.requestVote(RaftServerProtocolServiceGrpc.java:265)
	at org.apache.ratis.grpc.server.GrpcServerProtocolClient.requestVote(GrpcServerProtocolClient.java:90)
	at org.apache.ratis.grpc.server.GrpcService.requestVote(GrpcService.java:204)
	at org.apache.ratis.server.impl.LeaderElection.lambda$submitRequests$1(LeaderElection.java:238)
	at java.util.concurrent.FutureTask.run(FutureTask.java:266)
	at java.util.concurrent.Executors$RunnableAdapter.call(Executors.java:511)
	at java.util.concurrent.FutureTask.run(FutureTask.java:266)
	at java.util.concurrent.ThreadPoolExecutor.runWorker(ThreadPoolExecutor.java:1149)
	at java.util.concurrent.ThreadPoolExecutor$Worker.run(ThreadPoolExecutor.java:624)
	... 1 more
Caused by: org.apache.ratis.thirdparty.io.netty.channel.AbstractChannel$AnnotatedConnectException: Connection refused: /192.168.151.121:42114
	at sun.nio.ch.SocketChannelImpl.checkConnect(Native Method)
	at sun.nio.ch.SocketChannelImpl.finishConnect(SocketChannelImpl.java:717)
	at org.apache.ratis.thirdparty.io.netty.channel.socket.nio.NioSocketChannel.doFinishConnect(NioSocketChannel.java:327)
	at org.apache.ratis.thirdparty.io.netty.channel.nio.AbstractNioChannel$AbstractNioUnsafe.finishConnect(AbstractNioChannel.java:340)
	at org.apache.ratis.thirdparty.io.netty.channel.nio.NioEventLoop.processSelectedKey(NioEventLoop.java:632)
	at org.apache.ratis.thirdparty.io.netty.channel.nio.NioEventLoop.processSelectedKeysOptimized(NioEventLoop.java:579)
	at org.apache.ratis.thirdparty.io.netty.channel.nio.NioEventLoop.processSelectedKeys(NioEventLoop.java:496)
	at org.apache.ratis.thirdparty.io.netty.channel.nio.NioEventLoop.run(NioEventLoop.java:458)
	at org.apache.ratis.thirdparty.io.netty.util.concurrent.SingleThreadEventExecutor$5.run(SingleThreadEventExecutor.java:897)
	at org.apache.ratis.thirdparty.io.netty.util.concurrent.FastThreadLocalRunnable.run(FastThreadLocalRunnable.java:30)
	... 1 more
Caused by: java.net.ConnectException: Connection refused
	... 11 more
2019-09-24 02:33:56,867 [a7fc6e90-75b2-4f8f-bf01-6e094d7f48f9@group-0E5E712D3A28:LeaderElection123] INFO  impl.LeaderElection (LeaderElection.java:logAndReturn(56)) - a7fc6e90-75b2-4f8f-bf01-6e094d7f48f9@group-0E5E712D3A28:LeaderElection123: Election REJECTED; received 0 response(s) [] and 2 exception(s); a7fc6e90-75b2-4f8f-bf01-6e094d7f48f9@group-0E5E712D3A28:t8, leader=null, voted=a7fc6e90-75b2-4f8f-bf01-6e094d7f48f9, raftlog=a7fc6e90-75b2-4f8f-bf01-6e094d7f48f9@group-0E5E712D3A28-SegmentedRaftLog:OPENED:c0,f0,i0, conf=0: [c1e062fb-0f4f-4fe4-a9d2-4bfe6af489a8:192.168.151.121:36311, 8eea7e4f-d008-4d85-a505-6e9b586abbfe:192.168.151.121:42114, a7fc6e90-75b2-4f8f-bf01-6e094d7f48f9:192.168.151.121:34093], old=null
2019-09-24 02:33:56,868 [a7fc6e90-75b2-4f8f-bf01-6e094d7f48f9@group-0E5E712D3A28:LeaderElection123] INFO  impl.LeaderElection (LogUtils.java:infoOrTrace(149)) -   Exception 0: {}
java.util.concurrent.ExecutionException: org.apache.ratis.thirdparty.io.grpc.StatusRuntimeException: UNAVAILABLE: io exception
	at java.util.concurrent.FutureTask.report(FutureTask.java:122)
	at java.util.concurrent.FutureTask.get(FutureTask.java:192)
	at org.apache.ratis.server.impl.LeaderElection.waitForResults(LeaderElection.java:263)
	at org.apache.ratis.server.impl.LeaderElection.askForVotes(LeaderElection.java:201)
	at org.apache.ratis.server.impl.LeaderElection.run(LeaderElection.java:133)
	at java.lang.Thread.run(Thread.java:748)
Caused by: org.apache.ratis.thirdparty.io.grpc.StatusRuntimeException: UNAVAILABLE: io exception
	at org.apache.ratis.thirdparty.io.grpc.stub.ClientCalls.toStatusRuntimeException(ClientCalls.java:233)
	at org.apache.ratis.thirdparty.io.grpc.stub.ClientCalls.getUnchecked(ClientCalls.java:214)
	at org.apache.ratis.thirdparty.io.grpc.stub.ClientCalls.blockingUnaryCall(ClientCalls.java:139)
	at org.apache.ratis.proto.grpc.RaftServerProtocolServiceGrpc$RaftServerProtocolServiceBlockingStub.requestVote(RaftServerProtocolServiceGrpc.java:265)
	at org.apache.ratis.grpc.server.GrpcServerProtocolClient.requestVote(GrpcServerProtocolClient.java:90)
	at org.apache.ratis.grpc.server.GrpcService.requestVote(GrpcService.java:204)
	at org.apache.ratis.server.impl.LeaderElection.lambda$submitRequests$1(LeaderElection.java:238)
	at java.util.concurrent.FutureTask.run(FutureTask.java:266)
	at java.util.concurrent.Executors$RunnableAdapter.call(Executors.java:511)
	at java.util.concurrent.FutureTask.run(FutureTask.java:266)
	at java.util.concurrent.ThreadPoolExecutor.runWorker(ThreadPoolExecutor.java:1149)
	at java.util.concurrent.ThreadPoolExecutor$Worker.run(ThreadPoolExecutor.java:624)
	... 1 more
Caused by: org.apache.ratis.thirdparty.io.netty.channel.AbstractChannel$AnnotatedConnectException: Connection refused: /192.168.151.121:36311
	at sun.nio.ch.SocketChannelImpl.checkConnect(Native Method)
	at sun.nio.ch.SocketChannelImpl.finishConnect(SocketChannelImpl.java:717)
	at org.apache.ratis.thirdparty.io.netty.channel.socket.nio.NioSocketChannel.doFinishConnect(NioSocketChannel.java:327)
	at org.apache.ratis.thirdparty.io.netty.channel.nio.AbstractNioChannel$AbstractNioUnsafe.finishConnect(AbstractNioChannel.java:340)
	at org.apache.ratis.thirdparty.io.netty.channel.nio.NioEventLoop.processSelectedKey(NioEventLoop.java:632)
	at org.apache.ratis.thirdparty.io.netty.channel.nio.NioEventLoop.processSelectedKeysOptimized(NioEventLoop.java:579)
	at org.apache.ratis.thirdparty.io.netty.channel.nio.NioEventLoop.processSelectedKeys(NioEventLoop.java:496)
	at org.apache.ratis.thirdparty.io.netty.channel.nio.NioEventLoop.run(NioEventLoop.java:458)
	at org.apache.ratis.thirdparty.io.netty.util.concurrent.SingleThreadEventExecutor$5.run(SingleThreadEventExecutor.java:897)
	at org.apache.ratis.thirdparty.io.netty.util.concurrent.FastThreadLocalRunnable.run(FastThreadLocalRunnable.java:30)
	... 1 more
Caused by: java.net.ConnectException: Connection refused
	... 11 more
2019-09-24 02:33:56,868 [a7fc6e90-75b2-4f8f-bf01-6e094d7f48f9@group-0E5E712D3A28:LeaderElection123] INFO  impl.LeaderElection (LogUtils.java:infoOrTrace(149)) -   Exception 1: {}
java.util.concurrent.ExecutionException: org.apache.ratis.thirdparty.io.grpc.StatusRuntimeException: UNAVAILABLE: io exception
	at java.util.concurrent.FutureTask.report(FutureTask.java:122)
	at java.util.concurrent.FutureTask.get(FutureTask.java:192)
	at org.apache.ratis.server.impl.LeaderElection.waitForResults(LeaderElection.java:263)
	at org.apache.ratis.server.impl.LeaderElection.askForVotes(LeaderElection.java:201)
	at org.apache.ratis.server.impl.LeaderElection.run(LeaderElection.java:133)
	at java.lang.Thread.run(Thread.java:748)
Caused by: org.apache.ratis.thirdparty.io.grpc.StatusRuntimeException: UNAVAILABLE: io exception
	at org.apache.ratis.thirdparty.io.grpc.stub.ClientCalls.toStatusRuntimeException(ClientCalls.java:233)
	at org.apache.ratis.thirdparty.io.grpc.stub.ClientCalls.getUnchecked(ClientCalls.java:214)
	at org.apache.ratis.thirdparty.io.grpc.stub.ClientCalls.blockingUnaryCall(ClientCalls.java:139)
	at org.apache.ratis.proto.grpc.RaftServerProtocolServiceGrpc$RaftServerProtocolServiceBlockingStub.requestVote(RaftServerProtocolServiceGrpc.java:265)
	at org.apache.ratis.grpc.server.GrpcServerProtocolClient.requestVote(GrpcServerProtocolClient.java:90)
	at org.apache.ratis.grpc.server.GrpcService.requestVote(GrpcService.java:204)
	at org.apache.ratis.server.impl.LeaderElection.lambda$submitRequests$1(LeaderElection.java:238)
	at java.util.concurrent.FutureTask.run(FutureTask.java:266)
	at java.util.concurrent.Executors$RunnableAdapter.call(Executors.java:511)
	at java.util.concurrent.FutureTask.run(FutureTask.java:266)
	at java.util.concurrent.ThreadPoolExecutor.runWorker(ThreadPoolExecutor.java:1149)
	at java.util.concurrent.ThreadPoolExecutor$Worker.run(ThreadPoolExecutor.java:624)
	... 1 more
Caused by: org.apache.ratis.thirdparty.io.netty.channel.AbstractChannel$AnnotatedConnectException: Connection refused: /192.168.151.121:42114
	at sun.nio.ch.SocketChannelImpl.checkConnect(Native Method)
	at sun.nio.ch.SocketChannelImpl.finishConnect(SocketChannelImpl.java:717)
	at org.apache.ratis.thirdparty.io.netty.channel.socket.nio.NioSocketChannel.doFinishConnect(NioSocketChannel.java:327)
	at org.apache.ratis.thirdparty.io.netty.channel.nio.AbstractNioChannel$AbstractNioUnsafe.finishConnect(AbstractNioChannel.java:340)
	at org.apache.ratis.thirdparty.io.netty.channel.nio.NioEventLoop.processSelectedKey(NioEventLoop.java:632)
	at org.apache.ratis.thirdparty.io.netty.channel.nio.NioEventLoop.processSelectedKeysOptimized(NioEventLoop.java:579)
	at org.apache.ratis.thirdparty.io.netty.channel.nio.NioEventLoop.processSelectedKeys(NioEventLoop.java:496)
	at org.apache.ratis.thirdparty.io.netty.channel.nio.NioEventLoop.run(NioEventLoop.java:458)
	at org.apache.ratis.thirdparty.io.netty.util.concurrent.SingleThreadEventExecutor$5.run(SingleThreadEventExecutor.java:897)
	at org.apache.ratis.thirdparty.io.netty.util.concurrent.FastThreadLocalRunnable.run(FastThreadLocalRunnable.java:30)
	... 1 more
Caused by: java.net.ConnectException: Connection refused
	... 11 more
2019-09-24 02:33:56,868 [a7fc6e90-75b2-4f8f-bf01-6e094d7f48f9@group-0E5E712D3A28:LeaderElection123] INFO  impl.RaftServerImpl (RaftServerImpl.java:setRole(174)) - a7fc6e90-75b2-4f8f-bf01-6e094d7f48f9@group-0E5E712D3A28: changes role from CANDIDATE to FOLLOWER at term 8 for DISCOVERED_A_NEW_TERM
2019-09-24 02:33:56,868 [a7fc6e90-75b2-4f8f-bf01-6e094d7f48f9@group-0E5E712D3A28:LeaderElection123] INFO  impl.RoleInfo (RoleInfo.java:shutdownLeaderElection(134)) - a7fc6e90-75b2-4f8f-bf01-6e094d7f48f9: shutdown LeaderElection
2019-09-24 02:33:56,868 [a7fc6e90-75b2-4f8f-bf01-6e094d7f48f9@group-0E5E712D3A28:LeaderElection123] INFO  impl.RoleInfo (RoleInfo.java:updateAndGet(143)) - a7fc6e90-75b2-4f8f-bf01-6e094d7f48f9: start FollowerState
2019-09-24 02:33:56,958 [grpc-default-executor-10] WARN  server.GrpcLogAppender (LogUtils.java:warn(134)) - 9d97adb7-296c-40d2-b831-3db9b0cbdbf9@group-CED085F05024->556942d2-91e9-4f35-a4d7-9eaff3fbfacc-AppendLogResponseHandler: Failed appendEntries: org.apache.ratis.thirdparty.io.grpc.StatusRuntimeException: UNAVAILABLE: io exception
2019-09-24 02:33:56,960 [grpc-default-executor-10] INFO  impl.FollowerInfo (FollowerInfo.java:lambda$new$0(51)) - 9d97adb7-296c-40d2-b831-3db9b0cbdbf9@group-CED085F05024->556942d2-91e9-4f35-a4d7-9eaff3fbfacc: nextIndex: updateUnconditionally 0 -> 0
2019-09-24 02:33:56,983 [grpc-default-executor-11] WARN  server.GrpcLogAppender (LogUtils.java:warn(134)) - 9d97adb7-296c-40d2-b831-3db9b0cbdbf9@group-CED085F05024->91e2a5f7-65a0-4f99-9d0a-256bd4104c43-AppendLogResponseHandler: Failed appendEntries: org.apache.ratis.thirdparty.io.grpc.StatusRuntimeException: UNAVAILABLE: io exception
2019-09-24 02:33:56,983 [grpc-default-executor-11] INFO  impl.FollowerInfo (FollowerInfo.java:lambda$new$0(51)) - 9d97adb7-296c-40d2-b831-3db9b0cbdbf9@group-CED085F05024->91e2a5f7-65a0-4f99-9d0a-256bd4104c43: nextIndex: updateUnconditionally 0 -> 0
2019-09-24 02:33:57,459 [grpc-default-executor-11] WARN  server.GrpcLogAppender (LogUtils.java:warn(134)) - 9d97adb7-296c-40d2-b831-3db9b0cbdbf9@group-CED085F05024->556942d2-91e9-4f35-a4d7-9eaff3fbfacc-AppendLogResponseHandler: Failed appendEntries: org.apache.ratis.thirdparty.io.grpc.StatusRuntimeException: UNAVAILABLE: io exception
2019-09-24 02:33:57,459 [grpc-default-executor-11] INFO  impl.FollowerInfo (FollowerInfo.java:lambda$new$0(51)) - 9d97adb7-296c-40d2-b831-3db9b0cbdbf9@group-CED085F05024->556942d2-91e9-4f35-a4d7-9eaff3fbfacc: nextIndex: updateUnconditionally 0 -> 0
2019-09-24 02:33:57,483 [grpc-default-executor-10] WARN  server.GrpcLogAppender (LogUtils.java:warn(134)) - 9d97adb7-296c-40d2-b831-3db9b0cbdbf9@group-CED085F05024->91e2a5f7-65a0-4f99-9d0a-256bd4104c43-AppendLogResponseHandler: Failed appendEntries: org.apache.ratis.thirdparty.io.grpc.StatusRuntimeException: UNAVAILABLE: io exception
2019-09-24 02:33:57,484 [grpc-default-executor-10] INFO  impl.FollowerInfo (FollowerInfo.java:lambda$new$0(51)) - 9d97adb7-296c-40d2-b831-3db9b0cbdbf9@group-CED085F05024->91e2a5f7-65a0-4f99-9d0a-256bd4104c43: nextIndex: updateUnconditionally 0 -> 0
2019-09-24 02:33:57,958 [grpc-default-executor-9] WARN  server.GrpcLogAppender (LogUtils.java:warn(134)) - 9d97adb7-296c-40d2-b831-3db9b0cbdbf9@group-CED085F05024->556942d2-91e9-4f35-a4d7-9eaff3fbfacc-AppendLogResponseHandler: Failed appendEntries: org.apache.ratis.thirdparty.io.grpc.StatusRuntimeException: UNAVAILABLE: io exception
2019-09-24 02:33:57,959 [grpc-default-executor-9] INFO  impl.FollowerInfo (FollowerInfo.java:lambda$new$0(51)) - 9d97adb7-296c-40d2-b831-3db9b0cbdbf9@group-CED085F05024->556942d2-91e9-4f35-a4d7-9eaff3fbfacc: nextIndex: updateUnconditionally 0 -> 0
2019-09-24 02:33:57,961 [Thread-9578] INFO  impl.FollowerState (FollowerState.java:run(106)) - a7fc6e90-75b2-4f8f-bf01-6e094d7f48f9:group-0E5E712D3A28 changes to CANDIDATE, lastRpcTime:1092, electionTimeout:1092ms
2019-09-24 02:33:57,961 [Thread-9578] INFO  impl.RoleInfo (RoleInfo.java:shutdownFollowerState(121)) - a7fc6e90-75b2-4f8f-bf01-6e094d7f48f9: shutdown FollowerState
2019-09-24 02:33:57,961 [Thread-9578] INFO  impl.RaftServerImpl (RaftServerImpl.java:setRole(174)) - a7fc6e90-75b2-4f8f-bf01-6e094d7f48f9@group-0E5E712D3A28: changes role from  FOLLOWER to CANDIDATE at term 8 for changeToCandidate
2019-09-24 02:33:57,962 [Thread-9578] INFO  impl.RoleInfo (RoleInfo.java:updateAndGet(143)) - a7fc6e90-75b2-4f8f-bf01-6e094d7f48f9: start LeaderElection
2019-09-24 02:33:57,984 [grpc-default-executor-11] WARN  server.GrpcLogAppender (LogUtils.java:warn(134)) - 9d97adb7-296c-40d2-b831-3db9b0cbdbf9@group-CED085F05024->91e2a5f7-65a0-4f99-9d0a-256bd4104c43-AppendLogResponseHandler: Failed appendEntries: org.apache.ratis.thirdparty.io.grpc.StatusRuntimeException: UNAVAILABLE: io exception
2019-09-24 02:33:57,984 [grpc-default-executor-11] INFO  impl.FollowerInfo (FollowerInfo.java:lambda$new$0(51)) - 9d97adb7-296c-40d2-b831-3db9b0cbdbf9@group-CED085F05024->91e2a5f7-65a0-4f99-9d0a-256bd4104c43: nextIndex: updateUnconditionally 0 -> 0
2019-09-24 02:33:57,988 [a7fc6e90-75b2-4f8f-bf01-6e094d7f48f9@group-0E5E712D3A28:LeaderElection124] INFO  impl.LeaderElection (LeaderElection.java:askForVotes(182)) - a7fc6e90-75b2-4f8f-bf01-6e094d7f48f9@group-0E5E712D3A28:LeaderElection124: begin an election at term 9 for 0: [c1e062fb-0f4f-4fe4-a9d2-4bfe6af489a8:192.168.151.121:36311, 8eea7e4f-d008-4d85-a505-6e9b586abbfe:192.168.151.121:42114, a7fc6e90-75b2-4f8f-bf01-6e094d7f48f9:192.168.151.121:34093], old=null
2019-09-24 02:33:57,989 [a7fc6e90-75b2-4f8f-bf01-6e094d7f48f9@group-0E5E712D3A28:LeaderElection124] INFO  impl.LeaderElection (LogUtils.java:infoOrTrace(149)) - a7fc6e90-75b2-4f8f-bf01-6e094d7f48f9@group-0E5E712D3A28:LeaderElection124 got exception when requesting votes: {}
java.util.concurrent.ExecutionException: org.apache.ratis.thirdparty.io.grpc.StatusRuntimeException: UNAVAILABLE: io exception
	at java.util.concurrent.FutureTask.report(FutureTask.java:122)
	at java.util.concurrent.FutureTask.get(FutureTask.java:192)
	at org.apache.ratis.server.impl.LeaderElection.waitForResults(LeaderElection.java:263)
	at org.apache.ratis.server.impl.LeaderElection.askForVotes(LeaderElection.java:201)
	at org.apache.ratis.server.impl.LeaderElection.run(LeaderElection.java:133)
	at java.lang.Thread.run(Thread.java:748)
Caused by: org.apache.ratis.thirdparty.io.grpc.StatusRuntimeException: UNAVAILABLE: io exception
	at org.apache.ratis.thirdparty.io.grpc.stub.ClientCalls.toStatusRuntimeException(ClientCalls.java:233)
	at org.apache.ratis.thirdparty.io.grpc.stub.ClientCalls.getUnchecked(ClientCalls.java:214)
	at org.apache.ratis.thirdparty.io.grpc.stub.ClientCalls.blockingUnaryCall(ClientCalls.java:139)
	at org.apache.ratis.proto.grpc.RaftServerProtocolServiceGrpc$RaftServerProtocolServiceBlockingStub.requestVote(RaftServerProtocolServiceGrpc.java:265)
	at org.apache.ratis.grpc.server.GrpcServerProtocolClient.requestVote(GrpcServerProtocolClient.java:90)
	at org.apache.ratis.grpc.server.GrpcService.requestVote(GrpcService.java:204)
	at org.apache.ratis.server.impl.LeaderElection.lambda$submitRequests$1(LeaderElection.java:238)
	at java.util.concurrent.FutureTask.run(FutureTask.java:266)
	at java.util.concurrent.Executors$RunnableAdapter.call(Executors.java:511)
	at java.util.concurrent.FutureTask.run(FutureTask.java:266)
	at java.util.concurrent.ThreadPoolExecutor.runWorker(ThreadPoolExecutor.java:1149)
	at java.util.concurrent.ThreadPoolExecutor$Worker.run(ThreadPoolExecutor.java:624)
	... 1 more
Caused by: org.apache.ratis.thirdparty.io.netty.channel.AbstractChannel$AnnotatedConnectException: Connection refused: /192.168.151.121:36311
	at sun.nio.ch.SocketChannelImpl.checkConnect(Native Method)
	at sun.nio.ch.SocketChannelImpl.finishConnect(SocketChannelImpl.java:717)
	at org.apache.ratis.thirdparty.io.netty.channel.socket.nio.NioSocketChannel.doFinishConnect(NioSocketChannel.java:327)
	at org.apache.ratis.thirdparty.io.netty.channel.nio.AbstractNioChannel$AbstractNioUnsafe.finishConnect(AbstractNioChannel.java:340)
	at org.apache.ratis.thirdparty.io.netty.channel.nio.NioEventLoop.processSelectedKey(NioEventLoop.java:632)
	at org.apache.ratis.thirdparty.io.netty.channel.nio.NioEventLoop.processSelectedKeysOptimized(NioEventLoop.java:579)
	at org.apache.ratis.thirdparty.io.netty.channel.nio.NioEventLoop.processSelectedKeys(NioEventLoop.java:496)
	at org.apache.ratis.thirdparty.io.netty.channel.nio.NioEventLoop.run(NioEventLoop.java:458)
	at org.apache.ratis.thirdparty.io.netty.util.concurrent.SingleThreadEventExecutor$5.run(SingleThreadEventExecutor.java:897)
	at org.apache.ratis.thirdparty.io.netty.util.concurrent.FastThreadLocalRunnable.run(FastThreadLocalRunnable.java:30)
	... 1 more
Caused by: java.net.ConnectException: Connection refused
	... 11 more
2019-09-24 02:33:57,999 [a7fc6e90-75b2-4f8f-bf01-6e094d7f48f9@group-0E5E712D3A28:LeaderElection124] INFO  impl.LeaderElection (LogUtils.java:infoOrTrace(149)) - a7fc6e90-75b2-4f8f-bf01-6e094d7f48f9@group-0E5E712D3A28:LeaderElection124 got exception when requesting votes: {}
java.util.concurrent.ExecutionException: org.apache.ratis.thirdparty.io.grpc.StatusRuntimeException: UNAVAILABLE: io exception
	at java.util.concurrent.FutureTask.report(FutureTask.java:122)
	at java.util.concurrent.FutureTask.get(FutureTask.java:192)
	at org.apache.ratis.server.impl.LeaderElection.waitForResults(LeaderElection.java:263)
	at org.apache.ratis.server.impl.LeaderElection.askForVotes(LeaderElection.java:201)
	at org.apache.ratis.server.impl.LeaderElection.run(LeaderElection.java:133)
	at java.lang.Thread.run(Thread.java:748)
Caused by: org.apache.ratis.thirdparty.io.grpc.StatusRuntimeException: UNAVAILABLE: io exception
	at org.apache.ratis.thirdparty.io.grpc.stub.ClientCalls.toStatusRuntimeException(ClientCalls.java:233)
	at org.apache.ratis.thirdparty.io.grpc.stub.ClientCalls.getUnchecked(ClientCalls.java:214)
	at org.apache.ratis.thirdparty.io.grpc.stub.ClientCalls.blockingUnaryCall(ClientCalls.java:139)
	at org.apache.ratis.proto.grpc.RaftServerProtocolServiceGrpc$RaftServerProtocolServiceBlockingStub.requestVote(RaftServerProtocolServiceGrpc.java:265)
	at org.apache.ratis.grpc.server.GrpcServerProtocolClient.requestVote(GrpcServerProtocolClient.java:90)
	at org.apache.ratis.grpc.server.GrpcService.requestVote(GrpcService.java:204)
	at org.apache.ratis.server.impl.LeaderElection.lambda$submitRequests$1(LeaderElection.java:238)
	at java.util.concurrent.FutureTask.run(FutureTask.java:266)
	at java.util.concurrent.Executors$RunnableAdapter.call(Executors.java:511)
	at java.util.concurrent.FutureTask.run(FutureTask.java:266)
	at java.util.concurrent.ThreadPoolExecutor.runWorker(ThreadPoolExecutor.java:1149)
	at java.util.concurrent.ThreadPoolExecutor$Worker.run(ThreadPoolExecutor.java:624)
	... 1 more
Caused by: org.apache.ratis.thirdparty.io.netty.channel.AbstractChannel$AnnotatedConnectException: Connection refused: /192.168.151.121:42114
	at sun.nio.ch.SocketChannelImpl.checkConnect(Native Method)
	at sun.nio.ch.SocketChannelImpl.finishConnect(SocketChannelImpl.java:717)
	at org.apache.ratis.thirdparty.io.netty.channel.socket.nio.NioSocketChannel.doFinishConnect(NioSocketChannel.java:327)
	at org.apache.ratis.thirdparty.io.netty.channel.nio.AbstractNioChannel$AbstractNioUnsafe.finishConnect(AbstractNioChannel.java:340)
	at org.apache.ratis.thirdparty.io.netty.channel.nio.NioEventLoop.processSelectedKey(NioEventLoop.java:632)
	at org.apache.ratis.thirdparty.io.netty.channel.nio.NioEventLoop.processSelectedKeysOptimized(NioEventLoop.java:579)
	at org.apache.ratis.thirdparty.io.netty.channel.nio.NioEventLoop.processSelectedKeys(NioEventLoop.java:496)
	at org.apache.ratis.thirdparty.io.netty.channel.nio.NioEventLoop.run(NioEventLoop.java:458)
	at org.apache.ratis.thirdparty.io.netty.util.concurrent.SingleThreadEventExecutor$5.run(SingleThreadEventExecutor.java:897)
	at org.apache.ratis.thirdparty.io.netty.util.concurrent.FastThreadLocalRunnable.run(FastThreadLocalRunnable.java:30)
	... 1 more
Caused by: java.net.ConnectException: Connection refused
	... 11 more
2019-09-24 02:33:58,001 [a7fc6e90-75b2-4f8f-bf01-6e094d7f48f9@group-0E5E712D3A28:LeaderElection124] INFO  impl.LeaderElection (LeaderElection.java:logAndReturn(56)) - a7fc6e90-75b2-4f8f-bf01-6e094d7f48f9@group-0E5E712D3A28:LeaderElection124: Election REJECTED; received 0 response(s) [] and 2 exception(s); a7fc6e90-75b2-4f8f-bf01-6e094d7f48f9@group-0E5E712D3A28:t9, leader=null, voted=a7fc6e90-75b2-4f8f-bf01-6e094d7f48f9, raftlog=a7fc6e90-75b2-4f8f-bf01-6e094d7f48f9@group-0E5E712D3A28-SegmentedRaftLog:OPENED:c0,f0,i0, conf=0: [c1e062fb-0f4f-4fe4-a9d2-4bfe6af489a8:192.168.151.121:36311, 8eea7e4f-d008-4d85-a505-6e9b586abbfe:192.168.151.121:42114, a7fc6e90-75b2-4f8f-bf01-6e094d7f48f9:192.168.151.121:34093], old=null
2019-09-24 02:33:58,001 [a7fc6e90-75b2-4f8f-bf01-6e094d7f48f9@group-0E5E712D3A28:LeaderElection124] INFO  impl.LeaderElection (LogUtils.java:infoOrTrace(149)) -   Exception 0: {}
java.util.concurrent.ExecutionException: org.apache.ratis.thirdparty.io.grpc.StatusRuntimeException: UNAVAILABLE: io exception
	at java.util.concurrent.FutureTask.report(FutureTask.java:122)
	at java.util.concurrent.FutureTask.get(FutureTask.java:192)
	at org.apache.ratis.server.impl.LeaderElection.waitForResults(LeaderElection.java:263)
	at org.apache.ratis.server.impl.LeaderElection.askForVotes(LeaderElection.java:201)
	at org.apache.ratis.server.impl.LeaderElection.run(LeaderElection.java:133)
	at java.lang.Thread.run(Thread.java:748)
Caused by: org.apache.ratis.thirdparty.io.grpc.StatusRuntimeException: UNAVAILABLE: io exception
	at org.apache.ratis.thirdparty.io.grpc.stub.ClientCalls.toStatusRuntimeException(ClientCalls.java:233)
	at org.apache.ratis.thirdparty.io.grpc.stub.ClientCalls.getUnchecked(ClientCalls.java:214)
	at org.apache.ratis.thirdparty.io.grpc.stub.ClientCalls.blockingUnaryCall(ClientCalls.java:139)
	at org.apache.ratis.proto.grpc.RaftServerProtocolServiceGrpc$RaftServerProtocolServiceBlockingStub.requestVote(RaftServerProtocolServiceGrpc.java:265)
	at org.apache.ratis.grpc.server.GrpcServerProtocolClient.requestVote(GrpcServerProtocolClient.java:90)
	at org.apache.ratis.grpc.server.GrpcService.requestVote(GrpcService.java:204)
	at org.apache.ratis.server.impl.LeaderElection.lambda$submitRequests$1(LeaderElection.java:238)
	at java.util.concurrent.FutureTask.run(FutureTask.java:266)
	at java.util.concurrent.Executors$RunnableAdapter.call(Executors.java:511)
	at java.util.concurrent.FutureTask.run(FutureTask.java:266)
	at java.util.concurrent.ThreadPoolExecutor.runWorker(ThreadPoolExecutor.java:1149)
	at java.util.concurrent.ThreadPoolExecutor$Worker.run(ThreadPoolExecutor.java:624)
	... 1 more
Caused by: org.apache.ratis.thirdparty.io.netty.channel.AbstractChannel$AnnotatedConnectException: Connection refused: /192.168.151.121:36311
	at sun.nio.ch.SocketChannelImpl.checkConnect(Native Method)
	at sun.nio.ch.SocketChannelImpl.finishConnect(SocketChannelImpl.java:717)
	at org.apache.ratis.thirdparty.io.netty.channel.socket.nio.NioSocketChannel.doFinishConnect(NioSocketChannel.java:327)
	at org.apache.ratis.thirdparty.io.netty.channel.nio.AbstractNioChannel$AbstractNioUnsafe.finishConnect(AbstractNioChannel.java:340)
	at org.apache.ratis.thirdparty.io.netty.channel.nio.NioEventLoop.processSelectedKey(NioEventLoop.java:632)
	at org.apache.ratis.thirdparty.io.netty.channel.nio.NioEventLoop.processSelectedKeysOptimized(NioEventLoop.java:579)
	at org.apache.ratis.thirdparty.io.netty.channel.nio.NioEventLoop.processSelectedKeys(NioEventLoop.java:496)
	at org.apache.ratis.thirdparty.io.netty.channel.nio.NioEventLoop.run(NioEventLoop.java:458)
	at org.apache.ratis.thirdparty.io.netty.util.concurrent.SingleThreadEventExecutor$5.run(SingleThreadEventExecutor.java:897)
	at org.apache.ratis.thirdparty.io.netty.util.concurrent.FastThreadLocalRunnable.run(FastThreadLocalRunnable.java:30)
	... 1 more
Caused by: java.net.ConnectException: Connection refused
	... 11 more
2019-09-24 02:33:58,002 [a7fc6e90-75b2-4f8f-bf01-6e094d7f48f9@group-0E5E712D3A28:LeaderElection124] INFO  impl.LeaderElection (LogUtils.java:infoOrTrace(149)) -   Exception 1: {}
java.util.concurrent.ExecutionException: org.apache.ratis.thirdparty.io.grpc.StatusRuntimeException: UNAVAILABLE: io exception
	at java.util.concurrent.FutureTask.report(FutureTask.java:122)
	at java.util.concurrent.FutureTask.get(FutureTask.java:192)
	at org.apache.ratis.server.impl.LeaderElection.waitForResults(LeaderElection.java:263)
	at org.apache.ratis.server.impl.LeaderElection.askForVotes(LeaderElection.java:201)
	at org.apache.ratis.server.impl.LeaderElection.run(LeaderElection.java:133)
	at java.lang.Thread.run(Thread.java:748)
Caused by: org.apache.ratis.thirdparty.io.grpc.StatusRuntimeException: UNAVAILABLE: io exception
	at org.apache.ratis.thirdparty.io.grpc.stub.ClientCalls.toStatusRuntimeException(ClientCalls.java:233)
	at org.apache.ratis.thirdparty.io.grpc.stub.ClientCalls.getUnchecked(ClientCalls.java:214)
	at org.apache.ratis.thirdparty.io.grpc.stub.ClientCalls.blockingUnaryCall(ClientCalls.java:139)
	at org.apache.ratis.proto.grpc.RaftServerProtocolServiceGrpc$RaftServerProtocolServiceBlockingStub.requestVote(RaftServerProtocolServiceGrpc.java:265)
	at org.apache.ratis.grpc.server.GrpcServerProtocolClient.requestVote(GrpcServerProtocolClient.java:90)
	at org.apache.ratis.grpc.server.GrpcService.requestVote(GrpcService.java:204)
	at org.apache.ratis.server.impl.LeaderElection.lambda$submitRequests$1(LeaderElection.java:238)
	at java.util.concurrent.FutureTask.run(FutureTask.java:266)
	at java.util.concurrent.Executors$RunnableAdapter.call(Executors.java:511)
	at java.util.concurrent.FutureTask.run(FutureTask.java:266)
	at java.util.concurrent.ThreadPoolExecutor.runWorker(ThreadPoolExecutor.java:1149)
	at java.util.concurrent.ThreadPoolExecutor$Worker.run(ThreadPoolExecutor.java:624)
	... 1 more
Caused by: org.apache.ratis.thirdparty.io.netty.channel.AbstractChannel$AnnotatedConnectException: Connection refused: /192.168.151.121:42114
	at sun.nio.ch.SocketChannelImpl.checkConnect(Native Method)
	at sun.nio.ch.SocketChannelImpl.finishConnect(SocketChannelImpl.java:717)
	at org.apache.ratis.thirdparty.io.netty.channel.socket.nio.NioSocketChannel.doFinishConnect(NioSocketChannel.java:327)
	at org.apache.ratis.thirdparty.io.netty.channel.nio.AbstractNioChannel$AbstractNioUnsafe.finishConnect(AbstractNioChannel.java:340)
	at org.apache.ratis.thirdparty.io.netty.channel.nio.NioEventLoop.processSelectedKey(NioEventLoop.java:632)
	at org.apache.ratis.thirdparty.io.netty.channel.nio.NioEventLoop.processSelectedKeysOptimized(NioEventLoop.java:579)
	at org.apache.ratis.thirdparty.io.netty.channel.nio.NioEventLoop.processSelectedKeys(NioEventLoop.java:496)
	at org.apache.ratis.thirdparty.io.netty.channel.nio.NioEventLoop.run(NioEventLoop.java:458)
	at org.apache.ratis.thirdparty.io.netty.util.concurrent.SingleThreadEventExecutor$5.run(SingleThreadEventExecutor.java:897)
	at org.apache.ratis.thirdparty.io.netty.util.concurrent.FastThreadLocalRunnable.run(FastThreadLocalRunnable.java:30)
	... 1 more
Caused by: java.net.ConnectException: Connection refused
	... 11 more
2019-09-24 02:33:58,002 [a7fc6e90-75b2-4f8f-bf01-6e094d7f48f9@group-0E5E712D3A28:LeaderElection124] INFO  impl.RaftServerImpl (RaftServerImpl.java:setRole(174)) - a7fc6e90-75b2-4f8f-bf01-6e094d7f48f9@group-0E5E712D3A28: changes role from CANDIDATE to FOLLOWER at term 9 for DISCOVERED_A_NEW_TERM
2019-09-24 02:33:58,002 [a7fc6e90-75b2-4f8f-bf01-6e094d7f48f9@group-0E5E712D3A28:LeaderElection124] INFO  impl.RoleInfo (RoleInfo.java:shutdownLeaderElection(134)) - a7fc6e90-75b2-4f8f-bf01-6e094d7f48f9: shutdown LeaderElection
2019-09-24 02:33:58,002 [a7fc6e90-75b2-4f8f-bf01-6e094d7f48f9@group-0E5E712D3A28:LeaderElection124] INFO  impl.RoleInfo (RoleInfo.java:updateAndGet(143)) - a7fc6e90-75b2-4f8f-bf01-6e094d7f48f9: start FollowerState
2019-09-24 02:33:58,459 [grpc-default-executor-10] WARN  server.GrpcLogAppender (LogUtils.java:warn(134)) - 9d97adb7-296c-40d2-b831-3db9b0cbdbf9@group-CED085F05024->556942d2-91e9-4f35-a4d7-9eaff3fbfacc-AppendLogResponseHandler: Failed appendEntries: org.apache.ratis.thirdparty.io.grpc.StatusRuntimeException: UNAVAILABLE: io exception
2019-09-24 02:33:58,462 [grpc-default-executor-10] INFO  impl.FollowerInfo (FollowerInfo.java:lambda$new$0(51)) - 9d97adb7-296c-40d2-b831-3db9b0cbdbf9@group-CED085F05024->556942d2-91e9-4f35-a4d7-9eaff3fbfacc: nextIndex: updateUnconditionally 0 -> 0
2019-09-24 02:33:58,485 [grpc-default-executor-9] WARN  server.GrpcLogAppender (LogUtils.java:warn(134)) - 9d97adb7-296c-40d2-b831-3db9b0cbdbf9@group-CED085F05024->91e2a5f7-65a0-4f99-9d0a-256bd4104c43-AppendLogResponseHandler: Failed appendEntries: org.apache.ratis.thirdparty.io.grpc.StatusRuntimeException: UNAVAILABLE: io exception
2019-09-24 02:33:58,485 [grpc-default-executor-9] INFO  impl.FollowerInfo (FollowerInfo.java:lambda$new$0(51)) - 9d97adb7-296c-40d2-b831-3db9b0cbdbf9@group-CED085F05024->91e2a5f7-65a0-4f99-9d0a-256bd4104c43: nextIndex: updateUnconditionally 0 -> 0
2019-09-24 02:33:58,960 [grpc-default-executor-9] WARN  server.GrpcLogAppender (LogUtils.java:warn(134)) - 9d97adb7-296c-40d2-b831-3db9b0cbdbf9@group-CED085F05024->556942d2-91e9-4f35-a4d7-9eaff3fbfacc-AppendLogResponseHandler: Failed appendEntries: org.apache.ratis.thirdparty.io.grpc.StatusRuntimeException: UNAVAILABLE: io exception
2019-09-24 02:33:58,961 [grpc-default-executor-9] INFO  impl.FollowerInfo (FollowerInfo.java:lambda$new$0(51)) - 9d97adb7-296c-40d2-b831-3db9b0cbdbf9@group-CED085F05024->556942d2-91e9-4f35-a4d7-9eaff3fbfacc: nextIndex: updateUnconditionally 0 -> 0
2019-09-24 02:33:58,985 [grpc-default-executor-11] WARN  server.GrpcLogAppender (LogUtils.java:warn(134)) - 9d97adb7-296c-40d2-b831-3db9b0cbdbf9@group-CED085F05024->91e2a5f7-65a0-4f99-9d0a-256bd4104c43-AppendLogResponseHandler: Failed appendEntries: org.apache.ratis.thirdparty.io.grpc.StatusRuntimeException: UNAVAILABLE: io exception
2019-09-24 02:33:58,985 [grpc-default-executor-11] INFO  impl.FollowerInfo (FollowerInfo.java:lambda$new$0(51)) - 9d97adb7-296c-40d2-b831-3db9b0cbdbf9@group-CED085F05024->91e2a5f7-65a0-4f99-9d0a-256bd4104c43: nextIndex: updateUnconditionally 0 -> 0
2019-09-24 02:33:59,055 [Thread-9582] INFO  impl.FollowerState (FollowerState.java:run(106)) - a7fc6e90-75b2-4f8f-bf01-6e094d7f48f9:group-0E5E712D3A28 changes to CANDIDATE, lastRpcTime:1052, electionTimeout:1052ms
2019-09-24 02:33:59,055 [Thread-9582] INFO  impl.RoleInfo (RoleInfo.java:shutdownFollowerState(121)) - a7fc6e90-75b2-4f8f-bf01-6e094d7f48f9: shutdown FollowerState
2019-09-24 02:33:59,055 [Thread-9582] INFO  impl.RaftServerImpl (RaftServerImpl.java:setRole(174)) - a7fc6e90-75b2-4f8f-bf01-6e094d7f48f9@group-0E5E712D3A28: changes role from  FOLLOWER to CANDIDATE at term 9 for changeToCandidate
2019-09-24 02:33:59,055 [Thread-9582] INFO  impl.RoleInfo (RoleInfo.java:updateAndGet(143)) - a7fc6e90-75b2-4f8f-bf01-6e094d7f48f9: start LeaderElection
2019-09-24 02:33:59,069 [a7fc6e90-75b2-4f8f-bf01-6e094d7f48f9@group-0E5E712D3A28:LeaderElection125] INFO  impl.LeaderElection (LeaderElection.java:askForVotes(182)) - a7fc6e90-75b2-4f8f-bf01-6e094d7f48f9@group-0E5E712D3A28:LeaderElection125: begin an election at term 10 for 0: [c1e062fb-0f4f-4fe4-a9d2-4bfe6af489a8:192.168.151.121:36311, 8eea7e4f-d008-4d85-a505-6e9b586abbfe:192.168.151.121:42114, a7fc6e90-75b2-4f8f-bf01-6e094d7f48f9:192.168.151.121:34093], old=null
2019-09-24 02:33:59,070 [a7fc6e90-75b2-4f8f-bf01-6e094d7f48f9@group-0E5E712D3A28:LeaderElection125] INFO  impl.LeaderElection (LogUtils.java:infoOrTrace(149)) - a7fc6e90-75b2-4f8f-bf01-6e094d7f48f9@group-0E5E712D3A28:LeaderElection125 got exception when requesting votes: {}
java.util.concurrent.ExecutionException: org.apache.ratis.thirdparty.io.grpc.StatusRuntimeException: UNAVAILABLE: io exception
	at java.util.concurrent.FutureTask.report(FutureTask.java:122)
	at java.util.concurrent.FutureTask.get(FutureTask.java:192)
	at org.apache.ratis.server.impl.LeaderElection.waitForResults(LeaderElection.java:263)
	at org.apache.ratis.server.impl.LeaderElection.askForVotes(LeaderElection.java:201)
	at org.apache.ratis.server.impl.LeaderElection.run(LeaderElection.java:133)
	at java.lang.Thread.run(Thread.java:748)
Caused by: org.apache.ratis.thirdparty.io.grpc.StatusRuntimeException: UNAVAILABLE: io exception
	at org.apache.ratis.thirdparty.io.grpc.stub.ClientCalls.toStatusRuntimeException(ClientCalls.java:233)
	at org.apache.ratis.thirdparty.io.grpc.stub.ClientCalls.getUnchecked(ClientCalls.java:214)
	at org.apache.ratis.thirdparty.io.grpc.stub.ClientCalls.blockingUnaryCall(ClientCalls.java:139)
	at org.apache.ratis.proto.grpc.RaftServerProtocolServiceGrpc$RaftServerProtocolServiceBlockingStub.requestVote(RaftServerProtocolServiceGrpc.java:265)
	at org.apache.ratis.grpc.server.GrpcServerProtocolClient.requestVote(GrpcServerProtocolClient.java:90)
	at org.apache.ratis.grpc.server.GrpcService.requestVote(GrpcService.java:204)
	at org.apache.ratis.server.impl.LeaderElection.lambda$submitRequests$1(LeaderElection.java:238)
	at java.util.concurrent.FutureTask.run(FutureTask.java:266)
	at java.util.concurrent.Executors$RunnableAdapter.call(Executors.java:511)
	at java.util.concurrent.FutureTask.run(FutureTask.java:266)
	at java.util.concurrent.ThreadPoolExecutor.runWorker(ThreadPoolExecutor.java:1149)
	at java.util.concurrent.ThreadPoolExecutor$Worker.run(ThreadPoolExecutor.java:624)
	... 1 more
Caused by: org.apache.ratis.thirdparty.io.netty.channel.AbstractChannel$AnnotatedConnectException: Connection refused: /192.168.151.121:36311
	at sun.nio.ch.SocketChannelImpl.checkConnect(Native Method)
	at sun.nio.ch.SocketChannelImpl.finishConnect(SocketChannelImpl.java:717)
	at org.apache.ratis.thirdparty.io.netty.channel.socket.nio.NioSocketChannel.doFinishConnect(NioSocketChannel.java:327)
	at org.apache.ratis.thirdparty.io.netty.channel.nio.AbstractNioChannel$AbstractNioUnsafe.finishConnect(AbstractNioChannel.java:340)
	at org.apache.ratis.thirdparty.io.netty.channel.nio.NioEventLoop.processSelectedKey(NioEventLoop.java:632)
	at org.apache.ratis.thirdparty.io.netty.channel.nio.NioEventLoop.processSelectedKeysOptimized(NioEventLoop.java:579)
	at org.apache.ratis.thirdparty.io.netty.channel.nio.NioEventLoop.processSelectedKeys(NioEventLoop.java:496)
	at org.apache.ratis.thirdparty.io.netty.channel.nio.NioEventLoop.run(NioEventLoop.java:458)
	at org.apache.ratis.thirdparty.io.netty.util.concurrent.SingleThreadEventExecutor$5.run(SingleThreadEventExecutor.java:897)
	at org.apache.ratis.thirdparty.io.netty.util.concurrent.FastThreadLocalRunnable.run(FastThreadLocalRunnable.java:30)
	... 1 more
Caused by: java.net.ConnectException: Connection refused
	... 11 more
2019-09-24 02:33:59,077 [a7fc6e90-75b2-4f8f-bf01-6e094d7f48f9@group-0E5E712D3A28:LeaderElection125] INFO  impl.LeaderElection (LogUtils.java:infoOrTrace(149)) - a7fc6e90-75b2-4f8f-bf01-6e094d7f48f9@group-0E5E712D3A28:LeaderElection125 got exception when requesting votes: {}
java.util.concurrent.ExecutionException: org.apache.ratis.thirdparty.io.grpc.StatusRuntimeException: UNAVAILABLE: io exception
	at java.util.concurrent.FutureTask.report(FutureTask.java:122)
	at java.util.concurrent.FutureTask.get(FutureTask.java:192)
	at org.apache.ratis.server.impl.LeaderElection.waitForResults(LeaderElection.java:263)
	at org.apache.ratis.server.impl.LeaderElection.askForVotes(LeaderElection.java:201)
	at org.apache.ratis.server.impl.LeaderElection.run(LeaderElection.java:133)
	at java.lang.Thread.run(Thread.java:748)
Caused by: org.apache.ratis.thirdparty.io.grpc.StatusRuntimeException: UNAVAILABLE: io exception
	at org.apache.ratis.thirdparty.io.grpc.stub.ClientCalls.toStatusRuntimeException(ClientCalls.java:233)
	at org.apache.ratis.thirdparty.io.grpc.stub.ClientCalls.getUnchecked(ClientCalls.java:214)
	at org.apache.ratis.thirdparty.io.grpc.stub.ClientCalls.blockingUnaryCall(ClientCalls.java:139)
	at org.apache.ratis.proto.grpc.RaftServerProtocolServiceGrpc$RaftServerProtocolServiceBlockingStub.requestVote(RaftServerProtocolServiceGrpc.java:265)
	at org.apache.ratis.grpc.server.GrpcServerProtocolClient.requestVote(GrpcServerProtocolClient.java:90)
	at org.apache.ratis.grpc.server.GrpcService.requestVote(GrpcService.java:204)
	at org.apache.ratis.server.impl.LeaderElection.lambda$submitRequests$1(LeaderElection.java:238)
	at java.util.concurrent.FutureTask.run(FutureTask.java:266)
	at java.util.concurrent.Executors$RunnableAdapter.call(Executors.java:511)
	at java.util.concurrent.FutureTask.run(FutureTask.java:266)
	at java.util.concurrent.ThreadPoolExecutor.runWorker(ThreadPoolExecutor.java:1149)
	at java.util.concurrent.ThreadPoolExecutor$Worker.run(ThreadPoolExecutor.java:624)
	... 1 more
Caused by: org.apache.ratis.thirdparty.io.netty.channel.AbstractChannel$AnnotatedConnectException: Connection refused: /192.168.151.121:42114
	at sun.nio.ch.SocketChannelImpl.checkConnect(Native Method)
	at sun.nio.ch.SocketChannelImpl.finishConnect(SocketChannelImpl.java:717)
	at org.apache.ratis.thirdparty.io.netty.channel.socket.nio.NioSocketChannel.doFinishConnect(NioSocketChannel.java:327)
	at org.apache.ratis.thirdparty.io.netty.channel.nio.AbstractNioChannel$AbstractNioUnsafe.finishConnect(AbstractNioChannel.java:340)
	at org.apache.ratis.thirdparty.io.netty.channel.nio.NioEventLoop.processSelectedKey(NioEventLoop.java:632)
	at org.apache.ratis.thirdparty.io.netty.channel.nio.NioEventLoop.processSelectedKeysOptimized(NioEventLoop.java:579)
	at org.apache.ratis.thirdparty.io.netty.channel.nio.NioEventLoop.processSelectedKeys(NioEventLoop.java:496)
	at org.apache.ratis.thirdparty.io.netty.channel.nio.NioEventLoop.run(NioEventLoop.java:458)
	at org.apache.ratis.thirdparty.io.netty.util.concurrent.SingleThreadEventExecutor$5.run(SingleThreadEventExecutor.java:897)
	at org.apache.ratis.thirdparty.io.netty.util.concurrent.FastThreadLocalRunnable.run(FastThreadLocalRunnable.java:30)
	... 1 more
Caused by: java.net.ConnectException: Connection refused
	... 11 more
2019-09-24 02:33:59,077 [a7fc6e90-75b2-4f8f-bf01-6e094d7f48f9@group-0E5E712D3A28:LeaderElection125] INFO  impl.LeaderElection (LeaderElection.java:logAndReturn(56)) - a7fc6e90-75b2-4f8f-bf01-6e094d7f48f9@group-0E5E712D3A28:LeaderElection125: Election REJECTED; received 0 response(s) [] and 2 exception(s); a7fc6e90-75b2-4f8f-bf01-6e094d7f48f9@group-0E5E712D3A28:t10, leader=null, voted=a7fc6e90-75b2-4f8f-bf01-6e094d7f48f9, raftlog=a7fc6e90-75b2-4f8f-bf01-6e094d7f48f9@group-0E5E712D3A28-SegmentedRaftLog:OPENED:c0,f0,i0, conf=0: [c1e062fb-0f4f-4fe4-a9d2-4bfe6af489a8:192.168.151.121:36311, 8eea7e4f-d008-4d85-a505-6e9b586abbfe:192.168.151.121:42114, a7fc6e90-75b2-4f8f-bf01-6e094d7f48f9:192.168.151.121:34093], old=null
2019-09-24 02:33:59,077 [a7fc6e90-75b2-4f8f-bf01-6e094d7f48f9@group-0E5E712D3A28:LeaderElection125] INFO  impl.LeaderElection (LogUtils.java:infoOrTrace(149)) -   Exception 0: {}
java.util.concurrent.ExecutionException: org.apache.ratis.thirdparty.io.grpc.StatusRuntimeException: UNAVAILABLE: io exception
	at java.util.concurrent.FutureTask.report(FutureTask.java:122)
	at java.util.concurrent.FutureTask.get(FutureTask.java:192)
	at org.apache.ratis.server.impl.LeaderElection.waitForResults(LeaderElection.java:263)
	at org.apache.ratis.server.impl.LeaderElection.askForVotes(LeaderElection.java:201)
	at org.apache.ratis.server.impl.LeaderElection.run(LeaderElection.java:133)
	at java.lang.Thread.run(Thread.java:748)
Caused by: org.apache.ratis.thirdparty.io.grpc.StatusRuntimeException: UNAVAILABLE: io exception
	at org.apache.ratis.thirdparty.io.grpc.stub.ClientCalls.toStatusRuntimeException(ClientCalls.java:233)
	at org.apache.ratis.thirdparty.io.grpc.stub.ClientCalls.getUnchecked(ClientCalls.java:214)
	at org.apache.ratis.thirdparty.io.grpc.stub.ClientCalls.blockingUnaryCall(ClientCalls.java:139)
	at org.apache.ratis.proto.grpc.RaftServerProtocolServiceGrpc$RaftServerProtocolServiceBlockingStub.requestVote(RaftServerProtocolServiceGrpc.java:265)
	at org.apache.ratis.grpc.server.GrpcServerProtocolClient.requestVote(GrpcServerProtocolClient.java:90)
	at org.apache.ratis.grpc.server.GrpcService.requestVote(GrpcService.java:204)
	at org.apache.ratis.server.impl.LeaderElection.lambda$submitRequests$1(LeaderElection.java:238)
	at java.util.concurrent.FutureTask.run(FutureTask.java:266)
	at java.util.concurrent.Executors$RunnableAdapter.call(Executors.java:511)
	at java.util.concurrent.FutureTask.run(FutureTask.java:266)
	at java.util.concurrent.ThreadPoolExecutor.runWorker(ThreadPoolExecutor.java:1149)
	at java.util.concurrent.ThreadPoolExecutor$Worker.run(ThreadPoolExecutor.java:624)
	... 1 more
Caused by: org.apache.ratis.thirdparty.io.netty.channel.AbstractChannel$AnnotatedConnectException: Connection refused: /192.168.151.121:36311
	at sun.nio.ch.SocketChannelImpl.checkConnect(Native Method)
	at sun.nio.ch.SocketChannelImpl.finishConnect(SocketChannelImpl.java:717)
	at org.apache.ratis.thirdparty.io.netty.channel.socket.nio.NioSocketChannel.doFinishConnect(NioSocketChannel.java:327)
	at org.apache.ratis.thirdparty.io.netty.channel.nio.AbstractNioChannel$AbstractNioUnsafe.finishConnect(AbstractNioChannel.java:340)
	at org.apache.ratis.thirdparty.io.netty.channel.nio.NioEventLoop.processSelectedKey(NioEventLoop.java:632)
	at org.apache.ratis.thirdparty.io.netty.channel.nio.NioEventLoop.processSelectedKeysOptimized(NioEventLoop.java:579)
	at org.apache.ratis.thirdparty.io.netty.channel.nio.NioEventLoop.processSelectedKeys(NioEventLoop.java:496)
	at org.apache.ratis.thirdparty.io.netty.channel.nio.NioEventLoop.run(NioEventLoop.java:458)
	at org.apache.ratis.thirdparty.io.netty.util.concurrent.SingleThreadEventExecutor$5.run(SingleThreadEventExecutor.java:897)
	at org.apache.ratis.thirdparty.io.netty.util.concurrent.FastThreadLocalRunnable.run(FastThreadLocalRunnable.java:30)
	... 1 more
Caused by: java.net.ConnectException: Connection refused
	... 11 more
2019-09-24 02:33:59,077 [a7fc6e90-75b2-4f8f-bf01-6e094d7f48f9@group-0E5E712D3A28:LeaderElection125] INFO  impl.LeaderElection (LogUtils.java:infoOrTrace(149)) -   Exception 1: {}
java.util.concurrent.ExecutionException: org.apache.ratis.thirdparty.io.grpc.StatusRuntimeException: UNAVAILABLE: io exception
	at java.util.concurrent.FutureTask.report(FutureTask.java:122)
	at java.util.concurrent.FutureTask.get(FutureTask.java:192)
	at org.apache.ratis.server.impl.LeaderElection.waitForResults(LeaderElection.java:263)
	at org.apache.ratis.server.impl.LeaderElection.askForVotes(LeaderElection.java:201)
	at org.apache.ratis.server.impl.LeaderElection.run(LeaderElection.java:133)
	at java.lang.Thread.run(Thread.java:748)
Caused by: org.apache.ratis.thirdparty.io.grpc.StatusRuntimeException: UNAVAILABLE: io exception
	at org.apache.ratis.thirdparty.io.grpc.stub.ClientCalls.toStatusRuntimeException(ClientCalls.java:233)
	at org.apache.ratis.thirdparty.io.grpc.stub.ClientCalls.getUnchecked(ClientCalls.java:214)
	at org.apache.ratis.thirdparty.io.grpc.stub.ClientCalls.blockingUnaryCall(ClientCalls.java:139)
	at org.apache.ratis.proto.grpc.RaftServerProtocolServiceGrpc$RaftServerProtocolServiceBlockingStub.requestVote(RaftServerProtocolServiceGrpc.java:265)
	at org.apache.ratis.grpc.server.GrpcServerProtocolClient.requestVote(GrpcServerProtocolClient.java:90)
	at org.apache.ratis.grpc.server.GrpcService.requestVote(GrpcService.java:204)
	at org.apache.ratis.server.impl.LeaderElection.lambda$submitRequests$1(LeaderElection.java:238)
	at java.util.concurrent.FutureTask.run(FutureTask.java:266)
	at java.util.concurrent.Executors$RunnableAdapter.call(Executors.java:511)
	at java.util.concurrent.FutureTask.run(FutureTask.java:266)
	at java.util.concurrent.ThreadPoolExecutor.runWorker(ThreadPoolExecutor.java:1149)
	at java.util.concurrent.ThreadPoolExecutor$Worker.run(ThreadPoolExecutor.java:624)
	... 1 more
Caused by: org.apache.ratis.thirdparty.io.netty.channel.AbstractChannel$AnnotatedConnectException: Connection refused: /192.168.151.121:42114
	at sun.nio.ch.SocketChannelImpl.checkConnect(Native Method)
	at sun.nio.ch.SocketChannelImpl.finishConnect(SocketChannelImpl.java:717)
	at org.apache.ratis.thirdparty.io.netty.channel.socket.nio.NioSocketChannel.doFinishConnect(NioSocketChannel.java:327)
	at org.apache.ratis.thirdparty.io.netty.channel.nio.AbstractNioChannel$AbstractNioUnsafe.finishConnect(AbstractNioChannel.java:340)
	at org.apache.ratis.thirdparty.io.netty.channel.nio.NioEventLoop.processSelectedKey(NioEventLoop.java:632)
	at org.apache.ratis.thirdparty.io.netty.channel.nio.NioEventLoop.processSelectedKeysOptimized(NioEventLoop.java:579)
	at org.apache.ratis.thirdparty.io.netty.channel.nio.NioEventLoop.processSelectedKeys(NioEventLoop.java:496)
	at org.apache.ratis.thirdparty.io.netty.channel.nio.NioEventLoop.run(NioEventLoop.java:458)
	at org.apache.ratis.thirdparty.io.netty.util.concurrent.SingleThreadEventExecutor$5.run(SingleThreadEventExecutor.java:897)
	at org.apache.ratis.thirdparty.io.netty.util.concurrent.FastThreadLocalRunnable.run(FastThreadLocalRunnable.java:30)
	... 1 more
Caused by: java.net.ConnectException: Connection refused
	... 11 more
2019-09-24 02:33:59,078 [a7fc6e90-75b2-4f8f-bf01-6e094d7f48f9@group-0E5E712D3A28:LeaderElection125] INFO  impl.RaftServerImpl (RaftServerImpl.java:setRole(174)) - a7fc6e90-75b2-4f8f-bf01-6e094d7f48f9@group-0E5E712D3A28: changes role from CANDIDATE to FOLLOWER at term 10 for DISCOVERED_A_NEW_TERM
2019-09-24 02:33:59,078 [a7fc6e90-75b2-4f8f-bf01-6e094d7f48f9@group-0E5E712D3A28:LeaderElection125] INFO  impl.RoleInfo (RoleInfo.java:shutdownLeaderElection(134)) - a7fc6e90-75b2-4f8f-bf01-6e094d7f48f9: shutdown LeaderElection
2019-09-24 02:33:59,078 [a7fc6e90-75b2-4f8f-bf01-6e094d7f48f9@group-0E5E712D3A28:LeaderElection125] INFO  impl.RoleInfo (RoleInfo.java:updateAndGet(143)) - a7fc6e90-75b2-4f8f-bf01-6e094d7f48f9: start FollowerState
2019-09-24 02:33:59,294 [ForkJoinPool.commonPool-worker-0] INFO  ozoneimpl.OzoneContainer (OzoneContainer.java:stop(231)) - Attempting to stop container services.
2019-09-24 02:33:59,304 [main] INFO  ozoneimpl.OzoneContainer (OzoneContainer.java:stop(231)) - Attempting to stop container services.
2019-09-24 02:33:59,306 [ForkJoinPool.commonPool-worker-0] INFO  impl.RaftServerProxy (RaftServerProxy.java:lambda$close$4(314)) - 9d97adb7-296c-40d2-b831-3db9b0cbdbf9: close
2019-09-24 02:33:59,307 [main] INFO  impl.RaftServerProxy (RaftServerProxy.java:lambda$close$4(314)) - a7fc6e90-75b2-4f8f-bf01-6e094d7f48f9: close
2019-09-24 02:33:59,307 [ForkJoinPool.commonPool-worker-0] INFO  impl.RaftServerImpl (RaftServerImpl.java:lambda$shutdown$3(251)) - 9d97adb7-296c-40d2-b831-3db9b0cbdbf9@group-CED085F05024: shutdown
2019-09-24 02:33:59,307 [main] INFO  impl.RaftServerImpl (RaftServerImpl.java:lambda$shutdown$3(251)) - a7fc6e90-75b2-4f8f-bf01-6e094d7f48f9@group-0E5E712D3A28: shutdown
2019-09-24 02:33:59,308 [ForkJoinPool.commonPool-worker-0] INFO  util.JmxRegister (JmxRegister.java:unregister(73)) - Successfully un-registered JMX Bean with object name Ratis:service=RaftServer,group=group-CED085F05024,id=9d97adb7-296c-40d2-b831-3db9b0cbdbf9
2019-09-24 02:33:59,308 [main] INFO  util.JmxRegister (JmxRegister.java:unregister(73)) - Successfully un-registered JMX Bean with object name Ratis:service=RaftServer,group=group-0E5E712D3A28,id=a7fc6e90-75b2-4f8f-bf01-6e094d7f48f9
2019-09-24 02:33:59,308 [ForkJoinPool.commonPool-worker-0] INFO  impl.RoleInfo (RoleInfo.java:shutdownLeaderState(104)) - 9d97adb7-296c-40d2-b831-3db9b0cbdbf9: shutdown LeaderState
2019-09-24 02:33:59,309 [main] INFO  impl.RoleInfo (RoleInfo.java:shutdownFollowerState(121)) - a7fc6e90-75b2-4f8f-bf01-6e094d7f48f9: shutdown FollowerState
2019-09-24 02:33:59,309 [org.apache.ratis.server.impl.LogAppender$AppenderDaemon$$Lambda$430/2026899056@688e2f88] WARN  server.GrpcLogAppender (GrpcLogAppender.java:mayWait(143)) - 9d97adb7-296c-40d2-b831-3db9b0cbdbf9@group-CED085F05024->556942d2-91e9-4f35-a4d7-9eaff3fbfacc-GrpcLogAppender: Wait interrupted by java.lang.InterruptedException
2019-09-24 02:33:59,309 [org.apache.ratis.server.impl.LogAppender$AppenderDaemon$$Lambda$430/2026899056@69820803] WARN  server.GrpcLogAppender (GrpcLogAppender.java:mayWait(143)) - 9d97adb7-296c-40d2-b831-3db9b0cbdbf9@group-CED085F05024->91e2a5f7-65a0-4f99-9d0a-256bd4104c43-GrpcLogAppender: Wait interrupted by java.lang.InterruptedException
2019-09-24 02:33:59,309 [ForkJoinPool.commonPool-worker-0] INFO  impl.PendingRequests (PendingRequests.java:sendNotLeaderResponses(202)) - 9d97adb7-296c-40d2-b831-3db9b0cbdbf9-PendingRequests: sendNotLeaderResponses
2019-09-24 02:33:59,310 [Thread-9586] INFO  impl.FollowerState (FollowerState.java:run(115)) - a7fc6e90-75b2-4f8f-bf01-6e094d7f48f9: FollowerState was interrupted: java.lang.InterruptedException: sleep interrupted
2019-09-24 02:33:59,309 [main] INFO  impl.StateMachineUpdater (StateMachineUpdater.java:stopAndJoin(125)) - a7fc6e90-75b2-4f8f-bf01-6e094d7f48f9@group-0E5E712D3A28-StateMachineUpdater: set stopIndex = 0
2019-09-24 02:33:59,311 [main] INFO  impl.RaftServerImpl (ServerState.java:close(385)) - a7fc6e90-75b2-4f8f-bf01-6e094d7f48f9@group-0E5E712D3A28: closes. applyIndex: 0
2019-09-24 02:33:59,310 [ForkJoinPool.commonPool-worker-0] INFO  impl.StateMachineUpdater (StateMachineUpdater.java:stopAndJoin(125)) - 9d97adb7-296c-40d2-b831-3db9b0cbdbf9@group-CED085F05024-StateMachineUpdater: set stopIndex = 0
2019-09-24 02:33:59,312 [ForkJoinPool.commonPool-worker-0] INFO  impl.RaftServerImpl (ServerState.java:close(385)) - 9d97adb7-296c-40d2-b831-3db9b0cbdbf9@group-CED085F05024: closes. applyIndex: 0
2019-09-24 02:33:59,312 [a7fc6e90-75b2-4f8f-bf01-6e094d7f48f9@group-0E5E712D3A28-SegmentedRaftLogWorker] INFO  segmented.SegmentedRaftLogWorker (SegmentedRaftLogWorker.java:run(313)) - a7fc6e90-75b2-4f8f-bf01-6e094d7f48f9@group-0E5E712D3A28-SegmentedRaftLogWorker was interrupted, exiting. There are 0 tasks remaining in the queue.
2019-09-24 02:33:59,312 [9d97adb7-296c-40d2-b831-3db9b0cbdbf9@group-CED085F05024-SegmentedRaftLogWorker] INFO  segmented.SegmentedRaftLogWorker (SegmentedRaftLogWorker.java:run(313)) - 9d97adb7-296c-40d2-b831-3db9b0cbdbf9@group-CED085F05024-SegmentedRaftLogWorker was interrupted, exiting. There are 0 tasks remaining in the queue.
2019-09-24 02:33:59,312 [main] INFO  segmented.SegmentedRaftLogWorker (SegmentedRaftLogWorker.java:close(228)) - a7fc6e90-75b2-4f8f-bf01-6e094d7f48f9@group-0E5E712D3A28-SegmentedRaftLogWorker close()
2019-09-24 02:33:59,312 [ForkJoinPool.commonPool-worker-0] INFO  segmented.SegmentedRaftLogWorker (SegmentedRaftLogWorker.java:close(228)) - 9d97adb7-296c-40d2-b831-3db9b0cbdbf9@group-CED085F05024-SegmentedRaftLogWorker close()
2019-09-24 02:33:59,314 [main] INFO  impl.RaftServerImpl (RaftServerImpl.java:lambda$shutdown$3(251)) - a7fc6e90-75b2-4f8f-bf01-6e094d7f48f9@group-F295C711455F: shutdown
2019-09-24 02:33:59,316 [ForkJoinPool.commonPool-worker-0] INFO  impl.RaftServerImpl (RaftServerImpl.java:lambda$shutdown$3(251)) - 9d97adb7-296c-40d2-b831-3db9b0cbdbf9@group-B718B0C618A3: shutdown
2019-09-24 02:33:59,316 [main] INFO  util.JmxRegister (JmxRegister.java:unregister(73)) - Successfully un-registered JMX Bean with object name Ratis:service=RaftServer,group=group-F295C711455F,id=a7fc6e90-75b2-4f8f-bf01-6e094d7f48f9
2019-09-24 02:33:59,317 [ForkJoinPool.commonPool-worker-0] INFO  util.JmxRegister (JmxRegister.java:unregister(73)) - Successfully un-registered JMX Bean with object name Ratis:service=RaftServer,group=group-B718B0C618A3,id=9d97adb7-296c-40d2-b831-3db9b0cbdbf9
2019-09-24 02:33:59,317 [main] INFO  impl.RoleInfo (RoleInfo.java:shutdownLeaderState(104)) - a7fc6e90-75b2-4f8f-bf01-6e094d7f48f9: shutdown LeaderState
2019-09-24 02:33:59,317 [ForkJoinPool.commonPool-worker-0] INFO  impl.RoleInfo (RoleInfo.java:shutdownLeaderState(104)) - 9d97adb7-296c-40d2-b831-3db9b0cbdbf9: shutdown LeaderState
2019-09-24 02:33:59,318 [main] INFO  impl.PendingRequests (PendingRequests.java:sendNotLeaderResponses(202)) - a7fc6e90-75b2-4f8f-bf01-6e094d7f48f9-PendingRequests: sendNotLeaderResponses
2019-09-24 02:33:59,318 [ForkJoinPool.commonPool-worker-0] INFO  impl.PendingRequests (PendingRequests.java:sendNotLeaderResponses(202)) - 9d97adb7-296c-40d2-b831-3db9b0cbdbf9-PendingRequests: sendNotLeaderResponses
2019-09-24 02:33:59,318 [main] INFO  impl.StateMachineUpdater (StateMachineUpdater.java:stopAndJoin(125)) - a7fc6e90-75b2-4f8f-bf01-6e094d7f48f9@group-F295C711455F-StateMachineUpdater: set stopIndex = 0
2019-09-24 02:33:59,319 [main] INFO  impl.RaftServerImpl (ServerState.java:close(385)) - a7fc6e90-75b2-4f8f-bf01-6e094d7f48f9@group-F295C711455F: closes. applyIndex: 0
2019-09-24 02:33:59,319 [ForkJoinPool.commonPool-worker-0] INFO  impl.StateMachineUpdater (StateMachineUpdater.java:stopAndJoin(125)) - 9d97adb7-296c-40d2-b831-3db9b0cbdbf9@group-B718B0C618A3-StateMachineUpdater: set stopIndex = 0
2019-09-24 02:33:59,320 [a7fc6e90-75b2-4f8f-bf01-6e094d7f48f9@group-F295C711455F-SegmentedRaftLogWorker] INFO  segmented.SegmentedRaftLogWorker (SegmentedRaftLogWorker.java:run(313)) - a7fc6e90-75b2-4f8f-bf01-6e094d7f48f9@group-F295C711455F-SegmentedRaftLogWorker was interrupted, exiting. There are 0 tasks remaining in the queue.
2019-09-24 02:33:59,320 [ForkJoinPool.commonPool-worker-0] INFO  impl.RaftServerImpl (ServerState.java:close(385)) - 9d97adb7-296c-40d2-b831-3db9b0cbdbf9@group-B718B0C618A3: closes. applyIndex: 0
2019-09-24 02:33:59,320 [main] INFO  segmented.SegmentedRaftLogWorker (SegmentedRaftLogWorker.java:close(228)) - a7fc6e90-75b2-4f8f-bf01-6e094d7f48f9@group-F295C711455F-SegmentedRaftLogWorker close()
2019-09-24 02:33:59,320 [9d97adb7-296c-40d2-b831-3db9b0cbdbf9@group-B718B0C618A3-SegmentedRaftLogWorker] INFO  segmented.SegmentedRaftLogWorker (SegmentedRaftLogWorker.java:run(313)) - 9d97adb7-296c-40d2-b831-3db9b0cbdbf9@group-B718B0C618A3-SegmentedRaftLogWorker was interrupted, exiting. There are 0 tasks remaining in the queue.
2019-09-24 02:33:59,322 [main] INFO  server.GrpcService (GrpcService.java:closeImpl(164)) - a7fc6e90-75b2-4f8f-bf01-6e094d7f48f9: shutdown server with port 34093 now
2019-09-24 02:33:59,322 [ForkJoinPool.commonPool-worker-0] INFO  segmented.SegmentedRaftLogWorker (SegmentedRaftLogWorker.java:close(228)) - 9d97adb7-296c-40d2-b831-3db9b0cbdbf9@group-B718B0C618A3-SegmentedRaftLogWorker close()
2019-09-24 02:33:59,325 [main] INFO  server.GrpcService (GrpcService.java:closeImpl(172)) - a7fc6e90-75b2-4f8f-bf01-6e094d7f48f9: shutdown server with port 34093 successfully
2019-09-24 02:33:59,326 [ForkJoinPool.commonPool-worker-0] INFO  server.GrpcService (GrpcService.java:closeImpl(164)) - 9d97adb7-296c-40d2-b831-3db9b0cbdbf9: shutdown server with port 34687 now
2019-09-24 02:33:59,327 [ForkJoinPool.commonPool-worker-0] INFO  server.GrpcService (GrpcService.java:closeImpl(172)) - 9d97adb7-296c-40d2-b831-3db9b0cbdbf9: shutdown server with port 34687 successfully
2019-09-24 02:33:59,331 [refreshUsed-/workdir/hadoop-ozone/integration-test/target/test-dir/MiniOzoneClusterImpl-3bdd15fc-dee8-458b-a154-153c8414505a/datanode-1/data/containers] WARN  fs.CachingGetSpaceUsed (CachingGetSpaceUsed.java:run(183)) - Thread Interrupted waiting to refresh disk information: sleep interrupted
2019-09-24 02:33:59,332 [refreshUsed-/workdir/hadoop-ozone/integration-test/target/test-dir/MiniOzoneClusterImpl-3bdd15fc-dee8-458b-a154-153c8414505a/datanode-7/data/containers] WARN  fs.CachingGetSpaceUsed (CachingGetSpaceUsed.java:run(183)) - Thread Interrupted waiting to refresh disk information: sleep interrupted
2019-09-24 02:33:59,351 [main] INFO  utils.BackgroundService (BackgroundService.java:shutdown(148)) - Shutting down service BlockDeletingService
2019-09-24 02:33:59,355 [main] INFO  statemachine.DatanodeStateMachine (DatanodeStateMachine.java:stopDaemon(395)) - Ozone container server stopped.
2019-09-24 02:33:59,355 [ForkJoinPool.commonPool-worker-0] INFO  utils.BackgroundService (BackgroundService.java:shutdown(148)) - Shutting down service BlockDeletingService
2019-09-24 02:33:59,356 [main] INFO  handler.ContextHandler (ContextHandler.java:doStop(910)) - Stopped o.e.j.w.WebAppContext@409732fb{/,null,UNAVAILABLE}{/hddsDatanode}
2019-09-24 02:33:59,359 [ForkJoinPool.commonPool-worker-0] INFO  statemachine.DatanodeStateMachine (DatanodeStateMachine.java:stopDaemon(395)) - Ozone container server stopped.
2019-09-24 02:33:59,362 [main] INFO  server.AbstractConnector (AbstractConnector.java:doStop(318)) - Stopped ServerConnector@73d62b5{HTTP/1.1,[http/1.1]}{0.0.0.0:0}
2019-09-24 02:33:59,362 [main] INFO  handler.ContextHandler (ContextHandler.java:doStop(910)) - Stopped o.e.j.s.ServletContextHandler@69d103f0{/static,jar:file:/home/user/.m2/repository/org/apache/hadoop/hadoop-hdds-container-service/0.5.0-SNAPSHOT/hadoop-hdds-container-service-0.5.0-SNAPSHOT.jar!/webapps/static,UNAVAILABLE}
2019-09-24 02:33:59,363 [ForkJoinPool.commonPool-worker-0] INFO  handler.ContextHandler (ContextHandler.java:doStop(910)) - Stopped o.e.j.w.WebAppContext@2aee0704{/,null,UNAVAILABLE}{/hddsDatanode}
2019-09-24 02:33:59,363 [main] INFO  handler.ContextHandler (ContextHandler.java:doStop(910)) - Stopped o.e.j.s.ServletContextHandler@44fd7ba4{/logs,file:///workdir/hadoop-ozone/integration-test/target/log,UNAVAILABLE}
2019-09-24 02:33:59,364 [ForkJoinPool.commonPool-worker-0] INFO  server.AbstractConnector (AbstractConnector.java:doStop(318)) - Stopped ServerConnector@19a5b637{HTTP/1.1,[http/1.1]}{0.0.0.0:0}
2019-09-24 02:33:59,365 [ForkJoinPool.commonPool-worker-0] INFO  handler.ContextHandler (ContextHandler.java:doStop(910)) - Stopped o.e.j.s.ServletContextHandler@527937d0{/static,jar:file:/home/user/.m2/repository/org/apache/hadoop/hadoop-hdds-container-service/0.5.0-SNAPSHOT/hadoop-hdds-container-service-0.5.0-SNAPSHOT.jar!/webapps/static,UNAVAILABLE}
2019-09-24 02:33:59,367 [ForkJoinPool.commonPool-worker-0] INFO  handler.ContextHandler (ContextHandler.java:doStop(910)) - Stopped o.e.j.s.ServletContextHandler@6b063470{/logs,file:///workdir/hadoop-ozone/integration-test/target/log,UNAVAILABLE}
2019-09-24 02:33:59,368 [main] INFO  ozone.MiniOzoneClusterImpl (MiniOzoneClusterImpl.java:stopSCM(392)) - Stopping the StorageContainerManager
2019-09-24 02:33:59,368 [main] INFO  server.StorageContainerManager (StorageContainerManager.java:stop(808)) - Stopping Replication Manager Service.
2019-09-24 02:33:59,368 [main] INFO  container.ReplicationManager (ReplicationManager.java:stop(203)) - Stopping Replication Monitor Thread.
2019-09-24 02:33:59,368 [main] INFO  server.StorageContainerManager (StorageContainerManager.java:stop(815)) - Stopping Lease Manager of the command watchers
2019-09-24 02:33:59,369 [main] INFO  server.StorageContainerManager (StorageContainerManager.java:stop(822)) - Stopping datanode service RPC server
2019-09-24 02:33:59,369 [main] INFO  server.SCMDatanodeProtocolServer (SCMDatanodeProtocolServer.java:stop(367)) - Stopping the RPC server for DataNodes
2019-09-24 02:33:59,369 [main] INFO  ipc.Server (Server.java:stop(3082)) - Stopping server on 45829
2019-09-24 02:33:59,372 [IPC Server listener on 45829] INFO  ipc.Server (Server.java:run(1185)) - Stopping IPC Server listener on 45829
2019-09-24 02:33:59,372 [IPC Server Responder] INFO  ipc.Server (Server.java:run(1319)) - Stopping IPC Server Responder
2019-09-24 02:33:59,379 [SCM Heartbeat Processing Thread - 0] WARN  node.NodeStateManager (NodeStateManager.java:scheduleNextHealthCheck(646)) - Current Thread is interrupted, shutting down HB processing thread for Node Manager.
2019-09-24 02:33:59,380 [main] INFO  server.StorageContainerManager (StorageContainerManager.java:stop(830)) - Stopping block service RPC server
2019-09-24 02:33:59,380 [main] INFO  server.SCMBlockProtocolServer (SCMBlockProtocolServer.java:stop(155)) - Stopping the RPC server for Block Protocol
2019-09-24 02:33:59,380 [main] INFO  ipc.Server (Server.java:stop(3082)) - Stopping server on 46694
2019-09-24 02:33:59,382 [IPC Server listener on 46694] INFO  ipc.Server (Server.java:run(1185)) - Stopping IPC Server listener on 46694
2019-09-24 02:33:59,382 [main] INFO  server.StorageContainerManager (StorageContainerManager.java:stop(837)) - Stopping the StorageContainerLocationProtocol RPC server
2019-09-24 02:33:59,384 [IPC Server Responder] INFO  ipc.Server (Server.java:run(1319)) - Stopping IPC Server Responder
2019-09-24 02:33:59,384 [main] INFO  server.SCMClientProtocolServer (SCMClientProtocolServer.java:stop(159)) - Stopping the RPC server for Client Protocol
2019-09-24 02:33:59,384 [main] INFO  ipc.Server (Server.java:stop(3082)) - Stopping server on 39414
2019-09-24 02:33:59,386 [IPC Server listener on 39414] INFO  ipc.Server (Server.java:run(1185)) - Stopping IPC Server listener on 39414
2019-09-24 02:33:59,386 [main] INFO  server.StorageContainerManager (StorageContainerManager.java:stop(844)) - Stopping Storage Container Manager HTTP server.
2019-09-24 02:33:59,387 [IPC Server Responder] INFO  ipc.Server (Server.java:run(1319)) - Stopping IPC Server Responder
2019-09-24 02:33:59,387 [main] INFO  handler.ContextHandler (ContextHandler.java:doStop(910)) - Stopped o.e.j.w.WebAppContext@5012c571{/,null,UNAVAILABLE}{/scm}
2019-09-24 02:33:59,388 [main] INFO  server.AbstractConnector (AbstractConnector.java:doStop(318)) - Stopped ServerConnector@6486fe7b{HTTP/1.1,[http/1.1]}{0.0.0.0:0}
2019-09-24 02:33:59,388 [main] INFO  handler.ContextHandler (ContextHandler.java:doStop(910)) - Stopped o.e.j.s.ServletContextHandler@448462f0{/static,file:///workdir/hadoop-ozone/integration-test/target/test-classes/webapps/static,UNAVAILABLE}
2019-09-24 02:33:59,389 [main] INFO  handler.ContextHandler (ContextHandler.java:doStop(910)) - Stopped o.e.j.s.ServletContextHandler@138f0661{/logs,file:///workdir/hadoop-ozone/integration-test/target/log,UNAVAILABLE}
2019-09-24 02:33:59,389 [main] INFO  server.StorageContainerManager (StorageContainerManager.java:stop(855)) - Stopping Block Manager Service.
2019-09-24 02:33:59,389 [main] INFO  utils.BackgroundService (BackgroundService.java:shutdown(148)) - Shutting down service SCMBlockDeletingService
2019-09-24 02:33:59,390 [main] INFO  utils.BackgroundService (BackgroundService.java:shutdown(148)) - Shutting down service SCMBlockDeletingService
2019-09-24 02:33:59,390 [main] INFO  server.StorageContainerManager (StorageContainerManager.java:stop(877)) - Stopping SCM Event Queue.
2019-09-24 02:33:59,393 [main] INFO  impl.MetricsSystemImpl (MetricsSystemImpl.java:stop(210)) - Stopping HddsDatanode metrics system...
2019-09-24 02:33:59,416 [main] INFO  impl.MetricsSystemImpl (MetricsSystemImpl.java:stop(216)) - HddsDatanode metrics system stopped.
]]></system-out>
    <system-err><![CDATA[Sep 24, 2019 2:33:38 AM org.apache.ratis.thirdparty.io.grpc.internal.SerializingExecutor run
SEVERE: Exception while executing runnable org.apache.ratis.thirdparty.io.grpc.internal.ServerImpl$JumpToApplicationThreadServerStreamListener$1Closed@44657fcd
org.apache.ratis.thirdparty.io.grpc.StatusRuntimeException: CANCELLED: call already cancelled
	at org.apache.ratis.thirdparty.io.grpc.Status.asRuntimeException(Status.java:517)
	at org.apache.ratis.thirdparty.io.grpc.stub.ServerCalls$ServerCallStreamObserverImpl.onCompleted(ServerCalls.java:356)
	at org.apache.ratis.grpc.server.GrpcServerProtocolService$ServerRequestStreamObserver.onError(GrpcServerProtocolService.java:121)
	at org.apache.ratis.thirdparty.io.grpc.stub.ServerCalls$StreamingServerCallHandler$StreamingServerCallListener.onCancel(ServerCalls.java:269)
	at org.apache.ratis.thirdparty.io.grpc.internal.ServerCallImpl$ServerStreamListenerImpl.closed(ServerCallImpl.java:293)
	at org.apache.ratis.thirdparty.io.grpc.internal.ServerImpl$JumpToApplicationThreadServerStreamListener$1Closed.runInContext(ServerImpl.java:741)
	at org.apache.ratis.thirdparty.io.grpc.internal.ContextRunnable.run(ContextRunnable.java:37)
	at org.apache.ratis.thirdparty.io.grpc.internal.SerializingExecutor.run(SerializingExecutor.java:123)
	at java.util.concurrent.ThreadPoolExecutor.runWorker(ThreadPoolExecutor.java:1149)
	at java.util.concurrent.ThreadPoolExecutor$Worker.run(ThreadPoolExecutor.java:624)
	at java.lang.Thread.run(Thread.java:748)

Sep 24, 2019 2:33:38 AM org.apache.ratis.thirdparty.io.grpc.internal.SerializingExecutor run
SEVERE: Exception while executing runnable org.apache.ratis.thirdparty.io.grpc.internal.ServerImpl$JumpToApplicationThreadServerStreamListener$1Closed@3234be0c
org.apache.ratis.thirdparty.io.grpc.StatusRuntimeException: CANCELLED: call already cancelled
	at org.apache.ratis.thirdparty.io.grpc.Status.asRuntimeException(Status.java:517)
	at org.apache.ratis.thirdparty.io.grpc.stub.ServerCalls$ServerCallStreamObserverImpl.onCompleted(ServerCalls.java:356)
	at org.apache.ratis.grpc.server.GrpcServerProtocolService$ServerRequestStreamObserver.onError(GrpcServerProtocolService.java:121)
	at org.apache.ratis.thirdparty.io.grpc.stub.ServerCalls$StreamingServerCallHandler$StreamingServerCallListener.onCancel(ServerCalls.java:269)
	at org.apache.ratis.thirdparty.io.grpc.internal.ServerCallImpl$ServerStreamListenerImpl.closed(ServerCallImpl.java:293)
	at org.apache.ratis.thirdparty.io.grpc.internal.ServerImpl$JumpToApplicationThreadServerStreamListener$1Closed.runInContext(ServerImpl.java:741)
	at org.apache.ratis.thirdparty.io.grpc.internal.ContextRunnable.run(ContextRunnable.java:37)
	at org.apache.ratis.thirdparty.io.grpc.internal.SerializingExecutor.run(SerializingExecutor.java:123)
	at java.util.concurrent.ThreadPoolExecutor.runWorker(ThreadPoolExecutor.java:1149)
	at java.util.concurrent.ThreadPoolExecutor$Worker.run(ThreadPoolExecutor.java:624)
	at java.lang.Thread.run(Thread.java:748)

Sep 24, 2019 2:33:44 AM org.apache.ratis.thirdparty.io.grpc.internal.SerializingExecutor run
SEVERE: Exception while executing runnable org.apache.ratis.thirdparty.io.grpc.internal.ServerImpl$JumpToApplicationThreadServerStreamListener$1Closed@7ed0fcb2
org.apache.ratis.thirdparty.io.grpc.StatusRuntimeException: CANCELLED: call already cancelled
	at org.apache.ratis.thirdparty.io.grpc.Status.asRuntimeException(Status.java:517)
	at org.apache.ratis.thirdparty.io.grpc.stub.ServerCalls$ServerCallStreamObserverImpl.onCompleted(ServerCalls.java:356)
	at org.apache.ratis.grpc.server.GrpcServerProtocolService$ServerRequestStreamObserver.onError(GrpcServerProtocolService.java:121)
	at org.apache.ratis.thirdparty.io.grpc.stub.ServerCalls$StreamingServerCallHandler$StreamingServerCallListener.onCancel(ServerCalls.java:269)
	at org.apache.ratis.thirdparty.io.grpc.internal.ServerCallImpl$ServerStreamListenerImpl.closed(ServerCallImpl.java:293)
	at org.apache.ratis.thirdparty.io.grpc.internal.ServerImpl$JumpToApplicationThreadServerStreamListener$1Closed.runInContext(ServerImpl.java:741)
	at org.apache.ratis.thirdparty.io.grpc.internal.ContextRunnable.run(ContextRunnable.java:37)
	at org.apache.ratis.thirdparty.io.grpc.internal.SerializingExecutor.run(SerializingExecutor.java:123)
	at java.util.concurrent.ThreadPoolExecutor.runWorker(ThreadPoolExecutor.java:1149)
	at java.util.concurrent.ThreadPoolExecutor$Worker.run(ThreadPoolExecutor.java:624)
	at java.lang.Thread.run(Thread.java:748)

Sep 24, 2019 2:33:44 AM org.apache.ratis.thirdparty.io.grpc.internal.SerializingExecutor run
SEVERE: Exception while executing runnable org.apache.ratis.thirdparty.io.grpc.internal.ServerImpl$JumpToApplicationThreadServerStreamListener$1Closed@7dce5c01
org.apache.ratis.thirdparty.io.grpc.StatusRuntimeException: CANCELLED: call already cancelled
	at org.apache.ratis.thirdparty.io.grpc.Status.asRuntimeException(Status.java:517)
	at org.apache.ratis.thirdparty.io.grpc.stub.ServerCalls$ServerCallStreamObserverImpl.onCompleted(ServerCalls.java:356)
	at org.apache.ratis.grpc.server.GrpcServerProtocolService$ServerRequestStreamObserver.onError(GrpcServerProtocolService.java:121)
	at org.apache.ratis.thirdparty.io.grpc.stub.ServerCalls$StreamingServerCallHandler$StreamingServerCallListener.onCancel(ServerCalls.java:269)
	at org.apache.ratis.thirdparty.io.grpc.internal.ServerCallImpl$ServerStreamListenerImpl.closed(ServerCallImpl.java:293)
	at org.apache.ratis.thirdparty.io.grpc.internal.ServerImpl$JumpToApplicationThreadServerStreamListener$1Closed.runInContext(ServerImpl.java:741)
	at org.apache.ratis.thirdparty.io.grpc.internal.ContextRunnable.run(ContextRunnable.java:37)
	at org.apache.ratis.thirdparty.io.grpc.internal.SerializingExecutor.run(SerializingExecutor.java:123)
	at java.util.concurrent.ThreadPoolExecutor.runWorker(ThreadPoolExecutor.java:1149)
	at java.util.concurrent.ThreadPoolExecutor$Worker.run(ThreadPoolExecutor.java:624)
	at java.lang.Thread.run(Thread.java:748)

Sep 24, 2019 2:33:54 AM org.apache.ratis.thirdparty.io.grpc.internal.SerializingExecutor run
SEVERE: Exception while executing runnable org.apache.ratis.thirdparty.io.grpc.internal.ServerImpl$JumpToApplicationThreadServerStreamListener$1Closed@258e684e
org.apache.ratis.thirdparty.io.grpc.StatusRuntimeException: CANCELLED: call already cancelled
	at org.apache.ratis.thirdparty.io.grpc.Status.asRuntimeException(Status.java:517)
	at org.apache.ratis.thirdparty.io.grpc.stub.ServerCalls$ServerCallStreamObserverImpl.onCompleted(ServerCalls.java:356)
	at org.apache.ratis.grpc.server.GrpcServerProtocolService$ServerRequestStreamObserver.onError(GrpcServerProtocolService.java:121)
	at org.apache.ratis.thirdparty.io.grpc.stub.ServerCalls$StreamingServerCallHandler$StreamingServerCallListener.onCancel(ServerCalls.java:269)
	at org.apache.ratis.thirdparty.io.grpc.internal.ServerCallImpl$ServerStreamListenerImpl.closed(ServerCallImpl.java:293)
	at org.apache.ratis.thirdparty.io.grpc.internal.ServerImpl$JumpToApplicationThreadServerStreamListener$1Closed.runInContext(ServerImpl.java:741)
	at org.apache.ratis.thirdparty.io.grpc.internal.ContextRunnable.run(ContextRunnable.java:37)
	at org.apache.ratis.thirdparty.io.grpc.internal.SerializingExecutor.run(SerializingExecutor.java:123)
	at java.util.concurrent.ThreadPoolExecutor.runWorker(ThreadPoolExecutor.java:1149)
	at java.util.concurrent.ThreadPoolExecutor$Worker.run(ThreadPoolExecutor.java:624)
	at java.lang.Thread.run(Thread.java:748)

]]></system-err>
  </testcase>
</testsuite>