<?xml version="1.0" encoding="UTF-8"?>
<testsuite xmlns:xsi="http://www.w3.org/2001/XMLSchema-instance" xsi:noNamespaceSchemaLocation="https://maven.apache.org/surefire/maven-surefire-plugin/xsd/surefire-test-report.xsd" name="org.apache.hadoop.ozone.client.rpc.TestCloseContainerHandlingByClient" time="142.215" tests="1" errors="1" skipped="0" failures="0">
  <properties>
    <property name="awt.toolkit" value="sun.awt.X11.XToolkit"/>
    <property name="file.encoding.pkg" value="sun.io"/>
    <property name="java.specification.version" value="1.8"/>
    <property name="sun.cpu.isalist" value=""/>
    <property name="sun.jnu.encoding" value="UTF-8"/>
    <property name="java.class.path" value="/workdir/hadoop-ozone/integration-test/target/test-classes:/workdir/hadoop-ozone/integration-test/target/classes:/home/user/.m2/repository/org/apache/hadoop/hadoop-ozone-common/0.5.0-SNAPSHOT/hadoop-ozone-common-0.5.0-SNAPSHOT.jar:/home/user/.m2/repository/org/apache/commons/commons-compress/1.4.1/commons-compress-1.4.1.jar:/home/user/.m2/repository/org/tukaani/xz/1.0/xz-1.0.jar:/home/user/.m2/repository/org/apache/hadoop/hadoop-common/3.2.0/hadoop-common-3.2.0.jar:/home/user/.m2/repository/org/apache/hadoop/hadoop-hdfs/3.2.0/hadoop-hdfs-3.2.0.jar:/home/user/.m2/repository/org/apache/hadoop/hadoop-hdfs-client/3.2.0/hadoop-hdfs-client-3.2.0.jar:/home/user/.m2/repository/com/fasterxml/jackson/core/jackson-annotations/2.9.9/jackson-annotations-2.9.9.jar:/home/user/.m2/repository/org/apache/hadoop/hadoop-hdds-common/0.5.0-SNAPSHOT/hadoop-hdds-common-0.5.0-SNAPSHOT.jar:/home/user/.m2/repository/javax/annotation/javax.annotation-api/1.2/javax.annotation-api-1.2.jar:/home/user/.m2/repository/org/apache/ratis/ratis-server/0.4.0/ratis-server-0.4.0.jar:/home/user/.m2/repository/org/apache/ratis/ratis-thirdparty-misc/0.2.0/ratis-thirdparty-misc-0.2.0.jar:/home/user/.m2/repository/org/apache/ratis/ratis-proto/0.4.0/ratis-proto-0.4.0.jar:/home/user/.m2/repository/org/apache/ratis/ratis-common/0.4.0/ratis-common-0.4.0.jar:/home/user/.m2/repository/org/apache/ratis/ratis-client/0.4.0/ratis-client-0.4.0.jar:/home/user/.m2/repository/org/apache/ratis/ratis-metrics/0.4.0/ratis-metrics-0.4.0.jar:/home/user/.m2/repository/com/github/joshelser/dropwizard-metrics-hadoop-metrics2-reporter/0.1.2/dropwizard-metrics-hadoop-metrics2-reporter-0.1.2.jar:/home/user/.m2/repository/io/dropwizard/metrics/metrics-jvm/3.2.5/metrics-jvm-3.2.5.jar:/home/user/.m2/repository/io/dropwizard/metrics/metrics-ganglia/3.2.5/metrics-ganglia-3.2.5.jar:/home/user/.m2/repository/info/ganglia/gmetric4j/gmetric4j/1.0.7/gmetric4j-1.0.7.jar:/home/user/.m2/repository/org/apache/ratis/ratis-netty/0.4.0/ratis-netty-0.4.0.jar:/home/user/.m2/repository/org/apache/ratis/ratis-grpc/0.4.0/ratis-grpc-0.4.0.jar:/home/user/.m2/repository/org/rocksdb/rocksdbjni/6.0.1/rocksdbjni-6.0.1.jar:/home/user/.m2/repository/org/apache/logging/log4j/log4j-api/2.11.0/log4j-api-2.11.0.jar:/home/user/.m2/repository/org/apache/logging/log4j/log4j-core/2.11.0/log4j-core-2.11.0.jar:/home/user/.m2/repository/com/lmax/disruptor/3.4.2/disruptor-3.4.2.jar:/home/user/.m2/repository/org/apache/commons/commons-pool2/2.6.0/commons-pool2-2.6.0.jar:/home/user/.m2/repository/org/bouncycastle/bcpkix-jdk15on/1.60/bcpkix-jdk15on-1.60.jar:/home/user/.m2/repository/commons-validator/commons-validator/1.6/commons-validator-1.6.jar:/home/user/.m2/repository/commons-digester/commons-digester/1.8.1/commons-digester-1.8.1.jar:/home/user/.m2/repository/io/jaegertracing/jaeger-client/0.34.0/jaeger-client-0.34.0.jar:/home/user/.m2/repository/io/jaegertracing/jaeger-thrift/0.34.0/jaeger-thrift-0.34.0.jar:/home/user/.m2/repository/org/apache/thrift/libthrift/0.12.0/libthrift-0.12.0.jar:/home/user/.m2/repository/com/squareup/okhttp3/okhttp/3.9.0/okhttp-3.9.0.jar:/home/user/.m2/repository/com/squareup/okio/okio/1.13.0/okio-1.13.0.jar:/home/user/.m2/repository/io/jaegertracing/jaeger-core/0.34.0/jaeger-core-0.34.0.jar:/home/user/.m2/repository/io/jaegertracing/jaeger-tracerresolver/0.34.0/jaeger-tracerresolver-0.34.0.jar:/home/user/.m2/repository/io/opentracing/contrib/opentracing-tracerresolver/0.1.5/opentracing-tracerresolver-0.1.5.jar:/home/user/.m2/repository/io/opentracing/opentracing-util/0.31.0/opentracing-util-0.31.0.jar:/home/user/.m2/repository/io/opentracing/opentracing-api/0.31.0/opentracing-api-0.31.0.jar:/home/user/.m2/repository/io/opentracing/opentracing-noop/0.31.0/opentracing-noop-0.31.0.jar:/home/user/.m2/repository/org/apache/hadoop/hadoop-hdds-server-framework/0.5.0-SNAPSHOT/hadoop-hdds-server-framework-0.5.0-SNAPSHOT.jar:/home/user/.m2/repository/org/apache/hadoop/hadoop-hdds-container-service/0.5.0-SNAPSHOT/hadoop-hdds-container-service-0.5.0-SNAPSHOT.jar:/home/user/.m2/repository/org/apache/hadoop/hadoop-hdds-client/0.5.0-SNAPSHOT/hadoop-hdds-client-0.5.0-SNAPSHOT.jar:/home/user/.m2/repository/org/apache/hadoop/hadoop-hdds-tools/0.5.0-SNAPSHOT/hadoop-hdds-tools-0.5.0-SNAPSHOT.jar:/home/user/.m2/repository/org/apache/hadoop/hadoop-hdds-server-scm/0.5.0-SNAPSHOT/hadoop-hdds-server-scm-0.5.0-SNAPSHOT.jar:/home/user/.m2/repository/org/apache/hadoop/hadoop-hdds-docs/0.5.0-SNAPSHOT/hadoop-hdds-docs-0.5.0-SNAPSHOT.jar:/home/user/.m2/repository/io/dropwizard/metrics/metrics-core/3.2.4/metrics-core-3.2.4.jar:/home/user/.m2/repository/org/hamcrest/hamcrest-all/1.3/hamcrest-all-1.3.jar:/home/user/.m2/repository/org/bouncycastle/bcprov-jdk15on/1.60/bcprov-jdk15on-1.60.jar:/home/user/.m2/repository/info/picocli/picocli/3.9.6/picocli-3.9.6.jar:/home/user/.m2/repository/com/google/protobuf/protobuf-java/2.5.0/protobuf-java-2.5.0.jar:/home/user/.m2/repository/com/google/guava/guava/11.0.2/guava-11.0.2.jar:/home/user/.m2/repository/org/apache/hadoop/hadoop-ozone-ozone-manager/0.5.0-SNAPSHOT/hadoop-ozone-ozone-manager-0.5.0-SNAPSHOT.jar:/home/user/.m2/repository/org/apache/hadoop/hadoop-minikdc/3.2.0/hadoop-minikdc-3.2.0.jar:/home/user/.m2/repository/commons-io/commons-io/2.5/commons-io-2.5.jar:/home/user/.m2/repository/org/apache/kerby/kerb-simplekdc/1.0.1/kerb-simplekdc-1.0.1.jar:/home/user/.m2/repository/org/apache/kerby/kerb-client/1.0.1/kerb-client-1.0.1.jar:/home/user/.m2/repository/org/apache/kerby/kerby-config/1.0.1/kerby-config-1.0.1.jar:/home/user/.m2/repository/org/apache/kerby/kerb-core/1.0.1/kerb-core-1.0.1.jar:/home/user/.m2/repository/org/apache/kerby/kerby-pkix/1.0.1/kerby-pkix-1.0.1.jar:/home/user/.m2/repository/org/apache/kerby/kerby-asn1/1.0.1/kerby-asn1-1.0.1.jar:/home/user/.m2/repository/org/apache/kerby/kerby-util/1.0.1/kerby-util-1.0.1.jar:/home/user/.m2/repository/org/apache/kerby/kerb-common/1.0.1/kerb-common-1.0.1.jar:/home/user/.m2/repository/org/apache/kerby/kerb-crypto/1.0.1/kerb-crypto-1.0.1.jar:/home/user/.m2/repository/org/apache/kerby/kerb-util/1.0.1/kerb-util-1.0.1.jar:/home/user/.m2/repository/org/apache/kerby/token-provider/1.0.1/token-provider-1.0.1.jar:/home/user/.m2/repository/org/apache/kerby/kerb-admin/1.0.1/kerb-admin-1.0.1.jar:/home/user/.m2/repository/org/apache/kerby/kerb-server/1.0.1/kerb-server-1.0.1.jar:/home/user/.m2/repository/org/apache/kerby/kerb-identity/1.0.1/kerb-identity-1.0.1.jar:/home/user/.m2/repository/org/apache/kerby/kerby-xdr/1.0.1/kerby-xdr-1.0.1.jar:/home/user/.m2/repository/org/slf4j/slf4j-log4j12/1.7.25/slf4j-log4j12-1.7.25.jar:/home/user/.m2/repository/org/apache/hadoop/hadoop-ozone-s3gateway/0.5.0-SNAPSHOT/hadoop-ozone-s3gateway-0.5.0-SNAPSHOT.jar:/home/user/.m2/repository/org/jboss/weld/servlet/weld-servlet/2.4.7.Final/weld-servlet-2.4.7.Final.jar:/home/user/.m2/repository/org/glassfish/jersey/containers/jersey-container-servlet-core/2.27/jersey-container-servlet-core-2.27.jar:/home/user/.m2/repository/org/glassfish/hk2/external/javax.inject/2.5.0-b42/javax.inject-2.5.0-b42.jar:/home/user/.m2/repository/org/glassfish/jersey/core/jersey-common/2.27/jersey-common-2.27.jar:/home/user/.m2/repository/org/glassfish/hk2/osgi-resource-locator/1.0.1/osgi-resource-locator-1.0.1.jar:/home/user/.m2/repository/javax/ws/rs/javax.ws.rs-api/2.1/javax.ws.rs-api-2.1.jar:/home/user/.m2/repository/org/glassfish/jersey/ext/cdi/jersey-cdi1x/2.27/jersey-cdi1x-2.27.jar:/home/user/.m2/repository/org/glassfish/jersey/inject/jersey-hk2/2.27/jersey-hk2-2.27.jar:/home/user/.m2/repository/org/glassfish/hk2/hk2-locator/2.5.0-b42/hk2-locator-2.5.0-b42.jar:/home/user/.m2/repository/org/javassist/javassist/3.22.0-CR2/javassist-3.22.0-CR2.jar:/home/user/.m2/repository/org/glassfish/hk2/hk2-api/2.5.0/hk2-api-2.5.0.jar:/home/user/.m2/repository/org/glassfish/hk2/external/jakarta.inject/2.5.0/jakarta.inject-2.5.0.jar:/home/user/.m2/repository/org/glassfish/hk2/hk2-utils/2.5.0/hk2-utils-2.5.0.jar:/home/user/.m2/repository/jakarta/annotation/jakarta.annotation-api/1.3.4/jakarta.annotation-api-1.3.4.jar:/home/user/.m2/repository/org/glassfish/hk2/external/aopalliance-repackaged/2.5.0/aopalliance-repackaged-2.5.0.jar:/home/user/.m2/repository/com/fasterxml/jackson/dataformat/jackson-dataformat-xml/2.9.0/jackson-dataformat-xml-2.9.0.jar:/home/user/.m2/repository/com/fasterxml/jackson/core/jackson-core/2.9.9/jackson-core-2.9.9.jar:/home/user/.m2/repository/com/fasterxml/jackson/module/jackson-module-jaxb-annotations/2.9.9/jackson-module-jaxb-annotations-2.9.9.jar:/home/user/.m2/repository/javax/enterprise/cdi-api/1.2/cdi-api-1.2.jar:/home/user/.m2/repository/javax/el/javax.el-api/3.0.0/javax.el-api-3.0.0.jar:/home/user/.m2/repository/javax/interceptor/javax.interceptor-api/1.2/javax.interceptor-api-1.2.jar:/home/user/.m2/repository/javax/inject/javax.inject/1/javax.inject-1.jar:/home/user/.m2/repository/com/sun/xml/bind/jaxb-impl/2.3.0.1/jaxb-impl-2.3.0.1.jar:/home/user/.m2/repository/com/sun/xml/bind/jaxb-core/2.3.0.1/jaxb-core-2.3.0.1.jar:/home/user/.m2/repository/javax/xml/bind/jaxb-api/2.3.0/jaxb-api-2.3.0.jar:/home/user/.m2/repository/javax/activation/activation/1.1.1/activation-1.1.1.jar:/home/user/.m2/repository/org/apache/hadoop/hadoop-ozone-csi/0.5.0-SNAPSHOT/hadoop-ozone-csi-0.5.0-SNAPSHOT.jar:/home/user/.m2/repository/com/google/protobuf/protobuf-java-util/3.5.1/protobuf-java-util-3.5.1.jar:/home/user/.m2/repository/org/apache/hadoop/hadoop-hdds-config/0.5.0-SNAPSHOT/hadoop-hdds-config-0.5.0-SNAPSHOT.jar:/home/user/.m2/repository/io/grpc/grpc-netty/1.17.1/grpc-netty-1.17.1.jar:/home/user/.m2/repository/io/grpc/grpc-core/1.17.1/grpc-core-1.17.1.jar:/home/user/.m2/repository/io/grpc/grpc-context/1.17.1/grpc-context-1.17.1.jar:/home/user/.m2/repository/com/google/errorprone/error_prone_annotations/2.2.0/error_prone_annotations-2.2.0.jar:/home/user/.m2/repository/org/codehaus/mojo/animal-sniffer-annotations/1.17/animal-sniffer-annotations-1.17.jar:/home/user/.m2/repository/io/opencensus/opencensus-api/0.17.0/opencensus-api-0.17.0.jar:/home/user/.m2/repository/io/opencensus/opencensus-contrib-grpc-metrics/0.17.0/opencensus-contrib-grpc-metrics-0.17.0.jar:/home/user/.m2/repository/io/netty/netty-codec-http2/4.1.30.Final/netty-codec-http2-4.1.30.Final.jar:/home/user/.m2/repository/io/netty/netty-codec-http/4.1.30.Final/netty-codec-http-4.1.30.Final.jar:/home/user/.m2/repository/io/netty/netty-codec/4.1.30.Final/netty-codec-4.1.30.Final.jar:/home/user/.m2/repository/io/netty/netty-handler/4.1.30.Final/netty-handler-4.1.30.Final.jar:/home/user/.m2/repository/io/netty/netty-handler-proxy/4.1.30.Final/netty-handler-proxy-4.1.30.Final.jar:/home/user/.m2/repository/io/netty/netty-codec-socks/4.1.30.Final/netty-codec-socks-4.1.30.Final.jar:/home/user/.m2/repository/io/netty/netty-transport-native-epoll/4.1.30.Final/netty-transport-native-epoll-4.1.30.Final.jar:/home/user/.m2/repository/io/netty/netty-common/4.1.30.Final/netty-common-4.1.30.Final.jar:/home/user/.m2/repository/io/netty/netty-buffer/4.1.30.Final/netty-buffer-4.1.30.Final.jar:/home/user/.m2/repository/io/netty/netty-transport/4.1.30.Final/netty-transport-4.1.30.Final.jar:/home/user/.m2/repository/io/netty/netty-resolver/4.1.30.Final/netty-resolver-4.1.30.Final.jar:/home/user/.m2/repository/io/netty/netty-transport-native-unix-common/4.1.30.Final/netty-transport-native-unix-common-4.1.30.Final.jar:/home/user/.m2/repository/io/grpc/grpc-protobuf/1.17.1/grpc-protobuf-1.17.1.jar:/home/user/.m2/repository/com/google/api/grpc/proto-google-common-protos/1.0.0/proto-google-common-protos-1.0.0.jar:/home/user/.m2/repository/io/grpc/grpc-protobuf-lite/1.17.1/grpc-protobuf-lite-1.17.1.jar:/home/user/.m2/repository/io/grpc/grpc-stub/1.17.1/grpc-stub-1.17.1.jar:/home/user/.m2/repository/org/apache/hadoop/hadoop-ozone-recon/0.5.0-SNAPSHOT/hadoop-ozone-recon-0.5.0-SNAPSHOT.jar:/home/user/.m2/repository/org/apache/hadoop/hadoop-ozone-reconcodegen/0.5.0-SNAPSHOT/hadoop-ozone-reconcodegen-0.5.0-SNAPSHOT.jar:/home/user/.m2/repository/com/google/inject/extensions/guice-multibindings/4.0/guice-multibindings-4.0.jar:/home/user/.m2/repository/com/google/inject/guice/4.0/guice-4.0.jar:/home/user/.m2/repository/aopalliance/aopalliance/1.0/aopalliance-1.0.jar:/home/user/.m2/repository/com/google/inject/extensions/guice-servlet/4.0/guice-servlet-4.0.jar:/home/user/.m2/repository/org/glassfish/jersey/containers/jersey-container-servlet/2.27/jersey-container-servlet-2.27.jar:/home/user/.m2/repository/org/glassfish/hk2/guice-bridge/2.5.0/guice-bridge-2.5.0.jar:/home/user/.m2/repository/org/glassfish/jersey/core/jersey-server/2.27/jersey-server-2.27.jar:/home/user/.m2/repository/org/glassfish/jersey/core/jersey-client/2.27/jersey-client-2.27.jar:/home/user/.m2/repository/org/glassfish/jersey/media/jersey-media-jaxb/2.27/jersey-media-jaxb-2.27.jar:/home/user/.m2/repository/javax/validation/validation-api/1.1.0.Final/validation-api-1.1.0.Final.jar:/home/user/.m2/repository/org/glassfish/jersey/media/jersey-media-json-jackson/2.27/jersey-media-json-jackson-2.27.jar:/home/user/.m2/repository/org/glassfish/jersey/ext/jersey-entity-filtering/2.27/jersey-entity-filtering-2.27.jar:/home/user/.m2/repository/com/google/inject/extensions/guice-assistedinject/4.0/guice-assistedinject-4.0.jar:/home/user/.m2/repository/org/jooq/jooq/3.11.10/jooq-3.11.10.jar:/home/user/.m2/repository/org/jooq/jooq-meta/3.11.10/jooq-meta-3.11.10.jar:/home/user/.m2/repository/org/jooq/jooq-codegen/3.11.10/jooq-codegen-3.11.10.jar:/home/user/.m2/repository/com/jolbox/bonecp/0.8.0.RELEASE/bonecp-0.8.0.RELEASE.jar:/home/user/.m2/repository/org/xerial/sqlite-jdbc/3.25.2/sqlite-jdbc-3.25.2.jar:/home/user/.m2/repository/org/springframework/spring-jdbc/5.1.3.RELEASE/spring-jdbc-5.1.3.RELEASE.jar:/home/user/.m2/repository/org/springframework/spring-beans/5.1.3.RELEASE/spring-beans-5.1.3.RELEASE.jar:/home/user/.m2/repository/org/springframework/spring-core/5.1.3.RELEASE/spring-core-5.1.3.RELEASE.jar:/home/user/.m2/repository/org/springframework/spring-jcl/5.1.3.RELEASE/spring-jcl-5.1.3.RELEASE.jar:/home/user/.m2/repository/org/springframework/spring-tx/5.1.3.RELEASE/spring-tx-5.1.3.RELEASE.jar:/home/user/.m2/repository/org/apache/hadoop/hadoop-ozone-client/0.5.0-SNAPSHOT/hadoop-ozone-client-0.5.0-SNAPSHOT.jar:/home/user/.m2/repository/commons-lang/commons-lang/2.6/commons-lang-2.6.jar:/home/user/.m2/repository/org/apache/hadoop/hadoop-ozone-ozone-manager/0.5.0-SNAPSHOT/hadoop-ozone-ozone-manager-0.5.0-SNAPSHOT-tests.jar:/home/user/.m2/repository/junit/junit/4.11/junit-4.11.jar:/home/user/.m2/repository/org/hamcrest/hamcrest-core/1.3/hamcrest-core-1.3.jar:/home/user/.m2/repository/org/openjdk/jmh/jmh-core/1.19/jmh-core-1.19.jar:/home/user/.m2/repository/net/sf/jopt-simple/jopt-simple/4.6/jopt-simple-4.6.jar:/home/user/.m2/repository/org/apache/commons/commons-math3/3.1.1/commons-math3-3.1.1.jar:/home/user/.m2/repository/org/openjdk/jmh/jmh-generator-annprocess/1.19/jmh-generator-annprocess-1.19.jar:/home/user/.m2/repository/org/mockito/mockito-all/1.8.5/mockito-all-1.8.5.jar:/home/user/.m2/repository/org/apache/hadoop/hadoop-kms/3.2.0/hadoop-kms-3.2.0.jar:/home/user/.m2/repository/org/apache/hadoop/hadoop-auth/3.2.0/hadoop-auth-3.2.0.jar:/home/user/.m2/repository/com/nimbusds/nimbus-jose-jwt/4.41.1/nimbus-jose-jwt-4.41.1.jar:/home/user/.m2/repository/com/github/stephenc/jcip/jcip-annotations/1.0-1/jcip-annotations-1.0-1.jar:/home/user/.m2/repository/net/minidev/json-smart/2.3/json-smart-2.3.jar:/home/user/.m2/repository/net/minidev/accessors-smart/1.2/accessors-smart-1.2.jar:/home/user/.m2/repository/org/ow2/asm/asm/5.0.4/asm-5.0.4.jar:/home/user/.m2/repository/org/apache/curator/curator-framework/2.12.0/curator-framework-2.12.0.jar:/home/user/.m2/repository/com/sun/jersey/jersey-core/1.19/jersey-core-1.19.jar:/home/user/.m2/repository/javax/ws/rs/jsr311-api/1.1.1/jsr311-api-1.1.1.jar:/home/user/.m2/repository/com/sun/jersey/jersey-server/1.19/jersey-server-1.19.jar:/home/user/.m2/repository/javax/servlet/javax.servlet-api/3.1.0/javax.servlet-api-3.1.0.jar:/home/user/.m2/repository/org/eclipse/jetty/jetty-server/9.3.25.v20180904/jetty-server-9.3.25.v20180904.jar:/home/user/.m2/repository/org/eclipse/jetty/jetty-http/9.3.25.v20180904/jetty-http-9.3.25.v20180904.jar:/home/user/.m2/repository/org/eclipse/jetty/jetty-io/9.3.25.v20180904/jetty-io-9.3.25.v20180904.jar:/home/user/.m2/repository/org/eclipse/jetty/jetty-webapp/9.3.25.v20180904/jetty-webapp-9.3.25.v20180904.jar:/home/user/.m2/repository/org/eclipse/jetty/jetty-xml/9.3.25.v20180904/jetty-xml-9.3.25.v20180904.jar:/home/user/.m2/repository/log4j/log4j/1.2.17/log4j-1.2.17.jar:/home/user/.m2/repository/org/slf4j/slf4j-api/1.7.25/slf4j-api-1.7.25.jar:/home/user/.m2/repository/org/slf4j/jul-to-slf4j/1.7.25/jul-to-slf4j-1.7.25.jar:/home/user/.m2/repository/org/eclipse/jetty/jetty-util/9.3.25.v20180904/jetty-util-9.3.25.v20180904.jar:/home/user/.m2/repository/com/fasterxml/jackson/core/jackson-databind/2.9.9/jackson-databind-2.9.9.jar:/home/user/.m2/repository/org/apache/hadoop/hadoop-kms/3.2.0/hadoop-kms-3.2.0-tests.jar:/home/user/.m2/repository/org/apache/hadoop/hadoop-hdds-server-scm/0.5.0-SNAPSHOT/hadoop-hdds-server-scm-0.5.0-SNAPSHOT-tests.jar:/home/user/.m2/repository/org/apache/hadoop/hadoop-hdds-container-service/0.5.0-SNAPSHOT/hadoop-hdds-container-service-0.5.0-SNAPSHOT-tests.jar:/home/user/.m2/repository/org/yaml/snakeyaml/1.16/snakeyaml-1.16.jar:/home/user/.m2/repository/org/apache/hadoop/hadoop-common/3.2.0/hadoop-common-3.2.0-tests.jar:/home/user/.m2/repository/org/apache/hadoop/hadoop-annotations/3.2.0/hadoop-annotations-3.2.0.jar:/usr/lib/jvm/java-1.8-openjdk/jre/../lib/tools.jar:/home/user/.m2/repository/commons-cli/commons-cli/1.2/commons-cli-1.2.jar:/home/user/.m2/repository/org/apache/httpcomponents/httpclient/4.5.2/httpclient-4.5.2.jar:/home/user/.m2/repository/org/apache/httpcomponents/httpcore/4.4.4/httpcore-4.4.4.jar:/home/user/.m2/repository/commons-codec/commons-codec/1.11/commons-codec-1.11.jar:/home/user/.m2/repository/commons-net/commons-net/3.6/commons-net-3.6.jar:/home/user/.m2/repository/commons-collections/commons-collections/3.2.2/commons-collections-3.2.2.jar:/home/user/.m2/repository/org/eclipse/jetty/jetty-servlet/9.3.25.v20180904/jetty-servlet-9.3.25.v20180904.jar:/home/user/.m2/repository/org/eclipse/jetty/jetty-security/9.3.25.v20180904/jetty-security-9.3.25.v20180904.jar:/home/user/.m2/repository/javax/servlet/jsp/jsp-api/2.1/jsp-api-2.1.jar:/home/user/.m2/repository/com/sun/jersey/jersey-servlet/1.19/jersey-servlet-1.19.jar:/home/user/.m2/repository/com/sun/jersey/jersey-json/1.19/jersey-json-1.19.jar:/home/user/.m2/repository/org/codehaus/jettison/jettison/1.1/jettison-1.1.jar:/home/user/.m2/repository/org/codehaus/jackson/jackson-core-asl/1.9.13/jackson-core-asl-1.9.13.jar:/home/user/.m2/repository/org/codehaus/jackson/jackson-mapper-asl/1.9.13/jackson-mapper-asl-1.9.13.jar:/home/user/.m2/repository/org/codehaus/jackson/jackson-jaxrs/1.9.13/jackson-jaxrs-1.9.13.jar:/home/user/.m2/repository/org/codehaus/jackson/jackson-xc/1.9.13/jackson-xc-1.9.13.jar:/home/user/.m2/repository/commons-logging/commons-logging/1.1.3/commons-logging-1.1.3.jar:/home/user/.m2/repository/commons-beanutils/commons-beanutils/1.9.4/commons-beanutils-1.9.4.jar:/home/user/.m2/repository/org/apache/commons/commons-configuration2/2.1.1/commons-configuration2-2.1.1.jar:/home/user/.m2/repository/org/apache/commons/commons-lang3/3.7/commons-lang3-3.7.jar:/home/user/.m2/repository/org/apache/commons/commons-text/1.4/commons-text-1.4.jar:/home/user/.m2/repository/org/apache/avro/avro/1.7.7/avro-1.7.7.jar:/home/user/.m2/repository/com/thoughtworks/paranamer/paranamer/2.3/paranamer-2.3.jar:/home/user/.m2/repository/org/xerial/snappy/snappy-java/1.0.5/snappy-java-1.0.5.jar:/home/user/.m2/repository/com/google/re2j/re2j/1.1/re2j-1.1.jar:/home/user/.m2/repository/com/google/code/gson/gson/2.2.4/gson-2.2.4.jar:/home/user/.m2/repository/com/jcraft/jsch/0.1.54/jsch-0.1.54.jar:/home/user/.m2/repository/org/apache/curator/curator-client/2.12.0/curator-client-2.12.0.jar:/home/user/.m2/repository/org/apache/curator/curator-recipes/2.12.0/curator-recipes-2.12.0.jar:/home/user/.m2/repository/com/google/code/findbugs/jsr305/3.0.0/jsr305-3.0.0.jar:/home/user/.m2/repository/org/apache/htrace/htrace-core4/4.1.0-incubating/htrace-core4-4.1.0-incubating.jar:/home/user/.m2/repository/org/apache/zookeeper/zookeeper/3.4.13/zookeeper-3.4.13.jar:/home/user/.m2/repository/jline/jline/0.9.94/jline-0.9.94.jar:/home/user/.m2/repository/org/apache/yetus/audience-annotations/0.5.0/audience-annotations-0.5.0.jar:/home/user/.m2/repository/org/codehaus/woodstox/stax2-api/3.1.4/stax2-api-3.1.4.jar:/home/user/.m2/repository/com/fasterxml/woodstox/woodstox-core/5.0.3/woodstox-core-5.0.3.jar:/home/user/.m2/repository/dnsjava/dnsjava/2.1.7/dnsjava-2.1.7.jar:/home/user/.m2/repository/org/apache/hadoop/hadoop-hdfs/3.2.0/hadoop-hdfs-3.2.0-tests.jar:/home/user/.m2/repository/org/eclipse/jetty/jetty-util-ajax/9.3.25.v20180904/jetty-util-ajax-9.3.25.v20180904.jar:/home/user/.m2/repository/commons-daemon/commons-daemon/1.0.13/commons-daemon-1.0.13.jar:/home/user/.m2/repository/io/netty/netty/3.10.5.Final/netty-3.10.5.Final.jar:/home/user/.m2/repository/io/netty/netty-all/4.0.52.Final/netty-all-4.0.52.Final.jar:/home/user/.m2/repository/org/fusesource/leveldbjni/leveldbjni-all/1.8/leveldbjni-all-1.8.jar:"/>
    <property name="java.vm.vendor" value="IcedTea"/>
    <property name="sun.arch.data.model" value="64"/>
    <property name="test.build.dir" value="/workdir/hadoop-ozone/integration-test/target/test-dir"/>
    <property name="test.cache.data" value=""/>
    <property name="java.vendor.url" value="https://icedtea.classpath.org"/>
    <property name="user.timezone" value=""/>
    <property name="java.vm.specification.version" value="1.8"/>
    <property name="os.name" value="Linux"/>
    <property name="test.build.data" value="/workdir/hadoop-ozone/integration-test/target/test-dir"/>
    <property name="user.country" value="US"/>
    <property name="sun.java.launcher" value="SUN_STANDARD"/>
    <property name="sun.boot.library.path" value="/usr/lib/jvm/java-1.8-openjdk/jre/lib/amd64"/>
    <property name="sun.java.command" value="/workdir/hadoop-ozone/integration-test/target/surefire/surefirebooter5742509930167440879.jar /workdir/hadoop-ozone/integration-test/target/surefire 2019-09-24T01-15-27_102-jvmRun1 surefire6379416134117110101tmp surefire_596429344311190021200tmp"/>
    <property name="test" value="!TestMiniChaosOzoneCluster"/>
    <property name="surefire.test.class.path" value="/workdir/hadoop-ozone/integration-test/target/test-classes:/workdir/hadoop-ozone/integration-test/target/classes:/home/user/.m2/repository/org/apache/hadoop/hadoop-ozone-common/0.5.0-SNAPSHOT/hadoop-ozone-common-0.5.0-SNAPSHOT.jar:/home/user/.m2/repository/org/apache/commons/commons-compress/1.4.1/commons-compress-1.4.1.jar:/home/user/.m2/repository/org/tukaani/xz/1.0/xz-1.0.jar:/home/user/.m2/repository/org/apache/hadoop/hadoop-common/3.2.0/hadoop-common-3.2.0.jar:/home/user/.m2/repository/org/apache/hadoop/hadoop-hdfs/3.2.0/hadoop-hdfs-3.2.0.jar:/home/user/.m2/repository/org/apache/hadoop/hadoop-hdfs-client/3.2.0/hadoop-hdfs-client-3.2.0.jar:/home/user/.m2/repository/com/fasterxml/jackson/core/jackson-annotations/2.9.9/jackson-annotations-2.9.9.jar:/home/user/.m2/repository/org/apache/hadoop/hadoop-hdds-common/0.5.0-SNAPSHOT/hadoop-hdds-common-0.5.0-SNAPSHOT.jar:/home/user/.m2/repository/javax/annotation/javax.annotation-api/1.2/javax.annotation-api-1.2.jar:/home/user/.m2/repository/org/apache/ratis/ratis-server/0.4.0/ratis-server-0.4.0.jar:/home/user/.m2/repository/org/apache/ratis/ratis-thirdparty-misc/0.2.0/ratis-thirdparty-misc-0.2.0.jar:/home/user/.m2/repository/org/apache/ratis/ratis-proto/0.4.0/ratis-proto-0.4.0.jar:/home/user/.m2/repository/org/apache/ratis/ratis-common/0.4.0/ratis-common-0.4.0.jar:/home/user/.m2/repository/org/apache/ratis/ratis-client/0.4.0/ratis-client-0.4.0.jar:/home/user/.m2/repository/org/apache/ratis/ratis-metrics/0.4.0/ratis-metrics-0.4.0.jar:/home/user/.m2/repository/com/github/joshelser/dropwizard-metrics-hadoop-metrics2-reporter/0.1.2/dropwizard-metrics-hadoop-metrics2-reporter-0.1.2.jar:/home/user/.m2/repository/io/dropwizard/metrics/metrics-jvm/3.2.5/metrics-jvm-3.2.5.jar:/home/user/.m2/repository/io/dropwizard/metrics/metrics-ganglia/3.2.5/metrics-ganglia-3.2.5.jar:/home/user/.m2/repository/info/ganglia/gmetric4j/gmetric4j/1.0.7/gmetric4j-1.0.7.jar:/home/user/.m2/repository/org/apache/ratis/ratis-netty/0.4.0/ratis-netty-0.4.0.jar:/home/user/.m2/repository/org/apache/ratis/ratis-grpc/0.4.0/ratis-grpc-0.4.0.jar:/home/user/.m2/repository/org/rocksdb/rocksdbjni/6.0.1/rocksdbjni-6.0.1.jar:/home/user/.m2/repository/org/apache/logging/log4j/log4j-api/2.11.0/log4j-api-2.11.0.jar:/home/user/.m2/repository/org/apache/logging/log4j/log4j-core/2.11.0/log4j-core-2.11.0.jar:/home/user/.m2/repository/com/lmax/disruptor/3.4.2/disruptor-3.4.2.jar:/home/user/.m2/repository/org/apache/commons/commons-pool2/2.6.0/commons-pool2-2.6.0.jar:/home/user/.m2/repository/org/bouncycastle/bcpkix-jdk15on/1.60/bcpkix-jdk15on-1.60.jar:/home/user/.m2/repository/commons-validator/commons-validator/1.6/commons-validator-1.6.jar:/home/user/.m2/repository/commons-digester/commons-digester/1.8.1/commons-digester-1.8.1.jar:/home/user/.m2/repository/io/jaegertracing/jaeger-client/0.34.0/jaeger-client-0.34.0.jar:/home/user/.m2/repository/io/jaegertracing/jaeger-thrift/0.34.0/jaeger-thrift-0.34.0.jar:/home/user/.m2/repository/org/apache/thrift/libthrift/0.12.0/libthrift-0.12.0.jar:/home/user/.m2/repository/com/squareup/okhttp3/okhttp/3.9.0/okhttp-3.9.0.jar:/home/user/.m2/repository/com/squareup/okio/okio/1.13.0/okio-1.13.0.jar:/home/user/.m2/repository/io/jaegertracing/jaeger-core/0.34.0/jaeger-core-0.34.0.jar:/home/user/.m2/repository/io/jaegertracing/jaeger-tracerresolver/0.34.0/jaeger-tracerresolver-0.34.0.jar:/home/user/.m2/repository/io/opentracing/contrib/opentracing-tracerresolver/0.1.5/opentracing-tracerresolver-0.1.5.jar:/home/user/.m2/repository/io/opentracing/opentracing-util/0.31.0/opentracing-util-0.31.0.jar:/home/user/.m2/repository/io/opentracing/opentracing-api/0.31.0/opentracing-api-0.31.0.jar:/home/user/.m2/repository/io/opentracing/opentracing-noop/0.31.0/opentracing-noop-0.31.0.jar:/home/user/.m2/repository/org/apache/hadoop/hadoop-hdds-server-framework/0.5.0-SNAPSHOT/hadoop-hdds-server-framework-0.5.0-SNAPSHOT.jar:/home/user/.m2/repository/org/apache/hadoop/hadoop-hdds-container-service/0.5.0-SNAPSHOT/hadoop-hdds-container-service-0.5.0-SNAPSHOT.jar:/home/user/.m2/repository/org/apache/hadoop/hadoop-hdds-client/0.5.0-SNAPSHOT/hadoop-hdds-client-0.5.0-SNAPSHOT.jar:/home/user/.m2/repository/org/apache/hadoop/hadoop-hdds-tools/0.5.0-SNAPSHOT/hadoop-hdds-tools-0.5.0-SNAPSHOT.jar:/home/user/.m2/repository/org/apache/hadoop/hadoop-hdds-server-scm/0.5.0-SNAPSHOT/hadoop-hdds-server-scm-0.5.0-SNAPSHOT.jar:/home/user/.m2/repository/org/apache/hadoop/hadoop-hdds-docs/0.5.0-SNAPSHOT/hadoop-hdds-docs-0.5.0-SNAPSHOT.jar:/home/user/.m2/repository/io/dropwizard/metrics/metrics-core/3.2.4/metrics-core-3.2.4.jar:/home/user/.m2/repository/org/hamcrest/hamcrest-all/1.3/hamcrest-all-1.3.jar:/home/user/.m2/repository/org/bouncycastle/bcprov-jdk15on/1.60/bcprov-jdk15on-1.60.jar:/home/user/.m2/repository/info/picocli/picocli/3.9.6/picocli-3.9.6.jar:/home/user/.m2/repository/com/google/protobuf/protobuf-java/2.5.0/protobuf-java-2.5.0.jar:/home/user/.m2/repository/com/google/guava/guava/11.0.2/guava-11.0.2.jar:/home/user/.m2/repository/org/apache/hadoop/hadoop-ozone-ozone-manager/0.5.0-SNAPSHOT/hadoop-ozone-ozone-manager-0.5.0-SNAPSHOT.jar:/home/user/.m2/repository/org/apache/hadoop/hadoop-minikdc/3.2.0/hadoop-minikdc-3.2.0.jar:/home/user/.m2/repository/commons-io/commons-io/2.5/commons-io-2.5.jar:/home/user/.m2/repository/org/apache/kerby/kerb-simplekdc/1.0.1/kerb-simplekdc-1.0.1.jar:/home/user/.m2/repository/org/apache/kerby/kerb-client/1.0.1/kerb-client-1.0.1.jar:/home/user/.m2/repository/org/apache/kerby/kerby-config/1.0.1/kerby-config-1.0.1.jar:/home/user/.m2/repository/org/apache/kerby/kerb-core/1.0.1/kerb-core-1.0.1.jar:/home/user/.m2/repository/org/apache/kerby/kerby-pkix/1.0.1/kerby-pkix-1.0.1.jar:/home/user/.m2/repository/org/apache/kerby/kerby-asn1/1.0.1/kerby-asn1-1.0.1.jar:/home/user/.m2/repository/org/apache/kerby/kerby-util/1.0.1/kerby-util-1.0.1.jar:/home/user/.m2/repository/org/apache/kerby/kerb-common/1.0.1/kerb-common-1.0.1.jar:/home/user/.m2/repository/org/apache/kerby/kerb-crypto/1.0.1/kerb-crypto-1.0.1.jar:/home/user/.m2/repository/org/apache/kerby/kerb-util/1.0.1/kerb-util-1.0.1.jar:/home/user/.m2/repository/org/apache/kerby/token-provider/1.0.1/token-provider-1.0.1.jar:/home/user/.m2/repository/org/apache/kerby/kerb-admin/1.0.1/kerb-admin-1.0.1.jar:/home/user/.m2/repository/org/apache/kerby/kerb-server/1.0.1/kerb-server-1.0.1.jar:/home/user/.m2/repository/org/apache/kerby/kerb-identity/1.0.1/kerb-identity-1.0.1.jar:/home/user/.m2/repository/org/apache/kerby/kerby-xdr/1.0.1/kerby-xdr-1.0.1.jar:/home/user/.m2/repository/org/slf4j/slf4j-log4j12/1.7.25/slf4j-log4j12-1.7.25.jar:/home/user/.m2/repository/org/apache/hadoop/hadoop-ozone-s3gateway/0.5.0-SNAPSHOT/hadoop-ozone-s3gateway-0.5.0-SNAPSHOT.jar:/home/user/.m2/repository/org/jboss/weld/servlet/weld-servlet/2.4.7.Final/weld-servlet-2.4.7.Final.jar:/home/user/.m2/repository/org/glassfish/jersey/containers/jersey-container-servlet-core/2.27/jersey-container-servlet-core-2.27.jar:/home/user/.m2/repository/org/glassfish/hk2/external/javax.inject/2.5.0-b42/javax.inject-2.5.0-b42.jar:/home/user/.m2/repository/org/glassfish/jersey/core/jersey-common/2.27/jersey-common-2.27.jar:/home/user/.m2/repository/org/glassfish/hk2/osgi-resource-locator/1.0.1/osgi-resource-locator-1.0.1.jar:/home/user/.m2/repository/javax/ws/rs/javax.ws.rs-api/2.1/javax.ws.rs-api-2.1.jar:/home/user/.m2/repository/org/glassfish/jersey/ext/cdi/jersey-cdi1x/2.27/jersey-cdi1x-2.27.jar:/home/user/.m2/repository/org/glassfish/jersey/inject/jersey-hk2/2.27/jersey-hk2-2.27.jar:/home/user/.m2/repository/org/glassfish/hk2/hk2-locator/2.5.0-b42/hk2-locator-2.5.0-b42.jar:/home/user/.m2/repository/org/javassist/javassist/3.22.0-CR2/javassist-3.22.0-CR2.jar:/home/user/.m2/repository/org/glassfish/hk2/hk2-api/2.5.0/hk2-api-2.5.0.jar:/home/user/.m2/repository/org/glassfish/hk2/external/jakarta.inject/2.5.0/jakarta.inject-2.5.0.jar:/home/user/.m2/repository/org/glassfish/hk2/hk2-utils/2.5.0/hk2-utils-2.5.0.jar:/home/user/.m2/repository/jakarta/annotation/jakarta.annotation-api/1.3.4/jakarta.annotation-api-1.3.4.jar:/home/user/.m2/repository/org/glassfish/hk2/external/aopalliance-repackaged/2.5.0/aopalliance-repackaged-2.5.0.jar:/home/user/.m2/repository/com/fasterxml/jackson/dataformat/jackson-dataformat-xml/2.9.0/jackson-dataformat-xml-2.9.0.jar:/home/user/.m2/repository/com/fasterxml/jackson/core/jackson-core/2.9.9/jackson-core-2.9.9.jar:/home/user/.m2/repository/com/fasterxml/jackson/module/jackson-module-jaxb-annotations/2.9.9/jackson-module-jaxb-annotations-2.9.9.jar:/home/user/.m2/repository/javax/enterprise/cdi-api/1.2/cdi-api-1.2.jar:/home/user/.m2/repository/javax/el/javax.el-api/3.0.0/javax.el-api-3.0.0.jar:/home/user/.m2/repository/javax/interceptor/javax.interceptor-api/1.2/javax.interceptor-api-1.2.jar:/home/user/.m2/repository/javax/inject/javax.inject/1/javax.inject-1.jar:/home/user/.m2/repository/com/sun/xml/bind/jaxb-impl/2.3.0.1/jaxb-impl-2.3.0.1.jar:/home/user/.m2/repository/com/sun/xml/bind/jaxb-core/2.3.0.1/jaxb-core-2.3.0.1.jar:/home/user/.m2/repository/javax/xml/bind/jaxb-api/2.3.0/jaxb-api-2.3.0.jar:/home/user/.m2/repository/javax/activation/activation/1.1.1/activation-1.1.1.jar:/home/user/.m2/repository/org/apache/hadoop/hadoop-ozone-csi/0.5.0-SNAPSHOT/hadoop-ozone-csi-0.5.0-SNAPSHOT.jar:/home/user/.m2/repository/com/google/protobuf/protobuf-java-util/3.5.1/protobuf-java-util-3.5.1.jar:/home/user/.m2/repository/org/apache/hadoop/hadoop-hdds-config/0.5.0-SNAPSHOT/hadoop-hdds-config-0.5.0-SNAPSHOT.jar:/home/user/.m2/repository/io/grpc/grpc-netty/1.17.1/grpc-netty-1.17.1.jar:/home/user/.m2/repository/io/grpc/grpc-core/1.17.1/grpc-core-1.17.1.jar:/home/user/.m2/repository/io/grpc/grpc-context/1.17.1/grpc-context-1.17.1.jar:/home/user/.m2/repository/com/google/errorprone/error_prone_annotations/2.2.0/error_prone_annotations-2.2.0.jar:/home/user/.m2/repository/org/codehaus/mojo/animal-sniffer-annotations/1.17/animal-sniffer-annotations-1.17.jar:/home/user/.m2/repository/io/opencensus/opencensus-api/0.17.0/opencensus-api-0.17.0.jar:/home/user/.m2/repository/io/opencensus/opencensus-contrib-grpc-metrics/0.17.0/opencensus-contrib-grpc-metrics-0.17.0.jar:/home/user/.m2/repository/io/netty/netty-codec-http2/4.1.30.Final/netty-codec-http2-4.1.30.Final.jar:/home/user/.m2/repository/io/netty/netty-codec-http/4.1.30.Final/netty-codec-http-4.1.30.Final.jar:/home/user/.m2/repository/io/netty/netty-codec/4.1.30.Final/netty-codec-4.1.30.Final.jar:/home/user/.m2/repository/io/netty/netty-handler/4.1.30.Final/netty-handler-4.1.30.Final.jar:/home/user/.m2/repository/io/netty/netty-handler-proxy/4.1.30.Final/netty-handler-proxy-4.1.30.Final.jar:/home/user/.m2/repository/io/netty/netty-codec-socks/4.1.30.Final/netty-codec-socks-4.1.30.Final.jar:/home/user/.m2/repository/io/netty/netty-transport-native-epoll/4.1.30.Final/netty-transport-native-epoll-4.1.30.Final.jar:/home/user/.m2/repository/io/netty/netty-common/4.1.30.Final/netty-common-4.1.30.Final.jar:/home/user/.m2/repository/io/netty/netty-buffer/4.1.30.Final/netty-buffer-4.1.30.Final.jar:/home/user/.m2/repository/io/netty/netty-transport/4.1.30.Final/netty-transport-4.1.30.Final.jar:/home/user/.m2/repository/io/netty/netty-resolver/4.1.30.Final/netty-resolver-4.1.30.Final.jar:/home/user/.m2/repository/io/netty/netty-transport-native-unix-common/4.1.30.Final/netty-transport-native-unix-common-4.1.30.Final.jar:/home/user/.m2/repository/io/grpc/grpc-protobuf/1.17.1/grpc-protobuf-1.17.1.jar:/home/user/.m2/repository/com/google/api/grpc/proto-google-common-protos/1.0.0/proto-google-common-protos-1.0.0.jar:/home/user/.m2/repository/io/grpc/grpc-protobuf-lite/1.17.1/grpc-protobuf-lite-1.17.1.jar:/home/user/.m2/repository/io/grpc/grpc-stub/1.17.1/grpc-stub-1.17.1.jar:/home/user/.m2/repository/org/apache/hadoop/hadoop-ozone-recon/0.5.0-SNAPSHOT/hadoop-ozone-recon-0.5.0-SNAPSHOT.jar:/home/user/.m2/repository/org/apache/hadoop/hadoop-ozone-reconcodegen/0.5.0-SNAPSHOT/hadoop-ozone-reconcodegen-0.5.0-SNAPSHOT.jar:/home/user/.m2/repository/com/google/inject/extensions/guice-multibindings/4.0/guice-multibindings-4.0.jar:/home/user/.m2/repository/com/google/inject/guice/4.0/guice-4.0.jar:/home/user/.m2/repository/aopalliance/aopalliance/1.0/aopalliance-1.0.jar:/home/user/.m2/repository/com/google/inject/extensions/guice-servlet/4.0/guice-servlet-4.0.jar:/home/user/.m2/repository/org/glassfish/jersey/containers/jersey-container-servlet/2.27/jersey-container-servlet-2.27.jar:/home/user/.m2/repository/org/glassfish/hk2/guice-bridge/2.5.0/guice-bridge-2.5.0.jar:/home/user/.m2/repository/org/glassfish/jersey/core/jersey-server/2.27/jersey-server-2.27.jar:/home/user/.m2/repository/org/glassfish/jersey/core/jersey-client/2.27/jersey-client-2.27.jar:/home/user/.m2/repository/org/glassfish/jersey/media/jersey-media-jaxb/2.27/jersey-media-jaxb-2.27.jar:/home/user/.m2/repository/javax/validation/validation-api/1.1.0.Final/validation-api-1.1.0.Final.jar:/home/user/.m2/repository/org/glassfish/jersey/media/jersey-media-json-jackson/2.27/jersey-media-json-jackson-2.27.jar:/home/user/.m2/repository/org/glassfish/jersey/ext/jersey-entity-filtering/2.27/jersey-entity-filtering-2.27.jar:/home/user/.m2/repository/com/google/inject/extensions/guice-assistedinject/4.0/guice-assistedinject-4.0.jar:/home/user/.m2/repository/org/jooq/jooq/3.11.10/jooq-3.11.10.jar:/home/user/.m2/repository/org/jooq/jooq-meta/3.11.10/jooq-meta-3.11.10.jar:/home/user/.m2/repository/org/jooq/jooq-codegen/3.11.10/jooq-codegen-3.11.10.jar:/home/user/.m2/repository/com/jolbox/bonecp/0.8.0.RELEASE/bonecp-0.8.0.RELEASE.jar:/home/user/.m2/repository/org/xerial/sqlite-jdbc/3.25.2/sqlite-jdbc-3.25.2.jar:/home/user/.m2/repository/org/springframework/spring-jdbc/5.1.3.RELEASE/spring-jdbc-5.1.3.RELEASE.jar:/home/user/.m2/repository/org/springframework/spring-beans/5.1.3.RELEASE/spring-beans-5.1.3.RELEASE.jar:/home/user/.m2/repository/org/springframework/spring-core/5.1.3.RELEASE/spring-core-5.1.3.RELEASE.jar:/home/user/.m2/repository/org/springframework/spring-jcl/5.1.3.RELEASE/spring-jcl-5.1.3.RELEASE.jar:/home/user/.m2/repository/org/springframework/spring-tx/5.1.3.RELEASE/spring-tx-5.1.3.RELEASE.jar:/home/user/.m2/repository/org/apache/hadoop/hadoop-ozone-client/0.5.0-SNAPSHOT/hadoop-ozone-client-0.5.0-SNAPSHOT.jar:/home/user/.m2/repository/commons-lang/commons-lang/2.6/commons-lang-2.6.jar:/home/user/.m2/repository/org/apache/hadoop/hadoop-ozone-ozone-manager/0.5.0-SNAPSHOT/hadoop-ozone-ozone-manager-0.5.0-SNAPSHOT-tests.jar:/home/user/.m2/repository/junit/junit/4.11/junit-4.11.jar:/home/user/.m2/repository/org/hamcrest/hamcrest-core/1.3/hamcrest-core-1.3.jar:/home/user/.m2/repository/org/openjdk/jmh/jmh-core/1.19/jmh-core-1.19.jar:/home/user/.m2/repository/net/sf/jopt-simple/jopt-simple/4.6/jopt-simple-4.6.jar:/home/user/.m2/repository/org/apache/commons/commons-math3/3.1.1/commons-math3-3.1.1.jar:/home/user/.m2/repository/org/openjdk/jmh/jmh-generator-annprocess/1.19/jmh-generator-annprocess-1.19.jar:/home/user/.m2/repository/org/mockito/mockito-all/1.8.5/mockito-all-1.8.5.jar:/home/user/.m2/repository/org/apache/hadoop/hadoop-kms/3.2.0/hadoop-kms-3.2.0.jar:/home/user/.m2/repository/org/apache/hadoop/hadoop-auth/3.2.0/hadoop-auth-3.2.0.jar:/home/user/.m2/repository/com/nimbusds/nimbus-jose-jwt/4.41.1/nimbus-jose-jwt-4.41.1.jar:/home/user/.m2/repository/com/github/stephenc/jcip/jcip-annotations/1.0-1/jcip-annotations-1.0-1.jar:/home/user/.m2/repository/net/minidev/json-smart/2.3/json-smart-2.3.jar:/home/user/.m2/repository/net/minidev/accessors-smart/1.2/accessors-smart-1.2.jar:/home/user/.m2/repository/org/ow2/asm/asm/5.0.4/asm-5.0.4.jar:/home/user/.m2/repository/org/apache/curator/curator-framework/2.12.0/curator-framework-2.12.0.jar:/home/user/.m2/repository/com/sun/jersey/jersey-core/1.19/jersey-core-1.19.jar:/home/user/.m2/repository/javax/ws/rs/jsr311-api/1.1.1/jsr311-api-1.1.1.jar:/home/user/.m2/repository/com/sun/jersey/jersey-server/1.19/jersey-server-1.19.jar:/home/user/.m2/repository/javax/servlet/javax.servlet-api/3.1.0/javax.servlet-api-3.1.0.jar:/home/user/.m2/repository/org/eclipse/jetty/jetty-server/9.3.25.v20180904/jetty-server-9.3.25.v20180904.jar:/home/user/.m2/repository/org/eclipse/jetty/jetty-http/9.3.25.v20180904/jetty-http-9.3.25.v20180904.jar:/home/user/.m2/repository/org/eclipse/jetty/jetty-io/9.3.25.v20180904/jetty-io-9.3.25.v20180904.jar:/home/user/.m2/repository/org/eclipse/jetty/jetty-webapp/9.3.25.v20180904/jetty-webapp-9.3.25.v20180904.jar:/home/user/.m2/repository/org/eclipse/jetty/jetty-xml/9.3.25.v20180904/jetty-xml-9.3.25.v20180904.jar:/home/user/.m2/repository/log4j/log4j/1.2.17/log4j-1.2.17.jar:/home/user/.m2/repository/org/slf4j/slf4j-api/1.7.25/slf4j-api-1.7.25.jar:/home/user/.m2/repository/org/slf4j/jul-to-slf4j/1.7.25/jul-to-slf4j-1.7.25.jar:/home/user/.m2/repository/org/eclipse/jetty/jetty-util/9.3.25.v20180904/jetty-util-9.3.25.v20180904.jar:/home/user/.m2/repository/com/fasterxml/jackson/core/jackson-databind/2.9.9/jackson-databind-2.9.9.jar:/home/user/.m2/repository/org/apache/hadoop/hadoop-kms/3.2.0/hadoop-kms-3.2.0-tests.jar:/home/user/.m2/repository/org/apache/hadoop/hadoop-hdds-server-scm/0.5.0-SNAPSHOT/hadoop-hdds-server-scm-0.5.0-SNAPSHOT-tests.jar:/home/user/.m2/repository/org/apache/hadoop/hadoop-hdds-container-service/0.5.0-SNAPSHOT/hadoop-hdds-container-service-0.5.0-SNAPSHOT-tests.jar:/home/user/.m2/repository/org/yaml/snakeyaml/1.16/snakeyaml-1.16.jar:/home/user/.m2/repository/org/apache/hadoop/hadoop-common/3.2.0/hadoop-common-3.2.0-tests.jar:/home/user/.m2/repository/org/apache/hadoop/hadoop-annotations/3.2.0/hadoop-annotations-3.2.0.jar:/usr/lib/jvm/java-1.8-openjdk/jre/../lib/tools.jar:/home/user/.m2/repository/commons-cli/commons-cli/1.2/commons-cli-1.2.jar:/home/user/.m2/repository/org/apache/httpcomponents/httpclient/4.5.2/httpclient-4.5.2.jar:/home/user/.m2/repository/org/apache/httpcomponents/httpcore/4.4.4/httpcore-4.4.4.jar:/home/user/.m2/repository/commons-codec/commons-codec/1.11/commons-codec-1.11.jar:/home/user/.m2/repository/commons-net/commons-net/3.6/commons-net-3.6.jar:/home/user/.m2/repository/commons-collections/commons-collections/3.2.2/commons-collections-3.2.2.jar:/home/user/.m2/repository/org/eclipse/jetty/jetty-servlet/9.3.25.v20180904/jetty-servlet-9.3.25.v20180904.jar:/home/user/.m2/repository/org/eclipse/jetty/jetty-security/9.3.25.v20180904/jetty-security-9.3.25.v20180904.jar:/home/user/.m2/repository/javax/servlet/jsp/jsp-api/2.1/jsp-api-2.1.jar:/home/user/.m2/repository/com/sun/jersey/jersey-servlet/1.19/jersey-servlet-1.19.jar:/home/user/.m2/repository/com/sun/jersey/jersey-json/1.19/jersey-json-1.19.jar:/home/user/.m2/repository/org/codehaus/jettison/jettison/1.1/jettison-1.1.jar:/home/user/.m2/repository/org/codehaus/jackson/jackson-core-asl/1.9.13/jackson-core-asl-1.9.13.jar:/home/user/.m2/repository/org/codehaus/jackson/jackson-mapper-asl/1.9.13/jackson-mapper-asl-1.9.13.jar:/home/user/.m2/repository/org/codehaus/jackson/jackson-jaxrs/1.9.13/jackson-jaxrs-1.9.13.jar:/home/user/.m2/repository/org/codehaus/jackson/jackson-xc/1.9.13/jackson-xc-1.9.13.jar:/home/user/.m2/repository/commons-logging/commons-logging/1.1.3/commons-logging-1.1.3.jar:/home/user/.m2/repository/commons-beanutils/commons-beanutils/1.9.4/commons-beanutils-1.9.4.jar:/home/user/.m2/repository/org/apache/commons/commons-configuration2/2.1.1/commons-configuration2-2.1.1.jar:/home/user/.m2/repository/org/apache/commons/commons-lang3/3.7/commons-lang3-3.7.jar:/home/user/.m2/repository/org/apache/commons/commons-text/1.4/commons-text-1.4.jar:/home/user/.m2/repository/org/apache/avro/avro/1.7.7/avro-1.7.7.jar:/home/user/.m2/repository/com/thoughtworks/paranamer/paranamer/2.3/paranamer-2.3.jar:/home/user/.m2/repository/org/xerial/snappy/snappy-java/1.0.5/snappy-java-1.0.5.jar:/home/user/.m2/repository/com/google/re2j/re2j/1.1/re2j-1.1.jar:/home/user/.m2/repository/com/google/code/gson/gson/2.2.4/gson-2.2.4.jar:/home/user/.m2/repository/com/jcraft/jsch/0.1.54/jsch-0.1.54.jar:/home/user/.m2/repository/org/apache/curator/curator-client/2.12.0/curator-client-2.12.0.jar:/home/user/.m2/repository/org/apache/curator/curator-recipes/2.12.0/curator-recipes-2.12.0.jar:/home/user/.m2/repository/com/google/code/findbugs/jsr305/3.0.0/jsr305-3.0.0.jar:/home/user/.m2/repository/org/apache/htrace/htrace-core4/4.1.0-incubating/htrace-core4-4.1.0-incubating.jar:/home/user/.m2/repository/org/apache/zookeeper/zookeeper/3.4.13/zookeeper-3.4.13.jar:/home/user/.m2/repository/jline/jline/0.9.94/jline-0.9.94.jar:/home/user/.m2/repository/org/apache/yetus/audience-annotations/0.5.0/audience-annotations-0.5.0.jar:/home/user/.m2/repository/org/codehaus/woodstox/stax2-api/3.1.4/stax2-api-3.1.4.jar:/home/user/.m2/repository/com/fasterxml/woodstox/woodstox-core/5.0.3/woodstox-core-5.0.3.jar:/home/user/.m2/repository/dnsjava/dnsjava/2.1.7/dnsjava-2.1.7.jar:/home/user/.m2/repository/org/apache/hadoop/hadoop-hdfs/3.2.0/hadoop-hdfs-3.2.0-tests.jar:/home/user/.m2/repository/org/eclipse/jetty/jetty-util-ajax/9.3.25.v20180904/jetty-util-ajax-9.3.25.v20180904.jar:/home/user/.m2/repository/commons-daemon/commons-daemon/1.0.13/commons-daemon-1.0.13.jar:/home/user/.m2/repository/io/netty/netty/3.10.5.Final/netty-3.10.5.Final.jar:/home/user/.m2/repository/io/netty/netty-all/4.0.52.Final/netty-all-4.0.52.Final.jar:/home/user/.m2/repository/org/fusesource/leveldbjni/leveldbjni-all/1.8/leveldbjni-all-1.8.jar:"/>
    <property name="sun.cpu.endian" value="little"/>
    <property name="user.home" value="/home/user"/>
    <property name="user.language" value="en"/>
    <property name="java.specification.vendor" value="Oracle Corporation"/>
    <property name="java.home" value="/usr/lib/jvm/java-1.8-openjdk/jre"/>
    <property name="java.security.krb5.conf" value="/workdir/hadoop-ozone/integration-test/target/test-classes/krb5.conf"/>
    <property name="basedir" value="/workdir/hadoop-ozone/integration-test"/>
    <property name="file.separator" value="/"/>
    <property name="line.separator" value="&#10;"/>
    <property name="java.vm.specification.vendor" value="Oracle Corporation"/>
    <property name="java.specification.name" value="Java Platform API Specification"/>
    <property name="java.awt.graphicsenv" value="sun.awt.X11GraphicsEnvironment"/>
    <property name="surefire.real.class.path" value="/workdir/hadoop-ozone/integration-test/target/surefire/surefirebooter5742509930167440879.jar"/>
    <property name="hadoop.log.dir" value="/workdir/hadoop-ozone/integration-test/target/log"/>
    <property name="sun.boot.class.path" value="/usr/lib/jvm/java-1.8-openjdk/jre/lib/resources.jar:/usr/lib/jvm/java-1.8-openjdk/jre/lib/rt.jar:/usr/lib/jvm/java-1.8-openjdk/jre/lib/sunrsasign.jar:/usr/lib/jvm/java-1.8-openjdk/jre/lib/jsse.jar:/usr/lib/jvm/java-1.8-openjdk/jre/lib/jce.jar:/usr/lib/jvm/java-1.8-openjdk/jre/lib/charsets.jar:/usr/lib/jvm/java-1.8-openjdk/jre/lib/jfr.jar:/usr/lib/jvm/java-1.8-openjdk/jre/classes"/>
    <property name="sun.management.compiler" value="HotSpot 64-Bit Tiered Compilers"/>
    <property name="java.runtime.version" value="1.8.0_212-b04"/>
    <property name="java.net.preferIPv4Stack" value="true"/>
    <property name="user.name" value="jenkins1000"/>
    <property name="path.separator" value=":"/>
    <property name="java.security.egd" value="file:///dev/urandom"/>
    <property name="os.version" value="3.10.0-957.12.2.el7.x86_64"/>
    <property name="java.endorsed.dirs" value="/usr/lib/jvm/java-1.8-openjdk/jre/lib/endorsed"/>
    <property name="java.runtime.name" value="OpenJDK Runtime Environment"/>
    <property name="file.encoding" value="UTF-8"/>
    <property name="java.vm.name" value="OpenJDK 64-Bit Server VM"/>
    <property name="test.build.webapps" value=""/>
    <property name="localRepository" value="/home/user/.m2/repository"/>
    <property name="java.vendor.url.bug" value="https://icedtea.classpath.org/bugzilla"/>
    <property name="java.io.tmpdir" value="/tmp"/>
    <property name="require.test.libhadoop" value=""/>
    <property name="java.version" value="1.8.0_212"/>
    <property name="user.dir" value="/workdir/hadoop-ozone/integration-test"/>
    <property name="os.arch" value="amd64"/>
    <property name="java.vm.specification.name" value="Java Virtual Machine Specification"/>
    <property name="test.build.classes" value="/workdir/hadoop-ozone/integration-test/target/test-classes"/>
    <property name="java.awt.printerjob" value="sun.print.PSPrinterJob"/>
    <property name="sun.os.patch.level" value="unknown"/>
    <property name="hadoop.tmp.dir" value="/workdir/hadoop-ozone/integration-test/target/tmp"/>
    <property name="java.library.path" value="/usr/lib/jvm/java-1.8-openjdk/jre/lib/amd64/server:/usr/lib/jvm/java-1.8-openjdk/jre/lib/amd64:/usr/lib/jvm/java-1.8-openjdk/jre/../lib/amd64:/workdir/hadoop-ozone/integration-test/target/native/target/usr/local/lib:/workdir/hadoop-ozone/integration-test/../../hadoop-common-project/hadoop-common/target/native/target/usr/local/lib:/usr/java/packages/lib/amd64:/usr/lib64:/lib64:/lib:/usr/lib"/>
    <property name="java.vm.info" value="mixed mode"/>
    <property name="java.vendor" value="IcedTea"/>
    <property name="java.vm.version" value="25.212-b04"/>
    <property name="java.ext.dirs" value="/usr/lib/jvm/java-1.8-openjdk/jre/lib/ext:/usr/java/packages/lib/ext"/>
    <property name="sun.io.unicode.encoding" value="UnicodeLittle"/>
    <property name="java.class.version" value="52.0"/>
  </properties>
  <testcase name="org.apache.hadoop.ozone.client.rpc.TestCloseContainerHandlingByClient" classname="org.apache.hadoop.ozone.client.rpc.TestCloseContainerHandlingByClient" time="142.215">
    <error message="Connection refused" type="java.net.ConnectException"><![CDATA[java.net.ConnectException: Connection refused
	at sun.nio.ch.SocketChannelImpl.checkConnect(Native Method)
	at sun.nio.ch.SocketChannelImpl.finishConnect(SocketChannelImpl.java:717)
	at org.apache.hadoop.net.SocketIOWithTimeout.connect(SocketIOWithTimeout.java:206)
	at org.apache.hadoop.net.NetUtils.connect(NetUtils.java:531)
	at org.apache.hadoop.ipc.Client$Connection.setupConnection(Client.java:690)
	at org.apache.hadoop.ipc.Client$Connection.setupIOstreams(Client.java:794)
	at org.apache.hadoop.ipc.Client$Connection.access$3700(Client.java:411)
	at org.apache.hadoop.ipc.Client.getConnection(Client.java:1572)
	at org.apache.hadoop.ipc.Client.call(Client.java:1403)
	at org.apache.hadoop.ipc.Client.call(Client.java:1367)
	at org.apache.hadoop.ipc.ProtobufRpcEngine$Invoker.invoke(ProtobufRpcEngine.java:228)
	at org.apache.hadoop.ipc.ProtobufRpcEngine$Invoker.invoke(ProtobufRpcEngine.java:116)
	at com.sun.proxy.$Proxy37.submitRequest(Unknown Source)
	at sun.reflect.NativeMethodAccessorImpl.invoke0(Native Method)
	at sun.reflect.NativeMethodAccessorImpl.invoke(NativeMethodAccessorImpl.java:62)
	at sun.reflect.DelegatingMethodAccessorImpl.invoke(DelegatingMethodAccessorImpl.java:43)
	at java.lang.reflect.Method.invoke(Method.java:498)
	at org.apache.hadoop.io.retry.RetryInvocationHandler.invokeMethod(RetryInvocationHandler.java:422)
	at org.apache.hadoop.io.retry.RetryInvocationHandler$Call.invokeMethod(RetryInvocationHandler.java:165)
	at org.apache.hadoop.io.retry.RetryInvocationHandler$Call.invoke(RetryInvocationHandler.java:157)
	at org.apache.hadoop.io.retry.RetryInvocationHandler$Call.invokeOnce(RetryInvocationHandler.java:95)
	at org.apache.hadoop.io.retry.RetryInvocationHandler.invoke(RetryInvocationHandler.java:359)
	at com.sun.proxy.$Proxy37.submitRequest(Unknown Source)
	at org.apache.hadoop.ozone.om.protocolPB.OzoneManagerProtocolClientSideTranslatorPB.submitRequest(OzoneManagerProtocolClientSideTranslatorPB.java:338)
	at org.apache.hadoop.ozone.om.protocolPB.OzoneManagerProtocolClientSideTranslatorPB.getServiceInfo(OzoneManagerProtocolClientSideTranslatorPB.java:1223)
	at sun.reflect.NativeMethodAccessorImpl.invoke0(Native Method)
	at sun.reflect.NativeMethodAccessorImpl.invoke(NativeMethodAccessorImpl.java:62)
	at sun.reflect.DelegatingMethodAccessorImpl.invoke(DelegatingMethodAccessorImpl.java:43)
	at java.lang.reflect.Method.invoke(Method.java:498)
	at org.apache.hadoop.hdds.tracing.TraceAllMethod.invoke(TraceAllMethod.java:66)
	at com.sun.proxy.$Proxy38.getServiceInfo(Unknown Source)
	at org.apache.hadoop.ozone.client.rpc.RpcClient.<init>(RpcClient.java:154)
	at org.apache.hadoop.ozone.client.OzoneClientFactory.getClientProtocol(OzoneClientFactory.java:256)
	at org.apache.hadoop.ozone.client.OzoneClientFactory.getClientProtocol(OzoneClientFactory.java:239)
	at org.apache.hadoop.ozone.client.OzoneClientFactory.getClient(OzoneClientFactory.java:75)
	at org.apache.hadoop.ozone.client.rpc.TestCloseContainerHandlingByClient.init(TestCloseContainerHandlingByClient.java:97)
	at sun.reflect.NativeMethodAccessorImpl.invoke0(Native Method)
	at sun.reflect.NativeMethodAccessorImpl.invoke(NativeMethodAccessorImpl.java:62)
	at sun.reflect.DelegatingMethodAccessorImpl.invoke(DelegatingMethodAccessorImpl.java:43)
	at java.lang.reflect.Method.invoke(Method.java:498)
	at org.junit.runners.model.FrameworkMethod$1.runReflectiveCall(FrameworkMethod.java:47)
	at org.junit.internal.runners.model.ReflectiveCallable.run(ReflectiveCallable.java:12)
	at org.junit.runners.model.FrameworkMethod.invokeExplosively(FrameworkMethod.java:44)
	at org.junit.internal.runners.statements.RunBefores.evaluate(RunBefores.java:24)
	at org.junit.internal.runners.statements.RunAfters.evaluate(RunAfters.java:27)
	at org.junit.runners.ParentRunner.run(ParentRunner.java:309)
	at org.apache.maven.surefire.junit4.JUnit4Provider.execute(JUnit4Provider.java:365)
	at org.apache.maven.surefire.junit4.JUnit4Provider.executeWithRerun(JUnit4Provider.java:273)
	at org.apache.maven.surefire.junit4.JUnit4Provider.executeTestSet(JUnit4Provider.java:238)
	at org.apache.maven.surefire.junit4.JUnit4Provider.invoke(JUnit4Provider.java:159)
	at org.apache.maven.surefire.booter.ForkedBooter.invokeProviderInSameClassLoader(ForkedBooter.java:384)
	at org.apache.maven.surefire.booter.ForkedBooter.runSuitesInProcess(ForkedBooter.java:345)
	at org.apache.maven.surefire.booter.ForkedBooter.execute(ForkedBooter.java:126)
	at org.apache.maven.surefire.booter.ForkedBooter.main(ForkedBooter.java:418)
]]></error>
    <system-out><![CDATA[2019-09-24 02:34:00,992 [main] WARN  server.ServerUtils (ServerUtils.java:getScmDbDir(145)) - ozone.scm.db.dirs is not configured. We recommend adding this setting. Falling back to ozone.metadata.dirs instead.
2019-09-24 02:34:01,100 [main] WARN  server.ServerUtils (ServerUtils.java:getScmDbDir(145)) - ozone.scm.db.dirs is not configured. We recommend adding this setting. Falling back to ozone.metadata.dirs instead.
2019-09-24 02:34:01,106 [main] WARN  server.ServerUtils (ServerUtils.java:getScmDbDir(145)) - ozone.scm.db.dirs is not configured. We recommend adding this setting. Falling back to ozone.metadata.dirs instead.
2019-09-24 02:34:01,134 [main] INFO  util.log (Log.java:initialized(192)) - Logging initialized @903ms
2019-09-24 02:34:01,289 [main] INFO  db.DBStoreBuilder (DBStoreBuilder.java:addTable(110)) - using custom profile for table: deletedBlocks
2019-09-24 02:34:01,290 [main] INFO  db.DBStoreBuilder (DBStoreBuilder.java:processTables(161)) - Using default column profile:DBProfile.DISK for Table:deletedBlocks
2019-09-24 02:34:01,291 [main] INFO  db.DBStoreBuilder (DBStoreBuilder.java:addTable(110)) - using custom profile for table: validCerts
2019-09-24 02:34:01,291 [main] INFO  db.DBStoreBuilder (DBStoreBuilder.java:processTables(161)) - Using default column profile:DBProfile.DISK for Table:validCerts
2019-09-24 02:34:01,291 [main] INFO  db.DBStoreBuilder (DBStoreBuilder.java:addTable(110)) - using custom profile for table: revokedCerts
2019-09-24 02:34:01,292 [main] INFO  db.DBStoreBuilder (DBStoreBuilder.java:processTables(161)) - Using default column profile:DBProfile.DISK for Table:revokedCerts
2019-09-24 02:34:01,307 [main] INFO  db.DBStoreBuilder (DBStoreBuilder.java:addTable(110)) - using custom profile for table: default
2019-09-24 02:34:01,307 [main] INFO  db.DBStoreBuilder (DBStoreBuilder.java:processTables(167)) - Using default column profile:DBProfile.DISK for Table:default
2019-09-24 02:34:01,309 [main] INFO  db.DBStoreBuilder (DBStoreBuilder.java:getDbProfile(198)) - Using default options. DBProfile.DISK
2019-09-24 02:34:01,564 [main] INFO  net.NodeSchemaLoader (NodeSchemaLoader.java:loadSchemaFromFile(125)) - Loading file from sun.misc.CompoundEnumeration@47eaca72
2019-09-24 02:34:01,566 [main] INFO  net.NodeSchemaLoader (NodeSchemaLoader.java:loadSchema(171)) - Loading network topology layer schema file
2019-09-24 02:34:01,640 [main] INFO  node.SCMNodeManager (SCMNodeManager.java:<init>(114)) - Entering startup safe mode.
2019-09-24 02:34:01,720 [main] INFO  algorithms.ContainerPlacementPolicyFactory (ContainerPlacementPolicyFactory.java:getPolicy(57)) - Create container placement policy of type org.apache.hadoop.hdds.scm.container.placement.algorithms.SCMContainerPlacementRandom
2019-09-24 02:34:01,736 [main] WARN  server.ServerUtils (ServerUtils.java:getScmDbDir(145)) - ozone.scm.db.dirs is not configured. We recommend adding this setting. Falling back to ozone.metadata.dirs instead.
2019-09-24 02:34:01,792 [main] INFO  pipeline.SCMPipelineManager (SCMPipelineManager.java:initializePipelineState(132)) - No pipeline exists in current db
2019-09-24 02:34:01,794 [main] WARN  server.ServerUtils (ServerUtils.java:getScmDbDir(145)) - ozone.scm.db.dirs is not configured. We recommend adding this setting. Falling back to ozone.metadata.dirs instead.
2019-09-24 02:34:01,888 [main] WARN  events.EventQueue (EventQueue.java:fireEvent(183)) - No event handler registered for event TypedEvent{payloadType=SafeModeStatus, name='SafeModeStatus'}
2019-09-24 02:34:02,267 [main] INFO  ipc.CallQueueManager (CallQueueManager.java:<init>(84)) - Using callQueue: class java.util.concurrent.LinkedBlockingQueue, queueCapacity: 2000, scheduler: class org.apache.hadoop.ipc.DefaultRpcScheduler, ipcBackoff: false.
2019-09-24 02:34:02,300 [Socket Reader #1 for port 42518] INFO  ipc.Server (Server.java:run(1074)) - Starting Socket Reader #1 for port 42518
2019-09-24 02:34:02,450 [main] INFO  ipc.CallQueueManager (CallQueueManager.java:<init>(84)) - Using callQueue: class java.util.concurrent.LinkedBlockingQueue, queueCapacity: 2000, scheduler: class org.apache.hadoop.ipc.DefaultRpcScheduler, ipcBackoff: false.
2019-09-24 02:34:02,451 [Socket Reader #1 for port 43203] INFO  ipc.Server (Server.java:run(1074)) - Starting Socket Reader #1 for port 43203
2019-09-24 02:34:02,459 [main] INFO  ipc.CallQueueManager (CallQueueManager.java:<init>(84)) - Using callQueue: class java.util.concurrent.LinkedBlockingQueue, queueCapacity: 2000, scheduler: class org.apache.hadoop.ipc.DefaultRpcScheduler, ipcBackoff: false.
2019-09-24 02:34:02,460 [Socket Reader #1 for port 38943] INFO  ipc.Server (Server.java:run(1074)) - Starting Socket Reader #1 for port 38943
2019-09-24 02:34:02,482 [main] INFO  hdfs.DFSUtil (DFSUtil.java:httpServerTemplateForNNAndJN(1641)) - Starting Web-server for scm at: http://0.0.0.0:0
2019-09-24 02:34:02,636 [main] INFO  server.AuthenticationFilter (AuthenticationFilter.java:constructSecretProvider(240)) - Unable to initialize FileSignerSecretProvider, falling back to use random secrets.
2019-09-24 02:34:02,646 [main] WARN  http.HttpRequestLog (HttpRequestLog.java:getRequestLog(97)) - Jetty request log can only be enabled using Log4j
2019-09-24 02:34:02,655 [main] INFO  http.HttpServer2 (HttpServer2.java:addGlobalFilter(975)) - Added global filter 'safety' (class=org.apache.hadoop.http.HttpServer2$QuotingInputFilter)
2019-09-24 02:34:02,658 [main] INFO  http.HttpServer2 (HttpServer2.java:addFilter(948)) - Added filter static_user_filter (class=org.apache.hadoop.http.lib.StaticUserWebFilter$StaticUserFilter) to context scm
2019-09-24 02:34:02,658 [main] INFO  http.HttpServer2 (HttpServer2.java:addFilter(958)) - Added filter static_user_filter (class=org.apache.hadoop.http.lib.StaticUserWebFilter$StaticUserFilter) to context logs
2019-09-24 02:34:02,658 [main] INFO  http.HttpServer2 (HttpServer2.java:addFilter(958)) - Added filter static_user_filter (class=org.apache.hadoop.http.lib.StaticUserWebFilter$StaticUserFilter) to context static
2019-09-24 02:34:02,707 [main] INFO  server.StorageContainerManager (StorageContainerManager.java:start(770)) - StorageContainerLocationProtocol RPC server is listening at /0.0.0.0:38943
2019-09-24 02:34:02,808 [main] WARN  impl.MetricsConfig (MetricsConfig.java:loadFirst(134)) - Cannot locate configuration: tried hadoop-metrics2-storagecontainermanager.properties,hadoop-metrics2.properties
2019-09-24 02:34:02,823 [main] INFO  impl.MetricsSystemImpl (MetricsSystemImpl.java:startTimer(374)) - Scheduled Metric snapshot period at 10 second(s).
2019-09-24 02:34:02,824 [main] INFO  impl.MetricsSystemImpl (MetricsSystemImpl.java:start(191)) - StorageContainerManager metrics system started
2019-09-24 02:34:03,062 [main] INFO  server.SCMClientProtocolServer (SCMClientProtocolServer.java:start(151)) - RPC server for Client  is listening at /0.0.0.0:38943
2019-09-24 02:34:03,063 [IPC Server Responder] INFO  ipc.Server (Server.java:run(1314)) - IPC Server Responder: starting
2019-09-24 02:34:03,063 [IPC Server listener on 38943] INFO  ipc.Server (Server.java:run(1153)) - IPC Server listener on 38943: starting
2019-09-24 02:34:03,066 [main] INFO  server.StorageContainerManager (StorageContainerManager.java:start(780)) - ScmBlockLocationProtocol RPC server is listening at /0.0.0.0:43203
2019-09-24 02:34:03,067 [main] INFO  server.SCMBlockProtocolServer (SCMBlockProtocolServer.java:start(146)) - RPC server for Block Protocol is listening at /0.0.0.0:43203
2019-09-24 02:34:03,068 [IPC Server Responder] INFO  ipc.Server (Server.java:run(1314)) - IPC Server Responder: starting
2019-09-24 02:34:03,068 [IPC Server listener on 43203] INFO  ipc.Server (Server.java:run(1153)) - IPC Server listener on 43203: starting
2019-09-24 02:34:03,070 [main] INFO  server.StorageContainerManager (StorageContainerManager.java:start(784)) - ScmDatanodeProtocl RPC server is listening at /0.0.0.0:42518
2019-09-24 02:34:03,071 [main] INFO  server.SCMDatanodeProtocolServer (SCMDatanodeProtocolServer.java:start(191)) - RPC server for DataNodes is listening at /0.0.0.0:42518
2019-09-24 02:34:03,071 [IPC Server Responder] INFO  ipc.Server (Server.java:run(1314)) - IPC Server Responder: starting
2019-09-24 02:34:03,071 [IPC Server listener on 42518] INFO  ipc.Server (Server.java:run(1153)) - IPC Server listener on 42518: starting
2019-09-24 02:34:03,075 [main] INFO  http.HttpServer2 (HttpServer2.java:bindListener(1191)) - Jetty bound to port 45245
2019-09-24 02:34:03,077 [main] INFO  server.Server (Server.java:doStart(351)) - jetty-9.3.25.v20180904, build timestamp: 2018-09-04T21:11:46Z, git hash: 3ce520221d0240229c862b122d2b06c12a625732
2019-09-24 02:34:03,116 [main] INFO  handler.ContextHandler (ContextHandler.java:doStart(781)) - Started o.e.j.s.ServletContextHandler@299321e2{/logs,file:///workdir/hadoop-ozone/integration-test/target/log,AVAILABLE}
2019-09-24 02:34:03,117 [main] INFO  handler.ContextHandler (ContextHandler.java:doStart(781)) - Started o.e.j.s.ServletContextHandler@64ba3208{/static,file:///workdir/hadoop-ozone/integration-test/target/test-classes/webapps/static,AVAILABLE}
2019-09-24 02:34:03,150 [main] INFO  handler.ContextHandler (ContextHandler.java:doStart(781)) - Started o.e.j.w.WebAppContext@3591009c{/,file:///workdir/hadoop-ozone/integration-test/target/test-classes/webapps/scm/,AVAILABLE}{/scm}
2019-09-24 02:34:03,156 [main] INFO  server.AbstractConnector (AbstractConnector.java:doStart(278)) - Started ServerConnector@2de366bb{HTTP/1.1,[http/1.1]}{0.0.0.0:45245}
2019-09-24 02:34:03,156 [main] INFO  server.Server (Server.java:doStart(419)) - Started @2926ms
2019-09-24 02:34:03,158 [main] INFO  impl.MetricsSinkAdapter (MetricsSinkAdapter.java:start(204)) - Sink prometheus started
2019-09-24 02:34:03,158 [main] INFO  impl.MetricsSystemImpl (MetricsSystemImpl.java:registerSink(301)) - Registered sink prometheus
2019-09-24 02:34:03,160 [main] INFO  server.BaseHttpServer (BaseHttpServer.java:updateConnectorAddress(215)) - HTTP server of SCM is listening at http://0.0.0.0:45245
2019-09-24 02:34:03,168 [org.apache.hadoop.util.JvmPauseMonitor$Monitor@64f857e7] INFO  util.JvmPauseMonitor (JvmPauseMonitor.java:run(188)) - Starting JVM pause monitor
2019-09-24 02:34:03,174 [main] WARN  server.ServerUtils (ServerUtils.java:getDBPath(222)) - ozone.om.db.dirs is not configured. We recommend adding this setting. Falling back to ozone.metadata.dirs instead.
2019-09-24 02:34:03,304 [main] INFO  ha.OMHANodeDetails (OMHANodeDetails.java:loadOMHAConfig(138)) - Found matching OM address with OMServiceId: null, OMNodeId: null, RPC Address: localhost:0 and Ratis port: 9872
2019-09-24 02:34:03,304 [main] INFO  ha.OMHANodeDetails (OMHANodeDetails.java:setOMNodeSpecificConfigs(240)) - Setting configuration key ozone.om.http-address with value of key ozone.om.http-address: 127.0.0.1:0
2019-09-24 02:34:03,305 [main] INFO  ha.OMHANodeDetails (OMHANodeDetails.java:setOMNodeSpecificConfigs(240)) - Setting configuration key ozone.om.https-address with value of key ozone.om.https-address: 0.0.0.0:9875
2019-09-24 02:34:03,305 [main] INFO  ha.OMHANodeDetails (OMHANodeDetails.java:setOMNodeSpecificConfigs(240)) - Setting configuration key ozone.om.http-bind-host with value of key ozone.om.http-bind-host: 0.0.0.0
2019-09-24 02:34:03,305 [main] INFO  ha.OMHANodeDetails (OMHANodeDetails.java:setOMNodeSpecificConfigs(240)) - Setting configuration key ozone.om.https-bind-host with value of key ozone.om.https-bind-host: 0.0.0.0
2019-09-24 02:34:03,305 [main] INFO  ha.OMHANodeDetails (OMHANodeDetails.java:setOMNodeSpecificConfigs(240)) - Setting configuration key ozone.om.http.kerberos.keytab with value of key ozone.om.http.kerberos.keytab: /etc/security/keytabs/HTTP.keytab
2019-09-24 02:34:03,306 [main] INFO  ha.OMHANodeDetails (OMHANodeDetails.java:setOMNodeSpecificConfigs(240)) - Setting configuration key ozone.om.http.kerberos.principal with value of key ozone.om.http.kerberos.principal: HTTP/_HOST@EXAMPLE.COM
2019-09-24 02:34:03,306 [main] INFO  ha.OMHANodeDetails (OMHANodeDetails.java:setOMNodeSpecificConfigs(240)) - Setting configuration key ozone.om.address with value of key ozone.om.address: 127.0.0.1:0
2019-09-24 02:34:03,306 [main] INFO  ha.OMHANodeDetails (OMHANodeDetails.java:getOMNodeDetails(192)) - OM Service ID is not set. Setting it to the default ID: omServiceIdDefault
2019-09-24 02:34:03,307 [main] WARN  server.ServerUtils (ServerUtils.java:getDBPath(222)) - ozone.om.db.dirs is not configured. We recommend adding this setting. Falling back to ozone.metadata.dirs instead.
2019-09-24 02:34:03,308 [main] WARN  server.ServerUtils (ServerUtils.java:getDBPath(222)) - ozone.om.db.dirs is not configured. We recommend adding this setting. Falling back to ozone.metadata.dirs instead.
2019-09-24 02:34:04,084 [main] WARN  server.ServerUtils (ServerUtils.java:getDBPath(222)) - ozone.om.db.dirs is not configured. We recommend adding this setting. Falling back to ozone.metadata.dirs instead.
2019-09-24 02:34:04,092 [main] INFO  db.DBStoreBuilder (DBStoreBuilder.java:addTable(110)) - using custom profile for table: userTable
2019-09-24 02:34:04,093 [main] INFO  db.DBStoreBuilder (DBStoreBuilder.java:processTables(161)) - Using default column profile:DBProfile.DISK for Table:userTable
2019-09-24 02:34:04,093 [main] INFO  db.DBStoreBuilder (DBStoreBuilder.java:addTable(110)) - using custom profile for table: volumeTable
2019-09-24 02:34:04,093 [main] INFO  db.DBStoreBuilder (DBStoreBuilder.java:processTables(161)) - Using default column profile:DBProfile.DISK for Table:volumeTable
2019-09-24 02:34:04,093 [main] INFO  db.DBStoreBuilder (DBStoreBuilder.java:addTable(110)) - using custom profile for table: bucketTable
2019-09-24 02:34:04,094 [main] INFO  db.DBStoreBuilder (DBStoreBuilder.java:processTables(161)) - Using default column profile:DBProfile.DISK for Table:bucketTable
2019-09-24 02:34:04,094 [main] INFO  db.DBStoreBuilder (DBStoreBuilder.java:addTable(110)) - using custom profile for table: keyTable
2019-09-24 02:34:04,094 [main] INFO  db.DBStoreBuilder (DBStoreBuilder.java:processTables(161)) - Using default column profile:DBProfile.DISK for Table:keyTable
2019-09-24 02:34:04,094 [main] INFO  db.DBStoreBuilder (DBStoreBuilder.java:addTable(110)) - using custom profile for table: deletedTable
2019-09-24 02:34:04,094 [main] INFO  db.DBStoreBuilder (DBStoreBuilder.java:processTables(161)) - Using default column profile:DBProfile.DISK for Table:deletedTable
2019-09-24 02:34:04,095 [main] INFO  db.DBStoreBuilder (DBStoreBuilder.java:addTable(110)) - using custom profile for table: openKeyTable
2019-09-24 02:34:04,095 [main] INFO  db.DBStoreBuilder (DBStoreBuilder.java:processTables(161)) - Using default column profile:DBProfile.DISK for Table:openKeyTable
2019-09-24 02:34:04,095 [main] INFO  db.DBStoreBuilder (DBStoreBuilder.java:addTable(110)) - using custom profile for table: s3Table
2019-09-24 02:34:04,095 [main] INFO  db.DBStoreBuilder (DBStoreBuilder.java:processTables(161)) - Using default column profile:DBProfile.DISK for Table:s3Table
2019-09-24 02:34:04,096 [main] INFO  db.DBStoreBuilder (DBStoreBuilder.java:addTable(110)) - using custom profile for table: multipartInfoTable
2019-09-24 02:34:04,096 [main] INFO  db.DBStoreBuilder (DBStoreBuilder.java:processTables(161)) - Using default column profile:DBProfile.DISK for Table:multipartInfoTable
2019-09-24 02:34:04,096 [main] INFO  db.DBStoreBuilder (DBStoreBuilder.java:addTable(110)) - using custom profile for table: dTokenTable
2019-09-24 02:34:04,096 [main] INFO  db.DBStoreBuilder (DBStoreBuilder.java:processTables(161)) - Using default column profile:DBProfile.DISK for Table:dTokenTable
2019-09-24 02:34:04,097 [main] INFO  db.DBStoreBuilder (DBStoreBuilder.java:addTable(110)) - using custom profile for table: s3SecretTable
2019-09-24 02:34:04,097 [main] INFO  db.DBStoreBuilder (DBStoreBuilder.java:processTables(161)) - Using default column profile:DBProfile.DISK for Table:s3SecretTable
2019-09-24 02:34:04,097 [main] INFO  db.DBStoreBuilder (DBStoreBuilder.java:addTable(110)) - using custom profile for table: prefixTable
2019-09-24 02:34:04,097 [main] INFO  db.DBStoreBuilder (DBStoreBuilder.java:processTables(161)) - Using default column profile:DBProfile.DISK for Table:prefixTable
2019-09-24 02:34:04,098 [main] INFO  db.DBStoreBuilder (DBStoreBuilder.java:addTable(110)) - using custom profile for table: default
2019-09-24 02:34:04,098 [main] INFO  db.DBStoreBuilder (DBStoreBuilder.java:processTables(167)) - Using default column profile:DBProfile.DISK for Table:default
2019-09-24 02:34:04,098 [main] INFO  db.DBStoreBuilder (DBStoreBuilder.java:getDbProfile(198)) - Using default options. DBProfile.DISK
2019-09-24 02:34:04,672 [main] INFO  ipc.CallQueueManager (CallQueueManager.java:<init>(84)) - Using callQueue: class java.util.concurrent.LinkedBlockingQueue, queueCapacity: 2000, scheduler: class org.apache.hadoop.ipc.DefaultRpcScheduler, ipcBackoff: false.
2019-09-24 02:34:04,673 [Socket Reader #1 for port 33090] INFO  ipc.Server (Server.java:run(1074)) - Starting Socket Reader #1 for port 33090
2019-09-24 02:34:04,701 [main] INFO  om.OzoneManager (OzoneManager.java:start(1075)) - OzoneManager RPC server is listening at localhost/127.0.0.1:33090
2019-09-24 02:34:04,702 [main] INFO  impl.MetricsSystemImpl (MetricsSystemImpl.java:init(158)) - OzoneManager metrics system started (again)
2019-09-24 02:34:04,703 [IPC Server Responder] INFO  ipc.Server (Server.java:run(1314)) - IPC Server Responder: starting
2019-09-24 02:34:04,703 [IPC Server listener on 33090] INFO  ipc.Server (Server.java:run(1153)) - IPC Server listener on 33090: starting
2019-09-24 02:34:04,710 [main] INFO  hdfs.DFSUtil (DFSUtil.java:httpServerTemplateForNNAndJN(1641)) - Starting Web-server for ozoneManager at: http://0.0.0.0:0
2019-09-24 02:34:04,713 [main] INFO  server.AuthenticationFilter (AuthenticationFilter.java:constructSecretProvider(240)) - Unable to initialize FileSignerSecretProvider, falling back to use random secrets.
2019-09-24 02:34:04,714 [main] WARN  http.HttpRequestLog (HttpRequestLog.java:getRequestLog(97)) - Jetty request log can only be enabled using Log4j
2019-09-24 02:34:04,718 [main] INFO  http.HttpServer2 (HttpServer2.java:addGlobalFilter(975)) - Added global filter 'safety' (class=org.apache.hadoop.http.HttpServer2$QuotingInputFilter)
2019-09-24 02:34:04,719 [main] INFO  http.HttpServer2 (HttpServer2.java:addFilter(948)) - Added filter static_user_filter (class=org.apache.hadoop.http.lib.StaticUserWebFilter$StaticUserFilter) to context ozoneManager
2019-09-24 02:34:04,720 [main] INFO  http.HttpServer2 (HttpServer2.java:addFilter(958)) - Added filter static_user_filter (class=org.apache.hadoop.http.lib.StaticUserWebFilter$StaticUserFilter) to context static
2019-09-24 02:34:04,720 [main] INFO  http.HttpServer2 (HttpServer2.java:addFilter(958)) - Added filter static_user_filter (class=org.apache.hadoop.http.lib.StaticUserWebFilter$StaticUserFilter) to context logs
2019-09-24 02:34:04,723 [main] INFO  http.HttpServer2 (HttpServer2.java:bindListener(1191)) - Jetty bound to port 41332
2019-09-24 02:34:04,724 [main] INFO  server.Server (Server.java:doStart(351)) - jetty-9.3.25.v20180904, build timestamp: 2018-09-04T21:11:46Z, git hash: 3ce520221d0240229c862b122d2b06c12a625732
2019-09-24 02:34:04,727 [main] INFO  handler.ContextHandler (ContextHandler.java:doStart(781)) - Started o.e.j.s.ServletContextHandler@5cf8edcf{/logs,file:///workdir/hadoop-ozone/integration-test/target/log,AVAILABLE}
2019-09-24 02:34:04,728 [main] INFO  handler.ContextHandler (ContextHandler.java:doStart(781)) - Started o.e.j.s.ServletContextHandler@629f066f{/static,file:///workdir/hadoop-ozone/integration-test/target/test-classes/webapps/static,AVAILABLE}
2019-09-24 02:34:04,735 [main] INFO  handler.ContextHandler (ContextHandler.java:doStart(781)) - Started o.e.j.w.WebAppContext@1cbb3d3b{/,file:///workdir/hadoop-ozone/integration-test/target/test-classes/webapps/ozoneManager/,AVAILABLE}{/ozoneManager}
2019-09-24 02:34:04,737 [main] INFO  server.AbstractConnector (AbstractConnector.java:doStart(278)) - Started ServerConnector@529cfee5{HTTP/1.1,[http/1.1]}{0.0.0.0:41332}
2019-09-24 02:34:04,738 [main] INFO  server.Server (Server.java:doStart(419)) - Started @4508ms
2019-09-24 02:34:04,738 [main] WARN  impl.MetricsSystemImpl (MetricsSystemImpl.java:register(276)) - Sink prometheus already exists!
2019-09-24 02:34:04,739 [main] INFO  server.BaseHttpServer (BaseHttpServer.java:updateConnectorAddress(215)) - HTTP server of OZONEMANAGER is listening at http://0.0.0.0:41332
2019-09-24 02:34:05,093 [main] INFO  impl.MetricsSystemImpl (MetricsSystemImpl.java:init(158)) - HddsDatanode metrics system started (again)
2019-09-24 02:34:05,152 [main] INFO  ozone.HddsDatanodeService (HddsDatanodeService.java:start(184)) - HddsDatanodeService host:pr-hdds-2162-tjkd5-3209850126 ip:192.168.151.121
2019-09-24 02:34:05,189 [main] INFO  volume.HddsVolume (HddsVolume.java:<init>(176)) - Creating Volume: /workdir/hadoop-ozone/integration-test/target/test-dir/MiniOzoneClusterImpl-2d72fd32-3911-4ce5-968d-89f72e8fe093/datanode-0/data/containers/hdds of  storage type : DISK and capacity : 1482555576320
2019-09-24 02:34:05,191 [main] INFO  volume.VolumeSet (VolumeSet.java:initializeVolumeSet(170)) - Added Volume : /workdir/hadoop-ozone/integration-test/target/test-dir/MiniOzoneClusterImpl-2d72fd32-3911-4ce5-968d-89f72e8fe093/datanode-0/data/containers/hdds to VolumeSet
2019-09-24 02:34:05,194 [main] INFO  volume.ThrottledAsyncChecker (ThrottledAsyncChecker.java:schedule(139)) - Scheduling a check for org.apache.hadoop.ozone.container.common.volume.HddsVolume@3cee53dc
2019-09-24 02:34:05,213 [main] INFO  volume.HddsVolumeChecker (HddsVolumeChecker.java:checkAllVolumes(202)) - Scheduled health check for volume org.apache.hadoop.ozone.container.common.volume.HddsVolume@3cee53dc
2019-09-24 02:34:05,354 [main] INFO  impl.RaftServerProxy (ConfUtils.java:logGet(43)) - raft.rpc.type = GRPC (default)
2019-09-24 02:34:05,434 [main] INFO  grpc.GrpcFactory (GrpcFactory.java:checkPooledByteBufAllocatorUseCacheForAllThreads(45)) - PERFORMANCE WARNING: useCacheForAllThreads is true that may cause Netty to create a lot garbage objects and, as a result, trigger GC.
	It is recommended to disable useCacheForAllThreads by setting -Dorg.apache.ratis.thirdparty.io.netty.allocator.useCacheForAllThreads=false in command line.
2019-09-24 02:34:05,439 [main] INFO  grpc.GrpcConfigKeys$Server (ConfUtils.java:logGet(43)) - raft.grpc.server.port = 0 (default)
2019-09-24 02:34:05,440 [main] INFO  server.GrpcService (ConfUtils.java:logGet(43)) - raft.grpc.message.size.max = 33570816 (custom)
2019-09-24 02:34:05,442 [main] INFO  server.RaftServerConfigKeys (ConfUtils.java:logGet(43)) - raft.server.log.appender.buffer.byte-limit = 33554432 (custom)
2019-09-24 02:34:05,442 [main] INFO  server.GrpcService (ConfUtils.java:logGet(43)) - raft.grpc.flow.control.window = 1MB (=1048576) (default)
2019-09-24 02:34:05,443 [main] INFO  server.RaftServerConfigKeys (ConfUtils.java:logGet(43)) - raft.server.rpc.request.timeout = 3000ms (default)
2019-09-24 02:34:05,603 [main] INFO  server.RaftServerConfigKeys (ConfUtils.java:logGet(43)) - raft.server.storage.dir = [/workdir/hadoop-ozone/integration-test/target/test-dir/MiniOzoneClusterImpl-2d72fd32-3911-4ce5-968d-89f72e8fe093/datanode-0/data/ratis] (custom)
2019-09-24 02:34:05,664 [main] INFO  hdfs.DFSUtil (DFSUtil.java:httpServerTemplateForNNAndJN(1641)) - Starting Web-server for hddsDatanode at: http://0.0.0.0:0
2019-09-24 02:34:05,666 [main] INFO  server.AuthenticationFilter (AuthenticationFilter.java:constructSecretProvider(240)) - Unable to initialize FileSignerSecretProvider, falling back to use random secrets.
2019-09-24 02:34:05,667 [main] WARN  http.HttpRequestLog (HttpRequestLog.java:getRequestLog(97)) - Jetty request log can only be enabled using Log4j
2019-09-24 02:34:05,669 [main] INFO  http.HttpServer2 (HttpServer2.java:addGlobalFilter(975)) - Added global filter 'safety' (class=org.apache.hadoop.http.HttpServer2$QuotingInputFilter)
2019-09-24 02:34:05,670 [main] INFO  http.HttpServer2 (HttpServer2.java:addFilter(948)) - Added filter static_user_filter (class=org.apache.hadoop.http.lib.StaticUserWebFilter$StaticUserFilter) to context hddsDatanode
2019-09-24 02:34:05,670 [main] INFO  http.HttpServer2 (HttpServer2.java:addFilter(958)) - Added filter static_user_filter (class=org.apache.hadoop.http.lib.StaticUserWebFilter$StaticUserFilter) to context static
2019-09-24 02:34:05,671 [main] INFO  http.HttpServer2 (HttpServer2.java:addFilter(958)) - Added filter static_user_filter (class=org.apache.hadoop.http.lib.StaticUserWebFilter$StaticUserFilter) to context logs
2019-09-24 02:34:05,672 [main] INFO  http.HttpServer2 (HttpServer2.java:bindListener(1191)) - Jetty bound to port 45617
2019-09-24 02:34:05,672 [main] INFO  server.Server (Server.java:doStart(351)) - jetty-9.3.25.v20180904, build timestamp: 2018-09-04T21:11:46Z, git hash: 3ce520221d0240229c862b122d2b06c12a625732
2019-09-24 02:34:05,674 [main] INFO  handler.ContextHandler (ContextHandler.java:doStart(781)) - Started o.e.j.s.ServletContextHandler@7ff35a3f{/logs,file:///workdir/hadoop-ozone/integration-test/target/log,AVAILABLE}
2019-09-24 02:34:05,675 [main] INFO  handler.ContextHandler (ContextHandler.java:doStart(781)) - Started o.e.j.s.ServletContextHandler@252dc8c4{/static,jar:file:/home/user/.m2/repository/org/apache/hadoop/hadoop-hdds-container-service/0.5.0-SNAPSHOT/hadoop-hdds-container-service-0.5.0-SNAPSHOT.jar!/webapps/static,AVAILABLE}
2019-09-24 02:34:05,711 [main] INFO  handler.ContextHandler (ContextHandler.java:doStart(781)) - Started o.e.j.w.WebAppContext@cdb2d95{/,file:///tmp/jetty-0.0.0.0-45617-hddsDatanode-_-any-3855849495691525776.dir/webapp/,AVAILABLE}{/hddsDatanode}
2019-09-24 02:34:05,713 [main] INFO  server.AbstractConnector (AbstractConnector.java:doStart(278)) - Started ServerConnector@122d6c22{HTTP/1.1,[http/1.1]}{0.0.0.0:45617}
2019-09-24 02:34:05,714 [main] INFO  server.Server (Server.java:doStart(419)) - Started @5484ms
2019-09-24 02:34:05,715 [main] WARN  impl.MetricsSystemImpl (MetricsSystemImpl.java:register(276)) - Sink prometheus already exists!
2019-09-24 02:34:05,716 [main] INFO  server.BaseHttpServer (BaseHttpServer.java:updateConnectorAddress(215)) - HTTP server of HDDSDATANODE is listening at http://0.0.0.0:45617
2019-09-24 02:34:05,717 [main] INFO  impl.MetricsSystemImpl (MetricsSystemImpl.java:init(158)) - HddsDatanode metrics system started (again)
2019-09-24 02:34:05,721 [main] INFO  ozone.HddsDatanodeService (HddsDatanodeService.java:start(184)) - HddsDatanodeService host:pr-hdds-2162-tjkd5-3209850126 ip:192.168.151.121
2019-09-24 02:34:05,724 [org.apache.hadoop.util.JvmPauseMonitor$Monitor@4a373b9] INFO  util.JvmPauseMonitor (JvmPauseMonitor.java:run(188)) - Starting JVM pause monitor
2019-09-24 02:34:05,732 [main] INFO  volume.HddsVolume (HddsVolume.java:<init>(176)) - Creating Volume: /workdir/hadoop-ozone/integration-test/target/test-dir/MiniOzoneClusterImpl-2d72fd32-3911-4ce5-968d-89f72e8fe093/datanode-1/data/containers/hdds of  storage type : DISK and capacity : 1482555576320
2019-09-24 02:34:05,732 [main] INFO  volume.VolumeSet (VolumeSet.java:initializeVolumeSet(170)) - Added Volume : /workdir/hadoop-ozone/integration-test/target/test-dir/MiniOzoneClusterImpl-2d72fd32-3911-4ce5-968d-89f72e8fe093/datanode-1/data/containers/hdds to VolumeSet
2019-09-24 02:34:05,732 [main] INFO  volume.ThrottledAsyncChecker (ThrottledAsyncChecker.java:schedule(139)) - Scheduling a check for org.apache.hadoop.ozone.container.common.volume.HddsVolume@7e74a380
2019-09-24 02:34:05,733 [main] INFO  volume.HddsVolumeChecker (HddsVolumeChecker.java:checkAllVolumes(202)) - Scheduled health check for volume org.apache.hadoop.ozone.container.common.volume.HddsVolume@7e74a380
2019-09-24 02:34:05,753 [main] INFO  impl.RaftServerProxy (ConfUtils.java:logGet(43)) - raft.rpc.type = GRPC (default)
2019-09-24 02:34:05,753 [main] INFO  grpc.GrpcFactory (GrpcFactory.java:checkPooledByteBufAllocatorUseCacheForAllThreads(45)) - PERFORMANCE WARNING: useCacheForAllThreads is true that may cause Netty to create a lot garbage objects and, as a result, trigger GC.
	It is recommended to disable useCacheForAllThreads by setting -Dorg.apache.ratis.thirdparty.io.netty.allocator.useCacheForAllThreads=false in command line.
2019-09-24 02:34:05,754 [main] INFO  grpc.GrpcConfigKeys$Server (ConfUtils.java:logGet(43)) - raft.grpc.server.port = 0 (default)
2019-09-24 02:34:05,754 [main] INFO  server.GrpcService (ConfUtils.java:logGet(43)) - raft.grpc.message.size.max = 33570816 (custom)
2019-09-24 02:34:05,754 [main] INFO  server.RaftServerConfigKeys (ConfUtils.java:logGet(43)) - raft.server.log.appender.buffer.byte-limit = 33554432 (custom)
2019-09-24 02:34:05,755 [main] INFO  server.GrpcService (ConfUtils.java:logGet(43)) - raft.grpc.flow.control.window = 1MB (=1048576) (default)
2019-09-24 02:34:05,755 [main] INFO  server.RaftServerConfigKeys (ConfUtils.java:logGet(43)) - raft.server.rpc.request.timeout = 3000ms (default)
2019-09-24 02:34:05,756 [main] INFO  server.RaftServerConfigKeys (ConfUtils.java:logGet(43)) - raft.server.storage.dir = [/workdir/hadoop-ozone/integration-test/target/test-dir/MiniOzoneClusterImpl-2d72fd32-3911-4ce5-968d-89f72e8fe093/datanode-1/data/ratis] (custom)
2019-09-24 02:34:05,758 [main] INFO  hdfs.DFSUtil (DFSUtil.java:httpServerTemplateForNNAndJN(1641)) - Starting Web-server for hddsDatanode at: http://0.0.0.0:0
2019-09-24 02:34:05,759 [main] INFO  server.AuthenticationFilter (AuthenticationFilter.java:constructSecretProvider(240)) - Unable to initialize FileSignerSecretProvider, falling back to use random secrets.
2019-09-24 02:34:05,760 [main] WARN  http.HttpRequestLog (HttpRequestLog.java:getRequestLog(97)) - Jetty request log can only be enabled using Log4j
2019-09-24 02:34:05,762 [main] INFO  http.HttpServer2 (HttpServer2.java:addGlobalFilter(975)) - Added global filter 'safety' (class=org.apache.hadoop.http.HttpServer2$QuotingInputFilter)
2019-09-24 02:34:05,763 [main] INFO  http.HttpServer2 (HttpServer2.java:addFilter(948)) - Added filter static_user_filter (class=org.apache.hadoop.http.lib.StaticUserWebFilter$StaticUserFilter) to context hddsDatanode
2019-09-24 02:34:05,763 [main] INFO  http.HttpServer2 (HttpServer2.java:addFilter(958)) - Added filter static_user_filter (class=org.apache.hadoop.http.lib.StaticUserWebFilter$StaticUserFilter) to context logs
2019-09-24 02:34:05,763 [main] INFO  http.HttpServer2 (HttpServer2.java:addFilter(958)) - Added filter static_user_filter (class=org.apache.hadoop.http.lib.StaticUserWebFilter$StaticUserFilter) to context static
2019-09-24 02:34:05,764 [main] INFO  http.HttpServer2 (HttpServer2.java:bindListener(1191)) - Jetty bound to port 39516
2019-09-24 02:34:05,764 [main] INFO  server.Server (Server.java:doStart(351)) - jetty-9.3.25.v20180904, build timestamp: 2018-09-04T21:11:46Z, git hash: 3ce520221d0240229c862b122d2b06c12a625732
2019-09-24 02:34:05,768 [main] INFO  handler.ContextHandler (ContextHandler.java:doStart(781)) - Started o.e.j.s.ServletContextHandler@2f1d0bbc{/logs,file:///workdir/hadoop-ozone/integration-test/target/log,AVAILABLE}
2019-09-24 02:34:05,769 [main] INFO  handler.ContextHandler (ContextHandler.java:doStart(781)) - Started o.e.j.s.ServletContextHandler@a9f023e{/static,jar:file:/home/user/.m2/repository/org/apache/hadoop/hadoop-hdds-container-service/0.5.0-SNAPSHOT/hadoop-hdds-container-service-0.5.0-SNAPSHOT.jar!/webapps/static,AVAILABLE}
2019-09-24 02:34:05,804 [main] INFO  handler.ContextHandler (ContextHandler.java:doStart(781)) - Started o.e.j.w.WebAppContext@a92be4f{/,file:///tmp/jetty-0.0.0.0-39516-hddsDatanode-_-any-5226292128184238141.dir/webapp/,AVAILABLE}{/hddsDatanode}
2019-09-24 02:34:05,805 [main] INFO  server.AbstractConnector (AbstractConnector.java:doStart(278)) - Started ServerConnector@53e800f9{HTTP/1.1,[http/1.1]}{0.0.0.0:39516}
2019-09-24 02:34:05,805 [main] INFO  server.Server (Server.java:doStart(419)) - Started @5575ms
2019-09-24 02:34:05,806 [main] WARN  impl.MetricsSystemImpl (MetricsSystemImpl.java:register(276)) - Sink prometheus already exists!
2019-09-24 02:34:05,807 [main] INFO  server.BaseHttpServer (BaseHttpServer.java:updateConnectorAddress(215)) - HTTP server of HDDSDATANODE is listening at http://0.0.0.0:39516
2019-09-24 02:34:05,807 [main] INFO  impl.MetricsSystemImpl (MetricsSystemImpl.java:init(158)) - HddsDatanode metrics system started (again)
2019-09-24 02:34:05,810 [org.apache.hadoop.util.JvmPauseMonitor$Monitor@3d69bd19] INFO  util.JvmPauseMonitor (JvmPauseMonitor.java:run(188)) - Starting JVM pause monitor
2019-09-24 02:34:05,810 [main] INFO  ozone.HddsDatanodeService (HddsDatanodeService.java:start(184)) - HddsDatanodeService host:pr-hdds-2162-tjkd5-3209850126 ip:192.168.151.121
2019-09-24 02:34:05,819 [main] INFO  volume.HddsVolume (HddsVolume.java:<init>(176)) - Creating Volume: /workdir/hadoop-ozone/integration-test/target/test-dir/MiniOzoneClusterImpl-2d72fd32-3911-4ce5-968d-89f72e8fe093/datanode-2/data/containers/hdds of  storage type : DISK and capacity : 1482555576320
2019-09-24 02:34:05,819 [main] INFO  volume.VolumeSet (VolumeSet.java:initializeVolumeSet(170)) - Added Volume : /workdir/hadoop-ozone/integration-test/target/test-dir/MiniOzoneClusterImpl-2d72fd32-3911-4ce5-968d-89f72e8fe093/datanode-2/data/containers/hdds to VolumeSet
2019-09-24 02:34:05,819 [main] INFO  volume.ThrottledAsyncChecker (ThrottledAsyncChecker.java:schedule(139)) - Scheduling a check for org.apache.hadoop.ozone.container.common.volume.HddsVolume@7cbeac65
2019-09-24 02:34:05,820 [main] INFO  volume.HddsVolumeChecker (HddsVolumeChecker.java:checkAllVolumes(202)) - Scheduled health check for volume org.apache.hadoop.ozone.container.common.volume.HddsVolume@7cbeac65
2019-09-24 02:34:05,832 [Datanode State Machine Thread - 0] INFO  datanode.InitDatanodeState (InitDatanodeState.java:persistContainerDatanodeDetails(140)) - DatanodeDetails is persisted to /workdir/hadoop-ozone/integration-test/target/test-dir/MiniOzoneClusterImpl-2d72fd32-3911-4ce5-968d-89f72e8fe093/datanode-0/meta/datanode.id
2019-09-24 02:34:05,836 [Datanode State Machine Thread - 0] INFO  datanode.InitDatanodeState (InitDatanodeState.java:persistContainerDatanodeDetails(140)) - DatanodeDetails is persisted to /workdir/hadoop-ozone/integration-test/target/test-dir/MiniOzoneClusterImpl-2d72fd32-3911-4ce5-968d-89f72e8fe093/datanode-1/meta/datanode.id
2019-09-24 02:34:05,838 [main] INFO  impl.RaftServerProxy (ConfUtils.java:logGet(43)) - raft.rpc.type = GRPC (default)
2019-09-24 02:34:05,838 [main] INFO  grpc.GrpcFactory (GrpcFactory.java:checkPooledByteBufAllocatorUseCacheForAllThreads(45)) - PERFORMANCE WARNING: useCacheForAllThreads is true that may cause Netty to create a lot garbage objects and, as a result, trigger GC.
	It is recommended to disable useCacheForAllThreads by setting -Dorg.apache.ratis.thirdparty.io.netty.allocator.useCacheForAllThreads=false in command line.
2019-09-24 02:34:05,838 [main] INFO  grpc.GrpcConfigKeys$Server (ConfUtils.java:logGet(43)) - raft.grpc.server.port = 0 (default)
2019-09-24 02:34:05,838 [main] INFO  server.GrpcService (ConfUtils.java:logGet(43)) - raft.grpc.message.size.max = 33570816 (custom)
2019-09-24 02:34:05,839 [main] INFO  server.RaftServerConfigKeys (ConfUtils.java:logGet(43)) - raft.server.log.appender.buffer.byte-limit = 33554432 (custom)
2019-09-24 02:34:05,839 [main] INFO  server.GrpcService (ConfUtils.java:logGet(43)) - raft.grpc.flow.control.window = 1MB (=1048576) (default)
2019-09-24 02:34:05,843 [main] INFO  server.RaftServerConfigKeys (ConfUtils.java:logGet(43)) - raft.server.rpc.request.timeout = 3000ms (default)
2019-09-24 02:34:05,846 [main] INFO  server.RaftServerConfigKeys (ConfUtils.java:logGet(43)) - raft.server.storage.dir = [/workdir/hadoop-ozone/integration-test/target/test-dir/MiniOzoneClusterImpl-2d72fd32-3911-4ce5-968d-89f72e8fe093/datanode-2/data/ratis] (custom)
2019-09-24 02:34:05,851 [main] INFO  hdfs.DFSUtil (DFSUtil.java:httpServerTemplateForNNAndJN(1641)) - Starting Web-server for hddsDatanode at: http://0.0.0.0:0
2019-09-24 02:34:05,853 [main] INFO  server.AuthenticationFilter (AuthenticationFilter.java:constructSecretProvider(240)) - Unable to initialize FileSignerSecretProvider, falling back to use random secrets.
2019-09-24 02:34:05,854 [main] WARN  http.HttpRequestLog (HttpRequestLog.java:getRequestLog(97)) - Jetty request log can only be enabled using Log4j
2019-09-24 02:34:05,856 [main] INFO  http.HttpServer2 (HttpServer2.java:addGlobalFilter(975)) - Added global filter 'safety' (class=org.apache.hadoop.http.HttpServer2$QuotingInputFilter)
2019-09-24 02:34:05,857 [main] INFO  http.HttpServer2 (HttpServer2.java:addFilter(948)) - Added filter static_user_filter (class=org.apache.hadoop.http.lib.StaticUserWebFilter$StaticUserFilter) to context hddsDatanode
2019-09-24 02:34:05,857 [main] INFO  http.HttpServer2 (HttpServer2.java:addFilter(958)) - Added filter static_user_filter (class=org.apache.hadoop.http.lib.StaticUserWebFilter$StaticUserFilter) to context static
2019-09-24 02:34:05,857 [main] INFO  http.HttpServer2 (HttpServer2.java:addFilter(958)) - Added filter static_user_filter (class=org.apache.hadoop.http.lib.StaticUserWebFilter$StaticUserFilter) to context logs
2019-09-24 02:34:05,858 [main] INFO  http.HttpServer2 (HttpServer2.java:bindListener(1191)) - Jetty bound to port 39938
2019-09-24 02:34:05,858 [main] INFO  server.Server (Server.java:doStart(351)) - jetty-9.3.25.v20180904, build timestamp: 2018-09-04T21:11:46Z, git hash: 3ce520221d0240229c862b122d2b06c12a625732
2019-09-24 02:34:05,861 [main] INFO  handler.ContextHandler (ContextHandler.java:doStart(781)) - Started o.e.j.s.ServletContextHandler@36681447{/logs,file:///workdir/hadoop-ozone/integration-test/target/log,AVAILABLE}
2019-09-24 02:34:05,861 [main] INFO  handler.ContextHandler (ContextHandler.java:doStart(781)) - Started o.e.j.s.ServletContextHandler@726aa968{/static,jar:file:/home/user/.m2/repository/org/apache/hadoop/hadoop-hdds-container-service/0.5.0-SNAPSHOT/hadoop-hdds-container-service-0.5.0-SNAPSHOT.jar!/webapps/static,AVAILABLE}
2019-09-24 02:34:05,892 [main] INFO  handler.ContextHandler (ContextHandler.java:doStart(781)) - Started o.e.j.w.WebAppContext@7e642b88{/,file:///tmp/jetty-0.0.0.0-39938-hddsDatanode-_-any-7444978736431991536.dir/webapp/,AVAILABLE}{/hddsDatanode}
2019-09-24 02:34:05,893 [main] INFO  server.AbstractConnector (AbstractConnector.java:doStart(278)) - Started ServerConnector@6b350309{HTTP/1.1,[http/1.1]}{0.0.0.0:39938}
2019-09-24 02:34:05,894 [main] INFO  server.Server (Server.java:doStart(419)) - Started @5664ms
2019-09-24 02:34:05,894 [main] WARN  impl.MetricsSystemImpl (MetricsSystemImpl.java:register(276)) - Sink prometheus already exists!
2019-09-24 02:34:05,895 [main] INFO  server.BaseHttpServer (BaseHttpServer.java:updateConnectorAddress(215)) - HTTP server of HDDSDATANODE is listening at http://0.0.0.0:39938
2019-09-24 02:34:05,896 [main] INFO  impl.MetricsSystemImpl (MetricsSystemImpl.java:init(158)) - HddsDatanode metrics system started (again)
2019-09-24 02:34:05,899 [org.apache.hadoop.util.JvmPauseMonitor$Monitor@3c329a1e] INFO  util.JvmPauseMonitor (JvmPauseMonitor.java:run(188)) - Starting JVM pause monitor
2019-09-24 02:34:05,900 [main] INFO  ozone.HddsDatanodeService (HddsDatanodeService.java:start(184)) - HddsDatanodeService host:pr-hdds-2162-tjkd5-3209850126 ip:192.168.151.121
2019-09-24 02:34:05,903 [Datanode State Machine Thread - 0] INFO  datanode.InitDatanodeState (InitDatanodeState.java:persistContainerDatanodeDetails(140)) - DatanodeDetails is persisted to /workdir/hadoop-ozone/integration-test/target/test-dir/MiniOzoneClusterImpl-2d72fd32-3911-4ce5-968d-89f72e8fe093/datanode-2/meta/datanode.id
2019-09-24 02:34:05,907 [main] INFO  volume.HddsVolume (HddsVolume.java:<init>(176)) - Creating Volume: /workdir/hadoop-ozone/integration-test/target/test-dir/MiniOzoneClusterImpl-2d72fd32-3911-4ce5-968d-89f72e8fe093/datanode-3/data/containers/hdds of  storage type : DISK and capacity : 1482555576320
2019-09-24 02:34:05,908 [main] INFO  volume.VolumeSet (VolumeSet.java:initializeVolumeSet(170)) - Added Volume : /workdir/hadoop-ozone/integration-test/target/test-dir/MiniOzoneClusterImpl-2d72fd32-3911-4ce5-968d-89f72e8fe093/datanode-3/data/containers/hdds to VolumeSet
2019-09-24 02:34:05,908 [main] INFO  volume.ThrottledAsyncChecker (ThrottledAsyncChecker.java:schedule(139)) - Scheduling a check for org.apache.hadoop.ozone.container.common.volume.HddsVolume@bc042d5
2019-09-24 02:34:05,909 [main] INFO  volume.HddsVolumeChecker (HddsVolumeChecker.java:checkAllVolumes(202)) - Scheduled health check for volume org.apache.hadoop.ozone.container.common.volume.HddsVolume@bc042d5
2019-09-24 02:34:05,925 [main] INFO  impl.RaftServerProxy (ConfUtils.java:logGet(43)) - raft.rpc.type = GRPC (default)
2019-09-24 02:34:05,926 [main] INFO  grpc.GrpcFactory (GrpcFactory.java:checkPooledByteBufAllocatorUseCacheForAllThreads(45)) - PERFORMANCE WARNING: useCacheForAllThreads is true that may cause Netty to create a lot garbage objects and, as a result, trigger GC.
	It is recommended to disable useCacheForAllThreads by setting -Dorg.apache.ratis.thirdparty.io.netty.allocator.useCacheForAllThreads=false in command line.
2019-09-24 02:34:05,926 [main] INFO  grpc.GrpcConfigKeys$Server (ConfUtils.java:logGet(43)) - raft.grpc.server.port = 0 (default)
2019-09-24 02:34:05,926 [main] INFO  server.GrpcService (ConfUtils.java:logGet(43)) - raft.grpc.message.size.max = 33570816 (custom)
2019-09-24 02:34:05,926 [main] INFO  server.RaftServerConfigKeys (ConfUtils.java:logGet(43)) - raft.server.log.appender.buffer.byte-limit = 33554432 (custom)
2019-09-24 02:34:05,927 [main] INFO  server.GrpcService (ConfUtils.java:logGet(43)) - raft.grpc.flow.control.window = 1MB (=1048576) (default)
2019-09-24 02:34:05,927 [main] INFO  server.RaftServerConfigKeys (ConfUtils.java:logGet(43)) - raft.server.rpc.request.timeout = 3000ms (default)
2019-09-24 02:34:05,927 [main] INFO  server.RaftServerConfigKeys (ConfUtils.java:logGet(43)) - raft.server.storage.dir = [/workdir/hadoop-ozone/integration-test/target/test-dir/MiniOzoneClusterImpl-2d72fd32-3911-4ce5-968d-89f72e8fe093/datanode-3/data/ratis] (custom)
2019-09-24 02:34:05,929 [main] INFO  hdfs.DFSUtil (DFSUtil.java:httpServerTemplateForNNAndJN(1641)) - Starting Web-server for hddsDatanode at: http://0.0.0.0:0
2019-09-24 02:34:05,930 [main] INFO  server.AuthenticationFilter (AuthenticationFilter.java:constructSecretProvider(240)) - Unable to initialize FileSignerSecretProvider, falling back to use random secrets.
2019-09-24 02:34:05,931 [main] WARN  http.HttpRequestLog (HttpRequestLog.java:getRequestLog(97)) - Jetty request log can only be enabled using Log4j
2019-09-24 02:34:05,932 [main] INFO  http.HttpServer2 (HttpServer2.java:addGlobalFilter(975)) - Added global filter 'safety' (class=org.apache.hadoop.http.HttpServer2$QuotingInputFilter)
2019-09-24 02:34:05,933 [main] INFO  http.HttpServer2 (HttpServer2.java:addFilter(948)) - Added filter static_user_filter (class=org.apache.hadoop.http.lib.StaticUserWebFilter$StaticUserFilter) to context hddsDatanode
2019-09-24 02:34:05,933 [main] INFO  http.HttpServer2 (HttpServer2.java:addFilter(958)) - Added filter static_user_filter (class=org.apache.hadoop.http.lib.StaticUserWebFilter$StaticUserFilter) to context logs
2019-09-24 02:34:05,933 [main] INFO  http.HttpServer2 (HttpServer2.java:addFilter(958)) - Added filter static_user_filter (class=org.apache.hadoop.http.lib.StaticUserWebFilter$StaticUserFilter) to context static
2019-09-24 02:34:05,934 [main] INFO  http.HttpServer2 (HttpServer2.java:bindListener(1191)) - Jetty bound to port 40982
2019-09-24 02:34:05,934 [main] INFO  server.Server (Server.java:doStart(351)) - jetty-9.3.25.v20180904, build timestamp: 2018-09-04T21:11:46Z, git hash: 3ce520221d0240229c862b122d2b06c12a625732
2019-09-24 02:34:05,937 [main] INFO  handler.ContextHandler (ContextHandler.java:doStart(781)) - Started o.e.j.s.ServletContextHandler@5e7c141d{/logs,file:///workdir/hadoop-ozone/integration-test/target/log,AVAILABLE}
2019-09-24 02:34:05,938 [main] INFO  handler.ContextHandler (ContextHandler.java:doStart(781)) - Started o.e.j.s.ServletContextHandler@1305c126{/static,jar:file:/home/user/.m2/repository/org/apache/hadoop/hadoop-hdds-container-service/0.5.0-SNAPSHOT/hadoop-hdds-container-service-0.5.0-SNAPSHOT.jar!/webapps/static,AVAILABLE}
2019-09-24 02:34:05,966 [main] INFO  handler.ContextHandler (ContextHandler.java:doStart(781)) - Started o.e.j.w.WebAppContext@518bfd90{/,file:///tmp/jetty-0.0.0.0-40982-hddsDatanode-_-any-9197695781237023910.dir/webapp/,AVAILABLE}{/hddsDatanode}
2019-09-24 02:34:05,967 [main] INFO  server.AbstractConnector (AbstractConnector.java:doStart(278)) - Started ServerConnector@317a118b{HTTP/1.1,[http/1.1]}{0.0.0.0:40982}
2019-09-24 02:34:05,968 [main] INFO  server.Server (Server.java:doStart(419)) - Started @5738ms
2019-09-24 02:34:05,968 [main] WARN  impl.MetricsSystemImpl (MetricsSystemImpl.java:register(276)) - Sink prometheus already exists!
2019-09-24 02:34:05,969 [main] INFO  server.BaseHttpServer (BaseHttpServer.java:updateConnectorAddress(215)) - HTTP server of HDDSDATANODE is listening at http://0.0.0.0:40982
2019-09-24 02:34:05,970 [main] INFO  impl.MetricsSystemImpl (MetricsSystemImpl.java:init(158)) - HddsDatanode metrics system started (again)
2019-09-24 02:34:05,973 [org.apache.hadoop.util.JvmPauseMonitor$Monitor@ad39794] INFO  util.JvmPauseMonitor (JvmPauseMonitor.java:run(188)) - Starting JVM pause monitor
2019-09-24 02:34:05,974 [main] INFO  ozone.HddsDatanodeService (HddsDatanodeService.java:start(184)) - HddsDatanodeService host:pr-hdds-2162-tjkd5-3209850126 ip:192.168.151.121
2019-09-24 02:34:05,977 [Datanode State Machine Thread - 0] INFO  datanode.InitDatanodeState (InitDatanodeState.java:persistContainerDatanodeDetails(140)) - DatanodeDetails is persisted to /workdir/hadoop-ozone/integration-test/target/test-dir/MiniOzoneClusterImpl-2d72fd32-3911-4ce5-968d-89f72e8fe093/datanode-3/meta/datanode.id
2019-09-24 02:34:05,984 [main] INFO  volume.HddsVolume (HddsVolume.java:<init>(176)) - Creating Volume: /workdir/hadoop-ozone/integration-test/target/test-dir/MiniOzoneClusterImpl-2d72fd32-3911-4ce5-968d-89f72e8fe093/datanode-4/data/containers/hdds of  storage type : DISK and capacity : 1482555576320
2019-09-24 02:34:05,985 [main] INFO  volume.VolumeSet (VolumeSet.java:initializeVolumeSet(170)) - Added Volume : /workdir/hadoop-ozone/integration-test/target/test-dir/MiniOzoneClusterImpl-2d72fd32-3911-4ce5-968d-89f72e8fe093/datanode-4/data/containers/hdds to VolumeSet
2019-09-24 02:34:05,985 [main] INFO  volume.ThrottledAsyncChecker (ThrottledAsyncChecker.java:schedule(139)) - Scheduling a check for org.apache.hadoop.ozone.container.common.volume.HddsVolume@d5d5353
2019-09-24 02:34:05,986 [main] INFO  volume.HddsVolumeChecker (HddsVolumeChecker.java:checkAllVolumes(202)) - Scheduled health check for volume org.apache.hadoop.ozone.container.common.volume.HddsVolume@d5d5353
2019-09-24 02:34:06,007 [main] INFO  impl.RaftServerProxy (ConfUtils.java:logGet(43)) - raft.rpc.type = GRPC (default)
2019-09-24 02:34:06,007 [main] INFO  grpc.GrpcFactory (GrpcFactory.java:checkPooledByteBufAllocatorUseCacheForAllThreads(45)) - PERFORMANCE WARNING: useCacheForAllThreads is true that may cause Netty to create a lot garbage objects and, as a result, trigger GC.
	It is recommended to disable useCacheForAllThreads by setting -Dorg.apache.ratis.thirdparty.io.netty.allocator.useCacheForAllThreads=false in command line.
2019-09-24 02:34:06,008 [main] INFO  grpc.GrpcConfigKeys$Server (ConfUtils.java:logGet(43)) - raft.grpc.server.port = 0 (default)
2019-09-24 02:34:06,008 [main] INFO  server.GrpcService (ConfUtils.java:logGet(43)) - raft.grpc.message.size.max = 33570816 (custom)
2019-09-24 02:34:06,008 [main] INFO  server.RaftServerConfigKeys (ConfUtils.java:logGet(43)) - raft.server.log.appender.buffer.byte-limit = 33554432 (custom)
2019-09-24 02:34:06,009 [main] INFO  server.GrpcService (ConfUtils.java:logGet(43)) - raft.grpc.flow.control.window = 1MB (=1048576) (default)
2019-09-24 02:34:06,009 [main] INFO  server.RaftServerConfigKeys (ConfUtils.java:logGet(43)) - raft.server.rpc.request.timeout = 3000ms (default)
2019-09-24 02:34:06,010 [main] INFO  server.RaftServerConfigKeys (ConfUtils.java:logGet(43)) - raft.server.storage.dir = [/workdir/hadoop-ozone/integration-test/target/test-dir/MiniOzoneClusterImpl-2d72fd32-3911-4ce5-968d-89f72e8fe093/datanode-4/data/ratis] (custom)
2019-09-24 02:34:06,012 [main] INFO  hdfs.DFSUtil (DFSUtil.java:httpServerTemplateForNNAndJN(1641)) - Starting Web-server for hddsDatanode at: http://0.0.0.0:0
2019-09-24 02:34:06,014 [main] INFO  server.AuthenticationFilter (AuthenticationFilter.java:constructSecretProvider(240)) - Unable to initialize FileSignerSecretProvider, falling back to use random secrets.
2019-09-24 02:34:06,015 [main] WARN  http.HttpRequestLog (HttpRequestLog.java:getRequestLog(97)) - Jetty request log can only be enabled using Log4j
2019-09-24 02:34:06,017 [main] INFO  http.HttpServer2 (HttpServer2.java:addGlobalFilter(975)) - Added global filter 'safety' (class=org.apache.hadoop.http.HttpServer2$QuotingInputFilter)
2019-09-24 02:34:06,018 [main] INFO  http.HttpServer2 (HttpServer2.java:addFilter(948)) - Added filter static_user_filter (class=org.apache.hadoop.http.lib.StaticUserWebFilter$StaticUserFilter) to context hddsDatanode
2019-09-24 02:34:06,018 [main] INFO  http.HttpServer2 (HttpServer2.java:addFilter(958)) - Added filter static_user_filter (class=org.apache.hadoop.http.lib.StaticUserWebFilter$StaticUserFilter) to context logs
2019-09-24 02:34:06,019 [main] INFO  http.HttpServer2 (HttpServer2.java:addFilter(958)) - Added filter static_user_filter (class=org.apache.hadoop.http.lib.StaticUserWebFilter$StaticUserFilter) to context static
2019-09-24 02:34:06,020 [main] INFO  http.HttpServer2 (HttpServer2.java:bindListener(1191)) - Jetty bound to port 35203
2019-09-24 02:34:06,020 [main] INFO  server.Server (Server.java:doStart(351)) - jetty-9.3.25.v20180904, build timestamp: 2018-09-04T21:11:46Z, git hash: 3ce520221d0240229c862b122d2b06c12a625732
2019-09-24 02:34:06,024 [main] INFO  handler.ContextHandler (ContextHandler.java:doStart(781)) - Started o.e.j.s.ServletContextHandler@50fb33a{/logs,file:///workdir/hadoop-ozone/integration-test/target/log,AVAILABLE}
2019-09-24 02:34:06,024 [main] INFO  handler.ContextHandler (ContextHandler.java:doStart(781)) - Started o.e.j.s.ServletContextHandler@1457fde{/static,jar:file:/home/user/.m2/repository/org/apache/hadoop/hadoop-hdds-container-service/0.5.0-SNAPSHOT/hadoop-hdds-container-service-0.5.0-SNAPSHOT.jar!/webapps/static,AVAILABLE}
2019-09-24 02:34:06,069 [main] INFO  handler.ContextHandler (ContextHandler.java:doStart(781)) - Started o.e.j.w.WebAppContext@7b306b9f{/,file:///tmp/jetty-0.0.0.0-35203-hddsDatanode-_-any-4086726997199920432.dir/webapp/,AVAILABLE}{/hddsDatanode}
2019-09-24 02:34:06,071 [main] INFO  server.AbstractConnector (AbstractConnector.java:doStart(278)) - Started ServerConnector@142213d5{HTTP/1.1,[http/1.1]}{0.0.0.0:35203}
2019-09-24 02:34:06,071 [main] INFO  server.Server (Server.java:doStart(419)) - Started @5841ms
2019-09-24 02:34:06,071 [main] WARN  impl.MetricsSystemImpl (MetricsSystemImpl.java:register(276)) - Sink prometheus already exists!
2019-09-24 02:34:06,072 [main] INFO  server.BaseHttpServer (BaseHttpServer.java:updateConnectorAddress(215)) - HTTP server of HDDSDATANODE is listening at http://0.0.0.0:35203
2019-09-24 02:34:06,073 [main] INFO  impl.MetricsSystemImpl (MetricsSystemImpl.java:init(158)) - HddsDatanode metrics system started (again)
2019-09-24 02:34:06,077 [org.apache.hadoop.util.JvmPauseMonitor$Monitor@3b9091bd] INFO  util.JvmPauseMonitor (JvmPauseMonitor.java:run(188)) - Starting JVM pause monitor
2019-09-24 02:34:06,078 [main] INFO  ozone.HddsDatanodeService (HddsDatanodeService.java:start(184)) - HddsDatanodeService host:pr-hdds-2162-tjkd5-3209850126 ip:192.168.151.121
2019-09-24 02:34:06,080 [Datanode State Machine Thread - 0] INFO  datanode.InitDatanodeState (InitDatanodeState.java:persistContainerDatanodeDetails(140)) - DatanodeDetails is persisted to /workdir/hadoop-ozone/integration-test/target/test-dir/MiniOzoneClusterImpl-2d72fd32-3911-4ce5-968d-89f72e8fe093/datanode-4/meta/datanode.id
2019-09-24 02:34:06,088 [main] INFO  volume.HddsVolume (HddsVolume.java:<init>(176)) - Creating Volume: /workdir/hadoop-ozone/integration-test/target/test-dir/MiniOzoneClusterImpl-2d72fd32-3911-4ce5-968d-89f72e8fe093/datanode-5/data/containers/hdds of  storage type : DISK and capacity : 1482555576320
2019-09-24 02:34:06,088 [main] INFO  volume.VolumeSet (VolumeSet.java:initializeVolumeSet(170)) - Added Volume : /workdir/hadoop-ozone/integration-test/target/test-dir/MiniOzoneClusterImpl-2d72fd32-3911-4ce5-968d-89f72e8fe093/datanode-5/data/containers/hdds to VolumeSet
2019-09-24 02:34:06,089 [main] INFO  volume.ThrottledAsyncChecker (ThrottledAsyncChecker.java:schedule(139)) - Scheduling a check for org.apache.hadoop.ozone.container.common.volume.HddsVolume@6e4f263e
2019-09-24 02:34:06,089 [main] INFO  volume.HddsVolumeChecker (HddsVolumeChecker.java:checkAllVolumes(202)) - Scheduled health check for volume org.apache.hadoop.ozone.container.common.volume.HddsVolume@6e4f263e
2019-09-24 02:34:06,110 [main] INFO  impl.RaftServerProxy (ConfUtils.java:logGet(43)) - raft.rpc.type = GRPC (default)
2019-09-24 02:34:06,110 [main] INFO  grpc.GrpcFactory (GrpcFactory.java:checkPooledByteBufAllocatorUseCacheForAllThreads(45)) - PERFORMANCE WARNING: useCacheForAllThreads is true that may cause Netty to create a lot garbage objects and, as a result, trigger GC.
	It is recommended to disable useCacheForAllThreads by setting -Dorg.apache.ratis.thirdparty.io.netty.allocator.useCacheForAllThreads=false in command line.
2019-09-24 02:34:06,110 [main] INFO  grpc.GrpcConfigKeys$Server (ConfUtils.java:logGet(43)) - raft.grpc.server.port = 0 (default)
2019-09-24 02:34:06,111 [main] INFO  server.GrpcService (ConfUtils.java:logGet(43)) - raft.grpc.message.size.max = 33570816 (custom)
2019-09-24 02:34:06,111 [main] INFO  server.RaftServerConfigKeys (ConfUtils.java:logGet(43)) - raft.server.log.appender.buffer.byte-limit = 33554432 (custom)
2019-09-24 02:34:06,111 [main] INFO  server.GrpcService (ConfUtils.java:logGet(43)) - raft.grpc.flow.control.window = 1MB (=1048576) (default)
2019-09-24 02:34:06,112 [main] INFO  server.RaftServerConfigKeys (ConfUtils.java:logGet(43)) - raft.server.rpc.request.timeout = 3000ms (default)
2019-09-24 02:34:06,112 [main] INFO  server.RaftServerConfigKeys (ConfUtils.java:logGet(43)) - raft.server.storage.dir = [/workdir/hadoop-ozone/integration-test/target/test-dir/MiniOzoneClusterImpl-2d72fd32-3911-4ce5-968d-89f72e8fe093/datanode-5/data/ratis] (custom)
2019-09-24 02:34:06,114 [main] INFO  hdfs.DFSUtil (DFSUtil.java:httpServerTemplateForNNAndJN(1641)) - Starting Web-server for hddsDatanode at: http://0.0.0.0:0
2019-09-24 02:34:06,116 [main] INFO  server.AuthenticationFilter (AuthenticationFilter.java:constructSecretProvider(240)) - Unable to initialize FileSignerSecretProvider, falling back to use random secrets.
2019-09-24 02:34:06,116 [main] WARN  http.HttpRequestLog (HttpRequestLog.java:getRequestLog(97)) - Jetty request log can only be enabled using Log4j
2019-09-24 02:34:06,118 [main] INFO  http.HttpServer2 (HttpServer2.java:addGlobalFilter(975)) - Added global filter 'safety' (class=org.apache.hadoop.http.HttpServer2$QuotingInputFilter)
2019-09-24 02:34:06,119 [main] INFO  http.HttpServer2 (HttpServer2.java:addFilter(948)) - Added filter static_user_filter (class=org.apache.hadoop.http.lib.StaticUserWebFilter$StaticUserFilter) to context hddsDatanode
2019-09-24 02:34:06,119 [main] INFO  http.HttpServer2 (HttpServer2.java:addFilter(958)) - Added filter static_user_filter (class=org.apache.hadoop.http.lib.StaticUserWebFilter$StaticUserFilter) to context logs
2019-09-24 02:34:06,119 [main] INFO  http.HttpServer2 (HttpServer2.java:addFilter(958)) - Added filter static_user_filter (class=org.apache.hadoop.http.lib.StaticUserWebFilter$StaticUserFilter) to context static
2019-09-24 02:34:06,120 [main] INFO  http.HttpServer2 (HttpServer2.java:bindListener(1191)) - Jetty bound to port 39940
2019-09-24 02:34:06,120 [main] INFO  server.Server (Server.java:doStart(351)) - jetty-9.3.25.v20180904, build timestamp: 2018-09-04T21:11:46Z, git hash: 3ce520221d0240229c862b122d2b06c12a625732
2019-09-24 02:34:06,122 [main] INFO  handler.ContextHandler (ContextHandler.java:doStart(781)) - Started o.e.j.s.ServletContextHandler@7e53339{/logs,file:///workdir/hadoop-ozone/integration-test/target/log,AVAILABLE}
2019-09-24 02:34:06,122 [main] INFO  handler.ContextHandler (ContextHandler.java:doStart(781)) - Started o.e.j.s.ServletContextHandler@31ddb930{/static,jar:file:/home/user/.m2/repository/org/apache/hadoop/hadoop-hdds-container-service/0.5.0-SNAPSHOT/hadoop-hdds-container-service-0.5.0-SNAPSHOT.jar!/webapps/static,AVAILABLE}
2019-09-24 02:34:06,152 [main] INFO  handler.ContextHandler (ContextHandler.java:doStart(781)) - Started o.e.j.w.WebAppContext@2bc378f7{/,file:///tmp/jetty-0.0.0.0-39940-hddsDatanode-_-any-4230823933437480548.dir/webapp/,AVAILABLE}{/hddsDatanode}
2019-09-24 02:34:06,152 [main] INFO  server.AbstractConnector (AbstractConnector.java:doStart(278)) - Started ServerConnector@268cbb86{HTTP/1.1,[http/1.1]}{0.0.0.0:39940}
2019-09-24 02:34:06,153 [main] INFO  server.Server (Server.java:doStart(419)) - Started @5923ms
2019-09-24 02:34:06,153 [main] WARN  impl.MetricsSystemImpl (MetricsSystemImpl.java:register(276)) - Sink prometheus already exists!
2019-09-24 02:34:06,154 [main] INFO  server.BaseHttpServer (BaseHttpServer.java:updateConnectorAddress(215)) - HTTP server of HDDSDATANODE is listening at http://0.0.0.0:39940
2019-09-24 02:34:06,155 [main] INFO  impl.MetricsSystemImpl (MetricsSystemImpl.java:init(158)) - HddsDatanode metrics system started (again)
2019-09-24 02:34:06,160 [org.apache.hadoop.util.JvmPauseMonitor$Monitor@1acc0e6b] INFO  util.JvmPauseMonitor (JvmPauseMonitor.java:run(188)) - Starting JVM pause monitor
2019-09-24 02:34:06,161 [main] INFO  ozone.HddsDatanodeService (HddsDatanodeService.java:start(184)) - HddsDatanodeService host:pr-hdds-2162-tjkd5-3209850126 ip:192.168.151.121
2019-09-24 02:34:06,163 [Datanode State Machine Thread - 0] INFO  datanode.InitDatanodeState (InitDatanodeState.java:persistContainerDatanodeDetails(140)) - DatanodeDetails is persisted to /workdir/hadoop-ozone/integration-test/target/test-dir/MiniOzoneClusterImpl-2d72fd32-3911-4ce5-968d-89f72e8fe093/datanode-5/meta/datanode.id
2019-09-24 02:34:06,169 [main] INFO  volume.HddsVolume (HddsVolume.java:<init>(176)) - Creating Volume: /workdir/hadoop-ozone/integration-test/target/test-dir/MiniOzoneClusterImpl-2d72fd32-3911-4ce5-968d-89f72e8fe093/datanode-6/data/containers/hdds of  storage type : DISK and capacity : 1482555576320
2019-09-24 02:34:06,170 [main] INFO  volume.VolumeSet (VolumeSet.java:initializeVolumeSet(170)) - Added Volume : /workdir/hadoop-ozone/integration-test/target/test-dir/MiniOzoneClusterImpl-2d72fd32-3911-4ce5-968d-89f72e8fe093/datanode-6/data/containers/hdds to VolumeSet
2019-09-24 02:34:06,170 [main] INFO  volume.ThrottledAsyncChecker (ThrottledAsyncChecker.java:schedule(139)) - Scheduling a check for org.apache.hadoop.ozone.container.common.volume.HddsVolume@7afc4db9
2019-09-24 02:34:06,171 [main] INFO  volume.HddsVolumeChecker (HddsVolumeChecker.java:checkAllVolumes(202)) - Scheduled health check for volume org.apache.hadoop.ozone.container.common.volume.HddsVolume@7afc4db9
2019-09-24 02:34:06,193 [main] INFO  impl.RaftServerProxy (ConfUtils.java:logGet(43)) - raft.rpc.type = GRPC (default)
2019-09-24 02:34:06,193 [main] INFO  grpc.GrpcFactory (GrpcFactory.java:checkPooledByteBufAllocatorUseCacheForAllThreads(45)) - PERFORMANCE WARNING: useCacheForAllThreads is true that may cause Netty to create a lot garbage objects and, as a result, trigger GC.
	It is recommended to disable useCacheForAllThreads by setting -Dorg.apache.ratis.thirdparty.io.netty.allocator.useCacheForAllThreads=false in command line.
2019-09-24 02:34:06,194 [main] INFO  grpc.GrpcConfigKeys$Server (ConfUtils.java:logGet(43)) - raft.grpc.server.port = 0 (default)
2019-09-24 02:34:06,194 [main] INFO  server.GrpcService (ConfUtils.java:logGet(43)) - raft.grpc.message.size.max = 33570816 (custom)
2019-09-24 02:34:06,194 [main] INFO  server.RaftServerConfigKeys (ConfUtils.java:logGet(43)) - raft.server.log.appender.buffer.byte-limit = 33554432 (custom)
2019-09-24 02:34:06,195 [main] INFO  server.GrpcService (ConfUtils.java:logGet(43)) - raft.grpc.flow.control.window = 1MB (=1048576) (default)
2019-09-24 02:34:06,195 [main] INFO  server.RaftServerConfigKeys (ConfUtils.java:logGet(43)) - raft.server.rpc.request.timeout = 3000ms (default)
2019-09-24 02:34:06,196 [main] INFO  server.RaftServerConfigKeys (ConfUtils.java:logGet(43)) - raft.server.storage.dir = [/workdir/hadoop-ozone/integration-test/target/test-dir/MiniOzoneClusterImpl-2d72fd32-3911-4ce5-968d-89f72e8fe093/datanode-6/data/ratis] (custom)
2019-09-24 02:34:06,198 [main] INFO  hdfs.DFSUtil (DFSUtil.java:httpServerTemplateForNNAndJN(1641)) - Starting Web-server for hddsDatanode at: http://0.0.0.0:0
2019-09-24 02:34:06,199 [main] INFO  server.AuthenticationFilter (AuthenticationFilter.java:constructSecretProvider(240)) - Unable to initialize FileSignerSecretProvider, falling back to use random secrets.
2019-09-24 02:34:06,200 [main] WARN  http.HttpRequestLog (HttpRequestLog.java:getRequestLog(97)) - Jetty request log can only be enabled using Log4j
2019-09-24 02:34:06,201 [main] INFO  http.HttpServer2 (HttpServer2.java:addGlobalFilter(975)) - Added global filter 'safety' (class=org.apache.hadoop.http.HttpServer2$QuotingInputFilter)
2019-09-24 02:34:06,202 [main] INFO  http.HttpServer2 (HttpServer2.java:addFilter(948)) - Added filter static_user_filter (class=org.apache.hadoop.http.lib.StaticUserWebFilter$StaticUserFilter) to context hddsDatanode
2019-09-24 02:34:06,202 [main] INFO  http.HttpServer2 (HttpServer2.java:addFilter(958)) - Added filter static_user_filter (class=org.apache.hadoop.http.lib.StaticUserWebFilter$StaticUserFilter) to context logs
2019-09-24 02:34:06,202 [main] INFO  http.HttpServer2 (HttpServer2.java:addFilter(958)) - Added filter static_user_filter (class=org.apache.hadoop.http.lib.StaticUserWebFilter$StaticUserFilter) to context static
2019-09-24 02:34:06,203 [main] INFO  http.HttpServer2 (HttpServer2.java:bindListener(1191)) - Jetty bound to port 33651
2019-09-24 02:34:06,203 [main] INFO  server.Server (Server.java:doStart(351)) - jetty-9.3.25.v20180904, build timestamp: 2018-09-04T21:11:46Z, git hash: 3ce520221d0240229c862b122d2b06c12a625732
2019-09-24 02:34:06,206 [main] INFO  handler.ContextHandler (ContextHandler.java:doStart(781)) - Started o.e.j.s.ServletContextHandler@1ab5f08a{/logs,file:///workdir/hadoop-ozone/integration-test/target/log,AVAILABLE}
2019-09-24 02:34:06,206 [main] INFO  handler.ContextHandler (ContextHandler.java:doStart(781)) - Started o.e.j.s.ServletContextHandler@79a04e5f{/static,jar:file:/home/user/.m2/repository/org/apache/hadoop/hadoop-hdds-container-service/0.5.0-SNAPSHOT/hadoop-hdds-container-service-0.5.0-SNAPSHOT.jar!/webapps/static,AVAILABLE}
2019-09-24 02:34:06,235 [main] INFO  handler.ContextHandler (ContextHandler.java:doStart(781)) - Started o.e.j.w.WebAppContext@5a08efdc{/,file:///tmp/jetty-0.0.0.0-33651-hddsDatanode-_-any-6771666759000621513.dir/webapp/,AVAILABLE}{/hddsDatanode}
2019-09-24 02:34:06,236 [main] INFO  server.AbstractConnector (AbstractConnector.java:doStart(278)) - Started ServerConnector@57272109{HTTP/1.1,[http/1.1]}{0.0.0.0:33651}
2019-09-24 02:34:06,236 [main] INFO  server.Server (Server.java:doStart(419)) - Started @6006ms
2019-09-24 02:34:06,237 [main] WARN  impl.MetricsSystemImpl (MetricsSystemImpl.java:register(276)) - Sink prometheus already exists!
2019-09-24 02:34:06,237 [main] INFO  server.BaseHttpServer (BaseHttpServer.java:updateConnectorAddress(215)) - HTTP server of HDDSDATANODE is listening at http://0.0.0.0:33651
2019-09-24 02:34:06,240 [main] INFO  ozone.MiniOzoneClusterImpl (MiniOzoneClusterImpl.java:lambda$waitForClusterToBeReady$0(147)) - Waiting for cluster to be ready. Got 0 of 7 DN Heartbeats.
2019-09-24 02:34:06,241 [org.apache.hadoop.util.JvmPauseMonitor$Monitor@7d8dc1bc] INFO  util.JvmPauseMonitor (JvmPauseMonitor.java:run(188)) - Starting JVM pause monitor
2019-09-24 02:34:06,244 [Datanode State Machine Thread - 0] INFO  datanode.InitDatanodeState (InitDatanodeState.java:persistContainerDatanodeDetails(140)) - DatanodeDetails is persisted to /workdir/hadoop-ozone/integration-test/target/test-dir/MiniOzoneClusterImpl-2d72fd32-3911-4ce5-968d-89f72e8fe093/datanode-6/meta/datanode.id
2019-09-24 02:34:07,241 [main] INFO  ozone.MiniOzoneClusterImpl (MiniOzoneClusterImpl.java:lambda$waitForClusterToBeReady$0(147)) - Waiting for cluster to be ready. Got 0 of 7 DN Heartbeats.
2019-09-24 02:34:07,811 [Datanode State Machine Thread - 0] INFO  ozoneimpl.OzoneContainer (OzoneContainer.java:start(217)) - Attempting to start container services.
2019-09-24 02:34:07,816 [Datanode State Machine Thread - 0] INFO  ozoneimpl.OzoneContainer (OzoneContainer.java:startContainerScrub(179)) - Background container scanner has been disabled.
2019-09-24 02:34:07,816 [Datanode State Machine Thread - 0] INFO  ratis.XceiverServerRatis (XceiverServerRatis.java:start(411)) - Starting XceiverServerRatis 346a7764-760d-427e-9530-0e15c9e08242 at port 0
2019-09-24 02:34:07,824 [Datanode State Machine Thread - 0] INFO  ozoneimpl.OzoneContainer (OzoneContainer.java:start(217)) - Attempting to start container services.
2019-09-24 02:34:07,833 [Datanode State Machine Thread - 0] INFO  ozoneimpl.OzoneContainer (OzoneContainer.java:startContainerScrub(179)) - Background container scanner has been disabled.
2019-09-24 02:34:07,833 [Datanode State Machine Thread - 0] INFO  ratis.XceiverServerRatis (XceiverServerRatis.java:start(411)) - Starting XceiverServerRatis 29bfa3d0-4cee-44d0-ba16-edf4c6f09a6d at port 0
2019-09-24 02:34:07,864 [Datanode State Machine Thread - 0] INFO  impl.RaftServerProxy (RaftServerProxy.java:lambda$start$3(299)) - 29bfa3d0-4cee-44d0-ba16-edf4c6f09a6d: start RPC server
2019-09-24 02:34:07,864 [Datanode State Machine Thread - 0] INFO  impl.RaftServerProxy (RaftServerProxy.java:lambda$start$3(299)) - 346a7764-760d-427e-9530-0e15c9e08242: start RPC server
2019-09-24 02:34:07,909 [Datanode State Machine Thread - 0] INFO  ozoneimpl.OzoneContainer (OzoneContainer.java:start(217)) - Attempting to start container services.
2019-09-24 02:34:07,914 [Datanode State Machine Thread - 0] INFO  ozoneimpl.OzoneContainer (OzoneContainer.java:startContainerScrub(179)) - Background container scanner has been disabled.
2019-09-24 02:34:07,914 [Datanode State Machine Thread - 0] INFO  ratis.XceiverServerRatis (XceiverServerRatis.java:start(411)) - Starting XceiverServerRatis afb36831-8adc-4a3c-ba5d-0ae21a058733 at port 0
2019-09-24 02:34:07,924 [Datanode State Machine Thread - 0] INFO  impl.RaftServerProxy (RaftServerProxy.java:lambda$start$3(299)) - afb36831-8adc-4a3c-ba5d-0ae21a058733: start RPC server
2019-09-24 02:34:07,982 [Datanode State Machine Thread - 0] INFO  ozoneimpl.OzoneContainer (OzoneContainer.java:start(217)) - Attempting to start container services.
2019-09-24 02:34:07,983 [Datanode State Machine Thread - 0] INFO  ozoneimpl.OzoneContainer (OzoneContainer.java:startContainerScrub(179)) - Background container scanner has been disabled.
2019-09-24 02:34:07,983 [Datanode State Machine Thread - 0] INFO  ratis.XceiverServerRatis (XceiverServerRatis.java:start(411)) - Starting XceiverServerRatis 987dfd3c-d9bb-4fcd-93df-655efe6d0319 at port 0
2019-09-24 02:34:07,995 [Datanode State Machine Thread - 0] INFO  impl.RaftServerProxy (RaftServerProxy.java:lambda$start$3(299)) - 987dfd3c-d9bb-4fcd-93df-655efe6d0319: start RPC server
2019-09-24 02:34:08,035 [Datanode State Machine Thread - 0] INFO  server.GrpcService (GrpcService.java:startImpl(158)) - 29bfa3d0-4cee-44d0-ba16-edf4c6f09a6d: GrpcService started, listening on 0.0.0.0/0.0.0.0:40327
2019-09-24 02:34:08,035 [Datanode State Machine Thread - 0] INFO  server.GrpcService (GrpcService.java:startImpl(158)) - afb36831-8adc-4a3c-ba5d-0ae21a058733: GrpcService started, listening on 0.0.0.0/0.0.0.0:40452
2019-09-24 02:34:08,035 [Datanode State Machine Thread - 0] INFO  server.GrpcService (GrpcService.java:startImpl(158)) - 987dfd3c-d9bb-4fcd-93df-655efe6d0319: GrpcService started, listening on 0.0.0.0/0.0.0.0:45327
2019-09-24 02:34:08,036 [Datanode State Machine Thread - 0] INFO  server.GrpcService (GrpcService.java:startImpl(158)) - 346a7764-760d-427e-9530-0e15c9e08242: GrpcService started, listening on 0.0.0.0/0.0.0.0:44304
2019-09-24 02:34:08,037 [Datanode State Machine Thread - 0] INFO  ratis.XceiverServerRatis (XceiverServerRatis.java:start(421)) - XceiverServerRatis 987dfd3c-d9bb-4fcd-93df-655efe6d0319 is started using port 45327
2019-09-24 02:34:08,037 [Datanode State Machine Thread - 0] INFO  ratis.XceiverServerRatis (XceiverServerRatis.java:start(421)) - XceiverServerRatis afb36831-8adc-4a3c-ba5d-0ae21a058733 is started using port 40452
2019-09-24 02:34:08,037 [Datanode State Machine Thread - 0] INFO  ratis.XceiverServerRatis (XceiverServerRatis.java:start(421)) - XceiverServerRatis 29bfa3d0-4cee-44d0-ba16-edf4c6f09a6d is started using port 40327
2019-09-24 02:34:08,038 [Datanode State Machine Thread - 0] INFO  ratis.XceiverServerRatis (XceiverServerRatis.java:start(421)) - XceiverServerRatis 346a7764-760d-427e-9530-0e15c9e08242 is started using port 44304
2019-09-24 02:34:08,048 [Datanode State Machine Thread - 0] INFO  server.XceiverServerGrpc (XceiverServerGrpc.java:start(149)) - XceiverServerGrpc 987dfd3c-d9bb-4fcd-93df-655efe6d0319 is started using port 35330
2019-09-24 02:34:08,048 [Datanode State Machine Thread - 0] INFO  server.XceiverServerGrpc (XceiverServerGrpc.java:start(149)) - XceiverServerGrpc afb36831-8adc-4a3c-ba5d-0ae21a058733 is started using port 39746
2019-09-24 02:34:08,048 [Datanode State Machine Thread - 0] INFO  server.XceiverServerGrpc (XceiverServerGrpc.java:start(149)) - XceiverServerGrpc 346a7764-760d-427e-9530-0e15c9e08242 is started using port 34033
2019-09-24 02:34:08,048 [Datanode State Machine Thread - 0] INFO  server.XceiverServerGrpc (XceiverServerGrpc.java:start(149)) - XceiverServerGrpc 29bfa3d0-4cee-44d0-ba16-edf4c6f09a6d is started using port 43236
2019-09-24 02:34:08,087 [Datanode State Machine Thread - 0] INFO  ozoneimpl.OzoneContainer (OzoneContainer.java:start(217)) - Attempting to start container services.
2019-09-24 02:34:08,088 [Datanode State Machine Thread - 0] INFO  ozoneimpl.OzoneContainer (OzoneContainer.java:startContainerScrub(179)) - Background container scanner has been disabled.
2019-09-24 02:34:08,088 [Datanode State Machine Thread - 0] INFO  ratis.XceiverServerRatis (XceiverServerRatis.java:start(411)) - Starting XceiverServerRatis 69793d86-5a36-4e22-9f21-7b43ee9abdb5 at port 0
2019-09-24 02:34:08,096 [Datanode State Machine Thread - 0] INFO  impl.RaftServerProxy (RaftServerProxy.java:lambda$start$3(299)) - 69793d86-5a36-4e22-9f21-7b43ee9abdb5: start RPC server
2019-09-24 02:34:08,100 [Datanode State Machine Thread - 0] INFO  server.GrpcService (GrpcService.java:startImpl(158)) - 69793d86-5a36-4e22-9f21-7b43ee9abdb5: GrpcService started, listening on 0.0.0.0/0.0.0.0:34516
2019-09-24 02:34:08,100 [Datanode State Machine Thread - 0] INFO  ratis.XceiverServerRatis (XceiverServerRatis.java:start(421)) - XceiverServerRatis 69793d86-5a36-4e22-9f21-7b43ee9abdb5 is started using port 34516
2019-09-24 02:34:08,103 [Datanode State Machine Thread - 0] INFO  server.XceiverServerGrpc (XceiverServerGrpc.java:start(149)) - XceiverServerGrpc 69793d86-5a36-4e22-9f21-7b43ee9abdb5 is started using port 43568
2019-09-24 02:34:08,205 [Datanode State Machine Thread - 0] INFO  ozoneimpl.OzoneContainer (OzoneContainer.java:start(217)) - Attempting to start container services.
2019-09-24 02:34:08,205 [Datanode State Machine Thread - 0] INFO  ozoneimpl.OzoneContainer (OzoneContainer.java:startContainerScrub(179)) - Background container scanner has been disabled.
2019-09-24 02:34:08,205 [Datanode State Machine Thread - 0] INFO  ratis.XceiverServerRatis (XceiverServerRatis.java:start(411)) - Starting XceiverServerRatis 08608e50-e548-4444-8f0d-400a00608d0c at port 0
2019-09-24 02:34:08,215 [Datanode State Machine Thread - 0] INFO  impl.RaftServerProxy (RaftServerProxy.java:lambda$start$3(299)) - 08608e50-e548-4444-8f0d-400a00608d0c: start RPC server
2019-09-24 02:34:08,221 [Datanode State Machine Thread - 0] INFO  server.GrpcService (GrpcService.java:startImpl(158)) - 08608e50-e548-4444-8f0d-400a00608d0c: GrpcService started, listening on 0.0.0.0/0.0.0.0:43534
2019-09-24 02:34:08,221 [Datanode State Machine Thread - 0] INFO  ratis.XceiverServerRatis (XceiverServerRatis.java:start(421)) - XceiverServerRatis 08608e50-e548-4444-8f0d-400a00608d0c is started using port 43534
2019-09-24 02:34:08,225 [Datanode State Machine Thread - 0] INFO  server.XceiverServerGrpc (XceiverServerGrpc.java:start(149)) - XceiverServerGrpc 08608e50-e548-4444-8f0d-400a00608d0c is started using port 39894
2019-09-24 02:34:08,242 [main] INFO  ozone.MiniOzoneClusterImpl (MiniOzoneClusterImpl.java:lambda$waitForClusterToBeReady$0(147)) - Waiting for cluster to be ready. Got 0 of 7 DN Heartbeats.
2019-09-24 02:34:08,257 [Datanode State Machine Thread - 0] INFO  ozoneimpl.OzoneContainer (OzoneContainer.java:start(217)) - Attempting to start container services.
2019-09-24 02:34:08,257 [Datanode State Machine Thread - 0] INFO  ozoneimpl.OzoneContainer (OzoneContainer.java:startContainerScrub(179)) - Background container scanner has been disabled.
2019-09-24 02:34:08,257 [Datanode State Machine Thread - 0] INFO  ratis.XceiverServerRatis (XceiverServerRatis.java:start(411)) - Starting XceiverServerRatis 1ae786a5-17dd-436d-b86f-5426250bc58f at port 0
2019-09-24 02:34:08,269 [Datanode State Machine Thread - 0] INFO  impl.RaftServerProxy (RaftServerProxy.java:lambda$start$3(299)) - 1ae786a5-17dd-436d-b86f-5426250bc58f: start RPC server
2019-09-24 02:34:08,273 [Datanode State Machine Thread - 0] INFO  server.GrpcService (GrpcService.java:startImpl(158)) - 1ae786a5-17dd-436d-b86f-5426250bc58f: GrpcService started, listening on 0.0.0.0/0.0.0.0:36039
2019-09-24 02:34:08,273 [Datanode State Machine Thread - 0] INFO  ratis.XceiverServerRatis (XceiverServerRatis.java:start(421)) - XceiverServerRatis 1ae786a5-17dd-436d-b86f-5426250bc58f is started using port 36039
2019-09-24 02:34:08,276 [Datanode State Machine Thread - 0] INFO  server.XceiverServerGrpc (XceiverServerGrpc.java:start(149)) - XceiverServerGrpc 1ae786a5-17dd-436d-b86f-5426250bc58f is started using port 38954
2019-09-24 02:34:09,243 [main] INFO  ozone.MiniOzoneClusterImpl (MiniOzoneClusterImpl.java:lambda$waitForClusterToBeReady$0(147)) - Waiting for cluster to be ready. Got 0 of 7 DN Heartbeats.
2019-09-24 02:34:09,765 [IPC Server handler 4 on 42518] INFO  net.NetworkTopology (NetworkTopologyImpl.java:add(111)) - Added a new node: /default-rack/346a7764-760d-427e-9530-0e15c9e08242
2019-09-24 02:34:09,766 [IPC Server handler 4 on 42518] INFO  node.SCMNodeManager (SCMNodeManager.java:register(266)) - Registered Data node : 346a7764-760d-427e-9530-0e15c9e08242{ip: 192.168.151.121, host: pr-hdds-2162-tjkd5-3209850126, networkLocation: /default-rack, certSerialId: null}
2019-09-24 02:34:09,770 [EventQueue-NodeRegistrationContainerReportForDataNodeSafeModeRule] INFO  safemode.SCMSafeModeManager (DataNodeSafeModeRule.java:process(71)) - SCM in safe mode. 1 DataNodes registered, 1 required.
2019-09-24 02:34:09,770 [EventQueue-NodeRegistrationContainerReportForDataNodeSafeModeRule] INFO  safemode.SCMSafeModeManager (SCMSafeModeManager.java:validateSafeModeExitRules(177)) - ScmSafeModeManager, all rules are successfully validated
2019-09-24 02:34:09,771 [EventQueue-NodeRegistrationContainerReportForDataNodeSafeModeRule] INFO  safemode.SCMSafeModeManager (SCMSafeModeManager.java:exitSafeMode(193)) - SCM exiting safe mode.
2019-09-24 02:34:09,813 [IPC Server handler 3 on 42518] INFO  net.NetworkTopology (NetworkTopologyImpl.java:add(111)) - Added a new node: /default-rack/29bfa3d0-4cee-44d0-ba16-edf4c6f09a6d
2019-09-24 02:34:09,813 [IPC Server handler 3 on 42518] INFO  node.SCMNodeManager (SCMNodeManager.java:register(266)) - Registered Data node : 29bfa3d0-4cee-44d0-ba16-edf4c6f09a6d{ip: 192.168.151.121, host: pr-hdds-2162-tjkd5-3209850126, networkLocation: /default-rack, certSerialId: null}
2019-09-24 02:34:09,903 [IPC Server handler 6 on 42518] INFO  net.NetworkTopology (NetworkTopologyImpl.java:add(111)) - Added a new node: /default-rack/afb36831-8adc-4a3c-ba5d-0ae21a058733
2019-09-24 02:34:09,903 [IPC Server handler 6 on 42518] INFO  node.SCMNodeManager (SCMNodeManager.java:register(266)) - Registered Data node : afb36831-8adc-4a3c-ba5d-0ae21a058733{ip: 192.168.151.121, host: pr-hdds-2162-tjkd5-3209850126, networkLocation: /default-rack, certSerialId: null}
2019-09-24 02:34:09,977 [IPC Server handler 5 on 42518] INFO  net.NetworkTopology (NetworkTopologyImpl.java:add(111)) - Added a new node: /default-rack/987dfd3c-d9bb-4fcd-93df-655efe6d0319
2019-09-24 02:34:09,977 [IPC Server handler 5 on 42518] INFO  node.SCMNodeManager (SCMNodeManager.java:register(266)) - Registered Data node : 987dfd3c-d9bb-4fcd-93df-655efe6d0319{ip: 192.168.151.121, host: pr-hdds-2162-tjkd5-3209850126, networkLocation: /default-rack, certSerialId: null}
2019-09-24 02:34:10,081 [IPC Server handler 1 on 42518] INFO  net.NetworkTopology (NetworkTopologyImpl.java:add(111)) - Added a new node: /default-rack/69793d86-5a36-4e22-9f21-7b43ee9abdb5
2019-09-24 02:34:10,081 [IPC Server handler 1 on 42518] INFO  node.SCMNodeManager (SCMNodeManager.java:register(266)) - Registered Data node : 69793d86-5a36-4e22-9f21-7b43ee9abdb5{ip: 192.168.151.121, host: pr-hdds-2162-tjkd5-3209850126, networkLocation: /default-rack, certSerialId: null}
2019-09-24 02:34:10,164 [IPC Server handler 2 on 42518] INFO  net.NetworkTopology (NetworkTopologyImpl.java:add(111)) - Added a new node: /default-rack/08608e50-e548-4444-8f0d-400a00608d0c
2019-09-24 02:34:10,164 [IPC Server handler 2 on 42518] INFO  node.SCMNodeManager (SCMNodeManager.java:register(266)) - Registered Data node : 08608e50-e548-4444-8f0d-400a00608d0c{ip: 192.168.151.121, host: pr-hdds-2162-tjkd5-3209850126, networkLocation: /default-rack, certSerialId: null}
2019-09-24 02:34:10,244 [main] INFO  ozone.MiniOzoneClusterImpl (MiniOzoneClusterImpl.java:lambda$waitForClusterToBeReady$0(147)) - Waiting for cluster to be ready. Got 6 of 7 DN Heartbeats.
2019-09-24 02:34:10,245 [IPC Server handler 4 on 42518] INFO  net.NetworkTopology (NetworkTopologyImpl.java:add(111)) - Added a new node: /default-rack/1ae786a5-17dd-436d-b86f-5426250bc58f
2019-09-24 02:34:10,245 [IPC Server handler 4 on 42518] INFO  node.SCMNodeManager (SCMNodeManager.java:register(266)) - Registered Data node : 1ae786a5-17dd-436d-b86f-5426250bc58f{ip: 192.168.151.121, host: pr-hdds-2162-tjkd5-3209850126, networkLocation: /default-rack, certSerialId: null}
2019-09-24 02:34:10,330 [grpc-default-executor-0] INFO  impl.RaftServerProxy (RaftServerProxy.java:addNew(89)) - 346a7764-760d-427e-9530-0e15c9e08242: addNew group-2278107E151A:[346a7764-760d-427e-9530-0e15c9e08242:192.168.151.121:44304] returns group-2278107E151A:java.util.concurrent.CompletableFuture@4a66aad4[Not completed]
2019-09-24 02:34:10,363 [pool-27-thread-1] INFO  impl.RaftServerImpl (RaftServerImpl.java:<init>(95)) - 346a7764-760d-427e-9530-0e15c9e08242: new RaftServerImpl for group-2278107E151A:[346a7764-760d-427e-9530-0e15c9e08242:192.168.151.121:44304] with ContainerStateMachine:uninitialized
2019-09-24 02:34:10,365 [pool-27-thread-1] INFO  server.RaftServerConfigKeys (ConfUtils.java:logGet(43)) - raft.server.rpc.timeout.min = 5s (custom)
2019-09-24 02:34:10,366 [pool-27-thread-1] INFO  server.RaftServerConfigKeys (ConfUtils.java:logGet(43)) - raft.server.rpc.timeout.max = 5200ms (custom)
2019-09-24 02:34:10,367 [pool-27-thread-1] INFO  server.RaftServerConfigKeys (ConfUtils.java:logGet(43)) - raft.server.rpcslowness.timeout = 120s (custom)
2019-09-24 02:34:10,368 [pool-27-thread-1] INFO  server.RaftServerConfigKeys (ConfUtils.java:logGet(43)) - raft.server.sleep.deviation.threshold = 300 (default)
2019-09-24 02:34:10,369 [pool-27-thread-1] INFO  server.RaftServerConfigKeys (ConfUtils.java:logGet(43)) - raft.server.log.appender.install.snapshot.enabled = false (custom)
2019-09-24 02:34:10,379 [pool-27-thread-1] INFO  impl.RaftServerImpl (ServerState.java:<init>(103)) - 346a7764-760d-427e-9530-0e15c9e08242@group-2278107E151A: ConfigurationManager, init=-1: [346a7764-760d-427e-9530-0e15c9e08242:192.168.151.121:44304], old=null, confs=<EMPTY_MAP>
2019-09-24 02:34:10,379 [pool-27-thread-1] INFO  server.RaftServerConfigKeys (ConfUtils.java:logGet(43)) - raft.server.storage.dir = [/workdir/hadoop-ozone/integration-test/target/test-dir/MiniOzoneClusterImpl-2d72fd32-3911-4ce5-968d-89f72e8fe093/datanode-0/data/ratis] (custom)
2019-09-24 02:34:10,388 [pool-27-thread-1] INFO  storage.RaftStorageDirectory (RaftStorageDirectory.java:analyzeStorage(246)) - The storage directory /workdir/hadoop-ozone/integration-test/target/test-dir/MiniOzoneClusterImpl-2d72fd32-3911-4ce5-968d-89f72e8fe093/datanode-0/data/ratis/f69bace8-4629-4305-ad09-2278107e151a does not exist. Creating ...
2019-09-24 02:34:10,411 [pool-27-thread-1] INFO  storage.RaftStorageDirectory (RaftStorageDirectory.java:tryLock(328)) - Lock on /workdir/hadoop-ozone/integration-test/target/test-dir/MiniOzoneClusterImpl-2d72fd32-3911-4ce5-968d-89f72e8fe093/datanode-0/data/ratis/f69bace8-4629-4305-ad09-2278107e151a/in_use.lock acquired by nodename 13415@pr-hdds-2162-tjkd5-3209850126
2019-09-24 02:34:10,426 [pool-27-thread-1] INFO  storage.RaftStorage (RaftStorage.java:format(72)) - Storage directory /workdir/hadoop-ozone/integration-test/target/test-dir/MiniOzoneClusterImpl-2d72fd32-3911-4ce5-968d-89f72e8fe093/datanode-0/data/ratis/f69bace8-4629-4305-ad09-2278107e151a has been successfully formatted.
2019-09-24 02:34:10,428 [pool-27-thread-1] INFO  ratis.ContainerStateMachine (ContainerStateMachine.java:loadSnapshot(230)) - group-2278107E151A: The snapshot info is null. Setting the last applied indexto:(t:0, i:~)
2019-09-24 02:34:10,428 [pool-27-thread-1] INFO  server.RaftServerConfigKeys (ConfUtils.java:logGet(43)) - raft.server.notification.no-leader.timeout = 120s (custom)
2019-09-24 02:34:10,431 [pool-27-thread-1] INFO  server.RaftServerConfigKeys (ConfUtils.java:logGet(43)) - raft.server.log.use.memory = false (default)
2019-09-24 02:34:10,437 [pool-27-thread-1] INFO  server.RaftServerConfigKeys (ConfUtils.java:logGet(43)) - raft.server.log.purge.gap = 1000000 (custom)
2019-09-24 02:34:10,437 [pool-27-thread-1] INFO  server.RaftServerConfigKeys (ConfUtils.java:logGet(43)) - raft.server.log.appender.buffer.byte-limit = 33554432 (custom)
2019-09-24 02:34:10,440 [pool-27-thread-1] INFO  server.RaftServerConfigKeys (ConfUtils.java:logGet(43)) - raft.server.log.segment.size.max = 1048576 (custom)
2019-09-24 02:34:10,445 [pool-27-thread-1] INFO  server.RaftServerConfigKeys (ConfUtils.java:logGet(43)) - raft.server.log.segment.cache.num.max = 2 (custom)
2019-09-24 02:34:10,451 [pool-27-thread-1] INFO  segmented.SegmentedRaftLogWorker (SegmentedRaftLogWorker.java:<init>(172)) - new 346a7764-760d-427e-9530-0e15c9e08242@group-2278107E151A-SegmentedRaftLogWorker for RaftStorage:Storage Directory /workdir/hadoop-ozone/integration-test/target/test-dir/MiniOzoneClusterImpl-2d72fd32-3911-4ce5-968d-89f72e8fe093/datanode-0/data/ratis/f69bace8-4629-4305-ad09-2278107e151a
2019-09-24 02:34:10,453 [pool-27-thread-1] INFO  impl.MetricsSystemImpl (MetricsSystemImpl.java:init(158)) - ratis metrics system started (again)
2019-09-24 02:34:10,459 [pool-27-thread-1] INFO  metrics.MetricRegistries (MetricRegistriesLoader.java:load(64)) - Loaded MetricRegistries class org.apache.ratis.metrics.impl.MetricRegistriesImpl
2019-09-24 02:34:10,491 [pool-27-thread-1] INFO  server.RaftServerConfigKeys (ConfUtils.java:logGet(43)) - raft.server.log.queue.byte-limit = 2147483647 (custom)
2019-09-24 02:34:10,491 [pool-27-thread-1] INFO  server.RaftServerConfigKeys (ConfUtils.java:logGet(43)) - raft.server.log.queue.element-limit = 1024 (custom)
2019-09-24 02:34:10,494 [pool-27-thread-1] INFO  server.RaftServerConfigKeys (ConfUtils.java:logGet(43)) - raft.server.log.segment.size.max = 1048576 (custom)
2019-09-24 02:34:10,495 [pool-27-thread-1] INFO  server.RaftServerConfigKeys (ConfUtils.java:logGet(43)) - raft.server.log.preallocated.size = 16384 (custom)
2019-09-24 02:34:10,495 [pool-27-thread-1] INFO  server.RaftServerConfigKeys (ConfUtils.java:logGet(43)) - raft.server.log.write.buffer.size = 33554432 (custom)
2019-09-24 02:34:10,496 [pool-27-thread-1] INFO  server.RaftServerConfigKeys (ConfUtils.java:logGet(43)) - raft.server.log.force.sync.num = 128 (default)
2019-09-24 02:34:10,496 [pool-27-thread-1] INFO  server.RaftServerConfigKeys (ConfUtils.java:logGet(43)) - raft.server.log.statemachine.data.sync = true (default)
2019-09-24 02:34:10,497 [pool-27-thread-1] INFO  server.RaftServerConfigKeys (ConfUtils.java:logGet(43)) - raft.server.log.statemachine.data.sync.timeout = 10s (default)
2019-09-24 02:34:10,497 [pool-27-thread-1] INFO  server.RaftServerConfigKeys (ConfUtils.java:logGet(43)) - raft.server.log.statemachine.data.sync.timeout.retry = -1 (default)
2019-09-24 02:34:10,505 [pool-27-thread-1] INFO  server.RaftServerConfigKeys (ConfUtils.java:logGet(43)) - raft.server.log.statemachine.data.caching.enabled = true (custom)
2019-09-24 02:34:10,510 [pool-27-thread-1] INFO  segmented.SegmentedRaftLogWorker (SegmentedRaftLogWorker.java:lambda$new$0(132)) - 346a7764-760d-427e-9530-0e15c9e08242@group-2278107E151A-SegmentedRaftLogWorker: flushIndex: setUnconditionally 0 -> -1
2019-09-24 02:34:10,514 [pool-27-thread-1] INFO  server.RaftServerConfigKeys (ConfUtils.java:logGet(43)) - raft.server.snapshot.auto.trigger.enabled = true (custom)
2019-09-24 02:34:10,515 [pool-27-thread-1] INFO  server.RaftServerConfigKeys (ConfUtils.java:logGet(43)) - raft.server.snapshot.auto.trigger.threshold = 10000 (custom)
2019-09-24 02:34:10,515 [pool-27-thread-1] INFO  server.RaftServerConfigKeys (ConfUtils.java:logGet(43)) - raft.server.snapshot.retention.num.files = 5 (custom)
2019-09-24 02:34:10,516 [pool-27-thread-1] INFO  server.RaftServerConfigKeys (ConfUtils.java:logGet(43)) - raft.server.retrycache.expirytime = 600000ms (custom)
2019-09-24 02:34:10,542 [pool-27-thread-1] INFO  impl.RaftServerImpl (RaftServerImpl.java:start(185)) - 346a7764-760d-427e-9530-0e15c9e08242@group-2278107E151A: start as a follower, conf=-1: [346a7764-760d-427e-9530-0e15c9e08242:192.168.151.121:44304], old=null
2019-09-24 02:34:10,543 [pool-27-thread-1] INFO  impl.RaftServerImpl (RaftServerImpl.java:setRole(174)) - 346a7764-760d-427e-9530-0e15c9e08242@group-2278107E151A: changes role from      null to FOLLOWER at term 0 for startAsFollower
2019-09-24 02:34:10,544 [pool-27-thread-1] INFO  impl.RoleInfo (RoleInfo.java:updateAndGet(143)) - 346a7764-760d-427e-9530-0e15c9e08242: start FollowerState
2019-09-24 02:34:10,545 [pool-27-thread-1] INFO  util.JmxRegister (JmxRegister.java:tryRegister(44)) - Successfully registered JMX Bean with object name Ratis:service=RaftServer,group=group-2278107E151A,id=346a7764-760d-427e-9530-0e15c9e08242
2019-09-24 02:34:10,625 [RatisPipelineUtilsThread] INFO  pipeline.PipelineStateManager (PipelineStateManager.java:addPipeline(56)) - Created pipeline Pipeline[ Id: f69bace8-4629-4305-ad09-2278107e151a, Nodes: 346a7764-760d-427e-9530-0e15c9e08242{ip: 192.168.151.121, host: pr-hdds-2162-tjkd5-3209850126, networkLocation: /default-rack, certSerialId: null}, Type:RATIS, Factor:ONE, State:OPEN]
2019-09-24 02:34:10,655 [grpc-default-executor-0] INFO  impl.RaftServerProxy (RaftServerProxy.java:addNew(89)) - 987dfd3c-d9bb-4fcd-93df-655efe6d0319: addNew group-D695B7D83B66:[987dfd3c-d9bb-4fcd-93df-655efe6d0319:192.168.151.121:45327] returns group-D695B7D83B66:java.util.concurrent.CompletableFuture@63aff5be[Not completed]
2019-09-24 02:34:10,712 [pool-57-thread-1] INFO  impl.RaftServerImpl (RaftServerImpl.java:<init>(95)) - 987dfd3c-d9bb-4fcd-93df-655efe6d0319: new RaftServerImpl for group-D695B7D83B66:[987dfd3c-d9bb-4fcd-93df-655efe6d0319:192.168.151.121:45327] with ContainerStateMachine:uninitialized
2019-09-24 02:34:10,714 [pool-57-thread-1] INFO  server.RaftServerConfigKeys (ConfUtils.java:logGet(43)) - raft.server.rpc.timeout.min = 5s (custom)
2019-09-24 02:34:10,714 [pool-57-thread-1] INFO  server.RaftServerConfigKeys (ConfUtils.java:logGet(43)) - raft.server.rpc.timeout.max = 5200ms (custom)
2019-09-24 02:34:10,714 [pool-57-thread-1] INFO  server.RaftServerConfigKeys (ConfUtils.java:logGet(43)) - raft.server.rpcslowness.timeout = 120s (custom)
2019-09-24 02:34:10,715 [pool-57-thread-1] INFO  server.RaftServerConfigKeys (ConfUtils.java:logGet(43)) - raft.server.sleep.deviation.threshold = 300 (default)
2019-09-24 02:34:10,715 [pool-57-thread-1] INFO  server.RaftServerConfigKeys (ConfUtils.java:logGet(43)) - raft.server.log.appender.install.snapshot.enabled = false (custom)
2019-09-24 02:34:10,715 [pool-57-thread-1] INFO  impl.RaftServerImpl (ServerState.java:<init>(103)) - 987dfd3c-d9bb-4fcd-93df-655efe6d0319@group-D695B7D83B66: ConfigurationManager, init=-1: [987dfd3c-d9bb-4fcd-93df-655efe6d0319:192.168.151.121:45327], old=null, confs=<EMPTY_MAP>
2019-09-24 02:34:10,715 [pool-57-thread-1] INFO  server.RaftServerConfigKeys (ConfUtils.java:logGet(43)) - raft.server.storage.dir = [/workdir/hadoop-ozone/integration-test/target/test-dir/MiniOzoneClusterImpl-2d72fd32-3911-4ce5-968d-89f72e8fe093/datanode-3/data/ratis] (custom)
2019-09-24 02:34:10,716 [pool-57-thread-1] INFO  storage.RaftStorageDirectory (RaftStorageDirectory.java:analyzeStorage(246)) - The storage directory /workdir/hadoop-ozone/integration-test/target/test-dir/MiniOzoneClusterImpl-2d72fd32-3911-4ce5-968d-89f72e8fe093/datanode-3/data/ratis/8cef0411-ddd0-4a53-ac50-d695b7d83b66 does not exist. Creating ...
2019-09-24 02:34:10,742 [pool-57-thread-1] INFO  storage.RaftStorageDirectory (RaftStorageDirectory.java:tryLock(328)) - Lock on /workdir/hadoop-ozone/integration-test/target/test-dir/MiniOzoneClusterImpl-2d72fd32-3911-4ce5-968d-89f72e8fe093/datanode-3/data/ratis/8cef0411-ddd0-4a53-ac50-d695b7d83b66/in_use.lock acquired by nodename 13415@pr-hdds-2162-tjkd5-3209850126
2019-09-24 02:34:10,756 [pool-57-thread-1] INFO  storage.RaftStorage (RaftStorage.java:format(72)) - Storage directory /workdir/hadoop-ozone/integration-test/target/test-dir/MiniOzoneClusterImpl-2d72fd32-3911-4ce5-968d-89f72e8fe093/datanode-3/data/ratis/8cef0411-ddd0-4a53-ac50-d695b7d83b66 has been successfully formatted.
2019-09-24 02:34:10,757 [pool-57-thread-1] INFO  ratis.ContainerStateMachine (ContainerStateMachine.java:loadSnapshot(230)) - group-D695B7D83B66: The snapshot info is null. Setting the last applied indexto:(t:0, i:~)
2019-09-24 02:34:10,758 [pool-57-thread-1] INFO  server.RaftServerConfigKeys (ConfUtils.java:logGet(43)) - raft.server.notification.no-leader.timeout = 120s (custom)
2019-09-24 02:34:10,759 [pool-57-thread-1] INFO  server.RaftServerConfigKeys (ConfUtils.java:logGet(43)) - raft.server.log.use.memory = false (default)
2019-09-24 02:34:10,759 [pool-57-thread-1] INFO  server.RaftServerConfigKeys (ConfUtils.java:logGet(43)) - raft.server.log.purge.gap = 1000000 (custom)
2019-09-24 02:34:10,759 [pool-57-thread-1] INFO  server.RaftServerConfigKeys (ConfUtils.java:logGet(43)) - raft.server.log.appender.buffer.byte-limit = 33554432 (custom)
2019-09-24 02:34:10,759 [pool-57-thread-1] INFO  server.RaftServerConfigKeys (ConfUtils.java:logGet(43)) - raft.server.log.segment.size.max = 1048576 (custom)
2019-09-24 02:34:10,760 [pool-57-thread-1] INFO  server.RaftServerConfigKeys (ConfUtils.java:logGet(43)) - raft.server.log.segment.cache.num.max = 2 (custom)
2019-09-24 02:34:10,760 [pool-57-thread-1] INFO  segmented.SegmentedRaftLogWorker (SegmentedRaftLogWorker.java:<init>(172)) - new 987dfd3c-d9bb-4fcd-93df-655efe6d0319@group-D695B7D83B66-SegmentedRaftLogWorker for RaftStorage:Storage Directory /workdir/hadoop-ozone/integration-test/target/test-dir/MiniOzoneClusterImpl-2d72fd32-3911-4ce5-968d-89f72e8fe093/datanode-3/data/ratis/8cef0411-ddd0-4a53-ac50-d695b7d83b66
2019-09-24 02:34:10,766 [pool-57-thread-1] INFO  server.RaftServerConfigKeys (ConfUtils.java:logGet(43)) - raft.server.log.queue.byte-limit = 2147483647 (custom)
2019-09-24 02:34:10,767 [pool-57-thread-1] INFO  server.RaftServerConfigKeys (ConfUtils.java:logGet(43)) - raft.server.log.queue.element-limit = 1024 (custom)
2019-09-24 02:34:10,767 [pool-57-thread-1] INFO  server.RaftServerConfigKeys (ConfUtils.java:logGet(43)) - raft.server.log.segment.size.max = 1048576 (custom)
2019-09-24 02:34:10,767 [pool-57-thread-1] INFO  server.RaftServerConfigKeys (ConfUtils.java:logGet(43)) - raft.server.log.preallocated.size = 16384 (custom)
2019-09-24 02:34:10,767 [pool-57-thread-1] INFO  server.RaftServerConfigKeys (ConfUtils.java:logGet(43)) - raft.server.log.write.buffer.size = 33554432 (custom)
2019-09-24 02:34:10,767 [pool-57-thread-1] INFO  server.RaftServerConfigKeys (ConfUtils.java:logGet(43)) - raft.server.log.force.sync.num = 128 (default)
2019-09-24 02:34:10,767 [pool-57-thread-1] INFO  server.RaftServerConfigKeys (ConfUtils.java:logGet(43)) - raft.server.log.statemachine.data.sync = true (default)
2019-09-24 02:34:10,767 [pool-57-thread-1] INFO  server.RaftServerConfigKeys (ConfUtils.java:logGet(43)) - raft.server.log.statemachine.data.sync.timeout = 10s (default)
2019-09-24 02:34:10,768 [pool-57-thread-1] INFO  server.RaftServerConfigKeys (ConfUtils.java:logGet(43)) - raft.server.log.statemachine.data.sync.timeout.retry = -1 (default)
2019-09-24 02:34:10,768 [pool-57-thread-1] INFO  server.RaftServerConfigKeys (ConfUtils.java:logGet(43)) - raft.server.log.statemachine.data.caching.enabled = true (custom)
2019-09-24 02:34:10,768 [pool-57-thread-1] INFO  segmented.SegmentedRaftLogWorker (SegmentedRaftLogWorker.java:lambda$new$0(132)) - 987dfd3c-d9bb-4fcd-93df-655efe6d0319@group-D695B7D83B66-SegmentedRaftLogWorker: flushIndex: setUnconditionally 0 -> -1
2019-09-24 02:34:10,769 [pool-57-thread-1] INFO  server.RaftServerConfigKeys (ConfUtils.java:logGet(43)) - raft.server.snapshot.auto.trigger.enabled = true (custom)
2019-09-24 02:34:10,769 [pool-57-thread-1] INFO  server.RaftServerConfigKeys (ConfUtils.java:logGet(43)) - raft.server.snapshot.auto.trigger.threshold = 10000 (custom)
2019-09-24 02:34:10,769 [pool-57-thread-1] INFO  server.RaftServerConfigKeys (ConfUtils.java:logGet(43)) - raft.server.snapshot.retention.num.files = 5 (custom)
2019-09-24 02:34:10,769 [pool-57-thread-1] INFO  server.RaftServerConfigKeys (ConfUtils.java:logGet(43)) - raft.server.retrycache.expirytime = 600000ms (custom)
2019-09-24 02:34:10,773 [pool-57-thread-1] INFO  impl.RaftServerImpl (RaftServerImpl.java:start(185)) - 987dfd3c-d9bb-4fcd-93df-655efe6d0319@group-D695B7D83B66: start as a follower, conf=-1: [987dfd3c-d9bb-4fcd-93df-655efe6d0319:192.168.151.121:45327], old=null
2019-09-24 02:34:10,773 [pool-57-thread-1] INFO  impl.RaftServerImpl (RaftServerImpl.java:setRole(174)) - 987dfd3c-d9bb-4fcd-93df-655efe6d0319@group-D695B7D83B66: changes role from      null to FOLLOWER at term 0 for startAsFollower
2019-09-24 02:34:10,773 [pool-57-thread-1] INFO  impl.RoleInfo (RoleInfo.java:updateAndGet(143)) - 987dfd3c-d9bb-4fcd-93df-655efe6d0319: start FollowerState
2019-09-24 02:34:10,776 [pool-57-thread-1] INFO  util.JmxRegister (JmxRegister.java:tryRegister(44)) - Successfully registered JMX Bean with object name Ratis:service=RaftServer,group=group-D695B7D83B66,id=987dfd3c-d9bb-4fcd-93df-655efe6d0319
2019-09-24 02:34:10,794 [RatisPipelineUtilsThread] INFO  pipeline.PipelineStateManager (PipelineStateManager.java:addPipeline(56)) - Created pipeline Pipeline[ Id: 8cef0411-ddd0-4a53-ac50-d695b7d83b66, Nodes: 987dfd3c-d9bb-4fcd-93df-655efe6d0319{ip: 192.168.151.121, host: pr-hdds-2162-tjkd5-3209850126, networkLocation: /default-rack, certSerialId: null}, Type:RATIS, Factor:ONE, State:OPEN]
2019-09-24 02:34:10,826 [grpc-default-executor-0] INFO  impl.RaftServerProxy (RaftServerProxy.java:addNew(89)) - 69793d86-5a36-4e22-9f21-7b43ee9abdb5: addNew group-98ED64576454:[69793d86-5a36-4e22-9f21-7b43ee9abdb5:192.168.151.121:34516] returns group-98ED64576454:java.util.concurrent.CompletableFuture@58119237[Not completed]
2019-09-24 02:34:10,860 [pool-67-thread-1] INFO  impl.RaftServerImpl (RaftServerImpl.java:<init>(95)) - 69793d86-5a36-4e22-9f21-7b43ee9abdb5: new RaftServerImpl for group-98ED64576454:[69793d86-5a36-4e22-9f21-7b43ee9abdb5:192.168.151.121:34516] with ContainerStateMachine:uninitialized
2019-09-24 02:34:10,861 [pool-67-thread-1] INFO  server.RaftServerConfigKeys (ConfUtils.java:logGet(43)) - raft.server.rpc.timeout.min = 5s (custom)
2019-09-24 02:34:10,861 [pool-67-thread-1] INFO  server.RaftServerConfigKeys (ConfUtils.java:logGet(43)) - raft.server.rpc.timeout.max = 5200ms (custom)
2019-09-24 02:34:10,861 [pool-67-thread-1] INFO  server.RaftServerConfigKeys (ConfUtils.java:logGet(43)) - raft.server.rpcslowness.timeout = 120s (custom)
2019-09-24 02:34:10,861 [pool-67-thread-1] INFO  server.RaftServerConfigKeys (ConfUtils.java:logGet(43)) - raft.server.sleep.deviation.threshold = 300 (default)
2019-09-24 02:34:10,862 [pool-67-thread-1] INFO  server.RaftServerConfigKeys (ConfUtils.java:logGet(43)) - raft.server.log.appender.install.snapshot.enabled = false (custom)
2019-09-24 02:34:10,862 [pool-67-thread-1] INFO  impl.RaftServerImpl (ServerState.java:<init>(103)) - 69793d86-5a36-4e22-9f21-7b43ee9abdb5@group-98ED64576454: ConfigurationManager, init=-1: [69793d86-5a36-4e22-9f21-7b43ee9abdb5:192.168.151.121:34516], old=null, confs=<EMPTY_MAP>
2019-09-24 02:34:10,862 [pool-67-thread-1] INFO  server.RaftServerConfigKeys (ConfUtils.java:logGet(43)) - raft.server.storage.dir = [/workdir/hadoop-ozone/integration-test/target/test-dir/MiniOzoneClusterImpl-2d72fd32-3911-4ce5-968d-89f72e8fe093/datanode-4/data/ratis] (custom)
2019-09-24 02:34:10,863 [pool-67-thread-1] INFO  storage.RaftStorageDirectory (RaftStorageDirectory.java:analyzeStorage(246)) - The storage directory /workdir/hadoop-ozone/integration-test/target/test-dir/MiniOzoneClusterImpl-2d72fd32-3911-4ce5-968d-89f72e8fe093/datanode-4/data/ratis/2c48a4de-cba9-4b66-95c6-98ed64576454 does not exist. Creating ...
2019-09-24 02:34:10,876 [pool-67-thread-1] INFO  storage.RaftStorageDirectory (RaftStorageDirectory.java:tryLock(328)) - Lock on /workdir/hadoop-ozone/integration-test/target/test-dir/MiniOzoneClusterImpl-2d72fd32-3911-4ce5-968d-89f72e8fe093/datanode-4/data/ratis/2c48a4de-cba9-4b66-95c6-98ed64576454/in_use.lock acquired by nodename 13415@pr-hdds-2162-tjkd5-3209850126
2019-09-24 02:34:10,889 [pool-67-thread-1] INFO  storage.RaftStorage (RaftStorage.java:format(72)) - Storage directory /workdir/hadoop-ozone/integration-test/target/test-dir/MiniOzoneClusterImpl-2d72fd32-3911-4ce5-968d-89f72e8fe093/datanode-4/data/ratis/2c48a4de-cba9-4b66-95c6-98ed64576454 has been successfully formatted.
2019-09-24 02:34:10,890 [pool-67-thread-1] INFO  ratis.ContainerStateMachine (ContainerStateMachine.java:loadSnapshot(230)) - group-98ED64576454: The snapshot info is null. Setting the last applied indexto:(t:0, i:~)
2019-09-24 02:34:10,890 [pool-67-thread-1] INFO  server.RaftServerConfigKeys (ConfUtils.java:logGet(43)) - raft.server.notification.no-leader.timeout = 120s (custom)
2019-09-24 02:34:10,890 [pool-67-thread-1] INFO  server.RaftServerConfigKeys (ConfUtils.java:logGet(43)) - raft.server.log.use.memory = false (default)
2019-09-24 02:34:10,890 [pool-67-thread-1] INFO  server.RaftServerConfigKeys (ConfUtils.java:logGet(43)) - raft.server.log.purge.gap = 1000000 (custom)
2019-09-24 02:34:10,890 [pool-67-thread-1] INFO  server.RaftServerConfigKeys (ConfUtils.java:logGet(43)) - raft.server.log.appender.buffer.byte-limit = 33554432 (custom)
2019-09-24 02:34:10,891 [pool-67-thread-1] INFO  server.RaftServerConfigKeys (ConfUtils.java:logGet(43)) - raft.server.log.segment.size.max = 1048576 (custom)
2019-09-24 02:34:10,891 [pool-67-thread-1] INFO  server.RaftServerConfigKeys (ConfUtils.java:logGet(43)) - raft.server.log.segment.cache.num.max = 2 (custom)
2019-09-24 02:34:10,891 [pool-67-thread-1] INFO  segmented.SegmentedRaftLogWorker (SegmentedRaftLogWorker.java:<init>(172)) - new 69793d86-5a36-4e22-9f21-7b43ee9abdb5@group-98ED64576454-SegmentedRaftLogWorker for RaftStorage:Storage Directory /workdir/hadoop-ozone/integration-test/target/test-dir/MiniOzoneClusterImpl-2d72fd32-3911-4ce5-968d-89f72e8fe093/datanode-4/data/ratis/2c48a4de-cba9-4b66-95c6-98ed64576454
2019-09-24 02:34:10,937 [pool-67-thread-1] INFO  server.RaftServerConfigKeys (ConfUtils.java:logGet(43)) - raft.server.log.queue.byte-limit = 2147483647 (custom)
2019-09-24 02:34:10,938 [pool-67-thread-1] INFO  server.RaftServerConfigKeys (ConfUtils.java:logGet(43)) - raft.server.log.queue.element-limit = 1024 (custom)
2019-09-24 02:34:10,938 [pool-67-thread-1] INFO  server.RaftServerConfigKeys (ConfUtils.java:logGet(43)) - raft.server.log.segment.size.max = 1048576 (custom)
2019-09-24 02:34:10,938 [pool-67-thread-1] INFO  server.RaftServerConfigKeys (ConfUtils.java:logGet(43)) - raft.server.log.preallocated.size = 16384 (custom)
2019-09-24 02:34:10,939 [pool-67-thread-1] INFO  server.RaftServerConfigKeys (ConfUtils.java:logGet(43)) - raft.server.log.write.buffer.size = 33554432 (custom)
2019-09-24 02:34:10,939 [pool-67-thread-1] INFO  server.RaftServerConfigKeys (ConfUtils.java:logGet(43)) - raft.server.log.force.sync.num = 128 (default)
2019-09-24 02:34:10,939 [pool-67-thread-1] INFO  server.RaftServerConfigKeys (ConfUtils.java:logGet(43)) - raft.server.log.statemachine.data.sync = true (default)
2019-09-24 02:34:10,939 [pool-67-thread-1] INFO  server.RaftServerConfigKeys (ConfUtils.java:logGet(43)) - raft.server.log.statemachine.data.sync.timeout = 10s (default)
2019-09-24 02:34:10,939 [pool-67-thread-1] INFO  server.RaftServerConfigKeys (ConfUtils.java:logGet(43)) - raft.server.log.statemachine.data.sync.timeout.retry = -1 (default)
2019-09-24 02:34:10,940 [pool-67-thread-1] INFO  server.RaftServerConfigKeys (ConfUtils.java:logGet(43)) - raft.server.log.statemachine.data.caching.enabled = true (custom)
2019-09-24 02:34:10,940 [pool-67-thread-1] INFO  segmented.SegmentedRaftLogWorker (SegmentedRaftLogWorker.java:lambda$new$0(132)) - 69793d86-5a36-4e22-9f21-7b43ee9abdb5@group-98ED64576454-SegmentedRaftLogWorker: flushIndex: setUnconditionally 0 -> -1
2019-09-24 02:34:10,941 [pool-67-thread-1] INFO  server.RaftServerConfigKeys (ConfUtils.java:logGet(43)) - raft.server.snapshot.auto.trigger.enabled = true (custom)
2019-09-24 02:34:10,941 [pool-67-thread-1] INFO  server.RaftServerConfigKeys (ConfUtils.java:logGet(43)) - raft.server.snapshot.auto.trigger.threshold = 10000 (custom)
2019-09-24 02:34:10,941 [pool-67-thread-1] INFO  server.RaftServerConfigKeys (ConfUtils.java:logGet(43)) - raft.server.snapshot.retention.num.files = 5 (custom)
2019-09-24 02:34:10,941 [pool-67-thread-1] INFO  server.RaftServerConfigKeys (ConfUtils.java:logGet(43)) - raft.server.retrycache.expirytime = 600000ms (custom)
2019-09-24 02:34:10,947 [pool-67-thread-1] INFO  impl.RaftServerImpl (RaftServerImpl.java:start(185)) - 69793d86-5a36-4e22-9f21-7b43ee9abdb5@group-98ED64576454: start as a follower, conf=-1: [69793d86-5a36-4e22-9f21-7b43ee9abdb5:192.168.151.121:34516], old=null
2019-09-24 02:34:10,947 [pool-67-thread-1] INFO  impl.RaftServerImpl (RaftServerImpl.java:setRole(174)) - 69793d86-5a36-4e22-9f21-7b43ee9abdb5@group-98ED64576454: changes role from      null to FOLLOWER at term 0 for startAsFollower
2019-09-24 02:34:10,947 [pool-67-thread-1] INFO  impl.RoleInfo (RoleInfo.java:updateAndGet(143)) - 69793d86-5a36-4e22-9f21-7b43ee9abdb5: start FollowerState
2019-09-24 02:34:10,948 [pool-67-thread-1] INFO  util.JmxRegister (JmxRegister.java:tryRegister(44)) - Successfully registered JMX Bean with object name Ratis:service=RaftServer,group=group-98ED64576454,id=69793d86-5a36-4e22-9f21-7b43ee9abdb5
2019-09-24 02:34:10,962 [RatisPipelineUtilsThread] INFO  pipeline.PipelineStateManager (PipelineStateManager.java:addPipeline(56)) - Created pipeline Pipeline[ Id: 2c48a4de-cba9-4b66-95c6-98ed64576454, Nodes: 69793d86-5a36-4e22-9f21-7b43ee9abdb5{ip: 192.168.151.121, host: pr-hdds-2162-tjkd5-3209850126, networkLocation: /default-rack, certSerialId: null}, Type:RATIS, Factor:ONE, State:OPEN]
2019-09-24 02:34:10,985 [grpc-default-executor-0] INFO  impl.RaftServerProxy (RaftServerProxy.java:addNew(89)) - 08608e50-e548-4444-8f0d-400a00608d0c: addNew group-3F1A9BF26661:[08608e50-e548-4444-8f0d-400a00608d0c:192.168.151.121:43534] returns group-3F1A9BF26661:java.util.concurrent.CompletableFuture@3888f1a[Not completed]
2019-09-24 02:34:10,990 [pool-77-thread-1] INFO  impl.RaftServerImpl (RaftServerImpl.java:<init>(95)) - 08608e50-e548-4444-8f0d-400a00608d0c: new RaftServerImpl for group-3F1A9BF26661:[08608e50-e548-4444-8f0d-400a00608d0c:192.168.151.121:43534] with ContainerStateMachine:uninitialized
2019-09-24 02:34:10,991 [pool-77-thread-1] INFO  server.RaftServerConfigKeys (ConfUtils.java:logGet(43)) - raft.server.rpc.timeout.min = 5s (custom)
2019-09-24 02:34:10,991 [pool-77-thread-1] INFO  server.RaftServerConfigKeys (ConfUtils.java:logGet(43)) - raft.server.rpc.timeout.max = 5200ms (custom)
2019-09-24 02:34:10,991 [pool-77-thread-1] INFO  server.RaftServerConfigKeys (ConfUtils.java:logGet(43)) - raft.server.rpcslowness.timeout = 120s (custom)
2019-09-24 02:34:10,991 [pool-77-thread-1] INFO  server.RaftServerConfigKeys (ConfUtils.java:logGet(43)) - raft.server.sleep.deviation.threshold = 300 (default)
2019-09-24 02:34:10,992 [pool-77-thread-1] INFO  server.RaftServerConfigKeys (ConfUtils.java:logGet(43)) - raft.server.log.appender.install.snapshot.enabled = false (custom)
2019-09-24 02:34:10,992 [pool-77-thread-1] INFO  impl.RaftServerImpl (ServerState.java:<init>(103)) - 08608e50-e548-4444-8f0d-400a00608d0c@group-3F1A9BF26661: ConfigurationManager, init=-1: [08608e50-e548-4444-8f0d-400a00608d0c:192.168.151.121:43534], old=null, confs=<EMPTY_MAP>
2019-09-24 02:34:10,992 [pool-77-thread-1] INFO  server.RaftServerConfigKeys (ConfUtils.java:logGet(43)) - raft.server.storage.dir = [/workdir/hadoop-ozone/integration-test/target/test-dir/MiniOzoneClusterImpl-2d72fd32-3911-4ce5-968d-89f72e8fe093/datanode-5/data/ratis] (custom)
2019-09-24 02:34:10,993 [pool-77-thread-1] INFO  storage.RaftStorageDirectory (RaftStorageDirectory.java:analyzeStorage(246)) - The storage directory /workdir/hadoop-ozone/integration-test/target/test-dir/MiniOzoneClusterImpl-2d72fd32-3911-4ce5-968d-89f72e8fe093/datanode-5/data/ratis/e3ad4137-a245-4bb4-9163-3f1a9bf26661 does not exist. Creating ...
2019-09-24 02:34:11,011 [pool-77-thread-1] INFO  storage.RaftStorageDirectory (RaftStorageDirectory.java:tryLock(328)) - Lock on /workdir/hadoop-ozone/integration-test/target/test-dir/MiniOzoneClusterImpl-2d72fd32-3911-4ce5-968d-89f72e8fe093/datanode-5/data/ratis/e3ad4137-a245-4bb4-9163-3f1a9bf26661/in_use.lock acquired by nodename 13415@pr-hdds-2162-tjkd5-3209850126
2019-09-24 02:34:11,029 [pool-77-thread-1] INFO  storage.RaftStorage (RaftStorage.java:format(72)) - Storage directory /workdir/hadoop-ozone/integration-test/target/test-dir/MiniOzoneClusterImpl-2d72fd32-3911-4ce5-968d-89f72e8fe093/datanode-5/data/ratis/e3ad4137-a245-4bb4-9163-3f1a9bf26661 has been successfully formatted.
2019-09-24 02:34:11,030 [pool-77-thread-1] INFO  ratis.ContainerStateMachine (ContainerStateMachine.java:loadSnapshot(230)) - group-3F1A9BF26661: The snapshot info is null. Setting the last applied indexto:(t:0, i:~)
2019-09-24 02:34:11,030 [pool-77-thread-1] INFO  server.RaftServerConfigKeys (ConfUtils.java:logGet(43)) - raft.server.notification.no-leader.timeout = 120s (custom)
2019-09-24 02:34:11,030 [pool-77-thread-1] INFO  server.RaftServerConfigKeys (ConfUtils.java:logGet(43)) - raft.server.log.use.memory = false (default)
2019-09-24 02:34:11,030 [pool-77-thread-1] INFO  server.RaftServerConfigKeys (ConfUtils.java:logGet(43)) - raft.server.log.purge.gap = 1000000 (custom)
2019-09-24 02:34:11,030 [pool-77-thread-1] INFO  server.RaftServerConfigKeys (ConfUtils.java:logGet(43)) - raft.server.log.appender.buffer.byte-limit = 33554432 (custom)
2019-09-24 02:34:11,031 [pool-77-thread-1] INFO  server.RaftServerConfigKeys (ConfUtils.java:logGet(43)) - raft.server.log.segment.size.max = 1048576 (custom)
2019-09-24 02:34:11,031 [pool-77-thread-1] INFO  server.RaftServerConfigKeys (ConfUtils.java:logGet(43)) - raft.server.log.segment.cache.num.max = 2 (custom)
2019-09-24 02:34:11,031 [pool-77-thread-1] INFO  segmented.SegmentedRaftLogWorker (SegmentedRaftLogWorker.java:<init>(172)) - new 08608e50-e548-4444-8f0d-400a00608d0c@group-3F1A9BF26661-SegmentedRaftLogWorker for RaftStorage:Storage Directory /workdir/hadoop-ozone/integration-test/target/test-dir/MiniOzoneClusterImpl-2d72fd32-3911-4ce5-968d-89f72e8fe093/datanode-5/data/ratis/e3ad4137-a245-4bb4-9163-3f1a9bf26661
2019-09-24 02:34:11,039 [pool-77-thread-1] INFO  server.RaftServerConfigKeys (ConfUtils.java:logGet(43)) - raft.server.log.queue.byte-limit = 2147483647 (custom)
2019-09-24 02:34:11,039 [pool-77-thread-1] INFO  server.RaftServerConfigKeys (ConfUtils.java:logGet(43)) - raft.server.log.queue.element-limit = 1024 (custom)
2019-09-24 02:34:11,039 [pool-77-thread-1] INFO  server.RaftServerConfigKeys (ConfUtils.java:logGet(43)) - raft.server.log.segment.size.max = 1048576 (custom)
2019-09-24 02:34:11,040 [pool-77-thread-1] INFO  server.RaftServerConfigKeys (ConfUtils.java:logGet(43)) - raft.server.log.preallocated.size = 16384 (custom)
2019-09-24 02:34:11,040 [pool-77-thread-1] INFO  server.RaftServerConfigKeys (ConfUtils.java:logGet(43)) - raft.server.log.write.buffer.size = 33554432 (custom)
2019-09-24 02:34:11,040 [pool-77-thread-1] INFO  server.RaftServerConfigKeys (ConfUtils.java:logGet(43)) - raft.server.log.force.sync.num = 128 (default)
2019-09-24 02:34:11,040 [pool-77-thread-1] INFO  server.RaftServerConfigKeys (ConfUtils.java:logGet(43)) - raft.server.log.statemachine.data.sync = true (default)
2019-09-24 02:34:11,040 [pool-77-thread-1] INFO  server.RaftServerConfigKeys (ConfUtils.java:logGet(43)) - raft.server.log.statemachine.data.sync.timeout = 10s (default)
2019-09-24 02:34:11,041 [pool-77-thread-1] INFO  server.RaftServerConfigKeys (ConfUtils.java:logGet(43)) - raft.server.log.statemachine.data.sync.timeout.retry = -1 (default)
2019-09-24 02:34:11,041 [pool-77-thread-1] INFO  server.RaftServerConfigKeys (ConfUtils.java:logGet(43)) - raft.server.log.statemachine.data.caching.enabled = true (custom)
2019-09-24 02:34:11,041 [pool-77-thread-1] INFO  segmented.SegmentedRaftLogWorker (SegmentedRaftLogWorker.java:lambda$new$0(132)) - 08608e50-e548-4444-8f0d-400a00608d0c@group-3F1A9BF26661-SegmentedRaftLogWorker: flushIndex: setUnconditionally 0 -> -1
2019-09-24 02:34:11,042 [pool-77-thread-1] INFO  server.RaftServerConfigKeys (ConfUtils.java:logGet(43)) - raft.server.snapshot.auto.trigger.enabled = true (custom)
2019-09-24 02:34:11,042 [pool-77-thread-1] INFO  server.RaftServerConfigKeys (ConfUtils.java:logGet(43)) - raft.server.snapshot.auto.trigger.threshold = 10000 (custom)
2019-09-24 02:34:11,042 [pool-77-thread-1] INFO  server.RaftServerConfigKeys (ConfUtils.java:logGet(43)) - raft.server.snapshot.retention.num.files = 5 (custom)
2019-09-24 02:34:11,042 [pool-77-thread-1] INFO  server.RaftServerConfigKeys (ConfUtils.java:logGet(43)) - raft.server.retrycache.expirytime = 600000ms (custom)
2019-09-24 02:34:11,048 [pool-77-thread-1] INFO  impl.RaftServerImpl (RaftServerImpl.java:start(185)) - 08608e50-e548-4444-8f0d-400a00608d0c@group-3F1A9BF26661: start as a follower, conf=-1: [08608e50-e548-4444-8f0d-400a00608d0c:192.168.151.121:43534], old=null
2019-09-24 02:34:11,048 [pool-77-thread-1] INFO  impl.RaftServerImpl (RaftServerImpl.java:setRole(174)) - 08608e50-e548-4444-8f0d-400a00608d0c@group-3F1A9BF26661: changes role from      null to FOLLOWER at term 0 for startAsFollower
2019-09-24 02:34:11,048 [pool-77-thread-1] INFO  impl.RoleInfo (RoleInfo.java:updateAndGet(143)) - 08608e50-e548-4444-8f0d-400a00608d0c: start FollowerState
2019-09-24 02:34:11,049 [pool-77-thread-1] INFO  util.JmxRegister (JmxRegister.java:tryRegister(44)) - Successfully registered JMX Bean with object name Ratis:service=RaftServer,group=group-3F1A9BF26661,id=08608e50-e548-4444-8f0d-400a00608d0c
2019-09-24 02:34:11,064 [RatisPipelineUtilsThread] INFO  pipeline.PipelineStateManager (PipelineStateManager.java:addPipeline(56)) - Created pipeline Pipeline[ Id: e3ad4137-a245-4bb4-9163-3f1a9bf26661, Nodes: 08608e50-e548-4444-8f0d-400a00608d0c{ip: 192.168.151.121, host: pr-hdds-2162-tjkd5-3209850126, networkLocation: /default-rack, certSerialId: null}, Type:RATIS, Factor:ONE, State:OPEN]
2019-09-24 02:34:11,088 [grpc-default-executor-0] INFO  impl.RaftServerProxy (RaftServerProxy.java:addNew(89)) - afb36831-8adc-4a3c-ba5d-0ae21a058733: addNew group-FF144BC4E420:[afb36831-8adc-4a3c-ba5d-0ae21a058733:192.168.151.121:40452] returns group-FF144BC4E420:java.util.concurrent.CompletableFuture@79661a98[Not completed]
2019-09-24 02:34:11,092 [pool-47-thread-1] INFO  impl.RaftServerImpl (RaftServerImpl.java:<init>(95)) - afb36831-8adc-4a3c-ba5d-0ae21a058733: new RaftServerImpl for group-FF144BC4E420:[afb36831-8adc-4a3c-ba5d-0ae21a058733:192.168.151.121:40452] with ContainerStateMachine:uninitialized
2019-09-24 02:34:11,092 [pool-47-thread-1] INFO  server.RaftServerConfigKeys (ConfUtils.java:logGet(43)) - raft.server.rpc.timeout.min = 5s (custom)
2019-09-24 02:34:11,092 [pool-47-thread-1] INFO  server.RaftServerConfigKeys (ConfUtils.java:logGet(43)) - raft.server.rpc.timeout.max = 5200ms (custom)
2019-09-24 02:34:11,093 [pool-47-thread-1] INFO  server.RaftServerConfigKeys (ConfUtils.java:logGet(43)) - raft.server.rpcslowness.timeout = 120s (custom)
2019-09-24 02:34:11,093 [pool-47-thread-1] INFO  server.RaftServerConfigKeys (ConfUtils.java:logGet(43)) - raft.server.sleep.deviation.threshold = 300 (default)
2019-09-24 02:34:11,093 [pool-47-thread-1] INFO  server.RaftServerConfigKeys (ConfUtils.java:logGet(43)) - raft.server.log.appender.install.snapshot.enabled = false (custom)
2019-09-24 02:34:11,093 [pool-47-thread-1] INFO  impl.RaftServerImpl (ServerState.java:<init>(103)) - afb36831-8adc-4a3c-ba5d-0ae21a058733@group-FF144BC4E420: ConfigurationManager, init=-1: [afb36831-8adc-4a3c-ba5d-0ae21a058733:192.168.151.121:40452], old=null, confs=<EMPTY_MAP>
2019-09-24 02:34:11,093 [pool-47-thread-1] INFO  server.RaftServerConfigKeys (ConfUtils.java:logGet(43)) - raft.server.storage.dir = [/workdir/hadoop-ozone/integration-test/target/test-dir/MiniOzoneClusterImpl-2d72fd32-3911-4ce5-968d-89f72e8fe093/datanode-2/data/ratis] (custom)
2019-09-24 02:34:11,094 [pool-47-thread-1] INFO  storage.RaftStorageDirectory (RaftStorageDirectory.java:analyzeStorage(246)) - The storage directory /workdir/hadoop-ozone/integration-test/target/test-dir/MiniOzoneClusterImpl-2d72fd32-3911-4ce5-968d-89f72e8fe093/datanode-2/data/ratis/76c55a25-b940-4ade-8fbe-ff144bc4e420 does not exist. Creating ...
2019-09-24 02:34:11,107 [pool-47-thread-1] INFO  storage.RaftStorageDirectory (RaftStorageDirectory.java:tryLock(328)) - Lock on /workdir/hadoop-ozone/integration-test/target/test-dir/MiniOzoneClusterImpl-2d72fd32-3911-4ce5-968d-89f72e8fe093/datanode-2/data/ratis/76c55a25-b940-4ade-8fbe-ff144bc4e420/in_use.lock acquired by nodename 13415@pr-hdds-2162-tjkd5-3209850126
2019-09-24 02:34:11,120 [pool-47-thread-1] INFO  storage.RaftStorage (RaftStorage.java:format(72)) - Storage directory /workdir/hadoop-ozone/integration-test/target/test-dir/MiniOzoneClusterImpl-2d72fd32-3911-4ce5-968d-89f72e8fe093/datanode-2/data/ratis/76c55a25-b940-4ade-8fbe-ff144bc4e420 has been successfully formatted.
2019-09-24 02:34:11,121 [pool-47-thread-1] INFO  ratis.ContainerStateMachine (ContainerStateMachine.java:loadSnapshot(230)) - group-FF144BC4E420: The snapshot info is null. Setting the last applied indexto:(t:0, i:~)
2019-09-24 02:34:11,121 [pool-47-thread-1] INFO  server.RaftServerConfigKeys (ConfUtils.java:logGet(43)) - raft.server.notification.no-leader.timeout = 120s (custom)
2019-09-24 02:34:11,121 [pool-47-thread-1] INFO  server.RaftServerConfigKeys (ConfUtils.java:logGet(43)) - raft.server.log.use.memory = false (default)
2019-09-24 02:34:11,121 [pool-47-thread-1] INFO  server.RaftServerConfigKeys (ConfUtils.java:logGet(43)) - raft.server.log.purge.gap = 1000000 (custom)
2019-09-24 02:34:11,122 [pool-47-thread-1] INFO  server.RaftServerConfigKeys (ConfUtils.java:logGet(43)) - raft.server.log.appender.buffer.byte-limit = 33554432 (custom)
2019-09-24 02:34:11,122 [pool-47-thread-1] INFO  server.RaftServerConfigKeys (ConfUtils.java:logGet(43)) - raft.server.log.segment.size.max = 1048576 (custom)
2019-09-24 02:34:11,122 [pool-47-thread-1] INFO  server.RaftServerConfigKeys (ConfUtils.java:logGet(43)) - raft.server.log.segment.cache.num.max = 2 (custom)
2019-09-24 02:34:11,122 [pool-47-thread-1] INFO  segmented.SegmentedRaftLogWorker (SegmentedRaftLogWorker.java:<init>(172)) - new afb36831-8adc-4a3c-ba5d-0ae21a058733@group-FF144BC4E420-SegmentedRaftLogWorker for RaftStorage:Storage Directory /workdir/hadoop-ozone/integration-test/target/test-dir/MiniOzoneClusterImpl-2d72fd32-3911-4ce5-968d-89f72e8fe093/datanode-2/data/ratis/76c55a25-b940-4ade-8fbe-ff144bc4e420
2019-09-24 02:34:11,127 [pool-47-thread-1] INFO  server.RaftServerConfigKeys (ConfUtils.java:logGet(43)) - raft.server.log.queue.byte-limit = 2147483647 (custom)
2019-09-24 02:34:11,127 [pool-47-thread-1] INFO  server.RaftServerConfigKeys (ConfUtils.java:logGet(43)) - raft.server.log.queue.element-limit = 1024 (custom)
2019-09-24 02:34:11,127 [pool-47-thread-1] INFO  server.RaftServerConfigKeys (ConfUtils.java:logGet(43)) - raft.server.log.segment.size.max = 1048576 (custom)
2019-09-24 02:34:11,127 [pool-47-thread-1] INFO  server.RaftServerConfigKeys (ConfUtils.java:logGet(43)) - raft.server.log.preallocated.size = 16384 (custom)
2019-09-24 02:34:11,128 [pool-47-thread-1] INFO  server.RaftServerConfigKeys (ConfUtils.java:logGet(43)) - raft.server.log.write.buffer.size = 33554432 (custom)
2019-09-24 02:34:11,128 [pool-47-thread-1] INFO  server.RaftServerConfigKeys (ConfUtils.java:logGet(43)) - raft.server.log.force.sync.num = 128 (default)
2019-09-24 02:34:11,128 [pool-47-thread-1] INFO  server.RaftServerConfigKeys (ConfUtils.java:logGet(43)) - raft.server.log.statemachine.data.sync = true (default)
2019-09-24 02:34:11,128 [pool-47-thread-1] INFO  server.RaftServerConfigKeys (ConfUtils.java:logGet(43)) - raft.server.log.statemachine.data.sync.timeout = 10s (default)
2019-09-24 02:34:11,128 [pool-47-thread-1] INFO  server.RaftServerConfigKeys (ConfUtils.java:logGet(43)) - raft.server.log.statemachine.data.sync.timeout.retry = -1 (default)
2019-09-24 02:34:11,129 [pool-47-thread-1] INFO  server.RaftServerConfigKeys (ConfUtils.java:logGet(43)) - raft.server.log.statemachine.data.caching.enabled = true (custom)
2019-09-24 02:34:11,129 [pool-47-thread-1] INFO  segmented.SegmentedRaftLogWorker (SegmentedRaftLogWorker.java:lambda$new$0(132)) - afb36831-8adc-4a3c-ba5d-0ae21a058733@group-FF144BC4E420-SegmentedRaftLogWorker: flushIndex: setUnconditionally 0 -> -1
2019-09-24 02:34:11,129 [pool-47-thread-1] INFO  server.RaftServerConfigKeys (ConfUtils.java:logGet(43)) - raft.server.snapshot.auto.trigger.enabled = true (custom)
2019-09-24 02:34:11,130 [pool-47-thread-1] INFO  server.RaftServerConfigKeys (ConfUtils.java:logGet(43)) - raft.server.snapshot.auto.trigger.threshold = 10000 (custom)
2019-09-24 02:34:11,130 [pool-47-thread-1] INFO  server.RaftServerConfigKeys (ConfUtils.java:logGet(43)) - raft.server.snapshot.retention.num.files = 5 (custom)
2019-09-24 02:34:11,130 [pool-47-thread-1] INFO  server.RaftServerConfigKeys (ConfUtils.java:logGet(43)) - raft.server.retrycache.expirytime = 600000ms (custom)
2019-09-24 02:34:11,135 [pool-47-thread-1] INFO  impl.RaftServerImpl (RaftServerImpl.java:start(185)) - afb36831-8adc-4a3c-ba5d-0ae21a058733@group-FF144BC4E420: start as a follower, conf=-1: [afb36831-8adc-4a3c-ba5d-0ae21a058733:192.168.151.121:40452], old=null
2019-09-24 02:34:11,135 [pool-47-thread-1] INFO  impl.RaftServerImpl (RaftServerImpl.java:setRole(174)) - afb36831-8adc-4a3c-ba5d-0ae21a058733@group-FF144BC4E420: changes role from      null to FOLLOWER at term 0 for startAsFollower
2019-09-24 02:34:11,135 [pool-47-thread-1] INFO  impl.RoleInfo (RoleInfo.java:updateAndGet(143)) - afb36831-8adc-4a3c-ba5d-0ae21a058733: start FollowerState
2019-09-24 02:34:11,135 [pool-47-thread-1] INFO  util.JmxRegister (JmxRegister.java:tryRegister(44)) - Successfully registered JMX Bean with object name Ratis:service=RaftServer,group=group-FF144BC4E420,id=afb36831-8adc-4a3c-ba5d-0ae21a058733
2019-09-24 02:34:11,149 [RatisPipelineUtilsThread] INFO  pipeline.PipelineStateManager (PipelineStateManager.java:addPipeline(56)) - Created pipeline Pipeline[ Id: 76c55a25-b940-4ade-8fbe-ff144bc4e420, Nodes: afb36831-8adc-4a3c-ba5d-0ae21a058733{ip: 192.168.151.121, host: pr-hdds-2162-tjkd5-3209850126, networkLocation: /default-rack, certSerialId: null}, Type:RATIS, Factor:ONE, State:OPEN]
2019-09-24 02:34:11,180 [grpc-default-executor-0] INFO  impl.RaftServerProxy (RaftServerProxy.java:addNew(89)) - 29bfa3d0-4cee-44d0-ba16-edf4c6f09a6d: addNew group-524706D34556:[29bfa3d0-4cee-44d0-ba16-edf4c6f09a6d:192.168.151.121:40327] returns group-524706D34556:java.util.concurrent.CompletableFuture@1acad4f5[Not completed]
2019-09-24 02:34:11,183 [pool-37-thread-1] INFO  impl.RaftServerImpl (RaftServerImpl.java:<init>(95)) - 29bfa3d0-4cee-44d0-ba16-edf4c6f09a6d: new RaftServerImpl for group-524706D34556:[29bfa3d0-4cee-44d0-ba16-edf4c6f09a6d:192.168.151.121:40327] with ContainerStateMachine:uninitialized
2019-09-24 02:34:11,184 [pool-37-thread-1] INFO  server.RaftServerConfigKeys (ConfUtils.java:logGet(43)) - raft.server.rpc.timeout.min = 5s (custom)
2019-09-24 02:34:11,184 [pool-37-thread-1] INFO  server.RaftServerConfigKeys (ConfUtils.java:logGet(43)) - raft.server.rpc.timeout.max = 5200ms (custom)
2019-09-24 02:34:11,184 [pool-37-thread-1] INFO  server.RaftServerConfigKeys (ConfUtils.java:logGet(43)) - raft.server.rpcslowness.timeout = 120s (custom)
2019-09-24 02:34:11,184 [pool-37-thread-1] INFO  server.RaftServerConfigKeys (ConfUtils.java:logGet(43)) - raft.server.sleep.deviation.threshold = 300 (default)
2019-09-24 02:34:11,184 [pool-37-thread-1] INFO  server.RaftServerConfigKeys (ConfUtils.java:logGet(43)) - raft.server.log.appender.install.snapshot.enabled = false (custom)
2019-09-24 02:34:11,185 [pool-37-thread-1] INFO  impl.RaftServerImpl (ServerState.java:<init>(103)) - 29bfa3d0-4cee-44d0-ba16-edf4c6f09a6d@group-524706D34556: ConfigurationManager, init=-1: [29bfa3d0-4cee-44d0-ba16-edf4c6f09a6d:192.168.151.121:40327], old=null, confs=<EMPTY_MAP>
2019-09-24 02:34:11,185 [pool-37-thread-1] INFO  server.RaftServerConfigKeys (ConfUtils.java:logGet(43)) - raft.server.storage.dir = [/workdir/hadoop-ozone/integration-test/target/test-dir/MiniOzoneClusterImpl-2d72fd32-3911-4ce5-968d-89f72e8fe093/datanode-1/data/ratis] (custom)
2019-09-24 02:34:11,185 [pool-37-thread-1] INFO  storage.RaftStorageDirectory (RaftStorageDirectory.java:analyzeStorage(246)) - The storage directory /workdir/hadoop-ozone/integration-test/target/test-dir/MiniOzoneClusterImpl-2d72fd32-3911-4ce5-968d-89f72e8fe093/datanode-1/data/ratis/c22de45c-0e0c-42c3-8fc5-524706d34556 does not exist. Creating ...
2019-09-24 02:34:11,207 [pool-37-thread-1] INFO  storage.RaftStorageDirectory (RaftStorageDirectory.java:tryLock(328)) - Lock on /workdir/hadoop-ozone/integration-test/target/test-dir/MiniOzoneClusterImpl-2d72fd32-3911-4ce5-968d-89f72e8fe093/datanode-1/data/ratis/c22de45c-0e0c-42c3-8fc5-524706d34556/in_use.lock acquired by nodename 13415@pr-hdds-2162-tjkd5-3209850126
2019-09-24 02:34:11,220 [pool-37-thread-1] INFO  storage.RaftStorage (RaftStorage.java:format(72)) - Storage directory /workdir/hadoop-ozone/integration-test/target/test-dir/MiniOzoneClusterImpl-2d72fd32-3911-4ce5-968d-89f72e8fe093/datanode-1/data/ratis/c22de45c-0e0c-42c3-8fc5-524706d34556 has been successfully formatted.
2019-09-24 02:34:11,220 [pool-37-thread-1] INFO  ratis.ContainerStateMachine (ContainerStateMachine.java:loadSnapshot(230)) - group-524706D34556: The snapshot info is null. Setting the last applied indexto:(t:0, i:~)
2019-09-24 02:34:11,221 [pool-37-thread-1] INFO  server.RaftServerConfigKeys (ConfUtils.java:logGet(43)) - raft.server.notification.no-leader.timeout = 120s (custom)
2019-09-24 02:34:11,221 [pool-37-thread-1] INFO  server.RaftServerConfigKeys (ConfUtils.java:logGet(43)) - raft.server.log.use.memory = false (default)
2019-09-24 02:34:11,221 [pool-37-thread-1] INFO  server.RaftServerConfigKeys (ConfUtils.java:logGet(43)) - raft.server.log.purge.gap = 1000000 (custom)
2019-09-24 02:34:11,221 [pool-37-thread-1] INFO  server.RaftServerConfigKeys (ConfUtils.java:logGet(43)) - raft.server.log.appender.buffer.byte-limit = 33554432 (custom)
2019-09-24 02:34:11,221 [pool-37-thread-1] INFO  server.RaftServerConfigKeys (ConfUtils.java:logGet(43)) - raft.server.log.segment.size.max = 1048576 (custom)
2019-09-24 02:34:11,222 [pool-37-thread-1] INFO  server.RaftServerConfigKeys (ConfUtils.java:logGet(43)) - raft.server.log.segment.cache.num.max = 2 (custom)
2019-09-24 02:34:11,222 [pool-37-thread-1] INFO  segmented.SegmentedRaftLogWorker (SegmentedRaftLogWorker.java:<init>(172)) - new 29bfa3d0-4cee-44d0-ba16-edf4c6f09a6d@group-524706D34556-SegmentedRaftLogWorker for RaftStorage:Storage Directory /workdir/hadoop-ozone/integration-test/target/test-dir/MiniOzoneClusterImpl-2d72fd32-3911-4ce5-968d-89f72e8fe093/datanode-1/data/ratis/c22de45c-0e0c-42c3-8fc5-524706d34556
2019-09-24 02:34:11,226 [pool-37-thread-1] INFO  server.RaftServerConfigKeys (ConfUtils.java:logGet(43)) - raft.server.log.queue.byte-limit = 2147483647 (custom)
2019-09-24 02:34:11,226 [pool-37-thread-1] INFO  server.RaftServerConfigKeys (ConfUtils.java:logGet(43)) - raft.server.log.queue.element-limit = 1024 (custom)
2019-09-24 02:34:11,227 [pool-37-thread-1] INFO  server.RaftServerConfigKeys (ConfUtils.java:logGet(43)) - raft.server.log.segment.size.max = 1048576 (custom)
2019-09-24 02:34:11,227 [pool-37-thread-1] INFO  server.RaftServerConfigKeys (ConfUtils.java:logGet(43)) - raft.server.log.preallocated.size = 16384 (custom)
2019-09-24 02:34:11,227 [pool-37-thread-1] INFO  server.RaftServerConfigKeys (ConfUtils.java:logGet(43)) - raft.server.log.write.buffer.size = 33554432 (custom)
2019-09-24 02:34:11,228 [pool-37-thread-1] INFO  server.RaftServerConfigKeys (ConfUtils.java:logGet(43)) - raft.server.log.force.sync.num = 128 (default)
2019-09-24 02:34:11,228 [pool-37-thread-1] INFO  server.RaftServerConfigKeys (ConfUtils.java:logGet(43)) - raft.server.log.statemachine.data.sync = true (default)
2019-09-24 02:34:11,228 [pool-37-thread-1] INFO  server.RaftServerConfigKeys (ConfUtils.java:logGet(43)) - raft.server.log.statemachine.data.sync.timeout = 10s (default)
2019-09-24 02:34:11,229 [pool-37-thread-1] INFO  server.RaftServerConfigKeys (ConfUtils.java:logGet(43)) - raft.server.log.statemachine.data.sync.timeout.retry = -1 (default)
2019-09-24 02:34:11,229 [pool-37-thread-1] INFO  server.RaftServerConfigKeys (ConfUtils.java:logGet(43)) - raft.server.log.statemachine.data.caching.enabled = true (custom)
2019-09-24 02:34:11,230 [pool-37-thread-1] INFO  segmented.SegmentedRaftLogWorker (SegmentedRaftLogWorker.java:lambda$new$0(132)) - 29bfa3d0-4cee-44d0-ba16-edf4c6f09a6d@group-524706D34556-SegmentedRaftLogWorker: flushIndex: setUnconditionally 0 -> -1
2019-09-24 02:34:11,230 [pool-37-thread-1] INFO  server.RaftServerConfigKeys (ConfUtils.java:logGet(43)) - raft.server.snapshot.auto.trigger.enabled = true (custom)
2019-09-24 02:34:11,231 [pool-37-thread-1] INFO  server.RaftServerConfigKeys (ConfUtils.java:logGet(43)) - raft.server.snapshot.auto.trigger.threshold = 10000 (custom)
2019-09-24 02:34:11,231 [pool-37-thread-1] INFO  server.RaftServerConfigKeys (ConfUtils.java:logGet(43)) - raft.server.snapshot.retention.num.files = 5 (custom)
2019-09-24 02:34:11,231 [pool-37-thread-1] INFO  server.RaftServerConfigKeys (ConfUtils.java:logGet(43)) - raft.server.retrycache.expirytime = 600000ms (custom)
2019-09-24 02:34:11,235 [pool-37-thread-1] INFO  impl.RaftServerImpl (RaftServerImpl.java:start(185)) - 29bfa3d0-4cee-44d0-ba16-edf4c6f09a6d@group-524706D34556: start as a follower, conf=-1: [29bfa3d0-4cee-44d0-ba16-edf4c6f09a6d:192.168.151.121:40327], old=null
2019-09-24 02:34:11,235 [pool-37-thread-1] INFO  impl.RaftServerImpl (RaftServerImpl.java:setRole(174)) - 29bfa3d0-4cee-44d0-ba16-edf4c6f09a6d@group-524706D34556: changes role from      null to FOLLOWER at term 0 for startAsFollower
2019-09-24 02:34:11,236 [pool-37-thread-1] INFO  impl.RoleInfo (RoleInfo.java:updateAndGet(143)) - 29bfa3d0-4cee-44d0-ba16-edf4c6f09a6d: start FollowerState
2019-09-24 02:34:11,236 [pool-37-thread-1] INFO  util.JmxRegister (JmxRegister.java:tryRegister(44)) - Successfully registered JMX Bean with object name Ratis:service=RaftServer,group=group-524706D34556,id=29bfa3d0-4cee-44d0-ba16-edf4c6f09a6d
2019-09-24 02:34:11,245 [main] INFO  ozone.MiniOzoneClusterImpl (MiniOzoneClusterImpl.java:lambda$waitForClusterToBeReady$0(147)) - Cluster is ready. Got 7 of 7 DN Heartbeats.
2019-09-24 02:34:11,250 [RatisPipelineUtilsThread] INFO  pipeline.PipelineStateManager (PipelineStateManager.java:addPipeline(56)) - Created pipeline Pipeline[ Id: c22de45c-0e0c-42c3-8fc5-524706d34556, Nodes: 29bfa3d0-4cee-44d0-ba16-edf4c6f09a6d{ip: 192.168.151.121, host: pr-hdds-2162-tjkd5-3209850126, networkLocation: /default-rack, certSerialId: null}, Type:RATIS, Factor:ONE, State:OPEN]
2019-09-24 02:34:11,277 [grpc-default-executor-0] INFO  impl.RaftServerProxy (RaftServerProxy.java:addNew(89)) - 1ae786a5-17dd-436d-b86f-5426250bc58f: addNew group-753648A250C2:[1ae786a5-17dd-436d-b86f-5426250bc58f:192.168.151.121:36039] returns group-753648A250C2:java.util.concurrent.CompletableFuture@6a607c8c[Not completed]
2019-09-24 02:34:11,284 [pool-87-thread-1] INFO  impl.RaftServerImpl (RaftServerImpl.java:<init>(95)) - 1ae786a5-17dd-436d-b86f-5426250bc58f: new RaftServerImpl for group-753648A250C2:[1ae786a5-17dd-436d-b86f-5426250bc58f:192.168.151.121:36039] with ContainerStateMachine:uninitialized
2019-09-24 02:34:11,284 [pool-87-thread-1] INFO  server.RaftServerConfigKeys (ConfUtils.java:logGet(43)) - raft.server.rpc.timeout.min = 5s (custom)
2019-09-24 02:34:11,284 [pool-87-thread-1] INFO  server.RaftServerConfigKeys (ConfUtils.java:logGet(43)) - raft.server.rpc.timeout.max = 5200ms (custom)
2019-09-24 02:34:11,284 [pool-87-thread-1] INFO  server.RaftServerConfigKeys (ConfUtils.java:logGet(43)) - raft.server.rpcslowness.timeout = 120s (custom)
2019-09-24 02:34:11,284 [pool-87-thread-1] INFO  server.RaftServerConfigKeys (ConfUtils.java:logGet(43)) - raft.server.sleep.deviation.threshold = 300 (default)
2019-09-24 02:34:11,285 [pool-87-thread-1] INFO  server.RaftServerConfigKeys (ConfUtils.java:logGet(43)) - raft.server.log.appender.install.snapshot.enabled = false (custom)
2019-09-24 02:34:11,285 [pool-87-thread-1] INFO  impl.RaftServerImpl (ServerState.java:<init>(103)) - 1ae786a5-17dd-436d-b86f-5426250bc58f@group-753648A250C2: ConfigurationManager, init=-1: [1ae786a5-17dd-436d-b86f-5426250bc58f:192.168.151.121:36039], old=null, confs=<EMPTY_MAP>
2019-09-24 02:34:11,285 [pool-87-thread-1] INFO  server.RaftServerConfigKeys (ConfUtils.java:logGet(43)) - raft.server.storage.dir = [/workdir/hadoop-ozone/integration-test/target/test-dir/MiniOzoneClusterImpl-2d72fd32-3911-4ce5-968d-89f72e8fe093/datanode-6/data/ratis] (custom)
2019-09-24 02:34:11,286 [pool-87-thread-1] INFO  storage.RaftStorageDirectory (RaftStorageDirectory.java:analyzeStorage(246)) - The storage directory /workdir/hadoop-ozone/integration-test/target/test-dir/MiniOzoneClusterImpl-2d72fd32-3911-4ce5-968d-89f72e8fe093/datanode-6/data/ratis/094f9386-0012-4362-a1ee-753648a250c2 does not exist. Creating ...
2019-09-24 02:34:11,300 [pool-87-thread-1] INFO  storage.RaftStorageDirectory (RaftStorageDirectory.java:tryLock(328)) - Lock on /workdir/hadoop-ozone/integration-test/target/test-dir/MiniOzoneClusterImpl-2d72fd32-3911-4ce5-968d-89f72e8fe093/datanode-6/data/ratis/094f9386-0012-4362-a1ee-753648a250c2/in_use.lock acquired by nodename 13415@pr-hdds-2162-tjkd5-3209850126
2019-09-24 02:34:11,328 [pool-87-thread-1] INFO  storage.RaftStorage (RaftStorage.java:format(72)) - Storage directory /workdir/hadoop-ozone/integration-test/target/test-dir/MiniOzoneClusterImpl-2d72fd32-3911-4ce5-968d-89f72e8fe093/datanode-6/data/ratis/094f9386-0012-4362-a1ee-753648a250c2 has been successfully formatted.
2019-09-24 02:34:11,328 [pool-87-thread-1] INFO  ratis.ContainerStateMachine (ContainerStateMachine.java:loadSnapshot(230)) - group-753648A250C2: The snapshot info is null. Setting the last applied indexto:(t:0, i:~)
2019-09-24 02:34:11,328 [pool-87-thread-1] INFO  server.RaftServerConfigKeys (ConfUtils.java:logGet(43)) - raft.server.notification.no-leader.timeout = 120s (custom)
2019-09-24 02:34:11,328 [pool-87-thread-1] INFO  server.RaftServerConfigKeys (ConfUtils.java:logGet(43)) - raft.server.log.use.memory = false (default)
2019-09-24 02:34:11,328 [pool-87-thread-1] INFO  server.RaftServerConfigKeys (ConfUtils.java:logGet(43)) - raft.server.log.purge.gap = 1000000 (custom)
2019-09-24 02:34:11,329 [pool-87-thread-1] INFO  server.RaftServerConfigKeys (ConfUtils.java:logGet(43)) - raft.server.log.appender.buffer.byte-limit = 33554432 (custom)
2019-09-24 02:34:11,329 [pool-87-thread-1] INFO  server.RaftServerConfigKeys (ConfUtils.java:logGet(43)) - raft.server.log.segment.size.max = 1048576 (custom)
2019-09-24 02:34:11,329 [pool-87-thread-1] INFO  server.RaftServerConfigKeys (ConfUtils.java:logGet(43)) - raft.server.log.segment.cache.num.max = 2 (custom)
2019-09-24 02:34:11,329 [pool-87-thread-1] INFO  segmented.SegmentedRaftLogWorker (SegmentedRaftLogWorker.java:<init>(172)) - new 1ae786a5-17dd-436d-b86f-5426250bc58f@group-753648A250C2-SegmentedRaftLogWorker for RaftStorage:Storage Directory /workdir/hadoop-ozone/integration-test/target/test-dir/MiniOzoneClusterImpl-2d72fd32-3911-4ce5-968d-89f72e8fe093/datanode-6/data/ratis/094f9386-0012-4362-a1ee-753648a250c2
2019-09-24 02:34:11,332 [pool-87-thread-1] INFO  server.RaftServerConfigKeys (ConfUtils.java:logGet(43)) - raft.server.log.queue.byte-limit = 2147483647 (custom)
2019-09-24 02:34:11,332 [pool-87-thread-1] INFO  server.RaftServerConfigKeys (ConfUtils.java:logGet(43)) - raft.server.log.queue.element-limit = 1024 (custom)
2019-09-24 02:34:11,332 [pool-87-thread-1] INFO  server.RaftServerConfigKeys (ConfUtils.java:logGet(43)) - raft.server.log.segment.size.max = 1048576 (custom)
2019-09-24 02:34:11,333 [pool-87-thread-1] INFO  server.RaftServerConfigKeys (ConfUtils.java:logGet(43)) - raft.server.log.preallocated.size = 16384 (custom)
2019-09-24 02:34:11,333 [pool-87-thread-1] INFO  server.RaftServerConfigKeys (ConfUtils.java:logGet(43)) - raft.server.log.write.buffer.size = 33554432 (custom)
2019-09-24 02:34:11,333 [pool-87-thread-1] INFO  server.RaftServerConfigKeys (ConfUtils.java:logGet(43)) - raft.server.log.force.sync.num = 128 (default)
2019-09-24 02:34:11,333 [pool-87-thread-1] INFO  server.RaftServerConfigKeys (ConfUtils.java:logGet(43)) - raft.server.log.statemachine.data.sync = true (default)
2019-09-24 02:34:11,333 [pool-87-thread-1] INFO  server.RaftServerConfigKeys (ConfUtils.java:logGet(43)) - raft.server.log.statemachine.data.sync.timeout = 10s (default)
2019-09-24 02:34:11,334 [pool-87-thread-1] INFO  server.RaftServerConfigKeys (ConfUtils.java:logGet(43)) - raft.server.log.statemachine.data.sync.timeout.retry = -1 (default)
2019-09-24 02:34:11,334 [pool-87-thread-1] INFO  server.RaftServerConfigKeys (ConfUtils.java:logGet(43)) - raft.server.log.statemachine.data.caching.enabled = true (custom)
2019-09-24 02:34:11,334 [pool-87-thread-1] INFO  segmented.SegmentedRaftLogWorker (SegmentedRaftLogWorker.java:lambda$new$0(132)) - 1ae786a5-17dd-436d-b86f-5426250bc58f@group-753648A250C2-SegmentedRaftLogWorker: flushIndex: setUnconditionally 0 -> -1
2019-09-24 02:34:11,335 [pool-87-thread-1] INFO  server.RaftServerConfigKeys (ConfUtils.java:logGet(43)) - raft.server.snapshot.auto.trigger.enabled = true (custom)
2019-09-24 02:34:11,335 [pool-87-thread-1] INFO  server.RaftServerConfigKeys (ConfUtils.java:logGet(43)) - raft.server.snapshot.auto.trigger.threshold = 10000 (custom)
2019-09-24 02:34:11,335 [pool-87-thread-1] INFO  server.RaftServerConfigKeys (ConfUtils.java:logGet(43)) - raft.server.snapshot.retention.num.files = 5 (custom)
2019-09-24 02:34:11,336 [pool-87-thread-1] INFO  server.RaftServerConfigKeys (ConfUtils.java:logGet(43)) - raft.server.retrycache.expirytime = 600000ms (custom)
2019-09-24 02:34:11,338 [pool-87-thread-1] INFO  impl.RaftServerImpl (RaftServerImpl.java:start(185)) - 1ae786a5-17dd-436d-b86f-5426250bc58f@group-753648A250C2: start as a follower, conf=-1: [1ae786a5-17dd-436d-b86f-5426250bc58f:192.168.151.121:36039], old=null
2019-09-24 02:34:11,338 [pool-87-thread-1] INFO  impl.RaftServerImpl (RaftServerImpl.java:setRole(174)) - 1ae786a5-17dd-436d-b86f-5426250bc58f@group-753648A250C2: changes role from      null to FOLLOWER at term 0 for startAsFollower
2019-09-24 02:34:11,338 [pool-87-thread-1] INFO  impl.RoleInfo (RoleInfo.java:updateAndGet(143)) - 1ae786a5-17dd-436d-b86f-5426250bc58f: start FollowerState
2019-09-24 02:34:11,339 [pool-87-thread-1] INFO  util.JmxRegister (JmxRegister.java:tryRegister(44)) - Successfully registered JMX Bean with object name Ratis:service=RaftServer,group=group-753648A250C2,id=1ae786a5-17dd-436d-b86f-5426250bc58f
2019-09-24 02:34:11,359 [RatisPipelineUtilsThread] INFO  pipeline.PipelineStateManager (PipelineStateManager.java:addPipeline(56)) - Created pipeline Pipeline[ Id: 094f9386-0012-4362-a1ee-753648a250c2, Nodes: 1ae786a5-17dd-436d-b86f-5426250bc58f{ip: 192.168.151.121, host: pr-hdds-2162-tjkd5-3209850126, networkLocation: /default-rack, certSerialId: null}, Type:RATIS, Factor:ONE, State:OPEN]
2019-09-24 02:34:11,402 [grpc-default-executor-1] INFO  impl.RaftServerProxy (RaftServerProxy.java:addNew(89)) - 987dfd3c-d9bb-4fcd-93df-655efe6d0319: addNew group-EC2367FC1F26:[69793d86-5a36-4e22-9f21-7b43ee9abdb5:192.168.151.121:34516, 987dfd3c-d9bb-4fcd-93df-655efe6d0319:192.168.151.121:45327, 08608e50-e548-4444-8f0d-400a00608d0c:192.168.151.121:43534] returns group-EC2367FC1F26:java.util.concurrent.CompletableFuture@718330e9[Not completed]
2019-09-24 02:34:11,402 [grpc-default-executor-0] INFO  impl.RaftServerProxy (RaftServerProxy.java:addNew(89)) - 69793d86-5a36-4e22-9f21-7b43ee9abdb5: addNew group-EC2367FC1F26:[69793d86-5a36-4e22-9f21-7b43ee9abdb5:192.168.151.121:34516, 987dfd3c-d9bb-4fcd-93df-655efe6d0319:192.168.151.121:45327, 08608e50-e548-4444-8f0d-400a00608d0c:192.168.151.121:43534] returns group-EC2367FC1F26:java.util.concurrent.CompletableFuture@389fbdb8[Not completed]
2019-09-24 02:34:11,405 [grpc-default-executor-0] INFO  impl.RaftServerProxy (RaftServerProxy.java:addNew(89)) - 08608e50-e548-4444-8f0d-400a00608d0c: addNew group-EC2367FC1F26:[69793d86-5a36-4e22-9f21-7b43ee9abdb5:192.168.151.121:34516, 987dfd3c-d9bb-4fcd-93df-655efe6d0319:192.168.151.121:45327, 08608e50-e548-4444-8f0d-400a00608d0c:192.168.151.121:43534] returns group-EC2367FC1F26:java.util.concurrent.CompletableFuture@7c9cc374[Not completed]
2019-09-24 02:34:11,406 [pool-57-thread-1] INFO  impl.RaftServerImpl (RaftServerImpl.java:<init>(95)) - 987dfd3c-d9bb-4fcd-93df-655efe6d0319: new RaftServerImpl for group-EC2367FC1F26:[69793d86-5a36-4e22-9f21-7b43ee9abdb5:192.168.151.121:34516, 987dfd3c-d9bb-4fcd-93df-655efe6d0319:192.168.151.121:45327, 08608e50-e548-4444-8f0d-400a00608d0c:192.168.151.121:43534] with ContainerStateMachine:uninitialized
2019-09-24 02:34:11,406 [pool-57-thread-1] INFO  server.RaftServerConfigKeys (ConfUtils.java:logGet(43)) - raft.server.rpc.timeout.min = 5s (custom)
2019-09-24 02:34:11,406 [pool-57-thread-1] INFO  server.RaftServerConfigKeys (ConfUtils.java:logGet(43)) - raft.server.rpc.timeout.max = 5200ms (custom)
2019-09-24 02:34:11,407 [pool-57-thread-1] INFO  server.RaftServerConfigKeys (ConfUtils.java:logGet(43)) - raft.server.rpcslowness.timeout = 120s (custom)
2019-09-24 02:34:11,407 [pool-67-thread-1] INFO  impl.RaftServerImpl (RaftServerImpl.java:<init>(95)) - 69793d86-5a36-4e22-9f21-7b43ee9abdb5: new RaftServerImpl for group-EC2367FC1F26:[69793d86-5a36-4e22-9f21-7b43ee9abdb5:192.168.151.121:34516, 987dfd3c-d9bb-4fcd-93df-655efe6d0319:192.168.151.121:45327, 08608e50-e548-4444-8f0d-400a00608d0c:192.168.151.121:43534] with ContainerStateMachine:uninitialized
2019-09-24 02:34:11,407 [pool-57-thread-1] INFO  server.RaftServerConfigKeys (ConfUtils.java:logGet(43)) - raft.server.sleep.deviation.threshold = 300 (default)
2019-09-24 02:34:11,407 [pool-67-thread-1] INFO  server.RaftServerConfigKeys (ConfUtils.java:logGet(43)) - raft.server.rpc.timeout.min = 5s (custom)
2019-09-24 02:34:11,407 [pool-57-thread-1] INFO  server.RaftServerConfigKeys (ConfUtils.java:logGet(43)) - raft.server.log.appender.install.snapshot.enabled = false (custom)
2019-09-24 02:34:11,407 [pool-67-thread-1] INFO  server.RaftServerConfigKeys (ConfUtils.java:logGet(43)) - raft.server.rpc.timeout.max = 5200ms (custom)
2019-09-24 02:34:11,407 [pool-57-thread-1] INFO  impl.RaftServerImpl (ServerState.java:<init>(103)) - 987dfd3c-d9bb-4fcd-93df-655efe6d0319@group-EC2367FC1F26: ConfigurationManager, init=-1: [69793d86-5a36-4e22-9f21-7b43ee9abdb5:192.168.151.121:34516, 987dfd3c-d9bb-4fcd-93df-655efe6d0319:192.168.151.121:45327, 08608e50-e548-4444-8f0d-400a00608d0c:192.168.151.121:43534], old=null, confs=<EMPTY_MAP>
2019-09-24 02:34:11,407 [pool-67-thread-1] INFO  server.RaftServerConfigKeys (ConfUtils.java:logGet(43)) - raft.server.rpcslowness.timeout = 120s (custom)
2019-09-24 02:34:11,408 [pool-67-thread-1] INFO  server.RaftServerConfigKeys (ConfUtils.java:logGet(43)) - raft.server.sleep.deviation.threshold = 300 (default)
2019-09-24 02:34:11,408 [pool-57-thread-1] INFO  server.RaftServerConfigKeys (ConfUtils.java:logGet(43)) - raft.server.storage.dir = [/workdir/hadoop-ozone/integration-test/target/test-dir/MiniOzoneClusterImpl-2d72fd32-3911-4ce5-968d-89f72e8fe093/datanode-3/data/ratis] (custom)
2019-09-24 02:34:11,408 [pool-67-thread-1] INFO  server.RaftServerConfigKeys (ConfUtils.java:logGet(43)) - raft.server.log.appender.install.snapshot.enabled = false (custom)
2019-09-24 02:34:11,408 [pool-67-thread-1] INFO  impl.RaftServerImpl (ServerState.java:<init>(103)) - 69793d86-5a36-4e22-9f21-7b43ee9abdb5@group-EC2367FC1F26: ConfigurationManager, init=-1: [69793d86-5a36-4e22-9f21-7b43ee9abdb5:192.168.151.121:34516, 987dfd3c-d9bb-4fcd-93df-655efe6d0319:192.168.151.121:45327, 08608e50-e548-4444-8f0d-400a00608d0c:192.168.151.121:43534], old=null, confs=<EMPTY_MAP>
2019-09-24 02:34:11,408 [pool-77-thread-1] INFO  impl.RaftServerImpl (RaftServerImpl.java:<init>(95)) - 08608e50-e548-4444-8f0d-400a00608d0c: new RaftServerImpl for group-EC2367FC1F26:[69793d86-5a36-4e22-9f21-7b43ee9abdb5:192.168.151.121:34516, 987dfd3c-d9bb-4fcd-93df-655efe6d0319:192.168.151.121:45327, 08608e50-e548-4444-8f0d-400a00608d0c:192.168.151.121:43534] with ContainerStateMachine:uninitialized
2019-09-24 02:34:11,408 [pool-57-thread-1] INFO  storage.RaftStorageDirectory (RaftStorageDirectory.java:analyzeStorage(246)) - The storage directory /workdir/hadoop-ozone/integration-test/target/test-dir/MiniOzoneClusterImpl-2d72fd32-3911-4ce5-968d-89f72e8fe093/datanode-3/data/ratis/40a9169c-25d4-47ef-8c67-ec2367fc1f26 does not exist. Creating ...
2019-09-24 02:34:11,408 [pool-67-thread-1] INFO  server.RaftServerConfigKeys (ConfUtils.java:logGet(43)) - raft.server.storage.dir = [/workdir/hadoop-ozone/integration-test/target/test-dir/MiniOzoneClusterImpl-2d72fd32-3911-4ce5-968d-89f72e8fe093/datanode-4/data/ratis] (custom)
2019-09-24 02:34:11,408 [pool-77-thread-1] INFO  server.RaftServerConfigKeys (ConfUtils.java:logGet(43)) - raft.server.rpc.timeout.min = 5s (custom)
2019-09-24 02:34:11,409 [pool-67-thread-1] INFO  storage.RaftStorageDirectory (RaftStorageDirectory.java:analyzeStorage(246)) - The storage directory /workdir/hadoop-ozone/integration-test/target/test-dir/MiniOzoneClusterImpl-2d72fd32-3911-4ce5-968d-89f72e8fe093/datanode-4/data/ratis/40a9169c-25d4-47ef-8c67-ec2367fc1f26 does not exist. Creating ...
2019-09-24 02:34:11,409 [pool-77-thread-1] INFO  server.RaftServerConfigKeys (ConfUtils.java:logGet(43)) - raft.server.rpc.timeout.max = 5200ms (custom)
2019-09-24 02:34:11,409 [pool-77-thread-1] INFO  server.RaftServerConfigKeys (ConfUtils.java:logGet(43)) - raft.server.rpcslowness.timeout = 120s (custom)
2019-09-24 02:34:11,409 [pool-77-thread-1] INFO  server.RaftServerConfigKeys (ConfUtils.java:logGet(43)) - raft.server.sleep.deviation.threshold = 300 (default)
2019-09-24 02:34:11,409 [pool-77-thread-1] INFO  server.RaftServerConfigKeys (ConfUtils.java:logGet(43)) - raft.server.log.appender.install.snapshot.enabled = false (custom)
2019-09-24 02:34:11,410 [pool-77-thread-1] INFO  impl.RaftServerImpl (ServerState.java:<init>(103)) - 08608e50-e548-4444-8f0d-400a00608d0c@group-EC2367FC1F26: ConfigurationManager, init=-1: [69793d86-5a36-4e22-9f21-7b43ee9abdb5:192.168.151.121:34516, 987dfd3c-d9bb-4fcd-93df-655efe6d0319:192.168.151.121:45327, 08608e50-e548-4444-8f0d-400a00608d0c:192.168.151.121:43534], old=null, confs=<EMPTY_MAP>
2019-09-24 02:34:11,410 [pool-77-thread-1] INFO  server.RaftServerConfigKeys (ConfUtils.java:logGet(43)) - raft.server.storage.dir = [/workdir/hadoop-ozone/integration-test/target/test-dir/MiniOzoneClusterImpl-2d72fd32-3911-4ce5-968d-89f72e8fe093/datanode-5/data/ratis] (custom)
2019-09-24 02:34:11,410 [pool-77-thread-1] INFO  storage.RaftStorageDirectory (RaftStorageDirectory.java:analyzeStorage(246)) - The storage directory /workdir/hadoop-ozone/integration-test/target/test-dir/MiniOzoneClusterImpl-2d72fd32-3911-4ce5-968d-89f72e8fe093/datanode-5/data/ratis/40a9169c-25d4-47ef-8c67-ec2367fc1f26 does not exist. Creating ...
2019-09-24 02:34:11,434 [pool-77-thread-1] INFO  storage.RaftStorageDirectory (RaftStorageDirectory.java:tryLock(328)) - Lock on /workdir/hadoop-ozone/integration-test/target/test-dir/MiniOzoneClusterImpl-2d72fd32-3911-4ce5-968d-89f72e8fe093/datanode-5/data/ratis/40a9169c-25d4-47ef-8c67-ec2367fc1f26/in_use.lock acquired by nodename 13415@pr-hdds-2162-tjkd5-3209850126
2019-09-24 02:34:11,434 [pool-57-thread-1] INFO  storage.RaftStorageDirectory (RaftStorageDirectory.java:tryLock(328)) - Lock on /workdir/hadoop-ozone/integration-test/target/test-dir/MiniOzoneClusterImpl-2d72fd32-3911-4ce5-968d-89f72e8fe093/datanode-3/data/ratis/40a9169c-25d4-47ef-8c67-ec2367fc1f26/in_use.lock acquired by nodename 13415@pr-hdds-2162-tjkd5-3209850126
2019-09-24 02:34:11,434 [pool-67-thread-1] INFO  storage.RaftStorageDirectory (RaftStorageDirectory.java:tryLock(328)) - Lock on /workdir/hadoop-ozone/integration-test/target/test-dir/MiniOzoneClusterImpl-2d72fd32-3911-4ce5-968d-89f72e8fe093/datanode-4/data/ratis/40a9169c-25d4-47ef-8c67-ec2367fc1f26/in_use.lock acquired by nodename 13415@pr-hdds-2162-tjkd5-3209850126
2019-09-24 02:34:11,460 [pool-77-thread-1] INFO  storage.RaftStorage (RaftStorage.java:format(72)) - Storage directory /workdir/hadoop-ozone/integration-test/target/test-dir/MiniOzoneClusterImpl-2d72fd32-3911-4ce5-968d-89f72e8fe093/datanode-5/data/ratis/40a9169c-25d4-47ef-8c67-ec2367fc1f26 has been successfully formatted.
2019-09-24 02:34:11,460 [pool-67-thread-1] INFO  storage.RaftStorage (RaftStorage.java:format(72)) - Storage directory /workdir/hadoop-ozone/integration-test/target/test-dir/MiniOzoneClusterImpl-2d72fd32-3911-4ce5-968d-89f72e8fe093/datanode-4/data/ratis/40a9169c-25d4-47ef-8c67-ec2367fc1f26 has been successfully formatted.
2019-09-24 02:34:11,460 [pool-77-thread-1] INFO  ratis.ContainerStateMachine (ContainerStateMachine.java:loadSnapshot(230)) - group-EC2367FC1F26: The snapshot info is null. Setting the last applied indexto:(t:0, i:~)
2019-09-24 02:34:11,460 [pool-57-thread-1] INFO  storage.RaftStorage (RaftStorage.java:format(72)) - Storage directory /workdir/hadoop-ozone/integration-test/target/test-dir/MiniOzoneClusterImpl-2d72fd32-3911-4ce5-968d-89f72e8fe093/datanode-3/data/ratis/40a9169c-25d4-47ef-8c67-ec2367fc1f26 has been successfully formatted.
2019-09-24 02:34:11,460 [pool-77-thread-1] INFO  server.RaftServerConfigKeys (ConfUtils.java:logGet(43)) - raft.server.notification.no-leader.timeout = 120s (custom)
2019-09-24 02:34:11,460 [pool-67-thread-1] INFO  ratis.ContainerStateMachine (ContainerStateMachine.java:loadSnapshot(230)) - group-EC2367FC1F26: The snapshot info is null. Setting the last applied indexto:(t:0, i:~)
2019-09-24 02:34:11,460 [pool-57-thread-1] INFO  ratis.ContainerStateMachine (ContainerStateMachine.java:loadSnapshot(230)) - group-EC2367FC1F26: The snapshot info is null. Setting the last applied indexto:(t:0, i:~)
2019-09-24 02:34:11,460 [pool-77-thread-1] INFO  server.RaftServerConfigKeys (ConfUtils.java:logGet(43)) - raft.server.log.use.memory = false (default)
2019-09-24 02:34:11,461 [pool-57-thread-1] INFO  server.RaftServerConfigKeys (ConfUtils.java:logGet(43)) - raft.server.notification.no-leader.timeout = 120s (custom)
2019-09-24 02:34:11,461 [pool-67-thread-1] INFO  server.RaftServerConfigKeys (ConfUtils.java:logGet(43)) - raft.server.notification.no-leader.timeout = 120s (custom)
2019-09-24 02:34:11,461 [pool-57-thread-1] INFO  server.RaftServerConfigKeys (ConfUtils.java:logGet(43)) - raft.server.log.use.memory = false (default)
2019-09-24 02:34:11,461 [pool-77-thread-1] INFO  server.RaftServerConfigKeys (ConfUtils.java:logGet(43)) - raft.server.log.purge.gap = 1000000 (custom)
2019-09-24 02:34:11,461 [pool-57-thread-1] INFO  server.RaftServerConfigKeys (ConfUtils.java:logGet(43)) - raft.server.log.purge.gap = 1000000 (custom)
2019-09-24 02:34:11,461 [pool-67-thread-1] INFO  server.RaftServerConfigKeys (ConfUtils.java:logGet(43)) - raft.server.log.use.memory = false (default)
2019-09-24 02:34:11,462 [pool-57-thread-1] INFO  server.RaftServerConfigKeys (ConfUtils.java:logGet(43)) - raft.server.log.appender.buffer.byte-limit = 33554432 (custom)
2019-09-24 02:34:11,461 [pool-77-thread-1] INFO  server.RaftServerConfigKeys (ConfUtils.java:logGet(43)) - raft.server.log.appender.buffer.byte-limit = 33554432 (custom)
2019-09-24 02:34:11,462 [pool-57-thread-1] INFO  server.RaftServerConfigKeys (ConfUtils.java:logGet(43)) - raft.server.log.segment.size.max = 1048576 (custom)
2019-09-24 02:34:11,462 [pool-67-thread-1] INFO  server.RaftServerConfigKeys (ConfUtils.java:logGet(43)) - raft.server.log.purge.gap = 1000000 (custom)
2019-09-24 02:34:11,462 [pool-57-thread-1] INFO  server.RaftServerConfigKeys (ConfUtils.java:logGet(43)) - raft.server.log.segment.cache.num.max = 2 (custom)
2019-09-24 02:34:11,462 [pool-77-thread-1] INFO  server.RaftServerConfigKeys (ConfUtils.java:logGet(43)) - raft.server.log.segment.size.max = 1048576 (custom)
2019-09-24 02:34:11,463 [pool-57-thread-1] INFO  segmented.SegmentedRaftLogWorker (SegmentedRaftLogWorker.java:<init>(172)) - new 987dfd3c-d9bb-4fcd-93df-655efe6d0319@group-EC2367FC1F26-SegmentedRaftLogWorker for RaftStorage:Storage Directory /workdir/hadoop-ozone/integration-test/target/test-dir/MiniOzoneClusterImpl-2d72fd32-3911-4ce5-968d-89f72e8fe093/datanode-3/data/ratis/40a9169c-25d4-47ef-8c67-ec2367fc1f26
2019-09-24 02:34:11,462 [pool-67-thread-1] INFO  server.RaftServerConfigKeys (ConfUtils.java:logGet(43)) - raft.server.log.appender.buffer.byte-limit = 33554432 (custom)
2019-09-24 02:34:11,463 [pool-57-thread-1] INFO  server.RaftServerConfigKeys (ConfUtils.java:logGet(43)) - raft.server.log.queue.byte-limit = 2147483647 (custom)
2019-09-24 02:34:11,463 [pool-77-thread-1] INFO  server.RaftServerConfigKeys (ConfUtils.java:logGet(43)) - raft.server.log.segment.cache.num.max = 2 (custom)
2019-09-24 02:34:11,463 [pool-57-thread-1] INFO  server.RaftServerConfigKeys (ConfUtils.java:logGet(43)) - raft.server.log.queue.element-limit = 1024 (custom)
2019-09-24 02:34:11,463 [pool-67-thread-1] INFO  server.RaftServerConfigKeys (ConfUtils.java:logGet(43)) - raft.server.log.segment.size.max = 1048576 (custom)
2019-09-24 02:34:11,463 [pool-57-thread-1] INFO  server.RaftServerConfigKeys (ConfUtils.java:logGet(43)) - raft.server.log.segment.size.max = 1048576 (custom)
2019-09-24 02:34:11,463 [pool-77-thread-1] INFO  segmented.SegmentedRaftLogWorker (SegmentedRaftLogWorker.java:<init>(172)) - new 08608e50-e548-4444-8f0d-400a00608d0c@group-EC2367FC1F26-SegmentedRaftLogWorker for RaftStorage:Storage Directory /workdir/hadoop-ozone/integration-test/target/test-dir/MiniOzoneClusterImpl-2d72fd32-3911-4ce5-968d-89f72e8fe093/datanode-5/data/ratis/40a9169c-25d4-47ef-8c67-ec2367fc1f26
2019-09-24 02:34:11,464 [pool-57-thread-1] INFO  server.RaftServerConfigKeys (ConfUtils.java:logGet(43)) - raft.server.log.preallocated.size = 16384 (custom)
2019-09-24 02:34:11,464 [pool-67-thread-1] INFO  server.RaftServerConfigKeys (ConfUtils.java:logGet(43)) - raft.server.log.segment.cache.num.max = 2 (custom)
2019-09-24 02:34:11,464 [pool-57-thread-1] INFO  server.RaftServerConfigKeys (ConfUtils.java:logGet(43)) - raft.server.log.write.buffer.size = 33554432 (custom)
2019-09-24 02:34:11,464 [pool-77-thread-1] INFO  server.RaftServerConfigKeys (ConfUtils.java:logGet(43)) - raft.server.log.queue.byte-limit = 2147483647 (custom)
2019-09-24 02:34:11,464 [pool-57-thread-1] INFO  server.RaftServerConfigKeys (ConfUtils.java:logGet(43)) - raft.server.log.force.sync.num = 128 (default)
2019-09-24 02:34:11,464 [pool-67-thread-1] INFO  segmented.SegmentedRaftLogWorker (SegmentedRaftLogWorker.java:<init>(172)) - new 69793d86-5a36-4e22-9f21-7b43ee9abdb5@group-EC2367FC1F26-SegmentedRaftLogWorker for RaftStorage:Storage Directory /workdir/hadoop-ozone/integration-test/target/test-dir/MiniOzoneClusterImpl-2d72fd32-3911-4ce5-968d-89f72e8fe093/datanode-4/data/ratis/40a9169c-25d4-47ef-8c67-ec2367fc1f26
2019-09-24 02:34:11,465 [pool-57-thread-1] INFO  server.RaftServerConfigKeys (ConfUtils.java:logGet(43)) - raft.server.log.statemachine.data.sync = true (default)
2019-09-24 02:34:11,465 [pool-77-thread-1] INFO  server.RaftServerConfigKeys (ConfUtils.java:logGet(43)) - raft.server.log.queue.element-limit = 1024 (custom)
2019-09-24 02:34:11,465 [pool-57-thread-1] INFO  server.RaftServerConfigKeys (ConfUtils.java:logGet(43)) - raft.server.log.statemachine.data.sync.timeout = 10s (default)
2019-09-24 02:34:11,465 [pool-67-thread-1] INFO  server.RaftServerConfigKeys (ConfUtils.java:logGet(43)) - raft.server.log.queue.byte-limit = 2147483647 (custom)
2019-09-24 02:34:11,465 [pool-57-thread-1] INFO  server.RaftServerConfigKeys (ConfUtils.java:logGet(43)) - raft.server.log.statemachine.data.sync.timeout.retry = -1 (default)
2019-09-24 02:34:11,465 [pool-77-thread-1] INFO  server.RaftServerConfigKeys (ConfUtils.java:logGet(43)) - raft.server.log.segment.size.max = 1048576 (custom)
2019-09-24 02:34:11,465 [pool-67-thread-1] INFO  server.RaftServerConfigKeys (ConfUtils.java:logGet(43)) - raft.server.log.queue.element-limit = 1024 (custom)
2019-09-24 02:34:11,466 [pool-57-thread-1] INFO  server.RaftServerConfigKeys (ConfUtils.java:logGet(43)) - raft.server.log.statemachine.data.caching.enabled = true (custom)
2019-09-24 02:34:11,466 [pool-77-thread-1] INFO  server.RaftServerConfigKeys (ConfUtils.java:logGet(43)) - raft.server.log.preallocated.size = 16384 (custom)
2019-09-24 02:34:11,466 [pool-67-thread-1] INFO  server.RaftServerConfigKeys (ConfUtils.java:logGet(43)) - raft.server.log.segment.size.max = 1048576 (custom)
2019-09-24 02:34:11,466 [pool-57-thread-1] INFO  segmented.SegmentedRaftLogWorker (SegmentedRaftLogWorker.java:lambda$new$0(132)) - 987dfd3c-d9bb-4fcd-93df-655efe6d0319@group-EC2367FC1F26-SegmentedRaftLogWorker: flushIndex: setUnconditionally 0 -> -1
2019-09-24 02:34:11,466 [pool-77-thread-1] INFO  server.RaftServerConfigKeys (ConfUtils.java:logGet(43)) - raft.server.log.write.buffer.size = 33554432 (custom)
2019-09-24 02:34:11,466 [pool-67-thread-1] INFO  server.RaftServerConfigKeys (ConfUtils.java:logGet(43)) - raft.server.log.preallocated.size = 16384 (custom)
2019-09-24 02:34:11,467 [pool-57-thread-1] INFO  server.RaftServerConfigKeys (ConfUtils.java:logGet(43)) - raft.server.snapshot.auto.trigger.enabled = true (custom)
2019-09-24 02:34:11,467 [pool-77-thread-1] INFO  server.RaftServerConfigKeys (ConfUtils.java:logGet(43)) - raft.server.log.force.sync.num = 128 (default)
2019-09-24 02:34:11,467 [pool-57-thread-1] INFO  server.RaftServerConfigKeys (ConfUtils.java:logGet(43)) - raft.server.snapshot.auto.trigger.threshold = 10000 (custom)
2019-09-24 02:34:11,467 [pool-67-thread-1] INFO  server.RaftServerConfigKeys (ConfUtils.java:logGet(43)) - raft.server.log.write.buffer.size = 33554432 (custom)
2019-09-24 02:34:11,467 [pool-57-thread-1] INFO  server.RaftServerConfigKeys (ConfUtils.java:logGet(43)) - raft.server.snapshot.retention.num.files = 5 (custom)
2019-09-24 02:34:11,467 [pool-77-thread-1] INFO  server.RaftServerConfigKeys (ConfUtils.java:logGet(43)) - raft.server.log.statemachine.data.sync = true (default)
2019-09-24 02:34:11,467 [pool-67-thread-1] INFO  server.RaftServerConfigKeys (ConfUtils.java:logGet(43)) - raft.server.log.force.sync.num = 128 (default)
2019-09-24 02:34:11,468 [pool-57-thread-1] INFO  server.RaftServerConfigKeys (ConfUtils.java:logGet(43)) - raft.server.retrycache.expirytime = 600000ms (custom)
2019-09-24 02:34:11,468 [pool-77-thread-1] INFO  server.RaftServerConfigKeys (ConfUtils.java:logGet(43)) - raft.server.log.statemachine.data.sync.timeout = 10s (default)
2019-09-24 02:34:11,468 [pool-67-thread-1] INFO  server.RaftServerConfigKeys (ConfUtils.java:logGet(43)) - raft.server.log.statemachine.data.sync = true (default)
2019-09-24 02:34:11,468 [pool-77-thread-1] INFO  server.RaftServerConfigKeys (ConfUtils.java:logGet(43)) - raft.server.log.statemachine.data.sync.timeout.retry = -1 (default)
2019-09-24 02:34:11,468 [pool-67-thread-1] INFO  server.RaftServerConfigKeys (ConfUtils.java:logGet(43)) - raft.server.log.statemachine.data.sync.timeout = 10s (default)
2019-09-24 02:34:11,468 [pool-77-thread-1] INFO  server.RaftServerConfigKeys (ConfUtils.java:logGet(43)) - raft.server.log.statemachine.data.caching.enabled = true (custom)
2019-09-24 02:34:11,469 [pool-67-thread-1] INFO  server.RaftServerConfigKeys (ConfUtils.java:logGet(43)) - raft.server.log.statemachine.data.sync.timeout.retry = -1 (default)
2019-09-24 02:34:11,469 [pool-77-thread-1] INFO  segmented.SegmentedRaftLogWorker (SegmentedRaftLogWorker.java:lambda$new$0(132)) - 08608e50-e548-4444-8f0d-400a00608d0c@group-EC2367FC1F26-SegmentedRaftLogWorker: flushIndex: setUnconditionally 0 -> -1
2019-09-24 02:34:11,469 [pool-67-thread-1] INFO  server.RaftServerConfigKeys (ConfUtils.java:logGet(43)) - raft.server.log.statemachine.data.caching.enabled = true (custom)
2019-09-24 02:34:11,469 [pool-77-thread-1] INFO  server.RaftServerConfigKeys (ConfUtils.java:logGet(43)) - raft.server.snapshot.auto.trigger.enabled = true (custom)
2019-09-24 02:34:11,469 [pool-77-thread-1] INFO  server.RaftServerConfigKeys (ConfUtils.java:logGet(43)) - raft.server.snapshot.auto.trigger.threshold = 10000 (custom)
2019-09-24 02:34:11,470 [pool-77-thread-1] INFO  server.RaftServerConfigKeys (ConfUtils.java:logGet(43)) - raft.server.snapshot.retention.num.files = 5 (custom)
2019-09-24 02:34:11,470 [pool-67-thread-1] INFO  segmented.SegmentedRaftLogWorker (SegmentedRaftLogWorker.java:lambda$new$0(132)) - 69793d86-5a36-4e22-9f21-7b43ee9abdb5@group-EC2367FC1F26-SegmentedRaftLogWorker: flushIndex: setUnconditionally 0 -> -1
2019-09-24 02:34:11,470 [pool-77-thread-1] INFO  server.RaftServerConfigKeys (ConfUtils.java:logGet(43)) - raft.server.retrycache.expirytime = 600000ms (custom)
2019-09-24 02:34:11,470 [pool-67-thread-1] INFO  server.RaftServerConfigKeys (ConfUtils.java:logGet(43)) - raft.server.snapshot.auto.trigger.enabled = true (custom)
2019-09-24 02:34:11,470 [pool-67-thread-1] INFO  server.RaftServerConfigKeys (ConfUtils.java:logGet(43)) - raft.server.snapshot.auto.trigger.threshold = 10000 (custom)
2019-09-24 02:34:11,471 [pool-67-thread-1] INFO  server.RaftServerConfigKeys (ConfUtils.java:logGet(43)) - raft.server.snapshot.retention.num.files = 5 (custom)
2019-09-24 02:34:11,471 [pool-67-thread-1] INFO  server.RaftServerConfigKeys (ConfUtils.java:logGet(43)) - raft.server.retrycache.expirytime = 600000ms (custom)
2019-09-24 02:34:11,471 [pool-57-thread-1] INFO  impl.RaftServerImpl (RaftServerImpl.java:start(185)) - 987dfd3c-d9bb-4fcd-93df-655efe6d0319@group-EC2367FC1F26: start as a follower, conf=-1: [69793d86-5a36-4e22-9f21-7b43ee9abdb5:192.168.151.121:34516, 987dfd3c-d9bb-4fcd-93df-655efe6d0319:192.168.151.121:45327, 08608e50-e548-4444-8f0d-400a00608d0c:192.168.151.121:43534], old=null
2019-09-24 02:34:11,471 [pool-57-thread-1] INFO  impl.RaftServerImpl (RaftServerImpl.java:setRole(174)) - 987dfd3c-d9bb-4fcd-93df-655efe6d0319@group-EC2367FC1F26: changes role from      null to FOLLOWER at term 0 for startAsFollower
2019-09-24 02:34:11,472 [pool-57-thread-1] INFO  impl.RoleInfo (RoleInfo.java:updateAndGet(143)) - 987dfd3c-d9bb-4fcd-93df-655efe6d0319: start FollowerState
2019-09-24 02:34:11,472 [pool-57-thread-1] INFO  util.JmxRegister (JmxRegister.java:tryRegister(44)) - Successfully registered JMX Bean with object name Ratis:service=RaftServer,group=group-EC2367FC1F26,id=987dfd3c-d9bb-4fcd-93df-655efe6d0319
2019-09-24 02:34:11,472 [pool-77-thread-1] INFO  impl.RaftServerImpl (RaftServerImpl.java:start(185)) - 08608e50-e548-4444-8f0d-400a00608d0c@group-EC2367FC1F26: start as a follower, conf=-1: [69793d86-5a36-4e22-9f21-7b43ee9abdb5:192.168.151.121:34516, 987dfd3c-d9bb-4fcd-93df-655efe6d0319:192.168.151.121:45327, 08608e50-e548-4444-8f0d-400a00608d0c:192.168.151.121:43534], old=null
2019-09-24 02:34:11,472 [pool-77-thread-1] INFO  impl.RaftServerImpl (RaftServerImpl.java:setRole(174)) - 08608e50-e548-4444-8f0d-400a00608d0c@group-EC2367FC1F26: changes role from      null to FOLLOWER at term 0 for startAsFollower
2019-09-24 02:34:11,473 [pool-77-thread-1] INFO  impl.RoleInfo (RoleInfo.java:updateAndGet(143)) - 08608e50-e548-4444-8f0d-400a00608d0c: start FollowerState
2019-09-24 02:34:11,473 [pool-77-thread-1] INFO  util.JmxRegister (JmxRegister.java:tryRegister(44)) - Successfully registered JMX Bean with object name Ratis:service=RaftServer,group=group-EC2367FC1F26,id=08608e50-e548-4444-8f0d-400a00608d0c
2019-09-24 02:34:11,476 [pool-67-thread-1] INFO  impl.RaftServerImpl (RaftServerImpl.java:start(185)) - 69793d86-5a36-4e22-9f21-7b43ee9abdb5@group-EC2367FC1F26: start as a follower, conf=-1: [69793d86-5a36-4e22-9f21-7b43ee9abdb5:192.168.151.121:34516, 987dfd3c-d9bb-4fcd-93df-655efe6d0319:192.168.151.121:45327, 08608e50-e548-4444-8f0d-400a00608d0c:192.168.151.121:43534], old=null
2019-09-24 02:34:11,476 [pool-67-thread-1] INFO  impl.RaftServerImpl (RaftServerImpl.java:setRole(174)) - 69793d86-5a36-4e22-9f21-7b43ee9abdb5@group-EC2367FC1F26: changes role from      null to FOLLOWER at term 0 for startAsFollower
2019-09-24 02:34:11,477 [pool-67-thread-1] INFO  impl.RoleInfo (RoleInfo.java:updateAndGet(143)) - 69793d86-5a36-4e22-9f21-7b43ee9abdb5: start FollowerState
2019-09-24 02:34:11,479 [pool-67-thread-1] INFO  util.JmxRegister (JmxRegister.java:tryRegister(44)) - Successfully registered JMX Bean with object name Ratis:service=RaftServer,group=group-EC2367FC1F26,id=69793d86-5a36-4e22-9f21-7b43ee9abdb5
2019-09-24 02:34:11,501 [RatisPipelineUtilsThread] INFO  pipeline.PipelineStateManager (PipelineStateManager.java:addPipeline(56)) - Created pipeline Pipeline[ Id: 40a9169c-25d4-47ef-8c67-ec2367fc1f26, Nodes: 987dfd3c-d9bb-4fcd-93df-655efe6d0319{ip: 192.168.151.121, host: pr-hdds-2162-tjkd5-3209850126, networkLocation: /default-rack, certSerialId: null}69793d86-5a36-4e22-9f21-7b43ee9abdb5{ip: 192.168.151.121, host: pr-hdds-2162-tjkd5-3209850126, networkLocation: /default-rack, certSerialId: null}08608e50-e548-4444-8f0d-400a00608d0c{ip: 192.168.151.121, host: pr-hdds-2162-tjkd5-3209850126, networkLocation: /default-rack, certSerialId: null}, Type:RATIS, Factor:THREE, State:OPEN]
2019-09-24 02:34:11,550 [grpc-default-executor-0] INFO  impl.RaftServerProxy (RaftServerProxy.java:addNew(89)) - afb36831-8adc-4a3c-ba5d-0ae21a058733: addNew group-A598BE63B3C0:[29bfa3d0-4cee-44d0-ba16-edf4c6f09a6d:192.168.151.121:40327, afb36831-8adc-4a3c-ba5d-0ae21a058733:192.168.151.121:40452, 346a7764-760d-427e-9530-0e15c9e08242:192.168.151.121:44304] returns group-A598BE63B3C0:java.util.concurrent.CompletableFuture@4aa4cb05[Not completed]
2019-09-24 02:34:11,550 [grpc-default-executor-2] INFO  impl.RaftServerProxy (RaftServerProxy.java:addNew(89)) - 346a7764-760d-427e-9530-0e15c9e08242: addNew group-A598BE63B3C0:[29bfa3d0-4cee-44d0-ba16-edf4c6f09a6d:192.168.151.121:40327, afb36831-8adc-4a3c-ba5d-0ae21a058733:192.168.151.121:40452, 346a7764-760d-427e-9530-0e15c9e08242:192.168.151.121:44304] returns group-A598BE63B3C0:java.util.concurrent.CompletableFuture@d7e0ef3[Not completed]
2019-09-24 02:34:11,550 [grpc-default-executor-1] INFO  impl.RaftServerProxy (RaftServerProxy.java:addNew(89)) - 29bfa3d0-4cee-44d0-ba16-edf4c6f09a6d: addNew group-A598BE63B3C0:[29bfa3d0-4cee-44d0-ba16-edf4c6f09a6d:192.168.151.121:40327, afb36831-8adc-4a3c-ba5d-0ae21a058733:192.168.151.121:40452, 346a7764-760d-427e-9530-0e15c9e08242:192.168.151.121:44304] returns group-A598BE63B3C0:java.util.concurrent.CompletableFuture@69a8aaed[Not completed]
2019-09-24 02:34:11,555 [pool-47-thread-1] INFO  impl.RaftServerImpl (RaftServerImpl.java:<init>(95)) - afb36831-8adc-4a3c-ba5d-0ae21a058733: new RaftServerImpl for group-A598BE63B3C0:[29bfa3d0-4cee-44d0-ba16-edf4c6f09a6d:192.168.151.121:40327, afb36831-8adc-4a3c-ba5d-0ae21a058733:192.168.151.121:40452, 346a7764-760d-427e-9530-0e15c9e08242:192.168.151.121:44304] with ContainerStateMachine:uninitialized
2019-09-24 02:34:11,555 [pool-47-thread-1] INFO  server.RaftServerConfigKeys (ConfUtils.java:logGet(43)) - raft.server.rpc.timeout.min = 5s (custom)
2019-09-24 02:34:11,555 [pool-47-thread-1] INFO  server.RaftServerConfigKeys (ConfUtils.java:logGet(43)) - raft.server.rpc.timeout.max = 5200ms (custom)
2019-09-24 02:34:11,555 [pool-47-thread-1] INFO  server.RaftServerConfigKeys (ConfUtils.java:logGet(43)) - raft.server.rpcslowness.timeout = 120s (custom)
2019-09-24 02:34:11,556 [pool-47-thread-1] INFO  server.RaftServerConfigKeys (ConfUtils.java:logGet(43)) - raft.server.sleep.deviation.threshold = 300 (default)
2019-09-24 02:34:11,556 [pool-47-thread-1] INFO  server.RaftServerConfigKeys (ConfUtils.java:logGet(43)) - raft.server.log.appender.install.snapshot.enabled = false (custom)
2019-09-24 02:34:11,556 [pool-27-thread-1] INFO  impl.RaftServerImpl (RaftServerImpl.java:<init>(95)) - 346a7764-760d-427e-9530-0e15c9e08242: new RaftServerImpl for group-A598BE63B3C0:[29bfa3d0-4cee-44d0-ba16-edf4c6f09a6d:192.168.151.121:40327, afb36831-8adc-4a3c-ba5d-0ae21a058733:192.168.151.121:40452, 346a7764-760d-427e-9530-0e15c9e08242:192.168.151.121:44304] with ContainerStateMachine:uninitialized
2019-09-24 02:34:11,556 [pool-47-thread-1] INFO  impl.RaftServerImpl (ServerState.java:<init>(103)) - afb36831-8adc-4a3c-ba5d-0ae21a058733@group-A598BE63B3C0: ConfigurationManager, init=-1: [29bfa3d0-4cee-44d0-ba16-edf4c6f09a6d:192.168.151.121:40327, afb36831-8adc-4a3c-ba5d-0ae21a058733:192.168.151.121:40452, 346a7764-760d-427e-9530-0e15c9e08242:192.168.151.121:44304], old=null, confs=<EMPTY_MAP>
2019-09-24 02:34:11,556 [pool-27-thread-1] INFO  server.RaftServerConfigKeys (ConfUtils.java:logGet(43)) - raft.server.rpc.timeout.min = 5s (custom)
2019-09-24 02:34:11,557 [pool-47-thread-1] INFO  server.RaftServerConfigKeys (ConfUtils.java:logGet(43)) - raft.server.storage.dir = [/workdir/hadoop-ozone/integration-test/target/test-dir/MiniOzoneClusterImpl-2d72fd32-3911-4ce5-968d-89f72e8fe093/datanode-2/data/ratis] (custom)
2019-09-24 02:34:11,557 [pool-27-thread-1] INFO  server.RaftServerConfigKeys (ConfUtils.java:logGet(43)) - raft.server.rpc.timeout.max = 5200ms (custom)
2019-09-24 02:34:11,557 [pool-37-thread-1] INFO  impl.RaftServerImpl (RaftServerImpl.java:<init>(95)) - 29bfa3d0-4cee-44d0-ba16-edf4c6f09a6d: new RaftServerImpl for group-A598BE63B3C0:[29bfa3d0-4cee-44d0-ba16-edf4c6f09a6d:192.168.151.121:40327, afb36831-8adc-4a3c-ba5d-0ae21a058733:192.168.151.121:40452, 346a7764-760d-427e-9530-0e15c9e08242:192.168.151.121:44304] with ContainerStateMachine:uninitialized
2019-09-24 02:34:11,557 [pool-27-thread-1] INFO  server.RaftServerConfigKeys (ConfUtils.java:logGet(43)) - raft.server.rpcslowness.timeout = 120s (custom)
2019-09-24 02:34:11,557 [pool-47-thread-1] INFO  storage.RaftStorageDirectory (RaftStorageDirectory.java:analyzeStorage(246)) - The storage directory /workdir/hadoop-ozone/integration-test/target/test-dir/MiniOzoneClusterImpl-2d72fd32-3911-4ce5-968d-89f72e8fe093/datanode-2/data/ratis/7712695e-d0c8-47dc-82b7-a598be63b3c0 does not exist. Creating ...
2019-09-24 02:34:11,557 [pool-37-thread-1] INFO  server.RaftServerConfigKeys (ConfUtils.java:logGet(43)) - raft.server.rpc.timeout.min = 5s (custom)
2019-09-24 02:34:11,557 [pool-27-thread-1] INFO  server.RaftServerConfigKeys (ConfUtils.java:logGet(43)) - raft.server.sleep.deviation.threshold = 300 (default)
2019-09-24 02:34:11,558 [pool-37-thread-1] INFO  server.RaftServerConfigKeys (ConfUtils.java:logGet(43)) - raft.server.rpc.timeout.max = 5200ms (custom)
2019-09-24 02:34:11,558 [pool-27-thread-1] INFO  server.RaftServerConfigKeys (ConfUtils.java:logGet(43)) - raft.server.log.appender.install.snapshot.enabled = false (custom)
2019-09-24 02:34:11,558 [pool-37-thread-1] INFO  server.RaftServerConfigKeys (ConfUtils.java:logGet(43)) - raft.server.rpcslowness.timeout = 120s (custom)
2019-09-24 02:34:11,558 [pool-27-thread-1] INFO  impl.RaftServerImpl (ServerState.java:<init>(103)) - 346a7764-760d-427e-9530-0e15c9e08242@group-A598BE63B3C0: ConfigurationManager, init=-1: [29bfa3d0-4cee-44d0-ba16-edf4c6f09a6d:192.168.151.121:40327, afb36831-8adc-4a3c-ba5d-0ae21a058733:192.168.151.121:40452, 346a7764-760d-427e-9530-0e15c9e08242:192.168.151.121:44304], old=null, confs=<EMPTY_MAP>
2019-09-24 02:34:11,558 [pool-37-thread-1] INFO  server.RaftServerConfigKeys (ConfUtils.java:logGet(43)) - raft.server.sleep.deviation.threshold = 300 (default)
2019-09-24 02:34:11,558 [pool-37-thread-1] INFO  server.RaftServerConfigKeys (ConfUtils.java:logGet(43)) - raft.server.log.appender.install.snapshot.enabled = false (custom)
2019-09-24 02:34:11,558 [pool-27-thread-1] INFO  server.RaftServerConfigKeys (ConfUtils.java:logGet(43)) - raft.server.storage.dir = [/workdir/hadoop-ozone/integration-test/target/test-dir/MiniOzoneClusterImpl-2d72fd32-3911-4ce5-968d-89f72e8fe093/datanode-0/data/ratis] (custom)
2019-09-24 02:34:11,559 [pool-37-thread-1] INFO  impl.RaftServerImpl (ServerState.java:<init>(103)) - 29bfa3d0-4cee-44d0-ba16-edf4c6f09a6d@group-A598BE63B3C0: ConfigurationManager, init=-1: [29bfa3d0-4cee-44d0-ba16-edf4c6f09a6d:192.168.151.121:40327, afb36831-8adc-4a3c-ba5d-0ae21a058733:192.168.151.121:40452, 346a7764-760d-427e-9530-0e15c9e08242:192.168.151.121:44304], old=null, confs=<EMPTY_MAP>
2019-09-24 02:34:11,559 [pool-37-thread-1] INFO  server.RaftServerConfigKeys (ConfUtils.java:logGet(43)) - raft.server.storage.dir = [/workdir/hadoop-ozone/integration-test/target/test-dir/MiniOzoneClusterImpl-2d72fd32-3911-4ce5-968d-89f72e8fe093/datanode-1/data/ratis] (custom)
2019-09-24 02:34:11,559 [pool-27-thread-1] INFO  storage.RaftStorageDirectory (RaftStorageDirectory.java:analyzeStorage(246)) - The storage directory /workdir/hadoop-ozone/integration-test/target/test-dir/MiniOzoneClusterImpl-2d72fd32-3911-4ce5-968d-89f72e8fe093/datanode-0/data/ratis/7712695e-d0c8-47dc-82b7-a598be63b3c0 does not exist. Creating ...
2019-09-24 02:34:11,559 [pool-37-thread-1] INFO  storage.RaftStorageDirectory (RaftStorageDirectory.java:analyzeStorage(246)) - The storage directory /workdir/hadoop-ozone/integration-test/target/test-dir/MiniOzoneClusterImpl-2d72fd32-3911-4ce5-968d-89f72e8fe093/datanode-1/data/ratis/7712695e-d0c8-47dc-82b7-a598be63b3c0 does not exist. Creating ...
2019-09-24 02:34:11,570 [pool-47-thread-1] INFO  storage.RaftStorageDirectory (RaftStorageDirectory.java:tryLock(328)) - Lock on /workdir/hadoop-ozone/integration-test/target/test-dir/MiniOzoneClusterImpl-2d72fd32-3911-4ce5-968d-89f72e8fe093/datanode-2/data/ratis/7712695e-d0c8-47dc-82b7-a598be63b3c0/in_use.lock acquired by nodename 13415@pr-hdds-2162-tjkd5-3209850126
2019-09-24 02:34:11,570 [pool-37-thread-1] INFO  storage.RaftStorageDirectory (RaftStorageDirectory.java:tryLock(328)) - Lock on /workdir/hadoop-ozone/integration-test/target/test-dir/MiniOzoneClusterImpl-2d72fd32-3911-4ce5-968d-89f72e8fe093/datanode-1/data/ratis/7712695e-d0c8-47dc-82b7-a598be63b3c0/in_use.lock acquired by nodename 13415@pr-hdds-2162-tjkd5-3209850126
2019-09-24 02:34:11,570 [pool-27-thread-1] INFO  storage.RaftStorageDirectory (RaftStorageDirectory.java:tryLock(328)) - Lock on /workdir/hadoop-ozone/integration-test/target/test-dir/MiniOzoneClusterImpl-2d72fd32-3911-4ce5-968d-89f72e8fe093/datanode-0/data/ratis/7712695e-d0c8-47dc-82b7-a598be63b3c0/in_use.lock acquired by nodename 13415@pr-hdds-2162-tjkd5-3209850126
2019-09-24 02:34:11,597 [pool-37-thread-1] INFO  storage.RaftStorage (RaftStorage.java:format(72)) - Storage directory /workdir/hadoop-ozone/integration-test/target/test-dir/MiniOzoneClusterImpl-2d72fd32-3911-4ce5-968d-89f72e8fe093/datanode-1/data/ratis/7712695e-d0c8-47dc-82b7-a598be63b3c0 has been successfully formatted.
2019-09-24 02:34:11,597 [pool-27-thread-1] INFO  storage.RaftStorage (RaftStorage.java:format(72)) - Storage directory /workdir/hadoop-ozone/integration-test/target/test-dir/MiniOzoneClusterImpl-2d72fd32-3911-4ce5-968d-89f72e8fe093/datanode-0/data/ratis/7712695e-d0c8-47dc-82b7-a598be63b3c0 has been successfully formatted.
2019-09-24 02:34:11,597 [pool-47-thread-1] INFO  storage.RaftStorage (RaftStorage.java:format(72)) - Storage directory /workdir/hadoop-ozone/integration-test/target/test-dir/MiniOzoneClusterImpl-2d72fd32-3911-4ce5-968d-89f72e8fe093/datanode-2/data/ratis/7712695e-d0c8-47dc-82b7-a598be63b3c0 has been successfully formatted.
2019-09-24 02:34:11,598 [pool-27-thread-1] INFO  ratis.ContainerStateMachine (ContainerStateMachine.java:loadSnapshot(230)) - group-A598BE63B3C0: The snapshot info is null. Setting the last applied indexto:(t:0, i:~)
2019-09-24 02:34:11,597 [pool-37-thread-1] INFO  ratis.ContainerStateMachine (ContainerStateMachine.java:loadSnapshot(230)) - group-A598BE63B3C0: The snapshot info is null. Setting the last applied indexto:(t:0, i:~)
2019-09-24 02:34:11,598 [pool-47-thread-1] INFO  ratis.ContainerStateMachine (ContainerStateMachine.java:loadSnapshot(230)) - group-A598BE63B3C0: The snapshot info is null. Setting the last applied indexto:(t:0, i:~)
2019-09-24 02:34:11,598 [pool-27-thread-1] INFO  server.RaftServerConfigKeys (ConfUtils.java:logGet(43)) - raft.server.notification.no-leader.timeout = 120s (custom)
2019-09-24 02:34:11,598 [pool-47-thread-1] INFO  server.RaftServerConfigKeys (ConfUtils.java:logGet(43)) - raft.server.notification.no-leader.timeout = 120s (custom)
2019-09-24 02:34:11,598 [pool-37-thread-1] INFO  server.RaftServerConfigKeys (ConfUtils.java:logGet(43)) - raft.server.notification.no-leader.timeout = 120s (custom)
2019-09-24 02:34:11,598 [pool-47-thread-1] INFO  server.RaftServerConfigKeys (ConfUtils.java:logGet(43)) - raft.server.log.use.memory = false (default)
2019-09-24 02:34:11,598 [pool-27-thread-1] INFO  server.RaftServerConfigKeys (ConfUtils.java:logGet(43)) - raft.server.log.use.memory = false (default)
2019-09-24 02:34:11,599 [pool-47-thread-1] INFO  server.RaftServerConfigKeys (ConfUtils.java:logGet(43)) - raft.server.log.purge.gap = 1000000 (custom)
2019-09-24 02:34:11,599 [pool-37-thread-1] INFO  server.RaftServerConfigKeys (ConfUtils.java:logGet(43)) - raft.server.log.use.memory = false (default)
2019-09-24 02:34:11,599 [pool-47-thread-1] INFO  server.RaftServerConfigKeys (ConfUtils.java:logGet(43)) - raft.server.log.appender.buffer.byte-limit = 33554432 (custom)
2019-09-24 02:34:11,599 [pool-27-thread-1] INFO  server.RaftServerConfigKeys (ConfUtils.java:logGet(43)) - raft.server.log.purge.gap = 1000000 (custom)
2019-09-24 02:34:11,600 [pool-47-thread-1] INFO  server.RaftServerConfigKeys (ConfUtils.java:logGet(43)) - raft.server.log.segment.size.max = 1048576 (custom)
2019-09-24 02:34:11,599 [pool-37-thread-1] INFO  server.RaftServerConfigKeys (ConfUtils.java:logGet(43)) - raft.server.log.purge.gap = 1000000 (custom)
2019-09-24 02:34:11,600 [pool-47-thread-1] INFO  server.RaftServerConfigKeys (ConfUtils.java:logGet(43)) - raft.server.log.segment.cache.num.max = 2 (custom)
2019-09-24 02:34:11,600 [pool-27-thread-1] INFO  server.RaftServerConfigKeys (ConfUtils.java:logGet(43)) - raft.server.log.appender.buffer.byte-limit = 33554432 (custom)
2019-09-24 02:34:11,600 [pool-47-thread-1] INFO  segmented.SegmentedRaftLogWorker (SegmentedRaftLogWorker.java:<init>(172)) - new afb36831-8adc-4a3c-ba5d-0ae21a058733@group-A598BE63B3C0-SegmentedRaftLogWorker for RaftStorage:Storage Directory /workdir/hadoop-ozone/integration-test/target/test-dir/MiniOzoneClusterImpl-2d72fd32-3911-4ce5-968d-89f72e8fe093/datanode-2/data/ratis/7712695e-d0c8-47dc-82b7-a598be63b3c0
2019-09-24 02:34:11,600 [pool-37-thread-1] INFO  server.RaftServerConfigKeys (ConfUtils.java:logGet(43)) - raft.server.log.appender.buffer.byte-limit = 33554432 (custom)
2019-09-24 02:34:11,601 [pool-47-thread-1] INFO  server.RaftServerConfigKeys (ConfUtils.java:logGet(43)) - raft.server.log.queue.byte-limit = 2147483647 (custom)
2019-09-24 02:34:11,600 [pool-27-thread-1] INFO  server.RaftServerConfigKeys (ConfUtils.java:logGet(43)) - raft.server.log.segment.size.max = 1048576 (custom)
2019-09-24 02:34:11,601 [pool-47-thread-1] INFO  server.RaftServerConfigKeys (ConfUtils.java:logGet(43)) - raft.server.log.queue.element-limit = 1024 (custom)
2019-09-24 02:34:11,601 [pool-37-thread-1] INFO  server.RaftServerConfigKeys (ConfUtils.java:logGet(43)) - raft.server.log.segment.size.max = 1048576 (custom)
2019-09-24 02:34:11,602 [pool-47-thread-1] INFO  server.RaftServerConfigKeys (ConfUtils.java:logGet(43)) - raft.server.log.segment.size.max = 1048576 (custom)
2019-09-24 02:34:11,601 [pool-27-thread-1] INFO  server.RaftServerConfigKeys (ConfUtils.java:logGet(43)) - raft.server.log.segment.cache.num.max = 2 (custom)
2019-09-24 02:34:11,602 [pool-47-thread-1] INFO  server.RaftServerConfigKeys (ConfUtils.java:logGet(43)) - raft.server.log.preallocated.size = 16384 (custom)
2019-09-24 02:34:11,602 [pool-37-thread-1] INFO  server.RaftServerConfigKeys (ConfUtils.java:logGet(43)) - raft.server.log.segment.cache.num.max = 2 (custom)
2019-09-24 02:34:11,602 [pool-47-thread-1] INFO  server.RaftServerConfigKeys (ConfUtils.java:logGet(43)) - raft.server.log.write.buffer.size = 33554432 (custom)
2019-09-24 02:34:11,602 [pool-27-thread-1] INFO  segmented.SegmentedRaftLogWorker (SegmentedRaftLogWorker.java:<init>(172)) - new 346a7764-760d-427e-9530-0e15c9e08242@group-A598BE63B3C0-SegmentedRaftLogWorker for RaftStorage:Storage Directory /workdir/hadoop-ozone/integration-test/target/test-dir/MiniOzoneClusterImpl-2d72fd32-3911-4ce5-968d-89f72e8fe093/datanode-0/data/ratis/7712695e-d0c8-47dc-82b7-a598be63b3c0
2019-09-24 02:34:11,603 [pool-47-thread-1] INFO  server.RaftServerConfigKeys (ConfUtils.java:logGet(43)) - raft.server.log.force.sync.num = 128 (default)
2019-09-24 02:34:11,602 [pool-37-thread-1] INFO  segmented.SegmentedRaftLogWorker (SegmentedRaftLogWorker.java:<init>(172)) - new 29bfa3d0-4cee-44d0-ba16-edf4c6f09a6d@group-A598BE63B3C0-SegmentedRaftLogWorker for RaftStorage:Storage Directory /workdir/hadoop-ozone/integration-test/target/test-dir/MiniOzoneClusterImpl-2d72fd32-3911-4ce5-968d-89f72e8fe093/datanode-1/data/ratis/7712695e-d0c8-47dc-82b7-a598be63b3c0
2019-09-24 02:34:11,603 [pool-47-thread-1] INFO  server.RaftServerConfigKeys (ConfUtils.java:logGet(43)) - raft.server.log.statemachine.data.sync = true (default)
2019-09-24 02:34:11,603 [pool-27-thread-1] INFO  server.RaftServerConfigKeys (ConfUtils.java:logGet(43)) - raft.server.log.queue.byte-limit = 2147483647 (custom)
2019-09-24 02:34:11,603 [pool-47-thread-1] INFO  server.RaftServerConfigKeys (ConfUtils.java:logGet(43)) - raft.server.log.statemachine.data.sync.timeout = 10s (default)
2019-09-24 02:34:11,603 [pool-37-thread-1] INFO  server.RaftServerConfigKeys (ConfUtils.java:logGet(43)) - raft.server.log.queue.byte-limit = 2147483647 (custom)
2019-09-24 02:34:11,604 [pool-47-thread-1] INFO  server.RaftServerConfigKeys (ConfUtils.java:logGet(43)) - raft.server.log.statemachine.data.sync.timeout.retry = -1 (default)
2019-09-24 02:34:11,603 [pool-27-thread-1] INFO  server.RaftServerConfigKeys (ConfUtils.java:logGet(43)) - raft.server.log.queue.element-limit = 1024 (custom)
2019-09-24 02:34:11,604 [pool-37-thread-1] INFO  server.RaftServerConfigKeys (ConfUtils.java:logGet(43)) - raft.server.log.queue.element-limit = 1024 (custom)
2019-09-24 02:34:11,604 [pool-27-thread-1] INFO  server.RaftServerConfigKeys (ConfUtils.java:logGet(43)) - raft.server.log.segment.size.max = 1048576 (custom)
2019-09-24 02:34:11,604 [pool-47-thread-1] INFO  server.RaftServerConfigKeys (ConfUtils.java:logGet(43)) - raft.server.log.statemachine.data.caching.enabled = true (custom)
2019-09-24 02:34:11,604 [pool-27-thread-1] INFO  server.RaftServerConfigKeys (ConfUtils.java:logGet(43)) - raft.server.log.preallocated.size = 16384 (custom)
2019-09-24 02:34:11,604 [pool-37-thread-1] INFO  server.RaftServerConfigKeys (ConfUtils.java:logGet(43)) - raft.server.log.segment.size.max = 1048576 (custom)
2019-09-24 02:34:11,605 [pool-27-thread-1] INFO  server.RaftServerConfigKeys (ConfUtils.java:logGet(43)) - raft.server.log.write.buffer.size = 33554432 (custom)
2019-09-24 02:34:11,605 [pool-47-thread-1] INFO  segmented.SegmentedRaftLogWorker (SegmentedRaftLogWorker.java:lambda$new$0(132)) - afb36831-8adc-4a3c-ba5d-0ae21a058733@group-A598BE63B3C0-SegmentedRaftLogWorker: flushIndex: setUnconditionally 0 -> -1
2019-09-24 02:34:11,605 [pool-37-thread-1] INFO  server.RaftServerConfigKeys (ConfUtils.java:logGet(43)) - raft.server.log.preallocated.size = 16384 (custom)
2019-09-24 02:34:11,605 [pool-27-thread-1] INFO  server.RaftServerConfigKeys (ConfUtils.java:logGet(43)) - raft.server.log.force.sync.num = 128 (default)
2019-09-24 02:34:11,605 [pool-47-thread-1] INFO  server.RaftServerConfigKeys (ConfUtils.java:logGet(43)) - raft.server.snapshot.auto.trigger.enabled = true (custom)
2019-09-24 02:34:11,605 [pool-37-thread-1] INFO  server.RaftServerConfigKeys (ConfUtils.java:logGet(43)) - raft.server.log.write.buffer.size = 33554432 (custom)
2019-09-24 02:34:11,606 [pool-47-thread-1] INFO  server.RaftServerConfigKeys (ConfUtils.java:logGet(43)) - raft.server.snapshot.auto.trigger.threshold = 10000 (custom)
2019-09-24 02:34:11,606 [pool-27-thread-1] INFO  server.RaftServerConfigKeys (ConfUtils.java:logGet(43)) - raft.server.log.statemachine.data.sync = true (default)
2019-09-24 02:34:11,606 [pool-47-thread-1] INFO  server.RaftServerConfigKeys (ConfUtils.java:logGet(43)) - raft.server.snapshot.retention.num.files = 5 (custom)
2019-09-24 02:34:11,606 [pool-37-thread-1] INFO  server.RaftServerConfigKeys (ConfUtils.java:logGet(43)) - raft.server.log.force.sync.num = 128 (default)
2019-09-24 02:34:11,606 [pool-27-thread-1] INFO  server.RaftServerConfigKeys (ConfUtils.java:logGet(43)) - raft.server.log.statemachine.data.sync.timeout = 10s (default)
2019-09-24 02:34:11,607 [pool-47-thread-1] INFO  server.RaftServerConfigKeys (ConfUtils.java:logGet(43)) - raft.server.retrycache.expirytime = 600000ms (custom)
2019-09-24 02:34:11,607 [pool-37-thread-1] INFO  server.RaftServerConfigKeys (ConfUtils.java:logGet(43)) - raft.server.log.statemachine.data.sync = true (default)
2019-09-24 02:34:11,607 [pool-27-thread-1] INFO  server.RaftServerConfigKeys (ConfUtils.java:logGet(43)) - raft.server.log.statemachine.data.sync.timeout.retry = -1 (default)
2019-09-24 02:34:11,607 [pool-37-thread-1] INFO  server.RaftServerConfigKeys (ConfUtils.java:logGet(43)) - raft.server.log.statemachine.data.sync.timeout = 10s (default)
2019-09-24 02:34:11,607 [pool-27-thread-1] INFO  server.RaftServerConfigKeys (ConfUtils.java:logGet(43)) - raft.server.log.statemachine.data.caching.enabled = true (custom)
2019-09-24 02:34:11,607 [pool-37-thread-1] INFO  server.RaftServerConfigKeys (ConfUtils.java:logGet(43)) - raft.server.log.statemachine.data.sync.timeout.retry = -1 (default)
2019-09-24 02:34:11,608 [pool-37-thread-1] INFO  server.RaftServerConfigKeys (ConfUtils.java:logGet(43)) - raft.server.log.statemachine.data.caching.enabled = true (custom)
2019-09-24 02:34:11,608 [pool-27-thread-1] INFO  segmented.SegmentedRaftLogWorker (SegmentedRaftLogWorker.java:lambda$new$0(132)) - 346a7764-760d-427e-9530-0e15c9e08242@group-A598BE63B3C0-SegmentedRaftLogWorker: flushIndex: setUnconditionally 0 -> -1
2019-09-24 02:34:11,608 [pool-37-thread-1] INFO  segmented.SegmentedRaftLogWorker (SegmentedRaftLogWorker.java:lambda$new$0(132)) - 29bfa3d0-4cee-44d0-ba16-edf4c6f09a6d@group-A598BE63B3C0-SegmentedRaftLogWorker: flushIndex: setUnconditionally 0 -> -1
2019-09-24 02:34:11,608 [pool-27-thread-1] INFO  server.RaftServerConfigKeys (ConfUtils.java:logGet(43)) - raft.server.snapshot.auto.trigger.enabled = true (custom)
2019-09-24 02:34:11,608 [pool-37-thread-1] INFO  server.RaftServerConfigKeys (ConfUtils.java:logGet(43)) - raft.server.snapshot.auto.trigger.enabled = true (custom)
2019-09-24 02:34:11,608 [pool-27-thread-1] INFO  server.RaftServerConfigKeys (ConfUtils.java:logGet(43)) - raft.server.snapshot.auto.trigger.threshold = 10000 (custom)
2019-09-24 02:34:11,609 [pool-37-thread-1] INFO  server.RaftServerConfigKeys (ConfUtils.java:logGet(43)) - raft.server.snapshot.auto.trigger.threshold = 10000 (custom)
2019-09-24 02:34:11,609 [pool-27-thread-1] INFO  server.RaftServerConfigKeys (ConfUtils.java:logGet(43)) - raft.server.snapshot.retention.num.files = 5 (custom)
2019-09-24 02:34:11,609 [pool-37-thread-1] INFO  server.RaftServerConfigKeys (ConfUtils.java:logGet(43)) - raft.server.snapshot.retention.num.files = 5 (custom)
2019-09-24 02:34:11,609 [pool-27-thread-1] INFO  server.RaftServerConfigKeys (ConfUtils.java:logGet(43)) - raft.server.retrycache.expirytime = 600000ms (custom)
2019-09-24 02:34:11,609 [pool-37-thread-1] INFO  server.RaftServerConfigKeys (ConfUtils.java:logGet(43)) - raft.server.retrycache.expirytime = 600000ms (custom)
2019-09-24 02:34:11,611 [pool-47-thread-1] INFO  impl.RaftServerImpl (RaftServerImpl.java:start(185)) - afb36831-8adc-4a3c-ba5d-0ae21a058733@group-A598BE63B3C0: start as a follower, conf=-1: [29bfa3d0-4cee-44d0-ba16-edf4c6f09a6d:192.168.151.121:40327, afb36831-8adc-4a3c-ba5d-0ae21a058733:192.168.151.121:40452, 346a7764-760d-427e-9530-0e15c9e08242:192.168.151.121:44304], old=null
2019-09-24 02:34:11,611 [pool-47-thread-1] INFO  impl.RaftServerImpl (RaftServerImpl.java:setRole(174)) - afb36831-8adc-4a3c-ba5d-0ae21a058733@group-A598BE63B3C0: changes role from      null to FOLLOWER at term 0 for startAsFollower
2019-09-24 02:34:11,611 [pool-47-thread-1] INFO  impl.RoleInfo (RoleInfo.java:updateAndGet(143)) - afb36831-8adc-4a3c-ba5d-0ae21a058733: start FollowerState
2019-09-24 02:34:11,612 [pool-47-thread-1] INFO  util.JmxRegister (JmxRegister.java:tryRegister(44)) - Successfully registered JMX Bean with object name Ratis:service=RaftServer,group=group-A598BE63B3C0,id=afb36831-8adc-4a3c-ba5d-0ae21a058733
2019-09-24 02:34:11,612 [pool-27-thread-1] INFO  impl.RaftServerImpl (RaftServerImpl.java:start(185)) - 346a7764-760d-427e-9530-0e15c9e08242@group-A598BE63B3C0: start as a follower, conf=-1: [29bfa3d0-4cee-44d0-ba16-edf4c6f09a6d:192.168.151.121:40327, afb36831-8adc-4a3c-ba5d-0ae21a058733:192.168.151.121:40452, 346a7764-760d-427e-9530-0e15c9e08242:192.168.151.121:44304], old=null
2019-09-24 02:34:11,612 [pool-37-thread-1] INFO  impl.RaftServerImpl (RaftServerImpl.java:start(185)) - 29bfa3d0-4cee-44d0-ba16-edf4c6f09a6d@group-A598BE63B3C0: start as a follower, conf=-1: [29bfa3d0-4cee-44d0-ba16-edf4c6f09a6d:192.168.151.121:40327, afb36831-8adc-4a3c-ba5d-0ae21a058733:192.168.151.121:40452, 346a7764-760d-427e-9530-0e15c9e08242:192.168.151.121:44304], old=null
2019-09-24 02:34:11,612 [pool-27-thread-1] INFO  impl.RaftServerImpl (RaftServerImpl.java:setRole(174)) - 346a7764-760d-427e-9530-0e15c9e08242@group-A598BE63B3C0: changes role from      null to FOLLOWER at term 0 for startAsFollower
2019-09-24 02:34:11,612 [pool-37-thread-1] INFO  impl.RaftServerImpl (RaftServerImpl.java:setRole(174)) - 29bfa3d0-4cee-44d0-ba16-edf4c6f09a6d@group-A598BE63B3C0: changes role from      null to FOLLOWER at term 0 for startAsFollower
2019-09-24 02:34:11,613 [pool-27-thread-1] INFO  impl.RoleInfo (RoleInfo.java:updateAndGet(143)) - 346a7764-760d-427e-9530-0e15c9e08242: start FollowerState
2019-09-24 02:34:11,613 [pool-37-thread-1] INFO  impl.RoleInfo (RoleInfo.java:updateAndGet(143)) - 29bfa3d0-4cee-44d0-ba16-edf4c6f09a6d: start FollowerState
2019-09-24 02:34:11,613 [pool-27-thread-1] INFO  util.JmxRegister (JmxRegister.java:tryRegister(44)) - Successfully registered JMX Bean with object name Ratis:service=RaftServer,group=group-A598BE63B3C0,id=346a7764-760d-427e-9530-0e15c9e08242
2019-09-24 02:34:11,613 [pool-37-thread-1] INFO  util.JmxRegister (JmxRegister.java:tryRegister(44)) - Successfully registered JMX Bean with object name Ratis:service=RaftServer,group=group-A598BE63B3C0,id=29bfa3d0-4cee-44d0-ba16-edf4c6f09a6d
2019-09-24 02:34:11,641 [RatisPipelineUtilsThread] INFO  pipeline.PipelineStateManager (PipelineStateManager.java:addPipeline(56)) - Created pipeline Pipeline[ Id: 7712695e-d0c8-47dc-82b7-a598be63b3c0, Nodes: 346a7764-760d-427e-9530-0e15c9e08242{ip: 192.168.151.121, host: pr-hdds-2162-tjkd5-3209850126, networkLocation: /default-rack, certSerialId: null}afb36831-8adc-4a3c-ba5d-0ae21a058733{ip: 192.168.151.121, host: pr-hdds-2162-tjkd5-3209850126, networkLocation: /default-rack, certSerialId: null}29bfa3d0-4cee-44d0-ba16-edf4c6f09a6d{ip: 192.168.151.121, host: pr-hdds-2162-tjkd5-3209850126, networkLocation: /default-rack, certSerialId: null}, Type:RATIS, Factor:THREE, State:OPEN]
2019-09-24 02:34:12,589 [main] INFO  ipc.Client (Client.java:handleConnectionFailure(948)) - Retrying connect to server: localhost/127.0.0.1:0. Already tried 0 time(s); retry policy is RetryUpToMaximumCountWithFixedSleep(maxRetries=10, sleepTime=1000 MILLISECONDS)
2019-09-24 02:34:12,778 [Thread-238] INFO  container.ReplicationManager (ReplicationManager.java:start(162)) - Starting Replication Monitor Thread.
2019-09-24 02:34:12,782 [ReplicationMonitor] INFO  container.ReplicationManager (ReplicationManager.java:run(225)) - Replication Monitor Thread took 1 milliseconds for processing 0 containers.
2019-09-24 02:34:13,591 [main] INFO  ipc.Client (Client.java:handleConnectionFailure(948)) - Retrying connect to server: localhost/127.0.0.1:0. Already tried 1 time(s); retry policy is RetryUpToMaximumCountWithFixedSleep(maxRetries=10, sleepTime=1000 MILLISECONDS)
2019-09-24 02:34:14,593 [main] INFO  ipc.Client (Client.java:handleConnectionFailure(948)) - Retrying connect to server: localhost/127.0.0.1:0. Already tried 2 time(s); retry policy is RetryUpToMaximumCountWithFixedSleep(maxRetries=10, sleepTime=1000 MILLISECONDS)
2019-09-24 02:34:15,594 [main] INFO  ipc.Client (Client.java:handleConnectionFailure(948)) - Retrying connect to server: localhost/127.0.0.1:0. Already tried 3 time(s); retry policy is RetryUpToMaximumCountWithFixedSleep(maxRetries=10, sleepTime=1000 MILLISECONDS)
2019-09-24 02:34:15,663 [Thread-240] INFO  impl.FollowerState (FollowerState.java:run(106)) - 346a7764-760d-427e-9530-0e15c9e08242:group-2278107E151A changes to CANDIDATE, lastRpcTime:5119, electionTimeout:5118ms
2019-09-24 02:34:15,665 [Thread-240] INFO  impl.RoleInfo (RoleInfo.java:shutdownFollowerState(121)) - 346a7764-760d-427e-9530-0e15c9e08242: shutdown FollowerState
2019-09-24 02:34:15,665 [Thread-240] INFO  impl.RaftServerImpl (RaftServerImpl.java:setRole(174)) - 346a7764-760d-427e-9530-0e15c9e08242@group-2278107E151A: changes role from  FOLLOWER to CANDIDATE at term 0 for changeToCandidate
2019-09-24 02:34:15,673 [Thread-240] INFO  impl.RoleInfo (RoleInfo.java:updateAndGet(143)) - 346a7764-760d-427e-9530-0e15c9e08242: start LeaderElection
2019-09-24 02:34:15,694 [346a7764-760d-427e-9530-0e15c9e08242@group-2278107E151A:LeaderElection1] INFO  impl.LeaderElection (LeaderElection.java:askForVotes(182)) - 346a7764-760d-427e-9530-0e15c9e08242@group-2278107E151A:LeaderElection1: begin an election at term 1 for -1: [346a7764-760d-427e-9530-0e15c9e08242:192.168.151.121:44304], old=null
2019-09-24 02:34:15,696 [346a7764-760d-427e-9530-0e15c9e08242@group-2278107E151A:LeaderElection1] INFO  impl.RoleInfo (RoleInfo.java:shutdownLeaderElection(134)) - 346a7764-760d-427e-9530-0e15c9e08242: shutdown LeaderElection
2019-09-24 02:34:15,697 [346a7764-760d-427e-9530-0e15c9e08242@group-2278107E151A:LeaderElection1] INFO  impl.RaftServerImpl (RaftServerImpl.java:setRole(174)) - 346a7764-760d-427e-9530-0e15c9e08242@group-2278107E151A: changes role from CANDIDATE to LEADER at term 1 for changeToLeader
2019-09-24 02:34:15,697 [346a7764-760d-427e-9530-0e15c9e08242@group-2278107E151A:LeaderElection1] INFO  impl.RaftServerImpl (ServerState.java:setLeader(253)) - 346a7764-760d-427e-9530-0e15c9e08242@group-2278107E151A: change Leader from null to 346a7764-760d-427e-9530-0e15c9e08242 at term 1 for becomeLeader, leader elected after 5268ms
2019-09-24 02:34:15,708 [346a7764-760d-427e-9530-0e15c9e08242@group-2278107E151A:LeaderElection1] INFO  server.RaftServerConfigKeys (ConfUtils.java:logGet(43)) - raft.server.staging.catchup.gap = 1000 (default)
2019-09-24 02:34:15,708 [346a7764-760d-427e-9530-0e15c9e08242@group-2278107E151A:LeaderElection1] INFO  server.RaftServerConfigKeys (ConfUtils.java:logGet(43)) - raft.server.rpc.sleep.time = 25ms (default)
2019-09-24 02:34:15,712 [346a7764-760d-427e-9530-0e15c9e08242@group-2278107E151A:LeaderElection1] INFO  server.RaftServerConfigKeys (ConfUtils.java:logGet(43)) - raft.server.write.element-limit = 4096 (default)
2019-09-24 02:34:15,715 [346a7764-760d-427e-9530-0e15c9e08242@group-2278107E151A:LeaderElection1] INFO  server.RaftServerConfigKeys (ConfUtils.java:logGet(43)) - raft.server.watch.timeout = 10s (default)
2019-09-24 02:34:15,716 [346a7764-760d-427e-9530-0e15c9e08242@group-2278107E151A:LeaderElection1] INFO  server.RaftServerConfigKeys (ConfUtils.java:logGet(43)) - raft.server.watch.timeout.denomination = 1s (default)
2019-09-24 02:34:15,717 [346a7764-760d-427e-9530-0e15c9e08242@group-2278107E151A:LeaderElection1] INFO  server.RaftServerConfigKeys (ConfUtils.java:logGet(43)) - raft.server.watch.element-limit = 65536 (default)
2019-09-24 02:34:15,732 [346a7764-760d-427e-9530-0e15c9e08242@group-2278107E151A:LeaderElection1] INFO  impl.RoleInfo (RoleInfo.java:updateAndGet(143)) - 346a7764-760d-427e-9530-0e15c9e08242: start LeaderState
2019-09-24 02:34:15,761 [346a7764-760d-427e-9530-0e15c9e08242@group-2278107E151A:LeaderElection1] INFO  segmented.SegmentedRaftLogWorker (SegmentedRaftLogWorker.java:startLogSegment(380)) - 346a7764-760d-427e-9530-0e15c9e08242@group-2278107E151A-SegmentedRaftLogWorker: Starting segment from index:0
2019-09-24 02:34:15,771 [346a7764-760d-427e-9530-0e15c9e08242@group-2278107E151A:LeaderElection1] INFO  impl.RaftServerImpl (ServerState.java:setRaftConf(354)) - 346a7764-760d-427e-9530-0e15c9e08242@group-2278107E151A: set configuration 0: [346a7764-760d-427e-9530-0e15c9e08242:192.168.151.121:44304], old=null at 0
2019-09-24 02:34:15,940 [Thread-243] INFO  impl.FollowerState (FollowerState.java:run(106)) - 987dfd3c-d9bb-4fcd-93df-655efe6d0319:group-D695B7D83B66 changes to CANDIDATE, lastRpcTime:5166, electionTimeout:5164ms
2019-09-24 02:34:15,971 [Thread-243] INFO  impl.RoleInfo (RoleInfo.java:shutdownFollowerState(121)) - 987dfd3c-d9bb-4fcd-93df-655efe6d0319: shutdown FollowerState
2019-09-24 02:34:15,971 [Thread-243] INFO  impl.RaftServerImpl (RaftServerImpl.java:setRole(174)) - 987dfd3c-d9bb-4fcd-93df-655efe6d0319@group-D695B7D83B66: changes role from  FOLLOWER to CANDIDATE at term 0 for changeToCandidate
2019-09-24 02:34:15,971 [Thread-243] INFO  impl.RoleInfo (RoleInfo.java:updateAndGet(143)) - 987dfd3c-d9bb-4fcd-93df-655efe6d0319: start LeaderElection
2019-09-24 02:34:15,990 [346a7764-760d-427e-9530-0e15c9e08242@group-2278107E151A-SegmentedRaftLogWorker] INFO  segmented.SegmentedRaftLogWorker (SegmentedRaftLogWorker.java:execute(569)) - 346a7764-760d-427e-9530-0e15c9e08242@group-2278107E151A-SegmentedRaftLogWorker: created new log segment /workdir/hadoop-ozone/integration-test/target/test-dir/MiniOzoneClusterImpl-2d72fd32-3911-4ce5-968d-89f72e8fe093/datanode-0/data/ratis/f69bace8-4629-4305-ad09-2278107e151a/current/log_inprogress_0
2019-09-24 02:34:15,990 [987dfd3c-d9bb-4fcd-93df-655efe6d0319@group-D695B7D83B66:LeaderElection2] INFO  impl.LeaderElection (LeaderElection.java:askForVotes(182)) - 987dfd3c-d9bb-4fcd-93df-655efe6d0319@group-D695B7D83B66:LeaderElection2: begin an election at term 1 for -1: [987dfd3c-d9bb-4fcd-93df-655efe6d0319:192.168.151.121:45327], old=null
2019-09-24 02:34:15,990 [987dfd3c-d9bb-4fcd-93df-655efe6d0319@group-D695B7D83B66:LeaderElection2] INFO  impl.RoleInfo (RoleInfo.java:shutdownLeaderElection(134)) - 987dfd3c-d9bb-4fcd-93df-655efe6d0319: shutdown LeaderElection
2019-09-24 02:34:15,990 [987dfd3c-d9bb-4fcd-93df-655efe6d0319@group-D695B7D83B66:LeaderElection2] INFO  impl.RaftServerImpl (RaftServerImpl.java:setRole(174)) - 987dfd3c-d9bb-4fcd-93df-655efe6d0319@group-D695B7D83B66: changes role from CANDIDATE to LEADER at term 1 for changeToLeader
2019-09-24 02:34:15,990 [987dfd3c-d9bb-4fcd-93df-655efe6d0319@group-D695B7D83B66:LeaderElection2] INFO  impl.RaftServerImpl (ServerState.java:setLeader(253)) - 987dfd3c-d9bb-4fcd-93df-655efe6d0319@group-D695B7D83B66: change Leader from null to 987dfd3c-d9bb-4fcd-93df-655efe6d0319 at term 1 for becomeLeader, leader elected after 5232ms
2019-09-24 02:34:15,993 [987dfd3c-d9bb-4fcd-93df-655efe6d0319@group-D695B7D83B66:LeaderElection2] INFO  server.RaftServerConfigKeys (ConfUtils.java:logGet(43)) - raft.server.staging.catchup.gap = 1000 (default)
2019-09-24 02:34:15,993 [987dfd3c-d9bb-4fcd-93df-655efe6d0319@group-D695B7D83B66:LeaderElection2] INFO  server.RaftServerConfigKeys (ConfUtils.java:logGet(43)) - raft.server.rpc.sleep.time = 25ms (default)
2019-09-24 02:34:15,994 [987dfd3c-d9bb-4fcd-93df-655efe6d0319@group-D695B7D83B66:LeaderElection2] INFO  server.RaftServerConfigKeys (ConfUtils.java:logGet(43)) - raft.server.write.element-limit = 4096 (default)
2019-09-24 02:34:15,994 [987dfd3c-d9bb-4fcd-93df-655efe6d0319@group-D695B7D83B66:LeaderElection2] INFO  server.RaftServerConfigKeys (ConfUtils.java:logGet(43)) - raft.server.watch.timeout = 10s (default)
2019-09-24 02:34:15,994 [987dfd3c-d9bb-4fcd-93df-655efe6d0319@group-D695B7D83B66:LeaderElection2] INFO  server.RaftServerConfigKeys (ConfUtils.java:logGet(43)) - raft.server.watch.timeout.denomination = 1s (default)
2019-09-24 02:34:15,994 [987dfd3c-d9bb-4fcd-93df-655efe6d0319@group-D695B7D83B66:LeaderElection2] INFO  server.RaftServerConfigKeys (ConfUtils.java:logGet(43)) - raft.server.watch.element-limit = 65536 (default)
2019-09-24 02:34:15,998 [987dfd3c-d9bb-4fcd-93df-655efe6d0319@group-D695B7D83B66:LeaderElection2] INFO  impl.RoleInfo (RoleInfo.java:updateAndGet(143)) - 987dfd3c-d9bb-4fcd-93df-655efe6d0319: start LeaderState
2019-09-24 02:34:15,998 [987dfd3c-d9bb-4fcd-93df-655efe6d0319@group-D695B7D83B66:LeaderElection2] INFO  segmented.SegmentedRaftLogWorker (SegmentedRaftLogWorker.java:startLogSegment(380)) - 987dfd3c-d9bb-4fcd-93df-655efe6d0319@group-D695B7D83B66-SegmentedRaftLogWorker: Starting segment from index:0
2019-09-24 02:34:15,999 [987dfd3c-d9bb-4fcd-93df-655efe6d0319@group-D695B7D83B66:LeaderElection2] INFO  impl.RaftServerImpl (ServerState.java:setRaftConf(354)) - 987dfd3c-d9bb-4fcd-93df-655efe6d0319@group-D695B7D83B66: set configuration 0: [987dfd3c-d9bb-4fcd-93df-655efe6d0319:192.168.151.121:45327], old=null at 0
2019-09-24 02:34:16,041 [Thread-246] INFO  impl.FollowerState (FollowerState.java:run(106)) - 69793d86-5a36-4e22-9f21-7b43ee9abdb5:group-98ED64576454 changes to CANDIDATE, lastRpcTime:5093, electionTimeout:5060ms
2019-09-24 02:34:16,043 [Thread-246] INFO  impl.RoleInfo (RoleInfo.java:shutdownFollowerState(121)) - 69793d86-5a36-4e22-9f21-7b43ee9abdb5: shutdown FollowerState
2019-09-24 02:34:16,043 [Thread-246] INFO  impl.RaftServerImpl (RaftServerImpl.java:setRole(174)) - 69793d86-5a36-4e22-9f21-7b43ee9abdb5@group-98ED64576454: changes role from  FOLLOWER to CANDIDATE at term 0 for changeToCandidate
2019-09-24 02:34:16,044 [Thread-246] INFO  impl.RoleInfo (RoleInfo.java:updateAndGet(143)) - 69793d86-5a36-4e22-9f21-7b43ee9abdb5: start LeaderElection
2019-09-24 02:34:16,055 [987dfd3c-d9bb-4fcd-93df-655efe6d0319@group-D695B7D83B66-SegmentedRaftLogWorker] INFO  segmented.SegmentedRaftLogWorker (SegmentedRaftLogWorker.java:execute(569)) - 987dfd3c-d9bb-4fcd-93df-655efe6d0319@group-D695B7D83B66-SegmentedRaftLogWorker: created new log segment /workdir/hadoop-ozone/integration-test/target/test-dir/MiniOzoneClusterImpl-2d72fd32-3911-4ce5-968d-89f72e8fe093/datanode-3/data/ratis/8cef0411-ddd0-4a53-ac50-d695b7d83b66/current/log_inprogress_0
2019-09-24 02:34:16,055 [69793d86-5a36-4e22-9f21-7b43ee9abdb5@group-98ED64576454:LeaderElection3] INFO  impl.LeaderElection (LeaderElection.java:askForVotes(182)) - 69793d86-5a36-4e22-9f21-7b43ee9abdb5@group-98ED64576454:LeaderElection3: begin an election at term 1 for -1: [69793d86-5a36-4e22-9f21-7b43ee9abdb5:192.168.151.121:34516], old=null
2019-09-24 02:34:16,057 [69793d86-5a36-4e22-9f21-7b43ee9abdb5@group-98ED64576454:LeaderElection3] INFO  impl.RoleInfo (RoleInfo.java:shutdownLeaderElection(134)) - 69793d86-5a36-4e22-9f21-7b43ee9abdb5: shutdown LeaderElection
2019-09-24 02:34:16,057 [69793d86-5a36-4e22-9f21-7b43ee9abdb5@group-98ED64576454:LeaderElection3] INFO  impl.RaftServerImpl (RaftServerImpl.java:setRole(174)) - 69793d86-5a36-4e22-9f21-7b43ee9abdb5@group-98ED64576454: changes role from CANDIDATE to LEADER at term 1 for changeToLeader
2019-09-24 02:34:16,057 [69793d86-5a36-4e22-9f21-7b43ee9abdb5@group-98ED64576454:LeaderElection3] INFO  impl.RaftServerImpl (ServerState.java:setLeader(253)) - 69793d86-5a36-4e22-9f21-7b43ee9abdb5@group-98ED64576454: change Leader from null to 69793d86-5a36-4e22-9f21-7b43ee9abdb5 at term 1 for becomeLeader, leader elected after 5167ms
2019-09-24 02:34:16,059 [69793d86-5a36-4e22-9f21-7b43ee9abdb5@group-98ED64576454:LeaderElection3] INFO  server.RaftServerConfigKeys (ConfUtils.java:logGet(43)) - raft.server.staging.catchup.gap = 1000 (default)
2019-09-24 02:34:16,060 [69793d86-5a36-4e22-9f21-7b43ee9abdb5@group-98ED64576454:LeaderElection3] INFO  server.RaftServerConfigKeys (ConfUtils.java:logGet(43)) - raft.server.rpc.sleep.time = 25ms (default)
2019-09-24 02:34:16,060 [69793d86-5a36-4e22-9f21-7b43ee9abdb5@group-98ED64576454:LeaderElection3] INFO  server.RaftServerConfigKeys (ConfUtils.java:logGet(43)) - raft.server.write.element-limit = 4096 (default)
2019-09-24 02:34:16,060 [69793d86-5a36-4e22-9f21-7b43ee9abdb5@group-98ED64576454:LeaderElection3] INFO  server.RaftServerConfigKeys (ConfUtils.java:logGet(43)) - raft.server.watch.timeout = 10s (default)
2019-09-24 02:34:16,060 [69793d86-5a36-4e22-9f21-7b43ee9abdb5@group-98ED64576454:LeaderElection3] INFO  server.RaftServerConfigKeys (ConfUtils.java:logGet(43)) - raft.server.watch.timeout.denomination = 1s (default)
2019-09-24 02:34:16,060 [69793d86-5a36-4e22-9f21-7b43ee9abdb5@group-98ED64576454:LeaderElection3] INFO  server.RaftServerConfigKeys (ConfUtils.java:logGet(43)) - raft.server.watch.element-limit = 65536 (default)
2019-09-24 02:34:16,064 [69793d86-5a36-4e22-9f21-7b43ee9abdb5@group-98ED64576454:LeaderElection3] INFO  impl.RoleInfo (RoleInfo.java:updateAndGet(143)) - 69793d86-5a36-4e22-9f21-7b43ee9abdb5: start LeaderState
2019-09-24 02:34:16,064 [69793d86-5a36-4e22-9f21-7b43ee9abdb5@group-98ED64576454:LeaderElection3] INFO  segmented.SegmentedRaftLogWorker (SegmentedRaftLogWorker.java:startLogSegment(380)) - 69793d86-5a36-4e22-9f21-7b43ee9abdb5@group-98ED64576454-SegmentedRaftLogWorker: Starting segment from index:0
2019-09-24 02:34:16,065 [69793d86-5a36-4e22-9f21-7b43ee9abdb5@group-98ED64576454:LeaderElection3] INFO  impl.RaftServerImpl (ServerState.java:setRaftConf(354)) - 69793d86-5a36-4e22-9f21-7b43ee9abdb5@group-98ED64576454: set configuration 0: [69793d86-5a36-4e22-9f21-7b43ee9abdb5:192.168.151.121:34516], old=null at 0
2019-09-24 02:34:16,118 [69793d86-5a36-4e22-9f21-7b43ee9abdb5@group-98ED64576454-SegmentedRaftLogWorker] INFO  segmented.SegmentedRaftLogWorker (SegmentedRaftLogWorker.java:execute(569)) - 69793d86-5a36-4e22-9f21-7b43ee9abdb5@group-98ED64576454-SegmentedRaftLogWorker: created new log segment /workdir/hadoop-ozone/integration-test/target/test-dir/MiniOzoneClusterImpl-2d72fd32-3911-4ce5-968d-89f72e8fe093/datanode-4/data/ratis/2c48a4de-cba9-4b66-95c6-98ed64576454/current/log_inprogress_0
2019-09-24 02:34:16,192 [Thread-249] INFO  impl.FollowerState (FollowerState.java:run(106)) - 08608e50-e548-4444-8f0d-400a00608d0c:group-3F1A9BF26661 changes to CANDIDATE, lastRpcTime:5143, electionTimeout:5143ms
2019-09-24 02:34:16,192 [Thread-249] INFO  impl.RoleInfo (RoleInfo.java:shutdownFollowerState(121)) - 08608e50-e548-4444-8f0d-400a00608d0c: shutdown FollowerState
2019-09-24 02:34:16,192 [Thread-249] INFO  impl.RaftServerImpl (RaftServerImpl.java:setRole(174)) - 08608e50-e548-4444-8f0d-400a00608d0c@group-3F1A9BF26661: changes role from  FOLLOWER to CANDIDATE at term 0 for changeToCandidate
2019-09-24 02:34:16,193 [Thread-249] INFO  impl.RoleInfo (RoleInfo.java:updateAndGet(143)) - 08608e50-e548-4444-8f0d-400a00608d0c: start LeaderElection
2019-09-24 02:34:16,213 [08608e50-e548-4444-8f0d-400a00608d0c@group-3F1A9BF26661:LeaderElection4] INFO  impl.LeaderElection (LeaderElection.java:askForVotes(182)) - 08608e50-e548-4444-8f0d-400a00608d0c@group-3F1A9BF26661:LeaderElection4: begin an election at term 1 for -1: [08608e50-e548-4444-8f0d-400a00608d0c:192.168.151.121:43534], old=null
2019-09-24 02:34:16,213 [08608e50-e548-4444-8f0d-400a00608d0c@group-3F1A9BF26661:LeaderElection4] INFO  impl.RoleInfo (RoleInfo.java:shutdownLeaderElection(134)) - 08608e50-e548-4444-8f0d-400a00608d0c: shutdown LeaderElection
2019-09-24 02:34:16,213 [08608e50-e548-4444-8f0d-400a00608d0c@group-3F1A9BF26661:LeaderElection4] INFO  impl.RaftServerImpl (RaftServerImpl.java:setRole(174)) - 08608e50-e548-4444-8f0d-400a00608d0c@group-3F1A9BF26661: changes role from CANDIDATE to LEADER at term 1 for changeToLeader
2019-09-24 02:34:16,213 [08608e50-e548-4444-8f0d-400a00608d0c@group-3F1A9BF26661:LeaderElection4] INFO  impl.RaftServerImpl (ServerState.java:setLeader(253)) - 08608e50-e548-4444-8f0d-400a00608d0c@group-3F1A9BF26661: change Leader from null to 08608e50-e548-4444-8f0d-400a00608d0c at term 1 for becomeLeader, leader elected after 5183ms
2019-09-24 02:34:16,215 [08608e50-e548-4444-8f0d-400a00608d0c@group-3F1A9BF26661:LeaderElection4] INFO  server.RaftServerConfigKeys (ConfUtils.java:logGet(43)) - raft.server.staging.catchup.gap = 1000 (default)
2019-09-24 02:34:16,216 [08608e50-e548-4444-8f0d-400a00608d0c@group-3F1A9BF26661:LeaderElection4] INFO  server.RaftServerConfigKeys (ConfUtils.java:logGet(43)) - raft.server.rpc.sleep.time = 25ms (default)
2019-09-24 02:34:16,216 [08608e50-e548-4444-8f0d-400a00608d0c@group-3F1A9BF26661:LeaderElection4] INFO  server.RaftServerConfigKeys (ConfUtils.java:logGet(43)) - raft.server.write.element-limit = 4096 (default)
2019-09-24 02:34:16,216 [08608e50-e548-4444-8f0d-400a00608d0c@group-3F1A9BF26661:LeaderElection4] INFO  server.RaftServerConfigKeys (ConfUtils.java:logGet(43)) - raft.server.watch.timeout = 10s (default)
2019-09-24 02:34:16,216 [08608e50-e548-4444-8f0d-400a00608d0c@group-3F1A9BF26661:LeaderElection4] INFO  server.RaftServerConfigKeys (ConfUtils.java:logGet(43)) - raft.server.watch.timeout.denomination = 1s (default)
2019-09-24 02:34:16,217 [08608e50-e548-4444-8f0d-400a00608d0c@group-3F1A9BF26661:LeaderElection4] INFO  server.RaftServerConfigKeys (ConfUtils.java:logGet(43)) - raft.server.watch.element-limit = 65536 (default)
2019-09-24 02:34:16,220 [08608e50-e548-4444-8f0d-400a00608d0c@group-3F1A9BF26661:LeaderElection4] INFO  impl.RoleInfo (RoleInfo.java:updateAndGet(143)) - 08608e50-e548-4444-8f0d-400a00608d0c: start LeaderState
2019-09-24 02:34:16,220 [08608e50-e548-4444-8f0d-400a00608d0c@group-3F1A9BF26661:LeaderElection4] INFO  segmented.SegmentedRaftLogWorker (SegmentedRaftLogWorker.java:startLogSegment(380)) - 08608e50-e548-4444-8f0d-400a00608d0c@group-3F1A9BF26661-SegmentedRaftLogWorker: Starting segment from index:0
2019-09-24 02:34:16,221 [08608e50-e548-4444-8f0d-400a00608d0c@group-3F1A9BF26661:LeaderElection4] INFO  impl.RaftServerImpl (ServerState.java:setRaftConf(354)) - 08608e50-e548-4444-8f0d-400a00608d0c@group-3F1A9BF26661: set configuration 0: [08608e50-e548-4444-8f0d-400a00608d0c:192.168.151.121:43534], old=null at 0
2019-09-24 02:34:16,267 [Thread-252] INFO  impl.FollowerState (FollowerState.java:run(106)) - afb36831-8adc-4a3c-ba5d-0ae21a058733:group-FF144BC4E420 changes to CANDIDATE, lastRpcTime:5131, electionTimeout:5131ms
2019-09-24 02:34:16,267 [Thread-252] INFO  impl.RoleInfo (RoleInfo.java:shutdownFollowerState(121)) - afb36831-8adc-4a3c-ba5d-0ae21a058733: shutdown FollowerState
2019-09-24 02:34:16,267 [Thread-252] INFO  impl.RaftServerImpl (RaftServerImpl.java:setRole(174)) - afb36831-8adc-4a3c-ba5d-0ae21a058733@group-FF144BC4E420: changes role from  FOLLOWER to CANDIDATE at term 0 for changeToCandidate
2019-09-24 02:34:16,267 [Thread-252] INFO  impl.RoleInfo (RoleInfo.java:updateAndGet(143)) - afb36831-8adc-4a3c-ba5d-0ae21a058733: start LeaderElection
2019-09-24 02:34:16,271 [08608e50-e548-4444-8f0d-400a00608d0c@group-3F1A9BF26661-SegmentedRaftLogWorker] INFO  segmented.SegmentedRaftLogWorker (SegmentedRaftLogWorker.java:execute(569)) - 08608e50-e548-4444-8f0d-400a00608d0c@group-3F1A9BF26661-SegmentedRaftLogWorker: created new log segment /workdir/hadoop-ozone/integration-test/target/test-dir/MiniOzoneClusterImpl-2d72fd32-3911-4ce5-968d-89f72e8fe093/datanode-5/data/ratis/e3ad4137-a245-4bb4-9163-3f1a9bf26661/current/log_inprogress_0
2019-09-24 02:34:16,284 [afb36831-8adc-4a3c-ba5d-0ae21a058733@group-FF144BC4E420:LeaderElection5] INFO  impl.LeaderElection (LeaderElection.java:askForVotes(182)) - afb36831-8adc-4a3c-ba5d-0ae21a058733@group-FF144BC4E420:LeaderElection5: begin an election at term 1 for -1: [afb36831-8adc-4a3c-ba5d-0ae21a058733:192.168.151.121:40452], old=null
2019-09-24 02:34:16,284 [afb36831-8adc-4a3c-ba5d-0ae21a058733@group-FF144BC4E420:LeaderElection5] INFO  impl.RoleInfo (RoleInfo.java:shutdownLeaderElection(134)) - afb36831-8adc-4a3c-ba5d-0ae21a058733: shutdown LeaderElection
2019-09-24 02:34:16,284 [afb36831-8adc-4a3c-ba5d-0ae21a058733@group-FF144BC4E420:LeaderElection5] INFO  impl.RaftServerImpl (RaftServerImpl.java:setRole(174)) - afb36831-8adc-4a3c-ba5d-0ae21a058733@group-FF144BC4E420: changes role from CANDIDATE to LEADER at term 1 for changeToLeader
2019-09-24 02:34:16,284 [afb36831-8adc-4a3c-ba5d-0ae21a058733@group-FF144BC4E420:LeaderElection5] INFO  impl.RaftServerImpl (ServerState.java:setLeader(253)) - afb36831-8adc-4a3c-ba5d-0ae21a058733@group-FF144BC4E420: change Leader from null to afb36831-8adc-4a3c-ba5d-0ae21a058733 at term 1 for becomeLeader, leader elected after 5163ms
2019-09-24 02:34:16,286 [afb36831-8adc-4a3c-ba5d-0ae21a058733@group-FF144BC4E420:LeaderElection5] INFO  server.RaftServerConfigKeys (ConfUtils.java:logGet(43)) - raft.server.staging.catchup.gap = 1000 (default)
2019-09-24 02:34:16,286 [afb36831-8adc-4a3c-ba5d-0ae21a058733@group-FF144BC4E420:LeaderElection5] INFO  server.RaftServerConfigKeys (ConfUtils.java:logGet(43)) - raft.server.rpc.sleep.time = 25ms (default)
2019-09-24 02:34:16,286 [afb36831-8adc-4a3c-ba5d-0ae21a058733@group-FF144BC4E420:LeaderElection5] INFO  server.RaftServerConfigKeys (ConfUtils.java:logGet(43)) - raft.server.write.element-limit = 4096 (default)
2019-09-24 02:34:16,286 [afb36831-8adc-4a3c-ba5d-0ae21a058733@group-FF144BC4E420:LeaderElection5] INFO  server.RaftServerConfigKeys (ConfUtils.java:logGet(43)) - raft.server.watch.timeout = 10s (default)
2019-09-24 02:34:16,286 [afb36831-8adc-4a3c-ba5d-0ae21a058733@group-FF144BC4E420:LeaderElection5] INFO  server.RaftServerConfigKeys (ConfUtils.java:logGet(43)) - raft.server.watch.timeout.denomination = 1s (default)
2019-09-24 02:34:16,287 [afb36831-8adc-4a3c-ba5d-0ae21a058733@group-FF144BC4E420:LeaderElection5] INFO  server.RaftServerConfigKeys (ConfUtils.java:logGet(43)) - raft.server.watch.element-limit = 65536 (default)
2019-09-24 02:34:16,289 [afb36831-8adc-4a3c-ba5d-0ae21a058733@group-FF144BC4E420:LeaderElection5] INFO  impl.RoleInfo (RoleInfo.java:updateAndGet(143)) - afb36831-8adc-4a3c-ba5d-0ae21a058733: start LeaderState
2019-09-24 02:34:16,289 [afb36831-8adc-4a3c-ba5d-0ae21a058733@group-FF144BC4E420:LeaderElection5] INFO  segmented.SegmentedRaftLogWorker (SegmentedRaftLogWorker.java:startLogSegment(380)) - afb36831-8adc-4a3c-ba5d-0ae21a058733@group-FF144BC4E420-SegmentedRaftLogWorker: Starting segment from index:0
2019-09-24 02:34:16,290 [afb36831-8adc-4a3c-ba5d-0ae21a058733@group-FF144BC4E420:LeaderElection5] INFO  impl.RaftServerImpl (ServerState.java:setRaftConf(354)) - afb36831-8adc-4a3c-ba5d-0ae21a058733@group-FF144BC4E420: set configuration 0: [afb36831-8adc-4a3c-ba5d-0ae21a058733:192.168.151.121:40452], old=null at 0
2019-09-24 02:34:16,342 [Thread-258] INFO  impl.FollowerState (FollowerState.java:run(106)) - 1ae786a5-17dd-436d-b86f-5426250bc58f:group-753648A250C2 changes to CANDIDATE, lastRpcTime:5003, electionTimeout:5003ms
2019-09-24 02:34:16,342 [Thread-258] INFO  impl.RoleInfo (RoleInfo.java:shutdownFollowerState(121)) - 1ae786a5-17dd-436d-b86f-5426250bc58f: shutdown FollowerState
2019-09-24 02:34:16,343 [Thread-258] INFO  impl.RaftServerImpl (RaftServerImpl.java:setRole(174)) - 1ae786a5-17dd-436d-b86f-5426250bc58f@group-753648A250C2: changes role from  FOLLOWER to CANDIDATE at term 0 for changeToCandidate
2019-09-24 02:34:16,343 [Thread-258] INFO  impl.RoleInfo (RoleInfo.java:updateAndGet(143)) - 1ae786a5-17dd-436d-b86f-5426250bc58f: start LeaderElection
2019-09-24 02:34:16,355 [afb36831-8adc-4a3c-ba5d-0ae21a058733@group-FF144BC4E420-SegmentedRaftLogWorker] INFO  segmented.SegmentedRaftLogWorker (SegmentedRaftLogWorker.java:execute(569)) - afb36831-8adc-4a3c-ba5d-0ae21a058733@group-FF144BC4E420-SegmentedRaftLogWorker: created new log segment /workdir/hadoop-ozone/integration-test/target/test-dir/MiniOzoneClusterImpl-2d72fd32-3911-4ce5-968d-89f72e8fe093/datanode-2/data/ratis/76c55a25-b940-4ade-8fbe-ff144bc4e420/current/log_inprogress_0
2019-09-24 02:34:16,357 [1ae786a5-17dd-436d-b86f-5426250bc58f@group-753648A250C2:LeaderElection6] INFO  impl.LeaderElection (LeaderElection.java:askForVotes(182)) - 1ae786a5-17dd-436d-b86f-5426250bc58f@group-753648A250C2:LeaderElection6: begin an election at term 1 for -1: [1ae786a5-17dd-436d-b86f-5426250bc58f:192.168.151.121:36039], old=null
2019-09-24 02:34:16,358 [1ae786a5-17dd-436d-b86f-5426250bc58f@group-753648A250C2:LeaderElection6] INFO  impl.RoleInfo (RoleInfo.java:shutdownLeaderElection(134)) - 1ae786a5-17dd-436d-b86f-5426250bc58f: shutdown LeaderElection
2019-09-24 02:34:16,358 [1ae786a5-17dd-436d-b86f-5426250bc58f@group-753648A250C2:LeaderElection6] INFO  impl.RaftServerImpl (RaftServerImpl.java:setRole(174)) - 1ae786a5-17dd-436d-b86f-5426250bc58f@group-753648A250C2: changes role from CANDIDATE to LEADER at term 1 for changeToLeader
2019-09-24 02:34:16,358 [1ae786a5-17dd-436d-b86f-5426250bc58f@group-753648A250C2:LeaderElection6] INFO  impl.RaftServerImpl (ServerState.java:setLeader(253)) - 1ae786a5-17dd-436d-b86f-5426250bc58f@group-753648A250C2: change Leader from null to 1ae786a5-17dd-436d-b86f-5426250bc58f at term 1 for becomeLeader, leader elected after 5030ms
2019-09-24 02:34:16,360 [1ae786a5-17dd-436d-b86f-5426250bc58f@group-753648A250C2:LeaderElection6] INFO  server.RaftServerConfigKeys (ConfUtils.java:logGet(43)) - raft.server.staging.catchup.gap = 1000 (default)
2019-09-24 02:34:16,360 [1ae786a5-17dd-436d-b86f-5426250bc58f@group-753648A250C2:LeaderElection6] INFO  server.RaftServerConfigKeys (ConfUtils.java:logGet(43)) - raft.server.rpc.sleep.time = 25ms (default)
2019-09-24 02:34:16,360 [1ae786a5-17dd-436d-b86f-5426250bc58f@group-753648A250C2:LeaderElection6] INFO  server.RaftServerConfigKeys (ConfUtils.java:logGet(43)) - raft.server.write.element-limit = 4096 (default)
2019-09-24 02:34:16,361 [1ae786a5-17dd-436d-b86f-5426250bc58f@group-753648A250C2:LeaderElection6] INFO  server.RaftServerConfigKeys (ConfUtils.java:logGet(43)) - raft.server.watch.timeout = 10s (default)
2019-09-24 02:34:16,361 [1ae786a5-17dd-436d-b86f-5426250bc58f@group-753648A250C2:LeaderElection6] INFO  server.RaftServerConfigKeys (ConfUtils.java:logGet(43)) - raft.server.watch.timeout.denomination = 1s (default)
2019-09-24 02:34:16,361 [1ae786a5-17dd-436d-b86f-5426250bc58f@group-753648A250C2:LeaderElection6] INFO  server.RaftServerConfigKeys (ConfUtils.java:logGet(43)) - raft.server.watch.element-limit = 65536 (default)
2019-09-24 02:34:16,365 [1ae786a5-17dd-436d-b86f-5426250bc58f@group-753648A250C2:LeaderElection6] INFO  impl.RoleInfo (RoleInfo.java:updateAndGet(143)) - 1ae786a5-17dd-436d-b86f-5426250bc58f: start LeaderState
2019-09-24 02:34:16,365 [1ae786a5-17dd-436d-b86f-5426250bc58f@group-753648A250C2:LeaderElection6] INFO  segmented.SegmentedRaftLogWorker (SegmentedRaftLogWorker.java:startLogSegment(380)) - 1ae786a5-17dd-436d-b86f-5426250bc58f@group-753648A250C2-SegmentedRaftLogWorker: Starting segment from index:0
2019-09-24 02:34:16,366 [1ae786a5-17dd-436d-b86f-5426250bc58f@group-753648A250C2:LeaderElection6] INFO  impl.RaftServerImpl (ServerState.java:setRaftConf(354)) - 1ae786a5-17dd-436d-b86f-5426250bc58f@group-753648A250C2: set configuration 0: [1ae786a5-17dd-436d-b86f-5426250bc58f:192.168.151.121:36039], old=null at 0
2019-09-24 02:34:16,408 [Thread-255] INFO  impl.FollowerState (FollowerState.java:run(106)) - 29bfa3d0-4cee-44d0-ba16-edf4c6f09a6d:group-524706D34556 changes to CANDIDATE, lastRpcTime:5172, electionTimeout:5135ms
2019-09-24 02:34:16,409 [Thread-255] INFO  impl.RoleInfo (RoleInfo.java:shutdownFollowerState(121)) - 29bfa3d0-4cee-44d0-ba16-edf4c6f09a6d: shutdown FollowerState
2019-09-24 02:34:16,409 [Thread-255] INFO  impl.RaftServerImpl (RaftServerImpl.java:setRole(174)) - 29bfa3d0-4cee-44d0-ba16-edf4c6f09a6d@group-524706D34556: changes role from  FOLLOWER to CANDIDATE at term 0 for changeToCandidate
2019-09-24 02:34:16,409 [Thread-255] INFO  impl.RoleInfo (RoleInfo.java:updateAndGet(143)) - 29bfa3d0-4cee-44d0-ba16-edf4c6f09a6d: start LeaderElection
2019-09-24 02:34:16,434 [1ae786a5-17dd-436d-b86f-5426250bc58f@group-753648A250C2-SegmentedRaftLogWorker] INFO  segmented.SegmentedRaftLogWorker (SegmentedRaftLogWorker.java:execute(569)) - 1ae786a5-17dd-436d-b86f-5426250bc58f@group-753648A250C2-SegmentedRaftLogWorker: created new log segment /workdir/hadoop-ozone/integration-test/target/test-dir/MiniOzoneClusterImpl-2d72fd32-3911-4ce5-968d-89f72e8fe093/datanode-6/data/ratis/094f9386-0012-4362-a1ee-753648a250c2/current/log_inprogress_0
2019-09-24 02:34:16,434 [29bfa3d0-4cee-44d0-ba16-edf4c6f09a6d@group-524706D34556:LeaderElection7] INFO  impl.LeaderElection (LeaderElection.java:askForVotes(182)) - 29bfa3d0-4cee-44d0-ba16-edf4c6f09a6d@group-524706D34556:LeaderElection7: begin an election at term 1 for -1: [29bfa3d0-4cee-44d0-ba16-edf4c6f09a6d:192.168.151.121:40327], old=null
2019-09-24 02:34:16,434 [29bfa3d0-4cee-44d0-ba16-edf4c6f09a6d@group-524706D34556:LeaderElection7] INFO  impl.RoleInfo (RoleInfo.java:shutdownLeaderElection(134)) - 29bfa3d0-4cee-44d0-ba16-edf4c6f09a6d: shutdown LeaderElection
2019-09-24 02:34:16,434 [29bfa3d0-4cee-44d0-ba16-edf4c6f09a6d@group-524706D34556:LeaderElection7] INFO  impl.RaftServerImpl (RaftServerImpl.java:setRole(174)) - 29bfa3d0-4cee-44d0-ba16-edf4c6f09a6d@group-524706D34556: changes role from CANDIDATE to LEADER at term 1 for changeToLeader
2019-09-24 02:34:16,434 [29bfa3d0-4cee-44d0-ba16-edf4c6f09a6d@group-524706D34556:LeaderElection7] INFO  impl.RaftServerImpl (ServerState.java:setLeader(253)) - 29bfa3d0-4cee-44d0-ba16-edf4c6f09a6d@group-524706D34556: change Leader from null to 29bfa3d0-4cee-44d0-ba16-edf4c6f09a6d at term 1 for becomeLeader, leader elected after 5213ms
2019-09-24 02:34:16,436 [29bfa3d0-4cee-44d0-ba16-edf4c6f09a6d@group-524706D34556:LeaderElection7] INFO  server.RaftServerConfigKeys (ConfUtils.java:logGet(43)) - raft.server.staging.catchup.gap = 1000 (default)
2019-09-24 02:34:16,437 [29bfa3d0-4cee-44d0-ba16-edf4c6f09a6d@group-524706D34556:LeaderElection7] INFO  server.RaftServerConfigKeys (ConfUtils.java:logGet(43)) - raft.server.rpc.sleep.time = 25ms (default)
2019-09-24 02:34:16,437 [29bfa3d0-4cee-44d0-ba16-edf4c6f09a6d@group-524706D34556:LeaderElection7] INFO  server.RaftServerConfigKeys (ConfUtils.java:logGet(43)) - raft.server.write.element-limit = 4096 (default)
2019-09-24 02:34:16,437 [29bfa3d0-4cee-44d0-ba16-edf4c6f09a6d@group-524706D34556:LeaderElection7] INFO  server.RaftServerConfigKeys (ConfUtils.java:logGet(43)) - raft.server.watch.timeout = 10s (default)
2019-09-24 02:34:16,437 [29bfa3d0-4cee-44d0-ba16-edf4c6f09a6d@group-524706D34556:LeaderElection7] INFO  server.RaftServerConfigKeys (ConfUtils.java:logGet(43)) - raft.server.watch.timeout.denomination = 1s (default)
2019-09-24 02:34:16,437 [29bfa3d0-4cee-44d0-ba16-edf4c6f09a6d@group-524706D34556:LeaderElection7] INFO  server.RaftServerConfigKeys (ConfUtils.java:logGet(43)) - raft.server.watch.element-limit = 65536 (default)
2019-09-24 02:34:16,441 [29bfa3d0-4cee-44d0-ba16-edf4c6f09a6d@group-524706D34556:LeaderElection7] INFO  impl.RoleInfo (RoleInfo.java:updateAndGet(143)) - 29bfa3d0-4cee-44d0-ba16-edf4c6f09a6d: start LeaderState
2019-09-24 02:34:16,441 [29bfa3d0-4cee-44d0-ba16-edf4c6f09a6d@group-524706D34556:LeaderElection7] INFO  segmented.SegmentedRaftLogWorker (SegmentedRaftLogWorker.java:startLogSegment(380)) - 29bfa3d0-4cee-44d0-ba16-edf4c6f09a6d@group-524706D34556-SegmentedRaftLogWorker: Starting segment from index:0
2019-09-24 02:34:16,442 [29bfa3d0-4cee-44d0-ba16-edf4c6f09a6d@group-524706D34556:LeaderElection7] INFO  impl.RaftServerImpl (ServerState.java:setRaftConf(354)) - 29bfa3d0-4cee-44d0-ba16-edf4c6f09a6d@group-524706D34556: set configuration 0: [29bfa3d0-4cee-44d0-ba16-edf4c6f09a6d:192.168.151.121:40327], old=null at 0
2019-09-24 02:34:16,498 [Thread-264] INFO  impl.FollowerState (FollowerState.java:run(106)) - 08608e50-e548-4444-8f0d-400a00608d0c:group-EC2367FC1F26 changes to CANDIDATE, lastRpcTime:5024, electionTimeout:5024ms
2019-09-24 02:34:16,498 [Thread-264] INFO  impl.RoleInfo (RoleInfo.java:shutdownFollowerState(121)) - 08608e50-e548-4444-8f0d-400a00608d0c: shutdown FollowerState
2019-09-24 02:34:16,498 [Thread-264] INFO  impl.RaftServerImpl (RaftServerImpl.java:setRole(174)) - 08608e50-e548-4444-8f0d-400a00608d0c@group-EC2367FC1F26: changes role from  FOLLOWER to CANDIDATE at term 0 for changeToCandidate
2019-09-24 02:34:16,498 [Thread-264] INFO  impl.RoleInfo (RoleInfo.java:updateAndGet(143)) - 08608e50-e548-4444-8f0d-400a00608d0c: start LeaderElection
2019-09-24 02:34:16,509 [29bfa3d0-4cee-44d0-ba16-edf4c6f09a6d@group-524706D34556-SegmentedRaftLogWorker] INFO  segmented.SegmentedRaftLogWorker (SegmentedRaftLogWorker.java:execute(569)) - 29bfa3d0-4cee-44d0-ba16-edf4c6f09a6d@group-524706D34556-SegmentedRaftLogWorker: created new log segment /workdir/hadoop-ozone/integration-test/target/test-dir/MiniOzoneClusterImpl-2d72fd32-3911-4ce5-968d-89f72e8fe093/datanode-1/data/ratis/c22de45c-0e0c-42c3-8fc5-524706d34556/current/log_inprogress_0
2019-09-24 02:34:16,513 [08608e50-e548-4444-8f0d-400a00608d0c@group-EC2367FC1F26:LeaderElection8] INFO  impl.LeaderElection (LeaderElection.java:askForVotes(182)) - 08608e50-e548-4444-8f0d-400a00608d0c@group-EC2367FC1F26:LeaderElection8: begin an election at term 1 for -1: [69793d86-5a36-4e22-9f21-7b43ee9abdb5:192.168.151.121:34516, 987dfd3c-d9bb-4fcd-93df-655efe6d0319:192.168.151.121:45327, 08608e50-e548-4444-8f0d-400a00608d0c:192.168.151.121:43534], old=null
2019-09-24 02:34:16,546 [grpc-default-executor-2] INFO  impl.RaftServerImpl (RaftServerImpl.java:setRole(174)) - 987dfd3c-d9bb-4fcd-93df-655efe6d0319@group-EC2367FC1F26: changes role from  FOLLOWER to FOLLOWER at term 1 for recognizeCandidate:08608e50-e548-4444-8f0d-400a00608d0c
2019-09-24 02:34:16,546 [grpc-default-executor-1] INFO  impl.RaftServerImpl (RaftServerImpl.java:setRole(174)) - 69793d86-5a36-4e22-9f21-7b43ee9abdb5@group-EC2367FC1F26: changes role from  FOLLOWER to FOLLOWER at term 1 for recognizeCandidate:08608e50-e548-4444-8f0d-400a00608d0c
2019-09-24 02:34:16,546 [grpc-default-executor-2] INFO  impl.RoleInfo (RoleInfo.java:shutdownFollowerState(121)) - 987dfd3c-d9bb-4fcd-93df-655efe6d0319: shutdown FollowerState
2019-09-24 02:34:16,547 [grpc-default-executor-1] INFO  impl.RoleInfo (RoleInfo.java:shutdownFollowerState(121)) - 69793d86-5a36-4e22-9f21-7b43ee9abdb5: shutdown FollowerState
2019-09-24 02:34:16,547 [grpc-default-executor-2] INFO  impl.RoleInfo (RoleInfo.java:updateAndGet(143)) - 987dfd3c-d9bb-4fcd-93df-655efe6d0319: start FollowerState
2019-09-24 02:34:16,547 [Thread-267] INFO  impl.FollowerState (FollowerState.java:run(115)) - 69793d86-5a36-4e22-9f21-7b43ee9abdb5: FollowerState was interrupted: java.lang.InterruptedException: sleep interrupted
2019-09-24 02:34:16,547 [grpc-default-executor-1] INFO  impl.RoleInfo (RoleInfo.java:updateAndGet(143)) - 69793d86-5a36-4e22-9f21-7b43ee9abdb5: start FollowerState
2019-09-24 02:34:16,547 [Thread-263] INFO  impl.FollowerState (FollowerState.java:run(115)) - 987dfd3c-d9bb-4fcd-93df-655efe6d0319: FollowerState was interrupted: java.lang.InterruptedException: sleep interrupted
2019-09-24 02:34:16,597 [main] INFO  ipc.Client (Client.java:handleConnectionFailure(948)) - Retrying connect to server: localhost/127.0.0.1:0. Already tried 4 time(s); retry policy is RetryUpToMaximumCountWithFixedSleep(maxRetries=10, sleepTime=1000 MILLISECONDS)
2019-09-24 02:34:16,600 [08608e50-e548-4444-8f0d-400a00608d0c@group-EC2367FC1F26:LeaderElection8] INFO  impl.LeaderElection (LeaderElection.java:logAndReturn(56)) - 08608e50-e548-4444-8f0d-400a00608d0c@group-EC2367FC1F26:LeaderElection8: Election PASSED; received 1 response(s) [08608e50-e548-4444-8f0d-400a00608d0c<-987dfd3c-d9bb-4fcd-93df-655efe6d0319#0:OK-t1] and 0 exception(s); 08608e50-e548-4444-8f0d-400a00608d0c@group-EC2367FC1F26:t1, leader=null, voted=08608e50-e548-4444-8f0d-400a00608d0c, raftlog=08608e50-e548-4444-8f0d-400a00608d0c@group-EC2367FC1F26-SegmentedRaftLog:OPENED:c-1,f-1,i0, conf=-1: [69793d86-5a36-4e22-9f21-7b43ee9abdb5:192.168.151.121:34516, 987dfd3c-d9bb-4fcd-93df-655efe6d0319:192.168.151.121:45327, 08608e50-e548-4444-8f0d-400a00608d0c:192.168.151.121:43534], old=null
2019-09-24 02:34:16,601 [08608e50-e548-4444-8f0d-400a00608d0c@group-EC2367FC1F26:LeaderElection8] INFO  impl.RoleInfo (RoleInfo.java:shutdownLeaderElection(134)) - 08608e50-e548-4444-8f0d-400a00608d0c: shutdown LeaderElection
2019-09-24 02:34:16,601 [08608e50-e548-4444-8f0d-400a00608d0c@group-EC2367FC1F26:LeaderElection8] INFO  impl.RaftServerImpl (RaftServerImpl.java:setRole(174)) - 08608e50-e548-4444-8f0d-400a00608d0c@group-EC2367FC1F26: changes role from CANDIDATE to LEADER at term 1 for changeToLeader
2019-09-24 02:34:16,603 [08608e50-e548-4444-8f0d-400a00608d0c@group-EC2367FC1F26:LeaderElection8] INFO  impl.RaftServerImpl (ServerState.java:setLeader(253)) - 08608e50-e548-4444-8f0d-400a00608d0c@group-EC2367FC1F26: change Leader from null to 08608e50-e548-4444-8f0d-400a00608d0c at term 1 for becomeLeader, leader elected after 5141ms
2019-09-24 02:34:16,605 [08608e50-e548-4444-8f0d-400a00608d0c@group-EC2367FC1F26:LeaderElection8] INFO  server.RaftServerConfigKeys (ConfUtils.java:logGet(43)) - raft.server.staging.catchup.gap = 1000 (default)
2019-09-24 02:34:16,606 [08608e50-e548-4444-8f0d-400a00608d0c@group-EC2367FC1F26:LeaderElection8] INFO  server.RaftServerConfigKeys (ConfUtils.java:logGet(43)) - raft.server.rpc.sleep.time = 25ms (default)
2019-09-24 02:34:16,606 [08608e50-e548-4444-8f0d-400a00608d0c@group-EC2367FC1F26:LeaderElection8] INFO  server.RaftServerConfigKeys (ConfUtils.java:logGet(43)) - raft.server.write.element-limit = 4096 (default)
2019-09-24 02:34:16,606 [08608e50-e548-4444-8f0d-400a00608d0c@group-EC2367FC1F26:LeaderElection8] INFO  server.RaftServerConfigKeys (ConfUtils.java:logGet(43)) - raft.server.watch.timeout = 10s (default)
2019-09-24 02:34:16,606 [08608e50-e548-4444-8f0d-400a00608d0c@group-EC2367FC1F26:LeaderElection8] INFO  server.RaftServerConfigKeys (ConfUtils.java:logGet(43)) - raft.server.watch.timeout.denomination = 1s (default)
2019-09-24 02:34:16,607 [08608e50-e548-4444-8f0d-400a00608d0c@group-EC2367FC1F26:LeaderElection8] INFO  server.RaftServerConfigKeys (ConfUtils.java:logGet(43)) - raft.server.watch.element-limit = 65536 (default)
2019-09-24 02:34:16,704 [Thread-276] INFO  impl.FollowerState (FollowerState.java:run(106)) - 29bfa3d0-4cee-44d0-ba16-edf4c6f09a6d:group-A598BE63B3C0 changes to CANDIDATE, lastRpcTime:5091, electionTimeout:5070ms
2019-09-24 02:34:16,708 [Thread-273] INFO  impl.FollowerState (FollowerState.java:run(106)) - afb36831-8adc-4a3c-ba5d-0ae21a058733:group-A598BE63B3C0 changes to CANDIDATE, lastRpcTime:5096, electionTimeout:5058ms
2019-09-24 02:34:16,714 [Thread-276] INFO  impl.RoleInfo (RoleInfo.java:shutdownFollowerState(121)) - 29bfa3d0-4cee-44d0-ba16-edf4c6f09a6d: shutdown FollowerState
2019-09-24 02:34:16,715 [Thread-273] INFO  impl.RoleInfo (RoleInfo.java:shutdownFollowerState(121)) - afb36831-8adc-4a3c-ba5d-0ae21a058733: shutdown FollowerState
2019-09-24 02:34:16,715 [Thread-276] INFO  impl.RaftServerImpl (RaftServerImpl.java:setRole(174)) - 29bfa3d0-4cee-44d0-ba16-edf4c6f09a6d@group-A598BE63B3C0: changes role from  FOLLOWER to CANDIDATE at term 0 for changeToCandidate
2019-09-24 02:34:16,715 [Thread-273] INFO  impl.RaftServerImpl (RaftServerImpl.java:setRole(174)) - afb36831-8adc-4a3c-ba5d-0ae21a058733@group-A598BE63B3C0: changes role from  FOLLOWER to CANDIDATE at term 0 for changeToCandidate
2019-09-24 02:34:16,715 [Thread-276] INFO  impl.RoleInfo (RoleInfo.java:updateAndGet(143)) - 29bfa3d0-4cee-44d0-ba16-edf4c6f09a6d: start LeaderElection
2019-09-24 02:34:16,716 [Thread-273] INFO  impl.RoleInfo (RoleInfo.java:updateAndGet(143)) - afb36831-8adc-4a3c-ba5d-0ae21a058733: start LeaderElection
2019-09-24 02:34:16,728 [08608e50-e548-4444-8f0d-400a00608d0c@group-EC2367FC1F26:LeaderElection8] INFO  server.RaftServerConfigKeys (ConfUtils.java:logGet(43)) - raft.server.log.appender.snapshot.chunk.size.max = 16MB (=16777216) (default)
2019-09-24 02:34:16,729 [08608e50-e548-4444-8f0d-400a00608d0c@group-EC2367FC1F26:LeaderElection8] INFO  server.RaftServerConfigKeys (ConfUtils.java:logGet(43)) - raft.server.log.appender.buffer.byte-limit = 33554432 (custom)
2019-09-24 02:34:16,729 [08608e50-e548-4444-8f0d-400a00608d0c@group-EC2367FC1F26:LeaderElection8] INFO  server.RaftServerConfigKeys (ConfUtils.java:logGet(43)) - raft.server.log.appender.buffer.element-limit = 1 (custom)
2019-09-24 02:34:16,742 [29bfa3d0-4cee-44d0-ba16-edf4c6f09a6d@group-A598BE63B3C0:LeaderElection9] INFO  impl.LeaderElection (LeaderElection.java:askForVotes(182)) - 29bfa3d0-4cee-44d0-ba16-edf4c6f09a6d@group-A598BE63B3C0:LeaderElection9: begin an election at term 1 for -1: [29bfa3d0-4cee-44d0-ba16-edf4c6f09a6d:192.168.151.121:40327, afb36831-8adc-4a3c-ba5d-0ae21a058733:192.168.151.121:40452, 346a7764-760d-427e-9530-0e15c9e08242:192.168.151.121:44304], old=null
2019-09-24 02:34:16,742 [afb36831-8adc-4a3c-ba5d-0ae21a058733@group-A598BE63B3C0:LeaderElection10] INFO  impl.LeaderElection (LeaderElection.java:askForVotes(182)) - afb36831-8adc-4a3c-ba5d-0ae21a058733@group-A598BE63B3C0:LeaderElection10: begin an election at term 1 for -1: [29bfa3d0-4cee-44d0-ba16-edf4c6f09a6d:192.168.151.121:40327, afb36831-8adc-4a3c-ba5d-0ae21a058733:192.168.151.121:40452, 346a7764-760d-427e-9530-0e15c9e08242:192.168.151.121:44304], old=null
2019-09-24 02:34:16,770 [08608e50-e548-4444-8f0d-400a00608d0c@group-EC2367FC1F26:LeaderElection8] INFO  grpc.GrpcConfigKeys$Server (ConfUtils.java:logGet(43)) - raft.grpc.server.leader.outstanding.appends.max = 128 (default)
2019-09-24 02:34:16,772 [08608e50-e548-4444-8f0d-400a00608d0c@group-EC2367FC1F26:LeaderElection8] INFO  server.RaftServerConfigKeys (ConfUtils.java:logGet(43)) - raft.server.rpc.request.timeout = 3000ms (default)
2019-09-24 02:34:16,774 [08608e50-e548-4444-8f0d-400a00608d0c@group-EC2367FC1F26:LeaderElection8] INFO  server.RaftServerConfigKeys (ConfUtils.java:logGet(43)) - raft.server.log.appender.install.snapshot.enabled = false (custom)
2019-09-24 02:34:16,776 [08608e50-e548-4444-8f0d-400a00608d0c@group-EC2367FC1F26:LeaderElection8] INFO  server.RaftServerConfigKeys (ConfUtils.java:logGet(43)) - raft.server.log.appender.snapshot.chunk.size.max = 16MB (=16777216) (default)
2019-09-24 02:34:16,776 [08608e50-e548-4444-8f0d-400a00608d0c@group-EC2367FC1F26:LeaderElection8] INFO  server.RaftServerConfigKeys (ConfUtils.java:logGet(43)) - raft.server.log.appender.buffer.byte-limit = 33554432 (custom)
2019-09-24 02:34:16,776 [08608e50-e548-4444-8f0d-400a00608d0c@group-EC2367FC1F26:LeaderElection8] INFO  server.RaftServerConfigKeys (ConfUtils.java:logGet(43)) - raft.server.log.appender.buffer.element-limit = 1 (custom)
2019-09-24 02:34:16,777 [08608e50-e548-4444-8f0d-400a00608d0c@group-EC2367FC1F26:LeaderElection8] INFO  grpc.GrpcConfigKeys$Server (ConfUtils.java:logGet(43)) - raft.grpc.server.leader.outstanding.appends.max = 128 (default)
2019-09-24 02:34:16,777 [08608e50-e548-4444-8f0d-400a00608d0c@group-EC2367FC1F26:LeaderElection8] INFO  server.RaftServerConfigKeys (ConfUtils.java:logGet(43)) - raft.server.rpc.request.timeout = 3000ms (default)
2019-09-24 02:34:16,777 [08608e50-e548-4444-8f0d-400a00608d0c@group-EC2367FC1F26:LeaderElection8] INFO  server.RaftServerConfigKeys (ConfUtils.java:logGet(43)) - raft.server.log.appender.install.snapshot.enabled = false (custom)
2019-09-24 02:34:16,783 [08608e50-e548-4444-8f0d-400a00608d0c@group-EC2367FC1F26:LeaderElection8] INFO  impl.RoleInfo (RoleInfo.java:updateAndGet(143)) - 08608e50-e548-4444-8f0d-400a00608d0c: start LeaderState
2019-09-24 02:34:16,784 [08608e50-e548-4444-8f0d-400a00608d0c@group-EC2367FC1F26:LeaderElection8] INFO  segmented.SegmentedRaftLogWorker (SegmentedRaftLogWorker.java:startLogSegment(380)) - 08608e50-e548-4444-8f0d-400a00608d0c@group-EC2367FC1F26-SegmentedRaftLogWorker: Starting segment from index:0
2019-09-24 02:34:16,818 [Thread-275] INFO  impl.FollowerState (FollowerState.java:run(106)) - 346a7764-760d-427e-9530-0e15c9e08242:group-A598BE63B3C0 changes to CANDIDATE, lastRpcTime:5205, electionTimeout:5177ms
2019-09-24 02:34:16,820 [08608e50-e548-4444-8f0d-400a00608d0c@group-EC2367FC1F26:LeaderElection8] INFO  impl.RaftServerImpl (ServerState.java:setRaftConf(354)) - 08608e50-e548-4444-8f0d-400a00608d0c@group-EC2367FC1F26: set configuration 0: [69793d86-5a36-4e22-9f21-7b43ee9abdb5:192.168.151.121:34516, 987dfd3c-d9bb-4fcd-93df-655efe6d0319:192.168.151.121:45327, 08608e50-e548-4444-8f0d-400a00608d0c:192.168.151.121:43534], old=null at 0
2019-09-24 02:34:16,823 [Thread-275] INFO  impl.RoleInfo (RoleInfo.java:shutdownFollowerState(121)) - 346a7764-760d-427e-9530-0e15c9e08242: shutdown FollowerState
2019-09-24 02:34:16,828 [Thread-275] INFO  impl.RaftServerImpl (RaftServerImpl.java:setRole(174)) - 346a7764-760d-427e-9530-0e15c9e08242@group-A598BE63B3C0: changes role from  FOLLOWER to CANDIDATE at term 0 for changeToCandidate
2019-09-24 02:34:16,847 [Thread-275] INFO  impl.RoleInfo (RoleInfo.java:updateAndGet(143)) - 346a7764-760d-427e-9530-0e15c9e08242: start LeaderElection
2019-09-24 02:34:16,847 [08608e50-e548-4444-8f0d-400a00608d0c@group-EC2367FC1F26-SegmentedRaftLogWorker] INFO  segmented.SegmentedRaftLogWorker (SegmentedRaftLogWorker.java:execute(569)) - 08608e50-e548-4444-8f0d-400a00608d0c@group-EC2367FC1F26-SegmentedRaftLogWorker: created new log segment /workdir/hadoop-ozone/integration-test/target/test-dir/MiniOzoneClusterImpl-2d72fd32-3911-4ce5-968d-89f72e8fe093/datanode-5/data/ratis/40a9169c-25d4-47ef-8c67-ec2367fc1f26/current/log_inprogress_0
2019-09-24 02:34:16,855 [grpc-default-executor-0] INFO  impl.RaftServerImpl (RaftServerImpl.java:setRole(174)) - 346a7764-760d-427e-9530-0e15c9e08242@group-A598BE63B3C0: changes role from CANDIDATE to FOLLOWER at term 1 for recognizeCandidate:29bfa3d0-4cee-44d0-ba16-edf4c6f09a6d
2019-09-24 02:34:16,855 [grpc-default-executor-0] INFO  impl.RoleInfo (RoleInfo.java:shutdownLeaderElection(134)) - 346a7764-760d-427e-9530-0e15c9e08242: shutdown LeaderElection
2019-09-24 02:34:16,856 [grpc-default-executor-0] INFO  impl.RoleInfo (RoleInfo.java:updateAndGet(143)) - 346a7764-760d-427e-9530-0e15c9e08242: start FollowerState
2019-09-24 02:34:16,868 [grpc-default-executor-3] INFO  impl.RaftServerImpl (RaftServerImpl.java:setRole(174)) - 346a7764-760d-427e-9530-0e15c9e08242@group-A598BE63B3C0: changes role from  FOLLOWER to FOLLOWER at term 1 for recognizeCandidate:afb36831-8adc-4a3c-ba5d-0ae21a058733
2019-09-24 02:34:16,869 [grpc-default-executor-3] INFO  impl.RoleInfo (RoleInfo.java:shutdownFollowerState(121)) - 346a7764-760d-427e-9530-0e15c9e08242: shutdown FollowerState
2019-09-24 02:34:16,869 [grpc-default-executor-3] INFO  impl.RoleInfo (RoleInfo.java:updateAndGet(143)) - 346a7764-760d-427e-9530-0e15c9e08242: start FollowerState
2019-09-24 02:34:16,869 [Thread-309] INFO  impl.FollowerState (FollowerState.java:run(115)) - 346a7764-760d-427e-9530-0e15c9e08242: FollowerState was interrupted: java.lang.InterruptedException: sleep interrupted
2019-09-24 02:34:16,875 [29bfa3d0-4cee-44d0-ba16-edf4c6f09a6d@group-A598BE63B3C0:LeaderElection9] INFO  impl.LeaderElection (LeaderElection.java:logAndReturn(56)) - 29bfa3d0-4cee-44d0-ba16-edf4c6f09a6d@group-A598BE63B3C0:LeaderElection9: Election REJECTED; received 2 response(s) [29bfa3d0-4cee-44d0-ba16-edf4c6f09a6d<-afb36831-8adc-4a3c-ba5d-0ae21a058733#0:FAIL-t1, 29bfa3d0-4cee-44d0-ba16-edf4c6f09a6d<-346a7764-760d-427e-9530-0e15c9e08242#0:FAIL-t1] and 0 exception(s); 29bfa3d0-4cee-44d0-ba16-edf4c6f09a6d@group-A598BE63B3C0:t1, leader=null, voted=29bfa3d0-4cee-44d0-ba16-edf4c6f09a6d, raftlog=29bfa3d0-4cee-44d0-ba16-edf4c6f09a6d@group-A598BE63B3C0-SegmentedRaftLog:OPENED:c-1,f-1,i0, conf=-1: [29bfa3d0-4cee-44d0-ba16-edf4c6f09a6d:192.168.151.121:40327, afb36831-8adc-4a3c-ba5d-0ae21a058733:192.168.151.121:40452, 346a7764-760d-427e-9530-0e15c9e08242:192.168.151.121:44304], old=null
2019-09-24 02:34:16,875 [29bfa3d0-4cee-44d0-ba16-edf4c6f09a6d@group-A598BE63B3C0:LeaderElection9] INFO  impl.RaftServerImpl (RaftServerImpl.java:setRole(174)) - 29bfa3d0-4cee-44d0-ba16-edf4c6f09a6d@group-A598BE63B3C0: changes role from CANDIDATE to FOLLOWER at term 1 for DISCOVERED_A_NEW_TERM
2019-09-24 02:34:16,877 [29bfa3d0-4cee-44d0-ba16-edf4c6f09a6d@group-A598BE63B3C0:LeaderElection9] INFO  impl.RoleInfo (RoleInfo.java:shutdownLeaderElection(134)) - 29bfa3d0-4cee-44d0-ba16-edf4c6f09a6d: shutdown LeaderElection
2019-09-24 02:34:16,879 [29bfa3d0-4cee-44d0-ba16-edf4c6f09a6d@group-A598BE63B3C0:LeaderElection9] INFO  impl.RoleInfo (RoleInfo.java:updateAndGet(143)) - 29bfa3d0-4cee-44d0-ba16-edf4c6f09a6d: start FollowerState
2019-09-24 02:34:16,891 [afb36831-8adc-4a3c-ba5d-0ae21a058733@group-A598BE63B3C0:LeaderElection10] INFO  impl.LeaderElection (LeaderElection.java:logAndReturn(56)) - afb36831-8adc-4a3c-ba5d-0ae21a058733@group-A598BE63B3C0:LeaderElection10: Election PASSED; received 2 response(s) [afb36831-8adc-4a3c-ba5d-0ae21a058733<-29bfa3d0-4cee-44d0-ba16-edf4c6f09a6d#0:FAIL-t1, afb36831-8adc-4a3c-ba5d-0ae21a058733<-346a7764-760d-427e-9530-0e15c9e08242#0:OK-t1] and 0 exception(s); afb36831-8adc-4a3c-ba5d-0ae21a058733@group-A598BE63B3C0:t1, leader=null, voted=afb36831-8adc-4a3c-ba5d-0ae21a058733, raftlog=afb36831-8adc-4a3c-ba5d-0ae21a058733@group-A598BE63B3C0-SegmentedRaftLog:OPENED:c-1,f-1,i0, conf=-1: [29bfa3d0-4cee-44d0-ba16-edf4c6f09a6d:192.168.151.121:40327, afb36831-8adc-4a3c-ba5d-0ae21a058733:192.168.151.121:40452, 346a7764-760d-427e-9530-0e15c9e08242:192.168.151.121:44304], old=null
2019-09-24 02:34:16,892 [afb36831-8adc-4a3c-ba5d-0ae21a058733@group-A598BE63B3C0:LeaderElection10] INFO  impl.RoleInfo (RoleInfo.java:shutdownLeaderElection(134)) - afb36831-8adc-4a3c-ba5d-0ae21a058733: shutdown LeaderElection
2019-09-24 02:34:16,894 [afb36831-8adc-4a3c-ba5d-0ae21a058733@group-A598BE63B3C0:LeaderElection10] INFO  impl.RaftServerImpl (RaftServerImpl.java:setRole(174)) - afb36831-8adc-4a3c-ba5d-0ae21a058733@group-A598BE63B3C0: changes role from CANDIDATE to LEADER at term 1 for changeToLeader
2019-09-24 02:34:16,894 [afb36831-8adc-4a3c-ba5d-0ae21a058733@group-A598BE63B3C0:LeaderElection10] INFO  impl.RaftServerImpl (ServerState.java:setLeader(253)) - afb36831-8adc-4a3c-ba5d-0ae21a058733@group-A598BE63B3C0: change Leader from null to afb36831-8adc-4a3c-ba5d-0ae21a058733 at term 1 for becomeLeader, leader elected after 5295ms
2019-09-24 02:34:16,896 [afb36831-8adc-4a3c-ba5d-0ae21a058733@group-A598BE63B3C0:LeaderElection10] INFO  server.RaftServerConfigKeys (ConfUtils.java:logGet(43)) - raft.server.staging.catchup.gap = 1000 (default)
2019-09-24 02:34:16,896 [afb36831-8adc-4a3c-ba5d-0ae21a058733@group-A598BE63B3C0:LeaderElection10] INFO  server.RaftServerConfigKeys (ConfUtils.java:logGet(43)) - raft.server.rpc.sleep.time = 25ms (default)
2019-09-24 02:34:16,896 [afb36831-8adc-4a3c-ba5d-0ae21a058733@group-A598BE63B3C0:LeaderElection10] INFO  server.RaftServerConfigKeys (ConfUtils.java:logGet(43)) - raft.server.write.element-limit = 4096 (default)
2019-09-24 02:34:16,896 [afb36831-8adc-4a3c-ba5d-0ae21a058733@group-A598BE63B3C0:LeaderElection10] INFO  server.RaftServerConfigKeys (ConfUtils.java:logGet(43)) - raft.server.watch.timeout = 10s (default)
2019-09-24 02:34:16,896 [afb36831-8adc-4a3c-ba5d-0ae21a058733@group-A598BE63B3C0:LeaderElection10] INFO  server.RaftServerConfigKeys (ConfUtils.java:logGet(43)) - raft.server.watch.timeout.denomination = 1s (default)
2019-09-24 02:34:16,897 [afb36831-8adc-4a3c-ba5d-0ae21a058733@group-A598BE63B3C0:LeaderElection10] INFO  server.RaftServerConfigKeys (ConfUtils.java:logGet(43)) - raft.server.watch.element-limit = 65536 (default)
2019-09-24 02:34:16,900 [346a7764-760d-427e-9530-0e15c9e08242@group-A598BE63B3C0:LeaderElection11] INFO  impl.LeaderElection (LeaderElection.java:askForVotes(182)) - 346a7764-760d-427e-9530-0e15c9e08242@group-A598BE63B3C0:LeaderElection11: begin an election at term 2 for -1: [29bfa3d0-4cee-44d0-ba16-edf4c6f09a6d:192.168.151.121:40327, afb36831-8adc-4a3c-ba5d-0ae21a058733:192.168.151.121:40452, 346a7764-760d-427e-9530-0e15c9e08242:192.168.151.121:44304], old=null
2019-09-24 02:34:16,903 [afb36831-8adc-4a3c-ba5d-0ae21a058733@group-A598BE63B3C0:LeaderElection10] INFO  server.RaftServerConfigKeys (ConfUtils.java:logGet(43)) - raft.server.log.appender.snapshot.chunk.size.max = 16MB (=16777216) (default)
2019-09-24 02:34:16,904 [346a7764-760d-427e-9530-0e15c9e08242@group-A598BE63B3C0:LeaderElection11] INFO  impl.LeaderElection (LeaderElection.java:logAndReturn(56)) - 346a7764-760d-427e-9530-0e15c9e08242@group-A598BE63B3C0:LeaderElection11: Election REJECTED; received 0 response(s) [] and 0 exception(s); 346a7764-760d-427e-9530-0e15c9e08242@group-A598BE63B3C0:t2, leader=null, voted=346a7764-760d-427e-9530-0e15c9e08242, raftlog=346a7764-760d-427e-9530-0e15c9e08242@group-A598BE63B3C0-SegmentedRaftLog:OPENED:c-1,f-1,i0, conf=-1: [29bfa3d0-4cee-44d0-ba16-edf4c6f09a6d:192.168.151.121:40327, afb36831-8adc-4a3c-ba5d-0ae21a058733:192.168.151.121:40452, 346a7764-760d-427e-9530-0e15c9e08242:192.168.151.121:44304], old=null
2019-09-24 02:34:16,904 [afb36831-8adc-4a3c-ba5d-0ae21a058733@group-A598BE63B3C0:LeaderElection10] INFO  server.RaftServerConfigKeys (ConfUtils.java:logGet(43)) - raft.server.log.appender.buffer.byte-limit = 33554432 (custom)
2019-09-24 02:34:16,906 [afb36831-8adc-4a3c-ba5d-0ae21a058733@group-A598BE63B3C0:LeaderElection10] INFO  server.RaftServerConfigKeys (ConfUtils.java:logGet(43)) - raft.server.log.appender.buffer.element-limit = 1 (custom)
2019-09-24 02:34:16,906 [afb36831-8adc-4a3c-ba5d-0ae21a058733@group-A598BE63B3C0:LeaderElection10] INFO  grpc.GrpcConfigKeys$Server (ConfUtils.java:logGet(43)) - raft.grpc.server.leader.outstanding.appends.max = 128 (default)
2019-09-24 02:34:16,908 [afb36831-8adc-4a3c-ba5d-0ae21a058733@group-A598BE63B3C0:LeaderElection10] INFO  server.RaftServerConfigKeys (ConfUtils.java:logGet(43)) - raft.server.rpc.request.timeout = 3000ms (default)
2019-09-24 02:34:16,921 [afb36831-8adc-4a3c-ba5d-0ae21a058733@group-A598BE63B3C0:LeaderElection10] INFO  server.RaftServerConfigKeys (ConfUtils.java:logGet(43)) - raft.server.log.appender.install.snapshot.enabled = false (custom)
2019-09-24 02:34:16,923 [grpc-default-executor-0] INFO  impl.RaftServerImpl (ServerState.java:setLeader(253)) - 69793d86-5a36-4e22-9f21-7b43ee9abdb5@group-EC2367FC1F26: change Leader from null to 08608e50-e548-4444-8f0d-400a00608d0c at term 1 for appendEntries, leader elected after 5462ms
2019-09-24 02:34:16,927 [afb36831-8adc-4a3c-ba5d-0ae21a058733@group-A598BE63B3C0:LeaderElection10] INFO  server.RaftServerConfigKeys (ConfUtils.java:logGet(43)) - raft.server.log.appender.snapshot.chunk.size.max = 16MB (=16777216) (default)
2019-09-24 02:34:16,925 [grpc-default-executor-1] INFO  impl.RaftServerImpl (ServerState.java:setLeader(253)) - 987dfd3c-d9bb-4fcd-93df-655efe6d0319@group-EC2367FC1F26: change Leader from null to 08608e50-e548-4444-8f0d-400a00608d0c at term 1 for appendEntries, leader elected after 5464ms
2019-09-24 02:34:16,927 [afb36831-8adc-4a3c-ba5d-0ae21a058733@group-A598BE63B3C0:LeaderElection10] INFO  server.RaftServerConfigKeys (ConfUtils.java:logGet(43)) - raft.server.log.appender.buffer.byte-limit = 33554432 (custom)
2019-09-24 02:34:16,928 [afb36831-8adc-4a3c-ba5d-0ae21a058733@group-A598BE63B3C0:LeaderElection10] INFO  server.RaftServerConfigKeys (ConfUtils.java:logGet(43)) - raft.server.log.appender.buffer.element-limit = 1 (custom)
2019-09-24 02:34:16,928 [afb36831-8adc-4a3c-ba5d-0ae21a058733@group-A598BE63B3C0:LeaderElection10] INFO  grpc.GrpcConfigKeys$Server (ConfUtils.java:logGet(43)) - raft.grpc.server.leader.outstanding.appends.max = 128 (default)
2019-09-24 02:34:16,928 [afb36831-8adc-4a3c-ba5d-0ae21a058733@group-A598BE63B3C0:LeaderElection10] INFO  server.RaftServerConfigKeys (ConfUtils.java:logGet(43)) - raft.server.rpc.request.timeout = 3000ms (default)
2019-09-24 02:34:16,928 [afb36831-8adc-4a3c-ba5d-0ae21a058733@group-A598BE63B3C0:LeaderElection10] INFO  server.RaftServerConfigKeys (ConfUtils.java:logGet(43)) - raft.server.log.appender.install.snapshot.enabled = false (custom)
2019-09-24 02:34:16,929 [afb36831-8adc-4a3c-ba5d-0ae21a058733@group-A598BE63B3C0:LeaderElection10] INFO  impl.RoleInfo (RoleInfo.java:updateAndGet(143)) - afb36831-8adc-4a3c-ba5d-0ae21a058733: start LeaderState
2019-09-24 02:34:16,929 [afb36831-8adc-4a3c-ba5d-0ae21a058733@group-A598BE63B3C0:LeaderElection10] INFO  segmented.SegmentedRaftLogWorker (SegmentedRaftLogWorker.java:startLogSegment(380)) - afb36831-8adc-4a3c-ba5d-0ae21a058733@group-A598BE63B3C0-SegmentedRaftLogWorker: Starting segment from index:0
2019-09-24 02:34:16,930 [afb36831-8adc-4a3c-ba5d-0ae21a058733@group-A598BE63B3C0:LeaderElection10] INFO  impl.RaftServerImpl (ServerState.java:setRaftConf(354)) - afb36831-8adc-4a3c-ba5d-0ae21a058733@group-A598BE63B3C0: set configuration 0: [29bfa3d0-4cee-44d0-ba16-edf4c6f09a6d:192.168.151.121:40327, afb36831-8adc-4a3c-ba5d-0ae21a058733:192.168.151.121:40452, 346a7764-760d-427e-9530-0e15c9e08242:192.168.151.121:44304], old=null at 0
2019-09-24 02:34:16,990 [afb36831-8adc-4a3c-ba5d-0ae21a058733@group-A598BE63B3C0-SegmentedRaftLogWorker] INFO  segmented.SegmentedRaftLogWorker (SegmentedRaftLogWorker.java:execute(569)) - afb36831-8adc-4a3c-ba5d-0ae21a058733@group-A598BE63B3C0-SegmentedRaftLogWorker: created new log segment /workdir/hadoop-ozone/integration-test/target/test-dir/MiniOzoneClusterImpl-2d72fd32-3911-4ce5-968d-89f72e8fe093/datanode-2/data/ratis/7712695e-d0c8-47dc-82b7-a598be63b3c0/current/log_inprogress_0
2019-09-24 02:34:16,991 [grpc-default-executor-3] INFO  impl.RaftServerImpl (RaftServerImpl.java:setRole(174)) - 29bfa3d0-4cee-44d0-ba16-edf4c6f09a6d@group-A598BE63B3C0: changes role from  FOLLOWER to FOLLOWER at term 2 for recognizeCandidate:346a7764-760d-427e-9530-0e15c9e08242
2019-09-24 02:34:16,991 [grpc-default-executor-3] INFO  impl.RoleInfo (RoleInfo.java:shutdownFollowerState(121)) - 29bfa3d0-4cee-44d0-ba16-edf4c6f09a6d: shutdown FollowerState
2019-09-24 02:34:16,991 [grpc-default-executor-3] INFO  impl.RoleInfo (RoleInfo.java:updateAndGet(143)) - 29bfa3d0-4cee-44d0-ba16-edf4c6f09a6d: start FollowerState
2019-09-24 02:34:16,991 [Thread-311] INFO  impl.FollowerState (FollowerState.java:run(115)) - 29bfa3d0-4cee-44d0-ba16-edf4c6f09a6d: FollowerState was interrupted: java.lang.InterruptedException: sleep interrupted
2019-09-24 02:34:16,998 [grpc-default-executor-4] INFO  impl.RaftServerImpl (ServerState.java:setLeader(253)) - afb36831-8adc-4a3c-ba5d-0ae21a058733@group-A598BE63B3C0: change Leader from afb36831-8adc-4a3c-ba5d-0ae21a058733 to null at term 2 for updateCurrentTerm
2019-09-24 02:34:16,998 [grpc-default-executor-4] INFO  impl.RaftServerImpl (RaftServerImpl.java:setRole(174)) - afb36831-8adc-4a3c-ba5d-0ae21a058733@group-A598BE63B3C0: changes role from    LEADER to FOLLOWER at term 2 for recognizeCandidate:346a7764-760d-427e-9530-0e15c9e08242
2019-09-24 02:34:16,998 [grpc-default-executor-4] INFO  impl.RoleInfo (RoleInfo.java:shutdownLeaderState(104)) - afb36831-8adc-4a3c-ba5d-0ae21a058733: shutdown LeaderState
2019-09-24 02:34:17,003 [org.apache.ratis.server.impl.LogAppender$AppenderDaemon$$Lambda$384/1307580053@7d28105c] WARN  server.GrpcLogAppender (GrpcLogAppender.java:mayWait(143)) - afb36831-8adc-4a3c-ba5d-0ae21a058733@group-A598BE63B3C0->346a7764-760d-427e-9530-0e15c9e08242-GrpcLogAppender: Wait interrupted by java.lang.InterruptedException
2019-09-24 02:34:17,003 [org.apache.ratis.server.impl.LogAppender$AppenderDaemon$$Lambda$384/1307580053@2cacb854] WARN  server.GrpcLogAppender (GrpcLogAppender.java:mayWait(143)) - afb36831-8adc-4a3c-ba5d-0ae21a058733@group-A598BE63B3C0->29bfa3d0-4cee-44d0-ba16-edf4c6f09a6d-GrpcLogAppender: Wait interrupted by java.lang.InterruptedException
2019-09-24 02:34:17,006 [grpc-default-executor-4] INFO  impl.PendingRequests (PendingRequests.java:sendNotLeaderResponses(202)) - afb36831-8adc-4a3c-ba5d-0ae21a058733-PendingRequests: sendNotLeaderResponses
2019-09-24 02:34:17,024 [grpc-default-executor-4] INFO  impl.RoleInfo (RoleInfo.java:updateAndGet(143)) - afb36831-8adc-4a3c-ba5d-0ae21a058733: start FollowerState
2019-09-24 02:34:17,032 [grpc-default-executor-0] INFO  server.GrpcServerProtocolService (GrpcServerProtocolService.java:onCompleted(113)) - 29bfa3d0-4cee-44d0-ba16-edf4c6f09a6d: Completed APPEND_ENTRIES, lastRequest: afb36831-8adc-4a3c-ba5d-0ae21a058733->29bfa3d0-4cee-44d0-ba16-edf4c6f09a6d#0-t1, previous=(t:0, i:0), leaderCommit=-1, initializing? false, entries: <empty>
2019-09-24 02:34:17,032 [grpc-default-executor-1] INFO  server.GrpcServerProtocolService (GrpcServerProtocolService.java:onCompleted(113)) - 346a7764-760d-427e-9530-0e15c9e08242: Completed APPEND_ENTRIES, lastRequest: afb36831-8adc-4a3c-ba5d-0ae21a058733->346a7764-760d-427e-9530-0e15c9e08242#0-t1, previous=(t:0, i:0), leaderCommit=-1, initializing? false, entries: <empty>
2019-09-24 02:34:17,048 [grpc-default-executor-1] INFO  server.GrpcLogAppender (GrpcLogAppender.java:onCompleted(293)) - afb36831-8adc-4a3c-ba5d-0ae21a058733@group-A598BE63B3C0->29bfa3d0-4cee-44d0-ba16-edf4c6f09a6d-AppendLogResponseHandler: follower responses appendEntries COMPLETED
2019-09-24 02:34:17,048 [grpc-default-executor-0] INFO  server.GrpcLogAppender (GrpcLogAppender.java:onCompleted(293)) - afb36831-8adc-4a3c-ba5d-0ae21a058733@group-A598BE63B3C0->346a7764-760d-427e-9530-0e15c9e08242-AppendLogResponseHandler: follower responses appendEntries COMPLETED
2019-09-24 02:34:17,054 [grpc-default-executor-0] INFO  impl.FollowerInfo (FollowerInfo.java:lambda$new$0(51)) - afb36831-8adc-4a3c-ba5d-0ae21a058733@group-A598BE63B3C0->346a7764-760d-427e-9530-0e15c9e08242: nextIndex: updateUnconditionally 0 -> 0
2019-09-24 02:34:17,054 [grpc-default-executor-1] INFO  impl.FollowerInfo (FollowerInfo.java:lambda$new$0(51)) - afb36831-8adc-4a3c-ba5d-0ae21a058733@group-A598BE63B3C0->29bfa3d0-4cee-44d0-ba16-edf4c6f09a6d: nextIndex: updateUnconditionally 0 -> 0
2019-09-24 02:34:17,064 [grpc-default-executor-0] INFO  impl.RaftServerImpl (ServerState.java:setRaftConf(354)) - 69793d86-5a36-4e22-9f21-7b43ee9abdb5@group-EC2367FC1F26: set configuration 0: [69793d86-5a36-4e22-9f21-7b43ee9abdb5:192.168.151.121:34516, 987dfd3c-d9bb-4fcd-93df-655efe6d0319:192.168.151.121:45327, 08608e50-e548-4444-8f0d-400a00608d0c:192.168.151.121:43534], old=null at 0
2019-09-24 02:34:17,064 [grpc-default-executor-1] INFO  impl.RaftServerImpl (ServerState.java:setRaftConf(354)) - 987dfd3c-d9bb-4fcd-93df-655efe6d0319@group-EC2367FC1F26: set configuration 0: [69793d86-5a36-4e22-9f21-7b43ee9abdb5:192.168.151.121:34516, 987dfd3c-d9bb-4fcd-93df-655efe6d0319:192.168.151.121:45327, 08608e50-e548-4444-8f0d-400a00608d0c:192.168.151.121:43534], old=null at 0
2019-09-24 02:34:17,065 [grpc-default-executor-0] INFO  segmented.SegmentedRaftLogWorker (SegmentedRaftLogWorker.java:startLogSegment(380)) - 69793d86-5a36-4e22-9f21-7b43ee9abdb5@group-EC2367FC1F26-SegmentedRaftLogWorker: Starting segment from index:0
2019-09-24 02:34:17,065 [grpc-default-executor-1] INFO  segmented.SegmentedRaftLogWorker (SegmentedRaftLogWorker.java:startLogSegment(380)) - 987dfd3c-d9bb-4fcd-93df-655efe6d0319@group-EC2367FC1F26-SegmentedRaftLogWorker: Starting segment from index:0
2019-09-24 02:34:17,117 [987dfd3c-d9bb-4fcd-93df-655efe6d0319@group-EC2367FC1F26-SegmentedRaftLogWorker] INFO  segmented.SegmentedRaftLogWorker (SegmentedRaftLogWorker.java:execute(569)) - 987dfd3c-d9bb-4fcd-93df-655efe6d0319@group-EC2367FC1F26-SegmentedRaftLogWorker: created new log segment /workdir/hadoop-ozone/integration-test/target/test-dir/MiniOzoneClusterImpl-2d72fd32-3911-4ce5-968d-89f72e8fe093/datanode-3/data/ratis/40a9169c-25d4-47ef-8c67-ec2367fc1f26/current/log_inprogress_0
2019-09-24 02:34:17,117 [69793d86-5a36-4e22-9f21-7b43ee9abdb5@group-EC2367FC1F26-SegmentedRaftLogWorker] INFO  segmented.SegmentedRaftLogWorker (SegmentedRaftLogWorker.java:execute(569)) - 69793d86-5a36-4e22-9f21-7b43ee9abdb5@group-EC2367FC1F26-SegmentedRaftLogWorker: created new log segment /workdir/hadoop-ozone/integration-test/target/test-dir/MiniOzoneClusterImpl-2d72fd32-3911-4ce5-968d-89f72e8fe093/datanode-4/data/ratis/40a9169c-25d4-47ef-8c67-ec2367fc1f26/current/log_inprogress_0
2019-09-24 02:34:17,598 [main] INFO  ipc.Client (Client.java:handleConnectionFailure(948)) - Retrying connect to server: localhost/127.0.0.1:0. Already tried 5 time(s); retry policy is RetryUpToMaximumCountWithFixedSleep(maxRetries=10, sleepTime=1000 MILLISECONDS)
2019-09-24 02:34:18,600 [main] INFO  ipc.Client (Client.java:handleConnectionFailure(948)) - Retrying connect to server: localhost/127.0.0.1:0. Already tried 6 time(s); retry policy is RetryUpToMaximumCountWithFixedSleep(maxRetries=10, sleepTime=1000 MILLISECONDS)
2019-09-24 02:34:19,602 [main] INFO  ipc.Client (Client.java:handleConnectionFailure(948)) - Retrying connect to server: localhost/127.0.0.1:0. Already tried 7 time(s); retry policy is RetryUpToMaximumCountWithFixedSleep(maxRetries=10, sleepTime=1000 MILLISECONDS)
2019-09-24 02:34:20,603 [main] INFO  ipc.Client (Client.java:handleConnectionFailure(948)) - Retrying connect to server: localhost/127.0.0.1:0. Already tried 8 time(s); retry policy is RetryUpToMaximumCountWithFixedSleep(maxRetries=10, sleepTime=1000 MILLISECONDS)
2019-09-24 02:34:21,605 [main] INFO  ipc.Client (Client.java:handleConnectionFailure(948)) - Retrying connect to server: localhost/127.0.0.1:0. Already tried 9 time(s); retry policy is RetryUpToMaximumCountWithFixedSleep(maxRetries=10, sleepTime=1000 MILLISECONDS)
2019-09-24 02:34:21,893 [Thread-310] INFO  impl.FollowerState (FollowerState.java:run(106)) - 346a7764-760d-427e-9530-0e15c9e08242:group-A598BE63B3C0 changes to CANDIDATE, lastRpcTime:5024, electionTimeout:5022ms
2019-09-24 02:34:21,893 [Thread-310] INFO  impl.RoleInfo (RoleInfo.java:shutdownFollowerState(121)) - 346a7764-760d-427e-9530-0e15c9e08242: shutdown FollowerState
2019-09-24 02:34:21,893 [Thread-310] INFO  impl.RaftServerImpl (RaftServerImpl.java:setRole(174)) - 346a7764-760d-427e-9530-0e15c9e08242@group-A598BE63B3C0: changes role from  FOLLOWER to CANDIDATE at term 2 for changeToCandidate
2019-09-24 02:34:21,894 [Thread-310] INFO  impl.RoleInfo (RoleInfo.java:updateAndGet(143)) - 346a7764-760d-427e-9530-0e15c9e08242: start LeaderElection
2019-09-24 02:34:21,911 [346a7764-760d-427e-9530-0e15c9e08242@group-A598BE63B3C0:LeaderElection12] INFO  impl.LeaderElection (LeaderElection.java:askForVotes(182)) - 346a7764-760d-427e-9530-0e15c9e08242@group-A598BE63B3C0:LeaderElection12: begin an election at term 3 for -1: [29bfa3d0-4cee-44d0-ba16-edf4c6f09a6d:192.168.151.121:40327, afb36831-8adc-4a3c-ba5d-0ae21a058733:192.168.151.121:40452, 346a7764-760d-427e-9530-0e15c9e08242:192.168.151.121:44304], old=null
2019-09-24 02:34:21,923 [grpc-default-executor-1] INFO  impl.RaftServerImpl (RaftServerImpl.java:setRole(174)) - 29bfa3d0-4cee-44d0-ba16-edf4c6f09a6d@group-A598BE63B3C0: changes role from  FOLLOWER to FOLLOWER at term 3 for recognizeCandidate:346a7764-760d-427e-9530-0e15c9e08242
2019-09-24 02:34:21,923 [grpc-default-executor-0] INFO  impl.RaftServerImpl (RaftServerImpl.java:setRole(174)) - afb36831-8adc-4a3c-ba5d-0ae21a058733@group-A598BE63B3C0: changes role from  FOLLOWER to FOLLOWER at term 3 for recognizeCandidate:346a7764-760d-427e-9530-0e15c9e08242
2019-09-24 02:34:21,923 [grpc-default-executor-1] INFO  impl.RoleInfo (RoleInfo.java:shutdownFollowerState(121)) - 29bfa3d0-4cee-44d0-ba16-edf4c6f09a6d: shutdown FollowerState
2019-09-24 02:34:21,923 [grpc-default-executor-0] INFO  impl.RoleInfo (RoleInfo.java:shutdownFollowerState(121)) - afb36831-8adc-4a3c-ba5d-0ae21a058733: shutdown FollowerState
2019-09-24 02:34:21,923 [grpc-default-executor-1] INFO  impl.RoleInfo (RoleInfo.java:updateAndGet(143)) - 29bfa3d0-4cee-44d0-ba16-edf4c6f09a6d: start FollowerState
2019-09-24 02:34:21,923 [Thread-324] INFO  impl.FollowerState (FollowerState.java:run(115)) - afb36831-8adc-4a3c-ba5d-0ae21a058733: FollowerState was interrupted: java.lang.InterruptedException: sleep interrupted
2019-09-24 02:34:21,923 [grpc-default-executor-0] INFO  impl.RoleInfo (RoleInfo.java:updateAndGet(143)) - afb36831-8adc-4a3c-ba5d-0ae21a058733: start FollowerState
2019-09-24 02:34:21,923 [Thread-323] INFO  impl.FollowerState (FollowerState.java:run(115)) - 29bfa3d0-4cee-44d0-ba16-edf4c6f09a6d: FollowerState was interrupted: java.lang.InterruptedException: sleep interrupted
2019-09-24 02:34:21,945 [346a7764-760d-427e-9530-0e15c9e08242@group-A598BE63B3C0:LeaderElection12] INFO  impl.LeaderElection (LeaderElection.java:logAndReturn(56)) - 346a7764-760d-427e-9530-0e15c9e08242@group-A598BE63B3C0:LeaderElection12: Election PASSED; received 2 response(s) [346a7764-760d-427e-9530-0e15c9e08242<-29bfa3d0-4cee-44d0-ba16-edf4c6f09a6d#0:OK-t3, 346a7764-760d-427e-9530-0e15c9e08242<-afb36831-8adc-4a3c-ba5d-0ae21a058733#0:FAIL-t3] and 0 exception(s); 346a7764-760d-427e-9530-0e15c9e08242@group-A598BE63B3C0:t3, leader=null, voted=346a7764-760d-427e-9530-0e15c9e08242, raftlog=346a7764-760d-427e-9530-0e15c9e08242@group-A598BE63B3C0-SegmentedRaftLog:OPENED:c-1,f-1,i0, conf=-1: [29bfa3d0-4cee-44d0-ba16-edf4c6f09a6d:192.168.151.121:40327, afb36831-8adc-4a3c-ba5d-0ae21a058733:192.168.151.121:40452, 346a7764-760d-427e-9530-0e15c9e08242:192.168.151.121:44304], old=null
2019-09-24 02:34:21,946 [346a7764-760d-427e-9530-0e15c9e08242@group-A598BE63B3C0:LeaderElection12] INFO  impl.RoleInfo (RoleInfo.java:shutdownLeaderElection(134)) - 346a7764-760d-427e-9530-0e15c9e08242: shutdown LeaderElection
2019-09-24 02:34:21,949 [346a7764-760d-427e-9530-0e15c9e08242@group-A598BE63B3C0:LeaderElection12] INFO  impl.RaftServerImpl (RaftServerImpl.java:setRole(174)) - 346a7764-760d-427e-9530-0e15c9e08242@group-A598BE63B3C0: changes role from CANDIDATE to LEADER at term 3 for changeToLeader
2019-09-24 02:34:21,949 [346a7764-760d-427e-9530-0e15c9e08242@group-A598BE63B3C0:LeaderElection12] INFO  impl.RaftServerImpl (ServerState.java:setLeader(253)) - 346a7764-760d-427e-9530-0e15c9e08242@group-A598BE63B3C0: change Leader from null to 346a7764-760d-427e-9530-0e15c9e08242 at term 3 for becomeLeader, leader elected after 10351ms
2019-09-24 02:34:21,950 [346a7764-760d-427e-9530-0e15c9e08242@group-A598BE63B3C0:LeaderElection12] INFO  server.RaftServerConfigKeys (ConfUtils.java:logGet(43)) - raft.server.staging.catchup.gap = 1000 (default)
2019-09-24 02:34:21,950 [346a7764-760d-427e-9530-0e15c9e08242@group-A598BE63B3C0:LeaderElection12] INFO  server.RaftServerConfigKeys (ConfUtils.java:logGet(43)) - raft.server.rpc.sleep.time = 25ms (default)
2019-09-24 02:34:21,950 [346a7764-760d-427e-9530-0e15c9e08242@group-A598BE63B3C0:LeaderElection12] INFO  server.RaftServerConfigKeys (ConfUtils.java:logGet(43)) - raft.server.write.element-limit = 4096 (default)
2019-09-24 02:34:21,950 [346a7764-760d-427e-9530-0e15c9e08242@group-A598BE63B3C0:LeaderElection12] INFO  server.RaftServerConfigKeys (ConfUtils.java:logGet(43)) - raft.server.watch.timeout = 10s (default)
2019-09-24 02:34:21,951 [346a7764-760d-427e-9530-0e15c9e08242@group-A598BE63B3C0:LeaderElection12] INFO  server.RaftServerConfigKeys (ConfUtils.java:logGet(43)) - raft.server.watch.timeout.denomination = 1s (default)
2019-09-24 02:34:21,951 [346a7764-760d-427e-9530-0e15c9e08242@group-A598BE63B3C0:LeaderElection12] INFO  server.RaftServerConfigKeys (ConfUtils.java:logGet(43)) - raft.server.watch.element-limit = 65536 (default)
2019-09-24 02:34:21,955 [346a7764-760d-427e-9530-0e15c9e08242@group-A598BE63B3C0:LeaderElection12] INFO  server.RaftServerConfigKeys (ConfUtils.java:logGet(43)) - raft.server.log.appender.snapshot.chunk.size.max = 16MB (=16777216) (default)
2019-09-24 02:34:21,955 [346a7764-760d-427e-9530-0e15c9e08242@group-A598BE63B3C0:LeaderElection12] INFO  server.RaftServerConfigKeys (ConfUtils.java:logGet(43)) - raft.server.log.appender.buffer.byte-limit = 33554432 (custom)
2019-09-24 02:34:21,955 [346a7764-760d-427e-9530-0e15c9e08242@group-A598BE63B3C0:LeaderElection12] INFO  server.RaftServerConfigKeys (ConfUtils.java:logGet(43)) - raft.server.log.appender.buffer.element-limit = 1 (custom)
2019-09-24 02:34:21,956 [346a7764-760d-427e-9530-0e15c9e08242@group-A598BE63B3C0:LeaderElection12] INFO  grpc.GrpcConfigKeys$Server (ConfUtils.java:logGet(43)) - raft.grpc.server.leader.outstanding.appends.max = 128 (default)
2019-09-24 02:34:21,956 [346a7764-760d-427e-9530-0e15c9e08242@group-A598BE63B3C0:LeaderElection12] INFO  server.RaftServerConfigKeys (ConfUtils.java:logGet(43)) - raft.server.rpc.request.timeout = 3000ms (default)
2019-09-24 02:34:21,956 [346a7764-760d-427e-9530-0e15c9e08242@group-A598BE63B3C0:LeaderElection12] INFO  server.RaftServerConfigKeys (ConfUtils.java:logGet(43)) - raft.server.log.appender.install.snapshot.enabled = false (custom)
2019-09-24 02:34:21,957 [346a7764-760d-427e-9530-0e15c9e08242@group-A598BE63B3C0:LeaderElection12] INFO  server.RaftServerConfigKeys (ConfUtils.java:logGet(43)) - raft.server.log.appender.snapshot.chunk.size.max = 16MB (=16777216) (default)
2019-09-24 02:34:21,957 [346a7764-760d-427e-9530-0e15c9e08242@group-A598BE63B3C0:LeaderElection12] INFO  server.RaftServerConfigKeys (ConfUtils.java:logGet(43)) - raft.server.log.appender.buffer.byte-limit = 33554432 (custom)
2019-09-24 02:34:21,957 [346a7764-760d-427e-9530-0e15c9e08242@group-A598BE63B3C0:LeaderElection12] INFO  server.RaftServerConfigKeys (ConfUtils.java:logGet(43)) - raft.server.log.appender.buffer.element-limit = 1 (custom)
2019-09-24 02:34:21,957 [346a7764-760d-427e-9530-0e15c9e08242@group-A598BE63B3C0:LeaderElection12] INFO  grpc.GrpcConfigKeys$Server (ConfUtils.java:logGet(43)) - raft.grpc.server.leader.outstanding.appends.max = 128 (default)
2019-09-24 02:34:21,958 [346a7764-760d-427e-9530-0e15c9e08242@group-A598BE63B3C0:LeaderElection12] INFO  server.RaftServerConfigKeys (ConfUtils.java:logGet(43)) - raft.server.rpc.request.timeout = 3000ms (default)
2019-09-24 02:34:21,958 [346a7764-760d-427e-9530-0e15c9e08242@group-A598BE63B3C0:LeaderElection12] INFO  server.RaftServerConfigKeys (ConfUtils.java:logGet(43)) - raft.server.log.appender.install.snapshot.enabled = false (custom)
2019-09-24 02:34:21,958 [346a7764-760d-427e-9530-0e15c9e08242@group-A598BE63B3C0:LeaderElection12] INFO  impl.RoleInfo (RoleInfo.java:updateAndGet(143)) - 346a7764-760d-427e-9530-0e15c9e08242: start LeaderState
2019-09-24 02:34:21,959 [346a7764-760d-427e-9530-0e15c9e08242@group-A598BE63B3C0:LeaderElection12] INFO  segmented.SegmentedRaftLogWorker (SegmentedRaftLogWorker.java:startLogSegment(380)) - 346a7764-760d-427e-9530-0e15c9e08242@group-A598BE63B3C0-SegmentedRaftLogWorker: Starting segment from index:0
2019-09-24 02:34:21,960 [346a7764-760d-427e-9530-0e15c9e08242@group-A598BE63B3C0:LeaderElection12] INFO  impl.RaftServerImpl (ServerState.java:setRaftConf(354)) - 346a7764-760d-427e-9530-0e15c9e08242@group-A598BE63B3C0: set configuration 0: [29bfa3d0-4cee-44d0-ba16-edf4c6f09a6d:192.168.151.121:40327, afb36831-8adc-4a3c-ba5d-0ae21a058733:192.168.151.121:40452, 346a7764-760d-427e-9530-0e15c9e08242:192.168.151.121:44304], old=null at 0
2019-09-24 02:34:22,001 [grpc-default-executor-0] INFO  impl.RaftServerImpl (ServerState.java:setLeader(253)) - 29bfa3d0-4cee-44d0-ba16-edf4c6f09a6d@group-A598BE63B3C0: change Leader from null to 346a7764-760d-427e-9530-0e15c9e08242 at term 3 for appendEntries, leader elected after 10403ms
2019-09-24 02:34:22,004 [grpc-default-executor-1] INFO  impl.RaftServerImpl (ServerState.java:setLeader(253)) - afb36831-8adc-4a3c-ba5d-0ae21a058733@group-A598BE63B3C0: change Leader from null to 346a7764-760d-427e-9530-0e15c9e08242 at term 3 for appendEntries, leader elected after 5006ms
2019-09-24 02:34:22,009 [grpc-default-executor-0] INFO  impl.RaftServerImpl (ServerState.java:setRaftConf(354)) - 29bfa3d0-4cee-44d0-ba16-edf4c6f09a6d@group-A598BE63B3C0: set configuration 0: [29bfa3d0-4cee-44d0-ba16-edf4c6f09a6d:192.168.151.121:40327, afb36831-8adc-4a3c-ba5d-0ae21a058733:192.168.151.121:40452, 346a7764-760d-427e-9530-0e15c9e08242:192.168.151.121:44304], old=null at 0
2019-09-24 02:34:22,009 [grpc-default-executor-0] INFO  segmented.SegmentedRaftLogWorker (SegmentedRaftLogWorker.java:startLogSegment(380)) - 29bfa3d0-4cee-44d0-ba16-edf4c6f09a6d@group-A598BE63B3C0-SegmentedRaftLogWorker: Starting segment from index:0
2019-09-24 02:34:22,009 [grpc-default-executor-1] INFO  impl.RaftServerImpl (ServerState.java:setRaftConf(354)) - afb36831-8adc-4a3c-ba5d-0ae21a058733@group-A598BE63B3C0: set configuration 0: [29bfa3d0-4cee-44d0-ba16-edf4c6f09a6d:192.168.151.121:40327, afb36831-8adc-4a3c-ba5d-0ae21a058733:192.168.151.121:40452, 346a7764-760d-427e-9530-0e15c9e08242:192.168.151.121:44304], old=null at 0
2019-09-24 02:34:22,012 [grpc-default-executor-1] INFO  segmented.SegmentedRaftLogWorker (SegmentedRaftLogWorker.java:truncate(396)) - afb36831-8adc-4a3c-ba5d-0ae21a058733@group-A598BE63B3C0-SegmentedRaftLogWorker: Truncating segments toTruncate: null
  toDelete: [(0, 0) isOpen? true, length=0, newEndIndex=-1], start index 0
2019-09-24 02:34:22,012 [grpc-default-executor-1] INFO  segmented.SegmentedRaftLogWorker (SegmentedRaftLogWorker.java:startLogSegment(380)) - afb36831-8adc-4a3c-ba5d-0ae21a058733@group-A598BE63B3C0-SegmentedRaftLogWorker: Starting segment from index:0
2019-09-24 02:34:22,014 [afb36831-8adc-4a3c-ba5d-0ae21a058733@group-A598BE63B3C0-SegmentedRaftLogWorker] INFO  segmented.SegmentedRaftLogWorker (SegmentedRaftLogWorker.java:execute(633)) - afb36831-8adc-4a3c-ba5d-0ae21a058733@group-A598BE63B3C0-SegmentedRaftLogWorker: Deleted log file /workdir/hadoop-ozone/integration-test/target/test-dir/MiniOzoneClusterImpl-2d72fd32-3911-4ce5-968d-89f72e8fe093/datanode-2/data/ratis/7712695e-d0c8-47dc-82b7-a598be63b3c0/current/log_inprogress_0
2019-09-24 02:34:22,015 [afb36831-8adc-4a3c-ba5d-0ae21a058733@group-A598BE63B3C0-SegmentedRaftLogWorker] INFO  segmented.SegmentedRaftLogWorker (SegmentedRaftLogWorker.java:lambda$new$0(132)) - afb36831-8adc-4a3c-ba5d-0ae21a058733@group-A598BE63B3C0-SegmentedRaftLogWorker: flushIndex: setUnconditionally 0 -> -1
2019-09-24 02:34:22,022 [346a7764-760d-427e-9530-0e15c9e08242@group-A598BE63B3C0-SegmentedRaftLogWorker] INFO  segmented.SegmentedRaftLogWorker (SegmentedRaftLogWorker.java:execute(569)) - 346a7764-760d-427e-9530-0e15c9e08242@group-A598BE63B3C0-SegmentedRaftLogWorker: created new log segment /workdir/hadoop-ozone/integration-test/target/test-dir/MiniOzoneClusterImpl-2d72fd32-3911-4ce5-968d-89f72e8fe093/datanode-0/data/ratis/7712695e-d0c8-47dc-82b7-a598be63b3c0/current/log_inprogress_0
2019-09-24 02:34:22,052 [29bfa3d0-4cee-44d0-ba16-edf4c6f09a6d@group-A598BE63B3C0-SegmentedRaftLogWorker] INFO  segmented.SegmentedRaftLogWorker (SegmentedRaftLogWorker.java:execute(569)) - 29bfa3d0-4cee-44d0-ba16-edf4c6f09a6d@group-A598BE63B3C0-SegmentedRaftLogWorker: created new log segment /workdir/hadoop-ozone/integration-test/target/test-dir/MiniOzoneClusterImpl-2d72fd32-3911-4ce5-968d-89f72e8fe093/datanode-1/data/ratis/7712695e-d0c8-47dc-82b7-a598be63b3c0/current/log_inprogress_0
2019-09-24 02:34:22,057 [afb36831-8adc-4a3c-ba5d-0ae21a058733@group-A598BE63B3C0-SegmentedRaftLogWorker] INFO  segmented.SegmentedRaftLogWorker (SegmentedRaftLogWorker.java:execute(569)) - afb36831-8adc-4a3c-ba5d-0ae21a058733@group-A598BE63B3C0-SegmentedRaftLogWorker: created new log segment /workdir/hadoop-ozone/integration-test/target/test-dir/MiniOzoneClusterImpl-2d72fd32-3911-4ce5-968d-89f72e8fe093/datanode-2/data/ratis/7712695e-d0c8-47dc-82b7-a598be63b3c0/current/log_inprogress_0
2019-09-24 02:34:22,611 [main] INFO  ipc.Client (Client.java:handleConnectionFailure(948)) - Retrying connect to server: localhost/127.0.0.1:0. Already tried 0 time(s); retry policy is RetryUpToMaximumCountWithFixedSleep(maxRetries=10, sleepTime=1000 MILLISECONDS)
2019-09-24 02:34:23,612 [main] INFO  ipc.Client (Client.java:handleConnectionFailure(948)) - Retrying connect to server: localhost/127.0.0.1:0. Already tried 1 time(s); retry policy is RetryUpToMaximumCountWithFixedSleep(maxRetries=10, sleepTime=1000 MILLISECONDS)
2019-09-24 02:34:24,614 [main] INFO  ipc.Client (Client.java:handleConnectionFailure(948)) - Retrying connect to server: localhost/127.0.0.1:0. Already tried 2 time(s); retry policy is RetryUpToMaximumCountWithFixedSleep(maxRetries=10, sleepTime=1000 MILLISECONDS)
2019-09-24 02:34:25,616 [main] INFO  ipc.Client (Client.java:handleConnectionFailure(948)) - Retrying connect to server: localhost/127.0.0.1:0. Already tried 3 time(s); retry policy is RetryUpToMaximumCountWithFixedSleep(maxRetries=10, sleepTime=1000 MILLISECONDS)
2019-09-24 02:34:26,617 [main] INFO  ipc.Client (Client.java:handleConnectionFailure(948)) - Retrying connect to server: localhost/127.0.0.1:0. Already tried 4 time(s); retry policy is RetryUpToMaximumCountWithFixedSleep(maxRetries=10, sleepTime=1000 MILLISECONDS)
2019-09-24 02:34:27,618 [main] INFO  ipc.Client (Client.java:handleConnectionFailure(948)) - Retrying connect to server: localhost/127.0.0.1:0. Already tried 5 time(s); retry policy is RetryUpToMaximumCountWithFixedSleep(maxRetries=10, sleepTime=1000 MILLISECONDS)
2019-09-24 02:34:28,620 [main] INFO  ipc.Client (Client.java:handleConnectionFailure(948)) - Retrying connect to server: localhost/127.0.0.1:0. Already tried 6 time(s); retry policy is RetryUpToMaximumCountWithFixedSleep(maxRetries=10, sleepTime=1000 MILLISECONDS)
2019-09-24 02:34:29,621 [main] INFO  ipc.Client (Client.java:handleConnectionFailure(948)) - Retrying connect to server: localhost/127.0.0.1:0. Already tried 7 time(s); retry policy is RetryUpToMaximumCountWithFixedSleep(maxRetries=10, sleepTime=1000 MILLISECONDS)
2019-09-24 02:34:30,623 [main] INFO  ipc.Client (Client.java:handleConnectionFailure(948)) - Retrying connect to server: localhost/127.0.0.1:0. Already tried 8 time(s); retry policy is RetryUpToMaximumCountWithFixedSleep(maxRetries=10, sleepTime=1000 MILLISECONDS)
2019-09-24 02:34:31,625 [main] INFO  ipc.Client (Client.java:handleConnectionFailure(948)) - Retrying connect to server: localhost/127.0.0.1:0. Already tried 9 time(s); retry policy is RetryUpToMaximumCountWithFixedSleep(maxRetries=10, sleepTime=1000 MILLISECONDS)
2019-09-24 02:34:31,626 [main] INFO  retry.RetryInvocationHandler (RetryInvocationHandler.java:log(411)) - com.google.protobuf.ServiceException: java.net.ConnectException: Your endpoint configuration is wrong; For more details see:  http://wiki.apache.org/hadoop/UnsetHostnameOrPort, while invoking $Proxy37.submitRequest over nodeId=null,nodeAddress=127.0.0.1:0 after 1 failover attempts. Trying to failover immediately.
2019-09-24 02:34:32,627 [main] INFO  ipc.Client (Client.java:handleConnectionFailure(948)) - Retrying connect to server: localhost/127.0.0.1:0. Already tried 0 time(s); retry policy is RetryUpToMaximumCountWithFixedSleep(maxRetries=10, sleepTime=1000 MILLISECONDS)
2019-09-24 02:34:33,629 [main] INFO  ipc.Client (Client.java:handleConnectionFailure(948)) - Retrying connect to server: localhost/127.0.0.1:0. Already tried 1 time(s); retry policy is RetryUpToMaximumCountWithFixedSleep(maxRetries=10, sleepTime=1000 MILLISECONDS)
2019-09-24 02:34:34,631 [main] INFO  ipc.Client (Client.java:handleConnectionFailure(948)) - Retrying connect to server: localhost/127.0.0.1:0. Already tried 2 time(s); retry policy is RetryUpToMaximumCountWithFixedSleep(maxRetries=10, sleepTime=1000 MILLISECONDS)
2019-09-24 02:34:35,632 [main] INFO  ipc.Client (Client.java:handleConnectionFailure(948)) - Retrying connect to server: localhost/127.0.0.1:0. Already tried 3 time(s); retry policy is RetryUpToMaximumCountWithFixedSleep(maxRetries=10, sleepTime=1000 MILLISECONDS)
2019-09-24 02:34:36,634 [main] INFO  ipc.Client (Client.java:handleConnectionFailure(948)) - Retrying connect to server: localhost/127.0.0.1:0. Already tried 4 time(s); retry policy is RetryUpToMaximumCountWithFixedSleep(maxRetries=10, sleepTime=1000 MILLISECONDS)
2019-09-24 02:34:37,635 [main] INFO  ipc.Client (Client.java:handleConnectionFailure(948)) - Retrying connect to server: localhost/127.0.0.1:0. Already tried 5 time(s); retry policy is RetryUpToMaximumCountWithFixedSleep(maxRetries=10, sleepTime=1000 MILLISECONDS)
2019-09-24 02:34:38,636 [main] INFO  ipc.Client (Client.java:handleConnectionFailure(948)) - Retrying connect to server: localhost/127.0.0.1:0. Already tried 6 time(s); retry policy is RetryUpToMaximumCountWithFixedSleep(maxRetries=10, sleepTime=1000 MILLISECONDS)
2019-09-24 02:34:39,638 [main] INFO  ipc.Client (Client.java:handleConnectionFailure(948)) - Retrying connect to server: localhost/127.0.0.1:0. Already tried 7 time(s); retry policy is RetryUpToMaximumCountWithFixedSleep(maxRetries=10, sleepTime=1000 MILLISECONDS)
2019-09-24 02:34:40,639 [main] INFO  ipc.Client (Client.java:handleConnectionFailure(948)) - Retrying connect to server: localhost/127.0.0.1:0. Already tried 8 time(s); retry policy is RetryUpToMaximumCountWithFixedSleep(maxRetries=10, sleepTime=1000 MILLISECONDS)
2019-09-24 02:34:41,640 [main] INFO  ipc.Client (Client.java:handleConnectionFailure(948)) - Retrying connect to server: localhost/127.0.0.1:0. Already tried 9 time(s); retry policy is RetryUpToMaximumCountWithFixedSleep(maxRetries=10, sleepTime=1000 MILLISECONDS)
2019-09-24 02:34:41,642 [main] INFO  retry.RetryInvocationHandler (RetryInvocationHandler.java:log(411)) - com.google.protobuf.ServiceException: java.net.ConnectException: Your endpoint configuration is wrong; For more details see:  http://wiki.apache.org/hadoop/UnsetHostnameOrPort, while invoking $Proxy37.submitRequest over nodeId=null,nodeAddress=127.0.0.1:0 after 2 failover attempts. Trying to failover immediately.
2019-09-24 02:34:42,644 [main] INFO  ipc.Client (Client.java:handleConnectionFailure(948)) - Retrying connect to server: localhost/127.0.0.1:0. Already tried 0 time(s); retry policy is RetryUpToMaximumCountWithFixedSleep(maxRetries=10, sleepTime=1000 MILLISECONDS)
2019-09-24 02:34:43,645 [main] INFO  ipc.Client (Client.java:handleConnectionFailure(948)) - Retrying connect to server: localhost/127.0.0.1:0. Already tried 1 time(s); retry policy is RetryUpToMaximumCountWithFixedSleep(maxRetries=10, sleepTime=1000 MILLISECONDS)
2019-09-24 02:34:44,646 [main] INFO  ipc.Client (Client.java:handleConnectionFailure(948)) - Retrying connect to server: localhost/127.0.0.1:0. Already tried 2 time(s); retry policy is RetryUpToMaximumCountWithFixedSleep(maxRetries=10, sleepTime=1000 MILLISECONDS)
2019-09-24 02:34:45,648 [main] INFO  ipc.Client (Client.java:handleConnectionFailure(948)) - Retrying connect to server: localhost/127.0.0.1:0. Already tried 3 time(s); retry policy is RetryUpToMaximumCountWithFixedSleep(maxRetries=10, sleepTime=1000 MILLISECONDS)
2019-09-24 02:34:46,649 [main] INFO  ipc.Client (Client.java:handleConnectionFailure(948)) - Retrying connect to server: localhost/127.0.0.1:0. Already tried 4 time(s); retry policy is RetryUpToMaximumCountWithFixedSleep(maxRetries=10, sleepTime=1000 MILLISECONDS)
2019-09-24 02:34:47,650 [main] INFO  ipc.Client (Client.java:handleConnectionFailure(948)) - Retrying connect to server: localhost/127.0.0.1:0. Already tried 5 time(s); retry policy is RetryUpToMaximumCountWithFixedSleep(maxRetries=10, sleepTime=1000 MILLISECONDS)
2019-09-24 02:34:48,652 [main] INFO  ipc.Client (Client.java:handleConnectionFailure(948)) - Retrying connect to server: localhost/127.0.0.1:0. Already tried 6 time(s); retry policy is RetryUpToMaximumCountWithFixedSleep(maxRetries=10, sleepTime=1000 MILLISECONDS)
2019-09-24 02:34:49,653 [main] INFO  ipc.Client (Client.java:handleConnectionFailure(948)) - Retrying connect to server: localhost/127.0.0.1:0. Already tried 7 time(s); retry policy is RetryUpToMaximumCountWithFixedSleep(maxRetries=10, sleepTime=1000 MILLISECONDS)
2019-09-24 02:34:50,654 [main] INFO  ipc.Client (Client.java:handleConnectionFailure(948)) - Retrying connect to server: localhost/127.0.0.1:0. Already tried 8 time(s); retry policy is RetryUpToMaximumCountWithFixedSleep(maxRetries=10, sleepTime=1000 MILLISECONDS)
2019-09-24 02:34:51,655 [main] INFO  ipc.Client (Client.java:handleConnectionFailure(948)) - Retrying connect to server: localhost/127.0.0.1:0. Already tried 9 time(s); retry policy is RetryUpToMaximumCountWithFixedSleep(maxRetries=10, sleepTime=1000 MILLISECONDS)
2019-09-24 02:34:51,657 [main] INFO  retry.RetryInvocationHandler (RetryInvocationHandler.java:log(411)) - com.google.protobuf.ServiceException: java.net.ConnectException: Your endpoint configuration is wrong; For more details see:  http://wiki.apache.org/hadoop/UnsetHostnameOrPort, while invoking $Proxy37.submitRequest over nodeId=null,nodeAddress=127.0.0.1:0 after 3 failover attempts. Trying to failover immediately.
2019-09-24 02:34:52,659 [main] INFO  ipc.Client (Client.java:handleConnectionFailure(948)) - Retrying connect to server: localhost/127.0.0.1:0. Already tried 0 time(s); retry policy is RetryUpToMaximumCountWithFixedSleep(maxRetries=10, sleepTime=1000 MILLISECONDS)
2019-09-24 02:34:53,660 [main] INFO  ipc.Client (Client.java:handleConnectionFailure(948)) - Retrying connect to server: localhost/127.0.0.1:0. Already tried 1 time(s); retry policy is RetryUpToMaximumCountWithFixedSleep(maxRetries=10, sleepTime=1000 MILLISECONDS)
2019-09-24 02:34:54,661 [main] INFO  ipc.Client (Client.java:handleConnectionFailure(948)) - Retrying connect to server: localhost/127.0.0.1:0. Already tried 2 time(s); retry policy is RetryUpToMaximumCountWithFixedSleep(maxRetries=10, sleepTime=1000 MILLISECONDS)
2019-09-24 02:34:55,662 [main] INFO  ipc.Client (Client.java:handleConnectionFailure(948)) - Retrying connect to server: localhost/127.0.0.1:0. Already tried 3 time(s); retry policy is RetryUpToMaximumCountWithFixedSleep(maxRetries=10, sleepTime=1000 MILLISECONDS)
2019-09-24 02:34:56,664 [main] INFO  ipc.Client (Client.java:handleConnectionFailure(948)) - Retrying connect to server: localhost/127.0.0.1:0. Already tried 4 time(s); retry policy is RetryUpToMaximumCountWithFixedSleep(maxRetries=10, sleepTime=1000 MILLISECONDS)
2019-09-24 02:34:57,665 [main] INFO  ipc.Client (Client.java:handleConnectionFailure(948)) - Retrying connect to server: localhost/127.0.0.1:0. Already tried 5 time(s); retry policy is RetryUpToMaximumCountWithFixedSleep(maxRetries=10, sleepTime=1000 MILLISECONDS)
2019-09-24 02:34:58,667 [main] INFO  ipc.Client (Client.java:handleConnectionFailure(948)) - Retrying connect to server: localhost/127.0.0.1:0. Already tried 6 time(s); retry policy is RetryUpToMaximumCountWithFixedSleep(maxRetries=10, sleepTime=1000 MILLISECONDS)
2019-09-24 02:34:59,668 [main] INFO  ipc.Client (Client.java:handleConnectionFailure(948)) - Retrying connect to server: localhost/127.0.0.1:0. Already tried 7 time(s); retry policy is RetryUpToMaximumCountWithFixedSleep(maxRetries=10, sleepTime=1000 MILLISECONDS)
2019-09-24 02:35:00,669 [main] INFO  ipc.Client (Client.java:handleConnectionFailure(948)) - Retrying connect to server: localhost/127.0.0.1:0. Already tried 8 time(s); retry policy is RetryUpToMaximumCountWithFixedSleep(maxRetries=10, sleepTime=1000 MILLISECONDS)
2019-09-24 02:35:01,671 [main] INFO  ipc.Client (Client.java:handleConnectionFailure(948)) - Retrying connect to server: localhost/127.0.0.1:0. Already tried 9 time(s); retry policy is RetryUpToMaximumCountWithFixedSleep(maxRetries=10, sleepTime=1000 MILLISECONDS)
2019-09-24 02:35:01,673 [main] INFO  retry.RetryInvocationHandler (RetryInvocationHandler.java:log(411)) - com.google.protobuf.ServiceException: java.net.ConnectException: Your endpoint configuration is wrong; For more details see:  http://wiki.apache.org/hadoop/UnsetHostnameOrPort, while invoking $Proxy37.submitRequest over nodeId=null,nodeAddress=127.0.0.1:0 after 4 failover attempts. Trying to failover immediately.
2019-09-24 02:35:02,674 [main] INFO  ipc.Client (Client.java:handleConnectionFailure(948)) - Retrying connect to server: localhost/127.0.0.1:0. Already tried 0 time(s); retry policy is RetryUpToMaximumCountWithFixedSleep(maxRetries=10, sleepTime=1000 MILLISECONDS)
2019-09-24 02:35:03,675 [main] INFO  ipc.Client (Client.java:handleConnectionFailure(948)) - Retrying connect to server: localhost/127.0.0.1:0. Already tried 1 time(s); retry policy is RetryUpToMaximumCountWithFixedSleep(maxRetries=10, sleepTime=1000 MILLISECONDS)
2019-09-24 02:35:04,676 [main] INFO  ipc.Client (Client.java:handleConnectionFailure(948)) - Retrying connect to server: localhost/127.0.0.1:0. Already tried 2 time(s); retry policy is RetryUpToMaximumCountWithFixedSleep(maxRetries=10, sleepTime=1000 MILLISECONDS)
2019-09-24 02:35:05,678 [main] INFO  ipc.Client (Client.java:handleConnectionFailure(948)) - Retrying connect to server: localhost/127.0.0.1:0. Already tried 3 time(s); retry policy is RetryUpToMaximumCountWithFixedSleep(maxRetries=10, sleepTime=1000 MILLISECONDS)
2019-09-24 02:35:06,679 [main] INFO  ipc.Client (Client.java:handleConnectionFailure(948)) - Retrying connect to server: localhost/127.0.0.1:0. Already tried 4 time(s); retry policy is RetryUpToMaximumCountWithFixedSleep(maxRetries=10, sleepTime=1000 MILLISECONDS)
2019-09-24 02:35:07,680 [main] INFO  ipc.Client (Client.java:handleConnectionFailure(948)) - Retrying connect to server: localhost/127.0.0.1:0. Already tried 5 time(s); retry policy is RetryUpToMaximumCountWithFixedSleep(maxRetries=10, sleepTime=1000 MILLISECONDS)
2019-09-24 02:35:08,682 [main] INFO  ipc.Client (Client.java:handleConnectionFailure(948)) - Retrying connect to server: localhost/127.0.0.1:0. Already tried 6 time(s); retry policy is RetryUpToMaximumCountWithFixedSleep(maxRetries=10, sleepTime=1000 MILLISECONDS)
2019-09-24 02:35:09,684 [main] INFO  ipc.Client (Client.java:handleConnectionFailure(948)) - Retrying connect to server: localhost/127.0.0.1:0. Already tried 7 time(s); retry policy is RetryUpToMaximumCountWithFixedSleep(maxRetries=10, sleepTime=1000 MILLISECONDS)
2019-09-24 02:35:10,685 [main] INFO  ipc.Client (Client.java:handleConnectionFailure(948)) - Retrying connect to server: localhost/127.0.0.1:0. Already tried 8 time(s); retry policy is RetryUpToMaximumCountWithFixedSleep(maxRetries=10, sleepTime=1000 MILLISECONDS)
2019-09-24 02:35:11,686 [main] INFO  ipc.Client (Client.java:handleConnectionFailure(948)) - Retrying connect to server: localhost/127.0.0.1:0. Already tried 9 time(s); retry policy is RetryUpToMaximumCountWithFixedSleep(maxRetries=10, sleepTime=1000 MILLISECONDS)
2019-09-24 02:35:11,688 [main] INFO  retry.RetryInvocationHandler (RetryInvocationHandler.java:log(411)) - com.google.protobuf.ServiceException: java.net.ConnectException: Your endpoint configuration is wrong; For more details see:  http://wiki.apache.org/hadoop/UnsetHostnameOrPort, while invoking $Proxy37.submitRequest over nodeId=null,nodeAddress=127.0.0.1:0 after 5 failover attempts. Trying to failover immediately.
2019-09-24 02:35:12,689 [main] INFO  ipc.Client (Client.java:handleConnectionFailure(948)) - Retrying connect to server: localhost/127.0.0.1:0. Already tried 0 time(s); retry policy is RetryUpToMaximumCountWithFixedSleep(maxRetries=10, sleepTime=1000 MILLISECONDS)
2019-09-24 02:35:13,690 [main] INFO  ipc.Client (Client.java:handleConnectionFailure(948)) - Retrying connect to server: localhost/127.0.0.1:0. Already tried 1 time(s); retry policy is RetryUpToMaximumCountWithFixedSleep(maxRetries=10, sleepTime=1000 MILLISECONDS)
2019-09-24 02:35:14,692 [main] INFO  ipc.Client (Client.java:handleConnectionFailure(948)) - Retrying connect to server: localhost/127.0.0.1:0. Already tried 2 time(s); retry policy is RetryUpToMaximumCountWithFixedSleep(maxRetries=10, sleepTime=1000 MILLISECONDS)
2019-09-24 02:35:15,693 [main] INFO  ipc.Client (Client.java:handleConnectionFailure(948)) - Retrying connect to server: localhost/127.0.0.1:0. Already tried 3 time(s); retry policy is RetryUpToMaximumCountWithFixedSleep(maxRetries=10, sleepTime=1000 MILLISECONDS)
2019-09-24 02:35:16,694 [main] INFO  ipc.Client (Client.java:handleConnectionFailure(948)) - Retrying connect to server: localhost/127.0.0.1:0. Already tried 4 time(s); retry policy is RetryUpToMaximumCountWithFixedSleep(maxRetries=10, sleepTime=1000 MILLISECONDS)
2019-09-24 02:35:17,696 [main] INFO  ipc.Client (Client.java:handleConnectionFailure(948)) - Retrying connect to server: localhost/127.0.0.1:0. Already tried 5 time(s); retry policy is RetryUpToMaximumCountWithFixedSleep(maxRetries=10, sleepTime=1000 MILLISECONDS)
2019-09-24 02:35:18,697 [main] INFO  ipc.Client (Client.java:handleConnectionFailure(948)) - Retrying connect to server: localhost/127.0.0.1:0. Already tried 6 time(s); retry policy is RetryUpToMaximumCountWithFixedSleep(maxRetries=10, sleepTime=1000 MILLISECONDS)
2019-09-24 02:35:19,699 [main] INFO  ipc.Client (Client.java:handleConnectionFailure(948)) - Retrying connect to server: localhost/127.0.0.1:0. Already tried 7 time(s); retry policy is RetryUpToMaximumCountWithFixedSleep(maxRetries=10, sleepTime=1000 MILLISECONDS)
2019-09-24 02:35:20,700 [main] INFO  ipc.Client (Client.java:handleConnectionFailure(948)) - Retrying connect to server: localhost/127.0.0.1:0. Already tried 8 time(s); retry policy is RetryUpToMaximumCountWithFixedSleep(maxRetries=10, sleepTime=1000 MILLISECONDS)
2019-09-24 02:35:21,701 [main] INFO  ipc.Client (Client.java:handleConnectionFailure(948)) - Retrying connect to server: localhost/127.0.0.1:0. Already tried 9 time(s); retry policy is RetryUpToMaximumCountWithFixedSleep(maxRetries=10, sleepTime=1000 MILLISECONDS)
2019-09-24 02:35:21,703 [main] INFO  retry.RetryInvocationHandler (RetryInvocationHandler.java:log(411)) - com.google.protobuf.ServiceException: java.net.ConnectException: Your endpoint configuration is wrong; For more details see:  http://wiki.apache.org/hadoop/UnsetHostnameOrPort, while invoking $Proxy37.submitRequest over nodeId=null,nodeAddress=127.0.0.1:0 after 6 failover attempts. Trying to failover immediately.
2019-09-24 02:35:22,705 [main] INFO  ipc.Client (Client.java:handleConnectionFailure(948)) - Retrying connect to server: localhost/127.0.0.1:0. Already tried 0 time(s); retry policy is RetryUpToMaximumCountWithFixedSleep(maxRetries=10, sleepTime=1000 MILLISECONDS)
2019-09-24 02:35:23,706 [main] INFO  ipc.Client (Client.java:handleConnectionFailure(948)) - Retrying connect to server: localhost/127.0.0.1:0. Already tried 1 time(s); retry policy is RetryUpToMaximumCountWithFixedSleep(maxRetries=10, sleepTime=1000 MILLISECONDS)
2019-09-24 02:35:24,708 [main] INFO  ipc.Client (Client.java:handleConnectionFailure(948)) - Retrying connect to server: localhost/127.0.0.1:0. Already tried 2 time(s); retry policy is RetryUpToMaximumCountWithFixedSleep(maxRetries=10, sleepTime=1000 MILLISECONDS)
2019-09-24 02:35:25,709 [main] INFO  ipc.Client (Client.java:handleConnectionFailure(948)) - Retrying connect to server: localhost/127.0.0.1:0. Already tried 3 time(s); retry policy is RetryUpToMaximumCountWithFixedSleep(maxRetries=10, sleepTime=1000 MILLISECONDS)
2019-09-24 02:35:26,711 [main] INFO  ipc.Client (Client.java:handleConnectionFailure(948)) - Retrying connect to server: localhost/127.0.0.1:0. Already tried 4 time(s); retry policy is RetryUpToMaximumCountWithFixedSleep(maxRetries=10, sleepTime=1000 MILLISECONDS)
2019-09-24 02:35:27,712 [main] INFO  ipc.Client (Client.java:handleConnectionFailure(948)) - Retrying connect to server: localhost/127.0.0.1:0. Already tried 5 time(s); retry policy is RetryUpToMaximumCountWithFixedSleep(maxRetries=10, sleepTime=1000 MILLISECONDS)
2019-09-24 02:35:28,713 [main] INFO  ipc.Client (Client.java:handleConnectionFailure(948)) - Retrying connect to server: localhost/127.0.0.1:0. Already tried 6 time(s); retry policy is RetryUpToMaximumCountWithFixedSleep(maxRetries=10, sleepTime=1000 MILLISECONDS)
2019-09-24 02:35:29,715 [main] INFO  ipc.Client (Client.java:handleConnectionFailure(948)) - Retrying connect to server: localhost/127.0.0.1:0. Already tried 7 time(s); retry policy is RetryUpToMaximumCountWithFixedSleep(maxRetries=10, sleepTime=1000 MILLISECONDS)
2019-09-24 02:35:30,716 [main] INFO  ipc.Client (Client.java:handleConnectionFailure(948)) - Retrying connect to server: localhost/127.0.0.1:0. Already tried 8 time(s); retry policy is RetryUpToMaximumCountWithFixedSleep(maxRetries=10, sleepTime=1000 MILLISECONDS)
2019-09-24 02:35:31,717 [main] INFO  ipc.Client (Client.java:handleConnectionFailure(948)) - Retrying connect to server: localhost/127.0.0.1:0. Already tried 9 time(s); retry policy is RetryUpToMaximumCountWithFixedSleep(maxRetries=10, sleepTime=1000 MILLISECONDS)
2019-09-24 02:35:31,718 [main] INFO  retry.RetryInvocationHandler (RetryInvocationHandler.java:log(411)) - com.google.protobuf.ServiceException: java.net.ConnectException: Your endpoint configuration is wrong; For more details see:  http://wiki.apache.org/hadoop/UnsetHostnameOrPort, while invoking $Proxy37.submitRequest over nodeId=null,nodeAddress=127.0.0.1:0 after 7 failover attempts. Trying to failover immediately.
2019-09-24 02:35:32,719 [main] INFO  ipc.Client (Client.java:handleConnectionFailure(948)) - Retrying connect to server: localhost/127.0.0.1:0. Already tried 0 time(s); retry policy is RetryUpToMaximumCountWithFixedSleep(maxRetries=10, sleepTime=1000 MILLISECONDS)
2019-09-24 02:35:33,720 [main] INFO  ipc.Client (Client.java:handleConnectionFailure(948)) - Retrying connect to server: localhost/127.0.0.1:0. Already tried 1 time(s); retry policy is RetryUpToMaximumCountWithFixedSleep(maxRetries=10, sleepTime=1000 MILLISECONDS)
2019-09-24 02:35:34,722 [main] INFO  ipc.Client (Client.java:handleConnectionFailure(948)) - Retrying connect to server: localhost/127.0.0.1:0. Already tried 2 time(s); retry policy is RetryUpToMaximumCountWithFixedSleep(maxRetries=10, sleepTime=1000 MILLISECONDS)
2019-09-24 02:35:35,724 [main] INFO  ipc.Client (Client.java:handleConnectionFailure(948)) - Retrying connect to server: localhost/127.0.0.1:0. Already tried 3 time(s); retry policy is RetryUpToMaximumCountWithFixedSleep(maxRetries=10, sleepTime=1000 MILLISECONDS)
2019-09-24 02:35:36,725 [main] INFO  ipc.Client (Client.java:handleConnectionFailure(948)) - Retrying connect to server: localhost/127.0.0.1:0. Already tried 4 time(s); retry policy is RetryUpToMaximumCountWithFixedSleep(maxRetries=10, sleepTime=1000 MILLISECONDS)
2019-09-24 02:35:37,727 [main] INFO  ipc.Client (Client.java:handleConnectionFailure(948)) - Retrying connect to server: localhost/127.0.0.1:0. Already tried 5 time(s); retry policy is RetryUpToMaximumCountWithFixedSleep(maxRetries=10, sleepTime=1000 MILLISECONDS)
2019-09-24 02:35:38,728 [main] INFO  ipc.Client (Client.java:handleConnectionFailure(948)) - Retrying connect to server: localhost/127.0.0.1:0. Already tried 6 time(s); retry policy is RetryUpToMaximumCountWithFixedSleep(maxRetries=10, sleepTime=1000 MILLISECONDS)
2019-09-24 02:35:39,729 [main] INFO  ipc.Client (Client.java:handleConnectionFailure(948)) - Retrying connect to server: localhost/127.0.0.1:0. Already tried 7 time(s); retry policy is RetryUpToMaximumCountWithFixedSleep(maxRetries=10, sleepTime=1000 MILLISECONDS)
2019-09-24 02:35:40,731 [main] INFO  ipc.Client (Client.java:handleConnectionFailure(948)) - Retrying connect to server: localhost/127.0.0.1:0. Already tried 8 time(s); retry policy is RetryUpToMaximumCountWithFixedSleep(maxRetries=10, sleepTime=1000 MILLISECONDS)
2019-09-24 02:35:41,732 [main] INFO  ipc.Client (Client.java:handleConnectionFailure(948)) - Retrying connect to server: localhost/127.0.0.1:0. Already tried 9 time(s); retry policy is RetryUpToMaximumCountWithFixedSleep(maxRetries=10, sleepTime=1000 MILLISECONDS)
2019-09-24 02:35:41,734 [main] INFO  retry.RetryInvocationHandler (RetryInvocationHandler.java:log(411)) - com.google.protobuf.ServiceException: java.net.ConnectException: Your endpoint configuration is wrong; For more details see:  http://wiki.apache.org/hadoop/UnsetHostnameOrPort, while invoking $Proxy37.submitRequest over nodeId=null,nodeAddress=127.0.0.1:0 after 8 failover attempts. Trying to failover immediately.
2019-09-24 02:35:42,735 [main] INFO  ipc.Client (Client.java:handleConnectionFailure(948)) - Retrying connect to server: localhost/127.0.0.1:0. Already tried 0 time(s); retry policy is RetryUpToMaximumCountWithFixedSleep(maxRetries=10, sleepTime=1000 MILLISECONDS)
2019-09-24 02:35:43,736 [main] INFO  ipc.Client (Client.java:handleConnectionFailure(948)) - Retrying connect to server: localhost/127.0.0.1:0. Already tried 1 time(s); retry policy is RetryUpToMaximumCountWithFixedSleep(maxRetries=10, sleepTime=1000 MILLISECONDS)
2019-09-24 02:35:44,738 [main] INFO  ipc.Client (Client.java:handleConnectionFailure(948)) - Retrying connect to server: localhost/127.0.0.1:0. Already tried 2 time(s); retry policy is RetryUpToMaximumCountWithFixedSleep(maxRetries=10, sleepTime=1000 MILLISECONDS)
2019-09-24 02:35:45,739 [main] INFO  ipc.Client (Client.java:handleConnectionFailure(948)) - Retrying connect to server: localhost/127.0.0.1:0. Already tried 3 time(s); retry policy is RetryUpToMaximumCountWithFixedSleep(maxRetries=10, sleepTime=1000 MILLISECONDS)
2019-09-24 02:35:46,741 [main] INFO  ipc.Client (Client.java:handleConnectionFailure(948)) - Retrying connect to server: localhost/127.0.0.1:0. Already tried 4 time(s); retry policy is RetryUpToMaximumCountWithFixedSleep(maxRetries=10, sleepTime=1000 MILLISECONDS)
2019-09-24 02:35:47,742 [main] INFO  ipc.Client (Client.java:handleConnectionFailure(948)) - Retrying connect to server: localhost/127.0.0.1:0. Already tried 5 time(s); retry policy is RetryUpToMaximumCountWithFixedSleep(maxRetries=10, sleepTime=1000 MILLISECONDS)
2019-09-24 02:35:48,743 [main] INFO  ipc.Client (Client.java:handleConnectionFailure(948)) - Retrying connect to server: localhost/127.0.0.1:0. Already tried 6 time(s); retry policy is RetryUpToMaximumCountWithFixedSleep(maxRetries=10, sleepTime=1000 MILLISECONDS)
2019-09-24 02:35:49,745 [main] INFO  ipc.Client (Client.java:handleConnectionFailure(948)) - Retrying connect to server: localhost/127.0.0.1:0. Already tried 7 time(s); retry policy is RetryUpToMaximumCountWithFixedSleep(maxRetries=10, sleepTime=1000 MILLISECONDS)
2019-09-24 02:35:50,746 [main] INFO  ipc.Client (Client.java:handleConnectionFailure(948)) - Retrying connect to server: localhost/127.0.0.1:0. Already tried 8 time(s); retry policy is RetryUpToMaximumCountWithFixedSleep(maxRetries=10, sleepTime=1000 MILLISECONDS)
2019-09-24 02:35:51,748 [main] INFO  ipc.Client (Client.java:handleConnectionFailure(948)) - Retrying connect to server: localhost/127.0.0.1:0. Already tried 9 time(s); retry policy is RetryUpToMaximumCountWithFixedSleep(maxRetries=10, sleepTime=1000 MILLISECONDS)
2019-09-24 02:35:51,749 [main] INFO  retry.RetryInvocationHandler (RetryInvocationHandler.java:log(411)) - com.google.protobuf.ServiceException: java.net.ConnectException: Your endpoint configuration is wrong; For more details see:  http://wiki.apache.org/hadoop/UnsetHostnameOrPort, while invoking $Proxy37.submitRequest over nodeId=null,nodeAddress=127.0.0.1:0 after 9 failover attempts. Trying to failover immediately.
2019-09-24 02:35:52,750 [main] INFO  ipc.Client (Client.java:handleConnectionFailure(948)) - Retrying connect to server: localhost/127.0.0.1:0. Already tried 0 time(s); retry policy is RetryUpToMaximumCountWithFixedSleep(maxRetries=10, sleepTime=1000 MILLISECONDS)
2019-09-24 02:35:53,752 [main] INFO  ipc.Client (Client.java:handleConnectionFailure(948)) - Retrying connect to server: localhost/127.0.0.1:0. Already tried 1 time(s); retry policy is RetryUpToMaximumCountWithFixedSleep(maxRetries=10, sleepTime=1000 MILLISECONDS)
2019-09-24 02:35:54,753 [main] INFO  ipc.Client (Client.java:handleConnectionFailure(948)) - Retrying connect to server: localhost/127.0.0.1:0. Already tried 2 time(s); retry policy is RetryUpToMaximumCountWithFixedSleep(maxRetries=10, sleepTime=1000 MILLISECONDS)
2019-09-24 02:35:55,754 [main] INFO  ipc.Client (Client.java:handleConnectionFailure(948)) - Retrying connect to server: localhost/127.0.0.1:0. Already tried 3 time(s); retry policy is RetryUpToMaximumCountWithFixedSleep(maxRetries=10, sleepTime=1000 MILLISECONDS)
2019-09-24 02:35:56,755 [main] INFO  ipc.Client (Client.java:handleConnectionFailure(948)) - Retrying connect to server: localhost/127.0.0.1:0. Already tried 4 time(s); retry policy is RetryUpToMaximumCountWithFixedSleep(maxRetries=10, sleepTime=1000 MILLISECONDS)
2019-09-24 02:35:57,757 [main] INFO  ipc.Client (Client.java:handleConnectionFailure(948)) - Retrying connect to server: localhost/127.0.0.1:0. Already tried 5 time(s); retry policy is RetryUpToMaximumCountWithFixedSleep(maxRetries=10, sleepTime=1000 MILLISECONDS)
2019-09-24 02:35:58,758 [main] INFO  ipc.Client (Client.java:handleConnectionFailure(948)) - Retrying connect to server: localhost/127.0.0.1:0. Already tried 6 time(s); retry policy is RetryUpToMaximumCountWithFixedSleep(maxRetries=10, sleepTime=1000 MILLISECONDS)
2019-09-24 02:35:59,759 [main] INFO  ipc.Client (Client.java:handleConnectionFailure(948)) - Retrying connect to server: localhost/127.0.0.1:0. Already tried 7 time(s); retry policy is RetryUpToMaximumCountWithFixedSleep(maxRetries=10, sleepTime=1000 MILLISECONDS)
2019-09-24 02:36:00,761 [main] INFO  ipc.Client (Client.java:handleConnectionFailure(948)) - Retrying connect to server: localhost/127.0.0.1:0. Already tried 8 time(s); retry policy is RetryUpToMaximumCountWithFixedSleep(maxRetries=10, sleepTime=1000 MILLISECONDS)
2019-09-24 02:36:01,764 [main] INFO  ipc.Client (Client.java:handleConnectionFailure(948)) - Retrying connect to server: localhost/127.0.0.1:0. Already tried 9 time(s); retry policy is RetryUpToMaximumCountWithFixedSleep(maxRetries=10, sleepTime=1000 MILLISECONDS)
2019-09-24 02:36:01,766 [main] ERROR ha.OMFailoverProxyProvider (OzoneManagerProtocolClientSideTranslatorPB.java:getRetryAction(268)) - Failed to connect to OM. Attempted 10 retries and 10 failovers
2019-09-24 02:36:01,769 [main] ERROR client.OzoneClientFactory (OzoneClientFactory.java:getClientProtocol(259)) - Couldn't create RpcClient protocol exception: 
java.net.ConnectException: Your endpoint configuration is wrong; For more details see:  http://wiki.apache.org/hadoop/UnsetHostnameOrPort
	at sun.reflect.NativeConstructorAccessorImpl.newInstance0(Native Method)
	at sun.reflect.NativeConstructorAccessorImpl.newInstance(NativeConstructorAccessorImpl.java:62)
	at sun.reflect.DelegatingConstructorAccessorImpl.newInstance(DelegatingConstructorAccessorImpl.java:45)
	at java.lang.reflect.Constructor.newInstance(Constructor.java:423)
	at org.apache.hadoop.net.NetUtils.wrapWithMessage(NetUtils.java:831)
	at org.apache.hadoop.net.NetUtils.wrapException(NetUtils.java:751)
	at org.apache.hadoop.ipc.Client.getRpcResponse(Client.java:1515)
	at org.apache.hadoop.ipc.Client.call(Client.java:1457)
	at org.apache.hadoop.ipc.Client.call(Client.java:1367)
	at org.apache.hadoop.ipc.ProtobufRpcEngine$Invoker.invoke(ProtobufRpcEngine.java:228)
	at org.apache.hadoop.ipc.ProtobufRpcEngine$Invoker.invoke(ProtobufRpcEngine.java:116)
	at com.sun.proxy.$Proxy37.submitRequest(Unknown Source)
	at sun.reflect.NativeMethodAccessorImpl.invoke0(Native Method)
	at sun.reflect.NativeMethodAccessorImpl.invoke(NativeMethodAccessorImpl.java:62)
	at sun.reflect.DelegatingMethodAccessorImpl.invoke(DelegatingMethodAccessorImpl.java:43)
	at java.lang.reflect.Method.invoke(Method.java:498)
	at org.apache.hadoop.io.retry.RetryInvocationHandler.invokeMethod(RetryInvocationHandler.java:422)
	at org.apache.hadoop.io.retry.RetryInvocationHandler$Call.invokeMethod(RetryInvocationHandler.java:165)
	at org.apache.hadoop.io.retry.RetryInvocationHandler$Call.invoke(RetryInvocationHandler.java:157)
	at org.apache.hadoop.io.retry.RetryInvocationHandler$Call.invokeOnce(RetryInvocationHandler.java:95)
	at org.apache.hadoop.io.retry.RetryInvocationHandler.invoke(RetryInvocationHandler.java:359)
	at com.sun.proxy.$Proxy37.submitRequest(Unknown Source)
	at org.apache.hadoop.ozone.om.protocolPB.OzoneManagerProtocolClientSideTranslatorPB.submitRequest(OzoneManagerProtocolClientSideTranslatorPB.java:338)
	at org.apache.hadoop.ozone.om.protocolPB.OzoneManagerProtocolClientSideTranslatorPB.getServiceInfo(OzoneManagerProtocolClientSideTranslatorPB.java:1223)
	at sun.reflect.NativeMethodAccessorImpl.invoke0(Native Method)
	at sun.reflect.NativeMethodAccessorImpl.invoke(NativeMethodAccessorImpl.java:62)
	at sun.reflect.DelegatingMethodAccessorImpl.invoke(DelegatingMethodAccessorImpl.java:43)
	at java.lang.reflect.Method.invoke(Method.java:498)
	at org.apache.hadoop.hdds.tracing.TraceAllMethod.invoke(TraceAllMethod.java:66)
	at com.sun.proxy.$Proxy38.getServiceInfo(Unknown Source)
	at org.apache.hadoop.ozone.client.rpc.RpcClient.<init>(RpcClient.java:154)
	at org.apache.hadoop.ozone.client.OzoneClientFactory.getClientProtocol(OzoneClientFactory.java:256)
	at org.apache.hadoop.ozone.client.OzoneClientFactory.getClientProtocol(OzoneClientFactory.java:239)
	at org.apache.hadoop.ozone.client.OzoneClientFactory.getClient(OzoneClientFactory.java:75)
	at org.apache.hadoop.ozone.client.rpc.TestCloseContainerHandlingByClient.init(TestCloseContainerHandlingByClient.java:97)
	at sun.reflect.NativeMethodAccessorImpl.invoke0(Native Method)
	at sun.reflect.NativeMethodAccessorImpl.invoke(NativeMethodAccessorImpl.java:62)
	at sun.reflect.DelegatingMethodAccessorImpl.invoke(DelegatingMethodAccessorImpl.java:43)
	at java.lang.reflect.Method.invoke(Method.java:498)
	at org.junit.runners.model.FrameworkMethod$1.runReflectiveCall(FrameworkMethod.java:47)
	at org.junit.internal.runners.model.ReflectiveCallable.run(ReflectiveCallable.java:12)
	at org.junit.runners.model.FrameworkMethod.invokeExplosively(FrameworkMethod.java:44)
	at org.junit.internal.runners.statements.RunBefores.evaluate(RunBefores.java:24)
	at org.junit.internal.runners.statements.RunAfters.evaluate(RunAfters.java:27)
	at org.junit.runners.ParentRunner.run(ParentRunner.java:309)
	at org.apache.maven.surefire.junit4.JUnit4Provider.execute(JUnit4Provider.java:365)
	at org.apache.maven.surefire.junit4.JUnit4Provider.executeWithRerun(JUnit4Provider.java:273)
	at org.apache.maven.surefire.junit4.JUnit4Provider.executeTestSet(JUnit4Provider.java:238)
	at org.apache.maven.surefire.junit4.JUnit4Provider.invoke(JUnit4Provider.java:159)
	at org.apache.maven.surefire.booter.ForkedBooter.invokeProviderInSameClassLoader(ForkedBooter.java:384)
	at org.apache.maven.surefire.booter.ForkedBooter.runSuitesInProcess(ForkedBooter.java:345)
	at org.apache.maven.surefire.booter.ForkedBooter.execute(ForkedBooter.java:126)
	at org.apache.maven.surefire.booter.ForkedBooter.main(ForkedBooter.java:418)
Caused by: java.net.ConnectException: Connection refused
	at sun.nio.ch.SocketChannelImpl.checkConnect(Native Method)
	at sun.nio.ch.SocketChannelImpl.finishConnect(SocketChannelImpl.java:717)
	at org.apache.hadoop.net.SocketIOWithTimeout.connect(SocketIOWithTimeout.java:206)
	at org.apache.hadoop.net.NetUtils.connect(NetUtils.java:531)
	at org.apache.hadoop.ipc.Client$Connection.setupConnection(Client.java:690)
	at org.apache.hadoop.ipc.Client$Connection.setupIOstreams(Client.java:794)
	at org.apache.hadoop.ipc.Client$Connection.access$3700(Client.java:411)
	at org.apache.hadoop.ipc.Client.getConnection(Client.java:1572)
	at org.apache.hadoop.ipc.Client.call(Client.java:1403)
	... 45 more
2019-09-24 02:36:02,260 [main] INFO  ozone.MiniOzoneClusterImpl (MiniOzoneClusterImpl.java:shutdown(314)) - Shutting down the Mini Ozone Cluster
2019-09-24 02:36:02,261 [main] INFO  ozone.MiniOzoneClusterImpl (MiniOzoneClusterImpl.java:stop(330)) - Stopping the Mini Ozone Cluster
2019-09-24 02:36:02,261 [main] INFO  ozone.MiniOzoneClusterImpl (MiniOzoneClusterImpl.java:stopOM(400)) - Stopping the OzoneManager
2019-09-24 02:36:02,262 [main] INFO  ipc.Server (Server.java:stop(3082)) - Stopping server on 33090
2019-09-24 02:36:02,270 [IPC Server listener on 33090] INFO  ipc.Server (Server.java:run(1185)) - Stopping IPC Server listener on 33090
2019-09-24 02:36:02,271 [main] INFO  ratis.OzoneManagerDoubleBuffer (OzoneManagerDoubleBuffer.java:stop(248)) - Stopping OMDoubleBuffer flush thread
2019-09-24 02:36:02,274 [IPC Server Responder] INFO  ipc.Server (Server.java:run(1319)) - Stopping IPC Server Responder
2019-09-24 02:36:02,276 [OMDoubleBufferFlushThread] INFO  ratis.OzoneManagerDoubleBuffer (OzoneManagerDoubleBuffer.java:flushTransactions(191)) - OMDoubleBuffer flush thread OMDoubleBufferFlushThread is interrupted and will exit. OMDoubleBufferFlushThread
2019-09-24 02:36:02,302 [main] INFO  utils.BackgroundService (BackgroundService.java:shutdown(148)) - Shutting down service KeyDeletingService
2019-09-24 02:36:02,307 [main] INFO  handler.ContextHandler (ContextHandler.java:doStop(910)) - Stopped o.e.j.w.WebAppContext@1cbb3d3b{/,null,UNAVAILABLE}{/ozoneManager}
2019-09-24 02:36:02,314 [main] INFO  server.AbstractConnector (AbstractConnector.java:doStop(318)) - Stopped ServerConnector@529cfee5{HTTP/1.1,[http/1.1]}{0.0.0.0:0}
2019-09-24 02:36:02,314 [main] INFO  handler.ContextHandler (ContextHandler.java:doStop(910)) - Stopped o.e.j.s.ServletContextHandler@629f066f{/static,file:///workdir/hadoop-ozone/integration-test/target/test-classes/webapps/static,UNAVAILABLE}
2019-09-24 02:36:02,315 [main] INFO  handler.ContextHandler (ContextHandler.java:doStop(910)) - Stopped o.e.j.s.ServletContextHandler@5cf8edcf{/logs,file:///workdir/hadoop-ozone/integration-test/target/log,UNAVAILABLE}
2019-09-24 02:36:02,319 [main] INFO  ozone.MiniOzoneClusterImpl (MiniOzoneClusterImpl.java:stopDatanodes(377)) - Stopping the HddsDatanodes
2019-09-24 02:36:03,251 [Datanode State Machine Thread - 0] INFO  statemachine.DatanodeStateMachine (DatanodeStateMachine.java:lambda$startDaemon$0(350)) - Ozone container server started.
2019-09-24 02:36:03,253 [Datanode State Machine Thread - 0] INFO  statemachine.DatanodeStateMachine (DatanodeStateMachine.java:lambda$startDaemon$0(350)) - Ozone container server started.
2019-09-24 02:36:05,265 [EventQueue-StaleNodeForStaleNodeHandler] INFO  node.StaleNodeHandler (StaleNodeHandler.java:onMessage(58)) - Datanode 69793d86-5a36-4e22-9f21-7b43ee9abdb5{ip: 192.168.151.121, host: pr-hdds-2162-tjkd5-3209850126, networkLocation: /default-rack, certSerialId: null} moved to stale state. Finalizing its pipelines [PipelineID=40a9169c-25d4-47ef-8c67-ec2367fc1f26, PipelineID=2c48a4de-cba9-4b66-95c6-98ed64576454]
2019-09-24 02:36:05,266 [EventQueue-StaleNodeForStaleNodeHandler] INFO  pipeline.SCMPipelineManager (SCMPipelineManager.java:finalizeAndDestroyPipeline(315)) - destroying pipeline:Pipeline[ Id: 40a9169c-25d4-47ef-8c67-ec2367fc1f26, Nodes: 987dfd3c-d9bb-4fcd-93df-655efe6d0319{ip: 192.168.151.121, host: pr-hdds-2162-tjkd5-3209850126, networkLocation: /default-rack, certSerialId: null}69793d86-5a36-4e22-9f21-7b43ee9abdb5{ip: 192.168.151.121, host: pr-hdds-2162-tjkd5-3209850126, networkLocation: /default-rack, certSerialId: null}08608e50-e548-4444-8f0d-400a00608d0c{ip: 192.168.151.121, host: pr-hdds-2162-tjkd5-3209850126, networkLocation: /default-rack, certSerialId: null}, Type:RATIS, Factor:THREE, State:OPEN]
2019-09-24 02:36:05,267 [EventQueue-StaleNodeForStaleNodeHandler] INFO  pipeline.PipelineStateManager (PipelineStateManager.java:finalizePipeline(123)) - Pipeline Pipeline[ Id: 40a9169c-25d4-47ef-8c67-ec2367fc1f26, Nodes: 987dfd3c-d9bb-4fcd-93df-655efe6d0319{ip: 192.168.151.121, host: pr-hdds-2162-tjkd5-3209850126, networkLocation: /default-rack, certSerialId: null}69793d86-5a36-4e22-9f21-7b43ee9abdb5{ip: 192.168.151.121, host: pr-hdds-2162-tjkd5-3209850126, networkLocation: /default-rack, certSerialId: null}08608e50-e548-4444-8f0d-400a00608d0c{ip: 192.168.151.121, host: pr-hdds-2162-tjkd5-3209850126, networkLocation: /default-rack, certSerialId: null}, Type:RATIS, Factor:THREE, State:CLOSED] moved to CLOSED state
2019-09-24 02:36:05,269 [EventQueue-StaleNodeForStaleNodeHandler] INFO  pipeline.SCMPipelineManager (SCMPipelineManager.java:finalizeAndDestroyPipeline(315)) - destroying pipeline:Pipeline[ Id: 2c48a4de-cba9-4b66-95c6-98ed64576454, Nodes: 69793d86-5a36-4e22-9f21-7b43ee9abdb5{ip: 192.168.151.121, host: pr-hdds-2162-tjkd5-3209850126, networkLocation: /default-rack, certSerialId: null}, Type:RATIS, Factor:ONE, State:OPEN]
2019-09-24 02:36:05,273 [EventQueue-StaleNodeForStaleNodeHandler] INFO  pipeline.PipelineStateManager (PipelineStateManager.java:finalizePipeline(123)) - Pipeline Pipeline[ Id: 2c48a4de-cba9-4b66-95c6-98ed64576454, Nodes: 69793d86-5a36-4e22-9f21-7b43ee9abdb5{ip: 192.168.151.121, host: pr-hdds-2162-tjkd5-3209850126, networkLocation: /default-rack, certSerialId: null}, Type:RATIS, Factor:ONE, State:CLOSED] moved to CLOSED state
2019-09-24 02:36:05,274 [EventQueue-StaleNodeForStaleNodeHandler] INFO  node.StaleNodeHandler (StaleNodeHandler.java:onMessage(58)) - Datanode 29bfa3d0-4cee-44d0-ba16-edf4c6f09a6d{ip: 192.168.151.121, host: pr-hdds-2162-tjkd5-3209850126, networkLocation: /default-rack, certSerialId: null} moved to stale state. Finalizing its pipelines [PipelineID=7712695e-d0c8-47dc-82b7-a598be63b3c0, PipelineID=c22de45c-0e0c-42c3-8fc5-524706d34556]
2019-09-24 02:36:05,274 [EventQueue-StaleNodeForStaleNodeHandler] INFO  pipeline.SCMPipelineManager (SCMPipelineManager.java:finalizeAndDestroyPipeline(315)) - destroying pipeline:Pipeline[ Id: 7712695e-d0c8-47dc-82b7-a598be63b3c0, Nodes: 346a7764-760d-427e-9530-0e15c9e08242{ip: 192.168.151.121, host: pr-hdds-2162-tjkd5-3209850126, networkLocation: /default-rack, certSerialId: null}afb36831-8adc-4a3c-ba5d-0ae21a058733{ip: 192.168.151.121, host: pr-hdds-2162-tjkd5-3209850126, networkLocation: /default-rack, certSerialId: null}29bfa3d0-4cee-44d0-ba16-edf4c6f09a6d{ip: 192.168.151.121, host: pr-hdds-2162-tjkd5-3209850126, networkLocation: /default-rack, certSerialId: null}, Type:RATIS, Factor:THREE, State:OPEN]
2019-09-24 02:36:05,274 [EventQueue-StaleNodeForStaleNodeHandler] INFO  pipeline.PipelineStateManager (PipelineStateManager.java:finalizePipeline(123)) - Pipeline Pipeline[ Id: 7712695e-d0c8-47dc-82b7-a598be63b3c0, Nodes: 346a7764-760d-427e-9530-0e15c9e08242{ip: 192.168.151.121, host: pr-hdds-2162-tjkd5-3209850126, networkLocation: /default-rack, certSerialId: null}afb36831-8adc-4a3c-ba5d-0ae21a058733{ip: 192.168.151.121, host: pr-hdds-2162-tjkd5-3209850126, networkLocation: /default-rack, certSerialId: null}29bfa3d0-4cee-44d0-ba16-edf4c6f09a6d{ip: 192.168.151.121, host: pr-hdds-2162-tjkd5-3209850126, networkLocation: /default-rack, certSerialId: null}, Type:RATIS, Factor:THREE, State:CLOSED] moved to CLOSED state
2019-09-24 02:36:05,275 [EventQueue-StaleNodeForStaleNodeHandler] INFO  pipeline.SCMPipelineManager (SCMPipelineManager.java:finalizeAndDestroyPipeline(315)) - destroying pipeline:Pipeline[ Id: c22de45c-0e0c-42c3-8fc5-524706d34556, Nodes: 29bfa3d0-4cee-44d0-ba16-edf4c6f09a6d{ip: 192.168.151.121, host: pr-hdds-2162-tjkd5-3209850126, networkLocation: /default-rack, certSerialId: null}, Type:RATIS, Factor:ONE, State:OPEN]
2019-09-24 02:36:05,275 [EventQueue-StaleNodeForStaleNodeHandler] INFO  pipeline.PipelineStateManager (PipelineStateManager.java:finalizePipeline(123)) - Pipeline Pipeline[ Id: c22de45c-0e0c-42c3-8fc5-524706d34556, Nodes: 29bfa3d0-4cee-44d0-ba16-edf4c6f09a6d{ip: 192.168.151.121, host: pr-hdds-2162-tjkd5-3209850126, networkLocation: /default-rack, certSerialId: null}, Type:RATIS, Factor:ONE, State:CLOSED] moved to CLOSED state
2019-09-24 02:36:07,322 [main] INFO  ozoneimpl.OzoneContainer (OzoneContainer.java:stop(231)) - Attempting to stop container services.
2019-09-24 02:36:07,322 [ForkJoinPool.commonPool-worker-0] INFO  ozoneimpl.OzoneContainer (OzoneContainer.java:stop(231)) - Attempting to stop container services.
2019-09-24 02:36:07,326 [main] INFO  impl.RaftServerProxy (RaftServerProxy.java:lambda$close$4(314)) - 69793d86-5a36-4e22-9f21-7b43ee9abdb5: close
2019-09-24 02:36:07,326 [ForkJoinPool.commonPool-worker-0] INFO  impl.RaftServerProxy (RaftServerProxy.java:lambda$close$4(314)) - 29bfa3d0-4cee-44d0-ba16-edf4c6f09a6d: close
2019-09-24 02:36:07,328 [main] INFO  impl.RaftServerImpl (RaftServerImpl.java:lambda$shutdown$3(251)) - 69793d86-5a36-4e22-9f21-7b43ee9abdb5@group-EC2367FC1F26: shutdown
2019-09-24 02:36:07,328 [ForkJoinPool.commonPool-worker-0] INFO  impl.RaftServerImpl (RaftServerImpl.java:lambda$shutdown$3(251)) - 29bfa3d0-4cee-44d0-ba16-edf4c6f09a6d@group-A598BE63B3C0: shutdown
2019-09-24 02:36:07,329 [main] INFO  util.JmxRegister (JmxRegister.java:unregister(73)) - Successfully un-registered JMX Bean with object name Ratis:service=RaftServer,group=group-EC2367FC1F26,id=69793d86-5a36-4e22-9f21-7b43ee9abdb5
2019-09-24 02:36:07,329 [ForkJoinPool.commonPool-worker-0] INFO  util.JmxRegister (JmxRegister.java:unregister(73)) - Successfully un-registered JMX Bean with object name Ratis:service=RaftServer,group=group-A598BE63B3C0,id=29bfa3d0-4cee-44d0-ba16-edf4c6f09a6d
2019-09-24 02:36:07,329 [main] INFO  impl.RoleInfo (RoleInfo.java:shutdownFollowerState(121)) - 69793d86-5a36-4e22-9f21-7b43ee9abdb5: shutdown FollowerState
2019-09-24 02:36:07,330 [ForkJoinPool.commonPool-worker-0] INFO  impl.RoleInfo (RoleInfo.java:shutdownFollowerState(121)) - 29bfa3d0-4cee-44d0-ba16-edf4c6f09a6d: shutdown FollowerState
2019-09-24 02:36:07,330 [Thread-298] INFO  impl.FollowerState (FollowerState.java:run(115)) - 69793d86-5a36-4e22-9f21-7b43ee9abdb5: FollowerState was interrupted: java.lang.InterruptedException: sleep interrupted
2019-09-24 02:36:07,330 [main] INFO  impl.StateMachineUpdater (StateMachineUpdater.java:stopAndJoin(125)) - 69793d86-5a36-4e22-9f21-7b43ee9abdb5@group-EC2367FC1F26-StateMachineUpdater: set stopIndex = 0
2019-09-24 02:36:07,333 [Thread-333] INFO  impl.FollowerState (FollowerState.java:run(115)) - 29bfa3d0-4cee-44d0-ba16-edf4c6f09a6d: FollowerState was interrupted: java.lang.InterruptedException: sleep interrupted
2019-09-24 02:36:07,330 [ForkJoinPool.commonPool-worker-0] INFO  impl.StateMachineUpdater (StateMachineUpdater.java:stopAndJoin(125)) - 29bfa3d0-4cee-44d0-ba16-edf4c6f09a6d@group-A598BE63B3C0-StateMachineUpdater: set stopIndex = 0
2019-09-24 02:36:07,346 [ForkJoinPool.commonPool-worker-0] INFO  impl.RaftServerImpl (ServerState.java:close(385)) - 29bfa3d0-4cee-44d0-ba16-edf4c6f09a6d@group-A598BE63B3C0: closes. applyIndex: 0
2019-09-24 02:36:07,335 [main] INFO  impl.RaftServerImpl (ServerState.java:close(385)) - 69793d86-5a36-4e22-9f21-7b43ee9abdb5@group-EC2367FC1F26: closes. applyIndex: 0
2019-09-24 02:36:07,347 [29bfa3d0-4cee-44d0-ba16-edf4c6f09a6d@group-A598BE63B3C0-SegmentedRaftLogWorker] INFO  segmented.SegmentedRaftLogWorker (SegmentedRaftLogWorker.java:run(313)) - 29bfa3d0-4cee-44d0-ba16-edf4c6f09a6d@group-A598BE63B3C0-SegmentedRaftLogWorker was interrupted, exiting. There are 0 tasks remaining in the queue.
2019-09-24 02:36:07,347 [69793d86-5a36-4e22-9f21-7b43ee9abdb5@group-EC2367FC1F26-SegmentedRaftLogWorker] INFO  segmented.SegmentedRaftLogWorker (SegmentedRaftLogWorker.java:run(313)) - 69793d86-5a36-4e22-9f21-7b43ee9abdb5@group-EC2367FC1F26-SegmentedRaftLogWorker was interrupted, exiting. There are 0 tasks remaining in the queue.
2019-09-24 02:36:07,350 [ForkJoinPool.commonPool-worker-0] INFO  segmented.SegmentedRaftLogWorker (SegmentedRaftLogWorker.java:close(228)) - 29bfa3d0-4cee-44d0-ba16-edf4c6f09a6d@group-A598BE63B3C0-SegmentedRaftLogWorker close()
2019-09-24 02:36:07,350 [main] INFO  segmented.SegmentedRaftLogWorker (SegmentedRaftLogWorker.java:close(228)) - 69793d86-5a36-4e22-9f21-7b43ee9abdb5@group-EC2367FC1F26-SegmentedRaftLogWorker close()
2019-09-24 02:36:07,354 [ForkJoinPool.commonPool-worker-0] INFO  impl.RaftServerImpl (RaftServerImpl.java:lambda$shutdown$3(251)) - 29bfa3d0-4cee-44d0-ba16-edf4c6f09a6d@group-524706D34556: shutdown
2019-09-24 02:36:07,357 [main] INFO  impl.RaftServerImpl (RaftServerImpl.java:lambda$shutdown$3(251)) - 69793d86-5a36-4e22-9f21-7b43ee9abdb5@group-98ED64576454: shutdown
2019-09-24 02:36:07,357 [ForkJoinPool.commonPool-worker-0] INFO  util.JmxRegister (JmxRegister.java:unregister(73)) - Successfully un-registered JMX Bean with object name Ratis:service=RaftServer,group=group-524706D34556,id=29bfa3d0-4cee-44d0-ba16-edf4c6f09a6d
2019-09-24 02:36:07,357 [main] INFO  util.JmxRegister (JmxRegister.java:unregister(73)) - Successfully un-registered JMX Bean with object name Ratis:service=RaftServer,group=group-98ED64576454,id=69793d86-5a36-4e22-9f21-7b43ee9abdb5
2019-09-24 02:36:07,358 [main] INFO  impl.RoleInfo (RoleInfo.java:shutdownLeaderState(104)) - 69793d86-5a36-4e22-9f21-7b43ee9abdb5: shutdown LeaderState
2019-09-24 02:36:07,358 [ForkJoinPool.commonPool-worker-0] INFO  impl.RoleInfo (RoleInfo.java:shutdownLeaderState(104)) - 29bfa3d0-4cee-44d0-ba16-edf4c6f09a6d: shutdown LeaderState
2019-09-24 02:36:07,359 [main] INFO  impl.PendingRequests (PendingRequests.java:sendNotLeaderResponses(202)) - 69793d86-5a36-4e22-9f21-7b43ee9abdb5-PendingRequests: sendNotLeaderResponses
2019-09-24 02:36:07,360 [ForkJoinPool.commonPool-worker-0] INFO  impl.PendingRequests (PendingRequests.java:sendNotLeaderResponses(202)) - 29bfa3d0-4cee-44d0-ba16-edf4c6f09a6d-PendingRequests: sendNotLeaderResponses
2019-09-24 02:36:07,361 [main] INFO  impl.StateMachineUpdater (StateMachineUpdater.java:stopAndJoin(125)) - 69793d86-5a36-4e22-9f21-7b43ee9abdb5@group-98ED64576454-StateMachineUpdater: set stopIndex = 0
2019-09-24 02:36:07,362 [main] INFO  impl.RaftServerImpl (ServerState.java:close(385)) - 69793d86-5a36-4e22-9f21-7b43ee9abdb5@group-98ED64576454: closes. applyIndex: 0
2019-09-24 02:36:07,361 [ForkJoinPool.commonPool-worker-0] INFO  impl.StateMachineUpdater (StateMachineUpdater.java:stopAndJoin(125)) - 29bfa3d0-4cee-44d0-ba16-edf4c6f09a6d@group-524706D34556-StateMachineUpdater: set stopIndex = 0
2019-09-24 02:36:07,362 [69793d86-5a36-4e22-9f21-7b43ee9abdb5@group-98ED64576454-SegmentedRaftLogWorker] INFO  segmented.SegmentedRaftLogWorker (SegmentedRaftLogWorker.java:run(313)) - 69793d86-5a36-4e22-9f21-7b43ee9abdb5@group-98ED64576454-SegmentedRaftLogWorker was interrupted, exiting. There are 0 tasks remaining in the queue.
2019-09-24 02:36:07,362 [ForkJoinPool.commonPool-worker-0] INFO  impl.RaftServerImpl (ServerState.java:close(385)) - 29bfa3d0-4cee-44d0-ba16-edf4c6f09a6d@group-524706D34556: closes. applyIndex: 0
2019-09-24 02:36:07,364 [main] INFO  segmented.SegmentedRaftLogWorker (SegmentedRaftLogWorker.java:close(228)) - 69793d86-5a36-4e22-9f21-7b43ee9abdb5@group-98ED64576454-SegmentedRaftLogWorker close()
2019-09-24 02:36:07,365 [29bfa3d0-4cee-44d0-ba16-edf4c6f09a6d@group-524706D34556-SegmentedRaftLogWorker] INFO  segmented.SegmentedRaftLogWorker (SegmentedRaftLogWorker.java:run(313)) - 29bfa3d0-4cee-44d0-ba16-edf4c6f09a6d@group-524706D34556-SegmentedRaftLogWorker was interrupted, exiting. There are 0 tasks remaining in the queue.
2019-09-24 02:36:07,370 [ForkJoinPool.commonPool-worker-0] INFO  segmented.SegmentedRaftLogWorker (SegmentedRaftLogWorker.java:close(228)) - 29bfa3d0-4cee-44d0-ba16-edf4c6f09a6d@group-524706D34556-SegmentedRaftLogWorker close()
2019-09-24 02:36:07,370 [main] INFO  server.GrpcService (GrpcService.java:closeImpl(164)) - 69793d86-5a36-4e22-9f21-7b43ee9abdb5: shutdown server with port 34516 now
2019-09-24 02:36:07,373 [ForkJoinPool.commonPool-worker-0] INFO  server.GrpcService (GrpcService.java:closeImpl(164)) - 29bfa3d0-4cee-44d0-ba16-edf4c6f09a6d: shutdown server with port 40327 now
2019-09-24 02:36:07,389 [grpc-default-executor-0] WARN  server.GrpcServerProtocolService (LogUtils.java:warn(134)) - 29bfa3d0-4cee-44d0-ba16-edf4c6f09a6d: installSnapshot onError, lastRequest: 346a7764-760d-427e-9530-0e15c9e08242->29bfa3d0-4cee-44d0-ba16-edf4c6f09a6d#43-t3, previous=(t:3, i:0), leaderCommit=0, initializing? false, entries: <empty>: org.apache.ratis.thirdparty.io.grpc.StatusRuntimeException: CANCELLED: cancelled before receiving half close
2019-09-24 02:36:07,391 [ForkJoinPool.commonPool-worker-0] INFO  server.GrpcService (GrpcService.java:closeImpl(172)) - 29bfa3d0-4cee-44d0-ba16-edf4c6f09a6d: shutdown server with port 40327 successfully
2019-09-24 02:36:07,394 [grpc-default-executor-1] WARN  server.GrpcLogAppender (LogUtils.java:warn(134)) - 346a7764-760d-427e-9530-0e15c9e08242@group-A598BE63B3C0->29bfa3d0-4cee-44d0-ba16-edf4c6f09a6d-AppendLogResponseHandler: Failed appendEntries: org.apache.ratis.thirdparty.io.grpc.StatusRuntimeException: CANCELLED: HTTP/2 error code: CANCEL
Received Rst Stream
2019-09-24 02:36:07,397 [grpc-default-executor-1] INFO  impl.FollowerInfo (FollowerInfo.java:lambda$new$0(51)) - 346a7764-760d-427e-9530-0e15c9e08242@group-A598BE63B3C0->29bfa3d0-4cee-44d0-ba16-edf4c6f09a6d: nextIndex: updateUnconditionally 1 -> 0
2019-09-24 02:36:07,397 [grpc-default-executor-8] WARN  server.GrpcServerProtocolService (LogUtils.java:warn(134)) - 69793d86-5a36-4e22-9f21-7b43ee9abdb5: installSnapshot onError, lastRequest: 08608e50-e548-4444-8f0d-400a00608d0c->69793d86-5a36-4e22-9f21-7b43ee9abdb5#45-t1, previous=(t:1, i:0), leaderCommit=0, initializing? false, entries: <empty>: org.apache.ratis.thirdparty.io.grpc.StatusRuntimeException: CANCELLED: cancelled before receiving half close
2019-09-24 02:36:07,397 [grpc-default-executor-1] WARN  server.GrpcLogAppender (LogUtils.java:warn(134)) - 08608e50-e548-4444-8f0d-400a00608d0c@group-EC2367FC1F26->69793d86-5a36-4e22-9f21-7b43ee9abdb5-AppendLogResponseHandler: Failed appendEntries: org.apache.ratis.thirdparty.io.grpc.StatusRuntimeException: CANCELLED: HTTP/2 error code: CANCEL
Received Rst Stream
2019-09-24 02:36:07,397 [main] INFO  server.GrpcService (GrpcService.java:closeImpl(172)) - 69793d86-5a36-4e22-9f21-7b43ee9abdb5: shutdown server with port 34516 successfully
2019-09-24 02:36:07,400 [grpc-default-executor-1] INFO  impl.FollowerInfo (FollowerInfo.java:lambda$new$0(51)) - 08608e50-e548-4444-8f0d-400a00608d0c@group-EC2367FC1F26->69793d86-5a36-4e22-9f21-7b43ee9abdb5: nextIndex: updateUnconditionally 1 -> 0
2019-09-24 02:36:07,403 [refreshUsed-/workdir/hadoop-ozone/integration-test/target/test-dir/MiniOzoneClusterImpl-2d72fd32-3911-4ce5-968d-89f72e8fe093/datanode-1/data/containers] WARN  fs.CachingGetSpaceUsed (CachingGetSpaceUsed.java:run(183)) - Thread Interrupted waiting to refresh disk information: sleep interrupted
2019-09-24 02:36:07,404 [refreshUsed-/workdir/hadoop-ozone/integration-test/target/test-dir/MiniOzoneClusterImpl-2d72fd32-3911-4ce5-968d-89f72e8fe093/datanode-4/data/containers] WARN  fs.CachingGetSpaceUsed (CachingGetSpaceUsed.java:run(183)) - Thread Interrupted waiting to refresh disk information: sleep interrupted
2019-09-24 02:36:07,430 [ForkJoinPool.commonPool-worker-0] INFO  utils.BackgroundService (BackgroundService.java:shutdown(148)) - Shutting down service BlockDeletingService
2019-09-24 02:36:07,437 [ForkJoinPool.commonPool-worker-0] INFO  statemachine.DatanodeStateMachine (DatanodeStateMachine.java:stopDaemon(395)) - Ozone container server stopped.
2019-09-24 02:36:07,442 [ForkJoinPool.commonPool-worker-0] INFO  handler.ContextHandler (ContextHandler.java:doStop(910)) - Stopped o.e.j.w.WebAppContext@a92be4f{/,null,UNAVAILABLE}{/hddsDatanode}
2019-09-24 02:36:07,442 [ForkJoinPool.commonPool-worker-0] INFO  server.AbstractConnector (AbstractConnector.java:doStop(318)) - Stopped ServerConnector@53e800f9{HTTP/1.1,[http/1.1]}{0.0.0.0:0}
2019-09-24 02:36:07,444 [ForkJoinPool.commonPool-worker-0] INFO  handler.ContextHandler (ContextHandler.java:doStop(910)) - Stopped o.e.j.s.ServletContextHandler@a9f023e{/static,jar:file:/home/user/.m2/repository/org/apache/hadoop/hadoop-hdds-container-service/0.5.0-SNAPSHOT/hadoop-hdds-container-service-0.5.0-SNAPSHOT.jar!/webapps/static,UNAVAILABLE}
2019-09-24 02:36:07,446 [ForkJoinPool.commonPool-worker-0] INFO  handler.ContextHandler (ContextHandler.java:doStop(910)) - Stopped o.e.j.s.ServletContextHandler@2f1d0bbc{/logs,file:///workdir/hadoop-ozone/integration-test/target/log,UNAVAILABLE}
2019-09-24 02:36:07,447 [main] INFO  utils.BackgroundService (BackgroundService.java:shutdown(148)) - Shutting down service BlockDeletingService
2019-09-24 02:36:07,451 [main] INFO  statemachine.DatanodeStateMachine (DatanodeStateMachine.java:stopDaemon(395)) - Ozone container server stopped.
2019-09-24 02:36:07,452 [main] INFO  handler.ContextHandler (ContextHandler.java:doStop(910)) - Stopped o.e.j.w.WebAppContext@7b306b9f{/,null,UNAVAILABLE}{/hddsDatanode}
2019-09-24 02:36:07,452 [main] INFO  server.AbstractConnector (AbstractConnector.java:doStop(318)) - Stopped ServerConnector@142213d5{HTTP/1.1,[http/1.1]}{0.0.0.0:0}
2019-09-24 02:36:07,453 [main] INFO  handler.ContextHandler (ContextHandler.java:doStop(910)) - Stopped o.e.j.s.ServletContextHandler@1457fde{/static,jar:file:/home/user/.m2/repository/org/apache/hadoop/hadoop-hdds-container-service/0.5.0-SNAPSHOT/hadoop-hdds-container-service-0.5.0-SNAPSHOT.jar!/webapps/static,UNAVAILABLE}
2019-09-24 02:36:07,453 [main] INFO  handler.ContextHandler (ContextHandler.java:doStop(910)) - Stopped o.e.j.s.ServletContextHandler@50fb33a{/logs,file:///workdir/hadoop-ozone/integration-test/target/log,UNAVAILABLE}
2019-09-24 02:36:08,253 [Datanode State Machine Thread - 0] INFO  statemachine.DatanodeStateMachine (DatanodeStateMachine.java:lambda$startDaemon$0(350)) - Ozone container server started.
2019-09-24 02:36:08,254 [Datanode State Machine Thread - 0] INFO  statemachine.DatanodeStateMachine (DatanodeStateMachine.java:lambda$startDaemon$0(350)) - Ozone container server started.
2019-09-24 02:36:09,827 [grpc-default-executor-8] WARN  server.GrpcLogAppender (LogUtils.java:warn(134)) - 346a7764-760d-427e-9530-0e15c9e08242@group-A598BE63B3C0->29bfa3d0-4cee-44d0-ba16-edf4c6f09a6d-AppendLogResponseHandler: Failed appendEntries: org.apache.ratis.thirdparty.io.grpc.StatusRuntimeException: UNAVAILABLE: io exception
2019-09-24 02:36:09,829 [grpc-default-executor-8] INFO  impl.FollowerInfo (FollowerInfo.java:lambda$new$0(51)) - 346a7764-760d-427e-9530-0e15c9e08242@group-A598BE63B3C0->29bfa3d0-4cee-44d0-ba16-edf4c6f09a6d: nextIndex: updateUnconditionally 0 -> 0
2019-09-24 02:36:09,876 [grpc-default-executor-1] WARN  server.GrpcLogAppender (LogUtils.java:warn(134)) - 08608e50-e548-4444-8f0d-400a00608d0c@group-EC2367FC1F26->69793d86-5a36-4e22-9f21-7b43ee9abdb5-AppendLogResponseHandler: Failed appendEntries: org.apache.ratis.thirdparty.io.grpc.StatusRuntimeException: UNAVAILABLE: io exception
2019-09-24 02:36:09,878 [grpc-default-executor-1] INFO  impl.FollowerInfo (FollowerInfo.java:lambda$new$0(51)) - 08608e50-e548-4444-8f0d-400a00608d0c@group-EC2367FC1F26->69793d86-5a36-4e22-9f21-7b43ee9abdb5: nextIndex: updateUnconditionally 0 -> 0
2019-09-24 02:36:10,275 [EventQueue-StaleNodeForStaleNodeHandler] INFO  node.StaleNodeHandler (StaleNodeHandler.java:onMessage(58)) - Datanode 987dfd3c-d9bb-4fcd-93df-655efe6d0319{ip: 192.168.151.121, host: pr-hdds-2162-tjkd5-3209850126, networkLocation: /default-rack, certSerialId: null} moved to stale state. Finalizing its pipelines [PipelineID=40a9169c-25d4-47ef-8c67-ec2367fc1f26, PipelineID=8cef0411-ddd0-4a53-ac50-d695b7d83b66]
2019-09-24 02:36:10,275 [EventQueue-StaleNodeForStaleNodeHandler] INFO  pipeline.SCMPipelineManager (SCMPipelineManager.java:finalizeAndDestroyPipeline(315)) - destroying pipeline:Pipeline[ Id: 40a9169c-25d4-47ef-8c67-ec2367fc1f26, Nodes: 987dfd3c-d9bb-4fcd-93df-655efe6d0319{ip: 192.168.151.121, host: pr-hdds-2162-tjkd5-3209850126, networkLocation: /default-rack, certSerialId: null}69793d86-5a36-4e22-9f21-7b43ee9abdb5{ip: 192.168.151.121, host: pr-hdds-2162-tjkd5-3209850126, networkLocation: /default-rack, certSerialId: null}08608e50-e548-4444-8f0d-400a00608d0c{ip: 192.168.151.121, host: pr-hdds-2162-tjkd5-3209850126, networkLocation: /default-rack, certSerialId: null}, Type:RATIS, Factor:THREE, State:CLOSED]
2019-09-24 02:36:10,276 [EventQueue-StaleNodeForStaleNodeHandler] INFO  pipeline.SCMPipelineManager (SCMPipelineManager.java:finalizeAndDestroyPipeline(315)) - destroying pipeline:Pipeline[ Id: 8cef0411-ddd0-4a53-ac50-d695b7d83b66, Nodes: 987dfd3c-d9bb-4fcd-93df-655efe6d0319{ip: 192.168.151.121, host: pr-hdds-2162-tjkd5-3209850126, networkLocation: /default-rack, certSerialId: null}, Type:RATIS, Factor:ONE, State:OPEN]
2019-09-24 02:36:10,276 [EventQueue-StaleNodeForStaleNodeHandler] INFO  pipeline.PipelineStateManager (PipelineStateManager.java:finalizePipeline(123)) - Pipeline Pipeline[ Id: 8cef0411-ddd0-4a53-ac50-d695b7d83b66, Nodes: 987dfd3c-d9bb-4fcd-93df-655efe6d0319{ip: 192.168.151.121, host: pr-hdds-2162-tjkd5-3209850126, networkLocation: /default-rack, certSerialId: null}, Type:RATIS, Factor:ONE, State:CLOSED] moved to CLOSED state
2019-09-24 02:36:10,276 [EventQueue-StaleNodeForStaleNodeHandler] INFO  node.StaleNodeHandler (StaleNodeHandler.java:onMessage(58)) - Datanode afb36831-8adc-4a3c-ba5d-0ae21a058733{ip: 192.168.151.121, host: pr-hdds-2162-tjkd5-3209850126, networkLocation: /default-rack, certSerialId: null} moved to stale state. Finalizing its pipelines [PipelineID=76c55a25-b940-4ade-8fbe-ff144bc4e420, PipelineID=7712695e-d0c8-47dc-82b7-a598be63b3c0]
2019-09-24 02:36:10,276 [EventQueue-StaleNodeForStaleNodeHandler] INFO  pipeline.SCMPipelineManager (SCMPipelineManager.java:finalizeAndDestroyPipeline(315)) - destroying pipeline:Pipeline[ Id: 76c55a25-b940-4ade-8fbe-ff144bc4e420, Nodes: afb36831-8adc-4a3c-ba5d-0ae21a058733{ip: 192.168.151.121, host: pr-hdds-2162-tjkd5-3209850126, networkLocation: /default-rack, certSerialId: null}, Type:RATIS, Factor:ONE, State:OPEN]
2019-09-24 02:36:10,277 [EventQueue-StaleNodeForStaleNodeHandler] INFO  pipeline.PipelineStateManager (PipelineStateManager.java:finalizePipeline(123)) - Pipeline Pipeline[ Id: 76c55a25-b940-4ade-8fbe-ff144bc4e420, Nodes: afb36831-8adc-4a3c-ba5d-0ae21a058733{ip: 192.168.151.121, host: pr-hdds-2162-tjkd5-3209850126, networkLocation: /default-rack, certSerialId: null}, Type:RATIS, Factor:ONE, State:CLOSED] moved to CLOSED state
2019-09-24 02:36:10,277 [EventQueue-StaleNodeForStaleNodeHandler] INFO  pipeline.SCMPipelineManager (SCMPipelineManager.java:finalizeAndDestroyPipeline(315)) - destroying pipeline:Pipeline[ Id: 7712695e-d0c8-47dc-82b7-a598be63b3c0, Nodes: 346a7764-760d-427e-9530-0e15c9e08242{ip: 192.168.151.121, host: pr-hdds-2162-tjkd5-3209850126, networkLocation: /default-rack, certSerialId: null}afb36831-8adc-4a3c-ba5d-0ae21a058733{ip: 192.168.151.121, host: pr-hdds-2162-tjkd5-3209850126, networkLocation: /default-rack, certSerialId: null}29bfa3d0-4cee-44d0-ba16-edf4c6f09a6d{ip: 192.168.151.121, host: pr-hdds-2162-tjkd5-3209850126, networkLocation: /default-rack, certSerialId: null}, Type:RATIS, Factor:THREE, State:CLOSED]
2019-09-24 02:36:11,674 [grpc-default-executor-1] INFO  impl.RaftServerProxy (RaftServerProxy.java:addNew(89)) - 1ae786a5-17dd-436d-b86f-5426250bc58f: addNew group-01C49B4B1A3F:[1ae786a5-17dd-436d-b86f-5426250bc58f:192.168.151.121:36039, 08608e50-e548-4444-8f0d-400a00608d0c:192.168.151.121:43534, 346a7764-760d-427e-9530-0e15c9e08242:192.168.151.121:44304] returns group-01C49B4B1A3F:java.util.concurrent.CompletableFuture@4153b154[Not completed]
2019-09-24 02:36:11,685 [grpc-default-executor-1] INFO  impl.RaftServerProxy (RaftServerProxy.java:addNew(89)) - 346a7764-760d-427e-9530-0e15c9e08242: addNew group-01C49B4B1A3F:[1ae786a5-17dd-436d-b86f-5426250bc58f:192.168.151.121:36039, 08608e50-e548-4444-8f0d-400a00608d0c:192.168.151.121:43534, 346a7764-760d-427e-9530-0e15c9e08242:192.168.151.121:44304] returns group-01C49B4B1A3F:java.util.concurrent.CompletableFuture@3224f5e3[Not completed]
2019-09-24 02:36:11,685 [grpc-default-executor-0] INFO  impl.RaftServerProxy (RaftServerProxy.java:addNew(89)) - 08608e50-e548-4444-8f0d-400a00608d0c: addNew group-01C49B4B1A3F:[1ae786a5-17dd-436d-b86f-5426250bc58f:192.168.151.121:36039, 08608e50-e548-4444-8f0d-400a00608d0c:192.168.151.121:43534, 346a7764-760d-427e-9530-0e15c9e08242:192.168.151.121:44304] returns group-01C49B4B1A3F:java.util.concurrent.CompletableFuture@ebf2e23[Not completed]
2019-09-24 02:36:11,689 [pool-87-thread-1] INFO  impl.RaftServerImpl (RaftServerImpl.java:<init>(95)) - 1ae786a5-17dd-436d-b86f-5426250bc58f: new RaftServerImpl for group-01C49B4B1A3F:[1ae786a5-17dd-436d-b86f-5426250bc58f:192.168.151.121:36039, 08608e50-e548-4444-8f0d-400a00608d0c:192.168.151.121:43534, 346a7764-760d-427e-9530-0e15c9e08242:192.168.151.121:44304] with ContainerStateMachine:uninitialized
2019-09-24 02:36:11,690 [pool-87-thread-1] INFO  server.RaftServerConfigKeys (ConfUtils.java:logGet(43)) - raft.server.rpc.timeout.min = 5s (custom)
2019-09-24 02:36:11,690 [pool-87-thread-1] INFO  server.RaftServerConfigKeys (ConfUtils.java:logGet(43)) - raft.server.rpc.timeout.max = 5200ms (custom)
2019-09-24 02:36:11,691 [pool-87-thread-1] INFO  server.RaftServerConfigKeys (ConfUtils.java:logGet(43)) - raft.server.rpcslowness.timeout = 120s (custom)
2019-09-24 02:36:11,691 [pool-87-thread-1] INFO  server.RaftServerConfigKeys (ConfUtils.java:logGet(43)) - raft.server.sleep.deviation.threshold = 300 (default)
2019-09-24 02:36:11,691 [pool-77-thread-1] INFO  impl.RaftServerImpl (RaftServerImpl.java:<init>(95)) - 08608e50-e548-4444-8f0d-400a00608d0c: new RaftServerImpl for group-01C49B4B1A3F:[1ae786a5-17dd-436d-b86f-5426250bc58f:192.168.151.121:36039, 08608e50-e548-4444-8f0d-400a00608d0c:192.168.151.121:43534, 346a7764-760d-427e-9530-0e15c9e08242:192.168.151.121:44304] with ContainerStateMachine:uninitialized
2019-09-24 02:36:11,691 [pool-87-thread-1] INFO  server.RaftServerConfigKeys (ConfUtils.java:logGet(43)) - raft.server.log.appender.install.snapshot.enabled = false (custom)
2019-09-24 02:36:11,692 [pool-77-thread-1] INFO  server.RaftServerConfigKeys (ConfUtils.java:logGet(43)) - raft.server.rpc.timeout.min = 5s (custom)
2019-09-24 02:36:11,692 [pool-87-thread-1] INFO  impl.RaftServerImpl (ServerState.java:<init>(103)) - 1ae786a5-17dd-436d-b86f-5426250bc58f@group-01C49B4B1A3F: ConfigurationManager, init=-1: [1ae786a5-17dd-436d-b86f-5426250bc58f:192.168.151.121:36039, 08608e50-e548-4444-8f0d-400a00608d0c:192.168.151.121:43534, 346a7764-760d-427e-9530-0e15c9e08242:192.168.151.121:44304], old=null, confs=<EMPTY_MAP>
2019-09-24 02:36:11,692 [pool-77-thread-1] INFO  server.RaftServerConfigKeys (ConfUtils.java:logGet(43)) - raft.server.rpc.timeout.max = 5200ms (custom)
2019-09-24 02:36:11,692 [pool-77-thread-1] INFO  server.RaftServerConfigKeys (ConfUtils.java:logGet(43)) - raft.server.rpcslowness.timeout = 120s (custom)
2019-09-24 02:36:11,692 [pool-27-thread-1] INFO  impl.RaftServerImpl (RaftServerImpl.java:<init>(95)) - 346a7764-760d-427e-9530-0e15c9e08242: new RaftServerImpl for group-01C49B4B1A3F:[1ae786a5-17dd-436d-b86f-5426250bc58f:192.168.151.121:36039, 08608e50-e548-4444-8f0d-400a00608d0c:192.168.151.121:43534, 346a7764-760d-427e-9530-0e15c9e08242:192.168.151.121:44304] with ContainerStateMachine:uninitialized
2019-09-24 02:36:11,693 [pool-77-thread-1] INFO  server.RaftServerConfigKeys (ConfUtils.java:logGet(43)) - raft.server.sleep.deviation.threshold = 300 (default)
2019-09-24 02:36:11,693 [pool-87-thread-1] INFO  server.RaftServerConfigKeys (ConfUtils.java:logGet(43)) - raft.server.storage.dir = [/workdir/hadoop-ozone/integration-test/target/test-dir/MiniOzoneClusterImpl-2d72fd32-3911-4ce5-968d-89f72e8fe093/datanode-6/data/ratis] (custom)
2019-09-24 02:36:11,693 [pool-27-thread-1] INFO  server.RaftServerConfigKeys (ConfUtils.java:logGet(43)) - raft.server.rpc.timeout.min = 5s (custom)
2019-09-24 02:36:11,693 [pool-77-thread-1] INFO  server.RaftServerConfigKeys (ConfUtils.java:logGet(43)) - raft.server.log.appender.install.snapshot.enabled = false (custom)
2019-09-24 02:36:11,693 [pool-27-thread-1] INFO  server.RaftServerConfigKeys (ConfUtils.java:logGet(43)) - raft.server.rpc.timeout.max = 5200ms (custom)
2019-09-24 02:36:11,694 [pool-77-thread-1] INFO  impl.RaftServerImpl (ServerState.java:<init>(103)) - 08608e50-e548-4444-8f0d-400a00608d0c@group-01C49B4B1A3F: ConfigurationManager, init=-1: [1ae786a5-17dd-436d-b86f-5426250bc58f:192.168.151.121:36039, 08608e50-e548-4444-8f0d-400a00608d0c:192.168.151.121:43534, 346a7764-760d-427e-9530-0e15c9e08242:192.168.151.121:44304], old=null, confs=<EMPTY_MAP>
2019-09-24 02:36:11,694 [pool-27-thread-1] INFO  server.RaftServerConfigKeys (ConfUtils.java:logGet(43)) - raft.server.rpcslowness.timeout = 120s (custom)
2019-09-24 02:36:11,694 [pool-77-thread-1] INFO  server.RaftServerConfigKeys (ConfUtils.java:logGet(43)) - raft.server.storage.dir = [/workdir/hadoop-ozone/integration-test/target/test-dir/MiniOzoneClusterImpl-2d72fd32-3911-4ce5-968d-89f72e8fe093/datanode-5/data/ratis] (custom)
2019-09-24 02:36:11,694 [pool-87-thread-1] INFO  storage.RaftStorageDirectory (RaftStorageDirectory.java:analyzeStorage(246)) - The storage directory /workdir/hadoop-ozone/integration-test/target/test-dir/MiniOzoneClusterImpl-2d72fd32-3911-4ce5-968d-89f72e8fe093/datanode-6/data/ratis/54e04f1d-1f76-43ce-8b74-01c49b4b1a3f does not exist. Creating ...
2019-09-24 02:36:11,694 [pool-27-thread-1] INFO  server.RaftServerConfigKeys (ConfUtils.java:logGet(43)) - raft.server.sleep.deviation.threshold = 300 (default)
2019-09-24 02:36:11,695 [pool-27-thread-1] INFO  server.RaftServerConfigKeys (ConfUtils.java:logGet(43)) - raft.server.log.appender.install.snapshot.enabled = false (custom)
2019-09-24 02:36:11,695 [pool-77-thread-1] INFO  storage.RaftStorageDirectory (RaftStorageDirectory.java:analyzeStorage(246)) - The storage directory /workdir/hadoop-ozone/integration-test/target/test-dir/MiniOzoneClusterImpl-2d72fd32-3911-4ce5-968d-89f72e8fe093/datanode-5/data/ratis/54e04f1d-1f76-43ce-8b74-01c49b4b1a3f does not exist. Creating ...
2019-09-24 02:36:11,695 [pool-27-thread-1] INFO  impl.RaftServerImpl (ServerState.java:<init>(103)) - 346a7764-760d-427e-9530-0e15c9e08242@group-01C49B4B1A3F: ConfigurationManager, init=-1: [1ae786a5-17dd-436d-b86f-5426250bc58f:192.168.151.121:36039, 08608e50-e548-4444-8f0d-400a00608d0c:192.168.151.121:43534, 346a7764-760d-427e-9530-0e15c9e08242:192.168.151.121:44304], old=null, confs=<EMPTY_MAP>
2019-09-24 02:36:11,695 [pool-27-thread-1] INFO  server.RaftServerConfigKeys (ConfUtils.java:logGet(43)) - raft.server.storage.dir = [/workdir/hadoop-ozone/integration-test/target/test-dir/MiniOzoneClusterImpl-2d72fd32-3911-4ce5-968d-89f72e8fe093/datanode-0/data/ratis] (custom)
2019-09-24 02:36:11,696 [pool-27-thread-1] INFO  storage.RaftStorageDirectory (RaftStorageDirectory.java:analyzeStorage(246)) - The storage directory /workdir/hadoop-ozone/integration-test/target/test-dir/MiniOzoneClusterImpl-2d72fd32-3911-4ce5-968d-89f72e8fe093/datanode-0/data/ratis/54e04f1d-1f76-43ce-8b74-01c49b4b1a3f does not exist. Creating ...
2019-09-24 02:36:11,721 [pool-27-thread-1] INFO  storage.RaftStorageDirectory (RaftStorageDirectory.java:tryLock(328)) - Lock on /workdir/hadoop-ozone/integration-test/target/test-dir/MiniOzoneClusterImpl-2d72fd32-3911-4ce5-968d-89f72e8fe093/datanode-0/data/ratis/54e04f1d-1f76-43ce-8b74-01c49b4b1a3f/in_use.lock acquired by nodename 13415@pr-hdds-2162-tjkd5-3209850126
2019-09-24 02:36:11,721 [pool-77-thread-1] INFO  storage.RaftStorageDirectory (RaftStorageDirectory.java:tryLock(328)) - Lock on /workdir/hadoop-ozone/integration-test/target/test-dir/MiniOzoneClusterImpl-2d72fd32-3911-4ce5-968d-89f72e8fe093/datanode-5/data/ratis/54e04f1d-1f76-43ce-8b74-01c49b4b1a3f/in_use.lock acquired by nodename 13415@pr-hdds-2162-tjkd5-3209850126
2019-09-24 02:36:11,721 [pool-87-thread-1] INFO  storage.RaftStorageDirectory (RaftStorageDirectory.java:tryLock(328)) - Lock on /workdir/hadoop-ozone/integration-test/target/test-dir/MiniOzoneClusterImpl-2d72fd32-3911-4ce5-968d-89f72e8fe093/datanode-6/data/ratis/54e04f1d-1f76-43ce-8b74-01c49b4b1a3f/in_use.lock acquired by nodename 13415@pr-hdds-2162-tjkd5-3209850126
2019-09-24 02:36:11,736 [pool-27-thread-1] INFO  storage.RaftStorage (RaftStorage.java:format(72)) - Storage directory /workdir/hadoop-ozone/integration-test/target/test-dir/MiniOzoneClusterImpl-2d72fd32-3911-4ce5-968d-89f72e8fe093/datanode-0/data/ratis/54e04f1d-1f76-43ce-8b74-01c49b4b1a3f has been successfully formatted.
2019-09-24 02:36:11,736 [pool-87-thread-1] INFO  storage.RaftStorage (RaftStorage.java:format(72)) - Storage directory /workdir/hadoop-ozone/integration-test/target/test-dir/MiniOzoneClusterImpl-2d72fd32-3911-4ce5-968d-89f72e8fe093/datanode-6/data/ratis/54e04f1d-1f76-43ce-8b74-01c49b4b1a3f has been successfully formatted.
2019-09-24 02:36:11,736 [pool-77-thread-1] INFO  storage.RaftStorage (RaftStorage.java:format(72)) - Storage directory /workdir/hadoop-ozone/integration-test/target/test-dir/MiniOzoneClusterImpl-2d72fd32-3911-4ce5-968d-89f72e8fe093/datanode-5/data/ratis/54e04f1d-1f76-43ce-8b74-01c49b4b1a3f has been successfully formatted.
2019-09-24 02:36:11,736 [pool-27-thread-1] INFO  ratis.ContainerStateMachine (ContainerStateMachine.java:loadSnapshot(230)) - group-01C49B4B1A3F: The snapshot info is null. Setting the last applied indexto:(t:0, i:~)
2019-09-24 02:36:11,736 [pool-87-thread-1] INFO  ratis.ContainerStateMachine (ContainerStateMachine.java:loadSnapshot(230)) - group-01C49B4B1A3F: The snapshot info is null. Setting the last applied indexto:(t:0, i:~)
2019-09-24 02:36:11,737 [pool-27-thread-1] INFO  server.RaftServerConfigKeys (ConfUtils.java:logGet(43)) - raft.server.notification.no-leader.timeout = 120s (custom)
2019-09-24 02:36:11,737 [pool-77-thread-1] INFO  ratis.ContainerStateMachine (ContainerStateMachine.java:loadSnapshot(230)) - group-01C49B4B1A3F: The snapshot info is null. Setting the last applied indexto:(t:0, i:~)
2019-09-24 02:36:11,737 [pool-27-thread-1] INFO  server.RaftServerConfigKeys (ConfUtils.java:logGet(43)) - raft.server.log.use.memory = false (default)
2019-09-24 02:36:11,737 [pool-87-thread-1] INFO  server.RaftServerConfigKeys (ConfUtils.java:logGet(43)) - raft.server.notification.no-leader.timeout = 120s (custom)
2019-09-24 02:36:11,737 [pool-27-thread-1] INFO  server.RaftServerConfigKeys (ConfUtils.java:logGet(43)) - raft.server.log.purge.gap = 1000000 (custom)
2019-09-24 02:36:11,737 [pool-77-thread-1] INFO  server.RaftServerConfigKeys (ConfUtils.java:logGet(43)) - raft.server.notification.no-leader.timeout = 120s (custom)
2019-09-24 02:36:11,738 [pool-27-thread-1] INFO  server.RaftServerConfigKeys (ConfUtils.java:logGet(43)) - raft.server.log.appender.buffer.byte-limit = 33554432 (custom)
2019-09-24 02:36:11,737 [pool-87-thread-1] INFO  server.RaftServerConfigKeys (ConfUtils.java:logGet(43)) - raft.server.log.use.memory = false (default)
2019-09-24 02:36:11,738 [pool-27-thread-1] INFO  server.RaftServerConfigKeys (ConfUtils.java:logGet(43)) - raft.server.log.segment.size.max = 1048576 (custom)
2019-09-24 02:36:11,738 [pool-77-thread-1] INFO  server.RaftServerConfigKeys (ConfUtils.java:logGet(43)) - raft.server.log.use.memory = false (default)
2019-09-24 02:36:11,738 [pool-27-thread-1] INFO  server.RaftServerConfigKeys (ConfUtils.java:logGet(43)) - raft.server.log.segment.cache.num.max = 2 (custom)
2019-09-24 02:36:11,738 [pool-87-thread-1] INFO  server.RaftServerConfigKeys (ConfUtils.java:logGet(43)) - raft.server.log.purge.gap = 1000000 (custom)
2019-09-24 02:36:11,739 [pool-27-thread-1] INFO  segmented.SegmentedRaftLogWorker (SegmentedRaftLogWorker.java:<init>(172)) - new 346a7764-760d-427e-9530-0e15c9e08242@group-01C49B4B1A3F-SegmentedRaftLogWorker for RaftStorage:Storage Directory /workdir/hadoop-ozone/integration-test/target/test-dir/MiniOzoneClusterImpl-2d72fd32-3911-4ce5-968d-89f72e8fe093/datanode-0/data/ratis/54e04f1d-1f76-43ce-8b74-01c49b4b1a3f
2019-09-24 02:36:11,739 [pool-77-thread-1] INFO  server.RaftServerConfigKeys (ConfUtils.java:logGet(43)) - raft.server.log.purge.gap = 1000000 (custom)
2019-09-24 02:36:11,739 [pool-27-thread-1] INFO  server.RaftServerConfigKeys (ConfUtils.java:logGet(43)) - raft.server.log.queue.byte-limit = 2147483647 (custom)
2019-09-24 02:36:11,739 [pool-87-thread-1] INFO  server.RaftServerConfigKeys (ConfUtils.java:logGet(43)) - raft.server.log.appender.buffer.byte-limit = 33554432 (custom)
2019-09-24 02:36:11,739 [pool-27-thread-1] INFO  server.RaftServerConfigKeys (ConfUtils.java:logGet(43)) - raft.server.log.queue.element-limit = 1024 (custom)
2019-09-24 02:36:11,739 [pool-77-thread-1] INFO  server.RaftServerConfigKeys (ConfUtils.java:logGet(43)) - raft.server.log.appender.buffer.byte-limit = 33554432 (custom)
2019-09-24 02:36:11,740 [pool-27-thread-1] INFO  server.RaftServerConfigKeys (ConfUtils.java:logGet(43)) - raft.server.log.segment.size.max = 1048576 (custom)
2019-09-24 02:36:11,740 [pool-87-thread-1] INFO  server.RaftServerConfigKeys (ConfUtils.java:logGet(43)) - raft.server.log.segment.size.max = 1048576 (custom)
2019-09-24 02:36:11,740 [pool-27-thread-1] INFO  server.RaftServerConfigKeys (ConfUtils.java:logGet(43)) - raft.server.log.preallocated.size = 16384 (custom)
2019-09-24 02:36:11,740 [pool-77-thread-1] INFO  server.RaftServerConfigKeys (ConfUtils.java:logGet(43)) - raft.server.log.segment.size.max = 1048576 (custom)
2019-09-24 02:36:11,741 [pool-27-thread-1] INFO  server.RaftServerConfigKeys (ConfUtils.java:logGet(43)) - raft.server.log.write.buffer.size = 33554432 (custom)
2019-09-24 02:36:11,740 [pool-87-thread-1] INFO  server.RaftServerConfigKeys (ConfUtils.java:logGet(43)) - raft.server.log.segment.cache.num.max = 2 (custom)
2019-09-24 02:36:11,741 [pool-27-thread-1] INFO  server.RaftServerConfigKeys (ConfUtils.java:logGet(43)) - raft.server.log.force.sync.num = 128 (default)
2019-09-24 02:36:11,741 [pool-77-thread-1] INFO  server.RaftServerConfigKeys (ConfUtils.java:logGet(43)) - raft.server.log.segment.cache.num.max = 2 (custom)
2019-09-24 02:36:11,741 [pool-27-thread-1] INFO  server.RaftServerConfigKeys (ConfUtils.java:logGet(43)) - raft.server.log.statemachine.data.sync = true (default)
2019-09-24 02:36:11,741 [pool-87-thread-1] INFO  segmented.SegmentedRaftLogWorker (SegmentedRaftLogWorker.java:<init>(172)) - new 1ae786a5-17dd-436d-b86f-5426250bc58f@group-01C49B4B1A3F-SegmentedRaftLogWorker for RaftStorage:Storage Directory /workdir/hadoop-ozone/integration-test/target/test-dir/MiniOzoneClusterImpl-2d72fd32-3911-4ce5-968d-89f72e8fe093/datanode-6/data/ratis/54e04f1d-1f76-43ce-8b74-01c49b4b1a3f
2019-09-24 02:36:11,742 [pool-27-thread-1] INFO  server.RaftServerConfigKeys (ConfUtils.java:logGet(43)) - raft.server.log.statemachine.data.sync.timeout = 10s (default)
2019-09-24 02:36:11,742 [pool-77-thread-1] INFO  segmented.SegmentedRaftLogWorker (SegmentedRaftLogWorker.java:<init>(172)) - new 08608e50-e548-4444-8f0d-400a00608d0c@group-01C49B4B1A3F-SegmentedRaftLogWorker for RaftStorage:Storage Directory /workdir/hadoop-ozone/integration-test/target/test-dir/MiniOzoneClusterImpl-2d72fd32-3911-4ce5-968d-89f72e8fe093/datanode-5/data/ratis/54e04f1d-1f76-43ce-8b74-01c49b4b1a3f
2019-09-24 02:36:11,742 [pool-27-thread-1] INFO  server.RaftServerConfigKeys (ConfUtils.java:logGet(43)) - raft.server.log.statemachine.data.sync.timeout.retry = -1 (default)
2019-09-24 02:36:11,742 [pool-87-thread-1] INFO  server.RaftServerConfigKeys (ConfUtils.java:logGet(43)) - raft.server.log.queue.byte-limit = 2147483647 (custom)
2019-09-24 02:36:11,743 [pool-27-thread-1] INFO  server.RaftServerConfigKeys (ConfUtils.java:logGet(43)) - raft.server.log.statemachine.data.caching.enabled = true (custom)
2019-09-24 02:36:11,742 [pool-77-thread-1] INFO  server.RaftServerConfigKeys (ConfUtils.java:logGet(43)) - raft.server.log.queue.byte-limit = 2147483647 (custom)
2019-09-24 02:36:11,743 [pool-87-thread-1] INFO  server.RaftServerConfigKeys (ConfUtils.java:logGet(43)) - raft.server.log.queue.element-limit = 1024 (custom)
2019-09-24 02:36:11,743 [pool-27-thread-1] INFO  segmented.SegmentedRaftLogWorker (SegmentedRaftLogWorker.java:lambda$new$0(132)) - 346a7764-760d-427e-9530-0e15c9e08242@group-01C49B4B1A3F-SegmentedRaftLogWorker: flushIndex: setUnconditionally 0 -> -1
2019-09-24 02:36:11,743 [pool-77-thread-1] INFO  server.RaftServerConfigKeys (ConfUtils.java:logGet(43)) - raft.server.log.queue.element-limit = 1024 (custom)
2019-09-24 02:36:11,743 [pool-87-thread-1] INFO  server.RaftServerConfigKeys (ConfUtils.java:logGet(43)) - raft.server.log.segment.size.max = 1048576 (custom)
2019-09-24 02:36:11,744 [pool-27-thread-1] INFO  server.RaftServerConfigKeys (ConfUtils.java:logGet(43)) - raft.server.snapshot.auto.trigger.enabled = true (custom)
2019-09-24 02:36:11,744 [pool-77-thread-1] INFO  server.RaftServerConfigKeys (ConfUtils.java:logGet(43)) - raft.server.log.segment.size.max = 1048576 (custom)
2019-09-24 02:36:11,744 [pool-27-thread-1] INFO  server.RaftServerConfigKeys (ConfUtils.java:logGet(43)) - raft.server.snapshot.auto.trigger.threshold = 10000 (custom)
2019-09-24 02:36:11,745 [pool-27-thread-1] INFO  server.RaftServerConfigKeys (ConfUtils.java:logGet(43)) - raft.server.snapshot.retention.num.files = 5 (custom)
2019-09-24 02:36:11,744 [pool-87-thread-1] INFO  server.RaftServerConfigKeys (ConfUtils.java:logGet(43)) - raft.server.log.preallocated.size = 16384 (custom)
2019-09-24 02:36:11,745 [pool-27-thread-1] INFO  server.RaftServerConfigKeys (ConfUtils.java:logGet(43)) - raft.server.retrycache.expirytime = 600000ms (custom)
2019-09-24 02:36:11,744 [pool-77-thread-1] INFO  server.RaftServerConfigKeys (ConfUtils.java:logGet(43)) - raft.server.log.preallocated.size = 16384 (custom)
2019-09-24 02:36:11,745 [pool-87-thread-1] INFO  server.RaftServerConfigKeys (ConfUtils.java:logGet(43)) - raft.server.log.write.buffer.size = 33554432 (custom)
2019-09-24 02:36:11,745 [pool-77-thread-1] INFO  server.RaftServerConfigKeys (ConfUtils.java:logGet(43)) - raft.server.log.write.buffer.size = 33554432 (custom)
2019-09-24 02:36:11,746 [pool-87-thread-1] INFO  server.RaftServerConfigKeys (ConfUtils.java:logGet(43)) - raft.server.log.force.sync.num = 128 (default)
2019-09-24 02:36:11,746 [pool-77-thread-1] INFO  server.RaftServerConfigKeys (ConfUtils.java:logGet(43)) - raft.server.log.force.sync.num = 128 (default)
2019-09-24 02:36:11,746 [pool-87-thread-1] INFO  server.RaftServerConfigKeys (ConfUtils.java:logGet(43)) - raft.server.log.statemachine.data.sync = true (default)
2019-09-24 02:36:11,746 [pool-77-thread-1] INFO  server.RaftServerConfigKeys (ConfUtils.java:logGet(43)) - raft.server.log.statemachine.data.sync = true (default)
2019-09-24 02:36:11,746 [pool-87-thread-1] INFO  server.RaftServerConfigKeys (ConfUtils.java:logGet(43)) - raft.server.log.statemachine.data.sync.timeout = 10s (default)
2019-09-24 02:36:11,747 [pool-77-thread-1] INFO  server.RaftServerConfigKeys (ConfUtils.java:logGet(43)) - raft.server.log.statemachine.data.sync.timeout = 10s (default)
2019-09-24 02:36:11,747 [pool-87-thread-1] INFO  server.RaftServerConfigKeys (ConfUtils.java:logGet(43)) - raft.server.log.statemachine.data.sync.timeout.retry = -1 (default)
2019-09-24 02:36:11,747 [pool-77-thread-1] INFO  server.RaftServerConfigKeys (ConfUtils.java:logGet(43)) - raft.server.log.statemachine.data.sync.timeout.retry = -1 (default)
2019-09-24 02:36:11,747 [pool-87-thread-1] INFO  server.RaftServerConfigKeys (ConfUtils.java:logGet(43)) - raft.server.log.statemachine.data.caching.enabled = true (custom)
2019-09-24 02:36:11,747 [pool-77-thread-1] INFO  server.RaftServerConfigKeys (ConfUtils.java:logGet(43)) - raft.server.log.statemachine.data.caching.enabled = true (custom)
2019-09-24 02:36:11,748 [pool-87-thread-1] INFO  segmented.SegmentedRaftLogWorker (SegmentedRaftLogWorker.java:lambda$new$0(132)) - 1ae786a5-17dd-436d-b86f-5426250bc58f@group-01C49B4B1A3F-SegmentedRaftLogWorker: flushIndex: setUnconditionally 0 -> -1
2019-09-24 02:36:11,748 [pool-77-thread-1] INFO  segmented.SegmentedRaftLogWorker (SegmentedRaftLogWorker.java:lambda$new$0(132)) - 08608e50-e548-4444-8f0d-400a00608d0c@group-01C49B4B1A3F-SegmentedRaftLogWorker: flushIndex: setUnconditionally 0 -> -1
2019-09-24 02:36:11,748 [pool-87-thread-1] INFO  server.RaftServerConfigKeys (ConfUtils.java:logGet(43)) - raft.server.snapshot.auto.trigger.enabled = true (custom)
2019-09-24 02:36:11,748 [pool-77-thread-1] INFO  server.RaftServerConfigKeys (ConfUtils.java:logGet(43)) - raft.server.snapshot.auto.trigger.enabled = true (custom)
2019-09-24 02:36:11,748 [pool-87-thread-1] INFO  server.RaftServerConfigKeys (ConfUtils.java:logGet(43)) - raft.server.snapshot.auto.trigger.threshold = 10000 (custom)
2019-09-24 02:36:11,749 [pool-27-thread-1] INFO  impl.RaftServerImpl (RaftServerImpl.java:start(185)) - 346a7764-760d-427e-9530-0e15c9e08242@group-01C49B4B1A3F: start as a follower, conf=-1: [1ae786a5-17dd-436d-b86f-5426250bc58f:192.168.151.121:36039, 08608e50-e548-4444-8f0d-400a00608d0c:192.168.151.121:43534, 346a7764-760d-427e-9530-0e15c9e08242:192.168.151.121:44304], old=null
2019-09-24 02:36:11,749 [pool-77-thread-1] INFO  server.RaftServerConfigKeys (ConfUtils.java:logGet(43)) - raft.server.snapshot.auto.trigger.threshold = 10000 (custom)
2019-09-24 02:36:11,749 [pool-87-thread-1] INFO  server.RaftServerConfigKeys (ConfUtils.java:logGet(43)) - raft.server.snapshot.retention.num.files = 5 (custom)
2019-09-24 02:36:11,749 [pool-27-thread-1] INFO  impl.RaftServerImpl (RaftServerImpl.java:setRole(174)) - 346a7764-760d-427e-9530-0e15c9e08242@group-01C49B4B1A3F: changes role from      null to FOLLOWER at term 0 for startAsFollower
2019-09-24 02:36:11,749 [pool-77-thread-1] INFO  server.RaftServerConfigKeys (ConfUtils.java:logGet(43)) - raft.server.snapshot.retention.num.files = 5 (custom)
2019-09-24 02:36:11,750 [pool-27-thread-1] INFO  impl.RoleInfo (RoleInfo.java:updateAndGet(143)) - 346a7764-760d-427e-9530-0e15c9e08242: start FollowerState
2019-09-24 02:36:11,749 [pool-87-thread-1] INFO  server.RaftServerConfigKeys (ConfUtils.java:logGet(43)) - raft.server.retrycache.expirytime = 600000ms (custom)
2019-09-24 02:36:11,750 [pool-77-thread-1] INFO  server.RaftServerConfigKeys (ConfUtils.java:logGet(43)) - raft.server.retrycache.expirytime = 600000ms (custom)
2019-09-24 02:36:11,751 [pool-27-thread-1] INFO  util.JmxRegister (JmxRegister.java:tryRegister(44)) - Successfully registered JMX Bean with object name Ratis:service=RaftServer,group=group-01C49B4B1A3F,id=346a7764-760d-427e-9530-0e15c9e08242
2019-09-24 02:36:11,758 [pool-87-thread-1] INFO  impl.RaftServerImpl (RaftServerImpl.java:start(185)) - 1ae786a5-17dd-436d-b86f-5426250bc58f@group-01C49B4B1A3F: start as a follower, conf=-1: [1ae786a5-17dd-436d-b86f-5426250bc58f:192.168.151.121:36039, 08608e50-e548-4444-8f0d-400a00608d0c:192.168.151.121:43534, 346a7764-760d-427e-9530-0e15c9e08242:192.168.151.121:44304], old=null
2019-09-24 02:36:11,758 [pool-87-thread-1] INFO  impl.RaftServerImpl (RaftServerImpl.java:setRole(174)) - 1ae786a5-17dd-436d-b86f-5426250bc58f@group-01C49B4B1A3F: changes role from      null to FOLLOWER at term 0 for startAsFollower
2019-09-24 02:36:11,758 [pool-77-thread-1] INFO  impl.RaftServerImpl (RaftServerImpl.java:start(185)) - 08608e50-e548-4444-8f0d-400a00608d0c@group-01C49B4B1A3F: start as a follower, conf=-1: [1ae786a5-17dd-436d-b86f-5426250bc58f:192.168.151.121:36039, 08608e50-e548-4444-8f0d-400a00608d0c:192.168.151.121:43534, 346a7764-760d-427e-9530-0e15c9e08242:192.168.151.121:44304], old=null
2019-09-24 02:36:11,758 [pool-87-thread-1] INFO  impl.RoleInfo (RoleInfo.java:updateAndGet(143)) - 1ae786a5-17dd-436d-b86f-5426250bc58f: start FollowerState
2019-09-24 02:36:11,758 [pool-77-thread-1] INFO  impl.RaftServerImpl (RaftServerImpl.java:setRole(174)) - 08608e50-e548-4444-8f0d-400a00608d0c@group-01C49B4B1A3F: changes role from      null to FOLLOWER at term 0 for startAsFollower
2019-09-24 02:36:11,758 [pool-77-thread-1] INFO  impl.RoleInfo (RoleInfo.java:updateAndGet(143)) - 08608e50-e548-4444-8f0d-400a00608d0c: start FollowerState
2019-09-24 02:36:11,759 [pool-87-thread-1] INFO  util.JmxRegister (JmxRegister.java:tryRegister(44)) - Successfully registered JMX Bean with object name Ratis:service=RaftServer,group=group-01C49B4B1A3F,id=1ae786a5-17dd-436d-b86f-5426250bc58f
2019-09-24 02:36:11,759 [pool-77-thread-1] INFO  util.JmxRegister (JmxRegister.java:tryRegister(44)) - Successfully registered JMX Bean with object name Ratis:service=RaftServer,group=group-01C49B4B1A3F,id=08608e50-e548-4444-8f0d-400a00608d0c
2019-09-24 02:36:11,766 [RatisPipelineUtilsThread] INFO  pipeline.PipelineStateManager (PipelineStateManager.java:addPipeline(56)) - Created pipeline Pipeline[ Id: 54e04f1d-1f76-43ce-8b74-01c49b4b1a3f, Nodes: 08608e50-e548-4444-8f0d-400a00608d0c{ip: 192.168.151.121, host: pr-hdds-2162-tjkd5-3209850126, networkLocation: /default-rack, certSerialId: null}346a7764-760d-427e-9530-0e15c9e08242{ip: 192.168.151.121, host: pr-hdds-2162-tjkd5-3209850126, networkLocation: /default-rack, certSerialId: null}1ae786a5-17dd-436d-b86f-5426250bc58f{ip: 192.168.151.121, host: pr-hdds-2162-tjkd5-3209850126, networkLocation: /default-rack, certSerialId: null}, Type:RATIS, Factor:THREE, State:OPEN]
2019-09-24 02:36:12,325 [grpc-default-executor-8] WARN  server.GrpcLogAppender (LogUtils.java:warn(134)) - 346a7764-760d-427e-9530-0e15c9e08242@group-A598BE63B3C0->29bfa3d0-4cee-44d0-ba16-edf4c6f09a6d-AppendLogResponseHandler: Failed appendEntries: org.apache.ratis.thirdparty.io.grpc.StatusRuntimeException: UNAVAILABLE: io exception
2019-09-24 02:36:12,327 [grpc-default-executor-8] INFO  impl.FollowerInfo (FollowerInfo.java:lambda$new$0(51)) - 346a7764-760d-427e-9530-0e15c9e08242@group-A598BE63B3C0->29bfa3d0-4cee-44d0-ba16-edf4c6f09a6d: nextIndex: updateUnconditionally 0 -> 0
2019-09-24 02:36:12,379 [grpc-default-executor-0] WARN  server.GrpcLogAppender (LogUtils.java:warn(134)) - 08608e50-e548-4444-8f0d-400a00608d0c@group-EC2367FC1F26->69793d86-5a36-4e22-9f21-7b43ee9abdb5-AppendLogResponseHandler: Failed appendEntries: org.apache.ratis.thirdparty.io.grpc.StatusRuntimeException: UNAVAILABLE: io exception
2019-09-24 02:36:12,383 [grpc-default-executor-0] INFO  impl.FollowerInfo (FollowerInfo.java:lambda$new$0(51)) - 08608e50-e548-4444-8f0d-400a00608d0c@group-EC2367FC1F26->69793d86-5a36-4e22-9f21-7b43ee9abdb5: nextIndex: updateUnconditionally 0 -> 0
2019-09-24 02:36:12,447 [ForkJoinPool.commonPool-worker-0] INFO  ozoneimpl.OzoneContainer (OzoneContainer.java:stop(231)) - Attempting to stop container services.
2019-09-24 02:36:12,448 [ForkJoinPool.commonPool-worker-0] INFO  impl.RaftServerProxy (RaftServerProxy.java:lambda$close$4(314)) - afb36831-8adc-4a3c-ba5d-0ae21a058733: close
2019-09-24 02:36:12,448 [ForkJoinPool.commonPool-worker-0] INFO  impl.RaftServerImpl (RaftServerImpl.java:lambda$shutdown$3(251)) - afb36831-8adc-4a3c-ba5d-0ae21a058733@group-FF144BC4E420: shutdown
2019-09-24 02:36:12,449 [ForkJoinPool.commonPool-worker-0] INFO  util.JmxRegister (JmxRegister.java:unregister(73)) - Successfully un-registered JMX Bean with object name Ratis:service=RaftServer,group=group-FF144BC4E420,id=afb36831-8adc-4a3c-ba5d-0ae21a058733
2019-09-24 02:36:12,449 [ForkJoinPool.commonPool-worker-0] INFO  impl.RoleInfo (RoleInfo.java:shutdownLeaderState(104)) - afb36831-8adc-4a3c-ba5d-0ae21a058733: shutdown LeaderState
2019-09-24 02:36:12,449 [ForkJoinPool.commonPool-worker-0] INFO  impl.PendingRequests (PendingRequests.java:sendNotLeaderResponses(202)) - afb36831-8adc-4a3c-ba5d-0ae21a058733-PendingRequests: sendNotLeaderResponses
2019-09-24 02:36:12,450 [ForkJoinPool.commonPool-worker-0] INFO  impl.StateMachineUpdater (StateMachineUpdater.java:stopAndJoin(125)) - afb36831-8adc-4a3c-ba5d-0ae21a058733@group-FF144BC4E420-StateMachineUpdater: set stopIndex = 0
2019-09-24 02:36:12,450 [ForkJoinPool.commonPool-worker-0] INFO  impl.RaftServerImpl (ServerState.java:close(385)) - afb36831-8adc-4a3c-ba5d-0ae21a058733@group-FF144BC4E420: closes. applyIndex: 0
2019-09-24 02:36:12,451 [afb36831-8adc-4a3c-ba5d-0ae21a058733@group-FF144BC4E420-SegmentedRaftLogWorker] INFO  segmented.SegmentedRaftLogWorker (SegmentedRaftLogWorker.java:run(313)) - afb36831-8adc-4a3c-ba5d-0ae21a058733@group-FF144BC4E420-SegmentedRaftLogWorker was interrupted, exiting. There are 0 tasks remaining in the queue.
2019-09-24 02:36:12,453 [ForkJoinPool.commonPool-worker-0] INFO  segmented.SegmentedRaftLogWorker (SegmentedRaftLogWorker.java:close(228)) - afb36831-8adc-4a3c-ba5d-0ae21a058733@group-FF144BC4E420-SegmentedRaftLogWorker close()
2019-09-24 02:36:12,456 [ForkJoinPool.commonPool-worker-0] INFO  impl.RaftServerImpl (RaftServerImpl.java:lambda$shutdown$3(251)) - afb36831-8adc-4a3c-ba5d-0ae21a058733@group-A598BE63B3C0: shutdown
2019-09-24 02:36:12,456 [main] INFO  ozoneimpl.OzoneContainer (OzoneContainer.java:stop(231)) - Attempting to stop container services.
2019-09-24 02:36:12,457 [ForkJoinPool.commonPool-worker-0] INFO  util.JmxRegister (JmxRegister.java:unregister(73)) - Successfully un-registered JMX Bean with object name Ratis:service=RaftServer,group=group-A598BE63B3C0,id=afb36831-8adc-4a3c-ba5d-0ae21a058733
2019-09-24 02:36:12,457 [main] INFO  impl.RaftServerProxy (RaftServerProxy.java:lambda$close$4(314)) - 987dfd3c-d9bb-4fcd-93df-655efe6d0319: close
2019-09-24 02:36:12,457 [ForkJoinPool.commonPool-worker-0] INFO  impl.RoleInfo (RoleInfo.java:shutdownFollowerState(121)) - afb36831-8adc-4a3c-ba5d-0ae21a058733: shutdown FollowerState
2019-09-24 02:36:12,458 [main] INFO  impl.RaftServerImpl (RaftServerImpl.java:lambda$shutdown$3(251)) - 987dfd3c-d9bb-4fcd-93df-655efe6d0319@group-EC2367FC1F26: shutdown
2019-09-24 02:36:12,458 [Thread-334] INFO  impl.FollowerState (FollowerState.java:run(115)) - afb36831-8adc-4a3c-ba5d-0ae21a058733: FollowerState was interrupted: java.lang.InterruptedException: sleep interrupted
2019-09-24 02:36:12,458 [ForkJoinPool.commonPool-worker-0] INFO  impl.StateMachineUpdater (StateMachineUpdater.java:stopAndJoin(125)) - afb36831-8adc-4a3c-ba5d-0ae21a058733@group-A598BE63B3C0-StateMachineUpdater: set stopIndex = 0
2019-09-24 02:36:12,458 [main] INFO  util.JmxRegister (JmxRegister.java:unregister(73)) - Successfully un-registered JMX Bean with object name Ratis:service=RaftServer,group=group-EC2367FC1F26,id=987dfd3c-d9bb-4fcd-93df-655efe6d0319
2019-09-24 02:36:12,459 [main] INFO  impl.RoleInfo (RoleInfo.java:shutdownFollowerState(121)) - 987dfd3c-d9bb-4fcd-93df-655efe6d0319: shutdown FollowerState
2019-09-24 02:36:12,459 [ForkJoinPool.commonPool-worker-0] INFO  impl.RaftServerImpl (ServerState.java:close(385)) - afb36831-8adc-4a3c-ba5d-0ae21a058733@group-A598BE63B3C0: closes. applyIndex: 0
2019-09-24 02:36:12,460 [Thread-297] INFO  impl.FollowerState (FollowerState.java:run(115)) - 987dfd3c-d9bb-4fcd-93df-655efe6d0319: FollowerState was interrupted: java.lang.InterruptedException: sleep interrupted
2019-09-24 02:36:12,460 [main] INFO  impl.StateMachineUpdater (StateMachineUpdater.java:stopAndJoin(125)) - 987dfd3c-d9bb-4fcd-93df-655efe6d0319@group-EC2367FC1F26-StateMachineUpdater: set stopIndex = 0
2019-09-24 02:36:12,460 [afb36831-8adc-4a3c-ba5d-0ae21a058733@group-A598BE63B3C0-SegmentedRaftLogWorker] INFO  segmented.SegmentedRaftLogWorker (SegmentedRaftLogWorker.java:run(313)) - afb36831-8adc-4a3c-ba5d-0ae21a058733@group-A598BE63B3C0-SegmentedRaftLogWorker was interrupted, exiting. There are 0 tasks remaining in the queue.
2019-09-24 02:36:12,461 [main] INFO  impl.RaftServerImpl (ServerState.java:close(385)) - 987dfd3c-d9bb-4fcd-93df-655efe6d0319@group-EC2367FC1F26: closes. applyIndex: 0
2019-09-24 02:36:12,463 [ForkJoinPool.commonPool-worker-0] INFO  segmented.SegmentedRaftLogWorker (SegmentedRaftLogWorker.java:close(228)) - afb36831-8adc-4a3c-ba5d-0ae21a058733@group-A598BE63B3C0-SegmentedRaftLogWorker close()
2019-09-24 02:36:12,463 [987dfd3c-d9bb-4fcd-93df-655efe6d0319@group-EC2367FC1F26-SegmentedRaftLogWorker] INFO  segmented.SegmentedRaftLogWorker (SegmentedRaftLogWorker.java:run(313)) - 987dfd3c-d9bb-4fcd-93df-655efe6d0319@group-EC2367FC1F26-SegmentedRaftLogWorker was interrupted, exiting. There are 0 tasks remaining in the queue.
2019-09-24 02:36:12,466 [ForkJoinPool.commonPool-worker-0] INFO  server.GrpcService (GrpcService.java:closeImpl(164)) - afb36831-8adc-4a3c-ba5d-0ae21a058733: shutdown server with port 40452 now
2019-09-24 02:36:12,468 [main] INFO  segmented.SegmentedRaftLogWorker (SegmentedRaftLogWorker.java:close(228)) - 987dfd3c-d9bb-4fcd-93df-655efe6d0319@group-EC2367FC1F26-SegmentedRaftLogWorker close()
2019-09-24 02:36:12,472 [main] INFO  impl.RaftServerImpl (RaftServerImpl.java:lambda$shutdown$3(251)) - 987dfd3c-d9bb-4fcd-93df-655efe6d0319@group-D695B7D83B66: shutdown
2019-09-24 02:36:12,474 [ForkJoinPool.commonPool-worker-0] INFO  server.GrpcService (GrpcService.java:closeImpl(172)) - afb36831-8adc-4a3c-ba5d-0ae21a058733: shutdown server with port 40452 successfully
2019-09-24 02:36:12,473 [grpc-default-executor-8] WARN  server.GrpcServerProtocolService (LogUtils.java:warn(134)) - afb36831-8adc-4a3c-ba5d-0ae21a058733: installSnapshot onError, lastRequest: 346a7764-760d-427e-9530-0e15c9e08242->afb36831-8adc-4a3c-ba5d-0ae21a058733#45-t3, previous=(t:3, i:0), leaderCommit=0, initializing? false, entries: <empty>: org.apache.ratis.thirdparty.io.grpc.StatusRuntimeException: CANCELLED: cancelled before receiving half close
2019-09-24 02:36:12,474 [main] INFO  util.JmxRegister (JmxRegister.java:unregister(73)) - Successfully un-registered JMX Bean with object name Ratis:service=RaftServer,group=group-D695B7D83B66,id=987dfd3c-d9bb-4fcd-93df-655efe6d0319
2019-09-24 02:36:12,474 [grpc-default-executor-1] WARN  server.GrpcLogAppender (LogUtils.java:warn(134)) - 346a7764-760d-427e-9530-0e15c9e08242@group-A598BE63B3C0->afb36831-8adc-4a3c-ba5d-0ae21a058733-AppendLogResponseHandler: Failed appendEntries: org.apache.ratis.thirdparty.io.grpc.StatusRuntimeException: CANCELLED: HTTP/2 error code: CANCEL
Received Rst Stream
2019-09-24 02:36:12,475 [main] INFO  impl.RoleInfo (RoleInfo.java:shutdownLeaderState(104)) - 987dfd3c-d9bb-4fcd-93df-655efe6d0319: shutdown LeaderState
2019-09-24 02:36:12,478 [grpc-default-executor-1] INFO  impl.FollowerInfo (FollowerInfo.java:lambda$new$0(51)) - 346a7764-760d-427e-9530-0e15c9e08242@group-A598BE63B3C0->afb36831-8adc-4a3c-ba5d-0ae21a058733: nextIndex: updateUnconditionally 1 -> 0
2019-09-24 02:36:12,478 [main] INFO  impl.PendingRequests (PendingRequests.java:sendNotLeaderResponses(202)) - 987dfd3c-d9bb-4fcd-93df-655efe6d0319-PendingRequests: sendNotLeaderResponses
2019-09-24 02:36:12,479 [main] INFO  impl.StateMachineUpdater (StateMachineUpdater.java:stopAndJoin(125)) - 987dfd3c-d9bb-4fcd-93df-655efe6d0319@group-D695B7D83B66-StateMachineUpdater: set stopIndex = 0
2019-09-24 02:36:12,481 [main] INFO  impl.RaftServerImpl (ServerState.java:close(385)) - 987dfd3c-d9bb-4fcd-93df-655efe6d0319@group-D695B7D83B66: closes. applyIndex: 0
2019-09-24 02:36:12,482 [987dfd3c-d9bb-4fcd-93df-655efe6d0319@group-D695B7D83B66-SegmentedRaftLogWorker] INFO  segmented.SegmentedRaftLogWorker (SegmentedRaftLogWorker.java:run(313)) - 987dfd3c-d9bb-4fcd-93df-655efe6d0319@group-D695B7D83B66-SegmentedRaftLogWorker was interrupted, exiting. There are 0 tasks remaining in the queue.
2019-09-24 02:36:12,483 [main] INFO  segmented.SegmentedRaftLogWorker (SegmentedRaftLogWorker.java:close(228)) - 987dfd3c-d9bb-4fcd-93df-655efe6d0319@group-D695B7D83B66-SegmentedRaftLogWorker close()
2019-09-24 02:36:12,487 [main] INFO  server.GrpcService (GrpcService.java:closeImpl(164)) - 987dfd3c-d9bb-4fcd-93df-655efe6d0319: shutdown server with port 45327 now
2019-09-24 02:36:12,491 [refreshUsed-/workdir/hadoop-ozone/integration-test/target/test-dir/MiniOzoneClusterImpl-2d72fd32-3911-4ce5-968d-89f72e8fe093/datanode-2/data/containers] WARN  fs.CachingGetSpaceUsed (CachingGetSpaceUsed.java:run(183)) - Thread Interrupted waiting to refresh disk information: sleep interrupted
2019-09-24 02:36:12,491 [main] INFO  server.GrpcService (GrpcService.java:closeImpl(172)) - 987dfd3c-d9bb-4fcd-93df-655efe6d0319: shutdown server with port 45327 successfully
2019-09-24 02:36:12,494 [grpc-default-executor-1] WARN  server.GrpcLogAppender (LogUtils.java:warn(134)) - 08608e50-e548-4444-8f0d-400a00608d0c@group-EC2367FC1F26->987dfd3c-d9bb-4fcd-93df-655efe6d0319-AppendLogResponseHandler: Failed appendEntries: org.apache.ratis.thirdparty.io.grpc.StatusRuntimeException: CANCELLED: HTTP/2 error code: CANCEL
Received Rst Stream
2019-09-24 02:36:12,494 [grpc-default-executor-8] WARN  server.GrpcServerProtocolService (LogUtils.java:warn(134)) - 987dfd3c-d9bb-4fcd-93df-655efe6d0319: installSnapshot onError, lastRequest: 08608e50-e548-4444-8f0d-400a00608d0c->987dfd3c-d9bb-4fcd-93df-655efe6d0319#47-t1, previous=(t:1, i:0), leaderCommit=0, initializing? false, entries: <empty>: org.apache.ratis.thirdparty.io.grpc.StatusRuntimeException: CANCELLED: cancelled before receiving half close
2019-09-24 02:36:12,497 [grpc-default-executor-1] INFO  impl.FollowerInfo (FollowerInfo.java:lambda$new$0(51)) - 08608e50-e548-4444-8f0d-400a00608d0c@group-EC2367FC1F26->987dfd3c-d9bb-4fcd-93df-655efe6d0319: nextIndex: updateUnconditionally 1 -> 0
2019-09-24 02:36:12,499 [refreshUsed-/workdir/hadoop-ozone/integration-test/target/test-dir/MiniOzoneClusterImpl-2d72fd32-3911-4ce5-968d-89f72e8fe093/datanode-3/data/containers] WARN  fs.CachingGetSpaceUsed (CachingGetSpaceUsed.java:run(183)) - Thread Interrupted waiting to refresh disk information: sleep interrupted
2019-09-24 02:36:12,517 [ForkJoinPool.commonPool-worker-0] INFO  utils.BackgroundService (BackgroundService.java:shutdown(148)) - Shutting down service BlockDeletingService
2019-09-24 02:36:12,522 [ForkJoinPool.commonPool-worker-0] INFO  statemachine.DatanodeStateMachine (DatanodeStateMachine.java:stopDaemon(395)) - Ozone container server stopped.
2019-09-24 02:36:12,527 [main] INFO  utils.BackgroundService (BackgroundService.java:shutdown(148)) - Shutting down service BlockDeletingService
2019-09-24 02:36:12,527 [ForkJoinPool.commonPool-worker-0] INFO  handler.ContextHandler (ContextHandler.java:doStop(910)) - Stopped o.e.j.w.WebAppContext@7e642b88{/,null,UNAVAILABLE}{/hddsDatanode}
2019-09-24 02:36:12,531 [main] INFO  statemachine.DatanodeStateMachine (DatanodeStateMachine.java:stopDaemon(395)) - Ozone container server stopped.
2019-09-24 02:36:12,531 [ForkJoinPool.commonPool-worker-0] INFO  server.AbstractConnector (AbstractConnector.java:doStop(318)) - Stopped ServerConnector@6b350309{HTTP/1.1,[http/1.1]}{0.0.0.0:0}
2019-09-24 02:36:12,533 [ForkJoinPool.commonPool-worker-0] INFO  handler.ContextHandler (ContextHandler.java:doStop(910)) - Stopped o.e.j.s.ServletContextHandler@726aa968{/static,jar:file:/home/user/.m2/repository/org/apache/hadoop/hadoop-hdds-container-service/0.5.0-SNAPSHOT/hadoop-hdds-container-service-0.5.0-SNAPSHOT.jar!/webapps/static,UNAVAILABLE}
2019-09-24 02:36:12,534 [main] INFO  handler.ContextHandler (ContextHandler.java:doStop(910)) - Stopped o.e.j.w.WebAppContext@518bfd90{/,null,UNAVAILABLE}{/hddsDatanode}
2019-09-24 02:36:12,534 [ForkJoinPool.commonPool-worker-0] INFO  handler.ContextHandler (ContextHandler.java:doStop(910)) - Stopped o.e.j.s.ServletContextHandler@36681447{/logs,file:///workdir/hadoop-ozone/integration-test/target/log,UNAVAILABLE}
2019-09-24 02:36:12,535 [main] INFO  server.AbstractConnector (AbstractConnector.java:doStop(318)) - Stopped ServerConnector@317a118b{HTTP/1.1,[http/1.1]}{0.0.0.0:0}
2019-09-24 02:36:12,536 [main] INFO  handler.ContextHandler (ContextHandler.java:doStop(910)) - Stopped o.e.j.s.ServletContextHandler@1305c126{/static,jar:file:/home/user/.m2/repository/org/apache/hadoop/hadoop-hdds-container-service/0.5.0-SNAPSHOT/hadoop-hdds-container-service-0.5.0-SNAPSHOT.jar!/webapps/static,UNAVAILABLE}
2019-09-24 02:36:12,536 [main] INFO  handler.ContextHandler (ContextHandler.java:doStop(910)) - Stopped o.e.j.s.ServletContextHandler@5e7c141d{/logs,file:///workdir/hadoop-ozone/integration-test/target/log,UNAVAILABLE}
2019-09-24 02:36:12,744 [Datanode State Machine Thread - 0] INFO  statemachine.DatanodeStateMachine (DatanodeStateMachine.java:lambda$startDaemon$0(350)) - Ozone container server started.
2019-09-24 02:36:13,305 [Datanode State Machine Thread - 0] INFO  statemachine.DatanodeStateMachine (DatanodeStateMachine.java:lambda$startDaemon$0(350)) - Ozone container server started.
2019-09-24 02:36:14,788 [EventQueue-StaleNodeForStaleNodeHandler] INFO  node.StaleNodeHandler (StaleNodeHandler.java:onMessage(58)) - Datanode 346a7764-760d-427e-9530-0e15c9e08242{ip: 192.168.151.121, host: pr-hdds-2162-tjkd5-3209850126, networkLocation: /default-rack, certSerialId: null} moved to stale state. Finalizing its pipelines [PipelineID=54e04f1d-1f76-43ce-8b74-01c49b4b1a3f, PipelineID=7712695e-d0c8-47dc-82b7-a598be63b3c0, PipelineID=f69bace8-4629-4305-ad09-2278107e151a]
2019-09-24 02:36:14,788 [EventQueue-StaleNodeForStaleNodeHandler] INFO  pipeline.SCMPipelineManager (SCMPipelineManager.java:finalizeAndDestroyPipeline(315)) - destroying pipeline:Pipeline[ Id: 54e04f1d-1f76-43ce-8b74-01c49b4b1a3f, Nodes: 08608e50-e548-4444-8f0d-400a00608d0c{ip: 192.168.151.121, host: pr-hdds-2162-tjkd5-3209850126, networkLocation: /default-rack, certSerialId: null}346a7764-760d-427e-9530-0e15c9e08242{ip: 192.168.151.121, host: pr-hdds-2162-tjkd5-3209850126, networkLocation: /default-rack, certSerialId: null}1ae786a5-17dd-436d-b86f-5426250bc58f{ip: 192.168.151.121, host: pr-hdds-2162-tjkd5-3209850126, networkLocation: /default-rack, certSerialId: null}, Type:RATIS, Factor:THREE, State:OPEN]
2019-09-24 02:36:14,789 [EventQueue-StaleNodeForStaleNodeHandler] INFO  pipeline.PipelineStateManager (PipelineStateManager.java:finalizePipeline(123)) - Pipeline Pipeline[ Id: 54e04f1d-1f76-43ce-8b74-01c49b4b1a3f, Nodes: 08608e50-e548-4444-8f0d-400a00608d0c{ip: 192.168.151.121, host: pr-hdds-2162-tjkd5-3209850126, networkLocation: /default-rack, certSerialId: null}346a7764-760d-427e-9530-0e15c9e08242{ip: 192.168.151.121, host: pr-hdds-2162-tjkd5-3209850126, networkLocation: /default-rack, certSerialId: null}1ae786a5-17dd-436d-b86f-5426250bc58f{ip: 192.168.151.121, host: pr-hdds-2162-tjkd5-3209850126, networkLocation: /default-rack, certSerialId: null}, Type:RATIS, Factor:THREE, State:CLOSED] moved to CLOSED state
2019-09-24 02:36:14,789 [EventQueue-StaleNodeForStaleNodeHandler] INFO  pipeline.SCMPipelineManager (SCMPipelineManager.java:finalizeAndDestroyPipeline(315)) - destroying pipeline:Pipeline[ Id: 7712695e-d0c8-47dc-82b7-a598be63b3c0, Nodes: 346a7764-760d-427e-9530-0e15c9e08242{ip: 192.168.151.121, host: pr-hdds-2162-tjkd5-3209850126, networkLocation: /default-rack, certSerialId: null}afb36831-8adc-4a3c-ba5d-0ae21a058733{ip: 192.168.151.121, host: pr-hdds-2162-tjkd5-3209850126, networkLocation: /default-rack, certSerialId: null}29bfa3d0-4cee-44d0-ba16-edf4c6f09a6d{ip: 192.168.151.121, host: pr-hdds-2162-tjkd5-3209850126, networkLocation: /default-rack, certSerialId: null}, Type:RATIS, Factor:THREE, State:CLOSED]
2019-09-24 02:36:14,789 [EventQueue-StaleNodeForStaleNodeHandler] INFO  pipeline.SCMPipelineManager (SCMPipelineManager.java:finalizeAndDestroyPipeline(315)) - destroying pipeline:Pipeline[ Id: f69bace8-4629-4305-ad09-2278107e151a, Nodes: 346a7764-760d-427e-9530-0e15c9e08242{ip: 192.168.151.121, host: pr-hdds-2162-tjkd5-3209850126, networkLocation: /default-rack, certSerialId: null}, Type:RATIS, Factor:ONE, State:OPEN]
2019-09-24 02:36:14,790 [EventQueue-StaleNodeForStaleNodeHandler] INFO  pipeline.PipelineStateManager (PipelineStateManager.java:finalizePipeline(123)) - Pipeline Pipeline[ Id: f69bace8-4629-4305-ad09-2278107e151a, Nodes: 346a7764-760d-427e-9530-0e15c9e08242{ip: 192.168.151.121, host: pr-hdds-2162-tjkd5-3209850126, networkLocation: /default-rack, certSerialId: null}, Type:RATIS, Factor:ONE, State:CLOSED] moved to CLOSED state
2019-09-24 02:36:14,828 [grpc-default-executor-0] WARN  server.GrpcLogAppender (LogUtils.java:warn(134)) - 346a7764-760d-427e-9530-0e15c9e08242@group-A598BE63B3C0->29bfa3d0-4cee-44d0-ba16-edf4c6f09a6d-AppendLogResponseHandler: Failed appendEntries: org.apache.ratis.thirdparty.io.grpc.StatusRuntimeException: UNAVAILABLE: io exception
2019-09-24 02:36:14,831 [grpc-default-executor-0] INFO  impl.FollowerInfo (FollowerInfo.java:lambda$new$0(51)) - 346a7764-760d-427e-9530-0e15c9e08242@group-A598BE63B3C0->29bfa3d0-4cee-44d0-ba16-edf4c6f09a6d: nextIndex: updateUnconditionally 0 -> 0
2019-09-24 02:36:14,835 [grpc-default-executor-1] WARN  server.GrpcLogAppender (LogUtils.java:warn(134)) - 346a7764-760d-427e-9530-0e15c9e08242@group-A598BE63B3C0->afb36831-8adc-4a3c-ba5d-0ae21a058733-AppendLogResponseHandler: Failed appendEntries: org.apache.ratis.thirdparty.io.grpc.StatusRuntimeException: UNAVAILABLE: io exception
2019-09-24 02:36:14,836 [grpc-default-executor-1] INFO  impl.FollowerInfo (FollowerInfo.java:lambda$new$0(51)) - 346a7764-760d-427e-9530-0e15c9e08242@group-A598BE63B3C0->afb36831-8adc-4a3c-ba5d-0ae21a058733: nextIndex: updateUnconditionally 0 -> 0
2019-09-24 02:36:14,872 [grpc-default-executor-8] WARN  server.GrpcLogAppender (LogUtils.java:warn(134)) - 08608e50-e548-4444-8f0d-400a00608d0c@group-EC2367FC1F26->987dfd3c-d9bb-4fcd-93df-655efe6d0319-AppendLogResponseHandler: Failed appendEntries: org.apache.ratis.thirdparty.io.grpc.StatusRuntimeException: UNAVAILABLE: io exception
2019-09-24 02:36:14,873 [grpc-default-executor-8] INFO  impl.FollowerInfo (FollowerInfo.java:lambda$new$0(51)) - 08608e50-e548-4444-8f0d-400a00608d0c@group-EC2367FC1F26->987dfd3c-d9bb-4fcd-93df-655efe6d0319: nextIndex: updateUnconditionally 0 -> 0
2019-09-24 02:36:14,881 [grpc-default-executor-0] WARN  server.GrpcLogAppender (LogUtils.java:warn(134)) - 08608e50-e548-4444-8f0d-400a00608d0c@group-EC2367FC1F26->69793d86-5a36-4e22-9f21-7b43ee9abdb5-AppendLogResponseHandler: Failed appendEntries: org.apache.ratis.thirdparty.io.grpc.StatusRuntimeException: UNAVAILABLE: io exception
2019-09-24 02:36:14,883 [grpc-default-executor-0] INFO  impl.FollowerInfo (FollowerInfo.java:lambda$new$0(51)) - 08608e50-e548-4444-8f0d-400a00608d0c@group-EC2367FC1F26->69793d86-5a36-4e22-9f21-7b43ee9abdb5: nextIndex: updateUnconditionally 0 -> 0
2019-09-24 02:36:15,389 [EventQueue-StaleNodeForStaleNodeHandler] INFO  node.StaleNodeHandler (StaleNodeHandler.java:onMessage(58)) - Datanode 1ae786a5-17dd-436d-b86f-5426250bc58f{ip: 192.168.151.121, host: pr-hdds-2162-tjkd5-3209850126, networkLocation: /default-rack, certSerialId: null} moved to stale state. Finalizing its pipelines [PipelineID=094f9386-0012-4362-a1ee-753648a250c2, PipelineID=54e04f1d-1f76-43ce-8b74-01c49b4b1a3f]
2019-09-24 02:36:15,390 [EventQueue-StaleNodeForStaleNodeHandler] INFO  pipeline.SCMPipelineManager (SCMPipelineManager.java:finalizeAndDestroyPipeline(315)) - destroying pipeline:Pipeline[ Id: 094f9386-0012-4362-a1ee-753648a250c2, Nodes: 1ae786a5-17dd-436d-b86f-5426250bc58f{ip: 192.168.151.121, host: pr-hdds-2162-tjkd5-3209850126, networkLocation: /default-rack, certSerialId: null}, Type:RATIS, Factor:ONE, State:OPEN]
2019-09-24 02:36:15,390 [EventQueue-StaleNodeForStaleNodeHandler] INFO  pipeline.PipelineStateManager (PipelineStateManager.java:finalizePipeline(123)) - Pipeline Pipeline[ Id: 094f9386-0012-4362-a1ee-753648a250c2, Nodes: 1ae786a5-17dd-436d-b86f-5426250bc58f{ip: 192.168.151.121, host: pr-hdds-2162-tjkd5-3209850126, networkLocation: /default-rack, certSerialId: null}, Type:RATIS, Factor:ONE, State:CLOSED] moved to CLOSED state
2019-09-24 02:36:15,390 [EventQueue-StaleNodeForStaleNodeHandler] INFO  pipeline.SCMPipelineManager (SCMPipelineManager.java:finalizeAndDestroyPipeline(315)) - destroying pipeline:Pipeline[ Id: 54e04f1d-1f76-43ce-8b74-01c49b4b1a3f, Nodes: 08608e50-e548-4444-8f0d-400a00608d0c{ip: 192.168.151.121, host: pr-hdds-2162-tjkd5-3209850126, networkLocation: /default-rack, certSerialId: null}346a7764-760d-427e-9530-0e15c9e08242{ip: 192.168.151.121, host: pr-hdds-2162-tjkd5-3209850126, networkLocation: /default-rack, certSerialId: null}1ae786a5-17dd-436d-b86f-5426250bc58f{ip: 192.168.151.121, host: pr-hdds-2162-tjkd5-3209850126, networkLocation: /default-rack, certSerialId: null}, Type:RATIS, Factor:THREE, State:CLOSED]
2019-09-24 02:36:16,856 [Thread-540] INFO  impl.FollowerState (FollowerState.java:run(106)) - 346a7764-760d-427e-9530-0e15c9e08242:group-01C49B4B1A3F changes to CANDIDATE, lastRpcTime:5105, electionTimeout:5105ms
2019-09-24 02:36:16,857 [Thread-540] INFO  impl.RoleInfo (RoleInfo.java:shutdownFollowerState(121)) - 346a7764-760d-427e-9530-0e15c9e08242: shutdown FollowerState
2019-09-24 02:36:16,857 [Thread-540] INFO  impl.RaftServerImpl (RaftServerImpl.java:setRole(174)) - 346a7764-760d-427e-9530-0e15c9e08242@group-01C49B4B1A3F: changes role from  FOLLOWER to CANDIDATE at term 0 for changeToCandidate
2019-09-24 02:36:16,858 [Thread-540] INFO  impl.RoleInfo (RoleInfo.java:updateAndGet(143)) - 346a7764-760d-427e-9530-0e15c9e08242: start LeaderElection
2019-09-24 02:36:16,868 [346a7764-760d-427e-9530-0e15c9e08242@group-01C49B4B1A3F:LeaderElection13] INFO  impl.LeaderElection (LeaderElection.java:askForVotes(182)) - 346a7764-760d-427e-9530-0e15c9e08242@group-01C49B4B1A3F:LeaderElection13: begin an election at term 1 for -1: [1ae786a5-17dd-436d-b86f-5426250bc58f:192.168.151.121:36039, 08608e50-e548-4444-8f0d-400a00608d0c:192.168.151.121:43534, 346a7764-760d-427e-9530-0e15c9e08242:192.168.151.121:44304], old=null
2019-09-24 02:36:16,882 [grpc-default-executor-0] INFO  impl.RaftServerImpl (RaftServerImpl.java:setRole(174)) - 08608e50-e548-4444-8f0d-400a00608d0c@group-01C49B4B1A3F: changes role from  FOLLOWER to FOLLOWER at term 1 for recognizeCandidate:346a7764-760d-427e-9530-0e15c9e08242
2019-09-24 02:36:16,882 [grpc-default-executor-0] INFO  impl.RoleInfo (RoleInfo.java:shutdownFollowerState(121)) - 08608e50-e548-4444-8f0d-400a00608d0c: shutdown FollowerState
2019-09-24 02:36:16,885 [grpc-default-executor-0] INFO  impl.RoleInfo (RoleInfo.java:updateAndGet(143)) - 08608e50-e548-4444-8f0d-400a00608d0c: start FollowerState
2019-09-24 02:36:16,885 [Thread-544] INFO  impl.FollowerState (FollowerState.java:run(115)) - 08608e50-e548-4444-8f0d-400a00608d0c: FollowerState was interrupted: java.lang.InterruptedException: sleep interrupted
2019-09-24 02:36:16,885 [grpc-default-executor-8] INFO  impl.RaftServerImpl (RaftServerImpl.java:setRole(174)) - 1ae786a5-17dd-436d-b86f-5426250bc58f@group-01C49B4B1A3F: changes role from  FOLLOWER to FOLLOWER at term 1 for recognizeCandidate:346a7764-760d-427e-9530-0e15c9e08242
2019-09-24 02:36:16,886 [grpc-default-executor-8] INFO  impl.RoleInfo (RoleInfo.java:shutdownFollowerState(121)) - 1ae786a5-17dd-436d-b86f-5426250bc58f: shutdown FollowerState
2019-09-24 02:36:16,887 [grpc-default-executor-8] INFO  impl.RoleInfo (RoleInfo.java:updateAndGet(143)) - 1ae786a5-17dd-436d-b86f-5426250bc58f: start FollowerState
2019-09-24 02:36:16,887 [Thread-543] INFO  impl.FollowerState (FollowerState.java:run(115)) - 1ae786a5-17dd-436d-b86f-5426250bc58f: FollowerState was interrupted: java.lang.InterruptedException: sleep interrupted
2019-09-24 02:36:16,917 [346a7764-760d-427e-9530-0e15c9e08242@group-01C49B4B1A3F:LeaderElection13] INFO  impl.LeaderElection (LeaderElection.java:logAndReturn(56)) - 346a7764-760d-427e-9530-0e15c9e08242@group-01C49B4B1A3F:LeaderElection13: Election PASSED; received 1 response(s) [346a7764-760d-427e-9530-0e15c9e08242<-1ae786a5-17dd-436d-b86f-5426250bc58f#0:OK-t1] and 0 exception(s); 346a7764-760d-427e-9530-0e15c9e08242@group-01C49B4B1A3F:t1, leader=null, voted=346a7764-760d-427e-9530-0e15c9e08242, raftlog=346a7764-760d-427e-9530-0e15c9e08242@group-01C49B4B1A3F-SegmentedRaftLog:OPENED:c-1,f-1,i0, conf=-1: [1ae786a5-17dd-436d-b86f-5426250bc58f:192.168.151.121:36039, 08608e50-e548-4444-8f0d-400a00608d0c:192.168.151.121:43534, 346a7764-760d-427e-9530-0e15c9e08242:192.168.151.121:44304], old=null
2019-09-24 02:36:16,917 [346a7764-760d-427e-9530-0e15c9e08242@group-01C49B4B1A3F:LeaderElection13] INFO  impl.RoleInfo (RoleInfo.java:shutdownLeaderElection(134)) - 346a7764-760d-427e-9530-0e15c9e08242: shutdown LeaderElection
2019-09-24 02:36:16,918 [346a7764-760d-427e-9530-0e15c9e08242@group-01C49B4B1A3F:LeaderElection13] INFO  impl.RaftServerImpl (RaftServerImpl.java:setRole(174)) - 346a7764-760d-427e-9530-0e15c9e08242@group-01C49B4B1A3F: changes role from CANDIDATE to LEADER at term 1 for changeToLeader
2019-09-24 02:36:16,918 [346a7764-760d-427e-9530-0e15c9e08242@group-01C49B4B1A3F:LeaderElection13] INFO  impl.RaftServerImpl (ServerState.java:setLeader(253)) - 346a7764-760d-427e-9530-0e15c9e08242@group-01C49B4B1A3F: change Leader from null to 346a7764-760d-427e-9530-0e15c9e08242 at term 1 for becomeLeader, leader elected after 5181ms
2019-09-24 02:36:16,919 [346a7764-760d-427e-9530-0e15c9e08242@group-01C49B4B1A3F:LeaderElection13] INFO  server.RaftServerConfigKeys (ConfUtils.java:logGet(43)) - raft.server.staging.catchup.gap = 1000 (default)
2019-09-24 02:36:16,919 [346a7764-760d-427e-9530-0e15c9e08242@group-01C49B4B1A3F:LeaderElection13] INFO  server.RaftServerConfigKeys (ConfUtils.java:logGet(43)) - raft.server.rpc.sleep.time = 25ms (default)
2019-09-24 02:36:16,919 [346a7764-760d-427e-9530-0e15c9e08242@group-01C49B4B1A3F:LeaderElection13] INFO  server.RaftServerConfigKeys (ConfUtils.java:logGet(43)) - raft.server.write.element-limit = 4096 (default)
2019-09-24 02:36:16,919 [346a7764-760d-427e-9530-0e15c9e08242@group-01C49B4B1A3F:LeaderElection13] INFO  server.RaftServerConfigKeys (ConfUtils.java:logGet(43)) - raft.server.watch.timeout = 10s (default)
2019-09-24 02:36:16,919 [346a7764-760d-427e-9530-0e15c9e08242@group-01C49B4B1A3F:LeaderElection13] INFO  server.RaftServerConfigKeys (ConfUtils.java:logGet(43)) - raft.server.watch.timeout.denomination = 1s (default)
2019-09-24 02:36:16,920 [346a7764-760d-427e-9530-0e15c9e08242@group-01C49B4B1A3F:LeaderElection13] INFO  server.RaftServerConfigKeys (ConfUtils.java:logGet(43)) - raft.server.watch.element-limit = 65536 (default)
2019-09-24 02:36:16,923 [346a7764-760d-427e-9530-0e15c9e08242@group-01C49B4B1A3F:LeaderElection13] INFO  server.RaftServerConfigKeys (ConfUtils.java:logGet(43)) - raft.server.log.appender.snapshot.chunk.size.max = 16MB (=16777216) (default)
2019-09-24 02:36:16,924 [346a7764-760d-427e-9530-0e15c9e08242@group-01C49B4B1A3F:LeaderElection13] INFO  server.RaftServerConfigKeys (ConfUtils.java:logGet(43)) - raft.server.log.appender.buffer.byte-limit = 33554432 (custom)
2019-09-24 02:36:16,924 [346a7764-760d-427e-9530-0e15c9e08242@group-01C49B4B1A3F:LeaderElection13] INFO  server.RaftServerConfigKeys (ConfUtils.java:logGet(43)) - raft.server.log.appender.buffer.element-limit = 1 (custom)
2019-09-24 02:36:16,924 [346a7764-760d-427e-9530-0e15c9e08242@group-01C49B4B1A3F:LeaderElection13] INFO  grpc.GrpcConfigKeys$Server (ConfUtils.java:logGet(43)) - raft.grpc.server.leader.outstanding.appends.max = 128 (default)
2019-09-24 02:36:16,924 [346a7764-760d-427e-9530-0e15c9e08242@group-01C49B4B1A3F:LeaderElection13] INFO  server.RaftServerConfigKeys (ConfUtils.java:logGet(43)) - raft.server.rpc.request.timeout = 3000ms (default)
2019-09-24 02:36:16,925 [346a7764-760d-427e-9530-0e15c9e08242@group-01C49B4B1A3F:LeaderElection13] INFO  server.RaftServerConfigKeys (ConfUtils.java:logGet(43)) - raft.server.log.appender.install.snapshot.enabled = false (custom)
2019-09-24 02:36:16,925 [346a7764-760d-427e-9530-0e15c9e08242@group-01C49B4B1A3F:LeaderElection13] INFO  server.RaftServerConfigKeys (ConfUtils.java:logGet(43)) - raft.server.log.appender.snapshot.chunk.size.max = 16MB (=16777216) (default)
2019-09-24 02:36:16,925 [346a7764-760d-427e-9530-0e15c9e08242@group-01C49B4B1A3F:LeaderElection13] INFO  server.RaftServerConfigKeys (ConfUtils.java:logGet(43)) - raft.server.log.appender.buffer.byte-limit = 33554432 (custom)
2019-09-24 02:36:16,925 [346a7764-760d-427e-9530-0e15c9e08242@group-01C49B4B1A3F:LeaderElection13] INFO  server.RaftServerConfigKeys (ConfUtils.java:logGet(43)) - raft.server.log.appender.buffer.element-limit = 1 (custom)
2019-09-24 02:36:16,926 [346a7764-760d-427e-9530-0e15c9e08242@group-01C49B4B1A3F:LeaderElection13] INFO  grpc.GrpcConfigKeys$Server (ConfUtils.java:logGet(43)) - raft.grpc.server.leader.outstanding.appends.max = 128 (default)
2019-09-24 02:36:16,926 [346a7764-760d-427e-9530-0e15c9e08242@group-01C49B4B1A3F:LeaderElection13] INFO  server.RaftServerConfigKeys (ConfUtils.java:logGet(43)) - raft.server.rpc.request.timeout = 3000ms (default)
2019-09-24 02:36:16,926 [346a7764-760d-427e-9530-0e15c9e08242@group-01C49B4B1A3F:LeaderElection13] INFO  server.RaftServerConfigKeys (ConfUtils.java:logGet(43)) - raft.server.log.appender.install.snapshot.enabled = false (custom)
2019-09-24 02:36:16,927 [346a7764-760d-427e-9530-0e15c9e08242@group-01C49B4B1A3F:LeaderElection13] INFO  impl.RoleInfo (RoleInfo.java:updateAndGet(143)) - 346a7764-760d-427e-9530-0e15c9e08242: start LeaderState
2019-09-24 02:36:16,927 [346a7764-760d-427e-9530-0e15c9e08242@group-01C49B4B1A3F:LeaderElection13] INFO  segmented.SegmentedRaftLogWorker (SegmentedRaftLogWorker.java:startLogSegment(380)) - 346a7764-760d-427e-9530-0e15c9e08242@group-01C49B4B1A3F-SegmentedRaftLogWorker: Starting segment from index:0
2019-09-24 02:36:16,928 [346a7764-760d-427e-9530-0e15c9e08242@group-01C49B4B1A3F:LeaderElection13] INFO  impl.RaftServerImpl (ServerState.java:setRaftConf(354)) - 346a7764-760d-427e-9530-0e15c9e08242@group-01C49B4B1A3F: set configuration 0: [1ae786a5-17dd-436d-b86f-5426250bc58f:192.168.151.121:36039, 08608e50-e548-4444-8f0d-400a00608d0c:192.168.151.121:43534, 346a7764-760d-427e-9530-0e15c9e08242:192.168.151.121:44304], old=null at 0
2019-09-24 02:36:16,973 [grpc-default-executor-8] INFO  impl.RaftServerImpl (ServerState.java:setLeader(253)) - 08608e50-e548-4444-8f0d-400a00608d0c@group-01C49B4B1A3F: change Leader from null to 346a7764-760d-427e-9530-0e15c9e08242 at term 1 for appendEntries, leader elected after 5235ms
2019-09-24 02:36:16,976 [grpc-default-executor-0] INFO  impl.RaftServerImpl (ServerState.java:setLeader(253)) - 1ae786a5-17dd-436d-b86f-5426250bc58f@group-01C49B4B1A3F: change Leader from null to 346a7764-760d-427e-9530-0e15c9e08242 at term 1 for appendEntries, leader elected after 5239ms
2019-09-24 02:36:16,980 [grpc-default-executor-0] INFO  impl.RaftServerImpl (ServerState.java:setRaftConf(354)) - 08608e50-e548-4444-8f0d-400a00608d0c@group-01C49B4B1A3F: set configuration 0: [1ae786a5-17dd-436d-b86f-5426250bc58f:192.168.151.121:36039, 08608e50-e548-4444-8f0d-400a00608d0c:192.168.151.121:43534, 346a7764-760d-427e-9530-0e15c9e08242:192.168.151.121:44304], old=null at 0
2019-09-24 02:36:16,980 [grpc-default-executor-8] INFO  impl.RaftServerImpl (ServerState.java:setRaftConf(354)) - 1ae786a5-17dd-436d-b86f-5426250bc58f@group-01C49B4B1A3F: set configuration 0: [1ae786a5-17dd-436d-b86f-5426250bc58f:192.168.151.121:36039, 08608e50-e548-4444-8f0d-400a00608d0c:192.168.151.121:43534, 346a7764-760d-427e-9530-0e15c9e08242:192.168.151.121:44304], old=null at 0
2019-09-24 02:36:16,980 [grpc-default-executor-0] INFO  segmented.SegmentedRaftLogWorker (SegmentedRaftLogWorker.java:startLogSegment(380)) - 08608e50-e548-4444-8f0d-400a00608d0c@group-01C49B4B1A3F-SegmentedRaftLogWorker: Starting segment from index:0
2019-09-24 02:36:16,980 [grpc-default-executor-8] INFO  segmented.SegmentedRaftLogWorker (SegmentedRaftLogWorker.java:startLogSegment(380)) - 1ae786a5-17dd-436d-b86f-5426250bc58f@group-01C49B4B1A3F-SegmentedRaftLogWorker: Starting segment from index:0
2019-09-24 02:36:16,993 [346a7764-760d-427e-9530-0e15c9e08242@group-01C49B4B1A3F-SegmentedRaftLogWorker] INFO  segmented.SegmentedRaftLogWorker (SegmentedRaftLogWorker.java:execute(569)) - 346a7764-760d-427e-9530-0e15c9e08242@group-01C49B4B1A3F-SegmentedRaftLogWorker: created new log segment /workdir/hadoop-ozone/integration-test/target/test-dir/MiniOzoneClusterImpl-2d72fd32-3911-4ce5-968d-89f72e8fe093/datanode-0/data/ratis/54e04f1d-1f76-43ce-8b74-01c49b4b1a3f/current/log_inprogress_0
2019-09-24 02:36:17,018 [1ae786a5-17dd-436d-b86f-5426250bc58f@group-01C49B4B1A3F-SegmentedRaftLogWorker] INFO  segmented.SegmentedRaftLogWorker (SegmentedRaftLogWorker.java:execute(569)) - 1ae786a5-17dd-436d-b86f-5426250bc58f@group-01C49B4B1A3F-SegmentedRaftLogWorker: created new log segment /workdir/hadoop-ozone/integration-test/target/test-dir/MiniOzoneClusterImpl-2d72fd32-3911-4ce5-968d-89f72e8fe093/datanode-6/data/ratis/54e04f1d-1f76-43ce-8b74-01c49b4b1a3f/current/log_inprogress_0
2019-09-24 02:36:17,030 [08608e50-e548-4444-8f0d-400a00608d0c@group-01C49B4B1A3F-SegmentedRaftLogWorker] INFO  segmented.SegmentedRaftLogWorker (SegmentedRaftLogWorker.java:execute(569)) - 08608e50-e548-4444-8f0d-400a00608d0c@group-01C49B4B1A3F-SegmentedRaftLogWorker: created new log segment /workdir/hadoop-ozone/integration-test/target/test-dir/MiniOzoneClusterImpl-2d72fd32-3911-4ce5-968d-89f72e8fe093/datanode-5/data/ratis/54e04f1d-1f76-43ce-8b74-01c49b4b1a3f/current/log_inprogress_0
2019-09-24 02:36:17,330 [grpc-default-executor-1] WARN  server.GrpcLogAppender (LogUtils.java:warn(134)) - 346a7764-760d-427e-9530-0e15c9e08242@group-A598BE63B3C0->29bfa3d0-4cee-44d0-ba16-edf4c6f09a6d-AppendLogResponseHandler: Failed appendEntries: org.apache.ratis.thirdparty.io.grpc.StatusRuntimeException: UNAVAILABLE: io exception
2019-09-24 02:36:17,332 [grpc-default-executor-1] INFO  impl.FollowerInfo (FollowerInfo.java:lambda$new$0(51)) - 346a7764-760d-427e-9530-0e15c9e08242@group-A598BE63B3C0->29bfa3d0-4cee-44d0-ba16-edf4c6f09a6d: nextIndex: updateUnconditionally 0 -> 0
2019-09-24 02:36:17,336 [grpc-default-executor-0] WARN  server.GrpcLogAppender (LogUtils.java:warn(134)) - 346a7764-760d-427e-9530-0e15c9e08242@group-A598BE63B3C0->afb36831-8adc-4a3c-ba5d-0ae21a058733-AppendLogResponseHandler: Failed appendEntries: org.apache.ratis.thirdparty.io.grpc.StatusRuntimeException: UNAVAILABLE: io exception
2019-09-24 02:36:17,338 [grpc-default-executor-0] INFO  impl.FollowerInfo (FollowerInfo.java:lambda$new$0(51)) - 346a7764-760d-427e-9530-0e15c9e08242@group-A598BE63B3C0->afb36831-8adc-4a3c-ba5d-0ae21a058733: nextIndex: updateUnconditionally 0 -> 0
2019-09-24 02:36:17,372 [grpc-default-executor-8] WARN  server.GrpcLogAppender (LogUtils.java:warn(134)) - 08608e50-e548-4444-8f0d-400a00608d0c@group-EC2367FC1F26->987dfd3c-d9bb-4fcd-93df-655efe6d0319-AppendLogResponseHandler: Failed appendEntries: org.apache.ratis.thirdparty.io.grpc.StatusRuntimeException: UNAVAILABLE: io exception
2019-09-24 02:36:17,374 [grpc-default-executor-8] INFO  impl.FollowerInfo (FollowerInfo.java:lambda$new$0(51)) - 08608e50-e548-4444-8f0d-400a00608d0c@group-EC2367FC1F26->987dfd3c-d9bb-4fcd-93df-655efe6d0319: nextIndex: updateUnconditionally 0 -> 0
2019-09-24 02:36:17,381 [grpc-default-executor-1] WARN  server.GrpcLogAppender (LogUtils.java:warn(134)) - 08608e50-e548-4444-8f0d-400a00608d0c@group-EC2367FC1F26->69793d86-5a36-4e22-9f21-7b43ee9abdb5-AppendLogResponseHandler: Failed appendEntries: org.apache.ratis.thirdparty.io.grpc.StatusRuntimeException: UNAVAILABLE: io exception
2019-09-24 02:36:17,386 [grpc-default-executor-1] INFO  impl.FollowerInfo (FollowerInfo.java:lambda$new$0(51)) - 08608e50-e548-4444-8f0d-400a00608d0c@group-EC2367FC1F26->69793d86-5a36-4e22-9f21-7b43ee9abdb5: nextIndex: updateUnconditionally 0 -> 0
2019-09-24 02:36:17,537 [ForkJoinPool.commonPool-worker-0] INFO  ozoneimpl.OzoneContainer (OzoneContainer.java:stop(231)) - Attempting to stop container services.
2019-09-24 02:36:17,537 [ForkJoinPool.commonPool-worker-0] INFO  impl.RaftServerProxy (RaftServerProxy.java:lambda$close$4(314)) - 346a7764-760d-427e-9530-0e15c9e08242: close
2019-09-24 02:36:17,538 [ForkJoinPool.commonPool-worker-0] INFO  impl.RaftServerImpl (RaftServerImpl.java:lambda$shutdown$3(251)) - 346a7764-760d-427e-9530-0e15c9e08242@group-01C49B4B1A3F: shutdown
2019-09-24 02:36:17,538 [ForkJoinPool.commonPool-worker-0] INFO  util.JmxRegister (JmxRegister.java:unregister(73)) - Successfully un-registered JMX Bean with object name Ratis:service=RaftServer,group=group-01C49B4B1A3F,id=346a7764-760d-427e-9530-0e15c9e08242
2019-09-24 02:36:17,538 [main] INFO  ozoneimpl.OzoneContainer (OzoneContainer.java:stop(231)) - Attempting to stop container services.
2019-09-24 02:36:17,538 [ForkJoinPool.commonPool-worker-0] INFO  impl.RoleInfo (RoleInfo.java:shutdownLeaderState(104)) - 346a7764-760d-427e-9530-0e15c9e08242: shutdown LeaderState
2019-09-24 02:36:17,539 [main] INFO  impl.RaftServerProxy (RaftServerProxy.java:lambda$close$4(314)) - 1ae786a5-17dd-436d-b86f-5426250bc58f: close
2019-09-24 02:36:17,542 [org.apache.ratis.server.impl.LogAppender$AppenderDaemon$$Lambda$384/1307580053@57de3951] WARN  server.GrpcLogAppender (GrpcLogAppender.java:mayWait(143)) - 346a7764-760d-427e-9530-0e15c9e08242@group-01C49B4B1A3F->1ae786a5-17dd-436d-b86f-5426250bc58f-GrpcLogAppender: Wait interrupted by java.lang.InterruptedException
2019-09-24 02:36:17,542 [org.apache.ratis.server.impl.LogAppender$AppenderDaemon$$Lambda$384/1307580053@69b4c99a] WARN  server.GrpcLogAppender (GrpcLogAppender.java:mayWait(143)) - 346a7764-760d-427e-9530-0e15c9e08242@group-01C49B4B1A3F->08608e50-e548-4444-8f0d-400a00608d0c-GrpcLogAppender: Wait interrupted by java.lang.InterruptedException
2019-09-24 02:36:17,542 [ForkJoinPool.commonPool-worker-0] INFO  impl.PendingRequests (PendingRequests.java:sendNotLeaderResponses(202)) - 346a7764-760d-427e-9530-0e15c9e08242-PendingRequests: sendNotLeaderResponses
2019-09-24 02:36:17,542 [main] INFO  impl.RaftServerImpl (RaftServerImpl.java:lambda$shutdown$3(251)) - 1ae786a5-17dd-436d-b86f-5426250bc58f@group-753648A250C2: shutdown
2019-09-24 02:36:17,545 [ForkJoinPool.commonPool-worker-0] INFO  impl.StateMachineUpdater (StateMachineUpdater.java:stopAndJoin(125)) - 346a7764-760d-427e-9530-0e15c9e08242@group-01C49B4B1A3F-StateMachineUpdater: set stopIndex = 0
2019-09-24 02:36:17,545 [main] INFO  util.JmxRegister (JmxRegister.java:unregister(73)) - Successfully un-registered JMX Bean with object name Ratis:service=RaftServer,group=group-753648A250C2,id=1ae786a5-17dd-436d-b86f-5426250bc58f
2019-09-24 02:36:17,547 [ForkJoinPool.commonPool-worker-0] INFO  impl.RaftServerImpl (ServerState.java:close(385)) - 346a7764-760d-427e-9530-0e15c9e08242@group-01C49B4B1A3F: closes. applyIndex: 0
2019-09-24 02:36:17,548 [grpc-default-executor-8] INFO  server.GrpcServerProtocolService (GrpcServerProtocolService.java:onCompleted(113)) - 08608e50-e548-4444-8f0d-400a00608d0c: Completed APPEND_ENTRIES, lastRequest: 346a7764-760d-427e-9530-0e15c9e08242->08608e50-e548-4444-8f0d-400a00608d0c#1-t1, previous=(t:0, i:0), leaderCommit=-1, initializing? false, entries: size=1, first=(t:1, i:0), CONFIGURATIONENTRY
2019-09-24 02:36:17,548 [main] INFO  impl.RoleInfo (RoleInfo.java:shutdownLeaderState(104)) - 1ae786a5-17dd-436d-b86f-5426250bc58f: shutdown LeaderState
2019-09-24 02:36:17,548 [346a7764-760d-427e-9530-0e15c9e08242@group-01C49B4B1A3F-SegmentedRaftLogWorker] INFO  segmented.SegmentedRaftLogWorker (SegmentedRaftLogWorker.java:run(313)) - 346a7764-760d-427e-9530-0e15c9e08242@group-01C49B4B1A3F-SegmentedRaftLogWorker was interrupted, exiting. There are 0 tasks remaining in the queue.
2019-09-24 02:36:17,548 [grpc-default-executor-1] INFO  server.GrpcServerProtocolService (GrpcServerProtocolService.java:onCompleted(113)) - 1ae786a5-17dd-436d-b86f-5426250bc58f: Completed APPEND_ENTRIES, lastRequest: 346a7764-760d-427e-9530-0e15c9e08242->1ae786a5-17dd-436d-b86f-5426250bc58f#1-t1, previous=(t:0, i:0), leaderCommit=-1, initializing? false, entries: size=1, first=(t:1, i:0), CONFIGURATIONENTRY
2019-09-24 02:36:17,549 [main] INFO  impl.PendingRequests (PendingRequests.java:sendNotLeaderResponses(202)) - 1ae786a5-17dd-436d-b86f-5426250bc58f-PendingRequests: sendNotLeaderResponses
2019-09-24 02:36:17,551 [ForkJoinPool.commonPool-worker-0] INFO  segmented.SegmentedRaftLogWorker (SegmentedRaftLogWorker.java:close(228)) - 346a7764-760d-427e-9530-0e15c9e08242@group-01C49B4B1A3F-SegmentedRaftLogWorker close()
2019-09-24 02:36:17,549 [grpc-default-executor-8] INFO  server.GrpcLogAppender (GrpcLogAppender.java:onCompleted(293)) - 346a7764-760d-427e-9530-0e15c9e08242@group-01C49B4B1A3F->08608e50-e548-4444-8f0d-400a00608d0c-AppendLogResponseHandler: follower responses appendEntries COMPLETED
2019-09-24 02:36:17,554 [main] INFO  impl.StateMachineUpdater (StateMachineUpdater.java:stopAndJoin(125)) - 1ae786a5-17dd-436d-b86f-5426250bc58f@group-753648A250C2-StateMachineUpdater: set stopIndex = 0
2019-09-24 02:36:17,554 [main] INFO  impl.RaftServerImpl (ServerState.java:close(385)) - 1ae786a5-17dd-436d-b86f-5426250bc58f@group-753648A250C2: closes. applyIndex: 0
2019-09-24 02:36:17,554 [grpc-default-executor-0] INFO  server.GrpcLogAppender (GrpcLogAppender.java:onCompleted(293)) - 346a7764-760d-427e-9530-0e15c9e08242@group-01C49B4B1A3F->1ae786a5-17dd-436d-b86f-5426250bc58f-AppendLogResponseHandler: follower responses appendEntries COMPLETED
2019-09-24 02:36:17,558 [1ae786a5-17dd-436d-b86f-5426250bc58f@group-753648A250C2-SegmentedRaftLogWorker] INFO  segmented.SegmentedRaftLogWorker (SegmentedRaftLogWorker.java:run(313)) - 1ae786a5-17dd-436d-b86f-5426250bc58f@group-753648A250C2-SegmentedRaftLogWorker was interrupted, exiting. There are 0 tasks remaining in the queue.
2019-09-24 02:36:17,558 [ForkJoinPool.commonPool-worker-0] INFO  impl.RaftServerImpl (RaftServerImpl.java:lambda$shutdown$3(251)) - 346a7764-760d-427e-9530-0e15c9e08242@group-A598BE63B3C0: shutdown
2019-09-24 02:36:17,559 [ForkJoinPool.commonPool-worker-0] INFO  util.JmxRegister (JmxRegister.java:unregister(73)) - Successfully un-registered JMX Bean with object name Ratis:service=RaftServer,group=group-A598BE63B3C0,id=346a7764-760d-427e-9530-0e15c9e08242
2019-09-24 02:36:17,554 [grpc-default-executor-8] INFO  impl.FollowerInfo (FollowerInfo.java:lambda$new$0(51)) - 346a7764-760d-427e-9530-0e15c9e08242@group-01C49B4B1A3F->08608e50-e548-4444-8f0d-400a00608d0c: nextIndex: updateUnconditionally 1 -> 0
2019-09-24 02:36:17,563 [main] INFO  segmented.SegmentedRaftLogWorker (SegmentedRaftLogWorker.java:close(228)) - 1ae786a5-17dd-436d-b86f-5426250bc58f@group-753648A250C2-SegmentedRaftLogWorker close()
2019-09-24 02:36:17,563 [ForkJoinPool.commonPool-worker-0] INFO  impl.RoleInfo (RoleInfo.java:shutdownLeaderState(104)) - 346a7764-760d-427e-9530-0e15c9e08242: shutdown LeaderState
2019-09-24 02:36:17,559 [grpc-default-executor-0] INFO  impl.FollowerInfo (FollowerInfo.java:lambda$new$0(51)) - 346a7764-760d-427e-9530-0e15c9e08242@group-01C49B4B1A3F->1ae786a5-17dd-436d-b86f-5426250bc58f: nextIndex: updateUnconditionally 1 -> 0
2019-09-24 02:36:17,573 [ForkJoinPool.commonPool-worker-0] INFO  impl.PendingRequests (PendingRequests.java:sendNotLeaderResponses(202)) - 346a7764-760d-427e-9530-0e15c9e08242-PendingRequests: sendNotLeaderResponses
2019-09-24 02:36:17,573 [org.apache.ratis.server.impl.LogAppender$AppenderDaemon$$Lambda$384/1307580053@61be8156] WARN  server.GrpcLogAppender (GrpcLogAppender.java:mayWait(143)) - 346a7764-760d-427e-9530-0e15c9e08242@group-A598BE63B3C0->29bfa3d0-4cee-44d0-ba16-edf4c6f09a6d-GrpcLogAppender: Wait interrupted by java.lang.InterruptedException
2019-09-24 02:36:17,574 [ForkJoinPool.commonPool-worker-0] INFO  impl.StateMachineUpdater (StateMachineUpdater.java:stopAndJoin(125)) - 346a7764-760d-427e-9530-0e15c9e08242@group-A598BE63B3C0-StateMachineUpdater: set stopIndex = 0
2019-09-24 02:36:17,573 [org.apache.ratis.server.impl.LogAppender$AppenderDaemon$$Lambda$384/1307580053@6c71876c] WARN  server.GrpcLogAppender (GrpcLogAppender.java:mayWait(143)) - 346a7764-760d-427e-9530-0e15c9e08242@group-A598BE63B3C0->afb36831-8adc-4a3c-ba5d-0ae21a058733-GrpcLogAppender: Wait interrupted by java.lang.InterruptedException
2019-09-24 02:36:17,571 [main] INFO  impl.RaftServerImpl (RaftServerImpl.java:lambda$shutdown$3(251)) - 1ae786a5-17dd-436d-b86f-5426250bc58f@group-01C49B4B1A3F: shutdown
2019-09-24 02:36:17,576 [ForkJoinPool.commonPool-worker-0] INFO  impl.RaftServerImpl (ServerState.java:close(385)) - 346a7764-760d-427e-9530-0e15c9e08242@group-A598BE63B3C0: closes. applyIndex: 0
2019-09-24 02:36:17,577 [main] INFO  util.JmxRegister (JmxRegister.java:unregister(73)) - Successfully un-registered JMX Bean with object name Ratis:service=RaftServer,group=group-01C49B4B1A3F,id=1ae786a5-17dd-436d-b86f-5426250bc58f
2019-09-24 02:36:17,577 [346a7764-760d-427e-9530-0e15c9e08242@group-A598BE63B3C0-SegmentedRaftLogWorker] INFO  segmented.SegmentedRaftLogWorker (SegmentedRaftLogWorker.java:run(313)) - 346a7764-760d-427e-9530-0e15c9e08242@group-A598BE63B3C0-SegmentedRaftLogWorker was interrupted, exiting. There are 0 tasks remaining in the queue.
2019-09-24 02:36:17,577 [main] INFO  impl.RoleInfo (RoleInfo.java:shutdownFollowerState(121)) - 1ae786a5-17dd-436d-b86f-5426250bc58f: shutdown FollowerState
2019-09-24 02:36:17,578 [ForkJoinPool.commonPool-worker-0] INFO  segmented.SegmentedRaftLogWorker (SegmentedRaftLogWorker.java:close(228)) - 346a7764-760d-427e-9530-0e15c9e08242@group-A598BE63B3C0-SegmentedRaftLogWorker close()
2019-09-24 02:36:17,578 [Thread-553] INFO  impl.FollowerState (FollowerState.java:run(115)) - 1ae786a5-17dd-436d-b86f-5426250bc58f: FollowerState was interrupted: java.lang.InterruptedException: sleep interrupted
2019-09-24 02:36:17,578 [main] INFO  impl.StateMachineUpdater (StateMachineUpdater.java:stopAndJoin(125)) - 1ae786a5-17dd-436d-b86f-5426250bc58f@group-01C49B4B1A3F-StateMachineUpdater: set stopIndex = -1
2019-09-24 02:36:17,579 [ForkJoinPool.commonPool-worker-0] INFO  impl.RaftServerImpl (RaftServerImpl.java:lambda$shutdown$3(251)) - 346a7764-760d-427e-9530-0e15c9e08242@group-2278107E151A: shutdown
2019-09-24 02:36:17,580 [main] INFO  impl.RaftServerImpl (ServerState.java:close(385)) - 1ae786a5-17dd-436d-b86f-5426250bc58f@group-01C49B4B1A3F: closes. applyIndex: -1
2019-09-24 02:36:17,581 [ForkJoinPool.commonPool-worker-0] INFO  util.JmxRegister (JmxRegister.java:unregister(73)) - Successfully un-registered JMX Bean with object name Ratis:service=RaftServer,group=group-2278107E151A,id=346a7764-760d-427e-9530-0e15c9e08242
2019-09-24 02:36:17,581 [1ae786a5-17dd-436d-b86f-5426250bc58f@group-01C49B4B1A3F-SegmentedRaftLogWorker] INFO  segmented.SegmentedRaftLogWorker (SegmentedRaftLogWorker.java:run(313)) - 1ae786a5-17dd-436d-b86f-5426250bc58f@group-01C49B4B1A3F-SegmentedRaftLogWorker was interrupted, exiting. There are 0 tasks remaining in the queue.
2019-09-24 02:36:17,581 [ForkJoinPool.commonPool-worker-0] INFO  impl.RoleInfo (RoleInfo.java:shutdownLeaderState(104)) - 346a7764-760d-427e-9530-0e15c9e08242: shutdown LeaderState
2019-09-24 02:36:17,581 [main] INFO  segmented.SegmentedRaftLogWorker (SegmentedRaftLogWorker.java:close(228)) - 1ae786a5-17dd-436d-b86f-5426250bc58f@group-01C49B4B1A3F-SegmentedRaftLogWorker close()
2019-09-24 02:36:17,582 [ForkJoinPool.commonPool-worker-0] INFO  impl.PendingRequests (PendingRequests.java:sendNotLeaderResponses(202)) - 346a7764-760d-427e-9530-0e15c9e08242-PendingRequests: sendNotLeaderResponses
2019-09-24 02:36:17,583 [main] INFO  server.GrpcService (GrpcService.java:closeImpl(164)) - 1ae786a5-17dd-436d-b86f-5426250bc58f: shutdown server with port 36039 now
2019-09-24 02:36:17,583 [ForkJoinPool.commonPool-worker-0] INFO  impl.StateMachineUpdater (StateMachineUpdater.java:stopAndJoin(125)) - 346a7764-760d-427e-9530-0e15c9e08242@group-2278107E151A-StateMachineUpdater: set stopIndex = 0
2019-09-24 02:36:17,584 [main] INFO  server.GrpcService (GrpcService.java:closeImpl(172)) - 1ae786a5-17dd-436d-b86f-5426250bc58f: shutdown server with port 36039 successfully
2019-09-24 02:36:17,584 [ForkJoinPool.commonPool-worker-0] INFO  impl.RaftServerImpl (ServerState.java:close(385)) - 346a7764-760d-427e-9530-0e15c9e08242@group-2278107E151A: closes. applyIndex: 0
2019-09-24 02:36:17,584 [346a7764-760d-427e-9530-0e15c9e08242@group-2278107E151A-SegmentedRaftLogWorker] INFO  segmented.SegmentedRaftLogWorker (SegmentedRaftLogWorker.java:run(313)) - 346a7764-760d-427e-9530-0e15c9e08242@group-2278107E151A-SegmentedRaftLogWorker was interrupted, exiting. There are 0 tasks remaining in the queue.
2019-09-24 02:36:17,584 [ForkJoinPool.commonPool-worker-0] INFO  segmented.SegmentedRaftLogWorker (SegmentedRaftLogWorker.java:close(228)) - 346a7764-760d-427e-9530-0e15c9e08242@group-2278107E151A-SegmentedRaftLogWorker close()
2019-09-24 02:36:17,586 [ForkJoinPool.commonPool-worker-0] INFO  server.GrpcService (GrpcService.java:closeImpl(164)) - 346a7764-760d-427e-9530-0e15c9e08242: shutdown server with port 44304 now
2019-09-24 02:36:17,586 [ForkJoinPool.commonPool-worker-0] INFO  server.GrpcService (GrpcService.java:closeImpl(172)) - 346a7764-760d-427e-9530-0e15c9e08242: shutdown server with port 44304 successfully
2019-09-24 02:36:17,588 [refreshUsed-/workdir/hadoop-ozone/integration-test/target/test-dir/MiniOzoneClusterImpl-2d72fd32-3911-4ce5-968d-89f72e8fe093/datanode-0/data/containers] WARN  fs.CachingGetSpaceUsed (CachingGetSpaceUsed.java:run(183)) - Thread Interrupted waiting to refresh disk information: sleep interrupted
2019-09-24 02:36:17,589 [refreshUsed-/workdir/hadoop-ozone/integration-test/target/test-dir/MiniOzoneClusterImpl-2d72fd32-3911-4ce5-968d-89f72e8fe093/datanode-6/data/containers] WARN  fs.CachingGetSpaceUsed (CachingGetSpaceUsed.java:run(183)) - Thread Interrupted waiting to refresh disk information: sleep interrupted
2019-09-24 02:36:17,609 [ForkJoinPool.commonPool-worker-0] INFO  utils.BackgroundService (BackgroundService.java:shutdown(148)) - Shutting down service BlockDeletingService
2019-09-24 02:36:17,610 [main] INFO  utils.BackgroundService (BackgroundService.java:shutdown(148)) - Shutting down service BlockDeletingService
2019-09-24 02:36:17,612 [ForkJoinPool.commonPool-worker-0] INFO  statemachine.DatanodeStateMachine (DatanodeStateMachine.java:stopDaemon(395)) - Ozone container server stopped.
2019-09-24 02:36:17,615 [main] INFO  statemachine.DatanodeStateMachine (DatanodeStateMachine.java:stopDaemon(395)) - Ozone container server stopped.
2019-09-24 02:36:17,616 [ForkJoinPool.commonPool-worker-0] INFO  handler.ContextHandler (ContextHandler.java:doStop(910)) - Stopped o.e.j.w.WebAppContext@cdb2d95{/,null,UNAVAILABLE}{/hddsDatanode}
2019-09-24 02:36:17,617 [main] INFO  handler.ContextHandler (ContextHandler.java:doStop(910)) - Stopped o.e.j.w.WebAppContext@5a08efdc{/,null,UNAVAILABLE}{/hddsDatanode}
2019-09-24 02:36:17,617 [ForkJoinPool.commonPool-worker-0] INFO  server.AbstractConnector (AbstractConnector.java:doStop(318)) - Stopped ServerConnector@122d6c22{HTTP/1.1,[http/1.1]}{0.0.0.0:0}
2019-09-24 02:36:17,618 [ForkJoinPool.commonPool-worker-0] INFO  handler.ContextHandler (ContextHandler.java:doStop(910)) - Stopped o.e.j.s.ServletContextHandler@252dc8c4{/static,jar:file:/home/user/.m2/repository/org/apache/hadoop/hadoop-hdds-container-service/0.5.0-SNAPSHOT/hadoop-hdds-container-service-0.5.0-SNAPSHOT.jar!/webapps/static,UNAVAILABLE}
2019-09-24 02:36:17,618 [main] INFO  server.AbstractConnector (AbstractConnector.java:doStop(318)) - Stopped ServerConnector@57272109{HTTP/1.1,[http/1.1]}{0.0.0.0:0}
2019-09-24 02:36:17,619 [ForkJoinPool.commonPool-worker-0] INFO  handler.ContextHandler (ContextHandler.java:doStop(910)) - Stopped o.e.j.s.ServletContextHandler@7ff35a3f{/logs,file:///workdir/hadoop-ozone/integration-test/target/log,UNAVAILABLE}
2019-09-24 02:36:17,619 [main] INFO  handler.ContextHandler (ContextHandler.java:doStop(910)) - Stopped o.e.j.s.ServletContextHandler@79a04e5f{/static,jar:file:/home/user/.m2/repository/org/apache/hadoop/hadoop-hdds-container-service/0.5.0-SNAPSHOT/hadoop-hdds-container-service-0.5.0-SNAPSHOT.jar!/webapps/static,UNAVAILABLE}
2019-09-24 02:36:17,620 [main] INFO  handler.ContextHandler (ContextHandler.java:doStop(910)) - Stopped o.e.j.s.ServletContextHandler@1ab5f08a{/logs,file:///workdir/hadoop-ozone/integration-test/target/log,UNAVAILABLE}
2019-09-24 02:36:18,249 [Datanode State Machine Thread - 0] INFO  statemachine.DatanodeStateMachine (DatanodeStateMachine.java:lambda$startDaemon$0(350)) - Ozone container server started.
2019-09-24 02:36:19,877 [grpc-default-executor-1] WARN  server.GrpcLogAppender (LogUtils.java:warn(134)) - 08608e50-e548-4444-8f0d-400a00608d0c@group-EC2367FC1F26->987dfd3c-d9bb-4fcd-93df-655efe6d0319-AppendLogResponseHandler: Failed appendEntries: org.apache.ratis.thirdparty.io.grpc.StatusRuntimeException: UNAVAILABLE: io exception
2019-09-24 02:36:19,881 [grpc-default-executor-1] INFO  impl.FollowerInfo (FollowerInfo.java:lambda$new$0(51)) - 08608e50-e548-4444-8f0d-400a00608d0c@group-EC2367FC1F26->987dfd3c-d9bb-4fcd-93df-655efe6d0319: nextIndex: updateUnconditionally 0 -> 0
2019-09-24 02:36:19,888 [grpc-default-executor-8] WARN  server.GrpcLogAppender (LogUtils.java:warn(134)) - 08608e50-e548-4444-8f0d-400a00608d0c@group-EC2367FC1F26->69793d86-5a36-4e22-9f21-7b43ee9abdb5-AppendLogResponseHandler: Failed appendEntries: org.apache.ratis.thirdparty.io.grpc.StatusRuntimeException: UNAVAILABLE: io exception
2019-09-24 02:36:19,889 [grpc-default-executor-8] INFO  impl.FollowerInfo (FollowerInfo.java:lambda$new$0(51)) - 08608e50-e548-4444-8f0d-400a00608d0c@group-EC2367FC1F26->69793d86-5a36-4e22-9f21-7b43ee9abdb5: nextIndex: updateUnconditionally 0 -> 0
2019-09-24 02:36:20,296 [EventQueue-StaleNodeForStaleNodeHandler] INFO  node.StaleNodeHandler (StaleNodeHandler.java:onMessage(58)) - Datanode 08608e50-e548-4444-8f0d-400a00608d0c{ip: 192.168.151.121, host: pr-hdds-2162-tjkd5-3209850126, networkLocation: /default-rack, certSerialId: null} moved to stale state. Finalizing its pipelines [PipelineID=40a9169c-25d4-47ef-8c67-ec2367fc1f26, PipelineID=e3ad4137-a245-4bb4-9163-3f1a9bf26661, PipelineID=54e04f1d-1f76-43ce-8b74-01c49b4b1a3f]
2019-09-24 02:36:20,297 [EventQueue-StaleNodeForStaleNodeHandler] INFO  pipeline.SCMPipelineManager (SCMPipelineManager.java:finalizeAndDestroyPipeline(315)) - destroying pipeline:Pipeline[ Id: 40a9169c-25d4-47ef-8c67-ec2367fc1f26, Nodes: 987dfd3c-d9bb-4fcd-93df-655efe6d0319{ip: 192.168.151.121, host: pr-hdds-2162-tjkd5-3209850126, networkLocation: /default-rack, certSerialId: null}69793d86-5a36-4e22-9f21-7b43ee9abdb5{ip: 192.168.151.121, host: pr-hdds-2162-tjkd5-3209850126, networkLocation: /default-rack, certSerialId: null}08608e50-e548-4444-8f0d-400a00608d0c{ip: 192.168.151.121, host: pr-hdds-2162-tjkd5-3209850126, networkLocation: /default-rack, certSerialId: null}, Type:RATIS, Factor:THREE, State:CLOSED]
2019-09-24 02:36:20,297 [EventQueue-StaleNodeForStaleNodeHandler] INFO  pipeline.SCMPipelineManager (SCMPipelineManager.java:finalizeAndDestroyPipeline(315)) - destroying pipeline:Pipeline[ Id: e3ad4137-a245-4bb4-9163-3f1a9bf26661, Nodes: 08608e50-e548-4444-8f0d-400a00608d0c{ip: 192.168.151.121, host: pr-hdds-2162-tjkd5-3209850126, networkLocation: /default-rack, certSerialId: null}, Type:RATIS, Factor:ONE, State:OPEN]
2019-09-24 02:36:20,297 [EventQueue-StaleNodeForStaleNodeHandler] INFO  pipeline.PipelineStateManager (PipelineStateManager.java:finalizePipeline(123)) - Pipeline Pipeline[ Id: e3ad4137-a245-4bb4-9163-3f1a9bf26661, Nodes: 08608e50-e548-4444-8f0d-400a00608d0c{ip: 192.168.151.121, host: pr-hdds-2162-tjkd5-3209850126, networkLocation: /default-rack, certSerialId: null}, Type:RATIS, Factor:ONE, State:CLOSED] moved to CLOSED state
2019-09-24 02:36:20,298 [EventQueue-StaleNodeForStaleNodeHandler] INFO  pipeline.SCMPipelineManager (SCMPipelineManager.java:finalizeAndDestroyPipeline(315)) - destroying pipeline:Pipeline[ Id: 54e04f1d-1f76-43ce-8b74-01c49b4b1a3f, Nodes: 08608e50-e548-4444-8f0d-400a00608d0c{ip: 192.168.151.121, host: pr-hdds-2162-tjkd5-3209850126, networkLocation: /default-rack, certSerialId: null}346a7764-760d-427e-9530-0e15c9e08242{ip: 192.168.151.121, host: pr-hdds-2162-tjkd5-3209850126, networkLocation: /default-rack, certSerialId: null}1ae786a5-17dd-436d-b86f-5426250bc58f{ip: 192.168.151.121, host: pr-hdds-2162-tjkd5-3209850126, networkLocation: /default-rack, certSerialId: null}, Type:RATIS, Factor:THREE, State:CLOSED]
2019-09-24 02:36:22,379 [grpc-default-executor-1] WARN  server.GrpcLogAppender (LogUtils.java:warn(134)) - 08608e50-e548-4444-8f0d-400a00608d0c@group-EC2367FC1F26->987dfd3c-d9bb-4fcd-93df-655efe6d0319-AppendLogResponseHandler: Failed appendEntries: org.apache.ratis.thirdparty.io.grpc.StatusRuntimeException: UNAVAILABLE: io exception
2019-09-24 02:36:22,383 [grpc-default-executor-1] INFO  impl.FollowerInfo (FollowerInfo.java:lambda$new$0(51)) - 08608e50-e548-4444-8f0d-400a00608d0c@group-EC2367FC1F26->987dfd3c-d9bb-4fcd-93df-655efe6d0319: nextIndex: updateUnconditionally 0 -> 0
2019-09-24 02:36:22,390 [grpc-default-executor-0] WARN  server.GrpcLogAppender (LogUtils.java:warn(134)) - 08608e50-e548-4444-8f0d-400a00608d0c@group-EC2367FC1F26->69793d86-5a36-4e22-9f21-7b43ee9abdb5-AppendLogResponseHandler: Failed appendEntries: org.apache.ratis.thirdparty.io.grpc.StatusRuntimeException: UNAVAILABLE: io exception
2019-09-24 02:36:22,393 [grpc-default-executor-0] INFO  impl.FollowerInfo (FollowerInfo.java:lambda$new$0(51)) - 08608e50-e548-4444-8f0d-400a00608d0c@group-EC2367FC1F26->69793d86-5a36-4e22-9f21-7b43ee9abdb5: nextIndex: updateUnconditionally 0 -> 0
2019-09-24 02:36:22,621 [ForkJoinPool.commonPool-worker-0] INFO  ozoneimpl.OzoneContainer (OzoneContainer.java:stop(231)) - Attempting to stop container services.
2019-09-24 02:36:22,621 [ForkJoinPool.commonPool-worker-0] INFO  impl.RaftServerProxy (RaftServerProxy.java:lambda$close$4(314)) - 08608e50-e548-4444-8f0d-400a00608d0c: close
2019-09-24 02:36:22,622 [ForkJoinPool.commonPool-worker-0] INFO  impl.RaftServerImpl (RaftServerImpl.java:lambda$shutdown$3(251)) - 08608e50-e548-4444-8f0d-400a00608d0c@group-EC2367FC1F26: shutdown
2019-09-24 02:36:22,622 [ForkJoinPool.commonPool-worker-0] INFO  util.JmxRegister (JmxRegister.java:unregister(73)) - Successfully un-registered JMX Bean with object name Ratis:service=RaftServer,group=group-EC2367FC1F26,id=08608e50-e548-4444-8f0d-400a00608d0c
2019-09-24 02:36:22,622 [ForkJoinPool.commonPool-worker-0] INFO  impl.RoleInfo (RoleInfo.java:shutdownLeaderState(104)) - 08608e50-e548-4444-8f0d-400a00608d0c: shutdown LeaderState
2019-09-24 02:36:22,625 [ForkJoinPool.commonPool-worker-0] INFO  impl.PendingRequests (PendingRequests.java:sendNotLeaderResponses(202)) - 08608e50-e548-4444-8f0d-400a00608d0c-PendingRequests: sendNotLeaderResponses
2019-09-24 02:36:22,625 [org.apache.ratis.server.impl.LogAppender$AppenderDaemon$$Lambda$384/1307580053@65161a1e] WARN  server.GrpcLogAppender (GrpcLogAppender.java:mayWait(143)) - 08608e50-e548-4444-8f0d-400a00608d0c@group-EC2367FC1F26->987dfd3c-d9bb-4fcd-93df-655efe6d0319-GrpcLogAppender: Wait interrupted by java.lang.InterruptedException
2019-09-24 02:36:22,625 [org.apache.ratis.server.impl.LogAppender$AppenderDaemon$$Lambda$384/1307580053@b7d30fd] WARN  server.GrpcLogAppender (GrpcLogAppender.java:mayWait(143)) - 08608e50-e548-4444-8f0d-400a00608d0c@group-EC2367FC1F26->69793d86-5a36-4e22-9f21-7b43ee9abdb5-GrpcLogAppender: Wait interrupted by java.lang.InterruptedException
2019-09-24 02:36:22,626 [ForkJoinPool.commonPool-worker-0] INFO  impl.StateMachineUpdater (StateMachineUpdater.java:stopAndJoin(125)) - 08608e50-e548-4444-8f0d-400a00608d0c@group-EC2367FC1F26-StateMachineUpdater: set stopIndex = 0
2019-09-24 02:36:22,627 [ForkJoinPool.commonPool-worker-0] INFO  impl.RaftServerImpl (ServerState.java:close(385)) - 08608e50-e548-4444-8f0d-400a00608d0c@group-EC2367FC1F26: closes. applyIndex: 0
2019-09-24 02:36:22,628 [08608e50-e548-4444-8f0d-400a00608d0c@group-EC2367FC1F26-SegmentedRaftLogWorker] INFO  segmented.SegmentedRaftLogWorker (SegmentedRaftLogWorker.java:run(313)) - 08608e50-e548-4444-8f0d-400a00608d0c@group-EC2367FC1F26-SegmentedRaftLogWorker was interrupted, exiting. There are 0 tasks remaining in the queue.
2019-09-24 02:36:22,628 [ForkJoinPool.commonPool-worker-0] INFO  segmented.SegmentedRaftLogWorker (SegmentedRaftLogWorker.java:close(228)) - 08608e50-e548-4444-8f0d-400a00608d0c@group-EC2367FC1F26-SegmentedRaftLogWorker close()
2019-09-24 02:36:22,630 [ForkJoinPool.commonPool-worker-0] INFO  impl.RaftServerImpl (RaftServerImpl.java:lambda$shutdown$3(251)) - 08608e50-e548-4444-8f0d-400a00608d0c@group-3F1A9BF26661: shutdown
2019-09-24 02:36:22,630 [ForkJoinPool.commonPool-worker-0] INFO  util.JmxRegister (JmxRegister.java:unregister(73)) - Successfully un-registered JMX Bean with object name Ratis:service=RaftServer,group=group-3F1A9BF26661,id=08608e50-e548-4444-8f0d-400a00608d0c
2019-09-24 02:36:22,630 [ForkJoinPool.commonPool-worker-0] INFO  impl.RoleInfo (RoleInfo.java:shutdownLeaderState(104)) - 08608e50-e548-4444-8f0d-400a00608d0c: shutdown LeaderState
2019-09-24 02:36:22,631 [ForkJoinPool.commonPool-worker-0] INFO  impl.PendingRequests (PendingRequests.java:sendNotLeaderResponses(202)) - 08608e50-e548-4444-8f0d-400a00608d0c-PendingRequests: sendNotLeaderResponses
2019-09-24 02:36:22,631 [ForkJoinPool.commonPool-worker-0] INFO  impl.StateMachineUpdater (StateMachineUpdater.java:stopAndJoin(125)) - 08608e50-e548-4444-8f0d-400a00608d0c@group-3F1A9BF26661-StateMachineUpdater: set stopIndex = 0
2019-09-24 02:36:22,632 [ForkJoinPool.commonPool-worker-0] INFO  impl.RaftServerImpl (ServerState.java:close(385)) - 08608e50-e548-4444-8f0d-400a00608d0c@group-3F1A9BF26661: closes. applyIndex: 0
2019-09-24 02:36:22,632 [08608e50-e548-4444-8f0d-400a00608d0c@group-3F1A9BF26661-SegmentedRaftLogWorker] INFO  segmented.SegmentedRaftLogWorker (SegmentedRaftLogWorker.java:run(313)) - 08608e50-e548-4444-8f0d-400a00608d0c@group-3F1A9BF26661-SegmentedRaftLogWorker was interrupted, exiting. There are 0 tasks remaining in the queue.
2019-09-24 02:36:22,632 [ForkJoinPool.commonPool-worker-0] INFO  segmented.SegmentedRaftLogWorker (SegmentedRaftLogWorker.java:close(228)) - 08608e50-e548-4444-8f0d-400a00608d0c@group-3F1A9BF26661-SegmentedRaftLogWorker close()
2019-09-24 02:36:22,634 [ForkJoinPool.commonPool-worker-0] INFO  impl.RaftServerImpl (RaftServerImpl.java:lambda$shutdown$3(251)) - 08608e50-e548-4444-8f0d-400a00608d0c@group-01C49B4B1A3F: shutdown
2019-09-24 02:36:22,634 [ForkJoinPool.commonPool-worker-0] INFO  util.JmxRegister (JmxRegister.java:unregister(73)) - Successfully un-registered JMX Bean with object name Ratis:service=RaftServer,group=group-01C49B4B1A3F,id=08608e50-e548-4444-8f0d-400a00608d0c
2019-09-24 02:36:22,634 [ForkJoinPool.commonPool-worker-0] INFO  impl.RoleInfo (RoleInfo.java:shutdownFollowerState(121)) - 08608e50-e548-4444-8f0d-400a00608d0c: shutdown FollowerState
2019-09-24 02:36:22,635 [ForkJoinPool.commonPool-worker-0] INFO  impl.StateMachineUpdater (StateMachineUpdater.java:stopAndJoin(125)) - 08608e50-e548-4444-8f0d-400a00608d0c@group-01C49B4B1A3F-StateMachineUpdater: set stopIndex = -1
2019-09-24 02:36:22,635 [Thread-552] INFO  impl.FollowerState (FollowerState.java:run(115)) - 08608e50-e548-4444-8f0d-400a00608d0c: FollowerState was interrupted: java.lang.InterruptedException: sleep interrupted
2019-09-24 02:36:22,636 [ForkJoinPool.commonPool-worker-0] INFO  impl.RaftServerImpl (ServerState.java:close(385)) - 08608e50-e548-4444-8f0d-400a00608d0c@group-01C49B4B1A3F: closes. applyIndex: -1
2019-09-24 02:36:22,637 [08608e50-e548-4444-8f0d-400a00608d0c@group-01C49B4B1A3F-SegmentedRaftLogWorker] INFO  segmented.SegmentedRaftLogWorker (SegmentedRaftLogWorker.java:run(313)) - 08608e50-e548-4444-8f0d-400a00608d0c@group-01C49B4B1A3F-SegmentedRaftLogWorker was interrupted, exiting. There are 0 tasks remaining in the queue.
2019-09-24 02:36:22,638 [ForkJoinPool.commonPool-worker-0] INFO  segmented.SegmentedRaftLogWorker (SegmentedRaftLogWorker.java:close(228)) - 08608e50-e548-4444-8f0d-400a00608d0c@group-01C49B4B1A3F-SegmentedRaftLogWorker close()
2019-09-24 02:36:22,639 [ForkJoinPool.commonPool-worker-0] INFO  server.GrpcService (GrpcService.java:closeImpl(164)) - 08608e50-e548-4444-8f0d-400a00608d0c: shutdown server with port 43534 now
2019-09-24 02:36:22,639 [ForkJoinPool.commonPool-worker-0] INFO  server.GrpcService (GrpcService.java:closeImpl(172)) - 08608e50-e548-4444-8f0d-400a00608d0c: shutdown server with port 43534 successfully
2019-09-24 02:36:22,650 [refreshUsed-/workdir/hadoop-ozone/integration-test/target/test-dir/MiniOzoneClusterImpl-2d72fd32-3911-4ce5-968d-89f72e8fe093/datanode-5/data/containers] WARN  fs.CachingGetSpaceUsed (CachingGetSpaceUsed.java:run(183)) - Thread Interrupted waiting to refresh disk information: sleep interrupted
2019-09-24 02:36:22,669 [ForkJoinPool.commonPool-worker-0] INFO  utils.BackgroundService (BackgroundService.java:shutdown(148)) - Shutting down service BlockDeletingService
2019-09-24 02:36:22,672 [ForkJoinPool.commonPool-worker-0] INFO  statemachine.DatanodeStateMachine (DatanodeStateMachine.java:stopDaemon(395)) - Ozone container server stopped.
2019-09-24 02:36:22,675 [ForkJoinPool.commonPool-worker-0] INFO  handler.ContextHandler (ContextHandler.java:doStop(910)) - Stopped o.e.j.w.WebAppContext@2bc378f7{/,null,UNAVAILABLE}{/hddsDatanode}
2019-09-24 02:36:22,675 [ForkJoinPool.commonPool-worker-0] INFO  server.AbstractConnector (AbstractConnector.java:doStop(318)) - Stopped ServerConnector@268cbb86{HTTP/1.1,[http/1.1]}{0.0.0.0:0}
2019-09-24 02:36:22,676 [ForkJoinPool.commonPool-worker-0] INFO  handler.ContextHandler (ContextHandler.java:doStop(910)) - Stopped o.e.j.s.ServletContextHandler@31ddb930{/static,jar:file:/home/user/.m2/repository/org/apache/hadoop/hadoop-hdds-container-service/0.5.0-SNAPSHOT/hadoop-hdds-container-service-0.5.0-SNAPSHOT.jar!/webapps/static,UNAVAILABLE}
2019-09-24 02:36:22,677 [ForkJoinPool.commonPool-worker-0] INFO  handler.ContextHandler (ContextHandler.java:doStop(910)) - Stopped o.e.j.s.ServletContextHandler@7e53339{/logs,file:///workdir/hadoop-ozone/integration-test/target/log,UNAVAILABLE}
2019-09-24 02:36:22,679 [main] INFO  ozone.MiniOzoneClusterImpl (MiniOzoneClusterImpl.java:stopSCM(392)) - Stopping the StorageContainerManager
2019-09-24 02:36:22,679 [main] INFO  server.StorageContainerManager (StorageContainerManager.java:stop(808)) - Stopping Replication Manager Service.
2019-09-24 02:36:22,679 [main] INFO  container.ReplicationManager (ReplicationManager.java:stop(203)) - Stopping Replication Monitor Thread.
2019-09-24 02:36:22,679 [main] INFO  server.StorageContainerManager (StorageContainerManager.java:stop(815)) - Stopping Lease Manager of the command watchers
2019-09-24 02:36:22,680 [main] INFO  server.StorageContainerManager (StorageContainerManager.java:stop(822)) - Stopping datanode service RPC server
2019-09-24 02:36:22,680 [main] INFO  server.SCMDatanodeProtocolServer (SCMDatanodeProtocolServer.java:stop(367)) - Stopping the RPC server for DataNodes
2019-09-24 02:36:22,680 [main] INFO  ipc.Server (Server.java:stop(3082)) - Stopping server on 42518
2019-09-24 02:36:22,683 [IPC Server listener on 42518] INFO  ipc.Server (Server.java:run(1185)) - Stopping IPC Server listener on 42518
2019-09-24 02:36:22,683 [IPC Server Responder] INFO  ipc.Server (Server.java:run(1319)) - Stopping IPC Server Responder
2019-09-24 02:36:22,700 [SCM Heartbeat Processing Thread - 0] WARN  node.NodeStateManager (NodeStateManager.java:scheduleNextHealthCheck(646)) - Current Thread is interrupted, shutting down HB processing thread for Node Manager.
2019-09-24 02:36:22,700 [main] INFO  server.StorageContainerManager (StorageContainerManager.java:stop(830)) - Stopping block service RPC server
2019-09-24 02:36:22,700 [main] INFO  server.SCMBlockProtocolServer (SCMBlockProtocolServer.java:stop(155)) - Stopping the RPC server for Block Protocol
2019-09-24 02:36:22,700 [main] INFO  ipc.Server (Server.java:stop(3082)) - Stopping server on 43203
2019-09-24 02:36:22,702 [IPC Server listener on 43203] INFO  ipc.Server (Server.java:run(1185)) - Stopping IPC Server listener on 43203
2019-09-24 02:36:22,702 [main] INFO  server.StorageContainerManager (StorageContainerManager.java:stop(837)) - Stopping the StorageContainerLocationProtocol RPC server
2019-09-24 02:36:22,703 [IPC Server Responder] INFO  ipc.Server (Server.java:run(1319)) - Stopping IPC Server Responder
2019-09-24 02:36:22,703 [main] INFO  server.SCMClientProtocolServer (SCMClientProtocolServer.java:stop(159)) - Stopping the RPC server for Client Protocol
2019-09-24 02:36:22,703 [main] INFO  ipc.Server (Server.java:stop(3082)) - Stopping server on 38943
2019-09-24 02:36:22,706 [main] INFO  server.StorageContainerManager (StorageContainerManager.java:stop(844)) - Stopping Storage Container Manager HTTP server.
2019-09-24 02:36:22,706 [IPC Server Responder] INFO  ipc.Server (Server.java:run(1319)) - Stopping IPC Server Responder
2019-09-24 02:36:22,706 [IPC Server listener on 38943] INFO  ipc.Server (Server.java:run(1185)) - Stopping IPC Server listener on 38943
2019-09-24 02:36:22,707 [main] INFO  handler.ContextHandler (ContextHandler.java:doStop(910)) - Stopped o.e.j.w.WebAppContext@3591009c{/,null,UNAVAILABLE}{/scm}
2019-09-24 02:36:22,708 [main] INFO  server.AbstractConnector (AbstractConnector.java:doStop(318)) - Stopped ServerConnector@2de366bb{HTTP/1.1,[http/1.1]}{0.0.0.0:0}
2019-09-24 02:36:22,708 [main] INFO  handler.ContextHandler (ContextHandler.java:doStop(910)) - Stopped o.e.j.s.ServletContextHandler@64ba3208{/static,file:///workdir/hadoop-ozone/integration-test/target/test-classes/webapps/static,UNAVAILABLE}
2019-09-24 02:36:22,708 [main] INFO  handler.ContextHandler (ContextHandler.java:doStop(910)) - Stopped o.e.j.s.ServletContextHandler@299321e2{/logs,file:///workdir/hadoop-ozone/integration-test/target/log,UNAVAILABLE}
2019-09-24 02:36:22,710 [main] INFO  server.StorageContainerManager (StorageContainerManager.java:stop(855)) - Stopping Block Manager Service.
2019-09-24 02:36:22,710 [main] INFO  utils.BackgroundService (BackgroundService.java:shutdown(148)) - Shutting down service SCMBlockDeletingService
2019-09-24 02:36:22,711 [main] INFO  utils.BackgroundService (BackgroundService.java:shutdown(148)) - Shutting down service SCMBlockDeletingService
2019-09-24 02:36:22,712 [main] INFO  server.StorageContainerManager (StorageContainerManager.java:stop(877)) - Stopping SCM Event Queue.
2019-09-24 02:36:22,721 [main] INFO  impl.MetricsSystemImpl (MetricsSystemImpl.java:stop(210)) - Stopping ratis metrics system...
2019-09-24 02:36:22,731 [prometheus] INFO  impl.MetricsSinkAdapter (MetricsSinkAdapter.java:publishMetricsFromQueue(141)) - prometheus thread interrupted.
2019-09-24 02:36:22,731 [main] INFO  impl.MetricsSystemImpl (MetricsSystemImpl.java:stop(216)) - ratis metrics system stopped.
]]></system-out>
    <system-err><![CDATA[ERROR StatusLogger No Log4j 2 configuration file found. Using default configuration (logging only errors to the console), or user programmatically provided configurations. Set system property 'log4j2.debug' to show Log4j 2 internal initialization logging. See https://logging.apache.org/log4j/2.x/manual/configuration.html for instructions on how to configure Log4j 2
Sep 24, 2019 2:36:07 AM org.apache.ratis.thirdparty.io.grpc.internal.SerializingExecutor run
SEVERE: Exception while executing runnable org.apache.ratis.thirdparty.io.grpc.internal.ServerImpl$JumpToApplicationThreadServerStreamListener$1Closed@dd6ec92
org.apache.ratis.thirdparty.io.grpc.StatusRuntimeException: CANCELLED: call already cancelled
	at org.apache.ratis.thirdparty.io.grpc.Status.asRuntimeException(Status.java:517)
	at org.apache.ratis.thirdparty.io.grpc.stub.ServerCalls$ServerCallStreamObserverImpl.onCompleted(ServerCalls.java:356)
	at org.apache.ratis.grpc.server.GrpcServerProtocolService$ServerRequestStreamObserver.onError(GrpcServerProtocolService.java:121)
	at org.apache.ratis.thirdparty.io.grpc.stub.ServerCalls$StreamingServerCallHandler$StreamingServerCallListener.onCancel(ServerCalls.java:269)
	at org.apache.ratis.thirdparty.io.grpc.internal.ServerCallImpl$ServerStreamListenerImpl.closed(ServerCallImpl.java:293)
	at org.apache.ratis.thirdparty.io.grpc.internal.ServerImpl$JumpToApplicationThreadServerStreamListener$1Closed.runInContext(ServerImpl.java:741)
	at org.apache.ratis.thirdparty.io.grpc.internal.ContextRunnable.run(ContextRunnable.java:37)
	at org.apache.ratis.thirdparty.io.grpc.internal.SerializingExecutor.run(SerializingExecutor.java:123)
	at java.util.concurrent.ThreadPoolExecutor.runWorker(ThreadPoolExecutor.java:1149)
	at java.util.concurrent.ThreadPoolExecutor$Worker.run(ThreadPoolExecutor.java:624)
	at java.lang.Thread.run(Thread.java:748)

Sep 24, 2019 2:36:07 AM org.apache.ratis.thirdparty.io.grpc.internal.SerializingExecutor run
SEVERE: Exception while executing runnable org.apache.ratis.thirdparty.io.grpc.internal.ServerImpl$JumpToApplicationThreadServerStreamListener$1Closed@56263091
org.apache.ratis.thirdparty.io.grpc.StatusRuntimeException: CANCELLED: call already cancelled
	at org.apache.ratis.thirdparty.io.grpc.Status.asRuntimeException(Status.java:517)
	at org.apache.ratis.thirdparty.io.grpc.stub.ServerCalls$ServerCallStreamObserverImpl.onCompleted(ServerCalls.java:356)
	at org.apache.ratis.grpc.server.GrpcServerProtocolService$ServerRequestStreamObserver.onError(GrpcServerProtocolService.java:121)
	at org.apache.ratis.thirdparty.io.grpc.stub.ServerCalls$StreamingServerCallHandler$StreamingServerCallListener.onCancel(ServerCalls.java:269)
	at org.apache.ratis.thirdparty.io.grpc.internal.ServerCallImpl$ServerStreamListenerImpl.closed(ServerCallImpl.java:293)
	at org.apache.ratis.thirdparty.io.grpc.internal.ServerImpl$JumpToApplicationThreadServerStreamListener$1Closed.runInContext(ServerImpl.java:741)
	at org.apache.ratis.thirdparty.io.grpc.internal.ContextRunnable.run(ContextRunnable.java:37)
	at org.apache.ratis.thirdparty.io.grpc.internal.SerializingExecutor.run(SerializingExecutor.java:123)
	at java.util.concurrent.ThreadPoolExecutor.runWorker(ThreadPoolExecutor.java:1149)
	at java.util.concurrent.ThreadPoolExecutor$Worker.run(ThreadPoolExecutor.java:624)
	at java.lang.Thread.run(Thread.java:748)

Sep 24, 2019 2:36:12 AM org.apache.ratis.thirdparty.io.grpc.internal.SerializingExecutor run
SEVERE: Exception while executing runnable org.apache.ratis.thirdparty.io.grpc.internal.ServerImpl$JumpToApplicationThreadServerStreamListener$1Closed@280ff406
org.apache.ratis.thirdparty.io.grpc.StatusRuntimeException: CANCELLED: call already cancelled
	at org.apache.ratis.thirdparty.io.grpc.Status.asRuntimeException(Status.java:517)
	at org.apache.ratis.thirdparty.io.grpc.stub.ServerCalls$ServerCallStreamObserverImpl.onCompleted(ServerCalls.java:356)
	at org.apache.ratis.grpc.server.GrpcServerProtocolService$ServerRequestStreamObserver.onError(GrpcServerProtocolService.java:121)
	at org.apache.ratis.thirdparty.io.grpc.stub.ServerCalls$StreamingServerCallHandler$StreamingServerCallListener.onCancel(ServerCalls.java:269)
	at org.apache.ratis.thirdparty.io.grpc.internal.ServerCallImpl$ServerStreamListenerImpl.closed(ServerCallImpl.java:293)
	at org.apache.ratis.thirdparty.io.grpc.internal.ServerImpl$JumpToApplicationThreadServerStreamListener$1Closed.runInContext(ServerImpl.java:741)
	at org.apache.ratis.thirdparty.io.grpc.internal.ContextRunnable.run(ContextRunnable.java:37)
	at org.apache.ratis.thirdparty.io.grpc.internal.SerializingExecutor.run(SerializingExecutor.java:123)
	at java.util.concurrent.ThreadPoolExecutor.runWorker(ThreadPoolExecutor.java:1149)
	at java.util.concurrent.ThreadPoolExecutor$Worker.run(ThreadPoolExecutor.java:624)
	at java.lang.Thread.run(Thread.java:748)

Sep 24, 2019 2:36:12 AM org.apache.ratis.thirdparty.io.grpc.internal.SerializingExecutor run
SEVERE: Exception while executing runnable org.apache.ratis.thirdparty.io.grpc.internal.ServerImpl$JumpToApplicationThreadServerStreamListener$1Closed@79f33151
org.apache.ratis.thirdparty.io.grpc.StatusRuntimeException: CANCELLED: call already cancelled
	at org.apache.ratis.thirdparty.io.grpc.Status.asRuntimeException(Status.java:517)
	at org.apache.ratis.thirdparty.io.grpc.stub.ServerCalls$ServerCallStreamObserverImpl.onCompleted(ServerCalls.java:356)
	at org.apache.ratis.grpc.server.GrpcServerProtocolService$ServerRequestStreamObserver.onError(GrpcServerProtocolService.java:121)
	at org.apache.ratis.thirdparty.io.grpc.stub.ServerCalls$StreamingServerCallHandler$StreamingServerCallListener.onCancel(ServerCalls.java:269)
	at org.apache.ratis.thirdparty.io.grpc.internal.ServerCallImpl$ServerStreamListenerImpl.closed(ServerCallImpl.java:293)
	at org.apache.ratis.thirdparty.io.grpc.internal.ServerImpl$JumpToApplicationThreadServerStreamListener$1Closed.runInContext(ServerImpl.java:741)
	at org.apache.ratis.thirdparty.io.grpc.internal.ContextRunnable.run(ContextRunnable.java:37)
	at org.apache.ratis.thirdparty.io.grpc.internal.SerializingExecutor.run(SerializingExecutor.java:123)
	at java.util.concurrent.ThreadPoolExecutor.runWorker(ThreadPoolExecutor.java:1149)
	at java.util.concurrent.ThreadPoolExecutor$Worker.run(ThreadPoolExecutor.java:624)
	at java.lang.Thread.run(Thread.java:748)

]]></system-err>
  </testcase>
</testsuite>