<?xml version="1.0" encoding="UTF-8"?>
<testsuite xmlns:xsi="http://www.w3.org/2001/XMLSchema-instance" xsi:noNamespaceSchemaLocation="https://maven.apache.org/surefire/maven-surefire-plugin/xsd/surefire-test-report.xsd" name="org.apache.hadoop.ozone.client.rpc.TestOzoneAtRestEncryption" time="148.366" tests="1" errors="1" skipped="0" failures="0">
  <properties>
    <property name="awt.toolkit" value="sun.awt.X11.XToolkit"/>
    <property name="file.encoding.pkg" value="sun.io"/>
    <property name="java.specification.version" value="1.8"/>
    <property name="sun.cpu.isalist" value=""/>
    <property name="sun.jnu.encoding" value="UTF-8"/>
    <property name="java.class.path" value="/workdir/hadoop-ozone/integration-test/target/test-classes:/workdir/hadoop-ozone/integration-test/target/classes:/home/user/.m2/repository/org/apache/hadoop/hadoop-ozone-common/0.5.0-SNAPSHOT/hadoop-ozone-common-0.5.0-SNAPSHOT.jar:/home/user/.m2/repository/org/apache/commons/commons-compress/1.4.1/commons-compress-1.4.1.jar:/home/user/.m2/repository/org/tukaani/xz/1.0/xz-1.0.jar:/home/user/.m2/repository/org/apache/hadoop/hadoop-common/3.2.0/hadoop-common-3.2.0.jar:/home/user/.m2/repository/org/apache/hadoop/hadoop-hdfs/3.2.0/hadoop-hdfs-3.2.0.jar:/home/user/.m2/repository/org/apache/hadoop/hadoop-hdfs-client/3.2.0/hadoop-hdfs-client-3.2.0.jar:/home/user/.m2/repository/com/fasterxml/jackson/core/jackson-annotations/2.9.9/jackson-annotations-2.9.9.jar:/home/user/.m2/repository/org/apache/hadoop/hadoop-hdds-common/0.5.0-SNAPSHOT/hadoop-hdds-common-0.5.0-SNAPSHOT.jar:/home/user/.m2/repository/javax/annotation/javax.annotation-api/1.2/javax.annotation-api-1.2.jar:/home/user/.m2/repository/org/apache/ratis/ratis-server/0.4.0/ratis-server-0.4.0.jar:/home/user/.m2/repository/org/apache/ratis/ratis-thirdparty-misc/0.2.0/ratis-thirdparty-misc-0.2.0.jar:/home/user/.m2/repository/org/apache/ratis/ratis-proto/0.4.0/ratis-proto-0.4.0.jar:/home/user/.m2/repository/org/apache/ratis/ratis-common/0.4.0/ratis-common-0.4.0.jar:/home/user/.m2/repository/org/apache/ratis/ratis-client/0.4.0/ratis-client-0.4.0.jar:/home/user/.m2/repository/org/apache/ratis/ratis-metrics/0.4.0/ratis-metrics-0.4.0.jar:/home/user/.m2/repository/com/github/joshelser/dropwizard-metrics-hadoop-metrics2-reporter/0.1.2/dropwizard-metrics-hadoop-metrics2-reporter-0.1.2.jar:/home/user/.m2/repository/io/dropwizard/metrics/metrics-jvm/3.2.5/metrics-jvm-3.2.5.jar:/home/user/.m2/repository/io/dropwizard/metrics/metrics-ganglia/3.2.5/metrics-ganglia-3.2.5.jar:/home/user/.m2/repository/info/ganglia/gmetric4j/gmetric4j/1.0.7/gmetric4j-1.0.7.jar:/home/user/.m2/repository/org/apache/ratis/ratis-netty/0.4.0/ratis-netty-0.4.0.jar:/home/user/.m2/repository/org/apache/ratis/ratis-grpc/0.4.0/ratis-grpc-0.4.0.jar:/home/user/.m2/repository/org/rocksdb/rocksdbjni/6.0.1/rocksdbjni-6.0.1.jar:/home/user/.m2/repository/org/apache/logging/log4j/log4j-api/2.11.0/log4j-api-2.11.0.jar:/home/user/.m2/repository/org/apache/logging/log4j/log4j-core/2.11.0/log4j-core-2.11.0.jar:/home/user/.m2/repository/com/lmax/disruptor/3.4.2/disruptor-3.4.2.jar:/home/user/.m2/repository/org/apache/commons/commons-pool2/2.6.0/commons-pool2-2.6.0.jar:/home/user/.m2/repository/org/bouncycastle/bcpkix-jdk15on/1.60/bcpkix-jdk15on-1.60.jar:/home/user/.m2/repository/commons-validator/commons-validator/1.6/commons-validator-1.6.jar:/home/user/.m2/repository/commons-digester/commons-digester/1.8.1/commons-digester-1.8.1.jar:/home/user/.m2/repository/io/jaegertracing/jaeger-client/0.34.0/jaeger-client-0.34.0.jar:/home/user/.m2/repository/io/jaegertracing/jaeger-thrift/0.34.0/jaeger-thrift-0.34.0.jar:/home/user/.m2/repository/org/apache/thrift/libthrift/0.12.0/libthrift-0.12.0.jar:/home/user/.m2/repository/com/squareup/okhttp3/okhttp/3.9.0/okhttp-3.9.0.jar:/home/user/.m2/repository/com/squareup/okio/okio/1.13.0/okio-1.13.0.jar:/home/user/.m2/repository/io/jaegertracing/jaeger-core/0.34.0/jaeger-core-0.34.0.jar:/home/user/.m2/repository/io/jaegertracing/jaeger-tracerresolver/0.34.0/jaeger-tracerresolver-0.34.0.jar:/home/user/.m2/repository/io/opentracing/contrib/opentracing-tracerresolver/0.1.5/opentracing-tracerresolver-0.1.5.jar:/home/user/.m2/repository/io/opentracing/opentracing-util/0.31.0/opentracing-util-0.31.0.jar:/home/user/.m2/repository/io/opentracing/opentracing-api/0.31.0/opentracing-api-0.31.0.jar:/home/user/.m2/repository/io/opentracing/opentracing-noop/0.31.0/opentracing-noop-0.31.0.jar:/home/user/.m2/repository/org/apache/hadoop/hadoop-hdds-server-framework/0.5.0-SNAPSHOT/hadoop-hdds-server-framework-0.5.0-SNAPSHOT.jar:/home/user/.m2/repository/org/apache/hadoop/hadoop-hdds-container-service/0.5.0-SNAPSHOT/hadoop-hdds-container-service-0.5.0-SNAPSHOT.jar:/home/user/.m2/repository/org/apache/hadoop/hadoop-hdds-client/0.5.0-SNAPSHOT/hadoop-hdds-client-0.5.0-SNAPSHOT.jar:/home/user/.m2/repository/org/apache/hadoop/hadoop-hdds-tools/0.5.0-SNAPSHOT/hadoop-hdds-tools-0.5.0-SNAPSHOT.jar:/home/user/.m2/repository/org/apache/hadoop/hadoop-hdds-server-scm/0.5.0-SNAPSHOT/hadoop-hdds-server-scm-0.5.0-SNAPSHOT.jar:/home/user/.m2/repository/org/apache/hadoop/hadoop-hdds-docs/0.5.0-SNAPSHOT/hadoop-hdds-docs-0.5.0-SNAPSHOT.jar:/home/user/.m2/repository/io/dropwizard/metrics/metrics-core/3.2.4/metrics-core-3.2.4.jar:/home/user/.m2/repository/org/hamcrest/hamcrest-all/1.3/hamcrest-all-1.3.jar:/home/user/.m2/repository/org/bouncycastle/bcprov-jdk15on/1.60/bcprov-jdk15on-1.60.jar:/home/user/.m2/repository/info/picocli/picocli/3.9.6/picocli-3.9.6.jar:/home/user/.m2/repository/com/google/protobuf/protobuf-java/2.5.0/protobuf-java-2.5.0.jar:/home/user/.m2/repository/com/google/guava/guava/11.0.2/guava-11.0.2.jar:/home/user/.m2/repository/org/apache/hadoop/hadoop-ozone-ozone-manager/0.5.0-SNAPSHOT/hadoop-ozone-ozone-manager-0.5.0-SNAPSHOT.jar:/home/user/.m2/repository/org/apache/hadoop/hadoop-minikdc/3.2.0/hadoop-minikdc-3.2.0.jar:/home/user/.m2/repository/commons-io/commons-io/2.5/commons-io-2.5.jar:/home/user/.m2/repository/org/apache/kerby/kerb-simplekdc/1.0.1/kerb-simplekdc-1.0.1.jar:/home/user/.m2/repository/org/apache/kerby/kerb-client/1.0.1/kerb-client-1.0.1.jar:/home/user/.m2/repository/org/apache/kerby/kerby-config/1.0.1/kerby-config-1.0.1.jar:/home/user/.m2/repository/org/apache/kerby/kerb-core/1.0.1/kerb-core-1.0.1.jar:/home/user/.m2/repository/org/apache/kerby/kerby-pkix/1.0.1/kerby-pkix-1.0.1.jar:/home/user/.m2/repository/org/apache/kerby/kerby-asn1/1.0.1/kerby-asn1-1.0.1.jar:/home/user/.m2/repository/org/apache/kerby/kerby-util/1.0.1/kerby-util-1.0.1.jar:/home/user/.m2/repository/org/apache/kerby/kerb-common/1.0.1/kerb-common-1.0.1.jar:/home/user/.m2/repository/org/apache/kerby/kerb-crypto/1.0.1/kerb-crypto-1.0.1.jar:/home/user/.m2/repository/org/apache/kerby/kerb-util/1.0.1/kerb-util-1.0.1.jar:/home/user/.m2/repository/org/apache/kerby/token-provider/1.0.1/token-provider-1.0.1.jar:/home/user/.m2/repository/org/apache/kerby/kerb-admin/1.0.1/kerb-admin-1.0.1.jar:/home/user/.m2/repository/org/apache/kerby/kerb-server/1.0.1/kerb-server-1.0.1.jar:/home/user/.m2/repository/org/apache/kerby/kerb-identity/1.0.1/kerb-identity-1.0.1.jar:/home/user/.m2/repository/org/apache/kerby/kerby-xdr/1.0.1/kerby-xdr-1.0.1.jar:/home/user/.m2/repository/org/slf4j/slf4j-log4j12/1.7.25/slf4j-log4j12-1.7.25.jar:/home/user/.m2/repository/org/apache/hadoop/hadoop-ozone-s3gateway/0.5.0-SNAPSHOT/hadoop-ozone-s3gateway-0.5.0-SNAPSHOT.jar:/home/user/.m2/repository/org/jboss/weld/servlet/weld-servlet/2.4.7.Final/weld-servlet-2.4.7.Final.jar:/home/user/.m2/repository/org/glassfish/jersey/containers/jersey-container-servlet-core/2.27/jersey-container-servlet-core-2.27.jar:/home/user/.m2/repository/org/glassfish/hk2/external/javax.inject/2.5.0-b42/javax.inject-2.5.0-b42.jar:/home/user/.m2/repository/org/glassfish/jersey/core/jersey-common/2.27/jersey-common-2.27.jar:/home/user/.m2/repository/org/glassfish/hk2/osgi-resource-locator/1.0.1/osgi-resource-locator-1.0.1.jar:/home/user/.m2/repository/javax/ws/rs/javax.ws.rs-api/2.1/javax.ws.rs-api-2.1.jar:/home/user/.m2/repository/org/glassfish/jersey/ext/cdi/jersey-cdi1x/2.27/jersey-cdi1x-2.27.jar:/home/user/.m2/repository/org/glassfish/jersey/inject/jersey-hk2/2.27/jersey-hk2-2.27.jar:/home/user/.m2/repository/org/glassfish/hk2/hk2-locator/2.5.0-b42/hk2-locator-2.5.0-b42.jar:/home/user/.m2/repository/org/javassist/javassist/3.22.0-CR2/javassist-3.22.0-CR2.jar:/home/user/.m2/repository/org/glassfish/hk2/hk2-api/2.5.0/hk2-api-2.5.0.jar:/home/user/.m2/repository/org/glassfish/hk2/external/jakarta.inject/2.5.0/jakarta.inject-2.5.0.jar:/home/user/.m2/repository/org/glassfish/hk2/hk2-utils/2.5.0/hk2-utils-2.5.0.jar:/home/user/.m2/repository/jakarta/annotation/jakarta.annotation-api/1.3.4/jakarta.annotation-api-1.3.4.jar:/home/user/.m2/repository/org/glassfish/hk2/external/aopalliance-repackaged/2.5.0/aopalliance-repackaged-2.5.0.jar:/home/user/.m2/repository/com/fasterxml/jackson/dataformat/jackson-dataformat-xml/2.9.0/jackson-dataformat-xml-2.9.0.jar:/home/user/.m2/repository/com/fasterxml/jackson/core/jackson-core/2.9.9/jackson-core-2.9.9.jar:/home/user/.m2/repository/com/fasterxml/jackson/module/jackson-module-jaxb-annotations/2.9.9/jackson-module-jaxb-annotations-2.9.9.jar:/home/user/.m2/repository/javax/enterprise/cdi-api/1.2/cdi-api-1.2.jar:/home/user/.m2/repository/javax/el/javax.el-api/3.0.0/javax.el-api-3.0.0.jar:/home/user/.m2/repository/javax/interceptor/javax.interceptor-api/1.2/javax.interceptor-api-1.2.jar:/home/user/.m2/repository/javax/inject/javax.inject/1/javax.inject-1.jar:/home/user/.m2/repository/com/sun/xml/bind/jaxb-impl/2.3.0.1/jaxb-impl-2.3.0.1.jar:/home/user/.m2/repository/com/sun/xml/bind/jaxb-core/2.3.0.1/jaxb-core-2.3.0.1.jar:/home/user/.m2/repository/javax/xml/bind/jaxb-api/2.3.0/jaxb-api-2.3.0.jar:/home/user/.m2/repository/javax/activation/activation/1.1.1/activation-1.1.1.jar:/home/user/.m2/repository/org/apache/hadoop/hadoop-ozone-csi/0.5.0-SNAPSHOT/hadoop-ozone-csi-0.5.0-SNAPSHOT.jar:/home/user/.m2/repository/com/google/protobuf/protobuf-java-util/3.5.1/protobuf-java-util-3.5.1.jar:/home/user/.m2/repository/org/apache/hadoop/hadoop-hdds-config/0.5.0-SNAPSHOT/hadoop-hdds-config-0.5.0-SNAPSHOT.jar:/home/user/.m2/repository/io/grpc/grpc-netty/1.17.1/grpc-netty-1.17.1.jar:/home/user/.m2/repository/io/grpc/grpc-core/1.17.1/grpc-core-1.17.1.jar:/home/user/.m2/repository/io/grpc/grpc-context/1.17.1/grpc-context-1.17.1.jar:/home/user/.m2/repository/com/google/errorprone/error_prone_annotations/2.2.0/error_prone_annotations-2.2.0.jar:/home/user/.m2/repository/org/codehaus/mojo/animal-sniffer-annotations/1.17/animal-sniffer-annotations-1.17.jar:/home/user/.m2/repository/io/opencensus/opencensus-api/0.17.0/opencensus-api-0.17.0.jar:/home/user/.m2/repository/io/opencensus/opencensus-contrib-grpc-metrics/0.17.0/opencensus-contrib-grpc-metrics-0.17.0.jar:/home/user/.m2/repository/io/netty/netty-codec-http2/4.1.30.Final/netty-codec-http2-4.1.30.Final.jar:/home/user/.m2/repository/io/netty/netty-codec-http/4.1.30.Final/netty-codec-http-4.1.30.Final.jar:/home/user/.m2/repository/io/netty/netty-codec/4.1.30.Final/netty-codec-4.1.30.Final.jar:/home/user/.m2/repository/io/netty/netty-handler/4.1.30.Final/netty-handler-4.1.30.Final.jar:/home/user/.m2/repository/io/netty/netty-handler-proxy/4.1.30.Final/netty-handler-proxy-4.1.30.Final.jar:/home/user/.m2/repository/io/netty/netty-codec-socks/4.1.30.Final/netty-codec-socks-4.1.30.Final.jar:/home/user/.m2/repository/io/netty/netty-transport-native-epoll/4.1.30.Final/netty-transport-native-epoll-4.1.30.Final.jar:/home/user/.m2/repository/io/netty/netty-common/4.1.30.Final/netty-common-4.1.30.Final.jar:/home/user/.m2/repository/io/netty/netty-buffer/4.1.30.Final/netty-buffer-4.1.30.Final.jar:/home/user/.m2/repository/io/netty/netty-transport/4.1.30.Final/netty-transport-4.1.30.Final.jar:/home/user/.m2/repository/io/netty/netty-resolver/4.1.30.Final/netty-resolver-4.1.30.Final.jar:/home/user/.m2/repository/io/netty/netty-transport-native-unix-common/4.1.30.Final/netty-transport-native-unix-common-4.1.30.Final.jar:/home/user/.m2/repository/io/grpc/grpc-protobuf/1.17.1/grpc-protobuf-1.17.1.jar:/home/user/.m2/repository/com/google/api/grpc/proto-google-common-protos/1.0.0/proto-google-common-protos-1.0.0.jar:/home/user/.m2/repository/io/grpc/grpc-protobuf-lite/1.17.1/grpc-protobuf-lite-1.17.1.jar:/home/user/.m2/repository/io/grpc/grpc-stub/1.17.1/grpc-stub-1.17.1.jar:/home/user/.m2/repository/org/apache/hadoop/hadoop-ozone-recon/0.5.0-SNAPSHOT/hadoop-ozone-recon-0.5.0-SNAPSHOT.jar:/home/user/.m2/repository/org/apache/hadoop/hadoop-ozone-reconcodegen/0.5.0-SNAPSHOT/hadoop-ozone-reconcodegen-0.5.0-SNAPSHOT.jar:/home/user/.m2/repository/com/google/inject/extensions/guice-multibindings/4.0/guice-multibindings-4.0.jar:/home/user/.m2/repository/com/google/inject/guice/4.0/guice-4.0.jar:/home/user/.m2/repository/aopalliance/aopalliance/1.0/aopalliance-1.0.jar:/home/user/.m2/repository/com/google/inject/extensions/guice-servlet/4.0/guice-servlet-4.0.jar:/home/user/.m2/repository/org/glassfish/jersey/containers/jersey-container-servlet/2.27/jersey-container-servlet-2.27.jar:/home/user/.m2/repository/org/glassfish/hk2/guice-bridge/2.5.0/guice-bridge-2.5.0.jar:/home/user/.m2/repository/org/glassfish/jersey/core/jersey-server/2.27/jersey-server-2.27.jar:/home/user/.m2/repository/org/glassfish/jersey/core/jersey-client/2.27/jersey-client-2.27.jar:/home/user/.m2/repository/org/glassfish/jersey/media/jersey-media-jaxb/2.27/jersey-media-jaxb-2.27.jar:/home/user/.m2/repository/javax/validation/validation-api/1.1.0.Final/validation-api-1.1.0.Final.jar:/home/user/.m2/repository/org/glassfish/jersey/media/jersey-media-json-jackson/2.27/jersey-media-json-jackson-2.27.jar:/home/user/.m2/repository/org/glassfish/jersey/ext/jersey-entity-filtering/2.27/jersey-entity-filtering-2.27.jar:/home/user/.m2/repository/com/google/inject/extensions/guice-assistedinject/4.0/guice-assistedinject-4.0.jar:/home/user/.m2/repository/org/jooq/jooq/3.11.10/jooq-3.11.10.jar:/home/user/.m2/repository/org/jooq/jooq-meta/3.11.10/jooq-meta-3.11.10.jar:/home/user/.m2/repository/org/jooq/jooq-codegen/3.11.10/jooq-codegen-3.11.10.jar:/home/user/.m2/repository/com/jolbox/bonecp/0.8.0.RELEASE/bonecp-0.8.0.RELEASE.jar:/home/user/.m2/repository/org/xerial/sqlite-jdbc/3.25.2/sqlite-jdbc-3.25.2.jar:/home/user/.m2/repository/org/springframework/spring-jdbc/5.1.3.RELEASE/spring-jdbc-5.1.3.RELEASE.jar:/home/user/.m2/repository/org/springframework/spring-beans/5.1.3.RELEASE/spring-beans-5.1.3.RELEASE.jar:/home/user/.m2/repository/org/springframework/spring-core/5.1.3.RELEASE/spring-core-5.1.3.RELEASE.jar:/home/user/.m2/repository/org/springframework/spring-jcl/5.1.3.RELEASE/spring-jcl-5.1.3.RELEASE.jar:/home/user/.m2/repository/org/springframework/spring-tx/5.1.3.RELEASE/spring-tx-5.1.3.RELEASE.jar:/home/user/.m2/repository/org/apache/hadoop/hadoop-ozone-client/0.5.0-SNAPSHOT/hadoop-ozone-client-0.5.0-SNAPSHOT.jar:/home/user/.m2/repository/commons-lang/commons-lang/2.6/commons-lang-2.6.jar:/home/user/.m2/repository/org/apache/hadoop/hadoop-ozone-ozone-manager/0.5.0-SNAPSHOT/hadoop-ozone-ozone-manager-0.5.0-SNAPSHOT-tests.jar:/home/user/.m2/repository/junit/junit/4.11/junit-4.11.jar:/home/user/.m2/repository/org/hamcrest/hamcrest-core/1.3/hamcrest-core-1.3.jar:/home/user/.m2/repository/org/openjdk/jmh/jmh-core/1.19/jmh-core-1.19.jar:/home/user/.m2/repository/net/sf/jopt-simple/jopt-simple/4.6/jopt-simple-4.6.jar:/home/user/.m2/repository/org/apache/commons/commons-math3/3.1.1/commons-math3-3.1.1.jar:/home/user/.m2/repository/org/openjdk/jmh/jmh-generator-annprocess/1.19/jmh-generator-annprocess-1.19.jar:/home/user/.m2/repository/org/mockito/mockito-all/1.8.5/mockito-all-1.8.5.jar:/home/user/.m2/repository/org/apache/hadoop/hadoop-kms/3.2.0/hadoop-kms-3.2.0.jar:/home/user/.m2/repository/org/apache/hadoop/hadoop-auth/3.2.0/hadoop-auth-3.2.0.jar:/home/user/.m2/repository/com/nimbusds/nimbus-jose-jwt/4.41.1/nimbus-jose-jwt-4.41.1.jar:/home/user/.m2/repository/com/github/stephenc/jcip/jcip-annotations/1.0-1/jcip-annotations-1.0-1.jar:/home/user/.m2/repository/net/minidev/json-smart/2.3/json-smart-2.3.jar:/home/user/.m2/repository/net/minidev/accessors-smart/1.2/accessors-smart-1.2.jar:/home/user/.m2/repository/org/ow2/asm/asm/5.0.4/asm-5.0.4.jar:/home/user/.m2/repository/org/apache/curator/curator-framework/2.12.0/curator-framework-2.12.0.jar:/home/user/.m2/repository/com/sun/jersey/jersey-core/1.19/jersey-core-1.19.jar:/home/user/.m2/repository/javax/ws/rs/jsr311-api/1.1.1/jsr311-api-1.1.1.jar:/home/user/.m2/repository/com/sun/jersey/jersey-server/1.19/jersey-server-1.19.jar:/home/user/.m2/repository/javax/servlet/javax.servlet-api/3.1.0/javax.servlet-api-3.1.0.jar:/home/user/.m2/repository/org/eclipse/jetty/jetty-server/9.3.25.v20180904/jetty-server-9.3.25.v20180904.jar:/home/user/.m2/repository/org/eclipse/jetty/jetty-http/9.3.25.v20180904/jetty-http-9.3.25.v20180904.jar:/home/user/.m2/repository/org/eclipse/jetty/jetty-io/9.3.25.v20180904/jetty-io-9.3.25.v20180904.jar:/home/user/.m2/repository/org/eclipse/jetty/jetty-webapp/9.3.25.v20180904/jetty-webapp-9.3.25.v20180904.jar:/home/user/.m2/repository/org/eclipse/jetty/jetty-xml/9.3.25.v20180904/jetty-xml-9.3.25.v20180904.jar:/home/user/.m2/repository/log4j/log4j/1.2.17/log4j-1.2.17.jar:/home/user/.m2/repository/org/slf4j/slf4j-api/1.7.25/slf4j-api-1.7.25.jar:/home/user/.m2/repository/org/slf4j/jul-to-slf4j/1.7.25/jul-to-slf4j-1.7.25.jar:/home/user/.m2/repository/org/eclipse/jetty/jetty-util/9.3.25.v20180904/jetty-util-9.3.25.v20180904.jar:/home/user/.m2/repository/com/fasterxml/jackson/core/jackson-databind/2.9.9/jackson-databind-2.9.9.jar:/home/user/.m2/repository/org/apache/hadoop/hadoop-kms/3.2.0/hadoop-kms-3.2.0-tests.jar:/home/user/.m2/repository/org/apache/hadoop/hadoop-hdds-server-scm/0.5.0-SNAPSHOT/hadoop-hdds-server-scm-0.5.0-SNAPSHOT-tests.jar:/home/user/.m2/repository/org/apache/hadoop/hadoop-hdds-container-service/0.5.0-SNAPSHOT/hadoop-hdds-container-service-0.5.0-SNAPSHOT-tests.jar:/home/user/.m2/repository/org/yaml/snakeyaml/1.16/snakeyaml-1.16.jar:/home/user/.m2/repository/org/apache/hadoop/hadoop-common/3.2.0/hadoop-common-3.2.0-tests.jar:/home/user/.m2/repository/org/apache/hadoop/hadoop-annotations/3.2.0/hadoop-annotations-3.2.0.jar:/usr/lib/jvm/java-1.8-openjdk/jre/../lib/tools.jar:/home/user/.m2/repository/commons-cli/commons-cli/1.2/commons-cli-1.2.jar:/home/user/.m2/repository/org/apache/httpcomponents/httpclient/4.5.2/httpclient-4.5.2.jar:/home/user/.m2/repository/org/apache/httpcomponents/httpcore/4.4.4/httpcore-4.4.4.jar:/home/user/.m2/repository/commons-codec/commons-codec/1.11/commons-codec-1.11.jar:/home/user/.m2/repository/commons-net/commons-net/3.6/commons-net-3.6.jar:/home/user/.m2/repository/commons-collections/commons-collections/3.2.2/commons-collections-3.2.2.jar:/home/user/.m2/repository/org/eclipse/jetty/jetty-servlet/9.3.25.v20180904/jetty-servlet-9.3.25.v20180904.jar:/home/user/.m2/repository/org/eclipse/jetty/jetty-security/9.3.25.v20180904/jetty-security-9.3.25.v20180904.jar:/home/user/.m2/repository/javax/servlet/jsp/jsp-api/2.1/jsp-api-2.1.jar:/home/user/.m2/repository/com/sun/jersey/jersey-servlet/1.19/jersey-servlet-1.19.jar:/home/user/.m2/repository/com/sun/jersey/jersey-json/1.19/jersey-json-1.19.jar:/home/user/.m2/repository/org/codehaus/jettison/jettison/1.1/jettison-1.1.jar:/home/user/.m2/repository/org/codehaus/jackson/jackson-core-asl/1.9.13/jackson-core-asl-1.9.13.jar:/home/user/.m2/repository/org/codehaus/jackson/jackson-mapper-asl/1.9.13/jackson-mapper-asl-1.9.13.jar:/home/user/.m2/repository/org/codehaus/jackson/jackson-jaxrs/1.9.13/jackson-jaxrs-1.9.13.jar:/home/user/.m2/repository/org/codehaus/jackson/jackson-xc/1.9.13/jackson-xc-1.9.13.jar:/home/user/.m2/repository/commons-logging/commons-logging/1.1.3/commons-logging-1.1.3.jar:/home/user/.m2/repository/commons-beanutils/commons-beanutils/1.9.4/commons-beanutils-1.9.4.jar:/home/user/.m2/repository/org/apache/commons/commons-configuration2/2.1.1/commons-configuration2-2.1.1.jar:/home/user/.m2/repository/org/apache/commons/commons-lang3/3.7/commons-lang3-3.7.jar:/home/user/.m2/repository/org/apache/commons/commons-text/1.4/commons-text-1.4.jar:/home/user/.m2/repository/org/apache/avro/avro/1.7.7/avro-1.7.7.jar:/home/user/.m2/repository/com/thoughtworks/paranamer/paranamer/2.3/paranamer-2.3.jar:/home/user/.m2/repository/org/xerial/snappy/snappy-java/1.0.5/snappy-java-1.0.5.jar:/home/user/.m2/repository/com/google/re2j/re2j/1.1/re2j-1.1.jar:/home/user/.m2/repository/com/google/code/gson/gson/2.2.4/gson-2.2.4.jar:/home/user/.m2/repository/com/jcraft/jsch/0.1.54/jsch-0.1.54.jar:/home/user/.m2/repository/org/apache/curator/curator-client/2.12.0/curator-client-2.12.0.jar:/home/user/.m2/repository/org/apache/curator/curator-recipes/2.12.0/curator-recipes-2.12.0.jar:/home/user/.m2/repository/com/google/code/findbugs/jsr305/3.0.0/jsr305-3.0.0.jar:/home/user/.m2/repository/org/apache/htrace/htrace-core4/4.1.0-incubating/htrace-core4-4.1.0-incubating.jar:/home/user/.m2/repository/org/apache/zookeeper/zookeeper/3.4.13/zookeeper-3.4.13.jar:/home/user/.m2/repository/jline/jline/0.9.94/jline-0.9.94.jar:/home/user/.m2/repository/org/apache/yetus/audience-annotations/0.5.0/audience-annotations-0.5.0.jar:/home/user/.m2/repository/org/codehaus/woodstox/stax2-api/3.1.4/stax2-api-3.1.4.jar:/home/user/.m2/repository/com/fasterxml/woodstox/woodstox-core/5.0.3/woodstox-core-5.0.3.jar:/home/user/.m2/repository/dnsjava/dnsjava/2.1.7/dnsjava-2.1.7.jar:/home/user/.m2/repository/org/apache/hadoop/hadoop-hdfs/3.2.0/hadoop-hdfs-3.2.0-tests.jar:/home/user/.m2/repository/org/eclipse/jetty/jetty-util-ajax/9.3.25.v20180904/jetty-util-ajax-9.3.25.v20180904.jar:/home/user/.m2/repository/commons-daemon/commons-daemon/1.0.13/commons-daemon-1.0.13.jar:/home/user/.m2/repository/io/netty/netty/3.10.5.Final/netty-3.10.5.Final.jar:/home/user/.m2/repository/io/netty/netty-all/4.0.52.Final/netty-all-4.0.52.Final.jar:/home/user/.m2/repository/org/fusesource/leveldbjni/leveldbjni-all/1.8/leveldbjni-all-1.8.jar:"/>
    <property name="java.vm.vendor" value="IcedTea"/>
    <property name="sun.arch.data.model" value="64"/>
    <property name="test.build.dir" value="/workdir/hadoop-ozone/integration-test/target/test-dir"/>
    <property name="test.cache.data" value=""/>
    <property name="java.vendor.url" value="https://icedtea.classpath.org"/>
    <property name="user.timezone" value=""/>
    <property name="java.vm.specification.version" value="1.8"/>
    <property name="os.name" value="Linux"/>
    <property name="test.build.data" value="/workdir/hadoop-ozone/integration-test/target/test-dir"/>
    <property name="user.country" value="US"/>
    <property name="sun.java.launcher" value="SUN_STANDARD"/>
    <property name="sun.boot.library.path" value="/usr/lib/jvm/java-1.8-openjdk/jre/lib/amd64"/>
    <property name="sun.java.command" value="/workdir/hadoop-ozone/integration-test/target/surefire/surefirebooter8952848831588111131.jar /workdir/hadoop-ozone/integration-test/target/surefire 2019-09-24T01-15-27_102-jvmRun1 surefire1209848140236138278tmp surefire_741833031663996856094tmp"/>
    <property name="test" value="!TestMiniChaosOzoneCluster"/>
    <property name="surefire.test.class.path" value="/workdir/hadoop-ozone/integration-test/target/test-classes:/workdir/hadoop-ozone/integration-test/target/classes:/home/user/.m2/repository/org/apache/hadoop/hadoop-ozone-common/0.5.0-SNAPSHOT/hadoop-ozone-common-0.5.0-SNAPSHOT.jar:/home/user/.m2/repository/org/apache/commons/commons-compress/1.4.1/commons-compress-1.4.1.jar:/home/user/.m2/repository/org/tukaani/xz/1.0/xz-1.0.jar:/home/user/.m2/repository/org/apache/hadoop/hadoop-common/3.2.0/hadoop-common-3.2.0.jar:/home/user/.m2/repository/org/apache/hadoop/hadoop-hdfs/3.2.0/hadoop-hdfs-3.2.0.jar:/home/user/.m2/repository/org/apache/hadoop/hadoop-hdfs-client/3.2.0/hadoop-hdfs-client-3.2.0.jar:/home/user/.m2/repository/com/fasterxml/jackson/core/jackson-annotations/2.9.9/jackson-annotations-2.9.9.jar:/home/user/.m2/repository/org/apache/hadoop/hadoop-hdds-common/0.5.0-SNAPSHOT/hadoop-hdds-common-0.5.0-SNAPSHOT.jar:/home/user/.m2/repository/javax/annotation/javax.annotation-api/1.2/javax.annotation-api-1.2.jar:/home/user/.m2/repository/org/apache/ratis/ratis-server/0.4.0/ratis-server-0.4.0.jar:/home/user/.m2/repository/org/apache/ratis/ratis-thirdparty-misc/0.2.0/ratis-thirdparty-misc-0.2.0.jar:/home/user/.m2/repository/org/apache/ratis/ratis-proto/0.4.0/ratis-proto-0.4.0.jar:/home/user/.m2/repository/org/apache/ratis/ratis-common/0.4.0/ratis-common-0.4.0.jar:/home/user/.m2/repository/org/apache/ratis/ratis-client/0.4.0/ratis-client-0.4.0.jar:/home/user/.m2/repository/org/apache/ratis/ratis-metrics/0.4.0/ratis-metrics-0.4.0.jar:/home/user/.m2/repository/com/github/joshelser/dropwizard-metrics-hadoop-metrics2-reporter/0.1.2/dropwizard-metrics-hadoop-metrics2-reporter-0.1.2.jar:/home/user/.m2/repository/io/dropwizard/metrics/metrics-jvm/3.2.5/metrics-jvm-3.2.5.jar:/home/user/.m2/repository/io/dropwizard/metrics/metrics-ganglia/3.2.5/metrics-ganglia-3.2.5.jar:/home/user/.m2/repository/info/ganglia/gmetric4j/gmetric4j/1.0.7/gmetric4j-1.0.7.jar:/home/user/.m2/repository/org/apache/ratis/ratis-netty/0.4.0/ratis-netty-0.4.0.jar:/home/user/.m2/repository/org/apache/ratis/ratis-grpc/0.4.0/ratis-grpc-0.4.0.jar:/home/user/.m2/repository/org/rocksdb/rocksdbjni/6.0.1/rocksdbjni-6.0.1.jar:/home/user/.m2/repository/org/apache/logging/log4j/log4j-api/2.11.0/log4j-api-2.11.0.jar:/home/user/.m2/repository/org/apache/logging/log4j/log4j-core/2.11.0/log4j-core-2.11.0.jar:/home/user/.m2/repository/com/lmax/disruptor/3.4.2/disruptor-3.4.2.jar:/home/user/.m2/repository/org/apache/commons/commons-pool2/2.6.0/commons-pool2-2.6.0.jar:/home/user/.m2/repository/org/bouncycastle/bcpkix-jdk15on/1.60/bcpkix-jdk15on-1.60.jar:/home/user/.m2/repository/commons-validator/commons-validator/1.6/commons-validator-1.6.jar:/home/user/.m2/repository/commons-digester/commons-digester/1.8.1/commons-digester-1.8.1.jar:/home/user/.m2/repository/io/jaegertracing/jaeger-client/0.34.0/jaeger-client-0.34.0.jar:/home/user/.m2/repository/io/jaegertracing/jaeger-thrift/0.34.0/jaeger-thrift-0.34.0.jar:/home/user/.m2/repository/org/apache/thrift/libthrift/0.12.0/libthrift-0.12.0.jar:/home/user/.m2/repository/com/squareup/okhttp3/okhttp/3.9.0/okhttp-3.9.0.jar:/home/user/.m2/repository/com/squareup/okio/okio/1.13.0/okio-1.13.0.jar:/home/user/.m2/repository/io/jaegertracing/jaeger-core/0.34.0/jaeger-core-0.34.0.jar:/home/user/.m2/repository/io/jaegertracing/jaeger-tracerresolver/0.34.0/jaeger-tracerresolver-0.34.0.jar:/home/user/.m2/repository/io/opentracing/contrib/opentracing-tracerresolver/0.1.5/opentracing-tracerresolver-0.1.5.jar:/home/user/.m2/repository/io/opentracing/opentracing-util/0.31.0/opentracing-util-0.31.0.jar:/home/user/.m2/repository/io/opentracing/opentracing-api/0.31.0/opentracing-api-0.31.0.jar:/home/user/.m2/repository/io/opentracing/opentracing-noop/0.31.0/opentracing-noop-0.31.0.jar:/home/user/.m2/repository/org/apache/hadoop/hadoop-hdds-server-framework/0.5.0-SNAPSHOT/hadoop-hdds-server-framework-0.5.0-SNAPSHOT.jar:/home/user/.m2/repository/org/apache/hadoop/hadoop-hdds-container-service/0.5.0-SNAPSHOT/hadoop-hdds-container-service-0.5.0-SNAPSHOT.jar:/home/user/.m2/repository/org/apache/hadoop/hadoop-hdds-client/0.5.0-SNAPSHOT/hadoop-hdds-client-0.5.0-SNAPSHOT.jar:/home/user/.m2/repository/org/apache/hadoop/hadoop-hdds-tools/0.5.0-SNAPSHOT/hadoop-hdds-tools-0.5.0-SNAPSHOT.jar:/home/user/.m2/repository/org/apache/hadoop/hadoop-hdds-server-scm/0.5.0-SNAPSHOT/hadoop-hdds-server-scm-0.5.0-SNAPSHOT.jar:/home/user/.m2/repository/org/apache/hadoop/hadoop-hdds-docs/0.5.0-SNAPSHOT/hadoop-hdds-docs-0.5.0-SNAPSHOT.jar:/home/user/.m2/repository/io/dropwizard/metrics/metrics-core/3.2.4/metrics-core-3.2.4.jar:/home/user/.m2/repository/org/hamcrest/hamcrest-all/1.3/hamcrest-all-1.3.jar:/home/user/.m2/repository/org/bouncycastle/bcprov-jdk15on/1.60/bcprov-jdk15on-1.60.jar:/home/user/.m2/repository/info/picocli/picocli/3.9.6/picocli-3.9.6.jar:/home/user/.m2/repository/com/google/protobuf/protobuf-java/2.5.0/protobuf-java-2.5.0.jar:/home/user/.m2/repository/com/google/guava/guava/11.0.2/guava-11.0.2.jar:/home/user/.m2/repository/org/apache/hadoop/hadoop-ozone-ozone-manager/0.5.0-SNAPSHOT/hadoop-ozone-ozone-manager-0.5.0-SNAPSHOT.jar:/home/user/.m2/repository/org/apache/hadoop/hadoop-minikdc/3.2.0/hadoop-minikdc-3.2.0.jar:/home/user/.m2/repository/commons-io/commons-io/2.5/commons-io-2.5.jar:/home/user/.m2/repository/org/apache/kerby/kerb-simplekdc/1.0.1/kerb-simplekdc-1.0.1.jar:/home/user/.m2/repository/org/apache/kerby/kerb-client/1.0.1/kerb-client-1.0.1.jar:/home/user/.m2/repository/org/apache/kerby/kerby-config/1.0.1/kerby-config-1.0.1.jar:/home/user/.m2/repository/org/apache/kerby/kerb-core/1.0.1/kerb-core-1.0.1.jar:/home/user/.m2/repository/org/apache/kerby/kerby-pkix/1.0.1/kerby-pkix-1.0.1.jar:/home/user/.m2/repository/org/apache/kerby/kerby-asn1/1.0.1/kerby-asn1-1.0.1.jar:/home/user/.m2/repository/org/apache/kerby/kerby-util/1.0.1/kerby-util-1.0.1.jar:/home/user/.m2/repository/org/apache/kerby/kerb-common/1.0.1/kerb-common-1.0.1.jar:/home/user/.m2/repository/org/apache/kerby/kerb-crypto/1.0.1/kerb-crypto-1.0.1.jar:/home/user/.m2/repository/org/apache/kerby/kerb-util/1.0.1/kerb-util-1.0.1.jar:/home/user/.m2/repository/org/apache/kerby/token-provider/1.0.1/token-provider-1.0.1.jar:/home/user/.m2/repository/org/apache/kerby/kerb-admin/1.0.1/kerb-admin-1.0.1.jar:/home/user/.m2/repository/org/apache/kerby/kerb-server/1.0.1/kerb-server-1.0.1.jar:/home/user/.m2/repository/org/apache/kerby/kerb-identity/1.0.1/kerb-identity-1.0.1.jar:/home/user/.m2/repository/org/apache/kerby/kerby-xdr/1.0.1/kerby-xdr-1.0.1.jar:/home/user/.m2/repository/org/slf4j/slf4j-log4j12/1.7.25/slf4j-log4j12-1.7.25.jar:/home/user/.m2/repository/org/apache/hadoop/hadoop-ozone-s3gateway/0.5.0-SNAPSHOT/hadoop-ozone-s3gateway-0.5.0-SNAPSHOT.jar:/home/user/.m2/repository/org/jboss/weld/servlet/weld-servlet/2.4.7.Final/weld-servlet-2.4.7.Final.jar:/home/user/.m2/repository/org/glassfish/jersey/containers/jersey-container-servlet-core/2.27/jersey-container-servlet-core-2.27.jar:/home/user/.m2/repository/org/glassfish/hk2/external/javax.inject/2.5.0-b42/javax.inject-2.5.0-b42.jar:/home/user/.m2/repository/org/glassfish/jersey/core/jersey-common/2.27/jersey-common-2.27.jar:/home/user/.m2/repository/org/glassfish/hk2/osgi-resource-locator/1.0.1/osgi-resource-locator-1.0.1.jar:/home/user/.m2/repository/javax/ws/rs/javax.ws.rs-api/2.1/javax.ws.rs-api-2.1.jar:/home/user/.m2/repository/org/glassfish/jersey/ext/cdi/jersey-cdi1x/2.27/jersey-cdi1x-2.27.jar:/home/user/.m2/repository/org/glassfish/jersey/inject/jersey-hk2/2.27/jersey-hk2-2.27.jar:/home/user/.m2/repository/org/glassfish/hk2/hk2-locator/2.5.0-b42/hk2-locator-2.5.0-b42.jar:/home/user/.m2/repository/org/javassist/javassist/3.22.0-CR2/javassist-3.22.0-CR2.jar:/home/user/.m2/repository/org/glassfish/hk2/hk2-api/2.5.0/hk2-api-2.5.0.jar:/home/user/.m2/repository/org/glassfish/hk2/external/jakarta.inject/2.5.0/jakarta.inject-2.5.0.jar:/home/user/.m2/repository/org/glassfish/hk2/hk2-utils/2.5.0/hk2-utils-2.5.0.jar:/home/user/.m2/repository/jakarta/annotation/jakarta.annotation-api/1.3.4/jakarta.annotation-api-1.3.4.jar:/home/user/.m2/repository/org/glassfish/hk2/external/aopalliance-repackaged/2.5.0/aopalliance-repackaged-2.5.0.jar:/home/user/.m2/repository/com/fasterxml/jackson/dataformat/jackson-dataformat-xml/2.9.0/jackson-dataformat-xml-2.9.0.jar:/home/user/.m2/repository/com/fasterxml/jackson/core/jackson-core/2.9.9/jackson-core-2.9.9.jar:/home/user/.m2/repository/com/fasterxml/jackson/module/jackson-module-jaxb-annotations/2.9.9/jackson-module-jaxb-annotations-2.9.9.jar:/home/user/.m2/repository/javax/enterprise/cdi-api/1.2/cdi-api-1.2.jar:/home/user/.m2/repository/javax/el/javax.el-api/3.0.0/javax.el-api-3.0.0.jar:/home/user/.m2/repository/javax/interceptor/javax.interceptor-api/1.2/javax.interceptor-api-1.2.jar:/home/user/.m2/repository/javax/inject/javax.inject/1/javax.inject-1.jar:/home/user/.m2/repository/com/sun/xml/bind/jaxb-impl/2.3.0.1/jaxb-impl-2.3.0.1.jar:/home/user/.m2/repository/com/sun/xml/bind/jaxb-core/2.3.0.1/jaxb-core-2.3.0.1.jar:/home/user/.m2/repository/javax/xml/bind/jaxb-api/2.3.0/jaxb-api-2.3.0.jar:/home/user/.m2/repository/javax/activation/activation/1.1.1/activation-1.1.1.jar:/home/user/.m2/repository/org/apache/hadoop/hadoop-ozone-csi/0.5.0-SNAPSHOT/hadoop-ozone-csi-0.5.0-SNAPSHOT.jar:/home/user/.m2/repository/com/google/protobuf/protobuf-java-util/3.5.1/protobuf-java-util-3.5.1.jar:/home/user/.m2/repository/org/apache/hadoop/hadoop-hdds-config/0.5.0-SNAPSHOT/hadoop-hdds-config-0.5.0-SNAPSHOT.jar:/home/user/.m2/repository/io/grpc/grpc-netty/1.17.1/grpc-netty-1.17.1.jar:/home/user/.m2/repository/io/grpc/grpc-core/1.17.1/grpc-core-1.17.1.jar:/home/user/.m2/repository/io/grpc/grpc-context/1.17.1/grpc-context-1.17.1.jar:/home/user/.m2/repository/com/google/errorprone/error_prone_annotations/2.2.0/error_prone_annotations-2.2.0.jar:/home/user/.m2/repository/org/codehaus/mojo/animal-sniffer-annotations/1.17/animal-sniffer-annotations-1.17.jar:/home/user/.m2/repository/io/opencensus/opencensus-api/0.17.0/opencensus-api-0.17.0.jar:/home/user/.m2/repository/io/opencensus/opencensus-contrib-grpc-metrics/0.17.0/opencensus-contrib-grpc-metrics-0.17.0.jar:/home/user/.m2/repository/io/netty/netty-codec-http2/4.1.30.Final/netty-codec-http2-4.1.30.Final.jar:/home/user/.m2/repository/io/netty/netty-codec-http/4.1.30.Final/netty-codec-http-4.1.30.Final.jar:/home/user/.m2/repository/io/netty/netty-codec/4.1.30.Final/netty-codec-4.1.30.Final.jar:/home/user/.m2/repository/io/netty/netty-handler/4.1.30.Final/netty-handler-4.1.30.Final.jar:/home/user/.m2/repository/io/netty/netty-handler-proxy/4.1.30.Final/netty-handler-proxy-4.1.30.Final.jar:/home/user/.m2/repository/io/netty/netty-codec-socks/4.1.30.Final/netty-codec-socks-4.1.30.Final.jar:/home/user/.m2/repository/io/netty/netty-transport-native-epoll/4.1.30.Final/netty-transport-native-epoll-4.1.30.Final.jar:/home/user/.m2/repository/io/netty/netty-common/4.1.30.Final/netty-common-4.1.30.Final.jar:/home/user/.m2/repository/io/netty/netty-buffer/4.1.30.Final/netty-buffer-4.1.30.Final.jar:/home/user/.m2/repository/io/netty/netty-transport/4.1.30.Final/netty-transport-4.1.30.Final.jar:/home/user/.m2/repository/io/netty/netty-resolver/4.1.30.Final/netty-resolver-4.1.30.Final.jar:/home/user/.m2/repository/io/netty/netty-transport-native-unix-common/4.1.30.Final/netty-transport-native-unix-common-4.1.30.Final.jar:/home/user/.m2/repository/io/grpc/grpc-protobuf/1.17.1/grpc-protobuf-1.17.1.jar:/home/user/.m2/repository/com/google/api/grpc/proto-google-common-protos/1.0.0/proto-google-common-protos-1.0.0.jar:/home/user/.m2/repository/io/grpc/grpc-protobuf-lite/1.17.1/grpc-protobuf-lite-1.17.1.jar:/home/user/.m2/repository/io/grpc/grpc-stub/1.17.1/grpc-stub-1.17.1.jar:/home/user/.m2/repository/org/apache/hadoop/hadoop-ozone-recon/0.5.0-SNAPSHOT/hadoop-ozone-recon-0.5.0-SNAPSHOT.jar:/home/user/.m2/repository/org/apache/hadoop/hadoop-ozone-reconcodegen/0.5.0-SNAPSHOT/hadoop-ozone-reconcodegen-0.5.0-SNAPSHOT.jar:/home/user/.m2/repository/com/google/inject/extensions/guice-multibindings/4.0/guice-multibindings-4.0.jar:/home/user/.m2/repository/com/google/inject/guice/4.0/guice-4.0.jar:/home/user/.m2/repository/aopalliance/aopalliance/1.0/aopalliance-1.0.jar:/home/user/.m2/repository/com/google/inject/extensions/guice-servlet/4.0/guice-servlet-4.0.jar:/home/user/.m2/repository/org/glassfish/jersey/containers/jersey-container-servlet/2.27/jersey-container-servlet-2.27.jar:/home/user/.m2/repository/org/glassfish/hk2/guice-bridge/2.5.0/guice-bridge-2.5.0.jar:/home/user/.m2/repository/org/glassfish/jersey/core/jersey-server/2.27/jersey-server-2.27.jar:/home/user/.m2/repository/org/glassfish/jersey/core/jersey-client/2.27/jersey-client-2.27.jar:/home/user/.m2/repository/org/glassfish/jersey/media/jersey-media-jaxb/2.27/jersey-media-jaxb-2.27.jar:/home/user/.m2/repository/javax/validation/validation-api/1.1.0.Final/validation-api-1.1.0.Final.jar:/home/user/.m2/repository/org/glassfish/jersey/media/jersey-media-json-jackson/2.27/jersey-media-json-jackson-2.27.jar:/home/user/.m2/repository/org/glassfish/jersey/ext/jersey-entity-filtering/2.27/jersey-entity-filtering-2.27.jar:/home/user/.m2/repository/com/google/inject/extensions/guice-assistedinject/4.0/guice-assistedinject-4.0.jar:/home/user/.m2/repository/org/jooq/jooq/3.11.10/jooq-3.11.10.jar:/home/user/.m2/repository/org/jooq/jooq-meta/3.11.10/jooq-meta-3.11.10.jar:/home/user/.m2/repository/org/jooq/jooq-codegen/3.11.10/jooq-codegen-3.11.10.jar:/home/user/.m2/repository/com/jolbox/bonecp/0.8.0.RELEASE/bonecp-0.8.0.RELEASE.jar:/home/user/.m2/repository/org/xerial/sqlite-jdbc/3.25.2/sqlite-jdbc-3.25.2.jar:/home/user/.m2/repository/org/springframework/spring-jdbc/5.1.3.RELEASE/spring-jdbc-5.1.3.RELEASE.jar:/home/user/.m2/repository/org/springframework/spring-beans/5.1.3.RELEASE/spring-beans-5.1.3.RELEASE.jar:/home/user/.m2/repository/org/springframework/spring-core/5.1.3.RELEASE/spring-core-5.1.3.RELEASE.jar:/home/user/.m2/repository/org/springframework/spring-jcl/5.1.3.RELEASE/spring-jcl-5.1.3.RELEASE.jar:/home/user/.m2/repository/org/springframework/spring-tx/5.1.3.RELEASE/spring-tx-5.1.3.RELEASE.jar:/home/user/.m2/repository/org/apache/hadoop/hadoop-ozone-client/0.5.0-SNAPSHOT/hadoop-ozone-client-0.5.0-SNAPSHOT.jar:/home/user/.m2/repository/commons-lang/commons-lang/2.6/commons-lang-2.6.jar:/home/user/.m2/repository/org/apache/hadoop/hadoop-ozone-ozone-manager/0.5.0-SNAPSHOT/hadoop-ozone-ozone-manager-0.5.0-SNAPSHOT-tests.jar:/home/user/.m2/repository/junit/junit/4.11/junit-4.11.jar:/home/user/.m2/repository/org/hamcrest/hamcrest-core/1.3/hamcrest-core-1.3.jar:/home/user/.m2/repository/org/openjdk/jmh/jmh-core/1.19/jmh-core-1.19.jar:/home/user/.m2/repository/net/sf/jopt-simple/jopt-simple/4.6/jopt-simple-4.6.jar:/home/user/.m2/repository/org/apache/commons/commons-math3/3.1.1/commons-math3-3.1.1.jar:/home/user/.m2/repository/org/openjdk/jmh/jmh-generator-annprocess/1.19/jmh-generator-annprocess-1.19.jar:/home/user/.m2/repository/org/mockito/mockito-all/1.8.5/mockito-all-1.8.5.jar:/home/user/.m2/repository/org/apache/hadoop/hadoop-kms/3.2.0/hadoop-kms-3.2.0.jar:/home/user/.m2/repository/org/apache/hadoop/hadoop-auth/3.2.0/hadoop-auth-3.2.0.jar:/home/user/.m2/repository/com/nimbusds/nimbus-jose-jwt/4.41.1/nimbus-jose-jwt-4.41.1.jar:/home/user/.m2/repository/com/github/stephenc/jcip/jcip-annotations/1.0-1/jcip-annotations-1.0-1.jar:/home/user/.m2/repository/net/minidev/json-smart/2.3/json-smart-2.3.jar:/home/user/.m2/repository/net/minidev/accessors-smart/1.2/accessors-smart-1.2.jar:/home/user/.m2/repository/org/ow2/asm/asm/5.0.4/asm-5.0.4.jar:/home/user/.m2/repository/org/apache/curator/curator-framework/2.12.0/curator-framework-2.12.0.jar:/home/user/.m2/repository/com/sun/jersey/jersey-core/1.19/jersey-core-1.19.jar:/home/user/.m2/repository/javax/ws/rs/jsr311-api/1.1.1/jsr311-api-1.1.1.jar:/home/user/.m2/repository/com/sun/jersey/jersey-server/1.19/jersey-server-1.19.jar:/home/user/.m2/repository/javax/servlet/javax.servlet-api/3.1.0/javax.servlet-api-3.1.0.jar:/home/user/.m2/repository/org/eclipse/jetty/jetty-server/9.3.25.v20180904/jetty-server-9.3.25.v20180904.jar:/home/user/.m2/repository/org/eclipse/jetty/jetty-http/9.3.25.v20180904/jetty-http-9.3.25.v20180904.jar:/home/user/.m2/repository/org/eclipse/jetty/jetty-io/9.3.25.v20180904/jetty-io-9.3.25.v20180904.jar:/home/user/.m2/repository/org/eclipse/jetty/jetty-webapp/9.3.25.v20180904/jetty-webapp-9.3.25.v20180904.jar:/home/user/.m2/repository/org/eclipse/jetty/jetty-xml/9.3.25.v20180904/jetty-xml-9.3.25.v20180904.jar:/home/user/.m2/repository/log4j/log4j/1.2.17/log4j-1.2.17.jar:/home/user/.m2/repository/org/slf4j/slf4j-api/1.7.25/slf4j-api-1.7.25.jar:/home/user/.m2/repository/org/slf4j/jul-to-slf4j/1.7.25/jul-to-slf4j-1.7.25.jar:/home/user/.m2/repository/org/eclipse/jetty/jetty-util/9.3.25.v20180904/jetty-util-9.3.25.v20180904.jar:/home/user/.m2/repository/com/fasterxml/jackson/core/jackson-databind/2.9.9/jackson-databind-2.9.9.jar:/home/user/.m2/repository/org/apache/hadoop/hadoop-kms/3.2.0/hadoop-kms-3.2.0-tests.jar:/home/user/.m2/repository/org/apache/hadoop/hadoop-hdds-server-scm/0.5.0-SNAPSHOT/hadoop-hdds-server-scm-0.5.0-SNAPSHOT-tests.jar:/home/user/.m2/repository/org/apache/hadoop/hadoop-hdds-container-service/0.5.0-SNAPSHOT/hadoop-hdds-container-service-0.5.0-SNAPSHOT-tests.jar:/home/user/.m2/repository/org/yaml/snakeyaml/1.16/snakeyaml-1.16.jar:/home/user/.m2/repository/org/apache/hadoop/hadoop-common/3.2.0/hadoop-common-3.2.0-tests.jar:/home/user/.m2/repository/org/apache/hadoop/hadoop-annotations/3.2.0/hadoop-annotations-3.2.0.jar:/usr/lib/jvm/java-1.8-openjdk/jre/../lib/tools.jar:/home/user/.m2/repository/commons-cli/commons-cli/1.2/commons-cli-1.2.jar:/home/user/.m2/repository/org/apache/httpcomponents/httpclient/4.5.2/httpclient-4.5.2.jar:/home/user/.m2/repository/org/apache/httpcomponents/httpcore/4.4.4/httpcore-4.4.4.jar:/home/user/.m2/repository/commons-codec/commons-codec/1.11/commons-codec-1.11.jar:/home/user/.m2/repository/commons-net/commons-net/3.6/commons-net-3.6.jar:/home/user/.m2/repository/commons-collections/commons-collections/3.2.2/commons-collections-3.2.2.jar:/home/user/.m2/repository/org/eclipse/jetty/jetty-servlet/9.3.25.v20180904/jetty-servlet-9.3.25.v20180904.jar:/home/user/.m2/repository/org/eclipse/jetty/jetty-security/9.3.25.v20180904/jetty-security-9.3.25.v20180904.jar:/home/user/.m2/repository/javax/servlet/jsp/jsp-api/2.1/jsp-api-2.1.jar:/home/user/.m2/repository/com/sun/jersey/jersey-servlet/1.19/jersey-servlet-1.19.jar:/home/user/.m2/repository/com/sun/jersey/jersey-json/1.19/jersey-json-1.19.jar:/home/user/.m2/repository/org/codehaus/jettison/jettison/1.1/jettison-1.1.jar:/home/user/.m2/repository/org/codehaus/jackson/jackson-core-asl/1.9.13/jackson-core-asl-1.9.13.jar:/home/user/.m2/repository/org/codehaus/jackson/jackson-mapper-asl/1.9.13/jackson-mapper-asl-1.9.13.jar:/home/user/.m2/repository/org/codehaus/jackson/jackson-jaxrs/1.9.13/jackson-jaxrs-1.9.13.jar:/home/user/.m2/repository/org/codehaus/jackson/jackson-xc/1.9.13/jackson-xc-1.9.13.jar:/home/user/.m2/repository/commons-logging/commons-logging/1.1.3/commons-logging-1.1.3.jar:/home/user/.m2/repository/commons-beanutils/commons-beanutils/1.9.4/commons-beanutils-1.9.4.jar:/home/user/.m2/repository/org/apache/commons/commons-configuration2/2.1.1/commons-configuration2-2.1.1.jar:/home/user/.m2/repository/org/apache/commons/commons-lang3/3.7/commons-lang3-3.7.jar:/home/user/.m2/repository/org/apache/commons/commons-text/1.4/commons-text-1.4.jar:/home/user/.m2/repository/org/apache/avro/avro/1.7.7/avro-1.7.7.jar:/home/user/.m2/repository/com/thoughtworks/paranamer/paranamer/2.3/paranamer-2.3.jar:/home/user/.m2/repository/org/xerial/snappy/snappy-java/1.0.5/snappy-java-1.0.5.jar:/home/user/.m2/repository/com/google/re2j/re2j/1.1/re2j-1.1.jar:/home/user/.m2/repository/com/google/code/gson/gson/2.2.4/gson-2.2.4.jar:/home/user/.m2/repository/com/jcraft/jsch/0.1.54/jsch-0.1.54.jar:/home/user/.m2/repository/org/apache/curator/curator-client/2.12.0/curator-client-2.12.0.jar:/home/user/.m2/repository/org/apache/curator/curator-recipes/2.12.0/curator-recipes-2.12.0.jar:/home/user/.m2/repository/com/google/code/findbugs/jsr305/3.0.0/jsr305-3.0.0.jar:/home/user/.m2/repository/org/apache/htrace/htrace-core4/4.1.0-incubating/htrace-core4-4.1.0-incubating.jar:/home/user/.m2/repository/org/apache/zookeeper/zookeeper/3.4.13/zookeeper-3.4.13.jar:/home/user/.m2/repository/jline/jline/0.9.94/jline-0.9.94.jar:/home/user/.m2/repository/org/apache/yetus/audience-annotations/0.5.0/audience-annotations-0.5.0.jar:/home/user/.m2/repository/org/codehaus/woodstox/stax2-api/3.1.4/stax2-api-3.1.4.jar:/home/user/.m2/repository/com/fasterxml/woodstox/woodstox-core/5.0.3/woodstox-core-5.0.3.jar:/home/user/.m2/repository/dnsjava/dnsjava/2.1.7/dnsjava-2.1.7.jar:/home/user/.m2/repository/org/apache/hadoop/hadoop-hdfs/3.2.0/hadoop-hdfs-3.2.0-tests.jar:/home/user/.m2/repository/org/eclipse/jetty/jetty-util-ajax/9.3.25.v20180904/jetty-util-ajax-9.3.25.v20180904.jar:/home/user/.m2/repository/commons-daemon/commons-daemon/1.0.13/commons-daemon-1.0.13.jar:/home/user/.m2/repository/io/netty/netty/3.10.5.Final/netty-3.10.5.Final.jar:/home/user/.m2/repository/io/netty/netty-all/4.0.52.Final/netty-all-4.0.52.Final.jar:/home/user/.m2/repository/org/fusesource/leveldbjni/leveldbjni-all/1.8/leveldbjni-all-1.8.jar:"/>
    <property name="sun.cpu.endian" value="little"/>
    <property name="user.home" value="/home/user"/>
    <property name="user.language" value="en"/>
    <property name="java.specification.vendor" value="Oracle Corporation"/>
    <property name="java.home" value="/usr/lib/jvm/java-1.8-openjdk/jre"/>
    <property name="java.security.krb5.conf" value="/workdir/hadoop-ozone/integration-test/target/test-classes/krb5.conf"/>
    <property name="basedir" value="/workdir/hadoop-ozone/integration-test"/>
    <property name="file.separator" value="/"/>
    <property name="line.separator" value="&#10;"/>
    <property name="java.vm.specification.vendor" value="Oracle Corporation"/>
    <property name="java.specification.name" value="Java Platform API Specification"/>
    <property name="java.awt.graphicsenv" value="sun.awt.X11GraphicsEnvironment"/>
    <property name="surefire.real.class.path" value="/workdir/hadoop-ozone/integration-test/target/surefire/surefirebooter8952848831588111131.jar"/>
    <property name="hadoop.log.dir" value="/workdir/hadoop-ozone/integration-test/target/log"/>
    <property name="sun.boot.class.path" value="/usr/lib/jvm/java-1.8-openjdk/jre/lib/resources.jar:/usr/lib/jvm/java-1.8-openjdk/jre/lib/rt.jar:/usr/lib/jvm/java-1.8-openjdk/jre/lib/sunrsasign.jar:/usr/lib/jvm/java-1.8-openjdk/jre/lib/jsse.jar:/usr/lib/jvm/java-1.8-openjdk/jre/lib/jce.jar:/usr/lib/jvm/java-1.8-openjdk/jre/lib/charsets.jar:/usr/lib/jvm/java-1.8-openjdk/jre/lib/jfr.jar:/usr/lib/jvm/java-1.8-openjdk/jre/classes"/>
    <property name="sun.management.compiler" value="HotSpot 64-Bit Tiered Compilers"/>
    <property name="java.runtime.version" value="1.8.0_212-b04"/>
    <property name="java.net.preferIPv4Stack" value="true"/>
    <property name="user.name" value="jenkins1000"/>
    <property name="path.separator" value=":"/>
    <property name="java.security.egd" value="file:///dev/urandom"/>
    <property name="os.version" value="3.10.0-957.12.2.el7.x86_64"/>
    <property name="java.endorsed.dirs" value="/usr/lib/jvm/java-1.8-openjdk/jre/lib/endorsed"/>
    <property name="java.runtime.name" value="OpenJDK Runtime Environment"/>
    <property name="file.encoding" value="UTF-8"/>
    <property name="java.vm.name" value="OpenJDK 64-Bit Server VM"/>
    <property name="test.build.webapps" value=""/>
    <property name="localRepository" value="/home/user/.m2/repository"/>
    <property name="java.vendor.url.bug" value="https://icedtea.classpath.org/bugzilla"/>
    <property name="java.io.tmpdir" value="/tmp"/>
    <property name="require.test.libhadoop" value=""/>
    <property name="java.version" value="1.8.0_212"/>
    <property name="user.dir" value="/workdir/hadoop-ozone/integration-test"/>
    <property name="os.arch" value="amd64"/>
    <property name="java.vm.specification.name" value="Java Virtual Machine Specification"/>
    <property name="test.build.classes" value="/workdir/hadoop-ozone/integration-test/target/test-classes"/>
    <property name="java.awt.printerjob" value="sun.print.PSPrinterJob"/>
    <property name="sun.os.patch.level" value="unknown"/>
    <property name="hadoop.tmp.dir" value="/workdir/hadoop-ozone/integration-test/target/tmp"/>
    <property name="java.library.path" value="/usr/lib/jvm/java-1.8-openjdk/jre/lib/amd64/server:/usr/lib/jvm/java-1.8-openjdk/jre/lib/amd64:/usr/lib/jvm/java-1.8-openjdk/jre/../lib/amd64:/workdir/hadoop-ozone/integration-test/target/native/target/usr/local/lib:/workdir/hadoop-ozone/integration-test/../../hadoop-common-project/hadoop-common/target/native/target/usr/local/lib:/usr/java/packages/lib/amd64:/usr/lib64:/lib64:/lib:/usr/lib"/>
    <property name="java.vm.info" value="mixed mode"/>
    <property name="java.vendor" value="IcedTea"/>
    <property name="java.vm.version" value="25.212-b04"/>
    <property name="java.ext.dirs" value="/usr/lib/jvm/java-1.8-openjdk/jre/lib/ext:/usr/java/packages/lib/ext"/>
    <property name="sun.io.unicode.encoding" value="UnicodeLittle"/>
    <property name="java.class.version" value="52.0"/>
  </properties>
  <testcase name="org.apache.hadoop.ozone.client.rpc.TestOzoneAtRestEncryption" classname="org.apache.hadoop.ozone.client.rpc.TestOzoneAtRestEncryption" time="148.366">
    <error message="Connection refused" type="java.net.ConnectException"><![CDATA[java.net.ConnectException: Connection refused
	at sun.nio.ch.SocketChannelImpl.checkConnect(Native Method)
	at sun.nio.ch.SocketChannelImpl.finishConnect(SocketChannelImpl.java:717)
	at org.apache.hadoop.net.SocketIOWithTimeout.connect(SocketIOWithTimeout.java:206)
	at org.apache.hadoop.net.NetUtils.connect(NetUtils.java:531)
	at org.apache.hadoop.ipc.Client$Connection.setupConnection(Client.java:690)
	at org.apache.hadoop.ipc.Client$Connection.setupIOstreams(Client.java:794)
	at org.apache.hadoop.ipc.Client$Connection.access$3700(Client.java:411)
	at org.apache.hadoop.ipc.Client.getConnection(Client.java:1572)
	at org.apache.hadoop.ipc.Client.call(Client.java:1403)
	at org.apache.hadoop.ipc.Client.call(Client.java:1367)
	at org.apache.hadoop.ipc.ProtobufRpcEngine$Invoker.invoke(ProtobufRpcEngine.java:228)
	at org.apache.hadoop.ipc.ProtobufRpcEngine$Invoker.invoke(ProtobufRpcEngine.java:116)
	at com.sun.proxy.$Proxy85.submitRequest(Unknown Source)
	at sun.reflect.NativeMethodAccessorImpl.invoke0(Native Method)
	at sun.reflect.NativeMethodAccessorImpl.invoke(NativeMethodAccessorImpl.java:62)
	at sun.reflect.DelegatingMethodAccessorImpl.invoke(DelegatingMethodAccessorImpl.java:43)
	at java.lang.reflect.Method.invoke(Method.java:498)
	at org.apache.hadoop.io.retry.RetryInvocationHandler.invokeMethod(RetryInvocationHandler.java:422)
	at org.apache.hadoop.io.retry.RetryInvocationHandler$Call.invokeMethod(RetryInvocationHandler.java:165)
	at org.apache.hadoop.io.retry.RetryInvocationHandler$Call.invoke(RetryInvocationHandler.java:157)
	at org.apache.hadoop.io.retry.RetryInvocationHandler$Call.invokeOnce(RetryInvocationHandler.java:95)
	at org.apache.hadoop.io.retry.RetryInvocationHandler.invoke(RetryInvocationHandler.java:359)
	at com.sun.proxy.$Proxy85.submitRequest(Unknown Source)
	at org.apache.hadoop.ozone.om.protocolPB.OzoneManagerProtocolClientSideTranslatorPB.submitRequest(OzoneManagerProtocolClientSideTranslatorPB.java:338)
	at org.apache.hadoop.ozone.om.protocolPB.OzoneManagerProtocolClientSideTranslatorPB.getServiceInfo(OzoneManagerProtocolClientSideTranslatorPB.java:1223)
	at sun.reflect.NativeMethodAccessorImpl.invoke0(Native Method)
	at sun.reflect.NativeMethodAccessorImpl.invoke(NativeMethodAccessorImpl.java:62)
	at sun.reflect.DelegatingMethodAccessorImpl.invoke(DelegatingMethodAccessorImpl.java:43)
	at java.lang.reflect.Method.invoke(Method.java:498)
	at org.apache.hadoop.hdds.tracing.TraceAllMethod.invoke(TraceAllMethod.java:66)
	at com.sun.proxy.$Proxy86.getServiceInfo(Unknown Source)
	at org.apache.hadoop.ozone.client.rpc.RpcClient.<init>(RpcClient.java:154)
	at org.apache.hadoop.ozone.client.OzoneClientFactory.getClientProtocol(OzoneClientFactory.java:256)
	at org.apache.hadoop.ozone.client.OzoneClientFactory.getClientProtocol(OzoneClientFactory.java:239)
	at org.apache.hadoop.ozone.client.OzoneClientFactory.getRpcClient(OzoneClientFactory.java:203)
	at org.apache.hadoop.ozone.client.rpc.TestOzoneAtRestEncryption.init(TestOzoneAtRestEncryption.java:115)
	at sun.reflect.NativeMethodAccessorImpl.invoke0(Native Method)
	at sun.reflect.NativeMethodAccessorImpl.invoke(NativeMethodAccessorImpl.java:62)
	at sun.reflect.DelegatingMethodAccessorImpl.invoke(DelegatingMethodAccessorImpl.java:43)
	at java.lang.reflect.Method.invoke(Method.java:498)
	at org.junit.runners.model.FrameworkMethod$1.runReflectiveCall(FrameworkMethod.java:47)
	at org.junit.internal.runners.model.ReflectiveCallable.run(ReflectiveCallable.java:12)
	at org.junit.runners.model.FrameworkMethod.invokeExplosively(FrameworkMethod.java:44)
	at org.junit.internal.runners.statements.RunBefores.evaluate(RunBefores.java:24)
	at org.junit.internal.runners.statements.RunAfters.evaluate(RunAfters.java:27)
	at org.junit.runners.ParentRunner.run(ParentRunner.java:309)
	at org.apache.maven.surefire.junit4.JUnit4Provider.execute(JUnit4Provider.java:365)
	at org.apache.maven.surefire.junit4.JUnit4Provider.executeWithRerun(JUnit4Provider.java:273)
	at org.apache.maven.surefire.junit4.JUnit4Provider.executeTestSet(JUnit4Provider.java:238)
	at org.apache.maven.surefire.junit4.JUnit4Provider.invoke(JUnit4Provider.java:159)
	at org.apache.maven.surefire.booter.ForkedBooter.invokeProviderInSameClassLoader(ForkedBooter.java:384)
	at org.apache.maven.surefire.booter.ForkedBooter.runSuitesInProcess(ForkedBooter.java:345)
	at org.apache.maven.surefire.booter.ForkedBooter.execute(ForkedBooter.java:126)
	at org.apache.maven.surefire.booter.ForkedBooter.main(ForkedBooter.java:418)
]]></error>
    <system-out><![CDATA[2019-09-24 03:25:49,653 [main] INFO  util.log (Log.java:initialized(192)) - Logging initialized @1008ms
2019-09-24 03:25:50,124 [main] WARN  http.HttpRequestLog (HttpRequestLog.java:getRequestLog(97)) - Jetty request log can only be enabled using Log4j
2019-09-24 03:25:50,134 [main] INFO  http.HttpServer2 (HttpServer2.java:addGlobalFilter(975)) - Added global filter 'safety' (class=org.apache.hadoop.http.HttpServer2$QuotingInputFilter)
2019-09-24 03:25:50,136 [main] INFO  http.HttpServer2 (HttpServer2.java:addFilter(948)) - Added filter static_user_filter (class=org.apache.hadoop.http.lib.StaticUserWebFilter$StaticUserFilter) to context kms
2019-09-24 03:25:50,136 [main] INFO  http.HttpServer2 (HttpServer2.java:addFilter(958)) - Added filter static_user_filter (class=org.apache.hadoop.http.lib.StaticUserWebFilter$StaticUserFilter) to context logs
2019-09-24 03:25:50,136 [main] INFO  http.HttpServer2 (HttpServer2.java:addFilter(958)) - Added filter static_user_filter (class=org.apache.hadoop.http.lib.StaticUserWebFilter$StaticUserFilter) to context static
2019-09-24 03:25:50,181 [main] INFO  http.HttpServer2 (HttpServer2.java:bindListener(1191)) - Jetty bound to port 46369
2019-09-24 03:25:50,184 [main] INFO  server.Server (Server.java:doStart(351)) - jetty-9.3.25.v20180904, build timestamp: 2018-09-04T21:11:46Z, git hash: 3ce520221d0240229c862b122d2b06c12a625732
2019-09-24 03:25:50,236 [main] INFO  handler.ContextHandler (ContextHandler.java:doStart(781)) - Started o.e.j.s.ServletContextHandler@49c90a9c{/logs,file:///workdir/hadoop-ozone/integration-test/target/log,AVAILABLE}
2019-09-24 03:25:50,237 [main] INFO  handler.ContextHandler (ContextHandler.java:doStart(781)) - Started o.e.j.s.ServletContextHandler@6f36c2f0{/static,jar:file:/home/user/.m2/repository/org/apache/hadoop/hadoop-kms/3.2.0/hadoop-kms-3.2.0.jar!/webapps/static,AVAILABLE}
2019-09-24 03:25:50,396 [main] INFO  server.KMSWebApp (KMSWebApp.java:contextInitialized(88)) - -------------------------------------------------------------
2019-09-24 03:25:50,397 [main] INFO  server.KMSWebApp (KMSWebApp.java:contextInitialized(89)) -   Java runtime version : 1.8.0_212-b04
2019-09-24 03:25:50,397 [main] INFO  server.KMSWebApp (KMSWebApp.java:contextInitialized(91)) -   User: jenkins1000
2019-09-24 03:25:50,400 [main] INFO  server.KMSWebApp (KMSWebApp.java:contextInitialized(92)) -   KMS Hadoop Version: 3.2.0
2019-09-24 03:25:50,400 [main] INFO  server.KMSWebApp (KMSWebApp.java:contextInitialized(93)) - -------------------------------------------------------------
2019-09-24 03:25:50,412 [main] INFO  server.KMSACLs (KMSACLs.java:setKMSACLs(107)) - 'CREATE' ACL '*'
2019-09-24 03:25:50,414 [main] INFO  server.KMSACLs (KMSACLs.java:setKMSACLs(107)) - 'DELETE' ACL '*'
2019-09-24 03:25:50,414 [main] INFO  server.KMSACLs (KMSACLs.java:setKMSACLs(107)) - 'ROLLOVER' ACL '*'
2019-09-24 03:25:50,414 [main] INFO  server.KMSACLs (KMSACLs.java:setKMSACLs(107)) - 'GET' ACL '*'
2019-09-24 03:25:50,414 [main] INFO  server.KMSACLs (KMSACLs.java:setKMSACLs(107)) - 'GET_KEYS' ACL '*'
2019-09-24 03:25:50,415 [main] INFO  server.KMSACLs (KMSACLs.java:setKMSACLs(107)) - 'GET_METADATA' ACL '*'
2019-09-24 03:25:50,415 [main] INFO  server.KMSACLs (KMSACLs.java:setKMSACLs(107)) - 'SET_KEY_MATERIAL' ACL '*'
2019-09-24 03:25:50,415 [main] INFO  server.KMSACLs (KMSACLs.java:setKMSACLs(107)) - 'GENERATE_EEK' ACL '*'
2019-09-24 03:25:50,415 [main] INFO  server.KMSACLs (KMSACLs.java:setKMSACLs(107)) - 'DECRYPT_EEK' ACL '*'
2019-09-24 03:25:50,416 [main] INFO  server.KMSACLs (KMSACLs.java:parseAclsWithPrefix(185)) - default.key.acl. for KEY_OP 'READ' is set to '*'
2019-09-24 03:25:50,417 [main] INFO  server.KMSACLs (KMSACLs.java:parseAclsWithPrefix(185)) - default.key.acl. for KEY_OP 'MANAGEMENT' is set to '*'
2019-09-24 03:25:50,417 [main] INFO  server.KMSACLs (KMSACLs.java:parseAclsWithPrefix(185)) - default.key.acl. for KEY_OP 'GENERATE_EEK' is set to '*'
2019-09-24 03:25:50,417 [main] INFO  server.KMSACLs (KMSACLs.java:parseAclsWithPrefix(185)) - default.key.acl. for KEY_OP 'DECRYPT_EEK' is set to '*'
2019-09-24 03:25:50,530 [main] INFO  server.KMSAudit (KMSAudit.java:initializeAuditLoggers(157)) - Initializing audit logger class org.apache.hadoop.crypto.key.kms.server.SimpleKMSAuditLogger
2019-09-24 03:25:50,760 [main] INFO  server.KMSWebApp (KMSWebApp.java:contextInitialized(143)) - Initialized KeyProvider CachingKeyProvider: jceks://file@/workdir/hadoop-ozone/integration-test/target/test-dir/TestSecureOzoneRpcClient/a14f7fbe-5616-4d92-a9cb-8d23dfe30f86/kms.keystore
2019-09-24 03:25:50,769 [main] INFO  server.KMSWebApp (KMSWebApp.java:contextInitialized(157)) - Initialized KeyProviderCryptoExtension EagerKeyGeneratorKeyProviderCryptoExtension: KeyProviderCryptoExtension: CachingKeyProvider: jceks://file@/workdir/hadoop-ozone/integration-test/target/test-dir/TestSecureOzoneRpcClient/a14f7fbe-5616-4d92-a9cb-8d23dfe30f86/kms.keystore
2019-09-24 03:25:50,769 [main] INFO  server.KMSWebApp (KMSWebApp.java:contextInitialized(162)) - Default key bitlength is 128
2019-09-24 03:25:50,769 [main] INFO  server.KMSWebApp (KMSWebApp.java:contextInitialized(163)) - KMS Started
2019-09-24 03:25:50,799 [main] INFO  delegation.AbstractDelegationTokenSecretManager (AbstractDelegationTokenSecretManager.java:updateCurrentKey(343)) - Updating the current master key for generating delegation tokens
2019-09-24 03:25:50,801 [Thread[Thread-12,5,main]] INFO  delegation.AbstractDelegationTokenSecretManager (AbstractDelegationTokenSecretManager.java:run(675)) - Starting expired delegation token remover thread, tokenRemoverScanInterval=60 min(s)
2019-09-24 03:25:50,801 [Thread[Thread-12,5,main]] INFO  delegation.AbstractDelegationTokenSecretManager (AbstractDelegationTokenSecretManager.java:updateCurrentKey(343)) - Updating the current master key for generating delegation tokens
2019-09-24 03:25:51,973 [main] INFO  handler.ContextHandler (ContextHandler.java:doStart(781)) - Started o.e.j.w.WebAppContext@245a060f{/,file:///workdir/hadoop-ozone/integration-test/target/tmp/kms/webapp/,AVAILABLE}{/kms}
2019-09-24 03:25:51,981 [main] INFO  server.AbstractConnector (AbstractConnector.java:doStart(278)) - Started ServerConnector@a50ae65{HTTP/1.1,[http/1.1]}{localhost:46369}
2019-09-24 03:25:51,981 [main] INFO  server.Server (Server.java:doStart(419)) - Started @3339ms
2019-09-24 03:25:52,044 [main] WARN  impl.MetricsConfig (MetricsConfig.java:loadFirst(134)) - Cannot locate configuration: tried hadoop-metrics2-kms.properties,hadoop-metrics2.properties
2019-09-24 03:25:52,062 [main] INFO  impl.MetricsSystemImpl (MetricsSystemImpl.java:startTimer(374)) - Scheduled Metric snapshot period at 10 second(s).
2019-09-24 03:25:52,062 [main] INFO  impl.MetricsSystemImpl (MetricsSystemImpl.java:start(191)) - KMS metrics system started
2019-09-24 03:25:52,070 [org.apache.hadoop.util.JvmPauseMonitor$Monitor@23e44287] INFO  util.JvmPauseMonitor (JvmPauseMonitor.java:run(188)) - Starting JVM pause monitor
2019-09-24 03:25:53,152 [main] WARN  server.ServerUtils (ServerUtils.java:getScmDbDir(145)) - ozone.scm.db.dirs is not configured. We recommend adding this setting. Falling back to ozone.metadata.dirs instead.
2019-09-24 03:25:53,210 [main] WARN  server.ServerUtils (ServerUtils.java:getScmDbDir(145)) - ozone.scm.db.dirs is not configured. We recommend adding this setting. Falling back to ozone.metadata.dirs instead.
2019-09-24 03:25:53,213 [main] WARN  server.ServerUtils (ServerUtils.java:getScmDbDir(145)) - ozone.scm.db.dirs is not configured. We recommend adding this setting. Falling back to ozone.metadata.dirs instead.
2019-09-24 03:25:53,334 [main] INFO  db.DBStoreBuilder (DBStoreBuilder.java:addTable(110)) - using custom profile for table: deletedBlocks
2019-09-24 03:25:53,336 [main] INFO  db.DBStoreBuilder (DBStoreBuilder.java:processTables(161)) - Using default column profile:DBProfile.DISK for Table:deletedBlocks
2019-09-24 03:25:53,336 [main] INFO  db.DBStoreBuilder (DBStoreBuilder.java:addTable(110)) - using custom profile for table: validCerts
2019-09-24 03:25:53,336 [main] INFO  db.DBStoreBuilder (DBStoreBuilder.java:processTables(161)) - Using default column profile:DBProfile.DISK for Table:validCerts
2019-09-24 03:25:53,337 [main] INFO  db.DBStoreBuilder (DBStoreBuilder.java:addTable(110)) - using custom profile for table: revokedCerts
2019-09-24 03:25:53,337 [main] INFO  db.DBStoreBuilder (DBStoreBuilder.java:processTables(161)) - Using default column profile:DBProfile.DISK for Table:revokedCerts
2019-09-24 03:25:53,356 [main] INFO  db.DBStoreBuilder (DBStoreBuilder.java:addTable(110)) - using custom profile for table: default
2019-09-24 03:25:53,357 [main] INFO  db.DBStoreBuilder (DBStoreBuilder.java:processTables(167)) - Using default column profile:DBProfile.DISK for Table:default
2019-09-24 03:25:53,358 [main] INFO  db.DBStoreBuilder (DBStoreBuilder.java:getDbProfile(198)) - Using default options. DBProfile.DISK
2019-09-24 03:25:53,605 [main] INFO  net.NodeSchemaLoader (NodeSchemaLoader.java:loadSchemaFromFile(125)) - Loading file from sun.misc.CompoundEnumeration@49206065
2019-09-24 03:25:53,606 [main] INFO  net.NodeSchemaLoader (NodeSchemaLoader.java:loadSchema(171)) - Loading network topology layer schema file
2019-09-24 03:25:53,646 [main] WARN  server.ServerUtils (ServerUtils.java:sanitizeUserArgs(70)) - ozone.scm.stale.node.interval value = 300000 is larger than max = 100000 based on the key value of ozone.scm.heartbeat.thread.interval, reset to the max value 100000.
2019-09-24 03:25:53,646 [main] WARN  server.ServerUtils (ServerUtils.java:sanitizeUserArgs(70)) - ozone.scm.stale.node.interval value = 300000 is larger than max = 100000 based on the key value of ozone.scm.heartbeat.thread.interval, reset to the max value 100000.
2019-09-24 03:25:53,648 [main] INFO  node.SCMNodeManager (SCMNodeManager.java:<init>(114)) - Entering startup safe mode.
2019-09-24 03:25:53,663 [main] INFO  algorithms.ContainerPlacementPolicyFactory (ContainerPlacementPolicyFactory.java:getPolicy(57)) - Create container placement policy of type org.apache.hadoop.hdds.scm.container.placement.algorithms.SCMContainerPlacementRandom
2019-09-24 03:25:53,678 [main] WARN  server.ServerUtils (ServerUtils.java:getScmDbDir(145)) - ozone.scm.db.dirs is not configured. We recommend adding this setting. Falling back to ozone.metadata.dirs instead.
2019-09-24 03:25:53,741 [main] INFO  pipeline.SCMPipelineManager (SCMPipelineManager.java:initializePipelineState(132)) - No pipeline exists in current db
2019-09-24 03:25:53,743 [main] WARN  server.ServerUtils (ServerUtils.java:getScmDbDir(145)) - ozone.scm.db.dirs is not configured. We recommend adding this setting. Falling back to ozone.metadata.dirs instead.
2019-09-24 03:25:53,852 [main] WARN  events.EventQueue (EventQueue.java:fireEvent(183)) - No event handler registered for event TypedEvent{payloadType=SafeModeStatus, name='SafeModeStatus'}
2019-09-24 03:25:53,896 [main] INFO  ipc.CallQueueManager (CallQueueManager.java:<init>(84)) - Using callQueue: class java.util.concurrent.LinkedBlockingQueue, queueCapacity: 2000, scheduler: class org.apache.hadoop.ipc.DefaultRpcScheduler, ipcBackoff: false.
2019-09-24 03:25:53,917 [Socket Reader #1 for port 45043] INFO  ipc.Server (Server.java:run(1074)) - Starting Socket Reader #1 for port 45043
2019-09-24 03:25:53,956 [main] INFO  ipc.CallQueueManager (CallQueueManager.java:<init>(84)) - Using callQueue: class java.util.concurrent.LinkedBlockingQueue, queueCapacity: 2000, scheduler: class org.apache.hadoop.ipc.DefaultRpcScheduler, ipcBackoff: false.
2019-09-24 03:25:53,957 [Socket Reader #1 for port 40919] INFO  ipc.Server (Server.java:run(1074)) - Starting Socket Reader #1 for port 40919
2019-09-24 03:25:53,966 [main] INFO  ipc.CallQueueManager (CallQueueManager.java:<init>(84)) - Using callQueue: class java.util.concurrent.LinkedBlockingQueue, queueCapacity: 2000, scheduler: class org.apache.hadoop.ipc.DefaultRpcScheduler, ipcBackoff: false.
2019-09-24 03:25:53,967 [Socket Reader #1 for port 36649] INFO  ipc.Server (Server.java:run(1074)) - Starting Socket Reader #1 for port 36649
2019-09-24 03:25:53,984 [main] INFO  hdfs.DFSUtil (DFSUtil.java:httpServerTemplateForNNAndJN(1641)) - Starting Web-server for scm at: http://0.0.0.0:0
2019-09-24 03:25:53,987 [main] INFO  server.AuthenticationFilter (AuthenticationFilter.java:constructSecretProvider(240)) - Unable to initialize FileSignerSecretProvider, falling back to use random secrets.
2019-09-24 03:25:53,988 [main] WARN  http.HttpRequestLog (HttpRequestLog.java:getRequestLog(97)) - Jetty request log can only be enabled using Log4j
2019-09-24 03:25:53,991 [main] INFO  http.HttpServer2 (HttpServer2.java:addGlobalFilter(975)) - Added global filter 'safety' (class=org.apache.hadoop.http.HttpServer2$QuotingInputFilter)
2019-09-24 03:25:53,992 [main] INFO  http.HttpServer2 (HttpServer2.java:addFilter(948)) - Added filter static_user_filter (class=org.apache.hadoop.http.lib.StaticUserWebFilter$StaticUserFilter) to context scm
2019-09-24 03:25:53,992 [main] INFO  http.HttpServer2 (HttpServer2.java:addFilter(958)) - Added filter static_user_filter (class=org.apache.hadoop.http.lib.StaticUserWebFilter$StaticUserFilter) to context static
2019-09-24 03:25:53,992 [main] INFO  http.HttpServer2 (HttpServer2.java:addFilter(958)) - Added filter static_user_filter (class=org.apache.hadoop.http.lib.StaticUserWebFilter$StaticUserFilter) to context logs
2019-09-24 03:25:54,006 [main] INFO  server.StorageContainerManager (StorageContainerManager.java:start(770)) - StorageContainerLocationProtocol RPC server is listening at /0.0.0.0:36649
2019-09-24 03:25:54,006 [main] INFO  impl.MetricsSystemImpl (MetricsSystemImpl.java:init(158)) - StorageContainerManager metrics system started (again)
2019-09-24 03:25:54,009 [main] INFO  server.SCMClientProtocolServer (SCMClientProtocolServer.java:start(151)) - RPC server for Client  is listening at /0.0.0.0:36649
2019-09-24 03:25:54,009 [IPC Server Responder] INFO  ipc.Server (Server.java:run(1314)) - IPC Server Responder: starting
2019-09-24 03:25:54,010 [IPC Server listener on 36649] INFO  ipc.Server (Server.java:run(1153)) - IPC Server listener on 36649: starting
2019-09-24 03:25:54,013 [main] INFO  server.StorageContainerManager (StorageContainerManager.java:start(780)) - ScmBlockLocationProtocol RPC server is listening at /0.0.0.0:40919
2019-09-24 03:25:54,014 [main] INFO  server.SCMBlockProtocolServer (SCMBlockProtocolServer.java:start(146)) - RPC server for Block Protocol is listening at /0.0.0.0:40919
2019-09-24 03:25:54,015 [IPC Server Responder] INFO  ipc.Server (Server.java:run(1314)) - IPC Server Responder: starting
2019-09-24 03:25:54,015 [IPC Server listener on 40919] INFO  ipc.Server (Server.java:run(1153)) - IPC Server listener on 40919: starting
2019-09-24 03:25:54,018 [main] INFO  server.StorageContainerManager (StorageContainerManager.java:start(784)) - ScmDatanodeProtocl RPC server is listening at /0.0.0.0:45043
2019-09-24 03:25:54,018 [main] INFO  server.SCMDatanodeProtocolServer (SCMDatanodeProtocolServer.java:start(191)) - RPC server for DataNodes is listening at /0.0.0.0:45043
2019-09-24 03:25:54,019 [IPC Server Responder] INFO  ipc.Server (Server.java:run(1314)) - IPC Server Responder: starting
2019-09-24 03:25:54,019 [IPC Server listener on 45043] INFO  ipc.Server (Server.java:run(1153)) - IPC Server listener on 45043: starting
2019-09-24 03:25:54,022 [main] INFO  http.HttpServer2 (HttpServer2.java:bindListener(1191)) - Jetty bound to port 37500
2019-09-24 03:25:54,022 [main] INFO  server.Server (Server.java:doStart(351)) - jetty-9.3.25.v20180904, build timestamp: 2018-09-04T21:11:46Z, git hash: 3ce520221d0240229c862b122d2b06c12a625732
2019-09-24 03:25:54,025 [main] INFO  handler.ContextHandler (ContextHandler.java:doStart(781)) - Started o.e.j.s.ServletContextHandler@a5272be{/logs,file:///workdir/hadoop-ozone/integration-test/target/log,AVAILABLE}
2019-09-24 03:25:54,026 [main] INFO  handler.ContextHandler (ContextHandler.java:doStart(781)) - Started o.e.j.s.ServletContextHandler@4dba773d{/static,file:///workdir/hadoop-ozone/integration-test/target/test-classes/webapps/static,AVAILABLE}
2019-09-24 03:25:54,034 [main] INFO  handler.ContextHandler (ContextHandler.java:doStart(781)) - Started o.e.j.w.WebAppContext@6812fa3a{/,file:///workdir/hadoop-ozone/integration-test/target/test-classes/webapps/scm/,AVAILABLE}{/scm}
2019-09-24 03:25:54,035 [main] INFO  server.AbstractConnector (AbstractConnector.java:doStart(278)) - Started ServerConnector@29149030{HTTP/1.1,[http/1.1]}{0.0.0.0:37500}
2019-09-24 03:25:54,035 [main] INFO  server.Server (Server.java:doStart(419)) - Started @5393ms
2019-09-24 03:25:54,038 [main] INFO  impl.MetricsSinkAdapter (MetricsSinkAdapter.java:start(204)) - Sink prometheus started
2019-09-24 03:25:54,038 [main] INFO  impl.MetricsSystemImpl (MetricsSystemImpl.java:registerSink(301)) - Registered sink prometheus
2019-09-24 03:25:54,040 [main] INFO  server.BaseHttpServer (BaseHttpServer.java:updateConnectorAddress(215)) - HTTP server of SCM is listening at http://0.0.0.0:37500
2019-09-24 03:25:54,041 [org.apache.hadoop.util.JvmPauseMonitor$Monitor@72fd8a3c] INFO  util.JvmPauseMonitor (JvmPauseMonitor.java:run(188)) - Starting JVM pause monitor
2019-09-24 03:25:54,045 [main] WARN  server.ServerUtils (ServerUtils.java:getDBPath(222)) - ozone.om.db.dirs is not configured. We recommend adding this setting. Falling back to ozone.metadata.dirs instead.
2019-09-24 03:25:54,064 [main] INFO  ha.OMHANodeDetails (OMHANodeDetails.java:loadOMHAConfig(138)) - Found matching OM address with OMServiceId: null, OMNodeId: null, RPC Address: localhost:0 and Ratis port: 9872
2019-09-24 03:25:54,064 [main] INFO  ha.OMHANodeDetails (OMHANodeDetails.java:setOMNodeSpecificConfigs(240)) - Setting configuration key ozone.om.http-address with value of key ozone.om.http-address: 127.0.0.1:0
2019-09-24 03:25:54,064 [main] INFO  ha.OMHANodeDetails (OMHANodeDetails.java:setOMNodeSpecificConfigs(240)) - Setting configuration key ozone.om.https-address with value of key ozone.om.https-address: 0.0.0.0:9875
2019-09-24 03:25:54,065 [main] INFO  ha.OMHANodeDetails (OMHANodeDetails.java:setOMNodeSpecificConfigs(240)) - Setting configuration key ozone.om.http-bind-host with value of key ozone.om.http-bind-host: 0.0.0.0
2019-09-24 03:25:54,065 [main] INFO  ha.OMHANodeDetails (OMHANodeDetails.java:setOMNodeSpecificConfigs(240)) - Setting configuration key ozone.om.https-bind-host with value of key ozone.om.https-bind-host: 0.0.0.0
2019-09-24 03:25:54,065 [main] INFO  ha.OMHANodeDetails (OMHANodeDetails.java:setOMNodeSpecificConfigs(240)) - Setting configuration key ozone.om.http.kerberos.keytab with value of key ozone.om.http.kerberos.keytab: /etc/security/keytabs/HTTP.keytab
2019-09-24 03:25:54,065 [main] INFO  ha.OMHANodeDetails (OMHANodeDetails.java:setOMNodeSpecificConfigs(240)) - Setting configuration key ozone.om.http.kerberos.principal with value of key ozone.om.http.kerberos.principal: HTTP/_HOST@EXAMPLE.COM
2019-09-24 03:25:54,065 [main] INFO  ha.OMHANodeDetails (OMHANodeDetails.java:setOMNodeSpecificConfigs(240)) - Setting configuration key ozone.om.address with value of key ozone.om.address: 127.0.0.1:0
2019-09-24 03:25:54,065 [main] INFO  ha.OMHANodeDetails (OMHANodeDetails.java:getOMNodeDetails(192)) - OM Service ID is not set. Setting it to the default ID: omServiceIdDefault
2019-09-24 03:25:54,066 [main] WARN  server.ServerUtils (ServerUtils.java:getDBPath(222)) - ozone.om.db.dirs is not configured. We recommend adding this setting. Falling back to ozone.metadata.dirs instead.
2019-09-24 03:25:54,067 [main] WARN  server.ServerUtils (ServerUtils.java:getDBPath(222)) - ozone.om.db.dirs is not configured. We recommend adding this setting. Falling back to ozone.metadata.dirs instead.
2019-09-24 03:25:54,173 [main] WARN  server.ServerUtils (ServerUtils.java:getDBPath(222)) - ozone.om.db.dirs is not configured. We recommend adding this setting. Falling back to ozone.metadata.dirs instead.
2019-09-24 03:25:54,181 [main] INFO  db.DBStoreBuilder (DBStoreBuilder.java:addTable(110)) - using custom profile for table: userTable
2019-09-24 03:25:54,182 [main] INFO  db.DBStoreBuilder (DBStoreBuilder.java:processTables(161)) - Using default column profile:DBProfile.DISK for Table:userTable
2019-09-24 03:25:54,182 [main] INFO  db.DBStoreBuilder (DBStoreBuilder.java:addTable(110)) - using custom profile for table: volumeTable
2019-09-24 03:25:54,182 [main] INFO  db.DBStoreBuilder (DBStoreBuilder.java:processTables(161)) - Using default column profile:DBProfile.DISK for Table:volumeTable
2019-09-24 03:25:54,183 [main] INFO  db.DBStoreBuilder (DBStoreBuilder.java:addTable(110)) - using custom profile for table: bucketTable
2019-09-24 03:25:54,183 [main] INFO  db.DBStoreBuilder (DBStoreBuilder.java:processTables(161)) - Using default column profile:DBProfile.DISK for Table:bucketTable
2019-09-24 03:25:54,183 [main] INFO  db.DBStoreBuilder (DBStoreBuilder.java:addTable(110)) - using custom profile for table: keyTable
2019-09-24 03:25:54,184 [main] INFO  db.DBStoreBuilder (DBStoreBuilder.java:processTables(161)) - Using default column profile:DBProfile.DISK for Table:keyTable
2019-09-24 03:25:54,184 [main] INFO  db.DBStoreBuilder (DBStoreBuilder.java:addTable(110)) - using custom profile for table: deletedTable
2019-09-24 03:25:54,184 [main] INFO  db.DBStoreBuilder (DBStoreBuilder.java:processTables(161)) - Using default column profile:DBProfile.DISK for Table:deletedTable
2019-09-24 03:25:54,184 [main] INFO  db.DBStoreBuilder (DBStoreBuilder.java:addTable(110)) - using custom profile for table: openKeyTable
2019-09-24 03:25:54,185 [main] INFO  db.DBStoreBuilder (DBStoreBuilder.java:processTables(161)) - Using default column profile:DBProfile.DISK for Table:openKeyTable
2019-09-24 03:25:54,185 [main] INFO  db.DBStoreBuilder (DBStoreBuilder.java:addTable(110)) - using custom profile for table: s3Table
2019-09-24 03:25:54,185 [main] INFO  db.DBStoreBuilder (DBStoreBuilder.java:processTables(161)) - Using default column profile:DBProfile.DISK for Table:s3Table
2019-09-24 03:25:54,185 [main] INFO  db.DBStoreBuilder (DBStoreBuilder.java:addTable(110)) - using custom profile for table: multipartInfoTable
2019-09-24 03:25:54,185 [main] INFO  db.DBStoreBuilder (DBStoreBuilder.java:processTables(161)) - Using default column profile:DBProfile.DISK for Table:multipartInfoTable
2019-09-24 03:25:54,186 [main] INFO  db.DBStoreBuilder (DBStoreBuilder.java:addTable(110)) - using custom profile for table: dTokenTable
2019-09-24 03:25:54,186 [main] INFO  db.DBStoreBuilder (DBStoreBuilder.java:processTables(161)) - Using default column profile:DBProfile.DISK for Table:dTokenTable
2019-09-24 03:25:54,186 [main] INFO  db.DBStoreBuilder (DBStoreBuilder.java:addTable(110)) - using custom profile for table: s3SecretTable
2019-09-24 03:25:54,186 [main] INFO  db.DBStoreBuilder (DBStoreBuilder.java:processTables(161)) - Using default column profile:DBProfile.DISK for Table:s3SecretTable
2019-09-24 03:25:54,187 [main] INFO  db.DBStoreBuilder (DBStoreBuilder.java:addTable(110)) - using custom profile for table: prefixTable
2019-09-24 03:25:54,187 [main] INFO  db.DBStoreBuilder (DBStoreBuilder.java:processTables(161)) - Using default column profile:DBProfile.DISK for Table:prefixTable
2019-09-24 03:25:54,187 [main] INFO  db.DBStoreBuilder (DBStoreBuilder.java:addTable(110)) - using custom profile for table: default
2019-09-24 03:25:54,187 [main] INFO  db.DBStoreBuilder (DBStoreBuilder.java:processTables(167)) - Using default column profile:DBProfile.DISK for Table:default
2019-09-24 03:25:54,188 [main] INFO  db.DBStoreBuilder (DBStoreBuilder.java:getDbProfile(198)) - Using default options. DBProfile.DISK
2019-09-24 03:25:54,658 [main] INFO  ipc.CallQueueManager (CallQueueManager.java:<init>(84)) - Using callQueue: class java.util.concurrent.LinkedBlockingQueue, queueCapacity: 2000, scheduler: class org.apache.hadoop.ipc.DefaultRpcScheduler, ipcBackoff: false.
2019-09-24 03:25:54,659 [Socket Reader #1 for port 33824] INFO  ipc.Server (Server.java:run(1074)) - Starting Socket Reader #1 for port 33824
2019-09-24 03:25:54,677 [main] INFO  om.OzoneManager (OzoneManager.java:start(1075)) - OzoneManager RPC server is listening at localhost/127.0.0.1:33824
2019-09-24 03:25:54,677 [main] INFO  impl.MetricsSystemImpl (MetricsSystemImpl.java:init(158)) - OzoneManager metrics system started (again)
2019-09-24 03:25:54,688 [IPC Server Responder] INFO  ipc.Server (Server.java:run(1314)) - IPC Server Responder: starting
2019-09-24 03:25:54,688 [IPC Server listener on 33824] INFO  ipc.Server (Server.java:run(1153)) - IPC Server listener on 33824: starting
2019-09-24 03:25:54,693 [main] INFO  hdfs.DFSUtil (DFSUtil.java:httpServerTemplateForNNAndJN(1641)) - Starting Web-server for ozoneManager at: http://0.0.0.0:0
2019-09-24 03:25:54,695 [main] INFO  server.AuthenticationFilter (AuthenticationFilter.java:constructSecretProvider(240)) - Unable to initialize FileSignerSecretProvider, falling back to use random secrets.
2019-09-24 03:25:54,696 [main] WARN  http.HttpRequestLog (HttpRequestLog.java:getRequestLog(97)) - Jetty request log can only be enabled using Log4j
2019-09-24 03:25:54,699 [main] INFO  http.HttpServer2 (HttpServer2.java:addGlobalFilter(975)) - Added global filter 'safety' (class=org.apache.hadoop.http.HttpServer2$QuotingInputFilter)
2019-09-24 03:25:54,700 [main] INFO  http.HttpServer2 (HttpServer2.java:addFilter(948)) - Added filter static_user_filter (class=org.apache.hadoop.http.lib.StaticUserWebFilter$StaticUserFilter) to context ozoneManager
2019-09-24 03:25:54,700 [main] INFO  http.HttpServer2 (HttpServer2.java:addFilter(958)) - Added filter static_user_filter (class=org.apache.hadoop.http.lib.StaticUserWebFilter$StaticUserFilter) to context logs
2019-09-24 03:25:54,701 [main] INFO  http.HttpServer2 (HttpServer2.java:addFilter(958)) - Added filter static_user_filter (class=org.apache.hadoop.http.lib.StaticUserWebFilter$StaticUserFilter) to context static
2019-09-24 03:25:54,703 [main] INFO  http.HttpServer2 (HttpServer2.java:bindListener(1191)) - Jetty bound to port 45641
2019-09-24 03:25:54,704 [main] INFO  server.Server (Server.java:doStart(351)) - jetty-9.3.25.v20180904, build timestamp: 2018-09-04T21:11:46Z, git hash: 3ce520221d0240229c862b122d2b06c12a625732
2019-09-24 03:25:54,706 [main] INFO  handler.ContextHandler (ContextHandler.java:doStart(781)) - Started o.e.j.s.ServletContextHandler@541179e7{/logs,file:///workdir/hadoop-ozone/integration-test/target/log,AVAILABLE}
2019-09-24 03:25:54,707 [main] INFO  handler.ContextHandler (ContextHandler.java:doStart(781)) - Started o.e.j.s.ServletContextHandler@7b32b129{/static,file:///workdir/hadoop-ozone/integration-test/target/test-classes/webapps/static,AVAILABLE}
2019-09-24 03:25:54,713 [main] INFO  handler.ContextHandler (ContextHandler.java:doStart(781)) - Started o.e.j.w.WebAppContext@4ba02375{/,file:///workdir/hadoop-ozone/integration-test/target/test-classes/webapps/ozoneManager/,AVAILABLE}{/ozoneManager}
2019-09-24 03:25:54,714 [main] INFO  server.AbstractConnector (AbstractConnector.java:doStart(278)) - Started ServerConnector@7593ea79{HTTP/1.1,[http/1.1]}{0.0.0.0:45641}
2019-09-24 03:25:54,715 [main] INFO  server.Server (Server.java:doStart(419)) - Started @6073ms
2019-09-24 03:25:54,715 [main] WARN  impl.MetricsSystemImpl (MetricsSystemImpl.java:register(276)) - Sink prometheus already exists!
2019-09-24 03:25:54,716 [main] INFO  server.BaseHttpServer (BaseHttpServer.java:updateConnectorAddress(215)) - HTTP server of OZONEMANAGER is listening at http://0.0.0.0:45641
2019-09-24 03:25:54,842 [main] INFO  impl.MetricsSystemImpl (MetricsSystemImpl.java:init(158)) - HddsDatanode metrics system started (again)
2019-09-24 03:25:54,890 [main] INFO  ozone.HddsDatanodeService (HddsDatanodeService.java:start(184)) - HddsDatanodeService host:pr-hdds-2162-tjkd5-3209850126 ip:192.168.151.121
2019-09-24 03:25:54,919 [main] INFO  volume.HddsVolume (HddsVolume.java:<init>(176)) - Creating Volume: /workdir/hadoop-ozone/integration-test/target/test-dir/MiniOzoneClusterImpl-e5f1ddf0-a5ce-4ae4-b63c-73802c2fbca4/datanode-0/data/containers/hdds of  storage type : DISK and capacity : 1482555576320
2019-09-24 03:25:54,921 [main] INFO  volume.VolumeSet (VolumeSet.java:initializeVolumeSet(170)) - Added Volume : /workdir/hadoop-ozone/integration-test/target/test-dir/MiniOzoneClusterImpl-e5f1ddf0-a5ce-4ae4-b63c-73802c2fbca4/datanode-0/data/containers/hdds to VolumeSet
2019-09-24 03:25:54,924 [main] INFO  volume.ThrottledAsyncChecker (ThrottledAsyncChecker.java:schedule(139)) - Scheduling a check for org.apache.hadoop.ozone.container.common.volume.HddsVolume@6198e9b5
2019-09-24 03:25:54,940 [main] INFO  volume.HddsVolumeChecker (HddsVolumeChecker.java:checkAllVolumes(202)) - Scheduled health check for volume org.apache.hadoop.ozone.container.common.volume.HddsVolume@6198e9b5
2019-09-24 03:25:55,039 [main] INFO  impl.RaftServerProxy (ConfUtils.java:logGet(43)) - raft.rpc.type = GRPC (default)
2019-09-24 03:25:55,102 [main] INFO  grpc.GrpcFactory (GrpcFactory.java:checkPooledByteBufAllocatorUseCacheForAllThreads(45)) - PERFORMANCE WARNING: useCacheForAllThreads is true that may cause Netty to create a lot garbage objects and, as a result, trigger GC.
	It is recommended to disable useCacheForAllThreads by setting -Dorg.apache.ratis.thirdparty.io.netty.allocator.useCacheForAllThreads=false in command line.
2019-09-24 03:25:55,107 [main] INFO  grpc.GrpcConfigKeys$Server (ConfUtils.java:logGet(43)) - raft.grpc.server.port = 0 (default)
2019-09-24 03:25:55,108 [main] INFO  server.GrpcService (ConfUtils.java:logGet(43)) - raft.grpc.message.size.max = 33570816 (custom)
2019-09-24 03:25:55,109 [main] INFO  server.RaftServerConfigKeys (ConfUtils.java:logGet(43)) - raft.server.log.appender.buffer.byte-limit = 33554432 (custom)
2019-09-24 03:25:55,110 [main] INFO  server.GrpcService (ConfUtils.java:logGet(43)) - raft.grpc.flow.control.window = 1MB (=1048576) (default)
2019-09-24 03:25:55,110 [main] INFO  server.RaftServerConfigKeys (ConfUtils.java:logGet(43)) - raft.server.rpc.request.timeout = 3000ms (default)
2019-09-24 03:25:55,278 [main] INFO  server.RaftServerConfigKeys (ConfUtils.java:logGet(43)) - raft.server.storage.dir = [/workdir/hadoop-ozone/integration-test/target/test-dir/MiniOzoneClusterImpl-e5f1ddf0-a5ce-4ae4-b63c-73802c2fbca4/datanode-0/data/ratis] (custom)
2019-09-24 03:25:55,330 [main] INFO  hdfs.DFSUtil (DFSUtil.java:httpServerTemplateForNNAndJN(1641)) - Starting Web-server for hddsDatanode at: http://0.0.0.0:0
2019-09-24 03:25:55,332 [main] INFO  server.AuthenticationFilter (AuthenticationFilter.java:constructSecretProvider(240)) - Unable to initialize FileSignerSecretProvider, falling back to use random secrets.
2019-09-24 03:25:55,332 [main] WARN  http.HttpRequestLog (HttpRequestLog.java:getRequestLog(97)) - Jetty request log can only be enabled using Log4j
2019-09-24 03:25:55,334 [main] INFO  http.HttpServer2 (HttpServer2.java:addGlobalFilter(975)) - Added global filter 'safety' (class=org.apache.hadoop.http.HttpServer2$QuotingInputFilter)
2019-09-24 03:25:55,334 [main] INFO  http.HttpServer2 (HttpServer2.java:addFilter(948)) - Added filter static_user_filter (class=org.apache.hadoop.http.lib.StaticUserWebFilter$StaticUserFilter) to context hddsDatanode
2019-09-24 03:25:55,334 [main] INFO  http.HttpServer2 (HttpServer2.java:addFilter(958)) - Added filter static_user_filter (class=org.apache.hadoop.http.lib.StaticUserWebFilter$StaticUserFilter) to context logs
2019-09-24 03:25:55,335 [main] INFO  http.HttpServer2 (HttpServer2.java:addFilter(958)) - Added filter static_user_filter (class=org.apache.hadoop.http.lib.StaticUserWebFilter$StaticUserFilter) to context static
2019-09-24 03:25:55,335 [main] INFO  http.HttpServer2 (HttpServer2.java:bindListener(1191)) - Jetty bound to port 39361
2019-09-24 03:25:55,335 [main] INFO  server.Server (Server.java:doStart(351)) - jetty-9.3.25.v20180904, build timestamp: 2018-09-04T21:11:46Z, git hash: 3ce520221d0240229c862b122d2b06c12a625732
2019-09-24 03:25:55,338 [main] INFO  handler.ContextHandler (ContextHandler.java:doStart(781)) - Started o.e.j.s.ServletContextHandler@66e21568{/logs,file:///workdir/hadoop-ozone/integration-test/target/log,AVAILABLE}
2019-09-24 03:25:55,339 [main] INFO  handler.ContextHandler (ContextHandler.java:doStart(781)) - Started o.e.j.s.ServletContextHandler@611b35d6{/static,jar:file:/home/user/.m2/repository/org/apache/hadoop/hadoop-hdds-container-service/0.5.0-SNAPSHOT/hadoop-hdds-container-service-0.5.0-SNAPSHOT.jar!/webapps/static,AVAILABLE}
2019-09-24 03:25:55,368 [main] INFO  handler.ContextHandler (ContextHandler.java:doStart(781)) - Started o.e.j.w.WebAppContext@3292d91a{/,file:///workdir/hadoop-ozone/integration-test/target/tmp/kms/webapp/,AVAILABLE}{/hddsDatanode}
2019-09-24 03:25:55,369 [main] INFO  server.AbstractConnector (AbstractConnector.java:doStart(278)) - Started ServerConnector@5921b93c{HTTP/1.1,[http/1.1]}{0.0.0.0:39361}
2019-09-24 03:25:55,370 [main] INFO  server.Server (Server.java:doStart(419)) - Started @6727ms
2019-09-24 03:25:55,370 [main] WARN  impl.MetricsSystemImpl (MetricsSystemImpl.java:register(276)) - Sink prometheus already exists!
2019-09-24 03:25:55,370 [main] INFO  server.BaseHttpServer (BaseHttpServer.java:updateConnectorAddress(215)) - HTTP server of HDDSDATANODE is listening at http://0.0.0.0:39361
2019-09-24 03:25:55,371 [main] INFO  impl.MetricsSystemImpl (MetricsSystemImpl.java:init(158)) - HddsDatanode metrics system started (again)
2019-09-24 03:25:55,374 [main] INFO  ozone.HddsDatanodeService (HddsDatanodeService.java:start(184)) - HddsDatanodeService host:pr-hdds-2162-tjkd5-3209850126 ip:192.168.151.121
2019-09-24 03:25:55,375 [org.apache.hadoop.util.JvmPauseMonitor$Monitor@19b2842a] INFO  util.JvmPauseMonitor (JvmPauseMonitor.java:run(188)) - Starting JVM pause monitor
2019-09-24 03:25:55,381 [main] INFO  volume.HddsVolume (HddsVolume.java:<init>(176)) - Creating Volume: /workdir/hadoop-ozone/integration-test/target/test-dir/MiniOzoneClusterImpl-e5f1ddf0-a5ce-4ae4-b63c-73802c2fbca4/datanode-1/data/containers/hdds of  storage type : DISK and capacity : 1482555576320
2019-09-24 03:25:55,382 [main] INFO  volume.VolumeSet (VolumeSet.java:initializeVolumeSet(170)) - Added Volume : /workdir/hadoop-ozone/integration-test/target/test-dir/MiniOzoneClusterImpl-e5f1ddf0-a5ce-4ae4-b63c-73802c2fbca4/datanode-1/data/containers/hdds to VolumeSet
2019-09-24 03:25:55,382 [main] INFO  volume.ThrottledAsyncChecker (ThrottledAsyncChecker.java:schedule(139)) - Scheduling a check for org.apache.hadoop.ozone.container.common.volume.HddsVolume@7f3ca64a
2019-09-24 03:25:55,383 [main] INFO  volume.HddsVolumeChecker (HddsVolumeChecker.java:checkAllVolumes(202)) - Scheduled health check for volume org.apache.hadoop.ozone.container.common.volume.HddsVolume@7f3ca64a
2019-09-24 03:25:55,397 [main] INFO  impl.RaftServerProxy (ConfUtils.java:logGet(43)) - raft.rpc.type = GRPC (default)
2019-09-24 03:25:55,397 [main] INFO  grpc.GrpcFactory (GrpcFactory.java:checkPooledByteBufAllocatorUseCacheForAllThreads(45)) - PERFORMANCE WARNING: useCacheForAllThreads is true that may cause Netty to create a lot garbage objects and, as a result, trigger GC.
	It is recommended to disable useCacheForAllThreads by setting -Dorg.apache.ratis.thirdparty.io.netty.allocator.useCacheForAllThreads=false in command line.
2019-09-24 03:25:55,397 [main] INFO  grpc.GrpcConfigKeys$Server (ConfUtils.java:logGet(43)) - raft.grpc.server.port = 0 (default)
2019-09-24 03:25:55,397 [main] INFO  server.GrpcService (ConfUtils.java:logGet(43)) - raft.grpc.message.size.max = 33570816 (custom)
2019-09-24 03:25:55,398 [main] INFO  server.RaftServerConfigKeys (ConfUtils.java:logGet(43)) - raft.server.log.appender.buffer.byte-limit = 33554432 (custom)
2019-09-24 03:25:55,398 [main] INFO  server.GrpcService (ConfUtils.java:logGet(43)) - raft.grpc.flow.control.window = 1MB (=1048576) (default)
2019-09-24 03:25:55,398 [main] INFO  server.RaftServerConfigKeys (ConfUtils.java:logGet(43)) - raft.server.rpc.request.timeout = 3000ms (default)
2019-09-24 03:25:55,399 [main] INFO  server.RaftServerConfigKeys (ConfUtils.java:logGet(43)) - raft.server.storage.dir = [/workdir/hadoop-ozone/integration-test/target/test-dir/MiniOzoneClusterImpl-e5f1ddf0-a5ce-4ae4-b63c-73802c2fbca4/datanode-1/data/ratis] (custom)
2019-09-24 03:25:55,400 [main] INFO  hdfs.DFSUtil (DFSUtil.java:httpServerTemplateForNNAndJN(1641)) - Starting Web-server for hddsDatanode at: http://0.0.0.0:0
2019-09-24 03:25:55,402 [main] INFO  server.AuthenticationFilter (AuthenticationFilter.java:constructSecretProvider(240)) - Unable to initialize FileSignerSecretProvider, falling back to use random secrets.
2019-09-24 03:25:55,402 [main] WARN  http.HttpRequestLog (HttpRequestLog.java:getRequestLog(97)) - Jetty request log can only be enabled using Log4j
2019-09-24 03:25:55,404 [main] INFO  http.HttpServer2 (HttpServer2.java:addGlobalFilter(975)) - Added global filter 'safety' (class=org.apache.hadoop.http.HttpServer2$QuotingInputFilter)
2019-09-24 03:25:55,406 [main] INFO  http.HttpServer2 (HttpServer2.java:addFilter(948)) - Added filter static_user_filter (class=org.apache.hadoop.http.lib.StaticUserWebFilter$StaticUserFilter) to context hddsDatanode
2019-09-24 03:25:55,406 [main] INFO  http.HttpServer2 (HttpServer2.java:addFilter(958)) - Added filter static_user_filter (class=org.apache.hadoop.http.lib.StaticUserWebFilter$StaticUserFilter) to context logs
2019-09-24 03:25:55,406 [main] INFO  http.HttpServer2 (HttpServer2.java:addFilter(958)) - Added filter static_user_filter (class=org.apache.hadoop.http.lib.StaticUserWebFilter$StaticUserFilter) to context static
2019-09-24 03:25:55,407 [main] INFO  http.HttpServer2 (HttpServer2.java:bindListener(1191)) - Jetty bound to port 39489
2019-09-24 03:25:55,407 [main] INFO  server.Server (Server.java:doStart(351)) - jetty-9.3.25.v20180904, build timestamp: 2018-09-04T21:11:46Z, git hash: 3ce520221d0240229c862b122d2b06c12a625732
2019-09-24 03:25:55,410 [main] INFO  handler.ContextHandler (ContextHandler.java:doStart(781)) - Started o.e.j.s.ServletContextHandler@459003a0{/logs,file:///workdir/hadoop-ozone/integration-test/target/log,AVAILABLE}
2019-09-24 03:25:55,411 [main] INFO  handler.ContextHandler (ContextHandler.java:doStart(781)) - Started o.e.j.s.ServletContextHandler@3b481bf5{/static,jar:file:/home/user/.m2/repository/org/apache/hadoop/hadoop-hdds-container-service/0.5.0-SNAPSHOT/hadoop-hdds-container-service-0.5.0-SNAPSHOT.jar!/webapps/static,AVAILABLE}
2019-09-24 03:25:55,440 [main] INFO  handler.ContextHandler (ContextHandler.java:doStart(781)) - Started o.e.j.w.WebAppContext@a85644c{/,file:///workdir/hadoop-ozone/integration-test/target/tmp/kms/webapp/,AVAILABLE}{/hddsDatanode}
2019-09-24 03:25:55,441 [main] INFO  server.AbstractConnector (AbstractConnector.java:doStart(278)) - Started ServerConnector@8054fe2{HTTP/1.1,[http/1.1]}{0.0.0.0:39489}
2019-09-24 03:25:55,441 [main] INFO  server.Server (Server.java:doStart(419)) - Started @6799ms
2019-09-24 03:25:55,442 [main] WARN  impl.MetricsSystemImpl (MetricsSystemImpl.java:register(276)) - Sink prometheus already exists!
2019-09-24 03:25:55,443 [main] INFO  server.BaseHttpServer (BaseHttpServer.java:updateConnectorAddress(215)) - HTTP server of HDDSDATANODE is listening at http://0.0.0.0:39489
2019-09-24 03:25:55,443 [main] INFO  impl.MetricsSystemImpl (MetricsSystemImpl.java:init(158)) - HddsDatanode metrics system started (again)
2019-09-24 03:25:55,446 [org.apache.hadoop.util.JvmPauseMonitor$Monitor@c9dedcb] INFO  util.JvmPauseMonitor (JvmPauseMonitor.java:run(188)) - Starting JVM pause monitor
2019-09-24 03:25:55,447 [main] INFO  ozone.HddsDatanodeService (HddsDatanodeService.java:start(184)) - HddsDatanodeService host:pr-hdds-2162-tjkd5-3209850126 ip:192.168.151.121
2019-09-24 03:25:55,454 [main] INFO  volume.HddsVolume (HddsVolume.java:<init>(176)) - Creating Volume: /workdir/hadoop-ozone/integration-test/target/test-dir/MiniOzoneClusterImpl-e5f1ddf0-a5ce-4ae4-b63c-73802c2fbca4/datanode-2/data/containers/hdds of  storage type : DISK and capacity : 1482555576320
2019-09-24 03:25:55,455 [main] INFO  volume.VolumeSet (VolumeSet.java:initializeVolumeSet(170)) - Added Volume : /workdir/hadoop-ozone/integration-test/target/test-dir/MiniOzoneClusterImpl-e5f1ddf0-a5ce-4ae4-b63c-73802c2fbca4/datanode-2/data/containers/hdds to VolumeSet
2019-09-24 03:25:55,455 [main] INFO  volume.ThrottledAsyncChecker (ThrottledAsyncChecker.java:schedule(139)) - Scheduling a check for org.apache.hadoop.ozone.container.common.volume.HddsVolume@63a9c661
2019-09-24 03:25:55,456 [main] INFO  volume.HddsVolumeChecker (HddsVolumeChecker.java:checkAllVolumes(202)) - Scheduled health check for volume org.apache.hadoop.ozone.container.common.volume.HddsVolume@63a9c661
2019-09-24 03:25:55,470 [main] INFO  impl.RaftServerProxy (ConfUtils.java:logGet(43)) - raft.rpc.type = GRPC (default)
2019-09-24 03:25:55,470 [main] INFO  grpc.GrpcFactory (GrpcFactory.java:checkPooledByteBufAllocatorUseCacheForAllThreads(45)) - PERFORMANCE WARNING: useCacheForAllThreads is true that may cause Netty to create a lot garbage objects and, as a result, trigger GC.
	It is recommended to disable useCacheForAllThreads by setting -Dorg.apache.ratis.thirdparty.io.netty.allocator.useCacheForAllThreads=false in command line.
2019-09-24 03:25:55,471 [main] INFO  grpc.GrpcConfigKeys$Server (ConfUtils.java:logGet(43)) - raft.grpc.server.port = 0 (default)
2019-09-24 03:25:55,471 [main] INFO  server.GrpcService (ConfUtils.java:logGet(43)) - raft.grpc.message.size.max = 33570816 (custom)
2019-09-24 03:25:55,471 [main] INFO  server.RaftServerConfigKeys (ConfUtils.java:logGet(43)) - raft.server.log.appender.buffer.byte-limit = 33554432 (custom)
2019-09-24 03:25:55,471 [main] INFO  server.GrpcService (ConfUtils.java:logGet(43)) - raft.grpc.flow.control.window = 1MB (=1048576) (default)
2019-09-24 03:25:55,471 [main] INFO  server.RaftServerConfigKeys (ConfUtils.java:logGet(43)) - raft.server.rpc.request.timeout = 3000ms (default)
2019-09-24 03:25:55,472 [main] INFO  server.RaftServerConfigKeys (ConfUtils.java:logGet(43)) - raft.server.storage.dir = [/workdir/hadoop-ozone/integration-test/target/test-dir/MiniOzoneClusterImpl-e5f1ddf0-a5ce-4ae4-b63c-73802c2fbca4/datanode-2/data/ratis] (custom)
2019-09-24 03:25:55,474 [main] INFO  hdfs.DFSUtil (DFSUtil.java:httpServerTemplateForNNAndJN(1641)) - Starting Web-server for hddsDatanode at: http://0.0.0.0:0
2019-09-24 03:25:55,476 [main] INFO  server.AuthenticationFilter (AuthenticationFilter.java:constructSecretProvider(240)) - Unable to initialize FileSignerSecretProvider, falling back to use random secrets.
2019-09-24 03:25:55,477 [main] WARN  http.HttpRequestLog (HttpRequestLog.java:getRequestLog(97)) - Jetty request log can only be enabled using Log4j
2019-09-24 03:25:55,479 [main] INFO  http.HttpServer2 (HttpServer2.java:addGlobalFilter(975)) - Added global filter 'safety' (class=org.apache.hadoop.http.HttpServer2$QuotingInputFilter)
2019-09-24 03:25:55,480 [main] INFO  http.HttpServer2 (HttpServer2.java:addFilter(948)) - Added filter static_user_filter (class=org.apache.hadoop.http.lib.StaticUserWebFilter$StaticUserFilter) to context hddsDatanode
2019-09-24 03:25:55,480 [main] INFO  http.HttpServer2 (HttpServer2.java:addFilter(958)) - Added filter static_user_filter (class=org.apache.hadoop.http.lib.StaticUserWebFilter$StaticUserFilter) to context logs
2019-09-24 03:25:55,480 [main] INFO  http.HttpServer2 (HttpServer2.java:addFilter(958)) - Added filter static_user_filter (class=org.apache.hadoop.http.lib.StaticUserWebFilter$StaticUserFilter) to context static
2019-09-24 03:25:55,482 [main] INFO  http.HttpServer2 (HttpServer2.java:bindListener(1191)) - Jetty bound to port 33599
2019-09-24 03:25:55,482 [main] INFO  server.Server (Server.java:doStart(351)) - jetty-9.3.25.v20180904, build timestamp: 2018-09-04T21:11:46Z, git hash: 3ce520221d0240229c862b122d2b06c12a625732
2019-09-24 03:25:55,486 [main] INFO  handler.ContextHandler (ContextHandler.java:doStart(781)) - Started o.e.j.s.ServletContextHandler@4e0cc334{/logs,file:///workdir/hadoop-ozone/integration-test/target/log,AVAILABLE}
2019-09-24 03:25:55,487 [main] INFO  handler.ContextHandler (ContextHandler.java:doStart(781)) - Started o.e.j.s.ServletContextHandler@4877919f{/static,jar:file:/home/user/.m2/repository/org/apache/hadoop/hadoop-hdds-container-service/0.5.0-SNAPSHOT/hadoop-hdds-container-service-0.5.0-SNAPSHOT.jar!/webapps/static,AVAILABLE}
2019-09-24 03:25:55,507 [Datanode State Machine Thread - 0] INFO  datanode.InitDatanodeState (InitDatanodeState.java:persistContainerDatanodeDetails(140)) - DatanodeDetails is persisted to /workdir/hadoop-ozone/integration-test/target/test-dir/MiniOzoneClusterImpl-e5f1ddf0-a5ce-4ae4-b63c-73802c2fbca4/datanode-0/meta/datanode.id
2019-09-24 03:25:55,510 [Datanode State Machine Thread - 0] INFO  datanode.InitDatanodeState (InitDatanodeState.java:persistContainerDatanodeDetails(140)) - DatanodeDetails is persisted to /workdir/hadoop-ozone/integration-test/target/test-dir/MiniOzoneClusterImpl-e5f1ddf0-a5ce-4ae4-b63c-73802c2fbca4/datanode-1/meta/datanode.id
2019-09-24 03:25:55,520 [main] INFO  handler.ContextHandler (ContextHandler.java:doStart(781)) - Started o.e.j.w.WebAppContext@55c57422{/,file:///workdir/hadoop-ozone/integration-test/target/tmp/kms/webapp/,AVAILABLE}{/hddsDatanode}
2019-09-24 03:25:55,522 [main] INFO  server.AbstractConnector (AbstractConnector.java:doStart(278)) - Started ServerConnector@22825e1e{HTTP/1.1,[http/1.1]}{0.0.0.0:33599}
2019-09-24 03:25:55,523 [main] INFO  server.Server (Server.java:doStart(419)) - Started @6881ms
2019-09-24 03:25:55,523 [main] WARN  impl.MetricsSystemImpl (MetricsSystemImpl.java:register(276)) - Sink prometheus already exists!
2019-09-24 03:25:55,524 [main] INFO  server.BaseHttpServer (BaseHttpServer.java:updateConnectorAddress(215)) - HTTP server of HDDSDATANODE is listening at http://0.0.0.0:33599
2019-09-24 03:25:55,524 [main] INFO  impl.MetricsSystemImpl (MetricsSystemImpl.java:init(158)) - HddsDatanode metrics system started (again)
2019-09-24 03:25:55,527 [org.apache.hadoop.util.JvmPauseMonitor$Monitor@c56485b] INFO  util.JvmPauseMonitor (JvmPauseMonitor.java:run(188)) - Starting JVM pause monitor
2019-09-24 03:25:55,527 [main] INFO  ozone.HddsDatanodeService (HddsDatanodeService.java:start(184)) - HddsDatanodeService host:pr-hdds-2162-tjkd5-3209850126 ip:192.168.151.121
2019-09-24 03:25:55,529 [Datanode State Machine Thread - 0] INFO  datanode.InitDatanodeState (InitDatanodeState.java:persistContainerDatanodeDetails(140)) - DatanodeDetails is persisted to /workdir/hadoop-ozone/integration-test/target/test-dir/MiniOzoneClusterImpl-e5f1ddf0-a5ce-4ae4-b63c-73802c2fbca4/datanode-2/meta/datanode.id
2019-09-24 03:25:55,534 [main] INFO  volume.HddsVolume (HddsVolume.java:<init>(176)) - Creating Volume: /workdir/hadoop-ozone/integration-test/target/test-dir/MiniOzoneClusterImpl-e5f1ddf0-a5ce-4ae4-b63c-73802c2fbca4/datanode-3/data/containers/hdds of  storage type : DISK and capacity : 1482555576320
2019-09-24 03:25:55,535 [main] INFO  volume.VolumeSet (VolumeSet.java:initializeVolumeSet(170)) - Added Volume : /workdir/hadoop-ozone/integration-test/target/test-dir/MiniOzoneClusterImpl-e5f1ddf0-a5ce-4ae4-b63c-73802c2fbca4/datanode-3/data/containers/hdds to VolumeSet
2019-09-24 03:25:55,535 [main] INFO  volume.ThrottledAsyncChecker (ThrottledAsyncChecker.java:schedule(139)) - Scheduling a check for org.apache.hadoop.ozone.container.common.volume.HddsVolume@4ea56bdb
2019-09-24 03:25:55,536 [main] INFO  volume.HddsVolumeChecker (HddsVolumeChecker.java:checkAllVolumes(202)) - Scheduled health check for volume org.apache.hadoop.ozone.container.common.volume.HddsVolume@4ea56bdb
2019-09-24 03:25:55,552 [main] INFO  impl.RaftServerProxy (ConfUtils.java:logGet(43)) - raft.rpc.type = GRPC (default)
2019-09-24 03:25:55,552 [main] INFO  grpc.GrpcFactory (GrpcFactory.java:checkPooledByteBufAllocatorUseCacheForAllThreads(45)) - PERFORMANCE WARNING: useCacheForAllThreads is true that may cause Netty to create a lot garbage objects and, as a result, trigger GC.
	It is recommended to disable useCacheForAllThreads by setting -Dorg.apache.ratis.thirdparty.io.netty.allocator.useCacheForAllThreads=false in command line.
2019-09-24 03:25:55,552 [main] INFO  grpc.GrpcConfigKeys$Server (ConfUtils.java:logGet(43)) - raft.grpc.server.port = 0 (default)
2019-09-24 03:25:55,553 [main] INFO  server.GrpcService (ConfUtils.java:logGet(43)) - raft.grpc.message.size.max = 33570816 (custom)
2019-09-24 03:25:55,553 [main] INFO  server.RaftServerConfigKeys (ConfUtils.java:logGet(43)) - raft.server.log.appender.buffer.byte-limit = 33554432 (custom)
2019-09-24 03:25:55,553 [main] INFO  server.GrpcService (ConfUtils.java:logGet(43)) - raft.grpc.flow.control.window = 1MB (=1048576) (default)
2019-09-24 03:25:55,553 [main] INFO  server.RaftServerConfigKeys (ConfUtils.java:logGet(43)) - raft.server.rpc.request.timeout = 3000ms (default)
2019-09-24 03:25:55,554 [main] INFO  server.RaftServerConfigKeys (ConfUtils.java:logGet(43)) - raft.server.storage.dir = [/workdir/hadoop-ozone/integration-test/target/test-dir/MiniOzoneClusterImpl-e5f1ddf0-a5ce-4ae4-b63c-73802c2fbca4/datanode-3/data/ratis] (custom)
2019-09-24 03:25:55,556 [main] INFO  hdfs.DFSUtil (DFSUtil.java:httpServerTemplateForNNAndJN(1641)) - Starting Web-server for hddsDatanode at: http://0.0.0.0:0
2019-09-24 03:25:55,558 [main] INFO  server.AuthenticationFilter (AuthenticationFilter.java:constructSecretProvider(240)) - Unable to initialize FileSignerSecretProvider, falling back to use random secrets.
2019-09-24 03:25:55,559 [main] WARN  http.HttpRequestLog (HttpRequestLog.java:getRequestLog(97)) - Jetty request log can only be enabled using Log4j
2019-09-24 03:25:55,561 [main] INFO  http.HttpServer2 (HttpServer2.java:addGlobalFilter(975)) - Added global filter 'safety' (class=org.apache.hadoop.http.HttpServer2$QuotingInputFilter)
2019-09-24 03:25:55,562 [main] INFO  http.HttpServer2 (HttpServer2.java:addFilter(948)) - Added filter static_user_filter (class=org.apache.hadoop.http.lib.StaticUserWebFilter$StaticUserFilter) to context hddsDatanode
2019-09-24 03:25:55,562 [main] INFO  http.HttpServer2 (HttpServer2.java:addFilter(958)) - Added filter static_user_filter (class=org.apache.hadoop.http.lib.StaticUserWebFilter$StaticUserFilter) to context static
2019-09-24 03:25:55,562 [main] INFO  http.HttpServer2 (HttpServer2.java:addFilter(958)) - Added filter static_user_filter (class=org.apache.hadoop.http.lib.StaticUserWebFilter$StaticUserFilter) to context logs
2019-09-24 03:25:55,563 [main] INFO  http.HttpServer2 (HttpServer2.java:bindListener(1191)) - Jetty bound to port 46857
2019-09-24 03:25:55,564 [main] INFO  server.Server (Server.java:doStart(351)) - jetty-9.3.25.v20180904, build timestamp: 2018-09-04T21:11:46Z, git hash: 3ce520221d0240229c862b122d2b06c12a625732
2019-09-24 03:25:55,566 [main] INFO  handler.ContextHandler (ContextHandler.java:doStart(781)) - Started o.e.j.s.ServletContextHandler@d3e3085{/logs,file:///workdir/hadoop-ozone/integration-test/target/log,AVAILABLE}
2019-09-24 03:25:55,566 [main] INFO  handler.ContextHandler (ContextHandler.java:doStart(781)) - Started o.e.j.s.ServletContextHandler@285005b8{/static,jar:file:/home/user/.m2/repository/org/apache/hadoop/hadoop-hdds-container-service/0.5.0-SNAPSHOT/hadoop-hdds-container-service-0.5.0-SNAPSHOT.jar!/webapps/static,AVAILABLE}
2019-09-24 03:25:55,602 [main] INFO  handler.ContextHandler (ContextHandler.java:doStart(781)) - Started o.e.j.w.WebAppContext@681c0ae6{/,file:///workdir/hadoop-ozone/integration-test/target/tmp/kms/webapp/,AVAILABLE}{/hddsDatanode}
2019-09-24 03:25:55,602 [main] INFO  server.AbstractConnector (AbstractConnector.java:doStart(278)) - Started ServerConnector@73ca34e7{HTTP/1.1,[http/1.1]}{0.0.0.0:46857}
2019-09-24 03:25:55,603 [main] INFO  server.Server (Server.java:doStart(419)) - Started @6961ms
2019-09-24 03:25:55,603 [main] WARN  impl.MetricsSystemImpl (MetricsSystemImpl.java:register(276)) - Sink prometheus already exists!
2019-09-24 03:25:55,604 [main] INFO  server.BaseHttpServer (BaseHttpServer.java:updateConnectorAddress(215)) - HTTP server of HDDSDATANODE is listening at http://0.0.0.0:46857
2019-09-24 03:25:55,605 [main] INFO  impl.MetricsSystemImpl (MetricsSystemImpl.java:init(158)) - HddsDatanode metrics system started (again)
2019-09-24 03:25:55,607 [org.apache.hadoop.util.JvmPauseMonitor$Monitor@5fed190c] INFO  util.JvmPauseMonitor (JvmPauseMonitor.java:run(188)) - Starting JVM pause monitor
2019-09-24 03:25:55,609 [main] INFO  ozone.HddsDatanodeService (HddsDatanodeService.java:start(184)) - HddsDatanodeService host:pr-hdds-2162-tjkd5-3209850126 ip:192.168.151.121
2019-09-24 03:25:55,610 [Datanode State Machine Thread - 0] INFO  datanode.InitDatanodeState (InitDatanodeState.java:persistContainerDatanodeDetails(140)) - DatanodeDetails is persisted to /workdir/hadoop-ozone/integration-test/target/test-dir/MiniOzoneClusterImpl-e5f1ddf0-a5ce-4ae4-b63c-73802c2fbca4/datanode-3/meta/datanode.id
2019-09-24 03:25:55,616 [main] INFO  volume.HddsVolume (HddsVolume.java:<init>(176)) - Creating Volume: /workdir/hadoop-ozone/integration-test/target/test-dir/MiniOzoneClusterImpl-e5f1ddf0-a5ce-4ae4-b63c-73802c2fbca4/datanode-4/data/containers/hdds of  storage type : DISK and capacity : 1482555576320
2019-09-24 03:25:55,617 [main] INFO  volume.VolumeSet (VolumeSet.java:initializeVolumeSet(170)) - Added Volume : /workdir/hadoop-ozone/integration-test/target/test-dir/MiniOzoneClusterImpl-e5f1ddf0-a5ce-4ae4-b63c-73802c2fbca4/datanode-4/data/containers/hdds to VolumeSet
2019-09-24 03:25:55,617 [main] INFO  volume.ThrottledAsyncChecker (ThrottledAsyncChecker.java:schedule(139)) - Scheduling a check for org.apache.hadoop.ozone.container.common.volume.HddsVolume@5f025000
2019-09-24 03:25:55,618 [main] INFO  volume.HddsVolumeChecker (HddsVolumeChecker.java:checkAllVolumes(202)) - Scheduled health check for volume org.apache.hadoop.ozone.container.common.volume.HddsVolume@5f025000
2019-09-24 03:25:55,633 [main] INFO  impl.RaftServerProxy (ConfUtils.java:logGet(43)) - raft.rpc.type = GRPC (default)
2019-09-24 03:25:55,634 [main] INFO  grpc.GrpcFactory (GrpcFactory.java:checkPooledByteBufAllocatorUseCacheForAllThreads(45)) - PERFORMANCE WARNING: useCacheForAllThreads is true that may cause Netty to create a lot garbage objects and, as a result, trigger GC.
	It is recommended to disable useCacheForAllThreads by setting -Dorg.apache.ratis.thirdparty.io.netty.allocator.useCacheForAllThreads=false in command line.
2019-09-24 03:25:55,634 [main] INFO  grpc.GrpcConfigKeys$Server (ConfUtils.java:logGet(43)) - raft.grpc.server.port = 0 (default)
2019-09-24 03:25:55,634 [main] INFO  server.GrpcService (ConfUtils.java:logGet(43)) - raft.grpc.message.size.max = 33570816 (custom)
2019-09-24 03:25:55,634 [main] INFO  server.RaftServerConfigKeys (ConfUtils.java:logGet(43)) - raft.server.log.appender.buffer.byte-limit = 33554432 (custom)
2019-09-24 03:25:55,634 [main] INFO  server.GrpcService (ConfUtils.java:logGet(43)) - raft.grpc.flow.control.window = 1MB (=1048576) (default)
2019-09-24 03:25:55,635 [main] INFO  server.RaftServerConfigKeys (ConfUtils.java:logGet(43)) - raft.server.rpc.request.timeout = 3000ms (default)
2019-09-24 03:25:55,635 [main] INFO  server.RaftServerConfigKeys (ConfUtils.java:logGet(43)) - raft.server.storage.dir = [/workdir/hadoop-ozone/integration-test/target/test-dir/MiniOzoneClusterImpl-e5f1ddf0-a5ce-4ae4-b63c-73802c2fbca4/datanode-4/data/ratis] (custom)
2019-09-24 03:25:55,646 [main] INFO  hdfs.DFSUtil (DFSUtil.java:httpServerTemplateForNNAndJN(1641)) - Starting Web-server for hddsDatanode at: http://0.0.0.0:0
2019-09-24 03:25:55,648 [main] INFO  server.AuthenticationFilter (AuthenticationFilter.java:constructSecretProvider(240)) - Unable to initialize FileSignerSecretProvider, falling back to use random secrets.
2019-09-24 03:25:55,648 [main] WARN  http.HttpRequestLog (HttpRequestLog.java:getRequestLog(97)) - Jetty request log can only be enabled using Log4j
2019-09-24 03:25:55,650 [main] INFO  http.HttpServer2 (HttpServer2.java:addGlobalFilter(975)) - Added global filter 'safety' (class=org.apache.hadoop.http.HttpServer2$QuotingInputFilter)
2019-09-24 03:25:55,650 [main] INFO  http.HttpServer2 (HttpServer2.java:addFilter(948)) - Added filter static_user_filter (class=org.apache.hadoop.http.lib.StaticUserWebFilter$StaticUserFilter) to context hddsDatanode
2019-09-24 03:25:55,650 [main] INFO  http.HttpServer2 (HttpServer2.java:addFilter(958)) - Added filter static_user_filter (class=org.apache.hadoop.http.lib.StaticUserWebFilter$StaticUserFilter) to context logs
2019-09-24 03:25:55,651 [main] INFO  http.HttpServer2 (HttpServer2.java:addFilter(958)) - Added filter static_user_filter (class=org.apache.hadoop.http.lib.StaticUserWebFilter$StaticUserFilter) to context static
2019-09-24 03:25:55,651 [main] INFO  http.HttpServer2 (HttpServer2.java:bindListener(1191)) - Jetty bound to port 34759
2019-09-24 03:25:55,651 [main] INFO  server.Server (Server.java:doStart(351)) - jetty-9.3.25.v20180904, build timestamp: 2018-09-04T21:11:46Z, git hash: 3ce520221d0240229c862b122d2b06c12a625732
2019-09-24 03:25:55,653 [main] INFO  handler.ContextHandler (ContextHandler.java:doStart(781)) - Started o.e.j.s.ServletContextHandler@52831a73{/logs,file:///workdir/hadoop-ozone/integration-test/target/log,AVAILABLE}
2019-09-24 03:25:55,654 [main] INFO  handler.ContextHandler (ContextHandler.java:doStart(781)) - Started o.e.j.s.ServletContextHandler@66ec4409{/static,jar:file:/home/user/.m2/repository/org/apache/hadoop/hadoop-hdds-container-service/0.5.0-SNAPSHOT/hadoop-hdds-container-service-0.5.0-SNAPSHOT.jar!/webapps/static,AVAILABLE}
2019-09-24 03:25:55,684 [main] INFO  handler.ContextHandler (ContextHandler.java:doStart(781)) - Started o.e.j.w.WebAppContext@4dfdfe7d{/,file:///workdir/hadoop-ozone/integration-test/target/tmp/kms/webapp/,AVAILABLE}{/hddsDatanode}
2019-09-24 03:25:55,684 [main] INFO  server.AbstractConnector (AbstractConnector.java:doStart(278)) - Started ServerConnector@1578b8ec{HTTP/1.1,[http/1.1]}{0.0.0.0:34759}
2019-09-24 03:25:55,685 [main] INFO  server.Server (Server.java:doStart(419)) - Started @7043ms
2019-09-24 03:25:55,686 [main] WARN  impl.MetricsSystemImpl (MetricsSystemImpl.java:register(276)) - Sink prometheus already exists!
2019-09-24 03:25:55,686 [main] INFO  server.BaseHttpServer (BaseHttpServer.java:updateConnectorAddress(215)) - HTTP server of HDDSDATANODE is listening at http://0.0.0.0:34759
2019-09-24 03:25:55,687 [main] INFO  impl.MetricsSystemImpl (MetricsSystemImpl.java:init(158)) - HddsDatanode metrics system started (again)
2019-09-24 03:25:55,690 [org.apache.hadoop.util.JvmPauseMonitor$Monitor@174c88a3] INFO  util.JvmPauseMonitor (JvmPauseMonitor.java:run(188)) - Starting JVM pause monitor
2019-09-24 03:25:55,690 [main] INFO  ozone.HddsDatanodeService (HddsDatanodeService.java:start(184)) - HddsDatanodeService host:pr-hdds-2162-tjkd5-3209850126 ip:192.168.151.121
2019-09-24 03:25:55,691 [Datanode State Machine Thread - 0] INFO  datanode.InitDatanodeState (InitDatanodeState.java:persistContainerDatanodeDetails(140)) - DatanodeDetails is persisted to /workdir/hadoop-ozone/integration-test/target/test-dir/MiniOzoneClusterImpl-e5f1ddf0-a5ce-4ae4-b63c-73802c2fbca4/datanode-4/meta/datanode.id
2019-09-24 03:25:55,697 [main] INFO  volume.HddsVolume (HddsVolume.java:<init>(176)) - Creating Volume: /workdir/hadoop-ozone/integration-test/target/test-dir/MiniOzoneClusterImpl-e5f1ddf0-a5ce-4ae4-b63c-73802c2fbca4/datanode-5/data/containers/hdds of  storage type : DISK and capacity : 1482555576320
2019-09-24 03:25:55,698 [main] INFO  volume.VolumeSet (VolumeSet.java:initializeVolumeSet(170)) - Added Volume : /workdir/hadoop-ozone/integration-test/target/test-dir/MiniOzoneClusterImpl-e5f1ddf0-a5ce-4ae4-b63c-73802c2fbca4/datanode-5/data/containers/hdds to VolumeSet
2019-09-24 03:25:55,698 [main] INFO  volume.ThrottledAsyncChecker (ThrottledAsyncChecker.java:schedule(139)) - Scheduling a check for org.apache.hadoop.ozone.container.common.volume.HddsVolume@3380ca3d
2019-09-24 03:25:55,699 [main] INFO  volume.HddsVolumeChecker (HddsVolumeChecker.java:checkAllVolumes(202)) - Scheduled health check for volume org.apache.hadoop.ozone.container.common.volume.HddsVolume@3380ca3d
2019-09-24 03:25:55,715 [main] INFO  impl.RaftServerProxy (ConfUtils.java:logGet(43)) - raft.rpc.type = GRPC (default)
2019-09-24 03:25:55,715 [main] INFO  grpc.GrpcFactory (GrpcFactory.java:checkPooledByteBufAllocatorUseCacheForAllThreads(45)) - PERFORMANCE WARNING: useCacheForAllThreads is true that may cause Netty to create a lot garbage objects and, as a result, trigger GC.
	It is recommended to disable useCacheForAllThreads by setting -Dorg.apache.ratis.thirdparty.io.netty.allocator.useCacheForAllThreads=false in command line.
2019-09-24 03:25:55,716 [main] INFO  grpc.GrpcConfigKeys$Server (ConfUtils.java:logGet(43)) - raft.grpc.server.port = 0 (default)
2019-09-24 03:25:55,716 [main] INFO  server.GrpcService (ConfUtils.java:logGet(43)) - raft.grpc.message.size.max = 33570816 (custom)
2019-09-24 03:25:55,716 [main] INFO  server.RaftServerConfigKeys (ConfUtils.java:logGet(43)) - raft.server.log.appender.buffer.byte-limit = 33554432 (custom)
2019-09-24 03:25:55,716 [main] INFO  server.GrpcService (ConfUtils.java:logGet(43)) - raft.grpc.flow.control.window = 1MB (=1048576) (default)
2019-09-24 03:25:55,716 [main] INFO  server.RaftServerConfigKeys (ConfUtils.java:logGet(43)) - raft.server.rpc.request.timeout = 3000ms (default)
2019-09-24 03:25:55,717 [main] INFO  server.RaftServerConfigKeys (ConfUtils.java:logGet(43)) - raft.server.storage.dir = [/workdir/hadoop-ozone/integration-test/target/test-dir/MiniOzoneClusterImpl-e5f1ddf0-a5ce-4ae4-b63c-73802c2fbca4/datanode-5/data/ratis] (custom)
2019-09-24 03:25:55,719 [main] INFO  hdfs.DFSUtil (DFSUtil.java:httpServerTemplateForNNAndJN(1641)) - Starting Web-server for hddsDatanode at: http://0.0.0.0:0
2019-09-24 03:25:55,720 [main] INFO  server.AuthenticationFilter (AuthenticationFilter.java:constructSecretProvider(240)) - Unable to initialize FileSignerSecretProvider, falling back to use random secrets.
2019-09-24 03:25:55,720 [main] WARN  http.HttpRequestLog (HttpRequestLog.java:getRequestLog(97)) - Jetty request log can only be enabled using Log4j
2019-09-24 03:25:55,722 [main] INFO  http.HttpServer2 (HttpServer2.java:addGlobalFilter(975)) - Added global filter 'safety' (class=org.apache.hadoop.http.HttpServer2$QuotingInputFilter)
2019-09-24 03:25:55,722 [main] INFO  http.HttpServer2 (HttpServer2.java:addFilter(948)) - Added filter static_user_filter (class=org.apache.hadoop.http.lib.StaticUserWebFilter$StaticUserFilter) to context hddsDatanode
2019-09-24 03:25:55,723 [main] INFO  http.HttpServer2 (HttpServer2.java:addFilter(958)) - Added filter static_user_filter (class=org.apache.hadoop.http.lib.StaticUserWebFilter$StaticUserFilter) to context logs
2019-09-24 03:25:55,723 [main] INFO  http.HttpServer2 (HttpServer2.java:addFilter(958)) - Added filter static_user_filter (class=org.apache.hadoop.http.lib.StaticUserWebFilter$StaticUserFilter) to context static
2019-09-24 03:25:55,723 [main] INFO  http.HttpServer2 (HttpServer2.java:bindListener(1191)) - Jetty bound to port 40552
2019-09-24 03:25:55,724 [main] INFO  server.Server (Server.java:doStart(351)) - jetty-9.3.25.v20180904, build timestamp: 2018-09-04T21:11:46Z, git hash: 3ce520221d0240229c862b122d2b06c12a625732
2019-09-24 03:25:55,767 [main] INFO  handler.ContextHandler (ContextHandler.java:doStart(781)) - Started o.e.j.s.ServletContextHandler@69c532af{/logs,file:///workdir/hadoop-ozone/integration-test/target/log,AVAILABLE}
2019-09-24 03:25:55,769 [main] INFO  handler.ContextHandler (ContextHandler.java:doStart(781)) - Started o.e.j.s.ServletContextHandler@51a16adf{/static,jar:file:/home/user/.m2/repository/org/apache/hadoop/hadoop-hdds-container-service/0.5.0-SNAPSHOT/hadoop-hdds-container-service-0.5.0-SNAPSHOT.jar!/webapps/static,AVAILABLE}
2019-09-24 03:25:55,815 [main] INFO  handler.ContextHandler (ContextHandler.java:doStart(781)) - Started o.e.j.w.WebAppContext@22d8f4ed{/,file:///workdir/hadoop-ozone/integration-test/target/tmp/kms/webapp/,AVAILABLE}{/hddsDatanode}
2019-09-24 03:25:55,817 [main] INFO  server.AbstractConnector (AbstractConnector.java:doStart(278)) - Started ServerConnector@3434a4f0{HTTP/1.1,[http/1.1]}{0.0.0.0:40552}
2019-09-24 03:25:55,817 [main] INFO  server.Server (Server.java:doStart(419)) - Started @7175ms
2019-09-24 03:25:55,817 [main] WARN  impl.MetricsSystemImpl (MetricsSystemImpl.java:register(276)) - Sink prometheus already exists!
2019-09-24 03:25:55,818 [main] INFO  server.BaseHttpServer (BaseHttpServer.java:updateConnectorAddress(215)) - HTTP server of HDDSDATANODE is listening at http://0.0.0.0:40552
2019-09-24 03:25:55,819 [main] INFO  impl.MetricsSystemImpl (MetricsSystemImpl.java:init(158)) - HddsDatanode metrics system started (again)
2019-09-24 03:25:55,821 [org.apache.hadoop.util.JvmPauseMonitor$Monitor@55c53675] INFO  util.JvmPauseMonitor (JvmPauseMonitor.java:run(188)) - Starting JVM pause monitor
2019-09-24 03:25:55,823 [main] INFO  ozone.HddsDatanodeService (HddsDatanodeService.java:start(184)) - HddsDatanodeService host:pr-hdds-2162-tjkd5-3209850126 ip:192.168.151.121
2019-09-24 03:25:55,824 [Datanode State Machine Thread - 0] INFO  datanode.InitDatanodeState (InitDatanodeState.java:persistContainerDatanodeDetails(140)) - DatanodeDetails is persisted to /workdir/hadoop-ozone/integration-test/target/test-dir/MiniOzoneClusterImpl-e5f1ddf0-a5ce-4ae4-b63c-73802c2fbca4/datanode-5/meta/datanode.id
2019-09-24 03:25:55,830 [main] INFO  volume.HddsVolume (HddsVolume.java:<init>(176)) - Creating Volume: /workdir/hadoop-ozone/integration-test/target/test-dir/MiniOzoneClusterImpl-e5f1ddf0-a5ce-4ae4-b63c-73802c2fbca4/datanode-6/data/containers/hdds of  storage type : DISK and capacity : 1482555576320
2019-09-24 03:25:55,831 [main] INFO  volume.VolumeSet (VolumeSet.java:initializeVolumeSet(170)) - Added Volume : /workdir/hadoop-ozone/integration-test/target/test-dir/MiniOzoneClusterImpl-e5f1ddf0-a5ce-4ae4-b63c-73802c2fbca4/datanode-6/data/containers/hdds to VolumeSet
2019-09-24 03:25:55,831 [main] INFO  volume.ThrottledAsyncChecker (ThrottledAsyncChecker.java:schedule(139)) - Scheduling a check for org.apache.hadoop.ozone.container.common.volume.HddsVolume@32a72c4
2019-09-24 03:25:55,832 [main] INFO  volume.HddsVolumeChecker (HddsVolumeChecker.java:checkAllVolumes(202)) - Scheduled health check for volume org.apache.hadoop.ozone.container.common.volume.HddsVolume@32a72c4
2019-09-24 03:25:55,851 [main] INFO  impl.RaftServerProxy (ConfUtils.java:logGet(43)) - raft.rpc.type = GRPC (default)
2019-09-24 03:25:55,851 [main] INFO  grpc.GrpcFactory (GrpcFactory.java:checkPooledByteBufAllocatorUseCacheForAllThreads(45)) - PERFORMANCE WARNING: useCacheForAllThreads is true that may cause Netty to create a lot garbage objects and, as a result, trigger GC.
	It is recommended to disable useCacheForAllThreads by setting -Dorg.apache.ratis.thirdparty.io.netty.allocator.useCacheForAllThreads=false in command line.
2019-09-24 03:25:55,852 [main] INFO  grpc.GrpcConfigKeys$Server (ConfUtils.java:logGet(43)) - raft.grpc.server.port = 0 (default)
2019-09-24 03:25:55,852 [main] INFO  server.GrpcService (ConfUtils.java:logGet(43)) - raft.grpc.message.size.max = 33570816 (custom)
2019-09-24 03:25:55,852 [main] INFO  server.RaftServerConfigKeys (ConfUtils.java:logGet(43)) - raft.server.log.appender.buffer.byte-limit = 33554432 (custom)
2019-09-24 03:25:55,853 [main] INFO  server.GrpcService (ConfUtils.java:logGet(43)) - raft.grpc.flow.control.window = 1MB (=1048576) (default)
2019-09-24 03:25:55,853 [main] INFO  server.RaftServerConfigKeys (ConfUtils.java:logGet(43)) - raft.server.rpc.request.timeout = 3000ms (default)
2019-09-24 03:25:55,854 [main] INFO  server.RaftServerConfigKeys (ConfUtils.java:logGet(43)) - raft.server.storage.dir = [/workdir/hadoop-ozone/integration-test/target/test-dir/MiniOzoneClusterImpl-e5f1ddf0-a5ce-4ae4-b63c-73802c2fbca4/datanode-6/data/ratis] (custom)
2019-09-24 03:25:55,856 [main] INFO  hdfs.DFSUtil (DFSUtil.java:httpServerTemplateForNNAndJN(1641)) - Starting Web-server for hddsDatanode at: http://0.0.0.0:0
2019-09-24 03:25:55,857 [main] INFO  server.AuthenticationFilter (AuthenticationFilter.java:constructSecretProvider(240)) - Unable to initialize FileSignerSecretProvider, falling back to use random secrets.
2019-09-24 03:25:55,858 [main] WARN  http.HttpRequestLog (HttpRequestLog.java:getRequestLog(97)) - Jetty request log can only be enabled using Log4j
2019-09-24 03:25:55,859 [main] INFO  http.HttpServer2 (HttpServer2.java:addGlobalFilter(975)) - Added global filter 'safety' (class=org.apache.hadoop.http.HttpServer2$QuotingInputFilter)
2019-09-24 03:25:55,859 [main] INFO  http.HttpServer2 (HttpServer2.java:addFilter(948)) - Added filter static_user_filter (class=org.apache.hadoop.http.lib.StaticUserWebFilter$StaticUserFilter) to context hddsDatanode
2019-09-24 03:25:55,860 [main] INFO  http.HttpServer2 (HttpServer2.java:addFilter(958)) - Added filter static_user_filter (class=org.apache.hadoop.http.lib.StaticUserWebFilter$StaticUserFilter) to context logs
2019-09-24 03:25:55,860 [main] INFO  http.HttpServer2 (HttpServer2.java:addFilter(958)) - Added filter static_user_filter (class=org.apache.hadoop.http.lib.StaticUserWebFilter$StaticUserFilter) to context static
2019-09-24 03:25:55,860 [main] INFO  http.HttpServer2 (HttpServer2.java:bindListener(1191)) - Jetty bound to port 43347
2019-09-24 03:25:55,860 [main] INFO  server.Server (Server.java:doStart(351)) - jetty-9.3.25.v20180904, build timestamp: 2018-09-04T21:11:46Z, git hash: 3ce520221d0240229c862b122d2b06c12a625732
2019-09-24 03:25:55,862 [main] INFO  handler.ContextHandler (ContextHandler.java:doStart(781)) - Started o.e.j.s.ServletContextHandler@5a566922{/logs,file:///workdir/hadoop-ozone/integration-test/target/log,AVAILABLE}
2019-09-24 03:25:55,862 [main] INFO  handler.ContextHandler (ContextHandler.java:doStart(781)) - Started o.e.j.s.ServletContextHandler@42ed89da{/static,jar:file:/home/user/.m2/repository/org/apache/hadoop/hadoop-hdds-container-service/0.5.0-SNAPSHOT/hadoop-hdds-container-service-0.5.0-SNAPSHOT.jar!/webapps/static,AVAILABLE}
2019-09-24 03:25:55,890 [main] INFO  handler.ContextHandler (ContextHandler.java:doStart(781)) - Started o.e.j.w.WebAppContext@184823ed{/,file:///workdir/hadoop-ozone/integration-test/target/tmp/kms/webapp/,AVAILABLE}{/hddsDatanode}
2019-09-24 03:25:55,891 [main] INFO  server.AbstractConnector (AbstractConnector.java:doStart(278)) - Started ServerConnector@30bbcf91{HTTP/1.1,[http/1.1]}{0.0.0.0:43347}
2019-09-24 03:25:55,892 [main] INFO  server.Server (Server.java:doStart(419)) - Started @7250ms
2019-09-24 03:25:55,892 [main] WARN  impl.MetricsSystemImpl (MetricsSystemImpl.java:register(276)) - Sink prometheus already exists!
2019-09-24 03:25:55,893 [main] INFO  server.BaseHttpServer (BaseHttpServer.java:updateConnectorAddress(215)) - HTTP server of HDDSDATANODE is listening at http://0.0.0.0:43347
2019-09-24 03:25:55,893 [main] INFO  impl.MetricsSystemImpl (MetricsSystemImpl.java:init(158)) - HddsDatanode metrics system started (again)
2019-09-24 03:25:55,897 [org.apache.hadoop.util.JvmPauseMonitor$Monitor@7bebfea3] INFO  util.JvmPauseMonitor (JvmPauseMonitor.java:run(188)) - Starting JVM pause monitor
2019-09-24 03:25:55,898 [main] INFO  ozone.HddsDatanodeService (HddsDatanodeService.java:start(184)) - HddsDatanodeService host:pr-hdds-2162-tjkd5-3209850126 ip:192.168.151.121
2019-09-24 03:25:55,898 [Datanode State Machine Thread - 0] INFO  datanode.InitDatanodeState (InitDatanodeState.java:persistContainerDatanodeDetails(140)) - DatanodeDetails is persisted to /workdir/hadoop-ozone/integration-test/target/test-dir/MiniOzoneClusterImpl-e5f1ddf0-a5ce-4ae4-b63c-73802c2fbca4/datanode-6/meta/datanode.id
2019-09-24 03:25:55,904 [main] INFO  volume.HddsVolume (HddsVolume.java:<init>(176)) - Creating Volume: /workdir/hadoop-ozone/integration-test/target/test-dir/MiniOzoneClusterImpl-e5f1ddf0-a5ce-4ae4-b63c-73802c2fbca4/datanode-7/data/containers/hdds of  storage type : DISK and capacity : 1482555576320
2019-09-24 03:25:55,904 [main] INFO  volume.VolumeSet (VolumeSet.java:initializeVolumeSet(170)) - Added Volume : /workdir/hadoop-ozone/integration-test/target/test-dir/MiniOzoneClusterImpl-e5f1ddf0-a5ce-4ae4-b63c-73802c2fbca4/datanode-7/data/containers/hdds to VolumeSet
2019-09-24 03:25:55,904 [main] INFO  volume.ThrottledAsyncChecker (ThrottledAsyncChecker.java:schedule(139)) - Scheduling a check for org.apache.hadoop.ozone.container.common.volume.HddsVolume@3b7c58e7
2019-09-24 03:25:55,905 [main] INFO  volume.HddsVolumeChecker (HddsVolumeChecker.java:checkAllVolumes(202)) - Scheduled health check for volume org.apache.hadoop.ozone.container.common.volume.HddsVolume@3b7c58e7
2019-09-24 03:25:55,923 [main] INFO  impl.RaftServerProxy (ConfUtils.java:logGet(43)) - raft.rpc.type = GRPC (default)
2019-09-24 03:25:55,923 [main] INFO  grpc.GrpcFactory (GrpcFactory.java:checkPooledByteBufAllocatorUseCacheForAllThreads(45)) - PERFORMANCE WARNING: useCacheForAllThreads is true that may cause Netty to create a lot garbage objects and, as a result, trigger GC.
	It is recommended to disable useCacheForAllThreads by setting -Dorg.apache.ratis.thirdparty.io.netty.allocator.useCacheForAllThreads=false in command line.
2019-09-24 03:25:55,923 [main] INFO  grpc.GrpcConfigKeys$Server (ConfUtils.java:logGet(43)) - raft.grpc.server.port = 0 (default)
2019-09-24 03:25:55,923 [main] INFO  server.GrpcService (ConfUtils.java:logGet(43)) - raft.grpc.message.size.max = 33570816 (custom)
2019-09-24 03:25:55,923 [main] INFO  server.RaftServerConfigKeys (ConfUtils.java:logGet(43)) - raft.server.log.appender.buffer.byte-limit = 33554432 (custom)
2019-09-24 03:25:55,924 [main] INFO  server.GrpcService (ConfUtils.java:logGet(43)) - raft.grpc.flow.control.window = 1MB (=1048576) (default)
2019-09-24 03:25:55,924 [main] INFO  server.RaftServerConfigKeys (ConfUtils.java:logGet(43)) - raft.server.rpc.request.timeout = 3000ms (default)
2019-09-24 03:25:55,924 [main] INFO  server.RaftServerConfigKeys (ConfUtils.java:logGet(43)) - raft.server.storage.dir = [/workdir/hadoop-ozone/integration-test/target/test-dir/MiniOzoneClusterImpl-e5f1ddf0-a5ce-4ae4-b63c-73802c2fbca4/datanode-7/data/ratis] (custom)
2019-09-24 03:25:55,926 [main] INFO  hdfs.DFSUtil (DFSUtil.java:httpServerTemplateForNNAndJN(1641)) - Starting Web-server for hddsDatanode at: http://0.0.0.0:0
2019-09-24 03:25:55,927 [main] INFO  server.AuthenticationFilter (AuthenticationFilter.java:constructSecretProvider(240)) - Unable to initialize FileSignerSecretProvider, falling back to use random secrets.
2019-09-24 03:25:55,928 [main] WARN  http.HttpRequestLog (HttpRequestLog.java:getRequestLog(97)) - Jetty request log can only be enabled using Log4j
2019-09-24 03:25:55,929 [main] INFO  http.HttpServer2 (HttpServer2.java:addGlobalFilter(975)) - Added global filter 'safety' (class=org.apache.hadoop.http.HttpServer2$QuotingInputFilter)
2019-09-24 03:25:55,929 [main] INFO  http.HttpServer2 (HttpServer2.java:addFilter(948)) - Added filter static_user_filter (class=org.apache.hadoop.http.lib.StaticUserWebFilter$StaticUserFilter) to context hddsDatanode
2019-09-24 03:25:55,930 [main] INFO  http.HttpServer2 (HttpServer2.java:addFilter(958)) - Added filter static_user_filter (class=org.apache.hadoop.http.lib.StaticUserWebFilter$StaticUserFilter) to context logs
2019-09-24 03:25:55,930 [main] INFO  http.HttpServer2 (HttpServer2.java:addFilter(958)) - Added filter static_user_filter (class=org.apache.hadoop.http.lib.StaticUserWebFilter$StaticUserFilter) to context static
2019-09-24 03:25:55,930 [main] INFO  http.HttpServer2 (HttpServer2.java:bindListener(1191)) - Jetty bound to port 34574
2019-09-24 03:25:55,931 [main] INFO  server.Server (Server.java:doStart(351)) - jetty-9.3.25.v20180904, build timestamp: 2018-09-04T21:11:46Z, git hash: 3ce520221d0240229c862b122d2b06c12a625732
2019-09-24 03:25:55,932 [main] INFO  handler.ContextHandler (ContextHandler.java:doStart(781)) - Started o.e.j.s.ServletContextHandler@608cd501{/logs,file:///workdir/hadoop-ozone/integration-test/target/log,AVAILABLE}
2019-09-24 03:25:55,933 [main] INFO  handler.ContextHandler (ContextHandler.java:doStart(781)) - Started o.e.j.s.ServletContextHandler@59096b66{/static,jar:file:/home/user/.m2/repository/org/apache/hadoop/hadoop-hdds-container-service/0.5.0-SNAPSHOT/hadoop-hdds-container-service-0.5.0-SNAPSHOT.jar!/webapps/static,AVAILABLE}
2019-09-24 03:25:55,959 [main] INFO  handler.ContextHandler (ContextHandler.java:doStart(781)) - Started o.e.j.w.WebAppContext@7c46c9c3{/,file:///workdir/hadoop-ozone/integration-test/target/tmp/kms/webapp/,AVAILABLE}{/hddsDatanode}
2019-09-24 03:25:55,960 [main] INFO  server.AbstractConnector (AbstractConnector.java:doStart(278)) - Started ServerConnector@7197b07f{HTTP/1.1,[http/1.1]}{0.0.0.0:34574}
2019-09-24 03:25:55,961 [main] INFO  server.Server (Server.java:doStart(419)) - Started @7319ms
2019-09-24 03:25:55,961 [main] WARN  impl.MetricsSystemImpl (MetricsSystemImpl.java:register(276)) - Sink prometheus already exists!
2019-09-24 03:25:55,962 [main] INFO  server.BaseHttpServer (BaseHttpServer.java:updateConnectorAddress(215)) - HTTP server of HDDSDATANODE is listening at http://0.0.0.0:34574
2019-09-24 03:25:55,962 [main] INFO  impl.MetricsSystemImpl (MetricsSystemImpl.java:init(158)) - HddsDatanode metrics system started (again)
2019-09-24 03:25:55,966 [org.apache.hadoop.util.JvmPauseMonitor$Monitor@6d5e459f] INFO  util.JvmPauseMonitor (JvmPauseMonitor.java:run(188)) - Starting JVM pause monitor
2019-09-24 03:25:55,967 [main] INFO  ozone.HddsDatanodeService (HddsDatanodeService.java:start(184)) - HddsDatanodeService host:pr-hdds-2162-tjkd5-3209850126 ip:192.168.151.121
2019-09-24 03:25:55,968 [Datanode State Machine Thread - 0] INFO  datanode.InitDatanodeState (InitDatanodeState.java:persistContainerDatanodeDetails(140)) - DatanodeDetails is persisted to /workdir/hadoop-ozone/integration-test/target/test-dir/MiniOzoneClusterImpl-e5f1ddf0-a5ce-4ae4-b63c-73802c2fbca4/datanode-7/meta/datanode.id
2019-09-24 03:25:55,974 [main] INFO  volume.HddsVolume (HddsVolume.java:<init>(176)) - Creating Volume: /workdir/hadoop-ozone/integration-test/target/test-dir/MiniOzoneClusterImpl-e5f1ddf0-a5ce-4ae4-b63c-73802c2fbca4/datanode-8/data/containers/hdds of  storage type : DISK and capacity : 1482555576320
2019-09-24 03:25:55,975 [main] INFO  volume.VolumeSet (VolumeSet.java:initializeVolumeSet(170)) - Added Volume : /workdir/hadoop-ozone/integration-test/target/test-dir/MiniOzoneClusterImpl-e5f1ddf0-a5ce-4ae4-b63c-73802c2fbca4/datanode-8/data/containers/hdds to VolumeSet
2019-09-24 03:25:55,975 [main] INFO  volume.ThrottledAsyncChecker (ThrottledAsyncChecker.java:schedule(139)) - Scheduling a check for org.apache.hadoop.ozone.container.common.volume.HddsVolume@3fdcde7a
2019-09-24 03:25:55,975 [main] INFO  volume.HddsVolumeChecker (HddsVolumeChecker.java:checkAllVolumes(202)) - Scheduled health check for volume org.apache.hadoop.ozone.container.common.volume.HddsVolume@3fdcde7a
2019-09-24 03:25:55,991 [main] INFO  impl.RaftServerProxy (ConfUtils.java:logGet(43)) - raft.rpc.type = GRPC (default)
2019-09-24 03:25:55,991 [main] INFO  grpc.GrpcFactory (GrpcFactory.java:checkPooledByteBufAllocatorUseCacheForAllThreads(45)) - PERFORMANCE WARNING: useCacheForAllThreads is true that may cause Netty to create a lot garbage objects and, as a result, trigger GC.
	It is recommended to disable useCacheForAllThreads by setting -Dorg.apache.ratis.thirdparty.io.netty.allocator.useCacheForAllThreads=false in command line.
2019-09-24 03:25:55,991 [main] INFO  grpc.GrpcConfigKeys$Server (ConfUtils.java:logGet(43)) - raft.grpc.server.port = 0 (default)
2019-09-24 03:25:55,992 [main] INFO  server.GrpcService (ConfUtils.java:logGet(43)) - raft.grpc.message.size.max = 33570816 (custom)
2019-09-24 03:25:55,992 [main] INFO  server.RaftServerConfigKeys (ConfUtils.java:logGet(43)) - raft.server.log.appender.buffer.byte-limit = 33554432 (custom)
2019-09-24 03:25:55,992 [main] INFO  server.GrpcService (ConfUtils.java:logGet(43)) - raft.grpc.flow.control.window = 1MB (=1048576) (default)
2019-09-24 03:25:55,992 [main] INFO  server.RaftServerConfigKeys (ConfUtils.java:logGet(43)) - raft.server.rpc.request.timeout = 3000ms (default)
2019-09-24 03:25:55,992 [main] INFO  server.RaftServerConfigKeys (ConfUtils.java:logGet(43)) - raft.server.storage.dir = [/workdir/hadoop-ozone/integration-test/target/test-dir/MiniOzoneClusterImpl-e5f1ddf0-a5ce-4ae4-b63c-73802c2fbca4/datanode-8/data/ratis] (custom)
2019-09-24 03:25:55,994 [main] INFO  hdfs.DFSUtil (DFSUtil.java:httpServerTemplateForNNAndJN(1641)) - Starting Web-server for hddsDatanode at: http://0.0.0.0:0
2019-09-24 03:25:55,996 [main] INFO  server.AuthenticationFilter (AuthenticationFilter.java:constructSecretProvider(240)) - Unable to initialize FileSignerSecretProvider, falling back to use random secrets.
2019-09-24 03:25:55,997 [main] WARN  http.HttpRequestLog (HttpRequestLog.java:getRequestLog(97)) - Jetty request log can only be enabled using Log4j
2019-09-24 03:25:55,999 [main] INFO  http.HttpServer2 (HttpServer2.java:addGlobalFilter(975)) - Added global filter 'safety' (class=org.apache.hadoop.http.HttpServer2$QuotingInputFilter)
2019-09-24 03:25:55,999 [main] INFO  http.HttpServer2 (HttpServer2.java:addFilter(948)) - Added filter static_user_filter (class=org.apache.hadoop.http.lib.StaticUserWebFilter$StaticUserFilter) to context hddsDatanode
2019-09-24 03:25:56,000 [main] INFO  http.HttpServer2 (HttpServer2.java:addFilter(958)) - Added filter static_user_filter (class=org.apache.hadoop.http.lib.StaticUserWebFilter$StaticUserFilter) to context static
2019-09-24 03:25:56,000 [main] INFO  http.HttpServer2 (HttpServer2.java:addFilter(958)) - Added filter static_user_filter (class=org.apache.hadoop.http.lib.StaticUserWebFilter$StaticUserFilter) to context logs
2019-09-24 03:25:56,001 [main] INFO  http.HttpServer2 (HttpServer2.java:bindListener(1191)) - Jetty bound to port 37175
2019-09-24 03:25:56,001 [main] INFO  server.Server (Server.java:doStart(351)) - jetty-9.3.25.v20180904, build timestamp: 2018-09-04T21:11:46Z, git hash: 3ce520221d0240229c862b122d2b06c12a625732
2019-09-24 03:25:56,003 [main] INFO  handler.ContextHandler (ContextHandler.java:doStart(781)) - Started o.e.j.s.ServletContextHandler@4665428b{/logs,file:///workdir/hadoop-ozone/integration-test/target/log,AVAILABLE}
2019-09-24 03:25:56,004 [main] INFO  handler.ContextHandler (ContextHandler.java:doStart(781)) - Started o.e.j.s.ServletContextHandler@7fd99443{/static,jar:file:/home/user/.m2/repository/org/apache/hadoop/hadoop-hdds-container-service/0.5.0-SNAPSHOT/hadoop-hdds-container-service-0.5.0-SNAPSHOT.jar!/webapps/static,AVAILABLE}
2019-09-24 03:25:56,043 [main] INFO  handler.ContextHandler (ContextHandler.java:doStart(781)) - Started o.e.j.w.WebAppContext@5460edd3{/,file:///workdir/hadoop-ozone/integration-test/target/tmp/kms/webapp/,AVAILABLE}{/hddsDatanode}
2019-09-24 03:25:56,043 [main] INFO  server.AbstractConnector (AbstractConnector.java:doStart(278)) - Started ServerConnector@5dbbb292{HTTP/1.1,[http/1.1]}{0.0.0.0:37175}
2019-09-24 03:25:56,044 [main] INFO  server.Server (Server.java:doStart(419)) - Started @7402ms
2019-09-24 03:25:56,045 [main] WARN  impl.MetricsSystemImpl (MetricsSystemImpl.java:register(276)) - Sink prometheus already exists!
2019-09-24 03:25:56,046 [main] INFO  server.BaseHttpServer (BaseHttpServer.java:updateConnectorAddress(215)) - HTTP server of HDDSDATANODE is listening at http://0.0.0.0:37175
2019-09-24 03:25:56,046 [main] INFO  impl.MetricsSystemImpl (MetricsSystemImpl.java:init(158)) - HddsDatanode metrics system started (again)
2019-09-24 03:25:56,050 [org.apache.hadoop.util.JvmPauseMonitor$Monitor@462d62d7] INFO  util.JvmPauseMonitor (JvmPauseMonitor.java:run(188)) - Starting JVM pause monitor
2019-09-24 03:25:56,050 [main] INFO  ozone.HddsDatanodeService (HddsDatanodeService.java:start(184)) - HddsDatanodeService host:pr-hdds-2162-tjkd5-3209850126 ip:192.168.151.121
2019-09-24 03:25:56,051 [Datanode State Machine Thread - 0] INFO  datanode.InitDatanodeState (InitDatanodeState.java:persistContainerDatanodeDetails(140)) - DatanodeDetails is persisted to /workdir/hadoop-ozone/integration-test/target/test-dir/MiniOzoneClusterImpl-e5f1ddf0-a5ce-4ae4-b63c-73802c2fbca4/datanode-8/meta/datanode.id
2019-09-24 03:25:56,056 [main] INFO  volume.HddsVolume (HddsVolume.java:<init>(176)) - Creating Volume: /workdir/hadoop-ozone/integration-test/target/test-dir/MiniOzoneClusterImpl-e5f1ddf0-a5ce-4ae4-b63c-73802c2fbca4/datanode-9/data/containers/hdds of  storage type : DISK and capacity : 1482555576320
2019-09-24 03:25:56,057 [main] INFO  volume.VolumeSet (VolumeSet.java:initializeVolumeSet(170)) - Added Volume : /workdir/hadoop-ozone/integration-test/target/test-dir/MiniOzoneClusterImpl-e5f1ddf0-a5ce-4ae4-b63c-73802c2fbca4/datanode-9/data/containers/hdds to VolumeSet
2019-09-24 03:25:56,057 [main] INFO  volume.ThrottledAsyncChecker (ThrottledAsyncChecker.java:schedule(139)) - Scheduling a check for org.apache.hadoop.ozone.container.common.volume.HddsVolume@39549f33
2019-09-24 03:25:56,057 [main] INFO  volume.HddsVolumeChecker (HddsVolumeChecker.java:checkAllVolumes(202)) - Scheduled health check for volume org.apache.hadoop.ozone.container.common.volume.HddsVolume@39549f33
2019-09-24 03:25:56,076 [main] INFO  impl.RaftServerProxy (ConfUtils.java:logGet(43)) - raft.rpc.type = GRPC (default)
2019-09-24 03:25:56,076 [main] INFO  grpc.GrpcFactory (GrpcFactory.java:checkPooledByteBufAllocatorUseCacheForAllThreads(45)) - PERFORMANCE WARNING: useCacheForAllThreads is true that may cause Netty to create a lot garbage objects and, as a result, trigger GC.
	It is recommended to disable useCacheForAllThreads by setting -Dorg.apache.ratis.thirdparty.io.netty.allocator.useCacheForAllThreads=false in command line.
2019-09-24 03:25:56,076 [main] INFO  grpc.GrpcConfigKeys$Server (ConfUtils.java:logGet(43)) - raft.grpc.server.port = 0 (default)
2019-09-24 03:25:56,077 [main] INFO  server.GrpcService (ConfUtils.java:logGet(43)) - raft.grpc.message.size.max = 33570816 (custom)
2019-09-24 03:25:56,077 [main] INFO  server.RaftServerConfigKeys (ConfUtils.java:logGet(43)) - raft.server.log.appender.buffer.byte-limit = 33554432 (custom)
2019-09-24 03:25:56,077 [main] INFO  server.GrpcService (ConfUtils.java:logGet(43)) - raft.grpc.flow.control.window = 1MB (=1048576) (default)
2019-09-24 03:25:56,078 [main] INFO  server.RaftServerConfigKeys (ConfUtils.java:logGet(43)) - raft.server.rpc.request.timeout = 3000ms (default)
2019-09-24 03:25:56,078 [main] INFO  server.RaftServerConfigKeys (ConfUtils.java:logGet(43)) - raft.server.storage.dir = [/workdir/hadoop-ozone/integration-test/target/test-dir/MiniOzoneClusterImpl-e5f1ddf0-a5ce-4ae4-b63c-73802c2fbca4/datanode-9/data/ratis] (custom)
2019-09-24 03:25:56,081 [main] INFO  hdfs.DFSUtil (DFSUtil.java:httpServerTemplateForNNAndJN(1641)) - Starting Web-server for hddsDatanode at: http://0.0.0.0:0
2019-09-24 03:25:56,083 [main] INFO  server.AuthenticationFilter (AuthenticationFilter.java:constructSecretProvider(240)) - Unable to initialize FileSignerSecretProvider, falling back to use random secrets.
2019-09-24 03:25:56,083 [main] WARN  http.HttpRequestLog (HttpRequestLog.java:getRequestLog(97)) - Jetty request log can only be enabled using Log4j
2019-09-24 03:25:56,085 [main] INFO  http.HttpServer2 (HttpServer2.java:addGlobalFilter(975)) - Added global filter 'safety' (class=org.apache.hadoop.http.HttpServer2$QuotingInputFilter)
2019-09-24 03:25:56,086 [main] INFO  http.HttpServer2 (HttpServer2.java:addFilter(948)) - Added filter static_user_filter (class=org.apache.hadoop.http.lib.StaticUserWebFilter$StaticUserFilter) to context hddsDatanode
2019-09-24 03:25:56,086 [main] INFO  http.HttpServer2 (HttpServer2.java:addFilter(958)) - Added filter static_user_filter (class=org.apache.hadoop.http.lib.StaticUserWebFilter$StaticUserFilter) to context logs
2019-09-24 03:25:56,086 [main] INFO  http.HttpServer2 (HttpServer2.java:addFilter(958)) - Added filter static_user_filter (class=org.apache.hadoop.http.lib.StaticUserWebFilter$StaticUserFilter) to context static
2019-09-24 03:25:56,087 [main] INFO  http.HttpServer2 (HttpServer2.java:bindListener(1191)) - Jetty bound to port 46259
2019-09-24 03:25:56,087 [main] INFO  server.Server (Server.java:doStart(351)) - jetty-9.3.25.v20180904, build timestamp: 2018-09-04T21:11:46Z, git hash: 3ce520221d0240229c862b122d2b06c12a625732
2019-09-24 03:25:56,089 [main] INFO  handler.ContextHandler (ContextHandler.java:doStart(781)) - Started o.e.j.s.ServletContextHandler@51cab489{/logs,file:///workdir/hadoop-ozone/integration-test/target/log,AVAILABLE}
2019-09-24 03:25:56,090 [main] INFO  handler.ContextHandler (ContextHandler.java:doStart(781)) - Started o.e.j.s.ServletContextHandler@773c2214{/static,jar:file:/home/user/.m2/repository/org/apache/hadoop/hadoop-hdds-container-service/0.5.0-SNAPSHOT/hadoop-hdds-container-service-0.5.0-SNAPSHOT.jar!/webapps/static,AVAILABLE}
2019-09-24 03:25:56,119 [main] INFO  handler.ContextHandler (ContextHandler.java:doStart(781)) - Started o.e.j.w.WebAppContext@1c297897{/,file:///workdir/hadoop-ozone/integration-test/target/tmp/kms/webapp/,AVAILABLE}{/hddsDatanode}
2019-09-24 03:25:56,121 [main] INFO  server.AbstractConnector (AbstractConnector.java:doStart(278)) - Started ServerConnector@33e0c716{HTTP/1.1,[http/1.1]}{0.0.0.0:46259}
2019-09-24 03:25:56,121 [main] INFO  server.Server (Server.java:doStart(419)) - Started @7479ms
2019-09-24 03:25:56,121 [main] WARN  impl.MetricsSystemImpl (MetricsSystemImpl.java:register(276)) - Sink prometheus already exists!
2019-09-24 03:25:56,122 [main] INFO  server.BaseHttpServer (BaseHttpServer.java:updateConnectorAddress(215)) - HTTP server of HDDSDATANODE is listening at http://0.0.0.0:46259
2019-09-24 03:25:56,123 [main] INFO  om.OzoneManager (OzoneManager.java:readKeyPair(719)) - Reading keypair and certificate from file system.
2019-09-24 03:25:56,127 [main] INFO  om.OzoneManager (OzoneManager.java:startSecretManager(685)) - Starting OM block token secret manager
2019-09-24 03:25:56,128 [main] INFO  security.OzoneBlockTokenSecretManager (OzoneSecretManager.java:updateCurrentKey(167)) - Updating the current master key for generating tokens
2019-09-24 03:25:56,132 [org.apache.hadoop.util.JvmPauseMonitor$Monitor@4bb8cd77] INFO  util.JvmPauseMonitor (JvmPauseMonitor.java:run(188)) - Starting JVM pause monitor
2019-09-24 03:25:56,133 [main] INFO  ozone.MiniOzoneClusterImpl (MiniOzoneClusterImpl.java:lambda$waitForClusterToBeReady$0(147)) - Waiting for cluster to be ready. Got 0 of 10 DN Heartbeats.
2019-09-24 03:25:56,134 [Datanode State Machine Thread - 0] INFO  datanode.InitDatanodeState (InitDatanodeState.java:persistContainerDatanodeDetails(140)) - DatanodeDetails is persisted to /workdir/hadoop-ozone/integration-test/target/test-dir/MiniOzoneClusterImpl-e5f1ddf0-a5ce-4ae4-b63c-73802c2fbca4/datanode-9/meta/datanode.id
2019-09-24 03:25:57,134 [main] INFO  ozone.MiniOzoneClusterImpl (MiniOzoneClusterImpl.java:lambda$waitForClusterToBeReady$0(147)) - Waiting for cluster to be ready. Got 0 of 10 DN Heartbeats.
2019-09-24 03:25:57,585 [Datanode State Machine Thread - 0] INFO  ozoneimpl.OzoneContainer (OzoneContainer.java:start(217)) - Attempting to start container services.
2019-09-24 03:25:57,585 [Datanode State Machine Thread - 0] INFO  ozoneimpl.OzoneContainer (OzoneContainer.java:start(217)) - Attempting to start container services.
2019-09-24 03:25:57,585 [Datanode State Machine Thread - 0] INFO  ozoneimpl.OzoneContainer (OzoneContainer.java:start(217)) - Attempting to start container services.
2019-09-24 03:25:57,588 [Datanode State Machine Thread - 0] INFO  ozoneimpl.OzoneContainer (OzoneContainer.java:startContainerScrub(179)) - Background container scanner has been disabled.
2019-09-24 03:25:57,588 [Datanode State Machine Thread - 0] INFO  ozoneimpl.OzoneContainer (OzoneContainer.java:startContainerScrub(179)) - Background container scanner has been disabled.
2019-09-24 03:25:57,588 [Datanode State Machine Thread - 0] INFO  ratis.XceiverServerRatis (XceiverServerRatis.java:start(411)) - Starting XceiverServerRatis 7d4c7c25-4646-4b04-ba9f-f06f1d3a2755 at port 0
2019-09-24 03:25:57,588 [Datanode State Machine Thread - 0] INFO  ozoneimpl.OzoneContainer (OzoneContainer.java:startContainerScrub(179)) - Background container scanner has been disabled.
2019-09-24 03:25:57,588 [Datanode State Machine Thread - 0] INFO  ratis.XceiverServerRatis (XceiverServerRatis.java:start(411)) - Starting XceiverServerRatis 623c22b8-4c13-4281-9098-2ebcaa8ebf75 at port 0
2019-09-24 03:25:57,589 [Datanode State Machine Thread - 0] INFO  ratis.XceiverServerRatis (XceiverServerRatis.java:start(411)) - Starting XceiverServerRatis 8fc5c081-d984-4303-aba7-473da99cd7d4 at port 0
2019-09-24 03:25:57,611 [Datanode State Machine Thread - 0] INFO  impl.RaftServerProxy (RaftServerProxy.java:lambda$start$3(299)) - 8fc5c081-d984-4303-aba7-473da99cd7d4: start RPC server
2019-09-24 03:25:57,613 [Datanode State Machine Thread - 0] INFO  impl.RaftServerProxy (RaftServerProxy.java:lambda$start$3(299)) - 623c22b8-4c13-4281-9098-2ebcaa8ebf75: start RPC server
2019-09-24 03:25:57,611 [Datanode State Machine Thread - 0] INFO  impl.RaftServerProxy (RaftServerProxy.java:lambda$start$3(299)) - 7d4c7c25-4646-4b04-ba9f-f06f1d3a2755: start RPC server
2019-09-24 03:25:57,627 [Datanode State Machine Thread - 0] INFO  ozoneimpl.OzoneContainer (OzoneContainer.java:start(217)) - Attempting to start container services.
2019-09-24 03:25:57,632 [Datanode State Machine Thread - 0] INFO  ozoneimpl.OzoneContainer (OzoneContainer.java:startContainerScrub(179)) - Background container scanner has been disabled.
2019-09-24 03:25:57,632 [Datanode State Machine Thread - 0] INFO  ratis.XceiverServerRatis (XceiverServerRatis.java:start(411)) - Starting XceiverServerRatis c11d39fa-10f3-4cb7-b122-8e860b76a301 at port 0
2019-09-24 03:25:57,643 [Datanode State Machine Thread - 0] INFO  impl.RaftServerProxy (RaftServerProxy.java:lambda$start$3(299)) - c11d39fa-10f3-4cb7-b122-8e860b76a301: start RPC server
2019-09-24 03:25:57,710 [Datanode State Machine Thread - 0] INFO  ozoneimpl.OzoneContainer (OzoneContainer.java:start(217)) - Attempting to start container services.
2019-09-24 03:25:57,710 [Datanode State Machine Thread - 0] INFO  ozoneimpl.OzoneContainer (OzoneContainer.java:startContainerScrub(179)) - Background container scanner has been disabled.
2019-09-24 03:25:57,710 [Datanode State Machine Thread - 0] INFO  ratis.XceiverServerRatis (XceiverServerRatis.java:start(411)) - Starting XceiverServerRatis de0815a2-edb6-4014-be80-193eceea242b at port 0
2019-09-24 03:25:57,718 [Datanode State Machine Thread - 0] INFO  impl.RaftServerProxy (RaftServerProxy.java:lambda$start$3(299)) - de0815a2-edb6-4014-be80-193eceea242b: start RPC server
2019-09-24 03:25:57,763 [Datanode State Machine Thread - 0] INFO  server.GrpcService (GrpcService.java:startImpl(158)) - 7d4c7c25-4646-4b04-ba9f-f06f1d3a2755: GrpcService started, listening on 0.0.0.0/0.0.0.0:46872
2019-09-24 03:25:57,763 [Datanode State Machine Thread - 0] INFO  server.GrpcService (GrpcService.java:startImpl(158)) - 8fc5c081-d984-4303-aba7-473da99cd7d4: GrpcService started, listening on 0.0.0.0/0.0.0.0:46313
2019-09-24 03:25:57,763 [Datanode State Machine Thread - 0] INFO  server.GrpcService (GrpcService.java:startImpl(158)) - c11d39fa-10f3-4cb7-b122-8e860b76a301: GrpcService started, listening on 0.0.0.0/0.0.0.0:36278
2019-09-24 03:25:57,763 [Datanode State Machine Thread - 0] INFO  server.GrpcService (GrpcService.java:startImpl(158)) - de0815a2-edb6-4014-be80-193eceea242b: GrpcService started, listening on 0.0.0.0/0.0.0.0:43060
2019-09-24 03:25:57,763 [Datanode State Machine Thread - 0] INFO  server.GrpcService (GrpcService.java:startImpl(158)) - 623c22b8-4c13-4281-9098-2ebcaa8ebf75: GrpcService started, listening on 0.0.0.0/0.0.0.0:39127
2019-09-24 03:25:57,765 [Datanode State Machine Thread - 0] INFO  ratis.XceiverServerRatis (XceiverServerRatis.java:start(421)) - XceiverServerRatis de0815a2-edb6-4014-be80-193eceea242b is started using port 43060
2019-09-24 03:25:57,765 [Datanode State Machine Thread - 0] INFO  ratis.XceiverServerRatis (XceiverServerRatis.java:start(421)) - XceiverServerRatis c11d39fa-10f3-4cb7-b122-8e860b76a301 is started using port 36278
2019-09-24 03:25:57,765 [Datanode State Machine Thread - 0] INFO  ratis.XceiverServerRatis (XceiverServerRatis.java:start(421)) - XceiverServerRatis 8fc5c081-d984-4303-aba7-473da99cd7d4 is started using port 46313
2019-09-24 03:25:57,765 [Datanode State Machine Thread - 0] INFO  ratis.XceiverServerRatis (XceiverServerRatis.java:start(421)) - XceiverServerRatis 7d4c7c25-4646-4b04-ba9f-f06f1d3a2755 is started using port 46872
2019-09-24 03:25:57,765 [Datanode State Machine Thread - 0] INFO  ratis.XceiverServerRatis (XceiverServerRatis.java:start(421)) - XceiverServerRatis 623c22b8-4c13-4281-9098-2ebcaa8ebf75 is started using port 39127
2019-09-24 03:25:57,776 [Datanode State Machine Thread - 0] INFO  server.XceiverServerGrpc (XceiverServerGrpc.java:start(149)) - XceiverServerGrpc de0815a2-edb6-4014-be80-193eceea242b is started using port 44828
2019-09-24 03:25:57,776 [Datanode State Machine Thread - 0] INFO  server.XceiverServerGrpc (XceiverServerGrpc.java:start(149)) - XceiverServerGrpc 7d4c7c25-4646-4b04-ba9f-f06f1d3a2755 is started using port 33937
2019-09-24 03:25:57,777 [Datanode State Machine Thread - 0] INFO  server.XceiverServerGrpc (XceiverServerGrpc.java:start(149)) - XceiverServerGrpc c11d39fa-10f3-4cb7-b122-8e860b76a301 is started using port 46421
2019-09-24 03:25:57,776 [Datanode State Machine Thread - 0] INFO  server.XceiverServerGrpc (XceiverServerGrpc.java:start(149)) - XceiverServerGrpc 623c22b8-4c13-4281-9098-2ebcaa8ebf75 is started using port 42615
2019-09-24 03:25:57,776 [Datanode State Machine Thread - 0] INFO  server.XceiverServerGrpc (XceiverServerGrpc.java:start(149)) - XceiverServerGrpc 8fc5c081-d984-4303-aba7-473da99cd7d4 is started using port 34929
2019-09-24 03:25:57,838 [Datanode State Machine Thread - 0] INFO  ozoneimpl.OzoneContainer (OzoneContainer.java:start(217)) - Attempting to start container services.
2019-09-24 03:25:57,839 [Datanode State Machine Thread - 0] INFO  ozoneimpl.OzoneContainer (OzoneContainer.java:startContainerScrub(179)) - Background container scanner has been disabled.
2019-09-24 03:25:57,839 [Datanode State Machine Thread - 0] INFO  ratis.XceiverServerRatis (XceiverServerRatis.java:start(411)) - Starting XceiverServerRatis 2859951c-203c-4f1b-9e85-7275a2992eab at port 0
2019-09-24 03:25:57,844 [Datanode State Machine Thread - 0] INFO  impl.RaftServerProxy (RaftServerProxy.java:lambda$start$3(299)) - 2859951c-203c-4f1b-9e85-7275a2992eab: start RPC server
2019-09-24 03:25:57,847 [Datanode State Machine Thread - 0] INFO  server.GrpcService (GrpcService.java:startImpl(158)) - 2859951c-203c-4f1b-9e85-7275a2992eab: GrpcService started, listening on 0.0.0.0/0.0.0.0:40038
2019-09-24 03:25:57,847 [Datanode State Machine Thread - 0] INFO  ratis.XceiverServerRatis (XceiverServerRatis.java:start(421)) - XceiverServerRatis 2859951c-203c-4f1b-9e85-7275a2992eab is started using port 40038
2019-09-24 03:25:57,850 [Datanode State Machine Thread - 0] INFO  server.XceiverServerGrpc (XceiverServerGrpc.java:start(149)) - XceiverServerGrpc 2859951c-203c-4f1b-9e85-7275a2992eab is started using port 35472
2019-09-24 03:25:57,914 [Datanode State Machine Thread - 0] INFO  ozoneimpl.OzoneContainer (OzoneContainer.java:start(217)) - Attempting to start container services.
2019-09-24 03:25:57,914 [Datanode State Machine Thread - 0] INFO  ozoneimpl.OzoneContainer (OzoneContainer.java:startContainerScrub(179)) - Background container scanner has been disabled.
2019-09-24 03:25:57,914 [Datanode State Machine Thread - 0] INFO  ratis.XceiverServerRatis (XceiverServerRatis.java:start(411)) - Starting XceiverServerRatis 13d11d3e-9895-4970-8096-73396f0d647b at port 0
2019-09-24 03:25:57,919 [Datanode State Machine Thread - 0] INFO  impl.RaftServerProxy (RaftServerProxy.java:lambda$start$3(299)) - 13d11d3e-9895-4970-8096-73396f0d647b: start RPC server
2019-09-24 03:25:57,923 [Datanode State Machine Thread - 0] INFO  server.GrpcService (GrpcService.java:startImpl(158)) - 13d11d3e-9895-4970-8096-73396f0d647b: GrpcService started, listening on 0.0.0.0/0.0.0.0:45071
2019-09-24 03:25:57,923 [Datanode State Machine Thread - 0] INFO  ratis.XceiverServerRatis (XceiverServerRatis.java:start(421)) - XceiverServerRatis 13d11d3e-9895-4970-8096-73396f0d647b is started using port 45071
2019-09-24 03:25:57,926 [Datanode State Machine Thread - 0] INFO  server.XceiverServerGrpc (XceiverServerGrpc.java:start(149)) - XceiverServerGrpc 13d11d3e-9895-4970-8096-73396f0d647b is started using port 37937
2019-09-24 03:25:57,983 [Datanode State Machine Thread - 0] INFO  ozoneimpl.OzoneContainer (OzoneContainer.java:start(217)) - Attempting to start container services.
2019-09-24 03:25:57,984 [Datanode State Machine Thread - 0] INFO  ozoneimpl.OzoneContainer (OzoneContainer.java:startContainerScrub(179)) - Background container scanner has been disabled.
2019-09-24 03:25:57,984 [Datanode State Machine Thread - 0] INFO  ratis.XceiverServerRatis (XceiverServerRatis.java:start(411)) - Starting XceiverServerRatis 1a9a7120-0e30-4c9b-b35f-12e1338ec0ba at port 0
2019-09-24 03:25:57,988 [Datanode State Machine Thread - 0] INFO  impl.RaftServerProxy (RaftServerProxy.java:lambda$start$3(299)) - 1a9a7120-0e30-4c9b-b35f-12e1338ec0ba: start RPC server
2019-09-24 03:25:57,992 [Datanode State Machine Thread - 0] INFO  server.GrpcService (GrpcService.java:startImpl(158)) - 1a9a7120-0e30-4c9b-b35f-12e1338ec0ba: GrpcService started, listening on 0.0.0.0/0.0.0.0:42905
2019-09-24 03:25:57,993 [Datanode State Machine Thread - 0] INFO  ratis.XceiverServerRatis (XceiverServerRatis.java:start(421)) - XceiverServerRatis 1a9a7120-0e30-4c9b-b35f-12e1338ec0ba is started using port 42905
2019-09-24 03:25:57,997 [Datanode State Machine Thread - 0] INFO  server.XceiverServerGrpc (XceiverServerGrpc.java:start(149)) - XceiverServerGrpc 1a9a7120-0e30-4c9b-b35f-12e1338ec0ba is started using port 34738
2019-09-24 03:25:58,066 [Datanode State Machine Thread - 0] INFO  ozoneimpl.OzoneContainer (OzoneContainer.java:start(217)) - Attempting to start container services.
2019-09-24 03:25:58,067 [Datanode State Machine Thread - 0] INFO  ozoneimpl.OzoneContainer (OzoneContainer.java:startContainerScrub(179)) - Background container scanner has been disabled.
2019-09-24 03:25:58,067 [Datanode State Machine Thread - 0] INFO  ratis.XceiverServerRatis (XceiverServerRatis.java:start(411)) - Starting XceiverServerRatis f1c22574-e151-47e2-8b9a-aa1bb6e0cd34 at port 0
2019-09-24 03:25:58,072 [Datanode State Machine Thread - 0] INFO  impl.RaftServerProxy (RaftServerProxy.java:lambda$start$3(299)) - f1c22574-e151-47e2-8b9a-aa1bb6e0cd34: start RPC server
2019-09-24 03:25:58,077 [Datanode State Machine Thread - 0] INFO  server.GrpcService (GrpcService.java:startImpl(158)) - f1c22574-e151-47e2-8b9a-aa1bb6e0cd34: GrpcService started, listening on 0.0.0.0/0.0.0.0:42828
2019-09-24 03:25:58,077 [Datanode State Machine Thread - 0] INFO  ratis.XceiverServerRatis (XceiverServerRatis.java:start(421)) - XceiverServerRatis f1c22574-e151-47e2-8b9a-aa1bb6e0cd34 is started using port 42828
2019-09-24 03:25:58,081 [Datanode State Machine Thread - 0] INFO  server.XceiverServerGrpc (XceiverServerGrpc.java:start(149)) - XceiverServerGrpc f1c22574-e151-47e2-8b9a-aa1bb6e0cd34 is started using port 33474
2019-09-24 03:25:58,134 [main] INFO  ozone.MiniOzoneClusterImpl (MiniOzoneClusterImpl.java:lambda$waitForClusterToBeReady$0(147)) - Waiting for cluster to be ready. Got 0 of 10 DN Heartbeats.
2019-09-24 03:25:58,148 [Datanode State Machine Thread - 0] INFO  ozoneimpl.OzoneContainer (OzoneContainer.java:start(217)) - Attempting to start container services.
2019-09-24 03:25:58,149 [Datanode State Machine Thread - 0] INFO  ozoneimpl.OzoneContainer (OzoneContainer.java:startContainerScrub(179)) - Background container scanner has been disabled.
2019-09-24 03:25:58,149 [Datanode State Machine Thread - 0] INFO  ratis.XceiverServerRatis (XceiverServerRatis.java:start(411)) - Starting XceiverServerRatis 1506b01c-c1cf-40ef-9100-2188b5688376 at port 0
2019-09-24 03:25:58,153 [Datanode State Machine Thread - 0] INFO  impl.RaftServerProxy (RaftServerProxy.java:lambda$start$3(299)) - 1506b01c-c1cf-40ef-9100-2188b5688376: start RPC server
2019-09-24 03:25:58,157 [Datanode State Machine Thread - 0] INFO  server.GrpcService (GrpcService.java:startImpl(158)) - 1506b01c-c1cf-40ef-9100-2188b5688376: GrpcService started, listening on 0.0.0.0/0.0.0.0:36551
2019-09-24 03:25:58,157 [Datanode State Machine Thread - 0] INFO  ratis.XceiverServerRatis (XceiverServerRatis.java:start(421)) - XceiverServerRatis 1506b01c-c1cf-40ef-9100-2188b5688376 is started using port 36551
2019-09-24 03:25:58,179 [Datanode State Machine Thread - 0] INFO  server.XceiverServerGrpc (XceiverServerGrpc.java:start(149)) - XceiverServerGrpc 1506b01c-c1cf-40ef-9100-2188b5688376 is started using port 33932
2019-09-24 03:25:59,135 [main] INFO  ozone.MiniOzoneClusterImpl (MiniOzoneClusterImpl.java:lambda$waitForClusterToBeReady$0(147)) - Waiting for cluster to be ready. Got 0 of 10 DN Heartbeats.
2019-09-24 03:25:59,404 [IPC Server handler 1 on 45043] INFO  net.NetworkTopology (NetworkTopologyImpl.java:add(111)) - Added a new node: /default-rack/7d4c7c25-4646-4b04-ba9f-f06f1d3a2755
2019-09-24 03:25:59,405 [IPC Server handler 1 on 45043] INFO  node.SCMNodeManager (SCMNodeManager.java:register(266)) - Registered Data node : 7d4c7c25-4646-4b04-ba9f-f06f1d3a2755{ip: 192.168.151.121, host: pr-hdds-2162-tjkd5-3209850126, networkLocation: /default-rack, certSerialId: null}
2019-09-24 03:25:59,410 [EventQueue-NodeRegistrationContainerReportForDataNodeSafeModeRule] INFO  safemode.SCMSafeModeManager (DataNodeSafeModeRule.java:process(71)) - SCM in safe mode. 1 DataNodes registered, 1 required.
2019-09-24 03:25:59,413 [EventQueue-NodeRegistrationContainerReportForDataNodeSafeModeRule] INFO  safemode.SCMSafeModeManager (SCMSafeModeManager.java:validateSafeModeExitRules(177)) - ScmSafeModeManager, all rules are successfully validated
2019-09-24 03:25:59,413 [EventQueue-NodeRegistrationContainerReportForDataNodeSafeModeRule] INFO  safemode.SCMSafeModeManager (SCMSafeModeManager.java:exitSafeMode(193)) - SCM exiting safe mode.
2019-09-24 03:25:59,452 [IPC Server handler 4 on 45043] INFO  net.NetworkTopology (NetworkTopologyImpl.java:add(111)) - Added a new node: /default-rack/8fc5c081-d984-4303-aba7-473da99cd7d4
2019-09-24 03:25:59,454 [IPC Server handler 4 on 45043] INFO  node.SCMNodeManager (SCMNodeManager.java:register(266)) - Registered Data node : 8fc5c081-d984-4303-aba7-473da99cd7d4{ip: 192.168.151.121, host: pr-hdds-2162-tjkd5-3209850126, networkLocation: /default-rack, certSerialId: null}
2019-09-24 03:25:59,531 [IPC Server handler 3 on 45043] INFO  net.NetworkTopology (NetworkTopologyImpl.java:add(111)) - Added a new node: /default-rack/623c22b8-4c13-4281-9098-2ebcaa8ebf75
2019-09-24 03:25:59,531 [IPC Server handler 3 on 45043] INFO  node.SCMNodeManager (SCMNodeManager.java:register(266)) - Registered Data node : 623c22b8-4c13-4281-9098-2ebcaa8ebf75{ip: 192.168.151.121, host: pr-hdds-2162-tjkd5-3209850126, networkLocation: /default-rack, certSerialId: null}
2019-09-24 03:25:59,611 [IPC Server handler 6 on 45043] INFO  net.NetworkTopology (NetworkTopologyImpl.java:add(111)) - Added a new node: /default-rack/c11d39fa-10f3-4cb7-b122-8e860b76a301
2019-09-24 03:25:59,612 [IPC Server handler 6 on 45043] INFO  node.SCMNodeManager (SCMNodeManager.java:register(266)) - Registered Data node : c11d39fa-10f3-4cb7-b122-8e860b76a301{ip: 192.168.151.121, host: pr-hdds-2162-tjkd5-3209850126, networkLocation: /default-rack, certSerialId: null}
2019-09-24 03:25:59,697 [IPC Server handler 9 on 45043] INFO  net.NetworkTopology (NetworkTopologyImpl.java:add(111)) - Added a new node: /default-rack/de0815a2-edb6-4014-be80-193eceea242b
2019-09-24 03:25:59,697 [IPC Server handler 9 on 45043] INFO  node.SCMNodeManager (SCMNodeManager.java:register(266)) - Registered Data node : de0815a2-edb6-4014-be80-193eceea242b{ip: 192.168.151.121, host: pr-hdds-2162-tjkd5-3209850126, networkLocation: /default-rack, certSerialId: null}
2019-09-24 03:25:59,826 [IPC Server handler 8 on 45043] INFO  net.NetworkTopology (NetworkTopologyImpl.java:add(111)) - Added a new node: /default-rack/2859951c-203c-4f1b-9e85-7275a2992eab
2019-09-24 03:25:59,827 [IPC Server handler 8 on 45043] INFO  node.SCMNodeManager (SCMNodeManager.java:register(266)) - Registered Data node : 2859951c-203c-4f1b-9e85-7275a2992eab{ip: 192.168.151.121, host: pr-hdds-2162-tjkd5-3209850126, networkLocation: /default-rack, certSerialId: null}
2019-09-24 03:25:59,901 [IPC Server handler 7 on 45043] INFO  net.NetworkTopology (NetworkTopologyImpl.java:add(111)) - Added a new node: /default-rack/13d11d3e-9895-4970-8096-73396f0d647b
2019-09-24 03:25:59,901 [IPC Server handler 7 on 45043] INFO  node.SCMNodeManager (SCMNodeManager.java:register(266)) - Registered Data node : 13d11d3e-9895-4970-8096-73396f0d647b{ip: 192.168.151.121, host: pr-hdds-2162-tjkd5-3209850126, networkLocation: /default-rack, certSerialId: null}
2019-09-24 03:25:59,959 [grpc-default-executor-0] INFO  impl.RaftServerProxy (RaftServerProxy.java:addNew(89)) - 7d4c7c25-4646-4b04-ba9f-f06f1d3a2755: addNew group-A94B00F2653A:[7d4c7c25-4646-4b04-ba9f-f06f1d3a2755:192.168.151.121:46872] returns group-A94B00F2653A:java.util.concurrent.CompletableFuture@7afec523[Not completed]
2019-09-24 03:25:59,970 [IPC Server handler 5 on 45043] INFO  net.NetworkTopology (NetworkTopologyImpl.java:add(111)) - Added a new node: /default-rack/1a9a7120-0e30-4c9b-b35f-12e1338ec0ba
2019-09-24 03:25:59,970 [IPC Server handler 5 on 45043] INFO  node.SCMNodeManager (SCMNodeManager.java:register(266)) - Registered Data node : 1a9a7120-0e30-4c9b-b35f-12e1338ec0ba{ip: 192.168.151.121, host: pr-hdds-2162-tjkd5-3209850126, networkLocation: /default-rack, certSerialId: null}
2019-09-24 03:25:59,978 [pool-32-thread-1] INFO  impl.RaftServerImpl (RaftServerImpl.java:<init>(95)) - 7d4c7c25-4646-4b04-ba9f-f06f1d3a2755: new RaftServerImpl for group-A94B00F2653A:[7d4c7c25-4646-4b04-ba9f-f06f1d3a2755:192.168.151.121:46872] with ContainerStateMachine:uninitialized
2019-09-24 03:25:59,980 [pool-32-thread-1] INFO  server.RaftServerConfigKeys (ConfUtils.java:logGet(43)) - raft.server.rpc.timeout.min = 5s (custom)
2019-09-24 03:25:59,982 [pool-32-thread-1] INFO  server.RaftServerConfigKeys (ConfUtils.java:logGet(43)) - raft.server.rpc.timeout.max = 5200ms (custom)
2019-09-24 03:25:59,982 [pool-32-thread-1] INFO  server.RaftServerConfigKeys (ConfUtils.java:logGet(43)) - raft.server.rpcslowness.timeout = 120s (custom)
2019-09-24 03:25:59,982 [pool-32-thread-1] INFO  server.RaftServerConfigKeys (ConfUtils.java:logGet(43)) - raft.server.sleep.deviation.threshold = 300 (default)
2019-09-24 03:25:59,983 [pool-32-thread-1] INFO  server.RaftServerConfigKeys (ConfUtils.java:logGet(43)) - raft.server.log.appender.install.snapshot.enabled = false (custom)
2019-09-24 03:25:59,989 [pool-32-thread-1] INFO  impl.RaftServerImpl (ServerState.java:<init>(103)) - 7d4c7c25-4646-4b04-ba9f-f06f1d3a2755@group-A94B00F2653A: ConfigurationManager, init=-1: [7d4c7c25-4646-4b04-ba9f-f06f1d3a2755:192.168.151.121:46872], old=null, confs=<EMPTY_MAP>
2019-09-24 03:25:59,989 [pool-32-thread-1] INFO  server.RaftServerConfigKeys (ConfUtils.java:logGet(43)) - raft.server.storage.dir = [/workdir/hadoop-ozone/integration-test/target/test-dir/MiniOzoneClusterImpl-e5f1ddf0-a5ce-4ae4-b63c-73802c2fbca4/datanode-0/data/ratis] (custom)
2019-09-24 03:25:59,995 [pool-32-thread-1] INFO  storage.RaftStorageDirectory (RaftStorageDirectory.java:analyzeStorage(246)) - The storage directory /workdir/hadoop-ozone/integration-test/target/test-dir/MiniOzoneClusterImpl-e5f1ddf0-a5ce-4ae4-b63c-73802c2fbca4/datanode-0/data/ratis/32958f0d-c5f9-49a2-b4e0-a94b00f2653a does not exist. Creating ...
2019-09-24 03:26:00,011 [pool-32-thread-1] INFO  storage.RaftStorageDirectory (RaftStorageDirectory.java:tryLock(328)) - Lock on /workdir/hadoop-ozone/integration-test/target/test-dir/MiniOzoneClusterImpl-e5f1ddf0-a5ce-4ae4-b63c-73802c2fbca4/datanode-0/data/ratis/32958f0d-c5f9-49a2-b4e0-a94b00f2653a/in_use.lock acquired by nodename 10637@pr-hdds-2162-tjkd5-3209850126
2019-09-24 03:26:00,026 [pool-32-thread-1] INFO  storage.RaftStorage (RaftStorage.java:format(72)) - Storage directory /workdir/hadoop-ozone/integration-test/target/test-dir/MiniOzoneClusterImpl-e5f1ddf0-a5ce-4ae4-b63c-73802c2fbca4/datanode-0/data/ratis/32958f0d-c5f9-49a2-b4e0-a94b00f2653a has been successfully formatted.
2019-09-24 03:26:00,028 [pool-32-thread-1] INFO  ratis.ContainerStateMachine (ContainerStateMachine.java:loadSnapshot(230)) - group-A94B00F2653A: The snapshot info is null. Setting the last applied indexto:(t:0, i:~)
2019-09-24 03:26:00,028 [pool-32-thread-1] INFO  server.RaftServerConfigKeys (ConfUtils.java:logGet(43)) - raft.server.notification.no-leader.timeout = 120s (custom)
2019-09-24 03:26:00,030 [pool-32-thread-1] INFO  server.RaftServerConfigKeys (ConfUtils.java:logGet(43)) - raft.server.log.use.memory = false (default)
2019-09-24 03:26:00,035 [pool-32-thread-1] INFO  server.RaftServerConfigKeys (ConfUtils.java:logGet(43)) - raft.server.log.purge.gap = 1000000 (custom)
2019-09-24 03:26:00,035 [pool-32-thread-1] INFO  server.RaftServerConfigKeys (ConfUtils.java:logGet(43)) - raft.server.log.appender.buffer.byte-limit = 33554432 (custom)
2019-09-24 03:26:00,306 [main] INFO  ozone.MiniOzoneClusterImpl (MiniOzoneClusterImpl.java:lambda$waitForClusterToBeReady$0(147)) - Waiting for cluster to be ready. Got 8 of 10 DN Heartbeats.
2019-09-24 03:26:00,337 [IPC Server handler 1 on 45043] INFO  net.NetworkTopology (NetworkTopologyImpl.java:add(111)) - Added a new node: /default-rack/1506b01c-c1cf-40ef-9100-2188b5688376
2019-09-24 03:26:00,337 [IPC Server handler 4 on 45043] INFO  net.NetworkTopology (NetworkTopologyImpl.java:add(111)) - Added a new node: /default-rack/f1c22574-e151-47e2-8b9a-aa1bb6e0cd34
2019-09-24 03:26:00,337 [pool-32-thread-1] INFO  server.RaftServerConfigKeys (ConfUtils.java:logGet(43)) - raft.server.log.segment.size.max = 1048576 (custom)
2019-09-24 03:26:00,337 [IPC Server handler 4 on 45043] INFO  node.SCMNodeManager (SCMNodeManager.java:register(266)) - Registered Data node : f1c22574-e151-47e2-8b9a-aa1bb6e0cd34{ip: 192.168.151.121, host: pr-hdds-2162-tjkd5-3209850126, networkLocation: /default-rack, certSerialId: null}
2019-09-24 03:26:00,337 [IPC Server handler 1 on 45043] INFO  node.SCMNodeManager (SCMNodeManager.java:register(266)) - Registered Data node : 1506b01c-c1cf-40ef-9100-2188b5688376{ip: 192.168.151.121, host: pr-hdds-2162-tjkd5-3209850126, networkLocation: /default-rack, certSerialId: null}
2019-09-24 03:26:00,386 [pool-32-thread-1] INFO  server.RaftServerConfigKeys (ConfUtils.java:logGet(43)) - raft.server.log.segment.cache.num.max = 2 (custom)
2019-09-24 03:26:00,392 [pool-32-thread-1] INFO  segmented.SegmentedRaftLogWorker (SegmentedRaftLogWorker.java:<init>(172)) - new 7d4c7c25-4646-4b04-ba9f-f06f1d3a2755@group-A94B00F2653A-SegmentedRaftLogWorker for RaftStorage:Storage Directory /workdir/hadoop-ozone/integration-test/target/test-dir/MiniOzoneClusterImpl-e5f1ddf0-a5ce-4ae4-b63c-73802c2fbca4/datanode-0/data/ratis/32958f0d-c5f9-49a2-b4e0-a94b00f2653a
2019-09-24 03:26:00,394 [pool-32-thread-1] INFO  impl.MetricsSystemImpl (MetricsSystemImpl.java:init(158)) - ratis metrics system started (again)
2019-09-24 03:26:00,398 [pool-32-thread-1] INFO  metrics.MetricRegistries (MetricRegistriesLoader.java:load(64)) - Loaded MetricRegistries class org.apache.ratis.metrics.impl.MetricRegistriesImpl
2019-09-24 03:26:00,422 [pool-32-thread-1] INFO  server.RaftServerConfigKeys (ConfUtils.java:logGet(43)) - raft.server.log.queue.byte-limit = 2147483647 (custom)
2019-09-24 03:26:00,423 [pool-32-thread-1] INFO  server.RaftServerConfigKeys (ConfUtils.java:logGet(43)) - raft.server.log.queue.element-limit = 1024 (custom)
2019-09-24 03:26:00,426 [pool-32-thread-1] INFO  server.RaftServerConfigKeys (ConfUtils.java:logGet(43)) - raft.server.log.segment.size.max = 1048576 (custom)
2019-09-24 03:26:00,426 [pool-32-thread-1] INFO  server.RaftServerConfigKeys (ConfUtils.java:logGet(43)) - raft.server.log.preallocated.size = 16384 (custom)
2019-09-24 03:26:00,427 [pool-32-thread-1] INFO  server.RaftServerConfigKeys (ConfUtils.java:logGet(43)) - raft.server.log.write.buffer.size = 33554432 (custom)
2019-09-24 03:26:00,427 [pool-32-thread-1] INFO  server.RaftServerConfigKeys (ConfUtils.java:logGet(43)) - raft.server.log.force.sync.num = 128 (default)
2019-09-24 03:26:00,428 [pool-32-thread-1] INFO  server.RaftServerConfigKeys (ConfUtils.java:logGet(43)) - raft.server.log.statemachine.data.sync = true (default)
2019-09-24 03:26:00,428 [pool-32-thread-1] INFO  server.RaftServerConfigKeys (ConfUtils.java:logGet(43)) - raft.server.log.statemachine.data.sync.timeout = 10s (default)
2019-09-24 03:26:00,429 [pool-32-thread-1] INFO  server.RaftServerConfigKeys (ConfUtils.java:logGet(43)) - raft.server.log.statemachine.data.sync.timeout.retry = -1 (default)
2019-09-24 03:26:00,433 [pool-32-thread-1] INFO  server.RaftServerConfigKeys (ConfUtils.java:logGet(43)) - raft.server.log.statemachine.data.caching.enabled = true (custom)
2019-09-24 03:26:00,438 [pool-32-thread-1] INFO  segmented.SegmentedRaftLogWorker (SegmentedRaftLogWorker.java:lambda$new$0(132)) - 7d4c7c25-4646-4b04-ba9f-f06f1d3a2755@group-A94B00F2653A-SegmentedRaftLogWorker: flushIndex: setUnconditionally 0 -> -1
2019-09-24 03:26:00,442 [pool-32-thread-1] INFO  server.RaftServerConfigKeys (ConfUtils.java:logGet(43)) - raft.server.snapshot.auto.trigger.enabled = true (custom)
2019-09-24 03:26:00,443 [pool-32-thread-1] INFO  server.RaftServerConfigKeys (ConfUtils.java:logGet(43)) - raft.server.snapshot.auto.trigger.threshold = 10000 (custom)
2019-09-24 03:26:00,443 [pool-32-thread-1] INFO  server.RaftServerConfigKeys (ConfUtils.java:logGet(43)) - raft.server.snapshot.retention.num.files = 5 (custom)
2019-09-24 03:26:00,444 [pool-32-thread-1] INFO  server.RaftServerConfigKeys (ConfUtils.java:logGet(43)) - raft.server.retrycache.expirytime = 600000ms (custom)
2019-09-24 03:26:00,468 [pool-32-thread-1] INFO  impl.RaftServerImpl (RaftServerImpl.java:start(185)) - 7d4c7c25-4646-4b04-ba9f-f06f1d3a2755@group-A94B00F2653A: start as a follower, conf=-1: [7d4c7c25-4646-4b04-ba9f-f06f1d3a2755:192.168.151.121:46872], old=null
2019-09-24 03:26:00,469 [pool-32-thread-1] INFO  impl.RaftServerImpl (RaftServerImpl.java:setRole(174)) - 7d4c7c25-4646-4b04-ba9f-f06f1d3a2755@group-A94B00F2653A: changes role from      null to FOLLOWER at term 0 for startAsFollower
2019-09-24 03:26:00,470 [pool-32-thread-1] INFO  impl.RoleInfo (RoleInfo.java:updateAndGet(143)) - 7d4c7c25-4646-4b04-ba9f-f06f1d3a2755: start FollowerState
2019-09-24 03:26:00,472 [pool-32-thread-1] INFO  util.JmxRegister (JmxRegister.java:tryRegister(44)) - Successfully registered JMX Bean with object name Ratis:service=RaftServer,group=group-A94B00F2653A,id=7d4c7c25-4646-4b04-ba9f-f06f1d3a2755
2019-09-24 03:26:00,525 [RatisPipelineUtilsThread] INFO  pipeline.PipelineStateManager (PipelineStateManager.java:addPipeline(56)) - Created pipeline Pipeline[ Id: 32958f0d-c5f9-49a2-b4e0-a94b00f2653a, Nodes: 7d4c7c25-4646-4b04-ba9f-f06f1d3a2755{ip: 192.168.151.121, host: pr-hdds-2162-tjkd5-3209850126, networkLocation: /default-rack, certSerialId: null}, Type:RATIS, Factor:ONE, State:OPEN]
2019-09-24 03:26:00,550 [grpc-default-executor-0] INFO  impl.RaftServerProxy (RaftServerProxy.java:addNew(89)) - c11d39fa-10f3-4cb7-b122-8e860b76a301: addNew group-8574D344C171:[c11d39fa-10f3-4cb7-b122-8e860b76a301:192.168.151.121:36278] returns group-8574D344C171:java.util.concurrent.CompletableFuture@415ec29b[Not completed]
2019-09-24 03:26:00,611 [pool-62-thread-1] INFO  impl.RaftServerImpl (RaftServerImpl.java:<init>(95)) - c11d39fa-10f3-4cb7-b122-8e860b76a301: new RaftServerImpl for group-8574D344C171:[c11d39fa-10f3-4cb7-b122-8e860b76a301:192.168.151.121:36278] with ContainerStateMachine:uninitialized
2019-09-24 03:26:00,613 [pool-62-thread-1] INFO  server.RaftServerConfigKeys (ConfUtils.java:logGet(43)) - raft.server.rpc.timeout.min = 5s (custom)
2019-09-24 03:26:00,613 [pool-62-thread-1] INFO  server.RaftServerConfigKeys (ConfUtils.java:logGet(43)) - raft.server.rpc.timeout.max = 5200ms (custom)
2019-09-24 03:26:00,613 [pool-62-thread-1] INFO  server.RaftServerConfigKeys (ConfUtils.java:logGet(43)) - raft.server.rpcslowness.timeout = 120s (custom)
2019-09-24 03:26:00,613 [pool-62-thread-1] INFO  server.RaftServerConfigKeys (ConfUtils.java:logGet(43)) - raft.server.sleep.deviation.threshold = 300 (default)
2019-09-24 03:26:00,613 [pool-62-thread-1] INFO  server.RaftServerConfigKeys (ConfUtils.java:logGet(43)) - raft.server.log.appender.install.snapshot.enabled = false (custom)
2019-09-24 03:26:00,613 [pool-62-thread-1] INFO  impl.RaftServerImpl (ServerState.java:<init>(103)) - c11d39fa-10f3-4cb7-b122-8e860b76a301@group-8574D344C171: ConfigurationManager, init=-1: [c11d39fa-10f3-4cb7-b122-8e860b76a301:192.168.151.121:36278], old=null, confs=<EMPTY_MAP>
2019-09-24 03:26:00,614 [pool-62-thread-1] INFO  server.RaftServerConfigKeys (ConfUtils.java:logGet(43)) - raft.server.storage.dir = [/workdir/hadoop-ozone/integration-test/target/test-dir/MiniOzoneClusterImpl-e5f1ddf0-a5ce-4ae4-b63c-73802c2fbca4/datanode-3/data/ratis] (custom)
2019-09-24 03:26:00,614 [pool-62-thread-1] INFO  storage.RaftStorageDirectory (RaftStorageDirectory.java:analyzeStorage(246)) - The storage directory /workdir/hadoop-ozone/integration-test/target/test-dir/MiniOzoneClusterImpl-e5f1ddf0-a5ce-4ae4-b63c-73802c2fbca4/datanode-3/data/ratis/ba494fbd-28c4-4641-a9f9-8574d344c171 does not exist. Creating ...
2019-09-24 03:26:00,878 [pool-62-thread-1] INFO  storage.RaftStorageDirectory (RaftStorageDirectory.java:tryLock(328)) - Lock on /workdir/hadoop-ozone/integration-test/target/test-dir/MiniOzoneClusterImpl-e5f1ddf0-a5ce-4ae4-b63c-73802c2fbca4/datanode-3/data/ratis/ba494fbd-28c4-4641-a9f9-8574d344c171/in_use.lock acquired by nodename 10637@pr-hdds-2162-tjkd5-3209850126
2019-09-24 03:26:00,920 [pool-62-thread-1] INFO  storage.RaftStorage (RaftStorage.java:format(72)) - Storage directory /workdir/hadoop-ozone/integration-test/target/test-dir/MiniOzoneClusterImpl-e5f1ddf0-a5ce-4ae4-b63c-73802c2fbca4/datanode-3/data/ratis/ba494fbd-28c4-4641-a9f9-8574d344c171 has been successfully formatted.
2019-09-24 03:26:00,921 [pool-62-thread-1] INFO  ratis.ContainerStateMachine (ContainerStateMachine.java:loadSnapshot(230)) - group-8574D344C171: The snapshot info is null. Setting the last applied indexto:(t:0, i:~)
2019-09-24 03:26:00,921 [pool-62-thread-1] INFO  server.RaftServerConfigKeys (ConfUtils.java:logGet(43)) - raft.server.notification.no-leader.timeout = 120s (custom)
2019-09-24 03:26:00,921 [pool-62-thread-1] INFO  server.RaftServerConfigKeys (ConfUtils.java:logGet(43)) - raft.server.log.use.memory = false (default)
2019-09-24 03:26:00,921 [pool-62-thread-1] INFO  server.RaftServerConfigKeys (ConfUtils.java:logGet(43)) - raft.server.log.purge.gap = 1000000 (custom)
2019-09-24 03:26:00,922 [pool-62-thread-1] INFO  server.RaftServerConfigKeys (ConfUtils.java:logGet(43)) - raft.server.log.appender.buffer.byte-limit = 33554432 (custom)
2019-09-24 03:26:00,922 [pool-62-thread-1] INFO  server.RaftServerConfigKeys (ConfUtils.java:logGet(43)) - raft.server.log.segment.size.max = 1048576 (custom)
2019-09-24 03:26:00,922 [pool-62-thread-1] INFO  server.RaftServerConfigKeys (ConfUtils.java:logGet(43)) - raft.server.log.segment.cache.num.max = 2 (custom)
2019-09-24 03:26:00,922 [pool-62-thread-1] INFO  segmented.SegmentedRaftLogWorker (SegmentedRaftLogWorker.java:<init>(172)) - new c11d39fa-10f3-4cb7-b122-8e860b76a301@group-8574D344C171-SegmentedRaftLogWorker for RaftStorage:Storage Directory /workdir/hadoop-ozone/integration-test/target/test-dir/MiniOzoneClusterImpl-e5f1ddf0-a5ce-4ae4-b63c-73802c2fbca4/datanode-3/data/ratis/ba494fbd-28c4-4641-a9f9-8574d344c171
2019-09-24 03:26:00,927 [pool-62-thread-1] INFO  server.RaftServerConfigKeys (ConfUtils.java:logGet(43)) - raft.server.log.queue.byte-limit = 2147483647 (custom)
2019-09-24 03:26:00,927 [pool-62-thread-1] INFO  server.RaftServerConfigKeys (ConfUtils.java:logGet(43)) - raft.server.log.queue.element-limit = 1024 (custom)
2019-09-24 03:26:00,927 [pool-62-thread-1] INFO  server.RaftServerConfigKeys (ConfUtils.java:logGet(43)) - raft.server.log.segment.size.max = 1048576 (custom)
2019-09-24 03:26:00,927 [pool-62-thread-1] INFO  server.RaftServerConfigKeys (ConfUtils.java:logGet(43)) - raft.server.log.preallocated.size = 16384 (custom)
2019-09-24 03:26:00,927 [pool-62-thread-1] INFO  server.RaftServerConfigKeys (ConfUtils.java:logGet(43)) - raft.server.log.write.buffer.size = 33554432 (custom)
2019-09-24 03:26:00,928 [pool-62-thread-1] INFO  server.RaftServerConfigKeys (ConfUtils.java:logGet(43)) - raft.server.log.force.sync.num = 128 (default)
2019-09-24 03:26:00,928 [pool-62-thread-1] INFO  server.RaftServerConfigKeys (ConfUtils.java:logGet(43)) - raft.server.log.statemachine.data.sync = true (default)
2019-09-24 03:26:00,928 [pool-62-thread-1] INFO  server.RaftServerConfigKeys (ConfUtils.java:logGet(43)) - raft.server.log.statemachine.data.sync.timeout = 10s (default)
2019-09-24 03:26:00,928 [pool-62-thread-1] INFO  server.RaftServerConfigKeys (ConfUtils.java:logGet(43)) - raft.server.log.statemachine.data.sync.timeout.retry = -1 (default)
2019-09-24 03:26:00,928 [pool-62-thread-1] INFO  server.RaftServerConfigKeys (ConfUtils.java:logGet(43)) - raft.server.log.statemachine.data.caching.enabled = true (custom)
2019-09-24 03:26:00,929 [pool-62-thread-1] INFO  segmented.SegmentedRaftLogWorker (SegmentedRaftLogWorker.java:lambda$new$0(132)) - c11d39fa-10f3-4cb7-b122-8e860b76a301@group-8574D344C171-SegmentedRaftLogWorker: flushIndex: setUnconditionally 0 -> -1
2019-09-24 03:26:00,929 [pool-62-thread-1] INFO  server.RaftServerConfigKeys (ConfUtils.java:logGet(43)) - raft.server.snapshot.auto.trigger.enabled = true (custom)
2019-09-24 03:26:00,929 [pool-62-thread-1] INFO  server.RaftServerConfigKeys (ConfUtils.java:logGet(43)) - raft.server.snapshot.auto.trigger.threshold = 10000 (custom)
2019-09-24 03:26:00,929 [pool-62-thread-1] INFO  server.RaftServerConfigKeys (ConfUtils.java:logGet(43)) - raft.server.snapshot.retention.num.files = 5 (custom)
2019-09-24 03:26:00,929 [pool-62-thread-1] INFO  server.RaftServerConfigKeys (ConfUtils.java:logGet(43)) - raft.server.retrycache.expirytime = 600000ms (custom)
2019-09-24 03:26:00,934 [pool-62-thread-1] INFO  impl.RaftServerImpl (RaftServerImpl.java:start(185)) - c11d39fa-10f3-4cb7-b122-8e860b76a301@group-8574D344C171: start as a follower, conf=-1: [c11d39fa-10f3-4cb7-b122-8e860b76a301:192.168.151.121:36278], old=null
2019-09-24 03:26:00,934 [pool-62-thread-1] INFO  impl.RaftServerImpl (RaftServerImpl.java:setRole(174)) - c11d39fa-10f3-4cb7-b122-8e860b76a301@group-8574D344C171: changes role from      null to FOLLOWER at term 0 for startAsFollower
2019-09-24 03:26:00,934 [pool-62-thread-1] INFO  impl.RoleInfo (RoleInfo.java:updateAndGet(143)) - c11d39fa-10f3-4cb7-b122-8e860b76a301: start FollowerState
2019-09-24 03:26:00,935 [pool-62-thread-1] INFO  util.JmxRegister (JmxRegister.java:tryRegister(44)) - Successfully registered JMX Bean with object name Ratis:service=RaftServer,group=group-8574D344C171,id=c11d39fa-10f3-4cb7-b122-8e860b76a301
2019-09-24 03:26:00,952 [RatisPipelineUtilsThread] INFO  pipeline.PipelineStateManager (PipelineStateManager.java:addPipeline(56)) - Created pipeline Pipeline[ Id: ba494fbd-28c4-4641-a9f9-8574d344c171, Nodes: c11d39fa-10f3-4cb7-b122-8e860b76a301{ip: 192.168.151.121, host: pr-hdds-2162-tjkd5-3209850126, networkLocation: /default-rack, certSerialId: null}, Type:RATIS, Factor:ONE, State:OPEN]
2019-09-24 03:26:00,979 [grpc-default-executor-0] INFO  impl.RaftServerProxy (RaftServerProxy.java:addNew(89)) - 2859951c-203c-4f1b-9e85-7275a2992eab: addNew group-DA27D53FF97F:[2859951c-203c-4f1b-9e85-7275a2992eab:192.168.151.121:40038] returns group-DA27D53FF97F:java.util.concurrent.CompletableFuture@598cd50c[Not completed]
2019-09-24 03:26:01,012 [pool-82-thread-1] INFO  impl.RaftServerImpl (RaftServerImpl.java:<init>(95)) - 2859951c-203c-4f1b-9e85-7275a2992eab: new RaftServerImpl for group-DA27D53FF97F:[2859951c-203c-4f1b-9e85-7275a2992eab:192.168.151.121:40038] with ContainerStateMachine:uninitialized
2019-09-24 03:26:01,013 [pool-82-thread-1] INFO  server.RaftServerConfigKeys (ConfUtils.java:logGet(43)) - raft.server.rpc.timeout.min = 5s (custom)
2019-09-24 03:26:01,013 [pool-82-thread-1] INFO  server.RaftServerConfigKeys (ConfUtils.java:logGet(43)) - raft.server.rpc.timeout.max = 5200ms (custom)
2019-09-24 03:26:01,013 [pool-82-thread-1] INFO  server.RaftServerConfigKeys (ConfUtils.java:logGet(43)) - raft.server.rpcslowness.timeout = 120s (custom)
2019-09-24 03:26:01,013 [pool-82-thread-1] INFO  server.RaftServerConfigKeys (ConfUtils.java:logGet(43)) - raft.server.sleep.deviation.threshold = 300 (default)
2019-09-24 03:26:01,013 [pool-82-thread-1] INFO  server.RaftServerConfigKeys (ConfUtils.java:logGet(43)) - raft.server.log.appender.install.snapshot.enabled = false (custom)
2019-09-24 03:26:01,014 [pool-82-thread-1] INFO  impl.RaftServerImpl (ServerState.java:<init>(103)) - 2859951c-203c-4f1b-9e85-7275a2992eab@group-DA27D53FF97F: ConfigurationManager, init=-1: [2859951c-203c-4f1b-9e85-7275a2992eab:192.168.151.121:40038], old=null, confs=<EMPTY_MAP>
2019-09-24 03:26:01,014 [pool-82-thread-1] INFO  server.RaftServerConfigKeys (ConfUtils.java:logGet(43)) - raft.server.storage.dir = [/workdir/hadoop-ozone/integration-test/target/test-dir/MiniOzoneClusterImpl-e5f1ddf0-a5ce-4ae4-b63c-73802c2fbca4/datanode-5/data/ratis] (custom)
2019-09-24 03:26:01,015 [pool-82-thread-1] INFO  storage.RaftStorageDirectory (RaftStorageDirectory.java:analyzeStorage(246)) - The storage directory /workdir/hadoop-ozone/integration-test/target/test-dir/MiniOzoneClusterImpl-e5f1ddf0-a5ce-4ae4-b63c-73802c2fbca4/datanode-5/data/ratis/4de0b01f-3273-46b0-ac70-da27d53ff97f does not exist. Creating ...
2019-09-24 03:26:01,030 [pool-82-thread-1] INFO  storage.RaftStorageDirectory (RaftStorageDirectory.java:tryLock(328)) - Lock on /workdir/hadoop-ozone/integration-test/target/test-dir/MiniOzoneClusterImpl-e5f1ddf0-a5ce-4ae4-b63c-73802c2fbca4/datanode-5/data/ratis/4de0b01f-3273-46b0-ac70-da27d53ff97f/in_use.lock acquired by nodename 10637@pr-hdds-2162-tjkd5-3209850126
2019-09-24 03:26:01,050 [pool-82-thread-1] INFO  storage.RaftStorage (RaftStorage.java:format(72)) - Storage directory /workdir/hadoop-ozone/integration-test/target/test-dir/MiniOzoneClusterImpl-e5f1ddf0-a5ce-4ae4-b63c-73802c2fbca4/datanode-5/data/ratis/4de0b01f-3273-46b0-ac70-da27d53ff97f has been successfully formatted.
2019-09-24 03:26:01,052 [pool-82-thread-1] INFO  ratis.ContainerStateMachine (ContainerStateMachine.java:loadSnapshot(230)) - group-DA27D53FF97F: The snapshot info is null. Setting the last applied indexto:(t:0, i:~)
2019-09-24 03:26:01,053 [pool-82-thread-1] INFO  server.RaftServerConfigKeys (ConfUtils.java:logGet(43)) - raft.server.notification.no-leader.timeout = 120s (custom)
2019-09-24 03:26:01,053 [pool-82-thread-1] INFO  server.RaftServerConfigKeys (ConfUtils.java:logGet(43)) - raft.server.log.use.memory = false (default)
2019-09-24 03:26:01,054 [pool-82-thread-1] INFO  server.RaftServerConfigKeys (ConfUtils.java:logGet(43)) - raft.server.log.purge.gap = 1000000 (custom)
2019-09-24 03:26:01,054 [pool-82-thread-1] INFO  server.RaftServerConfigKeys (ConfUtils.java:logGet(43)) - raft.server.log.appender.buffer.byte-limit = 33554432 (custom)
2019-09-24 03:26:01,054 [pool-82-thread-1] INFO  server.RaftServerConfigKeys (ConfUtils.java:logGet(43)) - raft.server.log.segment.size.max = 1048576 (custom)
2019-09-24 03:26:01,054 [pool-82-thread-1] INFO  server.RaftServerConfigKeys (ConfUtils.java:logGet(43)) - raft.server.log.segment.cache.num.max = 2 (custom)
2019-09-24 03:26:01,054 [pool-82-thread-1] INFO  segmented.SegmentedRaftLogWorker (SegmentedRaftLogWorker.java:<init>(172)) - new 2859951c-203c-4f1b-9e85-7275a2992eab@group-DA27D53FF97F-SegmentedRaftLogWorker for RaftStorage:Storage Directory /workdir/hadoop-ozone/integration-test/target/test-dir/MiniOzoneClusterImpl-e5f1ddf0-a5ce-4ae4-b63c-73802c2fbca4/datanode-5/data/ratis/4de0b01f-3273-46b0-ac70-da27d53ff97f
2019-09-24 03:26:01,106 [pool-82-thread-1] INFO  server.RaftServerConfigKeys (ConfUtils.java:logGet(43)) - raft.server.log.queue.byte-limit = 2147483647 (custom)
2019-09-24 03:26:01,106 [pool-82-thread-1] INFO  server.RaftServerConfigKeys (ConfUtils.java:logGet(43)) - raft.server.log.queue.element-limit = 1024 (custom)
2019-09-24 03:26:01,106 [pool-82-thread-1] INFO  server.RaftServerConfigKeys (ConfUtils.java:logGet(43)) - raft.server.log.segment.size.max = 1048576 (custom)
2019-09-24 03:26:01,106 [pool-82-thread-1] INFO  server.RaftServerConfigKeys (ConfUtils.java:logGet(43)) - raft.server.log.preallocated.size = 16384 (custom)
2019-09-24 03:26:01,107 [pool-82-thread-1] INFO  server.RaftServerConfigKeys (ConfUtils.java:logGet(43)) - raft.server.log.write.buffer.size = 33554432 (custom)
2019-09-24 03:26:01,107 [pool-82-thread-1] INFO  server.RaftServerConfigKeys (ConfUtils.java:logGet(43)) - raft.server.log.force.sync.num = 128 (default)
2019-09-24 03:26:01,107 [pool-82-thread-1] INFO  server.RaftServerConfigKeys (ConfUtils.java:logGet(43)) - raft.server.log.statemachine.data.sync = true (default)
2019-09-24 03:26:01,107 [pool-82-thread-1] INFO  server.RaftServerConfigKeys (ConfUtils.java:logGet(43)) - raft.server.log.statemachine.data.sync.timeout = 10s (default)
2019-09-24 03:26:01,107 [pool-82-thread-1] INFO  server.RaftServerConfigKeys (ConfUtils.java:logGet(43)) - raft.server.log.statemachine.data.sync.timeout.retry = -1 (default)
2019-09-24 03:26:01,107 [pool-82-thread-1] INFO  server.RaftServerConfigKeys (ConfUtils.java:logGet(43)) - raft.server.log.statemachine.data.caching.enabled = true (custom)
2019-09-24 03:26:01,108 [pool-82-thread-1] INFO  segmented.SegmentedRaftLogWorker (SegmentedRaftLogWorker.java:lambda$new$0(132)) - 2859951c-203c-4f1b-9e85-7275a2992eab@group-DA27D53FF97F-SegmentedRaftLogWorker: flushIndex: setUnconditionally 0 -> -1
2019-09-24 03:26:01,108 [pool-82-thread-1] INFO  server.RaftServerConfigKeys (ConfUtils.java:logGet(43)) - raft.server.snapshot.auto.trigger.enabled = true (custom)
2019-09-24 03:26:01,108 [pool-82-thread-1] INFO  server.RaftServerConfigKeys (ConfUtils.java:logGet(43)) - raft.server.snapshot.auto.trigger.threshold = 10000 (custom)
2019-09-24 03:26:01,108 [pool-82-thread-1] INFO  server.RaftServerConfigKeys (ConfUtils.java:logGet(43)) - raft.server.snapshot.retention.num.files = 5 (custom)
2019-09-24 03:26:01,108 [pool-82-thread-1] INFO  server.RaftServerConfigKeys (ConfUtils.java:logGet(43)) - raft.server.retrycache.expirytime = 600000ms (custom)
2019-09-24 03:26:01,111 [pool-82-thread-1] INFO  impl.RaftServerImpl (RaftServerImpl.java:start(185)) - 2859951c-203c-4f1b-9e85-7275a2992eab@group-DA27D53FF97F: start as a follower, conf=-1: [2859951c-203c-4f1b-9e85-7275a2992eab:192.168.151.121:40038], old=null
2019-09-24 03:26:01,112 [pool-82-thread-1] INFO  impl.RaftServerImpl (RaftServerImpl.java:setRole(174)) - 2859951c-203c-4f1b-9e85-7275a2992eab@group-DA27D53FF97F: changes role from      null to FOLLOWER at term 0 for startAsFollower
2019-09-24 03:26:01,112 [pool-82-thread-1] INFO  impl.RoleInfo (RoleInfo.java:updateAndGet(143)) - 2859951c-203c-4f1b-9e85-7275a2992eab: start FollowerState
2019-09-24 03:26:01,114 [pool-82-thread-1] INFO  util.JmxRegister (JmxRegister.java:tryRegister(44)) - Successfully registered JMX Bean with object name Ratis:service=RaftServer,group=group-DA27D53FF97F,id=2859951c-203c-4f1b-9e85-7275a2992eab
2019-09-24 03:26:01,130 [RatisPipelineUtilsThread] INFO  pipeline.PipelineStateManager (PipelineStateManager.java:addPipeline(56)) - Created pipeline Pipeline[ Id: 4de0b01f-3273-46b0-ac70-da27d53ff97f, Nodes: 2859951c-203c-4f1b-9e85-7275a2992eab{ip: 192.168.151.121, host: pr-hdds-2162-tjkd5-3209850126, networkLocation: /default-rack, certSerialId: null}, Type:RATIS, Factor:ONE, State:OPEN]
2019-09-24 03:26:01,155 [grpc-default-executor-0] INFO  impl.RaftServerProxy (RaftServerProxy.java:addNew(89)) - f1c22574-e151-47e2-8b9a-aa1bb6e0cd34: addNew group-6ACF982B3F1A:[f1c22574-e151-47e2-8b9a-aa1bb6e0cd34:192.168.151.121:42828] returns group-6ACF982B3F1A:java.util.concurrent.CompletableFuture@5eb98793[Not completed]
2019-09-24 03:26:01,159 [pool-112-thread-1] INFO  impl.RaftServerImpl (RaftServerImpl.java:<init>(95)) - f1c22574-e151-47e2-8b9a-aa1bb6e0cd34: new RaftServerImpl for group-6ACF982B3F1A:[f1c22574-e151-47e2-8b9a-aa1bb6e0cd34:192.168.151.121:42828] with ContainerStateMachine:uninitialized
2019-09-24 03:26:01,159 [pool-112-thread-1] INFO  server.RaftServerConfigKeys (ConfUtils.java:logGet(43)) - raft.server.rpc.timeout.min = 5s (custom)
2019-09-24 03:26:01,160 [pool-112-thread-1] INFO  server.RaftServerConfigKeys (ConfUtils.java:logGet(43)) - raft.server.rpc.timeout.max = 5200ms (custom)
2019-09-24 03:26:01,160 [pool-112-thread-1] INFO  server.RaftServerConfigKeys (ConfUtils.java:logGet(43)) - raft.server.rpcslowness.timeout = 120s (custom)
2019-09-24 03:26:01,160 [pool-112-thread-1] INFO  server.RaftServerConfigKeys (ConfUtils.java:logGet(43)) - raft.server.sleep.deviation.threshold = 300 (default)
2019-09-24 03:26:01,160 [pool-112-thread-1] INFO  server.RaftServerConfigKeys (ConfUtils.java:logGet(43)) - raft.server.log.appender.install.snapshot.enabled = false (custom)
2019-09-24 03:26:01,160 [pool-112-thread-1] INFO  impl.RaftServerImpl (ServerState.java:<init>(103)) - f1c22574-e151-47e2-8b9a-aa1bb6e0cd34@group-6ACF982B3F1A: ConfigurationManager, init=-1: [f1c22574-e151-47e2-8b9a-aa1bb6e0cd34:192.168.151.121:42828], old=null, confs=<EMPTY_MAP>
2019-09-24 03:26:01,160 [pool-112-thread-1] INFO  server.RaftServerConfigKeys (ConfUtils.java:logGet(43)) - raft.server.storage.dir = [/workdir/hadoop-ozone/integration-test/target/test-dir/MiniOzoneClusterImpl-e5f1ddf0-a5ce-4ae4-b63c-73802c2fbca4/datanode-8/data/ratis] (custom)
2019-09-24 03:26:01,161 [pool-112-thread-1] INFO  storage.RaftStorageDirectory (RaftStorageDirectory.java:analyzeStorage(246)) - The storage directory /workdir/hadoop-ozone/integration-test/target/test-dir/MiniOzoneClusterImpl-e5f1ddf0-a5ce-4ae4-b63c-73802c2fbca4/datanode-8/data/ratis/37ee9daf-ad40-4ef4-8953-6acf982b3f1a does not exist. Creating ...
2019-09-24 03:26:01,176 [pool-112-thread-1] INFO  storage.RaftStorageDirectory (RaftStorageDirectory.java:tryLock(328)) - Lock on /workdir/hadoop-ozone/integration-test/target/test-dir/MiniOzoneClusterImpl-e5f1ddf0-a5ce-4ae4-b63c-73802c2fbca4/datanode-8/data/ratis/37ee9daf-ad40-4ef4-8953-6acf982b3f1a/in_use.lock acquired by nodename 10637@pr-hdds-2162-tjkd5-3209850126
2019-09-24 03:26:01,189 [pool-112-thread-1] INFO  storage.RaftStorage (RaftStorage.java:format(72)) - Storage directory /workdir/hadoop-ozone/integration-test/target/test-dir/MiniOzoneClusterImpl-e5f1ddf0-a5ce-4ae4-b63c-73802c2fbca4/datanode-8/data/ratis/37ee9daf-ad40-4ef4-8953-6acf982b3f1a has been successfully formatted.
2019-09-24 03:26:01,190 [pool-112-thread-1] INFO  ratis.ContainerStateMachine (ContainerStateMachine.java:loadSnapshot(230)) - group-6ACF982B3F1A: The snapshot info is null. Setting the last applied indexto:(t:0, i:~)
2019-09-24 03:26:01,190 [pool-112-thread-1] INFO  server.RaftServerConfigKeys (ConfUtils.java:logGet(43)) - raft.server.notification.no-leader.timeout = 120s (custom)
2019-09-24 03:26:01,190 [pool-112-thread-1] INFO  server.RaftServerConfigKeys (ConfUtils.java:logGet(43)) - raft.server.log.use.memory = false (default)
2019-09-24 03:26:01,190 [pool-112-thread-1] INFO  server.RaftServerConfigKeys (ConfUtils.java:logGet(43)) - raft.server.log.purge.gap = 1000000 (custom)
2019-09-24 03:26:01,190 [pool-112-thread-1] INFO  server.RaftServerConfigKeys (ConfUtils.java:logGet(43)) - raft.server.log.appender.buffer.byte-limit = 33554432 (custom)
2019-09-24 03:26:01,190 [pool-112-thread-1] INFO  server.RaftServerConfigKeys (ConfUtils.java:logGet(43)) - raft.server.log.segment.size.max = 1048576 (custom)
2019-09-24 03:26:01,191 [pool-112-thread-1] INFO  server.RaftServerConfigKeys (ConfUtils.java:logGet(43)) - raft.server.log.segment.cache.num.max = 2 (custom)
2019-09-24 03:26:01,191 [pool-112-thread-1] INFO  segmented.SegmentedRaftLogWorker (SegmentedRaftLogWorker.java:<init>(172)) - new f1c22574-e151-47e2-8b9a-aa1bb6e0cd34@group-6ACF982B3F1A-SegmentedRaftLogWorker for RaftStorage:Storage Directory /workdir/hadoop-ozone/integration-test/target/test-dir/MiniOzoneClusterImpl-e5f1ddf0-a5ce-4ae4-b63c-73802c2fbca4/datanode-8/data/ratis/37ee9daf-ad40-4ef4-8953-6acf982b3f1a
2019-09-24 03:26:01,196 [pool-112-thread-1] INFO  server.RaftServerConfigKeys (ConfUtils.java:logGet(43)) - raft.server.log.queue.byte-limit = 2147483647 (custom)
2019-09-24 03:26:01,196 [pool-112-thread-1] INFO  server.RaftServerConfigKeys (ConfUtils.java:logGet(43)) - raft.server.log.queue.element-limit = 1024 (custom)
2019-09-24 03:26:01,196 [pool-112-thread-1] INFO  server.RaftServerConfigKeys (ConfUtils.java:logGet(43)) - raft.server.log.segment.size.max = 1048576 (custom)
2019-09-24 03:26:01,196 [pool-112-thread-1] INFO  server.RaftServerConfigKeys (ConfUtils.java:logGet(43)) - raft.server.log.preallocated.size = 16384 (custom)
2019-09-24 03:26:01,197 [pool-112-thread-1] INFO  server.RaftServerConfigKeys (ConfUtils.java:logGet(43)) - raft.server.log.write.buffer.size = 33554432 (custom)
2019-09-24 03:26:01,197 [pool-112-thread-1] INFO  server.RaftServerConfigKeys (ConfUtils.java:logGet(43)) - raft.server.log.force.sync.num = 128 (default)
2019-09-24 03:26:01,197 [pool-112-thread-1] INFO  server.RaftServerConfigKeys (ConfUtils.java:logGet(43)) - raft.server.log.statemachine.data.sync = true (default)
2019-09-24 03:26:01,197 [pool-112-thread-1] INFO  server.RaftServerConfigKeys (ConfUtils.java:logGet(43)) - raft.server.log.statemachine.data.sync.timeout = 10s (default)
2019-09-24 03:26:01,197 [pool-112-thread-1] INFO  server.RaftServerConfigKeys (ConfUtils.java:logGet(43)) - raft.server.log.statemachine.data.sync.timeout.retry = -1 (default)
2019-09-24 03:26:01,198 [pool-112-thread-1] INFO  server.RaftServerConfigKeys (ConfUtils.java:logGet(43)) - raft.server.log.statemachine.data.caching.enabled = true (custom)
2019-09-24 03:26:01,198 [pool-112-thread-1] INFO  segmented.SegmentedRaftLogWorker (SegmentedRaftLogWorker.java:lambda$new$0(132)) - f1c22574-e151-47e2-8b9a-aa1bb6e0cd34@group-6ACF982B3F1A-SegmentedRaftLogWorker: flushIndex: setUnconditionally 0 -> -1
2019-09-24 03:26:01,199 [pool-112-thread-1] INFO  server.RaftServerConfigKeys (ConfUtils.java:logGet(43)) - raft.server.snapshot.auto.trigger.enabled = true (custom)
2019-09-24 03:26:01,199 [pool-112-thread-1] INFO  server.RaftServerConfigKeys (ConfUtils.java:logGet(43)) - raft.server.snapshot.auto.trigger.threshold = 10000 (custom)
2019-09-24 03:26:01,199 [pool-112-thread-1] INFO  server.RaftServerConfigKeys (ConfUtils.java:logGet(43)) - raft.server.snapshot.retention.num.files = 5 (custom)
2019-09-24 03:26:01,199 [pool-112-thread-1] INFO  server.RaftServerConfigKeys (ConfUtils.java:logGet(43)) - raft.server.retrycache.expirytime = 600000ms (custom)
2019-09-24 03:26:01,204 [pool-112-thread-1] INFO  impl.RaftServerImpl (RaftServerImpl.java:start(185)) - f1c22574-e151-47e2-8b9a-aa1bb6e0cd34@group-6ACF982B3F1A: start as a follower, conf=-1: [f1c22574-e151-47e2-8b9a-aa1bb6e0cd34:192.168.151.121:42828], old=null
2019-09-24 03:26:01,205 [pool-112-thread-1] INFO  impl.RaftServerImpl (RaftServerImpl.java:setRole(174)) - f1c22574-e151-47e2-8b9a-aa1bb6e0cd34@group-6ACF982B3F1A: changes role from      null to FOLLOWER at term 0 for startAsFollower
2019-09-24 03:26:01,205 [pool-112-thread-1] INFO  impl.RoleInfo (RoleInfo.java:updateAndGet(143)) - f1c22574-e151-47e2-8b9a-aa1bb6e0cd34: start FollowerState
2019-09-24 03:26:01,205 [pool-112-thread-1] INFO  util.JmxRegister (JmxRegister.java:tryRegister(44)) - Successfully registered JMX Bean with object name Ratis:service=RaftServer,group=group-6ACF982B3F1A,id=f1c22574-e151-47e2-8b9a-aa1bb6e0cd34
2019-09-24 03:26:01,229 [RatisPipelineUtilsThread] INFO  pipeline.PipelineStateManager (PipelineStateManager.java:addPipeline(56)) - Created pipeline Pipeline[ Id: 37ee9daf-ad40-4ef4-8953-6acf982b3f1a, Nodes: f1c22574-e151-47e2-8b9a-aa1bb6e0cd34{ip: 192.168.151.121, host: pr-hdds-2162-tjkd5-3209850126, networkLocation: /default-rack, certSerialId: null}, Type:RATIS, Factor:ONE, State:OPEN]
2019-09-24 03:26:01,255 [grpc-default-executor-0] INFO  impl.RaftServerProxy (RaftServerProxy.java:addNew(89)) - 8fc5c081-d984-4303-aba7-473da99cd7d4: addNew group-744F0FDB9AB5:[8fc5c081-d984-4303-aba7-473da99cd7d4:192.168.151.121:46313] returns group-744F0FDB9AB5:java.util.concurrent.CompletableFuture@669d9f0e[Not completed]
2019-09-24 03:26:01,259 [pool-42-thread-1] INFO  impl.RaftServerImpl (RaftServerImpl.java:<init>(95)) - 8fc5c081-d984-4303-aba7-473da99cd7d4: new RaftServerImpl for group-744F0FDB9AB5:[8fc5c081-d984-4303-aba7-473da99cd7d4:192.168.151.121:46313] with ContainerStateMachine:uninitialized
2019-09-24 03:26:01,260 [pool-42-thread-1] INFO  server.RaftServerConfigKeys (ConfUtils.java:logGet(43)) - raft.server.rpc.timeout.min = 5s (custom)
2019-09-24 03:26:01,260 [pool-42-thread-1] INFO  server.RaftServerConfigKeys (ConfUtils.java:logGet(43)) - raft.server.rpc.timeout.max = 5200ms (custom)
2019-09-24 03:26:01,260 [pool-42-thread-1] INFO  server.RaftServerConfigKeys (ConfUtils.java:logGet(43)) - raft.server.rpcslowness.timeout = 120s (custom)
2019-09-24 03:26:01,260 [pool-42-thread-1] INFO  server.RaftServerConfigKeys (ConfUtils.java:logGet(43)) - raft.server.sleep.deviation.threshold = 300 (default)
2019-09-24 03:26:01,260 [pool-42-thread-1] INFO  server.RaftServerConfigKeys (ConfUtils.java:logGet(43)) - raft.server.log.appender.install.snapshot.enabled = false (custom)
2019-09-24 03:26:01,260 [pool-42-thread-1] INFO  impl.RaftServerImpl (ServerState.java:<init>(103)) - 8fc5c081-d984-4303-aba7-473da99cd7d4@group-744F0FDB9AB5: ConfigurationManager, init=-1: [8fc5c081-d984-4303-aba7-473da99cd7d4:192.168.151.121:46313], old=null, confs=<EMPTY_MAP>
2019-09-24 03:26:01,261 [pool-42-thread-1] INFO  server.RaftServerConfigKeys (ConfUtils.java:logGet(43)) - raft.server.storage.dir = [/workdir/hadoop-ozone/integration-test/target/test-dir/MiniOzoneClusterImpl-e5f1ddf0-a5ce-4ae4-b63c-73802c2fbca4/datanode-1/data/ratis] (custom)
2019-09-24 03:26:01,261 [pool-42-thread-1] INFO  storage.RaftStorageDirectory (RaftStorageDirectory.java:analyzeStorage(246)) - The storage directory /workdir/hadoop-ozone/integration-test/target/test-dir/MiniOzoneClusterImpl-e5f1ddf0-a5ce-4ae4-b63c-73802c2fbca4/datanode-1/data/ratis/16db4624-31e8-4d3d-903b-744f0fdb9ab5 does not exist. Creating ...
2019-09-24 03:26:01,307 [main] INFO  ozone.MiniOzoneClusterImpl (MiniOzoneClusterImpl.java:lambda$waitForClusterToBeReady$0(147)) - Cluster is ready. Got 10 of 10 DN Heartbeats.
2019-09-24 03:26:01,328 [pool-42-thread-1] INFO  storage.RaftStorageDirectory (RaftStorageDirectory.java:tryLock(328)) - Lock on /workdir/hadoop-ozone/integration-test/target/test-dir/MiniOzoneClusterImpl-e5f1ddf0-a5ce-4ae4-b63c-73802c2fbca4/datanode-1/data/ratis/16db4624-31e8-4d3d-903b-744f0fdb9ab5/in_use.lock acquired by nodename 10637@pr-hdds-2162-tjkd5-3209850126
2019-09-24 03:26:01,384 [pool-42-thread-1] INFO  storage.RaftStorage (RaftStorage.java:format(72)) - Storage directory /workdir/hadoop-ozone/integration-test/target/test-dir/MiniOzoneClusterImpl-e5f1ddf0-a5ce-4ae4-b63c-73802c2fbca4/datanode-1/data/ratis/16db4624-31e8-4d3d-903b-744f0fdb9ab5 has been successfully formatted.
2019-09-24 03:26:01,387 [pool-42-thread-1] INFO  ratis.ContainerStateMachine (ContainerStateMachine.java:loadSnapshot(230)) - group-744F0FDB9AB5: The snapshot info is null. Setting the last applied indexto:(t:0, i:~)
2019-09-24 03:26:01,388 [pool-42-thread-1] INFO  server.RaftServerConfigKeys (ConfUtils.java:logGet(43)) - raft.server.notification.no-leader.timeout = 120s (custom)
2019-09-24 03:26:01,388 [pool-42-thread-1] INFO  server.RaftServerConfigKeys (ConfUtils.java:logGet(43)) - raft.server.log.use.memory = false (default)
2019-09-24 03:26:01,388 [pool-42-thread-1] INFO  server.RaftServerConfigKeys (ConfUtils.java:logGet(43)) - raft.server.log.purge.gap = 1000000 (custom)
2019-09-24 03:26:01,388 [pool-42-thread-1] INFO  server.RaftServerConfigKeys (ConfUtils.java:logGet(43)) - raft.server.log.appender.buffer.byte-limit = 33554432 (custom)
2019-09-24 03:26:01,388 [pool-42-thread-1] INFO  server.RaftServerConfigKeys (ConfUtils.java:logGet(43)) - raft.server.log.segment.size.max = 1048576 (custom)
2019-09-24 03:26:01,389 [pool-42-thread-1] INFO  server.RaftServerConfigKeys (ConfUtils.java:logGet(43)) - raft.server.log.segment.cache.num.max = 2 (custom)
2019-09-24 03:26:01,389 [pool-42-thread-1] INFO  segmented.SegmentedRaftLogWorker (SegmentedRaftLogWorker.java:<init>(172)) - new 8fc5c081-d984-4303-aba7-473da99cd7d4@group-744F0FDB9AB5-SegmentedRaftLogWorker for RaftStorage:Storage Directory /workdir/hadoop-ozone/integration-test/target/test-dir/MiniOzoneClusterImpl-e5f1ddf0-a5ce-4ae4-b63c-73802c2fbca4/datanode-1/data/ratis/16db4624-31e8-4d3d-903b-744f0fdb9ab5
2019-09-24 03:26:01,394 [pool-42-thread-1] INFO  server.RaftServerConfigKeys (ConfUtils.java:logGet(43)) - raft.server.log.queue.byte-limit = 2147483647 (custom)
2019-09-24 03:26:01,394 [pool-42-thread-1] INFO  server.RaftServerConfigKeys (ConfUtils.java:logGet(43)) - raft.server.log.queue.element-limit = 1024 (custom)
2019-09-24 03:26:01,394 [pool-42-thread-1] INFO  server.RaftServerConfigKeys (ConfUtils.java:logGet(43)) - raft.server.log.segment.size.max = 1048576 (custom)
2019-09-24 03:26:01,394 [pool-42-thread-1] INFO  server.RaftServerConfigKeys (ConfUtils.java:logGet(43)) - raft.server.log.preallocated.size = 16384 (custom)
2019-09-24 03:26:01,395 [pool-42-thread-1] INFO  server.RaftServerConfigKeys (ConfUtils.java:logGet(43)) - raft.server.log.write.buffer.size = 33554432 (custom)
2019-09-24 03:26:01,395 [pool-42-thread-1] INFO  server.RaftServerConfigKeys (ConfUtils.java:logGet(43)) - raft.server.log.force.sync.num = 128 (default)
2019-09-24 03:26:01,395 [pool-42-thread-1] INFO  server.RaftServerConfigKeys (ConfUtils.java:logGet(43)) - raft.server.log.statemachine.data.sync = true (default)
2019-09-24 03:26:01,395 [pool-42-thread-1] INFO  server.RaftServerConfigKeys (ConfUtils.java:logGet(43)) - raft.server.log.statemachine.data.sync.timeout = 10s (default)
2019-09-24 03:26:01,395 [pool-42-thread-1] INFO  server.RaftServerConfigKeys (ConfUtils.java:logGet(43)) - raft.server.log.statemachine.data.sync.timeout.retry = -1 (default)
2019-09-24 03:26:01,396 [pool-42-thread-1] INFO  server.RaftServerConfigKeys (ConfUtils.java:logGet(43)) - raft.server.log.statemachine.data.caching.enabled = true (custom)
2019-09-24 03:26:01,396 [pool-42-thread-1] INFO  segmented.SegmentedRaftLogWorker (SegmentedRaftLogWorker.java:lambda$new$0(132)) - 8fc5c081-d984-4303-aba7-473da99cd7d4@group-744F0FDB9AB5-SegmentedRaftLogWorker: flushIndex: setUnconditionally 0 -> -1
2019-09-24 03:26:01,397 [pool-42-thread-1] INFO  server.RaftServerConfigKeys (ConfUtils.java:logGet(43)) - raft.server.snapshot.auto.trigger.enabled = true (custom)
2019-09-24 03:26:01,397 [pool-42-thread-1] INFO  server.RaftServerConfigKeys (ConfUtils.java:logGet(43)) - raft.server.snapshot.auto.trigger.threshold = 10000 (custom)
2019-09-24 03:26:01,397 [pool-42-thread-1] INFO  server.RaftServerConfigKeys (ConfUtils.java:logGet(43)) - raft.server.snapshot.retention.num.files = 5 (custom)
2019-09-24 03:26:01,397 [pool-42-thread-1] INFO  server.RaftServerConfigKeys (ConfUtils.java:logGet(43)) - raft.server.retrycache.expirytime = 600000ms (custom)
2019-09-24 03:26:01,401 [pool-42-thread-1] INFO  impl.RaftServerImpl (RaftServerImpl.java:start(185)) - 8fc5c081-d984-4303-aba7-473da99cd7d4@group-744F0FDB9AB5: start as a follower, conf=-1: [8fc5c081-d984-4303-aba7-473da99cd7d4:192.168.151.121:46313], old=null
2019-09-24 03:26:01,401 [pool-42-thread-1] INFO  impl.RaftServerImpl (RaftServerImpl.java:setRole(174)) - 8fc5c081-d984-4303-aba7-473da99cd7d4@group-744F0FDB9AB5: changes role from      null to FOLLOWER at term 0 for startAsFollower
2019-09-24 03:26:01,401 [pool-42-thread-1] INFO  impl.RoleInfo (RoleInfo.java:updateAndGet(143)) - 8fc5c081-d984-4303-aba7-473da99cd7d4: start FollowerState
2019-09-24 03:26:01,402 [pool-42-thread-1] INFO  util.JmxRegister (JmxRegister.java:tryRegister(44)) - Successfully registered JMX Bean with object name Ratis:service=RaftServer,group=group-744F0FDB9AB5,id=8fc5c081-d984-4303-aba7-473da99cd7d4
2019-09-24 03:26:01,418 [RatisPipelineUtilsThread] INFO  pipeline.PipelineStateManager (PipelineStateManager.java:addPipeline(56)) - Created pipeline Pipeline[ Id: 16db4624-31e8-4d3d-903b-744f0fdb9ab5, Nodes: 8fc5c081-d984-4303-aba7-473da99cd7d4{ip: 192.168.151.121, host: pr-hdds-2162-tjkd5-3209850126, networkLocation: /default-rack, certSerialId: null}, Type:RATIS, Factor:ONE, State:OPEN]
2019-09-24 03:26:01,437 [grpc-default-executor-0] INFO  impl.RaftServerProxy (RaftServerProxy.java:addNew(89)) - 13d11d3e-9895-4970-8096-73396f0d647b: addNew group-B0E93F802A48:[13d11d3e-9895-4970-8096-73396f0d647b:192.168.151.121:45071] returns group-B0E93F802A48:java.util.concurrent.CompletableFuture@210e0056[Not completed]
2019-09-24 03:26:01,441 [pool-92-thread-1] INFO  impl.RaftServerImpl (RaftServerImpl.java:<init>(95)) - 13d11d3e-9895-4970-8096-73396f0d647b: new RaftServerImpl for group-B0E93F802A48:[13d11d3e-9895-4970-8096-73396f0d647b:192.168.151.121:45071] with ContainerStateMachine:uninitialized
2019-09-24 03:26:01,441 [pool-92-thread-1] INFO  server.RaftServerConfigKeys (ConfUtils.java:logGet(43)) - raft.server.rpc.timeout.min = 5s (custom)
2019-09-24 03:26:01,441 [pool-92-thread-1] INFO  server.RaftServerConfigKeys (ConfUtils.java:logGet(43)) - raft.server.rpc.timeout.max = 5200ms (custom)
2019-09-24 03:26:01,441 [pool-92-thread-1] INFO  server.RaftServerConfigKeys (ConfUtils.java:logGet(43)) - raft.server.rpcslowness.timeout = 120s (custom)
2019-09-24 03:26:01,441 [pool-92-thread-1] INFO  server.RaftServerConfigKeys (ConfUtils.java:logGet(43)) - raft.server.sleep.deviation.threshold = 300 (default)
2019-09-24 03:26:01,441 [pool-92-thread-1] INFO  server.RaftServerConfigKeys (ConfUtils.java:logGet(43)) - raft.server.log.appender.install.snapshot.enabled = false (custom)
2019-09-24 03:26:01,442 [pool-92-thread-1] INFO  impl.RaftServerImpl (ServerState.java:<init>(103)) - 13d11d3e-9895-4970-8096-73396f0d647b@group-B0E93F802A48: ConfigurationManager, init=-1: [13d11d3e-9895-4970-8096-73396f0d647b:192.168.151.121:45071], old=null, confs=<EMPTY_MAP>
2019-09-24 03:26:01,442 [pool-92-thread-1] INFO  server.RaftServerConfigKeys (ConfUtils.java:logGet(43)) - raft.server.storage.dir = [/workdir/hadoop-ozone/integration-test/target/test-dir/MiniOzoneClusterImpl-e5f1ddf0-a5ce-4ae4-b63c-73802c2fbca4/datanode-6/data/ratis] (custom)
2019-09-24 03:26:01,442 [pool-92-thread-1] INFO  storage.RaftStorageDirectory (RaftStorageDirectory.java:analyzeStorage(246)) - The storage directory /workdir/hadoop-ozone/integration-test/target/test-dir/MiniOzoneClusterImpl-e5f1ddf0-a5ce-4ae4-b63c-73802c2fbca4/datanode-6/data/ratis/4621163b-ff14-4650-80ef-b0e93f802a48 does not exist. Creating ...
2019-09-24 03:26:01,504 [pool-92-thread-1] INFO  storage.RaftStorageDirectory (RaftStorageDirectory.java:tryLock(328)) - Lock on /workdir/hadoop-ozone/integration-test/target/test-dir/MiniOzoneClusterImpl-e5f1ddf0-a5ce-4ae4-b63c-73802c2fbca4/datanode-6/data/ratis/4621163b-ff14-4650-80ef-b0e93f802a48/in_use.lock acquired by nodename 10637@pr-hdds-2162-tjkd5-3209850126
2019-09-24 03:26:01,548 [pool-92-thread-1] INFO  storage.RaftStorage (RaftStorage.java:format(72)) - Storage directory /workdir/hadoop-ozone/integration-test/target/test-dir/MiniOzoneClusterImpl-e5f1ddf0-a5ce-4ae4-b63c-73802c2fbca4/datanode-6/data/ratis/4621163b-ff14-4650-80ef-b0e93f802a48 has been successfully formatted.
2019-09-24 03:26:01,549 [pool-92-thread-1] INFO  ratis.ContainerStateMachine (ContainerStateMachine.java:loadSnapshot(230)) - group-B0E93F802A48: The snapshot info is null. Setting the last applied indexto:(t:0, i:~)
2019-09-24 03:26:01,549 [pool-92-thread-1] INFO  server.RaftServerConfigKeys (ConfUtils.java:logGet(43)) - raft.server.notification.no-leader.timeout = 120s (custom)
2019-09-24 03:26:01,549 [pool-92-thread-1] INFO  server.RaftServerConfigKeys (ConfUtils.java:logGet(43)) - raft.server.log.use.memory = false (default)
2019-09-24 03:26:01,549 [pool-92-thread-1] INFO  server.RaftServerConfigKeys (ConfUtils.java:logGet(43)) - raft.server.log.purge.gap = 1000000 (custom)
2019-09-24 03:26:01,550 [pool-92-thread-1] INFO  server.RaftServerConfigKeys (ConfUtils.java:logGet(43)) - raft.server.log.appender.buffer.byte-limit = 33554432 (custom)
2019-09-24 03:26:01,550 [pool-92-thread-1] INFO  server.RaftServerConfigKeys (ConfUtils.java:logGet(43)) - raft.server.log.segment.size.max = 1048576 (custom)
2019-09-24 03:26:01,550 [pool-92-thread-1] INFO  server.RaftServerConfigKeys (ConfUtils.java:logGet(43)) - raft.server.log.segment.cache.num.max = 2 (custom)
2019-09-24 03:26:01,550 [pool-92-thread-1] INFO  segmented.SegmentedRaftLogWorker (SegmentedRaftLogWorker.java:<init>(172)) - new 13d11d3e-9895-4970-8096-73396f0d647b@group-B0E93F802A48-SegmentedRaftLogWorker for RaftStorage:Storage Directory /workdir/hadoop-ozone/integration-test/target/test-dir/MiniOzoneClusterImpl-e5f1ddf0-a5ce-4ae4-b63c-73802c2fbca4/datanode-6/data/ratis/4621163b-ff14-4650-80ef-b0e93f802a48
2019-09-24 03:26:01,553 [pool-92-thread-1] INFO  server.RaftServerConfigKeys (ConfUtils.java:logGet(43)) - raft.server.log.queue.byte-limit = 2147483647 (custom)
2019-09-24 03:26:01,553 [pool-92-thread-1] INFO  server.RaftServerConfigKeys (ConfUtils.java:logGet(43)) - raft.server.log.queue.element-limit = 1024 (custom)
2019-09-24 03:26:01,554 [pool-92-thread-1] INFO  server.RaftServerConfigKeys (ConfUtils.java:logGet(43)) - raft.server.log.segment.size.max = 1048576 (custom)
2019-09-24 03:26:01,554 [pool-92-thread-1] INFO  server.RaftServerConfigKeys (ConfUtils.java:logGet(43)) - raft.server.log.preallocated.size = 16384 (custom)
2019-09-24 03:26:01,554 [pool-92-thread-1] INFO  server.RaftServerConfigKeys (ConfUtils.java:logGet(43)) - raft.server.log.write.buffer.size = 33554432 (custom)
2019-09-24 03:26:01,554 [pool-92-thread-1] INFO  server.RaftServerConfigKeys (ConfUtils.java:logGet(43)) - raft.server.log.force.sync.num = 128 (default)
2019-09-24 03:26:01,554 [pool-92-thread-1] INFO  server.RaftServerConfigKeys (ConfUtils.java:logGet(43)) - raft.server.log.statemachine.data.sync = true (default)
2019-09-24 03:26:01,554 [pool-92-thread-1] INFO  server.RaftServerConfigKeys (ConfUtils.java:logGet(43)) - raft.server.log.statemachine.data.sync.timeout = 10s (default)
2019-09-24 03:26:01,554 [pool-92-thread-1] INFO  server.RaftServerConfigKeys (ConfUtils.java:logGet(43)) - raft.server.log.statemachine.data.sync.timeout.retry = -1 (default)
2019-09-24 03:26:01,555 [pool-92-thread-1] INFO  server.RaftServerConfigKeys (ConfUtils.java:logGet(43)) - raft.server.log.statemachine.data.caching.enabled = true (custom)
2019-09-24 03:26:01,555 [pool-92-thread-1] INFO  segmented.SegmentedRaftLogWorker (SegmentedRaftLogWorker.java:lambda$new$0(132)) - 13d11d3e-9895-4970-8096-73396f0d647b@group-B0E93F802A48-SegmentedRaftLogWorker: flushIndex: setUnconditionally 0 -> -1
2019-09-24 03:26:01,555 [pool-92-thread-1] INFO  server.RaftServerConfigKeys (ConfUtils.java:logGet(43)) - raft.server.snapshot.auto.trigger.enabled = true (custom)
2019-09-24 03:26:01,556 [pool-92-thread-1] INFO  server.RaftServerConfigKeys (ConfUtils.java:logGet(43)) - raft.server.snapshot.auto.trigger.threshold = 10000 (custom)
2019-09-24 03:26:01,556 [pool-92-thread-1] INFO  server.RaftServerConfigKeys (ConfUtils.java:logGet(43)) - raft.server.snapshot.retention.num.files = 5 (custom)
2019-09-24 03:26:01,556 [pool-92-thread-1] INFO  server.RaftServerConfigKeys (ConfUtils.java:logGet(43)) - raft.server.retrycache.expirytime = 600000ms (custom)
2019-09-24 03:26:01,558 [pool-92-thread-1] INFO  impl.RaftServerImpl (RaftServerImpl.java:start(185)) - 13d11d3e-9895-4970-8096-73396f0d647b@group-B0E93F802A48: start as a follower, conf=-1: [13d11d3e-9895-4970-8096-73396f0d647b:192.168.151.121:45071], old=null
2019-09-24 03:26:01,559 [pool-92-thread-1] INFO  impl.RaftServerImpl (RaftServerImpl.java:setRole(174)) - 13d11d3e-9895-4970-8096-73396f0d647b@group-B0E93F802A48: changes role from      null to FOLLOWER at term 0 for startAsFollower
2019-09-24 03:26:01,559 [pool-92-thread-1] INFO  impl.RoleInfo (RoleInfo.java:updateAndGet(143)) - 13d11d3e-9895-4970-8096-73396f0d647b: start FollowerState
2019-09-24 03:26:01,559 [pool-92-thread-1] INFO  util.JmxRegister (JmxRegister.java:tryRegister(44)) - Successfully registered JMX Bean with object name Ratis:service=RaftServer,group=group-B0E93F802A48,id=13d11d3e-9895-4970-8096-73396f0d647b
2019-09-24 03:26:01,572 [RatisPipelineUtilsThread] INFO  pipeline.PipelineStateManager (PipelineStateManager.java:addPipeline(56)) - Created pipeline Pipeline[ Id: 4621163b-ff14-4650-80ef-b0e93f802a48, Nodes: 13d11d3e-9895-4970-8096-73396f0d647b{ip: 192.168.151.121, host: pr-hdds-2162-tjkd5-3209850126, networkLocation: /default-rack, certSerialId: null}, Type:RATIS, Factor:ONE, State:OPEN]
2019-09-24 03:26:01,598 [grpc-default-executor-0] INFO  impl.RaftServerProxy (RaftServerProxy.java:addNew(89)) - de0815a2-edb6-4014-be80-193eceea242b: addNew group-A9E4F51E90A5:[de0815a2-edb6-4014-be80-193eceea242b:192.168.151.121:43060] returns group-A9E4F51E90A5:java.util.concurrent.CompletableFuture@3f7d6cfd[Not completed]
2019-09-24 03:26:01,606 [pool-72-thread-1] INFO  impl.RaftServerImpl (RaftServerImpl.java:<init>(95)) - de0815a2-edb6-4014-be80-193eceea242b: new RaftServerImpl for group-A9E4F51E90A5:[de0815a2-edb6-4014-be80-193eceea242b:192.168.151.121:43060] with ContainerStateMachine:uninitialized
2019-09-24 03:26:01,606 [pool-72-thread-1] INFO  server.RaftServerConfigKeys (ConfUtils.java:logGet(43)) - raft.server.rpc.timeout.min = 5s (custom)
2019-09-24 03:26:01,607 [pool-72-thread-1] INFO  server.RaftServerConfigKeys (ConfUtils.java:logGet(43)) - raft.server.rpc.timeout.max = 5200ms (custom)
2019-09-24 03:26:01,607 [pool-72-thread-1] INFO  server.RaftServerConfigKeys (ConfUtils.java:logGet(43)) - raft.server.rpcslowness.timeout = 120s (custom)
2019-09-24 03:26:01,607 [pool-72-thread-1] INFO  server.RaftServerConfigKeys (ConfUtils.java:logGet(43)) - raft.server.sleep.deviation.threshold = 300 (default)
2019-09-24 03:26:01,607 [pool-72-thread-1] INFO  server.RaftServerConfigKeys (ConfUtils.java:logGet(43)) - raft.server.log.appender.install.snapshot.enabled = false (custom)
2019-09-24 03:26:01,607 [pool-72-thread-1] INFO  impl.RaftServerImpl (ServerState.java:<init>(103)) - de0815a2-edb6-4014-be80-193eceea242b@group-A9E4F51E90A5: ConfigurationManager, init=-1: [de0815a2-edb6-4014-be80-193eceea242b:192.168.151.121:43060], old=null, confs=<EMPTY_MAP>
2019-09-24 03:26:01,608 [pool-72-thread-1] INFO  server.RaftServerConfigKeys (ConfUtils.java:logGet(43)) - raft.server.storage.dir = [/workdir/hadoop-ozone/integration-test/target/test-dir/MiniOzoneClusterImpl-e5f1ddf0-a5ce-4ae4-b63c-73802c2fbca4/datanode-4/data/ratis] (custom)
2019-09-24 03:26:01,608 [pool-72-thread-1] INFO  storage.RaftStorageDirectory (RaftStorageDirectory.java:analyzeStorage(246)) - The storage directory /workdir/hadoop-ozone/integration-test/target/test-dir/MiniOzoneClusterImpl-e5f1ddf0-a5ce-4ae4-b63c-73802c2fbca4/datanode-4/data/ratis/be565a57-3506-4138-acef-a9e4f51e90a5 does not exist. Creating ...
2019-09-24 03:26:01,689 [pool-72-thread-1] INFO  storage.RaftStorageDirectory (RaftStorageDirectory.java:tryLock(328)) - Lock on /workdir/hadoop-ozone/integration-test/target/test-dir/MiniOzoneClusterImpl-e5f1ddf0-a5ce-4ae4-b63c-73802c2fbca4/datanode-4/data/ratis/be565a57-3506-4138-acef-a9e4f51e90a5/in_use.lock acquired by nodename 10637@pr-hdds-2162-tjkd5-3209850126
2019-09-24 03:26:01,813 [pool-72-thread-1] INFO  storage.RaftStorage (RaftStorage.java:format(72)) - Storage directory /workdir/hadoop-ozone/integration-test/target/test-dir/MiniOzoneClusterImpl-e5f1ddf0-a5ce-4ae4-b63c-73802c2fbca4/datanode-4/data/ratis/be565a57-3506-4138-acef-a9e4f51e90a5 has been successfully formatted.
2019-09-24 03:26:01,813 [pool-72-thread-1] INFO  ratis.ContainerStateMachine (ContainerStateMachine.java:loadSnapshot(230)) - group-A9E4F51E90A5: The snapshot info is null. Setting the last applied indexto:(t:0, i:~)
2019-09-24 03:26:01,813 [pool-72-thread-1] INFO  server.RaftServerConfigKeys (ConfUtils.java:logGet(43)) - raft.server.notification.no-leader.timeout = 120s (custom)
2019-09-24 03:26:01,814 [pool-72-thread-1] INFO  server.RaftServerConfigKeys (ConfUtils.java:logGet(43)) - raft.server.log.use.memory = false (default)
2019-09-24 03:26:01,814 [pool-72-thread-1] INFO  server.RaftServerConfigKeys (ConfUtils.java:logGet(43)) - raft.server.log.purge.gap = 1000000 (custom)
2019-09-24 03:26:01,814 [pool-72-thread-1] INFO  server.RaftServerConfigKeys (ConfUtils.java:logGet(43)) - raft.server.log.appender.buffer.byte-limit = 33554432 (custom)
2019-09-24 03:26:01,814 [pool-72-thread-1] INFO  server.RaftServerConfigKeys (ConfUtils.java:logGet(43)) - raft.server.log.segment.size.max = 1048576 (custom)
2019-09-24 03:26:01,814 [pool-72-thread-1] INFO  server.RaftServerConfigKeys (ConfUtils.java:logGet(43)) - raft.server.log.segment.cache.num.max = 2 (custom)
2019-09-24 03:26:01,814 [pool-72-thread-1] INFO  segmented.SegmentedRaftLogWorker (SegmentedRaftLogWorker.java:<init>(172)) - new de0815a2-edb6-4014-be80-193eceea242b@group-A9E4F51E90A5-SegmentedRaftLogWorker for RaftStorage:Storage Directory /workdir/hadoop-ozone/integration-test/target/test-dir/MiniOzoneClusterImpl-e5f1ddf0-a5ce-4ae4-b63c-73802c2fbca4/datanode-4/data/ratis/be565a57-3506-4138-acef-a9e4f51e90a5
2019-09-24 03:26:01,816 [pool-72-thread-1] INFO  server.RaftServerConfigKeys (ConfUtils.java:logGet(43)) - raft.server.log.queue.byte-limit = 2147483647 (custom)
2019-09-24 03:26:01,816 [pool-72-thread-1] INFO  server.RaftServerConfigKeys (ConfUtils.java:logGet(43)) - raft.server.log.queue.element-limit = 1024 (custom)
2019-09-24 03:26:01,816 [pool-72-thread-1] INFO  server.RaftServerConfigKeys (ConfUtils.java:logGet(43)) - raft.server.log.segment.size.max = 1048576 (custom)
2019-09-24 03:26:01,816 [pool-72-thread-1] INFO  server.RaftServerConfigKeys (ConfUtils.java:logGet(43)) - raft.server.log.preallocated.size = 16384 (custom)
2019-09-24 03:26:01,817 [pool-72-thread-1] INFO  server.RaftServerConfigKeys (ConfUtils.java:logGet(43)) - raft.server.log.write.buffer.size = 33554432 (custom)
2019-09-24 03:26:01,817 [pool-72-thread-1] INFO  server.RaftServerConfigKeys (ConfUtils.java:logGet(43)) - raft.server.log.force.sync.num = 128 (default)
2019-09-24 03:26:01,817 [pool-72-thread-1] INFO  server.RaftServerConfigKeys (ConfUtils.java:logGet(43)) - raft.server.log.statemachine.data.sync = true (default)
2019-09-24 03:26:01,817 [pool-72-thread-1] INFO  server.RaftServerConfigKeys (ConfUtils.java:logGet(43)) - raft.server.log.statemachine.data.sync.timeout = 10s (default)
2019-09-24 03:26:01,817 [pool-72-thread-1] INFO  server.RaftServerConfigKeys (ConfUtils.java:logGet(43)) - raft.server.log.statemachine.data.sync.timeout.retry = -1 (default)
2019-09-24 03:26:01,817 [pool-72-thread-1] INFO  server.RaftServerConfigKeys (ConfUtils.java:logGet(43)) - raft.server.log.statemachine.data.caching.enabled = true (custom)
2019-09-24 03:26:01,817 [pool-72-thread-1] INFO  segmented.SegmentedRaftLogWorker (SegmentedRaftLogWorker.java:lambda$new$0(132)) - de0815a2-edb6-4014-be80-193eceea242b@group-A9E4F51E90A5-SegmentedRaftLogWorker: flushIndex: setUnconditionally 0 -> -1
2019-09-24 03:26:01,818 [pool-72-thread-1] INFO  server.RaftServerConfigKeys (ConfUtils.java:logGet(43)) - raft.server.snapshot.auto.trigger.enabled = true (custom)
2019-09-24 03:26:01,818 [pool-72-thread-1] INFO  server.RaftServerConfigKeys (ConfUtils.java:logGet(43)) - raft.server.snapshot.auto.trigger.threshold = 10000 (custom)
2019-09-24 03:26:01,818 [pool-72-thread-1] INFO  server.RaftServerConfigKeys (ConfUtils.java:logGet(43)) - raft.server.snapshot.retention.num.files = 5 (custom)
2019-09-24 03:26:01,818 [pool-72-thread-1] INFO  server.RaftServerConfigKeys (ConfUtils.java:logGet(43)) - raft.server.retrycache.expirytime = 600000ms (custom)
2019-09-24 03:26:01,820 [pool-72-thread-1] INFO  impl.RaftServerImpl (RaftServerImpl.java:start(185)) - de0815a2-edb6-4014-be80-193eceea242b@group-A9E4F51E90A5: start as a follower, conf=-1: [de0815a2-edb6-4014-be80-193eceea242b:192.168.151.121:43060], old=null
2019-09-24 03:26:01,820 [pool-72-thread-1] INFO  impl.RaftServerImpl (RaftServerImpl.java:setRole(174)) - de0815a2-edb6-4014-be80-193eceea242b@group-A9E4F51E90A5: changes role from      null to FOLLOWER at term 0 for startAsFollower
2019-09-24 03:26:01,820 [pool-72-thread-1] INFO  impl.RoleInfo (RoleInfo.java:updateAndGet(143)) - de0815a2-edb6-4014-be80-193eceea242b: start FollowerState
2019-09-24 03:26:01,820 [pool-72-thread-1] INFO  util.JmxRegister (JmxRegister.java:tryRegister(44)) - Successfully registered JMX Bean with object name Ratis:service=RaftServer,group=group-A9E4F51E90A5,id=de0815a2-edb6-4014-be80-193eceea242b
2019-09-24 03:26:01,839 [RatisPipelineUtilsThread] INFO  pipeline.PipelineStateManager (PipelineStateManager.java:addPipeline(56)) - Created pipeline Pipeline[ Id: be565a57-3506-4138-acef-a9e4f51e90a5, Nodes: de0815a2-edb6-4014-be80-193eceea242b{ip: 192.168.151.121, host: pr-hdds-2162-tjkd5-3209850126, networkLocation: /default-rack, certSerialId: null}, Type:RATIS, Factor:ONE, State:OPEN]
2019-09-24 03:26:01,853 [grpc-default-executor-0] INFO  impl.RaftServerProxy (RaftServerProxy.java:addNew(89)) - 623c22b8-4c13-4281-9098-2ebcaa8ebf75: addNew group-56EAEA0F797B:[623c22b8-4c13-4281-9098-2ebcaa8ebf75:192.168.151.121:39127] returns group-56EAEA0F797B:java.util.concurrent.CompletableFuture@6867368a[Not completed]
2019-09-24 03:26:01,857 [pool-52-thread-1] INFO  impl.RaftServerImpl (RaftServerImpl.java:<init>(95)) - 623c22b8-4c13-4281-9098-2ebcaa8ebf75: new RaftServerImpl for group-56EAEA0F797B:[623c22b8-4c13-4281-9098-2ebcaa8ebf75:192.168.151.121:39127] with ContainerStateMachine:uninitialized
2019-09-24 03:26:01,857 [pool-52-thread-1] INFO  server.RaftServerConfigKeys (ConfUtils.java:logGet(43)) - raft.server.rpc.timeout.min = 5s (custom)
2019-09-24 03:26:01,857 [pool-52-thread-1] INFO  server.RaftServerConfigKeys (ConfUtils.java:logGet(43)) - raft.server.rpc.timeout.max = 5200ms (custom)
2019-09-24 03:26:01,858 [pool-52-thread-1] INFO  server.RaftServerConfigKeys (ConfUtils.java:logGet(43)) - raft.server.rpcslowness.timeout = 120s (custom)
2019-09-24 03:26:01,858 [pool-52-thread-1] INFO  server.RaftServerConfigKeys (ConfUtils.java:logGet(43)) - raft.server.sleep.deviation.threshold = 300 (default)
2019-09-24 03:26:01,858 [pool-52-thread-1] INFO  server.RaftServerConfigKeys (ConfUtils.java:logGet(43)) - raft.server.log.appender.install.snapshot.enabled = false (custom)
2019-09-24 03:26:01,858 [pool-52-thread-1] INFO  impl.RaftServerImpl (ServerState.java:<init>(103)) - 623c22b8-4c13-4281-9098-2ebcaa8ebf75@group-56EAEA0F797B: ConfigurationManager, init=-1: [623c22b8-4c13-4281-9098-2ebcaa8ebf75:192.168.151.121:39127], old=null, confs=<EMPTY_MAP>
2019-09-24 03:26:01,858 [pool-52-thread-1] INFO  server.RaftServerConfigKeys (ConfUtils.java:logGet(43)) - raft.server.storage.dir = [/workdir/hadoop-ozone/integration-test/target/test-dir/MiniOzoneClusterImpl-e5f1ddf0-a5ce-4ae4-b63c-73802c2fbca4/datanode-2/data/ratis] (custom)
2019-09-24 03:26:01,858 [pool-52-thread-1] INFO  storage.RaftStorageDirectory (RaftStorageDirectory.java:analyzeStorage(246)) - The storage directory /workdir/hadoop-ozone/integration-test/target/test-dir/MiniOzoneClusterImpl-e5f1ddf0-a5ce-4ae4-b63c-73802c2fbca4/datanode-2/data/ratis/c1797060-e539-4e82-9052-56eaea0f797b does not exist. Creating ...
2019-09-24 03:26:01,864 [pool-52-thread-1] INFO  storage.RaftStorageDirectory (RaftStorageDirectory.java:tryLock(328)) - Lock on /workdir/hadoop-ozone/integration-test/target/test-dir/MiniOzoneClusterImpl-e5f1ddf0-a5ce-4ae4-b63c-73802c2fbca4/datanode-2/data/ratis/c1797060-e539-4e82-9052-56eaea0f797b/in_use.lock acquired by nodename 10637@pr-hdds-2162-tjkd5-3209850126
2019-09-24 03:26:01,878 [pool-52-thread-1] INFO  storage.RaftStorage (RaftStorage.java:format(72)) - Storage directory /workdir/hadoop-ozone/integration-test/target/test-dir/MiniOzoneClusterImpl-e5f1ddf0-a5ce-4ae4-b63c-73802c2fbca4/datanode-2/data/ratis/c1797060-e539-4e82-9052-56eaea0f797b has been successfully formatted.
2019-09-24 03:26:01,879 [pool-52-thread-1] INFO  ratis.ContainerStateMachine (ContainerStateMachine.java:loadSnapshot(230)) - group-56EAEA0F797B: The snapshot info is null. Setting the last applied indexto:(t:0, i:~)
2019-09-24 03:26:01,879 [pool-52-thread-1] INFO  server.RaftServerConfigKeys (ConfUtils.java:logGet(43)) - raft.server.notification.no-leader.timeout = 120s (custom)
2019-09-24 03:26:01,879 [pool-52-thread-1] INFO  server.RaftServerConfigKeys (ConfUtils.java:logGet(43)) - raft.server.log.use.memory = false (default)
2019-09-24 03:26:01,879 [pool-52-thread-1] INFO  server.RaftServerConfigKeys (ConfUtils.java:logGet(43)) - raft.server.log.purge.gap = 1000000 (custom)
2019-09-24 03:26:01,879 [pool-52-thread-1] INFO  server.RaftServerConfigKeys (ConfUtils.java:logGet(43)) - raft.server.log.appender.buffer.byte-limit = 33554432 (custom)
2019-09-24 03:26:01,879 [pool-52-thread-1] INFO  server.RaftServerConfigKeys (ConfUtils.java:logGet(43)) - raft.server.log.segment.size.max = 1048576 (custom)
2019-09-24 03:26:01,879 [pool-52-thread-1] INFO  server.RaftServerConfigKeys (ConfUtils.java:logGet(43)) - raft.server.log.segment.cache.num.max = 2 (custom)
2019-09-24 03:26:01,879 [pool-52-thread-1] INFO  segmented.SegmentedRaftLogWorker (SegmentedRaftLogWorker.java:<init>(172)) - new 623c22b8-4c13-4281-9098-2ebcaa8ebf75@group-56EAEA0F797B-SegmentedRaftLogWorker for RaftStorage:Storage Directory /workdir/hadoop-ozone/integration-test/target/test-dir/MiniOzoneClusterImpl-e5f1ddf0-a5ce-4ae4-b63c-73802c2fbca4/datanode-2/data/ratis/c1797060-e539-4e82-9052-56eaea0f797b
2019-09-24 03:26:01,881 [pool-52-thread-1] INFO  server.RaftServerConfigKeys (ConfUtils.java:logGet(43)) - raft.server.log.queue.byte-limit = 2147483647 (custom)
2019-09-24 03:26:01,881 [pool-52-thread-1] INFO  server.RaftServerConfigKeys (ConfUtils.java:logGet(43)) - raft.server.log.queue.element-limit = 1024 (custom)
2019-09-24 03:26:01,882 [pool-52-thread-1] INFO  server.RaftServerConfigKeys (ConfUtils.java:logGet(43)) - raft.server.log.segment.size.max = 1048576 (custom)
2019-09-24 03:26:01,882 [pool-52-thread-1] INFO  server.RaftServerConfigKeys (ConfUtils.java:logGet(43)) - raft.server.log.preallocated.size = 16384 (custom)
2019-09-24 03:26:01,882 [pool-52-thread-1] INFO  server.RaftServerConfigKeys (ConfUtils.java:logGet(43)) - raft.server.log.write.buffer.size = 33554432 (custom)
2019-09-24 03:26:01,882 [pool-52-thread-1] INFO  server.RaftServerConfigKeys (ConfUtils.java:logGet(43)) - raft.server.log.force.sync.num = 128 (default)
2019-09-24 03:26:01,882 [pool-52-thread-1] INFO  server.RaftServerConfigKeys (ConfUtils.java:logGet(43)) - raft.server.log.statemachine.data.sync = true (default)
2019-09-24 03:26:01,882 [pool-52-thread-1] INFO  server.RaftServerConfigKeys (ConfUtils.java:logGet(43)) - raft.server.log.statemachine.data.sync.timeout = 10s (default)
2019-09-24 03:26:01,882 [pool-52-thread-1] INFO  server.RaftServerConfigKeys (ConfUtils.java:logGet(43)) - raft.server.log.statemachine.data.sync.timeout.retry = -1 (default)
2019-09-24 03:26:01,882 [pool-52-thread-1] INFO  server.RaftServerConfigKeys (ConfUtils.java:logGet(43)) - raft.server.log.statemachine.data.caching.enabled = true (custom)
2019-09-24 03:26:01,883 [pool-52-thread-1] INFO  segmented.SegmentedRaftLogWorker (SegmentedRaftLogWorker.java:lambda$new$0(132)) - 623c22b8-4c13-4281-9098-2ebcaa8ebf75@group-56EAEA0F797B-SegmentedRaftLogWorker: flushIndex: setUnconditionally 0 -> -1
2019-09-24 03:26:01,883 [pool-52-thread-1] INFO  server.RaftServerConfigKeys (ConfUtils.java:logGet(43)) - raft.server.snapshot.auto.trigger.enabled = true (custom)
2019-09-24 03:26:01,883 [pool-52-thread-1] INFO  server.RaftServerConfigKeys (ConfUtils.java:logGet(43)) - raft.server.snapshot.auto.trigger.threshold = 10000 (custom)
2019-09-24 03:26:01,883 [pool-52-thread-1] INFO  server.RaftServerConfigKeys (ConfUtils.java:logGet(43)) - raft.server.snapshot.retention.num.files = 5 (custom)
2019-09-24 03:26:01,883 [pool-52-thread-1] INFO  server.RaftServerConfigKeys (ConfUtils.java:logGet(43)) - raft.server.retrycache.expirytime = 600000ms (custom)
2019-09-24 03:26:01,885 [pool-52-thread-1] INFO  impl.RaftServerImpl (RaftServerImpl.java:start(185)) - 623c22b8-4c13-4281-9098-2ebcaa8ebf75@group-56EAEA0F797B: start as a follower, conf=-1: [623c22b8-4c13-4281-9098-2ebcaa8ebf75:192.168.151.121:39127], old=null
2019-09-24 03:26:01,885 [pool-52-thread-1] INFO  impl.RaftServerImpl (RaftServerImpl.java:setRole(174)) - 623c22b8-4c13-4281-9098-2ebcaa8ebf75@group-56EAEA0F797B: changes role from      null to FOLLOWER at term 0 for startAsFollower
2019-09-24 03:26:01,885 [pool-52-thread-1] INFO  impl.RoleInfo (RoleInfo.java:updateAndGet(143)) - 623c22b8-4c13-4281-9098-2ebcaa8ebf75: start FollowerState
2019-09-24 03:26:01,885 [pool-52-thread-1] INFO  util.JmxRegister (JmxRegister.java:tryRegister(44)) - Successfully registered JMX Bean with object name Ratis:service=RaftServer,group=group-56EAEA0F797B,id=623c22b8-4c13-4281-9098-2ebcaa8ebf75
2019-09-24 03:26:01,902 [RatisPipelineUtilsThread] INFO  pipeline.PipelineStateManager (PipelineStateManager.java:addPipeline(56)) - Created pipeline Pipeline[ Id: c1797060-e539-4e82-9052-56eaea0f797b, Nodes: 623c22b8-4c13-4281-9098-2ebcaa8ebf75{ip: 192.168.151.121, host: pr-hdds-2162-tjkd5-3209850126, networkLocation: /default-rack, certSerialId: null}, Type:RATIS, Factor:ONE, State:OPEN]
2019-09-24 03:26:01,916 [grpc-default-executor-0] INFO  impl.RaftServerProxy (RaftServerProxy.java:addNew(89)) - 1a9a7120-0e30-4c9b-b35f-12e1338ec0ba: addNew group-78639D6D3438:[1a9a7120-0e30-4c9b-b35f-12e1338ec0ba:192.168.151.121:42905] returns group-78639D6D3438:java.util.concurrent.CompletableFuture@a1e6fdb[Not completed]
2019-09-24 03:26:01,926 [pool-102-thread-1] INFO  impl.RaftServerImpl (RaftServerImpl.java:<init>(95)) - 1a9a7120-0e30-4c9b-b35f-12e1338ec0ba: new RaftServerImpl for group-78639D6D3438:[1a9a7120-0e30-4c9b-b35f-12e1338ec0ba:192.168.151.121:42905] with ContainerStateMachine:uninitialized
2019-09-24 03:26:01,926 [pool-102-thread-1] INFO  server.RaftServerConfigKeys (ConfUtils.java:logGet(43)) - raft.server.rpc.timeout.min = 5s (custom)
2019-09-24 03:26:01,926 [pool-102-thread-1] INFO  server.RaftServerConfigKeys (ConfUtils.java:logGet(43)) - raft.server.rpc.timeout.max = 5200ms (custom)
2019-09-24 03:26:01,926 [pool-102-thread-1] INFO  server.RaftServerConfigKeys (ConfUtils.java:logGet(43)) - raft.server.rpcslowness.timeout = 120s (custom)
2019-09-24 03:26:01,926 [pool-102-thread-1] INFO  server.RaftServerConfigKeys (ConfUtils.java:logGet(43)) - raft.server.sleep.deviation.threshold = 300 (default)
2019-09-24 03:26:01,927 [pool-102-thread-1] INFO  server.RaftServerConfigKeys (ConfUtils.java:logGet(43)) - raft.server.log.appender.install.snapshot.enabled = false (custom)
2019-09-24 03:26:01,927 [pool-102-thread-1] INFO  impl.RaftServerImpl (ServerState.java:<init>(103)) - 1a9a7120-0e30-4c9b-b35f-12e1338ec0ba@group-78639D6D3438: ConfigurationManager, init=-1: [1a9a7120-0e30-4c9b-b35f-12e1338ec0ba:192.168.151.121:42905], old=null, confs=<EMPTY_MAP>
2019-09-24 03:26:01,927 [pool-102-thread-1] INFO  server.RaftServerConfigKeys (ConfUtils.java:logGet(43)) - raft.server.storage.dir = [/workdir/hadoop-ozone/integration-test/target/test-dir/MiniOzoneClusterImpl-e5f1ddf0-a5ce-4ae4-b63c-73802c2fbca4/datanode-7/data/ratis] (custom)
2019-09-24 03:26:01,927 [pool-102-thread-1] INFO  storage.RaftStorageDirectory (RaftStorageDirectory.java:analyzeStorage(246)) - The storage directory /workdir/hadoop-ozone/integration-test/target/test-dir/MiniOzoneClusterImpl-e5f1ddf0-a5ce-4ae4-b63c-73802c2fbca4/datanode-7/data/ratis/d2cd7750-a158-4406-ad15-78639d6d3438 does not exist. Creating ...
2019-09-24 03:26:01,930 [pool-102-thread-1] INFO  storage.RaftStorageDirectory (RaftStorageDirectory.java:tryLock(328)) - Lock on /workdir/hadoop-ozone/integration-test/target/test-dir/MiniOzoneClusterImpl-e5f1ddf0-a5ce-4ae4-b63c-73802c2fbca4/datanode-7/data/ratis/d2cd7750-a158-4406-ad15-78639d6d3438/in_use.lock acquired by nodename 10637@pr-hdds-2162-tjkd5-3209850126
2019-09-24 03:26:01,947 [pool-102-thread-1] INFO  storage.RaftStorage (RaftStorage.java:format(72)) - Storage directory /workdir/hadoop-ozone/integration-test/target/test-dir/MiniOzoneClusterImpl-e5f1ddf0-a5ce-4ae4-b63c-73802c2fbca4/datanode-7/data/ratis/d2cd7750-a158-4406-ad15-78639d6d3438 has been successfully formatted.
2019-09-24 03:26:01,948 [pool-102-thread-1] INFO  ratis.ContainerStateMachine (ContainerStateMachine.java:loadSnapshot(230)) - group-78639D6D3438: The snapshot info is null. Setting the last applied indexto:(t:0, i:~)
2019-09-24 03:26:01,948 [pool-102-thread-1] INFO  server.RaftServerConfigKeys (ConfUtils.java:logGet(43)) - raft.server.notification.no-leader.timeout = 120s (custom)
2019-09-24 03:26:01,948 [pool-102-thread-1] INFO  server.RaftServerConfigKeys (ConfUtils.java:logGet(43)) - raft.server.log.use.memory = false (default)
2019-09-24 03:26:01,948 [pool-102-thread-1] INFO  server.RaftServerConfigKeys (ConfUtils.java:logGet(43)) - raft.server.log.purge.gap = 1000000 (custom)
2019-09-24 03:26:01,948 [pool-102-thread-1] INFO  server.RaftServerConfigKeys (ConfUtils.java:logGet(43)) - raft.server.log.appender.buffer.byte-limit = 33554432 (custom)
2019-09-24 03:26:01,949 [pool-102-thread-1] INFO  server.RaftServerConfigKeys (ConfUtils.java:logGet(43)) - raft.server.log.segment.size.max = 1048576 (custom)
2019-09-24 03:26:01,949 [pool-102-thread-1] INFO  server.RaftServerConfigKeys (ConfUtils.java:logGet(43)) - raft.server.log.segment.cache.num.max = 2 (custom)
2019-09-24 03:26:01,949 [pool-102-thread-1] INFO  segmented.SegmentedRaftLogWorker (SegmentedRaftLogWorker.java:<init>(172)) - new 1a9a7120-0e30-4c9b-b35f-12e1338ec0ba@group-78639D6D3438-SegmentedRaftLogWorker for RaftStorage:Storage Directory /workdir/hadoop-ozone/integration-test/target/test-dir/MiniOzoneClusterImpl-e5f1ddf0-a5ce-4ae4-b63c-73802c2fbca4/datanode-7/data/ratis/d2cd7750-a158-4406-ad15-78639d6d3438
2019-09-24 03:26:01,951 [pool-102-thread-1] INFO  server.RaftServerConfigKeys (ConfUtils.java:logGet(43)) - raft.server.log.queue.byte-limit = 2147483647 (custom)
2019-09-24 03:26:01,951 [pool-102-thread-1] INFO  server.RaftServerConfigKeys (ConfUtils.java:logGet(43)) - raft.server.log.queue.element-limit = 1024 (custom)
2019-09-24 03:26:01,951 [pool-102-thread-1] INFO  server.RaftServerConfigKeys (ConfUtils.java:logGet(43)) - raft.server.log.segment.size.max = 1048576 (custom)
2019-09-24 03:26:01,951 [pool-102-thread-1] INFO  server.RaftServerConfigKeys (ConfUtils.java:logGet(43)) - raft.server.log.preallocated.size = 16384 (custom)
2019-09-24 03:26:01,952 [pool-102-thread-1] INFO  server.RaftServerConfigKeys (ConfUtils.java:logGet(43)) - raft.server.log.write.buffer.size = 33554432 (custom)
2019-09-24 03:26:01,952 [pool-102-thread-1] INFO  server.RaftServerConfigKeys (ConfUtils.java:logGet(43)) - raft.server.log.force.sync.num = 128 (default)
2019-09-24 03:26:01,952 [pool-102-thread-1] INFO  server.RaftServerConfigKeys (ConfUtils.java:logGet(43)) - raft.server.log.statemachine.data.sync = true (default)
2019-09-24 03:26:01,952 [pool-102-thread-1] INFO  server.RaftServerConfigKeys (ConfUtils.java:logGet(43)) - raft.server.log.statemachine.data.sync.timeout = 10s (default)
2019-09-24 03:26:01,952 [pool-102-thread-1] INFO  server.RaftServerConfigKeys (ConfUtils.java:logGet(43)) - raft.server.log.statemachine.data.sync.timeout.retry = -1 (default)
2019-09-24 03:26:01,952 [pool-102-thread-1] INFO  server.RaftServerConfigKeys (ConfUtils.java:logGet(43)) - raft.server.log.statemachine.data.caching.enabled = true (custom)
2019-09-24 03:26:01,954 [pool-102-thread-1] INFO  segmented.SegmentedRaftLogWorker (SegmentedRaftLogWorker.java:lambda$new$0(132)) - 1a9a7120-0e30-4c9b-b35f-12e1338ec0ba@group-78639D6D3438-SegmentedRaftLogWorker: flushIndex: setUnconditionally 0 -> -1
2019-09-24 03:26:01,954 [pool-102-thread-1] INFO  server.RaftServerConfigKeys (ConfUtils.java:logGet(43)) - raft.server.snapshot.auto.trigger.enabled = true (custom)
2019-09-24 03:26:01,954 [pool-102-thread-1] INFO  server.RaftServerConfigKeys (ConfUtils.java:logGet(43)) - raft.server.snapshot.auto.trigger.threshold = 10000 (custom)
2019-09-24 03:26:01,954 [pool-102-thread-1] INFO  server.RaftServerConfigKeys (ConfUtils.java:logGet(43)) - raft.server.snapshot.retention.num.files = 5 (custom)
2019-09-24 03:26:01,954 [pool-102-thread-1] INFO  server.RaftServerConfigKeys (ConfUtils.java:logGet(43)) - raft.server.retrycache.expirytime = 600000ms (custom)
2019-09-24 03:26:01,956 [pool-102-thread-1] INFO  impl.RaftServerImpl (RaftServerImpl.java:start(185)) - 1a9a7120-0e30-4c9b-b35f-12e1338ec0ba@group-78639D6D3438: start as a follower, conf=-1: [1a9a7120-0e30-4c9b-b35f-12e1338ec0ba:192.168.151.121:42905], old=null
2019-09-24 03:26:01,956 [pool-102-thread-1] INFO  impl.RaftServerImpl (RaftServerImpl.java:setRole(174)) - 1a9a7120-0e30-4c9b-b35f-12e1338ec0ba@group-78639D6D3438: changes role from      null to FOLLOWER at term 0 for startAsFollower
2019-09-24 03:26:01,956 [pool-102-thread-1] INFO  impl.RoleInfo (RoleInfo.java:updateAndGet(143)) - 1a9a7120-0e30-4c9b-b35f-12e1338ec0ba: start FollowerState
2019-09-24 03:26:01,956 [pool-102-thread-1] INFO  util.JmxRegister (JmxRegister.java:tryRegister(44)) - Successfully registered JMX Bean with object name Ratis:service=RaftServer,group=group-78639D6D3438,id=1a9a7120-0e30-4c9b-b35f-12e1338ec0ba
2019-09-24 03:26:01,970 [RatisPipelineUtilsThread] INFO  pipeline.PipelineStateManager (PipelineStateManager.java:addPipeline(56)) - Created pipeline Pipeline[ Id: d2cd7750-a158-4406-ad15-78639d6d3438, Nodes: 1a9a7120-0e30-4c9b-b35f-12e1338ec0ba{ip: 192.168.151.121, host: pr-hdds-2162-tjkd5-3209850126, networkLocation: /default-rack, certSerialId: null}, Type:RATIS, Factor:ONE, State:OPEN]
2019-09-24 03:26:01,993 [grpc-default-executor-0] INFO  impl.RaftServerProxy (RaftServerProxy.java:addNew(89)) - 1506b01c-c1cf-40ef-9100-2188b5688376: addNew group-09806A44D9D6:[1506b01c-c1cf-40ef-9100-2188b5688376:192.168.151.121:36551] returns group-09806A44D9D6:java.util.concurrent.CompletableFuture@8c00583[Not completed]
2019-09-24 03:26:01,995 [pool-122-thread-1] INFO  impl.RaftServerImpl (RaftServerImpl.java:<init>(95)) - 1506b01c-c1cf-40ef-9100-2188b5688376: new RaftServerImpl for group-09806A44D9D6:[1506b01c-c1cf-40ef-9100-2188b5688376:192.168.151.121:36551] with ContainerStateMachine:uninitialized
2019-09-24 03:26:01,995 [pool-122-thread-1] INFO  server.RaftServerConfigKeys (ConfUtils.java:logGet(43)) - raft.server.rpc.timeout.min = 5s (custom)
2019-09-24 03:26:01,996 [pool-122-thread-1] INFO  server.RaftServerConfigKeys (ConfUtils.java:logGet(43)) - raft.server.rpc.timeout.max = 5200ms (custom)
2019-09-24 03:26:01,996 [pool-122-thread-1] INFO  server.RaftServerConfigKeys (ConfUtils.java:logGet(43)) - raft.server.rpcslowness.timeout = 120s (custom)
2019-09-24 03:26:01,996 [pool-122-thread-1] INFO  server.RaftServerConfigKeys (ConfUtils.java:logGet(43)) - raft.server.sleep.deviation.threshold = 300 (default)
2019-09-24 03:26:01,996 [pool-122-thread-1] INFO  server.RaftServerConfigKeys (ConfUtils.java:logGet(43)) - raft.server.log.appender.install.snapshot.enabled = false (custom)
2019-09-24 03:26:01,996 [pool-122-thread-1] INFO  impl.RaftServerImpl (ServerState.java:<init>(103)) - 1506b01c-c1cf-40ef-9100-2188b5688376@group-09806A44D9D6: ConfigurationManager, init=-1: [1506b01c-c1cf-40ef-9100-2188b5688376:192.168.151.121:36551], old=null, confs=<EMPTY_MAP>
2019-09-24 03:26:01,996 [pool-122-thread-1] INFO  server.RaftServerConfigKeys (ConfUtils.java:logGet(43)) - raft.server.storage.dir = [/workdir/hadoop-ozone/integration-test/target/test-dir/MiniOzoneClusterImpl-e5f1ddf0-a5ce-4ae4-b63c-73802c2fbca4/datanode-9/data/ratis] (custom)
2019-09-24 03:26:01,996 [pool-122-thread-1] INFO  storage.RaftStorageDirectory (RaftStorageDirectory.java:analyzeStorage(246)) - The storage directory /workdir/hadoop-ozone/integration-test/target/test-dir/MiniOzoneClusterImpl-e5f1ddf0-a5ce-4ae4-b63c-73802c2fbca4/datanode-9/data/ratis/6bfedbae-110b-4ae3-86f0-09806a44d9d6 does not exist. Creating ...
2019-09-24 03:26:02,049 [pool-122-thread-1] INFO  storage.RaftStorageDirectory (RaftStorageDirectory.java:tryLock(328)) - Lock on /workdir/hadoop-ozone/integration-test/target/test-dir/MiniOzoneClusterImpl-e5f1ddf0-a5ce-4ae4-b63c-73802c2fbca4/datanode-9/data/ratis/6bfedbae-110b-4ae3-86f0-09806a44d9d6/in_use.lock acquired by nodename 10637@pr-hdds-2162-tjkd5-3209850126
2019-09-24 03:26:02,054 [pool-122-thread-1] INFO  storage.RaftStorage (RaftStorage.java:format(72)) - Storage directory /workdir/hadoop-ozone/integration-test/target/test-dir/MiniOzoneClusterImpl-e5f1ddf0-a5ce-4ae4-b63c-73802c2fbca4/datanode-9/data/ratis/6bfedbae-110b-4ae3-86f0-09806a44d9d6 has been successfully formatted.
2019-09-24 03:26:02,054 [pool-122-thread-1] INFO  ratis.ContainerStateMachine (ContainerStateMachine.java:loadSnapshot(230)) - group-09806A44D9D6: The snapshot info is null. Setting the last applied indexto:(t:0, i:~)
2019-09-24 03:26:02,054 [pool-122-thread-1] INFO  server.RaftServerConfigKeys (ConfUtils.java:logGet(43)) - raft.server.notification.no-leader.timeout = 120s (custom)
2019-09-24 03:26:02,054 [pool-122-thread-1] INFO  server.RaftServerConfigKeys (ConfUtils.java:logGet(43)) - raft.server.log.use.memory = false (default)
2019-09-24 03:26:02,054 [pool-122-thread-1] INFO  server.RaftServerConfigKeys (ConfUtils.java:logGet(43)) - raft.server.log.purge.gap = 1000000 (custom)
2019-09-24 03:26:02,054 [pool-122-thread-1] INFO  server.RaftServerConfigKeys (ConfUtils.java:logGet(43)) - raft.server.log.appender.buffer.byte-limit = 33554432 (custom)
2019-09-24 03:26:02,055 [pool-122-thread-1] INFO  server.RaftServerConfigKeys (ConfUtils.java:logGet(43)) - raft.server.log.segment.size.max = 1048576 (custom)
2019-09-24 03:26:02,055 [pool-122-thread-1] INFO  server.RaftServerConfigKeys (ConfUtils.java:logGet(43)) - raft.server.log.segment.cache.num.max = 2 (custom)
2019-09-24 03:26:02,055 [pool-122-thread-1] INFO  segmented.SegmentedRaftLogWorker (SegmentedRaftLogWorker.java:<init>(172)) - new 1506b01c-c1cf-40ef-9100-2188b5688376@group-09806A44D9D6-SegmentedRaftLogWorker for RaftStorage:Storage Directory /workdir/hadoop-ozone/integration-test/target/test-dir/MiniOzoneClusterImpl-e5f1ddf0-a5ce-4ae4-b63c-73802c2fbca4/datanode-9/data/ratis/6bfedbae-110b-4ae3-86f0-09806a44d9d6
2019-09-24 03:26:02,057 [pool-122-thread-1] INFO  server.RaftServerConfigKeys (ConfUtils.java:logGet(43)) - raft.server.log.queue.byte-limit = 2147483647 (custom)
2019-09-24 03:26:02,058 [pool-122-thread-1] INFO  server.RaftServerConfigKeys (ConfUtils.java:logGet(43)) - raft.server.log.queue.element-limit = 1024 (custom)
2019-09-24 03:26:02,059 [pool-122-thread-1] INFO  server.RaftServerConfigKeys (ConfUtils.java:logGet(43)) - raft.server.log.segment.size.max = 1048576 (custom)
2019-09-24 03:26:02,059 [pool-122-thread-1] INFO  server.RaftServerConfigKeys (ConfUtils.java:logGet(43)) - raft.server.log.preallocated.size = 16384 (custom)
2019-09-24 03:26:02,059 [pool-122-thread-1] INFO  server.RaftServerConfigKeys (ConfUtils.java:logGet(43)) - raft.server.log.write.buffer.size = 33554432 (custom)
2019-09-24 03:26:02,059 [pool-122-thread-1] INFO  server.RaftServerConfigKeys (ConfUtils.java:logGet(43)) - raft.server.log.force.sync.num = 128 (default)
2019-09-24 03:26:02,059 [pool-122-thread-1] INFO  server.RaftServerConfigKeys (ConfUtils.java:logGet(43)) - raft.server.log.statemachine.data.sync = true (default)
2019-09-24 03:26:02,060 [pool-122-thread-1] INFO  server.RaftServerConfigKeys (ConfUtils.java:logGet(43)) - raft.server.log.statemachine.data.sync.timeout = 10s (default)
2019-09-24 03:26:02,060 [pool-122-thread-1] INFO  server.RaftServerConfigKeys (ConfUtils.java:logGet(43)) - raft.server.log.statemachine.data.sync.timeout.retry = -1 (default)
2019-09-24 03:26:02,060 [pool-122-thread-1] INFO  server.RaftServerConfigKeys (ConfUtils.java:logGet(43)) - raft.server.log.statemachine.data.caching.enabled = true (custom)
2019-09-24 03:26:02,061 [pool-122-thread-1] INFO  segmented.SegmentedRaftLogWorker (SegmentedRaftLogWorker.java:lambda$new$0(132)) - 1506b01c-c1cf-40ef-9100-2188b5688376@group-09806A44D9D6-SegmentedRaftLogWorker: flushIndex: setUnconditionally 0 -> -1
2019-09-24 03:26:02,061 [pool-122-thread-1] INFO  server.RaftServerConfigKeys (ConfUtils.java:logGet(43)) - raft.server.snapshot.auto.trigger.enabled = true (custom)
2019-09-24 03:26:02,061 [pool-122-thread-1] INFO  server.RaftServerConfigKeys (ConfUtils.java:logGet(43)) - raft.server.snapshot.auto.trigger.threshold = 10000 (custom)
2019-09-24 03:26:02,061 [pool-122-thread-1] INFO  server.RaftServerConfigKeys (ConfUtils.java:logGet(43)) - raft.server.snapshot.retention.num.files = 5 (custom)
2019-09-24 03:26:02,062 [pool-122-thread-1] INFO  server.RaftServerConfigKeys (ConfUtils.java:logGet(43)) - raft.server.retrycache.expirytime = 600000ms (custom)
2019-09-24 03:26:02,066 [pool-122-thread-1] INFO  impl.RaftServerImpl (RaftServerImpl.java:start(185)) - 1506b01c-c1cf-40ef-9100-2188b5688376@group-09806A44D9D6: start as a follower, conf=-1: [1506b01c-c1cf-40ef-9100-2188b5688376:192.168.151.121:36551], old=null
2019-09-24 03:26:02,066 [pool-122-thread-1] INFO  impl.RaftServerImpl (RaftServerImpl.java:setRole(174)) - 1506b01c-c1cf-40ef-9100-2188b5688376@group-09806A44D9D6: changes role from      null to FOLLOWER at term 0 for startAsFollower
2019-09-24 03:26:02,086 [pool-122-thread-1] INFO  impl.RoleInfo (RoleInfo.java:updateAndGet(143)) - 1506b01c-c1cf-40ef-9100-2188b5688376: start FollowerState
2019-09-24 03:26:02,087 [pool-122-thread-1] INFO  util.JmxRegister (JmxRegister.java:tryRegister(44)) - Successfully registered JMX Bean with object name Ratis:service=RaftServer,group=group-09806A44D9D6,id=1506b01c-c1cf-40ef-9100-2188b5688376
2019-09-24 03:26:02,114 [RatisPipelineUtilsThread] INFO  pipeline.PipelineStateManager (PipelineStateManager.java:addPipeline(56)) - Created pipeline Pipeline[ Id: 6bfedbae-110b-4ae3-86f0-09806a44d9d6, Nodes: 1506b01c-c1cf-40ef-9100-2188b5688376{ip: 192.168.151.121, host: pr-hdds-2162-tjkd5-3209850126, networkLocation: /default-rack, certSerialId: null}, Type:RATIS, Factor:ONE, State:OPEN]
2019-09-24 03:26:02,255 [grpc-default-executor-0] INFO  impl.RaftServerProxy (RaftServerProxy.java:addNew(89)) - c11d39fa-10f3-4cb7-b122-8e860b76a301: addNew group-D1F9125FB664:[f1c22574-e151-47e2-8b9a-aa1bb6e0cd34:192.168.151.121:42828, c11d39fa-10f3-4cb7-b122-8e860b76a301:192.168.151.121:36278, 2859951c-203c-4f1b-9e85-7275a2992eab:192.168.151.121:40038] returns group-D1F9125FB664:java.util.concurrent.CompletableFuture@4c2371d3[Not completed]
2019-09-24 03:26:02,255 [grpc-default-executor-2] INFO  impl.RaftServerProxy (RaftServerProxy.java:addNew(89)) - 2859951c-203c-4f1b-9e85-7275a2992eab: addNew group-D1F9125FB664:[f1c22574-e151-47e2-8b9a-aa1bb6e0cd34:192.168.151.121:42828, c11d39fa-10f3-4cb7-b122-8e860b76a301:192.168.151.121:36278, 2859951c-203c-4f1b-9e85-7275a2992eab:192.168.151.121:40038] returns group-D1F9125FB664:java.util.concurrent.CompletableFuture@7a3bf7b8[Not completed]
2019-09-24 03:26:02,287 [grpc-default-executor-2] INFO  impl.RaftServerProxy (RaftServerProxy.java:addNew(89)) - f1c22574-e151-47e2-8b9a-aa1bb6e0cd34: addNew group-D1F9125FB664:[f1c22574-e151-47e2-8b9a-aa1bb6e0cd34:192.168.151.121:42828, c11d39fa-10f3-4cb7-b122-8e860b76a301:192.168.151.121:36278, 2859951c-203c-4f1b-9e85-7275a2992eab:192.168.151.121:40038] returns group-D1F9125FB664:java.util.concurrent.CompletableFuture@3f39769b[Not completed]
2019-09-24 03:26:02,469 [Thread-294] INFO  container.ReplicationManager (ReplicationManager.java:start(162)) - Starting Replication Monitor Thread.
2019-09-24 03:26:02,472 [pool-112-thread-1] INFO  impl.RaftServerImpl (RaftServerImpl.java:<init>(95)) - f1c22574-e151-47e2-8b9a-aa1bb6e0cd34: new RaftServerImpl for group-D1F9125FB664:[f1c22574-e151-47e2-8b9a-aa1bb6e0cd34:192.168.151.121:42828, c11d39fa-10f3-4cb7-b122-8e860b76a301:192.168.151.121:36278, 2859951c-203c-4f1b-9e85-7275a2992eab:192.168.151.121:40038] with ContainerStateMachine:uninitialized
2019-09-24 03:26:02,472 [pool-112-thread-1] INFO  server.RaftServerConfigKeys (ConfUtils.java:logGet(43)) - raft.server.rpc.timeout.min = 5s (custom)
2019-09-24 03:26:02,473 [pool-82-thread-1] INFO  impl.RaftServerImpl (RaftServerImpl.java:<init>(95)) - 2859951c-203c-4f1b-9e85-7275a2992eab: new RaftServerImpl for group-D1F9125FB664:[f1c22574-e151-47e2-8b9a-aa1bb6e0cd34:192.168.151.121:42828, c11d39fa-10f3-4cb7-b122-8e860b76a301:192.168.151.121:36278, 2859951c-203c-4f1b-9e85-7275a2992eab:192.168.151.121:40038] with ContainerStateMachine:uninitialized
2019-09-24 03:26:02,474 [pool-112-thread-1] INFO  server.RaftServerConfigKeys (ConfUtils.java:logGet(43)) - raft.server.rpc.timeout.max = 5200ms (custom)
2019-09-24 03:26:02,474 [pool-82-thread-1] INFO  server.RaftServerConfigKeys (ConfUtils.java:logGet(43)) - raft.server.rpc.timeout.min = 5s (custom)
2019-09-24 03:26:02,474 [pool-112-thread-1] INFO  server.RaftServerConfigKeys (ConfUtils.java:logGet(43)) - raft.server.rpcslowness.timeout = 120s (custom)
2019-09-24 03:26:02,473 [ReplicationMonitor] INFO  container.ReplicationManager (ReplicationManager.java:run(225)) - Replication Monitor Thread took 1 milliseconds for processing 0 containers.
2019-09-24 03:26:02,475 [pool-112-thread-1] INFO  server.RaftServerConfigKeys (ConfUtils.java:logGet(43)) - raft.server.sleep.deviation.threshold = 300 (default)
2019-09-24 03:26:02,474 [pool-82-thread-1] INFO  server.RaftServerConfigKeys (ConfUtils.java:logGet(43)) - raft.server.rpc.timeout.max = 5200ms (custom)
2019-09-24 03:26:02,475 [pool-112-thread-1] INFO  server.RaftServerConfigKeys (ConfUtils.java:logGet(43)) - raft.server.log.appender.install.snapshot.enabled = false (custom)
2019-09-24 03:26:02,475 [pool-82-thread-1] INFO  server.RaftServerConfigKeys (ConfUtils.java:logGet(43)) - raft.server.rpcslowness.timeout = 120s (custom)
2019-09-24 03:26:02,475 [pool-112-thread-1] INFO  impl.RaftServerImpl (ServerState.java:<init>(103)) - f1c22574-e151-47e2-8b9a-aa1bb6e0cd34@group-D1F9125FB664: ConfigurationManager, init=-1: [f1c22574-e151-47e2-8b9a-aa1bb6e0cd34:192.168.151.121:42828, c11d39fa-10f3-4cb7-b122-8e860b76a301:192.168.151.121:36278, 2859951c-203c-4f1b-9e85-7275a2992eab:192.168.151.121:40038], old=null, confs=<EMPTY_MAP>
2019-09-24 03:26:02,475 [pool-62-thread-1] INFO  impl.RaftServerImpl (RaftServerImpl.java:<init>(95)) - c11d39fa-10f3-4cb7-b122-8e860b76a301: new RaftServerImpl for group-D1F9125FB664:[f1c22574-e151-47e2-8b9a-aa1bb6e0cd34:192.168.151.121:42828, c11d39fa-10f3-4cb7-b122-8e860b76a301:192.168.151.121:36278, 2859951c-203c-4f1b-9e85-7275a2992eab:192.168.151.121:40038] with ContainerStateMachine:uninitialized
2019-09-24 03:26:02,475 [pool-82-thread-1] INFO  server.RaftServerConfigKeys (ConfUtils.java:logGet(43)) - raft.server.sleep.deviation.threshold = 300 (default)
2019-09-24 03:26:02,476 [pool-62-thread-1] INFO  server.RaftServerConfigKeys (ConfUtils.java:logGet(43)) - raft.server.rpc.timeout.min = 5s (custom)
2019-09-24 03:26:02,476 [pool-112-thread-1] INFO  server.RaftServerConfigKeys (ConfUtils.java:logGet(43)) - raft.server.storage.dir = [/workdir/hadoop-ozone/integration-test/target/test-dir/MiniOzoneClusterImpl-e5f1ddf0-a5ce-4ae4-b63c-73802c2fbca4/datanode-8/data/ratis] (custom)
2019-09-24 03:26:02,476 [pool-62-thread-1] INFO  server.RaftServerConfigKeys (ConfUtils.java:logGet(43)) - raft.server.rpc.timeout.max = 5200ms (custom)
2019-09-24 03:26:02,476 [pool-82-thread-1] INFO  server.RaftServerConfigKeys (ConfUtils.java:logGet(43)) - raft.server.log.appender.install.snapshot.enabled = false (custom)
2019-09-24 03:26:02,476 [pool-62-thread-1] INFO  server.RaftServerConfigKeys (ConfUtils.java:logGet(43)) - raft.server.rpcslowness.timeout = 120s (custom)
2019-09-24 03:26:02,477 [pool-112-thread-1] INFO  storage.RaftStorageDirectory (RaftStorageDirectory.java:analyzeStorage(246)) - The storage directory /workdir/hadoop-ozone/integration-test/target/test-dir/MiniOzoneClusterImpl-e5f1ddf0-a5ce-4ae4-b63c-73802c2fbca4/datanode-8/data/ratis/46f5d6e1-b619-425b-b89f-d1f9125fb664 does not exist. Creating ...
2019-09-24 03:26:02,476 [pool-82-thread-1] INFO  impl.RaftServerImpl (ServerState.java:<init>(103)) - 2859951c-203c-4f1b-9e85-7275a2992eab@group-D1F9125FB664: ConfigurationManager, init=-1: [f1c22574-e151-47e2-8b9a-aa1bb6e0cd34:192.168.151.121:42828, c11d39fa-10f3-4cb7-b122-8e860b76a301:192.168.151.121:36278, 2859951c-203c-4f1b-9e85-7275a2992eab:192.168.151.121:40038], old=null, confs=<EMPTY_MAP>
2019-09-24 03:26:02,477 [pool-62-thread-1] INFO  server.RaftServerConfigKeys (ConfUtils.java:logGet(43)) - raft.server.sleep.deviation.threshold = 300 (default)
2019-09-24 03:26:02,477 [pool-82-thread-1] INFO  server.RaftServerConfigKeys (ConfUtils.java:logGet(43)) - raft.server.storage.dir = [/workdir/hadoop-ozone/integration-test/target/test-dir/MiniOzoneClusterImpl-e5f1ddf0-a5ce-4ae4-b63c-73802c2fbca4/datanode-5/data/ratis] (custom)
2019-09-24 03:26:02,477 [pool-62-thread-1] INFO  server.RaftServerConfigKeys (ConfUtils.java:logGet(43)) - raft.server.log.appender.install.snapshot.enabled = false (custom)
2019-09-24 03:26:02,477 [pool-82-thread-1] INFO  storage.RaftStorageDirectory (RaftStorageDirectory.java:analyzeStorage(246)) - The storage directory /workdir/hadoop-ozone/integration-test/target/test-dir/MiniOzoneClusterImpl-e5f1ddf0-a5ce-4ae4-b63c-73802c2fbca4/datanode-5/data/ratis/46f5d6e1-b619-425b-b89f-d1f9125fb664 does not exist. Creating ...
2019-09-24 03:26:02,477 [pool-62-thread-1] INFO  impl.RaftServerImpl (ServerState.java:<init>(103)) - c11d39fa-10f3-4cb7-b122-8e860b76a301@group-D1F9125FB664: ConfigurationManager, init=-1: [f1c22574-e151-47e2-8b9a-aa1bb6e0cd34:192.168.151.121:42828, c11d39fa-10f3-4cb7-b122-8e860b76a301:192.168.151.121:36278, 2859951c-203c-4f1b-9e85-7275a2992eab:192.168.151.121:40038], old=null, confs=<EMPTY_MAP>
2019-09-24 03:26:02,478 [pool-62-thread-1] INFO  server.RaftServerConfigKeys (ConfUtils.java:logGet(43)) - raft.server.storage.dir = [/workdir/hadoop-ozone/integration-test/target/test-dir/MiniOzoneClusterImpl-e5f1ddf0-a5ce-4ae4-b63c-73802c2fbca4/datanode-3/data/ratis] (custom)
2019-09-24 03:26:02,478 [pool-62-thread-1] INFO  storage.RaftStorageDirectory (RaftStorageDirectory.java:analyzeStorage(246)) - The storage directory /workdir/hadoop-ozone/integration-test/target/test-dir/MiniOzoneClusterImpl-e5f1ddf0-a5ce-4ae4-b63c-73802c2fbca4/datanode-3/data/ratis/46f5d6e1-b619-425b-b89f-d1f9125fb664 does not exist. Creating ...
2019-09-24 03:26:02,544 [main] INFO  ipc.Client (Client.java:handleConnectionFailure(948)) - Retrying connect to server: localhost/127.0.0.1:0. Already tried 0 time(s); retry policy is RetryUpToMaximumCountWithFixedSleep(maxRetries=10, sleepTime=1000 MILLISECONDS)
2019-09-24 03:26:02,612 [pool-112-thread-1] INFO  storage.RaftStorageDirectory (RaftStorageDirectory.java:tryLock(328)) - Lock on /workdir/hadoop-ozone/integration-test/target/test-dir/MiniOzoneClusterImpl-e5f1ddf0-a5ce-4ae4-b63c-73802c2fbca4/datanode-8/data/ratis/46f5d6e1-b619-425b-b89f-d1f9125fb664/in_use.lock acquired by nodename 10637@pr-hdds-2162-tjkd5-3209850126
2019-09-24 03:26:02,612 [pool-62-thread-1] INFO  storage.RaftStorageDirectory (RaftStorageDirectory.java:tryLock(328)) - Lock on /workdir/hadoop-ozone/integration-test/target/test-dir/MiniOzoneClusterImpl-e5f1ddf0-a5ce-4ae4-b63c-73802c2fbca4/datanode-3/data/ratis/46f5d6e1-b619-425b-b89f-d1f9125fb664/in_use.lock acquired by nodename 10637@pr-hdds-2162-tjkd5-3209850126
2019-09-24 03:26:02,612 [pool-82-thread-1] INFO  storage.RaftStorageDirectory (RaftStorageDirectory.java:tryLock(328)) - Lock on /workdir/hadoop-ozone/integration-test/target/test-dir/MiniOzoneClusterImpl-e5f1ddf0-a5ce-4ae4-b63c-73802c2fbca4/datanode-5/data/ratis/46f5d6e1-b619-425b-b89f-d1f9125fb664/in_use.lock acquired by nodename 10637@pr-hdds-2162-tjkd5-3209850126
2019-09-24 03:26:02,621 [pool-112-thread-1] INFO  storage.RaftStorage (RaftStorage.java:format(72)) - Storage directory /workdir/hadoop-ozone/integration-test/target/test-dir/MiniOzoneClusterImpl-e5f1ddf0-a5ce-4ae4-b63c-73802c2fbca4/datanode-8/data/ratis/46f5d6e1-b619-425b-b89f-d1f9125fb664 has been successfully formatted.
2019-09-24 03:26:02,621 [pool-82-thread-1] INFO  storage.RaftStorage (RaftStorage.java:format(72)) - Storage directory /workdir/hadoop-ozone/integration-test/target/test-dir/MiniOzoneClusterImpl-e5f1ddf0-a5ce-4ae4-b63c-73802c2fbca4/datanode-5/data/ratis/46f5d6e1-b619-425b-b89f-d1f9125fb664 has been successfully formatted.
2019-09-24 03:26:02,621 [pool-62-thread-1] INFO  storage.RaftStorage (RaftStorage.java:format(72)) - Storage directory /workdir/hadoop-ozone/integration-test/target/test-dir/MiniOzoneClusterImpl-e5f1ddf0-a5ce-4ae4-b63c-73802c2fbca4/datanode-3/data/ratis/46f5d6e1-b619-425b-b89f-d1f9125fb664 has been successfully formatted.
2019-09-24 03:26:02,621 [pool-112-thread-1] INFO  ratis.ContainerStateMachine (ContainerStateMachine.java:loadSnapshot(230)) - group-D1F9125FB664: The snapshot info is null. Setting the last applied indexto:(t:0, i:~)
2019-09-24 03:26:02,622 [pool-82-thread-1] INFO  ratis.ContainerStateMachine (ContainerStateMachine.java:loadSnapshot(230)) - group-D1F9125FB664: The snapshot info is null. Setting the last applied indexto:(t:0, i:~)
2019-09-24 03:26:02,622 [pool-112-thread-1] INFO  server.RaftServerConfigKeys (ConfUtils.java:logGet(43)) - raft.server.notification.no-leader.timeout = 120s (custom)
2019-09-24 03:26:02,622 [pool-62-thread-1] INFO  ratis.ContainerStateMachine (ContainerStateMachine.java:loadSnapshot(230)) - group-D1F9125FB664: The snapshot info is null. Setting the last applied indexto:(t:0, i:~)
2019-09-24 03:26:02,622 [pool-112-thread-1] INFO  server.RaftServerConfigKeys (ConfUtils.java:logGet(43)) - raft.server.log.use.memory = false (default)
2019-09-24 03:26:02,622 [pool-82-thread-1] INFO  server.RaftServerConfigKeys (ConfUtils.java:logGet(43)) - raft.server.notification.no-leader.timeout = 120s (custom)
2019-09-24 03:26:02,622 [pool-112-thread-1] INFO  server.RaftServerConfigKeys (ConfUtils.java:logGet(43)) - raft.server.log.purge.gap = 1000000 (custom)
2019-09-24 03:26:02,622 [pool-62-thread-1] INFO  server.RaftServerConfigKeys (ConfUtils.java:logGet(43)) - raft.server.notification.no-leader.timeout = 120s (custom)
2019-09-24 03:26:02,622 [pool-112-thread-1] INFO  server.RaftServerConfigKeys (ConfUtils.java:logGet(43)) - raft.server.log.appender.buffer.byte-limit = 33554432 (custom)
2019-09-24 03:26:02,622 [pool-82-thread-1] INFO  server.RaftServerConfigKeys (ConfUtils.java:logGet(43)) - raft.server.log.use.memory = false (default)
2019-09-24 03:26:02,623 [pool-112-thread-1] INFO  server.RaftServerConfigKeys (ConfUtils.java:logGet(43)) - raft.server.log.segment.size.max = 1048576 (custom)
2019-09-24 03:26:02,622 [pool-62-thread-1] INFO  server.RaftServerConfigKeys (ConfUtils.java:logGet(43)) - raft.server.log.use.memory = false (default)
2019-09-24 03:26:02,623 [pool-112-thread-1] INFO  server.RaftServerConfigKeys (ConfUtils.java:logGet(43)) - raft.server.log.segment.cache.num.max = 2 (custom)
2019-09-24 03:26:02,623 [pool-82-thread-1] INFO  server.RaftServerConfigKeys (ConfUtils.java:logGet(43)) - raft.server.log.purge.gap = 1000000 (custom)
2019-09-24 03:26:02,623 [pool-112-thread-1] INFO  segmented.SegmentedRaftLogWorker (SegmentedRaftLogWorker.java:<init>(172)) - new f1c22574-e151-47e2-8b9a-aa1bb6e0cd34@group-D1F9125FB664-SegmentedRaftLogWorker for RaftStorage:Storage Directory /workdir/hadoop-ozone/integration-test/target/test-dir/MiniOzoneClusterImpl-e5f1ddf0-a5ce-4ae4-b63c-73802c2fbca4/datanode-8/data/ratis/46f5d6e1-b619-425b-b89f-d1f9125fb664
2019-09-24 03:26:02,623 [pool-62-thread-1] INFO  server.RaftServerConfigKeys (ConfUtils.java:logGet(43)) - raft.server.log.purge.gap = 1000000 (custom)
2019-09-24 03:26:02,623 [pool-112-thread-1] INFO  server.RaftServerConfigKeys (ConfUtils.java:logGet(43)) - raft.server.log.queue.byte-limit = 2147483647 (custom)
2019-09-24 03:26:02,623 [pool-82-thread-1] INFO  server.RaftServerConfigKeys (ConfUtils.java:logGet(43)) - raft.server.log.appender.buffer.byte-limit = 33554432 (custom)
2019-09-24 03:26:02,623 [pool-112-thread-1] INFO  server.RaftServerConfigKeys (ConfUtils.java:logGet(43)) - raft.server.log.queue.element-limit = 1024 (custom)
2019-09-24 03:26:02,623 [pool-62-thread-1] INFO  server.RaftServerConfigKeys (ConfUtils.java:logGet(43)) - raft.server.log.appender.buffer.byte-limit = 33554432 (custom)
2019-09-24 03:26:02,624 [pool-112-thread-1] INFO  server.RaftServerConfigKeys (ConfUtils.java:logGet(43)) - raft.server.log.segment.size.max = 1048576 (custom)
2019-09-24 03:26:02,624 [pool-82-thread-1] INFO  server.RaftServerConfigKeys (ConfUtils.java:logGet(43)) - raft.server.log.segment.size.max = 1048576 (custom)
2019-09-24 03:26:02,624 [pool-112-thread-1] INFO  server.RaftServerConfigKeys (ConfUtils.java:logGet(43)) - raft.server.log.preallocated.size = 16384 (custom)
2019-09-24 03:26:02,624 [pool-62-thread-1] INFO  server.RaftServerConfigKeys (ConfUtils.java:logGet(43)) - raft.server.log.segment.size.max = 1048576 (custom)
2019-09-24 03:26:02,624 [pool-112-thread-1] INFO  server.RaftServerConfigKeys (ConfUtils.java:logGet(43)) - raft.server.log.write.buffer.size = 33554432 (custom)
2019-09-24 03:26:02,624 [pool-82-thread-1] INFO  server.RaftServerConfigKeys (ConfUtils.java:logGet(43)) - raft.server.log.segment.cache.num.max = 2 (custom)
2019-09-24 03:26:02,624 [pool-62-thread-1] INFO  server.RaftServerConfigKeys (ConfUtils.java:logGet(43)) - raft.server.log.segment.cache.num.max = 2 (custom)
2019-09-24 03:26:02,624 [pool-112-thread-1] INFO  server.RaftServerConfigKeys (ConfUtils.java:logGet(43)) - raft.server.log.force.sync.num = 128 (default)
2019-09-24 03:26:02,625 [pool-62-thread-1] INFO  segmented.SegmentedRaftLogWorker (SegmentedRaftLogWorker.java:<init>(172)) - new c11d39fa-10f3-4cb7-b122-8e860b76a301@group-D1F9125FB664-SegmentedRaftLogWorker for RaftStorage:Storage Directory /workdir/hadoop-ozone/integration-test/target/test-dir/MiniOzoneClusterImpl-e5f1ddf0-a5ce-4ae4-b63c-73802c2fbca4/datanode-3/data/ratis/46f5d6e1-b619-425b-b89f-d1f9125fb664
2019-09-24 03:26:02,624 [pool-82-thread-1] INFO  segmented.SegmentedRaftLogWorker (SegmentedRaftLogWorker.java:<init>(172)) - new 2859951c-203c-4f1b-9e85-7275a2992eab@group-D1F9125FB664-SegmentedRaftLogWorker for RaftStorage:Storage Directory /workdir/hadoop-ozone/integration-test/target/test-dir/MiniOzoneClusterImpl-e5f1ddf0-a5ce-4ae4-b63c-73802c2fbca4/datanode-5/data/ratis/46f5d6e1-b619-425b-b89f-d1f9125fb664
2019-09-24 03:26:02,625 [pool-62-thread-1] INFO  server.RaftServerConfigKeys (ConfUtils.java:logGet(43)) - raft.server.log.queue.byte-limit = 2147483647 (custom)
2019-09-24 03:26:02,625 [pool-112-thread-1] INFO  server.RaftServerConfigKeys (ConfUtils.java:logGet(43)) - raft.server.log.statemachine.data.sync = true (default)
2019-09-24 03:26:02,625 [pool-62-thread-1] INFO  server.RaftServerConfigKeys (ConfUtils.java:logGet(43)) - raft.server.log.queue.element-limit = 1024 (custom)
2019-09-24 03:26:02,625 [pool-82-thread-1] INFO  server.RaftServerConfigKeys (ConfUtils.java:logGet(43)) - raft.server.log.queue.byte-limit = 2147483647 (custom)
2019-09-24 03:26:02,625 [pool-62-thread-1] INFO  server.RaftServerConfigKeys (ConfUtils.java:logGet(43)) - raft.server.log.segment.size.max = 1048576 (custom)
2019-09-24 03:26:02,625 [pool-112-thread-1] INFO  server.RaftServerConfigKeys (ConfUtils.java:logGet(43)) - raft.server.log.statemachine.data.sync.timeout = 10s (default)
2019-09-24 03:26:02,626 [pool-62-thread-1] INFO  server.RaftServerConfigKeys (ConfUtils.java:logGet(43)) - raft.server.log.preallocated.size = 16384 (custom)
2019-09-24 03:26:02,625 [pool-82-thread-1] INFO  server.RaftServerConfigKeys (ConfUtils.java:logGet(43)) - raft.server.log.queue.element-limit = 1024 (custom)
2019-09-24 03:26:02,626 [pool-62-thread-1] INFO  server.RaftServerConfigKeys (ConfUtils.java:logGet(43)) - raft.server.log.write.buffer.size = 33554432 (custom)
2019-09-24 03:26:02,626 [pool-112-thread-1] INFO  server.RaftServerConfigKeys (ConfUtils.java:logGet(43)) - raft.server.log.statemachine.data.sync.timeout.retry = -1 (default)
2019-09-24 03:26:02,626 [pool-62-thread-1] INFO  server.RaftServerConfigKeys (ConfUtils.java:logGet(43)) - raft.server.log.force.sync.num = 128 (default)
2019-09-24 03:26:02,626 [pool-82-thread-1] INFO  server.RaftServerConfigKeys (ConfUtils.java:logGet(43)) - raft.server.log.segment.size.max = 1048576 (custom)
2019-09-24 03:26:02,626 [pool-62-thread-1] INFO  server.RaftServerConfigKeys (ConfUtils.java:logGet(43)) - raft.server.log.statemachine.data.sync = true (default)
2019-09-24 03:26:02,626 [pool-112-thread-1] INFO  server.RaftServerConfigKeys (ConfUtils.java:logGet(43)) - raft.server.log.statemachine.data.caching.enabled = true (custom)
2019-09-24 03:26:02,627 [pool-62-thread-1] INFO  server.RaftServerConfigKeys (ConfUtils.java:logGet(43)) - raft.server.log.statemachine.data.sync.timeout = 10s (default)
2019-09-24 03:26:02,626 [pool-82-thread-1] INFO  server.RaftServerConfigKeys (ConfUtils.java:logGet(43)) - raft.server.log.preallocated.size = 16384 (custom)
2019-09-24 03:26:02,627 [pool-112-thread-1] INFO  segmented.SegmentedRaftLogWorker (SegmentedRaftLogWorker.java:lambda$new$0(132)) - f1c22574-e151-47e2-8b9a-aa1bb6e0cd34@group-D1F9125FB664-SegmentedRaftLogWorker: flushIndex: setUnconditionally 0 -> -1
2019-09-24 03:26:02,627 [pool-62-thread-1] INFO  server.RaftServerConfigKeys (ConfUtils.java:logGet(43)) - raft.server.log.statemachine.data.sync.timeout.retry = -1 (default)
2019-09-24 03:26:02,627 [pool-82-thread-1] INFO  server.RaftServerConfigKeys (ConfUtils.java:logGet(43)) - raft.server.log.write.buffer.size = 33554432 (custom)
2019-09-24 03:26:02,627 [pool-62-thread-1] INFO  server.RaftServerConfigKeys (ConfUtils.java:logGet(43)) - raft.server.log.statemachine.data.caching.enabled = true (custom)
2019-09-24 03:26:02,627 [pool-112-thread-1] INFO  server.RaftServerConfigKeys (ConfUtils.java:logGet(43)) - raft.server.snapshot.auto.trigger.enabled = true (custom)
2019-09-24 03:26:02,627 [pool-82-thread-1] INFO  server.RaftServerConfigKeys (ConfUtils.java:logGet(43)) - raft.server.log.force.sync.num = 128 (default)
2019-09-24 03:26:02,627 [pool-62-thread-1] INFO  segmented.SegmentedRaftLogWorker (SegmentedRaftLogWorker.java:lambda$new$0(132)) - c11d39fa-10f3-4cb7-b122-8e860b76a301@group-D1F9125FB664-SegmentedRaftLogWorker: flushIndex: setUnconditionally 0 -> -1
2019-09-24 03:26:02,627 [pool-112-thread-1] INFO  server.RaftServerConfigKeys (ConfUtils.java:logGet(43)) - raft.server.snapshot.auto.trigger.threshold = 10000 (custom)
2019-09-24 03:26:02,628 [pool-82-thread-1] INFO  server.RaftServerConfigKeys (ConfUtils.java:logGet(43)) - raft.server.log.statemachine.data.sync = true (default)
2019-09-24 03:26:02,628 [pool-62-thread-1] INFO  server.RaftServerConfigKeys (ConfUtils.java:logGet(43)) - raft.server.snapshot.auto.trigger.enabled = true (custom)
2019-09-24 03:26:02,628 [pool-112-thread-1] INFO  server.RaftServerConfigKeys (ConfUtils.java:logGet(43)) - raft.server.snapshot.retention.num.files = 5 (custom)
2019-09-24 03:26:02,628 [pool-62-thread-1] INFO  server.RaftServerConfigKeys (ConfUtils.java:logGet(43)) - raft.server.snapshot.auto.trigger.threshold = 10000 (custom)
2019-09-24 03:26:02,628 [pool-82-thread-1] INFO  server.RaftServerConfigKeys (ConfUtils.java:logGet(43)) - raft.server.log.statemachine.data.sync.timeout = 10s (default)
2019-09-24 03:26:02,628 [pool-62-thread-1] INFO  server.RaftServerConfigKeys (ConfUtils.java:logGet(43)) - raft.server.snapshot.retention.num.files = 5 (custom)
2019-09-24 03:26:02,628 [pool-112-thread-1] INFO  server.RaftServerConfigKeys (ConfUtils.java:logGet(43)) - raft.server.retrycache.expirytime = 600000ms (custom)
2019-09-24 03:26:02,628 [pool-62-thread-1] INFO  server.RaftServerConfigKeys (ConfUtils.java:logGet(43)) - raft.server.retrycache.expirytime = 600000ms (custom)
2019-09-24 03:26:02,628 [pool-82-thread-1] INFO  server.RaftServerConfigKeys (ConfUtils.java:logGet(43)) - raft.server.log.statemachine.data.sync.timeout.retry = -1 (default)
2019-09-24 03:26:02,629 [pool-82-thread-1] INFO  server.RaftServerConfigKeys (ConfUtils.java:logGet(43)) - raft.server.log.statemachine.data.caching.enabled = true (custom)
2019-09-24 03:26:02,629 [pool-82-thread-1] INFO  segmented.SegmentedRaftLogWorker (SegmentedRaftLogWorker.java:lambda$new$0(132)) - 2859951c-203c-4f1b-9e85-7275a2992eab@group-D1F9125FB664-SegmentedRaftLogWorker: flushIndex: setUnconditionally 0 -> -1
2019-09-24 03:26:02,630 [pool-82-thread-1] INFO  server.RaftServerConfigKeys (ConfUtils.java:logGet(43)) - raft.server.snapshot.auto.trigger.enabled = true (custom)
2019-09-24 03:26:02,630 [pool-82-thread-1] INFO  server.RaftServerConfigKeys (ConfUtils.java:logGet(43)) - raft.server.snapshot.auto.trigger.threshold = 10000 (custom)
2019-09-24 03:26:02,630 [pool-82-thread-1] INFO  server.RaftServerConfigKeys (ConfUtils.java:logGet(43)) - raft.server.snapshot.retention.num.files = 5 (custom)
2019-09-24 03:26:02,630 [pool-82-thread-1] INFO  server.RaftServerConfigKeys (ConfUtils.java:logGet(43)) - raft.server.retrycache.expirytime = 600000ms (custom)
2019-09-24 03:26:02,631 [pool-112-thread-1] INFO  impl.RaftServerImpl (RaftServerImpl.java:start(185)) - f1c22574-e151-47e2-8b9a-aa1bb6e0cd34@group-D1F9125FB664: start as a follower, conf=-1: [f1c22574-e151-47e2-8b9a-aa1bb6e0cd34:192.168.151.121:42828, c11d39fa-10f3-4cb7-b122-8e860b76a301:192.168.151.121:36278, 2859951c-203c-4f1b-9e85-7275a2992eab:192.168.151.121:40038], old=null
2019-09-24 03:26:02,631 [pool-112-thread-1] INFO  impl.RaftServerImpl (RaftServerImpl.java:setRole(174)) - f1c22574-e151-47e2-8b9a-aa1bb6e0cd34@group-D1F9125FB664: changes role from      null to FOLLOWER at term 0 for startAsFollower
2019-09-24 03:26:02,631 [pool-112-thread-1] INFO  impl.RoleInfo (RoleInfo.java:updateAndGet(143)) - f1c22574-e151-47e2-8b9a-aa1bb6e0cd34: start FollowerState
2019-09-24 03:26:02,632 [pool-112-thread-1] INFO  util.JmxRegister (JmxRegister.java:tryRegister(44)) - Successfully registered JMX Bean with object name Ratis:service=RaftServer,group=group-D1F9125FB664,id=f1c22574-e151-47e2-8b9a-aa1bb6e0cd34
2019-09-24 03:26:02,632 [pool-62-thread-1] INFO  impl.RaftServerImpl (RaftServerImpl.java:start(185)) - c11d39fa-10f3-4cb7-b122-8e860b76a301@group-D1F9125FB664: start as a follower, conf=-1: [f1c22574-e151-47e2-8b9a-aa1bb6e0cd34:192.168.151.121:42828, c11d39fa-10f3-4cb7-b122-8e860b76a301:192.168.151.121:36278, 2859951c-203c-4f1b-9e85-7275a2992eab:192.168.151.121:40038], old=null
2019-09-24 03:26:02,632 [pool-62-thread-1] INFO  impl.RaftServerImpl (RaftServerImpl.java:setRole(174)) - c11d39fa-10f3-4cb7-b122-8e860b76a301@group-D1F9125FB664: changes role from      null to FOLLOWER at term 0 for startAsFollower
2019-09-24 03:26:02,632 [pool-62-thread-1] INFO  impl.RoleInfo (RoleInfo.java:updateAndGet(143)) - c11d39fa-10f3-4cb7-b122-8e860b76a301: start FollowerState
2019-09-24 03:26:02,632 [pool-62-thread-1] INFO  util.JmxRegister (JmxRegister.java:tryRegister(44)) - Successfully registered JMX Bean with object name Ratis:service=RaftServer,group=group-D1F9125FB664,id=c11d39fa-10f3-4cb7-b122-8e860b76a301
2019-09-24 03:26:02,633 [pool-82-thread-1] INFO  impl.RaftServerImpl (RaftServerImpl.java:start(185)) - 2859951c-203c-4f1b-9e85-7275a2992eab@group-D1F9125FB664: start as a follower, conf=-1: [f1c22574-e151-47e2-8b9a-aa1bb6e0cd34:192.168.151.121:42828, c11d39fa-10f3-4cb7-b122-8e860b76a301:192.168.151.121:36278, 2859951c-203c-4f1b-9e85-7275a2992eab:192.168.151.121:40038], old=null
2019-09-24 03:26:02,633 [pool-82-thread-1] INFO  impl.RaftServerImpl (RaftServerImpl.java:setRole(174)) - 2859951c-203c-4f1b-9e85-7275a2992eab@group-D1F9125FB664: changes role from      null to FOLLOWER at term 0 for startAsFollower
2019-09-24 03:26:02,633 [pool-82-thread-1] INFO  impl.RoleInfo (RoleInfo.java:updateAndGet(143)) - 2859951c-203c-4f1b-9e85-7275a2992eab: start FollowerState
2019-09-24 03:26:02,634 [pool-82-thread-1] INFO  util.JmxRegister (JmxRegister.java:tryRegister(44)) - Successfully registered JMX Bean with object name Ratis:service=RaftServer,group=group-D1F9125FB664,id=2859951c-203c-4f1b-9e85-7275a2992eab
2019-09-24 03:26:02,661 [RatisPipelineUtilsThread] INFO  pipeline.PipelineStateManager (PipelineStateManager.java:addPipeline(56)) - Created pipeline Pipeline[ Id: 46f5d6e1-b619-425b-b89f-d1f9125fb664, Nodes: c11d39fa-10f3-4cb7-b122-8e860b76a301{ip: 192.168.151.121, host: pr-hdds-2162-tjkd5-3209850126, networkLocation: /default-rack, certSerialId: null}2859951c-203c-4f1b-9e85-7275a2992eab{ip: 192.168.151.121, host: pr-hdds-2162-tjkd5-3209850126, networkLocation: /default-rack, certSerialId: null}f1c22574-e151-47e2-8b9a-aa1bb6e0cd34{ip: 192.168.151.121, host: pr-hdds-2162-tjkd5-3209850126, networkLocation: /default-rack, certSerialId: null}, Type:RATIS, Factor:THREE, State:OPEN]
2019-09-24 03:26:02,685 [grpc-default-executor-0] INFO  impl.RaftServerProxy (RaftServerProxy.java:addNew(89)) - 7d4c7c25-4646-4b04-ba9f-f06f1d3a2755: addNew group-571D81204003:[7d4c7c25-4646-4b04-ba9f-f06f1d3a2755:192.168.151.121:46872, 8fc5c081-d984-4303-aba7-473da99cd7d4:192.168.151.121:46313, 13d11d3e-9895-4970-8096-73396f0d647b:192.168.151.121:45071] returns group-571D81204003:java.util.concurrent.CompletableFuture@5a8475ca[Not completed]
2019-09-24 03:26:02,685 [grpc-default-executor-2] INFO  impl.RaftServerProxy (RaftServerProxy.java:addNew(89)) - 13d11d3e-9895-4970-8096-73396f0d647b: addNew group-571D81204003:[7d4c7c25-4646-4b04-ba9f-f06f1d3a2755:192.168.151.121:46872, 8fc5c081-d984-4303-aba7-473da99cd7d4:192.168.151.121:46313, 13d11d3e-9895-4970-8096-73396f0d647b:192.168.151.121:45071] returns group-571D81204003:java.util.concurrent.CompletableFuture@2b6faf8c[Not completed]
2019-09-24 03:26:02,687 [grpc-default-executor-1] INFO  impl.RaftServerProxy (RaftServerProxy.java:addNew(89)) - 8fc5c081-d984-4303-aba7-473da99cd7d4: addNew group-571D81204003:[7d4c7c25-4646-4b04-ba9f-f06f1d3a2755:192.168.151.121:46872, 8fc5c081-d984-4303-aba7-473da99cd7d4:192.168.151.121:46313, 13d11d3e-9895-4970-8096-73396f0d647b:192.168.151.121:45071] returns group-571D81204003:java.util.concurrent.CompletableFuture@79eed8f7[Not completed]
2019-09-24 03:26:02,688 [pool-32-thread-1] INFO  impl.RaftServerImpl (RaftServerImpl.java:<init>(95)) - 7d4c7c25-4646-4b04-ba9f-f06f1d3a2755: new RaftServerImpl for group-571D81204003:[7d4c7c25-4646-4b04-ba9f-f06f1d3a2755:192.168.151.121:46872, 8fc5c081-d984-4303-aba7-473da99cd7d4:192.168.151.121:46313, 13d11d3e-9895-4970-8096-73396f0d647b:192.168.151.121:45071] with ContainerStateMachine:uninitialized
2019-09-24 03:26:02,688 [pool-32-thread-1] INFO  server.RaftServerConfigKeys (ConfUtils.java:logGet(43)) - raft.server.rpc.timeout.min = 5s (custom)
2019-09-24 03:26:02,688 [pool-32-thread-1] INFO  server.RaftServerConfigKeys (ConfUtils.java:logGet(43)) - raft.server.rpc.timeout.max = 5200ms (custom)
2019-09-24 03:26:02,688 [pool-32-thread-1] INFO  server.RaftServerConfigKeys (ConfUtils.java:logGet(43)) - raft.server.rpcslowness.timeout = 120s (custom)
2019-09-24 03:26:02,688 [pool-32-thread-1] INFO  server.RaftServerConfigKeys (ConfUtils.java:logGet(43)) - raft.server.sleep.deviation.threshold = 300 (default)
2019-09-24 03:26:02,689 [pool-32-thread-1] INFO  server.RaftServerConfigKeys (ConfUtils.java:logGet(43)) - raft.server.log.appender.install.snapshot.enabled = false (custom)
2019-09-24 03:26:02,689 [pool-42-thread-1] INFO  impl.RaftServerImpl (RaftServerImpl.java:<init>(95)) - 8fc5c081-d984-4303-aba7-473da99cd7d4: new RaftServerImpl for group-571D81204003:[7d4c7c25-4646-4b04-ba9f-f06f1d3a2755:192.168.151.121:46872, 8fc5c081-d984-4303-aba7-473da99cd7d4:192.168.151.121:46313, 13d11d3e-9895-4970-8096-73396f0d647b:192.168.151.121:45071] with ContainerStateMachine:uninitialized
2019-09-24 03:26:02,689 [pool-32-thread-1] INFO  impl.RaftServerImpl (ServerState.java:<init>(103)) - 7d4c7c25-4646-4b04-ba9f-f06f1d3a2755@group-571D81204003: ConfigurationManager, init=-1: [7d4c7c25-4646-4b04-ba9f-f06f1d3a2755:192.168.151.121:46872, 8fc5c081-d984-4303-aba7-473da99cd7d4:192.168.151.121:46313, 13d11d3e-9895-4970-8096-73396f0d647b:192.168.151.121:45071], old=null, confs=<EMPTY_MAP>
2019-09-24 03:26:02,689 [pool-42-thread-1] INFO  server.RaftServerConfigKeys (ConfUtils.java:logGet(43)) - raft.server.rpc.timeout.min = 5s (custom)
2019-09-24 03:26:02,689 [pool-32-thread-1] INFO  server.RaftServerConfigKeys (ConfUtils.java:logGet(43)) - raft.server.storage.dir = [/workdir/hadoop-ozone/integration-test/target/test-dir/MiniOzoneClusterImpl-e5f1ddf0-a5ce-4ae4-b63c-73802c2fbca4/datanode-0/data/ratis] (custom)
2019-09-24 03:26:02,689 [pool-42-thread-1] INFO  server.RaftServerConfigKeys (ConfUtils.java:logGet(43)) - raft.server.rpc.timeout.max = 5200ms (custom)
2019-09-24 03:26:02,689 [pool-92-thread-1] INFO  impl.RaftServerImpl (RaftServerImpl.java:<init>(95)) - 13d11d3e-9895-4970-8096-73396f0d647b: new RaftServerImpl for group-571D81204003:[7d4c7c25-4646-4b04-ba9f-f06f1d3a2755:192.168.151.121:46872, 8fc5c081-d984-4303-aba7-473da99cd7d4:192.168.151.121:46313, 13d11d3e-9895-4970-8096-73396f0d647b:192.168.151.121:45071] with ContainerStateMachine:uninitialized
2019-09-24 03:26:02,689 [pool-42-thread-1] INFO  server.RaftServerConfigKeys (ConfUtils.java:logGet(43)) - raft.server.rpcslowness.timeout = 120s (custom)
2019-09-24 03:26:02,689 [pool-32-thread-1] INFO  storage.RaftStorageDirectory (RaftStorageDirectory.java:analyzeStorage(246)) - The storage directory /workdir/hadoop-ozone/integration-test/target/test-dir/MiniOzoneClusterImpl-e5f1ddf0-a5ce-4ae4-b63c-73802c2fbca4/datanode-0/data/ratis/129f5ac4-9578-4340-bb19-571d81204003 does not exist. Creating ...
2019-09-24 03:26:02,689 [pool-92-thread-1] INFO  server.RaftServerConfigKeys (ConfUtils.java:logGet(43)) - raft.server.rpc.timeout.min = 5s (custom)
2019-09-24 03:26:02,689 [pool-42-thread-1] INFO  server.RaftServerConfigKeys (ConfUtils.java:logGet(43)) - raft.server.sleep.deviation.threshold = 300 (default)
2019-09-24 03:26:02,690 [pool-92-thread-1] INFO  server.RaftServerConfigKeys (ConfUtils.java:logGet(43)) - raft.server.rpc.timeout.max = 5200ms (custom)
2019-09-24 03:26:02,690 [pool-42-thread-1] INFO  server.RaftServerConfigKeys (ConfUtils.java:logGet(43)) - raft.server.log.appender.install.snapshot.enabled = false (custom)
2019-09-24 03:26:02,690 [pool-92-thread-1] INFO  server.RaftServerConfigKeys (ConfUtils.java:logGet(43)) - raft.server.rpcslowness.timeout = 120s (custom)
2019-09-24 03:26:02,690 [pool-42-thread-1] INFO  impl.RaftServerImpl (ServerState.java:<init>(103)) - 8fc5c081-d984-4303-aba7-473da99cd7d4@group-571D81204003: ConfigurationManager, init=-1: [7d4c7c25-4646-4b04-ba9f-f06f1d3a2755:192.168.151.121:46872, 8fc5c081-d984-4303-aba7-473da99cd7d4:192.168.151.121:46313, 13d11d3e-9895-4970-8096-73396f0d647b:192.168.151.121:45071], old=null, confs=<EMPTY_MAP>
2019-09-24 03:26:02,690 [pool-92-thread-1] INFO  server.RaftServerConfigKeys (ConfUtils.java:logGet(43)) - raft.server.sleep.deviation.threshold = 300 (default)
2019-09-24 03:26:02,690 [pool-42-thread-1] INFO  server.RaftServerConfigKeys (ConfUtils.java:logGet(43)) - raft.server.storage.dir = [/workdir/hadoop-ozone/integration-test/target/test-dir/MiniOzoneClusterImpl-e5f1ddf0-a5ce-4ae4-b63c-73802c2fbca4/datanode-1/data/ratis] (custom)
2019-09-24 03:26:02,690 [pool-92-thread-1] INFO  server.RaftServerConfigKeys (ConfUtils.java:logGet(43)) - raft.server.log.appender.install.snapshot.enabled = false (custom)
2019-09-24 03:26:02,690 [pool-92-thread-1] INFO  impl.RaftServerImpl (ServerState.java:<init>(103)) - 13d11d3e-9895-4970-8096-73396f0d647b@group-571D81204003: ConfigurationManager, init=-1: [7d4c7c25-4646-4b04-ba9f-f06f1d3a2755:192.168.151.121:46872, 8fc5c081-d984-4303-aba7-473da99cd7d4:192.168.151.121:46313, 13d11d3e-9895-4970-8096-73396f0d647b:192.168.151.121:45071], old=null, confs=<EMPTY_MAP>
2019-09-24 03:26:02,690 [pool-42-thread-1] INFO  storage.RaftStorageDirectory (RaftStorageDirectory.java:analyzeStorage(246)) - The storage directory /workdir/hadoop-ozone/integration-test/target/test-dir/MiniOzoneClusterImpl-e5f1ddf0-a5ce-4ae4-b63c-73802c2fbca4/datanode-1/data/ratis/129f5ac4-9578-4340-bb19-571d81204003 does not exist. Creating ...
2019-09-24 03:26:02,690 [pool-92-thread-1] INFO  server.RaftServerConfigKeys (ConfUtils.java:logGet(43)) - raft.server.storage.dir = [/workdir/hadoop-ozone/integration-test/target/test-dir/MiniOzoneClusterImpl-e5f1ddf0-a5ce-4ae4-b63c-73802c2fbca4/datanode-6/data/ratis] (custom)
2019-09-24 03:26:02,691 [pool-92-thread-1] INFO  storage.RaftStorageDirectory (RaftStorageDirectory.java:analyzeStorage(246)) - The storage directory /workdir/hadoop-ozone/integration-test/target/test-dir/MiniOzoneClusterImpl-e5f1ddf0-a5ce-4ae4-b63c-73802c2fbca4/datanode-6/data/ratis/129f5ac4-9578-4340-bb19-571d81204003 does not exist. Creating ...
2019-09-24 03:26:02,707 [pool-42-thread-1] INFO  storage.RaftStorageDirectory (RaftStorageDirectory.java:tryLock(328)) - Lock on /workdir/hadoop-ozone/integration-test/target/test-dir/MiniOzoneClusterImpl-e5f1ddf0-a5ce-4ae4-b63c-73802c2fbca4/datanode-1/data/ratis/129f5ac4-9578-4340-bb19-571d81204003/in_use.lock acquired by nodename 10637@pr-hdds-2162-tjkd5-3209850126
2019-09-24 03:26:02,707 [pool-92-thread-1] INFO  storage.RaftStorageDirectory (RaftStorageDirectory.java:tryLock(328)) - Lock on /workdir/hadoop-ozone/integration-test/target/test-dir/MiniOzoneClusterImpl-e5f1ddf0-a5ce-4ae4-b63c-73802c2fbca4/datanode-6/data/ratis/129f5ac4-9578-4340-bb19-571d81204003/in_use.lock acquired by nodename 10637@pr-hdds-2162-tjkd5-3209850126
2019-09-24 03:26:02,707 [pool-32-thread-1] INFO  storage.RaftStorageDirectory (RaftStorageDirectory.java:tryLock(328)) - Lock on /workdir/hadoop-ozone/integration-test/target/test-dir/MiniOzoneClusterImpl-e5f1ddf0-a5ce-4ae4-b63c-73802c2fbca4/datanode-0/data/ratis/129f5ac4-9578-4340-bb19-571d81204003/in_use.lock acquired by nodename 10637@pr-hdds-2162-tjkd5-3209850126
2019-09-24 03:26:02,719 [pool-32-thread-1] INFO  storage.RaftStorage (RaftStorage.java:format(72)) - Storage directory /workdir/hadoop-ozone/integration-test/target/test-dir/MiniOzoneClusterImpl-e5f1ddf0-a5ce-4ae4-b63c-73802c2fbca4/datanode-0/data/ratis/129f5ac4-9578-4340-bb19-571d81204003 has been successfully formatted.
2019-09-24 03:26:02,719 [pool-92-thread-1] INFO  storage.RaftStorage (RaftStorage.java:format(72)) - Storage directory /workdir/hadoop-ozone/integration-test/target/test-dir/MiniOzoneClusterImpl-e5f1ddf0-a5ce-4ae4-b63c-73802c2fbca4/datanode-6/data/ratis/129f5ac4-9578-4340-bb19-571d81204003 has been successfully formatted.
2019-09-24 03:26:02,719 [pool-42-thread-1] INFO  storage.RaftStorage (RaftStorage.java:format(72)) - Storage directory /workdir/hadoop-ozone/integration-test/target/test-dir/MiniOzoneClusterImpl-e5f1ddf0-a5ce-4ae4-b63c-73802c2fbca4/datanode-1/data/ratis/129f5ac4-9578-4340-bb19-571d81204003 has been successfully formatted.
2019-09-24 03:26:02,719 [pool-32-thread-1] INFO  ratis.ContainerStateMachine (ContainerStateMachine.java:loadSnapshot(230)) - group-571D81204003: The snapshot info is null. Setting the last applied indexto:(t:0, i:~)
2019-09-24 03:26:02,719 [pool-92-thread-1] INFO  ratis.ContainerStateMachine (ContainerStateMachine.java:loadSnapshot(230)) - group-571D81204003: The snapshot info is null. Setting the last applied indexto:(t:0, i:~)
2019-09-24 03:26:02,719 [pool-32-thread-1] INFO  server.RaftServerConfigKeys (ConfUtils.java:logGet(43)) - raft.server.notification.no-leader.timeout = 120s (custom)
2019-09-24 03:26:02,719 [pool-42-thread-1] INFO  ratis.ContainerStateMachine (ContainerStateMachine.java:loadSnapshot(230)) - group-571D81204003: The snapshot info is null. Setting the last applied indexto:(t:0, i:~)
2019-09-24 03:26:02,719 [pool-32-thread-1] INFO  server.RaftServerConfigKeys (ConfUtils.java:logGet(43)) - raft.server.log.use.memory = false (default)
2019-09-24 03:26:02,719 [pool-92-thread-1] INFO  server.RaftServerConfigKeys (ConfUtils.java:logGet(43)) - raft.server.notification.no-leader.timeout = 120s (custom)
2019-09-24 03:26:02,719 [pool-32-thread-1] INFO  server.RaftServerConfigKeys (ConfUtils.java:logGet(43)) - raft.server.log.purge.gap = 1000000 (custom)
2019-09-24 03:26:02,719 [pool-42-thread-1] INFO  server.RaftServerConfigKeys (ConfUtils.java:logGet(43)) - raft.server.notification.no-leader.timeout = 120s (custom)
2019-09-24 03:26:02,720 [pool-32-thread-1] INFO  server.RaftServerConfigKeys (ConfUtils.java:logGet(43)) - raft.server.log.appender.buffer.byte-limit = 33554432 (custom)
2019-09-24 03:26:02,719 [pool-92-thread-1] INFO  server.RaftServerConfigKeys (ConfUtils.java:logGet(43)) - raft.server.log.use.memory = false (default)
2019-09-24 03:26:02,720 [pool-32-thread-1] INFO  server.RaftServerConfigKeys (ConfUtils.java:logGet(43)) - raft.server.log.segment.size.max = 1048576 (custom)
2019-09-24 03:26:02,720 [pool-42-thread-1] INFO  server.RaftServerConfigKeys (ConfUtils.java:logGet(43)) - raft.server.log.use.memory = false (default)
2019-09-24 03:26:02,720 [pool-32-thread-1] INFO  server.RaftServerConfigKeys (ConfUtils.java:logGet(43)) - raft.server.log.segment.cache.num.max = 2 (custom)
2019-09-24 03:26:02,720 [pool-92-thread-1] INFO  server.RaftServerConfigKeys (ConfUtils.java:logGet(43)) - raft.server.log.purge.gap = 1000000 (custom)
2019-09-24 03:26:02,720 [pool-32-thread-1] INFO  segmented.SegmentedRaftLogWorker (SegmentedRaftLogWorker.java:<init>(172)) - new 7d4c7c25-4646-4b04-ba9f-f06f1d3a2755@group-571D81204003-SegmentedRaftLogWorker for RaftStorage:Storage Directory /workdir/hadoop-ozone/integration-test/target/test-dir/MiniOzoneClusterImpl-e5f1ddf0-a5ce-4ae4-b63c-73802c2fbca4/datanode-0/data/ratis/129f5ac4-9578-4340-bb19-571d81204003
2019-09-24 03:26:02,720 [pool-42-thread-1] INFO  server.RaftServerConfigKeys (ConfUtils.java:logGet(43)) - raft.server.log.purge.gap = 1000000 (custom)
2019-09-24 03:26:02,720 [pool-32-thread-1] INFO  server.RaftServerConfigKeys (ConfUtils.java:logGet(43)) - raft.server.log.queue.byte-limit = 2147483647 (custom)
2019-09-24 03:26:02,720 [pool-92-thread-1] INFO  server.RaftServerConfigKeys (ConfUtils.java:logGet(43)) - raft.server.log.appender.buffer.byte-limit = 33554432 (custom)
2019-09-24 03:26:02,720 [pool-32-thread-1] INFO  server.RaftServerConfigKeys (ConfUtils.java:logGet(43)) - raft.server.log.queue.element-limit = 1024 (custom)
2019-09-24 03:26:02,720 [pool-42-thread-1] INFO  server.RaftServerConfigKeys (ConfUtils.java:logGet(43)) - raft.server.log.appender.buffer.byte-limit = 33554432 (custom)
2019-09-24 03:26:02,721 [pool-32-thread-1] INFO  server.RaftServerConfigKeys (ConfUtils.java:logGet(43)) - raft.server.log.segment.size.max = 1048576 (custom)
2019-09-24 03:26:02,721 [pool-92-thread-1] INFO  server.RaftServerConfigKeys (ConfUtils.java:logGet(43)) - raft.server.log.segment.size.max = 1048576 (custom)
2019-09-24 03:26:02,721 [pool-32-thread-1] INFO  server.RaftServerConfigKeys (ConfUtils.java:logGet(43)) - raft.server.log.preallocated.size = 16384 (custom)
2019-09-24 03:26:02,721 [pool-42-thread-1] INFO  server.RaftServerConfigKeys (ConfUtils.java:logGet(43)) - raft.server.log.segment.size.max = 1048576 (custom)
2019-09-24 03:26:02,721 [pool-32-thread-1] INFO  server.RaftServerConfigKeys (ConfUtils.java:logGet(43)) - raft.server.log.write.buffer.size = 33554432 (custom)
2019-09-24 03:26:02,721 [pool-92-thread-1] INFO  server.RaftServerConfigKeys (ConfUtils.java:logGet(43)) - raft.server.log.segment.cache.num.max = 2 (custom)
2019-09-24 03:26:02,721 [pool-32-thread-1] INFO  server.RaftServerConfigKeys (ConfUtils.java:logGet(43)) - raft.server.log.force.sync.num = 128 (default)
2019-09-24 03:26:02,721 [pool-42-thread-1] INFO  server.RaftServerConfigKeys (ConfUtils.java:logGet(43)) - raft.server.log.segment.cache.num.max = 2 (custom)
2019-09-24 03:26:02,721 [pool-32-thread-1] INFO  server.RaftServerConfigKeys (ConfUtils.java:logGet(43)) - raft.server.log.statemachine.data.sync = true (default)
2019-09-24 03:26:02,721 [pool-92-thread-1] INFO  segmented.SegmentedRaftLogWorker (SegmentedRaftLogWorker.java:<init>(172)) - new 13d11d3e-9895-4970-8096-73396f0d647b@group-571D81204003-SegmentedRaftLogWorker for RaftStorage:Storage Directory /workdir/hadoop-ozone/integration-test/target/test-dir/MiniOzoneClusterImpl-e5f1ddf0-a5ce-4ae4-b63c-73802c2fbca4/datanode-6/data/ratis/129f5ac4-9578-4340-bb19-571d81204003
2019-09-24 03:26:02,722 [pool-32-thread-1] INFO  server.RaftServerConfigKeys (ConfUtils.java:logGet(43)) - raft.server.log.statemachine.data.sync.timeout = 10s (default)
2019-09-24 03:26:02,721 [pool-42-thread-1] INFO  segmented.SegmentedRaftLogWorker (SegmentedRaftLogWorker.java:<init>(172)) - new 8fc5c081-d984-4303-aba7-473da99cd7d4@group-571D81204003-SegmentedRaftLogWorker for RaftStorage:Storage Directory /workdir/hadoop-ozone/integration-test/target/test-dir/MiniOzoneClusterImpl-e5f1ddf0-a5ce-4ae4-b63c-73802c2fbca4/datanode-1/data/ratis/129f5ac4-9578-4340-bb19-571d81204003
2019-09-24 03:26:02,722 [pool-32-thread-1] INFO  server.RaftServerConfigKeys (ConfUtils.java:logGet(43)) - raft.server.log.statemachine.data.sync.timeout.retry = -1 (default)
2019-09-24 03:26:02,722 [pool-92-thread-1] INFO  server.RaftServerConfigKeys (ConfUtils.java:logGet(43)) - raft.server.log.queue.byte-limit = 2147483647 (custom)
2019-09-24 03:26:02,722 [pool-32-thread-1] INFO  server.RaftServerConfigKeys (ConfUtils.java:logGet(43)) - raft.server.log.statemachine.data.caching.enabled = true (custom)
2019-09-24 03:26:02,722 [pool-42-thread-1] INFO  server.RaftServerConfigKeys (ConfUtils.java:logGet(43)) - raft.server.log.queue.byte-limit = 2147483647 (custom)
2019-09-24 03:26:02,722 [pool-92-thread-1] INFO  server.RaftServerConfigKeys (ConfUtils.java:logGet(43)) - raft.server.log.queue.element-limit = 1024 (custom)
2019-09-24 03:26:02,722 [pool-32-thread-1] INFO  segmented.SegmentedRaftLogWorker (SegmentedRaftLogWorker.java:lambda$new$0(132)) - 7d4c7c25-4646-4b04-ba9f-f06f1d3a2755@group-571D81204003-SegmentedRaftLogWorker: flushIndex: setUnconditionally 0 -> -1
2019-09-24 03:26:02,722 [pool-42-thread-1] INFO  server.RaftServerConfigKeys (ConfUtils.java:logGet(43)) - raft.server.log.queue.element-limit = 1024 (custom)
2019-09-24 03:26:02,722 [pool-92-thread-1] INFO  server.RaftServerConfigKeys (ConfUtils.java:logGet(43)) - raft.server.log.segment.size.max = 1048576 (custom)
2019-09-24 03:26:02,722 [pool-32-thread-1] INFO  server.RaftServerConfigKeys (ConfUtils.java:logGet(43)) - raft.server.snapshot.auto.trigger.enabled = true (custom)
2019-09-24 03:26:02,722 [pool-42-thread-1] INFO  server.RaftServerConfigKeys (ConfUtils.java:logGet(43)) - raft.server.log.segment.size.max = 1048576 (custom)
2019-09-24 03:26:02,723 [pool-32-thread-1] INFO  server.RaftServerConfigKeys (ConfUtils.java:logGet(43)) - raft.server.snapshot.auto.trigger.threshold = 10000 (custom)
2019-09-24 03:26:02,722 [pool-92-thread-1] INFO  server.RaftServerConfigKeys (ConfUtils.java:logGet(43)) - raft.server.log.preallocated.size = 16384 (custom)
2019-09-24 03:26:02,723 [pool-32-thread-1] INFO  server.RaftServerConfigKeys (ConfUtils.java:logGet(43)) - raft.server.snapshot.retention.num.files = 5 (custom)
2019-09-24 03:26:02,723 [pool-42-thread-1] INFO  server.RaftServerConfigKeys (ConfUtils.java:logGet(43)) - raft.server.log.preallocated.size = 16384 (custom)
2019-09-24 03:26:02,723 [pool-32-thread-1] INFO  server.RaftServerConfigKeys (ConfUtils.java:logGet(43)) - raft.server.retrycache.expirytime = 600000ms (custom)
2019-09-24 03:26:02,723 [pool-92-thread-1] INFO  server.RaftServerConfigKeys (ConfUtils.java:logGet(43)) - raft.server.log.write.buffer.size = 33554432 (custom)
2019-09-24 03:26:02,723 [pool-42-thread-1] INFO  server.RaftServerConfigKeys (ConfUtils.java:logGet(43)) - raft.server.log.write.buffer.size = 33554432 (custom)
2019-09-24 03:26:02,723 [pool-92-thread-1] INFO  server.RaftServerConfigKeys (ConfUtils.java:logGet(43)) - raft.server.log.force.sync.num = 128 (default)
2019-09-24 03:26:02,723 [pool-42-thread-1] INFO  server.RaftServerConfigKeys (ConfUtils.java:logGet(43)) - raft.server.log.force.sync.num = 128 (default)
2019-09-24 03:26:02,723 [pool-92-thread-1] INFO  server.RaftServerConfigKeys (ConfUtils.java:logGet(43)) - raft.server.log.statemachine.data.sync = true (default)
2019-09-24 03:26:02,723 [pool-42-thread-1] INFO  server.RaftServerConfigKeys (ConfUtils.java:logGet(43)) - raft.server.log.statemachine.data.sync = true (default)
2019-09-24 03:26:02,724 [pool-92-thread-1] INFO  server.RaftServerConfigKeys (ConfUtils.java:logGet(43)) - raft.server.log.statemachine.data.sync.timeout = 10s (default)
2019-09-24 03:26:02,724 [pool-42-thread-1] INFO  server.RaftServerConfigKeys (ConfUtils.java:logGet(43)) - raft.server.log.statemachine.data.sync.timeout = 10s (default)
2019-09-24 03:26:02,724 [pool-92-thread-1] INFO  server.RaftServerConfigKeys (ConfUtils.java:logGet(43)) - raft.server.log.statemachine.data.sync.timeout.retry = -1 (default)
2019-09-24 03:26:02,724 [pool-42-thread-1] INFO  server.RaftServerConfigKeys (ConfUtils.java:logGet(43)) - raft.server.log.statemachine.data.sync.timeout.retry = -1 (default)
2019-09-24 03:26:02,724 [pool-92-thread-1] INFO  server.RaftServerConfigKeys (ConfUtils.java:logGet(43)) - raft.server.log.statemachine.data.caching.enabled = true (custom)
2019-09-24 03:26:02,724 [pool-42-thread-1] INFO  server.RaftServerConfigKeys (ConfUtils.java:logGet(43)) - raft.server.log.statemachine.data.caching.enabled = true (custom)
2019-09-24 03:26:02,724 [pool-92-thread-1] INFO  segmented.SegmentedRaftLogWorker (SegmentedRaftLogWorker.java:lambda$new$0(132)) - 13d11d3e-9895-4970-8096-73396f0d647b@group-571D81204003-SegmentedRaftLogWorker: flushIndex: setUnconditionally 0 -> -1
2019-09-24 03:26:02,724 [pool-42-thread-1] INFO  segmented.SegmentedRaftLogWorker (SegmentedRaftLogWorker.java:lambda$new$0(132)) - 8fc5c081-d984-4303-aba7-473da99cd7d4@group-571D81204003-SegmentedRaftLogWorker: flushIndex: setUnconditionally 0 -> -1
2019-09-24 03:26:02,724 [pool-92-thread-1] INFO  server.RaftServerConfigKeys (ConfUtils.java:logGet(43)) - raft.server.snapshot.auto.trigger.enabled = true (custom)
2019-09-24 03:26:02,725 [pool-92-thread-1] INFO  server.RaftServerConfigKeys (ConfUtils.java:logGet(43)) - raft.server.snapshot.auto.trigger.threshold = 10000 (custom)
2019-09-24 03:26:02,725 [pool-42-thread-1] INFO  server.RaftServerConfigKeys (ConfUtils.java:logGet(43)) - raft.server.snapshot.auto.trigger.enabled = true (custom)
2019-09-24 03:26:02,725 [pool-92-thread-1] INFO  server.RaftServerConfigKeys (ConfUtils.java:logGet(43)) - raft.server.snapshot.retention.num.files = 5 (custom)
2019-09-24 03:26:02,725 [pool-42-thread-1] INFO  server.RaftServerConfigKeys (ConfUtils.java:logGet(43)) - raft.server.snapshot.auto.trigger.threshold = 10000 (custom)
2019-09-24 03:26:02,725 [pool-92-thread-1] INFO  server.RaftServerConfigKeys (ConfUtils.java:logGet(43)) - raft.server.retrycache.expirytime = 600000ms (custom)
2019-09-24 03:26:02,725 [pool-42-thread-1] INFO  server.RaftServerConfigKeys (ConfUtils.java:logGet(43)) - raft.server.snapshot.retention.num.files = 5 (custom)
2019-09-24 03:26:02,725 [pool-32-thread-1] INFO  impl.RaftServerImpl (RaftServerImpl.java:start(185)) - 7d4c7c25-4646-4b04-ba9f-f06f1d3a2755@group-571D81204003: start as a follower, conf=-1: [7d4c7c25-4646-4b04-ba9f-f06f1d3a2755:192.168.151.121:46872, 8fc5c081-d984-4303-aba7-473da99cd7d4:192.168.151.121:46313, 13d11d3e-9895-4970-8096-73396f0d647b:192.168.151.121:45071], old=null
2019-09-24 03:26:02,725 [pool-42-thread-1] INFO  server.RaftServerConfigKeys (ConfUtils.java:logGet(43)) - raft.server.retrycache.expirytime = 600000ms (custom)
2019-09-24 03:26:02,725 [pool-32-thread-1] INFO  impl.RaftServerImpl (RaftServerImpl.java:setRole(174)) - 7d4c7c25-4646-4b04-ba9f-f06f1d3a2755@group-571D81204003: changes role from      null to FOLLOWER at term 0 for startAsFollower
2019-09-24 03:26:02,725 [pool-32-thread-1] INFO  impl.RoleInfo (RoleInfo.java:updateAndGet(143)) - 7d4c7c25-4646-4b04-ba9f-f06f1d3a2755: start FollowerState
2019-09-24 03:26:02,726 [pool-32-thread-1] INFO  util.JmxRegister (JmxRegister.java:tryRegister(44)) - Successfully registered JMX Bean with object name Ratis:service=RaftServer,group=group-571D81204003,id=7d4c7c25-4646-4b04-ba9f-f06f1d3a2755
2019-09-24 03:26:02,727 [pool-92-thread-1] INFO  impl.RaftServerImpl (RaftServerImpl.java:start(185)) - 13d11d3e-9895-4970-8096-73396f0d647b@group-571D81204003: start as a follower, conf=-1: [7d4c7c25-4646-4b04-ba9f-f06f1d3a2755:192.168.151.121:46872, 8fc5c081-d984-4303-aba7-473da99cd7d4:192.168.151.121:46313, 13d11d3e-9895-4970-8096-73396f0d647b:192.168.151.121:45071], old=null
2019-09-24 03:26:02,727 [pool-92-thread-1] INFO  impl.RaftServerImpl (RaftServerImpl.java:setRole(174)) - 13d11d3e-9895-4970-8096-73396f0d647b@group-571D81204003: changes role from      null to FOLLOWER at term 0 for startAsFollower
2019-09-24 03:26:02,727 [pool-92-thread-1] INFO  impl.RoleInfo (RoleInfo.java:updateAndGet(143)) - 13d11d3e-9895-4970-8096-73396f0d647b: start FollowerState
2019-09-24 03:26:02,727 [pool-42-thread-1] INFO  impl.RaftServerImpl (RaftServerImpl.java:start(185)) - 8fc5c081-d984-4303-aba7-473da99cd7d4@group-571D81204003: start as a follower, conf=-1: [7d4c7c25-4646-4b04-ba9f-f06f1d3a2755:192.168.151.121:46872, 8fc5c081-d984-4303-aba7-473da99cd7d4:192.168.151.121:46313, 13d11d3e-9895-4970-8096-73396f0d647b:192.168.151.121:45071], old=null
2019-09-24 03:26:02,729 [pool-42-thread-1] INFO  impl.RaftServerImpl (RaftServerImpl.java:setRole(174)) - 8fc5c081-d984-4303-aba7-473da99cd7d4@group-571D81204003: changes role from      null to FOLLOWER at term 0 for startAsFollower
2019-09-24 03:26:02,729 [pool-92-thread-1] INFO  util.JmxRegister (JmxRegister.java:tryRegister(44)) - Successfully registered JMX Bean with object name Ratis:service=RaftServer,group=group-571D81204003,id=13d11d3e-9895-4970-8096-73396f0d647b
2019-09-24 03:26:02,729 [pool-42-thread-1] INFO  impl.RoleInfo (RoleInfo.java:updateAndGet(143)) - 8fc5c081-d984-4303-aba7-473da99cd7d4: start FollowerState
2019-09-24 03:26:02,729 [pool-42-thread-1] INFO  util.JmxRegister (JmxRegister.java:tryRegister(44)) - Successfully registered JMX Bean with object name Ratis:service=RaftServer,group=group-571D81204003,id=8fc5c081-d984-4303-aba7-473da99cd7d4
2019-09-24 03:26:02,743 [RatisPipelineUtilsThread] INFO  pipeline.PipelineStateManager (PipelineStateManager.java:addPipeline(56)) - Created pipeline Pipeline[ Id: 129f5ac4-9578-4340-bb19-571d81204003, Nodes: 8fc5c081-d984-4303-aba7-473da99cd7d4{ip: 192.168.151.121, host: pr-hdds-2162-tjkd5-3209850126, networkLocation: /default-rack, certSerialId: null}13d11d3e-9895-4970-8096-73396f0d647b{ip: 192.168.151.121, host: pr-hdds-2162-tjkd5-3209850126, networkLocation: /default-rack, certSerialId: null}7d4c7c25-4646-4b04-ba9f-f06f1d3a2755{ip: 192.168.151.121, host: pr-hdds-2162-tjkd5-3209850126, networkLocation: /default-rack, certSerialId: null}, Type:RATIS, Factor:THREE, State:OPEN]
2019-09-24 03:26:02,760 [grpc-default-executor-1] INFO  impl.RaftServerProxy (RaftServerProxy.java:addNew(89)) - de0815a2-edb6-4014-be80-193eceea242b: addNew group-A48901C17D1E:[de0815a2-edb6-4014-be80-193eceea242b:192.168.151.121:43060, 623c22b8-4c13-4281-9098-2ebcaa8ebf75:192.168.151.121:39127, 1a9a7120-0e30-4c9b-b35f-12e1338ec0ba:192.168.151.121:42905] returns group-A48901C17D1E:java.util.concurrent.CompletableFuture@1f85370[Not completed]
2019-09-24 03:26:02,760 [grpc-default-executor-0] INFO  impl.RaftServerProxy (RaftServerProxy.java:addNew(89)) - 623c22b8-4c13-4281-9098-2ebcaa8ebf75: addNew group-A48901C17D1E:[de0815a2-edb6-4014-be80-193eceea242b:192.168.151.121:43060, 623c22b8-4c13-4281-9098-2ebcaa8ebf75:192.168.151.121:39127, 1a9a7120-0e30-4c9b-b35f-12e1338ec0ba:192.168.151.121:42905] returns group-A48901C17D1E:java.util.concurrent.CompletableFuture@75f9c54b[Not completed]
2019-09-24 03:26:02,763 [grpc-default-executor-2] INFO  impl.RaftServerProxy (RaftServerProxy.java:addNew(89)) - 1a9a7120-0e30-4c9b-b35f-12e1338ec0ba: addNew group-A48901C17D1E:[de0815a2-edb6-4014-be80-193eceea242b:192.168.151.121:43060, 623c22b8-4c13-4281-9098-2ebcaa8ebf75:192.168.151.121:39127, 1a9a7120-0e30-4c9b-b35f-12e1338ec0ba:192.168.151.121:42905] returns group-A48901C17D1E:java.util.concurrent.CompletableFuture@8f2e996[Not completed]
2019-09-24 03:26:02,764 [pool-72-thread-1] INFO  impl.RaftServerImpl (RaftServerImpl.java:<init>(95)) - de0815a2-edb6-4014-be80-193eceea242b: new RaftServerImpl for group-A48901C17D1E:[de0815a2-edb6-4014-be80-193eceea242b:192.168.151.121:43060, 623c22b8-4c13-4281-9098-2ebcaa8ebf75:192.168.151.121:39127, 1a9a7120-0e30-4c9b-b35f-12e1338ec0ba:192.168.151.121:42905] with ContainerStateMachine:uninitialized
2019-09-24 03:26:02,764 [pool-72-thread-1] INFO  server.RaftServerConfigKeys (ConfUtils.java:logGet(43)) - raft.server.rpc.timeout.min = 5s (custom)
2019-09-24 03:26:02,764 [pool-72-thread-1] INFO  server.RaftServerConfigKeys (ConfUtils.java:logGet(43)) - raft.server.rpc.timeout.max = 5200ms (custom)
2019-09-24 03:26:02,764 [pool-72-thread-1] INFO  server.RaftServerConfigKeys (ConfUtils.java:logGet(43)) - raft.server.rpcslowness.timeout = 120s (custom)
2019-09-24 03:26:02,765 [pool-72-thread-1] INFO  server.RaftServerConfigKeys (ConfUtils.java:logGet(43)) - raft.server.sleep.deviation.threshold = 300 (default)
2019-09-24 03:26:02,765 [pool-72-thread-1] INFO  server.RaftServerConfigKeys (ConfUtils.java:logGet(43)) - raft.server.log.appender.install.snapshot.enabled = false (custom)
2019-09-24 03:26:02,765 [pool-72-thread-1] INFO  impl.RaftServerImpl (ServerState.java:<init>(103)) - de0815a2-edb6-4014-be80-193eceea242b@group-A48901C17D1E: ConfigurationManager, init=-1: [de0815a2-edb6-4014-be80-193eceea242b:192.168.151.121:43060, 623c22b8-4c13-4281-9098-2ebcaa8ebf75:192.168.151.121:39127, 1a9a7120-0e30-4c9b-b35f-12e1338ec0ba:192.168.151.121:42905], old=null, confs=<EMPTY_MAP>
2019-09-24 03:26:02,765 [pool-102-thread-1] INFO  impl.RaftServerImpl (RaftServerImpl.java:<init>(95)) - 1a9a7120-0e30-4c9b-b35f-12e1338ec0ba: new RaftServerImpl for group-A48901C17D1E:[de0815a2-edb6-4014-be80-193eceea242b:192.168.151.121:43060, 623c22b8-4c13-4281-9098-2ebcaa8ebf75:192.168.151.121:39127, 1a9a7120-0e30-4c9b-b35f-12e1338ec0ba:192.168.151.121:42905] with ContainerStateMachine:uninitialized
2019-09-24 03:26:02,765 [pool-72-thread-1] INFO  server.RaftServerConfigKeys (ConfUtils.java:logGet(43)) - raft.server.storage.dir = [/workdir/hadoop-ozone/integration-test/target/test-dir/MiniOzoneClusterImpl-e5f1ddf0-a5ce-4ae4-b63c-73802c2fbca4/datanode-4/data/ratis] (custom)
2019-09-24 03:26:02,765 [pool-102-thread-1] INFO  server.RaftServerConfigKeys (ConfUtils.java:logGet(43)) - raft.server.rpc.timeout.min = 5s (custom)
2019-09-24 03:26:02,765 [pool-102-thread-1] INFO  server.RaftServerConfigKeys (ConfUtils.java:logGet(43)) - raft.server.rpc.timeout.max = 5200ms (custom)
2019-09-24 03:26:02,765 [pool-72-thread-1] INFO  storage.RaftStorageDirectory (RaftStorageDirectory.java:analyzeStorage(246)) - The storage directory /workdir/hadoop-ozone/integration-test/target/test-dir/MiniOzoneClusterImpl-e5f1ddf0-a5ce-4ae4-b63c-73802c2fbca4/datanode-4/data/ratis/b317ea30-f654-450e-b88c-a48901c17d1e does not exist. Creating ...
2019-09-24 03:26:02,765 [pool-102-thread-1] INFO  server.RaftServerConfigKeys (ConfUtils.java:logGet(43)) - raft.server.rpcslowness.timeout = 120s (custom)
2019-09-24 03:26:02,765 [pool-52-thread-1] INFO  impl.RaftServerImpl (RaftServerImpl.java:<init>(95)) - 623c22b8-4c13-4281-9098-2ebcaa8ebf75: new RaftServerImpl for group-A48901C17D1E:[de0815a2-edb6-4014-be80-193eceea242b:192.168.151.121:43060, 623c22b8-4c13-4281-9098-2ebcaa8ebf75:192.168.151.121:39127, 1a9a7120-0e30-4c9b-b35f-12e1338ec0ba:192.168.151.121:42905] with ContainerStateMachine:uninitialized
2019-09-24 03:26:02,766 [pool-102-thread-1] INFO  server.RaftServerConfigKeys (ConfUtils.java:logGet(43)) - raft.server.sleep.deviation.threshold = 300 (default)
2019-09-24 03:26:02,766 [pool-52-thread-1] INFO  server.RaftServerConfigKeys (ConfUtils.java:logGet(43)) - raft.server.rpc.timeout.min = 5s (custom)
2019-09-24 03:26:02,766 [pool-102-thread-1] INFO  server.RaftServerConfigKeys (ConfUtils.java:logGet(43)) - raft.server.log.appender.install.snapshot.enabled = false (custom)
2019-09-24 03:26:02,766 [pool-52-thread-1] INFO  server.RaftServerConfigKeys (ConfUtils.java:logGet(43)) - raft.server.rpc.timeout.max = 5200ms (custom)
2019-09-24 03:26:02,766 [pool-102-thread-1] INFO  impl.RaftServerImpl (ServerState.java:<init>(103)) - 1a9a7120-0e30-4c9b-b35f-12e1338ec0ba@group-A48901C17D1E: ConfigurationManager, init=-1: [de0815a2-edb6-4014-be80-193eceea242b:192.168.151.121:43060, 623c22b8-4c13-4281-9098-2ebcaa8ebf75:192.168.151.121:39127, 1a9a7120-0e30-4c9b-b35f-12e1338ec0ba:192.168.151.121:42905], old=null, confs=<EMPTY_MAP>
2019-09-24 03:26:02,766 [pool-52-thread-1] INFO  server.RaftServerConfigKeys (ConfUtils.java:logGet(43)) - raft.server.rpcslowness.timeout = 120s (custom)
2019-09-24 03:26:02,766 [pool-102-thread-1] INFO  server.RaftServerConfigKeys (ConfUtils.java:logGet(43)) - raft.server.storage.dir = [/workdir/hadoop-ozone/integration-test/target/test-dir/MiniOzoneClusterImpl-e5f1ddf0-a5ce-4ae4-b63c-73802c2fbca4/datanode-7/data/ratis] (custom)
2019-09-24 03:26:02,766 [pool-52-thread-1] INFO  server.RaftServerConfigKeys (ConfUtils.java:logGet(43)) - raft.server.sleep.deviation.threshold = 300 (default)
2019-09-24 03:26:02,767 [pool-52-thread-1] INFO  server.RaftServerConfigKeys (ConfUtils.java:logGet(43)) - raft.server.log.appender.install.snapshot.enabled = false (custom)
2019-09-24 03:26:02,767 [pool-52-thread-1] INFO  impl.RaftServerImpl (ServerState.java:<init>(103)) - 623c22b8-4c13-4281-9098-2ebcaa8ebf75@group-A48901C17D1E: ConfigurationManager, init=-1: [de0815a2-edb6-4014-be80-193eceea242b:192.168.151.121:43060, 623c22b8-4c13-4281-9098-2ebcaa8ebf75:192.168.151.121:39127, 1a9a7120-0e30-4c9b-b35f-12e1338ec0ba:192.168.151.121:42905], old=null, confs=<EMPTY_MAP>
2019-09-24 03:26:02,767 [pool-102-thread-1] INFO  storage.RaftStorageDirectory (RaftStorageDirectory.java:analyzeStorage(246)) - The storage directory /workdir/hadoop-ozone/integration-test/target/test-dir/MiniOzoneClusterImpl-e5f1ddf0-a5ce-4ae4-b63c-73802c2fbca4/datanode-7/data/ratis/b317ea30-f654-450e-b88c-a48901c17d1e does not exist. Creating ...
2019-09-24 03:26:02,767 [pool-52-thread-1] INFO  server.RaftServerConfigKeys (ConfUtils.java:logGet(43)) - raft.server.storage.dir = [/workdir/hadoop-ozone/integration-test/target/test-dir/MiniOzoneClusterImpl-e5f1ddf0-a5ce-4ae4-b63c-73802c2fbca4/datanode-2/data/ratis] (custom)
2019-09-24 03:26:02,767 [pool-52-thread-1] INFO  storage.RaftStorageDirectory (RaftStorageDirectory.java:analyzeStorage(246)) - The storage directory /workdir/hadoop-ozone/integration-test/target/test-dir/MiniOzoneClusterImpl-e5f1ddf0-a5ce-4ae4-b63c-73802c2fbca4/datanode-2/data/ratis/b317ea30-f654-450e-b88c-a48901c17d1e does not exist. Creating ...
2019-09-24 03:26:02,828 [pool-52-thread-1] INFO  storage.RaftStorageDirectory (RaftStorageDirectory.java:tryLock(328)) - Lock on /workdir/hadoop-ozone/integration-test/target/test-dir/MiniOzoneClusterImpl-e5f1ddf0-a5ce-4ae4-b63c-73802c2fbca4/datanode-2/data/ratis/b317ea30-f654-450e-b88c-a48901c17d1e/in_use.lock acquired by nodename 10637@pr-hdds-2162-tjkd5-3209850126
2019-09-24 03:26:02,828 [pool-72-thread-1] INFO  storage.RaftStorageDirectory (RaftStorageDirectory.java:tryLock(328)) - Lock on /workdir/hadoop-ozone/integration-test/target/test-dir/MiniOzoneClusterImpl-e5f1ddf0-a5ce-4ae4-b63c-73802c2fbca4/datanode-4/data/ratis/b317ea30-f654-450e-b88c-a48901c17d1e/in_use.lock acquired by nodename 10637@pr-hdds-2162-tjkd5-3209850126
2019-09-24 03:26:02,828 [pool-102-thread-1] INFO  storage.RaftStorageDirectory (RaftStorageDirectory.java:tryLock(328)) - Lock on /workdir/hadoop-ozone/integration-test/target/test-dir/MiniOzoneClusterImpl-e5f1ddf0-a5ce-4ae4-b63c-73802c2fbca4/datanode-7/data/ratis/b317ea30-f654-450e-b88c-a48901c17d1e/in_use.lock acquired by nodename 10637@pr-hdds-2162-tjkd5-3209850126
2019-09-24 03:26:02,884 [pool-102-thread-1] INFO  storage.RaftStorage (RaftStorage.java:format(72)) - Storage directory /workdir/hadoop-ozone/integration-test/target/test-dir/MiniOzoneClusterImpl-e5f1ddf0-a5ce-4ae4-b63c-73802c2fbca4/datanode-7/data/ratis/b317ea30-f654-450e-b88c-a48901c17d1e has been successfully formatted.
2019-09-24 03:26:02,884 [pool-52-thread-1] INFO  storage.RaftStorage (RaftStorage.java:format(72)) - Storage directory /workdir/hadoop-ozone/integration-test/target/test-dir/MiniOzoneClusterImpl-e5f1ddf0-a5ce-4ae4-b63c-73802c2fbca4/datanode-2/data/ratis/b317ea30-f654-450e-b88c-a48901c17d1e has been successfully formatted.
2019-09-24 03:26:02,884 [pool-72-thread-1] INFO  storage.RaftStorage (RaftStorage.java:format(72)) - Storage directory /workdir/hadoop-ozone/integration-test/target/test-dir/MiniOzoneClusterImpl-e5f1ddf0-a5ce-4ae4-b63c-73802c2fbca4/datanode-4/data/ratis/b317ea30-f654-450e-b88c-a48901c17d1e has been successfully formatted.
2019-09-24 03:26:02,884 [pool-52-thread-1] INFO  ratis.ContainerStateMachine (ContainerStateMachine.java:loadSnapshot(230)) - group-A48901C17D1E: The snapshot info is null. Setting the last applied indexto:(t:0, i:~)
2019-09-24 03:26:02,884 [pool-102-thread-1] INFO  ratis.ContainerStateMachine (ContainerStateMachine.java:loadSnapshot(230)) - group-A48901C17D1E: The snapshot info is null. Setting the last applied indexto:(t:0, i:~)
2019-09-24 03:26:02,885 [pool-52-thread-1] INFO  server.RaftServerConfigKeys (ConfUtils.java:logGet(43)) - raft.server.notification.no-leader.timeout = 120s (custom)
2019-09-24 03:26:02,885 [pool-72-thread-1] INFO  ratis.ContainerStateMachine (ContainerStateMachine.java:loadSnapshot(230)) - group-A48901C17D1E: The snapshot info is null. Setting the last applied indexto:(t:0, i:~)
2019-09-24 03:26:02,885 [pool-52-thread-1] INFO  server.RaftServerConfigKeys (ConfUtils.java:logGet(43)) - raft.server.log.use.memory = false (default)
2019-09-24 03:26:02,885 [pool-102-thread-1] INFO  server.RaftServerConfigKeys (ConfUtils.java:logGet(43)) - raft.server.notification.no-leader.timeout = 120s (custom)
2019-09-24 03:26:02,885 [pool-52-thread-1] INFO  server.RaftServerConfigKeys (ConfUtils.java:logGet(43)) - raft.server.log.purge.gap = 1000000 (custom)
2019-09-24 03:26:02,885 [pool-72-thread-1] INFO  server.RaftServerConfigKeys (ConfUtils.java:logGet(43)) - raft.server.notification.no-leader.timeout = 120s (custom)
2019-09-24 03:26:02,885 [pool-52-thread-1] INFO  server.RaftServerConfigKeys (ConfUtils.java:logGet(43)) - raft.server.log.appender.buffer.byte-limit = 33554432 (custom)
2019-09-24 03:26:02,885 [pool-102-thread-1] INFO  server.RaftServerConfigKeys (ConfUtils.java:logGet(43)) - raft.server.log.use.memory = false (default)
2019-09-24 03:26:02,886 [pool-52-thread-1] INFO  server.RaftServerConfigKeys (ConfUtils.java:logGet(43)) - raft.server.log.segment.size.max = 1048576 (custom)
2019-09-24 03:26:02,885 [pool-72-thread-1] INFO  server.RaftServerConfigKeys (ConfUtils.java:logGet(43)) - raft.server.log.use.memory = false (default)
2019-09-24 03:26:02,886 [pool-52-thread-1] INFO  server.RaftServerConfigKeys (ConfUtils.java:logGet(43)) - raft.server.log.segment.cache.num.max = 2 (custom)
2019-09-24 03:26:02,886 [pool-102-thread-1] INFO  server.RaftServerConfigKeys (ConfUtils.java:logGet(43)) - raft.server.log.purge.gap = 1000000 (custom)
2019-09-24 03:26:02,886 [pool-52-thread-1] INFO  segmented.SegmentedRaftLogWorker (SegmentedRaftLogWorker.java:<init>(172)) - new 623c22b8-4c13-4281-9098-2ebcaa8ebf75@group-A48901C17D1E-SegmentedRaftLogWorker for RaftStorage:Storage Directory /workdir/hadoop-ozone/integration-test/target/test-dir/MiniOzoneClusterImpl-e5f1ddf0-a5ce-4ae4-b63c-73802c2fbca4/datanode-2/data/ratis/b317ea30-f654-450e-b88c-a48901c17d1e
2019-09-24 03:26:02,886 [pool-72-thread-1] INFO  server.RaftServerConfigKeys (ConfUtils.java:logGet(43)) - raft.server.log.purge.gap = 1000000 (custom)
2019-09-24 03:26:02,886 [pool-52-thread-1] INFO  server.RaftServerConfigKeys (ConfUtils.java:logGet(43)) - raft.server.log.queue.byte-limit = 2147483647 (custom)
2019-09-24 03:26:02,886 [pool-102-thread-1] INFO  server.RaftServerConfigKeys (ConfUtils.java:logGet(43)) - raft.server.log.appender.buffer.byte-limit = 33554432 (custom)
2019-09-24 03:26:02,887 [pool-52-thread-1] INFO  server.RaftServerConfigKeys (ConfUtils.java:logGet(43)) - raft.server.log.queue.element-limit = 1024 (custom)
2019-09-24 03:26:02,886 [pool-72-thread-1] INFO  server.RaftServerConfigKeys (ConfUtils.java:logGet(43)) - raft.server.log.appender.buffer.byte-limit = 33554432 (custom)
2019-09-24 03:26:02,887 [pool-52-thread-1] INFO  server.RaftServerConfigKeys (ConfUtils.java:logGet(43)) - raft.server.log.segment.size.max = 1048576 (custom)
2019-09-24 03:26:02,887 [pool-102-thread-1] INFO  server.RaftServerConfigKeys (ConfUtils.java:logGet(43)) - raft.server.log.segment.size.max = 1048576 (custom)
2019-09-24 03:26:02,887 [pool-52-thread-1] INFO  server.RaftServerConfigKeys (ConfUtils.java:logGet(43)) - raft.server.log.preallocated.size = 16384 (custom)
2019-09-24 03:26:02,887 [pool-72-thread-1] INFO  server.RaftServerConfigKeys (ConfUtils.java:logGet(43)) - raft.server.log.segment.size.max = 1048576 (custom)
2019-09-24 03:26:02,887 [pool-52-thread-1] INFO  server.RaftServerConfigKeys (ConfUtils.java:logGet(43)) - raft.server.log.write.buffer.size = 33554432 (custom)
2019-09-24 03:26:02,887 [pool-102-thread-1] INFO  server.RaftServerConfigKeys (ConfUtils.java:logGet(43)) - raft.server.log.segment.cache.num.max = 2 (custom)
2019-09-24 03:26:02,888 [pool-52-thread-1] INFO  server.RaftServerConfigKeys (ConfUtils.java:logGet(43)) - raft.server.log.force.sync.num = 128 (default)
2019-09-24 03:26:02,887 [pool-72-thread-1] INFO  server.RaftServerConfigKeys (ConfUtils.java:logGet(43)) - raft.server.log.segment.cache.num.max = 2 (custom)
2019-09-24 03:26:02,888 [pool-52-thread-1] INFO  server.RaftServerConfigKeys (ConfUtils.java:logGet(43)) - raft.server.log.statemachine.data.sync = true (default)
2019-09-24 03:26:02,888 [pool-102-thread-1] INFO  segmented.SegmentedRaftLogWorker (SegmentedRaftLogWorker.java:<init>(172)) - new 1a9a7120-0e30-4c9b-b35f-12e1338ec0ba@group-A48901C17D1E-SegmentedRaftLogWorker for RaftStorage:Storage Directory /workdir/hadoop-ozone/integration-test/target/test-dir/MiniOzoneClusterImpl-e5f1ddf0-a5ce-4ae4-b63c-73802c2fbca4/datanode-7/data/ratis/b317ea30-f654-450e-b88c-a48901c17d1e
2019-09-24 03:26:02,888 [pool-52-thread-1] INFO  server.RaftServerConfigKeys (ConfUtils.java:logGet(43)) - raft.server.log.statemachine.data.sync.timeout = 10s (default)
2019-09-24 03:26:02,888 [pool-72-thread-1] INFO  segmented.SegmentedRaftLogWorker (SegmentedRaftLogWorker.java:<init>(172)) - new de0815a2-edb6-4014-be80-193eceea242b@group-A48901C17D1E-SegmentedRaftLogWorker for RaftStorage:Storage Directory /workdir/hadoop-ozone/integration-test/target/test-dir/MiniOzoneClusterImpl-e5f1ddf0-a5ce-4ae4-b63c-73802c2fbca4/datanode-4/data/ratis/b317ea30-f654-450e-b88c-a48901c17d1e
2019-09-24 03:26:02,888 [pool-52-thread-1] INFO  server.RaftServerConfigKeys (ConfUtils.java:logGet(43)) - raft.server.log.statemachine.data.sync.timeout.retry = -1 (default)
2019-09-24 03:26:02,888 [pool-102-thread-1] INFO  server.RaftServerConfigKeys (ConfUtils.java:logGet(43)) - raft.server.log.queue.byte-limit = 2147483647 (custom)
2019-09-24 03:26:02,889 [pool-52-thread-1] INFO  server.RaftServerConfigKeys (ConfUtils.java:logGet(43)) - raft.server.log.statemachine.data.caching.enabled = true (custom)
2019-09-24 03:26:02,888 [pool-72-thread-1] INFO  server.RaftServerConfigKeys (ConfUtils.java:logGet(43)) - raft.server.log.queue.byte-limit = 2147483647 (custom)
2019-09-24 03:26:02,889 [pool-102-thread-1] INFO  server.RaftServerConfigKeys (ConfUtils.java:logGet(43)) - raft.server.log.queue.element-limit = 1024 (custom)
2019-09-24 03:26:02,889 [pool-52-thread-1] INFO  segmented.SegmentedRaftLogWorker (SegmentedRaftLogWorker.java:lambda$new$0(132)) - 623c22b8-4c13-4281-9098-2ebcaa8ebf75@group-A48901C17D1E-SegmentedRaftLogWorker: flushIndex: setUnconditionally 0 -> -1
2019-09-24 03:26:02,889 [pool-72-thread-1] INFO  server.RaftServerConfigKeys (ConfUtils.java:logGet(43)) - raft.server.log.queue.element-limit = 1024 (custom)
2019-09-24 03:26:02,889 [pool-102-thread-1] INFO  server.RaftServerConfigKeys (ConfUtils.java:logGet(43)) - raft.server.log.segment.size.max = 1048576 (custom)
2019-09-24 03:26:02,889 [pool-72-thread-1] INFO  server.RaftServerConfigKeys (ConfUtils.java:logGet(43)) - raft.server.log.segment.size.max = 1048576 (custom)
2019-09-24 03:26:02,890 [pool-72-thread-1] INFO  server.RaftServerConfigKeys (ConfUtils.java:logGet(43)) - raft.server.log.preallocated.size = 16384 (custom)
2019-09-24 03:26:02,889 [pool-102-thread-1] INFO  server.RaftServerConfigKeys (ConfUtils.java:logGet(43)) - raft.server.log.preallocated.size = 16384 (custom)
2019-09-24 03:26:02,889 [pool-52-thread-1] INFO  server.RaftServerConfigKeys (ConfUtils.java:logGet(43)) - raft.server.snapshot.auto.trigger.enabled = true (custom)
2019-09-24 03:26:02,890 [pool-102-thread-1] INFO  server.RaftServerConfigKeys (ConfUtils.java:logGet(43)) - raft.server.log.write.buffer.size = 33554432 (custom)
2019-09-24 03:26:02,890 [pool-72-thread-1] INFO  server.RaftServerConfigKeys (ConfUtils.java:logGet(43)) - raft.server.log.write.buffer.size = 33554432 (custom)
2019-09-24 03:26:02,890 [pool-102-thread-1] INFO  server.RaftServerConfigKeys (ConfUtils.java:logGet(43)) - raft.server.log.force.sync.num = 128 (default)
2019-09-24 03:26:02,890 [pool-52-thread-1] INFO  server.RaftServerConfigKeys (ConfUtils.java:logGet(43)) - raft.server.snapshot.auto.trigger.threshold = 10000 (custom)
2019-09-24 03:26:02,890 [pool-102-thread-1] INFO  server.RaftServerConfigKeys (ConfUtils.java:logGet(43)) - raft.server.log.statemachine.data.sync = true (default)
2019-09-24 03:26:02,890 [pool-72-thread-1] INFO  server.RaftServerConfigKeys (ConfUtils.java:logGet(43)) - raft.server.log.force.sync.num = 128 (default)
2019-09-24 03:26:02,891 [pool-102-thread-1] INFO  server.RaftServerConfigKeys (ConfUtils.java:logGet(43)) - raft.server.log.statemachine.data.sync.timeout = 10s (default)
2019-09-24 03:26:02,890 [pool-52-thread-1] INFO  server.RaftServerConfigKeys (ConfUtils.java:logGet(43)) - raft.server.snapshot.retention.num.files = 5 (custom)
2019-09-24 03:26:02,891 [pool-102-thread-1] INFO  server.RaftServerConfigKeys (ConfUtils.java:logGet(43)) - raft.server.log.statemachine.data.sync.timeout.retry = -1 (default)
2019-09-24 03:26:02,891 [pool-72-thread-1] INFO  server.RaftServerConfigKeys (ConfUtils.java:logGet(43)) - raft.server.log.statemachine.data.sync = true (default)
2019-09-24 03:26:02,891 [pool-102-thread-1] INFO  server.RaftServerConfigKeys (ConfUtils.java:logGet(43)) - raft.server.log.statemachine.data.caching.enabled = true (custom)
2019-09-24 03:26:02,891 [pool-52-thread-1] INFO  server.RaftServerConfigKeys (ConfUtils.java:logGet(43)) - raft.server.retrycache.expirytime = 600000ms (custom)
2019-09-24 03:26:02,891 [pool-72-thread-1] INFO  server.RaftServerConfigKeys (ConfUtils.java:logGet(43)) - raft.server.log.statemachine.data.sync.timeout = 10s (default)
2019-09-24 03:26:02,892 [pool-102-thread-1] INFO  segmented.SegmentedRaftLogWorker (SegmentedRaftLogWorker.java:lambda$new$0(132)) - 1a9a7120-0e30-4c9b-b35f-12e1338ec0ba@group-A48901C17D1E-SegmentedRaftLogWorker: flushIndex: setUnconditionally 0 -> -1
2019-09-24 03:26:02,892 [pool-72-thread-1] INFO  server.RaftServerConfigKeys (ConfUtils.java:logGet(43)) - raft.server.log.statemachine.data.sync.timeout.retry = -1 (default)
2019-09-24 03:26:02,892 [pool-102-thread-1] INFO  server.RaftServerConfigKeys (ConfUtils.java:logGet(43)) - raft.server.snapshot.auto.trigger.enabled = true (custom)
2019-09-24 03:26:02,892 [pool-72-thread-1] INFO  server.RaftServerConfigKeys (ConfUtils.java:logGet(43)) - raft.server.log.statemachine.data.caching.enabled = true (custom)
2019-09-24 03:26:02,892 [pool-102-thread-1] INFO  server.RaftServerConfigKeys (ConfUtils.java:logGet(43)) - raft.server.snapshot.auto.trigger.threshold = 10000 (custom)
2019-09-24 03:26:02,892 [pool-102-thread-1] INFO  server.RaftServerConfigKeys (ConfUtils.java:logGet(43)) - raft.server.snapshot.retention.num.files = 5 (custom)
2019-09-24 03:26:02,892 [pool-72-thread-1] INFO  segmented.SegmentedRaftLogWorker (SegmentedRaftLogWorker.java:lambda$new$0(132)) - de0815a2-edb6-4014-be80-193eceea242b@group-A48901C17D1E-SegmentedRaftLogWorker: flushIndex: setUnconditionally 0 -> -1
2019-09-24 03:26:02,892 [pool-102-thread-1] INFO  server.RaftServerConfigKeys (ConfUtils.java:logGet(43)) - raft.server.retrycache.expirytime = 600000ms (custom)
2019-09-24 03:26:02,893 [pool-72-thread-1] INFO  server.RaftServerConfigKeys (ConfUtils.java:logGet(43)) - raft.server.snapshot.auto.trigger.enabled = true (custom)
2019-09-24 03:26:02,893 [pool-72-thread-1] INFO  server.RaftServerConfigKeys (ConfUtils.java:logGet(43)) - raft.server.snapshot.auto.trigger.threshold = 10000 (custom)
2019-09-24 03:26:02,893 [pool-72-thread-1] INFO  server.RaftServerConfigKeys (ConfUtils.java:logGet(43)) - raft.server.snapshot.retention.num.files = 5 (custom)
2019-09-24 03:26:02,893 [pool-72-thread-1] INFO  server.RaftServerConfigKeys (ConfUtils.java:logGet(43)) - raft.server.retrycache.expirytime = 600000ms (custom)
2019-09-24 03:26:02,894 [pool-52-thread-1] INFO  impl.RaftServerImpl (RaftServerImpl.java:start(185)) - 623c22b8-4c13-4281-9098-2ebcaa8ebf75@group-A48901C17D1E: start as a follower, conf=-1: [de0815a2-edb6-4014-be80-193eceea242b:192.168.151.121:43060, 623c22b8-4c13-4281-9098-2ebcaa8ebf75:192.168.151.121:39127, 1a9a7120-0e30-4c9b-b35f-12e1338ec0ba:192.168.151.121:42905], old=null
2019-09-24 03:26:02,894 [pool-52-thread-1] INFO  impl.RaftServerImpl (RaftServerImpl.java:setRole(174)) - 623c22b8-4c13-4281-9098-2ebcaa8ebf75@group-A48901C17D1E: changes role from      null to FOLLOWER at term 0 for startAsFollower
2019-09-24 03:26:02,894 [pool-52-thread-1] INFO  impl.RoleInfo (RoleInfo.java:updateAndGet(143)) - 623c22b8-4c13-4281-9098-2ebcaa8ebf75: start FollowerState
2019-09-24 03:26:02,894 [pool-52-thread-1] INFO  util.JmxRegister (JmxRegister.java:tryRegister(44)) - Successfully registered JMX Bean with object name Ratis:service=RaftServer,group=group-A48901C17D1E,id=623c22b8-4c13-4281-9098-2ebcaa8ebf75
2019-09-24 03:26:02,896 [pool-102-thread-1] INFO  impl.RaftServerImpl (RaftServerImpl.java:start(185)) - 1a9a7120-0e30-4c9b-b35f-12e1338ec0ba@group-A48901C17D1E: start as a follower, conf=-1: [de0815a2-edb6-4014-be80-193eceea242b:192.168.151.121:43060, 623c22b8-4c13-4281-9098-2ebcaa8ebf75:192.168.151.121:39127, 1a9a7120-0e30-4c9b-b35f-12e1338ec0ba:192.168.151.121:42905], old=null
2019-09-24 03:26:02,896 [pool-72-thread-1] INFO  impl.RaftServerImpl (RaftServerImpl.java:start(185)) - de0815a2-edb6-4014-be80-193eceea242b@group-A48901C17D1E: start as a follower, conf=-1: [de0815a2-edb6-4014-be80-193eceea242b:192.168.151.121:43060, 623c22b8-4c13-4281-9098-2ebcaa8ebf75:192.168.151.121:39127, 1a9a7120-0e30-4c9b-b35f-12e1338ec0ba:192.168.151.121:42905], old=null
2019-09-24 03:26:02,896 [pool-102-thread-1] INFO  impl.RaftServerImpl (RaftServerImpl.java:setRole(174)) - 1a9a7120-0e30-4c9b-b35f-12e1338ec0ba@group-A48901C17D1E: changes role from      null to FOLLOWER at term 0 for startAsFollower
2019-09-24 03:26:02,896 [pool-72-thread-1] INFO  impl.RaftServerImpl (RaftServerImpl.java:setRole(174)) - de0815a2-edb6-4014-be80-193eceea242b@group-A48901C17D1E: changes role from      null to FOLLOWER at term 0 for startAsFollower
2019-09-24 03:26:02,896 [pool-102-thread-1] INFO  impl.RoleInfo (RoleInfo.java:updateAndGet(143)) - 1a9a7120-0e30-4c9b-b35f-12e1338ec0ba: start FollowerState
2019-09-24 03:26:02,896 [pool-72-thread-1] INFO  impl.RoleInfo (RoleInfo.java:updateAndGet(143)) - de0815a2-edb6-4014-be80-193eceea242b: start FollowerState
2019-09-24 03:26:02,902 [pool-102-thread-1] INFO  util.JmxRegister (JmxRegister.java:tryRegister(44)) - Successfully registered JMX Bean with object name Ratis:service=RaftServer,group=group-A48901C17D1E,id=1a9a7120-0e30-4c9b-b35f-12e1338ec0ba
2019-09-24 03:26:02,902 [pool-72-thread-1] INFO  util.JmxRegister (JmxRegister.java:tryRegister(44)) - Successfully registered JMX Bean with object name Ratis:service=RaftServer,group=group-A48901C17D1E,id=de0815a2-edb6-4014-be80-193eceea242b
2019-09-24 03:26:02,917 [RatisPipelineUtilsThread] INFO  pipeline.PipelineStateManager (PipelineStateManager.java:addPipeline(56)) - Created pipeline Pipeline[ Id: b317ea30-f654-450e-b88c-a48901c17d1e, Nodes: de0815a2-edb6-4014-be80-193eceea242b{ip: 192.168.151.121, host: pr-hdds-2162-tjkd5-3209850126, networkLocation: /default-rack, certSerialId: null}623c22b8-4c13-4281-9098-2ebcaa8ebf75{ip: 192.168.151.121, host: pr-hdds-2162-tjkd5-3209850126, networkLocation: /default-rack, certSerialId: null}1a9a7120-0e30-4c9b-b35f-12e1338ec0ba{ip: 192.168.151.121, host: pr-hdds-2162-tjkd5-3209850126, networkLocation: /default-rack, certSerialId: null}, Type:RATIS, Factor:THREE, State:OPEN]
2019-09-24 03:26:03,545 [main] INFO  ipc.Client (Client.java:handleConnectionFailure(948)) - Retrying connect to server: localhost/127.0.0.1:0. Already tried 1 time(s); retry policy is RetryUpToMaximumCountWithFixedSleep(maxRetries=10, sleepTime=1000 MILLISECONDS)
2019-09-24 03:26:04,546 [main] INFO  ipc.Client (Client.java:handleConnectionFailure(948)) - Retrying connect to server: localhost/127.0.0.1:0. Already tried 2 time(s); retry policy is RetryUpToMaximumCountWithFixedSleep(maxRetries=10, sleepTime=1000 MILLISECONDS)
2019-09-24 03:26:05,547 [main] INFO  ipc.Client (Client.java:handleConnectionFailure(948)) - Retrying connect to server: localhost/127.0.0.1:0. Already tried 3 time(s); retry policy is RetryUpToMaximumCountWithFixedSleep(maxRetries=10, sleepTime=1000 MILLISECONDS)
2019-09-24 03:26:05,650 [Thread-296] INFO  impl.FollowerState (FollowerState.java:run(106)) - 7d4c7c25-4646-4b04-ba9f-f06f1d3a2755:group-A94B00F2653A changes to CANDIDATE, lastRpcTime:5179, electionTimeout:5179ms
2019-09-24 03:26:05,654 [Thread-296] INFO  impl.RoleInfo (RoleInfo.java:shutdownFollowerState(121)) - 7d4c7c25-4646-4b04-ba9f-f06f1d3a2755: shutdown FollowerState
2019-09-24 03:26:05,655 [Thread-296] INFO  impl.RaftServerImpl (RaftServerImpl.java:setRole(174)) - 7d4c7c25-4646-4b04-ba9f-f06f1d3a2755@group-A94B00F2653A: changes role from  FOLLOWER to CANDIDATE at term 0 for changeToCandidate
2019-09-24 03:26:05,660 [Thread-296] INFO  impl.RoleInfo (RoleInfo.java:updateAndGet(143)) - 7d4c7c25-4646-4b04-ba9f-f06f1d3a2755: start LeaderElection
2019-09-24 03:26:05,679 [7d4c7c25-4646-4b04-ba9f-f06f1d3a2755@group-A94B00F2653A:LeaderElection1] INFO  impl.LeaderElection (LeaderElection.java:askForVotes(182)) - 7d4c7c25-4646-4b04-ba9f-f06f1d3a2755@group-A94B00F2653A:LeaderElection1: begin an election at term 1 for -1: [7d4c7c25-4646-4b04-ba9f-f06f1d3a2755:192.168.151.121:46872], old=null
2019-09-24 03:26:05,681 [7d4c7c25-4646-4b04-ba9f-f06f1d3a2755@group-A94B00F2653A:LeaderElection1] INFO  impl.RoleInfo (RoleInfo.java:shutdownLeaderElection(134)) - 7d4c7c25-4646-4b04-ba9f-f06f1d3a2755: shutdown LeaderElection
2019-09-24 03:26:05,682 [7d4c7c25-4646-4b04-ba9f-f06f1d3a2755@group-A94B00F2653A:LeaderElection1] INFO  impl.RaftServerImpl (RaftServerImpl.java:setRole(174)) - 7d4c7c25-4646-4b04-ba9f-f06f1d3a2755@group-A94B00F2653A: changes role from CANDIDATE to LEADER at term 1 for changeToLeader
2019-09-24 03:26:05,682 [7d4c7c25-4646-4b04-ba9f-f06f1d3a2755@group-A94B00F2653A:LeaderElection1] INFO  impl.RaftServerImpl (ServerState.java:setLeader(253)) - 7d4c7c25-4646-4b04-ba9f-f06f1d3a2755@group-A94B00F2653A: change Leader from null to 7d4c7c25-4646-4b04-ba9f-f06f1d3a2755 at term 1 for becomeLeader, leader elected after 5653ms
2019-09-24 03:26:05,690 [7d4c7c25-4646-4b04-ba9f-f06f1d3a2755@group-A94B00F2653A:LeaderElection1] INFO  server.RaftServerConfigKeys (ConfUtils.java:logGet(43)) - raft.server.staging.catchup.gap = 1000 (default)
2019-09-24 03:26:05,690 [7d4c7c25-4646-4b04-ba9f-f06f1d3a2755@group-A94B00F2653A:LeaderElection1] INFO  server.RaftServerConfigKeys (ConfUtils.java:logGet(43)) - raft.server.rpc.sleep.time = 25ms (default)
2019-09-24 03:26:05,694 [7d4c7c25-4646-4b04-ba9f-f06f1d3a2755@group-A94B00F2653A:LeaderElection1] INFO  server.RaftServerConfigKeys (ConfUtils.java:logGet(43)) - raft.server.write.element-limit = 4096 (default)
2019-09-24 03:26:05,697 [7d4c7c25-4646-4b04-ba9f-f06f1d3a2755@group-A94B00F2653A:LeaderElection1] INFO  server.RaftServerConfigKeys (ConfUtils.java:logGet(43)) - raft.server.watch.timeout = 10s (default)
2019-09-24 03:26:05,697 [7d4c7c25-4646-4b04-ba9f-f06f1d3a2755@group-A94B00F2653A:LeaderElection1] INFO  server.RaftServerConfigKeys (ConfUtils.java:logGet(43)) - raft.server.watch.timeout.denomination = 1s (default)
2019-09-24 03:26:05,698 [7d4c7c25-4646-4b04-ba9f-f06f1d3a2755@group-A94B00F2653A:LeaderElection1] INFO  server.RaftServerConfigKeys (ConfUtils.java:logGet(43)) - raft.server.watch.element-limit = 65536 (default)
2019-09-24 03:26:05,711 [7d4c7c25-4646-4b04-ba9f-f06f1d3a2755@group-A94B00F2653A:LeaderElection1] INFO  impl.RoleInfo (RoleInfo.java:updateAndGet(143)) - 7d4c7c25-4646-4b04-ba9f-f06f1d3a2755: start LeaderState
2019-09-24 03:26:05,738 [7d4c7c25-4646-4b04-ba9f-f06f1d3a2755@group-A94B00F2653A:LeaderElection1] INFO  segmented.SegmentedRaftLogWorker (SegmentedRaftLogWorker.java:startLogSegment(380)) - 7d4c7c25-4646-4b04-ba9f-f06f1d3a2755@group-A94B00F2653A-SegmentedRaftLogWorker: Starting segment from index:0
2019-09-24 03:26:05,747 [7d4c7c25-4646-4b04-ba9f-f06f1d3a2755@group-A94B00F2653A:LeaderElection1] INFO  impl.RaftServerImpl (ServerState.java:setRaftConf(354)) - 7d4c7c25-4646-4b04-ba9f-f06f1d3a2755@group-A94B00F2653A: set configuration 0: [7d4c7c25-4646-4b04-ba9f-f06f1d3a2755:192.168.151.121:46872], old=null at 0
2019-09-24 03:26:05,924 [7d4c7c25-4646-4b04-ba9f-f06f1d3a2755@group-A94B00F2653A-SegmentedRaftLogWorker] INFO  segmented.SegmentedRaftLogWorker (SegmentedRaftLogWorker.java:execute(569)) - 7d4c7c25-4646-4b04-ba9f-f06f1d3a2755@group-A94B00F2653A-SegmentedRaftLogWorker: created new log segment /workdir/hadoop-ozone/integration-test/target/test-dir/MiniOzoneClusterImpl-e5f1ddf0-a5ce-4ae4-b63c-73802c2fbca4/datanode-0/data/ratis/32958f0d-c5f9-49a2-b4e0-a94b00f2653a/current/log_inprogress_0
2019-09-24 03:26:06,057 [Thread-299] INFO  impl.FollowerState (FollowerState.java:run(106)) - c11d39fa-10f3-4cb7-b122-8e860b76a301:group-8574D344C171 changes to CANDIDATE, lastRpcTime:5122, electionTimeout:5122ms
2019-09-24 03:26:06,060 [Thread-299] INFO  impl.RoleInfo (RoleInfo.java:shutdownFollowerState(121)) - c11d39fa-10f3-4cb7-b122-8e860b76a301: shutdown FollowerState
2019-09-24 03:26:06,060 [Thread-299] INFO  impl.RaftServerImpl (RaftServerImpl.java:setRole(174)) - c11d39fa-10f3-4cb7-b122-8e860b76a301@group-8574D344C171: changes role from  FOLLOWER to CANDIDATE at term 0 for changeToCandidate
2019-09-24 03:26:06,061 [Thread-299] INFO  impl.RoleInfo (RoleInfo.java:updateAndGet(143)) - c11d39fa-10f3-4cb7-b122-8e860b76a301: start LeaderElection
2019-09-24 03:26:06,077 [c11d39fa-10f3-4cb7-b122-8e860b76a301@group-8574D344C171:LeaderElection2] INFO  impl.LeaderElection (LeaderElection.java:askForVotes(182)) - c11d39fa-10f3-4cb7-b122-8e860b76a301@group-8574D344C171:LeaderElection2: begin an election at term 1 for -1: [c11d39fa-10f3-4cb7-b122-8e860b76a301:192.168.151.121:36278], old=null
2019-09-24 03:26:06,080 [c11d39fa-10f3-4cb7-b122-8e860b76a301@group-8574D344C171:LeaderElection2] INFO  impl.RoleInfo (RoleInfo.java:shutdownLeaderElection(134)) - c11d39fa-10f3-4cb7-b122-8e860b76a301: shutdown LeaderElection
2019-09-24 03:26:06,080 [c11d39fa-10f3-4cb7-b122-8e860b76a301@group-8574D344C171:LeaderElection2] INFO  impl.RaftServerImpl (RaftServerImpl.java:setRole(174)) - c11d39fa-10f3-4cb7-b122-8e860b76a301@group-8574D344C171: changes role from CANDIDATE to LEADER at term 1 for changeToLeader
2019-09-24 03:26:06,080 [c11d39fa-10f3-4cb7-b122-8e860b76a301@group-8574D344C171:LeaderElection2] INFO  impl.RaftServerImpl (ServerState.java:setLeader(253)) - c11d39fa-10f3-4cb7-b122-8e860b76a301@group-8574D344C171: change Leader from null to c11d39fa-10f3-4cb7-b122-8e860b76a301 at term 1 for becomeLeader, leader elected after 5159ms
2019-09-24 03:26:06,080 [c11d39fa-10f3-4cb7-b122-8e860b76a301@group-8574D344C171:LeaderElection2] INFO  server.RaftServerConfigKeys (ConfUtils.java:logGet(43)) - raft.server.staging.catchup.gap = 1000 (default)
2019-09-24 03:26:06,081 [c11d39fa-10f3-4cb7-b122-8e860b76a301@group-8574D344C171:LeaderElection2] INFO  server.RaftServerConfigKeys (ConfUtils.java:logGet(43)) - raft.server.rpc.sleep.time = 25ms (default)
2019-09-24 03:26:06,081 [c11d39fa-10f3-4cb7-b122-8e860b76a301@group-8574D344C171:LeaderElection2] INFO  server.RaftServerConfigKeys (ConfUtils.java:logGet(43)) - raft.server.write.element-limit = 4096 (default)
2019-09-24 03:26:06,081 [c11d39fa-10f3-4cb7-b122-8e860b76a301@group-8574D344C171:LeaderElection2] INFO  server.RaftServerConfigKeys (ConfUtils.java:logGet(43)) - raft.server.watch.timeout = 10s (default)
2019-09-24 03:26:06,081 [c11d39fa-10f3-4cb7-b122-8e860b76a301@group-8574D344C171:LeaderElection2] INFO  server.RaftServerConfigKeys (ConfUtils.java:logGet(43)) - raft.server.watch.timeout.denomination = 1s (default)
2019-09-24 03:26:06,081 [c11d39fa-10f3-4cb7-b122-8e860b76a301@group-8574D344C171:LeaderElection2] INFO  server.RaftServerConfigKeys (ConfUtils.java:logGet(43)) - raft.server.watch.element-limit = 65536 (default)
2019-09-24 03:26:06,084 [c11d39fa-10f3-4cb7-b122-8e860b76a301@group-8574D344C171:LeaderElection2] INFO  impl.RoleInfo (RoleInfo.java:updateAndGet(143)) - c11d39fa-10f3-4cb7-b122-8e860b76a301: start LeaderState
2019-09-24 03:26:06,085 [c11d39fa-10f3-4cb7-b122-8e860b76a301@group-8574D344C171:LeaderElection2] INFO  segmented.SegmentedRaftLogWorker (SegmentedRaftLogWorker.java:startLogSegment(380)) - c11d39fa-10f3-4cb7-b122-8e860b76a301@group-8574D344C171-SegmentedRaftLogWorker: Starting segment from index:0
2019-09-24 03:26:06,085 [c11d39fa-10f3-4cb7-b122-8e860b76a301@group-8574D344C171:LeaderElection2] INFO  impl.RaftServerImpl (ServerState.java:setRaftConf(354)) - c11d39fa-10f3-4cb7-b122-8e860b76a301@group-8574D344C171: set configuration 0: [c11d39fa-10f3-4cb7-b122-8e860b76a301:192.168.151.121:36278], old=null at 0
2019-09-24 03:26:06,129 [c11d39fa-10f3-4cb7-b122-8e860b76a301@group-8574D344C171-SegmentedRaftLogWorker] INFO  segmented.SegmentedRaftLogWorker (SegmentedRaftLogWorker.java:execute(569)) - c11d39fa-10f3-4cb7-b122-8e860b76a301@group-8574D344C171-SegmentedRaftLogWorker: created new log segment /workdir/hadoop-ozone/integration-test/target/test-dir/MiniOzoneClusterImpl-e5f1ddf0-a5ce-4ae4-b63c-73802c2fbca4/datanode-3/data/ratis/ba494fbd-28c4-4641-a9f9-8574d344c171/current/log_inprogress_0
2019-09-24 03:26:06,301 [Thread-302] INFO  impl.FollowerState (FollowerState.java:run(106)) - 2859951c-203c-4f1b-9e85-7275a2992eab:group-DA27D53FF97F changes to CANDIDATE, lastRpcTime:5189, electionTimeout:5187ms
2019-09-24 03:26:06,302 [Thread-302] INFO  impl.RoleInfo (RoleInfo.java:shutdownFollowerState(121)) - 2859951c-203c-4f1b-9e85-7275a2992eab: shutdown FollowerState
2019-09-24 03:26:06,302 [Thread-302] INFO  impl.RaftServerImpl (RaftServerImpl.java:setRole(174)) - 2859951c-203c-4f1b-9e85-7275a2992eab@group-DA27D53FF97F: changes role from  FOLLOWER to CANDIDATE at term 0 for changeToCandidate
2019-09-24 03:26:06,302 [Thread-302] INFO  impl.RoleInfo (RoleInfo.java:updateAndGet(143)) - 2859951c-203c-4f1b-9e85-7275a2992eab: start LeaderElection
2019-09-24 03:26:06,321 [2859951c-203c-4f1b-9e85-7275a2992eab@group-DA27D53FF97F:LeaderElection3] INFO  impl.LeaderElection (LeaderElection.java:askForVotes(182)) - 2859951c-203c-4f1b-9e85-7275a2992eab@group-DA27D53FF97F:LeaderElection3: begin an election at term 1 for -1: [2859951c-203c-4f1b-9e85-7275a2992eab:192.168.151.121:40038], old=null
2019-09-24 03:26:06,321 [2859951c-203c-4f1b-9e85-7275a2992eab@group-DA27D53FF97F:LeaderElection3] INFO  impl.RoleInfo (RoleInfo.java:shutdownLeaderElection(134)) - 2859951c-203c-4f1b-9e85-7275a2992eab: shutdown LeaderElection
2019-09-24 03:26:06,321 [2859951c-203c-4f1b-9e85-7275a2992eab@group-DA27D53FF97F:LeaderElection3] INFO  impl.RaftServerImpl (RaftServerImpl.java:setRole(174)) - 2859951c-203c-4f1b-9e85-7275a2992eab@group-DA27D53FF97F: changes role from CANDIDATE to LEADER at term 1 for changeToLeader
2019-09-24 03:26:06,321 [2859951c-203c-4f1b-9e85-7275a2992eab@group-DA27D53FF97F:LeaderElection3] INFO  impl.RaftServerImpl (ServerState.java:setLeader(253)) - 2859951c-203c-4f1b-9e85-7275a2992eab@group-DA27D53FF97F: change Leader from null to 2859951c-203c-4f1b-9e85-7275a2992eab at term 1 for becomeLeader, leader elected after 5267ms
2019-09-24 03:26:06,321 [2859951c-203c-4f1b-9e85-7275a2992eab@group-DA27D53FF97F:LeaderElection3] INFO  server.RaftServerConfigKeys (ConfUtils.java:logGet(43)) - raft.server.staging.catchup.gap = 1000 (default)
2019-09-24 03:26:06,321 [2859951c-203c-4f1b-9e85-7275a2992eab@group-DA27D53FF97F:LeaderElection3] INFO  server.RaftServerConfigKeys (ConfUtils.java:logGet(43)) - raft.server.rpc.sleep.time = 25ms (default)
2019-09-24 03:26:06,322 [2859951c-203c-4f1b-9e85-7275a2992eab@group-DA27D53FF97F:LeaderElection3] INFO  server.RaftServerConfigKeys (ConfUtils.java:logGet(43)) - raft.server.write.element-limit = 4096 (default)
2019-09-24 03:26:06,322 [2859951c-203c-4f1b-9e85-7275a2992eab@group-DA27D53FF97F:LeaderElection3] INFO  server.RaftServerConfigKeys (ConfUtils.java:logGet(43)) - raft.server.watch.timeout = 10s (default)
2019-09-24 03:26:06,322 [2859951c-203c-4f1b-9e85-7275a2992eab@group-DA27D53FF97F:LeaderElection3] INFO  server.RaftServerConfigKeys (ConfUtils.java:logGet(43)) - raft.server.watch.timeout.denomination = 1s (default)
2019-09-24 03:26:06,322 [2859951c-203c-4f1b-9e85-7275a2992eab@group-DA27D53FF97F:LeaderElection3] INFO  server.RaftServerConfigKeys (ConfUtils.java:logGet(43)) - raft.server.watch.element-limit = 65536 (default)
2019-09-24 03:26:06,324 [2859951c-203c-4f1b-9e85-7275a2992eab@group-DA27D53FF97F:LeaderElection3] INFO  impl.RoleInfo (RoleInfo.java:updateAndGet(143)) - 2859951c-203c-4f1b-9e85-7275a2992eab: start LeaderState
2019-09-24 03:26:06,324 [2859951c-203c-4f1b-9e85-7275a2992eab@group-DA27D53FF97F:LeaderElection3] INFO  segmented.SegmentedRaftLogWorker (SegmentedRaftLogWorker.java:startLogSegment(380)) - 2859951c-203c-4f1b-9e85-7275a2992eab@group-DA27D53FF97F-SegmentedRaftLogWorker: Starting segment from index:0
2019-09-24 03:26:06,325 [2859951c-203c-4f1b-9e85-7275a2992eab@group-DA27D53FF97F:LeaderElection3] INFO  impl.RaftServerImpl (ServerState.java:setRaftConf(354)) - 2859951c-203c-4f1b-9e85-7275a2992eab@group-DA27D53FF97F: set configuration 0: [2859951c-203c-4f1b-9e85-7275a2992eab:192.168.151.121:40038], old=null at 0
2019-09-24 03:26:06,356 [Thread-305] INFO  impl.FollowerState (FollowerState.java:run(106)) - f1c22574-e151-47e2-8b9a-aa1bb6e0cd34:group-6ACF982B3F1A changes to CANDIDATE, lastRpcTime:5151, electionTimeout:5134ms
2019-09-24 03:26:06,357 [Thread-305] INFO  impl.RoleInfo (RoleInfo.java:shutdownFollowerState(121)) - f1c22574-e151-47e2-8b9a-aa1bb6e0cd34: shutdown FollowerState
2019-09-24 03:26:06,357 [Thread-305] INFO  impl.RaftServerImpl (RaftServerImpl.java:setRole(174)) - f1c22574-e151-47e2-8b9a-aa1bb6e0cd34@group-6ACF982B3F1A: changes role from  FOLLOWER to CANDIDATE at term 0 for changeToCandidate
2019-09-24 03:26:06,357 [Thread-305] INFO  impl.RoleInfo (RoleInfo.java:updateAndGet(143)) - f1c22574-e151-47e2-8b9a-aa1bb6e0cd34: start LeaderElection
2019-09-24 03:26:06,370 [2859951c-203c-4f1b-9e85-7275a2992eab@group-DA27D53FF97F-SegmentedRaftLogWorker] INFO  segmented.SegmentedRaftLogWorker (SegmentedRaftLogWorker.java:execute(569)) - 2859951c-203c-4f1b-9e85-7275a2992eab@group-DA27D53FF97F-SegmentedRaftLogWorker: created new log segment /workdir/hadoop-ozone/integration-test/target/test-dir/MiniOzoneClusterImpl-e5f1ddf0-a5ce-4ae4-b63c-73802c2fbca4/datanode-5/data/ratis/4de0b01f-3273-46b0-ac70-da27d53ff97f/current/log_inprogress_0
2019-09-24 03:26:06,370 [f1c22574-e151-47e2-8b9a-aa1bb6e0cd34@group-6ACF982B3F1A:LeaderElection4] INFO  impl.LeaderElection (LeaderElection.java:askForVotes(182)) - f1c22574-e151-47e2-8b9a-aa1bb6e0cd34@group-6ACF982B3F1A:LeaderElection4: begin an election at term 1 for -1: [f1c22574-e151-47e2-8b9a-aa1bb6e0cd34:192.168.151.121:42828], old=null
2019-09-24 03:26:06,370 [f1c22574-e151-47e2-8b9a-aa1bb6e0cd34@group-6ACF982B3F1A:LeaderElection4] INFO  impl.RoleInfo (RoleInfo.java:shutdownLeaderElection(134)) - f1c22574-e151-47e2-8b9a-aa1bb6e0cd34: shutdown LeaderElection
2019-09-24 03:26:06,370 [f1c22574-e151-47e2-8b9a-aa1bb6e0cd34@group-6ACF982B3F1A:LeaderElection4] INFO  impl.RaftServerImpl (RaftServerImpl.java:setRole(174)) - f1c22574-e151-47e2-8b9a-aa1bb6e0cd34@group-6ACF982B3F1A: changes role from CANDIDATE to LEADER at term 1 for changeToLeader
2019-09-24 03:26:06,370 [f1c22574-e151-47e2-8b9a-aa1bb6e0cd34@group-6ACF982B3F1A:LeaderElection4] INFO  impl.RaftServerImpl (ServerState.java:setLeader(253)) - f1c22574-e151-47e2-8b9a-aa1bb6e0cd34@group-6ACF982B3F1A: change Leader from null to f1c22574-e151-47e2-8b9a-aa1bb6e0cd34 at term 1 for becomeLeader, leader elected after 5180ms
2019-09-24 03:26:06,370 [f1c22574-e151-47e2-8b9a-aa1bb6e0cd34@group-6ACF982B3F1A:LeaderElection4] INFO  server.RaftServerConfigKeys (ConfUtils.java:logGet(43)) - raft.server.staging.catchup.gap = 1000 (default)
2019-09-24 03:26:06,371 [f1c22574-e151-47e2-8b9a-aa1bb6e0cd34@group-6ACF982B3F1A:LeaderElection4] INFO  server.RaftServerConfigKeys (ConfUtils.java:logGet(43)) - raft.server.rpc.sleep.time = 25ms (default)
2019-09-24 03:26:06,371 [f1c22574-e151-47e2-8b9a-aa1bb6e0cd34@group-6ACF982B3F1A:LeaderElection4] INFO  server.RaftServerConfigKeys (ConfUtils.java:logGet(43)) - raft.server.write.element-limit = 4096 (default)
2019-09-24 03:26:06,371 [f1c22574-e151-47e2-8b9a-aa1bb6e0cd34@group-6ACF982B3F1A:LeaderElection4] INFO  server.RaftServerConfigKeys (ConfUtils.java:logGet(43)) - raft.server.watch.timeout = 10s (default)
2019-09-24 03:26:06,371 [f1c22574-e151-47e2-8b9a-aa1bb6e0cd34@group-6ACF982B3F1A:LeaderElection4] INFO  server.RaftServerConfigKeys (ConfUtils.java:logGet(43)) - raft.server.watch.timeout.denomination = 1s (default)
2019-09-24 03:26:06,371 [f1c22574-e151-47e2-8b9a-aa1bb6e0cd34@group-6ACF982B3F1A:LeaderElection4] INFO  server.RaftServerConfigKeys (ConfUtils.java:logGet(43)) - raft.server.watch.element-limit = 65536 (default)
2019-09-24 03:26:06,374 [f1c22574-e151-47e2-8b9a-aa1bb6e0cd34@group-6ACF982B3F1A:LeaderElection4] INFO  impl.RoleInfo (RoleInfo.java:updateAndGet(143)) - f1c22574-e151-47e2-8b9a-aa1bb6e0cd34: start LeaderState
2019-09-24 03:26:06,374 [f1c22574-e151-47e2-8b9a-aa1bb6e0cd34@group-6ACF982B3F1A:LeaderElection4] INFO  segmented.SegmentedRaftLogWorker (SegmentedRaftLogWorker.java:startLogSegment(380)) - f1c22574-e151-47e2-8b9a-aa1bb6e0cd34@group-6ACF982B3F1A-SegmentedRaftLogWorker: Starting segment from index:0
2019-09-24 03:26:06,375 [f1c22574-e151-47e2-8b9a-aa1bb6e0cd34@group-6ACF982B3F1A:LeaderElection4] INFO  impl.RaftServerImpl (ServerState.java:setRaftConf(354)) - f1c22574-e151-47e2-8b9a-aa1bb6e0cd34@group-6ACF982B3F1A: set configuration 0: [f1c22574-e151-47e2-8b9a-aa1bb6e0cd34:192.168.151.121:42828], old=null at 0
2019-09-24 03:26:06,414 [f1c22574-e151-47e2-8b9a-aa1bb6e0cd34@group-6ACF982B3F1A-SegmentedRaftLogWorker] INFO  segmented.SegmentedRaftLogWorker (SegmentedRaftLogWorker.java:execute(569)) - f1c22574-e151-47e2-8b9a-aa1bb6e0cd34@group-6ACF982B3F1A-SegmentedRaftLogWorker: created new log segment /workdir/hadoop-ozone/integration-test/target/test-dir/MiniOzoneClusterImpl-e5f1ddf0-a5ce-4ae4-b63c-73802c2fbca4/datanode-8/data/ratis/37ee9daf-ad40-4ef4-8953-6acf982b3f1a/current/log_inprogress_0
2019-09-24 03:26:06,453 [Thread-308] INFO  impl.FollowerState (FollowerState.java:run(106)) - 8fc5c081-d984-4303-aba7-473da99cd7d4:group-744F0FDB9AB5 changes to CANDIDATE, lastRpcTime:5051, electionTimeout:5051ms
2019-09-24 03:26:06,453 [Thread-308] INFO  impl.RoleInfo (RoleInfo.java:shutdownFollowerState(121)) - 8fc5c081-d984-4303-aba7-473da99cd7d4: shutdown FollowerState
2019-09-24 03:26:06,453 [Thread-308] INFO  impl.RaftServerImpl (RaftServerImpl.java:setRole(174)) - 8fc5c081-d984-4303-aba7-473da99cd7d4@group-744F0FDB9AB5: changes role from  FOLLOWER to CANDIDATE at term 0 for changeToCandidate
2019-09-24 03:26:06,453 [Thread-308] INFO  impl.RoleInfo (RoleInfo.java:updateAndGet(143)) - 8fc5c081-d984-4303-aba7-473da99cd7d4: start LeaderElection
2019-09-24 03:26:06,475 [8fc5c081-d984-4303-aba7-473da99cd7d4@group-744F0FDB9AB5:LeaderElection5] INFO  impl.LeaderElection (LeaderElection.java:askForVotes(182)) - 8fc5c081-d984-4303-aba7-473da99cd7d4@group-744F0FDB9AB5:LeaderElection5: begin an election at term 1 for -1: [8fc5c081-d984-4303-aba7-473da99cd7d4:192.168.151.121:46313], old=null
2019-09-24 03:26:06,475 [8fc5c081-d984-4303-aba7-473da99cd7d4@group-744F0FDB9AB5:LeaderElection5] INFO  impl.RoleInfo (RoleInfo.java:shutdownLeaderElection(134)) - 8fc5c081-d984-4303-aba7-473da99cd7d4: shutdown LeaderElection
2019-09-24 03:26:06,475 [8fc5c081-d984-4303-aba7-473da99cd7d4@group-744F0FDB9AB5:LeaderElection5] INFO  impl.RaftServerImpl (RaftServerImpl.java:setRole(174)) - 8fc5c081-d984-4303-aba7-473da99cd7d4@group-744F0FDB9AB5: changes role from CANDIDATE to LEADER at term 1 for changeToLeader
2019-09-24 03:26:06,476 [8fc5c081-d984-4303-aba7-473da99cd7d4@group-744F0FDB9AB5:LeaderElection5] INFO  impl.RaftServerImpl (ServerState.java:setLeader(253)) - 8fc5c081-d984-4303-aba7-473da99cd7d4@group-744F0FDB9AB5: change Leader from null to 8fc5c081-d984-4303-aba7-473da99cd7d4 at term 1 for becomeLeader, leader elected after 5087ms
2019-09-24 03:26:06,476 [8fc5c081-d984-4303-aba7-473da99cd7d4@group-744F0FDB9AB5:LeaderElection5] INFO  server.RaftServerConfigKeys (ConfUtils.java:logGet(43)) - raft.server.staging.catchup.gap = 1000 (default)
2019-09-24 03:26:06,476 [8fc5c081-d984-4303-aba7-473da99cd7d4@group-744F0FDB9AB5:LeaderElection5] INFO  server.RaftServerConfigKeys (ConfUtils.java:logGet(43)) - raft.server.rpc.sleep.time = 25ms (default)
2019-09-24 03:26:06,476 [8fc5c081-d984-4303-aba7-473da99cd7d4@group-744F0FDB9AB5:LeaderElection5] INFO  server.RaftServerConfigKeys (ConfUtils.java:logGet(43)) - raft.server.write.element-limit = 4096 (default)
2019-09-24 03:26:06,476 [8fc5c081-d984-4303-aba7-473da99cd7d4@group-744F0FDB9AB5:LeaderElection5] INFO  server.RaftServerConfigKeys (ConfUtils.java:logGet(43)) - raft.server.watch.timeout = 10s (default)
2019-09-24 03:26:06,476 [8fc5c081-d984-4303-aba7-473da99cd7d4@group-744F0FDB9AB5:LeaderElection5] INFO  server.RaftServerConfigKeys (ConfUtils.java:logGet(43)) - raft.server.watch.timeout.denomination = 1s (default)
2019-09-24 03:26:06,476 [8fc5c081-d984-4303-aba7-473da99cd7d4@group-744F0FDB9AB5:LeaderElection5] INFO  server.RaftServerConfigKeys (ConfUtils.java:logGet(43)) - raft.server.watch.element-limit = 65536 (default)
2019-09-24 03:26:06,479 [8fc5c081-d984-4303-aba7-473da99cd7d4@group-744F0FDB9AB5:LeaderElection5] INFO  impl.RoleInfo (RoleInfo.java:updateAndGet(143)) - 8fc5c081-d984-4303-aba7-473da99cd7d4: start LeaderState
2019-09-24 03:26:06,479 [8fc5c081-d984-4303-aba7-473da99cd7d4@group-744F0FDB9AB5:LeaderElection5] INFO  segmented.SegmentedRaftLogWorker (SegmentedRaftLogWorker.java:startLogSegment(380)) - 8fc5c081-d984-4303-aba7-473da99cd7d4@group-744F0FDB9AB5-SegmentedRaftLogWorker: Starting segment from index:0
2019-09-24 03:26:06,479 [8fc5c081-d984-4303-aba7-473da99cd7d4@group-744F0FDB9AB5:LeaderElection5] INFO  impl.RaftServerImpl (ServerState.java:setRaftConf(354)) - 8fc5c081-d984-4303-aba7-473da99cd7d4@group-744F0FDB9AB5: set configuration 0: [8fc5c081-d984-4303-aba7-473da99cd7d4:192.168.151.121:46313], old=null at 0
2019-09-24 03:26:06,520 [8fc5c081-d984-4303-aba7-473da99cd7d4@group-744F0FDB9AB5-SegmentedRaftLogWorker] INFO  segmented.SegmentedRaftLogWorker (SegmentedRaftLogWorker.java:execute(569)) - 8fc5c081-d984-4303-aba7-473da99cd7d4@group-744F0FDB9AB5-SegmentedRaftLogWorker: created new log segment /workdir/hadoop-ozone/integration-test/target/test-dir/MiniOzoneClusterImpl-e5f1ddf0-a5ce-4ae4-b63c-73802c2fbca4/datanode-1/data/ratis/16db4624-31e8-4d3d-903b-744f0fdb9ab5/current/log_inprogress_0
2019-09-24 03:26:06,548 [main] INFO  ipc.Client (Client.java:handleConnectionFailure(948)) - Retrying connect to server: localhost/127.0.0.1:0. Already tried 4 time(s); retry policy is RetryUpToMaximumCountWithFixedSleep(maxRetries=10, sleepTime=1000 MILLISECONDS)
2019-09-24 03:26:06,750 [Thread-312] INFO  impl.FollowerState (FollowerState.java:run(106)) - 13d11d3e-9895-4970-8096-73396f0d647b:group-B0E93F802A48 changes to CANDIDATE, lastRpcTime:5191, electionTimeout:5191ms
2019-09-24 03:26:06,751 [Thread-312] INFO  impl.RoleInfo (RoleInfo.java:shutdownFollowerState(121)) - 13d11d3e-9895-4970-8096-73396f0d647b: shutdown FollowerState
2019-09-24 03:26:06,751 [Thread-312] INFO  impl.RaftServerImpl (RaftServerImpl.java:setRole(174)) - 13d11d3e-9895-4970-8096-73396f0d647b@group-B0E93F802A48: changes role from  FOLLOWER to CANDIDATE at term 0 for changeToCandidate
2019-09-24 03:26:06,751 [Thread-312] INFO  impl.RoleInfo (RoleInfo.java:updateAndGet(143)) - 13d11d3e-9895-4970-8096-73396f0d647b: start LeaderElection
2019-09-24 03:26:06,772 [13d11d3e-9895-4970-8096-73396f0d647b@group-B0E93F802A48:LeaderElection6] INFO  impl.LeaderElection (LeaderElection.java:askForVotes(182)) - 13d11d3e-9895-4970-8096-73396f0d647b@group-B0E93F802A48:LeaderElection6: begin an election at term 1 for -1: [13d11d3e-9895-4970-8096-73396f0d647b:192.168.151.121:45071], old=null
2019-09-24 03:26:06,772 [13d11d3e-9895-4970-8096-73396f0d647b@group-B0E93F802A48:LeaderElection6] INFO  impl.RoleInfo (RoleInfo.java:shutdownLeaderElection(134)) - 13d11d3e-9895-4970-8096-73396f0d647b: shutdown LeaderElection
2019-09-24 03:26:06,772 [13d11d3e-9895-4970-8096-73396f0d647b@group-B0E93F802A48:LeaderElection6] INFO  impl.RaftServerImpl (RaftServerImpl.java:setRole(174)) - 13d11d3e-9895-4970-8096-73396f0d647b@group-B0E93F802A48: changes role from CANDIDATE to LEADER at term 1 for changeToLeader
2019-09-24 03:26:06,772 [13d11d3e-9895-4970-8096-73396f0d647b@group-B0E93F802A48:LeaderElection6] INFO  impl.RaftServerImpl (ServerState.java:setLeader(253)) - 13d11d3e-9895-4970-8096-73396f0d647b@group-B0E93F802A48: change Leader from null to 13d11d3e-9895-4970-8096-73396f0d647b at term 1 for becomeLeader, leader elected after 5223ms
2019-09-24 03:26:06,772 [13d11d3e-9895-4970-8096-73396f0d647b@group-B0E93F802A48:LeaderElection6] INFO  server.RaftServerConfigKeys (ConfUtils.java:logGet(43)) - raft.server.staging.catchup.gap = 1000 (default)
2019-09-24 03:26:06,773 [13d11d3e-9895-4970-8096-73396f0d647b@group-B0E93F802A48:LeaderElection6] INFO  server.RaftServerConfigKeys (ConfUtils.java:logGet(43)) - raft.server.rpc.sleep.time = 25ms (default)
2019-09-24 03:26:06,773 [13d11d3e-9895-4970-8096-73396f0d647b@group-B0E93F802A48:LeaderElection6] INFO  server.RaftServerConfigKeys (ConfUtils.java:logGet(43)) - raft.server.write.element-limit = 4096 (default)
2019-09-24 03:26:06,773 [13d11d3e-9895-4970-8096-73396f0d647b@group-B0E93F802A48:LeaderElection6] INFO  server.RaftServerConfigKeys (ConfUtils.java:logGet(43)) - raft.server.watch.timeout = 10s (default)
2019-09-24 03:26:06,773 [13d11d3e-9895-4970-8096-73396f0d647b@group-B0E93F802A48:LeaderElection6] INFO  server.RaftServerConfigKeys (ConfUtils.java:logGet(43)) - raft.server.watch.timeout.denomination = 1s (default)
2019-09-24 03:26:06,773 [13d11d3e-9895-4970-8096-73396f0d647b@group-B0E93F802A48:LeaderElection6] INFO  server.RaftServerConfigKeys (ConfUtils.java:logGet(43)) - raft.server.watch.element-limit = 65536 (default)
2019-09-24 03:26:06,779 [13d11d3e-9895-4970-8096-73396f0d647b@group-B0E93F802A48:LeaderElection6] INFO  impl.RoleInfo (RoleInfo.java:updateAndGet(143)) - 13d11d3e-9895-4970-8096-73396f0d647b: start LeaderState
2019-09-24 03:26:06,779 [13d11d3e-9895-4970-8096-73396f0d647b@group-B0E93F802A48:LeaderElection6] INFO  segmented.SegmentedRaftLogWorker (SegmentedRaftLogWorker.java:startLogSegment(380)) - 13d11d3e-9895-4970-8096-73396f0d647b@group-B0E93F802A48-SegmentedRaftLogWorker: Starting segment from index:0
2019-09-24 03:26:06,780 [13d11d3e-9895-4970-8096-73396f0d647b@group-B0E93F802A48:LeaderElection6] INFO  impl.RaftServerImpl (ServerState.java:setRaftConf(354)) - 13d11d3e-9895-4970-8096-73396f0d647b@group-B0E93F802A48: set configuration 0: [13d11d3e-9895-4970-8096-73396f0d647b:192.168.151.121:45071], old=null at 0
2019-09-24 03:26:06,815 [13d11d3e-9895-4970-8096-73396f0d647b@group-B0E93F802A48-SegmentedRaftLogWorker] INFO  segmented.SegmentedRaftLogWorker (SegmentedRaftLogWorker.java:execute(569)) - 13d11d3e-9895-4970-8096-73396f0d647b@group-B0E93F802A48-SegmentedRaftLogWorker: created new log segment /workdir/hadoop-ozone/integration-test/target/test-dir/MiniOzoneClusterImpl-e5f1ddf0-a5ce-4ae4-b63c-73802c2fbca4/datanode-6/data/ratis/4621163b-ff14-4650-80ef-b0e93f802a48/current/log_inprogress_0
2019-09-24 03:26:06,961 [Thread-315] INFO  impl.FollowerState (FollowerState.java:run(106)) - de0815a2-edb6-4014-be80-193eceea242b:group-A9E4F51E90A5 changes to CANDIDATE, lastRpcTime:5141, electionTimeout:5141ms
2019-09-24 03:26:06,962 [Thread-315] INFO  impl.RoleInfo (RoleInfo.java:shutdownFollowerState(121)) - de0815a2-edb6-4014-be80-193eceea242b: shutdown FollowerState
2019-09-24 03:26:06,962 [Thread-315] INFO  impl.RaftServerImpl (RaftServerImpl.java:setRole(174)) - de0815a2-edb6-4014-be80-193eceea242b@group-A9E4F51E90A5: changes role from  FOLLOWER to CANDIDATE at term 0 for changeToCandidate
2019-09-24 03:26:06,962 [Thread-315] INFO  impl.RoleInfo (RoleInfo.java:updateAndGet(143)) - de0815a2-edb6-4014-be80-193eceea242b: start LeaderElection
2019-09-24 03:26:06,973 [Thread-318] INFO  impl.FollowerState (FollowerState.java:run(106)) - 623c22b8-4c13-4281-9098-2ebcaa8ebf75:group-56EAEA0F797B changes to CANDIDATE, lastRpcTime:5088, electionTimeout:5082ms
2019-09-24 03:26:06,974 [Thread-318] INFO  impl.RoleInfo (RoleInfo.java:shutdownFollowerState(121)) - 623c22b8-4c13-4281-9098-2ebcaa8ebf75: shutdown FollowerState
2019-09-24 03:26:06,974 [Thread-318] INFO  impl.RaftServerImpl (RaftServerImpl.java:setRole(174)) - 623c22b8-4c13-4281-9098-2ebcaa8ebf75@group-56EAEA0F797B: changes role from  FOLLOWER to CANDIDATE at term 0 for changeToCandidate
2019-09-24 03:26:06,974 [Thread-318] INFO  impl.RoleInfo (RoleInfo.java:updateAndGet(143)) - 623c22b8-4c13-4281-9098-2ebcaa8ebf75: start LeaderElection
2019-09-24 03:26:06,987 [623c22b8-4c13-4281-9098-2ebcaa8ebf75@group-56EAEA0F797B:LeaderElection8] INFO  impl.LeaderElection (LeaderElection.java:askForVotes(182)) - 623c22b8-4c13-4281-9098-2ebcaa8ebf75@group-56EAEA0F797B:LeaderElection8: begin an election at term 1 for -1: [623c22b8-4c13-4281-9098-2ebcaa8ebf75:192.168.151.121:39127], old=null
2019-09-24 03:26:06,987 [de0815a2-edb6-4014-be80-193eceea242b@group-A9E4F51E90A5:LeaderElection7] INFO  impl.LeaderElection (LeaderElection.java:askForVotes(182)) - de0815a2-edb6-4014-be80-193eceea242b@group-A9E4F51E90A5:LeaderElection7: begin an election at term 1 for -1: [de0815a2-edb6-4014-be80-193eceea242b:192.168.151.121:43060], old=null
2019-09-24 03:26:06,987 [623c22b8-4c13-4281-9098-2ebcaa8ebf75@group-56EAEA0F797B:LeaderElection8] INFO  impl.RoleInfo (RoleInfo.java:shutdownLeaderElection(134)) - 623c22b8-4c13-4281-9098-2ebcaa8ebf75: shutdown LeaderElection
2019-09-24 03:26:06,987 [de0815a2-edb6-4014-be80-193eceea242b@group-A9E4F51E90A5:LeaderElection7] INFO  impl.RoleInfo (RoleInfo.java:shutdownLeaderElection(134)) - de0815a2-edb6-4014-be80-193eceea242b: shutdown LeaderElection
2019-09-24 03:26:06,987 [623c22b8-4c13-4281-9098-2ebcaa8ebf75@group-56EAEA0F797B:LeaderElection8] INFO  impl.RaftServerImpl (RaftServerImpl.java:setRole(174)) - 623c22b8-4c13-4281-9098-2ebcaa8ebf75@group-56EAEA0F797B: changes role from CANDIDATE to LEADER at term 1 for changeToLeader
2019-09-24 03:26:06,987 [de0815a2-edb6-4014-be80-193eceea242b@group-A9E4F51E90A5:LeaderElection7] INFO  impl.RaftServerImpl (RaftServerImpl.java:setRole(174)) - de0815a2-edb6-4014-be80-193eceea242b@group-A9E4F51E90A5: changes role from CANDIDATE to LEADER at term 1 for changeToLeader
2019-09-24 03:26:06,987 [623c22b8-4c13-4281-9098-2ebcaa8ebf75@group-56EAEA0F797B:LeaderElection8] INFO  impl.RaftServerImpl (ServerState.java:setLeader(253)) - 623c22b8-4c13-4281-9098-2ebcaa8ebf75@group-56EAEA0F797B: change Leader from null to 623c22b8-4c13-4281-9098-2ebcaa8ebf75 at term 1 for becomeLeader, leader elected after 5108ms
2019-09-24 03:26:06,987 [de0815a2-edb6-4014-be80-193eceea242b@group-A9E4F51E90A5:LeaderElection7] INFO  impl.RaftServerImpl (ServerState.java:setLeader(253)) - de0815a2-edb6-4014-be80-193eceea242b@group-A9E4F51E90A5: change Leader from null to de0815a2-edb6-4014-be80-193eceea242b at term 1 for becomeLeader, leader elected after 5173ms
2019-09-24 03:26:06,987 [623c22b8-4c13-4281-9098-2ebcaa8ebf75@group-56EAEA0F797B:LeaderElection8] INFO  server.RaftServerConfigKeys (ConfUtils.java:logGet(43)) - raft.server.staging.catchup.gap = 1000 (default)
2019-09-24 03:26:06,988 [de0815a2-edb6-4014-be80-193eceea242b@group-A9E4F51E90A5:LeaderElection7] INFO  server.RaftServerConfigKeys (ConfUtils.java:logGet(43)) - raft.server.staging.catchup.gap = 1000 (default)
2019-09-24 03:26:06,988 [623c22b8-4c13-4281-9098-2ebcaa8ebf75@group-56EAEA0F797B:LeaderElection8] INFO  server.RaftServerConfigKeys (ConfUtils.java:logGet(43)) - raft.server.rpc.sleep.time = 25ms (default)
2019-09-24 03:26:06,988 [de0815a2-edb6-4014-be80-193eceea242b@group-A9E4F51E90A5:LeaderElection7] INFO  server.RaftServerConfigKeys (ConfUtils.java:logGet(43)) - raft.server.rpc.sleep.time = 25ms (default)
2019-09-24 03:26:06,988 [623c22b8-4c13-4281-9098-2ebcaa8ebf75@group-56EAEA0F797B:LeaderElection8] INFO  server.RaftServerConfigKeys (ConfUtils.java:logGet(43)) - raft.server.write.element-limit = 4096 (default)
2019-09-24 03:26:06,988 [de0815a2-edb6-4014-be80-193eceea242b@group-A9E4F51E90A5:LeaderElection7] INFO  server.RaftServerConfigKeys (ConfUtils.java:logGet(43)) - raft.server.write.element-limit = 4096 (default)
2019-09-24 03:26:06,988 [623c22b8-4c13-4281-9098-2ebcaa8ebf75@group-56EAEA0F797B:LeaderElection8] INFO  server.RaftServerConfigKeys (ConfUtils.java:logGet(43)) - raft.server.watch.timeout = 10s (default)
2019-09-24 03:26:06,988 [de0815a2-edb6-4014-be80-193eceea242b@group-A9E4F51E90A5:LeaderElection7] INFO  server.RaftServerConfigKeys (ConfUtils.java:logGet(43)) - raft.server.watch.timeout = 10s (default)
2019-09-24 03:26:06,988 [623c22b8-4c13-4281-9098-2ebcaa8ebf75@group-56EAEA0F797B:LeaderElection8] INFO  server.RaftServerConfigKeys (ConfUtils.java:logGet(43)) - raft.server.watch.timeout.denomination = 1s (default)
2019-09-24 03:26:06,988 [de0815a2-edb6-4014-be80-193eceea242b@group-A9E4F51E90A5:LeaderElection7] INFO  server.RaftServerConfigKeys (ConfUtils.java:logGet(43)) - raft.server.watch.timeout.denomination = 1s (default)
2019-09-24 03:26:06,988 [623c22b8-4c13-4281-9098-2ebcaa8ebf75@group-56EAEA0F797B:LeaderElection8] INFO  server.RaftServerConfigKeys (ConfUtils.java:logGet(43)) - raft.server.watch.element-limit = 65536 (default)
2019-09-24 03:26:06,989 [de0815a2-edb6-4014-be80-193eceea242b@group-A9E4F51E90A5:LeaderElection7] INFO  server.RaftServerConfigKeys (ConfUtils.java:logGet(43)) - raft.server.watch.element-limit = 65536 (default)
2019-09-24 03:26:06,993 [623c22b8-4c13-4281-9098-2ebcaa8ebf75@group-56EAEA0F797B:LeaderElection8] INFO  impl.RoleInfo (RoleInfo.java:updateAndGet(143)) - 623c22b8-4c13-4281-9098-2ebcaa8ebf75: start LeaderState
2019-09-24 03:26:06,993 [de0815a2-edb6-4014-be80-193eceea242b@group-A9E4F51E90A5:LeaderElection7] INFO  impl.RoleInfo (RoleInfo.java:updateAndGet(143)) - de0815a2-edb6-4014-be80-193eceea242b: start LeaderState
2019-09-24 03:26:06,993 [623c22b8-4c13-4281-9098-2ebcaa8ebf75@group-56EAEA0F797B:LeaderElection8] INFO  segmented.SegmentedRaftLogWorker (SegmentedRaftLogWorker.java:startLogSegment(380)) - 623c22b8-4c13-4281-9098-2ebcaa8ebf75@group-56EAEA0F797B-SegmentedRaftLogWorker: Starting segment from index:0
2019-09-24 03:26:06,993 [de0815a2-edb6-4014-be80-193eceea242b@group-A9E4F51E90A5:LeaderElection7] INFO  segmented.SegmentedRaftLogWorker (SegmentedRaftLogWorker.java:startLogSegment(380)) - de0815a2-edb6-4014-be80-193eceea242b@group-A9E4F51E90A5-SegmentedRaftLogWorker: Starting segment from index:0
2019-09-24 03:26:06,994 [623c22b8-4c13-4281-9098-2ebcaa8ebf75@group-56EAEA0F797B:LeaderElection8] INFO  impl.RaftServerImpl (ServerState.java:setRaftConf(354)) - 623c22b8-4c13-4281-9098-2ebcaa8ebf75@group-56EAEA0F797B: set configuration 0: [623c22b8-4c13-4281-9098-2ebcaa8ebf75:192.168.151.121:39127], old=null at 0
2019-09-24 03:26:06,994 [de0815a2-edb6-4014-be80-193eceea242b@group-A9E4F51E90A5:LeaderElection7] INFO  impl.RaftServerImpl (ServerState.java:setRaftConf(354)) - de0815a2-edb6-4014-be80-193eceea242b@group-A9E4F51E90A5: set configuration 0: [de0815a2-edb6-4014-be80-193eceea242b:192.168.151.121:43060], old=null at 0
2019-09-24 03:26:07,036 [de0815a2-edb6-4014-be80-193eceea242b@group-A9E4F51E90A5-SegmentedRaftLogWorker] INFO  segmented.SegmentedRaftLogWorker (SegmentedRaftLogWorker.java:execute(569)) - de0815a2-edb6-4014-be80-193eceea242b@group-A9E4F51E90A5-SegmentedRaftLogWorker: created new log segment /workdir/hadoop-ozone/integration-test/target/test-dir/MiniOzoneClusterImpl-e5f1ddf0-a5ce-4ae4-b63c-73802c2fbca4/datanode-4/data/ratis/be565a57-3506-4138-acef-a9e4f51e90a5/current/log_inprogress_0
2019-09-24 03:26:07,036 [623c22b8-4c13-4281-9098-2ebcaa8ebf75@group-56EAEA0F797B-SegmentedRaftLogWorker] INFO  segmented.SegmentedRaftLogWorker (SegmentedRaftLogWorker.java:execute(569)) - 623c22b8-4c13-4281-9098-2ebcaa8ebf75@group-56EAEA0F797B-SegmentedRaftLogWorker: created new log segment /workdir/hadoop-ozone/integration-test/target/test-dir/MiniOzoneClusterImpl-e5f1ddf0-a5ce-4ae4-b63c-73802c2fbca4/datanode-2/data/ratis/c1797060-e539-4e82-9052-56eaea0f797b/current/log_inprogress_0
2019-09-24 03:26:07,096 [Thread-321] INFO  impl.FollowerState (FollowerState.java:run(106)) - 1a9a7120-0e30-4c9b-b35f-12e1338ec0ba:group-78639D6D3438 changes to CANDIDATE, lastRpcTime:5139, electionTimeout:5139ms
2019-09-24 03:26:07,096 [Thread-321] INFO  impl.RoleInfo (RoleInfo.java:shutdownFollowerState(121)) - 1a9a7120-0e30-4c9b-b35f-12e1338ec0ba: shutdown FollowerState
2019-09-24 03:26:07,096 [Thread-321] INFO  impl.RaftServerImpl (RaftServerImpl.java:setRole(174)) - 1a9a7120-0e30-4c9b-b35f-12e1338ec0ba@group-78639D6D3438: changes role from  FOLLOWER to CANDIDATE at term 0 for changeToCandidate
2019-09-24 03:26:07,096 [Thread-321] INFO  impl.RoleInfo (RoleInfo.java:updateAndGet(143)) - 1a9a7120-0e30-4c9b-b35f-12e1338ec0ba: start LeaderElection
2019-09-24 03:26:07,115 [1a9a7120-0e30-4c9b-b35f-12e1338ec0ba@group-78639D6D3438:LeaderElection9] INFO  impl.LeaderElection (LeaderElection.java:askForVotes(182)) - 1a9a7120-0e30-4c9b-b35f-12e1338ec0ba@group-78639D6D3438:LeaderElection9: begin an election at term 1 for -1: [1a9a7120-0e30-4c9b-b35f-12e1338ec0ba:192.168.151.121:42905], old=null
2019-09-24 03:26:07,115 [1a9a7120-0e30-4c9b-b35f-12e1338ec0ba@group-78639D6D3438:LeaderElection9] INFO  impl.RoleInfo (RoleInfo.java:shutdownLeaderElection(134)) - 1a9a7120-0e30-4c9b-b35f-12e1338ec0ba: shutdown LeaderElection
2019-09-24 03:26:07,115 [1a9a7120-0e30-4c9b-b35f-12e1338ec0ba@group-78639D6D3438:LeaderElection9] INFO  impl.RaftServerImpl (RaftServerImpl.java:setRole(174)) - 1a9a7120-0e30-4c9b-b35f-12e1338ec0ba@group-78639D6D3438: changes role from CANDIDATE to LEADER at term 1 for changeToLeader
2019-09-24 03:26:07,115 [1a9a7120-0e30-4c9b-b35f-12e1338ec0ba@group-78639D6D3438:LeaderElection9] INFO  impl.RaftServerImpl (ServerState.java:setLeader(253)) - 1a9a7120-0e30-4c9b-b35f-12e1338ec0ba@group-78639D6D3438: change Leader from null to 1a9a7120-0e30-4c9b-b35f-12e1338ec0ba at term 1 for becomeLeader, leader elected after 5167ms
2019-09-24 03:26:07,115 [1a9a7120-0e30-4c9b-b35f-12e1338ec0ba@group-78639D6D3438:LeaderElection9] INFO  server.RaftServerConfigKeys (ConfUtils.java:logGet(43)) - raft.server.staging.catchup.gap = 1000 (default)
2019-09-24 03:26:07,115 [1a9a7120-0e30-4c9b-b35f-12e1338ec0ba@group-78639D6D3438:LeaderElection9] INFO  server.RaftServerConfigKeys (ConfUtils.java:logGet(43)) - raft.server.rpc.sleep.time = 25ms (default)
2019-09-24 03:26:07,116 [1a9a7120-0e30-4c9b-b35f-12e1338ec0ba@group-78639D6D3438:LeaderElection9] INFO  server.RaftServerConfigKeys (ConfUtils.java:logGet(43)) - raft.server.write.element-limit = 4096 (default)
2019-09-24 03:26:07,116 [1a9a7120-0e30-4c9b-b35f-12e1338ec0ba@group-78639D6D3438:LeaderElection9] INFO  server.RaftServerConfigKeys (ConfUtils.java:logGet(43)) - raft.server.watch.timeout = 10s (default)
2019-09-24 03:26:07,116 [1a9a7120-0e30-4c9b-b35f-12e1338ec0ba@group-78639D6D3438:LeaderElection9] INFO  server.RaftServerConfigKeys (ConfUtils.java:logGet(43)) - raft.server.watch.timeout.denomination = 1s (default)
2019-09-24 03:26:07,116 [1a9a7120-0e30-4c9b-b35f-12e1338ec0ba@group-78639D6D3438:LeaderElection9] INFO  server.RaftServerConfigKeys (ConfUtils.java:logGet(43)) - raft.server.watch.element-limit = 65536 (default)
2019-09-24 03:26:07,119 [1a9a7120-0e30-4c9b-b35f-12e1338ec0ba@group-78639D6D3438:LeaderElection9] INFO  impl.RoleInfo (RoleInfo.java:updateAndGet(143)) - 1a9a7120-0e30-4c9b-b35f-12e1338ec0ba: start LeaderState
2019-09-24 03:26:07,119 [1a9a7120-0e30-4c9b-b35f-12e1338ec0ba@group-78639D6D3438:LeaderElection9] INFO  segmented.SegmentedRaftLogWorker (SegmentedRaftLogWorker.java:startLogSegment(380)) - 1a9a7120-0e30-4c9b-b35f-12e1338ec0ba@group-78639D6D3438-SegmentedRaftLogWorker: Starting segment from index:0
2019-09-24 03:26:07,119 [1a9a7120-0e30-4c9b-b35f-12e1338ec0ba@group-78639D6D3438:LeaderElection9] INFO  impl.RaftServerImpl (ServerState.java:setRaftConf(354)) - 1a9a7120-0e30-4c9b-b35f-12e1338ec0ba@group-78639D6D3438: set configuration 0: [1a9a7120-0e30-4c9b-b35f-12e1338ec0ba:192.168.151.121:42905], old=null at 0
2019-09-24 03:26:07,160 [1a9a7120-0e30-4c9b-b35f-12e1338ec0ba@group-78639D6D3438-SegmentedRaftLogWorker] INFO  segmented.SegmentedRaftLogWorker (SegmentedRaftLogWorker.java:execute(569)) - 1a9a7120-0e30-4c9b-b35f-12e1338ec0ba@group-78639D6D3438-SegmentedRaftLogWorker: created new log segment /workdir/hadoop-ozone/integration-test/target/test-dir/MiniOzoneClusterImpl-e5f1ddf0-a5ce-4ae4-b63c-73802c2fbca4/datanode-7/data/ratis/d2cd7750-a158-4406-ad15-78639d6d3438/current/log_inprogress_0
2019-09-24 03:26:07,229 [Thread-324] INFO  impl.FollowerState (FollowerState.java:run(106)) - 1506b01c-c1cf-40ef-9100-2188b5688376:group-09806A44D9D6 changes to CANDIDATE, lastRpcTime:5142, electionTimeout:5142ms
2019-09-24 03:26:07,229 [Thread-324] INFO  impl.RoleInfo (RoleInfo.java:shutdownFollowerState(121)) - 1506b01c-c1cf-40ef-9100-2188b5688376: shutdown FollowerState
2019-09-24 03:26:07,229 [Thread-324] INFO  impl.RaftServerImpl (RaftServerImpl.java:setRole(174)) - 1506b01c-c1cf-40ef-9100-2188b5688376@group-09806A44D9D6: changes role from  FOLLOWER to CANDIDATE at term 0 for changeToCandidate
2019-09-24 03:26:07,230 [Thread-324] INFO  impl.RoleInfo (RoleInfo.java:updateAndGet(143)) - 1506b01c-c1cf-40ef-9100-2188b5688376: start LeaderElection
2019-09-24 03:26:07,243 [1506b01c-c1cf-40ef-9100-2188b5688376@group-09806A44D9D6:LeaderElection10] INFO  impl.LeaderElection (LeaderElection.java:askForVotes(182)) - 1506b01c-c1cf-40ef-9100-2188b5688376@group-09806A44D9D6:LeaderElection10: begin an election at term 1 for -1: [1506b01c-c1cf-40ef-9100-2188b5688376:192.168.151.121:36551], old=null
2019-09-24 03:26:07,244 [1506b01c-c1cf-40ef-9100-2188b5688376@group-09806A44D9D6:LeaderElection10] INFO  impl.RoleInfo (RoleInfo.java:shutdownLeaderElection(134)) - 1506b01c-c1cf-40ef-9100-2188b5688376: shutdown LeaderElection
2019-09-24 03:26:07,244 [1506b01c-c1cf-40ef-9100-2188b5688376@group-09806A44D9D6:LeaderElection10] INFO  impl.RaftServerImpl (RaftServerImpl.java:setRole(174)) - 1506b01c-c1cf-40ef-9100-2188b5688376@group-09806A44D9D6: changes role from CANDIDATE to LEADER at term 1 for changeToLeader
2019-09-24 03:26:07,244 [1506b01c-c1cf-40ef-9100-2188b5688376@group-09806A44D9D6:LeaderElection10] INFO  impl.RaftServerImpl (ServerState.java:setLeader(253)) - 1506b01c-c1cf-40ef-9100-2188b5688376@group-09806A44D9D6: change Leader from null to 1506b01c-c1cf-40ef-9100-2188b5688376 at term 1 for becomeLeader, leader elected after 5189ms
2019-09-24 03:26:07,244 [1506b01c-c1cf-40ef-9100-2188b5688376@group-09806A44D9D6:LeaderElection10] INFO  server.RaftServerConfigKeys (ConfUtils.java:logGet(43)) - raft.server.staging.catchup.gap = 1000 (default)
2019-09-24 03:26:07,244 [1506b01c-c1cf-40ef-9100-2188b5688376@group-09806A44D9D6:LeaderElection10] INFO  server.RaftServerConfigKeys (ConfUtils.java:logGet(43)) - raft.server.rpc.sleep.time = 25ms (default)
2019-09-24 03:26:07,244 [1506b01c-c1cf-40ef-9100-2188b5688376@group-09806A44D9D6:LeaderElection10] INFO  server.RaftServerConfigKeys (ConfUtils.java:logGet(43)) - raft.server.write.element-limit = 4096 (default)
2019-09-24 03:26:07,244 [1506b01c-c1cf-40ef-9100-2188b5688376@group-09806A44D9D6:LeaderElection10] INFO  server.RaftServerConfigKeys (ConfUtils.java:logGet(43)) - raft.server.watch.timeout = 10s (default)
2019-09-24 03:26:07,244 [1506b01c-c1cf-40ef-9100-2188b5688376@group-09806A44D9D6:LeaderElection10] INFO  server.RaftServerConfigKeys (ConfUtils.java:logGet(43)) - raft.server.watch.timeout.denomination = 1s (default)
2019-09-24 03:26:07,245 [1506b01c-c1cf-40ef-9100-2188b5688376@group-09806A44D9D6:LeaderElection10] INFO  server.RaftServerConfigKeys (ConfUtils.java:logGet(43)) - raft.server.watch.element-limit = 65536 (default)
2019-09-24 03:26:07,247 [1506b01c-c1cf-40ef-9100-2188b5688376@group-09806A44D9D6:LeaderElection10] INFO  impl.RoleInfo (RoleInfo.java:updateAndGet(143)) - 1506b01c-c1cf-40ef-9100-2188b5688376: start LeaderState
2019-09-24 03:26:07,247 [1506b01c-c1cf-40ef-9100-2188b5688376@group-09806A44D9D6:LeaderElection10] INFO  segmented.SegmentedRaftLogWorker (SegmentedRaftLogWorker.java:startLogSegment(380)) - 1506b01c-c1cf-40ef-9100-2188b5688376@group-09806A44D9D6-SegmentedRaftLogWorker: Starting segment from index:0
2019-09-24 03:26:07,248 [1506b01c-c1cf-40ef-9100-2188b5688376@group-09806A44D9D6:LeaderElection10] INFO  impl.RaftServerImpl (ServerState.java:setRaftConf(354)) - 1506b01c-c1cf-40ef-9100-2188b5688376@group-09806A44D9D6: set configuration 0: [1506b01c-c1cf-40ef-9100-2188b5688376:192.168.151.121:36551], old=null at 0
2019-09-24 03:26:07,286 [1506b01c-c1cf-40ef-9100-2188b5688376@group-09806A44D9D6-SegmentedRaftLogWorker] INFO  segmented.SegmentedRaftLogWorker (SegmentedRaftLogWorker.java:execute(569)) - 1506b01c-c1cf-40ef-9100-2188b5688376@group-09806A44D9D6-SegmentedRaftLogWorker: created new log segment /workdir/hadoop-ozone/integration-test/target/test-dir/MiniOzoneClusterImpl-e5f1ddf0-a5ce-4ae4-b63c-73802c2fbca4/datanode-9/data/ratis/6bfedbae-110b-4ae3-86f0-09806a44d9d6/current/log_inprogress_0
2019-09-24 03:26:07,549 [main] INFO  ipc.Client (Client.java:handleConnectionFailure(948)) - Retrying connect to server: localhost/127.0.0.1:0. Already tried 5 time(s); retry policy is RetryUpToMaximumCountWithFixedSleep(maxRetries=10, sleepTime=1000 MILLISECONDS)
2019-09-24 03:26:07,649 [Thread-334] INFO  impl.FollowerState (FollowerState.java:run(106)) - 2859951c-203c-4f1b-9e85-7275a2992eab:group-D1F9125FB664 changes to CANDIDATE, lastRpcTime:5015, electionTimeout:5015ms
2019-09-24 03:26:07,649 [Thread-334] INFO  impl.RoleInfo (RoleInfo.java:shutdownFollowerState(121)) - 2859951c-203c-4f1b-9e85-7275a2992eab: shutdown FollowerState
2019-09-24 03:26:07,649 [Thread-334] INFO  impl.RaftServerImpl (RaftServerImpl.java:setRole(174)) - 2859951c-203c-4f1b-9e85-7275a2992eab@group-D1F9125FB664: changes role from  FOLLOWER to CANDIDATE at term 0 for changeToCandidate
2019-09-24 03:26:07,650 [Thread-334] INFO  impl.RoleInfo (RoleInfo.java:updateAndGet(143)) - 2859951c-203c-4f1b-9e85-7275a2992eab: start LeaderElection
2019-09-24 03:26:07,670 [2859951c-203c-4f1b-9e85-7275a2992eab@group-D1F9125FB664:LeaderElection11] INFO  impl.LeaderElection (LeaderElection.java:askForVotes(182)) - 2859951c-203c-4f1b-9e85-7275a2992eab@group-D1F9125FB664:LeaderElection11: begin an election at term 1 for -1: [f1c22574-e151-47e2-8b9a-aa1bb6e0cd34:192.168.151.121:42828, c11d39fa-10f3-4cb7-b122-8e860b76a301:192.168.151.121:36278, 2859951c-203c-4f1b-9e85-7275a2992eab:192.168.151.121:40038], old=null
2019-09-24 03:26:07,714 [grpc-default-executor-0] INFO  impl.RaftServerImpl (RaftServerImpl.java:setRole(174)) - f1c22574-e151-47e2-8b9a-aa1bb6e0cd34@group-D1F9125FB664: changes role from  FOLLOWER to FOLLOWER at term 1 for recognizeCandidate:2859951c-203c-4f1b-9e85-7275a2992eab
2019-09-24 03:26:07,714 [grpc-default-executor-2] INFO  impl.RaftServerImpl (RaftServerImpl.java:setRole(174)) - c11d39fa-10f3-4cb7-b122-8e860b76a301@group-D1F9125FB664: changes role from  FOLLOWER to FOLLOWER at term 1 for recognizeCandidate:2859951c-203c-4f1b-9e85-7275a2992eab
2019-09-24 03:26:07,714 [grpc-default-executor-0] INFO  impl.RoleInfo (RoleInfo.java:shutdownFollowerState(121)) - f1c22574-e151-47e2-8b9a-aa1bb6e0cd34: shutdown FollowerState
2019-09-24 03:26:07,715 [grpc-default-executor-2] INFO  impl.RoleInfo (RoleInfo.java:shutdownFollowerState(121)) - c11d39fa-10f3-4cb7-b122-8e860b76a301: shutdown FollowerState
2019-09-24 03:26:07,715 [grpc-default-executor-0] INFO  impl.RoleInfo (RoleInfo.java:updateAndGet(143)) - f1c22574-e151-47e2-8b9a-aa1bb6e0cd34: start FollowerState
2019-09-24 03:26:07,715 [Thread-332] INFO  impl.FollowerState (FollowerState.java:run(115)) - c11d39fa-10f3-4cb7-b122-8e860b76a301: FollowerState was interrupted: java.lang.InterruptedException: sleep interrupted
2019-09-24 03:26:07,715 [Thread-330] INFO  impl.FollowerState (FollowerState.java:run(115)) - f1c22574-e151-47e2-8b9a-aa1bb6e0cd34: FollowerState was interrupted: java.lang.InterruptedException: sleep interrupted
2019-09-24 03:26:07,715 [grpc-default-executor-2] INFO  impl.RoleInfo (RoleInfo.java:updateAndGet(143)) - c11d39fa-10f3-4cb7-b122-8e860b76a301: start FollowerState
2019-09-24 03:26:07,744 [2859951c-203c-4f1b-9e85-7275a2992eab@group-D1F9125FB664:LeaderElection11] INFO  impl.LeaderElection (LeaderElection.java:logAndReturn(56)) - 2859951c-203c-4f1b-9e85-7275a2992eab@group-D1F9125FB664:LeaderElection11: Election PASSED; received 1 response(s) [2859951c-203c-4f1b-9e85-7275a2992eab<-f1c22574-e151-47e2-8b9a-aa1bb6e0cd34#0:OK-t1] and 0 exception(s); 2859951c-203c-4f1b-9e85-7275a2992eab@group-D1F9125FB664:t1, leader=null, voted=2859951c-203c-4f1b-9e85-7275a2992eab, raftlog=2859951c-203c-4f1b-9e85-7275a2992eab@group-D1F9125FB664-SegmentedRaftLog:OPENED:c-1,f-1,i0, conf=-1: [f1c22574-e151-47e2-8b9a-aa1bb6e0cd34:192.168.151.121:42828, c11d39fa-10f3-4cb7-b122-8e860b76a301:192.168.151.121:36278, 2859951c-203c-4f1b-9e85-7275a2992eab:192.168.151.121:40038], old=null
2019-09-24 03:26:07,744 [2859951c-203c-4f1b-9e85-7275a2992eab@group-D1F9125FB664:LeaderElection11] INFO  impl.RoleInfo (RoleInfo.java:shutdownLeaderElection(134)) - 2859951c-203c-4f1b-9e85-7275a2992eab: shutdown LeaderElection
2019-09-24 03:26:07,754 [2859951c-203c-4f1b-9e85-7275a2992eab@group-D1F9125FB664:LeaderElection11] INFO  impl.RaftServerImpl (RaftServerImpl.java:setRole(174)) - 2859951c-203c-4f1b-9e85-7275a2992eab@group-D1F9125FB664: changes role from CANDIDATE to LEADER at term 1 for changeToLeader
2019-09-24 03:26:07,756 [2859951c-203c-4f1b-9e85-7275a2992eab@group-D1F9125FB664:LeaderElection11] INFO  impl.RaftServerImpl (ServerState.java:setLeader(253)) - 2859951c-203c-4f1b-9e85-7275a2992eab@group-D1F9125FB664: change Leader from null to 2859951c-203c-4f1b-9e85-7275a2992eab at term 1 for becomeLeader, leader elected after 5134ms
2019-09-24 03:26:07,756 [2859951c-203c-4f1b-9e85-7275a2992eab@group-D1F9125FB664:LeaderElection11] INFO  server.RaftServerConfigKeys (ConfUtils.java:logGet(43)) - raft.server.staging.catchup.gap = 1000 (default)
2019-09-24 03:26:07,757 [2859951c-203c-4f1b-9e85-7275a2992eab@group-D1F9125FB664:LeaderElection11] INFO  server.RaftServerConfigKeys (ConfUtils.java:logGet(43)) - raft.server.rpc.sleep.time = 25ms (default)
2019-09-24 03:26:07,757 [2859951c-203c-4f1b-9e85-7275a2992eab@group-D1F9125FB664:LeaderElection11] INFO  server.RaftServerConfigKeys (ConfUtils.java:logGet(43)) - raft.server.write.element-limit = 4096 (default)
2019-09-24 03:26:07,757 [2859951c-203c-4f1b-9e85-7275a2992eab@group-D1F9125FB664:LeaderElection11] INFO  server.RaftServerConfigKeys (ConfUtils.java:logGet(43)) - raft.server.watch.timeout = 10s (default)
2019-09-24 03:26:07,757 [2859951c-203c-4f1b-9e85-7275a2992eab@group-D1F9125FB664:LeaderElection11] INFO  server.RaftServerConfigKeys (ConfUtils.java:logGet(43)) - raft.server.watch.timeout.denomination = 1s (default)
2019-09-24 03:26:07,757 [2859951c-203c-4f1b-9e85-7275a2992eab@group-D1F9125FB664:LeaderElection11] INFO  server.RaftServerConfigKeys (ConfUtils.java:logGet(43)) - raft.server.watch.element-limit = 65536 (default)
2019-09-24 03:26:07,761 [2859951c-203c-4f1b-9e85-7275a2992eab@group-D1F9125FB664:LeaderElection11] INFO  server.RaftServerConfigKeys (ConfUtils.java:logGet(43)) - raft.server.log.appender.snapshot.chunk.size.max = 16MB (=16777216) (default)
2019-09-24 03:26:07,761 [2859951c-203c-4f1b-9e85-7275a2992eab@group-D1F9125FB664:LeaderElection11] INFO  server.RaftServerConfigKeys (ConfUtils.java:logGet(43)) - raft.server.log.appender.buffer.byte-limit = 33554432 (custom)
2019-09-24 03:26:07,762 [2859951c-203c-4f1b-9e85-7275a2992eab@group-D1F9125FB664:LeaderElection11] INFO  server.RaftServerConfigKeys (ConfUtils.java:logGet(43)) - raft.server.log.appender.buffer.element-limit = 1 (custom)
2019-09-24 03:26:07,764 [2859951c-203c-4f1b-9e85-7275a2992eab@group-D1F9125FB664:LeaderElection11] INFO  grpc.GrpcConfigKeys$Server (ConfUtils.java:logGet(43)) - raft.grpc.server.leader.outstanding.appends.max = 128 (default)
2019-09-24 03:26:07,764 [2859951c-203c-4f1b-9e85-7275a2992eab@group-D1F9125FB664:LeaderElection11] INFO  server.RaftServerConfigKeys (ConfUtils.java:logGet(43)) - raft.server.rpc.request.timeout = 3000ms (default)
2019-09-24 03:26:07,764 [2859951c-203c-4f1b-9e85-7275a2992eab@group-D1F9125FB664:LeaderElection11] INFO  server.RaftServerConfigKeys (ConfUtils.java:logGet(43)) - raft.server.log.appender.install.snapshot.enabled = false (custom)
2019-09-24 03:26:07,765 [2859951c-203c-4f1b-9e85-7275a2992eab@group-D1F9125FB664:LeaderElection11] INFO  server.RaftServerConfigKeys (ConfUtils.java:logGet(43)) - raft.server.log.appender.snapshot.chunk.size.max = 16MB (=16777216) (default)
2019-09-24 03:26:07,765 [2859951c-203c-4f1b-9e85-7275a2992eab@group-D1F9125FB664:LeaderElection11] INFO  server.RaftServerConfigKeys (ConfUtils.java:logGet(43)) - raft.server.log.appender.buffer.byte-limit = 33554432 (custom)
2019-09-24 03:26:07,766 [2859951c-203c-4f1b-9e85-7275a2992eab@group-D1F9125FB664:LeaderElection11] INFO  server.RaftServerConfigKeys (ConfUtils.java:logGet(43)) - raft.server.log.appender.buffer.element-limit = 1 (custom)
2019-09-24 03:26:07,766 [2859951c-203c-4f1b-9e85-7275a2992eab@group-D1F9125FB664:LeaderElection11] INFO  grpc.GrpcConfigKeys$Server (ConfUtils.java:logGet(43)) - raft.grpc.server.leader.outstanding.appends.max = 128 (default)
2019-09-24 03:26:07,766 [2859951c-203c-4f1b-9e85-7275a2992eab@group-D1F9125FB664:LeaderElection11] INFO  server.RaftServerConfigKeys (ConfUtils.java:logGet(43)) - raft.server.rpc.request.timeout = 3000ms (default)
2019-09-24 03:26:07,766 [2859951c-203c-4f1b-9e85-7275a2992eab@group-D1F9125FB664:LeaderElection11] INFO  server.RaftServerConfigKeys (ConfUtils.java:logGet(43)) - raft.server.log.appender.install.snapshot.enabled = false (custom)
2019-09-24 03:26:07,768 [2859951c-203c-4f1b-9e85-7275a2992eab@group-D1F9125FB664:LeaderElection11] INFO  impl.RoleInfo (RoleInfo.java:updateAndGet(143)) - 2859951c-203c-4f1b-9e85-7275a2992eab: start LeaderState
2019-09-24 03:26:07,768 [2859951c-203c-4f1b-9e85-7275a2992eab@group-D1F9125FB664:LeaderElection11] INFO  segmented.SegmentedRaftLogWorker (SegmentedRaftLogWorker.java:startLogSegment(380)) - 2859951c-203c-4f1b-9e85-7275a2992eab@group-D1F9125FB664-SegmentedRaftLogWorker: Starting segment from index:0
2019-09-24 03:26:07,769 [2859951c-203c-4f1b-9e85-7275a2992eab@group-D1F9125FB664:LeaderElection11] INFO  impl.RaftServerImpl (ServerState.java:setRaftConf(354)) - 2859951c-203c-4f1b-9e85-7275a2992eab@group-D1F9125FB664: set configuration 0: [f1c22574-e151-47e2-8b9a-aa1bb6e0cd34:192.168.151.121:42828, c11d39fa-10f3-4cb7-b122-8e860b76a301:192.168.151.121:36278, 2859951c-203c-4f1b-9e85-7275a2992eab:192.168.151.121:40038], old=null at 0
2019-09-24 03:26:07,820 [2859951c-203c-4f1b-9e85-7275a2992eab@group-D1F9125FB664-SegmentedRaftLogWorker] INFO  segmented.SegmentedRaftLogWorker (SegmentedRaftLogWorker.java:execute(569)) - 2859951c-203c-4f1b-9e85-7275a2992eab@group-D1F9125FB664-SegmentedRaftLogWorker: created new log segment /workdir/hadoop-ozone/integration-test/target/test-dir/MiniOzoneClusterImpl-e5f1ddf0-a5ce-4ae4-b63c-73802c2fbca4/datanode-5/data/ratis/46f5d6e1-b619-425b-b89f-d1f9125fb664/current/log_inprogress_0
2019-09-24 03:26:07,835 [grpc-default-executor-2] INFO  impl.RaftServerImpl (ServerState.java:setLeader(253)) - f1c22574-e151-47e2-8b9a-aa1bb6e0cd34@group-D1F9125FB664: change Leader from null to 2859951c-203c-4f1b-9e85-7275a2992eab at term 1 for appendEntries, leader elected after 5211ms
2019-09-24 03:26:07,835 [grpc-default-executor-0] INFO  impl.RaftServerImpl (ServerState.java:setLeader(253)) - c11d39fa-10f3-4cb7-b122-8e860b76a301@group-D1F9125FB664: change Leader from null to 2859951c-203c-4f1b-9e85-7275a2992eab at term 1 for appendEntries, leader elected after 5212ms
2019-09-24 03:26:07,865 [grpc-default-executor-0] INFO  impl.RaftServerImpl (ServerState.java:setRaftConf(354)) - f1c22574-e151-47e2-8b9a-aa1bb6e0cd34@group-D1F9125FB664: set configuration 0: [f1c22574-e151-47e2-8b9a-aa1bb6e0cd34:192.168.151.121:42828, c11d39fa-10f3-4cb7-b122-8e860b76a301:192.168.151.121:36278, 2859951c-203c-4f1b-9e85-7275a2992eab:192.168.151.121:40038], old=null at 0
2019-09-24 03:26:07,865 [grpc-default-executor-2] INFO  impl.RaftServerImpl (ServerState.java:setRaftConf(354)) - c11d39fa-10f3-4cb7-b122-8e860b76a301@group-D1F9125FB664: set configuration 0: [f1c22574-e151-47e2-8b9a-aa1bb6e0cd34:192.168.151.121:42828, c11d39fa-10f3-4cb7-b122-8e860b76a301:192.168.151.121:36278, 2859951c-203c-4f1b-9e85-7275a2992eab:192.168.151.121:40038], old=null at 0
2019-09-24 03:26:07,865 [grpc-default-executor-0] INFO  segmented.SegmentedRaftLogWorker (SegmentedRaftLogWorker.java:startLogSegment(380)) - f1c22574-e151-47e2-8b9a-aa1bb6e0cd34@group-D1F9125FB664-SegmentedRaftLogWorker: Starting segment from index:0
2019-09-24 03:26:07,865 [grpc-default-executor-2] INFO  segmented.SegmentedRaftLogWorker (SegmentedRaftLogWorker.java:startLogSegment(380)) - c11d39fa-10f3-4cb7-b122-8e860b76a301@group-D1F9125FB664-SegmentedRaftLogWorker: Starting segment from index:0
2019-09-24 03:26:07,888 [Thread-339] INFO  impl.FollowerState (FollowerState.java:run(106)) - 7d4c7c25-4646-4b04-ba9f-f06f1d3a2755:group-571D81204003 changes to CANDIDATE, lastRpcTime:5162, electionTimeout:5162ms
2019-09-24 03:26:07,888 [Thread-339] INFO  impl.RoleInfo (RoleInfo.java:shutdownFollowerState(121)) - 7d4c7c25-4646-4b04-ba9f-f06f1d3a2755: shutdown FollowerState
2019-09-24 03:26:07,889 [Thread-339] INFO  impl.RaftServerImpl (RaftServerImpl.java:setRole(174)) - 7d4c7c25-4646-4b04-ba9f-f06f1d3a2755@group-571D81204003: changes role from  FOLLOWER to CANDIDATE at term 0 for changeToCandidate
2019-09-24 03:26:07,889 [Thread-339] INFO  impl.RoleInfo (RoleInfo.java:updateAndGet(143)) - 7d4c7c25-4646-4b04-ba9f-f06f1d3a2755: start LeaderElection
2019-09-24 03:26:07,909 [c11d39fa-10f3-4cb7-b122-8e860b76a301@group-D1F9125FB664-SegmentedRaftLogWorker] INFO  segmented.SegmentedRaftLogWorker (SegmentedRaftLogWorker.java:execute(569)) - c11d39fa-10f3-4cb7-b122-8e860b76a301@group-D1F9125FB664-SegmentedRaftLogWorker: created new log segment /workdir/hadoop-ozone/integration-test/target/test-dir/MiniOzoneClusterImpl-e5f1ddf0-a5ce-4ae4-b63c-73802c2fbca4/datanode-3/data/ratis/46f5d6e1-b619-425b-b89f-d1f9125fb664/current/log_inprogress_0
2019-09-24 03:26:07,909 [7d4c7c25-4646-4b04-ba9f-f06f1d3a2755@group-571D81204003:LeaderElection12] INFO  impl.LeaderElection (LeaderElection.java:askForVotes(182)) - 7d4c7c25-4646-4b04-ba9f-f06f1d3a2755@group-571D81204003:LeaderElection12: begin an election at term 1 for -1: [7d4c7c25-4646-4b04-ba9f-f06f1d3a2755:192.168.151.121:46872, 8fc5c081-d984-4303-aba7-473da99cd7d4:192.168.151.121:46313, 13d11d3e-9895-4970-8096-73396f0d647b:192.168.151.121:45071], old=null
2019-09-24 03:26:07,909 [f1c22574-e151-47e2-8b9a-aa1bb6e0cd34@group-D1F9125FB664-SegmentedRaftLogWorker] INFO  segmented.SegmentedRaftLogWorker (SegmentedRaftLogWorker.java:execute(569)) - f1c22574-e151-47e2-8b9a-aa1bb6e0cd34@group-D1F9125FB664-SegmentedRaftLogWorker: created new log segment /workdir/hadoop-ozone/integration-test/target/test-dir/MiniOzoneClusterImpl-e5f1ddf0-a5ce-4ae4-b63c-73802c2fbca4/datanode-8/data/ratis/46f5d6e1-b619-425b-b89f-d1f9125fb664/current/log_inprogress_0
2019-09-24 03:26:07,928 [Thread-341] INFO  impl.FollowerState (FollowerState.java:run(106)) - 13d11d3e-9895-4970-8096-73396f0d647b:group-571D81204003 changes to CANDIDATE, lastRpcTime:5201, electionTimeout:5198ms
2019-09-24 03:26:07,928 [Thread-342] INFO  impl.FollowerState (FollowerState.java:run(106)) - 8fc5c081-d984-4303-aba7-473da99cd7d4:group-571D81204003 changes to CANDIDATE, lastRpcTime:5197, electionTimeout:5195ms
2019-09-24 03:26:07,928 [Thread-341] INFO  impl.RoleInfo (RoleInfo.java:shutdownFollowerState(121)) - 13d11d3e-9895-4970-8096-73396f0d647b: shutdown FollowerState
2019-09-24 03:26:07,929 [Thread-342] INFO  impl.RoleInfo (RoleInfo.java:shutdownFollowerState(121)) - 8fc5c081-d984-4303-aba7-473da99cd7d4: shutdown FollowerState
2019-09-24 03:26:07,929 [Thread-341] INFO  impl.RaftServerImpl (RaftServerImpl.java:setRole(174)) - 13d11d3e-9895-4970-8096-73396f0d647b@group-571D81204003: changes role from  FOLLOWER to CANDIDATE at term 0 for changeToCandidate
2019-09-24 03:26:07,929 [Thread-342] INFO  impl.RaftServerImpl (RaftServerImpl.java:setRole(174)) - 8fc5c081-d984-4303-aba7-473da99cd7d4@group-571D81204003: changes role from  FOLLOWER to CANDIDATE at term 0 for changeToCandidate
2019-09-24 03:26:07,929 [Thread-341] INFO  impl.RoleInfo (RoleInfo.java:updateAndGet(143)) - 13d11d3e-9895-4970-8096-73396f0d647b: start LeaderElection
2019-09-24 03:26:07,931 [Thread-342] INFO  impl.RoleInfo (RoleInfo.java:updateAndGet(143)) - 8fc5c081-d984-4303-aba7-473da99cd7d4: start LeaderElection
2019-09-24 03:26:07,933 [grpc-default-executor-1] INFO  impl.RaftServerImpl (RaftServerImpl.java:setRole(174)) - 13d11d3e-9895-4970-8096-73396f0d647b@group-571D81204003: changes role from CANDIDATE to FOLLOWER at term 1 for recognizeCandidate:7d4c7c25-4646-4b04-ba9f-f06f1d3a2755
2019-09-24 03:26:07,935 [grpc-default-executor-2] INFO  impl.RaftServerImpl (RaftServerImpl.java:setRole(174)) - 8fc5c081-d984-4303-aba7-473da99cd7d4@group-571D81204003: changes role from CANDIDATE to FOLLOWER at term 1 for recognizeCandidate:7d4c7c25-4646-4b04-ba9f-f06f1d3a2755
2019-09-24 03:26:07,935 [grpc-default-executor-1] INFO  impl.RoleInfo (RoleInfo.java:shutdownLeaderElection(134)) - 13d11d3e-9895-4970-8096-73396f0d647b: shutdown LeaderElection
2019-09-24 03:26:07,935 [grpc-default-executor-2] INFO  impl.RoleInfo (RoleInfo.java:shutdownLeaderElection(134)) - 8fc5c081-d984-4303-aba7-473da99cd7d4: shutdown LeaderElection
2019-09-24 03:26:07,935 [grpc-default-executor-1] INFO  impl.RoleInfo (RoleInfo.java:updateAndGet(143)) - 13d11d3e-9895-4970-8096-73396f0d647b: start FollowerState
2019-09-24 03:26:07,935 [grpc-default-executor-2] INFO  impl.RoleInfo (RoleInfo.java:updateAndGet(143)) - 8fc5c081-d984-4303-aba7-473da99cd7d4: start FollowerState
2019-09-24 03:26:07,956 [7d4c7c25-4646-4b04-ba9f-f06f1d3a2755@group-571D81204003:LeaderElection12] INFO  impl.LeaderElection (LeaderElection.java:logAndReturn(56)) - 7d4c7c25-4646-4b04-ba9f-f06f1d3a2755@group-571D81204003:LeaderElection12: Election REJECTED; received 2 response(s) [7d4c7c25-4646-4b04-ba9f-f06f1d3a2755<-8fc5c081-d984-4303-aba7-473da99cd7d4#0:FAIL-t1, 7d4c7c25-4646-4b04-ba9f-f06f1d3a2755<-13d11d3e-9895-4970-8096-73396f0d647b#0:FAIL-t1] and 0 exception(s); 7d4c7c25-4646-4b04-ba9f-f06f1d3a2755@group-571D81204003:t1, leader=null, voted=7d4c7c25-4646-4b04-ba9f-f06f1d3a2755, raftlog=7d4c7c25-4646-4b04-ba9f-f06f1d3a2755@group-571D81204003-SegmentedRaftLog:OPENED:c-1,f-1,i0, conf=-1: [7d4c7c25-4646-4b04-ba9f-f06f1d3a2755:192.168.151.121:46872, 8fc5c081-d984-4303-aba7-473da99cd7d4:192.168.151.121:46313, 13d11d3e-9895-4970-8096-73396f0d647b:192.168.151.121:45071], old=null
2019-09-24 03:26:07,958 [7d4c7c25-4646-4b04-ba9f-f06f1d3a2755@group-571D81204003:LeaderElection12] INFO  impl.RaftServerImpl (RaftServerImpl.java:setRole(174)) - 7d4c7c25-4646-4b04-ba9f-f06f1d3a2755@group-571D81204003: changes role from CANDIDATE to FOLLOWER at term 1 for DISCOVERED_A_NEW_TERM
2019-09-24 03:26:07,958 [7d4c7c25-4646-4b04-ba9f-f06f1d3a2755@group-571D81204003:LeaderElection12] INFO  impl.RoleInfo (RoleInfo.java:shutdownLeaderElection(134)) - 7d4c7c25-4646-4b04-ba9f-f06f1d3a2755: shutdown LeaderElection
2019-09-24 03:26:07,959 [7d4c7c25-4646-4b04-ba9f-f06f1d3a2755@group-571D81204003:LeaderElection12] INFO  impl.RoleInfo (RoleInfo.java:updateAndGet(143)) - 7d4c7c25-4646-4b04-ba9f-f06f1d3a2755: start FollowerState
2019-09-24 03:26:07,963 [8fc5c081-d984-4303-aba7-473da99cd7d4@group-571D81204003:LeaderElection14] INFO  impl.LeaderElection (LeaderElection.java:askForVotes(182)) - 8fc5c081-d984-4303-aba7-473da99cd7d4@group-571D81204003:LeaderElection14: begin an election at term 2 for -1: [7d4c7c25-4646-4b04-ba9f-f06f1d3a2755:192.168.151.121:46872, 8fc5c081-d984-4303-aba7-473da99cd7d4:192.168.151.121:46313, 13d11d3e-9895-4970-8096-73396f0d647b:192.168.151.121:45071], old=null
2019-09-24 03:26:07,964 [13d11d3e-9895-4970-8096-73396f0d647b@group-571D81204003:LeaderElection13] INFO  impl.LeaderElection (LeaderElection.java:askForVotes(182)) - 13d11d3e-9895-4970-8096-73396f0d647b@group-571D81204003:LeaderElection13: begin an election at term 2 for -1: [7d4c7c25-4646-4b04-ba9f-f06f1d3a2755:192.168.151.121:46872, 8fc5c081-d984-4303-aba7-473da99cd7d4:192.168.151.121:46313, 13d11d3e-9895-4970-8096-73396f0d647b:192.168.151.121:45071], old=null
2019-09-24 03:26:07,965 [8fc5c081-d984-4303-aba7-473da99cd7d4@group-571D81204003:LeaderElection14] INFO  impl.LeaderElection (LeaderElection.java:logAndReturn(56)) - 8fc5c081-d984-4303-aba7-473da99cd7d4@group-571D81204003:LeaderElection14: Election REJECTED; received 0 response(s) [] and 0 exception(s); 8fc5c081-d984-4303-aba7-473da99cd7d4@group-571D81204003:t2, leader=null, voted=8fc5c081-d984-4303-aba7-473da99cd7d4, raftlog=8fc5c081-d984-4303-aba7-473da99cd7d4@group-571D81204003-SegmentedRaftLog:OPENED:c-1,f-1,i0, conf=-1: [7d4c7c25-4646-4b04-ba9f-f06f1d3a2755:192.168.151.121:46872, 8fc5c081-d984-4303-aba7-473da99cd7d4:192.168.151.121:46313, 13d11d3e-9895-4970-8096-73396f0d647b:192.168.151.121:45071], old=null
2019-09-24 03:26:07,965 [13d11d3e-9895-4970-8096-73396f0d647b@group-571D81204003:LeaderElection13] INFO  impl.LeaderElection (LeaderElection.java:logAndReturn(56)) - 13d11d3e-9895-4970-8096-73396f0d647b@group-571D81204003:LeaderElection13: Election REJECTED; received 0 response(s) [] and 0 exception(s); 13d11d3e-9895-4970-8096-73396f0d647b@group-571D81204003:t2, leader=null, voted=13d11d3e-9895-4970-8096-73396f0d647b, raftlog=13d11d3e-9895-4970-8096-73396f0d647b@group-571D81204003-SegmentedRaftLog:OPENED:c-1,f-1,i0, conf=-1: [7d4c7c25-4646-4b04-ba9f-f06f1d3a2755:192.168.151.121:46872, 8fc5c081-d984-4303-aba7-473da99cd7d4:192.168.151.121:46313, 13d11d3e-9895-4970-8096-73396f0d647b:192.168.151.121:45071], old=null
2019-09-24 03:26:07,979 [Thread-348] INFO  impl.FollowerState (FollowerState.java:run(106)) - 623c22b8-4c13-4281-9098-2ebcaa8ebf75:group-A48901C17D1E changes to CANDIDATE, lastRpcTime:5084, electionTimeout:5084ms
2019-09-24 03:26:07,980 [Thread-348] INFO  impl.RoleInfo (RoleInfo.java:shutdownFollowerState(121)) - 623c22b8-4c13-4281-9098-2ebcaa8ebf75: shutdown FollowerState
2019-09-24 03:26:07,980 [Thread-348] INFO  impl.RaftServerImpl (RaftServerImpl.java:setRole(174)) - 623c22b8-4c13-4281-9098-2ebcaa8ebf75@group-A48901C17D1E: changes role from  FOLLOWER to CANDIDATE at term 0 for changeToCandidate
2019-09-24 03:26:07,981 [Thread-348] INFO  impl.RoleInfo (RoleInfo.java:updateAndGet(143)) - 623c22b8-4c13-4281-9098-2ebcaa8ebf75: start LeaderElection
2019-09-24 03:26:07,985 [grpc-default-executor-2] INFO  impl.RaftServerImpl (RaftServerImpl.java:setRole(174)) - 7d4c7c25-4646-4b04-ba9f-f06f1d3a2755@group-571D81204003: changes role from  FOLLOWER to FOLLOWER at term 2 for recognizeCandidate:8fc5c081-d984-4303-aba7-473da99cd7d4
2019-09-24 03:26:07,987 [grpc-default-executor-2] INFO  impl.RoleInfo (RoleInfo.java:shutdownFollowerState(121)) - 7d4c7c25-4646-4b04-ba9f-f06f1d3a2755: shutdown FollowerState
2019-09-24 03:26:07,989 [Thread-395] INFO  impl.FollowerState (FollowerState.java:run(115)) - 7d4c7c25-4646-4b04-ba9f-f06f1d3a2755: FollowerState was interrupted: java.lang.InterruptedException: sleep interrupted
2019-09-24 03:26:07,989 [grpc-default-executor-2] INFO  impl.RoleInfo (RoleInfo.java:updateAndGet(143)) - 7d4c7c25-4646-4b04-ba9f-f06f1d3a2755: start FollowerState
2019-09-24 03:26:07,990 [Thread-350] INFO  impl.FollowerState (FollowerState.java:run(106)) - 1a9a7120-0e30-4c9b-b35f-12e1338ec0ba:group-A48901C17D1E changes to CANDIDATE, lastRpcTime:5093, electionTimeout:5087ms
2019-09-24 03:26:07,990 [Thread-350] INFO  impl.RoleInfo (RoleInfo.java:shutdownFollowerState(121)) - 1a9a7120-0e30-4c9b-b35f-12e1338ec0ba: shutdown FollowerState
2019-09-24 03:26:07,991 [Thread-350] INFO  impl.RaftServerImpl (RaftServerImpl.java:setRole(174)) - 1a9a7120-0e30-4c9b-b35f-12e1338ec0ba@group-A48901C17D1E: changes role from  FOLLOWER to CANDIDATE at term 0 for changeToCandidate
2019-09-24 03:26:07,991 [Thread-350] INFO  impl.RoleInfo (RoleInfo.java:updateAndGet(143)) - 1a9a7120-0e30-4c9b-b35f-12e1338ec0ba: start LeaderElection
2019-09-24 03:26:08,008 [623c22b8-4c13-4281-9098-2ebcaa8ebf75@group-A48901C17D1E:LeaderElection15] INFO  impl.LeaderElection (LeaderElection.java:askForVotes(182)) - 623c22b8-4c13-4281-9098-2ebcaa8ebf75@group-A48901C17D1E:LeaderElection15: begin an election at term 1 for -1: [de0815a2-edb6-4014-be80-193eceea242b:192.168.151.121:43060, 623c22b8-4c13-4281-9098-2ebcaa8ebf75:192.168.151.121:39127, 1a9a7120-0e30-4c9b-b35f-12e1338ec0ba:192.168.151.121:42905], old=null
2019-09-24 03:26:08,021 [1a9a7120-0e30-4c9b-b35f-12e1338ec0ba@group-A48901C17D1E:LeaderElection16] INFO  impl.LeaderElection (LeaderElection.java:askForVotes(182)) - 1a9a7120-0e30-4c9b-b35f-12e1338ec0ba@group-A48901C17D1E:LeaderElection16: begin an election at term 1 for -1: [de0815a2-edb6-4014-be80-193eceea242b:192.168.151.121:43060, 623c22b8-4c13-4281-9098-2ebcaa8ebf75:192.168.151.121:39127, 1a9a7120-0e30-4c9b-b35f-12e1338ec0ba:192.168.151.121:42905], old=null
2019-09-24 03:26:08,033 [grpc-default-executor-2] INFO  impl.RaftServerImpl (RaftServerImpl.java:setRole(174)) - de0815a2-edb6-4014-be80-193eceea242b@group-A48901C17D1E: changes role from  FOLLOWER to FOLLOWER at term 1 for recognizeCandidate:623c22b8-4c13-4281-9098-2ebcaa8ebf75
2019-09-24 03:26:08,035 [grpc-default-executor-2] INFO  impl.RoleInfo (RoleInfo.java:shutdownFollowerState(121)) - de0815a2-edb6-4014-be80-193eceea242b: shutdown FollowerState
2019-09-24 03:26:08,035 [grpc-default-executor-2] INFO  impl.RoleInfo (RoleInfo.java:updateAndGet(143)) - de0815a2-edb6-4014-be80-193eceea242b: start FollowerState
2019-09-24 03:26:08,035 [Thread-351] INFO  impl.FollowerState (FollowerState.java:run(115)) - de0815a2-edb6-4014-be80-193eceea242b: FollowerState was interrupted: java.lang.InterruptedException: sleep interrupted
2019-09-24 03:26:08,059 [623c22b8-4c13-4281-9098-2ebcaa8ebf75@group-A48901C17D1E:LeaderElection15] INFO  impl.LeaderElection (LeaderElection.java:logAndReturn(56)) - 623c22b8-4c13-4281-9098-2ebcaa8ebf75@group-A48901C17D1E:LeaderElection15: Election PASSED; received 2 response(s) [623c22b8-4c13-4281-9098-2ebcaa8ebf75<-de0815a2-edb6-4014-be80-193eceea242b#0:OK-t1, 623c22b8-4c13-4281-9098-2ebcaa8ebf75<-1a9a7120-0e30-4c9b-b35f-12e1338ec0ba#0:FAIL-t1] and 0 exception(s); 623c22b8-4c13-4281-9098-2ebcaa8ebf75@group-A48901C17D1E:t1, leader=null, voted=623c22b8-4c13-4281-9098-2ebcaa8ebf75, raftlog=623c22b8-4c13-4281-9098-2ebcaa8ebf75@group-A48901C17D1E-SegmentedRaftLog:OPENED:c-1,f-1,i0, conf=-1: [de0815a2-edb6-4014-be80-193eceea242b:192.168.151.121:43060, 623c22b8-4c13-4281-9098-2ebcaa8ebf75:192.168.151.121:39127, 1a9a7120-0e30-4c9b-b35f-12e1338ec0ba:192.168.151.121:42905], old=null
2019-09-24 03:26:08,060 [623c22b8-4c13-4281-9098-2ebcaa8ebf75@group-A48901C17D1E:LeaderElection15] INFO  impl.RoleInfo (RoleInfo.java:shutdownLeaderElection(134)) - 623c22b8-4c13-4281-9098-2ebcaa8ebf75: shutdown LeaderElection
2019-09-24 03:26:08,060 [1a9a7120-0e30-4c9b-b35f-12e1338ec0ba@group-A48901C17D1E:LeaderElection16] INFO  impl.LeaderElection (LeaderElection.java:logAndReturn(56)) - 1a9a7120-0e30-4c9b-b35f-12e1338ec0ba@group-A48901C17D1E:LeaderElection16: Election REJECTED; received 2 response(s) [1a9a7120-0e30-4c9b-b35f-12e1338ec0ba<-de0815a2-edb6-4014-be80-193eceea242b#0:FAIL-t1, 1a9a7120-0e30-4c9b-b35f-12e1338ec0ba<-623c22b8-4c13-4281-9098-2ebcaa8ebf75#0:FAIL-t1] and 0 exception(s); 1a9a7120-0e30-4c9b-b35f-12e1338ec0ba@group-A48901C17D1E:t1, leader=null, voted=1a9a7120-0e30-4c9b-b35f-12e1338ec0ba, raftlog=1a9a7120-0e30-4c9b-b35f-12e1338ec0ba@group-A48901C17D1E-SegmentedRaftLog:OPENED:c-1,f-1,i0, conf=-1: [de0815a2-edb6-4014-be80-193eceea242b:192.168.151.121:43060, 623c22b8-4c13-4281-9098-2ebcaa8ebf75:192.168.151.121:39127, 1a9a7120-0e30-4c9b-b35f-12e1338ec0ba:192.168.151.121:42905], old=null
2019-09-24 03:26:08,063 [623c22b8-4c13-4281-9098-2ebcaa8ebf75@group-A48901C17D1E:LeaderElection15] INFO  impl.RaftServerImpl (RaftServerImpl.java:setRole(174)) - 623c22b8-4c13-4281-9098-2ebcaa8ebf75@group-A48901C17D1E: changes role from CANDIDATE to LEADER at term 1 for changeToLeader
2019-09-24 03:26:08,064 [1a9a7120-0e30-4c9b-b35f-12e1338ec0ba@group-A48901C17D1E:LeaderElection16] INFO  impl.RaftServerImpl (RaftServerImpl.java:setRole(174)) - 1a9a7120-0e30-4c9b-b35f-12e1338ec0ba@group-A48901C17D1E: changes role from CANDIDATE to FOLLOWER at term 1 for DISCOVERED_A_NEW_TERM
2019-09-24 03:26:08,064 [623c22b8-4c13-4281-9098-2ebcaa8ebf75@group-A48901C17D1E:LeaderElection15] INFO  impl.RaftServerImpl (ServerState.java:setLeader(253)) - 623c22b8-4c13-4281-9098-2ebcaa8ebf75@group-A48901C17D1E: change Leader from null to 623c22b8-4c13-4281-9098-2ebcaa8ebf75 at term 1 for becomeLeader, leader elected after 5179ms
2019-09-24 03:26:08,067 [1a9a7120-0e30-4c9b-b35f-12e1338ec0ba@group-A48901C17D1E:LeaderElection16] INFO  impl.RoleInfo (RoleInfo.java:shutdownLeaderElection(134)) - 1a9a7120-0e30-4c9b-b35f-12e1338ec0ba: shutdown LeaderElection
2019-09-24 03:26:08,067 [623c22b8-4c13-4281-9098-2ebcaa8ebf75@group-A48901C17D1E:LeaderElection15] INFO  server.RaftServerConfigKeys (ConfUtils.java:logGet(43)) - raft.server.staging.catchup.gap = 1000 (default)
2019-09-24 03:26:08,067 [1a9a7120-0e30-4c9b-b35f-12e1338ec0ba@group-A48901C17D1E:LeaderElection16] INFO  impl.RoleInfo (RoleInfo.java:updateAndGet(143)) - 1a9a7120-0e30-4c9b-b35f-12e1338ec0ba: start FollowerState
2019-09-24 03:26:08,068 [623c22b8-4c13-4281-9098-2ebcaa8ebf75@group-A48901C17D1E:LeaderElection15] INFO  server.RaftServerConfigKeys (ConfUtils.java:logGet(43)) - raft.server.rpc.sleep.time = 25ms (default)
2019-09-24 03:26:08,068 [623c22b8-4c13-4281-9098-2ebcaa8ebf75@group-A48901C17D1E:LeaderElection15] INFO  server.RaftServerConfigKeys (ConfUtils.java:logGet(43)) - raft.server.write.element-limit = 4096 (default)
2019-09-24 03:26:08,068 [623c22b8-4c13-4281-9098-2ebcaa8ebf75@group-A48901C17D1E:LeaderElection15] INFO  server.RaftServerConfigKeys (ConfUtils.java:logGet(43)) - raft.server.watch.timeout = 10s (default)
2019-09-24 03:26:08,068 [623c22b8-4c13-4281-9098-2ebcaa8ebf75@group-A48901C17D1E:LeaderElection15] INFO  server.RaftServerConfigKeys (ConfUtils.java:logGet(43)) - raft.server.watch.timeout.denomination = 1s (default)
2019-09-24 03:26:08,068 [623c22b8-4c13-4281-9098-2ebcaa8ebf75@group-A48901C17D1E:LeaderElection15] INFO  server.RaftServerConfigKeys (ConfUtils.java:logGet(43)) - raft.server.watch.element-limit = 65536 (default)
2019-09-24 03:26:08,072 [623c22b8-4c13-4281-9098-2ebcaa8ebf75@group-A48901C17D1E:LeaderElection15] INFO  server.RaftServerConfigKeys (ConfUtils.java:logGet(43)) - raft.server.log.appender.snapshot.chunk.size.max = 16MB (=16777216) (default)
2019-09-24 03:26:08,072 [623c22b8-4c13-4281-9098-2ebcaa8ebf75@group-A48901C17D1E:LeaderElection15] INFO  server.RaftServerConfigKeys (ConfUtils.java:logGet(43)) - raft.server.log.appender.buffer.byte-limit = 33554432 (custom)
2019-09-24 03:26:08,072 [623c22b8-4c13-4281-9098-2ebcaa8ebf75@group-A48901C17D1E:LeaderElection15] INFO  server.RaftServerConfigKeys (ConfUtils.java:logGet(43)) - raft.server.log.appender.buffer.element-limit = 1 (custom)
2019-09-24 03:26:08,072 [623c22b8-4c13-4281-9098-2ebcaa8ebf75@group-A48901C17D1E:LeaderElection15] INFO  grpc.GrpcConfigKeys$Server (ConfUtils.java:logGet(43)) - raft.grpc.server.leader.outstanding.appends.max = 128 (default)
2019-09-24 03:26:08,075 [623c22b8-4c13-4281-9098-2ebcaa8ebf75@group-A48901C17D1E:LeaderElection15] INFO  server.RaftServerConfigKeys (ConfUtils.java:logGet(43)) - raft.server.rpc.request.timeout = 3000ms (default)
2019-09-24 03:26:08,075 [623c22b8-4c13-4281-9098-2ebcaa8ebf75@group-A48901C17D1E:LeaderElection15] INFO  server.RaftServerConfigKeys (ConfUtils.java:logGet(43)) - raft.server.log.appender.install.snapshot.enabled = false (custom)
2019-09-24 03:26:08,075 [623c22b8-4c13-4281-9098-2ebcaa8ebf75@group-A48901C17D1E:LeaderElection15] INFO  server.RaftServerConfigKeys (ConfUtils.java:logGet(43)) - raft.server.log.appender.snapshot.chunk.size.max = 16MB (=16777216) (default)
2019-09-24 03:26:08,075 [623c22b8-4c13-4281-9098-2ebcaa8ebf75@group-A48901C17D1E:LeaderElection15] INFO  server.RaftServerConfigKeys (ConfUtils.java:logGet(43)) - raft.server.log.appender.buffer.byte-limit = 33554432 (custom)
2019-09-24 03:26:08,076 [623c22b8-4c13-4281-9098-2ebcaa8ebf75@group-A48901C17D1E:LeaderElection15] INFO  server.RaftServerConfigKeys (ConfUtils.java:logGet(43)) - raft.server.log.appender.buffer.element-limit = 1 (custom)
2019-09-24 03:26:08,076 [623c22b8-4c13-4281-9098-2ebcaa8ebf75@group-A48901C17D1E:LeaderElection15] INFO  grpc.GrpcConfigKeys$Server (ConfUtils.java:logGet(43)) - raft.grpc.server.leader.outstanding.appends.max = 128 (default)
2019-09-24 03:26:08,076 [623c22b8-4c13-4281-9098-2ebcaa8ebf75@group-A48901C17D1E:LeaderElection15] INFO  server.RaftServerConfigKeys (ConfUtils.java:logGet(43)) - raft.server.rpc.request.timeout = 3000ms (default)
2019-09-24 03:26:08,076 [623c22b8-4c13-4281-9098-2ebcaa8ebf75@group-A48901C17D1E:LeaderElection15] INFO  server.RaftServerConfigKeys (ConfUtils.java:logGet(43)) - raft.server.log.appender.install.snapshot.enabled = false (custom)
2019-09-24 03:26:08,076 [623c22b8-4c13-4281-9098-2ebcaa8ebf75@group-A48901C17D1E:LeaderElection15] INFO  impl.RoleInfo (RoleInfo.java:updateAndGet(143)) - 623c22b8-4c13-4281-9098-2ebcaa8ebf75: start LeaderState
2019-09-24 03:26:08,077 [623c22b8-4c13-4281-9098-2ebcaa8ebf75@group-A48901C17D1E:LeaderElection15] INFO  segmented.SegmentedRaftLogWorker (SegmentedRaftLogWorker.java:startLogSegment(380)) - 623c22b8-4c13-4281-9098-2ebcaa8ebf75@group-A48901C17D1E-SegmentedRaftLogWorker: Starting segment from index:0
2019-09-24 03:26:08,077 [623c22b8-4c13-4281-9098-2ebcaa8ebf75@group-A48901C17D1E:LeaderElection15] INFO  impl.RaftServerImpl (ServerState.java:setRaftConf(354)) - 623c22b8-4c13-4281-9098-2ebcaa8ebf75@group-A48901C17D1E: set configuration 0: [de0815a2-edb6-4014-be80-193eceea242b:192.168.151.121:43060, 623c22b8-4c13-4281-9098-2ebcaa8ebf75:192.168.151.121:39127, 1a9a7120-0e30-4c9b-b35f-12e1338ec0ba:192.168.151.121:42905], old=null at 0
2019-09-24 03:26:08,104 [grpc-default-executor-2] INFO  impl.RaftServerImpl (ServerState.java:setLeader(253)) - 1a9a7120-0e30-4c9b-b35f-12e1338ec0ba@group-A48901C17D1E: change Leader from null to 623c22b8-4c13-4281-9098-2ebcaa8ebf75 at term 1 for appendEntries, leader elected after 5219ms
2019-09-24 03:26:08,104 [grpc-default-executor-0] INFO  impl.RaftServerImpl (ServerState.java:setLeader(253)) - de0815a2-edb6-4014-be80-193eceea242b@group-A48901C17D1E: change Leader from null to 623c22b8-4c13-4281-9098-2ebcaa8ebf75 at term 1 for appendEntries, leader elected after 5219ms
2019-09-24 03:26:08,107 [grpc-default-executor-2] INFO  impl.RaftServerImpl (ServerState.java:setRaftConf(354)) - de0815a2-edb6-4014-be80-193eceea242b@group-A48901C17D1E: set configuration 0: [de0815a2-edb6-4014-be80-193eceea242b:192.168.151.121:43060, 623c22b8-4c13-4281-9098-2ebcaa8ebf75:192.168.151.121:39127, 1a9a7120-0e30-4c9b-b35f-12e1338ec0ba:192.168.151.121:42905], old=null at 0
2019-09-24 03:26:08,107 [grpc-default-executor-0] INFO  impl.RaftServerImpl (ServerState.java:setRaftConf(354)) - 1a9a7120-0e30-4c9b-b35f-12e1338ec0ba@group-A48901C17D1E: set configuration 0: [de0815a2-edb6-4014-be80-193eceea242b:192.168.151.121:43060, 623c22b8-4c13-4281-9098-2ebcaa8ebf75:192.168.151.121:39127, 1a9a7120-0e30-4c9b-b35f-12e1338ec0ba:192.168.151.121:42905], old=null at 0
2019-09-24 03:26:08,107 [grpc-default-executor-2] INFO  segmented.SegmentedRaftLogWorker (SegmentedRaftLogWorker.java:startLogSegment(380)) - de0815a2-edb6-4014-be80-193eceea242b@group-A48901C17D1E-SegmentedRaftLogWorker: Starting segment from index:0
2019-09-24 03:26:08,107 [grpc-default-executor-0] INFO  segmented.SegmentedRaftLogWorker (SegmentedRaftLogWorker.java:startLogSegment(380)) - 1a9a7120-0e30-4c9b-b35f-12e1338ec0ba@group-A48901C17D1E-SegmentedRaftLogWorker: Starting segment from index:0
2019-09-24 03:26:08,115 [623c22b8-4c13-4281-9098-2ebcaa8ebf75@group-A48901C17D1E-SegmentedRaftLogWorker] INFO  segmented.SegmentedRaftLogWorker (SegmentedRaftLogWorker.java:execute(569)) - 623c22b8-4c13-4281-9098-2ebcaa8ebf75@group-A48901C17D1E-SegmentedRaftLogWorker: created new log segment /workdir/hadoop-ozone/integration-test/target/test-dir/MiniOzoneClusterImpl-e5f1ddf0-a5ce-4ae4-b63c-73802c2fbca4/datanode-2/data/ratis/b317ea30-f654-450e-b88c-a48901c17d1e/current/log_inprogress_0
2019-09-24 03:26:08,145 [1a9a7120-0e30-4c9b-b35f-12e1338ec0ba@group-A48901C17D1E-SegmentedRaftLogWorker] INFO  segmented.SegmentedRaftLogWorker (SegmentedRaftLogWorker.java:execute(569)) - 1a9a7120-0e30-4c9b-b35f-12e1338ec0ba@group-A48901C17D1E-SegmentedRaftLogWorker: created new log segment /workdir/hadoop-ozone/integration-test/target/test-dir/MiniOzoneClusterImpl-e5f1ddf0-a5ce-4ae4-b63c-73802c2fbca4/datanode-7/data/ratis/b317ea30-f654-450e-b88c-a48901c17d1e/current/log_inprogress_0
2019-09-24 03:26:08,145 [de0815a2-edb6-4014-be80-193eceea242b@group-A48901C17D1E-SegmentedRaftLogWorker] INFO  segmented.SegmentedRaftLogWorker (SegmentedRaftLogWorker.java:execute(569)) - de0815a2-edb6-4014-be80-193eceea242b@group-A48901C17D1E-SegmentedRaftLogWorker: created new log segment /workdir/hadoop-ozone/integration-test/target/test-dir/MiniOzoneClusterImpl-e5f1ddf0-a5ce-4ae4-b63c-73802c2fbca4/datanode-4/data/ratis/b317ea30-f654-450e-b88c-a48901c17d1e/current/log_inprogress_0
2019-09-24 03:26:08,549 [main] INFO  ipc.Client (Client.java:handleConnectionFailure(948)) - Retrying connect to server: localhost/127.0.0.1:0. Already tried 6 time(s); retry policy is RetryUpToMaximumCountWithFixedSleep(maxRetries=10, sleepTime=1000 MILLISECONDS)
2019-09-24 03:26:09,550 [main] INFO  ipc.Client (Client.java:handleConnectionFailure(948)) - Retrying connect to server: localhost/127.0.0.1:0. Already tried 7 time(s); retry policy is RetryUpToMaximumCountWithFixedSleep(maxRetries=10, sleepTime=1000 MILLISECONDS)
2019-09-24 03:26:10,551 [main] INFO  ipc.Client (Client.java:handleConnectionFailure(948)) - Retrying connect to server: localhost/127.0.0.1:0. Already tried 8 time(s); retry policy is RetryUpToMaximumCountWithFixedSleep(maxRetries=10, sleepTime=1000 MILLISECONDS)
2019-09-24 03:26:11,552 [main] INFO  ipc.Client (Client.java:handleConnectionFailure(948)) - Retrying connect to server: localhost/127.0.0.1:0. Already tried 9 time(s); retry policy is RetryUpToMaximumCountWithFixedSleep(maxRetries=10, sleepTime=1000 MILLISECONDS)
2019-09-24 03:26:12,557 [main] INFO  ipc.Client (Client.java:handleConnectionFailure(948)) - Retrying connect to server: localhost/127.0.0.1:0. Already tried 0 time(s); retry policy is RetryUpToMaximumCountWithFixedSleep(maxRetries=10, sleepTime=1000 MILLISECONDS)
2019-09-24 03:26:13,034 [Thread-394] INFO  impl.FollowerState (FollowerState.java:run(106)) - 8fc5c081-d984-4303-aba7-473da99cd7d4:group-571D81204003 changes to CANDIDATE, lastRpcTime:5098, electionTimeout:5098ms
2019-09-24 03:26:13,034 [Thread-394] INFO  impl.RoleInfo (RoleInfo.java:shutdownFollowerState(121)) - 8fc5c081-d984-4303-aba7-473da99cd7d4: shutdown FollowerState
2019-09-24 03:26:13,034 [Thread-394] INFO  impl.RaftServerImpl (RaftServerImpl.java:setRole(174)) - 8fc5c081-d984-4303-aba7-473da99cd7d4@group-571D81204003: changes role from  FOLLOWER to CANDIDATE at term 2 for changeToCandidate
2019-09-24 03:26:13,035 [Thread-394] INFO  impl.RoleInfo (RoleInfo.java:updateAndGet(143)) - 8fc5c081-d984-4303-aba7-473da99cd7d4: start LeaderElection
2019-09-24 03:26:13,049 [8fc5c081-d984-4303-aba7-473da99cd7d4@group-571D81204003:LeaderElection17] INFO  impl.LeaderElection (LeaderElection.java:askForVotes(182)) - 8fc5c081-d984-4303-aba7-473da99cd7d4@group-571D81204003:LeaderElection17: begin an election at term 3 for -1: [7d4c7c25-4646-4b04-ba9f-f06f1d3a2755:192.168.151.121:46872, 8fc5c081-d984-4303-aba7-473da99cd7d4:192.168.151.121:46313, 13d11d3e-9895-4970-8096-73396f0d647b:192.168.151.121:45071], old=null
2019-09-24 03:26:13,058 [grpc-default-executor-2] INFO  impl.RaftServerImpl (RaftServerImpl.java:setRole(174)) - 13d11d3e-9895-4970-8096-73396f0d647b@group-571D81204003: changes role from  FOLLOWER to FOLLOWER at term 3 for recognizeCandidate:8fc5c081-d984-4303-aba7-473da99cd7d4
2019-09-24 03:26:13,059 [grpc-default-executor-2] INFO  impl.RoleInfo (RoleInfo.java:shutdownFollowerState(121)) - 13d11d3e-9895-4970-8096-73396f0d647b: shutdown FollowerState
2019-09-24 03:26:13,059 [grpc-default-executor-2] INFO  impl.RoleInfo (RoleInfo.java:updateAndGet(143)) - 13d11d3e-9895-4970-8096-73396f0d647b: start FollowerState
2019-09-24 03:26:13,059 [grpc-default-executor-0] INFO  impl.RaftServerImpl (RaftServerImpl.java:setRole(174)) - 7d4c7c25-4646-4b04-ba9f-f06f1d3a2755@group-571D81204003: changes role from  FOLLOWER to FOLLOWER at term 3 for recognizeCandidate:8fc5c081-d984-4303-aba7-473da99cd7d4
2019-09-24 03:26:13,059 [Thread-393] INFO  impl.FollowerState (FollowerState.java:run(115)) - 13d11d3e-9895-4970-8096-73396f0d647b: FollowerState was interrupted: java.lang.InterruptedException: sleep interrupted
2019-09-24 03:26:13,059 [grpc-default-executor-0] INFO  impl.RoleInfo (RoleInfo.java:shutdownFollowerState(121)) - 7d4c7c25-4646-4b04-ba9f-f06f1d3a2755: shutdown FollowerState
2019-09-24 03:26:13,059 [grpc-default-executor-0] INFO  impl.RoleInfo (RoleInfo.java:updateAndGet(143)) - 7d4c7c25-4646-4b04-ba9f-f06f1d3a2755: start FollowerState
2019-09-24 03:26:13,059 [Thread-401] INFO  impl.FollowerState (FollowerState.java:run(115)) - 7d4c7c25-4646-4b04-ba9f-f06f1d3a2755: FollowerState was interrupted: java.lang.InterruptedException: sleep interrupted
2019-09-24 03:26:13,075 [8fc5c081-d984-4303-aba7-473da99cd7d4@group-571D81204003:LeaderElection17] INFO  impl.LeaderElection (LeaderElection.java:logAndReturn(56)) - 8fc5c081-d984-4303-aba7-473da99cd7d4@group-571D81204003:LeaderElection17: Election PASSED; received 1 response(s) [8fc5c081-d984-4303-aba7-473da99cd7d4<-7d4c7c25-4646-4b04-ba9f-f06f1d3a2755#0:OK-t3] and 0 exception(s); 8fc5c081-d984-4303-aba7-473da99cd7d4@group-571D81204003:t3, leader=null, voted=8fc5c081-d984-4303-aba7-473da99cd7d4, raftlog=8fc5c081-d984-4303-aba7-473da99cd7d4@group-571D81204003-SegmentedRaftLog:OPENED:c-1,f-1,i0, conf=-1: [7d4c7c25-4646-4b04-ba9f-f06f1d3a2755:192.168.151.121:46872, 8fc5c081-d984-4303-aba7-473da99cd7d4:192.168.151.121:46313, 13d11d3e-9895-4970-8096-73396f0d647b:192.168.151.121:45071], old=null
2019-09-24 03:26:13,075 [8fc5c081-d984-4303-aba7-473da99cd7d4@group-571D81204003:LeaderElection17] INFO  impl.RoleInfo (RoleInfo.java:shutdownLeaderElection(134)) - 8fc5c081-d984-4303-aba7-473da99cd7d4: shutdown LeaderElection
2019-09-24 03:26:13,077 [8fc5c081-d984-4303-aba7-473da99cd7d4@group-571D81204003:LeaderElection17] INFO  impl.RaftServerImpl (RaftServerImpl.java:setRole(174)) - 8fc5c081-d984-4303-aba7-473da99cd7d4@group-571D81204003: changes role from CANDIDATE to LEADER at term 3 for changeToLeader
2019-09-24 03:26:13,079 [8fc5c081-d984-4303-aba7-473da99cd7d4@group-571D81204003:LeaderElection17] INFO  impl.RaftServerImpl (ServerState.java:setLeader(253)) - 8fc5c081-d984-4303-aba7-473da99cd7d4@group-571D81204003: change Leader from null to 8fc5c081-d984-4303-aba7-473da99cd7d4 at term 3 for becomeLeader, leader elected after 10359ms
2019-09-24 03:26:13,079 [8fc5c081-d984-4303-aba7-473da99cd7d4@group-571D81204003:LeaderElection17] INFO  server.RaftServerConfigKeys (ConfUtils.java:logGet(43)) - raft.server.staging.catchup.gap = 1000 (default)
2019-09-24 03:26:13,079 [8fc5c081-d984-4303-aba7-473da99cd7d4@group-571D81204003:LeaderElection17] INFO  server.RaftServerConfigKeys (ConfUtils.java:logGet(43)) - raft.server.rpc.sleep.time = 25ms (default)
2019-09-24 03:26:13,079 [8fc5c081-d984-4303-aba7-473da99cd7d4@group-571D81204003:LeaderElection17] INFO  server.RaftServerConfigKeys (ConfUtils.java:logGet(43)) - raft.server.write.element-limit = 4096 (default)
2019-09-24 03:26:13,079 [8fc5c081-d984-4303-aba7-473da99cd7d4@group-571D81204003:LeaderElection17] INFO  server.RaftServerConfigKeys (ConfUtils.java:logGet(43)) - raft.server.watch.timeout = 10s (default)
2019-09-24 03:26:13,079 [8fc5c081-d984-4303-aba7-473da99cd7d4@group-571D81204003:LeaderElection17] INFO  server.RaftServerConfigKeys (ConfUtils.java:logGet(43)) - raft.server.watch.timeout.denomination = 1s (default)
2019-09-24 03:26:13,080 [8fc5c081-d984-4303-aba7-473da99cd7d4@group-571D81204003:LeaderElection17] INFO  server.RaftServerConfigKeys (ConfUtils.java:logGet(43)) - raft.server.watch.element-limit = 65536 (default)
2019-09-24 03:26:13,081 [8fc5c081-d984-4303-aba7-473da99cd7d4@group-571D81204003:LeaderElection17] INFO  server.RaftServerConfigKeys (ConfUtils.java:logGet(43)) - raft.server.log.appender.snapshot.chunk.size.max = 16MB (=16777216) (default)
2019-09-24 03:26:13,082 [8fc5c081-d984-4303-aba7-473da99cd7d4@group-571D81204003:LeaderElection17] INFO  server.RaftServerConfigKeys (ConfUtils.java:logGet(43)) - raft.server.log.appender.buffer.byte-limit = 33554432 (custom)
2019-09-24 03:26:13,082 [8fc5c081-d984-4303-aba7-473da99cd7d4@group-571D81204003:LeaderElection17] INFO  server.RaftServerConfigKeys (ConfUtils.java:logGet(43)) - raft.server.log.appender.buffer.element-limit = 1 (custom)
2019-09-24 03:26:13,082 [8fc5c081-d984-4303-aba7-473da99cd7d4@group-571D81204003:LeaderElection17] INFO  grpc.GrpcConfigKeys$Server (ConfUtils.java:logGet(43)) - raft.grpc.server.leader.outstanding.appends.max = 128 (default)
2019-09-24 03:26:13,082 [8fc5c081-d984-4303-aba7-473da99cd7d4@group-571D81204003:LeaderElection17] INFO  server.RaftServerConfigKeys (ConfUtils.java:logGet(43)) - raft.server.rpc.request.timeout = 3000ms (default)
2019-09-24 03:26:13,082 [8fc5c081-d984-4303-aba7-473da99cd7d4@group-571D81204003:LeaderElection17] INFO  server.RaftServerConfigKeys (ConfUtils.java:logGet(43)) - raft.server.log.appender.install.snapshot.enabled = false (custom)
2019-09-24 03:26:13,082 [8fc5c081-d984-4303-aba7-473da99cd7d4@group-571D81204003:LeaderElection17] INFO  server.RaftServerConfigKeys (ConfUtils.java:logGet(43)) - raft.server.log.appender.snapshot.chunk.size.max = 16MB (=16777216) (default)
2019-09-24 03:26:13,082 [8fc5c081-d984-4303-aba7-473da99cd7d4@group-571D81204003:LeaderElection17] INFO  server.RaftServerConfigKeys (ConfUtils.java:logGet(43)) - raft.server.log.appender.buffer.byte-limit = 33554432 (custom)
2019-09-24 03:26:13,083 [8fc5c081-d984-4303-aba7-473da99cd7d4@group-571D81204003:LeaderElection17] INFO  server.RaftServerConfigKeys (ConfUtils.java:logGet(43)) - raft.server.log.appender.buffer.element-limit = 1 (custom)
2019-09-24 03:26:13,083 [8fc5c081-d984-4303-aba7-473da99cd7d4@group-571D81204003:LeaderElection17] INFO  grpc.GrpcConfigKeys$Server (ConfUtils.java:logGet(43)) - raft.grpc.server.leader.outstanding.appends.max = 128 (default)
2019-09-24 03:26:13,083 [8fc5c081-d984-4303-aba7-473da99cd7d4@group-571D81204003:LeaderElection17] INFO  server.RaftServerConfigKeys (ConfUtils.java:logGet(43)) - raft.server.rpc.request.timeout = 3000ms (default)
2019-09-24 03:26:13,083 [8fc5c081-d984-4303-aba7-473da99cd7d4@group-571D81204003:LeaderElection17] INFO  server.RaftServerConfigKeys (ConfUtils.java:logGet(43)) - raft.server.log.appender.install.snapshot.enabled = false (custom)
2019-09-24 03:26:13,083 [8fc5c081-d984-4303-aba7-473da99cd7d4@group-571D81204003:LeaderElection17] INFO  impl.RoleInfo (RoleInfo.java:updateAndGet(143)) - 8fc5c081-d984-4303-aba7-473da99cd7d4: start LeaderState
2019-09-24 03:26:13,083 [8fc5c081-d984-4303-aba7-473da99cd7d4@group-571D81204003:LeaderElection17] INFO  segmented.SegmentedRaftLogWorker (SegmentedRaftLogWorker.java:startLogSegment(380)) - 8fc5c081-d984-4303-aba7-473da99cd7d4@group-571D81204003-SegmentedRaftLogWorker: Starting segment from index:0
2019-09-24 03:26:13,084 [8fc5c081-d984-4303-aba7-473da99cd7d4@group-571D81204003:LeaderElection17] INFO  impl.RaftServerImpl (ServerState.java:setRaftConf(354)) - 8fc5c081-d984-4303-aba7-473da99cd7d4@group-571D81204003: set configuration 0: [7d4c7c25-4646-4b04-ba9f-f06f1d3a2755:192.168.151.121:46872, 8fc5c081-d984-4303-aba7-473da99cd7d4:192.168.151.121:46313, 13d11d3e-9895-4970-8096-73396f0d647b:192.168.151.121:45071], old=null at 0
2019-09-24 03:26:13,112 [grpc-default-executor-0] INFO  impl.RaftServerImpl (ServerState.java:setLeader(253)) - 13d11d3e-9895-4970-8096-73396f0d647b@group-571D81204003: change Leader from null to 8fc5c081-d984-4303-aba7-473da99cd7d4 at term 3 for appendEntries, leader elected after 10393ms
2019-09-24 03:26:13,115 [grpc-default-executor-2] INFO  impl.RaftServerImpl (ServerState.java:setLeader(253)) - 7d4c7c25-4646-4b04-ba9f-f06f1d3a2755@group-571D81204003: change Leader from null to 8fc5c081-d984-4303-aba7-473da99cd7d4 at term 3 for appendEntries, leader elected after 10395ms
2019-09-24 03:26:13,118 [grpc-default-executor-0] INFO  impl.RaftServerImpl (ServerState.java:setRaftConf(354)) - 13d11d3e-9895-4970-8096-73396f0d647b@group-571D81204003: set configuration 0: [7d4c7c25-4646-4b04-ba9f-f06f1d3a2755:192.168.151.121:46872, 8fc5c081-d984-4303-aba7-473da99cd7d4:192.168.151.121:46313, 13d11d3e-9895-4970-8096-73396f0d647b:192.168.151.121:45071], old=null at 0
2019-09-24 03:26:13,118 [grpc-default-executor-2] INFO  impl.RaftServerImpl (ServerState.java:setRaftConf(354)) - 7d4c7c25-4646-4b04-ba9f-f06f1d3a2755@group-571D81204003: set configuration 0: [7d4c7c25-4646-4b04-ba9f-f06f1d3a2755:192.168.151.121:46872, 8fc5c081-d984-4303-aba7-473da99cd7d4:192.168.151.121:46313, 13d11d3e-9895-4970-8096-73396f0d647b:192.168.151.121:45071], old=null at 0
2019-09-24 03:26:13,118 [grpc-default-executor-0] INFO  segmented.SegmentedRaftLogWorker (SegmentedRaftLogWorker.java:startLogSegment(380)) - 13d11d3e-9895-4970-8096-73396f0d647b@group-571D81204003-SegmentedRaftLogWorker: Starting segment from index:0
2019-09-24 03:26:13,118 [grpc-default-executor-2] INFO  segmented.SegmentedRaftLogWorker (SegmentedRaftLogWorker.java:startLogSegment(380)) - 7d4c7c25-4646-4b04-ba9f-f06f1d3a2755@group-571D81204003-SegmentedRaftLogWorker: Starting segment from index:0
2019-09-24 03:26:13,123 [8fc5c081-d984-4303-aba7-473da99cd7d4@group-571D81204003-SegmentedRaftLogWorker] INFO  segmented.SegmentedRaftLogWorker (SegmentedRaftLogWorker.java:execute(569)) - 8fc5c081-d984-4303-aba7-473da99cd7d4@group-571D81204003-SegmentedRaftLogWorker: created new log segment /workdir/hadoop-ozone/integration-test/target/test-dir/MiniOzoneClusterImpl-e5f1ddf0-a5ce-4ae4-b63c-73802c2fbca4/datanode-1/data/ratis/129f5ac4-9578-4340-bb19-571d81204003/current/log_inprogress_0
2019-09-24 03:26:13,157 [7d4c7c25-4646-4b04-ba9f-f06f1d3a2755@group-571D81204003-SegmentedRaftLogWorker] INFO  segmented.SegmentedRaftLogWorker (SegmentedRaftLogWorker.java:execute(569)) - 7d4c7c25-4646-4b04-ba9f-f06f1d3a2755@group-571D81204003-SegmentedRaftLogWorker: created new log segment /workdir/hadoop-ozone/integration-test/target/test-dir/MiniOzoneClusterImpl-e5f1ddf0-a5ce-4ae4-b63c-73802c2fbca4/datanode-0/data/ratis/129f5ac4-9578-4340-bb19-571d81204003/current/log_inprogress_0
2019-09-24 03:26:13,157 [13d11d3e-9895-4970-8096-73396f0d647b@group-571D81204003-SegmentedRaftLogWorker] INFO  segmented.SegmentedRaftLogWorker (SegmentedRaftLogWorker.java:execute(569)) - 13d11d3e-9895-4970-8096-73396f0d647b@group-571D81204003-SegmentedRaftLogWorker: created new log segment /workdir/hadoop-ozone/integration-test/target/test-dir/MiniOzoneClusterImpl-e5f1ddf0-a5ce-4ae4-b63c-73802c2fbca4/datanode-6/data/ratis/129f5ac4-9578-4340-bb19-571d81204003/current/log_inprogress_0
2019-09-24 03:26:13,558 [main] INFO  ipc.Client (Client.java:handleConnectionFailure(948)) - Retrying connect to server: localhost/127.0.0.1:0. Already tried 1 time(s); retry policy is RetryUpToMaximumCountWithFixedSleep(maxRetries=10, sleepTime=1000 MILLISECONDS)
2019-09-24 03:26:14,559 [main] INFO  ipc.Client (Client.java:handleConnectionFailure(948)) - Retrying connect to server: localhost/127.0.0.1:0. Already tried 2 time(s); retry policy is RetryUpToMaximumCountWithFixedSleep(maxRetries=10, sleepTime=1000 MILLISECONDS)
2019-09-24 03:26:15,560 [main] INFO  ipc.Client (Client.java:handleConnectionFailure(948)) - Retrying connect to server: localhost/127.0.0.1:0. Already tried 3 time(s); retry policy is RetryUpToMaximumCountWithFixedSleep(maxRetries=10, sleepTime=1000 MILLISECONDS)
2019-09-24 03:26:16,561 [main] INFO  ipc.Client (Client.java:handleConnectionFailure(948)) - Retrying connect to server: localhost/127.0.0.1:0. Already tried 4 time(s); retry policy is RetryUpToMaximumCountWithFixedSleep(maxRetries=10, sleepTime=1000 MILLISECONDS)
2019-09-24 03:26:17,563 [main] INFO  ipc.Client (Client.java:handleConnectionFailure(948)) - Retrying connect to server: localhost/127.0.0.1:0. Already tried 5 time(s); retry policy is RetryUpToMaximumCountWithFixedSleep(maxRetries=10, sleepTime=1000 MILLISECONDS)
2019-09-24 03:26:18,564 [main] INFO  ipc.Client (Client.java:handleConnectionFailure(948)) - Retrying connect to server: localhost/127.0.0.1:0. Already tried 6 time(s); retry policy is RetryUpToMaximumCountWithFixedSleep(maxRetries=10, sleepTime=1000 MILLISECONDS)
2019-09-24 03:26:19,565 [main] INFO  ipc.Client (Client.java:handleConnectionFailure(948)) - Retrying connect to server: localhost/127.0.0.1:0. Already tried 7 time(s); retry policy is RetryUpToMaximumCountWithFixedSleep(maxRetries=10, sleepTime=1000 MILLISECONDS)
2019-09-24 03:26:20,566 [main] INFO  ipc.Client (Client.java:handleConnectionFailure(948)) - Retrying connect to server: localhost/127.0.0.1:0. Already tried 8 time(s); retry policy is RetryUpToMaximumCountWithFixedSleep(maxRetries=10, sleepTime=1000 MILLISECONDS)
2019-09-24 03:26:21,584 [main] INFO  ipc.Client (Client.java:handleConnectionFailure(948)) - Retrying connect to server: localhost/127.0.0.1:0. Already tried 9 time(s); retry policy is RetryUpToMaximumCountWithFixedSleep(maxRetries=10, sleepTime=1000 MILLISECONDS)
2019-09-24 03:26:21,589 [main] INFO  retry.RetryInvocationHandler (RetryInvocationHandler.java:log(411)) - com.google.protobuf.ServiceException: java.net.ConnectException: Your endpoint configuration is wrong; For more details see:  http://wiki.apache.org/hadoop/UnsetHostnameOrPort, while invoking $Proxy85.submitRequest over nodeId=null,nodeAddress=127.0.0.1:0 after 1 failover attempts. Trying to failover immediately.
2019-09-24 03:26:22,590 [main] INFO  ipc.Client (Client.java:handleConnectionFailure(948)) - Retrying connect to server: localhost/127.0.0.1:0. Already tried 0 time(s); retry policy is RetryUpToMaximumCountWithFixedSleep(maxRetries=10, sleepTime=1000 MILLISECONDS)
2019-09-24 03:26:23,603 [main] INFO  ipc.Client (Client.java:handleConnectionFailure(948)) - Retrying connect to server: localhost/127.0.0.1:0. Already tried 1 time(s); retry policy is RetryUpToMaximumCountWithFixedSleep(maxRetries=10, sleepTime=1000 MILLISECONDS)
2019-09-24 03:26:24,607 [main] INFO  ipc.Client (Client.java:handleConnectionFailure(948)) - Retrying connect to server: localhost/127.0.0.1:0. Already tried 2 time(s); retry policy is RetryUpToMaximumCountWithFixedSleep(maxRetries=10, sleepTime=1000 MILLISECONDS)
2019-09-24 03:26:25,610 [main] INFO  ipc.Client (Client.java:handleConnectionFailure(948)) - Retrying connect to server: localhost/127.0.0.1:0. Already tried 3 time(s); retry policy is RetryUpToMaximumCountWithFixedSleep(maxRetries=10, sleepTime=1000 MILLISECONDS)
2019-09-24 03:26:26,611 [main] INFO  ipc.Client (Client.java:handleConnectionFailure(948)) - Retrying connect to server: localhost/127.0.0.1:0. Already tried 4 time(s); retry policy is RetryUpToMaximumCountWithFixedSleep(maxRetries=10, sleepTime=1000 MILLISECONDS)
2019-09-24 03:26:27,612 [main] INFO  ipc.Client (Client.java:handleConnectionFailure(948)) - Retrying connect to server: localhost/127.0.0.1:0. Already tried 5 time(s); retry policy is RetryUpToMaximumCountWithFixedSleep(maxRetries=10, sleepTime=1000 MILLISECONDS)
2019-09-24 03:26:28,613 [main] INFO  ipc.Client (Client.java:handleConnectionFailure(948)) - Retrying connect to server: localhost/127.0.0.1:0. Already tried 6 time(s); retry policy is RetryUpToMaximumCountWithFixedSleep(maxRetries=10, sleepTime=1000 MILLISECONDS)
2019-09-24 03:26:29,614 [main] INFO  ipc.Client (Client.java:handleConnectionFailure(948)) - Retrying connect to server: localhost/127.0.0.1:0. Already tried 7 time(s); retry policy is RetryUpToMaximumCountWithFixedSleep(maxRetries=10, sleepTime=1000 MILLISECONDS)
2019-09-24 03:26:30,615 [main] INFO  ipc.Client (Client.java:handleConnectionFailure(948)) - Retrying connect to server: localhost/127.0.0.1:0. Already tried 8 time(s); retry policy is RetryUpToMaximumCountWithFixedSleep(maxRetries=10, sleepTime=1000 MILLISECONDS)
2019-09-24 03:26:31,616 [main] INFO  ipc.Client (Client.java:handleConnectionFailure(948)) - Retrying connect to server: localhost/127.0.0.1:0. Already tried 9 time(s); retry policy is RetryUpToMaximumCountWithFixedSleep(maxRetries=10, sleepTime=1000 MILLISECONDS)
2019-09-24 03:26:31,617 [main] INFO  retry.RetryInvocationHandler (RetryInvocationHandler.java:log(411)) - com.google.protobuf.ServiceException: java.net.ConnectException: Your endpoint configuration is wrong; For more details see:  http://wiki.apache.org/hadoop/UnsetHostnameOrPort, while invoking $Proxy85.submitRequest over nodeId=null,nodeAddress=127.0.0.1:0 after 2 failover attempts. Trying to failover immediately.
2019-09-24 03:26:32,618 [main] INFO  ipc.Client (Client.java:handleConnectionFailure(948)) - Retrying connect to server: localhost/127.0.0.1:0. Already tried 0 time(s); retry policy is RetryUpToMaximumCountWithFixedSleep(maxRetries=10, sleepTime=1000 MILLISECONDS)
2019-09-24 03:26:33,619 [main] INFO  ipc.Client (Client.java:handleConnectionFailure(948)) - Retrying connect to server: localhost/127.0.0.1:0. Already tried 1 time(s); retry policy is RetryUpToMaximumCountWithFixedSleep(maxRetries=10, sleepTime=1000 MILLISECONDS)
2019-09-24 03:26:34,620 [main] INFO  ipc.Client (Client.java:handleConnectionFailure(948)) - Retrying connect to server: localhost/127.0.0.1:0. Already tried 2 time(s); retry policy is RetryUpToMaximumCountWithFixedSleep(maxRetries=10, sleepTime=1000 MILLISECONDS)
2019-09-24 03:26:35,621 [main] INFO  ipc.Client (Client.java:handleConnectionFailure(948)) - Retrying connect to server: localhost/127.0.0.1:0. Already tried 3 time(s); retry policy is RetryUpToMaximumCountWithFixedSleep(maxRetries=10, sleepTime=1000 MILLISECONDS)
2019-09-24 03:26:36,622 [main] INFO  ipc.Client (Client.java:handleConnectionFailure(948)) - Retrying connect to server: localhost/127.0.0.1:0. Already tried 4 time(s); retry policy is RetryUpToMaximumCountWithFixedSleep(maxRetries=10, sleepTime=1000 MILLISECONDS)
2019-09-24 03:26:37,623 [main] INFO  ipc.Client (Client.java:handleConnectionFailure(948)) - Retrying connect to server: localhost/127.0.0.1:0. Already tried 5 time(s); retry policy is RetryUpToMaximumCountWithFixedSleep(maxRetries=10, sleepTime=1000 MILLISECONDS)
2019-09-24 03:26:38,624 [main] INFO  ipc.Client (Client.java:handleConnectionFailure(948)) - Retrying connect to server: localhost/127.0.0.1:0. Already tried 6 time(s); retry policy is RetryUpToMaximumCountWithFixedSleep(maxRetries=10, sleepTime=1000 MILLISECONDS)
2019-09-24 03:26:39,625 [main] INFO  ipc.Client (Client.java:handleConnectionFailure(948)) - Retrying connect to server: localhost/127.0.0.1:0. Already tried 7 time(s); retry policy is RetryUpToMaximumCountWithFixedSleep(maxRetries=10, sleepTime=1000 MILLISECONDS)
2019-09-24 03:26:40,626 [main] INFO  ipc.Client (Client.java:handleConnectionFailure(948)) - Retrying connect to server: localhost/127.0.0.1:0. Already tried 8 time(s); retry policy is RetryUpToMaximumCountWithFixedSleep(maxRetries=10, sleepTime=1000 MILLISECONDS)
2019-09-24 03:26:41,626 [main] INFO  ipc.Client (Client.java:handleConnectionFailure(948)) - Retrying connect to server: localhost/127.0.0.1:0. Already tried 9 time(s); retry policy is RetryUpToMaximumCountWithFixedSleep(maxRetries=10, sleepTime=1000 MILLISECONDS)
2019-09-24 03:26:41,628 [main] INFO  retry.RetryInvocationHandler (RetryInvocationHandler.java:log(411)) - com.google.protobuf.ServiceException: java.net.ConnectException: Your endpoint configuration is wrong; For more details see:  http://wiki.apache.org/hadoop/UnsetHostnameOrPort, while invoking $Proxy85.submitRequest over nodeId=null,nodeAddress=127.0.0.1:0 after 3 failover attempts. Trying to failover immediately.
2019-09-24 03:26:42,629 [main] INFO  ipc.Client (Client.java:handleConnectionFailure(948)) - Retrying connect to server: localhost/127.0.0.1:0. Already tried 0 time(s); retry policy is RetryUpToMaximumCountWithFixedSleep(maxRetries=10, sleepTime=1000 MILLISECONDS)
2019-09-24 03:26:43,630 [main] INFO  ipc.Client (Client.java:handleConnectionFailure(948)) - Retrying connect to server: localhost/127.0.0.1:0. Already tried 1 time(s); retry policy is RetryUpToMaximumCountWithFixedSleep(maxRetries=10, sleepTime=1000 MILLISECONDS)
2019-09-24 03:26:44,631 [main] INFO  ipc.Client (Client.java:handleConnectionFailure(948)) - Retrying connect to server: localhost/127.0.0.1:0. Already tried 2 time(s); retry policy is RetryUpToMaximumCountWithFixedSleep(maxRetries=10, sleepTime=1000 MILLISECONDS)
2019-09-24 03:26:45,632 [main] INFO  ipc.Client (Client.java:handleConnectionFailure(948)) - Retrying connect to server: localhost/127.0.0.1:0. Already tried 3 time(s); retry policy is RetryUpToMaximumCountWithFixedSleep(maxRetries=10, sleepTime=1000 MILLISECONDS)
2019-09-24 03:26:46,633 [main] INFO  ipc.Client (Client.java:handleConnectionFailure(948)) - Retrying connect to server: localhost/127.0.0.1:0. Already tried 4 time(s); retry policy is RetryUpToMaximumCountWithFixedSleep(maxRetries=10, sleepTime=1000 MILLISECONDS)
2019-09-24 03:26:47,635 [main] INFO  ipc.Client (Client.java:handleConnectionFailure(948)) - Retrying connect to server: localhost/127.0.0.1:0. Already tried 5 time(s); retry policy is RetryUpToMaximumCountWithFixedSleep(maxRetries=10, sleepTime=1000 MILLISECONDS)
2019-09-24 03:26:48,636 [main] INFO  ipc.Client (Client.java:handleConnectionFailure(948)) - Retrying connect to server: localhost/127.0.0.1:0. Already tried 6 time(s); retry policy is RetryUpToMaximumCountWithFixedSleep(maxRetries=10, sleepTime=1000 MILLISECONDS)
2019-09-24 03:26:49,637 [main] INFO  ipc.Client (Client.java:handleConnectionFailure(948)) - Retrying connect to server: localhost/127.0.0.1:0. Already tried 7 time(s); retry policy is RetryUpToMaximumCountWithFixedSleep(maxRetries=10, sleepTime=1000 MILLISECONDS)
2019-09-24 03:26:50,638 [main] INFO  ipc.Client (Client.java:handleConnectionFailure(948)) - Retrying connect to server: localhost/127.0.0.1:0. Already tried 8 time(s); retry policy is RetryUpToMaximumCountWithFixedSleep(maxRetries=10, sleepTime=1000 MILLISECONDS)
2019-09-24 03:26:51,638 [main] INFO  ipc.Client (Client.java:handleConnectionFailure(948)) - Retrying connect to server: localhost/127.0.0.1:0. Already tried 9 time(s); retry policy is RetryUpToMaximumCountWithFixedSleep(maxRetries=10, sleepTime=1000 MILLISECONDS)
2019-09-24 03:26:51,640 [main] INFO  retry.RetryInvocationHandler (RetryInvocationHandler.java:log(411)) - com.google.protobuf.ServiceException: java.net.ConnectException: Your endpoint configuration is wrong; For more details see:  http://wiki.apache.org/hadoop/UnsetHostnameOrPort, while invoking $Proxy85.submitRequest over nodeId=null,nodeAddress=127.0.0.1:0 after 4 failover attempts. Trying to failover immediately.
2019-09-24 03:26:52,640 [main] INFO  ipc.Client (Client.java:handleConnectionFailure(948)) - Retrying connect to server: localhost/127.0.0.1:0. Already tried 0 time(s); retry policy is RetryUpToMaximumCountWithFixedSleep(maxRetries=10, sleepTime=1000 MILLISECONDS)
2019-09-24 03:26:53,641 [main] INFO  ipc.Client (Client.java:handleConnectionFailure(948)) - Retrying connect to server: localhost/127.0.0.1:0. Already tried 1 time(s); retry policy is RetryUpToMaximumCountWithFixedSleep(maxRetries=10, sleepTime=1000 MILLISECONDS)
2019-09-24 03:26:54,643 [main] INFO  ipc.Client (Client.java:handleConnectionFailure(948)) - Retrying connect to server: localhost/127.0.0.1:0. Already tried 2 time(s); retry policy is RetryUpToMaximumCountWithFixedSleep(maxRetries=10, sleepTime=1000 MILLISECONDS)
2019-09-24 03:26:55,644 [main] INFO  ipc.Client (Client.java:handleConnectionFailure(948)) - Retrying connect to server: localhost/127.0.0.1:0. Already tried 3 time(s); retry policy is RetryUpToMaximumCountWithFixedSleep(maxRetries=10, sleepTime=1000 MILLISECONDS)
2019-09-24 03:26:56,645 [main] INFO  ipc.Client (Client.java:handleConnectionFailure(948)) - Retrying connect to server: localhost/127.0.0.1:0. Already tried 4 time(s); retry policy is RetryUpToMaximumCountWithFixedSleep(maxRetries=10, sleepTime=1000 MILLISECONDS)
2019-09-24 03:26:57,646 [main] INFO  ipc.Client (Client.java:handleConnectionFailure(948)) - Retrying connect to server: localhost/127.0.0.1:0. Already tried 5 time(s); retry policy is RetryUpToMaximumCountWithFixedSleep(maxRetries=10, sleepTime=1000 MILLISECONDS)
2019-09-24 03:26:58,647 [main] INFO  ipc.Client (Client.java:handleConnectionFailure(948)) - Retrying connect to server: localhost/127.0.0.1:0. Already tried 6 time(s); retry policy is RetryUpToMaximumCountWithFixedSleep(maxRetries=10, sleepTime=1000 MILLISECONDS)
2019-09-24 03:26:59,649 [main] INFO  ipc.Client (Client.java:handleConnectionFailure(948)) - Retrying connect to server: localhost/127.0.0.1:0. Already tried 7 time(s); retry policy is RetryUpToMaximumCountWithFixedSleep(maxRetries=10, sleepTime=1000 MILLISECONDS)
2019-09-24 03:27:00,650 [main] INFO  ipc.Client (Client.java:handleConnectionFailure(948)) - Retrying connect to server: localhost/127.0.0.1:0. Already tried 8 time(s); retry policy is RetryUpToMaximumCountWithFixedSleep(maxRetries=10, sleepTime=1000 MILLISECONDS)
2019-09-24 03:27:01,651 [main] INFO  ipc.Client (Client.java:handleConnectionFailure(948)) - Retrying connect to server: localhost/127.0.0.1:0. Already tried 9 time(s); retry policy is RetryUpToMaximumCountWithFixedSleep(maxRetries=10, sleepTime=1000 MILLISECONDS)
2019-09-24 03:27:01,653 [main] INFO  retry.RetryInvocationHandler (RetryInvocationHandler.java:log(411)) - com.google.protobuf.ServiceException: java.net.ConnectException: Your endpoint configuration is wrong; For more details see:  http://wiki.apache.org/hadoop/UnsetHostnameOrPort, while invoking $Proxy85.submitRequest over nodeId=null,nodeAddress=127.0.0.1:0 after 5 failover attempts. Trying to failover immediately.
2019-09-24 03:27:02,654 [main] INFO  ipc.Client (Client.java:handleConnectionFailure(948)) - Retrying connect to server: localhost/127.0.0.1:0. Already tried 0 time(s); retry policy is RetryUpToMaximumCountWithFixedSleep(maxRetries=10, sleepTime=1000 MILLISECONDS)
2019-09-24 03:27:03,655 [main] INFO  ipc.Client (Client.java:handleConnectionFailure(948)) - Retrying connect to server: localhost/127.0.0.1:0. Already tried 1 time(s); retry policy is RetryUpToMaximumCountWithFixedSleep(maxRetries=10, sleepTime=1000 MILLISECONDS)
2019-09-24 03:27:04,656 [main] INFO  ipc.Client (Client.java:handleConnectionFailure(948)) - Retrying connect to server: localhost/127.0.0.1:0. Already tried 2 time(s); retry policy is RetryUpToMaximumCountWithFixedSleep(maxRetries=10, sleepTime=1000 MILLISECONDS)
2019-09-24 03:27:05,657 [main] INFO  ipc.Client (Client.java:handleConnectionFailure(948)) - Retrying connect to server: localhost/127.0.0.1:0. Already tried 3 time(s); retry policy is RetryUpToMaximumCountWithFixedSleep(maxRetries=10, sleepTime=1000 MILLISECONDS)
2019-09-24 03:27:06,659 [main] INFO  ipc.Client (Client.java:handleConnectionFailure(948)) - Retrying connect to server: localhost/127.0.0.1:0. Already tried 4 time(s); retry policy is RetryUpToMaximumCountWithFixedSleep(maxRetries=10, sleepTime=1000 MILLISECONDS)
2019-09-24 03:27:07,660 [main] INFO  ipc.Client (Client.java:handleConnectionFailure(948)) - Retrying connect to server: localhost/127.0.0.1:0. Already tried 5 time(s); retry policy is RetryUpToMaximumCountWithFixedSleep(maxRetries=10, sleepTime=1000 MILLISECONDS)
2019-09-24 03:27:08,661 [main] INFO  ipc.Client (Client.java:handleConnectionFailure(948)) - Retrying connect to server: localhost/127.0.0.1:0. Already tried 6 time(s); retry policy is RetryUpToMaximumCountWithFixedSleep(maxRetries=10, sleepTime=1000 MILLISECONDS)
2019-09-24 03:27:09,662 [main] INFO  ipc.Client (Client.java:handleConnectionFailure(948)) - Retrying connect to server: localhost/127.0.0.1:0. Already tried 7 time(s); retry policy is RetryUpToMaximumCountWithFixedSleep(maxRetries=10, sleepTime=1000 MILLISECONDS)
2019-09-24 03:27:10,663 [main] INFO  ipc.Client (Client.java:handleConnectionFailure(948)) - Retrying connect to server: localhost/127.0.0.1:0. Already tried 8 time(s); retry policy is RetryUpToMaximumCountWithFixedSleep(maxRetries=10, sleepTime=1000 MILLISECONDS)
2019-09-24 03:27:11,664 [main] INFO  ipc.Client (Client.java:handleConnectionFailure(948)) - Retrying connect to server: localhost/127.0.0.1:0. Already tried 9 time(s); retry policy is RetryUpToMaximumCountWithFixedSleep(maxRetries=10, sleepTime=1000 MILLISECONDS)
2019-09-24 03:27:11,665 [main] INFO  retry.RetryInvocationHandler (RetryInvocationHandler.java:log(411)) - com.google.protobuf.ServiceException: java.net.ConnectException: Your endpoint configuration is wrong; For more details see:  http://wiki.apache.org/hadoop/UnsetHostnameOrPort, while invoking $Proxy85.submitRequest over nodeId=null,nodeAddress=127.0.0.1:0 after 6 failover attempts. Trying to failover immediately.
2019-09-24 03:27:12,667 [main] INFO  ipc.Client (Client.java:handleConnectionFailure(948)) - Retrying connect to server: localhost/127.0.0.1:0. Already tried 0 time(s); retry policy is RetryUpToMaximumCountWithFixedSleep(maxRetries=10, sleepTime=1000 MILLISECONDS)
2019-09-24 03:27:13,667 [main] INFO  ipc.Client (Client.java:handleConnectionFailure(948)) - Retrying connect to server: localhost/127.0.0.1:0. Already tried 1 time(s); retry policy is RetryUpToMaximumCountWithFixedSleep(maxRetries=10, sleepTime=1000 MILLISECONDS)
2019-09-24 03:27:14,668 [main] INFO  ipc.Client (Client.java:handleConnectionFailure(948)) - Retrying connect to server: localhost/127.0.0.1:0. Already tried 2 time(s); retry policy is RetryUpToMaximumCountWithFixedSleep(maxRetries=10, sleepTime=1000 MILLISECONDS)
2019-09-24 03:27:15,669 [main] INFO  ipc.Client (Client.java:handleConnectionFailure(948)) - Retrying connect to server: localhost/127.0.0.1:0. Already tried 3 time(s); retry policy is RetryUpToMaximumCountWithFixedSleep(maxRetries=10, sleepTime=1000 MILLISECONDS)
2019-09-24 03:27:16,670 [main] INFO  ipc.Client (Client.java:handleConnectionFailure(948)) - Retrying connect to server: localhost/127.0.0.1:0. Already tried 4 time(s); retry policy is RetryUpToMaximumCountWithFixedSleep(maxRetries=10, sleepTime=1000 MILLISECONDS)
2019-09-24 03:27:17,671 [main] INFO  ipc.Client (Client.java:handleConnectionFailure(948)) - Retrying connect to server: localhost/127.0.0.1:0. Already tried 5 time(s); retry policy is RetryUpToMaximumCountWithFixedSleep(maxRetries=10, sleepTime=1000 MILLISECONDS)
2019-09-24 03:27:18,673 [main] INFO  ipc.Client (Client.java:handleConnectionFailure(948)) - Retrying connect to server: localhost/127.0.0.1:0. Already tried 6 time(s); retry policy is RetryUpToMaximumCountWithFixedSleep(maxRetries=10, sleepTime=1000 MILLISECONDS)
2019-09-24 03:27:19,674 [main] INFO  ipc.Client (Client.java:handleConnectionFailure(948)) - Retrying connect to server: localhost/127.0.0.1:0. Already tried 7 time(s); retry policy is RetryUpToMaximumCountWithFixedSleep(maxRetries=10, sleepTime=1000 MILLISECONDS)
2019-09-24 03:27:20,675 [main] INFO  ipc.Client (Client.java:handleConnectionFailure(948)) - Retrying connect to server: localhost/127.0.0.1:0. Already tried 8 time(s); retry policy is RetryUpToMaximumCountWithFixedSleep(maxRetries=10, sleepTime=1000 MILLISECONDS)
2019-09-24 03:27:21,676 [main] INFO  ipc.Client (Client.java:handleConnectionFailure(948)) - Retrying connect to server: localhost/127.0.0.1:0. Already tried 9 time(s); retry policy is RetryUpToMaximumCountWithFixedSleep(maxRetries=10, sleepTime=1000 MILLISECONDS)
2019-09-24 03:27:21,677 [main] INFO  retry.RetryInvocationHandler (RetryInvocationHandler.java:log(411)) - com.google.protobuf.ServiceException: java.net.ConnectException: Your endpoint configuration is wrong; For more details see:  http://wiki.apache.org/hadoop/UnsetHostnameOrPort, while invoking $Proxy85.submitRequest over nodeId=null,nodeAddress=127.0.0.1:0 after 7 failover attempts. Trying to failover immediately.
2019-09-24 03:27:22,678 [main] INFO  ipc.Client (Client.java:handleConnectionFailure(948)) - Retrying connect to server: localhost/127.0.0.1:0. Already tried 0 time(s); retry policy is RetryUpToMaximumCountWithFixedSleep(maxRetries=10, sleepTime=1000 MILLISECONDS)
2019-09-24 03:27:23,679 [main] INFO  ipc.Client (Client.java:handleConnectionFailure(948)) - Retrying connect to server: localhost/127.0.0.1:0. Already tried 1 time(s); retry policy is RetryUpToMaximumCountWithFixedSleep(maxRetries=10, sleepTime=1000 MILLISECONDS)
2019-09-24 03:27:24,680 [main] INFO  ipc.Client (Client.java:handleConnectionFailure(948)) - Retrying connect to server: localhost/127.0.0.1:0. Already tried 2 time(s); retry policy is RetryUpToMaximumCountWithFixedSleep(maxRetries=10, sleepTime=1000 MILLISECONDS)
2019-09-24 03:27:25,681 [main] INFO  ipc.Client (Client.java:handleConnectionFailure(948)) - Retrying connect to server: localhost/127.0.0.1:0. Already tried 3 time(s); retry policy is RetryUpToMaximumCountWithFixedSleep(maxRetries=10, sleepTime=1000 MILLISECONDS)
2019-09-24 03:27:26,682 [main] INFO  ipc.Client (Client.java:handleConnectionFailure(948)) - Retrying connect to server: localhost/127.0.0.1:0. Already tried 4 time(s); retry policy is RetryUpToMaximumCountWithFixedSleep(maxRetries=10, sleepTime=1000 MILLISECONDS)
2019-09-24 03:27:27,684 [main] INFO  ipc.Client (Client.java:handleConnectionFailure(948)) - Retrying connect to server: localhost/127.0.0.1:0. Already tried 5 time(s); retry policy is RetryUpToMaximumCountWithFixedSleep(maxRetries=10, sleepTime=1000 MILLISECONDS)
2019-09-24 03:27:28,685 [main] INFO  ipc.Client (Client.java:handleConnectionFailure(948)) - Retrying connect to server: localhost/127.0.0.1:0. Already tried 6 time(s); retry policy is RetryUpToMaximumCountWithFixedSleep(maxRetries=10, sleepTime=1000 MILLISECONDS)
2019-09-24 03:27:29,686 [main] INFO  ipc.Client (Client.java:handleConnectionFailure(948)) - Retrying connect to server: localhost/127.0.0.1:0. Already tried 7 time(s); retry policy is RetryUpToMaximumCountWithFixedSleep(maxRetries=10, sleepTime=1000 MILLISECONDS)
2019-09-24 03:27:30,687 [main] INFO  ipc.Client (Client.java:handleConnectionFailure(948)) - Retrying connect to server: localhost/127.0.0.1:0. Already tried 8 time(s); retry policy is RetryUpToMaximumCountWithFixedSleep(maxRetries=10, sleepTime=1000 MILLISECONDS)
2019-09-24 03:27:31,688 [main] INFO  ipc.Client (Client.java:handleConnectionFailure(948)) - Retrying connect to server: localhost/127.0.0.1:0. Already tried 9 time(s); retry policy is RetryUpToMaximumCountWithFixedSleep(maxRetries=10, sleepTime=1000 MILLISECONDS)
2019-09-24 03:27:31,689 [main] INFO  retry.RetryInvocationHandler (RetryInvocationHandler.java:log(411)) - com.google.protobuf.ServiceException: java.net.ConnectException: Your endpoint configuration is wrong; For more details see:  http://wiki.apache.org/hadoop/UnsetHostnameOrPort, while invoking $Proxy85.submitRequest over nodeId=null,nodeAddress=127.0.0.1:0 after 8 failover attempts. Trying to failover immediately.
2019-09-24 03:27:32,690 [main] INFO  ipc.Client (Client.java:handleConnectionFailure(948)) - Retrying connect to server: localhost/127.0.0.1:0. Already tried 0 time(s); retry policy is RetryUpToMaximumCountWithFixedSleep(maxRetries=10, sleepTime=1000 MILLISECONDS)
2019-09-24 03:27:33,691 [main] INFO  ipc.Client (Client.java:handleConnectionFailure(948)) - Retrying connect to server: localhost/127.0.0.1:0. Already tried 1 time(s); retry policy is RetryUpToMaximumCountWithFixedSleep(maxRetries=10, sleepTime=1000 MILLISECONDS)
2019-09-24 03:27:34,692 [main] INFO  ipc.Client (Client.java:handleConnectionFailure(948)) - Retrying connect to server: localhost/127.0.0.1:0. Already tried 2 time(s); retry policy is RetryUpToMaximumCountWithFixedSleep(maxRetries=10, sleepTime=1000 MILLISECONDS)
2019-09-24 03:27:35,692 [main] INFO  ipc.Client (Client.java:handleConnectionFailure(948)) - Retrying connect to server: localhost/127.0.0.1:0. Already tried 3 time(s); retry policy is RetryUpToMaximumCountWithFixedSleep(maxRetries=10, sleepTime=1000 MILLISECONDS)
2019-09-24 03:27:36,693 [main] INFO  ipc.Client (Client.java:handleConnectionFailure(948)) - Retrying connect to server: localhost/127.0.0.1:0. Already tried 4 time(s); retry policy is RetryUpToMaximumCountWithFixedSleep(maxRetries=10, sleepTime=1000 MILLISECONDS)
2019-09-24 03:27:37,694 [main] INFO  ipc.Client (Client.java:handleConnectionFailure(948)) - Retrying connect to server: localhost/127.0.0.1:0. Already tried 5 time(s); retry policy is RetryUpToMaximumCountWithFixedSleep(maxRetries=10, sleepTime=1000 MILLISECONDS)
2019-09-24 03:27:38,696 [main] INFO  ipc.Client (Client.java:handleConnectionFailure(948)) - Retrying connect to server: localhost/127.0.0.1:0. Already tried 6 time(s); retry policy is RetryUpToMaximumCountWithFixedSleep(maxRetries=10, sleepTime=1000 MILLISECONDS)
2019-09-24 03:27:39,697 [main] INFO  ipc.Client (Client.java:handleConnectionFailure(948)) - Retrying connect to server: localhost/127.0.0.1:0. Already tried 7 time(s); retry policy is RetryUpToMaximumCountWithFixedSleep(maxRetries=10, sleepTime=1000 MILLISECONDS)
2019-09-24 03:27:40,698 [main] INFO  ipc.Client (Client.java:handleConnectionFailure(948)) - Retrying connect to server: localhost/127.0.0.1:0. Already tried 8 time(s); retry policy is RetryUpToMaximumCountWithFixedSleep(maxRetries=10, sleepTime=1000 MILLISECONDS)
2019-09-24 03:27:41,699 [main] INFO  ipc.Client (Client.java:handleConnectionFailure(948)) - Retrying connect to server: localhost/127.0.0.1:0. Already tried 9 time(s); retry policy is RetryUpToMaximumCountWithFixedSleep(maxRetries=10, sleepTime=1000 MILLISECONDS)
2019-09-24 03:27:41,700 [main] INFO  retry.RetryInvocationHandler (RetryInvocationHandler.java:log(411)) - com.google.protobuf.ServiceException: java.net.ConnectException: Your endpoint configuration is wrong; For more details see:  http://wiki.apache.org/hadoop/UnsetHostnameOrPort, while invoking $Proxy85.submitRequest over nodeId=null,nodeAddress=127.0.0.1:0 after 9 failover attempts. Trying to failover immediately.
2019-09-24 03:27:42,701 [main] INFO  ipc.Client (Client.java:handleConnectionFailure(948)) - Retrying connect to server: localhost/127.0.0.1:0. Already tried 0 time(s); retry policy is RetryUpToMaximumCountWithFixedSleep(maxRetries=10, sleepTime=1000 MILLISECONDS)
2019-09-24 03:27:43,702 [main] INFO  ipc.Client (Client.java:handleConnectionFailure(948)) - Retrying connect to server: localhost/127.0.0.1:0. Already tried 1 time(s); retry policy is RetryUpToMaximumCountWithFixedSleep(maxRetries=10, sleepTime=1000 MILLISECONDS)
2019-09-24 03:27:44,703 [main] INFO  ipc.Client (Client.java:handleConnectionFailure(948)) - Retrying connect to server: localhost/127.0.0.1:0. Already tried 2 time(s); retry policy is RetryUpToMaximumCountWithFixedSleep(maxRetries=10, sleepTime=1000 MILLISECONDS)
2019-09-24 03:27:45,704 [main] INFO  ipc.Client (Client.java:handleConnectionFailure(948)) - Retrying connect to server: localhost/127.0.0.1:0. Already tried 3 time(s); retry policy is RetryUpToMaximumCountWithFixedSleep(maxRetries=10, sleepTime=1000 MILLISECONDS)
2019-09-24 03:27:46,706 [main] INFO  ipc.Client (Client.java:handleConnectionFailure(948)) - Retrying connect to server: localhost/127.0.0.1:0. Already tried 4 time(s); retry policy is RetryUpToMaximumCountWithFixedSleep(maxRetries=10, sleepTime=1000 MILLISECONDS)
2019-09-24 03:27:47,707 [main] INFO  ipc.Client (Client.java:handleConnectionFailure(948)) - Retrying connect to server: localhost/127.0.0.1:0. Already tried 5 time(s); retry policy is RetryUpToMaximumCountWithFixedSleep(maxRetries=10, sleepTime=1000 MILLISECONDS)
2019-09-24 03:27:48,707 [main] INFO  ipc.Client (Client.java:handleConnectionFailure(948)) - Retrying connect to server: localhost/127.0.0.1:0. Already tried 6 time(s); retry policy is RetryUpToMaximumCountWithFixedSleep(maxRetries=10, sleepTime=1000 MILLISECONDS)
2019-09-24 03:27:49,708 [main] INFO  ipc.Client (Client.java:handleConnectionFailure(948)) - Retrying connect to server: localhost/127.0.0.1:0. Already tried 7 time(s); retry policy is RetryUpToMaximumCountWithFixedSleep(maxRetries=10, sleepTime=1000 MILLISECONDS)
2019-09-24 03:27:50,709 [main] INFO  ipc.Client (Client.java:handleConnectionFailure(948)) - Retrying connect to server: localhost/127.0.0.1:0. Already tried 8 time(s); retry policy is RetryUpToMaximumCountWithFixedSleep(maxRetries=10, sleepTime=1000 MILLISECONDS)
2019-09-24 03:27:51,710 [main] INFO  ipc.Client (Client.java:handleConnectionFailure(948)) - Retrying connect to server: localhost/127.0.0.1:0. Already tried 9 time(s); retry policy is RetryUpToMaximumCountWithFixedSleep(maxRetries=10, sleepTime=1000 MILLISECONDS)
2019-09-24 03:27:51,712 [main] ERROR ha.OMFailoverProxyProvider (OzoneManagerProtocolClientSideTranslatorPB.java:getRetryAction(268)) - Failed to connect to OM. Attempted 10 retries and 10 failovers
2019-09-24 03:27:51,714 [main] ERROR client.OzoneClientFactory (OzoneClientFactory.java:getClientProtocol(259)) - Couldn't create RpcClient protocol exception: 
java.net.ConnectException: Your endpoint configuration is wrong; For more details see:  http://wiki.apache.org/hadoop/UnsetHostnameOrPort
	at sun.reflect.NativeConstructorAccessorImpl.newInstance0(Native Method)
	at sun.reflect.NativeConstructorAccessorImpl.newInstance(NativeConstructorAccessorImpl.java:62)
	at sun.reflect.DelegatingConstructorAccessorImpl.newInstance(DelegatingConstructorAccessorImpl.java:45)
	at java.lang.reflect.Constructor.newInstance(Constructor.java:423)
	at org.apache.hadoop.net.NetUtils.wrapWithMessage(NetUtils.java:831)
	at org.apache.hadoop.net.NetUtils.wrapException(NetUtils.java:751)
	at org.apache.hadoop.ipc.Client.getRpcResponse(Client.java:1515)
	at org.apache.hadoop.ipc.Client.call(Client.java:1457)
	at org.apache.hadoop.ipc.Client.call(Client.java:1367)
	at org.apache.hadoop.ipc.ProtobufRpcEngine$Invoker.invoke(ProtobufRpcEngine.java:228)
	at org.apache.hadoop.ipc.ProtobufRpcEngine$Invoker.invoke(ProtobufRpcEngine.java:116)
	at com.sun.proxy.$Proxy85.submitRequest(Unknown Source)
	at sun.reflect.NativeMethodAccessorImpl.invoke0(Native Method)
	at sun.reflect.NativeMethodAccessorImpl.invoke(NativeMethodAccessorImpl.java:62)
	at sun.reflect.DelegatingMethodAccessorImpl.invoke(DelegatingMethodAccessorImpl.java:43)
	at java.lang.reflect.Method.invoke(Method.java:498)
	at org.apache.hadoop.io.retry.RetryInvocationHandler.invokeMethod(RetryInvocationHandler.java:422)
	at org.apache.hadoop.io.retry.RetryInvocationHandler$Call.invokeMethod(RetryInvocationHandler.java:165)
	at org.apache.hadoop.io.retry.RetryInvocationHandler$Call.invoke(RetryInvocationHandler.java:157)
	at org.apache.hadoop.io.retry.RetryInvocationHandler$Call.invokeOnce(RetryInvocationHandler.java:95)
	at org.apache.hadoop.io.retry.RetryInvocationHandler.invoke(RetryInvocationHandler.java:359)
	at com.sun.proxy.$Proxy85.submitRequest(Unknown Source)
	at org.apache.hadoop.ozone.om.protocolPB.OzoneManagerProtocolClientSideTranslatorPB.submitRequest(OzoneManagerProtocolClientSideTranslatorPB.java:338)
	at org.apache.hadoop.ozone.om.protocolPB.OzoneManagerProtocolClientSideTranslatorPB.getServiceInfo(OzoneManagerProtocolClientSideTranslatorPB.java:1223)
	at sun.reflect.NativeMethodAccessorImpl.invoke0(Native Method)
	at sun.reflect.NativeMethodAccessorImpl.invoke(NativeMethodAccessorImpl.java:62)
	at sun.reflect.DelegatingMethodAccessorImpl.invoke(DelegatingMethodAccessorImpl.java:43)
	at java.lang.reflect.Method.invoke(Method.java:498)
	at org.apache.hadoop.hdds.tracing.TraceAllMethod.invoke(TraceAllMethod.java:66)
	at com.sun.proxy.$Proxy86.getServiceInfo(Unknown Source)
	at org.apache.hadoop.ozone.client.rpc.RpcClient.<init>(RpcClient.java:154)
	at org.apache.hadoop.ozone.client.OzoneClientFactory.getClientProtocol(OzoneClientFactory.java:256)
	at org.apache.hadoop.ozone.client.OzoneClientFactory.getClientProtocol(OzoneClientFactory.java:239)
	at org.apache.hadoop.ozone.client.OzoneClientFactory.getRpcClient(OzoneClientFactory.java:203)
	at org.apache.hadoop.ozone.client.rpc.TestOzoneAtRestEncryption.init(TestOzoneAtRestEncryption.java:115)
	at sun.reflect.NativeMethodAccessorImpl.invoke0(Native Method)
	at sun.reflect.NativeMethodAccessorImpl.invoke(NativeMethodAccessorImpl.java:62)
	at sun.reflect.DelegatingMethodAccessorImpl.invoke(DelegatingMethodAccessorImpl.java:43)
	at java.lang.reflect.Method.invoke(Method.java:498)
	at org.junit.runners.model.FrameworkMethod$1.runReflectiveCall(FrameworkMethod.java:47)
	at org.junit.internal.runners.model.ReflectiveCallable.run(ReflectiveCallable.java:12)
	at org.junit.runners.model.FrameworkMethod.invokeExplosively(FrameworkMethod.java:44)
	at org.junit.internal.runners.statements.RunBefores.evaluate(RunBefores.java:24)
	at org.junit.internal.runners.statements.RunAfters.evaluate(RunAfters.java:27)
	at org.junit.runners.ParentRunner.run(ParentRunner.java:309)
	at org.apache.maven.surefire.junit4.JUnit4Provider.execute(JUnit4Provider.java:365)
	at org.apache.maven.surefire.junit4.JUnit4Provider.executeWithRerun(JUnit4Provider.java:273)
	at org.apache.maven.surefire.junit4.JUnit4Provider.executeTestSet(JUnit4Provider.java:238)
	at org.apache.maven.surefire.junit4.JUnit4Provider.invoke(JUnit4Provider.java:159)
	at org.apache.maven.surefire.booter.ForkedBooter.invokeProviderInSameClassLoader(ForkedBooter.java:384)
	at org.apache.maven.surefire.booter.ForkedBooter.runSuitesInProcess(ForkedBooter.java:345)
	at org.apache.maven.surefire.booter.ForkedBooter.execute(ForkedBooter.java:126)
	at org.apache.maven.surefire.booter.ForkedBooter.main(ForkedBooter.java:418)
Caused by: java.net.ConnectException: Connection refused
	at sun.nio.ch.SocketChannelImpl.checkConnect(Native Method)
	at sun.nio.ch.SocketChannelImpl.finishConnect(SocketChannelImpl.java:717)
	at org.apache.hadoop.net.SocketIOWithTimeout.connect(SocketIOWithTimeout.java:206)
	at org.apache.hadoop.net.NetUtils.connect(NetUtils.java:531)
	at org.apache.hadoop.ipc.Client$Connection.setupConnection(Client.java:690)
	at org.apache.hadoop.ipc.Client$Connection.setupIOstreams(Client.java:794)
	at org.apache.hadoop.ipc.Client$Connection.access$3700(Client.java:411)
	at org.apache.hadoop.ipc.Client.getConnection(Client.java:1572)
	at org.apache.hadoop.ipc.Client.call(Client.java:1403)
	... 45 more
2019-09-24 03:27:51,717 [main] INFO  ozone.MiniOzoneClusterImpl (MiniOzoneClusterImpl.java:shutdown(314)) - Shutting down the Mini Ozone Cluster
2019-09-24 03:27:51,717 [main] INFO  ozone.MiniOzoneClusterImpl (MiniOzoneClusterImpl.java:stop(330)) - Stopping the Mini Ozone Cluster
2019-09-24 03:27:51,717 [main] INFO  ozone.MiniOzoneClusterImpl (MiniOzoneClusterImpl.java:stopOM(400)) - Stopping the OzoneManager
2019-09-24 03:27:51,718 [main] INFO  ipc.Server (Server.java:stop(3082)) - Stopping server on 33824
2019-09-24 03:27:51,737 [IPC Server listener on 33824] INFO  ipc.Server (Server.java:run(1185)) - Stopping IPC Server listener on 33824
2019-09-24 03:27:51,738 [main] INFO  ratis.OzoneManagerDoubleBuffer (OzoneManagerDoubleBuffer.java:stop(248)) - Stopping OMDoubleBuffer flush thread
2019-09-24 03:27:51,738 [IPC Server Responder] INFO  ipc.Server (Server.java:run(1319)) - Stopping IPC Server Responder
2019-09-24 03:27:51,742 [OMDoubleBufferFlushThread] INFO  ratis.OzoneManagerDoubleBuffer (OzoneManagerDoubleBuffer.java:flushTransactions(191)) - OMDoubleBuffer flush thread OMDoubleBufferFlushThread is interrupted and will exit. OMDoubleBufferFlushThread
2019-09-24 03:27:51,763 [main] INFO  utils.BackgroundService (BackgroundService.java:shutdown(148)) - Shutting down service KeyDeletingService
2019-09-24 03:27:51,764 [main] INFO  om.OzoneManager (OzoneManager.java:stopSecretManager(657)) - Stopping OM block token manager.
2019-09-24 03:27:51,767 [main] INFO  handler.ContextHandler (ContextHandler.java:doStop(910)) - Stopped o.e.j.w.WebAppContext@4ba02375{/,null,UNAVAILABLE}{/ozoneManager}
2019-09-24 03:27:51,774 [main] INFO  server.AbstractConnector (AbstractConnector.java:doStop(318)) - Stopped ServerConnector@7593ea79{HTTP/1.1,[http/1.1]}{0.0.0.0:0}
2019-09-24 03:27:51,774 [main] INFO  handler.ContextHandler (ContextHandler.java:doStop(910)) - Stopped o.e.j.s.ServletContextHandler@7b32b129{/static,file:///workdir/hadoop-ozone/integration-test/target/test-classes/webapps/static,UNAVAILABLE}
2019-09-24 03:27:51,777 [main] INFO  handler.ContextHandler (ContextHandler.java:doStop(910)) - Stopped o.e.j.s.ServletContextHandler@541179e7{/logs,file:///workdir/hadoop-ozone/integration-test/target/log,UNAVAILABLE}
2019-09-24 03:27:51,782 [main] INFO  ozone.MiniOzoneClusterImpl (MiniOzoneClusterImpl.java:stopDatanodes(377)) - Stopping the HddsDatanodes
2019-09-24 03:27:51,852 [Datanode State Machine Thread - 0] INFO  statemachine.DatanodeStateMachine (DatanodeStateMachine.java:lambda$startDaemon$0(350)) - Ozone container server started.
2019-09-24 03:27:52,581 [Datanode State Machine Thread - 0] INFO  statemachine.DatanodeStateMachine (DatanodeStateMachine.java:lambda$startDaemon$0(350)) - Ozone container server started.
2019-09-24 03:27:56,784 [ForkJoinPool.commonPool-worker-0] INFO  ozoneimpl.OzoneContainer (OzoneContainer.java:stop(231)) - Attempting to stop container services.
2019-09-24 03:27:56,784 [main] INFO  ozoneimpl.OzoneContainer (OzoneContainer.java:stop(231)) - Attempting to stop container services.
2019-09-24 03:27:56,785 [ForkJoinPool.commonPool-worker-0] INFO  impl.RaftServerProxy (RaftServerProxy.java:lambda$close$4(314)) - 623c22b8-4c13-4281-9098-2ebcaa8ebf75: close
2019-09-24 03:27:56,785 [main] INFO  impl.RaftServerProxy (RaftServerProxy.java:lambda$close$4(314)) - 2859951c-203c-4f1b-9e85-7275a2992eab: close
2019-09-24 03:27:56,787 [ForkJoinPool.commonPool-worker-0] INFO  impl.RaftServerImpl (RaftServerImpl.java:lambda$shutdown$3(251)) - 623c22b8-4c13-4281-9098-2ebcaa8ebf75@group-A48901C17D1E: shutdown
2019-09-24 03:27:56,787 [main] INFO  impl.RaftServerImpl (RaftServerImpl.java:lambda$shutdown$3(251)) - 2859951c-203c-4f1b-9e85-7275a2992eab@group-DA27D53FF97F: shutdown
2019-09-24 03:27:56,787 [ForkJoinPool.commonPool-worker-0] INFO  util.JmxRegister (JmxRegister.java:unregister(73)) - Successfully un-registered JMX Bean with object name Ratis:service=RaftServer,group=group-A48901C17D1E,id=623c22b8-4c13-4281-9098-2ebcaa8ebf75
2019-09-24 03:27:56,787 [main] INFO  util.JmxRegister (JmxRegister.java:unregister(73)) - Successfully un-registered JMX Bean with object name Ratis:service=RaftServer,group=group-DA27D53FF97F,id=2859951c-203c-4f1b-9e85-7275a2992eab
2019-09-24 03:27:56,787 [ForkJoinPool.commonPool-worker-0] INFO  impl.RoleInfo (RoleInfo.java:shutdownLeaderState(104)) - 623c22b8-4c13-4281-9098-2ebcaa8ebf75: shutdown LeaderState
2019-09-24 03:27:56,787 [main] INFO  impl.RoleInfo (RoleInfo.java:shutdownLeaderState(104)) - 2859951c-203c-4f1b-9e85-7275a2992eab: shutdown LeaderState
2019-09-24 03:27:56,792 [org.apache.ratis.server.impl.LogAppender$AppenderDaemon$$Lambda$400/627454499@59993ca4] WARN  server.GrpcLogAppender (GrpcLogAppender.java:mayWait(143)) - 623c22b8-4c13-4281-9098-2ebcaa8ebf75@group-A48901C17D1E->1a9a7120-0e30-4c9b-b35f-12e1338ec0ba-GrpcLogAppender: Wait interrupted by java.lang.InterruptedException
2019-09-24 03:27:56,794 [ForkJoinPool.commonPool-worker-0] INFO  impl.PendingRequests (PendingRequests.java:sendNotLeaderResponses(202)) - 623c22b8-4c13-4281-9098-2ebcaa8ebf75-PendingRequests: sendNotLeaderResponses
2019-09-24 03:27:56,794 [main] INFO  impl.PendingRequests (PendingRequests.java:sendNotLeaderResponses(202)) - 2859951c-203c-4f1b-9e85-7275a2992eab-PendingRequests: sendNotLeaderResponses
2019-09-24 03:27:56,792 [org.apache.ratis.server.impl.LogAppender$AppenderDaemon$$Lambda$400/627454499@39f83af1] WARN  server.GrpcLogAppender (GrpcLogAppender.java:mayWait(143)) - 623c22b8-4c13-4281-9098-2ebcaa8ebf75@group-A48901C17D1E->de0815a2-edb6-4014-be80-193eceea242b-GrpcLogAppender: Wait interrupted by java.lang.InterruptedException
2019-09-24 03:27:56,801 [grpc-default-executor-0] INFO  server.GrpcServerProtocolService (GrpcServerProtocolService.java:onCompleted(113)) - de0815a2-edb6-4014-be80-193eceea242b: Completed APPEND_ENTRIES, lastRequest: 623c22b8-4c13-4281-9098-2ebcaa8ebf75->de0815a2-edb6-4014-be80-193eceea242b#44-t1, previous=(t:1, i:0), leaderCommit=0, initializing? false, entries: <empty>
2019-09-24 03:27:56,801 [grpc-default-executor-3] INFO  server.GrpcServerProtocolService (GrpcServerProtocolService.java:onCompleted(113)) - 1a9a7120-0e30-4c9b-b35f-12e1338ec0ba: Completed APPEND_ENTRIES, lastRequest: 623c22b8-4c13-4281-9098-2ebcaa8ebf75->1a9a7120-0e30-4c9b-b35f-12e1338ec0ba#44-t1, previous=(t:1, i:0), leaderCommit=0, initializing? false, entries: <empty>
2019-09-24 03:27:56,803 [ForkJoinPool.commonPool-worker-0] INFO  impl.StateMachineUpdater (StateMachineUpdater.java:stopAndJoin(125)) - 623c22b8-4c13-4281-9098-2ebcaa8ebf75@group-A48901C17D1E-StateMachineUpdater: set stopIndex = 0
2019-09-24 03:27:56,806 [main] INFO  impl.StateMachineUpdater (StateMachineUpdater.java:stopAndJoin(125)) - 2859951c-203c-4f1b-9e85-7275a2992eab@group-DA27D53FF97F-StateMachineUpdater: set stopIndex = 0
2019-09-24 03:27:56,809 [grpc-default-executor-3] INFO  server.GrpcLogAppender (GrpcLogAppender.java:onCompleted(293)) - 623c22b8-4c13-4281-9098-2ebcaa8ebf75@group-A48901C17D1E->1a9a7120-0e30-4c9b-b35f-12e1338ec0ba-AppendLogResponseHandler: follower responses appendEntries COMPLETED
2019-09-24 03:27:56,809 [main] INFO  impl.RaftServerImpl (ServerState.java:close(385)) - 2859951c-203c-4f1b-9e85-7275a2992eab@group-DA27D53FF97F: closes. applyIndex: 0
2019-09-24 03:27:56,809 [grpc-default-executor-0] INFO  server.GrpcLogAppender (GrpcLogAppender.java:onCompleted(293)) - 623c22b8-4c13-4281-9098-2ebcaa8ebf75@group-A48901C17D1E->de0815a2-edb6-4014-be80-193eceea242b-AppendLogResponseHandler: follower responses appendEntries COMPLETED
2019-09-24 03:27:56,809 [ForkJoinPool.commonPool-worker-0] INFO  impl.RaftServerImpl (ServerState.java:close(385)) - 623c22b8-4c13-4281-9098-2ebcaa8ebf75@group-A48901C17D1E: closes. applyIndex: 0
2019-09-24 03:27:56,814 [grpc-default-executor-3] INFO  impl.FollowerInfo (FollowerInfo.java:lambda$new$0(51)) - 623c22b8-4c13-4281-9098-2ebcaa8ebf75@group-A48901C17D1E->1a9a7120-0e30-4c9b-b35f-12e1338ec0ba: nextIndex: updateUnconditionally 1 -> 0
2019-09-24 03:27:56,814 [grpc-default-executor-0] INFO  impl.FollowerInfo (FollowerInfo.java:lambda$new$0(51)) - 623c22b8-4c13-4281-9098-2ebcaa8ebf75@group-A48901C17D1E->de0815a2-edb6-4014-be80-193eceea242b: nextIndex: updateUnconditionally 1 -> 0
2019-09-24 03:27:56,816 [623c22b8-4c13-4281-9098-2ebcaa8ebf75@group-A48901C17D1E-SegmentedRaftLogWorker] INFO  segmented.SegmentedRaftLogWorker (SegmentedRaftLogWorker.java:run(313)) - 623c22b8-4c13-4281-9098-2ebcaa8ebf75@group-A48901C17D1E-SegmentedRaftLogWorker was interrupted, exiting. There are 0 tasks remaining in the queue.
2019-09-24 03:27:56,816 [2859951c-203c-4f1b-9e85-7275a2992eab@group-DA27D53FF97F-SegmentedRaftLogWorker] INFO  segmented.SegmentedRaftLogWorker (SegmentedRaftLogWorker.java:run(313)) - 2859951c-203c-4f1b-9e85-7275a2992eab@group-DA27D53FF97F-SegmentedRaftLogWorker was interrupted, exiting. There are 0 tasks remaining in the queue.
2019-09-24 03:27:56,818 [ForkJoinPool.commonPool-worker-0] INFO  segmented.SegmentedRaftLogWorker (SegmentedRaftLogWorker.java:close(228)) - 623c22b8-4c13-4281-9098-2ebcaa8ebf75@group-A48901C17D1E-SegmentedRaftLogWorker close()
2019-09-24 03:27:56,818 [main] INFO  segmented.SegmentedRaftLogWorker (SegmentedRaftLogWorker.java:close(228)) - 2859951c-203c-4f1b-9e85-7275a2992eab@group-DA27D53FF97F-SegmentedRaftLogWorker close()
2019-09-24 03:27:56,822 [ForkJoinPool.commonPool-worker-0] INFO  impl.RaftServerImpl (RaftServerImpl.java:lambda$shutdown$3(251)) - 623c22b8-4c13-4281-9098-2ebcaa8ebf75@group-56EAEA0F797B: shutdown
2019-09-24 03:27:56,825 [main] INFO  impl.RaftServerImpl (RaftServerImpl.java:lambda$shutdown$3(251)) - 2859951c-203c-4f1b-9e85-7275a2992eab@group-D1F9125FB664: shutdown
2019-09-24 03:27:56,825 [ForkJoinPool.commonPool-worker-0] INFO  util.JmxRegister (JmxRegister.java:unregister(73)) - Successfully un-registered JMX Bean with object name Ratis:service=RaftServer,group=group-56EAEA0F797B,id=623c22b8-4c13-4281-9098-2ebcaa8ebf75
2019-09-24 03:27:56,825 [main] INFO  util.JmxRegister (JmxRegister.java:unregister(73)) - Successfully un-registered JMX Bean with object name Ratis:service=RaftServer,group=group-D1F9125FB664,id=2859951c-203c-4f1b-9e85-7275a2992eab
2019-09-24 03:27:56,825 [ForkJoinPool.commonPool-worker-0] INFO  impl.RoleInfo (RoleInfo.java:shutdownLeaderState(104)) - 623c22b8-4c13-4281-9098-2ebcaa8ebf75: shutdown LeaderState
2019-09-24 03:27:56,826 [main] INFO  impl.RoleInfo (RoleInfo.java:shutdownLeaderState(104)) - 2859951c-203c-4f1b-9e85-7275a2992eab: shutdown LeaderState
2019-09-24 03:27:56,826 [ForkJoinPool.commonPool-worker-0] INFO  impl.PendingRequests (PendingRequests.java:sendNotLeaderResponses(202)) - 623c22b8-4c13-4281-9098-2ebcaa8ebf75-PendingRequests: sendNotLeaderResponses
2019-09-24 03:27:56,829 [org.apache.ratis.server.impl.LogAppender$AppenderDaemon$$Lambda$400/627454499@54e28659] WARN  server.GrpcLogAppender (GrpcLogAppender.java:mayWait(143)) - 2859951c-203c-4f1b-9e85-7275a2992eab@group-D1F9125FB664->c11d39fa-10f3-4cb7-b122-8e860b76a301-GrpcLogAppender: Wait interrupted by java.lang.InterruptedException
2019-09-24 03:27:56,829 [main] INFO  impl.PendingRequests (PendingRequests.java:sendNotLeaderResponses(202)) - 2859951c-203c-4f1b-9e85-7275a2992eab-PendingRequests: sendNotLeaderResponses
2019-09-24 03:27:56,829 [org.apache.ratis.server.impl.LogAppender$AppenderDaemon$$Lambda$400/627454499@61766171] WARN  server.GrpcLogAppender (GrpcLogAppender.java:mayWait(143)) - 2859951c-203c-4f1b-9e85-7275a2992eab@group-D1F9125FB664->f1c22574-e151-47e2-8b9a-aa1bb6e0cd34-GrpcLogAppender: Wait interrupted by java.lang.InterruptedException
2019-09-24 03:27:56,830 [main] INFO  impl.StateMachineUpdater (StateMachineUpdater.java:stopAndJoin(125)) - 2859951c-203c-4f1b-9e85-7275a2992eab@group-D1F9125FB664-StateMachineUpdater: set stopIndex = 0
2019-09-24 03:27:56,830 [grpc-default-executor-3] INFO  server.GrpcServerProtocolService (GrpcServerProtocolService.java:onCompleted(113)) - f1c22574-e151-47e2-8b9a-aa1bb6e0cd34: Completed APPEND_ENTRIES, lastRequest: 2859951c-203c-4f1b-9e85-7275a2992eab->f1c22574-e151-47e2-8b9a-aa1bb6e0cd34#44-t1, previous=(t:1, i:0), leaderCommit=0, initializing? false, entries: <empty>
2019-09-24 03:27:56,829 [ForkJoinPool.commonPool-worker-0] INFO  impl.StateMachineUpdater (StateMachineUpdater.java:stopAndJoin(125)) - 623c22b8-4c13-4281-9098-2ebcaa8ebf75@group-56EAEA0F797B-StateMachineUpdater: set stopIndex = 0
2019-09-24 03:27:56,831 [main] INFO  impl.RaftServerImpl (ServerState.java:close(385)) - 2859951c-203c-4f1b-9e85-7275a2992eab@group-D1F9125FB664: closes. applyIndex: 0
2019-09-24 03:27:56,833 [grpc-default-executor-3] INFO  server.GrpcLogAppender (GrpcLogAppender.java:onCompleted(293)) - 2859951c-203c-4f1b-9e85-7275a2992eab@group-D1F9125FB664->f1c22574-e151-47e2-8b9a-aa1bb6e0cd34-AppendLogResponseHandler: follower responses appendEntries COMPLETED
2019-09-24 03:27:56,830 [grpc-default-executor-0] INFO  server.GrpcServerProtocolService (GrpcServerProtocolService.java:onCompleted(113)) - c11d39fa-10f3-4cb7-b122-8e860b76a301: Completed APPEND_ENTRIES, lastRequest: 2859951c-203c-4f1b-9e85-7275a2992eab->c11d39fa-10f3-4cb7-b122-8e860b76a301#44-t1, previous=(t:1, i:0), leaderCommit=0, initializing? false, entries: <empty>
2019-09-24 03:27:56,833 [2859951c-203c-4f1b-9e85-7275a2992eab@group-D1F9125FB664-SegmentedRaftLogWorker] INFO  segmented.SegmentedRaftLogWorker (SegmentedRaftLogWorker.java:run(313)) - 2859951c-203c-4f1b-9e85-7275a2992eab@group-D1F9125FB664-SegmentedRaftLogWorker was interrupted, exiting. There are 0 tasks remaining in the queue.
2019-09-24 03:27:56,832 [ForkJoinPool.commonPool-worker-0] INFO  impl.RaftServerImpl (ServerState.java:close(385)) - 623c22b8-4c13-4281-9098-2ebcaa8ebf75@group-56EAEA0F797B: closes. applyIndex: 0
2019-09-24 03:27:56,838 [main] INFO  segmented.SegmentedRaftLogWorker (SegmentedRaftLogWorker.java:close(228)) - 2859951c-203c-4f1b-9e85-7275a2992eab@group-D1F9125FB664-SegmentedRaftLogWorker close()
2019-09-24 03:27:56,836 [grpc-default-executor-3] INFO  impl.FollowerInfo (FollowerInfo.java:lambda$new$0(51)) - 2859951c-203c-4f1b-9e85-7275a2992eab@group-D1F9125FB664->f1c22574-e151-47e2-8b9a-aa1bb6e0cd34: nextIndex: updateUnconditionally 1 -> 0
2019-09-24 03:27:56,839 [623c22b8-4c13-4281-9098-2ebcaa8ebf75@group-56EAEA0F797B-SegmentedRaftLogWorker] INFO  segmented.SegmentedRaftLogWorker (SegmentedRaftLogWorker.java:run(313)) - 623c22b8-4c13-4281-9098-2ebcaa8ebf75@group-56EAEA0F797B-SegmentedRaftLogWorker was interrupted, exiting. There are 0 tasks remaining in the queue.
2019-09-24 03:27:56,839 [grpc-default-executor-0] INFO  server.GrpcLogAppender (GrpcLogAppender.java:onCompleted(293)) - 2859951c-203c-4f1b-9e85-7275a2992eab@group-D1F9125FB664->c11d39fa-10f3-4cb7-b122-8e860b76a301-AppendLogResponseHandler: follower responses appendEntries COMPLETED
2019-09-24 03:27:56,845 [ForkJoinPool.commonPool-worker-0] INFO  segmented.SegmentedRaftLogWorker (SegmentedRaftLogWorker.java:close(228)) - 623c22b8-4c13-4281-9098-2ebcaa8ebf75@group-56EAEA0F797B-SegmentedRaftLogWorker close()
2019-09-24 03:27:56,846 [grpc-default-executor-0] INFO  impl.FollowerInfo (FollowerInfo.java:lambda$new$0(51)) - 2859951c-203c-4f1b-9e85-7275a2992eab@group-D1F9125FB664->c11d39fa-10f3-4cb7-b122-8e860b76a301: nextIndex: updateUnconditionally 1 -> 0
2019-09-24 03:27:56,845 [main] INFO  server.GrpcService (GrpcService.java:closeImpl(164)) - 2859951c-203c-4f1b-9e85-7275a2992eab: shutdown server with port 40038 now
2019-09-24 03:27:56,849 [ForkJoinPool.commonPool-worker-0] INFO  server.GrpcService (GrpcService.java:closeImpl(164)) - 623c22b8-4c13-4281-9098-2ebcaa8ebf75: shutdown server with port 39127 now
2019-09-24 03:27:56,853 [main] INFO  server.GrpcService (GrpcService.java:closeImpl(172)) - 2859951c-203c-4f1b-9e85-7275a2992eab: shutdown server with port 40038 successfully
2019-09-24 03:27:56,853 [ForkJoinPool.commonPool-worker-0] INFO  server.GrpcService (GrpcService.java:closeImpl(172)) - 623c22b8-4c13-4281-9098-2ebcaa8ebf75: shutdown server with port 39127 successfully
2019-09-24 03:27:56,855 [refreshUsed-/workdir/hadoop-ozone/integration-test/target/test-dir/MiniOzoneClusterImpl-e5f1ddf0-a5ce-4ae4-b63c-73802c2fbca4/datanode-5/data/containers] WARN  fs.CachingGetSpaceUsed (CachingGetSpaceUsed.java:run(183)) - Thread Interrupted waiting to refresh disk information: sleep interrupted
2019-09-24 03:27:56,856 [refreshUsed-/workdir/hadoop-ozone/integration-test/target/test-dir/MiniOzoneClusterImpl-e5f1ddf0-a5ce-4ae4-b63c-73802c2fbca4/datanode-2/data/containers] WARN  fs.CachingGetSpaceUsed (CachingGetSpaceUsed.java:run(183)) - Thread Interrupted waiting to refresh disk information: sleep interrupted
2019-09-24 03:27:56,875 [main] INFO  utils.BackgroundService (BackgroundService.java:shutdown(148)) - Shutting down service BlockDeletingService
2019-09-24 03:27:56,875 [ForkJoinPool.commonPool-worker-0] INFO  utils.BackgroundService (BackgroundService.java:shutdown(148)) - Shutting down service BlockDeletingService
2019-09-24 03:27:56,885 [ForkJoinPool.commonPool-worker-0] INFO  statemachine.DatanodeStateMachine (DatanodeStateMachine.java:stopDaemon(395)) - Ozone container server stopped.
2019-09-24 03:27:56,885 [main] INFO  statemachine.DatanodeStateMachine (DatanodeStateMachine.java:stopDaemon(395)) - Ozone container server stopped.
2019-09-24 03:27:56,890 [ForkJoinPool.commonPool-worker-0] INFO  handler.ContextHandler (ContextHandler.java:doStop(910)) - Stopped o.e.j.w.WebAppContext@55c57422{/,null,UNAVAILABLE}{/hddsDatanode}
2019-09-24 03:27:56,890 [main] INFO  handler.ContextHandler (ContextHandler.java:doStop(910)) - Stopped o.e.j.w.WebAppContext@22d8f4ed{/,null,UNAVAILABLE}{/hddsDatanode}
2019-09-24 03:27:56,891 [ForkJoinPool.commonPool-worker-0] INFO  server.AbstractConnector (AbstractConnector.java:doStop(318)) - Stopped ServerConnector@22825e1e{HTTP/1.1,[http/1.1]}{0.0.0.0:0}
2019-09-24 03:27:56,892 [main] INFO  server.AbstractConnector (AbstractConnector.java:doStop(318)) - Stopped ServerConnector@3434a4f0{HTTP/1.1,[http/1.1]}{0.0.0.0:0}
2019-09-24 03:27:56,892 [ForkJoinPool.commonPool-worker-0] INFO  handler.ContextHandler (ContextHandler.java:doStop(910)) - Stopped o.e.j.s.ServletContextHandler@4877919f{/static,jar:file:/home/user/.m2/repository/org/apache/hadoop/hadoop-hdds-container-service/0.5.0-SNAPSHOT/hadoop-hdds-container-service-0.5.0-SNAPSHOT.jar!/webapps/static,UNAVAILABLE}
2019-09-24 03:27:56,893 [main] INFO  handler.ContextHandler (ContextHandler.java:doStop(910)) - Stopped o.e.j.s.ServletContextHandler@51a16adf{/static,jar:file:/home/user/.m2/repository/org/apache/hadoop/hadoop-hdds-container-service/0.5.0-SNAPSHOT/hadoop-hdds-container-service-0.5.0-SNAPSHOT.jar!/webapps/static,UNAVAILABLE}
2019-09-24 03:27:56,894 [ForkJoinPool.commonPool-worker-0] INFO  handler.ContextHandler (ContextHandler.java:doStop(910)) - Stopped o.e.j.s.ServletContextHandler@4e0cc334{/logs,file:///workdir/hadoop-ozone/integration-test/target/log,UNAVAILABLE}
2019-09-24 03:27:56,895 [main] INFO  handler.ContextHandler (ContextHandler.java:doStop(910)) - Stopped o.e.j.s.ServletContextHandler@69c532af{/logs,file:///workdir/hadoop-ozone/integration-test/target/log,UNAVAILABLE}
2019-09-24 03:27:56,914 [Datanode State Machine Thread - 0] INFO  statemachine.DatanodeStateMachine (DatanodeStateMachine.java:lambda$startDaemon$0(350)) - Ozone container server started.
2019-09-24 03:27:57,619 [Datanode State Machine Thread - 0] INFO  statemachine.DatanodeStateMachine (DatanodeStateMachine.java:lambda$startDaemon$0(350)) - Ozone container server started.
2019-09-24 03:28:01,896 [ForkJoinPool.commonPool-worker-0] INFO  ozoneimpl.OzoneContainer (OzoneContainer.java:stop(231)) - Attempting to stop container services.
2019-09-24 03:28:01,897 [main] INFO  ozoneimpl.OzoneContainer (OzoneContainer.java:stop(231)) - Attempting to stop container services.
2019-09-24 03:28:01,897 [ForkJoinPool.commonPool-worker-0] INFO  impl.RaftServerProxy (RaftServerProxy.java:lambda$close$4(314)) - c11d39fa-10f3-4cb7-b122-8e860b76a301: close
2019-09-24 03:28:01,897 [main] INFO  impl.RaftServerProxy (RaftServerProxy.java:lambda$close$4(314)) - 13d11d3e-9895-4970-8096-73396f0d647b: close
2019-09-24 03:28:01,897 [ForkJoinPool.commonPool-worker-0] INFO  impl.RaftServerImpl (RaftServerImpl.java:lambda$shutdown$3(251)) - c11d39fa-10f3-4cb7-b122-8e860b76a301@group-8574D344C171: shutdown
2019-09-24 03:28:01,897 [main] INFO  impl.RaftServerImpl (RaftServerImpl.java:lambda$shutdown$3(251)) - 13d11d3e-9895-4970-8096-73396f0d647b@group-B0E93F802A48: shutdown
2019-09-24 03:28:01,897 [ForkJoinPool.commonPool-worker-0] INFO  util.JmxRegister (JmxRegister.java:unregister(73)) - Successfully un-registered JMX Bean with object name Ratis:service=RaftServer,group=group-8574D344C171,id=c11d39fa-10f3-4cb7-b122-8e860b76a301
2019-09-24 03:28:01,898 [main] INFO  util.JmxRegister (JmxRegister.java:unregister(73)) - Successfully un-registered JMX Bean with object name Ratis:service=RaftServer,group=group-B0E93F802A48,id=13d11d3e-9895-4970-8096-73396f0d647b
2019-09-24 03:28:01,898 [ForkJoinPool.commonPool-worker-0] INFO  impl.RoleInfo (RoleInfo.java:shutdownLeaderState(104)) - c11d39fa-10f3-4cb7-b122-8e860b76a301: shutdown LeaderState
2019-09-24 03:28:01,898 [main] INFO  impl.RoleInfo (RoleInfo.java:shutdownLeaderState(104)) - 13d11d3e-9895-4970-8096-73396f0d647b: shutdown LeaderState
2019-09-24 03:28:01,898 [ForkJoinPool.commonPool-worker-0] INFO  impl.PendingRequests (PendingRequests.java:sendNotLeaderResponses(202)) - c11d39fa-10f3-4cb7-b122-8e860b76a301-PendingRequests: sendNotLeaderResponses
2019-09-24 03:28:01,899 [main] INFO  impl.PendingRequests (PendingRequests.java:sendNotLeaderResponses(202)) - 13d11d3e-9895-4970-8096-73396f0d647b-PendingRequests: sendNotLeaderResponses
2019-09-24 03:28:01,899 [ForkJoinPool.commonPool-worker-0] INFO  impl.StateMachineUpdater (StateMachineUpdater.java:stopAndJoin(125)) - c11d39fa-10f3-4cb7-b122-8e860b76a301@group-8574D344C171-StateMachineUpdater: set stopIndex = 0
2019-09-24 03:28:01,899 [main] INFO  impl.StateMachineUpdater (StateMachineUpdater.java:stopAndJoin(125)) - 13d11d3e-9895-4970-8096-73396f0d647b@group-B0E93F802A48-StateMachineUpdater: set stopIndex = 0
2019-09-24 03:28:01,899 [ForkJoinPool.commonPool-worker-0] INFO  impl.RaftServerImpl (ServerState.java:close(385)) - c11d39fa-10f3-4cb7-b122-8e860b76a301@group-8574D344C171: closes. applyIndex: 0
2019-09-24 03:28:01,900 [main] INFO  impl.RaftServerImpl (ServerState.java:close(385)) - 13d11d3e-9895-4970-8096-73396f0d647b@group-B0E93F802A48: closes. applyIndex: 0
2019-09-24 03:28:01,900 [c11d39fa-10f3-4cb7-b122-8e860b76a301@group-8574D344C171-SegmentedRaftLogWorker] INFO  segmented.SegmentedRaftLogWorker (SegmentedRaftLogWorker.java:run(313)) - c11d39fa-10f3-4cb7-b122-8e860b76a301@group-8574D344C171-SegmentedRaftLogWorker was interrupted, exiting. There are 0 tasks remaining in the queue.
2019-09-24 03:28:01,900 [13d11d3e-9895-4970-8096-73396f0d647b@group-B0E93F802A48-SegmentedRaftLogWorker] INFO  segmented.SegmentedRaftLogWorker (SegmentedRaftLogWorker.java:run(313)) - 13d11d3e-9895-4970-8096-73396f0d647b@group-B0E93F802A48-SegmentedRaftLogWorker was interrupted, exiting. There are 0 tasks remaining in the queue.
2019-09-24 03:28:01,905 [ForkJoinPool.commonPool-worker-0] INFO  segmented.SegmentedRaftLogWorker (SegmentedRaftLogWorker.java:close(228)) - c11d39fa-10f3-4cb7-b122-8e860b76a301@group-8574D344C171-SegmentedRaftLogWorker close()
2019-09-24 03:28:01,905 [main] INFO  segmented.SegmentedRaftLogWorker (SegmentedRaftLogWorker.java:close(228)) - 13d11d3e-9895-4970-8096-73396f0d647b@group-B0E93F802A48-SegmentedRaftLogWorker close()
2019-09-24 03:28:01,908 [ForkJoinPool.commonPool-worker-0] INFO  impl.RaftServerImpl (RaftServerImpl.java:lambda$shutdown$3(251)) - c11d39fa-10f3-4cb7-b122-8e860b76a301@group-D1F9125FB664: shutdown
2019-09-24 03:28:01,910 [main] INFO  impl.RaftServerImpl (RaftServerImpl.java:lambda$shutdown$3(251)) - 13d11d3e-9895-4970-8096-73396f0d647b@group-571D81204003: shutdown
2019-09-24 03:28:01,910 [ForkJoinPool.commonPool-worker-0] INFO  util.JmxRegister (JmxRegister.java:unregister(73)) - Successfully un-registered JMX Bean with object name Ratis:service=RaftServer,group=group-D1F9125FB664,id=c11d39fa-10f3-4cb7-b122-8e860b76a301
2019-09-24 03:28:01,911 [main] INFO  util.JmxRegister (JmxRegister.java:unregister(73)) - Successfully un-registered JMX Bean with object name Ratis:service=RaftServer,group=group-571D81204003,id=13d11d3e-9895-4970-8096-73396f0d647b
2019-09-24 03:28:01,911 [ForkJoinPool.commonPool-worker-0] INFO  impl.RoleInfo (RoleInfo.java:shutdownFollowerState(121)) - c11d39fa-10f3-4cb7-b122-8e860b76a301: shutdown FollowerState
2019-09-24 03:28:01,911 [main] INFO  impl.RoleInfo (RoleInfo.java:shutdownFollowerState(121)) - 13d11d3e-9895-4970-8096-73396f0d647b: shutdown FollowerState
2019-09-24 03:28:01,911 [Thread-378] INFO  impl.FollowerState (FollowerState.java:run(115)) - c11d39fa-10f3-4cb7-b122-8e860b76a301: FollowerState was interrupted: java.lang.InterruptedException: sleep interrupted
2019-09-24 03:28:01,911 [ForkJoinPool.commonPool-worker-0] INFO  impl.StateMachineUpdater (StateMachineUpdater.java:stopAndJoin(125)) - c11d39fa-10f3-4cb7-b122-8e860b76a301@group-D1F9125FB664-StateMachineUpdater: set stopIndex = 0
2019-09-24 03:28:01,911 [Thread-428] INFO  impl.FollowerState (FollowerState.java:run(115)) - 13d11d3e-9895-4970-8096-73396f0d647b: FollowerState was interrupted: java.lang.InterruptedException: sleep interrupted
2019-09-24 03:28:01,911 [main] INFO  impl.StateMachineUpdater (StateMachineUpdater.java:stopAndJoin(125)) - 13d11d3e-9895-4970-8096-73396f0d647b@group-571D81204003-StateMachineUpdater: set stopIndex = 0
2019-09-24 03:28:01,912 [ForkJoinPool.commonPool-worker-0] INFO  impl.RaftServerImpl (ServerState.java:close(385)) - c11d39fa-10f3-4cb7-b122-8e860b76a301@group-D1F9125FB664: closes. applyIndex: 0
2019-09-24 03:28:01,913 [main] INFO  impl.RaftServerImpl (ServerState.java:close(385)) - 13d11d3e-9895-4970-8096-73396f0d647b@group-571D81204003: closes. applyIndex: 0
2019-09-24 03:28:01,913 [c11d39fa-10f3-4cb7-b122-8e860b76a301@group-D1F9125FB664-SegmentedRaftLogWorker] INFO  segmented.SegmentedRaftLogWorker (SegmentedRaftLogWorker.java:run(313)) - c11d39fa-10f3-4cb7-b122-8e860b76a301@group-D1F9125FB664-SegmentedRaftLogWorker was interrupted, exiting. There are 0 tasks remaining in the queue.
2019-09-24 03:28:01,914 [13d11d3e-9895-4970-8096-73396f0d647b@group-571D81204003-SegmentedRaftLogWorker] INFO  segmented.SegmentedRaftLogWorker (SegmentedRaftLogWorker.java:run(313)) - 13d11d3e-9895-4970-8096-73396f0d647b@group-571D81204003-SegmentedRaftLogWorker was interrupted, exiting. There are 0 tasks remaining in the queue.
2019-09-24 03:28:01,915 [main] INFO  segmented.SegmentedRaftLogWorker (SegmentedRaftLogWorker.java:close(228)) - 13d11d3e-9895-4970-8096-73396f0d647b@group-571D81204003-SegmentedRaftLogWorker close()
2019-09-24 03:28:01,916 [ForkJoinPool.commonPool-worker-0] INFO  segmented.SegmentedRaftLogWorker (SegmentedRaftLogWorker.java:close(228)) - c11d39fa-10f3-4cb7-b122-8e860b76a301@group-D1F9125FB664-SegmentedRaftLogWorker close()
2019-09-24 03:28:01,919 [main] INFO  server.GrpcService (GrpcService.java:closeImpl(164)) - 13d11d3e-9895-4970-8096-73396f0d647b: shutdown server with port 45071 now
2019-09-24 03:28:01,922 [ForkJoinPool.commonPool-worker-0] INFO  server.GrpcService (GrpcService.java:closeImpl(164)) - c11d39fa-10f3-4cb7-b122-8e860b76a301: shutdown server with port 36278 now
2019-09-24 03:28:01,926 [ForkJoinPool.commonPool-worker-0] INFO  server.GrpcService (GrpcService.java:closeImpl(172)) - c11d39fa-10f3-4cb7-b122-8e860b76a301: shutdown server with port 36278 successfully
2019-09-24 03:28:01,927 [refreshUsed-/workdir/hadoop-ozone/integration-test/target/test-dir/MiniOzoneClusterImpl-e5f1ddf0-a5ce-4ae4-b63c-73802c2fbca4/datanode-3/data/containers] WARN  fs.CachingGetSpaceUsed (CachingGetSpaceUsed.java:run(183)) - Thread Interrupted waiting to refresh disk information: sleep interrupted
2019-09-24 03:28:01,928 [grpc-default-executor-3] WARN  server.GrpcServerProtocolService (LogUtils.java:warn(134)) - 13d11d3e-9895-4970-8096-73396f0d647b: installSnapshot onError, lastRequest: 8fc5c081-d984-4303-aba7-473da99cd7d4->13d11d3e-9895-4970-8096-73396f0d647b#44-t3, previous=(t:3, i:0), leaderCommit=0, initializing? false, entries: <empty>: org.apache.ratis.thirdparty.io.grpc.StatusRuntimeException: CANCELLED: cancelled before receiving half close
2019-09-24 03:28:01,930 [main] INFO  server.GrpcService (GrpcService.java:closeImpl(172)) - 13d11d3e-9895-4970-8096-73396f0d647b: shutdown server with port 45071 successfully
2019-09-24 03:28:01,933 [grpc-default-executor-0] WARN  server.GrpcLogAppender (LogUtils.java:warn(134)) - 8fc5c081-d984-4303-aba7-473da99cd7d4@group-571D81204003->13d11d3e-9895-4970-8096-73396f0d647b-AppendLogResponseHandler: Failed appendEntries: org.apache.ratis.thirdparty.io.grpc.StatusRuntimeException: CANCELLED: HTTP/2 error code: CANCEL
Received Rst Stream
2019-09-24 03:28:01,933 [refreshUsed-/workdir/hadoop-ozone/integration-test/target/test-dir/MiniOzoneClusterImpl-e5f1ddf0-a5ce-4ae4-b63c-73802c2fbca4/datanode-6/data/containers] WARN  fs.CachingGetSpaceUsed (CachingGetSpaceUsed.java:run(183)) - Thread Interrupted waiting to refresh disk information: sleep interrupted
2019-09-24 03:28:01,934 [grpc-default-executor-0] INFO  impl.FollowerInfo (FollowerInfo.java:lambda$new$0(51)) - 8fc5c081-d984-4303-aba7-473da99cd7d4@group-571D81204003->13d11d3e-9895-4970-8096-73396f0d647b: nextIndex: updateUnconditionally 1 -> 0
2019-09-24 03:28:01,951 [ForkJoinPool.commonPool-worker-0] INFO  utils.BackgroundService (BackgroundService.java:shutdown(148)) - Shutting down service BlockDeletingService
2019-09-24 03:28:01,956 [ForkJoinPool.commonPool-worker-0] INFO  statemachine.DatanodeStateMachine (DatanodeStateMachine.java:stopDaemon(395)) - Ozone container server stopped.
2019-09-24 03:28:01,959 [main] INFO  utils.BackgroundService (BackgroundService.java:shutdown(148)) - Shutting down service BlockDeletingService
2019-09-24 03:28:01,960 [ForkJoinPool.commonPool-worker-0] INFO  handler.ContextHandler (ContextHandler.java:doStop(910)) - Stopped o.e.j.w.WebAppContext@681c0ae6{/,null,UNAVAILABLE}{/hddsDatanode}
2019-09-24 03:28:01,964 [main] INFO  statemachine.DatanodeStateMachine (DatanodeStateMachine.java:stopDaemon(395)) - Ozone container server stopped.
2019-09-24 03:28:01,965 [main] INFO  handler.ContextHandler (ContextHandler.java:doStop(910)) - Stopped o.e.j.w.WebAppContext@184823ed{/,null,UNAVAILABLE}{/hddsDatanode}
2019-09-24 03:28:01,965 [ForkJoinPool.commonPool-worker-0] INFO  server.AbstractConnector (AbstractConnector.java:doStop(318)) - Stopped ServerConnector@73ca34e7{HTTP/1.1,[http/1.1]}{0.0.0.0:0}
2019-09-24 03:28:01,965 [main] INFO  server.AbstractConnector (AbstractConnector.java:doStop(318)) - Stopped ServerConnector@30bbcf91{HTTP/1.1,[http/1.1]}{0.0.0.0:0}
2019-09-24 03:28:01,966 [ForkJoinPool.commonPool-worker-0] INFO  handler.ContextHandler (ContextHandler.java:doStop(910)) - Stopped o.e.j.s.ServletContextHandler@285005b8{/static,jar:file:/home/user/.m2/repository/org/apache/hadoop/hadoop-hdds-container-service/0.5.0-SNAPSHOT/hadoop-hdds-container-service-0.5.0-SNAPSHOT.jar!/webapps/static,UNAVAILABLE}
2019-09-24 03:28:01,966 [main] INFO  handler.ContextHandler (ContextHandler.java:doStop(910)) - Stopped o.e.j.s.ServletContextHandler@42ed89da{/static,jar:file:/home/user/.m2/repository/org/apache/hadoop/hadoop-hdds-container-service/0.5.0-SNAPSHOT/hadoop-hdds-container-service-0.5.0-SNAPSHOT.jar!/webapps/static,UNAVAILABLE}
2019-09-24 03:28:01,968 [ForkJoinPool.commonPool-worker-0] INFO  handler.ContextHandler (ContextHandler.java:doStop(910)) - Stopped o.e.j.s.ServletContextHandler@d3e3085{/logs,file:///workdir/hadoop-ozone/integration-test/target/log,UNAVAILABLE}
2019-09-24 03:28:01,968 [main] INFO  handler.ContextHandler (ContextHandler.java:doStop(910)) - Stopped o.e.j.s.ServletContextHandler@5a566922{/logs,file:///workdir/hadoop-ozone/integration-test/target/log,UNAVAILABLE}
2019-09-24 03:28:02,313 [Datanode State Machine Thread - 0] INFO  statemachine.DatanodeStateMachine (DatanodeStateMachine.java:lambda$startDaemon$0(350)) - Ozone container server started.
2019-09-24 03:28:02,700 [Datanode State Machine Thread - 0] INFO  statemachine.DatanodeStateMachine (DatanodeStateMachine.java:lambda$startDaemon$0(350)) - Ozone container server started.
2019-09-24 03:28:03,310 [grpc-default-executor-3] WARN  server.GrpcLogAppender (LogUtils.java:warn(134)) - 8fc5c081-d984-4303-aba7-473da99cd7d4@group-571D81204003->13d11d3e-9895-4970-8096-73396f0d647b-AppendLogResponseHandler: Failed appendEntries: org.apache.ratis.thirdparty.io.grpc.StatusRuntimeException: UNAVAILABLE: io exception
2019-09-24 03:28:03,312 [grpc-default-executor-3] INFO  impl.FollowerInfo (FollowerInfo.java:lambda$new$0(51)) - 8fc5c081-d984-4303-aba7-473da99cd7d4@group-571D81204003->13d11d3e-9895-4970-8096-73396f0d647b: nextIndex: updateUnconditionally 0 -> 0
2019-09-24 03:28:04,858 [Thread-377] INFO  impl.FollowerState (FollowerState.java:run(106)) - f1c22574-e151-47e2-8b9a-aa1bb6e0cd34:group-D1F9125FB664 changes to CANDIDATE, lastRpcTime:9210, electionTimeout:5078ms
2019-09-24 03:28:04,858 [Thread-377] INFO  impl.RoleInfo (RoleInfo.java:shutdownFollowerState(121)) - f1c22574-e151-47e2-8b9a-aa1bb6e0cd34: shutdown FollowerState
2019-09-24 03:28:04,858 [Thread-377] INFO  impl.RaftServerImpl (RaftServerImpl.java:setRole(174)) - f1c22574-e151-47e2-8b9a-aa1bb6e0cd34@group-D1F9125FB664: changes role from  FOLLOWER to CANDIDATE at term 1 for changeToCandidate
2019-09-24 03:28:04,859 [Thread-377] INFO  impl.RoleInfo (RoleInfo.java:updateAndGet(143)) - f1c22574-e151-47e2-8b9a-aa1bb6e0cd34: start LeaderElection
2019-09-24 03:28:04,859 [f1c22574-e151-47e2-8b9a-aa1bb6e0cd34@group-D1F9125FB664:LeaderElection18] INFO  impl.RaftServerImpl (ServerState.java:setLeader(253)) - f1c22574-e151-47e2-8b9a-aa1bb6e0cd34@group-D1F9125FB664: change Leader from 2859951c-203c-4f1b-9e85-7275a2992eab to null at term 1 for initElection
2019-09-24 03:28:04,894 [f1c22574-e151-47e2-8b9a-aa1bb6e0cd34@group-D1F9125FB664:LeaderElection18] INFO  impl.LeaderElection (LeaderElection.java:askForVotes(182)) - f1c22574-e151-47e2-8b9a-aa1bb6e0cd34@group-D1F9125FB664:LeaderElection18: begin an election at term 2 for 0: [f1c22574-e151-47e2-8b9a-aa1bb6e0cd34:192.168.151.121:42828, c11d39fa-10f3-4cb7-b122-8e860b76a301:192.168.151.121:36278, 2859951c-203c-4f1b-9e85-7275a2992eab:192.168.151.121:40038], old=null
2019-09-24 03:28:04,902 [f1c22574-e151-47e2-8b9a-aa1bb6e0cd34@group-D1F9125FB664:LeaderElection18] INFO  impl.LeaderElection (LogUtils.java:infoOrTrace(149)) - f1c22574-e151-47e2-8b9a-aa1bb6e0cd34@group-D1F9125FB664:LeaderElection18 got exception when requesting votes: {}
java.util.concurrent.ExecutionException: org.apache.ratis.thirdparty.io.grpc.StatusRuntimeException: UNAVAILABLE: io exception
	at java.util.concurrent.FutureTask.report(FutureTask.java:122)
	at java.util.concurrent.FutureTask.get(FutureTask.java:192)
	at org.apache.ratis.server.impl.LeaderElection.waitForResults(LeaderElection.java:263)
	at org.apache.ratis.server.impl.LeaderElection.askForVotes(LeaderElection.java:201)
	at org.apache.ratis.server.impl.LeaderElection.run(LeaderElection.java:133)
	at java.lang.Thread.run(Thread.java:748)
Caused by: org.apache.ratis.thirdparty.io.grpc.StatusRuntimeException: UNAVAILABLE: io exception
	at org.apache.ratis.thirdparty.io.grpc.stub.ClientCalls.toStatusRuntimeException(ClientCalls.java:233)
	at org.apache.ratis.thirdparty.io.grpc.stub.ClientCalls.getUnchecked(ClientCalls.java:214)
	at org.apache.ratis.thirdparty.io.grpc.stub.ClientCalls.blockingUnaryCall(ClientCalls.java:139)
	at org.apache.ratis.proto.grpc.RaftServerProtocolServiceGrpc$RaftServerProtocolServiceBlockingStub.requestVote(RaftServerProtocolServiceGrpc.java:265)
	at org.apache.ratis.grpc.server.GrpcServerProtocolClient.requestVote(GrpcServerProtocolClient.java:90)
	at org.apache.ratis.grpc.server.GrpcService.requestVote(GrpcService.java:204)
	at org.apache.ratis.server.impl.LeaderElection.lambda$submitRequests$1(LeaderElection.java:238)
	at java.util.concurrent.FutureTask.run(FutureTask.java:266)
	at java.util.concurrent.Executors$RunnableAdapter.call(Executors.java:511)
	at java.util.concurrent.FutureTask.run(FutureTask.java:266)
	at java.util.concurrent.ThreadPoolExecutor.runWorker(ThreadPoolExecutor.java:1149)
	at java.util.concurrent.ThreadPoolExecutor$Worker.run(ThreadPoolExecutor.java:624)
	... 1 more
Caused by: org.apache.ratis.thirdparty.io.netty.channel.AbstractChannel$AnnotatedConnectException: Connection refused: /192.168.151.121:40038
	at sun.nio.ch.SocketChannelImpl.checkConnect(Native Method)
	at sun.nio.ch.SocketChannelImpl.finishConnect(SocketChannelImpl.java:717)
	at org.apache.ratis.thirdparty.io.netty.channel.socket.nio.NioSocketChannel.doFinishConnect(NioSocketChannel.java:327)
	at org.apache.ratis.thirdparty.io.netty.channel.nio.AbstractNioChannel$AbstractNioUnsafe.finishConnect(AbstractNioChannel.java:340)
	at org.apache.ratis.thirdparty.io.netty.channel.nio.NioEventLoop.processSelectedKey(NioEventLoop.java:632)
	at org.apache.ratis.thirdparty.io.netty.channel.nio.NioEventLoop.processSelectedKeysOptimized(NioEventLoop.java:579)
	at org.apache.ratis.thirdparty.io.netty.channel.nio.NioEventLoop.processSelectedKeys(NioEventLoop.java:496)
	at org.apache.ratis.thirdparty.io.netty.channel.nio.NioEventLoop.run(NioEventLoop.java:458)
	at org.apache.ratis.thirdparty.io.netty.util.concurrent.SingleThreadEventExecutor$5.run(SingleThreadEventExecutor.java:897)
	at org.apache.ratis.thirdparty.io.netty.util.concurrent.FastThreadLocalRunnable.run(FastThreadLocalRunnable.java:30)
	... 1 more
Caused by: java.net.ConnectException: Connection refused
	... 11 more
2019-09-24 03:28:04,904 [f1c22574-e151-47e2-8b9a-aa1bb6e0cd34@group-D1F9125FB664:LeaderElection18] INFO  impl.LeaderElection (LogUtils.java:infoOrTrace(149)) - f1c22574-e151-47e2-8b9a-aa1bb6e0cd34@group-D1F9125FB664:LeaderElection18 got exception when requesting votes: {}
java.util.concurrent.ExecutionException: org.apache.ratis.thirdparty.io.grpc.StatusRuntimeException: UNAVAILABLE: io exception
	at java.util.concurrent.FutureTask.report(FutureTask.java:122)
	at java.util.concurrent.FutureTask.get(FutureTask.java:192)
	at org.apache.ratis.server.impl.LeaderElection.waitForResults(LeaderElection.java:263)
	at org.apache.ratis.server.impl.LeaderElection.askForVotes(LeaderElection.java:201)
	at org.apache.ratis.server.impl.LeaderElection.run(LeaderElection.java:133)
	at java.lang.Thread.run(Thread.java:748)
Caused by: org.apache.ratis.thirdparty.io.grpc.StatusRuntimeException: UNAVAILABLE: io exception
	at org.apache.ratis.thirdparty.io.grpc.stub.ClientCalls.toStatusRuntimeException(ClientCalls.java:233)
	at org.apache.ratis.thirdparty.io.grpc.stub.ClientCalls.getUnchecked(ClientCalls.java:214)
	at org.apache.ratis.thirdparty.io.grpc.stub.ClientCalls.blockingUnaryCall(ClientCalls.java:139)
	at org.apache.ratis.proto.grpc.RaftServerProtocolServiceGrpc$RaftServerProtocolServiceBlockingStub.requestVote(RaftServerProtocolServiceGrpc.java:265)
	at org.apache.ratis.grpc.server.GrpcServerProtocolClient.requestVote(GrpcServerProtocolClient.java:90)
	at org.apache.ratis.grpc.server.GrpcService.requestVote(GrpcService.java:204)
	at org.apache.ratis.server.impl.LeaderElection.lambda$submitRequests$1(LeaderElection.java:238)
	at java.util.concurrent.FutureTask.run(FutureTask.java:266)
	at java.util.concurrent.Executors$RunnableAdapter.call(Executors.java:511)
	at java.util.concurrent.FutureTask.run(FutureTask.java:266)
	at java.util.concurrent.ThreadPoolExecutor.runWorker(ThreadPoolExecutor.java:1149)
	at java.util.concurrent.ThreadPoolExecutor$Worker.run(ThreadPoolExecutor.java:624)
	... 1 more
Caused by: org.apache.ratis.thirdparty.io.netty.channel.AbstractChannel$AnnotatedConnectException: Connection refused: /192.168.151.121:36278
	at sun.nio.ch.SocketChannelImpl.checkConnect(Native Method)
	at sun.nio.ch.SocketChannelImpl.finishConnect(SocketChannelImpl.java:717)
	at org.apache.ratis.thirdparty.io.netty.channel.socket.nio.NioSocketChannel.doFinishConnect(NioSocketChannel.java:327)
	at org.apache.ratis.thirdparty.io.netty.channel.nio.AbstractNioChannel$AbstractNioUnsafe.finishConnect(AbstractNioChannel.java:340)
	at org.apache.ratis.thirdparty.io.netty.channel.nio.NioEventLoop.processSelectedKey(NioEventLoop.java:632)
	at org.apache.ratis.thirdparty.io.netty.channel.nio.NioEventLoop.processSelectedKeysOptimized(NioEventLoop.java:579)
	at org.apache.ratis.thirdparty.io.netty.channel.nio.NioEventLoop.processSelectedKeys(NioEventLoop.java:496)
	at org.apache.ratis.thirdparty.io.netty.channel.nio.NioEventLoop.run(NioEventLoop.java:458)
	at org.apache.ratis.thirdparty.io.netty.util.concurrent.SingleThreadEventExecutor$5.run(SingleThreadEventExecutor.java:897)
	at org.apache.ratis.thirdparty.io.netty.util.concurrent.FastThreadLocalRunnable.run(FastThreadLocalRunnable.java:30)
	... 1 more
Caused by: java.net.ConnectException: Connection refused
	... 11 more
2019-09-24 03:28:04,906 [f1c22574-e151-47e2-8b9a-aa1bb6e0cd34@group-D1F9125FB664:LeaderElection18] INFO  impl.LeaderElection (LeaderElection.java:logAndReturn(56)) - f1c22574-e151-47e2-8b9a-aa1bb6e0cd34@group-D1F9125FB664:LeaderElection18: Election REJECTED; received 0 response(s) [] and 2 exception(s); f1c22574-e151-47e2-8b9a-aa1bb6e0cd34@group-D1F9125FB664:t2, leader=null, voted=f1c22574-e151-47e2-8b9a-aa1bb6e0cd34, raftlog=f1c22574-e151-47e2-8b9a-aa1bb6e0cd34@group-D1F9125FB664-SegmentedRaftLog:OPENED:c0,f0,i0, conf=0: [f1c22574-e151-47e2-8b9a-aa1bb6e0cd34:192.168.151.121:42828, c11d39fa-10f3-4cb7-b122-8e860b76a301:192.168.151.121:36278, 2859951c-203c-4f1b-9e85-7275a2992eab:192.168.151.121:40038], old=null
2019-09-24 03:28:04,906 [f1c22574-e151-47e2-8b9a-aa1bb6e0cd34@group-D1F9125FB664:LeaderElection18] INFO  impl.LeaderElection (LogUtils.java:infoOrTrace(149)) -   Exception 0: {}
java.util.concurrent.ExecutionException: org.apache.ratis.thirdparty.io.grpc.StatusRuntimeException: UNAVAILABLE: io exception
	at java.util.concurrent.FutureTask.report(FutureTask.java:122)
	at java.util.concurrent.FutureTask.get(FutureTask.java:192)
	at org.apache.ratis.server.impl.LeaderElection.waitForResults(LeaderElection.java:263)
	at org.apache.ratis.server.impl.LeaderElection.askForVotes(LeaderElection.java:201)
	at org.apache.ratis.server.impl.LeaderElection.run(LeaderElection.java:133)
	at java.lang.Thread.run(Thread.java:748)
Caused by: org.apache.ratis.thirdparty.io.grpc.StatusRuntimeException: UNAVAILABLE: io exception
	at org.apache.ratis.thirdparty.io.grpc.stub.ClientCalls.toStatusRuntimeException(ClientCalls.java:233)
	at org.apache.ratis.thirdparty.io.grpc.stub.ClientCalls.getUnchecked(ClientCalls.java:214)
	at org.apache.ratis.thirdparty.io.grpc.stub.ClientCalls.blockingUnaryCall(ClientCalls.java:139)
	at org.apache.ratis.proto.grpc.RaftServerProtocolServiceGrpc$RaftServerProtocolServiceBlockingStub.requestVote(RaftServerProtocolServiceGrpc.java:265)
	at org.apache.ratis.grpc.server.GrpcServerProtocolClient.requestVote(GrpcServerProtocolClient.java:90)
	at org.apache.ratis.grpc.server.GrpcService.requestVote(GrpcService.java:204)
	at org.apache.ratis.server.impl.LeaderElection.lambda$submitRequests$1(LeaderElection.java:238)
	at java.util.concurrent.FutureTask.run(FutureTask.java:266)
	at java.util.concurrent.Executors$RunnableAdapter.call(Executors.java:511)
	at java.util.concurrent.FutureTask.run(FutureTask.java:266)
	at java.util.concurrent.ThreadPoolExecutor.runWorker(ThreadPoolExecutor.java:1149)
	at java.util.concurrent.ThreadPoolExecutor$Worker.run(ThreadPoolExecutor.java:624)
	... 1 more
Caused by: org.apache.ratis.thirdparty.io.netty.channel.AbstractChannel$AnnotatedConnectException: Connection refused: /192.168.151.121:40038
	at sun.nio.ch.SocketChannelImpl.checkConnect(Native Method)
	at sun.nio.ch.SocketChannelImpl.finishConnect(SocketChannelImpl.java:717)
	at org.apache.ratis.thirdparty.io.netty.channel.socket.nio.NioSocketChannel.doFinishConnect(NioSocketChannel.java:327)
	at org.apache.ratis.thirdparty.io.netty.channel.nio.AbstractNioChannel$AbstractNioUnsafe.finishConnect(AbstractNioChannel.java:340)
	at org.apache.ratis.thirdparty.io.netty.channel.nio.NioEventLoop.processSelectedKey(NioEventLoop.java:632)
	at org.apache.ratis.thirdparty.io.netty.channel.nio.NioEventLoop.processSelectedKeysOptimized(NioEventLoop.java:579)
	at org.apache.ratis.thirdparty.io.netty.channel.nio.NioEventLoop.processSelectedKeys(NioEventLoop.java:496)
	at org.apache.ratis.thirdparty.io.netty.channel.nio.NioEventLoop.run(NioEventLoop.java:458)
	at org.apache.ratis.thirdparty.io.netty.util.concurrent.SingleThreadEventExecutor$5.run(SingleThreadEventExecutor.java:897)
	at org.apache.ratis.thirdparty.io.netty.util.concurrent.FastThreadLocalRunnable.run(FastThreadLocalRunnable.java:30)
	... 1 more
Caused by: java.net.ConnectException: Connection refused
	... 11 more
2019-09-24 03:28:04,907 [f1c22574-e151-47e2-8b9a-aa1bb6e0cd34@group-D1F9125FB664:LeaderElection18] INFO  impl.LeaderElection (LogUtils.java:infoOrTrace(149)) -   Exception 1: {}
java.util.concurrent.ExecutionException: org.apache.ratis.thirdparty.io.grpc.StatusRuntimeException: UNAVAILABLE: io exception
	at java.util.concurrent.FutureTask.report(FutureTask.java:122)
	at java.util.concurrent.FutureTask.get(FutureTask.java:192)
	at org.apache.ratis.server.impl.LeaderElection.waitForResults(LeaderElection.java:263)
	at org.apache.ratis.server.impl.LeaderElection.askForVotes(LeaderElection.java:201)
	at org.apache.ratis.server.impl.LeaderElection.run(LeaderElection.java:133)
	at java.lang.Thread.run(Thread.java:748)
Caused by: org.apache.ratis.thirdparty.io.grpc.StatusRuntimeException: UNAVAILABLE: io exception
	at org.apache.ratis.thirdparty.io.grpc.stub.ClientCalls.toStatusRuntimeException(ClientCalls.java:233)
	at org.apache.ratis.thirdparty.io.grpc.stub.ClientCalls.getUnchecked(ClientCalls.java:214)
	at org.apache.ratis.thirdparty.io.grpc.stub.ClientCalls.blockingUnaryCall(ClientCalls.java:139)
	at org.apache.ratis.proto.grpc.RaftServerProtocolServiceGrpc$RaftServerProtocolServiceBlockingStub.requestVote(RaftServerProtocolServiceGrpc.java:265)
	at org.apache.ratis.grpc.server.GrpcServerProtocolClient.requestVote(GrpcServerProtocolClient.java:90)
	at org.apache.ratis.grpc.server.GrpcService.requestVote(GrpcService.java:204)
	at org.apache.ratis.server.impl.LeaderElection.lambda$submitRequests$1(LeaderElection.java:238)
	at java.util.concurrent.FutureTask.run(FutureTask.java:266)
	at java.util.concurrent.Executors$RunnableAdapter.call(Executors.java:511)
	at java.util.concurrent.FutureTask.run(FutureTask.java:266)
	at java.util.concurrent.ThreadPoolExecutor.runWorker(ThreadPoolExecutor.java:1149)
	at java.util.concurrent.ThreadPoolExecutor$Worker.run(ThreadPoolExecutor.java:624)
	... 1 more
Caused by: org.apache.ratis.thirdparty.io.netty.channel.AbstractChannel$AnnotatedConnectException: Connection refused: /192.168.151.121:36278
	at sun.nio.ch.SocketChannelImpl.checkConnect(Native Method)
	at sun.nio.ch.SocketChannelImpl.finishConnect(SocketChannelImpl.java:717)
	at org.apache.ratis.thirdparty.io.netty.channel.socket.nio.NioSocketChannel.doFinishConnect(NioSocketChannel.java:327)
	at org.apache.ratis.thirdparty.io.netty.channel.nio.AbstractNioChannel$AbstractNioUnsafe.finishConnect(AbstractNioChannel.java:340)
	at org.apache.ratis.thirdparty.io.netty.channel.nio.NioEventLoop.processSelectedKey(NioEventLoop.java:632)
	at org.apache.ratis.thirdparty.io.netty.channel.nio.NioEventLoop.processSelectedKeysOptimized(NioEventLoop.java:579)
	at org.apache.ratis.thirdparty.io.netty.channel.nio.NioEventLoop.processSelectedKeys(NioEventLoop.java:496)
	at org.apache.ratis.thirdparty.io.netty.channel.nio.NioEventLoop.run(NioEventLoop.java:458)
	at org.apache.ratis.thirdparty.io.netty.util.concurrent.SingleThreadEventExecutor$5.run(SingleThreadEventExecutor.java:897)
	at org.apache.ratis.thirdparty.io.netty.util.concurrent.FastThreadLocalRunnable.run(FastThreadLocalRunnable.java:30)
	... 1 more
Caused by: java.net.ConnectException: Connection refused
	... 11 more
2019-09-24 03:28:04,909 [f1c22574-e151-47e2-8b9a-aa1bb6e0cd34@group-D1F9125FB664:LeaderElection18] INFO  impl.RaftServerImpl (RaftServerImpl.java:setRole(174)) - f1c22574-e151-47e2-8b9a-aa1bb6e0cd34@group-D1F9125FB664: changes role from CANDIDATE to FOLLOWER at term 2 for DISCOVERED_A_NEW_TERM
2019-09-24 03:28:04,909 [f1c22574-e151-47e2-8b9a-aa1bb6e0cd34@group-D1F9125FB664:LeaderElection18] INFO  impl.RoleInfo (RoleInfo.java:shutdownLeaderElection(134)) - f1c22574-e151-47e2-8b9a-aa1bb6e0cd34: shutdown LeaderElection
2019-09-24 03:28:04,909 [f1c22574-e151-47e2-8b9a-aa1bb6e0cd34@group-D1F9125FB664:LeaderElection18] INFO  impl.RoleInfo (RoleInfo.java:updateAndGet(143)) - f1c22574-e151-47e2-8b9a-aa1bb6e0cd34: start FollowerState
2019-09-24 03:28:05,771 [Thread-407] INFO  impl.FollowerState (FollowerState.java:run(106)) - de0815a2-edb6-4014-be80-193eceea242b:group-A48901C17D1E changes to CANDIDATE, lastRpcTime:9980, electionTimeout:5195ms
2019-09-24 03:28:05,773 [Thread-407] INFO  impl.RoleInfo (RoleInfo.java:shutdownFollowerState(121)) - de0815a2-edb6-4014-be80-193eceea242b: shutdown FollowerState
2019-09-24 03:28:05,773 [Thread-407] INFO  impl.RaftServerImpl (RaftServerImpl.java:setRole(174)) - de0815a2-edb6-4014-be80-193eceea242b@group-A48901C17D1E: changes role from  FOLLOWER to CANDIDATE at term 1 for changeToCandidate
2019-09-24 03:28:05,773 [Thread-407] INFO  impl.RoleInfo (RoleInfo.java:updateAndGet(143)) - de0815a2-edb6-4014-be80-193eceea242b: start LeaderElection
2019-09-24 03:28:05,773 [de0815a2-edb6-4014-be80-193eceea242b@group-A48901C17D1E:LeaderElection19] INFO  impl.RaftServerImpl (ServerState.java:setLeader(253)) - de0815a2-edb6-4014-be80-193eceea242b@group-A48901C17D1E: change Leader from 623c22b8-4c13-4281-9098-2ebcaa8ebf75 to null at term 1 for initElection
2019-09-24 03:28:05,783 [Thread-408] INFO  impl.FollowerState (FollowerState.java:run(106)) - 1a9a7120-0e30-4c9b-b35f-12e1338ec0ba:group-A48901C17D1E changes to CANDIDATE, lastRpcTime:9992, electionTimeout:5051ms
2019-09-24 03:28:05,784 [Thread-408] INFO  impl.RoleInfo (RoleInfo.java:shutdownFollowerState(121)) - 1a9a7120-0e30-4c9b-b35f-12e1338ec0ba: shutdown FollowerState
2019-09-24 03:28:05,784 [Thread-408] INFO  impl.RaftServerImpl (RaftServerImpl.java:setRole(174)) - 1a9a7120-0e30-4c9b-b35f-12e1338ec0ba@group-A48901C17D1E: changes role from  FOLLOWER to CANDIDATE at term 1 for changeToCandidate
2019-09-24 03:28:05,784 [Thread-408] INFO  impl.RoleInfo (RoleInfo.java:updateAndGet(143)) - 1a9a7120-0e30-4c9b-b35f-12e1338ec0ba: start LeaderElection
2019-09-24 03:28:05,786 [1a9a7120-0e30-4c9b-b35f-12e1338ec0ba@group-A48901C17D1E:LeaderElection20] INFO  impl.RaftServerImpl (ServerState.java:setLeader(253)) - 1a9a7120-0e30-4c9b-b35f-12e1338ec0ba@group-A48901C17D1E: change Leader from 623c22b8-4c13-4281-9098-2ebcaa8ebf75 to null at term 1 for initElection
2019-09-24 03:28:05,787 [de0815a2-edb6-4014-be80-193eceea242b@group-A48901C17D1E:LeaderElection19] INFO  impl.LeaderElection (LeaderElection.java:askForVotes(182)) - de0815a2-edb6-4014-be80-193eceea242b@group-A48901C17D1E:LeaderElection19: begin an election at term 2 for 0: [de0815a2-edb6-4014-be80-193eceea242b:192.168.151.121:43060, 623c22b8-4c13-4281-9098-2ebcaa8ebf75:192.168.151.121:39127, 1a9a7120-0e30-4c9b-b35f-12e1338ec0ba:192.168.151.121:42905], old=null
2019-09-24 03:28:05,792 [de0815a2-edb6-4014-be80-193eceea242b@group-A48901C17D1E:LeaderElection19] INFO  impl.LeaderElection (LogUtils.java:infoOrTrace(149)) - de0815a2-edb6-4014-be80-193eceea242b@group-A48901C17D1E:LeaderElection19 got exception when requesting votes: {}
java.util.concurrent.ExecutionException: org.apache.ratis.thirdparty.io.grpc.StatusRuntimeException: UNAVAILABLE: io exception
	at java.util.concurrent.FutureTask.report(FutureTask.java:122)
	at java.util.concurrent.FutureTask.get(FutureTask.java:192)
	at org.apache.ratis.server.impl.LeaderElection.waitForResults(LeaderElection.java:263)
	at org.apache.ratis.server.impl.LeaderElection.askForVotes(LeaderElection.java:201)
	at org.apache.ratis.server.impl.LeaderElection.run(LeaderElection.java:133)
	at java.lang.Thread.run(Thread.java:748)
Caused by: org.apache.ratis.thirdparty.io.grpc.StatusRuntimeException: UNAVAILABLE: io exception
	at org.apache.ratis.thirdparty.io.grpc.stub.ClientCalls.toStatusRuntimeException(ClientCalls.java:233)
	at org.apache.ratis.thirdparty.io.grpc.stub.ClientCalls.getUnchecked(ClientCalls.java:214)
	at org.apache.ratis.thirdparty.io.grpc.stub.ClientCalls.blockingUnaryCall(ClientCalls.java:139)
	at org.apache.ratis.proto.grpc.RaftServerProtocolServiceGrpc$RaftServerProtocolServiceBlockingStub.requestVote(RaftServerProtocolServiceGrpc.java:265)
	at org.apache.ratis.grpc.server.GrpcServerProtocolClient.requestVote(GrpcServerProtocolClient.java:90)
	at org.apache.ratis.grpc.server.GrpcService.requestVote(GrpcService.java:204)
	at org.apache.ratis.server.impl.LeaderElection.lambda$submitRequests$1(LeaderElection.java:238)
	at java.util.concurrent.FutureTask.run(FutureTask.java:266)
	at java.util.concurrent.Executors$RunnableAdapter.call(Executors.java:511)
	at java.util.concurrent.FutureTask.run(FutureTask.java:266)
	at java.util.concurrent.ThreadPoolExecutor.runWorker(ThreadPoolExecutor.java:1149)
	at java.util.concurrent.ThreadPoolExecutor$Worker.run(ThreadPoolExecutor.java:624)
	... 1 more
Caused by: org.apache.ratis.thirdparty.io.netty.channel.AbstractChannel$AnnotatedConnectException: Connection refused: /192.168.151.121:39127
	at sun.nio.ch.SocketChannelImpl.checkConnect(Native Method)
	at sun.nio.ch.SocketChannelImpl.finishConnect(SocketChannelImpl.java:717)
	at org.apache.ratis.thirdparty.io.netty.channel.socket.nio.NioSocketChannel.doFinishConnect(NioSocketChannel.java:327)
	at org.apache.ratis.thirdparty.io.netty.channel.nio.AbstractNioChannel$AbstractNioUnsafe.finishConnect(AbstractNioChannel.java:340)
	at org.apache.ratis.thirdparty.io.netty.channel.nio.NioEventLoop.processSelectedKey(NioEventLoop.java:632)
	at org.apache.ratis.thirdparty.io.netty.channel.nio.NioEventLoop.processSelectedKeysOptimized(NioEventLoop.java:579)
	at org.apache.ratis.thirdparty.io.netty.channel.nio.NioEventLoop.processSelectedKeys(NioEventLoop.java:496)
	at org.apache.ratis.thirdparty.io.netty.channel.nio.NioEventLoop.run(NioEventLoop.java:458)
	at org.apache.ratis.thirdparty.io.netty.util.concurrent.SingleThreadEventExecutor$5.run(SingleThreadEventExecutor.java:897)
	at org.apache.ratis.thirdparty.io.netty.util.concurrent.FastThreadLocalRunnable.run(FastThreadLocalRunnable.java:30)
	... 1 more
Caused by: java.net.ConnectException: Connection refused
	... 11 more
2019-09-24 03:28:05,800 [1a9a7120-0e30-4c9b-b35f-12e1338ec0ba@group-A48901C17D1E:LeaderElection20] INFO  impl.LeaderElection (LeaderElection.java:askForVotes(182)) - 1a9a7120-0e30-4c9b-b35f-12e1338ec0ba@group-A48901C17D1E:LeaderElection20: begin an election at term 2 for 0: [de0815a2-edb6-4014-be80-193eceea242b:192.168.151.121:43060, 623c22b8-4c13-4281-9098-2ebcaa8ebf75:192.168.151.121:39127, 1a9a7120-0e30-4c9b-b35f-12e1338ec0ba:192.168.151.121:42905], old=null
2019-09-24 03:28:05,805 [grpc-default-executor-2] WARN  server.GrpcLogAppender (LogUtils.java:warn(134)) - 8fc5c081-d984-4303-aba7-473da99cd7d4@group-571D81204003->13d11d3e-9895-4970-8096-73396f0d647b-AppendLogResponseHandler: Failed appendEntries: org.apache.ratis.thirdparty.io.grpc.StatusRuntimeException: UNAVAILABLE: io exception
2019-09-24 03:28:05,805 [de0815a2-edb6-4014-be80-193eceea242b@group-A48901C17D1E:LeaderElection19] INFO  impl.LeaderElection (LeaderElection.java:logAndReturn(56)) - de0815a2-edb6-4014-be80-193eceea242b@group-A48901C17D1E:LeaderElection19: Election REJECTED; received 1 response(s) [de0815a2-edb6-4014-be80-193eceea242b<-1a9a7120-0e30-4c9b-b35f-12e1338ec0ba#0:FAIL-t2] and 1 exception(s); de0815a2-edb6-4014-be80-193eceea242b@group-A48901C17D1E:t2, leader=null, voted=de0815a2-edb6-4014-be80-193eceea242b, raftlog=de0815a2-edb6-4014-be80-193eceea242b@group-A48901C17D1E-SegmentedRaftLog:OPENED:c0,f0,i0, conf=0: [de0815a2-edb6-4014-be80-193eceea242b:192.168.151.121:43060, 623c22b8-4c13-4281-9098-2ebcaa8ebf75:192.168.151.121:39127, 1a9a7120-0e30-4c9b-b35f-12e1338ec0ba:192.168.151.121:42905], old=null
2019-09-24 03:28:05,806 [de0815a2-edb6-4014-be80-193eceea242b@group-A48901C17D1E:LeaderElection19] INFO  impl.LeaderElection (LogUtils.java:infoOrTrace(149)) -   Exception 0: {}
java.util.concurrent.ExecutionException: org.apache.ratis.thirdparty.io.grpc.StatusRuntimeException: UNAVAILABLE: io exception
	at java.util.concurrent.FutureTask.report(FutureTask.java:122)
	at java.util.concurrent.FutureTask.get(FutureTask.java:192)
	at org.apache.ratis.server.impl.LeaderElection.waitForResults(LeaderElection.java:263)
	at org.apache.ratis.server.impl.LeaderElection.askForVotes(LeaderElection.java:201)
	at org.apache.ratis.server.impl.LeaderElection.run(LeaderElection.java:133)
	at java.lang.Thread.run(Thread.java:748)
Caused by: org.apache.ratis.thirdparty.io.grpc.StatusRuntimeException: UNAVAILABLE: io exception
	at org.apache.ratis.thirdparty.io.grpc.stub.ClientCalls.toStatusRuntimeException(ClientCalls.java:233)
	at org.apache.ratis.thirdparty.io.grpc.stub.ClientCalls.getUnchecked(ClientCalls.java:214)
	at org.apache.ratis.thirdparty.io.grpc.stub.ClientCalls.blockingUnaryCall(ClientCalls.java:139)
	at org.apache.ratis.proto.grpc.RaftServerProtocolServiceGrpc$RaftServerProtocolServiceBlockingStub.requestVote(RaftServerProtocolServiceGrpc.java:265)
	at org.apache.ratis.grpc.server.GrpcServerProtocolClient.requestVote(GrpcServerProtocolClient.java:90)
	at org.apache.ratis.grpc.server.GrpcService.requestVote(GrpcService.java:204)
	at org.apache.ratis.server.impl.LeaderElection.lambda$submitRequests$1(LeaderElection.java:238)
	at java.util.concurrent.FutureTask.run(FutureTask.java:266)
	at java.util.concurrent.Executors$RunnableAdapter.call(Executors.java:511)
	at java.util.concurrent.FutureTask.run(FutureTask.java:266)
	at java.util.concurrent.ThreadPoolExecutor.runWorker(ThreadPoolExecutor.java:1149)
	at java.util.concurrent.ThreadPoolExecutor$Worker.run(ThreadPoolExecutor.java:624)
	... 1 more
Caused by: org.apache.ratis.thirdparty.io.netty.channel.AbstractChannel$AnnotatedConnectException: Connection refused: /192.168.151.121:39127
	at sun.nio.ch.SocketChannelImpl.checkConnect(Native Method)
	at sun.nio.ch.SocketChannelImpl.finishConnect(SocketChannelImpl.java:717)
	at org.apache.ratis.thirdparty.io.netty.channel.socket.nio.NioSocketChannel.doFinishConnect(NioSocketChannel.java:327)
	at org.apache.ratis.thirdparty.io.netty.channel.nio.AbstractNioChannel$AbstractNioUnsafe.finishConnect(AbstractNioChannel.java:340)
	at org.apache.ratis.thirdparty.io.netty.channel.nio.NioEventLoop.processSelectedKey(NioEventLoop.java:632)
	at org.apache.ratis.thirdparty.io.netty.channel.nio.NioEventLoop.processSelectedKeysOptimized(NioEventLoop.java:579)
	at org.apache.ratis.thirdparty.io.netty.channel.nio.NioEventLoop.processSelectedKeys(NioEventLoop.java:496)
	at org.apache.ratis.thirdparty.io.netty.channel.nio.NioEventLoop.run(NioEventLoop.java:458)
	at org.apache.ratis.thirdparty.io.netty.util.concurrent.SingleThreadEventExecutor$5.run(SingleThreadEventExecutor.java:897)
	at org.apache.ratis.thirdparty.io.netty.util.concurrent.FastThreadLocalRunnable.run(FastThreadLocalRunnable.java:30)
	... 1 more
Caused by: java.net.ConnectException: Connection refused
	... 11 more
2019-09-24 03:28:05,807 [1a9a7120-0e30-4c9b-b35f-12e1338ec0ba@group-A48901C17D1E:LeaderElection20] INFO  impl.LeaderElection (LogUtils.java:infoOrTrace(149)) - 1a9a7120-0e30-4c9b-b35f-12e1338ec0ba@group-A48901C17D1E:LeaderElection20 got exception when requesting votes: {}
java.util.concurrent.ExecutionException: org.apache.ratis.thirdparty.io.grpc.StatusRuntimeException: UNAVAILABLE: io exception
	at java.util.concurrent.FutureTask.report(FutureTask.java:122)
	at java.util.concurrent.FutureTask.get(FutureTask.java:192)
	at org.apache.ratis.server.impl.LeaderElection.waitForResults(LeaderElection.java:263)
	at org.apache.ratis.server.impl.LeaderElection.askForVotes(LeaderElection.java:201)
	at org.apache.ratis.server.impl.LeaderElection.run(LeaderElection.java:133)
	at java.lang.Thread.run(Thread.java:748)
Caused by: org.apache.ratis.thirdparty.io.grpc.StatusRuntimeException: UNAVAILABLE: io exception
	at org.apache.ratis.thirdparty.io.grpc.stub.ClientCalls.toStatusRuntimeException(ClientCalls.java:233)
	at org.apache.ratis.thirdparty.io.grpc.stub.ClientCalls.getUnchecked(ClientCalls.java:214)
	at org.apache.ratis.thirdparty.io.grpc.stub.ClientCalls.blockingUnaryCall(ClientCalls.java:139)
	at org.apache.ratis.proto.grpc.RaftServerProtocolServiceGrpc$RaftServerProtocolServiceBlockingStub.requestVote(RaftServerProtocolServiceGrpc.java:265)
	at org.apache.ratis.grpc.server.GrpcServerProtocolClient.requestVote(GrpcServerProtocolClient.java:90)
	at org.apache.ratis.grpc.server.GrpcService.requestVote(GrpcService.java:204)
	at org.apache.ratis.server.impl.LeaderElection.lambda$submitRequests$1(LeaderElection.java:238)
	at java.util.concurrent.FutureTask.run(FutureTask.java:266)
	at java.util.concurrent.Executors$RunnableAdapter.call(Executors.java:511)
	at java.util.concurrent.FutureTask.run(FutureTask.java:266)
	at java.util.concurrent.ThreadPoolExecutor.runWorker(ThreadPoolExecutor.java:1149)
	at java.util.concurrent.ThreadPoolExecutor$Worker.run(ThreadPoolExecutor.java:624)
	... 1 more
Caused by: org.apache.ratis.thirdparty.io.netty.channel.AbstractChannel$AnnotatedConnectException: Connection refused: /192.168.151.121:39127
	at sun.nio.ch.SocketChannelImpl.checkConnect(Native Method)
	at sun.nio.ch.SocketChannelImpl.finishConnect(SocketChannelImpl.java:717)
	at org.apache.ratis.thirdparty.io.netty.channel.socket.nio.NioSocketChannel.doFinishConnect(NioSocketChannel.java:327)
	at org.apache.ratis.thirdparty.io.netty.channel.nio.AbstractNioChannel$AbstractNioUnsafe.finishConnect(AbstractNioChannel.java:340)
	at org.apache.ratis.thirdparty.io.netty.channel.nio.NioEventLoop.processSelectedKey(NioEventLoop.java:632)
	at org.apache.ratis.thirdparty.io.netty.channel.nio.NioEventLoop.processSelectedKeysOptimized(NioEventLoop.java:579)
	at org.apache.ratis.thirdparty.io.netty.channel.nio.NioEventLoop.processSelectedKeys(NioEventLoop.java:496)
	at org.apache.ratis.thirdparty.io.netty.channel.nio.NioEventLoop.run(NioEventLoop.java:458)
	at org.apache.ratis.thirdparty.io.netty.util.concurrent.SingleThreadEventExecutor$5.run(SingleThreadEventExecutor.java:897)
	at org.apache.ratis.thirdparty.io.netty.util.concurrent.FastThreadLocalRunnable.run(FastThreadLocalRunnable.java:30)
	... 1 more
Caused by: java.net.ConnectException: Connection refused
	... 11 more
2019-09-24 03:28:05,806 [grpc-default-executor-2] INFO  impl.FollowerInfo (FollowerInfo.java:lambda$new$0(51)) - 8fc5c081-d984-4303-aba7-473da99cd7d4@group-571D81204003->13d11d3e-9895-4970-8096-73396f0d647b: nextIndex: updateUnconditionally 0 -> 0
2019-09-24 03:28:05,813 [1a9a7120-0e30-4c9b-b35f-12e1338ec0ba@group-A48901C17D1E:LeaderElection20] INFO  impl.LeaderElection (LeaderElection.java:logAndReturn(56)) - 1a9a7120-0e30-4c9b-b35f-12e1338ec0ba@group-A48901C17D1E:LeaderElection20: Election REJECTED; received 1 response(s) [1a9a7120-0e30-4c9b-b35f-12e1338ec0ba<-de0815a2-edb6-4014-be80-193eceea242b#0:FAIL-t2] and 1 exception(s); 1a9a7120-0e30-4c9b-b35f-12e1338ec0ba@group-A48901C17D1E:t2, leader=null, voted=1a9a7120-0e30-4c9b-b35f-12e1338ec0ba, raftlog=1a9a7120-0e30-4c9b-b35f-12e1338ec0ba@group-A48901C17D1E-SegmentedRaftLog:OPENED:c0,f0,i0, conf=0: [de0815a2-edb6-4014-be80-193eceea242b:192.168.151.121:43060, 623c22b8-4c13-4281-9098-2ebcaa8ebf75:192.168.151.121:39127, 1a9a7120-0e30-4c9b-b35f-12e1338ec0ba:192.168.151.121:42905], old=null
2019-09-24 03:28:05,810 [de0815a2-edb6-4014-be80-193eceea242b@group-A48901C17D1E:LeaderElection19] INFO  impl.RaftServerImpl (RaftServerImpl.java:setRole(174)) - de0815a2-edb6-4014-be80-193eceea242b@group-A48901C17D1E: changes role from CANDIDATE to FOLLOWER at term 2 for DISCOVERED_A_NEW_TERM
2019-09-24 03:28:05,813 [1a9a7120-0e30-4c9b-b35f-12e1338ec0ba@group-A48901C17D1E:LeaderElection20] INFO  impl.LeaderElection (LogUtils.java:infoOrTrace(149)) -   Exception 0: {}
java.util.concurrent.ExecutionException: org.apache.ratis.thirdparty.io.grpc.StatusRuntimeException: UNAVAILABLE: io exception
	at java.util.concurrent.FutureTask.report(FutureTask.java:122)
	at java.util.concurrent.FutureTask.get(FutureTask.java:192)
	at org.apache.ratis.server.impl.LeaderElection.waitForResults(LeaderElection.java:263)
	at org.apache.ratis.server.impl.LeaderElection.askForVotes(LeaderElection.java:201)
	at org.apache.ratis.server.impl.LeaderElection.run(LeaderElection.java:133)
	at java.lang.Thread.run(Thread.java:748)
Caused by: org.apache.ratis.thirdparty.io.grpc.StatusRuntimeException: UNAVAILABLE: io exception
	at org.apache.ratis.thirdparty.io.grpc.stub.ClientCalls.toStatusRuntimeException(ClientCalls.java:233)
	at org.apache.ratis.thirdparty.io.grpc.stub.ClientCalls.getUnchecked(ClientCalls.java:214)
	at org.apache.ratis.thirdparty.io.grpc.stub.ClientCalls.blockingUnaryCall(ClientCalls.java:139)
	at org.apache.ratis.proto.grpc.RaftServerProtocolServiceGrpc$RaftServerProtocolServiceBlockingStub.requestVote(RaftServerProtocolServiceGrpc.java:265)
	at org.apache.ratis.grpc.server.GrpcServerProtocolClient.requestVote(GrpcServerProtocolClient.java:90)
	at org.apache.ratis.grpc.server.GrpcService.requestVote(GrpcService.java:204)
	at org.apache.ratis.server.impl.LeaderElection.lambda$submitRequests$1(LeaderElection.java:238)
	at java.util.concurrent.FutureTask.run(FutureTask.java:266)
	at java.util.concurrent.Executors$RunnableAdapter.call(Executors.java:511)
	at java.util.concurrent.FutureTask.run(FutureTask.java:266)
	at java.util.concurrent.ThreadPoolExecutor.runWorker(ThreadPoolExecutor.java:1149)
	at java.util.concurrent.ThreadPoolExecutor$Worker.run(ThreadPoolExecutor.java:624)
	... 1 more
Caused by: org.apache.ratis.thirdparty.io.netty.channel.AbstractChannel$AnnotatedConnectException: Connection refused: /192.168.151.121:39127
	at sun.nio.ch.SocketChannelImpl.checkConnect(Native Method)
	at sun.nio.ch.SocketChannelImpl.finishConnect(SocketChannelImpl.java:717)
	at org.apache.ratis.thirdparty.io.netty.channel.socket.nio.NioSocketChannel.doFinishConnect(NioSocketChannel.java:327)
	at org.apache.ratis.thirdparty.io.netty.channel.nio.AbstractNioChannel$AbstractNioUnsafe.finishConnect(AbstractNioChannel.java:340)
	at org.apache.ratis.thirdparty.io.netty.channel.nio.NioEventLoop.processSelectedKey(NioEventLoop.java:632)
	at org.apache.ratis.thirdparty.io.netty.channel.nio.NioEventLoop.processSelectedKeysOptimized(NioEventLoop.java:579)
	at org.apache.ratis.thirdparty.io.netty.channel.nio.NioEventLoop.processSelectedKeys(NioEventLoop.java:496)
	at org.apache.ratis.thirdparty.io.netty.channel.nio.NioEventLoop.run(NioEventLoop.java:458)
	at org.apache.ratis.thirdparty.io.netty.util.concurrent.SingleThreadEventExecutor$5.run(SingleThreadEventExecutor.java:897)
	at org.apache.ratis.thirdparty.io.netty.util.concurrent.FastThreadLocalRunnable.run(FastThreadLocalRunnable.java:30)
	... 1 more
Caused by: java.net.ConnectException: Connection refused
	... 11 more
2019-09-24 03:28:05,813 [de0815a2-edb6-4014-be80-193eceea242b@group-A48901C17D1E:LeaderElection19] INFO  impl.RoleInfo (RoleInfo.java:shutdownLeaderElection(134)) - de0815a2-edb6-4014-be80-193eceea242b: shutdown LeaderElection
2019-09-24 03:28:05,815 [1a9a7120-0e30-4c9b-b35f-12e1338ec0ba@group-A48901C17D1E:LeaderElection20] INFO  impl.RaftServerImpl (RaftServerImpl.java:setRole(174)) - 1a9a7120-0e30-4c9b-b35f-12e1338ec0ba@group-A48901C17D1E: changes role from CANDIDATE to FOLLOWER at term 2 for DISCOVERED_A_NEW_TERM
2019-09-24 03:28:05,816 [1a9a7120-0e30-4c9b-b35f-12e1338ec0ba@group-A48901C17D1E:LeaderElection20] INFO  impl.RoleInfo (RoleInfo.java:shutdownLeaderElection(134)) - 1a9a7120-0e30-4c9b-b35f-12e1338ec0ba: shutdown LeaderElection
2019-09-24 03:28:05,816 [de0815a2-edb6-4014-be80-193eceea242b@group-A48901C17D1E:LeaderElection19] INFO  impl.RoleInfo (RoleInfo.java:updateAndGet(143)) - de0815a2-edb6-4014-be80-193eceea242b: start FollowerState
2019-09-24 03:28:05,816 [1a9a7120-0e30-4c9b-b35f-12e1338ec0ba@group-A48901C17D1E:LeaderElection20] INFO  impl.RoleInfo (RoleInfo.java:updateAndGet(143)) - 1a9a7120-0e30-4c9b-b35f-12e1338ec0ba: start FollowerState
2019-09-24 03:28:06,969 [ForkJoinPool.commonPool-worker-0] INFO  ozoneimpl.OzoneContainer (OzoneContainer.java:stop(231)) - Attempting to stop container services.
2019-09-24 03:28:06,970 [main] INFO  ozoneimpl.OzoneContainer (OzoneContainer.java:stop(231)) - Attempting to stop container services.
2019-09-24 03:28:06,970 [ForkJoinPool.commonPool-worker-0] INFO  impl.RaftServerProxy (RaftServerProxy.java:lambda$close$4(314)) - de0815a2-edb6-4014-be80-193eceea242b: close
2019-09-24 03:28:06,970 [ForkJoinPool.commonPool-worker-0] INFO  impl.RaftServerImpl (RaftServerImpl.java:lambda$shutdown$3(251)) - de0815a2-edb6-4014-be80-193eceea242b@group-A48901C17D1E: shutdown
2019-09-24 03:28:06,970 [main] INFO  impl.RaftServerProxy (RaftServerProxy.java:lambda$close$4(314)) - f1c22574-e151-47e2-8b9a-aa1bb6e0cd34: close
2019-09-24 03:28:06,970 [ForkJoinPool.commonPool-worker-0] INFO  util.JmxRegister (JmxRegister.java:unregister(73)) - Successfully un-registered JMX Bean with object name Ratis:service=RaftServer,group=group-A48901C17D1E,id=de0815a2-edb6-4014-be80-193eceea242b
2019-09-24 03:28:06,971 [main] INFO  impl.RaftServerImpl (RaftServerImpl.java:lambda$shutdown$3(251)) - f1c22574-e151-47e2-8b9a-aa1bb6e0cd34@group-6ACF982B3F1A: shutdown
2019-09-24 03:28:06,971 [ForkJoinPool.commonPool-worker-0] INFO  impl.RoleInfo (RoleInfo.java:shutdownFollowerState(121)) - de0815a2-edb6-4014-be80-193eceea242b: shutdown FollowerState
2019-09-24 03:28:06,971 [main] INFO  util.JmxRegister (JmxRegister.java:unregister(73)) - Successfully un-registered JMX Bean with object name Ratis:service=RaftServer,group=group-6ACF982B3F1A,id=f1c22574-e151-47e2-8b9a-aa1bb6e0cd34
2019-09-24 03:28:06,971 [Thread-730] INFO  impl.FollowerState (FollowerState.java:run(115)) - de0815a2-edb6-4014-be80-193eceea242b: FollowerState was interrupted: java.lang.InterruptedException: sleep interrupted
2019-09-24 03:28:06,971 [ForkJoinPool.commonPool-worker-0] INFO  impl.StateMachineUpdater (StateMachineUpdater.java:stopAndJoin(125)) - de0815a2-edb6-4014-be80-193eceea242b@group-A48901C17D1E-StateMachineUpdater: set stopIndex = 0
2019-09-24 03:28:06,971 [main] INFO  impl.RoleInfo (RoleInfo.java:shutdownLeaderState(104)) - f1c22574-e151-47e2-8b9a-aa1bb6e0cd34: shutdown LeaderState
2019-09-24 03:28:06,973 [ForkJoinPool.commonPool-worker-0] INFO  impl.RaftServerImpl (ServerState.java:close(385)) - de0815a2-edb6-4014-be80-193eceea242b@group-A48901C17D1E: closes. applyIndex: 0
2019-09-24 03:28:06,973 [main] INFO  impl.PendingRequests (PendingRequests.java:sendNotLeaderResponses(202)) - f1c22574-e151-47e2-8b9a-aa1bb6e0cd34-PendingRequests: sendNotLeaderResponses
2019-09-24 03:28:06,974 [de0815a2-edb6-4014-be80-193eceea242b@group-A48901C17D1E-SegmentedRaftLogWorker] INFO  segmented.SegmentedRaftLogWorker (SegmentedRaftLogWorker.java:run(313)) - de0815a2-edb6-4014-be80-193eceea242b@group-A48901C17D1E-SegmentedRaftLogWorker was interrupted, exiting. There are 0 tasks remaining in the queue.
2019-09-24 03:28:06,974 [main] INFO  impl.StateMachineUpdater (StateMachineUpdater.java:stopAndJoin(125)) - f1c22574-e151-47e2-8b9a-aa1bb6e0cd34@group-6ACF982B3F1A-StateMachineUpdater: set stopIndex = 0
2019-09-24 03:28:06,975 [ForkJoinPool.commonPool-worker-0] INFO  segmented.SegmentedRaftLogWorker (SegmentedRaftLogWorker.java:close(228)) - de0815a2-edb6-4014-be80-193eceea242b@group-A48901C17D1E-SegmentedRaftLogWorker close()
2019-09-24 03:28:06,975 [main] INFO  impl.RaftServerImpl (ServerState.java:close(385)) - f1c22574-e151-47e2-8b9a-aa1bb6e0cd34@group-6ACF982B3F1A: closes. applyIndex: 0
2019-09-24 03:28:06,977 [ForkJoinPool.commonPool-worker-0] INFO  impl.RaftServerImpl (RaftServerImpl.java:lambda$shutdown$3(251)) - de0815a2-edb6-4014-be80-193eceea242b@group-A9E4F51E90A5: shutdown
2019-09-24 03:28:06,978 [f1c22574-e151-47e2-8b9a-aa1bb6e0cd34@group-6ACF982B3F1A-SegmentedRaftLogWorker] INFO  segmented.SegmentedRaftLogWorker (SegmentedRaftLogWorker.java:run(313)) - f1c22574-e151-47e2-8b9a-aa1bb6e0cd34@group-6ACF982B3F1A-SegmentedRaftLogWorker was interrupted, exiting. There are 0 tasks remaining in the queue.
2019-09-24 03:28:06,978 [ForkJoinPool.commonPool-worker-0] INFO  util.JmxRegister (JmxRegister.java:unregister(73)) - Successfully un-registered JMX Bean with object name Ratis:service=RaftServer,group=group-A9E4F51E90A5,id=de0815a2-edb6-4014-be80-193eceea242b
2019-09-24 03:28:06,979 [main] INFO  segmented.SegmentedRaftLogWorker (SegmentedRaftLogWorker.java:close(228)) - f1c22574-e151-47e2-8b9a-aa1bb6e0cd34@group-6ACF982B3F1A-SegmentedRaftLogWorker close()
2019-09-24 03:28:06,979 [ForkJoinPool.commonPool-worker-0] INFO  impl.RoleInfo (RoleInfo.java:shutdownLeaderState(104)) - de0815a2-edb6-4014-be80-193eceea242b: shutdown LeaderState
2019-09-24 03:28:06,987 [main] INFO  impl.RaftServerImpl (RaftServerImpl.java:lambda$shutdown$3(251)) - f1c22574-e151-47e2-8b9a-aa1bb6e0cd34@group-D1F9125FB664: shutdown
2019-09-24 03:28:06,988 [ForkJoinPool.commonPool-worker-0] INFO  impl.PendingRequests (PendingRequests.java:sendNotLeaderResponses(202)) - de0815a2-edb6-4014-be80-193eceea242b-PendingRequests: sendNotLeaderResponses
2019-09-24 03:28:06,988 [main] INFO  util.JmxRegister (JmxRegister.java:unregister(73)) - Successfully un-registered JMX Bean with object name Ratis:service=RaftServer,group=group-D1F9125FB664,id=f1c22574-e151-47e2-8b9a-aa1bb6e0cd34
2019-09-24 03:28:06,988 [ForkJoinPool.commonPool-worker-0] INFO  impl.StateMachineUpdater (StateMachineUpdater.java:stopAndJoin(125)) - de0815a2-edb6-4014-be80-193eceea242b@group-A9E4F51E90A5-StateMachineUpdater: set stopIndex = 0
2019-09-24 03:28:06,988 [main] INFO  impl.RoleInfo (RoleInfo.java:shutdownFollowerState(121)) - f1c22574-e151-47e2-8b9a-aa1bb6e0cd34: shutdown FollowerState
2019-09-24 03:28:06,990 [ForkJoinPool.commonPool-worker-0] INFO  impl.RaftServerImpl (ServerState.java:close(385)) - de0815a2-edb6-4014-be80-193eceea242b@group-A9E4F51E90A5: closes. applyIndex: 0
2019-09-24 03:28:06,990 [main] INFO  impl.StateMachineUpdater (StateMachineUpdater.java:stopAndJoin(125)) - f1c22574-e151-47e2-8b9a-aa1bb6e0cd34@group-D1F9125FB664-StateMachineUpdater: set stopIndex = 0
2019-09-24 03:28:06,990 [de0815a2-edb6-4014-be80-193eceea242b@group-A9E4F51E90A5-SegmentedRaftLogWorker] INFO  segmented.SegmentedRaftLogWorker (SegmentedRaftLogWorker.java:run(313)) - de0815a2-edb6-4014-be80-193eceea242b@group-A9E4F51E90A5-SegmentedRaftLogWorker was interrupted, exiting. There are 0 tasks remaining in the queue.
2019-09-24 03:28:06,990 [Thread-723] INFO  impl.FollowerState (FollowerState.java:run(115)) - f1c22574-e151-47e2-8b9a-aa1bb6e0cd34: FollowerState was interrupted: java.lang.InterruptedException: sleep interrupted
2019-09-24 03:28:06,990 [main] INFO  impl.RaftServerImpl (ServerState.java:close(385)) - f1c22574-e151-47e2-8b9a-aa1bb6e0cd34@group-D1F9125FB664: closes. applyIndex: 0
2019-09-24 03:28:06,991 [ForkJoinPool.commonPool-worker-0] INFO  segmented.SegmentedRaftLogWorker (SegmentedRaftLogWorker.java:close(228)) - de0815a2-edb6-4014-be80-193eceea242b@group-A9E4F51E90A5-SegmentedRaftLogWorker close()
2019-09-24 03:28:06,992 [f1c22574-e151-47e2-8b9a-aa1bb6e0cd34@group-D1F9125FB664-SegmentedRaftLogWorker] INFO  segmented.SegmentedRaftLogWorker (SegmentedRaftLogWorker.java:run(313)) - f1c22574-e151-47e2-8b9a-aa1bb6e0cd34@group-D1F9125FB664-SegmentedRaftLogWorker was interrupted, exiting. There are 0 tasks remaining in the queue.
2019-09-24 03:28:06,993 [ForkJoinPool.commonPool-worker-0] INFO  server.GrpcService (GrpcService.java:closeImpl(164)) - de0815a2-edb6-4014-be80-193eceea242b: shutdown server with port 43060 now
2019-09-24 03:28:06,993 [main] INFO  segmented.SegmentedRaftLogWorker (SegmentedRaftLogWorker.java:close(228)) - f1c22574-e151-47e2-8b9a-aa1bb6e0cd34@group-D1F9125FB664-SegmentedRaftLogWorker close()
2019-09-24 03:28:06,996 [ForkJoinPool.commonPool-worker-0] INFO  server.GrpcService (GrpcService.java:closeImpl(172)) - de0815a2-edb6-4014-be80-193eceea242b: shutdown server with port 43060 successfully
2019-09-24 03:28:06,998 [main] INFO  server.GrpcService (GrpcService.java:closeImpl(164)) - f1c22574-e151-47e2-8b9a-aa1bb6e0cd34: shutdown server with port 42828 now
2019-09-24 03:28:07,003 [main] INFO  server.GrpcService (GrpcService.java:closeImpl(172)) - f1c22574-e151-47e2-8b9a-aa1bb6e0cd34: shutdown server with port 42828 successfully
2019-09-24 03:28:07,003 [refreshUsed-/workdir/hadoop-ozone/integration-test/target/test-dir/MiniOzoneClusterImpl-e5f1ddf0-a5ce-4ae4-b63c-73802c2fbca4/datanode-4/data/containers] WARN  fs.CachingGetSpaceUsed (CachingGetSpaceUsed.java:run(183)) - Thread Interrupted waiting to refresh disk information: sleep interrupted
2019-09-24 03:28:07,005 [refreshUsed-/workdir/hadoop-ozone/integration-test/target/test-dir/MiniOzoneClusterImpl-e5f1ddf0-a5ce-4ae4-b63c-73802c2fbca4/datanode-8/data/containers] WARN  fs.CachingGetSpaceUsed (CachingGetSpaceUsed.java:run(183)) - Thread Interrupted waiting to refresh disk information: sleep interrupted
2019-09-24 03:28:07,020 [main] INFO  utils.BackgroundService (BackgroundService.java:shutdown(148)) - Shutting down service BlockDeletingService
2019-09-24 03:28:07,020 [ForkJoinPool.commonPool-worker-0] INFO  utils.BackgroundService (BackgroundService.java:shutdown(148)) - Shutting down service BlockDeletingService
2019-09-24 03:28:07,026 [main] INFO  statemachine.DatanodeStateMachine (DatanodeStateMachine.java:stopDaemon(395)) - Ozone container server stopped.
2019-09-24 03:28:07,027 [ForkJoinPool.commonPool-worker-0] INFO  statemachine.DatanodeStateMachine (DatanodeStateMachine.java:stopDaemon(395)) - Ozone container server stopped.
2019-09-24 03:28:07,030 [ForkJoinPool.commonPool-worker-0] INFO  handler.ContextHandler (ContextHandler.java:doStop(910)) - Stopped o.e.j.w.WebAppContext@4dfdfe7d{/,null,UNAVAILABLE}{/hddsDatanode}
2019-09-24 03:28:07,030 [main] INFO  handler.ContextHandler (ContextHandler.java:doStop(910)) - Stopped o.e.j.w.WebAppContext@5460edd3{/,null,UNAVAILABLE}{/hddsDatanode}
2019-09-24 03:28:07,031 [ForkJoinPool.commonPool-worker-0] INFO  server.AbstractConnector (AbstractConnector.java:doStop(318)) - Stopped ServerConnector@1578b8ec{HTTP/1.1,[http/1.1]}{0.0.0.0:0}
2019-09-24 03:28:07,031 [main] INFO  server.AbstractConnector (AbstractConnector.java:doStop(318)) - Stopped ServerConnector@5dbbb292{HTTP/1.1,[http/1.1]}{0.0.0.0:0}
2019-09-24 03:28:07,032 [ForkJoinPool.commonPool-worker-0] INFO  handler.ContextHandler (ContextHandler.java:doStop(910)) - Stopped o.e.j.s.ServletContextHandler@66ec4409{/static,jar:file:/home/user/.m2/repository/org/apache/hadoop/hadoop-hdds-container-service/0.5.0-SNAPSHOT/hadoop-hdds-container-service-0.5.0-SNAPSHOT.jar!/webapps/static,UNAVAILABLE}
2019-09-24 03:28:07,032 [main] INFO  handler.ContextHandler (ContextHandler.java:doStop(910)) - Stopped o.e.j.s.ServletContextHandler@7fd99443{/static,jar:file:/home/user/.m2/repository/org/apache/hadoop/hadoop-hdds-container-service/0.5.0-SNAPSHOT/hadoop-hdds-container-service-0.5.0-SNAPSHOT.jar!/webapps/static,UNAVAILABLE}
2019-09-24 03:28:07,033 [ForkJoinPool.commonPool-worker-0] INFO  handler.ContextHandler (ContextHandler.java:doStop(910)) - Stopped o.e.j.s.ServletContextHandler@52831a73{/logs,file:///workdir/hadoop-ozone/integration-test/target/log,UNAVAILABLE}
2019-09-24 03:28:07,033 [main] INFO  handler.ContextHandler (ContextHandler.java:doStop(910)) - Stopped o.e.j.s.ServletContextHandler@4665428b{/logs,file:///workdir/hadoop-ozone/integration-test/target/log,UNAVAILABLE}
2019-09-24 03:28:07,314 [Datanode State Machine Thread - 0] INFO  statemachine.DatanodeStateMachine (DatanodeStateMachine.java:lambda$startDaemon$0(350)) - Ozone container server started.
2019-09-24 03:28:07,399 [Datanode State Machine Thread - 0] INFO  statemachine.DatanodeStateMachine (DatanodeStateMachine.java:lambda$startDaemon$0(350)) - Ozone container server started.
2019-09-24 03:28:08,306 [grpc-default-executor-2] WARN  server.GrpcLogAppender (LogUtils.java:warn(134)) - 8fc5c081-d984-4303-aba7-473da99cd7d4@group-571D81204003->13d11d3e-9895-4970-8096-73396f0d647b-AppendLogResponseHandler: Failed appendEntries: org.apache.ratis.thirdparty.io.grpc.StatusRuntimeException: UNAVAILABLE: io exception
2019-09-24 03:28:08,307 [grpc-default-executor-2] INFO  impl.FollowerInfo (FollowerInfo.java:lambda$new$0(51)) - 8fc5c081-d984-4303-aba7-473da99cd7d4@group-571D81204003->13d11d3e-9895-4970-8096-73396f0d647b: nextIndex: updateUnconditionally 0 -> 0
2019-09-24 03:28:10,808 [grpc-default-executor-2] WARN  server.GrpcLogAppender (LogUtils.java:warn(134)) - 8fc5c081-d984-4303-aba7-473da99cd7d4@group-571D81204003->13d11d3e-9895-4970-8096-73396f0d647b-AppendLogResponseHandler: Failed appendEntries: org.apache.ratis.thirdparty.io.grpc.StatusRuntimeException: UNAVAILABLE: io exception
2019-09-24 03:28:10,810 [grpc-default-executor-2] INFO  impl.FollowerInfo (FollowerInfo.java:lambda$new$0(51)) - 8fc5c081-d984-4303-aba7-473da99cd7d4@group-571D81204003->13d11d3e-9895-4970-8096-73396f0d647b: nextIndex: updateUnconditionally 0 -> 0
2019-09-24 03:28:10,996 [Thread-731] INFO  impl.FollowerState (FollowerState.java:run(106)) - 1a9a7120-0e30-4c9b-b35f-12e1338ec0ba:group-A48901C17D1E changes to CANDIDATE, lastRpcTime:5179, electionTimeout:5177ms
2019-09-24 03:28:10,996 [Thread-731] INFO  impl.RoleInfo (RoleInfo.java:shutdownFollowerState(121)) - 1a9a7120-0e30-4c9b-b35f-12e1338ec0ba: shutdown FollowerState
2019-09-24 03:28:10,996 [Thread-731] INFO  impl.RaftServerImpl (RaftServerImpl.java:setRole(174)) - 1a9a7120-0e30-4c9b-b35f-12e1338ec0ba@group-A48901C17D1E: changes role from  FOLLOWER to CANDIDATE at term 2 for changeToCandidate
2019-09-24 03:28:10,996 [Thread-731] INFO  impl.RoleInfo (RoleInfo.java:updateAndGet(143)) - 1a9a7120-0e30-4c9b-b35f-12e1338ec0ba: start LeaderElection
2019-09-24 03:28:11,012 [1a9a7120-0e30-4c9b-b35f-12e1338ec0ba@group-A48901C17D1E:LeaderElection21] INFO  impl.LeaderElection (LeaderElection.java:askForVotes(182)) - 1a9a7120-0e30-4c9b-b35f-12e1338ec0ba@group-A48901C17D1E:LeaderElection21: begin an election at term 3 for 0: [de0815a2-edb6-4014-be80-193eceea242b:192.168.151.121:43060, 623c22b8-4c13-4281-9098-2ebcaa8ebf75:192.168.151.121:39127, 1a9a7120-0e30-4c9b-b35f-12e1338ec0ba:192.168.151.121:42905], old=null
2019-09-24 03:28:11,013 [1a9a7120-0e30-4c9b-b35f-12e1338ec0ba@group-A48901C17D1E:LeaderElection21] INFO  impl.LeaderElection (LogUtils.java:infoOrTrace(149)) - 1a9a7120-0e30-4c9b-b35f-12e1338ec0ba@group-A48901C17D1E:LeaderElection21 got exception when requesting votes: {}
java.util.concurrent.ExecutionException: org.apache.ratis.thirdparty.io.grpc.StatusRuntimeException: UNAVAILABLE: io exception
	at java.util.concurrent.FutureTask.report(FutureTask.java:122)
	at java.util.concurrent.FutureTask.get(FutureTask.java:192)
	at org.apache.ratis.server.impl.LeaderElection.waitForResults(LeaderElection.java:263)
	at org.apache.ratis.server.impl.LeaderElection.askForVotes(LeaderElection.java:201)
	at org.apache.ratis.server.impl.LeaderElection.run(LeaderElection.java:133)
	at java.lang.Thread.run(Thread.java:748)
Caused by: org.apache.ratis.thirdparty.io.grpc.StatusRuntimeException: UNAVAILABLE: io exception
	at org.apache.ratis.thirdparty.io.grpc.stub.ClientCalls.toStatusRuntimeException(ClientCalls.java:233)
	at org.apache.ratis.thirdparty.io.grpc.stub.ClientCalls.getUnchecked(ClientCalls.java:214)
	at org.apache.ratis.thirdparty.io.grpc.stub.ClientCalls.blockingUnaryCall(ClientCalls.java:139)
	at org.apache.ratis.proto.grpc.RaftServerProtocolServiceGrpc$RaftServerProtocolServiceBlockingStub.requestVote(RaftServerProtocolServiceGrpc.java:265)
	at org.apache.ratis.grpc.server.GrpcServerProtocolClient.requestVote(GrpcServerProtocolClient.java:90)
	at org.apache.ratis.grpc.server.GrpcService.requestVote(GrpcService.java:204)
	at org.apache.ratis.server.impl.LeaderElection.lambda$submitRequests$1(LeaderElection.java:238)
	at java.util.concurrent.FutureTask.run(FutureTask.java:266)
	at java.util.concurrent.Executors$RunnableAdapter.call(Executors.java:511)
	at java.util.concurrent.FutureTask.run(FutureTask.java:266)
	at java.util.concurrent.ThreadPoolExecutor.runWorker(ThreadPoolExecutor.java:1149)
	at java.util.concurrent.ThreadPoolExecutor$Worker.run(ThreadPoolExecutor.java:624)
	... 1 more
Caused by: org.apache.ratis.thirdparty.io.netty.channel.AbstractChannel$AnnotatedConnectException: Connection refused: /192.168.151.121:39127
	at sun.nio.ch.SocketChannelImpl.checkConnect(Native Method)
	at sun.nio.ch.SocketChannelImpl.finishConnect(SocketChannelImpl.java:717)
	at org.apache.ratis.thirdparty.io.netty.channel.socket.nio.NioSocketChannel.doFinishConnect(NioSocketChannel.java:327)
	at org.apache.ratis.thirdparty.io.netty.channel.nio.AbstractNioChannel$AbstractNioUnsafe.finishConnect(AbstractNioChannel.java:340)
	at org.apache.ratis.thirdparty.io.netty.channel.nio.NioEventLoop.processSelectedKey(NioEventLoop.java:632)
	at org.apache.ratis.thirdparty.io.netty.channel.nio.NioEventLoop.processSelectedKeysOptimized(NioEventLoop.java:579)
	at org.apache.ratis.thirdparty.io.netty.channel.nio.NioEventLoop.processSelectedKeys(NioEventLoop.java:496)
	at org.apache.ratis.thirdparty.io.netty.channel.nio.NioEventLoop.run(NioEventLoop.java:458)
	at org.apache.ratis.thirdparty.io.netty.util.concurrent.SingleThreadEventExecutor$5.run(SingleThreadEventExecutor.java:897)
	at org.apache.ratis.thirdparty.io.netty.util.concurrent.FastThreadLocalRunnable.run(FastThreadLocalRunnable.java:30)
	... 1 more
Caused by: java.net.ConnectException: Connection refused
	... 11 more
2019-09-24 03:28:11,016 [1a9a7120-0e30-4c9b-b35f-12e1338ec0ba@group-A48901C17D1E:LeaderElection21] INFO  impl.LeaderElection (LogUtils.java:infoOrTrace(149)) - 1a9a7120-0e30-4c9b-b35f-12e1338ec0ba@group-A48901C17D1E:LeaderElection21 got exception when requesting votes: {}
java.util.concurrent.ExecutionException: org.apache.ratis.thirdparty.io.grpc.StatusRuntimeException: UNAVAILABLE: io exception
	at java.util.concurrent.FutureTask.report(FutureTask.java:122)
	at java.util.concurrent.FutureTask.get(FutureTask.java:192)
	at org.apache.ratis.server.impl.LeaderElection.waitForResults(LeaderElection.java:263)
	at org.apache.ratis.server.impl.LeaderElection.askForVotes(LeaderElection.java:201)
	at org.apache.ratis.server.impl.LeaderElection.run(LeaderElection.java:133)
	at java.lang.Thread.run(Thread.java:748)
Caused by: org.apache.ratis.thirdparty.io.grpc.StatusRuntimeException: UNAVAILABLE: io exception
	at org.apache.ratis.thirdparty.io.grpc.stub.ClientCalls.toStatusRuntimeException(ClientCalls.java:233)
	at org.apache.ratis.thirdparty.io.grpc.stub.ClientCalls.getUnchecked(ClientCalls.java:214)
	at org.apache.ratis.thirdparty.io.grpc.stub.ClientCalls.blockingUnaryCall(ClientCalls.java:139)
	at org.apache.ratis.proto.grpc.RaftServerProtocolServiceGrpc$RaftServerProtocolServiceBlockingStub.requestVote(RaftServerProtocolServiceGrpc.java:265)
	at org.apache.ratis.grpc.server.GrpcServerProtocolClient.requestVote(GrpcServerProtocolClient.java:90)
	at org.apache.ratis.grpc.server.GrpcService.requestVote(GrpcService.java:204)
	at org.apache.ratis.server.impl.LeaderElection.lambda$submitRequests$1(LeaderElection.java:238)
	at java.util.concurrent.FutureTask.run(FutureTask.java:266)
	at java.util.concurrent.Executors$RunnableAdapter.call(Executors.java:511)
	at java.util.concurrent.FutureTask.run(FutureTask.java:266)
	at java.util.concurrent.ThreadPoolExecutor.runWorker(ThreadPoolExecutor.java:1149)
	at java.util.concurrent.ThreadPoolExecutor$Worker.run(ThreadPoolExecutor.java:624)
	... 1 more
Caused by: org.apache.ratis.thirdparty.io.netty.channel.AbstractChannel$AnnotatedConnectException: Connection refused: /192.168.151.121:43060
	at sun.nio.ch.SocketChannelImpl.checkConnect(Native Method)
	at sun.nio.ch.SocketChannelImpl.finishConnect(SocketChannelImpl.java:717)
	at org.apache.ratis.thirdparty.io.netty.channel.socket.nio.NioSocketChannel.doFinishConnect(NioSocketChannel.java:327)
	at org.apache.ratis.thirdparty.io.netty.channel.nio.AbstractNioChannel$AbstractNioUnsafe.finishConnect(AbstractNioChannel.java:340)
	at org.apache.ratis.thirdparty.io.netty.channel.nio.NioEventLoop.processSelectedKey(NioEventLoop.java:632)
	at org.apache.ratis.thirdparty.io.netty.channel.nio.NioEventLoop.processSelectedKeysOptimized(NioEventLoop.java:579)
	at org.apache.ratis.thirdparty.io.netty.channel.nio.NioEventLoop.processSelectedKeys(NioEventLoop.java:496)
	at org.apache.ratis.thirdparty.io.netty.channel.nio.NioEventLoop.run(NioEventLoop.java:458)
	at org.apache.ratis.thirdparty.io.netty.util.concurrent.SingleThreadEventExecutor$5.run(SingleThreadEventExecutor.java:897)
	at org.apache.ratis.thirdparty.io.netty.util.concurrent.FastThreadLocalRunnable.run(FastThreadLocalRunnable.java:30)
	... 1 more
Caused by: java.net.ConnectException: Connection refused
	... 11 more
2019-09-24 03:28:11,018 [1a9a7120-0e30-4c9b-b35f-12e1338ec0ba@group-A48901C17D1E:LeaderElection21] INFO  impl.LeaderElection (LeaderElection.java:logAndReturn(56)) - 1a9a7120-0e30-4c9b-b35f-12e1338ec0ba@group-A48901C17D1E:LeaderElection21: Election REJECTED; received 0 response(s) [] and 2 exception(s); 1a9a7120-0e30-4c9b-b35f-12e1338ec0ba@group-A48901C17D1E:t3, leader=null, voted=1a9a7120-0e30-4c9b-b35f-12e1338ec0ba, raftlog=1a9a7120-0e30-4c9b-b35f-12e1338ec0ba@group-A48901C17D1E-SegmentedRaftLog:OPENED:c0,f0,i0, conf=0: [de0815a2-edb6-4014-be80-193eceea242b:192.168.151.121:43060, 623c22b8-4c13-4281-9098-2ebcaa8ebf75:192.168.151.121:39127, 1a9a7120-0e30-4c9b-b35f-12e1338ec0ba:192.168.151.121:42905], old=null
2019-09-24 03:28:11,018 [1a9a7120-0e30-4c9b-b35f-12e1338ec0ba@group-A48901C17D1E:LeaderElection21] INFO  impl.LeaderElection (LogUtils.java:infoOrTrace(149)) -   Exception 0: {}
java.util.concurrent.ExecutionException: org.apache.ratis.thirdparty.io.grpc.StatusRuntimeException: UNAVAILABLE: io exception
	at java.util.concurrent.FutureTask.report(FutureTask.java:122)
	at java.util.concurrent.FutureTask.get(FutureTask.java:192)
	at org.apache.ratis.server.impl.LeaderElection.waitForResults(LeaderElection.java:263)
	at org.apache.ratis.server.impl.LeaderElection.askForVotes(LeaderElection.java:201)
	at org.apache.ratis.server.impl.LeaderElection.run(LeaderElection.java:133)
	at java.lang.Thread.run(Thread.java:748)
Caused by: org.apache.ratis.thirdparty.io.grpc.StatusRuntimeException: UNAVAILABLE: io exception
	at org.apache.ratis.thirdparty.io.grpc.stub.ClientCalls.toStatusRuntimeException(ClientCalls.java:233)
	at org.apache.ratis.thirdparty.io.grpc.stub.ClientCalls.getUnchecked(ClientCalls.java:214)
	at org.apache.ratis.thirdparty.io.grpc.stub.ClientCalls.blockingUnaryCall(ClientCalls.java:139)
	at org.apache.ratis.proto.grpc.RaftServerProtocolServiceGrpc$RaftServerProtocolServiceBlockingStub.requestVote(RaftServerProtocolServiceGrpc.java:265)
	at org.apache.ratis.grpc.server.GrpcServerProtocolClient.requestVote(GrpcServerProtocolClient.java:90)
	at org.apache.ratis.grpc.server.GrpcService.requestVote(GrpcService.java:204)
	at org.apache.ratis.server.impl.LeaderElection.lambda$submitRequests$1(LeaderElection.java:238)
	at java.util.concurrent.FutureTask.run(FutureTask.java:266)
	at java.util.concurrent.Executors$RunnableAdapter.call(Executors.java:511)
	at java.util.concurrent.FutureTask.run(FutureTask.java:266)
	at java.util.concurrent.ThreadPoolExecutor.runWorker(ThreadPoolExecutor.java:1149)
	at java.util.concurrent.ThreadPoolExecutor$Worker.run(ThreadPoolExecutor.java:624)
	... 1 more
Caused by: org.apache.ratis.thirdparty.io.netty.channel.AbstractChannel$AnnotatedConnectException: Connection refused: /192.168.151.121:39127
	at sun.nio.ch.SocketChannelImpl.checkConnect(Native Method)
	at sun.nio.ch.SocketChannelImpl.finishConnect(SocketChannelImpl.java:717)
	at org.apache.ratis.thirdparty.io.netty.channel.socket.nio.NioSocketChannel.doFinishConnect(NioSocketChannel.java:327)
	at org.apache.ratis.thirdparty.io.netty.channel.nio.AbstractNioChannel$AbstractNioUnsafe.finishConnect(AbstractNioChannel.java:340)
	at org.apache.ratis.thirdparty.io.netty.channel.nio.NioEventLoop.processSelectedKey(NioEventLoop.java:632)
	at org.apache.ratis.thirdparty.io.netty.channel.nio.NioEventLoop.processSelectedKeysOptimized(NioEventLoop.java:579)
	at org.apache.ratis.thirdparty.io.netty.channel.nio.NioEventLoop.processSelectedKeys(NioEventLoop.java:496)
	at org.apache.ratis.thirdparty.io.netty.channel.nio.NioEventLoop.run(NioEventLoop.java:458)
	at org.apache.ratis.thirdparty.io.netty.util.concurrent.SingleThreadEventExecutor$5.run(SingleThreadEventExecutor.java:897)
	at org.apache.ratis.thirdparty.io.netty.util.concurrent.FastThreadLocalRunnable.run(FastThreadLocalRunnable.java:30)
	... 1 more
Caused by: java.net.ConnectException: Connection refused
	... 11 more
2019-09-24 03:28:11,018 [1a9a7120-0e30-4c9b-b35f-12e1338ec0ba@group-A48901C17D1E:LeaderElection21] INFO  impl.LeaderElection (LogUtils.java:infoOrTrace(149)) -   Exception 1: {}
java.util.concurrent.ExecutionException: org.apache.ratis.thirdparty.io.grpc.StatusRuntimeException: UNAVAILABLE: io exception
	at java.util.concurrent.FutureTask.report(FutureTask.java:122)
	at java.util.concurrent.FutureTask.get(FutureTask.java:192)
	at org.apache.ratis.server.impl.LeaderElection.waitForResults(LeaderElection.java:263)
	at org.apache.ratis.server.impl.LeaderElection.askForVotes(LeaderElection.java:201)
	at org.apache.ratis.server.impl.LeaderElection.run(LeaderElection.java:133)
	at java.lang.Thread.run(Thread.java:748)
Caused by: org.apache.ratis.thirdparty.io.grpc.StatusRuntimeException: UNAVAILABLE: io exception
	at org.apache.ratis.thirdparty.io.grpc.stub.ClientCalls.toStatusRuntimeException(ClientCalls.java:233)
	at org.apache.ratis.thirdparty.io.grpc.stub.ClientCalls.getUnchecked(ClientCalls.java:214)
	at org.apache.ratis.thirdparty.io.grpc.stub.ClientCalls.blockingUnaryCall(ClientCalls.java:139)
	at org.apache.ratis.proto.grpc.RaftServerProtocolServiceGrpc$RaftServerProtocolServiceBlockingStub.requestVote(RaftServerProtocolServiceGrpc.java:265)
	at org.apache.ratis.grpc.server.GrpcServerProtocolClient.requestVote(GrpcServerProtocolClient.java:90)
	at org.apache.ratis.grpc.server.GrpcService.requestVote(GrpcService.java:204)
	at org.apache.ratis.server.impl.LeaderElection.lambda$submitRequests$1(LeaderElection.java:238)
	at java.util.concurrent.FutureTask.run(FutureTask.java:266)
	at java.util.concurrent.Executors$RunnableAdapter.call(Executors.java:511)
	at java.util.concurrent.FutureTask.run(FutureTask.java:266)
	at java.util.concurrent.ThreadPoolExecutor.runWorker(ThreadPoolExecutor.java:1149)
	at java.util.concurrent.ThreadPoolExecutor$Worker.run(ThreadPoolExecutor.java:624)
	... 1 more
Caused by: org.apache.ratis.thirdparty.io.netty.channel.AbstractChannel$AnnotatedConnectException: Connection refused: /192.168.151.121:43060
	at sun.nio.ch.SocketChannelImpl.checkConnect(Native Method)
	at sun.nio.ch.SocketChannelImpl.finishConnect(SocketChannelImpl.java:717)
	at org.apache.ratis.thirdparty.io.netty.channel.socket.nio.NioSocketChannel.doFinishConnect(NioSocketChannel.java:327)
	at org.apache.ratis.thirdparty.io.netty.channel.nio.AbstractNioChannel$AbstractNioUnsafe.finishConnect(AbstractNioChannel.java:340)
	at org.apache.ratis.thirdparty.io.netty.channel.nio.NioEventLoop.processSelectedKey(NioEventLoop.java:632)
	at org.apache.ratis.thirdparty.io.netty.channel.nio.NioEventLoop.processSelectedKeysOptimized(NioEventLoop.java:579)
	at org.apache.ratis.thirdparty.io.netty.channel.nio.NioEventLoop.processSelectedKeys(NioEventLoop.java:496)
	at org.apache.ratis.thirdparty.io.netty.channel.nio.NioEventLoop.run(NioEventLoop.java:458)
	at org.apache.ratis.thirdparty.io.netty.util.concurrent.SingleThreadEventExecutor$5.run(SingleThreadEventExecutor.java:897)
	at org.apache.ratis.thirdparty.io.netty.util.concurrent.FastThreadLocalRunnable.run(FastThreadLocalRunnable.java:30)
	... 1 more
Caused by: java.net.ConnectException: Connection refused
	... 11 more
2019-09-24 03:28:11,020 [1a9a7120-0e30-4c9b-b35f-12e1338ec0ba@group-A48901C17D1E:LeaderElection21] INFO  impl.RaftServerImpl (RaftServerImpl.java:setRole(174)) - 1a9a7120-0e30-4c9b-b35f-12e1338ec0ba@group-A48901C17D1E: changes role from CANDIDATE to FOLLOWER at term 3 for DISCOVERED_A_NEW_TERM
2019-09-24 03:28:11,020 [1a9a7120-0e30-4c9b-b35f-12e1338ec0ba@group-A48901C17D1E:LeaderElection21] INFO  impl.RoleInfo (RoleInfo.java:shutdownLeaderElection(134)) - 1a9a7120-0e30-4c9b-b35f-12e1338ec0ba: shutdown LeaderElection
2019-09-24 03:28:11,020 [1a9a7120-0e30-4c9b-b35f-12e1338ec0ba@group-A48901C17D1E:LeaderElection21] INFO  impl.RoleInfo (RoleInfo.java:updateAndGet(143)) - 1a9a7120-0e30-4c9b-b35f-12e1338ec0ba: start FollowerState
2019-09-24 03:28:12,035 [main] INFO  ozoneimpl.OzoneContainer (OzoneContainer.java:stop(231)) - Attempting to stop container services.
2019-09-24 03:28:12,042 [ForkJoinPool.commonPool-worker-0] INFO  ozoneimpl.OzoneContainer (OzoneContainer.java:stop(231)) - Attempting to stop container services.
2019-09-24 03:28:12,042 [main] INFO  impl.RaftServerProxy (RaftServerProxy.java:lambda$close$4(314)) - 1506b01c-c1cf-40ef-9100-2188b5688376: close
2019-09-24 03:28:12,043 [main] INFO  impl.RaftServerImpl (RaftServerImpl.java:lambda$shutdown$3(251)) - 1506b01c-c1cf-40ef-9100-2188b5688376@group-09806A44D9D6: shutdown
2019-09-24 03:28:12,043 [ForkJoinPool.commonPool-worker-0] INFO  impl.RaftServerProxy (RaftServerProxy.java:lambda$close$4(314)) - 7d4c7c25-4646-4b04-ba9f-f06f1d3a2755: close
2019-09-24 03:28:12,043 [main] INFO  util.JmxRegister (JmxRegister.java:unregister(73)) - Successfully un-registered JMX Bean with object name Ratis:service=RaftServer,group=group-09806A44D9D6,id=1506b01c-c1cf-40ef-9100-2188b5688376
2019-09-24 03:28:12,043 [ForkJoinPool.commonPool-worker-0] INFO  impl.RaftServerImpl (RaftServerImpl.java:lambda$shutdown$3(251)) - 7d4c7c25-4646-4b04-ba9f-f06f1d3a2755@group-A94B00F2653A: shutdown
2019-09-24 03:28:12,043 [main] INFO  impl.RoleInfo (RoleInfo.java:shutdownLeaderState(104)) - 1506b01c-c1cf-40ef-9100-2188b5688376: shutdown LeaderState
2019-09-24 03:28:12,043 [ForkJoinPool.commonPool-worker-0] INFO  util.JmxRegister (JmxRegister.java:unregister(73)) - Successfully un-registered JMX Bean with object name Ratis:service=RaftServer,group=group-A94B00F2653A,id=7d4c7c25-4646-4b04-ba9f-f06f1d3a2755
2019-09-24 03:28:12,044 [main] INFO  impl.PendingRequests (PendingRequests.java:sendNotLeaderResponses(202)) - 1506b01c-c1cf-40ef-9100-2188b5688376-PendingRequests: sendNotLeaderResponses
2019-09-24 03:28:12,044 [ForkJoinPool.commonPool-worker-0] INFO  impl.RoleInfo (RoleInfo.java:shutdownLeaderState(104)) - 7d4c7c25-4646-4b04-ba9f-f06f1d3a2755: shutdown LeaderState
2019-09-24 03:28:12,044 [main] INFO  impl.StateMachineUpdater (StateMachineUpdater.java:stopAndJoin(125)) - 1506b01c-c1cf-40ef-9100-2188b5688376@group-09806A44D9D6-StateMachineUpdater: set stopIndex = 0
2019-09-24 03:28:12,044 [ForkJoinPool.commonPool-worker-0] INFO  impl.PendingRequests (PendingRequests.java:sendNotLeaderResponses(202)) - 7d4c7c25-4646-4b04-ba9f-f06f1d3a2755-PendingRequests: sendNotLeaderResponses
2019-09-24 03:28:12,044 [main] INFO  impl.RaftServerImpl (ServerState.java:close(385)) - 1506b01c-c1cf-40ef-9100-2188b5688376@group-09806A44D9D6: closes. applyIndex: 0
2019-09-24 03:28:12,044 [ForkJoinPool.commonPool-worker-0] INFO  impl.StateMachineUpdater (StateMachineUpdater.java:stopAndJoin(125)) - 7d4c7c25-4646-4b04-ba9f-f06f1d3a2755@group-A94B00F2653A-StateMachineUpdater: set stopIndex = 0
2019-09-24 03:28:12,045 [1506b01c-c1cf-40ef-9100-2188b5688376@group-09806A44D9D6-SegmentedRaftLogWorker] INFO  segmented.SegmentedRaftLogWorker (SegmentedRaftLogWorker.java:run(313)) - 1506b01c-c1cf-40ef-9100-2188b5688376@group-09806A44D9D6-SegmentedRaftLogWorker was interrupted, exiting. There are 0 tasks remaining in the queue.
2019-09-24 03:28:12,049 [ForkJoinPool.commonPool-worker-0] INFO  impl.RaftServerImpl (ServerState.java:close(385)) - 7d4c7c25-4646-4b04-ba9f-f06f1d3a2755@group-A94B00F2653A: closes. applyIndex: 0
2019-09-24 03:28:12,049 [main] INFO  segmented.SegmentedRaftLogWorker (SegmentedRaftLogWorker.java:close(228)) - 1506b01c-c1cf-40ef-9100-2188b5688376@group-09806A44D9D6-SegmentedRaftLogWorker close()
2019-09-24 03:28:12,049 [7d4c7c25-4646-4b04-ba9f-f06f1d3a2755@group-A94B00F2653A-SegmentedRaftLogWorker] INFO  segmented.SegmentedRaftLogWorker (SegmentedRaftLogWorker.java:run(313)) - 7d4c7c25-4646-4b04-ba9f-f06f1d3a2755@group-A94B00F2653A-SegmentedRaftLogWorker was interrupted, exiting. There are 0 tasks remaining in the queue.
2019-09-24 03:28:12,051 [main] INFO  server.GrpcService (GrpcService.java:closeImpl(164)) - 1506b01c-c1cf-40ef-9100-2188b5688376: shutdown server with port 36551 now
2019-09-24 03:28:12,051 [ForkJoinPool.commonPool-worker-0] INFO  segmented.SegmentedRaftLogWorker (SegmentedRaftLogWorker.java:close(228)) - 7d4c7c25-4646-4b04-ba9f-f06f1d3a2755@group-A94B00F2653A-SegmentedRaftLogWorker close()
2019-09-24 03:28:12,052 [ForkJoinPool.commonPool-worker-0] INFO  impl.RaftServerImpl (RaftServerImpl.java:lambda$shutdown$3(251)) - 7d4c7c25-4646-4b04-ba9f-f06f1d3a2755@group-571D81204003: shutdown
2019-09-24 03:28:12,052 [main] INFO  server.GrpcService (GrpcService.java:closeImpl(172)) - 1506b01c-c1cf-40ef-9100-2188b5688376: shutdown server with port 36551 successfully
2019-09-24 03:28:12,052 [ForkJoinPool.commonPool-worker-0] INFO  util.JmxRegister (JmxRegister.java:unregister(73)) - Successfully un-registered JMX Bean with object name Ratis:service=RaftServer,group=group-571D81204003,id=7d4c7c25-4646-4b04-ba9f-f06f1d3a2755
2019-09-24 03:28:12,053 [ForkJoinPool.commonPool-worker-0] INFO  impl.RoleInfo (RoleInfo.java:shutdownFollowerState(121)) - 7d4c7c25-4646-4b04-ba9f-f06f1d3a2755: shutdown FollowerState
2019-09-24 03:28:12,053 [ForkJoinPool.commonPool-worker-0] INFO  impl.StateMachineUpdater (StateMachineUpdater.java:stopAndJoin(125)) - 7d4c7c25-4646-4b04-ba9f-f06f1d3a2755@group-571D81204003-StateMachineUpdater: set stopIndex = 0
2019-09-24 03:28:12,053 [Thread-429] INFO  impl.FollowerState (FollowerState.java:run(115)) - 7d4c7c25-4646-4b04-ba9f-f06f1d3a2755: FollowerState was interrupted: java.lang.InterruptedException: sleep interrupted
2019-09-24 03:28:12,053 [ForkJoinPool.commonPool-worker-0] INFO  impl.RaftServerImpl (ServerState.java:close(385)) - 7d4c7c25-4646-4b04-ba9f-f06f1d3a2755@group-571D81204003: closes. applyIndex: 0
2019-09-24 03:28:12,055 [7d4c7c25-4646-4b04-ba9f-f06f1d3a2755@group-571D81204003-SegmentedRaftLogWorker] INFO  segmented.SegmentedRaftLogWorker (SegmentedRaftLogWorker.java:run(313)) - 7d4c7c25-4646-4b04-ba9f-f06f1d3a2755@group-571D81204003-SegmentedRaftLogWorker was interrupted, exiting. There are 0 tasks remaining in the queue.
2019-09-24 03:28:12,055 [refreshUsed-/workdir/hadoop-ozone/integration-test/target/test-dir/MiniOzoneClusterImpl-e5f1ddf0-a5ce-4ae4-b63c-73802c2fbca4/datanode-9/data/containers] WARN  fs.CachingGetSpaceUsed (CachingGetSpaceUsed.java:run(183)) - Thread Interrupted waiting to refresh disk information: sleep interrupted
2019-09-24 03:28:12,055 [ForkJoinPool.commonPool-worker-0] INFO  segmented.SegmentedRaftLogWorker (SegmentedRaftLogWorker.java:close(228)) - 7d4c7c25-4646-4b04-ba9f-f06f1d3a2755@group-571D81204003-SegmentedRaftLogWorker close()
2019-09-24 03:28:12,057 [ForkJoinPool.commonPool-worker-0] INFO  server.GrpcService (GrpcService.java:closeImpl(164)) - 7d4c7c25-4646-4b04-ba9f-f06f1d3a2755: shutdown server with port 46872 now
2019-09-24 03:28:12,061 [grpc-default-executor-0] WARN  server.GrpcServerProtocolService (LogUtils.java:warn(134)) - 7d4c7c25-4646-4b04-ba9f-f06f1d3a2755: installSnapshot onError, lastRequest: 8fc5c081-d984-4303-aba7-473da99cd7d4->7d4c7c25-4646-4b04-ba9f-f06f1d3a2755#48-t3, previous=(t:3, i:0), leaderCommit=0, initializing? false, entries: <empty>: org.apache.ratis.thirdparty.io.grpc.StatusRuntimeException: CANCELLED: cancelled before receiving half close
2019-09-24 03:28:12,062 [grpc-default-executor-3] WARN  server.GrpcLogAppender (LogUtils.java:warn(134)) - 8fc5c081-d984-4303-aba7-473da99cd7d4@group-571D81204003->7d4c7c25-4646-4b04-ba9f-f06f1d3a2755-AppendLogResponseHandler: Failed appendEntries: org.apache.ratis.thirdparty.io.grpc.StatusRuntimeException: CANCELLED: HTTP/2 error code: CANCEL
Received Rst Stream
2019-09-24 03:28:12,063 [ForkJoinPool.commonPool-worker-0] INFO  server.GrpcService (GrpcService.java:closeImpl(172)) - 7d4c7c25-4646-4b04-ba9f-f06f1d3a2755: shutdown server with port 46872 successfully
2019-09-24 03:28:12,071 [grpc-default-executor-3] INFO  impl.FollowerInfo (FollowerInfo.java:lambda$new$0(51)) - 8fc5c081-d984-4303-aba7-473da99cd7d4@group-571D81204003->7d4c7c25-4646-4b04-ba9f-f06f1d3a2755: nextIndex: updateUnconditionally 1 -> 0
2019-09-24 03:28:12,086 [main] INFO  utils.BackgroundService (BackgroundService.java:shutdown(148)) - Shutting down service BlockDeletingService
2019-09-24 03:28:12,091 [refreshUsed-/workdir/hadoop-ozone/integration-test/target/test-dir/MiniOzoneClusterImpl-e5f1ddf0-a5ce-4ae4-b63c-73802c2fbca4/datanode-0/data/containers] WARN  fs.CachingGetSpaceUsed (CachingGetSpaceUsed.java:run(183)) - Thread Interrupted waiting to refresh disk information: sleep interrupted
2019-09-24 03:28:12,105 [ForkJoinPool.commonPool-worker-0] INFO  utils.BackgroundService (BackgroundService.java:shutdown(148)) - Shutting down service BlockDeletingService
2019-09-24 03:28:12,126 [ForkJoinPool.commonPool-worker-0] INFO  statemachine.DatanodeStateMachine (DatanodeStateMachine.java:stopDaemon(395)) - Ozone container server stopped.
2019-09-24 03:28:12,127 [main] INFO  statemachine.DatanodeStateMachine (DatanodeStateMachine.java:stopDaemon(395)) - Ozone container server stopped.
2019-09-24 03:28:12,130 [ForkJoinPool.commonPool-worker-0] INFO  handler.ContextHandler (ContextHandler.java:doStop(910)) - Stopped o.e.j.w.WebAppContext@3292d91a{/,null,UNAVAILABLE}{/hddsDatanode}
2019-09-24 03:28:12,131 [main] INFO  handler.ContextHandler (ContextHandler.java:doStop(910)) - Stopped o.e.j.w.WebAppContext@1c297897{/,null,UNAVAILABLE}{/hddsDatanode}
2019-09-24 03:28:12,131 [ForkJoinPool.commonPool-worker-0] INFO  server.AbstractConnector (AbstractConnector.java:doStop(318)) - Stopped ServerConnector@5921b93c{HTTP/1.1,[http/1.1]}{0.0.0.0:0}
2019-09-24 03:28:12,131 [main] INFO  server.AbstractConnector (AbstractConnector.java:doStop(318)) - Stopped ServerConnector@33e0c716{HTTP/1.1,[http/1.1]}{0.0.0.0:0}
2019-09-24 03:28:12,132 [ForkJoinPool.commonPool-worker-0] INFO  handler.ContextHandler (ContextHandler.java:doStop(910)) - Stopped o.e.j.s.ServletContextHandler@611b35d6{/static,jar:file:/home/user/.m2/repository/org/apache/hadoop/hadoop-hdds-container-service/0.5.0-SNAPSHOT/hadoop-hdds-container-service-0.5.0-SNAPSHOT.jar!/webapps/static,UNAVAILABLE}
2019-09-24 03:28:12,132 [main] INFO  handler.ContextHandler (ContextHandler.java:doStop(910)) - Stopped o.e.j.s.ServletContextHandler@773c2214{/static,jar:file:/home/user/.m2/repository/org/apache/hadoop/hadoop-hdds-container-service/0.5.0-SNAPSHOT/hadoop-hdds-container-service-0.5.0-SNAPSHOT.jar!/webapps/static,UNAVAILABLE}
2019-09-24 03:28:12,134 [ForkJoinPool.commonPool-worker-0] INFO  handler.ContextHandler (ContextHandler.java:doStop(910)) - Stopped o.e.j.s.ServletContextHandler@66e21568{/logs,file:///workdir/hadoop-ozone/integration-test/target/log,UNAVAILABLE}
2019-09-24 03:28:12,134 [main] INFO  handler.ContextHandler (ContextHandler.java:doStop(910)) - Stopped o.e.j.s.ServletContextHandler@51cab489{/logs,file:///workdir/hadoop-ozone/integration-test/target/log,UNAVAILABLE}
2019-09-24 03:28:12,470 [Datanode State Machine Thread - 0] INFO  statemachine.DatanodeStateMachine (DatanodeStateMachine.java:lambda$startDaemon$0(350)) - Ozone container server started.
2019-09-24 03:28:13,000 [Datanode State Machine Thread - 0] INFO  statemachine.DatanodeStateMachine (DatanodeStateMachine.java:lambda$startDaemon$0(350)) - Ozone container server started.
2019-09-24 03:28:13,311 [grpc-default-executor-0] WARN  server.GrpcLogAppender (LogUtils.java:warn(134)) - 8fc5c081-d984-4303-aba7-473da99cd7d4@group-571D81204003->13d11d3e-9895-4970-8096-73396f0d647b-AppendLogResponseHandler: Failed appendEntries: org.apache.ratis.thirdparty.io.grpc.StatusRuntimeException: UNAVAILABLE: io exception
2019-09-24 03:28:13,312 [grpc-default-executor-0] INFO  impl.FollowerInfo (FollowerInfo.java:lambda$new$0(51)) - 8fc5c081-d984-4303-aba7-473da99cd7d4@group-571D81204003->13d11d3e-9895-4970-8096-73396f0d647b: nextIndex: updateUnconditionally 0 -> 0
2019-09-24 03:28:13,384 [grpc-default-executor-2] WARN  server.GrpcLogAppender (LogUtils.java:warn(134)) - 8fc5c081-d984-4303-aba7-473da99cd7d4@group-571D81204003->7d4c7c25-4646-4b04-ba9f-f06f1d3a2755-AppendLogResponseHandler: Failed appendEntries: org.apache.ratis.thirdparty.io.grpc.StatusRuntimeException: UNAVAILABLE: io exception
2019-09-24 03:28:13,387 [grpc-default-executor-2] INFO  impl.FollowerInfo (FollowerInfo.java:lambda$new$0(51)) - 8fc5c081-d984-4303-aba7-473da99cd7d4@group-571D81204003->7d4c7c25-4646-4b04-ba9f-f06f1d3a2755: nextIndex: updateUnconditionally 0 -> 0
2019-09-24 03:28:15,812 [grpc-default-executor-3] WARN  server.GrpcLogAppender (LogUtils.java:warn(134)) - 8fc5c081-d984-4303-aba7-473da99cd7d4@group-571D81204003->13d11d3e-9895-4970-8096-73396f0d647b-AppendLogResponseHandler: Failed appendEntries: org.apache.ratis.thirdparty.io.grpc.StatusRuntimeException: UNAVAILABLE: io exception
2019-09-24 03:28:15,813 [grpc-default-executor-3] INFO  impl.FollowerInfo (FollowerInfo.java:lambda$new$0(51)) - 8fc5c081-d984-4303-aba7-473da99cd7d4@group-571D81204003->13d11d3e-9895-4970-8096-73396f0d647b: nextIndex: updateUnconditionally 0 -> 0
2019-09-24 03:28:15,882 [grpc-default-executor-2] WARN  server.GrpcLogAppender (LogUtils.java:warn(134)) - 8fc5c081-d984-4303-aba7-473da99cd7d4@group-571D81204003->7d4c7c25-4646-4b04-ba9f-f06f1d3a2755-AppendLogResponseHandler: Failed appendEntries: org.apache.ratis.thirdparty.io.grpc.StatusRuntimeException: UNAVAILABLE: io exception
2019-09-24 03:28:15,883 [grpc-default-executor-2] INFO  impl.FollowerInfo (FollowerInfo.java:lambda$new$0(51)) - 8fc5c081-d984-4303-aba7-473da99cd7d4@group-571D81204003->7d4c7c25-4646-4b04-ba9f-f06f1d3a2755: nextIndex: updateUnconditionally 0 -> 0
2019-09-24 03:28:16,099 [Thread-738] INFO  impl.FollowerState (FollowerState.java:run(106)) - 1a9a7120-0e30-4c9b-b35f-12e1338ec0ba:group-A48901C17D1E changes to CANDIDATE, lastRpcTime:5078, electionTimeout:5077ms
2019-09-24 03:28:16,099 [Thread-738] INFO  impl.RoleInfo (RoleInfo.java:shutdownFollowerState(121)) - 1a9a7120-0e30-4c9b-b35f-12e1338ec0ba: shutdown FollowerState
2019-09-24 03:28:16,099 [Thread-738] INFO  impl.RaftServerImpl (RaftServerImpl.java:setRole(174)) - 1a9a7120-0e30-4c9b-b35f-12e1338ec0ba@group-A48901C17D1E: changes role from  FOLLOWER to CANDIDATE at term 3 for changeToCandidate
2019-09-24 03:28:16,099 [Thread-738] INFO  impl.RoleInfo (RoleInfo.java:updateAndGet(143)) - 1a9a7120-0e30-4c9b-b35f-12e1338ec0ba: start LeaderElection
2019-09-24 03:28:16,145 [1a9a7120-0e30-4c9b-b35f-12e1338ec0ba@group-A48901C17D1E:LeaderElection22] INFO  impl.LeaderElection (LeaderElection.java:askForVotes(182)) - 1a9a7120-0e30-4c9b-b35f-12e1338ec0ba@group-A48901C17D1E:LeaderElection22: begin an election at term 4 for 0: [de0815a2-edb6-4014-be80-193eceea242b:192.168.151.121:43060, 623c22b8-4c13-4281-9098-2ebcaa8ebf75:192.168.151.121:39127, 1a9a7120-0e30-4c9b-b35f-12e1338ec0ba:192.168.151.121:42905], old=null
2019-09-24 03:28:16,146 [1a9a7120-0e30-4c9b-b35f-12e1338ec0ba@group-A48901C17D1E:LeaderElection22] INFO  impl.LeaderElection (LogUtils.java:infoOrTrace(149)) - 1a9a7120-0e30-4c9b-b35f-12e1338ec0ba@group-A48901C17D1E:LeaderElection22 got exception when requesting votes: {}
java.util.concurrent.ExecutionException: org.apache.ratis.thirdparty.io.grpc.StatusRuntimeException: UNAVAILABLE: io exception
	at java.util.concurrent.FutureTask.report(FutureTask.java:122)
	at java.util.concurrent.FutureTask.get(FutureTask.java:192)
	at org.apache.ratis.server.impl.LeaderElection.waitForResults(LeaderElection.java:263)
	at org.apache.ratis.server.impl.LeaderElection.askForVotes(LeaderElection.java:201)
	at org.apache.ratis.server.impl.LeaderElection.run(LeaderElection.java:133)
	at java.lang.Thread.run(Thread.java:748)
Caused by: org.apache.ratis.thirdparty.io.grpc.StatusRuntimeException: UNAVAILABLE: io exception
	at org.apache.ratis.thirdparty.io.grpc.stub.ClientCalls.toStatusRuntimeException(ClientCalls.java:233)
	at org.apache.ratis.thirdparty.io.grpc.stub.ClientCalls.getUnchecked(ClientCalls.java:214)
	at org.apache.ratis.thirdparty.io.grpc.stub.ClientCalls.blockingUnaryCall(ClientCalls.java:139)
	at org.apache.ratis.proto.grpc.RaftServerProtocolServiceGrpc$RaftServerProtocolServiceBlockingStub.requestVote(RaftServerProtocolServiceGrpc.java:265)
	at org.apache.ratis.grpc.server.GrpcServerProtocolClient.requestVote(GrpcServerProtocolClient.java:90)
	at org.apache.ratis.grpc.server.GrpcService.requestVote(GrpcService.java:204)
	at org.apache.ratis.server.impl.LeaderElection.lambda$submitRequests$1(LeaderElection.java:238)
	at java.util.concurrent.FutureTask.run(FutureTask.java:266)
	at java.util.concurrent.Executors$RunnableAdapter.call(Executors.java:511)
	at java.util.concurrent.FutureTask.run(FutureTask.java:266)
	at java.util.concurrent.ThreadPoolExecutor.runWorker(ThreadPoolExecutor.java:1149)
	at java.util.concurrent.ThreadPoolExecutor$Worker.run(ThreadPoolExecutor.java:624)
	... 1 more
Caused by: org.apache.ratis.thirdparty.io.netty.channel.AbstractChannel$AnnotatedConnectException: Connection refused: /192.168.151.121:39127
	at sun.nio.ch.SocketChannelImpl.checkConnect(Native Method)
	at sun.nio.ch.SocketChannelImpl.finishConnect(SocketChannelImpl.java:717)
	at org.apache.ratis.thirdparty.io.netty.channel.socket.nio.NioSocketChannel.doFinishConnect(NioSocketChannel.java:327)
	at org.apache.ratis.thirdparty.io.netty.channel.nio.AbstractNioChannel$AbstractNioUnsafe.finishConnect(AbstractNioChannel.java:340)
	at org.apache.ratis.thirdparty.io.netty.channel.nio.NioEventLoop.processSelectedKey(NioEventLoop.java:632)
	at org.apache.ratis.thirdparty.io.netty.channel.nio.NioEventLoop.processSelectedKeysOptimized(NioEventLoop.java:579)
	at org.apache.ratis.thirdparty.io.netty.channel.nio.NioEventLoop.processSelectedKeys(NioEventLoop.java:496)
	at org.apache.ratis.thirdparty.io.netty.channel.nio.NioEventLoop.run(NioEventLoop.java:458)
	at org.apache.ratis.thirdparty.io.netty.util.concurrent.SingleThreadEventExecutor$5.run(SingleThreadEventExecutor.java:897)
	at org.apache.ratis.thirdparty.io.netty.util.concurrent.FastThreadLocalRunnable.run(FastThreadLocalRunnable.java:30)
	... 1 more
Caused by: java.net.ConnectException: Connection refused
	... 11 more
2019-09-24 03:28:16,148 [1a9a7120-0e30-4c9b-b35f-12e1338ec0ba@group-A48901C17D1E:LeaderElection22] INFO  impl.LeaderElection (LogUtils.java:infoOrTrace(149)) - 1a9a7120-0e30-4c9b-b35f-12e1338ec0ba@group-A48901C17D1E:LeaderElection22 got exception when requesting votes: {}
java.util.concurrent.ExecutionException: org.apache.ratis.thirdparty.io.grpc.StatusRuntimeException: UNAVAILABLE: io exception
	at java.util.concurrent.FutureTask.report(FutureTask.java:122)
	at java.util.concurrent.FutureTask.get(FutureTask.java:192)
	at org.apache.ratis.server.impl.LeaderElection.waitForResults(LeaderElection.java:263)
	at org.apache.ratis.server.impl.LeaderElection.askForVotes(LeaderElection.java:201)
	at org.apache.ratis.server.impl.LeaderElection.run(LeaderElection.java:133)
	at java.lang.Thread.run(Thread.java:748)
Caused by: org.apache.ratis.thirdparty.io.grpc.StatusRuntimeException: UNAVAILABLE: io exception
	at org.apache.ratis.thirdparty.io.grpc.stub.ClientCalls.toStatusRuntimeException(ClientCalls.java:233)
	at org.apache.ratis.thirdparty.io.grpc.stub.ClientCalls.getUnchecked(ClientCalls.java:214)
	at org.apache.ratis.thirdparty.io.grpc.stub.ClientCalls.blockingUnaryCall(ClientCalls.java:139)
	at org.apache.ratis.proto.grpc.RaftServerProtocolServiceGrpc$RaftServerProtocolServiceBlockingStub.requestVote(RaftServerProtocolServiceGrpc.java:265)
	at org.apache.ratis.grpc.server.GrpcServerProtocolClient.requestVote(GrpcServerProtocolClient.java:90)
	at org.apache.ratis.grpc.server.GrpcService.requestVote(GrpcService.java:204)
	at org.apache.ratis.server.impl.LeaderElection.lambda$submitRequests$1(LeaderElection.java:238)
	at java.util.concurrent.FutureTask.run(FutureTask.java:266)
	at java.util.concurrent.Executors$RunnableAdapter.call(Executors.java:511)
	at java.util.concurrent.FutureTask.run(FutureTask.java:266)
	at java.util.concurrent.ThreadPoolExecutor.runWorker(ThreadPoolExecutor.java:1149)
	at java.util.concurrent.ThreadPoolExecutor$Worker.run(ThreadPoolExecutor.java:624)
	... 1 more
Caused by: org.apache.ratis.thirdparty.io.netty.channel.AbstractChannel$AnnotatedConnectException: Connection refused: /192.168.151.121:43060
	at sun.nio.ch.SocketChannelImpl.checkConnect(Native Method)
	at sun.nio.ch.SocketChannelImpl.finishConnect(SocketChannelImpl.java:717)
	at org.apache.ratis.thirdparty.io.netty.channel.socket.nio.NioSocketChannel.doFinishConnect(NioSocketChannel.java:327)
	at org.apache.ratis.thirdparty.io.netty.channel.nio.AbstractNioChannel$AbstractNioUnsafe.finishConnect(AbstractNioChannel.java:340)
	at org.apache.ratis.thirdparty.io.netty.channel.nio.NioEventLoop.processSelectedKey(NioEventLoop.java:632)
	at org.apache.ratis.thirdparty.io.netty.channel.nio.NioEventLoop.processSelectedKeysOptimized(NioEventLoop.java:579)
	at org.apache.ratis.thirdparty.io.netty.channel.nio.NioEventLoop.processSelectedKeys(NioEventLoop.java:496)
	at org.apache.ratis.thirdparty.io.netty.channel.nio.NioEventLoop.run(NioEventLoop.java:458)
	at org.apache.ratis.thirdparty.io.netty.util.concurrent.SingleThreadEventExecutor$5.run(SingleThreadEventExecutor.java:897)
	at org.apache.ratis.thirdparty.io.netty.util.concurrent.FastThreadLocalRunnable.run(FastThreadLocalRunnable.java:30)
	... 1 more
Caused by: java.net.ConnectException: Connection refused
	... 11 more
2019-09-24 03:28:16,149 [1a9a7120-0e30-4c9b-b35f-12e1338ec0ba@group-A48901C17D1E:LeaderElection22] INFO  impl.LeaderElection (LeaderElection.java:logAndReturn(56)) - 1a9a7120-0e30-4c9b-b35f-12e1338ec0ba@group-A48901C17D1E:LeaderElection22: Election REJECTED; received 0 response(s) [] and 2 exception(s); 1a9a7120-0e30-4c9b-b35f-12e1338ec0ba@group-A48901C17D1E:t4, leader=null, voted=1a9a7120-0e30-4c9b-b35f-12e1338ec0ba, raftlog=1a9a7120-0e30-4c9b-b35f-12e1338ec0ba@group-A48901C17D1E-SegmentedRaftLog:OPENED:c0,f0,i0, conf=0: [de0815a2-edb6-4014-be80-193eceea242b:192.168.151.121:43060, 623c22b8-4c13-4281-9098-2ebcaa8ebf75:192.168.151.121:39127, 1a9a7120-0e30-4c9b-b35f-12e1338ec0ba:192.168.151.121:42905], old=null
2019-09-24 03:28:16,149 [1a9a7120-0e30-4c9b-b35f-12e1338ec0ba@group-A48901C17D1E:LeaderElection22] INFO  impl.LeaderElection (LogUtils.java:infoOrTrace(149)) -   Exception 0: {}
java.util.concurrent.ExecutionException: org.apache.ratis.thirdparty.io.grpc.StatusRuntimeException: UNAVAILABLE: io exception
	at java.util.concurrent.FutureTask.report(FutureTask.java:122)
	at java.util.concurrent.FutureTask.get(FutureTask.java:192)
	at org.apache.ratis.server.impl.LeaderElection.waitForResults(LeaderElection.java:263)
	at org.apache.ratis.server.impl.LeaderElection.askForVotes(LeaderElection.java:201)
	at org.apache.ratis.server.impl.LeaderElection.run(LeaderElection.java:133)
	at java.lang.Thread.run(Thread.java:748)
Caused by: org.apache.ratis.thirdparty.io.grpc.StatusRuntimeException: UNAVAILABLE: io exception
	at org.apache.ratis.thirdparty.io.grpc.stub.ClientCalls.toStatusRuntimeException(ClientCalls.java:233)
	at org.apache.ratis.thirdparty.io.grpc.stub.ClientCalls.getUnchecked(ClientCalls.java:214)
	at org.apache.ratis.thirdparty.io.grpc.stub.ClientCalls.blockingUnaryCall(ClientCalls.java:139)
	at org.apache.ratis.proto.grpc.RaftServerProtocolServiceGrpc$RaftServerProtocolServiceBlockingStub.requestVote(RaftServerProtocolServiceGrpc.java:265)
	at org.apache.ratis.grpc.server.GrpcServerProtocolClient.requestVote(GrpcServerProtocolClient.java:90)
	at org.apache.ratis.grpc.server.GrpcService.requestVote(GrpcService.java:204)
	at org.apache.ratis.server.impl.LeaderElection.lambda$submitRequests$1(LeaderElection.java:238)
	at java.util.concurrent.FutureTask.run(FutureTask.java:266)
	at java.util.concurrent.Executors$RunnableAdapter.call(Executors.java:511)
	at java.util.concurrent.FutureTask.run(FutureTask.java:266)
	at java.util.concurrent.ThreadPoolExecutor.runWorker(ThreadPoolExecutor.java:1149)
	at java.util.concurrent.ThreadPoolExecutor$Worker.run(ThreadPoolExecutor.java:624)
	... 1 more
Caused by: org.apache.ratis.thirdparty.io.netty.channel.AbstractChannel$AnnotatedConnectException: Connection refused: /192.168.151.121:39127
	at sun.nio.ch.SocketChannelImpl.checkConnect(Native Method)
	at sun.nio.ch.SocketChannelImpl.finishConnect(SocketChannelImpl.java:717)
	at org.apache.ratis.thirdparty.io.netty.channel.socket.nio.NioSocketChannel.doFinishConnect(NioSocketChannel.java:327)
	at org.apache.ratis.thirdparty.io.netty.channel.nio.AbstractNioChannel$AbstractNioUnsafe.finishConnect(AbstractNioChannel.java:340)
	at org.apache.ratis.thirdparty.io.netty.channel.nio.NioEventLoop.processSelectedKey(NioEventLoop.java:632)
	at org.apache.ratis.thirdparty.io.netty.channel.nio.NioEventLoop.processSelectedKeysOptimized(NioEventLoop.java:579)
	at org.apache.ratis.thirdparty.io.netty.channel.nio.NioEventLoop.processSelectedKeys(NioEventLoop.java:496)
	at org.apache.ratis.thirdparty.io.netty.channel.nio.NioEventLoop.run(NioEventLoop.java:458)
	at org.apache.ratis.thirdparty.io.netty.util.concurrent.SingleThreadEventExecutor$5.run(SingleThreadEventExecutor.java:897)
	at org.apache.ratis.thirdparty.io.netty.util.concurrent.FastThreadLocalRunnable.run(FastThreadLocalRunnable.java:30)
	... 1 more
Caused by: java.net.ConnectException: Connection refused
	... 11 more
2019-09-24 03:28:16,150 [1a9a7120-0e30-4c9b-b35f-12e1338ec0ba@group-A48901C17D1E:LeaderElection22] INFO  impl.LeaderElection (LogUtils.java:infoOrTrace(149)) -   Exception 1: {}
java.util.concurrent.ExecutionException: org.apache.ratis.thirdparty.io.grpc.StatusRuntimeException: UNAVAILABLE: io exception
	at java.util.concurrent.FutureTask.report(FutureTask.java:122)
	at java.util.concurrent.FutureTask.get(FutureTask.java:192)
	at org.apache.ratis.server.impl.LeaderElection.waitForResults(LeaderElection.java:263)
	at org.apache.ratis.server.impl.LeaderElection.askForVotes(LeaderElection.java:201)
	at org.apache.ratis.server.impl.LeaderElection.run(LeaderElection.java:133)
	at java.lang.Thread.run(Thread.java:748)
Caused by: org.apache.ratis.thirdparty.io.grpc.StatusRuntimeException: UNAVAILABLE: io exception
	at org.apache.ratis.thirdparty.io.grpc.stub.ClientCalls.toStatusRuntimeException(ClientCalls.java:233)
	at org.apache.ratis.thirdparty.io.grpc.stub.ClientCalls.getUnchecked(ClientCalls.java:214)
	at org.apache.ratis.thirdparty.io.grpc.stub.ClientCalls.blockingUnaryCall(ClientCalls.java:139)
	at org.apache.ratis.proto.grpc.RaftServerProtocolServiceGrpc$RaftServerProtocolServiceBlockingStub.requestVote(RaftServerProtocolServiceGrpc.java:265)
	at org.apache.ratis.grpc.server.GrpcServerProtocolClient.requestVote(GrpcServerProtocolClient.java:90)
	at org.apache.ratis.grpc.server.GrpcService.requestVote(GrpcService.java:204)
	at org.apache.ratis.server.impl.LeaderElection.lambda$submitRequests$1(LeaderElection.java:238)
	at java.util.concurrent.FutureTask.run(FutureTask.java:266)
	at java.util.concurrent.Executors$RunnableAdapter.call(Executors.java:511)
	at java.util.concurrent.FutureTask.run(FutureTask.java:266)
	at java.util.concurrent.ThreadPoolExecutor.runWorker(ThreadPoolExecutor.java:1149)
	at java.util.concurrent.ThreadPoolExecutor$Worker.run(ThreadPoolExecutor.java:624)
	... 1 more
Caused by: org.apache.ratis.thirdparty.io.netty.channel.AbstractChannel$AnnotatedConnectException: Connection refused: /192.168.151.121:43060
	at sun.nio.ch.SocketChannelImpl.checkConnect(Native Method)
	at sun.nio.ch.SocketChannelImpl.finishConnect(SocketChannelImpl.java:717)
	at org.apache.ratis.thirdparty.io.netty.channel.socket.nio.NioSocketChannel.doFinishConnect(NioSocketChannel.java:327)
	at org.apache.ratis.thirdparty.io.netty.channel.nio.AbstractNioChannel$AbstractNioUnsafe.finishConnect(AbstractNioChannel.java:340)
	at org.apache.ratis.thirdparty.io.netty.channel.nio.NioEventLoop.processSelectedKey(NioEventLoop.java:632)
	at org.apache.ratis.thirdparty.io.netty.channel.nio.NioEventLoop.processSelectedKeysOptimized(NioEventLoop.java:579)
	at org.apache.ratis.thirdparty.io.netty.channel.nio.NioEventLoop.processSelectedKeys(NioEventLoop.java:496)
	at org.apache.ratis.thirdparty.io.netty.channel.nio.NioEventLoop.run(NioEventLoop.java:458)
	at org.apache.ratis.thirdparty.io.netty.util.concurrent.SingleThreadEventExecutor$5.run(SingleThreadEventExecutor.java:897)
	at org.apache.ratis.thirdparty.io.netty.util.concurrent.FastThreadLocalRunnable.run(FastThreadLocalRunnable.java:30)
	... 1 more
Caused by: java.net.ConnectException: Connection refused
	... 11 more
2019-09-24 03:28:16,151 [1a9a7120-0e30-4c9b-b35f-12e1338ec0ba@group-A48901C17D1E:LeaderElection22] INFO  impl.RaftServerImpl (RaftServerImpl.java:setRole(174)) - 1a9a7120-0e30-4c9b-b35f-12e1338ec0ba@group-A48901C17D1E: changes role from CANDIDATE to FOLLOWER at term 4 for DISCOVERED_A_NEW_TERM
2019-09-24 03:28:16,151 [1a9a7120-0e30-4c9b-b35f-12e1338ec0ba@group-A48901C17D1E:LeaderElection22] INFO  impl.RoleInfo (RoleInfo.java:shutdownLeaderElection(134)) - 1a9a7120-0e30-4c9b-b35f-12e1338ec0ba: shutdown LeaderElection
2019-09-24 03:28:16,151 [1a9a7120-0e30-4c9b-b35f-12e1338ec0ba@group-A48901C17D1E:LeaderElection22] INFO  impl.RoleInfo (RoleInfo.java:updateAndGet(143)) - 1a9a7120-0e30-4c9b-b35f-12e1338ec0ba: start FollowerState
2019-09-24 03:28:17,135 [ForkJoinPool.commonPool-worker-0] INFO  ozoneimpl.OzoneContainer (OzoneContainer.java:stop(231)) - Attempting to stop container services.
2019-09-24 03:28:17,137 [main] INFO  ozoneimpl.OzoneContainer (OzoneContainer.java:stop(231)) - Attempting to stop container services.
2019-09-24 03:28:17,137 [ForkJoinPool.commonPool-worker-0] INFO  impl.RaftServerProxy (RaftServerProxy.java:lambda$close$4(314)) - 8fc5c081-d984-4303-aba7-473da99cd7d4: close
2019-09-24 03:28:17,138 [ForkJoinPool.commonPool-worker-0] INFO  impl.RaftServerImpl (RaftServerImpl.java:lambda$shutdown$3(251)) - 8fc5c081-d984-4303-aba7-473da99cd7d4@group-744F0FDB9AB5: shutdown
2019-09-24 03:28:17,138 [main] INFO  impl.RaftServerProxy (RaftServerProxy.java:lambda$close$4(314)) - 1a9a7120-0e30-4c9b-b35f-12e1338ec0ba: close
2019-09-24 03:28:17,138 [ForkJoinPool.commonPool-worker-0] INFO  util.JmxRegister (JmxRegister.java:unregister(73)) - Successfully un-registered JMX Bean with object name Ratis:service=RaftServer,group=group-744F0FDB9AB5,id=8fc5c081-d984-4303-aba7-473da99cd7d4
2019-09-24 03:28:17,139 [main] INFO  impl.RaftServerImpl (RaftServerImpl.java:lambda$shutdown$3(251)) - 1a9a7120-0e30-4c9b-b35f-12e1338ec0ba@group-78639D6D3438: shutdown
2019-09-24 03:28:17,139 [ForkJoinPool.commonPool-worker-0] INFO  impl.RoleInfo (RoleInfo.java:shutdownLeaderState(104)) - 8fc5c081-d984-4303-aba7-473da99cd7d4: shutdown LeaderState
2019-09-24 03:28:17,139 [main] INFO  util.JmxRegister (JmxRegister.java:unregister(73)) - Successfully un-registered JMX Bean with object name Ratis:service=RaftServer,group=group-78639D6D3438,id=1a9a7120-0e30-4c9b-b35f-12e1338ec0ba
2019-09-24 03:28:17,139 [ForkJoinPool.commonPool-worker-0] INFO  impl.PendingRequests (PendingRequests.java:sendNotLeaderResponses(202)) - 8fc5c081-d984-4303-aba7-473da99cd7d4-PendingRequests: sendNotLeaderResponses
2019-09-24 03:28:17,140 [main] INFO  impl.RoleInfo (RoleInfo.java:shutdownLeaderState(104)) - 1a9a7120-0e30-4c9b-b35f-12e1338ec0ba: shutdown LeaderState
2019-09-24 03:28:17,140 [ForkJoinPool.commonPool-worker-0] INFO  impl.StateMachineUpdater (StateMachineUpdater.java:stopAndJoin(125)) - 8fc5c081-d984-4303-aba7-473da99cd7d4@group-744F0FDB9AB5-StateMachineUpdater: set stopIndex = 0
2019-09-24 03:28:17,140 [main] INFO  impl.PendingRequests (PendingRequests.java:sendNotLeaderResponses(202)) - 1a9a7120-0e30-4c9b-b35f-12e1338ec0ba-PendingRequests: sendNotLeaderResponses
2019-09-24 03:28:17,141 [ForkJoinPool.commonPool-worker-0] INFO  impl.RaftServerImpl (ServerState.java:close(385)) - 8fc5c081-d984-4303-aba7-473da99cd7d4@group-744F0FDB9AB5: closes. applyIndex: 0
2019-09-24 03:28:17,141 [main] INFO  impl.StateMachineUpdater (StateMachineUpdater.java:stopAndJoin(125)) - 1a9a7120-0e30-4c9b-b35f-12e1338ec0ba@group-78639D6D3438-StateMachineUpdater: set stopIndex = 0
2019-09-24 03:28:17,142 [8fc5c081-d984-4303-aba7-473da99cd7d4@group-744F0FDB9AB5-SegmentedRaftLogWorker] INFO  segmented.SegmentedRaftLogWorker (SegmentedRaftLogWorker.java:run(313)) - 8fc5c081-d984-4303-aba7-473da99cd7d4@group-744F0FDB9AB5-SegmentedRaftLogWorker was interrupted, exiting. There are 0 tasks remaining in the queue.
2019-09-24 03:28:17,143 [main] INFO  impl.RaftServerImpl (ServerState.java:close(385)) - 1a9a7120-0e30-4c9b-b35f-12e1338ec0ba@group-78639D6D3438: closes. applyIndex: 0
2019-09-24 03:28:17,143 [ForkJoinPool.commonPool-worker-0] INFO  segmented.SegmentedRaftLogWorker (SegmentedRaftLogWorker.java:close(228)) - 8fc5c081-d984-4303-aba7-473da99cd7d4@group-744F0FDB9AB5-SegmentedRaftLogWorker close()
2019-09-24 03:28:17,143 [1a9a7120-0e30-4c9b-b35f-12e1338ec0ba@group-78639D6D3438-SegmentedRaftLogWorker] INFO  segmented.SegmentedRaftLogWorker (SegmentedRaftLogWorker.java:run(313)) - 1a9a7120-0e30-4c9b-b35f-12e1338ec0ba@group-78639D6D3438-SegmentedRaftLogWorker was interrupted, exiting. There are 0 tasks remaining in the queue.
2019-09-24 03:28:17,145 [ForkJoinPool.commonPool-worker-0] INFO  impl.RaftServerImpl (RaftServerImpl.java:lambda$shutdown$3(251)) - 8fc5c081-d984-4303-aba7-473da99cd7d4@group-571D81204003: shutdown
2019-09-24 03:28:17,145 [main] INFO  segmented.SegmentedRaftLogWorker (SegmentedRaftLogWorker.java:close(228)) - 1a9a7120-0e30-4c9b-b35f-12e1338ec0ba@group-78639D6D3438-SegmentedRaftLogWorker close()
2019-09-24 03:28:17,145 [ForkJoinPool.commonPool-worker-0] INFO  util.JmxRegister (JmxRegister.java:unregister(73)) - Successfully un-registered JMX Bean with object name Ratis:service=RaftServer,group=group-571D81204003,id=8fc5c081-d984-4303-aba7-473da99cd7d4
2019-09-24 03:28:17,147 [main] INFO  impl.RaftServerImpl (RaftServerImpl.java:lambda$shutdown$3(251)) - 1a9a7120-0e30-4c9b-b35f-12e1338ec0ba@group-A48901C17D1E: shutdown
2019-09-24 03:28:17,147 [ForkJoinPool.commonPool-worker-0] INFO  impl.RoleInfo (RoleInfo.java:shutdownLeaderState(104)) - 8fc5c081-d984-4303-aba7-473da99cd7d4: shutdown LeaderState
2019-09-24 03:28:17,147 [main] INFO  util.JmxRegister (JmxRegister.java:unregister(73)) - Successfully un-registered JMX Bean with object name Ratis:service=RaftServer,group=group-A48901C17D1E,id=1a9a7120-0e30-4c9b-b35f-12e1338ec0ba
2019-09-24 03:28:17,150 [org.apache.ratis.server.impl.LogAppender$AppenderDaemon$$Lambda$400/627454499@4b5cd9dd] WARN  server.GrpcLogAppender (GrpcLogAppender.java:mayWait(143)) - 8fc5c081-d984-4303-aba7-473da99cd7d4@group-571D81204003->7d4c7c25-4646-4b04-ba9f-f06f1d3a2755-GrpcLogAppender: Wait interrupted by java.lang.InterruptedException
2019-09-24 03:28:17,150 [org.apache.ratis.server.impl.LogAppender$AppenderDaemon$$Lambda$400/627454499@7ea73389] WARN  server.GrpcLogAppender (GrpcLogAppender.java:mayWait(143)) - 8fc5c081-d984-4303-aba7-473da99cd7d4@group-571D81204003->13d11d3e-9895-4970-8096-73396f0d647b-GrpcLogAppender: Wait interrupted by java.lang.InterruptedException
2019-09-24 03:28:17,150 [ForkJoinPool.commonPool-worker-0] INFO  impl.PendingRequests (PendingRequests.java:sendNotLeaderResponses(202)) - 8fc5c081-d984-4303-aba7-473da99cd7d4-PendingRequests: sendNotLeaderResponses
2019-09-24 03:28:17,150 [main] INFO  impl.RoleInfo (RoleInfo.java:shutdownFollowerState(121)) - 1a9a7120-0e30-4c9b-b35f-12e1338ec0ba: shutdown FollowerState
2019-09-24 03:28:17,150 [ForkJoinPool.commonPool-worker-0] INFO  impl.StateMachineUpdater (StateMachineUpdater.java:stopAndJoin(125)) - 8fc5c081-d984-4303-aba7-473da99cd7d4@group-571D81204003-StateMachineUpdater: set stopIndex = 0
2019-09-24 03:28:17,151 [main] INFO  impl.StateMachineUpdater (StateMachineUpdater.java:stopAndJoin(125)) - 1a9a7120-0e30-4c9b-b35f-12e1338ec0ba@group-A48901C17D1E-StateMachineUpdater: set stopIndex = 0
2019-09-24 03:28:17,151 [Thread-742] INFO  impl.FollowerState (FollowerState.java:run(115)) - 1a9a7120-0e30-4c9b-b35f-12e1338ec0ba: FollowerState was interrupted: java.lang.InterruptedException: sleep interrupted
2019-09-24 03:28:17,152 [main] INFO  impl.RaftServerImpl (ServerState.java:close(385)) - 1a9a7120-0e30-4c9b-b35f-12e1338ec0ba@group-A48901C17D1E: closes. applyIndex: 0
2019-09-24 03:28:17,151 [ForkJoinPool.commonPool-worker-0] INFO  impl.RaftServerImpl (ServerState.java:close(385)) - 8fc5c081-d984-4303-aba7-473da99cd7d4@group-571D81204003: closes. applyIndex: 0
2019-09-24 03:28:17,153 [1a9a7120-0e30-4c9b-b35f-12e1338ec0ba@group-A48901C17D1E-SegmentedRaftLogWorker] INFO  segmented.SegmentedRaftLogWorker (SegmentedRaftLogWorker.java:run(313)) - 1a9a7120-0e30-4c9b-b35f-12e1338ec0ba@group-A48901C17D1E-SegmentedRaftLogWorker was interrupted, exiting. There are 0 tasks remaining in the queue.
2019-09-24 03:28:17,154 [8fc5c081-d984-4303-aba7-473da99cd7d4@group-571D81204003-SegmentedRaftLogWorker] INFO  segmented.SegmentedRaftLogWorker (SegmentedRaftLogWorker.java:run(313)) - 8fc5c081-d984-4303-aba7-473da99cd7d4@group-571D81204003-SegmentedRaftLogWorker was interrupted, exiting. There are 0 tasks remaining in the queue.
2019-09-24 03:28:17,154 [main] INFO  segmented.SegmentedRaftLogWorker (SegmentedRaftLogWorker.java:close(228)) - 1a9a7120-0e30-4c9b-b35f-12e1338ec0ba@group-A48901C17D1E-SegmentedRaftLogWorker close()
2019-09-24 03:28:17,154 [ForkJoinPool.commonPool-worker-0] INFO  segmented.SegmentedRaftLogWorker (SegmentedRaftLogWorker.java:close(228)) - 8fc5c081-d984-4303-aba7-473da99cd7d4@group-571D81204003-SegmentedRaftLogWorker close()
2019-09-24 03:28:17,155 [main] INFO  server.GrpcService (GrpcService.java:closeImpl(164)) - 1a9a7120-0e30-4c9b-b35f-12e1338ec0ba: shutdown server with port 42905 now
2019-09-24 03:28:17,157 [ForkJoinPool.commonPool-worker-0] INFO  server.GrpcService (GrpcService.java:closeImpl(164)) - 8fc5c081-d984-4303-aba7-473da99cd7d4: shutdown server with port 46313 now
2019-09-24 03:28:17,158 [ForkJoinPool.commonPool-worker-0] INFO  server.GrpcService (GrpcService.java:closeImpl(172)) - 8fc5c081-d984-4303-aba7-473da99cd7d4: shutdown server with port 46313 successfully
2019-09-24 03:28:17,158 [main] INFO  server.GrpcService (GrpcService.java:closeImpl(172)) - 1a9a7120-0e30-4c9b-b35f-12e1338ec0ba: shutdown server with port 42905 successfully
2019-09-24 03:28:17,161 [refreshUsed-/workdir/hadoop-ozone/integration-test/target/test-dir/MiniOzoneClusterImpl-e5f1ddf0-a5ce-4ae4-b63c-73802c2fbca4/datanode-7/data/containers] WARN  fs.CachingGetSpaceUsed (CachingGetSpaceUsed.java:run(183)) - Thread Interrupted waiting to refresh disk information: sleep interrupted
2019-09-24 03:28:17,174 [refreshUsed-/workdir/hadoop-ozone/integration-test/target/test-dir/MiniOzoneClusterImpl-e5f1ddf0-a5ce-4ae4-b63c-73802c2fbca4/datanode-1/data/containers] WARN  fs.CachingGetSpaceUsed (CachingGetSpaceUsed.java:run(183)) - Thread Interrupted waiting to refresh disk information: sleep interrupted
2019-09-24 03:28:17,178 [main] INFO  utils.BackgroundService (BackgroundService.java:shutdown(148)) - Shutting down service BlockDeletingService
2019-09-24 03:28:17,181 [main] INFO  statemachine.DatanodeStateMachine (DatanodeStateMachine.java:stopDaemon(395)) - Ozone container server stopped.
2019-09-24 03:28:17,182 [main] INFO  handler.ContextHandler (ContextHandler.java:doStop(910)) - Stopped o.e.j.w.WebAppContext@7c46c9c3{/,null,UNAVAILABLE}{/hddsDatanode}
2019-09-24 03:28:17,183 [main] INFO  server.AbstractConnector (AbstractConnector.java:doStop(318)) - Stopped ServerConnector@7197b07f{HTTP/1.1,[http/1.1]}{0.0.0.0:0}
2019-09-24 03:28:17,183 [main] INFO  handler.ContextHandler (ContextHandler.java:doStop(910)) - Stopped o.e.j.s.ServletContextHandler@59096b66{/static,jar:file:/home/user/.m2/repository/org/apache/hadoop/hadoop-hdds-container-service/0.5.0-SNAPSHOT/hadoop-hdds-container-service-0.5.0-SNAPSHOT.jar!/webapps/static,UNAVAILABLE}
2019-09-24 03:28:17,184 [main] INFO  handler.ContextHandler (ContextHandler.java:doStop(910)) - Stopped o.e.j.s.ServletContextHandler@608cd501{/logs,file:///workdir/hadoop-ozone/integration-test/target/log,UNAVAILABLE}
2019-09-24 03:28:17,190 [ForkJoinPool.commonPool-worker-0] INFO  utils.BackgroundService (BackgroundService.java:shutdown(148)) - Shutting down service BlockDeletingService
2019-09-24 03:28:17,192 [ForkJoinPool.commonPool-worker-0] INFO  statemachine.DatanodeStateMachine (DatanodeStateMachine.java:stopDaemon(395)) - Ozone container server stopped.
2019-09-24 03:28:17,194 [ForkJoinPool.commonPool-worker-0] INFO  handler.ContextHandler (ContextHandler.java:doStop(910)) - Stopped o.e.j.w.WebAppContext@a85644c{/,null,UNAVAILABLE}{/hddsDatanode}
2019-09-24 03:28:17,195 [ForkJoinPool.commonPool-worker-0] INFO  server.AbstractConnector (AbstractConnector.java:doStop(318)) - Stopped ServerConnector@8054fe2{HTTP/1.1,[http/1.1]}{0.0.0.0:0}
2019-09-24 03:28:17,196 [ForkJoinPool.commonPool-worker-0] INFO  handler.ContextHandler (ContextHandler.java:doStop(910)) - Stopped o.e.j.s.ServletContextHandler@3b481bf5{/static,jar:file:/home/user/.m2/repository/org/apache/hadoop/hadoop-hdds-container-service/0.5.0-SNAPSHOT/hadoop-hdds-container-service-0.5.0-SNAPSHOT.jar!/webapps/static,UNAVAILABLE}
2019-09-24 03:28:17,197 [ForkJoinPool.commonPool-worker-0] INFO  handler.ContextHandler (ContextHandler.java:doStop(910)) - Stopped o.e.j.s.ServletContextHandler@459003a0{/logs,file:///workdir/hadoop-ozone/integration-test/target/log,UNAVAILABLE}
2019-09-24 03:28:17,198 [main] INFO  ozone.MiniOzoneClusterImpl (MiniOzoneClusterImpl.java:stopSCM(392)) - Stopping the StorageContainerManager
2019-09-24 03:28:17,198 [main] INFO  server.StorageContainerManager (StorageContainerManager.java:stop(808)) - Stopping Replication Manager Service.
2019-09-24 03:28:17,198 [main] INFO  container.ReplicationManager (ReplicationManager.java:stop(203)) - Stopping Replication Monitor Thread.
2019-09-24 03:28:17,198 [main] INFO  server.StorageContainerManager (StorageContainerManager.java:stop(815)) - Stopping Lease Manager of the command watchers
2019-09-24 03:28:17,199 [main] INFO  server.StorageContainerManager (StorageContainerManager.java:stop(822)) - Stopping datanode service RPC server
2019-09-24 03:28:17,199 [main] INFO  server.SCMDatanodeProtocolServer (SCMDatanodeProtocolServer.java:stop(367)) - Stopping the RPC server for DataNodes
2019-09-24 03:28:17,199 [main] INFO  ipc.Server (Server.java:stop(3082)) - Stopping server on 45043
2019-09-24 03:28:17,202 [IPC Server listener on 45043] INFO  ipc.Server (Server.java:run(1185)) - Stopping IPC Server listener on 45043
2019-09-24 03:28:17,202 [IPC Server Responder] INFO  ipc.Server (Server.java:run(1319)) - Stopping IPC Server Responder
2019-09-24 03:28:17,240 [SCM Heartbeat Processing Thread - 0] WARN  node.NodeStateManager (NodeStateManager.java:scheduleNextHealthCheck(646)) - Current Thread is interrupted, shutting down HB processing thread for Node Manager.
2019-09-24 03:28:17,240 [main] INFO  server.StorageContainerManager (StorageContainerManager.java:stop(830)) - Stopping block service RPC server
2019-09-24 03:28:17,241 [main] INFO  server.SCMBlockProtocolServer (SCMBlockProtocolServer.java:stop(155)) - Stopping the RPC server for Block Protocol
2019-09-24 03:28:17,241 [main] INFO  ipc.Server (Server.java:stop(3082)) - Stopping server on 40919
2019-09-24 03:28:17,243 [IPC Server listener on 40919] INFO  ipc.Server (Server.java:run(1185)) - Stopping IPC Server listener on 40919
2019-09-24 03:28:17,243 [main] INFO  server.StorageContainerManager (StorageContainerManager.java:stop(837)) - Stopping the StorageContainerLocationProtocol RPC server
2019-09-24 03:28:17,243 [IPC Server Responder] INFO  ipc.Server (Server.java:run(1319)) - Stopping IPC Server Responder
2019-09-24 03:28:17,244 [main] INFO  server.SCMClientProtocolServer (SCMClientProtocolServer.java:stop(159)) - Stopping the RPC server for Client Protocol
2019-09-24 03:28:17,245 [main] INFO  ipc.Server (Server.java:stop(3082)) - Stopping server on 36649
2019-09-24 03:28:17,246 [IPC Server listener on 36649] INFO  ipc.Server (Server.java:run(1185)) - Stopping IPC Server listener on 36649
2019-09-24 03:28:17,246 [main] INFO  server.StorageContainerManager (StorageContainerManager.java:stop(844)) - Stopping Storage Container Manager HTTP server.
2019-09-24 03:28:17,247 [IPC Server Responder] INFO  ipc.Server (Server.java:run(1319)) - Stopping IPC Server Responder
2019-09-24 03:28:17,248 [main] INFO  handler.ContextHandler (ContextHandler.java:doStop(910)) - Stopped o.e.j.w.WebAppContext@6812fa3a{/,null,UNAVAILABLE}{/scm}
2019-09-24 03:28:17,249 [main] INFO  server.AbstractConnector (AbstractConnector.java:doStop(318)) - Stopped ServerConnector@29149030{HTTP/1.1,[http/1.1]}{0.0.0.0:0}
2019-09-24 03:28:17,249 [main] INFO  handler.ContextHandler (ContextHandler.java:doStop(910)) - Stopped o.e.j.s.ServletContextHandler@4dba773d{/static,file:///workdir/hadoop-ozone/integration-test/target/test-classes/webapps/static,UNAVAILABLE}
2019-09-24 03:28:17,249 [main] INFO  handler.ContextHandler (ContextHandler.java:doStop(910)) - Stopped o.e.j.s.ServletContextHandler@a5272be{/logs,file:///workdir/hadoop-ozone/integration-test/target/log,UNAVAILABLE}
2019-09-24 03:28:17,250 [main] INFO  server.StorageContainerManager (StorageContainerManager.java:stop(855)) - Stopping Block Manager Service.
2019-09-24 03:28:17,255 [main] INFO  utils.BackgroundService (BackgroundService.java:shutdown(148)) - Shutting down service SCMBlockDeletingService
2019-09-24 03:28:17,256 [main] INFO  utils.BackgroundService (BackgroundService.java:shutdown(148)) - Shutting down service SCMBlockDeletingService
2019-09-24 03:28:17,256 [main] INFO  server.StorageContainerManager (StorageContainerManager.java:stop(877)) - Stopping SCM Event Queue.
2019-09-24 03:28:17,262 [main] INFO  impl.MetricsSystemImpl (MetricsSystemImpl.java:stop(210)) - Stopping ratis metrics system...
2019-09-24 03:28:17,272 [prometheus] INFO  impl.MetricsSinkAdapter (MetricsSinkAdapter.java:publishMetricsFromQueue(141)) - prometheus thread interrupted.
2019-09-24 03:28:17,272 [main] INFO  impl.MetricsSystemImpl (MetricsSystemImpl.java:stop(216)) - ratis metrics system stopped.
2019-09-24 03:28:17,310 [Thread[Thread-12,5,main]] ERROR delegation.AbstractDelegationTokenSecretManager (AbstractDelegationTokenSecretManager.java:run(696)) - ExpiredTokenRemover received java.lang.InterruptedException: sleep interrupted
2019-09-24 03:28:17,311 [main] INFO  server.KMSWebApp (KMSWebApp.java:contextDestroyed(191)) - KMS Stopped
2019-09-24 03:28:17,311 [main] INFO  handler.ContextHandler (ContextHandler.java:doStop(910)) - Stopped o.e.j.w.WebAppContext@245a060f{/,null,UNAVAILABLE}{/kms}
2019-09-24 03:28:17,312 [main] INFO  server.AbstractConnector (AbstractConnector.java:doStop(318)) - Stopped ServerConnector@a50ae65{HTTP/1.1,[http/1.1]}{localhost:0}
2019-09-24 03:28:17,312 [main] INFO  handler.ContextHandler (ContextHandler.java:doStop(910)) - Stopped o.e.j.s.ServletContextHandler@6f36c2f0{/static,jar:file:/home/user/.m2/repository/org/apache/hadoop/hadoop-kms/3.2.0/hadoop-kms-3.2.0.jar!/webapps/static,UNAVAILABLE}
2019-09-24 03:28:17,312 [main] INFO  handler.ContextHandler (ContextHandler.java:doStop(910)) - Stopped o.e.j.s.ServletContextHandler@49c90a9c{/logs,file:///workdir/hadoop-ozone/integration-test/target/log,UNAVAILABLE}
]]></system-out>
    <system-err><![CDATA[ERROR StatusLogger No Log4j 2 configuration file found. Using default configuration (logging only errors to the console), or user programmatically provided configurations. Set system property 'log4j2.debug' to show Log4j 2 internal initialization logging. See https://logging.apache.org/log4j/2.x/manual/configuration.html for instructions on how to configure Log4j 2
Sep 24, 2019 3:25:50 AM com.sun.jersey.api.core.PackagesResourceConfig init
INFO: Scanning for root resource and provider classes in the packages:
  org.apache.hadoop.crypto.key.kms.server
Sep 24, 2019 3:25:50 AM com.sun.jersey.api.core.ScanningResourceConfig logClasses
INFO: Root resource classes found:
  class org.apache.hadoop.crypto.key.kms.server.KMS
Sep 24, 2019 3:25:50 AM com.sun.jersey.api.core.ScanningResourceConfig logClasses
INFO: Provider classes found:
  class org.apache.hadoop.crypto.key.kms.server.KMSJSONReader
  class org.apache.hadoop.crypto.key.kms.server.KMSJSONWriter
  class org.apache.hadoop.crypto.key.kms.server.KMSExceptionsProvider
Sep 24, 2019 3:25:51 AM com.sun.jersey.server.impl.application.WebApplicationImpl _initiate
INFO: Initiating Jersey application, version 'Jersey: 1.19 02/11/2015 03:25 AM'
Sep 24, 2019 3:28:01 AM org.apache.ratis.thirdparty.io.grpc.internal.SerializingExecutor run
SEVERE: Exception while executing runnable org.apache.ratis.thirdparty.io.grpc.internal.ServerImpl$JumpToApplicationThreadServerStreamListener$1Closed@54e95858
org.apache.ratis.thirdparty.io.grpc.StatusRuntimeException: CANCELLED: call already cancelled
	at org.apache.ratis.thirdparty.io.grpc.Status.asRuntimeException(Status.java:517)
	at org.apache.ratis.thirdparty.io.grpc.stub.ServerCalls$ServerCallStreamObserverImpl.onCompleted(ServerCalls.java:356)
	at org.apache.ratis.grpc.server.GrpcServerProtocolService$ServerRequestStreamObserver.onError(GrpcServerProtocolService.java:121)
	at org.apache.ratis.thirdparty.io.grpc.stub.ServerCalls$StreamingServerCallHandler$StreamingServerCallListener.onCancel(ServerCalls.java:269)
	at org.apache.ratis.thirdparty.io.grpc.internal.ServerCallImpl$ServerStreamListenerImpl.closed(ServerCallImpl.java:293)
	at org.apache.ratis.thirdparty.io.grpc.internal.ServerImpl$JumpToApplicationThreadServerStreamListener$1Closed.runInContext(ServerImpl.java:741)
	at org.apache.ratis.thirdparty.io.grpc.internal.ContextRunnable.run(ContextRunnable.java:37)
	at org.apache.ratis.thirdparty.io.grpc.internal.SerializingExecutor.run(SerializingExecutor.java:123)
	at java.util.concurrent.ThreadPoolExecutor.runWorker(ThreadPoolExecutor.java:1149)
	at java.util.concurrent.ThreadPoolExecutor$Worker.run(ThreadPoolExecutor.java:624)
	at java.lang.Thread.run(Thread.java:748)

Sep 24, 2019 3:28:12 AM org.apache.ratis.thirdparty.io.grpc.internal.SerializingExecutor run
SEVERE: Exception while executing runnable org.apache.ratis.thirdparty.io.grpc.internal.ServerImpl$JumpToApplicationThreadServerStreamListener$1Closed@4ff9f53c
org.apache.ratis.thirdparty.io.grpc.StatusRuntimeException: CANCELLED: call already cancelled
	at org.apache.ratis.thirdparty.io.grpc.Status.asRuntimeException(Status.java:517)
	at org.apache.ratis.thirdparty.io.grpc.stub.ServerCalls$ServerCallStreamObserverImpl.onCompleted(ServerCalls.java:356)
	at org.apache.ratis.grpc.server.GrpcServerProtocolService$ServerRequestStreamObserver.onError(GrpcServerProtocolService.java:121)
	at org.apache.ratis.thirdparty.io.grpc.stub.ServerCalls$StreamingServerCallHandler$StreamingServerCallListener.onCancel(ServerCalls.java:269)
	at org.apache.ratis.thirdparty.io.grpc.internal.ServerCallImpl$ServerStreamListenerImpl.closed(ServerCallImpl.java:293)
	at org.apache.ratis.thirdparty.io.grpc.internal.ServerImpl$JumpToApplicationThreadServerStreamListener$1Closed.runInContext(ServerImpl.java:741)
	at org.apache.ratis.thirdparty.io.grpc.internal.ContextRunnable.run(ContextRunnable.java:37)
	at org.apache.ratis.thirdparty.io.grpc.internal.SerializingExecutor.run(SerializingExecutor.java:123)
	at java.util.concurrent.ThreadPoolExecutor.runWorker(ThreadPoolExecutor.java:1149)
	at java.util.concurrent.ThreadPoolExecutor$Worker.run(ThreadPoolExecutor.java:624)
	at java.lang.Thread.run(Thread.java:748)

]]></system-err>
  </testcase>
</testsuite>