<?xml version="1.0" encoding="UTF-8"?>
<testsuite xmlns:xsi="http://www.w3.org/2001/XMLSchema-instance" xsi:noNamespaceSchemaLocation="https://maven.apache.org/surefire/maven-surefire-plugin/xsd/surefire-test-report.xsd" name="org.apache.hadoop.ozone.client.rpc.TestOzoneClientRetriesOnException" time="278.239" tests="2" errors="2" skipped="0" failures="0">
  <properties>
    <property name="awt.toolkit" value="sun.awt.X11.XToolkit"/>
    <property name="file.encoding.pkg" value="sun.io"/>
    <property name="java.specification.version" value="1.8"/>
    <property name="sun.cpu.isalist" value=""/>
    <property name="sun.jnu.encoding" value="UTF-8"/>
    <property name="java.class.path" value="/workdir/hadoop-ozone/integration-test/target/test-classes:/workdir/hadoop-ozone/integration-test/target/classes:/home/user/.m2/repository/org/apache/hadoop/hadoop-ozone-common/0.5.0-SNAPSHOT/hadoop-ozone-common-0.5.0-SNAPSHOT.jar:/home/user/.m2/repository/org/apache/commons/commons-compress/1.4.1/commons-compress-1.4.1.jar:/home/user/.m2/repository/org/tukaani/xz/1.0/xz-1.0.jar:/home/user/.m2/repository/org/apache/hadoop/hadoop-common/3.2.0/hadoop-common-3.2.0.jar:/home/user/.m2/repository/org/apache/hadoop/hadoop-hdfs/3.2.0/hadoop-hdfs-3.2.0.jar:/home/user/.m2/repository/org/apache/hadoop/hadoop-hdfs-client/3.2.0/hadoop-hdfs-client-3.2.0.jar:/home/user/.m2/repository/com/fasterxml/jackson/core/jackson-annotations/2.9.9/jackson-annotations-2.9.9.jar:/home/user/.m2/repository/org/apache/hadoop/hadoop-hdds-common/0.5.0-SNAPSHOT/hadoop-hdds-common-0.5.0-SNAPSHOT.jar:/home/user/.m2/repository/javax/annotation/javax.annotation-api/1.2/javax.annotation-api-1.2.jar:/home/user/.m2/repository/org/apache/ratis/ratis-server/0.4.0/ratis-server-0.4.0.jar:/home/user/.m2/repository/org/apache/ratis/ratis-thirdparty-misc/0.2.0/ratis-thirdparty-misc-0.2.0.jar:/home/user/.m2/repository/org/apache/ratis/ratis-proto/0.4.0/ratis-proto-0.4.0.jar:/home/user/.m2/repository/org/apache/ratis/ratis-common/0.4.0/ratis-common-0.4.0.jar:/home/user/.m2/repository/org/apache/ratis/ratis-client/0.4.0/ratis-client-0.4.0.jar:/home/user/.m2/repository/org/apache/ratis/ratis-metrics/0.4.0/ratis-metrics-0.4.0.jar:/home/user/.m2/repository/com/github/joshelser/dropwizard-metrics-hadoop-metrics2-reporter/0.1.2/dropwizard-metrics-hadoop-metrics2-reporter-0.1.2.jar:/home/user/.m2/repository/io/dropwizard/metrics/metrics-jvm/3.2.5/metrics-jvm-3.2.5.jar:/home/user/.m2/repository/io/dropwizard/metrics/metrics-ganglia/3.2.5/metrics-ganglia-3.2.5.jar:/home/user/.m2/repository/info/ganglia/gmetric4j/gmetric4j/1.0.7/gmetric4j-1.0.7.jar:/home/user/.m2/repository/org/apache/ratis/ratis-netty/0.4.0/ratis-netty-0.4.0.jar:/home/user/.m2/repository/org/apache/ratis/ratis-grpc/0.4.0/ratis-grpc-0.4.0.jar:/home/user/.m2/repository/org/rocksdb/rocksdbjni/6.0.1/rocksdbjni-6.0.1.jar:/home/user/.m2/repository/org/apache/logging/log4j/log4j-api/2.11.0/log4j-api-2.11.0.jar:/home/user/.m2/repository/org/apache/logging/log4j/log4j-core/2.11.0/log4j-core-2.11.0.jar:/home/user/.m2/repository/com/lmax/disruptor/3.4.2/disruptor-3.4.2.jar:/home/user/.m2/repository/org/apache/commons/commons-pool2/2.6.0/commons-pool2-2.6.0.jar:/home/user/.m2/repository/org/bouncycastle/bcpkix-jdk15on/1.60/bcpkix-jdk15on-1.60.jar:/home/user/.m2/repository/commons-validator/commons-validator/1.6/commons-validator-1.6.jar:/home/user/.m2/repository/commons-digester/commons-digester/1.8.1/commons-digester-1.8.1.jar:/home/user/.m2/repository/io/jaegertracing/jaeger-client/0.34.0/jaeger-client-0.34.0.jar:/home/user/.m2/repository/io/jaegertracing/jaeger-thrift/0.34.0/jaeger-thrift-0.34.0.jar:/home/user/.m2/repository/org/apache/thrift/libthrift/0.12.0/libthrift-0.12.0.jar:/home/user/.m2/repository/com/squareup/okhttp3/okhttp/3.9.0/okhttp-3.9.0.jar:/home/user/.m2/repository/com/squareup/okio/okio/1.13.0/okio-1.13.0.jar:/home/user/.m2/repository/io/jaegertracing/jaeger-core/0.34.0/jaeger-core-0.34.0.jar:/home/user/.m2/repository/io/jaegertracing/jaeger-tracerresolver/0.34.0/jaeger-tracerresolver-0.34.0.jar:/home/user/.m2/repository/io/opentracing/contrib/opentracing-tracerresolver/0.1.5/opentracing-tracerresolver-0.1.5.jar:/home/user/.m2/repository/io/opentracing/opentracing-util/0.31.0/opentracing-util-0.31.0.jar:/home/user/.m2/repository/io/opentracing/opentracing-api/0.31.0/opentracing-api-0.31.0.jar:/home/user/.m2/repository/io/opentracing/opentracing-noop/0.31.0/opentracing-noop-0.31.0.jar:/home/user/.m2/repository/org/apache/hadoop/hadoop-hdds-server-framework/0.5.0-SNAPSHOT/hadoop-hdds-server-framework-0.5.0-SNAPSHOT.jar:/home/user/.m2/repository/org/apache/hadoop/hadoop-hdds-container-service/0.5.0-SNAPSHOT/hadoop-hdds-container-service-0.5.0-SNAPSHOT.jar:/home/user/.m2/repository/org/apache/hadoop/hadoop-hdds-client/0.5.0-SNAPSHOT/hadoop-hdds-client-0.5.0-SNAPSHOT.jar:/home/user/.m2/repository/org/apache/hadoop/hadoop-hdds-tools/0.5.0-SNAPSHOT/hadoop-hdds-tools-0.5.0-SNAPSHOT.jar:/home/user/.m2/repository/org/apache/hadoop/hadoop-hdds-server-scm/0.5.0-SNAPSHOT/hadoop-hdds-server-scm-0.5.0-SNAPSHOT.jar:/home/user/.m2/repository/org/apache/hadoop/hadoop-hdds-docs/0.5.0-SNAPSHOT/hadoop-hdds-docs-0.5.0-SNAPSHOT.jar:/home/user/.m2/repository/io/dropwizard/metrics/metrics-core/3.2.4/metrics-core-3.2.4.jar:/home/user/.m2/repository/org/hamcrest/hamcrest-all/1.3/hamcrest-all-1.3.jar:/home/user/.m2/repository/org/bouncycastle/bcprov-jdk15on/1.60/bcprov-jdk15on-1.60.jar:/home/user/.m2/repository/info/picocli/picocli/3.9.6/picocli-3.9.6.jar:/home/user/.m2/repository/com/google/protobuf/protobuf-java/2.5.0/protobuf-java-2.5.0.jar:/home/user/.m2/repository/com/google/guava/guava/11.0.2/guava-11.0.2.jar:/home/user/.m2/repository/org/apache/hadoop/hadoop-ozone-ozone-manager/0.5.0-SNAPSHOT/hadoop-ozone-ozone-manager-0.5.0-SNAPSHOT.jar:/home/user/.m2/repository/org/apache/hadoop/hadoop-minikdc/3.2.0/hadoop-minikdc-3.2.0.jar:/home/user/.m2/repository/commons-io/commons-io/2.5/commons-io-2.5.jar:/home/user/.m2/repository/org/apache/kerby/kerb-simplekdc/1.0.1/kerb-simplekdc-1.0.1.jar:/home/user/.m2/repository/org/apache/kerby/kerb-client/1.0.1/kerb-client-1.0.1.jar:/home/user/.m2/repository/org/apache/kerby/kerby-config/1.0.1/kerby-config-1.0.1.jar:/home/user/.m2/repository/org/apache/kerby/kerb-core/1.0.1/kerb-core-1.0.1.jar:/home/user/.m2/repository/org/apache/kerby/kerby-pkix/1.0.1/kerby-pkix-1.0.1.jar:/home/user/.m2/repository/org/apache/kerby/kerby-asn1/1.0.1/kerby-asn1-1.0.1.jar:/home/user/.m2/repository/org/apache/kerby/kerby-util/1.0.1/kerby-util-1.0.1.jar:/home/user/.m2/repository/org/apache/kerby/kerb-common/1.0.1/kerb-common-1.0.1.jar:/home/user/.m2/repository/org/apache/kerby/kerb-crypto/1.0.1/kerb-crypto-1.0.1.jar:/home/user/.m2/repository/org/apache/kerby/kerb-util/1.0.1/kerb-util-1.0.1.jar:/home/user/.m2/repository/org/apache/kerby/token-provider/1.0.1/token-provider-1.0.1.jar:/home/user/.m2/repository/org/apache/kerby/kerb-admin/1.0.1/kerb-admin-1.0.1.jar:/home/user/.m2/repository/org/apache/kerby/kerb-server/1.0.1/kerb-server-1.0.1.jar:/home/user/.m2/repository/org/apache/kerby/kerb-identity/1.0.1/kerb-identity-1.0.1.jar:/home/user/.m2/repository/org/apache/kerby/kerby-xdr/1.0.1/kerby-xdr-1.0.1.jar:/home/user/.m2/repository/org/slf4j/slf4j-log4j12/1.7.25/slf4j-log4j12-1.7.25.jar:/home/user/.m2/repository/org/apache/hadoop/hadoop-ozone-s3gateway/0.5.0-SNAPSHOT/hadoop-ozone-s3gateway-0.5.0-SNAPSHOT.jar:/home/user/.m2/repository/org/jboss/weld/servlet/weld-servlet/2.4.7.Final/weld-servlet-2.4.7.Final.jar:/home/user/.m2/repository/org/glassfish/jersey/containers/jersey-container-servlet-core/2.27/jersey-container-servlet-core-2.27.jar:/home/user/.m2/repository/org/glassfish/hk2/external/javax.inject/2.5.0-b42/javax.inject-2.5.0-b42.jar:/home/user/.m2/repository/org/glassfish/jersey/core/jersey-common/2.27/jersey-common-2.27.jar:/home/user/.m2/repository/org/glassfish/hk2/osgi-resource-locator/1.0.1/osgi-resource-locator-1.0.1.jar:/home/user/.m2/repository/javax/ws/rs/javax.ws.rs-api/2.1/javax.ws.rs-api-2.1.jar:/home/user/.m2/repository/org/glassfish/jersey/ext/cdi/jersey-cdi1x/2.27/jersey-cdi1x-2.27.jar:/home/user/.m2/repository/org/glassfish/jersey/inject/jersey-hk2/2.27/jersey-hk2-2.27.jar:/home/user/.m2/repository/org/glassfish/hk2/hk2-locator/2.5.0-b42/hk2-locator-2.5.0-b42.jar:/home/user/.m2/repository/org/javassist/javassist/3.22.0-CR2/javassist-3.22.0-CR2.jar:/home/user/.m2/repository/org/glassfish/hk2/hk2-api/2.5.0/hk2-api-2.5.0.jar:/home/user/.m2/repository/org/glassfish/hk2/external/jakarta.inject/2.5.0/jakarta.inject-2.5.0.jar:/home/user/.m2/repository/org/glassfish/hk2/hk2-utils/2.5.0/hk2-utils-2.5.0.jar:/home/user/.m2/repository/jakarta/annotation/jakarta.annotation-api/1.3.4/jakarta.annotation-api-1.3.4.jar:/home/user/.m2/repository/org/glassfish/hk2/external/aopalliance-repackaged/2.5.0/aopalliance-repackaged-2.5.0.jar:/home/user/.m2/repository/com/fasterxml/jackson/dataformat/jackson-dataformat-xml/2.9.0/jackson-dataformat-xml-2.9.0.jar:/home/user/.m2/repository/com/fasterxml/jackson/core/jackson-core/2.9.9/jackson-core-2.9.9.jar:/home/user/.m2/repository/com/fasterxml/jackson/module/jackson-module-jaxb-annotations/2.9.9/jackson-module-jaxb-annotations-2.9.9.jar:/home/user/.m2/repository/javax/enterprise/cdi-api/1.2/cdi-api-1.2.jar:/home/user/.m2/repository/javax/el/javax.el-api/3.0.0/javax.el-api-3.0.0.jar:/home/user/.m2/repository/javax/interceptor/javax.interceptor-api/1.2/javax.interceptor-api-1.2.jar:/home/user/.m2/repository/javax/inject/javax.inject/1/javax.inject-1.jar:/home/user/.m2/repository/com/sun/xml/bind/jaxb-impl/2.3.0.1/jaxb-impl-2.3.0.1.jar:/home/user/.m2/repository/com/sun/xml/bind/jaxb-core/2.3.0.1/jaxb-core-2.3.0.1.jar:/home/user/.m2/repository/javax/xml/bind/jaxb-api/2.3.0/jaxb-api-2.3.0.jar:/home/user/.m2/repository/javax/activation/activation/1.1.1/activation-1.1.1.jar:/home/user/.m2/repository/org/apache/hadoop/hadoop-ozone-csi/0.5.0-SNAPSHOT/hadoop-ozone-csi-0.5.0-SNAPSHOT.jar:/home/user/.m2/repository/com/google/protobuf/protobuf-java-util/3.5.1/protobuf-java-util-3.5.1.jar:/home/user/.m2/repository/org/apache/hadoop/hadoop-hdds-config/0.5.0-SNAPSHOT/hadoop-hdds-config-0.5.0-SNAPSHOT.jar:/home/user/.m2/repository/io/grpc/grpc-netty/1.17.1/grpc-netty-1.17.1.jar:/home/user/.m2/repository/io/grpc/grpc-core/1.17.1/grpc-core-1.17.1.jar:/home/user/.m2/repository/io/grpc/grpc-context/1.17.1/grpc-context-1.17.1.jar:/home/user/.m2/repository/com/google/errorprone/error_prone_annotations/2.2.0/error_prone_annotations-2.2.0.jar:/home/user/.m2/repository/org/codehaus/mojo/animal-sniffer-annotations/1.17/animal-sniffer-annotations-1.17.jar:/home/user/.m2/repository/io/opencensus/opencensus-api/0.17.0/opencensus-api-0.17.0.jar:/home/user/.m2/repository/io/opencensus/opencensus-contrib-grpc-metrics/0.17.0/opencensus-contrib-grpc-metrics-0.17.0.jar:/home/user/.m2/repository/io/netty/netty-codec-http2/4.1.30.Final/netty-codec-http2-4.1.30.Final.jar:/home/user/.m2/repository/io/netty/netty-codec-http/4.1.30.Final/netty-codec-http-4.1.30.Final.jar:/home/user/.m2/repository/io/netty/netty-codec/4.1.30.Final/netty-codec-4.1.30.Final.jar:/home/user/.m2/repository/io/netty/netty-handler/4.1.30.Final/netty-handler-4.1.30.Final.jar:/home/user/.m2/repository/io/netty/netty-handler-proxy/4.1.30.Final/netty-handler-proxy-4.1.30.Final.jar:/home/user/.m2/repository/io/netty/netty-codec-socks/4.1.30.Final/netty-codec-socks-4.1.30.Final.jar:/home/user/.m2/repository/io/netty/netty-transport-native-epoll/4.1.30.Final/netty-transport-native-epoll-4.1.30.Final.jar:/home/user/.m2/repository/io/netty/netty-common/4.1.30.Final/netty-common-4.1.30.Final.jar:/home/user/.m2/repository/io/netty/netty-buffer/4.1.30.Final/netty-buffer-4.1.30.Final.jar:/home/user/.m2/repository/io/netty/netty-transport/4.1.30.Final/netty-transport-4.1.30.Final.jar:/home/user/.m2/repository/io/netty/netty-resolver/4.1.30.Final/netty-resolver-4.1.30.Final.jar:/home/user/.m2/repository/io/netty/netty-transport-native-unix-common/4.1.30.Final/netty-transport-native-unix-common-4.1.30.Final.jar:/home/user/.m2/repository/io/grpc/grpc-protobuf/1.17.1/grpc-protobuf-1.17.1.jar:/home/user/.m2/repository/com/google/api/grpc/proto-google-common-protos/1.0.0/proto-google-common-protos-1.0.0.jar:/home/user/.m2/repository/io/grpc/grpc-protobuf-lite/1.17.1/grpc-protobuf-lite-1.17.1.jar:/home/user/.m2/repository/io/grpc/grpc-stub/1.17.1/grpc-stub-1.17.1.jar:/home/user/.m2/repository/org/apache/hadoop/hadoop-ozone-recon/0.5.0-SNAPSHOT/hadoop-ozone-recon-0.5.0-SNAPSHOT.jar:/home/user/.m2/repository/org/apache/hadoop/hadoop-ozone-reconcodegen/0.5.0-SNAPSHOT/hadoop-ozone-reconcodegen-0.5.0-SNAPSHOT.jar:/home/user/.m2/repository/com/google/inject/extensions/guice-multibindings/4.0/guice-multibindings-4.0.jar:/home/user/.m2/repository/com/google/inject/guice/4.0/guice-4.0.jar:/home/user/.m2/repository/aopalliance/aopalliance/1.0/aopalliance-1.0.jar:/home/user/.m2/repository/com/google/inject/extensions/guice-servlet/4.0/guice-servlet-4.0.jar:/home/user/.m2/repository/org/glassfish/jersey/containers/jersey-container-servlet/2.27/jersey-container-servlet-2.27.jar:/home/user/.m2/repository/org/glassfish/hk2/guice-bridge/2.5.0/guice-bridge-2.5.0.jar:/home/user/.m2/repository/org/glassfish/jersey/core/jersey-server/2.27/jersey-server-2.27.jar:/home/user/.m2/repository/org/glassfish/jersey/core/jersey-client/2.27/jersey-client-2.27.jar:/home/user/.m2/repository/org/glassfish/jersey/media/jersey-media-jaxb/2.27/jersey-media-jaxb-2.27.jar:/home/user/.m2/repository/javax/validation/validation-api/1.1.0.Final/validation-api-1.1.0.Final.jar:/home/user/.m2/repository/org/glassfish/jersey/media/jersey-media-json-jackson/2.27/jersey-media-json-jackson-2.27.jar:/home/user/.m2/repository/org/glassfish/jersey/ext/jersey-entity-filtering/2.27/jersey-entity-filtering-2.27.jar:/home/user/.m2/repository/com/google/inject/extensions/guice-assistedinject/4.0/guice-assistedinject-4.0.jar:/home/user/.m2/repository/org/jooq/jooq/3.11.10/jooq-3.11.10.jar:/home/user/.m2/repository/org/jooq/jooq-meta/3.11.10/jooq-meta-3.11.10.jar:/home/user/.m2/repository/org/jooq/jooq-codegen/3.11.10/jooq-codegen-3.11.10.jar:/home/user/.m2/repository/com/jolbox/bonecp/0.8.0.RELEASE/bonecp-0.8.0.RELEASE.jar:/home/user/.m2/repository/org/xerial/sqlite-jdbc/3.25.2/sqlite-jdbc-3.25.2.jar:/home/user/.m2/repository/org/springframework/spring-jdbc/5.1.3.RELEASE/spring-jdbc-5.1.3.RELEASE.jar:/home/user/.m2/repository/org/springframework/spring-beans/5.1.3.RELEASE/spring-beans-5.1.3.RELEASE.jar:/home/user/.m2/repository/org/springframework/spring-core/5.1.3.RELEASE/spring-core-5.1.3.RELEASE.jar:/home/user/.m2/repository/org/springframework/spring-jcl/5.1.3.RELEASE/spring-jcl-5.1.3.RELEASE.jar:/home/user/.m2/repository/org/springframework/spring-tx/5.1.3.RELEASE/spring-tx-5.1.3.RELEASE.jar:/home/user/.m2/repository/org/apache/hadoop/hadoop-ozone-client/0.5.0-SNAPSHOT/hadoop-ozone-client-0.5.0-SNAPSHOT.jar:/home/user/.m2/repository/commons-lang/commons-lang/2.6/commons-lang-2.6.jar:/home/user/.m2/repository/org/apache/hadoop/hadoop-ozone-ozone-manager/0.5.0-SNAPSHOT/hadoop-ozone-ozone-manager-0.5.0-SNAPSHOT-tests.jar:/home/user/.m2/repository/junit/junit/4.11/junit-4.11.jar:/home/user/.m2/repository/org/hamcrest/hamcrest-core/1.3/hamcrest-core-1.3.jar:/home/user/.m2/repository/org/openjdk/jmh/jmh-core/1.19/jmh-core-1.19.jar:/home/user/.m2/repository/net/sf/jopt-simple/jopt-simple/4.6/jopt-simple-4.6.jar:/home/user/.m2/repository/org/apache/commons/commons-math3/3.1.1/commons-math3-3.1.1.jar:/home/user/.m2/repository/org/openjdk/jmh/jmh-generator-annprocess/1.19/jmh-generator-annprocess-1.19.jar:/home/user/.m2/repository/org/mockito/mockito-all/1.8.5/mockito-all-1.8.5.jar:/home/user/.m2/repository/org/apache/hadoop/hadoop-kms/3.2.0/hadoop-kms-3.2.0.jar:/home/user/.m2/repository/org/apache/hadoop/hadoop-auth/3.2.0/hadoop-auth-3.2.0.jar:/home/user/.m2/repository/com/nimbusds/nimbus-jose-jwt/4.41.1/nimbus-jose-jwt-4.41.1.jar:/home/user/.m2/repository/com/github/stephenc/jcip/jcip-annotations/1.0-1/jcip-annotations-1.0-1.jar:/home/user/.m2/repository/net/minidev/json-smart/2.3/json-smart-2.3.jar:/home/user/.m2/repository/net/minidev/accessors-smart/1.2/accessors-smart-1.2.jar:/home/user/.m2/repository/org/ow2/asm/asm/5.0.4/asm-5.0.4.jar:/home/user/.m2/repository/org/apache/curator/curator-framework/2.12.0/curator-framework-2.12.0.jar:/home/user/.m2/repository/com/sun/jersey/jersey-core/1.19/jersey-core-1.19.jar:/home/user/.m2/repository/javax/ws/rs/jsr311-api/1.1.1/jsr311-api-1.1.1.jar:/home/user/.m2/repository/com/sun/jersey/jersey-server/1.19/jersey-server-1.19.jar:/home/user/.m2/repository/javax/servlet/javax.servlet-api/3.1.0/javax.servlet-api-3.1.0.jar:/home/user/.m2/repository/org/eclipse/jetty/jetty-server/9.3.25.v20180904/jetty-server-9.3.25.v20180904.jar:/home/user/.m2/repository/org/eclipse/jetty/jetty-http/9.3.25.v20180904/jetty-http-9.3.25.v20180904.jar:/home/user/.m2/repository/org/eclipse/jetty/jetty-io/9.3.25.v20180904/jetty-io-9.3.25.v20180904.jar:/home/user/.m2/repository/org/eclipse/jetty/jetty-webapp/9.3.25.v20180904/jetty-webapp-9.3.25.v20180904.jar:/home/user/.m2/repository/org/eclipse/jetty/jetty-xml/9.3.25.v20180904/jetty-xml-9.3.25.v20180904.jar:/home/user/.m2/repository/log4j/log4j/1.2.17/log4j-1.2.17.jar:/home/user/.m2/repository/org/slf4j/slf4j-api/1.7.25/slf4j-api-1.7.25.jar:/home/user/.m2/repository/org/slf4j/jul-to-slf4j/1.7.25/jul-to-slf4j-1.7.25.jar:/home/user/.m2/repository/org/eclipse/jetty/jetty-util/9.3.25.v20180904/jetty-util-9.3.25.v20180904.jar:/home/user/.m2/repository/com/fasterxml/jackson/core/jackson-databind/2.9.9/jackson-databind-2.9.9.jar:/home/user/.m2/repository/org/apache/hadoop/hadoop-kms/3.2.0/hadoop-kms-3.2.0-tests.jar:/home/user/.m2/repository/org/apache/hadoop/hadoop-hdds-server-scm/0.5.0-SNAPSHOT/hadoop-hdds-server-scm-0.5.0-SNAPSHOT-tests.jar:/home/user/.m2/repository/org/apache/hadoop/hadoop-hdds-container-service/0.5.0-SNAPSHOT/hadoop-hdds-container-service-0.5.0-SNAPSHOT-tests.jar:/home/user/.m2/repository/org/yaml/snakeyaml/1.16/snakeyaml-1.16.jar:/home/user/.m2/repository/org/apache/hadoop/hadoop-common/3.2.0/hadoop-common-3.2.0-tests.jar:/home/user/.m2/repository/org/apache/hadoop/hadoop-annotations/3.2.0/hadoop-annotations-3.2.0.jar:/usr/lib/jvm/java-1.8-openjdk/jre/../lib/tools.jar:/home/user/.m2/repository/commons-cli/commons-cli/1.2/commons-cli-1.2.jar:/home/user/.m2/repository/org/apache/httpcomponents/httpclient/4.5.2/httpclient-4.5.2.jar:/home/user/.m2/repository/org/apache/httpcomponents/httpcore/4.4.4/httpcore-4.4.4.jar:/home/user/.m2/repository/commons-codec/commons-codec/1.11/commons-codec-1.11.jar:/home/user/.m2/repository/commons-net/commons-net/3.6/commons-net-3.6.jar:/home/user/.m2/repository/commons-collections/commons-collections/3.2.2/commons-collections-3.2.2.jar:/home/user/.m2/repository/org/eclipse/jetty/jetty-servlet/9.3.25.v20180904/jetty-servlet-9.3.25.v20180904.jar:/home/user/.m2/repository/org/eclipse/jetty/jetty-security/9.3.25.v20180904/jetty-security-9.3.25.v20180904.jar:/home/user/.m2/repository/javax/servlet/jsp/jsp-api/2.1/jsp-api-2.1.jar:/home/user/.m2/repository/com/sun/jersey/jersey-servlet/1.19/jersey-servlet-1.19.jar:/home/user/.m2/repository/com/sun/jersey/jersey-json/1.19/jersey-json-1.19.jar:/home/user/.m2/repository/org/codehaus/jettison/jettison/1.1/jettison-1.1.jar:/home/user/.m2/repository/org/codehaus/jackson/jackson-core-asl/1.9.13/jackson-core-asl-1.9.13.jar:/home/user/.m2/repository/org/codehaus/jackson/jackson-mapper-asl/1.9.13/jackson-mapper-asl-1.9.13.jar:/home/user/.m2/repository/org/codehaus/jackson/jackson-jaxrs/1.9.13/jackson-jaxrs-1.9.13.jar:/home/user/.m2/repository/org/codehaus/jackson/jackson-xc/1.9.13/jackson-xc-1.9.13.jar:/home/user/.m2/repository/commons-logging/commons-logging/1.1.3/commons-logging-1.1.3.jar:/home/user/.m2/repository/commons-beanutils/commons-beanutils/1.9.4/commons-beanutils-1.9.4.jar:/home/user/.m2/repository/org/apache/commons/commons-configuration2/2.1.1/commons-configuration2-2.1.1.jar:/home/user/.m2/repository/org/apache/commons/commons-lang3/3.7/commons-lang3-3.7.jar:/home/user/.m2/repository/org/apache/commons/commons-text/1.4/commons-text-1.4.jar:/home/user/.m2/repository/org/apache/avro/avro/1.7.7/avro-1.7.7.jar:/home/user/.m2/repository/com/thoughtworks/paranamer/paranamer/2.3/paranamer-2.3.jar:/home/user/.m2/repository/org/xerial/snappy/snappy-java/1.0.5/snappy-java-1.0.5.jar:/home/user/.m2/repository/com/google/re2j/re2j/1.1/re2j-1.1.jar:/home/user/.m2/repository/com/google/code/gson/gson/2.2.4/gson-2.2.4.jar:/home/user/.m2/repository/com/jcraft/jsch/0.1.54/jsch-0.1.54.jar:/home/user/.m2/repository/org/apache/curator/curator-client/2.12.0/curator-client-2.12.0.jar:/home/user/.m2/repository/org/apache/curator/curator-recipes/2.12.0/curator-recipes-2.12.0.jar:/home/user/.m2/repository/com/google/code/findbugs/jsr305/3.0.0/jsr305-3.0.0.jar:/home/user/.m2/repository/org/apache/htrace/htrace-core4/4.1.0-incubating/htrace-core4-4.1.0-incubating.jar:/home/user/.m2/repository/org/apache/zookeeper/zookeeper/3.4.13/zookeeper-3.4.13.jar:/home/user/.m2/repository/jline/jline/0.9.94/jline-0.9.94.jar:/home/user/.m2/repository/org/apache/yetus/audience-annotations/0.5.0/audience-annotations-0.5.0.jar:/home/user/.m2/repository/org/codehaus/woodstox/stax2-api/3.1.4/stax2-api-3.1.4.jar:/home/user/.m2/repository/com/fasterxml/woodstox/woodstox-core/5.0.3/woodstox-core-5.0.3.jar:/home/user/.m2/repository/dnsjava/dnsjava/2.1.7/dnsjava-2.1.7.jar:/home/user/.m2/repository/org/apache/hadoop/hadoop-hdfs/3.2.0/hadoop-hdfs-3.2.0-tests.jar:/home/user/.m2/repository/org/eclipse/jetty/jetty-util-ajax/9.3.25.v20180904/jetty-util-ajax-9.3.25.v20180904.jar:/home/user/.m2/repository/commons-daemon/commons-daemon/1.0.13/commons-daemon-1.0.13.jar:/home/user/.m2/repository/io/netty/netty/3.10.5.Final/netty-3.10.5.Final.jar:/home/user/.m2/repository/io/netty/netty-all/4.0.52.Final/netty-all-4.0.52.Final.jar:/home/user/.m2/repository/org/fusesource/leveldbjni/leveldbjni-all/1.8/leveldbjni-all-1.8.jar:"/>
    <property name="java.vm.vendor" value="IcedTea"/>
    <property name="sun.arch.data.model" value="64"/>
    <property name="test.build.dir" value="/workdir/hadoop-ozone/integration-test/target/test-dir"/>
    <property name="test.cache.data" value=""/>
    <property name="java.vendor.url" value="https://icedtea.classpath.org"/>
    <property name="user.timezone" value=""/>
    <property name="java.vm.specification.version" value="1.8"/>
    <property name="os.name" value="Linux"/>
    <property name="test.build.data" value="/workdir/hadoop-ozone/integration-test/target/test-dir"/>
    <property name="user.country" value="US"/>
    <property name="sun.java.launcher" value="SUN_STANDARD"/>
    <property name="sun.boot.library.path" value="/usr/lib/jvm/java-1.8-openjdk/jre/lib/amd64"/>
    <property name="sun.java.command" value="/workdir/hadoop-ozone/integration-test/target/surefire/surefirebooter4861721588642626955.jar /workdir/hadoop-ozone/integration-test/target/surefire 2019-09-24T01-15-27_102-jvmRun1 surefire3027368208578016947tmp surefire_684254472113674437104tmp"/>
    <property name="test" value="!TestMiniChaosOzoneCluster"/>
    <property name="surefire.test.class.path" value="/workdir/hadoop-ozone/integration-test/target/test-classes:/workdir/hadoop-ozone/integration-test/target/classes:/home/user/.m2/repository/org/apache/hadoop/hadoop-ozone-common/0.5.0-SNAPSHOT/hadoop-ozone-common-0.5.0-SNAPSHOT.jar:/home/user/.m2/repository/org/apache/commons/commons-compress/1.4.1/commons-compress-1.4.1.jar:/home/user/.m2/repository/org/tukaani/xz/1.0/xz-1.0.jar:/home/user/.m2/repository/org/apache/hadoop/hadoop-common/3.2.0/hadoop-common-3.2.0.jar:/home/user/.m2/repository/org/apache/hadoop/hadoop-hdfs/3.2.0/hadoop-hdfs-3.2.0.jar:/home/user/.m2/repository/org/apache/hadoop/hadoop-hdfs-client/3.2.0/hadoop-hdfs-client-3.2.0.jar:/home/user/.m2/repository/com/fasterxml/jackson/core/jackson-annotations/2.9.9/jackson-annotations-2.9.9.jar:/home/user/.m2/repository/org/apache/hadoop/hadoop-hdds-common/0.5.0-SNAPSHOT/hadoop-hdds-common-0.5.0-SNAPSHOT.jar:/home/user/.m2/repository/javax/annotation/javax.annotation-api/1.2/javax.annotation-api-1.2.jar:/home/user/.m2/repository/org/apache/ratis/ratis-server/0.4.0/ratis-server-0.4.0.jar:/home/user/.m2/repository/org/apache/ratis/ratis-thirdparty-misc/0.2.0/ratis-thirdparty-misc-0.2.0.jar:/home/user/.m2/repository/org/apache/ratis/ratis-proto/0.4.0/ratis-proto-0.4.0.jar:/home/user/.m2/repository/org/apache/ratis/ratis-common/0.4.0/ratis-common-0.4.0.jar:/home/user/.m2/repository/org/apache/ratis/ratis-client/0.4.0/ratis-client-0.4.0.jar:/home/user/.m2/repository/org/apache/ratis/ratis-metrics/0.4.0/ratis-metrics-0.4.0.jar:/home/user/.m2/repository/com/github/joshelser/dropwizard-metrics-hadoop-metrics2-reporter/0.1.2/dropwizard-metrics-hadoop-metrics2-reporter-0.1.2.jar:/home/user/.m2/repository/io/dropwizard/metrics/metrics-jvm/3.2.5/metrics-jvm-3.2.5.jar:/home/user/.m2/repository/io/dropwizard/metrics/metrics-ganglia/3.2.5/metrics-ganglia-3.2.5.jar:/home/user/.m2/repository/info/ganglia/gmetric4j/gmetric4j/1.0.7/gmetric4j-1.0.7.jar:/home/user/.m2/repository/org/apache/ratis/ratis-netty/0.4.0/ratis-netty-0.4.0.jar:/home/user/.m2/repository/org/apache/ratis/ratis-grpc/0.4.0/ratis-grpc-0.4.0.jar:/home/user/.m2/repository/org/rocksdb/rocksdbjni/6.0.1/rocksdbjni-6.0.1.jar:/home/user/.m2/repository/org/apache/logging/log4j/log4j-api/2.11.0/log4j-api-2.11.0.jar:/home/user/.m2/repository/org/apache/logging/log4j/log4j-core/2.11.0/log4j-core-2.11.0.jar:/home/user/.m2/repository/com/lmax/disruptor/3.4.2/disruptor-3.4.2.jar:/home/user/.m2/repository/org/apache/commons/commons-pool2/2.6.0/commons-pool2-2.6.0.jar:/home/user/.m2/repository/org/bouncycastle/bcpkix-jdk15on/1.60/bcpkix-jdk15on-1.60.jar:/home/user/.m2/repository/commons-validator/commons-validator/1.6/commons-validator-1.6.jar:/home/user/.m2/repository/commons-digester/commons-digester/1.8.1/commons-digester-1.8.1.jar:/home/user/.m2/repository/io/jaegertracing/jaeger-client/0.34.0/jaeger-client-0.34.0.jar:/home/user/.m2/repository/io/jaegertracing/jaeger-thrift/0.34.0/jaeger-thrift-0.34.0.jar:/home/user/.m2/repository/org/apache/thrift/libthrift/0.12.0/libthrift-0.12.0.jar:/home/user/.m2/repository/com/squareup/okhttp3/okhttp/3.9.0/okhttp-3.9.0.jar:/home/user/.m2/repository/com/squareup/okio/okio/1.13.0/okio-1.13.0.jar:/home/user/.m2/repository/io/jaegertracing/jaeger-core/0.34.0/jaeger-core-0.34.0.jar:/home/user/.m2/repository/io/jaegertracing/jaeger-tracerresolver/0.34.0/jaeger-tracerresolver-0.34.0.jar:/home/user/.m2/repository/io/opentracing/contrib/opentracing-tracerresolver/0.1.5/opentracing-tracerresolver-0.1.5.jar:/home/user/.m2/repository/io/opentracing/opentracing-util/0.31.0/opentracing-util-0.31.0.jar:/home/user/.m2/repository/io/opentracing/opentracing-api/0.31.0/opentracing-api-0.31.0.jar:/home/user/.m2/repository/io/opentracing/opentracing-noop/0.31.0/opentracing-noop-0.31.0.jar:/home/user/.m2/repository/org/apache/hadoop/hadoop-hdds-server-framework/0.5.0-SNAPSHOT/hadoop-hdds-server-framework-0.5.0-SNAPSHOT.jar:/home/user/.m2/repository/org/apache/hadoop/hadoop-hdds-container-service/0.5.0-SNAPSHOT/hadoop-hdds-container-service-0.5.0-SNAPSHOT.jar:/home/user/.m2/repository/org/apache/hadoop/hadoop-hdds-client/0.5.0-SNAPSHOT/hadoop-hdds-client-0.5.0-SNAPSHOT.jar:/home/user/.m2/repository/org/apache/hadoop/hadoop-hdds-tools/0.5.0-SNAPSHOT/hadoop-hdds-tools-0.5.0-SNAPSHOT.jar:/home/user/.m2/repository/org/apache/hadoop/hadoop-hdds-server-scm/0.5.0-SNAPSHOT/hadoop-hdds-server-scm-0.5.0-SNAPSHOT.jar:/home/user/.m2/repository/org/apache/hadoop/hadoop-hdds-docs/0.5.0-SNAPSHOT/hadoop-hdds-docs-0.5.0-SNAPSHOT.jar:/home/user/.m2/repository/io/dropwizard/metrics/metrics-core/3.2.4/metrics-core-3.2.4.jar:/home/user/.m2/repository/org/hamcrest/hamcrest-all/1.3/hamcrest-all-1.3.jar:/home/user/.m2/repository/org/bouncycastle/bcprov-jdk15on/1.60/bcprov-jdk15on-1.60.jar:/home/user/.m2/repository/info/picocli/picocli/3.9.6/picocli-3.9.6.jar:/home/user/.m2/repository/com/google/protobuf/protobuf-java/2.5.0/protobuf-java-2.5.0.jar:/home/user/.m2/repository/com/google/guava/guava/11.0.2/guava-11.0.2.jar:/home/user/.m2/repository/org/apache/hadoop/hadoop-ozone-ozone-manager/0.5.0-SNAPSHOT/hadoop-ozone-ozone-manager-0.5.0-SNAPSHOT.jar:/home/user/.m2/repository/org/apache/hadoop/hadoop-minikdc/3.2.0/hadoop-minikdc-3.2.0.jar:/home/user/.m2/repository/commons-io/commons-io/2.5/commons-io-2.5.jar:/home/user/.m2/repository/org/apache/kerby/kerb-simplekdc/1.0.1/kerb-simplekdc-1.0.1.jar:/home/user/.m2/repository/org/apache/kerby/kerb-client/1.0.1/kerb-client-1.0.1.jar:/home/user/.m2/repository/org/apache/kerby/kerby-config/1.0.1/kerby-config-1.0.1.jar:/home/user/.m2/repository/org/apache/kerby/kerb-core/1.0.1/kerb-core-1.0.1.jar:/home/user/.m2/repository/org/apache/kerby/kerby-pkix/1.0.1/kerby-pkix-1.0.1.jar:/home/user/.m2/repository/org/apache/kerby/kerby-asn1/1.0.1/kerby-asn1-1.0.1.jar:/home/user/.m2/repository/org/apache/kerby/kerby-util/1.0.1/kerby-util-1.0.1.jar:/home/user/.m2/repository/org/apache/kerby/kerb-common/1.0.1/kerb-common-1.0.1.jar:/home/user/.m2/repository/org/apache/kerby/kerb-crypto/1.0.1/kerb-crypto-1.0.1.jar:/home/user/.m2/repository/org/apache/kerby/kerb-util/1.0.1/kerb-util-1.0.1.jar:/home/user/.m2/repository/org/apache/kerby/token-provider/1.0.1/token-provider-1.0.1.jar:/home/user/.m2/repository/org/apache/kerby/kerb-admin/1.0.1/kerb-admin-1.0.1.jar:/home/user/.m2/repository/org/apache/kerby/kerb-server/1.0.1/kerb-server-1.0.1.jar:/home/user/.m2/repository/org/apache/kerby/kerb-identity/1.0.1/kerb-identity-1.0.1.jar:/home/user/.m2/repository/org/apache/kerby/kerby-xdr/1.0.1/kerby-xdr-1.0.1.jar:/home/user/.m2/repository/org/slf4j/slf4j-log4j12/1.7.25/slf4j-log4j12-1.7.25.jar:/home/user/.m2/repository/org/apache/hadoop/hadoop-ozone-s3gateway/0.5.0-SNAPSHOT/hadoop-ozone-s3gateway-0.5.0-SNAPSHOT.jar:/home/user/.m2/repository/org/jboss/weld/servlet/weld-servlet/2.4.7.Final/weld-servlet-2.4.7.Final.jar:/home/user/.m2/repository/org/glassfish/jersey/containers/jersey-container-servlet-core/2.27/jersey-container-servlet-core-2.27.jar:/home/user/.m2/repository/org/glassfish/hk2/external/javax.inject/2.5.0-b42/javax.inject-2.5.0-b42.jar:/home/user/.m2/repository/org/glassfish/jersey/core/jersey-common/2.27/jersey-common-2.27.jar:/home/user/.m2/repository/org/glassfish/hk2/osgi-resource-locator/1.0.1/osgi-resource-locator-1.0.1.jar:/home/user/.m2/repository/javax/ws/rs/javax.ws.rs-api/2.1/javax.ws.rs-api-2.1.jar:/home/user/.m2/repository/org/glassfish/jersey/ext/cdi/jersey-cdi1x/2.27/jersey-cdi1x-2.27.jar:/home/user/.m2/repository/org/glassfish/jersey/inject/jersey-hk2/2.27/jersey-hk2-2.27.jar:/home/user/.m2/repository/org/glassfish/hk2/hk2-locator/2.5.0-b42/hk2-locator-2.5.0-b42.jar:/home/user/.m2/repository/org/javassist/javassist/3.22.0-CR2/javassist-3.22.0-CR2.jar:/home/user/.m2/repository/org/glassfish/hk2/hk2-api/2.5.0/hk2-api-2.5.0.jar:/home/user/.m2/repository/org/glassfish/hk2/external/jakarta.inject/2.5.0/jakarta.inject-2.5.0.jar:/home/user/.m2/repository/org/glassfish/hk2/hk2-utils/2.5.0/hk2-utils-2.5.0.jar:/home/user/.m2/repository/jakarta/annotation/jakarta.annotation-api/1.3.4/jakarta.annotation-api-1.3.4.jar:/home/user/.m2/repository/org/glassfish/hk2/external/aopalliance-repackaged/2.5.0/aopalliance-repackaged-2.5.0.jar:/home/user/.m2/repository/com/fasterxml/jackson/dataformat/jackson-dataformat-xml/2.9.0/jackson-dataformat-xml-2.9.0.jar:/home/user/.m2/repository/com/fasterxml/jackson/core/jackson-core/2.9.9/jackson-core-2.9.9.jar:/home/user/.m2/repository/com/fasterxml/jackson/module/jackson-module-jaxb-annotations/2.9.9/jackson-module-jaxb-annotations-2.9.9.jar:/home/user/.m2/repository/javax/enterprise/cdi-api/1.2/cdi-api-1.2.jar:/home/user/.m2/repository/javax/el/javax.el-api/3.0.0/javax.el-api-3.0.0.jar:/home/user/.m2/repository/javax/interceptor/javax.interceptor-api/1.2/javax.interceptor-api-1.2.jar:/home/user/.m2/repository/javax/inject/javax.inject/1/javax.inject-1.jar:/home/user/.m2/repository/com/sun/xml/bind/jaxb-impl/2.3.0.1/jaxb-impl-2.3.0.1.jar:/home/user/.m2/repository/com/sun/xml/bind/jaxb-core/2.3.0.1/jaxb-core-2.3.0.1.jar:/home/user/.m2/repository/javax/xml/bind/jaxb-api/2.3.0/jaxb-api-2.3.0.jar:/home/user/.m2/repository/javax/activation/activation/1.1.1/activation-1.1.1.jar:/home/user/.m2/repository/org/apache/hadoop/hadoop-ozone-csi/0.5.0-SNAPSHOT/hadoop-ozone-csi-0.5.0-SNAPSHOT.jar:/home/user/.m2/repository/com/google/protobuf/protobuf-java-util/3.5.1/protobuf-java-util-3.5.1.jar:/home/user/.m2/repository/org/apache/hadoop/hadoop-hdds-config/0.5.0-SNAPSHOT/hadoop-hdds-config-0.5.0-SNAPSHOT.jar:/home/user/.m2/repository/io/grpc/grpc-netty/1.17.1/grpc-netty-1.17.1.jar:/home/user/.m2/repository/io/grpc/grpc-core/1.17.1/grpc-core-1.17.1.jar:/home/user/.m2/repository/io/grpc/grpc-context/1.17.1/grpc-context-1.17.1.jar:/home/user/.m2/repository/com/google/errorprone/error_prone_annotations/2.2.0/error_prone_annotations-2.2.0.jar:/home/user/.m2/repository/org/codehaus/mojo/animal-sniffer-annotations/1.17/animal-sniffer-annotations-1.17.jar:/home/user/.m2/repository/io/opencensus/opencensus-api/0.17.0/opencensus-api-0.17.0.jar:/home/user/.m2/repository/io/opencensus/opencensus-contrib-grpc-metrics/0.17.0/opencensus-contrib-grpc-metrics-0.17.0.jar:/home/user/.m2/repository/io/netty/netty-codec-http2/4.1.30.Final/netty-codec-http2-4.1.30.Final.jar:/home/user/.m2/repository/io/netty/netty-codec-http/4.1.30.Final/netty-codec-http-4.1.30.Final.jar:/home/user/.m2/repository/io/netty/netty-codec/4.1.30.Final/netty-codec-4.1.30.Final.jar:/home/user/.m2/repository/io/netty/netty-handler/4.1.30.Final/netty-handler-4.1.30.Final.jar:/home/user/.m2/repository/io/netty/netty-handler-proxy/4.1.30.Final/netty-handler-proxy-4.1.30.Final.jar:/home/user/.m2/repository/io/netty/netty-codec-socks/4.1.30.Final/netty-codec-socks-4.1.30.Final.jar:/home/user/.m2/repository/io/netty/netty-transport-native-epoll/4.1.30.Final/netty-transport-native-epoll-4.1.30.Final.jar:/home/user/.m2/repository/io/netty/netty-common/4.1.30.Final/netty-common-4.1.30.Final.jar:/home/user/.m2/repository/io/netty/netty-buffer/4.1.30.Final/netty-buffer-4.1.30.Final.jar:/home/user/.m2/repository/io/netty/netty-transport/4.1.30.Final/netty-transport-4.1.30.Final.jar:/home/user/.m2/repository/io/netty/netty-resolver/4.1.30.Final/netty-resolver-4.1.30.Final.jar:/home/user/.m2/repository/io/netty/netty-transport-native-unix-common/4.1.30.Final/netty-transport-native-unix-common-4.1.30.Final.jar:/home/user/.m2/repository/io/grpc/grpc-protobuf/1.17.1/grpc-protobuf-1.17.1.jar:/home/user/.m2/repository/com/google/api/grpc/proto-google-common-protos/1.0.0/proto-google-common-protos-1.0.0.jar:/home/user/.m2/repository/io/grpc/grpc-protobuf-lite/1.17.1/grpc-protobuf-lite-1.17.1.jar:/home/user/.m2/repository/io/grpc/grpc-stub/1.17.1/grpc-stub-1.17.1.jar:/home/user/.m2/repository/org/apache/hadoop/hadoop-ozone-recon/0.5.0-SNAPSHOT/hadoop-ozone-recon-0.5.0-SNAPSHOT.jar:/home/user/.m2/repository/org/apache/hadoop/hadoop-ozone-reconcodegen/0.5.0-SNAPSHOT/hadoop-ozone-reconcodegen-0.5.0-SNAPSHOT.jar:/home/user/.m2/repository/com/google/inject/extensions/guice-multibindings/4.0/guice-multibindings-4.0.jar:/home/user/.m2/repository/com/google/inject/guice/4.0/guice-4.0.jar:/home/user/.m2/repository/aopalliance/aopalliance/1.0/aopalliance-1.0.jar:/home/user/.m2/repository/com/google/inject/extensions/guice-servlet/4.0/guice-servlet-4.0.jar:/home/user/.m2/repository/org/glassfish/jersey/containers/jersey-container-servlet/2.27/jersey-container-servlet-2.27.jar:/home/user/.m2/repository/org/glassfish/hk2/guice-bridge/2.5.0/guice-bridge-2.5.0.jar:/home/user/.m2/repository/org/glassfish/jersey/core/jersey-server/2.27/jersey-server-2.27.jar:/home/user/.m2/repository/org/glassfish/jersey/core/jersey-client/2.27/jersey-client-2.27.jar:/home/user/.m2/repository/org/glassfish/jersey/media/jersey-media-jaxb/2.27/jersey-media-jaxb-2.27.jar:/home/user/.m2/repository/javax/validation/validation-api/1.1.0.Final/validation-api-1.1.0.Final.jar:/home/user/.m2/repository/org/glassfish/jersey/media/jersey-media-json-jackson/2.27/jersey-media-json-jackson-2.27.jar:/home/user/.m2/repository/org/glassfish/jersey/ext/jersey-entity-filtering/2.27/jersey-entity-filtering-2.27.jar:/home/user/.m2/repository/com/google/inject/extensions/guice-assistedinject/4.0/guice-assistedinject-4.0.jar:/home/user/.m2/repository/org/jooq/jooq/3.11.10/jooq-3.11.10.jar:/home/user/.m2/repository/org/jooq/jooq-meta/3.11.10/jooq-meta-3.11.10.jar:/home/user/.m2/repository/org/jooq/jooq-codegen/3.11.10/jooq-codegen-3.11.10.jar:/home/user/.m2/repository/com/jolbox/bonecp/0.8.0.RELEASE/bonecp-0.8.0.RELEASE.jar:/home/user/.m2/repository/org/xerial/sqlite-jdbc/3.25.2/sqlite-jdbc-3.25.2.jar:/home/user/.m2/repository/org/springframework/spring-jdbc/5.1.3.RELEASE/spring-jdbc-5.1.3.RELEASE.jar:/home/user/.m2/repository/org/springframework/spring-beans/5.1.3.RELEASE/spring-beans-5.1.3.RELEASE.jar:/home/user/.m2/repository/org/springframework/spring-core/5.1.3.RELEASE/spring-core-5.1.3.RELEASE.jar:/home/user/.m2/repository/org/springframework/spring-jcl/5.1.3.RELEASE/spring-jcl-5.1.3.RELEASE.jar:/home/user/.m2/repository/org/springframework/spring-tx/5.1.3.RELEASE/spring-tx-5.1.3.RELEASE.jar:/home/user/.m2/repository/org/apache/hadoop/hadoop-ozone-client/0.5.0-SNAPSHOT/hadoop-ozone-client-0.5.0-SNAPSHOT.jar:/home/user/.m2/repository/commons-lang/commons-lang/2.6/commons-lang-2.6.jar:/home/user/.m2/repository/org/apache/hadoop/hadoop-ozone-ozone-manager/0.5.0-SNAPSHOT/hadoop-ozone-ozone-manager-0.5.0-SNAPSHOT-tests.jar:/home/user/.m2/repository/junit/junit/4.11/junit-4.11.jar:/home/user/.m2/repository/org/hamcrest/hamcrest-core/1.3/hamcrest-core-1.3.jar:/home/user/.m2/repository/org/openjdk/jmh/jmh-core/1.19/jmh-core-1.19.jar:/home/user/.m2/repository/net/sf/jopt-simple/jopt-simple/4.6/jopt-simple-4.6.jar:/home/user/.m2/repository/org/apache/commons/commons-math3/3.1.1/commons-math3-3.1.1.jar:/home/user/.m2/repository/org/openjdk/jmh/jmh-generator-annprocess/1.19/jmh-generator-annprocess-1.19.jar:/home/user/.m2/repository/org/mockito/mockito-all/1.8.5/mockito-all-1.8.5.jar:/home/user/.m2/repository/org/apache/hadoop/hadoop-kms/3.2.0/hadoop-kms-3.2.0.jar:/home/user/.m2/repository/org/apache/hadoop/hadoop-auth/3.2.0/hadoop-auth-3.2.0.jar:/home/user/.m2/repository/com/nimbusds/nimbus-jose-jwt/4.41.1/nimbus-jose-jwt-4.41.1.jar:/home/user/.m2/repository/com/github/stephenc/jcip/jcip-annotations/1.0-1/jcip-annotations-1.0-1.jar:/home/user/.m2/repository/net/minidev/json-smart/2.3/json-smart-2.3.jar:/home/user/.m2/repository/net/minidev/accessors-smart/1.2/accessors-smart-1.2.jar:/home/user/.m2/repository/org/ow2/asm/asm/5.0.4/asm-5.0.4.jar:/home/user/.m2/repository/org/apache/curator/curator-framework/2.12.0/curator-framework-2.12.0.jar:/home/user/.m2/repository/com/sun/jersey/jersey-core/1.19/jersey-core-1.19.jar:/home/user/.m2/repository/javax/ws/rs/jsr311-api/1.1.1/jsr311-api-1.1.1.jar:/home/user/.m2/repository/com/sun/jersey/jersey-server/1.19/jersey-server-1.19.jar:/home/user/.m2/repository/javax/servlet/javax.servlet-api/3.1.0/javax.servlet-api-3.1.0.jar:/home/user/.m2/repository/org/eclipse/jetty/jetty-server/9.3.25.v20180904/jetty-server-9.3.25.v20180904.jar:/home/user/.m2/repository/org/eclipse/jetty/jetty-http/9.3.25.v20180904/jetty-http-9.3.25.v20180904.jar:/home/user/.m2/repository/org/eclipse/jetty/jetty-io/9.3.25.v20180904/jetty-io-9.3.25.v20180904.jar:/home/user/.m2/repository/org/eclipse/jetty/jetty-webapp/9.3.25.v20180904/jetty-webapp-9.3.25.v20180904.jar:/home/user/.m2/repository/org/eclipse/jetty/jetty-xml/9.3.25.v20180904/jetty-xml-9.3.25.v20180904.jar:/home/user/.m2/repository/log4j/log4j/1.2.17/log4j-1.2.17.jar:/home/user/.m2/repository/org/slf4j/slf4j-api/1.7.25/slf4j-api-1.7.25.jar:/home/user/.m2/repository/org/slf4j/jul-to-slf4j/1.7.25/jul-to-slf4j-1.7.25.jar:/home/user/.m2/repository/org/eclipse/jetty/jetty-util/9.3.25.v20180904/jetty-util-9.3.25.v20180904.jar:/home/user/.m2/repository/com/fasterxml/jackson/core/jackson-databind/2.9.9/jackson-databind-2.9.9.jar:/home/user/.m2/repository/org/apache/hadoop/hadoop-kms/3.2.0/hadoop-kms-3.2.0-tests.jar:/home/user/.m2/repository/org/apache/hadoop/hadoop-hdds-server-scm/0.5.0-SNAPSHOT/hadoop-hdds-server-scm-0.5.0-SNAPSHOT-tests.jar:/home/user/.m2/repository/org/apache/hadoop/hadoop-hdds-container-service/0.5.0-SNAPSHOT/hadoop-hdds-container-service-0.5.0-SNAPSHOT-tests.jar:/home/user/.m2/repository/org/yaml/snakeyaml/1.16/snakeyaml-1.16.jar:/home/user/.m2/repository/org/apache/hadoop/hadoop-common/3.2.0/hadoop-common-3.2.0-tests.jar:/home/user/.m2/repository/org/apache/hadoop/hadoop-annotations/3.2.0/hadoop-annotations-3.2.0.jar:/usr/lib/jvm/java-1.8-openjdk/jre/../lib/tools.jar:/home/user/.m2/repository/commons-cli/commons-cli/1.2/commons-cli-1.2.jar:/home/user/.m2/repository/org/apache/httpcomponents/httpclient/4.5.2/httpclient-4.5.2.jar:/home/user/.m2/repository/org/apache/httpcomponents/httpcore/4.4.4/httpcore-4.4.4.jar:/home/user/.m2/repository/commons-codec/commons-codec/1.11/commons-codec-1.11.jar:/home/user/.m2/repository/commons-net/commons-net/3.6/commons-net-3.6.jar:/home/user/.m2/repository/commons-collections/commons-collections/3.2.2/commons-collections-3.2.2.jar:/home/user/.m2/repository/org/eclipse/jetty/jetty-servlet/9.3.25.v20180904/jetty-servlet-9.3.25.v20180904.jar:/home/user/.m2/repository/org/eclipse/jetty/jetty-security/9.3.25.v20180904/jetty-security-9.3.25.v20180904.jar:/home/user/.m2/repository/javax/servlet/jsp/jsp-api/2.1/jsp-api-2.1.jar:/home/user/.m2/repository/com/sun/jersey/jersey-servlet/1.19/jersey-servlet-1.19.jar:/home/user/.m2/repository/com/sun/jersey/jersey-json/1.19/jersey-json-1.19.jar:/home/user/.m2/repository/org/codehaus/jettison/jettison/1.1/jettison-1.1.jar:/home/user/.m2/repository/org/codehaus/jackson/jackson-core-asl/1.9.13/jackson-core-asl-1.9.13.jar:/home/user/.m2/repository/org/codehaus/jackson/jackson-mapper-asl/1.9.13/jackson-mapper-asl-1.9.13.jar:/home/user/.m2/repository/org/codehaus/jackson/jackson-jaxrs/1.9.13/jackson-jaxrs-1.9.13.jar:/home/user/.m2/repository/org/codehaus/jackson/jackson-xc/1.9.13/jackson-xc-1.9.13.jar:/home/user/.m2/repository/commons-logging/commons-logging/1.1.3/commons-logging-1.1.3.jar:/home/user/.m2/repository/commons-beanutils/commons-beanutils/1.9.4/commons-beanutils-1.9.4.jar:/home/user/.m2/repository/org/apache/commons/commons-configuration2/2.1.1/commons-configuration2-2.1.1.jar:/home/user/.m2/repository/org/apache/commons/commons-lang3/3.7/commons-lang3-3.7.jar:/home/user/.m2/repository/org/apache/commons/commons-text/1.4/commons-text-1.4.jar:/home/user/.m2/repository/org/apache/avro/avro/1.7.7/avro-1.7.7.jar:/home/user/.m2/repository/com/thoughtworks/paranamer/paranamer/2.3/paranamer-2.3.jar:/home/user/.m2/repository/org/xerial/snappy/snappy-java/1.0.5/snappy-java-1.0.5.jar:/home/user/.m2/repository/com/google/re2j/re2j/1.1/re2j-1.1.jar:/home/user/.m2/repository/com/google/code/gson/gson/2.2.4/gson-2.2.4.jar:/home/user/.m2/repository/com/jcraft/jsch/0.1.54/jsch-0.1.54.jar:/home/user/.m2/repository/org/apache/curator/curator-client/2.12.0/curator-client-2.12.0.jar:/home/user/.m2/repository/org/apache/curator/curator-recipes/2.12.0/curator-recipes-2.12.0.jar:/home/user/.m2/repository/com/google/code/findbugs/jsr305/3.0.0/jsr305-3.0.0.jar:/home/user/.m2/repository/org/apache/htrace/htrace-core4/4.1.0-incubating/htrace-core4-4.1.0-incubating.jar:/home/user/.m2/repository/org/apache/zookeeper/zookeeper/3.4.13/zookeeper-3.4.13.jar:/home/user/.m2/repository/jline/jline/0.9.94/jline-0.9.94.jar:/home/user/.m2/repository/org/apache/yetus/audience-annotations/0.5.0/audience-annotations-0.5.0.jar:/home/user/.m2/repository/org/codehaus/woodstox/stax2-api/3.1.4/stax2-api-3.1.4.jar:/home/user/.m2/repository/com/fasterxml/woodstox/woodstox-core/5.0.3/woodstox-core-5.0.3.jar:/home/user/.m2/repository/dnsjava/dnsjava/2.1.7/dnsjava-2.1.7.jar:/home/user/.m2/repository/org/apache/hadoop/hadoop-hdfs/3.2.0/hadoop-hdfs-3.2.0-tests.jar:/home/user/.m2/repository/org/eclipse/jetty/jetty-util-ajax/9.3.25.v20180904/jetty-util-ajax-9.3.25.v20180904.jar:/home/user/.m2/repository/commons-daemon/commons-daemon/1.0.13/commons-daemon-1.0.13.jar:/home/user/.m2/repository/io/netty/netty/3.10.5.Final/netty-3.10.5.Final.jar:/home/user/.m2/repository/io/netty/netty-all/4.0.52.Final/netty-all-4.0.52.Final.jar:/home/user/.m2/repository/org/fusesource/leveldbjni/leveldbjni-all/1.8/leveldbjni-all-1.8.jar:"/>
    <property name="sun.cpu.endian" value="little"/>
    <property name="user.home" value="/home/user"/>
    <property name="user.language" value="en"/>
    <property name="java.specification.vendor" value="Oracle Corporation"/>
    <property name="java.home" value="/usr/lib/jvm/java-1.8-openjdk/jre"/>
    <property name="java.security.krb5.conf" value="/workdir/hadoop-ozone/integration-test/target/test-classes/krb5.conf"/>
    <property name="basedir" value="/workdir/hadoop-ozone/integration-test"/>
    <property name="file.separator" value="/"/>
    <property name="line.separator" value="&#10;"/>
    <property name="java.vm.specification.vendor" value="Oracle Corporation"/>
    <property name="java.specification.name" value="Java Platform API Specification"/>
    <property name="java.awt.graphicsenv" value="sun.awt.X11GraphicsEnvironment"/>
    <property name="surefire.real.class.path" value="/workdir/hadoop-ozone/integration-test/target/surefire/surefirebooter4861721588642626955.jar"/>
    <property name="hadoop.log.dir" value="/workdir/hadoop-ozone/integration-test/target/log"/>
    <property name="sun.boot.class.path" value="/usr/lib/jvm/java-1.8-openjdk/jre/lib/resources.jar:/usr/lib/jvm/java-1.8-openjdk/jre/lib/rt.jar:/usr/lib/jvm/java-1.8-openjdk/jre/lib/sunrsasign.jar:/usr/lib/jvm/java-1.8-openjdk/jre/lib/jsse.jar:/usr/lib/jvm/java-1.8-openjdk/jre/lib/jce.jar:/usr/lib/jvm/java-1.8-openjdk/jre/lib/charsets.jar:/usr/lib/jvm/java-1.8-openjdk/jre/lib/jfr.jar:/usr/lib/jvm/java-1.8-openjdk/jre/classes"/>
    <property name="sun.management.compiler" value="HotSpot 64-Bit Tiered Compilers"/>
    <property name="java.runtime.version" value="1.8.0_212-b04"/>
    <property name="java.net.preferIPv4Stack" value="true"/>
    <property name="user.name" value="jenkins1000"/>
    <property name="path.separator" value=":"/>
    <property name="java.security.egd" value="file:///dev/urandom"/>
    <property name="os.version" value="3.10.0-957.12.2.el7.x86_64"/>
    <property name="java.endorsed.dirs" value="/usr/lib/jvm/java-1.8-openjdk/jre/lib/endorsed"/>
    <property name="java.runtime.name" value="OpenJDK Runtime Environment"/>
    <property name="file.encoding" value="UTF-8"/>
    <property name="java.vm.name" value="OpenJDK 64-Bit Server VM"/>
    <property name="test.build.webapps" value=""/>
    <property name="localRepository" value="/home/user/.m2/repository"/>
    <property name="java.vendor.url.bug" value="https://icedtea.classpath.org/bugzilla"/>
    <property name="java.io.tmpdir" value="/tmp"/>
    <property name="require.test.libhadoop" value=""/>
    <property name="java.version" value="1.8.0_212"/>
    <property name="user.dir" value="/workdir/hadoop-ozone/integration-test"/>
    <property name="os.arch" value="amd64"/>
    <property name="java.vm.specification.name" value="Java Virtual Machine Specification"/>
    <property name="test.build.classes" value="/workdir/hadoop-ozone/integration-test/target/test-classes"/>
    <property name="java.awt.printerjob" value="sun.print.PSPrinterJob"/>
    <property name="sun.os.patch.level" value="unknown"/>
    <property name="hadoop.tmp.dir" value="/workdir/hadoop-ozone/integration-test/target/tmp"/>
    <property name="java.library.path" value="/usr/lib/jvm/java-1.8-openjdk/jre/lib/amd64/server:/usr/lib/jvm/java-1.8-openjdk/jre/lib/amd64:/usr/lib/jvm/java-1.8-openjdk/jre/../lib/amd64:/workdir/hadoop-ozone/integration-test/target/native/target/usr/local/lib:/workdir/hadoop-ozone/integration-test/../../hadoop-common-project/hadoop-common/target/native/target/usr/local/lib:/usr/java/packages/lib/amd64:/usr/lib64:/lib64:/lib:/usr/lib"/>
    <property name="java.vm.info" value="mixed mode"/>
    <property name="java.vendor" value="IcedTea"/>
    <property name="java.vm.version" value="25.212-b04"/>
    <property name="java.ext.dirs" value="/usr/lib/jvm/java-1.8-openjdk/jre/lib/ext:/usr/java/packages/lib/ext"/>
    <property name="sun.io.unicode.encoding" value="UnicodeLittle"/>
    <property name="java.class.version" value="52.0"/>
  </properties>
  <testcase name="testGroupMismatchExceptionHandling" classname="org.apache.hadoop.ozone.client.rpc.TestOzoneClientRetriesOnException" time="141.014">
    <error message="Connection refused" type="java.net.ConnectException"><![CDATA[java.net.ConnectException: Connection refused
	at sun.nio.ch.SocketChannelImpl.checkConnect(Native Method)
	at sun.nio.ch.SocketChannelImpl.finishConnect(SocketChannelImpl.java:717)
	at org.apache.hadoop.net.SocketIOWithTimeout.connect(SocketIOWithTimeout.java:206)
	at org.apache.hadoop.net.NetUtils.connect(NetUtils.java:531)
	at org.apache.hadoop.ipc.Client$Connection.setupConnection(Client.java:690)
	at org.apache.hadoop.ipc.Client$Connection.setupIOstreams(Client.java:794)
	at org.apache.hadoop.ipc.Client$Connection.access$3700(Client.java:411)
	at org.apache.hadoop.ipc.Client.getConnection(Client.java:1572)
	at org.apache.hadoop.ipc.Client.call(Client.java:1403)
	at org.apache.hadoop.ipc.Client.call(Client.java:1367)
	at org.apache.hadoop.ipc.ProtobufRpcEngine$Invoker.invoke(ProtobufRpcEngine.java:228)
	at org.apache.hadoop.ipc.ProtobufRpcEngine$Invoker.invoke(ProtobufRpcEngine.java:116)
	at com.sun.proxy.$Proxy36.submitRequest(Unknown Source)
	at sun.reflect.NativeMethodAccessorImpl.invoke0(Native Method)
	at sun.reflect.NativeMethodAccessorImpl.invoke(NativeMethodAccessorImpl.java:62)
	at sun.reflect.DelegatingMethodAccessorImpl.invoke(DelegatingMethodAccessorImpl.java:43)
	at java.lang.reflect.Method.invoke(Method.java:498)
	at org.apache.hadoop.io.retry.RetryInvocationHandler.invokeMethod(RetryInvocationHandler.java:422)
	at org.apache.hadoop.io.retry.RetryInvocationHandler$Call.invokeMethod(RetryInvocationHandler.java:165)
	at org.apache.hadoop.io.retry.RetryInvocationHandler$Call.invoke(RetryInvocationHandler.java:157)
	at org.apache.hadoop.io.retry.RetryInvocationHandler$Call.invokeOnce(RetryInvocationHandler.java:95)
	at org.apache.hadoop.io.retry.RetryInvocationHandler.invoke(RetryInvocationHandler.java:359)
	at com.sun.proxy.$Proxy36.submitRequest(Unknown Source)
	at org.apache.hadoop.ozone.om.protocolPB.OzoneManagerProtocolClientSideTranslatorPB.submitRequest(OzoneManagerProtocolClientSideTranslatorPB.java:338)
	at org.apache.hadoop.ozone.om.protocolPB.OzoneManagerProtocolClientSideTranslatorPB.getServiceInfo(OzoneManagerProtocolClientSideTranslatorPB.java:1223)
	at sun.reflect.NativeMethodAccessorImpl.invoke0(Native Method)
	at sun.reflect.NativeMethodAccessorImpl.invoke(NativeMethodAccessorImpl.java:62)
	at sun.reflect.DelegatingMethodAccessorImpl.invoke(DelegatingMethodAccessorImpl.java:43)
	at java.lang.reflect.Method.invoke(Method.java:498)
	at org.apache.hadoop.hdds.tracing.TraceAllMethod.invoke(TraceAllMethod.java:66)
	at com.sun.proxy.$Proxy37.getServiceInfo(Unknown Source)
	at org.apache.hadoop.ozone.client.rpc.RpcClient.<init>(RpcClient.java:154)
	at org.apache.hadoop.ozone.client.OzoneClientFactory.getClientProtocol(OzoneClientFactory.java:256)
	at org.apache.hadoop.ozone.client.OzoneClientFactory.getClientProtocol(OzoneClientFactory.java:239)
	at org.apache.hadoop.ozone.client.OzoneClientFactory.getClient(OzoneClientFactory.java:75)
	at org.apache.hadoop.ozone.client.rpc.TestOzoneClientRetriesOnException.init(TestOzoneClientRetriesOnException.java:102)
	at sun.reflect.NativeMethodAccessorImpl.invoke0(Native Method)
	at sun.reflect.NativeMethodAccessorImpl.invoke(NativeMethodAccessorImpl.java:62)
	at sun.reflect.DelegatingMethodAccessorImpl.invoke(DelegatingMethodAccessorImpl.java:43)
	at java.lang.reflect.Method.invoke(Method.java:498)
	at org.junit.runners.model.FrameworkMethod$1.runReflectiveCall(FrameworkMethod.java:47)
	at org.junit.internal.runners.model.ReflectiveCallable.run(ReflectiveCallable.java:12)
	at org.junit.runners.model.FrameworkMethod.invokeExplosively(FrameworkMethod.java:44)
	at org.junit.internal.runners.statements.RunBefores.evaluate(RunBefores.java:24)
	at org.junit.internal.runners.statements.RunAfters.evaluate(RunAfters.java:27)
	at org.junit.runners.ParentRunner.runLeaf(ParentRunner.java:271)
	at org.junit.runners.BlockJUnit4ClassRunner.runChild(BlockJUnit4ClassRunner.java:70)
	at org.junit.runners.BlockJUnit4ClassRunner.runChild(BlockJUnit4ClassRunner.java:50)
	at org.junit.runners.ParentRunner$3.run(ParentRunner.java:238)
	at org.junit.runners.ParentRunner$1.schedule(ParentRunner.java:63)
	at org.junit.runners.ParentRunner.runChildren(ParentRunner.java:236)
	at org.junit.runners.ParentRunner.access$000(ParentRunner.java:53)
	at org.junit.runners.ParentRunner$2.evaluate(ParentRunner.java:229)
	at org.junit.runners.ParentRunner.run(ParentRunner.java:309)
	at org.apache.maven.surefire.junit4.JUnit4Provider.execute(JUnit4Provider.java:365)
	at org.apache.maven.surefire.junit4.JUnit4Provider.executeWithRerun(JUnit4Provider.java:273)
	at org.apache.maven.surefire.junit4.JUnit4Provider.executeTestSet(JUnit4Provider.java:238)
	at org.apache.maven.surefire.junit4.JUnit4Provider.invoke(JUnit4Provider.java:159)
	at org.apache.maven.surefire.booter.ForkedBooter.invokeProviderInSameClassLoader(ForkedBooter.java:384)
	at org.apache.maven.surefire.booter.ForkedBooter.runSuitesInProcess(ForkedBooter.java:345)
	at org.apache.maven.surefire.booter.ForkedBooter.execute(ForkedBooter.java:126)
	at org.apache.maven.surefire.booter.ForkedBooter.main(ForkedBooter.java:418)
]]></error>
    <system-out><![CDATA[2019-09-24 03:07:20,518 [main] WARN  server.ServerUtils (ServerUtils.java:getScmDbDir(145)) - ozone.scm.db.dirs is not configured. We recommend adding this setting. Falling back to ozone.metadata.dirs instead.
2019-09-24 03:07:20,618 [main] WARN  server.ServerUtils (ServerUtils.java:getScmDbDir(145)) - ozone.scm.db.dirs is not configured. We recommend adding this setting. Falling back to ozone.metadata.dirs instead.
2019-09-24 03:07:20,622 [main] WARN  server.ServerUtils (ServerUtils.java:getScmDbDir(145)) - ozone.scm.db.dirs is not configured. We recommend adding this setting. Falling back to ozone.metadata.dirs instead.
2019-09-24 03:07:20,639 [main] INFO  util.log (Log.java:initialized(192)) - Logging initialized @929ms
2019-09-24 03:07:20,730 [main] INFO  db.DBStoreBuilder (DBStoreBuilder.java:addTable(110)) - using custom profile for table: deletedBlocks
2019-09-24 03:07:20,731 [main] INFO  db.DBStoreBuilder (DBStoreBuilder.java:processTables(161)) - Using default column profile:DBProfile.DISK for Table:deletedBlocks
2019-09-24 03:07:20,731 [main] INFO  db.DBStoreBuilder (DBStoreBuilder.java:addTable(110)) - using custom profile for table: validCerts
2019-09-24 03:07:20,731 [main] INFO  db.DBStoreBuilder (DBStoreBuilder.java:processTables(161)) - Using default column profile:DBProfile.DISK for Table:validCerts
2019-09-24 03:07:20,732 [main] INFO  db.DBStoreBuilder (DBStoreBuilder.java:addTable(110)) - using custom profile for table: revokedCerts
2019-09-24 03:07:20,732 [main] INFO  db.DBStoreBuilder (DBStoreBuilder.java:processTables(161)) - Using default column profile:DBProfile.DISK for Table:revokedCerts
2019-09-24 03:07:20,744 [main] INFO  db.DBStoreBuilder (DBStoreBuilder.java:addTable(110)) - using custom profile for table: default
2019-09-24 03:07:20,744 [main] INFO  db.DBStoreBuilder (DBStoreBuilder.java:processTables(167)) - Using default column profile:DBProfile.DISK for Table:default
2019-09-24 03:07:20,745 [main] INFO  db.DBStoreBuilder (DBStoreBuilder.java:getDbProfile(198)) - Using default options. DBProfile.DISK
2019-09-24 03:07:20,881 [main] INFO  net.NodeSchemaLoader (NodeSchemaLoader.java:loadSchemaFromFile(125)) - Loading file from sun.misc.CompoundEnumeration@34123d65
2019-09-24 03:07:20,882 [main] INFO  net.NodeSchemaLoader (NodeSchemaLoader.java:loadSchema(171)) - Loading network topology layer schema file
2019-09-24 03:07:20,946 [main] WARN  server.ServerUtils (ServerUtils.java:sanitizeUserArgs(70)) - ozone.scm.stale.node.interval value = 300000 is larger than max = 100000 based on the key value of ozone.scm.heartbeat.thread.interval, reset to the max value 100000.
2019-09-24 03:07:20,948 [main] WARN  server.ServerUtils (ServerUtils.java:sanitizeUserArgs(70)) - ozone.scm.stale.node.interval value = 300000 is larger than max = 100000 based on the key value of ozone.scm.heartbeat.thread.interval, reset to the max value 100000.
2019-09-24 03:07:20,950 [main] INFO  node.SCMNodeManager (SCMNodeManager.java:<init>(114)) - Entering startup safe mode.
2019-09-24 03:07:21,016 [main] INFO  algorithms.ContainerPlacementPolicyFactory (ContainerPlacementPolicyFactory.java:getPolicy(57)) - Create container placement policy of type org.apache.hadoop.hdds.scm.container.placement.algorithms.SCMContainerPlacementRandom
2019-09-24 03:07:21,030 [main] WARN  server.ServerUtils (ServerUtils.java:getScmDbDir(145)) - ozone.scm.db.dirs is not configured. We recommend adding this setting. Falling back to ozone.metadata.dirs instead.
2019-09-24 03:07:21,076 [main] INFO  pipeline.SCMPipelineManager (SCMPipelineManager.java:initializePipelineState(132)) - No pipeline exists in current db
2019-09-24 03:07:21,079 [main] WARN  server.ServerUtils (ServerUtils.java:getScmDbDir(145)) - ozone.scm.db.dirs is not configured. We recommend adding this setting. Falling back to ozone.metadata.dirs instead.
2019-09-24 03:07:21,195 [main] WARN  events.EventQueue (EventQueue.java:fireEvent(183)) - No event handler registered for event TypedEvent{payloadType=SafeModeStatus, name='SafeModeStatus'}
2019-09-24 03:07:21,620 [main] INFO  ipc.CallQueueManager (CallQueueManager.java:<init>(84)) - Using callQueue: class java.util.concurrent.LinkedBlockingQueue, queueCapacity: 2000, scheduler: class org.apache.hadoop.ipc.DefaultRpcScheduler, ipcBackoff: false.
2019-09-24 03:07:21,649 [Socket Reader #1 for port 36828] INFO  ipc.Server (Server.java:run(1074)) - Starting Socket Reader #1 for port 36828
2019-09-24 03:07:21,794 [main] INFO  ipc.CallQueueManager (CallQueueManager.java:<init>(84)) - Using callQueue: class java.util.concurrent.LinkedBlockingQueue, queueCapacity: 2000, scheduler: class org.apache.hadoop.ipc.DefaultRpcScheduler, ipcBackoff: false.
2019-09-24 03:07:21,796 [Socket Reader #1 for port 39978] INFO  ipc.Server (Server.java:run(1074)) - Starting Socket Reader #1 for port 39978
2019-09-24 03:07:21,809 [main] INFO  ipc.CallQueueManager (CallQueueManager.java:<init>(84)) - Using callQueue: class java.util.concurrent.LinkedBlockingQueue, queueCapacity: 2000, scheduler: class org.apache.hadoop.ipc.DefaultRpcScheduler, ipcBackoff: false.
2019-09-24 03:07:21,810 [Socket Reader #1 for port 35381] INFO  ipc.Server (Server.java:run(1074)) - Starting Socket Reader #1 for port 35381
2019-09-24 03:07:21,841 [main] INFO  hdfs.DFSUtil (DFSUtil.java:httpServerTemplateForNNAndJN(1641)) - Starting Web-server for scm at: http://0.0.0.0:0
2019-09-24 03:07:21,993 [main] INFO  server.AuthenticationFilter (AuthenticationFilter.java:constructSecretProvider(240)) - Unable to initialize FileSignerSecretProvider, falling back to use random secrets.
2019-09-24 03:07:22,001 [main] WARN  http.HttpRequestLog (HttpRequestLog.java:getRequestLog(97)) - Jetty request log can only be enabled using Log4j
2019-09-24 03:07:22,009 [main] INFO  http.HttpServer2 (HttpServer2.java:addGlobalFilter(975)) - Added global filter 'safety' (class=org.apache.hadoop.http.HttpServer2$QuotingInputFilter)
2019-09-24 03:07:22,011 [main] INFO  http.HttpServer2 (HttpServer2.java:addFilter(948)) - Added filter static_user_filter (class=org.apache.hadoop.http.lib.StaticUserWebFilter$StaticUserFilter) to context scm
2019-09-24 03:07:22,012 [main] INFO  http.HttpServer2 (HttpServer2.java:addFilter(958)) - Added filter static_user_filter (class=org.apache.hadoop.http.lib.StaticUserWebFilter$StaticUserFilter) to context logs
2019-09-24 03:07:22,012 [main] INFO  http.HttpServer2 (HttpServer2.java:addFilter(958)) - Added filter static_user_filter (class=org.apache.hadoop.http.lib.StaticUserWebFilter$StaticUserFilter) to context static
2019-09-24 03:07:22,040 [main] INFO  server.StorageContainerManager (StorageContainerManager.java:start(770)) - StorageContainerLocationProtocol RPC server is listening at /0.0.0.0:35381
2019-09-24 03:07:22,103 [main] WARN  impl.MetricsConfig (MetricsConfig.java:loadFirst(134)) - Cannot locate configuration: tried hadoop-metrics2-storagecontainermanager.properties,hadoop-metrics2.properties
2019-09-24 03:07:22,120 [main] INFO  impl.MetricsSystemImpl (MetricsSystemImpl.java:startTimer(374)) - Scheduled Metric snapshot period at 10 second(s).
2019-09-24 03:07:22,120 [main] INFO  impl.MetricsSystemImpl (MetricsSystemImpl.java:start(191)) - StorageContainerManager metrics system started
2019-09-24 03:07:22,340 [main] INFO  server.SCMClientProtocolServer (SCMClientProtocolServer.java:start(151)) - RPC server for Client  is listening at /0.0.0.0:35381
2019-09-24 03:07:22,340 [IPC Server Responder] INFO  ipc.Server (Server.java:run(1314)) - IPC Server Responder: starting
2019-09-24 03:07:22,340 [IPC Server listener on 35381] INFO  ipc.Server (Server.java:run(1153)) - IPC Server listener on 35381: starting
2019-09-24 03:07:22,342 [main] INFO  server.StorageContainerManager (StorageContainerManager.java:start(780)) - ScmBlockLocationProtocol RPC server is listening at /0.0.0.0:39978
2019-09-24 03:07:22,344 [main] INFO  server.SCMBlockProtocolServer (SCMBlockProtocolServer.java:start(146)) - RPC server for Block Protocol is listening at /0.0.0.0:39978
2019-09-24 03:07:22,344 [IPC Server Responder] INFO  ipc.Server (Server.java:run(1314)) - IPC Server Responder: starting
2019-09-24 03:07:22,344 [IPC Server listener on 39978] INFO  ipc.Server (Server.java:run(1153)) - IPC Server listener on 39978: starting
2019-09-24 03:07:22,346 [main] INFO  server.StorageContainerManager (StorageContainerManager.java:start(784)) - ScmDatanodeProtocl RPC server is listening at /0.0.0.0:36828
2019-09-24 03:07:22,346 [main] INFO  server.SCMDatanodeProtocolServer (SCMDatanodeProtocolServer.java:start(191)) - RPC server for DataNodes is listening at /0.0.0.0:36828
2019-09-24 03:07:22,347 [IPC Server Responder] INFO  ipc.Server (Server.java:run(1314)) - IPC Server Responder: starting
2019-09-24 03:07:22,347 [IPC Server listener on 36828] INFO  ipc.Server (Server.java:run(1153)) - IPC Server listener on 36828: starting
2019-09-24 03:07:22,350 [main] INFO  http.HttpServer2 (HttpServer2.java:bindListener(1191)) - Jetty bound to port 45982
2019-09-24 03:07:22,351 [main] INFO  server.Server (Server.java:doStart(351)) - jetty-9.3.25.v20180904, build timestamp: 2018-09-04T21:11:46Z, git hash: 3ce520221d0240229c862b122d2b06c12a625732
2019-09-24 03:07:22,396 [main] INFO  handler.ContextHandler (ContextHandler.java:doStart(781)) - Started o.e.j.s.ServletContextHandler@4aa83f4f{/logs,file:///workdir/hadoop-ozone/integration-test/target/log,AVAILABLE}
2019-09-24 03:07:22,397 [main] INFO  handler.ContextHandler (ContextHandler.java:doStart(781)) - Started o.e.j.s.ServletContextHandler@260e86a1{/static,file:///workdir/hadoop-ozone/integration-test/target/test-classes/webapps/static,AVAILABLE}
2019-09-24 03:07:22,435 [main] INFO  handler.ContextHandler (ContextHandler.java:doStart(781)) - Started o.e.j.w.WebAppContext@db44aa2{/,file:///workdir/hadoop-ozone/integration-test/target/test-classes/webapps/scm/,AVAILABLE}{/scm}
2019-09-24 03:07:22,440 [main] INFO  server.AbstractConnector (AbstractConnector.java:doStart(278)) - Started ServerConnector@59a67c3a{HTTP/1.1,[http/1.1]}{0.0.0.0:45982}
2019-09-24 03:07:22,441 [main] INFO  server.Server (Server.java:doStart(419)) - Started @2731ms
2019-09-24 03:07:22,443 [main] INFO  impl.MetricsSinkAdapter (MetricsSinkAdapter.java:start(204)) - Sink prometheus started
2019-09-24 03:07:22,443 [main] INFO  impl.MetricsSystemImpl (MetricsSystemImpl.java:registerSink(301)) - Registered sink prometheus
2019-09-24 03:07:22,444 [main] INFO  server.BaseHttpServer (BaseHttpServer.java:updateConnectorAddress(215)) - HTTP server of SCM is listening at http://0.0.0.0:45982
2019-09-24 03:07:22,449 [org.apache.hadoop.util.JvmPauseMonitor$Monitor@514eedd8] INFO  util.JvmPauseMonitor (JvmPauseMonitor.java:run(188)) - Starting JVM pause monitor
2019-09-24 03:07:22,451 [main] WARN  server.ServerUtils (ServerUtils.java:getDBPath(222)) - ozone.om.db.dirs is not configured. We recommend adding this setting. Falling back to ozone.metadata.dirs instead.
2019-09-24 03:07:22,551 [main] INFO  ha.OMHANodeDetails (OMHANodeDetails.java:loadOMHAConfig(138)) - Found matching OM address with OMServiceId: null, OMNodeId: null, RPC Address: localhost:0 and Ratis port: 9872
2019-09-24 03:07:22,551 [main] INFO  ha.OMHANodeDetails (OMHANodeDetails.java:setOMNodeSpecificConfigs(240)) - Setting configuration key ozone.om.http-address with value of key ozone.om.http-address: 127.0.0.1:0
2019-09-24 03:07:22,551 [main] INFO  ha.OMHANodeDetails (OMHANodeDetails.java:setOMNodeSpecificConfigs(240)) - Setting configuration key ozone.om.https-address with value of key ozone.om.https-address: 0.0.0.0:9875
2019-09-24 03:07:22,551 [main] INFO  ha.OMHANodeDetails (OMHANodeDetails.java:setOMNodeSpecificConfigs(240)) - Setting configuration key ozone.om.http-bind-host with value of key ozone.om.http-bind-host: 0.0.0.0
2019-09-24 03:07:22,551 [main] INFO  ha.OMHANodeDetails (OMHANodeDetails.java:setOMNodeSpecificConfigs(240)) - Setting configuration key ozone.om.https-bind-host with value of key ozone.om.https-bind-host: 0.0.0.0
2019-09-24 03:07:22,552 [main] INFO  ha.OMHANodeDetails (OMHANodeDetails.java:setOMNodeSpecificConfigs(240)) - Setting configuration key ozone.om.http.kerberos.keytab with value of key ozone.om.http.kerberos.keytab: /etc/security/keytabs/HTTP.keytab
2019-09-24 03:07:22,552 [main] INFO  ha.OMHANodeDetails (OMHANodeDetails.java:setOMNodeSpecificConfigs(240)) - Setting configuration key ozone.om.http.kerberos.principal with value of key ozone.om.http.kerberos.principal: HTTP/_HOST@EXAMPLE.COM
2019-09-24 03:07:22,552 [main] INFO  ha.OMHANodeDetails (OMHANodeDetails.java:setOMNodeSpecificConfigs(240)) - Setting configuration key ozone.om.address with value of key ozone.om.address: 127.0.0.1:0
2019-09-24 03:07:22,552 [main] INFO  ha.OMHANodeDetails (OMHANodeDetails.java:getOMNodeDetails(192)) - OM Service ID is not set. Setting it to the default ID: omServiceIdDefault
2019-09-24 03:07:22,553 [main] WARN  server.ServerUtils (ServerUtils.java:getDBPath(222)) - ozone.om.db.dirs is not configured. We recommend adding this setting. Falling back to ozone.metadata.dirs instead.
2019-09-24 03:07:22,554 [main] WARN  server.ServerUtils (ServerUtils.java:getDBPath(222)) - ozone.om.db.dirs is not configured. We recommend adding this setting. Falling back to ozone.metadata.dirs instead.
2019-09-24 03:07:23,322 [main] WARN  server.ServerUtils (ServerUtils.java:getDBPath(222)) - ozone.om.db.dirs is not configured. We recommend adding this setting. Falling back to ozone.metadata.dirs instead.
2019-09-24 03:07:23,333 [main] INFO  db.DBStoreBuilder (DBStoreBuilder.java:addTable(110)) - using custom profile for table: userTable
2019-09-24 03:07:23,333 [main] INFO  db.DBStoreBuilder (DBStoreBuilder.java:processTables(161)) - Using default column profile:DBProfile.DISK for Table:userTable
2019-09-24 03:07:23,333 [main] INFO  db.DBStoreBuilder (DBStoreBuilder.java:addTable(110)) - using custom profile for table: volumeTable
2019-09-24 03:07:23,333 [main] INFO  db.DBStoreBuilder (DBStoreBuilder.java:processTables(161)) - Using default column profile:DBProfile.DISK for Table:volumeTable
2019-09-24 03:07:23,334 [main] INFO  db.DBStoreBuilder (DBStoreBuilder.java:addTable(110)) - using custom profile for table: bucketTable
2019-09-24 03:07:23,334 [main] INFO  db.DBStoreBuilder (DBStoreBuilder.java:processTables(161)) - Using default column profile:DBProfile.DISK for Table:bucketTable
2019-09-24 03:07:23,334 [main] INFO  db.DBStoreBuilder (DBStoreBuilder.java:addTable(110)) - using custom profile for table: keyTable
2019-09-24 03:07:23,334 [main] INFO  db.DBStoreBuilder (DBStoreBuilder.java:processTables(161)) - Using default column profile:DBProfile.DISK for Table:keyTable
2019-09-24 03:07:23,335 [main] INFO  db.DBStoreBuilder (DBStoreBuilder.java:addTable(110)) - using custom profile for table: deletedTable
2019-09-24 03:07:23,335 [main] INFO  db.DBStoreBuilder (DBStoreBuilder.java:processTables(161)) - Using default column profile:DBProfile.DISK for Table:deletedTable
2019-09-24 03:07:23,335 [main] INFO  db.DBStoreBuilder (DBStoreBuilder.java:addTable(110)) - using custom profile for table: openKeyTable
2019-09-24 03:07:23,335 [main] INFO  db.DBStoreBuilder (DBStoreBuilder.java:processTables(161)) - Using default column profile:DBProfile.DISK for Table:openKeyTable
2019-09-24 03:07:23,336 [main] INFO  db.DBStoreBuilder (DBStoreBuilder.java:addTable(110)) - using custom profile for table: s3Table
2019-09-24 03:07:23,336 [main] INFO  db.DBStoreBuilder (DBStoreBuilder.java:processTables(161)) - Using default column profile:DBProfile.DISK for Table:s3Table
2019-09-24 03:07:23,336 [main] INFO  db.DBStoreBuilder (DBStoreBuilder.java:addTable(110)) - using custom profile for table: multipartInfoTable
2019-09-24 03:07:23,336 [main] INFO  db.DBStoreBuilder (DBStoreBuilder.java:processTables(161)) - Using default column profile:DBProfile.DISK for Table:multipartInfoTable
2019-09-24 03:07:23,337 [main] INFO  db.DBStoreBuilder (DBStoreBuilder.java:addTable(110)) - using custom profile for table: dTokenTable
2019-09-24 03:07:23,337 [main] INFO  db.DBStoreBuilder (DBStoreBuilder.java:processTables(161)) - Using default column profile:DBProfile.DISK for Table:dTokenTable
2019-09-24 03:07:23,337 [main] INFO  db.DBStoreBuilder (DBStoreBuilder.java:addTable(110)) - using custom profile for table: s3SecretTable
2019-09-24 03:07:23,337 [main] INFO  db.DBStoreBuilder (DBStoreBuilder.java:processTables(161)) - Using default column profile:DBProfile.DISK for Table:s3SecretTable
2019-09-24 03:07:23,338 [main] INFO  db.DBStoreBuilder (DBStoreBuilder.java:addTable(110)) - using custom profile for table: prefixTable
2019-09-24 03:07:23,338 [main] INFO  db.DBStoreBuilder (DBStoreBuilder.java:processTables(161)) - Using default column profile:DBProfile.DISK for Table:prefixTable
2019-09-24 03:07:23,338 [main] INFO  db.DBStoreBuilder (DBStoreBuilder.java:addTable(110)) - using custom profile for table: default
2019-09-24 03:07:23,339 [main] INFO  db.DBStoreBuilder (DBStoreBuilder.java:processTables(167)) - Using default column profile:DBProfile.DISK for Table:default
2019-09-24 03:07:23,339 [main] INFO  db.DBStoreBuilder (DBStoreBuilder.java:getDbProfile(198)) - Using default options. DBProfile.DISK
2019-09-24 03:07:23,681 [main] INFO  ipc.CallQueueManager (CallQueueManager.java:<init>(84)) - Using callQueue: class java.util.concurrent.LinkedBlockingQueue, queueCapacity: 2000, scheduler: class org.apache.hadoop.ipc.DefaultRpcScheduler, ipcBackoff: false.
2019-09-24 03:07:23,682 [Socket Reader #1 for port 42541] INFO  ipc.Server (Server.java:run(1074)) - Starting Socket Reader #1 for port 42541
2019-09-24 03:07:23,705 [main] INFO  om.OzoneManager (OzoneManager.java:start(1075)) - OzoneManager RPC server is listening at localhost/127.0.0.1:42541
2019-09-24 03:07:23,705 [main] INFO  impl.MetricsSystemImpl (MetricsSystemImpl.java:init(158)) - OzoneManager metrics system started (again)
2019-09-24 03:07:23,706 [IPC Server listener on 42541] INFO  ipc.Server (Server.java:run(1153)) - IPC Server listener on 42541: starting
2019-09-24 03:07:23,706 [IPC Server Responder] INFO  ipc.Server (Server.java:run(1314)) - IPC Server Responder: starting
2019-09-24 03:07:23,710 [main] INFO  hdfs.DFSUtil (DFSUtil.java:httpServerTemplateForNNAndJN(1641)) - Starting Web-server for ozoneManager at: http://0.0.0.0:0
2019-09-24 03:07:23,712 [main] INFO  server.AuthenticationFilter (AuthenticationFilter.java:constructSecretProvider(240)) - Unable to initialize FileSignerSecretProvider, falling back to use random secrets.
2019-09-24 03:07:23,713 [main] WARN  http.HttpRequestLog (HttpRequestLog.java:getRequestLog(97)) - Jetty request log can only be enabled using Log4j
2019-09-24 03:07:23,715 [main] INFO  http.HttpServer2 (HttpServer2.java:addGlobalFilter(975)) - Added global filter 'safety' (class=org.apache.hadoop.http.HttpServer2$QuotingInputFilter)
2019-09-24 03:07:23,716 [main] INFO  http.HttpServer2 (HttpServer2.java:addFilter(948)) - Added filter static_user_filter (class=org.apache.hadoop.http.lib.StaticUserWebFilter$StaticUserFilter) to context ozoneManager
2019-09-24 03:07:23,716 [main] INFO  http.HttpServer2 (HttpServer2.java:addFilter(958)) - Added filter static_user_filter (class=org.apache.hadoop.http.lib.StaticUserWebFilter$StaticUserFilter) to context logs
2019-09-24 03:07:23,716 [main] INFO  http.HttpServer2 (HttpServer2.java:addFilter(958)) - Added filter static_user_filter (class=org.apache.hadoop.http.lib.StaticUserWebFilter$StaticUserFilter) to context static
2019-09-24 03:07:23,718 [main] INFO  http.HttpServer2 (HttpServer2.java:bindListener(1191)) - Jetty bound to port 45466
2019-09-24 03:07:23,719 [main] INFO  server.Server (Server.java:doStart(351)) - jetty-9.3.25.v20180904, build timestamp: 2018-09-04T21:11:46Z, git hash: 3ce520221d0240229c862b122d2b06c12a625732
2019-09-24 03:07:23,721 [main] INFO  handler.ContextHandler (ContextHandler.java:doStart(781)) - Started o.e.j.s.ServletContextHandler@989da1{/logs,file:///workdir/hadoop-ozone/integration-test/target/log,AVAILABLE}
2019-09-24 03:07:23,721 [main] INFO  handler.ContextHandler (ContextHandler.java:doStart(781)) - Started o.e.j.s.ServletContextHandler@3eed0f5{/static,file:///workdir/hadoop-ozone/integration-test/target/test-classes/webapps/static,AVAILABLE}
2019-09-24 03:07:23,727 [main] INFO  handler.ContextHandler (ContextHandler.java:doStart(781)) - Started o.e.j.w.WebAppContext@353efdbf{/,file:///workdir/hadoop-ozone/integration-test/target/test-classes/webapps/ozoneManager/,AVAILABLE}{/ozoneManager}
2019-09-24 03:07:23,727 [main] INFO  server.AbstractConnector (AbstractConnector.java:doStart(278)) - Started ServerConnector@55cff952{HTTP/1.1,[http/1.1]}{0.0.0.0:45466}
2019-09-24 03:07:23,728 [main] INFO  server.Server (Server.java:doStart(419)) - Started @4018ms
2019-09-24 03:07:23,728 [main] WARN  impl.MetricsSystemImpl (MetricsSystemImpl.java:register(276)) - Sink prometheus already exists!
2019-09-24 03:07:23,729 [main] INFO  server.BaseHttpServer (BaseHttpServer.java:updateConnectorAddress(215)) - HTTP server of OZONEMANAGER is listening at http://0.0.0.0:45466
2019-09-24 03:07:24,043 [main] INFO  impl.MetricsSystemImpl (MetricsSystemImpl.java:init(158)) - HddsDatanode metrics system started (again)
2019-09-24 03:07:24,092 [main] INFO  ozone.HddsDatanodeService (HddsDatanodeService.java:start(184)) - HddsDatanodeService host:pr-hdds-2162-tjkd5-3209850126 ip:192.168.151.121
2019-09-24 03:07:24,126 [main] INFO  volume.HddsVolume (HddsVolume.java:<init>(176)) - Creating Volume: /workdir/hadoop-ozone/integration-test/target/test-dir/MiniOzoneClusterImpl-3c9a5054-9541-4e02-9581-fea88c10aa6d/datanode-0/data/containers/hdds of  storage type : DISK and capacity : 1482555576320
2019-09-24 03:07:24,128 [main] INFO  volume.VolumeSet (VolumeSet.java:initializeVolumeSet(170)) - Added Volume : /workdir/hadoop-ozone/integration-test/target/test-dir/MiniOzoneClusterImpl-3c9a5054-9541-4e02-9581-fea88c10aa6d/datanode-0/data/containers/hdds to VolumeSet
2019-09-24 03:07:24,131 [main] INFO  volume.ThrottledAsyncChecker (ThrottledAsyncChecker.java:schedule(139)) - Scheduling a check for org.apache.hadoop.ozone.container.common.volume.HddsVolume@45d6ef73
2019-09-24 03:07:24,148 [main] INFO  volume.HddsVolumeChecker (HddsVolumeChecker.java:checkAllVolumes(202)) - Scheduled health check for volume org.apache.hadoop.ozone.container.common.volume.HddsVolume@45d6ef73
2019-09-24 03:07:24,291 [main] INFO  impl.RaftServerProxy (ConfUtils.java:logGet(43)) - raft.rpc.type = GRPC (default)
2019-09-24 03:07:24,392 [main] INFO  grpc.GrpcFactory (GrpcFactory.java:checkPooledByteBufAllocatorUseCacheForAllThreads(45)) - PERFORMANCE WARNING: useCacheForAllThreads is true that may cause Netty to create a lot garbage objects and, as a result, trigger GC.
	It is recommended to disable useCacheForAllThreads by setting -Dorg.apache.ratis.thirdparty.io.netty.allocator.useCacheForAllThreads=false in command line.
2019-09-24 03:07:24,397 [main] INFO  grpc.GrpcConfigKeys$Server (ConfUtils.java:logGet(43)) - raft.grpc.server.port = 0 (default)
2019-09-24 03:07:24,398 [main] INFO  server.GrpcService (ConfUtils.java:logGet(43)) - raft.grpc.message.size.max = 33570816 (custom)
2019-09-24 03:07:24,400 [main] INFO  server.RaftServerConfigKeys (ConfUtils.java:logGet(43)) - raft.server.log.appender.buffer.byte-limit = 33554432 (custom)
2019-09-24 03:07:24,401 [main] INFO  server.GrpcService (ConfUtils.java:logGet(43)) - raft.grpc.flow.control.window = 1MB (=1048576) (default)
2019-09-24 03:07:24,401 [main] INFO  server.RaftServerConfigKeys (ConfUtils.java:logGet(43)) - raft.server.rpc.request.timeout = 3000ms (default)
2019-09-24 03:07:24,588 [main] INFO  server.RaftServerConfigKeys (ConfUtils.java:logGet(43)) - raft.server.storage.dir = [/workdir/hadoop-ozone/integration-test/target/test-dir/MiniOzoneClusterImpl-3c9a5054-9541-4e02-9581-fea88c10aa6d/datanode-0/data/ratis] (custom)
2019-09-24 03:07:24,671 [main] INFO  hdfs.DFSUtil (DFSUtil.java:httpServerTemplateForNNAndJN(1641)) - Starting Web-server for hddsDatanode at: http://0.0.0.0:0
2019-09-24 03:07:24,675 [main] INFO  server.AuthenticationFilter (AuthenticationFilter.java:constructSecretProvider(240)) - Unable to initialize FileSignerSecretProvider, falling back to use random secrets.
2019-09-24 03:07:24,677 [main] WARN  http.HttpRequestLog (HttpRequestLog.java:getRequestLog(97)) - Jetty request log can only be enabled using Log4j
2019-09-24 03:07:24,681 [main] INFO  http.HttpServer2 (HttpServer2.java:addGlobalFilter(975)) - Added global filter 'safety' (class=org.apache.hadoop.http.HttpServer2$QuotingInputFilter)
2019-09-24 03:07:24,682 [main] INFO  http.HttpServer2 (HttpServer2.java:addFilter(948)) - Added filter static_user_filter (class=org.apache.hadoop.http.lib.StaticUserWebFilter$StaticUserFilter) to context hddsDatanode
2019-09-24 03:07:24,683 [main] INFO  http.HttpServer2 (HttpServer2.java:addFilter(958)) - Added filter static_user_filter (class=org.apache.hadoop.http.lib.StaticUserWebFilter$StaticUserFilter) to context logs
2019-09-24 03:07:24,683 [main] INFO  http.HttpServer2 (HttpServer2.java:addFilter(958)) - Added filter static_user_filter (class=org.apache.hadoop.http.lib.StaticUserWebFilter$StaticUserFilter) to context static
2019-09-24 03:07:24,686 [main] INFO  http.HttpServer2 (HttpServer2.java:bindListener(1191)) - Jetty bound to port 44806
2019-09-24 03:07:24,686 [main] INFO  server.Server (Server.java:doStart(351)) - jetty-9.3.25.v20180904, build timestamp: 2018-09-04T21:11:46Z, git hash: 3ce520221d0240229c862b122d2b06c12a625732
2019-09-24 03:07:24,690 [main] INFO  handler.ContextHandler (ContextHandler.java:doStart(781)) - Started o.e.j.s.ServletContextHandler@75ae4a1f{/logs,file:///workdir/hadoop-ozone/integration-test/target/log,AVAILABLE}
2019-09-24 03:07:24,691 [main] INFO  handler.ContextHandler (ContextHandler.java:doStart(781)) - Started o.e.j.s.ServletContextHandler@63c12e52{/static,jar:file:/home/user/.m2/repository/org/apache/hadoop/hadoop-hdds-container-service/0.5.0-SNAPSHOT/hadoop-hdds-container-service-0.5.0-SNAPSHOT.jar!/webapps/static,AVAILABLE}
2019-09-24 03:07:24,741 [main] INFO  handler.ContextHandler (ContextHandler.java:doStart(781)) - Started o.e.j.w.WebAppContext@68a4dcc6{/,file:///tmp/jetty-0.0.0.0-44806-hddsDatanode-_-any-7965816660441291225.dir/webapp/,AVAILABLE}{/hddsDatanode}
2019-09-24 03:07:24,743 [main] INFO  server.AbstractConnector (AbstractConnector.java:doStart(278)) - Started ServerConnector@646c0a67{HTTP/1.1,[http/1.1]}{0.0.0.0:44806}
2019-09-24 03:07:24,744 [main] INFO  server.Server (Server.java:doStart(419)) - Started @5034ms
2019-09-24 03:07:24,744 [main] WARN  impl.MetricsSystemImpl (MetricsSystemImpl.java:register(276)) - Sink prometheus already exists!
2019-09-24 03:07:24,745 [main] INFO  server.BaseHttpServer (BaseHttpServer.java:updateConnectorAddress(215)) - HTTP server of HDDSDATANODE is listening at http://0.0.0.0:44806
2019-09-24 03:07:24,746 [main] INFO  impl.MetricsSystemImpl (MetricsSystemImpl.java:init(158)) - HddsDatanode metrics system started (again)
2019-09-24 03:07:24,752 [main] INFO  ozone.HddsDatanodeService (HddsDatanodeService.java:start(184)) - HddsDatanodeService host:pr-hdds-2162-tjkd5-3209850126 ip:192.168.151.121
2019-09-24 03:07:24,752 [org.apache.hadoop.util.JvmPauseMonitor$Monitor@688c1474] INFO  util.JvmPauseMonitor (JvmPauseMonitor.java:run(188)) - Starting JVM pause monitor
2019-09-24 03:07:24,763 [main] INFO  volume.HddsVolume (HddsVolume.java:<init>(176)) - Creating Volume: /workdir/hadoop-ozone/integration-test/target/test-dir/MiniOzoneClusterImpl-3c9a5054-9541-4e02-9581-fea88c10aa6d/datanode-1/data/containers/hdds of  storage type : DISK and capacity : 1482555576320
2019-09-24 03:07:24,763 [main] INFO  volume.VolumeSet (VolumeSet.java:initializeVolumeSet(170)) - Added Volume : /workdir/hadoop-ozone/integration-test/target/test-dir/MiniOzoneClusterImpl-3c9a5054-9541-4e02-9581-fea88c10aa6d/datanode-1/data/containers/hdds to VolumeSet
2019-09-24 03:07:24,764 [main] INFO  volume.ThrottledAsyncChecker (ThrottledAsyncChecker.java:schedule(139)) - Scheduling a check for org.apache.hadoop.ozone.container.common.volume.HddsVolume@18d910b3
2019-09-24 03:07:24,765 [main] INFO  volume.HddsVolumeChecker (HddsVolumeChecker.java:checkAllVolumes(202)) - Scheduled health check for volume org.apache.hadoop.ozone.container.common.volume.HddsVolume@18d910b3
2019-09-24 03:07:24,782 [main] INFO  impl.RaftServerProxy (ConfUtils.java:logGet(43)) - raft.rpc.type = GRPC (default)
2019-09-24 03:07:24,783 [main] INFO  grpc.GrpcFactory (GrpcFactory.java:checkPooledByteBufAllocatorUseCacheForAllThreads(45)) - PERFORMANCE WARNING: useCacheForAllThreads is true that may cause Netty to create a lot garbage objects and, as a result, trigger GC.
	It is recommended to disable useCacheForAllThreads by setting -Dorg.apache.ratis.thirdparty.io.netty.allocator.useCacheForAllThreads=false in command line.
2019-09-24 03:07:24,783 [main] INFO  grpc.GrpcConfigKeys$Server (ConfUtils.java:logGet(43)) - raft.grpc.server.port = 0 (default)
2019-09-24 03:07:24,784 [main] INFO  server.GrpcService (ConfUtils.java:logGet(43)) - raft.grpc.message.size.max = 33570816 (custom)
2019-09-24 03:07:24,784 [main] INFO  server.RaftServerConfigKeys (ConfUtils.java:logGet(43)) - raft.server.log.appender.buffer.byte-limit = 33554432 (custom)
2019-09-24 03:07:24,784 [main] INFO  server.GrpcService (ConfUtils.java:logGet(43)) - raft.grpc.flow.control.window = 1MB (=1048576) (default)
2019-09-24 03:07:24,785 [main] INFO  server.RaftServerConfigKeys (ConfUtils.java:logGet(43)) - raft.server.rpc.request.timeout = 3000ms (default)
2019-09-24 03:07:24,785 [main] INFO  server.RaftServerConfigKeys (ConfUtils.java:logGet(43)) - raft.server.storage.dir = [/workdir/hadoop-ozone/integration-test/target/test-dir/MiniOzoneClusterImpl-3c9a5054-9541-4e02-9581-fea88c10aa6d/datanode-1/data/ratis] (custom)
2019-09-24 03:07:24,787 [main] INFO  hdfs.DFSUtil (DFSUtil.java:httpServerTemplateForNNAndJN(1641)) - Starting Web-server for hddsDatanode at: http://0.0.0.0:0
2019-09-24 03:07:24,789 [main] INFO  server.AuthenticationFilter (AuthenticationFilter.java:constructSecretProvider(240)) - Unable to initialize FileSignerSecretProvider, falling back to use random secrets.
2019-09-24 03:07:24,790 [main] WARN  http.HttpRequestLog (HttpRequestLog.java:getRequestLog(97)) - Jetty request log can only be enabled using Log4j
2019-09-24 03:07:24,792 [main] INFO  http.HttpServer2 (HttpServer2.java:addGlobalFilter(975)) - Added global filter 'safety' (class=org.apache.hadoop.http.HttpServer2$QuotingInputFilter)
2019-09-24 03:07:24,793 [main] INFO  http.HttpServer2 (HttpServer2.java:addFilter(948)) - Added filter static_user_filter (class=org.apache.hadoop.http.lib.StaticUserWebFilter$StaticUserFilter) to context hddsDatanode
2019-09-24 03:07:24,793 [main] INFO  http.HttpServer2 (HttpServer2.java:addFilter(958)) - Added filter static_user_filter (class=org.apache.hadoop.http.lib.StaticUserWebFilter$StaticUserFilter) to context logs
2019-09-24 03:07:24,793 [main] INFO  http.HttpServer2 (HttpServer2.java:addFilter(958)) - Added filter static_user_filter (class=org.apache.hadoop.http.lib.StaticUserWebFilter$StaticUserFilter) to context static
2019-09-24 03:07:24,794 [main] INFO  http.HttpServer2 (HttpServer2.java:bindListener(1191)) - Jetty bound to port 42933
2019-09-24 03:07:24,794 [main] INFO  server.Server (Server.java:doStart(351)) - jetty-9.3.25.v20180904, build timestamp: 2018-09-04T21:11:46Z, git hash: 3ce520221d0240229c862b122d2b06c12a625732
2019-09-24 03:07:24,797 [main] INFO  handler.ContextHandler (ContextHandler.java:doStart(781)) - Started o.e.j.s.ServletContextHandler@3ee0b4f7{/logs,file:///workdir/hadoop-ozone/integration-test/target/log,AVAILABLE}
2019-09-24 03:07:24,797 [main] INFO  handler.ContextHandler (ContextHandler.java:doStart(781)) - Started o.e.j.s.ServletContextHandler@4d41ba0f{/static,jar:file:/home/user/.m2/repository/org/apache/hadoop/hadoop-hdds-container-service/0.5.0-SNAPSHOT/hadoop-hdds-container-service-0.5.0-SNAPSHOT.jar!/webapps/static,AVAILABLE}
2019-09-24 03:07:24,835 [main] INFO  handler.ContextHandler (ContextHandler.java:doStart(781)) - Started o.e.j.w.WebAppContext@7baf1f5a{/,file:///tmp/jetty-0.0.0.0-42933-hddsDatanode-_-any-5786752211468705233.dir/webapp/,AVAILABLE}{/hddsDatanode}
2019-09-24 03:07:24,836 [main] INFO  server.AbstractConnector (AbstractConnector.java:doStart(278)) - Started ServerConnector@6cc86152{HTTP/1.1,[http/1.1]}{0.0.0.0:42933}
2019-09-24 03:07:24,837 [main] INFO  server.Server (Server.java:doStart(419)) - Started @5127ms
2019-09-24 03:07:24,837 [main] WARN  impl.MetricsSystemImpl (MetricsSystemImpl.java:register(276)) - Sink prometheus already exists!
2019-09-24 03:07:24,840 [main] INFO  server.BaseHttpServer (BaseHttpServer.java:updateConnectorAddress(215)) - HTTP server of HDDSDATANODE is listening at http://0.0.0.0:42933
2019-09-24 03:07:24,841 [main] INFO  impl.MetricsSystemImpl (MetricsSystemImpl.java:init(158)) - HddsDatanode metrics system started (again)
2019-09-24 03:07:24,844 [org.apache.hadoop.util.JvmPauseMonitor$Monitor@4e92823f] INFO  util.JvmPauseMonitor (JvmPauseMonitor.java:run(188)) - Starting JVM pause monitor
2019-09-24 03:07:24,846 [main] INFO  ozone.HddsDatanodeService (HddsDatanodeService.java:start(184)) - HddsDatanodeService host:pr-hdds-2162-tjkd5-3209850126 ip:192.168.151.121
2019-09-24 03:07:24,854 [main] INFO  volume.HddsVolume (HddsVolume.java:<init>(176)) - Creating Volume: /workdir/hadoop-ozone/integration-test/target/test-dir/MiniOzoneClusterImpl-3c9a5054-9541-4e02-9581-fea88c10aa6d/datanode-2/data/containers/hdds of  storage type : DISK and capacity : 1482555576320
2019-09-24 03:07:24,854 [main] INFO  volume.VolumeSet (VolumeSet.java:initializeVolumeSet(170)) - Added Volume : /workdir/hadoop-ozone/integration-test/target/test-dir/MiniOzoneClusterImpl-3c9a5054-9541-4e02-9581-fea88c10aa6d/datanode-2/data/containers/hdds to VolumeSet
2019-09-24 03:07:24,854 [main] INFO  volume.ThrottledAsyncChecker (ThrottledAsyncChecker.java:schedule(139)) - Scheduling a check for org.apache.hadoop.ozone.container.common.volume.HddsVolume@44536de4
2019-09-24 03:07:24,855 [main] INFO  volume.HddsVolumeChecker (HddsVolumeChecker.java:checkAllVolumes(202)) - Scheduled health check for volume org.apache.hadoop.ozone.container.common.volume.HddsVolume@44536de4
2019-09-24 03:07:24,871 [main] INFO  impl.RaftServerProxy (ConfUtils.java:logGet(43)) - raft.rpc.type = GRPC (default)
2019-09-24 03:07:24,871 [main] INFO  grpc.GrpcFactory (GrpcFactory.java:checkPooledByteBufAllocatorUseCacheForAllThreads(45)) - PERFORMANCE WARNING: useCacheForAllThreads is true that may cause Netty to create a lot garbage objects and, as a result, trigger GC.
	It is recommended to disable useCacheForAllThreads by setting -Dorg.apache.ratis.thirdparty.io.netty.allocator.useCacheForAllThreads=false in command line.
2019-09-24 03:07:24,872 [main] INFO  grpc.GrpcConfigKeys$Server (ConfUtils.java:logGet(43)) - raft.grpc.server.port = 0 (default)
2019-09-24 03:07:24,872 [main] INFO  server.GrpcService (ConfUtils.java:logGet(43)) - raft.grpc.message.size.max = 33570816 (custom)
2019-09-24 03:07:24,872 [main] INFO  server.RaftServerConfigKeys (ConfUtils.java:logGet(43)) - raft.server.log.appender.buffer.byte-limit = 33554432 (custom)
2019-09-24 03:07:24,872 [main] INFO  server.GrpcService (ConfUtils.java:logGet(43)) - raft.grpc.flow.control.window = 1MB (=1048576) (default)
2019-09-24 03:07:24,873 [main] INFO  server.RaftServerConfigKeys (ConfUtils.java:logGet(43)) - raft.server.rpc.request.timeout = 3000ms (default)
2019-09-24 03:07:24,873 [main] INFO  server.RaftServerConfigKeys (ConfUtils.java:logGet(43)) - raft.server.storage.dir = [/workdir/hadoop-ozone/integration-test/target/test-dir/MiniOzoneClusterImpl-3c9a5054-9541-4e02-9581-fea88c10aa6d/datanode-2/data/ratis] (custom)
2019-09-24 03:07:24,876 [Datanode State Machine Thread - 0] INFO  datanode.InitDatanodeState (InitDatanodeState.java:persistContainerDatanodeDetails(140)) - DatanodeDetails is persisted to /workdir/hadoop-ozone/integration-test/target/test-dir/MiniOzoneClusterImpl-3c9a5054-9541-4e02-9581-fea88c10aa6d/datanode-0/meta/datanode.id
2019-09-24 03:07:24,876 [main] INFO  hdfs.DFSUtil (DFSUtil.java:httpServerTemplateForNNAndJN(1641)) - Starting Web-server for hddsDatanode at: http://0.0.0.0:0
2019-09-24 03:07:24,879 [Datanode State Machine Thread - 0] INFO  datanode.InitDatanodeState (InitDatanodeState.java:persistContainerDatanodeDetails(140)) - DatanodeDetails is persisted to /workdir/hadoop-ozone/integration-test/target/test-dir/MiniOzoneClusterImpl-3c9a5054-9541-4e02-9581-fea88c10aa6d/datanode-1/meta/datanode.id
2019-09-24 03:07:24,880 [main] INFO  server.AuthenticationFilter (AuthenticationFilter.java:constructSecretProvider(240)) - Unable to initialize FileSignerSecretProvider, falling back to use random secrets.
2019-09-24 03:07:24,881 [main] WARN  http.HttpRequestLog (HttpRequestLog.java:getRequestLog(97)) - Jetty request log can only be enabled using Log4j
2019-09-24 03:07:24,883 [main] INFO  http.HttpServer2 (HttpServer2.java:addGlobalFilter(975)) - Added global filter 'safety' (class=org.apache.hadoop.http.HttpServer2$QuotingInputFilter)
2019-09-24 03:07:24,883 [main] INFO  http.HttpServer2 (HttpServer2.java:addFilter(948)) - Added filter static_user_filter (class=org.apache.hadoop.http.lib.StaticUserWebFilter$StaticUserFilter) to context hddsDatanode
2019-09-24 03:07:24,884 [main] INFO  http.HttpServer2 (HttpServer2.java:addFilter(958)) - Added filter static_user_filter (class=org.apache.hadoop.http.lib.StaticUserWebFilter$StaticUserFilter) to context logs
2019-09-24 03:07:24,884 [main] INFO  http.HttpServer2 (HttpServer2.java:addFilter(958)) - Added filter static_user_filter (class=org.apache.hadoop.http.lib.StaticUserWebFilter$StaticUserFilter) to context static
2019-09-24 03:07:24,885 [main] INFO  http.HttpServer2 (HttpServer2.java:bindListener(1191)) - Jetty bound to port 45325
2019-09-24 03:07:24,885 [main] INFO  server.Server (Server.java:doStart(351)) - jetty-9.3.25.v20180904, build timestamp: 2018-09-04T21:11:46Z, git hash: 3ce520221d0240229c862b122d2b06c12a625732
2019-09-24 03:07:24,890 [main] INFO  handler.ContextHandler (ContextHandler.java:doStart(781)) - Started o.e.j.s.ServletContextHandler@733aa9d8{/logs,file:///workdir/hadoop-ozone/integration-test/target/log,AVAILABLE}
2019-09-24 03:07:24,890 [main] INFO  handler.ContextHandler (ContextHandler.java:doStart(781)) - Started o.e.j.s.ServletContextHandler@2b680207{/static,jar:file:/home/user/.m2/repository/org/apache/hadoop/hadoop-hdds-container-service/0.5.0-SNAPSHOT/hadoop-hdds-container-service-0.5.0-SNAPSHOT.jar!/webapps/static,AVAILABLE}
2019-09-24 03:07:24,921 [main] INFO  handler.ContextHandler (ContextHandler.java:doStart(781)) - Started o.e.j.w.WebAppContext@4613311f{/,file:///tmp/jetty-0.0.0.0-45325-hddsDatanode-_-any-6067731516183559237.dir/webapp/,AVAILABLE}{/hddsDatanode}
2019-09-24 03:07:24,922 [main] INFO  server.AbstractConnector (AbstractConnector.java:doStart(278)) - Started ServerConnector@6540cf1d{HTTP/1.1,[http/1.1]}{0.0.0.0:45325}
2019-09-24 03:07:24,924 [main] INFO  server.Server (Server.java:doStart(419)) - Started @5214ms
2019-09-24 03:07:24,925 [main] WARN  impl.MetricsSystemImpl (MetricsSystemImpl.java:register(276)) - Sink prometheus already exists!
2019-09-24 03:07:24,926 [main] INFO  server.BaseHttpServer (BaseHttpServer.java:updateConnectorAddress(215)) - HTTP server of HDDSDATANODE is listening at http://0.0.0.0:45325
2019-09-24 03:07:24,927 [main] INFO  impl.MetricsSystemImpl (MetricsSystemImpl.java:init(158)) - HddsDatanode metrics system started (again)
2019-09-24 03:07:24,930 [org.apache.hadoop.util.JvmPauseMonitor$Monitor@1e569c9b] INFO  util.JvmPauseMonitor (JvmPauseMonitor.java:run(188)) - Starting JVM pause monitor
2019-09-24 03:07:24,931 [main] INFO  ozone.HddsDatanodeService (HddsDatanodeService.java:start(184)) - HddsDatanodeService host:pr-hdds-2162-tjkd5-3209850126 ip:192.168.151.121
2019-09-24 03:07:24,932 [Datanode State Machine Thread - 0] INFO  datanode.InitDatanodeState (InitDatanodeState.java:persistContainerDatanodeDetails(140)) - DatanodeDetails is persisted to /workdir/hadoop-ozone/integration-test/target/test-dir/MiniOzoneClusterImpl-3c9a5054-9541-4e02-9581-fea88c10aa6d/datanode-2/meta/datanode.id
2019-09-24 03:07:24,937 [main] INFO  volume.HddsVolume (HddsVolume.java:<init>(176)) - Creating Volume: /workdir/hadoop-ozone/integration-test/target/test-dir/MiniOzoneClusterImpl-3c9a5054-9541-4e02-9581-fea88c10aa6d/datanode-3/data/containers/hdds of  storage type : DISK and capacity : 1482555576320
2019-09-24 03:07:24,938 [main] INFO  volume.VolumeSet (VolumeSet.java:initializeVolumeSet(170)) - Added Volume : /workdir/hadoop-ozone/integration-test/target/test-dir/MiniOzoneClusterImpl-3c9a5054-9541-4e02-9581-fea88c10aa6d/datanode-3/data/containers/hdds to VolumeSet
2019-09-24 03:07:24,938 [main] INFO  volume.ThrottledAsyncChecker (ThrottledAsyncChecker.java:schedule(139)) - Scheduling a check for org.apache.hadoop.ozone.container.common.volume.HddsVolume@27d33393
2019-09-24 03:07:24,938 [main] INFO  volume.HddsVolumeChecker (HddsVolumeChecker.java:checkAllVolumes(202)) - Scheduled health check for volume org.apache.hadoop.ozone.container.common.volume.HddsVolume@27d33393
2019-09-24 03:07:24,952 [main] INFO  impl.RaftServerProxy (ConfUtils.java:logGet(43)) - raft.rpc.type = GRPC (default)
2019-09-24 03:07:24,953 [main] INFO  grpc.GrpcFactory (GrpcFactory.java:checkPooledByteBufAllocatorUseCacheForAllThreads(45)) - PERFORMANCE WARNING: useCacheForAllThreads is true that may cause Netty to create a lot garbage objects and, as a result, trigger GC.
	It is recommended to disable useCacheForAllThreads by setting -Dorg.apache.ratis.thirdparty.io.netty.allocator.useCacheForAllThreads=false in command line.
2019-09-24 03:07:24,953 [main] INFO  grpc.GrpcConfigKeys$Server (ConfUtils.java:logGet(43)) - raft.grpc.server.port = 0 (default)
2019-09-24 03:07:24,953 [main] INFO  server.GrpcService (ConfUtils.java:logGet(43)) - raft.grpc.message.size.max = 33570816 (custom)
2019-09-24 03:07:24,953 [main] INFO  server.RaftServerConfigKeys (ConfUtils.java:logGet(43)) - raft.server.log.appender.buffer.byte-limit = 33554432 (custom)
2019-09-24 03:07:24,954 [main] INFO  server.GrpcService (ConfUtils.java:logGet(43)) - raft.grpc.flow.control.window = 1MB (=1048576) (default)
2019-09-24 03:07:24,954 [main] INFO  server.RaftServerConfigKeys (ConfUtils.java:logGet(43)) - raft.server.rpc.request.timeout = 3000ms (default)
2019-09-24 03:07:24,955 [main] INFO  server.RaftServerConfigKeys (ConfUtils.java:logGet(43)) - raft.server.storage.dir = [/workdir/hadoop-ozone/integration-test/target/test-dir/MiniOzoneClusterImpl-3c9a5054-9541-4e02-9581-fea88c10aa6d/datanode-3/data/ratis] (custom)
2019-09-24 03:07:24,957 [main] INFO  hdfs.DFSUtil (DFSUtil.java:httpServerTemplateForNNAndJN(1641)) - Starting Web-server for hddsDatanode at: http://0.0.0.0:0
2019-09-24 03:07:24,960 [main] INFO  server.AuthenticationFilter (AuthenticationFilter.java:constructSecretProvider(240)) - Unable to initialize FileSignerSecretProvider, falling back to use random secrets.
2019-09-24 03:07:24,961 [main] WARN  http.HttpRequestLog (HttpRequestLog.java:getRequestLog(97)) - Jetty request log can only be enabled using Log4j
2019-09-24 03:07:24,964 [main] INFO  http.HttpServer2 (HttpServer2.java:addGlobalFilter(975)) - Added global filter 'safety' (class=org.apache.hadoop.http.HttpServer2$QuotingInputFilter)
2019-09-24 03:07:24,965 [main] INFO  http.HttpServer2 (HttpServer2.java:addFilter(948)) - Added filter static_user_filter (class=org.apache.hadoop.http.lib.StaticUserWebFilter$StaticUserFilter) to context hddsDatanode
2019-09-24 03:07:24,966 [main] INFO  http.HttpServer2 (HttpServer2.java:addFilter(958)) - Added filter static_user_filter (class=org.apache.hadoop.http.lib.StaticUserWebFilter$StaticUserFilter) to context static
2019-09-24 03:07:24,966 [main] INFO  http.HttpServer2 (HttpServer2.java:addFilter(958)) - Added filter static_user_filter (class=org.apache.hadoop.http.lib.StaticUserWebFilter$StaticUserFilter) to context logs
2019-09-24 03:07:24,968 [main] INFO  http.HttpServer2 (HttpServer2.java:bindListener(1191)) - Jetty bound to port 43698
2019-09-24 03:07:24,968 [main] INFO  server.Server (Server.java:doStart(351)) - jetty-9.3.25.v20180904, build timestamp: 2018-09-04T21:11:46Z, git hash: 3ce520221d0240229c862b122d2b06c12a625732
2019-09-24 03:07:24,972 [main] INFO  handler.ContextHandler (ContextHandler.java:doStart(781)) - Started o.e.j.s.ServletContextHandler@119aa36{/logs,file:///workdir/hadoop-ozone/integration-test/target/log,AVAILABLE}
2019-09-24 03:07:24,973 [main] INFO  handler.ContextHandler (ContextHandler.java:doStart(781)) - Started o.e.j.s.ServletContextHandler@69fe0ed4{/static,jar:file:/home/user/.m2/repository/org/apache/hadoop/hadoop-hdds-container-service/0.5.0-SNAPSHOT/hadoop-hdds-container-service-0.5.0-SNAPSHOT.jar!/webapps/static,AVAILABLE}
2019-09-24 03:07:25,021 [main] INFO  handler.ContextHandler (ContextHandler.java:doStart(781)) - Started o.e.j.w.WebAppContext@748d2277{/,file:///tmp/jetty-0.0.0.0-43698-hddsDatanode-_-any-6158088473007103207.dir/webapp/,AVAILABLE}{/hddsDatanode}
2019-09-24 03:07:25,023 [main] INFO  server.AbstractConnector (AbstractConnector.java:doStart(278)) - Started ServerConnector@2f897dab{HTTP/1.1,[http/1.1]}{0.0.0.0:43698}
2019-09-24 03:07:25,025 [main] INFO  server.Server (Server.java:doStart(419)) - Started @5314ms
2019-09-24 03:07:25,025 [main] WARN  impl.MetricsSystemImpl (MetricsSystemImpl.java:register(276)) - Sink prometheus already exists!
2019-09-24 03:07:25,026 [main] INFO  server.BaseHttpServer (BaseHttpServer.java:updateConnectorAddress(215)) - HTTP server of HDDSDATANODE is listening at http://0.0.0.0:43698
2019-09-24 03:07:25,027 [main] INFO  impl.MetricsSystemImpl (MetricsSystemImpl.java:init(158)) - HddsDatanode metrics system started (again)
2019-09-24 03:07:25,031 [org.apache.hadoop.util.JvmPauseMonitor$Monitor@49fdf1d4] INFO  util.JvmPauseMonitor (JvmPauseMonitor.java:run(188)) - Starting JVM pause monitor
2019-09-24 03:07:25,031 [main] INFO  ozone.HddsDatanodeService (HddsDatanodeService.java:start(184)) - HddsDatanodeService host:pr-hdds-2162-tjkd5-3209850126 ip:192.168.151.121
2019-09-24 03:07:25,034 [Datanode State Machine Thread - 0] INFO  datanode.InitDatanodeState (InitDatanodeState.java:persistContainerDatanodeDetails(140)) - DatanodeDetails is persisted to /workdir/hadoop-ozone/integration-test/target/test-dir/MiniOzoneClusterImpl-3c9a5054-9541-4e02-9581-fea88c10aa6d/datanode-3/meta/datanode.id
2019-09-24 03:07:25,043 [main] INFO  volume.HddsVolume (HddsVolume.java:<init>(176)) - Creating Volume: /workdir/hadoop-ozone/integration-test/target/test-dir/MiniOzoneClusterImpl-3c9a5054-9541-4e02-9581-fea88c10aa6d/datanode-4/data/containers/hdds of  storage type : DISK and capacity : 1482555576320
2019-09-24 03:07:25,044 [main] INFO  volume.VolumeSet (VolumeSet.java:initializeVolumeSet(170)) - Added Volume : /workdir/hadoop-ozone/integration-test/target/test-dir/MiniOzoneClusterImpl-3c9a5054-9541-4e02-9581-fea88c10aa6d/datanode-4/data/containers/hdds to VolumeSet
2019-09-24 03:07:25,044 [main] INFO  volume.ThrottledAsyncChecker (ThrottledAsyncChecker.java:schedule(139)) - Scheduling a check for org.apache.hadoop.ozone.container.common.volume.HddsVolume@561b7d53
2019-09-24 03:07:25,045 [main] INFO  volume.HddsVolumeChecker (HddsVolumeChecker.java:checkAllVolumes(202)) - Scheduled health check for volume org.apache.hadoop.ozone.container.common.volume.HddsVolume@561b7d53
2019-09-24 03:07:25,062 [main] INFO  impl.RaftServerProxy (ConfUtils.java:logGet(43)) - raft.rpc.type = GRPC (default)
2019-09-24 03:07:25,062 [main] INFO  grpc.GrpcFactory (GrpcFactory.java:checkPooledByteBufAllocatorUseCacheForAllThreads(45)) - PERFORMANCE WARNING: useCacheForAllThreads is true that may cause Netty to create a lot garbage objects and, as a result, trigger GC.
	It is recommended to disable useCacheForAllThreads by setting -Dorg.apache.ratis.thirdparty.io.netty.allocator.useCacheForAllThreads=false in command line.
2019-09-24 03:07:25,062 [main] INFO  grpc.GrpcConfigKeys$Server (ConfUtils.java:logGet(43)) - raft.grpc.server.port = 0 (default)
2019-09-24 03:07:25,062 [main] INFO  server.GrpcService (ConfUtils.java:logGet(43)) - raft.grpc.message.size.max = 33570816 (custom)
2019-09-24 03:07:25,063 [main] INFO  server.RaftServerConfigKeys (ConfUtils.java:logGet(43)) - raft.server.log.appender.buffer.byte-limit = 33554432 (custom)
2019-09-24 03:07:25,063 [main] INFO  server.GrpcService (ConfUtils.java:logGet(43)) - raft.grpc.flow.control.window = 1MB (=1048576) (default)
2019-09-24 03:07:25,063 [main] INFO  server.RaftServerConfigKeys (ConfUtils.java:logGet(43)) - raft.server.rpc.request.timeout = 3000ms (default)
2019-09-24 03:07:25,064 [main] INFO  server.RaftServerConfigKeys (ConfUtils.java:logGet(43)) - raft.server.storage.dir = [/workdir/hadoop-ozone/integration-test/target/test-dir/MiniOzoneClusterImpl-3c9a5054-9541-4e02-9581-fea88c10aa6d/datanode-4/data/ratis] (custom)
2019-09-24 03:07:25,066 [main] INFO  hdfs.DFSUtil (DFSUtil.java:httpServerTemplateForNNAndJN(1641)) - Starting Web-server for hddsDatanode at: http://0.0.0.0:0
2019-09-24 03:07:25,067 [main] INFO  server.AuthenticationFilter (AuthenticationFilter.java:constructSecretProvider(240)) - Unable to initialize FileSignerSecretProvider, falling back to use random secrets.
2019-09-24 03:07:25,068 [main] WARN  http.HttpRequestLog (HttpRequestLog.java:getRequestLog(97)) - Jetty request log can only be enabled using Log4j
2019-09-24 03:07:25,070 [main] INFO  http.HttpServer2 (HttpServer2.java:addGlobalFilter(975)) - Added global filter 'safety' (class=org.apache.hadoop.http.HttpServer2$QuotingInputFilter)
2019-09-24 03:07:25,071 [main] INFO  http.HttpServer2 (HttpServer2.java:addFilter(948)) - Added filter static_user_filter (class=org.apache.hadoop.http.lib.StaticUserWebFilter$StaticUserFilter) to context hddsDatanode
2019-09-24 03:07:25,071 [main] INFO  http.HttpServer2 (HttpServer2.java:addFilter(958)) - Added filter static_user_filter (class=org.apache.hadoop.http.lib.StaticUserWebFilter$StaticUserFilter) to context logs
2019-09-24 03:07:25,071 [main] INFO  http.HttpServer2 (HttpServer2.java:addFilter(958)) - Added filter static_user_filter (class=org.apache.hadoop.http.lib.StaticUserWebFilter$StaticUserFilter) to context static
2019-09-24 03:07:25,072 [main] INFO  http.HttpServer2 (HttpServer2.java:bindListener(1191)) - Jetty bound to port 45044
2019-09-24 03:07:25,072 [main] INFO  server.Server (Server.java:doStart(351)) - jetty-9.3.25.v20180904, build timestamp: 2018-09-04T21:11:46Z, git hash: 3ce520221d0240229c862b122d2b06c12a625732
2019-09-24 03:07:25,078 [main] INFO  handler.ContextHandler (ContextHandler.java:doStart(781)) - Started o.e.j.s.ServletContextHandler@250a500b{/logs,file:///workdir/hadoop-ozone/integration-test/target/log,AVAILABLE}
2019-09-24 03:07:25,079 [main] INFO  handler.ContextHandler (ContextHandler.java:doStart(781)) - Started o.e.j.s.ServletContextHandler@4f89331f{/static,jar:file:/home/user/.m2/repository/org/apache/hadoop/hadoop-hdds-container-service/0.5.0-SNAPSHOT/hadoop-hdds-container-service-0.5.0-SNAPSHOT.jar!/webapps/static,AVAILABLE}
2019-09-24 03:07:25,114 [main] INFO  handler.ContextHandler (ContextHandler.java:doStart(781)) - Started o.e.j.w.WebAppContext@6f911326{/,file:///tmp/jetty-0.0.0.0-45044-hddsDatanode-_-any-4655429883288607978.dir/webapp/,AVAILABLE}{/hddsDatanode}
2019-09-24 03:07:25,114 [main] INFO  server.AbstractConnector (AbstractConnector.java:doStart(278)) - Started ServerConnector@f1d0004{HTTP/1.1,[http/1.1]}{0.0.0.0:45044}
2019-09-24 03:07:25,116 [main] INFO  server.Server (Server.java:doStart(419)) - Started @5406ms
2019-09-24 03:07:25,117 [main] WARN  impl.MetricsSystemImpl (MetricsSystemImpl.java:register(276)) - Sink prometheus already exists!
2019-09-24 03:07:25,118 [main] INFO  server.BaseHttpServer (BaseHttpServer.java:updateConnectorAddress(215)) - HTTP server of HDDSDATANODE is listening at http://0.0.0.0:45044
2019-09-24 03:07:25,118 [main] INFO  impl.MetricsSystemImpl (MetricsSystemImpl.java:init(158)) - HddsDatanode metrics system started (again)
2019-09-24 03:07:25,122 [main] INFO  ozone.HddsDatanodeService (HddsDatanodeService.java:start(184)) - HddsDatanodeService host:pr-hdds-2162-tjkd5-3209850126 ip:192.168.151.121
2019-09-24 03:07:25,122 [org.apache.hadoop.util.JvmPauseMonitor$Monitor@23b8f0dd] INFO  util.JvmPauseMonitor (JvmPauseMonitor.java:run(188)) - Starting JVM pause monitor
2019-09-24 03:07:25,125 [Datanode State Machine Thread - 0] INFO  datanode.InitDatanodeState (InitDatanodeState.java:persistContainerDatanodeDetails(140)) - DatanodeDetails is persisted to /workdir/hadoop-ozone/integration-test/target/test-dir/MiniOzoneClusterImpl-3c9a5054-9541-4e02-9581-fea88c10aa6d/datanode-4/meta/datanode.id
2019-09-24 03:07:25,131 [main] INFO  volume.HddsVolume (HddsVolume.java:<init>(176)) - Creating Volume: /workdir/hadoop-ozone/integration-test/target/test-dir/MiniOzoneClusterImpl-3c9a5054-9541-4e02-9581-fea88c10aa6d/datanode-5/data/containers/hdds of  storage type : DISK and capacity : 1482555576320
2019-09-24 03:07:25,132 [main] INFO  volume.VolumeSet (VolumeSet.java:initializeVolumeSet(170)) - Added Volume : /workdir/hadoop-ozone/integration-test/target/test-dir/MiniOzoneClusterImpl-3c9a5054-9541-4e02-9581-fea88c10aa6d/datanode-5/data/containers/hdds to VolumeSet
2019-09-24 03:07:25,132 [main] INFO  volume.ThrottledAsyncChecker (ThrottledAsyncChecker.java:schedule(139)) - Scheduling a check for org.apache.hadoop.ozone.container.common.volume.HddsVolume@51d387d3
2019-09-24 03:07:25,133 [main] INFO  volume.HddsVolumeChecker (HddsVolumeChecker.java:checkAllVolumes(202)) - Scheduled health check for volume org.apache.hadoop.ozone.container.common.volume.HddsVolume@51d387d3
2019-09-24 03:07:25,153 [main] INFO  impl.RaftServerProxy (ConfUtils.java:logGet(43)) - raft.rpc.type = GRPC (default)
2019-09-24 03:07:25,154 [main] INFO  grpc.GrpcFactory (GrpcFactory.java:checkPooledByteBufAllocatorUseCacheForAllThreads(45)) - PERFORMANCE WARNING: useCacheForAllThreads is true that may cause Netty to create a lot garbage objects and, as a result, trigger GC.
	It is recommended to disable useCacheForAllThreads by setting -Dorg.apache.ratis.thirdparty.io.netty.allocator.useCacheForAllThreads=false in command line.
2019-09-24 03:07:25,154 [main] INFO  grpc.GrpcConfigKeys$Server (ConfUtils.java:logGet(43)) - raft.grpc.server.port = 0 (default)
2019-09-24 03:07:25,155 [main] INFO  server.GrpcService (ConfUtils.java:logGet(43)) - raft.grpc.message.size.max = 33570816 (custom)
2019-09-24 03:07:25,155 [main] INFO  server.RaftServerConfigKeys (ConfUtils.java:logGet(43)) - raft.server.log.appender.buffer.byte-limit = 33554432 (custom)
2019-09-24 03:07:25,155 [main] INFO  server.GrpcService (ConfUtils.java:logGet(43)) - raft.grpc.flow.control.window = 1MB (=1048576) (default)
2019-09-24 03:07:25,155 [main] INFO  server.RaftServerConfigKeys (ConfUtils.java:logGet(43)) - raft.server.rpc.request.timeout = 3000ms (default)
2019-09-24 03:07:25,156 [main] INFO  server.RaftServerConfigKeys (ConfUtils.java:logGet(43)) - raft.server.storage.dir = [/workdir/hadoop-ozone/integration-test/target/test-dir/MiniOzoneClusterImpl-3c9a5054-9541-4e02-9581-fea88c10aa6d/datanode-5/data/ratis] (custom)
2019-09-24 03:07:25,159 [main] INFO  hdfs.DFSUtil (DFSUtil.java:httpServerTemplateForNNAndJN(1641)) - Starting Web-server for hddsDatanode at: http://0.0.0.0:0
2019-09-24 03:07:25,160 [main] INFO  server.AuthenticationFilter (AuthenticationFilter.java:constructSecretProvider(240)) - Unable to initialize FileSignerSecretProvider, falling back to use random secrets.
2019-09-24 03:07:25,161 [main] WARN  http.HttpRequestLog (HttpRequestLog.java:getRequestLog(97)) - Jetty request log can only be enabled using Log4j
2019-09-24 03:07:25,163 [main] INFO  http.HttpServer2 (HttpServer2.java:addGlobalFilter(975)) - Added global filter 'safety' (class=org.apache.hadoop.http.HttpServer2$QuotingInputFilter)
2019-09-24 03:07:25,164 [main] INFO  http.HttpServer2 (HttpServer2.java:addFilter(948)) - Added filter static_user_filter (class=org.apache.hadoop.http.lib.StaticUserWebFilter$StaticUserFilter) to context hddsDatanode
2019-09-24 03:07:25,165 [main] INFO  http.HttpServer2 (HttpServer2.java:addFilter(958)) - Added filter static_user_filter (class=org.apache.hadoop.http.lib.StaticUserWebFilter$StaticUserFilter) to context logs
2019-09-24 03:07:25,165 [main] INFO  http.HttpServer2 (HttpServer2.java:addFilter(958)) - Added filter static_user_filter (class=org.apache.hadoop.http.lib.StaticUserWebFilter$StaticUserFilter) to context static
2019-09-24 03:07:25,166 [main] INFO  http.HttpServer2 (HttpServer2.java:bindListener(1191)) - Jetty bound to port 44428
2019-09-24 03:07:25,166 [main] INFO  server.Server (Server.java:doStart(351)) - jetty-9.3.25.v20180904, build timestamp: 2018-09-04T21:11:46Z, git hash: 3ce520221d0240229c862b122d2b06c12a625732
2019-09-24 03:07:25,168 [main] INFO  handler.ContextHandler (ContextHandler.java:doStart(781)) - Started o.e.j.s.ServletContextHandler@12d5c30e{/logs,file:///workdir/hadoop-ozone/integration-test/target/log,AVAILABLE}
2019-09-24 03:07:25,169 [main] INFO  handler.ContextHandler (ContextHandler.java:doStart(781)) - Started o.e.j.s.ServletContextHandler@26586b74{/static,jar:file:/home/user/.m2/repository/org/apache/hadoop/hadoop-hdds-container-service/0.5.0-SNAPSHOT/hadoop-hdds-container-service-0.5.0-SNAPSHOT.jar!/webapps/static,AVAILABLE}
2019-09-24 03:07:25,218 [main] INFO  handler.ContextHandler (ContextHandler.java:doStart(781)) - Started o.e.j.w.WebAppContext@ae2db25{/,file:///tmp/jetty-0.0.0.0-44428-hddsDatanode-_-any-3234336951112902276.dir/webapp/,AVAILABLE}{/hddsDatanode}
2019-09-24 03:07:25,219 [main] INFO  server.AbstractConnector (AbstractConnector.java:doStart(278)) - Started ServerConnector@363c4251{HTTP/1.1,[http/1.1]}{0.0.0.0:44428}
2019-09-24 03:07:25,221 [main] INFO  server.Server (Server.java:doStart(419)) - Started @5511ms
2019-09-24 03:07:25,221 [main] WARN  impl.MetricsSystemImpl (MetricsSystemImpl.java:register(276)) - Sink prometheus already exists!
2019-09-24 03:07:25,223 [main] INFO  server.BaseHttpServer (BaseHttpServer.java:updateConnectorAddress(215)) - HTTP server of HDDSDATANODE is listening at http://0.0.0.0:44428
2019-09-24 03:07:25,224 [main] INFO  impl.MetricsSystemImpl (MetricsSystemImpl.java:init(158)) - HddsDatanode metrics system started (again)
2019-09-24 03:07:25,228 [org.apache.hadoop.util.JvmPauseMonitor$Monitor@5e146f60] INFO  util.JvmPauseMonitor (JvmPauseMonitor.java:run(188)) - Starting JVM pause monitor
2019-09-24 03:07:25,230 [main] INFO  ozone.HddsDatanodeService (HddsDatanodeService.java:start(184)) - HddsDatanodeService host:pr-hdds-2162-tjkd5-3209850126 ip:192.168.151.121
2019-09-24 03:07:25,231 [Datanode State Machine Thread - 0] INFO  datanode.InitDatanodeState (InitDatanodeState.java:persistContainerDatanodeDetails(140)) - DatanodeDetails is persisted to /workdir/hadoop-ozone/integration-test/target/test-dir/MiniOzoneClusterImpl-3c9a5054-9541-4e02-9581-fea88c10aa6d/datanode-5/meta/datanode.id
2019-09-24 03:07:25,240 [main] INFO  volume.HddsVolume (HddsVolume.java:<init>(176)) - Creating Volume: /workdir/hadoop-ozone/integration-test/target/test-dir/MiniOzoneClusterImpl-3c9a5054-9541-4e02-9581-fea88c10aa6d/datanode-6/data/containers/hdds of  storage type : DISK and capacity : 1482555576320
2019-09-24 03:07:25,240 [main] INFO  volume.VolumeSet (VolumeSet.java:initializeVolumeSet(170)) - Added Volume : /workdir/hadoop-ozone/integration-test/target/test-dir/MiniOzoneClusterImpl-3c9a5054-9541-4e02-9581-fea88c10aa6d/datanode-6/data/containers/hdds to VolumeSet
2019-09-24 03:07:25,241 [main] INFO  volume.ThrottledAsyncChecker (ThrottledAsyncChecker.java:schedule(139)) - Scheduling a check for org.apache.hadoop.ozone.container.common.volume.HddsVolume@72fd8a3c
2019-09-24 03:07:25,241 [main] INFO  volume.HddsVolumeChecker (HddsVolumeChecker.java:checkAllVolumes(202)) - Scheduled health check for volume org.apache.hadoop.ozone.container.common.volume.HddsVolume@72fd8a3c
2019-09-24 03:07:25,272 [main] INFO  impl.RaftServerProxy (ConfUtils.java:logGet(43)) - raft.rpc.type = GRPC (default)
2019-09-24 03:07:25,272 [main] INFO  grpc.GrpcFactory (GrpcFactory.java:checkPooledByteBufAllocatorUseCacheForAllThreads(45)) - PERFORMANCE WARNING: useCacheForAllThreads is true that may cause Netty to create a lot garbage objects and, as a result, trigger GC.
	It is recommended to disable useCacheForAllThreads by setting -Dorg.apache.ratis.thirdparty.io.netty.allocator.useCacheForAllThreads=false in command line.
2019-09-24 03:07:25,272 [main] INFO  grpc.GrpcConfigKeys$Server (ConfUtils.java:logGet(43)) - raft.grpc.server.port = 0 (default)
2019-09-24 03:07:25,273 [main] INFO  server.GrpcService (ConfUtils.java:logGet(43)) - raft.grpc.message.size.max = 33570816 (custom)
2019-09-24 03:07:25,273 [main] INFO  server.RaftServerConfigKeys (ConfUtils.java:logGet(43)) - raft.server.log.appender.buffer.byte-limit = 33554432 (custom)
2019-09-24 03:07:25,273 [main] INFO  server.GrpcService (ConfUtils.java:logGet(43)) - raft.grpc.flow.control.window = 1MB (=1048576) (default)
2019-09-24 03:07:25,274 [main] INFO  server.RaftServerConfigKeys (ConfUtils.java:logGet(43)) - raft.server.rpc.request.timeout = 3000ms (default)
2019-09-24 03:07:25,274 [main] INFO  server.RaftServerConfigKeys (ConfUtils.java:logGet(43)) - raft.server.storage.dir = [/workdir/hadoop-ozone/integration-test/target/test-dir/MiniOzoneClusterImpl-3c9a5054-9541-4e02-9581-fea88c10aa6d/datanode-6/data/ratis] (custom)
2019-09-24 03:07:25,277 [main] INFO  hdfs.DFSUtil (DFSUtil.java:httpServerTemplateForNNAndJN(1641)) - Starting Web-server for hddsDatanode at: http://0.0.0.0:0
2019-09-24 03:07:25,278 [main] INFO  server.AuthenticationFilter (AuthenticationFilter.java:constructSecretProvider(240)) - Unable to initialize FileSignerSecretProvider, falling back to use random secrets.
2019-09-24 03:07:25,279 [main] WARN  http.HttpRequestLog (HttpRequestLog.java:getRequestLog(97)) - Jetty request log can only be enabled using Log4j
2019-09-24 03:07:25,281 [main] INFO  http.HttpServer2 (HttpServer2.java:addGlobalFilter(975)) - Added global filter 'safety' (class=org.apache.hadoop.http.HttpServer2$QuotingInputFilter)
2019-09-24 03:07:25,281 [main] INFO  http.HttpServer2 (HttpServer2.java:addFilter(948)) - Added filter static_user_filter (class=org.apache.hadoop.http.lib.StaticUserWebFilter$StaticUserFilter) to context hddsDatanode
2019-09-24 03:07:25,282 [main] INFO  http.HttpServer2 (HttpServer2.java:addFilter(958)) - Added filter static_user_filter (class=org.apache.hadoop.http.lib.StaticUserWebFilter$StaticUserFilter) to context logs
2019-09-24 03:07:25,282 [main] INFO  http.HttpServer2 (HttpServer2.java:addFilter(958)) - Added filter static_user_filter (class=org.apache.hadoop.http.lib.StaticUserWebFilter$StaticUserFilter) to context static
2019-09-24 03:07:25,283 [main] INFO  http.HttpServer2 (HttpServer2.java:bindListener(1191)) - Jetty bound to port 45716
2019-09-24 03:07:25,283 [main] INFO  server.Server (Server.java:doStart(351)) - jetty-9.3.25.v20180904, build timestamp: 2018-09-04T21:11:46Z, git hash: 3ce520221d0240229c862b122d2b06c12a625732
2019-09-24 03:07:25,285 [main] INFO  handler.ContextHandler (ContextHandler.java:doStart(781)) - Started o.e.j.s.ServletContextHandler@7d3fb0ef{/logs,file:///workdir/hadoop-ozone/integration-test/target/log,AVAILABLE}
2019-09-24 03:07:25,286 [main] INFO  handler.ContextHandler (ContextHandler.java:doStart(781)) - Started o.e.j.s.ServletContextHandler@4adc663e{/static,jar:file:/home/user/.m2/repository/org/apache/hadoop/hadoop-hdds-container-service/0.5.0-SNAPSHOT/hadoop-hdds-container-service-0.5.0-SNAPSHOT.jar!/webapps/static,AVAILABLE}
2019-09-24 03:07:25,319 [main] INFO  handler.ContextHandler (ContextHandler.java:doStart(781)) - Started o.e.j.w.WebAppContext@6c841199{/,file:///tmp/jetty-0.0.0.0-45716-hddsDatanode-_-any-61530593562780609.dir/webapp/,AVAILABLE}{/hddsDatanode}
2019-09-24 03:07:25,320 [main] INFO  server.AbstractConnector (AbstractConnector.java:doStart(278)) - Started ServerConnector@6a818392{HTTP/1.1,[http/1.1]}{0.0.0.0:45716}
2019-09-24 03:07:25,321 [main] INFO  server.Server (Server.java:doStart(419)) - Started @5611ms
2019-09-24 03:07:25,321 [main] WARN  impl.MetricsSystemImpl (MetricsSystemImpl.java:register(276)) - Sink prometheus already exists!
2019-09-24 03:07:25,322 [main] INFO  server.BaseHttpServer (BaseHttpServer.java:updateConnectorAddress(215)) - HTTP server of HDDSDATANODE is listening at http://0.0.0.0:45716
2019-09-24 03:07:25,325 [main] INFO  ozone.MiniOzoneClusterImpl (MiniOzoneClusterImpl.java:lambda$waitForClusterToBeReady$0(147)) - Waiting for cluster to be ready. Got 0 of 7 DN Heartbeats.
2019-09-24 03:07:25,325 [org.apache.hadoop.util.JvmPauseMonitor$Monitor@4c96a5d9] INFO  util.JvmPauseMonitor (JvmPauseMonitor.java:run(188)) - Starting JVM pause monitor
2019-09-24 03:07:25,328 [Datanode State Machine Thread - 0] INFO  datanode.InitDatanodeState (InitDatanodeState.java:persistContainerDatanodeDetails(140)) - DatanodeDetails is persisted to /workdir/hadoop-ozone/integration-test/target/test-dir/MiniOzoneClusterImpl-3c9a5054-9541-4e02-9581-fea88c10aa6d/datanode-6/meta/datanode.id
2019-09-24 03:07:26,325 [main] INFO  ozone.MiniOzoneClusterImpl (MiniOzoneClusterImpl.java:lambda$waitForClusterToBeReady$0(147)) - Waiting for cluster to be ready. Got 0 of 7 DN Heartbeats.
2019-09-24 03:07:26,796 [Datanode State Machine Thread - 0] INFO  ozoneimpl.OzoneContainer (OzoneContainer.java:start(217)) - Attempting to start container services.
2019-09-24 03:07:26,799 [Datanode State Machine Thread - 0] INFO  ozoneimpl.OzoneContainer (OzoneContainer.java:startContainerScrub(179)) - Background container scanner has been disabled.
2019-09-24 03:07:26,799 [Datanode State Machine Thread - 0] INFO  ratis.XceiverServerRatis (XceiverServerRatis.java:start(411)) - Starting XceiverServerRatis 35dcb943-b51f-4692-b68e-28aa3944273c at port 0
2019-09-24 03:07:26,817 [Datanode State Machine Thread - 0] INFO  impl.RaftServerProxy (RaftServerProxy.java:lambda$start$3(299)) - 35dcb943-b51f-4692-b68e-28aa3944273c: start RPC server
2019-09-24 03:07:26,859 [Datanode State Machine Thread - 0] INFO  ozoneimpl.OzoneContainer (OzoneContainer.java:start(217)) - Attempting to start container services.
2019-09-24 03:07:26,866 [Datanode State Machine Thread - 0] INFO  ozoneimpl.OzoneContainer (OzoneContainer.java:startContainerScrub(179)) - Background container scanner has been disabled.
2019-09-24 03:07:26,867 [Datanode State Machine Thread - 0] INFO  ratis.XceiverServerRatis (XceiverServerRatis.java:start(411)) - Starting XceiverServerRatis 94573a1c-628f-4691-8f5c-95c4939c988a at port 0
2019-09-24 03:07:26,875 [Datanode State Machine Thread - 0] INFO  impl.RaftServerProxy (RaftServerProxy.java:lambda$start$3(299)) - 94573a1c-628f-4691-8f5c-95c4939c988a: start RPC server
2019-09-24 03:07:26,947 [Datanode State Machine Thread - 0] INFO  ozoneimpl.OzoneContainer (OzoneContainer.java:start(217)) - Attempting to start container services.
2019-09-24 03:07:26,950 [Datanode State Machine Thread - 0] INFO  ozoneimpl.OzoneContainer (OzoneContainer.java:startContainerScrub(179)) - Background container scanner has been disabled.
2019-09-24 03:07:26,951 [Datanode State Machine Thread - 0] INFO  ratis.XceiverServerRatis (XceiverServerRatis.java:start(411)) - Starting XceiverServerRatis de29c35e-384c-4f64-9e28-a0d286e1760b at port 0
2019-09-24 03:07:26,963 [Datanode State Machine Thread - 0] INFO  impl.RaftServerProxy (RaftServerProxy.java:lambda$start$3(299)) - de29c35e-384c-4f64-9e28-a0d286e1760b: start RPC server
2019-09-24 03:07:26,966 [Datanode State Machine Thread - 0] INFO  server.GrpcService (GrpcService.java:startImpl(158)) - 35dcb943-b51f-4692-b68e-28aa3944273c: GrpcService started, listening on 0.0.0.0/0.0.0.0:35115
2019-09-24 03:07:26,966 [Datanode State Machine Thread - 0] INFO  server.GrpcService (GrpcService.java:startImpl(158)) - 94573a1c-628f-4691-8f5c-95c4939c988a: GrpcService started, listening on 0.0.0.0/0.0.0.0:35729
2019-09-24 03:07:26,967 [Datanode State Machine Thread - 0] INFO  server.GrpcService (GrpcService.java:startImpl(158)) - de29c35e-384c-4f64-9e28-a0d286e1760b: GrpcService started, listening on 0.0.0.0/0.0.0.0:38337
2019-09-24 03:07:26,967 [Datanode State Machine Thread - 0] INFO  ratis.XceiverServerRatis (XceiverServerRatis.java:start(421)) - XceiverServerRatis 35dcb943-b51f-4692-b68e-28aa3944273c is started using port 35115
2019-09-24 03:07:26,968 [Datanode State Machine Thread - 0] INFO  ratis.XceiverServerRatis (XceiverServerRatis.java:start(421)) - XceiverServerRatis de29c35e-384c-4f64-9e28-a0d286e1760b is started using port 38337
2019-09-24 03:07:26,968 [Datanode State Machine Thread - 0] INFO  ratis.XceiverServerRatis (XceiverServerRatis.java:start(421)) - XceiverServerRatis 94573a1c-628f-4691-8f5c-95c4939c988a is started using port 35729
2019-09-24 03:07:26,976 [Datanode State Machine Thread - 0] INFO  server.XceiverServerGrpc (XceiverServerGrpc.java:start(149)) - XceiverServerGrpc 94573a1c-628f-4691-8f5c-95c4939c988a is started using port 46324
2019-09-24 03:07:26,976 [Datanode State Machine Thread - 0] INFO  server.XceiverServerGrpc (XceiverServerGrpc.java:start(149)) - XceiverServerGrpc 35dcb943-b51f-4692-b68e-28aa3944273c is started using port 35425
2019-09-24 03:07:26,976 [Datanode State Machine Thread - 0] INFO  server.XceiverServerGrpc (XceiverServerGrpc.java:start(149)) - XceiverServerGrpc de29c35e-384c-4f64-9e28-a0d286e1760b is started using port 39915
2019-09-24 03:07:27,048 [Datanode State Machine Thread - 0] INFO  ozoneimpl.OzoneContainer (OzoneContainer.java:start(217)) - Attempting to start container services.
2019-09-24 03:07:27,054 [Datanode State Machine Thread - 0] INFO  ozoneimpl.OzoneContainer (OzoneContainer.java:startContainerScrub(179)) - Background container scanner has been disabled.
2019-09-24 03:07:27,054 [Datanode State Machine Thread - 0] INFO  ratis.XceiverServerRatis (XceiverServerRatis.java:start(411)) - Starting XceiverServerRatis e98bfd79-b296-4958-96e0-9f16ad4d3dd7 at port 0
2019-09-24 03:07:27,061 [Datanode State Machine Thread - 0] INFO  impl.RaftServerProxy (RaftServerProxy.java:lambda$start$3(299)) - e98bfd79-b296-4958-96e0-9f16ad4d3dd7: start RPC server
2019-09-24 03:07:27,064 [Datanode State Machine Thread - 0] INFO  server.GrpcService (GrpcService.java:startImpl(158)) - e98bfd79-b296-4958-96e0-9f16ad4d3dd7: GrpcService started, listening on 0.0.0.0/0.0.0.0:34803
2019-09-24 03:07:27,065 [Datanode State Machine Thread - 0] INFO  ratis.XceiverServerRatis (XceiverServerRatis.java:start(421)) - XceiverServerRatis e98bfd79-b296-4958-96e0-9f16ad4d3dd7 is started using port 34803
2019-09-24 03:07:27,067 [Datanode State Machine Thread - 0] INFO  server.XceiverServerGrpc (XceiverServerGrpc.java:start(149)) - XceiverServerGrpc e98bfd79-b296-4958-96e0-9f16ad4d3dd7 is started using port 44506
2019-09-24 03:07:27,144 [Datanode State Machine Thread - 0] INFO  ozoneimpl.OzoneContainer (OzoneContainer.java:start(217)) - Attempting to start container services.
2019-09-24 03:07:27,144 [Datanode State Machine Thread - 0] INFO  ozoneimpl.OzoneContainer (OzoneContainer.java:startContainerScrub(179)) - Background container scanner has been disabled.
2019-09-24 03:07:27,144 [Datanode State Machine Thread - 0] INFO  ratis.XceiverServerRatis (XceiverServerRatis.java:start(411)) - Starting XceiverServerRatis 1c4b9d97-8ee6-4c70-b33d-f77b8a26cbd8 at port 0
2019-09-24 03:07:27,152 [Datanode State Machine Thread - 0] INFO  impl.RaftServerProxy (RaftServerProxy.java:lambda$start$3(299)) - 1c4b9d97-8ee6-4c70-b33d-f77b8a26cbd8: start RPC server
2019-09-24 03:07:27,156 [Datanode State Machine Thread - 0] INFO  server.GrpcService (GrpcService.java:startImpl(158)) - 1c4b9d97-8ee6-4c70-b33d-f77b8a26cbd8: GrpcService started, listening on 0.0.0.0/0.0.0.0:33324
2019-09-24 03:07:27,157 [Datanode State Machine Thread - 0] INFO  ratis.XceiverServerRatis (XceiverServerRatis.java:start(421)) - XceiverServerRatis 1c4b9d97-8ee6-4c70-b33d-f77b8a26cbd8 is started using port 33324
2019-09-24 03:07:27,160 [Datanode State Machine Thread - 0] INFO  server.XceiverServerGrpc (XceiverServerGrpc.java:start(149)) - XceiverServerGrpc 1c4b9d97-8ee6-4c70-b33d-f77b8a26cbd8 is started using port 36375
2019-09-24 03:07:27,245 [Datanode State Machine Thread - 0] INFO  ozoneimpl.OzoneContainer (OzoneContainer.java:start(217)) - Attempting to start container services.
2019-09-24 03:07:27,246 [Datanode State Machine Thread - 0] INFO  ozoneimpl.OzoneContainer (OzoneContainer.java:startContainerScrub(179)) - Background container scanner has been disabled.
2019-09-24 03:07:27,246 [Datanode State Machine Thread - 0] INFO  ratis.XceiverServerRatis (XceiverServerRatis.java:start(411)) - Starting XceiverServerRatis cca15b09-5d98-4653-bef1-2fe6a3bc31c5 at port 0
2019-09-24 03:07:27,253 [Datanode State Machine Thread - 0] INFO  impl.RaftServerProxy (RaftServerProxy.java:lambda$start$3(299)) - cca15b09-5d98-4653-bef1-2fe6a3bc31c5: start RPC server
2019-09-24 03:07:27,257 [Datanode State Machine Thread - 0] INFO  server.GrpcService (GrpcService.java:startImpl(158)) - cca15b09-5d98-4653-bef1-2fe6a3bc31c5: GrpcService started, listening on 0.0.0.0/0.0.0.0:38726
2019-09-24 03:07:27,258 [Datanode State Machine Thread - 0] INFO  ratis.XceiverServerRatis (XceiverServerRatis.java:start(421)) - XceiverServerRatis cca15b09-5d98-4653-bef1-2fe6a3bc31c5 is started using port 38726
2019-09-24 03:07:27,261 [Datanode State Machine Thread - 0] INFO  server.XceiverServerGrpc (XceiverServerGrpc.java:start(149)) - XceiverServerGrpc cca15b09-5d98-4653-bef1-2fe6a3bc31c5 is started using port 36816
2019-09-24 03:07:27,326 [main] INFO  ozone.MiniOzoneClusterImpl (MiniOzoneClusterImpl.java:lambda$waitForClusterToBeReady$0(147)) - Waiting for cluster to be ready. Got 0 of 7 DN Heartbeats.
2019-09-24 03:07:27,341 [Datanode State Machine Thread - 0] INFO  ozoneimpl.OzoneContainer (OzoneContainer.java:start(217)) - Attempting to start container services.
2019-09-24 03:07:27,342 [Datanode State Machine Thread - 0] INFO  ozoneimpl.OzoneContainer (OzoneContainer.java:startContainerScrub(179)) - Background container scanner has been disabled.
2019-09-24 03:07:27,342 [Datanode State Machine Thread - 0] INFO  ratis.XceiverServerRatis (XceiverServerRatis.java:start(411)) - Starting XceiverServerRatis 6f396628-19e5-4ddc-b9c6-a68c9abd3c36 at port 0
2019-09-24 03:07:27,351 [Datanode State Machine Thread - 0] INFO  impl.RaftServerProxy (RaftServerProxy.java:lambda$start$3(299)) - 6f396628-19e5-4ddc-b9c6-a68c9abd3c36: start RPC server
2019-09-24 03:07:27,358 [Datanode State Machine Thread - 0] INFO  server.GrpcService (GrpcService.java:startImpl(158)) - 6f396628-19e5-4ddc-b9c6-a68c9abd3c36: GrpcService started, listening on 0.0.0.0/0.0.0.0:43628
2019-09-24 03:07:27,358 [Datanode State Machine Thread - 0] INFO  ratis.XceiverServerRatis (XceiverServerRatis.java:start(421)) - XceiverServerRatis 6f396628-19e5-4ddc-b9c6-a68c9abd3c36 is started using port 43628
2019-09-24 03:07:27,362 [Datanode State Machine Thread - 0] INFO  server.XceiverServerGrpc (XceiverServerGrpc.java:start(149)) - XceiverServerGrpc 6f396628-19e5-4ddc-b9c6-a68c9abd3c36 is started using port 35934
2019-09-24 03:07:28,327 [main] INFO  ozone.MiniOzoneClusterImpl (MiniOzoneClusterImpl.java:lambda$waitForClusterToBeReady$0(147)) - Waiting for cluster to be ready. Got 0 of 7 DN Heartbeats.
2019-09-24 03:07:28,796 [IPC Server handler 2 on 36828] INFO  net.NetworkTopology (NetworkTopologyImpl.java:add(111)) - Added a new node: /default-rack/35dcb943-b51f-4692-b68e-28aa3944273c
2019-09-24 03:07:28,796 [IPC Server handler 2 on 36828] INFO  node.SCMNodeManager (SCMNodeManager.java:register(266)) - Registered Data node : 35dcb943-b51f-4692-b68e-28aa3944273c{ip: 192.168.151.121, host: pr-hdds-2162-tjkd5-3209850126, networkLocation: /default-rack, certSerialId: null}
2019-09-24 03:07:28,802 [EventQueue-NodeRegistrationContainerReportForDataNodeSafeModeRule] INFO  safemode.SCMSafeModeManager (DataNodeSafeModeRule.java:process(71)) - SCM in safe mode. 1 DataNodes registered, 1 required.
2019-09-24 03:07:28,803 [EventQueue-NodeRegistrationContainerReportForDataNodeSafeModeRule] INFO  safemode.SCMSafeModeManager (SCMSafeModeManager.java:validateSafeModeExitRules(177)) - ScmSafeModeManager, all rules are successfully validated
2019-09-24 03:07:28,803 [EventQueue-NodeRegistrationContainerReportForDataNodeSafeModeRule] INFO  safemode.SCMSafeModeManager (SCMSafeModeManager.java:exitSafeMode(193)) - SCM exiting safe mode.
2019-09-24 03:07:28,848 [IPC Server handler 1 on 36828] INFO  net.NetworkTopology (NetworkTopologyImpl.java:add(111)) - Added a new node: /default-rack/94573a1c-628f-4691-8f5c-95c4939c988a
2019-09-24 03:07:28,848 [IPC Server handler 1 on 36828] INFO  node.SCMNodeManager (SCMNodeManager.java:register(266)) - Registered Data node : 94573a1c-628f-4691-8f5c-95c4939c988a{ip: 192.168.151.121, host: pr-hdds-2162-tjkd5-3209850126, networkLocation: /default-rack, certSerialId: null}
2019-09-24 03:07:28,933 [IPC Server handler 5 on 36828] INFO  net.NetworkTopology (NetworkTopologyImpl.java:add(111)) - Added a new node: /default-rack/de29c35e-384c-4f64-9e28-a0d286e1760b
2019-09-24 03:07:28,936 [IPC Server handler 5 on 36828] INFO  node.SCMNodeManager (SCMNodeManager.java:register(266)) - Registered Data node : de29c35e-384c-4f64-9e28-a0d286e1760b{ip: 192.168.151.121, host: pr-hdds-2162-tjkd5-3209850126, networkLocation: /default-rack, certSerialId: null}
2019-09-24 03:07:29,035 [IPC Server handler 4 on 36828] INFO  net.NetworkTopology (NetworkTopologyImpl.java:add(111)) - Added a new node: /default-rack/e98bfd79-b296-4958-96e0-9f16ad4d3dd7
2019-09-24 03:07:29,035 [IPC Server handler 4 on 36828] INFO  node.SCMNodeManager (SCMNodeManager.java:register(266)) - Registered Data node : e98bfd79-b296-4958-96e0-9f16ad4d3dd7{ip: 192.168.151.121, host: pr-hdds-2162-tjkd5-3209850126, networkLocation: /default-rack, certSerialId: null}
2019-09-24 03:07:29,125 [IPC Server handler 7 on 36828] INFO  net.NetworkTopology (NetworkTopologyImpl.java:add(111)) - Added a new node: /default-rack/1c4b9d97-8ee6-4c70-b33d-f77b8a26cbd8
2019-09-24 03:07:29,125 [IPC Server handler 7 on 36828] INFO  node.SCMNodeManager (SCMNodeManager.java:register(266)) - Registered Data node : 1c4b9d97-8ee6-4c70-b33d-f77b8a26cbd8{ip: 192.168.151.121, host: pr-hdds-2162-tjkd5-3209850126, networkLocation: /default-rack, certSerialId: null}
2019-09-24 03:07:29,242 [IPC Server handler 3 on 36828] INFO  net.NetworkTopology (NetworkTopologyImpl.java:add(111)) - Added a new node: /default-rack/cca15b09-5d98-4653-bef1-2fe6a3bc31c5
2019-09-24 03:07:29,242 [IPC Server handler 3 on 36828] INFO  node.SCMNodeManager (SCMNodeManager.java:register(266)) - Registered Data node : cca15b09-5d98-4653-bef1-2fe6a3bc31c5{ip: 192.168.151.121, host: pr-hdds-2162-tjkd5-3209850126, networkLocation: /default-rack, certSerialId: null}
2019-09-24 03:07:29,328 [main] INFO  ozone.MiniOzoneClusterImpl (MiniOzoneClusterImpl.java:lambda$waitForClusterToBeReady$0(147)) - Waiting for cluster to be ready. Got 6 of 7 DN Heartbeats.
2019-09-24 03:07:29,329 [IPC Server handler 6 on 36828] INFO  net.NetworkTopology (NetworkTopologyImpl.java:add(111)) - Added a new node: /default-rack/6f396628-19e5-4ddc-b9c6-a68c9abd3c36
2019-09-24 03:07:29,329 [IPC Server handler 6 on 36828] INFO  node.SCMNodeManager (SCMNodeManager.java:register(266)) - Registered Data node : 6f396628-19e5-4ddc-b9c6-a68c9abd3c36{ip: 192.168.151.121, host: pr-hdds-2162-tjkd5-3209850126, networkLocation: /default-rack, certSerialId: null}
2019-09-24 03:07:29,375 [grpc-default-executor-0] INFO  impl.RaftServerProxy (RaftServerProxy.java:addNew(89)) - 35dcb943-b51f-4692-b68e-28aa3944273c: addNew group-0CF08555900F:[35dcb943-b51f-4692-b68e-28aa3944273c:192.168.151.121:35115] returns group-0CF08555900F:java.util.concurrent.CompletableFuture@d9515a8[Not completed]
2019-09-24 03:07:29,393 [pool-27-thread-1] INFO  impl.RaftServerImpl (RaftServerImpl.java:<init>(95)) - 35dcb943-b51f-4692-b68e-28aa3944273c: new RaftServerImpl for group-0CF08555900F:[35dcb943-b51f-4692-b68e-28aa3944273c:192.168.151.121:35115] with ContainerStateMachine:uninitialized
2019-09-24 03:07:29,394 [pool-27-thread-1] INFO  server.RaftServerConfigKeys (ConfUtils.java:logGet(43)) - raft.server.rpc.timeout.min = 5s (custom)
2019-09-24 03:07:29,396 [pool-27-thread-1] INFO  server.RaftServerConfigKeys (ConfUtils.java:logGet(43)) - raft.server.rpc.timeout.max = 5200ms (custom)
2019-09-24 03:07:29,396 [pool-27-thread-1] INFO  server.RaftServerConfigKeys (ConfUtils.java:logGet(43)) - raft.server.rpcslowness.timeout = 120s (custom)
2019-09-24 03:07:29,397 [pool-27-thread-1] INFO  server.RaftServerConfigKeys (ConfUtils.java:logGet(43)) - raft.server.sleep.deviation.threshold = 300 (default)
2019-09-24 03:07:29,397 [pool-27-thread-1] INFO  server.RaftServerConfigKeys (ConfUtils.java:logGet(43)) - raft.server.log.appender.install.snapshot.enabled = false (custom)
2019-09-24 03:07:29,404 [pool-27-thread-1] INFO  impl.RaftServerImpl (ServerState.java:<init>(103)) - 35dcb943-b51f-4692-b68e-28aa3944273c@group-0CF08555900F: ConfigurationManager, init=-1: [35dcb943-b51f-4692-b68e-28aa3944273c:192.168.151.121:35115], old=null, confs=<EMPTY_MAP>
2019-09-24 03:07:29,404 [pool-27-thread-1] INFO  server.RaftServerConfigKeys (ConfUtils.java:logGet(43)) - raft.server.storage.dir = [/workdir/hadoop-ozone/integration-test/target/test-dir/MiniOzoneClusterImpl-3c9a5054-9541-4e02-9581-fea88c10aa6d/datanode-0/data/ratis] (custom)
2019-09-24 03:07:29,410 [pool-27-thread-1] INFO  storage.RaftStorageDirectory (RaftStorageDirectory.java:analyzeStorage(246)) - The storage directory /workdir/hadoop-ozone/integration-test/target/test-dir/MiniOzoneClusterImpl-3c9a5054-9541-4e02-9581-fea88c10aa6d/datanode-0/data/ratis/51450b4d-2f0e-4635-bdd8-0cf08555900f does not exist. Creating ...
2019-09-24 03:07:29,427 [pool-27-thread-1] INFO  storage.RaftStorageDirectory (RaftStorageDirectory.java:tryLock(328)) - Lock on /workdir/hadoop-ozone/integration-test/target/test-dir/MiniOzoneClusterImpl-3c9a5054-9541-4e02-9581-fea88c10aa6d/datanode-0/data/ratis/51450b4d-2f0e-4635-bdd8-0cf08555900f/in_use.lock acquired by nodename 31860@pr-hdds-2162-tjkd5-3209850126
2019-09-24 03:07:29,442 [pool-27-thread-1] INFO  storage.RaftStorage (RaftStorage.java:format(72)) - Storage directory /workdir/hadoop-ozone/integration-test/target/test-dir/MiniOzoneClusterImpl-3c9a5054-9541-4e02-9581-fea88c10aa6d/datanode-0/data/ratis/51450b4d-2f0e-4635-bdd8-0cf08555900f has been successfully formatted.
2019-09-24 03:07:29,444 [pool-27-thread-1] INFO  ratis.ContainerStateMachine (ContainerStateMachine.java:loadSnapshot(230)) - group-0CF08555900F: The snapshot info is null. Setting the last applied indexto:(t:0, i:~)
2019-09-24 03:07:29,444 [pool-27-thread-1] INFO  server.RaftServerConfigKeys (ConfUtils.java:logGet(43)) - raft.server.notification.no-leader.timeout = 120s (custom)
2019-09-24 03:07:29,446 [pool-27-thread-1] INFO  server.RaftServerConfigKeys (ConfUtils.java:logGet(43)) - raft.server.log.use.memory = false (default)
2019-09-24 03:07:29,450 [pool-27-thread-1] INFO  server.RaftServerConfigKeys (ConfUtils.java:logGet(43)) - raft.server.log.purge.gap = 1000000 (custom)
2019-09-24 03:07:29,451 [pool-27-thread-1] INFO  server.RaftServerConfigKeys (ConfUtils.java:logGet(43)) - raft.server.log.appender.buffer.byte-limit = 33554432 (custom)
2019-09-24 03:07:29,453 [pool-27-thread-1] INFO  server.RaftServerConfigKeys (ConfUtils.java:logGet(43)) - raft.server.log.segment.size.max = 1048576 (custom)
2019-09-24 03:07:29,457 [pool-27-thread-1] INFO  server.RaftServerConfigKeys (ConfUtils.java:logGet(43)) - raft.server.log.segment.cache.num.max = 2 (custom)
2019-09-24 03:07:29,462 [pool-27-thread-1] INFO  segmented.SegmentedRaftLogWorker (SegmentedRaftLogWorker.java:<init>(172)) - new 35dcb943-b51f-4692-b68e-28aa3944273c@group-0CF08555900F-SegmentedRaftLogWorker for RaftStorage:Storage Directory /workdir/hadoop-ozone/integration-test/target/test-dir/MiniOzoneClusterImpl-3c9a5054-9541-4e02-9581-fea88c10aa6d/datanode-0/data/ratis/51450b4d-2f0e-4635-bdd8-0cf08555900f
2019-09-24 03:07:29,463 [pool-27-thread-1] INFO  impl.MetricsSystemImpl (MetricsSystemImpl.java:init(158)) - ratis metrics system started (again)
2019-09-24 03:07:29,468 [pool-27-thread-1] INFO  metrics.MetricRegistries (MetricRegistriesLoader.java:load(64)) - Loaded MetricRegistries class org.apache.ratis.metrics.impl.MetricRegistriesImpl
2019-09-24 03:07:29,493 [pool-27-thread-1] INFO  server.RaftServerConfigKeys (ConfUtils.java:logGet(43)) - raft.server.log.queue.byte-limit = 2147483647 (custom)
2019-09-24 03:07:29,493 [pool-27-thread-1] INFO  server.RaftServerConfigKeys (ConfUtils.java:logGet(43)) - raft.server.log.queue.element-limit = 1024 (custom)
2019-09-24 03:07:29,496 [pool-27-thread-1] INFO  server.RaftServerConfigKeys (ConfUtils.java:logGet(43)) - raft.server.log.segment.size.max = 1048576 (custom)
2019-09-24 03:07:29,497 [pool-27-thread-1] INFO  server.RaftServerConfigKeys (ConfUtils.java:logGet(43)) - raft.server.log.preallocated.size = 16384 (custom)
2019-09-24 03:07:29,497 [pool-27-thread-1] INFO  server.RaftServerConfigKeys (ConfUtils.java:logGet(43)) - raft.server.log.write.buffer.size = 33554432 (custom)
2019-09-24 03:07:29,498 [pool-27-thread-1] INFO  server.RaftServerConfigKeys (ConfUtils.java:logGet(43)) - raft.server.log.force.sync.num = 128 (default)
2019-09-24 03:07:29,498 [pool-27-thread-1] INFO  server.RaftServerConfigKeys (ConfUtils.java:logGet(43)) - raft.server.log.statemachine.data.sync = true (default)
2019-09-24 03:07:29,498 [pool-27-thread-1] INFO  server.RaftServerConfigKeys (ConfUtils.java:logGet(43)) - raft.server.log.statemachine.data.sync.timeout = 10s (default)
2019-09-24 03:07:29,499 [pool-27-thread-1] INFO  server.RaftServerConfigKeys (ConfUtils.java:logGet(43)) - raft.server.log.statemachine.data.sync.timeout.retry = -1 (default)
2019-09-24 03:07:29,506 [pool-27-thread-1] INFO  server.RaftServerConfigKeys (ConfUtils.java:logGet(43)) - raft.server.log.statemachine.data.caching.enabled = true (custom)
2019-09-24 03:07:29,510 [pool-27-thread-1] INFO  segmented.SegmentedRaftLogWorker (SegmentedRaftLogWorker.java:lambda$new$0(132)) - 35dcb943-b51f-4692-b68e-28aa3944273c@group-0CF08555900F-SegmentedRaftLogWorker: flushIndex: setUnconditionally 0 -> -1
2019-09-24 03:07:29,514 [pool-27-thread-1] INFO  server.RaftServerConfigKeys (ConfUtils.java:logGet(43)) - raft.server.snapshot.auto.trigger.enabled = true (custom)
2019-09-24 03:07:29,515 [pool-27-thread-1] INFO  server.RaftServerConfigKeys (ConfUtils.java:logGet(43)) - raft.server.snapshot.auto.trigger.threshold = 10000 (custom)
2019-09-24 03:07:29,516 [pool-27-thread-1] INFO  server.RaftServerConfigKeys (ConfUtils.java:logGet(43)) - raft.server.snapshot.retention.num.files = 5 (custom)
2019-09-24 03:07:29,516 [pool-27-thread-1] INFO  server.RaftServerConfigKeys (ConfUtils.java:logGet(43)) - raft.server.retrycache.expirytime = 600000ms (custom)
2019-09-24 03:07:29,540 [pool-27-thread-1] INFO  impl.RaftServerImpl (RaftServerImpl.java:start(185)) - 35dcb943-b51f-4692-b68e-28aa3944273c@group-0CF08555900F: start as a follower, conf=-1: [35dcb943-b51f-4692-b68e-28aa3944273c:192.168.151.121:35115], old=null
2019-09-24 03:07:29,541 [pool-27-thread-1] INFO  impl.RaftServerImpl (RaftServerImpl.java:setRole(174)) - 35dcb943-b51f-4692-b68e-28aa3944273c@group-0CF08555900F: changes role from      null to FOLLOWER at term 0 for startAsFollower
2019-09-24 03:07:29,542 [pool-27-thread-1] INFO  impl.RoleInfo (RoleInfo.java:updateAndGet(143)) - 35dcb943-b51f-4692-b68e-28aa3944273c: start FollowerState
2019-09-24 03:07:29,544 [pool-27-thread-1] INFO  util.JmxRegister (JmxRegister.java:tryRegister(44)) - Successfully registered JMX Bean with object name Ratis:service=RaftServer,group=group-0CF08555900F,id=35dcb943-b51f-4692-b68e-28aa3944273c
2019-09-24 03:07:29,616 [RatisPipelineUtilsThread] INFO  pipeline.PipelineStateManager (PipelineStateManager.java:addPipeline(56)) - Created pipeline Pipeline[ Id: 51450b4d-2f0e-4635-bdd8-0cf08555900f, Nodes: 35dcb943-b51f-4692-b68e-28aa3944273c{ip: 192.168.151.121, host: pr-hdds-2162-tjkd5-3209850126, networkLocation: /default-rack, certSerialId: null}, Type:RATIS, Factor:ONE, State:OPEN]
2019-09-24 03:07:29,640 [grpc-default-executor-0] INFO  impl.RaftServerProxy (RaftServerProxy.java:addNew(89)) - e98bfd79-b296-4958-96e0-9f16ad4d3dd7: addNew group-CD4AA9416DCB:[e98bfd79-b296-4958-96e0-9f16ad4d3dd7:192.168.151.121:34803] returns group-CD4AA9416DCB:java.util.concurrent.CompletableFuture@53c0f004[Not completed]
2019-09-24 03:07:29,678 [pool-57-thread-1] INFO  impl.RaftServerImpl (RaftServerImpl.java:<init>(95)) - e98bfd79-b296-4958-96e0-9f16ad4d3dd7: new RaftServerImpl for group-CD4AA9416DCB:[e98bfd79-b296-4958-96e0-9f16ad4d3dd7:192.168.151.121:34803] with ContainerStateMachine:uninitialized
2019-09-24 03:07:29,679 [pool-57-thread-1] INFO  server.RaftServerConfigKeys (ConfUtils.java:logGet(43)) - raft.server.rpc.timeout.min = 5s (custom)
2019-09-24 03:07:29,680 [pool-57-thread-1] INFO  server.RaftServerConfigKeys (ConfUtils.java:logGet(43)) - raft.server.rpc.timeout.max = 5200ms (custom)
2019-09-24 03:07:29,680 [pool-57-thread-1] INFO  server.RaftServerConfigKeys (ConfUtils.java:logGet(43)) - raft.server.rpcslowness.timeout = 120s (custom)
2019-09-24 03:07:29,680 [pool-57-thread-1] INFO  server.RaftServerConfigKeys (ConfUtils.java:logGet(43)) - raft.server.sleep.deviation.threshold = 300 (default)
2019-09-24 03:07:29,680 [pool-57-thread-1] INFO  server.RaftServerConfigKeys (ConfUtils.java:logGet(43)) - raft.server.log.appender.install.snapshot.enabled = false (custom)
2019-09-24 03:07:29,680 [pool-57-thread-1] INFO  impl.RaftServerImpl (ServerState.java:<init>(103)) - e98bfd79-b296-4958-96e0-9f16ad4d3dd7@group-CD4AA9416DCB: ConfigurationManager, init=-1: [e98bfd79-b296-4958-96e0-9f16ad4d3dd7:192.168.151.121:34803], old=null, confs=<EMPTY_MAP>
2019-09-24 03:07:29,680 [pool-57-thread-1] INFO  server.RaftServerConfigKeys (ConfUtils.java:logGet(43)) - raft.server.storage.dir = [/workdir/hadoop-ozone/integration-test/target/test-dir/MiniOzoneClusterImpl-3c9a5054-9541-4e02-9581-fea88c10aa6d/datanode-3/data/ratis] (custom)
2019-09-24 03:07:29,680 [pool-57-thread-1] INFO  storage.RaftStorageDirectory (RaftStorageDirectory.java:analyzeStorage(246)) - The storage directory /workdir/hadoop-ozone/integration-test/target/test-dir/MiniOzoneClusterImpl-3c9a5054-9541-4e02-9581-fea88c10aa6d/datanode-3/data/ratis/c18d147c-2c02-4725-9ad5-cd4aa9416dcb does not exist. Creating ...
2019-09-24 03:07:29,686 [pool-57-thread-1] INFO  storage.RaftStorageDirectory (RaftStorageDirectory.java:tryLock(328)) - Lock on /workdir/hadoop-ozone/integration-test/target/test-dir/MiniOzoneClusterImpl-3c9a5054-9541-4e02-9581-fea88c10aa6d/datanode-3/data/ratis/c18d147c-2c02-4725-9ad5-cd4aa9416dcb/in_use.lock acquired by nodename 31860@pr-hdds-2162-tjkd5-3209850126
2019-09-24 03:07:29,689 [pool-57-thread-1] INFO  storage.RaftStorage (RaftStorage.java:format(72)) - Storage directory /workdir/hadoop-ozone/integration-test/target/test-dir/MiniOzoneClusterImpl-3c9a5054-9541-4e02-9581-fea88c10aa6d/datanode-3/data/ratis/c18d147c-2c02-4725-9ad5-cd4aa9416dcb has been successfully formatted.
2019-09-24 03:07:29,690 [pool-57-thread-1] INFO  ratis.ContainerStateMachine (ContainerStateMachine.java:loadSnapshot(230)) - group-CD4AA9416DCB: The snapshot info is null. Setting the last applied indexto:(t:0, i:~)
2019-09-24 03:07:29,691 [pool-57-thread-1] INFO  server.RaftServerConfigKeys (ConfUtils.java:logGet(43)) - raft.server.notification.no-leader.timeout = 120s (custom)
2019-09-24 03:07:29,691 [pool-57-thread-1] INFO  server.RaftServerConfigKeys (ConfUtils.java:logGet(43)) - raft.server.log.use.memory = false (default)
2019-09-24 03:07:29,691 [pool-57-thread-1] INFO  server.RaftServerConfigKeys (ConfUtils.java:logGet(43)) - raft.server.log.purge.gap = 1000000 (custom)
2019-09-24 03:07:29,691 [pool-57-thread-1] INFO  server.RaftServerConfigKeys (ConfUtils.java:logGet(43)) - raft.server.log.appender.buffer.byte-limit = 33554432 (custom)
2019-09-24 03:07:29,692 [pool-57-thread-1] INFO  server.RaftServerConfigKeys (ConfUtils.java:logGet(43)) - raft.server.log.segment.size.max = 1048576 (custom)
2019-09-24 03:07:29,692 [pool-57-thread-1] INFO  server.RaftServerConfigKeys (ConfUtils.java:logGet(43)) - raft.server.log.segment.cache.num.max = 2 (custom)
2019-09-24 03:07:29,692 [pool-57-thread-1] INFO  segmented.SegmentedRaftLogWorker (SegmentedRaftLogWorker.java:<init>(172)) - new e98bfd79-b296-4958-96e0-9f16ad4d3dd7@group-CD4AA9416DCB-SegmentedRaftLogWorker for RaftStorage:Storage Directory /workdir/hadoop-ozone/integration-test/target/test-dir/MiniOzoneClusterImpl-3c9a5054-9541-4e02-9581-fea88c10aa6d/datanode-3/data/ratis/c18d147c-2c02-4725-9ad5-cd4aa9416dcb
2019-09-24 03:07:29,696 [pool-57-thread-1] INFO  server.RaftServerConfigKeys (ConfUtils.java:logGet(43)) - raft.server.log.queue.byte-limit = 2147483647 (custom)
2019-09-24 03:07:29,696 [pool-57-thread-1] INFO  server.RaftServerConfigKeys (ConfUtils.java:logGet(43)) - raft.server.log.queue.element-limit = 1024 (custom)
2019-09-24 03:07:29,697 [pool-57-thread-1] INFO  server.RaftServerConfigKeys (ConfUtils.java:logGet(43)) - raft.server.log.segment.size.max = 1048576 (custom)
2019-09-24 03:07:29,697 [pool-57-thread-1] INFO  server.RaftServerConfigKeys (ConfUtils.java:logGet(43)) - raft.server.log.preallocated.size = 16384 (custom)
2019-09-24 03:07:29,697 [pool-57-thread-1] INFO  server.RaftServerConfigKeys (ConfUtils.java:logGet(43)) - raft.server.log.write.buffer.size = 33554432 (custom)
2019-09-24 03:07:29,697 [pool-57-thread-1] INFO  server.RaftServerConfigKeys (ConfUtils.java:logGet(43)) - raft.server.log.force.sync.num = 128 (default)
2019-09-24 03:07:29,697 [pool-57-thread-1] INFO  server.RaftServerConfigKeys (ConfUtils.java:logGet(43)) - raft.server.log.statemachine.data.sync = true (default)
2019-09-24 03:07:29,697 [pool-57-thread-1] INFO  server.RaftServerConfigKeys (ConfUtils.java:logGet(43)) - raft.server.log.statemachine.data.sync.timeout = 10s (default)
2019-09-24 03:07:29,697 [pool-57-thread-1] INFO  server.RaftServerConfigKeys (ConfUtils.java:logGet(43)) - raft.server.log.statemachine.data.sync.timeout.retry = -1 (default)
2019-09-24 03:07:29,697 [pool-57-thread-1] INFO  server.RaftServerConfigKeys (ConfUtils.java:logGet(43)) - raft.server.log.statemachine.data.caching.enabled = true (custom)
2019-09-24 03:07:29,698 [pool-57-thread-1] INFO  segmented.SegmentedRaftLogWorker (SegmentedRaftLogWorker.java:lambda$new$0(132)) - e98bfd79-b296-4958-96e0-9f16ad4d3dd7@group-CD4AA9416DCB-SegmentedRaftLogWorker: flushIndex: setUnconditionally 0 -> -1
2019-09-24 03:07:29,698 [pool-57-thread-1] INFO  server.RaftServerConfigKeys (ConfUtils.java:logGet(43)) - raft.server.snapshot.auto.trigger.enabled = true (custom)
2019-09-24 03:07:29,698 [pool-57-thread-1] INFO  server.RaftServerConfigKeys (ConfUtils.java:logGet(43)) - raft.server.snapshot.auto.trigger.threshold = 10000 (custom)
2019-09-24 03:07:29,698 [pool-57-thread-1] INFO  server.RaftServerConfigKeys (ConfUtils.java:logGet(43)) - raft.server.snapshot.retention.num.files = 5 (custom)
2019-09-24 03:07:29,698 [pool-57-thread-1] INFO  server.RaftServerConfigKeys (ConfUtils.java:logGet(43)) - raft.server.retrycache.expirytime = 600000ms (custom)
2019-09-24 03:07:29,701 [pool-57-thread-1] INFO  impl.RaftServerImpl (RaftServerImpl.java:start(185)) - e98bfd79-b296-4958-96e0-9f16ad4d3dd7@group-CD4AA9416DCB: start as a follower, conf=-1: [e98bfd79-b296-4958-96e0-9f16ad4d3dd7:192.168.151.121:34803], old=null
2019-09-24 03:07:29,702 [pool-57-thread-1] INFO  impl.RaftServerImpl (RaftServerImpl.java:setRole(174)) - e98bfd79-b296-4958-96e0-9f16ad4d3dd7@group-CD4AA9416DCB: changes role from      null to FOLLOWER at term 0 for startAsFollower
2019-09-24 03:07:29,702 [pool-57-thread-1] INFO  impl.RoleInfo (RoleInfo.java:updateAndGet(143)) - e98bfd79-b296-4958-96e0-9f16ad4d3dd7: start FollowerState
2019-09-24 03:07:29,703 [pool-57-thread-1] INFO  util.JmxRegister (JmxRegister.java:tryRegister(44)) - Successfully registered JMX Bean with object name Ratis:service=RaftServer,group=group-CD4AA9416DCB,id=e98bfd79-b296-4958-96e0-9f16ad4d3dd7
2019-09-24 03:07:29,716 [RatisPipelineUtilsThread] INFO  pipeline.PipelineStateManager (PipelineStateManager.java:addPipeline(56)) - Created pipeline Pipeline[ Id: c18d147c-2c02-4725-9ad5-cd4aa9416dcb, Nodes: e98bfd79-b296-4958-96e0-9f16ad4d3dd7{ip: 192.168.151.121, host: pr-hdds-2162-tjkd5-3209850126, networkLocation: /default-rack, certSerialId: null}, Type:RATIS, Factor:ONE, State:OPEN]
2019-09-24 03:07:29,740 [grpc-default-executor-0] INFO  impl.RaftServerProxy (RaftServerProxy.java:addNew(89)) - 1c4b9d97-8ee6-4c70-b33d-f77b8a26cbd8: addNew group-FAB36001F4DF:[1c4b9d97-8ee6-4c70-b33d-f77b8a26cbd8:192.168.151.121:33324] returns group-FAB36001F4DF:java.util.concurrent.CompletableFuture@17618540[Not completed]
2019-09-24 03:07:29,762 [pool-67-thread-1] INFO  impl.RaftServerImpl (RaftServerImpl.java:<init>(95)) - 1c4b9d97-8ee6-4c70-b33d-f77b8a26cbd8: new RaftServerImpl for group-FAB36001F4DF:[1c4b9d97-8ee6-4c70-b33d-f77b8a26cbd8:192.168.151.121:33324] with ContainerStateMachine:uninitialized
2019-09-24 03:07:29,762 [pool-67-thread-1] INFO  server.RaftServerConfigKeys (ConfUtils.java:logGet(43)) - raft.server.rpc.timeout.min = 5s (custom)
2019-09-24 03:07:29,763 [pool-67-thread-1] INFO  server.RaftServerConfigKeys (ConfUtils.java:logGet(43)) - raft.server.rpc.timeout.max = 5200ms (custom)
2019-09-24 03:07:29,763 [pool-67-thread-1] INFO  server.RaftServerConfigKeys (ConfUtils.java:logGet(43)) - raft.server.rpcslowness.timeout = 120s (custom)
2019-09-24 03:07:29,763 [pool-67-thread-1] INFO  server.RaftServerConfigKeys (ConfUtils.java:logGet(43)) - raft.server.sleep.deviation.threshold = 300 (default)
2019-09-24 03:07:29,763 [pool-67-thread-1] INFO  server.RaftServerConfigKeys (ConfUtils.java:logGet(43)) - raft.server.log.appender.install.snapshot.enabled = false (custom)
2019-09-24 03:07:29,763 [pool-67-thread-1] INFO  impl.RaftServerImpl (ServerState.java:<init>(103)) - 1c4b9d97-8ee6-4c70-b33d-f77b8a26cbd8@group-FAB36001F4DF: ConfigurationManager, init=-1: [1c4b9d97-8ee6-4c70-b33d-f77b8a26cbd8:192.168.151.121:33324], old=null, confs=<EMPTY_MAP>
2019-09-24 03:07:29,764 [pool-67-thread-1] INFO  server.RaftServerConfigKeys (ConfUtils.java:logGet(43)) - raft.server.storage.dir = [/workdir/hadoop-ozone/integration-test/target/test-dir/MiniOzoneClusterImpl-3c9a5054-9541-4e02-9581-fea88c10aa6d/datanode-4/data/ratis] (custom)
2019-09-24 03:07:29,764 [pool-67-thread-1] INFO  storage.RaftStorageDirectory (RaftStorageDirectory.java:analyzeStorage(246)) - The storage directory /workdir/hadoop-ozone/integration-test/target/test-dir/MiniOzoneClusterImpl-3c9a5054-9541-4e02-9581-fea88c10aa6d/datanode-4/data/ratis/4f7aad1d-21ad-48a6-84f8-fab36001f4df does not exist. Creating ...
2019-09-24 03:07:29,778 [pool-67-thread-1] INFO  storage.RaftStorageDirectory (RaftStorageDirectory.java:tryLock(328)) - Lock on /workdir/hadoop-ozone/integration-test/target/test-dir/MiniOzoneClusterImpl-3c9a5054-9541-4e02-9581-fea88c10aa6d/datanode-4/data/ratis/4f7aad1d-21ad-48a6-84f8-fab36001f4df/in_use.lock acquired by nodename 31860@pr-hdds-2162-tjkd5-3209850126
2019-09-24 03:07:29,791 [pool-67-thread-1] INFO  storage.RaftStorage (RaftStorage.java:format(72)) - Storage directory /workdir/hadoop-ozone/integration-test/target/test-dir/MiniOzoneClusterImpl-3c9a5054-9541-4e02-9581-fea88c10aa6d/datanode-4/data/ratis/4f7aad1d-21ad-48a6-84f8-fab36001f4df has been successfully formatted.
2019-09-24 03:07:29,792 [pool-67-thread-1] INFO  ratis.ContainerStateMachine (ContainerStateMachine.java:loadSnapshot(230)) - group-FAB36001F4DF: The snapshot info is null. Setting the last applied indexto:(t:0, i:~)
2019-09-24 03:07:29,793 [pool-67-thread-1] INFO  server.RaftServerConfigKeys (ConfUtils.java:logGet(43)) - raft.server.notification.no-leader.timeout = 120s (custom)
2019-09-24 03:07:29,793 [pool-67-thread-1] INFO  server.RaftServerConfigKeys (ConfUtils.java:logGet(43)) - raft.server.log.use.memory = false (default)
2019-09-24 03:07:29,793 [pool-67-thread-1] INFO  server.RaftServerConfigKeys (ConfUtils.java:logGet(43)) - raft.server.log.purge.gap = 1000000 (custom)
2019-09-24 03:07:29,793 [pool-67-thread-1] INFO  server.RaftServerConfigKeys (ConfUtils.java:logGet(43)) - raft.server.log.appender.buffer.byte-limit = 33554432 (custom)
2019-09-24 03:07:29,794 [pool-67-thread-1] INFO  server.RaftServerConfigKeys (ConfUtils.java:logGet(43)) - raft.server.log.segment.size.max = 1048576 (custom)
2019-09-24 03:07:29,794 [pool-67-thread-1] INFO  server.RaftServerConfigKeys (ConfUtils.java:logGet(43)) - raft.server.log.segment.cache.num.max = 2 (custom)
2019-09-24 03:07:29,794 [pool-67-thread-1] INFO  segmented.SegmentedRaftLogWorker (SegmentedRaftLogWorker.java:<init>(172)) - new 1c4b9d97-8ee6-4c70-b33d-f77b8a26cbd8@group-FAB36001F4DF-SegmentedRaftLogWorker for RaftStorage:Storage Directory /workdir/hadoop-ozone/integration-test/target/test-dir/MiniOzoneClusterImpl-3c9a5054-9541-4e02-9581-fea88c10aa6d/datanode-4/data/ratis/4f7aad1d-21ad-48a6-84f8-fab36001f4df
2019-09-24 03:07:29,830 [pool-67-thread-1] INFO  server.RaftServerConfigKeys (ConfUtils.java:logGet(43)) - raft.server.log.queue.byte-limit = 2147483647 (custom)
2019-09-24 03:07:29,830 [pool-67-thread-1] INFO  server.RaftServerConfigKeys (ConfUtils.java:logGet(43)) - raft.server.log.queue.element-limit = 1024 (custom)
2019-09-24 03:07:29,831 [pool-67-thread-1] INFO  server.RaftServerConfigKeys (ConfUtils.java:logGet(43)) - raft.server.log.segment.size.max = 1048576 (custom)
2019-09-24 03:07:29,831 [pool-67-thread-1] INFO  server.RaftServerConfigKeys (ConfUtils.java:logGet(43)) - raft.server.log.preallocated.size = 16384 (custom)
2019-09-24 03:07:29,831 [pool-67-thread-1] INFO  server.RaftServerConfigKeys (ConfUtils.java:logGet(43)) - raft.server.log.write.buffer.size = 33554432 (custom)
2019-09-24 03:07:29,831 [pool-67-thread-1] INFO  server.RaftServerConfigKeys (ConfUtils.java:logGet(43)) - raft.server.log.force.sync.num = 128 (default)
2019-09-24 03:07:29,831 [pool-67-thread-1] INFO  server.RaftServerConfigKeys (ConfUtils.java:logGet(43)) - raft.server.log.statemachine.data.sync = true (default)
2019-09-24 03:07:29,831 [pool-67-thread-1] INFO  server.RaftServerConfigKeys (ConfUtils.java:logGet(43)) - raft.server.log.statemachine.data.sync.timeout = 10s (default)
2019-09-24 03:07:29,832 [pool-67-thread-1] INFO  server.RaftServerConfigKeys (ConfUtils.java:logGet(43)) - raft.server.log.statemachine.data.sync.timeout.retry = -1 (default)
2019-09-24 03:07:29,832 [pool-67-thread-1] INFO  server.RaftServerConfigKeys (ConfUtils.java:logGet(43)) - raft.server.log.statemachine.data.caching.enabled = true (custom)
2019-09-24 03:07:29,833 [pool-67-thread-1] INFO  segmented.SegmentedRaftLogWorker (SegmentedRaftLogWorker.java:lambda$new$0(132)) - 1c4b9d97-8ee6-4c70-b33d-f77b8a26cbd8@group-FAB36001F4DF-SegmentedRaftLogWorker: flushIndex: setUnconditionally 0 -> -1
2019-09-24 03:07:29,833 [pool-67-thread-1] INFO  server.RaftServerConfigKeys (ConfUtils.java:logGet(43)) - raft.server.snapshot.auto.trigger.enabled = true (custom)
2019-09-24 03:07:29,833 [pool-67-thread-1] INFO  server.RaftServerConfigKeys (ConfUtils.java:logGet(43)) - raft.server.snapshot.auto.trigger.threshold = 10000 (custom)
2019-09-24 03:07:29,833 [pool-67-thread-1] INFO  server.RaftServerConfigKeys (ConfUtils.java:logGet(43)) - raft.server.snapshot.retention.num.files = 5 (custom)
2019-09-24 03:07:29,834 [pool-67-thread-1] INFO  server.RaftServerConfigKeys (ConfUtils.java:logGet(43)) - raft.server.retrycache.expirytime = 600000ms (custom)
2019-09-24 03:07:29,840 [pool-67-thread-1] INFO  impl.RaftServerImpl (RaftServerImpl.java:start(185)) - 1c4b9d97-8ee6-4c70-b33d-f77b8a26cbd8@group-FAB36001F4DF: start as a follower, conf=-1: [1c4b9d97-8ee6-4c70-b33d-f77b8a26cbd8:192.168.151.121:33324], old=null
2019-09-24 03:07:29,840 [pool-67-thread-1] INFO  impl.RaftServerImpl (RaftServerImpl.java:setRole(174)) - 1c4b9d97-8ee6-4c70-b33d-f77b8a26cbd8@group-FAB36001F4DF: changes role from      null to FOLLOWER at term 0 for startAsFollower
2019-09-24 03:07:29,841 [pool-67-thread-1] INFO  impl.RoleInfo (RoleInfo.java:updateAndGet(143)) - 1c4b9d97-8ee6-4c70-b33d-f77b8a26cbd8: start FollowerState
2019-09-24 03:07:29,841 [pool-67-thread-1] INFO  util.JmxRegister (JmxRegister.java:tryRegister(44)) - Successfully registered JMX Bean with object name Ratis:service=RaftServer,group=group-FAB36001F4DF,id=1c4b9d97-8ee6-4c70-b33d-f77b8a26cbd8
2019-09-24 03:07:29,854 [RatisPipelineUtilsThread] INFO  pipeline.PipelineStateManager (PipelineStateManager.java:addPipeline(56)) - Created pipeline Pipeline[ Id: 4f7aad1d-21ad-48a6-84f8-fab36001f4df, Nodes: 1c4b9d97-8ee6-4c70-b33d-f77b8a26cbd8{ip: 192.168.151.121, host: pr-hdds-2162-tjkd5-3209850126, networkLocation: /default-rack, certSerialId: null}, Type:RATIS, Factor:ONE, State:OPEN]
2019-09-24 03:07:29,879 [grpc-default-executor-0] INFO  impl.RaftServerProxy (RaftServerProxy.java:addNew(89)) - 6f396628-19e5-4ddc-b9c6-a68c9abd3c36: addNew group-73AA4C22A13A:[6f396628-19e5-4ddc-b9c6-a68c9abd3c36:192.168.151.121:43628] returns group-73AA4C22A13A:java.util.concurrent.CompletableFuture@6a23401e[Not completed]
2019-09-24 03:07:29,884 [pool-87-thread-1] INFO  impl.RaftServerImpl (RaftServerImpl.java:<init>(95)) - 6f396628-19e5-4ddc-b9c6-a68c9abd3c36: new RaftServerImpl for group-73AA4C22A13A:[6f396628-19e5-4ddc-b9c6-a68c9abd3c36:192.168.151.121:43628] with ContainerStateMachine:uninitialized
2019-09-24 03:07:29,884 [pool-87-thread-1] INFO  server.RaftServerConfigKeys (ConfUtils.java:logGet(43)) - raft.server.rpc.timeout.min = 5s (custom)
2019-09-24 03:07:29,884 [pool-87-thread-1] INFO  server.RaftServerConfigKeys (ConfUtils.java:logGet(43)) - raft.server.rpc.timeout.max = 5200ms (custom)
2019-09-24 03:07:29,884 [pool-87-thread-1] INFO  server.RaftServerConfigKeys (ConfUtils.java:logGet(43)) - raft.server.rpcslowness.timeout = 120s (custom)
2019-09-24 03:07:29,884 [pool-87-thread-1] INFO  server.RaftServerConfigKeys (ConfUtils.java:logGet(43)) - raft.server.sleep.deviation.threshold = 300 (default)
2019-09-24 03:07:29,885 [pool-87-thread-1] INFO  server.RaftServerConfigKeys (ConfUtils.java:logGet(43)) - raft.server.log.appender.install.snapshot.enabled = false (custom)
2019-09-24 03:07:29,885 [pool-87-thread-1] INFO  impl.RaftServerImpl (ServerState.java:<init>(103)) - 6f396628-19e5-4ddc-b9c6-a68c9abd3c36@group-73AA4C22A13A: ConfigurationManager, init=-1: [6f396628-19e5-4ddc-b9c6-a68c9abd3c36:192.168.151.121:43628], old=null, confs=<EMPTY_MAP>
2019-09-24 03:07:29,885 [pool-87-thread-1] INFO  server.RaftServerConfigKeys (ConfUtils.java:logGet(43)) - raft.server.storage.dir = [/workdir/hadoop-ozone/integration-test/target/test-dir/MiniOzoneClusterImpl-3c9a5054-9541-4e02-9581-fea88c10aa6d/datanode-6/data/ratis] (custom)
2019-09-24 03:07:29,885 [pool-87-thread-1] INFO  storage.RaftStorageDirectory (RaftStorageDirectory.java:analyzeStorage(246)) - The storage directory /workdir/hadoop-ozone/integration-test/target/test-dir/MiniOzoneClusterImpl-3c9a5054-9541-4e02-9581-fea88c10aa6d/datanode-6/data/ratis/accfc76e-bdc4-4c8c-b8da-73aa4c22a13a does not exist. Creating ...
2019-09-24 03:07:29,898 [pool-87-thread-1] INFO  storage.RaftStorageDirectory (RaftStorageDirectory.java:tryLock(328)) - Lock on /workdir/hadoop-ozone/integration-test/target/test-dir/MiniOzoneClusterImpl-3c9a5054-9541-4e02-9581-fea88c10aa6d/datanode-6/data/ratis/accfc76e-bdc4-4c8c-b8da-73aa4c22a13a/in_use.lock acquired by nodename 31860@pr-hdds-2162-tjkd5-3209850126
2019-09-24 03:07:29,911 [pool-87-thread-1] INFO  storage.RaftStorage (RaftStorage.java:format(72)) - Storage directory /workdir/hadoop-ozone/integration-test/target/test-dir/MiniOzoneClusterImpl-3c9a5054-9541-4e02-9581-fea88c10aa6d/datanode-6/data/ratis/accfc76e-bdc4-4c8c-b8da-73aa4c22a13a has been successfully formatted.
2019-09-24 03:07:29,912 [pool-87-thread-1] INFO  ratis.ContainerStateMachine (ContainerStateMachine.java:loadSnapshot(230)) - group-73AA4C22A13A: The snapshot info is null. Setting the last applied indexto:(t:0, i:~)
2019-09-24 03:07:29,912 [pool-87-thread-1] INFO  server.RaftServerConfigKeys (ConfUtils.java:logGet(43)) - raft.server.notification.no-leader.timeout = 120s (custom)
2019-09-24 03:07:29,912 [pool-87-thread-1] INFO  server.RaftServerConfigKeys (ConfUtils.java:logGet(43)) - raft.server.log.use.memory = false (default)
2019-09-24 03:07:29,912 [pool-87-thread-1] INFO  server.RaftServerConfigKeys (ConfUtils.java:logGet(43)) - raft.server.log.purge.gap = 1000000 (custom)
2019-09-24 03:07:29,912 [pool-87-thread-1] INFO  server.RaftServerConfigKeys (ConfUtils.java:logGet(43)) - raft.server.log.appender.buffer.byte-limit = 33554432 (custom)
2019-09-24 03:07:29,912 [pool-87-thread-1] INFO  server.RaftServerConfigKeys (ConfUtils.java:logGet(43)) - raft.server.log.segment.size.max = 1048576 (custom)
2019-09-24 03:07:29,912 [pool-87-thread-1] INFO  server.RaftServerConfigKeys (ConfUtils.java:logGet(43)) - raft.server.log.segment.cache.num.max = 2 (custom)
2019-09-24 03:07:29,913 [pool-87-thread-1] INFO  segmented.SegmentedRaftLogWorker (SegmentedRaftLogWorker.java:<init>(172)) - new 6f396628-19e5-4ddc-b9c6-a68c9abd3c36@group-73AA4C22A13A-SegmentedRaftLogWorker for RaftStorage:Storage Directory /workdir/hadoop-ozone/integration-test/target/test-dir/MiniOzoneClusterImpl-3c9a5054-9541-4e02-9581-fea88c10aa6d/datanode-6/data/ratis/accfc76e-bdc4-4c8c-b8da-73aa4c22a13a
2019-09-24 03:07:29,916 [pool-87-thread-1] INFO  server.RaftServerConfigKeys (ConfUtils.java:logGet(43)) - raft.server.log.queue.byte-limit = 2147483647 (custom)
2019-09-24 03:07:29,917 [pool-87-thread-1] INFO  server.RaftServerConfigKeys (ConfUtils.java:logGet(43)) - raft.server.log.queue.element-limit = 1024 (custom)
2019-09-24 03:07:29,917 [pool-87-thread-1] INFO  server.RaftServerConfigKeys (ConfUtils.java:logGet(43)) - raft.server.log.segment.size.max = 1048576 (custom)
2019-09-24 03:07:29,917 [pool-87-thread-1] INFO  server.RaftServerConfigKeys (ConfUtils.java:logGet(43)) - raft.server.log.preallocated.size = 16384 (custom)
2019-09-24 03:07:29,917 [pool-87-thread-1] INFO  server.RaftServerConfigKeys (ConfUtils.java:logGet(43)) - raft.server.log.write.buffer.size = 33554432 (custom)
2019-09-24 03:07:29,917 [pool-87-thread-1] INFO  server.RaftServerConfigKeys (ConfUtils.java:logGet(43)) - raft.server.log.force.sync.num = 128 (default)
2019-09-24 03:07:29,917 [pool-87-thread-1] INFO  server.RaftServerConfigKeys (ConfUtils.java:logGet(43)) - raft.server.log.statemachine.data.sync = true (default)
2019-09-24 03:07:29,918 [pool-87-thread-1] INFO  server.RaftServerConfigKeys (ConfUtils.java:logGet(43)) - raft.server.log.statemachine.data.sync.timeout = 10s (default)
2019-09-24 03:07:29,918 [pool-87-thread-1] INFO  server.RaftServerConfigKeys (ConfUtils.java:logGet(43)) - raft.server.log.statemachine.data.sync.timeout.retry = -1 (default)
2019-09-24 03:07:29,918 [pool-87-thread-1] INFO  server.RaftServerConfigKeys (ConfUtils.java:logGet(43)) - raft.server.log.statemachine.data.caching.enabled = true (custom)
2019-09-24 03:07:29,918 [pool-87-thread-1] INFO  segmented.SegmentedRaftLogWorker (SegmentedRaftLogWorker.java:lambda$new$0(132)) - 6f396628-19e5-4ddc-b9c6-a68c9abd3c36@group-73AA4C22A13A-SegmentedRaftLogWorker: flushIndex: setUnconditionally 0 -> -1
2019-09-24 03:07:29,919 [pool-87-thread-1] INFO  server.RaftServerConfigKeys (ConfUtils.java:logGet(43)) - raft.server.snapshot.auto.trigger.enabled = true (custom)
2019-09-24 03:07:29,919 [pool-87-thread-1] INFO  server.RaftServerConfigKeys (ConfUtils.java:logGet(43)) - raft.server.snapshot.auto.trigger.threshold = 10000 (custom)
2019-09-24 03:07:29,919 [pool-87-thread-1] INFO  server.RaftServerConfigKeys (ConfUtils.java:logGet(43)) - raft.server.snapshot.retention.num.files = 5 (custom)
2019-09-24 03:07:29,919 [pool-87-thread-1] INFO  server.RaftServerConfigKeys (ConfUtils.java:logGet(43)) - raft.server.retrycache.expirytime = 600000ms (custom)
2019-09-24 03:07:29,923 [pool-87-thread-1] INFO  impl.RaftServerImpl (RaftServerImpl.java:start(185)) - 6f396628-19e5-4ddc-b9c6-a68c9abd3c36@group-73AA4C22A13A: start as a follower, conf=-1: [6f396628-19e5-4ddc-b9c6-a68c9abd3c36:192.168.151.121:43628], old=null
2019-09-24 03:07:29,923 [pool-87-thread-1] INFO  impl.RaftServerImpl (RaftServerImpl.java:setRole(174)) - 6f396628-19e5-4ddc-b9c6-a68c9abd3c36@group-73AA4C22A13A: changes role from      null to FOLLOWER at term 0 for startAsFollower
2019-09-24 03:07:29,923 [pool-87-thread-1] INFO  impl.RoleInfo (RoleInfo.java:updateAndGet(143)) - 6f396628-19e5-4ddc-b9c6-a68c9abd3c36: start FollowerState
2019-09-24 03:07:29,924 [pool-87-thread-1] INFO  util.JmxRegister (JmxRegister.java:tryRegister(44)) - Successfully registered JMX Bean with object name Ratis:service=RaftServer,group=group-73AA4C22A13A,id=6f396628-19e5-4ddc-b9c6-a68c9abd3c36
2019-09-24 03:07:29,942 [RatisPipelineUtilsThread] INFO  pipeline.PipelineStateManager (PipelineStateManager.java:addPipeline(56)) - Created pipeline Pipeline[ Id: accfc76e-bdc4-4c8c-b8da-73aa4c22a13a, Nodes: 6f396628-19e5-4ddc-b9c6-a68c9abd3c36{ip: 192.168.151.121, host: pr-hdds-2162-tjkd5-3209850126, networkLocation: /default-rack, certSerialId: null}, Type:RATIS, Factor:ONE, State:OPEN]
2019-09-24 03:07:29,965 [grpc-default-executor-0] INFO  impl.RaftServerProxy (RaftServerProxy.java:addNew(89)) - 94573a1c-628f-4691-8f5c-95c4939c988a: addNew group-9A9AC50D5595:[94573a1c-628f-4691-8f5c-95c4939c988a:192.168.151.121:35729] returns group-9A9AC50D5595:java.util.concurrent.CompletableFuture@63a86938[Not completed]
2019-09-24 03:07:29,967 [pool-37-thread-1] INFO  impl.RaftServerImpl (RaftServerImpl.java:<init>(95)) - 94573a1c-628f-4691-8f5c-95c4939c988a: new RaftServerImpl for group-9A9AC50D5595:[94573a1c-628f-4691-8f5c-95c4939c988a:192.168.151.121:35729] with ContainerStateMachine:uninitialized
2019-09-24 03:07:29,968 [pool-37-thread-1] INFO  server.RaftServerConfigKeys (ConfUtils.java:logGet(43)) - raft.server.rpc.timeout.min = 5s (custom)
2019-09-24 03:07:29,968 [pool-37-thread-1] INFO  server.RaftServerConfigKeys (ConfUtils.java:logGet(43)) - raft.server.rpc.timeout.max = 5200ms (custom)
2019-09-24 03:07:29,968 [pool-37-thread-1] INFO  server.RaftServerConfigKeys (ConfUtils.java:logGet(43)) - raft.server.rpcslowness.timeout = 120s (custom)
2019-09-24 03:07:29,968 [pool-37-thread-1] INFO  server.RaftServerConfigKeys (ConfUtils.java:logGet(43)) - raft.server.sleep.deviation.threshold = 300 (default)
2019-09-24 03:07:29,969 [pool-37-thread-1] INFO  server.RaftServerConfigKeys (ConfUtils.java:logGet(43)) - raft.server.log.appender.install.snapshot.enabled = false (custom)
2019-09-24 03:07:29,969 [pool-37-thread-1] INFO  impl.RaftServerImpl (ServerState.java:<init>(103)) - 94573a1c-628f-4691-8f5c-95c4939c988a@group-9A9AC50D5595: ConfigurationManager, init=-1: [94573a1c-628f-4691-8f5c-95c4939c988a:192.168.151.121:35729], old=null, confs=<EMPTY_MAP>
2019-09-24 03:07:29,969 [pool-37-thread-1] INFO  server.RaftServerConfigKeys (ConfUtils.java:logGet(43)) - raft.server.storage.dir = [/workdir/hadoop-ozone/integration-test/target/test-dir/MiniOzoneClusterImpl-3c9a5054-9541-4e02-9581-fea88c10aa6d/datanode-1/data/ratis] (custom)
2019-09-24 03:07:29,970 [pool-37-thread-1] INFO  storage.RaftStorageDirectory (RaftStorageDirectory.java:analyzeStorage(246)) - The storage directory /workdir/hadoop-ozone/integration-test/target/test-dir/MiniOzoneClusterImpl-3c9a5054-9541-4e02-9581-fea88c10aa6d/datanode-1/data/ratis/a0c655c7-c27a-436f-bf41-9a9ac50d5595 does not exist. Creating ...
2019-09-24 03:07:29,996 [pool-37-thread-1] INFO  storage.RaftStorageDirectory (RaftStorageDirectory.java:tryLock(328)) - Lock on /workdir/hadoop-ozone/integration-test/target/test-dir/MiniOzoneClusterImpl-3c9a5054-9541-4e02-9581-fea88c10aa6d/datanode-1/data/ratis/a0c655c7-c27a-436f-bf41-9a9ac50d5595/in_use.lock acquired by nodename 31860@pr-hdds-2162-tjkd5-3209850126
2019-09-24 03:07:30,010 [pool-37-thread-1] INFO  storage.RaftStorage (RaftStorage.java:format(72)) - Storage directory /workdir/hadoop-ozone/integration-test/target/test-dir/MiniOzoneClusterImpl-3c9a5054-9541-4e02-9581-fea88c10aa6d/datanode-1/data/ratis/a0c655c7-c27a-436f-bf41-9a9ac50d5595 has been successfully formatted.
2019-09-24 03:07:30,011 [pool-37-thread-1] INFO  ratis.ContainerStateMachine (ContainerStateMachine.java:loadSnapshot(230)) - group-9A9AC50D5595: The snapshot info is null. Setting the last applied indexto:(t:0, i:~)
2019-09-24 03:07:30,012 [pool-37-thread-1] INFO  server.RaftServerConfigKeys (ConfUtils.java:logGet(43)) - raft.server.notification.no-leader.timeout = 120s (custom)
2019-09-24 03:07:30,012 [pool-37-thread-1] INFO  server.RaftServerConfigKeys (ConfUtils.java:logGet(43)) - raft.server.log.use.memory = false (default)
2019-09-24 03:07:30,012 [pool-37-thread-1] INFO  server.RaftServerConfigKeys (ConfUtils.java:logGet(43)) - raft.server.log.purge.gap = 1000000 (custom)
2019-09-24 03:07:30,012 [pool-37-thread-1] INFO  server.RaftServerConfigKeys (ConfUtils.java:logGet(43)) - raft.server.log.appender.buffer.byte-limit = 33554432 (custom)
2019-09-24 03:07:30,013 [pool-37-thread-1] INFO  server.RaftServerConfigKeys (ConfUtils.java:logGet(43)) - raft.server.log.segment.size.max = 1048576 (custom)
2019-09-24 03:07:30,013 [pool-37-thread-1] INFO  server.RaftServerConfigKeys (ConfUtils.java:logGet(43)) - raft.server.log.segment.cache.num.max = 2 (custom)
2019-09-24 03:07:30,013 [pool-37-thread-1] INFO  segmented.SegmentedRaftLogWorker (SegmentedRaftLogWorker.java:<init>(172)) - new 94573a1c-628f-4691-8f5c-95c4939c988a@group-9A9AC50D5595-SegmentedRaftLogWorker for RaftStorage:Storage Directory /workdir/hadoop-ozone/integration-test/target/test-dir/MiniOzoneClusterImpl-3c9a5054-9541-4e02-9581-fea88c10aa6d/datanode-1/data/ratis/a0c655c7-c27a-436f-bf41-9a9ac50d5595
2019-09-24 03:07:30,018 [pool-37-thread-1] INFO  server.RaftServerConfigKeys (ConfUtils.java:logGet(43)) - raft.server.log.queue.byte-limit = 2147483647 (custom)
2019-09-24 03:07:30,019 [pool-37-thread-1] INFO  server.RaftServerConfigKeys (ConfUtils.java:logGet(43)) - raft.server.log.queue.element-limit = 1024 (custom)
2019-09-24 03:07:30,019 [pool-37-thread-1] INFO  server.RaftServerConfigKeys (ConfUtils.java:logGet(43)) - raft.server.log.segment.size.max = 1048576 (custom)
2019-09-24 03:07:30,019 [pool-37-thread-1] INFO  server.RaftServerConfigKeys (ConfUtils.java:logGet(43)) - raft.server.log.preallocated.size = 16384 (custom)
2019-09-24 03:07:30,020 [pool-37-thread-1] INFO  server.RaftServerConfigKeys (ConfUtils.java:logGet(43)) - raft.server.log.write.buffer.size = 33554432 (custom)
2019-09-24 03:07:30,020 [pool-37-thread-1] INFO  server.RaftServerConfigKeys (ConfUtils.java:logGet(43)) - raft.server.log.force.sync.num = 128 (default)
2019-09-24 03:07:30,020 [pool-37-thread-1] INFO  server.RaftServerConfigKeys (ConfUtils.java:logGet(43)) - raft.server.log.statemachine.data.sync = true (default)
2019-09-24 03:07:30,020 [pool-37-thread-1] INFO  server.RaftServerConfigKeys (ConfUtils.java:logGet(43)) - raft.server.log.statemachine.data.sync.timeout = 10s (default)
2019-09-24 03:07:30,020 [pool-37-thread-1] INFO  server.RaftServerConfigKeys (ConfUtils.java:logGet(43)) - raft.server.log.statemachine.data.sync.timeout.retry = -1 (default)
2019-09-24 03:07:30,021 [pool-37-thread-1] INFO  server.RaftServerConfigKeys (ConfUtils.java:logGet(43)) - raft.server.log.statemachine.data.caching.enabled = true (custom)
2019-09-24 03:07:30,021 [pool-37-thread-1] INFO  segmented.SegmentedRaftLogWorker (SegmentedRaftLogWorker.java:lambda$new$0(132)) - 94573a1c-628f-4691-8f5c-95c4939c988a@group-9A9AC50D5595-SegmentedRaftLogWorker: flushIndex: setUnconditionally 0 -> -1
2019-09-24 03:07:30,021 [pool-37-thread-1] INFO  server.RaftServerConfigKeys (ConfUtils.java:logGet(43)) - raft.server.snapshot.auto.trigger.enabled = true (custom)
2019-09-24 03:07:30,022 [pool-37-thread-1] INFO  server.RaftServerConfigKeys (ConfUtils.java:logGet(43)) - raft.server.snapshot.auto.trigger.threshold = 10000 (custom)
2019-09-24 03:07:30,022 [pool-37-thread-1] INFO  server.RaftServerConfigKeys (ConfUtils.java:logGet(43)) - raft.server.snapshot.retention.num.files = 5 (custom)
2019-09-24 03:07:30,022 [pool-37-thread-1] INFO  server.RaftServerConfigKeys (ConfUtils.java:logGet(43)) - raft.server.retrycache.expirytime = 600000ms (custom)
2019-09-24 03:07:30,027 [pool-37-thread-1] INFO  impl.RaftServerImpl (RaftServerImpl.java:start(185)) - 94573a1c-628f-4691-8f5c-95c4939c988a@group-9A9AC50D5595: start as a follower, conf=-1: [94573a1c-628f-4691-8f5c-95c4939c988a:192.168.151.121:35729], old=null
2019-09-24 03:07:30,028 [pool-37-thread-1] INFO  impl.RaftServerImpl (RaftServerImpl.java:setRole(174)) - 94573a1c-628f-4691-8f5c-95c4939c988a@group-9A9AC50D5595: changes role from      null to FOLLOWER at term 0 for startAsFollower
2019-09-24 03:07:30,028 [pool-37-thread-1] INFO  impl.RoleInfo (RoleInfo.java:updateAndGet(143)) - 94573a1c-628f-4691-8f5c-95c4939c988a: start FollowerState
2019-09-24 03:07:30,028 [pool-37-thread-1] INFO  util.JmxRegister (JmxRegister.java:tryRegister(44)) - Successfully registered JMX Bean with object name Ratis:service=RaftServer,group=group-9A9AC50D5595,id=94573a1c-628f-4691-8f5c-95c4939c988a
2019-09-24 03:07:30,047 [RatisPipelineUtilsThread] INFO  pipeline.PipelineStateManager (PipelineStateManager.java:addPipeline(56)) - Created pipeline Pipeline[ Id: a0c655c7-c27a-436f-bf41-9a9ac50d5595, Nodes: 94573a1c-628f-4691-8f5c-95c4939c988a{ip: 192.168.151.121, host: pr-hdds-2162-tjkd5-3209850126, networkLocation: /default-rack, certSerialId: null}, Type:RATIS, Factor:ONE, State:OPEN]
2019-09-24 03:07:30,078 [grpc-default-executor-0] INFO  impl.RaftServerProxy (RaftServerProxy.java:addNew(89)) - cca15b09-5d98-4653-bef1-2fe6a3bc31c5: addNew group-2ED742721629:[cca15b09-5d98-4653-bef1-2fe6a3bc31c5:192.168.151.121:38726] returns group-2ED742721629:java.util.concurrent.CompletableFuture@54256d5d[Not completed]
2019-09-24 03:07:30,084 [pool-77-thread-1] INFO  impl.RaftServerImpl (RaftServerImpl.java:<init>(95)) - cca15b09-5d98-4653-bef1-2fe6a3bc31c5: new RaftServerImpl for group-2ED742721629:[cca15b09-5d98-4653-bef1-2fe6a3bc31c5:192.168.151.121:38726] with ContainerStateMachine:uninitialized
2019-09-24 03:07:30,085 [pool-77-thread-1] INFO  server.RaftServerConfigKeys (ConfUtils.java:logGet(43)) - raft.server.rpc.timeout.min = 5s (custom)
2019-09-24 03:07:30,085 [pool-77-thread-1] INFO  server.RaftServerConfigKeys (ConfUtils.java:logGet(43)) - raft.server.rpc.timeout.max = 5200ms (custom)
2019-09-24 03:07:30,086 [pool-77-thread-1] INFO  server.RaftServerConfigKeys (ConfUtils.java:logGet(43)) - raft.server.rpcslowness.timeout = 120s (custom)
2019-09-24 03:07:30,086 [pool-77-thread-1] INFO  server.RaftServerConfigKeys (ConfUtils.java:logGet(43)) - raft.server.sleep.deviation.threshold = 300 (default)
2019-09-24 03:07:30,086 [pool-77-thread-1] INFO  server.RaftServerConfigKeys (ConfUtils.java:logGet(43)) - raft.server.log.appender.install.snapshot.enabled = false (custom)
2019-09-24 03:07:30,086 [pool-77-thread-1] INFO  impl.RaftServerImpl (ServerState.java:<init>(103)) - cca15b09-5d98-4653-bef1-2fe6a3bc31c5@group-2ED742721629: ConfigurationManager, init=-1: [cca15b09-5d98-4653-bef1-2fe6a3bc31c5:192.168.151.121:38726], old=null, confs=<EMPTY_MAP>
2019-09-24 03:07:30,087 [pool-77-thread-1] INFO  server.RaftServerConfigKeys (ConfUtils.java:logGet(43)) - raft.server.storage.dir = [/workdir/hadoop-ozone/integration-test/target/test-dir/MiniOzoneClusterImpl-3c9a5054-9541-4e02-9581-fea88c10aa6d/datanode-5/data/ratis] (custom)
2019-09-24 03:07:30,087 [pool-77-thread-1] INFO  storage.RaftStorageDirectory (RaftStorageDirectory.java:analyzeStorage(246)) - The storage directory /workdir/hadoop-ozone/integration-test/target/test-dir/MiniOzoneClusterImpl-3c9a5054-9541-4e02-9581-fea88c10aa6d/datanode-5/data/ratis/ab20fcb5-ca6d-44a6-a5c6-2ed742721629 does not exist. Creating ...
2019-09-24 03:07:30,101 [pool-77-thread-1] INFO  storage.RaftStorageDirectory (RaftStorageDirectory.java:tryLock(328)) - Lock on /workdir/hadoop-ozone/integration-test/target/test-dir/MiniOzoneClusterImpl-3c9a5054-9541-4e02-9581-fea88c10aa6d/datanode-5/data/ratis/ab20fcb5-ca6d-44a6-a5c6-2ed742721629/in_use.lock acquired by nodename 31860@pr-hdds-2162-tjkd5-3209850126
2019-09-24 03:07:30,115 [pool-77-thread-1] INFO  storage.RaftStorage (RaftStorage.java:format(72)) - Storage directory /workdir/hadoop-ozone/integration-test/target/test-dir/MiniOzoneClusterImpl-3c9a5054-9541-4e02-9581-fea88c10aa6d/datanode-5/data/ratis/ab20fcb5-ca6d-44a6-a5c6-2ed742721629 has been successfully formatted.
2019-09-24 03:07:30,115 [pool-77-thread-1] INFO  ratis.ContainerStateMachine (ContainerStateMachine.java:loadSnapshot(230)) - group-2ED742721629: The snapshot info is null. Setting the last applied indexto:(t:0, i:~)
2019-09-24 03:07:30,116 [pool-77-thread-1] INFO  server.RaftServerConfigKeys (ConfUtils.java:logGet(43)) - raft.server.notification.no-leader.timeout = 120s (custom)
2019-09-24 03:07:30,116 [pool-77-thread-1] INFO  server.RaftServerConfigKeys (ConfUtils.java:logGet(43)) - raft.server.log.use.memory = false (default)
2019-09-24 03:07:30,116 [pool-77-thread-1] INFO  server.RaftServerConfigKeys (ConfUtils.java:logGet(43)) - raft.server.log.purge.gap = 1000000 (custom)
2019-09-24 03:07:30,116 [pool-77-thread-1] INFO  server.RaftServerConfigKeys (ConfUtils.java:logGet(43)) - raft.server.log.appender.buffer.byte-limit = 33554432 (custom)
2019-09-24 03:07:30,117 [pool-77-thread-1] INFO  server.RaftServerConfigKeys (ConfUtils.java:logGet(43)) - raft.server.log.segment.size.max = 1048576 (custom)
2019-09-24 03:07:30,117 [pool-77-thread-1] INFO  server.RaftServerConfigKeys (ConfUtils.java:logGet(43)) - raft.server.log.segment.cache.num.max = 2 (custom)
2019-09-24 03:07:30,117 [pool-77-thread-1] INFO  segmented.SegmentedRaftLogWorker (SegmentedRaftLogWorker.java:<init>(172)) - new cca15b09-5d98-4653-bef1-2fe6a3bc31c5@group-2ED742721629-SegmentedRaftLogWorker for RaftStorage:Storage Directory /workdir/hadoop-ozone/integration-test/target/test-dir/MiniOzoneClusterImpl-3c9a5054-9541-4e02-9581-fea88c10aa6d/datanode-5/data/ratis/ab20fcb5-ca6d-44a6-a5c6-2ed742721629
2019-09-24 03:07:30,122 [pool-77-thread-1] INFO  server.RaftServerConfigKeys (ConfUtils.java:logGet(43)) - raft.server.log.queue.byte-limit = 2147483647 (custom)
2019-09-24 03:07:30,122 [pool-77-thread-1] INFO  server.RaftServerConfigKeys (ConfUtils.java:logGet(43)) - raft.server.log.queue.element-limit = 1024 (custom)
2019-09-24 03:07:30,122 [pool-77-thread-1] INFO  server.RaftServerConfigKeys (ConfUtils.java:logGet(43)) - raft.server.log.segment.size.max = 1048576 (custom)
2019-09-24 03:07:30,122 [pool-77-thread-1] INFO  server.RaftServerConfigKeys (ConfUtils.java:logGet(43)) - raft.server.log.preallocated.size = 16384 (custom)
2019-09-24 03:07:30,123 [pool-77-thread-1] INFO  server.RaftServerConfigKeys (ConfUtils.java:logGet(43)) - raft.server.log.write.buffer.size = 33554432 (custom)
2019-09-24 03:07:30,123 [pool-77-thread-1] INFO  server.RaftServerConfigKeys (ConfUtils.java:logGet(43)) - raft.server.log.force.sync.num = 128 (default)
2019-09-24 03:07:30,123 [pool-77-thread-1] INFO  server.RaftServerConfigKeys (ConfUtils.java:logGet(43)) - raft.server.log.statemachine.data.sync = true (default)
2019-09-24 03:07:30,123 [pool-77-thread-1] INFO  server.RaftServerConfigKeys (ConfUtils.java:logGet(43)) - raft.server.log.statemachine.data.sync.timeout = 10s (default)
2019-09-24 03:07:30,123 [pool-77-thread-1] INFO  server.RaftServerConfigKeys (ConfUtils.java:logGet(43)) - raft.server.log.statemachine.data.sync.timeout.retry = -1 (default)
2019-09-24 03:07:30,124 [pool-77-thread-1] INFO  server.RaftServerConfigKeys (ConfUtils.java:logGet(43)) - raft.server.log.statemachine.data.caching.enabled = true (custom)
2019-09-24 03:07:30,124 [pool-77-thread-1] INFO  segmented.SegmentedRaftLogWorker (SegmentedRaftLogWorker.java:lambda$new$0(132)) - cca15b09-5d98-4653-bef1-2fe6a3bc31c5@group-2ED742721629-SegmentedRaftLogWorker: flushIndex: setUnconditionally 0 -> -1
2019-09-24 03:07:30,125 [pool-77-thread-1] INFO  server.RaftServerConfigKeys (ConfUtils.java:logGet(43)) - raft.server.snapshot.auto.trigger.enabled = true (custom)
2019-09-24 03:07:30,125 [pool-77-thread-1] INFO  server.RaftServerConfigKeys (ConfUtils.java:logGet(43)) - raft.server.snapshot.auto.trigger.threshold = 10000 (custom)
2019-09-24 03:07:30,125 [pool-77-thread-1] INFO  server.RaftServerConfigKeys (ConfUtils.java:logGet(43)) - raft.server.snapshot.retention.num.files = 5 (custom)
2019-09-24 03:07:30,125 [pool-77-thread-1] INFO  server.RaftServerConfigKeys (ConfUtils.java:logGet(43)) - raft.server.retrycache.expirytime = 600000ms (custom)
2019-09-24 03:07:30,130 [pool-77-thread-1] INFO  impl.RaftServerImpl (RaftServerImpl.java:start(185)) - cca15b09-5d98-4653-bef1-2fe6a3bc31c5@group-2ED742721629: start as a follower, conf=-1: [cca15b09-5d98-4653-bef1-2fe6a3bc31c5:192.168.151.121:38726], old=null
2019-09-24 03:07:30,130 [pool-77-thread-1] INFO  impl.RaftServerImpl (RaftServerImpl.java:setRole(174)) - cca15b09-5d98-4653-bef1-2fe6a3bc31c5@group-2ED742721629: changes role from      null to FOLLOWER at term 0 for startAsFollower
2019-09-24 03:07:30,130 [pool-77-thread-1] INFO  impl.RoleInfo (RoleInfo.java:updateAndGet(143)) - cca15b09-5d98-4653-bef1-2fe6a3bc31c5: start FollowerState
2019-09-24 03:07:30,131 [pool-77-thread-1] INFO  util.JmxRegister (JmxRegister.java:tryRegister(44)) - Successfully registered JMX Bean with object name Ratis:service=RaftServer,group=group-2ED742721629,id=cca15b09-5d98-4653-bef1-2fe6a3bc31c5
2019-09-24 03:07:30,270 [RatisPipelineUtilsThread] INFO  pipeline.PipelineStateManager (PipelineStateManager.java:addPipeline(56)) - Created pipeline Pipeline[ Id: ab20fcb5-ca6d-44a6-a5c6-2ed742721629, Nodes: cca15b09-5d98-4653-bef1-2fe6a3bc31c5{ip: 192.168.151.121, host: pr-hdds-2162-tjkd5-3209850126, networkLocation: /default-rack, certSerialId: null}, Type:RATIS, Factor:ONE, State:OPEN]
2019-09-24 03:07:30,291 [grpc-default-executor-0] INFO  impl.RaftServerProxy (RaftServerProxy.java:addNew(89)) - de29c35e-384c-4f64-9e28-a0d286e1760b: addNew group-DBE74F7AF524:[de29c35e-384c-4f64-9e28-a0d286e1760b:192.168.151.121:38337] returns group-DBE74F7AF524:java.util.concurrent.CompletableFuture@dab4e0d[Not completed]
2019-09-24 03:07:30,293 [pool-47-thread-1] INFO  impl.RaftServerImpl (RaftServerImpl.java:<init>(95)) - de29c35e-384c-4f64-9e28-a0d286e1760b: new RaftServerImpl for group-DBE74F7AF524:[de29c35e-384c-4f64-9e28-a0d286e1760b:192.168.151.121:38337] with ContainerStateMachine:uninitialized
2019-09-24 03:07:30,294 [pool-47-thread-1] INFO  server.RaftServerConfigKeys (ConfUtils.java:logGet(43)) - raft.server.rpc.timeout.min = 5s (custom)
2019-09-24 03:07:30,294 [pool-47-thread-1] INFO  server.RaftServerConfigKeys (ConfUtils.java:logGet(43)) - raft.server.rpc.timeout.max = 5200ms (custom)
2019-09-24 03:07:30,294 [pool-47-thread-1] INFO  server.RaftServerConfigKeys (ConfUtils.java:logGet(43)) - raft.server.rpcslowness.timeout = 120s (custom)
2019-09-24 03:07:30,294 [pool-47-thread-1] INFO  server.RaftServerConfigKeys (ConfUtils.java:logGet(43)) - raft.server.sleep.deviation.threshold = 300 (default)
2019-09-24 03:07:30,294 [pool-47-thread-1] INFO  server.RaftServerConfigKeys (ConfUtils.java:logGet(43)) - raft.server.log.appender.install.snapshot.enabled = false (custom)
2019-09-24 03:07:30,294 [pool-47-thread-1] INFO  impl.RaftServerImpl (ServerState.java:<init>(103)) - de29c35e-384c-4f64-9e28-a0d286e1760b@group-DBE74F7AF524: ConfigurationManager, init=-1: [de29c35e-384c-4f64-9e28-a0d286e1760b:192.168.151.121:38337], old=null, confs=<EMPTY_MAP>
2019-09-24 03:07:30,295 [pool-47-thread-1] INFO  server.RaftServerConfigKeys (ConfUtils.java:logGet(43)) - raft.server.storage.dir = [/workdir/hadoop-ozone/integration-test/target/test-dir/MiniOzoneClusterImpl-3c9a5054-9541-4e02-9581-fea88c10aa6d/datanode-2/data/ratis] (custom)
2019-09-24 03:07:30,298 [pool-47-thread-1] INFO  storage.RaftStorageDirectory (RaftStorageDirectory.java:analyzeStorage(246)) - The storage directory /workdir/hadoop-ozone/integration-test/target/test-dir/MiniOzoneClusterImpl-3c9a5054-9541-4e02-9581-fea88c10aa6d/datanode-2/data/ratis/fc4ef53a-5151-422d-a2f8-dbe74f7af524 does not exist. Creating ...
2019-09-24 03:07:30,310 [pool-47-thread-1] INFO  storage.RaftStorageDirectory (RaftStorageDirectory.java:tryLock(328)) - Lock on /workdir/hadoop-ozone/integration-test/target/test-dir/MiniOzoneClusterImpl-3c9a5054-9541-4e02-9581-fea88c10aa6d/datanode-2/data/ratis/fc4ef53a-5151-422d-a2f8-dbe74f7af524/in_use.lock acquired by nodename 31860@pr-hdds-2162-tjkd5-3209850126
2019-09-24 03:07:30,320 [pool-47-thread-1] INFO  storage.RaftStorage (RaftStorage.java:format(72)) - Storage directory /workdir/hadoop-ozone/integration-test/target/test-dir/MiniOzoneClusterImpl-3c9a5054-9541-4e02-9581-fea88c10aa6d/datanode-2/data/ratis/fc4ef53a-5151-422d-a2f8-dbe74f7af524 has been successfully formatted.
2019-09-24 03:07:30,321 [pool-47-thread-1] INFO  ratis.ContainerStateMachine (ContainerStateMachine.java:loadSnapshot(230)) - group-DBE74F7AF524: The snapshot info is null. Setting the last applied indexto:(t:0, i:~)
2019-09-24 03:07:30,321 [pool-47-thread-1] INFO  server.RaftServerConfigKeys (ConfUtils.java:logGet(43)) - raft.server.notification.no-leader.timeout = 120s (custom)
2019-09-24 03:07:30,321 [pool-47-thread-1] INFO  server.RaftServerConfigKeys (ConfUtils.java:logGet(43)) - raft.server.log.use.memory = false (default)
2019-09-24 03:07:30,321 [pool-47-thread-1] INFO  server.RaftServerConfigKeys (ConfUtils.java:logGet(43)) - raft.server.log.purge.gap = 1000000 (custom)
2019-09-24 03:07:30,321 [pool-47-thread-1] INFO  server.RaftServerConfigKeys (ConfUtils.java:logGet(43)) - raft.server.log.appender.buffer.byte-limit = 33554432 (custom)
2019-09-24 03:07:30,322 [pool-47-thread-1] INFO  server.RaftServerConfigKeys (ConfUtils.java:logGet(43)) - raft.server.log.segment.size.max = 1048576 (custom)
2019-09-24 03:07:30,322 [pool-47-thread-1] INFO  server.RaftServerConfigKeys (ConfUtils.java:logGet(43)) - raft.server.log.segment.cache.num.max = 2 (custom)
2019-09-24 03:07:30,322 [pool-47-thread-1] INFO  segmented.SegmentedRaftLogWorker (SegmentedRaftLogWorker.java:<init>(172)) - new de29c35e-384c-4f64-9e28-a0d286e1760b@group-DBE74F7AF524-SegmentedRaftLogWorker for RaftStorage:Storage Directory /workdir/hadoop-ozone/integration-test/target/test-dir/MiniOzoneClusterImpl-3c9a5054-9541-4e02-9581-fea88c10aa6d/datanode-2/data/ratis/fc4ef53a-5151-422d-a2f8-dbe74f7af524
2019-09-24 03:07:30,328 [main] INFO  ozone.MiniOzoneClusterImpl (MiniOzoneClusterImpl.java:lambda$waitForClusterToBeReady$0(147)) - Cluster is ready. Got 7 of 7 DN Heartbeats.
2019-09-24 03:07:30,330 [pool-47-thread-1] INFO  server.RaftServerConfigKeys (ConfUtils.java:logGet(43)) - raft.server.log.queue.byte-limit = 2147483647 (custom)
2019-09-24 03:07:30,330 [pool-47-thread-1] INFO  server.RaftServerConfigKeys (ConfUtils.java:logGet(43)) - raft.server.log.queue.element-limit = 1024 (custom)
2019-09-24 03:07:30,330 [pool-47-thread-1] INFO  server.RaftServerConfigKeys (ConfUtils.java:logGet(43)) - raft.server.log.segment.size.max = 1048576 (custom)
2019-09-24 03:07:30,331 [pool-47-thread-1] INFO  server.RaftServerConfigKeys (ConfUtils.java:logGet(43)) - raft.server.log.preallocated.size = 16384 (custom)
2019-09-24 03:07:30,331 [pool-47-thread-1] INFO  server.RaftServerConfigKeys (ConfUtils.java:logGet(43)) - raft.server.log.write.buffer.size = 33554432 (custom)
2019-09-24 03:07:30,331 [pool-47-thread-1] INFO  server.RaftServerConfigKeys (ConfUtils.java:logGet(43)) - raft.server.log.force.sync.num = 128 (default)
2019-09-24 03:07:30,331 [pool-47-thread-1] INFO  server.RaftServerConfigKeys (ConfUtils.java:logGet(43)) - raft.server.log.statemachine.data.sync = true (default)
2019-09-24 03:07:30,331 [pool-47-thread-1] INFO  server.RaftServerConfigKeys (ConfUtils.java:logGet(43)) - raft.server.log.statemachine.data.sync.timeout = 10s (default)
2019-09-24 03:07:30,332 [pool-47-thread-1] INFO  server.RaftServerConfigKeys (ConfUtils.java:logGet(43)) - raft.server.log.statemachine.data.sync.timeout.retry = -1 (default)
2019-09-24 03:07:30,332 [pool-47-thread-1] INFO  server.RaftServerConfigKeys (ConfUtils.java:logGet(43)) - raft.server.log.statemachine.data.caching.enabled = true (custom)
2019-09-24 03:07:30,333 [pool-47-thread-1] INFO  segmented.SegmentedRaftLogWorker (SegmentedRaftLogWorker.java:lambda$new$0(132)) - de29c35e-384c-4f64-9e28-a0d286e1760b@group-DBE74F7AF524-SegmentedRaftLogWorker: flushIndex: setUnconditionally 0 -> -1
2019-09-24 03:07:30,333 [pool-47-thread-1] INFO  server.RaftServerConfigKeys (ConfUtils.java:logGet(43)) - raft.server.snapshot.auto.trigger.enabled = true (custom)
2019-09-24 03:07:30,333 [pool-47-thread-1] INFO  server.RaftServerConfigKeys (ConfUtils.java:logGet(43)) - raft.server.snapshot.auto.trigger.threshold = 10000 (custom)
2019-09-24 03:07:30,334 [pool-47-thread-1] INFO  server.RaftServerConfigKeys (ConfUtils.java:logGet(43)) - raft.server.snapshot.retention.num.files = 5 (custom)
2019-09-24 03:07:30,334 [pool-47-thread-1] INFO  server.RaftServerConfigKeys (ConfUtils.java:logGet(43)) - raft.server.retrycache.expirytime = 600000ms (custom)
2019-09-24 03:07:30,341 [pool-47-thread-1] INFO  impl.RaftServerImpl (RaftServerImpl.java:start(185)) - de29c35e-384c-4f64-9e28-a0d286e1760b@group-DBE74F7AF524: start as a follower, conf=-1: [de29c35e-384c-4f64-9e28-a0d286e1760b:192.168.151.121:38337], old=null
2019-09-24 03:07:30,341 [pool-47-thread-1] INFO  impl.RaftServerImpl (RaftServerImpl.java:setRole(174)) - de29c35e-384c-4f64-9e28-a0d286e1760b@group-DBE74F7AF524: changes role from      null to FOLLOWER at term 0 for startAsFollower
2019-09-24 03:07:30,342 [pool-47-thread-1] INFO  impl.RoleInfo (RoleInfo.java:updateAndGet(143)) - de29c35e-384c-4f64-9e28-a0d286e1760b: start FollowerState
2019-09-24 03:07:30,342 [pool-47-thread-1] INFO  util.JmxRegister (JmxRegister.java:tryRegister(44)) - Successfully registered JMX Bean with object name Ratis:service=RaftServer,group=group-DBE74F7AF524,id=de29c35e-384c-4f64-9e28-a0d286e1760b
2019-09-24 03:07:30,368 [RatisPipelineUtilsThread] INFO  pipeline.PipelineStateManager (PipelineStateManager.java:addPipeline(56)) - Created pipeline Pipeline[ Id: fc4ef53a-5151-422d-a2f8-dbe74f7af524, Nodes: de29c35e-384c-4f64-9e28-a0d286e1760b{ip: 192.168.151.121, host: pr-hdds-2162-tjkd5-3209850126, networkLocation: /default-rack, certSerialId: null}, Type:RATIS, Factor:ONE, State:OPEN]
2019-09-24 03:07:30,418 [grpc-default-executor-1] INFO  impl.RaftServerProxy (RaftServerProxy.java:addNew(89)) - 1c4b9d97-8ee6-4c70-b33d-f77b8a26cbd8: addNew group-7AC681A6C483:[e98bfd79-b296-4958-96e0-9f16ad4d3dd7:192.168.151.121:34803, 1c4b9d97-8ee6-4c70-b33d-f77b8a26cbd8:192.168.151.121:33324, 6f396628-19e5-4ddc-b9c6-a68c9abd3c36:192.168.151.121:43628] returns group-7AC681A6C483:java.util.concurrent.CompletableFuture@114f0bde[Not completed]
2019-09-24 03:07:30,418 [grpc-default-executor-0] INFO  impl.RaftServerProxy (RaftServerProxy.java:addNew(89)) - e98bfd79-b296-4958-96e0-9f16ad4d3dd7: addNew group-7AC681A6C483:[e98bfd79-b296-4958-96e0-9f16ad4d3dd7:192.168.151.121:34803, 1c4b9d97-8ee6-4c70-b33d-f77b8a26cbd8:192.168.151.121:33324, 6f396628-19e5-4ddc-b9c6-a68c9abd3c36:192.168.151.121:43628] returns group-7AC681A6C483:java.util.concurrent.CompletableFuture@3f325ffc[Not completed]
2019-09-24 03:07:30,418 [grpc-default-executor-2] INFO  impl.RaftServerProxy (RaftServerProxy.java:addNew(89)) - 6f396628-19e5-4ddc-b9c6-a68c9abd3c36: addNew group-7AC681A6C483:[e98bfd79-b296-4958-96e0-9f16ad4d3dd7:192.168.151.121:34803, 1c4b9d97-8ee6-4c70-b33d-f77b8a26cbd8:192.168.151.121:33324, 6f396628-19e5-4ddc-b9c6-a68c9abd3c36:192.168.151.121:43628] returns group-7AC681A6C483:java.util.concurrent.CompletableFuture@2d527b71[Not completed]
2019-09-24 03:07:30,422 [pool-87-thread-1] INFO  impl.RaftServerImpl (RaftServerImpl.java:<init>(95)) - 6f396628-19e5-4ddc-b9c6-a68c9abd3c36: new RaftServerImpl for group-7AC681A6C483:[e98bfd79-b296-4958-96e0-9f16ad4d3dd7:192.168.151.121:34803, 1c4b9d97-8ee6-4c70-b33d-f77b8a26cbd8:192.168.151.121:33324, 6f396628-19e5-4ddc-b9c6-a68c9abd3c36:192.168.151.121:43628] with ContainerStateMachine:uninitialized
2019-09-24 03:07:30,422 [pool-87-thread-1] INFO  server.RaftServerConfigKeys (ConfUtils.java:logGet(43)) - raft.server.rpc.timeout.min = 5s (custom)
2019-09-24 03:07:30,422 [pool-87-thread-1] INFO  server.RaftServerConfigKeys (ConfUtils.java:logGet(43)) - raft.server.rpc.timeout.max = 5200ms (custom)
2019-09-24 03:07:30,422 [pool-87-thread-1] INFO  server.RaftServerConfigKeys (ConfUtils.java:logGet(43)) - raft.server.rpcslowness.timeout = 120s (custom)
2019-09-24 03:07:30,422 [pool-87-thread-1] INFO  server.RaftServerConfigKeys (ConfUtils.java:logGet(43)) - raft.server.sleep.deviation.threshold = 300 (default)
2019-09-24 03:07:30,423 [pool-87-thread-1] INFO  server.RaftServerConfigKeys (ConfUtils.java:logGet(43)) - raft.server.log.appender.install.snapshot.enabled = false (custom)
2019-09-24 03:07:30,423 [pool-87-thread-1] INFO  impl.RaftServerImpl (ServerState.java:<init>(103)) - 6f396628-19e5-4ddc-b9c6-a68c9abd3c36@group-7AC681A6C483: ConfigurationManager, init=-1: [e98bfd79-b296-4958-96e0-9f16ad4d3dd7:192.168.151.121:34803, 1c4b9d97-8ee6-4c70-b33d-f77b8a26cbd8:192.168.151.121:33324, 6f396628-19e5-4ddc-b9c6-a68c9abd3c36:192.168.151.121:43628], old=null, confs=<EMPTY_MAP>
2019-09-24 03:07:30,423 [pool-57-thread-1] INFO  impl.RaftServerImpl (RaftServerImpl.java:<init>(95)) - e98bfd79-b296-4958-96e0-9f16ad4d3dd7: new RaftServerImpl for group-7AC681A6C483:[e98bfd79-b296-4958-96e0-9f16ad4d3dd7:192.168.151.121:34803, 1c4b9d97-8ee6-4c70-b33d-f77b8a26cbd8:192.168.151.121:33324, 6f396628-19e5-4ddc-b9c6-a68c9abd3c36:192.168.151.121:43628] with ContainerStateMachine:uninitialized
2019-09-24 03:07:30,423 [pool-87-thread-1] INFO  server.RaftServerConfigKeys (ConfUtils.java:logGet(43)) - raft.server.storage.dir = [/workdir/hadoop-ozone/integration-test/target/test-dir/MiniOzoneClusterImpl-3c9a5054-9541-4e02-9581-fea88c10aa6d/datanode-6/data/ratis] (custom)
2019-09-24 03:07:30,423 [pool-57-thread-1] INFO  server.RaftServerConfigKeys (ConfUtils.java:logGet(43)) - raft.server.rpc.timeout.min = 5s (custom)
2019-09-24 03:07:30,423 [pool-57-thread-1] INFO  server.RaftServerConfigKeys (ConfUtils.java:logGet(43)) - raft.server.rpc.timeout.max = 5200ms (custom)
2019-09-24 03:07:30,423 [pool-57-thread-1] INFO  server.RaftServerConfigKeys (ConfUtils.java:logGet(43)) - raft.server.rpcslowness.timeout = 120s (custom)
2019-09-24 03:07:30,423 [pool-57-thread-1] INFO  server.RaftServerConfigKeys (ConfUtils.java:logGet(43)) - raft.server.sleep.deviation.threshold = 300 (default)
2019-09-24 03:07:30,423 [pool-87-thread-1] INFO  storage.RaftStorageDirectory (RaftStorageDirectory.java:analyzeStorage(246)) - The storage directory /workdir/hadoop-ozone/integration-test/target/test-dir/MiniOzoneClusterImpl-3c9a5054-9541-4e02-9581-fea88c10aa6d/datanode-6/data/ratis/bb48a0ae-3de0-4b21-ba8c-7ac681a6c483 does not exist. Creating ...
2019-09-24 03:07:30,423 [pool-57-thread-1] INFO  server.RaftServerConfigKeys (ConfUtils.java:logGet(43)) - raft.server.log.appender.install.snapshot.enabled = false (custom)
2019-09-24 03:07:30,424 [pool-57-thread-1] INFO  impl.RaftServerImpl (ServerState.java:<init>(103)) - e98bfd79-b296-4958-96e0-9f16ad4d3dd7@group-7AC681A6C483: ConfigurationManager, init=-1: [e98bfd79-b296-4958-96e0-9f16ad4d3dd7:192.168.151.121:34803, 1c4b9d97-8ee6-4c70-b33d-f77b8a26cbd8:192.168.151.121:33324, 6f396628-19e5-4ddc-b9c6-a68c9abd3c36:192.168.151.121:43628], old=null, confs=<EMPTY_MAP>
2019-09-24 03:07:30,424 [pool-57-thread-1] INFO  server.RaftServerConfigKeys (ConfUtils.java:logGet(43)) - raft.server.storage.dir = [/workdir/hadoop-ozone/integration-test/target/test-dir/MiniOzoneClusterImpl-3c9a5054-9541-4e02-9581-fea88c10aa6d/datanode-3/data/ratis] (custom)
2019-09-24 03:07:30,424 [pool-67-thread-1] INFO  impl.RaftServerImpl (RaftServerImpl.java:<init>(95)) - 1c4b9d97-8ee6-4c70-b33d-f77b8a26cbd8: new RaftServerImpl for group-7AC681A6C483:[e98bfd79-b296-4958-96e0-9f16ad4d3dd7:192.168.151.121:34803, 1c4b9d97-8ee6-4c70-b33d-f77b8a26cbd8:192.168.151.121:33324, 6f396628-19e5-4ddc-b9c6-a68c9abd3c36:192.168.151.121:43628] with ContainerStateMachine:uninitialized
2019-09-24 03:07:30,424 [pool-67-thread-1] INFO  server.RaftServerConfigKeys (ConfUtils.java:logGet(43)) - raft.server.rpc.timeout.min = 5s (custom)
2019-09-24 03:07:30,424 [pool-57-thread-1] INFO  storage.RaftStorageDirectory (RaftStorageDirectory.java:analyzeStorage(246)) - The storage directory /workdir/hadoop-ozone/integration-test/target/test-dir/MiniOzoneClusterImpl-3c9a5054-9541-4e02-9581-fea88c10aa6d/datanode-3/data/ratis/bb48a0ae-3de0-4b21-ba8c-7ac681a6c483 does not exist. Creating ...
2019-09-24 03:07:30,424 [pool-67-thread-1] INFO  server.RaftServerConfigKeys (ConfUtils.java:logGet(43)) - raft.server.rpc.timeout.max = 5200ms (custom)
2019-09-24 03:07:30,424 [pool-67-thread-1] INFO  server.RaftServerConfigKeys (ConfUtils.java:logGet(43)) - raft.server.rpcslowness.timeout = 120s (custom)
2019-09-24 03:07:30,425 [pool-67-thread-1] INFO  server.RaftServerConfigKeys (ConfUtils.java:logGet(43)) - raft.server.sleep.deviation.threshold = 300 (default)
2019-09-24 03:07:30,425 [pool-67-thread-1] INFO  server.RaftServerConfigKeys (ConfUtils.java:logGet(43)) - raft.server.log.appender.install.snapshot.enabled = false (custom)
2019-09-24 03:07:30,425 [pool-67-thread-1] INFO  impl.RaftServerImpl (ServerState.java:<init>(103)) - 1c4b9d97-8ee6-4c70-b33d-f77b8a26cbd8@group-7AC681A6C483: ConfigurationManager, init=-1: [e98bfd79-b296-4958-96e0-9f16ad4d3dd7:192.168.151.121:34803, 1c4b9d97-8ee6-4c70-b33d-f77b8a26cbd8:192.168.151.121:33324, 6f396628-19e5-4ddc-b9c6-a68c9abd3c36:192.168.151.121:43628], old=null, confs=<EMPTY_MAP>
2019-09-24 03:07:30,425 [pool-67-thread-1] INFO  server.RaftServerConfigKeys (ConfUtils.java:logGet(43)) - raft.server.storage.dir = [/workdir/hadoop-ozone/integration-test/target/test-dir/MiniOzoneClusterImpl-3c9a5054-9541-4e02-9581-fea88c10aa6d/datanode-4/data/ratis] (custom)
2019-09-24 03:07:30,426 [pool-67-thread-1] INFO  storage.RaftStorageDirectory (RaftStorageDirectory.java:analyzeStorage(246)) - The storage directory /workdir/hadoop-ozone/integration-test/target/test-dir/MiniOzoneClusterImpl-3c9a5054-9541-4e02-9581-fea88c10aa6d/datanode-4/data/ratis/bb48a0ae-3de0-4b21-ba8c-7ac681a6c483 does not exist. Creating ...
2019-09-24 03:07:30,431 [pool-57-thread-1] INFO  storage.RaftStorageDirectory (RaftStorageDirectory.java:tryLock(328)) - Lock on /workdir/hadoop-ozone/integration-test/target/test-dir/MiniOzoneClusterImpl-3c9a5054-9541-4e02-9581-fea88c10aa6d/datanode-3/data/ratis/bb48a0ae-3de0-4b21-ba8c-7ac681a6c483/in_use.lock acquired by nodename 31860@pr-hdds-2162-tjkd5-3209850126
2019-09-24 03:07:30,431 [pool-87-thread-1] INFO  storage.RaftStorageDirectory (RaftStorageDirectory.java:tryLock(328)) - Lock on /workdir/hadoop-ozone/integration-test/target/test-dir/MiniOzoneClusterImpl-3c9a5054-9541-4e02-9581-fea88c10aa6d/datanode-6/data/ratis/bb48a0ae-3de0-4b21-ba8c-7ac681a6c483/in_use.lock acquired by nodename 31860@pr-hdds-2162-tjkd5-3209850126
2019-09-24 03:07:30,431 [pool-67-thread-1] INFO  storage.RaftStorageDirectory (RaftStorageDirectory.java:tryLock(328)) - Lock on /workdir/hadoop-ozone/integration-test/target/test-dir/MiniOzoneClusterImpl-3c9a5054-9541-4e02-9581-fea88c10aa6d/datanode-4/data/ratis/bb48a0ae-3de0-4b21-ba8c-7ac681a6c483/in_use.lock acquired by nodename 31860@pr-hdds-2162-tjkd5-3209850126
2019-09-24 03:07:30,439 [pool-57-thread-1] INFO  storage.RaftStorage (RaftStorage.java:format(72)) - Storage directory /workdir/hadoop-ozone/integration-test/target/test-dir/MiniOzoneClusterImpl-3c9a5054-9541-4e02-9581-fea88c10aa6d/datanode-3/data/ratis/bb48a0ae-3de0-4b21-ba8c-7ac681a6c483 has been successfully formatted.
2019-09-24 03:07:30,439 [pool-67-thread-1] INFO  storage.RaftStorage (RaftStorage.java:format(72)) - Storage directory /workdir/hadoop-ozone/integration-test/target/test-dir/MiniOzoneClusterImpl-3c9a5054-9541-4e02-9581-fea88c10aa6d/datanode-4/data/ratis/bb48a0ae-3de0-4b21-ba8c-7ac681a6c483 has been successfully formatted.
2019-09-24 03:07:30,439 [pool-87-thread-1] INFO  storage.RaftStorage (RaftStorage.java:format(72)) - Storage directory /workdir/hadoop-ozone/integration-test/target/test-dir/MiniOzoneClusterImpl-3c9a5054-9541-4e02-9581-fea88c10aa6d/datanode-6/data/ratis/bb48a0ae-3de0-4b21-ba8c-7ac681a6c483 has been successfully formatted.
2019-09-24 03:07:30,439 [pool-57-thread-1] INFO  ratis.ContainerStateMachine (ContainerStateMachine.java:loadSnapshot(230)) - group-7AC681A6C483: The snapshot info is null. Setting the last applied indexto:(t:0, i:~)
2019-09-24 03:07:30,439 [pool-67-thread-1] INFO  ratis.ContainerStateMachine (ContainerStateMachine.java:loadSnapshot(230)) - group-7AC681A6C483: The snapshot info is null. Setting the last applied indexto:(t:0, i:~)
2019-09-24 03:07:30,440 [pool-57-thread-1] INFO  server.RaftServerConfigKeys (ConfUtils.java:logGet(43)) - raft.server.notification.no-leader.timeout = 120s (custom)
2019-09-24 03:07:30,440 [pool-87-thread-1] INFO  ratis.ContainerStateMachine (ContainerStateMachine.java:loadSnapshot(230)) - group-7AC681A6C483: The snapshot info is null. Setting the last applied indexto:(t:0, i:~)
2019-09-24 03:07:30,440 [pool-57-thread-1] INFO  server.RaftServerConfigKeys (ConfUtils.java:logGet(43)) - raft.server.log.use.memory = false (default)
2019-09-24 03:07:30,440 [pool-67-thread-1] INFO  server.RaftServerConfigKeys (ConfUtils.java:logGet(43)) - raft.server.notification.no-leader.timeout = 120s (custom)
2019-09-24 03:07:30,440 [pool-57-thread-1] INFO  server.RaftServerConfigKeys (ConfUtils.java:logGet(43)) - raft.server.log.purge.gap = 1000000 (custom)
2019-09-24 03:07:30,440 [pool-87-thread-1] INFO  server.RaftServerConfigKeys (ConfUtils.java:logGet(43)) - raft.server.notification.no-leader.timeout = 120s (custom)
2019-09-24 03:07:30,440 [pool-57-thread-1] INFO  server.RaftServerConfigKeys (ConfUtils.java:logGet(43)) - raft.server.log.appender.buffer.byte-limit = 33554432 (custom)
2019-09-24 03:07:30,440 [pool-67-thread-1] INFO  server.RaftServerConfigKeys (ConfUtils.java:logGet(43)) - raft.server.log.use.memory = false (default)
2019-09-24 03:07:30,441 [pool-57-thread-1] INFO  server.RaftServerConfigKeys (ConfUtils.java:logGet(43)) - raft.server.log.segment.size.max = 1048576 (custom)
2019-09-24 03:07:30,440 [pool-87-thread-1] INFO  server.RaftServerConfigKeys (ConfUtils.java:logGet(43)) - raft.server.log.use.memory = false (default)
2019-09-24 03:07:30,441 [pool-57-thread-1] INFO  server.RaftServerConfigKeys (ConfUtils.java:logGet(43)) - raft.server.log.segment.cache.num.max = 2 (custom)
2019-09-24 03:07:30,441 [pool-67-thread-1] INFO  server.RaftServerConfigKeys (ConfUtils.java:logGet(43)) - raft.server.log.purge.gap = 1000000 (custom)
2019-09-24 03:07:30,441 [pool-57-thread-1] INFO  segmented.SegmentedRaftLogWorker (SegmentedRaftLogWorker.java:<init>(172)) - new e98bfd79-b296-4958-96e0-9f16ad4d3dd7@group-7AC681A6C483-SegmentedRaftLogWorker for RaftStorage:Storage Directory /workdir/hadoop-ozone/integration-test/target/test-dir/MiniOzoneClusterImpl-3c9a5054-9541-4e02-9581-fea88c10aa6d/datanode-3/data/ratis/bb48a0ae-3de0-4b21-ba8c-7ac681a6c483
2019-09-24 03:07:30,441 [pool-87-thread-1] INFO  server.RaftServerConfigKeys (ConfUtils.java:logGet(43)) - raft.server.log.purge.gap = 1000000 (custom)
2019-09-24 03:07:30,441 [pool-57-thread-1] INFO  server.RaftServerConfigKeys (ConfUtils.java:logGet(43)) - raft.server.log.queue.byte-limit = 2147483647 (custom)
2019-09-24 03:07:30,441 [pool-67-thread-1] INFO  server.RaftServerConfigKeys (ConfUtils.java:logGet(43)) - raft.server.log.appender.buffer.byte-limit = 33554432 (custom)
2019-09-24 03:07:30,441 [pool-57-thread-1] INFO  server.RaftServerConfigKeys (ConfUtils.java:logGet(43)) - raft.server.log.queue.element-limit = 1024 (custom)
2019-09-24 03:07:30,441 [pool-87-thread-1] INFO  server.RaftServerConfigKeys (ConfUtils.java:logGet(43)) - raft.server.log.appender.buffer.byte-limit = 33554432 (custom)
2019-09-24 03:07:30,442 [pool-57-thread-1] INFO  server.RaftServerConfigKeys (ConfUtils.java:logGet(43)) - raft.server.log.segment.size.max = 1048576 (custom)
2019-09-24 03:07:30,442 [pool-67-thread-1] INFO  server.RaftServerConfigKeys (ConfUtils.java:logGet(43)) - raft.server.log.segment.size.max = 1048576 (custom)
2019-09-24 03:07:30,442 [pool-57-thread-1] INFO  server.RaftServerConfigKeys (ConfUtils.java:logGet(43)) - raft.server.log.preallocated.size = 16384 (custom)
2019-09-24 03:07:30,442 [pool-87-thread-1] INFO  server.RaftServerConfigKeys (ConfUtils.java:logGet(43)) - raft.server.log.segment.size.max = 1048576 (custom)
2019-09-24 03:07:30,442 [pool-57-thread-1] INFO  server.RaftServerConfigKeys (ConfUtils.java:logGet(43)) - raft.server.log.write.buffer.size = 33554432 (custom)
2019-09-24 03:07:30,442 [pool-67-thread-1] INFO  server.RaftServerConfigKeys (ConfUtils.java:logGet(43)) - raft.server.log.segment.cache.num.max = 2 (custom)
2019-09-24 03:07:30,442 [pool-57-thread-1] INFO  server.RaftServerConfigKeys (ConfUtils.java:logGet(43)) - raft.server.log.force.sync.num = 128 (default)
2019-09-24 03:07:30,442 [pool-87-thread-1] INFO  server.RaftServerConfigKeys (ConfUtils.java:logGet(43)) - raft.server.log.segment.cache.num.max = 2 (custom)
2019-09-24 03:07:30,442 [pool-57-thread-1] INFO  server.RaftServerConfigKeys (ConfUtils.java:logGet(43)) - raft.server.log.statemachine.data.sync = true (default)
2019-09-24 03:07:30,442 [pool-67-thread-1] INFO  segmented.SegmentedRaftLogWorker (SegmentedRaftLogWorker.java:<init>(172)) - new 1c4b9d97-8ee6-4c70-b33d-f77b8a26cbd8@group-7AC681A6C483-SegmentedRaftLogWorker for RaftStorage:Storage Directory /workdir/hadoop-ozone/integration-test/target/test-dir/MiniOzoneClusterImpl-3c9a5054-9541-4e02-9581-fea88c10aa6d/datanode-4/data/ratis/bb48a0ae-3de0-4b21-ba8c-7ac681a6c483
2019-09-24 03:07:30,443 [pool-57-thread-1] INFO  server.RaftServerConfigKeys (ConfUtils.java:logGet(43)) - raft.server.log.statemachine.data.sync.timeout = 10s (default)
2019-09-24 03:07:30,443 [pool-87-thread-1] INFO  segmented.SegmentedRaftLogWorker (SegmentedRaftLogWorker.java:<init>(172)) - new 6f396628-19e5-4ddc-b9c6-a68c9abd3c36@group-7AC681A6C483-SegmentedRaftLogWorker for RaftStorage:Storage Directory /workdir/hadoop-ozone/integration-test/target/test-dir/MiniOzoneClusterImpl-3c9a5054-9541-4e02-9581-fea88c10aa6d/datanode-6/data/ratis/bb48a0ae-3de0-4b21-ba8c-7ac681a6c483
2019-09-24 03:07:30,443 [pool-57-thread-1] INFO  server.RaftServerConfigKeys (ConfUtils.java:logGet(43)) - raft.server.log.statemachine.data.sync.timeout.retry = -1 (default)
2019-09-24 03:07:30,443 [pool-67-thread-1] INFO  server.RaftServerConfigKeys (ConfUtils.java:logGet(43)) - raft.server.log.queue.byte-limit = 2147483647 (custom)
2019-09-24 03:07:30,443 [pool-87-thread-1] INFO  server.RaftServerConfigKeys (ConfUtils.java:logGet(43)) - raft.server.log.queue.byte-limit = 2147483647 (custom)
2019-09-24 03:07:30,443 [pool-67-thread-1] INFO  server.RaftServerConfigKeys (ConfUtils.java:logGet(43)) - raft.server.log.queue.element-limit = 1024 (custom)
2019-09-24 03:07:30,443 [pool-57-thread-1] INFO  server.RaftServerConfigKeys (ConfUtils.java:logGet(43)) - raft.server.log.statemachine.data.caching.enabled = true (custom)
2019-09-24 03:07:30,443 [pool-67-thread-1] INFO  server.RaftServerConfigKeys (ConfUtils.java:logGet(43)) - raft.server.log.segment.size.max = 1048576 (custom)
2019-09-24 03:07:30,443 [pool-87-thread-1] INFO  server.RaftServerConfigKeys (ConfUtils.java:logGet(43)) - raft.server.log.queue.element-limit = 1024 (custom)
2019-09-24 03:07:30,444 [pool-57-thread-1] INFO  segmented.SegmentedRaftLogWorker (SegmentedRaftLogWorker.java:lambda$new$0(132)) - e98bfd79-b296-4958-96e0-9f16ad4d3dd7@group-7AC681A6C483-SegmentedRaftLogWorker: flushIndex: setUnconditionally 0 -> -1
2019-09-24 03:07:30,444 [pool-67-thread-1] INFO  server.RaftServerConfigKeys (ConfUtils.java:logGet(43)) - raft.server.log.preallocated.size = 16384 (custom)
2019-09-24 03:07:30,444 [pool-87-thread-1] INFO  server.RaftServerConfigKeys (ConfUtils.java:logGet(43)) - raft.server.log.segment.size.max = 1048576 (custom)
2019-09-24 03:07:30,444 [pool-57-thread-1] INFO  server.RaftServerConfigKeys (ConfUtils.java:logGet(43)) - raft.server.snapshot.auto.trigger.enabled = true (custom)
2019-09-24 03:07:30,444 [pool-67-thread-1] INFO  server.RaftServerConfigKeys (ConfUtils.java:logGet(43)) - raft.server.log.write.buffer.size = 33554432 (custom)
2019-09-24 03:07:30,444 [pool-57-thread-1] INFO  server.RaftServerConfigKeys (ConfUtils.java:logGet(43)) - raft.server.snapshot.auto.trigger.threshold = 10000 (custom)
2019-09-24 03:07:30,444 [pool-87-thread-1] INFO  server.RaftServerConfigKeys (ConfUtils.java:logGet(43)) - raft.server.log.preallocated.size = 16384 (custom)
2019-09-24 03:07:30,444 [pool-57-thread-1] INFO  server.RaftServerConfigKeys (ConfUtils.java:logGet(43)) - raft.server.snapshot.retention.num.files = 5 (custom)
2019-09-24 03:07:30,444 [pool-67-thread-1] INFO  server.RaftServerConfigKeys (ConfUtils.java:logGet(43)) - raft.server.log.force.sync.num = 128 (default)
2019-09-24 03:07:30,445 [pool-57-thread-1] INFO  server.RaftServerConfigKeys (ConfUtils.java:logGet(43)) - raft.server.retrycache.expirytime = 600000ms (custom)
2019-09-24 03:07:30,444 [pool-87-thread-1] INFO  server.RaftServerConfigKeys (ConfUtils.java:logGet(43)) - raft.server.log.write.buffer.size = 33554432 (custom)
2019-09-24 03:07:30,445 [pool-67-thread-1] INFO  server.RaftServerConfigKeys (ConfUtils.java:logGet(43)) - raft.server.log.statemachine.data.sync = true (default)
2019-09-24 03:07:30,445 [pool-87-thread-1] INFO  server.RaftServerConfigKeys (ConfUtils.java:logGet(43)) - raft.server.log.force.sync.num = 128 (default)
2019-09-24 03:07:30,445 [pool-67-thread-1] INFO  server.RaftServerConfigKeys (ConfUtils.java:logGet(43)) - raft.server.log.statemachine.data.sync.timeout = 10s (default)
2019-09-24 03:07:30,445 [pool-87-thread-1] INFO  server.RaftServerConfigKeys (ConfUtils.java:logGet(43)) - raft.server.log.statemachine.data.sync = true (default)
2019-09-24 03:07:30,445 [pool-67-thread-1] INFO  server.RaftServerConfigKeys (ConfUtils.java:logGet(43)) - raft.server.log.statemachine.data.sync.timeout.retry = -1 (default)
2019-09-24 03:07:30,445 [pool-87-thread-1] INFO  server.RaftServerConfigKeys (ConfUtils.java:logGet(43)) - raft.server.log.statemachine.data.sync.timeout = 10s (default)
2019-09-24 03:07:30,445 [pool-67-thread-1] INFO  server.RaftServerConfigKeys (ConfUtils.java:logGet(43)) - raft.server.log.statemachine.data.caching.enabled = true (custom)
2019-09-24 03:07:30,445 [pool-87-thread-1] INFO  server.RaftServerConfigKeys (ConfUtils.java:logGet(43)) - raft.server.log.statemachine.data.sync.timeout.retry = -1 (default)
2019-09-24 03:07:30,446 [pool-67-thread-1] INFO  segmented.SegmentedRaftLogWorker (SegmentedRaftLogWorker.java:lambda$new$0(132)) - 1c4b9d97-8ee6-4c70-b33d-f77b8a26cbd8@group-7AC681A6C483-SegmentedRaftLogWorker: flushIndex: setUnconditionally 0 -> -1
2019-09-24 03:07:30,446 [pool-87-thread-1] INFO  server.RaftServerConfigKeys (ConfUtils.java:logGet(43)) - raft.server.log.statemachine.data.caching.enabled = true (custom)
2019-09-24 03:07:30,446 [pool-67-thread-1] INFO  server.RaftServerConfigKeys (ConfUtils.java:logGet(43)) - raft.server.snapshot.auto.trigger.enabled = true (custom)
2019-09-24 03:07:30,446 [pool-67-thread-1] INFO  server.RaftServerConfigKeys (ConfUtils.java:logGet(43)) - raft.server.snapshot.auto.trigger.threshold = 10000 (custom)
2019-09-24 03:07:30,446 [pool-87-thread-1] INFO  segmented.SegmentedRaftLogWorker (SegmentedRaftLogWorker.java:lambda$new$0(132)) - 6f396628-19e5-4ddc-b9c6-a68c9abd3c36@group-7AC681A6C483-SegmentedRaftLogWorker: flushIndex: setUnconditionally 0 -> -1
2019-09-24 03:07:30,446 [pool-67-thread-1] INFO  server.RaftServerConfigKeys (ConfUtils.java:logGet(43)) - raft.server.snapshot.retention.num.files = 5 (custom)
2019-09-24 03:07:30,446 [pool-87-thread-1] INFO  server.RaftServerConfigKeys (ConfUtils.java:logGet(43)) - raft.server.snapshot.auto.trigger.enabled = true (custom)
2019-09-24 03:07:30,446 [pool-67-thread-1] INFO  server.RaftServerConfigKeys (ConfUtils.java:logGet(43)) - raft.server.retrycache.expirytime = 600000ms (custom)
2019-09-24 03:07:30,447 [pool-87-thread-1] INFO  server.RaftServerConfigKeys (ConfUtils.java:logGet(43)) - raft.server.snapshot.auto.trigger.threshold = 10000 (custom)
2019-09-24 03:07:30,447 [pool-87-thread-1] INFO  server.RaftServerConfigKeys (ConfUtils.java:logGet(43)) - raft.server.snapshot.retention.num.files = 5 (custom)
2019-09-24 03:07:30,447 [pool-87-thread-1] INFO  server.RaftServerConfigKeys (ConfUtils.java:logGet(43)) - raft.server.retrycache.expirytime = 600000ms (custom)
2019-09-24 03:07:30,447 [pool-57-thread-1] INFO  impl.RaftServerImpl (RaftServerImpl.java:start(185)) - e98bfd79-b296-4958-96e0-9f16ad4d3dd7@group-7AC681A6C483: start as a follower, conf=-1: [e98bfd79-b296-4958-96e0-9f16ad4d3dd7:192.168.151.121:34803, 1c4b9d97-8ee6-4c70-b33d-f77b8a26cbd8:192.168.151.121:33324, 6f396628-19e5-4ddc-b9c6-a68c9abd3c36:192.168.151.121:43628], old=null
2019-09-24 03:07:30,447 [pool-57-thread-1] INFO  impl.RaftServerImpl (RaftServerImpl.java:setRole(174)) - e98bfd79-b296-4958-96e0-9f16ad4d3dd7@group-7AC681A6C483: changes role from      null to FOLLOWER at term 0 for startAsFollower
2019-09-24 03:07:30,447 [pool-57-thread-1] INFO  impl.RoleInfo (RoleInfo.java:updateAndGet(143)) - e98bfd79-b296-4958-96e0-9f16ad4d3dd7: start FollowerState
2019-09-24 03:07:30,448 [pool-57-thread-1] INFO  util.JmxRegister (JmxRegister.java:tryRegister(44)) - Successfully registered JMX Bean with object name Ratis:service=RaftServer,group=group-7AC681A6C483,id=e98bfd79-b296-4958-96e0-9f16ad4d3dd7
2019-09-24 03:07:30,449 [pool-67-thread-1] INFO  impl.RaftServerImpl (RaftServerImpl.java:start(185)) - 1c4b9d97-8ee6-4c70-b33d-f77b8a26cbd8@group-7AC681A6C483: start as a follower, conf=-1: [e98bfd79-b296-4958-96e0-9f16ad4d3dd7:192.168.151.121:34803, 1c4b9d97-8ee6-4c70-b33d-f77b8a26cbd8:192.168.151.121:33324, 6f396628-19e5-4ddc-b9c6-a68c9abd3c36:192.168.151.121:43628], old=null
2019-09-24 03:07:30,449 [pool-67-thread-1] INFO  impl.RaftServerImpl (RaftServerImpl.java:setRole(174)) - 1c4b9d97-8ee6-4c70-b33d-f77b8a26cbd8@group-7AC681A6C483: changes role from      null to FOLLOWER at term 0 for startAsFollower
2019-09-24 03:07:30,449 [pool-67-thread-1] INFO  impl.RoleInfo (RoleInfo.java:updateAndGet(143)) - 1c4b9d97-8ee6-4c70-b33d-f77b8a26cbd8: start FollowerState
2019-09-24 03:07:30,450 [pool-87-thread-1] INFO  impl.RaftServerImpl (RaftServerImpl.java:start(185)) - 6f396628-19e5-4ddc-b9c6-a68c9abd3c36@group-7AC681A6C483: start as a follower, conf=-1: [e98bfd79-b296-4958-96e0-9f16ad4d3dd7:192.168.151.121:34803, 1c4b9d97-8ee6-4c70-b33d-f77b8a26cbd8:192.168.151.121:33324, 6f396628-19e5-4ddc-b9c6-a68c9abd3c36:192.168.151.121:43628], old=null
2019-09-24 03:07:30,450 [pool-87-thread-1] INFO  impl.RaftServerImpl (RaftServerImpl.java:setRole(174)) - 6f396628-19e5-4ddc-b9c6-a68c9abd3c36@group-7AC681A6C483: changes role from      null to FOLLOWER at term 0 for startAsFollower
2019-09-24 03:07:30,450 [pool-67-thread-1] INFO  util.JmxRegister (JmxRegister.java:tryRegister(44)) - Successfully registered JMX Bean with object name Ratis:service=RaftServer,group=group-7AC681A6C483,id=1c4b9d97-8ee6-4c70-b33d-f77b8a26cbd8
2019-09-24 03:07:30,450 [pool-87-thread-1] INFO  impl.RoleInfo (RoleInfo.java:updateAndGet(143)) - 6f396628-19e5-4ddc-b9c6-a68c9abd3c36: start FollowerState
2019-09-24 03:07:30,450 [pool-87-thread-1] INFO  util.JmxRegister (JmxRegister.java:tryRegister(44)) - Successfully registered JMX Bean with object name Ratis:service=RaftServer,group=group-7AC681A6C483,id=6f396628-19e5-4ddc-b9c6-a68c9abd3c36
2019-09-24 03:07:30,481 [RatisPipelineUtilsThread] INFO  pipeline.PipelineStateManager (PipelineStateManager.java:addPipeline(56)) - Created pipeline Pipeline[ Id: bb48a0ae-3de0-4b21-ba8c-7ac681a6c483, Nodes: e98bfd79-b296-4958-96e0-9f16ad4d3dd7{ip: 192.168.151.121, host: pr-hdds-2162-tjkd5-3209850126, networkLocation: /default-rack, certSerialId: null}1c4b9d97-8ee6-4c70-b33d-f77b8a26cbd8{ip: 192.168.151.121, host: pr-hdds-2162-tjkd5-3209850126, networkLocation: /default-rack, certSerialId: null}6f396628-19e5-4ddc-b9c6-a68c9abd3c36{ip: 192.168.151.121, host: pr-hdds-2162-tjkd5-3209850126, networkLocation: /default-rack, certSerialId: null}, Type:RATIS, Factor:THREE, State:OPEN]
2019-09-24 03:07:30,517 [grpc-default-executor-2] INFO  impl.RaftServerProxy (RaftServerProxy.java:addNew(89)) - cca15b09-5d98-4653-bef1-2fe6a3bc31c5: addNew group-DFA87D41B1EA:[94573a1c-628f-4691-8f5c-95c4939c988a:192.168.151.121:35729, 35dcb943-b51f-4692-b68e-28aa3944273c:192.168.151.121:35115, cca15b09-5d98-4653-bef1-2fe6a3bc31c5:192.168.151.121:38726] returns group-DFA87D41B1EA:java.util.concurrent.CompletableFuture@637e6bbd[Not completed]
2019-09-24 03:07:30,519 [grpc-default-executor-0] INFO  impl.RaftServerProxy (RaftServerProxy.java:addNew(89)) - 35dcb943-b51f-4692-b68e-28aa3944273c: addNew group-DFA87D41B1EA:[94573a1c-628f-4691-8f5c-95c4939c988a:192.168.151.121:35729, 35dcb943-b51f-4692-b68e-28aa3944273c:192.168.151.121:35115, cca15b09-5d98-4653-bef1-2fe6a3bc31c5:192.168.151.121:38726] returns group-DFA87D41B1EA:java.util.concurrent.CompletableFuture@46209dc3[Not completed]
2019-09-24 03:07:30,521 [grpc-default-executor-2] INFO  impl.RaftServerProxy (RaftServerProxy.java:addNew(89)) - 94573a1c-628f-4691-8f5c-95c4939c988a: addNew group-DFA87D41B1EA:[94573a1c-628f-4691-8f5c-95c4939c988a:192.168.151.121:35729, 35dcb943-b51f-4692-b68e-28aa3944273c:192.168.151.121:35115, cca15b09-5d98-4653-bef1-2fe6a3bc31c5:192.168.151.121:38726] returns group-DFA87D41B1EA:java.util.concurrent.CompletableFuture@5d491d50[Not completed]
2019-09-24 03:07:30,522 [pool-77-thread-1] INFO  impl.RaftServerImpl (RaftServerImpl.java:<init>(95)) - cca15b09-5d98-4653-bef1-2fe6a3bc31c5: new RaftServerImpl for group-DFA87D41B1EA:[94573a1c-628f-4691-8f5c-95c4939c988a:192.168.151.121:35729, 35dcb943-b51f-4692-b68e-28aa3944273c:192.168.151.121:35115, cca15b09-5d98-4653-bef1-2fe6a3bc31c5:192.168.151.121:38726] with ContainerStateMachine:uninitialized
2019-09-24 03:07:30,522 [pool-77-thread-1] INFO  server.RaftServerConfigKeys (ConfUtils.java:logGet(43)) - raft.server.rpc.timeout.min = 5s (custom)
2019-09-24 03:07:30,522 [pool-77-thread-1] INFO  server.RaftServerConfigKeys (ConfUtils.java:logGet(43)) - raft.server.rpc.timeout.max = 5200ms (custom)
2019-09-24 03:07:30,522 [pool-77-thread-1] INFO  server.RaftServerConfigKeys (ConfUtils.java:logGet(43)) - raft.server.rpcslowness.timeout = 120s (custom)
2019-09-24 03:07:30,523 [pool-77-thread-1] INFO  server.RaftServerConfigKeys (ConfUtils.java:logGet(43)) - raft.server.sleep.deviation.threshold = 300 (default)
2019-09-24 03:07:30,523 [pool-77-thread-1] INFO  server.RaftServerConfigKeys (ConfUtils.java:logGet(43)) - raft.server.log.appender.install.snapshot.enabled = false (custom)
2019-09-24 03:07:30,523 [pool-37-thread-1] INFO  impl.RaftServerImpl (RaftServerImpl.java:<init>(95)) - 94573a1c-628f-4691-8f5c-95c4939c988a: new RaftServerImpl for group-DFA87D41B1EA:[94573a1c-628f-4691-8f5c-95c4939c988a:192.168.151.121:35729, 35dcb943-b51f-4692-b68e-28aa3944273c:192.168.151.121:35115, cca15b09-5d98-4653-bef1-2fe6a3bc31c5:192.168.151.121:38726] with ContainerStateMachine:uninitialized
2019-09-24 03:07:30,523 [pool-77-thread-1] INFO  impl.RaftServerImpl (ServerState.java:<init>(103)) - cca15b09-5d98-4653-bef1-2fe6a3bc31c5@group-DFA87D41B1EA: ConfigurationManager, init=-1: [94573a1c-628f-4691-8f5c-95c4939c988a:192.168.151.121:35729, 35dcb943-b51f-4692-b68e-28aa3944273c:192.168.151.121:35115, cca15b09-5d98-4653-bef1-2fe6a3bc31c5:192.168.151.121:38726], old=null, confs=<EMPTY_MAP>
2019-09-24 03:07:30,523 [pool-37-thread-1] INFO  server.RaftServerConfigKeys (ConfUtils.java:logGet(43)) - raft.server.rpc.timeout.min = 5s (custom)
2019-09-24 03:07:30,526 [pool-37-thread-1] INFO  server.RaftServerConfigKeys (ConfUtils.java:logGet(43)) - raft.server.rpc.timeout.max = 5200ms (custom)
2019-09-24 03:07:30,526 [pool-77-thread-1] INFO  server.RaftServerConfigKeys (ConfUtils.java:logGet(43)) - raft.server.storage.dir = [/workdir/hadoop-ozone/integration-test/target/test-dir/MiniOzoneClusterImpl-3c9a5054-9541-4e02-9581-fea88c10aa6d/datanode-5/data/ratis] (custom)
2019-09-24 03:07:30,526 [pool-37-thread-1] INFO  server.RaftServerConfigKeys (ConfUtils.java:logGet(43)) - raft.server.rpcslowness.timeout = 120s (custom)
2019-09-24 03:07:30,526 [pool-37-thread-1] INFO  server.RaftServerConfigKeys (ConfUtils.java:logGet(43)) - raft.server.sleep.deviation.threshold = 300 (default)
2019-09-24 03:07:30,526 [pool-37-thread-1] INFO  server.RaftServerConfigKeys (ConfUtils.java:logGet(43)) - raft.server.log.appender.install.snapshot.enabled = false (custom)
2019-09-24 03:07:30,526 [pool-77-thread-1] INFO  storage.RaftStorageDirectory (RaftStorageDirectory.java:analyzeStorage(246)) - The storage directory /workdir/hadoop-ozone/integration-test/target/test-dir/MiniOzoneClusterImpl-3c9a5054-9541-4e02-9581-fea88c10aa6d/datanode-5/data/ratis/d0a12fd2-a612-4de5-be24-dfa87d41b1ea does not exist. Creating ...
2019-09-24 03:07:30,526 [pool-27-thread-1] INFO  impl.RaftServerImpl (RaftServerImpl.java:<init>(95)) - 35dcb943-b51f-4692-b68e-28aa3944273c: new RaftServerImpl for group-DFA87D41B1EA:[94573a1c-628f-4691-8f5c-95c4939c988a:192.168.151.121:35729, 35dcb943-b51f-4692-b68e-28aa3944273c:192.168.151.121:35115, cca15b09-5d98-4653-bef1-2fe6a3bc31c5:192.168.151.121:38726] with ContainerStateMachine:uninitialized
2019-09-24 03:07:30,526 [pool-37-thread-1] INFO  impl.RaftServerImpl (ServerState.java:<init>(103)) - 94573a1c-628f-4691-8f5c-95c4939c988a@group-DFA87D41B1EA: ConfigurationManager, init=-1: [94573a1c-628f-4691-8f5c-95c4939c988a:192.168.151.121:35729, 35dcb943-b51f-4692-b68e-28aa3944273c:192.168.151.121:35115, cca15b09-5d98-4653-bef1-2fe6a3bc31c5:192.168.151.121:38726], old=null, confs=<EMPTY_MAP>
2019-09-24 03:07:30,527 [pool-27-thread-1] INFO  server.RaftServerConfigKeys (ConfUtils.java:logGet(43)) - raft.server.rpc.timeout.min = 5s (custom)
2019-09-24 03:07:30,527 [pool-37-thread-1] INFO  server.RaftServerConfigKeys (ConfUtils.java:logGet(43)) - raft.server.storage.dir = [/workdir/hadoop-ozone/integration-test/target/test-dir/MiniOzoneClusterImpl-3c9a5054-9541-4e02-9581-fea88c10aa6d/datanode-1/data/ratis] (custom)
2019-09-24 03:07:30,527 [pool-27-thread-1] INFO  server.RaftServerConfigKeys (ConfUtils.java:logGet(43)) - raft.server.rpc.timeout.max = 5200ms (custom)
2019-09-24 03:07:30,527 [pool-27-thread-1] INFO  server.RaftServerConfigKeys (ConfUtils.java:logGet(43)) - raft.server.rpcslowness.timeout = 120s (custom)
2019-09-24 03:07:30,527 [pool-27-thread-1] INFO  server.RaftServerConfigKeys (ConfUtils.java:logGet(43)) - raft.server.sleep.deviation.threshold = 300 (default)
2019-09-24 03:07:30,527 [pool-37-thread-1] INFO  storage.RaftStorageDirectory (RaftStorageDirectory.java:analyzeStorage(246)) - The storage directory /workdir/hadoop-ozone/integration-test/target/test-dir/MiniOzoneClusterImpl-3c9a5054-9541-4e02-9581-fea88c10aa6d/datanode-1/data/ratis/d0a12fd2-a612-4de5-be24-dfa87d41b1ea does not exist. Creating ...
2019-09-24 03:07:30,527 [pool-27-thread-1] INFO  server.RaftServerConfigKeys (ConfUtils.java:logGet(43)) - raft.server.log.appender.install.snapshot.enabled = false (custom)
2019-09-24 03:07:30,527 [pool-27-thread-1] INFO  impl.RaftServerImpl (ServerState.java:<init>(103)) - 35dcb943-b51f-4692-b68e-28aa3944273c@group-DFA87D41B1EA: ConfigurationManager, init=-1: [94573a1c-628f-4691-8f5c-95c4939c988a:192.168.151.121:35729, 35dcb943-b51f-4692-b68e-28aa3944273c:192.168.151.121:35115, cca15b09-5d98-4653-bef1-2fe6a3bc31c5:192.168.151.121:38726], old=null, confs=<EMPTY_MAP>
2019-09-24 03:07:30,528 [pool-27-thread-1] INFO  server.RaftServerConfigKeys (ConfUtils.java:logGet(43)) - raft.server.storage.dir = [/workdir/hadoop-ozone/integration-test/target/test-dir/MiniOzoneClusterImpl-3c9a5054-9541-4e02-9581-fea88c10aa6d/datanode-0/data/ratis] (custom)
2019-09-24 03:07:30,528 [pool-27-thread-1] INFO  storage.RaftStorageDirectory (RaftStorageDirectory.java:analyzeStorage(246)) - The storage directory /workdir/hadoop-ozone/integration-test/target/test-dir/MiniOzoneClusterImpl-3c9a5054-9541-4e02-9581-fea88c10aa6d/datanode-0/data/ratis/d0a12fd2-a612-4de5-be24-dfa87d41b1ea does not exist. Creating ...
2019-09-24 03:07:30,533 [pool-27-thread-1] INFO  storage.RaftStorageDirectory (RaftStorageDirectory.java:tryLock(328)) - Lock on /workdir/hadoop-ozone/integration-test/target/test-dir/MiniOzoneClusterImpl-3c9a5054-9541-4e02-9581-fea88c10aa6d/datanode-0/data/ratis/d0a12fd2-a612-4de5-be24-dfa87d41b1ea/in_use.lock acquired by nodename 31860@pr-hdds-2162-tjkd5-3209850126
2019-09-24 03:07:30,533 [pool-37-thread-1] INFO  storage.RaftStorageDirectory (RaftStorageDirectory.java:tryLock(328)) - Lock on /workdir/hadoop-ozone/integration-test/target/test-dir/MiniOzoneClusterImpl-3c9a5054-9541-4e02-9581-fea88c10aa6d/datanode-1/data/ratis/d0a12fd2-a612-4de5-be24-dfa87d41b1ea/in_use.lock acquired by nodename 31860@pr-hdds-2162-tjkd5-3209850126
2019-09-24 03:07:30,533 [pool-77-thread-1] INFO  storage.RaftStorageDirectory (RaftStorageDirectory.java:tryLock(328)) - Lock on /workdir/hadoop-ozone/integration-test/target/test-dir/MiniOzoneClusterImpl-3c9a5054-9541-4e02-9581-fea88c10aa6d/datanode-5/data/ratis/d0a12fd2-a612-4de5-be24-dfa87d41b1ea/in_use.lock acquired by nodename 31860@pr-hdds-2162-tjkd5-3209850126
2019-09-24 03:07:30,541 [pool-27-thread-1] INFO  storage.RaftStorage (RaftStorage.java:format(72)) - Storage directory /workdir/hadoop-ozone/integration-test/target/test-dir/MiniOzoneClusterImpl-3c9a5054-9541-4e02-9581-fea88c10aa6d/datanode-0/data/ratis/d0a12fd2-a612-4de5-be24-dfa87d41b1ea has been successfully formatted.
2019-09-24 03:07:30,541 [pool-77-thread-1] INFO  storage.RaftStorage (RaftStorage.java:format(72)) - Storage directory /workdir/hadoop-ozone/integration-test/target/test-dir/MiniOzoneClusterImpl-3c9a5054-9541-4e02-9581-fea88c10aa6d/datanode-5/data/ratis/d0a12fd2-a612-4de5-be24-dfa87d41b1ea has been successfully formatted.
2019-09-24 03:07:30,541 [pool-37-thread-1] INFO  storage.RaftStorage (RaftStorage.java:format(72)) - Storage directory /workdir/hadoop-ozone/integration-test/target/test-dir/MiniOzoneClusterImpl-3c9a5054-9541-4e02-9581-fea88c10aa6d/datanode-1/data/ratis/d0a12fd2-a612-4de5-be24-dfa87d41b1ea has been successfully formatted.
2019-09-24 03:07:30,542 [pool-27-thread-1] INFO  ratis.ContainerStateMachine (ContainerStateMachine.java:loadSnapshot(230)) - group-DFA87D41B1EA: The snapshot info is null. Setting the last applied indexto:(t:0, i:~)
2019-09-24 03:07:30,542 [pool-77-thread-1] INFO  ratis.ContainerStateMachine (ContainerStateMachine.java:loadSnapshot(230)) - group-DFA87D41B1EA: The snapshot info is null. Setting the last applied indexto:(t:0, i:~)
2019-09-24 03:07:30,542 [pool-27-thread-1] INFO  server.RaftServerConfigKeys (ConfUtils.java:logGet(43)) - raft.server.notification.no-leader.timeout = 120s (custom)
2019-09-24 03:07:30,542 [pool-37-thread-1] INFO  ratis.ContainerStateMachine (ContainerStateMachine.java:loadSnapshot(230)) - group-DFA87D41B1EA: The snapshot info is null. Setting the last applied indexto:(t:0, i:~)
2019-09-24 03:07:30,542 [pool-27-thread-1] INFO  server.RaftServerConfigKeys (ConfUtils.java:logGet(43)) - raft.server.log.use.memory = false (default)
2019-09-24 03:07:30,542 [pool-77-thread-1] INFO  server.RaftServerConfigKeys (ConfUtils.java:logGet(43)) - raft.server.notification.no-leader.timeout = 120s (custom)
2019-09-24 03:07:30,542 [pool-27-thread-1] INFO  server.RaftServerConfigKeys (ConfUtils.java:logGet(43)) - raft.server.log.purge.gap = 1000000 (custom)
2019-09-24 03:07:30,542 [pool-37-thread-1] INFO  server.RaftServerConfigKeys (ConfUtils.java:logGet(43)) - raft.server.notification.no-leader.timeout = 120s (custom)
2019-09-24 03:07:30,543 [pool-27-thread-1] INFO  server.RaftServerConfigKeys (ConfUtils.java:logGet(43)) - raft.server.log.appender.buffer.byte-limit = 33554432 (custom)
2019-09-24 03:07:30,542 [pool-77-thread-1] INFO  server.RaftServerConfigKeys (ConfUtils.java:logGet(43)) - raft.server.log.use.memory = false (default)
2019-09-24 03:07:30,543 [pool-27-thread-1] INFO  server.RaftServerConfigKeys (ConfUtils.java:logGet(43)) - raft.server.log.segment.size.max = 1048576 (custom)
2019-09-24 03:07:30,543 [pool-37-thread-1] INFO  server.RaftServerConfigKeys (ConfUtils.java:logGet(43)) - raft.server.log.use.memory = false (default)
2019-09-24 03:07:30,543 [pool-27-thread-1] INFO  server.RaftServerConfigKeys (ConfUtils.java:logGet(43)) - raft.server.log.segment.cache.num.max = 2 (custom)
2019-09-24 03:07:30,543 [pool-77-thread-1] INFO  server.RaftServerConfigKeys (ConfUtils.java:logGet(43)) - raft.server.log.purge.gap = 1000000 (custom)
2019-09-24 03:07:30,543 [pool-27-thread-1] INFO  segmented.SegmentedRaftLogWorker (SegmentedRaftLogWorker.java:<init>(172)) - new 35dcb943-b51f-4692-b68e-28aa3944273c@group-DFA87D41B1EA-SegmentedRaftLogWorker for RaftStorage:Storage Directory /workdir/hadoop-ozone/integration-test/target/test-dir/MiniOzoneClusterImpl-3c9a5054-9541-4e02-9581-fea88c10aa6d/datanode-0/data/ratis/d0a12fd2-a612-4de5-be24-dfa87d41b1ea
2019-09-24 03:07:30,543 [pool-37-thread-1] INFO  server.RaftServerConfigKeys (ConfUtils.java:logGet(43)) - raft.server.log.purge.gap = 1000000 (custom)
2019-09-24 03:07:30,544 [pool-27-thread-1] INFO  server.RaftServerConfigKeys (ConfUtils.java:logGet(43)) - raft.server.log.queue.byte-limit = 2147483647 (custom)
2019-09-24 03:07:30,543 [pool-77-thread-1] INFO  server.RaftServerConfigKeys (ConfUtils.java:logGet(43)) - raft.server.log.appender.buffer.byte-limit = 33554432 (custom)
2019-09-24 03:07:30,544 [pool-27-thread-1] INFO  server.RaftServerConfigKeys (ConfUtils.java:logGet(43)) - raft.server.log.queue.element-limit = 1024 (custom)
2019-09-24 03:07:30,544 [pool-37-thread-1] INFO  server.RaftServerConfigKeys (ConfUtils.java:logGet(43)) - raft.server.log.appender.buffer.byte-limit = 33554432 (custom)
2019-09-24 03:07:30,544 [pool-27-thread-1] INFO  server.RaftServerConfigKeys (ConfUtils.java:logGet(43)) - raft.server.log.segment.size.max = 1048576 (custom)
2019-09-24 03:07:30,544 [pool-77-thread-1] INFO  server.RaftServerConfigKeys (ConfUtils.java:logGet(43)) - raft.server.log.segment.size.max = 1048576 (custom)
2019-09-24 03:07:30,544 [pool-37-thread-1] INFO  server.RaftServerConfigKeys (ConfUtils.java:logGet(43)) - raft.server.log.segment.size.max = 1048576 (custom)
2019-09-24 03:07:30,544 [pool-27-thread-1] INFO  server.RaftServerConfigKeys (ConfUtils.java:logGet(43)) - raft.server.log.preallocated.size = 16384 (custom)
2019-09-24 03:07:30,544 [pool-37-thread-1] INFO  server.RaftServerConfigKeys (ConfUtils.java:logGet(43)) - raft.server.log.segment.cache.num.max = 2 (custom)
2019-09-24 03:07:30,544 [pool-77-thread-1] INFO  server.RaftServerConfigKeys (ConfUtils.java:logGet(43)) - raft.server.log.segment.cache.num.max = 2 (custom)
2019-09-24 03:07:30,545 [pool-37-thread-1] INFO  segmented.SegmentedRaftLogWorker (SegmentedRaftLogWorker.java:<init>(172)) - new 94573a1c-628f-4691-8f5c-95c4939c988a@group-DFA87D41B1EA-SegmentedRaftLogWorker for RaftStorage:Storage Directory /workdir/hadoop-ozone/integration-test/target/test-dir/MiniOzoneClusterImpl-3c9a5054-9541-4e02-9581-fea88c10aa6d/datanode-1/data/ratis/d0a12fd2-a612-4de5-be24-dfa87d41b1ea
2019-09-24 03:07:30,545 [pool-27-thread-1] INFO  server.RaftServerConfigKeys (ConfUtils.java:logGet(43)) - raft.server.log.write.buffer.size = 33554432 (custom)
2019-09-24 03:07:30,545 [pool-37-thread-1] INFO  server.RaftServerConfigKeys (ConfUtils.java:logGet(43)) - raft.server.log.queue.byte-limit = 2147483647 (custom)
2019-09-24 03:07:30,545 [pool-77-thread-1] INFO  segmented.SegmentedRaftLogWorker (SegmentedRaftLogWorker.java:<init>(172)) - new cca15b09-5d98-4653-bef1-2fe6a3bc31c5@group-DFA87D41B1EA-SegmentedRaftLogWorker for RaftStorage:Storage Directory /workdir/hadoop-ozone/integration-test/target/test-dir/MiniOzoneClusterImpl-3c9a5054-9541-4e02-9581-fea88c10aa6d/datanode-5/data/ratis/d0a12fd2-a612-4de5-be24-dfa87d41b1ea
2019-09-24 03:07:30,545 [pool-37-thread-1] INFO  server.RaftServerConfigKeys (ConfUtils.java:logGet(43)) - raft.server.log.queue.element-limit = 1024 (custom)
2019-09-24 03:07:30,545 [pool-27-thread-1] INFO  server.RaftServerConfigKeys (ConfUtils.java:logGet(43)) - raft.server.log.force.sync.num = 128 (default)
2019-09-24 03:07:30,545 [pool-37-thread-1] INFO  server.RaftServerConfigKeys (ConfUtils.java:logGet(43)) - raft.server.log.segment.size.max = 1048576 (custom)
2019-09-24 03:07:30,545 [pool-77-thread-1] INFO  server.RaftServerConfigKeys (ConfUtils.java:logGet(43)) - raft.server.log.queue.byte-limit = 2147483647 (custom)
2019-09-24 03:07:30,546 [pool-37-thread-1] INFO  server.RaftServerConfigKeys (ConfUtils.java:logGet(43)) - raft.server.log.preallocated.size = 16384 (custom)
2019-09-24 03:07:30,546 [pool-37-thread-1] INFO  server.RaftServerConfigKeys (ConfUtils.java:logGet(43)) - raft.server.log.write.buffer.size = 33554432 (custom)
2019-09-24 03:07:30,546 [pool-27-thread-1] INFO  server.RaftServerConfigKeys (ConfUtils.java:logGet(43)) - raft.server.log.statemachine.data.sync = true (default)
2019-09-24 03:07:30,546 [pool-37-thread-1] INFO  server.RaftServerConfigKeys (ConfUtils.java:logGet(43)) - raft.server.log.force.sync.num = 128 (default)
2019-09-24 03:07:30,546 [pool-77-thread-1] INFO  server.RaftServerConfigKeys (ConfUtils.java:logGet(43)) - raft.server.log.queue.element-limit = 1024 (custom)
2019-09-24 03:07:30,546 [pool-37-thread-1] INFO  server.RaftServerConfigKeys (ConfUtils.java:logGet(43)) - raft.server.log.statemachine.data.sync = true (default)
2019-09-24 03:07:30,546 [pool-27-thread-1] INFO  server.RaftServerConfigKeys (ConfUtils.java:logGet(43)) - raft.server.log.statemachine.data.sync.timeout = 10s (default)
2019-09-24 03:07:30,547 [pool-37-thread-1] INFO  server.RaftServerConfigKeys (ConfUtils.java:logGet(43)) - raft.server.log.statemachine.data.sync.timeout = 10s (default)
2019-09-24 03:07:30,546 [pool-77-thread-1] INFO  server.RaftServerConfigKeys (ConfUtils.java:logGet(43)) - raft.server.log.segment.size.max = 1048576 (custom)
2019-09-24 03:07:30,547 [pool-37-thread-1] INFO  server.RaftServerConfigKeys (ConfUtils.java:logGet(43)) - raft.server.log.statemachine.data.sync.timeout.retry = -1 (default)
2019-09-24 03:07:30,547 [pool-27-thread-1] INFO  server.RaftServerConfigKeys (ConfUtils.java:logGet(43)) - raft.server.log.statemachine.data.sync.timeout.retry = -1 (default)
2019-09-24 03:07:30,547 [pool-77-thread-1] INFO  server.RaftServerConfigKeys (ConfUtils.java:logGet(43)) - raft.server.log.preallocated.size = 16384 (custom)
2019-09-24 03:07:30,547 [pool-27-thread-1] INFO  server.RaftServerConfigKeys (ConfUtils.java:logGet(43)) - raft.server.log.statemachine.data.caching.enabled = true (custom)
2019-09-24 03:07:30,547 [pool-37-thread-1] INFO  server.RaftServerConfigKeys (ConfUtils.java:logGet(43)) - raft.server.log.statemachine.data.caching.enabled = true (custom)
2019-09-24 03:07:30,547 [pool-77-thread-1] INFO  server.RaftServerConfigKeys (ConfUtils.java:logGet(43)) - raft.server.log.write.buffer.size = 33554432 (custom)
2019-09-24 03:07:30,548 [pool-27-thread-1] INFO  segmented.SegmentedRaftLogWorker (SegmentedRaftLogWorker.java:lambda$new$0(132)) - 35dcb943-b51f-4692-b68e-28aa3944273c@group-DFA87D41B1EA-SegmentedRaftLogWorker: flushIndex: setUnconditionally 0 -> -1
2019-09-24 03:07:30,548 [pool-37-thread-1] INFO  segmented.SegmentedRaftLogWorker (SegmentedRaftLogWorker.java:lambda$new$0(132)) - 94573a1c-628f-4691-8f5c-95c4939c988a@group-DFA87D41B1EA-SegmentedRaftLogWorker: flushIndex: setUnconditionally 0 -> -1
2019-09-24 03:07:30,548 [pool-77-thread-1] INFO  server.RaftServerConfigKeys (ConfUtils.java:logGet(43)) - raft.server.log.force.sync.num = 128 (default)
2019-09-24 03:07:30,548 [pool-27-thread-1] INFO  server.RaftServerConfigKeys (ConfUtils.java:logGet(43)) - raft.server.snapshot.auto.trigger.enabled = true (custom)
2019-09-24 03:07:30,548 [pool-37-thread-1] INFO  server.RaftServerConfigKeys (ConfUtils.java:logGet(43)) - raft.server.snapshot.auto.trigger.enabled = true (custom)
2019-09-24 03:07:30,548 [pool-77-thread-1] INFO  server.RaftServerConfigKeys (ConfUtils.java:logGet(43)) - raft.server.log.statemachine.data.sync = true (default)
2019-09-24 03:07:30,548 [pool-37-thread-1] INFO  server.RaftServerConfigKeys (ConfUtils.java:logGet(43)) - raft.server.snapshot.auto.trigger.threshold = 10000 (custom)
2019-09-24 03:07:30,548 [pool-27-thread-1] INFO  server.RaftServerConfigKeys (ConfUtils.java:logGet(43)) - raft.server.snapshot.auto.trigger.threshold = 10000 (custom)
2019-09-24 03:07:30,549 [pool-37-thread-1] INFO  server.RaftServerConfigKeys (ConfUtils.java:logGet(43)) - raft.server.snapshot.retention.num.files = 5 (custom)
2019-09-24 03:07:30,548 [pool-77-thread-1] INFO  server.RaftServerConfigKeys (ConfUtils.java:logGet(43)) - raft.server.log.statemachine.data.sync.timeout = 10s (default)
2019-09-24 03:07:30,549 [pool-37-thread-1] INFO  server.RaftServerConfigKeys (ConfUtils.java:logGet(43)) - raft.server.retrycache.expirytime = 600000ms (custom)
2019-09-24 03:07:30,549 [pool-27-thread-1] INFO  server.RaftServerConfigKeys (ConfUtils.java:logGet(43)) - raft.server.snapshot.retention.num.files = 5 (custom)
2019-09-24 03:07:30,549 [pool-77-thread-1] INFO  server.RaftServerConfigKeys (ConfUtils.java:logGet(43)) - raft.server.log.statemachine.data.sync.timeout.retry = -1 (default)
2019-09-24 03:07:30,549 [pool-27-thread-1] INFO  server.RaftServerConfigKeys (ConfUtils.java:logGet(43)) - raft.server.retrycache.expirytime = 600000ms (custom)
2019-09-24 03:07:30,549 [pool-77-thread-1] INFO  server.RaftServerConfigKeys (ConfUtils.java:logGet(43)) - raft.server.log.statemachine.data.caching.enabled = true (custom)
2019-09-24 03:07:30,550 [pool-77-thread-1] INFO  segmented.SegmentedRaftLogWorker (SegmentedRaftLogWorker.java:lambda$new$0(132)) - cca15b09-5d98-4653-bef1-2fe6a3bc31c5@group-DFA87D41B1EA-SegmentedRaftLogWorker: flushIndex: setUnconditionally 0 -> -1
2019-09-24 03:07:30,550 [pool-77-thread-1] INFO  server.RaftServerConfigKeys (ConfUtils.java:logGet(43)) - raft.server.snapshot.auto.trigger.enabled = true (custom)
2019-09-24 03:07:30,550 [pool-77-thread-1] INFO  server.RaftServerConfigKeys (ConfUtils.java:logGet(43)) - raft.server.snapshot.auto.trigger.threshold = 10000 (custom)
2019-09-24 03:07:30,550 [pool-77-thread-1] INFO  server.RaftServerConfigKeys (ConfUtils.java:logGet(43)) - raft.server.snapshot.retention.num.files = 5 (custom)
2019-09-24 03:07:30,550 [pool-77-thread-1] INFO  server.RaftServerConfigKeys (ConfUtils.java:logGet(43)) - raft.server.retrycache.expirytime = 600000ms (custom)
2019-09-24 03:07:30,553 [pool-37-thread-1] INFO  impl.RaftServerImpl (RaftServerImpl.java:start(185)) - 94573a1c-628f-4691-8f5c-95c4939c988a@group-DFA87D41B1EA: start as a follower, conf=-1: [94573a1c-628f-4691-8f5c-95c4939c988a:192.168.151.121:35729, 35dcb943-b51f-4692-b68e-28aa3944273c:192.168.151.121:35115, cca15b09-5d98-4653-bef1-2fe6a3bc31c5:192.168.151.121:38726], old=null
2019-09-24 03:07:30,553 [pool-37-thread-1] INFO  impl.RaftServerImpl (RaftServerImpl.java:setRole(174)) - 94573a1c-628f-4691-8f5c-95c4939c988a@group-DFA87D41B1EA: changes role from      null to FOLLOWER at term 0 for startAsFollower
2019-09-24 03:07:30,553 [pool-37-thread-1] INFO  impl.RoleInfo (RoleInfo.java:updateAndGet(143)) - 94573a1c-628f-4691-8f5c-95c4939c988a: start FollowerState
2019-09-24 03:07:30,554 [pool-27-thread-1] INFO  impl.RaftServerImpl (RaftServerImpl.java:start(185)) - 35dcb943-b51f-4692-b68e-28aa3944273c@group-DFA87D41B1EA: start as a follower, conf=-1: [94573a1c-628f-4691-8f5c-95c4939c988a:192.168.151.121:35729, 35dcb943-b51f-4692-b68e-28aa3944273c:192.168.151.121:35115, cca15b09-5d98-4653-bef1-2fe6a3bc31c5:192.168.151.121:38726], old=null
2019-09-24 03:07:30,554 [pool-37-thread-1] INFO  util.JmxRegister (JmxRegister.java:tryRegister(44)) - Successfully registered JMX Bean with object name Ratis:service=RaftServer,group=group-DFA87D41B1EA,id=94573a1c-628f-4691-8f5c-95c4939c988a
2019-09-24 03:07:30,554 [pool-27-thread-1] INFO  impl.RaftServerImpl (RaftServerImpl.java:setRole(174)) - 35dcb943-b51f-4692-b68e-28aa3944273c@group-DFA87D41B1EA: changes role from      null to FOLLOWER at term 0 for startAsFollower
2019-09-24 03:07:30,554 [pool-27-thread-1] INFO  impl.RoleInfo (RoleInfo.java:updateAndGet(143)) - 35dcb943-b51f-4692-b68e-28aa3944273c: start FollowerState
2019-09-24 03:07:30,554 [pool-27-thread-1] INFO  util.JmxRegister (JmxRegister.java:tryRegister(44)) - Successfully registered JMX Bean with object name Ratis:service=RaftServer,group=group-DFA87D41B1EA,id=35dcb943-b51f-4692-b68e-28aa3944273c
2019-09-24 03:07:30,555 [pool-77-thread-1] INFO  impl.RaftServerImpl (RaftServerImpl.java:start(185)) - cca15b09-5d98-4653-bef1-2fe6a3bc31c5@group-DFA87D41B1EA: start as a follower, conf=-1: [94573a1c-628f-4691-8f5c-95c4939c988a:192.168.151.121:35729, 35dcb943-b51f-4692-b68e-28aa3944273c:192.168.151.121:35115, cca15b09-5d98-4653-bef1-2fe6a3bc31c5:192.168.151.121:38726], old=null
2019-09-24 03:07:30,555 [pool-77-thread-1] INFO  impl.RaftServerImpl (RaftServerImpl.java:setRole(174)) - cca15b09-5d98-4653-bef1-2fe6a3bc31c5@group-DFA87D41B1EA: changes role from      null to FOLLOWER at term 0 for startAsFollower
2019-09-24 03:07:30,555 [pool-77-thread-1] INFO  impl.RoleInfo (RoleInfo.java:updateAndGet(143)) - cca15b09-5d98-4653-bef1-2fe6a3bc31c5: start FollowerState
2019-09-24 03:07:30,555 [pool-77-thread-1] INFO  util.JmxRegister (JmxRegister.java:tryRegister(44)) - Successfully registered JMX Bean with object name Ratis:service=RaftServer,group=group-DFA87D41B1EA,id=cca15b09-5d98-4653-bef1-2fe6a3bc31c5
2019-09-24 03:07:30,588 [RatisPipelineUtilsThread] INFO  pipeline.PipelineStateManager (PipelineStateManager.java:addPipeline(56)) - Created pipeline Pipeline[ Id: d0a12fd2-a612-4de5-be24-dfa87d41b1ea, Nodes: 94573a1c-628f-4691-8f5c-95c4939c988a{ip: 192.168.151.121, host: pr-hdds-2162-tjkd5-3209850126, networkLocation: /default-rack, certSerialId: null}cca15b09-5d98-4653-bef1-2fe6a3bc31c5{ip: 192.168.151.121, host: pr-hdds-2162-tjkd5-3209850126, networkLocation: /default-rack, certSerialId: null}35dcb943-b51f-4692-b68e-28aa3944273c{ip: 192.168.151.121, host: pr-hdds-2162-tjkd5-3209850126, networkLocation: /default-rack, certSerialId: null}, Type:RATIS, Factor:THREE, State:OPEN]
2019-09-24 03:07:31,668 [main] INFO  ipc.Client (Client.java:handleConnectionFailure(948)) - Retrying connect to server: localhost/127.0.0.1:0. Already tried 0 time(s); retry policy is RetryUpToMaximumCountWithFixedSleep(maxRetries=10, sleepTime=1000 MILLISECONDS)
2019-09-24 03:07:31,809 [Thread-238] INFO  container.ReplicationManager (ReplicationManager.java:start(162)) - Starting Replication Monitor Thread.
2019-09-24 03:07:31,814 [ReplicationMonitor] INFO  container.ReplicationManager (ReplicationManager.java:run(225)) - Replication Monitor Thread took 1 milliseconds for processing 0 containers.
2019-09-24 03:07:32,669 [main] INFO  ipc.Client (Client.java:handleConnectionFailure(948)) - Retrying connect to server: localhost/127.0.0.1:0. Already tried 1 time(s); retry policy is RetryUpToMaximumCountWithFixedSleep(maxRetries=10, sleepTime=1000 MILLISECONDS)
2019-09-24 03:07:33,671 [main] INFO  ipc.Client (Client.java:handleConnectionFailure(948)) - Retrying connect to server: localhost/127.0.0.1:0. Already tried 2 time(s); retry policy is RetryUpToMaximumCountWithFixedSleep(maxRetries=10, sleepTime=1000 MILLISECONDS)
2019-09-24 03:07:34,672 [main] INFO  ipc.Client (Client.java:handleConnectionFailure(948)) - Retrying connect to server: localhost/127.0.0.1:0. Already tried 3 time(s); retry policy is RetryUpToMaximumCountWithFixedSleep(maxRetries=10, sleepTime=1000 MILLISECONDS)
2019-09-24 03:07:34,685 [Thread-240] INFO  impl.FollowerState (FollowerState.java:run(106)) - 35dcb943-b51f-4692-b68e-28aa3944273c:group-0CF08555900F changes to CANDIDATE, lastRpcTime:5143, electionTimeout:5142ms
2019-09-24 03:07:34,688 [Thread-240] INFO  impl.RoleInfo (RoleInfo.java:shutdownFollowerState(121)) - 35dcb943-b51f-4692-b68e-28aa3944273c: shutdown FollowerState
2019-09-24 03:07:34,688 [Thread-240] INFO  impl.RaftServerImpl (RaftServerImpl.java:setRole(174)) - 35dcb943-b51f-4692-b68e-28aa3944273c@group-0CF08555900F: changes role from  FOLLOWER to CANDIDATE at term 0 for changeToCandidate
2019-09-24 03:07:34,694 [Thread-240] INFO  impl.RoleInfo (RoleInfo.java:updateAndGet(143)) - 35dcb943-b51f-4692-b68e-28aa3944273c: start LeaderElection
2019-09-24 03:07:34,739 [35dcb943-b51f-4692-b68e-28aa3944273c@group-0CF08555900F:LeaderElection1] INFO  impl.LeaderElection (LeaderElection.java:askForVotes(182)) - 35dcb943-b51f-4692-b68e-28aa3944273c@group-0CF08555900F:LeaderElection1: begin an election at term 1 for -1: [35dcb943-b51f-4692-b68e-28aa3944273c:192.168.151.121:35115], old=null
2019-09-24 03:07:34,740 [35dcb943-b51f-4692-b68e-28aa3944273c@group-0CF08555900F:LeaderElection1] INFO  impl.RoleInfo (RoleInfo.java:shutdownLeaderElection(134)) - 35dcb943-b51f-4692-b68e-28aa3944273c: shutdown LeaderElection
2019-09-24 03:07:34,741 [35dcb943-b51f-4692-b68e-28aa3944273c@group-0CF08555900F:LeaderElection1] INFO  impl.RaftServerImpl (RaftServerImpl.java:setRole(174)) - 35dcb943-b51f-4692-b68e-28aa3944273c@group-0CF08555900F: changes role from CANDIDATE to LEADER at term 1 for changeToLeader
2019-09-24 03:07:34,741 [35dcb943-b51f-4692-b68e-28aa3944273c@group-0CF08555900F:LeaderElection1] INFO  impl.RaftServerImpl (ServerState.java:setLeader(253)) - 35dcb943-b51f-4692-b68e-28aa3944273c@group-0CF08555900F: change Leader from null to 35dcb943-b51f-4692-b68e-28aa3944273c at term 1 for becomeLeader, leader elected after 5297ms
2019-09-24 03:07:34,749 [35dcb943-b51f-4692-b68e-28aa3944273c@group-0CF08555900F:LeaderElection1] INFO  server.RaftServerConfigKeys (ConfUtils.java:logGet(43)) - raft.server.staging.catchup.gap = 1000 (default)
2019-09-24 03:07:34,749 [35dcb943-b51f-4692-b68e-28aa3944273c@group-0CF08555900F:LeaderElection1] INFO  server.RaftServerConfigKeys (ConfUtils.java:logGet(43)) - raft.server.rpc.sleep.time = 25ms (default)
2019-09-24 03:07:34,752 [35dcb943-b51f-4692-b68e-28aa3944273c@group-0CF08555900F:LeaderElection1] INFO  server.RaftServerConfigKeys (ConfUtils.java:logGet(43)) - raft.server.write.element-limit = 4096 (default)
2019-09-24 03:07:34,755 [35dcb943-b51f-4692-b68e-28aa3944273c@group-0CF08555900F:LeaderElection1] INFO  server.RaftServerConfigKeys (ConfUtils.java:logGet(43)) - raft.server.watch.timeout = 10s (default)
2019-09-24 03:07:34,755 [35dcb943-b51f-4692-b68e-28aa3944273c@group-0CF08555900F:LeaderElection1] INFO  server.RaftServerConfigKeys (ConfUtils.java:logGet(43)) - raft.server.watch.timeout.denomination = 1s (default)
2019-09-24 03:07:34,756 [35dcb943-b51f-4692-b68e-28aa3944273c@group-0CF08555900F:LeaderElection1] INFO  server.RaftServerConfigKeys (ConfUtils.java:logGet(43)) - raft.server.watch.element-limit = 65536 (default)
2019-09-24 03:07:34,766 [35dcb943-b51f-4692-b68e-28aa3944273c@group-0CF08555900F:LeaderElection1] INFO  impl.RoleInfo (RoleInfo.java:updateAndGet(143)) - 35dcb943-b51f-4692-b68e-28aa3944273c: start LeaderState
2019-09-24 03:07:34,787 [35dcb943-b51f-4692-b68e-28aa3944273c@group-0CF08555900F:LeaderElection1] INFO  segmented.SegmentedRaftLogWorker (SegmentedRaftLogWorker.java:startLogSegment(380)) - 35dcb943-b51f-4692-b68e-28aa3944273c@group-0CF08555900F-SegmentedRaftLogWorker: Starting segment from index:0
2019-09-24 03:07:34,795 [35dcb943-b51f-4692-b68e-28aa3944273c@group-0CF08555900F:LeaderElection1] INFO  impl.RaftServerImpl (ServerState.java:setRaftConf(354)) - 35dcb943-b51f-4692-b68e-28aa3944273c@group-0CF08555900F: set configuration 0: [35dcb943-b51f-4692-b68e-28aa3944273c:192.168.151.121:35115], old=null at 0
2019-09-24 03:07:34,822 [Thread-243] INFO  impl.FollowerState (FollowerState.java:run(106)) - e98bfd79-b296-4958-96e0-9f16ad4d3dd7:group-CD4AA9416DCB changes to CANDIDATE, lastRpcTime:5120, electionTimeout:5119ms
2019-09-24 03:07:34,825 [Thread-243] INFO  impl.RoleInfo (RoleInfo.java:shutdownFollowerState(121)) - e98bfd79-b296-4958-96e0-9f16ad4d3dd7: shutdown FollowerState
2019-09-24 03:07:34,825 [Thread-243] INFO  impl.RaftServerImpl (RaftServerImpl.java:setRole(174)) - e98bfd79-b296-4958-96e0-9f16ad4d3dd7@group-CD4AA9416DCB: changes role from  FOLLOWER to CANDIDATE at term 0 for changeToCandidate
2019-09-24 03:07:34,826 [Thread-243] INFO  impl.RoleInfo (RoleInfo.java:updateAndGet(143)) - e98bfd79-b296-4958-96e0-9f16ad4d3dd7: start LeaderElection
2019-09-24 03:07:34,865 [Thread-246] INFO  impl.FollowerState (FollowerState.java:run(106)) - 1c4b9d97-8ee6-4c70-b33d-f77b8a26cbd8:group-FAB36001F4DF changes to CANDIDATE, lastRpcTime:5024, electionTimeout:5024ms
2019-09-24 03:07:34,866 [Thread-246] INFO  impl.RoleInfo (RoleInfo.java:shutdownFollowerState(121)) - 1c4b9d97-8ee6-4c70-b33d-f77b8a26cbd8: shutdown FollowerState
2019-09-24 03:07:34,866 [Thread-246] INFO  impl.RaftServerImpl (RaftServerImpl.java:setRole(174)) - 1c4b9d97-8ee6-4c70-b33d-f77b8a26cbd8@group-FAB36001F4DF: changes role from  FOLLOWER to CANDIDATE at term 0 for changeToCandidate
2019-09-24 03:07:34,866 [Thread-246] INFO  impl.RoleInfo (RoleInfo.java:updateAndGet(143)) - 1c4b9d97-8ee6-4c70-b33d-f77b8a26cbd8: start LeaderElection
2019-09-24 03:07:34,907 [e98bfd79-b296-4958-96e0-9f16ad4d3dd7@group-CD4AA9416DCB:LeaderElection2] INFO  impl.LeaderElection (LeaderElection.java:askForVotes(182)) - e98bfd79-b296-4958-96e0-9f16ad4d3dd7@group-CD4AA9416DCB:LeaderElection2: begin an election at term 1 for -1: [e98bfd79-b296-4958-96e0-9f16ad4d3dd7:192.168.151.121:34803], old=null
2019-09-24 03:07:34,908 [e98bfd79-b296-4958-96e0-9f16ad4d3dd7@group-CD4AA9416DCB:LeaderElection2] INFO  impl.RoleInfo (RoleInfo.java:shutdownLeaderElection(134)) - e98bfd79-b296-4958-96e0-9f16ad4d3dd7: shutdown LeaderElection
2019-09-24 03:07:34,908 [e98bfd79-b296-4958-96e0-9f16ad4d3dd7@group-CD4AA9416DCB:LeaderElection2] INFO  impl.RaftServerImpl (RaftServerImpl.java:setRole(174)) - e98bfd79-b296-4958-96e0-9f16ad4d3dd7@group-CD4AA9416DCB: changes role from CANDIDATE to LEADER at term 1 for changeToLeader
2019-09-24 03:07:34,908 [1c4b9d97-8ee6-4c70-b33d-f77b8a26cbd8@group-FAB36001F4DF:LeaderElection3] INFO  impl.LeaderElection (LeaderElection.java:askForVotes(182)) - 1c4b9d97-8ee6-4c70-b33d-f77b8a26cbd8@group-FAB36001F4DF:LeaderElection3: begin an election at term 1 for -1: [1c4b9d97-8ee6-4c70-b33d-f77b8a26cbd8:192.168.151.121:33324], old=null
2019-09-24 03:07:34,911 [e98bfd79-b296-4958-96e0-9f16ad4d3dd7@group-CD4AA9416DCB:LeaderElection2] INFO  impl.RaftServerImpl (ServerState.java:setLeader(253)) - e98bfd79-b296-4958-96e0-9f16ad4d3dd7@group-CD4AA9416DCB: change Leader from null to e98bfd79-b296-4958-96e0-9f16ad4d3dd7 at term 1 for becomeLeader, leader elected after 5219ms
2019-09-24 03:07:34,911 [1c4b9d97-8ee6-4c70-b33d-f77b8a26cbd8@group-FAB36001F4DF:LeaderElection3] INFO  impl.RoleInfo (RoleInfo.java:shutdownLeaderElection(134)) - 1c4b9d97-8ee6-4c70-b33d-f77b8a26cbd8: shutdown LeaderElection
2019-09-24 03:07:34,911 [1c4b9d97-8ee6-4c70-b33d-f77b8a26cbd8@group-FAB36001F4DF:LeaderElection3] INFO  impl.RaftServerImpl (RaftServerImpl.java:setRole(174)) - 1c4b9d97-8ee6-4c70-b33d-f77b8a26cbd8@group-FAB36001F4DF: changes role from CANDIDATE to LEADER at term 1 for changeToLeader
2019-09-24 03:07:34,913 [e98bfd79-b296-4958-96e0-9f16ad4d3dd7@group-CD4AA9416DCB:LeaderElection2] INFO  server.RaftServerConfigKeys (ConfUtils.java:logGet(43)) - raft.server.staging.catchup.gap = 1000 (default)
2019-09-24 03:07:34,913 [1c4b9d97-8ee6-4c70-b33d-f77b8a26cbd8@group-FAB36001F4DF:LeaderElection3] INFO  impl.RaftServerImpl (ServerState.java:setLeader(253)) - 1c4b9d97-8ee6-4c70-b33d-f77b8a26cbd8@group-FAB36001F4DF: change Leader from null to 1c4b9d97-8ee6-4c70-b33d-f77b8a26cbd8 at term 1 for becomeLeader, leader elected after 5120ms
2019-09-24 03:07:34,913 [e98bfd79-b296-4958-96e0-9f16ad4d3dd7@group-CD4AA9416DCB:LeaderElection2] INFO  server.RaftServerConfigKeys (ConfUtils.java:logGet(43)) - raft.server.rpc.sleep.time = 25ms (default)
2019-09-24 03:07:34,915 [1c4b9d97-8ee6-4c70-b33d-f77b8a26cbd8@group-FAB36001F4DF:LeaderElection3] INFO  server.RaftServerConfigKeys (ConfUtils.java:logGet(43)) - raft.server.staging.catchup.gap = 1000 (default)
2019-09-24 03:07:34,916 [1c4b9d97-8ee6-4c70-b33d-f77b8a26cbd8@group-FAB36001F4DF:LeaderElection3] INFO  server.RaftServerConfigKeys (ConfUtils.java:logGet(43)) - raft.server.rpc.sleep.time = 25ms (default)
2019-09-24 03:07:34,916 [e98bfd79-b296-4958-96e0-9f16ad4d3dd7@group-CD4AA9416DCB:LeaderElection2] INFO  server.RaftServerConfigKeys (ConfUtils.java:logGet(43)) - raft.server.write.element-limit = 4096 (default)
2019-09-24 03:07:34,916 [1c4b9d97-8ee6-4c70-b33d-f77b8a26cbd8@group-FAB36001F4DF:LeaderElection3] INFO  server.RaftServerConfigKeys (ConfUtils.java:logGet(43)) - raft.server.write.element-limit = 4096 (default)
2019-09-24 03:07:34,916 [e98bfd79-b296-4958-96e0-9f16ad4d3dd7@group-CD4AA9416DCB:LeaderElection2] INFO  server.RaftServerConfigKeys (ConfUtils.java:logGet(43)) - raft.server.watch.timeout = 10s (default)
2019-09-24 03:07:34,916 [1c4b9d97-8ee6-4c70-b33d-f77b8a26cbd8@group-FAB36001F4DF:LeaderElection3] INFO  server.RaftServerConfigKeys (ConfUtils.java:logGet(43)) - raft.server.watch.timeout = 10s (default)
2019-09-24 03:07:34,916 [e98bfd79-b296-4958-96e0-9f16ad4d3dd7@group-CD4AA9416DCB:LeaderElection2] INFO  server.RaftServerConfigKeys (ConfUtils.java:logGet(43)) - raft.server.watch.timeout.denomination = 1s (default)
2019-09-24 03:07:34,916 [1c4b9d97-8ee6-4c70-b33d-f77b8a26cbd8@group-FAB36001F4DF:LeaderElection3] INFO  server.RaftServerConfigKeys (ConfUtils.java:logGet(43)) - raft.server.watch.timeout.denomination = 1s (default)
2019-09-24 03:07:34,916 [e98bfd79-b296-4958-96e0-9f16ad4d3dd7@group-CD4AA9416DCB:LeaderElection2] INFO  server.RaftServerConfigKeys (ConfUtils.java:logGet(43)) - raft.server.watch.element-limit = 65536 (default)
2019-09-24 03:07:34,916 [1c4b9d97-8ee6-4c70-b33d-f77b8a26cbd8@group-FAB36001F4DF:LeaderElection3] INFO  server.RaftServerConfigKeys (ConfUtils.java:logGet(43)) - raft.server.watch.element-limit = 65536 (default)
2019-09-24 03:07:34,920 [1c4b9d97-8ee6-4c70-b33d-f77b8a26cbd8@group-FAB36001F4DF:LeaderElection3] INFO  impl.RoleInfo (RoleInfo.java:updateAndGet(143)) - 1c4b9d97-8ee6-4c70-b33d-f77b8a26cbd8: start LeaderState
2019-09-24 03:07:34,920 [1c4b9d97-8ee6-4c70-b33d-f77b8a26cbd8@group-FAB36001F4DF:LeaderElection3] INFO  segmented.SegmentedRaftLogWorker (SegmentedRaftLogWorker.java:startLogSegment(380)) - 1c4b9d97-8ee6-4c70-b33d-f77b8a26cbd8@group-FAB36001F4DF-SegmentedRaftLogWorker: Starting segment from index:0
2019-09-24 03:07:34,920 [1c4b9d97-8ee6-4c70-b33d-f77b8a26cbd8@group-FAB36001F4DF:LeaderElection3] INFO  impl.RaftServerImpl (ServerState.java:setRaftConf(354)) - 1c4b9d97-8ee6-4c70-b33d-f77b8a26cbd8@group-FAB36001F4DF: set configuration 0: [1c4b9d97-8ee6-4c70-b33d-f77b8a26cbd8:192.168.151.121:33324], old=null at 0
2019-09-24 03:07:34,920 [e98bfd79-b296-4958-96e0-9f16ad4d3dd7@group-CD4AA9416DCB:LeaderElection2] INFO  impl.RoleInfo (RoleInfo.java:updateAndGet(143)) - e98bfd79-b296-4958-96e0-9f16ad4d3dd7: start LeaderState
2019-09-24 03:07:34,923 [e98bfd79-b296-4958-96e0-9f16ad4d3dd7@group-CD4AA9416DCB:LeaderElection2] INFO  segmented.SegmentedRaftLogWorker (SegmentedRaftLogWorker.java:startLogSegment(380)) - e98bfd79-b296-4958-96e0-9f16ad4d3dd7@group-CD4AA9416DCB-SegmentedRaftLogWorker: Starting segment from index:0
2019-09-24 03:07:34,924 [e98bfd79-b296-4958-96e0-9f16ad4d3dd7@group-CD4AA9416DCB:LeaderElection2] INFO  impl.RaftServerImpl (ServerState.java:setRaftConf(354)) - e98bfd79-b296-4958-96e0-9f16ad4d3dd7@group-CD4AA9416DCB: set configuration 0: [e98bfd79-b296-4958-96e0-9f16ad4d3dd7:192.168.151.121:34803], old=null at 0
2019-09-24 03:07:34,931 [Thread-249] INFO  impl.FollowerState (FollowerState.java:run(106)) - 6f396628-19e5-4ddc-b9c6-a68c9abd3c36:group-73AA4C22A13A changes to CANDIDATE, lastRpcTime:5007, electionTimeout:5007ms
2019-09-24 03:07:34,931 [Thread-249] INFO  impl.RoleInfo (RoleInfo.java:shutdownFollowerState(121)) - 6f396628-19e5-4ddc-b9c6-a68c9abd3c36: shutdown FollowerState
2019-09-24 03:07:34,932 [Thread-249] INFO  impl.RaftServerImpl (RaftServerImpl.java:setRole(174)) - 6f396628-19e5-4ddc-b9c6-a68c9abd3c36@group-73AA4C22A13A: changes role from  FOLLOWER to CANDIDATE at term 0 for changeToCandidate
2019-09-24 03:07:34,932 [Thread-249] INFO  impl.RoleInfo (RoleInfo.java:updateAndGet(143)) - 6f396628-19e5-4ddc-b9c6-a68c9abd3c36: start LeaderElection
2019-09-24 03:07:34,999 [35dcb943-b51f-4692-b68e-28aa3944273c@group-0CF08555900F-SegmentedRaftLogWorker] INFO  segmented.SegmentedRaftLogWorker (SegmentedRaftLogWorker.java:execute(569)) - 35dcb943-b51f-4692-b68e-28aa3944273c@group-0CF08555900F-SegmentedRaftLogWorker: created new log segment /workdir/hadoop-ozone/integration-test/target/test-dir/MiniOzoneClusterImpl-3c9a5054-9541-4e02-9581-fea88c10aa6d/datanode-0/data/ratis/51450b4d-2f0e-4635-bdd8-0cf08555900f/current/log_inprogress_0
2019-09-24 03:07:34,999 [1c4b9d97-8ee6-4c70-b33d-f77b8a26cbd8@group-FAB36001F4DF-SegmentedRaftLogWorker] INFO  segmented.SegmentedRaftLogWorker (SegmentedRaftLogWorker.java:execute(569)) - 1c4b9d97-8ee6-4c70-b33d-f77b8a26cbd8@group-FAB36001F4DF-SegmentedRaftLogWorker: created new log segment /workdir/hadoop-ozone/integration-test/target/test-dir/MiniOzoneClusterImpl-3c9a5054-9541-4e02-9581-fea88c10aa6d/datanode-4/data/ratis/4f7aad1d-21ad-48a6-84f8-fab36001f4df/current/log_inprogress_0
2019-09-24 03:07:34,999 [e98bfd79-b296-4958-96e0-9f16ad4d3dd7@group-CD4AA9416DCB-SegmentedRaftLogWorker] INFO  segmented.SegmentedRaftLogWorker (SegmentedRaftLogWorker.java:execute(569)) - e98bfd79-b296-4958-96e0-9f16ad4d3dd7@group-CD4AA9416DCB-SegmentedRaftLogWorker: created new log segment /workdir/hadoop-ozone/integration-test/target/test-dir/MiniOzoneClusterImpl-3c9a5054-9541-4e02-9581-fea88c10aa6d/datanode-3/data/ratis/c18d147c-2c02-4725-9ad5-cd4aa9416dcb/current/log_inprogress_0
2019-09-24 03:07:34,999 [6f396628-19e5-4ddc-b9c6-a68c9abd3c36@group-73AA4C22A13A:LeaderElection4] INFO  impl.LeaderElection (LeaderElection.java:askForVotes(182)) - 6f396628-19e5-4ddc-b9c6-a68c9abd3c36@group-73AA4C22A13A:LeaderElection4: begin an election at term 1 for -1: [6f396628-19e5-4ddc-b9c6-a68c9abd3c36:192.168.151.121:43628], old=null
2019-09-24 03:07:35,000 [6f396628-19e5-4ddc-b9c6-a68c9abd3c36@group-73AA4C22A13A:LeaderElection4] INFO  impl.RoleInfo (RoleInfo.java:shutdownLeaderElection(134)) - 6f396628-19e5-4ddc-b9c6-a68c9abd3c36: shutdown LeaderElection
2019-09-24 03:07:35,000 [6f396628-19e5-4ddc-b9c6-a68c9abd3c36@group-73AA4C22A13A:LeaderElection4] INFO  impl.RaftServerImpl (RaftServerImpl.java:setRole(174)) - 6f396628-19e5-4ddc-b9c6-a68c9abd3c36@group-73AA4C22A13A: changes role from CANDIDATE to LEADER at term 1 for changeToLeader
2019-09-24 03:07:35,000 [6f396628-19e5-4ddc-b9c6-a68c9abd3c36@group-73AA4C22A13A:LeaderElection4] INFO  impl.RaftServerImpl (ServerState.java:setLeader(253)) - 6f396628-19e5-4ddc-b9c6-a68c9abd3c36@group-73AA4C22A13A: change Leader from null to 6f396628-19e5-4ddc-b9c6-a68c9abd3c36 at term 1 for becomeLeader, leader elected after 5088ms
2019-09-24 03:07:35,003 [6f396628-19e5-4ddc-b9c6-a68c9abd3c36@group-73AA4C22A13A:LeaderElection4] INFO  server.RaftServerConfigKeys (ConfUtils.java:logGet(43)) - raft.server.staging.catchup.gap = 1000 (default)
2019-09-24 03:07:35,003 [6f396628-19e5-4ddc-b9c6-a68c9abd3c36@group-73AA4C22A13A:LeaderElection4] INFO  server.RaftServerConfigKeys (ConfUtils.java:logGet(43)) - raft.server.rpc.sleep.time = 25ms (default)
2019-09-24 03:07:35,003 [6f396628-19e5-4ddc-b9c6-a68c9abd3c36@group-73AA4C22A13A:LeaderElection4] INFO  server.RaftServerConfigKeys (ConfUtils.java:logGet(43)) - raft.server.write.element-limit = 4096 (default)
2019-09-24 03:07:35,004 [6f396628-19e5-4ddc-b9c6-a68c9abd3c36@group-73AA4C22A13A:LeaderElection4] INFO  server.RaftServerConfigKeys (ConfUtils.java:logGet(43)) - raft.server.watch.timeout = 10s (default)
2019-09-24 03:07:35,004 [6f396628-19e5-4ddc-b9c6-a68c9abd3c36@group-73AA4C22A13A:LeaderElection4] INFO  server.RaftServerConfigKeys (ConfUtils.java:logGet(43)) - raft.server.watch.timeout.denomination = 1s (default)
2019-09-24 03:07:35,004 [6f396628-19e5-4ddc-b9c6-a68c9abd3c36@group-73AA4C22A13A:LeaderElection4] INFO  server.RaftServerConfigKeys (ConfUtils.java:logGet(43)) - raft.server.watch.element-limit = 65536 (default)
2019-09-24 03:07:35,006 [6f396628-19e5-4ddc-b9c6-a68c9abd3c36@group-73AA4C22A13A:LeaderElection4] INFO  impl.RoleInfo (RoleInfo.java:updateAndGet(143)) - 6f396628-19e5-4ddc-b9c6-a68c9abd3c36: start LeaderState
2019-09-24 03:07:35,006 [6f396628-19e5-4ddc-b9c6-a68c9abd3c36@group-73AA4C22A13A:LeaderElection4] INFO  segmented.SegmentedRaftLogWorker (SegmentedRaftLogWorker.java:startLogSegment(380)) - 6f396628-19e5-4ddc-b9c6-a68c9abd3c36@group-73AA4C22A13A-SegmentedRaftLogWorker: Starting segment from index:0
2019-09-24 03:07:35,007 [6f396628-19e5-4ddc-b9c6-a68c9abd3c36@group-73AA4C22A13A:LeaderElection4] INFO  impl.RaftServerImpl (ServerState.java:setRaftConf(354)) - 6f396628-19e5-4ddc-b9c6-a68c9abd3c36@group-73AA4C22A13A: set configuration 0: [6f396628-19e5-4ddc-b9c6-a68c9abd3c36:192.168.151.121:43628], old=null at 0
2019-09-24 03:07:35,060 [6f396628-19e5-4ddc-b9c6-a68c9abd3c36@group-73AA4C22A13A-SegmentedRaftLogWorker] INFO  segmented.SegmentedRaftLogWorker (SegmentedRaftLogWorker.java:execute(569)) - 6f396628-19e5-4ddc-b9c6-a68c9abd3c36@group-73AA4C22A13A-SegmentedRaftLogWorker: created new log segment /workdir/hadoop-ozone/integration-test/target/test-dir/MiniOzoneClusterImpl-3c9a5054-9541-4e02-9581-fea88c10aa6d/datanode-6/data/ratis/accfc76e-bdc4-4c8c-b8da-73aa4c22a13a/current/log_inprogress_0
2019-09-24 03:07:35,113 [Thread-252] INFO  impl.FollowerState (FollowerState.java:run(106)) - 94573a1c-628f-4691-8f5c-95c4939c988a:group-9A9AC50D5595 changes to CANDIDATE, lastRpcTime:5085, electionTimeout:5085ms
2019-09-24 03:07:35,114 [Thread-252] INFO  impl.RoleInfo (RoleInfo.java:shutdownFollowerState(121)) - 94573a1c-628f-4691-8f5c-95c4939c988a: shutdown FollowerState
2019-09-24 03:07:35,114 [Thread-252] INFO  impl.RaftServerImpl (RaftServerImpl.java:setRole(174)) - 94573a1c-628f-4691-8f5c-95c4939c988a@group-9A9AC50D5595: changes role from  FOLLOWER to CANDIDATE at term 0 for changeToCandidate
2019-09-24 03:07:35,114 [Thread-252] INFO  impl.RoleInfo (RoleInfo.java:updateAndGet(143)) - 94573a1c-628f-4691-8f5c-95c4939c988a: start LeaderElection
2019-09-24 03:07:35,186 [94573a1c-628f-4691-8f5c-95c4939c988a@group-9A9AC50D5595:LeaderElection5] INFO  impl.LeaderElection (LeaderElection.java:askForVotes(182)) - 94573a1c-628f-4691-8f5c-95c4939c988a@group-9A9AC50D5595:LeaderElection5: begin an election at term 1 for -1: [94573a1c-628f-4691-8f5c-95c4939c988a:192.168.151.121:35729], old=null
2019-09-24 03:07:35,186 [94573a1c-628f-4691-8f5c-95c4939c988a@group-9A9AC50D5595:LeaderElection5] INFO  impl.RoleInfo (RoleInfo.java:shutdownLeaderElection(134)) - 94573a1c-628f-4691-8f5c-95c4939c988a: shutdown LeaderElection
2019-09-24 03:07:35,186 [94573a1c-628f-4691-8f5c-95c4939c988a@group-9A9AC50D5595:LeaderElection5] INFO  impl.RaftServerImpl (RaftServerImpl.java:setRole(174)) - 94573a1c-628f-4691-8f5c-95c4939c988a@group-9A9AC50D5595: changes role from CANDIDATE to LEADER at term 1 for changeToLeader
2019-09-24 03:07:35,186 [94573a1c-628f-4691-8f5c-95c4939c988a@group-9A9AC50D5595:LeaderElection5] INFO  impl.RaftServerImpl (ServerState.java:setLeader(253)) - 94573a1c-628f-4691-8f5c-95c4939c988a@group-9A9AC50D5595: change Leader from null to 94573a1c-628f-4691-8f5c-95c4939c988a at term 1 for becomeLeader, leader elected after 5174ms
2019-09-24 03:07:35,190 [94573a1c-628f-4691-8f5c-95c4939c988a@group-9A9AC50D5595:LeaderElection5] INFO  server.RaftServerConfigKeys (ConfUtils.java:logGet(43)) - raft.server.staging.catchup.gap = 1000 (default)
2019-09-24 03:07:35,190 [94573a1c-628f-4691-8f5c-95c4939c988a@group-9A9AC50D5595:LeaderElection5] INFO  server.RaftServerConfigKeys (ConfUtils.java:logGet(43)) - raft.server.rpc.sleep.time = 25ms (default)
2019-09-24 03:07:35,191 [94573a1c-628f-4691-8f5c-95c4939c988a@group-9A9AC50D5595:LeaderElection5] INFO  server.RaftServerConfigKeys (ConfUtils.java:logGet(43)) - raft.server.write.element-limit = 4096 (default)
2019-09-24 03:07:35,191 [94573a1c-628f-4691-8f5c-95c4939c988a@group-9A9AC50D5595:LeaderElection5] INFO  server.RaftServerConfigKeys (ConfUtils.java:logGet(43)) - raft.server.watch.timeout = 10s (default)
2019-09-24 03:07:35,191 [94573a1c-628f-4691-8f5c-95c4939c988a@group-9A9AC50D5595:LeaderElection5] INFO  server.RaftServerConfigKeys (ConfUtils.java:logGet(43)) - raft.server.watch.timeout.denomination = 1s (default)
2019-09-24 03:07:35,191 [94573a1c-628f-4691-8f5c-95c4939c988a@group-9A9AC50D5595:LeaderElection5] INFO  server.RaftServerConfigKeys (ConfUtils.java:logGet(43)) - raft.server.watch.element-limit = 65536 (default)
2019-09-24 03:07:35,195 [94573a1c-628f-4691-8f5c-95c4939c988a@group-9A9AC50D5595:LeaderElection5] INFO  impl.RoleInfo (RoleInfo.java:updateAndGet(143)) - 94573a1c-628f-4691-8f5c-95c4939c988a: start LeaderState
2019-09-24 03:07:35,195 [94573a1c-628f-4691-8f5c-95c4939c988a@group-9A9AC50D5595:LeaderElection5] INFO  segmented.SegmentedRaftLogWorker (SegmentedRaftLogWorker.java:startLogSegment(380)) - 94573a1c-628f-4691-8f5c-95c4939c988a@group-9A9AC50D5595-SegmentedRaftLogWorker: Starting segment from index:0
2019-09-24 03:07:35,196 [94573a1c-628f-4691-8f5c-95c4939c988a@group-9A9AC50D5595:LeaderElection5] INFO  impl.RaftServerImpl (ServerState.java:setRaftConf(354)) - 94573a1c-628f-4691-8f5c-95c4939c988a@group-9A9AC50D5595: set configuration 0: [94573a1c-628f-4691-8f5c-95c4939c988a:192.168.151.121:35729], old=null at 0
2019-09-24 03:07:35,251 [94573a1c-628f-4691-8f5c-95c4939c988a@group-9A9AC50D5595-SegmentedRaftLogWorker] INFO  segmented.SegmentedRaftLogWorker (SegmentedRaftLogWorker.java:execute(569)) - 94573a1c-628f-4691-8f5c-95c4939c988a@group-9A9AC50D5595-SegmentedRaftLogWorker: created new log segment /workdir/hadoop-ozone/integration-test/target/test-dir/MiniOzoneClusterImpl-3c9a5054-9541-4e02-9581-fea88c10aa6d/datanode-1/data/ratis/a0c655c7-c27a-436f-bf41-9a9ac50d5595/current/log_inprogress_0
2019-09-24 03:07:35,267 [Thread-255] INFO  impl.FollowerState (FollowerState.java:run(106)) - cca15b09-5d98-4653-bef1-2fe6a3bc31c5:group-2ED742721629 changes to CANDIDATE, lastRpcTime:5136, electionTimeout:5136ms
2019-09-24 03:07:35,267 [Thread-255] INFO  impl.RoleInfo (RoleInfo.java:shutdownFollowerState(121)) - cca15b09-5d98-4653-bef1-2fe6a3bc31c5: shutdown FollowerState
2019-09-24 03:07:35,267 [Thread-255] INFO  impl.RaftServerImpl (RaftServerImpl.java:setRole(174)) - cca15b09-5d98-4653-bef1-2fe6a3bc31c5@group-2ED742721629: changes role from  FOLLOWER to CANDIDATE at term 0 for changeToCandidate
2019-09-24 03:07:35,267 [Thread-255] INFO  impl.RoleInfo (RoleInfo.java:updateAndGet(143)) - cca15b09-5d98-4653-bef1-2fe6a3bc31c5: start LeaderElection
2019-09-24 03:07:35,297 [cca15b09-5d98-4653-bef1-2fe6a3bc31c5@group-2ED742721629:LeaderElection6] INFO  impl.LeaderElection (LeaderElection.java:askForVotes(182)) - cca15b09-5d98-4653-bef1-2fe6a3bc31c5@group-2ED742721629:LeaderElection6: begin an election at term 1 for -1: [cca15b09-5d98-4653-bef1-2fe6a3bc31c5:192.168.151.121:38726], old=null
2019-09-24 03:07:35,298 [cca15b09-5d98-4653-bef1-2fe6a3bc31c5@group-2ED742721629:LeaderElection6] INFO  impl.RoleInfo (RoleInfo.java:shutdownLeaderElection(134)) - cca15b09-5d98-4653-bef1-2fe6a3bc31c5: shutdown LeaderElection
2019-09-24 03:07:35,298 [cca15b09-5d98-4653-bef1-2fe6a3bc31c5@group-2ED742721629:LeaderElection6] INFO  impl.RaftServerImpl (RaftServerImpl.java:setRole(174)) - cca15b09-5d98-4653-bef1-2fe6a3bc31c5@group-2ED742721629: changes role from CANDIDATE to LEADER at term 1 for changeToLeader
2019-09-24 03:07:35,298 [cca15b09-5d98-4653-bef1-2fe6a3bc31c5@group-2ED742721629:LeaderElection6] INFO  impl.RaftServerImpl (ServerState.java:setLeader(253)) - cca15b09-5d98-4653-bef1-2fe6a3bc31c5@group-2ED742721629: change Leader from null to cca15b09-5d98-4653-bef1-2fe6a3bc31c5 at term 1 for becomeLeader, leader elected after 5182ms
2019-09-24 03:07:35,301 [cca15b09-5d98-4653-bef1-2fe6a3bc31c5@group-2ED742721629:LeaderElection6] INFO  server.RaftServerConfigKeys (ConfUtils.java:logGet(43)) - raft.server.staging.catchup.gap = 1000 (default)
2019-09-24 03:07:35,302 [cca15b09-5d98-4653-bef1-2fe6a3bc31c5@group-2ED742721629:LeaderElection6] INFO  server.RaftServerConfigKeys (ConfUtils.java:logGet(43)) - raft.server.rpc.sleep.time = 25ms (default)
2019-09-24 03:07:35,302 [cca15b09-5d98-4653-bef1-2fe6a3bc31c5@group-2ED742721629:LeaderElection6] INFO  server.RaftServerConfigKeys (ConfUtils.java:logGet(43)) - raft.server.write.element-limit = 4096 (default)
2019-09-24 03:07:35,302 [cca15b09-5d98-4653-bef1-2fe6a3bc31c5@group-2ED742721629:LeaderElection6] INFO  server.RaftServerConfigKeys (ConfUtils.java:logGet(43)) - raft.server.watch.timeout = 10s (default)
2019-09-24 03:07:35,302 [cca15b09-5d98-4653-bef1-2fe6a3bc31c5@group-2ED742721629:LeaderElection6] INFO  server.RaftServerConfigKeys (ConfUtils.java:logGet(43)) - raft.server.watch.timeout.denomination = 1s (default)
2019-09-24 03:07:35,302 [cca15b09-5d98-4653-bef1-2fe6a3bc31c5@group-2ED742721629:LeaderElection6] INFO  server.RaftServerConfigKeys (ConfUtils.java:logGet(43)) - raft.server.watch.element-limit = 65536 (default)
2019-09-24 03:07:35,305 [cca15b09-5d98-4653-bef1-2fe6a3bc31c5@group-2ED742721629:LeaderElection6] INFO  impl.RoleInfo (RoleInfo.java:updateAndGet(143)) - cca15b09-5d98-4653-bef1-2fe6a3bc31c5: start LeaderState
2019-09-24 03:07:35,306 [cca15b09-5d98-4653-bef1-2fe6a3bc31c5@group-2ED742721629:LeaderElection6] INFO  segmented.SegmentedRaftLogWorker (SegmentedRaftLogWorker.java:startLogSegment(380)) - cca15b09-5d98-4653-bef1-2fe6a3bc31c5@group-2ED742721629-SegmentedRaftLogWorker: Starting segment from index:0
2019-09-24 03:07:35,306 [cca15b09-5d98-4653-bef1-2fe6a3bc31c5@group-2ED742721629:LeaderElection6] INFO  impl.RaftServerImpl (ServerState.java:setRaftConf(354)) - cca15b09-5d98-4653-bef1-2fe6a3bc31c5@group-2ED742721629: set configuration 0: [cca15b09-5d98-4653-bef1-2fe6a3bc31c5:192.168.151.121:38726], old=null at 0
2019-09-24 03:07:35,354 [cca15b09-5d98-4653-bef1-2fe6a3bc31c5@group-2ED742721629-SegmentedRaftLogWorker] INFO  segmented.SegmentedRaftLogWorker (SegmentedRaftLogWorker.java:execute(569)) - cca15b09-5d98-4653-bef1-2fe6a3bc31c5@group-2ED742721629-SegmentedRaftLogWorker: created new log segment /workdir/hadoop-ozone/integration-test/target/test-dir/MiniOzoneClusterImpl-3c9a5054-9541-4e02-9581-fea88c10aa6d/datanode-5/data/ratis/ab20fcb5-ca6d-44a6-a5c6-2ed742721629/current/log_inprogress_0
2019-09-24 03:07:35,377 [Thread-258] INFO  impl.FollowerState (FollowerState.java:run(106)) - de29c35e-384c-4f64-9e28-a0d286e1760b:group-DBE74F7AF524 changes to CANDIDATE, lastRpcTime:5035, electionTimeout:5035ms
2019-09-24 03:07:35,378 [Thread-258] INFO  impl.RoleInfo (RoleInfo.java:shutdownFollowerState(121)) - de29c35e-384c-4f64-9e28-a0d286e1760b: shutdown FollowerState
2019-09-24 03:07:35,378 [Thread-258] INFO  impl.RaftServerImpl (RaftServerImpl.java:setRole(174)) - de29c35e-384c-4f64-9e28-a0d286e1760b@group-DBE74F7AF524: changes role from  FOLLOWER to CANDIDATE at term 0 for changeToCandidate
2019-09-24 03:07:35,378 [Thread-258] INFO  impl.RoleInfo (RoleInfo.java:updateAndGet(143)) - de29c35e-384c-4f64-9e28-a0d286e1760b: start LeaderElection
2019-09-24 03:07:35,404 [de29c35e-384c-4f64-9e28-a0d286e1760b@group-DBE74F7AF524:LeaderElection7] INFO  impl.LeaderElection (LeaderElection.java:askForVotes(182)) - de29c35e-384c-4f64-9e28-a0d286e1760b@group-DBE74F7AF524:LeaderElection7: begin an election at term 1 for -1: [de29c35e-384c-4f64-9e28-a0d286e1760b:192.168.151.121:38337], old=null
2019-09-24 03:07:35,404 [de29c35e-384c-4f64-9e28-a0d286e1760b@group-DBE74F7AF524:LeaderElection7] INFO  impl.RoleInfo (RoleInfo.java:shutdownLeaderElection(134)) - de29c35e-384c-4f64-9e28-a0d286e1760b: shutdown LeaderElection
2019-09-24 03:07:35,404 [de29c35e-384c-4f64-9e28-a0d286e1760b@group-DBE74F7AF524:LeaderElection7] INFO  impl.RaftServerImpl (RaftServerImpl.java:setRole(174)) - de29c35e-384c-4f64-9e28-a0d286e1760b@group-DBE74F7AF524: changes role from CANDIDATE to LEADER at term 1 for changeToLeader
2019-09-24 03:07:35,405 [de29c35e-384c-4f64-9e28-a0d286e1760b@group-DBE74F7AF524:LeaderElection7] INFO  impl.RaftServerImpl (ServerState.java:setLeader(253)) - de29c35e-384c-4f64-9e28-a0d286e1760b@group-DBE74F7AF524: change Leader from null to de29c35e-384c-4f64-9e28-a0d286e1760b at term 1 for becomeLeader, leader elected after 5083ms
2019-09-24 03:07:35,407 [de29c35e-384c-4f64-9e28-a0d286e1760b@group-DBE74F7AF524:LeaderElection7] INFO  server.RaftServerConfigKeys (ConfUtils.java:logGet(43)) - raft.server.staging.catchup.gap = 1000 (default)
2019-09-24 03:07:35,408 [de29c35e-384c-4f64-9e28-a0d286e1760b@group-DBE74F7AF524:LeaderElection7] INFO  server.RaftServerConfigKeys (ConfUtils.java:logGet(43)) - raft.server.rpc.sleep.time = 25ms (default)
2019-09-24 03:07:35,408 [de29c35e-384c-4f64-9e28-a0d286e1760b@group-DBE74F7AF524:LeaderElection7] INFO  server.RaftServerConfigKeys (ConfUtils.java:logGet(43)) - raft.server.write.element-limit = 4096 (default)
2019-09-24 03:07:35,408 [de29c35e-384c-4f64-9e28-a0d286e1760b@group-DBE74F7AF524:LeaderElection7] INFO  server.RaftServerConfigKeys (ConfUtils.java:logGet(43)) - raft.server.watch.timeout = 10s (default)
2019-09-24 03:07:35,408 [de29c35e-384c-4f64-9e28-a0d286e1760b@group-DBE74F7AF524:LeaderElection7] INFO  server.RaftServerConfigKeys (ConfUtils.java:logGet(43)) - raft.server.watch.timeout.denomination = 1s (default)
2019-09-24 03:07:35,409 [de29c35e-384c-4f64-9e28-a0d286e1760b@group-DBE74F7AF524:LeaderElection7] INFO  server.RaftServerConfigKeys (ConfUtils.java:logGet(43)) - raft.server.watch.element-limit = 65536 (default)
2019-09-24 03:07:35,411 [de29c35e-384c-4f64-9e28-a0d286e1760b@group-DBE74F7AF524:LeaderElection7] INFO  impl.RoleInfo (RoleInfo.java:updateAndGet(143)) - de29c35e-384c-4f64-9e28-a0d286e1760b: start LeaderState
2019-09-24 03:07:35,412 [de29c35e-384c-4f64-9e28-a0d286e1760b@group-DBE74F7AF524:LeaderElection7] INFO  segmented.SegmentedRaftLogWorker (SegmentedRaftLogWorker.java:startLogSegment(380)) - de29c35e-384c-4f64-9e28-a0d286e1760b@group-DBE74F7AF524-SegmentedRaftLogWorker: Starting segment from index:0
2019-09-24 03:07:35,412 [de29c35e-384c-4f64-9e28-a0d286e1760b@group-DBE74F7AF524:LeaderElection7] INFO  impl.RaftServerImpl (ServerState.java:setRaftConf(354)) - de29c35e-384c-4f64-9e28-a0d286e1760b@group-DBE74F7AF524: set configuration 0: [de29c35e-384c-4f64-9e28-a0d286e1760b:192.168.151.121:38337], old=null at 0
2019-09-24 03:07:35,493 [de29c35e-384c-4f64-9e28-a0d286e1760b@group-DBE74F7AF524-SegmentedRaftLogWorker] INFO  segmented.SegmentedRaftLogWorker (SegmentedRaftLogWorker.java:execute(569)) - de29c35e-384c-4f64-9e28-a0d286e1760b@group-DBE74F7AF524-SegmentedRaftLogWorker: created new log segment /workdir/hadoop-ozone/integration-test/target/test-dir/MiniOzoneClusterImpl-3c9a5054-9541-4e02-9581-fea88c10aa6d/datanode-2/data/ratis/fc4ef53a-5151-422d-a2f8-dbe74f7af524/current/log_inprogress_0
2019-09-24 03:07:35,596 [Thread-265] INFO  impl.FollowerState (FollowerState.java:run(106)) - 1c4b9d97-8ee6-4c70-b33d-f77b8a26cbd8:group-7AC681A6C483 changes to CANDIDATE, lastRpcTime:5146, electionTimeout:5146ms
2019-09-24 03:07:35,597 [Thread-265] INFO  impl.RoleInfo (RoleInfo.java:shutdownFollowerState(121)) - 1c4b9d97-8ee6-4c70-b33d-f77b8a26cbd8: shutdown FollowerState
2019-09-24 03:07:35,597 [Thread-265] INFO  impl.RaftServerImpl (RaftServerImpl.java:setRole(174)) - 1c4b9d97-8ee6-4c70-b33d-f77b8a26cbd8@group-7AC681A6C483: changes role from  FOLLOWER to CANDIDATE at term 0 for changeToCandidate
2019-09-24 03:07:35,597 [Thread-265] INFO  impl.RoleInfo (RoleInfo.java:updateAndGet(143)) - 1c4b9d97-8ee6-4c70-b33d-f77b8a26cbd8: start LeaderElection
2019-09-24 03:07:35,617 [Thread-263] INFO  impl.FollowerState (FollowerState.java:run(106)) - e98bfd79-b296-4958-96e0-9f16ad4d3dd7:group-7AC681A6C483 changes to CANDIDATE, lastRpcTime:5169, electionTimeout:5169ms
2019-09-24 03:07:35,617 [Thread-263] INFO  impl.RoleInfo (RoleInfo.java:shutdownFollowerState(121)) - e98bfd79-b296-4958-96e0-9f16ad4d3dd7: shutdown FollowerState
2019-09-24 03:07:35,617 [Thread-263] INFO  impl.RaftServerImpl (RaftServerImpl.java:setRole(174)) - e98bfd79-b296-4958-96e0-9f16ad4d3dd7@group-7AC681A6C483: changes role from  FOLLOWER to CANDIDATE at term 0 for changeToCandidate
2019-09-24 03:07:35,618 [Thread-263] INFO  impl.RoleInfo (RoleInfo.java:updateAndGet(143)) - e98bfd79-b296-4958-96e0-9f16ad4d3dd7: start LeaderElection
2019-09-24 03:07:35,625 [Thread-266] INFO  impl.FollowerState (FollowerState.java:run(106)) - 6f396628-19e5-4ddc-b9c6-a68c9abd3c36:group-7AC681A6C483 changes to CANDIDATE, lastRpcTime:5175, electionTimeout:5175ms
2019-09-24 03:07:35,626 [Thread-266] INFO  impl.RoleInfo (RoleInfo.java:shutdownFollowerState(121)) - 6f396628-19e5-4ddc-b9c6-a68c9abd3c36: shutdown FollowerState
2019-09-24 03:07:35,626 [Thread-266] INFO  impl.RaftServerImpl (RaftServerImpl.java:setRole(174)) - 6f396628-19e5-4ddc-b9c6-a68c9abd3c36@group-7AC681A6C483: changes role from  FOLLOWER to CANDIDATE at term 0 for changeToCandidate
2019-09-24 03:07:35,626 [Thread-266] INFO  impl.RoleInfo (RoleInfo.java:updateAndGet(143)) - 6f396628-19e5-4ddc-b9c6-a68c9abd3c36: start LeaderElection
2019-09-24 03:07:35,661 [Thread-276] INFO  impl.FollowerState (FollowerState.java:run(106)) - cca15b09-5d98-4653-bef1-2fe6a3bc31c5:group-DFA87D41B1EA changes to CANDIDATE, lastRpcTime:5105, electionTimeout:5105ms
2019-09-24 03:07:35,661 [Thread-276] INFO  impl.RoleInfo (RoleInfo.java:shutdownFollowerState(121)) - cca15b09-5d98-4653-bef1-2fe6a3bc31c5: shutdown FollowerState
2019-09-24 03:07:35,661 [Thread-276] INFO  impl.RaftServerImpl (RaftServerImpl.java:setRole(174)) - cca15b09-5d98-4653-bef1-2fe6a3bc31c5@group-DFA87D41B1EA: changes role from  FOLLOWER to CANDIDATE at term 0 for changeToCandidate
2019-09-24 03:07:35,662 [Thread-276] INFO  impl.RoleInfo (RoleInfo.java:updateAndGet(143)) - cca15b09-5d98-4653-bef1-2fe6a3bc31c5: start LeaderElection
2019-09-24 03:07:35,673 [main] INFO  ipc.Client (Client.java:handleConnectionFailure(948)) - Retrying connect to server: localhost/127.0.0.1:0. Already tried 4 time(s); retry policy is RetryUpToMaximumCountWithFixedSleep(maxRetries=10, sleepTime=1000 MILLISECONDS)
2019-09-24 03:07:35,679 [1c4b9d97-8ee6-4c70-b33d-f77b8a26cbd8@group-7AC681A6C483:LeaderElection8] INFO  impl.LeaderElection (LeaderElection.java:askForVotes(182)) - 1c4b9d97-8ee6-4c70-b33d-f77b8a26cbd8@group-7AC681A6C483:LeaderElection8: begin an election at term 1 for -1: [e98bfd79-b296-4958-96e0-9f16ad4d3dd7:192.168.151.121:34803, 1c4b9d97-8ee6-4c70-b33d-f77b8a26cbd8:192.168.151.121:33324, 6f396628-19e5-4ddc-b9c6-a68c9abd3c36:192.168.151.121:43628], old=null
2019-09-24 03:07:35,716 [Thread-273] INFO  impl.FollowerState (FollowerState.java:run(106)) - 35dcb943-b51f-4692-b68e-28aa3944273c:group-DFA87D41B1EA changes to CANDIDATE, lastRpcTime:5161, electionTimeout:5161ms
2019-09-24 03:07:35,716 [Thread-273] INFO  impl.RoleInfo (RoleInfo.java:shutdownFollowerState(121)) - 35dcb943-b51f-4692-b68e-28aa3944273c: shutdown FollowerState
2019-09-24 03:07:35,716 [Thread-273] INFO  impl.RaftServerImpl (RaftServerImpl.java:setRole(174)) - 35dcb943-b51f-4692-b68e-28aa3944273c@group-DFA87D41B1EA: changes role from  FOLLOWER to CANDIDATE at term 0 for changeToCandidate
2019-09-24 03:07:35,716 [Thread-273] INFO  impl.RoleInfo (RoleInfo.java:updateAndGet(143)) - 35dcb943-b51f-4692-b68e-28aa3944273c: start LeaderElection
2019-09-24 03:07:35,720 [6f396628-19e5-4ddc-b9c6-a68c9abd3c36@group-7AC681A6C483:LeaderElection10] INFO  impl.LeaderElection (LeaderElection.java:askForVotes(182)) - 6f396628-19e5-4ddc-b9c6-a68c9abd3c36@group-7AC681A6C483:LeaderElection10: begin an election at term 1 for -1: [e98bfd79-b296-4958-96e0-9f16ad4d3dd7:192.168.151.121:34803, 1c4b9d97-8ee6-4c70-b33d-f77b8a26cbd8:192.168.151.121:33324, 6f396628-19e5-4ddc-b9c6-a68c9abd3c36:192.168.151.121:43628], old=null
2019-09-24 03:07:35,720 [e98bfd79-b296-4958-96e0-9f16ad4d3dd7@group-7AC681A6C483:LeaderElection9] INFO  impl.LeaderElection (LeaderElection.java:askForVotes(182)) - e98bfd79-b296-4958-96e0-9f16ad4d3dd7@group-7AC681A6C483:LeaderElection9: begin an election at term 1 for -1: [e98bfd79-b296-4958-96e0-9f16ad4d3dd7:192.168.151.121:34803, 1c4b9d97-8ee6-4c70-b33d-f77b8a26cbd8:192.168.151.121:33324, 6f396628-19e5-4ddc-b9c6-a68c9abd3c36:192.168.151.121:43628], old=null
2019-09-24 03:07:35,798 [Thread-272] INFO  impl.FollowerState (FollowerState.java:run(106)) - 94573a1c-628f-4691-8f5c-95c4939c988a:group-DFA87D41B1EA changes to CANDIDATE, lastRpcTime:5244, electionTimeout:5176ms
2019-09-24 03:07:35,798 [cca15b09-5d98-4653-bef1-2fe6a3bc31c5@group-DFA87D41B1EA:LeaderElection11] INFO  impl.LeaderElection (LeaderElection.java:askForVotes(182)) - cca15b09-5d98-4653-bef1-2fe6a3bc31c5@group-DFA87D41B1EA:LeaderElection11: begin an election at term 1 for -1: [94573a1c-628f-4691-8f5c-95c4939c988a:192.168.151.121:35729, 35dcb943-b51f-4692-b68e-28aa3944273c:192.168.151.121:35115, cca15b09-5d98-4653-bef1-2fe6a3bc31c5:192.168.151.121:38726], old=null
2019-09-24 03:07:35,799 [Thread-272] INFO  impl.RoleInfo (RoleInfo.java:shutdownFollowerState(121)) - 94573a1c-628f-4691-8f5c-95c4939c988a: shutdown FollowerState
2019-09-24 03:07:35,799 [35dcb943-b51f-4692-b68e-28aa3944273c@group-DFA87D41B1EA:LeaderElection12] INFO  impl.LeaderElection (LeaderElection.java:askForVotes(182)) - 35dcb943-b51f-4692-b68e-28aa3944273c@group-DFA87D41B1EA:LeaderElection12: begin an election at term 1 for -1: [94573a1c-628f-4691-8f5c-95c4939c988a:192.168.151.121:35729, 35dcb943-b51f-4692-b68e-28aa3944273c:192.168.151.121:35115, cca15b09-5d98-4653-bef1-2fe6a3bc31c5:192.168.151.121:38726], old=null
2019-09-24 03:07:35,799 [Thread-272] INFO  impl.RaftServerImpl (RaftServerImpl.java:setRole(174)) - 94573a1c-628f-4691-8f5c-95c4939c988a@group-DFA87D41B1EA: changes role from  FOLLOWER to CANDIDATE at term 0 for changeToCandidate
2019-09-24 03:07:35,802 [Thread-272] INFO  impl.RoleInfo (RoleInfo.java:updateAndGet(143)) - 94573a1c-628f-4691-8f5c-95c4939c988a: start LeaderElection
2019-09-24 03:07:35,844 [1c4b9d97-8ee6-4c70-b33d-f77b8a26cbd8@group-7AC681A6C483:LeaderElection8] INFO  impl.LeaderElection (LeaderElection.java:logAndReturn(56)) - 1c4b9d97-8ee6-4c70-b33d-f77b8a26cbd8@group-7AC681A6C483:LeaderElection8: Election REJECTED; received 2 response(s) [1c4b9d97-8ee6-4c70-b33d-f77b8a26cbd8<-e98bfd79-b296-4958-96e0-9f16ad4d3dd7#0:FAIL-t1, 1c4b9d97-8ee6-4c70-b33d-f77b8a26cbd8<-6f396628-19e5-4ddc-b9c6-a68c9abd3c36#0:FAIL-t1] and 0 exception(s); 1c4b9d97-8ee6-4c70-b33d-f77b8a26cbd8@group-7AC681A6C483:t1, leader=null, voted=1c4b9d97-8ee6-4c70-b33d-f77b8a26cbd8, raftlog=1c4b9d97-8ee6-4c70-b33d-f77b8a26cbd8@group-7AC681A6C483-SegmentedRaftLog:OPENED:c-1,f-1,i0, conf=-1: [e98bfd79-b296-4958-96e0-9f16ad4d3dd7:192.168.151.121:34803, 1c4b9d97-8ee6-4c70-b33d-f77b8a26cbd8:192.168.151.121:33324, 6f396628-19e5-4ddc-b9c6-a68c9abd3c36:192.168.151.121:43628], old=null
2019-09-24 03:07:35,848 [1c4b9d97-8ee6-4c70-b33d-f77b8a26cbd8@group-7AC681A6C483:LeaderElection8] INFO  impl.RaftServerImpl (RaftServerImpl.java:setRole(174)) - 1c4b9d97-8ee6-4c70-b33d-f77b8a26cbd8@group-7AC681A6C483: changes role from CANDIDATE to FOLLOWER at term 1 for DISCOVERED_A_NEW_TERM
2019-09-24 03:07:35,848 [1c4b9d97-8ee6-4c70-b33d-f77b8a26cbd8@group-7AC681A6C483:LeaderElection8] INFO  impl.RoleInfo (RoleInfo.java:shutdownLeaderElection(134)) - 1c4b9d97-8ee6-4c70-b33d-f77b8a26cbd8: shutdown LeaderElection
2019-09-24 03:07:35,848 [1c4b9d97-8ee6-4c70-b33d-f77b8a26cbd8@group-7AC681A6C483:LeaderElection8] INFO  impl.RoleInfo (RoleInfo.java:updateAndGet(143)) - 1c4b9d97-8ee6-4c70-b33d-f77b8a26cbd8: start FollowerState
2019-09-24 03:07:35,880 [94573a1c-628f-4691-8f5c-95c4939c988a@group-DFA87D41B1EA:LeaderElection13] INFO  impl.LeaderElection (LeaderElection.java:askForVotes(182)) - 94573a1c-628f-4691-8f5c-95c4939c988a@group-DFA87D41B1EA:LeaderElection13: begin an election at term 1 for -1: [94573a1c-628f-4691-8f5c-95c4939c988a:192.168.151.121:35729, 35dcb943-b51f-4692-b68e-28aa3944273c:192.168.151.121:35115, cca15b09-5d98-4653-bef1-2fe6a3bc31c5:192.168.151.121:38726], old=null
2019-09-24 03:07:35,929 [cca15b09-5d98-4653-bef1-2fe6a3bc31c5@group-DFA87D41B1EA:LeaderElection11] INFO  impl.LeaderElection (LeaderElection.java:logAndReturn(56)) - cca15b09-5d98-4653-bef1-2fe6a3bc31c5@group-DFA87D41B1EA:LeaderElection11: Election REJECTED; received 2 response(s) [cca15b09-5d98-4653-bef1-2fe6a3bc31c5<-94573a1c-628f-4691-8f5c-95c4939c988a#0:FAIL-t1, cca15b09-5d98-4653-bef1-2fe6a3bc31c5<-35dcb943-b51f-4692-b68e-28aa3944273c#0:FAIL-t1] and 0 exception(s); cca15b09-5d98-4653-bef1-2fe6a3bc31c5@group-DFA87D41B1EA:t1, leader=null, voted=cca15b09-5d98-4653-bef1-2fe6a3bc31c5, raftlog=cca15b09-5d98-4653-bef1-2fe6a3bc31c5@group-DFA87D41B1EA-SegmentedRaftLog:OPENED:c-1,f-1,i0, conf=-1: [94573a1c-628f-4691-8f5c-95c4939c988a:192.168.151.121:35729, 35dcb943-b51f-4692-b68e-28aa3944273c:192.168.151.121:35115, cca15b09-5d98-4653-bef1-2fe6a3bc31c5:192.168.151.121:38726], old=null
2019-09-24 03:07:35,929 [e98bfd79-b296-4958-96e0-9f16ad4d3dd7@group-7AC681A6C483:LeaderElection9] INFO  impl.LeaderElection (LeaderElection.java:logAndReturn(56)) - e98bfd79-b296-4958-96e0-9f16ad4d3dd7@group-7AC681A6C483:LeaderElection9: Election REJECTED; received 2 response(s) [e98bfd79-b296-4958-96e0-9f16ad4d3dd7<-1c4b9d97-8ee6-4c70-b33d-f77b8a26cbd8#0:FAIL-t1, e98bfd79-b296-4958-96e0-9f16ad4d3dd7<-6f396628-19e5-4ddc-b9c6-a68c9abd3c36#0:FAIL-t1] and 0 exception(s); e98bfd79-b296-4958-96e0-9f16ad4d3dd7@group-7AC681A6C483:t1, leader=null, voted=e98bfd79-b296-4958-96e0-9f16ad4d3dd7, raftlog=e98bfd79-b296-4958-96e0-9f16ad4d3dd7@group-7AC681A6C483-SegmentedRaftLog:OPENED:c-1,f-1,i0, conf=-1: [e98bfd79-b296-4958-96e0-9f16ad4d3dd7:192.168.151.121:34803, 1c4b9d97-8ee6-4c70-b33d-f77b8a26cbd8:192.168.151.121:33324, 6f396628-19e5-4ddc-b9c6-a68c9abd3c36:192.168.151.121:43628], old=null
2019-09-24 03:07:35,929 [cca15b09-5d98-4653-bef1-2fe6a3bc31c5@group-DFA87D41B1EA:LeaderElection11] INFO  impl.RaftServerImpl (RaftServerImpl.java:setRole(174)) - cca15b09-5d98-4653-bef1-2fe6a3bc31c5@group-DFA87D41B1EA: changes role from CANDIDATE to FOLLOWER at term 1 for DISCOVERED_A_NEW_TERM
2019-09-24 03:07:35,931 [cca15b09-5d98-4653-bef1-2fe6a3bc31c5@group-DFA87D41B1EA:LeaderElection11] INFO  impl.RoleInfo (RoleInfo.java:shutdownLeaderElection(134)) - cca15b09-5d98-4653-bef1-2fe6a3bc31c5: shutdown LeaderElection
2019-09-24 03:07:35,931 [e98bfd79-b296-4958-96e0-9f16ad4d3dd7@group-7AC681A6C483:LeaderElection9] INFO  impl.RaftServerImpl (RaftServerImpl.java:setRole(174)) - e98bfd79-b296-4958-96e0-9f16ad4d3dd7@group-7AC681A6C483: changes role from CANDIDATE to FOLLOWER at term 1 for DISCOVERED_A_NEW_TERM
2019-09-24 03:07:35,934 [35dcb943-b51f-4692-b68e-28aa3944273c@group-DFA87D41B1EA:LeaderElection12] INFO  impl.LeaderElection (LeaderElection.java:logAndReturn(56)) - 35dcb943-b51f-4692-b68e-28aa3944273c@group-DFA87D41B1EA:LeaderElection12: Election REJECTED; received 2 response(s) [35dcb943-b51f-4692-b68e-28aa3944273c<-94573a1c-628f-4691-8f5c-95c4939c988a#0:FAIL-t1, 35dcb943-b51f-4692-b68e-28aa3944273c<-cca15b09-5d98-4653-bef1-2fe6a3bc31c5#0:FAIL-t1] and 0 exception(s); 35dcb943-b51f-4692-b68e-28aa3944273c@group-DFA87D41B1EA:t1, leader=null, voted=35dcb943-b51f-4692-b68e-28aa3944273c, raftlog=35dcb943-b51f-4692-b68e-28aa3944273c@group-DFA87D41B1EA-SegmentedRaftLog:OPENED:c-1,f-1,i0, conf=-1: [94573a1c-628f-4691-8f5c-95c4939c988a:192.168.151.121:35729, 35dcb943-b51f-4692-b68e-28aa3944273c:192.168.151.121:35115, cca15b09-5d98-4653-bef1-2fe6a3bc31c5:192.168.151.121:38726], old=null
2019-09-24 03:07:35,934 [cca15b09-5d98-4653-bef1-2fe6a3bc31c5@group-DFA87D41B1EA:LeaderElection11] INFO  impl.RoleInfo (RoleInfo.java:updateAndGet(143)) - cca15b09-5d98-4653-bef1-2fe6a3bc31c5: start FollowerState
2019-09-24 03:07:35,937 [e98bfd79-b296-4958-96e0-9f16ad4d3dd7@group-7AC681A6C483:LeaderElection9] INFO  impl.RoleInfo (RoleInfo.java:shutdownLeaderElection(134)) - e98bfd79-b296-4958-96e0-9f16ad4d3dd7: shutdown LeaderElection
2019-09-24 03:07:35,939 [35dcb943-b51f-4692-b68e-28aa3944273c@group-DFA87D41B1EA:LeaderElection12] INFO  impl.RaftServerImpl (RaftServerImpl.java:setRole(174)) - 35dcb943-b51f-4692-b68e-28aa3944273c@group-DFA87D41B1EA: changes role from CANDIDATE to FOLLOWER at term 1 for DISCOVERED_A_NEW_TERM
2019-09-24 03:07:35,943 [e98bfd79-b296-4958-96e0-9f16ad4d3dd7@group-7AC681A6C483:LeaderElection9] INFO  impl.RoleInfo (RoleInfo.java:updateAndGet(143)) - e98bfd79-b296-4958-96e0-9f16ad4d3dd7: start FollowerState
2019-09-24 03:07:35,943 [6f396628-19e5-4ddc-b9c6-a68c9abd3c36@group-7AC681A6C483:LeaderElection10] INFO  impl.LeaderElection (LeaderElection.java:logAndReturn(56)) - 6f396628-19e5-4ddc-b9c6-a68c9abd3c36@group-7AC681A6C483:LeaderElection10: Election REJECTED; received 2 response(s) [6f396628-19e5-4ddc-b9c6-a68c9abd3c36<-e98bfd79-b296-4958-96e0-9f16ad4d3dd7#0:FAIL-t1, 6f396628-19e5-4ddc-b9c6-a68c9abd3c36<-1c4b9d97-8ee6-4c70-b33d-f77b8a26cbd8#0:FAIL-t1] and 0 exception(s); 6f396628-19e5-4ddc-b9c6-a68c9abd3c36@group-7AC681A6C483:t1, leader=null, voted=6f396628-19e5-4ddc-b9c6-a68c9abd3c36, raftlog=6f396628-19e5-4ddc-b9c6-a68c9abd3c36@group-7AC681A6C483-SegmentedRaftLog:OPENED:c-1,f-1,i0, conf=-1: [e98bfd79-b296-4958-96e0-9f16ad4d3dd7:192.168.151.121:34803, 1c4b9d97-8ee6-4c70-b33d-f77b8a26cbd8:192.168.151.121:33324, 6f396628-19e5-4ddc-b9c6-a68c9abd3c36:192.168.151.121:43628], old=null
2019-09-24 03:07:35,943 [35dcb943-b51f-4692-b68e-28aa3944273c@group-DFA87D41B1EA:LeaderElection12] INFO  impl.RoleInfo (RoleInfo.java:shutdownLeaderElection(134)) - 35dcb943-b51f-4692-b68e-28aa3944273c: shutdown LeaderElection
2019-09-24 03:07:35,945 [6f396628-19e5-4ddc-b9c6-a68c9abd3c36@group-7AC681A6C483:LeaderElection10] INFO  impl.RaftServerImpl (RaftServerImpl.java:setRole(174)) - 6f396628-19e5-4ddc-b9c6-a68c9abd3c36@group-7AC681A6C483: changes role from CANDIDATE to FOLLOWER at term 1 for DISCOVERED_A_NEW_TERM
2019-09-24 03:07:35,948 [35dcb943-b51f-4692-b68e-28aa3944273c@group-DFA87D41B1EA:LeaderElection12] INFO  impl.RoleInfo (RoleInfo.java:updateAndGet(143)) - 35dcb943-b51f-4692-b68e-28aa3944273c: start FollowerState
2019-09-24 03:07:35,954 [6f396628-19e5-4ddc-b9c6-a68c9abd3c36@group-7AC681A6C483:LeaderElection10] INFO  impl.RoleInfo (RoleInfo.java:shutdownLeaderElection(134)) - 6f396628-19e5-4ddc-b9c6-a68c9abd3c36: shutdown LeaderElection
2019-09-24 03:07:35,954 [6f396628-19e5-4ddc-b9c6-a68c9abd3c36@group-7AC681A6C483:LeaderElection10] INFO  impl.RoleInfo (RoleInfo.java:updateAndGet(143)) - 6f396628-19e5-4ddc-b9c6-a68c9abd3c36: start FollowerState
2019-09-24 03:07:35,957 [94573a1c-628f-4691-8f5c-95c4939c988a@group-DFA87D41B1EA:LeaderElection13] INFO  impl.LeaderElection (LeaderElection.java:logAndReturn(56)) - 94573a1c-628f-4691-8f5c-95c4939c988a@group-DFA87D41B1EA:LeaderElection13: Election REJECTED; received 2 response(s) [94573a1c-628f-4691-8f5c-95c4939c988a<-35dcb943-b51f-4692-b68e-28aa3944273c#0:FAIL-t1, 94573a1c-628f-4691-8f5c-95c4939c988a<-cca15b09-5d98-4653-bef1-2fe6a3bc31c5#0:FAIL-t1] and 0 exception(s); 94573a1c-628f-4691-8f5c-95c4939c988a@group-DFA87D41B1EA:t1, leader=null, voted=94573a1c-628f-4691-8f5c-95c4939c988a, raftlog=94573a1c-628f-4691-8f5c-95c4939c988a@group-DFA87D41B1EA-SegmentedRaftLog:OPENED:c-1,f-1,i0, conf=-1: [94573a1c-628f-4691-8f5c-95c4939c988a:192.168.151.121:35729, 35dcb943-b51f-4692-b68e-28aa3944273c:192.168.151.121:35115, cca15b09-5d98-4653-bef1-2fe6a3bc31c5:192.168.151.121:38726], old=null
2019-09-24 03:07:35,957 [94573a1c-628f-4691-8f5c-95c4939c988a@group-DFA87D41B1EA:LeaderElection13] INFO  impl.RaftServerImpl (RaftServerImpl.java:setRole(174)) - 94573a1c-628f-4691-8f5c-95c4939c988a@group-DFA87D41B1EA: changes role from CANDIDATE to FOLLOWER at term 1 for DISCOVERED_A_NEW_TERM
2019-09-24 03:07:35,957 [94573a1c-628f-4691-8f5c-95c4939c988a@group-DFA87D41B1EA:LeaderElection13] INFO  impl.RoleInfo (RoleInfo.java:shutdownLeaderElection(134)) - 94573a1c-628f-4691-8f5c-95c4939c988a: shutdown LeaderElection
2019-09-24 03:07:35,957 [94573a1c-628f-4691-8f5c-95c4939c988a@group-DFA87D41B1EA:LeaderElection13] INFO  impl.RoleInfo (RoleInfo.java:updateAndGet(143)) - 94573a1c-628f-4691-8f5c-95c4939c988a: start FollowerState
2019-09-24 03:07:36,675 [main] INFO  ipc.Client (Client.java:handleConnectionFailure(948)) - Retrying connect to server: localhost/127.0.0.1:0. Already tried 5 time(s); retry policy is RetryUpToMaximumCountWithFixedSleep(maxRetries=10, sleepTime=1000 MILLISECONDS)
2019-09-24 03:07:37,679 [main] INFO  ipc.Client (Client.java:handleConnectionFailure(948)) - Retrying connect to server: localhost/127.0.0.1:0. Already tried 6 time(s); retry policy is RetryUpToMaximumCountWithFixedSleep(maxRetries=10, sleepTime=1000 MILLISECONDS)
2019-09-24 03:07:38,680 [main] INFO  ipc.Client (Client.java:handleConnectionFailure(948)) - Retrying connect to server: localhost/127.0.0.1:0. Already tried 7 time(s); retry policy is RetryUpToMaximumCountWithFixedSleep(maxRetries=10, sleepTime=1000 MILLISECONDS)
2019-09-24 03:07:39,681 [main] INFO  ipc.Client (Client.java:handleConnectionFailure(948)) - Retrying connect to server: localhost/127.0.0.1:0. Already tried 8 time(s); retry policy is RetryUpToMaximumCountWithFixedSleep(maxRetries=10, sleepTime=1000 MILLISECONDS)
2019-09-24 03:07:40,682 [main] INFO  ipc.Client (Client.java:handleConnectionFailure(948)) - Retrying connect to server: localhost/127.0.0.1:0. Already tried 9 time(s); retry policy is RetryUpToMaximumCountWithFixedSleep(maxRetries=10, sleepTime=1000 MILLISECONDS)
2019-09-24 03:07:40,910 [Thread-310] INFO  impl.FollowerState (FollowerState.java:run(106)) - 1c4b9d97-8ee6-4c70-b33d-f77b8a26cbd8:group-7AC681A6C483 changes to CANDIDATE, lastRpcTime:5061, electionTimeout:5060ms
2019-09-24 03:07:40,910 [Thread-310] INFO  impl.RoleInfo (RoleInfo.java:shutdownFollowerState(121)) - 1c4b9d97-8ee6-4c70-b33d-f77b8a26cbd8: shutdown FollowerState
2019-09-24 03:07:40,910 [Thread-310] INFO  impl.RaftServerImpl (RaftServerImpl.java:setRole(174)) - 1c4b9d97-8ee6-4c70-b33d-f77b8a26cbd8@group-7AC681A6C483: changes role from  FOLLOWER to CANDIDATE at term 1 for changeToCandidate
2019-09-24 03:07:40,911 [Thread-310] INFO  impl.RoleInfo (RoleInfo.java:updateAndGet(143)) - 1c4b9d97-8ee6-4c70-b33d-f77b8a26cbd8: start LeaderElection
2019-09-24 03:07:40,930 [1c4b9d97-8ee6-4c70-b33d-f77b8a26cbd8@group-7AC681A6C483:LeaderElection14] INFO  impl.LeaderElection (LeaderElection.java:askForVotes(182)) - 1c4b9d97-8ee6-4c70-b33d-f77b8a26cbd8@group-7AC681A6C483:LeaderElection14: begin an election at term 2 for -1: [e98bfd79-b296-4958-96e0-9f16ad4d3dd7:192.168.151.121:34803, 1c4b9d97-8ee6-4c70-b33d-f77b8a26cbd8:192.168.151.121:33324, 6f396628-19e5-4ddc-b9c6-a68c9abd3c36:192.168.151.121:43628], old=null
2019-09-24 03:07:40,940 [grpc-default-executor-0] INFO  impl.RaftServerImpl (RaftServerImpl.java:setRole(174)) - e98bfd79-b296-4958-96e0-9f16ad4d3dd7@group-7AC681A6C483: changes role from  FOLLOWER to FOLLOWER at term 2 for recognizeCandidate:1c4b9d97-8ee6-4c70-b33d-f77b8a26cbd8
2019-09-24 03:07:40,940 [grpc-default-executor-5] INFO  impl.RaftServerImpl (RaftServerImpl.java:setRole(174)) - 6f396628-19e5-4ddc-b9c6-a68c9abd3c36@group-7AC681A6C483: changes role from  FOLLOWER to FOLLOWER at term 2 for recognizeCandidate:1c4b9d97-8ee6-4c70-b33d-f77b8a26cbd8
2019-09-24 03:07:40,940 [grpc-default-executor-0] INFO  impl.RoleInfo (RoleInfo.java:shutdownFollowerState(121)) - e98bfd79-b296-4958-96e0-9f16ad4d3dd7: shutdown FollowerState
2019-09-24 03:07:40,940 [grpc-default-executor-5] INFO  impl.RoleInfo (RoleInfo.java:shutdownFollowerState(121)) - 6f396628-19e5-4ddc-b9c6-a68c9abd3c36: shutdown FollowerState
2019-09-24 03:07:40,940 [Thread-314] INFO  impl.FollowerState (FollowerState.java:run(115)) - e98bfd79-b296-4958-96e0-9f16ad4d3dd7: FollowerState was interrupted: java.lang.InterruptedException: sleep interrupted
2019-09-24 03:07:40,941 [grpc-default-executor-5] INFO  impl.RoleInfo (RoleInfo.java:updateAndGet(143)) - 6f396628-19e5-4ddc-b9c6-a68c9abd3c36: start FollowerState
2019-09-24 03:07:40,940 [grpc-default-executor-0] INFO  impl.RoleInfo (RoleInfo.java:updateAndGet(143)) - e98bfd79-b296-4958-96e0-9f16ad4d3dd7: start FollowerState
2019-09-24 03:07:40,941 [Thread-316] INFO  impl.FollowerState (FollowerState.java:run(115)) - 6f396628-19e5-4ddc-b9c6-a68c9abd3c36: FollowerState was interrupted: java.lang.InterruptedException: sleep interrupted
2019-09-24 03:07:40,962 [Thread-317] INFO  impl.FollowerState (FollowerState.java:run(106)) - 94573a1c-628f-4691-8f5c-95c4939c988a:group-DFA87D41B1EA changes to CANDIDATE, lastRpcTime:5004, electionTimeout:5004ms
2019-09-24 03:07:40,962 [Thread-317] INFO  impl.RoleInfo (RoleInfo.java:shutdownFollowerState(121)) - 94573a1c-628f-4691-8f5c-95c4939c988a: shutdown FollowerState
2019-09-24 03:07:40,962 [Thread-317] INFO  impl.RaftServerImpl (RaftServerImpl.java:setRole(174)) - 94573a1c-628f-4691-8f5c-95c4939c988a@group-DFA87D41B1EA: changes role from  FOLLOWER to CANDIDATE at term 1 for changeToCandidate
2019-09-24 03:07:40,963 [Thread-317] INFO  impl.RoleInfo (RoleInfo.java:updateAndGet(143)) - 94573a1c-628f-4691-8f5c-95c4939c988a: start LeaderElection
2019-09-24 03:07:40,971 [94573a1c-628f-4691-8f5c-95c4939c988a@group-DFA87D41B1EA:LeaderElection15] INFO  impl.LeaderElection (LeaderElection.java:askForVotes(182)) - 94573a1c-628f-4691-8f5c-95c4939c988a@group-DFA87D41B1EA:LeaderElection15: begin an election at term 2 for -1: [94573a1c-628f-4691-8f5c-95c4939c988a:192.168.151.121:35729, 35dcb943-b51f-4692-b68e-28aa3944273c:192.168.151.121:35115, cca15b09-5d98-4653-bef1-2fe6a3bc31c5:192.168.151.121:38726], old=null
2019-09-24 03:07:40,971 [1c4b9d97-8ee6-4c70-b33d-f77b8a26cbd8@group-7AC681A6C483:LeaderElection14] INFO  impl.LeaderElection (LeaderElection.java:logAndReturn(56)) - 1c4b9d97-8ee6-4c70-b33d-f77b8a26cbd8@group-7AC681A6C483:LeaderElection14: Election PASSED; received 1 response(s) [1c4b9d97-8ee6-4c70-b33d-f77b8a26cbd8<-e98bfd79-b296-4958-96e0-9f16ad4d3dd7#0:OK-t2] and 0 exception(s); 1c4b9d97-8ee6-4c70-b33d-f77b8a26cbd8@group-7AC681A6C483:t2, leader=null, voted=1c4b9d97-8ee6-4c70-b33d-f77b8a26cbd8, raftlog=1c4b9d97-8ee6-4c70-b33d-f77b8a26cbd8@group-7AC681A6C483-SegmentedRaftLog:OPENED:c-1,f-1,i0, conf=-1: [e98bfd79-b296-4958-96e0-9f16ad4d3dd7:192.168.151.121:34803, 1c4b9d97-8ee6-4c70-b33d-f77b8a26cbd8:192.168.151.121:33324, 6f396628-19e5-4ddc-b9c6-a68c9abd3c36:192.168.151.121:43628], old=null
2019-09-24 03:07:40,971 [1c4b9d97-8ee6-4c70-b33d-f77b8a26cbd8@group-7AC681A6C483:LeaderElection14] INFO  impl.RoleInfo (RoleInfo.java:shutdownLeaderElection(134)) - 1c4b9d97-8ee6-4c70-b33d-f77b8a26cbd8: shutdown LeaderElection
2019-09-24 03:07:40,972 [1c4b9d97-8ee6-4c70-b33d-f77b8a26cbd8@group-7AC681A6C483:LeaderElection14] INFO  impl.RaftServerImpl (RaftServerImpl.java:setRole(174)) - 1c4b9d97-8ee6-4c70-b33d-f77b8a26cbd8@group-7AC681A6C483: changes role from CANDIDATE to LEADER at term 2 for changeToLeader
2019-09-24 03:07:40,974 [1c4b9d97-8ee6-4c70-b33d-f77b8a26cbd8@group-7AC681A6C483:LeaderElection14] INFO  impl.RaftServerImpl (ServerState.java:setLeader(253)) - 1c4b9d97-8ee6-4c70-b33d-f77b8a26cbd8@group-7AC681A6C483: change Leader from null to 1c4b9d97-8ee6-4c70-b33d-f77b8a26cbd8 at term 2 for becomeLeader, leader elected after 10534ms
2019-09-24 03:07:40,975 [1c4b9d97-8ee6-4c70-b33d-f77b8a26cbd8@group-7AC681A6C483:LeaderElection14] INFO  server.RaftServerConfigKeys (ConfUtils.java:logGet(43)) - raft.server.staging.catchup.gap = 1000 (default)
2019-09-24 03:07:40,975 [1c4b9d97-8ee6-4c70-b33d-f77b8a26cbd8@group-7AC681A6C483:LeaderElection14] INFO  server.RaftServerConfigKeys (ConfUtils.java:logGet(43)) - raft.server.rpc.sleep.time = 25ms (default)
2019-09-24 03:07:40,975 [1c4b9d97-8ee6-4c70-b33d-f77b8a26cbd8@group-7AC681A6C483:LeaderElection14] INFO  server.RaftServerConfigKeys (ConfUtils.java:logGet(43)) - raft.server.write.element-limit = 4096 (default)
2019-09-24 03:07:40,975 [1c4b9d97-8ee6-4c70-b33d-f77b8a26cbd8@group-7AC681A6C483:LeaderElection14] INFO  server.RaftServerConfigKeys (ConfUtils.java:logGet(43)) - raft.server.watch.timeout = 10s (default)
2019-09-24 03:07:40,975 [1c4b9d97-8ee6-4c70-b33d-f77b8a26cbd8@group-7AC681A6C483:LeaderElection14] INFO  server.RaftServerConfigKeys (ConfUtils.java:logGet(43)) - raft.server.watch.timeout.denomination = 1s (default)
2019-09-24 03:07:40,975 [1c4b9d97-8ee6-4c70-b33d-f77b8a26cbd8@group-7AC681A6C483:LeaderElection14] INFO  server.RaftServerConfigKeys (ConfUtils.java:logGet(43)) - raft.server.watch.element-limit = 65536 (default)
2019-09-24 03:07:40,980 [grpc-default-executor-5] INFO  impl.RaftServerImpl (RaftServerImpl.java:setRole(174)) - cca15b09-5d98-4653-bef1-2fe6a3bc31c5@group-DFA87D41B1EA: changes role from  FOLLOWER to FOLLOWER at term 2 for recognizeCandidate:94573a1c-628f-4691-8f5c-95c4939c988a
2019-09-24 03:07:40,980 [grpc-default-executor-0] INFO  impl.RaftServerImpl (RaftServerImpl.java:setRole(174)) - 35dcb943-b51f-4692-b68e-28aa3944273c@group-DFA87D41B1EA: changes role from  FOLLOWER to FOLLOWER at term 2 for recognizeCandidate:94573a1c-628f-4691-8f5c-95c4939c988a
2019-09-24 03:07:40,982 [grpc-default-executor-5] INFO  impl.RoleInfo (RoleInfo.java:shutdownFollowerState(121)) - cca15b09-5d98-4653-bef1-2fe6a3bc31c5: shutdown FollowerState
2019-09-24 03:07:40,982 [grpc-default-executor-0] INFO  impl.RoleInfo (RoleInfo.java:shutdownFollowerState(121)) - 35dcb943-b51f-4692-b68e-28aa3944273c: shutdown FollowerState
2019-09-24 03:07:40,982 [Thread-313] INFO  impl.FollowerState (FollowerState.java:run(115)) - cca15b09-5d98-4653-bef1-2fe6a3bc31c5: FollowerState was interrupted: java.lang.InterruptedException: sleep interrupted
2019-09-24 03:07:40,982 [grpc-default-executor-5] INFO  impl.RoleInfo (RoleInfo.java:updateAndGet(143)) - cca15b09-5d98-4653-bef1-2fe6a3bc31c5: start FollowerState
2019-09-24 03:07:40,982 [Thread-315] INFO  impl.FollowerState (FollowerState.java:run(115)) - 35dcb943-b51f-4692-b68e-28aa3944273c: FollowerState was interrupted: java.lang.InterruptedException: sleep interrupted
2019-09-24 03:07:40,982 [grpc-default-executor-0] INFO  impl.RoleInfo (RoleInfo.java:updateAndGet(143)) - 35dcb943-b51f-4692-b68e-28aa3944273c: start FollowerState
2019-09-24 03:07:40,987 [1c4b9d97-8ee6-4c70-b33d-f77b8a26cbd8@group-7AC681A6C483:LeaderElection14] INFO  server.RaftServerConfigKeys (ConfUtils.java:logGet(43)) - raft.server.log.appender.snapshot.chunk.size.max = 16MB (=16777216) (default)
2019-09-24 03:07:40,988 [1c4b9d97-8ee6-4c70-b33d-f77b8a26cbd8@group-7AC681A6C483:LeaderElection14] INFO  server.RaftServerConfigKeys (ConfUtils.java:logGet(43)) - raft.server.log.appender.buffer.byte-limit = 33554432 (custom)
2019-09-24 03:07:40,988 [1c4b9d97-8ee6-4c70-b33d-f77b8a26cbd8@group-7AC681A6C483:LeaderElection14] INFO  server.RaftServerConfigKeys (ConfUtils.java:logGet(43)) - raft.server.log.appender.buffer.element-limit = 1 (custom)
2019-09-24 03:07:40,991 [1c4b9d97-8ee6-4c70-b33d-f77b8a26cbd8@group-7AC681A6C483:LeaderElection14] INFO  grpc.GrpcConfigKeys$Server (ConfUtils.java:logGet(43)) - raft.grpc.server.leader.outstanding.appends.max = 128 (default)
2019-09-24 03:07:40,994 [1c4b9d97-8ee6-4c70-b33d-f77b8a26cbd8@group-7AC681A6C483:LeaderElection14] INFO  server.RaftServerConfigKeys (ConfUtils.java:logGet(43)) - raft.server.rpc.request.timeout = 3000ms (default)
2019-09-24 03:07:40,994 [1c4b9d97-8ee6-4c70-b33d-f77b8a26cbd8@group-7AC681A6C483:LeaderElection14] INFO  server.RaftServerConfigKeys (ConfUtils.java:logGet(43)) - raft.server.log.appender.install.snapshot.enabled = false (custom)
2019-09-24 03:07:40,995 [1c4b9d97-8ee6-4c70-b33d-f77b8a26cbd8@group-7AC681A6C483:LeaderElection14] INFO  server.RaftServerConfigKeys (ConfUtils.java:logGet(43)) - raft.server.log.appender.snapshot.chunk.size.max = 16MB (=16777216) (default)
2019-09-24 03:07:40,995 [1c4b9d97-8ee6-4c70-b33d-f77b8a26cbd8@group-7AC681A6C483:LeaderElection14] INFO  server.RaftServerConfigKeys (ConfUtils.java:logGet(43)) - raft.server.log.appender.buffer.byte-limit = 33554432 (custom)
2019-09-24 03:07:40,995 [1c4b9d97-8ee6-4c70-b33d-f77b8a26cbd8@group-7AC681A6C483:LeaderElection14] INFO  server.RaftServerConfigKeys (ConfUtils.java:logGet(43)) - raft.server.log.appender.buffer.element-limit = 1 (custom)
2019-09-24 03:07:40,995 [1c4b9d97-8ee6-4c70-b33d-f77b8a26cbd8@group-7AC681A6C483:LeaderElection14] INFO  grpc.GrpcConfigKeys$Server (ConfUtils.java:logGet(43)) - raft.grpc.server.leader.outstanding.appends.max = 128 (default)
2019-09-24 03:07:40,996 [1c4b9d97-8ee6-4c70-b33d-f77b8a26cbd8@group-7AC681A6C483:LeaderElection14] INFO  server.RaftServerConfigKeys (ConfUtils.java:logGet(43)) - raft.server.rpc.request.timeout = 3000ms (default)
2019-09-24 03:07:40,996 [1c4b9d97-8ee6-4c70-b33d-f77b8a26cbd8@group-7AC681A6C483:LeaderElection14] INFO  server.RaftServerConfigKeys (ConfUtils.java:logGet(43)) - raft.server.log.appender.install.snapshot.enabled = false (custom)
2019-09-24 03:07:40,999 [1c4b9d97-8ee6-4c70-b33d-f77b8a26cbd8@group-7AC681A6C483:LeaderElection14] INFO  impl.RoleInfo (RoleInfo.java:updateAndGet(143)) - 1c4b9d97-8ee6-4c70-b33d-f77b8a26cbd8: start LeaderState
2019-09-24 03:07:40,999 [1c4b9d97-8ee6-4c70-b33d-f77b8a26cbd8@group-7AC681A6C483:LeaderElection14] INFO  segmented.SegmentedRaftLogWorker (SegmentedRaftLogWorker.java:startLogSegment(380)) - 1c4b9d97-8ee6-4c70-b33d-f77b8a26cbd8@group-7AC681A6C483-SegmentedRaftLogWorker: Starting segment from index:0
2019-09-24 03:07:41,000 [1c4b9d97-8ee6-4c70-b33d-f77b8a26cbd8@group-7AC681A6C483:LeaderElection14] INFO  impl.RaftServerImpl (ServerState.java:setRaftConf(354)) - 1c4b9d97-8ee6-4c70-b33d-f77b8a26cbd8@group-7AC681A6C483: set configuration 0: [e98bfd79-b296-4958-96e0-9f16ad4d3dd7:192.168.151.121:34803, 1c4b9d97-8ee6-4c70-b33d-f77b8a26cbd8:192.168.151.121:33324, 6f396628-19e5-4ddc-b9c6-a68c9abd3c36:192.168.151.121:43628], old=null at 0
2019-09-24 03:07:41,033 [94573a1c-628f-4691-8f5c-95c4939c988a@group-DFA87D41B1EA:LeaderElection15] INFO  impl.LeaderElection (LeaderElection.java:logAndReturn(56)) - 94573a1c-628f-4691-8f5c-95c4939c988a@group-DFA87D41B1EA:LeaderElection15: Election PASSED; received 1 response(s) [94573a1c-628f-4691-8f5c-95c4939c988a<-35dcb943-b51f-4692-b68e-28aa3944273c#0:OK-t2] and 0 exception(s); 94573a1c-628f-4691-8f5c-95c4939c988a@group-DFA87D41B1EA:t2, leader=null, voted=94573a1c-628f-4691-8f5c-95c4939c988a, raftlog=94573a1c-628f-4691-8f5c-95c4939c988a@group-DFA87D41B1EA-SegmentedRaftLog:OPENED:c-1,f-1,i0, conf=-1: [94573a1c-628f-4691-8f5c-95c4939c988a:192.168.151.121:35729, 35dcb943-b51f-4692-b68e-28aa3944273c:192.168.151.121:35115, cca15b09-5d98-4653-bef1-2fe6a3bc31c5:192.168.151.121:38726], old=null
2019-09-24 03:07:41,033 [94573a1c-628f-4691-8f5c-95c4939c988a@group-DFA87D41B1EA:LeaderElection15] INFO  impl.RoleInfo (RoleInfo.java:shutdownLeaderElection(134)) - 94573a1c-628f-4691-8f5c-95c4939c988a: shutdown LeaderElection
2019-09-24 03:07:41,036 [94573a1c-628f-4691-8f5c-95c4939c988a@group-DFA87D41B1EA:LeaderElection15] INFO  impl.RaftServerImpl (RaftServerImpl.java:setRole(174)) - 94573a1c-628f-4691-8f5c-95c4939c988a@group-DFA87D41B1EA: changes role from CANDIDATE to LEADER at term 2 for changeToLeader
2019-09-24 03:07:41,036 [94573a1c-628f-4691-8f5c-95c4939c988a@group-DFA87D41B1EA:LeaderElection15] INFO  impl.RaftServerImpl (ServerState.java:setLeader(253)) - 94573a1c-628f-4691-8f5c-95c4939c988a@group-DFA87D41B1EA: change Leader from null to 94573a1c-628f-4691-8f5c-95c4939c988a at term 2 for becomeLeader, leader elected after 10493ms
2019-09-24 03:07:41,036 [94573a1c-628f-4691-8f5c-95c4939c988a@group-DFA87D41B1EA:LeaderElection15] INFO  server.RaftServerConfigKeys (ConfUtils.java:logGet(43)) - raft.server.staging.catchup.gap = 1000 (default)
2019-09-24 03:07:41,036 [94573a1c-628f-4691-8f5c-95c4939c988a@group-DFA87D41B1EA:LeaderElection15] INFO  server.RaftServerConfigKeys (ConfUtils.java:logGet(43)) - raft.server.rpc.sleep.time = 25ms (default)
2019-09-24 03:07:41,037 [94573a1c-628f-4691-8f5c-95c4939c988a@group-DFA87D41B1EA:LeaderElection15] INFO  server.RaftServerConfigKeys (ConfUtils.java:logGet(43)) - raft.server.write.element-limit = 4096 (default)
2019-09-24 03:07:41,037 [94573a1c-628f-4691-8f5c-95c4939c988a@group-DFA87D41B1EA:LeaderElection15] INFO  server.RaftServerConfigKeys (ConfUtils.java:logGet(43)) - raft.server.watch.timeout = 10s (default)
2019-09-24 03:07:41,037 [94573a1c-628f-4691-8f5c-95c4939c988a@group-DFA87D41B1EA:LeaderElection15] INFO  server.RaftServerConfigKeys (ConfUtils.java:logGet(43)) - raft.server.watch.timeout.denomination = 1s (default)
2019-09-24 03:07:41,037 [94573a1c-628f-4691-8f5c-95c4939c988a@group-DFA87D41B1EA:LeaderElection15] INFO  server.RaftServerConfigKeys (ConfUtils.java:logGet(43)) - raft.server.watch.element-limit = 65536 (default)
2019-09-24 03:07:41,040 [94573a1c-628f-4691-8f5c-95c4939c988a@group-DFA87D41B1EA:LeaderElection15] INFO  server.RaftServerConfigKeys (ConfUtils.java:logGet(43)) - raft.server.log.appender.snapshot.chunk.size.max = 16MB (=16777216) (default)
2019-09-24 03:07:41,040 [94573a1c-628f-4691-8f5c-95c4939c988a@group-DFA87D41B1EA:LeaderElection15] INFO  server.RaftServerConfigKeys (ConfUtils.java:logGet(43)) - raft.server.log.appender.buffer.byte-limit = 33554432 (custom)
2019-09-24 03:07:41,040 [94573a1c-628f-4691-8f5c-95c4939c988a@group-DFA87D41B1EA:LeaderElection15] INFO  server.RaftServerConfigKeys (ConfUtils.java:logGet(43)) - raft.server.log.appender.buffer.element-limit = 1 (custom)
2019-09-24 03:07:41,041 [94573a1c-628f-4691-8f5c-95c4939c988a@group-DFA87D41B1EA:LeaderElection15] INFO  grpc.GrpcConfigKeys$Server (ConfUtils.java:logGet(43)) - raft.grpc.server.leader.outstanding.appends.max = 128 (default)
2019-09-24 03:07:41,041 [1c4b9d97-8ee6-4c70-b33d-f77b8a26cbd8@group-7AC681A6C483-SegmentedRaftLogWorker] INFO  segmented.SegmentedRaftLogWorker (SegmentedRaftLogWorker.java:execute(569)) - 1c4b9d97-8ee6-4c70-b33d-f77b8a26cbd8@group-7AC681A6C483-SegmentedRaftLogWorker: created new log segment /workdir/hadoop-ozone/integration-test/target/test-dir/MiniOzoneClusterImpl-3c9a5054-9541-4e02-9581-fea88c10aa6d/datanode-4/data/ratis/bb48a0ae-3de0-4b21-ba8c-7ac681a6c483/current/log_inprogress_0
2019-09-24 03:07:41,043 [94573a1c-628f-4691-8f5c-95c4939c988a@group-DFA87D41B1EA:LeaderElection15] INFO  server.RaftServerConfigKeys (ConfUtils.java:logGet(43)) - raft.server.rpc.request.timeout = 3000ms (default)
2019-09-24 03:07:41,043 [94573a1c-628f-4691-8f5c-95c4939c988a@group-DFA87D41B1EA:LeaderElection15] INFO  server.RaftServerConfigKeys (ConfUtils.java:logGet(43)) - raft.server.log.appender.install.snapshot.enabled = false (custom)
2019-09-24 03:07:41,043 [94573a1c-628f-4691-8f5c-95c4939c988a@group-DFA87D41B1EA:LeaderElection15] INFO  server.RaftServerConfigKeys (ConfUtils.java:logGet(43)) - raft.server.log.appender.snapshot.chunk.size.max = 16MB (=16777216) (default)
2019-09-24 03:07:41,044 [94573a1c-628f-4691-8f5c-95c4939c988a@group-DFA87D41B1EA:LeaderElection15] INFO  server.RaftServerConfigKeys (ConfUtils.java:logGet(43)) - raft.server.log.appender.buffer.byte-limit = 33554432 (custom)
2019-09-24 03:07:41,044 [94573a1c-628f-4691-8f5c-95c4939c988a@group-DFA87D41B1EA:LeaderElection15] INFO  server.RaftServerConfigKeys (ConfUtils.java:logGet(43)) - raft.server.log.appender.buffer.element-limit = 1 (custom)
2019-09-24 03:07:41,044 [94573a1c-628f-4691-8f5c-95c4939c988a@group-DFA87D41B1EA:LeaderElection15] INFO  grpc.GrpcConfigKeys$Server (ConfUtils.java:logGet(43)) - raft.grpc.server.leader.outstanding.appends.max = 128 (default)
2019-09-24 03:07:41,044 [94573a1c-628f-4691-8f5c-95c4939c988a@group-DFA87D41B1EA:LeaderElection15] INFO  server.RaftServerConfigKeys (ConfUtils.java:logGet(43)) - raft.server.rpc.request.timeout = 3000ms (default)
2019-09-24 03:07:41,045 [94573a1c-628f-4691-8f5c-95c4939c988a@group-DFA87D41B1EA:LeaderElection15] INFO  server.RaftServerConfigKeys (ConfUtils.java:logGet(43)) - raft.server.log.appender.install.snapshot.enabled = false (custom)
2019-09-24 03:07:41,045 [94573a1c-628f-4691-8f5c-95c4939c988a@group-DFA87D41B1EA:LeaderElection15] INFO  impl.RoleInfo (RoleInfo.java:updateAndGet(143)) - 94573a1c-628f-4691-8f5c-95c4939c988a: start LeaderState
2019-09-24 03:07:41,045 [94573a1c-628f-4691-8f5c-95c4939c988a@group-DFA87D41B1EA:LeaderElection15] INFO  segmented.SegmentedRaftLogWorker (SegmentedRaftLogWorker.java:startLogSegment(380)) - 94573a1c-628f-4691-8f5c-95c4939c988a@group-DFA87D41B1EA-SegmentedRaftLogWorker: Starting segment from index:0
2019-09-24 03:07:41,046 [94573a1c-628f-4691-8f5c-95c4939c988a@group-DFA87D41B1EA:LeaderElection15] INFO  impl.RaftServerImpl (ServerState.java:setRaftConf(354)) - 94573a1c-628f-4691-8f5c-95c4939c988a@group-DFA87D41B1EA: set configuration 0: [94573a1c-628f-4691-8f5c-95c4939c988a:192.168.151.121:35729, 35dcb943-b51f-4692-b68e-28aa3944273c:192.168.151.121:35115, cca15b09-5d98-4653-bef1-2fe6a3bc31c5:192.168.151.121:38726], old=null at 0
2019-09-24 03:07:41,086 [94573a1c-628f-4691-8f5c-95c4939c988a@group-DFA87D41B1EA-SegmentedRaftLogWorker] INFO  segmented.SegmentedRaftLogWorker (SegmentedRaftLogWorker.java:execute(569)) - 94573a1c-628f-4691-8f5c-95c4939c988a@group-DFA87D41B1EA-SegmentedRaftLogWorker: created new log segment /workdir/hadoop-ozone/integration-test/target/test-dir/MiniOzoneClusterImpl-3c9a5054-9541-4e02-9581-fea88c10aa6d/datanode-1/data/ratis/d0a12fd2-a612-4de5-be24-dfa87d41b1ea/current/log_inprogress_0
2019-09-24 03:07:41,086 [grpc-default-executor-0] INFO  impl.RaftServerImpl (ServerState.java:setLeader(253)) - 6f396628-19e5-4ddc-b9c6-a68c9abd3c36@group-7AC681A6C483: change Leader from null to 1c4b9d97-8ee6-4c70-b33d-f77b8a26cbd8 at term 2 for appendEntries, leader elected after 10646ms
2019-09-24 03:07:41,086 [grpc-default-executor-3] INFO  impl.RaftServerImpl (ServerState.java:setLeader(253)) - 35dcb943-b51f-4692-b68e-28aa3944273c@group-DFA87D41B1EA: change Leader from null to 94573a1c-628f-4691-8f5c-95c4939c988a at term 2 for appendEntries, leader elected after 10544ms
2019-09-24 03:07:41,086 [grpc-default-executor-7] INFO  impl.RaftServerImpl (ServerState.java:setLeader(253)) - cca15b09-5d98-4653-bef1-2fe6a3bc31c5@group-DFA87D41B1EA: change Leader from null to 94573a1c-628f-4691-8f5c-95c4939c988a at term 2 for appendEntries, leader elected after 10544ms
2019-09-24 03:07:41,086 [grpc-default-executor-5] INFO  impl.RaftServerImpl (ServerState.java:setLeader(253)) - e98bfd79-b296-4958-96e0-9f16ad4d3dd7@group-7AC681A6C483: change Leader from null to 1c4b9d97-8ee6-4c70-b33d-f77b8a26cbd8 at term 2 for appendEntries, leader elected after 10646ms
2019-09-24 03:07:41,118 [grpc-default-executor-0] INFO  impl.RaftServerImpl (ServerState.java:setRaftConf(354)) - 6f396628-19e5-4ddc-b9c6-a68c9abd3c36@group-7AC681A6C483: set configuration 0: [e98bfd79-b296-4958-96e0-9f16ad4d3dd7:192.168.151.121:34803, 1c4b9d97-8ee6-4c70-b33d-f77b8a26cbd8:192.168.151.121:33324, 6f396628-19e5-4ddc-b9c6-a68c9abd3c36:192.168.151.121:43628], old=null at 0
2019-09-24 03:07:41,119 [grpc-default-executor-5] INFO  impl.RaftServerImpl (ServerState.java:setRaftConf(354)) - cca15b09-5d98-4653-bef1-2fe6a3bc31c5@group-DFA87D41B1EA: set configuration 0: [94573a1c-628f-4691-8f5c-95c4939c988a:192.168.151.121:35729, 35dcb943-b51f-4692-b68e-28aa3944273c:192.168.151.121:35115, cca15b09-5d98-4653-bef1-2fe6a3bc31c5:192.168.151.121:38726], old=null at 0
2019-09-24 03:07:41,119 [grpc-default-executor-0] INFO  segmented.SegmentedRaftLogWorker (SegmentedRaftLogWorker.java:startLogSegment(380)) - 6f396628-19e5-4ddc-b9c6-a68c9abd3c36@group-7AC681A6C483-SegmentedRaftLogWorker: Starting segment from index:0
2019-09-24 03:07:41,119 [grpc-default-executor-3] INFO  impl.RaftServerImpl (ServerState.java:setRaftConf(354)) - e98bfd79-b296-4958-96e0-9f16ad4d3dd7@group-7AC681A6C483: set configuration 0: [e98bfd79-b296-4958-96e0-9f16ad4d3dd7:192.168.151.121:34803, 1c4b9d97-8ee6-4c70-b33d-f77b8a26cbd8:192.168.151.121:33324, 6f396628-19e5-4ddc-b9c6-a68c9abd3c36:192.168.151.121:43628], old=null at 0
2019-09-24 03:07:41,118 [grpc-default-executor-7] INFO  impl.RaftServerImpl (ServerState.java:setRaftConf(354)) - 35dcb943-b51f-4692-b68e-28aa3944273c@group-DFA87D41B1EA: set configuration 0: [94573a1c-628f-4691-8f5c-95c4939c988a:192.168.151.121:35729, 35dcb943-b51f-4692-b68e-28aa3944273c:192.168.151.121:35115, cca15b09-5d98-4653-bef1-2fe6a3bc31c5:192.168.151.121:38726], old=null at 0
2019-09-24 03:07:41,119 [grpc-default-executor-3] INFO  segmented.SegmentedRaftLogWorker (SegmentedRaftLogWorker.java:startLogSegment(380)) - e98bfd79-b296-4958-96e0-9f16ad4d3dd7@group-7AC681A6C483-SegmentedRaftLogWorker: Starting segment from index:0
2019-09-24 03:07:41,119 [grpc-default-executor-5] INFO  segmented.SegmentedRaftLogWorker (SegmentedRaftLogWorker.java:startLogSegment(380)) - cca15b09-5d98-4653-bef1-2fe6a3bc31c5@group-DFA87D41B1EA-SegmentedRaftLogWorker: Starting segment from index:0
2019-09-24 03:07:41,119 [grpc-default-executor-7] INFO  segmented.SegmentedRaftLogWorker (SegmentedRaftLogWorker.java:startLogSegment(380)) - 35dcb943-b51f-4692-b68e-28aa3944273c@group-DFA87D41B1EA-SegmentedRaftLogWorker: Starting segment from index:0
2019-09-24 03:07:41,163 [6f396628-19e5-4ddc-b9c6-a68c9abd3c36@group-7AC681A6C483-SegmentedRaftLogWorker] INFO  segmented.SegmentedRaftLogWorker (SegmentedRaftLogWorker.java:execute(569)) - 6f396628-19e5-4ddc-b9c6-a68c9abd3c36@group-7AC681A6C483-SegmentedRaftLogWorker: created new log segment /workdir/hadoop-ozone/integration-test/target/test-dir/MiniOzoneClusterImpl-3c9a5054-9541-4e02-9581-fea88c10aa6d/datanode-6/data/ratis/bb48a0ae-3de0-4b21-ba8c-7ac681a6c483/current/log_inprogress_0
2019-09-24 03:07:41,163 [cca15b09-5d98-4653-bef1-2fe6a3bc31c5@group-DFA87D41B1EA-SegmentedRaftLogWorker] INFO  segmented.SegmentedRaftLogWorker (SegmentedRaftLogWorker.java:execute(569)) - cca15b09-5d98-4653-bef1-2fe6a3bc31c5@group-DFA87D41B1EA-SegmentedRaftLogWorker: created new log segment /workdir/hadoop-ozone/integration-test/target/test-dir/MiniOzoneClusterImpl-3c9a5054-9541-4e02-9581-fea88c10aa6d/datanode-5/data/ratis/d0a12fd2-a612-4de5-be24-dfa87d41b1ea/current/log_inprogress_0
2019-09-24 03:07:41,163 [e98bfd79-b296-4958-96e0-9f16ad4d3dd7@group-7AC681A6C483-SegmentedRaftLogWorker] INFO  segmented.SegmentedRaftLogWorker (SegmentedRaftLogWorker.java:execute(569)) - e98bfd79-b296-4958-96e0-9f16ad4d3dd7@group-7AC681A6C483-SegmentedRaftLogWorker: created new log segment /workdir/hadoop-ozone/integration-test/target/test-dir/MiniOzoneClusterImpl-3c9a5054-9541-4e02-9581-fea88c10aa6d/datanode-3/data/ratis/bb48a0ae-3de0-4b21-ba8c-7ac681a6c483/current/log_inprogress_0
2019-09-24 03:07:41,163 [35dcb943-b51f-4692-b68e-28aa3944273c@group-DFA87D41B1EA-SegmentedRaftLogWorker] INFO  segmented.SegmentedRaftLogWorker (SegmentedRaftLogWorker.java:execute(569)) - 35dcb943-b51f-4692-b68e-28aa3944273c@group-DFA87D41B1EA-SegmentedRaftLogWorker: created new log segment /workdir/hadoop-ozone/integration-test/target/test-dir/MiniOzoneClusterImpl-3c9a5054-9541-4e02-9581-fea88c10aa6d/datanode-0/data/ratis/d0a12fd2-a612-4de5-be24-dfa87d41b1ea/current/log_inprogress_0
2019-09-24 03:07:41,686 [main] INFO  ipc.Client (Client.java:handleConnectionFailure(948)) - Retrying connect to server: localhost/127.0.0.1:0. Already tried 0 time(s); retry policy is RetryUpToMaximumCountWithFixedSleep(maxRetries=10, sleepTime=1000 MILLISECONDS)
2019-09-24 03:07:42,687 [main] INFO  ipc.Client (Client.java:handleConnectionFailure(948)) - Retrying connect to server: localhost/127.0.0.1:0. Already tried 1 time(s); retry policy is RetryUpToMaximumCountWithFixedSleep(maxRetries=10, sleepTime=1000 MILLISECONDS)
2019-09-24 03:07:43,689 [main] INFO  ipc.Client (Client.java:handleConnectionFailure(948)) - Retrying connect to server: localhost/127.0.0.1:0. Already tried 2 time(s); retry policy is RetryUpToMaximumCountWithFixedSleep(maxRetries=10, sleepTime=1000 MILLISECONDS)
2019-09-24 03:07:44,690 [main] INFO  ipc.Client (Client.java:handleConnectionFailure(948)) - Retrying connect to server: localhost/127.0.0.1:0. Already tried 3 time(s); retry policy is RetryUpToMaximumCountWithFixedSleep(maxRetries=10, sleepTime=1000 MILLISECONDS)
2019-09-24 03:07:45,692 [main] INFO  ipc.Client (Client.java:handleConnectionFailure(948)) - Retrying connect to server: localhost/127.0.0.1:0. Already tried 4 time(s); retry policy is RetryUpToMaximumCountWithFixedSleep(maxRetries=10, sleepTime=1000 MILLISECONDS)
2019-09-24 03:07:46,693 [main] INFO  ipc.Client (Client.java:handleConnectionFailure(948)) - Retrying connect to server: localhost/127.0.0.1:0. Already tried 5 time(s); retry policy is RetryUpToMaximumCountWithFixedSleep(maxRetries=10, sleepTime=1000 MILLISECONDS)
2019-09-24 03:07:47,695 [main] INFO  ipc.Client (Client.java:handleConnectionFailure(948)) - Retrying connect to server: localhost/127.0.0.1:0. Already tried 6 time(s); retry policy is RetryUpToMaximumCountWithFixedSleep(maxRetries=10, sleepTime=1000 MILLISECONDS)
2019-09-24 03:07:48,700 [main] INFO  ipc.Client (Client.java:handleConnectionFailure(948)) - Retrying connect to server: localhost/127.0.0.1:0. Already tried 7 time(s); retry policy is RetryUpToMaximumCountWithFixedSleep(maxRetries=10, sleepTime=1000 MILLISECONDS)
2019-09-24 03:07:49,701 [main] INFO  ipc.Client (Client.java:handleConnectionFailure(948)) - Retrying connect to server: localhost/127.0.0.1:0. Already tried 8 time(s); retry policy is RetryUpToMaximumCountWithFixedSleep(maxRetries=10, sleepTime=1000 MILLISECONDS)
2019-09-24 03:07:50,702 [main] INFO  ipc.Client (Client.java:handleConnectionFailure(948)) - Retrying connect to server: localhost/127.0.0.1:0. Already tried 9 time(s); retry policy is RetryUpToMaximumCountWithFixedSleep(maxRetries=10, sleepTime=1000 MILLISECONDS)
2019-09-24 03:07:50,703 [main] INFO  retry.RetryInvocationHandler (RetryInvocationHandler.java:log(411)) - com.google.protobuf.ServiceException: java.net.ConnectException: Your endpoint configuration is wrong; For more details see:  http://wiki.apache.org/hadoop/UnsetHostnameOrPort, while invoking $Proxy36.submitRequest over nodeId=null,nodeAddress=127.0.0.1:0 after 1 failover attempts. Trying to failover immediately.
2019-09-24 03:07:51,704 [main] INFO  ipc.Client (Client.java:handleConnectionFailure(948)) - Retrying connect to server: localhost/127.0.0.1:0. Already tried 0 time(s); retry policy is RetryUpToMaximumCountWithFixedSleep(maxRetries=10, sleepTime=1000 MILLISECONDS)
2019-09-24 03:07:52,705 [main] INFO  ipc.Client (Client.java:handleConnectionFailure(948)) - Retrying connect to server: localhost/127.0.0.1:0. Already tried 1 time(s); retry policy is RetryUpToMaximumCountWithFixedSleep(maxRetries=10, sleepTime=1000 MILLISECONDS)
2019-09-24 03:07:53,707 [main] INFO  ipc.Client (Client.java:handleConnectionFailure(948)) - Retrying connect to server: localhost/127.0.0.1:0. Already tried 2 time(s); retry policy is RetryUpToMaximumCountWithFixedSleep(maxRetries=10, sleepTime=1000 MILLISECONDS)
2019-09-24 03:07:54,708 [main] INFO  ipc.Client (Client.java:handleConnectionFailure(948)) - Retrying connect to server: localhost/127.0.0.1:0. Already tried 3 time(s); retry policy is RetryUpToMaximumCountWithFixedSleep(maxRetries=10, sleepTime=1000 MILLISECONDS)
2019-09-24 03:07:55,709 [main] INFO  ipc.Client (Client.java:handleConnectionFailure(948)) - Retrying connect to server: localhost/127.0.0.1:0. Already tried 4 time(s); retry policy is RetryUpToMaximumCountWithFixedSleep(maxRetries=10, sleepTime=1000 MILLISECONDS)
2019-09-24 03:07:56,710 [main] INFO  ipc.Client (Client.java:handleConnectionFailure(948)) - Retrying connect to server: localhost/127.0.0.1:0. Already tried 5 time(s); retry policy is RetryUpToMaximumCountWithFixedSleep(maxRetries=10, sleepTime=1000 MILLISECONDS)
2019-09-24 03:07:57,711 [main] INFO  ipc.Client (Client.java:handleConnectionFailure(948)) - Retrying connect to server: localhost/127.0.0.1:0. Already tried 6 time(s); retry policy is RetryUpToMaximumCountWithFixedSleep(maxRetries=10, sleepTime=1000 MILLISECONDS)
2019-09-24 03:07:58,713 [main] INFO  ipc.Client (Client.java:handleConnectionFailure(948)) - Retrying connect to server: localhost/127.0.0.1:0. Already tried 7 time(s); retry policy is RetryUpToMaximumCountWithFixedSleep(maxRetries=10, sleepTime=1000 MILLISECONDS)
2019-09-24 03:07:59,714 [main] INFO  ipc.Client (Client.java:handleConnectionFailure(948)) - Retrying connect to server: localhost/127.0.0.1:0. Already tried 8 time(s); retry policy is RetryUpToMaximumCountWithFixedSleep(maxRetries=10, sleepTime=1000 MILLISECONDS)
2019-09-24 03:08:00,715 [main] INFO  ipc.Client (Client.java:handleConnectionFailure(948)) - Retrying connect to server: localhost/127.0.0.1:0. Already tried 9 time(s); retry policy is RetryUpToMaximumCountWithFixedSleep(maxRetries=10, sleepTime=1000 MILLISECONDS)
2019-09-24 03:08:00,716 [main] INFO  retry.RetryInvocationHandler (RetryInvocationHandler.java:log(411)) - com.google.protobuf.ServiceException: java.net.ConnectException: Your endpoint configuration is wrong; For more details see:  http://wiki.apache.org/hadoop/UnsetHostnameOrPort, while invoking $Proxy36.submitRequest over nodeId=null,nodeAddress=127.0.0.1:0 after 2 failover attempts. Trying to failover immediately.
2019-09-24 03:08:01,717 [main] INFO  ipc.Client (Client.java:handleConnectionFailure(948)) - Retrying connect to server: localhost/127.0.0.1:0. Already tried 0 time(s); retry policy is RetryUpToMaximumCountWithFixedSleep(maxRetries=10, sleepTime=1000 MILLISECONDS)
2019-09-24 03:08:02,719 [main] INFO  ipc.Client (Client.java:handleConnectionFailure(948)) - Retrying connect to server: localhost/127.0.0.1:0. Already tried 1 time(s); retry policy is RetryUpToMaximumCountWithFixedSleep(maxRetries=10, sleepTime=1000 MILLISECONDS)
2019-09-24 03:08:03,720 [main] INFO  ipc.Client (Client.java:handleConnectionFailure(948)) - Retrying connect to server: localhost/127.0.0.1:0. Already tried 2 time(s); retry policy is RetryUpToMaximumCountWithFixedSleep(maxRetries=10, sleepTime=1000 MILLISECONDS)
2019-09-24 03:08:04,721 [main] INFO  ipc.Client (Client.java:handleConnectionFailure(948)) - Retrying connect to server: localhost/127.0.0.1:0. Already tried 3 time(s); retry policy is RetryUpToMaximumCountWithFixedSleep(maxRetries=10, sleepTime=1000 MILLISECONDS)
2019-09-24 03:08:05,723 [main] INFO  ipc.Client (Client.java:handleConnectionFailure(948)) - Retrying connect to server: localhost/127.0.0.1:0. Already tried 4 time(s); retry policy is RetryUpToMaximumCountWithFixedSleep(maxRetries=10, sleepTime=1000 MILLISECONDS)
2019-09-24 03:08:06,724 [main] INFO  ipc.Client (Client.java:handleConnectionFailure(948)) - Retrying connect to server: localhost/127.0.0.1:0. Already tried 5 time(s); retry policy is RetryUpToMaximumCountWithFixedSleep(maxRetries=10, sleepTime=1000 MILLISECONDS)
2019-09-24 03:08:07,725 [main] INFO  ipc.Client (Client.java:handleConnectionFailure(948)) - Retrying connect to server: localhost/127.0.0.1:0. Already tried 6 time(s); retry policy is RetryUpToMaximumCountWithFixedSleep(maxRetries=10, sleepTime=1000 MILLISECONDS)
2019-09-24 03:08:08,726 [main] INFO  ipc.Client (Client.java:handleConnectionFailure(948)) - Retrying connect to server: localhost/127.0.0.1:0. Already tried 7 time(s); retry policy is RetryUpToMaximumCountWithFixedSleep(maxRetries=10, sleepTime=1000 MILLISECONDS)
2019-09-24 03:08:09,728 [main] INFO  ipc.Client (Client.java:handleConnectionFailure(948)) - Retrying connect to server: localhost/127.0.0.1:0. Already tried 8 time(s); retry policy is RetryUpToMaximumCountWithFixedSleep(maxRetries=10, sleepTime=1000 MILLISECONDS)
2019-09-24 03:08:10,729 [main] INFO  ipc.Client (Client.java:handleConnectionFailure(948)) - Retrying connect to server: localhost/127.0.0.1:0. Already tried 9 time(s); retry policy is RetryUpToMaximumCountWithFixedSleep(maxRetries=10, sleepTime=1000 MILLISECONDS)
2019-09-24 03:08:10,731 [main] INFO  retry.RetryInvocationHandler (RetryInvocationHandler.java:log(411)) - com.google.protobuf.ServiceException: java.net.ConnectException: Your endpoint configuration is wrong; For more details see:  http://wiki.apache.org/hadoop/UnsetHostnameOrPort, while invoking $Proxy36.submitRequest over nodeId=null,nodeAddress=127.0.0.1:0 after 3 failover attempts. Trying to failover immediately.
2019-09-24 03:08:11,732 [main] INFO  ipc.Client (Client.java:handleConnectionFailure(948)) - Retrying connect to server: localhost/127.0.0.1:0. Already tried 0 time(s); retry policy is RetryUpToMaximumCountWithFixedSleep(maxRetries=10, sleepTime=1000 MILLISECONDS)
2019-09-24 03:08:12,733 [main] INFO  ipc.Client (Client.java:handleConnectionFailure(948)) - Retrying connect to server: localhost/127.0.0.1:0. Already tried 1 time(s); retry policy is RetryUpToMaximumCountWithFixedSleep(maxRetries=10, sleepTime=1000 MILLISECONDS)
2019-09-24 03:08:13,734 [main] INFO  ipc.Client (Client.java:handleConnectionFailure(948)) - Retrying connect to server: localhost/127.0.0.1:0. Already tried 2 time(s); retry policy is RetryUpToMaximumCountWithFixedSleep(maxRetries=10, sleepTime=1000 MILLISECONDS)
2019-09-24 03:08:14,735 [main] INFO  ipc.Client (Client.java:handleConnectionFailure(948)) - Retrying connect to server: localhost/127.0.0.1:0. Already tried 3 time(s); retry policy is RetryUpToMaximumCountWithFixedSleep(maxRetries=10, sleepTime=1000 MILLISECONDS)
2019-09-24 03:08:15,737 [main] INFO  ipc.Client (Client.java:handleConnectionFailure(948)) - Retrying connect to server: localhost/127.0.0.1:0. Already tried 4 time(s); retry policy is RetryUpToMaximumCountWithFixedSleep(maxRetries=10, sleepTime=1000 MILLISECONDS)
2019-09-24 03:08:16,738 [main] INFO  ipc.Client (Client.java:handleConnectionFailure(948)) - Retrying connect to server: localhost/127.0.0.1:0. Already tried 5 time(s); retry policy is RetryUpToMaximumCountWithFixedSleep(maxRetries=10, sleepTime=1000 MILLISECONDS)
2019-09-24 03:08:17,739 [main] INFO  ipc.Client (Client.java:handleConnectionFailure(948)) - Retrying connect to server: localhost/127.0.0.1:0. Already tried 6 time(s); retry policy is RetryUpToMaximumCountWithFixedSleep(maxRetries=10, sleepTime=1000 MILLISECONDS)
2019-09-24 03:08:18,740 [main] INFO  ipc.Client (Client.java:handleConnectionFailure(948)) - Retrying connect to server: localhost/127.0.0.1:0. Already tried 7 time(s); retry policy is RetryUpToMaximumCountWithFixedSleep(maxRetries=10, sleepTime=1000 MILLISECONDS)
2019-09-24 03:08:19,741 [main] INFO  ipc.Client (Client.java:handleConnectionFailure(948)) - Retrying connect to server: localhost/127.0.0.1:0. Already tried 8 time(s); retry policy is RetryUpToMaximumCountWithFixedSleep(maxRetries=10, sleepTime=1000 MILLISECONDS)
2019-09-24 03:08:20,743 [main] INFO  ipc.Client (Client.java:handleConnectionFailure(948)) - Retrying connect to server: localhost/127.0.0.1:0. Already tried 9 time(s); retry policy is RetryUpToMaximumCountWithFixedSleep(maxRetries=10, sleepTime=1000 MILLISECONDS)
2019-09-24 03:08:20,744 [main] INFO  retry.RetryInvocationHandler (RetryInvocationHandler.java:log(411)) - com.google.protobuf.ServiceException: java.net.ConnectException: Your endpoint configuration is wrong; For more details see:  http://wiki.apache.org/hadoop/UnsetHostnameOrPort, while invoking $Proxy36.submitRequest over nodeId=null,nodeAddress=127.0.0.1:0 after 4 failover attempts. Trying to failover immediately.
2019-09-24 03:08:21,745 [main] INFO  ipc.Client (Client.java:handleConnectionFailure(948)) - Retrying connect to server: localhost/127.0.0.1:0. Already tried 0 time(s); retry policy is RetryUpToMaximumCountWithFixedSleep(maxRetries=10, sleepTime=1000 MILLISECONDS)
2019-09-24 03:08:22,746 [main] INFO  ipc.Client (Client.java:handleConnectionFailure(948)) - Retrying connect to server: localhost/127.0.0.1:0. Already tried 1 time(s); retry policy is RetryUpToMaximumCountWithFixedSleep(maxRetries=10, sleepTime=1000 MILLISECONDS)
2019-09-24 03:08:23,748 [main] INFO  ipc.Client (Client.java:handleConnectionFailure(948)) - Retrying connect to server: localhost/127.0.0.1:0. Already tried 2 time(s); retry policy is RetryUpToMaximumCountWithFixedSleep(maxRetries=10, sleepTime=1000 MILLISECONDS)
2019-09-24 03:08:24,750 [main] INFO  ipc.Client (Client.java:handleConnectionFailure(948)) - Retrying connect to server: localhost/127.0.0.1:0. Already tried 3 time(s); retry policy is RetryUpToMaximumCountWithFixedSleep(maxRetries=10, sleepTime=1000 MILLISECONDS)
2019-09-24 03:08:25,752 [main] INFO  ipc.Client (Client.java:handleConnectionFailure(948)) - Retrying connect to server: localhost/127.0.0.1:0. Already tried 4 time(s); retry policy is RetryUpToMaximumCountWithFixedSleep(maxRetries=10, sleepTime=1000 MILLISECONDS)
2019-09-24 03:08:26,753 [main] INFO  ipc.Client (Client.java:handleConnectionFailure(948)) - Retrying connect to server: localhost/127.0.0.1:0. Already tried 5 time(s); retry policy is RetryUpToMaximumCountWithFixedSleep(maxRetries=10, sleepTime=1000 MILLISECONDS)
2019-09-24 03:08:27,754 [main] INFO  ipc.Client (Client.java:handleConnectionFailure(948)) - Retrying connect to server: localhost/127.0.0.1:0. Already tried 6 time(s); retry policy is RetryUpToMaximumCountWithFixedSleep(maxRetries=10, sleepTime=1000 MILLISECONDS)
2019-09-24 03:08:28,755 [main] INFO  ipc.Client (Client.java:handleConnectionFailure(948)) - Retrying connect to server: localhost/127.0.0.1:0. Already tried 7 time(s); retry policy is RetryUpToMaximumCountWithFixedSleep(maxRetries=10, sleepTime=1000 MILLISECONDS)
2019-09-24 03:08:29,756 [main] INFO  ipc.Client (Client.java:handleConnectionFailure(948)) - Retrying connect to server: localhost/127.0.0.1:0. Already tried 8 time(s); retry policy is RetryUpToMaximumCountWithFixedSleep(maxRetries=10, sleepTime=1000 MILLISECONDS)
2019-09-24 03:08:30,758 [main] INFO  ipc.Client (Client.java:handleConnectionFailure(948)) - Retrying connect to server: localhost/127.0.0.1:0. Already tried 9 time(s); retry policy is RetryUpToMaximumCountWithFixedSleep(maxRetries=10, sleepTime=1000 MILLISECONDS)
2019-09-24 03:08:30,759 [main] INFO  retry.RetryInvocationHandler (RetryInvocationHandler.java:log(411)) - com.google.protobuf.ServiceException: java.net.ConnectException: Your endpoint configuration is wrong; For more details see:  http://wiki.apache.org/hadoop/UnsetHostnameOrPort, while invoking $Proxy36.submitRequest over nodeId=null,nodeAddress=127.0.0.1:0 after 5 failover attempts. Trying to failover immediately.
2019-09-24 03:08:31,761 [main] INFO  ipc.Client (Client.java:handleConnectionFailure(948)) - Retrying connect to server: localhost/127.0.0.1:0. Already tried 0 time(s); retry policy is RetryUpToMaximumCountWithFixedSleep(maxRetries=10, sleepTime=1000 MILLISECONDS)
2019-09-24 03:08:32,762 [main] INFO  ipc.Client (Client.java:handleConnectionFailure(948)) - Retrying connect to server: localhost/127.0.0.1:0. Already tried 1 time(s); retry policy is RetryUpToMaximumCountWithFixedSleep(maxRetries=10, sleepTime=1000 MILLISECONDS)
2019-09-24 03:08:33,763 [main] INFO  ipc.Client (Client.java:handleConnectionFailure(948)) - Retrying connect to server: localhost/127.0.0.1:0. Already tried 2 time(s); retry policy is RetryUpToMaximumCountWithFixedSleep(maxRetries=10, sleepTime=1000 MILLISECONDS)
2019-09-24 03:08:34,764 [main] INFO  ipc.Client (Client.java:handleConnectionFailure(948)) - Retrying connect to server: localhost/127.0.0.1:0. Already tried 3 time(s); retry policy is RetryUpToMaximumCountWithFixedSleep(maxRetries=10, sleepTime=1000 MILLISECONDS)
2019-09-24 03:08:35,765 [main] INFO  ipc.Client (Client.java:handleConnectionFailure(948)) - Retrying connect to server: localhost/127.0.0.1:0. Already tried 4 time(s); retry policy is RetryUpToMaximumCountWithFixedSleep(maxRetries=10, sleepTime=1000 MILLISECONDS)
2019-09-24 03:08:36,766 [main] INFO  ipc.Client (Client.java:handleConnectionFailure(948)) - Retrying connect to server: localhost/127.0.0.1:0. Already tried 5 time(s); retry policy is RetryUpToMaximumCountWithFixedSleep(maxRetries=10, sleepTime=1000 MILLISECONDS)
2019-09-24 03:08:37,768 [main] INFO  ipc.Client (Client.java:handleConnectionFailure(948)) - Retrying connect to server: localhost/127.0.0.1:0. Already tried 6 time(s); retry policy is RetryUpToMaximumCountWithFixedSleep(maxRetries=10, sleepTime=1000 MILLISECONDS)
2019-09-24 03:08:38,769 [main] INFO  ipc.Client (Client.java:handleConnectionFailure(948)) - Retrying connect to server: localhost/127.0.0.1:0. Already tried 7 time(s); retry policy is RetryUpToMaximumCountWithFixedSleep(maxRetries=10, sleepTime=1000 MILLISECONDS)
2019-09-24 03:08:39,770 [main] INFO  ipc.Client (Client.java:handleConnectionFailure(948)) - Retrying connect to server: localhost/127.0.0.1:0. Already tried 8 time(s); retry policy is RetryUpToMaximumCountWithFixedSleep(maxRetries=10, sleepTime=1000 MILLISECONDS)
2019-09-24 03:08:40,771 [main] INFO  ipc.Client (Client.java:handleConnectionFailure(948)) - Retrying connect to server: localhost/127.0.0.1:0. Already tried 9 time(s); retry policy is RetryUpToMaximumCountWithFixedSleep(maxRetries=10, sleepTime=1000 MILLISECONDS)
2019-09-24 03:08:40,773 [main] INFO  retry.RetryInvocationHandler (RetryInvocationHandler.java:log(411)) - com.google.protobuf.ServiceException: java.net.ConnectException: Your endpoint configuration is wrong; For more details see:  http://wiki.apache.org/hadoop/UnsetHostnameOrPort, while invoking $Proxy36.submitRequest over nodeId=null,nodeAddress=127.0.0.1:0 after 6 failover attempts. Trying to failover immediately.
2019-09-24 03:08:41,774 [main] INFO  ipc.Client (Client.java:handleConnectionFailure(948)) - Retrying connect to server: localhost/127.0.0.1:0. Already tried 0 time(s); retry policy is RetryUpToMaximumCountWithFixedSleep(maxRetries=10, sleepTime=1000 MILLISECONDS)
2019-09-24 03:08:42,776 [main] INFO  ipc.Client (Client.java:handleConnectionFailure(948)) - Retrying connect to server: localhost/127.0.0.1:0. Already tried 1 time(s); retry policy is RetryUpToMaximumCountWithFixedSleep(maxRetries=10, sleepTime=1000 MILLISECONDS)
2019-09-24 03:08:43,778 [main] INFO  ipc.Client (Client.java:handleConnectionFailure(948)) - Retrying connect to server: localhost/127.0.0.1:0. Already tried 2 time(s); retry policy is RetryUpToMaximumCountWithFixedSleep(maxRetries=10, sleepTime=1000 MILLISECONDS)
2019-09-24 03:08:44,780 [main] INFO  ipc.Client (Client.java:handleConnectionFailure(948)) - Retrying connect to server: localhost/127.0.0.1:0. Already tried 3 time(s); retry policy is RetryUpToMaximumCountWithFixedSleep(maxRetries=10, sleepTime=1000 MILLISECONDS)
2019-09-24 03:08:45,781 [main] INFO  ipc.Client (Client.java:handleConnectionFailure(948)) - Retrying connect to server: localhost/127.0.0.1:0. Already tried 4 time(s); retry policy is RetryUpToMaximumCountWithFixedSleep(maxRetries=10, sleepTime=1000 MILLISECONDS)
2019-09-24 03:08:46,782 [main] INFO  ipc.Client (Client.java:handleConnectionFailure(948)) - Retrying connect to server: localhost/127.0.0.1:0. Already tried 5 time(s); retry policy is RetryUpToMaximumCountWithFixedSleep(maxRetries=10, sleepTime=1000 MILLISECONDS)
2019-09-24 03:08:47,783 [main] INFO  ipc.Client (Client.java:handleConnectionFailure(948)) - Retrying connect to server: localhost/127.0.0.1:0. Already tried 6 time(s); retry policy is RetryUpToMaximumCountWithFixedSleep(maxRetries=10, sleepTime=1000 MILLISECONDS)
2019-09-24 03:08:48,784 [main] INFO  ipc.Client (Client.java:handleConnectionFailure(948)) - Retrying connect to server: localhost/127.0.0.1:0. Already tried 7 time(s); retry policy is RetryUpToMaximumCountWithFixedSleep(maxRetries=10, sleepTime=1000 MILLISECONDS)
2019-09-24 03:08:49,785 [main] INFO  ipc.Client (Client.java:handleConnectionFailure(948)) - Retrying connect to server: localhost/127.0.0.1:0. Already tried 8 time(s); retry policy is RetryUpToMaximumCountWithFixedSleep(maxRetries=10, sleepTime=1000 MILLISECONDS)
2019-09-24 03:08:50,787 [main] INFO  ipc.Client (Client.java:handleConnectionFailure(948)) - Retrying connect to server: localhost/127.0.0.1:0. Already tried 9 time(s); retry policy is RetryUpToMaximumCountWithFixedSleep(maxRetries=10, sleepTime=1000 MILLISECONDS)
2019-09-24 03:08:50,788 [main] INFO  retry.RetryInvocationHandler (RetryInvocationHandler.java:log(411)) - com.google.protobuf.ServiceException: java.net.ConnectException: Your endpoint configuration is wrong; For more details see:  http://wiki.apache.org/hadoop/UnsetHostnameOrPort, while invoking $Proxy36.submitRequest over nodeId=null,nodeAddress=127.0.0.1:0 after 7 failover attempts. Trying to failover immediately.
2019-09-24 03:08:51,789 [main] INFO  ipc.Client (Client.java:handleConnectionFailure(948)) - Retrying connect to server: localhost/127.0.0.1:0. Already tried 0 time(s); retry policy is RetryUpToMaximumCountWithFixedSleep(maxRetries=10, sleepTime=1000 MILLISECONDS)
2019-09-24 03:08:52,791 [main] INFO  ipc.Client (Client.java:handleConnectionFailure(948)) - Retrying connect to server: localhost/127.0.0.1:0. Already tried 1 time(s); retry policy is RetryUpToMaximumCountWithFixedSleep(maxRetries=10, sleepTime=1000 MILLISECONDS)
2019-09-24 03:08:53,792 [main] INFO  ipc.Client (Client.java:handleConnectionFailure(948)) - Retrying connect to server: localhost/127.0.0.1:0. Already tried 2 time(s); retry policy is RetryUpToMaximumCountWithFixedSleep(maxRetries=10, sleepTime=1000 MILLISECONDS)
2019-09-24 03:08:54,793 [main] INFO  ipc.Client (Client.java:handleConnectionFailure(948)) - Retrying connect to server: localhost/127.0.0.1:0. Already tried 3 time(s); retry policy is RetryUpToMaximumCountWithFixedSleep(maxRetries=10, sleepTime=1000 MILLISECONDS)
2019-09-24 03:08:55,795 [main] INFO  ipc.Client (Client.java:handleConnectionFailure(948)) - Retrying connect to server: localhost/127.0.0.1:0. Already tried 4 time(s); retry policy is RetryUpToMaximumCountWithFixedSleep(maxRetries=10, sleepTime=1000 MILLISECONDS)
2019-09-24 03:08:56,796 [main] INFO  ipc.Client (Client.java:handleConnectionFailure(948)) - Retrying connect to server: localhost/127.0.0.1:0. Already tried 5 time(s); retry policy is RetryUpToMaximumCountWithFixedSleep(maxRetries=10, sleepTime=1000 MILLISECONDS)
2019-09-24 03:08:57,797 [main] INFO  ipc.Client (Client.java:handleConnectionFailure(948)) - Retrying connect to server: localhost/127.0.0.1:0. Already tried 6 time(s); retry policy is RetryUpToMaximumCountWithFixedSleep(maxRetries=10, sleepTime=1000 MILLISECONDS)
2019-09-24 03:08:58,798 [main] INFO  ipc.Client (Client.java:handleConnectionFailure(948)) - Retrying connect to server: localhost/127.0.0.1:0. Already tried 7 time(s); retry policy is RetryUpToMaximumCountWithFixedSleep(maxRetries=10, sleepTime=1000 MILLISECONDS)
2019-09-24 03:08:59,799 [main] INFO  ipc.Client (Client.java:handleConnectionFailure(948)) - Retrying connect to server: localhost/127.0.0.1:0. Already tried 8 time(s); retry policy is RetryUpToMaximumCountWithFixedSleep(maxRetries=10, sleepTime=1000 MILLISECONDS)
2019-09-24 03:09:00,801 [main] INFO  ipc.Client (Client.java:handleConnectionFailure(948)) - Retrying connect to server: localhost/127.0.0.1:0. Already tried 9 time(s); retry policy is RetryUpToMaximumCountWithFixedSleep(maxRetries=10, sleepTime=1000 MILLISECONDS)
2019-09-24 03:09:00,803 [main] INFO  retry.RetryInvocationHandler (RetryInvocationHandler.java:log(411)) - com.google.protobuf.ServiceException: java.net.ConnectException: Your endpoint configuration is wrong; For more details see:  http://wiki.apache.org/hadoop/UnsetHostnameOrPort, while invoking $Proxy36.submitRequest over nodeId=null,nodeAddress=127.0.0.1:0 after 8 failover attempts. Trying to failover immediately.
2019-09-24 03:09:01,804 [main] INFO  ipc.Client (Client.java:handleConnectionFailure(948)) - Retrying connect to server: localhost/127.0.0.1:0. Already tried 0 time(s); retry policy is RetryUpToMaximumCountWithFixedSleep(maxRetries=10, sleepTime=1000 MILLISECONDS)
2019-09-24 03:09:02,806 [main] INFO  ipc.Client (Client.java:handleConnectionFailure(948)) - Retrying connect to server: localhost/127.0.0.1:0. Already tried 1 time(s); retry policy is RetryUpToMaximumCountWithFixedSleep(maxRetries=10, sleepTime=1000 MILLISECONDS)
2019-09-24 03:09:03,807 [main] INFO  ipc.Client (Client.java:handleConnectionFailure(948)) - Retrying connect to server: localhost/127.0.0.1:0. Already tried 2 time(s); retry policy is RetryUpToMaximumCountWithFixedSleep(maxRetries=10, sleepTime=1000 MILLISECONDS)
2019-09-24 03:09:04,809 [main] INFO  ipc.Client (Client.java:handleConnectionFailure(948)) - Retrying connect to server: localhost/127.0.0.1:0. Already tried 3 time(s); retry policy is RetryUpToMaximumCountWithFixedSleep(maxRetries=10, sleepTime=1000 MILLISECONDS)
2019-09-24 03:09:05,810 [main] INFO  ipc.Client (Client.java:handleConnectionFailure(948)) - Retrying connect to server: localhost/127.0.0.1:0. Already tried 4 time(s); retry policy is RetryUpToMaximumCountWithFixedSleep(maxRetries=10, sleepTime=1000 MILLISECONDS)
2019-09-24 03:09:06,811 [main] INFO  ipc.Client (Client.java:handleConnectionFailure(948)) - Retrying connect to server: localhost/127.0.0.1:0. Already tried 5 time(s); retry policy is RetryUpToMaximumCountWithFixedSleep(maxRetries=10, sleepTime=1000 MILLISECONDS)
2019-09-24 03:09:07,813 [main] INFO  ipc.Client (Client.java:handleConnectionFailure(948)) - Retrying connect to server: localhost/127.0.0.1:0. Already tried 6 time(s); retry policy is RetryUpToMaximumCountWithFixedSleep(maxRetries=10, sleepTime=1000 MILLISECONDS)
2019-09-24 03:09:08,814 [main] INFO  ipc.Client (Client.java:handleConnectionFailure(948)) - Retrying connect to server: localhost/127.0.0.1:0. Already tried 7 time(s); retry policy is RetryUpToMaximumCountWithFixedSleep(maxRetries=10, sleepTime=1000 MILLISECONDS)
2019-09-24 03:09:09,815 [main] INFO  ipc.Client (Client.java:handleConnectionFailure(948)) - Retrying connect to server: localhost/127.0.0.1:0. Already tried 8 time(s); retry policy is RetryUpToMaximumCountWithFixedSleep(maxRetries=10, sleepTime=1000 MILLISECONDS)
2019-09-24 03:09:10,816 [main] INFO  ipc.Client (Client.java:handleConnectionFailure(948)) - Retrying connect to server: localhost/127.0.0.1:0. Already tried 9 time(s); retry policy is RetryUpToMaximumCountWithFixedSleep(maxRetries=10, sleepTime=1000 MILLISECONDS)
2019-09-24 03:09:10,818 [main] INFO  retry.RetryInvocationHandler (RetryInvocationHandler.java:log(411)) - com.google.protobuf.ServiceException: java.net.ConnectException: Your endpoint configuration is wrong; For more details see:  http://wiki.apache.org/hadoop/UnsetHostnameOrPort, while invoking $Proxy36.submitRequest over nodeId=null,nodeAddress=127.0.0.1:0 after 9 failover attempts. Trying to failover immediately.
2019-09-24 03:09:11,819 [main] INFO  ipc.Client (Client.java:handleConnectionFailure(948)) - Retrying connect to server: localhost/127.0.0.1:0. Already tried 0 time(s); retry policy is RetryUpToMaximumCountWithFixedSleep(maxRetries=10, sleepTime=1000 MILLISECONDS)
2019-09-24 03:09:12,820 [main] INFO  ipc.Client (Client.java:handleConnectionFailure(948)) - Retrying connect to server: localhost/127.0.0.1:0. Already tried 1 time(s); retry policy is RetryUpToMaximumCountWithFixedSleep(maxRetries=10, sleepTime=1000 MILLISECONDS)
2019-09-24 03:09:13,822 [main] INFO  ipc.Client (Client.java:handleConnectionFailure(948)) - Retrying connect to server: localhost/127.0.0.1:0. Already tried 2 time(s); retry policy is RetryUpToMaximumCountWithFixedSleep(maxRetries=10, sleepTime=1000 MILLISECONDS)
2019-09-24 03:09:14,823 [main] INFO  ipc.Client (Client.java:handleConnectionFailure(948)) - Retrying connect to server: localhost/127.0.0.1:0. Already tried 3 time(s); retry policy is RetryUpToMaximumCountWithFixedSleep(maxRetries=10, sleepTime=1000 MILLISECONDS)
2019-09-24 03:09:15,825 [main] INFO  ipc.Client (Client.java:handleConnectionFailure(948)) - Retrying connect to server: localhost/127.0.0.1:0. Already tried 4 time(s); retry policy is RetryUpToMaximumCountWithFixedSleep(maxRetries=10, sleepTime=1000 MILLISECONDS)
2019-09-24 03:09:16,826 [main] INFO  ipc.Client (Client.java:handleConnectionFailure(948)) - Retrying connect to server: localhost/127.0.0.1:0. Already tried 5 time(s); retry policy is RetryUpToMaximumCountWithFixedSleep(maxRetries=10, sleepTime=1000 MILLISECONDS)
2019-09-24 03:09:17,827 [main] INFO  ipc.Client (Client.java:handleConnectionFailure(948)) - Retrying connect to server: localhost/127.0.0.1:0. Already tried 6 time(s); retry policy is RetryUpToMaximumCountWithFixedSleep(maxRetries=10, sleepTime=1000 MILLISECONDS)
2019-09-24 03:09:18,828 [main] INFO  ipc.Client (Client.java:handleConnectionFailure(948)) - Retrying connect to server: localhost/127.0.0.1:0. Already tried 7 time(s); retry policy is RetryUpToMaximumCountWithFixedSleep(maxRetries=10, sleepTime=1000 MILLISECONDS)
2019-09-24 03:09:19,829 [main] INFO  ipc.Client (Client.java:handleConnectionFailure(948)) - Retrying connect to server: localhost/127.0.0.1:0. Already tried 8 time(s); retry policy is RetryUpToMaximumCountWithFixedSleep(maxRetries=10, sleepTime=1000 MILLISECONDS)
2019-09-24 03:09:20,831 [main] INFO  ipc.Client (Client.java:handleConnectionFailure(948)) - Retrying connect to server: localhost/127.0.0.1:0. Already tried 9 time(s); retry policy is RetryUpToMaximumCountWithFixedSleep(maxRetries=10, sleepTime=1000 MILLISECONDS)
2019-09-24 03:09:20,834 [main] ERROR ha.OMFailoverProxyProvider (OzoneManagerProtocolClientSideTranslatorPB.java:getRetryAction(268)) - Failed to connect to OM. Attempted 10 retries and 10 failovers
2019-09-24 03:09:20,839 [main] ERROR client.OzoneClientFactory (OzoneClientFactory.java:getClientProtocol(259)) - Couldn't create RpcClient protocol exception: 
java.net.ConnectException: Your endpoint configuration is wrong; For more details see:  http://wiki.apache.org/hadoop/UnsetHostnameOrPort
	at sun.reflect.NativeConstructorAccessorImpl.newInstance0(Native Method)
	at sun.reflect.NativeConstructorAccessorImpl.newInstance(NativeConstructorAccessorImpl.java:62)
	at sun.reflect.DelegatingConstructorAccessorImpl.newInstance(DelegatingConstructorAccessorImpl.java:45)
	at java.lang.reflect.Constructor.newInstance(Constructor.java:423)
	at org.apache.hadoop.net.NetUtils.wrapWithMessage(NetUtils.java:831)
	at org.apache.hadoop.net.NetUtils.wrapException(NetUtils.java:751)
	at org.apache.hadoop.ipc.Client.getRpcResponse(Client.java:1515)
	at org.apache.hadoop.ipc.Client.call(Client.java:1457)
	at org.apache.hadoop.ipc.Client.call(Client.java:1367)
	at org.apache.hadoop.ipc.ProtobufRpcEngine$Invoker.invoke(ProtobufRpcEngine.java:228)
	at org.apache.hadoop.ipc.ProtobufRpcEngine$Invoker.invoke(ProtobufRpcEngine.java:116)
	at com.sun.proxy.$Proxy36.submitRequest(Unknown Source)
	at sun.reflect.NativeMethodAccessorImpl.invoke0(Native Method)
	at sun.reflect.NativeMethodAccessorImpl.invoke(NativeMethodAccessorImpl.java:62)
	at sun.reflect.DelegatingMethodAccessorImpl.invoke(DelegatingMethodAccessorImpl.java:43)
	at java.lang.reflect.Method.invoke(Method.java:498)
	at org.apache.hadoop.io.retry.RetryInvocationHandler.invokeMethod(RetryInvocationHandler.java:422)
	at org.apache.hadoop.io.retry.RetryInvocationHandler$Call.invokeMethod(RetryInvocationHandler.java:165)
	at org.apache.hadoop.io.retry.RetryInvocationHandler$Call.invoke(RetryInvocationHandler.java:157)
	at org.apache.hadoop.io.retry.RetryInvocationHandler$Call.invokeOnce(RetryInvocationHandler.java:95)
	at org.apache.hadoop.io.retry.RetryInvocationHandler.invoke(RetryInvocationHandler.java:359)
	at com.sun.proxy.$Proxy36.submitRequest(Unknown Source)
	at org.apache.hadoop.ozone.om.protocolPB.OzoneManagerProtocolClientSideTranslatorPB.submitRequest(OzoneManagerProtocolClientSideTranslatorPB.java:338)
	at org.apache.hadoop.ozone.om.protocolPB.OzoneManagerProtocolClientSideTranslatorPB.getServiceInfo(OzoneManagerProtocolClientSideTranslatorPB.java:1223)
	at sun.reflect.NativeMethodAccessorImpl.invoke0(Native Method)
	at sun.reflect.NativeMethodAccessorImpl.invoke(NativeMethodAccessorImpl.java:62)
	at sun.reflect.DelegatingMethodAccessorImpl.invoke(DelegatingMethodAccessorImpl.java:43)
	at java.lang.reflect.Method.invoke(Method.java:498)
	at org.apache.hadoop.hdds.tracing.TraceAllMethod.invoke(TraceAllMethod.java:66)
	at com.sun.proxy.$Proxy37.getServiceInfo(Unknown Source)
	at org.apache.hadoop.ozone.client.rpc.RpcClient.<init>(RpcClient.java:154)
	at org.apache.hadoop.ozone.client.OzoneClientFactory.getClientProtocol(OzoneClientFactory.java:256)
	at org.apache.hadoop.ozone.client.OzoneClientFactory.getClientProtocol(OzoneClientFactory.java:239)
	at org.apache.hadoop.ozone.client.OzoneClientFactory.getClient(OzoneClientFactory.java:75)
	at org.apache.hadoop.ozone.client.rpc.TestOzoneClientRetriesOnException.init(TestOzoneClientRetriesOnException.java:102)
	at sun.reflect.NativeMethodAccessorImpl.invoke0(Native Method)
	at sun.reflect.NativeMethodAccessorImpl.invoke(NativeMethodAccessorImpl.java:62)
	at sun.reflect.DelegatingMethodAccessorImpl.invoke(DelegatingMethodAccessorImpl.java:43)
	at java.lang.reflect.Method.invoke(Method.java:498)
	at org.junit.runners.model.FrameworkMethod$1.runReflectiveCall(FrameworkMethod.java:47)
	at org.junit.internal.runners.model.ReflectiveCallable.run(ReflectiveCallable.java:12)
	at org.junit.runners.model.FrameworkMethod.invokeExplosively(FrameworkMethod.java:44)
	at org.junit.internal.runners.statements.RunBefores.evaluate(RunBefores.java:24)
	at org.junit.internal.runners.statements.RunAfters.evaluate(RunAfters.java:27)
	at org.junit.runners.ParentRunner.runLeaf(ParentRunner.java:271)
	at org.junit.runners.BlockJUnit4ClassRunner.runChild(BlockJUnit4ClassRunner.java:70)
	at org.junit.runners.BlockJUnit4ClassRunner.runChild(BlockJUnit4ClassRunner.java:50)
	at org.junit.runners.ParentRunner$3.run(ParentRunner.java:238)
	at org.junit.runners.ParentRunner$1.schedule(ParentRunner.java:63)
	at org.junit.runners.ParentRunner.runChildren(ParentRunner.java:236)
	at org.junit.runners.ParentRunner.access$000(ParentRunner.java:53)
	at org.junit.runners.ParentRunner$2.evaluate(ParentRunner.java:229)
	at org.junit.runners.ParentRunner.run(ParentRunner.java:309)
	at org.apache.maven.surefire.junit4.JUnit4Provider.execute(JUnit4Provider.java:365)
	at org.apache.maven.surefire.junit4.JUnit4Provider.executeWithRerun(JUnit4Provider.java:273)
	at org.apache.maven.surefire.junit4.JUnit4Provider.executeTestSet(JUnit4Provider.java:238)
	at org.apache.maven.surefire.junit4.JUnit4Provider.invoke(JUnit4Provider.java:159)
	at org.apache.maven.surefire.booter.ForkedBooter.invokeProviderInSameClassLoader(ForkedBooter.java:384)
	at org.apache.maven.surefire.booter.ForkedBooter.runSuitesInProcess(ForkedBooter.java:345)
	at org.apache.maven.surefire.booter.ForkedBooter.execute(ForkedBooter.java:126)
	at org.apache.maven.surefire.booter.ForkedBooter.main(ForkedBooter.java:418)
Caused by: java.net.ConnectException: Connection refused
	at sun.nio.ch.SocketChannelImpl.checkConnect(Native Method)
	at sun.nio.ch.SocketChannelImpl.finishConnect(SocketChannelImpl.java:717)
	at org.apache.hadoop.net.SocketIOWithTimeout.connect(SocketIOWithTimeout.java:206)
	at org.apache.hadoop.net.NetUtils.connect(NetUtils.java:531)
	at org.apache.hadoop.ipc.Client$Connection.setupConnection(Client.java:690)
	at org.apache.hadoop.ipc.Client$Connection.setupIOstreams(Client.java:794)
	at org.apache.hadoop.ipc.Client$Connection.access$3700(Client.java:411)
	at org.apache.hadoop.ipc.Client.getConnection(Client.java:1572)
	at org.apache.hadoop.ipc.Client.call(Client.java:1403)
	... 53 more
2019-09-24 03:09:20,844 [main] INFO  ozone.MiniOzoneClusterImpl (MiniOzoneClusterImpl.java:shutdown(314)) - Shutting down the Mini Ozone Cluster
2019-09-24 03:09:20,845 [main] INFO  ozone.MiniOzoneClusterImpl (MiniOzoneClusterImpl.java:stop(330)) - Stopping the Mini Ozone Cluster
2019-09-24 03:09:20,845 [main] INFO  ozone.MiniOzoneClusterImpl (MiniOzoneClusterImpl.java:stopOM(400)) - Stopping the OzoneManager
2019-09-24 03:09:20,845 [main] INFO  ipc.Server (Server.java:stop(3082)) - Stopping server on 42541
2019-09-24 03:09:20,847 [IPC Server listener on 42541] INFO  ipc.Server (Server.java:run(1185)) - Stopping IPC Server listener on 42541
2019-09-24 03:09:20,847 [main] INFO  ratis.OzoneManagerDoubleBuffer (OzoneManagerDoubleBuffer.java:stop(248)) - Stopping OMDoubleBuffer flush thread
2019-09-24 03:09:20,848 [IPC Server Responder] INFO  ipc.Server (Server.java:run(1319)) - Stopping IPC Server Responder
2019-09-24 03:09:20,849 [OMDoubleBufferFlushThread] INFO  ratis.OzoneManagerDoubleBuffer (OzoneManagerDoubleBuffer.java:flushTransactions(191)) - OMDoubleBuffer flush thread OMDoubleBufferFlushThread is interrupted and will exit. OMDoubleBufferFlushThread
2019-09-24 03:09:20,850 [main] INFO  utils.BackgroundService (BackgroundService.java:shutdown(148)) - Shutting down service KeyDeletingService
2019-09-24 03:09:20,858 [main] INFO  handler.ContextHandler (ContextHandler.java:doStop(910)) - Stopped o.e.j.w.WebAppContext@353efdbf{/,null,UNAVAILABLE}{/ozoneManager}
2019-09-24 03:09:20,867 [main] INFO  server.AbstractConnector (AbstractConnector.java:doStop(318)) - Stopped ServerConnector@55cff952{HTTP/1.1,[http/1.1]}{0.0.0.0:0}
2019-09-24 03:09:20,867 [main] INFO  handler.ContextHandler (ContextHandler.java:doStop(910)) - Stopped o.e.j.s.ServletContextHandler@3eed0f5{/static,file:///workdir/hadoop-ozone/integration-test/target/test-classes/webapps/static,UNAVAILABLE}
2019-09-24 03:09:20,868 [main] INFO  handler.ContextHandler (ContextHandler.java:doStop(910)) - Stopped o.e.j.s.ServletContextHandler@989da1{/logs,file:///workdir/hadoop-ozone/integration-test/target/log,UNAVAILABLE}
2019-09-24 03:09:20,875 [main] INFO  ozone.MiniOzoneClusterImpl (MiniOzoneClusterImpl.java:stopDatanodes(377)) - Stopping the HddsDatanodes
2019-09-24 03:09:21,193 [Datanode State Machine Thread - 0] INFO  statemachine.DatanodeStateMachine (DatanodeStateMachine.java:lambda$startDaemon$0(350)) - Ozone container server started.
2019-09-24 03:09:21,211 [Datanode State Machine Thread - 0] INFO  statemachine.DatanodeStateMachine (DatanodeStateMachine.java:lambda$startDaemon$0(350)) - Ozone container server started.
2019-09-24 03:09:25,878 [main] INFO  ozoneimpl.OzoneContainer (OzoneContainer.java:stop(231)) - Attempting to stop container services.
2019-09-24 03:09:25,878 [ForkJoinPool.commonPool-worker-0] INFO  ozoneimpl.OzoneContainer (OzoneContainer.java:stop(231)) - Attempting to stop container services.
2019-09-24 03:09:25,880 [main] INFO  impl.RaftServerProxy (RaftServerProxy.java:lambda$close$4(314)) - 1c4b9d97-8ee6-4c70-b33d-f77b8a26cbd8: close
2019-09-24 03:09:25,880 [ForkJoinPool.commonPool-worker-0] INFO  impl.RaftServerProxy (RaftServerProxy.java:lambda$close$4(314)) - 94573a1c-628f-4691-8f5c-95c4939c988a: close
2019-09-24 03:09:25,883 [main] INFO  impl.RaftServerImpl (RaftServerImpl.java:lambda$shutdown$3(251)) - 1c4b9d97-8ee6-4c70-b33d-f77b8a26cbd8@group-7AC681A6C483: shutdown
2019-09-24 03:09:25,883 [ForkJoinPool.commonPool-worker-0] INFO  impl.RaftServerImpl (RaftServerImpl.java:lambda$shutdown$3(251)) - 94573a1c-628f-4691-8f5c-95c4939c988a@group-DFA87D41B1EA: shutdown
2019-09-24 03:09:25,883 [main] INFO  util.JmxRegister (JmxRegister.java:unregister(73)) - Successfully un-registered JMX Bean with object name Ratis:service=RaftServer,group=group-7AC681A6C483,id=1c4b9d97-8ee6-4c70-b33d-f77b8a26cbd8
2019-09-24 03:09:25,884 [ForkJoinPool.commonPool-worker-0] INFO  util.JmxRegister (JmxRegister.java:unregister(73)) - Successfully un-registered JMX Bean with object name Ratis:service=RaftServer,group=group-DFA87D41B1EA,id=94573a1c-628f-4691-8f5c-95c4939c988a
2019-09-24 03:09:25,884 [main] INFO  impl.RoleInfo (RoleInfo.java:shutdownLeaderState(104)) - 1c4b9d97-8ee6-4c70-b33d-f77b8a26cbd8: shutdown LeaderState
2019-09-24 03:09:25,884 [ForkJoinPool.commonPool-worker-0] INFO  impl.RoleInfo (RoleInfo.java:shutdownLeaderState(104)) - 94573a1c-628f-4691-8f5c-95c4939c988a: shutdown LeaderState
2019-09-24 03:09:25,890 [org.apache.ratis.server.impl.LogAppender$AppenderDaemon$$Lambda$416/65499852@5bca393f] WARN  server.GrpcLogAppender (GrpcLogAppender.java:mayWait(143)) - 1c4b9d97-8ee6-4c70-b33d-f77b8a26cbd8@group-7AC681A6C483->e98bfd79-b296-4958-96e0-9f16ad4d3dd7-GrpcLogAppender: Wait interrupted by java.lang.InterruptedException
2019-09-24 03:09:25,890 [org.apache.ratis.server.impl.LogAppender$AppenderDaemon$$Lambda$416/65499852@64c82e8c] WARN  server.GrpcLogAppender (GrpcLogAppender.java:mayWait(143)) - 1c4b9d97-8ee6-4c70-b33d-f77b8a26cbd8@group-7AC681A6C483->6f396628-19e5-4ddc-b9c6-a68c9abd3c36-GrpcLogAppender: Wait interrupted by java.lang.InterruptedException
2019-09-24 03:09:25,893 [org.apache.ratis.server.impl.LogAppender$AppenderDaemon$$Lambda$416/65499852@7d36dac9] WARN  server.GrpcLogAppender (GrpcLogAppender.java:mayWait(143)) - 94573a1c-628f-4691-8f5c-95c4939c988a@group-DFA87D41B1EA->35dcb943-b51f-4692-b68e-28aa3944273c-GrpcLogAppender: Wait interrupted by java.lang.InterruptedException
2019-09-24 03:09:25,895 [org.apache.ratis.server.impl.LogAppender$AppenderDaemon$$Lambda$416/65499852@2eef3f54] WARN  server.GrpcLogAppender (GrpcLogAppender.java:mayWait(143)) - 94573a1c-628f-4691-8f5c-95c4939c988a@group-DFA87D41B1EA->cca15b09-5d98-4653-bef1-2fe6a3bc31c5-GrpcLogAppender: Wait interrupted by java.lang.InterruptedException
2019-09-24 03:09:25,895 [ForkJoinPool.commonPool-worker-0] INFO  impl.PendingRequests (PendingRequests.java:sendNotLeaderResponses(202)) - 94573a1c-628f-4691-8f5c-95c4939c988a-PendingRequests: sendNotLeaderResponses
2019-09-24 03:09:25,895 [main] INFO  impl.PendingRequests (PendingRequests.java:sendNotLeaderResponses(202)) - 1c4b9d97-8ee6-4c70-b33d-f77b8a26cbd8-PendingRequests: sendNotLeaderResponses
2019-09-24 03:09:25,902 [grpc-default-executor-5] INFO  server.GrpcServerProtocolService (GrpcServerProtocolService.java:onCompleted(113)) - e98bfd79-b296-4958-96e0-9f16ad4d3dd7: Completed APPEND_ENTRIES, lastRequest: 1c4b9d97-8ee6-4c70-b33d-f77b8a26cbd8->e98bfd79-b296-4958-96e0-9f16ad4d3dd7#42-t2, previous=(t:2, i:0), leaderCommit=0, initializing? false, entries: <empty>
2019-09-24 03:09:25,904 [grpc-default-executor-0] INFO  server.GrpcServerProtocolService (GrpcServerProtocolService.java:onCompleted(113)) - 6f396628-19e5-4ddc-b9c6-a68c9abd3c36: Completed APPEND_ENTRIES, lastRequest: 1c4b9d97-8ee6-4c70-b33d-f77b8a26cbd8->6f396628-19e5-4ddc-b9c6-a68c9abd3c36#42-t2, previous=(t:2, i:0), leaderCommit=0, initializing? false, entries: <empty>
2019-09-24 03:09:25,904 [grpc-default-executor-7] INFO  server.GrpcServerProtocolService (GrpcServerProtocolService.java:onCompleted(113)) - cca15b09-5d98-4653-bef1-2fe6a3bc31c5: Completed APPEND_ENTRIES, lastRequest: 94573a1c-628f-4691-8f5c-95c4939c988a->cca15b09-5d98-4653-bef1-2fe6a3bc31c5#42-t2, previous=(t:2, i:0), leaderCommit=0, initializing? false, entries: <empty>
2019-09-24 03:09:25,902 [grpc-default-executor-3] INFO  server.GrpcServerProtocolService (GrpcServerProtocolService.java:onCompleted(113)) - 35dcb943-b51f-4692-b68e-28aa3944273c: Completed APPEND_ENTRIES, lastRequest: 94573a1c-628f-4691-8f5c-95c4939c988a->35dcb943-b51f-4692-b68e-28aa3944273c#42-t2, previous=(t:2, i:0), leaderCommit=0, initializing? false, entries: <empty>
2019-09-24 03:09:25,906 [ForkJoinPool.commonPool-worker-0] INFO  impl.StateMachineUpdater (StateMachineUpdater.java:stopAndJoin(125)) - 94573a1c-628f-4691-8f5c-95c4939c988a@group-DFA87D41B1EA-StateMachineUpdater: set stopIndex = 0
2019-09-24 03:09:25,906 [main] INFO  impl.StateMachineUpdater (StateMachineUpdater.java:stopAndJoin(125)) - 1c4b9d97-8ee6-4c70-b33d-f77b8a26cbd8@group-7AC681A6C483-StateMachineUpdater: set stopIndex = 0
2019-09-24 03:09:25,911 [grpc-default-executor-3] INFO  server.GrpcLogAppender (GrpcLogAppender.java:onCompleted(293)) - 1c4b9d97-8ee6-4c70-b33d-f77b8a26cbd8@group-7AC681A6C483->e98bfd79-b296-4958-96e0-9f16ad4d3dd7-AppendLogResponseHandler: follower responses appendEntries COMPLETED
2019-09-24 03:09:25,911 [grpc-default-executor-7] INFO  server.GrpcLogAppender (GrpcLogAppender.java:onCompleted(293)) - 1c4b9d97-8ee6-4c70-b33d-f77b8a26cbd8@group-7AC681A6C483->6f396628-19e5-4ddc-b9c6-a68c9abd3c36-AppendLogResponseHandler: follower responses appendEntries COMPLETED
2019-09-24 03:09:25,915 [grpc-default-executor-8] INFO  server.GrpcLogAppender (GrpcLogAppender.java:onCompleted(293)) - 94573a1c-628f-4691-8f5c-95c4939c988a@group-DFA87D41B1EA->cca15b09-5d98-4653-bef1-2fe6a3bc31c5-AppendLogResponseHandler: follower responses appendEntries COMPLETED
2019-09-24 03:09:25,915 [grpc-default-executor-9] INFO  server.GrpcLogAppender (GrpcLogAppender.java:onCompleted(293)) - 94573a1c-628f-4691-8f5c-95c4939c988a@group-DFA87D41B1EA->35dcb943-b51f-4692-b68e-28aa3944273c-AppendLogResponseHandler: follower responses appendEntries COMPLETED
2019-09-24 03:09:25,913 [ForkJoinPool.commonPool-worker-0] INFO  impl.RaftServerImpl (ServerState.java:close(385)) - 94573a1c-628f-4691-8f5c-95c4939c988a@group-DFA87D41B1EA: closes. applyIndex: 0
2019-09-24 03:09:25,923 [grpc-default-executor-3] INFO  impl.FollowerInfo (FollowerInfo.java:lambda$new$0(51)) - 1c4b9d97-8ee6-4c70-b33d-f77b8a26cbd8@group-7AC681A6C483->e98bfd79-b296-4958-96e0-9f16ad4d3dd7: nextIndex: updateUnconditionally 1 -> 0
2019-09-24 03:09:25,913 [main] INFO  impl.RaftServerImpl (ServerState.java:close(385)) - 1c4b9d97-8ee6-4c70-b33d-f77b8a26cbd8@group-7AC681A6C483: closes. applyIndex: 0
2019-09-24 03:09:25,926 [grpc-default-executor-9] INFO  impl.FollowerInfo (FollowerInfo.java:lambda$new$0(51)) - 94573a1c-628f-4691-8f5c-95c4939c988a@group-DFA87D41B1EA->35dcb943-b51f-4692-b68e-28aa3944273c: nextIndex: updateUnconditionally 1 -> 0
2019-09-24 03:09:25,923 [grpc-default-executor-8] INFO  impl.FollowerInfo (FollowerInfo.java:lambda$new$0(51)) - 94573a1c-628f-4691-8f5c-95c4939c988a@group-DFA87D41B1EA->cca15b09-5d98-4653-bef1-2fe6a3bc31c5: nextIndex: updateUnconditionally 1 -> 0
2019-09-24 03:09:25,923 [grpc-default-executor-7] INFO  impl.FollowerInfo (FollowerInfo.java:lambda$new$0(51)) - 1c4b9d97-8ee6-4c70-b33d-f77b8a26cbd8@group-7AC681A6C483->6f396628-19e5-4ddc-b9c6-a68c9abd3c36: nextIndex: updateUnconditionally 1 -> 0
2019-09-24 03:09:25,927 [94573a1c-628f-4691-8f5c-95c4939c988a@group-DFA87D41B1EA-SegmentedRaftLogWorker] INFO  segmented.SegmentedRaftLogWorker (SegmentedRaftLogWorker.java:run(313)) - 94573a1c-628f-4691-8f5c-95c4939c988a@group-DFA87D41B1EA-SegmentedRaftLogWorker was interrupted, exiting. There are 0 tasks remaining in the queue.
2019-09-24 03:09:25,927 [1c4b9d97-8ee6-4c70-b33d-f77b8a26cbd8@group-7AC681A6C483-SegmentedRaftLogWorker] INFO  segmented.SegmentedRaftLogWorker (SegmentedRaftLogWorker.java:run(313)) - 1c4b9d97-8ee6-4c70-b33d-f77b8a26cbd8@group-7AC681A6C483-SegmentedRaftLogWorker was interrupted, exiting. There are 0 tasks remaining in the queue.
2019-09-24 03:09:25,932 [main] INFO  segmented.SegmentedRaftLogWorker (SegmentedRaftLogWorker.java:close(228)) - 1c4b9d97-8ee6-4c70-b33d-f77b8a26cbd8@group-7AC681A6C483-SegmentedRaftLogWorker close()
2019-09-24 03:09:25,932 [ForkJoinPool.commonPool-worker-0] INFO  segmented.SegmentedRaftLogWorker (SegmentedRaftLogWorker.java:close(228)) - 94573a1c-628f-4691-8f5c-95c4939c988a@group-DFA87D41B1EA-SegmentedRaftLogWorker close()
2019-09-24 03:09:25,938 [main] INFO  impl.RaftServerImpl (RaftServerImpl.java:lambda$shutdown$3(251)) - 1c4b9d97-8ee6-4c70-b33d-f77b8a26cbd8@group-FAB36001F4DF: shutdown
2019-09-24 03:09:25,938 [ForkJoinPool.commonPool-worker-0] INFO  impl.RaftServerImpl (RaftServerImpl.java:lambda$shutdown$3(251)) - 94573a1c-628f-4691-8f5c-95c4939c988a@group-9A9AC50D5595: shutdown
2019-09-24 03:09:25,939 [main] INFO  util.JmxRegister (JmxRegister.java:unregister(73)) - Successfully un-registered JMX Bean with object name Ratis:service=RaftServer,group=group-FAB36001F4DF,id=1c4b9d97-8ee6-4c70-b33d-f77b8a26cbd8
2019-09-24 03:09:25,939 [ForkJoinPool.commonPool-worker-0] INFO  util.JmxRegister (JmxRegister.java:unregister(73)) - Successfully un-registered JMX Bean with object name Ratis:service=RaftServer,group=group-9A9AC50D5595,id=94573a1c-628f-4691-8f5c-95c4939c988a
2019-09-24 03:09:25,939 [main] INFO  impl.RoleInfo (RoleInfo.java:shutdownLeaderState(104)) - 1c4b9d97-8ee6-4c70-b33d-f77b8a26cbd8: shutdown LeaderState
2019-09-24 03:09:25,939 [ForkJoinPool.commonPool-worker-0] INFO  impl.RoleInfo (RoleInfo.java:shutdownLeaderState(104)) - 94573a1c-628f-4691-8f5c-95c4939c988a: shutdown LeaderState
2019-09-24 03:09:25,940 [ForkJoinPool.commonPool-worker-0] INFO  impl.PendingRequests (PendingRequests.java:sendNotLeaderResponses(202)) - 94573a1c-628f-4691-8f5c-95c4939c988a-PendingRequests: sendNotLeaderResponses
2019-09-24 03:09:25,940 [main] INFO  impl.PendingRequests (PendingRequests.java:sendNotLeaderResponses(202)) - 1c4b9d97-8ee6-4c70-b33d-f77b8a26cbd8-PendingRequests: sendNotLeaderResponses
2019-09-24 03:09:25,940 [ForkJoinPool.commonPool-worker-0] INFO  impl.StateMachineUpdater (StateMachineUpdater.java:stopAndJoin(125)) - 94573a1c-628f-4691-8f5c-95c4939c988a@group-9A9AC50D5595-StateMachineUpdater: set stopIndex = 0
2019-09-24 03:09:25,941 [main] INFO  impl.StateMachineUpdater (StateMachineUpdater.java:stopAndJoin(125)) - 1c4b9d97-8ee6-4c70-b33d-f77b8a26cbd8@group-FAB36001F4DF-StateMachineUpdater: set stopIndex = 0
2019-09-24 03:09:25,941 [ForkJoinPool.commonPool-worker-0] INFO  impl.RaftServerImpl (ServerState.java:close(385)) - 94573a1c-628f-4691-8f5c-95c4939c988a@group-9A9AC50D5595: closes. applyIndex: 0
2019-09-24 03:09:25,941 [main] INFO  impl.RaftServerImpl (ServerState.java:close(385)) - 1c4b9d97-8ee6-4c70-b33d-f77b8a26cbd8@group-FAB36001F4DF: closes. applyIndex: 0
2019-09-24 03:09:25,941 [94573a1c-628f-4691-8f5c-95c4939c988a@group-9A9AC50D5595-SegmentedRaftLogWorker] INFO  segmented.SegmentedRaftLogWorker (SegmentedRaftLogWorker.java:run(313)) - 94573a1c-628f-4691-8f5c-95c4939c988a@group-9A9AC50D5595-SegmentedRaftLogWorker was interrupted, exiting. There are 0 tasks remaining in the queue.
2019-09-24 03:09:25,942 [1c4b9d97-8ee6-4c70-b33d-f77b8a26cbd8@group-FAB36001F4DF-SegmentedRaftLogWorker] INFO  segmented.SegmentedRaftLogWorker (SegmentedRaftLogWorker.java:run(313)) - 1c4b9d97-8ee6-4c70-b33d-f77b8a26cbd8@group-FAB36001F4DF-SegmentedRaftLogWorker was interrupted, exiting. There are 0 tasks remaining in the queue.
2019-09-24 03:09:25,945 [ForkJoinPool.commonPool-worker-0] INFO  segmented.SegmentedRaftLogWorker (SegmentedRaftLogWorker.java:close(228)) - 94573a1c-628f-4691-8f5c-95c4939c988a@group-9A9AC50D5595-SegmentedRaftLogWorker close()
2019-09-24 03:09:25,947 [main] INFO  segmented.SegmentedRaftLogWorker (SegmentedRaftLogWorker.java:close(228)) - 1c4b9d97-8ee6-4c70-b33d-f77b8a26cbd8@group-FAB36001F4DF-SegmentedRaftLogWorker close()
2019-09-24 03:09:25,955 [main] INFO  server.GrpcService (GrpcService.java:closeImpl(164)) - 1c4b9d97-8ee6-4c70-b33d-f77b8a26cbd8: shutdown server with port 33324 now
2019-09-24 03:09:25,955 [ForkJoinPool.commonPool-worker-0] INFO  server.GrpcService (GrpcService.java:closeImpl(164)) - 94573a1c-628f-4691-8f5c-95c4939c988a: shutdown server with port 35729 now
2019-09-24 03:09:25,961 [ForkJoinPool.commonPool-worker-0] INFO  server.GrpcService (GrpcService.java:closeImpl(172)) - 94573a1c-628f-4691-8f5c-95c4939c988a: shutdown server with port 35729 successfully
2019-09-24 03:09:25,965 [main] INFO  server.GrpcService (GrpcService.java:closeImpl(172)) - 1c4b9d97-8ee6-4c70-b33d-f77b8a26cbd8: shutdown server with port 33324 successfully
2019-09-24 03:09:25,969 [refreshUsed-/workdir/hadoop-ozone/integration-test/target/test-dir/MiniOzoneClusterImpl-3c9a5054-9541-4e02-9581-fea88c10aa6d/datanode-1/data/containers] WARN  fs.CachingGetSpaceUsed (CachingGetSpaceUsed.java:run(183)) - Thread Interrupted waiting to refresh disk information: sleep interrupted
2019-09-24 03:09:25,974 [refreshUsed-/workdir/hadoop-ozone/integration-test/target/test-dir/MiniOzoneClusterImpl-3c9a5054-9541-4e02-9581-fea88c10aa6d/datanode-4/data/containers] WARN  fs.CachingGetSpaceUsed (CachingGetSpaceUsed.java:run(183)) - Thread Interrupted waiting to refresh disk information: sleep interrupted
2019-09-24 03:09:25,992 [ForkJoinPool.commonPool-worker-0] INFO  utils.BackgroundService (BackgroundService.java:shutdown(148)) - Shutting down service BlockDeletingService
2019-09-24 03:09:25,992 [main] INFO  utils.BackgroundService (BackgroundService.java:shutdown(148)) - Shutting down service BlockDeletingService
2019-09-24 03:09:25,998 [ForkJoinPool.commonPool-worker-0] INFO  statemachine.DatanodeStateMachine (DatanodeStateMachine.java:stopDaemon(395)) - Ozone container server stopped.
2019-09-24 03:09:25,998 [main] INFO  statemachine.DatanodeStateMachine (DatanodeStateMachine.java:stopDaemon(395)) - Ozone container server stopped.
2019-09-24 03:09:26,003 [main] INFO  handler.ContextHandler (ContextHandler.java:doStop(910)) - Stopped o.e.j.w.WebAppContext@6f911326{/,null,UNAVAILABLE}{/hddsDatanode}
2019-09-24 03:09:26,003 [ForkJoinPool.commonPool-worker-0] INFO  handler.ContextHandler (ContextHandler.java:doStop(910)) - Stopped o.e.j.w.WebAppContext@7baf1f5a{/,null,UNAVAILABLE}{/hddsDatanode}
2019-09-24 03:09:26,004 [main] INFO  server.AbstractConnector (AbstractConnector.java:doStop(318)) - Stopped ServerConnector@f1d0004{HTTP/1.1,[http/1.1]}{0.0.0.0:0}
2019-09-24 03:09:26,004 [ForkJoinPool.commonPool-worker-0] INFO  server.AbstractConnector (AbstractConnector.java:doStop(318)) - Stopped ServerConnector@6cc86152{HTTP/1.1,[http/1.1]}{0.0.0.0:0}
2019-09-24 03:09:26,004 [main] INFO  handler.ContextHandler (ContextHandler.java:doStop(910)) - Stopped o.e.j.s.ServletContextHandler@4f89331f{/static,jar:file:/home/user/.m2/repository/org/apache/hadoop/hadoop-hdds-container-service/0.5.0-SNAPSHOT/hadoop-hdds-container-service-0.5.0-SNAPSHOT.jar!/webapps/static,UNAVAILABLE}
2019-09-24 03:09:26,006 [ForkJoinPool.commonPool-worker-0] INFO  handler.ContextHandler (ContextHandler.java:doStop(910)) - Stopped o.e.j.s.ServletContextHandler@4d41ba0f{/static,jar:file:/home/user/.m2/repository/org/apache/hadoop/hadoop-hdds-container-service/0.5.0-SNAPSHOT/hadoop-hdds-container-service-0.5.0-SNAPSHOT.jar!/webapps/static,UNAVAILABLE}
2019-09-24 03:09:26,006 [main] INFO  handler.ContextHandler (ContextHandler.java:doStop(910)) - Stopped o.e.j.s.ServletContextHandler@250a500b{/logs,file:///workdir/hadoop-ozone/integration-test/target/log,UNAVAILABLE}
2019-09-24 03:09:26,007 [ForkJoinPool.commonPool-worker-0] INFO  handler.ContextHandler (ContextHandler.java:doStop(910)) - Stopped o.e.j.s.ServletContextHandler@3ee0b4f7{/logs,file:///workdir/hadoop-ozone/integration-test/target/log,UNAVAILABLE}
2019-09-24 03:09:26,194 [Datanode State Machine Thread - 0] INFO  statemachine.DatanodeStateMachine (DatanodeStateMachine.java:lambda$startDaemon$0(350)) - Ozone container server started.
2019-09-24 03:09:26,212 [Datanode State Machine Thread - 0] INFO  statemachine.DatanodeStateMachine (DatanodeStateMachine.java:lambda$startDaemon$0(350)) - Ozone container server started.
2019-09-24 03:09:31,009 [main] INFO  ozoneimpl.OzoneContainer (OzoneContainer.java:stop(231)) - Attempting to stop container services.
2019-09-24 03:09:31,009 [ForkJoinPool.commonPool-worker-0] INFO  ozoneimpl.OzoneContainer (OzoneContainer.java:stop(231)) - Attempting to stop container services.
2019-09-24 03:09:31,009 [main] INFO  impl.RaftServerProxy (RaftServerProxy.java:lambda$close$4(314)) - e98bfd79-b296-4958-96e0-9f16ad4d3dd7: close
2019-09-24 03:09:31,010 [main] INFO  impl.RaftServerImpl (RaftServerImpl.java:lambda$shutdown$3(251)) - e98bfd79-b296-4958-96e0-9f16ad4d3dd7@group-CD4AA9416DCB: shutdown
2019-09-24 03:09:31,010 [ForkJoinPool.commonPool-worker-0] INFO  impl.RaftServerProxy (RaftServerProxy.java:lambda$close$4(314)) - de29c35e-384c-4f64-9e28-a0d286e1760b: close
2019-09-24 03:09:31,010 [main] INFO  util.JmxRegister (JmxRegister.java:unregister(73)) - Successfully un-registered JMX Bean with object name Ratis:service=RaftServer,group=group-CD4AA9416DCB,id=e98bfd79-b296-4958-96e0-9f16ad4d3dd7
2019-09-24 03:09:31,010 [ForkJoinPool.commonPool-worker-0] INFO  impl.RaftServerImpl (RaftServerImpl.java:lambda$shutdown$3(251)) - de29c35e-384c-4f64-9e28-a0d286e1760b@group-DBE74F7AF524: shutdown
2019-09-24 03:09:31,010 [main] INFO  impl.RoleInfo (RoleInfo.java:shutdownLeaderState(104)) - e98bfd79-b296-4958-96e0-9f16ad4d3dd7: shutdown LeaderState
2019-09-24 03:09:31,011 [ForkJoinPool.commonPool-worker-0] INFO  util.JmxRegister (JmxRegister.java:unregister(73)) - Successfully un-registered JMX Bean with object name Ratis:service=RaftServer,group=group-DBE74F7AF524,id=de29c35e-384c-4f64-9e28-a0d286e1760b
2019-09-24 03:09:31,011 [main] INFO  impl.PendingRequests (PendingRequests.java:sendNotLeaderResponses(202)) - e98bfd79-b296-4958-96e0-9f16ad4d3dd7-PendingRequests: sendNotLeaderResponses
2019-09-24 03:09:31,011 [ForkJoinPool.commonPool-worker-0] INFO  impl.RoleInfo (RoleInfo.java:shutdownLeaderState(104)) - de29c35e-384c-4f64-9e28-a0d286e1760b: shutdown LeaderState
2019-09-24 03:09:31,012 [main] INFO  impl.StateMachineUpdater (StateMachineUpdater.java:stopAndJoin(125)) - e98bfd79-b296-4958-96e0-9f16ad4d3dd7@group-CD4AA9416DCB-StateMachineUpdater: set stopIndex = 0
2019-09-24 03:09:31,012 [ForkJoinPool.commonPool-worker-0] INFO  impl.PendingRequests (PendingRequests.java:sendNotLeaderResponses(202)) - de29c35e-384c-4f64-9e28-a0d286e1760b-PendingRequests: sendNotLeaderResponses
2019-09-24 03:09:31,012 [main] INFO  impl.RaftServerImpl (ServerState.java:close(385)) - e98bfd79-b296-4958-96e0-9f16ad4d3dd7@group-CD4AA9416DCB: closes. applyIndex: 0
2019-09-24 03:09:31,013 [ForkJoinPool.commonPool-worker-0] INFO  impl.StateMachineUpdater (StateMachineUpdater.java:stopAndJoin(125)) - de29c35e-384c-4f64-9e28-a0d286e1760b@group-DBE74F7AF524-StateMachineUpdater: set stopIndex = 0
2019-09-24 03:09:31,013 [e98bfd79-b296-4958-96e0-9f16ad4d3dd7@group-CD4AA9416DCB-SegmentedRaftLogWorker] INFO  segmented.SegmentedRaftLogWorker (SegmentedRaftLogWorker.java:run(313)) - e98bfd79-b296-4958-96e0-9f16ad4d3dd7@group-CD4AA9416DCB-SegmentedRaftLogWorker was interrupted, exiting. There are 0 tasks remaining in the queue.
2019-09-24 03:09:31,013 [ForkJoinPool.commonPool-worker-0] INFO  impl.RaftServerImpl (ServerState.java:close(385)) - de29c35e-384c-4f64-9e28-a0d286e1760b@group-DBE74F7AF524: closes. applyIndex: 0
2019-09-24 03:09:31,016 [main] INFO  segmented.SegmentedRaftLogWorker (SegmentedRaftLogWorker.java:close(228)) - e98bfd79-b296-4958-96e0-9f16ad4d3dd7@group-CD4AA9416DCB-SegmentedRaftLogWorker close()
2019-09-24 03:09:31,016 [de29c35e-384c-4f64-9e28-a0d286e1760b@group-DBE74F7AF524-SegmentedRaftLogWorker] INFO  segmented.SegmentedRaftLogWorker (SegmentedRaftLogWorker.java:run(313)) - de29c35e-384c-4f64-9e28-a0d286e1760b@group-DBE74F7AF524-SegmentedRaftLogWorker was interrupted, exiting. There are 0 tasks remaining in the queue.
2019-09-24 03:09:31,020 [main] INFO  impl.RaftServerImpl (RaftServerImpl.java:lambda$shutdown$3(251)) - e98bfd79-b296-4958-96e0-9f16ad4d3dd7@group-7AC681A6C483: shutdown
2019-09-24 03:09:31,022 [ForkJoinPool.commonPool-worker-0] INFO  segmented.SegmentedRaftLogWorker (SegmentedRaftLogWorker.java:close(228)) - de29c35e-384c-4f64-9e28-a0d286e1760b@group-DBE74F7AF524-SegmentedRaftLogWorker close()
2019-09-24 03:09:31,022 [main] INFO  util.JmxRegister (JmxRegister.java:unregister(73)) - Successfully un-registered JMX Bean with object name Ratis:service=RaftServer,group=group-7AC681A6C483,id=e98bfd79-b296-4958-96e0-9f16ad4d3dd7
2019-09-24 03:09:31,026 [ForkJoinPool.commonPool-worker-0] INFO  server.GrpcService (GrpcService.java:closeImpl(164)) - de29c35e-384c-4f64-9e28-a0d286e1760b: shutdown server with port 38337 now
2019-09-24 03:09:31,026 [main] INFO  impl.RoleInfo (RoleInfo.java:shutdownFollowerState(121)) - e98bfd79-b296-4958-96e0-9f16ad4d3dd7: shutdown FollowerState
2019-09-24 03:09:31,028 [ForkJoinPool.commonPool-worker-0] INFO  server.GrpcService (GrpcService.java:closeImpl(172)) - de29c35e-384c-4f64-9e28-a0d286e1760b: shutdown server with port 38337 successfully
2019-09-24 03:09:31,029 [Thread-322] INFO  impl.FollowerState (FollowerState.java:run(115)) - e98bfd79-b296-4958-96e0-9f16ad4d3dd7: FollowerState was interrupted: java.lang.InterruptedException: sleep interrupted
2019-09-24 03:09:31,028 [main] INFO  impl.StateMachineUpdater (StateMachineUpdater.java:stopAndJoin(125)) - e98bfd79-b296-4958-96e0-9f16ad4d3dd7@group-7AC681A6C483-StateMachineUpdater: set stopIndex = 0
2019-09-24 03:09:31,035 [main] INFO  impl.RaftServerImpl (ServerState.java:close(385)) - e98bfd79-b296-4958-96e0-9f16ad4d3dd7@group-7AC681A6C483: closes. applyIndex: 0
2019-09-24 03:09:31,035 [e98bfd79-b296-4958-96e0-9f16ad4d3dd7@group-7AC681A6C483-SegmentedRaftLogWorker] INFO  segmented.SegmentedRaftLogWorker (SegmentedRaftLogWorker.java:run(313)) - e98bfd79-b296-4958-96e0-9f16ad4d3dd7@group-7AC681A6C483-SegmentedRaftLogWorker was interrupted, exiting. There are 0 tasks remaining in the queue.
2019-09-24 03:09:31,038 [main] INFO  segmented.SegmentedRaftLogWorker (SegmentedRaftLogWorker.java:close(228)) - e98bfd79-b296-4958-96e0-9f16ad4d3dd7@group-7AC681A6C483-SegmentedRaftLogWorker close()
2019-09-24 03:09:31,038 [refreshUsed-/workdir/hadoop-ozone/integration-test/target/test-dir/MiniOzoneClusterImpl-3c9a5054-9541-4e02-9581-fea88c10aa6d/datanode-2/data/containers] WARN  fs.CachingGetSpaceUsed (CachingGetSpaceUsed.java:run(183)) - Thread Interrupted waiting to refresh disk information: sleep interrupted
2019-09-24 03:09:31,042 [main] INFO  server.GrpcService (GrpcService.java:closeImpl(164)) - e98bfd79-b296-4958-96e0-9f16ad4d3dd7: shutdown server with port 34803 now
2019-09-24 03:09:31,048 [main] INFO  server.GrpcService (GrpcService.java:closeImpl(172)) - e98bfd79-b296-4958-96e0-9f16ad4d3dd7: shutdown server with port 34803 successfully
2019-09-24 03:09:31,055 [refreshUsed-/workdir/hadoop-ozone/integration-test/target/test-dir/MiniOzoneClusterImpl-3c9a5054-9541-4e02-9581-fea88c10aa6d/datanode-3/data/containers] WARN  fs.CachingGetSpaceUsed (CachingGetSpaceUsed.java:run(183)) - Thread Interrupted waiting to refresh disk information: sleep interrupted
2019-09-24 03:09:31,073 [main] INFO  utils.BackgroundService (BackgroundService.java:shutdown(148)) - Shutting down service BlockDeletingService
2019-09-24 03:09:31,077 [main] INFO  statemachine.DatanodeStateMachine (DatanodeStateMachine.java:stopDaemon(395)) - Ozone container server stopped.
2019-09-24 03:09:31,078 [main] INFO  handler.ContextHandler (ContextHandler.java:doStop(910)) - Stopped o.e.j.w.WebAppContext@748d2277{/,null,UNAVAILABLE}{/hddsDatanode}
2019-09-24 03:09:31,079 [ForkJoinPool.commonPool-worker-0] INFO  utils.BackgroundService (BackgroundService.java:shutdown(148)) - Shutting down service BlockDeletingService
2019-09-24 03:09:31,081 [main] INFO  server.AbstractConnector (AbstractConnector.java:doStop(318)) - Stopped ServerConnector@2f897dab{HTTP/1.1,[http/1.1]}{0.0.0.0:0}
2019-09-24 03:09:31,082 [ForkJoinPool.commonPool-worker-0] INFO  statemachine.DatanodeStateMachine (DatanodeStateMachine.java:stopDaemon(395)) - Ozone container server stopped.
2019-09-24 03:09:31,084 [main] INFO  handler.ContextHandler (ContextHandler.java:doStop(910)) - Stopped o.e.j.s.ServletContextHandler@69fe0ed4{/static,jar:file:/home/user/.m2/repository/org/apache/hadoop/hadoop-hdds-container-service/0.5.0-SNAPSHOT/hadoop-hdds-container-service-0.5.0-SNAPSHOT.jar!/webapps/static,UNAVAILABLE}
2019-09-24 03:09:31,085 [main] INFO  handler.ContextHandler (ContextHandler.java:doStop(910)) - Stopped o.e.j.s.ServletContextHandler@119aa36{/logs,file:///workdir/hadoop-ozone/integration-test/target/log,UNAVAILABLE}
2019-09-24 03:09:31,086 [ForkJoinPool.commonPool-worker-0] INFO  handler.ContextHandler (ContextHandler.java:doStop(910)) - Stopped o.e.j.w.WebAppContext@4613311f{/,null,UNAVAILABLE}{/hddsDatanode}
2019-09-24 03:09:31,087 [ForkJoinPool.commonPool-worker-0] INFO  server.AbstractConnector (AbstractConnector.java:doStop(318)) - Stopped ServerConnector@6540cf1d{HTTP/1.1,[http/1.1]}{0.0.0.0:0}
2019-09-24 03:09:31,088 [ForkJoinPool.commonPool-worker-0] INFO  handler.ContextHandler (ContextHandler.java:doStop(910)) - Stopped o.e.j.s.ServletContextHandler@2b680207{/static,jar:file:/home/user/.m2/repository/org/apache/hadoop/hadoop-hdds-container-service/0.5.0-SNAPSHOT/hadoop-hdds-container-service-0.5.0-SNAPSHOT.jar!/webapps/static,UNAVAILABLE}
2019-09-24 03:09:31,089 [ForkJoinPool.commonPool-worker-0] INFO  handler.ContextHandler (ContextHandler.java:doStop(910)) - Stopped o.e.j.s.ServletContextHandler@733aa9d8{/logs,file:///workdir/hadoop-ozone/integration-test/target/log,UNAVAILABLE}
2019-09-24 03:09:31,213 [Datanode State Machine Thread - 0] INFO  statemachine.DatanodeStateMachine (DatanodeStateMachine.java:lambda$startDaemon$0(350)) - Ozone container server started.
2019-09-24 03:09:31,369 [Datanode State Machine Thread - 0] INFO  statemachine.DatanodeStateMachine (DatanodeStateMachine.java:lambda$startDaemon$0(350)) - Ozone container server started.
2019-09-24 03:09:32,281 [Thread-323] INFO  impl.FollowerState (FollowerState.java:run(106)) - 6f396628-19e5-4ddc-b9c6-a68c9abd3c36:group-7AC681A6C483 changes to CANDIDATE, lastRpcTime:8415, electionTimeout:5001ms
2019-09-24 03:09:32,281 [Thread-323] INFO  impl.RoleInfo (RoleInfo.java:shutdownFollowerState(121)) - 6f396628-19e5-4ddc-b9c6-a68c9abd3c36: shutdown FollowerState
2019-09-24 03:09:32,281 [Thread-323] INFO  impl.RaftServerImpl (RaftServerImpl.java:setRole(174)) - 6f396628-19e5-4ddc-b9c6-a68c9abd3c36@group-7AC681A6C483: changes role from  FOLLOWER to CANDIDATE at term 2 for changeToCandidate
2019-09-24 03:09:32,281 [Thread-323] INFO  impl.RoleInfo (RoleInfo.java:updateAndGet(143)) - 6f396628-19e5-4ddc-b9c6-a68c9abd3c36: start LeaderElection
2019-09-24 03:09:32,282 [6f396628-19e5-4ddc-b9c6-a68c9abd3c36@group-7AC681A6C483:LeaderElection16] INFO  impl.RaftServerImpl (ServerState.java:setLeader(253)) - 6f396628-19e5-4ddc-b9c6-a68c9abd3c36@group-7AC681A6C483: change Leader from 1c4b9d97-8ee6-4c70-b33d-f77b8a26cbd8 to null at term 2 for initElection
2019-09-24 03:09:32,347 [6f396628-19e5-4ddc-b9c6-a68c9abd3c36@group-7AC681A6C483:LeaderElection16] INFO  impl.LeaderElection (LeaderElection.java:askForVotes(182)) - 6f396628-19e5-4ddc-b9c6-a68c9abd3c36@group-7AC681A6C483:LeaderElection16: begin an election at term 3 for 0: [e98bfd79-b296-4958-96e0-9f16ad4d3dd7:192.168.151.121:34803, 1c4b9d97-8ee6-4c70-b33d-f77b8a26cbd8:192.168.151.121:33324, 6f396628-19e5-4ddc-b9c6-a68c9abd3c36:192.168.151.121:43628], old=null
2019-09-24 03:09:32,360 [6f396628-19e5-4ddc-b9c6-a68c9abd3c36@group-7AC681A6C483:LeaderElection16] INFO  impl.LeaderElection (LogUtils.java:infoOrTrace(149)) - 6f396628-19e5-4ddc-b9c6-a68c9abd3c36@group-7AC681A6C483:LeaderElection16 got exception when requesting votes: {}
java.util.concurrent.ExecutionException: org.apache.ratis.thirdparty.io.grpc.StatusRuntimeException: UNAVAILABLE: io exception
	at java.util.concurrent.FutureTask.report(FutureTask.java:122)
	at java.util.concurrent.FutureTask.get(FutureTask.java:192)
	at org.apache.ratis.server.impl.LeaderElection.waitForResults(LeaderElection.java:263)
	at org.apache.ratis.server.impl.LeaderElection.askForVotes(LeaderElection.java:201)
	at org.apache.ratis.server.impl.LeaderElection.run(LeaderElection.java:133)
	at java.lang.Thread.run(Thread.java:748)
Caused by: org.apache.ratis.thirdparty.io.grpc.StatusRuntimeException: UNAVAILABLE: io exception
	at org.apache.ratis.thirdparty.io.grpc.stub.ClientCalls.toStatusRuntimeException(ClientCalls.java:233)
	at org.apache.ratis.thirdparty.io.grpc.stub.ClientCalls.getUnchecked(ClientCalls.java:214)
	at org.apache.ratis.thirdparty.io.grpc.stub.ClientCalls.blockingUnaryCall(ClientCalls.java:139)
	at org.apache.ratis.proto.grpc.RaftServerProtocolServiceGrpc$RaftServerProtocolServiceBlockingStub.requestVote(RaftServerProtocolServiceGrpc.java:265)
	at org.apache.ratis.grpc.server.GrpcServerProtocolClient.requestVote(GrpcServerProtocolClient.java:90)
	at org.apache.ratis.grpc.server.GrpcService.requestVote(GrpcService.java:204)
	at org.apache.ratis.server.impl.LeaderElection.lambda$submitRequests$1(LeaderElection.java:238)
	at java.util.concurrent.FutureTask.run(FutureTask.java:266)
	at java.util.concurrent.Executors$RunnableAdapter.call(Executors.java:511)
	at java.util.concurrent.FutureTask.run(FutureTask.java:266)
	at java.util.concurrent.ThreadPoolExecutor.runWorker(ThreadPoolExecutor.java:1149)
	at java.util.concurrent.ThreadPoolExecutor$Worker.run(ThreadPoolExecutor.java:624)
	... 1 more
Caused by: org.apache.ratis.thirdparty.io.netty.channel.AbstractChannel$AnnotatedConnectException: Connection refused: /192.168.151.121:33324
	at sun.nio.ch.SocketChannelImpl.checkConnect(Native Method)
	at sun.nio.ch.SocketChannelImpl.finishConnect(SocketChannelImpl.java:717)
	at org.apache.ratis.thirdparty.io.netty.channel.socket.nio.NioSocketChannel.doFinishConnect(NioSocketChannel.java:327)
	at org.apache.ratis.thirdparty.io.netty.channel.nio.AbstractNioChannel$AbstractNioUnsafe.finishConnect(AbstractNioChannel.java:340)
	at org.apache.ratis.thirdparty.io.netty.channel.nio.NioEventLoop.processSelectedKey(NioEventLoop.java:632)
	at org.apache.ratis.thirdparty.io.netty.channel.nio.NioEventLoop.processSelectedKeysOptimized(NioEventLoop.java:579)
	at org.apache.ratis.thirdparty.io.netty.channel.nio.NioEventLoop.processSelectedKeys(NioEventLoop.java:496)
	at org.apache.ratis.thirdparty.io.netty.channel.nio.NioEventLoop.run(NioEventLoop.java:458)
	at org.apache.ratis.thirdparty.io.netty.util.concurrent.SingleThreadEventExecutor$5.run(SingleThreadEventExecutor.java:897)
	at org.apache.ratis.thirdparty.io.netty.util.concurrent.FastThreadLocalRunnable.run(FastThreadLocalRunnable.java:30)
	... 1 more
Caused by: java.net.ConnectException: Connection refused
	... 11 more
2019-09-24 03:09:32,362 [6f396628-19e5-4ddc-b9c6-a68c9abd3c36@group-7AC681A6C483:LeaderElection16] INFO  impl.LeaderElection (LogUtils.java:infoOrTrace(149)) - 6f396628-19e5-4ddc-b9c6-a68c9abd3c36@group-7AC681A6C483:LeaderElection16 got exception when requesting votes: {}
java.util.concurrent.ExecutionException: org.apache.ratis.thirdparty.io.grpc.StatusRuntimeException: UNAVAILABLE: io exception
	at java.util.concurrent.FutureTask.report(FutureTask.java:122)
	at java.util.concurrent.FutureTask.get(FutureTask.java:192)
	at org.apache.ratis.server.impl.LeaderElection.waitForResults(LeaderElection.java:263)
	at org.apache.ratis.server.impl.LeaderElection.askForVotes(LeaderElection.java:201)
	at org.apache.ratis.server.impl.LeaderElection.run(LeaderElection.java:133)
	at java.lang.Thread.run(Thread.java:748)
Caused by: org.apache.ratis.thirdparty.io.grpc.StatusRuntimeException: UNAVAILABLE: io exception
	at org.apache.ratis.thirdparty.io.grpc.stub.ClientCalls.toStatusRuntimeException(ClientCalls.java:233)
	at org.apache.ratis.thirdparty.io.grpc.stub.ClientCalls.getUnchecked(ClientCalls.java:214)
	at org.apache.ratis.thirdparty.io.grpc.stub.ClientCalls.blockingUnaryCall(ClientCalls.java:139)
	at org.apache.ratis.proto.grpc.RaftServerProtocolServiceGrpc$RaftServerProtocolServiceBlockingStub.requestVote(RaftServerProtocolServiceGrpc.java:265)
	at org.apache.ratis.grpc.server.GrpcServerProtocolClient.requestVote(GrpcServerProtocolClient.java:90)
	at org.apache.ratis.grpc.server.GrpcService.requestVote(GrpcService.java:204)
	at org.apache.ratis.server.impl.LeaderElection.lambda$submitRequests$1(LeaderElection.java:238)
	at java.util.concurrent.FutureTask.run(FutureTask.java:266)
	at java.util.concurrent.Executors$RunnableAdapter.call(Executors.java:511)
	at java.util.concurrent.FutureTask.run(FutureTask.java:266)
	at java.util.concurrent.ThreadPoolExecutor.runWorker(ThreadPoolExecutor.java:1149)
	at java.util.concurrent.ThreadPoolExecutor$Worker.run(ThreadPoolExecutor.java:624)
	... 1 more
Caused by: org.apache.ratis.thirdparty.io.netty.channel.AbstractChannel$AnnotatedConnectException: Connection refused: /192.168.151.121:34803
	at sun.nio.ch.SocketChannelImpl.checkConnect(Native Method)
	at sun.nio.ch.SocketChannelImpl.finishConnect(SocketChannelImpl.java:717)
	at org.apache.ratis.thirdparty.io.netty.channel.socket.nio.NioSocketChannel.doFinishConnect(NioSocketChannel.java:327)
	at org.apache.ratis.thirdparty.io.netty.channel.nio.AbstractNioChannel$AbstractNioUnsafe.finishConnect(AbstractNioChannel.java:340)
	at org.apache.ratis.thirdparty.io.netty.channel.nio.NioEventLoop.processSelectedKey(NioEventLoop.java:632)
	at org.apache.ratis.thirdparty.io.netty.channel.nio.NioEventLoop.processSelectedKeysOptimized(NioEventLoop.java:579)
	at org.apache.ratis.thirdparty.io.netty.channel.nio.NioEventLoop.processSelectedKeys(NioEventLoop.java:496)
	at org.apache.ratis.thirdparty.io.netty.channel.nio.NioEventLoop.run(NioEventLoop.java:458)
	at org.apache.ratis.thirdparty.io.netty.util.concurrent.SingleThreadEventExecutor$5.run(SingleThreadEventExecutor.java:897)
	at org.apache.ratis.thirdparty.io.netty.util.concurrent.FastThreadLocalRunnable.run(FastThreadLocalRunnable.java:30)
	... 1 more
Caused by: java.net.ConnectException: Connection refused
	... 11 more
2019-09-24 03:09:32,363 [6f396628-19e5-4ddc-b9c6-a68c9abd3c36@group-7AC681A6C483:LeaderElection16] INFO  impl.LeaderElection (LeaderElection.java:logAndReturn(56)) - 6f396628-19e5-4ddc-b9c6-a68c9abd3c36@group-7AC681A6C483:LeaderElection16: Election REJECTED; received 0 response(s) [] and 2 exception(s); 6f396628-19e5-4ddc-b9c6-a68c9abd3c36@group-7AC681A6C483:t3, leader=null, voted=6f396628-19e5-4ddc-b9c6-a68c9abd3c36, raftlog=6f396628-19e5-4ddc-b9c6-a68c9abd3c36@group-7AC681A6C483-SegmentedRaftLog:OPENED:c0,f0,i0, conf=0: [e98bfd79-b296-4958-96e0-9f16ad4d3dd7:192.168.151.121:34803, 1c4b9d97-8ee6-4c70-b33d-f77b8a26cbd8:192.168.151.121:33324, 6f396628-19e5-4ddc-b9c6-a68c9abd3c36:192.168.151.121:43628], old=null
2019-09-24 03:09:32,364 [6f396628-19e5-4ddc-b9c6-a68c9abd3c36@group-7AC681A6C483:LeaderElection16] INFO  impl.LeaderElection (LogUtils.java:infoOrTrace(149)) -   Exception 0: {}
java.util.concurrent.ExecutionException: org.apache.ratis.thirdparty.io.grpc.StatusRuntimeException: UNAVAILABLE: io exception
	at java.util.concurrent.FutureTask.report(FutureTask.java:122)
	at java.util.concurrent.FutureTask.get(FutureTask.java:192)
	at org.apache.ratis.server.impl.LeaderElection.waitForResults(LeaderElection.java:263)
	at org.apache.ratis.server.impl.LeaderElection.askForVotes(LeaderElection.java:201)
	at org.apache.ratis.server.impl.LeaderElection.run(LeaderElection.java:133)
	at java.lang.Thread.run(Thread.java:748)
Caused by: org.apache.ratis.thirdparty.io.grpc.StatusRuntimeException: UNAVAILABLE: io exception
	at org.apache.ratis.thirdparty.io.grpc.stub.ClientCalls.toStatusRuntimeException(ClientCalls.java:233)
	at org.apache.ratis.thirdparty.io.grpc.stub.ClientCalls.getUnchecked(ClientCalls.java:214)
	at org.apache.ratis.thirdparty.io.grpc.stub.ClientCalls.blockingUnaryCall(ClientCalls.java:139)
	at org.apache.ratis.proto.grpc.RaftServerProtocolServiceGrpc$RaftServerProtocolServiceBlockingStub.requestVote(RaftServerProtocolServiceGrpc.java:265)
	at org.apache.ratis.grpc.server.GrpcServerProtocolClient.requestVote(GrpcServerProtocolClient.java:90)
	at org.apache.ratis.grpc.server.GrpcService.requestVote(GrpcService.java:204)
	at org.apache.ratis.server.impl.LeaderElection.lambda$submitRequests$1(LeaderElection.java:238)
	at java.util.concurrent.FutureTask.run(FutureTask.java:266)
	at java.util.concurrent.Executors$RunnableAdapter.call(Executors.java:511)
	at java.util.concurrent.FutureTask.run(FutureTask.java:266)
	at java.util.concurrent.ThreadPoolExecutor.runWorker(ThreadPoolExecutor.java:1149)
	at java.util.concurrent.ThreadPoolExecutor$Worker.run(ThreadPoolExecutor.java:624)
	... 1 more
Caused by: org.apache.ratis.thirdparty.io.netty.channel.AbstractChannel$AnnotatedConnectException: Connection refused: /192.168.151.121:33324
	at sun.nio.ch.SocketChannelImpl.checkConnect(Native Method)
	at sun.nio.ch.SocketChannelImpl.finishConnect(SocketChannelImpl.java:717)
	at org.apache.ratis.thirdparty.io.netty.channel.socket.nio.NioSocketChannel.doFinishConnect(NioSocketChannel.java:327)
	at org.apache.ratis.thirdparty.io.netty.channel.nio.AbstractNioChannel$AbstractNioUnsafe.finishConnect(AbstractNioChannel.java:340)
	at org.apache.ratis.thirdparty.io.netty.channel.nio.NioEventLoop.processSelectedKey(NioEventLoop.java:632)
	at org.apache.ratis.thirdparty.io.netty.channel.nio.NioEventLoop.processSelectedKeysOptimized(NioEventLoop.java:579)
	at org.apache.ratis.thirdparty.io.netty.channel.nio.NioEventLoop.processSelectedKeys(NioEventLoop.java:496)
	at org.apache.ratis.thirdparty.io.netty.channel.nio.NioEventLoop.run(NioEventLoop.java:458)
	at org.apache.ratis.thirdparty.io.netty.util.concurrent.SingleThreadEventExecutor$5.run(SingleThreadEventExecutor.java:897)
	at org.apache.ratis.thirdparty.io.netty.util.concurrent.FastThreadLocalRunnable.run(FastThreadLocalRunnable.java:30)
	... 1 more
Caused by: java.net.ConnectException: Connection refused
	... 11 more
2019-09-24 03:09:32,364 [6f396628-19e5-4ddc-b9c6-a68c9abd3c36@group-7AC681A6C483:LeaderElection16] INFO  impl.LeaderElection (LogUtils.java:infoOrTrace(149)) -   Exception 1: {}
java.util.concurrent.ExecutionException: org.apache.ratis.thirdparty.io.grpc.StatusRuntimeException: UNAVAILABLE: io exception
	at java.util.concurrent.FutureTask.report(FutureTask.java:122)
	at java.util.concurrent.FutureTask.get(FutureTask.java:192)
	at org.apache.ratis.server.impl.LeaderElection.waitForResults(LeaderElection.java:263)
	at org.apache.ratis.server.impl.LeaderElection.askForVotes(LeaderElection.java:201)
	at org.apache.ratis.server.impl.LeaderElection.run(LeaderElection.java:133)
	at java.lang.Thread.run(Thread.java:748)
Caused by: org.apache.ratis.thirdparty.io.grpc.StatusRuntimeException: UNAVAILABLE: io exception
	at org.apache.ratis.thirdparty.io.grpc.stub.ClientCalls.toStatusRuntimeException(ClientCalls.java:233)
	at org.apache.ratis.thirdparty.io.grpc.stub.ClientCalls.getUnchecked(ClientCalls.java:214)
	at org.apache.ratis.thirdparty.io.grpc.stub.ClientCalls.blockingUnaryCall(ClientCalls.java:139)
	at org.apache.ratis.proto.grpc.RaftServerProtocolServiceGrpc$RaftServerProtocolServiceBlockingStub.requestVote(RaftServerProtocolServiceGrpc.java:265)
	at org.apache.ratis.grpc.server.GrpcServerProtocolClient.requestVote(GrpcServerProtocolClient.java:90)
	at org.apache.ratis.grpc.server.GrpcService.requestVote(GrpcService.java:204)
	at org.apache.ratis.server.impl.LeaderElection.lambda$submitRequests$1(LeaderElection.java:238)
	at java.util.concurrent.FutureTask.run(FutureTask.java:266)
	at java.util.concurrent.Executors$RunnableAdapter.call(Executors.java:511)
	at java.util.concurrent.FutureTask.run(FutureTask.java:266)
	at java.util.concurrent.ThreadPoolExecutor.runWorker(ThreadPoolExecutor.java:1149)
	at java.util.concurrent.ThreadPoolExecutor$Worker.run(ThreadPoolExecutor.java:624)
	... 1 more
Caused by: org.apache.ratis.thirdparty.io.netty.channel.AbstractChannel$AnnotatedConnectException: Connection refused: /192.168.151.121:34803
	at sun.nio.ch.SocketChannelImpl.checkConnect(Native Method)
	at sun.nio.ch.SocketChannelImpl.finishConnect(SocketChannelImpl.java:717)
	at org.apache.ratis.thirdparty.io.netty.channel.socket.nio.NioSocketChannel.doFinishConnect(NioSocketChannel.java:327)
	at org.apache.ratis.thirdparty.io.netty.channel.nio.AbstractNioChannel$AbstractNioUnsafe.finishConnect(AbstractNioChannel.java:340)
	at org.apache.ratis.thirdparty.io.netty.channel.nio.NioEventLoop.processSelectedKey(NioEventLoop.java:632)
	at org.apache.ratis.thirdparty.io.netty.channel.nio.NioEventLoop.processSelectedKeysOptimized(NioEventLoop.java:579)
	at org.apache.ratis.thirdparty.io.netty.channel.nio.NioEventLoop.processSelectedKeys(NioEventLoop.java:496)
	at org.apache.ratis.thirdparty.io.netty.channel.nio.NioEventLoop.run(NioEventLoop.java:458)
	at org.apache.ratis.thirdparty.io.netty.util.concurrent.SingleThreadEventExecutor$5.run(SingleThreadEventExecutor.java:897)
	at org.apache.ratis.thirdparty.io.netty.util.concurrent.FastThreadLocalRunnable.run(FastThreadLocalRunnable.java:30)
	... 1 more
Caused by: java.net.ConnectException: Connection refused
	... 11 more
2019-09-24 03:09:32,365 [6f396628-19e5-4ddc-b9c6-a68c9abd3c36@group-7AC681A6C483:LeaderElection16] INFO  impl.RaftServerImpl (RaftServerImpl.java:setRole(174)) - 6f396628-19e5-4ddc-b9c6-a68c9abd3c36@group-7AC681A6C483: changes role from CANDIDATE to FOLLOWER at term 3 for DISCOVERED_A_NEW_TERM
2019-09-24 03:09:32,367 [6f396628-19e5-4ddc-b9c6-a68c9abd3c36@group-7AC681A6C483:LeaderElection16] INFO  impl.RoleInfo (RoleInfo.java:shutdownLeaderElection(134)) - 6f396628-19e5-4ddc-b9c6-a68c9abd3c36: shutdown LeaderElection
2019-09-24 03:09:32,367 [6f396628-19e5-4ddc-b9c6-a68c9abd3c36@group-7AC681A6C483:LeaderElection16] INFO  impl.RoleInfo (RoleInfo.java:updateAndGet(143)) - 6f396628-19e5-4ddc-b9c6-a68c9abd3c36: start FollowerState
2019-09-24 03:09:32,837 [Thread-329] INFO  impl.FollowerState (FollowerState.java:run(106)) - 35dcb943-b51f-4692-b68e-28aa3944273c:group-DFA87D41B1EA changes to CANDIDATE, lastRpcTime:8972, electionTimeout:5132ms
2019-09-24 03:09:32,839 [Thread-329] INFO  impl.RoleInfo (RoleInfo.java:shutdownFollowerState(121)) - 35dcb943-b51f-4692-b68e-28aa3944273c: shutdown FollowerState
2019-09-24 03:09:32,839 [Thread-329] INFO  impl.RaftServerImpl (RaftServerImpl.java:setRole(174)) - 35dcb943-b51f-4692-b68e-28aa3944273c@group-DFA87D41B1EA: changes role from  FOLLOWER to CANDIDATE at term 2 for changeToCandidate
2019-09-24 03:09:32,839 [Thread-329] INFO  impl.RoleInfo (RoleInfo.java:updateAndGet(143)) - 35dcb943-b51f-4692-b68e-28aa3944273c: start LeaderElection
2019-09-24 03:09:32,840 [35dcb943-b51f-4692-b68e-28aa3944273c@group-DFA87D41B1EA:LeaderElection17] INFO  impl.RaftServerImpl (ServerState.java:setLeader(253)) - 35dcb943-b51f-4692-b68e-28aa3944273c@group-DFA87D41B1EA: change Leader from 94573a1c-628f-4691-8f5c-95c4939c988a to null at term 2 for initElection
2019-09-24 03:09:32,899 [35dcb943-b51f-4692-b68e-28aa3944273c@group-DFA87D41B1EA:LeaderElection17] INFO  impl.LeaderElection (LeaderElection.java:askForVotes(182)) - 35dcb943-b51f-4692-b68e-28aa3944273c@group-DFA87D41B1EA:LeaderElection17: begin an election at term 3 for 0: [94573a1c-628f-4691-8f5c-95c4939c988a:192.168.151.121:35729, 35dcb943-b51f-4692-b68e-28aa3944273c:192.168.151.121:35115, cca15b09-5d98-4653-bef1-2fe6a3bc31c5:192.168.151.121:38726], old=null
2019-09-24 03:09:32,905 [grpc-default-executor-9] INFO  impl.RaftServerImpl (ServerState.java:setLeader(253)) - cca15b09-5d98-4653-bef1-2fe6a3bc31c5@group-DFA87D41B1EA: change Leader from 94573a1c-628f-4691-8f5c-95c4939c988a to null at term 3 for updateCurrentTerm
2019-09-24 03:09:32,905 [35dcb943-b51f-4692-b68e-28aa3944273c@group-DFA87D41B1EA:LeaderElection17] INFO  impl.LeaderElection (LogUtils.java:infoOrTrace(149)) - 35dcb943-b51f-4692-b68e-28aa3944273c@group-DFA87D41B1EA:LeaderElection17 got exception when requesting votes: {}
java.util.concurrent.ExecutionException: org.apache.ratis.thirdparty.io.grpc.StatusRuntimeException: UNAVAILABLE: io exception
	at java.util.concurrent.FutureTask.report(FutureTask.java:122)
	at java.util.concurrent.FutureTask.get(FutureTask.java:192)
	at org.apache.ratis.server.impl.LeaderElection.waitForResults(LeaderElection.java:263)
	at org.apache.ratis.server.impl.LeaderElection.askForVotes(LeaderElection.java:201)
	at org.apache.ratis.server.impl.LeaderElection.run(LeaderElection.java:133)
	at java.lang.Thread.run(Thread.java:748)
Caused by: org.apache.ratis.thirdparty.io.grpc.StatusRuntimeException: UNAVAILABLE: io exception
	at org.apache.ratis.thirdparty.io.grpc.stub.ClientCalls.toStatusRuntimeException(ClientCalls.java:233)
	at org.apache.ratis.thirdparty.io.grpc.stub.ClientCalls.getUnchecked(ClientCalls.java:214)
	at org.apache.ratis.thirdparty.io.grpc.stub.ClientCalls.blockingUnaryCall(ClientCalls.java:139)
	at org.apache.ratis.proto.grpc.RaftServerProtocolServiceGrpc$RaftServerProtocolServiceBlockingStub.requestVote(RaftServerProtocolServiceGrpc.java:265)
	at org.apache.ratis.grpc.server.GrpcServerProtocolClient.requestVote(GrpcServerProtocolClient.java:90)
	at org.apache.ratis.grpc.server.GrpcService.requestVote(GrpcService.java:204)
	at org.apache.ratis.server.impl.LeaderElection.lambda$submitRequests$1(LeaderElection.java:238)
	at java.util.concurrent.FutureTask.run(FutureTask.java:266)
	at java.util.concurrent.Executors$RunnableAdapter.call(Executors.java:511)
	at java.util.concurrent.FutureTask.run(FutureTask.java:266)
	at java.util.concurrent.ThreadPoolExecutor.runWorker(ThreadPoolExecutor.java:1149)
	at java.util.concurrent.ThreadPoolExecutor$Worker.run(ThreadPoolExecutor.java:624)
	... 1 more
Caused by: org.apache.ratis.thirdparty.io.netty.channel.AbstractChannel$AnnotatedConnectException: Connection refused: /192.168.151.121:35729
	at sun.nio.ch.SocketChannelImpl.checkConnect(Native Method)
	at sun.nio.ch.SocketChannelImpl.finishConnect(SocketChannelImpl.java:717)
	at org.apache.ratis.thirdparty.io.netty.channel.socket.nio.NioSocketChannel.doFinishConnect(NioSocketChannel.java:327)
	at org.apache.ratis.thirdparty.io.netty.channel.nio.AbstractNioChannel$AbstractNioUnsafe.finishConnect(AbstractNioChannel.java:340)
	at org.apache.ratis.thirdparty.io.netty.channel.nio.NioEventLoop.processSelectedKey(NioEventLoop.java:632)
	at org.apache.ratis.thirdparty.io.netty.channel.nio.NioEventLoop.processSelectedKeysOptimized(NioEventLoop.java:579)
	at org.apache.ratis.thirdparty.io.netty.channel.nio.NioEventLoop.processSelectedKeys(NioEventLoop.java:496)
	at org.apache.ratis.thirdparty.io.netty.channel.nio.NioEventLoop.run(NioEventLoop.java:458)
	at org.apache.ratis.thirdparty.io.netty.util.concurrent.SingleThreadEventExecutor$5.run(SingleThreadEventExecutor.java:897)
	at org.apache.ratis.thirdparty.io.netty.util.concurrent.FastThreadLocalRunnable.run(FastThreadLocalRunnable.java:30)
	... 1 more
Caused by: java.net.ConnectException: Connection refused
	... 11 more
2019-09-24 03:09:32,905 [grpc-default-executor-9] INFO  impl.RaftServerImpl (RaftServerImpl.java:setRole(174)) - cca15b09-5d98-4653-bef1-2fe6a3bc31c5@group-DFA87D41B1EA: changes role from  FOLLOWER to FOLLOWER at term 3 for recognizeCandidate:35dcb943-b51f-4692-b68e-28aa3944273c
2019-09-24 03:09:32,907 [grpc-default-executor-9] INFO  impl.RoleInfo (RoleInfo.java:shutdownFollowerState(121)) - cca15b09-5d98-4653-bef1-2fe6a3bc31c5: shutdown FollowerState
2019-09-24 03:09:32,907 [grpc-default-executor-9] INFO  impl.RoleInfo (RoleInfo.java:updateAndGet(143)) - cca15b09-5d98-4653-bef1-2fe6a3bc31c5: start FollowerState
2019-09-24 03:09:32,907 [Thread-328] INFO  impl.FollowerState (FollowerState.java:run(115)) - cca15b09-5d98-4653-bef1-2fe6a3bc31c5: FollowerState was interrupted: java.lang.InterruptedException: sleep interrupted
2019-09-24 03:09:32,918 [35dcb943-b51f-4692-b68e-28aa3944273c@group-DFA87D41B1EA:LeaderElection17] INFO  impl.LeaderElection (LeaderElection.java:logAndReturn(56)) - 35dcb943-b51f-4692-b68e-28aa3944273c@group-DFA87D41B1EA:LeaderElection17: Election PASSED; received 1 response(s) [35dcb943-b51f-4692-b68e-28aa3944273c<-cca15b09-5d98-4653-bef1-2fe6a3bc31c5#0:OK-t3] and 1 exception(s); 35dcb943-b51f-4692-b68e-28aa3944273c@group-DFA87D41B1EA:t3, leader=null, voted=35dcb943-b51f-4692-b68e-28aa3944273c, raftlog=35dcb943-b51f-4692-b68e-28aa3944273c@group-DFA87D41B1EA-SegmentedRaftLog:OPENED:c0,f0,i0, conf=0: [94573a1c-628f-4691-8f5c-95c4939c988a:192.168.151.121:35729, 35dcb943-b51f-4692-b68e-28aa3944273c:192.168.151.121:35115, cca15b09-5d98-4653-bef1-2fe6a3bc31c5:192.168.151.121:38726], old=null
2019-09-24 03:09:32,918 [35dcb943-b51f-4692-b68e-28aa3944273c@group-DFA87D41B1EA:LeaderElection17] INFO  impl.LeaderElection (LogUtils.java:infoOrTrace(149)) -   Exception 0: {}
java.util.concurrent.ExecutionException: org.apache.ratis.thirdparty.io.grpc.StatusRuntimeException: UNAVAILABLE: io exception
	at java.util.concurrent.FutureTask.report(FutureTask.java:122)
	at java.util.concurrent.FutureTask.get(FutureTask.java:192)
	at org.apache.ratis.server.impl.LeaderElection.waitForResults(LeaderElection.java:263)
	at org.apache.ratis.server.impl.LeaderElection.askForVotes(LeaderElection.java:201)
	at org.apache.ratis.server.impl.LeaderElection.run(LeaderElection.java:133)
	at java.lang.Thread.run(Thread.java:748)
Caused by: org.apache.ratis.thirdparty.io.grpc.StatusRuntimeException: UNAVAILABLE: io exception
	at org.apache.ratis.thirdparty.io.grpc.stub.ClientCalls.toStatusRuntimeException(ClientCalls.java:233)
	at org.apache.ratis.thirdparty.io.grpc.stub.ClientCalls.getUnchecked(ClientCalls.java:214)
	at org.apache.ratis.thirdparty.io.grpc.stub.ClientCalls.blockingUnaryCall(ClientCalls.java:139)
	at org.apache.ratis.proto.grpc.RaftServerProtocolServiceGrpc$RaftServerProtocolServiceBlockingStub.requestVote(RaftServerProtocolServiceGrpc.java:265)
	at org.apache.ratis.grpc.server.GrpcServerProtocolClient.requestVote(GrpcServerProtocolClient.java:90)
	at org.apache.ratis.grpc.server.GrpcService.requestVote(GrpcService.java:204)
	at org.apache.ratis.server.impl.LeaderElection.lambda$submitRequests$1(LeaderElection.java:238)
	at java.util.concurrent.FutureTask.run(FutureTask.java:266)
	at java.util.concurrent.Executors$RunnableAdapter.call(Executors.java:511)
	at java.util.concurrent.FutureTask.run(FutureTask.java:266)
	at java.util.concurrent.ThreadPoolExecutor.runWorker(ThreadPoolExecutor.java:1149)
	at java.util.concurrent.ThreadPoolExecutor$Worker.run(ThreadPoolExecutor.java:624)
	... 1 more
Caused by: org.apache.ratis.thirdparty.io.netty.channel.AbstractChannel$AnnotatedConnectException: Connection refused: /192.168.151.121:35729
	at sun.nio.ch.SocketChannelImpl.checkConnect(Native Method)
	at sun.nio.ch.SocketChannelImpl.finishConnect(SocketChannelImpl.java:717)
	at org.apache.ratis.thirdparty.io.netty.channel.socket.nio.NioSocketChannel.doFinishConnect(NioSocketChannel.java:327)
	at org.apache.ratis.thirdparty.io.netty.channel.nio.AbstractNioChannel$AbstractNioUnsafe.finishConnect(AbstractNioChannel.java:340)
	at org.apache.ratis.thirdparty.io.netty.channel.nio.NioEventLoop.processSelectedKey(NioEventLoop.java:632)
	at org.apache.ratis.thirdparty.io.netty.channel.nio.NioEventLoop.processSelectedKeysOptimized(NioEventLoop.java:579)
	at org.apache.ratis.thirdparty.io.netty.channel.nio.NioEventLoop.processSelectedKeys(NioEventLoop.java:496)
	at org.apache.ratis.thirdparty.io.netty.channel.nio.NioEventLoop.run(NioEventLoop.java:458)
	at org.apache.ratis.thirdparty.io.netty.util.concurrent.SingleThreadEventExecutor$5.run(SingleThreadEventExecutor.java:897)
	at org.apache.ratis.thirdparty.io.netty.util.concurrent.FastThreadLocalRunnable.run(FastThreadLocalRunnable.java:30)
	... 1 more
Caused by: java.net.ConnectException: Connection refused
	... 11 more
2019-09-24 03:09:32,918 [35dcb943-b51f-4692-b68e-28aa3944273c@group-DFA87D41B1EA:LeaderElection17] INFO  impl.RoleInfo (RoleInfo.java:shutdownLeaderElection(134)) - 35dcb943-b51f-4692-b68e-28aa3944273c: shutdown LeaderElection
2019-09-24 03:09:32,922 [35dcb943-b51f-4692-b68e-28aa3944273c@group-DFA87D41B1EA:LeaderElection17] INFO  impl.RaftServerImpl (RaftServerImpl.java:setRole(174)) - 35dcb943-b51f-4692-b68e-28aa3944273c@group-DFA87D41B1EA: changes role from CANDIDATE to LEADER at term 3 for changeToLeader
2019-09-24 03:09:32,922 [35dcb943-b51f-4692-b68e-28aa3944273c@group-DFA87D41B1EA:LeaderElection17] INFO  impl.RaftServerImpl (ServerState.java:setLeader(253)) - 35dcb943-b51f-4692-b68e-28aa3944273c@group-DFA87D41B1EA: change Leader from null to 35dcb943-b51f-4692-b68e-28aa3944273c at term 3 for becomeLeader, leader elected after 82ms
2019-09-24 03:09:32,922 [35dcb943-b51f-4692-b68e-28aa3944273c@group-DFA87D41B1EA:LeaderElection17] INFO  server.RaftServerConfigKeys (ConfUtils.java:logGet(43)) - raft.server.staging.catchup.gap = 1000 (default)
2019-09-24 03:09:32,922 [35dcb943-b51f-4692-b68e-28aa3944273c@group-DFA87D41B1EA:LeaderElection17] INFO  server.RaftServerConfigKeys (ConfUtils.java:logGet(43)) - raft.server.rpc.sleep.time = 25ms (default)
2019-09-24 03:09:32,922 [35dcb943-b51f-4692-b68e-28aa3944273c@group-DFA87D41B1EA:LeaderElection17] INFO  server.RaftServerConfigKeys (ConfUtils.java:logGet(43)) - raft.server.write.element-limit = 4096 (default)
2019-09-24 03:09:32,923 [35dcb943-b51f-4692-b68e-28aa3944273c@group-DFA87D41B1EA:LeaderElection17] INFO  server.RaftServerConfigKeys (ConfUtils.java:logGet(43)) - raft.server.watch.timeout = 10s (default)
2019-09-24 03:09:32,923 [35dcb943-b51f-4692-b68e-28aa3944273c@group-DFA87D41B1EA:LeaderElection17] INFO  server.RaftServerConfigKeys (ConfUtils.java:logGet(43)) - raft.server.watch.timeout.denomination = 1s (default)
2019-09-24 03:09:32,923 [35dcb943-b51f-4692-b68e-28aa3944273c@group-DFA87D41B1EA:LeaderElection17] INFO  server.RaftServerConfigKeys (ConfUtils.java:logGet(43)) - raft.server.watch.element-limit = 65536 (default)
2019-09-24 03:09:32,925 [35dcb943-b51f-4692-b68e-28aa3944273c@group-DFA87D41B1EA:LeaderElection17] INFO  server.RaftServerConfigKeys (ConfUtils.java:logGet(43)) - raft.server.log.appender.snapshot.chunk.size.max = 16MB (=16777216) (default)
2019-09-24 03:09:32,925 [35dcb943-b51f-4692-b68e-28aa3944273c@group-DFA87D41B1EA:LeaderElection17] INFO  server.RaftServerConfigKeys (ConfUtils.java:logGet(43)) - raft.server.log.appender.buffer.byte-limit = 33554432 (custom)
2019-09-24 03:09:32,926 [35dcb943-b51f-4692-b68e-28aa3944273c@group-DFA87D41B1EA:LeaderElection17] INFO  server.RaftServerConfigKeys (ConfUtils.java:logGet(43)) - raft.server.log.appender.buffer.element-limit = 1 (custom)
2019-09-24 03:09:32,926 [35dcb943-b51f-4692-b68e-28aa3944273c@group-DFA87D41B1EA:LeaderElection17] INFO  grpc.GrpcConfigKeys$Server (ConfUtils.java:logGet(43)) - raft.grpc.server.leader.outstanding.appends.max = 128 (default)
2019-09-24 03:09:32,926 [35dcb943-b51f-4692-b68e-28aa3944273c@group-DFA87D41B1EA:LeaderElection17] INFO  server.RaftServerConfigKeys (ConfUtils.java:logGet(43)) - raft.server.rpc.request.timeout = 3000ms (default)
2019-09-24 03:09:32,926 [35dcb943-b51f-4692-b68e-28aa3944273c@group-DFA87D41B1EA:LeaderElection17] INFO  server.RaftServerConfigKeys (ConfUtils.java:logGet(43)) - raft.server.log.appender.install.snapshot.enabled = false (custom)
2019-09-24 03:09:32,926 [35dcb943-b51f-4692-b68e-28aa3944273c@group-DFA87D41B1EA:LeaderElection17] INFO  server.RaftServerConfigKeys (ConfUtils.java:logGet(43)) - raft.server.log.appender.snapshot.chunk.size.max = 16MB (=16777216) (default)
2019-09-24 03:09:32,926 [35dcb943-b51f-4692-b68e-28aa3944273c@group-DFA87D41B1EA:LeaderElection17] INFO  server.RaftServerConfigKeys (ConfUtils.java:logGet(43)) - raft.server.log.appender.buffer.byte-limit = 33554432 (custom)
2019-09-24 03:09:32,926 [35dcb943-b51f-4692-b68e-28aa3944273c@group-DFA87D41B1EA:LeaderElection17] INFO  server.RaftServerConfigKeys (ConfUtils.java:logGet(43)) - raft.server.log.appender.buffer.element-limit = 1 (custom)
2019-09-24 03:09:32,927 [35dcb943-b51f-4692-b68e-28aa3944273c@group-DFA87D41B1EA:LeaderElection17] INFO  grpc.GrpcConfigKeys$Server (ConfUtils.java:logGet(43)) - raft.grpc.server.leader.outstanding.appends.max = 128 (default)
2019-09-24 03:09:32,927 [35dcb943-b51f-4692-b68e-28aa3944273c@group-DFA87D41B1EA:LeaderElection17] INFO  server.RaftServerConfigKeys (ConfUtils.java:logGet(43)) - raft.server.rpc.request.timeout = 3000ms (default)
2019-09-24 03:09:32,927 [35dcb943-b51f-4692-b68e-28aa3944273c@group-DFA87D41B1EA:LeaderElection17] INFO  server.RaftServerConfigKeys (ConfUtils.java:logGet(43)) - raft.server.log.appender.install.snapshot.enabled = false (custom)
2019-09-24 03:09:32,927 [35dcb943-b51f-4692-b68e-28aa3944273c@group-DFA87D41B1EA:LeaderElection17] INFO  impl.RoleInfo (RoleInfo.java:updateAndGet(143)) - 35dcb943-b51f-4692-b68e-28aa3944273c: start LeaderState
2019-09-24 03:09:32,928 [35dcb943-b51f-4692-b68e-28aa3944273c@group-DFA87D41B1EA:LeaderElection17] INFO  segmented.SegmentedRaftLogWorker (SegmentedRaftLogWorker.java:rollLogSegment(385)) - 35dcb943-b51f-4692-b68e-28aa3944273c@group-DFA87D41B1EA-SegmentedRaftLogWorker: Rolling segment log-0_0 to index:0
2019-09-24 03:09:32,931 [35dcb943-b51f-4692-b68e-28aa3944273c@group-DFA87D41B1EA-SegmentedRaftLogWorker] INFO  segmented.SegmentedRaftLogWorker (SegmentedRaftLogWorker.java:execute(526)) - 35dcb943-b51f-4692-b68e-28aa3944273c@group-DFA87D41B1EA-SegmentedRaftLogWorker: Rolled log segment from /workdir/hadoop-ozone/integration-test/target/test-dir/MiniOzoneClusterImpl-3c9a5054-9541-4e02-9581-fea88c10aa6d/datanode-0/data/ratis/d0a12fd2-a612-4de5-be24-dfa87d41b1ea/current/log_inprogress_0 to /workdir/hadoop-ozone/integration-test/target/test-dir/MiniOzoneClusterImpl-3c9a5054-9541-4e02-9581-fea88c10aa6d/datanode-0/data/ratis/d0a12fd2-a612-4de5-be24-dfa87d41b1ea/current/log_0-0
2019-09-24 03:09:32,934 [35dcb943-b51f-4692-b68e-28aa3944273c@group-DFA87D41B1EA:LeaderElection17] INFO  impl.RaftServerImpl (ServerState.java:setRaftConf(354)) - 35dcb943-b51f-4692-b68e-28aa3944273c@group-DFA87D41B1EA: set configuration 1: [94573a1c-628f-4691-8f5c-95c4939c988a:192.168.151.121:35729, 35dcb943-b51f-4692-b68e-28aa3944273c:192.168.151.121:35115, cca15b09-5d98-4653-bef1-2fe6a3bc31c5:192.168.151.121:38726], old=null at 1
2019-09-24 03:09:32,967 [grpc-default-executor-9] WARN  server.GrpcLogAppender (LogUtils.java:warn(134)) - 35dcb943-b51f-4692-b68e-28aa3944273c@group-DFA87D41B1EA->94573a1c-628f-4691-8f5c-95c4939c988a-AppendLogResponseHandler: Failed appendEntries: org.apache.ratis.thirdparty.io.grpc.StatusRuntimeException: UNAVAILABLE: io exception
2019-09-24 03:09:32,970 [grpc-default-executor-9] INFO  impl.FollowerInfo (FollowerInfo.java:lambda$new$0(51)) - 35dcb943-b51f-4692-b68e-28aa3944273c@group-DFA87D41B1EA->94573a1c-628f-4691-8f5c-95c4939c988a: nextIndex: updateUnconditionally 1 -> 0
2019-09-24 03:09:32,970 [grpc-default-executor-8] INFO  impl.RaftServerImpl (ServerState.java:setLeader(253)) - cca15b09-5d98-4653-bef1-2fe6a3bc31c5@group-DFA87D41B1EA: change Leader from null to 35dcb943-b51f-4692-b68e-28aa3944273c at term 3 for appendEntries, leader elected after 65ms
2019-09-24 03:09:32,977 [grpc-default-executor-8] INFO  impl.RaftServerImpl (ServerState.java:setRaftConf(354)) - cca15b09-5d98-4653-bef1-2fe6a3bc31c5@group-DFA87D41B1EA: set configuration 1: [94573a1c-628f-4691-8f5c-95c4939c988a:192.168.151.121:35729, 35dcb943-b51f-4692-b68e-28aa3944273c:192.168.151.121:35115, cca15b09-5d98-4653-bef1-2fe6a3bc31c5:192.168.151.121:38726], old=null at 1
2019-09-24 03:09:32,977 [grpc-default-executor-8] INFO  segmented.SegmentedRaftLogWorker (SegmentedRaftLogWorker.java:rollLogSegment(385)) - cca15b09-5d98-4653-bef1-2fe6a3bc31c5@group-DFA87D41B1EA-SegmentedRaftLogWorker: Rolling segment log-0_0 to index:0
2019-09-24 03:09:32,980 [cca15b09-5d98-4653-bef1-2fe6a3bc31c5@group-DFA87D41B1EA-SegmentedRaftLogWorker] INFO  segmented.SegmentedRaftLogWorker (SegmentedRaftLogWorker.java:execute(526)) - cca15b09-5d98-4653-bef1-2fe6a3bc31c5@group-DFA87D41B1EA-SegmentedRaftLogWorker: Rolled log segment from /workdir/hadoop-ozone/integration-test/target/test-dir/MiniOzoneClusterImpl-3c9a5054-9541-4e02-9581-fea88c10aa6d/datanode-5/data/ratis/d0a12fd2-a612-4de5-be24-dfa87d41b1ea/current/log_inprogress_0 to /workdir/hadoop-ozone/integration-test/target/test-dir/MiniOzoneClusterImpl-3c9a5054-9541-4e02-9581-fea88c10aa6d/datanode-5/data/ratis/d0a12fd2-a612-4de5-be24-dfa87d41b1ea/current/log_0-0
2019-09-24 03:09:32,980 [35dcb943-b51f-4692-b68e-28aa3944273c@group-DFA87D41B1EA-SegmentedRaftLogWorker] INFO  segmented.SegmentedRaftLogWorker (SegmentedRaftLogWorker.java:execute(569)) - 35dcb943-b51f-4692-b68e-28aa3944273c@group-DFA87D41B1EA-SegmentedRaftLogWorker: created new log segment /workdir/hadoop-ozone/integration-test/target/test-dir/MiniOzoneClusterImpl-3c9a5054-9541-4e02-9581-fea88c10aa6d/datanode-0/data/ratis/d0a12fd2-a612-4de5-be24-dfa87d41b1ea/current/log_inprogress_1
2019-09-24 03:09:33,064 [cca15b09-5d98-4653-bef1-2fe6a3bc31c5@group-DFA87D41B1EA-SegmentedRaftLogWorker] INFO  segmented.SegmentedRaftLogWorker (SegmentedRaftLogWorker.java:execute(569)) - cca15b09-5d98-4653-bef1-2fe6a3bc31c5@group-DFA87D41B1EA-SegmentedRaftLogWorker: created new log segment /workdir/hadoop-ozone/integration-test/target/test-dir/MiniOzoneClusterImpl-3c9a5054-9541-4e02-9581-fea88c10aa6d/datanode-5/data/ratis/d0a12fd2-a612-4de5-be24-dfa87d41b1ea/current/log_inprogress_1
2019-09-24 03:09:33,089 [grpc-default-executor-7] WARN  server.GrpcLogAppender (LogUtils.java:warn(134)) - 35dcb943-b51f-4692-b68e-28aa3944273c@group-DFA87D41B1EA->94573a1c-628f-4691-8f5c-95c4939c988a-AppendLogResponseHandler: Failed appendEntries: org.apache.ratis.thirdparty.io.grpc.StatusRuntimeException: UNAVAILABLE: io exception
2019-09-24 03:09:33,090 [grpc-default-executor-7] INFO  impl.FollowerInfo (FollowerInfo.java:lambda$new$0(51)) - 35dcb943-b51f-4692-b68e-28aa3944273c@group-DFA87D41B1EA->94573a1c-628f-4691-8f5c-95c4939c988a: nextIndex: updateUnconditionally 1 -> 0
2019-09-24 03:09:33,097 [grpc-default-executor-7] WARN  server.GrpcLogAppender (LogUtils.java:warn(134)) - 35dcb943-b51f-4692-b68e-28aa3944273c@group-DFA87D41B1EA->94573a1c-628f-4691-8f5c-95c4939c988a-AppendLogResponseHandler: Failed appendEntries: org.apache.ratis.thirdparty.io.grpc.StatusRuntimeException: UNAVAILABLE: io exception
2019-09-24 03:09:33,098 [grpc-default-executor-7] INFO  impl.FollowerInfo (FollowerInfo.java:lambda$new$0(51)) - 35dcb943-b51f-4692-b68e-28aa3944273c@group-DFA87D41B1EA->94573a1c-628f-4691-8f5c-95c4939c988a: nextIndex: updateUnconditionally 1 -> 0
2019-09-24 03:09:35,601 [grpc-default-executor-7] WARN  server.GrpcLogAppender (LogUtils.java:warn(134)) - 35dcb943-b51f-4692-b68e-28aa3944273c@group-DFA87D41B1EA->94573a1c-628f-4691-8f5c-95c4939c988a-AppendLogResponseHandler: Failed appendEntries: org.apache.ratis.thirdparty.io.grpc.StatusRuntimeException: UNAVAILABLE: io exception
2019-09-24 03:09:35,603 [grpc-default-executor-7] INFO  impl.FollowerInfo (FollowerInfo.java:lambda$new$0(51)) - 35dcb943-b51f-4692-b68e-28aa3944273c@group-DFA87D41B1EA->94573a1c-628f-4691-8f5c-95c4939c988a: nextIndex: updateUnconditionally 0 -> 0
2019-09-24 03:09:36,087 [main] INFO  ozoneimpl.OzoneContainer (OzoneContainer.java:stop(231)) - Attempting to stop container services.
2019-09-24 03:09:36,088 [main] INFO  impl.RaftServerProxy (RaftServerProxy.java:lambda$close$4(314)) - 6f396628-19e5-4ddc-b9c6-a68c9abd3c36: close
2019-09-24 03:09:36,089 [main] INFO  impl.RaftServerImpl (RaftServerImpl.java:lambda$shutdown$3(251)) - 6f396628-19e5-4ddc-b9c6-a68c9abd3c36@group-73AA4C22A13A: shutdown
2019-09-24 03:09:36,089 [main] INFO  util.JmxRegister (JmxRegister.java:unregister(73)) - Successfully un-registered JMX Bean with object name Ratis:service=RaftServer,group=group-73AA4C22A13A,id=6f396628-19e5-4ddc-b9c6-a68c9abd3c36
2019-09-24 03:09:36,089 [main] INFO  impl.RoleInfo (RoleInfo.java:shutdownLeaderState(104)) - 6f396628-19e5-4ddc-b9c6-a68c9abd3c36: shutdown LeaderState
2019-09-24 03:09:36,090 [main] INFO  impl.PendingRequests (PendingRequests.java:sendNotLeaderResponses(202)) - 6f396628-19e5-4ddc-b9c6-a68c9abd3c36-PendingRequests: sendNotLeaderResponses
2019-09-24 03:09:36,090 [ForkJoinPool.commonPool-worker-0] INFO  ozoneimpl.OzoneContainer (OzoneContainer.java:stop(231)) - Attempting to stop container services.
2019-09-24 03:09:36,091 [main] INFO  impl.StateMachineUpdater (StateMachineUpdater.java:stopAndJoin(125)) - 6f396628-19e5-4ddc-b9c6-a68c9abd3c36@group-73AA4C22A13A-StateMachineUpdater: set stopIndex = 0
2019-09-24 03:09:36,091 [ForkJoinPool.commonPool-worker-0] INFO  impl.RaftServerProxy (RaftServerProxy.java:lambda$close$4(314)) - 35dcb943-b51f-4692-b68e-28aa3944273c: close
2019-09-24 03:09:36,091 [main] INFO  impl.RaftServerImpl (ServerState.java:close(385)) - 6f396628-19e5-4ddc-b9c6-a68c9abd3c36@group-73AA4C22A13A: closes. applyIndex: 0
2019-09-24 03:09:36,091 [ForkJoinPool.commonPool-worker-0] INFO  impl.RaftServerImpl (RaftServerImpl.java:lambda$shutdown$3(251)) - 35dcb943-b51f-4692-b68e-28aa3944273c@group-0CF08555900F: shutdown
2019-09-24 03:09:36,092 [6f396628-19e5-4ddc-b9c6-a68c9abd3c36@group-73AA4C22A13A-SegmentedRaftLogWorker] INFO  segmented.SegmentedRaftLogWorker (SegmentedRaftLogWorker.java:run(313)) - 6f396628-19e5-4ddc-b9c6-a68c9abd3c36@group-73AA4C22A13A-SegmentedRaftLogWorker was interrupted, exiting. There are 0 tasks remaining in the queue.
2019-09-24 03:09:36,092 [ForkJoinPool.commonPool-worker-0] INFO  util.JmxRegister (JmxRegister.java:unregister(73)) - Successfully un-registered JMX Bean with object name Ratis:service=RaftServer,group=group-0CF08555900F,id=35dcb943-b51f-4692-b68e-28aa3944273c
2019-09-24 03:09:36,094 [ForkJoinPool.commonPool-worker-0] INFO  impl.RoleInfo (RoleInfo.java:shutdownLeaderState(104)) - 35dcb943-b51f-4692-b68e-28aa3944273c: shutdown LeaderState
2019-09-24 03:09:36,094 [main] INFO  segmented.SegmentedRaftLogWorker (SegmentedRaftLogWorker.java:close(228)) - 6f396628-19e5-4ddc-b9c6-a68c9abd3c36@group-73AA4C22A13A-SegmentedRaftLogWorker close()
2019-09-24 03:09:36,094 [ForkJoinPool.commonPool-worker-0] INFO  impl.PendingRequests (PendingRequests.java:sendNotLeaderResponses(202)) - 35dcb943-b51f-4692-b68e-28aa3944273c-PendingRequests: sendNotLeaderResponses
2019-09-24 03:09:36,097 [main] INFO  impl.RaftServerImpl (RaftServerImpl.java:lambda$shutdown$3(251)) - 6f396628-19e5-4ddc-b9c6-a68c9abd3c36@group-7AC681A6C483: shutdown
2019-09-24 03:09:36,097 [ForkJoinPool.commonPool-worker-0] INFO  impl.StateMachineUpdater (StateMachineUpdater.java:stopAndJoin(125)) - 35dcb943-b51f-4692-b68e-28aa3944273c@group-0CF08555900F-StateMachineUpdater: set stopIndex = 0
2019-09-24 03:09:36,098 [main] INFO  util.JmxRegister (JmxRegister.java:unregister(73)) - Successfully un-registered JMX Bean with object name Ratis:service=RaftServer,group=group-7AC681A6C483,id=6f396628-19e5-4ddc-b9c6-a68c9abd3c36
2019-09-24 03:09:36,098 [ForkJoinPool.commonPool-worker-0] INFO  impl.RaftServerImpl (ServerState.java:close(385)) - 35dcb943-b51f-4692-b68e-28aa3944273c@group-0CF08555900F: closes. applyIndex: 0
2019-09-24 03:09:36,098 [main] INFO  impl.RoleInfo (RoleInfo.java:shutdownFollowerState(121)) - 6f396628-19e5-4ddc-b9c6-a68c9abd3c36: shutdown FollowerState
2019-09-24 03:09:36,099 [35dcb943-b51f-4692-b68e-28aa3944273c@group-0CF08555900F-SegmentedRaftLogWorker] INFO  segmented.SegmentedRaftLogWorker (SegmentedRaftLogWorker.java:run(313)) - 35dcb943-b51f-4692-b68e-28aa3944273c@group-0CF08555900F-SegmentedRaftLogWorker was interrupted, exiting. There are 0 tasks remaining in the queue.
2019-09-24 03:09:36,099 [main] INFO  impl.StateMachineUpdater (StateMachineUpdater.java:stopAndJoin(125)) - 6f396628-19e5-4ddc-b9c6-a68c9abd3c36@group-7AC681A6C483-StateMachineUpdater: set stopIndex = 0
2019-09-24 03:09:36,100 [ForkJoinPool.commonPool-worker-0] INFO  segmented.SegmentedRaftLogWorker (SegmentedRaftLogWorker.java:close(228)) - 35dcb943-b51f-4692-b68e-28aa3944273c@group-0CF08555900F-SegmentedRaftLogWorker close()
2019-09-24 03:09:36,099 [Thread-536] INFO  impl.FollowerState (FollowerState.java:run(115)) - 6f396628-19e5-4ddc-b9c6-a68c9abd3c36: FollowerState was interrupted: java.lang.InterruptedException: sleep interrupted
2019-09-24 03:09:36,102 [ForkJoinPool.commonPool-worker-0] INFO  impl.RaftServerImpl (RaftServerImpl.java:lambda$shutdown$3(251)) - 35dcb943-b51f-4692-b68e-28aa3944273c@group-DFA87D41B1EA: shutdown
2019-09-24 03:09:36,101 [main] INFO  impl.RaftServerImpl (ServerState.java:close(385)) - 6f396628-19e5-4ddc-b9c6-a68c9abd3c36@group-7AC681A6C483: closes. applyIndex: 0
2019-09-24 03:09:36,103 [ForkJoinPool.commonPool-worker-0] INFO  util.JmxRegister (JmxRegister.java:unregister(73)) - Successfully un-registered JMX Bean with object name Ratis:service=RaftServer,group=group-DFA87D41B1EA,id=35dcb943-b51f-4692-b68e-28aa3944273c
2019-09-24 03:09:36,104 [ForkJoinPool.commonPool-worker-0] INFO  impl.RoleInfo (RoleInfo.java:shutdownLeaderState(104)) - 35dcb943-b51f-4692-b68e-28aa3944273c: shutdown LeaderState
2019-09-24 03:09:36,104 [6f396628-19e5-4ddc-b9c6-a68c9abd3c36@group-7AC681A6C483-SegmentedRaftLogWorker] INFO  segmented.SegmentedRaftLogWorker (SegmentedRaftLogWorker.java:run(313)) - 6f396628-19e5-4ddc-b9c6-a68c9abd3c36@group-7AC681A6C483-SegmentedRaftLogWorker was interrupted, exiting. There are 0 tasks remaining in the queue.
2019-09-24 03:09:36,106 [ForkJoinPool.commonPool-worker-0] INFO  impl.PendingRequests (PendingRequests.java:sendNotLeaderResponses(202)) - 35dcb943-b51f-4692-b68e-28aa3944273c-PendingRequests: sendNotLeaderResponses
2019-09-24 03:09:36,105 [org.apache.ratis.server.impl.LogAppender$AppenderDaemon$$Lambda$416/65499852@6372b7ae] WARN  server.GrpcLogAppender (GrpcLogAppender.java:mayWait(143)) - 35dcb943-b51f-4692-b68e-28aa3944273c@group-DFA87D41B1EA->94573a1c-628f-4691-8f5c-95c4939c988a-GrpcLogAppender: Wait interrupted by java.lang.InterruptedException
2019-09-24 03:09:36,106 [main] INFO  segmented.SegmentedRaftLogWorker (SegmentedRaftLogWorker.java:close(228)) - 6f396628-19e5-4ddc-b9c6-a68c9abd3c36@group-7AC681A6C483-SegmentedRaftLogWorker close()
2019-09-24 03:09:36,106 [org.apache.ratis.server.impl.LogAppender$AppenderDaemon$$Lambda$416/65499852@37afbee2] WARN  server.GrpcLogAppender (GrpcLogAppender.java:mayWait(143)) - 35dcb943-b51f-4692-b68e-28aa3944273c@group-DFA87D41B1EA->cca15b09-5d98-4653-bef1-2fe6a3bc31c5-GrpcLogAppender: Wait interrupted by java.lang.InterruptedException
2019-09-24 03:09:36,112 [main] INFO  server.GrpcService (GrpcService.java:closeImpl(164)) - 6f396628-19e5-4ddc-b9c6-a68c9abd3c36: shutdown server with port 43628 now
2019-09-24 03:09:36,108 [ForkJoinPool.commonPool-worker-0] INFO  impl.StateMachineUpdater (StateMachineUpdater.java:stopAndJoin(125)) - 35dcb943-b51f-4692-b68e-28aa3944273c@group-DFA87D41B1EA-StateMachineUpdater: set stopIndex = 2
2019-09-24 03:09:36,115 [ForkJoinPool.commonPool-worker-0] INFO  impl.RaftServerImpl (ServerState.java:close(385)) - 35dcb943-b51f-4692-b68e-28aa3944273c@group-DFA87D41B1EA: closes. applyIndex: 2
2019-09-24 03:09:36,116 [grpc-default-executor-7] INFO  server.GrpcServerProtocolService (GrpcServerProtocolService.java:onCompleted(113)) - cca15b09-5d98-4653-bef1-2fe6a3bc31c5: Completed APPEND_ENTRIES, lastRequest: 35dcb943-b51f-4692-b68e-28aa3944273c->cca15b09-5d98-4653-bef1-2fe6a3bc31c5#3-t3, previous=(t:3, i:2), leaderCommit=2, initializing? false, entries: <empty>
2019-09-24 03:09:36,115 [main] INFO  server.GrpcService (GrpcService.java:closeImpl(172)) - 6f396628-19e5-4ddc-b9c6-a68c9abd3c36: shutdown server with port 43628 successfully
2019-09-24 03:09:36,116 [35dcb943-b51f-4692-b68e-28aa3944273c@group-DFA87D41B1EA-SegmentedRaftLogWorker] INFO  segmented.SegmentedRaftLogWorker (SegmentedRaftLogWorker.java:run(313)) - 35dcb943-b51f-4692-b68e-28aa3944273c@group-DFA87D41B1EA-SegmentedRaftLogWorker was interrupted, exiting. There are 0 tasks remaining in the queue.
2019-09-24 03:09:36,117 [grpc-default-executor-8] INFO  server.GrpcLogAppender (GrpcLogAppender.java:onCompleted(293)) - 35dcb943-b51f-4692-b68e-28aa3944273c@group-DFA87D41B1EA->cca15b09-5d98-4653-bef1-2fe6a3bc31c5-AppendLogResponseHandler: follower responses appendEntries COMPLETED
2019-09-24 03:09:36,117 [ForkJoinPool.commonPool-worker-0] INFO  segmented.SegmentedRaftLogWorker (SegmentedRaftLogWorker.java:close(228)) - 35dcb943-b51f-4692-b68e-28aa3944273c@group-DFA87D41B1EA-SegmentedRaftLogWorker close()
2019-09-24 03:09:36,119 [grpc-default-executor-8] INFO  impl.FollowerInfo (FollowerInfo.java:lambda$new$0(51)) - 35dcb943-b51f-4692-b68e-28aa3944273c@group-DFA87D41B1EA->cca15b09-5d98-4653-bef1-2fe6a3bc31c5: nextIndex: updateUnconditionally 3 -> 2
2019-09-24 03:09:36,122 [ForkJoinPool.commonPool-worker-0] INFO  server.GrpcService (GrpcService.java:closeImpl(164)) - 35dcb943-b51f-4692-b68e-28aa3944273c: shutdown server with port 35115 now
2019-09-24 03:09:36,123 [refreshUsed-/workdir/hadoop-ozone/integration-test/target/test-dir/MiniOzoneClusterImpl-3c9a5054-9541-4e02-9581-fea88c10aa6d/datanode-6/data/containers] WARN  fs.CachingGetSpaceUsed (CachingGetSpaceUsed.java:run(183)) - Thread Interrupted waiting to refresh disk information: sleep interrupted
2019-09-24 03:09:36,124 [ForkJoinPool.commonPool-worker-0] INFO  server.GrpcService (GrpcService.java:closeImpl(172)) - 35dcb943-b51f-4692-b68e-28aa3944273c: shutdown server with port 35115 successfully
2019-09-24 03:09:36,127 [refreshUsed-/workdir/hadoop-ozone/integration-test/target/test-dir/MiniOzoneClusterImpl-3c9a5054-9541-4e02-9581-fea88c10aa6d/datanode-0/data/containers] WARN  fs.CachingGetSpaceUsed (CachingGetSpaceUsed.java:run(183)) - Thread Interrupted waiting to refresh disk information: sleep interrupted
2019-09-24 03:09:36,146 [ForkJoinPool.commonPool-worker-0] INFO  utils.BackgroundService (BackgroundService.java:shutdown(148)) - Shutting down service BlockDeletingService
2019-09-24 03:09:36,146 [main] INFO  utils.BackgroundService (BackgroundService.java:shutdown(148)) - Shutting down service BlockDeletingService
2019-09-24 03:09:36,150 [ForkJoinPool.commonPool-worker-0] INFO  statemachine.DatanodeStateMachine (DatanodeStateMachine.java:stopDaemon(395)) - Ozone container server stopped.
2019-09-24 03:09:36,154 [main] INFO  statemachine.DatanodeStateMachine (DatanodeStateMachine.java:stopDaemon(395)) - Ozone container server stopped.
2019-09-24 03:09:36,156 [ForkJoinPool.commonPool-worker-0] INFO  handler.ContextHandler (ContextHandler.java:doStop(910)) - Stopped o.e.j.w.WebAppContext@68a4dcc6{/,null,UNAVAILABLE}{/hddsDatanode}
2019-09-24 03:09:36,156 [main] INFO  handler.ContextHandler (ContextHandler.java:doStop(910)) - Stopped o.e.j.w.WebAppContext@6c841199{/,null,UNAVAILABLE}{/hddsDatanode}
2019-09-24 03:09:36,156 [ForkJoinPool.commonPool-worker-0] INFO  server.AbstractConnector (AbstractConnector.java:doStop(318)) - Stopped ServerConnector@646c0a67{HTTP/1.1,[http/1.1]}{0.0.0.0:0}
2019-09-24 03:09:36,157 [ForkJoinPool.commonPool-worker-0] INFO  handler.ContextHandler (ContextHandler.java:doStop(910)) - Stopped o.e.j.s.ServletContextHandler@63c12e52{/static,jar:file:/home/user/.m2/repository/org/apache/hadoop/hadoop-hdds-container-service/0.5.0-SNAPSHOT/hadoop-hdds-container-service-0.5.0-SNAPSHOT.jar!/webapps/static,UNAVAILABLE}
2019-09-24 03:09:36,158 [main] INFO  server.AbstractConnector (AbstractConnector.java:doStop(318)) - Stopped ServerConnector@6a818392{HTTP/1.1,[http/1.1]}{0.0.0.0:0}
2019-09-24 03:09:36,159 [ForkJoinPool.commonPool-worker-0] INFO  handler.ContextHandler (ContextHandler.java:doStop(910)) - Stopped o.e.j.s.ServletContextHandler@75ae4a1f{/logs,file:///workdir/hadoop-ozone/integration-test/target/log,UNAVAILABLE}
2019-09-24 03:09:36,159 [main] INFO  handler.ContextHandler (ContextHandler.java:doStop(910)) - Stopped o.e.j.s.ServletContextHandler@4adc663e{/static,jar:file:/home/user/.m2/repository/org/apache/hadoop/hadoop-hdds-container-service/0.5.0-SNAPSHOT/hadoop-hdds-container-service-0.5.0-SNAPSHOT.jar!/webapps/static,UNAVAILABLE}
2019-09-24 03:09:36,160 [main] INFO  handler.ContextHandler (ContextHandler.java:doStop(910)) - Stopped o.e.j.s.ServletContextHandler@7d3fb0ef{/logs,file:///workdir/hadoop-ozone/integration-test/target/log,UNAVAILABLE}
2019-09-24 03:09:36,252 [Datanode State Machine Thread - 0] INFO  statemachine.DatanodeStateMachine (DatanodeStateMachine.java:lambda$startDaemon$0(350)) - Ozone container server started.
2019-09-24 03:09:41,160 [ForkJoinPool.commonPool-worker-0] INFO  ozoneimpl.OzoneContainer (OzoneContainer.java:stop(231)) - Attempting to stop container services.
2019-09-24 03:09:41,161 [ForkJoinPool.commonPool-worker-0] INFO  impl.RaftServerProxy (RaftServerProxy.java:lambda$close$4(314)) - cca15b09-5d98-4653-bef1-2fe6a3bc31c5: close
2019-09-24 03:09:41,161 [ForkJoinPool.commonPool-worker-0] INFO  impl.RaftServerImpl (RaftServerImpl.java:lambda$shutdown$3(251)) - cca15b09-5d98-4653-bef1-2fe6a3bc31c5@group-DFA87D41B1EA: shutdown
2019-09-24 03:09:41,162 [ForkJoinPool.commonPool-worker-0] INFO  util.JmxRegister (JmxRegister.java:unregister(73)) - Successfully un-registered JMX Bean with object name Ratis:service=RaftServer,group=group-DFA87D41B1EA,id=cca15b09-5d98-4653-bef1-2fe6a3bc31c5
2019-09-24 03:09:41,162 [ForkJoinPool.commonPool-worker-0] INFO  impl.RoleInfo (RoleInfo.java:shutdownFollowerState(121)) - cca15b09-5d98-4653-bef1-2fe6a3bc31c5: shutdown FollowerState
2019-09-24 03:09:41,162 [ForkJoinPool.commonPool-worker-0] INFO  impl.StateMachineUpdater (StateMachineUpdater.java:stopAndJoin(125)) - cca15b09-5d98-4653-bef1-2fe6a3bc31c5@group-DFA87D41B1EA-StateMachineUpdater: set stopIndex = 2
2019-09-24 03:09:41,162 [Thread-540] INFO  impl.FollowerState (FollowerState.java:run(115)) - cca15b09-5d98-4653-bef1-2fe6a3bc31c5: FollowerState was interrupted: java.lang.InterruptedException: sleep interrupted
2019-09-24 03:09:41,164 [ForkJoinPool.commonPool-worker-0] INFO  impl.RaftServerImpl (ServerState.java:close(385)) - cca15b09-5d98-4653-bef1-2fe6a3bc31c5@group-DFA87D41B1EA: closes. applyIndex: 2
2019-09-24 03:09:41,164 [cca15b09-5d98-4653-bef1-2fe6a3bc31c5@group-DFA87D41B1EA-SegmentedRaftLogWorker] INFO  segmented.SegmentedRaftLogWorker (SegmentedRaftLogWorker.java:run(313)) - cca15b09-5d98-4653-bef1-2fe6a3bc31c5@group-DFA87D41B1EA-SegmentedRaftLogWorker was interrupted, exiting. There are 0 tasks remaining in the queue.
2019-09-24 03:09:41,165 [ForkJoinPool.commonPool-worker-0] INFO  segmented.SegmentedRaftLogWorker (SegmentedRaftLogWorker.java:close(228)) - cca15b09-5d98-4653-bef1-2fe6a3bc31c5@group-DFA87D41B1EA-SegmentedRaftLogWorker close()
2019-09-24 03:09:41,166 [ForkJoinPool.commonPool-worker-0] INFO  impl.RaftServerImpl (RaftServerImpl.java:lambda$shutdown$3(251)) - cca15b09-5d98-4653-bef1-2fe6a3bc31c5@group-2ED742721629: shutdown
2019-09-24 03:09:41,166 [ForkJoinPool.commonPool-worker-0] INFO  util.JmxRegister (JmxRegister.java:unregister(73)) - Successfully un-registered JMX Bean with object name Ratis:service=RaftServer,group=group-2ED742721629,id=cca15b09-5d98-4653-bef1-2fe6a3bc31c5
2019-09-24 03:09:41,166 [ForkJoinPool.commonPool-worker-0] INFO  impl.RoleInfo (RoleInfo.java:shutdownLeaderState(104)) - cca15b09-5d98-4653-bef1-2fe6a3bc31c5: shutdown LeaderState
2019-09-24 03:09:41,167 [ForkJoinPool.commonPool-worker-0] INFO  impl.PendingRequests (PendingRequests.java:sendNotLeaderResponses(202)) - cca15b09-5d98-4653-bef1-2fe6a3bc31c5-PendingRequests: sendNotLeaderResponses
2019-09-24 03:09:41,167 [ForkJoinPool.commonPool-worker-0] INFO  impl.StateMachineUpdater (StateMachineUpdater.java:stopAndJoin(125)) - cca15b09-5d98-4653-bef1-2fe6a3bc31c5@group-2ED742721629-StateMachineUpdater: set stopIndex = 0
2019-09-24 03:09:41,168 [ForkJoinPool.commonPool-worker-0] INFO  impl.RaftServerImpl (ServerState.java:close(385)) - cca15b09-5d98-4653-bef1-2fe6a3bc31c5@group-2ED742721629: closes. applyIndex: 0
2019-09-24 03:09:41,168 [cca15b09-5d98-4653-bef1-2fe6a3bc31c5@group-2ED742721629-SegmentedRaftLogWorker] INFO  segmented.SegmentedRaftLogWorker (SegmentedRaftLogWorker.java:run(313)) - cca15b09-5d98-4653-bef1-2fe6a3bc31c5@group-2ED742721629-SegmentedRaftLogWorker was interrupted, exiting. There are 0 tasks remaining in the queue.
2019-09-24 03:09:41,168 [ForkJoinPool.commonPool-worker-0] INFO  segmented.SegmentedRaftLogWorker (SegmentedRaftLogWorker.java:close(228)) - cca15b09-5d98-4653-bef1-2fe6a3bc31c5@group-2ED742721629-SegmentedRaftLogWorker close()
2019-09-24 03:09:41,169 [ForkJoinPool.commonPool-worker-0] INFO  server.GrpcService (GrpcService.java:closeImpl(164)) - cca15b09-5d98-4653-bef1-2fe6a3bc31c5: shutdown server with port 38726 now
2019-09-24 03:09:41,171 [ForkJoinPool.commonPool-worker-0] INFO  server.GrpcService (GrpcService.java:closeImpl(172)) - cca15b09-5d98-4653-bef1-2fe6a3bc31c5: shutdown server with port 38726 successfully
2019-09-24 03:09:41,174 [refreshUsed-/workdir/hadoop-ozone/integration-test/target/test-dir/MiniOzoneClusterImpl-3c9a5054-9541-4e02-9581-fea88c10aa6d/datanode-5/data/containers] WARN  fs.CachingGetSpaceUsed (CachingGetSpaceUsed.java:run(183)) - Thread Interrupted waiting to refresh disk information: sleep interrupted
2019-09-24 03:09:41,189 [ForkJoinPool.commonPool-worker-0] INFO  utils.BackgroundService (BackgroundService.java:shutdown(148)) - Shutting down service BlockDeletingService
2019-09-24 03:09:41,191 [ForkJoinPool.commonPool-worker-0] INFO  statemachine.DatanodeStateMachine (DatanodeStateMachine.java:stopDaemon(395)) - Ozone container server stopped.
2019-09-24 03:09:41,193 [ForkJoinPool.commonPool-worker-0] INFO  handler.ContextHandler (ContextHandler.java:doStop(910)) - Stopped o.e.j.w.WebAppContext@ae2db25{/,null,UNAVAILABLE}{/hddsDatanode}
2019-09-24 03:09:41,194 [ForkJoinPool.commonPool-worker-0] INFO  server.AbstractConnector (AbstractConnector.java:doStop(318)) - Stopped ServerConnector@363c4251{HTTP/1.1,[http/1.1]}{0.0.0.0:0}
2019-09-24 03:09:41,194 [ForkJoinPool.commonPool-worker-0] INFO  handler.ContextHandler (ContextHandler.java:doStop(910)) - Stopped o.e.j.s.ServletContextHandler@26586b74{/static,jar:file:/home/user/.m2/repository/org/apache/hadoop/hadoop-hdds-container-service/0.5.0-SNAPSHOT/hadoop-hdds-container-service-0.5.0-SNAPSHOT.jar!/webapps/static,UNAVAILABLE}
2019-09-24 03:09:41,195 [ForkJoinPool.commonPool-worker-0] INFO  handler.ContextHandler (ContextHandler.java:doStop(910)) - Stopped o.e.j.s.ServletContextHandler@12d5c30e{/logs,file:///workdir/hadoop-ozone/integration-test/target/log,UNAVAILABLE}
2019-09-24 03:09:41,196 [main] INFO  ozone.MiniOzoneClusterImpl (MiniOzoneClusterImpl.java:stopSCM(392)) - Stopping the StorageContainerManager
2019-09-24 03:09:41,196 [main] INFO  server.StorageContainerManager (StorageContainerManager.java:stop(808)) - Stopping Replication Manager Service.
2019-09-24 03:09:41,196 [main] INFO  container.ReplicationManager (ReplicationManager.java:stop(203)) - Stopping Replication Monitor Thread.
2019-09-24 03:09:41,197 [main] INFO  server.StorageContainerManager (StorageContainerManager.java:stop(815)) - Stopping Lease Manager of the command watchers
2019-09-24 03:09:41,197 [main] INFO  server.StorageContainerManager (StorageContainerManager.java:stop(822)) - Stopping datanode service RPC server
2019-09-24 03:09:41,197 [main] INFO  server.SCMDatanodeProtocolServer (SCMDatanodeProtocolServer.java:stop(367)) - Stopping the RPC server for DataNodes
2019-09-24 03:09:41,197 [main] INFO  ipc.Server (Server.java:stop(3082)) - Stopping server on 36828
2019-09-24 03:09:41,199 [IPC Server Responder] INFO  ipc.Server (Server.java:run(1319)) - Stopping IPC Server Responder
2019-09-24 03:09:41,199 [IPC Server listener on 36828] INFO  ipc.Server (Server.java:run(1185)) - Stopping IPC Server listener on 36828
2019-09-24 03:09:41,279 [SCM Heartbeat Processing Thread - 0] WARN  node.NodeStateManager (NodeStateManager.java:scheduleNextHealthCheck(646)) - Current Thread is interrupted, shutting down HB processing thread for Node Manager.
2019-09-24 03:09:41,279 [main] INFO  server.StorageContainerManager (StorageContainerManager.java:stop(830)) - Stopping block service RPC server
2019-09-24 03:09:41,280 [main] INFO  server.SCMBlockProtocolServer (SCMBlockProtocolServer.java:stop(155)) - Stopping the RPC server for Block Protocol
2019-09-24 03:09:41,280 [main] INFO  ipc.Server (Server.java:stop(3082)) - Stopping server on 39978
2019-09-24 03:09:41,282 [IPC Server listener on 39978] INFO  ipc.Server (Server.java:run(1185)) - Stopping IPC Server listener on 39978
2019-09-24 03:09:41,282 [main] INFO  server.StorageContainerManager (StorageContainerManager.java:stop(837)) - Stopping the StorageContainerLocationProtocol RPC server
2019-09-24 03:09:41,282 [IPC Server Responder] INFO  ipc.Server (Server.java:run(1319)) - Stopping IPC Server Responder
2019-09-24 03:09:41,282 [main] INFO  server.SCMClientProtocolServer (SCMClientProtocolServer.java:stop(159)) - Stopping the RPC server for Client Protocol
2019-09-24 03:09:41,282 [main] INFO  ipc.Server (Server.java:stop(3082)) - Stopping server on 35381
2019-09-24 03:09:41,284 [IPC Server listener on 35381] INFO  ipc.Server (Server.java:run(1185)) - Stopping IPC Server listener on 35381
2019-09-24 03:09:41,284 [IPC Server Responder] INFO  ipc.Server (Server.java:run(1319)) - Stopping IPC Server Responder
2019-09-24 03:09:41,284 [main] INFO  server.StorageContainerManager (StorageContainerManager.java:stop(844)) - Stopping Storage Container Manager HTTP server.
2019-09-24 03:09:41,285 [main] INFO  handler.ContextHandler (ContextHandler.java:doStop(910)) - Stopped o.e.j.w.WebAppContext@db44aa2{/,null,UNAVAILABLE}{/scm}
2019-09-24 03:09:41,286 [main] INFO  server.AbstractConnector (AbstractConnector.java:doStop(318)) - Stopped ServerConnector@59a67c3a{HTTP/1.1,[http/1.1]}{0.0.0.0:0}
2019-09-24 03:09:41,286 [main] INFO  handler.ContextHandler (ContextHandler.java:doStop(910)) - Stopped o.e.j.s.ServletContextHandler@260e86a1{/static,file:///workdir/hadoop-ozone/integration-test/target/test-classes/webapps/static,UNAVAILABLE}
2019-09-24 03:09:41,286 [main] INFO  handler.ContextHandler (ContextHandler.java:doStop(910)) - Stopped o.e.j.s.ServletContextHandler@4aa83f4f{/logs,file:///workdir/hadoop-ozone/integration-test/target/log,UNAVAILABLE}
2019-09-24 03:09:41,287 [main] INFO  server.StorageContainerManager (StorageContainerManager.java:stop(855)) - Stopping Block Manager Service.
2019-09-24 03:09:41,287 [main] INFO  utils.BackgroundService (BackgroundService.java:shutdown(148)) - Shutting down service SCMBlockDeletingService
2019-09-24 03:09:41,288 [main] INFO  utils.BackgroundService (BackgroundService.java:shutdown(148)) - Shutting down service SCMBlockDeletingService
2019-09-24 03:09:41,288 [main] INFO  server.StorageContainerManager (StorageContainerManager.java:stop(877)) - Stopping SCM Event Queue.
2019-09-24 03:09:41,294 [main] INFO  impl.MetricsSystemImpl (MetricsSystemImpl.java:stop(210)) - Stopping ratis metrics system...
2019-09-24 03:09:41,303 [prometheus] INFO  impl.MetricsSinkAdapter (MetricsSinkAdapter.java:publishMetricsFromQueue(141)) - prometheus thread interrupted.
2019-09-24 03:09:41,303 [main] INFO  impl.MetricsSystemImpl (MetricsSystemImpl.java:stop(216)) - ratis metrics system stopped.
]]></system-out>
    <system-err><![CDATA[ERROR StatusLogger No Log4j 2 configuration file found. Using default configuration (logging only errors to the console), or user programmatically provided configurations. Set system property 'log4j2.debug' to show Log4j 2 internal initialization logging. See https://logging.apache.org/log4j/2.x/manual/configuration.html for instructions on how to configure Log4j 2
]]></system-err>
  </testcase>
  <testcase name="testMaxRetriesByOzoneClient" classname="org.apache.hadoop.ozone.client.rpc.TestOzoneClientRetriesOnException" time="136.983">
    <error message="Connection refused" type="java.net.ConnectException"><![CDATA[java.net.ConnectException: Connection refused
	at sun.nio.ch.SocketChannelImpl.checkConnect(Native Method)
	at sun.nio.ch.SocketChannelImpl.finishConnect(SocketChannelImpl.java:717)
	at org.apache.hadoop.net.SocketIOWithTimeout.connect(SocketIOWithTimeout.java:206)
	at org.apache.hadoop.net.NetUtils.connect(NetUtils.java:531)
	at org.apache.hadoop.ipc.Client$Connection.setupConnection(Client.java:690)
	at org.apache.hadoop.ipc.Client$Connection.setupIOstreams(Client.java:794)
	at org.apache.hadoop.ipc.Client$Connection.access$3700(Client.java:411)
	at org.apache.hadoop.ipc.Client.getConnection(Client.java:1572)
	at org.apache.hadoop.ipc.Client.call(Client.java:1403)
	at org.apache.hadoop.ipc.Client.call(Client.java:1367)
	at org.apache.hadoop.ipc.ProtobufRpcEngine$Invoker.invoke(ProtobufRpcEngine.java:228)
	at org.apache.hadoop.ipc.ProtobufRpcEngine$Invoker.invoke(ProtobufRpcEngine.java:116)
	at com.sun.proxy.$Proxy36.submitRequest(Unknown Source)
	at sun.reflect.GeneratedMethodAccessor23.invoke(Unknown Source)
	at sun.reflect.DelegatingMethodAccessorImpl.invoke(DelegatingMethodAccessorImpl.java:43)
	at java.lang.reflect.Method.invoke(Method.java:498)
	at org.apache.hadoop.io.retry.RetryInvocationHandler.invokeMethod(RetryInvocationHandler.java:422)
	at org.apache.hadoop.io.retry.RetryInvocationHandler$Call.invokeMethod(RetryInvocationHandler.java:165)
	at org.apache.hadoop.io.retry.RetryInvocationHandler$Call.invoke(RetryInvocationHandler.java:157)
	at org.apache.hadoop.io.retry.RetryInvocationHandler$Call.invokeOnce(RetryInvocationHandler.java:95)
	at org.apache.hadoop.io.retry.RetryInvocationHandler.invoke(RetryInvocationHandler.java:359)
	at com.sun.proxy.$Proxy36.submitRequest(Unknown Source)
	at org.apache.hadoop.ozone.om.protocolPB.OzoneManagerProtocolClientSideTranslatorPB.submitRequest(OzoneManagerProtocolClientSideTranslatorPB.java:338)
	at org.apache.hadoop.ozone.om.protocolPB.OzoneManagerProtocolClientSideTranslatorPB.getServiceInfo(OzoneManagerProtocolClientSideTranslatorPB.java:1223)
	at sun.reflect.NativeMethodAccessorImpl.invoke0(Native Method)
	at sun.reflect.NativeMethodAccessorImpl.invoke(NativeMethodAccessorImpl.java:62)
	at sun.reflect.DelegatingMethodAccessorImpl.invoke(DelegatingMethodAccessorImpl.java:43)
	at java.lang.reflect.Method.invoke(Method.java:498)
	at org.apache.hadoop.hdds.tracing.TraceAllMethod.invoke(TraceAllMethod.java:66)
	at com.sun.proxy.$Proxy37.getServiceInfo(Unknown Source)
	at org.apache.hadoop.ozone.client.rpc.RpcClient.<init>(RpcClient.java:154)
	at org.apache.hadoop.ozone.client.OzoneClientFactory.getClientProtocol(OzoneClientFactory.java:256)
	at org.apache.hadoop.ozone.client.OzoneClientFactory.getClientProtocol(OzoneClientFactory.java:239)
	at org.apache.hadoop.ozone.client.OzoneClientFactory.getClient(OzoneClientFactory.java:75)
	at org.apache.hadoop.ozone.client.rpc.TestOzoneClientRetriesOnException.init(TestOzoneClientRetriesOnException.java:102)
	at sun.reflect.NativeMethodAccessorImpl.invoke0(Native Method)
	at sun.reflect.NativeMethodAccessorImpl.invoke(NativeMethodAccessorImpl.java:62)
	at sun.reflect.DelegatingMethodAccessorImpl.invoke(DelegatingMethodAccessorImpl.java:43)
	at java.lang.reflect.Method.invoke(Method.java:498)
	at org.junit.runners.model.FrameworkMethod$1.runReflectiveCall(FrameworkMethod.java:47)
	at org.junit.internal.runners.model.ReflectiveCallable.run(ReflectiveCallable.java:12)
	at org.junit.runners.model.FrameworkMethod.invokeExplosively(FrameworkMethod.java:44)
	at org.junit.internal.runners.statements.RunBefores.evaluate(RunBefores.java:24)
	at org.junit.internal.runners.statements.RunAfters.evaluate(RunAfters.java:27)
	at org.junit.runners.ParentRunner.runLeaf(ParentRunner.java:271)
	at org.junit.runners.BlockJUnit4ClassRunner.runChild(BlockJUnit4ClassRunner.java:70)
	at org.junit.runners.BlockJUnit4ClassRunner.runChild(BlockJUnit4ClassRunner.java:50)
	at org.junit.runners.ParentRunner$3.run(ParentRunner.java:238)
	at org.junit.runners.ParentRunner$1.schedule(ParentRunner.java:63)
	at org.junit.runners.ParentRunner.runChildren(ParentRunner.java:236)
	at org.junit.runners.ParentRunner.access$000(ParentRunner.java:53)
	at org.junit.runners.ParentRunner$2.evaluate(ParentRunner.java:229)
	at org.junit.runners.ParentRunner.run(ParentRunner.java:309)
	at org.apache.maven.surefire.junit4.JUnit4Provider.execute(JUnit4Provider.java:365)
	at org.apache.maven.surefire.junit4.JUnit4Provider.executeWithRerun(JUnit4Provider.java:273)
	at org.apache.maven.surefire.junit4.JUnit4Provider.executeTestSet(JUnit4Provider.java:238)
	at org.apache.maven.surefire.junit4.JUnit4Provider.invoke(JUnit4Provider.java:159)
	at org.apache.maven.surefire.booter.ForkedBooter.invokeProviderInSameClassLoader(ForkedBooter.java:384)
	at org.apache.maven.surefire.booter.ForkedBooter.runSuitesInProcess(ForkedBooter.java:345)
	at org.apache.maven.surefire.booter.ForkedBooter.execute(ForkedBooter.java:126)
	at org.apache.maven.surefire.booter.ForkedBooter.main(ForkedBooter.java:418)
]]></error>
    <system-out><![CDATA[2019-09-24 03:09:41,373 [main] WARN  server.ServerUtils (ServerUtils.java:getScmDbDir(145)) - ozone.scm.db.dirs is not configured. We recommend adding this setting. Falling back to ozone.metadata.dirs instead.
2019-09-24 03:09:41,465 [main] WARN  server.ServerUtils (ServerUtils.java:getScmDbDir(145)) - ozone.scm.db.dirs is not configured. We recommend adding this setting. Falling back to ozone.metadata.dirs instead.
2019-09-24 03:09:41,466 [main] WARN  server.ServerUtils (ServerUtils.java:getScmDbDir(145)) - ozone.scm.db.dirs is not configured. We recommend adding this setting. Falling back to ozone.metadata.dirs instead.
2019-09-24 03:09:41,467 [main] INFO  db.DBStoreBuilder (DBStoreBuilder.java:addTable(110)) - using custom profile for table: deletedBlocks
2019-09-24 03:09:41,467 [main] INFO  db.DBStoreBuilder (DBStoreBuilder.java:processTables(161)) - Using default column profile:DBProfile.DISK for Table:deletedBlocks
2019-09-24 03:09:41,467 [main] INFO  db.DBStoreBuilder (DBStoreBuilder.java:addTable(110)) - using custom profile for table: validCerts
2019-09-24 03:09:41,467 [main] INFO  db.DBStoreBuilder (DBStoreBuilder.java:processTables(161)) - Using default column profile:DBProfile.DISK for Table:validCerts
2019-09-24 03:09:41,468 [main] INFO  db.DBStoreBuilder (DBStoreBuilder.java:addTable(110)) - using custom profile for table: revokedCerts
2019-09-24 03:09:41,469 [main] INFO  db.DBStoreBuilder (DBStoreBuilder.java:processTables(161)) - Using default column profile:DBProfile.DISK for Table:revokedCerts
2019-09-24 03:09:41,469 [main] INFO  db.DBStoreBuilder (DBStoreBuilder.java:addTable(110)) - using custom profile for table: default
2019-09-24 03:09:41,469 [main] INFO  db.DBStoreBuilder (DBStoreBuilder.java:processTables(167)) - Using default column profile:DBProfile.DISK for Table:default
2019-09-24 03:09:41,470 [main] INFO  db.DBStoreBuilder (DBStoreBuilder.java:getDbProfile(198)) - Using default options. DBProfile.DISK
2019-09-24 03:09:42,085 [main] INFO  net.NodeSchemaLoader (NodeSchemaLoader.java:loadSchemaFromFile(125)) - Loading file from sun.misc.CompoundEnumeration@49d30c6f
2019-09-24 03:09:42,086 [main] INFO  net.NodeSchemaLoader (NodeSchemaLoader.java:loadSchema(171)) - Loading network topology layer schema file
2019-09-24 03:09:42,092 [main] WARN  server.ServerUtils (ServerUtils.java:sanitizeUserArgs(70)) - ozone.scm.stale.node.interval value = 300000 is larger than max = 100000 based on the key value of ozone.scm.heartbeat.thread.interval, reset to the max value 100000.
2019-09-24 03:09:42,092 [main] WARN  server.ServerUtils (ServerUtils.java:sanitizeUserArgs(70)) - ozone.scm.stale.node.interval value = 300000 is larger than max = 100000 based on the key value of ozone.scm.heartbeat.thread.interval, reset to the max value 100000.
2019-09-24 03:09:42,092 [main] INFO  node.SCMNodeManager (SCMNodeManager.java:<init>(114)) - Entering startup safe mode.
2019-09-24 03:09:42,094 [main] INFO  algorithms.ContainerPlacementPolicyFactory (ContainerPlacementPolicyFactory.java:getPolicy(57)) - Create container placement policy of type org.apache.hadoop.hdds.scm.container.placement.algorithms.SCMContainerPlacementRandom
2019-09-24 03:09:42,094 [main] WARN  server.ServerUtils (ServerUtils.java:getScmDbDir(145)) - ozone.scm.db.dirs is not configured. We recommend adding this setting. Falling back to ozone.metadata.dirs instead.
2019-09-24 03:09:42,128 [main] INFO  pipeline.SCMPipelineManager (SCMPipelineManager.java:initializePipelineState(132)) - No pipeline exists in current db
2019-09-24 03:09:42,128 [main] WARN  server.ServerUtils (ServerUtils.java:getScmDbDir(145)) - ozone.scm.db.dirs is not configured. We recommend adding this setting. Falling back to ozone.metadata.dirs instead.
2019-09-24 03:09:42,175 [main] WARN  events.EventQueue (EventQueue.java:fireEvent(183)) - No event handler registered for event TypedEvent{payloadType=SafeModeStatus, name='SafeModeStatus'}
2019-09-24 03:09:42,177 [main] INFO  ipc.CallQueueManager (CallQueueManager.java:<init>(84)) - Using callQueue: class java.util.concurrent.LinkedBlockingQueue, queueCapacity: 2000, scheduler: class org.apache.hadoop.ipc.DefaultRpcScheduler, ipcBackoff: false.
2019-09-24 03:09:42,179 [Socket Reader #1 for port 37512] INFO  ipc.Server (Server.java:run(1074)) - Starting Socket Reader #1 for port 37512
2019-09-24 03:09:42,181 [main] INFO  ipc.CallQueueManager (CallQueueManager.java:<init>(84)) - Using callQueue: class java.util.concurrent.LinkedBlockingQueue, queueCapacity: 2000, scheduler: class org.apache.hadoop.ipc.DefaultRpcScheduler, ipcBackoff: false.
2019-09-24 03:09:42,182 [Socket Reader #1 for port 34415] INFO  ipc.Server (Server.java:run(1074)) - Starting Socket Reader #1 for port 34415
2019-09-24 03:09:42,184 [main] INFO  ipc.CallQueueManager (CallQueueManager.java:<init>(84)) - Using callQueue: class java.util.concurrent.LinkedBlockingQueue, queueCapacity: 2000, scheduler: class org.apache.hadoop.ipc.DefaultRpcScheduler, ipcBackoff: false.
2019-09-24 03:09:42,184 [Socket Reader #1 for port 42107] INFO  ipc.Server (Server.java:run(1074)) - Starting Socket Reader #1 for port 42107
2019-09-24 03:09:42,187 [main] INFO  hdfs.DFSUtil (DFSUtil.java:httpServerTemplateForNNAndJN(1641)) - Starting Web-server for scm at: http://0.0.0.0:0
2019-09-24 03:09:42,190 [main] INFO  server.AuthenticationFilter (AuthenticationFilter.java:constructSecretProvider(240)) - Unable to initialize FileSignerSecretProvider, falling back to use random secrets.
2019-09-24 03:09:42,191 [main] WARN  http.HttpRequestLog (HttpRequestLog.java:getRequestLog(97)) - Jetty request log can only be enabled using Log4j
2019-09-24 03:09:42,193 [main] INFO  http.HttpServer2 (HttpServer2.java:addGlobalFilter(975)) - Added global filter 'safety' (class=org.apache.hadoop.http.HttpServer2$QuotingInputFilter)
2019-09-24 03:09:42,194 [main] INFO  http.HttpServer2 (HttpServer2.java:addFilter(948)) - Added filter static_user_filter (class=org.apache.hadoop.http.lib.StaticUserWebFilter$StaticUserFilter) to context scm
2019-09-24 03:09:42,194 [main] INFO  http.HttpServer2 (HttpServer2.java:addFilter(958)) - Added filter static_user_filter (class=org.apache.hadoop.http.lib.StaticUserWebFilter$StaticUserFilter) to context static
2019-09-24 03:09:42,195 [main] INFO  http.HttpServer2 (HttpServer2.java:addFilter(958)) - Added filter static_user_filter (class=org.apache.hadoop.http.lib.StaticUserWebFilter$StaticUserFilter) to context logs
2019-09-24 03:09:42,197 [main] INFO  server.StorageContainerManager (StorageContainerManager.java:start(770)) - StorageContainerLocationProtocol RPC server is listening at /0.0.0.0:42107
2019-09-24 03:09:42,199 [main] WARN  impl.MetricsConfig (MetricsConfig.java:loadFirst(134)) - Cannot locate configuration: tried hadoop-metrics2-storagecontainermanager.properties,hadoop-metrics2.properties
2019-09-24 03:09:42,200 [main] INFO  impl.MetricsSystemImpl (MetricsSystemImpl.java:startTimer(374)) - Scheduled Metric snapshot period at 10 second(s).
2019-09-24 03:09:42,200 [main] INFO  impl.MetricsSystemImpl (MetricsSystemImpl.java:start(191)) - StorageContainerManager metrics system started
2019-09-24 03:09:42,250 [main] WARN  impl.MetricsSystemImpl (MetricsSystemImpl.java:register(276)) - Sink prometheus already exists!
2019-09-24 03:09:42,259 [main] INFO  server.SCMClientProtocolServer (SCMClientProtocolServer.java:start(151)) - RPC server for Client  is listening at /0.0.0.0:42107
2019-09-24 03:09:42,259 [IPC Server Responder] INFO  ipc.Server (Server.java:run(1314)) - IPC Server Responder: starting
2019-09-24 03:09:42,260 [IPC Server listener on 42107] INFO  ipc.Server (Server.java:run(1153)) - IPC Server listener on 42107: starting
2019-09-24 03:09:42,263 [main] INFO  server.StorageContainerManager (StorageContainerManager.java:start(780)) - ScmBlockLocationProtocol RPC server is listening at /0.0.0.0:34415
2019-09-24 03:09:42,264 [main] INFO  server.SCMBlockProtocolServer (SCMBlockProtocolServer.java:start(146)) - RPC server for Block Protocol is listening at /0.0.0.0:34415
2019-09-24 03:09:42,264 [IPC Server Responder] INFO  ipc.Server (Server.java:run(1314)) - IPC Server Responder: starting
2019-09-24 03:09:42,264 [IPC Server listener on 34415] INFO  ipc.Server (Server.java:run(1153)) - IPC Server listener on 34415: starting
2019-09-24 03:09:42,268 [main] INFO  server.StorageContainerManager (StorageContainerManager.java:start(784)) - ScmDatanodeProtocl RPC server is listening at /0.0.0.0:37512
2019-09-24 03:09:42,268 [main] INFO  server.SCMDatanodeProtocolServer (SCMDatanodeProtocolServer.java:start(191)) - RPC server for DataNodes is listening at /0.0.0.0:37512
2019-09-24 03:09:42,269 [IPC Server Responder] INFO  ipc.Server (Server.java:run(1314)) - IPC Server Responder: starting
2019-09-24 03:09:42,269 [IPC Server listener on 37512] INFO  ipc.Server (Server.java:run(1153)) - IPC Server listener on 37512: starting
2019-09-24 03:09:42,272 [main] INFO  http.HttpServer2 (HttpServer2.java:bindListener(1191)) - Jetty bound to port 39232
2019-09-24 03:09:42,273 [main] INFO  server.Server (Server.java:doStart(351)) - jetty-9.3.25.v20180904, build timestamp: 2018-09-04T21:11:46Z, git hash: 3ce520221d0240229c862b122d2b06c12a625732
2019-09-24 03:09:42,275 [main] INFO  handler.ContextHandler (ContextHandler.java:doStart(781)) - Started o.e.j.s.ServletContextHandler@470d183{/logs,file:///workdir/hadoop-ozone/integration-test/target/log,AVAILABLE}
2019-09-24 03:09:42,276 [main] INFO  handler.ContextHandler (ContextHandler.java:doStart(781)) - Started o.e.j.s.ServletContextHandler@ea52184{/static,file:///workdir/hadoop-ozone/integration-test/target/test-classes/webapps/static,AVAILABLE}
2019-09-24 03:09:42,281 [main] INFO  handler.ContextHandler (ContextHandler.java:doStart(781)) - Started o.e.j.w.WebAppContext@6b63e6ad{/,file:///workdir/hadoop-ozone/integration-test/target/test-classes/webapps/scm/,AVAILABLE}{/scm}
2019-09-24 03:09:42,282 [main] INFO  server.AbstractConnector (AbstractConnector.java:doStart(278)) - Started ServerConnector@7beae796{HTTP/1.1,[http/1.1]}{0.0.0.0:39232}
2019-09-24 03:09:42,283 [main] INFO  server.Server (Server.java:doStart(419)) - Started @142573ms
2019-09-24 03:09:42,283 [main] WARN  impl.MetricsSystemImpl (MetricsSystemImpl.java:register(276)) - Sink prometheus already exists!
2019-09-24 03:09:42,285 [main] INFO  server.BaseHttpServer (BaseHttpServer.java:updateConnectorAddress(215)) - HTTP server of SCM is listening at http://0.0.0.0:39232
2019-09-24 03:09:42,286 [main] WARN  server.ServerUtils (ServerUtils.java:getDBPath(222)) - ozone.om.db.dirs is not configured. We recommend adding this setting. Falling back to ozone.metadata.dirs instead.
2019-09-24 03:09:42,287 [org.apache.hadoop.util.JvmPauseMonitor$Monitor@52bf7bf6] INFO  util.JvmPauseMonitor (JvmPauseMonitor.java:run(188)) - Starting JVM pause monitor
2019-09-24 03:09:42,317 [main] INFO  ha.OMHANodeDetails (OMHANodeDetails.java:loadOMHAConfig(138)) - Found matching OM address with OMServiceId: null, OMNodeId: null, RPC Address: localhost:0 and Ratis port: 9872
2019-09-24 03:09:42,317 [main] INFO  ha.OMHANodeDetails (OMHANodeDetails.java:setOMNodeSpecificConfigs(240)) - Setting configuration key ozone.om.http-address with value of key ozone.om.http-address: 127.0.0.1:0
2019-09-24 03:09:42,317 [main] INFO  ha.OMHANodeDetails (OMHANodeDetails.java:setOMNodeSpecificConfigs(240)) - Setting configuration key ozone.om.https-address with value of key ozone.om.https-address: 0.0.0.0:9875
2019-09-24 03:09:42,317 [main] INFO  ha.OMHANodeDetails (OMHANodeDetails.java:setOMNodeSpecificConfigs(240)) - Setting configuration key ozone.om.http-bind-host with value of key ozone.om.http-bind-host: 0.0.0.0
2019-09-24 03:09:42,318 [main] INFO  ha.OMHANodeDetails (OMHANodeDetails.java:setOMNodeSpecificConfigs(240)) - Setting configuration key ozone.om.https-bind-host with value of key ozone.om.https-bind-host: 0.0.0.0
2019-09-24 03:09:42,318 [main] INFO  ha.OMHANodeDetails (OMHANodeDetails.java:setOMNodeSpecificConfigs(240)) - Setting configuration key ozone.om.http.kerberos.keytab with value of key ozone.om.http.kerberos.keytab: /etc/security/keytabs/HTTP.keytab
2019-09-24 03:09:42,318 [main] INFO  ha.OMHANodeDetails (OMHANodeDetails.java:setOMNodeSpecificConfigs(240)) - Setting configuration key ozone.om.http.kerberos.principal with value of key ozone.om.http.kerberos.principal: HTTP/_HOST@EXAMPLE.COM
2019-09-24 03:09:42,318 [main] INFO  ha.OMHANodeDetails (OMHANodeDetails.java:setOMNodeSpecificConfigs(240)) - Setting configuration key ozone.om.address with value of key ozone.om.address: 127.0.0.1:0
2019-09-24 03:09:42,318 [main] INFO  ha.OMHANodeDetails (OMHANodeDetails.java:getOMNodeDetails(192)) - OM Service ID is not set. Setting it to the default ID: omServiceIdDefault
2019-09-24 03:09:42,318 [main] WARN  server.ServerUtils (ServerUtils.java:getDBPath(222)) - ozone.om.db.dirs is not configured. We recommend adding this setting. Falling back to ozone.metadata.dirs instead.
2019-09-24 03:09:42,319 [main] WARN  server.ServerUtils (ServerUtils.java:getDBPath(222)) - ozone.om.db.dirs is not configured. We recommend adding this setting. Falling back to ozone.metadata.dirs instead.
2019-09-24 03:09:42,331 [main] WARN  server.ServerUtils (ServerUtils.java:getDBPath(222)) - ozone.om.db.dirs is not configured. We recommend adding this setting. Falling back to ozone.metadata.dirs instead.
2019-09-24 03:09:42,332 [main] INFO  db.DBStoreBuilder (DBStoreBuilder.java:addTable(110)) - using custom profile for table: userTable
2019-09-24 03:09:42,332 [main] INFO  db.DBStoreBuilder (DBStoreBuilder.java:processTables(161)) - Using default column profile:DBProfile.DISK for Table:userTable
2019-09-24 03:09:42,332 [main] INFO  db.DBStoreBuilder (DBStoreBuilder.java:addTable(110)) - using custom profile for table: volumeTable
2019-09-24 03:09:42,332 [main] INFO  db.DBStoreBuilder (DBStoreBuilder.java:processTables(161)) - Using default column profile:DBProfile.DISK for Table:volumeTable
2019-09-24 03:09:42,333 [main] INFO  db.DBStoreBuilder (DBStoreBuilder.java:addTable(110)) - using custom profile for table: bucketTable
2019-09-24 03:09:42,333 [main] INFO  db.DBStoreBuilder (DBStoreBuilder.java:processTables(161)) - Using default column profile:DBProfile.DISK for Table:bucketTable
2019-09-24 03:09:42,333 [main] INFO  db.DBStoreBuilder (DBStoreBuilder.java:addTable(110)) - using custom profile for table: keyTable
2019-09-24 03:09:42,333 [main] INFO  db.DBStoreBuilder (DBStoreBuilder.java:processTables(161)) - Using default column profile:DBProfile.DISK for Table:keyTable
2019-09-24 03:09:42,333 [main] INFO  db.DBStoreBuilder (DBStoreBuilder.java:addTable(110)) - using custom profile for table: deletedTable
2019-09-24 03:09:42,333 [main] INFO  db.DBStoreBuilder (DBStoreBuilder.java:processTables(161)) - Using default column profile:DBProfile.DISK for Table:deletedTable
2019-09-24 03:09:42,334 [main] INFO  db.DBStoreBuilder (DBStoreBuilder.java:addTable(110)) - using custom profile for table: openKeyTable
2019-09-24 03:09:42,334 [main] INFO  db.DBStoreBuilder (DBStoreBuilder.java:processTables(161)) - Using default column profile:DBProfile.DISK for Table:openKeyTable
2019-09-24 03:09:42,334 [main] INFO  db.DBStoreBuilder (DBStoreBuilder.java:addTable(110)) - using custom profile for table: s3Table
2019-09-24 03:09:42,334 [main] INFO  db.DBStoreBuilder (DBStoreBuilder.java:processTables(161)) - Using default column profile:DBProfile.DISK for Table:s3Table
2019-09-24 03:09:42,335 [main] INFO  db.DBStoreBuilder (DBStoreBuilder.java:addTable(110)) - using custom profile for table: multipartInfoTable
2019-09-24 03:09:42,335 [main] INFO  db.DBStoreBuilder (DBStoreBuilder.java:processTables(161)) - Using default column profile:DBProfile.DISK for Table:multipartInfoTable
2019-09-24 03:09:42,335 [main] INFO  db.DBStoreBuilder (DBStoreBuilder.java:addTable(110)) - using custom profile for table: dTokenTable
2019-09-24 03:09:42,335 [main] INFO  db.DBStoreBuilder (DBStoreBuilder.java:processTables(161)) - Using default column profile:DBProfile.DISK for Table:dTokenTable
2019-09-24 03:09:42,335 [main] INFO  db.DBStoreBuilder (DBStoreBuilder.java:addTable(110)) - using custom profile for table: s3SecretTable
2019-09-24 03:09:42,335 [main] INFO  db.DBStoreBuilder (DBStoreBuilder.java:processTables(161)) - Using default column profile:DBProfile.DISK for Table:s3SecretTable
2019-09-24 03:09:42,336 [main] INFO  db.DBStoreBuilder (DBStoreBuilder.java:addTable(110)) - using custom profile for table: prefixTable
2019-09-24 03:09:42,336 [main] INFO  db.DBStoreBuilder (DBStoreBuilder.java:processTables(161)) - Using default column profile:DBProfile.DISK for Table:prefixTable
2019-09-24 03:09:42,336 [main] INFO  db.DBStoreBuilder (DBStoreBuilder.java:addTable(110)) - using custom profile for table: default
2019-09-24 03:09:42,336 [main] INFO  db.DBStoreBuilder (DBStoreBuilder.java:processTables(167)) - Using default column profile:DBProfile.DISK for Table:default
2019-09-24 03:09:42,336 [main] INFO  db.DBStoreBuilder (DBStoreBuilder.java:getDbProfile(198)) - Using default options. DBProfile.DISK
2019-09-24 03:09:42,846 [main] INFO  ipc.CallQueueManager (CallQueueManager.java:<init>(84)) - Using callQueue: class java.util.concurrent.LinkedBlockingQueue, queueCapacity: 2000, scheduler: class org.apache.hadoop.ipc.DefaultRpcScheduler, ipcBackoff: false.
2019-09-24 03:09:42,847 [Socket Reader #1 for port 38528] INFO  ipc.Server (Server.java:run(1074)) - Starting Socket Reader #1 for port 38528
2019-09-24 03:09:42,867 [main] INFO  om.OzoneManager (OzoneManager.java:start(1075)) - OzoneManager RPC server is listening at localhost/127.0.0.1:38528
2019-09-24 03:09:42,867 [main] INFO  impl.MetricsSystemImpl (MetricsSystemImpl.java:init(158)) - OzoneManager metrics system started (again)
2019-09-24 03:09:42,868 [IPC Server Responder] INFO  ipc.Server (Server.java:run(1314)) - IPC Server Responder: starting
2019-09-24 03:09:42,868 [IPC Server listener on 38528] INFO  ipc.Server (Server.java:run(1153)) - IPC Server listener on 38528: starting
2019-09-24 03:09:42,874 [main] INFO  hdfs.DFSUtil (DFSUtil.java:httpServerTemplateForNNAndJN(1641)) - Starting Web-server for ozoneManager at: http://0.0.0.0:0
2019-09-24 03:09:42,876 [main] INFO  server.AuthenticationFilter (AuthenticationFilter.java:constructSecretProvider(240)) - Unable to initialize FileSignerSecretProvider, falling back to use random secrets.
2019-09-24 03:09:42,877 [main] WARN  http.HttpRequestLog (HttpRequestLog.java:getRequestLog(97)) - Jetty request log can only be enabled using Log4j
2019-09-24 03:09:42,879 [main] INFO  http.HttpServer2 (HttpServer2.java:addGlobalFilter(975)) - Added global filter 'safety' (class=org.apache.hadoop.http.HttpServer2$QuotingInputFilter)
2019-09-24 03:09:42,880 [main] INFO  http.HttpServer2 (HttpServer2.java:addFilter(948)) - Added filter static_user_filter (class=org.apache.hadoop.http.lib.StaticUserWebFilter$StaticUserFilter) to context ozoneManager
2019-09-24 03:09:42,881 [main] INFO  http.HttpServer2 (HttpServer2.java:addFilter(958)) - Added filter static_user_filter (class=org.apache.hadoop.http.lib.StaticUserWebFilter$StaticUserFilter) to context logs
2019-09-24 03:09:42,881 [main] INFO  http.HttpServer2 (HttpServer2.java:addFilter(958)) - Added filter static_user_filter (class=org.apache.hadoop.http.lib.StaticUserWebFilter$StaticUserFilter) to context static
2019-09-24 03:09:42,882 [main] INFO  http.HttpServer2 (HttpServer2.java:bindListener(1191)) - Jetty bound to port 45657
2019-09-24 03:09:42,883 [main] INFO  server.Server (Server.java:doStart(351)) - jetty-9.3.25.v20180904, build timestamp: 2018-09-04T21:11:46Z, git hash: 3ce520221d0240229c862b122d2b06c12a625732
2019-09-24 03:09:42,885 [main] INFO  handler.ContextHandler (ContextHandler.java:doStart(781)) - Started o.e.j.s.ServletContextHandler@3d90eeb3{/logs,file:///workdir/hadoop-ozone/integration-test/target/log,AVAILABLE}
2019-09-24 03:09:42,886 [main] INFO  handler.ContextHandler (ContextHandler.java:doStart(781)) - Started o.e.j.s.ServletContextHandler@7fb53256{/static,file:///workdir/hadoop-ozone/integration-test/target/test-classes/webapps/static,AVAILABLE}
2019-09-24 03:09:43,098 [main] INFO  handler.ContextHandler (ContextHandler.java:doStart(781)) - Started o.e.j.w.WebAppContext@5d5b9ecb{/,file:///workdir/hadoop-ozone/integration-test/target/test-classes/webapps/ozoneManager/,AVAILABLE}{/ozoneManager}
2019-09-24 03:09:43,099 [main] INFO  server.AbstractConnector (AbstractConnector.java:doStart(278)) - Started ServerConnector@1ee27d73{HTTP/1.1,[http/1.1]}{0.0.0.0:45657}
2019-09-24 03:09:43,100 [main] INFO  server.Server (Server.java:doStart(419)) - Started @143390ms
2019-09-24 03:09:43,101 [main] WARN  impl.MetricsSystemImpl (MetricsSystemImpl.java:register(276)) - Sink prometheus already exists!
2019-09-24 03:09:43,102 [main] INFO  server.BaseHttpServer (BaseHttpServer.java:updateConnectorAddress(215)) - HTTP server of OZONEMANAGER is listening at http://0.0.0.0:45657
2019-09-24 03:09:43,128 [main] INFO  impl.MetricsSystemImpl (MetricsSystemImpl.java:init(158)) - HddsDatanode metrics system started (again)
2019-09-24 03:09:43,131 [main] INFO  ozone.HddsDatanodeService (HddsDatanodeService.java:start(184)) - HddsDatanodeService host:pr-hdds-2162-tjkd5-3209850126 ip:192.168.151.121
2019-09-24 03:09:43,138 [main] INFO  volume.HddsVolume (HddsVolume.java:<init>(176)) - Creating Volume: /workdir/hadoop-ozone/integration-test/target/test-dir/MiniOzoneClusterImpl-012d228f-acb2-41e7-bbe8-297e082f4972/datanode-0/data/containers/hdds of  storage type : DISK and capacity : 1482555576320
2019-09-24 03:09:43,138 [main] INFO  volume.VolumeSet (VolumeSet.java:initializeVolumeSet(170)) - Added Volume : /workdir/hadoop-ozone/integration-test/target/test-dir/MiniOzoneClusterImpl-012d228f-acb2-41e7-bbe8-297e082f4972/datanode-0/data/containers/hdds to VolumeSet
2019-09-24 03:09:43,138 [main] INFO  volume.ThrottledAsyncChecker (ThrottledAsyncChecker.java:schedule(139)) - Scheduling a check for org.apache.hadoop.ozone.container.common.volume.HddsVolume@3e0fbeb5
2019-09-24 03:09:43,139 [main] INFO  volume.HddsVolumeChecker (HddsVolumeChecker.java:checkAllVolumes(202)) - Scheduled health check for volume org.apache.hadoop.ozone.container.common.volume.HddsVolume@3e0fbeb5
2019-09-24 03:09:43,158 [main] INFO  impl.RaftServerProxy (ConfUtils.java:logGet(43)) - raft.rpc.type = GRPC (default)
2019-09-24 03:09:43,158 [main] INFO  grpc.GrpcFactory (GrpcFactory.java:checkPooledByteBufAllocatorUseCacheForAllThreads(45)) - PERFORMANCE WARNING: useCacheForAllThreads is true that may cause Netty to create a lot garbage objects and, as a result, trigger GC.
	It is recommended to disable useCacheForAllThreads by setting -Dorg.apache.ratis.thirdparty.io.netty.allocator.useCacheForAllThreads=false in command line.
2019-09-24 03:09:43,159 [main] INFO  grpc.GrpcConfigKeys$Server (ConfUtils.java:logGet(43)) - raft.grpc.server.port = 0 (default)
2019-09-24 03:09:43,159 [main] INFO  server.GrpcService (ConfUtils.java:logGet(43)) - raft.grpc.message.size.max = 33570816 (custom)
2019-09-24 03:09:43,159 [main] INFO  server.RaftServerConfigKeys (ConfUtils.java:logGet(43)) - raft.server.log.appender.buffer.byte-limit = 33554432 (custom)
2019-09-24 03:09:43,159 [main] INFO  server.GrpcService (ConfUtils.java:logGet(43)) - raft.grpc.flow.control.window = 1MB (=1048576) (default)
2019-09-24 03:09:43,160 [main] INFO  server.RaftServerConfigKeys (ConfUtils.java:logGet(43)) - raft.server.rpc.request.timeout = 3000ms (default)
2019-09-24 03:09:43,160 [main] INFO  server.RaftServerConfigKeys (ConfUtils.java:logGet(43)) - raft.server.storage.dir = [/workdir/hadoop-ozone/integration-test/target/test-dir/MiniOzoneClusterImpl-012d228f-acb2-41e7-bbe8-297e082f4972/datanode-0/data/ratis] (custom)
2019-09-24 03:09:43,162 [main] INFO  hdfs.DFSUtil (DFSUtil.java:httpServerTemplateForNNAndJN(1641)) - Starting Web-server for hddsDatanode at: http://0.0.0.0:0
2019-09-24 03:09:43,164 [main] INFO  server.AuthenticationFilter (AuthenticationFilter.java:constructSecretProvider(240)) - Unable to initialize FileSignerSecretProvider, falling back to use random secrets.
2019-09-24 03:09:43,165 [main] WARN  http.HttpRequestLog (HttpRequestLog.java:getRequestLog(97)) - Jetty request log can only be enabled using Log4j
2019-09-24 03:09:43,167 [main] INFO  http.HttpServer2 (HttpServer2.java:addGlobalFilter(975)) - Added global filter 'safety' (class=org.apache.hadoop.http.HttpServer2$QuotingInputFilter)
2019-09-24 03:09:43,168 [main] INFO  http.HttpServer2 (HttpServer2.java:addFilter(948)) - Added filter static_user_filter (class=org.apache.hadoop.http.lib.StaticUserWebFilter$StaticUserFilter) to context hddsDatanode
2019-09-24 03:09:43,169 [main] INFO  http.HttpServer2 (HttpServer2.java:addFilter(958)) - Added filter static_user_filter (class=org.apache.hadoop.http.lib.StaticUserWebFilter$StaticUserFilter) to context static
2019-09-24 03:09:43,169 [main] INFO  http.HttpServer2 (HttpServer2.java:addFilter(958)) - Added filter static_user_filter (class=org.apache.hadoop.http.lib.StaticUserWebFilter$StaticUserFilter) to context logs
2019-09-24 03:09:43,170 [main] INFO  http.HttpServer2 (HttpServer2.java:bindListener(1191)) - Jetty bound to port 46460
2019-09-24 03:09:43,170 [main] INFO  server.Server (Server.java:doStart(351)) - jetty-9.3.25.v20180904, build timestamp: 2018-09-04T21:11:46Z, git hash: 3ce520221d0240229c862b122d2b06c12a625732
2019-09-24 03:09:43,172 [main] INFO  handler.ContextHandler (ContextHandler.java:doStart(781)) - Started o.e.j.s.ServletContextHandler@e38f0b7{/logs,file:///workdir/hadoop-ozone/integration-test/target/log,AVAILABLE}
2019-09-24 03:09:43,173 [main] INFO  handler.ContextHandler (ContextHandler.java:doStart(781)) - Started o.e.j.s.ServletContextHandler@4f8d86e4{/static,jar:file:/home/user/.m2/repository/org/apache/hadoop/hadoop-hdds-container-service/0.5.0-SNAPSHOT/hadoop-hdds-container-service-0.5.0-SNAPSHOT.jar!/webapps/static,AVAILABLE}
2019-09-24 03:09:43,216 [main] INFO  handler.ContextHandler (ContextHandler.java:doStart(781)) - Started o.e.j.w.WebAppContext@109f8c7e{/,file:///tmp/jetty-0.0.0.0-46460-hddsDatanode-_-any-6124693356094286510.dir/webapp/,AVAILABLE}{/hddsDatanode}
2019-09-24 03:09:43,217 [main] INFO  server.AbstractConnector (AbstractConnector.java:doStart(278)) - Started ServerConnector@5edacf20{HTTP/1.1,[http/1.1]}{0.0.0.0:46460}
2019-09-24 03:09:43,218 [main] INFO  server.Server (Server.java:doStart(419)) - Started @143508ms
2019-09-24 03:09:43,218 [main] WARN  impl.MetricsSystemImpl (MetricsSystemImpl.java:register(276)) - Sink prometheus already exists!
2019-09-24 03:09:43,219 [main] INFO  server.BaseHttpServer (BaseHttpServer.java:updateConnectorAddress(215)) - HTTP server of HDDSDATANODE is listening at http://0.0.0.0:46460
2019-09-24 03:09:43,219 [main] INFO  impl.MetricsSystemImpl (MetricsSystemImpl.java:init(158)) - HddsDatanode metrics system started (again)
2019-09-24 03:09:43,223 [org.apache.hadoop.util.JvmPauseMonitor$Monitor@272cc12e] INFO  util.JvmPauseMonitor (JvmPauseMonitor.java:run(188)) - Starting JVM pause monitor
2019-09-24 03:09:43,223 [main] INFO  ozone.HddsDatanodeService (HddsDatanodeService.java:start(184)) - HddsDatanodeService host:pr-hdds-2162-tjkd5-3209850126 ip:192.168.151.121
2019-09-24 03:09:43,225 [Datanode State Machine Thread - 0] INFO  datanode.InitDatanodeState (InitDatanodeState.java:persistContainerDatanodeDetails(140)) - DatanodeDetails is persisted to /workdir/hadoop-ozone/integration-test/target/test-dir/MiniOzoneClusterImpl-012d228f-acb2-41e7-bbe8-297e082f4972/datanode-0/meta/datanode.id
2019-09-24 03:09:43,229 [main] INFO  volume.HddsVolume (HddsVolume.java:<init>(176)) - Creating Volume: /workdir/hadoop-ozone/integration-test/target/test-dir/MiniOzoneClusterImpl-012d228f-acb2-41e7-bbe8-297e082f4972/datanode-1/data/containers/hdds of  storage type : DISK and capacity : 1482555576320
2019-09-24 03:09:43,230 [main] INFO  volume.VolumeSet (VolumeSet.java:initializeVolumeSet(170)) - Added Volume : /workdir/hadoop-ozone/integration-test/target/test-dir/MiniOzoneClusterImpl-012d228f-acb2-41e7-bbe8-297e082f4972/datanode-1/data/containers/hdds to VolumeSet
2019-09-24 03:09:43,230 [main] INFO  volume.ThrottledAsyncChecker (ThrottledAsyncChecker.java:schedule(139)) - Scheduling a check for org.apache.hadoop.ozone.container.common.volume.HddsVolume@2a097d77
2019-09-24 03:09:43,231 [main] INFO  volume.HddsVolumeChecker (HddsVolumeChecker.java:checkAllVolumes(202)) - Scheduled health check for volume org.apache.hadoop.ozone.container.common.volume.HddsVolume@2a097d77
2019-09-24 03:09:43,248 [main] INFO  impl.RaftServerProxy (ConfUtils.java:logGet(43)) - raft.rpc.type = GRPC (default)
2019-09-24 03:09:43,248 [main] INFO  grpc.GrpcFactory (GrpcFactory.java:checkPooledByteBufAllocatorUseCacheForAllThreads(45)) - PERFORMANCE WARNING: useCacheForAllThreads is true that may cause Netty to create a lot garbage objects and, as a result, trigger GC.
	It is recommended to disable useCacheForAllThreads by setting -Dorg.apache.ratis.thirdparty.io.netty.allocator.useCacheForAllThreads=false in command line.
2019-09-24 03:09:43,248 [main] INFO  grpc.GrpcConfigKeys$Server (ConfUtils.java:logGet(43)) - raft.grpc.server.port = 0 (default)
2019-09-24 03:09:43,249 [main] INFO  server.GrpcService (ConfUtils.java:logGet(43)) - raft.grpc.message.size.max = 33570816 (custom)
2019-09-24 03:09:43,249 [main] INFO  server.RaftServerConfigKeys (ConfUtils.java:logGet(43)) - raft.server.log.appender.buffer.byte-limit = 33554432 (custom)
2019-09-24 03:09:43,249 [main] INFO  server.GrpcService (ConfUtils.java:logGet(43)) - raft.grpc.flow.control.window = 1MB (=1048576) (default)
2019-09-24 03:09:43,250 [main] INFO  server.RaftServerConfigKeys (ConfUtils.java:logGet(43)) - raft.server.rpc.request.timeout = 3000ms (default)
2019-09-24 03:09:43,251 [main] INFO  server.RaftServerConfigKeys (ConfUtils.java:logGet(43)) - raft.server.storage.dir = [/workdir/hadoop-ozone/integration-test/target/test-dir/MiniOzoneClusterImpl-012d228f-acb2-41e7-bbe8-297e082f4972/datanode-1/data/ratis] (custom)
2019-09-24 03:09:43,253 [main] INFO  hdfs.DFSUtil (DFSUtil.java:httpServerTemplateForNNAndJN(1641)) - Starting Web-server for hddsDatanode at: http://0.0.0.0:0
2019-09-24 03:09:43,254 [main] INFO  server.AuthenticationFilter (AuthenticationFilter.java:constructSecretProvider(240)) - Unable to initialize FileSignerSecretProvider, falling back to use random secrets.
2019-09-24 03:09:43,255 [main] WARN  http.HttpRequestLog (HttpRequestLog.java:getRequestLog(97)) - Jetty request log can only be enabled using Log4j
2019-09-24 03:09:43,257 [main] INFO  http.HttpServer2 (HttpServer2.java:addGlobalFilter(975)) - Added global filter 'safety' (class=org.apache.hadoop.http.HttpServer2$QuotingInputFilter)
2019-09-24 03:09:43,258 [main] INFO  http.HttpServer2 (HttpServer2.java:addFilter(948)) - Added filter static_user_filter (class=org.apache.hadoop.http.lib.StaticUserWebFilter$StaticUserFilter) to context hddsDatanode
2019-09-24 03:09:43,258 [main] INFO  http.HttpServer2 (HttpServer2.java:addFilter(958)) - Added filter static_user_filter (class=org.apache.hadoop.http.lib.StaticUserWebFilter$StaticUserFilter) to context logs
2019-09-24 03:09:43,258 [main] INFO  http.HttpServer2 (HttpServer2.java:addFilter(958)) - Added filter static_user_filter (class=org.apache.hadoop.http.lib.StaticUserWebFilter$StaticUserFilter) to context static
2019-09-24 03:09:43,259 [main] INFO  http.HttpServer2 (HttpServer2.java:bindListener(1191)) - Jetty bound to port 44100
2019-09-24 03:09:43,259 [main] INFO  server.Server (Server.java:doStart(351)) - jetty-9.3.25.v20180904, build timestamp: 2018-09-04T21:11:46Z, git hash: 3ce520221d0240229c862b122d2b06c12a625732
2019-09-24 03:09:43,261 [main] INFO  handler.ContextHandler (ContextHandler.java:doStart(781)) - Started o.e.j.s.ServletContextHandler@4aa11206{/logs,file:///workdir/hadoop-ozone/integration-test/target/log,AVAILABLE}
2019-09-24 03:09:43,262 [main] INFO  handler.ContextHandler (ContextHandler.java:doStart(781)) - Started o.e.j.s.ServletContextHandler@3382cf68{/static,jar:file:/home/user/.m2/repository/org/apache/hadoop/hadoop-hdds-container-service/0.5.0-SNAPSHOT/hadoop-hdds-container-service-0.5.0-SNAPSHOT.jar!/webapps/static,AVAILABLE}
2019-09-24 03:09:43,292 [main] INFO  handler.ContextHandler (ContextHandler.java:doStart(781)) - Started o.e.j.w.WebAppContext@1e0fdb2f{/,file:///tmp/jetty-0.0.0.0-44100-hddsDatanode-_-any-4470314216635492113.dir/webapp/,AVAILABLE}{/hddsDatanode}
2019-09-24 03:09:43,293 [main] INFO  server.AbstractConnector (AbstractConnector.java:doStart(278)) - Started ServerConnector@3c380bd8{HTTP/1.1,[http/1.1]}{0.0.0.0:44100}
2019-09-24 03:09:43,294 [main] INFO  server.Server (Server.java:doStart(419)) - Started @143584ms
2019-09-24 03:09:43,294 [main] WARN  impl.MetricsSystemImpl (MetricsSystemImpl.java:register(276)) - Sink prometheus already exists!
2019-09-24 03:09:43,295 [main] INFO  server.BaseHttpServer (BaseHttpServer.java:updateConnectorAddress(215)) - HTTP server of HDDSDATANODE is listening at http://0.0.0.0:44100
2019-09-24 03:09:43,296 [main] INFO  impl.MetricsSystemImpl (MetricsSystemImpl.java:init(158)) - HddsDatanode metrics system started (again)
2019-09-24 03:09:43,299 [org.apache.hadoop.util.JvmPauseMonitor$Monitor@5c1441da] INFO  util.JvmPauseMonitor (JvmPauseMonitor.java:run(188)) - Starting JVM pause monitor
2019-09-24 03:09:43,300 [main] INFO  ozone.HddsDatanodeService (HddsDatanodeService.java:start(184)) - HddsDatanodeService host:pr-hdds-2162-tjkd5-3209850126 ip:192.168.151.121
2019-09-24 03:09:43,303 [Datanode State Machine Thread - 0] INFO  datanode.InitDatanodeState (InitDatanodeState.java:persistContainerDatanodeDetails(140)) - DatanodeDetails is persisted to /workdir/hadoop-ozone/integration-test/target/test-dir/MiniOzoneClusterImpl-012d228f-acb2-41e7-bbe8-297e082f4972/datanode-1/meta/datanode.id
2019-09-24 03:09:43,307 [main] INFO  volume.HddsVolume (HddsVolume.java:<init>(176)) - Creating Volume: /workdir/hadoop-ozone/integration-test/target/test-dir/MiniOzoneClusterImpl-012d228f-acb2-41e7-bbe8-297e082f4972/datanode-2/data/containers/hdds of  storage type : DISK and capacity : 1482555576320
2019-09-24 03:09:43,307 [main] INFO  volume.VolumeSet (VolumeSet.java:initializeVolumeSet(170)) - Added Volume : /workdir/hadoop-ozone/integration-test/target/test-dir/MiniOzoneClusterImpl-012d228f-acb2-41e7-bbe8-297e082f4972/datanode-2/data/containers/hdds to VolumeSet
2019-09-24 03:09:43,307 [main] INFO  volume.ThrottledAsyncChecker (ThrottledAsyncChecker.java:schedule(139)) - Scheduling a check for org.apache.hadoop.ozone.container.common.volume.HddsVolume@53e76c11
2019-09-24 03:09:43,308 [main] INFO  volume.HddsVolumeChecker (HddsVolumeChecker.java:checkAllVolumes(202)) - Scheduled health check for volume org.apache.hadoop.ozone.container.common.volume.HddsVolume@53e76c11
2019-09-24 03:09:43,328 [main] INFO  impl.RaftServerProxy (ConfUtils.java:logGet(43)) - raft.rpc.type = GRPC (default)
2019-09-24 03:09:43,329 [main] INFO  grpc.GrpcFactory (GrpcFactory.java:checkPooledByteBufAllocatorUseCacheForAllThreads(45)) - PERFORMANCE WARNING: useCacheForAllThreads is true that may cause Netty to create a lot garbage objects and, as a result, trigger GC.
	It is recommended to disable useCacheForAllThreads by setting -Dorg.apache.ratis.thirdparty.io.netty.allocator.useCacheForAllThreads=false in command line.
2019-09-24 03:09:43,329 [main] INFO  grpc.GrpcConfigKeys$Server (ConfUtils.java:logGet(43)) - raft.grpc.server.port = 0 (default)
2019-09-24 03:09:43,329 [main] INFO  server.GrpcService (ConfUtils.java:logGet(43)) - raft.grpc.message.size.max = 33570816 (custom)
2019-09-24 03:09:43,330 [main] INFO  server.RaftServerConfigKeys (ConfUtils.java:logGet(43)) - raft.server.log.appender.buffer.byte-limit = 33554432 (custom)
2019-09-24 03:09:43,330 [main] INFO  server.GrpcService (ConfUtils.java:logGet(43)) - raft.grpc.flow.control.window = 1MB (=1048576) (default)
2019-09-24 03:09:43,330 [main] INFO  server.RaftServerConfigKeys (ConfUtils.java:logGet(43)) - raft.server.rpc.request.timeout = 3000ms (default)
2019-09-24 03:09:43,331 [main] INFO  server.RaftServerConfigKeys (ConfUtils.java:logGet(43)) - raft.server.storage.dir = [/workdir/hadoop-ozone/integration-test/target/test-dir/MiniOzoneClusterImpl-012d228f-acb2-41e7-bbe8-297e082f4972/datanode-2/data/ratis] (custom)
2019-09-24 03:09:43,333 [main] INFO  hdfs.DFSUtil (DFSUtil.java:httpServerTemplateForNNAndJN(1641)) - Starting Web-server for hddsDatanode at: http://0.0.0.0:0
2019-09-24 03:09:43,335 [main] INFO  server.AuthenticationFilter (AuthenticationFilter.java:constructSecretProvider(240)) - Unable to initialize FileSignerSecretProvider, falling back to use random secrets.
2019-09-24 03:09:43,335 [main] WARN  http.HttpRequestLog (HttpRequestLog.java:getRequestLog(97)) - Jetty request log can only be enabled using Log4j
2019-09-24 03:09:43,337 [main] INFO  http.HttpServer2 (HttpServer2.java:addGlobalFilter(975)) - Added global filter 'safety' (class=org.apache.hadoop.http.HttpServer2$QuotingInputFilter)
2019-09-24 03:09:43,338 [main] INFO  http.HttpServer2 (HttpServer2.java:addFilter(948)) - Added filter static_user_filter (class=org.apache.hadoop.http.lib.StaticUserWebFilter$StaticUserFilter) to context hddsDatanode
2019-09-24 03:09:43,338 [main] INFO  http.HttpServer2 (HttpServer2.java:addFilter(958)) - Added filter static_user_filter (class=org.apache.hadoop.http.lib.StaticUserWebFilter$StaticUserFilter) to context static
2019-09-24 03:09:43,338 [main] INFO  http.HttpServer2 (HttpServer2.java:addFilter(958)) - Added filter static_user_filter (class=org.apache.hadoop.http.lib.StaticUserWebFilter$StaticUserFilter) to context logs
2019-09-24 03:09:43,339 [main] INFO  http.HttpServer2 (HttpServer2.java:bindListener(1191)) - Jetty bound to port 35390
2019-09-24 03:09:43,340 [main] INFO  server.Server (Server.java:doStart(351)) - jetty-9.3.25.v20180904, build timestamp: 2018-09-04T21:11:46Z, git hash: 3ce520221d0240229c862b122d2b06c12a625732
2019-09-24 03:09:43,342 [main] INFO  handler.ContextHandler (ContextHandler.java:doStart(781)) - Started o.e.j.s.ServletContextHandler@3a90c13c{/logs,file:///workdir/hadoop-ozone/integration-test/target/log,AVAILABLE}
2019-09-24 03:09:43,343 [main] INFO  handler.ContextHandler (ContextHandler.java:doStart(781)) - Started o.e.j.s.ServletContextHandler@188598ad{/static,jar:file:/home/user/.m2/repository/org/apache/hadoop/hadoop-hdds-container-service/0.5.0-SNAPSHOT/hadoop-hdds-container-service-0.5.0-SNAPSHOT.jar!/webapps/static,AVAILABLE}
2019-09-24 03:09:43,390 [main] INFO  handler.ContextHandler (ContextHandler.java:doStart(781)) - Started o.e.j.w.WebAppContext@7c2924d7{/,file:///tmp/jetty-0.0.0.0-35390-hddsDatanode-_-any-5040546786297598578.dir/webapp/,AVAILABLE}{/hddsDatanode}
2019-09-24 03:09:43,391 [main] INFO  server.AbstractConnector (AbstractConnector.java:doStart(278)) - Started ServerConnector@b5de58f{HTTP/1.1,[http/1.1]}{0.0.0.0:35390}
2019-09-24 03:09:43,392 [main] INFO  server.Server (Server.java:doStart(419)) - Started @143682ms
2019-09-24 03:09:43,393 [main] WARN  impl.MetricsSystemImpl (MetricsSystemImpl.java:register(276)) - Sink prometheus already exists!
2019-09-24 03:09:43,394 [main] INFO  server.BaseHttpServer (BaseHttpServer.java:updateConnectorAddress(215)) - HTTP server of HDDSDATANODE is listening at http://0.0.0.0:35390
2019-09-24 03:09:43,395 [main] INFO  impl.MetricsSystemImpl (MetricsSystemImpl.java:init(158)) - HddsDatanode metrics system started (again)
2019-09-24 03:09:43,398 [org.apache.hadoop.util.JvmPauseMonitor$Monitor@2dffea73] INFO  util.JvmPauseMonitor (JvmPauseMonitor.java:run(188)) - Starting JVM pause monitor
2019-09-24 03:09:43,399 [main] INFO  ozone.HddsDatanodeService (HddsDatanodeService.java:start(184)) - HddsDatanodeService host:pr-hdds-2162-tjkd5-3209850126 ip:192.168.151.121
2019-09-24 03:09:43,400 [Datanode State Machine Thread - 0] INFO  datanode.InitDatanodeState (InitDatanodeState.java:persistContainerDatanodeDetails(140)) - DatanodeDetails is persisted to /workdir/hadoop-ozone/integration-test/target/test-dir/MiniOzoneClusterImpl-012d228f-acb2-41e7-bbe8-297e082f4972/datanode-2/meta/datanode.id
2019-09-24 03:09:43,405 [main] INFO  volume.HddsVolume (HddsVolume.java:<init>(176)) - Creating Volume: /workdir/hadoop-ozone/integration-test/target/test-dir/MiniOzoneClusterImpl-012d228f-acb2-41e7-bbe8-297e082f4972/datanode-3/data/containers/hdds of  storage type : DISK and capacity : 1482555576320
2019-09-24 03:09:43,406 [main] INFO  volume.VolumeSet (VolumeSet.java:initializeVolumeSet(170)) - Added Volume : /workdir/hadoop-ozone/integration-test/target/test-dir/MiniOzoneClusterImpl-012d228f-acb2-41e7-bbe8-297e082f4972/datanode-3/data/containers/hdds to VolumeSet
2019-09-24 03:09:43,406 [main] INFO  volume.ThrottledAsyncChecker (ThrottledAsyncChecker.java:schedule(139)) - Scheduling a check for org.apache.hadoop.ozone.container.common.volume.HddsVolume@5d7399f9
2019-09-24 03:09:43,407 [main] INFO  volume.HddsVolumeChecker (HddsVolumeChecker.java:checkAllVolumes(202)) - Scheduled health check for volume org.apache.hadoop.ozone.container.common.volume.HddsVolume@5d7399f9
2019-09-24 03:09:43,425 [main] INFO  impl.RaftServerProxy (ConfUtils.java:logGet(43)) - raft.rpc.type = GRPC (default)
2019-09-24 03:09:43,426 [main] INFO  grpc.GrpcFactory (GrpcFactory.java:checkPooledByteBufAllocatorUseCacheForAllThreads(45)) - PERFORMANCE WARNING: useCacheForAllThreads is true that may cause Netty to create a lot garbage objects and, as a result, trigger GC.
	It is recommended to disable useCacheForAllThreads by setting -Dorg.apache.ratis.thirdparty.io.netty.allocator.useCacheForAllThreads=false in command line.
2019-09-24 03:09:43,426 [main] INFO  grpc.GrpcConfigKeys$Server (ConfUtils.java:logGet(43)) - raft.grpc.server.port = 0 (default)
2019-09-24 03:09:43,426 [main] INFO  server.GrpcService (ConfUtils.java:logGet(43)) - raft.grpc.message.size.max = 33570816 (custom)
2019-09-24 03:09:43,427 [main] INFO  server.RaftServerConfigKeys (ConfUtils.java:logGet(43)) - raft.server.log.appender.buffer.byte-limit = 33554432 (custom)
2019-09-24 03:09:43,427 [main] INFO  server.GrpcService (ConfUtils.java:logGet(43)) - raft.grpc.flow.control.window = 1MB (=1048576) (default)
2019-09-24 03:09:43,427 [main] INFO  server.RaftServerConfigKeys (ConfUtils.java:logGet(43)) - raft.server.rpc.request.timeout = 3000ms (default)
2019-09-24 03:09:43,428 [main] INFO  server.RaftServerConfigKeys (ConfUtils.java:logGet(43)) - raft.server.storage.dir = [/workdir/hadoop-ozone/integration-test/target/test-dir/MiniOzoneClusterImpl-012d228f-acb2-41e7-bbe8-297e082f4972/datanode-3/data/ratis] (custom)
2019-09-24 03:09:43,430 [main] INFO  hdfs.DFSUtil (DFSUtil.java:httpServerTemplateForNNAndJN(1641)) - Starting Web-server for hddsDatanode at: http://0.0.0.0:0
2019-09-24 03:09:43,431 [main] INFO  server.AuthenticationFilter (AuthenticationFilter.java:constructSecretProvider(240)) - Unable to initialize FileSignerSecretProvider, falling back to use random secrets.
2019-09-24 03:09:43,432 [main] WARN  http.HttpRequestLog (HttpRequestLog.java:getRequestLog(97)) - Jetty request log can only be enabled using Log4j
2019-09-24 03:09:43,434 [main] INFO  http.HttpServer2 (HttpServer2.java:addGlobalFilter(975)) - Added global filter 'safety' (class=org.apache.hadoop.http.HttpServer2$QuotingInputFilter)
2019-09-24 03:09:43,435 [main] INFO  http.HttpServer2 (HttpServer2.java:addFilter(948)) - Added filter static_user_filter (class=org.apache.hadoop.http.lib.StaticUserWebFilter$StaticUserFilter) to context hddsDatanode
2019-09-24 03:09:43,435 [main] INFO  http.HttpServer2 (HttpServer2.java:addFilter(958)) - Added filter static_user_filter (class=org.apache.hadoop.http.lib.StaticUserWebFilter$StaticUserFilter) to context logs
2019-09-24 03:09:43,435 [main] INFO  http.HttpServer2 (HttpServer2.java:addFilter(958)) - Added filter static_user_filter (class=org.apache.hadoop.http.lib.StaticUserWebFilter$StaticUserFilter) to context static
2019-09-24 03:09:43,436 [main] INFO  http.HttpServer2 (HttpServer2.java:bindListener(1191)) - Jetty bound to port 39860
2019-09-24 03:09:43,436 [main] INFO  server.Server (Server.java:doStart(351)) - jetty-9.3.25.v20180904, build timestamp: 2018-09-04T21:11:46Z, git hash: 3ce520221d0240229c862b122d2b06c12a625732
2019-09-24 03:09:43,439 [main] INFO  handler.ContextHandler (ContextHandler.java:doStart(781)) - Started o.e.j.s.ServletContextHandler@f425231{/logs,file:///workdir/hadoop-ozone/integration-test/target/log,AVAILABLE}
2019-09-24 03:09:43,439 [main] INFO  handler.ContextHandler (ContextHandler.java:doStart(781)) - Started o.e.j.s.ServletContextHandler@5cbd94b2{/static,jar:file:/home/user/.m2/repository/org/apache/hadoop/hadoop-hdds-container-service/0.5.0-SNAPSHOT/hadoop-hdds-container-service-0.5.0-SNAPSHOT.jar!/webapps/static,AVAILABLE}
2019-09-24 03:09:43,476 [main] INFO  handler.ContextHandler (ContextHandler.java:doStart(781)) - Started o.e.j.w.WebAppContext@48a663e9{/,file:///tmp/jetty-0.0.0.0-39860-hddsDatanode-_-any-3874774215849983112.dir/webapp/,AVAILABLE}{/hddsDatanode}
2019-09-24 03:09:43,476 [main] INFO  server.AbstractConnector (AbstractConnector.java:doStart(278)) - Started ServerConnector@777d0bc3{HTTP/1.1,[http/1.1]}{0.0.0.0:39860}
2019-09-24 03:09:43,478 [main] INFO  server.Server (Server.java:doStart(419)) - Started @143768ms
2019-09-24 03:09:43,478 [main] WARN  impl.MetricsSystemImpl (MetricsSystemImpl.java:register(276)) - Sink prometheus already exists!
2019-09-24 03:09:43,479 [main] INFO  server.BaseHttpServer (BaseHttpServer.java:updateConnectorAddress(215)) - HTTP server of HDDSDATANODE is listening at http://0.0.0.0:39860
2019-09-24 03:09:43,480 [main] INFO  impl.MetricsSystemImpl (MetricsSystemImpl.java:init(158)) - HddsDatanode metrics system started (again)
2019-09-24 03:09:43,485 [org.apache.hadoop.util.JvmPauseMonitor$Monitor@6c61dda7] INFO  util.JvmPauseMonitor (JvmPauseMonitor.java:run(188)) - Starting JVM pause monitor
2019-09-24 03:09:43,486 [main] INFO  ozone.HddsDatanodeService (HddsDatanodeService.java:start(184)) - HddsDatanodeService host:pr-hdds-2162-tjkd5-3209850126 ip:192.168.151.121
2019-09-24 03:09:43,486 [Datanode State Machine Thread - 0] INFO  datanode.InitDatanodeState (InitDatanodeState.java:persistContainerDatanodeDetails(140)) - DatanodeDetails is persisted to /workdir/hadoop-ozone/integration-test/target/test-dir/MiniOzoneClusterImpl-012d228f-acb2-41e7-bbe8-297e082f4972/datanode-3/meta/datanode.id
2019-09-24 03:09:43,492 [main] INFO  volume.HddsVolume (HddsVolume.java:<init>(176)) - Creating Volume: /workdir/hadoop-ozone/integration-test/target/test-dir/MiniOzoneClusterImpl-012d228f-acb2-41e7-bbe8-297e082f4972/datanode-4/data/containers/hdds of  storage type : DISK and capacity : 1482555576320
2019-09-24 03:09:43,492 [main] INFO  volume.VolumeSet (VolumeSet.java:initializeVolumeSet(170)) - Added Volume : /workdir/hadoop-ozone/integration-test/target/test-dir/MiniOzoneClusterImpl-012d228f-acb2-41e7-bbe8-297e082f4972/datanode-4/data/containers/hdds to VolumeSet
2019-09-24 03:09:43,493 [main] INFO  volume.ThrottledAsyncChecker (ThrottledAsyncChecker.java:schedule(139)) - Scheduling a check for org.apache.hadoop.ozone.container.common.volume.HddsVolume@695c938d
2019-09-24 03:09:43,493 [main] INFO  volume.HddsVolumeChecker (HddsVolumeChecker.java:checkAllVolumes(202)) - Scheduled health check for volume org.apache.hadoop.ozone.container.common.volume.HddsVolume@695c938d
2019-09-24 03:09:43,514 [main] INFO  impl.RaftServerProxy (ConfUtils.java:logGet(43)) - raft.rpc.type = GRPC (default)
2019-09-24 03:09:43,514 [main] INFO  grpc.GrpcFactory (GrpcFactory.java:checkPooledByteBufAllocatorUseCacheForAllThreads(45)) - PERFORMANCE WARNING: useCacheForAllThreads is true that may cause Netty to create a lot garbage objects and, as a result, trigger GC.
	It is recommended to disable useCacheForAllThreads by setting -Dorg.apache.ratis.thirdparty.io.netty.allocator.useCacheForAllThreads=false in command line.
2019-09-24 03:09:43,515 [main] INFO  grpc.GrpcConfigKeys$Server (ConfUtils.java:logGet(43)) - raft.grpc.server.port = 0 (default)
2019-09-24 03:09:43,515 [main] INFO  server.GrpcService (ConfUtils.java:logGet(43)) - raft.grpc.message.size.max = 33570816 (custom)
2019-09-24 03:09:43,515 [main] INFO  server.RaftServerConfigKeys (ConfUtils.java:logGet(43)) - raft.server.log.appender.buffer.byte-limit = 33554432 (custom)
2019-09-24 03:09:43,516 [main] INFO  server.GrpcService (ConfUtils.java:logGet(43)) - raft.grpc.flow.control.window = 1MB (=1048576) (default)
2019-09-24 03:09:43,516 [main] INFO  server.RaftServerConfigKeys (ConfUtils.java:logGet(43)) - raft.server.rpc.request.timeout = 3000ms (default)
2019-09-24 03:09:43,517 [main] INFO  server.RaftServerConfigKeys (ConfUtils.java:logGet(43)) - raft.server.storage.dir = [/workdir/hadoop-ozone/integration-test/target/test-dir/MiniOzoneClusterImpl-012d228f-acb2-41e7-bbe8-297e082f4972/datanode-4/data/ratis] (custom)
2019-09-24 03:09:43,518 [main] INFO  hdfs.DFSUtil (DFSUtil.java:httpServerTemplateForNNAndJN(1641)) - Starting Web-server for hddsDatanode at: http://0.0.0.0:0
2019-09-24 03:09:43,520 [main] INFO  server.AuthenticationFilter (AuthenticationFilter.java:constructSecretProvider(240)) - Unable to initialize FileSignerSecretProvider, falling back to use random secrets.
2019-09-24 03:09:43,521 [main] WARN  http.HttpRequestLog (HttpRequestLog.java:getRequestLog(97)) - Jetty request log can only be enabled using Log4j
2019-09-24 03:09:43,522 [main] INFO  http.HttpServer2 (HttpServer2.java:addGlobalFilter(975)) - Added global filter 'safety' (class=org.apache.hadoop.http.HttpServer2$QuotingInputFilter)
2019-09-24 03:09:43,523 [main] INFO  http.HttpServer2 (HttpServer2.java:addFilter(948)) - Added filter static_user_filter (class=org.apache.hadoop.http.lib.StaticUserWebFilter$StaticUserFilter) to context hddsDatanode
2019-09-24 03:09:43,524 [main] INFO  http.HttpServer2 (HttpServer2.java:addFilter(958)) - Added filter static_user_filter (class=org.apache.hadoop.http.lib.StaticUserWebFilter$StaticUserFilter) to context logs
2019-09-24 03:09:43,524 [main] INFO  http.HttpServer2 (HttpServer2.java:addFilter(958)) - Added filter static_user_filter (class=org.apache.hadoop.http.lib.StaticUserWebFilter$StaticUserFilter) to context static
2019-09-24 03:09:43,525 [main] INFO  http.HttpServer2 (HttpServer2.java:bindListener(1191)) - Jetty bound to port 35040
2019-09-24 03:09:43,525 [main] INFO  server.Server (Server.java:doStart(351)) - jetty-9.3.25.v20180904, build timestamp: 2018-09-04T21:11:46Z, git hash: 3ce520221d0240229c862b122d2b06c12a625732
2019-09-24 03:09:43,528 [main] INFO  handler.ContextHandler (ContextHandler.java:doStart(781)) - Started o.e.j.s.ServletContextHandler@7b477141{/logs,file:///workdir/hadoop-ozone/integration-test/target/log,AVAILABLE}
2019-09-24 03:09:43,528 [main] INFO  handler.ContextHandler (ContextHandler.java:doStart(781)) - Started o.e.j.s.ServletContextHandler@7316523a{/static,jar:file:/home/user/.m2/repository/org/apache/hadoop/hadoop-hdds-container-service/0.5.0-SNAPSHOT/hadoop-hdds-container-service-0.5.0-SNAPSHOT.jar!/webapps/static,AVAILABLE}
2019-09-24 03:09:43,559 [main] INFO  handler.ContextHandler (ContextHandler.java:doStart(781)) - Started o.e.j.w.WebAppContext@7cac93fe{/,file:///tmp/jetty-0.0.0.0-35040-hddsDatanode-_-any-4703207530939683923.dir/webapp/,AVAILABLE}{/hddsDatanode}
2019-09-24 03:09:43,560 [main] INFO  server.AbstractConnector (AbstractConnector.java:doStart(278)) - Started ServerConnector@479b5066{HTTP/1.1,[http/1.1]}{0.0.0.0:35040}
2019-09-24 03:09:43,561 [main] INFO  server.Server (Server.java:doStart(419)) - Started @143851ms
2019-09-24 03:09:43,561 [main] WARN  impl.MetricsSystemImpl (MetricsSystemImpl.java:register(276)) - Sink prometheus already exists!
2019-09-24 03:09:43,562 [main] INFO  server.BaseHttpServer (BaseHttpServer.java:updateConnectorAddress(215)) - HTTP server of HDDSDATANODE is listening at http://0.0.0.0:35040
2019-09-24 03:09:43,563 [main] INFO  impl.MetricsSystemImpl (MetricsSystemImpl.java:init(158)) - HddsDatanode metrics system started (again)
2019-09-24 03:09:43,568 [org.apache.hadoop.util.JvmPauseMonitor$Monitor@79e746b0] INFO  util.JvmPauseMonitor (JvmPauseMonitor.java:run(188)) - Starting JVM pause monitor
2019-09-24 03:09:43,568 [main] INFO  ozone.HddsDatanodeService (HddsDatanodeService.java:start(184)) - HddsDatanodeService host:pr-hdds-2162-tjkd5-3209850126 ip:192.168.151.121
2019-09-24 03:09:43,570 [Datanode State Machine Thread - 0] INFO  datanode.InitDatanodeState (InitDatanodeState.java:persistContainerDatanodeDetails(140)) - DatanodeDetails is persisted to /workdir/hadoop-ozone/integration-test/target/test-dir/MiniOzoneClusterImpl-012d228f-acb2-41e7-bbe8-297e082f4972/datanode-4/meta/datanode.id
2019-09-24 03:09:43,574 [main] INFO  volume.HddsVolume (HddsVolume.java:<init>(176)) - Creating Volume: /workdir/hadoop-ozone/integration-test/target/test-dir/MiniOzoneClusterImpl-012d228f-acb2-41e7-bbe8-297e082f4972/datanode-5/data/containers/hdds of  storage type : DISK and capacity : 1482555576320
2019-09-24 03:09:43,575 [main] INFO  volume.VolumeSet (VolumeSet.java:initializeVolumeSet(170)) - Added Volume : /workdir/hadoop-ozone/integration-test/target/test-dir/MiniOzoneClusterImpl-012d228f-acb2-41e7-bbe8-297e082f4972/datanode-5/data/containers/hdds to VolumeSet
2019-09-24 03:09:43,575 [main] INFO  volume.ThrottledAsyncChecker (ThrottledAsyncChecker.java:schedule(139)) - Scheduling a check for org.apache.hadoop.ozone.container.common.volume.HddsVolume@79d82f66
2019-09-24 03:09:43,576 [main] INFO  volume.HddsVolumeChecker (HddsVolumeChecker.java:checkAllVolumes(202)) - Scheduled health check for volume org.apache.hadoop.ozone.container.common.volume.HddsVolume@79d82f66
2019-09-24 03:09:43,593 [main] INFO  impl.RaftServerProxy (ConfUtils.java:logGet(43)) - raft.rpc.type = GRPC (default)
2019-09-24 03:09:43,593 [main] INFO  grpc.GrpcFactory (GrpcFactory.java:checkPooledByteBufAllocatorUseCacheForAllThreads(45)) - PERFORMANCE WARNING: useCacheForAllThreads is true that may cause Netty to create a lot garbage objects and, as a result, trigger GC.
	It is recommended to disable useCacheForAllThreads by setting -Dorg.apache.ratis.thirdparty.io.netty.allocator.useCacheForAllThreads=false in command line.
2019-09-24 03:09:43,594 [main] INFO  grpc.GrpcConfigKeys$Server (ConfUtils.java:logGet(43)) - raft.grpc.server.port = 0 (default)
2019-09-24 03:09:43,594 [main] INFO  server.GrpcService (ConfUtils.java:logGet(43)) - raft.grpc.message.size.max = 33570816 (custom)
2019-09-24 03:09:43,594 [main] INFO  server.RaftServerConfigKeys (ConfUtils.java:logGet(43)) - raft.server.log.appender.buffer.byte-limit = 33554432 (custom)
2019-09-24 03:09:43,594 [main] INFO  server.GrpcService (ConfUtils.java:logGet(43)) - raft.grpc.flow.control.window = 1MB (=1048576) (default)
2019-09-24 03:09:43,595 [main] INFO  server.RaftServerConfigKeys (ConfUtils.java:logGet(43)) - raft.server.rpc.request.timeout = 3000ms (default)
2019-09-24 03:09:43,595 [main] INFO  server.RaftServerConfigKeys (ConfUtils.java:logGet(43)) - raft.server.storage.dir = [/workdir/hadoop-ozone/integration-test/target/test-dir/MiniOzoneClusterImpl-012d228f-acb2-41e7-bbe8-297e082f4972/datanode-5/data/ratis] (custom)
2019-09-24 03:09:43,597 [main] INFO  hdfs.DFSUtil (DFSUtil.java:httpServerTemplateForNNAndJN(1641)) - Starting Web-server for hddsDatanode at: http://0.0.0.0:0
2019-09-24 03:09:43,598 [main] INFO  server.AuthenticationFilter (AuthenticationFilter.java:constructSecretProvider(240)) - Unable to initialize FileSignerSecretProvider, falling back to use random secrets.
2019-09-24 03:09:43,599 [main] WARN  http.HttpRequestLog (HttpRequestLog.java:getRequestLog(97)) - Jetty request log can only be enabled using Log4j
2019-09-24 03:09:43,601 [main] INFO  http.HttpServer2 (HttpServer2.java:addGlobalFilter(975)) - Added global filter 'safety' (class=org.apache.hadoop.http.HttpServer2$QuotingInputFilter)
2019-09-24 03:09:43,601 [main] INFO  http.HttpServer2 (HttpServer2.java:addFilter(948)) - Added filter static_user_filter (class=org.apache.hadoop.http.lib.StaticUserWebFilter$StaticUserFilter) to context hddsDatanode
2019-09-24 03:09:43,602 [main] INFO  http.HttpServer2 (HttpServer2.java:addFilter(958)) - Added filter static_user_filter (class=org.apache.hadoop.http.lib.StaticUserWebFilter$StaticUserFilter) to context logs
2019-09-24 03:09:43,602 [main] INFO  http.HttpServer2 (HttpServer2.java:addFilter(958)) - Added filter static_user_filter (class=org.apache.hadoop.http.lib.StaticUserWebFilter$StaticUserFilter) to context static
2019-09-24 03:09:43,603 [main] INFO  http.HttpServer2 (HttpServer2.java:bindListener(1191)) - Jetty bound to port 42917
2019-09-24 03:09:43,603 [main] INFO  server.Server (Server.java:doStart(351)) - jetty-9.3.25.v20180904, build timestamp: 2018-09-04T21:11:46Z, git hash: 3ce520221d0240229c862b122d2b06c12a625732
2019-09-24 03:09:43,605 [main] INFO  handler.ContextHandler (ContextHandler.java:doStart(781)) - Started o.e.j.s.ServletContextHandler@57ad1178{/logs,file:///workdir/hadoop-ozone/integration-test/target/log,AVAILABLE}
2019-09-24 03:09:43,606 [main] INFO  handler.ContextHandler (ContextHandler.java:doStart(781)) - Started o.e.j.s.ServletContextHandler@68699afc{/static,jar:file:/home/user/.m2/repository/org/apache/hadoop/hadoop-hdds-container-service/0.5.0-SNAPSHOT/hadoop-hdds-container-service-0.5.0-SNAPSHOT.jar!/webapps/static,AVAILABLE}
2019-09-24 03:09:43,644 [main] INFO  handler.ContextHandler (ContextHandler.java:doStart(781)) - Started o.e.j.w.WebAppContext@32a2a6be{/,file:///tmp/jetty-0.0.0.0-42917-hddsDatanode-_-any-3456731104117545844.dir/webapp/,AVAILABLE}{/hddsDatanode}
2019-09-24 03:09:43,644 [main] INFO  server.AbstractConnector (AbstractConnector.java:doStart(278)) - Started ServerConnector@682af059{HTTP/1.1,[http/1.1]}{0.0.0.0:42917}
2019-09-24 03:09:43,646 [main] INFO  server.Server (Server.java:doStart(419)) - Started @143936ms
2019-09-24 03:09:43,646 [main] WARN  impl.MetricsSystemImpl (MetricsSystemImpl.java:register(276)) - Sink prometheus already exists!
2019-09-24 03:09:43,647 [main] INFO  server.BaseHttpServer (BaseHttpServer.java:updateConnectorAddress(215)) - HTTP server of HDDSDATANODE is listening at http://0.0.0.0:42917
2019-09-24 03:09:43,647 [main] INFO  impl.MetricsSystemImpl (MetricsSystemImpl.java:init(158)) - HddsDatanode metrics system started (again)
2019-09-24 03:09:43,650 [org.apache.hadoop.util.JvmPauseMonitor$Monitor@57b4c7dc] INFO  util.JvmPauseMonitor (JvmPauseMonitor.java:run(188)) - Starting JVM pause monitor
2019-09-24 03:09:43,651 [Datanode State Machine Thread - 0] INFO  datanode.InitDatanodeState (InitDatanodeState.java:persistContainerDatanodeDetails(140)) - DatanodeDetails is persisted to /workdir/hadoop-ozone/integration-test/target/test-dir/MiniOzoneClusterImpl-012d228f-acb2-41e7-bbe8-297e082f4972/datanode-5/meta/datanode.id
2019-09-24 03:09:43,655 [main] INFO  ozone.HddsDatanodeService (HddsDatanodeService.java:start(184)) - HddsDatanodeService host:pr-hdds-2162-tjkd5-3209850126 ip:192.168.151.121
2019-09-24 03:09:43,663 [main] INFO  volume.HddsVolume (HddsVolume.java:<init>(176)) - Creating Volume: /workdir/hadoop-ozone/integration-test/target/test-dir/MiniOzoneClusterImpl-012d228f-acb2-41e7-bbe8-297e082f4972/datanode-6/data/containers/hdds of  storage type : DISK and capacity : 1482555576320
2019-09-24 03:09:43,663 [main] INFO  volume.VolumeSet (VolumeSet.java:initializeVolumeSet(170)) - Added Volume : /workdir/hadoop-ozone/integration-test/target/test-dir/MiniOzoneClusterImpl-012d228f-acb2-41e7-bbe8-297e082f4972/datanode-6/data/containers/hdds to VolumeSet
2019-09-24 03:09:43,664 [main] INFO  volume.ThrottledAsyncChecker (ThrottledAsyncChecker.java:schedule(139)) - Scheduling a check for org.apache.hadoop.ozone.container.common.volume.HddsVolume@36b9cb99
2019-09-24 03:09:43,664 [main] INFO  volume.HddsVolumeChecker (HddsVolumeChecker.java:checkAllVolumes(202)) - Scheduled health check for volume org.apache.hadoop.ozone.container.common.volume.HddsVolume@36b9cb99
2019-09-24 03:09:43,684 [main] INFO  impl.RaftServerProxy (ConfUtils.java:logGet(43)) - raft.rpc.type = GRPC (default)
2019-09-24 03:09:43,685 [main] INFO  grpc.GrpcFactory (GrpcFactory.java:checkPooledByteBufAllocatorUseCacheForAllThreads(45)) - PERFORMANCE WARNING: useCacheForAllThreads is true that may cause Netty to create a lot garbage objects and, as a result, trigger GC.
	It is recommended to disable useCacheForAllThreads by setting -Dorg.apache.ratis.thirdparty.io.netty.allocator.useCacheForAllThreads=false in command line.
2019-09-24 03:09:43,685 [main] INFO  grpc.GrpcConfigKeys$Server (ConfUtils.java:logGet(43)) - raft.grpc.server.port = 0 (default)
2019-09-24 03:09:43,685 [main] INFO  server.GrpcService (ConfUtils.java:logGet(43)) - raft.grpc.message.size.max = 33570816 (custom)
2019-09-24 03:09:43,685 [main] INFO  server.RaftServerConfigKeys (ConfUtils.java:logGet(43)) - raft.server.log.appender.buffer.byte-limit = 33554432 (custom)
2019-09-24 03:09:43,686 [main] INFO  server.GrpcService (ConfUtils.java:logGet(43)) - raft.grpc.flow.control.window = 1MB (=1048576) (default)
2019-09-24 03:09:43,686 [main] INFO  server.RaftServerConfigKeys (ConfUtils.java:logGet(43)) - raft.server.rpc.request.timeout = 3000ms (default)
2019-09-24 03:09:43,687 [main] INFO  server.RaftServerConfigKeys (ConfUtils.java:logGet(43)) - raft.server.storage.dir = [/workdir/hadoop-ozone/integration-test/target/test-dir/MiniOzoneClusterImpl-012d228f-acb2-41e7-bbe8-297e082f4972/datanode-6/data/ratis] (custom)
2019-09-24 03:09:43,689 [main] INFO  hdfs.DFSUtil (DFSUtil.java:httpServerTemplateForNNAndJN(1641)) - Starting Web-server for hddsDatanode at: http://0.0.0.0:0
2019-09-24 03:09:43,690 [main] INFO  server.AuthenticationFilter (AuthenticationFilter.java:constructSecretProvider(240)) - Unable to initialize FileSignerSecretProvider, falling back to use random secrets.
2019-09-24 03:09:43,691 [main] WARN  http.HttpRequestLog (HttpRequestLog.java:getRequestLog(97)) - Jetty request log can only be enabled using Log4j
2019-09-24 03:09:43,693 [main] INFO  http.HttpServer2 (HttpServer2.java:addGlobalFilter(975)) - Added global filter 'safety' (class=org.apache.hadoop.http.HttpServer2$QuotingInputFilter)
2019-09-24 03:09:43,693 [main] INFO  http.HttpServer2 (HttpServer2.java:addFilter(948)) - Added filter static_user_filter (class=org.apache.hadoop.http.lib.StaticUserWebFilter$StaticUserFilter) to context hddsDatanode
2019-09-24 03:09:43,693 [main] INFO  http.HttpServer2 (HttpServer2.java:addFilter(958)) - Added filter static_user_filter (class=org.apache.hadoop.http.lib.StaticUserWebFilter$StaticUserFilter) to context logs
2019-09-24 03:09:43,694 [main] INFO  http.HttpServer2 (HttpServer2.java:addFilter(958)) - Added filter static_user_filter (class=org.apache.hadoop.http.lib.StaticUserWebFilter$StaticUserFilter) to context static
2019-09-24 03:09:43,694 [main] INFO  http.HttpServer2 (HttpServer2.java:bindListener(1191)) - Jetty bound to port 39153
2019-09-24 03:09:43,695 [main] INFO  server.Server (Server.java:doStart(351)) - jetty-9.3.25.v20180904, build timestamp: 2018-09-04T21:11:46Z, git hash: 3ce520221d0240229c862b122d2b06c12a625732
2019-09-24 03:09:43,696 [main] INFO  handler.ContextHandler (ContextHandler.java:doStart(781)) - Started o.e.j.s.ServletContextHandler@5a936e64{/logs,file:///workdir/hadoop-ozone/integration-test/target/log,AVAILABLE}
2019-09-24 03:09:43,697 [main] INFO  handler.ContextHandler (ContextHandler.java:doStart(781)) - Started o.e.j.s.ServletContextHandler@65bad087{/static,jar:file:/home/user/.m2/repository/org/apache/hadoop/hadoop-hdds-container-service/0.5.0-SNAPSHOT/hadoop-hdds-container-service-0.5.0-SNAPSHOT.jar!/webapps/static,AVAILABLE}
2019-09-24 03:09:43,737 [main] INFO  handler.ContextHandler (ContextHandler.java:doStart(781)) - Started o.e.j.w.WebAppContext@d70f722{/,file:///tmp/jetty-0.0.0.0-39153-hddsDatanode-_-any-8967384235669816619.dir/webapp/,AVAILABLE}{/hddsDatanode}
2019-09-24 03:09:43,738 [main] INFO  server.AbstractConnector (AbstractConnector.java:doStart(278)) - Started ServerConnector@1e1eeedd{HTTP/1.1,[http/1.1]}{0.0.0.0:39153}
2019-09-24 03:09:43,740 [main] INFO  server.Server (Server.java:doStart(419)) - Started @144030ms
2019-09-24 03:09:43,740 [main] WARN  impl.MetricsSystemImpl (MetricsSystemImpl.java:register(276)) - Sink prometheus already exists!
2019-09-24 03:09:43,741 [main] INFO  server.BaseHttpServer (BaseHttpServer.java:updateConnectorAddress(215)) - HTTP server of HDDSDATANODE is listening at http://0.0.0.0:39153
2019-09-24 03:09:43,741 [main] INFO  ozone.MiniOzoneClusterImpl (MiniOzoneClusterImpl.java:lambda$waitForClusterToBeReady$0(147)) - Waiting for cluster to be ready. Got 0 of 7 DN Heartbeats.
2019-09-24 03:09:43,744 [org.apache.hadoop.util.JvmPauseMonitor$Monitor@326387f6] INFO  util.JvmPauseMonitor (JvmPauseMonitor.java:run(188)) - Starting JVM pause monitor
2019-09-24 03:09:43,747 [Datanode State Machine Thread - 0] INFO  datanode.InitDatanodeState (InitDatanodeState.java:persistContainerDatanodeDetails(140)) - DatanodeDetails is persisted to /workdir/hadoop-ozone/integration-test/target/test-dir/MiniOzoneClusterImpl-012d228f-acb2-41e7-bbe8-297e082f4972/datanode-6/meta/datanode.id
2019-09-24 03:09:44,745 [main] INFO  ozone.MiniOzoneClusterImpl (MiniOzoneClusterImpl.java:lambda$waitForClusterToBeReady$0(147)) - Waiting for cluster to be ready. Got 0 of 7 DN Heartbeats.
2019-09-24 03:09:45,307 [Datanode State Machine Thread - 0] INFO  ozoneimpl.OzoneContainer (OzoneContainer.java:start(217)) - Attempting to start container services.
2019-09-24 03:09:45,309 [Datanode State Machine Thread - 0] INFO  ozoneimpl.OzoneContainer (OzoneContainer.java:startContainerScrub(179)) - Background container scanner has been disabled.
2019-09-24 03:09:45,309 [Datanode State Machine Thread - 0] INFO  ratis.XceiverServerRatis (XceiverServerRatis.java:start(411)) - Starting XceiverServerRatis 5406889e-ec62-4049-b262-f5316a5dbf0d at port 0
2019-09-24 03:09:45,315 [Datanode State Machine Thread - 0] INFO  impl.RaftServerProxy (RaftServerProxy.java:lambda$start$3(299)) - 5406889e-ec62-4049-b262-f5316a5dbf0d: start RPC server
2019-09-24 03:09:45,319 [Datanode State Machine Thread - 0] INFO  ozoneimpl.OzoneContainer (OzoneContainer.java:start(217)) - Attempting to start container services.
2019-09-24 03:09:45,319 [Datanode State Machine Thread - 0] INFO  server.GrpcService (GrpcService.java:startImpl(158)) - 5406889e-ec62-4049-b262-f5316a5dbf0d: GrpcService started, listening on 0.0.0.0/0.0.0.0:45241
2019-09-24 03:09:45,321 [Datanode State Machine Thread - 0] INFO  ratis.XceiverServerRatis (XceiverServerRatis.java:start(421)) - XceiverServerRatis 5406889e-ec62-4049-b262-f5316a5dbf0d is started using port 45241
2019-09-24 03:09:45,321 [Datanode State Machine Thread - 0] INFO  ozoneimpl.OzoneContainer (OzoneContainer.java:startContainerScrub(179)) - Background container scanner has been disabled.
2019-09-24 03:09:45,321 [Datanode State Machine Thread - 0] INFO  ratis.XceiverServerRatis (XceiverServerRatis.java:start(411)) - Starting XceiverServerRatis 44a4ffbc-4d91-4095-a9c3-b922f00b00e4 at port 0
2019-09-24 03:09:45,322 [Datanode State Machine Thread - 0] INFO  server.XceiverServerGrpc (XceiverServerGrpc.java:start(149)) - XceiverServerGrpc 5406889e-ec62-4049-b262-f5316a5dbf0d is started using port 38252
2019-09-24 03:09:45,335 [Datanode State Machine Thread - 0] INFO  impl.RaftServerProxy (RaftServerProxy.java:lambda$start$3(299)) - 44a4ffbc-4d91-4095-a9c3-b922f00b00e4: start RPC server
2019-09-24 03:09:45,337 [Datanode State Machine Thread - 0] INFO  server.GrpcService (GrpcService.java:startImpl(158)) - 44a4ffbc-4d91-4095-a9c3-b922f00b00e4: GrpcService started, listening on 0.0.0.0/0.0.0.0:38893
2019-09-24 03:09:45,337 [Datanode State Machine Thread - 0] INFO  ratis.XceiverServerRatis (XceiverServerRatis.java:start(421)) - XceiverServerRatis 44a4ffbc-4d91-4095-a9c3-b922f00b00e4 is started using port 38893
2019-09-24 03:09:45,343 [Datanode State Machine Thread - 0] INFO  server.XceiverServerGrpc (XceiverServerGrpc.java:start(149)) - XceiverServerGrpc 44a4ffbc-4d91-4095-a9c3-b922f00b00e4 is started using port 38904
2019-09-24 03:09:45,439 [Datanode State Machine Thread - 0] INFO  ozoneimpl.OzoneContainer (OzoneContainer.java:start(217)) - Attempting to start container services.
2019-09-24 03:09:45,446 [Datanode State Machine Thread - 0] INFO  ozoneimpl.OzoneContainer (OzoneContainer.java:startContainerScrub(179)) - Background container scanner has been disabled.
2019-09-24 03:09:45,446 [Datanode State Machine Thread - 0] INFO  ratis.XceiverServerRatis (XceiverServerRatis.java:start(411)) - Starting XceiverServerRatis 43af139f-dfb3-4342-9eb7-488f00a1ed65 at port 0
2019-09-24 03:09:45,451 [Datanode State Machine Thread - 0] INFO  impl.RaftServerProxy (RaftServerProxy.java:lambda$start$3(299)) - 43af139f-dfb3-4342-9eb7-488f00a1ed65: start RPC server
2019-09-24 03:09:45,453 [Datanode State Machine Thread - 0] INFO  server.GrpcService (GrpcService.java:startImpl(158)) - 43af139f-dfb3-4342-9eb7-488f00a1ed65: GrpcService started, listening on 0.0.0.0/0.0.0.0:44602
2019-09-24 03:09:45,453 [Datanode State Machine Thread - 0] INFO  ratis.XceiverServerRatis (XceiverServerRatis.java:start(421)) - XceiverServerRatis 43af139f-dfb3-4342-9eb7-488f00a1ed65 is started using port 44602
2019-09-24 03:09:45,460 [Datanode State Machine Thread - 0] INFO  server.XceiverServerGrpc (XceiverServerGrpc.java:start(149)) - XceiverServerGrpc 43af139f-dfb3-4342-9eb7-488f00a1ed65 is started using port 34325
2019-09-24 03:09:45,524 [Datanode State Machine Thread - 0] INFO  ozoneimpl.OzoneContainer (OzoneContainer.java:start(217)) - Attempting to start container services.
2019-09-24 03:09:45,524 [Datanode State Machine Thread - 0] INFO  ozoneimpl.OzoneContainer (OzoneContainer.java:startContainerScrub(179)) - Background container scanner has been disabled.
2019-09-24 03:09:45,525 [Datanode State Machine Thread - 0] INFO  ratis.XceiverServerRatis (XceiverServerRatis.java:start(411)) - Starting XceiverServerRatis 0977c340-09ab-40ea-a2ee-06e7b0684890 at port 0
2019-09-24 03:09:45,530 [Datanode State Machine Thread - 0] INFO  impl.RaftServerProxy (RaftServerProxy.java:lambda$start$3(299)) - 0977c340-09ab-40ea-a2ee-06e7b0684890: start RPC server
2019-09-24 03:09:45,531 [Datanode State Machine Thread - 0] INFO  server.GrpcService (GrpcService.java:startImpl(158)) - 0977c340-09ab-40ea-a2ee-06e7b0684890: GrpcService started, listening on 0.0.0.0/0.0.0.0:40113
2019-09-24 03:09:45,531 [Datanode State Machine Thread - 0] INFO  ratis.XceiverServerRatis (XceiverServerRatis.java:start(421)) - XceiverServerRatis 0977c340-09ab-40ea-a2ee-06e7b0684890 is started using port 40113
2019-09-24 03:09:45,532 [Datanode State Machine Thread - 0] INFO  server.XceiverServerGrpc (XceiverServerGrpc.java:start(149)) - XceiverServerGrpc 0977c340-09ab-40ea-a2ee-06e7b0684890 is started using port 38388
2019-09-24 03:09:45,627 [Datanode State Machine Thread - 0] INFO  ozoneimpl.OzoneContainer (OzoneContainer.java:start(217)) - Attempting to start container services.
2019-09-24 03:09:45,628 [Datanode State Machine Thread - 0] INFO  ozoneimpl.OzoneContainer (OzoneContainer.java:startContainerScrub(179)) - Background container scanner has been disabled.
2019-09-24 03:09:45,628 [Datanode State Machine Thread - 0] INFO  ratis.XceiverServerRatis (XceiverServerRatis.java:start(411)) - Starting XceiverServerRatis 72adeaa2-1bef-4cd1-bdeb-e0365f44c5f0 at port 0
2019-09-24 03:09:45,633 [Datanode State Machine Thread - 0] INFO  impl.RaftServerProxy (RaftServerProxy.java:lambda$start$3(299)) - 72adeaa2-1bef-4cd1-bdeb-e0365f44c5f0: start RPC server
2019-09-24 03:09:45,637 [Datanode State Machine Thread - 0] INFO  server.GrpcService (GrpcService.java:startImpl(158)) - 72adeaa2-1bef-4cd1-bdeb-e0365f44c5f0: GrpcService started, listening on 0.0.0.0/0.0.0.0:46343
2019-09-24 03:09:45,637 [Datanode State Machine Thread - 0] INFO  ratis.XceiverServerRatis (XceiverServerRatis.java:start(421)) - XceiverServerRatis 72adeaa2-1bef-4cd1-bdeb-e0365f44c5f0 is started using port 46343
2019-09-24 03:09:45,640 [Datanode State Machine Thread - 0] INFO  server.XceiverServerGrpc (XceiverServerGrpc.java:start(149)) - XceiverServerGrpc 72adeaa2-1bef-4cd1-bdeb-e0365f44c5f0 is started using port 46439
2019-09-24 03:09:45,666 [Datanode State Machine Thread - 0] INFO  ozoneimpl.OzoneContainer (OzoneContainer.java:start(217)) - Attempting to start container services.
2019-09-24 03:09:45,666 [Datanode State Machine Thread - 0] INFO  ozoneimpl.OzoneContainer (OzoneContainer.java:startContainerScrub(179)) - Background container scanner has been disabled.
2019-09-24 03:09:45,666 [Datanode State Machine Thread - 0] INFO  ratis.XceiverServerRatis (XceiverServerRatis.java:start(411)) - Starting XceiverServerRatis f3563236-f689-405f-8ebf-d4e633c015bd at port 0
2019-09-24 03:09:45,673 [Datanode State Machine Thread - 0] INFO  impl.RaftServerProxy (RaftServerProxy.java:lambda$start$3(299)) - f3563236-f689-405f-8ebf-d4e633c015bd: start RPC server
2019-09-24 03:09:45,674 [Datanode State Machine Thread - 0] INFO  server.GrpcService (GrpcService.java:startImpl(158)) - f3563236-f689-405f-8ebf-d4e633c015bd: GrpcService started, listening on 0.0.0.0/0.0.0.0:39431
2019-09-24 03:09:45,674 [Datanode State Machine Thread - 0] INFO  ratis.XceiverServerRatis (XceiverServerRatis.java:start(421)) - XceiverServerRatis f3563236-f689-405f-8ebf-d4e633c015bd is started using port 39431
2019-09-24 03:09:45,677 [Datanode State Machine Thread - 0] INFO  server.XceiverServerGrpc (XceiverServerGrpc.java:start(149)) - XceiverServerGrpc f3563236-f689-405f-8ebf-d4e633c015bd is started using port 38355
2019-09-24 03:09:45,746 [main] INFO  ozone.MiniOzoneClusterImpl (MiniOzoneClusterImpl.java:lambda$waitForClusterToBeReady$0(147)) - Waiting for cluster to be ready. Got 0 of 7 DN Heartbeats.
2019-09-24 03:09:45,784 [Datanode State Machine Thread - 0] INFO  ozoneimpl.OzoneContainer (OzoneContainer.java:start(217)) - Attempting to start container services.
2019-09-24 03:09:45,784 [Datanode State Machine Thread - 0] INFO  ozoneimpl.OzoneContainer (OzoneContainer.java:startContainerScrub(179)) - Background container scanner has been disabled.
2019-09-24 03:09:45,784 [Datanode State Machine Thread - 0] INFO  ratis.XceiverServerRatis (XceiverServerRatis.java:start(411)) - Starting XceiverServerRatis 407a0596-b9d5-4e18-8838-1feb6dd68eb6 at port 0
2019-09-24 03:09:45,790 [Datanode State Machine Thread - 0] INFO  impl.RaftServerProxy (RaftServerProxy.java:lambda$start$3(299)) - 407a0596-b9d5-4e18-8838-1feb6dd68eb6: start RPC server
2019-09-24 03:09:45,792 [Datanode State Machine Thread - 0] INFO  server.GrpcService (GrpcService.java:startImpl(158)) - 407a0596-b9d5-4e18-8838-1feb6dd68eb6: GrpcService started, listening on 0.0.0.0/0.0.0.0:33348
2019-09-24 03:09:45,792 [Datanode State Machine Thread - 0] INFO  ratis.XceiverServerRatis (XceiverServerRatis.java:start(421)) - XceiverServerRatis 407a0596-b9d5-4e18-8838-1feb6dd68eb6 is started using port 33348
2019-09-24 03:09:45,793 [Datanode State Machine Thread - 0] INFO  server.XceiverServerGrpc (XceiverServerGrpc.java:start(149)) - XceiverServerGrpc 407a0596-b9d5-4e18-8838-1feb6dd68eb6 is started using port 43006
2019-09-24 03:09:46,746 [main] INFO  ozone.MiniOzoneClusterImpl (MiniOzoneClusterImpl.java:lambda$waitForClusterToBeReady$0(147)) - Waiting for cluster to be ready. Got 0 of 7 DN Heartbeats.
2019-09-24 03:09:47,228 [IPC Server handler 5 on 37512] INFO  net.NetworkTopology (NetworkTopologyImpl.java:add(111)) - Added a new node: /default-rack/5406889e-ec62-4049-b262-f5316a5dbf0d
2019-09-24 03:09:47,230 [IPC Server handler 5 on 37512] INFO  node.SCMNodeManager (SCMNodeManager.java:register(266)) - Registered Data node : 5406889e-ec62-4049-b262-f5316a5dbf0d{ip: 192.168.151.121, host: pr-hdds-2162-tjkd5-3209850126, networkLocation: /default-rack, certSerialId: null}
2019-09-24 03:09:47,231 [EventQueue-NodeRegistrationContainerReportForDataNodeSafeModeRule] INFO  safemode.SCMSafeModeManager (DataNodeSafeModeRule.java:process(71)) - SCM in safe mode. 1 DataNodes registered, 1 required.
2019-09-24 03:09:47,232 [EventQueue-NodeRegistrationContainerReportForDataNodeSafeModeRule] INFO  safemode.SCMSafeModeManager (SCMSafeModeManager.java:validateSafeModeExitRules(177)) - ScmSafeModeManager, all rules are successfully validated
2019-09-24 03:09:47,232 [EventQueue-NodeRegistrationContainerReportForDataNodeSafeModeRule] INFO  safemode.SCMSafeModeManager (SCMSafeModeManager.java:exitSafeMode(193)) - SCM exiting safe mode.
2019-09-24 03:09:47,254 [grpc-default-executor-0] INFO  impl.RaftServerProxy (RaftServerProxy.java:addNew(89)) - 5406889e-ec62-4049-b262-f5316a5dbf0d: addNew group-E8718F9B793B:[5406889e-ec62-4049-b262-f5316a5dbf0d:192.168.151.121:45241] returns group-E8718F9B793B:java.util.concurrent.CompletableFuture@658418f3[Not completed]
2019-09-24 03:09:47,256 [pool-117-thread-1] INFO  impl.RaftServerImpl (RaftServerImpl.java:<init>(95)) - 5406889e-ec62-4049-b262-f5316a5dbf0d: new RaftServerImpl for group-E8718F9B793B:[5406889e-ec62-4049-b262-f5316a5dbf0d:192.168.151.121:45241] with ContainerStateMachine:uninitialized
2019-09-24 03:09:47,256 [pool-117-thread-1] INFO  server.RaftServerConfigKeys (ConfUtils.java:logGet(43)) - raft.server.rpc.timeout.min = 5s (custom)
2019-09-24 03:09:47,256 [pool-117-thread-1] INFO  server.RaftServerConfigKeys (ConfUtils.java:logGet(43)) - raft.server.rpc.timeout.max = 5200ms (custom)
2019-09-24 03:09:47,257 [pool-117-thread-1] INFO  server.RaftServerConfigKeys (ConfUtils.java:logGet(43)) - raft.server.rpcslowness.timeout = 120s (custom)
2019-09-24 03:09:47,257 [pool-117-thread-1] INFO  server.RaftServerConfigKeys (ConfUtils.java:logGet(43)) - raft.server.sleep.deviation.threshold = 300 (default)
2019-09-24 03:09:47,257 [pool-117-thread-1] INFO  server.RaftServerConfigKeys (ConfUtils.java:logGet(43)) - raft.server.log.appender.install.snapshot.enabled = false (custom)
2019-09-24 03:09:47,257 [pool-117-thread-1] INFO  impl.RaftServerImpl (ServerState.java:<init>(103)) - 5406889e-ec62-4049-b262-f5316a5dbf0d@group-E8718F9B793B: ConfigurationManager, init=-1: [5406889e-ec62-4049-b262-f5316a5dbf0d:192.168.151.121:45241], old=null, confs=<EMPTY_MAP>
2019-09-24 03:09:47,257 [pool-117-thread-1] INFO  server.RaftServerConfigKeys (ConfUtils.java:logGet(43)) - raft.server.storage.dir = [/workdir/hadoop-ozone/integration-test/target/test-dir/MiniOzoneClusterImpl-012d228f-acb2-41e7-bbe8-297e082f4972/datanode-0/data/ratis] (custom)
2019-09-24 03:09:47,257 [pool-117-thread-1] INFO  storage.RaftStorageDirectory (RaftStorageDirectory.java:analyzeStorage(246)) - The storage directory /workdir/hadoop-ozone/integration-test/target/test-dir/MiniOzoneClusterImpl-012d228f-acb2-41e7-bbe8-297e082f4972/datanode-0/data/ratis/489ed417-e4f7-4429-8ba7-e8718f9b793b does not exist. Creating ...
2019-09-24 03:09:47,300 [IPC Server handler 1 on 37512] INFO  net.NetworkTopology (NetworkTopologyImpl.java:add(111)) - Added a new node: /default-rack/44a4ffbc-4d91-4095-a9c3-b922f00b00e4
2019-09-24 03:09:47,300 [IPC Server handler 1 on 37512] INFO  node.SCMNodeManager (SCMNodeManager.java:register(266)) - Registered Data node : 44a4ffbc-4d91-4095-a9c3-b922f00b00e4{ip: 192.168.151.121, host: pr-hdds-2162-tjkd5-3209850126, networkLocation: /default-rack, certSerialId: null}
2019-09-24 03:09:47,399 [IPC Server handler 2 on 37512] INFO  net.NetworkTopology (NetworkTopologyImpl.java:add(111)) - Added a new node: /default-rack/43af139f-dfb3-4342-9eb7-488f00a1ed65
2019-09-24 03:09:47,400 [IPC Server handler 2 on 37512] INFO  node.SCMNodeManager (SCMNodeManager.java:register(266)) - Registered Data node : 43af139f-dfb3-4342-9eb7-488f00a1ed65{ip: 192.168.151.121, host: pr-hdds-2162-tjkd5-3209850126, networkLocation: /default-rack, certSerialId: null}
2019-09-24 03:09:47,486 [IPC Server handler 4 on 37512] INFO  net.NetworkTopology (NetworkTopologyImpl.java:add(111)) - Added a new node: /default-rack/0977c340-09ab-40ea-a2ee-06e7b0684890
2019-09-24 03:09:47,486 [IPC Server handler 4 on 37512] INFO  node.SCMNodeManager (SCMNodeManager.java:register(266)) - Registered Data node : 0977c340-09ab-40ea-a2ee-06e7b0684890{ip: 192.168.151.121, host: pr-hdds-2162-tjkd5-3209850126, networkLocation: /default-rack, certSerialId: null}
2019-09-24 03:09:47,569 [IPC Server handler 3 on 37512] INFO  net.NetworkTopology (NetworkTopologyImpl.java:add(111)) - Added a new node: /default-rack/72adeaa2-1bef-4cd1-bdeb-e0365f44c5f0
2019-09-24 03:09:47,569 [IPC Server handler 3 on 37512] INFO  node.SCMNodeManager (SCMNodeManager.java:register(266)) - Registered Data node : 72adeaa2-1bef-4cd1-bdeb-e0365f44c5f0{ip: 192.168.151.121, host: pr-hdds-2162-tjkd5-3209850126, networkLocation: /default-rack, certSerialId: null}
2019-09-24 03:09:47,651 [IPC Server handler 6 on 37512] INFO  net.NetworkTopology (NetworkTopologyImpl.java:add(111)) - Added a new node: /default-rack/f3563236-f689-405f-8ebf-d4e633c015bd
2019-09-24 03:09:47,651 [IPC Server handler 6 on 37512] INFO  node.SCMNodeManager (SCMNodeManager.java:register(266)) - Registered Data node : f3563236-f689-405f-8ebf-d4e633c015bd{ip: 192.168.151.121, host: pr-hdds-2162-tjkd5-3209850126, networkLocation: /default-rack, certSerialId: null}
2019-09-24 03:09:47,746 [IPC Server handler 5 on 37512] INFO  net.NetworkTopology (NetworkTopologyImpl.java:add(111)) - Added a new node: /default-rack/407a0596-b9d5-4e18-8838-1feb6dd68eb6
2019-09-24 03:09:47,747 [main] INFO  ozone.MiniOzoneClusterImpl (MiniOzoneClusterImpl.java:lambda$waitForClusterToBeReady$0(147)) - Cluster is ready. Got 7 of 7 DN Heartbeats.
2019-09-24 03:09:47,747 [IPC Server handler 5 on 37512] INFO  node.SCMNodeManager (SCMNodeManager.java:register(266)) - Registered Data node : 407a0596-b9d5-4e18-8838-1feb6dd68eb6{ip: 192.168.151.121, host: pr-hdds-2162-tjkd5-3209850126, networkLocation: /default-rack, certSerialId: null}
2019-09-24 03:09:48,616 [pool-117-thread-1] INFO  storage.RaftStorageDirectory (RaftStorageDirectory.java:tryLock(328)) - Lock on /workdir/hadoop-ozone/integration-test/target/test-dir/MiniOzoneClusterImpl-012d228f-acb2-41e7-bbe8-297e082f4972/datanode-0/data/ratis/489ed417-e4f7-4429-8ba7-e8718f9b793b/in_use.lock acquired by nodename 31860@pr-hdds-2162-tjkd5-3209850126
2019-09-24 03:09:48,648 [pool-117-thread-1] INFO  storage.RaftStorage (RaftStorage.java:format(72)) - Storage directory /workdir/hadoop-ozone/integration-test/target/test-dir/MiniOzoneClusterImpl-012d228f-acb2-41e7-bbe8-297e082f4972/datanode-0/data/ratis/489ed417-e4f7-4429-8ba7-e8718f9b793b has been successfully formatted.
2019-09-24 03:09:48,649 [pool-117-thread-1] INFO  ratis.ContainerStateMachine (ContainerStateMachine.java:loadSnapshot(230)) - group-E8718F9B793B: The snapshot info is null. Setting the last applied indexto:(t:0, i:~)
2019-09-24 03:09:48,649 [pool-117-thread-1] INFO  server.RaftServerConfigKeys (ConfUtils.java:logGet(43)) - raft.server.notification.no-leader.timeout = 120s (custom)
2019-09-24 03:09:48,649 [pool-117-thread-1] INFO  server.RaftServerConfigKeys (ConfUtils.java:logGet(43)) - raft.server.log.use.memory = false (default)
2019-09-24 03:09:48,650 [pool-117-thread-1] INFO  server.RaftServerConfigKeys (ConfUtils.java:logGet(43)) - raft.server.log.purge.gap = 1000000 (custom)
2019-09-24 03:09:48,650 [pool-117-thread-1] INFO  server.RaftServerConfigKeys (ConfUtils.java:logGet(43)) - raft.server.log.appender.buffer.byte-limit = 33554432 (custom)
2019-09-24 03:09:48,650 [pool-117-thread-1] INFO  server.RaftServerConfigKeys (ConfUtils.java:logGet(43)) - raft.server.log.segment.size.max = 1048576 (custom)
2019-09-24 03:09:48,650 [pool-117-thread-1] INFO  server.RaftServerConfigKeys (ConfUtils.java:logGet(43)) - raft.server.log.segment.cache.num.max = 2 (custom)
2019-09-24 03:09:48,650 [pool-117-thread-1] INFO  segmented.SegmentedRaftLogWorker (SegmentedRaftLogWorker.java:<init>(172)) - new 5406889e-ec62-4049-b262-f5316a5dbf0d@group-E8718F9B793B-SegmentedRaftLogWorker for RaftStorage:Storage Directory /workdir/hadoop-ozone/integration-test/target/test-dir/MiniOzoneClusterImpl-012d228f-acb2-41e7-bbe8-297e082f4972/datanode-0/data/ratis/489ed417-e4f7-4429-8ba7-e8718f9b793b
2019-09-24 03:09:48,654 [pool-117-thread-1] INFO  server.RaftServerConfigKeys (ConfUtils.java:logGet(43)) - raft.server.log.queue.byte-limit = 2147483647 (custom)
2019-09-24 03:09:48,654 [pool-117-thread-1] INFO  server.RaftServerConfigKeys (ConfUtils.java:logGet(43)) - raft.server.log.queue.element-limit = 1024 (custom)
2019-09-24 03:09:48,655 [pool-117-thread-1] INFO  server.RaftServerConfigKeys (ConfUtils.java:logGet(43)) - raft.server.log.segment.size.max = 1048576 (custom)
2019-09-24 03:09:48,655 [pool-117-thread-1] INFO  server.RaftServerConfigKeys (ConfUtils.java:logGet(43)) - raft.server.log.preallocated.size = 16384 (custom)
2019-09-24 03:09:48,655 [pool-117-thread-1] INFO  server.RaftServerConfigKeys (ConfUtils.java:logGet(43)) - raft.server.log.write.buffer.size = 33554432 (custom)
2019-09-24 03:09:48,655 [pool-117-thread-1] INFO  server.RaftServerConfigKeys (ConfUtils.java:logGet(43)) - raft.server.log.force.sync.num = 128 (default)
2019-09-24 03:09:48,655 [pool-117-thread-1] INFO  server.RaftServerConfigKeys (ConfUtils.java:logGet(43)) - raft.server.log.statemachine.data.sync = true (default)
2019-09-24 03:09:48,655 [pool-117-thread-1] INFO  server.RaftServerConfigKeys (ConfUtils.java:logGet(43)) - raft.server.log.statemachine.data.sync.timeout = 10s (default)
2019-09-24 03:09:48,656 [pool-117-thread-1] INFO  server.RaftServerConfigKeys (ConfUtils.java:logGet(43)) - raft.server.log.statemachine.data.sync.timeout.retry = -1 (default)
2019-09-24 03:09:48,656 [pool-117-thread-1] INFO  server.RaftServerConfigKeys (ConfUtils.java:logGet(43)) - raft.server.log.statemachine.data.caching.enabled = true (custom)
2019-09-24 03:09:48,657 [pool-117-thread-1] INFO  segmented.SegmentedRaftLogWorker (SegmentedRaftLogWorker.java:lambda$new$0(132)) - 5406889e-ec62-4049-b262-f5316a5dbf0d@group-E8718F9B793B-SegmentedRaftLogWorker: flushIndex: setUnconditionally 0 -> -1
2019-09-24 03:09:48,657 [pool-117-thread-1] INFO  server.RaftServerConfigKeys (ConfUtils.java:logGet(43)) - raft.server.snapshot.auto.trigger.enabled = true (custom)
2019-09-24 03:09:48,657 [pool-117-thread-1] INFO  server.RaftServerConfigKeys (ConfUtils.java:logGet(43)) - raft.server.snapshot.auto.trigger.threshold = 10000 (custom)
2019-09-24 03:09:48,657 [pool-117-thread-1] INFO  server.RaftServerConfigKeys (ConfUtils.java:logGet(43)) - raft.server.snapshot.retention.num.files = 5 (custom)
2019-09-24 03:09:48,658 [pool-117-thread-1] INFO  server.RaftServerConfigKeys (ConfUtils.java:logGet(43)) - raft.server.retrycache.expirytime = 600000ms (custom)
2019-09-24 03:09:48,661 [pool-117-thread-1] INFO  impl.RaftServerImpl (RaftServerImpl.java:start(185)) - 5406889e-ec62-4049-b262-f5316a5dbf0d@group-E8718F9B793B: start as a follower, conf=-1: [5406889e-ec62-4049-b262-f5316a5dbf0d:192.168.151.121:45241], old=null
2019-09-24 03:09:48,661 [pool-117-thread-1] INFO  impl.RaftServerImpl (RaftServerImpl.java:setRole(174)) - 5406889e-ec62-4049-b262-f5316a5dbf0d@group-E8718F9B793B: changes role from      null to FOLLOWER at term 0 for startAsFollower
2019-09-24 03:09:48,661 [pool-117-thread-1] INFO  impl.RoleInfo (RoleInfo.java:updateAndGet(143)) - 5406889e-ec62-4049-b262-f5316a5dbf0d: start FollowerState
2019-09-24 03:09:48,662 [pool-117-thread-1] INFO  util.JmxRegister (JmxRegister.java:tryRegister(44)) - Successfully registered JMX Bean with object name Ratis:service=RaftServer,group=group-E8718F9B793B,id=5406889e-ec62-4049-b262-f5316a5dbf0d
2019-09-24 03:09:48,684 [RatisPipelineUtilsThread] INFO  pipeline.PipelineStateManager (PipelineStateManager.java:addPipeline(56)) - Created pipeline Pipeline[ Id: 489ed417-e4f7-4429-8ba7-e8718f9b793b, Nodes: 5406889e-ec62-4049-b262-f5316a5dbf0d{ip: 192.168.151.121, host: pr-hdds-2162-tjkd5-3209850126, networkLocation: /default-rack, certSerialId: null}, Type:RATIS, Factor:ONE, State:OPEN]
2019-09-24 03:09:48,696 [grpc-default-executor-0] INFO  impl.RaftServerProxy (RaftServerProxy.java:addNew(89)) - 44a4ffbc-4d91-4095-a9c3-b922f00b00e4: addNew group-9354A4E0DB93:[44a4ffbc-4d91-4095-a9c3-b922f00b00e4:192.168.151.121:38893] returns group-9354A4E0DB93:java.util.concurrent.CompletableFuture@402d3cca[Not completed]
2019-09-24 03:09:48,698 [pool-127-thread-1] INFO  impl.RaftServerImpl (RaftServerImpl.java:<init>(95)) - 44a4ffbc-4d91-4095-a9c3-b922f00b00e4: new RaftServerImpl for group-9354A4E0DB93:[44a4ffbc-4d91-4095-a9c3-b922f00b00e4:192.168.151.121:38893] with ContainerStateMachine:uninitialized
2019-09-24 03:09:48,698 [pool-127-thread-1] INFO  server.RaftServerConfigKeys (ConfUtils.java:logGet(43)) - raft.server.rpc.timeout.min = 5s (custom)
2019-09-24 03:09:48,698 [pool-127-thread-1] INFO  server.RaftServerConfigKeys (ConfUtils.java:logGet(43)) - raft.server.rpc.timeout.max = 5200ms (custom)
2019-09-24 03:09:48,698 [pool-127-thread-1] INFO  server.RaftServerConfigKeys (ConfUtils.java:logGet(43)) - raft.server.rpcslowness.timeout = 120s (custom)
2019-09-24 03:09:48,698 [pool-127-thread-1] INFO  server.RaftServerConfigKeys (ConfUtils.java:logGet(43)) - raft.server.sleep.deviation.threshold = 300 (default)
2019-09-24 03:09:48,698 [pool-127-thread-1] INFO  server.RaftServerConfigKeys (ConfUtils.java:logGet(43)) - raft.server.log.appender.install.snapshot.enabled = false (custom)
2019-09-24 03:09:48,698 [pool-127-thread-1] INFO  impl.RaftServerImpl (ServerState.java:<init>(103)) - 44a4ffbc-4d91-4095-a9c3-b922f00b00e4@group-9354A4E0DB93: ConfigurationManager, init=-1: [44a4ffbc-4d91-4095-a9c3-b922f00b00e4:192.168.151.121:38893], old=null, confs=<EMPTY_MAP>
2019-09-24 03:09:48,699 [pool-127-thread-1] INFO  server.RaftServerConfigKeys (ConfUtils.java:logGet(43)) - raft.server.storage.dir = [/workdir/hadoop-ozone/integration-test/target/test-dir/MiniOzoneClusterImpl-012d228f-acb2-41e7-bbe8-297e082f4972/datanode-1/data/ratis] (custom)
2019-09-24 03:09:48,699 [pool-127-thread-1] INFO  storage.RaftStorageDirectory (RaftStorageDirectory.java:analyzeStorage(246)) - The storage directory /workdir/hadoop-ozone/integration-test/target/test-dir/MiniOzoneClusterImpl-012d228f-acb2-41e7-bbe8-297e082f4972/datanode-1/data/ratis/27db3ce6-c08a-4b26-b5c7-9354a4e0db93 does not exist. Creating ...
2019-09-24 03:09:48,727 [pool-127-thread-1] INFO  storage.RaftStorageDirectory (RaftStorageDirectory.java:tryLock(328)) - Lock on /workdir/hadoop-ozone/integration-test/target/test-dir/MiniOzoneClusterImpl-012d228f-acb2-41e7-bbe8-297e082f4972/datanode-1/data/ratis/27db3ce6-c08a-4b26-b5c7-9354a4e0db93/in_use.lock acquired by nodename 31860@pr-hdds-2162-tjkd5-3209850126
2019-09-24 03:09:48,736 [pool-127-thread-1] INFO  storage.RaftStorage (RaftStorage.java:format(72)) - Storage directory /workdir/hadoop-ozone/integration-test/target/test-dir/MiniOzoneClusterImpl-012d228f-acb2-41e7-bbe8-297e082f4972/datanode-1/data/ratis/27db3ce6-c08a-4b26-b5c7-9354a4e0db93 has been successfully formatted.
2019-09-24 03:09:48,736 [pool-127-thread-1] INFO  ratis.ContainerStateMachine (ContainerStateMachine.java:loadSnapshot(230)) - group-9354A4E0DB93: The snapshot info is null. Setting the last applied indexto:(t:0, i:~)
2019-09-24 03:09:48,736 [pool-127-thread-1] INFO  server.RaftServerConfigKeys (ConfUtils.java:logGet(43)) - raft.server.notification.no-leader.timeout = 120s (custom)
2019-09-24 03:09:48,736 [pool-127-thread-1] INFO  server.RaftServerConfigKeys (ConfUtils.java:logGet(43)) - raft.server.log.use.memory = false (default)
2019-09-24 03:09:48,737 [pool-127-thread-1] INFO  server.RaftServerConfigKeys (ConfUtils.java:logGet(43)) - raft.server.log.purge.gap = 1000000 (custom)
2019-09-24 03:09:48,737 [pool-127-thread-1] INFO  server.RaftServerConfigKeys (ConfUtils.java:logGet(43)) - raft.server.log.appender.buffer.byte-limit = 33554432 (custom)
2019-09-24 03:09:48,737 [pool-127-thread-1] INFO  server.RaftServerConfigKeys (ConfUtils.java:logGet(43)) - raft.server.log.segment.size.max = 1048576 (custom)
2019-09-24 03:09:48,737 [pool-127-thread-1] INFO  server.RaftServerConfigKeys (ConfUtils.java:logGet(43)) - raft.server.log.segment.cache.num.max = 2 (custom)
2019-09-24 03:09:48,737 [pool-127-thread-1] INFO  segmented.SegmentedRaftLogWorker (SegmentedRaftLogWorker.java:<init>(172)) - new 44a4ffbc-4d91-4095-a9c3-b922f00b00e4@group-9354A4E0DB93-SegmentedRaftLogWorker for RaftStorage:Storage Directory /workdir/hadoop-ozone/integration-test/target/test-dir/MiniOzoneClusterImpl-012d228f-acb2-41e7-bbe8-297e082f4972/datanode-1/data/ratis/27db3ce6-c08a-4b26-b5c7-9354a4e0db93
2019-09-24 03:09:48,739 [pool-127-thread-1] INFO  server.RaftServerConfigKeys (ConfUtils.java:logGet(43)) - raft.server.log.queue.byte-limit = 2147483647 (custom)
2019-09-24 03:09:48,740 [pool-127-thread-1] INFO  server.RaftServerConfigKeys (ConfUtils.java:logGet(43)) - raft.server.log.queue.element-limit = 1024 (custom)
2019-09-24 03:09:48,740 [pool-127-thread-1] INFO  server.RaftServerConfigKeys (ConfUtils.java:logGet(43)) - raft.server.log.segment.size.max = 1048576 (custom)
2019-09-24 03:09:48,740 [pool-127-thread-1] INFO  server.RaftServerConfigKeys (ConfUtils.java:logGet(43)) - raft.server.log.preallocated.size = 16384 (custom)
2019-09-24 03:09:48,740 [pool-127-thread-1] INFO  server.RaftServerConfigKeys (ConfUtils.java:logGet(43)) - raft.server.log.write.buffer.size = 33554432 (custom)
2019-09-24 03:09:48,740 [pool-127-thread-1] INFO  server.RaftServerConfigKeys (ConfUtils.java:logGet(43)) - raft.server.log.force.sync.num = 128 (default)
2019-09-24 03:09:48,740 [pool-127-thread-1] INFO  server.RaftServerConfigKeys (ConfUtils.java:logGet(43)) - raft.server.log.statemachine.data.sync = true (default)
2019-09-24 03:09:48,740 [pool-127-thread-1] INFO  server.RaftServerConfigKeys (ConfUtils.java:logGet(43)) - raft.server.log.statemachine.data.sync.timeout = 10s (default)
2019-09-24 03:09:48,741 [pool-127-thread-1] INFO  server.RaftServerConfigKeys (ConfUtils.java:logGet(43)) - raft.server.log.statemachine.data.sync.timeout.retry = -1 (default)
2019-09-24 03:09:48,741 [pool-127-thread-1] INFO  server.RaftServerConfigKeys (ConfUtils.java:logGet(43)) - raft.server.log.statemachine.data.caching.enabled = true (custom)
2019-09-24 03:09:48,741 [pool-127-thread-1] INFO  segmented.SegmentedRaftLogWorker (SegmentedRaftLogWorker.java:lambda$new$0(132)) - 44a4ffbc-4d91-4095-a9c3-b922f00b00e4@group-9354A4E0DB93-SegmentedRaftLogWorker: flushIndex: setUnconditionally 0 -> -1
2019-09-24 03:09:48,741 [pool-127-thread-1] INFO  server.RaftServerConfigKeys (ConfUtils.java:logGet(43)) - raft.server.snapshot.auto.trigger.enabled = true (custom)
2019-09-24 03:09:48,742 [pool-127-thread-1] INFO  server.RaftServerConfigKeys (ConfUtils.java:logGet(43)) - raft.server.snapshot.auto.trigger.threshold = 10000 (custom)
2019-09-24 03:09:48,742 [pool-127-thread-1] INFO  server.RaftServerConfigKeys (ConfUtils.java:logGet(43)) - raft.server.snapshot.retention.num.files = 5 (custom)
2019-09-24 03:09:48,742 [pool-127-thread-1] INFO  server.RaftServerConfigKeys (ConfUtils.java:logGet(43)) - raft.server.retrycache.expirytime = 600000ms (custom)
2019-09-24 03:09:48,744 [pool-127-thread-1] INFO  impl.RaftServerImpl (RaftServerImpl.java:start(185)) - 44a4ffbc-4d91-4095-a9c3-b922f00b00e4@group-9354A4E0DB93: start as a follower, conf=-1: [44a4ffbc-4d91-4095-a9c3-b922f00b00e4:192.168.151.121:38893], old=null
2019-09-24 03:09:48,744 [pool-127-thread-1] INFO  impl.RaftServerImpl (RaftServerImpl.java:setRole(174)) - 44a4ffbc-4d91-4095-a9c3-b922f00b00e4@group-9354A4E0DB93: changes role from      null to FOLLOWER at term 0 for startAsFollower
2019-09-24 03:09:48,744 [pool-127-thread-1] INFO  impl.RoleInfo (RoleInfo.java:updateAndGet(143)) - 44a4ffbc-4d91-4095-a9c3-b922f00b00e4: start FollowerState
2019-09-24 03:09:48,744 [pool-127-thread-1] INFO  util.JmxRegister (JmxRegister.java:tryRegister(44)) - Successfully registered JMX Bean with object name Ratis:service=RaftServer,group=group-9354A4E0DB93,id=44a4ffbc-4d91-4095-a9c3-b922f00b00e4
2019-09-24 03:09:48,750 [RatisPipelineUtilsThread] INFO  pipeline.PipelineStateManager (PipelineStateManager.java:addPipeline(56)) - Created pipeline Pipeline[ Id: 27db3ce6-c08a-4b26-b5c7-9354a4e0db93, Nodes: 44a4ffbc-4d91-4095-a9c3-b922f00b00e4{ip: 192.168.151.121, host: pr-hdds-2162-tjkd5-3209850126, networkLocation: /default-rack, certSerialId: null}, Type:RATIS, Factor:ONE, State:OPEN]
2019-09-24 03:09:48,758 [main] INFO  ipc.Client (Client.java:handleConnectionFailure(948)) - Retrying connect to server: localhost/127.0.0.1:0. Already tried 0 time(s); retry policy is RetryUpToMaximumCountWithFixedSleep(maxRetries=10, sleepTime=1000 MILLISECONDS)
2019-09-24 03:09:48,769 [grpc-default-executor-0] INFO  impl.RaftServerProxy (RaftServerProxy.java:addNew(89)) - f3563236-f689-405f-8ebf-d4e633c015bd: addNew group-C532ED5E37F8:[f3563236-f689-405f-8ebf-d4e633c015bd:192.168.151.121:39431] returns group-C532ED5E37F8:java.util.concurrent.CompletableFuture@724bbd8f[Not completed]
2019-09-24 03:09:48,776 [pool-167-thread-1] INFO  impl.RaftServerImpl (RaftServerImpl.java:<init>(95)) - f3563236-f689-405f-8ebf-d4e633c015bd: new RaftServerImpl for group-C532ED5E37F8:[f3563236-f689-405f-8ebf-d4e633c015bd:192.168.151.121:39431] with ContainerStateMachine:uninitialized
2019-09-24 03:09:48,776 [pool-167-thread-1] INFO  server.RaftServerConfigKeys (ConfUtils.java:logGet(43)) - raft.server.rpc.timeout.min = 5s (custom)
2019-09-24 03:09:48,776 [pool-167-thread-1] INFO  server.RaftServerConfigKeys (ConfUtils.java:logGet(43)) - raft.server.rpc.timeout.max = 5200ms (custom)
2019-09-24 03:09:48,776 [pool-167-thread-1] INFO  server.RaftServerConfigKeys (ConfUtils.java:logGet(43)) - raft.server.rpcslowness.timeout = 120s (custom)
2019-09-24 03:09:48,776 [pool-167-thread-1] INFO  server.RaftServerConfigKeys (ConfUtils.java:logGet(43)) - raft.server.sleep.deviation.threshold = 300 (default)
2019-09-24 03:09:48,776 [pool-167-thread-1] INFO  server.RaftServerConfigKeys (ConfUtils.java:logGet(43)) - raft.server.log.appender.install.snapshot.enabled = false (custom)
2019-09-24 03:09:48,776 [pool-167-thread-1] INFO  impl.RaftServerImpl (ServerState.java:<init>(103)) - f3563236-f689-405f-8ebf-d4e633c015bd@group-C532ED5E37F8: ConfigurationManager, init=-1: [f3563236-f689-405f-8ebf-d4e633c015bd:192.168.151.121:39431], old=null, confs=<EMPTY_MAP>
2019-09-24 03:09:48,777 [pool-167-thread-1] INFO  server.RaftServerConfigKeys (ConfUtils.java:logGet(43)) - raft.server.storage.dir = [/workdir/hadoop-ozone/integration-test/target/test-dir/MiniOzoneClusterImpl-012d228f-acb2-41e7-bbe8-297e082f4972/datanode-5/data/ratis] (custom)
2019-09-24 03:09:48,777 [pool-167-thread-1] INFO  storage.RaftStorageDirectory (RaftStorageDirectory.java:analyzeStorage(246)) - The storage directory /workdir/hadoop-ozone/integration-test/target/test-dir/MiniOzoneClusterImpl-012d228f-acb2-41e7-bbe8-297e082f4972/datanode-5/data/ratis/4e1dec7b-d4b6-4942-8147-c532ed5e37f8 does not exist. Creating ...
2019-09-24 03:09:48,844 [pool-167-thread-1] INFO  storage.RaftStorageDirectory (RaftStorageDirectory.java:tryLock(328)) - Lock on /workdir/hadoop-ozone/integration-test/target/test-dir/MiniOzoneClusterImpl-012d228f-acb2-41e7-bbe8-297e082f4972/datanode-5/data/ratis/4e1dec7b-d4b6-4942-8147-c532ed5e37f8/in_use.lock acquired by nodename 31860@pr-hdds-2162-tjkd5-3209850126
2019-09-24 03:09:48,861 [pool-167-thread-1] INFO  storage.RaftStorage (RaftStorage.java:format(72)) - Storage directory /workdir/hadoop-ozone/integration-test/target/test-dir/MiniOzoneClusterImpl-012d228f-acb2-41e7-bbe8-297e082f4972/datanode-5/data/ratis/4e1dec7b-d4b6-4942-8147-c532ed5e37f8 has been successfully formatted.
2019-09-24 03:09:48,862 [pool-167-thread-1] INFO  ratis.ContainerStateMachine (ContainerStateMachine.java:loadSnapshot(230)) - group-C532ED5E37F8: The snapshot info is null. Setting the last applied indexto:(t:0, i:~)
2019-09-24 03:09:48,862 [pool-167-thread-1] INFO  server.RaftServerConfigKeys (ConfUtils.java:logGet(43)) - raft.server.notification.no-leader.timeout = 120s (custom)
2019-09-24 03:09:48,862 [pool-167-thread-1] INFO  server.RaftServerConfigKeys (ConfUtils.java:logGet(43)) - raft.server.log.use.memory = false (default)
2019-09-24 03:09:48,863 [pool-167-thread-1] INFO  server.RaftServerConfigKeys (ConfUtils.java:logGet(43)) - raft.server.log.purge.gap = 1000000 (custom)
2019-09-24 03:09:48,863 [pool-167-thread-1] INFO  server.RaftServerConfigKeys (ConfUtils.java:logGet(43)) - raft.server.log.appender.buffer.byte-limit = 33554432 (custom)
2019-09-24 03:09:48,863 [pool-167-thread-1] INFO  server.RaftServerConfigKeys (ConfUtils.java:logGet(43)) - raft.server.log.segment.size.max = 1048576 (custom)
2019-09-24 03:09:48,863 [pool-167-thread-1] INFO  server.RaftServerConfigKeys (ConfUtils.java:logGet(43)) - raft.server.log.segment.cache.num.max = 2 (custom)
2019-09-24 03:09:48,863 [pool-167-thread-1] INFO  segmented.SegmentedRaftLogWorker (SegmentedRaftLogWorker.java:<init>(172)) - new f3563236-f689-405f-8ebf-d4e633c015bd@group-C532ED5E37F8-SegmentedRaftLogWorker for RaftStorage:Storage Directory /workdir/hadoop-ozone/integration-test/target/test-dir/MiniOzoneClusterImpl-012d228f-acb2-41e7-bbe8-297e082f4972/datanode-5/data/ratis/4e1dec7b-d4b6-4942-8147-c532ed5e37f8
2019-09-24 03:09:48,865 [pool-167-thread-1] INFO  server.RaftServerConfigKeys (ConfUtils.java:logGet(43)) - raft.server.log.queue.byte-limit = 2147483647 (custom)
2019-09-24 03:09:48,865 [pool-167-thread-1] INFO  server.RaftServerConfigKeys (ConfUtils.java:logGet(43)) - raft.server.log.queue.element-limit = 1024 (custom)
2019-09-24 03:09:48,866 [pool-167-thread-1] INFO  server.RaftServerConfigKeys (ConfUtils.java:logGet(43)) - raft.server.log.segment.size.max = 1048576 (custom)
2019-09-24 03:09:48,866 [pool-167-thread-1] INFO  server.RaftServerConfigKeys (ConfUtils.java:logGet(43)) - raft.server.log.preallocated.size = 16384 (custom)
2019-09-24 03:09:48,866 [pool-167-thread-1] INFO  server.RaftServerConfigKeys (ConfUtils.java:logGet(43)) - raft.server.log.write.buffer.size = 33554432 (custom)
2019-09-24 03:09:48,866 [pool-167-thread-1] INFO  server.RaftServerConfigKeys (ConfUtils.java:logGet(43)) - raft.server.log.force.sync.num = 128 (default)
2019-09-24 03:09:48,866 [pool-167-thread-1] INFO  server.RaftServerConfigKeys (ConfUtils.java:logGet(43)) - raft.server.log.statemachine.data.sync = true (default)
2019-09-24 03:09:48,866 [pool-167-thread-1] INFO  server.RaftServerConfigKeys (ConfUtils.java:logGet(43)) - raft.server.log.statemachine.data.sync.timeout = 10s (default)
2019-09-24 03:09:48,866 [pool-167-thread-1] INFO  server.RaftServerConfigKeys (ConfUtils.java:logGet(43)) - raft.server.log.statemachine.data.sync.timeout.retry = -1 (default)
2019-09-24 03:09:48,867 [pool-167-thread-1] INFO  server.RaftServerConfigKeys (ConfUtils.java:logGet(43)) - raft.server.log.statemachine.data.caching.enabled = true (custom)
2019-09-24 03:09:48,867 [pool-167-thread-1] INFO  segmented.SegmentedRaftLogWorker (SegmentedRaftLogWorker.java:lambda$new$0(132)) - f3563236-f689-405f-8ebf-d4e633c015bd@group-C532ED5E37F8-SegmentedRaftLogWorker: flushIndex: setUnconditionally 0 -> -1
2019-09-24 03:09:48,867 [pool-167-thread-1] INFO  server.RaftServerConfigKeys (ConfUtils.java:logGet(43)) - raft.server.snapshot.auto.trigger.enabled = true (custom)
2019-09-24 03:09:48,867 [pool-167-thread-1] INFO  server.RaftServerConfigKeys (ConfUtils.java:logGet(43)) - raft.server.snapshot.auto.trigger.threshold = 10000 (custom)
2019-09-24 03:09:48,867 [pool-167-thread-1] INFO  server.RaftServerConfigKeys (ConfUtils.java:logGet(43)) - raft.server.snapshot.retention.num.files = 5 (custom)
2019-09-24 03:09:48,868 [pool-167-thread-1] INFO  server.RaftServerConfigKeys (ConfUtils.java:logGet(43)) - raft.server.retrycache.expirytime = 600000ms (custom)
2019-09-24 03:09:48,870 [pool-167-thread-1] INFO  impl.RaftServerImpl (RaftServerImpl.java:start(185)) - f3563236-f689-405f-8ebf-d4e633c015bd@group-C532ED5E37F8: start as a follower, conf=-1: [f3563236-f689-405f-8ebf-d4e633c015bd:192.168.151.121:39431], old=null
2019-09-24 03:09:48,870 [pool-167-thread-1] INFO  impl.RaftServerImpl (RaftServerImpl.java:setRole(174)) - f3563236-f689-405f-8ebf-d4e633c015bd@group-C532ED5E37F8: changes role from      null to FOLLOWER at term 0 for startAsFollower
2019-09-24 03:09:48,870 [pool-167-thread-1] INFO  impl.RoleInfo (RoleInfo.java:updateAndGet(143)) - f3563236-f689-405f-8ebf-d4e633c015bd: start FollowerState
2019-09-24 03:09:48,870 [pool-167-thread-1] INFO  util.JmxRegister (JmxRegister.java:tryRegister(44)) - Successfully registered JMX Bean with object name Ratis:service=RaftServer,group=group-C532ED5E37F8,id=f3563236-f689-405f-8ebf-d4e633c015bd
2019-09-24 03:09:48,875 [RatisPipelineUtilsThread] INFO  pipeline.PipelineStateManager (PipelineStateManager.java:addPipeline(56)) - Created pipeline Pipeline[ Id: 4e1dec7b-d4b6-4942-8147-c532ed5e37f8, Nodes: f3563236-f689-405f-8ebf-d4e633c015bd{ip: 192.168.151.121, host: pr-hdds-2162-tjkd5-3209850126, networkLocation: /default-rack, certSerialId: null}, Type:RATIS, Factor:ONE, State:OPEN]
2019-09-24 03:09:48,885 [grpc-default-executor-0] INFO  impl.RaftServerProxy (RaftServerProxy.java:addNew(89)) - 407a0596-b9d5-4e18-8838-1feb6dd68eb6: addNew group-89462EAE0168:[407a0596-b9d5-4e18-8838-1feb6dd68eb6:192.168.151.121:33348] returns group-89462EAE0168:java.util.concurrent.CompletableFuture@ded0c6[Not completed]
2019-09-24 03:09:48,888 [pool-177-thread-1] INFO  impl.RaftServerImpl (RaftServerImpl.java:<init>(95)) - 407a0596-b9d5-4e18-8838-1feb6dd68eb6: new RaftServerImpl for group-89462EAE0168:[407a0596-b9d5-4e18-8838-1feb6dd68eb6:192.168.151.121:33348] with ContainerStateMachine:uninitialized
2019-09-24 03:09:48,888 [pool-177-thread-1] INFO  server.RaftServerConfigKeys (ConfUtils.java:logGet(43)) - raft.server.rpc.timeout.min = 5s (custom)
2019-09-24 03:09:48,888 [pool-177-thread-1] INFO  server.RaftServerConfigKeys (ConfUtils.java:logGet(43)) - raft.server.rpc.timeout.max = 5200ms (custom)
2019-09-24 03:09:48,888 [pool-177-thread-1] INFO  server.RaftServerConfigKeys (ConfUtils.java:logGet(43)) - raft.server.rpcslowness.timeout = 120s (custom)
2019-09-24 03:09:48,889 [pool-177-thread-1] INFO  server.RaftServerConfigKeys (ConfUtils.java:logGet(43)) - raft.server.sleep.deviation.threshold = 300 (default)
2019-09-24 03:09:48,889 [pool-177-thread-1] INFO  server.RaftServerConfigKeys (ConfUtils.java:logGet(43)) - raft.server.log.appender.install.snapshot.enabled = false (custom)
2019-09-24 03:09:48,889 [pool-177-thread-1] INFO  impl.RaftServerImpl (ServerState.java:<init>(103)) - 407a0596-b9d5-4e18-8838-1feb6dd68eb6@group-89462EAE0168: ConfigurationManager, init=-1: [407a0596-b9d5-4e18-8838-1feb6dd68eb6:192.168.151.121:33348], old=null, confs=<EMPTY_MAP>
2019-09-24 03:09:48,889 [pool-177-thread-1] INFO  server.RaftServerConfigKeys (ConfUtils.java:logGet(43)) - raft.server.storage.dir = [/workdir/hadoop-ozone/integration-test/target/test-dir/MiniOzoneClusterImpl-012d228f-acb2-41e7-bbe8-297e082f4972/datanode-6/data/ratis] (custom)
2019-09-24 03:09:48,889 [pool-177-thread-1] INFO  storage.RaftStorageDirectory (RaftStorageDirectory.java:analyzeStorage(246)) - The storage directory /workdir/hadoop-ozone/integration-test/target/test-dir/MiniOzoneClusterImpl-012d228f-acb2-41e7-bbe8-297e082f4972/datanode-6/data/ratis/7490e9cc-8f33-4c7c-b2e3-89462eae0168 does not exist. Creating ...
2019-09-24 03:09:48,900 [pool-177-thread-1] INFO  storage.RaftStorageDirectory (RaftStorageDirectory.java:tryLock(328)) - Lock on /workdir/hadoop-ozone/integration-test/target/test-dir/MiniOzoneClusterImpl-012d228f-acb2-41e7-bbe8-297e082f4972/datanode-6/data/ratis/7490e9cc-8f33-4c7c-b2e3-89462eae0168/in_use.lock acquired by nodename 31860@pr-hdds-2162-tjkd5-3209850126
2019-09-24 03:09:48,913 [pool-177-thread-1] INFO  storage.RaftStorage (RaftStorage.java:format(72)) - Storage directory /workdir/hadoop-ozone/integration-test/target/test-dir/MiniOzoneClusterImpl-012d228f-acb2-41e7-bbe8-297e082f4972/datanode-6/data/ratis/7490e9cc-8f33-4c7c-b2e3-89462eae0168 has been successfully formatted.
2019-09-24 03:09:48,914 [pool-177-thread-1] INFO  ratis.ContainerStateMachine (ContainerStateMachine.java:loadSnapshot(230)) - group-89462EAE0168: The snapshot info is null. Setting the last applied indexto:(t:0, i:~)
2019-09-24 03:09:48,914 [pool-177-thread-1] INFO  server.RaftServerConfigKeys (ConfUtils.java:logGet(43)) - raft.server.notification.no-leader.timeout = 120s (custom)
2019-09-24 03:09:48,914 [pool-177-thread-1] INFO  server.RaftServerConfigKeys (ConfUtils.java:logGet(43)) - raft.server.log.use.memory = false (default)
2019-09-24 03:09:48,914 [pool-177-thread-1] INFO  server.RaftServerConfigKeys (ConfUtils.java:logGet(43)) - raft.server.log.purge.gap = 1000000 (custom)
2019-09-24 03:09:48,914 [pool-177-thread-1] INFO  server.RaftServerConfigKeys (ConfUtils.java:logGet(43)) - raft.server.log.appender.buffer.byte-limit = 33554432 (custom)
2019-09-24 03:09:48,915 [pool-177-thread-1] INFO  server.RaftServerConfigKeys (ConfUtils.java:logGet(43)) - raft.server.log.segment.size.max = 1048576 (custom)
2019-09-24 03:09:48,915 [pool-177-thread-1] INFO  server.RaftServerConfigKeys (ConfUtils.java:logGet(43)) - raft.server.log.segment.cache.num.max = 2 (custom)
2019-09-24 03:09:48,915 [pool-177-thread-1] INFO  segmented.SegmentedRaftLogWorker (SegmentedRaftLogWorker.java:<init>(172)) - new 407a0596-b9d5-4e18-8838-1feb6dd68eb6@group-89462EAE0168-SegmentedRaftLogWorker for RaftStorage:Storage Directory /workdir/hadoop-ozone/integration-test/target/test-dir/MiniOzoneClusterImpl-012d228f-acb2-41e7-bbe8-297e082f4972/datanode-6/data/ratis/7490e9cc-8f33-4c7c-b2e3-89462eae0168
2019-09-24 03:09:48,918 [pool-177-thread-1] INFO  server.RaftServerConfigKeys (ConfUtils.java:logGet(43)) - raft.server.log.queue.byte-limit = 2147483647 (custom)
2019-09-24 03:09:48,918 [pool-177-thread-1] INFO  server.RaftServerConfigKeys (ConfUtils.java:logGet(43)) - raft.server.log.queue.element-limit = 1024 (custom)
2019-09-24 03:09:48,918 [pool-177-thread-1] INFO  server.RaftServerConfigKeys (ConfUtils.java:logGet(43)) - raft.server.log.segment.size.max = 1048576 (custom)
2019-09-24 03:09:48,918 [pool-177-thread-1] INFO  server.RaftServerConfigKeys (ConfUtils.java:logGet(43)) - raft.server.log.preallocated.size = 16384 (custom)
2019-09-24 03:09:48,918 [pool-177-thread-1] INFO  server.RaftServerConfigKeys (ConfUtils.java:logGet(43)) - raft.server.log.write.buffer.size = 33554432 (custom)
2019-09-24 03:09:48,919 [pool-177-thread-1] INFO  server.RaftServerConfigKeys (ConfUtils.java:logGet(43)) - raft.server.log.force.sync.num = 128 (default)
2019-09-24 03:09:48,919 [pool-177-thread-1] INFO  server.RaftServerConfigKeys (ConfUtils.java:logGet(43)) - raft.server.log.statemachine.data.sync = true (default)
2019-09-24 03:09:48,919 [pool-177-thread-1] INFO  server.RaftServerConfigKeys (ConfUtils.java:logGet(43)) - raft.server.log.statemachine.data.sync.timeout = 10s (default)
2019-09-24 03:09:48,919 [pool-177-thread-1] INFO  server.RaftServerConfigKeys (ConfUtils.java:logGet(43)) - raft.server.log.statemachine.data.sync.timeout.retry = -1 (default)
2019-09-24 03:09:48,919 [pool-177-thread-1] INFO  server.RaftServerConfigKeys (ConfUtils.java:logGet(43)) - raft.server.log.statemachine.data.caching.enabled = true (custom)
2019-09-24 03:09:48,920 [pool-177-thread-1] INFO  segmented.SegmentedRaftLogWorker (SegmentedRaftLogWorker.java:lambda$new$0(132)) - 407a0596-b9d5-4e18-8838-1feb6dd68eb6@group-89462EAE0168-SegmentedRaftLogWorker: flushIndex: setUnconditionally 0 -> -1
2019-09-24 03:09:48,920 [pool-177-thread-1] INFO  server.RaftServerConfigKeys (ConfUtils.java:logGet(43)) - raft.server.snapshot.auto.trigger.enabled = true (custom)
2019-09-24 03:09:48,920 [pool-177-thread-1] INFO  server.RaftServerConfigKeys (ConfUtils.java:logGet(43)) - raft.server.snapshot.auto.trigger.threshold = 10000 (custom)
2019-09-24 03:09:48,920 [pool-177-thread-1] INFO  server.RaftServerConfigKeys (ConfUtils.java:logGet(43)) - raft.server.snapshot.retention.num.files = 5 (custom)
2019-09-24 03:09:48,920 [pool-177-thread-1] INFO  server.RaftServerConfigKeys (ConfUtils.java:logGet(43)) - raft.server.retrycache.expirytime = 600000ms (custom)
2019-09-24 03:09:48,922 [pool-177-thread-1] INFO  impl.RaftServerImpl (RaftServerImpl.java:start(185)) - 407a0596-b9d5-4e18-8838-1feb6dd68eb6@group-89462EAE0168: start as a follower, conf=-1: [407a0596-b9d5-4e18-8838-1feb6dd68eb6:192.168.151.121:33348], old=null
2019-09-24 03:09:48,922 [pool-177-thread-1] INFO  impl.RaftServerImpl (RaftServerImpl.java:setRole(174)) - 407a0596-b9d5-4e18-8838-1feb6dd68eb6@group-89462EAE0168: changes role from      null to FOLLOWER at term 0 for startAsFollower
2019-09-24 03:09:48,922 [pool-177-thread-1] INFO  impl.RoleInfo (RoleInfo.java:updateAndGet(143)) - 407a0596-b9d5-4e18-8838-1feb6dd68eb6: start FollowerState
2019-09-24 03:09:48,923 [pool-177-thread-1] INFO  util.JmxRegister (JmxRegister.java:tryRegister(44)) - Successfully registered JMX Bean with object name Ratis:service=RaftServer,group=group-89462EAE0168,id=407a0596-b9d5-4e18-8838-1feb6dd68eb6
2019-09-24 03:09:48,927 [RatisPipelineUtilsThread] INFO  pipeline.PipelineStateManager (PipelineStateManager.java:addPipeline(56)) - Created pipeline Pipeline[ Id: 7490e9cc-8f33-4c7c-b2e3-89462eae0168, Nodes: 407a0596-b9d5-4e18-8838-1feb6dd68eb6{ip: 192.168.151.121, host: pr-hdds-2162-tjkd5-3209850126, networkLocation: /default-rack, certSerialId: null}, Type:RATIS, Factor:ONE, State:OPEN]
2019-09-24 03:09:48,937 [grpc-default-executor-0] INFO  impl.RaftServerProxy (RaftServerProxy.java:addNew(89)) - 0977c340-09ab-40ea-a2ee-06e7b0684890: addNew group-583619E204B3:[0977c340-09ab-40ea-a2ee-06e7b0684890:192.168.151.121:40113] returns group-583619E204B3:java.util.concurrent.CompletableFuture@11f24050[Not completed]
2019-09-24 03:09:48,940 [pool-147-thread-1] INFO  impl.RaftServerImpl (RaftServerImpl.java:<init>(95)) - 0977c340-09ab-40ea-a2ee-06e7b0684890: new RaftServerImpl for group-583619E204B3:[0977c340-09ab-40ea-a2ee-06e7b0684890:192.168.151.121:40113] with ContainerStateMachine:uninitialized
2019-09-24 03:09:48,940 [pool-147-thread-1] INFO  server.RaftServerConfigKeys (ConfUtils.java:logGet(43)) - raft.server.rpc.timeout.min = 5s (custom)
2019-09-24 03:09:48,940 [pool-147-thread-1] INFO  server.RaftServerConfigKeys (ConfUtils.java:logGet(43)) - raft.server.rpc.timeout.max = 5200ms (custom)
2019-09-24 03:09:48,941 [pool-147-thread-1] INFO  server.RaftServerConfigKeys (ConfUtils.java:logGet(43)) - raft.server.rpcslowness.timeout = 120s (custom)
2019-09-24 03:09:48,941 [pool-147-thread-1] INFO  server.RaftServerConfigKeys (ConfUtils.java:logGet(43)) - raft.server.sleep.deviation.threshold = 300 (default)
2019-09-24 03:09:48,941 [pool-147-thread-1] INFO  server.RaftServerConfigKeys (ConfUtils.java:logGet(43)) - raft.server.log.appender.install.snapshot.enabled = false (custom)
2019-09-24 03:09:48,941 [pool-147-thread-1] INFO  impl.RaftServerImpl (ServerState.java:<init>(103)) - 0977c340-09ab-40ea-a2ee-06e7b0684890@group-583619E204B3: ConfigurationManager, init=-1: [0977c340-09ab-40ea-a2ee-06e7b0684890:192.168.151.121:40113], old=null, confs=<EMPTY_MAP>
2019-09-24 03:09:48,941 [pool-147-thread-1] INFO  server.RaftServerConfigKeys (ConfUtils.java:logGet(43)) - raft.server.storage.dir = [/workdir/hadoop-ozone/integration-test/target/test-dir/MiniOzoneClusterImpl-012d228f-acb2-41e7-bbe8-297e082f4972/datanode-3/data/ratis] (custom)
2019-09-24 03:09:48,941 [pool-147-thread-1] INFO  storage.RaftStorageDirectory (RaftStorageDirectory.java:analyzeStorage(246)) - The storage directory /workdir/hadoop-ozone/integration-test/target/test-dir/MiniOzoneClusterImpl-012d228f-acb2-41e7-bbe8-297e082f4972/datanode-3/data/ratis/edb3da87-9255-49b5-91b1-583619e204b3 does not exist. Creating ...
2019-09-24 03:09:48,954 [pool-147-thread-1] INFO  storage.RaftStorageDirectory (RaftStorageDirectory.java:tryLock(328)) - Lock on /workdir/hadoop-ozone/integration-test/target/test-dir/MiniOzoneClusterImpl-012d228f-acb2-41e7-bbe8-297e082f4972/datanode-3/data/ratis/edb3da87-9255-49b5-91b1-583619e204b3/in_use.lock acquired by nodename 31860@pr-hdds-2162-tjkd5-3209850126
2019-09-24 03:09:48,968 [pool-147-thread-1] INFO  storage.RaftStorage (RaftStorage.java:format(72)) - Storage directory /workdir/hadoop-ozone/integration-test/target/test-dir/MiniOzoneClusterImpl-012d228f-acb2-41e7-bbe8-297e082f4972/datanode-3/data/ratis/edb3da87-9255-49b5-91b1-583619e204b3 has been successfully formatted.
2019-09-24 03:09:48,969 [pool-147-thread-1] INFO  ratis.ContainerStateMachine (ContainerStateMachine.java:loadSnapshot(230)) - group-583619E204B3: The snapshot info is null. Setting the last applied indexto:(t:0, i:~)
2019-09-24 03:09:48,969 [pool-147-thread-1] INFO  server.RaftServerConfigKeys (ConfUtils.java:logGet(43)) - raft.server.notification.no-leader.timeout = 120s (custom)
2019-09-24 03:09:48,969 [pool-147-thread-1] INFO  server.RaftServerConfigKeys (ConfUtils.java:logGet(43)) - raft.server.log.use.memory = false (default)
2019-09-24 03:09:48,969 [pool-147-thread-1] INFO  server.RaftServerConfigKeys (ConfUtils.java:logGet(43)) - raft.server.log.purge.gap = 1000000 (custom)
2019-09-24 03:09:48,969 [pool-147-thread-1] INFO  server.RaftServerConfigKeys (ConfUtils.java:logGet(43)) - raft.server.log.appender.buffer.byte-limit = 33554432 (custom)
2019-09-24 03:09:48,969 [pool-147-thread-1] INFO  server.RaftServerConfigKeys (ConfUtils.java:logGet(43)) - raft.server.log.segment.size.max = 1048576 (custom)
2019-09-24 03:09:48,969 [pool-147-thread-1] INFO  server.RaftServerConfigKeys (ConfUtils.java:logGet(43)) - raft.server.log.segment.cache.num.max = 2 (custom)
2019-09-24 03:09:48,970 [pool-147-thread-1] INFO  segmented.SegmentedRaftLogWorker (SegmentedRaftLogWorker.java:<init>(172)) - new 0977c340-09ab-40ea-a2ee-06e7b0684890@group-583619E204B3-SegmentedRaftLogWorker for RaftStorage:Storage Directory /workdir/hadoop-ozone/integration-test/target/test-dir/MiniOzoneClusterImpl-012d228f-acb2-41e7-bbe8-297e082f4972/datanode-3/data/ratis/edb3da87-9255-49b5-91b1-583619e204b3
2019-09-24 03:09:48,972 [pool-147-thread-1] INFO  server.RaftServerConfigKeys (ConfUtils.java:logGet(43)) - raft.server.log.queue.byte-limit = 2147483647 (custom)
2019-09-24 03:09:48,972 [pool-147-thread-1] INFO  server.RaftServerConfigKeys (ConfUtils.java:logGet(43)) - raft.server.log.queue.element-limit = 1024 (custom)
2019-09-24 03:09:48,972 [pool-147-thread-1] INFO  server.RaftServerConfigKeys (ConfUtils.java:logGet(43)) - raft.server.log.segment.size.max = 1048576 (custom)
2019-09-24 03:09:48,972 [pool-147-thread-1] INFO  server.RaftServerConfigKeys (ConfUtils.java:logGet(43)) - raft.server.log.preallocated.size = 16384 (custom)
2019-09-24 03:09:48,972 [pool-147-thread-1] INFO  server.RaftServerConfigKeys (ConfUtils.java:logGet(43)) - raft.server.log.write.buffer.size = 33554432 (custom)
2019-09-24 03:09:48,972 [pool-147-thread-1] INFO  server.RaftServerConfigKeys (ConfUtils.java:logGet(43)) - raft.server.log.force.sync.num = 128 (default)
2019-09-24 03:09:48,972 [pool-147-thread-1] INFO  server.RaftServerConfigKeys (ConfUtils.java:logGet(43)) - raft.server.log.statemachine.data.sync = true (default)
2019-09-24 03:09:48,972 [pool-147-thread-1] INFO  server.RaftServerConfigKeys (ConfUtils.java:logGet(43)) - raft.server.log.statemachine.data.sync.timeout = 10s (default)
2019-09-24 03:09:48,973 [pool-147-thread-1] INFO  server.RaftServerConfigKeys (ConfUtils.java:logGet(43)) - raft.server.log.statemachine.data.sync.timeout.retry = -1 (default)
2019-09-24 03:09:48,973 [pool-147-thread-1] INFO  server.RaftServerConfigKeys (ConfUtils.java:logGet(43)) - raft.server.log.statemachine.data.caching.enabled = true (custom)
2019-09-24 03:09:48,973 [pool-147-thread-1] INFO  segmented.SegmentedRaftLogWorker (SegmentedRaftLogWorker.java:lambda$new$0(132)) - 0977c340-09ab-40ea-a2ee-06e7b0684890@group-583619E204B3-SegmentedRaftLogWorker: flushIndex: setUnconditionally 0 -> -1
2019-09-24 03:09:48,973 [pool-147-thread-1] INFO  server.RaftServerConfigKeys (ConfUtils.java:logGet(43)) - raft.server.snapshot.auto.trigger.enabled = true (custom)
2019-09-24 03:09:48,973 [pool-147-thread-1] INFO  server.RaftServerConfigKeys (ConfUtils.java:logGet(43)) - raft.server.snapshot.auto.trigger.threshold = 10000 (custom)
2019-09-24 03:09:48,973 [pool-147-thread-1] INFO  server.RaftServerConfigKeys (ConfUtils.java:logGet(43)) - raft.server.snapshot.retention.num.files = 5 (custom)
2019-09-24 03:09:48,974 [pool-147-thread-1] INFO  server.RaftServerConfigKeys (ConfUtils.java:logGet(43)) - raft.server.retrycache.expirytime = 600000ms (custom)
2019-09-24 03:09:48,976 [pool-147-thread-1] INFO  impl.RaftServerImpl (RaftServerImpl.java:start(185)) - 0977c340-09ab-40ea-a2ee-06e7b0684890@group-583619E204B3: start as a follower, conf=-1: [0977c340-09ab-40ea-a2ee-06e7b0684890:192.168.151.121:40113], old=null
2019-09-24 03:09:48,976 [pool-147-thread-1] INFO  impl.RaftServerImpl (RaftServerImpl.java:setRole(174)) - 0977c340-09ab-40ea-a2ee-06e7b0684890@group-583619E204B3: changes role from      null to FOLLOWER at term 0 for startAsFollower
2019-09-24 03:09:48,976 [pool-147-thread-1] INFO  impl.RoleInfo (RoleInfo.java:updateAndGet(143)) - 0977c340-09ab-40ea-a2ee-06e7b0684890: start FollowerState
2019-09-24 03:09:48,976 [pool-147-thread-1] INFO  util.JmxRegister (JmxRegister.java:tryRegister(44)) - Successfully registered JMX Bean with object name Ratis:service=RaftServer,group=group-583619E204B3,id=0977c340-09ab-40ea-a2ee-06e7b0684890
2019-09-24 03:09:48,983 [RatisPipelineUtilsThread] INFO  pipeline.PipelineStateManager (PipelineStateManager.java:addPipeline(56)) - Created pipeline Pipeline[ Id: edb3da87-9255-49b5-91b1-583619e204b3, Nodes: 0977c340-09ab-40ea-a2ee-06e7b0684890{ip: 192.168.151.121, host: pr-hdds-2162-tjkd5-3209850126, networkLocation: /default-rack, certSerialId: null}, Type:RATIS, Factor:ONE, State:OPEN]
2019-09-24 03:09:48,993 [grpc-default-executor-0] INFO  impl.RaftServerProxy (RaftServerProxy.java:addNew(89)) - 72adeaa2-1bef-4cd1-bdeb-e0365f44c5f0: addNew group-987159B6D35A:[72adeaa2-1bef-4cd1-bdeb-e0365f44c5f0:192.168.151.121:46343] returns group-987159B6D35A:java.util.concurrent.CompletableFuture@38c647f6[Not completed]
2019-09-24 03:09:48,998 [pool-157-thread-1] INFO  impl.RaftServerImpl (RaftServerImpl.java:<init>(95)) - 72adeaa2-1bef-4cd1-bdeb-e0365f44c5f0: new RaftServerImpl for group-987159B6D35A:[72adeaa2-1bef-4cd1-bdeb-e0365f44c5f0:192.168.151.121:46343] with ContainerStateMachine:uninitialized
2019-09-24 03:09:48,998 [pool-157-thread-1] INFO  server.RaftServerConfigKeys (ConfUtils.java:logGet(43)) - raft.server.rpc.timeout.min = 5s (custom)
2019-09-24 03:09:48,998 [pool-157-thread-1] INFO  server.RaftServerConfigKeys (ConfUtils.java:logGet(43)) - raft.server.rpc.timeout.max = 5200ms (custom)
2019-09-24 03:09:48,998 [pool-157-thread-1] INFO  server.RaftServerConfigKeys (ConfUtils.java:logGet(43)) - raft.server.rpcslowness.timeout = 120s (custom)
2019-09-24 03:09:48,998 [pool-157-thread-1] INFO  server.RaftServerConfigKeys (ConfUtils.java:logGet(43)) - raft.server.sleep.deviation.threshold = 300 (default)
2019-09-24 03:09:48,998 [pool-157-thread-1] INFO  server.RaftServerConfigKeys (ConfUtils.java:logGet(43)) - raft.server.log.appender.install.snapshot.enabled = false (custom)
2019-09-24 03:09:48,999 [pool-157-thread-1] INFO  impl.RaftServerImpl (ServerState.java:<init>(103)) - 72adeaa2-1bef-4cd1-bdeb-e0365f44c5f0@group-987159B6D35A: ConfigurationManager, init=-1: [72adeaa2-1bef-4cd1-bdeb-e0365f44c5f0:192.168.151.121:46343], old=null, confs=<EMPTY_MAP>
2019-09-24 03:09:48,999 [pool-157-thread-1] INFO  server.RaftServerConfigKeys (ConfUtils.java:logGet(43)) - raft.server.storage.dir = [/workdir/hadoop-ozone/integration-test/target/test-dir/MiniOzoneClusterImpl-012d228f-acb2-41e7-bbe8-297e082f4972/datanode-4/data/ratis] (custom)
2019-09-24 03:09:48,999 [pool-157-thread-1] INFO  storage.RaftStorageDirectory (RaftStorageDirectory.java:analyzeStorage(246)) - The storage directory /workdir/hadoop-ozone/integration-test/target/test-dir/MiniOzoneClusterImpl-012d228f-acb2-41e7-bbe8-297e082f4972/datanode-4/data/ratis/db1c5553-43a4-48ed-8793-987159b6d35a does not exist. Creating ...
2019-09-24 03:09:49,013 [pool-157-thread-1] INFO  storage.RaftStorageDirectory (RaftStorageDirectory.java:tryLock(328)) - Lock on /workdir/hadoop-ozone/integration-test/target/test-dir/MiniOzoneClusterImpl-012d228f-acb2-41e7-bbe8-297e082f4972/datanode-4/data/ratis/db1c5553-43a4-48ed-8793-987159b6d35a/in_use.lock acquired by nodename 31860@pr-hdds-2162-tjkd5-3209850126
2019-09-24 03:09:49,027 [pool-157-thread-1] INFO  storage.RaftStorage (RaftStorage.java:format(72)) - Storage directory /workdir/hadoop-ozone/integration-test/target/test-dir/MiniOzoneClusterImpl-012d228f-acb2-41e7-bbe8-297e082f4972/datanode-4/data/ratis/db1c5553-43a4-48ed-8793-987159b6d35a has been successfully formatted.
2019-09-24 03:09:49,027 [pool-157-thread-1] INFO  ratis.ContainerStateMachine (ContainerStateMachine.java:loadSnapshot(230)) - group-987159B6D35A: The snapshot info is null. Setting the last applied indexto:(t:0, i:~)
2019-09-24 03:09:49,027 [pool-157-thread-1] INFO  server.RaftServerConfigKeys (ConfUtils.java:logGet(43)) - raft.server.notification.no-leader.timeout = 120s (custom)
2019-09-24 03:09:49,027 [pool-157-thread-1] INFO  server.RaftServerConfigKeys (ConfUtils.java:logGet(43)) - raft.server.log.use.memory = false (default)
2019-09-24 03:09:49,027 [pool-157-thread-1] INFO  server.RaftServerConfigKeys (ConfUtils.java:logGet(43)) - raft.server.log.purge.gap = 1000000 (custom)
2019-09-24 03:09:49,027 [pool-157-thread-1] INFO  server.RaftServerConfigKeys (ConfUtils.java:logGet(43)) - raft.server.log.appender.buffer.byte-limit = 33554432 (custom)
2019-09-24 03:09:49,028 [pool-157-thread-1] INFO  server.RaftServerConfigKeys (ConfUtils.java:logGet(43)) - raft.server.log.segment.size.max = 1048576 (custom)
2019-09-24 03:09:49,028 [pool-157-thread-1] INFO  server.RaftServerConfigKeys (ConfUtils.java:logGet(43)) - raft.server.log.segment.cache.num.max = 2 (custom)
2019-09-24 03:09:49,028 [pool-157-thread-1] INFO  segmented.SegmentedRaftLogWorker (SegmentedRaftLogWorker.java:<init>(172)) - new 72adeaa2-1bef-4cd1-bdeb-e0365f44c5f0@group-987159B6D35A-SegmentedRaftLogWorker for RaftStorage:Storage Directory /workdir/hadoop-ozone/integration-test/target/test-dir/MiniOzoneClusterImpl-012d228f-acb2-41e7-bbe8-297e082f4972/datanode-4/data/ratis/db1c5553-43a4-48ed-8793-987159b6d35a
2019-09-24 03:09:49,030 [pool-157-thread-1] INFO  server.RaftServerConfigKeys (ConfUtils.java:logGet(43)) - raft.server.log.queue.byte-limit = 2147483647 (custom)
2019-09-24 03:09:49,030 [pool-157-thread-1] INFO  server.RaftServerConfigKeys (ConfUtils.java:logGet(43)) - raft.server.log.queue.element-limit = 1024 (custom)
2019-09-24 03:09:49,030 [pool-157-thread-1] INFO  server.RaftServerConfigKeys (ConfUtils.java:logGet(43)) - raft.server.log.segment.size.max = 1048576 (custom)
2019-09-24 03:09:49,031 [pool-157-thread-1] INFO  server.RaftServerConfigKeys (ConfUtils.java:logGet(43)) - raft.server.log.preallocated.size = 16384 (custom)
2019-09-24 03:09:49,031 [pool-157-thread-1] INFO  server.RaftServerConfigKeys (ConfUtils.java:logGet(43)) - raft.server.log.write.buffer.size = 33554432 (custom)
2019-09-24 03:09:49,031 [pool-157-thread-1] INFO  server.RaftServerConfigKeys (ConfUtils.java:logGet(43)) - raft.server.log.force.sync.num = 128 (default)
2019-09-24 03:09:49,031 [pool-157-thread-1] INFO  server.RaftServerConfigKeys (ConfUtils.java:logGet(43)) - raft.server.log.statemachine.data.sync = true (default)
2019-09-24 03:09:49,031 [pool-157-thread-1] INFO  server.RaftServerConfigKeys (ConfUtils.java:logGet(43)) - raft.server.log.statemachine.data.sync.timeout = 10s (default)
2019-09-24 03:09:49,031 [pool-157-thread-1] INFO  server.RaftServerConfigKeys (ConfUtils.java:logGet(43)) - raft.server.log.statemachine.data.sync.timeout.retry = -1 (default)
2019-09-24 03:09:49,031 [pool-157-thread-1] INFO  server.RaftServerConfigKeys (ConfUtils.java:logGet(43)) - raft.server.log.statemachine.data.caching.enabled = true (custom)
2019-09-24 03:09:49,032 [pool-157-thread-1] INFO  segmented.SegmentedRaftLogWorker (SegmentedRaftLogWorker.java:lambda$new$0(132)) - 72adeaa2-1bef-4cd1-bdeb-e0365f44c5f0@group-987159B6D35A-SegmentedRaftLogWorker: flushIndex: setUnconditionally 0 -> -1
2019-09-24 03:09:49,032 [pool-157-thread-1] INFO  server.RaftServerConfigKeys (ConfUtils.java:logGet(43)) - raft.server.snapshot.auto.trigger.enabled = true (custom)
2019-09-24 03:09:49,032 [pool-157-thread-1] INFO  server.RaftServerConfigKeys (ConfUtils.java:logGet(43)) - raft.server.snapshot.auto.trigger.threshold = 10000 (custom)
2019-09-24 03:09:49,032 [pool-157-thread-1] INFO  server.RaftServerConfigKeys (ConfUtils.java:logGet(43)) - raft.server.snapshot.retention.num.files = 5 (custom)
2019-09-24 03:09:49,032 [pool-157-thread-1] INFO  server.RaftServerConfigKeys (ConfUtils.java:logGet(43)) - raft.server.retrycache.expirytime = 600000ms (custom)
2019-09-24 03:09:49,034 [pool-157-thread-1] INFO  impl.RaftServerImpl (RaftServerImpl.java:start(185)) - 72adeaa2-1bef-4cd1-bdeb-e0365f44c5f0@group-987159B6D35A: start as a follower, conf=-1: [72adeaa2-1bef-4cd1-bdeb-e0365f44c5f0:192.168.151.121:46343], old=null
2019-09-24 03:09:49,035 [pool-157-thread-1] INFO  impl.RaftServerImpl (RaftServerImpl.java:setRole(174)) - 72adeaa2-1bef-4cd1-bdeb-e0365f44c5f0@group-987159B6D35A: changes role from      null to FOLLOWER at term 0 for startAsFollower
2019-09-24 03:09:49,035 [pool-157-thread-1] INFO  impl.RoleInfo (RoleInfo.java:updateAndGet(143)) - 72adeaa2-1bef-4cd1-bdeb-e0365f44c5f0: start FollowerState
2019-09-24 03:09:49,035 [pool-157-thread-1] INFO  util.JmxRegister (JmxRegister.java:tryRegister(44)) - Successfully registered JMX Bean with object name Ratis:service=RaftServer,group=group-987159B6D35A,id=72adeaa2-1bef-4cd1-bdeb-e0365f44c5f0
2019-09-24 03:09:49,039 [RatisPipelineUtilsThread] INFO  pipeline.PipelineStateManager (PipelineStateManager.java:addPipeline(56)) - Created pipeline Pipeline[ Id: db1c5553-43a4-48ed-8793-987159b6d35a, Nodes: 72adeaa2-1bef-4cd1-bdeb-e0365f44c5f0{ip: 192.168.151.121, host: pr-hdds-2162-tjkd5-3209850126, networkLocation: /default-rack, certSerialId: null}, Type:RATIS, Factor:ONE, State:OPEN]
2019-09-24 03:09:49,049 [grpc-default-executor-0] INFO  impl.RaftServerProxy (RaftServerProxy.java:addNew(89)) - 43af139f-dfb3-4342-9eb7-488f00a1ed65: addNew group-CB41CF890DA4:[43af139f-dfb3-4342-9eb7-488f00a1ed65:192.168.151.121:44602] returns group-CB41CF890DA4:java.util.concurrent.CompletableFuture@6712ff7d[Not completed]
2019-09-24 03:09:49,054 [pool-137-thread-1] INFO  impl.RaftServerImpl (RaftServerImpl.java:<init>(95)) - 43af139f-dfb3-4342-9eb7-488f00a1ed65: new RaftServerImpl for group-CB41CF890DA4:[43af139f-dfb3-4342-9eb7-488f00a1ed65:192.168.151.121:44602] with ContainerStateMachine:uninitialized
2019-09-24 03:09:49,054 [pool-137-thread-1] INFO  server.RaftServerConfigKeys (ConfUtils.java:logGet(43)) - raft.server.rpc.timeout.min = 5s (custom)
2019-09-24 03:09:49,054 [pool-137-thread-1] INFO  server.RaftServerConfigKeys (ConfUtils.java:logGet(43)) - raft.server.rpc.timeout.max = 5200ms (custom)
2019-09-24 03:09:49,054 [pool-137-thread-1] INFO  server.RaftServerConfigKeys (ConfUtils.java:logGet(43)) - raft.server.rpcslowness.timeout = 120s (custom)
2019-09-24 03:09:49,054 [pool-137-thread-1] INFO  server.RaftServerConfigKeys (ConfUtils.java:logGet(43)) - raft.server.sleep.deviation.threshold = 300 (default)
2019-09-24 03:09:49,054 [pool-137-thread-1] INFO  server.RaftServerConfigKeys (ConfUtils.java:logGet(43)) - raft.server.log.appender.install.snapshot.enabled = false (custom)
2019-09-24 03:09:49,054 [pool-137-thread-1] INFO  impl.RaftServerImpl (ServerState.java:<init>(103)) - 43af139f-dfb3-4342-9eb7-488f00a1ed65@group-CB41CF890DA4: ConfigurationManager, init=-1: [43af139f-dfb3-4342-9eb7-488f00a1ed65:192.168.151.121:44602], old=null, confs=<EMPTY_MAP>
2019-09-24 03:09:49,054 [pool-137-thread-1] INFO  server.RaftServerConfigKeys (ConfUtils.java:logGet(43)) - raft.server.storage.dir = [/workdir/hadoop-ozone/integration-test/target/test-dir/MiniOzoneClusterImpl-012d228f-acb2-41e7-bbe8-297e082f4972/datanode-2/data/ratis] (custom)
2019-09-24 03:09:49,055 [pool-137-thread-1] INFO  storage.RaftStorageDirectory (RaftStorageDirectory.java:analyzeStorage(246)) - The storage directory /workdir/hadoop-ozone/integration-test/target/test-dir/MiniOzoneClusterImpl-012d228f-acb2-41e7-bbe8-297e082f4972/datanode-2/data/ratis/f86338c0-7d25-4e1b-bd85-cb41cf890da4 does not exist. Creating ...
2019-09-24 03:09:49,068 [pool-137-thread-1] INFO  storage.RaftStorageDirectory (RaftStorageDirectory.java:tryLock(328)) - Lock on /workdir/hadoop-ozone/integration-test/target/test-dir/MiniOzoneClusterImpl-012d228f-acb2-41e7-bbe8-297e082f4972/datanode-2/data/ratis/f86338c0-7d25-4e1b-bd85-cb41cf890da4/in_use.lock acquired by nodename 31860@pr-hdds-2162-tjkd5-3209850126
2019-09-24 03:09:49,082 [pool-137-thread-1] INFO  storage.RaftStorage (RaftStorage.java:format(72)) - Storage directory /workdir/hadoop-ozone/integration-test/target/test-dir/MiniOzoneClusterImpl-012d228f-acb2-41e7-bbe8-297e082f4972/datanode-2/data/ratis/f86338c0-7d25-4e1b-bd85-cb41cf890da4 has been successfully formatted.
2019-09-24 03:09:49,082 [pool-137-thread-1] INFO  ratis.ContainerStateMachine (ContainerStateMachine.java:loadSnapshot(230)) - group-CB41CF890DA4: The snapshot info is null. Setting the last applied indexto:(t:0, i:~)
2019-09-24 03:09:49,082 [pool-137-thread-1] INFO  server.RaftServerConfigKeys (ConfUtils.java:logGet(43)) - raft.server.notification.no-leader.timeout = 120s (custom)
2019-09-24 03:09:49,083 [pool-137-thread-1] INFO  server.RaftServerConfigKeys (ConfUtils.java:logGet(43)) - raft.server.log.use.memory = false (default)
2019-09-24 03:09:49,083 [pool-137-thread-1] INFO  server.RaftServerConfigKeys (ConfUtils.java:logGet(43)) - raft.server.log.purge.gap = 1000000 (custom)
2019-09-24 03:09:49,083 [pool-137-thread-1] INFO  server.RaftServerConfigKeys (ConfUtils.java:logGet(43)) - raft.server.log.appender.buffer.byte-limit = 33554432 (custom)
2019-09-24 03:09:49,083 [pool-137-thread-1] INFO  server.RaftServerConfigKeys (ConfUtils.java:logGet(43)) - raft.server.log.segment.size.max = 1048576 (custom)
2019-09-24 03:09:49,083 [pool-137-thread-1] INFO  server.RaftServerConfigKeys (ConfUtils.java:logGet(43)) - raft.server.log.segment.cache.num.max = 2 (custom)
2019-09-24 03:09:49,084 [pool-137-thread-1] INFO  segmented.SegmentedRaftLogWorker (SegmentedRaftLogWorker.java:<init>(172)) - new 43af139f-dfb3-4342-9eb7-488f00a1ed65@group-CB41CF890DA4-SegmentedRaftLogWorker for RaftStorage:Storage Directory /workdir/hadoop-ozone/integration-test/target/test-dir/MiniOzoneClusterImpl-012d228f-acb2-41e7-bbe8-297e082f4972/datanode-2/data/ratis/f86338c0-7d25-4e1b-bd85-cb41cf890da4
2019-09-24 03:09:49,086 [pool-137-thread-1] INFO  server.RaftServerConfigKeys (ConfUtils.java:logGet(43)) - raft.server.log.queue.byte-limit = 2147483647 (custom)
2019-09-24 03:09:49,087 [pool-137-thread-1] INFO  server.RaftServerConfigKeys (ConfUtils.java:logGet(43)) - raft.server.log.queue.element-limit = 1024 (custom)
2019-09-24 03:09:49,087 [pool-137-thread-1] INFO  server.RaftServerConfigKeys (ConfUtils.java:logGet(43)) - raft.server.log.segment.size.max = 1048576 (custom)
2019-09-24 03:09:49,087 [pool-137-thread-1] INFO  server.RaftServerConfigKeys (ConfUtils.java:logGet(43)) - raft.server.log.preallocated.size = 16384 (custom)
2019-09-24 03:09:49,087 [pool-137-thread-1] INFO  server.RaftServerConfigKeys (ConfUtils.java:logGet(43)) - raft.server.log.write.buffer.size = 33554432 (custom)
2019-09-24 03:09:49,087 [pool-137-thread-1] INFO  server.RaftServerConfigKeys (ConfUtils.java:logGet(43)) - raft.server.log.force.sync.num = 128 (default)
2019-09-24 03:09:49,087 [pool-137-thread-1] INFO  server.RaftServerConfigKeys (ConfUtils.java:logGet(43)) - raft.server.log.statemachine.data.sync = true (default)
2019-09-24 03:09:49,088 [pool-137-thread-1] INFO  server.RaftServerConfigKeys (ConfUtils.java:logGet(43)) - raft.server.log.statemachine.data.sync.timeout = 10s (default)
2019-09-24 03:09:49,088 [pool-137-thread-1] INFO  server.RaftServerConfigKeys (ConfUtils.java:logGet(43)) - raft.server.log.statemachine.data.sync.timeout.retry = -1 (default)
2019-09-24 03:09:49,088 [pool-137-thread-1] INFO  server.RaftServerConfigKeys (ConfUtils.java:logGet(43)) - raft.server.log.statemachine.data.caching.enabled = true (custom)
2019-09-24 03:09:49,088 [pool-137-thread-1] INFO  segmented.SegmentedRaftLogWorker (SegmentedRaftLogWorker.java:lambda$new$0(132)) - 43af139f-dfb3-4342-9eb7-488f00a1ed65@group-CB41CF890DA4-SegmentedRaftLogWorker: flushIndex: setUnconditionally 0 -> -1
2019-09-24 03:09:49,089 [pool-137-thread-1] INFO  server.RaftServerConfigKeys (ConfUtils.java:logGet(43)) - raft.server.snapshot.auto.trigger.enabled = true (custom)
2019-09-24 03:09:49,089 [pool-137-thread-1] INFO  server.RaftServerConfigKeys (ConfUtils.java:logGet(43)) - raft.server.snapshot.auto.trigger.threshold = 10000 (custom)
2019-09-24 03:09:49,089 [pool-137-thread-1] INFO  server.RaftServerConfigKeys (ConfUtils.java:logGet(43)) - raft.server.snapshot.retention.num.files = 5 (custom)
2019-09-24 03:09:49,089 [pool-137-thread-1] INFO  server.RaftServerConfigKeys (ConfUtils.java:logGet(43)) - raft.server.retrycache.expirytime = 600000ms (custom)
2019-09-24 03:09:49,092 [pool-137-thread-1] INFO  impl.RaftServerImpl (RaftServerImpl.java:start(185)) - 43af139f-dfb3-4342-9eb7-488f00a1ed65@group-CB41CF890DA4: start as a follower, conf=-1: [43af139f-dfb3-4342-9eb7-488f00a1ed65:192.168.151.121:44602], old=null
2019-09-24 03:09:49,092 [pool-137-thread-1] INFO  impl.RaftServerImpl (RaftServerImpl.java:setRole(174)) - 43af139f-dfb3-4342-9eb7-488f00a1ed65@group-CB41CF890DA4: changes role from      null to FOLLOWER at term 0 for startAsFollower
2019-09-24 03:09:49,092 [pool-137-thread-1] INFO  impl.RoleInfo (RoleInfo.java:updateAndGet(143)) - 43af139f-dfb3-4342-9eb7-488f00a1ed65: start FollowerState
2019-09-24 03:09:49,100 [pool-137-thread-1] INFO  util.JmxRegister (JmxRegister.java:tryRegister(44)) - Successfully registered JMX Bean with object name Ratis:service=RaftServer,group=group-CB41CF890DA4,id=43af139f-dfb3-4342-9eb7-488f00a1ed65
2019-09-24 03:09:49,109 [RatisPipelineUtilsThread] INFO  pipeline.PipelineStateManager (PipelineStateManager.java:addPipeline(56)) - Created pipeline Pipeline[ Id: f86338c0-7d25-4e1b-bd85-cb41cf890da4, Nodes: 43af139f-dfb3-4342-9eb7-488f00a1ed65{ip: 192.168.151.121, host: pr-hdds-2162-tjkd5-3209850126, networkLocation: /default-rack, certSerialId: null}, Type:RATIS, Factor:ONE, State:OPEN]
2019-09-24 03:09:49,140 [grpc-default-executor-2] INFO  impl.RaftServerProxy (RaftServerProxy.java:addNew(89)) - 44a4ffbc-4d91-4095-a9c3-b922f00b00e4: addNew group-A4B715B6386A:[5406889e-ec62-4049-b262-f5316a5dbf0d:192.168.151.121:45241, f3563236-f689-405f-8ebf-d4e633c015bd:192.168.151.121:39431, 44a4ffbc-4d91-4095-a9c3-b922f00b00e4:192.168.151.121:38893] returns group-A4B715B6386A:java.util.concurrent.CompletableFuture@5169fc99[Not completed]
2019-09-24 03:09:49,143 [grpc-default-executor-1] INFO  impl.RaftServerProxy (RaftServerProxy.java:addNew(89)) - f3563236-f689-405f-8ebf-d4e633c015bd: addNew group-A4B715B6386A:[5406889e-ec62-4049-b262-f5316a5dbf0d:192.168.151.121:45241, f3563236-f689-405f-8ebf-d4e633c015bd:192.168.151.121:39431, 44a4ffbc-4d91-4095-a9c3-b922f00b00e4:192.168.151.121:38893] returns group-A4B715B6386A:java.util.concurrent.CompletableFuture@4ab3100b[Not completed]
2019-09-24 03:09:49,146 [grpc-default-executor-2] INFO  impl.RaftServerProxy (RaftServerProxy.java:addNew(89)) - 5406889e-ec62-4049-b262-f5316a5dbf0d: addNew group-A4B715B6386A:[5406889e-ec62-4049-b262-f5316a5dbf0d:192.168.151.121:45241, f3563236-f689-405f-8ebf-d4e633c015bd:192.168.151.121:39431, 44a4ffbc-4d91-4095-a9c3-b922f00b00e4:192.168.151.121:38893] returns group-A4B715B6386A:java.util.concurrent.CompletableFuture@43128b6b[Not completed]
2019-09-24 03:09:49,146 [pool-127-thread-1] INFO  impl.RaftServerImpl (RaftServerImpl.java:<init>(95)) - 44a4ffbc-4d91-4095-a9c3-b922f00b00e4: new RaftServerImpl for group-A4B715B6386A:[5406889e-ec62-4049-b262-f5316a5dbf0d:192.168.151.121:45241, f3563236-f689-405f-8ebf-d4e633c015bd:192.168.151.121:39431, 44a4ffbc-4d91-4095-a9c3-b922f00b00e4:192.168.151.121:38893] with ContainerStateMachine:uninitialized
2019-09-24 03:09:49,146 [pool-127-thread-1] INFO  server.RaftServerConfigKeys (ConfUtils.java:logGet(43)) - raft.server.rpc.timeout.min = 5s (custom)
2019-09-24 03:09:49,147 [pool-127-thread-1] INFO  server.RaftServerConfigKeys (ConfUtils.java:logGet(43)) - raft.server.rpc.timeout.max = 5200ms (custom)
2019-09-24 03:09:49,147 [pool-127-thread-1] INFO  server.RaftServerConfigKeys (ConfUtils.java:logGet(43)) - raft.server.rpcslowness.timeout = 120s (custom)
2019-09-24 03:09:49,147 [pool-127-thread-1] INFO  server.RaftServerConfigKeys (ConfUtils.java:logGet(43)) - raft.server.sleep.deviation.threshold = 300 (default)
2019-09-24 03:09:49,147 [pool-127-thread-1] INFO  server.RaftServerConfigKeys (ConfUtils.java:logGet(43)) - raft.server.log.appender.install.snapshot.enabled = false (custom)
2019-09-24 03:09:49,147 [pool-127-thread-1] INFO  impl.RaftServerImpl (ServerState.java:<init>(103)) - 44a4ffbc-4d91-4095-a9c3-b922f00b00e4@group-A4B715B6386A: ConfigurationManager, init=-1: [5406889e-ec62-4049-b262-f5316a5dbf0d:192.168.151.121:45241, f3563236-f689-405f-8ebf-d4e633c015bd:192.168.151.121:39431, 44a4ffbc-4d91-4095-a9c3-b922f00b00e4:192.168.151.121:38893], old=null, confs=<EMPTY_MAP>
2019-09-24 03:09:49,147 [pool-167-thread-1] INFO  impl.RaftServerImpl (RaftServerImpl.java:<init>(95)) - f3563236-f689-405f-8ebf-d4e633c015bd: new RaftServerImpl for group-A4B715B6386A:[5406889e-ec62-4049-b262-f5316a5dbf0d:192.168.151.121:45241, f3563236-f689-405f-8ebf-d4e633c015bd:192.168.151.121:39431, 44a4ffbc-4d91-4095-a9c3-b922f00b00e4:192.168.151.121:38893] with ContainerStateMachine:uninitialized
2019-09-24 03:09:49,147 [pool-127-thread-1] INFO  server.RaftServerConfigKeys (ConfUtils.java:logGet(43)) - raft.server.storage.dir = [/workdir/hadoop-ozone/integration-test/target/test-dir/MiniOzoneClusterImpl-012d228f-acb2-41e7-bbe8-297e082f4972/datanode-1/data/ratis] (custom)
2019-09-24 03:09:49,147 [pool-167-thread-1] INFO  server.RaftServerConfigKeys (ConfUtils.java:logGet(43)) - raft.server.rpc.timeout.min = 5s (custom)
2019-09-24 03:09:49,147 [pool-167-thread-1] INFO  server.RaftServerConfigKeys (ConfUtils.java:logGet(43)) - raft.server.rpc.timeout.max = 5200ms (custom)
2019-09-24 03:09:49,148 [pool-127-thread-1] INFO  storage.RaftStorageDirectory (RaftStorageDirectory.java:analyzeStorage(246)) - The storage directory /workdir/hadoop-ozone/integration-test/target/test-dir/MiniOzoneClusterImpl-012d228f-acb2-41e7-bbe8-297e082f4972/datanode-1/data/ratis/8d79d199-75f6-481a-ac05-a4b715b6386a does not exist. Creating ...
2019-09-24 03:09:49,148 [pool-117-thread-1] INFO  impl.RaftServerImpl (RaftServerImpl.java:<init>(95)) - 5406889e-ec62-4049-b262-f5316a5dbf0d: new RaftServerImpl for group-A4B715B6386A:[5406889e-ec62-4049-b262-f5316a5dbf0d:192.168.151.121:45241, f3563236-f689-405f-8ebf-d4e633c015bd:192.168.151.121:39431, 44a4ffbc-4d91-4095-a9c3-b922f00b00e4:192.168.151.121:38893] with ContainerStateMachine:uninitialized
2019-09-24 03:09:49,148 [pool-167-thread-1] INFO  server.RaftServerConfigKeys (ConfUtils.java:logGet(43)) - raft.server.rpcslowness.timeout = 120s (custom)
2019-09-24 03:09:49,148 [pool-117-thread-1] INFO  server.RaftServerConfigKeys (ConfUtils.java:logGet(43)) - raft.server.rpc.timeout.min = 5s (custom)
2019-09-24 03:09:49,148 [pool-167-thread-1] INFO  server.RaftServerConfigKeys (ConfUtils.java:logGet(43)) - raft.server.sleep.deviation.threshold = 300 (default)
2019-09-24 03:09:49,148 [pool-117-thread-1] INFO  server.RaftServerConfigKeys (ConfUtils.java:logGet(43)) - raft.server.rpc.timeout.max = 5200ms (custom)
2019-09-24 03:09:49,148 [pool-167-thread-1] INFO  server.RaftServerConfigKeys (ConfUtils.java:logGet(43)) - raft.server.log.appender.install.snapshot.enabled = false (custom)
2019-09-24 03:09:49,148 [pool-117-thread-1] INFO  server.RaftServerConfigKeys (ConfUtils.java:logGet(43)) - raft.server.rpcslowness.timeout = 120s (custom)
2019-09-24 03:09:49,148 [pool-167-thread-1] INFO  impl.RaftServerImpl (ServerState.java:<init>(103)) - f3563236-f689-405f-8ebf-d4e633c015bd@group-A4B715B6386A: ConfigurationManager, init=-1: [5406889e-ec62-4049-b262-f5316a5dbf0d:192.168.151.121:45241, f3563236-f689-405f-8ebf-d4e633c015bd:192.168.151.121:39431, 44a4ffbc-4d91-4095-a9c3-b922f00b00e4:192.168.151.121:38893], old=null, confs=<EMPTY_MAP>
2019-09-24 03:09:49,148 [pool-117-thread-1] INFO  server.RaftServerConfigKeys (ConfUtils.java:logGet(43)) - raft.server.sleep.deviation.threshold = 300 (default)
2019-09-24 03:09:49,149 [pool-167-thread-1] INFO  server.RaftServerConfigKeys (ConfUtils.java:logGet(43)) - raft.server.storage.dir = [/workdir/hadoop-ozone/integration-test/target/test-dir/MiniOzoneClusterImpl-012d228f-acb2-41e7-bbe8-297e082f4972/datanode-5/data/ratis] (custom)
2019-09-24 03:09:49,149 [pool-117-thread-1] INFO  server.RaftServerConfigKeys (ConfUtils.java:logGet(43)) - raft.server.log.appender.install.snapshot.enabled = false (custom)
2019-09-24 03:09:49,149 [pool-117-thread-1] INFO  impl.RaftServerImpl (ServerState.java:<init>(103)) - 5406889e-ec62-4049-b262-f5316a5dbf0d@group-A4B715B6386A: ConfigurationManager, init=-1: [5406889e-ec62-4049-b262-f5316a5dbf0d:192.168.151.121:45241, f3563236-f689-405f-8ebf-d4e633c015bd:192.168.151.121:39431, 44a4ffbc-4d91-4095-a9c3-b922f00b00e4:192.168.151.121:38893], old=null, confs=<EMPTY_MAP>
2019-09-24 03:09:49,149 [pool-167-thread-1] INFO  storage.RaftStorageDirectory (RaftStorageDirectory.java:analyzeStorage(246)) - The storage directory /workdir/hadoop-ozone/integration-test/target/test-dir/MiniOzoneClusterImpl-012d228f-acb2-41e7-bbe8-297e082f4972/datanode-5/data/ratis/8d79d199-75f6-481a-ac05-a4b715b6386a does not exist. Creating ...
2019-09-24 03:09:49,149 [pool-117-thread-1] INFO  server.RaftServerConfigKeys (ConfUtils.java:logGet(43)) - raft.server.storage.dir = [/workdir/hadoop-ozone/integration-test/target/test-dir/MiniOzoneClusterImpl-012d228f-acb2-41e7-bbe8-297e082f4972/datanode-0/data/ratis] (custom)
2019-09-24 03:09:49,149 [pool-117-thread-1] INFO  storage.RaftStorageDirectory (RaftStorageDirectory.java:analyzeStorage(246)) - The storage directory /workdir/hadoop-ozone/integration-test/target/test-dir/MiniOzoneClusterImpl-012d228f-acb2-41e7-bbe8-297e082f4972/datanode-0/data/ratis/8d79d199-75f6-481a-ac05-a4b715b6386a does not exist. Creating ...
2019-09-24 03:09:49,161 [pool-127-thread-1] INFO  storage.RaftStorageDirectory (RaftStorageDirectory.java:tryLock(328)) - Lock on /workdir/hadoop-ozone/integration-test/target/test-dir/MiniOzoneClusterImpl-012d228f-acb2-41e7-bbe8-297e082f4972/datanode-1/data/ratis/8d79d199-75f6-481a-ac05-a4b715b6386a/in_use.lock acquired by nodename 31860@pr-hdds-2162-tjkd5-3209850126
2019-09-24 03:09:49,161 [pool-117-thread-1] INFO  storage.RaftStorageDirectory (RaftStorageDirectory.java:tryLock(328)) - Lock on /workdir/hadoop-ozone/integration-test/target/test-dir/MiniOzoneClusterImpl-012d228f-acb2-41e7-bbe8-297e082f4972/datanode-0/data/ratis/8d79d199-75f6-481a-ac05-a4b715b6386a/in_use.lock acquired by nodename 31860@pr-hdds-2162-tjkd5-3209850126
2019-09-24 03:09:49,161 [pool-167-thread-1] INFO  storage.RaftStorageDirectory (RaftStorageDirectory.java:tryLock(328)) - Lock on /workdir/hadoop-ozone/integration-test/target/test-dir/MiniOzoneClusterImpl-012d228f-acb2-41e7-bbe8-297e082f4972/datanode-5/data/ratis/8d79d199-75f6-481a-ac05-a4b715b6386a/in_use.lock acquired by nodename 31860@pr-hdds-2162-tjkd5-3209850126
2019-09-24 03:09:49,175 [pool-167-thread-1] INFO  storage.RaftStorage (RaftStorage.java:format(72)) - Storage directory /workdir/hadoop-ozone/integration-test/target/test-dir/MiniOzoneClusterImpl-012d228f-acb2-41e7-bbe8-297e082f4972/datanode-5/data/ratis/8d79d199-75f6-481a-ac05-a4b715b6386a has been successfully formatted.
2019-09-24 03:09:49,175 [pool-117-thread-1] INFO  storage.RaftStorage (RaftStorage.java:format(72)) - Storage directory /workdir/hadoop-ozone/integration-test/target/test-dir/MiniOzoneClusterImpl-012d228f-acb2-41e7-bbe8-297e082f4972/datanode-0/data/ratis/8d79d199-75f6-481a-ac05-a4b715b6386a has been successfully formatted.
2019-09-24 03:09:49,175 [pool-127-thread-1] INFO  storage.RaftStorage (RaftStorage.java:format(72)) - Storage directory /workdir/hadoop-ozone/integration-test/target/test-dir/MiniOzoneClusterImpl-012d228f-acb2-41e7-bbe8-297e082f4972/datanode-1/data/ratis/8d79d199-75f6-481a-ac05-a4b715b6386a has been successfully formatted.
2019-09-24 03:09:49,176 [pool-117-thread-1] INFO  ratis.ContainerStateMachine (ContainerStateMachine.java:loadSnapshot(230)) - group-A4B715B6386A: The snapshot info is null. Setting the last applied indexto:(t:0, i:~)
2019-09-24 03:09:49,175 [pool-167-thread-1] INFO  ratis.ContainerStateMachine (ContainerStateMachine.java:loadSnapshot(230)) - group-A4B715B6386A: The snapshot info is null. Setting the last applied indexto:(t:0, i:~)
2019-09-24 03:09:49,176 [pool-117-thread-1] INFO  server.RaftServerConfigKeys (ConfUtils.java:logGet(43)) - raft.server.notification.no-leader.timeout = 120s (custom)
2019-09-24 03:09:49,176 [pool-127-thread-1] INFO  ratis.ContainerStateMachine (ContainerStateMachine.java:loadSnapshot(230)) - group-A4B715B6386A: The snapshot info is null. Setting the last applied indexto:(t:0, i:~)
2019-09-24 03:09:49,176 [pool-117-thread-1] INFO  server.RaftServerConfigKeys (ConfUtils.java:logGet(43)) - raft.server.log.use.memory = false (default)
2019-09-24 03:09:49,176 [pool-167-thread-1] INFO  server.RaftServerConfigKeys (ConfUtils.java:logGet(43)) - raft.server.notification.no-leader.timeout = 120s (custom)
2019-09-24 03:09:49,176 [pool-117-thread-1] INFO  server.RaftServerConfigKeys (ConfUtils.java:logGet(43)) - raft.server.log.purge.gap = 1000000 (custom)
2019-09-24 03:09:49,176 [pool-127-thread-1] INFO  server.RaftServerConfigKeys (ConfUtils.java:logGet(43)) - raft.server.notification.no-leader.timeout = 120s (custom)
2019-09-24 03:09:49,177 [pool-117-thread-1] INFO  server.RaftServerConfigKeys (ConfUtils.java:logGet(43)) - raft.server.log.appender.buffer.byte-limit = 33554432 (custom)
2019-09-24 03:09:49,176 [pool-167-thread-1] INFO  server.RaftServerConfigKeys (ConfUtils.java:logGet(43)) - raft.server.log.use.memory = false (default)
2019-09-24 03:09:49,177 [pool-117-thread-1] INFO  server.RaftServerConfigKeys (ConfUtils.java:logGet(43)) - raft.server.log.segment.size.max = 1048576 (custom)
2019-09-24 03:09:49,177 [pool-127-thread-1] INFO  server.RaftServerConfigKeys (ConfUtils.java:logGet(43)) - raft.server.log.use.memory = false (default)
2019-09-24 03:09:49,177 [pool-117-thread-1] INFO  server.RaftServerConfigKeys (ConfUtils.java:logGet(43)) - raft.server.log.segment.cache.num.max = 2 (custom)
2019-09-24 03:09:49,177 [pool-167-thread-1] INFO  server.RaftServerConfigKeys (ConfUtils.java:logGet(43)) - raft.server.log.purge.gap = 1000000 (custom)
2019-09-24 03:09:49,177 [pool-117-thread-1] INFO  segmented.SegmentedRaftLogWorker (SegmentedRaftLogWorker.java:<init>(172)) - new 5406889e-ec62-4049-b262-f5316a5dbf0d@group-A4B715B6386A-SegmentedRaftLogWorker for RaftStorage:Storage Directory /workdir/hadoop-ozone/integration-test/target/test-dir/MiniOzoneClusterImpl-012d228f-acb2-41e7-bbe8-297e082f4972/datanode-0/data/ratis/8d79d199-75f6-481a-ac05-a4b715b6386a
2019-09-24 03:09:49,177 [pool-127-thread-1] INFO  server.RaftServerConfigKeys (ConfUtils.java:logGet(43)) - raft.server.log.purge.gap = 1000000 (custom)
2019-09-24 03:09:49,178 [pool-117-thread-1] INFO  server.RaftServerConfigKeys (ConfUtils.java:logGet(43)) - raft.server.log.queue.byte-limit = 2147483647 (custom)
2019-09-24 03:09:49,177 [pool-167-thread-1] INFO  server.RaftServerConfigKeys (ConfUtils.java:logGet(43)) - raft.server.log.appender.buffer.byte-limit = 33554432 (custom)
2019-09-24 03:09:49,178 [pool-117-thread-1] INFO  server.RaftServerConfigKeys (ConfUtils.java:logGet(43)) - raft.server.log.queue.element-limit = 1024 (custom)
2019-09-24 03:09:49,178 [pool-127-thread-1] INFO  server.RaftServerConfigKeys (ConfUtils.java:logGet(43)) - raft.server.log.appender.buffer.byte-limit = 33554432 (custom)
2019-09-24 03:09:49,178 [pool-117-thread-1] INFO  server.RaftServerConfigKeys (ConfUtils.java:logGet(43)) - raft.server.log.segment.size.max = 1048576 (custom)
2019-09-24 03:09:49,178 [pool-167-thread-1] INFO  server.RaftServerConfigKeys (ConfUtils.java:logGet(43)) - raft.server.log.segment.size.max = 1048576 (custom)
2019-09-24 03:09:49,178 [pool-117-thread-1] INFO  server.RaftServerConfigKeys (ConfUtils.java:logGet(43)) - raft.server.log.preallocated.size = 16384 (custom)
2019-09-24 03:09:49,178 [pool-127-thread-1] INFO  server.RaftServerConfigKeys (ConfUtils.java:logGet(43)) - raft.server.log.segment.size.max = 1048576 (custom)
2019-09-24 03:09:49,178 [pool-117-thread-1] INFO  server.RaftServerConfigKeys (ConfUtils.java:logGet(43)) - raft.server.log.write.buffer.size = 33554432 (custom)
2019-09-24 03:09:49,178 [pool-167-thread-1] INFO  server.RaftServerConfigKeys (ConfUtils.java:logGet(43)) - raft.server.log.segment.cache.num.max = 2 (custom)
2019-09-24 03:09:49,179 [pool-117-thread-1] INFO  server.RaftServerConfigKeys (ConfUtils.java:logGet(43)) - raft.server.log.force.sync.num = 128 (default)
2019-09-24 03:09:49,179 [pool-127-thread-1] INFO  server.RaftServerConfigKeys (ConfUtils.java:logGet(43)) - raft.server.log.segment.cache.num.max = 2 (custom)
2019-09-24 03:09:49,179 [pool-117-thread-1] INFO  server.RaftServerConfigKeys (ConfUtils.java:logGet(43)) - raft.server.log.statemachine.data.sync = true (default)
2019-09-24 03:09:49,179 [pool-167-thread-1] INFO  segmented.SegmentedRaftLogWorker (SegmentedRaftLogWorker.java:<init>(172)) - new f3563236-f689-405f-8ebf-d4e633c015bd@group-A4B715B6386A-SegmentedRaftLogWorker for RaftStorage:Storage Directory /workdir/hadoop-ozone/integration-test/target/test-dir/MiniOzoneClusterImpl-012d228f-acb2-41e7-bbe8-297e082f4972/datanode-5/data/ratis/8d79d199-75f6-481a-ac05-a4b715b6386a
2019-09-24 03:09:49,179 [pool-117-thread-1] INFO  server.RaftServerConfigKeys (ConfUtils.java:logGet(43)) - raft.server.log.statemachine.data.sync.timeout = 10s (default)
2019-09-24 03:09:49,179 [pool-127-thread-1] INFO  segmented.SegmentedRaftLogWorker (SegmentedRaftLogWorker.java:<init>(172)) - new 44a4ffbc-4d91-4095-a9c3-b922f00b00e4@group-A4B715B6386A-SegmentedRaftLogWorker for RaftStorage:Storage Directory /workdir/hadoop-ozone/integration-test/target/test-dir/MiniOzoneClusterImpl-012d228f-acb2-41e7-bbe8-297e082f4972/datanode-1/data/ratis/8d79d199-75f6-481a-ac05-a4b715b6386a
2019-09-24 03:09:49,179 [pool-117-thread-1] INFO  server.RaftServerConfigKeys (ConfUtils.java:logGet(43)) - raft.server.log.statemachine.data.sync.timeout.retry = -1 (default)
2019-09-24 03:09:49,179 [pool-167-thread-1] INFO  server.RaftServerConfigKeys (ConfUtils.java:logGet(43)) - raft.server.log.queue.byte-limit = 2147483647 (custom)
2019-09-24 03:09:49,180 [pool-117-thread-1] INFO  server.RaftServerConfigKeys (ConfUtils.java:logGet(43)) - raft.server.log.statemachine.data.caching.enabled = true (custom)
2019-09-24 03:09:49,180 [pool-127-thread-1] INFO  server.RaftServerConfigKeys (ConfUtils.java:logGet(43)) - raft.server.log.queue.byte-limit = 2147483647 (custom)
2019-09-24 03:09:49,180 [pool-167-thread-1] INFO  server.RaftServerConfigKeys (ConfUtils.java:logGet(43)) - raft.server.log.queue.element-limit = 1024 (custom)
2019-09-24 03:09:49,180 [pool-127-thread-1] INFO  server.RaftServerConfigKeys (ConfUtils.java:logGet(43)) - raft.server.log.queue.element-limit = 1024 (custom)
2019-09-24 03:09:49,180 [pool-117-thread-1] INFO  segmented.SegmentedRaftLogWorker (SegmentedRaftLogWorker.java:lambda$new$0(132)) - 5406889e-ec62-4049-b262-f5316a5dbf0d@group-A4B715B6386A-SegmentedRaftLogWorker: flushIndex: setUnconditionally 0 -> -1
2019-09-24 03:09:49,180 [pool-127-thread-1] INFO  server.RaftServerConfigKeys (ConfUtils.java:logGet(43)) - raft.server.log.segment.size.max = 1048576 (custom)
2019-09-24 03:09:49,180 [pool-167-thread-1] INFO  server.RaftServerConfigKeys (ConfUtils.java:logGet(43)) - raft.server.log.segment.size.max = 1048576 (custom)
2019-09-24 03:09:49,181 [pool-127-thread-1] INFO  server.RaftServerConfigKeys (ConfUtils.java:logGet(43)) - raft.server.log.preallocated.size = 16384 (custom)
2019-09-24 03:09:49,181 [pool-117-thread-1] INFO  server.RaftServerConfigKeys (ConfUtils.java:logGet(43)) - raft.server.snapshot.auto.trigger.enabled = true (custom)
2019-09-24 03:09:49,181 [pool-127-thread-1] INFO  server.RaftServerConfigKeys (ConfUtils.java:logGet(43)) - raft.server.log.write.buffer.size = 33554432 (custom)
2019-09-24 03:09:49,181 [pool-167-thread-1] INFO  server.RaftServerConfigKeys (ConfUtils.java:logGet(43)) - raft.server.log.preallocated.size = 16384 (custom)
2019-09-24 03:09:49,181 [pool-127-thread-1] INFO  server.RaftServerConfigKeys (ConfUtils.java:logGet(43)) - raft.server.log.force.sync.num = 128 (default)
2019-09-24 03:09:49,181 [pool-117-thread-1] INFO  server.RaftServerConfigKeys (ConfUtils.java:logGet(43)) - raft.server.snapshot.auto.trigger.threshold = 10000 (custom)
2019-09-24 03:09:49,181 [pool-127-thread-1] INFO  server.RaftServerConfigKeys (ConfUtils.java:logGet(43)) - raft.server.log.statemachine.data.sync = true (default)
2019-09-24 03:09:49,181 [pool-167-thread-1] INFO  server.RaftServerConfigKeys (ConfUtils.java:logGet(43)) - raft.server.log.write.buffer.size = 33554432 (custom)
2019-09-24 03:09:49,182 [pool-127-thread-1] INFO  server.RaftServerConfigKeys (ConfUtils.java:logGet(43)) - raft.server.log.statemachine.data.sync.timeout = 10s (default)
2019-09-24 03:09:49,182 [pool-117-thread-1] INFO  server.RaftServerConfigKeys (ConfUtils.java:logGet(43)) - raft.server.snapshot.retention.num.files = 5 (custom)
2019-09-24 03:09:49,182 [pool-127-thread-1] INFO  server.RaftServerConfigKeys (ConfUtils.java:logGet(43)) - raft.server.log.statemachine.data.sync.timeout.retry = -1 (default)
2019-09-24 03:09:49,182 [pool-167-thread-1] INFO  server.RaftServerConfigKeys (ConfUtils.java:logGet(43)) - raft.server.log.force.sync.num = 128 (default)
2019-09-24 03:09:49,182 [pool-127-thread-1] INFO  server.RaftServerConfigKeys (ConfUtils.java:logGet(43)) - raft.server.log.statemachine.data.caching.enabled = true (custom)
2019-09-24 03:09:49,182 [pool-117-thread-1] INFO  server.RaftServerConfigKeys (ConfUtils.java:logGet(43)) - raft.server.retrycache.expirytime = 600000ms (custom)
2019-09-24 03:09:49,182 [pool-167-thread-1] INFO  server.RaftServerConfigKeys (ConfUtils.java:logGet(43)) - raft.server.log.statemachine.data.sync = true (default)
2019-09-24 03:09:49,183 [pool-127-thread-1] INFO  segmented.SegmentedRaftLogWorker (SegmentedRaftLogWorker.java:lambda$new$0(132)) - 44a4ffbc-4d91-4095-a9c3-b922f00b00e4@group-A4B715B6386A-SegmentedRaftLogWorker: flushIndex: setUnconditionally 0 -> -1
2019-09-24 03:09:49,183 [pool-167-thread-1] INFO  server.RaftServerConfigKeys (ConfUtils.java:logGet(43)) - raft.server.log.statemachine.data.sync.timeout = 10s (default)
2019-09-24 03:09:49,183 [pool-167-thread-1] INFO  server.RaftServerConfigKeys (ConfUtils.java:logGet(43)) - raft.server.log.statemachine.data.sync.timeout.retry = -1 (default)
2019-09-24 03:09:49,183 [pool-127-thread-1] INFO  server.RaftServerConfigKeys (ConfUtils.java:logGet(43)) - raft.server.snapshot.auto.trigger.enabled = true (custom)
2019-09-24 03:09:49,183 [pool-167-thread-1] INFO  server.RaftServerConfigKeys (ConfUtils.java:logGet(43)) - raft.server.log.statemachine.data.caching.enabled = true (custom)
2019-09-24 03:09:49,183 [pool-127-thread-1] INFO  server.RaftServerConfigKeys (ConfUtils.java:logGet(43)) - raft.server.snapshot.auto.trigger.threshold = 10000 (custom)
2019-09-24 03:09:49,183 [pool-167-thread-1] INFO  segmented.SegmentedRaftLogWorker (SegmentedRaftLogWorker.java:lambda$new$0(132)) - f3563236-f689-405f-8ebf-d4e633c015bd@group-A4B715B6386A-SegmentedRaftLogWorker: flushIndex: setUnconditionally 0 -> -1
2019-09-24 03:09:49,183 [pool-127-thread-1] INFO  server.RaftServerConfigKeys (ConfUtils.java:logGet(43)) - raft.server.snapshot.retention.num.files = 5 (custom)
2019-09-24 03:09:49,184 [pool-167-thread-1] INFO  server.RaftServerConfigKeys (ConfUtils.java:logGet(43)) - raft.server.snapshot.auto.trigger.enabled = true (custom)
2019-09-24 03:09:49,184 [pool-127-thread-1] INFO  server.RaftServerConfigKeys (ConfUtils.java:logGet(43)) - raft.server.retrycache.expirytime = 600000ms (custom)
2019-09-24 03:09:49,184 [pool-167-thread-1] INFO  server.RaftServerConfigKeys (ConfUtils.java:logGet(43)) - raft.server.snapshot.auto.trigger.threshold = 10000 (custom)
2019-09-24 03:09:49,184 [pool-167-thread-1] INFO  server.RaftServerConfigKeys (ConfUtils.java:logGet(43)) - raft.server.snapshot.retention.num.files = 5 (custom)
2019-09-24 03:09:49,184 [pool-167-thread-1] INFO  server.RaftServerConfigKeys (ConfUtils.java:logGet(43)) - raft.server.retrycache.expirytime = 600000ms (custom)
2019-09-24 03:09:49,186 [pool-117-thread-1] INFO  impl.RaftServerImpl (RaftServerImpl.java:start(185)) - 5406889e-ec62-4049-b262-f5316a5dbf0d@group-A4B715B6386A: start as a follower, conf=-1: [5406889e-ec62-4049-b262-f5316a5dbf0d:192.168.151.121:45241, f3563236-f689-405f-8ebf-d4e633c015bd:192.168.151.121:39431, 44a4ffbc-4d91-4095-a9c3-b922f00b00e4:192.168.151.121:38893], old=null
2019-09-24 03:09:49,186 [pool-117-thread-1] INFO  impl.RaftServerImpl (RaftServerImpl.java:setRole(174)) - 5406889e-ec62-4049-b262-f5316a5dbf0d@group-A4B715B6386A: changes role from      null to FOLLOWER at term 0 for startAsFollower
2019-09-24 03:09:49,186 [pool-117-thread-1] INFO  impl.RoleInfo (RoleInfo.java:updateAndGet(143)) - 5406889e-ec62-4049-b262-f5316a5dbf0d: start FollowerState
2019-09-24 03:09:49,187 [pool-117-thread-1] INFO  util.JmxRegister (JmxRegister.java:tryRegister(44)) - Successfully registered JMX Bean with object name Ratis:service=RaftServer,group=group-A4B715B6386A,id=5406889e-ec62-4049-b262-f5316a5dbf0d
2019-09-24 03:09:49,187 [pool-167-thread-1] INFO  impl.RaftServerImpl (RaftServerImpl.java:start(185)) - f3563236-f689-405f-8ebf-d4e633c015bd@group-A4B715B6386A: start as a follower, conf=-1: [5406889e-ec62-4049-b262-f5316a5dbf0d:192.168.151.121:45241, f3563236-f689-405f-8ebf-d4e633c015bd:192.168.151.121:39431, 44a4ffbc-4d91-4095-a9c3-b922f00b00e4:192.168.151.121:38893], old=null
2019-09-24 03:09:49,187 [pool-127-thread-1] INFO  impl.RaftServerImpl (RaftServerImpl.java:start(185)) - 44a4ffbc-4d91-4095-a9c3-b922f00b00e4@group-A4B715B6386A: start as a follower, conf=-1: [5406889e-ec62-4049-b262-f5316a5dbf0d:192.168.151.121:45241, f3563236-f689-405f-8ebf-d4e633c015bd:192.168.151.121:39431, 44a4ffbc-4d91-4095-a9c3-b922f00b00e4:192.168.151.121:38893], old=null
2019-09-24 03:09:49,187 [pool-167-thread-1] INFO  impl.RaftServerImpl (RaftServerImpl.java:setRole(174)) - f3563236-f689-405f-8ebf-d4e633c015bd@group-A4B715B6386A: changes role from      null to FOLLOWER at term 0 for startAsFollower
2019-09-24 03:09:49,188 [pool-127-thread-1] INFO  impl.RaftServerImpl (RaftServerImpl.java:setRole(174)) - 44a4ffbc-4d91-4095-a9c3-b922f00b00e4@group-A4B715B6386A: changes role from      null to FOLLOWER at term 0 for startAsFollower
2019-09-24 03:09:49,188 [pool-167-thread-1] INFO  impl.RoleInfo (RoleInfo.java:updateAndGet(143)) - f3563236-f689-405f-8ebf-d4e633c015bd: start FollowerState
2019-09-24 03:09:49,188 [pool-127-thread-1] INFO  impl.RoleInfo (RoleInfo.java:updateAndGet(143)) - 44a4ffbc-4d91-4095-a9c3-b922f00b00e4: start FollowerState
2019-09-24 03:09:49,190 [pool-167-thread-1] INFO  util.JmxRegister (JmxRegister.java:tryRegister(44)) - Successfully registered JMX Bean with object name Ratis:service=RaftServer,group=group-A4B715B6386A,id=f3563236-f689-405f-8ebf-d4e633c015bd
2019-09-24 03:09:49,191 [pool-127-thread-1] INFO  util.JmxRegister (JmxRegister.java:tryRegister(44)) - Successfully registered JMX Bean with object name Ratis:service=RaftServer,group=group-A4B715B6386A,id=44a4ffbc-4d91-4095-a9c3-b922f00b00e4
2019-09-24 03:09:49,195 [RatisPipelineUtilsThread] INFO  pipeline.PipelineStateManager (PipelineStateManager.java:addPipeline(56)) - Created pipeline Pipeline[ Id: 8d79d199-75f6-481a-ac05-a4b715b6386a, Nodes: 5406889e-ec62-4049-b262-f5316a5dbf0d{ip: 192.168.151.121, host: pr-hdds-2162-tjkd5-3209850126, networkLocation: /default-rack, certSerialId: null}44a4ffbc-4d91-4095-a9c3-b922f00b00e4{ip: 192.168.151.121, host: pr-hdds-2162-tjkd5-3209850126, networkLocation: /default-rack, certSerialId: null}f3563236-f689-405f-8ebf-d4e633c015bd{ip: 192.168.151.121, host: pr-hdds-2162-tjkd5-3209850126, networkLocation: /default-rack, certSerialId: null}, Type:RATIS, Factor:THREE, State:OPEN]
2019-09-24 03:09:49,218 [grpc-default-executor-0] INFO  impl.RaftServerProxy (RaftServerProxy.java:addNew(89)) - 0977c340-09ab-40ea-a2ee-06e7b0684890: addNew group-691697993241:[407a0596-b9d5-4e18-8838-1feb6dd68eb6:192.168.151.121:33348, 0977c340-09ab-40ea-a2ee-06e7b0684890:192.168.151.121:40113, 72adeaa2-1bef-4cd1-bdeb-e0365f44c5f0:192.168.151.121:46343] returns group-691697993241:java.util.concurrent.CompletableFuture@1c02ee0d[Not completed]
2019-09-24 03:09:49,218 [grpc-default-executor-2] INFO  impl.RaftServerProxy (RaftServerProxy.java:addNew(89)) - 407a0596-b9d5-4e18-8838-1feb6dd68eb6: addNew group-691697993241:[407a0596-b9d5-4e18-8838-1feb6dd68eb6:192.168.151.121:33348, 0977c340-09ab-40ea-a2ee-06e7b0684890:192.168.151.121:40113, 72adeaa2-1bef-4cd1-bdeb-e0365f44c5f0:192.168.151.121:46343] returns group-691697993241:java.util.concurrent.CompletableFuture@3ba6c5c3[Not completed]
2019-09-24 03:09:49,220 [grpc-default-executor-1] INFO  impl.RaftServerProxy (RaftServerProxy.java:addNew(89)) - 72adeaa2-1bef-4cd1-bdeb-e0365f44c5f0: addNew group-691697993241:[407a0596-b9d5-4e18-8838-1feb6dd68eb6:192.168.151.121:33348, 0977c340-09ab-40ea-a2ee-06e7b0684890:192.168.151.121:40113, 72adeaa2-1bef-4cd1-bdeb-e0365f44c5f0:192.168.151.121:46343] returns group-691697993241:java.util.concurrent.CompletableFuture@b8e1a30[Not completed]
2019-09-24 03:09:49,221 [pool-147-thread-1] INFO  impl.RaftServerImpl (RaftServerImpl.java:<init>(95)) - 0977c340-09ab-40ea-a2ee-06e7b0684890: new RaftServerImpl for group-691697993241:[407a0596-b9d5-4e18-8838-1feb6dd68eb6:192.168.151.121:33348, 0977c340-09ab-40ea-a2ee-06e7b0684890:192.168.151.121:40113, 72adeaa2-1bef-4cd1-bdeb-e0365f44c5f0:192.168.151.121:46343] with ContainerStateMachine:uninitialized
2019-09-24 03:09:49,221 [pool-147-thread-1] INFO  server.RaftServerConfigKeys (ConfUtils.java:logGet(43)) - raft.server.rpc.timeout.min = 5s (custom)
2019-09-24 03:09:49,222 [pool-147-thread-1] INFO  server.RaftServerConfigKeys (ConfUtils.java:logGet(43)) - raft.server.rpc.timeout.max = 5200ms (custom)
2019-09-24 03:09:49,222 [pool-147-thread-1] INFO  server.RaftServerConfigKeys (ConfUtils.java:logGet(43)) - raft.server.rpcslowness.timeout = 120s (custom)
2019-09-24 03:09:49,222 [pool-147-thread-1] INFO  server.RaftServerConfigKeys (ConfUtils.java:logGet(43)) - raft.server.sleep.deviation.threshold = 300 (default)
2019-09-24 03:09:49,222 [pool-147-thread-1] INFO  server.RaftServerConfigKeys (ConfUtils.java:logGet(43)) - raft.server.log.appender.install.snapshot.enabled = false (custom)
2019-09-24 03:09:49,222 [pool-147-thread-1] INFO  impl.RaftServerImpl (ServerState.java:<init>(103)) - 0977c340-09ab-40ea-a2ee-06e7b0684890@group-691697993241: ConfigurationManager, init=-1: [407a0596-b9d5-4e18-8838-1feb6dd68eb6:192.168.151.121:33348, 0977c340-09ab-40ea-a2ee-06e7b0684890:192.168.151.121:40113, 72adeaa2-1bef-4cd1-bdeb-e0365f44c5f0:192.168.151.121:46343], old=null, confs=<EMPTY_MAP>
2019-09-24 03:09:49,222 [pool-157-thread-1] INFO  impl.RaftServerImpl (RaftServerImpl.java:<init>(95)) - 72adeaa2-1bef-4cd1-bdeb-e0365f44c5f0: new RaftServerImpl for group-691697993241:[407a0596-b9d5-4e18-8838-1feb6dd68eb6:192.168.151.121:33348, 0977c340-09ab-40ea-a2ee-06e7b0684890:192.168.151.121:40113, 72adeaa2-1bef-4cd1-bdeb-e0365f44c5f0:192.168.151.121:46343] with ContainerStateMachine:uninitialized
2019-09-24 03:09:49,222 [pool-147-thread-1] INFO  server.RaftServerConfigKeys (ConfUtils.java:logGet(43)) - raft.server.storage.dir = [/workdir/hadoop-ozone/integration-test/target/test-dir/MiniOzoneClusterImpl-012d228f-acb2-41e7-bbe8-297e082f4972/datanode-3/data/ratis] (custom)
2019-09-24 03:09:49,222 [pool-157-thread-1] INFO  server.RaftServerConfigKeys (ConfUtils.java:logGet(43)) - raft.server.rpc.timeout.min = 5s (custom)
2019-09-24 03:09:49,223 [pool-157-thread-1] INFO  server.RaftServerConfigKeys (ConfUtils.java:logGet(43)) - raft.server.rpc.timeout.max = 5200ms (custom)
2019-09-24 03:09:49,223 [pool-177-thread-1] INFO  impl.RaftServerImpl (RaftServerImpl.java:<init>(95)) - 407a0596-b9d5-4e18-8838-1feb6dd68eb6: new RaftServerImpl for group-691697993241:[407a0596-b9d5-4e18-8838-1feb6dd68eb6:192.168.151.121:33348, 0977c340-09ab-40ea-a2ee-06e7b0684890:192.168.151.121:40113, 72adeaa2-1bef-4cd1-bdeb-e0365f44c5f0:192.168.151.121:46343] with ContainerStateMachine:uninitialized
2019-09-24 03:09:49,223 [pool-147-thread-1] INFO  storage.RaftStorageDirectory (RaftStorageDirectory.java:analyzeStorage(246)) - The storage directory /workdir/hadoop-ozone/integration-test/target/test-dir/MiniOzoneClusterImpl-012d228f-acb2-41e7-bbe8-297e082f4972/datanode-3/data/ratis/f89e579d-6a50-47ec-aa88-691697993241 does not exist. Creating ...
2019-09-24 03:09:49,223 [pool-177-thread-1] INFO  server.RaftServerConfigKeys (ConfUtils.java:logGet(43)) - raft.server.rpc.timeout.min = 5s (custom)
2019-09-24 03:09:49,223 [pool-157-thread-1] INFO  server.RaftServerConfigKeys (ConfUtils.java:logGet(43)) - raft.server.rpcslowness.timeout = 120s (custom)
2019-09-24 03:09:49,223 [pool-177-thread-1] INFO  server.RaftServerConfigKeys (ConfUtils.java:logGet(43)) - raft.server.rpc.timeout.max = 5200ms (custom)
2019-09-24 03:09:49,223 [pool-157-thread-1] INFO  server.RaftServerConfigKeys (ConfUtils.java:logGet(43)) - raft.server.sleep.deviation.threshold = 300 (default)
2019-09-24 03:09:49,223 [pool-177-thread-1] INFO  server.RaftServerConfigKeys (ConfUtils.java:logGet(43)) - raft.server.rpcslowness.timeout = 120s (custom)
2019-09-24 03:09:49,223 [pool-157-thread-1] INFO  server.RaftServerConfigKeys (ConfUtils.java:logGet(43)) - raft.server.log.appender.install.snapshot.enabled = false (custom)
2019-09-24 03:09:49,223 [pool-177-thread-1] INFO  server.RaftServerConfigKeys (ConfUtils.java:logGet(43)) - raft.server.sleep.deviation.threshold = 300 (default)
2019-09-24 03:09:49,224 [pool-157-thread-1] INFO  impl.RaftServerImpl (ServerState.java:<init>(103)) - 72adeaa2-1bef-4cd1-bdeb-e0365f44c5f0@group-691697993241: ConfigurationManager, init=-1: [407a0596-b9d5-4e18-8838-1feb6dd68eb6:192.168.151.121:33348, 0977c340-09ab-40ea-a2ee-06e7b0684890:192.168.151.121:40113, 72adeaa2-1bef-4cd1-bdeb-e0365f44c5f0:192.168.151.121:46343], old=null, confs=<EMPTY_MAP>
2019-09-24 03:09:49,224 [pool-177-thread-1] INFO  server.RaftServerConfigKeys (ConfUtils.java:logGet(43)) - raft.server.log.appender.install.snapshot.enabled = false (custom)
2019-09-24 03:09:49,224 [pool-157-thread-1] INFO  server.RaftServerConfigKeys (ConfUtils.java:logGet(43)) - raft.server.storage.dir = [/workdir/hadoop-ozone/integration-test/target/test-dir/MiniOzoneClusterImpl-012d228f-acb2-41e7-bbe8-297e082f4972/datanode-4/data/ratis] (custom)
2019-09-24 03:09:49,224 [pool-177-thread-1] INFO  impl.RaftServerImpl (ServerState.java:<init>(103)) - 407a0596-b9d5-4e18-8838-1feb6dd68eb6@group-691697993241: ConfigurationManager, init=-1: [407a0596-b9d5-4e18-8838-1feb6dd68eb6:192.168.151.121:33348, 0977c340-09ab-40ea-a2ee-06e7b0684890:192.168.151.121:40113, 72adeaa2-1bef-4cd1-bdeb-e0365f44c5f0:192.168.151.121:46343], old=null, confs=<EMPTY_MAP>
2019-09-24 03:09:49,224 [pool-177-thread-1] INFO  server.RaftServerConfigKeys (ConfUtils.java:logGet(43)) - raft.server.storage.dir = [/workdir/hadoop-ozone/integration-test/target/test-dir/MiniOzoneClusterImpl-012d228f-acb2-41e7-bbe8-297e082f4972/datanode-6/data/ratis] (custom)
2019-09-24 03:09:49,224 [pool-157-thread-1] INFO  storage.RaftStorageDirectory (RaftStorageDirectory.java:analyzeStorage(246)) - The storage directory /workdir/hadoop-ozone/integration-test/target/test-dir/MiniOzoneClusterImpl-012d228f-acb2-41e7-bbe8-297e082f4972/datanode-4/data/ratis/f89e579d-6a50-47ec-aa88-691697993241 does not exist. Creating ...
2019-09-24 03:09:49,224 [pool-177-thread-1] INFO  storage.RaftStorageDirectory (RaftStorageDirectory.java:analyzeStorage(246)) - The storage directory /workdir/hadoop-ozone/integration-test/target/test-dir/MiniOzoneClusterImpl-012d228f-acb2-41e7-bbe8-297e082f4972/datanode-6/data/ratis/f89e579d-6a50-47ec-aa88-691697993241 does not exist. Creating ...
2019-09-24 03:09:49,252 [pool-147-thread-1] INFO  storage.RaftStorageDirectory (RaftStorageDirectory.java:tryLock(328)) - Lock on /workdir/hadoop-ozone/integration-test/target/test-dir/MiniOzoneClusterImpl-012d228f-acb2-41e7-bbe8-297e082f4972/datanode-3/data/ratis/f89e579d-6a50-47ec-aa88-691697993241/in_use.lock acquired by nodename 31860@pr-hdds-2162-tjkd5-3209850126
2019-09-24 03:09:49,252 [pool-177-thread-1] INFO  storage.RaftStorageDirectory (RaftStorageDirectory.java:tryLock(328)) - Lock on /workdir/hadoop-ozone/integration-test/target/test-dir/MiniOzoneClusterImpl-012d228f-acb2-41e7-bbe8-297e082f4972/datanode-6/data/ratis/f89e579d-6a50-47ec-aa88-691697993241/in_use.lock acquired by nodename 31860@pr-hdds-2162-tjkd5-3209850126
2019-09-24 03:09:49,252 [pool-157-thread-1] INFO  storage.RaftStorageDirectory (RaftStorageDirectory.java:tryLock(328)) - Lock on /workdir/hadoop-ozone/integration-test/target/test-dir/MiniOzoneClusterImpl-012d228f-acb2-41e7-bbe8-297e082f4972/datanode-4/data/ratis/f89e579d-6a50-47ec-aa88-691697993241/in_use.lock acquired by nodename 31860@pr-hdds-2162-tjkd5-3209850126
2019-09-24 03:09:49,266 [pool-157-thread-1] INFO  storage.RaftStorage (RaftStorage.java:format(72)) - Storage directory /workdir/hadoop-ozone/integration-test/target/test-dir/MiniOzoneClusterImpl-012d228f-acb2-41e7-bbe8-297e082f4972/datanode-4/data/ratis/f89e579d-6a50-47ec-aa88-691697993241 has been successfully formatted.
2019-09-24 03:09:49,266 [pool-147-thread-1] INFO  storage.RaftStorage (RaftStorage.java:format(72)) - Storage directory /workdir/hadoop-ozone/integration-test/target/test-dir/MiniOzoneClusterImpl-012d228f-acb2-41e7-bbe8-297e082f4972/datanode-3/data/ratis/f89e579d-6a50-47ec-aa88-691697993241 has been successfully formatted.
2019-09-24 03:09:49,267 [pool-157-thread-1] INFO  ratis.ContainerStateMachine (ContainerStateMachine.java:loadSnapshot(230)) - group-691697993241: The snapshot info is null. Setting the last applied indexto:(t:0, i:~)
2019-09-24 03:09:49,267 [pool-157-thread-1] INFO  server.RaftServerConfigKeys (ConfUtils.java:logGet(43)) - raft.server.notification.no-leader.timeout = 120s (custom)
2019-09-24 03:09:49,267 [pool-157-thread-1] INFO  server.RaftServerConfigKeys (ConfUtils.java:logGet(43)) - raft.server.log.use.memory = false (default)
2019-09-24 03:09:49,268 [pool-157-thread-1] INFO  server.RaftServerConfigKeys (ConfUtils.java:logGet(43)) - raft.server.log.purge.gap = 1000000 (custom)
2019-09-24 03:09:49,268 [pool-157-thread-1] INFO  server.RaftServerConfigKeys (ConfUtils.java:logGet(43)) - raft.server.log.appender.buffer.byte-limit = 33554432 (custom)
2019-09-24 03:09:49,268 [pool-157-thread-1] INFO  server.RaftServerConfigKeys (ConfUtils.java:logGet(43)) - raft.server.log.segment.size.max = 1048576 (custom)
2019-09-24 03:09:49,268 [pool-157-thread-1] INFO  server.RaftServerConfigKeys (ConfUtils.java:logGet(43)) - raft.server.log.segment.cache.num.max = 2 (custom)
2019-09-24 03:09:49,268 [pool-157-thread-1] INFO  segmented.SegmentedRaftLogWorker (SegmentedRaftLogWorker.java:<init>(172)) - new 72adeaa2-1bef-4cd1-bdeb-e0365f44c5f0@group-691697993241-SegmentedRaftLogWorker for RaftStorage:Storage Directory /workdir/hadoop-ozone/integration-test/target/test-dir/MiniOzoneClusterImpl-012d228f-acb2-41e7-bbe8-297e082f4972/datanode-4/data/ratis/f89e579d-6a50-47ec-aa88-691697993241
2019-09-24 03:09:49,268 [pool-157-thread-1] INFO  server.RaftServerConfigKeys (ConfUtils.java:logGet(43)) - raft.server.log.queue.byte-limit = 2147483647 (custom)
2019-09-24 03:09:49,269 [pool-157-thread-1] INFO  server.RaftServerConfigKeys (ConfUtils.java:logGet(43)) - raft.server.log.queue.element-limit = 1024 (custom)
2019-09-24 03:09:49,269 [pool-157-thread-1] INFO  server.RaftServerConfigKeys (ConfUtils.java:logGet(43)) - raft.server.log.segment.size.max = 1048576 (custom)
2019-09-24 03:09:49,269 [pool-157-thread-1] INFO  server.RaftServerConfigKeys (ConfUtils.java:logGet(43)) - raft.server.log.preallocated.size = 16384 (custom)
2019-09-24 03:09:49,269 [pool-157-thread-1] INFO  server.RaftServerConfigKeys (ConfUtils.java:logGet(43)) - raft.server.log.write.buffer.size = 33554432 (custom)
2019-09-24 03:09:49,269 [pool-157-thread-1] INFO  server.RaftServerConfigKeys (ConfUtils.java:logGet(43)) - raft.server.log.force.sync.num = 128 (default)
2019-09-24 03:09:49,267 [pool-147-thread-1] INFO  ratis.ContainerStateMachine (ContainerStateMachine.java:loadSnapshot(230)) - group-691697993241: The snapshot info is null. Setting the last applied indexto:(t:0, i:~)
2019-09-24 03:09:49,269 [pool-157-thread-1] INFO  server.RaftServerConfigKeys (ConfUtils.java:logGet(43)) - raft.server.log.statemachine.data.sync = true (default)
2019-09-24 03:09:49,267 [pool-177-thread-1] INFO  storage.RaftStorage (RaftStorage.java:format(72)) - Storage directory /workdir/hadoop-ozone/integration-test/target/test-dir/MiniOzoneClusterImpl-012d228f-acb2-41e7-bbe8-297e082f4972/datanode-6/data/ratis/f89e579d-6a50-47ec-aa88-691697993241 has been successfully formatted.
2019-09-24 03:09:49,270 [pool-157-thread-1] INFO  server.RaftServerConfigKeys (ConfUtils.java:logGet(43)) - raft.server.log.statemachine.data.sync.timeout = 10s (default)
2019-09-24 03:09:49,270 [pool-177-thread-1] INFO  ratis.ContainerStateMachine (ContainerStateMachine.java:loadSnapshot(230)) - group-691697993241: The snapshot info is null. Setting the last applied indexto:(t:0, i:~)
2019-09-24 03:09:49,270 [pool-177-thread-1] INFO  server.RaftServerConfigKeys (ConfUtils.java:logGet(43)) - raft.server.notification.no-leader.timeout = 120s (custom)
2019-09-24 03:09:49,271 [pool-177-thread-1] INFO  server.RaftServerConfigKeys (ConfUtils.java:logGet(43)) - raft.server.log.use.memory = false (default)
2019-09-24 03:09:49,271 [pool-177-thread-1] INFO  server.RaftServerConfigKeys (ConfUtils.java:logGet(43)) - raft.server.log.purge.gap = 1000000 (custom)
2019-09-24 03:09:49,271 [pool-177-thread-1] INFO  server.RaftServerConfigKeys (ConfUtils.java:logGet(43)) - raft.server.log.appender.buffer.byte-limit = 33554432 (custom)
2019-09-24 03:09:49,271 [pool-177-thread-1] INFO  server.RaftServerConfigKeys (ConfUtils.java:logGet(43)) - raft.server.log.segment.size.max = 1048576 (custom)
2019-09-24 03:09:49,271 [pool-177-thread-1] INFO  server.RaftServerConfigKeys (ConfUtils.java:logGet(43)) - raft.server.log.segment.cache.num.max = 2 (custom)
2019-09-24 03:09:49,272 [pool-177-thread-1] INFO  segmented.SegmentedRaftLogWorker (SegmentedRaftLogWorker.java:<init>(172)) - new 407a0596-b9d5-4e18-8838-1feb6dd68eb6@group-691697993241-SegmentedRaftLogWorker for RaftStorage:Storage Directory /workdir/hadoop-ozone/integration-test/target/test-dir/MiniOzoneClusterImpl-012d228f-acb2-41e7-bbe8-297e082f4972/datanode-6/data/ratis/f89e579d-6a50-47ec-aa88-691697993241
2019-09-24 03:09:49,272 [pool-177-thread-1] INFO  server.RaftServerConfigKeys (ConfUtils.java:logGet(43)) - raft.server.log.queue.byte-limit = 2147483647 (custom)
2019-09-24 03:09:49,272 [pool-177-thread-1] INFO  server.RaftServerConfigKeys (ConfUtils.java:logGet(43)) - raft.server.log.queue.element-limit = 1024 (custom)
2019-09-24 03:09:49,270 [pool-147-thread-1] INFO  server.RaftServerConfigKeys (ConfUtils.java:logGet(43)) - raft.server.notification.no-leader.timeout = 120s (custom)
2019-09-24 03:09:49,272 [pool-177-thread-1] INFO  server.RaftServerConfigKeys (ConfUtils.java:logGet(43)) - raft.server.log.segment.size.max = 1048576 (custom)
2019-09-24 03:09:49,270 [pool-157-thread-1] INFO  server.RaftServerConfigKeys (ConfUtils.java:logGet(43)) - raft.server.log.statemachine.data.sync.timeout.retry = -1 (default)
2019-09-24 03:09:49,273 [pool-177-thread-1] INFO  server.RaftServerConfigKeys (ConfUtils.java:logGet(43)) - raft.server.log.preallocated.size = 16384 (custom)
2019-09-24 03:09:49,272 [pool-147-thread-1] INFO  server.RaftServerConfigKeys (ConfUtils.java:logGet(43)) - raft.server.log.use.memory = false (default)
2019-09-24 03:09:49,273 [pool-177-thread-1] INFO  server.RaftServerConfigKeys (ConfUtils.java:logGet(43)) - raft.server.log.write.buffer.size = 33554432 (custom)
2019-09-24 03:09:49,273 [pool-157-thread-1] INFO  server.RaftServerConfigKeys (ConfUtils.java:logGet(43)) - raft.server.log.statemachine.data.caching.enabled = true (custom)
2019-09-24 03:09:49,273 [pool-177-thread-1] INFO  server.RaftServerConfigKeys (ConfUtils.java:logGet(43)) - raft.server.log.force.sync.num = 128 (default)
2019-09-24 03:09:49,273 [pool-147-thread-1] INFO  server.RaftServerConfigKeys (ConfUtils.java:logGet(43)) - raft.server.log.purge.gap = 1000000 (custom)
2019-09-24 03:09:49,273 [pool-157-thread-1] INFO  segmented.SegmentedRaftLogWorker (SegmentedRaftLogWorker.java:lambda$new$0(132)) - 72adeaa2-1bef-4cd1-bdeb-e0365f44c5f0@group-691697993241-SegmentedRaftLogWorker: flushIndex: setUnconditionally 0 -> -1
2019-09-24 03:09:49,273 [pool-177-thread-1] INFO  server.RaftServerConfigKeys (ConfUtils.java:logGet(43)) - raft.server.log.statemachine.data.sync = true (default)
2019-09-24 03:09:49,274 [pool-147-thread-1] INFO  server.RaftServerConfigKeys (ConfUtils.java:logGet(43)) - raft.server.log.appender.buffer.byte-limit = 33554432 (custom)
2019-09-24 03:09:49,274 [pool-157-thread-1] INFO  server.RaftServerConfigKeys (ConfUtils.java:logGet(43)) - raft.server.snapshot.auto.trigger.enabled = true (custom)
2019-09-24 03:09:49,274 [pool-177-thread-1] INFO  server.RaftServerConfigKeys (ConfUtils.java:logGet(43)) - raft.server.log.statemachine.data.sync.timeout = 10s (default)
2019-09-24 03:09:49,274 [pool-157-thread-1] INFO  server.RaftServerConfigKeys (ConfUtils.java:logGet(43)) - raft.server.snapshot.auto.trigger.threshold = 10000 (custom)
2019-09-24 03:09:49,274 [pool-147-thread-1] INFO  server.RaftServerConfigKeys (ConfUtils.java:logGet(43)) - raft.server.log.segment.size.max = 1048576 (custom)
2019-09-24 03:09:49,274 [pool-157-thread-1] INFO  server.RaftServerConfigKeys (ConfUtils.java:logGet(43)) - raft.server.snapshot.retention.num.files = 5 (custom)
2019-09-24 03:09:49,274 [pool-177-thread-1] INFO  server.RaftServerConfigKeys (ConfUtils.java:logGet(43)) - raft.server.log.statemachine.data.sync.timeout.retry = -1 (default)
2019-09-24 03:09:49,275 [pool-157-thread-1] INFO  server.RaftServerConfigKeys (ConfUtils.java:logGet(43)) - raft.server.retrycache.expirytime = 600000ms (custom)
2019-09-24 03:09:49,274 [pool-147-thread-1] INFO  server.RaftServerConfigKeys (ConfUtils.java:logGet(43)) - raft.server.log.segment.cache.num.max = 2 (custom)
2019-09-24 03:09:49,275 [pool-177-thread-1] INFO  server.RaftServerConfigKeys (ConfUtils.java:logGet(43)) - raft.server.log.statemachine.data.caching.enabled = true (custom)
2019-09-24 03:09:49,275 [pool-147-thread-1] INFO  segmented.SegmentedRaftLogWorker (SegmentedRaftLogWorker.java:<init>(172)) - new 0977c340-09ab-40ea-a2ee-06e7b0684890@group-691697993241-SegmentedRaftLogWorker for RaftStorage:Storage Directory /workdir/hadoop-ozone/integration-test/target/test-dir/MiniOzoneClusterImpl-012d228f-acb2-41e7-bbe8-297e082f4972/datanode-3/data/ratis/f89e579d-6a50-47ec-aa88-691697993241
2019-09-24 03:09:49,275 [pool-147-thread-1] INFO  server.RaftServerConfigKeys (ConfUtils.java:logGet(43)) - raft.server.log.queue.byte-limit = 2147483647 (custom)
2019-09-24 03:09:49,275 [pool-177-thread-1] INFO  segmented.SegmentedRaftLogWorker (SegmentedRaftLogWorker.java:lambda$new$0(132)) - 407a0596-b9d5-4e18-8838-1feb6dd68eb6@group-691697993241-SegmentedRaftLogWorker: flushIndex: setUnconditionally 0 -> -1
2019-09-24 03:09:49,275 [pool-147-thread-1] INFO  server.RaftServerConfigKeys (ConfUtils.java:logGet(43)) - raft.server.log.queue.element-limit = 1024 (custom)
2019-09-24 03:09:49,276 [pool-177-thread-1] INFO  server.RaftServerConfigKeys (ConfUtils.java:logGet(43)) - raft.server.snapshot.auto.trigger.enabled = true (custom)
2019-09-24 03:09:49,276 [pool-147-thread-1] INFO  server.RaftServerConfigKeys (ConfUtils.java:logGet(43)) - raft.server.log.segment.size.max = 1048576 (custom)
2019-09-24 03:09:49,276 [pool-177-thread-1] INFO  server.RaftServerConfigKeys (ConfUtils.java:logGet(43)) - raft.server.snapshot.auto.trigger.threshold = 10000 (custom)
2019-09-24 03:09:49,276 [pool-147-thread-1] INFO  server.RaftServerConfigKeys (ConfUtils.java:logGet(43)) - raft.server.log.preallocated.size = 16384 (custom)
2019-09-24 03:09:49,276 [pool-177-thread-1] INFO  server.RaftServerConfigKeys (ConfUtils.java:logGet(43)) - raft.server.snapshot.retention.num.files = 5 (custom)
2019-09-24 03:09:49,276 [pool-147-thread-1] INFO  server.RaftServerConfigKeys (ConfUtils.java:logGet(43)) - raft.server.log.write.buffer.size = 33554432 (custom)
2019-09-24 03:09:49,276 [pool-177-thread-1] INFO  server.RaftServerConfigKeys (ConfUtils.java:logGet(43)) - raft.server.retrycache.expirytime = 600000ms (custom)
2019-09-24 03:09:49,276 [pool-147-thread-1] INFO  server.RaftServerConfigKeys (ConfUtils.java:logGet(43)) - raft.server.log.force.sync.num = 128 (default)
2019-09-24 03:09:49,277 [pool-147-thread-1] INFO  server.RaftServerConfigKeys (ConfUtils.java:logGet(43)) - raft.server.log.statemachine.data.sync = true (default)
2019-09-24 03:09:49,277 [pool-147-thread-1] INFO  server.RaftServerConfigKeys (ConfUtils.java:logGet(43)) - raft.server.log.statemachine.data.sync.timeout = 10s (default)
2019-09-24 03:09:49,277 [pool-147-thread-1] INFO  server.RaftServerConfigKeys (ConfUtils.java:logGet(43)) - raft.server.log.statemachine.data.sync.timeout.retry = -1 (default)
2019-09-24 03:09:49,277 [pool-147-thread-1] INFO  server.RaftServerConfigKeys (ConfUtils.java:logGet(43)) - raft.server.log.statemachine.data.caching.enabled = true (custom)
2019-09-24 03:09:49,278 [pool-147-thread-1] INFO  segmented.SegmentedRaftLogWorker (SegmentedRaftLogWorker.java:lambda$new$0(132)) - 0977c340-09ab-40ea-a2ee-06e7b0684890@group-691697993241-SegmentedRaftLogWorker: flushIndex: setUnconditionally 0 -> -1
2019-09-24 03:09:49,278 [pool-147-thread-1] INFO  server.RaftServerConfigKeys (ConfUtils.java:logGet(43)) - raft.server.snapshot.auto.trigger.enabled = true (custom)
2019-09-24 03:09:49,278 [pool-147-thread-1] INFO  server.RaftServerConfigKeys (ConfUtils.java:logGet(43)) - raft.server.snapshot.auto.trigger.threshold = 10000 (custom)
2019-09-24 03:09:49,278 [pool-147-thread-1] INFO  server.RaftServerConfigKeys (ConfUtils.java:logGet(43)) - raft.server.snapshot.retention.num.files = 5 (custom)
2019-09-24 03:09:49,278 [pool-147-thread-1] INFO  server.RaftServerConfigKeys (ConfUtils.java:logGet(43)) - raft.server.retrycache.expirytime = 600000ms (custom)
2019-09-24 03:09:49,278 [pool-157-thread-1] INFO  impl.RaftServerImpl (RaftServerImpl.java:start(185)) - 72adeaa2-1bef-4cd1-bdeb-e0365f44c5f0@group-691697993241: start as a follower, conf=-1: [407a0596-b9d5-4e18-8838-1feb6dd68eb6:192.168.151.121:33348, 0977c340-09ab-40ea-a2ee-06e7b0684890:192.168.151.121:40113, 72adeaa2-1bef-4cd1-bdeb-e0365f44c5f0:192.168.151.121:46343], old=null
2019-09-24 03:09:49,279 [pool-157-thread-1] INFO  impl.RaftServerImpl (RaftServerImpl.java:setRole(174)) - 72adeaa2-1bef-4cd1-bdeb-e0365f44c5f0@group-691697993241: changes role from      null to FOLLOWER at term 0 for startAsFollower
2019-09-24 03:09:49,279 [pool-157-thread-1] INFO  impl.RoleInfo (RoleInfo.java:updateAndGet(143)) - 72adeaa2-1bef-4cd1-bdeb-e0365f44c5f0: start FollowerState
2019-09-24 03:09:49,279 [pool-177-thread-1] INFO  impl.RaftServerImpl (RaftServerImpl.java:start(185)) - 407a0596-b9d5-4e18-8838-1feb6dd68eb6@group-691697993241: start as a follower, conf=-1: [407a0596-b9d5-4e18-8838-1feb6dd68eb6:192.168.151.121:33348, 0977c340-09ab-40ea-a2ee-06e7b0684890:192.168.151.121:40113, 72adeaa2-1bef-4cd1-bdeb-e0365f44c5f0:192.168.151.121:46343], old=null
2019-09-24 03:09:49,279 [pool-177-thread-1] INFO  impl.RaftServerImpl (RaftServerImpl.java:setRole(174)) - 407a0596-b9d5-4e18-8838-1feb6dd68eb6@group-691697993241: changes role from      null to FOLLOWER at term 0 for startAsFollower
2019-09-24 03:09:49,279 [pool-157-thread-1] INFO  util.JmxRegister (JmxRegister.java:tryRegister(44)) - Successfully registered JMX Bean with object name Ratis:service=RaftServer,group=group-691697993241,id=72adeaa2-1bef-4cd1-bdeb-e0365f44c5f0
2019-09-24 03:09:49,279 [pool-177-thread-1] INFO  impl.RoleInfo (RoleInfo.java:updateAndGet(143)) - 407a0596-b9d5-4e18-8838-1feb6dd68eb6: start FollowerState
2019-09-24 03:09:49,280 [pool-177-thread-1] INFO  util.JmxRegister (JmxRegister.java:tryRegister(44)) - Successfully registered JMX Bean with object name Ratis:service=RaftServer,group=group-691697993241,id=407a0596-b9d5-4e18-8838-1feb6dd68eb6
2019-09-24 03:09:49,284 [pool-147-thread-1] INFO  impl.RaftServerImpl (RaftServerImpl.java:start(185)) - 0977c340-09ab-40ea-a2ee-06e7b0684890@group-691697993241: start as a follower, conf=-1: [407a0596-b9d5-4e18-8838-1feb6dd68eb6:192.168.151.121:33348, 0977c340-09ab-40ea-a2ee-06e7b0684890:192.168.151.121:40113, 72adeaa2-1bef-4cd1-bdeb-e0365f44c5f0:192.168.151.121:46343], old=null
2019-09-24 03:09:49,286 [pool-147-thread-1] INFO  impl.RaftServerImpl (RaftServerImpl.java:setRole(174)) - 0977c340-09ab-40ea-a2ee-06e7b0684890@group-691697993241: changes role from      null to FOLLOWER at term 0 for startAsFollower
2019-09-24 03:09:49,286 [pool-147-thread-1] INFO  impl.RoleInfo (RoleInfo.java:updateAndGet(143)) - 0977c340-09ab-40ea-a2ee-06e7b0684890: start FollowerState
2019-09-24 03:09:49,286 [pool-147-thread-1] INFO  util.JmxRegister (JmxRegister.java:tryRegister(44)) - Successfully registered JMX Bean with object name Ratis:service=RaftServer,group=group-691697993241,id=0977c340-09ab-40ea-a2ee-06e7b0684890
2019-09-24 03:09:49,290 [RatisPipelineUtilsThread] INFO  pipeline.PipelineStateManager (PipelineStateManager.java:addPipeline(56)) - Created pipeline Pipeline[ Id: f89e579d-6a50-47ec-aa88-691697993241, Nodes: 407a0596-b9d5-4e18-8838-1feb6dd68eb6{ip: 192.168.151.121, host: pr-hdds-2162-tjkd5-3209850126, networkLocation: /default-rack, certSerialId: null}0977c340-09ab-40ea-a2ee-06e7b0684890{ip: 192.168.151.121, host: pr-hdds-2162-tjkd5-3209850126, networkLocation: /default-rack, certSerialId: null}72adeaa2-1bef-4cd1-bdeb-e0365f44c5f0{ip: 192.168.151.121, host: pr-hdds-2162-tjkd5-3209850126, networkLocation: /default-rack, certSerialId: null}, Type:RATIS, Factor:THREE, State:OPEN]
2019-09-24 03:09:49,759 [main] INFO  ipc.Client (Client.java:handleConnectionFailure(948)) - Retrying connect to server: localhost/127.0.0.1:0. Already tried 1 time(s); retry policy is RetryUpToMaximumCountWithFixedSleep(maxRetries=10, sleepTime=1000 MILLISECONDS)
2019-09-24 03:09:50,236 [Thread-781] INFO  container.ReplicationManager (ReplicationManager.java:start(162)) - Starting Replication Monitor Thread.
2019-09-24 03:09:50,241 [ReplicationMonitor] INFO  container.ReplicationManager (ReplicationManager.java:run(225)) - Replication Monitor Thread took 0 milliseconds for processing 0 containers.
2019-09-24 03:09:50,761 [main] INFO  ipc.Client (Client.java:handleConnectionFailure(948)) - Retrying connect to server: localhost/127.0.0.1:0. Already tried 2 time(s); retry policy is RetryUpToMaximumCountWithFixedSleep(maxRetries=10, sleepTime=1000 MILLISECONDS)
2019-09-24 03:09:51,762 [main] INFO  ipc.Client (Client.java:handleConnectionFailure(948)) - Retrying connect to server: localhost/127.0.0.1:0. Already tried 3 time(s); retry policy is RetryUpToMaximumCountWithFixedSleep(maxRetries=10, sleepTime=1000 MILLISECONDS)
2019-09-24 03:09:52,763 [main] INFO  ipc.Client (Client.java:handleConnectionFailure(948)) - Retrying connect to server: localhost/127.0.0.1:0. Already tried 4 time(s); retry policy is RetryUpToMaximumCountWithFixedSleep(maxRetries=10, sleepTime=1000 MILLISECONDS)
2019-09-24 03:09:53,765 [main] INFO  ipc.Client (Client.java:handleConnectionFailure(948)) - Retrying connect to server: localhost/127.0.0.1:0. Already tried 5 time(s); retry policy is RetryUpToMaximumCountWithFixedSleep(maxRetries=10, sleepTime=1000 MILLISECONDS)
2019-09-24 03:09:53,777 [Thread-787] INFO  impl.FollowerState (FollowerState.java:run(106)) - 44a4ffbc-4d91-4095-a9c3-b922f00b00e4:group-9354A4E0DB93 changes to CANDIDATE, lastRpcTime:5032, electionTimeout:5032ms
2019-09-24 03:09:53,777 [Thread-787] INFO  impl.RoleInfo (RoleInfo.java:shutdownFollowerState(121)) - 44a4ffbc-4d91-4095-a9c3-b922f00b00e4: shutdown FollowerState
2019-09-24 03:09:53,777 [Thread-787] INFO  impl.RaftServerImpl (RaftServerImpl.java:setRole(174)) - 44a4ffbc-4d91-4095-a9c3-b922f00b00e4@group-9354A4E0DB93: changes role from  FOLLOWER to CANDIDATE at term 0 for changeToCandidate
2019-09-24 03:09:53,777 [Thread-787] INFO  impl.RoleInfo (RoleInfo.java:updateAndGet(143)) - 44a4ffbc-4d91-4095-a9c3-b922f00b00e4: start LeaderElection
2019-09-24 03:09:53,806 [Thread-784] INFO  impl.FollowerState (FollowerState.java:run(106)) - 5406889e-ec62-4049-b262-f5316a5dbf0d:group-E8718F9B793B changes to CANDIDATE, lastRpcTime:5144, electionTimeout:5144ms
2019-09-24 03:09:53,806 [Thread-784] INFO  impl.RoleInfo (RoleInfo.java:shutdownFollowerState(121)) - 5406889e-ec62-4049-b262-f5316a5dbf0d: shutdown FollowerState
2019-09-24 03:09:53,806 [Thread-784] INFO  impl.RaftServerImpl (RaftServerImpl.java:setRole(174)) - 5406889e-ec62-4049-b262-f5316a5dbf0d@group-E8718F9B793B: changes role from  FOLLOWER to CANDIDATE at term 0 for changeToCandidate
2019-09-24 03:09:53,806 [Thread-784] INFO  impl.RoleInfo (RoleInfo.java:updateAndGet(143)) - 5406889e-ec62-4049-b262-f5316a5dbf0d: start LeaderElection
2019-09-24 03:09:53,854 [44a4ffbc-4d91-4095-a9c3-b922f00b00e4@group-9354A4E0DB93:LeaderElection18] INFO  impl.LeaderElection (LeaderElection.java:askForVotes(182)) - 44a4ffbc-4d91-4095-a9c3-b922f00b00e4@group-9354A4E0DB93:LeaderElection18: begin an election at term 1 for -1: [44a4ffbc-4d91-4095-a9c3-b922f00b00e4:192.168.151.121:38893], old=null
2019-09-24 03:09:53,855 [44a4ffbc-4d91-4095-a9c3-b922f00b00e4@group-9354A4E0DB93:LeaderElection18] INFO  impl.RoleInfo (RoleInfo.java:shutdownLeaderElection(134)) - 44a4ffbc-4d91-4095-a9c3-b922f00b00e4: shutdown LeaderElection
2019-09-24 03:09:53,855 [44a4ffbc-4d91-4095-a9c3-b922f00b00e4@group-9354A4E0DB93:LeaderElection18] INFO  impl.RaftServerImpl (RaftServerImpl.java:setRole(174)) - 44a4ffbc-4d91-4095-a9c3-b922f00b00e4@group-9354A4E0DB93: changes role from CANDIDATE to LEADER at term 1 for changeToLeader
2019-09-24 03:09:53,855 [44a4ffbc-4d91-4095-a9c3-b922f00b00e4@group-9354A4E0DB93:LeaderElection18] INFO  impl.RaftServerImpl (ServerState.java:setLeader(253)) - 44a4ffbc-4d91-4095-a9c3-b922f00b00e4@group-9354A4E0DB93: change Leader from null to 44a4ffbc-4d91-4095-a9c3-b922f00b00e4 at term 1 for becomeLeader, leader elected after 5118ms
2019-09-24 03:09:53,859 [44a4ffbc-4d91-4095-a9c3-b922f00b00e4@group-9354A4E0DB93:LeaderElection18] INFO  server.RaftServerConfigKeys (ConfUtils.java:logGet(43)) - raft.server.staging.catchup.gap = 1000 (default)
2019-09-24 03:09:53,859 [44a4ffbc-4d91-4095-a9c3-b922f00b00e4@group-9354A4E0DB93:LeaderElection18] INFO  server.RaftServerConfigKeys (ConfUtils.java:logGet(43)) - raft.server.rpc.sleep.time = 25ms (default)
2019-09-24 03:09:53,859 [44a4ffbc-4d91-4095-a9c3-b922f00b00e4@group-9354A4E0DB93:LeaderElection18] INFO  server.RaftServerConfigKeys (ConfUtils.java:logGet(43)) - raft.server.write.element-limit = 4096 (default)
2019-09-24 03:09:53,859 [44a4ffbc-4d91-4095-a9c3-b922f00b00e4@group-9354A4E0DB93:LeaderElection18] INFO  server.RaftServerConfigKeys (ConfUtils.java:logGet(43)) - raft.server.watch.timeout = 10s (default)
2019-09-24 03:09:53,859 [44a4ffbc-4d91-4095-a9c3-b922f00b00e4@group-9354A4E0DB93:LeaderElection18] INFO  server.RaftServerConfigKeys (ConfUtils.java:logGet(43)) - raft.server.watch.timeout.denomination = 1s (default)
2019-09-24 03:09:53,859 [44a4ffbc-4d91-4095-a9c3-b922f00b00e4@group-9354A4E0DB93:LeaderElection18] INFO  server.RaftServerConfigKeys (ConfUtils.java:logGet(43)) - raft.server.watch.element-limit = 65536 (default)
2019-09-24 03:09:53,862 [44a4ffbc-4d91-4095-a9c3-b922f00b00e4@group-9354A4E0DB93:LeaderElection18] INFO  impl.RoleInfo (RoleInfo.java:updateAndGet(143)) - 44a4ffbc-4d91-4095-a9c3-b922f00b00e4: start LeaderState
2019-09-24 03:09:53,863 [44a4ffbc-4d91-4095-a9c3-b922f00b00e4@group-9354A4E0DB93:LeaderElection18] INFO  segmented.SegmentedRaftLogWorker (SegmentedRaftLogWorker.java:startLogSegment(380)) - 44a4ffbc-4d91-4095-a9c3-b922f00b00e4@group-9354A4E0DB93-SegmentedRaftLogWorker: Starting segment from index:0
2019-09-24 03:09:53,863 [44a4ffbc-4d91-4095-a9c3-b922f00b00e4@group-9354A4E0DB93:LeaderElection18] INFO  impl.RaftServerImpl (ServerState.java:setRaftConf(354)) - 44a4ffbc-4d91-4095-a9c3-b922f00b00e4@group-9354A4E0DB93: set configuration 0: [44a4ffbc-4d91-4095-a9c3-b922f00b00e4:192.168.151.121:38893], old=null at 0
2019-09-24 03:09:53,903 [5406889e-ec62-4049-b262-f5316a5dbf0d@group-E8718F9B793B:LeaderElection19] INFO  impl.LeaderElection (LeaderElection.java:askForVotes(182)) - 5406889e-ec62-4049-b262-f5316a5dbf0d@group-E8718F9B793B:LeaderElection19: begin an election at term 1 for -1: [5406889e-ec62-4049-b262-f5316a5dbf0d:192.168.151.121:45241], old=null
2019-09-24 03:09:53,903 [5406889e-ec62-4049-b262-f5316a5dbf0d@group-E8718F9B793B:LeaderElection19] INFO  impl.RoleInfo (RoleInfo.java:shutdownLeaderElection(134)) - 5406889e-ec62-4049-b262-f5316a5dbf0d: shutdown LeaderElection
2019-09-24 03:09:53,903 [5406889e-ec62-4049-b262-f5316a5dbf0d@group-E8718F9B793B:LeaderElection19] INFO  impl.RaftServerImpl (RaftServerImpl.java:setRole(174)) - 5406889e-ec62-4049-b262-f5316a5dbf0d@group-E8718F9B793B: changes role from CANDIDATE to LEADER at term 1 for changeToLeader
2019-09-24 03:09:53,903 [5406889e-ec62-4049-b262-f5316a5dbf0d@group-E8718F9B793B:LeaderElection19] INFO  impl.RaftServerImpl (ServerState.java:setLeader(253)) - 5406889e-ec62-4049-b262-f5316a5dbf0d@group-E8718F9B793B: change Leader from null to 5406889e-ec62-4049-b262-f5316a5dbf0d at term 1 for becomeLeader, leader elected after 5254ms
2019-09-24 03:09:53,906 [5406889e-ec62-4049-b262-f5316a5dbf0d@group-E8718F9B793B:LeaderElection19] INFO  server.RaftServerConfigKeys (ConfUtils.java:logGet(43)) - raft.server.staging.catchup.gap = 1000 (default)
2019-09-24 03:09:53,906 [5406889e-ec62-4049-b262-f5316a5dbf0d@group-E8718F9B793B:LeaderElection19] INFO  server.RaftServerConfigKeys (ConfUtils.java:logGet(43)) - raft.server.rpc.sleep.time = 25ms (default)
2019-09-24 03:09:53,907 [5406889e-ec62-4049-b262-f5316a5dbf0d@group-E8718F9B793B:LeaderElection19] INFO  server.RaftServerConfigKeys (ConfUtils.java:logGet(43)) - raft.server.write.element-limit = 4096 (default)
2019-09-24 03:09:53,907 [5406889e-ec62-4049-b262-f5316a5dbf0d@group-E8718F9B793B:LeaderElection19] INFO  server.RaftServerConfigKeys (ConfUtils.java:logGet(43)) - raft.server.watch.timeout = 10s (default)
2019-09-24 03:09:53,907 [5406889e-ec62-4049-b262-f5316a5dbf0d@group-E8718F9B793B:LeaderElection19] INFO  server.RaftServerConfigKeys (ConfUtils.java:logGet(43)) - raft.server.watch.timeout.denomination = 1s (default)
2019-09-24 03:09:53,907 [5406889e-ec62-4049-b262-f5316a5dbf0d@group-E8718F9B793B:LeaderElection19] INFO  server.RaftServerConfigKeys (ConfUtils.java:logGet(43)) - raft.server.watch.element-limit = 65536 (default)
2019-09-24 03:09:53,910 [5406889e-ec62-4049-b262-f5316a5dbf0d@group-E8718F9B793B:LeaderElection19] INFO  impl.RoleInfo (RoleInfo.java:updateAndGet(143)) - 5406889e-ec62-4049-b262-f5316a5dbf0d: start LeaderState
2019-09-24 03:09:53,910 [5406889e-ec62-4049-b262-f5316a5dbf0d@group-E8718F9B793B:LeaderElection19] INFO  segmented.SegmentedRaftLogWorker (SegmentedRaftLogWorker.java:startLogSegment(380)) - 5406889e-ec62-4049-b262-f5316a5dbf0d@group-E8718F9B793B-SegmentedRaftLogWorker: Starting segment from index:0
2019-09-24 03:09:53,911 [5406889e-ec62-4049-b262-f5316a5dbf0d@group-E8718F9B793B:LeaderElection19] INFO  impl.RaftServerImpl (ServerState.java:setRaftConf(354)) - 5406889e-ec62-4049-b262-f5316a5dbf0d@group-E8718F9B793B: set configuration 0: [5406889e-ec62-4049-b262-f5316a5dbf0d:192.168.151.121:45241], old=null at 0
2019-09-24 03:09:53,943 [Thread-793] INFO  impl.FollowerState (FollowerState.java:run(106)) - 407a0596-b9d5-4e18-8838-1feb6dd68eb6:group-89462EAE0168 changes to CANDIDATE, lastRpcTime:5020, electionTimeout:5000ms
2019-09-24 03:09:53,943 [44a4ffbc-4d91-4095-a9c3-b922f00b00e4@group-9354A4E0DB93-SegmentedRaftLogWorker] INFO  segmented.SegmentedRaftLogWorker (SegmentedRaftLogWorker.java:execute(569)) - 44a4ffbc-4d91-4095-a9c3-b922f00b00e4@group-9354A4E0DB93-SegmentedRaftLogWorker: created new log segment /workdir/hadoop-ozone/integration-test/target/test-dir/MiniOzoneClusterImpl-012d228f-acb2-41e7-bbe8-297e082f4972/datanode-1/data/ratis/27db3ce6-c08a-4b26-b5c7-9354a4e0db93/current/log_inprogress_0
2019-09-24 03:09:53,943 [Thread-793] INFO  impl.RoleInfo (RoleInfo.java:shutdownFollowerState(121)) - 407a0596-b9d5-4e18-8838-1feb6dd68eb6: shutdown FollowerState
2019-09-24 03:09:53,943 [Thread-793] INFO  impl.RaftServerImpl (RaftServerImpl.java:setRole(174)) - 407a0596-b9d5-4e18-8838-1feb6dd68eb6@group-89462EAE0168: changes role from  FOLLOWER to CANDIDATE at term 0 for changeToCandidate
2019-09-24 03:09:53,943 [Thread-793] INFO  impl.RoleInfo (RoleInfo.java:updateAndGet(143)) - 407a0596-b9d5-4e18-8838-1feb6dd68eb6: start LeaderElection
2019-09-24 03:09:53,956 [5406889e-ec62-4049-b262-f5316a5dbf0d@group-E8718F9B793B-SegmentedRaftLogWorker] INFO  segmented.SegmentedRaftLogWorker (SegmentedRaftLogWorker.java:execute(569)) - 5406889e-ec62-4049-b262-f5316a5dbf0d@group-E8718F9B793B-SegmentedRaftLogWorker: created new log segment /workdir/hadoop-ozone/integration-test/target/test-dir/MiniOzoneClusterImpl-012d228f-acb2-41e7-bbe8-297e082f4972/datanode-0/data/ratis/489ed417-e4f7-4429-8ba7-e8718f9b793b/current/log_inprogress_0
2019-09-24 03:09:53,956 [407a0596-b9d5-4e18-8838-1feb6dd68eb6@group-89462EAE0168:LeaderElection20] INFO  impl.LeaderElection (LeaderElection.java:askForVotes(182)) - 407a0596-b9d5-4e18-8838-1feb6dd68eb6@group-89462EAE0168:LeaderElection20: begin an election at term 1 for -1: [407a0596-b9d5-4e18-8838-1feb6dd68eb6:192.168.151.121:33348], old=null
2019-09-24 03:09:53,957 [407a0596-b9d5-4e18-8838-1feb6dd68eb6@group-89462EAE0168:LeaderElection20] INFO  impl.RoleInfo (RoleInfo.java:shutdownLeaderElection(134)) - 407a0596-b9d5-4e18-8838-1feb6dd68eb6: shutdown LeaderElection
2019-09-24 03:09:53,957 [407a0596-b9d5-4e18-8838-1feb6dd68eb6@group-89462EAE0168:LeaderElection20] INFO  impl.RaftServerImpl (RaftServerImpl.java:setRole(174)) - 407a0596-b9d5-4e18-8838-1feb6dd68eb6@group-89462EAE0168: changes role from CANDIDATE to LEADER at term 1 for changeToLeader
2019-09-24 03:09:53,957 [407a0596-b9d5-4e18-8838-1feb6dd68eb6@group-89462EAE0168:LeaderElection20] INFO  impl.RaftServerImpl (ServerState.java:setLeader(253)) - 407a0596-b9d5-4e18-8838-1feb6dd68eb6@group-89462EAE0168: change Leader from null to 407a0596-b9d5-4e18-8838-1feb6dd68eb6 at term 1 for becomeLeader, leader elected after 5043ms
2019-09-24 03:09:53,959 [407a0596-b9d5-4e18-8838-1feb6dd68eb6@group-89462EAE0168:LeaderElection20] INFO  server.RaftServerConfigKeys (ConfUtils.java:logGet(43)) - raft.server.staging.catchup.gap = 1000 (default)
2019-09-24 03:09:53,959 [407a0596-b9d5-4e18-8838-1feb6dd68eb6@group-89462EAE0168:LeaderElection20] INFO  server.RaftServerConfigKeys (ConfUtils.java:logGet(43)) - raft.server.rpc.sleep.time = 25ms (default)
2019-09-24 03:09:53,960 [407a0596-b9d5-4e18-8838-1feb6dd68eb6@group-89462EAE0168:LeaderElection20] INFO  server.RaftServerConfigKeys (ConfUtils.java:logGet(43)) - raft.server.write.element-limit = 4096 (default)
2019-09-24 03:09:53,960 [407a0596-b9d5-4e18-8838-1feb6dd68eb6@group-89462EAE0168:LeaderElection20] INFO  server.RaftServerConfigKeys (ConfUtils.java:logGet(43)) - raft.server.watch.timeout = 10s (default)
2019-09-24 03:09:53,960 [407a0596-b9d5-4e18-8838-1feb6dd68eb6@group-89462EAE0168:LeaderElection20] INFO  server.RaftServerConfigKeys (ConfUtils.java:logGet(43)) - raft.server.watch.timeout.denomination = 1s (default)
2019-09-24 03:09:53,960 [407a0596-b9d5-4e18-8838-1feb6dd68eb6@group-89462EAE0168:LeaderElection20] INFO  server.RaftServerConfigKeys (ConfUtils.java:logGet(43)) - raft.server.watch.element-limit = 65536 (default)
2019-09-24 03:09:53,964 [407a0596-b9d5-4e18-8838-1feb6dd68eb6@group-89462EAE0168:LeaderElection20] INFO  impl.RoleInfo (RoleInfo.java:updateAndGet(143)) - 407a0596-b9d5-4e18-8838-1feb6dd68eb6: start LeaderState
2019-09-24 03:09:53,964 [407a0596-b9d5-4e18-8838-1feb6dd68eb6@group-89462EAE0168:LeaderElection20] INFO  segmented.SegmentedRaftLogWorker (SegmentedRaftLogWorker.java:startLogSegment(380)) - 407a0596-b9d5-4e18-8838-1feb6dd68eb6@group-89462EAE0168-SegmentedRaftLogWorker: Starting segment from index:0
2019-09-24 03:09:53,964 [407a0596-b9d5-4e18-8838-1feb6dd68eb6@group-89462EAE0168:LeaderElection20] INFO  impl.RaftServerImpl (ServerState.java:setRaftConf(354)) - 407a0596-b9d5-4e18-8838-1feb6dd68eb6@group-89462EAE0168: set configuration 0: [407a0596-b9d5-4e18-8838-1feb6dd68eb6:192.168.151.121:33348], old=null at 0
2019-09-24 03:09:53,994 [Thread-796] INFO  impl.FollowerState (FollowerState.java:run(106)) - 0977c340-09ab-40ea-a2ee-06e7b0684890:group-583619E204B3 changes to CANDIDATE, lastRpcTime:5017, electionTimeout:5006ms
2019-09-24 03:09:53,994 [Thread-796] INFO  impl.RoleInfo (RoleInfo.java:shutdownFollowerState(121)) - 0977c340-09ab-40ea-a2ee-06e7b0684890: shutdown FollowerState
2019-09-24 03:09:53,994 [Thread-796] INFO  impl.RaftServerImpl (RaftServerImpl.java:setRole(174)) - 0977c340-09ab-40ea-a2ee-06e7b0684890@group-583619E204B3: changes role from  FOLLOWER to CANDIDATE at term 0 for changeToCandidate
2019-09-24 03:09:53,995 [Thread-796] INFO  impl.RoleInfo (RoleInfo.java:updateAndGet(143)) - 0977c340-09ab-40ea-a2ee-06e7b0684890: start LeaderElection
2019-09-24 03:09:54,007 [407a0596-b9d5-4e18-8838-1feb6dd68eb6@group-89462EAE0168-SegmentedRaftLogWorker] INFO  segmented.SegmentedRaftLogWorker (SegmentedRaftLogWorker.java:execute(569)) - 407a0596-b9d5-4e18-8838-1feb6dd68eb6@group-89462EAE0168-SegmentedRaftLogWorker: created new log segment /workdir/hadoop-ozone/integration-test/target/test-dir/MiniOzoneClusterImpl-012d228f-acb2-41e7-bbe8-297e082f4972/datanode-6/data/ratis/7490e9cc-8f33-4c7c-b2e3-89462eae0168/current/log_inprogress_0
2019-09-24 03:09:54,007 [0977c340-09ab-40ea-a2ee-06e7b0684890@group-583619E204B3:LeaderElection21] INFO  impl.LeaderElection (LeaderElection.java:askForVotes(182)) - 0977c340-09ab-40ea-a2ee-06e7b0684890@group-583619E204B3:LeaderElection21: begin an election at term 1 for -1: [0977c340-09ab-40ea-a2ee-06e7b0684890:192.168.151.121:40113], old=null
2019-09-24 03:09:54,007 [0977c340-09ab-40ea-a2ee-06e7b0684890@group-583619E204B3:LeaderElection21] INFO  impl.RoleInfo (RoleInfo.java:shutdownLeaderElection(134)) - 0977c340-09ab-40ea-a2ee-06e7b0684890: shutdown LeaderElection
2019-09-24 03:09:54,007 [0977c340-09ab-40ea-a2ee-06e7b0684890@group-583619E204B3:LeaderElection21] INFO  impl.RaftServerImpl (RaftServerImpl.java:setRole(174)) - 0977c340-09ab-40ea-a2ee-06e7b0684890@group-583619E204B3: changes role from CANDIDATE to LEADER at term 1 for changeToLeader
2019-09-24 03:09:54,007 [0977c340-09ab-40ea-a2ee-06e7b0684890@group-583619E204B3:LeaderElection21] INFO  impl.RaftServerImpl (ServerState.java:setLeader(253)) - 0977c340-09ab-40ea-a2ee-06e7b0684890@group-583619E204B3: change Leader from null to 0977c340-09ab-40ea-a2ee-06e7b0684890 at term 1 for becomeLeader, leader elected after 5038ms
2019-09-24 03:09:54,010 [0977c340-09ab-40ea-a2ee-06e7b0684890@group-583619E204B3:LeaderElection21] INFO  server.RaftServerConfigKeys (ConfUtils.java:logGet(43)) - raft.server.staging.catchup.gap = 1000 (default)
2019-09-24 03:09:54,010 [0977c340-09ab-40ea-a2ee-06e7b0684890@group-583619E204B3:LeaderElection21] INFO  server.RaftServerConfigKeys (ConfUtils.java:logGet(43)) - raft.server.rpc.sleep.time = 25ms (default)
2019-09-24 03:09:54,010 [0977c340-09ab-40ea-a2ee-06e7b0684890@group-583619E204B3:LeaderElection21] INFO  server.RaftServerConfigKeys (ConfUtils.java:logGet(43)) - raft.server.write.element-limit = 4096 (default)
2019-09-24 03:09:54,010 [0977c340-09ab-40ea-a2ee-06e7b0684890@group-583619E204B3:LeaderElection21] INFO  server.RaftServerConfigKeys (ConfUtils.java:logGet(43)) - raft.server.watch.timeout = 10s (default)
2019-09-24 03:09:54,010 [0977c340-09ab-40ea-a2ee-06e7b0684890@group-583619E204B3:LeaderElection21] INFO  server.RaftServerConfigKeys (ConfUtils.java:logGet(43)) - raft.server.watch.timeout.denomination = 1s (default)
2019-09-24 03:09:54,010 [0977c340-09ab-40ea-a2ee-06e7b0684890@group-583619E204B3:LeaderElection21] INFO  server.RaftServerConfigKeys (ConfUtils.java:logGet(43)) - raft.server.watch.element-limit = 65536 (default)
2019-09-24 03:09:54,014 [0977c340-09ab-40ea-a2ee-06e7b0684890@group-583619E204B3:LeaderElection21] INFO  impl.RoleInfo (RoleInfo.java:updateAndGet(143)) - 0977c340-09ab-40ea-a2ee-06e7b0684890: start LeaderState
2019-09-24 03:09:54,014 [0977c340-09ab-40ea-a2ee-06e7b0684890@group-583619E204B3:LeaderElection21] INFO  segmented.SegmentedRaftLogWorker (SegmentedRaftLogWorker.java:startLogSegment(380)) - 0977c340-09ab-40ea-a2ee-06e7b0684890@group-583619E204B3-SegmentedRaftLogWorker: Starting segment from index:0
2019-09-24 03:09:54,014 [0977c340-09ab-40ea-a2ee-06e7b0684890@group-583619E204B3:LeaderElection21] INFO  impl.RaftServerImpl (ServerState.java:setRaftConf(354)) - 0977c340-09ab-40ea-a2ee-06e7b0684890@group-583619E204B3: set configuration 0: [0977c340-09ab-40ea-a2ee-06e7b0684890:192.168.151.121:40113], old=null at 0
2019-09-24 03:09:54,063 [Thread-790] INFO  impl.FollowerState (FollowerState.java:run(106)) - f3563236-f689-405f-8ebf-d4e633c015bd:group-C532ED5E37F8 changes to CANDIDATE, lastRpcTime:5192, electionTimeout:5151ms
2019-09-24 03:09:54,063 [Thread-790] INFO  impl.RoleInfo (RoleInfo.java:shutdownFollowerState(121)) - f3563236-f689-405f-8ebf-d4e633c015bd: shutdown FollowerState
2019-09-24 03:09:54,063 [Thread-790] INFO  impl.RaftServerImpl (RaftServerImpl.java:setRole(174)) - f3563236-f689-405f-8ebf-d4e633c015bd@group-C532ED5E37F8: changes role from  FOLLOWER to CANDIDATE at term 0 for changeToCandidate
2019-09-24 03:09:54,063 [Thread-790] INFO  impl.RoleInfo (RoleInfo.java:updateAndGet(143)) - f3563236-f689-405f-8ebf-d4e633c015bd: start LeaderElection
2019-09-24 03:09:54,069 [Thread-799] INFO  impl.FollowerState (FollowerState.java:run(106)) - 72adeaa2-1bef-4cd1-bdeb-e0365f44c5f0:group-987159B6D35A changes to CANDIDATE, lastRpcTime:5034, electionTimeout:5033ms
2019-09-24 03:09:54,070 [Thread-799] INFO  impl.RoleInfo (RoleInfo.java:shutdownFollowerState(121)) - 72adeaa2-1bef-4cd1-bdeb-e0365f44c5f0: shutdown FollowerState
2019-09-24 03:09:54,070 [Thread-799] INFO  impl.RaftServerImpl (RaftServerImpl.java:setRole(174)) - 72adeaa2-1bef-4cd1-bdeb-e0365f44c5f0@group-987159B6D35A: changes role from  FOLLOWER to CANDIDATE at term 0 for changeToCandidate
2019-09-24 03:09:54,070 [Thread-799] INFO  impl.RoleInfo (RoleInfo.java:updateAndGet(143)) - 72adeaa2-1bef-4cd1-bdeb-e0365f44c5f0: start LeaderElection
2019-09-24 03:09:54,076 [0977c340-09ab-40ea-a2ee-06e7b0684890@group-583619E204B3-SegmentedRaftLogWorker] INFO  segmented.SegmentedRaftLogWorker (SegmentedRaftLogWorker.java:execute(569)) - 0977c340-09ab-40ea-a2ee-06e7b0684890@group-583619E204B3-SegmentedRaftLogWorker: created new log segment /workdir/hadoop-ozone/integration-test/target/test-dir/MiniOzoneClusterImpl-012d228f-acb2-41e7-bbe8-297e082f4972/datanode-3/data/ratis/edb3da87-9255-49b5-91b1-583619e204b3/current/log_inprogress_0
2019-09-24 03:09:54,076 [f3563236-f689-405f-8ebf-d4e633c015bd@group-C532ED5E37F8:LeaderElection22] INFO  impl.LeaderElection (LeaderElection.java:askForVotes(182)) - f3563236-f689-405f-8ebf-d4e633c015bd@group-C532ED5E37F8:LeaderElection22: begin an election at term 1 for -1: [f3563236-f689-405f-8ebf-d4e633c015bd:192.168.151.121:39431], old=null
2019-09-24 03:09:54,076 [f3563236-f689-405f-8ebf-d4e633c015bd@group-C532ED5E37F8:LeaderElection22] INFO  impl.RoleInfo (RoleInfo.java:shutdownLeaderElection(134)) - f3563236-f689-405f-8ebf-d4e633c015bd: shutdown LeaderElection
2019-09-24 03:09:54,076 [f3563236-f689-405f-8ebf-d4e633c015bd@group-C532ED5E37F8:LeaderElection22] INFO  impl.RaftServerImpl (RaftServerImpl.java:setRole(174)) - f3563236-f689-405f-8ebf-d4e633c015bd@group-C532ED5E37F8: changes role from CANDIDATE to LEADER at term 1 for changeToLeader
2019-09-24 03:09:54,076 [f3563236-f689-405f-8ebf-d4e633c015bd@group-C532ED5E37F8:LeaderElection22] INFO  impl.RaftServerImpl (ServerState.java:setLeader(253)) - f3563236-f689-405f-8ebf-d4e633c015bd@group-C532ED5E37F8: change Leader from null to f3563236-f689-405f-8ebf-d4e633c015bd at term 1 for becomeLeader, leader elected after 5213ms
2019-09-24 03:09:54,078 [f3563236-f689-405f-8ebf-d4e633c015bd@group-C532ED5E37F8:LeaderElection22] INFO  server.RaftServerConfigKeys (ConfUtils.java:logGet(43)) - raft.server.staging.catchup.gap = 1000 (default)
2019-09-24 03:09:54,079 [f3563236-f689-405f-8ebf-d4e633c015bd@group-C532ED5E37F8:LeaderElection22] INFO  server.RaftServerConfigKeys (ConfUtils.java:logGet(43)) - raft.server.rpc.sleep.time = 25ms (default)
2019-09-24 03:09:54,079 [f3563236-f689-405f-8ebf-d4e633c015bd@group-C532ED5E37F8:LeaderElection22] INFO  server.RaftServerConfigKeys (ConfUtils.java:logGet(43)) - raft.server.write.element-limit = 4096 (default)
2019-09-24 03:09:54,079 [f3563236-f689-405f-8ebf-d4e633c015bd@group-C532ED5E37F8:LeaderElection22] INFO  server.RaftServerConfigKeys (ConfUtils.java:logGet(43)) - raft.server.watch.timeout = 10s (default)
2019-09-24 03:09:54,079 [f3563236-f689-405f-8ebf-d4e633c015bd@group-C532ED5E37F8:LeaderElection22] INFO  server.RaftServerConfigKeys (ConfUtils.java:logGet(43)) - raft.server.watch.timeout.denomination = 1s (default)
2019-09-24 03:09:54,079 [f3563236-f689-405f-8ebf-d4e633c015bd@group-C532ED5E37F8:LeaderElection22] INFO  server.RaftServerConfigKeys (ConfUtils.java:logGet(43)) - raft.server.watch.element-limit = 65536 (default)
2019-09-24 03:09:54,081 [f3563236-f689-405f-8ebf-d4e633c015bd@group-C532ED5E37F8:LeaderElection22] INFO  impl.RoleInfo (RoleInfo.java:updateAndGet(143)) - f3563236-f689-405f-8ebf-d4e633c015bd: start LeaderState
2019-09-24 03:09:54,081 [f3563236-f689-405f-8ebf-d4e633c015bd@group-C532ED5E37F8:LeaderElection22] INFO  segmented.SegmentedRaftLogWorker (SegmentedRaftLogWorker.java:startLogSegment(380)) - f3563236-f689-405f-8ebf-d4e633c015bd@group-C532ED5E37F8-SegmentedRaftLogWorker: Starting segment from index:0
2019-09-24 03:09:54,082 [f3563236-f689-405f-8ebf-d4e633c015bd@group-C532ED5E37F8:LeaderElection22] INFO  impl.RaftServerImpl (ServerState.java:setRaftConf(354)) - f3563236-f689-405f-8ebf-d4e633c015bd@group-C532ED5E37F8: set configuration 0: [f3563236-f689-405f-8ebf-d4e633c015bd:192.168.151.121:39431], old=null at 0
2019-09-24 03:09:54,116 [Thread-802] INFO  impl.FollowerState (FollowerState.java:run(106)) - 43af139f-dfb3-4342-9eb7-488f00a1ed65:group-CB41CF890DA4 changes to CANDIDATE, lastRpcTime:5023, electionTimeout:5003ms
2019-09-24 03:09:54,116 [72adeaa2-1bef-4cd1-bdeb-e0365f44c5f0@group-987159B6D35A:LeaderElection23] INFO  impl.LeaderElection (LeaderElection.java:askForVotes(182)) - 72adeaa2-1bef-4cd1-bdeb-e0365f44c5f0@group-987159B6D35A:LeaderElection23: begin an election at term 1 for -1: [72adeaa2-1bef-4cd1-bdeb-e0365f44c5f0:192.168.151.121:46343], old=null
2019-09-24 03:09:54,116 [Thread-802] INFO  impl.RoleInfo (RoleInfo.java:shutdownFollowerState(121)) - 43af139f-dfb3-4342-9eb7-488f00a1ed65: shutdown FollowerState
2019-09-24 03:09:54,116 [72adeaa2-1bef-4cd1-bdeb-e0365f44c5f0@group-987159B6D35A:LeaderElection23] INFO  impl.RoleInfo (RoleInfo.java:shutdownLeaderElection(134)) - 72adeaa2-1bef-4cd1-bdeb-e0365f44c5f0: shutdown LeaderElection
2019-09-24 03:09:54,116 [Thread-802] INFO  impl.RaftServerImpl (RaftServerImpl.java:setRole(174)) - 43af139f-dfb3-4342-9eb7-488f00a1ed65@group-CB41CF890DA4: changes role from  FOLLOWER to CANDIDATE at term 0 for changeToCandidate
2019-09-24 03:09:54,116 [72adeaa2-1bef-4cd1-bdeb-e0365f44c5f0@group-987159B6D35A:LeaderElection23] INFO  impl.RaftServerImpl (RaftServerImpl.java:setRole(174)) - 72adeaa2-1bef-4cd1-bdeb-e0365f44c5f0@group-987159B6D35A: changes role from CANDIDATE to LEADER at term 1 for changeToLeader
2019-09-24 03:09:54,117 [72adeaa2-1bef-4cd1-bdeb-e0365f44c5f0@group-987159B6D35A:LeaderElection23] INFO  impl.RaftServerImpl (ServerState.java:setLeader(253)) - 72adeaa2-1bef-4cd1-bdeb-e0365f44c5f0@group-987159B6D35A: change Leader from null to 72adeaa2-1bef-4cd1-bdeb-e0365f44c5f0 at term 1 for becomeLeader, leader elected after 5089ms
2019-09-24 03:09:54,117 [Thread-802] INFO  impl.RoleInfo (RoleInfo.java:updateAndGet(143)) - 43af139f-dfb3-4342-9eb7-488f00a1ed65: start LeaderElection
2019-09-24 03:09:54,119 [72adeaa2-1bef-4cd1-bdeb-e0365f44c5f0@group-987159B6D35A:LeaderElection23] INFO  server.RaftServerConfigKeys (ConfUtils.java:logGet(43)) - raft.server.staging.catchup.gap = 1000 (default)
2019-09-24 03:09:54,119 [72adeaa2-1bef-4cd1-bdeb-e0365f44c5f0@group-987159B6D35A:LeaderElection23] INFO  server.RaftServerConfigKeys (ConfUtils.java:logGet(43)) - raft.server.rpc.sleep.time = 25ms (default)
2019-09-24 03:09:54,121 [f3563236-f689-405f-8ebf-d4e633c015bd@group-C532ED5E37F8-SegmentedRaftLogWorker] INFO  segmented.SegmentedRaftLogWorker (SegmentedRaftLogWorker.java:execute(569)) - f3563236-f689-405f-8ebf-d4e633c015bd@group-C532ED5E37F8-SegmentedRaftLogWorker: created new log segment /workdir/hadoop-ozone/integration-test/target/test-dir/MiniOzoneClusterImpl-012d228f-acb2-41e7-bbe8-297e082f4972/datanode-5/data/ratis/4e1dec7b-d4b6-4942-8147-c532ed5e37f8/current/log_inprogress_0
2019-09-24 03:09:54,135 [72adeaa2-1bef-4cd1-bdeb-e0365f44c5f0@group-987159B6D35A:LeaderElection23] INFO  server.RaftServerConfigKeys (ConfUtils.java:logGet(43)) - raft.server.write.element-limit = 4096 (default)
2019-09-24 03:09:54,135 [72adeaa2-1bef-4cd1-bdeb-e0365f44c5f0@group-987159B6D35A:LeaderElection23] INFO  server.RaftServerConfigKeys (ConfUtils.java:logGet(43)) - raft.server.watch.timeout = 10s (default)
2019-09-24 03:09:54,135 [72adeaa2-1bef-4cd1-bdeb-e0365f44c5f0@group-987159B6D35A:LeaderElection23] INFO  server.RaftServerConfigKeys (ConfUtils.java:logGet(43)) - raft.server.watch.timeout.denomination = 1s (default)
2019-09-24 03:09:54,135 [72adeaa2-1bef-4cd1-bdeb-e0365f44c5f0@group-987159B6D35A:LeaderElection23] INFO  server.RaftServerConfigKeys (ConfUtils.java:logGet(43)) - raft.server.watch.element-limit = 65536 (default)
2019-09-24 03:09:54,137 [72adeaa2-1bef-4cd1-bdeb-e0365f44c5f0@group-987159B6D35A:LeaderElection23] INFO  impl.RoleInfo (RoleInfo.java:updateAndGet(143)) - 72adeaa2-1bef-4cd1-bdeb-e0365f44c5f0: start LeaderState
2019-09-24 03:09:54,138 [72adeaa2-1bef-4cd1-bdeb-e0365f44c5f0@group-987159B6D35A:LeaderElection23] INFO  segmented.SegmentedRaftLogWorker (SegmentedRaftLogWorker.java:startLogSegment(380)) - 72adeaa2-1bef-4cd1-bdeb-e0365f44c5f0@group-987159B6D35A-SegmentedRaftLogWorker: Starting segment from index:0
2019-09-24 03:09:54,138 [72adeaa2-1bef-4cd1-bdeb-e0365f44c5f0@group-987159B6D35A:LeaderElection23] INFO  impl.RaftServerImpl (ServerState.java:setRaftConf(354)) - 72adeaa2-1bef-4cd1-bdeb-e0365f44c5f0@group-987159B6D35A: set configuration 0: [72adeaa2-1bef-4cd1-bdeb-e0365f44c5f0:192.168.151.121:46343], old=null at 0
2019-09-24 03:09:54,167 [43af139f-dfb3-4342-9eb7-488f00a1ed65@group-CB41CF890DA4:LeaderElection24] INFO  impl.LeaderElection (LeaderElection.java:askForVotes(182)) - 43af139f-dfb3-4342-9eb7-488f00a1ed65@group-CB41CF890DA4:LeaderElection24: begin an election at term 1 for -1: [43af139f-dfb3-4342-9eb7-488f00a1ed65:192.168.151.121:44602], old=null
2019-09-24 03:09:54,167 [43af139f-dfb3-4342-9eb7-488f00a1ed65@group-CB41CF890DA4:LeaderElection24] INFO  impl.RoleInfo (RoleInfo.java:shutdownLeaderElection(134)) - 43af139f-dfb3-4342-9eb7-488f00a1ed65: shutdown LeaderElection
2019-09-24 03:09:54,167 [43af139f-dfb3-4342-9eb7-488f00a1ed65@group-CB41CF890DA4:LeaderElection24] INFO  impl.RaftServerImpl (RaftServerImpl.java:setRole(174)) - 43af139f-dfb3-4342-9eb7-488f00a1ed65@group-CB41CF890DA4: changes role from CANDIDATE to LEADER at term 1 for changeToLeader
2019-09-24 03:09:54,167 [43af139f-dfb3-4342-9eb7-488f00a1ed65@group-CB41CF890DA4:LeaderElection24] INFO  impl.RaftServerImpl (ServerState.java:setLeader(253)) - 43af139f-dfb3-4342-9eb7-488f00a1ed65@group-CB41CF890DA4: change Leader from null to 43af139f-dfb3-4342-9eb7-488f00a1ed65 at term 1 for becomeLeader, leader elected after 5084ms
2019-09-24 03:09:54,169 [43af139f-dfb3-4342-9eb7-488f00a1ed65@group-CB41CF890DA4:LeaderElection24] INFO  server.RaftServerConfigKeys (ConfUtils.java:logGet(43)) - raft.server.staging.catchup.gap = 1000 (default)
2019-09-24 03:09:54,169 [43af139f-dfb3-4342-9eb7-488f00a1ed65@group-CB41CF890DA4:LeaderElection24] INFO  server.RaftServerConfigKeys (ConfUtils.java:logGet(43)) - raft.server.rpc.sleep.time = 25ms (default)
2019-09-24 03:09:54,170 [43af139f-dfb3-4342-9eb7-488f00a1ed65@group-CB41CF890DA4:LeaderElection24] INFO  server.RaftServerConfigKeys (ConfUtils.java:logGet(43)) - raft.server.write.element-limit = 4096 (default)
2019-09-24 03:09:54,170 [43af139f-dfb3-4342-9eb7-488f00a1ed65@group-CB41CF890DA4:LeaderElection24] INFO  server.RaftServerConfigKeys (ConfUtils.java:logGet(43)) - raft.server.watch.timeout = 10s (default)
2019-09-24 03:09:54,170 [43af139f-dfb3-4342-9eb7-488f00a1ed65@group-CB41CF890DA4:LeaderElection24] INFO  server.RaftServerConfigKeys (ConfUtils.java:logGet(43)) - raft.server.watch.timeout.denomination = 1s (default)
2019-09-24 03:09:54,170 [43af139f-dfb3-4342-9eb7-488f00a1ed65@group-CB41CF890DA4:LeaderElection24] INFO  server.RaftServerConfigKeys (ConfUtils.java:logGet(43)) - raft.server.watch.element-limit = 65536 (default)
2019-09-24 03:09:54,172 [43af139f-dfb3-4342-9eb7-488f00a1ed65@group-CB41CF890DA4:LeaderElection24] INFO  impl.RoleInfo (RoleInfo.java:updateAndGet(143)) - 43af139f-dfb3-4342-9eb7-488f00a1ed65: start LeaderState
2019-09-24 03:09:54,172 [43af139f-dfb3-4342-9eb7-488f00a1ed65@group-CB41CF890DA4:LeaderElection24] INFO  segmented.SegmentedRaftLogWorker (SegmentedRaftLogWorker.java:startLogSegment(380)) - 43af139f-dfb3-4342-9eb7-488f00a1ed65@group-CB41CF890DA4-SegmentedRaftLogWorker: Starting segment from index:0
2019-09-24 03:09:54,173 [43af139f-dfb3-4342-9eb7-488f00a1ed65@group-CB41CF890DA4:LeaderElection24] INFO  impl.RaftServerImpl (ServerState.java:setRaftConf(354)) - 43af139f-dfb3-4342-9eb7-488f00a1ed65@group-CB41CF890DA4: set configuration 0: [43af139f-dfb3-4342-9eb7-488f00a1ed65:192.168.151.121:44602], old=null at 0
2019-09-24 03:09:54,200 [Thread-810] INFO  impl.FollowerState (FollowerState.java:run(106)) - 44a4ffbc-4d91-4095-a9c3-b922f00b00e4:group-A4B715B6386A changes to CANDIDATE, lastRpcTime:5012, electionTimeout:5001ms
2019-09-24 03:09:54,200 [72adeaa2-1bef-4cd1-bdeb-e0365f44c5f0@group-987159B6D35A-SegmentedRaftLogWorker] INFO  segmented.SegmentedRaftLogWorker (SegmentedRaftLogWorker.java:execute(569)) - 72adeaa2-1bef-4cd1-bdeb-e0365f44c5f0@group-987159B6D35A-SegmentedRaftLogWorker: created new log segment /workdir/hadoop-ozone/integration-test/target/test-dir/MiniOzoneClusterImpl-012d228f-acb2-41e7-bbe8-297e082f4972/datanode-4/data/ratis/db1c5553-43a4-48ed-8793-987159b6d35a/current/log_inprogress_0
2019-09-24 03:09:54,202 [Thread-810] INFO  impl.RoleInfo (RoleInfo.java:shutdownFollowerState(121)) - 44a4ffbc-4d91-4095-a9c3-b922f00b00e4: shutdown FollowerState
2019-09-24 03:09:54,202 [Thread-810] INFO  impl.RaftServerImpl (RaftServerImpl.java:setRole(174)) - 44a4ffbc-4d91-4095-a9c3-b922f00b00e4@group-A4B715B6386A: changes role from  FOLLOWER to CANDIDATE at term 0 for changeToCandidate
2019-09-24 03:09:54,202 [Thread-810] INFO  impl.RoleInfo (RoleInfo.java:updateAndGet(143)) - 44a4ffbc-4d91-4095-a9c3-b922f00b00e4: start LeaderElection
2019-09-24 03:09:54,213 [43af139f-dfb3-4342-9eb7-488f00a1ed65@group-CB41CF890DA4-SegmentedRaftLogWorker] INFO  segmented.SegmentedRaftLogWorker (SegmentedRaftLogWorker.java:execute(569)) - 43af139f-dfb3-4342-9eb7-488f00a1ed65@group-CB41CF890DA4-SegmentedRaftLogWorker: created new log segment /workdir/hadoop-ozone/integration-test/target/test-dir/MiniOzoneClusterImpl-012d228f-acb2-41e7-bbe8-297e082f4972/datanode-2/data/ratis/f86338c0-7d25-4e1b-bd85-cb41cf890da4/current/log_inprogress_0
2019-09-24 03:09:54,213 [44a4ffbc-4d91-4095-a9c3-b922f00b00e4@group-A4B715B6386A:LeaderElection25] INFO  impl.LeaderElection (LeaderElection.java:askForVotes(182)) - 44a4ffbc-4d91-4095-a9c3-b922f00b00e4@group-A4B715B6386A:LeaderElection25: begin an election at term 1 for -1: [5406889e-ec62-4049-b262-f5316a5dbf0d:192.168.151.121:45241, f3563236-f689-405f-8ebf-d4e633c015bd:192.168.151.121:39431, 44a4ffbc-4d91-4095-a9c3-b922f00b00e4:192.168.151.121:38893], old=null
2019-09-24 03:09:54,221 [Thread-807] INFO  impl.FollowerState (FollowerState.java:run(106)) - 5406889e-ec62-4049-b262-f5316a5dbf0d:group-A4B715B6386A changes to CANDIDATE, lastRpcTime:5034, electionTimeout:5034ms
2019-09-24 03:09:54,221 [Thread-807] INFO  impl.RoleInfo (RoleInfo.java:shutdownFollowerState(121)) - 5406889e-ec62-4049-b262-f5316a5dbf0d: shutdown FollowerState
2019-09-24 03:09:54,221 [Thread-807] INFO  impl.RaftServerImpl (RaftServerImpl.java:setRole(174)) - 5406889e-ec62-4049-b262-f5316a5dbf0d@group-A4B715B6386A: changes role from  FOLLOWER to CANDIDATE at term 0 for changeToCandidate
2019-09-24 03:09:54,221 [Thread-807] INFO  impl.RoleInfo (RoleInfo.java:updateAndGet(143)) - 5406889e-ec62-4049-b262-f5316a5dbf0d: start LeaderElection
2019-09-24 03:09:54,231 [grpc-default-executor-1] INFO  impl.RaftServerImpl (RaftServerImpl.java:setRole(174)) - f3563236-f689-405f-8ebf-d4e633c015bd@group-A4B715B6386A: changes role from  FOLLOWER to FOLLOWER at term 1 for recognizeCandidate:44a4ffbc-4d91-4095-a9c3-b922f00b00e4
2019-09-24 03:09:54,231 [grpc-default-executor-1] INFO  impl.RoleInfo (RoleInfo.java:shutdownFollowerState(121)) - f3563236-f689-405f-8ebf-d4e633c015bd: shutdown FollowerState
2019-09-24 03:09:54,231 [grpc-default-executor-1] INFO  impl.RoleInfo (RoleInfo.java:updateAndGet(143)) - f3563236-f689-405f-8ebf-d4e633c015bd: start FollowerState
2019-09-24 03:09:54,232 [Thread-809] INFO  impl.FollowerState (FollowerState.java:run(115)) - f3563236-f689-405f-8ebf-d4e633c015bd: FollowerState was interrupted: java.lang.InterruptedException: sleep interrupted
2019-09-24 03:09:54,245 [5406889e-ec62-4049-b262-f5316a5dbf0d@group-A4B715B6386A:LeaderElection26] INFO  impl.LeaderElection (LeaderElection.java:askForVotes(182)) - 5406889e-ec62-4049-b262-f5316a5dbf0d@group-A4B715B6386A:LeaderElection26: begin an election at term 1 for -1: [5406889e-ec62-4049-b262-f5316a5dbf0d:192.168.151.121:45241, f3563236-f689-405f-8ebf-d4e633c015bd:192.168.151.121:39431, 44a4ffbc-4d91-4095-a9c3-b922f00b00e4:192.168.151.121:38893], old=null
2019-09-24 03:09:54,261 [44a4ffbc-4d91-4095-a9c3-b922f00b00e4@group-A4B715B6386A:LeaderElection25] INFO  impl.LeaderElection (LeaderElection.java:logAndReturn(56)) - 44a4ffbc-4d91-4095-a9c3-b922f00b00e4@group-A4B715B6386A:LeaderElection25: Election PASSED; received 1 response(s) [44a4ffbc-4d91-4095-a9c3-b922f00b00e4<-f3563236-f689-405f-8ebf-d4e633c015bd#0:OK-t1] and 0 exception(s); 44a4ffbc-4d91-4095-a9c3-b922f00b00e4@group-A4B715B6386A:t1, leader=null, voted=44a4ffbc-4d91-4095-a9c3-b922f00b00e4, raftlog=44a4ffbc-4d91-4095-a9c3-b922f00b00e4@group-A4B715B6386A-SegmentedRaftLog:OPENED:c-1,f-1,i0, conf=-1: [5406889e-ec62-4049-b262-f5316a5dbf0d:192.168.151.121:45241, f3563236-f689-405f-8ebf-d4e633c015bd:192.168.151.121:39431, 44a4ffbc-4d91-4095-a9c3-b922f00b00e4:192.168.151.121:38893], old=null
2019-09-24 03:09:54,262 [44a4ffbc-4d91-4095-a9c3-b922f00b00e4@group-A4B715B6386A:LeaderElection25] INFO  impl.RoleInfo (RoleInfo.java:shutdownLeaderElection(134)) - 44a4ffbc-4d91-4095-a9c3-b922f00b00e4: shutdown LeaderElection
2019-09-24 03:09:54,265 [44a4ffbc-4d91-4095-a9c3-b922f00b00e4@group-A4B715B6386A:LeaderElection25] INFO  impl.RaftServerImpl (RaftServerImpl.java:setRole(174)) - 44a4ffbc-4d91-4095-a9c3-b922f00b00e4@group-A4B715B6386A: changes role from CANDIDATE to LEADER at term 1 for changeToLeader
2019-09-24 03:09:54,265 [44a4ffbc-4d91-4095-a9c3-b922f00b00e4@group-A4B715B6386A:LeaderElection25] INFO  impl.RaftServerImpl (ServerState.java:setLeader(253)) - 44a4ffbc-4d91-4095-a9c3-b922f00b00e4@group-A4B715B6386A: change Leader from null to 44a4ffbc-4d91-4095-a9c3-b922f00b00e4 at term 1 for becomeLeader, leader elected after 5088ms
2019-09-24 03:09:54,265 [44a4ffbc-4d91-4095-a9c3-b922f00b00e4@group-A4B715B6386A:LeaderElection25] INFO  server.RaftServerConfigKeys (ConfUtils.java:logGet(43)) - raft.server.staging.catchup.gap = 1000 (default)
2019-09-24 03:09:54,265 [44a4ffbc-4d91-4095-a9c3-b922f00b00e4@group-A4B715B6386A:LeaderElection25] INFO  server.RaftServerConfigKeys (ConfUtils.java:logGet(43)) - raft.server.rpc.sleep.time = 25ms (default)
2019-09-24 03:09:54,265 [44a4ffbc-4d91-4095-a9c3-b922f00b00e4@group-A4B715B6386A:LeaderElection25] INFO  server.RaftServerConfigKeys (ConfUtils.java:logGet(43)) - raft.server.write.element-limit = 4096 (default)
2019-09-24 03:09:54,265 [44a4ffbc-4d91-4095-a9c3-b922f00b00e4@group-A4B715B6386A:LeaderElection25] INFO  server.RaftServerConfigKeys (ConfUtils.java:logGet(43)) - raft.server.watch.timeout = 10s (default)
2019-09-24 03:09:54,265 [44a4ffbc-4d91-4095-a9c3-b922f00b00e4@group-A4B715B6386A:LeaderElection25] INFO  server.RaftServerConfigKeys (ConfUtils.java:logGet(43)) - raft.server.watch.timeout.denomination = 1s (default)
2019-09-24 03:09:54,265 [44a4ffbc-4d91-4095-a9c3-b922f00b00e4@group-A4B715B6386A:LeaderElection25] INFO  server.RaftServerConfigKeys (ConfUtils.java:logGet(43)) - raft.server.watch.element-limit = 65536 (default)
2019-09-24 03:09:54,267 [44a4ffbc-4d91-4095-a9c3-b922f00b00e4@group-A4B715B6386A:LeaderElection25] INFO  server.RaftServerConfigKeys (ConfUtils.java:logGet(43)) - raft.server.log.appender.snapshot.chunk.size.max = 16MB (=16777216) (default)
2019-09-24 03:09:54,267 [44a4ffbc-4d91-4095-a9c3-b922f00b00e4@group-A4B715B6386A:LeaderElection25] INFO  server.RaftServerConfigKeys (ConfUtils.java:logGet(43)) - raft.server.log.appender.buffer.byte-limit = 33554432 (custom)
2019-09-24 03:09:54,269 [44a4ffbc-4d91-4095-a9c3-b922f00b00e4@group-A4B715B6386A:LeaderElection25] INFO  server.RaftServerConfigKeys (ConfUtils.java:logGet(43)) - raft.server.log.appender.buffer.element-limit = 1 (custom)
2019-09-24 03:09:54,272 [44a4ffbc-4d91-4095-a9c3-b922f00b00e4@group-A4B715B6386A:LeaderElection25] INFO  grpc.GrpcConfigKeys$Server (ConfUtils.java:logGet(43)) - raft.grpc.server.leader.outstanding.appends.max = 128 (default)
2019-09-24 03:09:54,272 [44a4ffbc-4d91-4095-a9c3-b922f00b00e4@group-A4B715B6386A:LeaderElection25] INFO  server.RaftServerConfigKeys (ConfUtils.java:logGet(43)) - raft.server.rpc.request.timeout = 3000ms (default)
2019-09-24 03:09:54,272 [44a4ffbc-4d91-4095-a9c3-b922f00b00e4@group-A4B715B6386A:LeaderElection25] INFO  server.RaftServerConfigKeys (ConfUtils.java:logGet(43)) - raft.server.log.appender.install.snapshot.enabled = false (custom)
2019-09-24 03:09:54,274 [44a4ffbc-4d91-4095-a9c3-b922f00b00e4@group-A4B715B6386A:LeaderElection25] INFO  server.RaftServerConfigKeys (ConfUtils.java:logGet(43)) - raft.server.log.appender.snapshot.chunk.size.max = 16MB (=16777216) (default)
2019-09-24 03:09:54,274 [44a4ffbc-4d91-4095-a9c3-b922f00b00e4@group-A4B715B6386A:LeaderElection25] INFO  server.RaftServerConfigKeys (ConfUtils.java:logGet(43)) - raft.server.log.appender.buffer.byte-limit = 33554432 (custom)
2019-09-24 03:09:54,274 [44a4ffbc-4d91-4095-a9c3-b922f00b00e4@group-A4B715B6386A:LeaderElection25] INFO  server.RaftServerConfigKeys (ConfUtils.java:logGet(43)) - raft.server.log.appender.buffer.element-limit = 1 (custom)
2019-09-24 03:09:54,274 [44a4ffbc-4d91-4095-a9c3-b922f00b00e4@group-A4B715B6386A:LeaderElection25] INFO  grpc.GrpcConfigKeys$Server (ConfUtils.java:logGet(43)) - raft.grpc.server.leader.outstanding.appends.max = 128 (default)
2019-09-24 03:09:54,275 [44a4ffbc-4d91-4095-a9c3-b922f00b00e4@group-A4B715B6386A:LeaderElection25] INFO  server.RaftServerConfigKeys (ConfUtils.java:logGet(43)) - raft.server.rpc.request.timeout = 3000ms (default)
2019-09-24 03:09:54,275 [44a4ffbc-4d91-4095-a9c3-b922f00b00e4@group-A4B715B6386A:LeaderElection25] INFO  server.RaftServerConfigKeys (ConfUtils.java:logGet(43)) - raft.server.log.appender.install.snapshot.enabled = false (custom)
2019-09-24 03:09:54,275 [44a4ffbc-4d91-4095-a9c3-b922f00b00e4@group-A4B715B6386A:LeaderElection25] INFO  impl.RoleInfo (RoleInfo.java:updateAndGet(143)) - 44a4ffbc-4d91-4095-a9c3-b922f00b00e4: start LeaderState
2019-09-24 03:09:54,275 [44a4ffbc-4d91-4095-a9c3-b922f00b00e4@group-A4B715B6386A:LeaderElection25] INFO  segmented.SegmentedRaftLogWorker (SegmentedRaftLogWorker.java:startLogSegment(380)) - 44a4ffbc-4d91-4095-a9c3-b922f00b00e4@group-A4B715B6386A-SegmentedRaftLogWorker: Starting segment from index:0
2019-09-24 03:09:54,276 [44a4ffbc-4d91-4095-a9c3-b922f00b00e4@group-A4B715B6386A:LeaderElection25] INFO  impl.RaftServerImpl (ServerState.java:setRaftConf(354)) - 44a4ffbc-4d91-4095-a9c3-b922f00b00e4@group-A4B715B6386A: set configuration 0: [5406889e-ec62-4049-b262-f5316a5dbf0d:192.168.151.121:45241, f3563236-f689-405f-8ebf-d4e633c015bd:192.168.151.121:39431, 44a4ffbc-4d91-4095-a9c3-b922f00b00e4:192.168.151.121:38893], old=null at 0
2019-09-24 03:09:54,310 [grpc-default-executor-1] INFO  impl.RaftServerImpl (RaftServerImpl.java:requestVote(758)) - 44a4ffbc-4d91-4095-a9c3-b922f00b00e4@group-A4B715B6386A-   LEADER: Withhold vote from candidate 5406889e-ec62-4049-b262-f5316a5dbf0d with term 1. State: leader=44a4ffbc-4d91-4095-a9c3-b922f00b00e4, term=1, lastRpcElapsed=null
2019-09-24 03:09:54,317 [5406889e-ec62-4049-b262-f5316a5dbf0d@group-A4B715B6386A:LeaderElection26] INFO  impl.LeaderElection (LeaderElection.java:logAndReturn(56)) - 5406889e-ec62-4049-b262-f5316a5dbf0d@group-A4B715B6386A:LeaderElection26: Election REJECTED; received 2 response(s) [5406889e-ec62-4049-b262-f5316a5dbf0d<-f3563236-f689-405f-8ebf-d4e633c015bd#0:FAIL-t1, 5406889e-ec62-4049-b262-f5316a5dbf0d<-44a4ffbc-4d91-4095-a9c3-b922f00b00e4#0:FAIL-t1] and 0 exception(s); 5406889e-ec62-4049-b262-f5316a5dbf0d@group-A4B715B6386A:t1, leader=null, voted=5406889e-ec62-4049-b262-f5316a5dbf0d, raftlog=5406889e-ec62-4049-b262-f5316a5dbf0d@group-A4B715B6386A-SegmentedRaftLog:OPENED:c-1,f-1,i0, conf=-1: [5406889e-ec62-4049-b262-f5316a5dbf0d:192.168.151.121:45241, f3563236-f689-405f-8ebf-d4e633c015bd:192.168.151.121:39431, 44a4ffbc-4d91-4095-a9c3-b922f00b00e4:192.168.151.121:38893], old=null
2019-09-24 03:09:54,317 [grpc-default-executor-1] INFO  impl.RaftServerImpl (RaftServerImpl.java:setRole(174)) - 5406889e-ec62-4049-b262-f5316a5dbf0d@group-A4B715B6386A: changes role from CANDIDATE to FOLLOWER at term 1 for appendEntries
2019-09-24 03:09:54,320 [grpc-default-executor-1] INFO  impl.RoleInfo (RoleInfo.java:shutdownLeaderElection(134)) - 5406889e-ec62-4049-b262-f5316a5dbf0d: shutdown LeaderElection
2019-09-24 03:09:54,320 [grpc-default-executor-0] INFO  impl.RaftServerImpl (ServerState.java:setLeader(253)) - f3563236-f689-405f-8ebf-d4e633c015bd@group-A4B715B6386A: change Leader from null to 44a4ffbc-4d91-4095-a9c3-b922f00b00e4 at term 1 for appendEntries, leader elected after 5144ms
2019-09-24 03:09:54,320 [grpc-default-executor-1] INFO  impl.RoleInfo (RoleInfo.java:updateAndGet(143)) - 5406889e-ec62-4049-b262-f5316a5dbf0d: start FollowerState
2019-09-24 03:09:54,323 [44a4ffbc-4d91-4095-a9c3-b922f00b00e4@group-A4B715B6386A-SegmentedRaftLogWorker] INFO  segmented.SegmentedRaftLogWorker (SegmentedRaftLogWorker.java:execute(569)) - 44a4ffbc-4d91-4095-a9c3-b922f00b00e4@group-A4B715B6386A-SegmentedRaftLogWorker: created new log segment /workdir/hadoop-ozone/integration-test/target/test-dir/MiniOzoneClusterImpl-012d228f-acb2-41e7-bbe8-297e082f4972/datanode-1/data/ratis/8d79d199-75f6-481a-ac05-a4b715b6386a/current/log_inprogress_0
2019-09-24 03:09:54,323 [grpc-default-executor-1] INFO  impl.RaftServerImpl (ServerState.java:setLeader(253)) - 5406889e-ec62-4049-b262-f5316a5dbf0d@group-A4B715B6386A: change Leader from null to 44a4ffbc-4d91-4095-a9c3-b922f00b00e4 at term 1 for appendEntries, leader elected after 5147ms
2019-09-24 03:09:54,328 [grpc-default-executor-0] INFO  impl.RaftServerImpl (ServerState.java:setRaftConf(354)) - f3563236-f689-405f-8ebf-d4e633c015bd@group-A4B715B6386A: set configuration 0: [5406889e-ec62-4049-b262-f5316a5dbf0d:192.168.151.121:45241, f3563236-f689-405f-8ebf-d4e633c015bd:192.168.151.121:39431, 44a4ffbc-4d91-4095-a9c3-b922f00b00e4:192.168.151.121:38893], old=null at 0
2019-09-24 03:09:54,328 [grpc-default-executor-1] INFO  impl.RaftServerImpl (ServerState.java:setRaftConf(354)) - 5406889e-ec62-4049-b262-f5316a5dbf0d@group-A4B715B6386A: set configuration 0: [5406889e-ec62-4049-b262-f5316a5dbf0d:192.168.151.121:45241, f3563236-f689-405f-8ebf-d4e633c015bd:192.168.151.121:39431, 44a4ffbc-4d91-4095-a9c3-b922f00b00e4:192.168.151.121:38893], old=null at 0
2019-09-24 03:09:54,328 [grpc-default-executor-0] INFO  segmented.SegmentedRaftLogWorker (SegmentedRaftLogWorker.java:startLogSegment(380)) - f3563236-f689-405f-8ebf-d4e633c015bd@group-A4B715B6386A-SegmentedRaftLogWorker: Starting segment from index:0
2019-09-24 03:09:54,329 [grpc-default-executor-1] INFO  segmented.SegmentedRaftLogWorker (SegmentedRaftLogWorker.java:startLogSegment(380)) - 5406889e-ec62-4049-b262-f5316a5dbf0d@group-A4B715B6386A-SegmentedRaftLogWorker: Starting segment from index:0
2019-09-24 03:09:54,335 [Thread-820] INFO  impl.FollowerState (FollowerState.java:run(106)) - 0977c340-09ab-40ea-a2ee-06e7b0684890:group-691697993241 changes to CANDIDATE, lastRpcTime:5049, electionTimeout:5049ms
2019-09-24 03:09:54,336 [Thread-820] INFO  impl.RoleInfo (RoleInfo.java:shutdownFollowerState(121)) - 0977c340-09ab-40ea-a2ee-06e7b0684890: shutdown FollowerState
2019-09-24 03:09:54,336 [Thread-820] INFO  impl.RaftServerImpl (RaftServerImpl.java:setRole(174)) - 0977c340-09ab-40ea-a2ee-06e7b0684890@group-691697993241: changes role from  FOLLOWER to CANDIDATE at term 0 for changeToCandidate
2019-09-24 03:09:54,336 [Thread-820] INFO  impl.RoleInfo (RoleInfo.java:updateAndGet(143)) - 0977c340-09ab-40ea-a2ee-06e7b0684890: start LeaderElection
2019-09-24 03:09:54,378 [f3563236-f689-405f-8ebf-d4e633c015bd@group-A4B715B6386A-SegmentedRaftLogWorker] INFO  segmented.SegmentedRaftLogWorker (SegmentedRaftLogWorker.java:execute(569)) - f3563236-f689-405f-8ebf-d4e633c015bd@group-A4B715B6386A-SegmentedRaftLogWorker: created new log segment /workdir/hadoop-ozone/integration-test/target/test-dir/MiniOzoneClusterImpl-012d228f-acb2-41e7-bbe8-297e082f4972/datanode-5/data/ratis/8d79d199-75f6-481a-ac05-a4b715b6386a/current/log_inprogress_0
2019-09-24 03:09:54,378 [0977c340-09ab-40ea-a2ee-06e7b0684890@group-691697993241:LeaderElection27] INFO  impl.LeaderElection (LeaderElection.java:askForVotes(182)) - 0977c340-09ab-40ea-a2ee-06e7b0684890@group-691697993241:LeaderElection27: begin an election at term 1 for -1: [407a0596-b9d5-4e18-8838-1feb6dd68eb6:192.168.151.121:33348, 0977c340-09ab-40ea-a2ee-06e7b0684890:192.168.151.121:40113, 72adeaa2-1bef-4cd1-bdeb-e0365f44c5f0:192.168.151.121:46343], old=null
2019-09-24 03:09:54,378 [5406889e-ec62-4049-b262-f5316a5dbf0d@group-A4B715B6386A-SegmentedRaftLogWorker] INFO  segmented.SegmentedRaftLogWorker (SegmentedRaftLogWorker.java:execute(569)) - 5406889e-ec62-4049-b262-f5316a5dbf0d@group-A4B715B6386A-SegmentedRaftLogWorker: created new log segment /workdir/hadoop-ozone/integration-test/target/test-dir/MiniOzoneClusterImpl-012d228f-acb2-41e7-bbe8-297e082f4972/datanode-0/data/ratis/8d79d199-75f6-481a-ac05-a4b715b6386a/current/log_inprogress_0
2019-09-24 03:09:54,390 [grpc-default-executor-0] INFO  impl.RaftServerImpl (RaftServerImpl.java:setRole(174)) - 72adeaa2-1bef-4cd1-bdeb-e0365f44c5f0@group-691697993241: changes role from  FOLLOWER to FOLLOWER at term 1 for recognizeCandidate:0977c340-09ab-40ea-a2ee-06e7b0684890
2019-09-24 03:09:54,392 [grpc-default-executor-1] INFO  impl.RaftServerImpl (RaftServerImpl.java:setRole(174)) - 407a0596-b9d5-4e18-8838-1feb6dd68eb6@group-691697993241: changes role from  FOLLOWER to FOLLOWER at term 1 for recognizeCandidate:0977c340-09ab-40ea-a2ee-06e7b0684890
2019-09-24 03:09:54,393 [grpc-default-executor-0] INFO  impl.RoleInfo (RoleInfo.java:shutdownFollowerState(121)) - 72adeaa2-1bef-4cd1-bdeb-e0365f44c5f0: shutdown FollowerState
2019-09-24 03:09:54,393 [grpc-default-executor-1] INFO  impl.RoleInfo (RoleInfo.java:shutdownFollowerState(121)) - 407a0596-b9d5-4e18-8838-1feb6dd68eb6: shutdown FollowerState
2019-09-24 03:09:54,393 [Thread-816] INFO  impl.FollowerState (FollowerState.java:run(115)) - 72adeaa2-1bef-4cd1-bdeb-e0365f44c5f0: FollowerState was interrupted: java.lang.InterruptedException: sleep interrupted
2019-09-24 03:09:54,393 [grpc-default-executor-0] INFO  impl.RoleInfo (RoleInfo.java:updateAndGet(143)) - 72adeaa2-1bef-4cd1-bdeb-e0365f44c5f0: start FollowerState
2019-09-24 03:09:54,393 [Thread-817] INFO  impl.FollowerState (FollowerState.java:run(115)) - 407a0596-b9d5-4e18-8838-1feb6dd68eb6: FollowerState was interrupted: java.lang.InterruptedException: sleep interrupted
2019-09-24 03:09:54,393 [grpc-default-executor-1] INFO  impl.RoleInfo (RoleInfo.java:updateAndGet(143)) - 407a0596-b9d5-4e18-8838-1feb6dd68eb6: start FollowerState
2019-09-24 03:09:54,414 [0977c340-09ab-40ea-a2ee-06e7b0684890@group-691697993241:LeaderElection27] INFO  impl.LeaderElection (LeaderElection.java:logAndReturn(56)) - 0977c340-09ab-40ea-a2ee-06e7b0684890@group-691697993241:LeaderElection27: Election PASSED; received 1 response(s) [0977c340-09ab-40ea-a2ee-06e7b0684890<-72adeaa2-1bef-4cd1-bdeb-e0365f44c5f0#0:OK-t1] and 0 exception(s); 0977c340-09ab-40ea-a2ee-06e7b0684890@group-691697993241:t1, leader=null, voted=0977c340-09ab-40ea-a2ee-06e7b0684890, raftlog=0977c340-09ab-40ea-a2ee-06e7b0684890@group-691697993241-SegmentedRaftLog:OPENED:c-1,f-1,i0, conf=-1: [407a0596-b9d5-4e18-8838-1feb6dd68eb6:192.168.151.121:33348, 0977c340-09ab-40ea-a2ee-06e7b0684890:192.168.151.121:40113, 72adeaa2-1bef-4cd1-bdeb-e0365f44c5f0:192.168.151.121:46343], old=null
2019-09-24 03:09:54,415 [0977c340-09ab-40ea-a2ee-06e7b0684890@group-691697993241:LeaderElection27] INFO  impl.RoleInfo (RoleInfo.java:shutdownLeaderElection(134)) - 0977c340-09ab-40ea-a2ee-06e7b0684890: shutdown LeaderElection
2019-09-24 03:09:54,417 [0977c340-09ab-40ea-a2ee-06e7b0684890@group-691697993241:LeaderElection27] INFO  impl.RaftServerImpl (RaftServerImpl.java:setRole(174)) - 0977c340-09ab-40ea-a2ee-06e7b0684890@group-691697993241: changes role from CANDIDATE to LEADER at term 1 for changeToLeader
2019-09-24 03:09:54,418 [0977c340-09ab-40ea-a2ee-06e7b0684890@group-691697993241:LeaderElection27] INFO  impl.RaftServerImpl (ServerState.java:setLeader(253)) - 0977c340-09ab-40ea-a2ee-06e7b0684890@group-691697993241: change Leader from null to 0977c340-09ab-40ea-a2ee-06e7b0684890 at term 1 for becomeLeader, leader elected after 5148ms
2019-09-24 03:09:54,418 [0977c340-09ab-40ea-a2ee-06e7b0684890@group-691697993241:LeaderElection27] INFO  server.RaftServerConfigKeys (ConfUtils.java:logGet(43)) - raft.server.staging.catchup.gap = 1000 (default)
2019-09-24 03:09:54,418 [0977c340-09ab-40ea-a2ee-06e7b0684890@group-691697993241:LeaderElection27] INFO  server.RaftServerConfigKeys (ConfUtils.java:logGet(43)) - raft.server.rpc.sleep.time = 25ms (default)
2019-09-24 03:09:54,418 [0977c340-09ab-40ea-a2ee-06e7b0684890@group-691697993241:LeaderElection27] INFO  server.RaftServerConfigKeys (ConfUtils.java:logGet(43)) - raft.server.write.element-limit = 4096 (default)
2019-09-24 03:09:54,418 [0977c340-09ab-40ea-a2ee-06e7b0684890@group-691697993241:LeaderElection27] INFO  server.RaftServerConfigKeys (ConfUtils.java:logGet(43)) - raft.server.watch.timeout = 10s (default)
2019-09-24 03:09:54,418 [0977c340-09ab-40ea-a2ee-06e7b0684890@group-691697993241:LeaderElection27] INFO  server.RaftServerConfigKeys (ConfUtils.java:logGet(43)) - raft.server.watch.timeout.denomination = 1s (default)
2019-09-24 03:09:54,419 [0977c340-09ab-40ea-a2ee-06e7b0684890@group-691697993241:LeaderElection27] INFO  server.RaftServerConfigKeys (ConfUtils.java:logGet(43)) - raft.server.watch.element-limit = 65536 (default)
2019-09-24 03:09:54,421 [0977c340-09ab-40ea-a2ee-06e7b0684890@group-691697993241:LeaderElection27] INFO  server.RaftServerConfigKeys (ConfUtils.java:logGet(43)) - raft.server.log.appender.snapshot.chunk.size.max = 16MB (=16777216) (default)
2019-09-24 03:09:54,421 [0977c340-09ab-40ea-a2ee-06e7b0684890@group-691697993241:LeaderElection27] INFO  server.RaftServerConfigKeys (ConfUtils.java:logGet(43)) - raft.server.log.appender.buffer.byte-limit = 33554432 (custom)
2019-09-24 03:09:54,421 [0977c340-09ab-40ea-a2ee-06e7b0684890@group-691697993241:LeaderElection27] INFO  server.RaftServerConfigKeys (ConfUtils.java:logGet(43)) - raft.server.log.appender.buffer.element-limit = 1 (custom)
2019-09-24 03:09:54,421 [0977c340-09ab-40ea-a2ee-06e7b0684890@group-691697993241:LeaderElection27] INFO  grpc.GrpcConfigKeys$Server (ConfUtils.java:logGet(43)) - raft.grpc.server.leader.outstanding.appends.max = 128 (default)
2019-09-24 03:09:54,422 [0977c340-09ab-40ea-a2ee-06e7b0684890@group-691697993241:LeaderElection27] INFO  server.RaftServerConfigKeys (ConfUtils.java:logGet(43)) - raft.server.rpc.request.timeout = 3000ms (default)
2019-09-24 03:09:54,422 [0977c340-09ab-40ea-a2ee-06e7b0684890@group-691697993241:LeaderElection27] INFO  server.RaftServerConfigKeys (ConfUtils.java:logGet(43)) - raft.server.log.appender.install.snapshot.enabled = false (custom)
2019-09-24 03:09:54,422 [0977c340-09ab-40ea-a2ee-06e7b0684890@group-691697993241:LeaderElection27] INFO  server.RaftServerConfigKeys (ConfUtils.java:logGet(43)) - raft.server.log.appender.snapshot.chunk.size.max = 16MB (=16777216) (default)
2019-09-24 03:09:54,422 [0977c340-09ab-40ea-a2ee-06e7b0684890@group-691697993241:LeaderElection27] INFO  server.RaftServerConfigKeys (ConfUtils.java:logGet(43)) - raft.server.log.appender.buffer.byte-limit = 33554432 (custom)
2019-09-24 03:09:54,422 [0977c340-09ab-40ea-a2ee-06e7b0684890@group-691697993241:LeaderElection27] INFO  server.RaftServerConfigKeys (ConfUtils.java:logGet(43)) - raft.server.log.appender.buffer.element-limit = 1 (custom)
2019-09-24 03:09:54,423 [0977c340-09ab-40ea-a2ee-06e7b0684890@group-691697993241:LeaderElection27] INFO  grpc.GrpcConfigKeys$Server (ConfUtils.java:logGet(43)) - raft.grpc.server.leader.outstanding.appends.max = 128 (default)
2019-09-24 03:09:54,423 [0977c340-09ab-40ea-a2ee-06e7b0684890@group-691697993241:LeaderElection27] INFO  server.RaftServerConfigKeys (ConfUtils.java:logGet(43)) - raft.server.rpc.request.timeout = 3000ms (default)
2019-09-24 03:09:54,423 [0977c340-09ab-40ea-a2ee-06e7b0684890@group-691697993241:LeaderElection27] INFO  server.RaftServerConfigKeys (ConfUtils.java:logGet(43)) - raft.server.log.appender.install.snapshot.enabled = false (custom)
2019-09-24 03:09:54,423 [0977c340-09ab-40ea-a2ee-06e7b0684890@group-691697993241:LeaderElection27] INFO  impl.RoleInfo (RoleInfo.java:updateAndGet(143)) - 0977c340-09ab-40ea-a2ee-06e7b0684890: start LeaderState
2019-09-24 03:09:54,423 [0977c340-09ab-40ea-a2ee-06e7b0684890@group-691697993241:LeaderElection27] INFO  segmented.SegmentedRaftLogWorker (SegmentedRaftLogWorker.java:startLogSegment(380)) - 0977c340-09ab-40ea-a2ee-06e7b0684890@group-691697993241-SegmentedRaftLogWorker: Starting segment from index:0
2019-09-24 03:09:54,424 [0977c340-09ab-40ea-a2ee-06e7b0684890@group-691697993241:LeaderElection27] INFO  impl.RaftServerImpl (ServerState.java:setRaftConf(354)) - 0977c340-09ab-40ea-a2ee-06e7b0684890@group-691697993241: set configuration 0: [407a0596-b9d5-4e18-8838-1feb6dd68eb6:192.168.151.121:33348, 0977c340-09ab-40ea-a2ee-06e7b0684890:192.168.151.121:40113, 72adeaa2-1bef-4cd1-bdeb-e0365f44c5f0:192.168.151.121:46343], old=null at 0
2019-09-24 03:09:54,454 [grpc-default-executor-0] INFO  impl.RaftServerImpl (ServerState.java:setLeader(253)) - 407a0596-b9d5-4e18-8838-1feb6dd68eb6@group-691697993241: change Leader from null to 0977c340-09ab-40ea-a2ee-06e7b0684890 at term 1 for appendEntries, leader elected after 5183ms
2019-09-24 03:09:54,454 [grpc-default-executor-1] INFO  impl.RaftServerImpl (ServerState.java:setLeader(253)) - 72adeaa2-1bef-4cd1-bdeb-e0365f44c5f0@group-691697993241: change Leader from null to 0977c340-09ab-40ea-a2ee-06e7b0684890 at term 1 for appendEntries, leader elected after 5186ms
2019-09-24 03:09:54,458 [grpc-default-executor-1] INFO  impl.RaftServerImpl (ServerState.java:setRaftConf(354)) - 407a0596-b9d5-4e18-8838-1feb6dd68eb6@group-691697993241: set configuration 0: [407a0596-b9d5-4e18-8838-1feb6dd68eb6:192.168.151.121:33348, 0977c340-09ab-40ea-a2ee-06e7b0684890:192.168.151.121:40113, 72adeaa2-1bef-4cd1-bdeb-e0365f44c5f0:192.168.151.121:46343], old=null at 0
2019-09-24 03:09:54,458 [grpc-default-executor-0] INFO  impl.RaftServerImpl (ServerState.java:setRaftConf(354)) - 72adeaa2-1bef-4cd1-bdeb-e0365f44c5f0@group-691697993241: set configuration 0: [407a0596-b9d5-4e18-8838-1feb6dd68eb6:192.168.151.121:33348, 0977c340-09ab-40ea-a2ee-06e7b0684890:192.168.151.121:40113, 72adeaa2-1bef-4cd1-bdeb-e0365f44c5f0:192.168.151.121:46343], old=null at 0
2019-09-24 03:09:54,458 [grpc-default-executor-1] INFO  segmented.SegmentedRaftLogWorker (SegmentedRaftLogWorker.java:startLogSegment(380)) - 407a0596-b9d5-4e18-8838-1feb6dd68eb6@group-691697993241-SegmentedRaftLogWorker: Starting segment from index:0
2019-09-24 03:09:54,458 [grpc-default-executor-0] INFO  segmented.SegmentedRaftLogWorker (SegmentedRaftLogWorker.java:startLogSegment(380)) - 72adeaa2-1bef-4cd1-bdeb-e0365f44c5f0@group-691697993241-SegmentedRaftLogWorker: Starting segment from index:0
2019-09-24 03:09:54,487 [0977c340-09ab-40ea-a2ee-06e7b0684890@group-691697993241-SegmentedRaftLogWorker] INFO  segmented.SegmentedRaftLogWorker (SegmentedRaftLogWorker.java:execute(569)) - 0977c340-09ab-40ea-a2ee-06e7b0684890@group-691697993241-SegmentedRaftLogWorker: created new log segment /workdir/hadoop-ozone/integration-test/target/test-dir/MiniOzoneClusterImpl-012d228f-acb2-41e7-bbe8-297e082f4972/datanode-3/data/ratis/f89e579d-6a50-47ec-aa88-691697993241/current/log_inprogress_0
2019-09-24 03:09:54,501 [407a0596-b9d5-4e18-8838-1feb6dd68eb6@group-691697993241-SegmentedRaftLogWorker] INFO  segmented.SegmentedRaftLogWorker (SegmentedRaftLogWorker.java:execute(569)) - 407a0596-b9d5-4e18-8838-1feb6dd68eb6@group-691697993241-SegmentedRaftLogWorker: created new log segment /workdir/hadoop-ozone/integration-test/target/test-dir/MiniOzoneClusterImpl-012d228f-acb2-41e7-bbe8-297e082f4972/datanode-6/data/ratis/f89e579d-6a50-47ec-aa88-691697993241/current/log_inprogress_0
2019-09-24 03:09:54,501 [72adeaa2-1bef-4cd1-bdeb-e0365f44c5f0@group-691697993241-SegmentedRaftLogWorker] INFO  segmented.SegmentedRaftLogWorker (SegmentedRaftLogWorker.java:execute(569)) - 72adeaa2-1bef-4cd1-bdeb-e0365f44c5f0@group-691697993241-SegmentedRaftLogWorker: created new log segment /workdir/hadoop-ozone/integration-test/target/test-dir/MiniOzoneClusterImpl-012d228f-acb2-41e7-bbe8-297e082f4972/datanode-4/data/ratis/f89e579d-6a50-47ec-aa88-691697993241/current/log_inprogress_0
2019-09-24 03:09:54,766 [main] INFO  ipc.Client (Client.java:handleConnectionFailure(948)) - Retrying connect to server: localhost/127.0.0.1:0. Already tried 6 time(s); retry policy is RetryUpToMaximumCountWithFixedSleep(maxRetries=10, sleepTime=1000 MILLISECONDS)
2019-09-24 03:09:55,771 [main] INFO  ipc.Client (Client.java:handleConnectionFailure(948)) - Retrying connect to server: localhost/127.0.0.1:0. Already tried 7 time(s); retry policy is RetryUpToMaximumCountWithFixedSleep(maxRetries=10, sleepTime=1000 MILLISECONDS)
2019-09-24 03:09:56,772 [main] INFO  ipc.Client (Client.java:handleConnectionFailure(948)) - Retrying connect to server: localhost/127.0.0.1:0. Already tried 8 time(s); retry policy is RetryUpToMaximumCountWithFixedSleep(maxRetries=10, sleepTime=1000 MILLISECONDS)
2019-09-24 03:09:57,773 [main] INFO  ipc.Client (Client.java:handleConnectionFailure(948)) - Retrying connect to server: localhost/127.0.0.1:0. Already tried 9 time(s); retry policy is RetryUpToMaximumCountWithFixedSleep(maxRetries=10, sleepTime=1000 MILLISECONDS)
2019-09-24 03:09:58,776 [main] INFO  ipc.Client (Client.java:handleConnectionFailure(948)) - Retrying connect to server: localhost/127.0.0.1:0. Already tried 0 time(s); retry policy is RetryUpToMaximumCountWithFixedSleep(maxRetries=10, sleepTime=1000 MILLISECONDS)
2019-09-24 03:09:59,777 [main] INFO  ipc.Client (Client.java:handleConnectionFailure(948)) - Retrying connect to server: localhost/127.0.0.1:0. Already tried 1 time(s); retry policy is RetryUpToMaximumCountWithFixedSleep(maxRetries=10, sleepTime=1000 MILLISECONDS)
2019-09-24 03:10:00,778 [main] INFO  ipc.Client (Client.java:handleConnectionFailure(948)) - Retrying connect to server: localhost/127.0.0.1:0. Already tried 2 time(s); retry policy is RetryUpToMaximumCountWithFixedSleep(maxRetries=10, sleepTime=1000 MILLISECONDS)
2019-09-24 03:10:01,779 [main] INFO  ipc.Client (Client.java:handleConnectionFailure(948)) - Retrying connect to server: localhost/127.0.0.1:0. Already tried 3 time(s); retry policy is RetryUpToMaximumCountWithFixedSleep(maxRetries=10, sleepTime=1000 MILLISECONDS)
2019-09-24 03:10:02,780 [main] INFO  ipc.Client (Client.java:handleConnectionFailure(948)) - Retrying connect to server: localhost/127.0.0.1:0. Already tried 4 time(s); retry policy is RetryUpToMaximumCountWithFixedSleep(maxRetries=10, sleepTime=1000 MILLISECONDS)
2019-09-24 03:10:03,781 [main] INFO  ipc.Client (Client.java:handleConnectionFailure(948)) - Retrying connect to server: localhost/127.0.0.1:0. Already tried 5 time(s); retry policy is RetryUpToMaximumCountWithFixedSleep(maxRetries=10, sleepTime=1000 MILLISECONDS)
2019-09-24 03:10:04,782 [main] INFO  ipc.Client (Client.java:handleConnectionFailure(948)) - Retrying connect to server: localhost/127.0.0.1:0. Already tried 6 time(s); retry policy is RetryUpToMaximumCountWithFixedSleep(maxRetries=10, sleepTime=1000 MILLISECONDS)
2019-09-24 03:10:05,783 [main] INFO  ipc.Client (Client.java:handleConnectionFailure(948)) - Retrying connect to server: localhost/127.0.0.1:0. Already tried 7 time(s); retry policy is RetryUpToMaximumCountWithFixedSleep(maxRetries=10, sleepTime=1000 MILLISECONDS)
2019-09-24 03:10:06,784 [main] INFO  ipc.Client (Client.java:handleConnectionFailure(948)) - Retrying connect to server: localhost/127.0.0.1:0. Already tried 8 time(s); retry policy is RetryUpToMaximumCountWithFixedSleep(maxRetries=10, sleepTime=1000 MILLISECONDS)
2019-09-24 03:10:07,786 [main] INFO  ipc.Client (Client.java:handleConnectionFailure(948)) - Retrying connect to server: localhost/127.0.0.1:0. Already tried 9 time(s); retry policy is RetryUpToMaximumCountWithFixedSleep(maxRetries=10, sleepTime=1000 MILLISECONDS)
2019-09-24 03:10:07,787 [main] INFO  retry.RetryInvocationHandler (RetryInvocationHandler.java:log(411)) - com.google.protobuf.ServiceException: java.net.ConnectException: Your endpoint configuration is wrong; For more details see:  http://wiki.apache.org/hadoop/UnsetHostnameOrPort, while invoking $Proxy36.submitRequest over nodeId=null,nodeAddress=127.0.0.1:0 after 1 failover attempts. Trying to failover immediately.
2019-09-24 03:10:08,789 [main] INFO  ipc.Client (Client.java:handleConnectionFailure(948)) - Retrying connect to server: localhost/127.0.0.1:0. Already tried 0 time(s); retry policy is RetryUpToMaximumCountWithFixedSleep(maxRetries=10, sleepTime=1000 MILLISECONDS)
2019-09-24 03:10:09,790 [main] INFO  ipc.Client (Client.java:handleConnectionFailure(948)) - Retrying connect to server: localhost/127.0.0.1:0. Already tried 1 time(s); retry policy is RetryUpToMaximumCountWithFixedSleep(maxRetries=10, sleepTime=1000 MILLISECONDS)
2019-09-24 03:10:10,792 [main] INFO  ipc.Client (Client.java:handleConnectionFailure(948)) - Retrying connect to server: localhost/127.0.0.1:0. Already tried 2 time(s); retry policy is RetryUpToMaximumCountWithFixedSleep(maxRetries=10, sleepTime=1000 MILLISECONDS)
2019-09-24 03:10:11,793 [main] INFO  ipc.Client (Client.java:handleConnectionFailure(948)) - Retrying connect to server: localhost/127.0.0.1:0. Already tried 3 time(s); retry policy is RetryUpToMaximumCountWithFixedSleep(maxRetries=10, sleepTime=1000 MILLISECONDS)
2019-09-24 03:10:12,794 [main] INFO  ipc.Client (Client.java:handleConnectionFailure(948)) - Retrying connect to server: localhost/127.0.0.1:0. Already tried 4 time(s); retry policy is RetryUpToMaximumCountWithFixedSleep(maxRetries=10, sleepTime=1000 MILLISECONDS)
2019-09-24 03:10:13,796 [main] INFO  ipc.Client (Client.java:handleConnectionFailure(948)) - Retrying connect to server: localhost/127.0.0.1:0. Already tried 5 time(s); retry policy is RetryUpToMaximumCountWithFixedSleep(maxRetries=10, sleepTime=1000 MILLISECONDS)
2019-09-24 03:10:14,797 [main] INFO  ipc.Client (Client.java:handleConnectionFailure(948)) - Retrying connect to server: localhost/127.0.0.1:0. Already tried 6 time(s); retry policy is RetryUpToMaximumCountWithFixedSleep(maxRetries=10, sleepTime=1000 MILLISECONDS)
2019-09-24 03:10:15,798 [main] INFO  ipc.Client (Client.java:handleConnectionFailure(948)) - Retrying connect to server: localhost/127.0.0.1:0. Already tried 7 time(s); retry policy is RetryUpToMaximumCountWithFixedSleep(maxRetries=10, sleepTime=1000 MILLISECONDS)
2019-09-24 03:10:16,799 [main] INFO  ipc.Client (Client.java:handleConnectionFailure(948)) - Retrying connect to server: localhost/127.0.0.1:0. Already tried 8 time(s); retry policy is RetryUpToMaximumCountWithFixedSleep(maxRetries=10, sleepTime=1000 MILLISECONDS)
2019-09-24 03:10:17,801 [main] INFO  ipc.Client (Client.java:handleConnectionFailure(948)) - Retrying connect to server: localhost/127.0.0.1:0. Already tried 9 time(s); retry policy is RetryUpToMaximumCountWithFixedSleep(maxRetries=10, sleepTime=1000 MILLISECONDS)
2019-09-24 03:10:17,802 [main] INFO  retry.RetryInvocationHandler (RetryInvocationHandler.java:log(411)) - com.google.protobuf.ServiceException: java.net.ConnectException: Your endpoint configuration is wrong; For more details see:  http://wiki.apache.org/hadoop/UnsetHostnameOrPort, while invoking $Proxy36.submitRequest over nodeId=null,nodeAddress=127.0.0.1:0 after 2 failover attempts. Trying to failover immediately.
2019-09-24 03:10:18,803 [main] INFO  ipc.Client (Client.java:handleConnectionFailure(948)) - Retrying connect to server: localhost/127.0.0.1:0. Already tried 0 time(s); retry policy is RetryUpToMaximumCountWithFixedSleep(maxRetries=10, sleepTime=1000 MILLISECONDS)
2019-09-24 03:10:19,804 [main] INFO  ipc.Client (Client.java:handleConnectionFailure(948)) - Retrying connect to server: localhost/127.0.0.1:0. Already tried 1 time(s); retry policy is RetryUpToMaximumCountWithFixedSleep(maxRetries=10, sleepTime=1000 MILLISECONDS)
2019-09-24 03:10:20,806 [main] INFO  ipc.Client (Client.java:handleConnectionFailure(948)) - Retrying connect to server: localhost/127.0.0.1:0. Already tried 2 time(s); retry policy is RetryUpToMaximumCountWithFixedSleep(maxRetries=10, sleepTime=1000 MILLISECONDS)
2019-09-24 03:10:21,807 [main] INFO  ipc.Client (Client.java:handleConnectionFailure(948)) - Retrying connect to server: localhost/127.0.0.1:0. Already tried 3 time(s); retry policy is RetryUpToMaximumCountWithFixedSleep(maxRetries=10, sleepTime=1000 MILLISECONDS)
2019-09-24 03:10:22,808 [main] INFO  ipc.Client (Client.java:handleConnectionFailure(948)) - Retrying connect to server: localhost/127.0.0.1:0. Already tried 4 time(s); retry policy is RetryUpToMaximumCountWithFixedSleep(maxRetries=10, sleepTime=1000 MILLISECONDS)
2019-09-24 03:10:23,810 [main] INFO  ipc.Client (Client.java:handleConnectionFailure(948)) - Retrying connect to server: localhost/127.0.0.1:0. Already tried 5 time(s); retry policy is RetryUpToMaximumCountWithFixedSleep(maxRetries=10, sleepTime=1000 MILLISECONDS)
2019-09-24 03:10:24,811 [main] INFO  ipc.Client (Client.java:handleConnectionFailure(948)) - Retrying connect to server: localhost/127.0.0.1:0. Already tried 6 time(s); retry policy is RetryUpToMaximumCountWithFixedSleep(maxRetries=10, sleepTime=1000 MILLISECONDS)
2019-09-24 03:10:25,812 [main] INFO  ipc.Client (Client.java:handleConnectionFailure(948)) - Retrying connect to server: localhost/127.0.0.1:0. Already tried 7 time(s); retry policy is RetryUpToMaximumCountWithFixedSleep(maxRetries=10, sleepTime=1000 MILLISECONDS)
2019-09-24 03:10:26,813 [main] INFO  ipc.Client (Client.java:handleConnectionFailure(948)) - Retrying connect to server: localhost/127.0.0.1:0. Already tried 8 time(s); retry policy is RetryUpToMaximumCountWithFixedSleep(maxRetries=10, sleepTime=1000 MILLISECONDS)
2019-09-24 03:10:27,815 [main] INFO  ipc.Client (Client.java:handleConnectionFailure(948)) - Retrying connect to server: localhost/127.0.0.1:0. Already tried 9 time(s); retry policy is RetryUpToMaximumCountWithFixedSleep(maxRetries=10, sleepTime=1000 MILLISECONDS)
2019-09-24 03:10:27,817 [main] INFO  retry.RetryInvocationHandler (RetryInvocationHandler.java:log(411)) - com.google.protobuf.ServiceException: java.net.ConnectException: Your endpoint configuration is wrong; For more details see:  http://wiki.apache.org/hadoop/UnsetHostnameOrPort, while invoking $Proxy36.submitRequest over nodeId=null,nodeAddress=127.0.0.1:0 after 3 failover attempts. Trying to failover immediately.
2019-09-24 03:10:28,818 [main] INFO  ipc.Client (Client.java:handleConnectionFailure(948)) - Retrying connect to server: localhost/127.0.0.1:0. Already tried 0 time(s); retry policy is RetryUpToMaximumCountWithFixedSleep(maxRetries=10, sleepTime=1000 MILLISECONDS)
2019-09-24 03:10:29,819 [main] INFO  ipc.Client (Client.java:handleConnectionFailure(948)) - Retrying connect to server: localhost/127.0.0.1:0. Already tried 1 time(s); retry policy is RetryUpToMaximumCountWithFixedSleep(maxRetries=10, sleepTime=1000 MILLISECONDS)
2019-09-24 03:10:30,820 [main] INFO  ipc.Client (Client.java:handleConnectionFailure(948)) - Retrying connect to server: localhost/127.0.0.1:0. Already tried 2 time(s); retry policy is RetryUpToMaximumCountWithFixedSleep(maxRetries=10, sleepTime=1000 MILLISECONDS)
2019-09-24 03:10:31,822 [main] INFO  ipc.Client (Client.java:handleConnectionFailure(948)) - Retrying connect to server: localhost/127.0.0.1:0. Already tried 3 time(s); retry policy is RetryUpToMaximumCountWithFixedSleep(maxRetries=10, sleepTime=1000 MILLISECONDS)
2019-09-24 03:10:32,823 [main] INFO  ipc.Client (Client.java:handleConnectionFailure(948)) - Retrying connect to server: localhost/127.0.0.1:0. Already tried 4 time(s); retry policy is RetryUpToMaximumCountWithFixedSleep(maxRetries=10, sleepTime=1000 MILLISECONDS)
2019-09-24 03:10:33,824 [main] INFO  ipc.Client (Client.java:handleConnectionFailure(948)) - Retrying connect to server: localhost/127.0.0.1:0. Already tried 5 time(s); retry policy is RetryUpToMaximumCountWithFixedSleep(maxRetries=10, sleepTime=1000 MILLISECONDS)
2019-09-24 03:10:34,825 [main] INFO  ipc.Client (Client.java:handleConnectionFailure(948)) - Retrying connect to server: localhost/127.0.0.1:0. Already tried 6 time(s); retry policy is RetryUpToMaximumCountWithFixedSleep(maxRetries=10, sleepTime=1000 MILLISECONDS)
2019-09-24 03:10:35,827 [main] INFO  ipc.Client (Client.java:handleConnectionFailure(948)) - Retrying connect to server: localhost/127.0.0.1:0. Already tried 7 time(s); retry policy is RetryUpToMaximumCountWithFixedSleep(maxRetries=10, sleepTime=1000 MILLISECONDS)
2019-09-24 03:10:36,828 [main] INFO  ipc.Client (Client.java:handleConnectionFailure(948)) - Retrying connect to server: localhost/127.0.0.1:0. Already tried 8 time(s); retry policy is RetryUpToMaximumCountWithFixedSleep(maxRetries=10, sleepTime=1000 MILLISECONDS)
2019-09-24 03:10:37,829 [main] INFO  ipc.Client (Client.java:handleConnectionFailure(948)) - Retrying connect to server: localhost/127.0.0.1:0. Already tried 9 time(s); retry policy is RetryUpToMaximumCountWithFixedSleep(maxRetries=10, sleepTime=1000 MILLISECONDS)
2019-09-24 03:10:37,831 [main] INFO  retry.RetryInvocationHandler (RetryInvocationHandler.java:log(411)) - com.google.protobuf.ServiceException: java.net.ConnectException: Your endpoint configuration is wrong; For more details see:  http://wiki.apache.org/hadoop/UnsetHostnameOrPort, while invoking $Proxy36.submitRequest over nodeId=null,nodeAddress=127.0.0.1:0 after 4 failover attempts. Trying to failover immediately.
2019-09-24 03:10:38,848 [main] INFO  ipc.Client (Client.java:handleConnectionFailure(948)) - Retrying connect to server: localhost/127.0.0.1:0. Already tried 0 time(s); retry policy is RetryUpToMaximumCountWithFixedSleep(maxRetries=10, sleepTime=1000 MILLISECONDS)
2019-09-24 03:10:39,849 [main] INFO  ipc.Client (Client.java:handleConnectionFailure(948)) - Retrying connect to server: localhost/127.0.0.1:0. Already tried 1 time(s); retry policy is RetryUpToMaximumCountWithFixedSleep(maxRetries=10, sleepTime=1000 MILLISECONDS)
2019-09-24 03:10:40,851 [main] INFO  ipc.Client (Client.java:handleConnectionFailure(948)) - Retrying connect to server: localhost/127.0.0.1:0. Already tried 2 time(s); retry policy is RetryUpToMaximumCountWithFixedSleep(maxRetries=10, sleepTime=1000 MILLISECONDS)
2019-09-24 03:10:41,852 [main] INFO  ipc.Client (Client.java:handleConnectionFailure(948)) - Retrying connect to server: localhost/127.0.0.1:0. Already tried 3 time(s); retry policy is RetryUpToMaximumCountWithFixedSleep(maxRetries=10, sleepTime=1000 MILLISECONDS)
2019-09-24 03:10:42,853 [main] INFO  ipc.Client (Client.java:handleConnectionFailure(948)) - Retrying connect to server: localhost/127.0.0.1:0. Already tried 4 time(s); retry policy is RetryUpToMaximumCountWithFixedSleep(maxRetries=10, sleepTime=1000 MILLISECONDS)
2019-09-24 03:10:43,855 [main] INFO  ipc.Client (Client.java:handleConnectionFailure(948)) - Retrying connect to server: localhost/127.0.0.1:0. Already tried 5 time(s); retry policy is RetryUpToMaximumCountWithFixedSleep(maxRetries=10, sleepTime=1000 MILLISECONDS)
2019-09-24 03:10:44,856 [main] INFO  ipc.Client (Client.java:handleConnectionFailure(948)) - Retrying connect to server: localhost/127.0.0.1:0. Already tried 6 time(s); retry policy is RetryUpToMaximumCountWithFixedSleep(maxRetries=10, sleepTime=1000 MILLISECONDS)
2019-09-24 03:10:45,857 [main] INFO  ipc.Client (Client.java:handleConnectionFailure(948)) - Retrying connect to server: localhost/127.0.0.1:0. Already tried 7 time(s); retry policy is RetryUpToMaximumCountWithFixedSleep(maxRetries=10, sleepTime=1000 MILLISECONDS)
2019-09-24 03:10:46,859 [main] INFO  ipc.Client (Client.java:handleConnectionFailure(948)) - Retrying connect to server: localhost/127.0.0.1:0. Already tried 8 time(s); retry policy is RetryUpToMaximumCountWithFixedSleep(maxRetries=10, sleepTime=1000 MILLISECONDS)
2019-09-24 03:10:47,860 [main] INFO  ipc.Client (Client.java:handleConnectionFailure(948)) - Retrying connect to server: localhost/127.0.0.1:0. Already tried 9 time(s); retry policy is RetryUpToMaximumCountWithFixedSleep(maxRetries=10, sleepTime=1000 MILLISECONDS)
2019-09-24 03:10:47,862 [main] INFO  retry.RetryInvocationHandler (RetryInvocationHandler.java:log(411)) - com.google.protobuf.ServiceException: java.net.ConnectException: Your endpoint configuration is wrong; For more details see:  http://wiki.apache.org/hadoop/UnsetHostnameOrPort, while invoking $Proxy36.submitRequest over nodeId=null,nodeAddress=127.0.0.1:0 after 5 failover attempts. Trying to failover immediately.
2019-09-24 03:10:48,863 [main] INFO  ipc.Client (Client.java:handleConnectionFailure(948)) - Retrying connect to server: localhost/127.0.0.1:0. Already tried 0 time(s); retry policy is RetryUpToMaximumCountWithFixedSleep(maxRetries=10, sleepTime=1000 MILLISECONDS)
2019-09-24 03:10:49,864 [main] INFO  ipc.Client (Client.java:handleConnectionFailure(948)) - Retrying connect to server: localhost/127.0.0.1:0. Already tried 1 time(s); retry policy is RetryUpToMaximumCountWithFixedSleep(maxRetries=10, sleepTime=1000 MILLISECONDS)
2019-09-24 03:10:50,865 [main] INFO  ipc.Client (Client.java:handleConnectionFailure(948)) - Retrying connect to server: localhost/127.0.0.1:0. Already tried 2 time(s); retry policy is RetryUpToMaximumCountWithFixedSleep(maxRetries=10, sleepTime=1000 MILLISECONDS)
2019-09-24 03:10:51,866 [main] INFO  ipc.Client (Client.java:handleConnectionFailure(948)) - Retrying connect to server: localhost/127.0.0.1:0. Already tried 3 time(s); retry policy is RetryUpToMaximumCountWithFixedSleep(maxRetries=10, sleepTime=1000 MILLISECONDS)
2019-09-24 03:10:52,868 [main] INFO  ipc.Client (Client.java:handleConnectionFailure(948)) - Retrying connect to server: localhost/127.0.0.1:0. Already tried 4 time(s); retry policy is RetryUpToMaximumCountWithFixedSleep(maxRetries=10, sleepTime=1000 MILLISECONDS)
2019-09-24 03:10:53,869 [main] INFO  ipc.Client (Client.java:handleConnectionFailure(948)) - Retrying connect to server: localhost/127.0.0.1:0. Already tried 5 time(s); retry policy is RetryUpToMaximumCountWithFixedSleep(maxRetries=10, sleepTime=1000 MILLISECONDS)
2019-09-24 03:10:54,870 [main] INFO  ipc.Client (Client.java:handleConnectionFailure(948)) - Retrying connect to server: localhost/127.0.0.1:0. Already tried 6 time(s); retry policy is RetryUpToMaximumCountWithFixedSleep(maxRetries=10, sleepTime=1000 MILLISECONDS)
2019-09-24 03:10:55,871 [main] INFO  ipc.Client (Client.java:handleConnectionFailure(948)) - Retrying connect to server: localhost/127.0.0.1:0. Already tried 7 time(s); retry policy is RetryUpToMaximumCountWithFixedSleep(maxRetries=10, sleepTime=1000 MILLISECONDS)
2019-09-24 03:10:56,872 [main] INFO  ipc.Client (Client.java:handleConnectionFailure(948)) - Retrying connect to server: localhost/127.0.0.1:0. Already tried 8 time(s); retry policy is RetryUpToMaximumCountWithFixedSleep(maxRetries=10, sleepTime=1000 MILLISECONDS)
2019-09-24 03:10:57,874 [main] INFO  ipc.Client (Client.java:handleConnectionFailure(948)) - Retrying connect to server: localhost/127.0.0.1:0. Already tried 9 time(s); retry policy is RetryUpToMaximumCountWithFixedSleep(maxRetries=10, sleepTime=1000 MILLISECONDS)
2019-09-24 03:10:57,876 [main] INFO  retry.RetryInvocationHandler (RetryInvocationHandler.java:log(411)) - com.google.protobuf.ServiceException: java.net.ConnectException: Your endpoint configuration is wrong; For more details see:  http://wiki.apache.org/hadoop/UnsetHostnameOrPort, while invoking $Proxy36.submitRequest over nodeId=null,nodeAddress=127.0.0.1:0 after 6 failover attempts. Trying to failover immediately.
2019-09-24 03:10:58,877 [main] INFO  ipc.Client (Client.java:handleConnectionFailure(948)) - Retrying connect to server: localhost/127.0.0.1:0. Already tried 0 time(s); retry policy is RetryUpToMaximumCountWithFixedSleep(maxRetries=10, sleepTime=1000 MILLISECONDS)
2019-09-24 03:10:59,878 [main] INFO  ipc.Client (Client.java:handleConnectionFailure(948)) - Retrying connect to server: localhost/127.0.0.1:0. Already tried 1 time(s); retry policy is RetryUpToMaximumCountWithFixedSleep(maxRetries=10, sleepTime=1000 MILLISECONDS)
2019-09-24 03:11:00,880 [main] INFO  ipc.Client (Client.java:handleConnectionFailure(948)) - Retrying connect to server: localhost/127.0.0.1:0. Already tried 2 time(s); retry policy is RetryUpToMaximumCountWithFixedSleep(maxRetries=10, sleepTime=1000 MILLISECONDS)
2019-09-24 03:11:01,881 [main] INFO  ipc.Client (Client.java:handleConnectionFailure(948)) - Retrying connect to server: localhost/127.0.0.1:0. Already tried 3 time(s); retry policy is RetryUpToMaximumCountWithFixedSleep(maxRetries=10, sleepTime=1000 MILLISECONDS)
2019-09-24 03:11:02,882 [main] INFO  ipc.Client (Client.java:handleConnectionFailure(948)) - Retrying connect to server: localhost/127.0.0.1:0. Already tried 4 time(s); retry policy is RetryUpToMaximumCountWithFixedSleep(maxRetries=10, sleepTime=1000 MILLISECONDS)
2019-09-24 03:11:03,883 [main] INFO  ipc.Client (Client.java:handleConnectionFailure(948)) - Retrying connect to server: localhost/127.0.0.1:0. Already tried 5 time(s); retry policy is RetryUpToMaximumCountWithFixedSleep(maxRetries=10, sleepTime=1000 MILLISECONDS)
2019-09-24 03:11:04,884 [main] INFO  ipc.Client (Client.java:handleConnectionFailure(948)) - Retrying connect to server: localhost/127.0.0.1:0. Already tried 6 time(s); retry policy is RetryUpToMaximumCountWithFixedSleep(maxRetries=10, sleepTime=1000 MILLISECONDS)
2019-09-24 03:11:05,885 [main] INFO  ipc.Client (Client.java:handleConnectionFailure(948)) - Retrying connect to server: localhost/127.0.0.1:0. Already tried 7 time(s); retry policy is RetryUpToMaximumCountWithFixedSleep(maxRetries=10, sleepTime=1000 MILLISECONDS)
2019-09-24 03:11:06,887 [main] INFO  ipc.Client (Client.java:handleConnectionFailure(948)) - Retrying connect to server: localhost/127.0.0.1:0. Already tried 8 time(s); retry policy is RetryUpToMaximumCountWithFixedSleep(maxRetries=10, sleepTime=1000 MILLISECONDS)
2019-09-24 03:11:07,888 [main] INFO  ipc.Client (Client.java:handleConnectionFailure(948)) - Retrying connect to server: localhost/127.0.0.1:0. Already tried 9 time(s); retry policy is RetryUpToMaximumCountWithFixedSleep(maxRetries=10, sleepTime=1000 MILLISECONDS)
2019-09-24 03:11:07,890 [main] INFO  retry.RetryInvocationHandler (RetryInvocationHandler.java:log(411)) - com.google.protobuf.ServiceException: java.net.ConnectException: Your endpoint configuration is wrong; For more details see:  http://wiki.apache.org/hadoop/UnsetHostnameOrPort, while invoking $Proxy36.submitRequest over nodeId=null,nodeAddress=127.0.0.1:0 after 7 failover attempts. Trying to failover immediately.
2019-09-24 03:11:08,891 [main] INFO  ipc.Client (Client.java:handleConnectionFailure(948)) - Retrying connect to server: localhost/127.0.0.1:0. Already tried 0 time(s); retry policy is RetryUpToMaximumCountWithFixedSleep(maxRetries=10, sleepTime=1000 MILLISECONDS)
2019-09-24 03:11:09,892 [main] INFO  ipc.Client (Client.java:handleConnectionFailure(948)) - Retrying connect to server: localhost/127.0.0.1:0. Already tried 1 time(s); retry policy is RetryUpToMaximumCountWithFixedSleep(maxRetries=10, sleepTime=1000 MILLISECONDS)
2019-09-24 03:11:10,894 [main] INFO  ipc.Client (Client.java:handleConnectionFailure(948)) - Retrying connect to server: localhost/127.0.0.1:0. Already tried 2 time(s); retry policy is RetryUpToMaximumCountWithFixedSleep(maxRetries=10, sleepTime=1000 MILLISECONDS)
2019-09-24 03:11:11,895 [main] INFO  ipc.Client (Client.java:handleConnectionFailure(948)) - Retrying connect to server: localhost/127.0.0.1:0. Already tried 3 time(s); retry policy is RetryUpToMaximumCountWithFixedSleep(maxRetries=10, sleepTime=1000 MILLISECONDS)
2019-09-24 03:11:12,896 [main] INFO  ipc.Client (Client.java:handleConnectionFailure(948)) - Retrying connect to server: localhost/127.0.0.1:0. Already tried 4 time(s); retry policy is RetryUpToMaximumCountWithFixedSleep(maxRetries=10, sleepTime=1000 MILLISECONDS)
2019-09-24 03:11:13,898 [main] INFO  ipc.Client (Client.java:handleConnectionFailure(948)) - Retrying connect to server: localhost/127.0.0.1:0. Already tried 5 time(s); retry policy is RetryUpToMaximumCountWithFixedSleep(maxRetries=10, sleepTime=1000 MILLISECONDS)
2019-09-24 03:11:14,899 [main] INFO  ipc.Client (Client.java:handleConnectionFailure(948)) - Retrying connect to server: localhost/127.0.0.1:0. Already tried 6 time(s); retry policy is RetryUpToMaximumCountWithFixedSleep(maxRetries=10, sleepTime=1000 MILLISECONDS)
2019-09-24 03:11:15,900 [main] INFO  ipc.Client (Client.java:handleConnectionFailure(948)) - Retrying connect to server: localhost/127.0.0.1:0. Already tried 7 time(s); retry policy is RetryUpToMaximumCountWithFixedSleep(maxRetries=10, sleepTime=1000 MILLISECONDS)
2019-09-24 03:11:16,902 [main] INFO  ipc.Client (Client.java:handleConnectionFailure(948)) - Retrying connect to server: localhost/127.0.0.1:0. Already tried 8 time(s); retry policy is RetryUpToMaximumCountWithFixedSleep(maxRetries=10, sleepTime=1000 MILLISECONDS)
2019-09-24 03:11:17,903 [main] INFO  ipc.Client (Client.java:handleConnectionFailure(948)) - Retrying connect to server: localhost/127.0.0.1:0. Already tried 9 time(s); retry policy is RetryUpToMaximumCountWithFixedSleep(maxRetries=10, sleepTime=1000 MILLISECONDS)
2019-09-24 03:11:17,905 [main] INFO  retry.RetryInvocationHandler (RetryInvocationHandler.java:log(411)) - com.google.protobuf.ServiceException: java.net.ConnectException: Your endpoint configuration is wrong; For more details see:  http://wiki.apache.org/hadoop/UnsetHostnameOrPort, while invoking $Proxy36.submitRequest over nodeId=null,nodeAddress=127.0.0.1:0 after 8 failover attempts. Trying to failover immediately.
2019-09-24 03:11:18,906 [main] INFO  ipc.Client (Client.java:handleConnectionFailure(948)) - Retrying connect to server: localhost/127.0.0.1:0. Already tried 0 time(s); retry policy is RetryUpToMaximumCountWithFixedSleep(maxRetries=10, sleepTime=1000 MILLISECONDS)
2019-09-24 03:11:19,907 [main] INFO  ipc.Client (Client.java:handleConnectionFailure(948)) - Retrying connect to server: localhost/127.0.0.1:0. Already tried 1 time(s); retry policy is RetryUpToMaximumCountWithFixedSleep(maxRetries=10, sleepTime=1000 MILLISECONDS)
2019-09-24 03:11:20,908 [main] INFO  ipc.Client (Client.java:handleConnectionFailure(948)) - Retrying connect to server: localhost/127.0.0.1:0. Already tried 2 time(s); retry policy is RetryUpToMaximumCountWithFixedSleep(maxRetries=10, sleepTime=1000 MILLISECONDS)
2019-09-24 03:11:21,910 [main] INFO  ipc.Client (Client.java:handleConnectionFailure(948)) - Retrying connect to server: localhost/127.0.0.1:0. Already tried 3 time(s); retry policy is RetryUpToMaximumCountWithFixedSleep(maxRetries=10, sleepTime=1000 MILLISECONDS)
2019-09-24 03:11:22,911 [main] INFO  ipc.Client (Client.java:handleConnectionFailure(948)) - Retrying connect to server: localhost/127.0.0.1:0. Already tried 4 time(s); retry policy is RetryUpToMaximumCountWithFixedSleep(maxRetries=10, sleepTime=1000 MILLISECONDS)
2019-09-24 03:11:23,913 [main] INFO  ipc.Client (Client.java:handleConnectionFailure(948)) - Retrying connect to server: localhost/127.0.0.1:0. Already tried 5 time(s); retry policy is RetryUpToMaximumCountWithFixedSleep(maxRetries=10, sleepTime=1000 MILLISECONDS)
2019-09-24 03:11:24,914 [main] INFO  ipc.Client (Client.java:handleConnectionFailure(948)) - Retrying connect to server: localhost/127.0.0.1:0. Already tried 6 time(s); retry policy is RetryUpToMaximumCountWithFixedSleep(maxRetries=10, sleepTime=1000 MILLISECONDS)
2019-09-24 03:11:25,915 [main] INFO  ipc.Client (Client.java:handleConnectionFailure(948)) - Retrying connect to server: localhost/127.0.0.1:0. Already tried 7 time(s); retry policy is RetryUpToMaximumCountWithFixedSleep(maxRetries=10, sleepTime=1000 MILLISECONDS)
2019-09-24 03:11:26,916 [main] INFO  ipc.Client (Client.java:handleConnectionFailure(948)) - Retrying connect to server: localhost/127.0.0.1:0. Already tried 8 time(s); retry policy is RetryUpToMaximumCountWithFixedSleep(maxRetries=10, sleepTime=1000 MILLISECONDS)
2019-09-24 03:11:27,917 [main] INFO  ipc.Client (Client.java:handleConnectionFailure(948)) - Retrying connect to server: localhost/127.0.0.1:0. Already tried 9 time(s); retry policy is RetryUpToMaximumCountWithFixedSleep(maxRetries=10, sleepTime=1000 MILLISECONDS)
2019-09-24 03:11:27,918 [main] INFO  retry.RetryInvocationHandler (RetryInvocationHandler.java:log(411)) - com.google.protobuf.ServiceException: java.net.ConnectException: Your endpoint configuration is wrong; For more details see:  http://wiki.apache.org/hadoop/UnsetHostnameOrPort, while invoking $Proxy36.submitRequest over nodeId=null,nodeAddress=127.0.0.1:0 after 9 failover attempts. Trying to failover immediately.
2019-09-24 03:11:28,919 [main] INFO  ipc.Client (Client.java:handleConnectionFailure(948)) - Retrying connect to server: localhost/127.0.0.1:0. Already tried 0 time(s); retry policy is RetryUpToMaximumCountWithFixedSleep(maxRetries=10, sleepTime=1000 MILLISECONDS)
2019-09-24 03:11:29,920 [main] INFO  ipc.Client (Client.java:handleConnectionFailure(948)) - Retrying connect to server: localhost/127.0.0.1:0. Already tried 1 time(s); retry policy is RetryUpToMaximumCountWithFixedSleep(maxRetries=10, sleepTime=1000 MILLISECONDS)
2019-09-24 03:11:30,921 [main] INFO  ipc.Client (Client.java:handleConnectionFailure(948)) - Retrying connect to server: localhost/127.0.0.1:0. Already tried 2 time(s); retry policy is RetryUpToMaximumCountWithFixedSleep(maxRetries=10, sleepTime=1000 MILLISECONDS)
2019-09-24 03:11:31,922 [main] INFO  ipc.Client (Client.java:handleConnectionFailure(948)) - Retrying connect to server: localhost/127.0.0.1:0. Already tried 3 time(s); retry policy is RetryUpToMaximumCountWithFixedSleep(maxRetries=10, sleepTime=1000 MILLISECONDS)
2019-09-24 03:11:32,923 [main] INFO  ipc.Client (Client.java:handleConnectionFailure(948)) - Retrying connect to server: localhost/127.0.0.1:0. Already tried 4 time(s); retry policy is RetryUpToMaximumCountWithFixedSleep(maxRetries=10, sleepTime=1000 MILLISECONDS)
2019-09-24 03:11:33,924 [main] INFO  ipc.Client (Client.java:handleConnectionFailure(948)) - Retrying connect to server: localhost/127.0.0.1:0. Already tried 5 time(s); retry policy is RetryUpToMaximumCountWithFixedSleep(maxRetries=10, sleepTime=1000 MILLISECONDS)
2019-09-24 03:11:34,925 [main] INFO  ipc.Client (Client.java:handleConnectionFailure(948)) - Retrying connect to server: localhost/127.0.0.1:0. Already tried 6 time(s); retry policy is RetryUpToMaximumCountWithFixedSleep(maxRetries=10, sleepTime=1000 MILLISECONDS)
2019-09-24 03:11:35,925 [main] INFO  ipc.Client (Client.java:handleConnectionFailure(948)) - Retrying connect to server: localhost/127.0.0.1:0. Already tried 7 time(s); retry policy is RetryUpToMaximumCountWithFixedSleep(maxRetries=10, sleepTime=1000 MILLISECONDS)
2019-09-24 03:11:36,926 [main] INFO  ipc.Client (Client.java:handleConnectionFailure(948)) - Retrying connect to server: localhost/127.0.0.1:0. Already tried 8 time(s); retry policy is RetryUpToMaximumCountWithFixedSleep(maxRetries=10, sleepTime=1000 MILLISECONDS)
2019-09-24 03:11:37,927 [main] INFO  ipc.Client (Client.java:handleConnectionFailure(948)) - Retrying connect to server: localhost/127.0.0.1:0. Already tried 9 time(s); retry policy is RetryUpToMaximumCountWithFixedSleep(maxRetries=10, sleepTime=1000 MILLISECONDS)
2019-09-24 03:11:37,929 [main] ERROR ha.OMFailoverProxyProvider (OzoneManagerProtocolClientSideTranslatorPB.java:getRetryAction(268)) - Failed to connect to OM. Attempted 10 retries and 10 failovers
2019-09-24 03:11:37,929 [main] ERROR client.OzoneClientFactory (OzoneClientFactory.java:getClientProtocol(259)) - Couldn't create RpcClient protocol exception: 
java.net.ConnectException: Your endpoint configuration is wrong; For more details see:  http://wiki.apache.org/hadoop/UnsetHostnameOrPort
	at sun.reflect.GeneratedConstructorAccessor31.newInstance(Unknown Source)
	at sun.reflect.DelegatingConstructorAccessorImpl.newInstance(DelegatingConstructorAccessorImpl.java:45)
	at java.lang.reflect.Constructor.newInstance(Constructor.java:423)
	at org.apache.hadoop.net.NetUtils.wrapWithMessage(NetUtils.java:831)
	at org.apache.hadoop.net.NetUtils.wrapException(NetUtils.java:751)
	at org.apache.hadoop.ipc.Client.getRpcResponse(Client.java:1515)
	at org.apache.hadoop.ipc.Client.call(Client.java:1457)
	at org.apache.hadoop.ipc.Client.call(Client.java:1367)
	at org.apache.hadoop.ipc.ProtobufRpcEngine$Invoker.invoke(ProtobufRpcEngine.java:228)
	at org.apache.hadoop.ipc.ProtobufRpcEngine$Invoker.invoke(ProtobufRpcEngine.java:116)
	at com.sun.proxy.$Proxy36.submitRequest(Unknown Source)
	at sun.reflect.GeneratedMethodAccessor23.invoke(Unknown Source)
	at sun.reflect.DelegatingMethodAccessorImpl.invoke(DelegatingMethodAccessorImpl.java:43)
	at java.lang.reflect.Method.invoke(Method.java:498)
	at org.apache.hadoop.io.retry.RetryInvocationHandler.invokeMethod(RetryInvocationHandler.java:422)
	at org.apache.hadoop.io.retry.RetryInvocationHandler$Call.invokeMethod(RetryInvocationHandler.java:165)
	at org.apache.hadoop.io.retry.RetryInvocationHandler$Call.invoke(RetryInvocationHandler.java:157)
	at org.apache.hadoop.io.retry.RetryInvocationHandler$Call.invokeOnce(RetryInvocationHandler.java:95)
	at org.apache.hadoop.io.retry.RetryInvocationHandler.invoke(RetryInvocationHandler.java:359)
	at com.sun.proxy.$Proxy36.submitRequest(Unknown Source)
	at org.apache.hadoop.ozone.om.protocolPB.OzoneManagerProtocolClientSideTranslatorPB.submitRequest(OzoneManagerProtocolClientSideTranslatorPB.java:338)
	at org.apache.hadoop.ozone.om.protocolPB.OzoneManagerProtocolClientSideTranslatorPB.getServiceInfo(OzoneManagerProtocolClientSideTranslatorPB.java:1223)
	at sun.reflect.NativeMethodAccessorImpl.invoke0(Native Method)
	at sun.reflect.NativeMethodAccessorImpl.invoke(NativeMethodAccessorImpl.java:62)
	at sun.reflect.DelegatingMethodAccessorImpl.invoke(DelegatingMethodAccessorImpl.java:43)
	at java.lang.reflect.Method.invoke(Method.java:498)
	at org.apache.hadoop.hdds.tracing.TraceAllMethod.invoke(TraceAllMethod.java:66)
	at com.sun.proxy.$Proxy37.getServiceInfo(Unknown Source)
	at org.apache.hadoop.ozone.client.rpc.RpcClient.<init>(RpcClient.java:154)
	at org.apache.hadoop.ozone.client.OzoneClientFactory.getClientProtocol(OzoneClientFactory.java:256)
	at org.apache.hadoop.ozone.client.OzoneClientFactory.getClientProtocol(OzoneClientFactory.java:239)
	at org.apache.hadoop.ozone.client.OzoneClientFactory.getClient(OzoneClientFactory.java:75)
	at org.apache.hadoop.ozone.client.rpc.TestOzoneClientRetriesOnException.init(TestOzoneClientRetriesOnException.java:102)
	at sun.reflect.NativeMethodAccessorImpl.invoke0(Native Method)
	at sun.reflect.NativeMethodAccessorImpl.invoke(NativeMethodAccessorImpl.java:62)
	at sun.reflect.DelegatingMethodAccessorImpl.invoke(DelegatingMethodAccessorImpl.java:43)
	at java.lang.reflect.Method.invoke(Method.java:498)
	at org.junit.runners.model.FrameworkMethod$1.runReflectiveCall(FrameworkMethod.java:47)
	at org.junit.internal.runners.model.ReflectiveCallable.run(ReflectiveCallable.java:12)
	at org.junit.runners.model.FrameworkMethod.invokeExplosively(FrameworkMethod.java:44)
	at org.junit.internal.runners.statements.RunBefores.evaluate(RunBefores.java:24)
	at org.junit.internal.runners.statements.RunAfters.evaluate(RunAfters.java:27)
	at org.junit.runners.ParentRunner.runLeaf(ParentRunner.java:271)
	at org.junit.runners.BlockJUnit4ClassRunner.runChild(BlockJUnit4ClassRunner.java:70)
	at org.junit.runners.BlockJUnit4ClassRunner.runChild(BlockJUnit4ClassRunner.java:50)
	at org.junit.runners.ParentRunner$3.run(ParentRunner.java:238)
	at org.junit.runners.ParentRunner$1.schedule(ParentRunner.java:63)
	at org.junit.runners.ParentRunner.runChildren(ParentRunner.java:236)
	at org.junit.runners.ParentRunner.access$000(ParentRunner.java:53)
	at org.junit.runners.ParentRunner$2.evaluate(ParentRunner.java:229)
	at org.junit.runners.ParentRunner.run(ParentRunner.java:309)
	at org.apache.maven.surefire.junit4.JUnit4Provider.execute(JUnit4Provider.java:365)
	at org.apache.maven.surefire.junit4.JUnit4Provider.executeWithRerun(JUnit4Provider.java:273)
	at org.apache.maven.surefire.junit4.JUnit4Provider.executeTestSet(JUnit4Provider.java:238)
	at org.apache.maven.surefire.junit4.JUnit4Provider.invoke(JUnit4Provider.java:159)
	at org.apache.maven.surefire.booter.ForkedBooter.invokeProviderInSameClassLoader(ForkedBooter.java:384)
	at org.apache.maven.surefire.booter.ForkedBooter.runSuitesInProcess(ForkedBooter.java:345)
	at org.apache.maven.surefire.booter.ForkedBooter.execute(ForkedBooter.java:126)
	at org.apache.maven.surefire.booter.ForkedBooter.main(ForkedBooter.java:418)
Caused by: java.net.ConnectException: Connection refused
	at sun.nio.ch.SocketChannelImpl.checkConnect(Native Method)
	at sun.nio.ch.SocketChannelImpl.finishConnect(SocketChannelImpl.java:717)
	at org.apache.hadoop.net.SocketIOWithTimeout.connect(SocketIOWithTimeout.java:206)
	at org.apache.hadoop.net.NetUtils.connect(NetUtils.java:531)
	at org.apache.hadoop.ipc.Client$Connection.setupConnection(Client.java:690)
	at org.apache.hadoop.ipc.Client$Connection.setupIOstreams(Client.java:794)
	at org.apache.hadoop.ipc.Client$Connection.access$3700(Client.java:411)
	at org.apache.hadoop.ipc.Client.getConnection(Client.java:1572)
	at org.apache.hadoop.ipc.Client.call(Client.java:1403)
	... 52 more
2019-09-24 03:11:37,934 [main] INFO  ozone.MiniOzoneClusterImpl (MiniOzoneClusterImpl.java:shutdown(314)) - Shutting down the Mini Ozone Cluster
2019-09-24 03:11:37,934 [main] INFO  ozone.MiniOzoneClusterImpl (MiniOzoneClusterImpl.java:stop(330)) - Stopping the Mini Ozone Cluster
2019-09-24 03:11:37,934 [main] INFO  ozone.MiniOzoneClusterImpl (MiniOzoneClusterImpl.java:stopOM(400)) - Stopping the OzoneManager
2019-09-24 03:11:37,934 [main] INFO  ipc.Server (Server.java:stop(3082)) - Stopping server on 38528
2019-09-24 03:11:37,960 [IPC Server listener on 38528] INFO  ipc.Server (Server.java:run(1185)) - Stopping IPC Server listener on 38528
2019-09-24 03:11:37,960 [main] INFO  ratis.OzoneManagerDoubleBuffer (OzoneManagerDoubleBuffer.java:stop(248)) - Stopping OMDoubleBuffer flush thread
2019-09-24 03:11:37,960 [IPC Server Responder] INFO  ipc.Server (Server.java:run(1319)) - Stopping IPC Server Responder
2019-09-24 03:11:37,964 [OMDoubleBufferFlushThread] INFO  ratis.OzoneManagerDoubleBuffer (OzoneManagerDoubleBuffer.java:flushTransactions(191)) - OMDoubleBuffer flush thread OMDoubleBufferFlushThread is interrupted and will exit. OMDoubleBufferFlushThread
2019-09-24 03:11:37,965 [main] INFO  utils.BackgroundService (BackgroundService.java:shutdown(148)) - Shutting down service KeyDeletingService
2019-09-24 03:11:37,967 [main] INFO  handler.ContextHandler (ContextHandler.java:doStop(910)) - Stopped o.e.j.w.WebAppContext@5d5b9ecb{/,null,UNAVAILABLE}{/ozoneManager}
2019-09-24 03:11:37,969 [main] INFO  server.AbstractConnector (AbstractConnector.java:doStop(318)) - Stopped ServerConnector@1ee27d73{HTTP/1.1,[http/1.1]}{0.0.0.0:0}
2019-09-24 03:11:37,969 [main] INFO  handler.ContextHandler (ContextHandler.java:doStop(910)) - Stopped o.e.j.s.ServletContextHandler@7fb53256{/static,file:///workdir/hadoop-ozone/integration-test/target/test-classes/webapps/static,UNAVAILABLE}
2019-09-24 03:11:37,970 [main] INFO  handler.ContextHandler (ContextHandler.java:doStop(910)) - Stopped o.e.j.s.ServletContextHandler@3d90eeb3{/logs,file:///workdir/hadoop-ozone/integration-test/target/log,UNAVAILABLE}
2019-09-24 03:11:37,973 [main] INFO  ozone.MiniOzoneClusterImpl (MiniOzoneClusterImpl.java:stopDatanodes(377)) - Stopping the HddsDatanodes
2019-09-24 03:11:38,337 [Datanode State Machine Thread - 0] INFO  statemachine.DatanodeStateMachine (DatanodeStateMachine.java:lambda$startDaemon$0(350)) - Ozone container server started.
2019-09-24 03:11:38,583 [Datanode State Machine Thread - 0] INFO  statemachine.DatanodeStateMachine (DatanodeStateMachine.java:lambda$startDaemon$0(350)) - Ozone container server started.
2019-09-24 03:11:42,975 [ForkJoinPool.commonPool-worker-0] INFO  ozoneimpl.OzoneContainer (OzoneContainer.java:stop(231)) - Attempting to stop container services.
2019-09-24 03:11:42,975 [main] INFO  ozoneimpl.OzoneContainer (OzoneContainer.java:stop(231)) - Attempting to stop container services.
2019-09-24 03:11:42,976 [ForkJoinPool.commonPool-worker-0] INFO  impl.RaftServerProxy (RaftServerProxy.java:lambda$close$4(314)) - 44a4ffbc-4d91-4095-a9c3-b922f00b00e4: close
2019-09-24 03:11:42,976 [main] INFO  impl.RaftServerProxy (RaftServerProxy.java:lambda$close$4(314)) - 72adeaa2-1bef-4cd1-bdeb-e0365f44c5f0: close
2019-09-24 03:11:42,976 [ForkJoinPool.commonPool-worker-0] INFO  impl.RaftServerImpl (RaftServerImpl.java:lambda$shutdown$3(251)) - 44a4ffbc-4d91-4095-a9c3-b922f00b00e4@group-9354A4E0DB93: shutdown
2019-09-24 03:11:42,977 [main] INFO  impl.RaftServerImpl (RaftServerImpl.java:lambda$shutdown$3(251)) - 72adeaa2-1bef-4cd1-bdeb-e0365f44c5f0@group-987159B6D35A: shutdown
2019-09-24 03:11:42,977 [ForkJoinPool.commonPool-worker-0] INFO  util.JmxRegister (JmxRegister.java:unregister(73)) - Successfully un-registered JMX Bean with object name Ratis:service=RaftServer,group=group-9354A4E0DB93,id=44a4ffbc-4d91-4095-a9c3-b922f00b00e4
2019-09-24 03:11:42,977 [main] INFO  util.JmxRegister (JmxRegister.java:unregister(73)) - Successfully un-registered JMX Bean with object name Ratis:service=RaftServer,group=group-987159B6D35A,id=72adeaa2-1bef-4cd1-bdeb-e0365f44c5f0
2019-09-24 03:11:42,977 [ForkJoinPool.commonPool-worker-0] INFO  impl.RoleInfo (RoleInfo.java:shutdownLeaderState(104)) - 44a4ffbc-4d91-4095-a9c3-b922f00b00e4: shutdown LeaderState
2019-09-24 03:11:42,978 [main] INFO  impl.RoleInfo (RoleInfo.java:shutdownLeaderState(104)) - 72adeaa2-1bef-4cd1-bdeb-e0365f44c5f0: shutdown LeaderState
2019-09-24 03:11:42,978 [ForkJoinPool.commonPool-worker-0] INFO  impl.PendingRequests (PendingRequests.java:sendNotLeaderResponses(202)) - 44a4ffbc-4d91-4095-a9c3-b922f00b00e4-PendingRequests: sendNotLeaderResponses
2019-09-24 03:11:42,978 [main] INFO  impl.PendingRequests (PendingRequests.java:sendNotLeaderResponses(202)) - 72adeaa2-1bef-4cd1-bdeb-e0365f44c5f0-PendingRequests: sendNotLeaderResponses
2019-09-24 03:11:42,979 [ForkJoinPool.commonPool-worker-0] INFO  impl.StateMachineUpdater (StateMachineUpdater.java:stopAndJoin(125)) - 44a4ffbc-4d91-4095-a9c3-b922f00b00e4@group-9354A4E0DB93-StateMachineUpdater: set stopIndex = 0
2019-09-24 03:11:42,979 [main] INFO  impl.StateMachineUpdater (StateMachineUpdater.java:stopAndJoin(125)) - 72adeaa2-1bef-4cd1-bdeb-e0365f44c5f0@group-987159B6D35A-StateMachineUpdater: set stopIndex = 0
2019-09-24 03:11:42,979 [ForkJoinPool.commonPool-worker-0] INFO  impl.RaftServerImpl (ServerState.java:close(385)) - 44a4ffbc-4d91-4095-a9c3-b922f00b00e4@group-9354A4E0DB93: closes. applyIndex: 0
2019-09-24 03:11:42,980 [main] INFO  impl.RaftServerImpl (ServerState.java:close(385)) - 72adeaa2-1bef-4cd1-bdeb-e0365f44c5f0@group-987159B6D35A: closes. applyIndex: 0
2019-09-24 03:11:42,980 [44a4ffbc-4d91-4095-a9c3-b922f00b00e4@group-9354A4E0DB93-SegmentedRaftLogWorker] INFO  segmented.SegmentedRaftLogWorker (SegmentedRaftLogWorker.java:run(313)) - 44a4ffbc-4d91-4095-a9c3-b922f00b00e4@group-9354A4E0DB93-SegmentedRaftLogWorker was interrupted, exiting. There are 0 tasks remaining in the queue.
2019-09-24 03:11:42,980 [72adeaa2-1bef-4cd1-bdeb-e0365f44c5f0@group-987159B6D35A-SegmentedRaftLogWorker] INFO  segmented.SegmentedRaftLogWorker (SegmentedRaftLogWorker.java:run(313)) - 72adeaa2-1bef-4cd1-bdeb-e0365f44c5f0@group-987159B6D35A-SegmentedRaftLogWorker was interrupted, exiting. There are 0 tasks remaining in the queue.
2019-09-24 03:11:42,986 [ForkJoinPool.commonPool-worker-0] INFO  segmented.SegmentedRaftLogWorker (SegmentedRaftLogWorker.java:close(228)) - 44a4ffbc-4d91-4095-a9c3-b922f00b00e4@group-9354A4E0DB93-SegmentedRaftLogWorker close()
2019-09-24 03:11:42,986 [main] INFO  segmented.SegmentedRaftLogWorker (SegmentedRaftLogWorker.java:close(228)) - 72adeaa2-1bef-4cd1-bdeb-e0365f44c5f0@group-987159B6D35A-SegmentedRaftLogWorker close()
2019-09-24 03:11:42,990 [ForkJoinPool.commonPool-worker-0] INFO  impl.RaftServerImpl (RaftServerImpl.java:lambda$shutdown$3(251)) - 44a4ffbc-4d91-4095-a9c3-b922f00b00e4@group-A4B715B6386A: shutdown
2019-09-24 03:11:42,994 [main] INFO  impl.RaftServerImpl (RaftServerImpl.java:lambda$shutdown$3(251)) - 72adeaa2-1bef-4cd1-bdeb-e0365f44c5f0@group-691697993241: shutdown
2019-09-24 03:11:42,994 [ForkJoinPool.commonPool-worker-0] INFO  util.JmxRegister (JmxRegister.java:unregister(73)) - Successfully un-registered JMX Bean with object name Ratis:service=RaftServer,group=group-A4B715B6386A,id=44a4ffbc-4d91-4095-a9c3-b922f00b00e4
2019-09-24 03:11:42,995 [main] INFO  util.JmxRegister (JmxRegister.java:unregister(73)) - Successfully un-registered JMX Bean with object name Ratis:service=RaftServer,group=group-691697993241,id=72adeaa2-1bef-4cd1-bdeb-e0365f44c5f0
2019-09-24 03:11:42,995 [ForkJoinPool.commonPool-worker-0] INFO  impl.RoleInfo (RoleInfo.java:shutdownLeaderState(104)) - 44a4ffbc-4d91-4095-a9c3-b922f00b00e4: shutdown LeaderState
2019-09-24 03:11:42,995 [main] INFO  impl.RoleInfo (RoleInfo.java:shutdownFollowerState(121)) - 72adeaa2-1bef-4cd1-bdeb-e0365f44c5f0: shutdown FollowerState
2019-09-24 03:11:42,999 [org.apache.ratis.server.impl.LogAppender$AppenderDaemon$$Lambda$416/65499852@16888fcc] WARN  server.GrpcLogAppender (GrpcLogAppender.java:mayWait(143)) - 44a4ffbc-4d91-4095-a9c3-b922f00b00e4@group-A4B715B6386A->5406889e-ec62-4049-b262-f5316a5dbf0d-GrpcLogAppender: Wait interrupted by java.lang.InterruptedException
2019-09-24 03:11:43,000 [Thread-857] INFO  impl.FollowerState (FollowerState.java:run(115)) - 72adeaa2-1bef-4cd1-bdeb-e0365f44c5f0: FollowerState was interrupted: java.lang.InterruptedException: sleep interrupted
2019-09-24 03:11:42,999 [org.apache.ratis.server.impl.LogAppender$AppenderDaemon$$Lambda$416/65499852@5cb5528c] WARN  server.GrpcLogAppender (GrpcLogAppender.java:mayWait(143)) - 44a4ffbc-4d91-4095-a9c3-b922f00b00e4@group-A4B715B6386A->f3563236-f689-405f-8ebf-d4e633c015bd-GrpcLogAppender: Wait interrupted by java.lang.InterruptedException
2019-09-24 03:11:42,999 [ForkJoinPool.commonPool-worker-0] INFO  impl.PendingRequests (PendingRequests.java:sendNotLeaderResponses(202)) - 44a4ffbc-4d91-4095-a9c3-b922f00b00e4-PendingRequests: sendNotLeaderResponses
2019-09-24 03:11:43,006 [grpc-default-executor-0] INFO  server.GrpcServerProtocolService (GrpcServerProtocolService.java:onCompleted(113)) - f3563236-f689-405f-8ebf-d4e633c015bd: Completed APPEND_ENTRIES, lastRequest: 44a4ffbc-4d91-4095-a9c3-b922f00b00e4->f3563236-f689-405f-8ebf-d4e633c015bd#44-t1, previous=(t:1, i:0), leaderCommit=0, initializing? false, entries: <empty>
2019-09-24 03:11:43,006 [grpc-default-executor-1] INFO  server.GrpcServerProtocolService (GrpcServerProtocolService.java:onCompleted(113)) - 5406889e-ec62-4049-b262-f5316a5dbf0d: Completed APPEND_ENTRIES, lastRequest: 44a4ffbc-4d91-4095-a9c3-b922f00b00e4->5406889e-ec62-4049-b262-f5316a5dbf0d#44-t1, previous=(t:1, i:0), leaderCommit=0, initializing? false, entries: <empty>
2019-09-24 03:11:43,000 [main] INFO  impl.StateMachineUpdater (StateMachineUpdater.java:stopAndJoin(125)) - 72adeaa2-1bef-4cd1-bdeb-e0365f44c5f0@group-691697993241-StateMachineUpdater: set stopIndex = 0
2019-09-24 03:11:43,006 [ForkJoinPool.commonPool-worker-0] INFO  impl.StateMachineUpdater (StateMachineUpdater.java:stopAndJoin(125)) - 44a4ffbc-4d91-4095-a9c3-b922f00b00e4@group-A4B715B6386A-StateMachineUpdater: set stopIndex = 0
2019-09-24 03:11:43,007 [grpc-default-executor-1] INFO  server.GrpcLogAppender (GrpcLogAppender.java:onCompleted(293)) - 44a4ffbc-4d91-4095-a9c3-b922f00b00e4@group-A4B715B6386A->f3563236-f689-405f-8ebf-d4e633c015bd-AppendLogResponseHandler: follower responses appendEntries COMPLETED
2019-09-24 03:11:43,007 [main] INFO  impl.RaftServerImpl (ServerState.java:close(385)) - 72adeaa2-1bef-4cd1-bdeb-e0365f44c5f0@group-691697993241: closes. applyIndex: 0
2019-09-24 03:11:43,011 [grpc-default-executor-1] INFO  impl.FollowerInfo (FollowerInfo.java:lambda$new$0(51)) - 44a4ffbc-4d91-4095-a9c3-b922f00b00e4@group-A4B715B6386A->f3563236-f689-405f-8ebf-d4e633c015bd: nextIndex: updateUnconditionally 1 -> 0
2019-09-24 03:11:43,009 [grpc-default-executor-3] INFO  server.GrpcLogAppender (GrpcLogAppender.java:onCompleted(293)) - 44a4ffbc-4d91-4095-a9c3-b922f00b00e4@group-A4B715B6386A->5406889e-ec62-4049-b262-f5316a5dbf0d-AppendLogResponseHandler: follower responses appendEntries COMPLETED
2019-09-24 03:11:43,009 [ForkJoinPool.commonPool-worker-0] INFO  impl.RaftServerImpl (ServerState.java:close(385)) - 44a4ffbc-4d91-4095-a9c3-b922f00b00e4@group-A4B715B6386A: closes. applyIndex: 0
2019-09-24 03:11:43,013 [grpc-default-executor-3] INFO  impl.FollowerInfo (FollowerInfo.java:lambda$new$0(51)) - 44a4ffbc-4d91-4095-a9c3-b922f00b00e4@group-A4B715B6386A->5406889e-ec62-4049-b262-f5316a5dbf0d: nextIndex: updateUnconditionally 1 -> 0
2019-09-24 03:11:43,011 [72adeaa2-1bef-4cd1-bdeb-e0365f44c5f0@group-691697993241-SegmentedRaftLogWorker] INFO  segmented.SegmentedRaftLogWorker (SegmentedRaftLogWorker.java:run(313)) - 72adeaa2-1bef-4cd1-bdeb-e0365f44c5f0@group-691697993241-SegmentedRaftLogWorker was interrupted, exiting. There are 0 tasks remaining in the queue.
2019-09-24 03:11:43,013 [44a4ffbc-4d91-4095-a9c3-b922f00b00e4@group-A4B715B6386A-SegmentedRaftLogWorker] INFO  segmented.SegmentedRaftLogWorker (SegmentedRaftLogWorker.java:run(313)) - 44a4ffbc-4d91-4095-a9c3-b922f00b00e4@group-A4B715B6386A-SegmentedRaftLogWorker was interrupted, exiting. There are 0 tasks remaining in the queue.
2019-09-24 03:11:43,017 [main] INFO  segmented.SegmentedRaftLogWorker (SegmentedRaftLogWorker.java:close(228)) - 72adeaa2-1bef-4cd1-bdeb-e0365f44c5f0@group-691697993241-SegmentedRaftLogWorker close()
2019-09-24 03:11:43,017 [ForkJoinPool.commonPool-worker-0] INFO  segmented.SegmentedRaftLogWorker (SegmentedRaftLogWorker.java:close(228)) - 44a4ffbc-4d91-4095-a9c3-b922f00b00e4@group-A4B715B6386A-SegmentedRaftLogWorker close()
2019-09-24 03:11:43,020 [main] INFO  server.GrpcService (GrpcService.java:closeImpl(164)) - 72adeaa2-1bef-4cd1-bdeb-e0365f44c5f0: shutdown server with port 46343 now
2019-09-24 03:11:43,022 [ForkJoinPool.commonPool-worker-0] INFO  server.GrpcService (GrpcService.java:closeImpl(164)) - 44a4ffbc-4d91-4095-a9c3-b922f00b00e4: shutdown server with port 38893 now
2019-09-24 03:11:43,028 [grpc-default-executor-1] WARN  server.GrpcServerProtocolService (LogUtils.java:warn(134)) - 72adeaa2-1bef-4cd1-bdeb-e0365f44c5f0: installSnapshot onError, lastRequest: 0977c340-09ab-40ea-a2ee-06e7b0684890->72adeaa2-1bef-4cd1-bdeb-e0365f44c5f0#44-t1, previous=(t:1, i:0), leaderCommit=0, initializing? false, entries: <empty>: org.apache.ratis.thirdparty.io.grpc.StatusRuntimeException: CANCELLED: cancelled before receiving half close
2019-09-24 03:11:43,028 [main] INFO  server.GrpcService (GrpcService.java:closeImpl(172)) - 72adeaa2-1bef-4cd1-bdeb-e0365f44c5f0: shutdown server with port 46343 successfully
2019-09-24 03:11:43,028 [ForkJoinPool.commonPool-worker-0] INFO  server.GrpcService (GrpcService.java:closeImpl(172)) - 44a4ffbc-4d91-4095-a9c3-b922f00b00e4: shutdown server with port 38893 successfully
2019-09-24 03:11:43,028 [grpc-default-executor-3] WARN  server.GrpcLogAppender (LogUtils.java:warn(134)) - 0977c340-09ab-40ea-a2ee-06e7b0684890@group-691697993241->72adeaa2-1bef-4cd1-bdeb-e0365f44c5f0-AppendLogResponseHandler: Failed appendEntries: org.apache.ratis.thirdparty.io.grpc.StatusRuntimeException: CANCELLED: HTTP/2 error code: CANCEL
Received Rst Stream
2019-09-24 03:11:43,031 [grpc-default-executor-3] INFO  impl.FollowerInfo (FollowerInfo.java:lambda$new$0(51)) - 0977c340-09ab-40ea-a2ee-06e7b0684890@group-691697993241->72adeaa2-1bef-4cd1-bdeb-e0365f44c5f0: nextIndex: updateUnconditionally 1 -> 0
2019-09-24 03:11:43,037 [refreshUsed-/workdir/hadoop-ozone/integration-test/target/test-dir/MiniOzoneClusterImpl-012d228f-acb2-41e7-bbe8-297e082f4972/datanode-1/data/containers] WARN  fs.CachingGetSpaceUsed (CachingGetSpaceUsed.java:run(183)) - Thread Interrupted waiting to refresh disk information: sleep interrupted
2019-09-24 03:11:43,037 [refreshUsed-/workdir/hadoop-ozone/integration-test/target/test-dir/MiniOzoneClusterImpl-012d228f-acb2-41e7-bbe8-297e082f4972/datanode-4/data/containers] WARN  fs.CachingGetSpaceUsed (CachingGetSpaceUsed.java:run(183)) - Thread Interrupted waiting to refresh disk information: sleep interrupted
2019-09-24 03:11:43,051 [main] INFO  utils.BackgroundService (BackgroundService.java:shutdown(148)) - Shutting down service BlockDeletingService
2019-09-24 03:11:43,057 [main] INFO  statemachine.DatanodeStateMachine (DatanodeStateMachine.java:stopDaemon(395)) - Ozone container server stopped.
2019-09-24 03:11:43,058 [main] INFO  handler.ContextHandler (ContextHandler.java:doStop(910)) - Stopped o.e.j.w.WebAppContext@7cac93fe{/,null,UNAVAILABLE}{/hddsDatanode}
2019-09-24 03:11:43,059 [main] INFO  server.AbstractConnector (AbstractConnector.java:doStop(318)) - Stopped ServerConnector@479b5066{HTTP/1.1,[http/1.1]}{0.0.0.0:0}
2019-09-24 03:11:43,059 [main] INFO  handler.ContextHandler (ContextHandler.java:doStop(910)) - Stopped o.e.j.s.ServletContextHandler@7316523a{/static,jar:file:/home/user/.m2/repository/org/apache/hadoop/hadoop-hdds-container-service/0.5.0-SNAPSHOT/hadoop-hdds-container-service-0.5.0-SNAPSHOT.jar!/webapps/static,UNAVAILABLE}
2019-09-24 03:11:43,059 [main] INFO  handler.ContextHandler (ContextHandler.java:doStop(910)) - Stopped o.e.j.s.ServletContextHandler@7b477141{/logs,file:///workdir/hadoop-ozone/integration-test/target/log,UNAVAILABLE}
2019-09-24 03:11:43,061 [ForkJoinPool.commonPool-worker-0] INFO  utils.BackgroundService (BackgroundService.java:shutdown(148)) - Shutting down service BlockDeletingService
2019-09-24 03:11:43,067 [ForkJoinPool.commonPool-worker-0] INFO  statemachine.DatanodeStateMachine (DatanodeStateMachine.java:stopDaemon(395)) - Ozone container server stopped.
2019-09-24 03:11:43,072 [ForkJoinPool.commonPool-worker-0] INFO  handler.ContextHandler (ContextHandler.java:doStop(910)) - Stopped o.e.j.w.WebAppContext@1e0fdb2f{/,null,UNAVAILABLE}{/hddsDatanode}
2019-09-24 03:11:43,072 [ForkJoinPool.commonPool-worker-0] INFO  server.AbstractConnector (AbstractConnector.java:doStop(318)) - Stopped ServerConnector@3c380bd8{HTTP/1.1,[http/1.1]}{0.0.0.0:0}
2019-09-24 03:11:43,074 [ForkJoinPool.commonPool-worker-0] INFO  handler.ContextHandler (ContextHandler.java:doStop(910)) - Stopped o.e.j.s.ServletContextHandler@3382cf68{/static,jar:file:/home/user/.m2/repository/org/apache/hadoop/hadoop-hdds-container-service/0.5.0-SNAPSHOT/hadoop-hdds-container-service-0.5.0-SNAPSHOT.jar!/webapps/static,UNAVAILABLE}
2019-09-24 03:11:43,076 [ForkJoinPool.commonPool-worker-0] INFO  handler.ContextHandler (ContextHandler.java:doStop(910)) - Stopped o.e.j.s.ServletContextHandler@4aa11206{/logs,file:///workdir/hadoop-ozone/integration-test/target/log,UNAVAILABLE}
2019-09-24 03:11:43,414 [Datanode State Machine Thread - 0] INFO  statemachine.DatanodeStateMachine (DatanodeStateMachine.java:lambda$startDaemon$0(350)) - Ozone container server started.
2019-09-24 03:11:43,500 [Datanode State Machine Thread - 0] INFO  statemachine.DatanodeStateMachine (DatanodeStateMachine.java:lambda$startDaemon$0(350)) - Ozone container server started.
2019-09-24 03:11:44,646 [grpc-default-executor-0] WARN  server.GrpcLogAppender (LogUtils.java:warn(134)) - 0977c340-09ab-40ea-a2ee-06e7b0684890@group-691697993241->72adeaa2-1bef-4cd1-bdeb-e0365f44c5f0-AppendLogResponseHandler: Failed appendEntries: org.apache.ratis.thirdparty.io.grpc.StatusRuntimeException: UNAVAILABLE: io exception
2019-09-24 03:11:44,649 [grpc-default-executor-0] INFO  impl.FollowerInfo (FollowerInfo.java:lambda$new$0(51)) - 0977c340-09ab-40ea-a2ee-06e7b0684890@group-691697993241->72adeaa2-1bef-4cd1-bdeb-e0365f44c5f0: nextIndex: updateUnconditionally 0 -> 0
2019-09-24 03:11:47,148 [grpc-default-executor-1] WARN  server.GrpcLogAppender (LogUtils.java:warn(134)) - 0977c340-09ab-40ea-a2ee-06e7b0684890@group-691697993241->72adeaa2-1bef-4cd1-bdeb-e0365f44c5f0-AppendLogResponseHandler: Failed appendEntries: org.apache.ratis.thirdparty.io.grpc.StatusRuntimeException: UNAVAILABLE: io exception
2019-09-24 03:11:47,154 [grpc-default-executor-1] INFO  impl.FollowerInfo (FollowerInfo.java:lambda$new$0(51)) - 0977c340-09ab-40ea-a2ee-06e7b0684890@group-691697993241->72adeaa2-1bef-4cd1-bdeb-e0365f44c5f0: nextIndex: updateUnconditionally 0 -> 0
2019-09-24 03:11:48,060 [main] INFO  ozoneimpl.OzoneContainer (OzoneContainer.java:stop(231)) - Attempting to stop container services.
2019-09-24 03:11:48,061 [main] INFO  impl.RaftServerProxy (RaftServerProxy.java:lambda$close$4(314)) - 0977c340-09ab-40ea-a2ee-06e7b0684890: close
2019-09-24 03:11:48,061 [main] INFO  impl.RaftServerImpl (RaftServerImpl.java:lambda$shutdown$3(251)) - 0977c340-09ab-40ea-a2ee-06e7b0684890@group-583619E204B3: shutdown
2019-09-24 03:11:48,062 [main] INFO  util.JmxRegister (JmxRegister.java:unregister(73)) - Successfully un-registered JMX Bean with object name Ratis:service=RaftServer,group=group-583619E204B3,id=0977c340-09ab-40ea-a2ee-06e7b0684890
2019-09-24 03:11:48,062 [main] INFO  impl.RoleInfo (RoleInfo.java:shutdownLeaderState(104)) - 0977c340-09ab-40ea-a2ee-06e7b0684890: shutdown LeaderState
2019-09-24 03:11:48,063 [main] INFO  impl.PendingRequests (PendingRequests.java:sendNotLeaderResponses(202)) - 0977c340-09ab-40ea-a2ee-06e7b0684890-PendingRequests: sendNotLeaderResponses
2019-09-24 03:11:48,064 [main] INFO  impl.StateMachineUpdater (StateMachineUpdater.java:stopAndJoin(125)) - 0977c340-09ab-40ea-a2ee-06e7b0684890@group-583619E204B3-StateMachineUpdater: set stopIndex = 0
2019-09-24 03:11:48,064 [main] INFO  impl.RaftServerImpl (ServerState.java:close(385)) - 0977c340-09ab-40ea-a2ee-06e7b0684890@group-583619E204B3: closes. applyIndex: 0
2019-09-24 03:11:48,065 [0977c340-09ab-40ea-a2ee-06e7b0684890@group-583619E204B3-SegmentedRaftLogWorker] INFO  segmented.SegmentedRaftLogWorker (SegmentedRaftLogWorker.java:run(313)) - 0977c340-09ab-40ea-a2ee-06e7b0684890@group-583619E204B3-SegmentedRaftLogWorker was interrupted, exiting. There are 0 tasks remaining in the queue.
2019-09-24 03:11:48,068 [main] INFO  segmented.SegmentedRaftLogWorker (SegmentedRaftLogWorker.java:close(228)) - 0977c340-09ab-40ea-a2ee-06e7b0684890@group-583619E204B3-SegmentedRaftLogWorker close()
2019-09-24 03:11:48,073 [main] INFO  impl.RaftServerImpl (RaftServerImpl.java:lambda$shutdown$3(251)) - 0977c340-09ab-40ea-a2ee-06e7b0684890@group-691697993241: shutdown
2019-09-24 03:11:48,074 [main] INFO  util.JmxRegister (JmxRegister.java:unregister(73)) - Successfully un-registered JMX Bean with object name Ratis:service=RaftServer,group=group-691697993241,id=0977c340-09ab-40ea-a2ee-06e7b0684890
2019-09-24 03:11:48,074 [main] INFO  impl.RoleInfo (RoleInfo.java:shutdownLeaderState(104)) - 0977c340-09ab-40ea-a2ee-06e7b0684890: shutdown LeaderState
2019-09-24 03:11:48,078 [main] INFO  impl.PendingRequests (PendingRequests.java:sendNotLeaderResponses(202)) - 0977c340-09ab-40ea-a2ee-06e7b0684890-PendingRequests: sendNotLeaderResponses
2019-09-24 03:11:48,078 [ForkJoinPool.commonPool-worker-0] INFO  ozoneimpl.OzoneContainer (OzoneContainer.java:stop(231)) - Attempting to stop container services.
2019-09-24 03:11:48,078 [org.apache.ratis.server.impl.LogAppender$AppenderDaemon$$Lambda$416/65499852@6e2abb0d] WARN  server.GrpcLogAppender (GrpcLogAppender.java:mayWait(143)) - 0977c340-09ab-40ea-a2ee-06e7b0684890@group-691697993241->407a0596-b9d5-4e18-8838-1feb6dd68eb6-GrpcLogAppender: Wait interrupted by java.lang.InterruptedException
2019-09-24 03:11:48,078 [org.apache.ratis.server.impl.LogAppender$AppenderDaemon$$Lambda$416/65499852@4d02060f] WARN  server.GrpcLogAppender (GrpcLogAppender.java:mayWait(143)) - 0977c340-09ab-40ea-a2ee-06e7b0684890@group-691697993241->72adeaa2-1bef-4cd1-bdeb-e0365f44c5f0-GrpcLogAppender: Wait interrupted by java.lang.InterruptedException
2019-09-24 03:11:48,079 [main] INFO  impl.StateMachineUpdater (StateMachineUpdater.java:stopAndJoin(125)) - 0977c340-09ab-40ea-a2ee-06e7b0684890@group-691697993241-StateMachineUpdater: set stopIndex = 0
2019-09-24 03:11:48,082 [main] INFO  impl.RaftServerImpl (ServerState.java:close(385)) - 0977c340-09ab-40ea-a2ee-06e7b0684890@group-691697993241: closes. applyIndex: 0
2019-09-24 03:11:48,079 [ForkJoinPool.commonPool-worker-0] INFO  impl.RaftServerProxy (RaftServerProxy.java:lambda$close$4(314)) - 43af139f-dfb3-4342-9eb7-488f00a1ed65: close
2019-09-24 03:11:48,082 [0977c340-09ab-40ea-a2ee-06e7b0684890@group-691697993241-SegmentedRaftLogWorker] INFO  segmented.SegmentedRaftLogWorker (SegmentedRaftLogWorker.java:run(313)) - 0977c340-09ab-40ea-a2ee-06e7b0684890@group-691697993241-SegmentedRaftLogWorker was interrupted, exiting. There are 0 tasks remaining in the queue.
2019-09-24 03:11:48,082 [ForkJoinPool.commonPool-worker-0] INFO  impl.RaftServerImpl (RaftServerImpl.java:lambda$shutdown$3(251)) - 43af139f-dfb3-4342-9eb7-488f00a1ed65@group-CB41CF890DA4: shutdown
2019-09-24 03:11:48,084 [main] INFO  segmented.SegmentedRaftLogWorker (SegmentedRaftLogWorker.java:close(228)) - 0977c340-09ab-40ea-a2ee-06e7b0684890@group-691697993241-SegmentedRaftLogWorker close()
2019-09-24 03:11:48,084 [ForkJoinPool.commonPool-worker-0] INFO  util.JmxRegister (JmxRegister.java:unregister(73)) - Successfully un-registered JMX Bean with object name Ratis:service=RaftServer,group=group-CB41CF890DA4,id=43af139f-dfb3-4342-9eb7-488f00a1ed65
2019-09-24 03:11:48,087 [main] INFO  server.GrpcService (GrpcService.java:closeImpl(164)) - 0977c340-09ab-40ea-a2ee-06e7b0684890: shutdown server with port 40113 now
2019-09-24 03:11:48,084 [grpc-default-executor-1] INFO  server.GrpcServerProtocolService (GrpcServerProtocolService.java:onCompleted(113)) - 407a0596-b9d5-4e18-8838-1feb6dd68eb6: Completed APPEND_ENTRIES, lastRequest: 0977c340-09ab-40ea-a2ee-06e7b0684890->407a0596-b9d5-4e18-8838-1feb6dd68eb6#46-t1, previous=(t:1, i:0), leaderCommit=0, initializing? false, entries: <empty>
2019-09-24 03:11:48,087 [ForkJoinPool.commonPool-worker-0] INFO  impl.RoleInfo (RoleInfo.java:shutdownLeaderState(104)) - 43af139f-dfb3-4342-9eb7-488f00a1ed65: shutdown LeaderState
2019-09-24 03:11:48,087 [main] INFO  server.GrpcService (GrpcService.java:closeImpl(172)) - 0977c340-09ab-40ea-a2ee-06e7b0684890: shutdown server with port 40113 successfully
2019-09-24 03:11:48,088 [ForkJoinPool.commonPool-worker-0] INFO  impl.PendingRequests (PendingRequests.java:sendNotLeaderResponses(202)) - 43af139f-dfb3-4342-9eb7-488f00a1ed65-PendingRequests: sendNotLeaderResponses
2019-09-24 03:11:48,088 [grpc-default-executor-3] INFO  server.GrpcLogAppender (GrpcLogAppender.java:onError(282)) - 0977c340-09ab-40ea-a2ee-06e7b0684890@group-691697993241->407a0596-b9d5-4e18-8838-1feb6dd68eb6-GrpcLogAppender is stopped
2019-09-24 03:11:48,089 [refreshUsed-/workdir/hadoop-ozone/integration-test/target/test-dir/MiniOzoneClusterImpl-012d228f-acb2-41e7-bbe8-297e082f4972/datanode-3/data/containers] WARN  fs.CachingGetSpaceUsed (CachingGetSpaceUsed.java:run(183)) - Thread Interrupted waiting to refresh disk information: sleep interrupted
2019-09-24 03:11:48,088 [ForkJoinPool.commonPool-worker-0] INFO  impl.StateMachineUpdater (StateMachineUpdater.java:stopAndJoin(125)) - 43af139f-dfb3-4342-9eb7-488f00a1ed65@group-CB41CF890DA4-StateMachineUpdater: set stopIndex = 0
2019-09-24 03:11:48,090 [ForkJoinPool.commonPool-worker-0] INFO  impl.RaftServerImpl (ServerState.java:close(385)) - 43af139f-dfb3-4342-9eb7-488f00a1ed65@group-CB41CF890DA4: closes. applyIndex: 0
2019-09-24 03:11:48,090 [43af139f-dfb3-4342-9eb7-488f00a1ed65@group-CB41CF890DA4-SegmentedRaftLogWorker] INFO  segmented.SegmentedRaftLogWorker (SegmentedRaftLogWorker.java:run(313)) - 43af139f-dfb3-4342-9eb7-488f00a1ed65@group-CB41CF890DA4-SegmentedRaftLogWorker was interrupted, exiting. There are 0 tasks remaining in the queue.
2019-09-24 03:11:48,092 [ForkJoinPool.commonPool-worker-0] INFO  segmented.SegmentedRaftLogWorker (SegmentedRaftLogWorker.java:close(228)) - 43af139f-dfb3-4342-9eb7-488f00a1ed65@group-CB41CF890DA4-SegmentedRaftLogWorker close()
2019-09-24 03:11:48,099 [ForkJoinPool.commonPool-worker-0] INFO  server.GrpcService (GrpcService.java:closeImpl(164)) - 43af139f-dfb3-4342-9eb7-488f00a1ed65: shutdown server with port 44602 now
2019-09-24 03:11:48,101 [ForkJoinPool.commonPool-worker-0] INFO  server.GrpcService (GrpcService.java:closeImpl(172)) - 43af139f-dfb3-4342-9eb7-488f00a1ed65: shutdown server with port 44602 successfully
2019-09-24 03:11:48,104 [refreshUsed-/workdir/hadoop-ozone/integration-test/target/test-dir/MiniOzoneClusterImpl-012d228f-acb2-41e7-bbe8-297e082f4972/datanode-2/data/containers] WARN  fs.CachingGetSpaceUsed (CachingGetSpaceUsed.java:run(183)) - Thread Interrupted waiting to refresh disk information: sleep interrupted
2019-09-24 03:11:48,116 [main] INFO  utils.BackgroundService (BackgroundService.java:shutdown(148)) - Shutting down service BlockDeletingService
2019-09-24 03:11:48,120 [main] INFO  statemachine.DatanodeStateMachine (DatanodeStateMachine.java:stopDaemon(395)) - Ozone container server stopped.
2019-09-24 03:11:48,121 [main] INFO  handler.ContextHandler (ContextHandler.java:doStop(910)) - Stopped o.e.j.w.WebAppContext@48a663e9{/,null,UNAVAILABLE}{/hddsDatanode}
2019-09-24 03:11:48,121 [main] INFO  server.AbstractConnector (AbstractConnector.java:doStop(318)) - Stopped ServerConnector@777d0bc3{HTTP/1.1,[http/1.1]}{0.0.0.0:0}
2019-09-24 03:11:48,122 [main] INFO  handler.ContextHandler (ContextHandler.java:doStop(910)) - Stopped o.e.j.s.ServletContextHandler@5cbd94b2{/static,jar:file:/home/user/.m2/repository/org/apache/hadoop/hadoop-hdds-container-service/0.5.0-SNAPSHOT/hadoop-hdds-container-service-0.5.0-SNAPSHOT.jar!/webapps/static,UNAVAILABLE}
2019-09-24 03:11:48,122 [main] INFO  handler.ContextHandler (ContextHandler.java:doStop(910)) - Stopped o.e.j.s.ServletContextHandler@f425231{/logs,file:///workdir/hadoop-ozone/integration-test/target/log,UNAVAILABLE}
2019-09-24 03:11:48,122 [ForkJoinPool.commonPool-worker-0] INFO  utils.BackgroundService (BackgroundService.java:shutdown(148)) - Shutting down service BlockDeletingService
2019-09-24 03:11:48,125 [ForkJoinPool.commonPool-worker-0] INFO  statemachine.DatanodeStateMachine (DatanodeStateMachine.java:stopDaemon(395)) - Ozone container server stopped.
2019-09-24 03:11:48,128 [ForkJoinPool.commonPool-worker-0] INFO  handler.ContextHandler (ContextHandler.java:doStop(910)) - Stopped o.e.j.w.WebAppContext@7c2924d7{/,null,UNAVAILABLE}{/hddsDatanode}
2019-09-24 03:11:48,129 [ForkJoinPool.commonPool-worker-0] INFO  server.AbstractConnector (AbstractConnector.java:doStop(318)) - Stopped ServerConnector@b5de58f{HTTP/1.1,[http/1.1]}{0.0.0.0:0}
2019-09-24 03:11:48,130 [ForkJoinPool.commonPool-worker-0] INFO  handler.ContextHandler (ContextHandler.java:doStop(910)) - Stopped o.e.j.s.ServletContextHandler@188598ad{/static,jar:file:/home/user/.m2/repository/org/apache/hadoop/hadoop-hdds-container-service/0.5.0-SNAPSHOT/hadoop-hdds-container-service-0.5.0-SNAPSHOT.jar!/webapps/static,UNAVAILABLE}
2019-09-24 03:11:48,131 [ForkJoinPool.commonPool-worker-0] INFO  handler.ContextHandler (ContextHandler.java:doStop(910)) - Stopped o.e.j.s.ServletContextHandler@3a90c13c{/logs,file:///workdir/hadoop-ozone/integration-test/target/log,UNAVAILABLE}
2019-09-24 03:11:48,238 [Datanode State Machine Thread - 0] INFO  statemachine.DatanodeStateMachine (DatanodeStateMachine.java:lambda$startDaemon$0(350)) - Ozone container server started.
2019-09-24 03:11:48,756 [Datanode State Machine Thread - 0] INFO  statemachine.DatanodeStateMachine (DatanodeStateMachine.java:lambda$startDaemon$0(350)) - Ozone container server started.
2019-09-24 03:11:51,347 [Thread-841] INFO  impl.FollowerState (FollowerState.java:run(106)) - f3563236-f689-405f-8ebf-d4e633c015bd:group-A4B715B6386A changes to CANDIDATE, lastRpcTime:9303, electionTimeout:5029ms
2019-09-24 03:11:51,347 [Thread-841] INFO  impl.RoleInfo (RoleInfo.java:shutdownFollowerState(121)) - f3563236-f689-405f-8ebf-d4e633c015bd: shutdown FollowerState
2019-09-24 03:11:51,347 [Thread-841] INFO  impl.RaftServerImpl (RaftServerImpl.java:setRole(174)) - f3563236-f689-405f-8ebf-d4e633c015bd@group-A4B715B6386A: changes role from  FOLLOWER to CANDIDATE at term 1 for changeToCandidate
2019-09-24 03:11:51,348 [Thread-841] INFO  impl.RoleInfo (RoleInfo.java:updateAndGet(143)) - f3563236-f689-405f-8ebf-d4e633c015bd: start LeaderElection
2019-09-24 03:11:51,350 [f3563236-f689-405f-8ebf-d4e633c015bd@group-A4B715B6386A:LeaderElection28] INFO  impl.RaftServerImpl (ServerState.java:setLeader(253)) - f3563236-f689-405f-8ebf-d4e633c015bd@group-A4B715B6386A: change Leader from 44a4ffbc-4d91-4095-a9c3-b922f00b00e4 to null at term 1 for initElection
2019-09-24 03:11:51,388 [f3563236-f689-405f-8ebf-d4e633c015bd@group-A4B715B6386A:LeaderElection28] INFO  impl.LeaderElection (LeaderElection.java:askForVotes(182)) - f3563236-f689-405f-8ebf-d4e633c015bd@group-A4B715B6386A:LeaderElection28: begin an election at term 2 for 0: [5406889e-ec62-4049-b262-f5316a5dbf0d:192.168.151.121:45241, f3563236-f689-405f-8ebf-d4e633c015bd:192.168.151.121:39431, 44a4ffbc-4d91-4095-a9c3-b922f00b00e4:192.168.151.121:38893], old=null
2019-09-24 03:11:51,393 [f3563236-f689-405f-8ebf-d4e633c015bd@group-A4B715B6386A:LeaderElection28] INFO  impl.LeaderElection (LogUtils.java:infoOrTrace(149)) - f3563236-f689-405f-8ebf-d4e633c015bd@group-A4B715B6386A:LeaderElection28 got exception when requesting votes: {}
java.util.concurrent.ExecutionException: org.apache.ratis.thirdparty.io.grpc.StatusRuntimeException: UNAVAILABLE: io exception
	at java.util.concurrent.FutureTask.report(FutureTask.java:122)
	at java.util.concurrent.FutureTask.get(FutureTask.java:192)
	at org.apache.ratis.server.impl.LeaderElection.waitForResults(LeaderElection.java:263)
	at org.apache.ratis.server.impl.LeaderElection.askForVotes(LeaderElection.java:201)
	at org.apache.ratis.server.impl.LeaderElection.run(LeaderElection.java:133)
	at java.lang.Thread.run(Thread.java:748)
Caused by: org.apache.ratis.thirdparty.io.grpc.StatusRuntimeException: UNAVAILABLE: io exception
	at org.apache.ratis.thirdparty.io.grpc.stub.ClientCalls.toStatusRuntimeException(ClientCalls.java:233)
	at org.apache.ratis.thirdparty.io.grpc.stub.ClientCalls.getUnchecked(ClientCalls.java:214)
	at org.apache.ratis.thirdparty.io.grpc.stub.ClientCalls.blockingUnaryCall(ClientCalls.java:139)
	at org.apache.ratis.proto.grpc.RaftServerProtocolServiceGrpc$RaftServerProtocolServiceBlockingStub.requestVote(RaftServerProtocolServiceGrpc.java:265)
	at org.apache.ratis.grpc.server.GrpcServerProtocolClient.requestVote(GrpcServerProtocolClient.java:90)
	at org.apache.ratis.grpc.server.GrpcService.requestVote(GrpcService.java:204)
	at org.apache.ratis.server.impl.LeaderElection.lambda$submitRequests$1(LeaderElection.java:238)
	at java.util.concurrent.FutureTask.run(FutureTask.java:266)
	at java.util.concurrent.Executors$RunnableAdapter.call(Executors.java:511)
	at java.util.concurrent.FutureTask.run(FutureTask.java:266)
	at java.util.concurrent.ThreadPoolExecutor.runWorker(ThreadPoolExecutor.java:1149)
	at java.util.concurrent.ThreadPoolExecutor$Worker.run(ThreadPoolExecutor.java:624)
	... 1 more
Caused by: org.apache.ratis.thirdparty.io.netty.channel.AbstractChannel$AnnotatedConnectException: Connection refused: /192.168.151.121:38893
	at sun.nio.ch.SocketChannelImpl.checkConnect(Native Method)
	at sun.nio.ch.SocketChannelImpl.finishConnect(SocketChannelImpl.java:717)
	at org.apache.ratis.thirdparty.io.netty.channel.socket.nio.NioSocketChannel.doFinishConnect(NioSocketChannel.java:327)
	at org.apache.ratis.thirdparty.io.netty.channel.nio.AbstractNioChannel$AbstractNioUnsafe.finishConnect(AbstractNioChannel.java:340)
	at org.apache.ratis.thirdparty.io.netty.channel.nio.NioEventLoop.processSelectedKey(NioEventLoop.java:632)
	at org.apache.ratis.thirdparty.io.netty.channel.nio.NioEventLoop.processSelectedKeysOptimized(NioEventLoop.java:579)
	at org.apache.ratis.thirdparty.io.netty.channel.nio.NioEventLoop.processSelectedKeys(NioEventLoop.java:496)
	at org.apache.ratis.thirdparty.io.netty.channel.nio.NioEventLoop.run(NioEventLoop.java:458)
	at org.apache.ratis.thirdparty.io.netty.util.concurrent.SingleThreadEventExecutor$5.run(SingleThreadEventExecutor.java:897)
	at org.apache.ratis.thirdparty.io.netty.util.concurrent.FastThreadLocalRunnable.run(FastThreadLocalRunnable.java:30)
	... 1 more
Caused by: java.net.ConnectException: Connection refused
	... 11 more
2019-09-24 03:11:51,398 [grpc-default-executor-1] INFO  impl.RaftServerImpl (ServerState.java:setLeader(253)) - 5406889e-ec62-4049-b262-f5316a5dbf0d@group-A4B715B6386A: change Leader from 44a4ffbc-4d91-4095-a9c3-b922f00b00e4 to null at term 2 for updateCurrentTerm
2019-09-24 03:11:51,398 [grpc-default-executor-1] INFO  impl.RaftServerImpl (RaftServerImpl.java:setRole(174)) - 5406889e-ec62-4049-b262-f5316a5dbf0d@group-A4B715B6386A: changes role from  FOLLOWER to FOLLOWER at term 2 for recognizeCandidate:f3563236-f689-405f-8ebf-d4e633c015bd
2019-09-24 03:11:51,398 [grpc-default-executor-1] INFO  impl.RoleInfo (RoleInfo.java:shutdownFollowerState(121)) - 5406889e-ec62-4049-b262-f5316a5dbf0d: shutdown FollowerState
2019-09-24 03:11:51,399 [Thread-849] INFO  impl.FollowerState (FollowerState.java:run(115)) - 5406889e-ec62-4049-b262-f5316a5dbf0d: FollowerState was interrupted: java.lang.InterruptedException: sleep interrupted
2019-09-24 03:11:51,399 [grpc-default-executor-1] INFO  impl.RoleInfo (RoleInfo.java:updateAndGet(143)) - 5406889e-ec62-4049-b262-f5316a5dbf0d: start FollowerState
2019-09-24 03:11:51,413 [f3563236-f689-405f-8ebf-d4e633c015bd@group-A4B715B6386A:LeaderElection28] INFO  impl.LeaderElection (LeaderElection.java:logAndReturn(56)) - f3563236-f689-405f-8ebf-d4e633c015bd@group-A4B715B6386A:LeaderElection28: Election PASSED; received 1 response(s) [f3563236-f689-405f-8ebf-d4e633c015bd<-5406889e-ec62-4049-b262-f5316a5dbf0d#0:OK-t2] and 1 exception(s); f3563236-f689-405f-8ebf-d4e633c015bd@group-A4B715B6386A:t2, leader=null, voted=f3563236-f689-405f-8ebf-d4e633c015bd, raftlog=f3563236-f689-405f-8ebf-d4e633c015bd@group-A4B715B6386A-SegmentedRaftLog:OPENED:c0,f0,i0, conf=0: [5406889e-ec62-4049-b262-f5316a5dbf0d:192.168.151.121:45241, f3563236-f689-405f-8ebf-d4e633c015bd:192.168.151.121:39431, 44a4ffbc-4d91-4095-a9c3-b922f00b00e4:192.168.151.121:38893], old=null
2019-09-24 03:11:51,413 [f3563236-f689-405f-8ebf-d4e633c015bd@group-A4B715B6386A:LeaderElection28] INFO  impl.LeaderElection (LogUtils.java:infoOrTrace(149)) -   Exception 0: {}
java.util.concurrent.ExecutionException: org.apache.ratis.thirdparty.io.grpc.StatusRuntimeException: UNAVAILABLE: io exception
	at java.util.concurrent.FutureTask.report(FutureTask.java:122)
	at java.util.concurrent.FutureTask.get(FutureTask.java:192)
	at org.apache.ratis.server.impl.LeaderElection.waitForResults(LeaderElection.java:263)
	at org.apache.ratis.server.impl.LeaderElection.askForVotes(LeaderElection.java:201)
	at org.apache.ratis.server.impl.LeaderElection.run(LeaderElection.java:133)
	at java.lang.Thread.run(Thread.java:748)
Caused by: org.apache.ratis.thirdparty.io.grpc.StatusRuntimeException: UNAVAILABLE: io exception
	at org.apache.ratis.thirdparty.io.grpc.stub.ClientCalls.toStatusRuntimeException(ClientCalls.java:233)
	at org.apache.ratis.thirdparty.io.grpc.stub.ClientCalls.getUnchecked(ClientCalls.java:214)
	at org.apache.ratis.thirdparty.io.grpc.stub.ClientCalls.blockingUnaryCall(ClientCalls.java:139)
	at org.apache.ratis.proto.grpc.RaftServerProtocolServiceGrpc$RaftServerProtocolServiceBlockingStub.requestVote(RaftServerProtocolServiceGrpc.java:265)
	at org.apache.ratis.grpc.server.GrpcServerProtocolClient.requestVote(GrpcServerProtocolClient.java:90)
	at org.apache.ratis.grpc.server.GrpcService.requestVote(GrpcService.java:204)
	at org.apache.ratis.server.impl.LeaderElection.lambda$submitRequests$1(LeaderElection.java:238)
	at java.util.concurrent.FutureTask.run(FutureTask.java:266)
	at java.util.concurrent.Executors$RunnableAdapter.call(Executors.java:511)
	at java.util.concurrent.FutureTask.run(FutureTask.java:266)
	at java.util.concurrent.ThreadPoolExecutor.runWorker(ThreadPoolExecutor.java:1149)
	at java.util.concurrent.ThreadPoolExecutor$Worker.run(ThreadPoolExecutor.java:624)
	... 1 more
Caused by: org.apache.ratis.thirdparty.io.netty.channel.AbstractChannel$AnnotatedConnectException: Connection refused: /192.168.151.121:38893
	at sun.nio.ch.SocketChannelImpl.checkConnect(Native Method)
	at sun.nio.ch.SocketChannelImpl.finishConnect(SocketChannelImpl.java:717)
	at org.apache.ratis.thirdparty.io.netty.channel.socket.nio.NioSocketChannel.doFinishConnect(NioSocketChannel.java:327)
	at org.apache.ratis.thirdparty.io.netty.channel.nio.AbstractNioChannel$AbstractNioUnsafe.finishConnect(AbstractNioChannel.java:340)
	at org.apache.ratis.thirdparty.io.netty.channel.nio.NioEventLoop.processSelectedKey(NioEventLoop.java:632)
	at org.apache.ratis.thirdparty.io.netty.channel.nio.NioEventLoop.processSelectedKeysOptimized(NioEventLoop.java:579)
	at org.apache.ratis.thirdparty.io.netty.channel.nio.NioEventLoop.processSelectedKeys(NioEventLoop.java:496)
	at org.apache.ratis.thirdparty.io.netty.channel.nio.NioEventLoop.run(NioEventLoop.java:458)
	at org.apache.ratis.thirdparty.io.netty.util.concurrent.SingleThreadEventExecutor$5.run(SingleThreadEventExecutor.java:897)
	at org.apache.ratis.thirdparty.io.netty.util.concurrent.FastThreadLocalRunnable.run(FastThreadLocalRunnable.java:30)
	... 1 more
Caused by: java.net.ConnectException: Connection refused
	... 11 more
2019-09-24 03:11:51,413 [f3563236-f689-405f-8ebf-d4e633c015bd@group-A4B715B6386A:LeaderElection28] INFO  impl.RoleInfo (RoleInfo.java:shutdownLeaderElection(134)) - f3563236-f689-405f-8ebf-d4e633c015bd: shutdown LeaderElection
2019-09-24 03:11:51,414 [f3563236-f689-405f-8ebf-d4e633c015bd@group-A4B715B6386A:LeaderElection28] INFO  impl.RaftServerImpl (RaftServerImpl.java:setRole(174)) - f3563236-f689-405f-8ebf-d4e633c015bd@group-A4B715B6386A: changes role from CANDIDATE to LEADER at term 2 for changeToLeader
2019-09-24 03:11:51,415 [f3563236-f689-405f-8ebf-d4e633c015bd@group-A4B715B6386A:LeaderElection28] INFO  impl.RaftServerImpl (ServerState.java:setLeader(253)) - f3563236-f689-405f-8ebf-d4e633c015bd@group-A4B715B6386A: change Leader from null to f3563236-f689-405f-8ebf-d4e633c015bd at term 2 for becomeLeader, leader elected after 64ms
2019-09-24 03:11:51,415 [f3563236-f689-405f-8ebf-d4e633c015bd@group-A4B715B6386A:LeaderElection28] INFO  server.RaftServerConfigKeys (ConfUtils.java:logGet(43)) - raft.server.staging.catchup.gap = 1000 (default)
2019-09-24 03:11:51,415 [f3563236-f689-405f-8ebf-d4e633c015bd@group-A4B715B6386A:LeaderElection28] INFO  server.RaftServerConfigKeys (ConfUtils.java:logGet(43)) - raft.server.rpc.sleep.time = 25ms (default)
2019-09-24 03:11:51,415 [f3563236-f689-405f-8ebf-d4e633c015bd@group-A4B715B6386A:LeaderElection28] INFO  server.RaftServerConfigKeys (ConfUtils.java:logGet(43)) - raft.server.write.element-limit = 4096 (default)
2019-09-24 03:11:51,415 [f3563236-f689-405f-8ebf-d4e633c015bd@group-A4B715B6386A:LeaderElection28] INFO  server.RaftServerConfigKeys (ConfUtils.java:logGet(43)) - raft.server.watch.timeout = 10s (default)
2019-09-24 03:11:51,415 [f3563236-f689-405f-8ebf-d4e633c015bd@group-A4B715B6386A:LeaderElection28] INFO  server.RaftServerConfigKeys (ConfUtils.java:logGet(43)) - raft.server.watch.timeout.denomination = 1s (default)
2019-09-24 03:11:51,416 [f3563236-f689-405f-8ebf-d4e633c015bd@group-A4B715B6386A:LeaderElection28] INFO  server.RaftServerConfigKeys (ConfUtils.java:logGet(43)) - raft.server.watch.element-limit = 65536 (default)
2019-09-24 03:11:51,418 [f3563236-f689-405f-8ebf-d4e633c015bd@group-A4B715B6386A:LeaderElection28] INFO  server.RaftServerConfigKeys (ConfUtils.java:logGet(43)) - raft.server.log.appender.snapshot.chunk.size.max = 16MB (=16777216) (default)
2019-09-24 03:11:51,418 [f3563236-f689-405f-8ebf-d4e633c015bd@group-A4B715B6386A:LeaderElection28] INFO  server.RaftServerConfigKeys (ConfUtils.java:logGet(43)) - raft.server.log.appender.buffer.byte-limit = 33554432 (custom)
2019-09-24 03:11:51,418 [f3563236-f689-405f-8ebf-d4e633c015bd@group-A4B715B6386A:LeaderElection28] INFO  server.RaftServerConfigKeys (ConfUtils.java:logGet(43)) - raft.server.log.appender.buffer.element-limit = 1 (custom)
2019-09-24 03:11:51,419 [f3563236-f689-405f-8ebf-d4e633c015bd@group-A4B715B6386A:LeaderElection28] INFO  grpc.GrpcConfigKeys$Server (ConfUtils.java:logGet(43)) - raft.grpc.server.leader.outstanding.appends.max = 128 (default)
2019-09-24 03:11:51,419 [f3563236-f689-405f-8ebf-d4e633c015bd@group-A4B715B6386A:LeaderElection28] INFO  server.RaftServerConfigKeys (ConfUtils.java:logGet(43)) - raft.server.rpc.request.timeout = 3000ms (default)
2019-09-24 03:11:51,419 [f3563236-f689-405f-8ebf-d4e633c015bd@group-A4B715B6386A:LeaderElection28] INFO  server.RaftServerConfigKeys (ConfUtils.java:logGet(43)) - raft.server.log.appender.install.snapshot.enabled = false (custom)
2019-09-24 03:11:51,419 [f3563236-f689-405f-8ebf-d4e633c015bd@group-A4B715B6386A:LeaderElection28] INFO  server.RaftServerConfigKeys (ConfUtils.java:logGet(43)) - raft.server.log.appender.snapshot.chunk.size.max = 16MB (=16777216) (default)
2019-09-24 03:11:51,419 [f3563236-f689-405f-8ebf-d4e633c015bd@group-A4B715B6386A:LeaderElection28] INFO  server.RaftServerConfigKeys (ConfUtils.java:logGet(43)) - raft.server.log.appender.buffer.byte-limit = 33554432 (custom)
2019-09-24 03:11:51,419 [f3563236-f689-405f-8ebf-d4e633c015bd@group-A4B715B6386A:LeaderElection28] INFO  server.RaftServerConfigKeys (ConfUtils.java:logGet(43)) - raft.server.log.appender.buffer.element-limit = 1 (custom)
2019-09-24 03:11:51,420 [f3563236-f689-405f-8ebf-d4e633c015bd@group-A4B715B6386A:LeaderElection28] INFO  grpc.GrpcConfigKeys$Server (ConfUtils.java:logGet(43)) - raft.grpc.server.leader.outstanding.appends.max = 128 (default)
2019-09-24 03:11:51,420 [f3563236-f689-405f-8ebf-d4e633c015bd@group-A4B715B6386A:LeaderElection28] INFO  server.RaftServerConfigKeys (ConfUtils.java:logGet(43)) - raft.server.rpc.request.timeout = 3000ms (default)
2019-09-24 03:11:51,420 [f3563236-f689-405f-8ebf-d4e633c015bd@group-A4B715B6386A:LeaderElection28] INFO  server.RaftServerConfigKeys (ConfUtils.java:logGet(43)) - raft.server.log.appender.install.snapshot.enabled = false (custom)
2019-09-24 03:11:51,420 [f3563236-f689-405f-8ebf-d4e633c015bd@group-A4B715B6386A:LeaderElection28] INFO  impl.RoleInfo (RoleInfo.java:updateAndGet(143)) - f3563236-f689-405f-8ebf-d4e633c015bd: start LeaderState
2019-09-24 03:11:51,420 [f3563236-f689-405f-8ebf-d4e633c015bd@group-A4B715B6386A:LeaderElection28] INFO  segmented.SegmentedRaftLogWorker (SegmentedRaftLogWorker.java:rollLogSegment(385)) - f3563236-f689-405f-8ebf-d4e633c015bd@group-A4B715B6386A-SegmentedRaftLogWorker: Rolling segment log-0_0 to index:0
2019-09-24 03:11:51,421 [f3563236-f689-405f-8ebf-d4e633c015bd@group-A4B715B6386A:LeaderElection28] INFO  impl.RaftServerImpl (ServerState.java:setRaftConf(354)) - f3563236-f689-405f-8ebf-d4e633c015bd@group-A4B715B6386A: set configuration 1: [5406889e-ec62-4049-b262-f5316a5dbf0d:192.168.151.121:45241, f3563236-f689-405f-8ebf-d4e633c015bd:192.168.151.121:39431, 44a4ffbc-4d91-4095-a9c3-b922f00b00e4:192.168.151.121:38893], old=null at 1
2019-09-24 03:11:51,424 [f3563236-f689-405f-8ebf-d4e633c015bd@group-A4B715B6386A-SegmentedRaftLogWorker] INFO  segmented.SegmentedRaftLogWorker (SegmentedRaftLogWorker.java:execute(526)) - f3563236-f689-405f-8ebf-d4e633c015bd@group-A4B715B6386A-SegmentedRaftLogWorker: Rolled log segment from /workdir/hadoop-ozone/integration-test/target/test-dir/MiniOzoneClusterImpl-012d228f-acb2-41e7-bbe8-297e082f4972/datanode-5/data/ratis/8d79d199-75f6-481a-ac05-a4b715b6386a/current/log_inprogress_0 to /workdir/hadoop-ozone/integration-test/target/test-dir/MiniOzoneClusterImpl-012d228f-acb2-41e7-bbe8-297e082f4972/datanode-5/data/ratis/8d79d199-75f6-481a-ac05-a4b715b6386a/current/log_0-0
2019-09-24 03:11:51,429 [grpc-default-executor-1] WARN  server.GrpcLogAppender (LogUtils.java:warn(134)) - f3563236-f689-405f-8ebf-d4e633c015bd@group-A4B715B6386A->44a4ffbc-4d91-4095-a9c3-b922f00b00e4-AppendLogResponseHandler: Failed appendEntries: org.apache.ratis.thirdparty.io.grpc.StatusRuntimeException: UNAVAILABLE: io exception
2019-09-24 03:11:51,432 [grpc-default-executor-1] INFO  impl.FollowerInfo (FollowerInfo.java:lambda$new$0(51)) - f3563236-f689-405f-8ebf-d4e633c015bd@group-A4B715B6386A->44a4ffbc-4d91-4095-a9c3-b922f00b00e4: nextIndex: updateUnconditionally 1 -> 0
2019-09-24 03:11:51,433 [grpc-default-executor-1] INFO  impl.RaftServerImpl (ServerState.java:setLeader(253)) - 5406889e-ec62-4049-b262-f5316a5dbf0d@group-A4B715B6386A: change Leader from null to f3563236-f689-405f-8ebf-d4e633c015bd at term 2 for appendEntries, leader elected after 35ms
2019-09-24 03:11:51,436 [grpc-default-executor-1] INFO  impl.RaftServerImpl (ServerState.java:setRaftConf(354)) - 5406889e-ec62-4049-b262-f5316a5dbf0d@group-A4B715B6386A: set configuration 1: [5406889e-ec62-4049-b262-f5316a5dbf0d:192.168.151.121:45241, f3563236-f689-405f-8ebf-d4e633c015bd:192.168.151.121:39431, 44a4ffbc-4d91-4095-a9c3-b922f00b00e4:192.168.151.121:38893], old=null at 1
2019-09-24 03:11:51,436 [grpc-default-executor-1] INFO  segmented.SegmentedRaftLogWorker (SegmentedRaftLogWorker.java:rollLogSegment(385)) - 5406889e-ec62-4049-b262-f5316a5dbf0d@group-A4B715B6386A-SegmentedRaftLogWorker: Rolling segment log-0_0 to index:0
2019-09-24 03:11:51,437 [5406889e-ec62-4049-b262-f5316a5dbf0d@group-A4B715B6386A-SegmentedRaftLogWorker] INFO  segmented.SegmentedRaftLogWorker (SegmentedRaftLogWorker.java:execute(526)) - 5406889e-ec62-4049-b262-f5316a5dbf0d@group-A4B715B6386A-SegmentedRaftLogWorker: Rolled log segment from /workdir/hadoop-ozone/integration-test/target/test-dir/MiniOzoneClusterImpl-012d228f-acb2-41e7-bbe8-297e082f4972/datanode-0/data/ratis/8d79d199-75f6-481a-ac05-a4b715b6386a/current/log_inprogress_0 to /workdir/hadoop-ozone/integration-test/target/test-dir/MiniOzoneClusterImpl-012d228f-acb2-41e7-bbe8-297e082f4972/datanode-0/data/ratis/8d79d199-75f6-481a-ac05-a4b715b6386a/current/log_0-0
2019-09-24 03:11:51,475 [f3563236-f689-405f-8ebf-d4e633c015bd@group-A4B715B6386A-SegmentedRaftLogWorker] INFO  segmented.SegmentedRaftLogWorker (SegmentedRaftLogWorker.java:execute(569)) - f3563236-f689-405f-8ebf-d4e633c015bd@group-A4B715B6386A-SegmentedRaftLogWorker: created new log segment /workdir/hadoop-ozone/integration-test/target/test-dir/MiniOzoneClusterImpl-012d228f-acb2-41e7-bbe8-297e082f4972/datanode-5/data/ratis/8d79d199-75f6-481a-ac05-a4b715b6386a/current/log_inprogress_1
2019-09-24 03:11:51,503 [5406889e-ec62-4049-b262-f5316a5dbf0d@group-A4B715B6386A-SegmentedRaftLogWorker] INFO  segmented.SegmentedRaftLogWorker (SegmentedRaftLogWorker.java:execute(569)) - 5406889e-ec62-4049-b262-f5316a5dbf0d@group-A4B715B6386A-SegmentedRaftLogWorker: created new log segment /workdir/hadoop-ozone/integration-test/target/test-dir/MiniOzoneClusterImpl-012d228f-acb2-41e7-bbe8-297e082f4972/datanode-0/data/ratis/8d79d199-75f6-481a-ac05-a4b715b6386a/current/log_inprogress_1
2019-09-24 03:11:51,523 [grpc-default-executor-0] WARN  server.GrpcLogAppender (LogUtils.java:warn(134)) - f3563236-f689-405f-8ebf-d4e633c015bd@group-A4B715B6386A->44a4ffbc-4d91-4095-a9c3-b922f00b00e4-AppendLogResponseHandler: Failed appendEntries: org.apache.ratis.thirdparty.io.grpc.StatusRuntimeException: UNAVAILABLE: io exception
2019-09-24 03:11:51,524 [grpc-default-executor-0] INFO  impl.FollowerInfo (FollowerInfo.java:lambda$new$0(51)) - f3563236-f689-405f-8ebf-d4e633c015bd@group-A4B715B6386A->44a4ffbc-4d91-4095-a9c3-b922f00b00e4: nextIndex: updateUnconditionally 1 -> 0
2019-09-24 03:11:51,535 [grpc-default-executor-1] WARN  server.GrpcLogAppender (LogUtils.java:warn(134)) - f3563236-f689-405f-8ebf-d4e633c015bd@group-A4B715B6386A->44a4ffbc-4d91-4095-a9c3-b922f00b00e4-AppendLogResponseHandler: Failed appendEntries: org.apache.ratis.thirdparty.io.grpc.StatusRuntimeException: UNAVAILABLE: io exception
2019-09-24 03:11:51,537 [grpc-default-executor-1] INFO  impl.FollowerInfo (FollowerInfo.java:lambda$new$0(51)) - f3563236-f689-405f-8ebf-d4e633c015bd@group-A4B715B6386A->44a4ffbc-4d91-4095-a9c3-b922f00b00e4: nextIndex: updateUnconditionally 1 -> 0
2019-09-24 03:11:53,123 [main] INFO  ozoneimpl.OzoneContainer (OzoneContainer.java:stop(231)) - Attempting to stop container services.
2019-09-24 03:11:53,124 [main] INFO  impl.RaftServerProxy (RaftServerProxy.java:lambda$close$4(314)) - 407a0596-b9d5-4e18-8838-1feb6dd68eb6: close
2019-09-24 03:11:53,124 [main] INFO  impl.RaftServerImpl (RaftServerImpl.java:lambda$shutdown$3(251)) - 407a0596-b9d5-4e18-8838-1feb6dd68eb6@group-89462EAE0168: shutdown
2019-09-24 03:11:53,125 [main] INFO  util.JmxRegister (JmxRegister.java:unregister(73)) - Successfully un-registered JMX Bean with object name Ratis:service=RaftServer,group=group-89462EAE0168,id=407a0596-b9d5-4e18-8838-1feb6dd68eb6
2019-09-24 03:11:53,125 [main] INFO  impl.RoleInfo (RoleInfo.java:shutdownLeaderState(104)) - 407a0596-b9d5-4e18-8838-1feb6dd68eb6: shutdown LeaderState
2019-09-24 03:11:53,125 [main] INFO  impl.PendingRequests (PendingRequests.java:sendNotLeaderResponses(202)) - 407a0596-b9d5-4e18-8838-1feb6dd68eb6-PendingRequests: sendNotLeaderResponses
2019-09-24 03:11:53,126 [main] INFO  impl.StateMachineUpdater (StateMachineUpdater.java:stopAndJoin(125)) - 407a0596-b9d5-4e18-8838-1feb6dd68eb6@group-89462EAE0168-StateMachineUpdater: set stopIndex = 0
2019-09-24 03:11:53,128 [main] INFO  impl.RaftServerImpl (ServerState.java:close(385)) - 407a0596-b9d5-4e18-8838-1feb6dd68eb6@group-89462EAE0168: closes. applyIndex: 0
2019-09-24 03:11:53,128 [407a0596-b9d5-4e18-8838-1feb6dd68eb6@group-89462EAE0168-SegmentedRaftLogWorker] INFO  segmented.SegmentedRaftLogWorker (SegmentedRaftLogWorker.java:run(313)) - 407a0596-b9d5-4e18-8838-1feb6dd68eb6@group-89462EAE0168-SegmentedRaftLogWorker was interrupted, exiting. There are 0 tasks remaining in the queue.
2019-09-24 03:11:53,130 [main] INFO  segmented.SegmentedRaftLogWorker (SegmentedRaftLogWorker.java:close(228)) - 407a0596-b9d5-4e18-8838-1feb6dd68eb6@group-89462EAE0168-SegmentedRaftLogWorker close()
2019-09-24 03:11:53,131 [main] INFO  impl.RaftServerImpl (RaftServerImpl.java:lambda$shutdown$3(251)) - 407a0596-b9d5-4e18-8838-1feb6dd68eb6@group-691697993241: shutdown
2019-09-24 03:11:53,131 [main] INFO  util.JmxRegister (JmxRegister.java:unregister(73)) - Successfully un-registered JMX Bean with object name Ratis:service=RaftServer,group=group-691697993241,id=407a0596-b9d5-4e18-8838-1feb6dd68eb6
2019-09-24 03:11:53,132 [main] INFO  impl.RoleInfo (RoleInfo.java:shutdownFollowerState(121)) - 407a0596-b9d5-4e18-8838-1feb6dd68eb6: shutdown FollowerState
2019-09-24 03:11:53,132 [ForkJoinPool.commonPool-worker-0] INFO  ozoneimpl.OzoneContainer (OzoneContainer.java:stop(231)) - Attempting to stop container services.
2019-09-24 03:11:53,132 [main] INFO  impl.StateMachineUpdater (StateMachineUpdater.java:stopAndJoin(125)) - 407a0596-b9d5-4e18-8838-1feb6dd68eb6@group-691697993241-StateMachineUpdater: set stopIndex = 0
2019-09-24 03:11:53,132 [ForkJoinPool.commonPool-worker-0] INFO  impl.RaftServerProxy (RaftServerProxy.java:lambda$close$4(314)) - 5406889e-ec62-4049-b262-f5316a5dbf0d: close
2019-09-24 03:11:53,132 [Thread-858] INFO  impl.FollowerState (FollowerState.java:run(115)) - 407a0596-b9d5-4e18-8838-1feb6dd68eb6: FollowerState was interrupted: java.lang.InterruptedException: sleep interrupted
2019-09-24 03:11:53,133 [ForkJoinPool.commonPool-worker-0] INFO  impl.RaftServerImpl (RaftServerImpl.java:lambda$shutdown$3(251)) - 5406889e-ec62-4049-b262-f5316a5dbf0d@group-E8718F9B793B: shutdown
2019-09-24 03:11:53,133 [main] INFO  impl.RaftServerImpl (ServerState.java:close(385)) - 407a0596-b9d5-4e18-8838-1feb6dd68eb6@group-691697993241: closes. applyIndex: 0
2019-09-24 03:11:53,134 [ForkJoinPool.commonPool-worker-0] INFO  util.JmxRegister (JmxRegister.java:unregister(73)) - Successfully un-registered JMX Bean with object name Ratis:service=RaftServer,group=group-E8718F9B793B,id=5406889e-ec62-4049-b262-f5316a5dbf0d
2019-09-24 03:11:53,135 [ForkJoinPool.commonPool-worker-0] INFO  impl.RoleInfo (RoleInfo.java:shutdownLeaderState(104)) - 5406889e-ec62-4049-b262-f5316a5dbf0d: shutdown LeaderState
2019-09-24 03:11:53,135 [407a0596-b9d5-4e18-8838-1feb6dd68eb6@group-691697993241-SegmentedRaftLogWorker] INFO  segmented.SegmentedRaftLogWorker (SegmentedRaftLogWorker.java:run(313)) - 407a0596-b9d5-4e18-8838-1feb6dd68eb6@group-691697993241-SegmentedRaftLogWorker was interrupted, exiting. There are 0 tasks remaining in the queue.
2019-09-24 03:11:53,135 [ForkJoinPool.commonPool-worker-0] INFO  impl.PendingRequests (PendingRequests.java:sendNotLeaderResponses(202)) - 5406889e-ec62-4049-b262-f5316a5dbf0d-PendingRequests: sendNotLeaderResponses
2019-09-24 03:11:53,136 [main] INFO  segmented.SegmentedRaftLogWorker (SegmentedRaftLogWorker.java:close(228)) - 407a0596-b9d5-4e18-8838-1feb6dd68eb6@group-691697993241-SegmentedRaftLogWorker close()
2019-09-24 03:11:53,136 [ForkJoinPool.commonPool-worker-0] INFO  impl.StateMachineUpdater (StateMachineUpdater.java:stopAndJoin(125)) - 5406889e-ec62-4049-b262-f5316a5dbf0d@group-E8718F9B793B-StateMachineUpdater: set stopIndex = 0
2019-09-24 03:11:53,138 [main] INFO  server.GrpcService (GrpcService.java:closeImpl(164)) - 407a0596-b9d5-4e18-8838-1feb6dd68eb6: shutdown server with port 33348 now
2019-09-24 03:11:53,138 [ForkJoinPool.commonPool-worker-0] INFO  impl.RaftServerImpl (ServerState.java:close(385)) - 5406889e-ec62-4049-b262-f5316a5dbf0d@group-E8718F9B793B: closes. applyIndex: 0
2019-09-24 03:11:53,138 [main] INFO  server.GrpcService (GrpcService.java:closeImpl(172)) - 407a0596-b9d5-4e18-8838-1feb6dd68eb6: shutdown server with port 33348 successfully
2019-09-24 03:11:53,138 [5406889e-ec62-4049-b262-f5316a5dbf0d@group-E8718F9B793B-SegmentedRaftLogWorker] INFO  segmented.SegmentedRaftLogWorker (SegmentedRaftLogWorker.java:run(313)) - 5406889e-ec62-4049-b262-f5316a5dbf0d@group-E8718F9B793B-SegmentedRaftLogWorker was interrupted, exiting. There are 0 tasks remaining in the queue.
2019-09-24 03:11:53,140 [ForkJoinPool.commonPool-worker-0] INFO  segmented.SegmentedRaftLogWorker (SegmentedRaftLogWorker.java:close(228)) - 5406889e-ec62-4049-b262-f5316a5dbf0d@group-E8718F9B793B-SegmentedRaftLogWorker close()
2019-09-24 03:11:53,145 [ForkJoinPool.commonPool-worker-0] INFO  impl.RaftServerImpl (RaftServerImpl.java:lambda$shutdown$3(251)) - 5406889e-ec62-4049-b262-f5316a5dbf0d@group-A4B715B6386A: shutdown
2019-09-24 03:11:53,145 [ForkJoinPool.commonPool-worker-0] INFO  util.JmxRegister (JmxRegister.java:unregister(73)) - Successfully un-registered JMX Bean with object name Ratis:service=RaftServer,group=group-A4B715B6386A,id=5406889e-ec62-4049-b262-f5316a5dbf0d
2019-09-24 03:11:53,145 [ForkJoinPool.commonPool-worker-0] INFO  impl.RoleInfo (RoleInfo.java:shutdownFollowerState(121)) - 5406889e-ec62-4049-b262-f5316a5dbf0d: shutdown FollowerState
2019-09-24 03:11:53,145 [refreshUsed-/workdir/hadoop-ozone/integration-test/target/test-dir/MiniOzoneClusterImpl-012d228f-acb2-41e7-bbe8-297e082f4972/datanode-6/data/containers] WARN  fs.CachingGetSpaceUsed (CachingGetSpaceUsed.java:run(183)) - Thread Interrupted waiting to refresh disk information: sleep interrupted
2019-09-24 03:11:53,146 [Thread-1068] INFO  impl.FollowerState (FollowerState.java:run(115)) - 5406889e-ec62-4049-b262-f5316a5dbf0d: FollowerState was interrupted: java.lang.InterruptedException: sleep interrupted
2019-09-24 03:11:53,146 [ForkJoinPool.commonPool-worker-0] INFO  impl.StateMachineUpdater (StateMachineUpdater.java:stopAndJoin(125)) - 5406889e-ec62-4049-b262-f5316a5dbf0d@group-A4B715B6386A-StateMachineUpdater: set stopIndex = 1
2019-09-24 03:11:53,147 [ForkJoinPool.commonPool-worker-0] INFO  impl.RaftServerImpl (ServerState.java:close(385)) - 5406889e-ec62-4049-b262-f5316a5dbf0d@group-A4B715B6386A: closes. applyIndex: 1
2019-09-24 03:11:53,147 [5406889e-ec62-4049-b262-f5316a5dbf0d@group-A4B715B6386A-SegmentedRaftLogWorker] INFO  segmented.SegmentedRaftLogWorker (SegmentedRaftLogWorker.java:run(313)) - 5406889e-ec62-4049-b262-f5316a5dbf0d@group-A4B715B6386A-SegmentedRaftLogWorker was interrupted, exiting. There are 0 tasks remaining in the queue.
2019-09-24 03:11:53,148 [ForkJoinPool.commonPool-worker-0] INFO  segmented.SegmentedRaftLogWorker (SegmentedRaftLogWorker.java:close(228)) - 5406889e-ec62-4049-b262-f5316a5dbf0d@group-A4B715B6386A-SegmentedRaftLogWorker close()
2019-09-24 03:11:53,148 [ForkJoinPool.commonPool-worker-0] INFO  server.GrpcService (GrpcService.java:closeImpl(164)) - 5406889e-ec62-4049-b262-f5316a5dbf0d: shutdown server with port 45241 now
2019-09-24 03:11:53,150 [ForkJoinPool.commonPool-worker-0] INFO  server.GrpcService (GrpcService.java:closeImpl(172)) - 5406889e-ec62-4049-b262-f5316a5dbf0d: shutdown server with port 45241 successfully
2019-09-24 03:11:53,150 [grpc-default-executor-3] WARN  server.GrpcLogAppender (LogUtils.java:warn(134)) - f3563236-f689-405f-8ebf-d4e633c015bd@group-A4B715B6386A->5406889e-ec62-4049-b262-f5316a5dbf0d-AppendLogResponseHandler: Failed appendEntries: org.apache.ratis.thirdparty.io.grpc.StatusRuntimeException: CANCELLED: HTTP/2 error code: CANCEL
Received Rst Stream
2019-09-24 03:11:53,152 [grpc-default-executor-3] INFO  impl.FollowerInfo (FollowerInfo.java:lambda$new$0(51)) - f3563236-f689-405f-8ebf-d4e633c015bd@group-A4B715B6386A->5406889e-ec62-4049-b262-f5316a5dbf0d: nextIndex: updateUnconditionally 3 -> 2
2019-09-24 03:11:53,152 [grpc-default-executor-0] WARN  server.GrpcServerProtocolService (LogUtils.java:warn(134)) - 5406889e-ec62-4049-b262-f5316a5dbf0d: installSnapshot onError, lastRequest: f3563236-f689-405f-8ebf-d4e633c015bd->5406889e-ec62-4049-b262-f5316a5dbf0d#2-t2, previous=(t:2, i:1), leaderCommit=1, initializing? false, entries: size=1, first=(t:2, i:2), METADATAENTRY(c1): org.apache.ratis.thirdparty.io.grpc.StatusRuntimeException: CANCELLED: cancelled before receiving half close
2019-09-24 03:11:53,157 [refreshUsed-/workdir/hadoop-ozone/integration-test/target/test-dir/MiniOzoneClusterImpl-012d228f-acb2-41e7-bbe8-297e082f4972/datanode-0/data/containers] WARN  fs.CachingGetSpaceUsed (CachingGetSpaceUsed.java:run(183)) - Thread Interrupted waiting to refresh disk information: sleep interrupted
2019-09-24 03:11:53,169 [ForkJoinPool.commonPool-worker-0] INFO  utils.BackgroundService (BackgroundService.java:shutdown(148)) - Shutting down service BlockDeletingService
2019-09-24 03:11:53,170 [main] INFO  utils.BackgroundService (BackgroundService.java:shutdown(148)) - Shutting down service BlockDeletingService
2019-09-24 03:11:53,172 [ForkJoinPool.commonPool-worker-0] INFO  statemachine.DatanodeStateMachine (DatanodeStateMachine.java:stopDaemon(395)) - Ozone container server stopped.
2019-09-24 03:11:53,174 [main] INFO  statemachine.DatanodeStateMachine (DatanodeStateMachine.java:stopDaemon(395)) - Ozone container server stopped.
2019-09-24 03:11:53,175 [ForkJoinPool.commonPool-worker-0] INFO  handler.ContextHandler (ContextHandler.java:doStop(910)) - Stopped o.e.j.w.WebAppContext@109f8c7e{/,null,UNAVAILABLE}{/hddsDatanode}
2019-09-24 03:11:53,176 [main] INFO  handler.ContextHandler (ContextHandler.java:doStop(910)) - Stopped o.e.j.w.WebAppContext@d70f722{/,null,UNAVAILABLE}{/hddsDatanode}
2019-09-24 03:11:53,176 [ForkJoinPool.commonPool-worker-0] INFO  server.AbstractConnector (AbstractConnector.java:doStop(318)) - Stopped ServerConnector@5edacf20{HTTP/1.1,[http/1.1]}{0.0.0.0:0}
2019-09-24 03:11:53,179 [ForkJoinPool.commonPool-worker-0] INFO  handler.ContextHandler (ContextHandler.java:doStop(910)) - Stopped o.e.j.s.ServletContextHandler@4f8d86e4{/static,jar:file:/home/user/.m2/repository/org/apache/hadoop/hadoop-hdds-container-service/0.5.0-SNAPSHOT/hadoop-hdds-container-service-0.5.0-SNAPSHOT.jar!/webapps/static,UNAVAILABLE}
2019-09-24 03:11:53,179 [main] INFO  server.AbstractConnector (AbstractConnector.java:doStop(318)) - Stopped ServerConnector@1e1eeedd{HTTP/1.1,[http/1.1]}{0.0.0.0:0}
2019-09-24 03:11:53,179 [ForkJoinPool.commonPool-worker-0] INFO  handler.ContextHandler (ContextHandler.java:doStop(910)) - Stopped o.e.j.s.ServletContextHandler@e38f0b7{/logs,file:///workdir/hadoop-ozone/integration-test/target/log,UNAVAILABLE}
2019-09-24 03:11:53,179 [main] INFO  handler.ContextHandler (ContextHandler.java:doStop(910)) - Stopped o.e.j.s.ServletContextHandler@65bad087{/static,jar:file:/home/user/.m2/repository/org/apache/hadoop/hadoop-hdds-container-service/0.5.0-SNAPSHOT/hadoop-hdds-container-service-0.5.0-SNAPSHOT.jar!/webapps/static,UNAVAILABLE}
2019-09-24 03:11:53,180 [main] INFO  handler.ContextHandler (ContextHandler.java:doStop(910)) - Stopped o.e.j.s.ServletContextHandler@5a936e64{/logs,file:///workdir/hadoop-ozone/integration-test/target/log,UNAVAILABLE}
2019-09-24 03:11:53,661 [Datanode State Machine Thread - 0] INFO  statemachine.DatanodeStateMachine (DatanodeStateMachine.java:lambda$startDaemon$0(350)) - Ozone container server started.
2019-09-24 03:11:54,039 [grpc-default-executor-3] WARN  server.GrpcLogAppender (LogUtils.java:warn(134)) - f3563236-f689-405f-8ebf-d4e633c015bd@group-A4B715B6386A->5406889e-ec62-4049-b262-f5316a5dbf0d-AppendLogResponseHandler: Failed appendEntries: org.apache.ratis.thirdparty.io.grpc.StatusRuntimeException: UNAVAILABLE: io exception
2019-09-24 03:11:54,040 [grpc-default-executor-3] INFO  impl.FollowerInfo (FollowerInfo.java:lambda$new$0(51)) - f3563236-f689-405f-8ebf-d4e633c015bd@group-A4B715B6386A->5406889e-ec62-4049-b262-f5316a5dbf0d: nextIndex: updateUnconditionally 2 -> 1
2019-09-24 03:11:54,041 [grpc-default-executor-4] WARN  server.GrpcLogAppender (LogUtils.java:warn(134)) - f3563236-f689-405f-8ebf-d4e633c015bd@group-A4B715B6386A->44a4ffbc-4d91-4095-a9c3-b922f00b00e4-AppendLogResponseHandler: Failed appendEntries: org.apache.ratis.thirdparty.io.grpc.StatusRuntimeException: UNAVAILABLE: io exception
2019-09-24 03:11:54,042 [grpc-default-executor-4] INFO  impl.FollowerInfo (FollowerInfo.java:lambda$new$0(51)) - f3563236-f689-405f-8ebf-d4e633c015bd@group-A4B715B6386A->44a4ffbc-4d91-4095-a9c3-b922f00b00e4: nextIndex: updateUnconditionally 0 -> 0
2019-09-24 03:11:56,539 [grpc-default-executor-5] WARN  server.GrpcLogAppender (LogUtils.java:warn(134)) - f3563236-f689-405f-8ebf-d4e633c015bd@group-A4B715B6386A->44a4ffbc-4d91-4095-a9c3-b922f00b00e4-AppendLogResponseHandler: Failed appendEntries: org.apache.ratis.thirdparty.io.grpc.StatusRuntimeException: UNAVAILABLE: io exception
2019-09-24 03:11:56,539 [grpc-default-executor-6] WARN  server.GrpcLogAppender (LogUtils.java:warn(134)) - f3563236-f689-405f-8ebf-d4e633c015bd@group-A4B715B6386A->5406889e-ec62-4049-b262-f5316a5dbf0d-AppendLogResponseHandler: Failed appendEntries: org.apache.ratis.thirdparty.io.grpc.StatusRuntimeException: UNAVAILABLE: io exception
2019-09-24 03:11:56,541 [grpc-default-executor-5] INFO  impl.FollowerInfo (FollowerInfo.java:lambda$new$0(51)) - f3563236-f689-405f-8ebf-d4e633c015bd@group-A4B715B6386A->44a4ffbc-4d91-4095-a9c3-b922f00b00e4: nextIndex: updateUnconditionally 0 -> 0
2019-09-24 03:11:56,542 [grpc-default-executor-6] INFO  impl.FollowerInfo (FollowerInfo.java:lambda$new$0(51)) - f3563236-f689-405f-8ebf-d4e633c015bd@group-A4B715B6386A->5406889e-ec62-4049-b262-f5316a5dbf0d: nextIndex: updateUnconditionally 1 -> 0
2019-09-24 03:11:58,180 [ForkJoinPool.commonPool-worker-0] INFO  ozoneimpl.OzoneContainer (OzoneContainer.java:stop(231)) - Attempting to stop container services.
2019-09-24 03:11:58,181 [ForkJoinPool.commonPool-worker-0] INFO  impl.RaftServerProxy (RaftServerProxy.java:lambda$close$4(314)) - f3563236-f689-405f-8ebf-d4e633c015bd: close
2019-09-24 03:11:58,181 [ForkJoinPool.commonPool-worker-0] INFO  impl.RaftServerImpl (RaftServerImpl.java:lambda$shutdown$3(251)) - f3563236-f689-405f-8ebf-d4e633c015bd@group-C532ED5E37F8: shutdown
2019-09-24 03:11:58,181 [ForkJoinPool.commonPool-worker-0] INFO  util.JmxRegister (JmxRegister.java:unregister(73)) - Successfully un-registered JMX Bean with object name Ratis:service=RaftServer,group=group-C532ED5E37F8,id=f3563236-f689-405f-8ebf-d4e633c015bd
2019-09-24 03:11:58,182 [ForkJoinPool.commonPool-worker-0] INFO  impl.RoleInfo (RoleInfo.java:shutdownLeaderState(104)) - f3563236-f689-405f-8ebf-d4e633c015bd: shutdown LeaderState
2019-09-24 03:11:58,182 [ForkJoinPool.commonPool-worker-0] INFO  impl.PendingRequests (PendingRequests.java:sendNotLeaderResponses(202)) - f3563236-f689-405f-8ebf-d4e633c015bd-PendingRequests: sendNotLeaderResponses
2019-09-24 03:11:58,182 [ForkJoinPool.commonPool-worker-0] INFO  impl.StateMachineUpdater (StateMachineUpdater.java:stopAndJoin(125)) - f3563236-f689-405f-8ebf-d4e633c015bd@group-C532ED5E37F8-StateMachineUpdater: set stopIndex = 0
2019-09-24 03:11:58,182 [ForkJoinPool.commonPool-worker-0] INFO  impl.RaftServerImpl (ServerState.java:close(385)) - f3563236-f689-405f-8ebf-d4e633c015bd@group-C532ED5E37F8: closes. applyIndex: 0
2019-09-24 03:11:58,183 [f3563236-f689-405f-8ebf-d4e633c015bd@group-C532ED5E37F8-SegmentedRaftLogWorker] INFO  segmented.SegmentedRaftLogWorker (SegmentedRaftLogWorker.java:run(313)) - f3563236-f689-405f-8ebf-d4e633c015bd@group-C532ED5E37F8-SegmentedRaftLogWorker was interrupted, exiting. There are 0 tasks remaining in the queue.
2019-09-24 03:11:58,183 [ForkJoinPool.commonPool-worker-0] INFO  segmented.SegmentedRaftLogWorker (SegmentedRaftLogWorker.java:close(228)) - f3563236-f689-405f-8ebf-d4e633c015bd@group-C532ED5E37F8-SegmentedRaftLogWorker close()
2019-09-24 03:11:58,183 [ForkJoinPool.commonPool-worker-0] INFO  impl.RaftServerImpl (RaftServerImpl.java:lambda$shutdown$3(251)) - f3563236-f689-405f-8ebf-d4e633c015bd@group-A4B715B6386A: shutdown
2019-09-24 03:11:58,184 [ForkJoinPool.commonPool-worker-0] INFO  util.JmxRegister (JmxRegister.java:unregister(73)) - Successfully un-registered JMX Bean with object name Ratis:service=RaftServer,group=group-A4B715B6386A,id=f3563236-f689-405f-8ebf-d4e633c015bd
2019-09-24 03:11:58,184 [ForkJoinPool.commonPool-worker-0] INFO  impl.RoleInfo (RoleInfo.java:shutdownLeaderState(104)) - f3563236-f689-405f-8ebf-d4e633c015bd: shutdown LeaderState
2019-09-24 03:11:58,186 [org.apache.ratis.server.impl.LogAppender$AppenderDaemon$$Lambda$416/65499852@3c95ba2a] WARN  server.GrpcLogAppender (GrpcLogAppender.java:mayWait(143)) - f3563236-f689-405f-8ebf-d4e633c015bd@group-A4B715B6386A->44a4ffbc-4d91-4095-a9c3-b922f00b00e4-GrpcLogAppender: Wait interrupted by java.lang.InterruptedException
2019-09-24 03:11:58,186 [org.apache.ratis.server.impl.LogAppender$AppenderDaemon$$Lambda$416/65499852@6e0eac22] WARN  server.GrpcLogAppender (GrpcLogAppender.java:mayWait(143)) - f3563236-f689-405f-8ebf-d4e633c015bd@group-A4B715B6386A->5406889e-ec62-4049-b262-f5316a5dbf0d-GrpcLogAppender: Wait interrupted by java.lang.InterruptedException
2019-09-24 03:11:58,186 [ForkJoinPool.commonPool-worker-0] INFO  impl.PendingRequests (PendingRequests.java:sendNotLeaderResponses(202)) - f3563236-f689-405f-8ebf-d4e633c015bd-PendingRequests: sendNotLeaderResponses
2019-09-24 03:11:58,190 [ForkJoinPool.commonPool-worker-0] INFO  impl.StateMachineUpdater (StateMachineUpdater.java:stopAndJoin(125)) - f3563236-f689-405f-8ebf-d4e633c015bd@group-A4B715B6386A-StateMachineUpdater: set stopIndex = 2
2019-09-24 03:11:58,190 [ForkJoinPool.commonPool-worker-0] INFO  impl.RaftServerImpl (ServerState.java:close(385)) - f3563236-f689-405f-8ebf-d4e633c015bd@group-A4B715B6386A: closes. applyIndex: 2
2019-09-24 03:11:58,191 [f3563236-f689-405f-8ebf-d4e633c015bd@group-A4B715B6386A-SegmentedRaftLogWorker] INFO  segmented.SegmentedRaftLogWorker (SegmentedRaftLogWorker.java:run(313)) - f3563236-f689-405f-8ebf-d4e633c015bd@group-A4B715B6386A-SegmentedRaftLogWorker was interrupted, exiting. There are 0 tasks remaining in the queue.
2019-09-24 03:11:58,191 [ForkJoinPool.commonPool-worker-0] INFO  segmented.SegmentedRaftLogWorker (SegmentedRaftLogWorker.java:close(228)) - f3563236-f689-405f-8ebf-d4e633c015bd@group-A4B715B6386A-SegmentedRaftLogWorker close()
2019-09-24 03:11:58,191 [ForkJoinPool.commonPool-worker-0] INFO  server.GrpcService (GrpcService.java:closeImpl(164)) - f3563236-f689-405f-8ebf-d4e633c015bd: shutdown server with port 39431 now
2019-09-24 03:11:58,191 [ForkJoinPool.commonPool-worker-0] INFO  server.GrpcService (GrpcService.java:closeImpl(172)) - f3563236-f689-405f-8ebf-d4e633c015bd: shutdown server with port 39431 successfully
2019-09-24 03:11:58,194 [refreshUsed-/workdir/hadoop-ozone/integration-test/target/test-dir/MiniOzoneClusterImpl-012d228f-acb2-41e7-bbe8-297e082f4972/datanode-5/data/containers] WARN  fs.CachingGetSpaceUsed (CachingGetSpaceUsed.java:run(183)) - Thread Interrupted waiting to refresh disk information: sleep interrupted
2019-09-24 03:11:58,210 [ForkJoinPool.commonPool-worker-0] INFO  utils.BackgroundService (BackgroundService.java:shutdown(148)) - Shutting down service BlockDeletingService
2019-09-24 03:11:58,212 [ForkJoinPool.commonPool-worker-0] INFO  statemachine.DatanodeStateMachine (DatanodeStateMachine.java:stopDaemon(395)) - Ozone container server stopped.
2019-09-24 03:11:58,214 [ForkJoinPool.commonPool-worker-0] INFO  handler.ContextHandler (ContextHandler.java:doStop(910)) - Stopped o.e.j.w.WebAppContext@32a2a6be{/,null,UNAVAILABLE}{/hddsDatanode}
2019-09-24 03:11:58,215 [ForkJoinPool.commonPool-worker-0] INFO  server.AbstractConnector (AbstractConnector.java:doStop(318)) - Stopped ServerConnector@682af059{HTTP/1.1,[http/1.1]}{0.0.0.0:0}
2019-09-24 03:11:58,215 [ForkJoinPool.commonPool-worker-0] INFO  handler.ContextHandler (ContextHandler.java:doStop(910)) - Stopped o.e.j.s.ServletContextHandler@68699afc{/static,jar:file:/home/user/.m2/repository/org/apache/hadoop/hadoop-hdds-container-service/0.5.0-SNAPSHOT/hadoop-hdds-container-service-0.5.0-SNAPSHOT.jar!/webapps/static,UNAVAILABLE}
2019-09-24 03:11:58,216 [ForkJoinPool.commonPool-worker-0] INFO  handler.ContextHandler (ContextHandler.java:doStop(910)) - Stopped o.e.j.s.ServletContextHandler@57ad1178{/logs,file:///workdir/hadoop-ozone/integration-test/target/log,UNAVAILABLE}
2019-09-24 03:11:58,216 [main] INFO  ozone.MiniOzoneClusterImpl (MiniOzoneClusterImpl.java:stopSCM(392)) - Stopping the StorageContainerManager
2019-09-24 03:11:58,216 [main] INFO  server.StorageContainerManager (StorageContainerManager.java:stop(808)) - Stopping Replication Manager Service.
2019-09-24 03:11:58,217 [main] INFO  container.ReplicationManager (ReplicationManager.java:stop(203)) - Stopping Replication Monitor Thread.
2019-09-24 03:11:58,217 [main] INFO  server.StorageContainerManager (StorageContainerManager.java:stop(815)) - Stopping Lease Manager of the command watchers
2019-09-24 03:11:58,217 [main] INFO  server.StorageContainerManager (StorageContainerManager.java:stop(822)) - Stopping datanode service RPC server
2019-09-24 03:11:58,217 [main] INFO  server.SCMDatanodeProtocolServer (SCMDatanodeProtocolServer.java:stop(367)) - Stopping the RPC server for DataNodes
2019-09-24 03:11:58,217 [main] INFO  ipc.Server (Server.java:stop(3082)) - Stopping server on 37512
2019-09-24 03:11:58,219 [IPC Server listener on 37512] INFO  ipc.Server (Server.java:run(1185)) - Stopping IPC Server listener on 37512
2019-09-24 03:11:58,220 [IPC Server Responder] INFO  ipc.Server (Server.java:run(1319)) - Stopping IPC Server Responder
2019-09-24 03:11:58,287 [SCM Heartbeat Processing Thread - 0] WARN  node.NodeStateManager (NodeStateManager.java:scheduleNextHealthCheck(646)) - Current Thread is interrupted, shutting down HB processing thread for Node Manager.
2019-09-24 03:11:58,287 [main] INFO  server.StorageContainerManager (StorageContainerManager.java:stop(830)) - Stopping block service RPC server
2019-09-24 03:11:58,288 [main] INFO  server.SCMBlockProtocolServer (SCMBlockProtocolServer.java:stop(155)) - Stopping the RPC server for Block Protocol
2019-09-24 03:11:58,288 [main] INFO  ipc.Server (Server.java:stop(3082)) - Stopping server on 34415
2019-09-24 03:11:58,290 [IPC Server listener on 34415] INFO  ipc.Server (Server.java:run(1185)) - Stopping IPC Server listener on 34415
2019-09-24 03:11:58,290 [IPC Server Responder] INFO  ipc.Server (Server.java:run(1319)) - Stopping IPC Server Responder
2019-09-24 03:11:58,290 [main] INFO  server.StorageContainerManager (StorageContainerManager.java:stop(837)) - Stopping the StorageContainerLocationProtocol RPC server
2019-09-24 03:11:58,291 [main] INFO  server.SCMClientProtocolServer (SCMClientProtocolServer.java:stop(159)) - Stopping the RPC server for Client Protocol
2019-09-24 03:11:58,291 [main] INFO  ipc.Server (Server.java:stop(3082)) - Stopping server on 42107
2019-09-24 03:11:58,293 [IPC Server listener on 42107] INFO  ipc.Server (Server.java:run(1185)) - Stopping IPC Server listener on 42107
2019-09-24 03:11:58,293 [main] INFO  server.StorageContainerManager (StorageContainerManager.java:stop(844)) - Stopping Storage Container Manager HTTP server.
2019-09-24 03:11:58,293 [IPC Server Responder] INFO  ipc.Server (Server.java:run(1319)) - Stopping IPC Server Responder
2019-09-24 03:11:58,295 [main] INFO  handler.ContextHandler (ContextHandler.java:doStop(910)) - Stopped o.e.j.w.WebAppContext@6b63e6ad{/,null,UNAVAILABLE}{/scm}
2019-09-24 03:11:58,296 [main] INFO  server.AbstractConnector (AbstractConnector.java:doStop(318)) - Stopped ServerConnector@7beae796{HTTP/1.1,[http/1.1]}{0.0.0.0:0}
2019-09-24 03:11:58,296 [main] INFO  handler.ContextHandler (ContextHandler.java:doStop(910)) - Stopped o.e.j.s.ServletContextHandler@ea52184{/static,file:///workdir/hadoop-ozone/integration-test/target/test-classes/webapps/static,UNAVAILABLE}
2019-09-24 03:11:58,297 [main] INFO  handler.ContextHandler (ContextHandler.java:doStop(910)) - Stopped o.e.j.s.ServletContextHandler@470d183{/logs,file:///workdir/hadoop-ozone/integration-test/target/log,UNAVAILABLE}
2019-09-24 03:11:58,297 [main] INFO  server.StorageContainerManager (StorageContainerManager.java:stop(855)) - Stopping Block Manager Service.
2019-09-24 03:11:58,298 [main] INFO  utils.BackgroundService (BackgroundService.java:shutdown(148)) - Shutting down service SCMBlockDeletingService
2019-09-24 03:11:58,298 [main] INFO  utils.BackgroundService (BackgroundService.java:shutdown(148)) - Shutting down service SCMBlockDeletingService
2019-09-24 03:11:58,299 [main] INFO  server.StorageContainerManager (StorageContainerManager.java:stop(877)) - Stopping SCM Event Queue.
2019-09-24 03:11:58,302 [main] INFO  impl.MetricsSystemImpl (MetricsSystemImpl.java:stop(210)) - Stopping HddsDatanode metrics system...
2019-09-24 03:11:58,319 [main] INFO  impl.MetricsSystemImpl (MetricsSystemImpl.java:stop(216)) - HddsDatanode metrics system stopped.
]]></system-out>
    <system-err><![CDATA[Sep 24, 2019 3:11:43 AM org.apache.ratis.thirdparty.io.grpc.internal.SerializingExecutor run
SEVERE: Exception while executing runnable org.apache.ratis.thirdparty.io.grpc.internal.ServerImpl$JumpToApplicationThreadServerStreamListener$1Closed@322bf3ff
org.apache.ratis.thirdparty.io.grpc.StatusRuntimeException: CANCELLED: call already cancelled
	at org.apache.ratis.thirdparty.io.grpc.Status.asRuntimeException(Status.java:517)
	at org.apache.ratis.thirdparty.io.grpc.stub.ServerCalls$ServerCallStreamObserverImpl.onCompleted(ServerCalls.java:356)
	at org.apache.ratis.grpc.server.GrpcServerProtocolService$ServerRequestStreamObserver.onError(GrpcServerProtocolService.java:121)
	at org.apache.ratis.thirdparty.io.grpc.stub.ServerCalls$StreamingServerCallHandler$StreamingServerCallListener.onCancel(ServerCalls.java:269)
	at org.apache.ratis.thirdparty.io.grpc.internal.ServerCallImpl$ServerStreamListenerImpl.closed(ServerCallImpl.java:293)
	at org.apache.ratis.thirdparty.io.grpc.internal.ServerImpl$JumpToApplicationThreadServerStreamListener$1Closed.runInContext(ServerImpl.java:741)
	at org.apache.ratis.thirdparty.io.grpc.internal.ContextRunnable.run(ContextRunnable.java:37)
	at org.apache.ratis.thirdparty.io.grpc.internal.SerializingExecutor.run(SerializingExecutor.java:123)
	at java.util.concurrent.ThreadPoolExecutor.runWorker(ThreadPoolExecutor.java:1149)
	at java.util.concurrent.ThreadPoolExecutor$Worker.run(ThreadPoolExecutor.java:624)
	at java.lang.Thread.run(Thread.java:748)

Sep 24, 2019 3:11:53 AM org.apache.ratis.thirdparty.io.grpc.internal.SerializingExecutor run
SEVERE: Exception while executing runnable org.apache.ratis.thirdparty.io.grpc.internal.ServerImpl$JumpToApplicationThreadServerStreamListener$1Closed@16e082fd
org.apache.ratis.thirdparty.io.grpc.StatusRuntimeException: CANCELLED: call already cancelled
	at org.apache.ratis.thirdparty.io.grpc.Status.asRuntimeException(Status.java:517)
	at org.apache.ratis.thirdparty.io.grpc.stub.ServerCalls$ServerCallStreamObserverImpl.onCompleted(ServerCalls.java:356)
	at org.apache.ratis.grpc.server.GrpcServerProtocolService$ServerRequestStreamObserver.onError(GrpcServerProtocolService.java:121)
	at org.apache.ratis.thirdparty.io.grpc.stub.ServerCalls$StreamingServerCallHandler$StreamingServerCallListener.onCancel(ServerCalls.java:269)
	at org.apache.ratis.thirdparty.io.grpc.internal.ServerCallImpl$ServerStreamListenerImpl.closed(ServerCallImpl.java:293)
	at org.apache.ratis.thirdparty.io.grpc.internal.ServerImpl$JumpToApplicationThreadServerStreamListener$1Closed.runInContext(ServerImpl.java:741)
	at org.apache.ratis.thirdparty.io.grpc.internal.ContextRunnable.run(ContextRunnable.java:37)
	at org.apache.ratis.thirdparty.io.grpc.internal.SerializingExecutor.run(SerializingExecutor.java:123)
	at java.util.concurrent.ThreadPoolExecutor.runWorker(ThreadPoolExecutor.java:1149)
	at java.util.concurrent.ThreadPoolExecutor$Worker.run(ThreadPoolExecutor.java:624)
	at java.lang.Thread.run(Thread.java:748)

]]></system-err>
  </testcase>
</testsuite>