<?xml version="1.0" encoding="UTF-8"?>
<testsuite xmlns:xsi="http://www.w3.org/2001/XMLSchema-instance" xsi:noNamespaceSchemaLocation="https://maven.apache.org/surefire/maven-surefire-plugin/xsd/surefire-test-report.xsd" name="org.apache.hadoop.ozone.client.rpc.TestBlockOutputStreamWithFailures" time="685.788" tests="8" errors="0" skipped="0" failures="2">
  <properties>
    <property name="awt.toolkit" value="sun.awt.X11.XToolkit"/>
    <property name="file.encoding.pkg" value="sun.io"/>
    <property name="java.specification.version" value="1.8"/>
    <property name="sun.cpu.isalist" value=""/>
    <property name="sun.jnu.encoding" value="UTF-8"/>
    <property name="java.class.path" value="/workdir/hadoop-ozone/integration-test/target/test-classes:/workdir/hadoop-ozone/integration-test/target/classes:/home/user/.m2/repository/org/apache/hadoop/hadoop-ozone-common/0.5.0-SNAPSHOT/hadoop-ozone-common-0.5.0-SNAPSHOT.jar:/home/user/.m2/repository/org/apache/commons/commons-compress/1.4.1/commons-compress-1.4.1.jar:/home/user/.m2/repository/org/tukaani/xz/1.0/xz-1.0.jar:/home/user/.m2/repository/org/apache/hadoop/hadoop-common/3.2.0/hadoop-common-3.2.0.jar:/home/user/.m2/repository/org/apache/hadoop/hadoop-hdfs/3.2.0/hadoop-hdfs-3.2.0.jar:/home/user/.m2/repository/org/apache/hadoop/hadoop-hdfs-client/3.2.0/hadoop-hdfs-client-3.2.0.jar:/home/user/.m2/repository/com/fasterxml/jackson/core/jackson-annotations/2.9.5/jackson-annotations-2.9.5.jar:/home/user/.m2/repository/org/apache/hadoop/hadoop-hdds-common/0.5.0-SNAPSHOT/hadoop-hdds-common-0.5.0-SNAPSHOT.jar:/home/user/.m2/repository/javax/annotation/javax.annotation-api/1.2/javax.annotation-api-1.2.jar:/home/user/.m2/repository/org/apache/ratis/ratis-server/0.4.0-2337318-SNAPSHOT/ratis-server-0.4.0-2337318-SNAPSHOT.jar:/home/user/.m2/repository/org/apache/ratis/ratis-thirdparty-misc/0.2.0/ratis-thirdparty-misc-0.2.0.jar:/home/user/.m2/repository/org/apache/ratis/ratis-proto/0.4.0-2337318-SNAPSHOT/ratis-proto-0.4.0-2337318-SNAPSHOT.jar:/home/user/.m2/repository/org/apache/ratis/ratis-common/0.4.0-2337318-SNAPSHOT/ratis-common-0.4.0-2337318-SNAPSHOT.jar:/home/user/.m2/repository/org/apache/ratis/ratis-client/0.4.0-2337318-SNAPSHOT/ratis-client-0.4.0-2337318-SNAPSHOT.jar:/home/user/.m2/repository/org/apache/ratis/ratis-metrics/0.4.0-2337318-SNAPSHOT/ratis-metrics-0.4.0-2337318-SNAPSHOT.jar:/home/user/.m2/repository/org/apache/ratis/ratis-netty/0.4.0-2337318-SNAPSHOT/ratis-netty-0.4.0-2337318-SNAPSHOT.jar:/home/user/.m2/repository/org/apache/ratis/ratis-grpc/0.4.0-2337318-SNAPSHOT/ratis-grpc-0.4.0-2337318-SNAPSHOT.jar:/home/user/.m2/repository/org/rocksdb/rocksdbjni/6.0.1/rocksdbjni-6.0.1.jar:/home/user/.m2/repository/org/apache/logging/log4j/log4j-api/2.11.0/log4j-api-2.11.0.jar:/home/user/.m2/repository/org/apache/logging/log4j/log4j-core/2.11.0/log4j-core-2.11.0.jar:/home/user/.m2/repository/com/lmax/disruptor/3.4.2/disruptor-3.4.2.jar:/home/user/.m2/repository/org/apache/commons/commons-pool2/2.6.0/commons-pool2-2.6.0.jar:/home/user/.m2/repository/org/bouncycastle/bcpkix-jdk15on/1.60/bcpkix-jdk15on-1.60.jar:/home/user/.m2/repository/commons-validator/commons-validator/1.6/commons-validator-1.6.jar:/home/user/.m2/repository/commons-digester/commons-digester/1.8.1/commons-digester-1.8.1.jar:/home/user/.m2/repository/io/jaegertracing/jaeger-client/0.33.1/jaeger-client-0.33.1.jar:/home/user/.m2/repository/io/jaegertracing/jaeger-thrift/0.33.1/jaeger-thrift-0.33.1.jar:/home/user/.m2/repository/org/apache/thrift/libthrift/0.11.0/libthrift-0.11.0.jar:/home/user/.m2/repository/com/squareup/okhttp3/okhttp/3.9.0/okhttp-3.9.0.jar:/home/user/.m2/repository/com/squareup/okio/okio/1.13.0/okio-1.13.0.jar:/home/user/.m2/repository/io/jaegertracing/jaeger-core/0.33.1/jaeger-core-0.33.1.jar:/home/user/.m2/repository/io/jaegertracing/jaeger-tracerresolver/0.33.1/jaeger-tracerresolver-0.33.1.jar:/home/user/.m2/repository/io/opentracing/contrib/opentracing-tracerresolver/0.1.5/opentracing-tracerresolver-0.1.5.jar:/home/user/.m2/repository/io/opentracing/opentracing-util/0.31.0/opentracing-util-0.31.0.jar:/home/user/.m2/repository/io/opentracing/opentracing-api/0.31.0/opentracing-api-0.31.0.jar:/home/user/.m2/repository/io/opentracing/opentracing-noop/0.31.0/opentracing-noop-0.31.0.jar:/home/user/.m2/repository/org/apache/hadoop/hadoop-hdds-server-framework/0.5.0-SNAPSHOT/hadoop-hdds-server-framework-0.5.0-SNAPSHOT.jar:/home/user/.m2/repository/org/apache/hadoop/hadoop-hdds-container-service/0.5.0-SNAPSHOT/hadoop-hdds-container-service-0.5.0-SNAPSHOT.jar:/home/user/.m2/repository/org/apache/hadoop/hadoop-hdds-client/0.5.0-SNAPSHOT/hadoop-hdds-client-0.5.0-SNAPSHOT.jar:/home/user/.m2/repository/org/apache/hadoop/hadoop-hdds-tools/0.5.0-SNAPSHOT/hadoop-hdds-tools-0.5.0-SNAPSHOT.jar:/home/user/.m2/repository/org/apache/hadoop/hadoop-hdds-server-scm/0.5.0-SNAPSHOT/hadoop-hdds-server-scm-0.5.0-SNAPSHOT.jar:/home/user/.m2/repository/org/apache/hadoop/hadoop-hdds-docs/0.5.0-SNAPSHOT/hadoop-hdds-docs-0.5.0-SNAPSHOT.jar:/home/user/.m2/repository/io/dropwizard/metrics/metrics-core/3.2.4/metrics-core-3.2.4.jar:/home/user/.m2/repository/org/hamcrest/hamcrest-all/1.3/hamcrest-all-1.3.jar:/home/user/.m2/repository/org/bouncycastle/bcprov-jdk15on/1.60/bcprov-jdk15on-1.60.jar:/home/user/.m2/repository/info/picocli/picocli/3.9.6/picocli-3.9.6.jar:/home/user/.m2/repository/com/google/protobuf/protobuf-java/2.5.0/protobuf-java-2.5.0.jar:/home/user/.m2/repository/com/google/guava/guava/11.0.2/guava-11.0.2.jar:/home/user/.m2/repository/org/apache/hadoop/hadoop-ozone-ozone-manager/0.5.0-SNAPSHOT/hadoop-ozone-ozone-manager-0.5.0-SNAPSHOT.jar:/home/user/.m2/repository/org/apache/hadoop/hadoop-minikdc/3.2.0/hadoop-minikdc-3.2.0.jar:/home/user/.m2/repository/commons-io/commons-io/2.5/commons-io-2.5.jar:/home/user/.m2/repository/org/apache/kerby/kerb-simplekdc/1.0.1/kerb-simplekdc-1.0.1.jar:/home/user/.m2/repository/org/apache/kerby/kerb-client/1.0.1/kerb-client-1.0.1.jar:/home/user/.m2/repository/org/apache/kerby/kerby-config/1.0.1/kerby-config-1.0.1.jar:/home/user/.m2/repository/org/apache/kerby/kerb-core/1.0.1/kerb-core-1.0.1.jar:/home/user/.m2/repository/org/apache/kerby/kerby-pkix/1.0.1/kerby-pkix-1.0.1.jar:/home/user/.m2/repository/org/apache/kerby/kerby-asn1/1.0.1/kerby-asn1-1.0.1.jar:/home/user/.m2/repository/org/apache/kerby/kerby-util/1.0.1/kerby-util-1.0.1.jar:/home/user/.m2/repository/org/apache/kerby/kerb-common/1.0.1/kerb-common-1.0.1.jar:/home/user/.m2/repository/org/apache/kerby/kerb-crypto/1.0.1/kerb-crypto-1.0.1.jar:/home/user/.m2/repository/org/apache/kerby/kerb-util/1.0.1/kerb-util-1.0.1.jar:/home/user/.m2/repository/org/apache/kerby/token-provider/1.0.1/token-provider-1.0.1.jar:/home/user/.m2/repository/org/apache/kerby/kerb-admin/1.0.1/kerb-admin-1.0.1.jar:/home/user/.m2/repository/org/apache/kerby/kerb-server/1.0.1/kerb-server-1.0.1.jar:/home/user/.m2/repository/org/apache/kerby/kerb-identity/1.0.1/kerb-identity-1.0.1.jar:/home/user/.m2/repository/org/apache/kerby/kerby-xdr/1.0.1/kerby-xdr-1.0.1.jar:/home/user/.m2/repository/org/slf4j/slf4j-log4j12/1.7.25/slf4j-log4j12-1.7.25.jar:/home/user/.m2/repository/org/apache/hadoop/hadoop-ozone-objectstore-service/0.5.0-SNAPSHOT/hadoop-ozone-objectstore-service-0.5.0-SNAPSHOT.jar:/home/user/.m2/repository/org/apache/hadoop/hadoop-ozone-s3gateway/0.5.0-SNAPSHOT/hadoop-ozone-s3gateway-0.5.0-SNAPSHOT.jar:/home/user/.m2/repository/org/jboss/weld/servlet/weld-servlet/2.4.7.Final/weld-servlet-2.4.7.Final.jar:/home/user/.m2/repository/org/glassfish/jersey/containers/jersey-container-servlet-core/2.27/jersey-container-servlet-core-2.27.jar:/home/user/.m2/repository/org/glassfish/hk2/external/javax.inject/2.5.0-b42/javax.inject-2.5.0-b42.jar:/home/user/.m2/repository/org/glassfish/jersey/core/jersey-common/2.27/jersey-common-2.27.jar:/home/user/.m2/repository/org/glassfish/hk2/osgi-resource-locator/1.0.1/osgi-resource-locator-1.0.1.jar:/home/user/.m2/repository/javax/ws/rs/javax.ws.rs-api/2.1/javax.ws.rs-api-2.1.jar:/home/user/.m2/repository/org/glassfish/jersey/ext/cdi/jersey-cdi1x/2.27/jersey-cdi1x-2.27.jar:/home/user/.m2/repository/org/glassfish/jersey/inject/jersey-hk2/2.27/jersey-hk2-2.27.jar:/home/user/.m2/repository/org/glassfish/hk2/hk2-locator/2.5.0-b42/hk2-locator-2.5.0-b42.jar:/home/user/.m2/repository/org/javassist/javassist/3.22.0-CR2/javassist-3.22.0-CR2.jar:/home/user/.m2/repository/org/glassfish/hk2/hk2-api/2.5.0/hk2-api-2.5.0.jar:/home/user/.m2/repository/org/glassfish/hk2/external/jakarta.inject/2.5.0/jakarta.inject-2.5.0.jar:/home/user/.m2/repository/org/glassfish/hk2/hk2-utils/2.5.0/hk2-utils-2.5.0.jar:/home/user/.m2/repository/jakarta/annotation/jakarta.annotation-api/1.3.4/jakarta.annotation-api-1.3.4.jar:/home/user/.m2/repository/org/glassfish/hk2/external/aopalliance-repackaged/2.5.0/aopalliance-repackaged-2.5.0.jar:/home/user/.m2/repository/com/fasterxml/jackson/dataformat/jackson-dataformat-xml/2.9.0/jackson-dataformat-xml-2.9.0.jar:/home/user/.m2/repository/com/fasterxml/jackson/core/jackson-core/2.9.5/jackson-core-2.9.5.jar:/home/user/.m2/repository/com/fasterxml/jackson/module/jackson-module-jaxb-annotations/2.9.5/jackson-module-jaxb-annotations-2.9.5.jar:/home/user/.m2/repository/javax/enterprise/cdi-api/1.2/cdi-api-1.2.jar:/home/user/.m2/repository/javax/el/javax.el-api/3.0.0/javax.el-api-3.0.0.jar:/home/user/.m2/repository/javax/interceptor/javax.interceptor-api/1.2/javax.interceptor-api-1.2.jar:/home/user/.m2/repository/javax/inject/javax.inject/1/javax.inject-1.jar:/home/user/.m2/repository/com/sun/xml/bind/jaxb-impl/2.3.0.1/jaxb-impl-2.3.0.1.jar:/home/user/.m2/repository/com/sun/xml/bind/jaxb-core/2.3.0.1/jaxb-core-2.3.0.1.jar:/home/user/.m2/repository/javax/xml/bind/jaxb-api/2.3.0/jaxb-api-2.3.0.jar:/home/user/.m2/repository/javax/activation/activation/1.1.1/activation-1.1.1.jar:/home/user/.m2/repository/org/apache/hadoop/hadoop-ozone-csi/0.5.0-SNAPSHOT/hadoop-ozone-csi-0.5.0-SNAPSHOT.jar:/home/user/.m2/repository/com/google/protobuf/protobuf-java-util/3.5.1/protobuf-java-util-3.5.1.jar:/home/user/.m2/repository/org/apache/hadoop/hadoop-hdds-config/0.5.0-SNAPSHOT/hadoop-hdds-config-0.5.0-SNAPSHOT.jar:/home/user/.m2/repository/io/grpc/grpc-netty/1.17.1/grpc-netty-1.17.1.jar:/home/user/.m2/repository/io/grpc/grpc-core/1.17.1/grpc-core-1.17.1.jar:/home/user/.m2/repository/io/grpc/grpc-context/1.17.1/grpc-context-1.17.1.jar:/home/user/.m2/repository/com/google/errorprone/error_prone_annotations/2.2.0/error_prone_annotations-2.2.0.jar:/home/user/.m2/repository/org/codehaus/mojo/animal-sniffer-annotations/1.17/animal-sniffer-annotations-1.17.jar:/home/user/.m2/repository/io/opencensus/opencensus-api/0.17.0/opencensus-api-0.17.0.jar:/home/user/.m2/repository/io/opencensus/opencensus-contrib-grpc-metrics/0.17.0/opencensus-contrib-grpc-metrics-0.17.0.jar:/home/user/.m2/repository/io/netty/netty-codec-http2/4.1.30.Final/netty-codec-http2-4.1.30.Final.jar:/home/user/.m2/repository/io/netty/netty-codec-http/4.1.30.Final/netty-codec-http-4.1.30.Final.jar:/home/user/.m2/repository/io/netty/netty-codec/4.1.30.Final/netty-codec-4.1.30.Final.jar:/home/user/.m2/repository/io/netty/netty-handler/4.1.30.Final/netty-handler-4.1.30.Final.jar:/home/user/.m2/repository/io/netty/netty-handler-proxy/4.1.30.Final/netty-handler-proxy-4.1.30.Final.jar:/home/user/.m2/repository/io/netty/netty-codec-socks/4.1.30.Final/netty-codec-socks-4.1.30.Final.jar:/home/user/.m2/repository/io/netty/netty-transport-native-epoll/4.1.30.Final/netty-transport-native-epoll-4.1.30.Final.jar:/home/user/.m2/repository/io/netty/netty-common/4.1.30.Final/netty-common-4.1.30.Final.jar:/home/user/.m2/repository/io/netty/netty-buffer/4.1.30.Final/netty-buffer-4.1.30.Final.jar:/home/user/.m2/repository/io/netty/netty-transport/4.1.30.Final/netty-transport-4.1.30.Final.jar:/home/user/.m2/repository/io/netty/netty-resolver/4.1.30.Final/netty-resolver-4.1.30.Final.jar:/home/user/.m2/repository/io/netty/netty-transport-native-unix-common/4.1.30.Final/netty-transport-native-unix-common-4.1.30.Final.jar:/home/user/.m2/repository/io/grpc/grpc-protobuf/1.17.1/grpc-protobuf-1.17.1.jar:/home/user/.m2/repository/com/google/api/grpc/proto-google-common-protos/1.0.0/proto-google-common-protos-1.0.0.jar:/home/user/.m2/repository/io/grpc/grpc-protobuf-lite/1.17.1/grpc-protobuf-lite-1.17.1.jar:/home/user/.m2/repository/io/grpc/grpc-stub/1.17.1/grpc-stub-1.17.1.jar:/home/user/.m2/repository/org/apache/hadoop/hadoop-ozone-recon/0.5.0-SNAPSHOT/hadoop-ozone-recon-0.5.0-SNAPSHOT.jar:/home/user/.m2/repository/org/apache/hadoop/hadoop-ozone-reconcodegen/0.5.0-SNAPSHOT/hadoop-ozone-reconcodegen-0.5.0-SNAPSHOT.jar:/home/user/.m2/repository/com/google/inject/extensions/guice-multibindings/4.0/guice-multibindings-4.0.jar:/home/user/.m2/repository/com/google/inject/guice/4.0/guice-4.0.jar:/home/user/.m2/repository/aopalliance/aopalliance/1.0/aopalliance-1.0.jar:/home/user/.m2/repository/com/google/inject/extensions/guice-servlet/4.0/guice-servlet-4.0.jar:/home/user/.m2/repository/org/glassfish/jersey/containers/jersey-container-servlet/2.27/jersey-container-servlet-2.27.jar:/home/user/.m2/repository/org/glassfish/hk2/guice-bridge/2.5.0/guice-bridge-2.5.0.jar:/home/user/.m2/repository/org/glassfish/jersey/core/jersey-server/2.27/jersey-server-2.27.jar:/home/user/.m2/repository/org/glassfish/jersey/core/jersey-client/2.27/jersey-client-2.27.jar:/home/user/.m2/repository/org/glassfish/jersey/media/jersey-media-jaxb/2.27/jersey-media-jaxb-2.27.jar:/home/user/.m2/repository/javax/validation/validation-api/1.1.0.Final/validation-api-1.1.0.Final.jar:/home/user/.m2/repository/org/glassfish/jersey/media/jersey-media-json-jackson/2.27/jersey-media-json-jackson-2.27.jar:/home/user/.m2/repository/org/glassfish/jersey/ext/jersey-entity-filtering/2.27/jersey-entity-filtering-2.27.jar:/home/user/.m2/repository/com/google/inject/extensions/guice-assistedinject/4.0/guice-assistedinject-4.0.jar:/home/user/.m2/repository/org/jooq/jooq/3.11.10/jooq-3.11.10.jar:/home/user/.m2/repository/org/jooq/jooq-meta/3.11.10/jooq-meta-3.11.10.jar:/home/user/.m2/repository/org/jooq/jooq-codegen/3.11.10/jooq-codegen-3.11.10.jar:/home/user/.m2/repository/com/jolbox/bonecp/0.8.0.RELEASE/bonecp-0.8.0.RELEASE.jar:/home/user/.m2/repository/org/xerial/sqlite-jdbc/3.25.2/sqlite-jdbc-3.25.2.jar:/home/user/.m2/repository/org/springframework/spring-jdbc/5.1.3.RELEASE/spring-jdbc-5.1.3.RELEASE.jar:/home/user/.m2/repository/org/springframework/spring-beans/5.1.3.RELEASE/spring-beans-5.1.3.RELEASE.jar:/home/user/.m2/repository/org/springframework/spring-core/5.1.3.RELEASE/spring-core-5.1.3.RELEASE.jar:/home/user/.m2/repository/org/springframework/spring-jcl/5.1.3.RELEASE/spring-jcl-5.1.3.RELEASE.jar:/home/user/.m2/repository/org/springframework/spring-tx/5.1.3.RELEASE/spring-tx-5.1.3.RELEASE.jar:/home/user/.m2/repository/org/apache/hadoop/hadoop-ozone-client/0.5.0-SNAPSHOT/hadoop-ozone-client-0.5.0-SNAPSHOT.jar:/home/user/.m2/repository/commons-lang/commons-lang/2.6/commons-lang-2.6.jar:/home/user/.m2/repository/org/apache/hadoop/hadoop-ozone-ozone-manager/0.5.0-SNAPSHOT/hadoop-ozone-ozone-manager-0.5.0-SNAPSHOT-tests.jar:/home/user/.m2/repository/junit/junit/4.11/junit-4.11.jar:/home/user/.m2/repository/org/hamcrest/hamcrest-core/1.3/hamcrest-core-1.3.jar:/home/user/.m2/repository/org/openjdk/jmh/jmh-core/1.19/jmh-core-1.19.jar:/home/user/.m2/repository/net/sf/jopt-simple/jopt-simple/4.6/jopt-simple-4.6.jar:/home/user/.m2/repository/org/apache/commons/commons-math3/3.1.1/commons-math3-3.1.1.jar:/home/user/.m2/repository/org/openjdk/jmh/jmh-generator-annprocess/1.19/jmh-generator-annprocess-1.19.jar:/home/user/.m2/repository/org/mockito/mockito-all/1.8.5/mockito-all-1.8.5.jar:/home/user/.m2/repository/org/apache/hadoop/hadoop-kms/3.2.0/hadoop-kms-3.2.0.jar:/home/user/.m2/repository/org/apache/hadoop/hadoop-auth/3.2.0/hadoop-auth-3.2.0.jar:/home/user/.m2/repository/com/nimbusds/nimbus-jose-jwt/4.41.1/nimbus-jose-jwt-4.41.1.jar:/home/user/.m2/repository/com/github/stephenc/jcip/jcip-annotations/1.0-1/jcip-annotations-1.0-1.jar:/home/user/.m2/repository/net/minidev/json-smart/2.3/json-smart-2.3.jar:/home/user/.m2/repository/net/minidev/accessors-smart/1.2/accessors-smart-1.2.jar:/home/user/.m2/repository/org/ow2/asm/asm/5.0.4/asm-5.0.4.jar:/home/user/.m2/repository/org/apache/curator/curator-framework/2.12.0/curator-framework-2.12.0.jar:/home/user/.m2/repository/com/sun/jersey/jersey-core/1.19/jersey-core-1.19.jar:/home/user/.m2/repository/javax/ws/rs/jsr311-api/1.1.1/jsr311-api-1.1.1.jar:/home/user/.m2/repository/com/sun/jersey/jersey-server/1.19/jersey-server-1.19.jar:/home/user/.m2/repository/javax/servlet/javax.servlet-api/3.1.0/javax.servlet-api-3.1.0.jar:/home/user/.m2/repository/org/eclipse/jetty/jetty-server/9.3.24.v20180605/jetty-server-9.3.24.v20180605.jar:/home/user/.m2/repository/org/eclipse/jetty/jetty-http/9.3.24.v20180605/jetty-http-9.3.24.v20180605.jar:/home/user/.m2/repository/org/eclipse/jetty/jetty-io/9.3.24.v20180605/jetty-io-9.3.24.v20180605.jar:/home/user/.m2/repository/org/eclipse/jetty/jetty-webapp/9.3.24.v20180605/jetty-webapp-9.3.24.v20180605.jar:/home/user/.m2/repository/org/eclipse/jetty/jetty-xml/9.3.24.v20180605/jetty-xml-9.3.24.v20180605.jar:/home/user/.m2/repository/log4j/log4j/1.2.17/log4j-1.2.17.jar:/home/user/.m2/repository/org/slf4j/slf4j-api/1.7.25/slf4j-api-1.7.25.jar:/home/user/.m2/repository/org/slf4j/jul-to-slf4j/1.7.25/jul-to-slf4j-1.7.25.jar:/home/user/.m2/repository/org/eclipse/jetty/jetty-util/9.3.24.v20180605/jetty-util-9.3.24.v20180605.jar:/home/user/.m2/repository/com/fasterxml/jackson/core/jackson-databind/2.9.5/jackson-databind-2.9.5.jar:/home/user/.m2/repository/org/apache/hadoop/hadoop-kms/3.2.0/hadoop-kms-3.2.0-tests.jar:/home/user/.m2/repository/org/apache/hadoop/hadoop-hdds-server-scm/0.5.0-SNAPSHOT/hadoop-hdds-server-scm-0.5.0-SNAPSHOT-tests.jar:/home/user/.m2/repository/org/apache/hadoop/hadoop-hdds-container-service/0.5.0-SNAPSHOT/hadoop-hdds-container-service-0.5.0-SNAPSHOT-tests.jar:/home/user/.m2/repository/org/yaml/snakeyaml/1.16/snakeyaml-1.16.jar:/home/user/.m2/repository/org/apache/hadoop/hadoop-common/3.2.0/hadoop-common-3.2.0-tests.jar:/home/user/.m2/repository/org/apache/hadoop/hadoop-annotations/3.2.0/hadoop-annotations-3.2.0.jar:/usr/lib/jvm/java-1.8-openjdk/jre/../lib/tools.jar:/home/user/.m2/repository/commons-cli/commons-cli/1.2/commons-cli-1.2.jar:/home/user/.m2/repository/org/apache/httpcomponents/httpclient/4.5.2/httpclient-4.5.2.jar:/home/user/.m2/repository/org/apache/httpcomponents/httpcore/4.4.4/httpcore-4.4.4.jar:/home/user/.m2/repository/commons-codec/commons-codec/1.11/commons-codec-1.11.jar:/home/user/.m2/repository/commons-net/commons-net/3.6/commons-net-3.6.jar:/home/user/.m2/repository/commons-collections/commons-collections/3.2.2/commons-collections-3.2.2.jar:/home/user/.m2/repository/org/eclipse/jetty/jetty-servlet/9.3.24.v20180605/jetty-servlet-9.3.24.v20180605.jar:/home/user/.m2/repository/org/eclipse/jetty/jetty-security/9.3.24.v20180605/jetty-security-9.3.24.v20180605.jar:/home/user/.m2/repository/javax/servlet/jsp/jsp-api/2.1/jsp-api-2.1.jar:/home/user/.m2/repository/com/sun/jersey/jersey-servlet/1.19/jersey-servlet-1.19.jar:/home/user/.m2/repository/com/sun/jersey/jersey-json/1.19/jersey-json-1.19.jar:/home/user/.m2/repository/org/codehaus/jettison/jettison/1.1/jettison-1.1.jar:/home/user/.m2/repository/org/codehaus/jackson/jackson-core-asl/1.9.13/jackson-core-asl-1.9.13.jar:/home/user/.m2/repository/org/codehaus/jackson/jackson-mapper-asl/1.9.13/jackson-mapper-asl-1.9.13.jar:/home/user/.m2/repository/org/codehaus/jackson/jackson-jaxrs/1.9.13/jackson-jaxrs-1.9.13.jar:/home/user/.m2/repository/org/codehaus/jackson/jackson-xc/1.9.13/jackson-xc-1.9.13.jar:/home/user/.m2/repository/commons-logging/commons-logging/1.1.3/commons-logging-1.1.3.jar:/home/user/.m2/repository/commons-beanutils/commons-beanutils/1.9.3/commons-beanutils-1.9.3.jar:/home/user/.m2/repository/org/apache/commons/commons-configuration2/2.1.1/commons-configuration2-2.1.1.jar:/home/user/.m2/repository/org/apache/commons/commons-lang3/3.7/commons-lang3-3.7.jar:/home/user/.m2/repository/org/apache/commons/commons-text/1.4/commons-text-1.4.jar:/home/user/.m2/repository/org/apache/avro/avro/1.7.7/avro-1.7.7.jar:/home/user/.m2/repository/com/thoughtworks/paranamer/paranamer/2.3/paranamer-2.3.jar:/home/user/.m2/repository/org/xerial/snappy/snappy-java/1.0.5/snappy-java-1.0.5.jar:/home/user/.m2/repository/com/google/re2j/re2j/1.1/re2j-1.1.jar:/home/user/.m2/repository/com/google/code/gson/gson/2.2.4/gson-2.2.4.jar:/home/user/.m2/repository/com/jcraft/jsch/0.1.54/jsch-0.1.54.jar:/home/user/.m2/repository/org/apache/curator/curator-client/2.12.0/curator-client-2.12.0.jar:/home/user/.m2/repository/org/apache/curator/curator-recipes/2.12.0/curator-recipes-2.12.0.jar:/home/user/.m2/repository/com/google/code/findbugs/jsr305/3.0.0/jsr305-3.0.0.jar:/home/user/.m2/repository/org/apache/htrace/htrace-core4/4.1.0-incubating/htrace-core4-4.1.0-incubating.jar:/home/user/.m2/repository/org/apache/zookeeper/zookeeper/3.4.13/zookeeper-3.4.13.jar:/home/user/.m2/repository/org/apache/yetus/audience-annotations/0.5.0/audience-annotations-0.5.0.jar:/home/user/.m2/repository/org/codehaus/woodstox/stax2-api/3.1.4/stax2-api-3.1.4.jar:/home/user/.m2/repository/com/fasterxml/woodstox/woodstox-core/5.0.3/woodstox-core-5.0.3.jar:/home/user/.m2/repository/dnsjava/dnsjava/2.1.7/dnsjava-2.1.7.jar:/home/user/.m2/repository/org/apache/hadoop/hadoop-hdfs/3.2.0/hadoop-hdfs-3.2.0-tests.jar:/home/user/.m2/repository/org/eclipse/jetty/jetty-util-ajax/9.3.24.v20180605/jetty-util-ajax-9.3.24.v20180605.jar:/home/user/.m2/repository/commons-daemon/commons-daemon/1.0.13/commons-daemon-1.0.13.jar:/home/user/.m2/repository/io/netty/netty/3.10.5.Final/netty-3.10.5.Final.jar:/home/user/.m2/repository/io/netty/netty-all/4.0.52.Final/netty-all-4.0.52.Final.jar:/home/user/.m2/repository/org/fusesource/leveldbjni/leveldbjni-all/1.8/leveldbjni-all-1.8.jar:"/>
    <property name="java.vm.vendor" value="IcedTea"/>
    <property name="sun.arch.data.model" value="64"/>
    <property name="test.build.dir" value="/workdir/hadoop-ozone/integration-test/target/test-dir"/>
    <property name="test.cache.data" value=""/>
    <property name="java.vendor.url" value="https://icedtea.classpath.org"/>
    <property name="user.timezone" value=""/>
    <property name="java.vm.specification.version" value="1.8"/>
    <property name="os.name" value="Linux"/>
    <property name="test.build.data" value="/workdir/hadoop-ozone/integration-test/target/test-dir"/>
    <property name="user.country" value="US"/>
    <property name="sun.java.launcher" value="SUN_STANDARD"/>
    <property name="sun.boot.library.path" value="/usr/lib/jvm/java-1.8-openjdk/jre/lib/amd64"/>
    <property name="sun.java.command" value="/workdir/hadoop-ozone/integration-test/target/surefire/surefirebooter9013188058054363259.jar /workdir/hadoop-ozone/integration-test/target/surefire 2019-08-27T10-11-39_497-jvmRun1 surefire7458223127864672903tmp surefire_201107176800128650742tmp"/>
    <property name="test" value="!TestMiniChaosOzoneCluster"/>
    <property name="surefire.test.class.path" value="/workdir/hadoop-ozone/integration-test/target/test-classes:/workdir/hadoop-ozone/integration-test/target/classes:/home/user/.m2/repository/org/apache/hadoop/hadoop-ozone-common/0.5.0-SNAPSHOT/hadoop-ozone-common-0.5.0-SNAPSHOT.jar:/home/user/.m2/repository/org/apache/commons/commons-compress/1.4.1/commons-compress-1.4.1.jar:/home/user/.m2/repository/org/tukaani/xz/1.0/xz-1.0.jar:/home/user/.m2/repository/org/apache/hadoop/hadoop-common/3.2.0/hadoop-common-3.2.0.jar:/home/user/.m2/repository/org/apache/hadoop/hadoop-hdfs/3.2.0/hadoop-hdfs-3.2.0.jar:/home/user/.m2/repository/org/apache/hadoop/hadoop-hdfs-client/3.2.0/hadoop-hdfs-client-3.2.0.jar:/home/user/.m2/repository/com/fasterxml/jackson/core/jackson-annotations/2.9.5/jackson-annotations-2.9.5.jar:/home/user/.m2/repository/org/apache/hadoop/hadoop-hdds-common/0.5.0-SNAPSHOT/hadoop-hdds-common-0.5.0-SNAPSHOT.jar:/home/user/.m2/repository/javax/annotation/javax.annotation-api/1.2/javax.annotation-api-1.2.jar:/home/user/.m2/repository/org/apache/ratis/ratis-server/0.4.0-2337318-SNAPSHOT/ratis-server-0.4.0-2337318-SNAPSHOT.jar:/home/user/.m2/repository/org/apache/ratis/ratis-thirdparty-misc/0.2.0/ratis-thirdparty-misc-0.2.0.jar:/home/user/.m2/repository/org/apache/ratis/ratis-proto/0.4.0-2337318-SNAPSHOT/ratis-proto-0.4.0-2337318-SNAPSHOT.jar:/home/user/.m2/repository/org/apache/ratis/ratis-common/0.4.0-2337318-SNAPSHOT/ratis-common-0.4.0-2337318-SNAPSHOT.jar:/home/user/.m2/repository/org/apache/ratis/ratis-client/0.4.0-2337318-SNAPSHOT/ratis-client-0.4.0-2337318-SNAPSHOT.jar:/home/user/.m2/repository/org/apache/ratis/ratis-metrics/0.4.0-2337318-SNAPSHOT/ratis-metrics-0.4.0-2337318-SNAPSHOT.jar:/home/user/.m2/repository/org/apache/ratis/ratis-netty/0.4.0-2337318-SNAPSHOT/ratis-netty-0.4.0-2337318-SNAPSHOT.jar:/home/user/.m2/repository/org/apache/ratis/ratis-grpc/0.4.0-2337318-SNAPSHOT/ratis-grpc-0.4.0-2337318-SNAPSHOT.jar:/home/user/.m2/repository/org/rocksdb/rocksdbjni/6.0.1/rocksdbjni-6.0.1.jar:/home/user/.m2/repository/org/apache/logging/log4j/log4j-api/2.11.0/log4j-api-2.11.0.jar:/home/user/.m2/repository/org/apache/logging/log4j/log4j-core/2.11.0/log4j-core-2.11.0.jar:/home/user/.m2/repository/com/lmax/disruptor/3.4.2/disruptor-3.4.2.jar:/home/user/.m2/repository/org/apache/commons/commons-pool2/2.6.0/commons-pool2-2.6.0.jar:/home/user/.m2/repository/org/bouncycastle/bcpkix-jdk15on/1.60/bcpkix-jdk15on-1.60.jar:/home/user/.m2/repository/commons-validator/commons-validator/1.6/commons-validator-1.6.jar:/home/user/.m2/repository/commons-digester/commons-digester/1.8.1/commons-digester-1.8.1.jar:/home/user/.m2/repository/io/jaegertracing/jaeger-client/0.33.1/jaeger-client-0.33.1.jar:/home/user/.m2/repository/io/jaegertracing/jaeger-thrift/0.33.1/jaeger-thrift-0.33.1.jar:/home/user/.m2/repository/org/apache/thrift/libthrift/0.11.0/libthrift-0.11.0.jar:/home/user/.m2/repository/com/squareup/okhttp3/okhttp/3.9.0/okhttp-3.9.0.jar:/home/user/.m2/repository/com/squareup/okio/okio/1.13.0/okio-1.13.0.jar:/home/user/.m2/repository/io/jaegertracing/jaeger-core/0.33.1/jaeger-core-0.33.1.jar:/home/user/.m2/repository/io/jaegertracing/jaeger-tracerresolver/0.33.1/jaeger-tracerresolver-0.33.1.jar:/home/user/.m2/repository/io/opentracing/contrib/opentracing-tracerresolver/0.1.5/opentracing-tracerresolver-0.1.5.jar:/home/user/.m2/repository/io/opentracing/opentracing-util/0.31.0/opentracing-util-0.31.0.jar:/home/user/.m2/repository/io/opentracing/opentracing-api/0.31.0/opentracing-api-0.31.0.jar:/home/user/.m2/repository/io/opentracing/opentracing-noop/0.31.0/opentracing-noop-0.31.0.jar:/home/user/.m2/repository/org/apache/hadoop/hadoop-hdds-server-framework/0.5.0-SNAPSHOT/hadoop-hdds-server-framework-0.5.0-SNAPSHOT.jar:/home/user/.m2/repository/org/apache/hadoop/hadoop-hdds-container-service/0.5.0-SNAPSHOT/hadoop-hdds-container-service-0.5.0-SNAPSHOT.jar:/home/user/.m2/repository/org/apache/hadoop/hadoop-hdds-client/0.5.0-SNAPSHOT/hadoop-hdds-client-0.5.0-SNAPSHOT.jar:/home/user/.m2/repository/org/apache/hadoop/hadoop-hdds-tools/0.5.0-SNAPSHOT/hadoop-hdds-tools-0.5.0-SNAPSHOT.jar:/home/user/.m2/repository/org/apache/hadoop/hadoop-hdds-server-scm/0.5.0-SNAPSHOT/hadoop-hdds-server-scm-0.5.0-SNAPSHOT.jar:/home/user/.m2/repository/org/apache/hadoop/hadoop-hdds-docs/0.5.0-SNAPSHOT/hadoop-hdds-docs-0.5.0-SNAPSHOT.jar:/home/user/.m2/repository/io/dropwizard/metrics/metrics-core/3.2.4/metrics-core-3.2.4.jar:/home/user/.m2/repository/org/hamcrest/hamcrest-all/1.3/hamcrest-all-1.3.jar:/home/user/.m2/repository/org/bouncycastle/bcprov-jdk15on/1.60/bcprov-jdk15on-1.60.jar:/home/user/.m2/repository/info/picocli/picocli/3.9.6/picocli-3.9.6.jar:/home/user/.m2/repository/com/google/protobuf/protobuf-java/2.5.0/protobuf-java-2.5.0.jar:/home/user/.m2/repository/com/google/guava/guava/11.0.2/guava-11.0.2.jar:/home/user/.m2/repository/org/apache/hadoop/hadoop-ozone-ozone-manager/0.5.0-SNAPSHOT/hadoop-ozone-ozone-manager-0.5.0-SNAPSHOT.jar:/home/user/.m2/repository/org/apache/hadoop/hadoop-minikdc/3.2.0/hadoop-minikdc-3.2.0.jar:/home/user/.m2/repository/commons-io/commons-io/2.5/commons-io-2.5.jar:/home/user/.m2/repository/org/apache/kerby/kerb-simplekdc/1.0.1/kerb-simplekdc-1.0.1.jar:/home/user/.m2/repository/org/apache/kerby/kerb-client/1.0.1/kerb-client-1.0.1.jar:/home/user/.m2/repository/org/apache/kerby/kerby-config/1.0.1/kerby-config-1.0.1.jar:/home/user/.m2/repository/org/apache/kerby/kerb-core/1.0.1/kerb-core-1.0.1.jar:/home/user/.m2/repository/org/apache/kerby/kerby-pkix/1.0.1/kerby-pkix-1.0.1.jar:/home/user/.m2/repository/org/apache/kerby/kerby-asn1/1.0.1/kerby-asn1-1.0.1.jar:/home/user/.m2/repository/org/apache/kerby/kerby-util/1.0.1/kerby-util-1.0.1.jar:/home/user/.m2/repository/org/apache/kerby/kerb-common/1.0.1/kerb-common-1.0.1.jar:/home/user/.m2/repository/org/apache/kerby/kerb-crypto/1.0.1/kerb-crypto-1.0.1.jar:/home/user/.m2/repository/org/apache/kerby/kerb-util/1.0.1/kerb-util-1.0.1.jar:/home/user/.m2/repository/org/apache/kerby/token-provider/1.0.1/token-provider-1.0.1.jar:/home/user/.m2/repository/org/apache/kerby/kerb-admin/1.0.1/kerb-admin-1.0.1.jar:/home/user/.m2/repository/org/apache/kerby/kerb-server/1.0.1/kerb-server-1.0.1.jar:/home/user/.m2/repository/org/apache/kerby/kerb-identity/1.0.1/kerb-identity-1.0.1.jar:/home/user/.m2/repository/org/apache/kerby/kerby-xdr/1.0.1/kerby-xdr-1.0.1.jar:/home/user/.m2/repository/org/slf4j/slf4j-log4j12/1.7.25/slf4j-log4j12-1.7.25.jar:/home/user/.m2/repository/org/apache/hadoop/hadoop-ozone-objectstore-service/0.5.0-SNAPSHOT/hadoop-ozone-objectstore-service-0.5.0-SNAPSHOT.jar:/home/user/.m2/repository/org/apache/hadoop/hadoop-ozone-s3gateway/0.5.0-SNAPSHOT/hadoop-ozone-s3gateway-0.5.0-SNAPSHOT.jar:/home/user/.m2/repository/org/jboss/weld/servlet/weld-servlet/2.4.7.Final/weld-servlet-2.4.7.Final.jar:/home/user/.m2/repository/org/glassfish/jersey/containers/jersey-container-servlet-core/2.27/jersey-container-servlet-core-2.27.jar:/home/user/.m2/repository/org/glassfish/hk2/external/javax.inject/2.5.0-b42/javax.inject-2.5.0-b42.jar:/home/user/.m2/repository/org/glassfish/jersey/core/jersey-common/2.27/jersey-common-2.27.jar:/home/user/.m2/repository/org/glassfish/hk2/osgi-resource-locator/1.0.1/osgi-resource-locator-1.0.1.jar:/home/user/.m2/repository/javax/ws/rs/javax.ws.rs-api/2.1/javax.ws.rs-api-2.1.jar:/home/user/.m2/repository/org/glassfish/jersey/ext/cdi/jersey-cdi1x/2.27/jersey-cdi1x-2.27.jar:/home/user/.m2/repository/org/glassfish/jersey/inject/jersey-hk2/2.27/jersey-hk2-2.27.jar:/home/user/.m2/repository/org/glassfish/hk2/hk2-locator/2.5.0-b42/hk2-locator-2.5.0-b42.jar:/home/user/.m2/repository/org/javassist/javassist/3.22.0-CR2/javassist-3.22.0-CR2.jar:/home/user/.m2/repository/org/glassfish/hk2/hk2-api/2.5.0/hk2-api-2.5.0.jar:/home/user/.m2/repository/org/glassfish/hk2/external/jakarta.inject/2.5.0/jakarta.inject-2.5.0.jar:/home/user/.m2/repository/org/glassfish/hk2/hk2-utils/2.5.0/hk2-utils-2.5.0.jar:/home/user/.m2/repository/jakarta/annotation/jakarta.annotation-api/1.3.4/jakarta.annotation-api-1.3.4.jar:/home/user/.m2/repository/org/glassfish/hk2/external/aopalliance-repackaged/2.5.0/aopalliance-repackaged-2.5.0.jar:/home/user/.m2/repository/com/fasterxml/jackson/dataformat/jackson-dataformat-xml/2.9.0/jackson-dataformat-xml-2.9.0.jar:/home/user/.m2/repository/com/fasterxml/jackson/core/jackson-core/2.9.5/jackson-core-2.9.5.jar:/home/user/.m2/repository/com/fasterxml/jackson/module/jackson-module-jaxb-annotations/2.9.5/jackson-module-jaxb-annotations-2.9.5.jar:/home/user/.m2/repository/javax/enterprise/cdi-api/1.2/cdi-api-1.2.jar:/home/user/.m2/repository/javax/el/javax.el-api/3.0.0/javax.el-api-3.0.0.jar:/home/user/.m2/repository/javax/interceptor/javax.interceptor-api/1.2/javax.interceptor-api-1.2.jar:/home/user/.m2/repository/javax/inject/javax.inject/1/javax.inject-1.jar:/home/user/.m2/repository/com/sun/xml/bind/jaxb-impl/2.3.0.1/jaxb-impl-2.3.0.1.jar:/home/user/.m2/repository/com/sun/xml/bind/jaxb-core/2.3.0.1/jaxb-core-2.3.0.1.jar:/home/user/.m2/repository/javax/xml/bind/jaxb-api/2.3.0/jaxb-api-2.3.0.jar:/home/user/.m2/repository/javax/activation/activation/1.1.1/activation-1.1.1.jar:/home/user/.m2/repository/org/apache/hadoop/hadoop-ozone-csi/0.5.0-SNAPSHOT/hadoop-ozone-csi-0.5.0-SNAPSHOT.jar:/home/user/.m2/repository/com/google/protobuf/protobuf-java-util/3.5.1/protobuf-java-util-3.5.1.jar:/home/user/.m2/repository/org/apache/hadoop/hadoop-hdds-config/0.5.0-SNAPSHOT/hadoop-hdds-config-0.5.0-SNAPSHOT.jar:/home/user/.m2/repository/io/grpc/grpc-netty/1.17.1/grpc-netty-1.17.1.jar:/home/user/.m2/repository/io/grpc/grpc-core/1.17.1/grpc-core-1.17.1.jar:/home/user/.m2/repository/io/grpc/grpc-context/1.17.1/grpc-context-1.17.1.jar:/home/user/.m2/repository/com/google/errorprone/error_prone_annotations/2.2.0/error_prone_annotations-2.2.0.jar:/home/user/.m2/repository/org/codehaus/mojo/animal-sniffer-annotations/1.17/animal-sniffer-annotations-1.17.jar:/home/user/.m2/repository/io/opencensus/opencensus-api/0.17.0/opencensus-api-0.17.0.jar:/home/user/.m2/repository/io/opencensus/opencensus-contrib-grpc-metrics/0.17.0/opencensus-contrib-grpc-metrics-0.17.0.jar:/home/user/.m2/repository/io/netty/netty-codec-http2/4.1.30.Final/netty-codec-http2-4.1.30.Final.jar:/home/user/.m2/repository/io/netty/netty-codec-http/4.1.30.Final/netty-codec-http-4.1.30.Final.jar:/home/user/.m2/repository/io/netty/netty-codec/4.1.30.Final/netty-codec-4.1.30.Final.jar:/home/user/.m2/repository/io/netty/netty-handler/4.1.30.Final/netty-handler-4.1.30.Final.jar:/home/user/.m2/repository/io/netty/netty-handler-proxy/4.1.30.Final/netty-handler-proxy-4.1.30.Final.jar:/home/user/.m2/repository/io/netty/netty-codec-socks/4.1.30.Final/netty-codec-socks-4.1.30.Final.jar:/home/user/.m2/repository/io/netty/netty-transport-native-epoll/4.1.30.Final/netty-transport-native-epoll-4.1.30.Final.jar:/home/user/.m2/repository/io/netty/netty-common/4.1.30.Final/netty-common-4.1.30.Final.jar:/home/user/.m2/repository/io/netty/netty-buffer/4.1.30.Final/netty-buffer-4.1.30.Final.jar:/home/user/.m2/repository/io/netty/netty-transport/4.1.30.Final/netty-transport-4.1.30.Final.jar:/home/user/.m2/repository/io/netty/netty-resolver/4.1.30.Final/netty-resolver-4.1.30.Final.jar:/home/user/.m2/repository/io/netty/netty-transport-native-unix-common/4.1.30.Final/netty-transport-native-unix-common-4.1.30.Final.jar:/home/user/.m2/repository/io/grpc/grpc-protobuf/1.17.1/grpc-protobuf-1.17.1.jar:/home/user/.m2/repository/com/google/api/grpc/proto-google-common-protos/1.0.0/proto-google-common-protos-1.0.0.jar:/home/user/.m2/repository/io/grpc/grpc-protobuf-lite/1.17.1/grpc-protobuf-lite-1.17.1.jar:/home/user/.m2/repository/io/grpc/grpc-stub/1.17.1/grpc-stub-1.17.1.jar:/home/user/.m2/repository/org/apache/hadoop/hadoop-ozone-recon/0.5.0-SNAPSHOT/hadoop-ozone-recon-0.5.0-SNAPSHOT.jar:/home/user/.m2/repository/org/apache/hadoop/hadoop-ozone-reconcodegen/0.5.0-SNAPSHOT/hadoop-ozone-reconcodegen-0.5.0-SNAPSHOT.jar:/home/user/.m2/repository/com/google/inject/extensions/guice-multibindings/4.0/guice-multibindings-4.0.jar:/home/user/.m2/repository/com/google/inject/guice/4.0/guice-4.0.jar:/home/user/.m2/repository/aopalliance/aopalliance/1.0/aopalliance-1.0.jar:/home/user/.m2/repository/com/google/inject/extensions/guice-servlet/4.0/guice-servlet-4.0.jar:/home/user/.m2/repository/org/glassfish/jersey/containers/jersey-container-servlet/2.27/jersey-container-servlet-2.27.jar:/home/user/.m2/repository/org/glassfish/hk2/guice-bridge/2.5.0/guice-bridge-2.5.0.jar:/home/user/.m2/repository/org/glassfish/jersey/core/jersey-server/2.27/jersey-server-2.27.jar:/home/user/.m2/repository/org/glassfish/jersey/core/jersey-client/2.27/jersey-client-2.27.jar:/home/user/.m2/repository/org/glassfish/jersey/media/jersey-media-jaxb/2.27/jersey-media-jaxb-2.27.jar:/home/user/.m2/repository/javax/validation/validation-api/1.1.0.Final/validation-api-1.1.0.Final.jar:/home/user/.m2/repository/org/glassfish/jersey/media/jersey-media-json-jackson/2.27/jersey-media-json-jackson-2.27.jar:/home/user/.m2/repository/org/glassfish/jersey/ext/jersey-entity-filtering/2.27/jersey-entity-filtering-2.27.jar:/home/user/.m2/repository/com/google/inject/extensions/guice-assistedinject/4.0/guice-assistedinject-4.0.jar:/home/user/.m2/repository/org/jooq/jooq/3.11.10/jooq-3.11.10.jar:/home/user/.m2/repository/org/jooq/jooq-meta/3.11.10/jooq-meta-3.11.10.jar:/home/user/.m2/repository/org/jooq/jooq-codegen/3.11.10/jooq-codegen-3.11.10.jar:/home/user/.m2/repository/com/jolbox/bonecp/0.8.0.RELEASE/bonecp-0.8.0.RELEASE.jar:/home/user/.m2/repository/org/xerial/sqlite-jdbc/3.25.2/sqlite-jdbc-3.25.2.jar:/home/user/.m2/repository/org/springframework/spring-jdbc/5.1.3.RELEASE/spring-jdbc-5.1.3.RELEASE.jar:/home/user/.m2/repository/org/springframework/spring-beans/5.1.3.RELEASE/spring-beans-5.1.3.RELEASE.jar:/home/user/.m2/repository/org/springframework/spring-core/5.1.3.RELEASE/spring-core-5.1.3.RELEASE.jar:/home/user/.m2/repository/org/springframework/spring-jcl/5.1.3.RELEASE/spring-jcl-5.1.3.RELEASE.jar:/home/user/.m2/repository/org/springframework/spring-tx/5.1.3.RELEASE/spring-tx-5.1.3.RELEASE.jar:/home/user/.m2/repository/org/apache/hadoop/hadoop-ozone-client/0.5.0-SNAPSHOT/hadoop-ozone-client-0.5.0-SNAPSHOT.jar:/home/user/.m2/repository/commons-lang/commons-lang/2.6/commons-lang-2.6.jar:/home/user/.m2/repository/org/apache/hadoop/hadoop-ozone-ozone-manager/0.5.0-SNAPSHOT/hadoop-ozone-ozone-manager-0.5.0-SNAPSHOT-tests.jar:/home/user/.m2/repository/junit/junit/4.11/junit-4.11.jar:/home/user/.m2/repository/org/hamcrest/hamcrest-core/1.3/hamcrest-core-1.3.jar:/home/user/.m2/repository/org/openjdk/jmh/jmh-core/1.19/jmh-core-1.19.jar:/home/user/.m2/repository/net/sf/jopt-simple/jopt-simple/4.6/jopt-simple-4.6.jar:/home/user/.m2/repository/org/apache/commons/commons-math3/3.1.1/commons-math3-3.1.1.jar:/home/user/.m2/repository/org/openjdk/jmh/jmh-generator-annprocess/1.19/jmh-generator-annprocess-1.19.jar:/home/user/.m2/repository/org/mockito/mockito-all/1.8.5/mockito-all-1.8.5.jar:/home/user/.m2/repository/org/apache/hadoop/hadoop-kms/3.2.0/hadoop-kms-3.2.0.jar:/home/user/.m2/repository/org/apache/hadoop/hadoop-auth/3.2.0/hadoop-auth-3.2.0.jar:/home/user/.m2/repository/com/nimbusds/nimbus-jose-jwt/4.41.1/nimbus-jose-jwt-4.41.1.jar:/home/user/.m2/repository/com/github/stephenc/jcip/jcip-annotations/1.0-1/jcip-annotations-1.0-1.jar:/home/user/.m2/repository/net/minidev/json-smart/2.3/json-smart-2.3.jar:/home/user/.m2/repository/net/minidev/accessors-smart/1.2/accessors-smart-1.2.jar:/home/user/.m2/repository/org/ow2/asm/asm/5.0.4/asm-5.0.4.jar:/home/user/.m2/repository/org/apache/curator/curator-framework/2.12.0/curator-framework-2.12.0.jar:/home/user/.m2/repository/com/sun/jersey/jersey-core/1.19/jersey-core-1.19.jar:/home/user/.m2/repository/javax/ws/rs/jsr311-api/1.1.1/jsr311-api-1.1.1.jar:/home/user/.m2/repository/com/sun/jersey/jersey-server/1.19/jersey-server-1.19.jar:/home/user/.m2/repository/javax/servlet/javax.servlet-api/3.1.0/javax.servlet-api-3.1.0.jar:/home/user/.m2/repository/org/eclipse/jetty/jetty-server/9.3.24.v20180605/jetty-server-9.3.24.v20180605.jar:/home/user/.m2/repository/org/eclipse/jetty/jetty-http/9.3.24.v20180605/jetty-http-9.3.24.v20180605.jar:/home/user/.m2/repository/org/eclipse/jetty/jetty-io/9.3.24.v20180605/jetty-io-9.3.24.v20180605.jar:/home/user/.m2/repository/org/eclipse/jetty/jetty-webapp/9.3.24.v20180605/jetty-webapp-9.3.24.v20180605.jar:/home/user/.m2/repository/org/eclipse/jetty/jetty-xml/9.3.24.v20180605/jetty-xml-9.3.24.v20180605.jar:/home/user/.m2/repository/log4j/log4j/1.2.17/log4j-1.2.17.jar:/home/user/.m2/repository/org/slf4j/slf4j-api/1.7.25/slf4j-api-1.7.25.jar:/home/user/.m2/repository/org/slf4j/jul-to-slf4j/1.7.25/jul-to-slf4j-1.7.25.jar:/home/user/.m2/repository/org/eclipse/jetty/jetty-util/9.3.24.v20180605/jetty-util-9.3.24.v20180605.jar:/home/user/.m2/repository/com/fasterxml/jackson/core/jackson-databind/2.9.5/jackson-databind-2.9.5.jar:/home/user/.m2/repository/org/apache/hadoop/hadoop-kms/3.2.0/hadoop-kms-3.2.0-tests.jar:/home/user/.m2/repository/org/apache/hadoop/hadoop-hdds-server-scm/0.5.0-SNAPSHOT/hadoop-hdds-server-scm-0.5.0-SNAPSHOT-tests.jar:/home/user/.m2/repository/org/apache/hadoop/hadoop-hdds-container-service/0.5.0-SNAPSHOT/hadoop-hdds-container-service-0.5.0-SNAPSHOT-tests.jar:/home/user/.m2/repository/org/yaml/snakeyaml/1.16/snakeyaml-1.16.jar:/home/user/.m2/repository/org/apache/hadoop/hadoop-common/3.2.0/hadoop-common-3.2.0-tests.jar:/home/user/.m2/repository/org/apache/hadoop/hadoop-annotations/3.2.0/hadoop-annotations-3.2.0.jar:/usr/lib/jvm/java-1.8-openjdk/jre/../lib/tools.jar:/home/user/.m2/repository/commons-cli/commons-cli/1.2/commons-cli-1.2.jar:/home/user/.m2/repository/org/apache/httpcomponents/httpclient/4.5.2/httpclient-4.5.2.jar:/home/user/.m2/repository/org/apache/httpcomponents/httpcore/4.4.4/httpcore-4.4.4.jar:/home/user/.m2/repository/commons-codec/commons-codec/1.11/commons-codec-1.11.jar:/home/user/.m2/repository/commons-net/commons-net/3.6/commons-net-3.6.jar:/home/user/.m2/repository/commons-collections/commons-collections/3.2.2/commons-collections-3.2.2.jar:/home/user/.m2/repository/org/eclipse/jetty/jetty-servlet/9.3.24.v20180605/jetty-servlet-9.3.24.v20180605.jar:/home/user/.m2/repository/org/eclipse/jetty/jetty-security/9.3.24.v20180605/jetty-security-9.3.24.v20180605.jar:/home/user/.m2/repository/javax/servlet/jsp/jsp-api/2.1/jsp-api-2.1.jar:/home/user/.m2/repository/com/sun/jersey/jersey-servlet/1.19/jersey-servlet-1.19.jar:/home/user/.m2/repository/com/sun/jersey/jersey-json/1.19/jersey-json-1.19.jar:/home/user/.m2/repository/org/codehaus/jettison/jettison/1.1/jettison-1.1.jar:/home/user/.m2/repository/org/codehaus/jackson/jackson-core-asl/1.9.13/jackson-core-asl-1.9.13.jar:/home/user/.m2/repository/org/codehaus/jackson/jackson-mapper-asl/1.9.13/jackson-mapper-asl-1.9.13.jar:/home/user/.m2/repository/org/codehaus/jackson/jackson-jaxrs/1.9.13/jackson-jaxrs-1.9.13.jar:/home/user/.m2/repository/org/codehaus/jackson/jackson-xc/1.9.13/jackson-xc-1.9.13.jar:/home/user/.m2/repository/commons-logging/commons-logging/1.1.3/commons-logging-1.1.3.jar:/home/user/.m2/repository/commons-beanutils/commons-beanutils/1.9.3/commons-beanutils-1.9.3.jar:/home/user/.m2/repository/org/apache/commons/commons-configuration2/2.1.1/commons-configuration2-2.1.1.jar:/home/user/.m2/repository/org/apache/commons/commons-lang3/3.7/commons-lang3-3.7.jar:/home/user/.m2/repository/org/apache/commons/commons-text/1.4/commons-text-1.4.jar:/home/user/.m2/repository/org/apache/avro/avro/1.7.7/avro-1.7.7.jar:/home/user/.m2/repository/com/thoughtworks/paranamer/paranamer/2.3/paranamer-2.3.jar:/home/user/.m2/repository/org/xerial/snappy/snappy-java/1.0.5/snappy-java-1.0.5.jar:/home/user/.m2/repository/com/google/re2j/re2j/1.1/re2j-1.1.jar:/home/user/.m2/repository/com/google/code/gson/gson/2.2.4/gson-2.2.4.jar:/home/user/.m2/repository/com/jcraft/jsch/0.1.54/jsch-0.1.54.jar:/home/user/.m2/repository/org/apache/curator/curator-client/2.12.0/curator-client-2.12.0.jar:/home/user/.m2/repository/org/apache/curator/curator-recipes/2.12.0/curator-recipes-2.12.0.jar:/home/user/.m2/repository/com/google/code/findbugs/jsr305/3.0.0/jsr305-3.0.0.jar:/home/user/.m2/repository/org/apache/htrace/htrace-core4/4.1.0-incubating/htrace-core4-4.1.0-incubating.jar:/home/user/.m2/repository/org/apache/zookeeper/zookeeper/3.4.13/zookeeper-3.4.13.jar:/home/user/.m2/repository/org/apache/yetus/audience-annotations/0.5.0/audience-annotations-0.5.0.jar:/home/user/.m2/repository/org/codehaus/woodstox/stax2-api/3.1.4/stax2-api-3.1.4.jar:/home/user/.m2/repository/com/fasterxml/woodstox/woodstox-core/5.0.3/woodstox-core-5.0.3.jar:/home/user/.m2/repository/dnsjava/dnsjava/2.1.7/dnsjava-2.1.7.jar:/home/user/.m2/repository/org/apache/hadoop/hadoop-hdfs/3.2.0/hadoop-hdfs-3.2.0-tests.jar:/home/user/.m2/repository/org/eclipse/jetty/jetty-util-ajax/9.3.24.v20180605/jetty-util-ajax-9.3.24.v20180605.jar:/home/user/.m2/repository/commons-daemon/commons-daemon/1.0.13/commons-daemon-1.0.13.jar:/home/user/.m2/repository/io/netty/netty/3.10.5.Final/netty-3.10.5.Final.jar:/home/user/.m2/repository/io/netty/netty-all/4.0.52.Final/netty-all-4.0.52.Final.jar:/home/user/.m2/repository/org/fusesource/leveldbjni/leveldbjni-all/1.8/leveldbjni-all-1.8.jar:"/>
    <property name="sun.cpu.endian" value="little"/>
    <property name="user.home" value="/home/user"/>
    <property name="user.language" value="en"/>
    <property name="java.specification.vendor" value="Oracle Corporation"/>
    <property name="java.home" value="/usr/lib/jvm/java-1.8-openjdk/jre"/>
    <property name="java.security.krb5.conf" value="/workdir/hadoop-ozone/integration-test/target/test-classes/krb5.conf"/>
    <property name="basedir" value="/workdir/hadoop-ozone/integration-test"/>
    <property name="file.separator" value="/"/>
    <property name="line.separator" value="&#10;"/>
    <property name="java.vm.specification.vendor" value="Oracle Corporation"/>
    <property name="java.specification.name" value="Java Platform API Specification"/>
    <property name="java.awt.graphicsenv" value="sun.awt.X11GraphicsEnvironment"/>
    <property name="surefire.real.class.path" value="/workdir/hadoop-ozone/integration-test/target/surefire/surefirebooter9013188058054363259.jar"/>
    <property name="hadoop.log.dir" value="/workdir/hadoop-ozone/integration-test/target/log"/>
    <property name="sun.boot.class.path" value="/usr/lib/jvm/java-1.8-openjdk/jre/lib/resources.jar:/usr/lib/jvm/java-1.8-openjdk/jre/lib/rt.jar:/usr/lib/jvm/java-1.8-openjdk/jre/lib/sunrsasign.jar:/usr/lib/jvm/java-1.8-openjdk/jre/lib/jsse.jar:/usr/lib/jvm/java-1.8-openjdk/jre/lib/jce.jar:/usr/lib/jvm/java-1.8-openjdk/jre/lib/charsets.jar:/usr/lib/jvm/java-1.8-openjdk/jre/lib/jfr.jar:/usr/lib/jvm/java-1.8-openjdk/jre/classes"/>
    <property name="sun.management.compiler" value="HotSpot 64-Bit Tiered Compilers"/>
    <property name="java.runtime.version" value="1.8.0_212-b04"/>
    <property name="java.net.preferIPv4Stack" value="true"/>
    <property name="user.name" value="jenkins1000"/>
    <property name="path.separator" value=":"/>
    <property name="java.security.egd" value="file:///dev/urandom"/>
    <property name="os.version" value="3.10.0-957.12.2.el7.x86_64"/>
    <property name="java.endorsed.dirs" value="/usr/lib/jvm/java-1.8-openjdk/jre/lib/endorsed"/>
    <property name="java.runtime.name" value="OpenJDK Runtime Environment"/>
    <property name="file.encoding" value="UTF-8"/>
    <property name="java.vm.name" value="OpenJDK 64-Bit Server VM"/>
    <property name="test.build.webapps" value=""/>
    <property name="localRepository" value="/home/user/.m2/repository"/>
    <property name="java.vendor.url.bug" value="https://icedtea.classpath.org/bugzilla"/>
    <property name="java.io.tmpdir" value="/tmp"/>
    <property name="require.test.libhadoop" value=""/>
    <property name="java.version" value="1.8.0_212"/>
    <property name="user.dir" value="/workdir/hadoop-ozone/integration-test"/>
    <property name="os.arch" value="amd64"/>
    <property name="java.vm.specification.name" value="Java Virtual Machine Specification"/>
    <property name="test.build.classes" value="/workdir/hadoop-ozone/integration-test/target/test-classes"/>
    <property name="java.awt.printerjob" value="sun.print.PSPrinterJob"/>
    <property name="sun.os.patch.level" value="unknown"/>
    <property name="hadoop.tmp.dir" value="/workdir/hadoop-ozone/integration-test/target/tmp"/>
    <property name="java.library.path" value="/usr/lib/jvm/java-1.8-openjdk/jre/lib/amd64/server:/usr/lib/jvm/java-1.8-openjdk/jre/lib/amd64:/usr/lib/jvm/java-1.8-openjdk/jre/../lib/amd64:/workdir/hadoop-ozone/integration-test/target/native/target/usr/local/lib:/workdir/hadoop-ozone/integration-test/../../hadoop-common-project/hadoop-common/target/native/target/usr/local/lib:/usr/java/packages/lib/amd64:/usr/lib64:/lib64:/lib:/usr/lib"/>
    <property name="java.vm.info" value="mixed mode"/>
    <property name="java.vendor" value="IcedTea"/>
    <property name="java.vm.version" value="25.212-b04"/>
    <property name="java.ext.dirs" value="/usr/lib/jvm/java-1.8-openjdk/jre/lib/ext:/usr/java/packages/lib/ext"/>
    <property name="sun.io.unicode.encoding" value="UnicodeLittle"/>
    <property name="java.class.version" value="52.0"/>
  </properties>
  <testcase name="test2DatanodesFailure" classname="org.apache.hadoop.ozone.client.rpc.TestBlockOutputStreamWithFailures" time="45.678"/>
  <testcase name="testDatanodeFailureWithPreAllocation" classname="org.apache.hadoop.ozone.client.rpc.TestBlockOutputStreamWithFailures" time="225.474"/>
  <testcase name="testDatanodeFailureWithSingleNodeRatis" classname="org.apache.hadoop.ozone.client.rpc.TestBlockOutputStreamWithFailures" time="225.137"/>
  <testcase name="testWatchForCommitWithSingleNodeRatis" classname="org.apache.hadoop.ozone.client.rpc.TestBlockOutputStreamWithFailures" time="34.429"/>
  <testcase name="testWatchForCommitDatanodeFailure" classname="org.apache.hadoop.ozone.client.rpc.TestBlockOutputStreamWithFailures" time="42.912">
    <failure message="expected:&lt;2&gt; but was:&lt;3&gt;" type="java.lang.AssertionError"><![CDATA[java.lang.AssertionError: expected:<2> but was:<3>
	at org.junit.Assert.fail(Assert.java:88)
	at org.junit.Assert.failNotEquals(Assert.java:743)
	at org.junit.Assert.assertEquals(Assert.java:118)
	at org.junit.Assert.assertEquals(Assert.java:555)
	at org.junit.Assert.assertEquals(Assert.java:542)
	at org.apache.hadoop.ozone.client.rpc.TestBlockOutputStreamWithFailures.testWatchForCommitDatanodeFailure(TestBlockOutputStreamWithFailures.java:366)
	at sun.reflect.NativeMethodAccessorImpl.invoke0(Native Method)
	at sun.reflect.NativeMethodAccessorImpl.invoke(NativeMethodAccessorImpl.java:62)
	at sun.reflect.DelegatingMethodAccessorImpl.invoke(DelegatingMethodAccessorImpl.java:43)
	at java.lang.reflect.Method.invoke(Method.java:498)
	at org.junit.runners.model.FrameworkMethod$1.runReflectiveCall(FrameworkMethod.java:47)
	at org.junit.internal.runners.model.ReflectiveCallable.run(ReflectiveCallable.java:12)
	at org.junit.runners.model.FrameworkMethod.invokeExplosively(FrameworkMethod.java:44)
	at org.junit.internal.runners.statements.InvokeMethod.evaluate(InvokeMethod.java:17)
	at org.junit.internal.runners.statements.RunBefores.evaluate(RunBefores.java:26)
	at org.junit.internal.runners.statements.RunAfters.evaluate(RunAfters.java:27)
	at org.junit.runners.ParentRunner.runLeaf(ParentRunner.java:271)
	at org.junit.runners.BlockJUnit4ClassRunner.runChild(BlockJUnit4ClassRunner.java:70)
	at org.junit.runners.BlockJUnit4ClassRunner.runChild(BlockJUnit4ClassRunner.java:50)
	at org.junit.runners.ParentRunner$3.run(ParentRunner.java:238)
	at org.junit.runners.ParentRunner$1.schedule(ParentRunner.java:63)
	at org.junit.runners.ParentRunner.runChildren(ParentRunner.java:236)
	at org.junit.runners.ParentRunner.access$000(ParentRunner.java:53)
	at org.junit.runners.ParentRunner$2.evaluate(ParentRunner.java:229)
	at org.junit.runners.ParentRunner.run(ParentRunner.java:309)
	at org.apache.maven.surefire.junit4.JUnit4Provider.execute(JUnit4Provider.java:365)
	at org.apache.maven.surefire.junit4.JUnit4Provider.executeWithRerun(JUnit4Provider.java:273)
	at org.apache.maven.surefire.junit4.JUnit4Provider.executeTestSet(JUnit4Provider.java:238)
	at org.apache.maven.surefire.junit4.JUnit4Provider.invoke(JUnit4Provider.java:159)
	at org.apache.maven.surefire.booter.ForkedBooter.invokeProviderInSameClassLoader(ForkedBooter.java:384)
	at org.apache.maven.surefire.booter.ForkedBooter.runSuitesInProcess(ForkedBooter.java:345)
	at org.apache.maven.surefire.booter.ForkedBooter.execute(ForkedBooter.java:126)
	at org.apache.maven.surefire.booter.ForkedBooter.main(ForkedBooter.java:418)
]]></failure>
    <system-out><![CDATA[2019-08-27 10:36:22,275 [main] WARN  server.ServerUtils (ServerUtils.java:getScmDbDir(145)) - ozone.scm.db.dirs is not configured. We recommend adding this setting. Falling back to ozone.metadata.dirs instead.
2019-08-27 10:36:22,290 [main] WARN  server.ServerUtils (ServerUtils.java:getScmDbDir(145)) - ozone.scm.db.dirs is not configured. We recommend adding this setting. Falling back to ozone.metadata.dirs instead.
2019-08-27 10:36:22,290 [main] WARN  server.ServerUtils (ServerUtils.java:getScmDbDir(145)) - ozone.scm.db.dirs is not configured. We recommend adding this setting. Falling back to ozone.metadata.dirs instead.
2019-08-27 10:36:22,291 [main] INFO  db.DBStoreBuilder (DBStoreBuilder.java:addTable(110)) - using custom profile for table: deletedBlocks
2019-08-27 10:36:22,291 [main] INFO  db.DBStoreBuilder (DBStoreBuilder.java:processTables(161)) - Using default column profile:DBProfile.DISK for Table:deletedBlocks
2019-08-27 10:36:22,291 [main] INFO  db.DBStoreBuilder (DBStoreBuilder.java:addTable(110)) - using custom profile for table: validCerts
2019-08-27 10:36:22,291 [main] INFO  db.DBStoreBuilder (DBStoreBuilder.java:processTables(161)) - Using default column profile:DBProfile.DISK for Table:validCerts
2019-08-27 10:36:22,292 [main] INFO  db.DBStoreBuilder (DBStoreBuilder.java:addTable(110)) - using custom profile for table: revokedCerts
2019-08-27 10:36:22,292 [main] INFO  db.DBStoreBuilder (DBStoreBuilder.java:processTables(161)) - Using default column profile:DBProfile.DISK for Table:revokedCerts
2019-08-27 10:36:22,292 [main] INFO  db.DBStoreBuilder (DBStoreBuilder.java:addTable(110)) - using custom profile for table: default
2019-08-27 10:36:22,292 [main] INFO  db.DBStoreBuilder (DBStoreBuilder.java:processTables(167)) - Using default column profile:DBProfile.DISK for Table:default
2019-08-27 10:36:22,292 [main] INFO  db.DBStoreBuilder (DBStoreBuilder.java:getDbProfile(198)) - Using default options. DBProfile.DISK
2019-08-27 10:36:22,450 [main] INFO  net.NodeSchemaLoader (NodeSchemaLoader.java:loadSchemaFromFile(125)) - Loading file from sun.misc.CompoundEnumeration@c50d1b2
2019-08-27 10:36:22,450 [main] INFO  net.NodeSchemaLoader (NodeSchemaLoader.java:loadSchema(171)) - Loading network topology layer schema file
2019-08-27 10:36:22,456 [main] INFO  node.SCMNodeManager (SCMNodeManager.java:<init>(121)) - Entering startup safe mode.
2019-08-27 10:36:22,457 [main] INFO  algorithms.ContainerPlacementPolicyFactory (ContainerPlacementPolicyFactory.java:getPolicy(55)) - Create container placement policy of type org.apache.hadoop.hdds.scm.container.placement.algorithms.SCMContainerPlacementRandom
2019-08-27 10:36:22,458 [main] WARN  server.ServerUtils (ServerUtils.java:getScmDbDir(145)) - ozone.scm.db.dirs is not configured. We recommend adding this setting. Falling back to ozone.metadata.dirs instead.
2019-08-27 10:36:22,509 [main] INFO  pipeline.SCMPipelineManager (SCMPipelineManager.java:initializePipelineState(126)) - No pipeline exists in current db
2019-08-27 10:36:22,509 [main] WARN  server.ServerUtils (ServerUtils.java:getScmDbDir(145)) - ozone.scm.db.dirs is not configured. We recommend adding this setting. Falling back to ozone.metadata.dirs instead.
2019-08-27 10:36:22,562 [main] WARN  events.EventQueue (EventQueue.java:fireEvent(175)) - No event handler registered for event TypedEvent{payloadType=SafeModeStatus, name='SafeModeStatus'}
2019-08-27 10:36:22,563 [main] INFO  ipc.CallQueueManager (CallQueueManager.java:<init>(84)) - Using callQueue: class java.util.concurrent.LinkedBlockingQueue, queueCapacity: 2000, scheduler: class org.apache.hadoop.ipc.DefaultRpcScheduler, ipcBackoff: false.
2019-08-27 10:36:22,564 [Socket Reader #1 for port 35477] INFO  ipc.Server (Server.java:run(1074)) - Starting Socket Reader #1 for port 35477
2019-08-27 10:36:22,566 [main] INFO  ipc.CallQueueManager (CallQueueManager.java:<init>(84)) - Using callQueue: class java.util.concurrent.LinkedBlockingQueue, queueCapacity: 2000, scheduler: class org.apache.hadoop.ipc.DefaultRpcScheduler, ipcBackoff: false.
2019-08-27 10:36:22,567 [Socket Reader #1 for port 39574] INFO  ipc.Server (Server.java:run(1074)) - Starting Socket Reader #1 for port 39574
2019-08-27 10:36:22,568 [main] INFO  ipc.CallQueueManager (CallQueueManager.java:<init>(84)) - Using callQueue: class java.util.concurrent.LinkedBlockingQueue, queueCapacity: 2000, scheduler: class org.apache.hadoop.ipc.DefaultRpcScheduler, ipcBackoff: false.
2019-08-27 10:36:22,569 [Socket Reader #1 for port 43655] INFO  ipc.Server (Server.java:run(1074)) - Starting Socket Reader #1 for port 43655
2019-08-27 10:36:22,571 [main] INFO  hdfs.DFSUtil (DFSUtil.java:httpServerTemplateForNNAndJN(1641)) - Starting Web-server for scm at: http://0.0.0.0:0
2019-08-27 10:36:22,574 [main] INFO  server.AuthenticationFilter (AuthenticationFilter.java:constructSecretProvider(240)) - Unable to initialize FileSignerSecretProvider, falling back to use random secrets.
2019-08-27 10:36:22,574 [main] WARN  http.HttpRequestLog (HttpRequestLog.java:getRequestLog(97)) - Jetty request log can only be enabled using Log4j
2019-08-27 10:36:22,577 [main] INFO  http.HttpServer2 (HttpServer2.java:addGlobalFilter(975)) - Added global filter 'safety' (class=org.apache.hadoop.http.HttpServer2$QuotingInputFilter)
2019-08-27 10:36:22,577 [main] INFO  http.HttpServer2 (HttpServer2.java:addFilter(948)) - Added filter static_user_filter (class=org.apache.hadoop.http.lib.StaticUserWebFilter$StaticUserFilter) to context scm
2019-08-27 10:36:22,577 [main] INFO  http.HttpServer2 (HttpServer2.java:addFilter(958)) - Added filter static_user_filter (class=org.apache.hadoop.http.lib.StaticUserWebFilter$StaticUserFilter) to context logs
2019-08-27 10:36:22,578 [main] INFO  http.HttpServer2 (HttpServer2.java:addFilter(958)) - Added filter static_user_filter (class=org.apache.hadoop.http.lib.StaticUserWebFilter$StaticUserFilter) to context static
2019-08-27 10:36:22,580 [main] INFO  server.StorageContainerManager (StorageContainerManager.java:start(759)) - StorageContainerLocationProtocol RPC server is listening at /0.0.0.0:43655
2019-08-27 10:36:22,583 [main] WARN  impl.MetricsConfig (MetricsConfig.java:loadFirst(134)) - Cannot locate configuration: tried hadoop-metrics2-storagecontainermanager.properties,hadoop-metrics2.properties
2019-08-27 10:36:22,584 [main] INFO  impl.MetricsSystemImpl (MetricsSystemImpl.java:startTimer(374)) - Scheduled Metric snapshot period at 10 second(s).
2019-08-27 10:36:22,584 [main] INFO  impl.MetricsSystemImpl (MetricsSystemImpl.java:start(191)) - StorageContainerManager metrics system started
2019-08-27 10:36:22,666 [main] INFO  server.SCMClientProtocolServer (SCMClientProtocolServer.java:start(151)) - RPC server for Client  is listening at /0.0.0.0:43655
2019-08-27 10:36:22,666 [IPC Server Responder] INFO  ipc.Server (Server.java:run(1314)) - IPC Server Responder: starting
2019-08-27 10:36:22,666 [IPC Server listener on 43655] INFO  ipc.Server (Server.java:run(1153)) - IPC Server listener on 43655: starting
2019-08-27 10:36:22,670 [main] INFO  server.StorageContainerManager (StorageContainerManager.java:start(769)) - ScmBlockLocationProtocol RPC server is listening at /0.0.0.0:39574
2019-08-27 10:36:22,670 [main] INFO  server.SCMBlockProtocolServer (SCMBlockProtocolServer.java:start(140)) - RPC server for Block Protocol is listening at /0.0.0.0:39574
2019-08-27 10:36:22,671 [IPC Server Responder] INFO  ipc.Server (Server.java:run(1314)) - IPC Server Responder: starting
2019-08-27 10:36:22,671 [IPC Server listener on 39574] INFO  ipc.Server (Server.java:run(1153)) - IPC Server listener on 39574: starting
2019-08-27 10:36:22,674 [main] INFO  server.StorageContainerManager (StorageContainerManager.java:start(773)) - ScmDatanodeProtocl RPC server is listening at /0.0.0.0:35477
2019-08-27 10:36:22,674 [main] INFO  server.SCMDatanodeProtocolServer (SCMDatanodeProtocolServer.java:start(191)) - RPC server for DataNodes is listening at /0.0.0.0:35477
2019-08-27 10:36:22,674 [IPC Server Responder] INFO  ipc.Server (Server.java:run(1314)) - IPC Server Responder: starting
2019-08-27 10:36:22,675 [IPC Server listener on 35477] INFO  ipc.Server (Server.java:run(1153)) - IPC Server listener on 35477: starting
2019-08-27 10:36:22,678 [main] INFO  http.HttpServer2 (HttpServer2.java:bindListener(1191)) - Jetty bound to port 43776
2019-08-27 10:36:22,678 [main] INFO  server.Server (Server.java:doStart(351)) - jetty-9.3.24.v20180605, build timestamp: 2018-06-05T17:11:56Z, git hash: 84205aa28f11a4f31f2a3b86d1bba2cc8ab69827
2019-08-27 10:36:22,680 [main] INFO  handler.ContextHandler (ContextHandler.java:doStart(781)) - Started o.e.j.s.ServletContextHandler@d640fe6{/logs,file:///workdir/hadoop-ozone/integration-test/target/log,AVAILABLE}
2019-08-27 10:36:22,680 [main] INFO  handler.ContextHandler (ContextHandler.java:doStart(781)) - Started o.e.j.s.ServletContextHandler@44f6ac4f{/static,file:///workdir/hadoop-ozone/integration-test/target/test-classes/webapps/static,AVAILABLE}
2019-08-27 10:36:22,684 [main] INFO  handler.ContextHandler (ContextHandler.java:doStart(781)) - Started o.e.j.w.WebAppContext@2aadeb31{/,file:///workdir/hadoop-ozone/integration-test/target/test-classes/webapps/scm/,AVAILABLE}{/scm}
2019-08-27 10:36:22,684 [main] INFO  server.AbstractConnector (AbstractConnector.java:doStart(278)) - Started ServerConnector@704ddfad{HTTP/1.1,[http/1.1]}{0.0.0.0:43776}
2019-08-27 10:36:22,685 [main] INFO  server.Server (Server.java:doStart(419)) - Started @531750ms
2019-08-27 10:36:22,686 [main] INFO  server.BaseHttpServer (BaseHttpServer.java:updateConnectorAddress(213)) - HTTP server of SCM is listening at http://0.0.0.0:43776
2019-08-27 10:36:22,686 [main] WARN  server.ServerUtils (ServerUtils.java:getDBPath(222)) - ozone.om.db.dirs is not configured. We recommend adding this setting. Falling back to ozone.metadata.dirs instead.
2019-08-27 10:36:22,687 [org.apache.hadoop.util.JvmPauseMonitor$Monitor@3ed4c822] INFO  util.JvmPauseMonitor (JvmPauseMonitor.java:run(188)) - Starting JVM pause monitor
2019-08-27 10:36:22,698 [main] WARN  server.ServerUtils (ServerUtils.java:getDBPath(222)) - ozone.om.db.dirs is not configured. We recommend adding this setting. Falling back to ozone.metadata.dirs instead.
2019-08-27 10:36:22,699 [main] WARN  server.ServerUtils (ServerUtils.java:getDBPath(222)) - ozone.om.db.dirs is not configured. We recommend adding this setting. Falling back to ozone.metadata.dirs instead.
2019-08-27 10:36:22,699 [main] INFO  om.OzoneManager (OzoneManager.java:setOMNodeDetails(645)) - OM Service ID is not set. Setting it to the default ID: omServiceIdDefault
2019-08-27 10:36:22,699 [main] INFO  om.OzoneManager (OzoneManager.java:setOMNodeDetails(651)) - OM Node ID is not set. Setting it to the OmStorage's OmID: 45848a76-779d-4095-9c00-ad97bdcab187
2019-08-27 10:36:22,699 [main] INFO  om.OzoneManager (OzoneManager.java:loadOMHAConfigs(602)) - Found matching OM address with OMServiceId: null, OMNodeId: null, RPC Address: localhost:0 and Ratis port: 9872
2019-08-27 10:36:22,703 | INFO  | SCMAudit | user=jenkins1000 | ip=192.168.5.140 | op=GET_SCM_INFO null | ret=SUCCESS |  
2019-08-27 10:36:22,705 [main] WARN  server.ServerUtils (ServerUtils.java:getDBPath(222)) - ozone.om.db.dirs is not configured. We recommend adding this setting. Falling back to ozone.metadata.dirs instead.
2019-08-27 10:36:22,705 [main] INFO  db.DBStoreBuilder (DBStoreBuilder.java:addTable(110)) - using custom profile for table: userTable
2019-08-27 10:36:22,706 [main] INFO  db.DBStoreBuilder (DBStoreBuilder.java:processTables(161)) - Using default column profile:DBProfile.DISK for Table:userTable
2019-08-27 10:36:22,706 [main] INFO  db.DBStoreBuilder (DBStoreBuilder.java:addTable(110)) - using custom profile for table: volumeTable
2019-08-27 10:36:22,706 [main] INFO  db.DBStoreBuilder (DBStoreBuilder.java:processTables(161)) - Using default column profile:DBProfile.DISK for Table:volumeTable
2019-08-27 10:36:22,706 [main] INFO  db.DBStoreBuilder (DBStoreBuilder.java:addTable(110)) - using custom profile for table: bucketTable
2019-08-27 10:36:22,706 [main] INFO  db.DBStoreBuilder (DBStoreBuilder.java:processTables(161)) - Using default column profile:DBProfile.DISK for Table:bucketTable
2019-08-27 10:36:22,707 [main] INFO  db.DBStoreBuilder (DBStoreBuilder.java:addTable(110)) - using custom profile for table: keyTable
2019-08-27 10:36:22,707 [main] INFO  db.DBStoreBuilder (DBStoreBuilder.java:processTables(161)) - Using default column profile:DBProfile.DISK for Table:keyTable
2019-08-27 10:36:22,707 [main] INFO  db.DBStoreBuilder (DBStoreBuilder.java:addTable(110)) - using custom profile for table: deletedTable
2019-08-27 10:36:22,707 [main] INFO  db.DBStoreBuilder (DBStoreBuilder.java:processTables(161)) - Using default column profile:DBProfile.DISK for Table:deletedTable
2019-08-27 10:36:22,707 [main] INFO  db.DBStoreBuilder (DBStoreBuilder.java:addTable(110)) - using custom profile for table: openKeyTable
2019-08-27 10:36:22,707 [main] INFO  db.DBStoreBuilder (DBStoreBuilder.java:processTables(161)) - Using default column profile:DBProfile.DISK for Table:openKeyTable
2019-08-27 10:36:22,708 [main] INFO  db.DBStoreBuilder (DBStoreBuilder.java:addTable(110)) - using custom profile for table: s3Table
2019-08-27 10:36:22,708 [main] INFO  db.DBStoreBuilder (DBStoreBuilder.java:processTables(161)) - Using default column profile:DBProfile.DISK for Table:s3Table
2019-08-27 10:36:22,708 [main] INFO  db.DBStoreBuilder (DBStoreBuilder.java:addTable(110)) - using custom profile for table: multipartInfoTable
2019-08-27 10:36:22,708 [main] INFO  db.DBStoreBuilder (DBStoreBuilder.java:processTables(161)) - Using default column profile:DBProfile.DISK for Table:multipartInfoTable
2019-08-27 10:36:22,708 [main] INFO  db.DBStoreBuilder (DBStoreBuilder.java:addTable(110)) - using custom profile for table: dTokenTable
2019-08-27 10:36:22,708 [main] INFO  db.DBStoreBuilder (DBStoreBuilder.java:processTables(161)) - Using default column profile:DBProfile.DISK for Table:dTokenTable
2019-08-27 10:36:22,709 [main] INFO  db.DBStoreBuilder (DBStoreBuilder.java:addTable(110)) - using custom profile for table: s3SecretTable
2019-08-27 10:36:22,709 [main] INFO  db.DBStoreBuilder (DBStoreBuilder.java:processTables(161)) - Using default column profile:DBProfile.DISK for Table:s3SecretTable
2019-08-27 10:36:22,709 [main] INFO  db.DBStoreBuilder (DBStoreBuilder.java:addTable(110)) - using custom profile for table: prefixTable
2019-08-27 10:36:22,709 [main] INFO  db.DBStoreBuilder (DBStoreBuilder.java:processTables(161)) - Using default column profile:DBProfile.DISK for Table:prefixTable
2019-08-27 10:36:22,709 [main] INFO  db.DBStoreBuilder (DBStoreBuilder.java:addTable(110)) - using custom profile for table: default
2019-08-27 10:36:22,709 [main] INFO  db.DBStoreBuilder (DBStoreBuilder.java:processTables(167)) - Using default column profile:DBProfile.DISK for Table:default
2019-08-27 10:36:22,710 [main] INFO  db.DBStoreBuilder (DBStoreBuilder.java:getDbProfile(198)) - Using default options. DBProfile.DISK
2019-08-27 10:36:23,183 [main] INFO  ipc.CallQueueManager (CallQueueManager.java:<init>(84)) - Using callQueue: class java.util.concurrent.LinkedBlockingQueue, queueCapacity: 2000, scheduler: class org.apache.hadoop.ipc.DefaultRpcScheduler, ipcBackoff: false.
2019-08-27 10:36:23,184 [Socket Reader #1 for port 37397] INFO  ipc.Server (Server.java:run(1074)) - Starting Socket Reader #1 for port 37397
2019-08-27 10:36:23,197 [main] INFO  om.OzoneManager (OzoneManager.java:start(1256)) - OzoneManager RPC server is listening at localhost/127.0.0.1:37397
2019-08-27 10:36:23,197 [main] INFO  impl.MetricsSystemImpl (MetricsSystemImpl.java:init(158)) - OzoneManager metrics system started (again)
2019-08-27 10:36:23,198 [IPC Server Responder] INFO  ipc.Server (Server.java:run(1314)) - IPC Server Responder: starting
2019-08-27 10:36:23,198 [IPC Server listener on 37397] INFO  ipc.Server (Server.java:run(1153)) - IPC Server listener on 37397: starting
2019-08-27 10:36:23,203 [main] INFO  hdfs.DFSUtil (DFSUtil.java:httpServerTemplateForNNAndJN(1641)) - Starting Web-server for ozoneManager at: http://0.0.0.0:0
2019-08-27 10:36:23,205 [main] INFO  server.AuthenticationFilter (AuthenticationFilter.java:constructSecretProvider(240)) - Unable to initialize FileSignerSecretProvider, falling back to use random secrets.
2019-08-27 10:36:23,206 [main] WARN  http.HttpRequestLog (HttpRequestLog.java:getRequestLog(97)) - Jetty request log can only be enabled using Log4j
2019-08-27 10:36:23,208 [main] INFO  http.HttpServer2 (HttpServer2.java:addGlobalFilter(975)) - Added global filter 'safety' (class=org.apache.hadoop.http.HttpServer2$QuotingInputFilter)
2019-08-27 10:36:23,209 [main] INFO  http.HttpServer2 (HttpServer2.java:addFilter(948)) - Added filter static_user_filter (class=org.apache.hadoop.http.lib.StaticUserWebFilter$StaticUserFilter) to context ozoneManager
2019-08-27 10:36:23,209 [main] INFO  http.HttpServer2 (HttpServer2.java:addFilter(958)) - Added filter static_user_filter (class=org.apache.hadoop.http.lib.StaticUserWebFilter$StaticUserFilter) to context static
2019-08-27 10:36:23,209 [main] INFO  http.HttpServer2 (HttpServer2.java:addFilter(958)) - Added filter static_user_filter (class=org.apache.hadoop.http.lib.StaticUserWebFilter$StaticUserFilter) to context logs
2019-08-27 10:36:23,210 [main] INFO  http.HttpServer2 (HttpServer2.java:bindListener(1191)) - Jetty bound to port 39304
2019-08-27 10:36:23,210 [main] INFO  server.Server (Server.java:doStart(351)) - jetty-9.3.24.v20180605, build timestamp: 2018-06-05T17:11:56Z, git hash: 84205aa28f11a4f31f2a3b86d1bba2cc8ab69827
2019-08-27 10:36:23,212 [main] INFO  handler.ContextHandler (ContextHandler.java:doStart(781)) - Started o.e.j.s.ServletContextHandler@25c756f0{/logs,file:///workdir/hadoop-ozone/integration-test/target/log,AVAILABLE}
2019-08-27 10:36:23,213 [main] INFO  handler.ContextHandler (ContextHandler.java:doStart(781)) - Started o.e.j.s.ServletContextHandler@18206382{/static,file:///workdir/hadoop-ozone/integration-test/target/test-classes/webapps/static,AVAILABLE}
2019-08-27 10:36:23,218 [main] INFO  handler.ContextHandler (ContextHandler.java:doStart(781)) - Started o.e.j.w.WebAppContext@64455184{/,file:///workdir/hadoop-ozone/integration-test/target/test-classes/webapps/ozoneManager/,AVAILABLE}{/ozoneManager}
2019-08-27 10:36:23,218 [main] INFO  server.AbstractConnector (AbstractConnector.java:doStart(278)) - Started ServerConnector@6f749a1f{HTTP/1.1,[http/1.1]}{0.0.0.0:39304}
2019-08-27 10:36:23,219 [main] INFO  server.Server (Server.java:doStart(419)) - Started @532285ms
2019-08-27 10:36:23,220 [main] INFO  server.BaseHttpServer (BaseHttpServer.java:updateConnectorAddress(213)) - HTTP server of OZONEMANAGER is listening at http://0.0.0.0:39304
2019-08-27 10:36:23,239 [main] INFO  impl.MetricsSystemImpl (MetricsSystemImpl.java:init(158)) - HddsDatanode metrics system started (again)
2019-08-27 10:36:23,241 [main] INFO  ozone.HddsDatanodeService (HddsDatanodeService.java:start(184)) - HddsDatanodeService host:pr-hdds-1982-decom-states-5k2nc-2490103652 ip:192.168.5.140
2019-08-27 10:36:23,252 [main] INFO  volume.HddsVolume (HddsVolume.java:<init>(176)) - Creating Volume: /workdir/hadoop-ozone/integration-test/target/test-dir/MiniOzoneClusterImpl-18caebed-eb19-4fa4-8af2-b6a2e1f418d7/datanode-0/data/containers/hdds of  storage type : DISK and capacity : 1482555576320
2019-08-27 10:36:23,253 [main] INFO  volume.VolumeSet (VolumeSet.java:initializeVolumeSet(170)) - Added Volume : /workdir/hadoop-ozone/integration-test/target/test-dir/MiniOzoneClusterImpl-18caebed-eb19-4fa4-8af2-b6a2e1f418d7/datanode-0/data/containers/hdds to VolumeSet
2019-08-27 10:36:23,253 [main] INFO  volume.ThrottledAsyncChecker (ThrottledAsyncChecker.java:schedule(140)) - Scheduling a check for org.apache.hadoop.ozone.container.common.volume.HddsVolume@3393aa46
2019-08-27 10:36:23,255 [main] INFO  volume.HddsVolumeChecker (HddsVolumeChecker.java:checkAllVolumes(203)) - Scheduled health check for volume org.apache.hadoop.ozone.container.common.volume.HddsVolume@3393aa46
2019-08-27 10:36:23,275 [main] INFO  impl.RaftServerProxy (ConfUtils.java:logGet(43)) - raft.rpc.type = GRPC (default)
2019-08-27 10:36:23,275 [main] INFO  grpc.GrpcFactory (GrpcFactory.java:checkPooledByteBufAllocatorUseCacheForAllThreads(45)) - PERFORMANCE WARNING: useCacheForAllThreads is true that may cause Netty to create a lot garbage objects and, as a result, trigger GC.
	It is recommended to disable useCacheForAllThreads by setting -Dorg.apache.ratis.thirdparty.io.netty.allocator.useCacheForAllThreads=false in command line.
2019-08-27 10:36:23,275 [main] INFO  grpc.GrpcConfigKeys$Server (ConfUtils.java:logGet(43)) - raft.grpc.server.port = 0 (default)
2019-08-27 10:36:23,276 [main] INFO  server.GrpcService (ConfUtils.java:logGet(43)) - raft.grpc.message.size.max = 33570816 (custom)
2019-08-27 10:36:23,276 [main] INFO  server.RaftServerConfigKeys (ConfUtils.java:logGet(43)) - raft.server.log.appender.buffer.byte-limit = 33554432 (custom)
2019-08-27 10:36:23,276 [main] INFO  server.GrpcService (ConfUtils.java:logGet(43)) - raft.grpc.flow.control.window = 1MB (=1048576) (default)
2019-08-27 10:36:23,277 [main] INFO  server.RaftServerConfigKeys (ConfUtils.java:logGet(43)) - raft.server.rpc.request.timeout = 3000ms (default)
2019-08-27 10:36:23,277 [main] INFO  server.RaftServerConfigKeys (ConfUtils.java:logGet(43)) - raft.server.storage.dir = [/workdir/hadoop-ozone/integration-test/target/test-dir/MiniOzoneClusterImpl-18caebed-eb19-4fa4-8af2-b6a2e1f418d7/datanode-0/data/ratis] (custom)
2019-08-27 10:36:23,278 [main] INFO  replication.SimpleContainerDownloader (SimpleContainerDownloader.java:<init>(72)) - Starting container downloader service to copy containers to replicate.
2019-08-27 10:36:23,279 [main] INFO  hdfs.DFSUtil (DFSUtil.java:httpServerTemplateForNNAndJN(1641)) - Starting Web-server for hddsDatanode at: http://0.0.0.0:0
2019-08-27 10:36:23,281 [main] INFO  server.AuthenticationFilter (AuthenticationFilter.java:constructSecretProvider(240)) - Unable to initialize FileSignerSecretProvider, falling back to use random secrets.
2019-08-27 10:36:23,281 [main] WARN  http.HttpRequestLog (HttpRequestLog.java:getRequestLog(97)) - Jetty request log can only be enabled using Log4j
2019-08-27 10:36:23,282 [main] INFO  http.HttpServer2 (HttpServer2.java:addGlobalFilter(975)) - Added global filter 'safety' (class=org.apache.hadoop.http.HttpServer2$QuotingInputFilter)
2019-08-27 10:36:23,283 [main] INFO  http.HttpServer2 (HttpServer2.java:addFilter(948)) - Added filter static_user_filter (class=org.apache.hadoop.http.lib.StaticUserWebFilter$StaticUserFilter) to context hddsDatanode
2019-08-27 10:36:23,283 [main] INFO  http.HttpServer2 (HttpServer2.java:addFilter(958)) - Added filter static_user_filter (class=org.apache.hadoop.http.lib.StaticUserWebFilter$StaticUserFilter) to context static
2019-08-27 10:36:23,283 [main] INFO  http.HttpServer2 (HttpServer2.java:addFilter(958)) - Added filter static_user_filter (class=org.apache.hadoop.http.lib.StaticUserWebFilter$StaticUserFilter) to context logs
2019-08-27 10:36:23,284 [main] INFO  http.HttpServer2 (HttpServer2.java:bindListener(1191)) - Jetty bound to port 43222
2019-08-27 10:36:23,284 [main] INFO  server.Server (Server.java:doStart(351)) - jetty-9.3.24.v20180605, build timestamp: 2018-06-05T17:11:56Z, git hash: 84205aa28f11a4f31f2a3b86d1bba2cc8ab69827
2019-08-27 10:36:23,286 [main] INFO  handler.ContextHandler (ContextHandler.java:doStart(781)) - Started o.e.j.s.ServletContextHandler@3582077c{/logs,file:///workdir/hadoop-ozone/integration-test/target/log,AVAILABLE}
2019-08-27 10:36:23,286 [main] INFO  handler.ContextHandler (ContextHandler.java:doStart(781)) - Started o.e.j.s.ServletContextHandler@365fde74{/static,jar:file:/home/user/.m2/repository/org/apache/hadoop/hadoop-hdds-container-service/0.5.0-SNAPSHOT/hadoop-hdds-container-service-0.5.0-SNAPSHOT.jar!/webapps/static,AVAILABLE}
2019-08-27 10:36:23,319 [main] INFO  handler.ContextHandler (ContextHandler.java:doStart(781)) - Started o.e.j.w.WebAppContext@6345dc06{/,file:///tmp/jetty-0.0.0.0-43222-hddsDatanode-_-any-6537519234926830923.dir/webapp/,AVAILABLE}{/hddsDatanode}
2019-08-27 10:36:23,319 [main] INFO  server.AbstractConnector (AbstractConnector.java:doStart(278)) - Started ServerConnector@628d6320{HTTP/1.1,[http/1.1]}{0.0.0.0:43222}
2019-08-27 10:36:23,320 [main] INFO  server.Server (Server.java:doStart(419)) - Started @532385ms
2019-08-27 10:36:23,321 [main] INFO  server.BaseHttpServer (BaseHttpServer.java:updateConnectorAddress(213)) - HTTP server of HDDSDATANODE is listening at http://0.0.0.0:43222
2019-08-27 10:36:23,451 | INFO  | ObjectStoreRestHttpServer | Listening HDDS REST traffic on /0.0.0.0:44996 |  
2019-08-27 10:36:23,451 [main] INFO  ozone.HddsDatanodeService (HddsDatanodeService.java:startPlugins(395)) - Started plug-in org.apache.hadoop.ozone.web.OzoneHddsDatanodeService@118cbb26
2019-08-27 10:36:23,452 [main] INFO  impl.MetricsSystemImpl (MetricsSystemImpl.java:init(158)) - HddsDatanode metrics system started (again)
2019-08-27 10:36:23,454 [main] INFO  ozone.HddsDatanodeService (HddsDatanodeService.java:start(184)) - HddsDatanodeService host:pr-hdds-1982-decom-states-5k2nc-2490103652 ip:192.168.5.140
2019-08-27 10:36:23,454 [org.apache.hadoop.util.JvmPauseMonitor$Monitor@2446b51b] INFO  util.JvmPauseMonitor (JvmPauseMonitor.java:run(188)) - Starting JVM pause monitor
2019-08-27 10:36:23,456 [Datanode State Machine Thread - 0] INFO  datanode.InitDatanodeState (InitDatanodeState.java:persistContainerDatanodeDetails(140)) - DatanodeDetails is persisted to /workdir/hadoop-ozone/integration-test/target/test-dir/MiniOzoneClusterImpl-18caebed-eb19-4fa4-8af2-b6a2e1f418d7/datanode-0/meta/datanode.id
2019-08-27 10:36:23,465 [main] INFO  volume.HddsVolume (HddsVolume.java:<init>(176)) - Creating Volume: /workdir/hadoop-ozone/integration-test/target/test-dir/MiniOzoneClusterImpl-18caebed-eb19-4fa4-8af2-b6a2e1f418d7/datanode-1/data/containers/hdds of  storage type : DISK and capacity : 1482555576320
2019-08-27 10:36:23,466 [main] INFO  volume.VolumeSet (VolumeSet.java:initializeVolumeSet(170)) - Added Volume : /workdir/hadoop-ozone/integration-test/target/test-dir/MiniOzoneClusterImpl-18caebed-eb19-4fa4-8af2-b6a2e1f418d7/datanode-1/data/containers/hdds to VolumeSet
2019-08-27 10:36:23,466 [main] INFO  volume.ThrottledAsyncChecker (ThrottledAsyncChecker.java:schedule(140)) - Scheduling a check for org.apache.hadoop.ozone.container.common.volume.HddsVolume@35e0d91e
2019-08-27 10:36:23,466 [main] INFO  volume.HddsVolumeChecker (HddsVolumeChecker.java:checkAllVolumes(203)) - Scheduled health check for volume org.apache.hadoop.ozone.container.common.volume.HddsVolume@35e0d91e
2019-08-27 10:36:23,482 [main] INFO  impl.RaftServerProxy (ConfUtils.java:logGet(43)) - raft.rpc.type = GRPC (default)
2019-08-27 10:36:23,482 [main] INFO  grpc.GrpcFactory (GrpcFactory.java:checkPooledByteBufAllocatorUseCacheForAllThreads(45)) - PERFORMANCE WARNING: useCacheForAllThreads is true that may cause Netty to create a lot garbage objects and, as a result, trigger GC.
	It is recommended to disable useCacheForAllThreads by setting -Dorg.apache.ratis.thirdparty.io.netty.allocator.useCacheForAllThreads=false in command line.
2019-08-27 10:36:23,482 [main] INFO  grpc.GrpcConfigKeys$Server (ConfUtils.java:logGet(43)) - raft.grpc.server.port = 0 (default)
2019-08-27 10:36:23,482 [main] INFO  server.GrpcService (ConfUtils.java:logGet(43)) - raft.grpc.message.size.max = 33570816 (custom)
2019-08-27 10:36:23,483 [main] INFO  server.RaftServerConfigKeys (ConfUtils.java:logGet(43)) - raft.server.log.appender.buffer.byte-limit = 33554432 (custom)
2019-08-27 10:36:23,483 [main] INFO  server.GrpcService (ConfUtils.java:logGet(43)) - raft.grpc.flow.control.window = 1MB (=1048576) (default)
2019-08-27 10:36:23,483 [main] INFO  server.RaftServerConfigKeys (ConfUtils.java:logGet(43)) - raft.server.rpc.request.timeout = 3000ms (default)
2019-08-27 10:36:23,483 [main] INFO  server.RaftServerConfigKeys (ConfUtils.java:logGet(43)) - raft.server.storage.dir = [/workdir/hadoop-ozone/integration-test/target/test-dir/MiniOzoneClusterImpl-18caebed-eb19-4fa4-8af2-b6a2e1f418d7/datanode-1/data/ratis] (custom)
2019-08-27 10:36:23,484 [main] INFO  replication.SimpleContainerDownloader (SimpleContainerDownloader.java:<init>(72)) - Starting container downloader service to copy containers to replicate.
2019-08-27 10:36:23,485 [main] INFO  hdfs.DFSUtil (DFSUtil.java:httpServerTemplateForNNAndJN(1641)) - Starting Web-server for hddsDatanode at: http://0.0.0.0:0
2019-08-27 10:36:23,486 [main] INFO  server.AuthenticationFilter (AuthenticationFilter.java:constructSecretProvider(240)) - Unable to initialize FileSignerSecretProvider, falling back to use random secrets.
2019-08-27 10:36:23,486 [main] WARN  http.HttpRequestLog (HttpRequestLog.java:getRequestLog(97)) - Jetty request log can only be enabled using Log4j
2019-08-27 10:36:23,488 [main] INFO  http.HttpServer2 (HttpServer2.java:addGlobalFilter(975)) - Added global filter 'safety' (class=org.apache.hadoop.http.HttpServer2$QuotingInputFilter)
2019-08-27 10:36:23,488 [main] INFO  http.HttpServer2 (HttpServer2.java:addFilter(948)) - Added filter static_user_filter (class=org.apache.hadoop.http.lib.StaticUserWebFilter$StaticUserFilter) to context hddsDatanode
2019-08-27 10:36:23,488 [main] INFO  http.HttpServer2 (HttpServer2.java:addFilter(958)) - Added filter static_user_filter (class=org.apache.hadoop.http.lib.StaticUserWebFilter$StaticUserFilter) to context logs
2019-08-27 10:36:23,488 [main] INFO  http.HttpServer2 (HttpServer2.java:addFilter(958)) - Added filter static_user_filter (class=org.apache.hadoop.http.lib.StaticUserWebFilter$StaticUserFilter) to context static
2019-08-27 10:36:23,489 [main] INFO  http.HttpServer2 (HttpServer2.java:bindListener(1191)) - Jetty bound to port 35045
2019-08-27 10:36:23,489 [main] INFO  server.Server (Server.java:doStart(351)) - jetty-9.3.24.v20180605, build timestamp: 2018-06-05T17:11:56Z, git hash: 84205aa28f11a4f31f2a3b86d1bba2cc8ab69827
2019-08-27 10:36:23,490 [main] INFO  handler.ContextHandler (ContextHandler.java:doStart(781)) - Started o.e.j.s.ServletContextHandler@cfe881a{/logs,file:///workdir/hadoop-ozone/integration-test/target/log,AVAILABLE}
2019-08-27 10:36:23,491 [main] INFO  handler.ContextHandler (ContextHandler.java:doStart(781)) - Started o.e.j.s.ServletContextHandler@61bfd7da{/static,jar:file:/home/user/.m2/repository/org/apache/hadoop/hadoop-hdds-container-service/0.5.0-SNAPSHOT/hadoop-hdds-container-service-0.5.0-SNAPSHOT.jar!/webapps/static,AVAILABLE}
2019-08-27 10:36:23,517 [main] INFO  handler.ContextHandler (ContextHandler.java:doStart(781)) - Started o.e.j.w.WebAppContext@699fe19f{/,file:///tmp/jetty-0.0.0.0-35045-hddsDatanode-_-any-8425250970659556061.dir/webapp/,AVAILABLE}{/hddsDatanode}
2019-08-27 10:36:23,518 [main] INFO  server.AbstractConnector (AbstractConnector.java:doStart(278)) - Started ServerConnector@2357f000{HTTP/1.1,[http/1.1]}{0.0.0.0:35045}
2019-08-27 10:36:23,518 [main] INFO  server.Server (Server.java:doStart(419)) - Started @532583ms
2019-08-27 10:36:23,519 [main] INFO  server.BaseHttpServer (BaseHttpServer.java:updateConnectorAddress(213)) - HTTP server of HDDSDATANODE is listening at http://0.0.0.0:35045
2019-08-27 10:36:23,634 | INFO  | ObjectStoreRestHttpServer | Listening HDDS REST traffic on /0.0.0.0:43920 |  
2019-08-27 10:36:23,634 [main] INFO  ozone.HddsDatanodeService (HddsDatanodeService.java:startPlugins(395)) - Started plug-in org.apache.hadoop.ozone.web.OzoneHddsDatanodeService@5911dd25
2019-08-27 10:36:23,634 [main] INFO  impl.MetricsSystemImpl (MetricsSystemImpl.java:init(158)) - HddsDatanode metrics system started (again)
2019-08-27 10:36:23,637 [main] INFO  ozone.HddsDatanodeService (HddsDatanodeService.java:start(184)) - HddsDatanodeService host:pr-hdds-1982-decom-states-5k2nc-2490103652 ip:192.168.5.140
2019-08-27 10:36:23,637 [org.apache.hadoop.util.JvmPauseMonitor$Monitor@5250d906] INFO  util.JvmPauseMonitor (JvmPauseMonitor.java:run(188)) - Starting JVM pause monitor
2019-08-27 10:36:23,639 [Datanode State Machine Thread - 0] INFO  datanode.InitDatanodeState (InitDatanodeState.java:persistContainerDatanodeDetails(140)) - DatanodeDetails is persisted to /workdir/hadoop-ozone/integration-test/target/test-dir/MiniOzoneClusterImpl-18caebed-eb19-4fa4-8af2-b6a2e1f418d7/datanode-1/meta/datanode.id
2019-08-27 10:36:23,648 [main] INFO  volume.HddsVolume (HddsVolume.java:<init>(176)) - Creating Volume: /workdir/hadoop-ozone/integration-test/target/test-dir/MiniOzoneClusterImpl-18caebed-eb19-4fa4-8af2-b6a2e1f418d7/datanode-2/data/containers/hdds of  storage type : DISK and capacity : 1482555576320
2019-08-27 10:36:23,648 [main] INFO  volume.VolumeSet (VolumeSet.java:initializeVolumeSet(170)) - Added Volume : /workdir/hadoop-ozone/integration-test/target/test-dir/MiniOzoneClusterImpl-18caebed-eb19-4fa4-8af2-b6a2e1f418d7/datanode-2/data/containers/hdds to VolumeSet
2019-08-27 10:36:23,648 [main] INFO  volume.ThrottledAsyncChecker (ThrottledAsyncChecker.java:schedule(140)) - Scheduling a check for org.apache.hadoop.ozone.container.common.volume.HddsVolume@59d8a968
2019-08-27 10:36:23,649 [main] INFO  volume.HddsVolumeChecker (HddsVolumeChecker.java:checkAllVolumes(203)) - Scheduled health check for volume org.apache.hadoop.ozone.container.common.volume.HddsVolume@59d8a968
2019-08-27 10:36:23,663 [main] INFO  impl.RaftServerProxy (ConfUtils.java:logGet(43)) - raft.rpc.type = GRPC (default)
2019-08-27 10:36:23,663 [main] INFO  grpc.GrpcFactory (GrpcFactory.java:checkPooledByteBufAllocatorUseCacheForAllThreads(45)) - PERFORMANCE WARNING: useCacheForAllThreads is true that may cause Netty to create a lot garbage objects and, as a result, trigger GC.
	It is recommended to disable useCacheForAllThreads by setting -Dorg.apache.ratis.thirdparty.io.netty.allocator.useCacheForAllThreads=false in command line.
2019-08-27 10:36:23,663 [main] INFO  grpc.GrpcConfigKeys$Server (ConfUtils.java:logGet(43)) - raft.grpc.server.port = 0 (default)
2019-08-27 10:36:23,663 [main] INFO  server.GrpcService (ConfUtils.java:logGet(43)) - raft.grpc.message.size.max = 33570816 (custom)
2019-08-27 10:36:23,663 [main] INFO  server.RaftServerConfigKeys (ConfUtils.java:logGet(43)) - raft.server.log.appender.buffer.byte-limit = 33554432 (custom)
2019-08-27 10:36:23,664 [main] INFO  server.GrpcService (ConfUtils.java:logGet(43)) - raft.grpc.flow.control.window = 1MB (=1048576) (default)
2019-08-27 10:36:23,664 [main] INFO  server.RaftServerConfigKeys (ConfUtils.java:logGet(43)) - raft.server.rpc.request.timeout = 3000ms (default)
2019-08-27 10:36:23,664 [main] INFO  server.RaftServerConfigKeys (ConfUtils.java:logGet(43)) - raft.server.storage.dir = [/workdir/hadoop-ozone/integration-test/target/test-dir/MiniOzoneClusterImpl-18caebed-eb19-4fa4-8af2-b6a2e1f418d7/datanode-2/data/ratis] (custom)
2019-08-27 10:36:23,664 [main] INFO  replication.SimpleContainerDownloader (SimpleContainerDownloader.java:<init>(72)) - Starting container downloader service to copy containers to replicate.
2019-08-27 10:36:23,665 [main] INFO  hdfs.DFSUtil (DFSUtil.java:httpServerTemplateForNNAndJN(1641)) - Starting Web-server for hddsDatanode at: http://0.0.0.0:0
2019-08-27 10:36:23,666 [main] INFO  server.AuthenticationFilter (AuthenticationFilter.java:constructSecretProvider(240)) - Unable to initialize FileSignerSecretProvider, falling back to use random secrets.
2019-08-27 10:36:23,667 [main] WARN  http.HttpRequestLog (HttpRequestLog.java:getRequestLog(97)) - Jetty request log can only be enabled using Log4j
2019-08-27 10:36:23,668 [main] INFO  http.HttpServer2 (HttpServer2.java:addGlobalFilter(975)) - Added global filter 'safety' (class=org.apache.hadoop.http.HttpServer2$QuotingInputFilter)
2019-08-27 10:36:23,668 [main] INFO  http.HttpServer2 (HttpServer2.java:addFilter(948)) - Added filter static_user_filter (class=org.apache.hadoop.http.lib.StaticUserWebFilter$StaticUserFilter) to context hddsDatanode
2019-08-27 10:36:23,669 [main] INFO  http.HttpServer2 (HttpServer2.java:addFilter(958)) - Added filter static_user_filter (class=org.apache.hadoop.http.lib.StaticUserWebFilter$StaticUserFilter) to context logs
2019-08-27 10:36:23,669 [main] INFO  http.HttpServer2 (HttpServer2.java:addFilter(958)) - Added filter static_user_filter (class=org.apache.hadoop.http.lib.StaticUserWebFilter$StaticUserFilter) to context static
2019-08-27 10:36:23,669 [main] INFO  http.HttpServer2 (HttpServer2.java:bindListener(1191)) - Jetty bound to port 43970
2019-08-27 10:36:23,669 [main] INFO  server.Server (Server.java:doStart(351)) - jetty-9.3.24.v20180605, build timestamp: 2018-06-05T17:11:56Z, git hash: 84205aa28f11a4f31f2a3b86d1bba2cc8ab69827
2019-08-27 10:36:23,671 [main] INFO  handler.ContextHandler (ContextHandler.java:doStart(781)) - Started o.e.j.s.ServletContextHandler@2582e213{/logs,file:///workdir/hadoop-ozone/integration-test/target/log,AVAILABLE}
2019-08-27 10:36:23,671 [main] INFO  handler.ContextHandler (ContextHandler.java:doStart(781)) - Started o.e.j.s.ServletContextHandler@441798ce{/static,jar:file:/home/user/.m2/repository/org/apache/hadoop/hadoop-hdds-container-service/0.5.0-SNAPSHOT/hadoop-hdds-container-service-0.5.0-SNAPSHOT.jar!/webapps/static,AVAILABLE}
2019-08-27 10:36:23,698 [main] INFO  handler.ContextHandler (ContextHandler.java:doStart(781)) - Started o.e.j.w.WebAppContext@d9ff1cd{/,file:///tmp/jetty-0.0.0.0-43970-hddsDatanode-_-any-4570461390100053929.dir/webapp/,AVAILABLE}{/hddsDatanode}
2019-08-27 10:36:23,698 [main] INFO  server.AbstractConnector (AbstractConnector.java:doStart(278)) - Started ServerConnector@2c64ee53{HTTP/1.1,[http/1.1]}{0.0.0.0:43970}
2019-08-27 10:36:23,698 [main] INFO  server.Server (Server.java:doStart(419)) - Started @532763ms
2019-08-27 10:36:23,700 [main] INFO  server.BaseHttpServer (BaseHttpServer.java:updateConnectorAddress(213)) - HTTP server of HDDSDATANODE is listening at http://0.0.0.0:43970
2019-08-27 10:36:23,814 | INFO  | ObjectStoreRestHttpServer | Listening HDDS REST traffic on /0.0.0.0:43463 |  
2019-08-27 10:36:23,814 [main] INFO  ozone.HddsDatanodeService (HddsDatanodeService.java:startPlugins(395)) - Started plug-in org.apache.hadoop.ozone.web.OzoneHddsDatanodeService@5292d417
2019-08-27 10:36:23,814 [main] INFO  impl.MetricsSystemImpl (MetricsSystemImpl.java:init(158)) - HddsDatanode metrics system started (again)
2019-08-27 10:36:23,817 [main] INFO  ozone.HddsDatanodeService (HddsDatanodeService.java:start(184)) - HddsDatanodeService host:pr-hdds-1982-decom-states-5k2nc-2490103652 ip:192.168.5.140
2019-08-27 10:36:23,817 [org.apache.hadoop.util.JvmPauseMonitor$Monitor@67996e55] INFO  util.JvmPauseMonitor (JvmPauseMonitor.java:run(188)) - Starting JVM pause monitor
2019-08-27 10:36:23,818 [Datanode State Machine Thread - 0] INFO  datanode.InitDatanodeState (InitDatanodeState.java:persistContainerDatanodeDetails(140)) - DatanodeDetails is persisted to /workdir/hadoop-ozone/integration-test/target/test-dir/MiniOzoneClusterImpl-18caebed-eb19-4fa4-8af2-b6a2e1f418d7/datanode-2/meta/datanode.id
2019-08-27 10:36:23,827 [main] INFO  volume.HddsVolume (HddsVolume.java:<init>(176)) - Creating Volume: /workdir/hadoop-ozone/integration-test/target/test-dir/MiniOzoneClusterImpl-18caebed-eb19-4fa4-8af2-b6a2e1f418d7/datanode-3/data/containers/hdds of  storage type : DISK and capacity : 1482555576320
2019-08-27 10:36:23,828 [main] INFO  volume.VolumeSet (VolumeSet.java:initializeVolumeSet(170)) - Added Volume : /workdir/hadoop-ozone/integration-test/target/test-dir/MiniOzoneClusterImpl-18caebed-eb19-4fa4-8af2-b6a2e1f418d7/datanode-3/data/containers/hdds to VolumeSet
2019-08-27 10:36:23,828 [main] INFO  volume.ThrottledAsyncChecker (ThrottledAsyncChecker.java:schedule(140)) - Scheduling a check for org.apache.hadoop.ozone.container.common.volume.HddsVolume@2e8417ea
2019-08-27 10:36:23,829 [main] INFO  volume.HddsVolumeChecker (HddsVolumeChecker.java:checkAllVolumes(203)) - Scheduled health check for volume org.apache.hadoop.ozone.container.common.volume.HddsVolume@2e8417ea
2019-08-27 10:36:23,848 [main] INFO  impl.RaftServerProxy (ConfUtils.java:logGet(43)) - raft.rpc.type = GRPC (default)
2019-08-27 10:36:23,848 [main] INFO  grpc.GrpcFactory (GrpcFactory.java:checkPooledByteBufAllocatorUseCacheForAllThreads(45)) - PERFORMANCE WARNING: useCacheForAllThreads is true that may cause Netty to create a lot garbage objects and, as a result, trigger GC.
	It is recommended to disable useCacheForAllThreads by setting -Dorg.apache.ratis.thirdparty.io.netty.allocator.useCacheForAllThreads=false in command line.
2019-08-27 10:36:23,849 [main] INFO  grpc.GrpcConfigKeys$Server (ConfUtils.java:logGet(43)) - raft.grpc.server.port = 0 (default)
2019-08-27 10:36:23,849 [main] INFO  server.GrpcService (ConfUtils.java:logGet(43)) - raft.grpc.message.size.max = 33570816 (custom)
2019-08-27 10:36:23,849 [main] INFO  server.RaftServerConfigKeys (ConfUtils.java:logGet(43)) - raft.server.log.appender.buffer.byte-limit = 33554432 (custom)
2019-08-27 10:36:23,849 [main] INFO  server.GrpcService (ConfUtils.java:logGet(43)) - raft.grpc.flow.control.window = 1MB (=1048576) (default)
2019-08-27 10:36:23,850 [main] INFO  server.RaftServerConfigKeys (ConfUtils.java:logGet(43)) - raft.server.rpc.request.timeout = 3000ms (default)
2019-08-27 10:36:23,850 [main] INFO  server.RaftServerConfigKeys (ConfUtils.java:logGet(43)) - raft.server.storage.dir = [/workdir/hadoop-ozone/integration-test/target/test-dir/MiniOzoneClusterImpl-18caebed-eb19-4fa4-8af2-b6a2e1f418d7/datanode-3/data/ratis] (custom)
2019-08-27 10:36:23,851 [main] INFO  replication.SimpleContainerDownloader (SimpleContainerDownloader.java:<init>(72)) - Starting container downloader service to copy containers to replicate.
2019-08-27 10:36:23,852 [main] INFO  hdfs.DFSUtil (DFSUtil.java:httpServerTemplateForNNAndJN(1641)) - Starting Web-server for hddsDatanode at: http://0.0.0.0:0
2019-08-27 10:36:23,853 [main] INFO  server.AuthenticationFilter (AuthenticationFilter.java:constructSecretProvider(240)) - Unable to initialize FileSignerSecretProvider, falling back to use random secrets.
2019-08-27 10:36:23,853 [main] WARN  http.HttpRequestLog (HttpRequestLog.java:getRequestLog(97)) - Jetty request log can only be enabled using Log4j
2019-08-27 10:36:23,855 [main] INFO  http.HttpServer2 (HttpServer2.java:addGlobalFilter(975)) - Added global filter 'safety' (class=org.apache.hadoop.http.HttpServer2$QuotingInputFilter)
2019-08-27 10:36:23,855 [main] INFO  http.HttpServer2 (HttpServer2.java:addFilter(948)) - Added filter static_user_filter (class=org.apache.hadoop.http.lib.StaticUserWebFilter$StaticUserFilter) to context hddsDatanode
2019-08-27 10:36:23,855 [main] INFO  http.HttpServer2 (HttpServer2.java:addFilter(958)) - Added filter static_user_filter (class=org.apache.hadoop.http.lib.StaticUserWebFilter$StaticUserFilter) to context logs
2019-08-27 10:36:23,855 [main] INFO  http.HttpServer2 (HttpServer2.java:addFilter(958)) - Added filter static_user_filter (class=org.apache.hadoop.http.lib.StaticUserWebFilter$StaticUserFilter) to context static
2019-08-27 10:36:23,856 [main] INFO  http.HttpServer2 (HttpServer2.java:bindListener(1191)) - Jetty bound to port 42474
2019-08-27 10:36:23,856 [main] INFO  server.Server (Server.java:doStart(351)) - jetty-9.3.24.v20180605, build timestamp: 2018-06-05T17:11:56Z, git hash: 84205aa28f11a4f31f2a3b86d1bba2cc8ab69827
2019-08-27 10:36:23,858 [main] INFO  handler.ContextHandler (ContextHandler.java:doStart(781)) - Started o.e.j.s.ServletContextHandler@70eced1f{/logs,file:///workdir/hadoop-ozone/integration-test/target/log,AVAILABLE}
2019-08-27 10:36:23,858 [main] INFO  handler.ContextHandler (ContextHandler.java:doStart(781)) - Started o.e.j.s.ServletContextHandler@4ca83ec3{/static,jar:file:/home/user/.m2/repository/org/apache/hadoop/hadoop-hdds-container-service/0.5.0-SNAPSHOT/hadoop-hdds-container-service-0.5.0-SNAPSHOT.jar!/webapps/static,AVAILABLE}
2019-08-27 10:36:23,885 [main] INFO  handler.ContextHandler (ContextHandler.java:doStart(781)) - Started o.e.j.w.WebAppContext@33e80a27{/,file:///tmp/jetty-0.0.0.0-42474-hddsDatanode-_-any-5592524217066151477.dir/webapp/,AVAILABLE}{/hddsDatanode}
2019-08-27 10:36:23,885 [main] INFO  server.AbstractConnector (AbstractConnector.java:doStart(278)) - Started ServerConnector@7649d350{HTTP/1.1,[http/1.1]}{0.0.0.0:42474}
2019-08-27 10:36:23,885 [main] INFO  server.Server (Server.java:doStart(419)) - Started @532951ms
2019-08-27 10:36:23,887 [main] INFO  server.BaseHttpServer (BaseHttpServer.java:updateConnectorAddress(213)) - HTTP server of HDDSDATANODE is listening at http://0.0.0.0:42474
2019-08-27 10:36:24,272 | INFO  | ObjectStoreRestHttpServer | Listening HDDS REST traffic on /0.0.0.0:45604 |  
2019-08-27 10:36:24,274 [main] INFO  ozone.HddsDatanodeService (HddsDatanodeService.java:startPlugins(395)) - Started plug-in org.apache.hadoop.ozone.web.OzoneHddsDatanodeService@4005e63a
2019-08-27 10:36:24,276 [main] INFO  impl.MetricsSystemImpl (MetricsSystemImpl.java:init(158)) - HddsDatanode metrics system started (again)
2019-08-27 10:36:24,280 [org.apache.hadoop.util.JvmPauseMonitor$Monitor@7259a520] INFO  util.JvmPauseMonitor (JvmPauseMonitor.java:run(188)) - Starting JVM pause monitor
2019-08-27 10:36:24,281 [main] INFO  ozone.HddsDatanodeService (HddsDatanodeService.java:start(184)) - HddsDatanodeService host:pr-hdds-1982-decom-states-5k2nc-2490103652 ip:192.168.5.140
2019-08-27 10:36:24,281 [Datanode State Machine Thread - 0] INFO  datanode.InitDatanodeState (InitDatanodeState.java:persistContainerDatanodeDetails(140)) - DatanodeDetails is persisted to /workdir/hadoop-ozone/integration-test/target/test-dir/MiniOzoneClusterImpl-18caebed-eb19-4fa4-8af2-b6a2e1f418d7/datanode-3/meta/datanode.id
2019-08-27 10:36:24,289 [main] INFO  volume.HddsVolume (HddsVolume.java:<init>(176)) - Creating Volume: /workdir/hadoop-ozone/integration-test/target/test-dir/MiniOzoneClusterImpl-18caebed-eb19-4fa4-8af2-b6a2e1f418d7/datanode-4/data/containers/hdds of  storage type : DISK and capacity : 1482555576320
2019-08-27 10:36:24,290 [main] INFO  volume.VolumeSet (VolumeSet.java:initializeVolumeSet(170)) - Added Volume : /workdir/hadoop-ozone/integration-test/target/test-dir/MiniOzoneClusterImpl-18caebed-eb19-4fa4-8af2-b6a2e1f418d7/datanode-4/data/containers/hdds to VolumeSet
2019-08-27 10:36:24,290 [main] INFO  volume.ThrottledAsyncChecker (ThrottledAsyncChecker.java:schedule(140)) - Scheduling a check for org.apache.hadoop.ozone.container.common.volume.HddsVolume@4ee9daf5
2019-08-27 10:36:24,291 [main] INFO  volume.HddsVolumeChecker (HddsVolumeChecker.java:checkAllVolumes(203)) - Scheduled health check for volume org.apache.hadoop.ozone.container.common.volume.HddsVolume@4ee9daf5
2019-08-27 10:36:24,308 [main] INFO  impl.RaftServerProxy (ConfUtils.java:logGet(43)) - raft.rpc.type = GRPC (default)
2019-08-27 10:36:24,308 [main] INFO  grpc.GrpcFactory (GrpcFactory.java:checkPooledByteBufAllocatorUseCacheForAllThreads(45)) - PERFORMANCE WARNING: useCacheForAllThreads is true that may cause Netty to create a lot garbage objects and, as a result, trigger GC.
	It is recommended to disable useCacheForAllThreads by setting -Dorg.apache.ratis.thirdparty.io.netty.allocator.useCacheForAllThreads=false in command line.
2019-08-27 10:36:24,308 [main] INFO  grpc.GrpcConfigKeys$Server (ConfUtils.java:logGet(43)) - raft.grpc.server.port = 0 (default)
2019-08-27 10:36:24,309 [main] INFO  server.GrpcService (ConfUtils.java:logGet(43)) - raft.grpc.message.size.max = 33570816 (custom)
2019-08-27 10:36:24,309 [main] INFO  server.RaftServerConfigKeys (ConfUtils.java:logGet(43)) - raft.server.log.appender.buffer.byte-limit = 33554432 (custom)
2019-08-27 10:36:24,309 [main] INFO  server.GrpcService (ConfUtils.java:logGet(43)) - raft.grpc.flow.control.window = 1MB (=1048576) (default)
2019-08-27 10:36:24,309 [main] INFO  server.RaftServerConfigKeys (ConfUtils.java:logGet(43)) - raft.server.rpc.request.timeout = 3000ms (default)
2019-08-27 10:36:24,309 [main] INFO  server.RaftServerConfigKeys (ConfUtils.java:logGet(43)) - raft.server.storage.dir = [/workdir/hadoop-ozone/integration-test/target/test-dir/MiniOzoneClusterImpl-18caebed-eb19-4fa4-8af2-b6a2e1f418d7/datanode-4/data/ratis] (custom)
2019-08-27 10:36:24,310 [main] INFO  replication.SimpleContainerDownloader (SimpleContainerDownloader.java:<init>(72)) - Starting container downloader service to copy containers to replicate.
2019-08-27 10:36:24,311 [main] INFO  hdfs.DFSUtil (DFSUtil.java:httpServerTemplateForNNAndJN(1641)) - Starting Web-server for hddsDatanode at: http://0.0.0.0:0
2019-08-27 10:36:24,312 [main] INFO  server.AuthenticationFilter (AuthenticationFilter.java:constructSecretProvider(240)) - Unable to initialize FileSignerSecretProvider, falling back to use random secrets.
2019-08-27 10:36:24,312 [main] WARN  http.HttpRequestLog (HttpRequestLog.java:getRequestLog(97)) - Jetty request log can only be enabled using Log4j
2019-08-27 10:36:24,313 [main] INFO  http.HttpServer2 (HttpServer2.java:addGlobalFilter(975)) - Added global filter 'safety' (class=org.apache.hadoop.http.HttpServer2$QuotingInputFilter)
2019-08-27 10:36:24,314 [main] INFO  http.HttpServer2 (HttpServer2.java:addFilter(948)) - Added filter static_user_filter (class=org.apache.hadoop.http.lib.StaticUserWebFilter$StaticUserFilter) to context hddsDatanode
2019-08-27 10:36:24,314 [main] INFO  http.HttpServer2 (HttpServer2.java:addFilter(958)) - Added filter static_user_filter (class=org.apache.hadoop.http.lib.StaticUserWebFilter$StaticUserFilter) to context logs
2019-08-27 10:36:24,314 [main] INFO  http.HttpServer2 (HttpServer2.java:addFilter(958)) - Added filter static_user_filter (class=org.apache.hadoop.http.lib.StaticUserWebFilter$StaticUserFilter) to context static
2019-08-27 10:36:24,315 [main] INFO  http.HttpServer2 (HttpServer2.java:bindListener(1191)) - Jetty bound to port 43460
2019-08-27 10:36:24,315 [main] INFO  server.Server (Server.java:doStart(351)) - jetty-9.3.24.v20180605, build timestamp: 2018-06-05T17:11:56Z, git hash: 84205aa28f11a4f31f2a3b86d1bba2cc8ab69827
2019-08-27 10:36:24,316 [main] INFO  handler.ContextHandler (ContextHandler.java:doStart(781)) - Started o.e.j.s.ServletContextHandler@2100d881{/logs,file:///workdir/hadoop-ozone/integration-test/target/log,AVAILABLE}
2019-08-27 10:36:24,317 [main] INFO  handler.ContextHandler (ContextHandler.java:doStart(781)) - Started o.e.j.s.ServletContextHandler@59ac94ad{/static,jar:file:/home/user/.m2/repository/org/apache/hadoop/hadoop-hdds-container-service/0.5.0-SNAPSHOT/hadoop-hdds-container-service-0.5.0-SNAPSHOT.jar!/webapps/static,AVAILABLE}
2019-08-27 10:36:24,344 [main] INFO  handler.ContextHandler (ContextHandler.java:doStart(781)) - Started o.e.j.w.WebAppContext@2940eec0{/,file:///tmp/jetty-0.0.0.0-43460-hddsDatanode-_-any-9116820958739765752.dir/webapp/,AVAILABLE}{/hddsDatanode}
2019-08-27 10:36:24,344 [main] INFO  server.AbstractConnector (AbstractConnector.java:doStart(278)) - Started ServerConnector@57d6f569{HTTP/1.1,[http/1.1]}{0.0.0.0:43460}
2019-08-27 10:36:24,345 [main] INFO  server.Server (Server.java:doStart(419)) - Started @533411ms
2019-08-27 10:36:24,346 [main] INFO  server.BaseHttpServer (BaseHttpServer.java:updateConnectorAddress(213)) - HTTP server of HDDSDATANODE is listening at http://0.0.0.0:43460
2019-08-27 10:36:24,462 | INFO  | ObjectStoreRestHttpServer | Listening HDDS REST traffic on /0.0.0.0:35703 |  
2019-08-27 10:36:24,462 [main] INFO  ozone.HddsDatanodeService (HddsDatanodeService.java:startPlugins(395)) - Started plug-in org.apache.hadoop.ozone.web.OzoneHddsDatanodeService@670481b2
2019-08-27 10:36:24,463 [main] INFO  impl.MetricsSystemImpl (MetricsSystemImpl.java:init(158)) - HddsDatanode metrics system started (again)
2019-08-27 10:36:24,466 [org.apache.hadoop.util.JvmPauseMonitor$Monitor@774277db] INFO  util.JvmPauseMonitor (JvmPauseMonitor.java:run(188)) - Starting JVM pause monitor
2019-08-27 10:36:24,466 [main] INFO  ozone.HddsDatanodeService (HddsDatanodeService.java:start(184)) - HddsDatanodeService host:pr-hdds-1982-decom-states-5k2nc-2490103652 ip:192.168.5.140
2019-08-27 10:36:24,467 [Datanode State Machine Thread - 0] INFO  datanode.InitDatanodeState (InitDatanodeState.java:persistContainerDatanodeDetails(140)) - DatanodeDetails is persisted to /workdir/hadoop-ozone/integration-test/target/test-dir/MiniOzoneClusterImpl-18caebed-eb19-4fa4-8af2-b6a2e1f418d7/datanode-4/meta/datanode.id
2019-08-27 10:36:24,477 [main] INFO  volume.HddsVolume (HddsVolume.java:<init>(176)) - Creating Volume: /workdir/hadoop-ozone/integration-test/target/test-dir/MiniOzoneClusterImpl-18caebed-eb19-4fa4-8af2-b6a2e1f418d7/datanode-5/data/containers/hdds of  storage type : DISK and capacity : 1482555576320
2019-08-27 10:36:24,477 [main] INFO  volume.VolumeSet (VolumeSet.java:initializeVolumeSet(170)) - Added Volume : /workdir/hadoop-ozone/integration-test/target/test-dir/MiniOzoneClusterImpl-18caebed-eb19-4fa4-8af2-b6a2e1f418d7/datanode-5/data/containers/hdds to VolumeSet
2019-08-27 10:36:24,477 [main] INFO  volume.ThrottledAsyncChecker (ThrottledAsyncChecker.java:schedule(140)) - Scheduling a check for org.apache.hadoop.ozone.container.common.volume.HddsVolume@51f91d19
2019-08-27 10:36:24,478 [main] INFO  volume.HddsVolumeChecker (HddsVolumeChecker.java:checkAllVolumes(203)) - Scheduled health check for volume org.apache.hadoop.ozone.container.common.volume.HddsVolume@51f91d19
2019-08-27 10:36:24,492 [main] INFO  impl.RaftServerProxy (ConfUtils.java:logGet(43)) - raft.rpc.type = GRPC (default)
2019-08-27 10:36:24,492 [main] INFO  grpc.GrpcFactory (GrpcFactory.java:checkPooledByteBufAllocatorUseCacheForAllThreads(45)) - PERFORMANCE WARNING: useCacheForAllThreads is true that may cause Netty to create a lot garbage objects and, as a result, trigger GC.
	It is recommended to disable useCacheForAllThreads by setting -Dorg.apache.ratis.thirdparty.io.netty.allocator.useCacheForAllThreads=false in command line.
2019-08-27 10:36:24,492 [main] INFO  grpc.GrpcConfigKeys$Server (ConfUtils.java:logGet(43)) - raft.grpc.server.port = 0 (default)
2019-08-27 10:36:24,492 [main] INFO  server.GrpcService (ConfUtils.java:logGet(43)) - raft.grpc.message.size.max = 33570816 (custom)
2019-08-27 10:36:24,492 [main] INFO  server.RaftServerConfigKeys (ConfUtils.java:logGet(43)) - raft.server.log.appender.buffer.byte-limit = 33554432 (custom)
2019-08-27 10:36:24,493 [main] INFO  server.GrpcService (ConfUtils.java:logGet(43)) - raft.grpc.flow.control.window = 1MB (=1048576) (default)
2019-08-27 10:36:24,493 [main] INFO  server.RaftServerConfigKeys (ConfUtils.java:logGet(43)) - raft.server.rpc.request.timeout = 3000ms (default)
2019-08-27 10:36:24,493 [main] INFO  server.RaftServerConfigKeys (ConfUtils.java:logGet(43)) - raft.server.storage.dir = [/workdir/hadoop-ozone/integration-test/target/test-dir/MiniOzoneClusterImpl-18caebed-eb19-4fa4-8af2-b6a2e1f418d7/datanode-5/data/ratis] (custom)
2019-08-27 10:36:24,494 [main] INFO  replication.SimpleContainerDownloader (SimpleContainerDownloader.java:<init>(72)) - Starting container downloader service to copy containers to replicate.
2019-08-27 10:36:24,495 [main] INFO  hdfs.DFSUtil (DFSUtil.java:httpServerTemplateForNNAndJN(1641)) - Starting Web-server for hddsDatanode at: http://0.0.0.0:0
2019-08-27 10:36:24,496 [main] INFO  server.AuthenticationFilter (AuthenticationFilter.java:constructSecretProvider(240)) - Unable to initialize FileSignerSecretProvider, falling back to use random secrets.
2019-08-27 10:36:24,496 [main] WARN  http.HttpRequestLog (HttpRequestLog.java:getRequestLog(97)) - Jetty request log can only be enabled using Log4j
2019-08-27 10:36:24,497 [main] INFO  http.HttpServer2 (HttpServer2.java:addGlobalFilter(975)) - Added global filter 'safety' (class=org.apache.hadoop.http.HttpServer2$QuotingInputFilter)
2019-08-27 10:36:24,498 [main] INFO  http.HttpServer2 (HttpServer2.java:addFilter(948)) - Added filter static_user_filter (class=org.apache.hadoop.http.lib.StaticUserWebFilter$StaticUserFilter) to context hddsDatanode
2019-08-27 10:36:24,498 [main] INFO  http.HttpServer2 (HttpServer2.java:addFilter(958)) - Added filter static_user_filter (class=org.apache.hadoop.http.lib.StaticUserWebFilter$StaticUserFilter) to context logs
2019-08-27 10:36:24,498 [main] INFO  http.HttpServer2 (HttpServer2.java:addFilter(958)) - Added filter static_user_filter (class=org.apache.hadoop.http.lib.StaticUserWebFilter$StaticUserFilter) to context static
2019-08-27 10:36:24,498 [main] INFO  http.HttpServer2 (HttpServer2.java:bindListener(1191)) - Jetty bound to port 37570
2019-08-27 10:36:24,498 [main] INFO  server.Server (Server.java:doStart(351)) - jetty-9.3.24.v20180605, build timestamp: 2018-06-05T17:11:56Z, git hash: 84205aa28f11a4f31f2a3b86d1bba2cc8ab69827
2019-08-27 10:36:24,500 [main] INFO  handler.ContextHandler (ContextHandler.java:doStart(781)) - Started o.e.j.s.ServletContextHandler@4ab1ff80{/logs,file:///workdir/hadoop-ozone/integration-test/target/log,AVAILABLE}
2019-08-27 10:36:24,500 [main] INFO  handler.ContextHandler (ContextHandler.java:doStart(781)) - Started o.e.j.s.ServletContextHandler@13c79e0d{/static,jar:file:/home/user/.m2/repository/org/apache/hadoop/hadoop-hdds-container-service/0.5.0-SNAPSHOT/hadoop-hdds-container-service-0.5.0-SNAPSHOT.jar!/webapps/static,AVAILABLE}
2019-08-27 10:36:24,527 [main] INFO  handler.ContextHandler (ContextHandler.java:doStart(781)) - Started o.e.j.w.WebAppContext@353ac1ef{/,file:///tmp/jetty-0.0.0.0-37570-hddsDatanode-_-any-816989962926745215.dir/webapp/,AVAILABLE}{/hddsDatanode}
2019-08-27 10:36:24,527 [main] INFO  server.AbstractConnector (AbstractConnector.java:doStart(278)) - Started ServerConnector@72c8de78{HTTP/1.1,[http/1.1]}{0.0.0.0:37570}
2019-08-27 10:36:24,527 [main] INFO  server.Server (Server.java:doStart(419)) - Started @533592ms
2019-08-27 10:36:24,529 [main] INFO  server.BaseHttpServer (BaseHttpServer.java:updateConnectorAddress(213)) - HTTP server of HDDSDATANODE is listening at http://0.0.0.0:37570
2019-08-27 10:36:24,638 | INFO  | ObjectStoreRestHttpServer | Listening HDDS REST traffic on /0.0.0.0:44457 |  
2019-08-27 10:36:24,638 [main] INFO  ozone.HddsDatanodeService (HddsDatanodeService.java:startPlugins(395)) - Started plug-in org.apache.hadoop.ozone.web.OzoneHddsDatanodeService@40fd9358
2019-08-27 10:36:24,639 [main] INFO  impl.MetricsSystemImpl (MetricsSystemImpl.java:init(158)) - HddsDatanode metrics system started (again)
2019-08-27 10:36:24,642 [main] INFO  ozone.HddsDatanodeService (HddsDatanodeService.java:start(184)) - HddsDatanodeService host:pr-hdds-1982-decom-states-5k2nc-2490103652 ip:192.168.5.140
2019-08-27 10:36:24,642 [org.apache.hadoop.util.JvmPauseMonitor$Monitor@3b700d90] INFO  util.JvmPauseMonitor (JvmPauseMonitor.java:run(188)) - Starting JVM pause monitor
2019-08-27 10:36:24,644 [Datanode State Machine Thread - 0] INFO  datanode.InitDatanodeState (InitDatanodeState.java:persistContainerDatanodeDetails(140)) - DatanodeDetails is persisted to /workdir/hadoop-ozone/integration-test/target/test-dir/MiniOzoneClusterImpl-18caebed-eb19-4fa4-8af2-b6a2e1f418d7/datanode-5/meta/datanode.id
2019-08-27 10:36:24,654 [main] INFO  volume.HddsVolume (HddsVolume.java:<init>(176)) - Creating Volume: /workdir/hadoop-ozone/integration-test/target/test-dir/MiniOzoneClusterImpl-18caebed-eb19-4fa4-8af2-b6a2e1f418d7/datanode-6/data/containers/hdds of  storage type : DISK and capacity : 1482555576320
2019-08-27 10:36:24,654 [main] INFO  volume.VolumeSet (VolumeSet.java:initializeVolumeSet(170)) - Added Volume : /workdir/hadoop-ozone/integration-test/target/test-dir/MiniOzoneClusterImpl-18caebed-eb19-4fa4-8af2-b6a2e1f418d7/datanode-6/data/containers/hdds to VolumeSet
2019-08-27 10:36:24,654 [main] INFO  volume.ThrottledAsyncChecker (ThrottledAsyncChecker.java:schedule(140)) - Scheduling a check for org.apache.hadoop.ozone.container.common.volume.HddsVolume@1c5c0d2a
2019-08-27 10:36:24,655 [main] INFO  volume.HddsVolumeChecker (HddsVolumeChecker.java:checkAllVolumes(203)) - Scheduled health check for volume org.apache.hadoop.ozone.container.common.volume.HddsVolume@1c5c0d2a
2019-08-27 10:36:24,673 [main] INFO  impl.RaftServerProxy (ConfUtils.java:logGet(43)) - raft.rpc.type = GRPC (default)
2019-08-27 10:36:24,673 [main] INFO  grpc.GrpcFactory (GrpcFactory.java:checkPooledByteBufAllocatorUseCacheForAllThreads(45)) - PERFORMANCE WARNING: useCacheForAllThreads is true that may cause Netty to create a lot garbage objects and, as a result, trigger GC.
	It is recommended to disable useCacheForAllThreads by setting -Dorg.apache.ratis.thirdparty.io.netty.allocator.useCacheForAllThreads=false in command line.
2019-08-27 10:36:24,673 [main] INFO  grpc.GrpcConfigKeys$Server (ConfUtils.java:logGet(43)) - raft.grpc.server.port = 0 (default)
2019-08-27 10:36:24,673 [main] INFO  server.GrpcService (ConfUtils.java:logGet(43)) - raft.grpc.message.size.max = 33570816 (custom)
2019-08-27 10:36:24,673 [main] INFO  server.RaftServerConfigKeys (ConfUtils.java:logGet(43)) - raft.server.log.appender.buffer.byte-limit = 33554432 (custom)
2019-08-27 10:36:24,674 [main] INFO  server.GrpcService (ConfUtils.java:logGet(43)) - raft.grpc.flow.control.window = 1MB (=1048576) (default)
2019-08-27 10:36:24,674 [main] INFO  server.RaftServerConfigKeys (ConfUtils.java:logGet(43)) - raft.server.rpc.request.timeout = 3000ms (default)
2019-08-27 10:36:24,674 [main] INFO  server.RaftServerConfigKeys (ConfUtils.java:logGet(43)) - raft.server.storage.dir = [/workdir/hadoop-ozone/integration-test/target/test-dir/MiniOzoneClusterImpl-18caebed-eb19-4fa4-8af2-b6a2e1f418d7/datanode-6/data/ratis] (custom)
2019-08-27 10:36:24,675 [main] INFO  replication.SimpleContainerDownloader (SimpleContainerDownloader.java:<init>(72)) - Starting container downloader service to copy containers to replicate.
2019-08-27 10:36:24,676 [main] INFO  hdfs.DFSUtil (DFSUtil.java:httpServerTemplateForNNAndJN(1641)) - Starting Web-server for hddsDatanode at: http://0.0.0.0:0
2019-08-27 10:36:24,677 [main] INFO  server.AuthenticationFilter (AuthenticationFilter.java:constructSecretProvider(240)) - Unable to initialize FileSignerSecretProvider, falling back to use random secrets.
2019-08-27 10:36:24,677 [main] WARN  http.HttpRequestLog (HttpRequestLog.java:getRequestLog(97)) - Jetty request log can only be enabled using Log4j
2019-08-27 10:36:24,678 [main] INFO  http.HttpServer2 (HttpServer2.java:addGlobalFilter(975)) - Added global filter 'safety' (class=org.apache.hadoop.http.HttpServer2$QuotingInputFilter)
2019-08-27 10:36:24,679 [main] INFO  http.HttpServer2 (HttpServer2.java:addFilter(948)) - Added filter static_user_filter (class=org.apache.hadoop.http.lib.StaticUserWebFilter$StaticUserFilter) to context hddsDatanode
2019-08-27 10:36:24,679 [main] INFO  http.HttpServer2 (HttpServer2.java:addFilter(958)) - Added filter static_user_filter (class=org.apache.hadoop.http.lib.StaticUserWebFilter$StaticUserFilter) to context logs
2019-08-27 10:36:24,679 [main] INFO  http.HttpServer2 (HttpServer2.java:addFilter(958)) - Added filter static_user_filter (class=org.apache.hadoop.http.lib.StaticUserWebFilter$StaticUserFilter) to context static
2019-08-27 10:36:24,680 [main] INFO  http.HttpServer2 (HttpServer2.java:bindListener(1191)) - Jetty bound to port 40324
2019-08-27 10:36:24,680 [main] INFO  server.Server (Server.java:doStart(351)) - jetty-9.3.24.v20180605, build timestamp: 2018-06-05T17:11:56Z, git hash: 84205aa28f11a4f31f2a3b86d1bba2cc8ab69827
2019-08-27 10:36:24,681 [main] INFO  handler.ContextHandler (ContextHandler.java:doStart(781)) - Started o.e.j.s.ServletContextHandler@5d5b07e9{/logs,file:///workdir/hadoop-ozone/integration-test/target/log,AVAILABLE}
2019-08-27 10:36:24,682 [main] INFO  handler.ContextHandler (ContextHandler.java:doStart(781)) - Started o.e.j.s.ServletContextHandler@78ba0a57{/static,jar:file:/home/user/.m2/repository/org/apache/hadoop/hadoop-hdds-container-service/0.5.0-SNAPSHOT/hadoop-hdds-container-service-0.5.0-SNAPSHOT.jar!/webapps/static,AVAILABLE}
2019-08-27 10:36:24,708 [main] INFO  handler.ContextHandler (ContextHandler.java:doStart(781)) - Started o.e.j.w.WebAppContext@2380e8d4{/,file:///tmp/jetty-0.0.0.0-40324-hddsDatanode-_-any-4826239278294667555.dir/webapp/,AVAILABLE}{/hddsDatanode}
2019-08-27 10:36:24,709 [main] INFO  server.AbstractConnector (AbstractConnector.java:doStart(278)) - Started ServerConnector@53b5356{HTTP/1.1,[http/1.1]}{0.0.0.0:40324}
2019-08-27 10:36:24,709 [main] INFO  server.Server (Server.java:doStart(419)) - Started @533774ms
2019-08-27 10:36:24,714 [main] INFO  server.BaseHttpServer (BaseHttpServer.java:updateConnectorAddress(213)) - HTTP server of HDDSDATANODE is listening at http://0.0.0.0:40324
2019-08-27 10:36:24,825 | INFO  | ObjectStoreRestHttpServer | Listening HDDS REST traffic on /0.0.0.0:39554 |  
2019-08-27 10:36:24,825 [main] INFO  ozone.HddsDatanodeService (HddsDatanodeService.java:startPlugins(395)) - Started plug-in org.apache.hadoop.ozone.web.OzoneHddsDatanodeService@3dab9366
2019-08-27 10:36:24,826 [main] INFO  ozone.MiniOzoneClusterImpl (MiniOzoneClusterImpl.java:lambda$waitForClusterToBeReady$0(142)) - Waiting for cluster to be ready. Got 0 of 7 DN Heartbeats.
2019-08-27 10:36:24,827 [org.apache.hadoop.util.JvmPauseMonitor$Monitor@715dbb9d] INFO  util.JvmPauseMonitor (JvmPauseMonitor.java:run(188)) - Starting JVM pause monitor
2019-08-27 10:36:24,828 [Datanode State Machine Thread - 0] INFO  datanode.InitDatanodeState (InitDatanodeState.java:persistContainerDatanodeDetails(140)) - DatanodeDetails is persisted to /workdir/hadoop-ozone/integration-test/target/test-dir/MiniOzoneClusterImpl-18caebed-eb19-4fa4-8af2-b6a2e1f418d7/datanode-6/meta/datanode.id
2019-08-27 10:36:25,460 | INFO  | SCMAudit | user=jenkins1000 | ip=192.168.5.140 | op=GET_VERSION null | ret=SUCCESS |  
2019-08-27 10:36:25,477 [Datanode State Machine Thread - 0] INFO  ozoneimpl.OzoneContainer (OzoneContainer.java:start(186)) - Attempting to start container services.
2019-08-27 10:36:25,477 [Datanode State Machine Thread - 0] INFO  ozoneimpl.OzoneContainer (OzoneContainer.java:startContainerScrub(160)) - Background container scrubber has been disabled by hdds.containerscrub.enabled
2019-08-27 10:36:25,477 [Datanode State Machine Thread - 0] INFO  ratis.XceiverServerRatis (XceiverServerRatis.java:start(404)) - Starting XceiverServerRatis dd62e4ed-a2db-47f7-bf58-78724b5860e3 at port 0
2019-08-27 10:36:25,484 [Datanode State Machine Thread - 0] INFO  impl.RaftServerProxy (RaftServerProxy.java:lambda$start$3(299)) - dd62e4ed-a2db-47f7-bf58-78724b5860e3: start RPC server
2019-08-27 10:36:25,485 [Datanode State Machine Thread - 0] INFO  server.GrpcService (GrpcService.java:startImpl(149)) - dd62e4ed-a2db-47f7-bf58-78724b5860e3: GrpcService started, listening on 0.0.0.0/0.0.0.0:37268
2019-08-27 10:36:25,485 [Datanode State Machine Thread - 0] INFO  ratis.XceiverServerRatis (XceiverServerRatis.java:start(414)) - XceiverServerRatis dd62e4ed-a2db-47f7-bf58-78724b5860e3 is started using port 37268
2019-08-27 10:36:25,486 [Datanode State Machine Thread - 0] INFO  server.XceiverServerGrpc (XceiverServerGrpc.java:start(161)) - XceiverServerGrpc dd62e4ed-a2db-47f7-bf58-78724b5860e3 is started using port 44554
2019-08-27 10:36:25,638 | INFO  | SCMAudit | user=jenkins1000 | ip=192.168.5.140 | op=GET_VERSION null | ret=SUCCESS |  
2019-08-27 10:36:25,654 [Datanode State Machine Thread - 0] INFO  ozoneimpl.OzoneContainer (OzoneContainer.java:start(186)) - Attempting to start container services.
2019-08-27 10:36:25,654 [Datanode State Machine Thread - 0] INFO  ozoneimpl.OzoneContainer (OzoneContainer.java:startContainerScrub(160)) - Background container scrubber has been disabled by hdds.containerscrub.enabled
2019-08-27 10:36:25,654 [Datanode State Machine Thread - 0] INFO  ratis.XceiverServerRatis (XceiverServerRatis.java:start(404)) - Starting XceiverServerRatis 459ba28e-6ffc-4a7d-9952-63e257c951d7 at port 0
2019-08-27 10:36:25,660 [Datanode State Machine Thread - 0] INFO  impl.RaftServerProxy (RaftServerProxy.java:lambda$start$3(299)) - 459ba28e-6ffc-4a7d-9952-63e257c951d7: start RPC server
2019-08-27 10:36:25,661 [Datanode State Machine Thread - 0] INFO  server.GrpcService (GrpcService.java:startImpl(149)) - 459ba28e-6ffc-4a7d-9952-63e257c951d7: GrpcService started, listening on 0.0.0.0/0.0.0.0:33996
2019-08-27 10:36:25,661 [Datanode State Machine Thread - 0] INFO  ratis.XceiverServerRatis (XceiverServerRatis.java:start(414)) - XceiverServerRatis 459ba28e-6ffc-4a7d-9952-63e257c951d7 is started using port 33996
2019-08-27 10:36:25,662 [Datanode State Machine Thread - 0] INFO  server.XceiverServerGrpc (XceiverServerGrpc.java:start(161)) - XceiverServerGrpc 459ba28e-6ffc-4a7d-9952-63e257c951d7 is started using port 42177
2019-08-27 10:36:25,818 | INFO  | SCMAudit | user=jenkins1000 | ip=192.168.5.140 | op=GET_VERSION null | ret=SUCCESS |  
2019-08-27 10:36:25,826 [main] INFO  ozone.MiniOzoneClusterImpl (MiniOzoneClusterImpl.java:lambda$waitForClusterToBeReady$0(142)) - Waiting for cluster to be ready. Got 0 of 7 DN Heartbeats.
2019-08-27 10:36:25,832 [Datanode State Machine Thread - 0] INFO  ozoneimpl.OzoneContainer (OzoneContainer.java:start(186)) - Attempting to start container services.
2019-08-27 10:36:25,832 [Datanode State Machine Thread - 0] INFO  ozoneimpl.OzoneContainer (OzoneContainer.java:startContainerScrub(160)) - Background container scrubber has been disabled by hdds.containerscrub.enabled
2019-08-27 10:36:25,832 [Datanode State Machine Thread - 0] INFO  ratis.XceiverServerRatis (XceiverServerRatis.java:start(404)) - Starting XceiverServerRatis d2464cba-1081-4409-a774-8eb5f579e4eb at port 0
2019-08-27 10:36:25,838 [Datanode State Machine Thread - 0] INFO  impl.RaftServerProxy (RaftServerProxy.java:lambda$start$3(299)) - d2464cba-1081-4409-a774-8eb5f579e4eb: start RPC server
2019-08-27 10:36:25,838 [Datanode State Machine Thread - 0] INFO  server.GrpcService (GrpcService.java:startImpl(149)) - d2464cba-1081-4409-a774-8eb5f579e4eb: GrpcService started, listening on 0.0.0.0/0.0.0.0:40709
2019-08-27 10:36:25,839 [Datanode State Machine Thread - 0] INFO  ratis.XceiverServerRatis (XceiverServerRatis.java:start(414)) - XceiverServerRatis d2464cba-1081-4409-a774-8eb5f579e4eb is started using port 40709
2019-08-27 10:36:25,839 [Datanode State Machine Thread - 0] INFO  server.XceiverServerGrpc (XceiverServerGrpc.java:start(161)) - XceiverServerGrpc d2464cba-1081-4409-a774-8eb5f579e4eb is started using port 41060
2019-08-27 10:36:26,280 | INFO  | SCMAudit | user=jenkins1000 | ip=192.168.5.140 | op=GET_VERSION null | ret=SUCCESS |  
2019-08-27 10:36:26,295 [Datanode State Machine Thread - 0] INFO  ozoneimpl.OzoneContainer (OzoneContainer.java:start(186)) - Attempting to start container services.
2019-08-27 10:36:26,295 [Datanode State Machine Thread - 0] INFO  ozoneimpl.OzoneContainer (OzoneContainer.java:startContainerScrub(160)) - Background container scrubber has been disabled by hdds.containerscrub.enabled
2019-08-27 10:36:26,295 [Datanode State Machine Thread - 0] INFO  ratis.XceiverServerRatis (XceiverServerRatis.java:start(404)) - Starting XceiverServerRatis 4bb5b58a-22ee-4995-9249-f3ef27533d15 at port 0
2019-08-27 10:36:26,308 [Datanode State Machine Thread - 0] INFO  impl.RaftServerProxy (RaftServerProxy.java:lambda$start$3(299)) - 4bb5b58a-22ee-4995-9249-f3ef27533d15: start RPC server
2019-08-27 10:36:26,309 [Datanode State Machine Thread - 0] INFO  server.GrpcService (GrpcService.java:startImpl(149)) - 4bb5b58a-22ee-4995-9249-f3ef27533d15: GrpcService started, listening on 0.0.0.0/0.0.0.0:32832
2019-08-27 10:36:26,309 [Datanode State Machine Thread - 0] INFO  ratis.XceiverServerRatis (XceiverServerRatis.java:start(414)) - XceiverServerRatis 4bb5b58a-22ee-4995-9249-f3ef27533d15 is started using port 32832
2019-08-27 10:36:26,309 [Datanode State Machine Thread - 0] INFO  server.XceiverServerGrpc (XceiverServerGrpc.java:start(161)) - XceiverServerGrpc 4bb5b58a-22ee-4995-9249-f3ef27533d15 is started using port 34779
2019-08-27 10:36:26,466 | INFO  | SCMAudit | user=jenkins1000 | ip=192.168.5.140 | op=GET_VERSION null | ret=SUCCESS |  
2019-08-27 10:36:26,480 [Datanode State Machine Thread - 0] INFO  ozoneimpl.OzoneContainer (OzoneContainer.java:start(186)) - Attempting to start container services.
2019-08-27 10:36:26,480 [Datanode State Machine Thread - 0] INFO  ozoneimpl.OzoneContainer (OzoneContainer.java:startContainerScrub(160)) - Background container scrubber has been disabled by hdds.containerscrub.enabled
2019-08-27 10:36:26,480 [Datanode State Machine Thread - 0] INFO  ratis.XceiverServerRatis (XceiverServerRatis.java:start(404)) - Starting XceiverServerRatis dfd95c04-3001-4f3e-bdbe-a78070f2513e at port 0
2019-08-27 10:36:26,486 [Datanode State Machine Thread - 0] INFO  impl.RaftServerProxy (RaftServerProxy.java:lambda$start$3(299)) - dfd95c04-3001-4f3e-bdbe-a78070f2513e: start RPC server
2019-08-27 10:36:26,487 [Datanode State Machine Thread - 0] INFO  server.GrpcService (GrpcService.java:startImpl(149)) - dfd95c04-3001-4f3e-bdbe-a78070f2513e: GrpcService started, listening on 0.0.0.0/0.0.0.0:41050
2019-08-27 10:36:26,487 [Datanode State Machine Thread - 0] INFO  ratis.XceiverServerRatis (XceiverServerRatis.java:start(414)) - XceiverServerRatis dfd95c04-3001-4f3e-bdbe-a78070f2513e is started using port 41050
2019-08-27 10:36:26,487 [Datanode State Machine Thread - 0] INFO  server.XceiverServerGrpc (XceiverServerGrpc.java:start(161)) - XceiverServerGrpc dfd95c04-3001-4f3e-bdbe-a78070f2513e is started using port 37197
2019-08-27 10:36:26,643 | INFO  | SCMAudit | user=jenkins1000 | ip=192.168.5.140 | op=GET_VERSION null | ret=SUCCESS |  
2019-08-27 10:36:26,657 [Datanode State Machine Thread - 0] INFO  ozoneimpl.OzoneContainer (OzoneContainer.java:start(186)) - Attempting to start container services.
2019-08-27 10:36:26,657 [Datanode State Machine Thread - 0] INFO  ozoneimpl.OzoneContainer (OzoneContainer.java:startContainerScrub(160)) - Background container scrubber has been disabled by hdds.containerscrub.enabled
2019-08-27 10:36:26,657 [Datanode State Machine Thread - 0] INFO  ratis.XceiverServerRatis (XceiverServerRatis.java:start(404)) - Starting XceiverServerRatis f7569169-9807-4426-a770-13a930b2e221 at port 0
2019-08-27 10:36:26,663 [Datanode State Machine Thread - 0] INFO  impl.RaftServerProxy (RaftServerProxy.java:lambda$start$3(299)) - f7569169-9807-4426-a770-13a930b2e221: start RPC server
2019-08-27 10:36:26,667 [Datanode State Machine Thread - 0] INFO  server.GrpcService (GrpcService.java:startImpl(149)) - f7569169-9807-4426-a770-13a930b2e221: GrpcService started, listening on 0.0.0.0/0.0.0.0:39064
2019-08-27 10:36:26,667 [Datanode State Machine Thread - 0] INFO  ratis.XceiverServerRatis (XceiverServerRatis.java:start(414)) - XceiverServerRatis f7569169-9807-4426-a770-13a930b2e221 is started using port 39064
2019-08-27 10:36:26,669 [Datanode State Machine Thread - 0] INFO  server.XceiverServerGrpc (XceiverServerGrpc.java:start(161)) - XceiverServerGrpc f7569169-9807-4426-a770-13a930b2e221 is started using port 39052
2019-08-27 10:36:26,826 [main] INFO  ozone.MiniOzoneClusterImpl (MiniOzoneClusterImpl.java:lambda$waitForClusterToBeReady$0(142)) - Waiting for cluster to be ready. Got 0 of 7 DN Heartbeats.
2019-08-27 10:36:26,828 | INFO  | SCMAudit | user=jenkins1000 | ip=192.168.5.140 | op=GET_VERSION null | ret=SUCCESS |  
2019-08-27 10:36:26,842 [Datanode State Machine Thread - 0] INFO  ozoneimpl.OzoneContainer (OzoneContainer.java:start(186)) - Attempting to start container services.
2019-08-27 10:36:26,842 [Datanode State Machine Thread - 0] INFO  ozoneimpl.OzoneContainer (OzoneContainer.java:startContainerScrub(160)) - Background container scrubber has been disabled by hdds.containerscrub.enabled
2019-08-27 10:36:26,842 [Datanode State Machine Thread - 0] INFO  ratis.XceiverServerRatis (XceiverServerRatis.java:start(404)) - Starting XceiverServerRatis 0a1681f1-fa7f-4f0d-94b8-3ffba929404b at port 0
2019-08-27 10:36:26,849 [Datanode State Machine Thread - 0] INFO  impl.RaftServerProxy (RaftServerProxy.java:lambda$start$3(299)) - 0a1681f1-fa7f-4f0d-94b8-3ffba929404b: start RPC server
2019-08-27 10:36:26,850 [Datanode State Machine Thread - 0] INFO  server.GrpcService (GrpcService.java:startImpl(149)) - 0a1681f1-fa7f-4f0d-94b8-3ffba929404b: GrpcService started, listening on 0.0.0.0/0.0.0.0:44281
2019-08-27 10:36:26,850 [Datanode State Machine Thread - 0] INFO  ratis.XceiverServerRatis (XceiverServerRatis.java:start(414)) - XceiverServerRatis 0a1681f1-fa7f-4f0d-94b8-3ffba929404b is started using port 44281
2019-08-27 10:36:26,853 [Datanode State Machine Thread - 0] INFO  server.XceiverServerGrpc (XceiverServerGrpc.java:start(161)) - XceiverServerGrpc 0a1681f1-fa7f-4f0d-94b8-3ffba929404b is started using port 37394
2019-08-27 10:36:27,466 [IPC Server handler 2 on 35477] INFO  net.NetworkTopology (NetworkTopologyImpl.java:add(110)) - Added a new node: /default-rack/dd62e4ed-a2db-47f7-bf58-78724b5860e3
2019-08-27 10:36:27,469 [IPC Server handler 2 on 35477] INFO  node.SCMNodeManager (SCMNodeManager.java:register(273)) - Registered Data node : dd62e4ed-a2db-47f7-bf58-78724b5860e3{ip: 192.168.5.140, host: pr-hdds-1982-decom-states-5k2nc-2490103652, networkLocation: /default-rack, certSerialId: null}
2019-08-27 10:36:27,470 [EventQueue-NodeRegistrationContainerReportForDataNodeSafeModeRule] INFO  safemode.SCMSafeModeManager (DataNodeSafeModeRule.java:process(71)) - SCM in safe mode. 1 DataNodes registered, 1 required.
2019-08-27 10:36:27,471 | INFO  | SCMAudit | user=jenkins1000 | ip=192.168.5.140 | op=REGISTER {datanodeDetails=dd62e4ed-a2db-47f7-bf58-78724b5860e3{ip: 192.168.5.140, host: pr-hdds-1982-decom-states-5k2nc-2490103652, networkLocation: /default-rack, certSerialId: null}} | ret=SUCCESS |  
2019-08-27 10:36:27,473 [EventQueue-NodeRegistrationContainerReportForDataNodeSafeModeRule] INFO  safemode.SCMSafeModeManager (SCMSafeModeManager.java:validateSafeModeExitRules(177)) - ScmSafeModeManager, all rules are successfully validated
2019-08-27 10:36:27,473 [EventQueue-NodeRegistrationContainerReportForDataNodeSafeModeRule] INFO  safemode.SCMSafeModeManager (SCMSafeModeManager.java:exitSafeMode(193)) - SCM exiting safe mode.
2019-08-27 10:36:27,494 [grpc-default-executor-8] INFO  impl.RaftServerProxy (RaftServerProxy.java:addNew(89)) - dd62e4ed-a2db-47f7-bf58-78724b5860e3: addNew group-2F72F00B2453:[dd62e4ed-a2db-47f7-bf58-78724b5860e3:192.168.5.140:37268] returns group-2F72F00B2453:java.util.concurrent.CompletableFuture@8758d35[Not completed]
2019-08-27 10:36:27,496 [pool-439-thread-1] INFO  impl.RaftServerImpl (RaftServerImpl.java:<init>(93)) - dd62e4ed-a2db-47f7-bf58-78724b5860e3: new RaftServerImpl for group-2F72F00B2453:[dd62e4ed-a2db-47f7-bf58-78724b5860e3:192.168.5.140:37268] with ContainerStateMachine:uninitialized
2019-08-27 10:36:27,496 [pool-439-thread-1] INFO  server.RaftServerConfigKeys (ConfUtils.java:logGet(43)) - raft.server.rpc.timeout.min = 5s (custom)
2019-08-27 10:36:27,497 [pool-439-thread-1] INFO  server.RaftServerConfigKeys (ConfUtils.java:logGet(43)) - raft.server.rpc.timeout.max = 5200ms (custom)
2019-08-27 10:36:27,497 [pool-439-thread-1] INFO  server.RaftServerConfigKeys (ConfUtils.java:logGet(43)) - raft.server.rpcslowness.timeout = 120s (custom)
2019-08-27 10:36:27,497 [pool-439-thread-1] INFO  server.RaftServerConfigKeys (ConfUtils.java:logGet(43)) - raft.server.sleep.deviation.threshold = 300 (default)
2019-08-27 10:36:27,497 [pool-439-thread-1] INFO  server.RaftServerConfigKeys (ConfUtils.java:logGet(43)) - raft.server.log.appender.install.snapshot.enabled = false (custom)
2019-08-27 10:36:27,497 [pool-439-thread-1] INFO  impl.RaftServerImpl (ServerState.java:<init>(105)) - dd62e4ed-a2db-47f7-bf58-78724b5860e3:group-2F72F00B2453 ConfigurationManager, init=-1: [dd62e4ed-a2db-47f7-bf58-78724b5860e3:192.168.5.140:37268], old=null, confs=<EMPTY_MAP>
2019-08-27 10:36:27,497 [pool-439-thread-1] INFO  server.RaftServerConfigKeys (ConfUtils.java:logGet(43)) - raft.server.storage.dir = [/workdir/hadoop-ozone/integration-test/target/test-dir/MiniOzoneClusterImpl-18caebed-eb19-4fa4-8af2-b6a2e1f418d7/datanode-0/data/ratis] (custom)
2019-08-27 10:36:27,498 [pool-439-thread-1] INFO  storage.RaftStorageDirectory (RaftStorageDirectory.java:analyzeStorage(246)) - The storage directory /workdir/hadoop-ozone/integration-test/target/test-dir/MiniOzoneClusterImpl-18caebed-eb19-4fa4-8af2-b6a2e1f418d7/datanode-0/data/ratis/44d812cf-2b1b-40c3-a950-2f72f00b2453 does not exist. Creating ...
2019-08-27 10:36:27,512 [pool-439-thread-1] INFO  storage.RaftStorageDirectory (RaftStorageDirectory.java:tryLock(328)) - Lock on /workdir/hadoop-ozone/integration-test/target/test-dir/MiniOzoneClusterImpl-18caebed-eb19-4fa4-8af2-b6a2e1f418d7/datanode-0/data/ratis/44d812cf-2b1b-40c3-a950-2f72f00b2453/in_use.lock acquired by nodename 25300@pr-hdds-1982-decom-states-5k2nc-2490103652
2019-08-27 10:36:27,525 [pool-439-thread-1] INFO  storage.RaftStorage (RaftStorage.java:format(72)) - Storage directory /workdir/hadoop-ozone/integration-test/target/test-dir/MiniOzoneClusterImpl-18caebed-eb19-4fa4-8af2-b6a2e1f418d7/datanode-0/data/ratis/44d812cf-2b1b-40c3-a950-2f72f00b2453 has been successfully formatted.
2019-08-27 10:36:27,526 [pool-439-thread-1] INFO  ratis.ContainerStateMachine (ContainerStateMachine.java:loadSnapshot(226)) - group-2F72F00B2453: The snapshot info is null. Setting the last applied indexto:(t:0, i:~)
2019-08-27 10:36:27,526 [pool-439-thread-1] INFO  server.RaftServerConfigKeys (ConfUtils.java:logGet(43)) - raft.server.leader.election.timeout = 120s (custom)
2019-08-27 10:36:27,526 [pool-439-thread-1] INFO  server.RaftServerConfigKeys (ConfUtils.java:logGet(43)) - raft.server.log.use.memory = false (default)
2019-08-27 10:36:27,526 [pool-439-thread-1] INFO  server.RaftServerConfigKeys (ConfUtils.java:logGet(43)) - raft.server.log.purge.gap = 1000000 (custom)
2019-08-27 10:36:27,526 [pool-439-thread-1] INFO  server.RaftServerConfigKeys (ConfUtils.java:logGet(43)) - raft.server.log.appender.buffer.byte-limit = 33554432 (custom)
2019-08-27 10:36:27,527 [pool-439-thread-1] INFO  server.RaftServerConfigKeys (ConfUtils.java:logGet(43)) - raft.server.log.segment.size.max = 1048576 (custom)
2019-08-27 10:36:27,527 [pool-439-thread-1] INFO  server.RaftServerConfigKeys (ConfUtils.java:logGet(43)) - raft.server.log.segment.cache.num.max = 2 (custom)
2019-08-27 10:36:27,527 [pool-439-thread-1] INFO  segmented.SegmentedRaftLogWorker (SegmentedRaftLogWorker.java:<init>(172)) - new dd62e4ed-a2db-47f7-bf58-78724b5860e3-SegmentedRaftLogWorker:Storage Directory /workdir/hadoop-ozone/integration-test/target/test-dir/MiniOzoneClusterImpl-18caebed-eb19-4fa4-8af2-b6a2e1f418d7/datanode-0/data/ratis/44d812cf-2b1b-40c3-a950-2f72f00b2453 for RaftStorage:Storage Directory /workdir/hadoop-ozone/integration-test/target/test-dir/MiniOzoneClusterImpl-18caebed-eb19-4fa4-8af2-b6a2e1f418d7/datanode-0/data/ratis/44d812cf-2b1b-40c3-a950-2f72f00b2453
2019-08-27 10:36:27,527 [pool-439-thread-1] INFO  server.RaftServerConfigKeys (ConfUtils.java:logGet(43)) - raft.server.log.queue.byte-limit = 2147483647 (custom)
2019-08-27 10:36:27,527 [pool-439-thread-1] INFO  server.RaftServerConfigKeys (ConfUtils.java:logGet(43)) - raft.server.log.queue.element-limit = 1024 (custom)
2019-08-27 10:36:27,528 [pool-439-thread-1] INFO  server.RaftServerConfigKeys (ConfUtils.java:logGet(43)) - raft.server.log.segment.size.max = 1048576 (custom)
2019-08-27 10:36:27,528 [pool-439-thread-1] INFO  server.RaftServerConfigKeys (ConfUtils.java:logGet(43)) - raft.server.log.preallocated.size = 16384 (custom)
2019-08-27 10:36:27,528 [pool-439-thread-1] INFO  server.RaftServerConfigKeys (ConfUtils.java:logGet(43)) - raft.server.log.write.buffer.size = 33554432 (custom)
2019-08-27 10:36:27,528 [pool-439-thread-1] INFO  server.RaftServerConfigKeys (ConfUtils.java:logGet(43)) - raft.server.log.force.sync.num = 128 (default)
2019-08-27 10:36:27,528 [pool-439-thread-1] INFO  server.RaftServerConfigKeys (ConfUtils.java:logGet(43)) - raft.server.log.statemachine.data.sync = true (default)
2019-08-27 10:36:27,528 [pool-439-thread-1] INFO  server.RaftServerConfigKeys (ConfUtils.java:logGet(43)) - raft.server.log.statemachine.data.sync.timeout = 10s (default)
2019-08-27 10:36:27,529 [pool-439-thread-1] INFO  server.RaftServerConfigKeys (ConfUtils.java:logGet(43)) - raft.server.log.statemachine.data.sync.timeout.retry = -1 (default)
2019-08-27 10:36:27,529 [pool-439-thread-1] INFO  server.RaftServerConfigKeys (ConfUtils.java:logGet(43)) - raft.server.log.statemachine.data.caching.enabled = true (custom)
2019-08-27 10:36:27,529 [pool-439-thread-1] INFO  segmented.SegmentedRaftLogWorker (SegmentedRaftLogWorker.java:lambda$new$0(132)) - dd62e4ed-a2db-47f7-bf58-78724b5860e3-SegmentedRaftLogWorker:Storage Directory /workdir/hadoop-ozone/integration-test/target/test-dir/MiniOzoneClusterImpl-18caebed-eb19-4fa4-8af2-b6a2e1f418d7/datanode-0/data/ratis/44d812cf-2b1b-40c3-a950-2f72f00b2453: flushIndex: setUnconditionally 0 -> -1
2019-08-27 10:36:27,530 [pool-439-thread-1] INFO  server.RaftServerConfigKeys (ConfUtils.java:logGet(43)) - raft.server.snapshot.auto.trigger.enabled = true (custom)
2019-08-27 10:36:27,530 [pool-439-thread-1] INFO  server.RaftServerConfigKeys (ConfUtils.java:logGet(43)) - raft.server.snapshot.auto.trigger.threshold = 10000 (custom)
2019-08-27 10:36:27,530 [pool-439-thread-1] INFO  server.RaftServerConfigKeys (ConfUtils.java:logGet(43)) - raft.server.retrycache.expirytime = 600000ms (custom)
2019-08-27 10:36:27,530 [pool-439-thread-1] INFO  impl.RaftServerImpl (RaftServerImpl.java:start(180)) - dd62e4ed-a2db-47f7-bf58-78724b5860e3: start group-2F72F00B2453
2019-08-27 10:36:27,530 [pool-439-thread-1] INFO  impl.RaftServerImpl (RaftServerImpl.java:setRole(171)) - dd62e4ed-a2db-47f7-bf58-78724b5860e3:group-2F72F00B2453 changes role from null to FOLLOWER at term 0 for startAsFollower
2019-08-27 10:36:27,531 [pool-439-thread-1] INFO  impl.RoleInfo (RoleInfo.java:updateAndGet(143)) - dd62e4ed-a2db-47f7-bf58-78724b5860e3: start FollowerState
2019-08-27 10:36:27,532 [pool-439-thread-1] INFO  util.JmxRegister (JmxRegister.java:tryRegister(44)) - Successfully registered JMX Bean with object name Ratis:service=RaftServer,group=group-2F72F00B2453,id=dd62e4ed-a2db-47f7-bf58-78724b5860e3
2019-08-27 10:36:27,535 [RatisPipelineUtilsThread] INFO  pipeline.PipelineStateManager (PipelineStateManager.java:addPipeline(56)) - Created pipeline Pipeline[ Id: 44d812cf-2b1b-40c3-a950-2f72f00b2453, Nodes: dd62e4ed-a2db-47f7-bf58-78724b5860e3{ip: 192.168.5.140, host: pr-hdds-1982-decom-states-5k2nc-2490103652, networkLocation: /default-rack, certSerialId: null}, Type:RATIS, Factor:ONE, State:OPEN]
2019-08-27 10:36:27,639 [IPC Server handler 4 on 35477] INFO  net.NetworkTopology (NetworkTopologyImpl.java:add(110)) - Added a new node: /default-rack/459ba28e-6ffc-4a7d-9952-63e257c951d7
2019-08-27 10:36:27,639 [IPC Server handler 4 on 35477] INFO  node.SCMNodeManager (SCMNodeManager.java:register(273)) - Registered Data node : 459ba28e-6ffc-4a7d-9952-63e257c951d7{ip: 192.168.5.140, host: pr-hdds-1982-decom-states-5k2nc-2490103652, networkLocation: /default-rack, certSerialId: null}
2019-08-27 10:36:27,640 | INFO  | SCMAudit | user=jenkins1000 | ip=192.168.5.140 | op=REGISTER {datanodeDetails=459ba28e-6ffc-4a7d-9952-63e257c951d7{ip: 192.168.5.140, host: pr-hdds-1982-decom-states-5k2nc-2490103652, networkLocation: /default-rack, certSerialId: null}} | ret=SUCCESS |  
2019-08-27 10:36:27,647 [grpc-default-executor-8] INFO  impl.RaftServerProxy (RaftServerProxy.java:addNew(89)) - 459ba28e-6ffc-4a7d-9952-63e257c951d7: addNew group-D3E46848003E:[459ba28e-6ffc-4a7d-9952-63e257c951d7:192.168.5.140:33996] returns group-D3E46848003E:java.util.concurrent.CompletableFuture@6fddf209[Not completed]
2019-08-27 10:36:27,648 [pool-450-thread-1] INFO  impl.RaftServerImpl (RaftServerImpl.java:<init>(93)) - 459ba28e-6ffc-4a7d-9952-63e257c951d7: new RaftServerImpl for group-D3E46848003E:[459ba28e-6ffc-4a7d-9952-63e257c951d7:192.168.5.140:33996] with ContainerStateMachine:uninitialized
2019-08-27 10:36:27,648 [pool-450-thread-1] INFO  server.RaftServerConfigKeys (ConfUtils.java:logGet(43)) - raft.server.rpc.timeout.min = 5s (custom)
2019-08-27 10:36:27,648 [pool-450-thread-1] INFO  server.RaftServerConfigKeys (ConfUtils.java:logGet(43)) - raft.server.rpc.timeout.max = 5200ms (custom)
2019-08-27 10:36:27,648 [pool-450-thread-1] INFO  server.RaftServerConfigKeys (ConfUtils.java:logGet(43)) - raft.server.rpcslowness.timeout = 120s (custom)
2019-08-27 10:36:27,649 [pool-450-thread-1] INFO  server.RaftServerConfigKeys (ConfUtils.java:logGet(43)) - raft.server.sleep.deviation.threshold = 300 (default)
2019-08-27 10:36:27,649 [pool-450-thread-1] INFO  server.RaftServerConfigKeys (ConfUtils.java:logGet(43)) - raft.server.log.appender.install.snapshot.enabled = false (custom)
2019-08-27 10:36:27,649 [pool-450-thread-1] INFO  impl.RaftServerImpl (ServerState.java:<init>(105)) - 459ba28e-6ffc-4a7d-9952-63e257c951d7:group-D3E46848003E ConfigurationManager, init=-1: [459ba28e-6ffc-4a7d-9952-63e257c951d7:192.168.5.140:33996], old=null, confs=<EMPTY_MAP>
2019-08-27 10:36:27,649 [pool-450-thread-1] INFO  server.RaftServerConfigKeys (ConfUtils.java:logGet(43)) - raft.server.storage.dir = [/workdir/hadoop-ozone/integration-test/target/test-dir/MiniOzoneClusterImpl-18caebed-eb19-4fa4-8af2-b6a2e1f418d7/datanode-1/data/ratis] (custom)
2019-08-27 10:36:27,649 [pool-450-thread-1] INFO  storage.RaftStorageDirectory (RaftStorageDirectory.java:analyzeStorage(246)) - The storage directory /workdir/hadoop-ozone/integration-test/target/test-dir/MiniOzoneClusterImpl-18caebed-eb19-4fa4-8af2-b6a2e1f418d7/datanode-1/data/ratis/2d61d567-5eb4-4fe8-ac84-d3e46848003e does not exist. Creating ...
2019-08-27 10:36:27,663 [pool-450-thread-1] INFO  storage.RaftStorageDirectory (RaftStorageDirectory.java:tryLock(328)) - Lock on /workdir/hadoop-ozone/integration-test/target/test-dir/MiniOzoneClusterImpl-18caebed-eb19-4fa4-8af2-b6a2e1f418d7/datanode-1/data/ratis/2d61d567-5eb4-4fe8-ac84-d3e46848003e/in_use.lock acquired by nodename 25300@pr-hdds-1982-decom-states-5k2nc-2490103652
2019-08-27 10:36:27,676 [pool-450-thread-1] INFO  storage.RaftStorage (RaftStorage.java:format(72)) - Storage directory /workdir/hadoop-ozone/integration-test/target/test-dir/MiniOzoneClusterImpl-18caebed-eb19-4fa4-8af2-b6a2e1f418d7/datanode-1/data/ratis/2d61d567-5eb4-4fe8-ac84-d3e46848003e has been successfully formatted.
2019-08-27 10:36:27,676 [pool-450-thread-1] INFO  ratis.ContainerStateMachine (ContainerStateMachine.java:loadSnapshot(226)) - group-D3E46848003E: The snapshot info is null. Setting the last applied indexto:(t:0, i:~)
2019-08-27 10:36:27,676 [pool-450-thread-1] INFO  server.RaftServerConfigKeys (ConfUtils.java:logGet(43)) - raft.server.leader.election.timeout = 120s (custom)
2019-08-27 10:36:27,677 [pool-450-thread-1] INFO  server.RaftServerConfigKeys (ConfUtils.java:logGet(43)) - raft.server.log.use.memory = false (default)
2019-08-27 10:36:27,677 [pool-450-thread-1] INFO  server.RaftServerConfigKeys (ConfUtils.java:logGet(43)) - raft.server.log.purge.gap = 1000000 (custom)
2019-08-27 10:36:27,677 [pool-450-thread-1] INFO  server.RaftServerConfigKeys (ConfUtils.java:logGet(43)) - raft.server.log.appender.buffer.byte-limit = 33554432 (custom)
2019-08-27 10:36:27,677 [pool-450-thread-1] INFO  server.RaftServerConfigKeys (ConfUtils.java:logGet(43)) - raft.server.log.segment.size.max = 1048576 (custom)
2019-08-27 10:36:27,677 [pool-450-thread-1] INFO  server.RaftServerConfigKeys (ConfUtils.java:logGet(43)) - raft.server.log.segment.cache.num.max = 2 (custom)
2019-08-27 10:36:27,677 [pool-450-thread-1] INFO  segmented.SegmentedRaftLogWorker (SegmentedRaftLogWorker.java:<init>(172)) - new 459ba28e-6ffc-4a7d-9952-63e257c951d7-SegmentedRaftLogWorker:Storage Directory /workdir/hadoop-ozone/integration-test/target/test-dir/MiniOzoneClusterImpl-18caebed-eb19-4fa4-8af2-b6a2e1f418d7/datanode-1/data/ratis/2d61d567-5eb4-4fe8-ac84-d3e46848003e for RaftStorage:Storage Directory /workdir/hadoop-ozone/integration-test/target/test-dir/MiniOzoneClusterImpl-18caebed-eb19-4fa4-8af2-b6a2e1f418d7/datanode-1/data/ratis/2d61d567-5eb4-4fe8-ac84-d3e46848003e
2019-08-27 10:36:27,677 [pool-450-thread-1] INFO  server.RaftServerConfigKeys (ConfUtils.java:logGet(43)) - raft.server.log.queue.byte-limit = 2147483647 (custom)
2019-08-27 10:36:27,678 [pool-450-thread-1] INFO  server.RaftServerConfigKeys (ConfUtils.java:logGet(43)) - raft.server.log.queue.element-limit = 1024 (custom)
2019-08-27 10:36:27,678 [pool-450-thread-1] INFO  server.RaftServerConfigKeys (ConfUtils.java:logGet(43)) - raft.server.log.segment.size.max = 1048576 (custom)
2019-08-27 10:36:27,678 [pool-450-thread-1] INFO  server.RaftServerConfigKeys (ConfUtils.java:logGet(43)) - raft.server.log.preallocated.size = 16384 (custom)
2019-08-27 10:36:27,678 [pool-450-thread-1] INFO  server.RaftServerConfigKeys (ConfUtils.java:logGet(43)) - raft.server.log.write.buffer.size = 33554432 (custom)
2019-08-27 10:36:27,678 [pool-450-thread-1] INFO  server.RaftServerConfigKeys (ConfUtils.java:logGet(43)) - raft.server.log.force.sync.num = 128 (default)
2019-08-27 10:36:27,678 [pool-450-thread-1] INFO  server.RaftServerConfigKeys (ConfUtils.java:logGet(43)) - raft.server.log.statemachine.data.sync = true (default)
2019-08-27 10:36:27,678 [pool-450-thread-1] INFO  server.RaftServerConfigKeys (ConfUtils.java:logGet(43)) - raft.server.log.statemachine.data.sync.timeout = 10s (default)
2019-08-27 10:36:27,679 [pool-450-thread-1] INFO  server.RaftServerConfigKeys (ConfUtils.java:logGet(43)) - raft.server.log.statemachine.data.sync.timeout.retry = -1 (default)
2019-08-27 10:36:27,679 [pool-450-thread-1] INFO  server.RaftServerConfigKeys (ConfUtils.java:logGet(43)) - raft.server.log.statemachine.data.caching.enabled = true (custom)
2019-08-27 10:36:27,679 [pool-450-thread-1] INFO  segmented.SegmentedRaftLogWorker (SegmentedRaftLogWorker.java:lambda$new$0(132)) - 459ba28e-6ffc-4a7d-9952-63e257c951d7-SegmentedRaftLogWorker:Storage Directory /workdir/hadoop-ozone/integration-test/target/test-dir/MiniOzoneClusterImpl-18caebed-eb19-4fa4-8af2-b6a2e1f418d7/datanode-1/data/ratis/2d61d567-5eb4-4fe8-ac84-d3e46848003e: flushIndex: setUnconditionally 0 -> -1
2019-08-27 10:36:27,680 [pool-450-thread-1] INFO  server.RaftServerConfigKeys (ConfUtils.java:logGet(43)) - raft.server.snapshot.auto.trigger.enabled = true (custom)
2019-08-27 10:36:27,680 [pool-450-thread-1] INFO  server.RaftServerConfigKeys (ConfUtils.java:logGet(43)) - raft.server.snapshot.auto.trigger.threshold = 10000 (custom)
2019-08-27 10:36:27,680 [pool-450-thread-1] INFO  server.RaftServerConfigKeys (ConfUtils.java:logGet(43)) - raft.server.retrycache.expirytime = 600000ms (custom)
2019-08-27 10:36:27,680 [pool-450-thread-1] INFO  impl.RaftServerImpl (RaftServerImpl.java:start(180)) - 459ba28e-6ffc-4a7d-9952-63e257c951d7: start group-D3E46848003E
2019-08-27 10:36:27,680 [pool-450-thread-1] INFO  impl.RaftServerImpl (RaftServerImpl.java:setRole(171)) - 459ba28e-6ffc-4a7d-9952-63e257c951d7:group-D3E46848003E changes role from null to FOLLOWER at term 0 for startAsFollower
2019-08-27 10:36:27,680 [pool-450-thread-1] INFO  impl.RoleInfo (RoleInfo.java:updateAndGet(143)) - 459ba28e-6ffc-4a7d-9952-63e257c951d7: start FollowerState
2019-08-27 10:36:27,681 [pool-450-thread-1] INFO  util.JmxRegister (JmxRegister.java:tryRegister(44)) - Successfully registered JMX Bean with object name Ratis:service=RaftServer,group=group-D3E46848003E,id=459ba28e-6ffc-4a7d-9952-63e257c951d7
2019-08-27 10:36:27,683 [RatisPipelineUtilsThread] INFO  pipeline.PipelineStateManager (PipelineStateManager.java:addPipeline(56)) - Created pipeline Pipeline[ Id: 2d61d567-5eb4-4fe8-ac84-d3e46848003e, Nodes: 459ba28e-6ffc-4a7d-9952-63e257c951d7{ip: 192.168.5.140, host: pr-hdds-1982-decom-states-5k2nc-2490103652, networkLocation: /default-rack, certSerialId: null}, Type:RATIS, Factor:ONE, State:OPEN]
2019-08-27 10:36:27,819 [IPC Server handler 1 on 35477] INFO  net.NetworkTopology (NetworkTopologyImpl.java:add(110)) - Added a new node: /default-rack/d2464cba-1081-4409-a774-8eb5f579e4eb
2019-08-27 10:36:27,820 [IPC Server handler 1 on 35477] INFO  node.SCMNodeManager (SCMNodeManager.java:register(273)) - Registered Data node : d2464cba-1081-4409-a774-8eb5f579e4eb{ip: 192.168.5.140, host: pr-hdds-1982-decom-states-5k2nc-2490103652, networkLocation: /default-rack, certSerialId: null}
2019-08-27 10:36:27,820 | INFO  | SCMAudit | user=jenkins1000 | ip=192.168.5.140 | op=REGISTER {datanodeDetails=d2464cba-1081-4409-a774-8eb5f579e4eb{ip: 192.168.5.140, host: pr-hdds-1982-decom-states-5k2nc-2490103652, networkLocation: /default-rack, certSerialId: null}} | ret=SUCCESS |  
2019-08-27 10:36:27,827 [grpc-default-executor-8] INFO  impl.RaftServerProxy (RaftServerProxy.java:addNew(89)) - d2464cba-1081-4409-a774-8eb5f579e4eb: addNew group-F24E7233342A:[d2464cba-1081-4409-a774-8eb5f579e4eb:192.168.5.140:40709] returns group-F24E7233342A:java.util.concurrent.CompletableFuture@6bde93ad[Not completed]
2019-08-27 10:36:27,827 [main] INFO  ozone.MiniOzoneClusterImpl (MiniOzoneClusterImpl.java:lambda$waitForClusterToBeReady$0(142)) - Waiting for cluster to be ready. Got 3 of 7 DN Heartbeats.
2019-08-27 10:36:27,828 [pool-461-thread-1] INFO  impl.RaftServerImpl (RaftServerImpl.java:<init>(93)) - d2464cba-1081-4409-a774-8eb5f579e4eb: new RaftServerImpl for group-F24E7233342A:[d2464cba-1081-4409-a774-8eb5f579e4eb:192.168.5.140:40709] with ContainerStateMachine:uninitialized
2019-08-27 10:36:27,828 [pool-461-thread-1] INFO  server.RaftServerConfigKeys (ConfUtils.java:logGet(43)) - raft.server.rpc.timeout.min = 5s (custom)
2019-08-27 10:36:27,829 [pool-461-thread-1] INFO  server.RaftServerConfigKeys (ConfUtils.java:logGet(43)) - raft.server.rpc.timeout.max = 5200ms (custom)
2019-08-27 10:36:27,829 [pool-461-thread-1] INFO  server.RaftServerConfigKeys (ConfUtils.java:logGet(43)) - raft.server.rpcslowness.timeout = 120s (custom)
2019-08-27 10:36:27,829 [pool-461-thread-1] INFO  server.RaftServerConfigKeys (ConfUtils.java:logGet(43)) - raft.server.sleep.deviation.threshold = 300 (default)
2019-08-27 10:36:27,829 [pool-461-thread-1] INFO  server.RaftServerConfigKeys (ConfUtils.java:logGet(43)) - raft.server.log.appender.install.snapshot.enabled = false (custom)
2019-08-27 10:36:27,829 [pool-461-thread-1] INFO  impl.RaftServerImpl (ServerState.java:<init>(105)) - d2464cba-1081-4409-a774-8eb5f579e4eb:group-F24E7233342A ConfigurationManager, init=-1: [d2464cba-1081-4409-a774-8eb5f579e4eb:192.168.5.140:40709], old=null, confs=<EMPTY_MAP>
2019-08-27 10:36:27,829 [pool-461-thread-1] INFO  server.RaftServerConfigKeys (ConfUtils.java:logGet(43)) - raft.server.storage.dir = [/workdir/hadoop-ozone/integration-test/target/test-dir/MiniOzoneClusterImpl-18caebed-eb19-4fa4-8af2-b6a2e1f418d7/datanode-2/data/ratis] (custom)
2019-08-27 10:36:27,830 [pool-461-thread-1] INFO  storage.RaftStorageDirectory (RaftStorageDirectory.java:analyzeStorage(246)) - The storage directory /workdir/hadoop-ozone/integration-test/target/test-dir/MiniOzoneClusterImpl-18caebed-eb19-4fa4-8af2-b6a2e1f418d7/datanode-2/data/ratis/55eff1ca-6f8e-44cc-bc45-f24e7233342a does not exist. Creating ...
2019-08-27 10:36:27,843 [pool-461-thread-1] INFO  storage.RaftStorageDirectory (RaftStorageDirectory.java:tryLock(328)) - Lock on /workdir/hadoop-ozone/integration-test/target/test-dir/MiniOzoneClusterImpl-18caebed-eb19-4fa4-8af2-b6a2e1f418d7/datanode-2/data/ratis/55eff1ca-6f8e-44cc-bc45-f24e7233342a/in_use.lock acquired by nodename 25300@pr-hdds-1982-decom-states-5k2nc-2490103652
2019-08-27 10:36:27,856 [pool-461-thread-1] INFO  storage.RaftStorage (RaftStorage.java:format(72)) - Storage directory /workdir/hadoop-ozone/integration-test/target/test-dir/MiniOzoneClusterImpl-18caebed-eb19-4fa4-8af2-b6a2e1f418d7/datanode-2/data/ratis/55eff1ca-6f8e-44cc-bc45-f24e7233342a has been successfully formatted.
2019-08-27 10:36:27,856 [pool-461-thread-1] INFO  ratis.ContainerStateMachine (ContainerStateMachine.java:loadSnapshot(226)) - group-F24E7233342A: The snapshot info is null. Setting the last applied indexto:(t:0, i:~)
2019-08-27 10:36:27,857 [pool-461-thread-1] INFO  server.RaftServerConfigKeys (ConfUtils.java:logGet(43)) - raft.server.leader.election.timeout = 120s (custom)
2019-08-27 10:36:27,857 [pool-461-thread-1] INFO  server.RaftServerConfigKeys (ConfUtils.java:logGet(43)) - raft.server.log.use.memory = false (default)
2019-08-27 10:36:27,857 [pool-461-thread-1] INFO  server.RaftServerConfigKeys (ConfUtils.java:logGet(43)) - raft.server.log.purge.gap = 1000000 (custom)
2019-08-27 10:36:27,857 [pool-461-thread-1] INFO  server.RaftServerConfigKeys (ConfUtils.java:logGet(43)) - raft.server.log.appender.buffer.byte-limit = 33554432 (custom)
2019-08-27 10:36:27,857 [pool-461-thread-1] INFO  server.RaftServerConfigKeys (ConfUtils.java:logGet(43)) - raft.server.log.segment.size.max = 1048576 (custom)
2019-08-27 10:36:27,858 [pool-461-thread-1] INFO  server.RaftServerConfigKeys (ConfUtils.java:logGet(43)) - raft.server.log.segment.cache.num.max = 2 (custom)
2019-08-27 10:36:27,858 [pool-461-thread-1] INFO  segmented.SegmentedRaftLogWorker (SegmentedRaftLogWorker.java:<init>(172)) - new d2464cba-1081-4409-a774-8eb5f579e4eb-SegmentedRaftLogWorker:Storage Directory /workdir/hadoop-ozone/integration-test/target/test-dir/MiniOzoneClusterImpl-18caebed-eb19-4fa4-8af2-b6a2e1f418d7/datanode-2/data/ratis/55eff1ca-6f8e-44cc-bc45-f24e7233342a for RaftStorage:Storage Directory /workdir/hadoop-ozone/integration-test/target/test-dir/MiniOzoneClusterImpl-18caebed-eb19-4fa4-8af2-b6a2e1f418d7/datanode-2/data/ratis/55eff1ca-6f8e-44cc-bc45-f24e7233342a
2019-08-27 10:36:27,858 [pool-461-thread-1] INFO  server.RaftServerConfigKeys (ConfUtils.java:logGet(43)) - raft.server.log.queue.byte-limit = 2147483647 (custom)
2019-08-27 10:36:27,858 [pool-461-thread-1] INFO  server.RaftServerConfigKeys (ConfUtils.java:logGet(43)) - raft.server.log.queue.element-limit = 1024 (custom)
2019-08-27 10:36:27,858 [pool-461-thread-1] INFO  server.RaftServerConfigKeys (ConfUtils.java:logGet(43)) - raft.server.log.segment.size.max = 1048576 (custom)
2019-08-27 10:36:27,858 [pool-461-thread-1] INFO  server.RaftServerConfigKeys (ConfUtils.java:logGet(43)) - raft.server.log.preallocated.size = 16384 (custom)
2019-08-27 10:36:27,859 [pool-461-thread-1] INFO  server.RaftServerConfigKeys (ConfUtils.java:logGet(43)) - raft.server.log.write.buffer.size = 33554432 (custom)
2019-08-27 10:36:27,859 [pool-461-thread-1] INFO  server.RaftServerConfigKeys (ConfUtils.java:logGet(43)) - raft.server.log.force.sync.num = 128 (default)
2019-08-27 10:36:27,859 [pool-461-thread-1] INFO  server.RaftServerConfigKeys (ConfUtils.java:logGet(43)) - raft.server.log.statemachine.data.sync = true (default)
2019-08-27 10:36:27,859 [pool-461-thread-1] INFO  server.RaftServerConfigKeys (ConfUtils.java:logGet(43)) - raft.server.log.statemachine.data.sync.timeout = 10s (default)
2019-08-27 10:36:27,859 [pool-461-thread-1] INFO  server.RaftServerConfigKeys (ConfUtils.java:logGet(43)) - raft.server.log.statemachine.data.sync.timeout.retry = -1 (default)
2019-08-27 10:36:27,859 [pool-461-thread-1] INFO  server.RaftServerConfigKeys (ConfUtils.java:logGet(43)) - raft.server.log.statemachine.data.caching.enabled = true (custom)
2019-08-27 10:36:27,860 [pool-461-thread-1] INFO  segmented.SegmentedRaftLogWorker (SegmentedRaftLogWorker.java:lambda$new$0(132)) - d2464cba-1081-4409-a774-8eb5f579e4eb-SegmentedRaftLogWorker:Storage Directory /workdir/hadoop-ozone/integration-test/target/test-dir/MiniOzoneClusterImpl-18caebed-eb19-4fa4-8af2-b6a2e1f418d7/datanode-2/data/ratis/55eff1ca-6f8e-44cc-bc45-f24e7233342a: flushIndex: setUnconditionally 0 -> -1
2019-08-27 10:36:27,860 [pool-461-thread-1] INFO  server.RaftServerConfigKeys (ConfUtils.java:logGet(43)) - raft.server.snapshot.auto.trigger.enabled = true (custom)
2019-08-27 10:36:27,860 [pool-461-thread-1] INFO  server.RaftServerConfigKeys (ConfUtils.java:logGet(43)) - raft.server.snapshot.auto.trigger.threshold = 10000 (custom)
2019-08-27 10:36:27,860 [pool-461-thread-1] INFO  server.RaftServerConfigKeys (ConfUtils.java:logGet(43)) - raft.server.retrycache.expirytime = 600000ms (custom)
2019-08-27 10:36:27,861 [pool-461-thread-1] INFO  impl.RaftServerImpl (RaftServerImpl.java:start(180)) - d2464cba-1081-4409-a774-8eb5f579e4eb: start group-F24E7233342A
2019-08-27 10:36:27,861 [pool-461-thread-1] INFO  impl.RaftServerImpl (RaftServerImpl.java:setRole(171)) - d2464cba-1081-4409-a774-8eb5f579e4eb:group-F24E7233342A changes role from null to FOLLOWER at term 0 for startAsFollower
2019-08-27 10:36:27,861 [pool-461-thread-1] INFO  impl.RoleInfo (RoleInfo.java:updateAndGet(143)) - d2464cba-1081-4409-a774-8eb5f579e4eb: start FollowerState
2019-08-27 10:36:27,861 [pool-461-thread-1] INFO  util.JmxRegister (JmxRegister.java:tryRegister(44)) - Successfully registered JMX Bean with object name Ratis:service=RaftServer,group=group-F24E7233342A,id=d2464cba-1081-4409-a774-8eb5f579e4eb
2019-08-27 10:36:27,864 [RatisPipelineUtilsThread] INFO  pipeline.PipelineStateManager (PipelineStateManager.java:addPipeline(56)) - Created pipeline Pipeline[ Id: 55eff1ca-6f8e-44cc-bc45-f24e7233342a, Nodes: d2464cba-1081-4409-a774-8eb5f579e4eb{ip: 192.168.5.140, host: pr-hdds-1982-decom-states-5k2nc-2490103652, networkLocation: /default-rack, certSerialId: null}, Type:RATIS, Factor:ONE, State:OPEN]
2019-08-27 10:36:27,874 [grpc-default-executor-3] INFO  impl.RaftServerProxy (RaftServerProxy.java:addNew(89)) - dd62e4ed-a2db-47f7-bf58-78724b5860e3: addNew group-89D855178F06:[d2464cba-1081-4409-a774-8eb5f579e4eb:192.168.5.140:40709, dd62e4ed-a2db-47f7-bf58-78724b5860e3:192.168.5.140:37268, 459ba28e-6ffc-4a7d-9952-63e257c951d7:192.168.5.140:33996] returns group-89D855178F06:java.util.concurrent.CompletableFuture@53c3142[Not completed]
2019-08-27 10:36:27,874 [grpc-default-executor-4] INFO  impl.RaftServerProxy (RaftServerProxy.java:addNew(89)) - d2464cba-1081-4409-a774-8eb5f579e4eb: addNew group-89D855178F06:[d2464cba-1081-4409-a774-8eb5f579e4eb:192.168.5.140:40709, dd62e4ed-a2db-47f7-bf58-78724b5860e3:192.168.5.140:37268, 459ba28e-6ffc-4a7d-9952-63e257c951d7:192.168.5.140:33996] returns group-89D855178F06:java.util.concurrent.CompletableFuture@1d3053f0[Not completed]
2019-08-27 10:36:27,874 [grpc-default-executor-8] INFO  impl.RaftServerProxy (RaftServerProxy.java:addNew(89)) - 459ba28e-6ffc-4a7d-9952-63e257c951d7: addNew group-89D855178F06:[d2464cba-1081-4409-a774-8eb5f579e4eb:192.168.5.140:40709, dd62e4ed-a2db-47f7-bf58-78724b5860e3:192.168.5.140:37268, 459ba28e-6ffc-4a7d-9952-63e257c951d7:192.168.5.140:33996] returns group-89D855178F06:java.util.concurrent.CompletableFuture@e24f033[Not completed]
2019-08-27 10:36:27,875 [pool-439-thread-1] INFO  impl.RaftServerImpl (RaftServerImpl.java:<init>(93)) - dd62e4ed-a2db-47f7-bf58-78724b5860e3: new RaftServerImpl for group-89D855178F06:[d2464cba-1081-4409-a774-8eb5f579e4eb:192.168.5.140:40709, dd62e4ed-a2db-47f7-bf58-78724b5860e3:192.168.5.140:37268, 459ba28e-6ffc-4a7d-9952-63e257c951d7:192.168.5.140:33996] with ContainerStateMachine:uninitialized
2019-08-27 10:36:27,875 [pool-439-thread-1] INFO  server.RaftServerConfigKeys (ConfUtils.java:logGet(43)) - raft.server.rpc.timeout.min = 5s (custom)
2019-08-27 10:36:27,875 [pool-439-thread-1] INFO  server.RaftServerConfigKeys (ConfUtils.java:logGet(43)) - raft.server.rpc.timeout.max = 5200ms (custom)
2019-08-27 10:36:27,876 [pool-439-thread-1] INFO  server.RaftServerConfigKeys (ConfUtils.java:logGet(43)) - raft.server.rpcslowness.timeout = 120s (custom)
2019-08-27 10:36:27,876 [pool-439-thread-1] INFO  server.RaftServerConfigKeys (ConfUtils.java:logGet(43)) - raft.server.sleep.deviation.threshold = 300 (default)
2019-08-27 10:36:27,876 [pool-450-thread-1] INFO  impl.RaftServerImpl (RaftServerImpl.java:<init>(93)) - 459ba28e-6ffc-4a7d-9952-63e257c951d7: new RaftServerImpl for group-89D855178F06:[d2464cba-1081-4409-a774-8eb5f579e4eb:192.168.5.140:40709, dd62e4ed-a2db-47f7-bf58-78724b5860e3:192.168.5.140:37268, 459ba28e-6ffc-4a7d-9952-63e257c951d7:192.168.5.140:33996] with ContainerStateMachine:uninitialized
2019-08-27 10:36:27,876 [pool-439-thread-1] INFO  server.RaftServerConfigKeys (ConfUtils.java:logGet(43)) - raft.server.log.appender.install.snapshot.enabled = false (custom)
2019-08-27 10:36:27,876 [pool-450-thread-1] INFO  server.RaftServerConfigKeys (ConfUtils.java:logGet(43)) - raft.server.rpc.timeout.min = 5s (custom)
2019-08-27 10:36:27,876 [pool-439-thread-1] INFO  impl.RaftServerImpl (ServerState.java:<init>(105)) - dd62e4ed-a2db-47f7-bf58-78724b5860e3:group-89D855178F06 ConfigurationManager, init=-1: [d2464cba-1081-4409-a774-8eb5f579e4eb:192.168.5.140:40709, dd62e4ed-a2db-47f7-bf58-78724b5860e3:192.168.5.140:37268, 459ba28e-6ffc-4a7d-9952-63e257c951d7:192.168.5.140:33996], old=null, confs=<EMPTY_MAP>
2019-08-27 10:36:27,876 [pool-450-thread-1] INFO  server.RaftServerConfigKeys (ConfUtils.java:logGet(43)) - raft.server.rpc.timeout.max = 5200ms (custom)
2019-08-27 10:36:27,876 [pool-439-thread-1] INFO  server.RaftServerConfigKeys (ConfUtils.java:logGet(43)) - raft.server.storage.dir = [/workdir/hadoop-ozone/integration-test/target/test-dir/MiniOzoneClusterImpl-18caebed-eb19-4fa4-8af2-b6a2e1f418d7/datanode-0/data/ratis] (custom)
2019-08-27 10:36:27,876 [pool-461-thread-1] INFO  impl.RaftServerImpl (RaftServerImpl.java:<init>(93)) - d2464cba-1081-4409-a774-8eb5f579e4eb: new RaftServerImpl for group-89D855178F06:[d2464cba-1081-4409-a774-8eb5f579e4eb:192.168.5.140:40709, dd62e4ed-a2db-47f7-bf58-78724b5860e3:192.168.5.140:37268, 459ba28e-6ffc-4a7d-9952-63e257c951d7:192.168.5.140:33996] with ContainerStateMachine:uninitialized
2019-08-27 10:36:27,876 [pool-450-thread-1] INFO  server.RaftServerConfigKeys (ConfUtils.java:logGet(43)) - raft.server.rpcslowness.timeout = 120s (custom)
2019-08-27 10:36:27,877 [pool-461-thread-1] INFO  server.RaftServerConfigKeys (ConfUtils.java:logGet(43)) - raft.server.rpc.timeout.min = 5s (custom)
2019-08-27 10:36:27,877 [pool-439-thread-1] INFO  storage.RaftStorageDirectory (RaftStorageDirectory.java:analyzeStorage(246)) - The storage directory /workdir/hadoop-ozone/integration-test/target/test-dir/MiniOzoneClusterImpl-18caebed-eb19-4fa4-8af2-b6a2e1f418d7/datanode-0/data/ratis/708e8847-b02b-491d-9eda-89d855178f06 does not exist. Creating ...
2019-08-27 10:36:27,877 [pool-450-thread-1] INFO  server.RaftServerConfigKeys (ConfUtils.java:logGet(43)) - raft.server.sleep.deviation.threshold = 300 (default)
2019-08-27 10:36:27,877 [pool-461-thread-1] INFO  server.RaftServerConfigKeys (ConfUtils.java:logGet(43)) - raft.server.rpc.timeout.max = 5200ms (custom)
2019-08-27 10:36:27,877 [pool-450-thread-1] INFO  server.RaftServerConfigKeys (ConfUtils.java:logGet(43)) - raft.server.log.appender.install.snapshot.enabled = false (custom)
2019-08-27 10:36:27,877 [pool-461-thread-1] INFO  server.RaftServerConfigKeys (ConfUtils.java:logGet(43)) - raft.server.rpcslowness.timeout = 120s (custom)
2019-08-27 10:36:27,877 [pool-450-thread-1] INFO  impl.RaftServerImpl (ServerState.java:<init>(105)) - 459ba28e-6ffc-4a7d-9952-63e257c951d7:group-89D855178F06 ConfigurationManager, init=-1: [d2464cba-1081-4409-a774-8eb5f579e4eb:192.168.5.140:40709, dd62e4ed-a2db-47f7-bf58-78724b5860e3:192.168.5.140:37268, 459ba28e-6ffc-4a7d-9952-63e257c951d7:192.168.5.140:33996], old=null, confs=<EMPTY_MAP>
2019-08-27 10:36:27,877 [pool-461-thread-1] INFO  server.RaftServerConfigKeys (ConfUtils.java:logGet(43)) - raft.server.sleep.deviation.threshold = 300 (default)
2019-08-27 10:36:27,878 [pool-450-thread-1] INFO  server.RaftServerConfigKeys (ConfUtils.java:logGet(43)) - raft.server.storage.dir = [/workdir/hadoop-ozone/integration-test/target/test-dir/MiniOzoneClusterImpl-18caebed-eb19-4fa4-8af2-b6a2e1f418d7/datanode-1/data/ratis] (custom)
2019-08-27 10:36:27,878 [pool-461-thread-1] INFO  server.RaftServerConfigKeys (ConfUtils.java:logGet(43)) - raft.server.log.appender.install.snapshot.enabled = false (custom)
2019-08-27 10:36:27,878 [pool-461-thread-1] INFO  impl.RaftServerImpl (ServerState.java:<init>(105)) - d2464cba-1081-4409-a774-8eb5f579e4eb:group-89D855178F06 ConfigurationManager, init=-1: [d2464cba-1081-4409-a774-8eb5f579e4eb:192.168.5.140:40709, dd62e4ed-a2db-47f7-bf58-78724b5860e3:192.168.5.140:37268, 459ba28e-6ffc-4a7d-9952-63e257c951d7:192.168.5.140:33996], old=null, confs=<EMPTY_MAP>
2019-08-27 10:36:27,878 [pool-450-thread-1] INFO  storage.RaftStorageDirectory (RaftStorageDirectory.java:analyzeStorage(246)) - The storage directory /workdir/hadoop-ozone/integration-test/target/test-dir/MiniOzoneClusterImpl-18caebed-eb19-4fa4-8af2-b6a2e1f418d7/datanode-1/data/ratis/708e8847-b02b-491d-9eda-89d855178f06 does not exist. Creating ...
2019-08-27 10:36:27,878 [pool-461-thread-1] INFO  server.RaftServerConfigKeys (ConfUtils.java:logGet(43)) - raft.server.storage.dir = [/workdir/hadoop-ozone/integration-test/target/test-dir/MiniOzoneClusterImpl-18caebed-eb19-4fa4-8af2-b6a2e1f418d7/datanode-2/data/ratis] (custom)
2019-08-27 10:36:27,878 [pool-461-thread-1] INFO  storage.RaftStorageDirectory (RaftStorageDirectory.java:analyzeStorage(246)) - The storage directory /workdir/hadoop-ozone/integration-test/target/test-dir/MiniOzoneClusterImpl-18caebed-eb19-4fa4-8af2-b6a2e1f418d7/datanode-2/data/ratis/708e8847-b02b-491d-9eda-89d855178f06 does not exist. Creating ...
2019-08-27 10:36:27,890 [pool-461-thread-1] INFO  storage.RaftStorageDirectory (RaftStorageDirectory.java:tryLock(328)) - Lock on /workdir/hadoop-ozone/integration-test/target/test-dir/MiniOzoneClusterImpl-18caebed-eb19-4fa4-8af2-b6a2e1f418d7/datanode-2/data/ratis/708e8847-b02b-491d-9eda-89d855178f06/in_use.lock acquired by nodename 25300@pr-hdds-1982-decom-states-5k2nc-2490103652
2019-08-27 10:36:27,890 [pool-439-thread-1] INFO  storage.RaftStorageDirectory (RaftStorageDirectory.java:tryLock(328)) - Lock on /workdir/hadoop-ozone/integration-test/target/test-dir/MiniOzoneClusterImpl-18caebed-eb19-4fa4-8af2-b6a2e1f418d7/datanode-0/data/ratis/708e8847-b02b-491d-9eda-89d855178f06/in_use.lock acquired by nodename 25300@pr-hdds-1982-decom-states-5k2nc-2490103652
2019-08-27 10:36:27,890 [pool-450-thread-1] INFO  storage.RaftStorageDirectory (RaftStorageDirectory.java:tryLock(328)) - Lock on /workdir/hadoop-ozone/integration-test/target/test-dir/MiniOzoneClusterImpl-18caebed-eb19-4fa4-8af2-b6a2e1f418d7/datanode-1/data/ratis/708e8847-b02b-491d-9eda-89d855178f06/in_use.lock acquired by nodename 25300@pr-hdds-1982-decom-states-5k2nc-2490103652
2019-08-27 10:36:27,912 [pool-439-thread-1] INFO  storage.RaftStorage (RaftStorage.java:format(72)) - Storage directory /workdir/hadoop-ozone/integration-test/target/test-dir/MiniOzoneClusterImpl-18caebed-eb19-4fa4-8af2-b6a2e1f418d7/datanode-0/data/ratis/708e8847-b02b-491d-9eda-89d855178f06 has been successfully formatted.
2019-08-27 10:36:27,912 [pool-450-thread-1] INFO  storage.RaftStorage (RaftStorage.java:format(72)) - Storage directory /workdir/hadoop-ozone/integration-test/target/test-dir/MiniOzoneClusterImpl-18caebed-eb19-4fa4-8af2-b6a2e1f418d7/datanode-1/data/ratis/708e8847-b02b-491d-9eda-89d855178f06 has been successfully formatted.
2019-08-27 10:36:27,912 [pool-461-thread-1] INFO  storage.RaftStorage (RaftStorage.java:format(72)) - Storage directory /workdir/hadoop-ozone/integration-test/target/test-dir/MiniOzoneClusterImpl-18caebed-eb19-4fa4-8af2-b6a2e1f418d7/datanode-2/data/ratis/708e8847-b02b-491d-9eda-89d855178f06 has been successfully formatted.
2019-08-27 10:36:27,912 [pool-450-thread-1] INFO  ratis.ContainerStateMachine (ContainerStateMachine.java:loadSnapshot(226)) - group-89D855178F06: The snapshot info is null. Setting the last applied indexto:(t:0, i:~)
2019-08-27 10:36:27,913 [pool-461-thread-1] INFO  ratis.ContainerStateMachine (ContainerStateMachine.java:loadSnapshot(226)) - group-89D855178F06: The snapshot info is null. Setting the last applied indexto:(t:0, i:~)
2019-08-27 10:36:27,913 [pool-450-thread-1] INFO  server.RaftServerConfigKeys (ConfUtils.java:logGet(43)) - raft.server.leader.election.timeout = 120s (custom)
2019-08-27 10:36:27,913 [pool-439-thread-1] INFO  ratis.ContainerStateMachine (ContainerStateMachine.java:loadSnapshot(226)) - group-89D855178F06: The snapshot info is null. Setting the last applied indexto:(t:0, i:~)
2019-08-27 10:36:27,913 [pool-461-thread-1] INFO  server.RaftServerConfigKeys (ConfUtils.java:logGet(43)) - raft.server.leader.election.timeout = 120s (custom)
2019-08-27 10:36:27,913 [pool-439-thread-1] INFO  server.RaftServerConfigKeys (ConfUtils.java:logGet(43)) - raft.server.leader.election.timeout = 120s (custom)
2019-08-27 10:36:27,913 [pool-450-thread-1] INFO  server.RaftServerConfigKeys (ConfUtils.java:logGet(43)) - raft.server.log.use.memory = false (default)
2019-08-27 10:36:27,914 [pool-439-thread-1] INFO  server.RaftServerConfigKeys (ConfUtils.java:logGet(43)) - raft.server.log.use.memory = false (default)
2019-08-27 10:36:27,913 [pool-461-thread-1] INFO  server.RaftServerConfigKeys (ConfUtils.java:logGet(43)) - raft.server.log.use.memory = false (default)
2019-08-27 10:36:27,914 [pool-439-thread-1] INFO  server.RaftServerConfigKeys (ConfUtils.java:logGet(43)) - raft.server.log.purge.gap = 1000000 (custom)
2019-08-27 10:36:27,914 [pool-450-thread-1] INFO  server.RaftServerConfigKeys (ConfUtils.java:logGet(43)) - raft.server.log.purge.gap = 1000000 (custom)
2019-08-27 10:36:27,914 [pool-439-thread-1] INFO  server.RaftServerConfigKeys (ConfUtils.java:logGet(43)) - raft.server.log.appender.buffer.byte-limit = 33554432 (custom)
2019-08-27 10:36:27,914 [pool-461-thread-1] INFO  server.RaftServerConfigKeys (ConfUtils.java:logGet(43)) - raft.server.log.purge.gap = 1000000 (custom)
2019-08-27 10:36:27,914 [pool-439-thread-1] INFO  server.RaftServerConfigKeys (ConfUtils.java:logGet(43)) - raft.server.log.segment.size.max = 1048576 (custom)
2019-08-27 10:36:27,914 [pool-450-thread-1] INFO  server.RaftServerConfigKeys (ConfUtils.java:logGet(43)) - raft.server.log.appender.buffer.byte-limit = 33554432 (custom)
2019-08-27 10:36:27,915 [pool-439-thread-1] INFO  server.RaftServerConfigKeys (ConfUtils.java:logGet(43)) - raft.server.log.segment.cache.num.max = 2 (custom)
2019-08-27 10:36:27,915 [pool-461-thread-1] INFO  server.RaftServerConfigKeys (ConfUtils.java:logGet(43)) - raft.server.log.appender.buffer.byte-limit = 33554432 (custom)
2019-08-27 10:36:27,915 [pool-439-thread-1] INFO  segmented.SegmentedRaftLogWorker (SegmentedRaftLogWorker.java:<init>(172)) - new dd62e4ed-a2db-47f7-bf58-78724b5860e3-SegmentedRaftLogWorker:Storage Directory /workdir/hadoop-ozone/integration-test/target/test-dir/MiniOzoneClusterImpl-18caebed-eb19-4fa4-8af2-b6a2e1f418d7/datanode-0/data/ratis/708e8847-b02b-491d-9eda-89d855178f06 for RaftStorage:Storage Directory /workdir/hadoop-ozone/integration-test/target/test-dir/MiniOzoneClusterImpl-18caebed-eb19-4fa4-8af2-b6a2e1f418d7/datanode-0/data/ratis/708e8847-b02b-491d-9eda-89d855178f06
2019-08-27 10:36:27,915 [pool-450-thread-1] INFO  server.RaftServerConfigKeys (ConfUtils.java:logGet(43)) - raft.server.log.segment.size.max = 1048576 (custom)
2019-08-27 10:36:27,915 [pool-439-thread-1] INFO  server.RaftServerConfigKeys (ConfUtils.java:logGet(43)) - raft.server.log.queue.byte-limit = 2147483647 (custom)
2019-08-27 10:36:27,916 [pool-439-thread-1] INFO  server.RaftServerConfigKeys (ConfUtils.java:logGet(43)) - raft.server.log.queue.element-limit = 1024 (custom)
2019-08-27 10:36:27,915 [pool-461-thread-1] INFO  server.RaftServerConfigKeys (ConfUtils.java:logGet(43)) - raft.server.log.segment.size.max = 1048576 (custom)
2019-08-27 10:36:27,916 [pool-439-thread-1] INFO  server.RaftServerConfigKeys (ConfUtils.java:logGet(43)) - raft.server.log.segment.size.max = 1048576 (custom)
2019-08-27 10:36:27,915 [pool-450-thread-1] INFO  server.RaftServerConfigKeys (ConfUtils.java:logGet(43)) - raft.server.log.segment.cache.num.max = 2 (custom)
2019-08-27 10:36:27,916 [pool-439-thread-1] INFO  server.RaftServerConfigKeys (ConfUtils.java:logGet(43)) - raft.server.log.preallocated.size = 16384 (custom)
2019-08-27 10:36:27,916 [pool-461-thread-1] INFO  server.RaftServerConfigKeys (ConfUtils.java:logGet(43)) - raft.server.log.segment.cache.num.max = 2 (custom)
2019-08-27 10:36:27,916 [pool-439-thread-1] INFO  server.RaftServerConfigKeys (ConfUtils.java:logGet(43)) - raft.server.log.write.buffer.size = 33554432 (custom)
2019-08-27 10:36:27,916 [pool-450-thread-1] INFO  segmented.SegmentedRaftLogWorker (SegmentedRaftLogWorker.java:<init>(172)) - new 459ba28e-6ffc-4a7d-9952-63e257c951d7-SegmentedRaftLogWorker:Storage Directory /workdir/hadoop-ozone/integration-test/target/test-dir/MiniOzoneClusterImpl-18caebed-eb19-4fa4-8af2-b6a2e1f418d7/datanode-1/data/ratis/708e8847-b02b-491d-9eda-89d855178f06 for RaftStorage:Storage Directory /workdir/hadoop-ozone/integration-test/target/test-dir/MiniOzoneClusterImpl-18caebed-eb19-4fa4-8af2-b6a2e1f418d7/datanode-1/data/ratis/708e8847-b02b-491d-9eda-89d855178f06
2019-08-27 10:36:27,916 [pool-439-thread-1] INFO  server.RaftServerConfigKeys (ConfUtils.java:logGet(43)) - raft.server.log.force.sync.num = 128 (default)
2019-08-27 10:36:27,916 [pool-461-thread-1] INFO  segmented.SegmentedRaftLogWorker (SegmentedRaftLogWorker.java:<init>(172)) - new d2464cba-1081-4409-a774-8eb5f579e4eb-SegmentedRaftLogWorker:Storage Directory /workdir/hadoop-ozone/integration-test/target/test-dir/MiniOzoneClusterImpl-18caebed-eb19-4fa4-8af2-b6a2e1f418d7/datanode-2/data/ratis/708e8847-b02b-491d-9eda-89d855178f06 for RaftStorage:Storage Directory /workdir/hadoop-ozone/integration-test/target/test-dir/MiniOzoneClusterImpl-18caebed-eb19-4fa4-8af2-b6a2e1f418d7/datanode-2/data/ratis/708e8847-b02b-491d-9eda-89d855178f06
2019-08-27 10:36:27,917 [pool-439-thread-1] INFO  server.RaftServerConfigKeys (ConfUtils.java:logGet(43)) - raft.server.log.statemachine.data.sync = true (default)
2019-08-27 10:36:27,917 [pool-450-thread-1] INFO  server.RaftServerConfigKeys (ConfUtils.java:logGet(43)) - raft.server.log.queue.byte-limit = 2147483647 (custom)
2019-08-27 10:36:27,917 [pool-439-thread-1] INFO  server.RaftServerConfigKeys (ConfUtils.java:logGet(43)) - raft.server.log.statemachine.data.sync.timeout = 10s (default)
2019-08-27 10:36:27,917 [pool-439-thread-1] INFO  server.RaftServerConfigKeys (ConfUtils.java:logGet(43)) - raft.server.log.statemachine.data.sync.timeout.retry = -1 (default)
2019-08-27 10:36:27,917 [pool-461-thread-1] INFO  server.RaftServerConfigKeys (ConfUtils.java:logGet(43)) - raft.server.log.queue.byte-limit = 2147483647 (custom)
2019-08-27 10:36:27,918 [pool-439-thread-1] INFO  server.RaftServerConfigKeys (ConfUtils.java:logGet(43)) - raft.server.log.statemachine.data.caching.enabled = true (custom)
2019-08-27 10:36:27,917 [pool-450-thread-1] INFO  server.RaftServerConfigKeys (ConfUtils.java:logGet(43)) - raft.server.log.queue.element-limit = 1024 (custom)
2019-08-27 10:36:27,918 [pool-461-thread-1] INFO  server.RaftServerConfigKeys (ConfUtils.java:logGet(43)) - raft.server.log.queue.element-limit = 1024 (custom)
2019-08-27 10:36:27,918 [pool-439-thread-1] INFO  segmented.SegmentedRaftLogWorker (SegmentedRaftLogWorker.java:lambda$new$0(132)) - dd62e4ed-a2db-47f7-bf58-78724b5860e3-SegmentedRaftLogWorker:Storage Directory /workdir/hadoop-ozone/integration-test/target/test-dir/MiniOzoneClusterImpl-18caebed-eb19-4fa4-8af2-b6a2e1f418d7/datanode-0/data/ratis/708e8847-b02b-491d-9eda-89d855178f06: flushIndex: setUnconditionally 0 -> -1
2019-08-27 10:36:27,918 [pool-450-thread-1] INFO  server.RaftServerConfigKeys (ConfUtils.java:logGet(43)) - raft.server.log.segment.size.max = 1048576 (custom)
2019-08-27 10:36:27,918 [pool-461-thread-1] INFO  server.RaftServerConfigKeys (ConfUtils.java:logGet(43)) - raft.server.log.segment.size.max = 1048576 (custom)
2019-08-27 10:36:27,918 [pool-439-thread-1] INFO  server.RaftServerConfigKeys (ConfUtils.java:logGet(43)) - raft.server.snapshot.auto.trigger.enabled = true (custom)
2019-08-27 10:36:27,918 [pool-450-thread-1] INFO  server.RaftServerConfigKeys (ConfUtils.java:logGet(43)) - raft.server.log.preallocated.size = 16384 (custom)
2019-08-27 10:36:27,919 [pool-439-thread-1] INFO  server.RaftServerConfigKeys (ConfUtils.java:logGet(43)) - raft.server.snapshot.auto.trigger.threshold = 10000 (custom)
2019-08-27 10:36:27,918 [pool-461-thread-1] INFO  server.RaftServerConfigKeys (ConfUtils.java:logGet(43)) - raft.server.log.preallocated.size = 16384 (custom)
2019-08-27 10:36:27,919 [pool-439-thread-1] INFO  server.RaftServerConfigKeys (ConfUtils.java:logGet(43)) - raft.server.retrycache.expirytime = 600000ms (custom)
2019-08-27 10:36:27,919 [pool-450-thread-1] INFO  server.RaftServerConfigKeys (ConfUtils.java:logGet(43)) - raft.server.log.write.buffer.size = 33554432 (custom)
2019-08-27 10:36:27,919 [pool-439-thread-1] INFO  impl.RaftServerImpl (RaftServerImpl.java:start(180)) - dd62e4ed-a2db-47f7-bf58-78724b5860e3: start group-89D855178F06
2019-08-27 10:36:27,919 [pool-461-thread-1] INFO  server.RaftServerConfigKeys (ConfUtils.java:logGet(43)) - raft.server.log.write.buffer.size = 33554432 (custom)
2019-08-27 10:36:27,919 [pool-439-thread-1] INFO  impl.RaftServerImpl (RaftServerImpl.java:setRole(171)) - dd62e4ed-a2db-47f7-bf58-78724b5860e3:group-89D855178F06 changes role from null to FOLLOWER at term 0 for startAsFollower
2019-08-27 10:36:27,919 [pool-450-thread-1] INFO  server.RaftServerConfigKeys (ConfUtils.java:logGet(43)) - raft.server.log.force.sync.num = 128 (default)
2019-08-27 10:36:27,920 [pool-439-thread-1] INFO  impl.RoleInfo (RoleInfo.java:updateAndGet(143)) - dd62e4ed-a2db-47f7-bf58-78724b5860e3: start FollowerState
2019-08-27 10:36:27,920 [pool-461-thread-1] INFO  server.RaftServerConfigKeys (ConfUtils.java:logGet(43)) - raft.server.log.force.sync.num = 128 (default)
2019-08-27 10:36:27,920 [pool-450-thread-1] INFO  server.RaftServerConfigKeys (ConfUtils.java:logGet(43)) - raft.server.log.statemachine.data.sync = true (default)
2019-08-27 10:36:27,920 [pool-461-thread-1] INFO  server.RaftServerConfigKeys (ConfUtils.java:logGet(43)) - raft.server.log.statemachine.data.sync = true (default)
2019-08-27 10:36:27,937 [pool-439-thread-1] INFO  util.JmxRegister (JmxRegister.java:tryRegister(44)) - Successfully registered JMX Bean with object name Ratis:service=RaftServer,group=group-89D855178F06,id=dd62e4ed-a2db-47f7-bf58-78724b5860e3
2019-08-27 10:36:27,920 [pool-450-thread-1] INFO  server.RaftServerConfigKeys (ConfUtils.java:logGet(43)) - raft.server.log.statemachine.data.sync.timeout = 10s (default)
2019-08-27 10:36:27,937 [pool-461-thread-1] INFO  server.RaftServerConfigKeys (ConfUtils.java:logGet(43)) - raft.server.log.statemachine.data.sync.timeout = 10s (default)
2019-08-27 10:36:27,937 [pool-450-thread-1] INFO  server.RaftServerConfigKeys (ConfUtils.java:logGet(43)) - raft.server.log.statemachine.data.sync.timeout.retry = -1 (default)
2019-08-27 10:36:27,937 [pool-461-thread-1] INFO  server.RaftServerConfigKeys (ConfUtils.java:logGet(43)) - raft.server.log.statemachine.data.sync.timeout.retry = -1 (default)
2019-08-27 10:36:27,944 [pool-450-thread-1] INFO  server.RaftServerConfigKeys (ConfUtils.java:logGet(43)) - raft.server.log.statemachine.data.caching.enabled = true (custom)
2019-08-27 10:36:27,944 [pool-461-thread-1] INFO  server.RaftServerConfigKeys (ConfUtils.java:logGet(43)) - raft.server.log.statemachine.data.caching.enabled = true (custom)
2019-08-27 10:36:27,945 [pool-450-thread-1] INFO  segmented.SegmentedRaftLogWorker (SegmentedRaftLogWorker.java:lambda$new$0(132)) - 459ba28e-6ffc-4a7d-9952-63e257c951d7-SegmentedRaftLogWorker:Storage Directory /workdir/hadoop-ozone/integration-test/target/test-dir/MiniOzoneClusterImpl-18caebed-eb19-4fa4-8af2-b6a2e1f418d7/datanode-1/data/ratis/708e8847-b02b-491d-9eda-89d855178f06: flushIndex: setUnconditionally 0 -> -1
2019-08-27 10:36:27,945 [pool-461-thread-1] INFO  segmented.SegmentedRaftLogWorker (SegmentedRaftLogWorker.java:lambda$new$0(132)) - d2464cba-1081-4409-a774-8eb5f579e4eb-SegmentedRaftLogWorker:Storage Directory /workdir/hadoop-ozone/integration-test/target/test-dir/MiniOzoneClusterImpl-18caebed-eb19-4fa4-8af2-b6a2e1f418d7/datanode-2/data/ratis/708e8847-b02b-491d-9eda-89d855178f06: flushIndex: setUnconditionally 0 -> -1
2019-08-27 10:36:27,945 [pool-450-thread-1] INFO  server.RaftServerConfigKeys (ConfUtils.java:logGet(43)) - raft.server.snapshot.auto.trigger.enabled = true (custom)
2019-08-27 10:36:27,945 [pool-450-thread-1] INFO  server.RaftServerConfigKeys (ConfUtils.java:logGet(43)) - raft.server.snapshot.auto.trigger.threshold = 10000 (custom)
2019-08-27 10:36:27,945 [pool-450-thread-1] INFO  server.RaftServerConfigKeys (ConfUtils.java:logGet(43)) - raft.server.retrycache.expirytime = 600000ms (custom)
2019-08-27 10:36:27,945 [pool-461-thread-1] INFO  server.RaftServerConfigKeys (ConfUtils.java:logGet(43)) - raft.server.snapshot.auto.trigger.enabled = true (custom)
2019-08-27 10:36:27,945 [pool-450-thread-1] INFO  impl.RaftServerImpl (RaftServerImpl.java:start(180)) - 459ba28e-6ffc-4a7d-9952-63e257c951d7: start group-89D855178F06
2019-08-27 10:36:27,945 [pool-461-thread-1] INFO  server.RaftServerConfigKeys (ConfUtils.java:logGet(43)) - raft.server.snapshot.auto.trigger.threshold = 10000 (custom)
2019-08-27 10:36:27,946 [pool-450-thread-1] INFO  impl.RaftServerImpl (RaftServerImpl.java:setRole(171)) - 459ba28e-6ffc-4a7d-9952-63e257c951d7:group-89D855178F06 changes role from null to FOLLOWER at term 0 for startAsFollower
2019-08-27 10:36:27,946 [pool-461-thread-1] INFO  server.RaftServerConfigKeys (ConfUtils.java:logGet(43)) - raft.server.retrycache.expirytime = 600000ms (custom)
2019-08-27 10:36:27,946 [pool-450-thread-1] INFO  impl.RoleInfo (RoleInfo.java:updateAndGet(143)) - 459ba28e-6ffc-4a7d-9952-63e257c951d7: start FollowerState
2019-08-27 10:36:27,946 [pool-461-thread-1] INFO  impl.RaftServerImpl (RaftServerImpl.java:start(180)) - d2464cba-1081-4409-a774-8eb5f579e4eb: start group-89D855178F06
2019-08-27 10:36:27,946 [pool-461-thread-1] INFO  impl.RaftServerImpl (RaftServerImpl.java:setRole(171)) - d2464cba-1081-4409-a774-8eb5f579e4eb:group-89D855178F06 changes role from null to FOLLOWER at term 0 for startAsFollower
2019-08-27 10:36:27,946 [pool-450-thread-1] INFO  util.JmxRegister (JmxRegister.java:tryRegister(44)) - Successfully registered JMX Bean with object name Ratis:service=RaftServer,group=group-89D855178F06,id=459ba28e-6ffc-4a7d-9952-63e257c951d7
2019-08-27 10:36:27,946 [pool-461-thread-1] INFO  impl.RoleInfo (RoleInfo.java:updateAndGet(143)) - d2464cba-1081-4409-a774-8eb5f579e4eb: start FollowerState
2019-08-27 10:36:27,947 [pool-461-thread-1] INFO  util.JmxRegister (JmxRegister.java:tryRegister(44)) - Successfully registered JMX Bean with object name Ratis:service=RaftServer,group=group-89D855178F06,id=d2464cba-1081-4409-a774-8eb5f579e4eb
2019-08-27 10:36:27,949 [RatisPipelineUtilsThread] INFO  pipeline.PipelineStateManager (PipelineStateManager.java:addPipeline(56)) - Created pipeline Pipeline[ Id: 708e8847-b02b-491d-9eda-89d855178f06, Nodes: dd62e4ed-a2db-47f7-bf58-78724b5860e3{ip: 192.168.5.140, host: pr-hdds-1982-decom-states-5k2nc-2490103652, networkLocation: /default-rack, certSerialId: null}d2464cba-1081-4409-a774-8eb5f579e4eb{ip: 192.168.5.140, host: pr-hdds-1982-decom-states-5k2nc-2490103652, networkLocation: /default-rack, certSerialId: null}459ba28e-6ffc-4a7d-9952-63e257c951d7{ip: 192.168.5.140, host: pr-hdds-1982-decom-states-5k2nc-2490103652, networkLocation: /default-rack, certSerialId: null}, Type:RATIS, Factor:THREE, State:OPEN]
2019-08-27 10:36:28,281 [IPC Server handler 2 on 35477] INFO  net.NetworkTopology (NetworkTopologyImpl.java:add(110)) - Added a new node: /default-rack/4bb5b58a-22ee-4995-9249-f3ef27533d15
2019-08-27 10:36:28,281 [IPC Server handler 2 on 35477] INFO  node.SCMNodeManager (SCMNodeManager.java:register(273)) - Registered Data node : 4bb5b58a-22ee-4995-9249-f3ef27533d15{ip: 192.168.5.140, host: pr-hdds-1982-decom-states-5k2nc-2490103652, networkLocation: /default-rack, certSerialId: null}
2019-08-27 10:36:28,285 | INFO  | SCMAudit | user=jenkins1000 | ip=192.168.5.140 | op=REGISTER {datanodeDetails=4bb5b58a-22ee-4995-9249-f3ef27533d15{ip: 192.168.5.140, host: pr-hdds-1982-decom-states-5k2nc-2490103652, networkLocation: /default-rack, certSerialId: null}} | ret=SUCCESS |  
2019-08-27 10:36:28,292 [grpc-default-executor-8] INFO  impl.RaftServerProxy (RaftServerProxy.java:addNew(89)) - 4bb5b58a-22ee-4995-9249-f3ef27533d15: addNew group-E324330176E5:[4bb5b58a-22ee-4995-9249-f3ef27533d15:192.168.5.140:32832] returns group-E324330176E5:java.util.concurrent.CompletableFuture@444fa3cc[Not completed]
2019-08-27 10:36:28,294 [pool-472-thread-1] INFO  impl.RaftServerImpl (RaftServerImpl.java:<init>(93)) - 4bb5b58a-22ee-4995-9249-f3ef27533d15: new RaftServerImpl for group-E324330176E5:[4bb5b58a-22ee-4995-9249-f3ef27533d15:192.168.5.140:32832] with ContainerStateMachine:uninitialized
2019-08-27 10:36:28,294 [pool-472-thread-1] INFO  server.RaftServerConfigKeys (ConfUtils.java:logGet(43)) - raft.server.rpc.timeout.min = 5s (custom)
2019-08-27 10:36:28,295 [pool-472-thread-1] INFO  server.RaftServerConfigKeys (ConfUtils.java:logGet(43)) - raft.server.rpc.timeout.max = 5200ms (custom)
2019-08-27 10:36:28,295 [pool-472-thread-1] INFO  server.RaftServerConfigKeys (ConfUtils.java:logGet(43)) - raft.server.rpcslowness.timeout = 120s (custom)
2019-08-27 10:36:28,295 [pool-472-thread-1] INFO  server.RaftServerConfigKeys (ConfUtils.java:logGet(43)) - raft.server.sleep.deviation.threshold = 300 (default)
2019-08-27 10:36:28,295 [pool-472-thread-1] INFO  server.RaftServerConfigKeys (ConfUtils.java:logGet(43)) - raft.server.log.appender.install.snapshot.enabled = false (custom)
2019-08-27 10:36:28,295 [pool-472-thread-1] INFO  impl.RaftServerImpl (ServerState.java:<init>(105)) - 4bb5b58a-22ee-4995-9249-f3ef27533d15:group-E324330176E5 ConfigurationManager, init=-1: [4bb5b58a-22ee-4995-9249-f3ef27533d15:192.168.5.140:32832], old=null, confs=<EMPTY_MAP>
2019-08-27 10:36:28,295 [pool-472-thread-1] INFO  server.RaftServerConfigKeys (ConfUtils.java:logGet(43)) - raft.server.storage.dir = [/workdir/hadoop-ozone/integration-test/target/test-dir/MiniOzoneClusterImpl-18caebed-eb19-4fa4-8af2-b6a2e1f418d7/datanode-3/data/ratis] (custom)
2019-08-27 10:36:28,296 [pool-472-thread-1] INFO  storage.RaftStorageDirectory (RaftStorageDirectory.java:analyzeStorage(246)) - The storage directory /workdir/hadoop-ozone/integration-test/target/test-dir/MiniOzoneClusterImpl-18caebed-eb19-4fa4-8af2-b6a2e1f418d7/datanode-3/data/ratis/c53f06e9-866b-40b1-91a7-e324330176e5 does not exist. Creating ...
2019-08-27 10:36:28,309 [pool-472-thread-1] INFO  storage.RaftStorageDirectory (RaftStorageDirectory.java:tryLock(328)) - Lock on /workdir/hadoop-ozone/integration-test/target/test-dir/MiniOzoneClusterImpl-18caebed-eb19-4fa4-8af2-b6a2e1f418d7/datanode-3/data/ratis/c53f06e9-866b-40b1-91a7-e324330176e5/in_use.lock acquired by nodename 25300@pr-hdds-1982-decom-states-5k2nc-2490103652
2019-08-27 10:36:28,322 [pool-472-thread-1] INFO  storage.RaftStorage (RaftStorage.java:format(72)) - Storage directory /workdir/hadoop-ozone/integration-test/target/test-dir/MiniOzoneClusterImpl-18caebed-eb19-4fa4-8af2-b6a2e1f418d7/datanode-3/data/ratis/c53f06e9-866b-40b1-91a7-e324330176e5 has been successfully formatted.
2019-08-27 10:36:28,323 [pool-472-thread-1] INFO  ratis.ContainerStateMachine (ContainerStateMachine.java:loadSnapshot(226)) - group-E324330176E5: The snapshot info is null. Setting the last applied indexto:(t:0, i:~)
2019-08-27 10:36:28,323 [pool-472-thread-1] INFO  server.RaftServerConfigKeys (ConfUtils.java:logGet(43)) - raft.server.leader.election.timeout = 120s (custom)
2019-08-27 10:36:28,323 [pool-472-thread-1] INFO  server.RaftServerConfigKeys (ConfUtils.java:logGet(43)) - raft.server.log.use.memory = false (default)
2019-08-27 10:36:28,323 [pool-472-thread-1] INFO  server.RaftServerConfigKeys (ConfUtils.java:logGet(43)) - raft.server.log.purge.gap = 1000000 (custom)
2019-08-27 10:36:28,323 [pool-472-thread-1] INFO  server.RaftServerConfigKeys (ConfUtils.java:logGet(43)) - raft.server.log.appender.buffer.byte-limit = 33554432 (custom)
2019-08-27 10:36:28,323 [pool-472-thread-1] INFO  server.RaftServerConfigKeys (ConfUtils.java:logGet(43)) - raft.server.log.segment.size.max = 1048576 (custom)
2019-08-27 10:36:28,324 [pool-472-thread-1] INFO  server.RaftServerConfigKeys (ConfUtils.java:logGet(43)) - raft.server.log.segment.cache.num.max = 2 (custom)
2019-08-27 10:36:28,324 [pool-472-thread-1] INFO  segmented.SegmentedRaftLogWorker (SegmentedRaftLogWorker.java:<init>(172)) - new 4bb5b58a-22ee-4995-9249-f3ef27533d15-SegmentedRaftLogWorker:Storage Directory /workdir/hadoop-ozone/integration-test/target/test-dir/MiniOzoneClusterImpl-18caebed-eb19-4fa4-8af2-b6a2e1f418d7/datanode-3/data/ratis/c53f06e9-866b-40b1-91a7-e324330176e5 for RaftStorage:Storage Directory /workdir/hadoop-ozone/integration-test/target/test-dir/MiniOzoneClusterImpl-18caebed-eb19-4fa4-8af2-b6a2e1f418d7/datanode-3/data/ratis/c53f06e9-866b-40b1-91a7-e324330176e5
2019-08-27 10:36:28,324 [pool-472-thread-1] INFO  server.RaftServerConfigKeys (ConfUtils.java:logGet(43)) - raft.server.log.queue.byte-limit = 2147483647 (custom)
2019-08-27 10:36:28,324 [pool-472-thread-1] INFO  server.RaftServerConfigKeys (ConfUtils.java:logGet(43)) - raft.server.log.queue.element-limit = 1024 (custom)
2019-08-27 10:36:28,324 [pool-472-thread-1] INFO  server.RaftServerConfigKeys (ConfUtils.java:logGet(43)) - raft.server.log.segment.size.max = 1048576 (custom)
2019-08-27 10:36:28,324 [pool-472-thread-1] INFO  server.RaftServerConfigKeys (ConfUtils.java:logGet(43)) - raft.server.log.preallocated.size = 16384 (custom)
2019-08-27 10:36:28,325 [pool-472-thread-1] INFO  server.RaftServerConfigKeys (ConfUtils.java:logGet(43)) - raft.server.log.write.buffer.size = 33554432 (custom)
2019-08-27 10:36:28,325 [pool-472-thread-1] INFO  server.RaftServerConfigKeys (ConfUtils.java:logGet(43)) - raft.server.log.force.sync.num = 128 (default)
2019-08-27 10:36:28,325 [pool-472-thread-1] INFO  server.RaftServerConfigKeys (ConfUtils.java:logGet(43)) - raft.server.log.statemachine.data.sync = true (default)
2019-08-27 10:36:28,325 [pool-472-thread-1] INFO  server.RaftServerConfigKeys (ConfUtils.java:logGet(43)) - raft.server.log.statemachine.data.sync.timeout = 10s (default)
2019-08-27 10:36:28,325 [pool-472-thread-1] INFO  server.RaftServerConfigKeys (ConfUtils.java:logGet(43)) - raft.server.log.statemachine.data.sync.timeout.retry = -1 (default)
2019-08-27 10:36:28,325 [pool-472-thread-1] INFO  server.RaftServerConfigKeys (ConfUtils.java:logGet(43)) - raft.server.log.statemachine.data.caching.enabled = true (custom)
2019-08-27 10:36:28,326 [pool-472-thread-1] INFO  segmented.SegmentedRaftLogWorker (SegmentedRaftLogWorker.java:lambda$new$0(132)) - 4bb5b58a-22ee-4995-9249-f3ef27533d15-SegmentedRaftLogWorker:Storage Directory /workdir/hadoop-ozone/integration-test/target/test-dir/MiniOzoneClusterImpl-18caebed-eb19-4fa4-8af2-b6a2e1f418d7/datanode-3/data/ratis/c53f06e9-866b-40b1-91a7-e324330176e5: flushIndex: setUnconditionally 0 -> -1
2019-08-27 10:36:28,326 [pool-472-thread-1] INFO  server.RaftServerConfigKeys (ConfUtils.java:logGet(43)) - raft.server.snapshot.auto.trigger.enabled = true (custom)
2019-08-27 10:36:28,326 [pool-472-thread-1] INFO  server.RaftServerConfigKeys (ConfUtils.java:logGet(43)) - raft.server.snapshot.auto.trigger.threshold = 10000 (custom)
2019-08-27 10:36:28,326 [pool-472-thread-1] INFO  server.RaftServerConfigKeys (ConfUtils.java:logGet(43)) - raft.server.retrycache.expirytime = 600000ms (custom)
2019-08-27 10:36:28,327 [pool-472-thread-1] INFO  impl.RaftServerImpl (RaftServerImpl.java:start(180)) - 4bb5b58a-22ee-4995-9249-f3ef27533d15: start group-E324330176E5
2019-08-27 10:36:28,327 [pool-472-thread-1] INFO  impl.RaftServerImpl (RaftServerImpl.java:setRole(171)) - 4bb5b58a-22ee-4995-9249-f3ef27533d15:group-E324330176E5 changes role from null to FOLLOWER at term 0 for startAsFollower
2019-08-27 10:36:28,327 [pool-472-thread-1] INFO  impl.RoleInfo (RoleInfo.java:updateAndGet(143)) - 4bb5b58a-22ee-4995-9249-f3ef27533d15: start FollowerState
2019-08-27 10:36:28,327 [pool-472-thread-1] INFO  util.JmxRegister (JmxRegister.java:tryRegister(44)) - Successfully registered JMX Bean with object name Ratis:service=RaftServer,group=group-E324330176E5,id=4bb5b58a-22ee-4995-9249-f3ef27533d15
2019-08-27 10:36:28,330 [RatisPipelineUtilsThread] INFO  pipeline.PipelineStateManager (PipelineStateManager.java:addPipeline(56)) - Created pipeline Pipeline[ Id: c53f06e9-866b-40b1-91a7-e324330176e5, Nodes: 4bb5b58a-22ee-4995-9249-f3ef27533d15{ip: 192.168.5.140, host: pr-hdds-1982-decom-states-5k2nc-2490103652, networkLocation: /default-rack, certSerialId: null}, Type:RATIS, Factor:ONE, State:OPEN]
2019-08-27 10:36:28,466 [IPC Server handler 4 on 35477] INFO  net.NetworkTopology (NetworkTopologyImpl.java:add(110)) - Added a new node: /default-rack/dfd95c04-3001-4f3e-bdbe-a78070f2513e
2019-08-27 10:36:28,467 [IPC Server handler 4 on 35477] INFO  node.SCMNodeManager (SCMNodeManager.java:register(273)) - Registered Data node : dfd95c04-3001-4f3e-bdbe-a78070f2513e{ip: 192.168.5.140, host: pr-hdds-1982-decom-states-5k2nc-2490103652, networkLocation: /default-rack, certSerialId: null}
2019-08-27 10:36:28,467 | INFO  | SCMAudit | user=jenkins1000 | ip=192.168.5.140 | op=REGISTER {datanodeDetails=dfd95c04-3001-4f3e-bdbe-a78070f2513e{ip: 192.168.5.140, host: pr-hdds-1982-decom-states-5k2nc-2490103652, networkLocation: /default-rack, certSerialId: null}} | ret=SUCCESS |  
2019-08-27 10:36:28,475 [grpc-default-executor-8] INFO  impl.RaftServerProxy (RaftServerProxy.java:addNew(89)) - dfd95c04-3001-4f3e-bdbe-a78070f2513e: addNew group-0377B8BE13B3:[dfd95c04-3001-4f3e-bdbe-a78070f2513e:192.168.5.140:41050] returns group-0377B8BE13B3:java.util.concurrent.CompletableFuture@170cf872[Not completed]
2019-08-27 10:36:28,476 [pool-483-thread-1] INFO  impl.RaftServerImpl (RaftServerImpl.java:<init>(93)) - dfd95c04-3001-4f3e-bdbe-a78070f2513e: new RaftServerImpl for group-0377B8BE13B3:[dfd95c04-3001-4f3e-bdbe-a78070f2513e:192.168.5.140:41050] with ContainerStateMachine:uninitialized
2019-08-27 10:36:28,476 [pool-483-thread-1] INFO  server.RaftServerConfigKeys (ConfUtils.java:logGet(43)) - raft.server.rpc.timeout.min = 5s (custom)
2019-08-27 10:36:28,476 [pool-483-thread-1] INFO  server.RaftServerConfigKeys (ConfUtils.java:logGet(43)) - raft.server.rpc.timeout.max = 5200ms (custom)
2019-08-27 10:36:28,477 [pool-483-thread-1] INFO  server.RaftServerConfigKeys (ConfUtils.java:logGet(43)) - raft.server.rpcslowness.timeout = 120s (custom)
2019-08-27 10:36:28,477 [pool-483-thread-1] INFO  server.RaftServerConfigKeys (ConfUtils.java:logGet(43)) - raft.server.sleep.deviation.threshold = 300 (default)
2019-08-27 10:36:28,477 [pool-483-thread-1] INFO  server.RaftServerConfigKeys (ConfUtils.java:logGet(43)) - raft.server.log.appender.install.snapshot.enabled = false (custom)
2019-08-27 10:36:28,477 [pool-483-thread-1] INFO  impl.RaftServerImpl (ServerState.java:<init>(105)) - dfd95c04-3001-4f3e-bdbe-a78070f2513e:group-0377B8BE13B3 ConfigurationManager, init=-1: [dfd95c04-3001-4f3e-bdbe-a78070f2513e:192.168.5.140:41050], old=null, confs=<EMPTY_MAP>
2019-08-27 10:36:28,477 [pool-483-thread-1] INFO  server.RaftServerConfigKeys (ConfUtils.java:logGet(43)) - raft.server.storage.dir = [/workdir/hadoop-ozone/integration-test/target/test-dir/MiniOzoneClusterImpl-18caebed-eb19-4fa4-8af2-b6a2e1f418d7/datanode-4/data/ratis] (custom)
2019-08-27 10:36:28,478 [pool-483-thread-1] INFO  storage.RaftStorageDirectory (RaftStorageDirectory.java:analyzeStorage(246)) - The storage directory /workdir/hadoop-ozone/integration-test/target/test-dir/MiniOzoneClusterImpl-18caebed-eb19-4fa4-8af2-b6a2e1f418d7/datanode-4/data/ratis/53641d54-573c-4d3a-a6af-0377b8be13b3 does not exist. Creating ...
2019-08-27 10:36:28,491 [pool-483-thread-1] INFO  storage.RaftStorageDirectory (RaftStorageDirectory.java:tryLock(328)) - Lock on /workdir/hadoop-ozone/integration-test/target/test-dir/MiniOzoneClusterImpl-18caebed-eb19-4fa4-8af2-b6a2e1f418d7/datanode-4/data/ratis/53641d54-573c-4d3a-a6af-0377b8be13b3/in_use.lock acquired by nodename 25300@pr-hdds-1982-decom-states-5k2nc-2490103652
2019-08-27 10:36:28,504 [pool-483-thread-1] INFO  storage.RaftStorage (RaftStorage.java:format(72)) - Storage directory /workdir/hadoop-ozone/integration-test/target/test-dir/MiniOzoneClusterImpl-18caebed-eb19-4fa4-8af2-b6a2e1f418d7/datanode-4/data/ratis/53641d54-573c-4d3a-a6af-0377b8be13b3 has been successfully formatted.
2019-08-27 10:36:28,505 [pool-483-thread-1] INFO  ratis.ContainerStateMachine (ContainerStateMachine.java:loadSnapshot(226)) - group-0377B8BE13B3: The snapshot info is null. Setting the last applied indexto:(t:0, i:~)
2019-08-27 10:36:28,505 [pool-483-thread-1] INFO  server.RaftServerConfigKeys (ConfUtils.java:logGet(43)) - raft.server.leader.election.timeout = 120s (custom)
2019-08-27 10:36:28,505 [pool-483-thread-1] INFO  server.RaftServerConfigKeys (ConfUtils.java:logGet(43)) - raft.server.log.use.memory = false (default)
2019-08-27 10:36:28,505 [pool-483-thread-1] INFO  server.RaftServerConfigKeys (ConfUtils.java:logGet(43)) - raft.server.log.purge.gap = 1000000 (custom)
2019-08-27 10:36:28,505 [pool-483-thread-1] INFO  server.RaftServerConfigKeys (ConfUtils.java:logGet(43)) - raft.server.log.appender.buffer.byte-limit = 33554432 (custom)
2019-08-27 10:36:28,505 [pool-483-thread-1] INFO  server.RaftServerConfigKeys (ConfUtils.java:logGet(43)) - raft.server.log.segment.size.max = 1048576 (custom)
2019-08-27 10:36:28,505 [pool-483-thread-1] INFO  server.RaftServerConfigKeys (ConfUtils.java:logGet(43)) - raft.server.log.segment.cache.num.max = 2 (custom)
2019-08-27 10:36:28,506 [pool-483-thread-1] INFO  segmented.SegmentedRaftLogWorker (SegmentedRaftLogWorker.java:<init>(172)) - new dfd95c04-3001-4f3e-bdbe-a78070f2513e-SegmentedRaftLogWorker:Storage Directory /workdir/hadoop-ozone/integration-test/target/test-dir/MiniOzoneClusterImpl-18caebed-eb19-4fa4-8af2-b6a2e1f418d7/datanode-4/data/ratis/53641d54-573c-4d3a-a6af-0377b8be13b3 for RaftStorage:Storage Directory /workdir/hadoop-ozone/integration-test/target/test-dir/MiniOzoneClusterImpl-18caebed-eb19-4fa4-8af2-b6a2e1f418d7/datanode-4/data/ratis/53641d54-573c-4d3a-a6af-0377b8be13b3
2019-08-27 10:36:28,506 [pool-483-thread-1] INFO  server.RaftServerConfigKeys (ConfUtils.java:logGet(43)) - raft.server.log.queue.byte-limit = 2147483647 (custom)
2019-08-27 10:36:28,506 [pool-483-thread-1] INFO  server.RaftServerConfigKeys (ConfUtils.java:logGet(43)) - raft.server.log.queue.element-limit = 1024 (custom)
2019-08-27 10:36:28,506 [pool-483-thread-1] INFO  server.RaftServerConfigKeys (ConfUtils.java:logGet(43)) - raft.server.log.segment.size.max = 1048576 (custom)
2019-08-27 10:36:28,506 [pool-483-thread-1] INFO  server.RaftServerConfigKeys (ConfUtils.java:logGet(43)) - raft.server.log.preallocated.size = 16384 (custom)
2019-08-27 10:36:28,506 [pool-483-thread-1] INFO  server.RaftServerConfigKeys (ConfUtils.java:logGet(43)) - raft.server.log.write.buffer.size = 33554432 (custom)
2019-08-27 10:36:28,507 [pool-483-thread-1] INFO  server.RaftServerConfigKeys (ConfUtils.java:logGet(43)) - raft.server.log.force.sync.num = 128 (default)
2019-08-27 10:36:28,507 [pool-483-thread-1] INFO  server.RaftServerConfigKeys (ConfUtils.java:logGet(43)) - raft.server.log.statemachine.data.sync = true (default)
2019-08-27 10:36:28,507 [pool-483-thread-1] INFO  server.RaftServerConfigKeys (ConfUtils.java:logGet(43)) - raft.server.log.statemachine.data.sync.timeout = 10s (default)
2019-08-27 10:36:28,507 [pool-483-thread-1] INFO  server.RaftServerConfigKeys (ConfUtils.java:logGet(43)) - raft.server.log.statemachine.data.sync.timeout.retry = -1 (default)
2019-08-27 10:36:28,507 [pool-483-thread-1] INFO  server.RaftServerConfigKeys (ConfUtils.java:logGet(43)) - raft.server.log.statemachine.data.caching.enabled = true (custom)
2019-08-27 10:36:28,508 [pool-483-thread-1] INFO  segmented.SegmentedRaftLogWorker (SegmentedRaftLogWorker.java:lambda$new$0(132)) - dfd95c04-3001-4f3e-bdbe-a78070f2513e-SegmentedRaftLogWorker:Storage Directory /workdir/hadoop-ozone/integration-test/target/test-dir/MiniOzoneClusterImpl-18caebed-eb19-4fa4-8af2-b6a2e1f418d7/datanode-4/data/ratis/53641d54-573c-4d3a-a6af-0377b8be13b3: flushIndex: setUnconditionally 0 -> -1
2019-08-27 10:36:28,508 [pool-483-thread-1] INFO  server.RaftServerConfigKeys (ConfUtils.java:logGet(43)) - raft.server.snapshot.auto.trigger.enabled = true (custom)
2019-08-27 10:36:28,508 [pool-483-thread-1] INFO  server.RaftServerConfigKeys (ConfUtils.java:logGet(43)) - raft.server.snapshot.auto.trigger.threshold = 10000 (custom)
2019-08-27 10:36:28,508 [pool-483-thread-1] INFO  server.RaftServerConfigKeys (ConfUtils.java:logGet(43)) - raft.server.retrycache.expirytime = 600000ms (custom)
2019-08-27 10:36:28,508 [pool-483-thread-1] INFO  impl.RaftServerImpl (RaftServerImpl.java:start(180)) - dfd95c04-3001-4f3e-bdbe-a78070f2513e: start group-0377B8BE13B3
2019-08-27 10:36:28,509 [pool-483-thread-1] INFO  impl.RaftServerImpl (RaftServerImpl.java:setRole(171)) - dfd95c04-3001-4f3e-bdbe-a78070f2513e:group-0377B8BE13B3 changes role from null to FOLLOWER at term 0 for startAsFollower
2019-08-27 10:36:28,509 [pool-483-thread-1] INFO  impl.RoleInfo (RoleInfo.java:updateAndGet(143)) - dfd95c04-3001-4f3e-bdbe-a78070f2513e: start FollowerState
2019-08-27 10:36:28,509 [pool-483-thread-1] INFO  util.JmxRegister (JmxRegister.java:tryRegister(44)) - Successfully registered JMX Bean with object name Ratis:service=RaftServer,group=group-0377B8BE13B3,id=dfd95c04-3001-4f3e-bdbe-a78070f2513e
2019-08-27 10:36:28,512 [RatisPipelineUtilsThread] INFO  pipeline.PipelineStateManager (PipelineStateManager.java:addPipeline(56)) - Created pipeline Pipeline[ Id: 53641d54-573c-4d3a-a6af-0377b8be13b3, Nodes: dfd95c04-3001-4f3e-bdbe-a78070f2513e{ip: 192.168.5.140, host: pr-hdds-1982-decom-states-5k2nc-2490103652, networkLocation: /default-rack, certSerialId: null}, Type:RATIS, Factor:ONE, State:OPEN]
2019-08-27 10:36:28,644 [IPC Server handler 3 on 35477] INFO  net.NetworkTopology (NetworkTopologyImpl.java:add(110)) - Added a new node: /default-rack/f7569169-9807-4426-a770-13a930b2e221
2019-08-27 10:36:28,644 [IPC Server handler 3 on 35477] INFO  node.SCMNodeManager (SCMNodeManager.java:register(273)) - Registered Data node : f7569169-9807-4426-a770-13a930b2e221{ip: 192.168.5.140, host: pr-hdds-1982-decom-states-5k2nc-2490103652, networkLocation: /default-rack, certSerialId: null}
2019-08-27 10:36:28,644 | INFO  | SCMAudit | user=jenkins1000 | ip=192.168.5.140 | op=REGISTER {datanodeDetails=f7569169-9807-4426-a770-13a930b2e221{ip: 192.168.5.140, host: pr-hdds-1982-decom-states-5k2nc-2490103652, networkLocation: /default-rack, certSerialId: null}} | ret=SUCCESS |  
2019-08-27 10:36:28,651 [grpc-default-executor-8] INFO  impl.RaftServerProxy (RaftServerProxy.java:addNew(89)) - f7569169-9807-4426-a770-13a930b2e221: addNew group-CCB2E1829A6B:[f7569169-9807-4426-a770-13a930b2e221:192.168.5.140:39064] returns group-CCB2E1829A6B:java.util.concurrent.CompletableFuture@6dcb3f2d[Not completed]
2019-08-27 10:36:28,652 [pool-494-thread-1] INFO  impl.RaftServerImpl (RaftServerImpl.java:<init>(93)) - f7569169-9807-4426-a770-13a930b2e221: new RaftServerImpl for group-CCB2E1829A6B:[f7569169-9807-4426-a770-13a930b2e221:192.168.5.140:39064] with ContainerStateMachine:uninitialized
2019-08-27 10:36:28,652 [pool-494-thread-1] INFO  server.RaftServerConfigKeys (ConfUtils.java:logGet(43)) - raft.server.rpc.timeout.min = 5s (custom)
2019-08-27 10:36:28,652 [pool-494-thread-1] INFO  server.RaftServerConfigKeys (ConfUtils.java:logGet(43)) - raft.server.rpc.timeout.max = 5200ms (custom)
2019-08-27 10:36:28,653 [pool-494-thread-1] INFO  server.RaftServerConfigKeys (ConfUtils.java:logGet(43)) - raft.server.rpcslowness.timeout = 120s (custom)
2019-08-27 10:36:28,653 [pool-494-thread-1] INFO  server.RaftServerConfigKeys (ConfUtils.java:logGet(43)) - raft.server.sleep.deviation.threshold = 300 (default)
2019-08-27 10:36:28,653 [pool-494-thread-1] INFO  server.RaftServerConfigKeys (ConfUtils.java:logGet(43)) - raft.server.log.appender.install.snapshot.enabled = false (custom)
2019-08-27 10:36:28,653 [pool-494-thread-1] INFO  impl.RaftServerImpl (ServerState.java:<init>(105)) - f7569169-9807-4426-a770-13a930b2e221:group-CCB2E1829A6B ConfigurationManager, init=-1: [f7569169-9807-4426-a770-13a930b2e221:192.168.5.140:39064], old=null, confs=<EMPTY_MAP>
2019-08-27 10:36:28,653 [pool-494-thread-1] INFO  server.RaftServerConfigKeys (ConfUtils.java:logGet(43)) - raft.server.storage.dir = [/workdir/hadoop-ozone/integration-test/target/test-dir/MiniOzoneClusterImpl-18caebed-eb19-4fa4-8af2-b6a2e1f418d7/datanode-5/data/ratis] (custom)
2019-08-27 10:36:28,654 [pool-494-thread-1] INFO  storage.RaftStorageDirectory (RaftStorageDirectory.java:analyzeStorage(246)) - The storage directory /workdir/hadoop-ozone/integration-test/target/test-dir/MiniOzoneClusterImpl-18caebed-eb19-4fa4-8af2-b6a2e1f418d7/datanode-5/data/ratis/8754a8c2-84a8-4fdd-bc9f-ccb2e1829a6b does not exist. Creating ...
2019-08-27 10:36:28,667 [pool-494-thread-1] INFO  storage.RaftStorageDirectory (RaftStorageDirectory.java:tryLock(328)) - Lock on /workdir/hadoop-ozone/integration-test/target/test-dir/MiniOzoneClusterImpl-18caebed-eb19-4fa4-8af2-b6a2e1f418d7/datanode-5/data/ratis/8754a8c2-84a8-4fdd-bc9f-ccb2e1829a6b/in_use.lock acquired by nodename 25300@pr-hdds-1982-decom-states-5k2nc-2490103652
2019-08-27 10:36:28,683 [pool-494-thread-1] INFO  storage.RaftStorage (RaftStorage.java:format(72)) - Storage directory /workdir/hadoop-ozone/integration-test/target/test-dir/MiniOzoneClusterImpl-18caebed-eb19-4fa4-8af2-b6a2e1f418d7/datanode-5/data/ratis/8754a8c2-84a8-4fdd-bc9f-ccb2e1829a6b has been successfully formatted.
2019-08-27 10:36:28,683 [pool-494-thread-1] INFO  ratis.ContainerStateMachine (ContainerStateMachine.java:loadSnapshot(226)) - group-CCB2E1829A6B: The snapshot info is null. Setting the last applied indexto:(t:0, i:~)
2019-08-27 10:36:28,683 [pool-494-thread-1] INFO  server.RaftServerConfigKeys (ConfUtils.java:logGet(43)) - raft.server.leader.election.timeout = 120s (custom)
2019-08-27 10:36:28,683 [pool-494-thread-1] INFO  server.RaftServerConfigKeys (ConfUtils.java:logGet(43)) - raft.server.log.use.memory = false (default)
2019-08-27 10:36:28,683 [pool-494-thread-1] INFO  server.RaftServerConfigKeys (ConfUtils.java:logGet(43)) - raft.server.log.purge.gap = 1000000 (custom)
2019-08-27 10:36:28,683 [pool-494-thread-1] INFO  server.RaftServerConfigKeys (ConfUtils.java:logGet(43)) - raft.server.log.appender.buffer.byte-limit = 33554432 (custom)
2019-08-27 10:36:28,684 [pool-494-thread-1] INFO  server.RaftServerConfigKeys (ConfUtils.java:logGet(43)) - raft.server.log.segment.size.max = 1048576 (custom)
2019-08-27 10:36:28,684 [pool-494-thread-1] INFO  server.RaftServerConfigKeys (ConfUtils.java:logGet(43)) - raft.server.log.segment.cache.num.max = 2 (custom)
2019-08-27 10:36:28,684 [pool-494-thread-1] INFO  segmented.SegmentedRaftLogWorker (SegmentedRaftLogWorker.java:<init>(172)) - new f7569169-9807-4426-a770-13a930b2e221-SegmentedRaftLogWorker:Storage Directory /workdir/hadoop-ozone/integration-test/target/test-dir/MiniOzoneClusterImpl-18caebed-eb19-4fa4-8af2-b6a2e1f418d7/datanode-5/data/ratis/8754a8c2-84a8-4fdd-bc9f-ccb2e1829a6b for RaftStorage:Storage Directory /workdir/hadoop-ozone/integration-test/target/test-dir/MiniOzoneClusterImpl-18caebed-eb19-4fa4-8af2-b6a2e1f418d7/datanode-5/data/ratis/8754a8c2-84a8-4fdd-bc9f-ccb2e1829a6b
2019-08-27 10:36:28,684 [pool-494-thread-1] INFO  server.RaftServerConfigKeys (ConfUtils.java:logGet(43)) - raft.server.log.queue.byte-limit = 2147483647 (custom)
2019-08-27 10:36:28,684 [pool-494-thread-1] INFO  server.RaftServerConfigKeys (ConfUtils.java:logGet(43)) - raft.server.log.queue.element-limit = 1024 (custom)
2019-08-27 10:36:28,685 [pool-494-thread-1] INFO  server.RaftServerConfigKeys (ConfUtils.java:logGet(43)) - raft.server.log.segment.size.max = 1048576 (custom)
2019-08-27 10:36:28,685 [pool-494-thread-1] INFO  server.RaftServerConfigKeys (ConfUtils.java:logGet(43)) - raft.server.log.preallocated.size = 16384 (custom)
2019-08-27 10:36:28,685 [pool-494-thread-1] INFO  server.RaftServerConfigKeys (ConfUtils.java:logGet(43)) - raft.server.log.write.buffer.size = 33554432 (custom)
2019-08-27 10:36:28,685 [pool-494-thread-1] INFO  server.RaftServerConfigKeys (ConfUtils.java:logGet(43)) - raft.server.log.force.sync.num = 128 (default)
2019-08-27 10:36:28,685 [pool-494-thread-1] INFO  server.RaftServerConfigKeys (ConfUtils.java:logGet(43)) - raft.server.log.statemachine.data.sync = true (default)
2019-08-27 10:36:28,685 [pool-494-thread-1] INFO  server.RaftServerConfigKeys (ConfUtils.java:logGet(43)) - raft.server.log.statemachine.data.sync.timeout = 10s (default)
2019-08-27 10:36:28,685 [pool-494-thread-1] INFO  server.RaftServerConfigKeys (ConfUtils.java:logGet(43)) - raft.server.log.statemachine.data.sync.timeout.retry = -1 (default)
2019-08-27 10:36:28,686 [pool-494-thread-1] INFO  server.RaftServerConfigKeys (ConfUtils.java:logGet(43)) - raft.server.log.statemachine.data.caching.enabled = true (custom)
2019-08-27 10:36:28,686 [pool-494-thread-1] INFO  segmented.SegmentedRaftLogWorker (SegmentedRaftLogWorker.java:lambda$new$0(132)) - f7569169-9807-4426-a770-13a930b2e221-SegmentedRaftLogWorker:Storage Directory /workdir/hadoop-ozone/integration-test/target/test-dir/MiniOzoneClusterImpl-18caebed-eb19-4fa4-8af2-b6a2e1f418d7/datanode-5/data/ratis/8754a8c2-84a8-4fdd-bc9f-ccb2e1829a6b: flushIndex: setUnconditionally 0 -> -1
2019-08-27 10:36:28,686 [pool-494-thread-1] INFO  server.RaftServerConfigKeys (ConfUtils.java:logGet(43)) - raft.server.snapshot.auto.trigger.enabled = true (custom)
2019-08-27 10:36:28,687 [pool-494-thread-1] INFO  server.RaftServerConfigKeys (ConfUtils.java:logGet(43)) - raft.server.snapshot.auto.trigger.threshold = 10000 (custom)
2019-08-27 10:36:28,687 [pool-494-thread-1] INFO  server.RaftServerConfigKeys (ConfUtils.java:logGet(43)) - raft.server.retrycache.expirytime = 600000ms (custom)
2019-08-27 10:36:28,687 [pool-494-thread-1] INFO  impl.RaftServerImpl (RaftServerImpl.java:start(180)) - f7569169-9807-4426-a770-13a930b2e221: start group-CCB2E1829A6B
2019-08-27 10:36:28,687 [pool-494-thread-1] INFO  impl.RaftServerImpl (RaftServerImpl.java:setRole(171)) - f7569169-9807-4426-a770-13a930b2e221:group-CCB2E1829A6B changes role from null to FOLLOWER at term 0 for startAsFollower
2019-08-27 10:36:28,687 [pool-494-thread-1] INFO  impl.RoleInfo (RoleInfo.java:updateAndGet(143)) - f7569169-9807-4426-a770-13a930b2e221: start FollowerState
2019-08-27 10:36:28,688 [pool-494-thread-1] INFO  util.JmxRegister (JmxRegister.java:tryRegister(44)) - Successfully registered JMX Bean with object name Ratis:service=RaftServer,group=group-CCB2E1829A6B,id=f7569169-9807-4426-a770-13a930b2e221
2019-08-27 10:36:28,690 [RatisPipelineUtilsThread] INFO  pipeline.PipelineStateManager (PipelineStateManager.java:addPipeline(56)) - Created pipeline Pipeline[ Id: 8754a8c2-84a8-4fdd-bc9f-ccb2e1829a6b, Nodes: f7569169-9807-4426-a770-13a930b2e221{ip: 192.168.5.140, host: pr-hdds-1982-decom-states-5k2nc-2490103652, networkLocation: /default-rack, certSerialId: null}, Type:RATIS, Factor:ONE, State:OPEN]
2019-08-27 10:36:28,703 [grpc-default-executor-4] INFO  impl.RaftServerProxy (RaftServerProxy.java:addNew(89)) - 4bb5b58a-22ee-4995-9249-f3ef27533d15: addNew group-14C0F834C893:[f7569169-9807-4426-a770-13a930b2e221:192.168.5.140:39064, dfd95c04-3001-4f3e-bdbe-a78070f2513e:192.168.5.140:41050, 4bb5b58a-22ee-4995-9249-f3ef27533d15:192.168.5.140:32832] returns group-14C0F834C893:java.util.concurrent.CompletableFuture@4af4712b[Not completed]
2019-08-27 10:36:28,703 [grpc-default-executor-8] INFO  impl.RaftServerProxy (RaftServerProxy.java:addNew(89)) - dfd95c04-3001-4f3e-bdbe-a78070f2513e: addNew group-14C0F834C893:[f7569169-9807-4426-a770-13a930b2e221:192.168.5.140:39064, dfd95c04-3001-4f3e-bdbe-a78070f2513e:192.168.5.140:41050, 4bb5b58a-22ee-4995-9249-f3ef27533d15:192.168.5.140:32832] returns group-14C0F834C893:java.util.concurrent.CompletableFuture@10d9be34[Not completed]
2019-08-27 10:36:28,703 [grpc-default-executor-3] INFO  impl.RaftServerProxy (RaftServerProxy.java:addNew(89)) - f7569169-9807-4426-a770-13a930b2e221: addNew group-14C0F834C893:[f7569169-9807-4426-a770-13a930b2e221:192.168.5.140:39064, dfd95c04-3001-4f3e-bdbe-a78070f2513e:192.168.5.140:41050, 4bb5b58a-22ee-4995-9249-f3ef27533d15:192.168.5.140:32832] returns group-14C0F834C893:java.util.concurrent.CompletableFuture@4965441c[Not completed]
2019-08-27 10:36:28,704 [pool-472-thread-1] INFO  impl.RaftServerImpl (RaftServerImpl.java:<init>(93)) - 4bb5b58a-22ee-4995-9249-f3ef27533d15: new RaftServerImpl for group-14C0F834C893:[f7569169-9807-4426-a770-13a930b2e221:192.168.5.140:39064, dfd95c04-3001-4f3e-bdbe-a78070f2513e:192.168.5.140:41050, 4bb5b58a-22ee-4995-9249-f3ef27533d15:192.168.5.140:32832] with ContainerStateMachine:uninitialized
2019-08-27 10:36:28,704 [pool-472-thread-1] INFO  server.RaftServerConfigKeys (ConfUtils.java:logGet(43)) - raft.server.rpc.timeout.min = 5s (custom)
2019-08-27 10:36:28,704 [pool-472-thread-1] INFO  server.RaftServerConfigKeys (ConfUtils.java:logGet(43)) - raft.server.rpc.timeout.max = 5200ms (custom)
2019-08-27 10:36:28,704 [pool-472-thread-1] INFO  server.RaftServerConfigKeys (ConfUtils.java:logGet(43)) - raft.server.rpcslowness.timeout = 120s (custom)
2019-08-27 10:36:28,704 [pool-472-thread-1] INFO  server.RaftServerConfigKeys (ConfUtils.java:logGet(43)) - raft.server.sleep.deviation.threshold = 300 (default)
2019-08-27 10:36:28,704 [pool-483-thread-1] INFO  impl.RaftServerImpl (RaftServerImpl.java:<init>(93)) - dfd95c04-3001-4f3e-bdbe-a78070f2513e: new RaftServerImpl for group-14C0F834C893:[f7569169-9807-4426-a770-13a930b2e221:192.168.5.140:39064, dfd95c04-3001-4f3e-bdbe-a78070f2513e:192.168.5.140:41050, 4bb5b58a-22ee-4995-9249-f3ef27533d15:192.168.5.140:32832] with ContainerStateMachine:uninitialized
2019-08-27 10:36:28,704 [pool-472-thread-1] INFO  server.RaftServerConfigKeys (ConfUtils.java:logGet(43)) - raft.server.log.appender.install.snapshot.enabled = false (custom)
2019-08-27 10:36:28,705 [pool-483-thread-1] INFO  server.RaftServerConfigKeys (ConfUtils.java:logGet(43)) - raft.server.rpc.timeout.min = 5s (custom)
2019-08-27 10:36:28,705 [pool-472-thread-1] INFO  impl.RaftServerImpl (ServerState.java:<init>(105)) - 4bb5b58a-22ee-4995-9249-f3ef27533d15:group-14C0F834C893 ConfigurationManager, init=-1: [f7569169-9807-4426-a770-13a930b2e221:192.168.5.140:39064, dfd95c04-3001-4f3e-bdbe-a78070f2513e:192.168.5.140:41050, 4bb5b58a-22ee-4995-9249-f3ef27533d15:192.168.5.140:32832], old=null, confs=<EMPTY_MAP>
2019-08-27 10:36:28,705 [pool-483-thread-1] INFO  server.RaftServerConfigKeys (ConfUtils.java:logGet(43)) - raft.server.rpc.timeout.max = 5200ms (custom)
2019-08-27 10:36:28,705 [pool-494-thread-1] INFO  impl.RaftServerImpl (RaftServerImpl.java:<init>(93)) - f7569169-9807-4426-a770-13a930b2e221: new RaftServerImpl for group-14C0F834C893:[f7569169-9807-4426-a770-13a930b2e221:192.168.5.140:39064, dfd95c04-3001-4f3e-bdbe-a78070f2513e:192.168.5.140:41050, 4bb5b58a-22ee-4995-9249-f3ef27533d15:192.168.5.140:32832] with ContainerStateMachine:uninitialized
2019-08-27 10:36:28,705 [pool-483-thread-1] INFO  server.RaftServerConfigKeys (ConfUtils.java:logGet(43)) - raft.server.rpcslowness.timeout = 120s (custom)
2019-08-27 10:36:28,705 [pool-472-thread-1] INFO  server.RaftServerConfigKeys (ConfUtils.java:logGet(43)) - raft.server.storage.dir = [/workdir/hadoop-ozone/integration-test/target/test-dir/MiniOzoneClusterImpl-18caebed-eb19-4fa4-8af2-b6a2e1f418d7/datanode-3/data/ratis] (custom)
2019-08-27 10:36:28,705 [pool-483-thread-1] INFO  server.RaftServerConfigKeys (ConfUtils.java:logGet(43)) - raft.server.sleep.deviation.threshold = 300 (default)
2019-08-27 10:36:28,705 [pool-494-thread-1] INFO  server.RaftServerConfigKeys (ConfUtils.java:logGet(43)) - raft.server.rpc.timeout.min = 5s (custom)
2019-08-27 10:36:28,706 [pool-472-thread-1] INFO  storage.RaftStorageDirectory (RaftStorageDirectory.java:analyzeStorage(246)) - The storage directory /workdir/hadoop-ozone/integration-test/target/test-dir/MiniOzoneClusterImpl-18caebed-eb19-4fa4-8af2-b6a2e1f418d7/datanode-3/data/ratis/b270dc19-f633-4940-95b4-14c0f834c893 does not exist. Creating ...
2019-08-27 10:36:28,706 [pool-483-thread-1] INFO  server.RaftServerConfigKeys (ConfUtils.java:logGet(43)) - raft.server.log.appender.install.snapshot.enabled = false (custom)
2019-08-27 10:36:28,706 [pool-494-thread-1] INFO  server.RaftServerConfigKeys (ConfUtils.java:logGet(43)) - raft.server.rpc.timeout.max = 5200ms (custom)
2019-08-27 10:36:28,706 [pool-483-thread-1] INFO  impl.RaftServerImpl (ServerState.java:<init>(105)) - dfd95c04-3001-4f3e-bdbe-a78070f2513e:group-14C0F834C893 ConfigurationManager, init=-1: [f7569169-9807-4426-a770-13a930b2e221:192.168.5.140:39064, dfd95c04-3001-4f3e-bdbe-a78070f2513e:192.168.5.140:41050, 4bb5b58a-22ee-4995-9249-f3ef27533d15:192.168.5.140:32832], old=null, confs=<EMPTY_MAP>
2019-08-27 10:36:28,706 [pool-494-thread-1] INFO  server.RaftServerConfigKeys (ConfUtils.java:logGet(43)) - raft.server.rpcslowness.timeout = 120s (custom)
2019-08-27 10:36:28,706 [pool-483-thread-1] INFO  server.RaftServerConfigKeys (ConfUtils.java:logGet(43)) - raft.server.storage.dir = [/workdir/hadoop-ozone/integration-test/target/test-dir/MiniOzoneClusterImpl-18caebed-eb19-4fa4-8af2-b6a2e1f418d7/datanode-4/data/ratis] (custom)
2019-08-27 10:36:28,706 [pool-494-thread-1] INFO  server.RaftServerConfigKeys (ConfUtils.java:logGet(43)) - raft.server.sleep.deviation.threshold = 300 (default)
2019-08-27 10:36:28,707 [pool-494-thread-1] INFO  server.RaftServerConfigKeys (ConfUtils.java:logGet(43)) - raft.server.log.appender.install.snapshot.enabled = false (custom)
2019-08-27 10:36:28,707 [pool-483-thread-1] INFO  storage.RaftStorageDirectory (RaftStorageDirectory.java:analyzeStorage(246)) - The storage directory /workdir/hadoop-ozone/integration-test/target/test-dir/MiniOzoneClusterImpl-18caebed-eb19-4fa4-8af2-b6a2e1f418d7/datanode-4/data/ratis/b270dc19-f633-4940-95b4-14c0f834c893 does not exist. Creating ...
2019-08-27 10:36:28,707 [pool-494-thread-1] INFO  impl.RaftServerImpl (ServerState.java:<init>(105)) - f7569169-9807-4426-a770-13a930b2e221:group-14C0F834C893 ConfigurationManager, init=-1: [f7569169-9807-4426-a770-13a930b2e221:192.168.5.140:39064, dfd95c04-3001-4f3e-bdbe-a78070f2513e:192.168.5.140:41050, 4bb5b58a-22ee-4995-9249-f3ef27533d15:192.168.5.140:32832], old=null, confs=<EMPTY_MAP>
2019-08-27 10:36:28,707 [pool-494-thread-1] INFO  server.RaftServerConfigKeys (ConfUtils.java:logGet(43)) - raft.server.storage.dir = [/workdir/hadoop-ozone/integration-test/target/test-dir/MiniOzoneClusterImpl-18caebed-eb19-4fa4-8af2-b6a2e1f418d7/datanode-5/data/ratis] (custom)
2019-08-27 10:36:28,707 [pool-494-thread-1] INFO  storage.RaftStorageDirectory (RaftStorageDirectory.java:analyzeStorage(246)) - The storage directory /workdir/hadoop-ozone/integration-test/target/test-dir/MiniOzoneClusterImpl-18caebed-eb19-4fa4-8af2-b6a2e1f418d7/datanode-5/data/ratis/b270dc19-f633-4940-95b4-14c0f834c893 does not exist. Creating ...
2019-08-27 10:36:28,720 [pool-472-thread-1] INFO  storage.RaftStorageDirectory (RaftStorageDirectory.java:tryLock(328)) - Lock on /workdir/hadoop-ozone/integration-test/target/test-dir/MiniOzoneClusterImpl-18caebed-eb19-4fa4-8af2-b6a2e1f418d7/datanode-3/data/ratis/b270dc19-f633-4940-95b4-14c0f834c893/in_use.lock acquired by nodename 25300@pr-hdds-1982-decom-states-5k2nc-2490103652
2019-08-27 10:36:28,720 [pool-494-thread-1] INFO  storage.RaftStorageDirectory (RaftStorageDirectory.java:tryLock(328)) - Lock on /workdir/hadoop-ozone/integration-test/target/test-dir/MiniOzoneClusterImpl-18caebed-eb19-4fa4-8af2-b6a2e1f418d7/datanode-5/data/ratis/b270dc19-f633-4940-95b4-14c0f834c893/in_use.lock acquired by nodename 25300@pr-hdds-1982-decom-states-5k2nc-2490103652
2019-08-27 10:36:28,720 [pool-483-thread-1] INFO  storage.RaftStorageDirectory (RaftStorageDirectory.java:tryLock(328)) - Lock on /workdir/hadoop-ozone/integration-test/target/test-dir/MiniOzoneClusterImpl-18caebed-eb19-4fa4-8af2-b6a2e1f418d7/datanode-4/data/ratis/b270dc19-f633-4940-95b4-14c0f834c893/in_use.lock acquired by nodename 25300@pr-hdds-1982-decom-states-5k2nc-2490103652
2019-08-27 10:36:28,735 [pool-494-thread-1] INFO  storage.RaftStorage (RaftStorage.java:format(72)) - Storage directory /workdir/hadoop-ozone/integration-test/target/test-dir/MiniOzoneClusterImpl-18caebed-eb19-4fa4-8af2-b6a2e1f418d7/datanode-5/data/ratis/b270dc19-f633-4940-95b4-14c0f834c893 has been successfully formatted.
2019-08-27 10:36:28,735 [pool-483-thread-1] INFO  storage.RaftStorage (RaftStorage.java:format(72)) - Storage directory /workdir/hadoop-ozone/integration-test/target/test-dir/MiniOzoneClusterImpl-18caebed-eb19-4fa4-8af2-b6a2e1f418d7/datanode-4/data/ratis/b270dc19-f633-4940-95b4-14c0f834c893 has been successfully formatted.
2019-08-27 10:36:28,735 [pool-472-thread-1] INFO  storage.RaftStorage (RaftStorage.java:format(72)) - Storage directory /workdir/hadoop-ozone/integration-test/target/test-dir/MiniOzoneClusterImpl-18caebed-eb19-4fa4-8af2-b6a2e1f418d7/datanode-3/data/ratis/b270dc19-f633-4940-95b4-14c0f834c893 has been successfully formatted.
2019-08-27 10:36:28,735 [pool-483-thread-1] INFO  ratis.ContainerStateMachine (ContainerStateMachine.java:loadSnapshot(226)) - group-14C0F834C893: The snapshot info is null. Setting the last applied indexto:(t:0, i:~)
2019-08-27 10:36:28,735 [pool-494-thread-1] INFO  ratis.ContainerStateMachine (ContainerStateMachine.java:loadSnapshot(226)) - group-14C0F834C893: The snapshot info is null. Setting the last applied indexto:(t:0, i:~)
2019-08-27 10:36:28,735 [pool-483-thread-1] INFO  server.RaftServerConfigKeys (ConfUtils.java:logGet(43)) - raft.server.leader.election.timeout = 120s (custom)
2019-08-27 10:36:28,735 [pool-472-thread-1] INFO  ratis.ContainerStateMachine (ContainerStateMachine.java:loadSnapshot(226)) - group-14C0F834C893: The snapshot info is null. Setting the last applied indexto:(t:0, i:~)
2019-08-27 10:36:28,736 [pool-483-thread-1] INFO  server.RaftServerConfigKeys (ConfUtils.java:logGet(43)) - raft.server.log.use.memory = false (default)
2019-08-27 10:36:28,736 [pool-494-thread-1] INFO  server.RaftServerConfigKeys (ConfUtils.java:logGet(43)) - raft.server.leader.election.timeout = 120s (custom)
2019-08-27 10:36:28,736 [pool-483-thread-1] INFO  server.RaftServerConfigKeys (ConfUtils.java:logGet(43)) - raft.server.log.purge.gap = 1000000 (custom)
2019-08-27 10:36:28,736 [pool-472-thread-1] INFO  server.RaftServerConfigKeys (ConfUtils.java:logGet(43)) - raft.server.leader.election.timeout = 120s (custom)
2019-08-27 10:36:28,736 [pool-483-thread-1] INFO  server.RaftServerConfigKeys (ConfUtils.java:logGet(43)) - raft.server.log.appender.buffer.byte-limit = 33554432 (custom)
2019-08-27 10:36:28,736 [pool-494-thread-1] INFO  server.RaftServerConfigKeys (ConfUtils.java:logGet(43)) - raft.server.log.use.memory = false (default)
2019-08-27 10:36:28,737 [pool-483-thread-1] INFO  server.RaftServerConfigKeys (ConfUtils.java:logGet(43)) - raft.server.log.segment.size.max = 1048576 (custom)
2019-08-27 10:36:28,737 [pool-483-thread-1] INFO  server.RaftServerConfigKeys (ConfUtils.java:logGet(43)) - raft.server.log.segment.cache.num.max = 2 (custom)
2019-08-27 10:36:28,737 [pool-472-thread-1] INFO  server.RaftServerConfigKeys (ConfUtils.java:logGet(43)) - raft.server.log.use.memory = false (default)
2019-08-27 10:36:28,737 [pool-483-thread-1] INFO  segmented.SegmentedRaftLogWorker (SegmentedRaftLogWorker.java:<init>(172)) - new dfd95c04-3001-4f3e-bdbe-a78070f2513e-SegmentedRaftLogWorker:Storage Directory /workdir/hadoop-ozone/integration-test/target/test-dir/MiniOzoneClusterImpl-18caebed-eb19-4fa4-8af2-b6a2e1f418d7/datanode-4/data/ratis/b270dc19-f633-4940-95b4-14c0f834c893 for RaftStorage:Storage Directory /workdir/hadoop-ozone/integration-test/target/test-dir/MiniOzoneClusterImpl-18caebed-eb19-4fa4-8af2-b6a2e1f418d7/datanode-4/data/ratis/b270dc19-f633-4940-95b4-14c0f834c893
2019-08-27 10:36:28,737 [pool-494-thread-1] INFO  server.RaftServerConfigKeys (ConfUtils.java:logGet(43)) - raft.server.log.purge.gap = 1000000 (custom)
2019-08-27 10:36:28,738 [pool-483-thread-1] INFO  server.RaftServerConfigKeys (ConfUtils.java:logGet(43)) - raft.server.log.queue.byte-limit = 2147483647 (custom)
2019-08-27 10:36:28,737 [pool-472-thread-1] INFO  server.RaftServerConfigKeys (ConfUtils.java:logGet(43)) - raft.server.log.purge.gap = 1000000 (custom)
2019-08-27 10:36:28,738 [pool-483-thread-1] INFO  server.RaftServerConfigKeys (ConfUtils.java:logGet(43)) - raft.server.log.queue.element-limit = 1024 (custom)
2019-08-27 10:36:28,738 [pool-494-thread-1] INFO  server.RaftServerConfigKeys (ConfUtils.java:logGet(43)) - raft.server.log.appender.buffer.byte-limit = 33554432 (custom)
2019-08-27 10:36:28,738 [pool-483-thread-1] INFO  server.RaftServerConfigKeys (ConfUtils.java:logGet(43)) - raft.server.log.segment.size.max = 1048576 (custom)
2019-08-27 10:36:28,738 [pool-472-thread-1] INFO  server.RaftServerConfigKeys (ConfUtils.java:logGet(43)) - raft.server.log.appender.buffer.byte-limit = 33554432 (custom)
2019-08-27 10:36:28,738 [pool-483-thread-1] INFO  server.RaftServerConfigKeys (ConfUtils.java:logGet(43)) - raft.server.log.preallocated.size = 16384 (custom)
2019-08-27 10:36:28,738 [pool-494-thread-1] INFO  server.RaftServerConfigKeys (ConfUtils.java:logGet(43)) - raft.server.log.segment.size.max = 1048576 (custom)
2019-08-27 10:36:28,739 [pool-483-thread-1] INFO  server.RaftServerConfigKeys (ConfUtils.java:logGet(43)) - raft.server.log.write.buffer.size = 33554432 (custom)
2019-08-27 10:36:28,739 [pool-472-thread-1] INFO  server.RaftServerConfigKeys (ConfUtils.java:logGet(43)) - raft.server.log.segment.size.max = 1048576 (custom)
2019-08-27 10:36:28,739 [pool-483-thread-1] INFO  server.RaftServerConfigKeys (ConfUtils.java:logGet(43)) - raft.server.log.force.sync.num = 128 (default)
2019-08-27 10:36:28,739 [pool-494-thread-1] INFO  server.RaftServerConfigKeys (ConfUtils.java:logGet(43)) - raft.server.log.segment.cache.num.max = 2 (custom)
2019-08-27 10:36:28,739 [pool-483-thread-1] INFO  server.RaftServerConfigKeys (ConfUtils.java:logGet(43)) - raft.server.log.statemachine.data.sync = true (default)
2019-08-27 10:36:28,739 [pool-472-thread-1] INFO  server.RaftServerConfigKeys (ConfUtils.java:logGet(43)) - raft.server.log.segment.cache.num.max = 2 (custom)
2019-08-27 10:36:28,740 [pool-483-thread-1] INFO  server.RaftServerConfigKeys (ConfUtils.java:logGet(43)) - raft.server.log.statemachine.data.sync.timeout = 10s (default)
2019-08-27 10:36:28,740 [pool-494-thread-1] INFO  segmented.SegmentedRaftLogWorker (SegmentedRaftLogWorker.java:<init>(172)) - new f7569169-9807-4426-a770-13a930b2e221-SegmentedRaftLogWorker:Storage Directory /workdir/hadoop-ozone/integration-test/target/test-dir/MiniOzoneClusterImpl-18caebed-eb19-4fa4-8af2-b6a2e1f418d7/datanode-5/data/ratis/b270dc19-f633-4940-95b4-14c0f834c893 for RaftStorage:Storage Directory /workdir/hadoop-ozone/integration-test/target/test-dir/MiniOzoneClusterImpl-18caebed-eb19-4fa4-8af2-b6a2e1f418d7/datanode-5/data/ratis/b270dc19-f633-4940-95b4-14c0f834c893
2019-08-27 10:36:28,740 [pool-483-thread-1] INFO  server.RaftServerConfigKeys (ConfUtils.java:logGet(43)) - raft.server.log.statemachine.data.sync.timeout.retry = -1 (default)
2019-08-27 10:36:28,740 [pool-472-thread-1] INFO  segmented.SegmentedRaftLogWorker (SegmentedRaftLogWorker.java:<init>(172)) - new 4bb5b58a-22ee-4995-9249-f3ef27533d15-SegmentedRaftLogWorker:Storage Directory /workdir/hadoop-ozone/integration-test/target/test-dir/MiniOzoneClusterImpl-18caebed-eb19-4fa4-8af2-b6a2e1f418d7/datanode-3/data/ratis/b270dc19-f633-4940-95b4-14c0f834c893 for RaftStorage:Storage Directory /workdir/hadoop-ozone/integration-test/target/test-dir/MiniOzoneClusterImpl-18caebed-eb19-4fa4-8af2-b6a2e1f418d7/datanode-3/data/ratis/b270dc19-f633-4940-95b4-14c0f834c893
2019-08-27 10:36:28,741 [pool-483-thread-1] INFO  server.RaftServerConfigKeys (ConfUtils.java:logGet(43)) - raft.server.log.statemachine.data.caching.enabled = true (custom)
2019-08-27 10:36:28,740 [pool-494-thread-1] INFO  server.RaftServerConfigKeys (ConfUtils.java:logGet(43)) - raft.server.log.queue.byte-limit = 2147483647 (custom)
2019-08-27 10:36:28,741 [pool-472-thread-1] INFO  server.RaftServerConfigKeys (ConfUtils.java:logGet(43)) - raft.server.log.queue.byte-limit = 2147483647 (custom)
2019-08-27 10:36:28,741 [pool-483-thread-1] INFO  segmented.SegmentedRaftLogWorker (SegmentedRaftLogWorker.java:lambda$new$0(132)) - dfd95c04-3001-4f3e-bdbe-a78070f2513e-SegmentedRaftLogWorker:Storage Directory /workdir/hadoop-ozone/integration-test/target/test-dir/MiniOzoneClusterImpl-18caebed-eb19-4fa4-8af2-b6a2e1f418d7/datanode-4/data/ratis/b270dc19-f633-4940-95b4-14c0f834c893: flushIndex: setUnconditionally 0 -> -1
2019-08-27 10:36:28,741 [pool-494-thread-1] INFO  server.RaftServerConfigKeys (ConfUtils.java:logGet(43)) - raft.server.log.queue.element-limit = 1024 (custom)
2019-08-27 10:36:28,741 [pool-472-thread-1] INFO  server.RaftServerConfigKeys (ConfUtils.java:logGet(43)) - raft.server.log.queue.element-limit = 1024 (custom)
2019-08-27 10:36:28,742 [pool-483-thread-1] INFO  server.RaftServerConfigKeys (ConfUtils.java:logGet(43)) - raft.server.snapshot.auto.trigger.enabled = true (custom)
2019-08-27 10:36:28,742 [pool-494-thread-1] INFO  server.RaftServerConfigKeys (ConfUtils.java:logGet(43)) - raft.server.log.segment.size.max = 1048576 (custom)
2019-08-27 10:36:28,742 [pool-483-thread-1] INFO  server.RaftServerConfigKeys (ConfUtils.java:logGet(43)) - raft.server.snapshot.auto.trigger.threshold = 10000 (custom)
2019-08-27 10:36:28,742 [pool-472-thread-1] INFO  server.RaftServerConfigKeys (ConfUtils.java:logGet(43)) - raft.server.log.segment.size.max = 1048576 (custom)
2019-08-27 10:36:28,742 [pool-483-thread-1] INFO  server.RaftServerConfigKeys (ConfUtils.java:logGet(43)) - raft.server.retrycache.expirytime = 600000ms (custom)
2019-08-27 10:36:28,742 [pool-494-thread-1] INFO  server.RaftServerConfigKeys (ConfUtils.java:logGet(43)) - raft.server.log.preallocated.size = 16384 (custom)
2019-08-27 10:36:28,743 [pool-483-thread-1] INFO  impl.RaftServerImpl (RaftServerImpl.java:start(180)) - dfd95c04-3001-4f3e-bdbe-a78070f2513e: start group-14C0F834C893
2019-08-27 10:36:28,742 [pool-472-thread-1] INFO  server.RaftServerConfigKeys (ConfUtils.java:logGet(43)) - raft.server.log.preallocated.size = 16384 (custom)
2019-08-27 10:36:28,743 [pool-483-thread-1] INFO  impl.RaftServerImpl (RaftServerImpl.java:setRole(171)) - dfd95c04-3001-4f3e-bdbe-a78070f2513e:group-14C0F834C893 changes role from null to FOLLOWER at term 0 for startAsFollower
2019-08-27 10:36:28,743 [pool-494-thread-1] INFO  server.RaftServerConfigKeys (ConfUtils.java:logGet(43)) - raft.server.log.write.buffer.size = 33554432 (custom)
2019-08-27 10:36:28,743 [pool-483-thread-1] INFO  impl.RoleInfo (RoleInfo.java:updateAndGet(143)) - dfd95c04-3001-4f3e-bdbe-a78070f2513e: start FollowerState
2019-08-27 10:36:28,743 [pool-472-thread-1] INFO  server.RaftServerConfigKeys (ConfUtils.java:logGet(43)) - raft.server.log.write.buffer.size = 33554432 (custom)
2019-08-27 10:36:28,743 [pool-494-thread-1] INFO  server.RaftServerConfigKeys (ConfUtils.java:logGet(43)) - raft.server.log.force.sync.num = 128 (default)
2019-08-27 10:36:28,744 [pool-483-thread-1] INFO  util.JmxRegister (JmxRegister.java:tryRegister(44)) - Successfully registered JMX Bean with object name Ratis:service=RaftServer,group=group-14C0F834C893,id=dfd95c04-3001-4f3e-bdbe-a78070f2513e
2019-08-27 10:36:28,744 [pool-472-thread-1] INFO  server.RaftServerConfigKeys (ConfUtils.java:logGet(43)) - raft.server.log.force.sync.num = 128 (default)
2019-08-27 10:36:28,744 [pool-494-thread-1] INFO  server.RaftServerConfigKeys (ConfUtils.java:logGet(43)) - raft.server.log.statemachine.data.sync = true (default)
2019-08-27 10:36:28,744 [pool-472-thread-1] INFO  server.RaftServerConfigKeys (ConfUtils.java:logGet(43)) - raft.server.log.statemachine.data.sync = true (default)
2019-08-27 10:36:28,744 [pool-494-thread-1] INFO  server.RaftServerConfigKeys (ConfUtils.java:logGet(43)) - raft.server.log.statemachine.data.sync.timeout = 10s (default)
2019-08-27 10:36:28,744 [pool-472-thread-1] INFO  server.RaftServerConfigKeys (ConfUtils.java:logGet(43)) - raft.server.log.statemachine.data.sync.timeout = 10s (default)
2019-08-27 10:36:28,745 [pool-494-thread-1] INFO  server.RaftServerConfigKeys (ConfUtils.java:logGet(43)) - raft.server.log.statemachine.data.sync.timeout.retry = -1 (default)
2019-08-27 10:36:28,745 [pool-472-thread-1] INFO  server.RaftServerConfigKeys (ConfUtils.java:logGet(43)) - raft.server.log.statemachine.data.sync.timeout.retry = -1 (default)
2019-08-27 10:36:28,745 [pool-494-thread-1] INFO  server.RaftServerConfigKeys (ConfUtils.java:logGet(43)) - raft.server.log.statemachine.data.caching.enabled = true (custom)
2019-08-27 10:36:28,745 [pool-472-thread-1] INFO  server.RaftServerConfigKeys (ConfUtils.java:logGet(43)) - raft.server.log.statemachine.data.caching.enabled = true (custom)
2019-08-27 10:36:28,745 [pool-494-thread-1] INFO  segmented.SegmentedRaftLogWorker (SegmentedRaftLogWorker.java:lambda$new$0(132)) - f7569169-9807-4426-a770-13a930b2e221-SegmentedRaftLogWorker:Storage Directory /workdir/hadoop-ozone/integration-test/target/test-dir/MiniOzoneClusterImpl-18caebed-eb19-4fa4-8af2-b6a2e1f418d7/datanode-5/data/ratis/b270dc19-f633-4940-95b4-14c0f834c893: flushIndex: setUnconditionally 0 -> -1
2019-08-27 10:36:28,746 [pool-472-thread-1] INFO  segmented.SegmentedRaftLogWorker (SegmentedRaftLogWorker.java:lambda$new$0(132)) - 4bb5b58a-22ee-4995-9249-f3ef27533d15-SegmentedRaftLogWorker:Storage Directory /workdir/hadoop-ozone/integration-test/target/test-dir/MiniOzoneClusterImpl-18caebed-eb19-4fa4-8af2-b6a2e1f418d7/datanode-3/data/ratis/b270dc19-f633-4940-95b4-14c0f834c893: flushIndex: setUnconditionally 0 -> -1
2019-08-27 10:36:28,746 [pool-494-thread-1] INFO  server.RaftServerConfigKeys (ConfUtils.java:logGet(43)) - raft.server.snapshot.auto.trigger.enabled = true (custom)
2019-08-27 10:36:28,746 [pool-494-thread-1] INFO  server.RaftServerConfigKeys (ConfUtils.java:logGet(43)) - raft.server.snapshot.auto.trigger.threshold = 10000 (custom)
2019-08-27 10:36:28,746 [pool-472-thread-1] INFO  server.RaftServerConfigKeys (ConfUtils.java:logGet(43)) - raft.server.snapshot.auto.trigger.enabled = true (custom)
2019-08-27 10:36:28,746 [pool-494-thread-1] INFO  server.RaftServerConfigKeys (ConfUtils.java:logGet(43)) - raft.server.retrycache.expirytime = 600000ms (custom)
2019-08-27 10:36:28,747 [pool-472-thread-1] INFO  server.RaftServerConfigKeys (ConfUtils.java:logGet(43)) - raft.server.snapshot.auto.trigger.threshold = 10000 (custom)
2019-08-27 10:36:28,747 [pool-494-thread-1] INFO  impl.RaftServerImpl (RaftServerImpl.java:start(180)) - f7569169-9807-4426-a770-13a930b2e221: start group-14C0F834C893
2019-08-27 10:36:28,747 [pool-472-thread-1] INFO  server.RaftServerConfigKeys (ConfUtils.java:logGet(43)) - raft.server.retrycache.expirytime = 600000ms (custom)
2019-08-27 10:36:28,747 [pool-494-thread-1] INFO  impl.RaftServerImpl (RaftServerImpl.java:setRole(171)) - f7569169-9807-4426-a770-13a930b2e221:group-14C0F834C893 changes role from null to FOLLOWER at term 0 for startAsFollower
2019-08-27 10:36:28,747 [pool-472-thread-1] INFO  impl.RaftServerImpl (RaftServerImpl.java:start(180)) - 4bb5b58a-22ee-4995-9249-f3ef27533d15: start group-14C0F834C893
2019-08-27 10:36:28,747 [pool-494-thread-1] INFO  impl.RoleInfo (RoleInfo.java:updateAndGet(143)) - f7569169-9807-4426-a770-13a930b2e221: start FollowerState
2019-08-27 10:36:28,747 [pool-472-thread-1] INFO  impl.RaftServerImpl (RaftServerImpl.java:setRole(171)) - 4bb5b58a-22ee-4995-9249-f3ef27533d15:group-14C0F834C893 changes role from null to FOLLOWER at term 0 for startAsFollower
2019-08-27 10:36:28,748 [pool-472-thread-1] INFO  impl.RoleInfo (RoleInfo.java:updateAndGet(143)) - 4bb5b58a-22ee-4995-9249-f3ef27533d15: start FollowerState
2019-08-27 10:36:28,748 [pool-494-thread-1] INFO  util.JmxRegister (JmxRegister.java:tryRegister(44)) - Successfully registered JMX Bean with object name Ratis:service=RaftServer,group=group-14C0F834C893,id=f7569169-9807-4426-a770-13a930b2e221
2019-08-27 10:36:28,748 [pool-472-thread-1] INFO  util.JmxRegister (JmxRegister.java:tryRegister(44)) - Successfully registered JMX Bean with object name Ratis:service=RaftServer,group=group-14C0F834C893,id=4bb5b58a-22ee-4995-9249-f3ef27533d15
2019-08-27 10:36:28,751 [RatisPipelineUtilsThread] INFO  pipeline.PipelineStateManager (PipelineStateManager.java:addPipeline(56)) - Created pipeline Pipeline[ Id: b270dc19-f633-4940-95b4-14c0f834c893, Nodes: dfd95c04-3001-4f3e-bdbe-a78070f2513e{ip: 192.168.5.140, host: pr-hdds-1982-decom-states-5k2nc-2490103652, networkLocation: /default-rack, certSerialId: null}4bb5b58a-22ee-4995-9249-f3ef27533d15{ip: 192.168.5.140, host: pr-hdds-1982-decom-states-5k2nc-2490103652, networkLocation: /default-rack, certSerialId: null}f7569169-9807-4426-a770-13a930b2e221{ip: 192.168.5.140, host: pr-hdds-1982-decom-states-5k2nc-2490103652, networkLocation: /default-rack, certSerialId: null}, Type:RATIS, Factor:THREE, State:OPEN]
2019-08-27 10:36:28,827 [main] INFO  ozone.MiniOzoneClusterImpl (MiniOzoneClusterImpl.java:lambda$waitForClusterToBeReady$0(142)) - Waiting for cluster to be ready. Got 6 of 7 DN Heartbeats.
2019-08-27 10:36:28,829 [IPC Server handler 2 on 35477] INFO  net.NetworkTopology (NetworkTopologyImpl.java:add(110)) - Added a new node: /default-rack/0a1681f1-fa7f-4f0d-94b8-3ffba929404b
2019-08-27 10:36:28,829 [IPC Server handler 2 on 35477] INFO  node.SCMNodeManager (SCMNodeManager.java:register(273)) - Registered Data node : 0a1681f1-fa7f-4f0d-94b8-3ffba929404b{ip: 192.168.5.140, host: pr-hdds-1982-decom-states-5k2nc-2490103652, networkLocation: /default-rack, certSerialId: null}
2019-08-27 10:36:28,829 | INFO  | SCMAudit | user=jenkins1000 | ip=192.168.5.140 | op=REGISTER {datanodeDetails=0a1681f1-fa7f-4f0d-94b8-3ffba929404b{ip: 192.168.5.140, host: pr-hdds-1982-decom-states-5k2nc-2490103652, networkLocation: /default-rack, certSerialId: null}} | ret=SUCCESS |  
2019-08-27 10:36:28,836 [grpc-default-executor-3] INFO  impl.RaftServerProxy (RaftServerProxy.java:addNew(89)) - 0a1681f1-fa7f-4f0d-94b8-3ffba929404b: addNew group-9D7E5F2471F1:[0a1681f1-fa7f-4f0d-94b8-3ffba929404b:192.168.5.140:44281] returns group-9D7E5F2471F1:java.util.concurrent.CompletableFuture@7bd0c05b[Not completed]
2019-08-27 10:36:28,838 [pool-505-thread-1] INFO  impl.RaftServerImpl (RaftServerImpl.java:<init>(93)) - 0a1681f1-fa7f-4f0d-94b8-3ffba929404b: new RaftServerImpl for group-9D7E5F2471F1:[0a1681f1-fa7f-4f0d-94b8-3ffba929404b:192.168.5.140:44281] with ContainerStateMachine:uninitialized
2019-08-27 10:36:28,838 [pool-505-thread-1] INFO  server.RaftServerConfigKeys (ConfUtils.java:logGet(43)) - raft.server.rpc.timeout.min = 5s (custom)
2019-08-27 10:36:28,838 [pool-505-thread-1] INFO  server.RaftServerConfigKeys (ConfUtils.java:logGet(43)) - raft.server.rpc.timeout.max = 5200ms (custom)
2019-08-27 10:36:28,838 [pool-505-thread-1] INFO  server.RaftServerConfigKeys (ConfUtils.java:logGet(43)) - raft.server.rpcslowness.timeout = 120s (custom)
2019-08-27 10:36:28,839 [pool-505-thread-1] INFO  server.RaftServerConfigKeys (ConfUtils.java:logGet(43)) - raft.server.sleep.deviation.threshold = 300 (default)
2019-08-27 10:36:28,839 [pool-505-thread-1] INFO  server.RaftServerConfigKeys (ConfUtils.java:logGet(43)) - raft.server.log.appender.install.snapshot.enabled = false (custom)
2019-08-27 10:36:28,839 [pool-505-thread-1] INFO  impl.RaftServerImpl (ServerState.java:<init>(105)) - 0a1681f1-fa7f-4f0d-94b8-3ffba929404b:group-9D7E5F2471F1 ConfigurationManager, init=-1: [0a1681f1-fa7f-4f0d-94b8-3ffba929404b:192.168.5.140:44281], old=null, confs=<EMPTY_MAP>
2019-08-27 10:36:28,839 [pool-505-thread-1] INFO  server.RaftServerConfigKeys (ConfUtils.java:logGet(43)) - raft.server.storage.dir = [/workdir/hadoop-ozone/integration-test/target/test-dir/MiniOzoneClusterImpl-18caebed-eb19-4fa4-8af2-b6a2e1f418d7/datanode-6/data/ratis] (custom)
2019-08-27 10:36:28,839 [pool-505-thread-1] INFO  storage.RaftStorageDirectory (RaftStorageDirectory.java:analyzeStorage(246)) - The storage directory /workdir/hadoop-ozone/integration-test/target/test-dir/MiniOzoneClusterImpl-18caebed-eb19-4fa4-8af2-b6a2e1f418d7/datanode-6/data/ratis/c26f0c06-90bd-4d32-93fd-9d7e5f2471f1 does not exist. Creating ...
2019-08-27 10:36:28,852 [pool-505-thread-1] INFO  storage.RaftStorageDirectory (RaftStorageDirectory.java:tryLock(328)) - Lock on /workdir/hadoop-ozone/integration-test/target/test-dir/MiniOzoneClusterImpl-18caebed-eb19-4fa4-8af2-b6a2e1f418d7/datanode-6/data/ratis/c26f0c06-90bd-4d32-93fd-9d7e5f2471f1/in_use.lock acquired by nodename 25300@pr-hdds-1982-decom-states-5k2nc-2490103652
2019-08-27 10:36:28,866 [pool-505-thread-1] INFO  storage.RaftStorage (RaftStorage.java:format(72)) - Storage directory /workdir/hadoop-ozone/integration-test/target/test-dir/MiniOzoneClusterImpl-18caebed-eb19-4fa4-8af2-b6a2e1f418d7/datanode-6/data/ratis/c26f0c06-90bd-4d32-93fd-9d7e5f2471f1 has been successfully formatted.
2019-08-27 10:36:28,866 [pool-505-thread-1] INFO  ratis.ContainerStateMachine (ContainerStateMachine.java:loadSnapshot(226)) - group-9D7E5F2471F1: The snapshot info is null. Setting the last applied indexto:(t:0, i:~)
2019-08-27 10:36:28,866 [pool-505-thread-1] INFO  server.RaftServerConfigKeys (ConfUtils.java:logGet(43)) - raft.server.leader.election.timeout = 120s (custom)
2019-08-27 10:36:28,866 [pool-505-thread-1] INFO  server.RaftServerConfigKeys (ConfUtils.java:logGet(43)) - raft.server.log.use.memory = false (default)
2019-08-27 10:36:28,866 [pool-505-thread-1] INFO  server.RaftServerConfigKeys (ConfUtils.java:logGet(43)) - raft.server.log.purge.gap = 1000000 (custom)
2019-08-27 10:36:28,867 [pool-505-thread-1] INFO  server.RaftServerConfigKeys (ConfUtils.java:logGet(43)) - raft.server.log.appender.buffer.byte-limit = 33554432 (custom)
2019-08-27 10:36:28,867 [pool-505-thread-1] INFO  server.RaftServerConfigKeys (ConfUtils.java:logGet(43)) - raft.server.log.segment.size.max = 1048576 (custom)
2019-08-27 10:36:28,867 [pool-505-thread-1] INFO  server.RaftServerConfigKeys (ConfUtils.java:logGet(43)) - raft.server.log.segment.cache.num.max = 2 (custom)
2019-08-27 10:36:28,867 [pool-505-thread-1] INFO  segmented.SegmentedRaftLogWorker (SegmentedRaftLogWorker.java:<init>(172)) - new 0a1681f1-fa7f-4f0d-94b8-3ffba929404b-SegmentedRaftLogWorker:Storage Directory /workdir/hadoop-ozone/integration-test/target/test-dir/MiniOzoneClusterImpl-18caebed-eb19-4fa4-8af2-b6a2e1f418d7/datanode-6/data/ratis/c26f0c06-90bd-4d32-93fd-9d7e5f2471f1 for RaftStorage:Storage Directory /workdir/hadoop-ozone/integration-test/target/test-dir/MiniOzoneClusterImpl-18caebed-eb19-4fa4-8af2-b6a2e1f418d7/datanode-6/data/ratis/c26f0c06-90bd-4d32-93fd-9d7e5f2471f1
2019-08-27 10:36:28,867 [pool-505-thread-1] INFO  server.RaftServerConfigKeys (ConfUtils.java:logGet(43)) - raft.server.log.queue.byte-limit = 2147483647 (custom)
2019-08-27 10:36:28,867 [pool-505-thread-1] INFO  server.RaftServerConfigKeys (ConfUtils.java:logGet(43)) - raft.server.log.queue.element-limit = 1024 (custom)
2019-08-27 10:36:28,868 [pool-505-thread-1] INFO  server.RaftServerConfigKeys (ConfUtils.java:logGet(43)) - raft.server.log.segment.size.max = 1048576 (custom)
2019-08-27 10:36:28,868 [pool-505-thread-1] INFO  server.RaftServerConfigKeys (ConfUtils.java:logGet(43)) - raft.server.log.preallocated.size = 16384 (custom)
2019-08-27 10:36:28,868 [pool-505-thread-1] INFO  server.RaftServerConfigKeys (ConfUtils.java:logGet(43)) - raft.server.log.write.buffer.size = 33554432 (custom)
2019-08-27 10:36:28,868 [pool-505-thread-1] INFO  server.RaftServerConfigKeys (ConfUtils.java:logGet(43)) - raft.server.log.force.sync.num = 128 (default)
2019-08-27 10:36:28,868 [pool-505-thread-1] INFO  server.RaftServerConfigKeys (ConfUtils.java:logGet(43)) - raft.server.log.statemachine.data.sync = true (default)
2019-08-27 10:36:28,868 [pool-505-thread-1] INFO  server.RaftServerConfigKeys (ConfUtils.java:logGet(43)) - raft.server.log.statemachine.data.sync.timeout = 10s (default)
2019-08-27 10:36:28,868 [pool-505-thread-1] INFO  server.RaftServerConfigKeys (ConfUtils.java:logGet(43)) - raft.server.log.statemachine.data.sync.timeout.retry = -1 (default)
2019-08-27 10:36:28,869 [pool-505-thread-1] INFO  server.RaftServerConfigKeys (ConfUtils.java:logGet(43)) - raft.server.log.statemachine.data.caching.enabled = true (custom)
2019-08-27 10:36:28,869 [pool-505-thread-1] INFO  segmented.SegmentedRaftLogWorker (SegmentedRaftLogWorker.java:lambda$new$0(132)) - 0a1681f1-fa7f-4f0d-94b8-3ffba929404b-SegmentedRaftLogWorker:Storage Directory /workdir/hadoop-ozone/integration-test/target/test-dir/MiniOzoneClusterImpl-18caebed-eb19-4fa4-8af2-b6a2e1f418d7/datanode-6/data/ratis/c26f0c06-90bd-4d32-93fd-9d7e5f2471f1: flushIndex: setUnconditionally 0 -> -1
2019-08-27 10:36:28,869 [pool-505-thread-1] INFO  server.RaftServerConfigKeys (ConfUtils.java:logGet(43)) - raft.server.snapshot.auto.trigger.enabled = true (custom)
2019-08-27 10:36:28,869 [pool-505-thread-1] INFO  server.RaftServerConfigKeys (ConfUtils.java:logGet(43)) - raft.server.snapshot.auto.trigger.threshold = 10000 (custom)
2019-08-27 10:36:28,869 [pool-505-thread-1] INFO  server.RaftServerConfigKeys (ConfUtils.java:logGet(43)) - raft.server.retrycache.expirytime = 600000ms (custom)
2019-08-27 10:36:28,870 [pool-505-thread-1] INFO  impl.RaftServerImpl (RaftServerImpl.java:start(180)) - 0a1681f1-fa7f-4f0d-94b8-3ffba929404b: start group-9D7E5F2471F1
2019-08-27 10:36:28,870 [pool-505-thread-1] INFO  impl.RaftServerImpl (RaftServerImpl.java:setRole(171)) - 0a1681f1-fa7f-4f0d-94b8-3ffba929404b:group-9D7E5F2471F1 changes role from null to FOLLOWER at term 0 for startAsFollower
2019-08-27 10:36:28,870 [pool-505-thread-1] INFO  impl.RoleInfo (RoleInfo.java:updateAndGet(143)) - 0a1681f1-fa7f-4f0d-94b8-3ffba929404b: start FollowerState
2019-08-27 10:36:28,870 [pool-505-thread-1] INFO  util.JmxRegister (JmxRegister.java:tryRegister(44)) - Successfully registered JMX Bean with object name Ratis:service=RaftServer,group=group-9D7E5F2471F1,id=0a1681f1-fa7f-4f0d-94b8-3ffba929404b
2019-08-27 10:36:28,873 [RatisPipelineUtilsThread] INFO  pipeline.PipelineStateManager (PipelineStateManager.java:addPipeline(56)) - Created pipeline Pipeline[ Id: c26f0c06-90bd-4d32-93fd-9d7e5f2471f1, Nodes: 0a1681f1-fa7f-4f0d-94b8-3ffba929404b{ip: 192.168.5.140, host: pr-hdds-1982-decom-states-5k2nc-2490103652, networkLocation: /default-rack, certSerialId: null}, Type:RATIS, Factor:ONE, State:OPEN]
2019-08-27 10:36:29,455 | INFO  | SCMAudit | user=jenkins1000 | ip=192.168.5.140 | op=SEND_HEARTBEAT {datanodeUUID=dd62e4ed-a2db-47f7-bf58-78724b5860e3, command=[]} | ret=SUCCESS |  
2019-08-27 10:36:29,638 | INFO  | SCMAudit | user=jenkins1000 | ip=192.168.5.140 | op=SEND_HEARTBEAT {datanodeUUID=459ba28e-6ffc-4a7d-9952-63e257c951d7, command=[]} | ret=SUCCESS |  
2019-08-27 10:36:29,819 | INFO  | SCMAudit | user=jenkins1000 | ip=192.168.5.140 | op=SEND_HEARTBEAT {datanodeUUID=d2464cba-1081-4409-a774-8eb5f579e4eb, command=[]} | ret=SUCCESS |  
2019-08-27 10:36:29,828 [main] INFO  ozone.MiniOzoneClusterImpl (MiniOzoneClusterImpl.java:lambda$waitForClusterToBeReady$0(142)) - Cluster is ready. Got 7 of 7 DN Heartbeats.
2019-08-27 10:36:29,854 [main] INFO  rpc.RpcClient (RpcClient.java:createVolume(293)) - Creating Volume: testblockoutputstream, with jenkins1000 as owner.
2019-08-27 10:36:29,857 | INFO  | OMAudit | user=jenkins1000 | ip=127.0.0.1 | op=CREATE_VOLUME {admin=jenkins1000, owner=jenkins1000, volume=testblockoutputstream, creationTime=1566902189856, quotaInBytes=1152921504606846976} | ret=SUCCESS |  
2019-08-27 10:36:29,866 | INFO  | OMAudit | user=jenkins1000 | ip=127.0.0.1 | op=READ_VOLUME {volume=testblockoutputstream} | ret=SUCCESS |  
2019-08-27 10:36:29,867 [main] INFO  rpc.RpcClient (RpcClient.java:createBucket(432)) - Creating Bucket: testblockoutputstream/testblockoutputstream, with Versioning false and Storage Type set to DISK and Encryption set to false 
2019-08-27 10:36:29,870 | INFO  | OMAudit | user=jenkins1000 | ip=127.0.0.1 | op=CREATE_BUCKET {volume=testblockoutputstream, bucket=testblockoutputstream, acls=[user:jenkins1000:a[ACCESS], group:default:a[ACCESS]], isVersionEnabled=false, storageType=DISK, creationTime=0} | ret=SUCCESS |  
2019-08-27 10:36:29,871 | INFO  | OMAudit | user=jenkins1000 | ip=127.0.0.1 | op=READ_VOLUME {volume=testblockoutputstream} | ret=SUCCESS |  
2019-08-27 10:36:29,872 | INFO  | OMAudit | user=jenkins1000 | ip=127.0.0.1 | op=READ_BUCKET {volume=testblockoutputstream, bucket=testblockoutputstream} | ret=SUCCESS |  
2019-08-27 10:36:29,876 | INFO  | SCMAudit | user=jenkins1000 | ip=192.168.5.140 | op=ALLOCATE_BLOCK {owner=45848a76-779d-4095-9c00-ad97bdcab187, size=800, type=RATIS, factor=THREE} | ret=SUCCESS |  
2019-08-27 10:36:29,879 | INFO  | OMAudit | user=jenkins1000 | ip=127.0.0.1 | op=ALLOCATE_KEY {volume=testblockoutputstream, bucket=testblockoutputstream, key=11c335dd-a812-41f8-beec-b812c7a1d849, dataSize=0, replicationType=RATIS, replicationFactor=THREE, keyLocationInfo=null} | ret=SUCCESS |  
2019-08-27 10:36:29,892 [grpc-default-executor-3] INFO  client.GrpcClientProtocolClient (GrpcClientProtocolClient.java:onNext(255)) - client-CBEF91CA3611->dfd95c04-3001-4f3e-bdbe-a78070f2513e: receive RaftClientReply:client-CBEF91CA3611->dfd95c04-3001-4f3e-bdbe-a78070f2513e@group-14C0F834C893, cid=175, FAILED org.apache.ratis.protocol.NotLeaderException: Server dfd95c04-3001-4f3e-bdbe-a78070f2513e is not the leader (null). Request must be sent to leader., logIndex=0, commits[dfd95c04-3001-4f3e-bdbe-a78070f2513e:c-1]
2019-08-27 10:36:30,280 | INFO  | SCMAudit | user=jenkins1000 | ip=192.168.5.140 | op=SEND_HEARTBEAT {datanodeUUID=4bb5b58a-22ee-4995-9249-f3ef27533d15, command=[]} | ret=SUCCESS |  
2019-08-27 10:36:30,456 | INFO  | SCMAudit | user=jenkins1000 | ip=192.168.5.140 | op=SEND_HEARTBEAT {datanodeUUID=dd62e4ed-a2db-47f7-bf58-78724b5860e3, command=[]} | ret=SUCCESS |  
2019-08-27 10:36:30,466 | INFO  | SCMAudit | user=jenkins1000 | ip=192.168.5.140 | op=SEND_HEARTBEAT {datanodeUUID=dfd95c04-3001-4f3e-bdbe-a78070f2513e, command=[]} | ret=SUCCESS |  
2019-08-27 10:36:30,474 [Thread-3291] INFO  container.ReplicationManager (ReplicationManager.java:start(152)) - Starting Replication Monitor Thread.
2019-08-27 10:36:30,478 [ReplicationMonitor] INFO  container.ReplicationManager (ReplicationManager.java:run(215)) - Replication Monitor Thread took 0 milliseconds for processing 1 containers.
2019-08-27 10:36:30,638 | INFO  | SCMAudit | user=jenkins1000 | ip=192.168.5.140 | op=SEND_HEARTBEAT {datanodeUUID=459ba28e-6ffc-4a7d-9952-63e257c951d7, command=[]} | ret=SUCCESS |  
2019-08-27 10:36:30,643 | INFO  | SCMAudit | user=jenkins1000 | ip=192.168.5.140 | op=SEND_HEARTBEAT {datanodeUUID=f7569169-9807-4426-a770-13a930b2e221, command=[]} | ret=SUCCESS |  
2019-08-27 10:36:30,819 | INFO  | SCMAudit | user=jenkins1000 | ip=192.168.5.140 | op=SEND_HEARTBEAT {datanodeUUID=d2464cba-1081-4409-a774-8eb5f579e4eb, command=[]} | ret=SUCCESS |  
2019-08-27 10:36:30,828 | INFO  | SCMAudit | user=jenkins1000 | ip=192.168.5.140 | op=SEND_HEARTBEAT {datanodeUUID=0a1681f1-fa7f-4f0d-94b8-3ffba929404b, command=[]} | ret=SUCCESS |  
2019-08-27 10:36:30,904 [grpc-default-executor-3] INFO  client.GrpcClientProtocolClient (GrpcClientProtocolClient.java:onNext(255)) - client-CBEF91CA3611->4bb5b58a-22ee-4995-9249-f3ef27533d15: receive RaftClientReply:client-CBEF91CA3611->4bb5b58a-22ee-4995-9249-f3ef27533d15@group-14C0F834C893, cid=175, FAILED org.apache.ratis.protocol.NotLeaderException: Server 4bb5b58a-22ee-4995-9249-f3ef27533d15 is not the leader (null). Request must be sent to leader., logIndex=0, commits[4bb5b58a-22ee-4995-9249-f3ef27533d15:c-1]
2019-08-27 10:36:31,280 | INFO  | SCMAudit | user=jenkins1000 | ip=192.168.5.140 | op=SEND_HEARTBEAT {datanodeUUID=4bb5b58a-22ee-4995-9249-f3ef27533d15, command=[]} | ret=SUCCESS |  
2019-08-27 10:36:31,456 | INFO  | SCMAudit | user=jenkins1000 | ip=192.168.5.140 | op=SEND_HEARTBEAT {datanodeUUID=dd62e4ed-a2db-47f7-bf58-78724b5860e3, command=[]} | ret=SUCCESS |  
2019-08-27 10:36:31,466 | INFO  | SCMAudit | user=jenkins1000 | ip=192.168.5.140 | op=SEND_HEARTBEAT {datanodeUUID=dfd95c04-3001-4f3e-bdbe-a78070f2513e, command=[]} | ret=SUCCESS |  
2019-08-27 10:36:31,638 | INFO  | SCMAudit | user=jenkins1000 | ip=192.168.5.140 | op=SEND_HEARTBEAT {datanodeUUID=459ba28e-6ffc-4a7d-9952-63e257c951d7, command=[]} | ret=SUCCESS |  
2019-08-27 10:36:31,643 | INFO  | SCMAudit | user=jenkins1000 | ip=192.168.5.140 | op=SEND_HEARTBEAT {datanodeUUID=f7569169-9807-4426-a770-13a930b2e221, command=[]} | ret=SUCCESS |  
2019-08-27 10:36:31,819 | INFO  | SCMAudit | user=jenkins1000 | ip=192.168.5.140 | op=SEND_HEARTBEAT {datanodeUUID=d2464cba-1081-4409-a774-8eb5f579e4eb, command=[]} | ret=SUCCESS |  
2019-08-27 10:36:31,829 | INFO  | SCMAudit | user=jenkins1000 | ip=192.168.5.140 | op=SEND_HEARTBEAT {datanodeUUID=0a1681f1-fa7f-4f0d-94b8-3ffba929404b, command=[]} | ret=SUCCESS |  
2019-08-27 10:36:31,913 [grpc-default-executor-3] INFO  client.GrpcClientProtocolClient (GrpcClientProtocolClient.java:onNext(255)) - client-CBEF91CA3611->dfd95c04-3001-4f3e-bdbe-a78070f2513e: receive RaftClientReply:client-CBEF91CA3611->dfd95c04-3001-4f3e-bdbe-a78070f2513e@group-14C0F834C893, cid=175, FAILED org.apache.ratis.protocol.NotLeaderException: Server dfd95c04-3001-4f3e-bdbe-a78070f2513e is not the leader (null). Request must be sent to leader., logIndex=0, commits[dfd95c04-3001-4f3e-bdbe-a78070f2513e:c-1]
2019-08-27 10:36:32,281 | INFO  | SCMAudit | user=jenkins1000 | ip=192.168.5.140 | op=SEND_HEARTBEAT {datanodeUUID=4bb5b58a-22ee-4995-9249-f3ef27533d15, command=[]} | ret=SUCCESS |  
2019-08-27 10:36:32,456 | INFO  | SCMAudit | user=jenkins1000 | ip=192.168.5.140 | op=SEND_HEARTBEAT {datanodeUUID=dd62e4ed-a2db-47f7-bf58-78724b5860e3, command=[]} | ret=SUCCESS |  
2019-08-27 10:36:32,467 | INFO  | SCMAudit | user=jenkins1000 | ip=192.168.5.140 | op=SEND_HEARTBEAT {datanodeUUID=dfd95c04-3001-4f3e-bdbe-a78070f2513e, command=[]} | ret=SUCCESS |  
2019-08-27 10:36:32,622 [Thread-3293] INFO  impl.FollowerState (FollowerState.java:run(106)) - dd62e4ed-a2db-47f7-bf58-78724b5860e3:group-2F72F00B2453 changes to CANDIDATE, lastRpcTime:5091, electionTimeout:5091ms
2019-08-27 10:36:32,622 [Thread-3293] INFO  impl.RoleInfo (RoleInfo.java:shutdownFollowerState(121)) - dd62e4ed-a2db-47f7-bf58-78724b5860e3: shutdown FollowerState
2019-08-27 10:36:32,623 [Thread-3293] INFO  impl.RaftServerImpl (RaftServerImpl.java:setRole(171)) - dd62e4ed-a2db-47f7-bf58-78724b5860e3:group-2F72F00B2453 changes role from FOLLOWER to CANDIDATE at term 0 for changeToCandidate
2019-08-27 10:36:32,623 [Thread-3293] INFO  impl.RoleInfo (RoleInfo.java:updateAndGet(143)) - dd62e4ed-a2db-47f7-bf58-78724b5860e3: start LeaderElection
2019-08-27 10:36:32,639 | INFO  | SCMAudit | user=jenkins1000 | ip=192.168.5.140 | op=SEND_HEARTBEAT {datanodeUUID=459ba28e-6ffc-4a7d-9952-63e257c951d7, command=[]} | ret=SUCCESS |  
2019-08-27 10:36:32,643 | INFO  | SCMAudit | user=jenkins1000 | ip=192.168.5.140 | op=SEND_HEARTBEAT {datanodeUUID=f7569169-9807-4426-a770-13a930b2e221, command=[]} | ret=SUCCESS |  
2019-08-27 10:36:32,644 [dd62e4ed-a2db-47f7-bf58-78724b5860e3:group-2F72F00B2453:LeaderElection57] INFO  impl.LeaderElection (LeaderElection.java:askForVotes(181)) - dd62e4ed-a2db-47f7-bf58-78724b5860e3:group-2F72F00B2453:LeaderElection57: begin an election at term 1 for -1: [dd62e4ed-a2db-47f7-bf58-78724b5860e3:192.168.5.140:37268], old=null
2019-08-27 10:36:32,644 [dd62e4ed-a2db-47f7-bf58-78724b5860e3:group-2F72F00B2453:LeaderElection57] INFO  impl.RoleInfo (RoleInfo.java:shutdownLeaderElection(134)) - dd62e4ed-a2db-47f7-bf58-78724b5860e3: shutdown LeaderElection
2019-08-27 10:36:32,644 [dd62e4ed-a2db-47f7-bf58-78724b5860e3:group-2F72F00B2453:LeaderElection57] INFO  impl.RaftServerImpl (RaftServerImpl.java:setRole(171)) - dd62e4ed-a2db-47f7-bf58-78724b5860e3:group-2F72F00B2453 changes role from CANDIDATE to LEADER at term 1 for changeToLeader
2019-08-27 10:36:32,644 [dd62e4ed-a2db-47f7-bf58-78724b5860e3:group-2F72F00B2453:LeaderElection57] INFO  impl.RaftServerImpl (ServerState.java:setLeader(263)) - dd62e4ed-a2db-47f7-bf58-78724b5860e3:group-2F72F00B2453 change Leader from null to dd62e4ed-a2db-47f7-bf58-78724b5860e3 at term 1 for becomeLeader, leader elected after 5118ms
2019-08-27 10:36:32,645 [dd62e4ed-a2db-47f7-bf58-78724b5860e3:group-2F72F00B2453:LeaderElection57] INFO  server.RaftServerConfigKeys (ConfUtils.java:logGet(43)) - raft.server.staging.catchup.gap = 1000 (default)
2019-08-27 10:36:32,645 [dd62e4ed-a2db-47f7-bf58-78724b5860e3:group-2F72F00B2453:LeaderElection57] INFO  server.RaftServerConfigKeys (ConfUtils.java:logGet(43)) - raft.server.rpc.sleep.time = 25ms (default)
2019-08-27 10:36:32,645 [dd62e4ed-a2db-47f7-bf58-78724b5860e3:group-2F72F00B2453:LeaderElection57] INFO  server.RaftServerConfigKeys (ConfUtils.java:logGet(43)) - raft.server.write.element-limit = 4096 (default)
2019-08-27 10:36:32,645 [dd62e4ed-a2db-47f7-bf58-78724b5860e3:group-2F72F00B2453:LeaderElection57] INFO  server.RaftServerConfigKeys (ConfUtils.java:logGet(43)) - raft.server.watch.timeout = 10s (default)
2019-08-27 10:36:32,645 [dd62e4ed-a2db-47f7-bf58-78724b5860e3:group-2F72F00B2453:LeaderElection57] INFO  server.RaftServerConfigKeys (ConfUtils.java:logGet(43)) - raft.server.watch.timeout.denomination = 1s (default)
2019-08-27 10:36:32,646 [dd62e4ed-a2db-47f7-bf58-78724b5860e3:group-2F72F00B2453:LeaderElection57] INFO  server.RaftServerConfigKeys (ConfUtils.java:logGet(43)) - raft.server.watch.element-limit = 65536 (default)
2019-08-27 10:36:32,646 [dd62e4ed-a2db-47f7-bf58-78724b5860e3:group-2F72F00B2453:LeaderElection57] INFO  impl.RoleInfo (RoleInfo.java:updateAndGet(143)) - dd62e4ed-a2db-47f7-bf58-78724b5860e3: start LeaderState
2019-08-27 10:36:32,646 [dd62e4ed-a2db-47f7-bf58-78724b5860e3:group-2F72F00B2453:LeaderElection57] INFO  segmented.SegmentedRaftLogWorker (SegmentedRaftLogWorker.java:startLogSegment(380)) - dd62e4ed-a2db-47f7-bf58-78724b5860e3-SegmentedRaftLogWorker:Storage Directory /workdir/hadoop-ozone/integration-test/target/test-dir/MiniOzoneClusterImpl-18caebed-eb19-4fa4-8af2-b6a2e1f418d7/datanode-0/data/ratis/44d812cf-2b1b-40c3-a950-2f72f00b2453: Starting segment from index:0
2019-08-27 10:36:32,647 [dd62e4ed-a2db-47f7-bf58-78724b5860e3:group-2F72F00B2453:LeaderElection57] INFO  impl.RaftServerImpl (ServerState.java:setRaftConf(361)) - dd62e4ed-a2db-47f7-bf58-78724b5860e3:group-2F72F00B2453 set configuration 0: [dd62e4ed-a2db-47f7-bf58-78724b5860e3:192.168.5.140:37268], old=null at 0
2019-08-27 10:36:32,692 [dd62e4ed-a2db-47f7-bf58-78724b5860e3-SegmentedRaftLogWorker:Storage Directory /workdir/hadoop-ozone/integration-test/target/test-dir/MiniOzoneClusterImpl-18caebed-eb19-4fa4-8af2-b6a2e1f418d7/datanode-0/data/ratis/44d812cf-2b1b-40c3-a950-2f72f00b2453] INFO  segmented.SegmentedRaftLogWorker (SegmentedRaftLogWorker.java:execute(569)) - dd62e4ed-a2db-47f7-bf58-78724b5860e3-SegmentedRaftLogWorker:Storage Directory /workdir/hadoop-ozone/integration-test/target/test-dir/MiniOzoneClusterImpl-18caebed-eb19-4fa4-8af2-b6a2e1f418d7/datanode-0/data/ratis/44d812cf-2b1b-40c3-a950-2f72f00b2453: created new log segment /workdir/hadoop-ozone/integration-test/target/test-dir/MiniOzoneClusterImpl-18caebed-eb19-4fa4-8af2-b6a2e1f418d7/datanode-0/data/ratis/44d812cf-2b1b-40c3-a950-2f72f00b2453/current/log_inprogress_0
2019-08-27 10:36:32,754 [Thread-3296] INFO  impl.FollowerState (FollowerState.java:run(106)) - 459ba28e-6ffc-4a7d-9952-63e257c951d7:group-D3E46848003E changes to CANDIDATE, lastRpcTime:5073, electionTimeout:5073ms
2019-08-27 10:36:32,754 [Thread-3296] INFO  impl.RoleInfo (RoleInfo.java:shutdownFollowerState(121)) - 459ba28e-6ffc-4a7d-9952-63e257c951d7: shutdown FollowerState
2019-08-27 10:36:32,754 [Thread-3296] INFO  impl.RaftServerImpl (RaftServerImpl.java:setRole(171)) - 459ba28e-6ffc-4a7d-9952-63e257c951d7:group-D3E46848003E changes role from FOLLOWER to CANDIDATE at term 0 for changeToCandidate
2019-08-27 10:36:32,754 [Thread-3296] INFO  impl.RoleInfo (RoleInfo.java:updateAndGet(143)) - 459ba28e-6ffc-4a7d-9952-63e257c951d7: start LeaderElection
2019-08-27 10:36:32,784 [459ba28e-6ffc-4a7d-9952-63e257c951d7:group-D3E46848003E:LeaderElection58] INFO  impl.LeaderElection (LeaderElection.java:askForVotes(181)) - 459ba28e-6ffc-4a7d-9952-63e257c951d7:group-D3E46848003E:LeaderElection58: begin an election at term 1 for -1: [459ba28e-6ffc-4a7d-9952-63e257c951d7:192.168.5.140:33996], old=null
2019-08-27 10:36:32,785 [459ba28e-6ffc-4a7d-9952-63e257c951d7:group-D3E46848003E:LeaderElection58] INFO  impl.RoleInfo (RoleInfo.java:shutdownLeaderElection(134)) - 459ba28e-6ffc-4a7d-9952-63e257c951d7: shutdown LeaderElection
2019-08-27 10:36:32,785 [459ba28e-6ffc-4a7d-9952-63e257c951d7:group-D3E46848003E:LeaderElection58] INFO  impl.RaftServerImpl (RaftServerImpl.java:setRole(171)) - 459ba28e-6ffc-4a7d-9952-63e257c951d7:group-D3E46848003E changes role from CANDIDATE to LEADER at term 1 for changeToLeader
2019-08-27 10:36:32,785 [459ba28e-6ffc-4a7d-9952-63e257c951d7:group-D3E46848003E:LeaderElection58] INFO  impl.RaftServerImpl (ServerState.java:setLeader(263)) - 459ba28e-6ffc-4a7d-9952-63e257c951d7:group-D3E46848003E change Leader from null to 459ba28e-6ffc-4a7d-9952-63e257c951d7 at term 1 for becomeLeader, leader elected after 5108ms
2019-08-27 10:36:32,785 [459ba28e-6ffc-4a7d-9952-63e257c951d7:group-D3E46848003E:LeaderElection58] INFO  server.RaftServerConfigKeys (ConfUtils.java:logGet(43)) - raft.server.staging.catchup.gap = 1000 (default)
2019-08-27 10:36:32,785 [459ba28e-6ffc-4a7d-9952-63e257c951d7:group-D3E46848003E:LeaderElection58] INFO  server.RaftServerConfigKeys (ConfUtils.java:logGet(43)) - raft.server.rpc.sleep.time = 25ms (default)
2019-08-27 10:36:32,785 [459ba28e-6ffc-4a7d-9952-63e257c951d7:group-D3E46848003E:LeaderElection58] INFO  server.RaftServerConfigKeys (ConfUtils.java:logGet(43)) - raft.server.write.element-limit = 4096 (default)
2019-08-27 10:36:32,785 [459ba28e-6ffc-4a7d-9952-63e257c951d7:group-D3E46848003E:LeaderElection58] INFO  server.RaftServerConfigKeys (ConfUtils.java:logGet(43)) - raft.server.watch.timeout = 10s (default)
2019-08-27 10:36:32,785 [459ba28e-6ffc-4a7d-9952-63e257c951d7:group-D3E46848003E:LeaderElection58] INFO  server.RaftServerConfigKeys (ConfUtils.java:logGet(43)) - raft.server.watch.timeout.denomination = 1s (default)
2019-08-27 10:36:32,785 [459ba28e-6ffc-4a7d-9952-63e257c951d7:group-D3E46848003E:LeaderElection58] INFO  server.RaftServerConfigKeys (ConfUtils.java:logGet(43)) - raft.server.watch.element-limit = 65536 (default)
2019-08-27 10:36:32,785 [459ba28e-6ffc-4a7d-9952-63e257c951d7:group-D3E46848003E:LeaderElection58] INFO  impl.RoleInfo (RoleInfo.java:updateAndGet(143)) - 459ba28e-6ffc-4a7d-9952-63e257c951d7: start LeaderState
2019-08-27 10:36:32,786 [459ba28e-6ffc-4a7d-9952-63e257c951d7:group-D3E46848003E:LeaderElection58] INFO  segmented.SegmentedRaftLogWorker (SegmentedRaftLogWorker.java:startLogSegment(380)) - 459ba28e-6ffc-4a7d-9952-63e257c951d7-SegmentedRaftLogWorker:Storage Directory /workdir/hadoop-ozone/integration-test/target/test-dir/MiniOzoneClusterImpl-18caebed-eb19-4fa4-8af2-b6a2e1f418d7/datanode-1/data/ratis/2d61d567-5eb4-4fe8-ac84-d3e46848003e: Starting segment from index:0
2019-08-27 10:36:32,786 [459ba28e-6ffc-4a7d-9952-63e257c951d7:group-D3E46848003E:LeaderElection58] INFO  impl.RaftServerImpl (ServerState.java:setRaftConf(361)) - 459ba28e-6ffc-4a7d-9952-63e257c951d7:group-D3E46848003E set configuration 0: [459ba28e-6ffc-4a7d-9952-63e257c951d7:192.168.5.140:33996], old=null at 0
2019-08-27 10:36:32,819 | INFO  | SCMAudit | user=jenkins1000 | ip=192.168.5.140 | op=SEND_HEARTBEAT {datanodeUUID=d2464cba-1081-4409-a774-8eb5f579e4eb, command=[]} | ret=SUCCESS |  
2019-08-27 10:36:32,828 | INFO  | SCMAudit | user=jenkins1000 | ip=192.168.5.140 | op=SEND_HEARTBEAT {datanodeUUID=0a1681f1-fa7f-4f0d-94b8-3ffba929404b, command=[]} | ret=SUCCESS |  
2019-08-27 10:36:32,831 [459ba28e-6ffc-4a7d-9952-63e257c951d7-SegmentedRaftLogWorker:Storage Directory /workdir/hadoop-ozone/integration-test/target/test-dir/MiniOzoneClusterImpl-18caebed-eb19-4fa4-8af2-b6a2e1f418d7/datanode-1/data/ratis/2d61d567-5eb4-4fe8-ac84-d3e46848003e] INFO  segmented.SegmentedRaftLogWorker (SegmentedRaftLogWorker.java:execute(569)) - 459ba28e-6ffc-4a7d-9952-63e257c951d7-SegmentedRaftLogWorker:Storage Directory /workdir/hadoop-ozone/integration-test/target/test-dir/MiniOzoneClusterImpl-18caebed-eb19-4fa4-8af2-b6a2e1f418d7/datanode-1/data/ratis/2d61d567-5eb4-4fe8-ac84-d3e46848003e: created new log segment /workdir/hadoop-ozone/integration-test/target/test-dir/MiniOzoneClusterImpl-18caebed-eb19-4fa4-8af2-b6a2e1f418d7/datanode-1/data/ratis/2d61d567-5eb4-4fe8-ac84-d3e46848003e/current/log_inprogress_0
2019-08-27 10:36:32,921 [grpc-default-executor-3] INFO  client.GrpcClientProtocolClient (GrpcClientProtocolClient.java:onNext(255)) - client-CBEF91CA3611->4bb5b58a-22ee-4995-9249-f3ef27533d15: receive RaftClientReply:client-CBEF91CA3611->4bb5b58a-22ee-4995-9249-f3ef27533d15@group-14C0F834C893, cid=175, FAILED org.apache.ratis.protocol.NotLeaderException: Server 4bb5b58a-22ee-4995-9249-f3ef27533d15 is not the leader (null). Request must be sent to leader., logIndex=0, commits[4bb5b58a-22ee-4995-9249-f3ef27533d15:c-1]
2019-08-27 10:36:32,963 [Thread-3307] INFO  impl.FollowerState (FollowerState.java:run(106)) - d2464cba-1081-4409-a774-8eb5f579e4eb:group-89D855178F06 changes to CANDIDATE, lastRpcTime:5016, electionTimeout:5016ms
2019-08-27 10:36:32,963 [Thread-3307] INFO  impl.RoleInfo (RoleInfo.java:shutdownFollowerState(121)) - d2464cba-1081-4409-a774-8eb5f579e4eb: shutdown FollowerState
2019-08-27 10:36:32,963 [Thread-3307] INFO  impl.RaftServerImpl (RaftServerImpl.java:setRole(171)) - d2464cba-1081-4409-a774-8eb5f579e4eb:group-89D855178F06 changes role from FOLLOWER to CANDIDATE at term 0 for changeToCandidate
2019-08-27 10:36:32,963 [Thread-3307] INFO  impl.RoleInfo (RoleInfo.java:updateAndGet(143)) - d2464cba-1081-4409-a774-8eb5f579e4eb: start LeaderElection
2019-08-27 10:36:32,982 [d2464cba-1081-4409-a774-8eb5f579e4eb:group-89D855178F06:LeaderElection59] INFO  impl.LeaderElection (LeaderElection.java:askForVotes(181)) - d2464cba-1081-4409-a774-8eb5f579e4eb:group-89D855178F06:LeaderElection59: begin an election at term 1 for -1: [d2464cba-1081-4409-a774-8eb5f579e4eb:192.168.5.140:40709, dd62e4ed-a2db-47f7-bf58-78724b5860e3:192.168.5.140:37268, 459ba28e-6ffc-4a7d-9952-63e257c951d7:192.168.5.140:33996], old=null
2019-08-27 10:36:32,996 [grpc-default-executor-3] INFO  impl.RaftServerImpl (RaftServerImpl.java:setRole(171)) - dd62e4ed-a2db-47f7-bf58-78724b5860e3:group-89D855178F06 changes role from FOLLOWER to FOLLOWER at term 1 for recognizeCandidate:d2464cba-1081-4409-a774-8eb5f579e4eb
2019-08-27 10:36:32,996 [grpc-default-executor-8] INFO  impl.RaftServerImpl (RaftServerImpl.java:setRole(171)) - 459ba28e-6ffc-4a7d-9952-63e257c951d7:group-89D855178F06 changes role from FOLLOWER to FOLLOWER at term 1 for recognizeCandidate:d2464cba-1081-4409-a774-8eb5f579e4eb
2019-08-27 10:36:32,996 [grpc-default-executor-3] INFO  impl.RoleInfo (RoleInfo.java:shutdownFollowerState(121)) - dd62e4ed-a2db-47f7-bf58-78724b5860e3: shutdown FollowerState
2019-08-27 10:36:32,996 [grpc-default-executor-8] INFO  impl.RoleInfo (RoleInfo.java:shutdownFollowerState(121)) - 459ba28e-6ffc-4a7d-9952-63e257c951d7: shutdown FollowerState
2019-08-27 10:36:32,996 [Thread-3302] INFO  impl.FollowerState (FollowerState.java:run(114)) - dd62e4ed-a2db-47f7-bf58-78724b5860e3: FollowerState was interrupted: java.lang.InterruptedException: sleep interrupted
2019-08-27 10:36:32,996 [grpc-default-executor-3] INFO  impl.RoleInfo (RoleInfo.java:updateAndGet(143)) - dd62e4ed-a2db-47f7-bf58-78724b5860e3: start FollowerState
2019-08-27 10:36:32,999 [Thread-3299] INFO  impl.FollowerState (FollowerState.java:run(106)) - d2464cba-1081-4409-a774-8eb5f579e4eb:group-F24E7233342A changes to CANDIDATE, lastRpcTime:5138, electionTimeout:5137ms
2019-08-27 10:36:32,997 [Thread-3306] INFO  impl.FollowerState (FollowerState.java:run(114)) - 459ba28e-6ffc-4a7d-9952-63e257c951d7: FollowerState was interrupted: java.lang.InterruptedException: sleep interrupted
2019-08-27 10:36:32,997 [grpc-default-executor-8] INFO  impl.RoleInfo (RoleInfo.java:updateAndGet(143)) - 459ba28e-6ffc-4a7d-9952-63e257c951d7: start FollowerState
2019-08-27 10:36:33,000 [Thread-3299] INFO  impl.RoleInfo (RoleInfo.java:shutdownFollowerState(121)) - d2464cba-1081-4409-a774-8eb5f579e4eb: shutdown FollowerState
2019-08-27 10:36:33,002 [Thread-3299] INFO  impl.RaftServerImpl (RaftServerImpl.java:setRole(171)) - d2464cba-1081-4409-a774-8eb5f579e4eb:group-F24E7233342A changes role from FOLLOWER to CANDIDATE at term 0 for changeToCandidate
2019-08-27 10:36:33,002 [Thread-3299] INFO  impl.RoleInfo (RoleInfo.java:updateAndGet(143)) - d2464cba-1081-4409-a774-8eb5f579e4eb: start LeaderElection
2019-08-27 10:36:33,016 [d2464cba-1081-4409-a774-8eb5f579e4eb:group-F24E7233342A:LeaderElection60] INFO  impl.LeaderElection (LeaderElection.java:askForVotes(181)) - d2464cba-1081-4409-a774-8eb5f579e4eb:group-F24E7233342A:LeaderElection60: begin an election at term 1 for -1: [d2464cba-1081-4409-a774-8eb5f579e4eb:192.168.5.140:40709], old=null
2019-08-27 10:36:33,016 [d2464cba-1081-4409-a774-8eb5f579e4eb:group-F24E7233342A:LeaderElection60] INFO  impl.RoleInfo (RoleInfo.java:shutdownLeaderElection(134)) - d2464cba-1081-4409-a774-8eb5f579e4eb: shutdown LeaderElection
2019-08-27 10:36:33,016 [d2464cba-1081-4409-a774-8eb5f579e4eb:group-F24E7233342A:LeaderElection60] INFO  impl.RaftServerImpl (RaftServerImpl.java:setRole(171)) - d2464cba-1081-4409-a774-8eb5f579e4eb:group-F24E7233342A changes role from CANDIDATE to LEADER at term 1 for changeToLeader
2019-08-27 10:36:33,016 [d2464cba-1081-4409-a774-8eb5f579e4eb:group-F24E7233342A:LeaderElection60] INFO  impl.RaftServerImpl (ServerState.java:setLeader(263)) - d2464cba-1081-4409-a774-8eb5f579e4eb:group-F24E7233342A change Leader from null to d2464cba-1081-4409-a774-8eb5f579e4eb at term 1 for becomeLeader, leader elected after 5159ms
2019-08-27 10:36:33,016 [d2464cba-1081-4409-a774-8eb5f579e4eb:group-F24E7233342A:LeaderElection60] INFO  server.RaftServerConfigKeys (ConfUtils.java:logGet(43)) - raft.server.staging.catchup.gap = 1000 (default)
2019-08-27 10:36:33,016 [d2464cba-1081-4409-a774-8eb5f579e4eb:group-F24E7233342A:LeaderElection60] INFO  server.RaftServerConfigKeys (ConfUtils.java:logGet(43)) - raft.server.rpc.sleep.time = 25ms (default)
2019-08-27 10:36:33,017 [d2464cba-1081-4409-a774-8eb5f579e4eb:group-F24E7233342A:LeaderElection60] INFO  server.RaftServerConfigKeys (ConfUtils.java:logGet(43)) - raft.server.write.element-limit = 4096 (default)
2019-08-27 10:36:33,017 [d2464cba-1081-4409-a774-8eb5f579e4eb:group-F24E7233342A:LeaderElection60] INFO  server.RaftServerConfigKeys (ConfUtils.java:logGet(43)) - raft.server.watch.timeout = 10s (default)
2019-08-27 10:36:33,017 [d2464cba-1081-4409-a774-8eb5f579e4eb:group-89D855178F06:LeaderElection59] INFO  impl.LeaderElection (LeaderElection.java:logAndReturn(56)) - d2464cba-1081-4409-a774-8eb5f579e4eb:group-89D855178F06:LeaderElection59: Election PASSED; received 1 response(s) [d2464cba-1081-4409-a774-8eb5f579e4eb<-dd62e4ed-a2db-47f7-bf58-78724b5860e3#0:OK-t1] and 0 exception(s); d2464cba-1081-4409-a774-8eb5f579e4eb:t1, leader=null, voted=d2464cba-1081-4409-a774-8eb5f579e4eb, raftlog=d2464cba-1081-4409-a774-8eb5f579e4eb-SegmentedRaftLog:OPENED:c-1,f-1,i0, conf=-1: [d2464cba-1081-4409-a774-8eb5f579e4eb:192.168.5.140:40709, dd62e4ed-a2db-47f7-bf58-78724b5860e3:192.168.5.140:37268, 459ba28e-6ffc-4a7d-9952-63e257c951d7:192.168.5.140:33996], old=null
2019-08-27 10:36:33,017 [d2464cba-1081-4409-a774-8eb5f579e4eb:group-F24E7233342A:LeaderElection60] INFO  server.RaftServerConfigKeys (ConfUtils.java:logGet(43)) - raft.server.watch.timeout.denomination = 1s (default)
2019-08-27 10:36:33,017 [d2464cba-1081-4409-a774-8eb5f579e4eb:group-89D855178F06:LeaderElection59] INFO  impl.RoleInfo (RoleInfo.java:shutdownLeaderElection(134)) - d2464cba-1081-4409-a774-8eb5f579e4eb: shutdown LeaderElection
2019-08-27 10:36:33,017 [d2464cba-1081-4409-a774-8eb5f579e4eb:group-F24E7233342A:LeaderElection60] INFO  server.RaftServerConfigKeys (ConfUtils.java:logGet(43)) - raft.server.watch.element-limit = 65536 (default)
2019-08-27 10:36:33,017 [d2464cba-1081-4409-a774-8eb5f579e4eb:group-89D855178F06:LeaderElection59] INFO  impl.RaftServerImpl (RaftServerImpl.java:setRole(171)) - d2464cba-1081-4409-a774-8eb5f579e4eb:group-89D855178F06 changes role from CANDIDATE to LEADER at term 1 for changeToLeader
2019-08-27 10:36:33,017 [d2464cba-1081-4409-a774-8eb5f579e4eb:group-F24E7233342A:LeaderElection60] INFO  impl.RoleInfo (RoleInfo.java:updateAndGet(143)) - d2464cba-1081-4409-a774-8eb5f579e4eb: start LeaderState
2019-08-27 10:36:33,017 [d2464cba-1081-4409-a774-8eb5f579e4eb:group-89D855178F06:LeaderElection59] INFO  impl.RaftServerImpl (ServerState.java:setLeader(263)) - d2464cba-1081-4409-a774-8eb5f579e4eb:group-89D855178F06 change Leader from null to d2464cba-1081-4409-a774-8eb5f579e4eb at term 1 for becomeLeader, leader elected after 5104ms
2019-08-27 10:36:33,017 [d2464cba-1081-4409-a774-8eb5f579e4eb:group-F24E7233342A:LeaderElection60] INFO  segmented.SegmentedRaftLogWorker (SegmentedRaftLogWorker.java:startLogSegment(380)) - d2464cba-1081-4409-a774-8eb5f579e4eb-SegmentedRaftLogWorker:Storage Directory /workdir/hadoop-ozone/integration-test/target/test-dir/MiniOzoneClusterImpl-18caebed-eb19-4fa4-8af2-b6a2e1f418d7/datanode-2/data/ratis/55eff1ca-6f8e-44cc-bc45-f24e7233342a: Starting segment from index:0
2019-08-27 10:36:33,017 [d2464cba-1081-4409-a774-8eb5f579e4eb:group-89D855178F06:LeaderElection59] INFO  server.RaftServerConfigKeys (ConfUtils.java:logGet(43)) - raft.server.staging.catchup.gap = 1000 (default)
2019-08-27 10:36:33,018 [d2464cba-1081-4409-a774-8eb5f579e4eb:group-89D855178F06:LeaderElection59] INFO  server.RaftServerConfigKeys (ConfUtils.java:logGet(43)) - raft.server.rpc.sleep.time = 25ms (default)
2019-08-27 10:36:33,018 [d2464cba-1081-4409-a774-8eb5f579e4eb:group-89D855178F06:LeaderElection59] INFO  server.RaftServerConfigKeys (ConfUtils.java:logGet(43)) - raft.server.write.element-limit = 4096 (default)
2019-08-27 10:36:33,018 [d2464cba-1081-4409-a774-8eb5f579e4eb:group-F24E7233342A:LeaderElection60] INFO  impl.RaftServerImpl (ServerState.java:setRaftConf(361)) - d2464cba-1081-4409-a774-8eb5f579e4eb:group-F24E7233342A set configuration 0: [d2464cba-1081-4409-a774-8eb5f579e4eb:192.168.5.140:40709], old=null at 0
2019-08-27 10:36:33,018 [d2464cba-1081-4409-a774-8eb5f579e4eb:group-89D855178F06:LeaderElection59] INFO  server.RaftServerConfigKeys (ConfUtils.java:logGet(43)) - raft.server.watch.timeout = 10s (default)
2019-08-27 10:36:33,047 [d2464cba-1081-4409-a774-8eb5f579e4eb:group-89D855178F06:LeaderElection59] INFO  server.RaftServerConfigKeys (ConfUtils.java:logGet(43)) - raft.server.watch.timeout.denomination = 1s (default)
2019-08-27 10:36:33,048 [d2464cba-1081-4409-a774-8eb5f579e4eb:group-89D855178F06:LeaderElection59] INFO  server.RaftServerConfigKeys (ConfUtils.java:logGet(43)) - raft.server.watch.element-limit = 65536 (default)
2019-08-27 10:36:33,048 [d2464cba-1081-4409-a774-8eb5f579e4eb:group-89D855178F06:LeaderElection59] INFO  server.RaftServerConfigKeys (ConfUtils.java:logGet(43)) - raft.server.log.appender.snapshot.chunk.size.max = 16MB (=16777216) (default)
2019-08-27 10:36:33,048 [d2464cba-1081-4409-a774-8eb5f579e4eb:group-89D855178F06:LeaderElection59] INFO  server.RaftServerConfigKeys (ConfUtils.java:logGet(43)) - raft.server.log.appender.buffer.byte-limit = 33554432 (custom)
2019-08-27 10:36:33,048 [d2464cba-1081-4409-a774-8eb5f579e4eb:group-89D855178F06:LeaderElection59] INFO  server.RaftServerConfigKeys (ConfUtils.java:logGet(43)) - raft.server.log.appender.buffer.element-limit = 1 (custom)
2019-08-27 10:36:33,048 [d2464cba-1081-4409-a774-8eb5f579e4eb:group-89D855178F06:LeaderElection59] INFO  grpc.GrpcConfigKeys$Server (ConfUtils.java:logGet(43)) - raft.grpc.server.leader.outstanding.appends.max = 128 (default)
2019-08-27 10:36:33,049 [d2464cba-1081-4409-a774-8eb5f579e4eb:group-89D855178F06:LeaderElection59] INFO  server.RaftServerConfigKeys (ConfUtils.java:logGet(43)) - raft.server.rpc.request.timeout = 3000ms (default)
2019-08-27 10:36:33,049 [d2464cba-1081-4409-a774-8eb5f579e4eb:group-89D855178F06:LeaderElection59] INFO  server.RaftServerConfigKeys (ConfUtils.java:logGet(43)) - raft.server.log.appender.install.snapshot.enabled = false (custom)
2019-08-27 10:36:33,049 [d2464cba-1081-4409-a774-8eb5f579e4eb:group-89D855178F06:LeaderElection59] INFO  server.RaftServerConfigKeys (ConfUtils.java:logGet(43)) - raft.server.log.appender.snapshot.chunk.size.max = 16MB (=16777216) (default)
2019-08-27 10:36:33,049 [d2464cba-1081-4409-a774-8eb5f579e4eb:group-89D855178F06:LeaderElection59] INFO  server.RaftServerConfigKeys (ConfUtils.java:logGet(43)) - raft.server.log.appender.buffer.byte-limit = 33554432 (custom)
2019-08-27 10:36:33,049 [d2464cba-1081-4409-a774-8eb5f579e4eb:group-89D855178F06:LeaderElection59] INFO  server.RaftServerConfigKeys (ConfUtils.java:logGet(43)) - raft.server.log.appender.buffer.element-limit = 1 (custom)
2019-08-27 10:36:33,049 [d2464cba-1081-4409-a774-8eb5f579e4eb:group-89D855178F06:LeaderElection59] INFO  grpc.GrpcConfigKeys$Server (ConfUtils.java:logGet(43)) - raft.grpc.server.leader.outstanding.appends.max = 128 (default)
2019-08-27 10:36:33,049 [d2464cba-1081-4409-a774-8eb5f579e4eb:group-89D855178F06:LeaderElection59] INFO  server.RaftServerConfigKeys (ConfUtils.java:logGet(43)) - raft.server.rpc.request.timeout = 3000ms (default)
2019-08-27 10:36:33,050 [d2464cba-1081-4409-a774-8eb5f579e4eb:group-89D855178F06:LeaderElection59] INFO  server.RaftServerConfigKeys (ConfUtils.java:logGet(43)) - raft.server.log.appender.install.snapshot.enabled = false (custom)
2019-08-27 10:36:33,050 [d2464cba-1081-4409-a774-8eb5f579e4eb:group-89D855178F06:LeaderElection59] INFO  impl.RoleInfo (RoleInfo.java:updateAndGet(143)) - d2464cba-1081-4409-a774-8eb5f579e4eb: start LeaderState
2019-08-27 10:36:33,050 [d2464cba-1081-4409-a774-8eb5f579e4eb:group-89D855178F06:LeaderElection59] INFO  segmented.SegmentedRaftLogWorker (SegmentedRaftLogWorker.java:startLogSegment(380)) - d2464cba-1081-4409-a774-8eb5f579e4eb-SegmentedRaftLogWorker:Storage Directory /workdir/hadoop-ozone/integration-test/target/test-dir/MiniOzoneClusterImpl-18caebed-eb19-4fa4-8af2-b6a2e1f418d7/datanode-2/data/ratis/708e8847-b02b-491d-9eda-89d855178f06: Starting segment from index:0
2019-08-27 10:36:33,051 [d2464cba-1081-4409-a774-8eb5f579e4eb:group-89D855178F06:LeaderElection59] INFO  impl.RaftServerImpl (ServerState.java:setRaftConf(361)) - d2464cba-1081-4409-a774-8eb5f579e4eb:group-89D855178F06 set configuration 0: [d2464cba-1081-4409-a774-8eb5f579e4eb:192.168.5.140:40709, dd62e4ed-a2db-47f7-bf58-78724b5860e3:192.168.5.140:37268, 459ba28e-6ffc-4a7d-9952-63e257c951d7:192.168.5.140:33996], old=null at 0
2019-08-27 10:36:33,089 [d2464cba-1081-4409-a774-8eb5f579e4eb-SegmentedRaftLogWorker:Storage Directory /workdir/hadoop-ozone/integration-test/target/test-dir/MiniOzoneClusterImpl-18caebed-eb19-4fa4-8af2-b6a2e1f418d7/datanode-2/data/ratis/55eff1ca-6f8e-44cc-bc45-f24e7233342a] INFO  segmented.SegmentedRaftLogWorker (SegmentedRaftLogWorker.java:execute(569)) - d2464cba-1081-4409-a774-8eb5f579e4eb-SegmentedRaftLogWorker:Storage Directory /workdir/hadoop-ozone/integration-test/target/test-dir/MiniOzoneClusterImpl-18caebed-eb19-4fa4-8af2-b6a2e1f418d7/datanode-2/data/ratis/55eff1ca-6f8e-44cc-bc45-f24e7233342a: created new log segment /workdir/hadoop-ozone/integration-test/target/test-dir/MiniOzoneClusterImpl-18caebed-eb19-4fa4-8af2-b6a2e1f418d7/datanode-2/data/ratis/55eff1ca-6f8e-44cc-bc45-f24e7233342a/current/log_inprogress_0
2019-08-27 10:36:33,098 [grpc-default-executor-3] INFO  impl.RaftServerImpl (ServerState.java:setLeader(263)) - 459ba28e-6ffc-4a7d-9952-63e257c951d7:group-89D855178F06 change Leader from null to d2464cba-1081-4409-a774-8eb5f579e4eb at term 1 for appendEntries, leader elected after 5185ms
2019-08-27 10:36:33,098 [grpc-default-executor-8] INFO  impl.RaftServerImpl (ServerState.java:setLeader(263)) - dd62e4ed-a2db-47f7-bf58-78724b5860e3:group-89D855178F06 change Leader from null to d2464cba-1081-4409-a774-8eb5f579e4eb at term 1 for appendEntries, leader elected after 5185ms
2019-08-27 10:36:33,102 [grpc-default-executor-8] INFO  impl.RaftServerImpl (ServerState.java:setRaftConf(361)) - 459ba28e-6ffc-4a7d-9952-63e257c951d7:group-89D855178F06 set configuration 0: [d2464cba-1081-4409-a774-8eb5f579e4eb:192.168.5.140:40709, dd62e4ed-a2db-47f7-bf58-78724b5860e3:192.168.5.140:37268, 459ba28e-6ffc-4a7d-9952-63e257c951d7:192.168.5.140:33996], old=null at 0
2019-08-27 10:36:33,102 [grpc-default-executor-8] INFO  segmented.SegmentedRaftLogWorker (SegmentedRaftLogWorker.java:startLogSegment(380)) - 459ba28e-6ffc-4a7d-9952-63e257c951d7-SegmentedRaftLogWorker:Storage Directory /workdir/hadoop-ozone/integration-test/target/test-dir/MiniOzoneClusterImpl-18caebed-eb19-4fa4-8af2-b6a2e1f418d7/datanode-1/data/ratis/708e8847-b02b-491d-9eda-89d855178f06: Starting segment from index:0
2019-08-27 10:36:33,102 [grpc-default-executor-3] INFO  impl.RaftServerImpl (ServerState.java:setRaftConf(361)) - dd62e4ed-a2db-47f7-bf58-78724b5860e3:group-89D855178F06 set configuration 0: [d2464cba-1081-4409-a774-8eb5f579e4eb:192.168.5.140:40709, dd62e4ed-a2db-47f7-bf58-78724b5860e3:192.168.5.140:37268, 459ba28e-6ffc-4a7d-9952-63e257c951d7:192.168.5.140:33996], old=null at 0
2019-08-27 10:36:33,102 [grpc-default-executor-3] INFO  segmented.SegmentedRaftLogWorker (SegmentedRaftLogWorker.java:startLogSegment(380)) - dd62e4ed-a2db-47f7-bf58-78724b5860e3-SegmentedRaftLogWorker:Storage Directory /workdir/hadoop-ozone/integration-test/target/test-dir/MiniOzoneClusterImpl-18caebed-eb19-4fa4-8af2-b6a2e1f418d7/datanode-0/data/ratis/708e8847-b02b-491d-9eda-89d855178f06: Starting segment from index:0
2019-08-27 10:36:33,103 [d2464cba-1081-4409-a774-8eb5f579e4eb-SegmentedRaftLogWorker:Storage Directory /workdir/hadoop-ozone/integration-test/target/test-dir/MiniOzoneClusterImpl-18caebed-eb19-4fa4-8af2-b6a2e1f418d7/datanode-2/data/ratis/708e8847-b02b-491d-9eda-89d855178f06] INFO  segmented.SegmentedRaftLogWorker (SegmentedRaftLogWorker.java:execute(569)) - d2464cba-1081-4409-a774-8eb5f579e4eb-SegmentedRaftLogWorker:Storage Directory /workdir/hadoop-ozone/integration-test/target/test-dir/MiniOzoneClusterImpl-18caebed-eb19-4fa4-8af2-b6a2e1f418d7/datanode-2/data/ratis/708e8847-b02b-491d-9eda-89d855178f06: created new log segment /workdir/hadoop-ozone/integration-test/target/test-dir/MiniOzoneClusterImpl-18caebed-eb19-4fa4-8af2-b6a2e1f418d7/datanode-2/data/ratis/708e8847-b02b-491d-9eda-89d855178f06/current/log_inprogress_0
2019-08-27 10:36:33,155 [dd62e4ed-a2db-47f7-bf58-78724b5860e3-SegmentedRaftLogWorker:Storage Directory /workdir/hadoop-ozone/integration-test/target/test-dir/MiniOzoneClusterImpl-18caebed-eb19-4fa4-8af2-b6a2e1f418d7/datanode-0/data/ratis/708e8847-b02b-491d-9eda-89d855178f06] INFO  segmented.SegmentedRaftLogWorker (SegmentedRaftLogWorker.java:execute(569)) - dd62e4ed-a2db-47f7-bf58-78724b5860e3-SegmentedRaftLogWorker:Storage Directory /workdir/hadoop-ozone/integration-test/target/test-dir/MiniOzoneClusterImpl-18caebed-eb19-4fa4-8af2-b6a2e1f418d7/datanode-0/data/ratis/708e8847-b02b-491d-9eda-89d855178f06: created new log segment /workdir/hadoop-ozone/integration-test/target/test-dir/MiniOzoneClusterImpl-18caebed-eb19-4fa4-8af2-b6a2e1f418d7/datanode-0/data/ratis/708e8847-b02b-491d-9eda-89d855178f06/current/log_inprogress_0
2019-08-27 10:36:33,155 [459ba28e-6ffc-4a7d-9952-63e257c951d7-SegmentedRaftLogWorker:Storage Directory /workdir/hadoop-ozone/integration-test/target/test-dir/MiniOzoneClusterImpl-18caebed-eb19-4fa4-8af2-b6a2e1f418d7/datanode-1/data/ratis/708e8847-b02b-491d-9eda-89d855178f06] INFO  segmented.SegmentedRaftLogWorker (SegmentedRaftLogWorker.java:execute(569)) - 459ba28e-6ffc-4a7d-9952-63e257c951d7-SegmentedRaftLogWorker:Storage Directory /workdir/hadoop-ozone/integration-test/target/test-dir/MiniOzoneClusterImpl-18caebed-eb19-4fa4-8af2-b6a2e1f418d7/datanode-1/data/ratis/708e8847-b02b-491d-9eda-89d855178f06: created new log segment /workdir/hadoop-ozone/integration-test/target/test-dir/MiniOzoneClusterImpl-18caebed-eb19-4fa4-8af2-b6a2e1f418d7/datanode-1/data/ratis/708e8847-b02b-491d-9eda-89d855178f06/current/log_inprogress_0
2019-08-27 10:36:33,281 | INFO  | SCMAudit | user=jenkins1000 | ip=192.168.5.140 | op=SEND_HEARTBEAT {datanodeUUID=4bb5b58a-22ee-4995-9249-f3ef27533d15, command=[]} | ret=SUCCESS |  
2019-08-27 10:36:33,333 [Thread-3311] INFO  impl.FollowerState (FollowerState.java:run(106)) - 4bb5b58a-22ee-4995-9249-f3ef27533d15:group-E324330176E5 changes to CANDIDATE, lastRpcTime:5006, electionTimeout:5006ms
2019-08-27 10:36:33,333 [Thread-3311] INFO  impl.RoleInfo (RoleInfo.java:shutdownFollowerState(121)) - 4bb5b58a-22ee-4995-9249-f3ef27533d15: shutdown FollowerState
2019-08-27 10:36:33,334 [Thread-3311] INFO  impl.RaftServerImpl (RaftServerImpl.java:setRole(171)) - 4bb5b58a-22ee-4995-9249-f3ef27533d15:group-E324330176E5 changes role from FOLLOWER to CANDIDATE at term 0 for changeToCandidate
2019-08-27 10:36:33,334 [Thread-3311] INFO  impl.RoleInfo (RoleInfo.java:updateAndGet(143)) - 4bb5b58a-22ee-4995-9249-f3ef27533d15: start LeaderElection
2019-08-27 10:36:33,351 [4bb5b58a-22ee-4995-9249-f3ef27533d15:group-E324330176E5:LeaderElection61] INFO  impl.LeaderElection (LeaderElection.java:askForVotes(181)) - 4bb5b58a-22ee-4995-9249-f3ef27533d15:group-E324330176E5:LeaderElection61: begin an election at term 1 for -1: [4bb5b58a-22ee-4995-9249-f3ef27533d15:192.168.5.140:32832], old=null
2019-08-27 10:36:33,351 [4bb5b58a-22ee-4995-9249-f3ef27533d15:group-E324330176E5:LeaderElection61] INFO  impl.RoleInfo (RoleInfo.java:shutdownLeaderElection(134)) - 4bb5b58a-22ee-4995-9249-f3ef27533d15: shutdown LeaderElection
2019-08-27 10:36:33,352 [4bb5b58a-22ee-4995-9249-f3ef27533d15:group-E324330176E5:LeaderElection61] INFO  impl.RaftServerImpl (RaftServerImpl.java:setRole(171)) - 4bb5b58a-22ee-4995-9249-f3ef27533d15:group-E324330176E5 changes role from CANDIDATE to LEADER at term 1 for changeToLeader
2019-08-27 10:36:33,352 [4bb5b58a-22ee-4995-9249-f3ef27533d15:group-E324330176E5:LeaderElection61] INFO  impl.RaftServerImpl (ServerState.java:setLeader(263)) - 4bb5b58a-22ee-4995-9249-f3ef27533d15:group-E324330176E5 change Leader from null to 4bb5b58a-22ee-4995-9249-f3ef27533d15 at term 1 for becomeLeader, leader elected after 5028ms
2019-08-27 10:36:33,352 [4bb5b58a-22ee-4995-9249-f3ef27533d15:group-E324330176E5:LeaderElection61] INFO  server.RaftServerConfigKeys (ConfUtils.java:logGet(43)) - raft.server.staging.catchup.gap = 1000 (default)
2019-08-27 10:36:33,352 [4bb5b58a-22ee-4995-9249-f3ef27533d15:group-E324330176E5:LeaderElection61] INFO  server.RaftServerConfigKeys (ConfUtils.java:logGet(43)) - raft.server.rpc.sleep.time = 25ms (default)
2019-08-27 10:36:33,352 [4bb5b58a-22ee-4995-9249-f3ef27533d15:group-E324330176E5:LeaderElection61] INFO  server.RaftServerConfigKeys (ConfUtils.java:logGet(43)) - raft.server.write.element-limit = 4096 (default)
2019-08-27 10:36:33,352 [4bb5b58a-22ee-4995-9249-f3ef27533d15:group-E324330176E5:LeaderElection61] INFO  server.RaftServerConfigKeys (ConfUtils.java:logGet(43)) - raft.server.watch.timeout = 10s (default)
2019-08-27 10:36:33,352 [4bb5b58a-22ee-4995-9249-f3ef27533d15:group-E324330176E5:LeaderElection61] INFO  server.RaftServerConfigKeys (ConfUtils.java:logGet(43)) - raft.server.watch.timeout.denomination = 1s (default)
2019-08-27 10:36:33,353 [4bb5b58a-22ee-4995-9249-f3ef27533d15:group-E324330176E5:LeaderElection61] INFO  server.RaftServerConfigKeys (ConfUtils.java:logGet(43)) - raft.server.watch.element-limit = 65536 (default)
2019-08-27 10:36:33,353 [4bb5b58a-22ee-4995-9249-f3ef27533d15:group-E324330176E5:LeaderElection61] INFO  impl.RoleInfo (RoleInfo.java:updateAndGet(143)) - 4bb5b58a-22ee-4995-9249-f3ef27533d15: start LeaderState
2019-08-27 10:36:33,353 [4bb5b58a-22ee-4995-9249-f3ef27533d15:group-E324330176E5:LeaderElection61] INFO  segmented.SegmentedRaftLogWorker (SegmentedRaftLogWorker.java:startLogSegment(380)) - 4bb5b58a-22ee-4995-9249-f3ef27533d15-SegmentedRaftLogWorker:Storage Directory /workdir/hadoop-ozone/integration-test/target/test-dir/MiniOzoneClusterImpl-18caebed-eb19-4fa4-8af2-b6a2e1f418d7/datanode-3/data/ratis/c53f06e9-866b-40b1-91a7-e324330176e5: Starting segment from index:0
2019-08-27 10:36:33,354 [4bb5b58a-22ee-4995-9249-f3ef27533d15:group-E324330176E5:LeaderElection61] INFO  impl.RaftServerImpl (ServerState.java:setRaftConf(361)) - 4bb5b58a-22ee-4995-9249-f3ef27533d15:group-E324330176E5 set configuration 0: [4bb5b58a-22ee-4995-9249-f3ef27533d15:192.168.5.140:32832], old=null at 0
2019-08-27 10:36:33,406 [4bb5b58a-22ee-4995-9249-f3ef27533d15-SegmentedRaftLogWorker:Storage Directory /workdir/hadoop-ozone/integration-test/target/test-dir/MiniOzoneClusterImpl-18caebed-eb19-4fa4-8af2-b6a2e1f418d7/datanode-3/data/ratis/c53f06e9-866b-40b1-91a7-e324330176e5] INFO  segmented.SegmentedRaftLogWorker (SegmentedRaftLogWorker.java:execute(569)) - 4bb5b58a-22ee-4995-9249-f3ef27533d15-SegmentedRaftLogWorker:Storage Directory /workdir/hadoop-ozone/integration-test/target/test-dir/MiniOzoneClusterImpl-18caebed-eb19-4fa4-8af2-b6a2e1f418d7/datanode-3/data/ratis/c53f06e9-866b-40b1-91a7-e324330176e5: created new log segment /workdir/hadoop-ozone/integration-test/target/test-dir/MiniOzoneClusterImpl-18caebed-eb19-4fa4-8af2-b6a2e1f418d7/datanode-3/data/ratis/c53f06e9-866b-40b1-91a7-e324330176e5/current/log_inprogress_0
2019-08-27 10:36:33,456 | INFO  | SCMAudit | user=jenkins1000 | ip=192.168.5.140 | op=SEND_HEARTBEAT {datanodeUUID=dd62e4ed-a2db-47f7-bf58-78724b5860e3, command=[]} | ret=SUCCESS |  
2019-08-27 10:36:33,467 | INFO  | SCMAudit | user=jenkins1000 | ip=192.168.5.140 | op=SEND_HEARTBEAT {datanodeUUID=dfd95c04-3001-4f3e-bdbe-a78070f2513e, command=[]} | ret=SUCCESS |  
2019-08-27 10:36:33,639 | INFO  | SCMAudit | user=jenkins1000 | ip=192.168.5.140 | op=SEND_HEARTBEAT {datanodeUUID=459ba28e-6ffc-4a7d-9952-63e257c951d7, command=[]} | ret=SUCCESS |  
2019-08-27 10:36:33,643 | INFO  | SCMAudit | user=jenkins1000 | ip=192.168.5.140 | op=SEND_HEARTBEAT {datanodeUUID=f7569169-9807-4426-a770-13a930b2e221, command=[]} | ret=SUCCESS |  
2019-08-27 10:36:33,693 [Thread-3314] INFO  impl.FollowerState (FollowerState.java:run(106)) - dfd95c04-3001-4f3e-bdbe-a78070f2513e:group-0377B8BE13B3 changes to CANDIDATE, lastRpcTime:5184, electionTimeout:5184ms
2019-08-27 10:36:33,694 [Thread-3314] INFO  impl.RoleInfo (RoleInfo.java:shutdownFollowerState(121)) - dfd95c04-3001-4f3e-bdbe-a78070f2513e: shutdown FollowerState
2019-08-27 10:36:33,694 [Thread-3314] INFO  impl.RaftServerImpl (RaftServerImpl.java:setRole(171)) - dfd95c04-3001-4f3e-bdbe-a78070f2513e:group-0377B8BE13B3 changes role from FOLLOWER to CANDIDATE at term 0 for changeToCandidate
2019-08-27 10:36:33,694 [Thread-3314] INFO  impl.RoleInfo (RoleInfo.java:updateAndGet(143)) - dfd95c04-3001-4f3e-bdbe-a78070f2513e: start LeaderElection
2019-08-27 10:36:33,713 [dfd95c04-3001-4f3e-bdbe-a78070f2513e:group-0377B8BE13B3:LeaderElection62] INFO  impl.LeaderElection (LeaderElection.java:askForVotes(181)) - dfd95c04-3001-4f3e-bdbe-a78070f2513e:group-0377B8BE13B3:LeaderElection62: begin an election at term 1 for -1: [dfd95c04-3001-4f3e-bdbe-a78070f2513e:192.168.5.140:41050], old=null
2019-08-27 10:36:33,713 [dfd95c04-3001-4f3e-bdbe-a78070f2513e:group-0377B8BE13B3:LeaderElection62] INFO  impl.RoleInfo (RoleInfo.java:shutdownLeaderElection(134)) - dfd95c04-3001-4f3e-bdbe-a78070f2513e: shutdown LeaderElection
2019-08-27 10:36:33,713 [dfd95c04-3001-4f3e-bdbe-a78070f2513e:group-0377B8BE13B3:LeaderElection62] INFO  impl.RaftServerImpl (RaftServerImpl.java:setRole(171)) - dfd95c04-3001-4f3e-bdbe-a78070f2513e:group-0377B8BE13B3 changes role from CANDIDATE to LEADER at term 1 for changeToLeader
2019-08-27 10:36:33,713 [dfd95c04-3001-4f3e-bdbe-a78070f2513e:group-0377B8BE13B3:LeaderElection62] INFO  impl.RaftServerImpl (ServerState.java:setLeader(263)) - dfd95c04-3001-4f3e-bdbe-a78070f2513e:group-0377B8BE13B3 change Leader from null to dfd95c04-3001-4f3e-bdbe-a78070f2513e at term 1 for becomeLeader, leader elected after 5208ms
2019-08-27 10:36:33,713 [dfd95c04-3001-4f3e-bdbe-a78070f2513e:group-0377B8BE13B3:LeaderElection62] INFO  server.RaftServerConfigKeys (ConfUtils.java:logGet(43)) - raft.server.staging.catchup.gap = 1000 (default)
2019-08-27 10:36:33,714 [dfd95c04-3001-4f3e-bdbe-a78070f2513e:group-0377B8BE13B3:LeaderElection62] INFO  server.RaftServerConfigKeys (ConfUtils.java:logGet(43)) - raft.server.rpc.sleep.time = 25ms (default)
2019-08-27 10:36:33,714 [dfd95c04-3001-4f3e-bdbe-a78070f2513e:group-0377B8BE13B3:LeaderElection62] INFO  server.RaftServerConfigKeys (ConfUtils.java:logGet(43)) - raft.server.write.element-limit = 4096 (default)
2019-08-27 10:36:33,714 [dfd95c04-3001-4f3e-bdbe-a78070f2513e:group-0377B8BE13B3:LeaderElection62] INFO  server.RaftServerConfigKeys (ConfUtils.java:logGet(43)) - raft.server.watch.timeout = 10s (default)
2019-08-27 10:36:33,714 [dfd95c04-3001-4f3e-bdbe-a78070f2513e:group-0377B8BE13B3:LeaderElection62] INFO  server.RaftServerConfigKeys (ConfUtils.java:logGet(43)) - raft.server.watch.timeout.denomination = 1s (default)
2019-08-27 10:36:33,714 [dfd95c04-3001-4f3e-bdbe-a78070f2513e:group-0377B8BE13B3:LeaderElection62] INFO  server.RaftServerConfigKeys (ConfUtils.java:logGet(43)) - raft.server.watch.element-limit = 65536 (default)
2019-08-27 10:36:33,714 [dfd95c04-3001-4f3e-bdbe-a78070f2513e:group-0377B8BE13B3:LeaderElection62] INFO  impl.RoleInfo (RoleInfo.java:updateAndGet(143)) - dfd95c04-3001-4f3e-bdbe-a78070f2513e: start LeaderState
2019-08-27 10:36:33,715 [dfd95c04-3001-4f3e-bdbe-a78070f2513e:group-0377B8BE13B3:LeaderElection62] INFO  segmented.SegmentedRaftLogWorker (SegmentedRaftLogWorker.java:startLogSegment(380)) - dfd95c04-3001-4f3e-bdbe-a78070f2513e-SegmentedRaftLogWorker:Storage Directory /workdir/hadoop-ozone/integration-test/target/test-dir/MiniOzoneClusterImpl-18caebed-eb19-4fa4-8af2-b6a2e1f418d7/datanode-4/data/ratis/53641d54-573c-4d3a-a6af-0377b8be13b3: Starting segment from index:0
2019-08-27 10:36:33,715 [dfd95c04-3001-4f3e-bdbe-a78070f2513e:group-0377B8BE13B3:LeaderElection62] INFO  impl.RaftServerImpl (ServerState.java:setRaftConf(361)) - dfd95c04-3001-4f3e-bdbe-a78070f2513e:group-0377B8BE13B3 set configuration 0: [dfd95c04-3001-4f3e-bdbe-a78070f2513e:192.168.5.140:41050], old=null at 0
2019-08-27 10:36:33,756 [dfd95c04-3001-4f3e-bdbe-a78070f2513e-SegmentedRaftLogWorker:Storage Directory /workdir/hadoop-ozone/integration-test/target/test-dir/MiniOzoneClusterImpl-18caebed-eb19-4fa4-8af2-b6a2e1f418d7/datanode-4/data/ratis/53641d54-573c-4d3a-a6af-0377b8be13b3] INFO  segmented.SegmentedRaftLogWorker (SegmentedRaftLogWorker.java:execute(569)) - dfd95c04-3001-4f3e-bdbe-a78070f2513e-SegmentedRaftLogWorker:Storage Directory /workdir/hadoop-ozone/integration-test/target/test-dir/MiniOzoneClusterImpl-18caebed-eb19-4fa4-8af2-b6a2e1f418d7/datanode-4/data/ratis/53641d54-573c-4d3a-a6af-0377b8be13b3: created new log segment /workdir/hadoop-ozone/integration-test/target/test-dir/MiniOzoneClusterImpl-18caebed-eb19-4fa4-8af2-b6a2e1f418d7/datanode-4/data/ratis/53641d54-573c-4d3a-a6af-0377b8be13b3/current/log_inprogress_0
2019-08-27 10:36:33,796 [Thread-3320] INFO  impl.FollowerState (FollowerState.java:run(106)) - dfd95c04-3001-4f3e-bdbe-a78070f2513e:group-14C0F834C893 changes to CANDIDATE, lastRpcTime:5052, electionTimeout:5052ms
2019-08-27 10:36:33,796 [Thread-3320] INFO  impl.RoleInfo (RoleInfo.java:shutdownFollowerState(121)) - dfd95c04-3001-4f3e-bdbe-a78070f2513e: shutdown FollowerState
2019-08-27 10:36:33,796 [Thread-3320] INFO  impl.RaftServerImpl (RaftServerImpl.java:setRole(171)) - dfd95c04-3001-4f3e-bdbe-a78070f2513e:group-14C0F834C893 changes role from FOLLOWER to CANDIDATE at term 0 for changeToCandidate
2019-08-27 10:36:33,796 [Thread-3320] INFO  impl.RoleInfo (RoleInfo.java:updateAndGet(143)) - dfd95c04-3001-4f3e-bdbe-a78070f2513e: start LeaderElection
2019-08-27 10:36:33,799 [Thread-3317] INFO  impl.FollowerState (FollowerState.java:run(106)) - f7569169-9807-4426-a770-13a930b2e221:group-CCB2E1829A6B changes to CANDIDATE, lastRpcTime:5111, electionTimeout:5110ms
2019-08-27 10:36:33,801 [Thread-3317] INFO  impl.RoleInfo (RoleInfo.java:shutdownFollowerState(121)) - f7569169-9807-4426-a770-13a930b2e221: shutdown FollowerState
2019-08-27 10:36:33,801 [Thread-3317] INFO  impl.RaftServerImpl (RaftServerImpl.java:setRole(171)) - f7569169-9807-4426-a770-13a930b2e221:group-CCB2E1829A6B changes role from FOLLOWER to CANDIDATE at term 0 for changeToCandidate
2019-08-27 10:36:33,802 [Thread-3317] INFO  impl.RoleInfo (RoleInfo.java:updateAndGet(143)) - f7569169-9807-4426-a770-13a930b2e221: start LeaderElection
2019-08-27 10:36:33,814 [Thread-3325] INFO  impl.FollowerState (FollowerState.java:run(106)) - 4bb5b58a-22ee-4995-9249-f3ef27533d15:group-14C0F834C893 changes to CANDIDATE, lastRpcTime:5066, electionTimeout:5066ms
2019-08-27 10:36:33,814 [Thread-3325] INFO  impl.RoleInfo (RoleInfo.java:shutdownFollowerState(121)) - 4bb5b58a-22ee-4995-9249-f3ef27533d15: shutdown FollowerState
2019-08-27 10:36:33,815 [Thread-3325] INFO  impl.RaftServerImpl (RaftServerImpl.java:setRole(171)) - 4bb5b58a-22ee-4995-9249-f3ef27533d15:group-14C0F834C893 changes role from FOLLOWER to CANDIDATE at term 0 for changeToCandidate
2019-08-27 10:36:33,815 [Thread-3325] INFO  impl.RoleInfo (RoleInfo.java:updateAndGet(143)) - 4bb5b58a-22ee-4995-9249-f3ef27533d15: start LeaderElection
2019-08-27 10:36:33,820 | INFO  | SCMAudit | user=jenkins1000 | ip=192.168.5.140 | op=SEND_HEARTBEAT {datanodeUUID=d2464cba-1081-4409-a774-8eb5f579e4eb, command=[]} | ret=SUCCESS |  
2019-08-27 10:36:33,827 [f7569169-9807-4426-a770-13a930b2e221:group-CCB2E1829A6B:LeaderElection64] INFO  impl.LeaderElection (LeaderElection.java:askForVotes(181)) - f7569169-9807-4426-a770-13a930b2e221:group-CCB2E1829A6B:LeaderElection64: begin an election at term 1 for -1: [f7569169-9807-4426-a770-13a930b2e221:192.168.5.140:39064], old=null
2019-08-27 10:36:33,828 [dfd95c04-3001-4f3e-bdbe-a78070f2513e:group-14C0F834C893:LeaderElection63] INFO  impl.LeaderElection (LeaderElection.java:askForVotes(181)) - dfd95c04-3001-4f3e-bdbe-a78070f2513e:group-14C0F834C893:LeaderElection63: begin an election at term 1 for -1: [f7569169-9807-4426-a770-13a930b2e221:192.168.5.140:39064, dfd95c04-3001-4f3e-bdbe-a78070f2513e:192.168.5.140:41050, 4bb5b58a-22ee-4995-9249-f3ef27533d15:192.168.5.140:32832], old=null
2019-08-27 10:36:33,828 [f7569169-9807-4426-a770-13a930b2e221:group-CCB2E1829A6B:LeaderElection64] INFO  impl.RoleInfo (RoleInfo.java:shutdownLeaderElection(134)) - f7569169-9807-4426-a770-13a930b2e221: shutdown LeaderElection
2019-08-27 10:36:33,828 [4bb5b58a-22ee-4995-9249-f3ef27533d15:group-14C0F834C893:LeaderElection65] INFO  impl.LeaderElection (LeaderElection.java:askForVotes(181)) - 4bb5b58a-22ee-4995-9249-f3ef27533d15:group-14C0F834C893:LeaderElection65: begin an election at term 1 for -1: [f7569169-9807-4426-a770-13a930b2e221:192.168.5.140:39064, dfd95c04-3001-4f3e-bdbe-a78070f2513e:192.168.5.140:41050, 4bb5b58a-22ee-4995-9249-f3ef27533d15:192.168.5.140:32832], old=null
2019-08-27 10:36:33,828 [f7569169-9807-4426-a770-13a930b2e221:group-CCB2E1829A6B:LeaderElection64] INFO  impl.RaftServerImpl (RaftServerImpl.java:setRole(171)) - f7569169-9807-4426-a770-13a930b2e221:group-CCB2E1829A6B changes role from CANDIDATE to LEADER at term 1 for changeToLeader
2019-08-27 10:36:33,828 [f7569169-9807-4426-a770-13a930b2e221:group-CCB2E1829A6B:LeaderElection64] INFO  impl.RaftServerImpl (ServerState.java:setLeader(263)) - f7569169-9807-4426-a770-13a930b2e221:group-CCB2E1829A6B change Leader from null to f7569169-9807-4426-a770-13a930b2e221 at term 1 for becomeLeader, leader elected after 5145ms
2019-08-27 10:36:33,828 | INFO  | SCMAudit | user=jenkins1000 | ip=192.168.5.140 | op=SEND_HEARTBEAT {datanodeUUID=0a1681f1-fa7f-4f0d-94b8-3ffba929404b, command=[]} | ret=SUCCESS |  
2019-08-27 10:36:33,829 [f7569169-9807-4426-a770-13a930b2e221:group-CCB2E1829A6B:LeaderElection64] INFO  server.RaftServerConfigKeys (ConfUtils.java:logGet(43)) - raft.server.staging.catchup.gap = 1000 (default)
2019-08-27 10:36:33,829 [f7569169-9807-4426-a770-13a930b2e221:group-CCB2E1829A6B:LeaderElection64] INFO  server.RaftServerConfigKeys (ConfUtils.java:logGet(43)) - raft.server.rpc.sleep.time = 25ms (default)
2019-08-27 10:36:33,829 [f7569169-9807-4426-a770-13a930b2e221:group-CCB2E1829A6B:LeaderElection64] INFO  server.RaftServerConfigKeys (ConfUtils.java:logGet(43)) - raft.server.write.element-limit = 4096 (default)
2019-08-27 10:36:33,829 [f7569169-9807-4426-a770-13a930b2e221:group-CCB2E1829A6B:LeaderElection64] INFO  server.RaftServerConfigKeys (ConfUtils.java:logGet(43)) - raft.server.watch.timeout = 10s (default)
2019-08-27 10:36:33,829 [f7569169-9807-4426-a770-13a930b2e221:group-CCB2E1829A6B:LeaderElection64] INFO  server.RaftServerConfigKeys (ConfUtils.java:logGet(43)) - raft.server.watch.timeout.denomination = 1s (default)
2019-08-27 10:36:33,830 [f7569169-9807-4426-a770-13a930b2e221:group-CCB2E1829A6B:LeaderElection64] INFO  server.RaftServerConfigKeys (ConfUtils.java:logGet(43)) - raft.server.watch.element-limit = 65536 (default)
2019-08-27 10:36:33,830 [f7569169-9807-4426-a770-13a930b2e221:group-CCB2E1829A6B:LeaderElection64] INFO  impl.RoleInfo (RoleInfo.java:updateAndGet(143)) - f7569169-9807-4426-a770-13a930b2e221: start LeaderState
2019-08-27 10:36:33,830 [f7569169-9807-4426-a770-13a930b2e221:group-CCB2E1829A6B:LeaderElection64] INFO  segmented.SegmentedRaftLogWorker (SegmentedRaftLogWorker.java:startLogSegment(380)) - f7569169-9807-4426-a770-13a930b2e221-SegmentedRaftLogWorker:Storage Directory /workdir/hadoop-ozone/integration-test/target/test-dir/MiniOzoneClusterImpl-18caebed-eb19-4fa4-8af2-b6a2e1f418d7/datanode-5/data/ratis/8754a8c2-84a8-4fdd-bc9f-ccb2e1829a6b: Starting segment from index:0
2019-08-27 10:36:33,830 [f7569169-9807-4426-a770-13a930b2e221:group-CCB2E1829A6B:LeaderElection64] INFO  impl.RaftServerImpl (ServerState.java:setRaftConf(361)) - f7569169-9807-4426-a770-13a930b2e221:group-CCB2E1829A6B set configuration 0: [f7569169-9807-4426-a770-13a930b2e221:192.168.5.140:39064], old=null at 0
2019-08-27 10:36:33,859 [grpc-default-executor-4] INFO  impl.RaftServerImpl (RaftServerImpl.java:setRole(171)) - f7569169-9807-4426-a770-13a930b2e221:group-14C0F834C893 changes role from FOLLOWER to FOLLOWER at term 1 for recognizeCandidate:dfd95c04-3001-4f3e-bdbe-a78070f2513e
2019-08-27 10:36:33,862 [grpc-default-executor-4] INFO  impl.RoleInfo (RoleInfo.java:shutdownFollowerState(121)) - f7569169-9807-4426-a770-13a930b2e221: shutdown FollowerState
2019-08-27 10:36:33,862 [grpc-default-executor-4] INFO  impl.RoleInfo (RoleInfo.java:updateAndGet(143)) - f7569169-9807-4426-a770-13a930b2e221: start FollowerState
2019-08-27 10:36:33,862 [Thread-3324] INFO  impl.FollowerState (FollowerState.java:run(114)) - f7569169-9807-4426-a770-13a930b2e221: FollowerState was interrupted: java.lang.InterruptedException: sleep interrupted
2019-08-27 10:36:33,870 [f7569169-9807-4426-a770-13a930b2e221-SegmentedRaftLogWorker:Storage Directory /workdir/hadoop-ozone/integration-test/target/test-dir/MiniOzoneClusterImpl-18caebed-eb19-4fa4-8af2-b6a2e1f418d7/datanode-5/data/ratis/8754a8c2-84a8-4fdd-bc9f-ccb2e1829a6b] INFO  segmented.SegmentedRaftLogWorker (SegmentedRaftLogWorker.java:execute(569)) - f7569169-9807-4426-a770-13a930b2e221-SegmentedRaftLogWorker:Storage Directory /workdir/hadoop-ozone/integration-test/target/test-dir/MiniOzoneClusterImpl-18caebed-eb19-4fa4-8af2-b6a2e1f418d7/datanode-5/data/ratis/8754a8c2-84a8-4fdd-bc9f-ccb2e1829a6b: created new log segment /workdir/hadoop-ozone/integration-test/target/test-dir/MiniOzoneClusterImpl-18caebed-eb19-4fa4-8af2-b6a2e1f418d7/datanode-5/data/ratis/8754a8c2-84a8-4fdd-bc9f-ccb2e1829a6b/current/log_inprogress_0
2019-08-27 10:36:33,874 [4bb5b58a-22ee-4995-9249-f3ef27533d15:group-14C0F834C893:LeaderElection65] INFO  impl.LeaderElection (LeaderElection.java:logAndReturn(56)) - 4bb5b58a-22ee-4995-9249-f3ef27533d15:group-14C0F834C893:LeaderElection65: Election REJECTED; received 2 response(s) [4bb5b58a-22ee-4995-9249-f3ef27533d15<-f7569169-9807-4426-a770-13a930b2e221#0:FAIL-t1, 4bb5b58a-22ee-4995-9249-f3ef27533d15<-dfd95c04-3001-4f3e-bdbe-a78070f2513e#0:FAIL-t1] and 0 exception(s); 4bb5b58a-22ee-4995-9249-f3ef27533d15:t1, leader=null, voted=4bb5b58a-22ee-4995-9249-f3ef27533d15, raftlog=4bb5b58a-22ee-4995-9249-f3ef27533d15-SegmentedRaftLog:OPENED:c-1,f-1,i0, conf=-1: [f7569169-9807-4426-a770-13a930b2e221:192.168.5.140:39064, dfd95c04-3001-4f3e-bdbe-a78070f2513e:192.168.5.140:41050, 4bb5b58a-22ee-4995-9249-f3ef27533d15:192.168.5.140:32832], old=null
2019-08-27 10:36:33,874 [dfd95c04-3001-4f3e-bdbe-a78070f2513e:group-14C0F834C893:LeaderElection63] INFO  impl.LeaderElection (LeaderElection.java:logAndReturn(56)) - dfd95c04-3001-4f3e-bdbe-a78070f2513e:group-14C0F834C893:LeaderElection63: Election PASSED; received 2 response(s) [dfd95c04-3001-4f3e-bdbe-a78070f2513e<-f7569169-9807-4426-a770-13a930b2e221#0:OK-t1, dfd95c04-3001-4f3e-bdbe-a78070f2513e<-4bb5b58a-22ee-4995-9249-f3ef27533d15#0:FAIL-t1] and 0 exception(s); dfd95c04-3001-4f3e-bdbe-a78070f2513e:t1, leader=null, voted=dfd95c04-3001-4f3e-bdbe-a78070f2513e, raftlog=dfd95c04-3001-4f3e-bdbe-a78070f2513e-SegmentedRaftLog:OPENED:c-1,f-1,i0, conf=-1: [f7569169-9807-4426-a770-13a930b2e221:192.168.5.140:39064, dfd95c04-3001-4f3e-bdbe-a78070f2513e:192.168.5.140:41050, 4bb5b58a-22ee-4995-9249-f3ef27533d15:192.168.5.140:32832], old=null
2019-08-27 10:36:33,874 [4bb5b58a-22ee-4995-9249-f3ef27533d15:group-14C0F834C893:LeaderElection65] INFO  impl.RaftServerImpl (RaftServerImpl.java:setRole(171)) - 4bb5b58a-22ee-4995-9249-f3ef27533d15:group-14C0F834C893 changes role from CANDIDATE to FOLLOWER at term 1 for DISCOVERED_A_NEW_TERM
2019-08-27 10:36:33,874 [dfd95c04-3001-4f3e-bdbe-a78070f2513e:group-14C0F834C893:LeaderElection63] INFO  impl.RoleInfo (RoleInfo.java:shutdownLeaderElection(134)) - dfd95c04-3001-4f3e-bdbe-a78070f2513e: shutdown LeaderElection
2019-08-27 10:36:33,874 [4bb5b58a-22ee-4995-9249-f3ef27533d15:group-14C0F834C893:LeaderElection65] INFO  impl.RoleInfo (RoleInfo.java:shutdownLeaderElection(134)) - 4bb5b58a-22ee-4995-9249-f3ef27533d15: shutdown LeaderElection
2019-08-27 10:36:33,875 [dfd95c04-3001-4f3e-bdbe-a78070f2513e:group-14C0F834C893:LeaderElection63] INFO  impl.RaftServerImpl (RaftServerImpl.java:setRole(171)) - dfd95c04-3001-4f3e-bdbe-a78070f2513e:group-14C0F834C893 changes role from CANDIDATE to LEADER at term 1 for changeToLeader
2019-08-27 10:36:33,875 [4bb5b58a-22ee-4995-9249-f3ef27533d15:group-14C0F834C893:LeaderElection65] INFO  impl.RoleInfo (RoleInfo.java:updateAndGet(143)) - 4bb5b58a-22ee-4995-9249-f3ef27533d15: start FollowerState
2019-08-27 10:36:33,875 [dfd95c04-3001-4f3e-bdbe-a78070f2513e:group-14C0F834C893:LeaderElection63] INFO  impl.RaftServerImpl (ServerState.java:setLeader(263)) - dfd95c04-3001-4f3e-bdbe-a78070f2513e:group-14C0F834C893 change Leader from null to dfd95c04-3001-4f3e-bdbe-a78070f2513e at term 1 for becomeLeader, leader elected after 5139ms
2019-08-27 10:36:33,875 [dfd95c04-3001-4f3e-bdbe-a78070f2513e:group-14C0F834C893:LeaderElection63] INFO  server.RaftServerConfigKeys (ConfUtils.java:logGet(43)) - raft.server.staging.catchup.gap = 1000 (default)
2019-08-27 10:36:33,875 [dfd95c04-3001-4f3e-bdbe-a78070f2513e:group-14C0F834C893:LeaderElection63] INFO  server.RaftServerConfigKeys (ConfUtils.java:logGet(43)) - raft.server.rpc.sleep.time = 25ms (default)
2019-08-27 10:36:33,875 [dfd95c04-3001-4f3e-bdbe-a78070f2513e:group-14C0F834C893:LeaderElection63] INFO  server.RaftServerConfigKeys (ConfUtils.java:logGet(43)) - raft.server.write.element-limit = 4096 (default)
2019-08-27 10:36:33,876 [dfd95c04-3001-4f3e-bdbe-a78070f2513e:group-14C0F834C893:LeaderElection63] INFO  server.RaftServerConfigKeys (ConfUtils.java:logGet(43)) - raft.server.watch.timeout = 10s (default)
2019-08-27 10:36:33,876 [dfd95c04-3001-4f3e-bdbe-a78070f2513e:group-14C0F834C893:LeaderElection63] INFO  server.RaftServerConfigKeys (ConfUtils.java:logGet(43)) - raft.server.watch.timeout.denomination = 1s (default)
2019-08-27 10:36:33,876 [dfd95c04-3001-4f3e-bdbe-a78070f2513e:group-14C0F834C893:LeaderElection63] INFO  server.RaftServerConfigKeys (ConfUtils.java:logGet(43)) - raft.server.watch.element-limit = 65536 (default)
2019-08-27 10:36:33,876 [dfd95c04-3001-4f3e-bdbe-a78070f2513e:group-14C0F834C893:LeaderElection63] INFO  server.RaftServerConfigKeys (ConfUtils.java:logGet(43)) - raft.server.log.appender.snapshot.chunk.size.max = 16MB (=16777216) (default)
2019-08-27 10:36:33,876 [dfd95c04-3001-4f3e-bdbe-a78070f2513e:group-14C0F834C893:LeaderElection63] INFO  server.RaftServerConfigKeys (ConfUtils.java:logGet(43)) - raft.server.log.appender.buffer.byte-limit = 33554432 (custom)
2019-08-27 10:36:33,876 [dfd95c04-3001-4f3e-bdbe-a78070f2513e:group-14C0F834C893:LeaderElection63] INFO  server.RaftServerConfigKeys (ConfUtils.java:logGet(43)) - raft.server.log.appender.buffer.element-limit = 1 (custom)
2019-08-27 10:36:33,877 [dfd95c04-3001-4f3e-bdbe-a78070f2513e:group-14C0F834C893:LeaderElection63] INFO  grpc.GrpcConfigKeys$Server (ConfUtils.java:logGet(43)) - raft.grpc.server.leader.outstanding.appends.max = 128 (default)
2019-08-27 10:36:33,877 [dfd95c04-3001-4f3e-bdbe-a78070f2513e:group-14C0F834C893:LeaderElection63] INFO  server.RaftServerConfigKeys (ConfUtils.java:logGet(43)) - raft.server.rpc.request.timeout = 3000ms (default)
2019-08-27 10:36:33,877 [dfd95c04-3001-4f3e-bdbe-a78070f2513e:group-14C0F834C893:LeaderElection63] INFO  server.RaftServerConfigKeys (ConfUtils.java:logGet(43)) - raft.server.log.appender.install.snapshot.enabled = false (custom)
2019-08-27 10:36:33,877 [dfd95c04-3001-4f3e-bdbe-a78070f2513e:group-14C0F834C893:LeaderElection63] INFO  server.RaftServerConfigKeys (ConfUtils.java:logGet(43)) - raft.server.log.appender.snapshot.chunk.size.max = 16MB (=16777216) (default)
2019-08-27 10:36:33,877 [dfd95c04-3001-4f3e-bdbe-a78070f2513e:group-14C0F834C893:LeaderElection63] INFO  server.RaftServerConfigKeys (ConfUtils.java:logGet(43)) - raft.server.log.appender.buffer.byte-limit = 33554432 (custom)
2019-08-27 10:36:33,877 [dfd95c04-3001-4f3e-bdbe-a78070f2513e:group-14C0F834C893:LeaderElection63] INFO  server.RaftServerConfigKeys (ConfUtils.java:logGet(43)) - raft.server.log.appender.buffer.element-limit = 1 (custom)
2019-08-27 10:36:33,878 [dfd95c04-3001-4f3e-bdbe-a78070f2513e:group-14C0F834C893:LeaderElection63] INFO  grpc.GrpcConfigKeys$Server (ConfUtils.java:logGet(43)) - raft.grpc.server.leader.outstanding.appends.max = 128 (default)
2019-08-27 10:36:33,878 [dfd95c04-3001-4f3e-bdbe-a78070f2513e:group-14C0F834C893:LeaderElection63] INFO  server.RaftServerConfigKeys (ConfUtils.java:logGet(43)) - raft.server.rpc.request.timeout = 3000ms (default)
2019-08-27 10:36:33,878 [dfd95c04-3001-4f3e-bdbe-a78070f2513e:group-14C0F834C893:LeaderElection63] INFO  server.RaftServerConfigKeys (ConfUtils.java:logGet(43)) - raft.server.log.appender.install.snapshot.enabled = false (custom)
2019-08-27 10:36:33,878 [dfd95c04-3001-4f3e-bdbe-a78070f2513e:group-14C0F834C893:LeaderElection63] INFO  impl.RoleInfo (RoleInfo.java:updateAndGet(143)) - dfd95c04-3001-4f3e-bdbe-a78070f2513e: start LeaderState
2019-08-27 10:36:33,878 [dfd95c04-3001-4f3e-bdbe-a78070f2513e:group-14C0F834C893:LeaderElection63] INFO  segmented.SegmentedRaftLogWorker (SegmentedRaftLogWorker.java:startLogSegment(380)) - dfd95c04-3001-4f3e-bdbe-a78070f2513e-SegmentedRaftLogWorker:Storage Directory /workdir/hadoop-ozone/integration-test/target/test-dir/MiniOzoneClusterImpl-18caebed-eb19-4fa4-8af2-b6a2e1f418d7/datanode-4/data/ratis/b270dc19-f633-4940-95b4-14c0f834c893: Starting segment from index:0
2019-08-27 10:36:33,879 [dfd95c04-3001-4f3e-bdbe-a78070f2513e:group-14C0F834C893:LeaderElection63] INFO  impl.RaftServerImpl (ServerState.java:setRaftConf(361)) - dfd95c04-3001-4f3e-bdbe-a78070f2513e:group-14C0F834C893 set configuration 0: [f7569169-9807-4426-a770-13a930b2e221:192.168.5.140:39064, dfd95c04-3001-4f3e-bdbe-a78070f2513e:192.168.5.140:41050, 4bb5b58a-22ee-4995-9249-f3ef27533d15:192.168.5.140:32832], old=null at 0
2019-08-27 10:36:33,880 [grpc-default-executor-4] INFO  impl.RaftServerImpl (ServerState.java:setLeader(263)) - f7569169-9807-4426-a770-13a930b2e221:group-14C0F834C893 change Leader from null to dfd95c04-3001-4f3e-bdbe-a78070f2513e at term 1 for appendEntries, leader elected after 5144ms
2019-08-27 10:36:33,881 [grpc-default-executor-4] INFO  impl.RaftServerImpl (ServerState.java:setLeader(263)) - 4bb5b58a-22ee-4995-9249-f3ef27533d15:group-14C0F834C893 change Leader from null to dfd95c04-3001-4f3e-bdbe-a78070f2513e at term 1 for appendEntries, leader elected after 5144ms
2019-08-27 10:36:33,882 [grpc-default-executor-4] INFO  impl.RaftServerImpl (ServerState.java:setRaftConf(361)) - f7569169-9807-4426-a770-13a930b2e221:group-14C0F834C893 set configuration 0: [f7569169-9807-4426-a770-13a930b2e221:192.168.5.140:39064, dfd95c04-3001-4f3e-bdbe-a78070f2513e:192.168.5.140:41050, 4bb5b58a-22ee-4995-9249-f3ef27533d15:192.168.5.140:32832], old=null at 0
2019-08-27 10:36:33,882 [grpc-default-executor-8] INFO  impl.RaftServerImpl (ServerState.java:setRaftConf(361)) - 4bb5b58a-22ee-4995-9249-f3ef27533d15:group-14C0F834C893 set configuration 0: [f7569169-9807-4426-a770-13a930b2e221:192.168.5.140:39064, dfd95c04-3001-4f3e-bdbe-a78070f2513e:192.168.5.140:41050, 4bb5b58a-22ee-4995-9249-f3ef27533d15:192.168.5.140:32832], old=null at 0
2019-08-27 10:36:33,882 [grpc-default-executor-4] INFO  segmented.SegmentedRaftLogWorker (SegmentedRaftLogWorker.java:startLogSegment(380)) - f7569169-9807-4426-a770-13a930b2e221-SegmentedRaftLogWorker:Storage Directory /workdir/hadoop-ozone/integration-test/target/test-dir/MiniOzoneClusterImpl-18caebed-eb19-4fa4-8af2-b6a2e1f418d7/datanode-5/data/ratis/b270dc19-f633-4940-95b4-14c0f834c893: Starting segment from index:0
2019-08-27 10:36:33,883 [grpc-default-executor-8] INFO  segmented.SegmentedRaftLogWorker (SegmentedRaftLogWorker.java:startLogSegment(380)) - 4bb5b58a-22ee-4995-9249-f3ef27533d15-SegmentedRaftLogWorker:Storage Directory /workdir/hadoop-ozone/integration-test/target/test-dir/MiniOzoneClusterImpl-18caebed-eb19-4fa4-8af2-b6a2e1f418d7/datanode-3/data/ratis/b270dc19-f633-4940-95b4-14c0f834c893: Starting segment from index:0
2019-08-27 10:36:33,926 [dfd95c04-3001-4f3e-bdbe-a78070f2513e-SegmentedRaftLogWorker:Storage Directory /workdir/hadoop-ozone/integration-test/target/test-dir/MiniOzoneClusterImpl-18caebed-eb19-4fa4-8af2-b6a2e1f418d7/datanode-4/data/ratis/b270dc19-f633-4940-95b4-14c0f834c893] INFO  segmented.SegmentedRaftLogWorker (SegmentedRaftLogWorker.java:execute(569)) - dfd95c04-3001-4f3e-bdbe-a78070f2513e-SegmentedRaftLogWorker:Storage Directory /workdir/hadoop-ozone/integration-test/target/test-dir/MiniOzoneClusterImpl-18caebed-eb19-4fa4-8af2-b6a2e1f418d7/datanode-4/data/ratis/b270dc19-f633-4940-95b4-14c0f834c893: created new log segment /workdir/hadoop-ozone/integration-test/target/test-dir/MiniOzoneClusterImpl-18caebed-eb19-4fa4-8af2-b6a2e1f418d7/datanode-4/data/ratis/b270dc19-f633-4940-95b4-14c0f834c893/current/log_inprogress_0
2019-08-27 10:36:33,926 [4bb5b58a-22ee-4995-9249-f3ef27533d15-SegmentedRaftLogWorker:Storage Directory /workdir/hadoop-ozone/integration-test/target/test-dir/MiniOzoneClusterImpl-18caebed-eb19-4fa4-8af2-b6a2e1f418d7/datanode-3/data/ratis/b270dc19-f633-4940-95b4-14c0f834c893] INFO  segmented.SegmentedRaftLogWorker (SegmentedRaftLogWorker.java:execute(569)) - 4bb5b58a-22ee-4995-9249-f3ef27533d15-SegmentedRaftLogWorker:Storage Directory /workdir/hadoop-ozone/integration-test/target/test-dir/MiniOzoneClusterImpl-18caebed-eb19-4fa4-8af2-b6a2e1f418d7/datanode-3/data/ratis/b270dc19-f633-4940-95b4-14c0f834c893: created new log segment /workdir/hadoop-ozone/integration-test/target/test-dir/MiniOzoneClusterImpl-18caebed-eb19-4fa4-8af2-b6a2e1f418d7/datanode-3/data/ratis/b270dc19-f633-4940-95b4-14c0f834c893/current/log_inprogress_0
2019-08-27 10:36:33,926 [f7569169-9807-4426-a770-13a930b2e221-SegmentedRaftLogWorker:Storage Directory /workdir/hadoop-ozone/integration-test/target/test-dir/MiniOzoneClusterImpl-18caebed-eb19-4fa4-8af2-b6a2e1f418d7/datanode-5/data/ratis/b270dc19-f633-4940-95b4-14c0f834c893] INFO  segmented.SegmentedRaftLogWorker (SegmentedRaftLogWorker.java:execute(569)) - f7569169-9807-4426-a770-13a930b2e221-SegmentedRaftLogWorker:Storage Directory /workdir/hadoop-ozone/integration-test/target/test-dir/MiniOzoneClusterImpl-18caebed-eb19-4fa4-8af2-b6a2e1f418d7/datanode-5/data/ratis/b270dc19-f633-4940-95b4-14c0f834c893: created new log segment /workdir/hadoop-ozone/integration-test/target/test-dir/MiniOzoneClusterImpl-18caebed-eb19-4fa4-8af2-b6a2e1f418d7/datanode-5/data/ratis/b270dc19-f633-4940-95b4-14c0f834c893/current/log_inprogress_0
2019-08-27 10:36:33,933 [grpc-default-executor-8] INFO  client.GrpcClientProtocolClient (GrpcClientProtocolClient.java:onNext(255)) - client-CBEF91CA3611->dfd95c04-3001-4f3e-bdbe-a78070f2513e: receive RaftClientReply:client-CBEF91CA3611->dfd95c04-3001-4f3e-bdbe-a78070f2513e@group-14C0F834C893, cid=175, FAILED org.apache.ratis.protocol.LeaderNotReadyException: dfd95c04-3001-4f3e-bdbe-a78070f2513e is in LEADER state but not ready yet., logIndex=0, commits[dfd95c04-3001-4f3e-bdbe-a78070f2513e:c-1, f7569169-9807-4426-a770-13a930b2e221:c-1, 4bb5b58a-22ee-4995-9249-f3ef27533d15:c-1]
2019-08-27 10:36:33,997 [Thread-3329] INFO  impl.FollowerState (FollowerState.java:run(106)) - 0a1681f1-fa7f-4f0d-94b8-3ffba929404b:group-9D7E5F2471F1 changes to CANDIDATE, lastRpcTime:5127, electionTimeout:5127ms
2019-08-27 10:36:33,998 [Thread-3329] INFO  impl.RoleInfo (RoleInfo.java:shutdownFollowerState(121)) - 0a1681f1-fa7f-4f0d-94b8-3ffba929404b: shutdown FollowerState
2019-08-27 10:36:33,998 [Thread-3329] INFO  impl.RaftServerImpl (RaftServerImpl.java:setRole(171)) - 0a1681f1-fa7f-4f0d-94b8-3ffba929404b:group-9D7E5F2471F1 changes role from FOLLOWER to CANDIDATE at term 0 for changeToCandidate
2019-08-27 10:36:33,998 [Thread-3329] INFO  impl.RoleInfo (RoleInfo.java:updateAndGet(143)) - 0a1681f1-fa7f-4f0d-94b8-3ffba929404b: start LeaderElection
2019-08-27 10:36:34,015 [0a1681f1-fa7f-4f0d-94b8-3ffba929404b:group-9D7E5F2471F1:LeaderElection66] INFO  impl.LeaderElection (LeaderElection.java:askForVotes(181)) - 0a1681f1-fa7f-4f0d-94b8-3ffba929404b:group-9D7E5F2471F1:LeaderElection66: begin an election at term 1 for -1: [0a1681f1-fa7f-4f0d-94b8-3ffba929404b:192.168.5.140:44281], old=null
2019-08-27 10:36:34,015 [0a1681f1-fa7f-4f0d-94b8-3ffba929404b:group-9D7E5F2471F1:LeaderElection66] INFO  impl.RoleInfo (RoleInfo.java:shutdownLeaderElection(134)) - 0a1681f1-fa7f-4f0d-94b8-3ffba929404b: shutdown LeaderElection
2019-08-27 10:36:34,015 [0a1681f1-fa7f-4f0d-94b8-3ffba929404b:group-9D7E5F2471F1:LeaderElection66] INFO  impl.RaftServerImpl (RaftServerImpl.java:setRole(171)) - 0a1681f1-fa7f-4f0d-94b8-3ffba929404b:group-9D7E5F2471F1 changes role from CANDIDATE to LEADER at term 1 for changeToLeader
2019-08-27 10:36:34,015 [0a1681f1-fa7f-4f0d-94b8-3ffba929404b:group-9D7E5F2471F1:LeaderElection66] INFO  impl.RaftServerImpl (ServerState.java:setLeader(263)) - 0a1681f1-fa7f-4f0d-94b8-3ffba929404b:group-9D7E5F2471F1 change Leader from null to 0a1681f1-fa7f-4f0d-94b8-3ffba929404b at term 1 for becomeLeader, leader elected after 5148ms
2019-08-27 10:36:34,015 [0a1681f1-fa7f-4f0d-94b8-3ffba929404b:group-9D7E5F2471F1:LeaderElection66] INFO  server.RaftServerConfigKeys (ConfUtils.java:logGet(43)) - raft.server.staging.catchup.gap = 1000 (default)
2019-08-27 10:36:34,015 [0a1681f1-fa7f-4f0d-94b8-3ffba929404b:group-9D7E5F2471F1:LeaderElection66] INFO  server.RaftServerConfigKeys (ConfUtils.java:logGet(43)) - raft.server.rpc.sleep.time = 25ms (default)
2019-08-27 10:36:34,015 [0a1681f1-fa7f-4f0d-94b8-3ffba929404b:group-9D7E5F2471F1:LeaderElection66] INFO  server.RaftServerConfigKeys (ConfUtils.java:logGet(43)) - raft.server.write.element-limit = 4096 (default)
2019-08-27 10:36:34,015 [0a1681f1-fa7f-4f0d-94b8-3ffba929404b:group-9D7E5F2471F1:LeaderElection66] INFO  server.RaftServerConfigKeys (ConfUtils.java:logGet(43)) - raft.server.watch.timeout = 10s (default)
2019-08-27 10:36:34,015 [0a1681f1-fa7f-4f0d-94b8-3ffba929404b:group-9D7E5F2471F1:LeaderElection66] INFO  server.RaftServerConfigKeys (ConfUtils.java:logGet(43)) - raft.server.watch.timeout.denomination = 1s (default)
2019-08-27 10:36:34,016 [0a1681f1-fa7f-4f0d-94b8-3ffba929404b:group-9D7E5F2471F1:LeaderElection66] INFO  server.RaftServerConfigKeys (ConfUtils.java:logGet(43)) - raft.server.watch.element-limit = 65536 (default)
2019-08-27 10:36:34,016 [0a1681f1-fa7f-4f0d-94b8-3ffba929404b:group-9D7E5F2471F1:LeaderElection66] INFO  impl.RoleInfo (RoleInfo.java:updateAndGet(143)) - 0a1681f1-fa7f-4f0d-94b8-3ffba929404b: start LeaderState
2019-08-27 10:36:34,016 [0a1681f1-fa7f-4f0d-94b8-3ffba929404b:group-9D7E5F2471F1:LeaderElection66] INFO  segmented.SegmentedRaftLogWorker (SegmentedRaftLogWorker.java:startLogSegment(380)) - 0a1681f1-fa7f-4f0d-94b8-3ffba929404b-SegmentedRaftLogWorker:Storage Directory /workdir/hadoop-ozone/integration-test/target/test-dir/MiniOzoneClusterImpl-18caebed-eb19-4fa4-8af2-b6a2e1f418d7/datanode-6/data/ratis/c26f0c06-90bd-4d32-93fd-9d7e5f2471f1: Starting segment from index:0
2019-08-27 10:36:34,016 [0a1681f1-fa7f-4f0d-94b8-3ffba929404b:group-9D7E5F2471F1:LeaderElection66] INFO  impl.RaftServerImpl (ServerState.java:setRaftConf(361)) - 0a1681f1-fa7f-4f0d-94b8-3ffba929404b:group-9D7E5F2471F1 set configuration 0: [0a1681f1-fa7f-4f0d-94b8-3ffba929404b:192.168.5.140:44281], old=null at 0
2019-08-27 10:36:34,054 [0a1681f1-fa7f-4f0d-94b8-3ffba929404b-SegmentedRaftLogWorker:Storage Directory /workdir/hadoop-ozone/integration-test/target/test-dir/MiniOzoneClusterImpl-18caebed-eb19-4fa4-8af2-b6a2e1f418d7/datanode-6/data/ratis/c26f0c06-90bd-4d32-93fd-9d7e5f2471f1] INFO  segmented.SegmentedRaftLogWorker (SegmentedRaftLogWorker.java:execute(569)) - 0a1681f1-fa7f-4f0d-94b8-3ffba929404b-SegmentedRaftLogWorker:Storage Directory /workdir/hadoop-ozone/integration-test/target/test-dir/MiniOzoneClusterImpl-18caebed-eb19-4fa4-8af2-b6a2e1f418d7/datanode-6/data/ratis/c26f0c06-90bd-4d32-93fd-9d7e5f2471f1: created new log segment /workdir/hadoop-ozone/integration-test/target/test-dir/MiniOzoneClusterImpl-18caebed-eb19-4fa4-8af2-b6a2e1f418d7/datanode-6/data/ratis/c26f0c06-90bd-4d32-93fd-9d7e5f2471f1/current/log_inprogress_0
2019-08-27 10:36:34,281 | INFO  | SCMAudit | user=jenkins1000 | ip=192.168.5.140 | op=SEND_HEARTBEAT {datanodeUUID=4bb5b58a-22ee-4995-9249-f3ef27533d15, command=[]} | ret=SUCCESS |  
2019-08-27 10:36:34,456 | INFO  | SCMAudit | user=jenkins1000 | ip=192.168.5.140 | op=SEND_HEARTBEAT {datanodeUUID=dd62e4ed-a2db-47f7-bf58-78724b5860e3, command=[]} | ret=SUCCESS |  
2019-08-27 10:36:34,467 | INFO  | SCMAudit | user=jenkins1000 | ip=192.168.5.140 | op=SEND_HEARTBEAT {datanodeUUID=dfd95c04-3001-4f3e-bdbe-a78070f2513e, command=[]} | ret=SUCCESS |  
2019-08-27 10:36:34,639 | INFO  | SCMAudit | user=jenkins1000 | ip=192.168.5.140 | op=SEND_HEARTBEAT {datanodeUUID=459ba28e-6ffc-4a7d-9952-63e257c951d7, command=[]} | ret=SUCCESS |  
2019-08-27 10:36:34,644 | INFO  | SCMAudit | user=jenkins1000 | ip=192.168.5.140 | op=SEND_HEARTBEAT {datanodeUUID=f7569169-9807-4426-a770-13a930b2e221, command=[]} | ret=SUCCESS |  
2019-08-27 10:36:34,820 | INFO  | SCMAudit | user=jenkins1000 | ip=192.168.5.140 | op=SEND_HEARTBEAT {datanodeUUID=d2464cba-1081-4409-a774-8eb5f579e4eb, command=[]} | ret=SUCCESS |  
2019-08-27 10:36:34,828 | INFO  | SCMAudit | user=jenkins1000 | ip=192.168.5.140 | op=SEND_HEARTBEAT {datanodeUUID=0a1681f1-fa7f-4f0d-94b8-3ffba929404b, command=[]} | ret=SUCCESS |  
2019-08-27 10:36:35,281 | INFO  | SCMAudit | user=jenkins1000 | ip=192.168.5.140 | op=SEND_HEARTBEAT {datanodeUUID=4bb5b58a-22ee-4995-9249-f3ef27533d15, command=[]} | ret=SUCCESS |  
2019-08-27 10:36:35,456 | INFO  | SCMAudit | user=jenkins1000 | ip=192.168.5.140 | op=SEND_HEARTBEAT {datanodeUUID=dd62e4ed-a2db-47f7-bf58-78724b5860e3, command=[]} | ret=SUCCESS |  
2019-08-27 10:36:35,467 | INFO  | SCMAudit | user=jenkins1000 | ip=192.168.5.140 | op=SEND_HEARTBEAT {datanodeUUID=dfd95c04-3001-4f3e-bdbe-a78070f2513e, command=[]} | ret=SUCCESS |  
2019-08-27 10:36:35,639 | INFO  | SCMAudit | user=jenkins1000 | ip=192.168.5.140 | op=SEND_HEARTBEAT {datanodeUUID=459ba28e-6ffc-4a7d-9952-63e257c951d7, command=[]} | ret=SUCCESS |  
2019-08-27 10:36:35,645 | INFO  | SCMAudit | user=jenkins1000 | ip=192.168.5.140 | op=SEND_HEARTBEAT {datanodeUUID=f7569169-9807-4426-a770-13a930b2e221, command=[]} | ret=SUCCESS |  
2019-08-27 10:36:35,820 | INFO  | SCMAudit | user=jenkins1000 | ip=192.168.5.140 | op=SEND_HEARTBEAT {datanodeUUID=d2464cba-1081-4409-a774-8eb5f579e4eb, command=[]} | ret=SUCCESS |  
2019-08-27 10:36:35,829 | INFO  | SCMAudit | user=jenkins1000 | ip=192.168.5.140 | op=SEND_HEARTBEAT {datanodeUUID=0a1681f1-fa7f-4f0d-94b8-3ffba929404b, command=[]} | ret=SUCCESS |  
2019-08-27 10:36:36,034 | INFO  | DNAudit | user=null | ip=null | op=WRITE_CHUNK {blockData=conID: 1 locID: 102688501915713550 bcsId: 0} | ret=SUCCESS |  
2019-08-27 10:36:36,034 | INFO  | DNAudit | user=null | ip=null | op=WRITE_CHUNK {blockData=conID: 1 locID: 102688501915713550 bcsId: 0} | ret=SUCCESS |  
2019-08-27 10:36:36,034 | INFO  | DNAudit | user=null | ip=null | op=WRITE_CHUNK {blockData=conID: 1 locID: 102688501915713550 bcsId: 0} | ret=SUCCESS |  
2019-08-27 10:36:36,034 | INFO  | SCMAudit | user=jenkins1000 | ip=192.168.5.140 | op=SEND_HEARTBEAT {datanodeUUID=f7569169-9807-4426-a770-13a930b2e221, command=[]} | ret=SUCCESS |  
2019-08-27 10:36:36,034 | INFO  | SCMAudit | user=jenkins1000 | ip=192.168.5.140 | op=SEND_HEARTBEAT {datanodeUUID=dfd95c04-3001-4f3e-bdbe-a78070f2513e, command=[]} | ret=SUCCESS |  
2019-08-27 10:36:36,034 | INFO  | SCMAudit | user=jenkins1000 | ip=192.168.5.140 | op=SEND_HEARTBEAT {datanodeUUID=4bb5b58a-22ee-4995-9249-f3ef27533d15, command=[]} | ret=SUCCESS |  
2019-08-27 10:36:36,047 | INFO  | DNAudit | user=null | ip=null | op=WRITE_CHUNK {blockData=conID: 1 locID: 102688501915713550 bcsId: 0} | ret=SUCCESS |  
2019-08-27 10:36:36,051 [grpc-default-executor-8] INFO  client.GrpcClientProtocolClient (GrpcClientProtocolClient.java:onNext(255)) - client-CBEF91CA3611->dfd95c04-3001-4f3e-bdbe-a78070f2513e: receive RaftClientReply:client-CBEF91CA3611->dfd95c04-3001-4f3e-bdbe-a78070f2513e@group-14C0F834C893, cid=175, SUCCESS, logIndex=1, commits[dfd95c04-3001-4f3e-bdbe-a78070f2513e:c1, f7569169-9807-4426-a770-13a930b2e221:c0, 4bb5b58a-22ee-4995-9249-f3ef27533d15:c0]
2019-08-27 10:36:36,056 | INFO  | DNAudit | user=null | ip=null | op=WRITE_CHUNK {blockData=conID: 1 locID: 102688501915713550 bcsId: 0} | ret=SUCCESS |  
2019-08-27 10:36:36,056 | INFO  | DNAudit | user=null | ip=null | op=WRITE_CHUNK {blockData=conID: 1 locID: 102688501915713550 bcsId: 0} | ret=SUCCESS |  
2019-08-27 10:36:36,057 | INFO  | DNAudit | user=null | ip=null | op=WRITE_CHUNK {blockData=conID: 1 locID: 102688501915713550 bcsId: 0} | ret=SUCCESS |  
2019-08-27 10:36:36,057 | INFO  | DNAudit | user=null | ip=null | op=WRITE_CHUNK {blockData=conID: 1 locID: 102688501915713550 bcsId: 0} | ret=SUCCESS |  
2019-08-27 10:36:36,058 | INFO  | DNAudit | user=null | ip=null | op=WRITE_CHUNK {blockData=conID: 1 locID: 102688501915713550 bcsId: 0} | ret=SUCCESS |  
2019-08-27 10:36:36,058 | INFO  | DNAudit | user=null | ip=null | op=WRITE_CHUNK {blockData=conID: 1 locID: 102688501915713550 bcsId: 0} | ret=SUCCESS |  
2019-08-27 10:36:36,059 | INFO  | DNAudit | user=null | ip=null | op=WRITE_CHUNK {blockData=conID: 1 locID: 102688501915713550 bcsId: 0} | ret=SUCCESS |  
2019-08-27 10:36:36,059 | INFO  | DNAudit | user=null | ip=null | op=WRITE_CHUNK {blockData=conID: 1 locID: 102688501915713550 bcsId: 0} | ret=SUCCESS |  
2019-08-27 10:36:36,060 | INFO  | DNAudit | user=null | ip=null | op=WRITE_CHUNK {blockData=conID: 1 locID: 102688501915713550 bcsId: 0} | ret=SUCCESS |  
2019-08-27 10:36:36,060 | INFO  | DNAudit | user=null | ip=null | op=WRITE_CHUNK {blockData=conID: 1 locID: 102688501915713550 bcsId: 0} | ret=SUCCESS |  
2019-08-27 10:36:36,060 | INFO  | DNAudit | user=null | ip=null | op=WRITE_CHUNK {blockData=conID: 1 locID: 102688501915713550 bcsId: 0} | ret=SUCCESS |  
2019-08-27 10:36:36,060 | INFO  | DNAudit | user=null | ip=null | op=WRITE_CHUNK {blockData=conID: 1 locID: 102688501915713550 bcsId: 0} | ret=SUCCESS |  
2019-08-27 10:36:36,064 [grpc-default-executor-4] INFO  client.GrpcClientProtocolClient (GrpcClientProtocolClient.java:onNext(255)) - client-CBEF91CA3611->dfd95c04-3001-4f3e-bdbe-a78070f2513e: receive RaftClientReply:client-CBEF91CA3611->dfd95c04-3001-4f3e-bdbe-a78070f2513e@group-14C0F834C893, cid=176, SUCCESS, logIndex=3, commits[dfd95c04-3001-4f3e-bdbe-a78070f2513e:c4, f7569169-9807-4426-a770-13a930b2e221:c1, 4bb5b58a-22ee-4995-9249-f3ef27533d15:c1]
2019-08-27 10:36:36,076 | INFO  | DNAudit | user=null | ip=null | op=WRITE_CHUNK {blockData=conID: 1 locID: 102688501915713550 bcsId: 0} | ret=SUCCESS |  
2019-08-27 10:36:36,076 | INFO  | DNAudit | user=null | ip=null | op=WRITE_CHUNK {blockData=conID: 1 locID: 102688501915713550 bcsId: 0} | ret=SUCCESS |  
2019-08-27 10:36:36,108 | INFO  | DNAudit | user=null | ip=null | op=PUT_BLOCK {blockData=[blockId=conID: 1 locID: 102688501915713550 bcsId: 0,size=200]} | ret=SUCCESS |  
2019-08-27 10:36:36,109 | INFO  | DNAudit | user=null | ip=null | op=WRITE_CHUNK {blockData=conID: 1 locID: 102688501915713550 bcsId: 0} | ret=SUCCESS |  
2019-08-27 10:36:36,110 | INFO  | DNAudit | user=null | ip=null | op=WRITE_CHUNK {blockData=conID: 1 locID: 102688501915713550 bcsId: 0} | ret=SUCCESS |  
2019-08-27 10:36:36,110 [grpc-default-executor-7] INFO  client.GrpcClientProtocolClient (GrpcClientProtocolClient.java:onNext(255)) - client-CBEF91CA3611->dfd95c04-3001-4f3e-bdbe-a78070f2513e: receive RaftClientReply:client-CBEF91CA3611->dfd95c04-3001-4f3e-bdbe-a78070f2513e@group-14C0F834C893, cid=177, SUCCESS, logIndex=4, commits[dfd95c04-3001-4f3e-bdbe-a78070f2513e:c12, f7569169-9807-4426-a770-13a930b2e221:c7, 4bb5b58a-22ee-4995-9249-f3ef27533d15:c7]
2019-08-27 10:36:36,110 [grpc-default-executor-7] INFO  client.GrpcClientProtocolClient (GrpcClientProtocolClient.java:onNext(255)) - client-CBEF91CA3611->dfd95c04-3001-4f3e-bdbe-a78070f2513e: receive RaftClientReply:client-CBEF91CA3611->dfd95c04-3001-4f3e-bdbe-a78070f2513e@group-14C0F834C893, cid=178, SUCCESS, logIndex=5, commits[dfd95c04-3001-4f3e-bdbe-a78070f2513e:c12, f7569169-9807-4426-a770-13a930b2e221:c7, 4bb5b58a-22ee-4995-9249-f3ef27533d15:c7]
2019-08-27 10:36:36,111 [grpc-default-executor-7] INFO  client.GrpcClientProtocolClient (GrpcClientProtocolClient.java:onNext(255)) - client-CBEF91CA3611->dfd95c04-3001-4f3e-bdbe-a78070f2513e: receive RaftClientReply:client-CBEF91CA3611->dfd95c04-3001-4f3e-bdbe-a78070f2513e@group-14C0F834C893, cid=179, SUCCESS, logIndex=6, commits[dfd95c04-3001-4f3e-bdbe-a78070f2513e:c12, f7569169-9807-4426-a770-13a930b2e221:c7, 4bb5b58a-22ee-4995-9249-f3ef27533d15:c7]
2019-08-27 10:36:36,135 | INFO  | DNAudit | user=null | ip=null | op=PUT_BLOCK {blockData=[blockId=conID: 1 locID: 102688501915713550 bcsId: 0,size=200]} | ret=SUCCESS |  
2019-08-27 10:36:36,136 | INFO  | DNAudit | user=null | ip=null | op=WRITE_CHUNK {blockData=conID: 1 locID: 102688501915713550 bcsId: 0} | ret=SUCCESS |  
2019-08-27 10:36:36,136 | INFO  | DNAudit | user=null | ip=null | op=WRITE_CHUNK {blockData=conID: 1 locID: 102688501915713550 bcsId: 0} | ret=SUCCESS |  
2019-08-27 10:36:36,158 | INFO  | DNAudit | user=null | ip=null | op=PUT_BLOCK {blockData=[blockId=conID: 1 locID: 102688501915713550 bcsId: 0,size=400]} | ret=SUCCESS |  
2019-08-27 10:36:36,158 | INFO  | DNAudit | user=null | ip=null | op=PUT_BLOCK {blockData=[blockId=conID: 1 locID: 102688501915713550 bcsId: 0,size=400]} | ret=SUCCESS |  
2019-08-27 10:36:36,158 | INFO  | DNAudit | user=null | ip=null | op=PUT_BLOCK {blockData=[blockId=conID: 1 locID: 102688501915713550 bcsId: 0,size=200]} | ret=SUCCESS |  
2019-08-27 10:36:36,158 | INFO  | DNAudit | user=null | ip=null | op=WRITE_CHUNK {blockData=conID: 1 locID: 102688501915713550 bcsId: 0} | ret=SUCCESS |  
2019-08-27 10:36:36,159 | INFO  | DNAudit | user=null | ip=null | op=WRITE_CHUNK {blockData=conID: 1 locID: 102688501915713550 bcsId: 0} | ret=SUCCESS |  
2019-08-27 10:36:36,159 [grpc-default-executor-7] INFO  client.GrpcClientProtocolClient (GrpcClientProtocolClient.java:onNext(255)) - client-CBEF91CA3611->dfd95c04-3001-4f3e-bdbe-a78070f2513e: receive RaftClientReply:client-CBEF91CA3611->dfd95c04-3001-4f3e-bdbe-a78070f2513e@group-14C0F834C893, cid=180, SUCCESS, logIndex=7, commits[dfd95c04-3001-4f3e-bdbe-a78070f2513e:c12, f7569169-9807-4426-a770-13a930b2e221:c7, 4bb5b58a-22ee-4995-9249-f3ef27533d15:c7]
2019-08-27 10:36:36,160 | INFO  | DNAudit | user=null | ip=null | op=PUT_BLOCK {blockData=[blockId=conID: 1 locID: 102688501915713550 bcsId: 0,size=400]} | ret=SUCCESS |  
2019-08-27 10:36:36,162 | INFO  | DNAudit | user=null | ip=null | op=WRITE_CHUNK {blockData=conID: 1 locID: 102688501915713550 bcsId: 7} | ret=SUCCESS |  
2019-08-27 10:36:36,163 | INFO  | DNAudit | user=null | ip=null | op=WRITE_CHUNK {blockData=conID: 1 locID: 102688501915713550 bcsId: 7} | ret=SUCCESS |  
2019-08-27 10:36:36,163 | INFO  | DNAudit | user=null | ip=null | op=WRITE_CHUNK {blockData=conID: 1 locID: 102688501915713550 bcsId: 7} | ret=SUCCESS |  
2019-08-27 10:36:36,167 | INFO  | DNAudit | user=null | ip=null | op=WRITE_CHUNK {blockData=conID: 1 locID: 102688501915713550 bcsId: 7} | ret=SUCCESS |  
2019-08-27 10:36:36,168 | INFO  | DNAudit | user=null | ip=null | op=PUT_BLOCK {blockData=[blockId=conID: 1 locID: 102688501915713550 bcsId: 0,size=450]} | ret=SUCCESS |  
2019-08-27 10:36:36,168 [grpc-default-executor-7] INFO  client.GrpcClientProtocolClient (GrpcClientProtocolClient.java:onNext(255)) - client-CBEF91CA3611->dfd95c04-3001-4f3e-bdbe-a78070f2513e: receive RaftClientReply:client-CBEF91CA3611->dfd95c04-3001-4f3e-bdbe-a78070f2513e@group-14C0F834C893, cid=181, SUCCESS, logIndex=13, commits[dfd95c04-3001-4f3e-bdbe-a78070f2513e:c14, f7569169-9807-4426-a770-13a930b2e221:c12, 4bb5b58a-22ee-4995-9249-f3ef27533d15:c7]
2019-08-27 10:36:36,169 [grpc-default-executor-7] INFO  client.GrpcClientProtocolClient (GrpcClientProtocolClient.java:onNext(255)) - client-CBEF91CA3611->dfd95c04-3001-4f3e-bdbe-a78070f2513e: receive RaftClientReply:client-CBEF91CA3611->dfd95c04-3001-4f3e-bdbe-a78070f2513e@group-14C0F834C893, cid=182, SUCCESS, logIndex=14, commits[dfd95c04-3001-4f3e-bdbe-a78070f2513e:c14, f7569169-9807-4426-a770-13a930b2e221:c12, 4bb5b58a-22ee-4995-9249-f3ef27533d15:c12]
2019-08-27 10:36:36,171 | INFO  | DNAudit | user=null | ip=null | op=WRITE_CHUNK {blockData=conID: 1 locID: 102688501915713550 bcsId: 7} | ret=SUCCESS |  
2019-08-27 10:36:36,171 | INFO  | DNAudit | user=null | ip=null | op=WRITE_CHUNK {blockData=conID: 1 locID: 102688501915713550 bcsId: 7} | ret=SUCCESS |  
2019-08-27 10:36:36,171 | INFO  | DNAudit | user=null | ip=null | op=PUT_BLOCK {blockData=[blockId=conID: 1 locID: 102688501915713550 bcsId: 0,size=450]} | ret=SUCCESS |  
2019-08-27 10:36:36,175 | INFO  | DNAudit | user=null | ip=null | op=PUT_BLOCK {blockData=[blockId=conID: 1 locID: 102688501915713550 bcsId: 0,size=450]} | ret=SUCCESS |  
2019-08-27 10:36:36,175 [grpc-default-executor-4] INFO  client.GrpcClientProtocolClient (GrpcClientProtocolClient.java:onNext(255)) - client-CBEF91CA3611->dfd95c04-3001-4f3e-bdbe-a78070f2513e: receive RaftClientReply:client-CBEF91CA3611->dfd95c04-3001-4f3e-bdbe-a78070f2513e@group-14C0F834C893, cid=183, SUCCESS, logIndex=0, commits[dfd95c04-3001-4f3e-bdbe-a78070f2513e:c15, f7569169-9807-4426-a770-13a930b2e221:c14, 4bb5b58a-22ee-4995-9249-f3ef27533d15:c14]
2019-08-27 10:36:36,176 [main] INFO  datanode.ObjectStoreHandler (ObjectStoreHandler.java:close(155)) - Closing ObjectStoreHandler.
2019-08-27 10:36:36,176 [main] INFO  ozone.HddsDatanodeService (HddsDatanodeService.java:stop(451)) - Stopped plug-in org.apache.hadoop.ozone.web.OzoneHddsDatanodeService@670481b2
2019-08-27 10:36:36,457 | INFO  | SCMAudit | user=jenkins1000 | ip=192.168.5.140 | op=SEND_HEARTBEAT {datanodeUUID=dd62e4ed-a2db-47f7-bf58-78724b5860e3, command=[]} | ret=SUCCESS |  
2019-08-27 10:36:36,639 | INFO  | SCMAudit | user=jenkins1000 | ip=192.168.5.140 | op=SEND_HEARTBEAT {datanodeUUID=459ba28e-6ffc-4a7d-9952-63e257c951d7, command=[]} | ret=SUCCESS |  
2019-08-27 10:36:36,820 | INFO  | SCMAudit | user=jenkins1000 | ip=192.168.5.140 | op=SEND_HEARTBEAT {datanodeUUID=d2464cba-1081-4409-a774-8eb5f579e4eb, command=[]} | ret=SUCCESS |  
2019-08-27 10:36:36,829 | INFO  | SCMAudit | user=jenkins1000 | ip=192.168.5.140 | op=SEND_HEARTBEAT {datanodeUUID=0a1681f1-fa7f-4f0d-94b8-3ffba929404b, command=[]} | ret=SUCCESS |  
2019-08-27 10:36:37,034 [Datanode State Machine Thread - 0] INFO  statemachine.DatanodeStateMachine (DatanodeStateMachine.java:lambda$startDaemon$0(350)) - Ozone container server started.
2019-08-27 10:36:37,034 | INFO  | SCMAudit | user=jenkins1000 | ip=192.168.5.140 | op=SEND_HEARTBEAT {datanodeUUID=f7569169-9807-4426-a770-13a930b2e221, command=[]} | ret=SUCCESS |  
2019-08-27 10:36:37,034 | INFO  | SCMAudit | user=jenkins1000 | ip=192.168.5.140 | op=SEND_HEARTBEAT {datanodeUUID=4bb5b58a-22ee-4995-9249-f3ef27533d15, command=[]} | ret=SUCCESS |  
2019-08-27 10:36:37,457 | INFO  | SCMAudit | user=jenkins1000 | ip=192.168.5.140 | op=SEND_HEARTBEAT {datanodeUUID=dd62e4ed-a2db-47f7-bf58-78724b5860e3, command=[]} | ret=SUCCESS |  
2019-08-27 10:36:37,640 | INFO  | SCMAudit | user=jenkins1000 | ip=192.168.5.140 | op=SEND_HEARTBEAT {datanodeUUID=459ba28e-6ffc-4a7d-9952-63e257c951d7, command=[]} | ret=SUCCESS |  
2019-08-27 10:36:37,820 | INFO  | SCMAudit | user=jenkins1000 | ip=192.168.5.140 | op=SEND_HEARTBEAT {datanodeUUID=d2464cba-1081-4409-a774-8eb5f579e4eb, command=[]} | ret=SUCCESS |  
2019-08-27 10:36:37,829 | INFO  | SCMAudit | user=jenkins1000 | ip=192.168.5.140 | op=SEND_HEARTBEAT {datanodeUUID=0a1681f1-fa7f-4f0d-94b8-3ffba929404b, command=[]} | ret=SUCCESS |  
2019-08-27 10:36:38,034 | INFO  | SCMAudit | user=jenkins1000 | ip=192.168.5.140 | op=SEND_HEARTBEAT {datanodeUUID=f7569169-9807-4426-a770-13a930b2e221, command=[]} | ret=SUCCESS |  
2019-08-27 10:36:38,034 | INFO  | SCMAudit | user=jenkins1000 | ip=192.168.5.140 | op=SEND_HEARTBEAT {datanodeUUID=4bb5b58a-22ee-4995-9249-f3ef27533d15, command=[]} | ret=SUCCESS |  
2019-08-27 10:36:38,457 | INFO  | SCMAudit | user=jenkins1000 | ip=192.168.5.140 | op=SEND_HEARTBEAT {datanodeUUID=dd62e4ed-a2db-47f7-bf58-78724b5860e3, command=[]} | ret=SUCCESS |  
2019-08-27 10:36:38,641 | INFO  | SCMAudit | user=jenkins1000 | ip=192.168.5.140 | op=SEND_HEARTBEAT {datanodeUUID=459ba28e-6ffc-4a7d-9952-63e257c951d7, command=[]} | ret=SUCCESS |  
2019-08-27 10:36:38,820 | INFO  | SCMAudit | user=jenkins1000 | ip=192.168.5.140 | op=SEND_HEARTBEAT {datanodeUUID=d2464cba-1081-4409-a774-8eb5f579e4eb, command=[]} | ret=SUCCESS |  
2019-08-27 10:36:38,828 | INFO  | SCMAudit | user=jenkins1000 | ip=192.168.5.140 | op=SEND_HEARTBEAT {datanodeUUID=0a1681f1-fa7f-4f0d-94b8-3ffba929404b, command=[]} | ret=SUCCESS |  
2019-08-27 10:36:39,034 | INFO  | SCMAudit | user=jenkins1000 | ip=192.168.5.140 | op=SEND_HEARTBEAT {datanodeUUID=f7569169-9807-4426-a770-13a930b2e221, command=[]} | ret=SUCCESS |  
2019-08-27 10:36:39,035 | INFO  | SCMAudit | user=jenkins1000 | ip=192.168.5.140 | op=SEND_HEARTBEAT {datanodeUUID=4bb5b58a-22ee-4995-9249-f3ef27533d15, command=[]} | ret=SUCCESS |  
2019-08-27 10:36:39,457 | INFO  | SCMAudit | user=jenkins1000 | ip=192.168.5.140 | op=SEND_HEARTBEAT {datanodeUUID=dd62e4ed-a2db-47f7-bf58-78724b5860e3, command=[]} | ret=SUCCESS |  
2019-08-27 10:36:39,641 | INFO  | SCMAudit | user=jenkins1000 | ip=192.168.5.140 | op=SEND_HEARTBEAT {datanodeUUID=459ba28e-6ffc-4a7d-9952-63e257c951d7, command=[]} | ret=SUCCESS |  
2019-08-27 10:36:39,819 | INFO  | SCMAudit | user=jenkins1000 | ip=192.168.5.140 | op=SEND_HEARTBEAT {datanodeUUID=d2464cba-1081-4409-a774-8eb5f579e4eb, command=[]} | ret=SUCCESS |  
2019-08-27 10:36:39,828 | INFO  | SCMAudit | user=jenkins1000 | ip=192.168.5.140 | op=SEND_HEARTBEAT {datanodeUUID=0a1681f1-fa7f-4f0d-94b8-3ffba929404b, command=[]} | ret=SUCCESS |  
2019-08-27 10:36:40,034 | INFO  | SCMAudit | user=jenkins1000 | ip=192.168.5.140 | op=SEND_HEARTBEAT {datanodeUUID=f7569169-9807-4426-a770-13a930b2e221, command=[]} | ret=SUCCESS |  
2019-08-27 10:36:40,035 | INFO  | SCMAudit | user=jenkins1000 | ip=192.168.5.140 | op=SEND_HEARTBEAT {datanodeUUID=4bb5b58a-22ee-4995-9249-f3ef27533d15, command=[]} | ret=SUCCESS |  
2019-08-27 10:36:40,457 | INFO  | SCMAudit | user=jenkins1000 | ip=192.168.5.140 | op=SEND_HEARTBEAT {datanodeUUID=dd62e4ed-a2db-47f7-bf58-78724b5860e3, command=[]} | ret=SUCCESS |  
2019-08-27 10:36:40,641 | INFO  | SCMAudit | user=jenkins1000 | ip=192.168.5.140 | op=SEND_HEARTBEAT {datanodeUUID=459ba28e-6ffc-4a7d-9952-63e257c951d7, command=[]} | ret=SUCCESS |  
2019-08-27 10:36:40,819 | INFO  | SCMAudit | user=jenkins1000 | ip=192.168.5.140 | op=SEND_HEARTBEAT {datanodeUUID=d2464cba-1081-4409-a774-8eb5f579e4eb, command=[]} | ret=SUCCESS |  
2019-08-27 10:36:40,828 | INFO  | SCMAudit | user=jenkins1000 | ip=192.168.5.140 | op=SEND_HEARTBEAT {datanodeUUID=0a1681f1-fa7f-4f0d-94b8-3ffba929404b, command=[]} | ret=SUCCESS |  
2019-08-27 10:36:41,034 | INFO  | SCMAudit | user=jenkins1000 | ip=192.168.5.140 | op=SEND_HEARTBEAT {datanodeUUID=f7569169-9807-4426-a770-13a930b2e221, command=[]} | ret=SUCCESS |  
2019-08-27 10:36:41,035 | INFO  | SCMAudit | user=jenkins1000 | ip=192.168.5.140 | op=SEND_HEARTBEAT {datanodeUUID=4bb5b58a-22ee-4995-9249-f3ef27533d15, command=[]} | ret=SUCCESS |  
2019-08-27 10:36:41,066 [EventQueue-StaleNodeForStaleNodeHandler] INFO  node.StaleNodeHandler (StaleNodeHandler.java:onMessage(58)) - Datanode dfd95c04-3001-4f3e-bdbe-a78070f2513e{ip: 192.168.5.140, host: pr-hdds-1982-decom-states-5k2nc-2490103652, networkLocation: /default-rack, certSerialId: null} moved to stale state. Finalizing its pipelines [PipelineID=53641d54-573c-4d3a-a6af-0377b8be13b3, PipelineID=b270dc19-f633-4940-95b4-14c0f834c893]
2019-08-27 10:36:41,067 [EventQueue-StaleNodeForStaleNodeHandler] INFO  pipeline.SCMPipelineManager (SCMPipelineManager.java:finalizeAndDestroyPipeline(309)) - destroying pipeline:Pipeline[ Id: 53641d54-573c-4d3a-a6af-0377b8be13b3, Nodes: dfd95c04-3001-4f3e-bdbe-a78070f2513e{ip: 192.168.5.140, host: pr-hdds-1982-decom-states-5k2nc-2490103652, networkLocation: /default-rack, certSerialId: null}, Type:RATIS, Factor:ONE, State:OPEN]
2019-08-27 10:36:41,067 [EventQueue-StaleNodeForStaleNodeHandler] INFO  pipeline.PipelineStateManager (PipelineStateManager.java:finalizePipeline(123)) - Pipeline Pipeline[ Id: 53641d54-573c-4d3a-a6af-0377b8be13b3, Nodes: dfd95c04-3001-4f3e-bdbe-a78070f2513e{ip: 192.168.5.140, host: pr-hdds-1982-decom-states-5k2nc-2490103652, networkLocation: /default-rack, certSerialId: null}, Type:RATIS, Factor:ONE, State:CLOSED] moved to CLOSED state
2019-08-27 10:36:41,067 [EventQueue-StaleNodeForStaleNodeHandler] INFO  pipeline.SCMPipelineManager (SCMPipelineManager.java:finalizeAndDestroyPipeline(309)) - destroying pipeline:Pipeline[ Id: b270dc19-f633-4940-95b4-14c0f834c893, Nodes: dfd95c04-3001-4f3e-bdbe-a78070f2513e{ip: 192.168.5.140, host: pr-hdds-1982-decom-states-5k2nc-2490103652, networkLocation: /default-rack, certSerialId: null}4bb5b58a-22ee-4995-9249-f3ef27533d15{ip: 192.168.5.140, host: pr-hdds-1982-decom-states-5k2nc-2490103652, networkLocation: /default-rack, certSerialId: null}f7569169-9807-4426-a770-13a930b2e221{ip: 192.168.5.140, host: pr-hdds-1982-decom-states-5k2nc-2490103652, networkLocation: /default-rack, certSerialId: null}, Type:RATIS, Factor:THREE, State:OPEN]
2019-08-27 10:36:41,067 [EventQueue-StaleNodeForStaleNodeHandler] INFO  pipeline.PipelineStateManager (PipelineStateManager.java:finalizePipeline(123)) - Pipeline Pipeline[ Id: b270dc19-f633-4940-95b4-14c0f834c893, Nodes: dfd95c04-3001-4f3e-bdbe-a78070f2513e{ip: 192.168.5.140, host: pr-hdds-1982-decom-states-5k2nc-2490103652, networkLocation: /default-rack, certSerialId: null}4bb5b58a-22ee-4995-9249-f3ef27533d15{ip: 192.168.5.140, host: pr-hdds-1982-decom-states-5k2nc-2490103652, networkLocation: /default-rack, certSerialId: null}f7569169-9807-4426-a770-13a930b2e221{ip: 192.168.5.140, host: pr-hdds-1982-decom-states-5k2nc-2490103652, networkLocation: /default-rack, certSerialId: null}, Type:RATIS, Factor:THREE, State:CLOSED] moved to CLOSED state
2019-08-27 10:36:41,068 [EventQueue-CloseContainerForCloseContainerEventHandler] INFO  container.CloseContainerEventHandler (CloseContainerEventHandler.java:onMessage(61)) - Close container Event triggered for container : #1
2019-08-27 10:36:41,177 [main] INFO  ozoneimpl.OzoneContainer (OzoneContainer.java:stop(199)) - Attempting to stop container services.
2019-08-27 10:36:41,177 [main] INFO  impl.RaftServerProxy (RaftServerProxy.java:lambda$close$4(314)) - dfd95c04-3001-4f3e-bdbe-a78070f2513e: close
2019-08-27 10:36:41,178 [main] INFO  impl.RaftServerImpl (RaftServerImpl.java:lambda$shutdown$3(245)) - dfd95c04-3001-4f3e-bdbe-a78070f2513e: shutdown group-0377B8BE13B3
2019-08-27 10:36:41,178 [ForkJoinPool.commonPool-worker-1] INFO  impl.RaftServerImpl (RaftServerImpl.java:lambda$shutdown$3(245)) - dfd95c04-3001-4f3e-bdbe-a78070f2513e: shutdown group-14C0F834C893
2019-08-27 10:36:41,179 [main] INFO  util.JmxRegister (JmxRegister.java:unregister(73)) - Successfully un-registered JMX Bean with object name Ratis:service=RaftServer,group=group-0377B8BE13B3,id=dfd95c04-3001-4f3e-bdbe-a78070f2513e
2019-08-27 10:36:41,179 [ForkJoinPool.commonPool-worker-1] INFO  util.JmxRegister (JmxRegister.java:unregister(73)) - Successfully un-registered JMX Bean with object name Ratis:service=RaftServer,group=group-14C0F834C893,id=dfd95c04-3001-4f3e-bdbe-a78070f2513e
2019-08-27 10:36:41,179 [main] INFO  impl.RoleInfo (RoleInfo.java:shutdownLeaderState(104)) - dfd95c04-3001-4f3e-bdbe-a78070f2513e: shutdown LeaderState
2019-08-27 10:36:41,180 [ForkJoinPool.commonPool-worker-1] INFO  impl.RoleInfo (RoleInfo.java:shutdownLeaderState(104)) - dfd95c04-3001-4f3e-bdbe-a78070f2513e: shutdown LeaderState
2019-08-27 10:36:41,180 [main] INFO  impl.PendingRequests (PendingRequests.java:sendNotLeaderResponses(202)) - dfd95c04-3001-4f3e-bdbe-a78070f2513e-PendingRequests: sendNotLeaderResponses
2019-08-27 10:36:41,187 [ForkJoinPool.commonPool-worker-1] INFO  impl.PendingRequests (PendingRequests.java:sendNotLeaderResponses(202)) - dfd95c04-3001-4f3e-bdbe-a78070f2513e-PendingRequests: sendNotLeaderResponses
2019-08-27 10:36:41,187 [org.apache.ratis.server.impl.LogAppender$AppenderDaemon$$Lambda$461/706770451@4161e661] WARN  server.GrpcLogAppender (GrpcLogAppender.java:mayWait(143)) - GrpcLogAppender(dfd95c04-3001-4f3e-bdbe-a78070f2513e->4bb5b58a-22ee-4995-9249-f3ef27533d15): Wait interrupted by java.lang.InterruptedException
2019-08-27 10:36:41,187 [org.apache.ratis.server.impl.LogAppender$AppenderDaemon$$Lambda$461/706770451@4636889] WARN  server.GrpcLogAppender (GrpcLogAppender.java:mayWait(143)) - GrpcLogAppender(dfd95c04-3001-4f3e-bdbe-a78070f2513e->f7569169-9807-4426-a770-13a930b2e221): Wait interrupted by java.lang.InterruptedException
2019-08-27 10:36:41,192 [ForkJoinPool.commonPool-worker-1] INFO  impl.StateMachineUpdater (StateMachineUpdater.java:stopAndJoin(115)) - StateMachineUpdater:dfd95c04-3001-4f3e-bdbe-a78070f2513e:group-14C0F834C893: set stopIndex = 16
2019-08-27 10:36:41,193 [grpc-default-executor-7] INFO  server.GrpcServerProtocolService (GrpcServerProtocolService.java:onCompleted(104)) - 4bb5b58a-22ee-4995-9249-f3ef27533d15: appendEntries completed
2019-08-27 10:36:41,187 [main] INFO  impl.StateMachineUpdater (StateMachineUpdater.java:stopAndJoin(115)) - StateMachineUpdater:dfd95c04-3001-4f3e-bdbe-a78070f2513e:group-0377B8BE13B3: set stopIndex = 0
2019-08-27 10:36:41,193 [grpc-default-executor-7] INFO  server.GrpcLogAppender (GrpcLogAppender.java:onCompleted(292)) - dfd95c04-3001-4f3e-bdbe-a78070f2513e->4bb5b58a-22ee-4995-9249-f3ef27533d15: follower responses appendEntries COMPLETED
2019-08-27 10:36:41,193 [grpc-default-executor-4] INFO  server.GrpcServerProtocolService (GrpcServerProtocolService.java:onCompleted(104)) - f7569169-9807-4426-a770-13a930b2e221: appendEntries completed
2019-08-27 10:36:41,193 [StateMachineUpdater:dfd95c04-3001-4f3e-bdbe-a78070f2513e:group-14C0F834C893] INFO  ratis.ContainerStateMachine (ContainerStateMachine.java:takeSnapshot(283)) - group-14C0F834C893: Taking a snapshot at:(t:1, i:14) file /workdir/hadoop-ozone/integration-test/target/test-dir/MiniOzoneClusterImpl-18caebed-eb19-4fa4-8af2-b6a2e1f418d7/datanode-4/data/ratis/b270dc19-f633-4940-95b4-14c0f834c893/sm/snapshot.1_14
2019-08-27 10:36:41,194 [grpc-default-executor-7] INFO  impl.FollowerInfo (FollowerInfo.java:lambda$new$0(50)) - dfd95c04-3001-4f3e-bdbe-a78070f2513e->4bb5b58a-22ee-4995-9249-f3ef27533d15: nextIndex: updateUnconditionally 17 -> 16
2019-08-27 10:36:41,193 [main] INFO  impl.RaftServerImpl (ServerState.java:close(394)) - dfd95c04-3001-4f3e-bdbe-a78070f2513e:group-0377B8BE13B3 closes. The last applied log index is 0
2019-08-27 10:36:41,194 [grpc-default-executor-4] INFO  server.GrpcLogAppender (GrpcLogAppender.java:onCompleted(292)) - dfd95c04-3001-4f3e-bdbe-a78070f2513e->f7569169-9807-4426-a770-13a930b2e221: follower responses appendEntries COMPLETED
2019-08-27 10:36:41,195 [dfd95c04-3001-4f3e-bdbe-a78070f2513e-SegmentedRaftLogWorker:Storage Directory /workdir/hadoop-ozone/integration-test/target/test-dir/MiniOzoneClusterImpl-18caebed-eb19-4fa4-8af2-b6a2e1f418d7/datanode-4/data/ratis/53641d54-573c-4d3a-a6af-0377b8be13b3] INFO  segmented.SegmentedRaftLogWorker (SegmentedRaftLogWorker.java:run(313)) - dfd95c04-3001-4f3e-bdbe-a78070f2513e-SegmentedRaftLogWorker:Storage Directory /workdir/hadoop-ozone/integration-test/target/test-dir/MiniOzoneClusterImpl-18caebed-eb19-4fa4-8af2-b6a2e1f418d7/datanode-4/data/ratis/53641d54-573c-4d3a-a6af-0377b8be13b3 was interrupted, exiting. There are 0 tasks remaining in the queue.
2019-08-27 10:36:41,195 [grpc-default-executor-4] INFO  impl.FollowerInfo (FollowerInfo.java:lambda$new$0(50)) - dfd95c04-3001-4f3e-bdbe-a78070f2513e->f7569169-9807-4426-a770-13a930b2e221: nextIndex: updateUnconditionally 17 -> 16
2019-08-27 10:36:41,206 [main] INFO  segmented.SegmentedRaftLogWorker (SegmentedRaftLogWorker.java:close(228)) - dfd95c04-3001-4f3e-bdbe-a78070f2513e-SegmentedRaftLogWorker:Storage Directory /workdir/hadoop-ozone/integration-test/target/test-dir/MiniOzoneClusterImpl-18caebed-eb19-4fa4-8af2-b6a2e1f418d7/datanode-4/data/ratis/53641d54-573c-4d3a-a6af-0377b8be13b3 close()
2019-08-27 10:36:41,209 [StateMachineUpdater:dfd95c04-3001-4f3e-bdbe-a78070f2513e:group-14C0F834C893] INFO  ratis.ContainerStateMachine (ContainerStateMachine.java:takeSnapshot(294)) - group-14C0F834C893: Finished taking a snapshot at:(t:1, i:14) file:/workdir/hadoop-ozone/integration-test/target/test-dir/MiniOzoneClusterImpl-18caebed-eb19-4fa4-8af2-b6a2e1f418d7/datanode-4/data/ratis/b270dc19-f633-4940-95b4-14c0f834c893/sm/snapshot.1_14 time:16
2019-08-27 10:36:41,211 [StateMachineUpdater:dfd95c04-3001-4f3e-bdbe-a78070f2513e:group-14C0F834C893] INFO  impl.StateMachineUpdater (StateMachineUpdater.java:takeSnapshot(242)) - StateMachineUpdater:dfd95c04-3001-4f3e-bdbe-a78070f2513e:group-14C0F834C893: Took a snapshot at index 14
2019-08-27 10:36:41,211 [StateMachineUpdater:dfd95c04-3001-4f3e-bdbe-a78070f2513e:group-14C0F834C893] INFO  impl.StateMachineUpdater (StateMachineUpdater.java:lambda$new$0(80)) - StateMachineUpdater:dfd95c04-3001-4f3e-bdbe-a78070f2513e:group-14C0F834C893: snapshotIndex: updateIncreasingly -1 -> 14
2019-08-27 10:36:41,212 [ForkJoinPool.commonPool-worker-1] INFO  impl.RaftServerImpl (ServerState.java:close(394)) - dfd95c04-3001-4f3e-bdbe-a78070f2513e:group-14C0F834C893 closes. The last applied log index is 16
2019-08-27 10:36:41,212 [dfd95c04-3001-4f3e-bdbe-a78070f2513e-SegmentedRaftLogWorker:Storage Directory /workdir/hadoop-ozone/integration-test/target/test-dir/MiniOzoneClusterImpl-18caebed-eb19-4fa4-8af2-b6a2e1f418d7/datanode-4/data/ratis/b270dc19-f633-4940-95b4-14c0f834c893] INFO  segmented.SegmentedRaftLogWorker (SegmentedRaftLogWorker.java:run(313)) - dfd95c04-3001-4f3e-bdbe-a78070f2513e-SegmentedRaftLogWorker:Storage Directory /workdir/hadoop-ozone/integration-test/target/test-dir/MiniOzoneClusterImpl-18caebed-eb19-4fa4-8af2-b6a2e1f418d7/datanode-4/data/ratis/b270dc19-f633-4940-95b4-14c0f834c893 was interrupted, exiting. There are 0 tasks remaining in the queue.
2019-08-27 10:36:41,214 [ForkJoinPool.commonPool-worker-1] INFO  segmented.SegmentedRaftLogWorker (SegmentedRaftLogWorker.java:close(228)) - dfd95c04-3001-4f3e-bdbe-a78070f2513e-SegmentedRaftLogWorker:Storage Directory /workdir/hadoop-ozone/integration-test/target/test-dir/MiniOzoneClusterImpl-18caebed-eb19-4fa4-8af2-b6a2e1f418d7/datanode-4/data/ratis/b270dc19-f633-4940-95b4-14c0f834c893 close()
2019-08-27 10:36:41,218 [main] INFO  server.GrpcService (GrpcService.java:closeImpl(155)) - dfd95c04-3001-4f3e-bdbe-a78070f2513e: shutdown server with port 41050 now
2019-08-27 10:36:41,218 [grpc-default-executor-7] WARN  client.GrpcClientProtocolService (LogUtils.java:warn(134)) - 4-UnorderedRequestStreamObserver4: onError: org.apache.ratis.thirdparty.io.grpc.StatusRuntimeException: CANCELLED: cancelled before receiving half close
2019-08-27 10:36:41,218 [main] INFO  server.GrpcService (GrpcService.java:closeImpl(163)) - dfd95c04-3001-4f3e-bdbe-a78070f2513e: shutdown server with port 41050 successfully
2019-08-27 10:36:41,220 [main] INFO  utils.BackgroundService (BackgroundService.java:shutdown(148)) - Shutting down service BlockDeletingService
2019-08-27 10:36:41,222 [refreshUsed-/workdir/hadoop-ozone/integration-test/target/test-dir/MiniOzoneClusterImpl-18caebed-eb19-4fa4-8af2-b6a2e1f418d7/datanode-4/data/containers] WARN  fs.CachingGetSpaceUsed (CachingGetSpaceUsed.java:run(183)) - Thread Interrupted waiting to refresh disk information: sleep interrupted
2019-08-27 10:36:41,240 [main] INFO  statemachine.DatanodeStateMachine (DatanodeStateMachine.java:stopDaemon(395)) - Ozone container server stopped.
2019-08-27 10:36:41,241 [main] INFO  handler.ContextHandler (ContextHandler.java:doStop(910)) - Stopped o.e.j.w.WebAppContext@2940eec0{/,null,UNAVAILABLE}{/hddsDatanode}
2019-08-27 10:36:41,242 [main] INFO  server.AbstractConnector (AbstractConnector.java:doStop(318)) - Stopped ServerConnector@57d6f569{HTTP/1.1,[http/1.1]}{0.0.0.0:0}
2019-08-27 10:36:41,242 [main] INFO  handler.ContextHandler (ContextHandler.java:doStop(910)) - Stopped o.e.j.s.ServletContextHandler@59ac94ad{/static,jar:file:/home/user/.m2/repository/org/apache/hadoop/hadoop-hdds-container-service/0.5.0-SNAPSHOT/hadoop-hdds-container-service-0.5.0-SNAPSHOT.jar!/webapps/static,UNAVAILABLE}
2019-08-27 10:36:41,242 [main] INFO  handler.ContextHandler (ContextHandler.java:doStop(910)) - Stopped o.e.j.s.ServletContextHandler@2100d881{/logs,file:///workdir/hadoop-ozone/integration-test/target/log,UNAVAILABLE}
2019-08-27 10:36:41,457 | INFO  | SCMAudit | user=jenkins1000 | ip=192.168.5.140 | op=SEND_HEARTBEAT {datanodeUUID=dd62e4ed-a2db-47f7-bf58-78724b5860e3, command=[]} | ret=SUCCESS |  
2019-08-27 10:36:41,641 | INFO  | SCMAudit | user=jenkins1000 | ip=192.168.5.140 | op=SEND_HEARTBEAT {datanodeUUID=459ba28e-6ffc-4a7d-9952-63e257c951d7, command=[]} | ret=SUCCESS |  
2019-08-27 10:36:41,820 | INFO  | SCMAudit | user=jenkins1000 | ip=192.168.5.140 | op=SEND_HEARTBEAT {datanodeUUID=d2464cba-1081-4409-a774-8eb5f579e4eb, command=[]} | ret=SUCCESS |  
2019-08-27 10:36:41,829 | INFO  | SCMAudit | user=jenkins1000 | ip=192.168.5.140 | op=SEND_HEARTBEAT {datanodeUUID=0a1681f1-fa7f-4f0d-94b8-3ffba929404b, command=[]} | ret=SUCCESS |  
2019-08-27 10:36:42,035 | INFO  | SCMAudit | user=jenkins1000 | ip=192.168.5.140 | op=SEND_HEARTBEAT {datanodeUUID=4bb5b58a-22ee-4995-9249-f3ef27533d15, command=[commandType: closeContainerCommand closeContainerCommandProto { containerID: 1 pipelineID { id: "b270dc19-f633-4940-95b4-14c0f834c893" } cmdId: 1 force: false } ]} | ret=SUCCESS |  
2019-08-27 10:36:42,035 | INFO  | SCMAudit | user=jenkins1000 | ip=192.168.5.140 | op=SEND_HEARTBEAT {datanodeUUID=f7569169-9807-4426-a770-13a930b2e221, command=[commandType: closeContainerCommand closeContainerCommandProto { containerID: 1 pipelineID { id: "b270dc19-f633-4940-95b4-14c0f834c893" } cmdId: 1 force: false } ]} | ret=SUCCESS |  
2019-08-27 10:36:42,457 | INFO  | SCMAudit | user=jenkins1000 | ip=192.168.5.140 | op=SEND_HEARTBEAT {datanodeUUID=dd62e4ed-a2db-47f7-bf58-78724b5860e3, command=[]} | ret=SUCCESS |  
2019-08-27 10:36:42,641 | INFO  | SCMAudit | user=jenkins1000 | ip=192.168.5.140 | op=SEND_HEARTBEAT {datanodeUUID=459ba28e-6ffc-4a7d-9952-63e257c951d7, command=[]} | ret=SUCCESS |  
2019-08-27 10:36:42,821 | INFO  | SCMAudit | user=jenkins1000 | ip=192.168.5.140 | op=SEND_HEARTBEAT {datanodeUUID=d2464cba-1081-4409-a774-8eb5f579e4eb, command=[]} | ret=SUCCESS |  
2019-08-27 10:36:42,829 | INFO  | SCMAudit | user=jenkins1000 | ip=192.168.5.140 | op=SEND_HEARTBEAT {datanodeUUID=0a1681f1-fa7f-4f0d-94b8-3ffba929404b, command=[]} | ret=SUCCESS |  
2019-08-27 10:36:43,034 | INFO  | SCMAudit | user=jenkins1000 | ip=192.168.5.140 | op=SEND_HEARTBEAT {datanodeUUID=4bb5b58a-22ee-4995-9249-f3ef27533d15, command=[]} | ret=SUCCESS |  
2019-08-27 10:36:43,035 | INFO  | SCMAudit | user=jenkins1000 | ip=192.168.5.140 | op=SEND_HEARTBEAT {datanodeUUID=f7569169-9807-4426-a770-13a930b2e221, command=[]} | ret=SUCCESS |  
2019-08-27 10:36:43,254 [grpc-default-executor-8] INFO  client.GrpcClientProtocolClient (GrpcClientProtocolClient.java:onNext(255)) - client-CBEF91CA3611->f7569169-9807-4426-a770-13a930b2e221: receive RaftClientReply:client-CBEF91CA3611->f7569169-9807-4426-a770-13a930b2e221@group-14C0F834C893, cid=184, FAILED org.apache.ratis.protocol.NotLeaderException: Server f7569169-9807-4426-a770-13a930b2e221 is not the leader (dfd95c04-3001-4f3e-bdbe-a78070f2513e:192.168.5.140:41050). Request must be sent to leader., logIndex=0, commits[f7569169-9807-4426-a770-13a930b2e221:c16, dfd95c04-3001-4f3e-bdbe-a78070f2513e:c16, 4bb5b58a-22ee-4995-9249-f3ef27533d15:c16]
2019-08-27 10:36:43,457 | INFO  | SCMAudit | user=jenkins1000 | ip=192.168.5.140 | op=SEND_HEARTBEAT {datanodeUUID=dd62e4ed-a2db-47f7-bf58-78724b5860e3, command=[]} | ret=SUCCESS |  
2019-08-27 10:36:43,641 | INFO  | SCMAudit | user=jenkins1000 | ip=192.168.5.140 | op=SEND_HEARTBEAT {datanodeUUID=459ba28e-6ffc-4a7d-9952-63e257c951d7, command=[]} | ret=SUCCESS |  
2019-08-27 10:36:43,821 | INFO  | SCMAudit | user=jenkins1000 | ip=192.168.5.140 | op=SEND_HEARTBEAT {datanodeUUID=d2464cba-1081-4409-a774-8eb5f579e4eb, command=[]} | ret=SUCCESS |  
2019-08-27 10:36:43,829 | INFO  | SCMAudit | user=jenkins1000 | ip=192.168.5.140 | op=SEND_HEARTBEAT {datanodeUUID=0a1681f1-fa7f-4f0d-94b8-3ffba929404b, command=[]} | ret=SUCCESS |  
2019-08-27 10:36:44,034 | INFO  | SCMAudit | user=jenkins1000 | ip=192.168.5.140 | op=SEND_HEARTBEAT {datanodeUUID=4bb5b58a-22ee-4995-9249-f3ef27533d15, command=[]} | ret=SUCCESS |  
2019-08-27 10:36:44,034 | INFO  | SCMAudit | user=jenkins1000 | ip=192.168.5.140 | op=SEND_HEARTBEAT {datanodeUUID=f7569169-9807-4426-a770-13a930b2e221, command=[]} | ret=SUCCESS |  
2019-08-27 10:36:44,050 | INFO  | SCMAudit | user=jenkins1000 | ip=192.168.5.140 | op=SEND_HEARTBEAT {datanodeUUID=f7569169-9807-4426-a770-13a930b2e221, command=[]} | ret=SUCCESS |  
2019-08-27 10:36:44,050 | INFO  | SCMAudit | user=jenkins1000 | ip=192.168.5.140 | op=SEND_HEARTBEAT {datanodeUUID=4bb5b58a-22ee-4995-9249-f3ef27533d15, command=[]} | ret=SUCCESS |  
2019-08-27 10:36:44,266 [grpc-default-executor-4] INFO  client.GrpcClientProtocolClient (GrpcClientProtocolClient.java:onNext(255)) - client-CBEF91CA3611->4bb5b58a-22ee-4995-9249-f3ef27533d15: receive RaftClientReply:client-CBEF91CA3611->4bb5b58a-22ee-4995-9249-f3ef27533d15@group-14C0F834C893, cid=184, FAILED org.apache.ratis.protocol.NotLeaderException: Server 4bb5b58a-22ee-4995-9249-f3ef27533d15 is not the leader (dfd95c04-3001-4f3e-bdbe-a78070f2513e:192.168.5.140:41050). Request must be sent to leader., logIndex=0, commits[4bb5b58a-22ee-4995-9249-f3ef27533d15:c16, f7569169-9807-4426-a770-13a930b2e221:c16, dfd95c04-3001-4f3e-bdbe-a78070f2513e:c16]
2019-08-27 10:36:44,457 | INFO  | SCMAudit | user=jenkins1000 | ip=192.168.5.140 | op=SEND_HEARTBEAT {datanodeUUID=dd62e4ed-a2db-47f7-bf58-78724b5860e3, command=[]} | ret=SUCCESS |  
2019-08-27 10:36:44,641 | INFO  | SCMAudit | user=jenkins1000 | ip=192.168.5.140 | op=SEND_HEARTBEAT {datanodeUUID=459ba28e-6ffc-4a7d-9952-63e257c951d7, command=[]} | ret=SUCCESS |  
2019-08-27 10:36:44,821 | INFO  | SCMAudit | user=jenkins1000 | ip=192.168.5.140 | op=SEND_HEARTBEAT {datanodeUUID=d2464cba-1081-4409-a774-8eb5f579e4eb, command=[]} | ret=SUCCESS |  
2019-08-27 10:36:44,829 | INFO  | SCMAudit | user=jenkins1000 | ip=192.168.5.140 | op=SEND_HEARTBEAT {datanodeUUID=0a1681f1-fa7f-4f0d-94b8-3ffba929404b, command=[]} | ret=SUCCESS |  
2019-08-27 10:36:45,050 | INFO  | SCMAudit | user=jenkins1000 | ip=192.168.5.140 | op=SEND_HEARTBEAT {datanodeUUID=f7569169-9807-4426-a770-13a930b2e221, command=[]} | ret=SUCCESS |  
2019-08-27 10:36:45,051 | INFO  | SCMAudit | user=jenkins1000 | ip=192.168.5.140 | op=SEND_HEARTBEAT {datanodeUUID=4bb5b58a-22ee-4995-9249-f3ef27533d15, command=[]} | ret=SUCCESS |  
2019-08-27 10:36:45,278 [grpc-default-executor-7] INFO  client.GrpcClientProtocolClient (GrpcClientProtocolClient.java:onNext(255)) - client-CBEF91CA3611->f7569169-9807-4426-a770-13a930b2e221: receive RaftClientReply:client-CBEF91CA3611->f7569169-9807-4426-a770-13a930b2e221@group-14C0F834C893, cid=184, FAILED org.apache.ratis.protocol.NotLeaderException: Server f7569169-9807-4426-a770-13a930b2e221 is not the leader (dfd95c04-3001-4f3e-bdbe-a78070f2513e:192.168.5.140:41050). Request must be sent to leader., logIndex=0, commits[f7569169-9807-4426-a770-13a930b2e221:c16, dfd95c04-3001-4f3e-bdbe-a78070f2513e:c16, 4bb5b58a-22ee-4995-9249-f3ef27533d15:c16]
2019-08-27 10:36:45,457 | INFO  | SCMAudit | user=jenkins1000 | ip=192.168.5.140 | op=SEND_HEARTBEAT {datanodeUUID=dd62e4ed-a2db-47f7-bf58-78724b5860e3, command=[]} | ret=SUCCESS |  
2019-08-27 10:36:45,641 | INFO  | SCMAudit | user=jenkins1000 | ip=192.168.5.140 | op=SEND_HEARTBEAT {datanodeUUID=459ba28e-6ffc-4a7d-9952-63e257c951d7, command=[]} | ret=SUCCESS |  
2019-08-27 10:36:45,821 | INFO  | SCMAudit | user=jenkins1000 | ip=192.168.5.140 | op=SEND_HEARTBEAT {datanodeUUID=d2464cba-1081-4409-a774-8eb5f579e4eb, command=[]} | ret=SUCCESS |  
2019-08-27 10:36:45,829 | INFO  | SCMAudit | user=jenkins1000 | ip=192.168.5.140 | op=SEND_HEARTBEAT {datanodeUUID=0a1681f1-fa7f-4f0d-94b8-3ffba929404b, command=[]} | ret=SUCCESS |  
2019-08-27 10:36:46,051 | INFO  | SCMAudit | user=jenkins1000 | ip=192.168.5.140 | op=SEND_HEARTBEAT {datanodeUUID=f7569169-9807-4426-a770-13a930b2e221, command=[]} | ret=SUCCESS |  
2019-08-27 10:36:46,051 | INFO  | SCMAudit | user=jenkins1000 | ip=192.168.5.140 | op=SEND_HEARTBEAT {datanodeUUID=4bb5b58a-22ee-4995-9249-f3ef27533d15, command=[]} | ret=SUCCESS |  
2019-08-27 10:36:46,291 [grpc-default-executor-8] INFO  client.GrpcClientProtocolClient (GrpcClientProtocolClient.java:onNext(255)) - client-CBEF91CA3611->4bb5b58a-22ee-4995-9249-f3ef27533d15: receive RaftClientReply:client-CBEF91CA3611->4bb5b58a-22ee-4995-9249-f3ef27533d15@group-14C0F834C893, cid=184, FAILED org.apache.ratis.protocol.NotLeaderException: Server 4bb5b58a-22ee-4995-9249-f3ef27533d15 is not the leader (dfd95c04-3001-4f3e-bdbe-a78070f2513e:192.168.5.140:41050). Request must be sent to leader., logIndex=0, commits[4bb5b58a-22ee-4995-9249-f3ef27533d15:c16, f7569169-9807-4426-a770-13a930b2e221:c16, dfd95c04-3001-4f3e-bdbe-a78070f2513e:c16]
2019-08-27 10:36:46,458 | INFO  | SCMAudit | user=jenkins1000 | ip=192.168.5.140 | op=SEND_HEARTBEAT {datanodeUUID=dd62e4ed-a2db-47f7-bf58-78724b5860e3, command=[]} | ret=SUCCESS |  
2019-08-27 10:36:46,641 | INFO  | SCMAudit | user=jenkins1000 | ip=192.168.5.140 | op=SEND_HEARTBEAT {datanodeUUID=459ba28e-6ffc-4a7d-9952-63e257c951d7, command=[]} | ret=SUCCESS |  
2019-08-27 10:36:46,821 | INFO  | SCMAudit | user=jenkins1000 | ip=192.168.5.140 | op=SEND_HEARTBEAT {datanodeUUID=d2464cba-1081-4409-a774-8eb5f579e4eb, command=[]} | ret=SUCCESS |  
2019-08-27 10:36:46,829 | INFO  | SCMAudit | user=jenkins1000 | ip=192.168.5.140 | op=SEND_HEARTBEAT {datanodeUUID=0a1681f1-fa7f-4f0d-94b8-3ffba929404b, command=[]} | ret=SUCCESS |  
2019-08-27 10:36:47,051 | INFO  | SCMAudit | user=jenkins1000 | ip=192.168.5.140 | op=SEND_HEARTBEAT {datanodeUUID=f7569169-9807-4426-a770-13a930b2e221, command=[]} | ret=SUCCESS |  
2019-08-27 10:36:47,051 | INFO  | SCMAudit | user=jenkins1000 | ip=192.168.5.140 | op=SEND_HEARTBEAT {datanodeUUID=4bb5b58a-22ee-4995-9249-f3ef27533d15, command=[]} | ret=SUCCESS |  
2019-08-27 10:36:47,303 [grpc-default-executor-7] INFO  client.GrpcClientProtocolClient (GrpcClientProtocolClient.java:onNext(255)) - client-CBEF91CA3611->f7569169-9807-4426-a770-13a930b2e221: receive RaftClientReply:client-CBEF91CA3611->f7569169-9807-4426-a770-13a930b2e221@group-14C0F834C893, cid=184, FAILED org.apache.ratis.protocol.NotLeaderException: Server f7569169-9807-4426-a770-13a930b2e221 is not the leader (dfd95c04-3001-4f3e-bdbe-a78070f2513e:192.168.5.140:41050). Request must be sent to leader., logIndex=0, commits[f7569169-9807-4426-a770-13a930b2e221:c16, dfd95c04-3001-4f3e-bdbe-a78070f2513e:c16, 4bb5b58a-22ee-4995-9249-f3ef27533d15:c16]
2019-08-27 10:36:47,458 | INFO  | SCMAudit | user=jenkins1000 | ip=192.168.5.140 | op=SEND_HEARTBEAT {datanodeUUID=dd62e4ed-a2db-47f7-bf58-78724b5860e3, command=[]} | ret=SUCCESS |  
2019-08-27 10:36:47,642 | INFO  | SCMAudit | user=jenkins1000 | ip=192.168.5.140 | op=SEND_HEARTBEAT {datanodeUUID=459ba28e-6ffc-4a7d-9952-63e257c951d7, command=[]} | ret=SUCCESS |  
2019-08-27 10:36:47,821 | INFO  | SCMAudit | user=jenkins1000 | ip=192.168.5.140 | op=SEND_HEARTBEAT {datanodeUUID=d2464cba-1081-4409-a774-8eb5f579e4eb, command=[]} | ret=SUCCESS |  
2019-08-27 10:36:47,829 | INFO  | SCMAudit | user=jenkins1000 | ip=192.168.5.140 | op=SEND_HEARTBEAT {datanodeUUID=0a1681f1-fa7f-4f0d-94b8-3ffba929404b, command=[]} | ret=SUCCESS |  
2019-08-27 10:36:48,051 | INFO  | SCMAudit | user=jenkins1000 | ip=192.168.5.140 | op=SEND_HEARTBEAT {datanodeUUID=f7569169-9807-4426-a770-13a930b2e221, command=[]} | ret=SUCCESS |  
2019-08-27 10:36:48,051 | INFO  | SCMAudit | user=jenkins1000 | ip=192.168.5.140 | op=SEND_HEARTBEAT {datanodeUUID=4bb5b58a-22ee-4995-9249-f3ef27533d15, command=[]} | ret=SUCCESS |  
2019-08-27 10:36:48,315 [grpc-default-executor-8] INFO  client.GrpcClientProtocolClient (GrpcClientProtocolClient.java:onNext(255)) - client-CBEF91CA3611->f7569169-9807-4426-a770-13a930b2e221: receive RaftClientReply:client-CBEF91CA3611->f7569169-9807-4426-a770-13a930b2e221@group-14C0F834C893, cid=184, FAILED org.apache.ratis.protocol.NotLeaderException: Server f7569169-9807-4426-a770-13a930b2e221 is not the leader (dfd95c04-3001-4f3e-bdbe-a78070f2513e:192.168.5.140:41050). Request must be sent to leader., logIndex=0, commits[f7569169-9807-4426-a770-13a930b2e221:c16, dfd95c04-3001-4f3e-bdbe-a78070f2513e:c16, 4bb5b58a-22ee-4995-9249-f3ef27533d15:c16]
2019-08-27 10:36:48,458 | INFO  | SCMAudit | user=jenkins1000 | ip=192.168.5.140 | op=SEND_HEARTBEAT {datanodeUUID=dd62e4ed-a2db-47f7-bf58-78724b5860e3, command=[]} | ret=SUCCESS |  
2019-08-27 10:36:48,642 | INFO  | SCMAudit | user=jenkins1000 | ip=192.168.5.140 | op=SEND_HEARTBEAT {datanodeUUID=459ba28e-6ffc-4a7d-9952-63e257c951d7, command=[]} | ret=SUCCESS |  
2019-08-27 10:36:48,821 | INFO  | SCMAudit | user=jenkins1000 | ip=192.168.5.140 | op=SEND_HEARTBEAT {datanodeUUID=d2464cba-1081-4409-a774-8eb5f579e4eb, command=[]} | ret=SUCCESS |  
2019-08-27 10:36:48,829 | INFO  | SCMAudit | user=jenkins1000 | ip=192.168.5.140 | op=SEND_HEARTBEAT {datanodeUUID=0a1681f1-fa7f-4f0d-94b8-3ffba929404b, command=[]} | ret=SUCCESS |  
2019-08-27 10:36:49,051 | INFO  | SCMAudit | user=jenkins1000 | ip=192.168.5.140 | op=SEND_HEARTBEAT {datanodeUUID=f7569169-9807-4426-a770-13a930b2e221, command=[]} | ret=SUCCESS |  
2019-08-27 10:36:49,052 | INFO  | SCMAudit | user=jenkins1000 | ip=192.168.5.140 | op=SEND_HEARTBEAT {datanodeUUID=4bb5b58a-22ee-4995-9249-f3ef27533d15, command=[]} | ret=SUCCESS |  
2019-08-27 10:36:49,071 [Thread-3379] INFO  impl.FollowerState (FollowerState.java:run(106)) - 4bb5b58a-22ee-4995-9249-f3ef27533d15:group-14C0F834C893 changes to CANDIDATE, lastRpcTime:7891, electionTimeout:5016ms
2019-08-27 10:36:49,071 [Thread-3379] INFO  impl.RoleInfo (RoleInfo.java:shutdownFollowerState(121)) - 4bb5b58a-22ee-4995-9249-f3ef27533d15: shutdown FollowerState
2019-08-27 10:36:49,071 [Thread-3379] INFO  impl.RaftServerImpl (RaftServerImpl.java:setRole(171)) - 4bb5b58a-22ee-4995-9249-f3ef27533d15:group-14C0F834C893 changes role from FOLLOWER to CANDIDATE at term 1 for changeToCandidate
2019-08-27 10:36:49,071 [Thread-3379] INFO  impl.RoleInfo (RoleInfo.java:updateAndGet(143)) - 4bb5b58a-22ee-4995-9249-f3ef27533d15: start LeaderElection
2019-08-27 10:36:49,074 [4bb5b58a-22ee-4995-9249-f3ef27533d15:group-14C0F834C893:LeaderElection67] INFO  impl.RaftServerImpl (ServerState.java:setLeader(263)) - 4bb5b58a-22ee-4995-9249-f3ef27533d15:group-14C0F834C893 change Leader from dfd95c04-3001-4f3e-bdbe-a78070f2513e to null at term 1 for initElection
2019-08-27 10:36:49,088 [4bb5b58a-22ee-4995-9249-f3ef27533d15:group-14C0F834C893:LeaderElection67] INFO  impl.LeaderElection (LeaderElection.java:askForVotes(181)) - 4bb5b58a-22ee-4995-9249-f3ef27533d15:group-14C0F834C893:LeaderElection67: begin an election at term 2 for 0: [f7569169-9807-4426-a770-13a930b2e221:192.168.5.140:39064, dfd95c04-3001-4f3e-bdbe-a78070f2513e:192.168.5.140:41050, 4bb5b58a-22ee-4995-9249-f3ef27533d15:192.168.5.140:32832], old=null
2019-08-27 10:36:49,091 [4bb5b58a-22ee-4995-9249-f3ef27533d15:group-14C0F834C893:LeaderElection67] INFO  impl.LeaderElection (LogUtils.java:infoOrTrace(149)) - 4bb5b58a-22ee-4995-9249-f3ef27533d15:group-14C0F834C893:LeaderElection67 got exception when requesting votes: {}
java.util.concurrent.ExecutionException: org.apache.ratis.thirdparty.io.grpc.StatusRuntimeException: UNAVAILABLE: io exception
	at java.util.concurrent.FutureTask.report(FutureTask.java:122)
	at java.util.concurrent.FutureTask.get(FutureTask.java:192)
	at org.apache.ratis.server.impl.LeaderElection.waitForResults(LeaderElection.java:262)
	at org.apache.ratis.server.impl.LeaderElection.askForVotes(LeaderElection.java:200)
	at org.apache.ratis.server.impl.LeaderElection.run(LeaderElection.java:130)
	at java.lang.Thread.run(Thread.java:748)
Caused by: org.apache.ratis.thirdparty.io.grpc.StatusRuntimeException: UNAVAILABLE: io exception
	at org.apache.ratis.thirdparty.io.grpc.stub.ClientCalls.toStatusRuntimeException(ClientCalls.java:233)
	at org.apache.ratis.thirdparty.io.grpc.stub.ClientCalls.getUnchecked(ClientCalls.java:214)
	at org.apache.ratis.thirdparty.io.grpc.stub.ClientCalls.blockingUnaryCall(ClientCalls.java:139)
	at org.apache.ratis.proto.grpc.RaftServerProtocolServiceGrpc$RaftServerProtocolServiceBlockingStub.requestVote(RaftServerProtocolServiceGrpc.java:265)
	at org.apache.ratis.grpc.server.GrpcServerProtocolClient.requestVote(GrpcServerProtocolClient.java:83)
	at org.apache.ratis.grpc.server.GrpcService.requestVote(GrpcService.java:195)
	at org.apache.ratis.server.impl.LeaderElection.lambda$submitRequests$1(LeaderElection.java:237)
	at java.util.concurrent.FutureTask.run(FutureTask.java:266)
	at java.util.concurrent.Executors$RunnableAdapter.call(Executors.java:511)
	at java.util.concurrent.FutureTask.run(FutureTask.java:266)
	at java.util.concurrent.ThreadPoolExecutor.runWorker(ThreadPoolExecutor.java:1149)
	at java.util.concurrent.ThreadPoolExecutor$Worker.run(ThreadPoolExecutor.java:624)
	... 1 more
Caused by: org.apache.ratis.thirdparty.io.netty.channel.AbstractChannel$AnnotatedConnectException: Connection refused: /192.168.5.140:41050
	at sun.nio.ch.SocketChannelImpl.checkConnect(Native Method)
	at sun.nio.ch.SocketChannelImpl.finishConnect(SocketChannelImpl.java:717)
	at org.apache.ratis.thirdparty.io.netty.channel.socket.nio.NioSocketChannel.doFinishConnect(NioSocketChannel.java:327)
	at org.apache.ratis.thirdparty.io.netty.channel.nio.AbstractNioChannel$AbstractNioUnsafe.finishConnect(AbstractNioChannel.java:340)
	at org.apache.ratis.thirdparty.io.netty.channel.nio.NioEventLoop.processSelectedKey(NioEventLoop.java:632)
	at org.apache.ratis.thirdparty.io.netty.channel.nio.NioEventLoop.processSelectedKeysOptimized(NioEventLoop.java:579)
	at org.apache.ratis.thirdparty.io.netty.channel.nio.NioEventLoop.processSelectedKeys(NioEventLoop.java:496)
	at org.apache.ratis.thirdparty.io.netty.channel.nio.NioEventLoop.run(NioEventLoop.java:458)
	at org.apache.ratis.thirdparty.io.netty.util.concurrent.SingleThreadEventExecutor$5.run(SingleThreadEventExecutor.java:897)
	at org.apache.ratis.thirdparty.io.netty.util.concurrent.FastThreadLocalRunnable.run(FastThreadLocalRunnable.java:30)
	... 1 more
Caused by: java.net.ConnectException: Connection refused
	... 11 more
2019-08-27 10:36:49,093 [grpc-default-executor-4] INFO  impl.RaftServerImpl (ServerState.java:setLeader(263)) - f7569169-9807-4426-a770-13a930b2e221:group-14C0F834C893 change Leader from dfd95c04-3001-4f3e-bdbe-a78070f2513e to null at term 2 for updateCurrentTerm
2019-08-27 10:36:49,094 [grpc-default-executor-4] INFO  impl.RaftServerImpl (RaftServerImpl.java:setRole(171)) - f7569169-9807-4426-a770-13a930b2e221:group-14C0F834C893 changes role from FOLLOWER to FOLLOWER at term 2 for recognizeCandidate:4bb5b58a-22ee-4995-9249-f3ef27533d15
2019-08-27 10:36:49,094 [grpc-default-executor-4] INFO  impl.RoleInfo (RoleInfo.java:shutdownFollowerState(121)) - f7569169-9807-4426-a770-13a930b2e221: shutdown FollowerState
2019-08-27 10:36:49,094 [grpc-default-executor-4] INFO  impl.RoleInfo (RoleInfo.java:updateAndGet(143)) - f7569169-9807-4426-a770-13a930b2e221: start FollowerState
2019-08-27 10:36:49,094 [Thread-3378] INFO  impl.FollowerState (FollowerState.java:run(114)) - f7569169-9807-4426-a770-13a930b2e221: FollowerState was interrupted: java.lang.InterruptedException: sleep interrupted
2019-08-27 10:36:49,110 [4bb5b58a-22ee-4995-9249-f3ef27533d15:group-14C0F834C893:LeaderElection67] INFO  impl.LeaderElection (LeaderElection.java:logAndReturn(56)) - 4bb5b58a-22ee-4995-9249-f3ef27533d15:group-14C0F834C893:LeaderElection67: Election PASSED; received 1 response(s) [4bb5b58a-22ee-4995-9249-f3ef27533d15<-f7569169-9807-4426-a770-13a930b2e221#0:OK-t2] and 1 exception(s); 4bb5b58a-22ee-4995-9249-f3ef27533d15:t2, leader=null, voted=4bb5b58a-22ee-4995-9249-f3ef27533d15, raftlog=4bb5b58a-22ee-4995-9249-f3ef27533d15-SegmentedRaftLog:OPENED:c16,f16,i16, conf=0: [f7569169-9807-4426-a770-13a930b2e221:192.168.5.140:39064, dfd95c04-3001-4f3e-bdbe-a78070f2513e:192.168.5.140:41050, 4bb5b58a-22ee-4995-9249-f3ef27533d15:192.168.5.140:32832], old=null
2019-08-27 10:36:49,111 [4bb5b58a-22ee-4995-9249-f3ef27533d15:group-14C0F834C893:LeaderElection67] INFO  impl.LeaderElection (LogUtils.java:infoOrTrace(149)) -   Exception 0: {}
java.util.concurrent.ExecutionException: org.apache.ratis.thirdparty.io.grpc.StatusRuntimeException: UNAVAILABLE: io exception
	at java.util.concurrent.FutureTask.report(FutureTask.java:122)
	at java.util.concurrent.FutureTask.get(FutureTask.java:192)
	at org.apache.ratis.server.impl.LeaderElection.waitForResults(LeaderElection.java:262)
	at org.apache.ratis.server.impl.LeaderElection.askForVotes(LeaderElection.java:200)
	at org.apache.ratis.server.impl.LeaderElection.run(LeaderElection.java:130)
	at java.lang.Thread.run(Thread.java:748)
Caused by: org.apache.ratis.thirdparty.io.grpc.StatusRuntimeException: UNAVAILABLE: io exception
	at org.apache.ratis.thirdparty.io.grpc.stub.ClientCalls.toStatusRuntimeException(ClientCalls.java:233)
	at org.apache.ratis.thirdparty.io.grpc.stub.ClientCalls.getUnchecked(ClientCalls.java:214)
	at org.apache.ratis.thirdparty.io.grpc.stub.ClientCalls.blockingUnaryCall(ClientCalls.java:139)
	at org.apache.ratis.proto.grpc.RaftServerProtocolServiceGrpc$RaftServerProtocolServiceBlockingStub.requestVote(RaftServerProtocolServiceGrpc.java:265)
	at org.apache.ratis.grpc.server.GrpcServerProtocolClient.requestVote(GrpcServerProtocolClient.java:83)
	at org.apache.ratis.grpc.server.GrpcService.requestVote(GrpcService.java:195)
	at org.apache.ratis.server.impl.LeaderElection.lambda$submitRequests$1(LeaderElection.java:237)
	at java.util.concurrent.FutureTask.run(FutureTask.java:266)
	at java.util.concurrent.Executors$RunnableAdapter.call(Executors.java:511)
	at java.util.concurrent.FutureTask.run(FutureTask.java:266)
	at java.util.concurrent.ThreadPoolExecutor.runWorker(ThreadPoolExecutor.java:1149)
	at java.util.concurrent.ThreadPoolExecutor$Worker.run(ThreadPoolExecutor.java:624)
	... 1 more
Caused by: org.apache.ratis.thirdparty.io.netty.channel.AbstractChannel$AnnotatedConnectException: Connection refused: /192.168.5.140:41050
	at sun.nio.ch.SocketChannelImpl.checkConnect(Native Method)
	at sun.nio.ch.SocketChannelImpl.finishConnect(SocketChannelImpl.java:717)
	at org.apache.ratis.thirdparty.io.netty.channel.socket.nio.NioSocketChannel.doFinishConnect(NioSocketChannel.java:327)
	at org.apache.ratis.thirdparty.io.netty.channel.nio.AbstractNioChannel$AbstractNioUnsafe.finishConnect(AbstractNioChannel.java:340)
	at org.apache.ratis.thirdparty.io.netty.channel.nio.NioEventLoop.processSelectedKey(NioEventLoop.java:632)
	at org.apache.ratis.thirdparty.io.netty.channel.nio.NioEventLoop.processSelectedKeysOptimized(NioEventLoop.java:579)
	at org.apache.ratis.thirdparty.io.netty.channel.nio.NioEventLoop.processSelectedKeys(NioEventLoop.java:496)
	at org.apache.ratis.thirdparty.io.netty.channel.nio.NioEventLoop.run(NioEventLoop.java:458)
	at org.apache.ratis.thirdparty.io.netty.util.concurrent.SingleThreadEventExecutor$5.run(SingleThreadEventExecutor.java:897)
	at org.apache.ratis.thirdparty.io.netty.util.concurrent.FastThreadLocalRunnable.run(FastThreadLocalRunnable.java:30)
	... 1 more
Caused by: java.net.ConnectException: Connection refused
	... 11 more
2019-08-27 10:36:49,111 [4bb5b58a-22ee-4995-9249-f3ef27533d15:group-14C0F834C893:LeaderElection67] INFO  impl.RoleInfo (RoleInfo.java:shutdownLeaderElection(134)) - 4bb5b58a-22ee-4995-9249-f3ef27533d15: shutdown LeaderElection
2019-08-27 10:36:49,111 [4bb5b58a-22ee-4995-9249-f3ef27533d15:group-14C0F834C893:LeaderElection67] INFO  impl.RaftServerImpl (RaftServerImpl.java:setRole(171)) - 4bb5b58a-22ee-4995-9249-f3ef27533d15:group-14C0F834C893 changes role from CANDIDATE to LEADER at term 2 for changeToLeader
2019-08-27 10:36:49,111 [4bb5b58a-22ee-4995-9249-f3ef27533d15:group-14C0F834C893:LeaderElection67] INFO  impl.RaftServerImpl (ServerState.java:setLeader(263)) - 4bb5b58a-22ee-4995-9249-f3ef27533d15:group-14C0F834C893 change Leader from null to 4bb5b58a-22ee-4995-9249-f3ef27533d15 at term 2 for becomeLeader, leader elected after 37ms
2019-08-27 10:36:49,112 [4bb5b58a-22ee-4995-9249-f3ef27533d15:group-14C0F834C893:LeaderElection67] INFO  server.RaftServerConfigKeys (ConfUtils.java:logGet(43)) - raft.server.staging.catchup.gap = 1000 (default)
2019-08-27 10:36:49,112 [4bb5b58a-22ee-4995-9249-f3ef27533d15:group-14C0F834C893:LeaderElection67] INFO  server.RaftServerConfigKeys (ConfUtils.java:logGet(43)) - raft.server.rpc.sleep.time = 25ms (default)
2019-08-27 10:36:49,112 [4bb5b58a-22ee-4995-9249-f3ef27533d15:group-14C0F834C893:LeaderElection67] INFO  server.RaftServerConfigKeys (ConfUtils.java:logGet(43)) - raft.server.write.element-limit = 4096 (default)
2019-08-27 10:36:49,112 [4bb5b58a-22ee-4995-9249-f3ef27533d15:group-14C0F834C893:LeaderElection67] INFO  server.RaftServerConfigKeys (ConfUtils.java:logGet(43)) - raft.server.watch.timeout = 10s (default)
2019-08-27 10:36:49,112 [4bb5b58a-22ee-4995-9249-f3ef27533d15:group-14C0F834C893:LeaderElection67] INFO  server.RaftServerConfigKeys (ConfUtils.java:logGet(43)) - raft.server.watch.timeout.denomination = 1s (default)
2019-08-27 10:36:49,112 [4bb5b58a-22ee-4995-9249-f3ef27533d15:group-14C0F834C893:LeaderElection67] INFO  server.RaftServerConfigKeys (ConfUtils.java:logGet(43)) - raft.server.watch.element-limit = 65536 (default)
2019-08-27 10:36:49,113 [4bb5b58a-22ee-4995-9249-f3ef27533d15:group-14C0F834C893:LeaderElection67] INFO  server.RaftServerConfigKeys (ConfUtils.java:logGet(43)) - raft.server.log.appender.snapshot.chunk.size.max = 16MB (=16777216) (default)
2019-08-27 10:36:49,113 [4bb5b58a-22ee-4995-9249-f3ef27533d15:group-14C0F834C893:LeaderElection67] INFO  server.RaftServerConfigKeys (ConfUtils.java:logGet(43)) - raft.server.log.appender.buffer.byte-limit = 33554432 (custom)
2019-08-27 10:36:49,113 [4bb5b58a-22ee-4995-9249-f3ef27533d15:group-14C0F834C893:LeaderElection67] INFO  server.RaftServerConfigKeys (ConfUtils.java:logGet(43)) - raft.server.log.appender.buffer.element-limit = 1 (custom)
2019-08-27 10:36:49,113 [4bb5b58a-22ee-4995-9249-f3ef27533d15:group-14C0F834C893:LeaderElection67] INFO  grpc.GrpcConfigKeys$Server (ConfUtils.java:logGet(43)) - raft.grpc.server.leader.outstanding.appends.max = 128 (default)
2019-08-27 10:36:49,114 [4bb5b58a-22ee-4995-9249-f3ef27533d15:group-14C0F834C893:LeaderElection67] INFO  server.RaftServerConfigKeys (ConfUtils.java:logGet(43)) - raft.server.rpc.request.timeout = 3000ms (default)
2019-08-27 10:36:49,114 [4bb5b58a-22ee-4995-9249-f3ef27533d15:group-14C0F834C893:LeaderElection67] INFO  server.RaftServerConfigKeys (ConfUtils.java:logGet(43)) - raft.server.log.appender.install.snapshot.enabled = false (custom)
2019-08-27 10:36:49,114 [4bb5b58a-22ee-4995-9249-f3ef27533d15:group-14C0F834C893:LeaderElection67] INFO  server.RaftServerConfigKeys (ConfUtils.java:logGet(43)) - raft.server.log.appender.snapshot.chunk.size.max = 16MB (=16777216) (default)
2019-08-27 10:36:49,114 [4bb5b58a-22ee-4995-9249-f3ef27533d15:group-14C0F834C893:LeaderElection67] INFO  server.RaftServerConfigKeys (ConfUtils.java:logGet(43)) - raft.server.log.appender.buffer.byte-limit = 33554432 (custom)
2019-08-27 10:36:49,114 [4bb5b58a-22ee-4995-9249-f3ef27533d15:group-14C0F834C893:LeaderElection67] INFO  server.RaftServerConfigKeys (ConfUtils.java:logGet(43)) - raft.server.log.appender.buffer.element-limit = 1 (custom)
2019-08-27 10:36:49,115 [4bb5b58a-22ee-4995-9249-f3ef27533d15:group-14C0F834C893:LeaderElection67] INFO  grpc.GrpcConfigKeys$Server (ConfUtils.java:logGet(43)) - raft.grpc.server.leader.outstanding.appends.max = 128 (default)
2019-08-27 10:36:49,115 [4bb5b58a-22ee-4995-9249-f3ef27533d15:group-14C0F834C893:LeaderElection67] INFO  server.RaftServerConfigKeys (ConfUtils.java:logGet(43)) - raft.server.rpc.request.timeout = 3000ms (default)
2019-08-27 10:36:49,115 [4bb5b58a-22ee-4995-9249-f3ef27533d15:group-14C0F834C893:LeaderElection67] INFO  server.RaftServerConfigKeys (ConfUtils.java:logGet(43)) - raft.server.log.appender.install.snapshot.enabled = false (custom)
2019-08-27 10:36:49,115 [4bb5b58a-22ee-4995-9249-f3ef27533d15:group-14C0F834C893:LeaderElection67] INFO  impl.RoleInfo (RoleInfo.java:updateAndGet(143)) - 4bb5b58a-22ee-4995-9249-f3ef27533d15: start LeaderState
2019-08-27 10:36:49,115 [4bb5b58a-22ee-4995-9249-f3ef27533d15:group-14C0F834C893:LeaderElection67] INFO  segmented.SegmentedRaftLogWorker (SegmentedRaftLogWorker.java:rollLogSegment(385)) - 4bb5b58a-22ee-4995-9249-f3ef27533d15-SegmentedRaftLogWorker:Storage Directory /workdir/hadoop-ozone/integration-test/target/test-dir/MiniOzoneClusterImpl-18caebed-eb19-4fa4-8af2-b6a2e1f418d7/datanode-3/data/ratis/b270dc19-f633-4940-95b4-14c0f834c893: Rolling segment log-0_16 to index:16
2019-08-27 10:36:49,116 [4bb5b58a-22ee-4995-9249-f3ef27533d15-SegmentedRaftLogWorker:Storage Directory /workdir/hadoop-ozone/integration-test/target/test-dir/MiniOzoneClusterImpl-18caebed-eb19-4fa4-8af2-b6a2e1f418d7/datanode-3/data/ratis/b270dc19-f633-4940-95b4-14c0f834c893] INFO  segmented.SegmentedRaftLogWorker (SegmentedRaftLogWorker.java:execute(526)) - 4bb5b58a-22ee-4995-9249-f3ef27533d15-SegmentedRaftLogWorker:Storage Directory /workdir/hadoop-ozone/integration-test/target/test-dir/MiniOzoneClusterImpl-18caebed-eb19-4fa4-8af2-b6a2e1f418d7/datanode-3/data/ratis/b270dc19-f633-4940-95b4-14c0f834c893: Rolled log segment from /workdir/hadoop-ozone/integration-test/target/test-dir/MiniOzoneClusterImpl-18caebed-eb19-4fa4-8af2-b6a2e1f418d7/datanode-3/data/ratis/b270dc19-f633-4940-95b4-14c0f834c893/current/log_inprogress_0 to /workdir/hadoop-ozone/integration-test/target/test-dir/MiniOzoneClusterImpl-18caebed-eb19-4fa4-8af2-b6a2e1f418d7/datanode-3/data/ratis/b270dc19-f633-4940-95b4-14c0f834c893/current/log_0-16
2019-08-27 10:36:49,116 [4bb5b58a-22ee-4995-9249-f3ef27533d15:group-14C0F834C893:LeaderElection67] INFO  impl.RaftServerImpl (ServerState.java:setRaftConf(361)) - 4bb5b58a-22ee-4995-9249-f3ef27533d15:group-14C0F834C893 set configuration 17: [f7569169-9807-4426-a770-13a930b2e221:192.168.5.140:39064, dfd95c04-3001-4f3e-bdbe-a78070f2513e:192.168.5.140:41050, 4bb5b58a-22ee-4995-9249-f3ef27533d15:192.168.5.140:32832], old=null at 17
2019-08-27 10:36:49,117 [grpc-default-executor-4] WARN  server.GrpcLogAppender (LogUtils.java:warn(134)) - 4bb5b58a-22ee-4995-9249-f3ef27533d15->dfd95c04-3001-4f3e-bdbe-a78070f2513e: Failed appendEntries: org.apache.ratis.thirdparty.io.grpc.StatusRuntimeException: UNAVAILABLE: io exception
2019-08-27 10:36:49,117 [grpc-default-executor-4] INFO  impl.FollowerInfo (FollowerInfo.java:lambda$new$0(50)) - 4bb5b58a-22ee-4995-9249-f3ef27533d15->dfd95c04-3001-4f3e-bdbe-a78070f2513e: nextIndex: updateUnconditionally 17 -> 1
2019-08-27 10:36:49,117 [grpc-default-executor-4] INFO  impl.RaftServerImpl (ServerState.java:setLeader(263)) - f7569169-9807-4426-a770-13a930b2e221:group-14C0F834C893 change Leader from null to 4bb5b58a-22ee-4995-9249-f3ef27533d15 at term 2 for appendEntries, leader elected after 23ms
2019-08-27 10:36:49,119 [grpc-default-executor-4] INFO  impl.RaftServerImpl (ServerState.java:setRaftConf(361)) - f7569169-9807-4426-a770-13a930b2e221:group-14C0F834C893 set configuration 17: [f7569169-9807-4426-a770-13a930b2e221:192.168.5.140:39064, dfd95c04-3001-4f3e-bdbe-a78070f2513e:192.168.5.140:41050, 4bb5b58a-22ee-4995-9249-f3ef27533d15:192.168.5.140:32832], old=null at 17
2019-08-27 10:36:49,119 [grpc-default-executor-4] INFO  segmented.SegmentedRaftLogWorker (SegmentedRaftLogWorker.java:rollLogSegment(385)) - f7569169-9807-4426-a770-13a930b2e221-SegmentedRaftLogWorker:Storage Directory /workdir/hadoop-ozone/integration-test/target/test-dir/MiniOzoneClusterImpl-18caebed-eb19-4fa4-8af2-b6a2e1f418d7/datanode-5/data/ratis/b270dc19-f633-4940-95b4-14c0f834c893: Rolling segment log-0_16 to index:16
2019-08-27 10:36:49,120 [f7569169-9807-4426-a770-13a930b2e221-SegmentedRaftLogWorker:Storage Directory /workdir/hadoop-ozone/integration-test/target/test-dir/MiniOzoneClusterImpl-18caebed-eb19-4fa4-8af2-b6a2e1f418d7/datanode-5/data/ratis/b270dc19-f633-4940-95b4-14c0f834c893] INFO  segmented.SegmentedRaftLogWorker (SegmentedRaftLogWorker.java:execute(526)) - f7569169-9807-4426-a770-13a930b2e221-SegmentedRaftLogWorker:Storage Directory /workdir/hadoop-ozone/integration-test/target/test-dir/MiniOzoneClusterImpl-18caebed-eb19-4fa4-8af2-b6a2e1f418d7/datanode-5/data/ratis/b270dc19-f633-4940-95b4-14c0f834c893: Rolled log segment from /workdir/hadoop-ozone/integration-test/target/test-dir/MiniOzoneClusterImpl-18caebed-eb19-4fa4-8af2-b6a2e1f418d7/datanode-5/data/ratis/b270dc19-f633-4940-95b4-14c0f834c893/current/log_inprogress_0 to /workdir/hadoop-ozone/integration-test/target/test-dir/MiniOzoneClusterImpl-18caebed-eb19-4fa4-8af2-b6a2e1f418d7/datanode-5/data/ratis/b270dc19-f633-4940-95b4-14c0f834c893/current/log_0-16
2019-08-27 10:36:49,156 [4bb5b58a-22ee-4995-9249-f3ef27533d15-SegmentedRaftLogWorker:Storage Directory /workdir/hadoop-ozone/integration-test/target/test-dir/MiniOzoneClusterImpl-18caebed-eb19-4fa4-8af2-b6a2e1f418d7/datanode-3/data/ratis/b270dc19-f633-4940-95b4-14c0f834c893] INFO  segmented.SegmentedRaftLogWorker (SegmentedRaftLogWorker.java:execute(569)) - 4bb5b58a-22ee-4995-9249-f3ef27533d15-SegmentedRaftLogWorker:Storage Directory /workdir/hadoop-ozone/integration-test/target/test-dir/MiniOzoneClusterImpl-18caebed-eb19-4fa4-8af2-b6a2e1f418d7/datanode-3/data/ratis/b270dc19-f633-4940-95b4-14c0f834c893: created new log segment /workdir/hadoop-ozone/integration-test/target/test-dir/MiniOzoneClusterImpl-18caebed-eb19-4fa4-8af2-b6a2e1f418d7/datanode-3/data/ratis/b270dc19-f633-4940-95b4-14c0f834c893/current/log_inprogress_17
2019-08-27 10:36:49,159 [f7569169-9807-4426-a770-13a930b2e221-SegmentedRaftLogWorker:Storage Directory /workdir/hadoop-ozone/integration-test/target/test-dir/MiniOzoneClusterImpl-18caebed-eb19-4fa4-8af2-b6a2e1f418d7/datanode-5/data/ratis/b270dc19-f633-4940-95b4-14c0f834c893] INFO  segmented.SegmentedRaftLogWorker (SegmentedRaftLogWorker.java:execute(569)) - f7569169-9807-4426-a770-13a930b2e221-SegmentedRaftLogWorker:Storage Directory /workdir/hadoop-ozone/integration-test/target/test-dir/MiniOzoneClusterImpl-18caebed-eb19-4fa4-8af2-b6a2e1f418d7/datanode-5/data/ratis/b270dc19-f633-4940-95b4-14c0f834c893: created new log segment /workdir/hadoop-ozone/integration-test/target/test-dir/MiniOzoneClusterImpl-18caebed-eb19-4fa4-8af2-b6a2e1f418d7/datanode-5/data/ratis/b270dc19-f633-4940-95b4-14c0f834c893/current/log_inprogress_17
2019-08-27 10:36:49,172 | INFO  | DNAudit | user=null | ip=null | op=READ_CHUNK {blockData=conID: 1 locID: 102688501915713550 bcsId: 0} | ret=SUCCESS |  
2019-08-27 10:36:49,174 [grpc-default-executor-7] WARN  server.GrpcLogAppender (LogUtils.java:warn(134)) - 4bb5b58a-22ee-4995-9249-f3ef27533d15->dfd95c04-3001-4f3e-bdbe-a78070f2513e: Failed appendEntries: org.apache.ratis.thirdparty.io.grpc.StatusRuntimeException: UNAVAILABLE: io exception
2019-08-27 10:36:49,175 [grpc-default-executor-7] INFO  impl.FollowerInfo (FollowerInfo.java:lambda$new$0(50)) - 4bb5b58a-22ee-4995-9249-f3ef27533d15->dfd95c04-3001-4f3e-bdbe-a78070f2513e: nextIndex: updateUnconditionally 2 -> 1
2019-08-27 10:36:49,326 [grpc-default-executor-7] INFO  client.GrpcClientProtocolClient (GrpcClientProtocolClient.java:onNext(255)) - client-CBEF91CA3611->f7569169-9807-4426-a770-13a930b2e221: receive RaftClientReply:client-CBEF91CA3611->f7569169-9807-4426-a770-13a930b2e221@group-14C0F834C893, cid=184, FAILED org.apache.ratis.protocol.NotLeaderException: Server f7569169-9807-4426-a770-13a930b2e221 is not the leader (4bb5b58a-22ee-4995-9249-f3ef27533d15:192.168.5.140:32832). Request must be sent to leader., logIndex=0, commits[f7569169-9807-4426-a770-13a930b2e221:c17, dfd95c04-3001-4f3e-bdbe-a78070f2513e:c16, 4bb5b58a-22ee-4995-9249-f3ef27533d15:c17]
2019-08-27 10:36:49,331 | ERROR | DNAudit | user=null | ip=null | op=WRITE_CHUNK {blockData=conID: 1 locID: 102688501915713550 bcsId: 14} | ret=FAILURE | org.apache.hadoop.hdds.scm.container.common.helpers.ContainerNotOpenException: Container 1 in CLOSING state
	at org.apache.hadoop.ozone.container.common.impl.HddsDispatcher.validateContainerCommand(HddsDispatcher.java:408)
	at org.apache.hadoop.ozone.container.common.transport.server.ratis.ContainerStateMachine.startTransaction(ContainerStateMachine.java:309) 
2019-08-27 10:36:49,339 [grpc-default-executor-4] INFO  client.GrpcClientProtocolClient (GrpcClientProtocolClient.java:onNext(255)) - client-CBEF91CA3611->4bb5b58a-22ee-4995-9249-f3ef27533d15: receive RaftClientReply:client-CBEF91CA3611->4bb5b58a-22ee-4995-9249-f3ef27533d15@group-14C0F834C893, cid=184, FAILED org.apache.ratis.protocol.StateMachineException: org.apache.hadoop.hdds.scm.container.common.helpers.ContainerNotOpenException from Server 4bb5b58a-22ee-4995-9249-f3ef27533d15: Container 1 in CLOSING state, logIndex=0, commits[4bb5b58a-22ee-4995-9249-f3ef27533d15:c18, f7569169-9807-4426-a770-13a930b2e221:c17, dfd95c04-3001-4f3e-bdbe-a78070f2513e:c16]
2019-08-27 10:36:49,340 | ERROR | DNAudit | user=null | ip=null | op=WRITE_CHUNK {blockData=conID: 1 locID: 102688501915713550 bcsId: 14} | ret=FAILURE | org.apache.hadoop.hdds.scm.container.common.helpers.ContainerNotOpenException: Container 1 in CLOSING state
	at org.apache.hadoop.ozone.container.common.impl.HddsDispatcher.validateContainerCommand(HddsDispatcher.java:408)
	at org.apache.hadoop.ozone.container.common.transport.server.ratis.ContainerStateMachine.startTransaction(ContainerStateMachine.java:309) 
2019-08-27 10:36:49,347 | ERROR | DNAudit | user=null | ip=null | op=PUT_BLOCK {blockData=[blockId=conID: 1 locID: 102688501915713550 bcsId: 0,size=650]} | ret=FAILURE | org.apache.hadoop.hdds.scm.container.common.helpers.ContainerNotOpenException: Container 1 in CLOSING state
	at org.apache.hadoop.ozone.container.common.impl.HddsDispatcher.validateContainerCommand(HddsDispatcher.java:408)
	at org.apache.hadoop.ozone.container.common.transport.server.ratis.ContainerStateMachine.startTransaction(ContainerStateMachine.java:309) 
2019-08-27 10:36:49,347 [grpc-default-executor-4] INFO  client.GrpcClientProtocolClient (GrpcClientProtocolClient.java:onNext(255)) - client-CBEF91CA3611->4bb5b58a-22ee-4995-9249-f3ef27533d15: receive RaftClientReply:client-CBEF91CA3611->4bb5b58a-22ee-4995-9249-f3ef27533d15@group-14C0F834C893, cid=185, FAILED org.apache.ratis.protocol.StateMachineException: org.apache.hadoop.hdds.scm.container.common.helpers.ContainerNotOpenException from Server 4bb5b58a-22ee-4995-9249-f3ef27533d15: Container 1 in CLOSING state, logIndex=0, commits[4bb5b58a-22ee-4995-9249-f3ef27533d15:c18, f7569169-9807-4426-a770-13a930b2e221:c17, dfd95c04-3001-4f3e-bdbe-a78070f2513e:c16]
2019-08-27 10:36:49,351 | ERROR | DNAudit | user=null | ip=null | op=WRITE_CHUNK {blockData=conID: 1 locID: 102688501915713550 bcsId: 14} | ret=FAILURE | org.apache.hadoop.hdds.scm.container.common.helpers.ContainerNotOpenException: Container 1 in CLOSING state
	at org.apache.hadoop.ozone.container.common.impl.HddsDispatcher.validateContainerCommand(HddsDispatcher.java:408)
	at org.apache.hadoop.ozone.container.common.transport.server.ratis.ContainerStateMachine.startTransaction(ContainerStateMachine.java:309) 
2019-08-27 10:36:49,353 [grpc-default-executor-4] INFO  client.GrpcClientProtocolClient (GrpcClientProtocolClient.java:onNext(255)) - client-CBEF91CA3611->4bb5b58a-22ee-4995-9249-f3ef27533d15: receive RaftClientReply:client-CBEF91CA3611->4bb5b58a-22ee-4995-9249-f3ef27533d15@group-14C0F834C893, cid=186, FAILED org.apache.ratis.protocol.StateMachineException: org.apache.hadoop.hdds.scm.container.common.helpers.ContainerNotOpenException from Server 4bb5b58a-22ee-4995-9249-f3ef27533d15: Container 1 in CLOSING state, logIndex=0, commits[4bb5b58a-22ee-4995-9249-f3ef27533d15:c18, f7569169-9807-4426-a770-13a930b2e221:c17, dfd95c04-3001-4f3e-bdbe-a78070f2513e:c16]
2019-08-27 10:36:49,354 | ERROR | DNAudit | user=null | ip=null | op=WRITE_CHUNK {blockData=conID: 1 locID: 102688501915713550 bcsId: 14} | ret=FAILURE | org.apache.hadoop.hdds.scm.container.common.helpers.ContainerNotOpenException: Container 1 in CLOSING state
	at org.apache.hadoop.ozone.container.common.impl.HddsDispatcher.validateContainerCommand(HddsDispatcher.java:408)
	at org.apache.hadoop.ozone.container.common.transport.server.ratis.ContainerStateMachine.startTransaction(ContainerStateMachine.java:309) 
2019-08-27 10:36:49,358 [grpc-default-executor-4] INFO  client.GrpcClientProtocolClient (GrpcClientProtocolClient.java:onNext(255)) - client-CBEF91CA3611->4bb5b58a-22ee-4995-9249-f3ef27533d15: receive RaftClientReply:client-CBEF91CA3611->4bb5b58a-22ee-4995-9249-f3ef27533d15@group-14C0F834C893, cid=187, FAILED org.apache.ratis.protocol.StateMachineException: org.apache.hadoop.hdds.scm.container.common.helpers.ContainerNotOpenException from Server 4bb5b58a-22ee-4995-9249-f3ef27533d15: Container 1 in CLOSING state, logIndex=0, commits[4bb5b58a-22ee-4995-9249-f3ef27533d15:c18, f7569169-9807-4426-a770-13a930b2e221:c17, dfd95c04-3001-4f3e-bdbe-a78070f2513e:c16]
2019-08-27 10:36:49,358 | ERROR | DNAudit | user=null | ip=null | op=PUT_BLOCK {blockData=[blockId=conID: 1 locID: 102688501915713550 bcsId: 0,size=800]} | ret=FAILURE | org.apache.hadoop.hdds.scm.container.common.helpers.ContainerNotOpenException: Container 1 in CLOSING state
	at org.apache.hadoop.ozone.container.common.impl.HddsDispatcher.validateContainerCommand(HddsDispatcher.java:408)
	at org.apache.hadoop.ozone.container.common.transport.server.ratis.ContainerStateMachine.startTransaction(ContainerStateMachine.java:309) 
2019-08-27 10:36:49,359 [grpc-default-executor-4] INFO  client.GrpcClientProtocolClient (GrpcClientProtocolClient.java:onNext(255)) - client-CBEF91CA3611->4bb5b58a-22ee-4995-9249-f3ef27533d15: receive RaftClientReply:client-CBEF91CA3611->4bb5b58a-22ee-4995-9249-f3ef27533d15@group-14C0F834C893, cid=188, FAILED org.apache.ratis.protocol.StateMachineException: org.apache.hadoop.hdds.scm.container.common.helpers.ContainerNotOpenException from Server 4bb5b58a-22ee-4995-9249-f3ef27533d15: Container 1 in CLOSING state, logIndex=0, commits[4bb5b58a-22ee-4995-9249-f3ef27533d15:c18, f7569169-9807-4426-a770-13a930b2e221:c17, dfd95c04-3001-4f3e-bdbe-a78070f2513e:c16]
2019-08-27 10:36:49,373 [grpc-default-executor-4] INFO  client.GrpcClientProtocolClient (GrpcClientProtocolClient.java:onNext(255)) - client-CBEF91CA3611->4bb5b58a-22ee-4995-9249-f3ef27533d15: receive RaftClientReply:client-CBEF91CA3611->4bb5b58a-22ee-4995-9249-f3ef27533d15@group-14C0F834C893, cid=189, FAILED org.apache.ratis.protocol.StateMachineException: org.apache.hadoop.hdds.scm.container.common.helpers.ContainerNotOpenException from Server 4bb5b58a-22ee-4995-9249-f3ef27533d15: Container 1 in CLOSING state, logIndex=0, commits[4bb5b58a-22ee-4995-9249-f3ef27533d15:c18, f7569169-9807-4426-a770-13a930b2e221:c17, dfd95c04-3001-4f3e-bdbe-a78070f2513e:c16]
2019-08-27 10:36:49,407 | INFO  | SCMAudit | user=jenkins1000 | ip=192.168.5.140 | op=ALLOCATE_BLOCK {owner=45848a76-779d-4095-9c00-ad97bdcab187, size=800, type=RATIS, factor=THREE} | ret=SUCCESS |  
2019-08-27 10:36:49,408 | INFO  | OMAudit | user=jenkins1000 | ip=127.0.0.1 | op=ALLOCATE_BLOCK {volume=testblockoutputstream, bucket=testblockoutputstream, key=11c335dd-a812-41f8-beec-b812c7a1d849, dataSize=0, replicationType=null, replicationFactor=null, keyLocationInfo=null, clientID=102688501915582477} | ret=SUCCESS |  
2019-08-27 10:36:49,419 [grpc-default-executor-4] INFO  client.GrpcClientProtocolClient (GrpcClientProtocolClient.java:onNext(255)) - client-BF6D81590F21->dd62e4ed-a2db-47f7-bf58-78724b5860e3: receive RaftClientReply:client-BF6D81590F21->dd62e4ed-a2db-47f7-bf58-78724b5860e3@group-89D855178F06, cid=190, FAILED org.apache.ratis.protocol.NotLeaderException: Server dd62e4ed-a2db-47f7-bf58-78724b5860e3 is not the leader (d2464cba-1081-4409-a774-8eb5f579e4eb:192.168.5.140:40709). Request must be sent to leader., logIndex=0, commits[dd62e4ed-a2db-47f7-bf58-78724b5860e3:c0, d2464cba-1081-4409-a774-8eb5f579e4eb:c0, 459ba28e-6ffc-4a7d-9952-63e257c951d7:c0]
2019-08-27 10:36:49,458 | INFO  | SCMAudit | user=jenkins1000 | ip=192.168.5.140 | op=SEND_HEARTBEAT {datanodeUUID=dd62e4ed-a2db-47f7-bf58-78724b5860e3, command=[]} | ret=SUCCESS |  
2019-08-27 10:36:49,539 | INFO  | DNAudit | user=null | ip=null | op=WRITE_CHUNK {blockData=conID: 2 locID: 102688503195697167 bcsId: 0} | ret=SUCCESS |  
2019-08-27 10:36:49,539 | INFO  | DNAudit | user=null | ip=null | op=WRITE_CHUNK {blockData=conID: 2 locID: 102688503195697167 bcsId: 0} | ret=SUCCESS |  
2019-08-27 10:36:49,539 | INFO  | DNAudit | user=null | ip=null | op=WRITE_CHUNK {blockData=conID: 2 locID: 102688503195697167 bcsId: 0} | ret=SUCCESS |  
2019-08-27 10:36:49,539 | INFO  | SCMAudit | user=jenkins1000 | ip=192.168.5.140 | op=SEND_HEARTBEAT {datanodeUUID=459ba28e-6ffc-4a7d-9952-63e257c951d7, command=[]} | ret=SUCCESS |  
2019-08-27 10:36:49,539 | INFO  | SCMAudit | user=jenkins1000 | ip=192.168.5.140 | op=SEND_HEARTBEAT {datanodeUUID=d2464cba-1081-4409-a774-8eb5f579e4eb, command=[]} | ret=SUCCESS |  
2019-08-27 10:36:49,539 | INFO  | SCMAudit | user=jenkins1000 | ip=192.168.5.140 | op=SEND_HEARTBEAT {datanodeUUID=dd62e4ed-a2db-47f7-bf58-78724b5860e3, command=[]} | ret=SUCCESS |  
2019-08-27 10:36:49,553 | INFO  | DNAudit | user=null | ip=null | op=WRITE_CHUNK {blockData=conID: 2 locID: 102688503195697167 bcsId: 0} | ret=SUCCESS |  
2019-08-27 10:36:49,558 [grpc-default-executor-4] INFO  client.GrpcClientProtocolClient (GrpcClientProtocolClient.java:onNext(255)) - client-BF6D81590F21->d2464cba-1081-4409-a774-8eb5f579e4eb: receive RaftClientReply:client-BF6D81590F21->d2464cba-1081-4409-a774-8eb5f579e4eb@group-89D855178F06, cid=190, SUCCESS, logIndex=1, commits[d2464cba-1081-4409-a774-8eb5f579e4eb:c1, dd62e4ed-a2db-47f7-bf58-78724b5860e3:c0, 459ba28e-6ffc-4a7d-9952-63e257c951d7:c0]
2019-08-27 10:36:49,563 | INFO  | DNAudit | user=null | ip=null | op=WRITE_CHUNK {blockData=conID: 2 locID: 102688503195697167 bcsId: 0} | ret=SUCCESS |  
2019-08-27 10:36:49,564 | INFO  | DNAudit | user=null | ip=null | op=WRITE_CHUNK {blockData=conID: 2 locID: 102688503195697167 bcsId: 0} | ret=SUCCESS |  
2019-08-27 10:36:49,565 | INFO  | DNAudit | user=null | ip=null | op=WRITE_CHUNK {blockData=conID: 2 locID: 102688503195697167 bcsId: 0} | ret=SUCCESS |  
2019-08-27 10:36:49,565 | INFO  | DNAudit | user=null | ip=null | op=WRITE_CHUNK {blockData=conID: 2 locID: 102688503195697167 bcsId: 0} | ret=SUCCESS |  
2019-08-27 10:36:49,565 | INFO  | DNAudit | user=null | ip=null | op=WRITE_CHUNK {blockData=conID: 2 locID: 102688503195697167 bcsId: 0} | ret=SUCCESS |  
2019-08-27 10:36:49,565 | INFO  | DNAudit | user=null | ip=null | op=WRITE_CHUNK {blockData=conID: 2 locID: 102688503195697167 bcsId: 0} | ret=SUCCESS |  
2019-08-27 10:36:49,566 | INFO  | DNAudit | user=null | ip=null | op=WRITE_CHUNK {blockData=conID: 2 locID: 102688503195697167 bcsId: 0} | ret=SUCCESS |  
2019-08-27 10:36:49,566 | INFO  | DNAudit | user=null | ip=null | op=WRITE_CHUNK {blockData=conID: 2 locID: 102688503195697167 bcsId: 0} | ret=SUCCESS |  
2019-08-27 10:36:49,566 | INFO  | DNAudit | user=null | ip=null | op=WRITE_CHUNK {blockData=conID: 2 locID: 102688503195697167 bcsId: 0} | ret=SUCCESS |  
2019-08-27 10:36:49,567 | INFO  | DNAudit | user=null | ip=null | op=WRITE_CHUNK {blockData=conID: 2 locID: 102688503195697167 bcsId: 0} | ret=SUCCESS |  
2019-08-27 10:36:49,567 | INFO  | DNAudit | user=null | ip=null | op=WRITE_CHUNK {blockData=conID: 2 locID: 102688503195697167 bcsId: 0} | ret=SUCCESS |  
2019-08-27 10:36:49,578 | INFO  | DNAudit | user=null | ip=null | op=WRITE_CHUNK {blockData=conID: 2 locID: 102688503195697167 bcsId: 0} | ret=SUCCESS |  
2019-08-27 10:36:49,585 | INFO  | DNAudit | user=null | ip=null | op=WRITE_CHUNK {blockData=conID: 2 locID: 102688503195697167 bcsId: 0} | ret=SUCCESS |  
2019-08-27 10:36:49,585 | INFO  | DNAudit | user=null | ip=null | op=WRITE_CHUNK {blockData=conID: 2 locID: 102688503195697167 bcsId: 0} | ret=SUCCESS |  
2019-08-27 10:36:49,585 [grpc-default-executor-7] INFO  client.GrpcClientProtocolClient (GrpcClientProtocolClient.java:onNext(255)) - client-BF6D81590F21->d2464cba-1081-4409-a774-8eb5f579e4eb: receive RaftClientReply:client-BF6D81590F21->d2464cba-1081-4409-a774-8eb5f579e4eb@group-89D855178F06, cid=191, SUCCESS, logIndex=3, commits[d2464cba-1081-4409-a774-8eb5f579e4eb:c4, dd62e4ed-a2db-47f7-bf58-78724b5860e3:c1, 459ba28e-6ffc-4a7d-9952-63e257c951d7:c1]
2019-08-27 10:36:49,619 | INFO  | DNAudit | user=null | ip=null | op=PUT_BLOCK {blockData=[blockId=conID: 2 locID: 102688503195697167 bcsId: 0,size=200]} | ret=SUCCESS |  
2019-08-27 10:36:49,620 | INFO  | DNAudit | user=null | ip=null | op=WRITE_CHUNK {blockData=conID: 2 locID: 102688503195697167 bcsId: 0} | ret=SUCCESS |  
2019-08-27 10:36:49,620 | INFO  | DNAudit | user=null | ip=null | op=WRITE_CHUNK {blockData=conID: 2 locID: 102688503195697167 bcsId: 0} | ret=SUCCESS |  
2019-08-27 10:36:49,620 [grpc-default-executor-8] INFO  client.GrpcClientProtocolClient (GrpcClientProtocolClient.java:onNext(255)) - client-BF6D81590F21->d2464cba-1081-4409-a774-8eb5f579e4eb: receive RaftClientReply:client-BF6D81590F21->d2464cba-1081-4409-a774-8eb5f579e4eb@group-89D855178F06, cid=192, SUCCESS, logIndex=4, commits[d2464cba-1081-4409-a774-8eb5f579e4eb:c12, dd62e4ed-a2db-47f7-bf58-78724b5860e3:c7, 459ba28e-6ffc-4a7d-9952-63e257c951d7:c7]
2019-08-27 10:36:49,621 [grpc-default-executor-8] INFO  client.GrpcClientProtocolClient (GrpcClientProtocolClient.java:onNext(255)) - client-BF6D81590F21->d2464cba-1081-4409-a774-8eb5f579e4eb: receive RaftClientReply:client-BF6D81590F21->d2464cba-1081-4409-a774-8eb5f579e4eb@group-89D855178F06, cid=193, SUCCESS, logIndex=5, commits[d2464cba-1081-4409-a774-8eb5f579e4eb:c12, dd62e4ed-a2db-47f7-bf58-78724b5860e3:c7, 459ba28e-6ffc-4a7d-9952-63e257c951d7:c7]
2019-08-27 10:36:49,622 [grpc-default-executor-8] INFO  client.GrpcClientProtocolClient (GrpcClientProtocolClient.java:onNext(255)) - client-BF6D81590F21->d2464cba-1081-4409-a774-8eb5f579e4eb: receive RaftClientReply:client-BF6D81590F21->d2464cba-1081-4409-a774-8eb5f579e4eb@group-89D855178F06, cid=194, SUCCESS, logIndex=6, commits[d2464cba-1081-4409-a774-8eb5f579e4eb:c12, dd62e4ed-a2db-47f7-bf58-78724b5860e3:c7, 459ba28e-6ffc-4a7d-9952-63e257c951d7:c7]
2019-08-27 10:36:49,672 | INFO  | DNAudit | user=null | ip=null | op=PUT_BLOCK {blockData=[blockId=conID: 2 locID: 102688503195697167 bcsId: 0,size=200]} | ret=SUCCESS |  
2019-08-27 10:36:49,673 | INFO  | DNAudit | user=null | ip=null | op=WRITE_CHUNK {blockData=conID: 2 locID: 102688503195697167 bcsId: 0} | ret=SUCCESS |  
2019-08-27 10:36:49,673 | INFO  | DNAudit | user=null | ip=null | op=WRITE_CHUNK {blockData=conID: 2 locID: 102688503195697167 bcsId: 0} | ret=SUCCESS |  
2019-08-27 10:36:49,719 | INFO  | DNAudit | user=null | ip=null | op=PUT_BLOCK {blockData=[blockId=conID: 2 locID: 102688503195697167 bcsId: 0,size=400]} | ret=SUCCESS |  
2019-08-27 10:36:49,719 | INFO  | DNAudit | user=null | ip=null | op=PUT_BLOCK {blockData=[blockId=conID: 2 locID: 102688503195697167 bcsId: 0,size=400]} | ret=SUCCESS |  
2019-08-27 10:36:49,720 | INFO  | DNAudit | user=null | ip=null | op=PUT_BLOCK {blockData=[blockId=conID: 2 locID: 102688503195697167 bcsId: 0,size=200]} | ret=SUCCESS |  
2019-08-27 10:36:49,720 | INFO  | DNAudit | user=null | ip=null | op=WRITE_CHUNK {blockData=conID: 2 locID: 102688503195697167 bcsId: 0} | ret=SUCCESS |  
2019-08-27 10:36:49,721 | INFO  | DNAudit | user=null | ip=null | op=WRITE_CHUNK {blockData=conID: 2 locID: 102688503195697167 bcsId: 0} | ret=SUCCESS |  
2019-08-27 10:36:49,721 [grpc-default-executor-8] INFO  client.GrpcClientProtocolClient (GrpcClientProtocolClient.java:onNext(255)) - client-BF6D81590F21->d2464cba-1081-4409-a774-8eb5f579e4eb: receive RaftClientReply:client-BF6D81590F21->d2464cba-1081-4409-a774-8eb5f579e4eb@group-89D855178F06, cid=195, SUCCESS, logIndex=7, commits[d2464cba-1081-4409-a774-8eb5f579e4eb:c12, dd62e4ed-a2db-47f7-bf58-78724b5860e3:c7, 459ba28e-6ffc-4a7d-9952-63e257c951d7:c7]
2019-08-27 10:36:49,721 | INFO  | DNAudit | user=null | ip=null | op=PUT_BLOCK {blockData=[blockId=conID: 2 locID: 102688503195697167 bcsId: 0,size=400]} | ret=SUCCESS |  
2019-08-27 10:36:49,724 | INFO  | DNAudit | user=null | ip=null | op=WRITE_CHUNK {blockData=conID: 2 locID: 102688503195697167 bcsId: 7} | ret=SUCCESS |  
2019-08-27 10:36:49,726 | INFO  | DNAudit | user=null | ip=null | op=WRITE_CHUNK {blockData=conID: 2 locID: 102688503195697167 bcsId: 7} | ret=SUCCESS |  
2019-08-27 10:36:49,726 | INFO  | DNAudit | user=null | ip=null | op=WRITE_CHUNK {blockData=conID: 2 locID: 102688503195697167 bcsId: 7} | ret=SUCCESS |  
2019-08-27 10:36:49,737 | INFO  | DNAudit | user=null | ip=null | op=WRITE_CHUNK {blockData=conID: 2 locID: 102688503195697167 bcsId: 7} | ret=SUCCESS |  
2019-08-27 10:36:49,738 | INFO  | DNAudit | user=null | ip=null | op=PUT_BLOCK {blockData=[blockId=conID: 2 locID: 102688503195697167 bcsId: 0,size=450]} | ret=SUCCESS |  
2019-08-27 10:36:49,739 [grpc-default-executor-7] INFO  client.GrpcClientProtocolClient (GrpcClientProtocolClient.java:onNext(255)) - client-BF6D81590F21->d2464cba-1081-4409-a774-8eb5f579e4eb: receive RaftClientReply:client-BF6D81590F21->d2464cba-1081-4409-a774-8eb5f579e4eb@group-89D855178F06, cid=196, SUCCESS, logIndex=13, commits[d2464cba-1081-4409-a774-8eb5f579e4eb:c14, dd62e4ed-a2db-47f7-bf58-78724b5860e3:c12, 459ba28e-6ffc-4a7d-9952-63e257c951d7:c12]
2019-08-27 10:36:49,740 [grpc-default-executor-7] INFO  client.GrpcClientProtocolClient (GrpcClientProtocolClient.java:onNext(255)) - client-BF6D81590F21->d2464cba-1081-4409-a774-8eb5f579e4eb: receive RaftClientReply:client-BF6D81590F21->d2464cba-1081-4409-a774-8eb5f579e4eb@group-89D855178F06, cid=197, SUCCESS, logIndex=14, commits[d2464cba-1081-4409-a774-8eb5f579e4eb:c14, dd62e4ed-a2db-47f7-bf58-78724b5860e3:c12, 459ba28e-6ffc-4a7d-9952-63e257c951d7:c12]
2019-08-27 10:36:49,749 | INFO  | DNAudit | user=null | ip=null | op=WRITE_CHUNK {blockData=conID: 2 locID: 102688503195697167 bcsId: 7} | ret=SUCCESS |  
2019-08-27 10:36:49,749 | INFO  | DNAudit | user=null | ip=null | op=WRITE_CHUNK {blockData=conID: 2 locID: 102688503195697167 bcsId: 7} | ret=SUCCESS |  
2019-08-27 10:36:49,750 | INFO  | DNAudit | user=null | ip=null | op=PUT_BLOCK {blockData=[blockId=conID: 2 locID: 102688503195697167 bcsId: 0,size=450]} | ret=SUCCESS |  
2019-08-27 10:36:49,750 | INFO  | DNAudit | user=null | ip=null | op=PUT_BLOCK {blockData=[blockId=conID: 2 locID: 102688503195697167 bcsId: 0,size=450]} | ret=SUCCESS |  
2019-08-27 10:36:49,754 [grpc-default-executor-7] INFO  client.GrpcClientProtocolClient (GrpcClientProtocolClient.java:onNext(255)) - client-BF6D81590F21->d2464cba-1081-4409-a774-8eb5f579e4eb: receive RaftClientReply:client-BF6D81590F21->d2464cba-1081-4409-a774-8eb5f579e4eb@group-89D855178F06, cid=198, SUCCESS, logIndex=0, commits[d2464cba-1081-4409-a774-8eb5f579e4eb:c15, dd62e4ed-a2db-47f7-bf58-78724b5860e3:c14, 459ba28e-6ffc-4a7d-9952-63e257c951d7:c14]
2019-08-27 10:36:49,755 [main] INFO  ozone.MiniOzoneClusterImpl (MiniOzoneClusterImpl.java:shutdown(321)) - Shutting down the Mini Ozone Cluster
2019-08-27 10:36:49,755 | INFO  | SCMAudit | user=null | ip=null | op=GET_SCM_INFO null | ret=SUCCESS |  
2019-08-27 10:36:49,755 [main] INFO  ozone.MiniOzoneClusterImpl (MiniOzoneClusterImpl.java:stop(336)) - Stopping the Mini Ozone Cluster
2019-08-27 10:36:49,755 [main] INFO  ozone.MiniOzoneClusterImpl (MiniOzoneClusterImpl.java:stop(338)) - Stopping the OzoneManager
2019-08-27 10:36:49,756 [main] INFO  ipc.Server (Server.java:stop(3082)) - Stopping server on 37397
2019-08-27 10:36:49,773 [IPC Server listener on 37397] INFO  ipc.Server (Server.java:run(1185)) - Stopping IPC Server listener on 37397
2019-08-27 10:36:49,777 [IPC Server Responder] INFO  ipc.Server (Server.java:run(1319)) - Stopping IPC Server Responder
2019-08-27 10:36:49,775 [main] INFO  ratis.OzoneManagerDoubleBuffer (OzoneManagerDoubleBuffer.java:stop(248)) - Stopping OMDoubleBuffer flush thread
2019-08-27 10:36:49,789 [OMDoubleBufferFlushThread] INFO  ratis.OzoneManagerDoubleBuffer (OzoneManagerDoubleBuffer.java:flushTransactions(191)) - OMDoubleBuffer flush thread OMDoubleBufferFlushThread is interrupted and will exit. OMDoubleBufferFlushThread
2019-08-27 10:36:49,797 [main] INFO  utils.BackgroundService (BackgroundService.java:shutdown(148)) - Shutting down service KeyDeletingService
2019-08-27 10:36:49,799 [main] INFO  handler.ContextHandler (ContextHandler.java:doStop(910)) - Stopped o.e.j.w.WebAppContext@64455184{/,null,UNAVAILABLE}{/ozoneManager}
2019-08-27 10:36:49,799 [main] INFO  server.AbstractConnector (AbstractConnector.java:doStop(318)) - Stopped ServerConnector@6f749a1f{HTTP/1.1,[http/1.1]}{0.0.0.0:0}
2019-08-27 10:36:49,800 [main] INFO  handler.ContextHandler (ContextHandler.java:doStop(910)) - Stopped o.e.j.s.ServletContextHandler@18206382{/static,file:///workdir/hadoop-ozone/integration-test/target/test-classes/webapps/static,UNAVAILABLE}
2019-08-27 10:36:49,800 [main] INFO  handler.ContextHandler (ContextHandler.java:doStop(910)) - Stopped o.e.j.s.ServletContextHandler@25c756f0{/logs,file:///workdir/hadoop-ozone/integration-test/target/log,UNAVAILABLE}
2019-08-27 10:36:49,804 [main] INFO  ozone.MiniOzoneClusterImpl (MiniOzoneClusterImpl.java:stop(344)) - Shutting the HddsDatanodes
2019-08-27 10:36:49,804 [main] INFO  datanode.ObjectStoreHandler (ObjectStoreHandler.java:close(155)) - Closing ObjectStoreHandler.
2019-08-27 10:36:49,804 [ForkJoinPool.commonPool-worker-0] INFO  datanode.ObjectStoreHandler (ObjectStoreHandler.java:close(155)) - Closing ObjectStoreHandler.
2019-08-27 10:36:49,805 [main] INFO  ozone.HddsDatanodeService (HddsDatanodeService.java:stop(451)) - Stopped plug-in org.apache.hadoop.ozone.web.OzoneHddsDatanodeService@4005e63a
2019-08-27 10:36:49,805 [ForkJoinPool.commonPool-worker-0] INFO  ozone.HddsDatanodeService (HddsDatanodeService.java:stop(451)) - Stopped plug-in org.apache.hadoop.ozone.web.OzoneHddsDatanodeService@5911dd25
2019-08-27 10:36:49,829 | INFO  | SCMAudit | user=jenkins1000 | ip=192.168.5.140 | op=SEND_HEARTBEAT {datanodeUUID=0a1681f1-fa7f-4f0d-94b8-3ffba929404b, command=[]} | ret=SUCCESS |  
2019-08-27 10:36:50,051 | INFO  | SCMAudit | user=jenkins1000 | ip=192.168.5.140 | op=SEND_HEARTBEAT {datanodeUUID=f7569169-9807-4426-a770-13a930b2e221, command=[]} | ret=SUCCESS |  
2019-08-27 10:36:50,051 [Datanode State Machine Thread - 0] INFO  statemachine.DatanodeStateMachine (DatanodeStateMachine.java:lambda$startDaemon$0(350)) - Ozone container server started.
2019-08-27 10:36:50,537 [Datanode State Machine Thread - 0] INFO  statemachine.DatanodeStateMachine (DatanodeStateMachine.java:lambda$startDaemon$0(350)) - Ozone container server started.
2019-08-27 10:36:50,539 | INFO  | SCMAudit | user=jenkins1000 | ip=192.168.5.140 | op=SEND_HEARTBEAT {datanodeUUID=d2464cba-1081-4409-a774-8eb5f579e4eb, command=[]} | ret=SUCCESS |  
2019-08-27 10:36:50,539 | INFO  | SCMAudit | user=jenkins1000 | ip=192.168.5.140 | op=SEND_HEARTBEAT {datanodeUUID=dd62e4ed-a2db-47f7-bf58-78724b5860e3, command=[]} | ret=SUCCESS |  
2019-08-27 10:36:50,829 | INFO  | SCMAudit | user=jenkins1000 | ip=192.168.5.140 | op=SEND_HEARTBEAT {datanodeUUID=0a1681f1-fa7f-4f0d-94b8-3ffba929404b, command=[]} | ret=SUCCESS |  
2019-08-27 10:36:51,051 | INFO  | SCMAudit | user=jenkins1000 | ip=192.168.5.140 | op=SEND_HEARTBEAT {datanodeUUID=f7569169-9807-4426-a770-13a930b2e221, command=[]} | ret=SUCCESS |  
2019-08-27 10:36:51,539 | INFO  | SCMAudit | user=jenkins1000 | ip=192.168.5.140 | op=SEND_HEARTBEAT {datanodeUUID=d2464cba-1081-4409-a774-8eb5f579e4eb, command=[]} | ret=SUCCESS |  
2019-08-27 10:36:51,539 | INFO  | SCMAudit | user=jenkins1000 | ip=192.168.5.140 | op=SEND_HEARTBEAT {datanodeUUID=dd62e4ed-a2db-47f7-bf58-78724b5860e3, command=[]} | ret=SUCCESS |  
2019-08-27 10:36:51,675 [grpc-default-executor-4] WARN  server.GrpcLogAppender (LogUtils.java:warn(134)) - 4bb5b58a-22ee-4995-9249-f3ef27533d15->dfd95c04-3001-4f3e-bdbe-a78070f2513e: Failed appendEntries: org.apache.ratis.thirdparty.io.grpc.StatusRuntimeException: UNAVAILABLE: io exception
2019-08-27 10:36:51,676 [grpc-default-executor-4] INFO  impl.FollowerInfo (FollowerInfo.java:lambda$new$0(50)) - 4bb5b58a-22ee-4995-9249-f3ef27533d15->dfd95c04-3001-4f3e-bdbe-a78070f2513e: nextIndex: updateUnconditionally 1 -> 0
2019-08-27 10:36:51,829 | INFO  | SCMAudit | user=jenkins1000 | ip=192.168.5.140 | op=SEND_HEARTBEAT {datanodeUUID=0a1681f1-fa7f-4f0d-94b8-3ffba929404b, command=[]} | ret=SUCCESS |  
2019-08-27 10:36:52,051 | INFO  | SCMAudit | user=jenkins1000 | ip=192.168.5.140 | op=SEND_HEARTBEAT {datanodeUUID=f7569169-9807-4426-a770-13a930b2e221, command=[]} | ret=SUCCESS |  
2019-08-27 10:36:52,539 | INFO  | SCMAudit | user=jenkins1000 | ip=192.168.5.140 | op=SEND_HEARTBEAT {datanodeUUID=dd62e4ed-a2db-47f7-bf58-78724b5860e3, command=[]} | ret=SUCCESS |  
2019-08-27 10:36:52,539 | INFO  | SCMAudit | user=jenkins1000 | ip=192.168.5.140 | op=SEND_HEARTBEAT {datanodeUUID=d2464cba-1081-4409-a774-8eb5f579e4eb, command=[]} | ret=SUCCESS |  
2019-08-27 10:36:52,829 | INFO  | SCMAudit | user=jenkins1000 | ip=192.168.5.140 | op=SEND_HEARTBEAT {datanodeUUID=0a1681f1-fa7f-4f0d-94b8-3ffba929404b, command=[]} | ret=SUCCESS |  
2019-08-27 10:36:53,052 | INFO  | SCMAudit | user=jenkins1000 | ip=192.168.5.140 | op=SEND_HEARTBEAT {datanodeUUID=f7569169-9807-4426-a770-13a930b2e221, command=[]} | ret=SUCCESS |  
2019-08-27 10:36:53,539 | INFO  | SCMAudit | user=jenkins1000 | ip=192.168.5.140 | op=SEND_HEARTBEAT {datanodeUUID=d2464cba-1081-4409-a774-8eb5f579e4eb, command=[]} | ret=SUCCESS |  
2019-08-27 10:36:53,539 | INFO  | SCMAudit | user=jenkins1000 | ip=192.168.5.140 | op=SEND_HEARTBEAT {datanodeUUID=dd62e4ed-a2db-47f7-bf58-78724b5860e3, command=[]} | ret=SUCCESS |  
2019-08-27 10:36:53,829 | INFO  | SCMAudit | user=jenkins1000 | ip=192.168.5.140 | op=SEND_HEARTBEAT {datanodeUUID=0a1681f1-fa7f-4f0d-94b8-3ffba929404b, command=[]} | ret=SUCCESS |  
2019-08-27 10:36:54,052 | INFO  | SCMAudit | user=jenkins1000 | ip=192.168.5.140 | op=SEND_HEARTBEAT {datanodeUUID=f7569169-9807-4426-a770-13a930b2e221, command=[]} | ret=SUCCESS |  
2019-08-27 10:36:54,085 [EventQueue-StaleNodeForStaleNodeHandler] INFO  node.StaleNodeHandler (StaleNodeHandler.java:onMessage(58)) - Datanode 4bb5b58a-22ee-4995-9249-f3ef27533d15{ip: 192.168.5.140, host: pr-hdds-1982-decom-states-5k2nc-2490103652, networkLocation: /default-rack, certSerialId: null} moved to stale state. Finalizing its pipelines [PipelineID=b270dc19-f633-4940-95b4-14c0f834c893, PipelineID=c53f06e9-866b-40b1-91a7-e324330176e5]
2019-08-27 10:36:54,085 [EventQueue-StaleNodeForStaleNodeHandler] INFO  pipeline.SCMPipelineManager (SCMPipelineManager.java:finalizeAndDestroyPipeline(309)) - destroying pipeline:Pipeline[ Id: b270dc19-f633-4940-95b4-14c0f834c893, Nodes: dfd95c04-3001-4f3e-bdbe-a78070f2513e{ip: 192.168.5.140, host: pr-hdds-1982-decom-states-5k2nc-2490103652, networkLocation: /default-rack, certSerialId: null}4bb5b58a-22ee-4995-9249-f3ef27533d15{ip: 192.168.5.140, host: pr-hdds-1982-decom-states-5k2nc-2490103652, networkLocation: /default-rack, certSerialId: null}f7569169-9807-4426-a770-13a930b2e221{ip: 192.168.5.140, host: pr-hdds-1982-decom-states-5k2nc-2490103652, networkLocation: /default-rack, certSerialId: null}, Type:RATIS, Factor:THREE, State:CLOSED]
2019-08-27 10:36:54,085 [EventQueue-StaleNodeForStaleNodeHandler] INFO  pipeline.SCMPipelineManager (SCMPipelineManager.java:finalizeAndDestroyPipeline(309)) - destroying pipeline:Pipeline[ Id: c53f06e9-866b-40b1-91a7-e324330176e5, Nodes: 4bb5b58a-22ee-4995-9249-f3ef27533d15{ip: 192.168.5.140, host: pr-hdds-1982-decom-states-5k2nc-2490103652, networkLocation: /default-rack, certSerialId: null}, Type:RATIS, Factor:ONE, State:OPEN]
2019-08-27 10:36:54,085 [EventQueue-StaleNodeForStaleNodeHandler] INFO  pipeline.PipelineStateManager (PipelineStateManager.java:finalizePipeline(123)) - Pipeline Pipeline[ Id: c53f06e9-866b-40b1-91a7-e324330176e5, Nodes: 4bb5b58a-22ee-4995-9249-f3ef27533d15{ip: 192.168.5.140, host: pr-hdds-1982-decom-states-5k2nc-2490103652, networkLocation: /default-rack, certSerialId: null}, Type:RATIS, Factor:ONE, State:CLOSED] moved to CLOSED state
2019-08-27 10:36:54,177 [grpc-default-executor-4] WARN  server.GrpcLogAppender (LogUtils.java:warn(134)) - 4bb5b58a-22ee-4995-9249-f3ef27533d15->dfd95c04-3001-4f3e-bdbe-a78070f2513e: Failed appendEntries: org.apache.ratis.thirdparty.io.grpc.StatusRuntimeException: UNAVAILABLE: io exception
2019-08-27 10:36:54,177 [grpc-default-executor-4] INFO  impl.FollowerInfo (FollowerInfo.java:lambda$new$0(50)) - 4bb5b58a-22ee-4995-9249-f3ef27533d15->dfd95c04-3001-4f3e-bdbe-a78070f2513e: nextIndex: updateUnconditionally 0 -> 0
2019-08-27 10:36:54,539 | INFO  | SCMAudit | user=jenkins1000 | ip=192.168.5.140 | op=SEND_HEARTBEAT {datanodeUUID=dd62e4ed-a2db-47f7-bf58-78724b5860e3, command=[]} | ret=SUCCESS |  
2019-08-27 10:36:54,539 | INFO  | SCMAudit | user=jenkins1000 | ip=192.168.5.140 | op=SEND_HEARTBEAT {datanodeUUID=d2464cba-1081-4409-a774-8eb5f579e4eb, command=[]} | ret=SUCCESS |  
2019-08-27 10:36:54,585 [EventQueue-StaleNodeForStaleNodeHandler] INFO  node.StaleNodeHandler (StaleNodeHandler.java:onMessage(58)) - Datanode 459ba28e-6ffc-4a7d-9952-63e257c951d7{ip: 192.168.5.140, host: pr-hdds-1982-decom-states-5k2nc-2490103652, networkLocation: /default-rack, certSerialId: null} moved to stale state. Finalizing its pipelines [PipelineID=2d61d567-5eb4-4fe8-ac84-d3e46848003e, PipelineID=708e8847-b02b-491d-9eda-89d855178f06]
2019-08-27 10:36:54,585 [EventQueue-StaleNodeForStaleNodeHandler] INFO  pipeline.SCMPipelineManager (SCMPipelineManager.java:finalizeAndDestroyPipeline(309)) - destroying pipeline:Pipeline[ Id: 2d61d567-5eb4-4fe8-ac84-d3e46848003e, Nodes: 459ba28e-6ffc-4a7d-9952-63e257c951d7{ip: 192.168.5.140, host: pr-hdds-1982-decom-states-5k2nc-2490103652, networkLocation: /default-rack, certSerialId: null}, Type:RATIS, Factor:ONE, State:OPEN]
2019-08-27 10:36:54,586 [EventQueue-StaleNodeForStaleNodeHandler] INFO  pipeline.PipelineStateManager (PipelineStateManager.java:finalizePipeline(123)) - Pipeline Pipeline[ Id: 2d61d567-5eb4-4fe8-ac84-d3e46848003e, Nodes: 459ba28e-6ffc-4a7d-9952-63e257c951d7{ip: 192.168.5.140, host: pr-hdds-1982-decom-states-5k2nc-2490103652, networkLocation: /default-rack, certSerialId: null}, Type:RATIS, Factor:ONE, State:CLOSED] moved to CLOSED state
2019-08-27 10:36:54,586 [EventQueue-StaleNodeForStaleNodeHandler] INFO  pipeline.SCMPipelineManager (SCMPipelineManager.java:finalizeAndDestroyPipeline(309)) - destroying pipeline:Pipeline[ Id: 708e8847-b02b-491d-9eda-89d855178f06, Nodes: dd62e4ed-a2db-47f7-bf58-78724b5860e3{ip: 192.168.5.140, host: pr-hdds-1982-decom-states-5k2nc-2490103652, networkLocation: /default-rack, certSerialId: null}d2464cba-1081-4409-a774-8eb5f579e4eb{ip: 192.168.5.140, host: pr-hdds-1982-decom-states-5k2nc-2490103652, networkLocation: /default-rack, certSerialId: null}459ba28e-6ffc-4a7d-9952-63e257c951d7{ip: 192.168.5.140, host: pr-hdds-1982-decom-states-5k2nc-2490103652, networkLocation: /default-rack, certSerialId: null}, Type:RATIS, Factor:THREE, State:OPEN]
2019-08-27 10:36:54,586 [EventQueue-StaleNodeForStaleNodeHandler] INFO  pipeline.PipelineStateManager (PipelineStateManager.java:finalizePipeline(123)) - Pipeline Pipeline[ Id: 708e8847-b02b-491d-9eda-89d855178f06, Nodes: dd62e4ed-a2db-47f7-bf58-78724b5860e3{ip: 192.168.5.140, host: pr-hdds-1982-decom-states-5k2nc-2490103652, networkLocation: /default-rack, certSerialId: null}d2464cba-1081-4409-a774-8eb5f579e4eb{ip: 192.168.5.140, host: pr-hdds-1982-decom-states-5k2nc-2490103652, networkLocation: /default-rack, certSerialId: null}459ba28e-6ffc-4a7d-9952-63e257c951d7{ip: 192.168.5.140, host: pr-hdds-1982-decom-states-5k2nc-2490103652, networkLocation: /default-rack, certSerialId: null}, Type:RATIS, Factor:THREE, State:CLOSED] moved to CLOSED state
2019-08-27 10:36:54,586 [EventQueue-CloseContainerForCloseContainerEventHandler] INFO  container.CloseContainerEventHandler (CloseContainerEventHandler.java:onMessage(61)) - Close container Event triggered for container : #2
2019-08-27 10:36:54,806 [main] INFO  ozoneimpl.OzoneContainer (OzoneContainer.java:stop(199)) - Attempting to stop container services.
2019-08-27 10:36:54,806 [ForkJoinPool.commonPool-worker-0] INFO  ozoneimpl.OzoneContainer (OzoneContainer.java:stop(199)) - Attempting to stop container services.
2019-08-27 10:36:54,807 [main] INFO  impl.RaftServerProxy (RaftServerProxy.java:lambda$close$4(314)) - 4bb5b58a-22ee-4995-9249-f3ef27533d15: close
2019-08-27 10:36:54,807 [ForkJoinPool.commonPool-worker-0] INFO  impl.RaftServerProxy (RaftServerProxy.java:lambda$close$4(314)) - 459ba28e-6ffc-4a7d-9952-63e257c951d7: close
2019-08-27 10:36:54,808 [main] INFO  impl.RaftServerImpl (RaftServerImpl.java:lambda$shutdown$3(245)) - 4bb5b58a-22ee-4995-9249-f3ef27533d15: shutdown group-14C0F834C893
2019-08-27 10:36:54,808 [ForkJoinPool.commonPool-worker-0] INFO  impl.RaftServerImpl (RaftServerImpl.java:lambda$shutdown$3(245)) - 459ba28e-6ffc-4a7d-9952-63e257c951d7: shutdown group-D3E46848003E
2019-08-27 10:36:54,808 [main] INFO  util.JmxRegister (JmxRegister.java:unregister(73)) - Successfully un-registered JMX Bean with object name Ratis:service=RaftServer,group=group-14C0F834C893,id=4bb5b58a-22ee-4995-9249-f3ef27533d15
2019-08-27 10:36:54,809 [ForkJoinPool.commonPool-worker-0] INFO  util.JmxRegister (JmxRegister.java:unregister(73)) - Successfully un-registered JMX Bean with object name Ratis:service=RaftServer,group=group-D3E46848003E,id=459ba28e-6ffc-4a7d-9952-63e257c951d7
2019-08-27 10:36:54,809 [main] INFO  impl.RoleInfo (RoleInfo.java:shutdownLeaderState(104)) - 4bb5b58a-22ee-4995-9249-f3ef27533d15: shutdown LeaderState
2019-08-27 10:36:54,809 [ForkJoinPool.commonPool-worker-0] INFO  impl.RoleInfo (RoleInfo.java:shutdownLeaderState(104)) - 459ba28e-6ffc-4a7d-9952-63e257c951d7: shutdown LeaderState
2019-08-27 10:36:54,814 [org.apache.ratis.server.impl.LogAppender$AppenderDaemon$$Lambda$461/706770451@4a7a6032] WARN  server.GrpcLogAppender (GrpcLogAppender.java:mayWait(143)) - GrpcLogAppender(4bb5b58a-22ee-4995-9249-f3ef27533d15->dfd95c04-3001-4f3e-bdbe-a78070f2513e): Wait interrupted by java.lang.InterruptedException
2019-08-27 10:36:54,814 [main] INFO  impl.PendingRequests (PendingRequests.java:sendNotLeaderResponses(202)) - 4bb5b58a-22ee-4995-9249-f3ef27533d15-PendingRequests: sendNotLeaderResponses
2019-08-27 10:36:54,814 [org.apache.ratis.server.impl.LogAppender$AppenderDaemon$$Lambda$461/706770451@412c5881] WARN  server.GrpcLogAppender (GrpcLogAppender.java:mayWait(143)) - GrpcLogAppender(4bb5b58a-22ee-4995-9249-f3ef27533d15->f7569169-9807-4426-a770-13a930b2e221): Wait interrupted by java.lang.InterruptedException
2019-08-27 10:36:54,814 [ForkJoinPool.commonPool-worker-0] INFO  impl.PendingRequests (PendingRequests.java:sendNotLeaderResponses(202)) - 459ba28e-6ffc-4a7d-9952-63e257c951d7-PendingRequests: sendNotLeaderResponses
2019-08-27 10:36:54,817 [main] INFO  impl.StateMachineUpdater (StateMachineUpdater.java:stopAndJoin(115)) - StateMachineUpdater:4bb5b58a-22ee-4995-9249-f3ef27533d15:group-14C0F834C893: set stopIndex = 18
2019-08-27 10:36:54,817 [StateMachineUpdater:4bb5b58a-22ee-4995-9249-f3ef27533d15:group-14C0F834C893] INFO  ratis.ContainerStateMachine (ContainerStateMachine.java:takeSnapshot(283)) - group-14C0F834C893: Taking a snapshot at:(t:1, i:14) file /workdir/hadoop-ozone/integration-test/target/test-dir/MiniOzoneClusterImpl-18caebed-eb19-4fa4-8af2-b6a2e1f418d7/datanode-3/data/ratis/b270dc19-f633-4940-95b4-14c0f834c893/sm/snapshot.1_14
2019-08-27 10:36:54,817 [ForkJoinPool.commonPool-worker-0] INFO  impl.StateMachineUpdater (StateMachineUpdater.java:stopAndJoin(115)) - StateMachineUpdater:459ba28e-6ffc-4a7d-9952-63e257c951d7:group-D3E46848003E: set stopIndex = 0
2019-08-27 10:36:54,817 [grpc-default-executor-8] INFO  server.GrpcServerProtocolService (GrpcServerProtocolService.java:onCompleted(104)) - f7569169-9807-4426-a770-13a930b2e221: appendEntries completed
2019-08-27 10:36:54,818 [ForkJoinPool.commonPool-worker-0] INFO  impl.RaftServerImpl (ServerState.java:close(394)) - 459ba28e-6ffc-4a7d-9952-63e257c951d7:group-D3E46848003E closes. The last applied log index is 0
2019-08-27 10:36:54,818 [grpc-default-executor-8] INFO  server.GrpcLogAppender (GrpcLogAppender.java:onCompleted(292)) - 4bb5b58a-22ee-4995-9249-f3ef27533d15->f7569169-9807-4426-a770-13a930b2e221: follower responses appendEntries COMPLETED
2019-08-27 10:36:54,818 [459ba28e-6ffc-4a7d-9952-63e257c951d7-SegmentedRaftLogWorker:Storage Directory /workdir/hadoop-ozone/integration-test/target/test-dir/MiniOzoneClusterImpl-18caebed-eb19-4fa4-8af2-b6a2e1f418d7/datanode-1/data/ratis/2d61d567-5eb4-4fe8-ac84-d3e46848003e] INFO  segmented.SegmentedRaftLogWorker (SegmentedRaftLogWorker.java:run(313)) - 459ba28e-6ffc-4a7d-9952-63e257c951d7-SegmentedRaftLogWorker:Storage Directory /workdir/hadoop-ozone/integration-test/target/test-dir/MiniOzoneClusterImpl-18caebed-eb19-4fa4-8af2-b6a2e1f418d7/datanode-1/data/ratis/2d61d567-5eb4-4fe8-ac84-d3e46848003e was interrupted, exiting. There are 0 tasks remaining in the queue.
2019-08-27 10:36:54,818 [grpc-default-executor-8] INFO  impl.FollowerInfo (FollowerInfo.java:lambda$new$0(50)) - 4bb5b58a-22ee-4995-9249-f3ef27533d15->f7569169-9807-4426-a770-13a930b2e221: nextIndex: updateUnconditionally 19 -> 18
2019-08-27 10:36:54,829 | INFO  | SCMAudit | user=jenkins1000 | ip=192.168.5.140 | op=SEND_HEARTBEAT {datanodeUUID=0a1681f1-fa7f-4f0d-94b8-3ffba929404b, command=[]} | ret=SUCCESS |  
2019-08-27 10:36:54,830 [ForkJoinPool.commonPool-worker-0] INFO  segmented.SegmentedRaftLogWorker (SegmentedRaftLogWorker.java:close(228)) - 459ba28e-6ffc-4a7d-9952-63e257c951d7-SegmentedRaftLogWorker:Storage Directory /workdir/hadoop-ozone/integration-test/target/test-dir/MiniOzoneClusterImpl-18caebed-eb19-4fa4-8af2-b6a2e1f418d7/datanode-1/data/ratis/2d61d567-5eb4-4fe8-ac84-d3e46848003e close()
2019-08-27 10:36:54,833 [StateMachineUpdater:4bb5b58a-22ee-4995-9249-f3ef27533d15:group-14C0F834C893] INFO  ratis.ContainerStateMachine (ContainerStateMachine.java:takeSnapshot(294)) - group-14C0F834C893: Finished taking a snapshot at:(t:1, i:14) file:/workdir/hadoop-ozone/integration-test/target/test-dir/MiniOzoneClusterImpl-18caebed-eb19-4fa4-8af2-b6a2e1f418d7/datanode-3/data/ratis/b270dc19-f633-4940-95b4-14c0f834c893/sm/snapshot.1_14 time:16
2019-08-27 10:36:54,833 [ForkJoinPool.commonPool-worker-0] INFO  impl.RaftServerImpl (RaftServerImpl.java:lambda$shutdown$3(245)) - 459ba28e-6ffc-4a7d-9952-63e257c951d7: shutdown group-89D855178F06
2019-08-27 10:36:54,834 [StateMachineUpdater:4bb5b58a-22ee-4995-9249-f3ef27533d15:group-14C0F834C893] INFO  impl.StateMachineUpdater (StateMachineUpdater.java:takeSnapshot(242)) - StateMachineUpdater:4bb5b58a-22ee-4995-9249-f3ef27533d15:group-14C0F834C893: Took a snapshot at index 14
2019-08-27 10:36:54,834 [ForkJoinPool.commonPool-worker-0] INFO  util.JmxRegister (JmxRegister.java:unregister(73)) - Successfully un-registered JMX Bean with object name Ratis:service=RaftServer,group=group-89D855178F06,id=459ba28e-6ffc-4a7d-9952-63e257c951d7
2019-08-27 10:36:54,834 [StateMachineUpdater:4bb5b58a-22ee-4995-9249-f3ef27533d15:group-14C0F834C893] INFO  impl.StateMachineUpdater (StateMachineUpdater.java:lambda$new$0(80)) - StateMachineUpdater:4bb5b58a-22ee-4995-9249-f3ef27533d15:group-14C0F834C893: snapshotIndex: updateIncreasingly -1 -> 14
2019-08-27 10:36:54,834 [ForkJoinPool.commonPool-worker-0] INFO  impl.RoleInfo (RoleInfo.java:shutdownFollowerState(121)) - 459ba28e-6ffc-4a7d-9952-63e257c951d7: shutdown FollowerState
2019-08-27 10:36:54,835 [main] INFO  impl.RaftServerImpl (ServerState.java:close(394)) - 4bb5b58a-22ee-4995-9249-f3ef27533d15:group-14C0F834C893 closes. The last applied log index is 18
2019-08-27 10:36:54,835 [Thread-3354] INFO  impl.FollowerState (FollowerState.java:run(114)) - 459ba28e-6ffc-4a7d-9952-63e257c951d7: FollowerState was interrupted: java.lang.InterruptedException: sleep interrupted
2019-08-27 10:36:54,835 [StateMachineUpdater:459ba28e-6ffc-4a7d-9952-63e257c951d7:group-89D855178F06] INFO  ratis.ContainerStateMachine (ContainerStateMachine.java:takeSnapshot(283)) - group-89D855178F06: Taking a snapshot at:(t:1, i:14) file /workdir/hadoop-ozone/integration-test/target/test-dir/MiniOzoneClusterImpl-18caebed-eb19-4fa4-8af2-b6a2e1f418d7/datanode-1/data/ratis/708e8847-b02b-491d-9eda-89d855178f06/sm/snapshot.1_14
2019-08-27 10:36:54,835 [ForkJoinPool.commonPool-worker-0] INFO  impl.StateMachineUpdater (StateMachineUpdater.java:stopAndJoin(115)) - StateMachineUpdater:459ba28e-6ffc-4a7d-9952-63e257c951d7:group-89D855178F06: set stopIndex = 16
2019-08-27 10:36:54,835 [4bb5b58a-22ee-4995-9249-f3ef27533d15-SegmentedRaftLogWorker:Storage Directory /workdir/hadoop-ozone/integration-test/target/test-dir/MiniOzoneClusterImpl-18caebed-eb19-4fa4-8af2-b6a2e1f418d7/datanode-3/data/ratis/b270dc19-f633-4940-95b4-14c0f834c893] INFO  segmented.SegmentedRaftLogWorker (SegmentedRaftLogWorker.java:run(313)) - 4bb5b58a-22ee-4995-9249-f3ef27533d15-SegmentedRaftLogWorker:Storage Directory /workdir/hadoop-ozone/integration-test/target/test-dir/MiniOzoneClusterImpl-18caebed-eb19-4fa4-8af2-b6a2e1f418d7/datanode-3/data/ratis/b270dc19-f633-4940-95b4-14c0f834c893 was interrupted, exiting. There are 0 tasks remaining in the queue.
2019-08-27 10:36:54,841 [main] INFO  segmented.SegmentedRaftLogWorker (SegmentedRaftLogWorker.java:close(228)) - 4bb5b58a-22ee-4995-9249-f3ef27533d15-SegmentedRaftLogWorker:Storage Directory /workdir/hadoop-ozone/integration-test/target/test-dir/MiniOzoneClusterImpl-18caebed-eb19-4fa4-8af2-b6a2e1f418d7/datanode-3/data/ratis/b270dc19-f633-4940-95b4-14c0f834c893 close()
2019-08-27 10:36:54,847 [main] INFO  impl.RaftServerImpl (RaftServerImpl.java:lambda$shutdown$3(245)) - 4bb5b58a-22ee-4995-9249-f3ef27533d15: shutdown group-E324330176E5
2019-08-27 10:36:54,848 [main] INFO  util.JmxRegister (JmxRegister.java:unregister(73)) - Successfully un-registered JMX Bean with object name Ratis:service=RaftServer,group=group-E324330176E5,id=4bb5b58a-22ee-4995-9249-f3ef27533d15
2019-08-27 10:36:54,849 [main] INFO  impl.RoleInfo (RoleInfo.java:shutdownLeaderState(104)) - 4bb5b58a-22ee-4995-9249-f3ef27533d15: shutdown LeaderState
2019-08-27 10:36:54,850 [main] INFO  impl.PendingRequests (PendingRequests.java:sendNotLeaderResponses(202)) - 4bb5b58a-22ee-4995-9249-f3ef27533d15-PendingRequests: sendNotLeaderResponses
2019-08-27 10:36:54,850 [main] INFO  impl.StateMachineUpdater (StateMachineUpdater.java:stopAndJoin(115)) - StateMachineUpdater:4bb5b58a-22ee-4995-9249-f3ef27533d15:group-E324330176E5: set stopIndex = 0
2019-08-27 10:36:54,851 [main] INFO  impl.RaftServerImpl (ServerState.java:close(394)) - 4bb5b58a-22ee-4995-9249-f3ef27533d15:group-E324330176E5 closes. The last applied log index is 0
2019-08-27 10:36:54,852 [4bb5b58a-22ee-4995-9249-f3ef27533d15-SegmentedRaftLogWorker:Storage Directory /workdir/hadoop-ozone/integration-test/target/test-dir/MiniOzoneClusterImpl-18caebed-eb19-4fa4-8af2-b6a2e1f418d7/datanode-3/data/ratis/c53f06e9-866b-40b1-91a7-e324330176e5] INFO  segmented.SegmentedRaftLogWorker (SegmentedRaftLogWorker.java:run(313)) - 4bb5b58a-22ee-4995-9249-f3ef27533d15-SegmentedRaftLogWorker:Storage Directory /workdir/hadoop-ozone/integration-test/target/test-dir/MiniOzoneClusterImpl-18caebed-eb19-4fa4-8af2-b6a2e1f418d7/datanode-3/data/ratis/c53f06e9-866b-40b1-91a7-e324330176e5 was interrupted, exiting. There are 0 tasks remaining in the queue.
2019-08-27 10:36:54,862 [main] INFO  segmented.SegmentedRaftLogWorker (SegmentedRaftLogWorker.java:close(228)) - 4bb5b58a-22ee-4995-9249-f3ef27533d15-SegmentedRaftLogWorker:Storage Directory /workdir/hadoop-ozone/integration-test/target/test-dir/MiniOzoneClusterImpl-18caebed-eb19-4fa4-8af2-b6a2e1f418d7/datanode-3/data/ratis/c53f06e9-866b-40b1-91a7-e324330176e5 close()
2019-08-27 10:36:54,867 [StateMachineUpdater:459ba28e-6ffc-4a7d-9952-63e257c951d7:group-89D855178F06] INFO  ratis.ContainerStateMachine (ContainerStateMachine.java:takeSnapshot(294)) - group-89D855178F06: Finished taking a snapshot at:(t:1, i:14) file:/workdir/hadoop-ozone/integration-test/target/test-dir/MiniOzoneClusterImpl-18caebed-eb19-4fa4-8af2-b6a2e1f418d7/datanode-1/data/ratis/708e8847-b02b-491d-9eda-89d855178f06/sm/snapshot.1_14 time:30
2019-08-27 10:36:54,867 [main] INFO  server.GrpcService (GrpcService.java:closeImpl(155)) - 4bb5b58a-22ee-4995-9249-f3ef27533d15: shutdown server with port 32832 now
2019-08-27 10:36:54,867 [StateMachineUpdater:459ba28e-6ffc-4a7d-9952-63e257c951d7:group-89D855178F06] INFO  impl.StateMachineUpdater (StateMachineUpdater.java:takeSnapshot(242)) - StateMachineUpdater:459ba28e-6ffc-4a7d-9952-63e257c951d7:group-89D855178F06: Took a snapshot at index 14
2019-08-27 10:36:54,867 [StateMachineUpdater:459ba28e-6ffc-4a7d-9952-63e257c951d7:group-89D855178F06] INFO  impl.StateMachineUpdater (StateMachineUpdater.java:lambda$new$0(80)) - StateMachineUpdater:459ba28e-6ffc-4a7d-9952-63e257c951d7:group-89D855178F06: snapshotIndex: updateIncreasingly -1 -> 14
2019-08-27 10:36:54,868 [main] INFO  server.GrpcService (GrpcService.java:closeImpl(163)) - 4bb5b58a-22ee-4995-9249-f3ef27533d15: shutdown server with port 32832 successfully
2019-08-27 10:36:54,868 [ForkJoinPool.commonPool-worker-0] INFO  impl.RaftServerImpl (ServerState.java:close(394)) - 459ba28e-6ffc-4a7d-9952-63e257c951d7:group-89D855178F06 closes. The last applied log index is 16
2019-08-27 10:36:54,868 [459ba28e-6ffc-4a7d-9952-63e257c951d7-SegmentedRaftLogWorker:Storage Directory /workdir/hadoop-ozone/integration-test/target/test-dir/MiniOzoneClusterImpl-18caebed-eb19-4fa4-8af2-b6a2e1f418d7/datanode-1/data/ratis/708e8847-b02b-491d-9eda-89d855178f06] INFO  segmented.SegmentedRaftLogWorker (SegmentedRaftLogWorker.java:run(313)) - 459ba28e-6ffc-4a7d-9952-63e257c951d7-SegmentedRaftLogWorker:Storage Directory /workdir/hadoop-ozone/integration-test/target/test-dir/MiniOzoneClusterImpl-18caebed-eb19-4fa4-8af2-b6a2e1f418d7/datanode-1/data/ratis/708e8847-b02b-491d-9eda-89d855178f06 was interrupted, exiting. There are 0 tasks remaining in the queue.
2019-08-27 10:36:54,871 [ForkJoinPool.commonPool-worker-0] INFO  segmented.SegmentedRaftLogWorker (SegmentedRaftLogWorker.java:close(228)) - 459ba28e-6ffc-4a7d-9952-63e257c951d7-SegmentedRaftLogWorker:Storage Directory /workdir/hadoop-ozone/integration-test/target/test-dir/MiniOzoneClusterImpl-18caebed-eb19-4fa4-8af2-b6a2e1f418d7/datanode-1/data/ratis/708e8847-b02b-491d-9eda-89d855178f06 close()
2019-08-27 10:36:54,875 [ForkJoinPool.commonPool-worker-0] INFO  server.GrpcService (GrpcService.java:closeImpl(155)) - 459ba28e-6ffc-4a7d-9952-63e257c951d7: shutdown server with port 33996 now
2019-08-27 10:36:54,877 [grpc-default-executor-4] WARN  server.GrpcServerProtocolService (LogUtils.java:warn(134)) - 459ba28e-6ffc-4a7d-9952-63e257c951d7: appendEntries onError: org.apache.ratis.thirdparty.io.grpc.StatusRuntimeException: CANCELLED: cancelled before receiving half close
2019-08-27 10:36:54,877 [ForkJoinPool.commonPool-worker-0] INFO  server.GrpcService (GrpcService.java:closeImpl(163)) - 459ba28e-6ffc-4a7d-9952-63e257c951d7: shutdown server with port 33996 successfully
2019-08-27 10:36:54,877 [grpc-default-executor-8] WARN  server.GrpcLogAppender (LogUtils.java:warn(134)) - d2464cba-1081-4409-a774-8eb5f579e4eb->459ba28e-6ffc-4a7d-9952-63e257c951d7: Failed appendEntries: org.apache.ratis.thirdparty.io.grpc.StatusRuntimeException: CANCELLED: HTTP/2 error code: CANCEL
Received Rst Stream
2019-08-27 10:36:54,878 [grpc-default-executor-8] INFO  impl.FollowerInfo (FollowerInfo.java:lambda$new$0(50)) - d2464cba-1081-4409-a774-8eb5f579e4eb->459ba28e-6ffc-4a7d-9952-63e257c951d7: nextIndex: updateUnconditionally 17 -> 16
2019-08-27 10:36:54,879 [ForkJoinPool.commonPool-worker-0] INFO  utils.BackgroundService (BackgroundService.java:shutdown(148)) - Shutting down service BlockDeletingService
2019-08-27 10:36:54,880 [main] INFO  utils.BackgroundService (BackgroundService.java:shutdown(148)) - Shutting down service BlockDeletingService
2019-08-27 10:36:54,884 [refreshUsed-/workdir/hadoop-ozone/integration-test/target/test-dir/MiniOzoneClusterImpl-18caebed-eb19-4fa4-8af2-b6a2e1f418d7/datanode-1/data/containers] WARN  fs.CachingGetSpaceUsed (CachingGetSpaceUsed.java:run(183)) - Thread Interrupted waiting to refresh disk information: sleep interrupted
2019-08-27 10:36:54,884 [refreshUsed-/workdir/hadoop-ozone/integration-test/target/test-dir/MiniOzoneClusterImpl-18caebed-eb19-4fa4-8af2-b6a2e1f418d7/datanode-3/data/containers] WARN  fs.CachingGetSpaceUsed (CachingGetSpaceUsed.java:run(183)) - Thread Interrupted waiting to refresh disk information: sleep interrupted
2019-08-27 10:36:54,909 [ForkJoinPool.commonPool-worker-0] INFO  statemachine.DatanodeStateMachine (DatanodeStateMachine.java:stopDaemon(395)) - Ozone container server stopped.
2019-08-27 10:36:54,912 [main] INFO  statemachine.DatanodeStateMachine (DatanodeStateMachine.java:stopDaemon(395)) - Ozone container server stopped.
2019-08-27 10:36:54,917 [main] INFO  handler.ContextHandler (ContextHandler.java:doStop(910)) - Stopped o.e.j.w.WebAppContext@33e80a27{/,null,UNAVAILABLE}{/hddsDatanode}
2019-08-27 10:36:54,917 [ForkJoinPool.commonPool-worker-0] INFO  handler.ContextHandler (ContextHandler.java:doStop(910)) - Stopped o.e.j.w.WebAppContext@699fe19f{/,null,UNAVAILABLE}{/hddsDatanode}
2019-08-27 10:36:54,918 [ForkJoinPool.commonPool-worker-0] INFO  server.AbstractConnector (AbstractConnector.java:doStop(318)) - Stopped ServerConnector@2357f000{HTTP/1.1,[http/1.1]}{0.0.0.0:0}
2019-08-27 10:36:54,918 [main] INFO  server.AbstractConnector (AbstractConnector.java:doStop(318)) - Stopped ServerConnector@7649d350{HTTP/1.1,[http/1.1]}{0.0.0.0:0}
2019-08-27 10:36:54,920 [ForkJoinPool.commonPool-worker-0] INFO  handler.ContextHandler (ContextHandler.java:doStop(910)) - Stopped o.e.j.s.ServletContextHandler@61bfd7da{/static,jar:file:/home/user/.m2/repository/org/apache/hadoop/hadoop-hdds-container-service/0.5.0-SNAPSHOT/hadoop-hdds-container-service-0.5.0-SNAPSHOT.jar!/webapps/static,UNAVAILABLE}
2019-08-27 10:36:54,920 [main] INFO  handler.ContextHandler (ContextHandler.java:doStop(910)) - Stopped o.e.j.s.ServletContextHandler@4ca83ec3{/static,jar:file:/home/user/.m2/repository/org/apache/hadoop/hadoop-hdds-container-service/0.5.0-SNAPSHOT/hadoop-hdds-container-service-0.5.0-SNAPSHOT.jar!/webapps/static,UNAVAILABLE}
2019-08-27 10:36:54,921 [ForkJoinPool.commonPool-worker-0] INFO  handler.ContextHandler (ContextHandler.java:doStop(910)) - Stopped o.e.j.s.ServletContextHandler@cfe881a{/logs,file:///workdir/hadoop-ozone/integration-test/target/log,UNAVAILABLE}
2019-08-27 10:36:54,921 [main] INFO  handler.ContextHandler (ContextHandler.java:doStop(910)) - Stopped o.e.j.s.ServletContextHandler@70eced1f{/logs,file:///workdir/hadoop-ozone/integration-test/target/log,UNAVAILABLE}
2019-08-27 10:36:54,922 [ForkJoinPool.commonPool-worker-0] INFO  datanode.ObjectStoreHandler (ObjectStoreHandler.java:close(155)) - Closing ObjectStoreHandler.
2019-08-27 10:36:54,923 [main] INFO  datanode.ObjectStoreHandler (ObjectStoreHandler.java:close(155)) - Closing ObjectStoreHandler.
2019-08-27 10:36:54,923 [ForkJoinPool.commonPool-worker-0] INFO  ozone.HddsDatanodeService (HddsDatanodeService.java:stop(451)) - Stopped plug-in org.apache.hadoop.ozone.web.OzoneHddsDatanodeService@5292d417
2019-08-27 10:36:54,923 [main] INFO  ozone.HddsDatanodeService (HddsDatanodeService.java:stop(451)) - Stopped plug-in org.apache.hadoop.ozone.web.OzoneHddsDatanodeService@3dab9366
2019-08-27 10:36:55,052 | INFO  | SCMAudit | user=jenkins1000 | ip=192.168.5.140 | op=SEND_HEARTBEAT {datanodeUUID=f7569169-9807-4426-a770-13a930b2e221, command=[]} | ret=SUCCESS |  
2019-08-27 10:36:55,538 [Datanode State Machine Thread - 0] INFO  statemachine.DatanodeStateMachine (DatanodeStateMachine.java:lambda$startDaemon$0(350)) - Ozone container server started.
2019-08-27 10:36:55,540 | INFO  | SCMAudit | user=jenkins1000 | ip=192.168.5.140 | op=SEND_HEARTBEAT {datanodeUUID=dd62e4ed-a2db-47f7-bf58-78724b5860e3, command=[commandType: closeContainerCommand closeContainerCommandProto { containerID: 2 pipelineID { id: "708e8847-b02b-491d-9eda-89d855178f06" } cmdId: 2 force: false } ]} | ret=SUCCESS |  
2019-08-27 10:36:55,829 [Datanode State Machine Thread - 0] INFO  statemachine.DatanodeStateMachine (DatanodeStateMachine.java:lambda$startDaemon$0(350)) - Ozone container server started.
2019-08-27 10:36:56,052 | INFO  | SCMAudit | user=jenkins1000 | ip=192.168.5.140 | op=SEND_HEARTBEAT {datanodeUUID=f7569169-9807-4426-a770-13a930b2e221, command=[]} | ret=SUCCESS |  
2019-08-27 10:36:56,539 | INFO  | SCMAudit | user=jenkins1000 | ip=192.168.5.140 | op=SEND_HEARTBEAT {datanodeUUID=dd62e4ed-a2db-47f7-bf58-78724b5860e3, command=[]} | ret=SUCCESS |  
2019-08-27 10:36:57,052 | INFO  | SCMAudit | user=jenkins1000 | ip=192.168.5.140 | op=SEND_HEARTBEAT {datanodeUUID=f7569169-9807-4426-a770-13a930b2e221, command=[]} | ret=SUCCESS |  
2019-08-27 10:36:57,260 [grpc-default-executor-7] WARN  server.GrpcLogAppender (LogUtils.java:warn(134)) - d2464cba-1081-4409-a774-8eb5f579e4eb->459ba28e-6ffc-4a7d-9952-63e257c951d7: Failed appendEntries: org.apache.ratis.thirdparty.io.grpc.StatusRuntimeException: UNAVAILABLE: io exception
2019-08-27 10:36:57,260 [grpc-default-executor-7] INFO  impl.FollowerInfo (FollowerInfo.java:lambda$new$0(50)) - d2464cba-1081-4409-a774-8eb5f579e4eb->459ba28e-6ffc-4a7d-9952-63e257c951d7: nextIndex: updateUnconditionally 16 -> 15
2019-08-27 10:36:57,539 | INFO  | SCMAudit | user=jenkins1000 | ip=192.168.5.140 | op=SEND_HEARTBEAT {datanodeUUID=dd62e4ed-a2db-47f7-bf58-78724b5860e3, command=[]} | ret=SUCCESS |  
2019-08-27 10:36:57,567 | INFO  | SCMAudit | user=jenkins1000 | ip=192.168.5.140 | op=SEND_HEARTBEAT {datanodeUUID=dd62e4ed-a2db-47f7-bf58-78724b5860e3, command=[]} | ret=SUCCESS |  
2019-08-27 10:36:58,052 | INFO  | SCMAudit | user=jenkins1000 | ip=192.168.5.140 | op=SEND_HEARTBEAT {datanodeUUID=f7569169-9807-4426-a770-13a930b2e221, command=[]} | ret=SUCCESS |  
2019-08-27 10:36:58,567 | INFO  | SCMAudit | user=jenkins1000 | ip=192.168.5.140 | op=SEND_HEARTBEAT {datanodeUUID=dd62e4ed-a2db-47f7-bf58-78724b5860e3, command=[]} | ret=SUCCESS |  
2019-08-27 10:36:59,052 | INFO  | SCMAudit | user=jenkins1000 | ip=192.168.5.140 | op=SEND_HEARTBEAT {datanodeUUID=f7569169-9807-4426-a770-13a930b2e221, command=[]} | ret=SUCCESS |  
2019-08-27 10:36:59,567 | INFO  | SCMAudit | user=jenkins1000 | ip=192.168.5.140 | op=SEND_HEARTBEAT {datanodeUUID=dd62e4ed-a2db-47f7-bf58-78724b5860e3, command=[]} | ret=SUCCESS |  
2019-08-27 10:36:59,591 [EventQueue-StaleNodeForStaleNodeHandler] INFO  node.StaleNodeHandler (StaleNodeHandler.java:onMessage(58)) - Datanode d2464cba-1081-4409-a774-8eb5f579e4eb{ip: 192.168.5.140, host: pr-hdds-1982-decom-states-5k2nc-2490103652, networkLocation: /default-rack, certSerialId: null} moved to stale state. Finalizing its pipelines [PipelineID=55eff1ca-6f8e-44cc-bc45-f24e7233342a, PipelineID=708e8847-b02b-491d-9eda-89d855178f06]
2019-08-27 10:36:59,592 [EventQueue-StaleNodeForStaleNodeHandler] INFO  pipeline.SCMPipelineManager (SCMPipelineManager.java:finalizeAndDestroyPipeline(309)) - destroying pipeline:Pipeline[ Id: 55eff1ca-6f8e-44cc-bc45-f24e7233342a, Nodes: d2464cba-1081-4409-a774-8eb5f579e4eb{ip: 192.168.5.140, host: pr-hdds-1982-decom-states-5k2nc-2490103652, networkLocation: /default-rack, certSerialId: null}, Type:RATIS, Factor:ONE, State:OPEN]
2019-08-27 10:36:59,592 [EventQueue-StaleNodeForStaleNodeHandler] INFO  pipeline.PipelineStateManager (PipelineStateManager.java:finalizePipeline(123)) - Pipeline Pipeline[ Id: 55eff1ca-6f8e-44cc-bc45-f24e7233342a, Nodes: d2464cba-1081-4409-a774-8eb5f579e4eb{ip: 192.168.5.140, host: pr-hdds-1982-decom-states-5k2nc-2490103652, networkLocation: /default-rack, certSerialId: null}, Type:RATIS, Factor:ONE, State:CLOSED] moved to CLOSED state
2019-08-27 10:36:59,592 [EventQueue-StaleNodeForStaleNodeHandler] INFO  pipeline.SCMPipelineManager (SCMPipelineManager.java:finalizeAndDestroyPipeline(309)) - destroying pipeline:Pipeline[ Id: 708e8847-b02b-491d-9eda-89d855178f06, Nodes: dd62e4ed-a2db-47f7-bf58-78724b5860e3{ip: 192.168.5.140, host: pr-hdds-1982-decom-states-5k2nc-2490103652, networkLocation: /default-rack, certSerialId: null}d2464cba-1081-4409-a774-8eb5f579e4eb{ip: 192.168.5.140, host: pr-hdds-1982-decom-states-5k2nc-2490103652, networkLocation: /default-rack, certSerialId: null}459ba28e-6ffc-4a7d-9952-63e257c951d7{ip: 192.168.5.140, host: pr-hdds-1982-decom-states-5k2nc-2490103652, networkLocation: /default-rack, certSerialId: null}, Type:RATIS, Factor:THREE, State:CLOSED]
2019-08-27 10:36:59,761 [grpc-default-executor-4] WARN  server.GrpcLogAppender (LogUtils.java:warn(134)) - d2464cba-1081-4409-a774-8eb5f579e4eb->459ba28e-6ffc-4a7d-9952-63e257c951d7: Failed appendEntries: org.apache.ratis.thirdparty.io.grpc.StatusRuntimeException: UNAVAILABLE: io exception
2019-08-27 10:36:59,763 [grpc-default-executor-4] INFO  impl.FollowerInfo (FollowerInfo.java:lambda$new$0(50)) - d2464cba-1081-4409-a774-8eb5f579e4eb->459ba28e-6ffc-4a7d-9952-63e257c951d7: nextIndex: updateUnconditionally 15 -> 14
2019-08-27 10:36:59,892 [EventQueue-StaleNodeForStaleNodeHandler] INFO  node.StaleNodeHandler (StaleNodeHandler.java:onMessage(58)) - Datanode 0a1681f1-fa7f-4f0d-94b8-3ffba929404b{ip: 192.168.5.140, host: pr-hdds-1982-decom-states-5k2nc-2490103652, networkLocation: /default-rack, certSerialId: null} moved to stale state. Finalizing its pipelines [PipelineID=c26f0c06-90bd-4d32-93fd-9d7e5f2471f1]
2019-08-27 10:36:59,892 [EventQueue-StaleNodeForStaleNodeHandler] INFO  pipeline.SCMPipelineManager (SCMPipelineManager.java:finalizeAndDestroyPipeline(309)) - destroying pipeline:Pipeline[ Id: c26f0c06-90bd-4d32-93fd-9d7e5f2471f1, Nodes: 0a1681f1-fa7f-4f0d-94b8-3ffba929404b{ip: 192.168.5.140, host: pr-hdds-1982-decom-states-5k2nc-2490103652, networkLocation: /default-rack, certSerialId: null}, Type:RATIS, Factor:ONE, State:OPEN]
2019-08-27 10:36:59,892 [EventQueue-StaleNodeForStaleNodeHandler] INFO  pipeline.PipelineStateManager (PipelineStateManager.java:finalizePipeline(123)) - Pipeline Pipeline[ Id: c26f0c06-90bd-4d32-93fd-9d7e5f2471f1, Nodes: 0a1681f1-fa7f-4f0d-94b8-3ffba929404b{ip: 192.168.5.140, host: pr-hdds-1982-decom-states-5k2nc-2490103652, networkLocation: /default-rack, certSerialId: null}, Type:RATIS, Factor:ONE, State:CLOSED] moved to CLOSED state
2019-08-27 10:36:59,924 [ForkJoinPool.commonPool-worker-0] INFO  ozoneimpl.OzoneContainer (OzoneContainer.java:stop(199)) - Attempting to stop container services.
2019-08-27 10:36:59,924 [main] INFO  ozoneimpl.OzoneContainer (OzoneContainer.java:stop(199)) - Attempting to stop container services.
2019-08-27 10:36:59,924 [ForkJoinPool.commonPool-worker-0] INFO  impl.RaftServerProxy (RaftServerProxy.java:lambda$close$4(314)) - d2464cba-1081-4409-a774-8eb5f579e4eb: close
2019-08-27 10:36:59,925 [main] INFO  impl.RaftServerProxy (RaftServerProxy.java:lambda$close$4(314)) - 0a1681f1-fa7f-4f0d-94b8-3ffba929404b: close
2019-08-27 10:36:59,925 [ForkJoinPool.commonPool-worker-0] INFO  impl.RaftServerImpl (RaftServerImpl.java:lambda$shutdown$3(245)) - d2464cba-1081-4409-a774-8eb5f579e4eb: shutdown group-F24E7233342A
2019-08-27 10:36:59,925 [main] INFO  impl.RaftServerImpl (RaftServerImpl.java:lambda$shutdown$3(245)) - 0a1681f1-fa7f-4f0d-94b8-3ffba929404b: shutdown group-9D7E5F2471F1
2019-08-27 10:36:59,926 [ForkJoinPool.commonPool-worker-0] INFO  util.JmxRegister (JmxRegister.java:unregister(73)) - Successfully un-registered JMX Bean with object name Ratis:service=RaftServer,group=group-F24E7233342A,id=d2464cba-1081-4409-a774-8eb5f579e4eb
2019-08-27 10:36:59,926 [main] INFO  util.JmxRegister (JmxRegister.java:unregister(73)) - Successfully un-registered JMX Bean with object name Ratis:service=RaftServer,group=group-9D7E5F2471F1,id=0a1681f1-fa7f-4f0d-94b8-3ffba929404b
2019-08-27 10:36:59,926 [ForkJoinPool.commonPool-worker-0] INFO  impl.RoleInfo (RoleInfo.java:shutdownLeaderState(104)) - d2464cba-1081-4409-a774-8eb5f579e4eb: shutdown LeaderState
2019-08-27 10:36:59,927 [main] INFO  impl.RoleInfo (RoleInfo.java:shutdownLeaderState(104)) - 0a1681f1-fa7f-4f0d-94b8-3ffba929404b: shutdown LeaderState
2019-08-27 10:36:59,927 [ForkJoinPool.commonPool-worker-0] INFO  impl.PendingRequests (PendingRequests.java:sendNotLeaderResponses(202)) - d2464cba-1081-4409-a774-8eb5f579e4eb-PendingRequests: sendNotLeaderResponses
2019-08-27 10:36:59,928 [main] INFO  impl.PendingRequests (PendingRequests.java:sendNotLeaderResponses(202)) - 0a1681f1-fa7f-4f0d-94b8-3ffba929404b-PendingRequests: sendNotLeaderResponses
2019-08-27 10:36:59,928 [ForkJoinPool.commonPool-worker-0] INFO  impl.StateMachineUpdater (StateMachineUpdater.java:stopAndJoin(115)) - StateMachineUpdater:d2464cba-1081-4409-a774-8eb5f579e4eb:group-F24E7233342A: set stopIndex = 0
2019-08-27 10:36:59,928 [main] INFO  impl.StateMachineUpdater (StateMachineUpdater.java:stopAndJoin(115)) - StateMachineUpdater:0a1681f1-fa7f-4f0d-94b8-3ffba929404b:group-9D7E5F2471F1: set stopIndex = 0
2019-08-27 10:36:59,929 [ForkJoinPool.commonPool-worker-0] INFO  impl.RaftServerImpl (ServerState.java:close(394)) - d2464cba-1081-4409-a774-8eb5f579e4eb:group-F24E7233342A closes. The last applied log index is 0
2019-08-27 10:36:59,929 [main] INFO  impl.RaftServerImpl (ServerState.java:close(394)) - 0a1681f1-fa7f-4f0d-94b8-3ffba929404b:group-9D7E5F2471F1 closes. The last applied log index is 0
2019-08-27 10:36:59,929 [d2464cba-1081-4409-a774-8eb5f579e4eb-SegmentedRaftLogWorker:Storage Directory /workdir/hadoop-ozone/integration-test/target/test-dir/MiniOzoneClusterImpl-18caebed-eb19-4fa4-8af2-b6a2e1f418d7/datanode-2/data/ratis/55eff1ca-6f8e-44cc-bc45-f24e7233342a] INFO  segmented.SegmentedRaftLogWorker (SegmentedRaftLogWorker.java:run(313)) - d2464cba-1081-4409-a774-8eb5f579e4eb-SegmentedRaftLogWorker:Storage Directory /workdir/hadoop-ozone/integration-test/target/test-dir/MiniOzoneClusterImpl-18caebed-eb19-4fa4-8af2-b6a2e1f418d7/datanode-2/data/ratis/55eff1ca-6f8e-44cc-bc45-f24e7233342a was interrupted, exiting. There are 0 tasks remaining in the queue.
2019-08-27 10:36:59,930 [0a1681f1-fa7f-4f0d-94b8-3ffba929404b-SegmentedRaftLogWorker:Storage Directory /workdir/hadoop-ozone/integration-test/target/test-dir/MiniOzoneClusterImpl-18caebed-eb19-4fa4-8af2-b6a2e1f418d7/datanode-6/data/ratis/c26f0c06-90bd-4d32-93fd-9d7e5f2471f1] INFO  segmented.SegmentedRaftLogWorker (SegmentedRaftLogWorker.java:run(313)) - 0a1681f1-fa7f-4f0d-94b8-3ffba929404b-SegmentedRaftLogWorker:Storage Directory /workdir/hadoop-ozone/integration-test/target/test-dir/MiniOzoneClusterImpl-18caebed-eb19-4fa4-8af2-b6a2e1f418d7/datanode-6/data/ratis/c26f0c06-90bd-4d32-93fd-9d7e5f2471f1 was interrupted, exiting. There are 0 tasks remaining in the queue.
2019-08-27 10:36:59,932 [ForkJoinPool.commonPool-worker-0] INFO  segmented.SegmentedRaftLogWorker (SegmentedRaftLogWorker.java:close(228)) - d2464cba-1081-4409-a774-8eb5f579e4eb-SegmentedRaftLogWorker:Storage Directory /workdir/hadoop-ozone/integration-test/target/test-dir/MiniOzoneClusterImpl-18caebed-eb19-4fa4-8af2-b6a2e1f418d7/datanode-2/data/ratis/55eff1ca-6f8e-44cc-bc45-f24e7233342a close()
2019-08-27 10:36:59,934 [main] INFO  segmented.SegmentedRaftLogWorker (SegmentedRaftLogWorker.java:close(228)) - 0a1681f1-fa7f-4f0d-94b8-3ffba929404b-SegmentedRaftLogWorker:Storage Directory /workdir/hadoop-ozone/integration-test/target/test-dir/MiniOzoneClusterImpl-18caebed-eb19-4fa4-8af2-b6a2e1f418d7/datanode-6/data/ratis/c26f0c06-90bd-4d32-93fd-9d7e5f2471f1 close()
2019-08-27 10:36:59,937 [ForkJoinPool.commonPool-worker-0] INFO  impl.RaftServerImpl (RaftServerImpl.java:lambda$shutdown$3(245)) - d2464cba-1081-4409-a774-8eb5f579e4eb: shutdown group-89D855178F06
2019-08-27 10:36:59,941 [main] INFO  server.GrpcService (GrpcService.java:closeImpl(155)) - 0a1681f1-fa7f-4f0d-94b8-3ffba929404b: shutdown server with port 44281 now
2019-08-27 10:36:59,941 [ForkJoinPool.commonPool-worker-0] INFO  util.JmxRegister (JmxRegister.java:unregister(73)) - Successfully un-registered JMX Bean with object name Ratis:service=RaftServer,group=group-89D855178F06,id=d2464cba-1081-4409-a774-8eb5f579e4eb
2019-08-27 10:36:59,941 [ForkJoinPool.commonPool-worker-0] INFO  impl.RoleInfo (RoleInfo.java:shutdownLeaderState(104)) - d2464cba-1081-4409-a774-8eb5f579e4eb: shutdown LeaderState
2019-08-27 10:36:59,941 [main] INFO  server.GrpcService (GrpcService.java:closeImpl(163)) - 0a1681f1-fa7f-4f0d-94b8-3ffba929404b: shutdown server with port 44281 successfully
2019-08-27 10:36:59,945 [org.apache.ratis.server.impl.LogAppender$AppenderDaemon$$Lambda$461/706770451@680761ac] WARN  server.GrpcLogAppender (GrpcLogAppender.java:mayWait(143)) - GrpcLogAppender(d2464cba-1081-4409-a774-8eb5f579e4eb->459ba28e-6ffc-4a7d-9952-63e257c951d7): Wait interrupted by java.lang.InterruptedException
2019-08-27 10:36:59,945 [org.apache.ratis.server.impl.LogAppender$AppenderDaemon$$Lambda$461/706770451@2d05ea68] WARN  server.GrpcLogAppender (GrpcLogAppender.java:mayWait(143)) - GrpcLogAppender(d2464cba-1081-4409-a774-8eb5f579e4eb->dd62e4ed-a2db-47f7-bf58-78724b5860e3): Wait interrupted by java.lang.InterruptedException
2019-08-27 10:36:59,945 [ForkJoinPool.commonPool-worker-0] INFO  impl.PendingRequests (PendingRequests.java:sendNotLeaderResponses(202)) - d2464cba-1081-4409-a774-8eb5f579e4eb-PendingRequests: sendNotLeaderResponses
2019-08-27 10:36:59,946 [grpc-default-executor-7] INFO  server.GrpcServerProtocolService (GrpcServerProtocolService.java:onCompleted(104)) - dd62e4ed-a2db-47f7-bf58-78724b5860e3: appendEntries completed
2019-08-27 10:36:59,948 [ForkJoinPool.commonPool-worker-0] INFO  impl.StateMachineUpdater (StateMachineUpdater.java:stopAndJoin(115)) - StateMachineUpdater:d2464cba-1081-4409-a774-8eb5f579e4eb:group-89D855178F06: set stopIndex = 16
2019-08-27 10:36:59,948 [StateMachineUpdater:d2464cba-1081-4409-a774-8eb5f579e4eb:group-89D855178F06] INFO  ratis.ContainerStateMachine (ContainerStateMachine.java:takeSnapshot(283)) - group-89D855178F06: Taking a snapshot at:(t:1, i:14) file /workdir/hadoop-ozone/integration-test/target/test-dir/MiniOzoneClusterImpl-18caebed-eb19-4fa4-8af2-b6a2e1f418d7/datanode-2/data/ratis/708e8847-b02b-491d-9eda-89d855178f06/sm/snapshot.1_14
2019-08-27 10:36:59,949 [grpc-default-executor-4] INFO  server.GrpcLogAppender (GrpcLogAppender.java:onCompleted(292)) - d2464cba-1081-4409-a774-8eb5f579e4eb->dd62e4ed-a2db-47f7-bf58-78724b5860e3: follower responses appendEntries COMPLETED
2019-08-27 10:36:59,949 [main] INFO  utils.BackgroundService (BackgroundService.java:shutdown(148)) - Shutting down service BlockDeletingService
2019-08-27 10:36:59,949 [grpc-default-executor-4] INFO  impl.FollowerInfo (FollowerInfo.java:lambda$new$0(50)) - d2464cba-1081-4409-a774-8eb5f579e4eb->dd62e4ed-a2db-47f7-bf58-78724b5860e3: nextIndex: updateUnconditionally 17 -> 16
2019-08-27 10:36:59,952 [refreshUsed-/workdir/hadoop-ozone/integration-test/target/test-dir/MiniOzoneClusterImpl-18caebed-eb19-4fa4-8af2-b6a2e1f418d7/datanode-6/data/containers] WARN  fs.CachingGetSpaceUsed (CachingGetSpaceUsed.java:run(183)) - Thread Interrupted waiting to refresh disk information: sleep interrupted
2019-08-27 10:36:59,975 [main] INFO  statemachine.DatanodeStateMachine (DatanodeStateMachine.java:stopDaemon(395)) - Ozone container server stopped.
2019-08-27 10:36:59,975 [StateMachineUpdater:d2464cba-1081-4409-a774-8eb5f579e4eb:group-89D855178F06] INFO  ratis.ContainerStateMachine (ContainerStateMachine.java:takeSnapshot(294)) - group-89D855178F06: Finished taking a snapshot at:(t:1, i:14) file:/workdir/hadoop-ozone/integration-test/target/test-dir/MiniOzoneClusterImpl-18caebed-eb19-4fa4-8af2-b6a2e1f418d7/datanode-2/data/ratis/708e8847-b02b-491d-9eda-89d855178f06/sm/snapshot.1_14 time:27
2019-08-27 10:36:59,976 [StateMachineUpdater:d2464cba-1081-4409-a774-8eb5f579e4eb:group-89D855178F06] INFO  impl.StateMachineUpdater (StateMachineUpdater.java:takeSnapshot(242)) - StateMachineUpdater:d2464cba-1081-4409-a774-8eb5f579e4eb:group-89D855178F06: Took a snapshot at index 14
2019-08-27 10:36:59,976 [StateMachineUpdater:d2464cba-1081-4409-a774-8eb5f579e4eb:group-89D855178F06] INFO  impl.StateMachineUpdater (StateMachineUpdater.java:lambda$new$0(80)) - StateMachineUpdater:d2464cba-1081-4409-a774-8eb5f579e4eb:group-89D855178F06: snapshotIndex: updateIncreasingly -1 -> 14
2019-08-27 10:36:59,976 [ForkJoinPool.commonPool-worker-0] INFO  impl.RaftServerImpl (ServerState.java:close(394)) - d2464cba-1081-4409-a774-8eb5f579e4eb:group-89D855178F06 closes. The last applied log index is 16
2019-08-27 10:36:59,976 [main] INFO  handler.ContextHandler (ContextHandler.java:doStop(910)) - Stopped o.e.j.w.WebAppContext@2380e8d4{/,null,UNAVAILABLE}{/hddsDatanode}
2019-08-27 10:36:59,977 [d2464cba-1081-4409-a774-8eb5f579e4eb-SegmentedRaftLogWorker:Storage Directory /workdir/hadoop-ozone/integration-test/target/test-dir/MiniOzoneClusterImpl-18caebed-eb19-4fa4-8af2-b6a2e1f418d7/datanode-2/data/ratis/708e8847-b02b-491d-9eda-89d855178f06] INFO  segmented.SegmentedRaftLogWorker (SegmentedRaftLogWorker.java:run(313)) - d2464cba-1081-4409-a774-8eb5f579e4eb-SegmentedRaftLogWorker:Storage Directory /workdir/hadoop-ozone/integration-test/target/test-dir/MiniOzoneClusterImpl-18caebed-eb19-4fa4-8af2-b6a2e1f418d7/datanode-2/data/ratis/708e8847-b02b-491d-9eda-89d855178f06 was interrupted, exiting. There are 0 tasks remaining in the queue.
2019-08-27 10:36:59,979 [ForkJoinPool.commonPool-worker-0] INFO  segmented.SegmentedRaftLogWorker (SegmentedRaftLogWorker.java:close(228)) - d2464cba-1081-4409-a774-8eb5f579e4eb-SegmentedRaftLogWorker:Storage Directory /workdir/hadoop-ozone/integration-test/target/test-dir/MiniOzoneClusterImpl-18caebed-eb19-4fa4-8af2-b6a2e1f418d7/datanode-2/data/ratis/708e8847-b02b-491d-9eda-89d855178f06 close()
2019-08-27 10:36:59,981 [main] INFO  server.AbstractConnector (AbstractConnector.java:doStop(318)) - Stopped ServerConnector@53b5356{HTTP/1.1,[http/1.1]}{0.0.0.0:0}
2019-08-27 10:36:59,981 [ForkJoinPool.commonPool-worker-0] INFO  server.GrpcService (GrpcService.java:closeImpl(155)) - d2464cba-1081-4409-a774-8eb5f579e4eb: shutdown server with port 40709 now
2019-08-27 10:36:59,982 [main] INFO  handler.ContextHandler (ContextHandler.java:doStop(910)) - Stopped o.e.j.s.ServletContextHandler@78ba0a57{/static,jar:file:/home/user/.m2/repository/org/apache/hadoop/hadoop-hdds-container-service/0.5.0-SNAPSHOT/hadoop-hdds-container-service-0.5.0-SNAPSHOT.jar!/webapps/static,UNAVAILABLE}
2019-08-27 10:36:59,982 [main] INFO  handler.ContextHandler (ContextHandler.java:doStop(910)) - Stopped o.e.j.s.ServletContextHandler@5d5b07e9{/logs,file:///workdir/hadoop-ozone/integration-test/target/log,UNAVAILABLE}
2019-08-27 10:36:59,983 [ForkJoinPool.commonPool-worker-0] INFO  server.GrpcService (GrpcService.java:closeImpl(163)) - d2464cba-1081-4409-a774-8eb5f579e4eb: shutdown server with port 40709 successfully
2019-08-27 10:36:59,983 [grpc-default-executor-7] WARN  client.GrpcClientProtocolService (LogUtils.java:warn(134)) - 1-UnorderedRequestStreamObserver1: onError: org.apache.ratis.thirdparty.io.grpc.StatusRuntimeException: CANCELLED: cancelled before receiving half close
2019-08-27 10:36:59,984 [main] INFO  datanode.ObjectStoreHandler (ObjectStoreHandler.java:close(155)) - Closing ObjectStoreHandler.
2019-08-27 10:36:59,984 [main] INFO  ozone.HddsDatanodeService (HddsDatanodeService.java:stop(451)) - Stopped plug-in org.apache.hadoop.ozone.web.OzoneHddsDatanodeService@40fd9358
2019-08-27 10:36:59,985 [ForkJoinPool.commonPool-worker-0] INFO  utils.BackgroundService (BackgroundService.java:shutdown(148)) - Shutting down service BlockDeletingService
2019-08-27 10:36:59,986 [refreshUsed-/workdir/hadoop-ozone/integration-test/target/test-dir/MiniOzoneClusterImpl-18caebed-eb19-4fa4-8af2-b6a2e1f418d7/datanode-2/data/containers] WARN  fs.CachingGetSpaceUsed (CachingGetSpaceUsed.java:run(183)) - Thread Interrupted waiting to refresh disk information: sleep interrupted
2019-08-27 10:37:00,004 [ForkJoinPool.commonPool-worker-0] INFO  statemachine.DatanodeStateMachine (DatanodeStateMachine.java:stopDaemon(395)) - Ozone container server stopped.
2019-08-27 10:37:00,009 [ForkJoinPool.commonPool-worker-0] INFO  handler.ContextHandler (ContextHandler.java:doStop(910)) - Stopped o.e.j.w.WebAppContext@d9ff1cd{/,null,UNAVAILABLE}{/hddsDatanode}
2019-08-27 10:37:00,009 [ForkJoinPool.commonPool-worker-0] INFO  server.AbstractConnector (AbstractConnector.java:doStop(318)) - Stopped ServerConnector@2c64ee53{HTTP/1.1,[http/1.1]}{0.0.0.0:0}
2019-08-27 10:37:00,011 [ForkJoinPool.commonPool-worker-0] INFO  handler.ContextHandler (ContextHandler.java:doStop(910)) - Stopped o.e.j.s.ServletContextHandler@441798ce{/static,jar:file:/home/user/.m2/repository/org/apache/hadoop/hadoop-hdds-container-service/0.5.0-SNAPSHOT/hadoop-hdds-container-service-0.5.0-SNAPSHOT.jar!/webapps/static,UNAVAILABLE}
2019-08-27 10:37:00,012 [ForkJoinPool.commonPool-worker-0] INFO  handler.ContextHandler (ContextHandler.java:doStop(910)) - Stopped o.e.j.s.ServletContextHandler@2582e213{/logs,file:///workdir/hadoop-ozone/integration-test/target/log,UNAVAILABLE}
2019-08-27 10:37:00,013 [ForkJoinPool.commonPool-worker-0] INFO  datanode.ObjectStoreHandler (ObjectStoreHandler.java:close(155)) - Closing ObjectStoreHandler.
2019-08-27 10:37:00,014 [ForkJoinPool.commonPool-worker-0] INFO  ozone.HddsDatanodeService (HddsDatanodeService.java:stop(451)) - Stopped plug-in org.apache.hadoop.ozone.web.OzoneHddsDatanodeService@118cbb26
2019-08-27 10:37:00,052 [Datanode State Machine Thread - 0] INFO  statemachine.DatanodeStateMachine (DatanodeStateMachine.java:lambda$startDaemon$0(350)) - Ozone container server started.
2019-08-27 10:37:00,566 [Datanode State Machine Thread - 0] INFO  statemachine.DatanodeStateMachine (DatanodeStateMachine.java:lambda$startDaemon$0(350)) - Ozone container server started.
2019-08-27 10:37:04,097 [EventQueue-StaleNodeForStaleNodeHandler] INFO  node.StaleNodeHandler (StaleNodeHandler.java:onMessage(58)) - Datanode f7569169-9807-4426-a770-13a930b2e221{ip: 192.168.5.140, host: pr-hdds-1982-decom-states-5k2nc-2490103652, networkLocation: /default-rack, certSerialId: null} moved to stale state. Finalizing its pipelines [PipelineID=8754a8c2-84a8-4fdd-bc9f-ccb2e1829a6b, PipelineID=b270dc19-f633-4940-95b4-14c0f834c893]
2019-08-27 10:37:04,098 [EventQueue-StaleNodeForStaleNodeHandler] INFO  pipeline.SCMPipelineManager (SCMPipelineManager.java:finalizeAndDestroyPipeline(309)) - destroying pipeline:Pipeline[ Id: 8754a8c2-84a8-4fdd-bc9f-ccb2e1829a6b, Nodes: f7569169-9807-4426-a770-13a930b2e221{ip: 192.168.5.140, host: pr-hdds-1982-decom-states-5k2nc-2490103652, networkLocation: /default-rack, certSerialId: null}, Type:RATIS, Factor:ONE, State:OPEN]
2019-08-27 10:37:04,098 [EventQueue-StaleNodeForStaleNodeHandler] INFO  pipeline.PipelineStateManager (PipelineStateManager.java:finalizePipeline(123)) - Pipeline Pipeline[ Id: 8754a8c2-84a8-4fdd-bc9f-ccb2e1829a6b, Nodes: f7569169-9807-4426-a770-13a930b2e221{ip: 192.168.5.140, host: pr-hdds-1982-decom-states-5k2nc-2490103652, networkLocation: /default-rack, certSerialId: null}, Type:RATIS, Factor:ONE, State:CLOSED] moved to CLOSED state
2019-08-27 10:37:04,098 [EventQueue-StaleNodeForStaleNodeHandler] INFO  pipeline.SCMPipelineManager (SCMPipelineManager.java:finalizeAndDestroyPipeline(309)) - destroying pipeline:Pipeline[ Id: b270dc19-f633-4940-95b4-14c0f834c893, Nodes: dfd95c04-3001-4f3e-bdbe-a78070f2513e{ip: 192.168.5.140, host: pr-hdds-1982-decom-states-5k2nc-2490103652, networkLocation: /default-rack, certSerialId: null}4bb5b58a-22ee-4995-9249-f3ef27533d15{ip: 192.168.5.140, host: pr-hdds-1982-decom-states-5k2nc-2490103652, networkLocation: /default-rack, certSerialId: null}f7569169-9807-4426-a770-13a930b2e221{ip: 192.168.5.140, host: pr-hdds-1982-decom-states-5k2nc-2490103652, networkLocation: /default-rack, certSerialId: null}, Type:RATIS, Factor:THREE, State:CLOSED]
2019-08-27 10:37:04,307 [Thread-3494] INFO  impl.FollowerState (FollowerState.java:run(106)) - f7569169-9807-4426-a770-13a930b2e221:group-14C0F834C893 changes to CANDIDATE, lastRpcTime:10130, electionTimeout:5049ms
2019-08-27 10:37:04,307 [Thread-3494] INFO  impl.RoleInfo (RoleInfo.java:shutdownFollowerState(121)) - f7569169-9807-4426-a770-13a930b2e221: shutdown FollowerState
2019-08-27 10:37:04,307 [Thread-3494] INFO  impl.RaftServerImpl (RaftServerImpl.java:setRole(171)) - f7569169-9807-4426-a770-13a930b2e221:group-14C0F834C893 changes role from FOLLOWER to CANDIDATE at term 2 for changeToCandidate
2019-08-27 10:37:04,307 [Thread-3494] INFO  impl.RoleInfo (RoleInfo.java:updateAndGet(143)) - f7569169-9807-4426-a770-13a930b2e221: start LeaderElection
2019-08-27 10:37:04,310 [f7569169-9807-4426-a770-13a930b2e221:group-14C0F834C893:LeaderElection68] INFO  impl.RaftServerImpl (ServerState.java:setLeader(263)) - f7569169-9807-4426-a770-13a930b2e221:group-14C0F834C893 change Leader from 4bb5b58a-22ee-4995-9249-f3ef27533d15 to null at term 2 for initElection
2019-08-27 10:37:04,325 [f7569169-9807-4426-a770-13a930b2e221:group-14C0F834C893:LeaderElection68] INFO  impl.LeaderElection (LeaderElection.java:askForVotes(181)) - f7569169-9807-4426-a770-13a930b2e221:group-14C0F834C893:LeaderElection68: begin an election at term 3 for 17: [f7569169-9807-4426-a770-13a930b2e221:192.168.5.140:39064, dfd95c04-3001-4f3e-bdbe-a78070f2513e:192.168.5.140:41050, 4bb5b58a-22ee-4995-9249-f3ef27533d15:192.168.5.140:32832], old=null
2019-08-27 10:37:04,328 [f7569169-9807-4426-a770-13a930b2e221:group-14C0F834C893:LeaderElection68] INFO  impl.LeaderElection (LogUtils.java:infoOrTrace(149)) - f7569169-9807-4426-a770-13a930b2e221:group-14C0F834C893:LeaderElection68 got exception when requesting votes: {}
java.util.concurrent.ExecutionException: org.apache.ratis.thirdparty.io.grpc.StatusRuntimeException: UNAVAILABLE: io exception
	at java.util.concurrent.FutureTask.report(FutureTask.java:122)
	at java.util.concurrent.FutureTask.get(FutureTask.java:192)
	at org.apache.ratis.server.impl.LeaderElection.waitForResults(LeaderElection.java:262)
	at org.apache.ratis.server.impl.LeaderElection.askForVotes(LeaderElection.java:200)
	at org.apache.ratis.server.impl.LeaderElection.run(LeaderElection.java:130)
	at java.lang.Thread.run(Thread.java:748)
Caused by: org.apache.ratis.thirdparty.io.grpc.StatusRuntimeException: UNAVAILABLE: io exception
	at org.apache.ratis.thirdparty.io.grpc.stub.ClientCalls.toStatusRuntimeException(ClientCalls.java:233)
	at org.apache.ratis.thirdparty.io.grpc.stub.ClientCalls.getUnchecked(ClientCalls.java:214)
	at org.apache.ratis.thirdparty.io.grpc.stub.ClientCalls.blockingUnaryCall(ClientCalls.java:139)
	at org.apache.ratis.proto.grpc.RaftServerProtocolServiceGrpc$RaftServerProtocolServiceBlockingStub.requestVote(RaftServerProtocolServiceGrpc.java:265)
	at org.apache.ratis.grpc.server.GrpcServerProtocolClient.requestVote(GrpcServerProtocolClient.java:83)
	at org.apache.ratis.grpc.server.GrpcService.requestVote(GrpcService.java:195)
	at org.apache.ratis.server.impl.LeaderElection.lambda$submitRequests$1(LeaderElection.java:237)
	at java.util.concurrent.FutureTask.run(FutureTask.java:266)
	at java.util.concurrent.Executors$RunnableAdapter.call(Executors.java:511)
	at java.util.concurrent.FutureTask.run(FutureTask.java:266)
	at java.util.concurrent.ThreadPoolExecutor.runWorker(ThreadPoolExecutor.java:1149)
	at java.util.concurrent.ThreadPoolExecutor$Worker.run(ThreadPoolExecutor.java:624)
	... 1 more
Caused by: org.apache.ratis.thirdparty.io.netty.channel.AbstractChannel$AnnotatedConnectException: Connection refused: /192.168.5.140:41050
	at sun.nio.ch.SocketChannelImpl.checkConnect(Native Method)
	at sun.nio.ch.SocketChannelImpl.finishConnect(SocketChannelImpl.java:717)
	at org.apache.ratis.thirdparty.io.netty.channel.socket.nio.NioSocketChannel.doFinishConnect(NioSocketChannel.java:327)
	at org.apache.ratis.thirdparty.io.netty.channel.nio.AbstractNioChannel$AbstractNioUnsafe.finishConnect(AbstractNioChannel.java:340)
	at org.apache.ratis.thirdparty.io.netty.channel.nio.NioEventLoop.processSelectedKey(NioEventLoop.java:632)
	at org.apache.ratis.thirdparty.io.netty.channel.nio.NioEventLoop.processSelectedKeysOptimized(NioEventLoop.java:579)
	at org.apache.ratis.thirdparty.io.netty.channel.nio.NioEventLoop.processSelectedKeys(NioEventLoop.java:496)
	at org.apache.ratis.thirdparty.io.netty.channel.nio.NioEventLoop.run(NioEventLoop.java:458)
	at org.apache.ratis.thirdparty.io.netty.util.concurrent.SingleThreadEventExecutor$5.run(SingleThreadEventExecutor.java:897)
	at org.apache.ratis.thirdparty.io.netty.util.concurrent.FastThreadLocalRunnable.run(FastThreadLocalRunnable.java:30)
	... 1 more
Caused by: java.net.ConnectException: Connection refused
	... 11 more
2019-08-27 10:37:04,330 [f7569169-9807-4426-a770-13a930b2e221:group-14C0F834C893:LeaderElection68] INFO  impl.LeaderElection (LogUtils.java:infoOrTrace(149)) - f7569169-9807-4426-a770-13a930b2e221:group-14C0F834C893:LeaderElection68 got exception when requesting votes: {}
java.util.concurrent.ExecutionException: org.apache.ratis.thirdparty.io.grpc.StatusRuntimeException: UNAVAILABLE: io exception
	at java.util.concurrent.FutureTask.report(FutureTask.java:122)
	at java.util.concurrent.FutureTask.get(FutureTask.java:192)
	at org.apache.ratis.server.impl.LeaderElection.waitForResults(LeaderElection.java:262)
	at org.apache.ratis.server.impl.LeaderElection.askForVotes(LeaderElection.java:200)
	at org.apache.ratis.server.impl.LeaderElection.run(LeaderElection.java:130)
	at java.lang.Thread.run(Thread.java:748)
Caused by: org.apache.ratis.thirdparty.io.grpc.StatusRuntimeException: UNAVAILABLE: io exception
	at org.apache.ratis.thirdparty.io.grpc.stub.ClientCalls.toStatusRuntimeException(ClientCalls.java:233)
	at org.apache.ratis.thirdparty.io.grpc.stub.ClientCalls.getUnchecked(ClientCalls.java:214)
	at org.apache.ratis.thirdparty.io.grpc.stub.ClientCalls.blockingUnaryCall(ClientCalls.java:139)
	at org.apache.ratis.proto.grpc.RaftServerProtocolServiceGrpc$RaftServerProtocolServiceBlockingStub.requestVote(RaftServerProtocolServiceGrpc.java:265)
	at org.apache.ratis.grpc.server.GrpcServerProtocolClient.requestVote(GrpcServerProtocolClient.java:83)
	at org.apache.ratis.grpc.server.GrpcService.requestVote(GrpcService.java:195)
	at org.apache.ratis.server.impl.LeaderElection.lambda$submitRequests$1(LeaderElection.java:237)
	at java.util.concurrent.FutureTask.run(FutureTask.java:266)
	at java.util.concurrent.Executors$RunnableAdapter.call(Executors.java:511)
	at java.util.concurrent.FutureTask.run(FutureTask.java:266)
	at java.util.concurrent.ThreadPoolExecutor.runWorker(ThreadPoolExecutor.java:1149)
	at java.util.concurrent.ThreadPoolExecutor$Worker.run(ThreadPoolExecutor.java:624)
	... 1 more
Caused by: org.apache.ratis.thirdparty.io.netty.channel.AbstractChannel$AnnotatedConnectException: Connection refused: /192.168.5.140:32832
	at sun.nio.ch.SocketChannelImpl.checkConnect(Native Method)
	at sun.nio.ch.SocketChannelImpl.finishConnect(SocketChannelImpl.java:717)
	at org.apache.ratis.thirdparty.io.netty.channel.socket.nio.NioSocketChannel.doFinishConnect(NioSocketChannel.java:327)
	at org.apache.ratis.thirdparty.io.netty.channel.nio.AbstractNioChannel$AbstractNioUnsafe.finishConnect(AbstractNioChannel.java:340)
	at org.apache.ratis.thirdparty.io.netty.channel.nio.NioEventLoop.processSelectedKey(NioEventLoop.java:632)
	at org.apache.ratis.thirdparty.io.netty.channel.nio.NioEventLoop.processSelectedKeysOptimized(NioEventLoop.java:579)
	at org.apache.ratis.thirdparty.io.netty.channel.nio.NioEventLoop.processSelectedKeys(NioEventLoop.java:496)
	at org.apache.ratis.thirdparty.io.netty.channel.nio.NioEventLoop.run(NioEventLoop.java:458)
	at org.apache.ratis.thirdparty.io.netty.util.concurrent.SingleThreadEventExecutor$5.run(SingleThreadEventExecutor.java:897)
	at org.apache.ratis.thirdparty.io.netty.util.concurrent.FastThreadLocalRunnable.run(FastThreadLocalRunnable.java:30)
	... 1 more
Caused by: java.net.ConnectException: Connection refused
	... 11 more
2019-08-27 10:37:04,332 [f7569169-9807-4426-a770-13a930b2e221:group-14C0F834C893:LeaderElection68] INFO  impl.LeaderElection (LeaderElection.java:logAndReturn(56)) - f7569169-9807-4426-a770-13a930b2e221:group-14C0F834C893:LeaderElection68: Election REJECTED; received 0 response(s) [] and 2 exception(s); f7569169-9807-4426-a770-13a930b2e221:t3, leader=null, voted=f7569169-9807-4426-a770-13a930b2e221, raftlog=f7569169-9807-4426-a770-13a930b2e221-SegmentedRaftLog:OPENED:c18,f18,i18, conf=17: [f7569169-9807-4426-a770-13a930b2e221:192.168.5.140:39064, dfd95c04-3001-4f3e-bdbe-a78070f2513e:192.168.5.140:41050, 4bb5b58a-22ee-4995-9249-f3ef27533d15:192.168.5.140:32832], old=null
2019-08-27 10:37:04,332 [f7569169-9807-4426-a770-13a930b2e221:group-14C0F834C893:LeaderElection68] INFO  impl.LeaderElection (LogUtils.java:infoOrTrace(149)) -   Exception 0: {}
java.util.concurrent.ExecutionException: org.apache.ratis.thirdparty.io.grpc.StatusRuntimeException: UNAVAILABLE: io exception
	at java.util.concurrent.FutureTask.report(FutureTask.java:122)
	at java.util.concurrent.FutureTask.get(FutureTask.java:192)
	at org.apache.ratis.server.impl.LeaderElection.waitForResults(LeaderElection.java:262)
	at org.apache.ratis.server.impl.LeaderElection.askForVotes(LeaderElection.java:200)
	at org.apache.ratis.server.impl.LeaderElection.run(LeaderElection.java:130)
	at java.lang.Thread.run(Thread.java:748)
Caused by: org.apache.ratis.thirdparty.io.grpc.StatusRuntimeException: UNAVAILABLE: io exception
	at org.apache.ratis.thirdparty.io.grpc.stub.ClientCalls.toStatusRuntimeException(ClientCalls.java:233)
	at org.apache.ratis.thirdparty.io.grpc.stub.ClientCalls.getUnchecked(ClientCalls.java:214)
	at org.apache.ratis.thirdparty.io.grpc.stub.ClientCalls.blockingUnaryCall(ClientCalls.java:139)
	at org.apache.ratis.proto.grpc.RaftServerProtocolServiceGrpc$RaftServerProtocolServiceBlockingStub.requestVote(RaftServerProtocolServiceGrpc.java:265)
	at org.apache.ratis.grpc.server.GrpcServerProtocolClient.requestVote(GrpcServerProtocolClient.java:83)
	at org.apache.ratis.grpc.server.GrpcService.requestVote(GrpcService.java:195)
	at org.apache.ratis.server.impl.LeaderElection.lambda$submitRequests$1(LeaderElection.java:237)
	at java.util.concurrent.FutureTask.run(FutureTask.java:266)
	at java.util.concurrent.Executors$RunnableAdapter.call(Executors.java:511)
	at java.util.concurrent.FutureTask.run(FutureTask.java:266)
	at java.util.concurrent.ThreadPoolExecutor.runWorker(ThreadPoolExecutor.java:1149)
	at java.util.concurrent.ThreadPoolExecutor$Worker.run(ThreadPoolExecutor.java:624)
	... 1 more
Caused by: org.apache.ratis.thirdparty.io.netty.channel.AbstractChannel$AnnotatedConnectException: Connection refused: /192.168.5.140:41050
	at sun.nio.ch.SocketChannelImpl.checkConnect(Native Method)
	at sun.nio.ch.SocketChannelImpl.finishConnect(SocketChannelImpl.java:717)
	at org.apache.ratis.thirdparty.io.netty.channel.socket.nio.NioSocketChannel.doFinishConnect(NioSocketChannel.java:327)
	at org.apache.ratis.thirdparty.io.netty.channel.nio.AbstractNioChannel$AbstractNioUnsafe.finishConnect(AbstractNioChannel.java:340)
	at org.apache.ratis.thirdparty.io.netty.channel.nio.NioEventLoop.processSelectedKey(NioEventLoop.java:632)
	at org.apache.ratis.thirdparty.io.netty.channel.nio.NioEventLoop.processSelectedKeysOptimized(NioEventLoop.java:579)
	at org.apache.ratis.thirdparty.io.netty.channel.nio.NioEventLoop.processSelectedKeys(NioEventLoop.java:496)
	at org.apache.ratis.thirdparty.io.netty.channel.nio.NioEventLoop.run(NioEventLoop.java:458)
	at org.apache.ratis.thirdparty.io.netty.util.concurrent.SingleThreadEventExecutor$5.run(SingleThreadEventExecutor.java:897)
	at org.apache.ratis.thirdparty.io.netty.util.concurrent.FastThreadLocalRunnable.run(FastThreadLocalRunnable.java:30)
	... 1 more
Caused by: java.net.ConnectException: Connection refused
	... 11 more
2019-08-27 10:37:04,332 [f7569169-9807-4426-a770-13a930b2e221:group-14C0F834C893:LeaderElection68] INFO  impl.LeaderElection (LogUtils.java:infoOrTrace(149)) -   Exception 1: {}
java.util.concurrent.ExecutionException: org.apache.ratis.thirdparty.io.grpc.StatusRuntimeException: UNAVAILABLE: io exception
	at java.util.concurrent.FutureTask.report(FutureTask.java:122)
	at java.util.concurrent.FutureTask.get(FutureTask.java:192)
	at org.apache.ratis.server.impl.LeaderElection.waitForResults(LeaderElection.java:262)
	at org.apache.ratis.server.impl.LeaderElection.askForVotes(LeaderElection.java:200)
	at org.apache.ratis.server.impl.LeaderElection.run(LeaderElection.java:130)
	at java.lang.Thread.run(Thread.java:748)
Caused by: org.apache.ratis.thirdparty.io.grpc.StatusRuntimeException: UNAVAILABLE: io exception
	at org.apache.ratis.thirdparty.io.grpc.stub.ClientCalls.toStatusRuntimeException(ClientCalls.java:233)
	at org.apache.ratis.thirdparty.io.grpc.stub.ClientCalls.getUnchecked(ClientCalls.java:214)
	at org.apache.ratis.thirdparty.io.grpc.stub.ClientCalls.blockingUnaryCall(ClientCalls.java:139)
	at org.apache.ratis.proto.grpc.RaftServerProtocolServiceGrpc$RaftServerProtocolServiceBlockingStub.requestVote(RaftServerProtocolServiceGrpc.java:265)
	at org.apache.ratis.grpc.server.GrpcServerProtocolClient.requestVote(GrpcServerProtocolClient.java:83)
	at org.apache.ratis.grpc.server.GrpcService.requestVote(GrpcService.java:195)
	at org.apache.ratis.server.impl.LeaderElection.lambda$submitRequests$1(LeaderElection.java:237)
	at java.util.concurrent.FutureTask.run(FutureTask.java:266)
	at java.util.concurrent.Executors$RunnableAdapter.call(Executors.java:511)
	at java.util.concurrent.FutureTask.run(FutureTask.java:266)
	at java.util.concurrent.ThreadPoolExecutor.runWorker(ThreadPoolExecutor.java:1149)
	at java.util.concurrent.ThreadPoolExecutor$Worker.run(ThreadPoolExecutor.java:624)
	... 1 more
Caused by: org.apache.ratis.thirdparty.io.netty.channel.AbstractChannel$AnnotatedConnectException: Connection refused: /192.168.5.140:32832
	at sun.nio.ch.SocketChannelImpl.checkConnect(Native Method)
	at sun.nio.ch.SocketChannelImpl.finishConnect(SocketChannelImpl.java:717)
	at org.apache.ratis.thirdparty.io.netty.channel.socket.nio.NioSocketChannel.doFinishConnect(NioSocketChannel.java:327)
	at org.apache.ratis.thirdparty.io.netty.channel.nio.AbstractNioChannel$AbstractNioUnsafe.finishConnect(AbstractNioChannel.java:340)
	at org.apache.ratis.thirdparty.io.netty.channel.nio.NioEventLoop.processSelectedKey(NioEventLoop.java:632)
	at org.apache.ratis.thirdparty.io.netty.channel.nio.NioEventLoop.processSelectedKeysOptimized(NioEventLoop.java:579)
	at org.apache.ratis.thirdparty.io.netty.channel.nio.NioEventLoop.processSelectedKeys(NioEventLoop.java:496)
	at org.apache.ratis.thirdparty.io.netty.channel.nio.NioEventLoop.run(NioEventLoop.java:458)
	at org.apache.ratis.thirdparty.io.netty.util.concurrent.SingleThreadEventExecutor$5.run(SingleThreadEventExecutor.java:897)
	at org.apache.ratis.thirdparty.io.netty.util.concurrent.FastThreadLocalRunnable.run(FastThreadLocalRunnable.java:30)
	... 1 more
Caused by: java.net.ConnectException: Connection refused
	... 11 more
2019-08-27 10:37:04,333 [f7569169-9807-4426-a770-13a930b2e221:group-14C0F834C893:LeaderElection68] INFO  impl.RaftServerImpl (RaftServerImpl.java:setRole(171)) - f7569169-9807-4426-a770-13a930b2e221:group-14C0F834C893 changes role from CANDIDATE to FOLLOWER at term 3 for DISCOVERED_A_NEW_TERM
2019-08-27 10:37:04,333 [f7569169-9807-4426-a770-13a930b2e221:group-14C0F834C893:LeaderElection68] INFO  impl.RoleInfo (RoleInfo.java:shutdownLeaderElection(134)) - f7569169-9807-4426-a770-13a930b2e221: shutdown LeaderElection
2019-08-27 10:37:04,333 [f7569169-9807-4426-a770-13a930b2e221:group-14C0F834C893:LeaderElection68] INFO  impl.RoleInfo (RoleInfo.java:updateAndGet(143)) - f7569169-9807-4426-a770-13a930b2e221: start FollowerState
2019-08-27 10:37:04,598 [EventQueue-StaleNodeForStaleNodeHandler] INFO  node.StaleNodeHandler (StaleNodeHandler.java:onMessage(58)) - Datanode dd62e4ed-a2db-47f7-bf58-78724b5860e3{ip: 192.168.5.140, host: pr-hdds-1982-decom-states-5k2nc-2490103652, networkLocation: /default-rack, certSerialId: null} moved to stale state. Finalizing its pipelines [PipelineID=44d812cf-2b1b-40c3-a950-2f72f00b2453, PipelineID=708e8847-b02b-491d-9eda-89d855178f06]
2019-08-27 10:37:04,598 [EventQueue-StaleNodeForStaleNodeHandler] INFO  pipeline.SCMPipelineManager (SCMPipelineManager.java:finalizeAndDestroyPipeline(309)) - destroying pipeline:Pipeline[ Id: 44d812cf-2b1b-40c3-a950-2f72f00b2453, Nodes: dd62e4ed-a2db-47f7-bf58-78724b5860e3{ip: 192.168.5.140, host: pr-hdds-1982-decom-states-5k2nc-2490103652, networkLocation: /default-rack, certSerialId: null}, Type:RATIS, Factor:ONE, State:OPEN]
2019-08-27 10:37:04,599 [EventQueue-StaleNodeForStaleNodeHandler] INFO  pipeline.PipelineStateManager (PipelineStateManager.java:finalizePipeline(123)) - Pipeline Pipeline[ Id: 44d812cf-2b1b-40c3-a950-2f72f00b2453, Nodes: dd62e4ed-a2db-47f7-bf58-78724b5860e3{ip: 192.168.5.140, host: pr-hdds-1982-decom-states-5k2nc-2490103652, networkLocation: /default-rack, certSerialId: null}, Type:RATIS, Factor:ONE, State:CLOSED] moved to CLOSED state
2019-08-27 10:37:04,599 [EventQueue-StaleNodeForStaleNodeHandler] INFO  pipeline.SCMPipelineManager (SCMPipelineManager.java:finalizeAndDestroyPipeline(309)) - destroying pipeline:Pipeline[ Id: 708e8847-b02b-491d-9eda-89d855178f06, Nodes: dd62e4ed-a2db-47f7-bf58-78724b5860e3{ip: 192.168.5.140, host: pr-hdds-1982-decom-states-5k2nc-2490103652, networkLocation: /default-rack, certSerialId: null}d2464cba-1081-4409-a774-8eb5f579e4eb{ip: 192.168.5.140, host: pr-hdds-1982-decom-states-5k2nc-2490103652, networkLocation: /default-rack, certSerialId: null}459ba28e-6ffc-4a7d-9952-63e257c951d7{ip: 192.168.5.140, host: pr-hdds-1982-decom-states-5k2nc-2490103652, networkLocation: /default-rack, certSerialId: null}, Type:RATIS, Factor:THREE, State:CLOSED]
2019-08-27 10:37:04,985 [main] INFO  ozoneimpl.OzoneContainer (OzoneContainer.java:stop(199)) - Attempting to stop container services.
2019-08-27 10:37:04,986 [main] INFO  impl.RaftServerProxy (RaftServerProxy.java:lambda$close$4(314)) - f7569169-9807-4426-a770-13a930b2e221: close
2019-08-27 10:37:04,986 [main] INFO  impl.RaftServerImpl (RaftServerImpl.java:lambda$shutdown$3(245)) - f7569169-9807-4426-a770-13a930b2e221: shutdown group-CCB2E1829A6B
2019-08-27 10:37:04,986 [main] INFO  util.JmxRegister (JmxRegister.java:unregister(73)) - Successfully un-registered JMX Bean with object name Ratis:service=RaftServer,group=group-CCB2E1829A6B,id=f7569169-9807-4426-a770-13a930b2e221
2019-08-27 10:37:04,987 [main] INFO  impl.RoleInfo (RoleInfo.java:shutdownLeaderState(104)) - f7569169-9807-4426-a770-13a930b2e221: shutdown LeaderState
2019-08-27 10:37:04,987 [main] INFO  impl.PendingRequests (PendingRequests.java:sendNotLeaderResponses(202)) - f7569169-9807-4426-a770-13a930b2e221-PendingRequests: sendNotLeaderResponses
2019-08-27 10:37:04,987 [main] INFO  impl.StateMachineUpdater (StateMachineUpdater.java:stopAndJoin(115)) - StateMachineUpdater:f7569169-9807-4426-a770-13a930b2e221:group-CCB2E1829A6B: set stopIndex = 0
2019-08-27 10:37:04,987 [main] INFO  impl.RaftServerImpl (ServerState.java:close(394)) - f7569169-9807-4426-a770-13a930b2e221:group-CCB2E1829A6B closes. The last applied log index is 0
2019-08-27 10:37:04,988 [f7569169-9807-4426-a770-13a930b2e221-SegmentedRaftLogWorker:Storage Directory /workdir/hadoop-ozone/integration-test/target/test-dir/MiniOzoneClusterImpl-18caebed-eb19-4fa4-8af2-b6a2e1f418d7/datanode-5/data/ratis/8754a8c2-84a8-4fdd-bc9f-ccb2e1829a6b] INFO  segmented.SegmentedRaftLogWorker (SegmentedRaftLogWorker.java:run(313)) - f7569169-9807-4426-a770-13a930b2e221-SegmentedRaftLogWorker:Storage Directory /workdir/hadoop-ozone/integration-test/target/test-dir/MiniOzoneClusterImpl-18caebed-eb19-4fa4-8af2-b6a2e1f418d7/datanode-5/data/ratis/8754a8c2-84a8-4fdd-bc9f-ccb2e1829a6b was interrupted, exiting. There are 0 tasks remaining in the queue.
2019-08-27 10:37:04,994 [main] INFO  segmented.SegmentedRaftLogWorker (SegmentedRaftLogWorker.java:close(228)) - f7569169-9807-4426-a770-13a930b2e221-SegmentedRaftLogWorker:Storage Directory /workdir/hadoop-ozone/integration-test/target/test-dir/MiniOzoneClusterImpl-18caebed-eb19-4fa4-8af2-b6a2e1f418d7/datanode-5/data/ratis/8754a8c2-84a8-4fdd-bc9f-ccb2e1829a6b close()
2019-08-27 10:37:04,996 [main] INFO  impl.RaftServerImpl (RaftServerImpl.java:lambda$shutdown$3(245)) - f7569169-9807-4426-a770-13a930b2e221: shutdown group-14C0F834C893
2019-08-27 10:37:04,996 [main] INFO  util.JmxRegister (JmxRegister.java:unregister(73)) - Successfully un-registered JMX Bean with object name Ratis:service=RaftServer,group=group-14C0F834C893,id=f7569169-9807-4426-a770-13a930b2e221
2019-08-27 10:37:04,996 [main] INFO  impl.RoleInfo (RoleInfo.java:shutdownFollowerState(121)) - f7569169-9807-4426-a770-13a930b2e221: shutdown FollowerState
2019-08-27 10:37:04,996 [main] INFO  impl.StateMachineUpdater (StateMachineUpdater.java:stopAndJoin(115)) - StateMachineUpdater:f7569169-9807-4426-a770-13a930b2e221:group-14C0F834C893: set stopIndex = 18
2019-08-27 10:37:04,996 [Thread-3589] INFO  impl.FollowerState (FollowerState.java:run(114)) - f7569169-9807-4426-a770-13a930b2e221: FollowerState was interrupted: java.lang.InterruptedException: sleep interrupted
2019-08-27 10:37:04,996 [StateMachineUpdater:f7569169-9807-4426-a770-13a930b2e221:group-14C0F834C893] INFO  ratis.ContainerStateMachine (ContainerStateMachine.java:takeSnapshot(283)) - group-14C0F834C893: Taking a snapshot at:(t:1, i:14) file /workdir/hadoop-ozone/integration-test/target/test-dir/MiniOzoneClusterImpl-18caebed-eb19-4fa4-8af2-b6a2e1f418d7/datanode-5/data/ratis/b270dc19-f633-4940-95b4-14c0f834c893/sm/snapshot.1_14
2019-08-27 10:37:05,012 [StateMachineUpdater:f7569169-9807-4426-a770-13a930b2e221:group-14C0F834C893] INFO  ratis.ContainerStateMachine (ContainerStateMachine.java:takeSnapshot(294)) - group-14C0F834C893: Finished taking a snapshot at:(t:1, i:14) file:/workdir/hadoop-ozone/integration-test/target/test-dir/MiniOzoneClusterImpl-18caebed-eb19-4fa4-8af2-b6a2e1f418d7/datanode-5/data/ratis/b270dc19-f633-4940-95b4-14c0f834c893/sm/snapshot.1_14 time:15
2019-08-27 10:37:05,012 [StateMachineUpdater:f7569169-9807-4426-a770-13a930b2e221:group-14C0F834C893] INFO  impl.StateMachineUpdater (StateMachineUpdater.java:takeSnapshot(242)) - StateMachineUpdater:f7569169-9807-4426-a770-13a930b2e221:group-14C0F834C893: Took a snapshot at index 14
2019-08-27 10:37:05,012 [StateMachineUpdater:f7569169-9807-4426-a770-13a930b2e221:group-14C0F834C893] INFO  impl.StateMachineUpdater (StateMachineUpdater.java:lambda$new$0(80)) - StateMachineUpdater:f7569169-9807-4426-a770-13a930b2e221:group-14C0F834C893: snapshotIndex: updateIncreasingly -1 -> 14
2019-08-27 10:37:05,012 [main] INFO  impl.RaftServerImpl (ServerState.java:close(394)) - f7569169-9807-4426-a770-13a930b2e221:group-14C0F834C893 closes. The last applied log index is 18
2019-08-27 10:37:05,013 [f7569169-9807-4426-a770-13a930b2e221-SegmentedRaftLogWorker:Storage Directory /workdir/hadoop-ozone/integration-test/target/test-dir/MiniOzoneClusterImpl-18caebed-eb19-4fa4-8af2-b6a2e1f418d7/datanode-5/data/ratis/b270dc19-f633-4940-95b4-14c0f834c893] INFO  segmented.SegmentedRaftLogWorker (SegmentedRaftLogWorker.java:run(313)) - f7569169-9807-4426-a770-13a930b2e221-SegmentedRaftLogWorker:Storage Directory /workdir/hadoop-ozone/integration-test/target/test-dir/MiniOzoneClusterImpl-18caebed-eb19-4fa4-8af2-b6a2e1f418d7/datanode-5/data/ratis/b270dc19-f633-4940-95b4-14c0f834c893 was interrupted, exiting. There are 0 tasks remaining in the queue.
2019-08-27 10:37:05,013 [main] INFO  segmented.SegmentedRaftLogWorker (SegmentedRaftLogWorker.java:close(228)) - f7569169-9807-4426-a770-13a930b2e221-SegmentedRaftLogWorker:Storage Directory /workdir/hadoop-ozone/integration-test/target/test-dir/MiniOzoneClusterImpl-18caebed-eb19-4fa4-8af2-b6a2e1f418d7/datanode-5/data/ratis/b270dc19-f633-4940-95b4-14c0f834c893 close()
2019-08-27 10:37:05,014 [main] INFO  server.GrpcService (GrpcService.java:closeImpl(155)) - f7569169-9807-4426-a770-13a930b2e221: shutdown server with port 39064 now
2019-08-27 10:37:05,014 [ForkJoinPool.commonPool-worker-0] INFO  ozoneimpl.OzoneContainer (OzoneContainer.java:stop(199)) - Attempting to stop container services.
2019-08-27 10:37:05,015 [main] INFO  server.GrpcService (GrpcService.java:closeImpl(163)) - f7569169-9807-4426-a770-13a930b2e221: shutdown server with port 39064 successfully
2019-08-27 10:37:05,015 [ForkJoinPool.commonPool-worker-0] INFO  impl.RaftServerProxy (RaftServerProxy.java:lambda$close$4(314)) - dd62e4ed-a2db-47f7-bf58-78724b5860e3: close
2019-08-27 10:37:05,015 [ForkJoinPool.commonPool-worker-0] INFO  impl.RaftServerImpl (RaftServerImpl.java:lambda$shutdown$3(245)) - dd62e4ed-a2db-47f7-bf58-78724b5860e3: shutdown group-2F72F00B2453
2019-08-27 10:37:05,016 [ForkJoinPool.commonPool-worker-0] INFO  util.JmxRegister (JmxRegister.java:unregister(73)) - Successfully un-registered JMX Bean with object name Ratis:service=RaftServer,group=group-2F72F00B2453,id=dd62e4ed-a2db-47f7-bf58-78724b5860e3
2019-08-27 10:37:05,016 [ForkJoinPool.commonPool-worker-0] INFO  impl.RoleInfo (RoleInfo.java:shutdownLeaderState(104)) - dd62e4ed-a2db-47f7-bf58-78724b5860e3: shutdown LeaderState
2019-08-27 10:37:05,016 [main] INFO  utils.BackgroundService (BackgroundService.java:shutdown(148)) - Shutting down service BlockDeletingService
2019-08-27 10:37:05,016 [ForkJoinPool.commonPool-worker-0] INFO  impl.PendingRequests (PendingRequests.java:sendNotLeaderResponses(202)) - dd62e4ed-a2db-47f7-bf58-78724b5860e3-PendingRequests: sendNotLeaderResponses
2019-08-27 10:37:05,017 [ForkJoinPool.commonPool-worker-0] INFO  impl.StateMachineUpdater (StateMachineUpdater.java:stopAndJoin(115)) - StateMachineUpdater:dd62e4ed-a2db-47f7-bf58-78724b5860e3:group-2F72F00B2453: set stopIndex = 0
2019-08-27 10:37:05,018 [refreshUsed-/workdir/hadoop-ozone/integration-test/target/test-dir/MiniOzoneClusterImpl-18caebed-eb19-4fa4-8af2-b6a2e1f418d7/datanode-5/data/containers] WARN  fs.CachingGetSpaceUsed (CachingGetSpaceUsed.java:run(183)) - Thread Interrupted waiting to refresh disk information: sleep interrupted
2019-08-27 10:37:05,018 [ForkJoinPool.commonPool-worker-0] INFO  impl.RaftServerImpl (ServerState.java:close(394)) - dd62e4ed-a2db-47f7-bf58-78724b5860e3:group-2F72F00B2453 closes. The last applied log index is 0
2019-08-27 10:37:05,019 [dd62e4ed-a2db-47f7-bf58-78724b5860e3-SegmentedRaftLogWorker:Storage Directory /workdir/hadoop-ozone/integration-test/target/test-dir/MiniOzoneClusterImpl-18caebed-eb19-4fa4-8af2-b6a2e1f418d7/datanode-0/data/ratis/44d812cf-2b1b-40c3-a950-2f72f00b2453] INFO  segmented.SegmentedRaftLogWorker (SegmentedRaftLogWorker.java:run(313)) - dd62e4ed-a2db-47f7-bf58-78724b5860e3-SegmentedRaftLogWorker:Storage Directory /workdir/hadoop-ozone/integration-test/target/test-dir/MiniOzoneClusterImpl-18caebed-eb19-4fa4-8af2-b6a2e1f418d7/datanode-0/data/ratis/44d812cf-2b1b-40c3-a950-2f72f00b2453 was interrupted, exiting. There are 0 tasks remaining in the queue.
2019-08-27 10:37:05,020 [ForkJoinPool.commonPool-worker-0] INFO  segmented.SegmentedRaftLogWorker (SegmentedRaftLogWorker.java:close(228)) - dd62e4ed-a2db-47f7-bf58-78724b5860e3-SegmentedRaftLogWorker:Storage Directory /workdir/hadoop-ozone/integration-test/target/test-dir/MiniOzoneClusterImpl-18caebed-eb19-4fa4-8af2-b6a2e1f418d7/datanode-0/data/ratis/44d812cf-2b1b-40c3-a950-2f72f00b2453 close()
2019-08-27 10:37:05,021 [ForkJoinPool.commonPool-worker-0] INFO  impl.RaftServerImpl (RaftServerImpl.java:lambda$shutdown$3(245)) - dd62e4ed-a2db-47f7-bf58-78724b5860e3: shutdown group-89D855178F06
2019-08-27 10:37:05,021 [ForkJoinPool.commonPool-worker-0] INFO  util.JmxRegister (JmxRegister.java:unregister(73)) - Successfully un-registered JMX Bean with object name Ratis:service=RaftServer,group=group-89D855178F06,id=dd62e4ed-a2db-47f7-bf58-78724b5860e3
2019-08-27 10:37:05,022 [ForkJoinPool.commonPool-worker-0] INFO  impl.RoleInfo (RoleInfo.java:shutdownFollowerState(121)) - dd62e4ed-a2db-47f7-bf58-78724b5860e3: shutdown FollowerState
2019-08-27 10:37:05,022 [ForkJoinPool.commonPool-worker-0] INFO  impl.StateMachineUpdater (StateMachineUpdater.java:stopAndJoin(115)) - StateMachineUpdater:dd62e4ed-a2db-47f7-bf58-78724b5860e3:group-89D855178F06: set stopIndex = 16
2019-08-27 10:37:05,022 [Thread-3353] INFO  impl.FollowerState (FollowerState.java:run(114)) - dd62e4ed-a2db-47f7-bf58-78724b5860e3: FollowerState was interrupted: java.lang.InterruptedException: sleep interrupted
2019-08-27 10:37:05,022 [StateMachineUpdater:dd62e4ed-a2db-47f7-bf58-78724b5860e3:group-89D855178F06] INFO  ratis.ContainerStateMachine (ContainerStateMachine.java:takeSnapshot(283)) - group-89D855178F06: Taking a snapshot at:(t:1, i:14) file /workdir/hadoop-ozone/integration-test/target/test-dir/MiniOzoneClusterImpl-18caebed-eb19-4fa4-8af2-b6a2e1f418d7/datanode-0/data/ratis/708e8847-b02b-491d-9eda-89d855178f06/sm/snapshot.1_14
2019-08-27 10:37:05,036 [StateMachineUpdater:dd62e4ed-a2db-47f7-bf58-78724b5860e3:group-89D855178F06] INFO  ratis.ContainerStateMachine (ContainerStateMachine.java:takeSnapshot(294)) - group-89D855178F06: Finished taking a snapshot at:(t:1, i:14) file:/workdir/hadoop-ozone/integration-test/target/test-dir/MiniOzoneClusterImpl-18caebed-eb19-4fa4-8af2-b6a2e1f418d7/datanode-0/data/ratis/708e8847-b02b-491d-9eda-89d855178f06/sm/snapshot.1_14 time:14
2019-08-27 10:37:05,036 [StateMachineUpdater:dd62e4ed-a2db-47f7-bf58-78724b5860e3:group-89D855178F06] INFO  impl.StateMachineUpdater (StateMachineUpdater.java:takeSnapshot(242)) - StateMachineUpdater:dd62e4ed-a2db-47f7-bf58-78724b5860e3:group-89D855178F06: Took a snapshot at index 14
2019-08-27 10:37:05,036 [StateMachineUpdater:dd62e4ed-a2db-47f7-bf58-78724b5860e3:group-89D855178F06] INFO  impl.StateMachineUpdater (StateMachineUpdater.java:lambda$new$0(80)) - StateMachineUpdater:dd62e4ed-a2db-47f7-bf58-78724b5860e3:group-89D855178F06: snapshotIndex: updateIncreasingly -1 -> 14
2019-08-27 10:37:05,037 [ForkJoinPool.commonPool-worker-0] INFO  impl.RaftServerImpl (ServerState.java:close(394)) - dd62e4ed-a2db-47f7-bf58-78724b5860e3:group-89D855178F06 closes. The last applied log index is 16
2019-08-27 10:37:05,037 [dd62e4ed-a2db-47f7-bf58-78724b5860e3-SegmentedRaftLogWorker:Storage Directory /workdir/hadoop-ozone/integration-test/target/test-dir/MiniOzoneClusterImpl-18caebed-eb19-4fa4-8af2-b6a2e1f418d7/datanode-0/data/ratis/708e8847-b02b-491d-9eda-89d855178f06] INFO  segmented.SegmentedRaftLogWorker (SegmentedRaftLogWorker.java:run(313)) - dd62e4ed-a2db-47f7-bf58-78724b5860e3-SegmentedRaftLogWorker:Storage Directory /workdir/hadoop-ozone/integration-test/target/test-dir/MiniOzoneClusterImpl-18caebed-eb19-4fa4-8af2-b6a2e1f418d7/datanode-0/data/ratis/708e8847-b02b-491d-9eda-89d855178f06 was interrupted, exiting. There are 0 tasks remaining in the queue.
2019-08-27 10:37:05,039 [ForkJoinPool.commonPool-worker-0] INFO  segmented.SegmentedRaftLogWorker (SegmentedRaftLogWorker.java:close(228)) - dd62e4ed-a2db-47f7-bf58-78724b5860e3-SegmentedRaftLogWorker:Storage Directory /workdir/hadoop-ozone/integration-test/target/test-dir/MiniOzoneClusterImpl-18caebed-eb19-4fa4-8af2-b6a2e1f418d7/datanode-0/data/ratis/708e8847-b02b-491d-9eda-89d855178f06 close()
2019-08-27 10:37:05,041 [main] INFO  statemachine.DatanodeStateMachine (DatanodeStateMachine.java:stopDaemon(395)) - Ozone container server stopped.
2019-08-27 10:37:05,042 [ForkJoinPool.commonPool-worker-0] INFO  server.GrpcService (GrpcService.java:closeImpl(155)) - dd62e4ed-a2db-47f7-bf58-78724b5860e3: shutdown server with port 37268 now
2019-08-27 10:37:05,042 [ForkJoinPool.commonPool-worker-0] INFO  server.GrpcService (GrpcService.java:closeImpl(163)) - dd62e4ed-a2db-47f7-bf58-78724b5860e3: shutdown server with port 37268 successfully
2019-08-27 10:37:05,043 [main] INFO  handler.ContextHandler (ContextHandler.java:doStop(910)) - Stopped o.e.j.w.WebAppContext@353ac1ef{/,null,UNAVAILABLE}{/hddsDatanode}
2019-08-27 10:37:05,043 [ForkJoinPool.commonPool-worker-0] INFO  utils.BackgroundService (BackgroundService.java:shutdown(148)) - Shutting down service BlockDeletingService
2019-08-27 10:37:05,044 [main] INFO  server.AbstractConnector (AbstractConnector.java:doStop(318)) - Stopped ServerConnector@72c8de78{HTTP/1.1,[http/1.1]}{0.0.0.0:0}
2019-08-27 10:37:05,044 [main] INFO  handler.ContextHandler (ContextHandler.java:doStop(910)) - Stopped o.e.j.s.ServletContextHandler@13c79e0d{/static,jar:file:/home/user/.m2/repository/org/apache/hadoop/hadoop-hdds-container-service/0.5.0-SNAPSHOT/hadoop-hdds-container-service-0.5.0-SNAPSHOT.jar!/webapps/static,UNAVAILABLE}
2019-08-27 10:37:05,045 [refreshUsed-/workdir/hadoop-ozone/integration-test/target/test-dir/MiniOzoneClusterImpl-18caebed-eb19-4fa4-8af2-b6a2e1f418d7/datanode-0/data/containers] WARN  fs.CachingGetSpaceUsed (CachingGetSpaceUsed.java:run(183)) - Thread Interrupted waiting to refresh disk information: sleep interrupted
2019-08-27 10:37:05,045 [main] INFO  handler.ContextHandler (ContextHandler.java:doStop(910)) - Stopped o.e.j.s.ServletContextHandler@4ab1ff80{/logs,file:///workdir/hadoop-ozone/integration-test/target/log,UNAVAILABLE}
2019-08-27 10:37:05,060 [ForkJoinPool.commonPool-worker-0] INFO  statemachine.DatanodeStateMachine (DatanodeStateMachine.java:stopDaemon(395)) - Ozone container server stopped.
2019-08-27 10:37:05,062 [ForkJoinPool.commonPool-worker-0] INFO  handler.ContextHandler (ContextHandler.java:doStop(910)) - Stopped o.e.j.w.WebAppContext@6345dc06{/,null,UNAVAILABLE}{/hddsDatanode}
2019-08-27 10:37:05,063 [ForkJoinPool.commonPool-worker-0] INFO  server.AbstractConnector (AbstractConnector.java:doStop(318)) - Stopped ServerConnector@628d6320{HTTP/1.1,[http/1.1]}{0.0.0.0:0}
2019-08-27 10:37:05,063 [ForkJoinPool.commonPool-worker-0] INFO  handler.ContextHandler (ContextHandler.java:doStop(910)) - Stopped o.e.j.s.ServletContextHandler@365fde74{/static,jar:file:/home/user/.m2/repository/org/apache/hadoop/hadoop-hdds-container-service/0.5.0-SNAPSHOT/hadoop-hdds-container-service-0.5.0-SNAPSHOT.jar!/webapps/static,UNAVAILABLE}
2019-08-27 10:37:05,064 [ForkJoinPool.commonPool-worker-0] INFO  handler.ContextHandler (ContextHandler.java:doStop(910)) - Stopped o.e.j.s.ServletContextHandler@3582077c{/logs,file:///workdir/hadoop-ozone/integration-test/target/log,UNAVAILABLE}
2019-08-27 10:37:05,065 [main] INFO  ozone.MiniOzoneClusterImpl (MiniOzoneClusterImpl.java:stop(353)) - Stopping the StorageContainerManager
2019-08-27 10:37:05,065 [main] INFO  server.StorageContainerManager (StorageContainerManager.java:stop(797)) - Stopping Replication Manager Service.
2019-08-27 10:37:05,065 [main] INFO  container.ReplicationManager (ReplicationManager.java:stop(193)) - Stopping Replication Monitor Thread.
2019-08-27 10:37:05,066 [main] INFO  server.StorageContainerManager (StorageContainerManager.java:stop(804)) - Stopping Lease Manager of the command watchers
2019-08-27 10:37:05,066 [main] INFO  server.StorageContainerManager (StorageContainerManager.java:stop(811)) - Stopping datanode service RPC server
2019-08-27 10:37:05,066 [main] INFO  server.SCMDatanodeProtocolServer (SCMDatanodeProtocolServer.java:stop(367)) - Stopping the RPC server for DataNodes
2019-08-27 10:37:05,066 [main] INFO  ipc.Server (Server.java:stop(3082)) - Stopping server on 35477
2019-08-27 10:37:05,068 [IPC Server listener on 35477] INFO  ipc.Server (Server.java:run(1185)) - Stopping IPC Server listener on 35477
2019-08-27 10:37:05,068 [IPC Server Responder] INFO  ipc.Server (Server.java:run(1319)) - Stopping IPC Server Responder
2019-08-27 10:37:05,099 [SCM Heartbeat Processing Thread - 0] WARN  node.NodeStateManager (NodeStateManager.java:scheduleNextHealthCheck(603)) - Current Thread is interrupted, shutting down HB processing thread for Node Manager.
2019-08-27 10:37:05,099 [main] INFO  server.StorageContainerManager (StorageContainerManager.java:stop(819)) - Stopping block service RPC server
2019-08-27 10:37:05,099 [main] INFO  server.SCMBlockProtocolServer (SCMBlockProtocolServer.java:stop(148)) - Stopping the RPC server for Block Protocol
2019-08-27 10:37:05,100 [main] INFO  ipc.Server (Server.java:stop(3082)) - Stopping server on 39574
2019-08-27 10:37:05,101 [IPC Server listener on 39574] INFO  ipc.Server (Server.java:run(1185)) - Stopping IPC Server listener on 39574
2019-08-27 10:37:05,101 [main] INFO  server.StorageContainerManager (StorageContainerManager.java:stop(826)) - Stopping the StorageContainerLocationProtocol RPC server
2019-08-27 10:37:05,103 [IPC Server Responder] INFO  ipc.Server (Server.java:run(1319)) - Stopping IPC Server Responder
2019-08-27 10:37:05,103 [main] INFO  server.SCMClientProtocolServer (SCMClientProtocolServer.java:stop(159)) - Stopping the RPC server for Client Protocol
2019-08-27 10:37:05,103 [main] INFO  ipc.Server (Server.java:stop(3082)) - Stopping server on 43655
2019-08-27 10:37:05,106 [IPC Server listener on 43655] INFO  ipc.Server (Server.java:run(1185)) - Stopping IPC Server listener on 43655
2019-08-27 10:37:05,106 [main] INFO  server.StorageContainerManager (StorageContainerManager.java:stop(833)) - Stopping Storage Container Manager HTTP server.
2019-08-27 10:37:05,106 [IPC Server Responder] INFO  ipc.Server (Server.java:run(1319)) - Stopping IPC Server Responder
2019-08-27 10:37:05,108 [main] INFO  handler.ContextHandler (ContextHandler.java:doStop(910)) - Stopped o.e.j.w.WebAppContext@2aadeb31{/,null,UNAVAILABLE}{/scm}
2019-08-27 10:37:05,109 [main] INFO  server.AbstractConnector (AbstractConnector.java:doStop(318)) - Stopped ServerConnector@704ddfad{HTTP/1.1,[http/1.1]}{0.0.0.0:0}
2019-08-27 10:37:05,109 [main] INFO  handler.ContextHandler (ContextHandler.java:doStop(910)) - Stopped o.e.j.s.ServletContextHandler@44f6ac4f{/static,file:///workdir/hadoop-ozone/integration-test/target/test-classes/webapps/static,UNAVAILABLE}
2019-08-27 10:37:05,109 [main] INFO  handler.ContextHandler (ContextHandler.java:doStop(910)) - Stopped o.e.j.s.ServletContextHandler@d640fe6{/logs,file:///workdir/hadoop-ozone/integration-test/target/log,UNAVAILABLE}
2019-08-27 10:37:05,110 [main] INFO  server.StorageContainerManager (StorageContainerManager.java:stop(844)) - Stopping Block Manager Service.
2019-08-27 10:37:05,111 [main] INFO  utils.BackgroundService (BackgroundService.java:shutdown(148)) - Shutting down service SCMBlockDeletingService
2019-08-27 10:37:05,111 [main] INFO  utils.BackgroundService (BackgroundService.java:shutdown(148)) - Shutting down service SCMBlockDeletingService
2019-08-27 10:37:05,112 [main] INFO  server.StorageContainerManager (StorageContainerManager.java:stop(866)) - Stopping SCM Event Queue.
2019-08-27 10:37:05,116 [main] INFO  impl.MetricsSystemImpl (MetricsSystemImpl.java:stop(210)) - Stopping HddsDatanode metrics system...
2019-08-27 10:37:05,127 [main] INFO  impl.MetricsSystemImpl (MetricsSystemImpl.java:stop(216)) - HddsDatanode metrics system stopped.
]]></system-out>
    <system-err><![CDATA[Aug 27, 2019 10:36:23 AM com.sun.jersey.server.impl.application.WebApplicationImpl _initiate
INFO: Initiating Jersey application, version 'Jersey: 1.19 02/11/2015 03:25 AM'
Aug 27, 2019 10:36:23 AM com.sun.jersey.server.impl.application.WebApplicationImpl _initiate
INFO: Initiating Jersey application, version 'Jersey: 1.19 02/11/2015 03:25 AM'
Aug 27, 2019 10:36:23 AM com.sun.jersey.server.impl.application.WebApplicationImpl _initiate
INFO: Initiating Jersey application, version 'Jersey: 1.19 02/11/2015 03:25 AM'
Aug 27, 2019 10:36:23 AM com.sun.jersey.server.impl.application.WebApplicationImpl _initiate
INFO: Initiating Jersey application, version 'Jersey: 1.19 02/11/2015 03:25 AM'
Aug 27, 2019 10:36:24 AM com.sun.jersey.server.impl.application.WebApplicationImpl _initiate
INFO: Initiating Jersey application, version 'Jersey: 1.19 02/11/2015 03:25 AM'
Aug 27, 2019 10:36:24 AM com.sun.jersey.server.impl.application.WebApplicationImpl _initiate
INFO: Initiating Jersey application, version 'Jersey: 1.19 02/11/2015 03:25 AM'
Aug 27, 2019 10:36:24 AM com.sun.jersey.server.impl.application.WebApplicationImpl _initiate
INFO: Initiating Jersey application, version 'Jersey: 1.19 02/11/2015 03:25 AM'
Aug 27, 2019 10:36:27 AM org.apache.ratis.thirdparty.io.grpc.internal.ManagedChannelOrphanWrapper$ManagedChannelReference cleanQueue
SEVERE: *~*~*~ Channel ManagedChannelImpl{logId=2627, target=192.168.5.140:44672} was not shutdown properly!!! ~*~*~*
    Make sure to call shutdown()/shutdownNow() and wait until awaitTermination() returns true.
java.lang.RuntimeException: ManagedChannel allocation site
	at org.apache.ratis.thirdparty.io.grpc.internal.ManagedChannelOrphanWrapper$ManagedChannelReference.<init>(ManagedChannelOrphanWrapper.java:103)
	at org.apache.ratis.thirdparty.io.grpc.internal.ManagedChannelOrphanWrapper.<init>(ManagedChannelOrphanWrapper.java:53)
	at org.apache.ratis.thirdparty.io.grpc.internal.ManagedChannelOrphanWrapper.<init>(ManagedChannelOrphanWrapper.java:44)
	at org.apache.ratis.thirdparty.io.grpc.internal.AbstractManagedChannelImplBuilder.build(AbstractManagedChannelImplBuilder.java:411)
	at org.apache.ratis.grpc.client.GrpcClientProtocolClient.<init>(GrpcClientProtocolClient.java:119)
	at org.apache.ratis.grpc.client.GrpcClientRpc.lambda$new$0(GrpcClientRpc.java:55)
	at org.apache.ratis.util.PeerProxyMap$PeerAndProxy.lambda$getProxy$0(PeerProxyMap.java:61)
	at org.apache.ratis.util.LifeCycle.startAndTransition(LifeCycle.java:202)
	at org.apache.ratis.util.PeerProxyMap$PeerAndProxy.getProxy(PeerProxyMap.java:60)
	at org.apache.ratis.util.PeerProxyMap.getProxy(PeerProxyMap.java:107)
	at org.apache.ratis.grpc.client.GrpcClientRpc.sendRequestAsync(GrpcClientRpc.java:66)
	at org.apache.ratis.client.impl.OrderedAsync.sendRequest(OrderedAsync.java:208)
	at org.apache.ratis.client.impl.OrderedAsync.sendRequestWithRetry(OrderedAsync.java:169)
	at org.apache.ratis.util.SlidingWindow$Client.sendOrDelayRequest(SlidingWindow.java:278)
	at org.apache.ratis.util.SlidingWindow$Client.submitNewRequest(SlidingWindow.java:257)
	at org.apache.ratis.client.impl.OrderedAsync.send(OrderedAsync.java:155)
	at org.apache.ratis.client.impl.RaftClientImpl.sendAsync(RaftClientImpl.java:145)
	at org.apache.ratis.client.impl.RaftClientImpl.sendAsync(RaftClientImpl.java:125)
	at org.apache.hadoop.hdds.scm.XceiverClientRatis.sendRequestAsync(XceiverClientRatis.java:224)
	at org.apache.hadoop.hdds.scm.XceiverClientRatis.sendCommandAsync(XceiverClientRatis.java:302)
	at org.apache.hadoop.hdds.scm.storage.ContainerProtocolCalls.writeChunkAsync(ContainerProtocolCalls.java:310)
	at org.apache.hadoop.hdds.scm.storage.BlockOutputStream.writeChunkToContainer(BlockOutputStream.java:601)
	at org.apache.hadoop.hdds.scm.storage.BlockOutputStream.writeChunk(BlockOutputStream.java:459)
	at org.apache.hadoop.hdds.scm.storage.BlockOutputStream.writeOnRetry(BlockOutputStream.java:285)
	at org.apache.hadoop.ozone.client.io.BlockOutputStreamEntry.writeOnRetry(BlockOutputStreamEntry.java:200)
	at org.apache.hadoop.ozone.client.io.KeyOutputStream.handleWrite(KeyOutputStream.java:209)
	at org.apache.hadoop.ozone.client.io.KeyOutputStream.handleRetry(KeyOutputStream.java:376)
	at org.apache.hadoop.ozone.client.io.KeyOutputStream.handleException(KeyOutputStream.java:325)
	at org.apache.hadoop.ozone.client.io.KeyOutputStream.handleFlushOrClose(KeyOutputStream.java:448)
	at org.apache.hadoop.ozone.client.io.KeyOutputStream.handleWrite(KeyOutputStream.java:235)
	at org.apache.hadoop.ozone.client.io.KeyOutputStream.write(KeyOutputStream.java:193)
	at org.apache.hadoop.ozone.client.io.OzoneOutputStream.write(OzoneOutputStream.java:49)
	at java.io.OutputStream.write(OutputStream.java:75)
	at org.apache.hadoop.ozone.client.rpc.TestBlockOutputStreamWithFailures.testWatchForCommitWithSingleNodeRatis(TestBlockOutputStreamWithFailures.java:885)
	at sun.reflect.NativeMethodAccessorImpl.invoke0(Native Method)
	at sun.reflect.NativeMethodAccessorImpl.invoke(NativeMethodAccessorImpl.java:62)
	at sun.reflect.DelegatingMethodAccessorImpl.invoke(DelegatingMethodAccessorImpl.java:43)
	at java.lang.reflect.Method.invoke(Method.java:498)
	at org.junit.runners.model.FrameworkMethod$1.runReflectiveCall(FrameworkMethod.java:47)
	at org.junit.internal.runners.model.ReflectiveCallable.run(ReflectiveCallable.java:12)
	at org.junit.runners.model.FrameworkMethod.invokeExplosively(FrameworkMethod.java:44)
	at org.junit.internal.runners.statements.InvokeMethod.evaluate(InvokeMethod.java:17)
	at org.junit.internal.runners.statements.RunBefores.evaluate(RunBefores.java:26)
	at org.junit.internal.runners.statements.RunAfters.evaluate(RunAfters.java:27)
	at org.junit.runners.ParentRunner.runLeaf(ParentRunner.java:271)
	at org.junit.runners.BlockJUnit4ClassRunner.runChild(BlockJUnit4ClassRunner.java:70)
	at org.junit.runners.BlockJUnit4ClassRunner.runChild(BlockJUnit4ClassRunner.java:50)
	at org.junit.runners.ParentRunner$3.run(ParentRunner.java:238)
	at org.junit.runners.ParentRunner$1.schedule(ParentRunner.java:63)
	at org.junit.runners.ParentRunner.runChildren(ParentRunner.java:236)
	at org.junit.runners.ParentRunner.access$000(ParentRunner.java:53)
	at org.junit.runners.ParentRunner$2.evaluate(ParentRunner.java:229)
	at org.junit.runners.ParentRunner.run(ParentRunner.java:309)
	at org.apache.maven.surefire.junit4.JUnit4Provider.execute(JUnit4Provider.java:365)
	at org.apache.maven.surefire.junit4.JUnit4Provider.executeWithRerun(JUnit4Provider.java:273)
	at org.apache.maven.surefire.junit4.JUnit4Provider.executeTestSet(JUnit4Provider.java:238)
	at org.apache.maven.surefire.junit4.JUnit4Provider.invoke(JUnit4Provider.java:159)
	at org.apache.maven.surefire.booter.ForkedBooter.invokeProviderInSameClassLoader(ForkedBooter.java:384)
	at org.apache.maven.surefire.booter.ForkedBooter.runSuitesInProcess(ForkedBooter.java:345)
	at org.apache.maven.surefire.booter.ForkedBooter.execute(ForkedBooter.java:126)
	at org.apache.maven.surefire.booter.ForkedBooter.main(ForkedBooter.java:418)

Aug 27, 2019 10:36:27 AM org.apache.ratis.thirdparty.io.grpc.internal.ManagedChannelOrphanWrapper$ManagedChannelReference cleanQueue
SEVERE: *~*~*~ Channel ManagedChannelImpl{logId=2622, target=192.168.5.140:42587} was not shutdown properly!!! ~*~*~*
    Make sure to call shutdown()/shutdownNow() and wait until awaitTermination() returns true.
java.lang.RuntimeException: ManagedChannel allocation site
	at org.apache.ratis.thirdparty.io.grpc.internal.ManagedChannelOrphanWrapper$ManagedChannelReference.<init>(ManagedChannelOrphanWrapper.java:103)
	at org.apache.ratis.thirdparty.io.grpc.internal.ManagedChannelOrphanWrapper.<init>(ManagedChannelOrphanWrapper.java:53)
	at org.apache.ratis.thirdparty.io.grpc.internal.ManagedChannelOrphanWrapper.<init>(ManagedChannelOrphanWrapper.java:44)
	at org.apache.ratis.thirdparty.io.grpc.internal.AbstractManagedChannelImplBuilder.build(AbstractManagedChannelImplBuilder.java:411)
	at org.apache.ratis.grpc.client.GrpcClientProtocolClient.<init>(GrpcClientProtocolClient.java:119)
	at org.apache.ratis.grpc.client.GrpcClientRpc.lambda$new$0(GrpcClientRpc.java:55)
	at org.apache.ratis.util.PeerProxyMap$PeerAndProxy.lambda$getProxy$0(PeerProxyMap.java:61)
	at org.apache.ratis.util.LifeCycle.startAndTransition(LifeCycle.java:202)
	at org.apache.ratis.util.PeerProxyMap$PeerAndProxy.getProxy(PeerProxyMap.java:60)
	at org.apache.ratis.util.PeerProxyMap.getProxy(PeerProxyMap.java:107)
	at org.apache.ratis.grpc.client.GrpcClientRpc.sendRequestAsync(GrpcClientRpc.java:66)
	at org.apache.ratis.client.impl.OrderedAsync.sendRequest(OrderedAsync.java:208)
	at org.apache.ratis.client.impl.OrderedAsync.sendRequestWithRetry(OrderedAsync.java:169)
	at org.apache.ratis.util.SlidingWindow$Client.sendOrDelayRequest(SlidingWindow.java:278)
	at org.apache.ratis.util.SlidingWindow$Client.retry(SlidingWindow.java:294)
	at org.apache.ratis.client.impl.OrderedAsync.lambda$scheduleWithTimeout$7(OrderedAsync.java:195)
	at org.apache.ratis.util.TimeoutScheduler.lambda$onTimeout$0(TimeoutScheduler.java:85)
	at org.apache.ratis.util.TimeoutScheduler.lambda$onTimeout$1(TimeoutScheduler.java:104)
	at org.apache.ratis.util.LogUtils.runAndLog(LogUtils.java:50)
	at org.apache.ratis.util.LogUtils$1.run(LogUtils.java:91)
	at java.util.concurrent.Executors$RunnableAdapter.call(Executors.java:511)
	at java.util.concurrent.FutureTask.run(FutureTask.java:266)
	at java.util.concurrent.ScheduledThreadPoolExecutor$ScheduledFutureTask.access$201(ScheduledThreadPoolExecutor.java:180)
	at java.util.concurrent.ScheduledThreadPoolExecutor$ScheduledFutureTask.run(ScheduledThreadPoolExecutor.java:293)
	at java.util.concurrent.ThreadPoolExecutor.runWorker(ThreadPoolExecutor.java:1149)
	at java.util.concurrent.ThreadPoolExecutor$Worker.run(ThreadPoolExecutor.java:624)
	at java.lang.Thread.run(Thread.java:748)

Aug 27, 2019 10:36:27 AM org.apache.ratis.thirdparty.io.grpc.internal.ManagedChannelOrphanWrapper$ManagedChannelReference cleanQueue
SEVERE: *~*~*~ Channel ManagedChannelImpl{logId=2637, target=192.168.5.140:39823} was not shutdown properly!!! ~*~*~*
    Make sure to call shutdown()/shutdownNow() and wait until awaitTermination() returns true.
java.lang.RuntimeException: ManagedChannel allocation site
	at org.apache.ratis.thirdparty.io.grpc.internal.ManagedChannelOrphanWrapper$ManagedChannelReference.<init>(ManagedChannelOrphanWrapper.java:103)
	at org.apache.ratis.thirdparty.io.grpc.internal.ManagedChannelOrphanWrapper.<init>(ManagedChannelOrphanWrapper.java:53)
	at org.apache.ratis.thirdparty.io.grpc.internal.ManagedChannelOrphanWrapper.<init>(ManagedChannelOrphanWrapper.java:44)
	at org.apache.ratis.thirdparty.io.grpc.internal.AbstractManagedChannelImplBuilder.build(AbstractManagedChannelImplBuilder.java:411)
	at org.apache.hadoop.hdds.scm.XceiverClientGrpc.connectToDatanode(XceiverClientGrpc.java:174)
	at org.apache.hadoop.hdds.scm.XceiverClientGrpc.reconnect(XceiverClientGrpc.java:422)
	at org.apache.hadoop.hdds.scm.XceiverClientGrpc.sendCommandAsync(XceiverClientGrpc.java:371)
	at org.apache.hadoop.hdds.scm.XceiverClientGrpc.sendCommandWithRetry(XceiverClientGrpc.java:284)
	at org.apache.hadoop.hdds.scm.XceiverClientGrpc.sendCommandWithTraceIDAndRetry(XceiverClientGrpc.java:250)
	at org.apache.hadoop.hdds.scm.XceiverClientGrpc.sendCommand(XceiverClientGrpc.java:233)
	at org.apache.hadoop.hdds.scm.storage.ContainerProtocolCalls.getBlock(ContainerProtocolCalls.java:118)
	at org.apache.hadoop.hdds.scm.storage.BlockInputStream.getChunkInfos(BlockInputStream.java:167)
	at org.apache.hadoop.hdds.scm.storage.BlockInputStream.initialize(BlockInputStream.java:118)
	at org.apache.hadoop.hdds.scm.storage.BlockInputStream.read(BlockInputStream.java:222)
	at org.apache.hadoop.ozone.client.io.KeyInputStream.read(KeyInputStream.java:171)
	at org.apache.hadoop.ozone.client.io.OzoneInputStream.read(OzoneInputStream.java:47)
	at java.io.InputStream.read(InputStream.java:101)
	at org.apache.hadoop.ozone.container.ContainerTestHelper.validateData(ContainerTestHelper.java:713)
	at org.apache.hadoop.ozone.client.rpc.TestBlockOutputStreamWithFailures.validateData(TestBlockOutputStreamWithFailures.java:1216)
	at org.apache.hadoop.ozone.client.rpc.TestBlockOutputStreamWithFailures.testWatchForCommitWithSingleNodeRatis(TestBlockOutputStreamWithFailures.java:918)
	at sun.reflect.NativeMethodAccessorImpl.invoke0(Native Method)
	at sun.reflect.NativeMethodAccessorImpl.invoke(NativeMethodAccessorImpl.java:62)
	at sun.reflect.DelegatingMethodAccessorImpl.invoke(DelegatingMethodAccessorImpl.java:43)
	at java.lang.reflect.Method.invoke(Method.java:498)
	at org.junit.runners.model.FrameworkMethod$1.runReflectiveCall(FrameworkMethod.java:47)
	at org.junit.internal.runners.model.ReflectiveCallable.run(ReflectiveCallable.java:12)
	at org.junit.runners.model.FrameworkMethod.invokeExplosively(FrameworkMethod.java:44)
	at org.junit.internal.runners.statements.InvokeMethod.evaluate(InvokeMethod.java:17)
	at org.junit.internal.runners.statements.RunBefores.evaluate(RunBefores.java:26)
	at org.junit.internal.runners.statements.RunAfters.evaluate(RunAfters.java:27)
	at org.junit.runners.ParentRunner.runLeaf(ParentRunner.java:271)
	at org.junit.runners.BlockJUnit4ClassRunner.runChild(BlockJUnit4ClassRunner.java:70)
	at org.junit.runners.BlockJUnit4ClassRunner.runChild(BlockJUnit4ClassRunner.java:50)
	at org.junit.runners.ParentRunner$3.run(ParentRunner.java:238)
	at org.junit.runners.ParentRunner$1.schedule(ParentRunner.java:63)
	at org.junit.runners.ParentRunner.runChildren(ParentRunner.java:236)
	at org.junit.runners.ParentRunner.access$000(ParentRunner.java:53)
	at org.junit.runners.ParentRunner$2.evaluate(ParentRunner.java:229)
	at org.junit.runners.ParentRunner.run(ParentRunner.java:309)
	at org.apache.maven.surefire.junit4.JUnit4Provider.execute(JUnit4Provider.java:365)
	at org.apache.maven.surefire.junit4.JUnit4Provider.executeWithRerun(JUnit4Provider.java:273)
	at org.apache.maven.surefire.junit4.JUnit4Provider.executeTestSet(JUnit4Provider.java:238)
	at org.apache.maven.surefire.junit4.JUnit4Provider.invoke(JUnit4Provider.java:159)
	at org.apache.maven.surefire.booter.ForkedBooter.invokeProviderInSameClassLoader(ForkedBooter.java:384)
	at org.apache.maven.surefire.booter.ForkedBooter.runSuitesInProcess(ForkedBooter.java:345)
	at org.apache.maven.surefire.booter.ForkedBooter.execute(ForkedBooter.java:126)
	at org.apache.maven.surefire.booter.ForkedBooter.main(ForkedBooter.java:418)

Aug 27, 2019 10:36:27 AM org.apache.ratis.thirdparty.io.grpc.internal.ManagedChannelOrphanWrapper$ManagedChannelReference cleanQueue
SEVERE: *~*~*~ Channel ManagedChannelImpl{logId=2632, target=192.168.5.140:39716} was not shutdown properly!!! ~*~*~*
    Make sure to call shutdown()/shutdownNow() and wait until awaitTermination() returns true.
java.lang.RuntimeException: ManagedChannel allocation site
	at org.apache.ratis.thirdparty.io.grpc.internal.ManagedChannelOrphanWrapper$ManagedChannelReference.<init>(ManagedChannelOrphanWrapper.java:103)
	at org.apache.ratis.thirdparty.io.grpc.internal.ManagedChannelOrphanWrapper.<init>(ManagedChannelOrphanWrapper.java:53)
	at org.apache.ratis.thirdparty.io.grpc.internal.ManagedChannelOrphanWrapper.<init>(ManagedChannelOrphanWrapper.java:44)
	at org.apache.ratis.thirdparty.io.grpc.internal.AbstractManagedChannelImplBuilder.build(AbstractManagedChannelImplBuilder.java:411)
	at org.apache.hadoop.hdds.scm.XceiverClientGrpc.connectToDatanode(XceiverClientGrpc.java:174)
	at org.apache.hadoop.hdds.scm.XceiverClientGrpc.reconnect(XceiverClientGrpc.java:422)
	at org.apache.hadoop.hdds.scm.XceiverClientGrpc.sendCommandAsync(XceiverClientGrpc.java:371)
	at org.apache.hadoop.hdds.scm.XceiverClientGrpc.sendCommandWithRetry(XceiverClientGrpc.java:284)
	at org.apache.hadoop.hdds.scm.XceiverClientGrpc.sendCommandWithTraceIDAndRetry(XceiverClientGrpc.java:250)
	at org.apache.hadoop.hdds.scm.XceiverClientGrpc.sendCommand(XceiverClientGrpc.java:233)
	at org.apache.hadoop.hdds.scm.storage.ContainerProtocolCalls.getBlock(ContainerProtocolCalls.java:118)
	at org.apache.hadoop.hdds.scm.storage.BlockInputStream.getChunkInfos(BlockInputStream.java:167)
	at org.apache.hadoop.hdds.scm.storage.BlockInputStream.initialize(BlockInputStream.java:118)
	at org.apache.hadoop.hdds.scm.storage.BlockInputStream.read(BlockInputStream.java:222)
	at org.apache.hadoop.ozone.client.io.KeyInputStream.read(KeyInputStream.java:171)
	at org.apache.hadoop.ozone.client.io.OzoneInputStream.read(OzoneInputStream.java:47)
	at java.io.InputStream.read(InputStream.java:101)
	at org.apache.hadoop.ozone.container.ContainerTestHelper.validateData(ContainerTestHelper.java:713)
	at org.apache.hadoop.ozone.client.rpc.TestBlockOutputStreamWithFailures.validateData(TestBlockOutputStreamWithFailures.java:1216)
	at org.apache.hadoop.ozone.client.rpc.TestBlockOutputStreamWithFailures.testWatchForCommitWithSingleNodeRatis(TestBlockOutputStreamWithFailures.java:918)
	at sun.reflect.NativeMethodAccessorImpl.invoke0(Native Method)
	at sun.reflect.NativeMethodAccessorImpl.invoke(NativeMethodAccessorImpl.java:62)
	at sun.reflect.DelegatingMethodAccessorImpl.invoke(DelegatingMethodAccessorImpl.java:43)
	at java.lang.reflect.Method.invoke(Method.java:498)
	at org.junit.runners.model.FrameworkMethod$1.runReflectiveCall(FrameworkMethod.java:47)
	at org.junit.internal.runners.model.ReflectiveCallable.run(ReflectiveCallable.java:12)
	at org.junit.runners.model.FrameworkMethod.invokeExplosively(FrameworkMethod.java:44)
	at org.junit.internal.runners.statements.InvokeMethod.evaluate(InvokeMethod.java:17)
	at org.junit.internal.runners.statements.RunBefores.evaluate(RunBefores.java:26)
	at org.junit.internal.runners.statements.RunAfters.evaluate(RunAfters.java:27)
	at org.junit.runners.ParentRunner.runLeaf(ParentRunner.java:271)
	at org.junit.runners.BlockJUnit4ClassRunner.runChild(BlockJUnit4ClassRunner.java:70)
	at org.junit.runners.BlockJUnit4ClassRunner.runChild(BlockJUnit4ClassRunner.java:50)
	at org.junit.runners.ParentRunner$3.run(ParentRunner.java:238)
	at org.junit.runners.ParentRunner$1.schedule(ParentRunner.java:63)
	at org.junit.runners.ParentRunner.runChildren(ParentRunner.java:236)
	at org.junit.runners.ParentRunner.access$000(ParentRunner.java:53)
	at org.junit.runners.ParentRunner$2.evaluate(ParentRunner.java:229)
	at org.junit.runners.ParentRunner.run(ParentRunner.java:309)
	at org.apache.maven.surefire.junit4.JUnit4Provider.execute(JUnit4Provider.java:365)
	at org.apache.maven.surefire.junit4.JUnit4Provider.executeWithRerun(JUnit4Provider.java:273)
	at org.apache.maven.surefire.junit4.JUnit4Provider.executeTestSet(JUnit4Provider.java:238)
	at org.apache.maven.surefire.junit4.JUnit4Provider.invoke(JUnit4Provider.java:159)
	at org.apache.maven.surefire.booter.ForkedBooter.invokeProviderInSameClassLoader(ForkedBooter.java:384)
	at org.apache.maven.surefire.booter.ForkedBooter.runSuitesInProcess(ForkedBooter.java:345)
	at org.apache.maven.surefire.booter.ForkedBooter.execute(ForkedBooter.java:126)
	at org.apache.maven.surefire.booter.ForkedBooter.main(ForkedBooter.java:418)

]]></system-err>
  </testcase>
  <testcase name="testFailureWithPrimeSizedData" classname="org.apache.hadoop.ozone.client.rpc.TestBlockOutputStreamWithFailures" time="37.242"/>
  <testcase name="testWatchForCommitWithCloseContainerException" classname="org.apache.hadoop.ozone.client.rpc.TestBlockOutputStreamWithFailures" time="39.993"/>
  <testcase name="testExceptionDuringClose" classname="org.apache.hadoop.ozone.client.rpc.TestBlockOutputStreamWithFailures" time="34.678">
    <failure message="expected:&lt;92&gt; but was:&lt;94&gt;" type="java.lang.AssertionError"><![CDATA[java.lang.AssertionError: expected:<92> but was:<94>
	at org.junit.Assert.fail(Assert.java:88)
	at org.junit.Assert.failNotEquals(Assert.java:743)
	at org.junit.Assert.assertEquals(Assert.java:118)
	at org.junit.Assert.assertEquals(Assert.java:555)
	at org.junit.Assert.assertEquals(Assert.java:542)
	at org.apache.hadoop.ozone.client.rpc.TestBlockOutputStreamWithFailures.testExceptionDuringClose(TestBlockOutputStreamWithFailures.java:726)
	at sun.reflect.NativeMethodAccessorImpl.invoke0(Native Method)
	at sun.reflect.NativeMethodAccessorImpl.invoke(NativeMethodAccessorImpl.java:62)
	at sun.reflect.DelegatingMethodAccessorImpl.invoke(DelegatingMethodAccessorImpl.java:43)
	at java.lang.reflect.Method.invoke(Method.java:498)
	at org.junit.runners.model.FrameworkMethod$1.runReflectiveCall(FrameworkMethod.java:47)
	at org.junit.internal.runners.model.ReflectiveCallable.run(ReflectiveCallable.java:12)
	at org.junit.runners.model.FrameworkMethod.invokeExplosively(FrameworkMethod.java:44)
	at org.junit.internal.runners.statements.InvokeMethod.evaluate(InvokeMethod.java:17)
	at org.junit.internal.runners.statements.RunBefores.evaluate(RunBefores.java:26)
	at org.junit.internal.runners.statements.RunAfters.evaluate(RunAfters.java:27)
	at org.junit.runners.ParentRunner.runLeaf(ParentRunner.java:271)
	at org.junit.runners.BlockJUnit4ClassRunner.runChild(BlockJUnit4ClassRunner.java:70)
	at org.junit.runners.BlockJUnit4ClassRunner.runChild(BlockJUnit4ClassRunner.java:50)
	at org.junit.runners.ParentRunner$3.run(ParentRunner.java:238)
	at org.junit.runners.ParentRunner$1.schedule(ParentRunner.java:63)
	at org.junit.runners.ParentRunner.runChildren(ParentRunner.java:236)
	at org.junit.runners.ParentRunner.access$000(ParentRunner.java:53)
	at org.junit.runners.ParentRunner$2.evaluate(ParentRunner.java:229)
	at org.junit.runners.ParentRunner.run(ParentRunner.java:309)
	at org.apache.maven.surefire.junit4.JUnit4Provider.execute(JUnit4Provider.java:365)
	at org.apache.maven.surefire.junit4.JUnit4Provider.executeWithRerun(JUnit4Provider.java:273)
	at org.apache.maven.surefire.junit4.JUnit4Provider.executeTestSet(JUnit4Provider.java:238)
	at org.apache.maven.surefire.junit4.JUnit4Provider.invoke(JUnit4Provider.java:159)
	at org.apache.maven.surefire.booter.ForkedBooter.invokeProviderInSameClassLoader(ForkedBooter.java:384)
	at org.apache.maven.surefire.booter.ForkedBooter.runSuitesInProcess(ForkedBooter.java:345)
	at org.apache.maven.surefire.booter.ForkedBooter.execute(ForkedBooter.java:126)
	at org.apache.maven.surefire.booter.ForkedBooter.main(ForkedBooter.java:418)
]]></failure>
    <system-out><![CDATA[2019-08-27 10:38:22,426 [main] WARN  server.ServerUtils (ServerUtils.java:getScmDbDir(145)) - ozone.scm.db.dirs is not configured. We recommend adding this setting. Falling back to ozone.metadata.dirs instead.
2019-08-27 10:38:22,455 [main] WARN  server.ServerUtils (ServerUtils.java:getScmDbDir(145)) - ozone.scm.db.dirs is not configured. We recommend adding this setting. Falling back to ozone.metadata.dirs instead.
2019-08-27 10:38:22,456 [main] WARN  server.ServerUtils (ServerUtils.java:getScmDbDir(145)) - ozone.scm.db.dirs is not configured. We recommend adding this setting. Falling back to ozone.metadata.dirs instead.
2019-08-27 10:38:22,456 [main] INFO  db.DBStoreBuilder (DBStoreBuilder.java:addTable(110)) - using custom profile for table: deletedBlocks
2019-08-27 10:38:22,457 [main] INFO  db.DBStoreBuilder (DBStoreBuilder.java:processTables(161)) - Using default column profile:DBProfile.DISK for Table:deletedBlocks
2019-08-27 10:38:22,457 [main] INFO  db.DBStoreBuilder (DBStoreBuilder.java:addTable(110)) - using custom profile for table: validCerts
2019-08-27 10:38:22,457 [main] INFO  db.DBStoreBuilder (DBStoreBuilder.java:processTables(161)) - Using default column profile:DBProfile.DISK for Table:validCerts
2019-08-27 10:38:22,457 [main] INFO  db.DBStoreBuilder (DBStoreBuilder.java:addTable(110)) - using custom profile for table: revokedCerts
2019-08-27 10:38:22,458 [main] INFO  db.DBStoreBuilder (DBStoreBuilder.java:processTables(161)) - Using default column profile:DBProfile.DISK for Table:revokedCerts
2019-08-27 10:38:22,458 [main] INFO  db.DBStoreBuilder (DBStoreBuilder.java:addTable(110)) - using custom profile for table: default
2019-08-27 10:38:22,458 [main] INFO  db.DBStoreBuilder (DBStoreBuilder.java:processTables(167)) - Using default column profile:DBProfile.DISK for Table:default
2019-08-27 10:38:22,458 [main] INFO  db.DBStoreBuilder (DBStoreBuilder.java:getDbProfile(198)) - Using default options. DBProfile.DISK
2019-08-27 10:38:22,611 [main] INFO  net.NodeSchemaLoader (NodeSchemaLoader.java:loadSchemaFromFile(125)) - Loading file from sun.misc.CompoundEnumeration@210e7a5
2019-08-27 10:38:22,611 [main] INFO  net.NodeSchemaLoader (NodeSchemaLoader.java:loadSchema(171)) - Loading network topology layer schema file
2019-08-27 10:38:22,616 [main] INFO  node.SCMNodeManager (SCMNodeManager.java:<init>(121)) - Entering startup safe mode.
2019-08-27 10:38:22,617 [main] INFO  algorithms.ContainerPlacementPolicyFactory (ContainerPlacementPolicyFactory.java:getPolicy(55)) - Create container placement policy of type org.apache.hadoop.hdds.scm.container.placement.algorithms.SCMContainerPlacementRandom
2019-08-27 10:38:22,617 [main] WARN  server.ServerUtils (ServerUtils.java:getScmDbDir(145)) - ozone.scm.db.dirs is not configured. We recommend adding this setting. Falling back to ozone.metadata.dirs instead.
2019-08-27 10:38:22,666 [main] INFO  pipeline.SCMPipelineManager (SCMPipelineManager.java:initializePipelineState(126)) - No pipeline exists in current db
2019-08-27 10:38:22,666 [main] WARN  server.ServerUtils (ServerUtils.java:getScmDbDir(145)) - ozone.scm.db.dirs is not configured. We recommend adding this setting. Falling back to ozone.metadata.dirs instead.
2019-08-27 10:38:22,718 [main] WARN  events.EventQueue (EventQueue.java:fireEvent(175)) - No event handler registered for event TypedEvent{payloadType=SafeModeStatus, name='SafeModeStatus'}
2019-08-27 10:38:22,718 [main] INFO  ipc.CallQueueManager (CallQueueManager.java:<init>(84)) - Using callQueue: class java.util.concurrent.LinkedBlockingQueue, queueCapacity: 2000, scheduler: class org.apache.hadoop.ipc.DefaultRpcScheduler, ipcBackoff: false.
2019-08-27 10:38:22,720 [Socket Reader #1 for port 41411] INFO  ipc.Server (Server.java:run(1074)) - Starting Socket Reader #1 for port 41411
2019-08-27 10:38:22,721 [main] INFO  ipc.CallQueueManager (CallQueueManager.java:<init>(84)) - Using callQueue: class java.util.concurrent.LinkedBlockingQueue, queueCapacity: 2000, scheduler: class org.apache.hadoop.ipc.DefaultRpcScheduler, ipcBackoff: false.
2019-08-27 10:38:22,722 [Socket Reader #1 for port 46529] INFO  ipc.Server (Server.java:run(1074)) - Starting Socket Reader #1 for port 46529
2019-08-27 10:38:22,725 [main] INFO  ipc.CallQueueManager (CallQueueManager.java:<init>(84)) - Using callQueue: class java.util.concurrent.LinkedBlockingQueue, queueCapacity: 2000, scheduler: class org.apache.hadoop.ipc.DefaultRpcScheduler, ipcBackoff: false.
2019-08-27 10:38:22,726 [Socket Reader #1 for port 42578] INFO  ipc.Server (Server.java:run(1074)) - Starting Socket Reader #1 for port 42578
2019-08-27 10:38:22,728 [main] INFO  hdfs.DFSUtil (DFSUtil.java:httpServerTemplateForNNAndJN(1641)) - Starting Web-server for scm at: http://0.0.0.0:0
2019-08-27 10:38:22,730 [main] INFO  server.AuthenticationFilter (AuthenticationFilter.java:constructSecretProvider(240)) - Unable to initialize FileSignerSecretProvider, falling back to use random secrets.
2019-08-27 10:38:22,731 [main] WARN  http.HttpRequestLog (HttpRequestLog.java:getRequestLog(97)) - Jetty request log can only be enabled using Log4j
2019-08-27 10:38:22,733 [main] INFO  http.HttpServer2 (HttpServer2.java:addGlobalFilter(975)) - Added global filter 'safety' (class=org.apache.hadoop.http.HttpServer2$QuotingInputFilter)
2019-08-27 10:38:22,734 [main] INFO  http.HttpServer2 (HttpServer2.java:addFilter(948)) - Added filter static_user_filter (class=org.apache.hadoop.http.lib.StaticUserWebFilter$StaticUserFilter) to context scm
2019-08-27 10:38:22,734 [main] INFO  http.HttpServer2 (HttpServer2.java:addFilter(958)) - Added filter static_user_filter (class=org.apache.hadoop.http.lib.StaticUserWebFilter$StaticUserFilter) to context static
2019-08-27 10:38:22,734 [main] INFO  http.HttpServer2 (HttpServer2.java:addFilter(958)) - Added filter static_user_filter (class=org.apache.hadoop.http.lib.StaticUserWebFilter$StaticUserFilter) to context logs
2019-08-27 10:38:22,736 [main] INFO  server.StorageContainerManager (StorageContainerManager.java:start(759)) - StorageContainerLocationProtocol RPC server is listening at /0.0.0.0:42578
2019-08-27 10:38:22,739 [main] WARN  impl.MetricsConfig (MetricsConfig.java:loadFirst(134)) - Cannot locate configuration: tried hadoop-metrics2-storagecontainermanager.properties,hadoop-metrics2.properties
2019-08-27 10:38:22,740 [main] INFO  impl.MetricsSystemImpl (MetricsSystemImpl.java:startTimer(374)) - Scheduled Metric snapshot period at 10 second(s).
2019-08-27 10:38:22,740 [main] INFO  impl.MetricsSystemImpl (MetricsSystemImpl.java:start(191)) - StorageContainerManager metrics system started
2019-08-27 10:38:22,872 [main] INFO  server.SCMClientProtocolServer (SCMClientProtocolServer.java:start(151)) - RPC server for Client  is listening at /0.0.0.0:42578
2019-08-27 10:38:22,872 [IPC Server Responder] INFO  ipc.Server (Server.java:run(1314)) - IPC Server Responder: starting
2019-08-27 10:38:22,873 [IPC Server listener on 42578] INFO  ipc.Server (Server.java:run(1153)) - IPC Server listener on 42578: starting
2019-08-27 10:38:22,876 [main] INFO  server.StorageContainerManager (StorageContainerManager.java:start(769)) - ScmBlockLocationProtocol RPC server is listening at /0.0.0.0:46529
2019-08-27 10:38:22,876 [main] INFO  server.SCMBlockProtocolServer (SCMBlockProtocolServer.java:start(140)) - RPC server for Block Protocol is listening at /0.0.0.0:46529
2019-08-27 10:38:22,877 [IPC Server listener on 46529] INFO  ipc.Server (Server.java:run(1153)) - IPC Server listener on 46529: starting
2019-08-27 10:38:22,877 [IPC Server Responder] INFO  ipc.Server (Server.java:run(1314)) - IPC Server Responder: starting
2019-08-27 10:38:22,882 [main] INFO  server.StorageContainerManager (StorageContainerManager.java:start(773)) - ScmDatanodeProtocl RPC server is listening at /0.0.0.0:41411
2019-08-27 10:38:22,882 [main] INFO  server.SCMDatanodeProtocolServer (SCMDatanodeProtocolServer.java:start(191)) - RPC server for DataNodes is listening at /0.0.0.0:41411
2019-08-27 10:38:22,882 [IPC Server Responder] INFO  ipc.Server (Server.java:run(1314)) - IPC Server Responder: starting
2019-08-27 10:38:22,883 [IPC Server listener on 41411] INFO  ipc.Server (Server.java:run(1153)) - IPC Server listener on 41411: starting
2019-08-27 10:38:22,886 [main] INFO  http.HttpServer2 (HttpServer2.java:bindListener(1191)) - Jetty bound to port 42763
2019-08-27 10:38:22,886 [main] INFO  server.Server (Server.java:doStart(351)) - jetty-9.3.24.v20180605, build timestamp: 2018-06-05T17:11:56Z, git hash: 84205aa28f11a4f31f2a3b86d1bba2cc8ab69827
2019-08-27 10:38:22,887 [main] INFO  handler.ContextHandler (ContextHandler.java:doStart(781)) - Started o.e.j.s.ServletContextHandler@77f3bb3f{/logs,file:///workdir/hadoop-ozone/integration-test/target/log,AVAILABLE}
2019-08-27 10:38:22,888 [main] INFO  handler.ContextHandler (ContextHandler.java:doStart(781)) - Started o.e.j.s.ServletContextHandler@e646b14{/static,file:///workdir/hadoop-ozone/integration-test/target/test-classes/webapps/static,AVAILABLE}
2019-08-27 10:38:22,892 [main] INFO  handler.ContextHandler (ContextHandler.java:doStart(781)) - Started o.e.j.w.WebAppContext@5e9af5d4{/,file:///workdir/hadoop-ozone/integration-test/target/test-classes/webapps/scm/,AVAILABLE}{/scm}
2019-08-27 10:38:22,892 [main] INFO  server.AbstractConnector (AbstractConnector.java:doStart(278)) - Started ServerConnector@6fd2b939{HTTP/1.1,[http/1.1]}{0.0.0.0:42763}
2019-08-27 10:38:22,895 [main] INFO  server.Server (Server.java:doStart(419)) - Started @651961ms
2019-08-27 10:38:22,896 [main] INFO  server.BaseHttpServer (BaseHttpServer.java:updateConnectorAddress(213)) - HTTP server of SCM is listening at http://0.0.0.0:42763
2019-08-27 10:38:22,897 [main] WARN  server.ServerUtils (ServerUtils.java:getDBPath(222)) - ozone.om.db.dirs is not configured. We recommend adding this setting. Falling back to ozone.metadata.dirs instead.
2019-08-27 10:38:22,899 [org.apache.hadoop.util.JvmPauseMonitor$Monitor@1199ac5] INFO  util.JvmPauseMonitor (JvmPauseMonitor.java:run(188)) - Starting JVM pause monitor
2019-08-27 10:38:22,913 [main] WARN  server.ServerUtils (ServerUtils.java:getDBPath(222)) - ozone.om.db.dirs is not configured. We recommend adding this setting. Falling back to ozone.metadata.dirs instead.
2019-08-27 10:38:22,913 [main] WARN  server.ServerUtils (ServerUtils.java:getDBPath(222)) - ozone.om.db.dirs is not configured. We recommend adding this setting. Falling back to ozone.metadata.dirs instead.
2019-08-27 10:38:22,913 [main] INFO  om.OzoneManager (OzoneManager.java:setOMNodeDetails(645)) - OM Service ID is not set. Setting it to the default ID: omServiceIdDefault
2019-08-27 10:38:22,914 [main] INFO  om.OzoneManager (OzoneManager.java:setOMNodeDetails(651)) - OM Node ID is not set. Setting it to the OmStorage's OmID: 1d033973-b84e-4e35-b37f-e7e0d88253b6
2019-08-27 10:38:22,914 [main] INFO  om.OzoneManager (OzoneManager.java:loadOMHAConfigs(602)) - Found matching OM address with OMServiceId: null, OMNodeId: null, RPC Address: localhost:0 and Ratis port: 9872
2019-08-27 10:38:22,924 | INFO  | SCMAudit | user=jenkins1000 | ip=192.168.5.140 | op=GET_SCM_INFO null | ret=SUCCESS |  
2019-08-27 10:38:22,927 [main] WARN  server.ServerUtils (ServerUtils.java:getDBPath(222)) - ozone.om.db.dirs is not configured. We recommend adding this setting. Falling back to ozone.metadata.dirs instead.
2019-08-27 10:38:22,928 [main] INFO  db.DBStoreBuilder (DBStoreBuilder.java:addTable(110)) - using custom profile for table: userTable
2019-08-27 10:38:22,928 [main] INFO  db.DBStoreBuilder (DBStoreBuilder.java:processTables(161)) - Using default column profile:DBProfile.DISK for Table:userTable
2019-08-27 10:38:22,928 [main] INFO  db.DBStoreBuilder (DBStoreBuilder.java:addTable(110)) - using custom profile for table: volumeTable
2019-08-27 10:38:22,929 [main] INFO  db.DBStoreBuilder (DBStoreBuilder.java:processTables(161)) - Using default column profile:DBProfile.DISK for Table:volumeTable
2019-08-27 10:38:22,929 [main] INFO  db.DBStoreBuilder (DBStoreBuilder.java:addTable(110)) - using custom profile for table: bucketTable
2019-08-27 10:38:22,929 [main] INFO  db.DBStoreBuilder (DBStoreBuilder.java:processTables(161)) - Using default column profile:DBProfile.DISK for Table:bucketTable
2019-08-27 10:38:22,929 [main] INFO  db.DBStoreBuilder (DBStoreBuilder.java:addTable(110)) - using custom profile for table: keyTable
2019-08-27 10:38:22,929 [main] INFO  db.DBStoreBuilder (DBStoreBuilder.java:processTables(161)) - Using default column profile:DBProfile.DISK for Table:keyTable
2019-08-27 10:38:22,930 [main] INFO  db.DBStoreBuilder (DBStoreBuilder.java:addTable(110)) - using custom profile for table: deletedTable
2019-08-27 10:38:22,930 [main] INFO  db.DBStoreBuilder (DBStoreBuilder.java:processTables(161)) - Using default column profile:DBProfile.DISK for Table:deletedTable
2019-08-27 10:38:22,930 [main] INFO  db.DBStoreBuilder (DBStoreBuilder.java:addTable(110)) - using custom profile for table: openKeyTable
2019-08-27 10:38:22,930 [main] INFO  db.DBStoreBuilder (DBStoreBuilder.java:processTables(161)) - Using default column profile:DBProfile.DISK for Table:openKeyTable
2019-08-27 10:38:22,931 [main] INFO  db.DBStoreBuilder (DBStoreBuilder.java:addTable(110)) - using custom profile for table: s3Table
2019-08-27 10:38:22,931 [main] INFO  db.DBStoreBuilder (DBStoreBuilder.java:processTables(161)) - Using default column profile:DBProfile.DISK for Table:s3Table
2019-08-27 10:38:22,931 [main] INFO  db.DBStoreBuilder (DBStoreBuilder.java:addTable(110)) - using custom profile for table: multipartInfoTable
2019-08-27 10:38:22,931 [main] INFO  db.DBStoreBuilder (DBStoreBuilder.java:processTables(161)) - Using default column profile:DBProfile.DISK for Table:multipartInfoTable
2019-08-27 10:38:22,932 [main] INFO  db.DBStoreBuilder (DBStoreBuilder.java:addTable(110)) - using custom profile for table: dTokenTable
2019-08-27 10:38:22,932 [main] INFO  db.DBStoreBuilder (DBStoreBuilder.java:processTables(161)) - Using default column profile:DBProfile.DISK for Table:dTokenTable
2019-08-27 10:38:22,932 [main] INFO  db.DBStoreBuilder (DBStoreBuilder.java:addTable(110)) - using custom profile for table: s3SecretTable
2019-08-27 10:38:22,932 [main] INFO  db.DBStoreBuilder (DBStoreBuilder.java:processTables(161)) - Using default column profile:DBProfile.DISK for Table:s3SecretTable
2019-08-27 10:38:22,932 [main] INFO  db.DBStoreBuilder (DBStoreBuilder.java:addTable(110)) - using custom profile for table: prefixTable
2019-08-27 10:38:22,933 [main] INFO  db.DBStoreBuilder (DBStoreBuilder.java:processTables(161)) - Using default column profile:DBProfile.DISK for Table:prefixTable
2019-08-27 10:38:22,933 [main] INFO  db.DBStoreBuilder (DBStoreBuilder.java:addTable(110)) - using custom profile for table: default
2019-08-27 10:38:22,933 [main] INFO  db.DBStoreBuilder (DBStoreBuilder.java:processTables(167)) - Using default column profile:DBProfile.DISK for Table:default
2019-08-27 10:38:22,933 [main] INFO  db.DBStoreBuilder (DBStoreBuilder.java:getDbProfile(198)) - Using default options. DBProfile.DISK
2019-08-27 10:38:23,438 [main] INFO  ipc.CallQueueManager (CallQueueManager.java:<init>(84)) - Using callQueue: class java.util.concurrent.LinkedBlockingQueue, queueCapacity: 2000, scheduler: class org.apache.hadoop.ipc.DefaultRpcScheduler, ipcBackoff: false.
2019-08-27 10:38:23,440 [Socket Reader #1 for port 33929] INFO  ipc.Server (Server.java:run(1074)) - Starting Socket Reader #1 for port 33929
2019-08-27 10:38:23,457 [main] INFO  om.OzoneManager (OzoneManager.java:start(1256)) - OzoneManager RPC server is listening at localhost/127.0.0.1:33929
2019-08-27 10:38:23,458 [main] INFO  impl.MetricsSystemImpl (MetricsSystemImpl.java:init(158)) - OzoneManager metrics system started (again)
2019-08-27 10:38:23,459 [IPC Server listener on 33929] INFO  ipc.Server (Server.java:run(1153)) - IPC Server listener on 33929: starting
2019-08-27 10:38:23,459 [IPC Server Responder] INFO  ipc.Server (Server.java:run(1314)) - IPC Server Responder: starting
2019-08-27 10:38:23,465 [main] INFO  hdfs.DFSUtil (DFSUtil.java:httpServerTemplateForNNAndJN(1641)) - Starting Web-server for ozoneManager at: http://0.0.0.0:0
2019-08-27 10:38:23,466 [main] INFO  server.AuthenticationFilter (AuthenticationFilter.java:constructSecretProvider(240)) - Unable to initialize FileSignerSecretProvider, falling back to use random secrets.
2019-08-27 10:38:23,467 [main] WARN  http.HttpRequestLog (HttpRequestLog.java:getRequestLog(97)) - Jetty request log can only be enabled using Log4j
2019-08-27 10:38:23,469 [main] INFO  http.HttpServer2 (HttpServer2.java:addGlobalFilter(975)) - Added global filter 'safety' (class=org.apache.hadoop.http.HttpServer2$QuotingInputFilter)
2019-08-27 10:38:23,470 [main] INFO  http.HttpServer2 (HttpServer2.java:addFilter(948)) - Added filter static_user_filter (class=org.apache.hadoop.http.lib.StaticUserWebFilter$StaticUserFilter) to context ozoneManager
2019-08-27 10:38:23,471 [main] INFO  http.HttpServer2 (HttpServer2.java:addFilter(958)) - Added filter static_user_filter (class=org.apache.hadoop.http.lib.StaticUserWebFilter$StaticUserFilter) to context logs
2019-08-27 10:38:23,471 [main] INFO  http.HttpServer2 (HttpServer2.java:addFilter(958)) - Added filter static_user_filter (class=org.apache.hadoop.http.lib.StaticUserWebFilter$StaticUserFilter) to context static
2019-08-27 10:38:23,472 [main] INFO  http.HttpServer2 (HttpServer2.java:bindListener(1191)) - Jetty bound to port 33124
2019-08-27 10:38:23,472 [main] INFO  server.Server (Server.java:doStart(351)) - jetty-9.3.24.v20180605, build timestamp: 2018-06-05T17:11:56Z, git hash: 84205aa28f11a4f31f2a3b86d1bba2cc8ab69827
2019-08-27 10:38:23,475 [main] INFO  handler.ContextHandler (ContextHandler.java:doStart(781)) - Started o.e.j.s.ServletContextHandler@2f4847d9{/logs,file:///workdir/hadoop-ozone/integration-test/target/log,AVAILABLE}
2019-08-27 10:38:23,475 [main] INFO  handler.ContextHandler (ContextHandler.java:doStart(781)) - Started o.e.j.s.ServletContextHandler@26838837{/static,file:///workdir/hadoop-ozone/integration-test/target/test-classes/webapps/static,AVAILABLE}
2019-08-27 10:38:23,481 [main] INFO  handler.ContextHandler (ContextHandler.java:doStart(781)) - Started o.e.j.w.WebAppContext@268467ab{/,file:///workdir/hadoop-ozone/integration-test/target/test-classes/webapps/ozoneManager/,AVAILABLE}{/ozoneManager}
2019-08-27 10:38:23,481 [main] INFO  server.AbstractConnector (AbstractConnector.java:doStart(278)) - Started ServerConnector@30aeb2b3{HTTP/1.1,[http/1.1]}{0.0.0.0:33124}
2019-08-27 10:38:23,483 [main] INFO  server.Server (Server.java:doStart(419)) - Started @652548ms
2019-08-27 10:38:23,484 [main] INFO  server.BaseHttpServer (BaseHttpServer.java:updateConnectorAddress(213)) - HTTP server of OZONEMANAGER is listening at http://0.0.0.0:33124
2019-08-27 10:38:23,502 [main] INFO  impl.MetricsSystemImpl (MetricsSystemImpl.java:init(158)) - HddsDatanode metrics system started (again)
2019-08-27 10:38:23,505 [main] INFO  ozone.HddsDatanodeService (HddsDatanodeService.java:start(184)) - HddsDatanodeService host:pr-hdds-1982-decom-states-5k2nc-2490103652 ip:192.168.5.140
2019-08-27 10:38:23,520 [main] INFO  volume.HddsVolume (HddsVolume.java:<init>(176)) - Creating Volume: /workdir/hadoop-ozone/integration-test/target/test-dir/MiniOzoneClusterImpl-c15ae153-fb36-4826-a287-e4cef41ee116/datanode-0/data/containers/hdds of  storage type : DISK and capacity : 1482555576320
2019-08-27 10:38:23,521 [main] INFO  volume.VolumeSet (VolumeSet.java:initializeVolumeSet(170)) - Added Volume : /workdir/hadoop-ozone/integration-test/target/test-dir/MiniOzoneClusterImpl-c15ae153-fb36-4826-a287-e4cef41ee116/datanode-0/data/containers/hdds to VolumeSet
2019-08-27 10:38:23,521 [main] INFO  volume.ThrottledAsyncChecker (ThrottledAsyncChecker.java:schedule(140)) - Scheduling a check for org.apache.hadoop.ozone.container.common.volume.HddsVolume@7ece1800
2019-08-27 10:38:23,522 [main] INFO  volume.HddsVolumeChecker (HddsVolumeChecker.java:checkAllVolumes(203)) - Scheduled health check for volume org.apache.hadoop.ozone.container.common.volume.HddsVolume@7ece1800
2019-08-27 10:38:23,542 [main] INFO  impl.RaftServerProxy (ConfUtils.java:logGet(43)) - raft.rpc.type = GRPC (default)
2019-08-27 10:38:23,543 [main] INFO  grpc.GrpcFactory (GrpcFactory.java:checkPooledByteBufAllocatorUseCacheForAllThreads(45)) - PERFORMANCE WARNING: useCacheForAllThreads is true that may cause Netty to create a lot garbage objects and, as a result, trigger GC.
	It is recommended to disable useCacheForAllThreads by setting -Dorg.apache.ratis.thirdparty.io.netty.allocator.useCacheForAllThreads=false in command line.
2019-08-27 10:38:23,543 [main] INFO  grpc.GrpcConfigKeys$Server (ConfUtils.java:logGet(43)) - raft.grpc.server.port = 0 (default)
2019-08-27 10:38:23,543 [main] INFO  server.GrpcService (ConfUtils.java:logGet(43)) - raft.grpc.message.size.max = 33570816 (custom)
2019-08-27 10:38:23,544 [main] INFO  server.RaftServerConfigKeys (ConfUtils.java:logGet(43)) - raft.server.log.appender.buffer.byte-limit = 33554432 (custom)
2019-08-27 10:38:23,544 [main] INFO  server.GrpcService (ConfUtils.java:logGet(43)) - raft.grpc.flow.control.window = 1MB (=1048576) (default)
2019-08-27 10:38:23,544 [main] INFO  server.RaftServerConfigKeys (ConfUtils.java:logGet(43)) - raft.server.rpc.request.timeout = 3000ms (default)
2019-08-27 10:38:23,545 [main] INFO  server.RaftServerConfigKeys (ConfUtils.java:logGet(43)) - raft.server.storage.dir = [/workdir/hadoop-ozone/integration-test/target/test-dir/MiniOzoneClusterImpl-c15ae153-fb36-4826-a287-e4cef41ee116/datanode-0/data/ratis] (custom)
2019-08-27 10:38:23,546 [main] INFO  replication.SimpleContainerDownloader (SimpleContainerDownloader.java:<init>(72)) - Starting container downloader service to copy containers to replicate.
2019-08-27 10:38:23,547 [main] INFO  hdfs.DFSUtil (DFSUtil.java:httpServerTemplateForNNAndJN(1641)) - Starting Web-server for hddsDatanode at: http://0.0.0.0:0
2019-08-27 10:38:23,548 [main] INFO  server.AuthenticationFilter (AuthenticationFilter.java:constructSecretProvider(240)) - Unable to initialize FileSignerSecretProvider, falling back to use random secrets.
2019-08-27 10:38:23,549 [main] WARN  http.HttpRequestLog (HttpRequestLog.java:getRequestLog(97)) - Jetty request log can only be enabled using Log4j
2019-08-27 10:38:23,551 [main] INFO  http.HttpServer2 (HttpServer2.java:addGlobalFilter(975)) - Added global filter 'safety' (class=org.apache.hadoop.http.HttpServer2$QuotingInputFilter)
2019-08-27 10:38:23,552 [main] INFO  http.HttpServer2 (HttpServer2.java:addFilter(948)) - Added filter static_user_filter (class=org.apache.hadoop.http.lib.StaticUserWebFilter$StaticUserFilter) to context hddsDatanode
2019-08-27 10:38:23,552 [main] INFO  http.HttpServer2 (HttpServer2.java:addFilter(958)) - Added filter static_user_filter (class=org.apache.hadoop.http.lib.StaticUserWebFilter$StaticUserFilter) to context static
2019-08-27 10:38:23,552 [main] INFO  http.HttpServer2 (HttpServer2.java:addFilter(958)) - Added filter static_user_filter (class=org.apache.hadoop.http.lib.StaticUserWebFilter$StaticUserFilter) to context logs
2019-08-27 10:38:23,553 [main] INFO  http.HttpServer2 (HttpServer2.java:bindListener(1191)) - Jetty bound to port 41900
2019-08-27 10:38:23,554 [main] INFO  server.Server (Server.java:doStart(351)) - jetty-9.3.24.v20180605, build timestamp: 2018-06-05T17:11:56Z, git hash: 84205aa28f11a4f31f2a3b86d1bba2cc8ab69827
2019-08-27 10:38:23,556 [main] INFO  handler.ContextHandler (ContextHandler.java:doStart(781)) - Started o.e.j.s.ServletContextHandler@7c556af2{/logs,file:///workdir/hadoop-ozone/integration-test/target/log,AVAILABLE}
2019-08-27 10:38:23,557 [main] INFO  handler.ContextHandler (ContextHandler.java:doStart(781)) - Started o.e.j.s.ServletContextHandler@725bb3a8{/static,jar:file:/home/user/.m2/repository/org/apache/hadoop/hadoop-hdds-container-service/0.5.0-SNAPSHOT/hadoop-hdds-container-service-0.5.0-SNAPSHOT.jar!/webapps/static,AVAILABLE}
2019-08-27 10:38:23,600 [main] INFO  handler.ContextHandler (ContextHandler.java:doStart(781)) - Started o.e.j.w.WebAppContext@59606589{/,file:///tmp/jetty-0.0.0.0-41900-hddsDatanode-_-any-1532653072899617194.dir/webapp/,AVAILABLE}{/hddsDatanode}
2019-08-27 10:38:23,600 [main] INFO  server.AbstractConnector (AbstractConnector.java:doStart(278)) - Started ServerConnector@11d0033b{HTTP/1.1,[http/1.1]}{0.0.0.0:41900}
2019-08-27 10:38:23,601 [main] INFO  server.Server (Server.java:doStart(419)) - Started @652666ms
2019-08-27 10:38:23,602 [main] INFO  server.BaseHttpServer (BaseHttpServer.java:updateConnectorAddress(213)) - HTTP server of HDDSDATANODE is listening at http://0.0.0.0:41900
2019-08-27 10:38:23,731 | INFO  | ObjectStoreRestHttpServer | Listening HDDS REST traffic on /0.0.0.0:38304 |  
2019-08-27 10:38:23,732 [main] INFO  ozone.HddsDatanodeService (HddsDatanodeService.java:startPlugins(395)) - Started plug-in org.apache.hadoop.ozone.web.OzoneHddsDatanodeService@6d512521
2019-08-27 10:38:23,732 [main] INFO  impl.MetricsSystemImpl (MetricsSystemImpl.java:init(158)) - HddsDatanode metrics system started (again)
2019-08-27 10:38:23,735 [org.apache.hadoop.util.JvmPauseMonitor$Monitor@56ebab42] INFO  util.JvmPauseMonitor (JvmPauseMonitor.java:run(188)) - Starting JVM pause monitor
2019-08-27 10:38:23,735 [main] INFO  ozone.HddsDatanodeService (HddsDatanodeService.java:start(184)) - HddsDatanodeService host:pr-hdds-1982-decom-states-5k2nc-2490103652 ip:192.168.5.140
2019-08-27 10:38:23,737 [Datanode State Machine Thread - 0] INFO  datanode.InitDatanodeState (InitDatanodeState.java:persistContainerDatanodeDetails(140)) - DatanodeDetails is persisted to /workdir/hadoop-ozone/integration-test/target/test-dir/MiniOzoneClusterImpl-c15ae153-fb36-4826-a287-e4cef41ee116/datanode-0/meta/datanode.id
2019-08-27 10:38:23,749 [main] INFO  volume.HddsVolume (HddsVolume.java:<init>(176)) - Creating Volume: /workdir/hadoop-ozone/integration-test/target/test-dir/MiniOzoneClusterImpl-c15ae153-fb36-4826-a287-e4cef41ee116/datanode-1/data/containers/hdds of  storage type : DISK and capacity : 1482555576320
2019-08-27 10:38:23,749 [main] INFO  volume.VolumeSet (VolumeSet.java:initializeVolumeSet(170)) - Added Volume : /workdir/hadoop-ozone/integration-test/target/test-dir/MiniOzoneClusterImpl-c15ae153-fb36-4826-a287-e4cef41ee116/datanode-1/data/containers/hdds to VolumeSet
2019-08-27 10:38:23,749 [main] INFO  volume.ThrottledAsyncChecker (ThrottledAsyncChecker.java:schedule(140)) - Scheduling a check for org.apache.hadoop.ozone.container.common.volume.HddsVolume@2defc6c1
2019-08-27 10:38:23,750 [main] INFO  volume.HddsVolumeChecker (HddsVolumeChecker.java:checkAllVolumes(203)) - Scheduled health check for volume org.apache.hadoop.ozone.container.common.volume.HddsVolume@2defc6c1
2019-08-27 10:38:23,764 [main] INFO  impl.RaftServerProxy (ConfUtils.java:logGet(43)) - raft.rpc.type = GRPC (default)
2019-08-27 10:38:23,765 [main] INFO  grpc.GrpcFactory (GrpcFactory.java:checkPooledByteBufAllocatorUseCacheForAllThreads(45)) - PERFORMANCE WARNING: useCacheForAllThreads is true that may cause Netty to create a lot garbage objects and, as a result, trigger GC.
	It is recommended to disable useCacheForAllThreads by setting -Dorg.apache.ratis.thirdparty.io.netty.allocator.useCacheForAllThreads=false in command line.
2019-08-27 10:38:23,765 [main] INFO  grpc.GrpcConfigKeys$Server (ConfUtils.java:logGet(43)) - raft.grpc.server.port = 0 (default)
2019-08-27 10:38:23,765 [main] INFO  server.GrpcService (ConfUtils.java:logGet(43)) - raft.grpc.message.size.max = 33570816 (custom)
2019-08-27 10:38:23,765 [main] INFO  server.RaftServerConfigKeys (ConfUtils.java:logGet(43)) - raft.server.log.appender.buffer.byte-limit = 33554432 (custom)
2019-08-27 10:38:23,765 [main] INFO  server.GrpcService (ConfUtils.java:logGet(43)) - raft.grpc.flow.control.window = 1MB (=1048576) (default)
2019-08-27 10:38:23,766 [main] INFO  server.RaftServerConfigKeys (ConfUtils.java:logGet(43)) - raft.server.rpc.request.timeout = 3000ms (default)
2019-08-27 10:38:23,766 [main] INFO  server.RaftServerConfigKeys (ConfUtils.java:logGet(43)) - raft.server.storage.dir = [/workdir/hadoop-ozone/integration-test/target/test-dir/MiniOzoneClusterImpl-c15ae153-fb36-4826-a287-e4cef41ee116/datanode-1/data/ratis] (custom)
2019-08-27 10:38:23,766 [main] INFO  replication.SimpleContainerDownloader (SimpleContainerDownloader.java:<init>(72)) - Starting container downloader service to copy containers to replicate.
2019-08-27 10:38:23,767 [main] INFO  hdfs.DFSUtil (DFSUtil.java:httpServerTemplateForNNAndJN(1641)) - Starting Web-server for hddsDatanode at: http://0.0.0.0:0
2019-08-27 10:38:23,768 [main] INFO  server.AuthenticationFilter (AuthenticationFilter.java:constructSecretProvider(240)) - Unable to initialize FileSignerSecretProvider, falling back to use random secrets.
2019-08-27 10:38:23,769 [main] WARN  http.HttpRequestLog (HttpRequestLog.java:getRequestLog(97)) - Jetty request log can only be enabled using Log4j
2019-08-27 10:38:23,770 [main] INFO  http.HttpServer2 (HttpServer2.java:addGlobalFilter(975)) - Added global filter 'safety' (class=org.apache.hadoop.http.HttpServer2$QuotingInputFilter)
2019-08-27 10:38:23,771 [main] INFO  http.HttpServer2 (HttpServer2.java:addFilter(948)) - Added filter static_user_filter (class=org.apache.hadoop.http.lib.StaticUserWebFilter$StaticUserFilter) to context hddsDatanode
2019-08-27 10:38:23,771 [main] INFO  http.HttpServer2 (HttpServer2.java:addFilter(958)) - Added filter static_user_filter (class=org.apache.hadoop.http.lib.StaticUserWebFilter$StaticUserFilter) to context static
2019-08-27 10:38:23,771 [main] INFO  http.HttpServer2 (HttpServer2.java:addFilter(958)) - Added filter static_user_filter (class=org.apache.hadoop.http.lib.StaticUserWebFilter$StaticUserFilter) to context logs
2019-08-27 10:38:23,771 [main] INFO  http.HttpServer2 (HttpServer2.java:bindListener(1191)) - Jetty bound to port 34899
2019-08-27 10:38:23,772 [main] INFO  server.Server (Server.java:doStart(351)) - jetty-9.3.24.v20180605, build timestamp: 2018-06-05T17:11:56Z, git hash: 84205aa28f11a4f31f2a3b86d1bba2cc8ab69827
2019-08-27 10:38:23,773 [main] INFO  handler.ContextHandler (ContextHandler.java:doStart(781)) - Started o.e.j.s.ServletContextHandler@4b7e2cbb{/logs,file:///workdir/hadoop-ozone/integration-test/target/log,AVAILABLE}
2019-08-27 10:38:23,773 [main] INFO  handler.ContextHandler (ContextHandler.java:doStart(781)) - Started o.e.j.s.ServletContextHandler@5a42bb6{/static,jar:file:/home/user/.m2/repository/org/apache/hadoop/hadoop-hdds-container-service/0.5.0-SNAPSHOT/hadoop-hdds-container-service-0.5.0-SNAPSHOT.jar!/webapps/static,AVAILABLE}
2019-08-27 10:38:23,800 [main] INFO  handler.ContextHandler (ContextHandler.java:doStart(781)) - Started o.e.j.w.WebAppContext@4299feea{/,file:///tmp/jetty-0.0.0.0-34899-hddsDatanode-_-any-8377050028345786964.dir/webapp/,AVAILABLE}{/hddsDatanode}
2019-08-27 10:38:23,800 [main] INFO  server.AbstractConnector (AbstractConnector.java:doStart(278)) - Started ServerConnector@5455f457{HTTP/1.1,[http/1.1]}{0.0.0.0:34899}
2019-08-27 10:38:23,800 [main] INFO  server.Server (Server.java:doStart(419)) - Started @652866ms
2019-08-27 10:38:23,802 [main] INFO  server.BaseHttpServer (BaseHttpServer.java:updateConnectorAddress(213)) - HTTP server of HDDSDATANODE is listening at http://0.0.0.0:34899
2019-08-27 10:38:23,920 | INFO  | ObjectStoreRestHttpServer | Listening HDDS REST traffic on /0.0.0.0:37560 |  
2019-08-27 10:38:23,920 [main] INFO  ozone.HddsDatanodeService (HddsDatanodeService.java:startPlugins(395)) - Started plug-in org.apache.hadoop.ozone.web.OzoneHddsDatanodeService@4de6c6b9
2019-08-27 10:38:23,921 [main] INFO  impl.MetricsSystemImpl (MetricsSystemImpl.java:init(158)) - HddsDatanode metrics system started (again)
2019-08-27 10:38:23,924 [org.apache.hadoop.util.JvmPauseMonitor$Monitor@2e748d8] INFO  util.JvmPauseMonitor (JvmPauseMonitor.java:run(188)) - Starting JVM pause monitor
2019-08-27 10:38:23,925 [main] INFO  ozone.HddsDatanodeService (HddsDatanodeService.java:start(184)) - HddsDatanodeService host:pr-hdds-1982-decom-states-5k2nc-2490103652 ip:192.168.5.140
2019-08-27 10:38:23,926 [Datanode State Machine Thread - 0] INFO  datanode.InitDatanodeState (InitDatanodeState.java:persistContainerDatanodeDetails(140)) - DatanodeDetails is persisted to /workdir/hadoop-ozone/integration-test/target/test-dir/MiniOzoneClusterImpl-c15ae153-fb36-4826-a287-e4cef41ee116/datanode-1/meta/datanode.id
2019-08-27 10:38:23,942 [main] INFO  volume.HddsVolume (HddsVolume.java:<init>(176)) - Creating Volume: /workdir/hadoop-ozone/integration-test/target/test-dir/MiniOzoneClusterImpl-c15ae153-fb36-4826-a287-e4cef41ee116/datanode-2/data/containers/hdds of  storage type : DISK and capacity : 1482555576320
2019-08-27 10:38:23,943 [main] INFO  volume.VolumeSet (VolumeSet.java:initializeVolumeSet(170)) - Added Volume : /workdir/hadoop-ozone/integration-test/target/test-dir/MiniOzoneClusterImpl-c15ae153-fb36-4826-a287-e4cef41ee116/datanode-2/data/containers/hdds to VolumeSet
2019-08-27 10:38:23,943 [main] INFO  volume.ThrottledAsyncChecker (ThrottledAsyncChecker.java:schedule(140)) - Scheduling a check for org.apache.hadoop.ozone.container.common.volume.HddsVolume@3e8a1137
2019-08-27 10:38:23,944 [main] INFO  volume.HddsVolumeChecker (HddsVolumeChecker.java:checkAllVolumes(203)) - Scheduled health check for volume org.apache.hadoop.ozone.container.common.volume.HddsVolume@3e8a1137
2019-08-27 10:38:23,960 [main] INFO  impl.RaftServerProxy (ConfUtils.java:logGet(43)) - raft.rpc.type = GRPC (default)
2019-08-27 10:38:23,961 [main] INFO  grpc.GrpcFactory (GrpcFactory.java:checkPooledByteBufAllocatorUseCacheForAllThreads(45)) - PERFORMANCE WARNING: useCacheForAllThreads is true that may cause Netty to create a lot garbage objects and, as a result, trigger GC.
	It is recommended to disable useCacheForAllThreads by setting -Dorg.apache.ratis.thirdparty.io.netty.allocator.useCacheForAllThreads=false in command line.
2019-08-27 10:38:23,961 [main] INFO  grpc.GrpcConfigKeys$Server (ConfUtils.java:logGet(43)) - raft.grpc.server.port = 0 (default)
2019-08-27 10:38:23,961 [main] INFO  server.GrpcService (ConfUtils.java:logGet(43)) - raft.grpc.message.size.max = 33570816 (custom)
2019-08-27 10:38:23,961 [main] INFO  server.RaftServerConfigKeys (ConfUtils.java:logGet(43)) - raft.server.log.appender.buffer.byte-limit = 33554432 (custom)
2019-08-27 10:38:23,962 [main] INFO  server.GrpcService (ConfUtils.java:logGet(43)) - raft.grpc.flow.control.window = 1MB (=1048576) (default)
2019-08-27 10:38:23,962 [main] INFO  server.RaftServerConfigKeys (ConfUtils.java:logGet(43)) - raft.server.rpc.request.timeout = 3000ms (default)
2019-08-27 10:38:23,962 [main] INFO  server.RaftServerConfigKeys (ConfUtils.java:logGet(43)) - raft.server.storage.dir = [/workdir/hadoop-ozone/integration-test/target/test-dir/MiniOzoneClusterImpl-c15ae153-fb36-4826-a287-e4cef41ee116/datanode-2/data/ratis] (custom)
2019-08-27 10:38:23,963 [main] INFO  replication.SimpleContainerDownloader (SimpleContainerDownloader.java:<init>(72)) - Starting container downloader service to copy containers to replicate.
2019-08-27 10:38:23,964 [main] INFO  hdfs.DFSUtil (DFSUtil.java:httpServerTemplateForNNAndJN(1641)) - Starting Web-server for hddsDatanode at: http://0.0.0.0:0
2019-08-27 10:38:23,965 [main] INFO  server.AuthenticationFilter (AuthenticationFilter.java:constructSecretProvider(240)) - Unable to initialize FileSignerSecretProvider, falling back to use random secrets.
2019-08-27 10:38:23,966 [main] WARN  http.HttpRequestLog (HttpRequestLog.java:getRequestLog(97)) - Jetty request log can only be enabled using Log4j
2019-08-27 10:38:23,967 [main] INFO  http.HttpServer2 (HttpServer2.java:addGlobalFilter(975)) - Added global filter 'safety' (class=org.apache.hadoop.http.HttpServer2$QuotingInputFilter)
2019-08-27 10:38:23,968 [main] INFO  http.HttpServer2 (HttpServer2.java:addFilter(948)) - Added filter static_user_filter (class=org.apache.hadoop.http.lib.StaticUserWebFilter$StaticUserFilter) to context hddsDatanode
2019-08-27 10:38:23,968 [main] INFO  http.HttpServer2 (HttpServer2.java:addFilter(958)) - Added filter static_user_filter (class=org.apache.hadoop.http.lib.StaticUserWebFilter$StaticUserFilter) to context logs
2019-08-27 10:38:23,968 [main] INFO  http.HttpServer2 (HttpServer2.java:addFilter(958)) - Added filter static_user_filter (class=org.apache.hadoop.http.lib.StaticUserWebFilter$StaticUserFilter) to context static
2019-08-27 10:38:23,969 [main] INFO  http.HttpServer2 (HttpServer2.java:bindListener(1191)) - Jetty bound to port 44398
2019-08-27 10:38:23,969 [main] INFO  server.Server (Server.java:doStart(351)) - jetty-9.3.24.v20180605, build timestamp: 2018-06-05T17:11:56Z, git hash: 84205aa28f11a4f31f2a3b86d1bba2cc8ab69827
2019-08-27 10:38:23,971 [main] INFO  handler.ContextHandler (ContextHandler.java:doStart(781)) - Started o.e.j.s.ServletContextHandler@627ed93a{/logs,file:///workdir/hadoop-ozone/integration-test/target/log,AVAILABLE}
2019-08-27 10:38:23,971 [main] INFO  handler.ContextHandler (ContextHandler.java:doStart(781)) - Started o.e.j.s.ServletContextHandler@72988e0c{/static,jar:file:/home/user/.m2/repository/org/apache/hadoop/hadoop-hdds-container-service/0.5.0-SNAPSHOT/hadoop-hdds-container-service-0.5.0-SNAPSHOT.jar!/webapps/static,AVAILABLE}
2019-08-27 10:38:24,002 [main] INFO  handler.ContextHandler (ContextHandler.java:doStart(781)) - Started o.e.j.w.WebAppContext@1c16b2f7{/,file:///tmp/jetty-0.0.0.0-44398-hddsDatanode-_-any-1681031454809473874.dir/webapp/,AVAILABLE}{/hddsDatanode}
2019-08-27 10:38:24,002 [main] INFO  server.AbstractConnector (AbstractConnector.java:doStart(278)) - Started ServerConnector@1b10963a{HTTP/1.1,[http/1.1]}{0.0.0.0:44398}
2019-08-27 10:38:24,003 [main] INFO  server.Server (Server.java:doStart(419)) - Started @653067ms
2019-08-27 10:38:24,004 [main] INFO  server.BaseHttpServer (BaseHttpServer.java:updateConnectorAddress(213)) - HTTP server of HDDSDATANODE is listening at http://0.0.0.0:44398
2019-08-27 10:38:24,120 | INFO  | ObjectStoreRestHttpServer | Listening HDDS REST traffic on /0.0.0.0:32968 |  
2019-08-27 10:38:24,120 [main] INFO  ozone.HddsDatanodeService (HddsDatanodeService.java:startPlugins(395)) - Started plug-in org.apache.hadoop.ozone.web.OzoneHddsDatanodeService@168740db
2019-08-27 10:38:24,121 [main] INFO  impl.MetricsSystemImpl (MetricsSystemImpl.java:init(158)) - HddsDatanode metrics system started (again)
2019-08-27 10:38:24,124 [org.apache.hadoop.util.JvmPauseMonitor$Monitor@27371efa] INFO  util.JvmPauseMonitor (JvmPauseMonitor.java:run(188)) - Starting JVM pause monitor
2019-08-27 10:38:24,124 [main] INFO  ozone.HddsDatanodeService (HddsDatanodeService.java:start(184)) - HddsDatanodeService host:pr-hdds-1982-decom-states-5k2nc-2490103652 ip:192.168.5.140
2019-08-27 10:38:24,126 [Datanode State Machine Thread - 0] INFO  datanode.InitDatanodeState (InitDatanodeState.java:persistContainerDatanodeDetails(140)) - DatanodeDetails is persisted to /workdir/hadoop-ozone/integration-test/target/test-dir/MiniOzoneClusterImpl-c15ae153-fb36-4826-a287-e4cef41ee116/datanode-2/meta/datanode.id
2019-08-27 10:38:24,136 [main] INFO  volume.HddsVolume (HddsVolume.java:<init>(176)) - Creating Volume: /workdir/hadoop-ozone/integration-test/target/test-dir/MiniOzoneClusterImpl-c15ae153-fb36-4826-a287-e4cef41ee116/datanode-3/data/containers/hdds of  storage type : DISK and capacity : 1482555576320
2019-08-27 10:38:24,136 [main] INFO  volume.VolumeSet (VolumeSet.java:initializeVolumeSet(170)) - Added Volume : /workdir/hadoop-ozone/integration-test/target/test-dir/MiniOzoneClusterImpl-c15ae153-fb36-4826-a287-e4cef41ee116/datanode-3/data/containers/hdds to VolumeSet
2019-08-27 10:38:24,136 [main] INFO  volume.ThrottledAsyncChecker (ThrottledAsyncChecker.java:schedule(140)) - Scheduling a check for org.apache.hadoop.ozone.container.common.volume.HddsVolume@4e2bd0df
2019-08-27 10:38:24,137 [main] INFO  volume.HddsVolumeChecker (HddsVolumeChecker.java:checkAllVolumes(203)) - Scheduled health check for volume org.apache.hadoop.ozone.container.common.volume.HddsVolume@4e2bd0df
2019-08-27 10:38:24,149 [main] INFO  impl.RaftServerProxy (ConfUtils.java:logGet(43)) - raft.rpc.type = GRPC (default)
2019-08-27 10:38:24,150 [main] INFO  grpc.GrpcFactory (GrpcFactory.java:checkPooledByteBufAllocatorUseCacheForAllThreads(45)) - PERFORMANCE WARNING: useCacheForAllThreads is true that may cause Netty to create a lot garbage objects and, as a result, trigger GC.
	It is recommended to disable useCacheForAllThreads by setting -Dorg.apache.ratis.thirdparty.io.netty.allocator.useCacheForAllThreads=false in command line.
2019-08-27 10:38:24,150 [main] INFO  grpc.GrpcConfigKeys$Server (ConfUtils.java:logGet(43)) - raft.grpc.server.port = 0 (default)
2019-08-27 10:38:24,150 [main] INFO  server.GrpcService (ConfUtils.java:logGet(43)) - raft.grpc.message.size.max = 33570816 (custom)
2019-08-27 10:38:24,150 [main] INFO  server.RaftServerConfigKeys (ConfUtils.java:logGet(43)) - raft.server.log.appender.buffer.byte-limit = 33554432 (custom)
2019-08-27 10:38:24,150 [main] INFO  server.GrpcService (ConfUtils.java:logGet(43)) - raft.grpc.flow.control.window = 1MB (=1048576) (default)
2019-08-27 10:38:24,151 [main] INFO  server.RaftServerConfigKeys (ConfUtils.java:logGet(43)) - raft.server.rpc.request.timeout = 3000ms (default)
2019-08-27 10:38:24,151 [main] INFO  server.RaftServerConfigKeys (ConfUtils.java:logGet(43)) - raft.server.storage.dir = [/workdir/hadoop-ozone/integration-test/target/test-dir/MiniOzoneClusterImpl-c15ae153-fb36-4826-a287-e4cef41ee116/datanode-3/data/ratis] (custom)
2019-08-27 10:38:24,151 [main] INFO  replication.SimpleContainerDownloader (SimpleContainerDownloader.java:<init>(72)) - Starting container downloader service to copy containers to replicate.
2019-08-27 10:38:24,152 [main] INFO  hdfs.DFSUtil (DFSUtil.java:httpServerTemplateForNNAndJN(1641)) - Starting Web-server for hddsDatanode at: http://0.0.0.0:0
2019-08-27 10:38:24,153 [main] INFO  server.AuthenticationFilter (AuthenticationFilter.java:constructSecretProvider(240)) - Unable to initialize FileSignerSecretProvider, falling back to use random secrets.
2019-08-27 10:38:24,154 [main] WARN  http.HttpRequestLog (HttpRequestLog.java:getRequestLog(97)) - Jetty request log can only be enabled using Log4j
2019-08-27 10:38:24,155 [main] INFO  http.HttpServer2 (HttpServer2.java:addGlobalFilter(975)) - Added global filter 'safety' (class=org.apache.hadoop.http.HttpServer2$QuotingInputFilter)
2019-08-27 10:38:24,155 [main] INFO  http.HttpServer2 (HttpServer2.java:addFilter(948)) - Added filter static_user_filter (class=org.apache.hadoop.http.lib.StaticUserWebFilter$StaticUserFilter) to context hddsDatanode
2019-08-27 10:38:24,156 [main] INFO  http.HttpServer2 (HttpServer2.java:addFilter(958)) - Added filter static_user_filter (class=org.apache.hadoop.http.lib.StaticUserWebFilter$StaticUserFilter) to context logs
2019-08-27 10:38:24,156 [main] INFO  http.HttpServer2 (HttpServer2.java:addFilter(958)) - Added filter static_user_filter (class=org.apache.hadoop.http.lib.StaticUserWebFilter$StaticUserFilter) to context static
2019-08-27 10:38:24,156 [main] INFO  http.HttpServer2 (HttpServer2.java:bindListener(1191)) - Jetty bound to port 38964
2019-08-27 10:38:24,156 [main] INFO  server.Server (Server.java:doStart(351)) - jetty-9.3.24.v20180605, build timestamp: 2018-06-05T17:11:56Z, git hash: 84205aa28f11a4f31f2a3b86d1bba2cc8ab69827
2019-08-27 10:38:24,158 [main] INFO  handler.ContextHandler (ContextHandler.java:doStart(781)) - Started o.e.j.s.ServletContextHandler@739785c5{/logs,file:///workdir/hadoop-ozone/integration-test/target/log,AVAILABLE}
2019-08-27 10:38:24,158 [main] INFO  handler.ContextHandler (ContextHandler.java:doStart(781)) - Started o.e.j.s.ServletContextHandler@73a65712{/static,jar:file:/home/user/.m2/repository/org/apache/hadoop/hadoop-hdds-container-service/0.5.0-SNAPSHOT/hadoop-hdds-container-service-0.5.0-SNAPSHOT.jar!/webapps/static,AVAILABLE}
2019-08-27 10:38:24,203 [main] INFO  handler.ContextHandler (ContextHandler.java:doStart(781)) - Started o.e.j.w.WebAppContext@5e5df559{/,file:///tmp/jetty-0.0.0.0-38964-hddsDatanode-_-any-5012560974479247926.dir/webapp/,AVAILABLE}{/hddsDatanode}
2019-08-27 10:38:24,204 [main] INFO  server.AbstractConnector (AbstractConnector.java:doStart(278)) - Started ServerConnector@7481775c{HTTP/1.1,[http/1.1]}{0.0.0.0:38964}
2019-08-27 10:38:24,205 [main] INFO  server.Server (Server.java:doStart(419)) - Started @653270ms
2019-08-27 10:38:24,206 [main] INFO  server.BaseHttpServer (BaseHttpServer.java:updateConnectorAddress(213)) - HTTP server of HDDSDATANODE is listening at http://0.0.0.0:38964
2019-08-27 10:38:24,322 | INFO  | ObjectStoreRestHttpServer | Listening HDDS REST traffic on /0.0.0.0:42270 |  
2019-08-27 10:38:24,322 [main] INFO  ozone.HddsDatanodeService (HddsDatanodeService.java:startPlugins(395)) - Started plug-in org.apache.hadoop.ozone.web.OzoneHddsDatanodeService@2dbdd3f2
2019-08-27 10:38:24,322 [main] INFO  impl.MetricsSystemImpl (MetricsSystemImpl.java:init(158)) - HddsDatanode metrics system started (again)
2019-08-27 10:38:24,326 [org.apache.hadoop.util.JvmPauseMonitor$Monitor@30cf1a26] INFO  util.JvmPauseMonitor (JvmPauseMonitor.java:run(188)) - Starting JVM pause monitor
2019-08-27 10:38:24,326 [main] INFO  ozone.HddsDatanodeService (HddsDatanodeService.java:start(184)) - HddsDatanodeService host:pr-hdds-1982-decom-states-5k2nc-2490103652 ip:192.168.5.140
2019-08-27 10:38:24,327 [Datanode State Machine Thread - 0] INFO  datanode.InitDatanodeState (InitDatanodeState.java:persistContainerDatanodeDetails(140)) - DatanodeDetails is persisted to /workdir/hadoop-ozone/integration-test/target/test-dir/MiniOzoneClusterImpl-c15ae153-fb36-4826-a287-e4cef41ee116/datanode-3/meta/datanode.id
2019-08-27 10:38:24,338 [main] INFO  volume.HddsVolume (HddsVolume.java:<init>(176)) - Creating Volume: /workdir/hadoop-ozone/integration-test/target/test-dir/MiniOzoneClusterImpl-c15ae153-fb36-4826-a287-e4cef41ee116/datanode-4/data/containers/hdds of  storage type : DISK and capacity : 1482555576320
2019-08-27 10:38:24,338 [main] INFO  volume.VolumeSet (VolumeSet.java:initializeVolumeSet(170)) - Added Volume : /workdir/hadoop-ozone/integration-test/target/test-dir/MiniOzoneClusterImpl-c15ae153-fb36-4826-a287-e4cef41ee116/datanode-4/data/containers/hdds to VolumeSet
2019-08-27 10:38:24,339 [main] INFO  volume.ThrottledAsyncChecker (ThrottledAsyncChecker.java:schedule(140)) - Scheduling a check for org.apache.hadoop.ozone.container.common.volume.HddsVolume@39716249
2019-08-27 10:38:24,339 [main] INFO  volume.HddsVolumeChecker (HddsVolumeChecker.java:checkAllVolumes(203)) - Scheduled health check for volume org.apache.hadoop.ozone.container.common.volume.HddsVolume@39716249
2019-08-27 10:38:24,363 [main] INFO  impl.RaftServerProxy (ConfUtils.java:logGet(43)) - raft.rpc.type = GRPC (default)
2019-08-27 10:38:24,364 [main] INFO  grpc.GrpcFactory (GrpcFactory.java:checkPooledByteBufAllocatorUseCacheForAllThreads(45)) - PERFORMANCE WARNING: useCacheForAllThreads is true that may cause Netty to create a lot garbage objects and, as a result, trigger GC.
	It is recommended to disable useCacheForAllThreads by setting -Dorg.apache.ratis.thirdparty.io.netty.allocator.useCacheForAllThreads=false in command line.
2019-08-27 10:38:24,364 [main] INFO  grpc.GrpcConfigKeys$Server (ConfUtils.java:logGet(43)) - raft.grpc.server.port = 0 (default)
2019-08-27 10:38:24,364 [main] INFO  server.GrpcService (ConfUtils.java:logGet(43)) - raft.grpc.message.size.max = 33570816 (custom)
2019-08-27 10:38:24,364 [main] INFO  server.RaftServerConfigKeys (ConfUtils.java:logGet(43)) - raft.server.log.appender.buffer.byte-limit = 33554432 (custom)
2019-08-27 10:38:24,365 [main] INFO  server.GrpcService (ConfUtils.java:logGet(43)) - raft.grpc.flow.control.window = 1MB (=1048576) (default)
2019-08-27 10:38:24,365 [main] INFO  server.RaftServerConfigKeys (ConfUtils.java:logGet(43)) - raft.server.rpc.request.timeout = 3000ms (default)
2019-08-27 10:38:24,366 [main] INFO  server.RaftServerConfigKeys (ConfUtils.java:logGet(43)) - raft.server.storage.dir = [/workdir/hadoop-ozone/integration-test/target/test-dir/MiniOzoneClusterImpl-c15ae153-fb36-4826-a287-e4cef41ee116/datanode-4/data/ratis] (custom)
2019-08-27 10:38:24,366 [main] INFO  replication.SimpleContainerDownloader (SimpleContainerDownloader.java:<init>(72)) - Starting container downloader service to copy containers to replicate.
2019-08-27 10:38:24,367 [main] INFO  hdfs.DFSUtil (DFSUtil.java:httpServerTemplateForNNAndJN(1641)) - Starting Web-server for hddsDatanode at: http://0.0.0.0:0
2019-08-27 10:38:24,368 [main] INFO  server.AuthenticationFilter (AuthenticationFilter.java:constructSecretProvider(240)) - Unable to initialize FileSignerSecretProvider, falling back to use random secrets.
2019-08-27 10:38:24,369 [main] WARN  http.HttpRequestLog (HttpRequestLog.java:getRequestLog(97)) - Jetty request log can only be enabled using Log4j
2019-08-27 10:38:24,370 [main] INFO  http.HttpServer2 (HttpServer2.java:addGlobalFilter(975)) - Added global filter 'safety' (class=org.apache.hadoop.http.HttpServer2$QuotingInputFilter)
2019-08-27 10:38:24,370 [main] INFO  http.HttpServer2 (HttpServer2.java:addFilter(948)) - Added filter static_user_filter (class=org.apache.hadoop.http.lib.StaticUserWebFilter$StaticUserFilter) to context hddsDatanode
2019-08-27 10:38:24,370 [main] INFO  http.HttpServer2 (HttpServer2.java:addFilter(958)) - Added filter static_user_filter (class=org.apache.hadoop.http.lib.StaticUserWebFilter$StaticUserFilter) to context logs
2019-08-27 10:38:24,370 [main] INFO  http.HttpServer2 (HttpServer2.java:addFilter(958)) - Added filter static_user_filter (class=org.apache.hadoop.http.lib.StaticUserWebFilter$StaticUserFilter) to context static
2019-08-27 10:38:24,371 [main] INFO  http.HttpServer2 (HttpServer2.java:bindListener(1191)) - Jetty bound to port 36082
2019-08-27 10:38:24,371 [main] INFO  server.Server (Server.java:doStart(351)) - jetty-9.3.24.v20180605, build timestamp: 2018-06-05T17:11:56Z, git hash: 84205aa28f11a4f31f2a3b86d1bba2cc8ab69827
2019-08-27 10:38:24,373 [main] INFO  handler.ContextHandler (ContextHandler.java:doStart(781)) - Started o.e.j.s.ServletContextHandler@3cf828db{/logs,file:///workdir/hadoop-ozone/integration-test/target/log,AVAILABLE}
2019-08-27 10:38:24,373 [main] INFO  handler.ContextHandler (ContextHandler.java:doStart(781)) - Started o.e.j.s.ServletContextHandler@476bdad6{/static,jar:file:/home/user/.m2/repository/org/apache/hadoop/hadoop-hdds-container-service/0.5.0-SNAPSHOT/hadoop-hdds-container-service-0.5.0-SNAPSHOT.jar!/webapps/static,AVAILABLE}
2019-08-27 10:38:24,400 [main] INFO  handler.ContextHandler (ContextHandler.java:doStart(781)) - Started o.e.j.w.WebAppContext@2c6c67e0{/,file:///tmp/jetty-0.0.0.0-36082-hddsDatanode-_-any-2115429175530228876.dir/webapp/,AVAILABLE}{/hddsDatanode}
2019-08-27 10:38:24,400 [main] INFO  server.AbstractConnector (AbstractConnector.java:doStart(278)) - Started ServerConnector@12046998{HTTP/1.1,[http/1.1]}{0.0.0.0:36082}
2019-08-27 10:38:24,402 [main] INFO  server.Server (Server.java:doStart(419)) - Started @653466ms
2019-08-27 10:38:24,402 [main] INFO  server.BaseHttpServer (BaseHttpServer.java:updateConnectorAddress(213)) - HTTP server of HDDSDATANODE is listening at http://0.0.0.0:36082
2019-08-27 10:38:24,528 | INFO  | ObjectStoreRestHttpServer | Listening HDDS REST traffic on /0.0.0.0:34510 |  
2019-08-27 10:38:24,528 [main] INFO  ozone.HddsDatanodeService (HddsDatanodeService.java:startPlugins(395)) - Started plug-in org.apache.hadoop.ozone.web.OzoneHddsDatanodeService@4c2bcea8
2019-08-27 10:38:24,529 [main] INFO  impl.MetricsSystemImpl (MetricsSystemImpl.java:init(158)) - HddsDatanode metrics system started (again)
2019-08-27 10:38:24,536 [org.apache.hadoop.util.JvmPauseMonitor$Monitor@92718ae] INFO  util.JvmPauseMonitor (JvmPauseMonitor.java:run(188)) - Starting JVM pause monitor
2019-08-27 10:38:24,537 [main] INFO  ozone.HddsDatanodeService (HddsDatanodeService.java:start(184)) - HddsDatanodeService host:pr-hdds-1982-decom-states-5k2nc-2490103652 ip:192.168.5.140
2019-08-27 10:38:24,538 [Datanode State Machine Thread - 0] INFO  datanode.InitDatanodeState (InitDatanodeState.java:persistContainerDatanodeDetails(140)) - DatanodeDetails is persisted to /workdir/hadoop-ozone/integration-test/target/test-dir/MiniOzoneClusterImpl-c15ae153-fb36-4826-a287-e4cef41ee116/datanode-4/meta/datanode.id
2019-08-27 10:38:24,553 [main] INFO  volume.HddsVolume (HddsVolume.java:<init>(176)) - Creating Volume: /workdir/hadoop-ozone/integration-test/target/test-dir/MiniOzoneClusterImpl-c15ae153-fb36-4826-a287-e4cef41ee116/datanode-5/data/containers/hdds of  storage type : DISK and capacity : 1482555576320
2019-08-27 10:38:24,554 [main] INFO  volume.VolumeSet (VolumeSet.java:initializeVolumeSet(170)) - Added Volume : /workdir/hadoop-ozone/integration-test/target/test-dir/MiniOzoneClusterImpl-c15ae153-fb36-4826-a287-e4cef41ee116/datanode-5/data/containers/hdds to VolumeSet
2019-08-27 10:38:24,554 [main] INFO  volume.ThrottledAsyncChecker (ThrottledAsyncChecker.java:schedule(140)) - Scheduling a check for org.apache.hadoop.ozone.container.common.volume.HddsVolume@4c0ddace
2019-08-27 10:38:24,555 [main] INFO  volume.HddsVolumeChecker (HddsVolumeChecker.java:checkAllVolumes(203)) - Scheduled health check for volume org.apache.hadoop.ozone.container.common.volume.HddsVolume@4c0ddace
2019-08-27 10:38:24,574 [main] INFO  impl.RaftServerProxy (ConfUtils.java:logGet(43)) - raft.rpc.type = GRPC (default)
2019-08-27 10:38:24,574 [main] INFO  grpc.GrpcFactory (GrpcFactory.java:checkPooledByteBufAllocatorUseCacheForAllThreads(45)) - PERFORMANCE WARNING: useCacheForAllThreads is true that may cause Netty to create a lot garbage objects and, as a result, trigger GC.
	It is recommended to disable useCacheForAllThreads by setting -Dorg.apache.ratis.thirdparty.io.netty.allocator.useCacheForAllThreads=false in command line.
2019-08-27 10:38:24,575 [main] INFO  grpc.GrpcConfigKeys$Server (ConfUtils.java:logGet(43)) - raft.grpc.server.port = 0 (default)
2019-08-27 10:38:24,575 [main] INFO  server.GrpcService (ConfUtils.java:logGet(43)) - raft.grpc.message.size.max = 33570816 (custom)
2019-08-27 10:38:24,575 [main] INFO  server.RaftServerConfigKeys (ConfUtils.java:logGet(43)) - raft.server.log.appender.buffer.byte-limit = 33554432 (custom)
2019-08-27 10:38:24,575 [main] INFO  server.GrpcService (ConfUtils.java:logGet(43)) - raft.grpc.flow.control.window = 1MB (=1048576) (default)
2019-08-27 10:38:24,575 [main] INFO  server.RaftServerConfigKeys (ConfUtils.java:logGet(43)) - raft.server.rpc.request.timeout = 3000ms (default)
2019-08-27 10:38:24,576 [main] INFO  server.RaftServerConfigKeys (ConfUtils.java:logGet(43)) - raft.server.storage.dir = [/workdir/hadoop-ozone/integration-test/target/test-dir/MiniOzoneClusterImpl-c15ae153-fb36-4826-a287-e4cef41ee116/datanode-5/data/ratis] (custom)
2019-08-27 10:38:24,576 [main] INFO  replication.SimpleContainerDownloader (SimpleContainerDownloader.java:<init>(72)) - Starting container downloader service to copy containers to replicate.
2019-08-27 10:38:24,577 [main] INFO  hdfs.DFSUtil (DFSUtil.java:httpServerTemplateForNNAndJN(1641)) - Starting Web-server for hddsDatanode at: http://0.0.0.0:0
2019-08-27 10:38:24,579 [main] INFO  server.AuthenticationFilter (AuthenticationFilter.java:constructSecretProvider(240)) - Unable to initialize FileSignerSecretProvider, falling back to use random secrets.
2019-08-27 10:38:24,579 [main] WARN  http.HttpRequestLog (HttpRequestLog.java:getRequestLog(97)) - Jetty request log can only be enabled using Log4j
2019-08-27 10:38:24,581 [main] INFO  http.HttpServer2 (HttpServer2.java:addGlobalFilter(975)) - Added global filter 'safety' (class=org.apache.hadoop.http.HttpServer2$QuotingInputFilter)
2019-08-27 10:38:24,581 [main] INFO  http.HttpServer2 (HttpServer2.java:addFilter(948)) - Added filter static_user_filter (class=org.apache.hadoop.http.lib.StaticUserWebFilter$StaticUserFilter) to context hddsDatanode
2019-08-27 10:38:24,581 [main] INFO  http.HttpServer2 (HttpServer2.java:addFilter(958)) - Added filter static_user_filter (class=org.apache.hadoop.http.lib.StaticUserWebFilter$StaticUserFilter) to context logs
2019-08-27 10:38:24,581 [main] INFO  http.HttpServer2 (HttpServer2.java:addFilter(958)) - Added filter static_user_filter (class=org.apache.hadoop.http.lib.StaticUserWebFilter$StaticUserFilter) to context static
2019-08-27 10:38:24,582 [main] INFO  http.HttpServer2 (HttpServer2.java:bindListener(1191)) - Jetty bound to port 36067
2019-08-27 10:38:24,582 [main] INFO  server.Server (Server.java:doStart(351)) - jetty-9.3.24.v20180605, build timestamp: 2018-06-05T17:11:56Z, git hash: 84205aa28f11a4f31f2a3b86d1bba2cc8ab69827
2019-08-27 10:38:24,584 [main] INFO  handler.ContextHandler (ContextHandler.java:doStart(781)) - Started o.e.j.s.ServletContextHandler@387f581e{/logs,file:///workdir/hadoop-ozone/integration-test/target/log,AVAILABLE}
2019-08-27 10:38:24,585 [main] INFO  handler.ContextHandler (ContextHandler.java:doStart(781)) - Started o.e.j.s.ServletContextHandler@6df459fe{/static,jar:file:/home/user/.m2/repository/org/apache/hadoop/hadoop-hdds-container-service/0.5.0-SNAPSHOT/hadoop-hdds-container-service-0.5.0-SNAPSHOT.jar!/webapps/static,AVAILABLE}
2019-08-27 10:38:24,612 [main] INFO  handler.ContextHandler (ContextHandler.java:doStart(781)) - Started o.e.j.w.WebAppContext@319f21b7{/,file:///tmp/jetty-0.0.0.0-36067-hddsDatanode-_-any-4812396042028608855.dir/webapp/,AVAILABLE}{/hddsDatanode}
2019-08-27 10:38:24,613 [main] INFO  server.AbstractConnector (AbstractConnector.java:doStart(278)) - Started ServerConnector@6f8a11f0{HTTP/1.1,[http/1.1]}{0.0.0.0:36067}
2019-08-27 10:38:24,613 [main] INFO  server.Server (Server.java:doStart(419)) - Started @653678ms
2019-08-27 10:38:24,614 [main] INFO  server.BaseHttpServer (BaseHttpServer.java:updateConnectorAddress(213)) - HTTP server of HDDSDATANODE is listening at http://0.0.0.0:36067
2019-08-27 10:38:24,726 | INFO  | ObjectStoreRestHttpServer | Listening HDDS REST traffic on /0.0.0.0:46724 |  
2019-08-27 10:38:24,726 [main] INFO  ozone.HddsDatanodeService (HddsDatanodeService.java:startPlugins(395)) - Started plug-in org.apache.hadoop.ozone.web.OzoneHddsDatanodeService@5381acc6
2019-08-27 10:38:24,726 [main] INFO  impl.MetricsSystemImpl (MetricsSystemImpl.java:init(158)) - HddsDatanode metrics system started (again)
2019-08-27 10:38:24,731 [org.apache.hadoop.util.JvmPauseMonitor$Monitor@30841e6f] INFO  util.JvmPauseMonitor (JvmPauseMonitor.java:run(188)) - Starting JVM pause monitor
2019-08-27 10:38:24,732 [main] INFO  ozone.HddsDatanodeService (HddsDatanodeService.java:start(184)) - HddsDatanodeService host:pr-hdds-1982-decom-states-5k2nc-2490103652 ip:192.168.5.140
2019-08-27 10:38:24,732 [Datanode State Machine Thread - 0] INFO  datanode.InitDatanodeState (InitDatanodeState.java:persistContainerDatanodeDetails(140)) - DatanodeDetails is persisted to /workdir/hadoop-ozone/integration-test/target/test-dir/MiniOzoneClusterImpl-c15ae153-fb36-4826-a287-e4cef41ee116/datanode-5/meta/datanode.id
2019-08-27 10:38:24,746 [main] INFO  volume.HddsVolume (HddsVolume.java:<init>(176)) - Creating Volume: /workdir/hadoop-ozone/integration-test/target/test-dir/MiniOzoneClusterImpl-c15ae153-fb36-4826-a287-e4cef41ee116/datanode-6/data/containers/hdds of  storage type : DISK and capacity : 1482555576320
2019-08-27 10:38:24,747 [main] INFO  volume.VolumeSet (VolumeSet.java:initializeVolumeSet(170)) - Added Volume : /workdir/hadoop-ozone/integration-test/target/test-dir/MiniOzoneClusterImpl-c15ae153-fb36-4826-a287-e4cef41ee116/datanode-6/data/containers/hdds to VolumeSet
2019-08-27 10:38:24,747 [main] INFO  volume.ThrottledAsyncChecker (ThrottledAsyncChecker.java:schedule(140)) - Scheduling a check for org.apache.hadoop.ozone.container.common.volume.HddsVolume@68d21554
2019-08-27 10:38:24,747 [main] INFO  volume.HddsVolumeChecker (HddsVolumeChecker.java:checkAllVolumes(203)) - Scheduled health check for volume org.apache.hadoop.ozone.container.common.volume.HddsVolume@68d21554
2019-08-27 10:38:24,768 [main] INFO  impl.RaftServerProxy (ConfUtils.java:logGet(43)) - raft.rpc.type = GRPC (default)
2019-08-27 10:38:24,768 [main] INFO  grpc.GrpcFactory (GrpcFactory.java:checkPooledByteBufAllocatorUseCacheForAllThreads(45)) - PERFORMANCE WARNING: useCacheForAllThreads is true that may cause Netty to create a lot garbage objects and, as a result, trigger GC.
	It is recommended to disable useCacheForAllThreads by setting -Dorg.apache.ratis.thirdparty.io.netty.allocator.useCacheForAllThreads=false in command line.
2019-08-27 10:38:24,769 [main] INFO  grpc.GrpcConfigKeys$Server (ConfUtils.java:logGet(43)) - raft.grpc.server.port = 0 (default)
2019-08-27 10:38:24,769 [main] INFO  server.GrpcService (ConfUtils.java:logGet(43)) - raft.grpc.message.size.max = 33570816 (custom)
2019-08-27 10:38:24,769 [main] INFO  server.RaftServerConfigKeys (ConfUtils.java:logGet(43)) - raft.server.log.appender.buffer.byte-limit = 33554432 (custom)
2019-08-27 10:38:24,769 [main] INFO  server.GrpcService (ConfUtils.java:logGet(43)) - raft.grpc.flow.control.window = 1MB (=1048576) (default)
2019-08-27 10:38:24,770 [main] INFO  server.RaftServerConfigKeys (ConfUtils.java:logGet(43)) - raft.server.rpc.request.timeout = 3000ms (default)
2019-08-27 10:38:24,770 [main] INFO  server.RaftServerConfigKeys (ConfUtils.java:logGet(43)) - raft.server.storage.dir = [/workdir/hadoop-ozone/integration-test/target/test-dir/MiniOzoneClusterImpl-c15ae153-fb36-4826-a287-e4cef41ee116/datanode-6/data/ratis] (custom)
2019-08-27 10:38:24,771 [main] INFO  replication.SimpleContainerDownloader (SimpleContainerDownloader.java:<init>(72)) - Starting container downloader service to copy containers to replicate.
2019-08-27 10:38:24,772 [main] INFO  hdfs.DFSUtil (DFSUtil.java:httpServerTemplateForNNAndJN(1641)) - Starting Web-server for hddsDatanode at: http://0.0.0.0:0
2019-08-27 10:38:24,773 [main] INFO  server.AuthenticationFilter (AuthenticationFilter.java:constructSecretProvider(240)) - Unable to initialize FileSignerSecretProvider, falling back to use random secrets.
2019-08-27 10:38:24,773 [main] WARN  http.HttpRequestLog (HttpRequestLog.java:getRequestLog(97)) - Jetty request log can only be enabled using Log4j
2019-08-27 10:38:24,774 [main] INFO  http.HttpServer2 (HttpServer2.java:addGlobalFilter(975)) - Added global filter 'safety' (class=org.apache.hadoop.http.HttpServer2$QuotingInputFilter)
2019-08-27 10:38:24,775 [main] INFO  http.HttpServer2 (HttpServer2.java:addFilter(948)) - Added filter static_user_filter (class=org.apache.hadoop.http.lib.StaticUserWebFilter$StaticUserFilter) to context hddsDatanode
2019-08-27 10:38:24,775 [main] INFO  http.HttpServer2 (HttpServer2.java:addFilter(958)) - Added filter static_user_filter (class=org.apache.hadoop.http.lib.StaticUserWebFilter$StaticUserFilter) to context logs
2019-08-27 10:38:24,775 [main] INFO  http.HttpServer2 (HttpServer2.java:addFilter(958)) - Added filter static_user_filter (class=org.apache.hadoop.http.lib.StaticUserWebFilter$StaticUserFilter) to context static
2019-08-27 10:38:24,776 [main] INFO  http.HttpServer2 (HttpServer2.java:bindListener(1191)) - Jetty bound to port 40556
2019-08-27 10:38:24,776 [main] INFO  server.Server (Server.java:doStart(351)) - jetty-9.3.24.v20180605, build timestamp: 2018-06-05T17:11:56Z, git hash: 84205aa28f11a4f31f2a3b86d1bba2cc8ab69827
2019-08-27 10:38:24,778 [main] INFO  handler.ContextHandler (ContextHandler.java:doStart(781)) - Started o.e.j.s.ServletContextHandler@387f53cf{/logs,file:///workdir/hadoop-ozone/integration-test/target/log,AVAILABLE}
2019-08-27 10:38:24,778 [main] INFO  handler.ContextHandler (ContextHandler.java:doStart(781)) - Started o.e.j.s.ServletContextHandler@698cc99d{/static,jar:file:/home/user/.m2/repository/org/apache/hadoop/hadoop-hdds-container-service/0.5.0-SNAPSHOT/hadoop-hdds-container-service-0.5.0-SNAPSHOT.jar!/webapps/static,AVAILABLE}
2019-08-27 10:38:24,805 [main] INFO  handler.ContextHandler (ContextHandler.java:doStart(781)) - Started o.e.j.w.WebAppContext@5ce76938{/,file:///tmp/jetty-0.0.0.0-40556-hddsDatanode-_-any-4693375113935467486.dir/webapp/,AVAILABLE}{/hddsDatanode}
2019-08-27 10:38:24,805 [main] INFO  server.AbstractConnector (AbstractConnector.java:doStart(278)) - Started ServerConnector@56653a4d{HTTP/1.1,[http/1.1]}{0.0.0.0:40556}
2019-08-27 10:38:24,806 [main] INFO  server.Server (Server.java:doStart(419)) - Started @653870ms
2019-08-27 10:38:24,807 [main] INFO  server.BaseHttpServer (BaseHttpServer.java:updateConnectorAddress(213)) - HTTP server of HDDSDATANODE is listening at http://0.0.0.0:40556
2019-08-27 10:38:24,921 | INFO  | ObjectStoreRestHttpServer | Listening HDDS REST traffic on /0.0.0.0:44410 |  
2019-08-27 10:38:24,921 [main] INFO  ozone.HddsDatanodeService (HddsDatanodeService.java:startPlugins(395)) - Started plug-in org.apache.hadoop.ozone.web.OzoneHddsDatanodeService@22846025
2019-08-27 10:38:24,921 [main] INFO  ozone.MiniOzoneClusterImpl (MiniOzoneClusterImpl.java:lambda$waitForClusterToBeReady$0(142)) - Waiting for cluster to be ready. Got 0 of 7 DN Heartbeats.
2019-08-27 10:38:24,923 [org.apache.hadoop.util.JvmPauseMonitor$Monitor@3b529c70] INFO  util.JvmPauseMonitor (JvmPauseMonitor.java:run(188)) - Starting JVM pause monitor
2019-08-27 10:38:24,924 [Datanode State Machine Thread - 0] INFO  datanode.InitDatanodeState (InitDatanodeState.java:persistContainerDatanodeDetails(140)) - DatanodeDetails is persisted to /workdir/hadoop-ozone/integration-test/target/test-dir/MiniOzoneClusterImpl-c15ae153-fb36-4826-a287-e4cef41ee116/datanode-6/meta/datanode.id
2019-08-27 10:38:25,742 | INFO  | SCMAudit | user=jenkins1000 | ip=192.168.5.140 | op=GET_VERSION null | ret=SUCCESS |  
2019-08-27 10:38:25,758 [Datanode State Machine Thread - 0] INFO  ozoneimpl.OzoneContainer (OzoneContainer.java:start(186)) - Attempting to start container services.
2019-08-27 10:38:25,759 [Datanode State Machine Thread - 0] INFO  ozoneimpl.OzoneContainer (OzoneContainer.java:startContainerScrub(160)) - Background container scrubber has been disabled by hdds.containerscrub.enabled
2019-08-27 10:38:25,759 [Datanode State Machine Thread - 0] INFO  ratis.XceiverServerRatis (XceiverServerRatis.java:start(404)) - Starting XceiverServerRatis 8a499d08-9a52-4eaf-822d-1c8aaae5e0bd at port 0
2019-08-27 10:38:25,767 [Datanode State Machine Thread - 0] INFO  impl.RaftServerProxy (RaftServerProxy.java:lambda$start$3(299)) - 8a499d08-9a52-4eaf-822d-1c8aaae5e0bd: start RPC server
2019-08-27 10:38:25,769 [Datanode State Machine Thread - 0] INFO  server.GrpcService (GrpcService.java:startImpl(149)) - 8a499d08-9a52-4eaf-822d-1c8aaae5e0bd: GrpcService started, listening on 0.0.0.0/0.0.0.0:46555
2019-08-27 10:38:25,769 [Datanode State Machine Thread - 0] INFO  ratis.XceiverServerRatis (XceiverServerRatis.java:start(414)) - XceiverServerRatis 8a499d08-9a52-4eaf-822d-1c8aaae5e0bd is started using port 46555
2019-08-27 10:38:25,770 [Datanode State Machine Thread - 0] INFO  server.XceiverServerGrpc (XceiverServerGrpc.java:start(161)) - XceiverServerGrpc 8a499d08-9a52-4eaf-822d-1c8aaae5e0bd is started using port 33773
2019-08-27 10:38:25,922 [main] INFO  ozone.MiniOzoneClusterImpl (MiniOzoneClusterImpl.java:lambda$waitForClusterToBeReady$0(142)) - Waiting for cluster to be ready. Got 0 of 7 DN Heartbeats.
2019-08-27 10:38:25,925 | INFO  | SCMAudit | user=jenkins1000 | ip=192.168.5.140 | op=GET_VERSION null | ret=SUCCESS |  
2019-08-27 10:38:25,939 [Datanode State Machine Thread - 0] INFO  ozoneimpl.OzoneContainer (OzoneContainer.java:start(186)) - Attempting to start container services.
2019-08-27 10:38:25,939 [Datanode State Machine Thread - 0] INFO  ozoneimpl.OzoneContainer (OzoneContainer.java:startContainerScrub(160)) - Background container scrubber has been disabled by hdds.containerscrub.enabled
2019-08-27 10:38:25,939 [Datanode State Machine Thread - 0] INFO  ratis.XceiverServerRatis (XceiverServerRatis.java:start(404)) - Starting XceiverServerRatis 18958245-7eb0-45e5-8b80-d1a4d5f9fe80 at port 0
2019-08-27 10:38:25,948 [Datanode State Machine Thread - 0] INFO  impl.RaftServerProxy (RaftServerProxy.java:lambda$start$3(299)) - 18958245-7eb0-45e5-8b80-d1a4d5f9fe80: start RPC server
2019-08-27 10:38:25,951 [Datanode State Machine Thread - 0] INFO  server.GrpcService (GrpcService.java:startImpl(149)) - 18958245-7eb0-45e5-8b80-d1a4d5f9fe80: GrpcService started, listening on 0.0.0.0/0.0.0.0:40728
2019-08-27 10:38:25,951 [Datanode State Machine Thread - 0] INFO  ratis.XceiverServerRatis (XceiverServerRatis.java:start(414)) - XceiverServerRatis 18958245-7eb0-45e5-8b80-d1a4d5f9fe80 is started using port 40728
2019-08-27 10:38:25,952 [Datanode State Machine Thread - 0] INFO  server.XceiverServerGrpc (XceiverServerGrpc.java:start(161)) - XceiverServerGrpc 18958245-7eb0-45e5-8b80-d1a4d5f9fe80 is started using port 34284
2019-08-27 10:38:26,125 | INFO  | SCMAudit | user=jenkins1000 | ip=192.168.5.140 | op=GET_VERSION null | ret=SUCCESS |  
2019-08-27 10:38:26,141 [Datanode State Machine Thread - 0] INFO  ozoneimpl.OzoneContainer (OzoneContainer.java:start(186)) - Attempting to start container services.
2019-08-27 10:38:26,142 [Datanode State Machine Thread - 0] INFO  ozoneimpl.OzoneContainer (OzoneContainer.java:startContainerScrub(160)) - Background container scrubber has been disabled by hdds.containerscrub.enabled
2019-08-27 10:38:26,142 [Datanode State Machine Thread - 0] INFO  ratis.XceiverServerRatis (XceiverServerRatis.java:start(404)) - Starting XceiverServerRatis c2184b09-bc75-4b7e-aaa7-b2bff6604c2b at port 0
2019-08-27 10:38:26,149 [Datanode State Machine Thread - 0] INFO  impl.RaftServerProxy (RaftServerProxy.java:lambda$start$3(299)) - c2184b09-bc75-4b7e-aaa7-b2bff6604c2b: start RPC server
2019-08-27 10:38:26,150 [Datanode State Machine Thread - 0] INFO  server.GrpcService (GrpcService.java:startImpl(149)) - c2184b09-bc75-4b7e-aaa7-b2bff6604c2b: GrpcService started, listening on 0.0.0.0/0.0.0.0:36038
2019-08-27 10:38:26,150 [Datanode State Machine Thread - 0] INFO  ratis.XceiverServerRatis (XceiverServerRatis.java:start(414)) - XceiverServerRatis c2184b09-bc75-4b7e-aaa7-b2bff6604c2b is started using port 36038
2019-08-27 10:38:26,168 [Datanode State Machine Thread - 0] INFO  server.XceiverServerGrpc (XceiverServerGrpc.java:start(161)) - XceiverServerGrpc c2184b09-bc75-4b7e-aaa7-b2bff6604c2b is started using port 41783
2019-08-27 10:38:26,327 | INFO  | SCMAudit | user=jenkins1000 | ip=192.168.5.140 | op=GET_VERSION null | ret=SUCCESS |  
2019-08-27 10:38:26,346 [Datanode State Machine Thread - 0] INFO  ozoneimpl.OzoneContainer (OzoneContainer.java:start(186)) - Attempting to start container services.
2019-08-27 10:38:26,347 [Datanode State Machine Thread - 0] INFO  ozoneimpl.OzoneContainer (OzoneContainer.java:startContainerScrub(160)) - Background container scrubber has been disabled by hdds.containerscrub.enabled
2019-08-27 10:38:26,347 [Datanode State Machine Thread - 0] INFO  ratis.XceiverServerRatis (XceiverServerRatis.java:start(404)) - Starting XceiverServerRatis d6c5e83e-90a3-43cc-b4b7-619ef1f1607f at port 0
2019-08-27 10:38:26,356 [Datanode State Machine Thread - 0] INFO  impl.RaftServerProxy (RaftServerProxy.java:lambda$start$3(299)) - d6c5e83e-90a3-43cc-b4b7-619ef1f1607f: start RPC server
2019-08-27 10:38:26,357 [Datanode State Machine Thread - 0] INFO  server.GrpcService (GrpcService.java:startImpl(149)) - d6c5e83e-90a3-43cc-b4b7-619ef1f1607f: GrpcService started, listening on 0.0.0.0/0.0.0.0:35498
2019-08-27 10:38:26,357 [Datanode State Machine Thread - 0] INFO  ratis.XceiverServerRatis (XceiverServerRatis.java:start(414)) - XceiverServerRatis d6c5e83e-90a3-43cc-b4b7-619ef1f1607f is started using port 35498
2019-08-27 10:38:26,358 [Datanode State Machine Thread - 0] INFO  server.XceiverServerGrpc (XceiverServerGrpc.java:start(161)) - XceiverServerGrpc d6c5e83e-90a3-43cc-b4b7-619ef1f1607f is started using port 37737
2019-08-27 10:38:26,537 | INFO  | SCMAudit | user=jenkins1000 | ip=192.168.5.140 | op=GET_VERSION null | ret=SUCCESS |  
2019-08-27 10:38:26,551 [Datanode State Machine Thread - 0] INFO  ozoneimpl.OzoneContainer (OzoneContainer.java:start(186)) - Attempting to start container services.
2019-08-27 10:38:26,551 [Datanode State Machine Thread - 0] INFO  ozoneimpl.OzoneContainer (OzoneContainer.java:startContainerScrub(160)) - Background container scrubber has been disabled by hdds.containerscrub.enabled
2019-08-27 10:38:26,551 [Datanode State Machine Thread - 0] INFO  ratis.XceiverServerRatis (XceiverServerRatis.java:start(404)) - Starting XceiverServerRatis f12a520e-da2a-467c-b7aa-1b00d63be15e at port 0
2019-08-27 10:38:26,561 [Datanode State Machine Thread - 0] INFO  impl.RaftServerProxy (RaftServerProxy.java:lambda$start$3(299)) - f12a520e-da2a-467c-b7aa-1b00d63be15e: start RPC server
2019-08-27 10:38:26,562 [Datanode State Machine Thread - 0] INFO  server.GrpcService (GrpcService.java:startImpl(149)) - f12a520e-da2a-467c-b7aa-1b00d63be15e: GrpcService started, listening on 0.0.0.0/0.0.0.0:44520
2019-08-27 10:38:26,562 [Datanode State Machine Thread - 0] INFO  ratis.XceiverServerRatis (XceiverServerRatis.java:start(414)) - XceiverServerRatis f12a520e-da2a-467c-b7aa-1b00d63be15e is started using port 44520
2019-08-27 10:38:26,562 [Datanode State Machine Thread - 0] INFO  server.XceiverServerGrpc (XceiverServerGrpc.java:start(161)) - XceiverServerGrpc f12a520e-da2a-467c-b7aa-1b00d63be15e is started using port 37927
2019-08-27 10:38:26,731 | INFO  | SCMAudit | user=jenkins1000 | ip=192.168.5.140 | op=GET_VERSION null | ret=SUCCESS |  
2019-08-27 10:38:26,745 [Datanode State Machine Thread - 0] INFO  ozoneimpl.OzoneContainer (OzoneContainer.java:start(186)) - Attempting to start container services.
2019-08-27 10:38:26,745 [Datanode State Machine Thread - 0] INFO  ozoneimpl.OzoneContainer (OzoneContainer.java:startContainerScrub(160)) - Background container scrubber has been disabled by hdds.containerscrub.enabled
2019-08-27 10:38:26,745 [Datanode State Machine Thread - 0] INFO  ratis.XceiverServerRatis (XceiverServerRatis.java:start(404)) - Starting XceiverServerRatis 55846269-6583-45cb-807e-dad1f0ee78d3 at port 0
2019-08-27 10:38:26,755 [Datanode State Machine Thread - 0] INFO  impl.RaftServerProxy (RaftServerProxy.java:lambda$start$3(299)) - 55846269-6583-45cb-807e-dad1f0ee78d3: start RPC server
2019-08-27 10:38:26,756 [Datanode State Machine Thread - 0] INFO  server.GrpcService (GrpcService.java:startImpl(149)) - 55846269-6583-45cb-807e-dad1f0ee78d3: GrpcService started, listening on 0.0.0.0/0.0.0.0:40107
2019-08-27 10:38:26,756 [Datanode State Machine Thread - 0] INFO  ratis.XceiverServerRatis (XceiverServerRatis.java:start(414)) - XceiverServerRatis 55846269-6583-45cb-807e-dad1f0ee78d3 is started using port 40107
2019-08-27 10:38:26,757 [Datanode State Machine Thread - 0] INFO  server.XceiverServerGrpc (XceiverServerGrpc.java:start(161)) - XceiverServerGrpc 55846269-6583-45cb-807e-dad1f0ee78d3 is started using port 37400
2019-08-27 10:38:26,922 [main] INFO  ozone.MiniOzoneClusterImpl (MiniOzoneClusterImpl.java:lambda$waitForClusterToBeReady$0(142)) - Waiting for cluster to be ready. Got 0 of 7 DN Heartbeats.
2019-08-27 10:38:26,923 | INFO  | SCMAudit | user=jenkins1000 | ip=192.168.5.140 | op=GET_VERSION null | ret=SUCCESS |  
2019-08-27 10:38:26,948 [Datanode State Machine Thread - 0] INFO  ozoneimpl.OzoneContainer (OzoneContainer.java:start(186)) - Attempting to start container services.
2019-08-27 10:38:26,948 [Datanode State Machine Thread - 0] INFO  ozoneimpl.OzoneContainer (OzoneContainer.java:startContainerScrub(160)) - Background container scrubber has been disabled by hdds.containerscrub.enabled
2019-08-27 10:38:26,948 [Datanode State Machine Thread - 0] INFO  ratis.XceiverServerRatis (XceiverServerRatis.java:start(404)) - Starting XceiverServerRatis 5ec53e02-a1c2-407d-b0be-b295a4de7079 at port 0
2019-08-27 10:38:26,958 [Datanode State Machine Thread - 0] INFO  impl.RaftServerProxy (RaftServerProxy.java:lambda$start$3(299)) - 5ec53e02-a1c2-407d-b0be-b295a4de7079: start RPC server
2019-08-27 10:38:26,959 [Datanode State Machine Thread - 0] INFO  server.GrpcService (GrpcService.java:startImpl(149)) - 5ec53e02-a1c2-407d-b0be-b295a4de7079: GrpcService started, listening on 0.0.0.0/0.0.0.0:41259
2019-08-27 10:38:26,959 [Datanode State Machine Thread - 0] INFO  ratis.XceiverServerRatis (XceiverServerRatis.java:start(414)) - XceiverServerRatis 5ec53e02-a1c2-407d-b0be-b295a4de7079 is started using port 41259
2019-08-27 10:38:26,960 [Datanode State Machine Thread - 0] INFO  server.XceiverServerGrpc (XceiverServerGrpc.java:start(161)) - XceiverServerGrpc 5ec53e02-a1c2-407d-b0be-b295a4de7079 is started using port 39946
2019-08-27 10:38:27,741 [IPC Server handler 6 on 41411] INFO  net.NetworkTopology (NetworkTopologyImpl.java:add(110)) - Added a new node: /default-rack/8a499d08-9a52-4eaf-822d-1c8aaae5e0bd
2019-08-27 10:38:27,744 [IPC Server handler 6 on 41411] INFO  node.SCMNodeManager (SCMNodeManager.java:register(273)) - Registered Data node : 8a499d08-9a52-4eaf-822d-1c8aaae5e0bd{ip: 192.168.5.140, host: pr-hdds-1982-decom-states-5k2nc-2490103652, networkLocation: /default-rack, certSerialId: null}
2019-08-27 10:38:27,745 [EventQueue-NodeRegistrationContainerReportForDataNodeSafeModeRule] INFO  safemode.SCMSafeModeManager (DataNodeSafeModeRule.java:process(71)) - SCM in safe mode. 1 DataNodes registered, 1 required.
2019-08-27 10:38:27,746 | INFO  | SCMAudit | user=jenkins1000 | ip=192.168.5.140 | op=REGISTER {datanodeDetails=8a499d08-9a52-4eaf-822d-1c8aaae5e0bd{ip: 192.168.5.140, host: pr-hdds-1982-decom-states-5k2nc-2490103652, networkLocation: /default-rack, certSerialId: null}} | ret=SUCCESS |  
2019-08-27 10:38:27,748 [EventQueue-NodeRegistrationContainerReportForDataNodeSafeModeRule] INFO  safemode.SCMSafeModeManager (SCMSafeModeManager.java:validateSafeModeExitRules(177)) - ScmSafeModeManager, all rules are successfully validated
2019-08-27 10:38:27,748 [EventQueue-NodeRegistrationContainerReportForDataNodeSafeModeRule] INFO  safemode.SCMSafeModeManager (SCMSafeModeManager.java:exitSafeMode(193)) - SCM exiting safe mode.
2019-08-27 10:38:27,756 [grpc-default-executor-3] INFO  impl.RaftServerProxy (RaftServerProxy.java:addNew(89)) - 8a499d08-9a52-4eaf-822d-1c8aaae5e0bd: addNew group-CC7F0617F32B:[8a499d08-9a52-4eaf-822d-1c8aaae5e0bd:192.168.5.140:46555] returns group-CC7F0617F32B:java.util.concurrent.CompletableFuture@c2cd3f8[Not completed]
2019-08-27 10:38:27,758 [pool-730-thread-1] INFO  impl.RaftServerImpl (RaftServerImpl.java:<init>(93)) - 8a499d08-9a52-4eaf-822d-1c8aaae5e0bd: new RaftServerImpl for group-CC7F0617F32B:[8a499d08-9a52-4eaf-822d-1c8aaae5e0bd:192.168.5.140:46555] with ContainerStateMachine:uninitialized
2019-08-27 10:38:27,758 [pool-730-thread-1] INFO  server.RaftServerConfigKeys (ConfUtils.java:logGet(43)) - raft.server.rpc.timeout.min = 5s (custom)
2019-08-27 10:38:27,758 [pool-730-thread-1] INFO  server.RaftServerConfigKeys (ConfUtils.java:logGet(43)) - raft.server.rpc.timeout.max = 5200ms (custom)
2019-08-27 10:38:27,758 [pool-730-thread-1] INFO  server.RaftServerConfigKeys (ConfUtils.java:logGet(43)) - raft.server.rpcslowness.timeout = 120s (custom)
2019-08-27 10:38:27,759 [pool-730-thread-1] INFO  server.RaftServerConfigKeys (ConfUtils.java:logGet(43)) - raft.server.sleep.deviation.threshold = 300 (default)
2019-08-27 10:38:27,759 [pool-730-thread-1] INFO  server.RaftServerConfigKeys (ConfUtils.java:logGet(43)) - raft.server.log.appender.install.snapshot.enabled = false (custom)
2019-08-27 10:38:27,759 [pool-730-thread-1] INFO  impl.RaftServerImpl (ServerState.java:<init>(105)) - 8a499d08-9a52-4eaf-822d-1c8aaae5e0bd:group-CC7F0617F32B ConfigurationManager, init=-1: [8a499d08-9a52-4eaf-822d-1c8aaae5e0bd:192.168.5.140:46555], old=null, confs=<EMPTY_MAP>
2019-08-27 10:38:27,759 [pool-730-thread-1] INFO  server.RaftServerConfigKeys (ConfUtils.java:logGet(43)) - raft.server.storage.dir = [/workdir/hadoop-ozone/integration-test/target/test-dir/MiniOzoneClusterImpl-c15ae153-fb36-4826-a287-e4cef41ee116/datanode-0/data/ratis] (custom)
2019-08-27 10:38:27,760 [pool-730-thread-1] INFO  storage.RaftStorageDirectory (RaftStorageDirectory.java:analyzeStorage(246)) - The storage directory /workdir/hadoop-ozone/integration-test/target/test-dir/MiniOzoneClusterImpl-c15ae153-fb36-4826-a287-e4cef41ee116/datanode-0/data/ratis/f9b18638-78cb-48e7-afd5-cc7f0617f32b does not exist. Creating ...
2019-08-27 10:38:27,773 [pool-730-thread-1] INFO  storage.RaftStorageDirectory (RaftStorageDirectory.java:tryLock(328)) - Lock on /workdir/hadoop-ozone/integration-test/target/test-dir/MiniOzoneClusterImpl-c15ae153-fb36-4826-a287-e4cef41ee116/datanode-0/data/ratis/f9b18638-78cb-48e7-afd5-cc7f0617f32b/in_use.lock acquired by nodename 25300@pr-hdds-1982-decom-states-5k2nc-2490103652
2019-08-27 10:38:27,787 [pool-730-thread-1] INFO  storage.RaftStorage (RaftStorage.java:format(72)) - Storage directory /workdir/hadoop-ozone/integration-test/target/test-dir/MiniOzoneClusterImpl-c15ae153-fb36-4826-a287-e4cef41ee116/datanode-0/data/ratis/f9b18638-78cb-48e7-afd5-cc7f0617f32b has been successfully formatted.
2019-08-27 10:38:27,787 [pool-730-thread-1] INFO  ratis.ContainerStateMachine (ContainerStateMachine.java:loadSnapshot(226)) - group-CC7F0617F32B: The snapshot info is null. Setting the last applied indexto:(t:0, i:~)
2019-08-27 10:38:27,787 [pool-730-thread-1] INFO  server.RaftServerConfigKeys (ConfUtils.java:logGet(43)) - raft.server.leader.election.timeout = 120s (custom)
2019-08-27 10:38:27,787 [pool-730-thread-1] INFO  server.RaftServerConfigKeys (ConfUtils.java:logGet(43)) - raft.server.log.use.memory = false (default)
2019-08-27 10:38:27,787 [pool-730-thread-1] INFO  server.RaftServerConfigKeys (ConfUtils.java:logGet(43)) - raft.server.log.purge.gap = 1000000 (custom)
2019-08-27 10:38:27,788 [pool-730-thread-1] INFO  server.RaftServerConfigKeys (ConfUtils.java:logGet(43)) - raft.server.log.appender.buffer.byte-limit = 33554432 (custom)
2019-08-27 10:38:27,788 [pool-730-thread-1] INFO  server.RaftServerConfigKeys (ConfUtils.java:logGet(43)) - raft.server.log.segment.size.max = 1048576 (custom)
2019-08-27 10:38:27,788 [pool-730-thread-1] INFO  server.RaftServerConfigKeys (ConfUtils.java:logGet(43)) - raft.server.log.segment.cache.num.max = 2 (custom)
2019-08-27 10:38:27,788 [pool-730-thread-1] INFO  segmented.SegmentedRaftLogWorker (SegmentedRaftLogWorker.java:<init>(172)) - new 8a499d08-9a52-4eaf-822d-1c8aaae5e0bd-SegmentedRaftLogWorker:Storage Directory /workdir/hadoop-ozone/integration-test/target/test-dir/MiniOzoneClusterImpl-c15ae153-fb36-4826-a287-e4cef41ee116/datanode-0/data/ratis/f9b18638-78cb-48e7-afd5-cc7f0617f32b for RaftStorage:Storage Directory /workdir/hadoop-ozone/integration-test/target/test-dir/MiniOzoneClusterImpl-c15ae153-fb36-4826-a287-e4cef41ee116/datanode-0/data/ratis/f9b18638-78cb-48e7-afd5-cc7f0617f32b
2019-08-27 10:38:27,788 [pool-730-thread-1] INFO  server.RaftServerConfigKeys (ConfUtils.java:logGet(43)) - raft.server.log.queue.byte-limit = 2147483647 (custom)
2019-08-27 10:38:27,789 [pool-730-thread-1] INFO  server.RaftServerConfigKeys (ConfUtils.java:logGet(43)) - raft.server.log.queue.element-limit = 1024 (custom)
2019-08-27 10:38:27,789 [pool-730-thread-1] INFO  server.RaftServerConfigKeys (ConfUtils.java:logGet(43)) - raft.server.log.segment.size.max = 1048576 (custom)
2019-08-27 10:38:27,789 [pool-730-thread-1] INFO  server.RaftServerConfigKeys (ConfUtils.java:logGet(43)) - raft.server.log.preallocated.size = 16384 (custom)
2019-08-27 10:38:27,790 [pool-730-thread-1] INFO  server.RaftServerConfigKeys (ConfUtils.java:logGet(43)) - raft.server.log.write.buffer.size = 33554432 (custom)
2019-08-27 10:38:27,790 [pool-730-thread-1] INFO  server.RaftServerConfigKeys (ConfUtils.java:logGet(43)) - raft.server.log.force.sync.num = 128 (default)
2019-08-27 10:38:27,790 [pool-730-thread-1] INFO  server.RaftServerConfigKeys (ConfUtils.java:logGet(43)) - raft.server.log.statemachine.data.sync = true (default)
2019-08-27 10:38:27,790 [pool-730-thread-1] INFO  server.RaftServerConfigKeys (ConfUtils.java:logGet(43)) - raft.server.log.statemachine.data.sync.timeout = 10s (default)
2019-08-27 10:38:27,790 [pool-730-thread-1] INFO  server.RaftServerConfigKeys (ConfUtils.java:logGet(43)) - raft.server.log.statemachine.data.sync.timeout.retry = -1 (default)
2019-08-27 10:38:27,791 [pool-730-thread-1] INFO  server.RaftServerConfigKeys (ConfUtils.java:logGet(43)) - raft.server.log.statemachine.data.caching.enabled = true (custom)
2019-08-27 10:38:27,791 [pool-730-thread-1] INFO  segmented.SegmentedRaftLogWorker (SegmentedRaftLogWorker.java:lambda$new$0(132)) - 8a499d08-9a52-4eaf-822d-1c8aaae5e0bd-SegmentedRaftLogWorker:Storage Directory /workdir/hadoop-ozone/integration-test/target/test-dir/MiniOzoneClusterImpl-c15ae153-fb36-4826-a287-e4cef41ee116/datanode-0/data/ratis/f9b18638-78cb-48e7-afd5-cc7f0617f32b: flushIndex: setUnconditionally 0 -> -1
2019-08-27 10:38:27,791 [pool-730-thread-1] INFO  server.RaftServerConfigKeys (ConfUtils.java:logGet(43)) - raft.server.snapshot.auto.trigger.enabled = true (custom)
2019-08-27 10:38:27,792 [pool-730-thread-1] INFO  server.RaftServerConfigKeys (ConfUtils.java:logGet(43)) - raft.server.snapshot.auto.trigger.threshold = 10000 (custom)
2019-08-27 10:38:27,792 [pool-730-thread-1] INFO  server.RaftServerConfigKeys (ConfUtils.java:logGet(43)) - raft.server.retrycache.expirytime = 600000ms (custom)
2019-08-27 10:38:27,792 [pool-730-thread-1] INFO  impl.RaftServerImpl (RaftServerImpl.java:start(180)) - 8a499d08-9a52-4eaf-822d-1c8aaae5e0bd: start group-CC7F0617F32B
2019-08-27 10:38:27,792 [pool-730-thread-1] INFO  impl.RaftServerImpl (RaftServerImpl.java:setRole(171)) - 8a499d08-9a52-4eaf-822d-1c8aaae5e0bd:group-CC7F0617F32B changes role from null to FOLLOWER at term 0 for startAsFollower
2019-08-27 10:38:27,792 [pool-730-thread-1] INFO  impl.RoleInfo (RoleInfo.java:updateAndGet(143)) - 8a499d08-9a52-4eaf-822d-1c8aaae5e0bd: start FollowerState
2019-08-27 10:38:27,793 [pool-730-thread-1] INFO  util.JmxRegister (JmxRegister.java:tryRegister(44)) - Successfully registered JMX Bean with object name Ratis:service=RaftServer,group=group-CC7F0617F32B,id=8a499d08-9a52-4eaf-822d-1c8aaae5e0bd
2019-08-27 10:38:27,796 [RatisPipelineUtilsThread] INFO  pipeline.PipelineStateManager (PipelineStateManager.java:addPipeline(56)) - Created pipeline Pipeline[ Id: f9b18638-78cb-48e7-afd5-cc7f0617f32b, Nodes: 8a499d08-9a52-4eaf-822d-1c8aaae5e0bd{ip: 192.168.5.140, host: pr-hdds-1982-decom-states-5k2nc-2490103652, networkLocation: /default-rack, certSerialId: null}, Type:RATIS, Factor:ONE, State:OPEN]
2019-08-27 10:38:27,924 [main] INFO  ozone.MiniOzoneClusterImpl (MiniOzoneClusterImpl.java:lambda$waitForClusterToBeReady$0(142)) - Waiting for cluster to be ready. Got 1 of 7 DN Heartbeats.
2019-08-27 10:38:27,925 [IPC Server handler 2 on 41411] INFO  net.NetworkTopology (NetworkTopologyImpl.java:add(110)) - Added a new node: /default-rack/18958245-7eb0-45e5-8b80-d1a4d5f9fe80
2019-08-27 10:38:27,925 [IPC Server handler 2 on 41411] INFO  node.SCMNodeManager (SCMNodeManager.java:register(273)) - Registered Data node : 18958245-7eb0-45e5-8b80-d1a4d5f9fe80{ip: 192.168.5.140, host: pr-hdds-1982-decom-states-5k2nc-2490103652, networkLocation: /default-rack, certSerialId: null}
2019-08-27 10:38:27,926 | INFO  | SCMAudit | user=jenkins1000 | ip=192.168.5.140 | op=REGISTER {datanodeDetails=18958245-7eb0-45e5-8b80-d1a4d5f9fe80{ip: 192.168.5.140, host: pr-hdds-1982-decom-states-5k2nc-2490103652, networkLocation: /default-rack, certSerialId: null}} | ret=SUCCESS |  
2019-08-27 10:38:27,932 [grpc-default-executor-3] INFO  impl.RaftServerProxy (RaftServerProxy.java:addNew(89)) - 18958245-7eb0-45e5-8b80-d1a4d5f9fe80: addNew group-6FD179358567:[18958245-7eb0-45e5-8b80-d1a4d5f9fe80:192.168.5.140:40728] returns group-6FD179358567:java.util.concurrent.CompletableFuture@21e5cc3[Not completed]
2019-08-27 10:38:27,934 [pool-741-thread-1] INFO  impl.RaftServerImpl (RaftServerImpl.java:<init>(93)) - 18958245-7eb0-45e5-8b80-d1a4d5f9fe80: new RaftServerImpl for group-6FD179358567:[18958245-7eb0-45e5-8b80-d1a4d5f9fe80:192.168.5.140:40728] with ContainerStateMachine:uninitialized
2019-08-27 10:38:27,934 [pool-741-thread-1] INFO  server.RaftServerConfigKeys (ConfUtils.java:logGet(43)) - raft.server.rpc.timeout.min = 5s (custom)
2019-08-27 10:38:27,934 [pool-741-thread-1] INFO  server.RaftServerConfigKeys (ConfUtils.java:logGet(43)) - raft.server.rpc.timeout.max = 5200ms (custom)
2019-08-27 10:38:27,934 [pool-741-thread-1] INFO  server.RaftServerConfigKeys (ConfUtils.java:logGet(43)) - raft.server.rpcslowness.timeout = 120s (custom)
2019-08-27 10:38:27,934 [pool-741-thread-1] INFO  server.RaftServerConfigKeys (ConfUtils.java:logGet(43)) - raft.server.sleep.deviation.threshold = 300 (default)
2019-08-27 10:38:27,934 [pool-741-thread-1] INFO  server.RaftServerConfigKeys (ConfUtils.java:logGet(43)) - raft.server.log.appender.install.snapshot.enabled = false (custom)
2019-08-27 10:38:27,934 [pool-741-thread-1] INFO  impl.RaftServerImpl (ServerState.java:<init>(105)) - 18958245-7eb0-45e5-8b80-d1a4d5f9fe80:group-6FD179358567 ConfigurationManager, init=-1: [18958245-7eb0-45e5-8b80-d1a4d5f9fe80:192.168.5.140:40728], old=null, confs=<EMPTY_MAP>
2019-08-27 10:38:27,935 [pool-741-thread-1] INFO  server.RaftServerConfigKeys (ConfUtils.java:logGet(43)) - raft.server.storage.dir = [/workdir/hadoop-ozone/integration-test/target/test-dir/MiniOzoneClusterImpl-c15ae153-fb36-4826-a287-e4cef41ee116/datanode-1/data/ratis] (custom)
2019-08-27 10:38:27,935 [pool-741-thread-1] INFO  storage.RaftStorageDirectory (RaftStorageDirectory.java:analyzeStorage(246)) - The storage directory /workdir/hadoop-ozone/integration-test/target/test-dir/MiniOzoneClusterImpl-c15ae153-fb36-4826-a287-e4cef41ee116/datanode-1/data/ratis/5fcc3133-5058-4042-9f8d-6fd179358567 does not exist. Creating ...
2019-08-27 10:38:27,948 [pool-741-thread-1] INFO  storage.RaftStorageDirectory (RaftStorageDirectory.java:tryLock(328)) - Lock on /workdir/hadoop-ozone/integration-test/target/test-dir/MiniOzoneClusterImpl-c15ae153-fb36-4826-a287-e4cef41ee116/datanode-1/data/ratis/5fcc3133-5058-4042-9f8d-6fd179358567/in_use.lock acquired by nodename 25300@pr-hdds-1982-decom-states-5k2nc-2490103652
2019-08-27 10:38:27,962 [pool-741-thread-1] INFO  storage.RaftStorage (RaftStorage.java:format(72)) - Storage directory /workdir/hadoop-ozone/integration-test/target/test-dir/MiniOzoneClusterImpl-c15ae153-fb36-4826-a287-e4cef41ee116/datanode-1/data/ratis/5fcc3133-5058-4042-9f8d-6fd179358567 has been successfully formatted.
2019-08-27 10:38:27,962 [pool-741-thread-1] INFO  ratis.ContainerStateMachine (ContainerStateMachine.java:loadSnapshot(226)) - group-6FD179358567: The snapshot info is null. Setting the last applied indexto:(t:0, i:~)
2019-08-27 10:38:27,963 [pool-741-thread-1] INFO  server.RaftServerConfigKeys (ConfUtils.java:logGet(43)) - raft.server.leader.election.timeout = 120s (custom)
2019-08-27 10:38:27,963 [pool-741-thread-1] INFO  server.RaftServerConfigKeys (ConfUtils.java:logGet(43)) - raft.server.log.use.memory = false (default)
2019-08-27 10:38:27,963 [pool-741-thread-1] INFO  server.RaftServerConfigKeys (ConfUtils.java:logGet(43)) - raft.server.log.purge.gap = 1000000 (custom)
2019-08-27 10:38:27,963 [pool-741-thread-1] INFO  server.RaftServerConfigKeys (ConfUtils.java:logGet(43)) - raft.server.log.appender.buffer.byte-limit = 33554432 (custom)
2019-08-27 10:38:27,963 [pool-741-thread-1] INFO  server.RaftServerConfigKeys (ConfUtils.java:logGet(43)) - raft.server.log.segment.size.max = 1048576 (custom)
2019-08-27 10:38:27,964 [pool-741-thread-1] INFO  server.RaftServerConfigKeys (ConfUtils.java:logGet(43)) - raft.server.log.segment.cache.num.max = 2 (custom)
2019-08-27 10:38:27,964 [pool-741-thread-1] INFO  segmented.SegmentedRaftLogWorker (SegmentedRaftLogWorker.java:<init>(172)) - new 18958245-7eb0-45e5-8b80-d1a4d5f9fe80-SegmentedRaftLogWorker:Storage Directory /workdir/hadoop-ozone/integration-test/target/test-dir/MiniOzoneClusterImpl-c15ae153-fb36-4826-a287-e4cef41ee116/datanode-1/data/ratis/5fcc3133-5058-4042-9f8d-6fd179358567 for RaftStorage:Storage Directory /workdir/hadoop-ozone/integration-test/target/test-dir/MiniOzoneClusterImpl-c15ae153-fb36-4826-a287-e4cef41ee116/datanode-1/data/ratis/5fcc3133-5058-4042-9f8d-6fd179358567
2019-08-27 10:38:27,964 [pool-741-thread-1] INFO  server.RaftServerConfigKeys (ConfUtils.java:logGet(43)) - raft.server.log.queue.byte-limit = 2147483647 (custom)
2019-08-27 10:38:27,964 [pool-741-thread-1] INFO  server.RaftServerConfigKeys (ConfUtils.java:logGet(43)) - raft.server.log.queue.element-limit = 1024 (custom)
2019-08-27 10:38:27,965 [pool-741-thread-1] INFO  server.RaftServerConfigKeys (ConfUtils.java:logGet(43)) - raft.server.log.segment.size.max = 1048576 (custom)
2019-08-27 10:38:27,965 [pool-741-thread-1] INFO  server.RaftServerConfigKeys (ConfUtils.java:logGet(43)) - raft.server.log.preallocated.size = 16384 (custom)
2019-08-27 10:38:27,965 [pool-741-thread-1] INFO  server.RaftServerConfigKeys (ConfUtils.java:logGet(43)) - raft.server.log.write.buffer.size = 33554432 (custom)
2019-08-27 10:38:27,965 [pool-741-thread-1] INFO  server.RaftServerConfigKeys (ConfUtils.java:logGet(43)) - raft.server.log.force.sync.num = 128 (default)
2019-08-27 10:38:27,965 [pool-741-thread-1] INFO  server.RaftServerConfigKeys (ConfUtils.java:logGet(43)) - raft.server.log.statemachine.data.sync = true (default)
2019-08-27 10:38:27,965 [pool-741-thread-1] INFO  server.RaftServerConfigKeys (ConfUtils.java:logGet(43)) - raft.server.log.statemachine.data.sync.timeout = 10s (default)
2019-08-27 10:38:27,965 [pool-741-thread-1] INFO  server.RaftServerConfigKeys (ConfUtils.java:logGet(43)) - raft.server.log.statemachine.data.sync.timeout.retry = -1 (default)
2019-08-27 10:38:27,966 [pool-741-thread-1] INFO  server.RaftServerConfigKeys (ConfUtils.java:logGet(43)) - raft.server.log.statemachine.data.caching.enabled = true (custom)
2019-08-27 10:38:27,966 [pool-741-thread-1] INFO  segmented.SegmentedRaftLogWorker (SegmentedRaftLogWorker.java:lambda$new$0(132)) - 18958245-7eb0-45e5-8b80-d1a4d5f9fe80-SegmentedRaftLogWorker:Storage Directory /workdir/hadoop-ozone/integration-test/target/test-dir/MiniOzoneClusterImpl-c15ae153-fb36-4826-a287-e4cef41ee116/datanode-1/data/ratis/5fcc3133-5058-4042-9f8d-6fd179358567: flushIndex: setUnconditionally 0 -> -1
2019-08-27 10:38:27,967 [pool-741-thread-1] INFO  server.RaftServerConfigKeys (ConfUtils.java:logGet(43)) - raft.server.snapshot.auto.trigger.enabled = true (custom)
2019-08-27 10:38:27,967 [pool-741-thread-1] INFO  server.RaftServerConfigKeys (ConfUtils.java:logGet(43)) - raft.server.snapshot.auto.trigger.threshold = 10000 (custom)
2019-08-27 10:38:27,967 [pool-741-thread-1] INFO  server.RaftServerConfigKeys (ConfUtils.java:logGet(43)) - raft.server.retrycache.expirytime = 600000ms (custom)
2019-08-27 10:38:27,967 [pool-741-thread-1] INFO  impl.RaftServerImpl (RaftServerImpl.java:start(180)) - 18958245-7eb0-45e5-8b80-d1a4d5f9fe80: start group-6FD179358567
2019-08-27 10:38:27,967 [pool-741-thread-1] INFO  impl.RaftServerImpl (RaftServerImpl.java:setRole(171)) - 18958245-7eb0-45e5-8b80-d1a4d5f9fe80:group-6FD179358567 changes role from null to FOLLOWER at term 0 for startAsFollower
2019-08-27 10:38:27,968 [pool-741-thread-1] INFO  impl.RoleInfo (RoleInfo.java:updateAndGet(143)) - 18958245-7eb0-45e5-8b80-d1a4d5f9fe80: start FollowerState
2019-08-27 10:38:27,968 [pool-741-thread-1] INFO  util.JmxRegister (JmxRegister.java:tryRegister(44)) - Successfully registered JMX Bean with object name Ratis:service=RaftServer,group=group-6FD179358567,id=18958245-7eb0-45e5-8b80-d1a4d5f9fe80
2019-08-27 10:38:27,970 [RatisPipelineUtilsThread] INFO  pipeline.PipelineStateManager (PipelineStateManager.java:addPipeline(56)) - Created pipeline Pipeline[ Id: 5fcc3133-5058-4042-9f8d-6fd179358567, Nodes: 18958245-7eb0-45e5-8b80-d1a4d5f9fe80{ip: 192.168.5.140, host: pr-hdds-1982-decom-states-5k2nc-2490103652, networkLocation: /default-rack, certSerialId: null}, Type:RATIS, Factor:ONE, State:OPEN]
2019-08-27 10:38:28,126 [IPC Server handler 1 on 41411] INFO  net.NetworkTopology (NetworkTopologyImpl.java:add(110)) - Added a new node: /default-rack/c2184b09-bc75-4b7e-aaa7-b2bff6604c2b
2019-08-27 10:38:28,126 [IPC Server handler 1 on 41411] INFO  node.SCMNodeManager (SCMNodeManager.java:register(273)) - Registered Data node : c2184b09-bc75-4b7e-aaa7-b2bff6604c2b{ip: 192.168.5.140, host: pr-hdds-1982-decom-states-5k2nc-2490103652, networkLocation: /default-rack, certSerialId: null}
2019-08-27 10:38:28,127 | INFO  | SCMAudit | user=jenkins1000 | ip=192.168.5.140 | op=REGISTER {datanodeDetails=c2184b09-bc75-4b7e-aaa7-b2bff6604c2b{ip: 192.168.5.140, host: pr-hdds-1982-decom-states-5k2nc-2490103652, networkLocation: /default-rack, certSerialId: null}} | ret=SUCCESS |  
2019-08-27 10:38:28,135 [grpc-default-executor-3] INFO  impl.RaftServerProxy (RaftServerProxy.java:addNew(89)) - c2184b09-bc75-4b7e-aaa7-b2bff6604c2b: addNew group-A086E66B3535:[c2184b09-bc75-4b7e-aaa7-b2bff6604c2b:192.168.5.140:36038] returns group-A086E66B3535:java.util.concurrent.CompletableFuture@4d99a53a[Not completed]
2019-08-27 10:38:28,136 [pool-752-thread-1] INFO  impl.RaftServerImpl (RaftServerImpl.java:<init>(93)) - c2184b09-bc75-4b7e-aaa7-b2bff6604c2b: new RaftServerImpl for group-A086E66B3535:[c2184b09-bc75-4b7e-aaa7-b2bff6604c2b:192.168.5.140:36038] with ContainerStateMachine:uninitialized
2019-08-27 10:38:28,136 [pool-752-thread-1] INFO  server.RaftServerConfigKeys (ConfUtils.java:logGet(43)) - raft.server.rpc.timeout.min = 5s (custom)
2019-08-27 10:38:28,136 [pool-752-thread-1] INFO  server.RaftServerConfigKeys (ConfUtils.java:logGet(43)) - raft.server.rpc.timeout.max = 5200ms (custom)
2019-08-27 10:38:28,136 [pool-752-thread-1] INFO  server.RaftServerConfigKeys (ConfUtils.java:logGet(43)) - raft.server.rpcslowness.timeout = 120s (custom)
2019-08-27 10:38:28,136 [pool-752-thread-1] INFO  server.RaftServerConfigKeys (ConfUtils.java:logGet(43)) - raft.server.sleep.deviation.threshold = 300 (default)
2019-08-27 10:38:28,137 [pool-752-thread-1] INFO  server.RaftServerConfigKeys (ConfUtils.java:logGet(43)) - raft.server.log.appender.install.snapshot.enabled = false (custom)
2019-08-27 10:38:28,137 [pool-752-thread-1] INFO  impl.RaftServerImpl (ServerState.java:<init>(105)) - c2184b09-bc75-4b7e-aaa7-b2bff6604c2b:group-A086E66B3535 ConfigurationManager, init=-1: [c2184b09-bc75-4b7e-aaa7-b2bff6604c2b:192.168.5.140:36038], old=null, confs=<EMPTY_MAP>
2019-08-27 10:38:28,137 [pool-752-thread-1] INFO  server.RaftServerConfigKeys (ConfUtils.java:logGet(43)) - raft.server.storage.dir = [/workdir/hadoop-ozone/integration-test/target/test-dir/MiniOzoneClusterImpl-c15ae153-fb36-4826-a287-e4cef41ee116/datanode-2/data/ratis] (custom)
2019-08-27 10:38:28,137 [pool-752-thread-1] INFO  storage.RaftStorageDirectory (RaftStorageDirectory.java:analyzeStorage(246)) - The storage directory /workdir/hadoop-ozone/integration-test/target/test-dir/MiniOzoneClusterImpl-c15ae153-fb36-4826-a287-e4cef41ee116/datanode-2/data/ratis/ad69b540-2184-47a8-9419-a086e66b3535 does not exist. Creating ...
2019-08-27 10:38:28,150 [pool-752-thread-1] INFO  storage.RaftStorageDirectory (RaftStorageDirectory.java:tryLock(328)) - Lock on /workdir/hadoop-ozone/integration-test/target/test-dir/MiniOzoneClusterImpl-c15ae153-fb36-4826-a287-e4cef41ee116/datanode-2/data/ratis/ad69b540-2184-47a8-9419-a086e66b3535/in_use.lock acquired by nodename 25300@pr-hdds-1982-decom-states-5k2nc-2490103652
2019-08-27 10:38:28,163 [pool-752-thread-1] INFO  storage.RaftStorage (RaftStorage.java:format(72)) - Storage directory /workdir/hadoop-ozone/integration-test/target/test-dir/MiniOzoneClusterImpl-c15ae153-fb36-4826-a287-e4cef41ee116/datanode-2/data/ratis/ad69b540-2184-47a8-9419-a086e66b3535 has been successfully formatted.
2019-08-27 10:38:28,164 [pool-752-thread-1] INFO  ratis.ContainerStateMachine (ContainerStateMachine.java:loadSnapshot(226)) - group-A086E66B3535: The snapshot info is null. Setting the last applied indexto:(t:0, i:~)
2019-08-27 10:38:28,164 [pool-752-thread-1] INFO  server.RaftServerConfigKeys (ConfUtils.java:logGet(43)) - raft.server.leader.election.timeout = 120s (custom)
2019-08-27 10:38:28,164 [pool-752-thread-1] INFO  server.RaftServerConfigKeys (ConfUtils.java:logGet(43)) - raft.server.log.use.memory = false (default)
2019-08-27 10:38:28,164 [pool-752-thread-1] INFO  server.RaftServerConfigKeys (ConfUtils.java:logGet(43)) - raft.server.log.purge.gap = 1000000 (custom)
2019-08-27 10:38:28,164 [pool-752-thread-1] INFO  server.RaftServerConfigKeys (ConfUtils.java:logGet(43)) - raft.server.log.appender.buffer.byte-limit = 33554432 (custom)
2019-08-27 10:38:28,165 [pool-752-thread-1] INFO  server.RaftServerConfigKeys (ConfUtils.java:logGet(43)) - raft.server.log.segment.size.max = 1048576 (custom)
2019-08-27 10:38:28,165 [pool-752-thread-1] INFO  server.RaftServerConfigKeys (ConfUtils.java:logGet(43)) - raft.server.log.segment.cache.num.max = 2 (custom)
2019-08-27 10:38:28,165 [pool-752-thread-1] INFO  segmented.SegmentedRaftLogWorker (SegmentedRaftLogWorker.java:<init>(172)) - new c2184b09-bc75-4b7e-aaa7-b2bff6604c2b-SegmentedRaftLogWorker:Storage Directory /workdir/hadoop-ozone/integration-test/target/test-dir/MiniOzoneClusterImpl-c15ae153-fb36-4826-a287-e4cef41ee116/datanode-2/data/ratis/ad69b540-2184-47a8-9419-a086e66b3535 for RaftStorage:Storage Directory /workdir/hadoop-ozone/integration-test/target/test-dir/MiniOzoneClusterImpl-c15ae153-fb36-4826-a287-e4cef41ee116/datanode-2/data/ratis/ad69b540-2184-47a8-9419-a086e66b3535
2019-08-27 10:38:28,165 [pool-752-thread-1] INFO  server.RaftServerConfigKeys (ConfUtils.java:logGet(43)) - raft.server.log.queue.byte-limit = 2147483647 (custom)
2019-08-27 10:38:28,165 [pool-752-thread-1] INFO  server.RaftServerConfigKeys (ConfUtils.java:logGet(43)) - raft.server.log.queue.element-limit = 1024 (custom)
2019-08-27 10:38:28,166 [pool-752-thread-1] INFO  server.RaftServerConfigKeys (ConfUtils.java:logGet(43)) - raft.server.log.segment.size.max = 1048576 (custom)
2019-08-27 10:38:28,166 [pool-752-thread-1] INFO  server.RaftServerConfigKeys (ConfUtils.java:logGet(43)) - raft.server.log.preallocated.size = 16384 (custom)
2019-08-27 10:38:28,166 [pool-752-thread-1] INFO  server.RaftServerConfigKeys (ConfUtils.java:logGet(43)) - raft.server.log.write.buffer.size = 33554432 (custom)
2019-08-27 10:38:28,166 [pool-752-thread-1] INFO  server.RaftServerConfigKeys (ConfUtils.java:logGet(43)) - raft.server.log.force.sync.num = 128 (default)
2019-08-27 10:38:28,166 [pool-752-thread-1] INFO  server.RaftServerConfigKeys (ConfUtils.java:logGet(43)) - raft.server.log.statemachine.data.sync = true (default)
2019-08-27 10:38:28,166 [pool-752-thread-1] INFO  server.RaftServerConfigKeys (ConfUtils.java:logGet(43)) - raft.server.log.statemachine.data.sync.timeout = 10s (default)
2019-08-27 10:38:28,167 [pool-752-thread-1] INFO  server.RaftServerConfigKeys (ConfUtils.java:logGet(43)) - raft.server.log.statemachine.data.sync.timeout.retry = -1 (default)
2019-08-27 10:38:28,167 [pool-752-thread-1] INFO  server.RaftServerConfigKeys (ConfUtils.java:logGet(43)) - raft.server.log.statemachine.data.caching.enabled = true (custom)
2019-08-27 10:38:28,167 [pool-752-thread-1] INFO  segmented.SegmentedRaftLogWorker (SegmentedRaftLogWorker.java:lambda$new$0(132)) - c2184b09-bc75-4b7e-aaa7-b2bff6604c2b-SegmentedRaftLogWorker:Storage Directory /workdir/hadoop-ozone/integration-test/target/test-dir/MiniOzoneClusterImpl-c15ae153-fb36-4826-a287-e4cef41ee116/datanode-2/data/ratis/ad69b540-2184-47a8-9419-a086e66b3535: flushIndex: setUnconditionally 0 -> -1
2019-08-27 10:38:28,168 [pool-752-thread-1] INFO  server.RaftServerConfigKeys (ConfUtils.java:logGet(43)) - raft.server.snapshot.auto.trigger.enabled = true (custom)
2019-08-27 10:38:28,168 [pool-752-thread-1] INFO  server.RaftServerConfigKeys (ConfUtils.java:logGet(43)) - raft.server.snapshot.auto.trigger.threshold = 10000 (custom)
2019-08-27 10:38:28,168 [pool-752-thread-1] INFO  server.RaftServerConfigKeys (ConfUtils.java:logGet(43)) - raft.server.retrycache.expirytime = 600000ms (custom)
2019-08-27 10:38:28,168 [pool-752-thread-1] INFO  impl.RaftServerImpl (RaftServerImpl.java:start(180)) - c2184b09-bc75-4b7e-aaa7-b2bff6604c2b: start group-A086E66B3535
2019-08-27 10:38:28,168 [pool-752-thread-1] INFO  impl.RaftServerImpl (RaftServerImpl.java:setRole(171)) - c2184b09-bc75-4b7e-aaa7-b2bff6604c2b:group-A086E66B3535 changes role from null to FOLLOWER at term 0 for startAsFollower
2019-08-27 10:38:28,169 [pool-752-thread-1] INFO  impl.RoleInfo (RoleInfo.java:updateAndGet(143)) - c2184b09-bc75-4b7e-aaa7-b2bff6604c2b: start FollowerState
2019-08-27 10:38:28,169 [pool-752-thread-1] INFO  util.JmxRegister (JmxRegister.java:tryRegister(44)) - Successfully registered JMX Bean with object name Ratis:service=RaftServer,group=group-A086E66B3535,id=c2184b09-bc75-4b7e-aaa7-b2bff6604c2b
2019-08-27 10:38:28,171 [RatisPipelineUtilsThread] INFO  pipeline.PipelineStateManager (PipelineStateManager.java:addPipeline(56)) - Created pipeline Pipeline[ Id: ad69b540-2184-47a8-9419-a086e66b3535, Nodes: c2184b09-bc75-4b7e-aaa7-b2bff6604c2b{ip: 192.168.5.140, host: pr-hdds-1982-decom-states-5k2nc-2490103652, networkLocation: /default-rack, certSerialId: null}, Type:RATIS, Factor:ONE, State:OPEN]
2019-08-27 10:38:28,186 [grpc-default-executor-3] INFO  impl.RaftServerProxy (RaftServerProxy.java:addNew(89)) - c2184b09-bc75-4b7e-aaa7-b2bff6604c2b: addNew group-E4086A2083C6:[8a499d08-9a52-4eaf-822d-1c8aaae5e0bd:192.168.5.140:46555, c2184b09-bc75-4b7e-aaa7-b2bff6604c2b:192.168.5.140:36038, 18958245-7eb0-45e5-8b80-d1a4d5f9fe80:192.168.5.140:40728] returns group-E4086A2083C6:java.util.concurrent.CompletableFuture@48f5162a[Not completed]
2019-08-27 10:38:28,186 [grpc-default-executor-9] INFO  impl.RaftServerProxy (RaftServerProxy.java:addNew(89)) - 18958245-7eb0-45e5-8b80-d1a4d5f9fe80: addNew group-E4086A2083C6:[8a499d08-9a52-4eaf-822d-1c8aaae5e0bd:192.168.5.140:46555, c2184b09-bc75-4b7e-aaa7-b2bff6604c2b:192.168.5.140:36038, 18958245-7eb0-45e5-8b80-d1a4d5f9fe80:192.168.5.140:40728] returns group-E4086A2083C6:java.util.concurrent.CompletableFuture@30851b08[Not completed]
2019-08-27 10:38:28,187 [grpc-default-executor-9] INFO  impl.RaftServerProxy (RaftServerProxy.java:addNew(89)) - 8a499d08-9a52-4eaf-822d-1c8aaae5e0bd: addNew group-E4086A2083C6:[8a499d08-9a52-4eaf-822d-1c8aaae5e0bd:192.168.5.140:46555, c2184b09-bc75-4b7e-aaa7-b2bff6604c2b:192.168.5.140:36038, 18958245-7eb0-45e5-8b80-d1a4d5f9fe80:192.168.5.140:40728] returns group-E4086A2083C6:java.util.concurrent.CompletableFuture@2235e847[Not completed]
2019-08-27 10:38:28,187 [pool-752-thread-1] INFO  impl.RaftServerImpl (RaftServerImpl.java:<init>(93)) - c2184b09-bc75-4b7e-aaa7-b2bff6604c2b: new RaftServerImpl for group-E4086A2083C6:[8a499d08-9a52-4eaf-822d-1c8aaae5e0bd:192.168.5.140:46555, c2184b09-bc75-4b7e-aaa7-b2bff6604c2b:192.168.5.140:36038, 18958245-7eb0-45e5-8b80-d1a4d5f9fe80:192.168.5.140:40728] with ContainerStateMachine:uninitialized
2019-08-27 10:38:28,188 [pool-752-thread-1] INFO  server.RaftServerConfigKeys (ConfUtils.java:logGet(43)) - raft.server.rpc.timeout.min = 5s (custom)
2019-08-27 10:38:28,188 [pool-752-thread-1] INFO  server.RaftServerConfigKeys (ConfUtils.java:logGet(43)) - raft.server.rpc.timeout.max = 5200ms (custom)
2019-08-27 10:38:28,188 [pool-752-thread-1] INFO  server.RaftServerConfigKeys (ConfUtils.java:logGet(43)) - raft.server.rpcslowness.timeout = 120s (custom)
2019-08-27 10:38:28,188 [pool-730-thread-1] INFO  impl.RaftServerImpl (RaftServerImpl.java:<init>(93)) - 8a499d08-9a52-4eaf-822d-1c8aaae5e0bd: new RaftServerImpl for group-E4086A2083C6:[8a499d08-9a52-4eaf-822d-1c8aaae5e0bd:192.168.5.140:46555, c2184b09-bc75-4b7e-aaa7-b2bff6604c2b:192.168.5.140:36038, 18958245-7eb0-45e5-8b80-d1a4d5f9fe80:192.168.5.140:40728] with ContainerStateMachine:uninitialized
2019-08-27 10:38:28,188 [pool-752-thread-1] INFO  server.RaftServerConfigKeys (ConfUtils.java:logGet(43)) - raft.server.sleep.deviation.threshold = 300 (default)
2019-08-27 10:38:28,188 [pool-730-thread-1] INFO  server.RaftServerConfigKeys (ConfUtils.java:logGet(43)) - raft.server.rpc.timeout.min = 5s (custom)
2019-08-27 10:38:28,188 [pool-752-thread-1] INFO  server.RaftServerConfigKeys (ConfUtils.java:logGet(43)) - raft.server.log.appender.install.snapshot.enabled = false (custom)
2019-08-27 10:38:28,189 [pool-741-thread-1] INFO  impl.RaftServerImpl (RaftServerImpl.java:<init>(93)) - 18958245-7eb0-45e5-8b80-d1a4d5f9fe80: new RaftServerImpl for group-E4086A2083C6:[8a499d08-9a52-4eaf-822d-1c8aaae5e0bd:192.168.5.140:46555, c2184b09-bc75-4b7e-aaa7-b2bff6604c2b:192.168.5.140:36038, 18958245-7eb0-45e5-8b80-d1a4d5f9fe80:192.168.5.140:40728] with ContainerStateMachine:uninitialized
2019-08-27 10:38:28,189 [pool-730-thread-1] INFO  server.RaftServerConfigKeys (ConfUtils.java:logGet(43)) - raft.server.rpc.timeout.max = 5200ms (custom)
2019-08-27 10:38:28,189 [pool-741-thread-1] INFO  server.RaftServerConfigKeys (ConfUtils.java:logGet(43)) - raft.server.rpc.timeout.min = 5s (custom)
2019-08-27 10:38:28,189 [pool-752-thread-1] INFO  impl.RaftServerImpl (ServerState.java:<init>(105)) - c2184b09-bc75-4b7e-aaa7-b2bff6604c2b:group-E4086A2083C6 ConfigurationManager, init=-1: [8a499d08-9a52-4eaf-822d-1c8aaae5e0bd:192.168.5.140:46555, c2184b09-bc75-4b7e-aaa7-b2bff6604c2b:192.168.5.140:36038, 18958245-7eb0-45e5-8b80-d1a4d5f9fe80:192.168.5.140:40728], old=null, confs=<EMPTY_MAP>
2019-08-27 10:38:28,189 [pool-741-thread-1] INFO  server.RaftServerConfigKeys (ConfUtils.java:logGet(43)) - raft.server.rpc.timeout.max = 5200ms (custom)
2019-08-27 10:38:28,189 [pool-741-thread-1] INFO  server.RaftServerConfigKeys (ConfUtils.java:logGet(43)) - raft.server.rpcslowness.timeout = 120s (custom)
2019-08-27 10:38:28,189 [pool-730-thread-1] INFO  server.RaftServerConfigKeys (ConfUtils.java:logGet(43)) - raft.server.rpcslowness.timeout = 120s (custom)
2019-08-27 10:38:28,190 [pool-741-thread-1] INFO  server.RaftServerConfigKeys (ConfUtils.java:logGet(43)) - raft.server.sleep.deviation.threshold = 300 (default)
2019-08-27 10:38:28,190 [pool-741-thread-1] INFO  server.RaftServerConfigKeys (ConfUtils.java:logGet(43)) - raft.server.log.appender.install.snapshot.enabled = false (custom)
2019-08-27 10:38:28,189 [pool-752-thread-1] INFO  server.RaftServerConfigKeys (ConfUtils.java:logGet(43)) - raft.server.storage.dir = [/workdir/hadoop-ozone/integration-test/target/test-dir/MiniOzoneClusterImpl-c15ae153-fb36-4826-a287-e4cef41ee116/datanode-2/data/ratis] (custom)
2019-08-27 10:38:28,190 [pool-741-thread-1] INFO  impl.RaftServerImpl (ServerState.java:<init>(105)) - 18958245-7eb0-45e5-8b80-d1a4d5f9fe80:group-E4086A2083C6 ConfigurationManager, init=-1: [8a499d08-9a52-4eaf-822d-1c8aaae5e0bd:192.168.5.140:46555, c2184b09-bc75-4b7e-aaa7-b2bff6604c2b:192.168.5.140:36038, 18958245-7eb0-45e5-8b80-d1a4d5f9fe80:192.168.5.140:40728], old=null, confs=<EMPTY_MAP>
2019-08-27 10:38:28,190 [pool-730-thread-1] INFO  server.RaftServerConfigKeys (ConfUtils.java:logGet(43)) - raft.server.sleep.deviation.threshold = 300 (default)
2019-08-27 10:38:28,190 [pool-741-thread-1] INFO  server.RaftServerConfigKeys (ConfUtils.java:logGet(43)) - raft.server.storage.dir = [/workdir/hadoop-ozone/integration-test/target/test-dir/MiniOzoneClusterImpl-c15ae153-fb36-4826-a287-e4cef41ee116/datanode-1/data/ratis] (custom)
2019-08-27 10:38:28,191 [pool-730-thread-1] INFO  server.RaftServerConfigKeys (ConfUtils.java:logGet(43)) - raft.server.log.appender.install.snapshot.enabled = false (custom)
2019-08-27 10:38:28,191 [pool-752-thread-1] INFO  storage.RaftStorageDirectory (RaftStorageDirectory.java:analyzeStorage(246)) - The storage directory /workdir/hadoop-ozone/integration-test/target/test-dir/MiniOzoneClusterImpl-c15ae153-fb36-4826-a287-e4cef41ee116/datanode-2/data/ratis/a8fb22a9-bcf5-433f-a7a9-e4086a2083c6 does not exist. Creating ...
2019-08-27 10:38:28,191 [pool-741-thread-1] INFO  storage.RaftStorageDirectory (RaftStorageDirectory.java:analyzeStorage(246)) - The storage directory /workdir/hadoop-ozone/integration-test/target/test-dir/MiniOzoneClusterImpl-c15ae153-fb36-4826-a287-e4cef41ee116/datanode-1/data/ratis/a8fb22a9-bcf5-433f-a7a9-e4086a2083c6 does not exist. Creating ...
2019-08-27 10:38:28,191 [pool-730-thread-1] INFO  impl.RaftServerImpl (ServerState.java:<init>(105)) - 8a499d08-9a52-4eaf-822d-1c8aaae5e0bd:group-E4086A2083C6 ConfigurationManager, init=-1: [8a499d08-9a52-4eaf-822d-1c8aaae5e0bd:192.168.5.140:46555, c2184b09-bc75-4b7e-aaa7-b2bff6604c2b:192.168.5.140:36038, 18958245-7eb0-45e5-8b80-d1a4d5f9fe80:192.168.5.140:40728], old=null, confs=<EMPTY_MAP>
2019-08-27 10:38:28,191 [pool-730-thread-1] INFO  server.RaftServerConfigKeys (ConfUtils.java:logGet(43)) - raft.server.storage.dir = [/workdir/hadoop-ozone/integration-test/target/test-dir/MiniOzoneClusterImpl-c15ae153-fb36-4826-a287-e4cef41ee116/datanode-0/data/ratis] (custom)
2019-08-27 10:38:28,192 [pool-730-thread-1] INFO  storage.RaftStorageDirectory (RaftStorageDirectory.java:analyzeStorage(246)) - The storage directory /workdir/hadoop-ozone/integration-test/target/test-dir/MiniOzoneClusterImpl-c15ae153-fb36-4826-a287-e4cef41ee116/datanode-0/data/ratis/a8fb22a9-bcf5-433f-a7a9-e4086a2083c6 does not exist. Creating ...
2019-08-27 10:38:28,204 [pool-741-thread-1] INFO  storage.RaftStorageDirectory (RaftStorageDirectory.java:tryLock(328)) - Lock on /workdir/hadoop-ozone/integration-test/target/test-dir/MiniOzoneClusterImpl-c15ae153-fb36-4826-a287-e4cef41ee116/datanode-1/data/ratis/a8fb22a9-bcf5-433f-a7a9-e4086a2083c6/in_use.lock acquired by nodename 25300@pr-hdds-1982-decom-states-5k2nc-2490103652
2019-08-27 10:38:28,204 [pool-752-thread-1] INFO  storage.RaftStorageDirectory (RaftStorageDirectory.java:tryLock(328)) - Lock on /workdir/hadoop-ozone/integration-test/target/test-dir/MiniOzoneClusterImpl-c15ae153-fb36-4826-a287-e4cef41ee116/datanode-2/data/ratis/a8fb22a9-bcf5-433f-a7a9-e4086a2083c6/in_use.lock acquired by nodename 25300@pr-hdds-1982-decom-states-5k2nc-2490103652
2019-08-27 10:38:28,204 [pool-730-thread-1] INFO  storage.RaftStorageDirectory (RaftStorageDirectory.java:tryLock(328)) - Lock on /workdir/hadoop-ozone/integration-test/target/test-dir/MiniOzoneClusterImpl-c15ae153-fb36-4826-a287-e4cef41ee116/datanode-0/data/ratis/a8fb22a9-bcf5-433f-a7a9-e4086a2083c6/in_use.lock acquired by nodename 25300@pr-hdds-1982-decom-states-5k2nc-2490103652
2019-08-27 10:38:28,218 [pool-741-thread-1] INFO  storage.RaftStorage (RaftStorage.java:format(72)) - Storage directory /workdir/hadoop-ozone/integration-test/target/test-dir/MiniOzoneClusterImpl-c15ae153-fb36-4826-a287-e4cef41ee116/datanode-1/data/ratis/a8fb22a9-bcf5-433f-a7a9-e4086a2083c6 has been successfully formatted.
2019-08-27 10:38:28,218 [pool-730-thread-1] INFO  storage.RaftStorage (RaftStorage.java:format(72)) - Storage directory /workdir/hadoop-ozone/integration-test/target/test-dir/MiniOzoneClusterImpl-c15ae153-fb36-4826-a287-e4cef41ee116/datanode-0/data/ratis/a8fb22a9-bcf5-433f-a7a9-e4086a2083c6 has been successfully formatted.
2019-08-27 10:38:28,218 [pool-741-thread-1] INFO  ratis.ContainerStateMachine (ContainerStateMachine.java:loadSnapshot(226)) - group-E4086A2083C6: The snapshot info is null. Setting the last applied indexto:(t:0, i:~)
2019-08-27 10:38:28,218 [pool-752-thread-1] INFO  storage.RaftStorage (RaftStorage.java:format(72)) - Storage directory /workdir/hadoop-ozone/integration-test/target/test-dir/MiniOzoneClusterImpl-c15ae153-fb36-4826-a287-e4cef41ee116/datanode-2/data/ratis/a8fb22a9-bcf5-433f-a7a9-e4086a2083c6 has been successfully formatted.
2019-08-27 10:38:28,218 [pool-741-thread-1] INFO  server.RaftServerConfigKeys (ConfUtils.java:logGet(43)) - raft.server.leader.election.timeout = 120s (custom)
2019-08-27 10:38:28,218 [pool-730-thread-1] INFO  ratis.ContainerStateMachine (ContainerStateMachine.java:loadSnapshot(226)) - group-E4086A2083C6: The snapshot info is null. Setting the last applied indexto:(t:0, i:~)
2019-08-27 10:38:28,219 [pool-741-thread-1] INFO  server.RaftServerConfigKeys (ConfUtils.java:logGet(43)) - raft.server.log.use.memory = false (default)
2019-08-27 10:38:28,219 [pool-752-thread-1] INFO  ratis.ContainerStateMachine (ContainerStateMachine.java:loadSnapshot(226)) - group-E4086A2083C6: The snapshot info is null. Setting the last applied indexto:(t:0, i:~)
2019-08-27 10:38:28,219 [pool-741-thread-1] INFO  server.RaftServerConfigKeys (ConfUtils.java:logGet(43)) - raft.server.log.purge.gap = 1000000 (custom)
2019-08-27 10:38:28,219 [pool-730-thread-1] INFO  server.RaftServerConfigKeys (ConfUtils.java:logGet(43)) - raft.server.leader.election.timeout = 120s (custom)
2019-08-27 10:38:28,219 [pool-741-thread-1] INFO  server.RaftServerConfigKeys (ConfUtils.java:logGet(43)) - raft.server.log.appender.buffer.byte-limit = 33554432 (custom)
2019-08-27 10:38:28,219 [pool-752-thread-1] INFO  server.RaftServerConfigKeys (ConfUtils.java:logGet(43)) - raft.server.leader.election.timeout = 120s (custom)
2019-08-27 10:38:28,220 [pool-741-thread-1] INFO  server.RaftServerConfigKeys (ConfUtils.java:logGet(43)) - raft.server.log.segment.size.max = 1048576 (custom)
2019-08-27 10:38:28,219 [pool-730-thread-1] INFO  server.RaftServerConfigKeys (ConfUtils.java:logGet(43)) - raft.server.log.use.memory = false (default)
2019-08-27 10:38:28,220 [pool-741-thread-1] INFO  server.RaftServerConfigKeys (ConfUtils.java:logGet(43)) - raft.server.log.segment.cache.num.max = 2 (custom)
2019-08-27 10:38:28,220 [pool-752-thread-1] INFO  server.RaftServerConfigKeys (ConfUtils.java:logGet(43)) - raft.server.log.use.memory = false (default)
2019-08-27 10:38:28,220 [pool-741-thread-1] INFO  segmented.SegmentedRaftLogWorker (SegmentedRaftLogWorker.java:<init>(172)) - new 18958245-7eb0-45e5-8b80-d1a4d5f9fe80-SegmentedRaftLogWorker:Storage Directory /workdir/hadoop-ozone/integration-test/target/test-dir/MiniOzoneClusterImpl-c15ae153-fb36-4826-a287-e4cef41ee116/datanode-1/data/ratis/a8fb22a9-bcf5-433f-a7a9-e4086a2083c6 for RaftStorage:Storage Directory /workdir/hadoop-ozone/integration-test/target/test-dir/MiniOzoneClusterImpl-c15ae153-fb36-4826-a287-e4cef41ee116/datanode-1/data/ratis/a8fb22a9-bcf5-433f-a7a9-e4086a2083c6
2019-08-27 10:38:28,220 [pool-730-thread-1] INFO  server.RaftServerConfigKeys (ConfUtils.java:logGet(43)) - raft.server.log.purge.gap = 1000000 (custom)
2019-08-27 10:38:28,221 [pool-741-thread-1] INFO  server.RaftServerConfigKeys (ConfUtils.java:logGet(43)) - raft.server.log.queue.byte-limit = 2147483647 (custom)
2019-08-27 10:38:28,221 [pool-741-thread-1] INFO  server.RaftServerConfigKeys (ConfUtils.java:logGet(43)) - raft.server.log.queue.element-limit = 1024 (custom)
2019-08-27 10:38:28,221 [pool-752-thread-1] INFO  server.RaftServerConfigKeys (ConfUtils.java:logGet(43)) - raft.server.log.purge.gap = 1000000 (custom)
2019-08-27 10:38:28,221 [pool-741-thread-1] INFO  server.RaftServerConfigKeys (ConfUtils.java:logGet(43)) - raft.server.log.segment.size.max = 1048576 (custom)
2019-08-27 10:38:28,221 [pool-730-thread-1] INFO  server.RaftServerConfigKeys (ConfUtils.java:logGet(43)) - raft.server.log.appender.buffer.byte-limit = 33554432 (custom)
2019-08-27 10:38:28,222 [pool-741-thread-1] INFO  server.RaftServerConfigKeys (ConfUtils.java:logGet(43)) - raft.server.log.preallocated.size = 16384 (custom)
2019-08-27 10:38:28,221 [pool-752-thread-1] INFO  server.RaftServerConfigKeys (ConfUtils.java:logGet(43)) - raft.server.log.appender.buffer.byte-limit = 33554432 (custom)
2019-08-27 10:38:28,222 [pool-741-thread-1] INFO  server.RaftServerConfigKeys (ConfUtils.java:logGet(43)) - raft.server.log.write.buffer.size = 33554432 (custom)
2019-08-27 10:38:28,222 [pool-730-thread-1] INFO  server.RaftServerConfigKeys (ConfUtils.java:logGet(43)) - raft.server.log.segment.size.max = 1048576 (custom)
2019-08-27 10:38:28,222 [pool-741-thread-1] INFO  server.RaftServerConfigKeys (ConfUtils.java:logGet(43)) - raft.server.log.force.sync.num = 128 (default)
2019-08-27 10:38:28,222 [pool-752-thread-1] INFO  server.RaftServerConfigKeys (ConfUtils.java:logGet(43)) - raft.server.log.segment.size.max = 1048576 (custom)
2019-08-27 10:38:28,223 [pool-741-thread-1] INFO  server.RaftServerConfigKeys (ConfUtils.java:logGet(43)) - raft.server.log.statemachine.data.sync = true (default)
2019-08-27 10:38:28,222 [pool-730-thread-1] INFO  server.RaftServerConfigKeys (ConfUtils.java:logGet(43)) - raft.server.log.segment.cache.num.max = 2 (custom)
2019-08-27 10:38:28,223 [pool-741-thread-1] INFO  server.RaftServerConfigKeys (ConfUtils.java:logGet(43)) - raft.server.log.statemachine.data.sync.timeout = 10s (default)
2019-08-27 10:38:28,223 [pool-752-thread-1] INFO  server.RaftServerConfigKeys (ConfUtils.java:logGet(43)) - raft.server.log.segment.cache.num.max = 2 (custom)
2019-08-27 10:38:28,223 [pool-741-thread-1] INFO  server.RaftServerConfigKeys (ConfUtils.java:logGet(43)) - raft.server.log.statemachine.data.sync.timeout.retry = -1 (default)
2019-08-27 10:38:28,223 [pool-730-thread-1] INFO  segmented.SegmentedRaftLogWorker (SegmentedRaftLogWorker.java:<init>(172)) - new 8a499d08-9a52-4eaf-822d-1c8aaae5e0bd-SegmentedRaftLogWorker:Storage Directory /workdir/hadoop-ozone/integration-test/target/test-dir/MiniOzoneClusterImpl-c15ae153-fb36-4826-a287-e4cef41ee116/datanode-0/data/ratis/a8fb22a9-bcf5-433f-a7a9-e4086a2083c6 for RaftStorage:Storage Directory /workdir/hadoop-ozone/integration-test/target/test-dir/MiniOzoneClusterImpl-c15ae153-fb36-4826-a287-e4cef41ee116/datanode-0/data/ratis/a8fb22a9-bcf5-433f-a7a9-e4086a2083c6
2019-08-27 10:38:28,224 [pool-741-thread-1] INFO  server.RaftServerConfigKeys (ConfUtils.java:logGet(43)) - raft.server.log.statemachine.data.caching.enabled = true (custom)
2019-08-27 10:38:28,223 [pool-752-thread-1] INFO  segmented.SegmentedRaftLogWorker (SegmentedRaftLogWorker.java:<init>(172)) - new c2184b09-bc75-4b7e-aaa7-b2bff6604c2b-SegmentedRaftLogWorker:Storage Directory /workdir/hadoop-ozone/integration-test/target/test-dir/MiniOzoneClusterImpl-c15ae153-fb36-4826-a287-e4cef41ee116/datanode-2/data/ratis/a8fb22a9-bcf5-433f-a7a9-e4086a2083c6 for RaftStorage:Storage Directory /workdir/hadoop-ozone/integration-test/target/test-dir/MiniOzoneClusterImpl-c15ae153-fb36-4826-a287-e4cef41ee116/datanode-2/data/ratis/a8fb22a9-bcf5-433f-a7a9-e4086a2083c6
2019-08-27 10:38:28,224 [pool-741-thread-1] INFO  segmented.SegmentedRaftLogWorker (SegmentedRaftLogWorker.java:lambda$new$0(132)) - 18958245-7eb0-45e5-8b80-d1a4d5f9fe80-SegmentedRaftLogWorker:Storage Directory /workdir/hadoop-ozone/integration-test/target/test-dir/MiniOzoneClusterImpl-c15ae153-fb36-4826-a287-e4cef41ee116/datanode-1/data/ratis/a8fb22a9-bcf5-433f-a7a9-e4086a2083c6: flushIndex: setUnconditionally 0 -> -1
2019-08-27 10:38:28,224 [pool-730-thread-1] INFO  server.RaftServerConfigKeys (ConfUtils.java:logGet(43)) - raft.server.log.queue.byte-limit = 2147483647 (custom)
2019-08-27 10:38:28,224 [pool-752-thread-1] INFO  server.RaftServerConfigKeys (ConfUtils.java:logGet(43)) - raft.server.log.queue.byte-limit = 2147483647 (custom)
2019-08-27 10:38:28,225 [pool-741-thread-1] INFO  server.RaftServerConfigKeys (ConfUtils.java:logGet(43)) - raft.server.snapshot.auto.trigger.enabled = true (custom)
2019-08-27 10:38:28,225 [pool-730-thread-1] INFO  server.RaftServerConfigKeys (ConfUtils.java:logGet(43)) - raft.server.log.queue.element-limit = 1024 (custom)
2019-08-27 10:38:28,225 [pool-741-thread-1] INFO  server.RaftServerConfigKeys (ConfUtils.java:logGet(43)) - raft.server.snapshot.auto.trigger.threshold = 10000 (custom)
2019-08-27 10:38:28,225 [pool-752-thread-1] INFO  server.RaftServerConfigKeys (ConfUtils.java:logGet(43)) - raft.server.log.queue.element-limit = 1024 (custom)
2019-08-27 10:38:28,225 [pool-741-thread-1] INFO  server.RaftServerConfigKeys (ConfUtils.java:logGet(43)) - raft.server.retrycache.expirytime = 600000ms (custom)
2019-08-27 10:38:28,225 [pool-730-thread-1] INFO  server.RaftServerConfigKeys (ConfUtils.java:logGet(43)) - raft.server.log.segment.size.max = 1048576 (custom)
2019-08-27 10:38:28,226 [pool-741-thread-1] INFO  impl.RaftServerImpl (RaftServerImpl.java:start(180)) - 18958245-7eb0-45e5-8b80-d1a4d5f9fe80: start group-E4086A2083C6
2019-08-27 10:38:28,225 [pool-752-thread-1] INFO  server.RaftServerConfigKeys (ConfUtils.java:logGet(43)) - raft.server.log.segment.size.max = 1048576 (custom)
2019-08-27 10:38:28,226 [pool-741-thread-1] INFO  impl.RaftServerImpl (RaftServerImpl.java:setRole(171)) - 18958245-7eb0-45e5-8b80-d1a4d5f9fe80:group-E4086A2083C6 changes role from null to FOLLOWER at term 0 for startAsFollower
2019-08-27 10:38:28,226 [pool-730-thread-1] INFO  server.RaftServerConfigKeys (ConfUtils.java:logGet(43)) - raft.server.log.preallocated.size = 16384 (custom)
2019-08-27 10:38:28,226 [pool-741-thread-1] INFO  impl.RoleInfo (RoleInfo.java:updateAndGet(143)) - 18958245-7eb0-45e5-8b80-d1a4d5f9fe80: start FollowerState
2019-08-27 10:38:28,226 [pool-752-thread-1] INFO  server.RaftServerConfigKeys (ConfUtils.java:logGet(43)) - raft.server.log.preallocated.size = 16384 (custom)
2019-08-27 10:38:28,226 [pool-730-thread-1] INFO  server.RaftServerConfigKeys (ConfUtils.java:logGet(43)) - raft.server.log.write.buffer.size = 33554432 (custom)
2019-08-27 10:38:28,227 [pool-752-thread-1] INFO  server.RaftServerConfigKeys (ConfUtils.java:logGet(43)) - raft.server.log.write.buffer.size = 33554432 (custom)
2019-08-27 10:38:28,227 [pool-741-thread-1] INFO  util.JmxRegister (JmxRegister.java:tryRegister(44)) - Successfully registered JMX Bean with object name Ratis:service=RaftServer,group=group-E4086A2083C6,id=18958245-7eb0-45e5-8b80-d1a4d5f9fe80
2019-08-27 10:38:28,227 [pool-730-thread-1] INFO  server.RaftServerConfigKeys (ConfUtils.java:logGet(43)) - raft.server.log.force.sync.num = 128 (default)
2019-08-27 10:38:28,227 [pool-752-thread-1] INFO  server.RaftServerConfigKeys (ConfUtils.java:logGet(43)) - raft.server.log.force.sync.num = 128 (default)
2019-08-27 10:38:28,227 [pool-730-thread-1] INFO  server.RaftServerConfigKeys (ConfUtils.java:logGet(43)) - raft.server.log.statemachine.data.sync = true (default)
2019-08-27 10:38:28,227 [pool-752-thread-1] INFO  server.RaftServerConfigKeys (ConfUtils.java:logGet(43)) - raft.server.log.statemachine.data.sync = true (default)
2019-08-27 10:38:28,228 [pool-730-thread-1] INFO  server.RaftServerConfigKeys (ConfUtils.java:logGet(43)) - raft.server.log.statemachine.data.sync.timeout = 10s (default)
2019-08-27 10:38:28,228 [pool-752-thread-1] INFO  server.RaftServerConfigKeys (ConfUtils.java:logGet(43)) - raft.server.log.statemachine.data.sync.timeout = 10s (default)
2019-08-27 10:38:28,228 [pool-730-thread-1] INFO  server.RaftServerConfigKeys (ConfUtils.java:logGet(43)) - raft.server.log.statemachine.data.sync.timeout.retry = -1 (default)
2019-08-27 10:38:28,228 [pool-752-thread-1] INFO  server.RaftServerConfigKeys (ConfUtils.java:logGet(43)) - raft.server.log.statemachine.data.sync.timeout.retry = -1 (default)
2019-08-27 10:38:28,228 [pool-730-thread-1] INFO  server.RaftServerConfigKeys (ConfUtils.java:logGet(43)) - raft.server.log.statemachine.data.caching.enabled = true (custom)
2019-08-27 10:38:28,229 [pool-752-thread-1] INFO  server.RaftServerConfigKeys (ConfUtils.java:logGet(43)) - raft.server.log.statemachine.data.caching.enabled = true (custom)
2019-08-27 10:38:28,229 [pool-730-thread-1] INFO  segmented.SegmentedRaftLogWorker (SegmentedRaftLogWorker.java:lambda$new$0(132)) - 8a499d08-9a52-4eaf-822d-1c8aaae5e0bd-SegmentedRaftLogWorker:Storage Directory /workdir/hadoop-ozone/integration-test/target/test-dir/MiniOzoneClusterImpl-c15ae153-fb36-4826-a287-e4cef41ee116/datanode-0/data/ratis/a8fb22a9-bcf5-433f-a7a9-e4086a2083c6: flushIndex: setUnconditionally 0 -> -1
2019-08-27 10:38:28,229 [pool-752-thread-1] INFO  segmented.SegmentedRaftLogWorker (SegmentedRaftLogWorker.java:lambda$new$0(132)) - c2184b09-bc75-4b7e-aaa7-b2bff6604c2b-SegmentedRaftLogWorker:Storage Directory /workdir/hadoop-ozone/integration-test/target/test-dir/MiniOzoneClusterImpl-c15ae153-fb36-4826-a287-e4cef41ee116/datanode-2/data/ratis/a8fb22a9-bcf5-433f-a7a9-e4086a2083c6: flushIndex: setUnconditionally 0 -> -1
2019-08-27 10:38:28,229 [pool-730-thread-1] INFO  server.RaftServerConfigKeys (ConfUtils.java:logGet(43)) - raft.server.snapshot.auto.trigger.enabled = true (custom)
2019-08-27 10:38:28,229 [pool-752-thread-1] INFO  server.RaftServerConfigKeys (ConfUtils.java:logGet(43)) - raft.server.snapshot.auto.trigger.enabled = true (custom)
2019-08-27 10:38:28,229 [pool-730-thread-1] INFO  server.RaftServerConfigKeys (ConfUtils.java:logGet(43)) - raft.server.snapshot.auto.trigger.threshold = 10000 (custom)
2019-08-27 10:38:28,230 [pool-752-thread-1] INFO  server.RaftServerConfigKeys (ConfUtils.java:logGet(43)) - raft.server.snapshot.auto.trigger.threshold = 10000 (custom)
2019-08-27 10:38:28,230 [pool-730-thread-1] INFO  server.RaftServerConfigKeys (ConfUtils.java:logGet(43)) - raft.server.retrycache.expirytime = 600000ms (custom)
2019-08-27 10:38:28,230 [pool-752-thread-1] INFO  server.RaftServerConfigKeys (ConfUtils.java:logGet(43)) - raft.server.retrycache.expirytime = 600000ms (custom)
2019-08-27 10:38:28,230 [pool-730-thread-1] INFO  impl.RaftServerImpl (RaftServerImpl.java:start(180)) - 8a499d08-9a52-4eaf-822d-1c8aaae5e0bd: start group-E4086A2083C6
2019-08-27 10:38:28,230 [pool-752-thread-1] INFO  impl.RaftServerImpl (RaftServerImpl.java:start(180)) - c2184b09-bc75-4b7e-aaa7-b2bff6604c2b: start group-E4086A2083C6
2019-08-27 10:38:28,230 [pool-730-thread-1] INFO  impl.RaftServerImpl (RaftServerImpl.java:setRole(171)) - 8a499d08-9a52-4eaf-822d-1c8aaae5e0bd:group-E4086A2083C6 changes role from null to FOLLOWER at term 0 for startAsFollower
2019-08-27 10:38:28,230 [pool-752-thread-1] INFO  impl.RaftServerImpl (RaftServerImpl.java:setRole(171)) - c2184b09-bc75-4b7e-aaa7-b2bff6604c2b:group-E4086A2083C6 changes role from null to FOLLOWER at term 0 for startAsFollower
2019-08-27 10:38:28,231 [pool-730-thread-1] INFO  impl.RoleInfo (RoleInfo.java:updateAndGet(143)) - 8a499d08-9a52-4eaf-822d-1c8aaae5e0bd: start FollowerState
2019-08-27 10:38:28,231 [pool-752-thread-1] INFO  impl.RoleInfo (RoleInfo.java:updateAndGet(143)) - c2184b09-bc75-4b7e-aaa7-b2bff6604c2b: start FollowerState
2019-08-27 10:38:28,231 [pool-730-thread-1] INFO  util.JmxRegister (JmxRegister.java:tryRegister(44)) - Successfully registered JMX Bean with object name Ratis:service=RaftServer,group=group-E4086A2083C6,id=8a499d08-9a52-4eaf-822d-1c8aaae5e0bd
2019-08-27 10:38:28,231 [pool-752-thread-1] INFO  util.JmxRegister (JmxRegister.java:tryRegister(44)) - Successfully registered JMX Bean with object name Ratis:service=RaftServer,group=group-E4086A2083C6,id=c2184b09-bc75-4b7e-aaa7-b2bff6604c2b
2019-08-27 10:38:28,234 [RatisPipelineUtilsThread] INFO  pipeline.PipelineStateManager (PipelineStateManager.java:addPipeline(56)) - Created pipeline Pipeline[ Id: a8fb22a9-bcf5-433f-a7a9-e4086a2083c6, Nodes: 8a499d08-9a52-4eaf-822d-1c8aaae5e0bd{ip: 192.168.5.140, host: pr-hdds-1982-decom-states-5k2nc-2490103652, networkLocation: /default-rack, certSerialId: null}18958245-7eb0-45e5-8b80-d1a4d5f9fe80{ip: 192.168.5.140, host: pr-hdds-1982-decom-states-5k2nc-2490103652, networkLocation: /default-rack, certSerialId: null}c2184b09-bc75-4b7e-aaa7-b2bff6604c2b{ip: 192.168.5.140, host: pr-hdds-1982-decom-states-5k2nc-2490103652, networkLocation: /default-rack, certSerialId: null}, Type:RATIS, Factor:THREE, State:OPEN]
2019-08-27 10:38:28,328 [IPC Server handler 3 on 41411] INFO  net.NetworkTopology (NetworkTopologyImpl.java:add(110)) - Added a new node: /default-rack/d6c5e83e-90a3-43cc-b4b7-619ef1f1607f
2019-08-27 10:38:28,328 [IPC Server handler 3 on 41411] INFO  node.SCMNodeManager (SCMNodeManager.java:register(273)) - Registered Data node : d6c5e83e-90a3-43cc-b4b7-619ef1f1607f{ip: 192.168.5.140, host: pr-hdds-1982-decom-states-5k2nc-2490103652, networkLocation: /default-rack, certSerialId: null}
2019-08-27 10:38:28,328 | INFO  | SCMAudit | user=jenkins1000 | ip=192.168.5.140 | op=REGISTER {datanodeDetails=d6c5e83e-90a3-43cc-b4b7-619ef1f1607f{ip: 192.168.5.140, host: pr-hdds-1982-decom-states-5k2nc-2490103652, networkLocation: /default-rack, certSerialId: null}} | ret=SUCCESS |  
2019-08-27 10:38:28,337 [grpc-default-executor-9] INFO  impl.RaftServerProxy (RaftServerProxy.java:addNew(89)) - d6c5e83e-90a3-43cc-b4b7-619ef1f1607f: addNew group-934447A53D4F:[d6c5e83e-90a3-43cc-b4b7-619ef1f1607f:192.168.5.140:35498] returns group-934447A53D4F:java.util.concurrent.CompletableFuture@2b811424[Not completed]
2019-08-27 10:38:28,338 [pool-763-thread-1] INFO  impl.RaftServerImpl (RaftServerImpl.java:<init>(93)) - d6c5e83e-90a3-43cc-b4b7-619ef1f1607f: new RaftServerImpl for group-934447A53D4F:[d6c5e83e-90a3-43cc-b4b7-619ef1f1607f:192.168.5.140:35498] with ContainerStateMachine:uninitialized
2019-08-27 10:38:28,338 [pool-763-thread-1] INFO  server.RaftServerConfigKeys (ConfUtils.java:logGet(43)) - raft.server.rpc.timeout.min = 5s (custom)
2019-08-27 10:38:28,338 [pool-763-thread-1] INFO  server.RaftServerConfigKeys (ConfUtils.java:logGet(43)) - raft.server.rpc.timeout.max = 5200ms (custom)
2019-08-27 10:38:28,339 [pool-763-thread-1] INFO  server.RaftServerConfigKeys (ConfUtils.java:logGet(43)) - raft.server.rpcslowness.timeout = 120s (custom)
2019-08-27 10:38:28,339 [pool-763-thread-1] INFO  server.RaftServerConfigKeys (ConfUtils.java:logGet(43)) - raft.server.sleep.deviation.threshold = 300 (default)
2019-08-27 10:38:28,339 [pool-763-thread-1] INFO  server.RaftServerConfigKeys (ConfUtils.java:logGet(43)) - raft.server.log.appender.install.snapshot.enabled = false (custom)
2019-08-27 10:38:28,339 [pool-763-thread-1] INFO  impl.RaftServerImpl (ServerState.java:<init>(105)) - d6c5e83e-90a3-43cc-b4b7-619ef1f1607f:group-934447A53D4F ConfigurationManager, init=-1: [d6c5e83e-90a3-43cc-b4b7-619ef1f1607f:192.168.5.140:35498], old=null, confs=<EMPTY_MAP>
2019-08-27 10:38:28,339 [pool-763-thread-1] INFO  server.RaftServerConfigKeys (ConfUtils.java:logGet(43)) - raft.server.storage.dir = [/workdir/hadoop-ozone/integration-test/target/test-dir/MiniOzoneClusterImpl-c15ae153-fb36-4826-a287-e4cef41ee116/datanode-3/data/ratis] (custom)
2019-08-27 10:38:28,340 [pool-763-thread-1] INFO  storage.RaftStorageDirectory (RaftStorageDirectory.java:analyzeStorage(246)) - The storage directory /workdir/hadoop-ozone/integration-test/target/test-dir/MiniOzoneClusterImpl-c15ae153-fb36-4826-a287-e4cef41ee116/datanode-3/data/ratis/4d62ee54-5a14-48b9-b121-934447a53d4f does not exist. Creating ...
2019-08-27 10:38:28,353 [pool-763-thread-1] INFO  storage.RaftStorageDirectory (RaftStorageDirectory.java:tryLock(328)) - Lock on /workdir/hadoop-ozone/integration-test/target/test-dir/MiniOzoneClusterImpl-c15ae153-fb36-4826-a287-e4cef41ee116/datanode-3/data/ratis/4d62ee54-5a14-48b9-b121-934447a53d4f/in_use.lock acquired by nodename 25300@pr-hdds-1982-decom-states-5k2nc-2490103652
2019-08-27 10:38:28,366 [pool-763-thread-1] INFO  storage.RaftStorage (RaftStorage.java:format(72)) - Storage directory /workdir/hadoop-ozone/integration-test/target/test-dir/MiniOzoneClusterImpl-c15ae153-fb36-4826-a287-e4cef41ee116/datanode-3/data/ratis/4d62ee54-5a14-48b9-b121-934447a53d4f has been successfully formatted.
2019-08-27 10:38:28,366 [pool-763-thread-1] INFO  ratis.ContainerStateMachine (ContainerStateMachine.java:loadSnapshot(226)) - group-934447A53D4F: The snapshot info is null. Setting the last applied indexto:(t:0, i:~)
2019-08-27 10:38:28,366 [pool-763-thread-1] INFO  server.RaftServerConfigKeys (ConfUtils.java:logGet(43)) - raft.server.leader.election.timeout = 120s (custom)
2019-08-27 10:38:28,367 [pool-763-thread-1] INFO  server.RaftServerConfigKeys (ConfUtils.java:logGet(43)) - raft.server.log.use.memory = false (default)
2019-08-27 10:38:28,367 [pool-763-thread-1] INFO  server.RaftServerConfigKeys (ConfUtils.java:logGet(43)) - raft.server.log.purge.gap = 1000000 (custom)
2019-08-27 10:38:28,367 [pool-763-thread-1] INFO  server.RaftServerConfigKeys (ConfUtils.java:logGet(43)) - raft.server.log.appender.buffer.byte-limit = 33554432 (custom)
2019-08-27 10:38:28,367 [pool-763-thread-1] INFO  server.RaftServerConfigKeys (ConfUtils.java:logGet(43)) - raft.server.log.segment.size.max = 1048576 (custom)
2019-08-27 10:38:28,367 [pool-763-thread-1] INFO  server.RaftServerConfigKeys (ConfUtils.java:logGet(43)) - raft.server.log.segment.cache.num.max = 2 (custom)
2019-08-27 10:38:28,367 [pool-763-thread-1] INFO  segmented.SegmentedRaftLogWorker (SegmentedRaftLogWorker.java:<init>(172)) - new d6c5e83e-90a3-43cc-b4b7-619ef1f1607f-SegmentedRaftLogWorker:Storage Directory /workdir/hadoop-ozone/integration-test/target/test-dir/MiniOzoneClusterImpl-c15ae153-fb36-4826-a287-e4cef41ee116/datanode-3/data/ratis/4d62ee54-5a14-48b9-b121-934447a53d4f for RaftStorage:Storage Directory /workdir/hadoop-ozone/integration-test/target/test-dir/MiniOzoneClusterImpl-c15ae153-fb36-4826-a287-e4cef41ee116/datanode-3/data/ratis/4d62ee54-5a14-48b9-b121-934447a53d4f
2019-08-27 10:38:28,368 [pool-763-thread-1] INFO  server.RaftServerConfigKeys (ConfUtils.java:logGet(43)) - raft.server.log.queue.byte-limit = 2147483647 (custom)
2019-08-27 10:38:28,368 [pool-763-thread-1] INFO  server.RaftServerConfigKeys (ConfUtils.java:logGet(43)) - raft.server.log.queue.element-limit = 1024 (custom)
2019-08-27 10:38:28,368 [pool-763-thread-1] INFO  server.RaftServerConfigKeys (ConfUtils.java:logGet(43)) - raft.server.log.segment.size.max = 1048576 (custom)
2019-08-27 10:38:28,368 [pool-763-thread-1] INFO  server.RaftServerConfigKeys (ConfUtils.java:logGet(43)) - raft.server.log.preallocated.size = 16384 (custom)
2019-08-27 10:38:28,368 [pool-763-thread-1] INFO  server.RaftServerConfigKeys (ConfUtils.java:logGet(43)) - raft.server.log.write.buffer.size = 33554432 (custom)
2019-08-27 10:38:28,369 [pool-763-thread-1] INFO  server.RaftServerConfigKeys (ConfUtils.java:logGet(43)) - raft.server.log.force.sync.num = 128 (default)
2019-08-27 10:38:28,369 [pool-763-thread-1] INFO  server.RaftServerConfigKeys (ConfUtils.java:logGet(43)) - raft.server.log.statemachine.data.sync = true (default)
2019-08-27 10:38:28,369 [pool-763-thread-1] INFO  server.RaftServerConfigKeys (ConfUtils.java:logGet(43)) - raft.server.log.statemachine.data.sync.timeout = 10s (default)
2019-08-27 10:38:28,369 [pool-763-thread-1] INFO  server.RaftServerConfigKeys (ConfUtils.java:logGet(43)) - raft.server.log.statemachine.data.sync.timeout.retry = -1 (default)
2019-08-27 10:38:28,369 [pool-763-thread-1] INFO  server.RaftServerConfigKeys (ConfUtils.java:logGet(43)) - raft.server.log.statemachine.data.caching.enabled = true (custom)
2019-08-27 10:38:28,370 [pool-763-thread-1] INFO  segmented.SegmentedRaftLogWorker (SegmentedRaftLogWorker.java:lambda$new$0(132)) - d6c5e83e-90a3-43cc-b4b7-619ef1f1607f-SegmentedRaftLogWorker:Storage Directory /workdir/hadoop-ozone/integration-test/target/test-dir/MiniOzoneClusterImpl-c15ae153-fb36-4826-a287-e4cef41ee116/datanode-3/data/ratis/4d62ee54-5a14-48b9-b121-934447a53d4f: flushIndex: setUnconditionally 0 -> -1
2019-08-27 10:38:28,370 [pool-763-thread-1] INFO  server.RaftServerConfigKeys (ConfUtils.java:logGet(43)) - raft.server.snapshot.auto.trigger.enabled = true (custom)
2019-08-27 10:38:28,370 [pool-763-thread-1] INFO  server.RaftServerConfigKeys (ConfUtils.java:logGet(43)) - raft.server.snapshot.auto.trigger.threshold = 10000 (custom)
2019-08-27 10:38:28,371 [pool-763-thread-1] INFO  server.RaftServerConfigKeys (ConfUtils.java:logGet(43)) - raft.server.retrycache.expirytime = 600000ms (custom)
2019-08-27 10:38:28,371 [pool-763-thread-1] INFO  impl.RaftServerImpl (RaftServerImpl.java:start(180)) - d6c5e83e-90a3-43cc-b4b7-619ef1f1607f: start group-934447A53D4F
2019-08-27 10:38:28,371 [pool-763-thread-1] INFO  impl.RaftServerImpl (RaftServerImpl.java:setRole(171)) - d6c5e83e-90a3-43cc-b4b7-619ef1f1607f:group-934447A53D4F changes role from null to FOLLOWER at term 0 for startAsFollower
2019-08-27 10:38:28,371 [pool-763-thread-1] INFO  impl.RoleInfo (RoleInfo.java:updateAndGet(143)) - d6c5e83e-90a3-43cc-b4b7-619ef1f1607f: start FollowerState
2019-08-27 10:38:28,372 [pool-763-thread-1] INFO  util.JmxRegister (JmxRegister.java:tryRegister(44)) - Successfully registered JMX Bean with object name Ratis:service=RaftServer,group=group-934447A53D4F,id=d6c5e83e-90a3-43cc-b4b7-619ef1f1607f
2019-08-27 10:38:28,374 [RatisPipelineUtilsThread] INFO  pipeline.PipelineStateManager (PipelineStateManager.java:addPipeline(56)) - Created pipeline Pipeline[ Id: 4d62ee54-5a14-48b9-b121-934447a53d4f, Nodes: d6c5e83e-90a3-43cc-b4b7-619ef1f1607f{ip: 192.168.5.140, host: pr-hdds-1982-decom-states-5k2nc-2490103652, networkLocation: /default-rack, certSerialId: null}, Type:RATIS, Factor:ONE, State:OPEN]
2019-08-27 10:38:28,538 [IPC Server handler 4 on 41411] INFO  net.NetworkTopology (NetworkTopologyImpl.java:add(110)) - Added a new node: /default-rack/f12a520e-da2a-467c-b7aa-1b00d63be15e
2019-08-27 10:38:28,538 [IPC Server handler 4 on 41411] INFO  node.SCMNodeManager (SCMNodeManager.java:register(273)) - Registered Data node : f12a520e-da2a-467c-b7aa-1b00d63be15e{ip: 192.168.5.140, host: pr-hdds-1982-decom-states-5k2nc-2490103652, networkLocation: /default-rack, certSerialId: null}
2019-08-27 10:38:28,538 | INFO  | SCMAudit | user=jenkins1000 | ip=192.168.5.140 | op=REGISTER {datanodeDetails=f12a520e-da2a-467c-b7aa-1b00d63be15e{ip: 192.168.5.140, host: pr-hdds-1982-decom-states-5k2nc-2490103652, networkLocation: /default-rack, certSerialId: null}} | ret=SUCCESS |  
2019-08-27 10:38:28,545 [grpc-default-executor-9] INFO  impl.RaftServerProxy (RaftServerProxy.java:addNew(89)) - f12a520e-da2a-467c-b7aa-1b00d63be15e: addNew group-FC400C6FA396:[f12a520e-da2a-467c-b7aa-1b00d63be15e:192.168.5.140:44520] returns group-FC400C6FA396:java.util.concurrent.CompletableFuture@640c81d9[Not completed]
2019-08-27 10:38:28,546 [pool-774-thread-1] INFO  impl.RaftServerImpl (RaftServerImpl.java:<init>(93)) - f12a520e-da2a-467c-b7aa-1b00d63be15e: new RaftServerImpl for group-FC400C6FA396:[f12a520e-da2a-467c-b7aa-1b00d63be15e:192.168.5.140:44520] with ContainerStateMachine:uninitialized
2019-08-27 10:38:28,547 [pool-774-thread-1] INFO  server.RaftServerConfigKeys (ConfUtils.java:logGet(43)) - raft.server.rpc.timeout.min = 5s (custom)
2019-08-27 10:38:28,547 [pool-774-thread-1] INFO  server.RaftServerConfigKeys (ConfUtils.java:logGet(43)) - raft.server.rpc.timeout.max = 5200ms (custom)
2019-08-27 10:38:28,547 [pool-774-thread-1] INFO  server.RaftServerConfigKeys (ConfUtils.java:logGet(43)) - raft.server.rpcslowness.timeout = 120s (custom)
2019-08-27 10:38:28,547 [pool-774-thread-1] INFO  server.RaftServerConfigKeys (ConfUtils.java:logGet(43)) - raft.server.sleep.deviation.threshold = 300 (default)
2019-08-27 10:38:28,547 [pool-774-thread-1] INFO  server.RaftServerConfigKeys (ConfUtils.java:logGet(43)) - raft.server.log.appender.install.snapshot.enabled = false (custom)
2019-08-27 10:38:28,547 [pool-774-thread-1] INFO  impl.RaftServerImpl (ServerState.java:<init>(105)) - f12a520e-da2a-467c-b7aa-1b00d63be15e:group-FC400C6FA396 ConfigurationManager, init=-1: [f12a520e-da2a-467c-b7aa-1b00d63be15e:192.168.5.140:44520], old=null, confs=<EMPTY_MAP>
2019-08-27 10:38:28,547 [pool-774-thread-1] INFO  server.RaftServerConfigKeys (ConfUtils.java:logGet(43)) - raft.server.storage.dir = [/workdir/hadoop-ozone/integration-test/target/test-dir/MiniOzoneClusterImpl-c15ae153-fb36-4826-a287-e4cef41ee116/datanode-4/data/ratis] (custom)
2019-08-27 10:38:28,548 [pool-774-thread-1] INFO  storage.RaftStorageDirectory (RaftStorageDirectory.java:analyzeStorage(246)) - The storage directory /workdir/hadoop-ozone/integration-test/target/test-dir/MiniOzoneClusterImpl-c15ae153-fb36-4826-a287-e4cef41ee116/datanode-4/data/ratis/3a4b7aa5-9ba2-4b60-8971-fc400c6fa396 does not exist. Creating ...
2019-08-27 10:38:28,561 [pool-774-thread-1] INFO  storage.RaftStorageDirectory (RaftStorageDirectory.java:tryLock(328)) - Lock on /workdir/hadoop-ozone/integration-test/target/test-dir/MiniOzoneClusterImpl-c15ae153-fb36-4826-a287-e4cef41ee116/datanode-4/data/ratis/3a4b7aa5-9ba2-4b60-8971-fc400c6fa396/in_use.lock acquired by nodename 25300@pr-hdds-1982-decom-states-5k2nc-2490103652
2019-08-27 10:38:28,893 [pool-774-thread-1] INFO  storage.RaftStorage (RaftStorage.java:format(72)) - Storage directory /workdir/hadoop-ozone/integration-test/target/test-dir/MiniOzoneClusterImpl-c15ae153-fb36-4826-a287-e4cef41ee116/datanode-4/data/ratis/3a4b7aa5-9ba2-4b60-8971-fc400c6fa396 has been successfully formatted.
2019-08-27 10:38:28,921 [IPC Server handler 14 on 41411] INFO  net.NetworkTopology (NetworkTopologyImpl.java:add(110)) - Added a new node: /default-rack/55846269-6583-45cb-807e-dad1f0ee78d3
2019-08-27 10:38:28,924 [pool-774-thread-1] INFO  ratis.ContainerStateMachine (ContainerStateMachine.java:loadSnapshot(226)) - group-FC400C6FA396: The snapshot info is null. Setting the last applied indexto:(t:0, i:~)
2019-08-27 10:38:28,924 [IPC Server handler 14 on 41411] INFO  node.SCMNodeManager (SCMNodeManager.java:register(273)) - Registered Data node : 55846269-6583-45cb-807e-dad1f0ee78d3{ip: 192.168.5.140, host: pr-hdds-1982-decom-states-5k2nc-2490103652, networkLocation: /default-rack, certSerialId: null}
2019-08-27 10:38:28,924 [pool-774-thread-1] INFO  server.RaftServerConfigKeys (ConfUtils.java:logGet(43)) - raft.server.leader.election.timeout = 120s (custom)
2019-08-27 10:38:28,924 | INFO  | SCMAudit | user=jenkins1000 | ip=192.168.5.140 | op=REGISTER {datanodeDetails=55846269-6583-45cb-807e-dad1f0ee78d3{ip: 192.168.5.140, host: pr-hdds-1982-decom-states-5k2nc-2490103652, networkLocation: /default-rack, certSerialId: null}} | ret=SUCCESS |  
2019-08-27 10:38:28,924 [pool-774-thread-1] INFO  server.RaftServerConfigKeys (ConfUtils.java:logGet(43)) - raft.server.log.use.memory = false (default)
2019-08-27 10:38:28,925 [IPC Server handler 2 on 41411] INFO  net.NetworkTopology (NetworkTopologyImpl.java:add(110)) - Added a new node: /default-rack/5ec53e02-a1c2-407d-b0be-b295a4de7079
2019-08-27 10:38:28,924 [main] INFO  ozone.MiniOzoneClusterImpl (MiniOzoneClusterImpl.java:lambda$waitForClusterToBeReady$0(142)) - Waiting for cluster to be ready. Got 6 of 7 DN Heartbeats.
2019-08-27 10:38:28,929 [IPC Server handler 2 on 41411] INFO  node.SCMNodeManager (SCMNodeManager.java:register(273)) - Registered Data node : 5ec53e02-a1c2-407d-b0be-b295a4de7079{ip: 192.168.5.140, host: pr-hdds-1982-decom-states-5k2nc-2490103652, networkLocation: /default-rack, certSerialId: null}
2019-08-27 10:38:28,934 | INFO  | SCMAudit | user=jenkins1000 | ip=192.168.5.140 | op=REGISTER {datanodeDetails=5ec53e02-a1c2-407d-b0be-b295a4de7079{ip: 192.168.5.140, host: pr-hdds-1982-decom-states-5k2nc-2490103652, networkLocation: /default-rack, certSerialId: null}} | ret=SUCCESS |  
2019-08-27 10:38:28,926 [pool-774-thread-1] INFO  server.RaftServerConfigKeys (ConfUtils.java:logGet(43)) - raft.server.log.purge.gap = 1000000 (custom)
2019-08-27 10:38:28,934 [pool-774-thread-1] INFO  server.RaftServerConfigKeys (ConfUtils.java:logGet(43)) - raft.server.log.appender.buffer.byte-limit = 33554432 (custom)
2019-08-27 10:38:28,934 [pool-774-thread-1] INFO  server.RaftServerConfigKeys (ConfUtils.java:logGet(43)) - raft.server.log.segment.size.max = 1048576 (custom)
2019-08-27 10:38:28,935 [pool-774-thread-1] INFO  server.RaftServerConfigKeys (ConfUtils.java:logGet(43)) - raft.server.log.segment.cache.num.max = 2 (custom)
2019-08-27 10:38:28,935 [pool-774-thread-1] INFO  segmented.SegmentedRaftLogWorker (SegmentedRaftLogWorker.java:<init>(172)) - new f12a520e-da2a-467c-b7aa-1b00d63be15e-SegmentedRaftLogWorker:Storage Directory /workdir/hadoop-ozone/integration-test/target/test-dir/MiniOzoneClusterImpl-c15ae153-fb36-4826-a287-e4cef41ee116/datanode-4/data/ratis/3a4b7aa5-9ba2-4b60-8971-fc400c6fa396 for RaftStorage:Storage Directory /workdir/hadoop-ozone/integration-test/target/test-dir/MiniOzoneClusterImpl-c15ae153-fb36-4826-a287-e4cef41ee116/datanode-4/data/ratis/3a4b7aa5-9ba2-4b60-8971-fc400c6fa396
2019-08-27 10:38:28,935 [pool-774-thread-1] INFO  server.RaftServerConfigKeys (ConfUtils.java:logGet(43)) - raft.server.log.queue.byte-limit = 2147483647 (custom)
2019-08-27 10:38:28,935 [pool-774-thread-1] INFO  server.RaftServerConfigKeys (ConfUtils.java:logGet(43)) - raft.server.log.queue.element-limit = 1024 (custom)
2019-08-27 10:38:28,936 [pool-774-thread-1] INFO  server.RaftServerConfigKeys (ConfUtils.java:logGet(43)) - raft.server.log.segment.size.max = 1048576 (custom)
2019-08-27 10:38:28,936 [pool-774-thread-1] INFO  server.RaftServerConfigKeys (ConfUtils.java:logGet(43)) - raft.server.log.preallocated.size = 16384 (custom)
2019-08-27 10:38:28,936 [pool-774-thread-1] INFO  server.RaftServerConfigKeys (ConfUtils.java:logGet(43)) - raft.server.log.write.buffer.size = 33554432 (custom)
2019-08-27 10:38:28,937 [pool-774-thread-1] INFO  server.RaftServerConfigKeys (ConfUtils.java:logGet(43)) - raft.server.log.force.sync.num = 128 (default)
2019-08-27 10:38:28,937 [pool-774-thread-1] INFO  server.RaftServerConfigKeys (ConfUtils.java:logGet(43)) - raft.server.log.statemachine.data.sync = true (default)
2019-08-27 10:38:28,937 [pool-774-thread-1] INFO  server.RaftServerConfigKeys (ConfUtils.java:logGet(43)) - raft.server.log.statemachine.data.sync.timeout = 10s (default)
2019-08-27 10:38:28,937 [pool-774-thread-1] INFO  server.RaftServerConfigKeys (ConfUtils.java:logGet(43)) - raft.server.log.statemachine.data.sync.timeout.retry = -1 (default)
2019-08-27 10:38:28,937 [pool-774-thread-1] INFO  server.RaftServerConfigKeys (ConfUtils.java:logGet(43)) - raft.server.log.statemachine.data.caching.enabled = true (custom)
2019-08-27 10:38:28,938 [pool-774-thread-1] INFO  segmented.SegmentedRaftLogWorker (SegmentedRaftLogWorker.java:lambda$new$0(132)) - f12a520e-da2a-467c-b7aa-1b00d63be15e-SegmentedRaftLogWorker:Storage Directory /workdir/hadoop-ozone/integration-test/target/test-dir/MiniOzoneClusterImpl-c15ae153-fb36-4826-a287-e4cef41ee116/datanode-4/data/ratis/3a4b7aa5-9ba2-4b60-8971-fc400c6fa396: flushIndex: setUnconditionally 0 -> -1
2019-08-27 10:38:28,938 [pool-774-thread-1] INFO  server.RaftServerConfigKeys (ConfUtils.java:logGet(43)) - raft.server.snapshot.auto.trigger.enabled = true (custom)
2019-08-27 10:38:28,938 [pool-774-thread-1] INFO  server.RaftServerConfigKeys (ConfUtils.java:logGet(43)) - raft.server.snapshot.auto.trigger.threshold = 10000 (custom)
2019-08-27 10:38:28,938 [pool-774-thread-1] INFO  server.RaftServerConfigKeys (ConfUtils.java:logGet(43)) - raft.server.retrycache.expirytime = 600000ms (custom)
2019-08-27 10:38:28,939 [pool-774-thread-1] INFO  impl.RaftServerImpl (RaftServerImpl.java:start(180)) - f12a520e-da2a-467c-b7aa-1b00d63be15e: start group-FC400C6FA396
2019-08-27 10:38:28,939 [pool-774-thread-1] INFO  impl.RaftServerImpl (RaftServerImpl.java:setRole(171)) - f12a520e-da2a-467c-b7aa-1b00d63be15e:group-FC400C6FA396 changes role from null to FOLLOWER at term 0 for startAsFollower
2019-08-27 10:38:28,939 [pool-774-thread-1] INFO  impl.RoleInfo (RoleInfo.java:updateAndGet(143)) - f12a520e-da2a-467c-b7aa-1b00d63be15e: start FollowerState
2019-08-27 10:38:28,939 [pool-774-thread-1] INFO  util.JmxRegister (JmxRegister.java:tryRegister(44)) - Successfully registered JMX Bean with object name Ratis:service=RaftServer,group=group-FC400C6FA396,id=f12a520e-da2a-467c-b7aa-1b00d63be15e
2019-08-27 10:38:28,942 [RatisPipelineUtilsThread] INFO  pipeline.PipelineStateManager (PipelineStateManager.java:addPipeline(56)) - Created pipeline Pipeline[ Id: 3a4b7aa5-9ba2-4b60-8971-fc400c6fa396, Nodes: f12a520e-da2a-467c-b7aa-1b00d63be15e{ip: 192.168.5.140, host: pr-hdds-1982-decom-states-5k2nc-2490103652, networkLocation: /default-rack, certSerialId: null}, Type:RATIS, Factor:ONE, State:OPEN]
2019-08-27 10:38:28,961 [grpc-default-executor-9] INFO  impl.RaftServerProxy (RaftServerProxy.java:addNew(89)) - 5ec53e02-a1c2-407d-b0be-b295a4de7079: addNew group-464EDA4DBC15:[5ec53e02-a1c2-407d-b0be-b295a4de7079:192.168.5.140:41259] returns group-464EDA4DBC15:java.util.concurrent.CompletableFuture@17531b39[Not completed]
2019-08-27 10:38:28,962 [pool-796-thread-1] INFO  impl.RaftServerImpl (RaftServerImpl.java:<init>(93)) - 5ec53e02-a1c2-407d-b0be-b295a4de7079: new RaftServerImpl for group-464EDA4DBC15:[5ec53e02-a1c2-407d-b0be-b295a4de7079:192.168.5.140:41259] with ContainerStateMachine:uninitialized
2019-08-27 10:38:28,962 [pool-796-thread-1] INFO  server.RaftServerConfigKeys (ConfUtils.java:logGet(43)) - raft.server.rpc.timeout.min = 5s (custom)
2019-08-27 10:38:28,962 [pool-796-thread-1] INFO  server.RaftServerConfigKeys (ConfUtils.java:logGet(43)) - raft.server.rpc.timeout.max = 5200ms (custom)
2019-08-27 10:38:28,962 [pool-796-thread-1] INFO  server.RaftServerConfigKeys (ConfUtils.java:logGet(43)) - raft.server.rpcslowness.timeout = 120s (custom)
2019-08-27 10:38:28,962 [pool-796-thread-1] INFO  server.RaftServerConfigKeys (ConfUtils.java:logGet(43)) - raft.server.sleep.deviation.threshold = 300 (default)
2019-08-27 10:38:28,962 [pool-796-thread-1] INFO  server.RaftServerConfigKeys (ConfUtils.java:logGet(43)) - raft.server.log.appender.install.snapshot.enabled = false (custom)
2019-08-27 10:38:28,962 [pool-796-thread-1] INFO  impl.RaftServerImpl (ServerState.java:<init>(105)) - 5ec53e02-a1c2-407d-b0be-b295a4de7079:group-464EDA4DBC15 ConfigurationManager, init=-1: [5ec53e02-a1c2-407d-b0be-b295a4de7079:192.168.5.140:41259], old=null, confs=<EMPTY_MAP>
2019-08-27 10:38:28,963 [pool-796-thread-1] INFO  server.RaftServerConfigKeys (ConfUtils.java:logGet(43)) - raft.server.storage.dir = [/workdir/hadoop-ozone/integration-test/target/test-dir/MiniOzoneClusterImpl-c15ae153-fb36-4826-a287-e4cef41ee116/datanode-6/data/ratis] (custom)
2019-08-27 10:38:28,963 [pool-796-thread-1] INFO  storage.RaftStorageDirectory (RaftStorageDirectory.java:analyzeStorage(246)) - The storage directory /workdir/hadoop-ozone/integration-test/target/test-dir/MiniOzoneClusterImpl-c15ae153-fb36-4826-a287-e4cef41ee116/datanode-6/data/ratis/a9507a84-6797-4089-aee1-464eda4dbc15 does not exist. Creating ...
2019-08-27 10:38:28,976 [pool-796-thread-1] INFO  storage.RaftStorageDirectory (RaftStorageDirectory.java:tryLock(328)) - Lock on /workdir/hadoop-ozone/integration-test/target/test-dir/MiniOzoneClusterImpl-c15ae153-fb36-4826-a287-e4cef41ee116/datanode-6/data/ratis/a9507a84-6797-4089-aee1-464eda4dbc15/in_use.lock acquired by nodename 25300@pr-hdds-1982-decom-states-5k2nc-2490103652
2019-08-27 10:38:28,998 [pool-796-thread-1] INFO  storage.RaftStorage (RaftStorage.java:format(72)) - Storage directory /workdir/hadoop-ozone/integration-test/target/test-dir/MiniOzoneClusterImpl-c15ae153-fb36-4826-a287-e4cef41ee116/datanode-6/data/ratis/a9507a84-6797-4089-aee1-464eda4dbc15 has been successfully formatted.
2019-08-27 10:38:28,999 [pool-796-thread-1] INFO  ratis.ContainerStateMachine (ContainerStateMachine.java:loadSnapshot(226)) - group-464EDA4DBC15: The snapshot info is null. Setting the last applied indexto:(t:0, i:~)
2019-08-27 10:38:28,999 [pool-796-thread-1] INFO  server.RaftServerConfigKeys (ConfUtils.java:logGet(43)) - raft.server.leader.election.timeout = 120s (custom)
2019-08-27 10:38:28,999 [pool-796-thread-1] INFO  server.RaftServerConfigKeys (ConfUtils.java:logGet(43)) - raft.server.log.use.memory = false (default)
2019-08-27 10:38:28,999 [pool-796-thread-1] INFO  server.RaftServerConfigKeys (ConfUtils.java:logGet(43)) - raft.server.log.purge.gap = 1000000 (custom)
2019-08-27 10:38:28,999 [pool-796-thread-1] INFO  server.RaftServerConfigKeys (ConfUtils.java:logGet(43)) - raft.server.log.appender.buffer.byte-limit = 33554432 (custom)
2019-08-27 10:38:28,999 [pool-796-thread-1] INFO  server.RaftServerConfigKeys (ConfUtils.java:logGet(43)) - raft.server.log.segment.size.max = 1048576 (custom)
2019-08-27 10:38:28,999 [pool-796-thread-1] INFO  server.RaftServerConfigKeys (ConfUtils.java:logGet(43)) - raft.server.log.segment.cache.num.max = 2 (custom)
2019-08-27 10:38:28,999 [pool-796-thread-1] INFO  segmented.SegmentedRaftLogWorker (SegmentedRaftLogWorker.java:<init>(172)) - new 5ec53e02-a1c2-407d-b0be-b295a4de7079-SegmentedRaftLogWorker:Storage Directory /workdir/hadoop-ozone/integration-test/target/test-dir/MiniOzoneClusterImpl-c15ae153-fb36-4826-a287-e4cef41ee116/datanode-6/data/ratis/a9507a84-6797-4089-aee1-464eda4dbc15 for RaftStorage:Storage Directory /workdir/hadoop-ozone/integration-test/target/test-dir/MiniOzoneClusterImpl-c15ae153-fb36-4826-a287-e4cef41ee116/datanode-6/data/ratis/a9507a84-6797-4089-aee1-464eda4dbc15
2019-08-27 10:38:29,000 [pool-796-thread-1] INFO  server.RaftServerConfigKeys (ConfUtils.java:logGet(43)) - raft.server.log.queue.byte-limit = 2147483647 (custom)
2019-08-27 10:38:29,000 [pool-796-thread-1] INFO  server.RaftServerConfigKeys (ConfUtils.java:logGet(43)) - raft.server.log.queue.element-limit = 1024 (custom)
2019-08-27 10:38:29,000 [pool-796-thread-1] INFO  server.RaftServerConfigKeys (ConfUtils.java:logGet(43)) - raft.server.log.segment.size.max = 1048576 (custom)
2019-08-27 10:38:29,000 [pool-796-thread-1] INFO  server.RaftServerConfigKeys (ConfUtils.java:logGet(43)) - raft.server.log.preallocated.size = 16384 (custom)
2019-08-27 10:38:29,000 [pool-796-thread-1] INFO  server.RaftServerConfigKeys (ConfUtils.java:logGet(43)) - raft.server.log.write.buffer.size = 33554432 (custom)
2019-08-27 10:38:29,000 [pool-796-thread-1] INFO  server.RaftServerConfigKeys (ConfUtils.java:logGet(43)) - raft.server.log.force.sync.num = 128 (default)
2019-08-27 10:38:29,000 [pool-796-thread-1] INFO  server.RaftServerConfigKeys (ConfUtils.java:logGet(43)) - raft.server.log.statemachine.data.sync = true (default)
2019-08-27 10:38:29,000 [pool-796-thread-1] INFO  server.RaftServerConfigKeys (ConfUtils.java:logGet(43)) - raft.server.log.statemachine.data.sync.timeout = 10s (default)
2019-08-27 10:38:29,001 [pool-796-thread-1] INFO  server.RaftServerConfigKeys (ConfUtils.java:logGet(43)) - raft.server.log.statemachine.data.sync.timeout.retry = -1 (default)
2019-08-27 10:38:29,001 [pool-796-thread-1] INFO  server.RaftServerConfigKeys (ConfUtils.java:logGet(43)) - raft.server.log.statemachine.data.caching.enabled = true (custom)
2019-08-27 10:38:29,001 [pool-796-thread-1] INFO  segmented.SegmentedRaftLogWorker (SegmentedRaftLogWorker.java:lambda$new$0(132)) - 5ec53e02-a1c2-407d-b0be-b295a4de7079-SegmentedRaftLogWorker:Storage Directory /workdir/hadoop-ozone/integration-test/target/test-dir/MiniOzoneClusterImpl-c15ae153-fb36-4826-a287-e4cef41ee116/datanode-6/data/ratis/a9507a84-6797-4089-aee1-464eda4dbc15: flushIndex: setUnconditionally 0 -> -1
2019-08-27 10:38:29,001 [pool-796-thread-1] INFO  server.RaftServerConfigKeys (ConfUtils.java:logGet(43)) - raft.server.snapshot.auto.trigger.enabled = true (custom)
2019-08-27 10:38:29,001 [pool-796-thread-1] INFO  server.RaftServerConfigKeys (ConfUtils.java:logGet(43)) - raft.server.snapshot.auto.trigger.threshold = 10000 (custom)
2019-08-27 10:38:29,002 [pool-796-thread-1] INFO  server.RaftServerConfigKeys (ConfUtils.java:logGet(43)) - raft.server.retrycache.expirytime = 600000ms (custom)
2019-08-27 10:38:29,002 [pool-796-thread-1] INFO  impl.RaftServerImpl (RaftServerImpl.java:start(180)) - 5ec53e02-a1c2-407d-b0be-b295a4de7079: start group-464EDA4DBC15
2019-08-27 10:38:29,002 [pool-796-thread-1] INFO  impl.RaftServerImpl (RaftServerImpl.java:setRole(171)) - 5ec53e02-a1c2-407d-b0be-b295a4de7079:group-464EDA4DBC15 changes role from null to FOLLOWER at term 0 for startAsFollower
2019-08-27 10:38:29,002 [pool-796-thread-1] INFO  impl.RoleInfo (RoleInfo.java:updateAndGet(143)) - 5ec53e02-a1c2-407d-b0be-b295a4de7079: start FollowerState
2019-08-27 10:38:29,002 [pool-796-thread-1] INFO  util.JmxRegister (JmxRegister.java:tryRegister(44)) - Successfully registered JMX Bean with object name Ratis:service=RaftServer,group=group-464EDA4DBC15,id=5ec53e02-a1c2-407d-b0be-b295a4de7079
2019-08-27 10:38:29,004 [RatisPipelineUtilsThread] INFO  pipeline.PipelineStateManager (PipelineStateManager.java:addPipeline(56)) - Created pipeline Pipeline[ Id: a9507a84-6797-4089-aee1-464eda4dbc15, Nodes: 5ec53e02-a1c2-407d-b0be-b295a4de7079{ip: 192.168.5.140, host: pr-hdds-1982-decom-states-5k2nc-2490103652, networkLocation: /default-rack, certSerialId: null}, Type:RATIS, Factor:ONE, State:OPEN]
2019-08-27 10:38:29,011 [grpc-default-executor-9] INFO  impl.RaftServerProxy (RaftServerProxy.java:addNew(89)) - 55846269-6583-45cb-807e-dad1f0ee78d3: addNew group-D884D908617C:[55846269-6583-45cb-807e-dad1f0ee78d3:192.168.5.140:40107] returns group-D884D908617C:java.util.concurrent.CompletableFuture@5f7324ab[Not completed]
2019-08-27 10:38:29,012 [pool-785-thread-1] INFO  impl.RaftServerImpl (RaftServerImpl.java:<init>(93)) - 55846269-6583-45cb-807e-dad1f0ee78d3: new RaftServerImpl for group-D884D908617C:[55846269-6583-45cb-807e-dad1f0ee78d3:192.168.5.140:40107] with ContainerStateMachine:uninitialized
2019-08-27 10:38:29,012 [pool-785-thread-1] INFO  server.RaftServerConfigKeys (ConfUtils.java:logGet(43)) - raft.server.rpc.timeout.min = 5s (custom)
2019-08-27 10:38:29,012 [pool-785-thread-1] INFO  server.RaftServerConfigKeys (ConfUtils.java:logGet(43)) - raft.server.rpc.timeout.max = 5200ms (custom)
2019-08-27 10:38:29,012 [pool-785-thread-1] INFO  server.RaftServerConfigKeys (ConfUtils.java:logGet(43)) - raft.server.rpcslowness.timeout = 120s (custom)
2019-08-27 10:38:29,012 [pool-785-thread-1] INFO  server.RaftServerConfigKeys (ConfUtils.java:logGet(43)) - raft.server.sleep.deviation.threshold = 300 (default)
2019-08-27 10:38:29,012 [pool-785-thread-1] INFO  server.RaftServerConfigKeys (ConfUtils.java:logGet(43)) - raft.server.log.appender.install.snapshot.enabled = false (custom)
2019-08-27 10:38:29,013 [pool-785-thread-1] INFO  impl.RaftServerImpl (ServerState.java:<init>(105)) - 55846269-6583-45cb-807e-dad1f0ee78d3:group-D884D908617C ConfigurationManager, init=-1: [55846269-6583-45cb-807e-dad1f0ee78d3:192.168.5.140:40107], old=null, confs=<EMPTY_MAP>
2019-08-27 10:38:29,013 [pool-785-thread-1] INFO  server.RaftServerConfigKeys (ConfUtils.java:logGet(43)) - raft.server.storage.dir = [/workdir/hadoop-ozone/integration-test/target/test-dir/MiniOzoneClusterImpl-c15ae153-fb36-4826-a287-e4cef41ee116/datanode-5/data/ratis] (custom)
2019-08-27 10:38:29,013 [pool-785-thread-1] INFO  storage.RaftStorageDirectory (RaftStorageDirectory.java:analyzeStorage(246)) - The storage directory /workdir/hadoop-ozone/integration-test/target/test-dir/MiniOzoneClusterImpl-c15ae153-fb36-4826-a287-e4cef41ee116/datanode-5/data/ratis/f28106ab-1d00-4161-a089-d884d908617c does not exist. Creating ...
2019-08-27 10:38:29,027 [pool-785-thread-1] INFO  storage.RaftStorageDirectory (RaftStorageDirectory.java:tryLock(328)) - Lock on /workdir/hadoop-ozone/integration-test/target/test-dir/MiniOzoneClusterImpl-c15ae153-fb36-4826-a287-e4cef41ee116/datanode-5/data/ratis/f28106ab-1d00-4161-a089-d884d908617c/in_use.lock acquired by nodename 25300@pr-hdds-1982-decom-states-5k2nc-2490103652
2019-08-27 10:38:29,041 [pool-785-thread-1] INFO  storage.RaftStorage (RaftStorage.java:format(72)) - Storage directory /workdir/hadoop-ozone/integration-test/target/test-dir/MiniOzoneClusterImpl-c15ae153-fb36-4826-a287-e4cef41ee116/datanode-5/data/ratis/f28106ab-1d00-4161-a089-d884d908617c has been successfully formatted.
2019-08-27 10:38:29,041 [pool-785-thread-1] INFO  ratis.ContainerStateMachine (ContainerStateMachine.java:loadSnapshot(226)) - group-D884D908617C: The snapshot info is null. Setting the last applied indexto:(t:0, i:~)
2019-08-27 10:38:29,041 [pool-785-thread-1] INFO  server.RaftServerConfigKeys (ConfUtils.java:logGet(43)) - raft.server.leader.election.timeout = 120s (custom)
2019-08-27 10:38:29,041 [pool-785-thread-1] INFO  server.RaftServerConfigKeys (ConfUtils.java:logGet(43)) - raft.server.log.use.memory = false (default)
2019-08-27 10:38:29,041 [pool-785-thread-1] INFO  server.RaftServerConfigKeys (ConfUtils.java:logGet(43)) - raft.server.log.purge.gap = 1000000 (custom)
2019-08-27 10:38:29,041 [pool-785-thread-1] INFO  server.RaftServerConfigKeys (ConfUtils.java:logGet(43)) - raft.server.log.appender.buffer.byte-limit = 33554432 (custom)
2019-08-27 10:38:29,042 [pool-785-thread-1] INFO  server.RaftServerConfigKeys (ConfUtils.java:logGet(43)) - raft.server.log.segment.size.max = 1048576 (custom)
2019-08-27 10:38:29,042 [pool-785-thread-1] INFO  server.RaftServerConfigKeys (ConfUtils.java:logGet(43)) - raft.server.log.segment.cache.num.max = 2 (custom)
2019-08-27 10:38:29,042 [pool-785-thread-1] INFO  segmented.SegmentedRaftLogWorker (SegmentedRaftLogWorker.java:<init>(172)) - new 55846269-6583-45cb-807e-dad1f0ee78d3-SegmentedRaftLogWorker:Storage Directory /workdir/hadoop-ozone/integration-test/target/test-dir/MiniOzoneClusterImpl-c15ae153-fb36-4826-a287-e4cef41ee116/datanode-5/data/ratis/f28106ab-1d00-4161-a089-d884d908617c for RaftStorage:Storage Directory /workdir/hadoop-ozone/integration-test/target/test-dir/MiniOzoneClusterImpl-c15ae153-fb36-4826-a287-e4cef41ee116/datanode-5/data/ratis/f28106ab-1d00-4161-a089-d884d908617c
2019-08-27 10:38:29,042 [pool-785-thread-1] INFO  server.RaftServerConfigKeys (ConfUtils.java:logGet(43)) - raft.server.log.queue.byte-limit = 2147483647 (custom)
2019-08-27 10:38:29,042 [pool-785-thread-1] INFO  server.RaftServerConfigKeys (ConfUtils.java:logGet(43)) - raft.server.log.queue.element-limit = 1024 (custom)
2019-08-27 10:38:29,042 [pool-785-thread-1] INFO  server.RaftServerConfigKeys (ConfUtils.java:logGet(43)) - raft.server.log.segment.size.max = 1048576 (custom)
2019-08-27 10:38:29,043 [pool-785-thread-1] INFO  server.RaftServerConfigKeys (ConfUtils.java:logGet(43)) - raft.server.log.preallocated.size = 16384 (custom)
2019-08-27 10:38:29,043 [pool-785-thread-1] INFO  server.RaftServerConfigKeys (ConfUtils.java:logGet(43)) - raft.server.log.write.buffer.size = 33554432 (custom)
2019-08-27 10:38:29,043 [pool-785-thread-1] INFO  server.RaftServerConfigKeys (ConfUtils.java:logGet(43)) - raft.server.log.force.sync.num = 128 (default)
2019-08-27 10:38:29,043 [pool-785-thread-1] INFO  server.RaftServerConfigKeys (ConfUtils.java:logGet(43)) - raft.server.log.statemachine.data.sync = true (default)
2019-08-27 10:38:29,043 [pool-785-thread-1] INFO  server.RaftServerConfigKeys (ConfUtils.java:logGet(43)) - raft.server.log.statemachine.data.sync.timeout = 10s (default)
2019-08-27 10:38:29,043 [pool-785-thread-1] INFO  server.RaftServerConfigKeys (ConfUtils.java:logGet(43)) - raft.server.log.statemachine.data.sync.timeout.retry = -1 (default)
2019-08-27 10:38:29,043 [pool-785-thread-1] INFO  server.RaftServerConfigKeys (ConfUtils.java:logGet(43)) - raft.server.log.statemachine.data.caching.enabled = true (custom)
2019-08-27 10:38:29,044 [pool-785-thread-1] INFO  segmented.SegmentedRaftLogWorker (SegmentedRaftLogWorker.java:lambda$new$0(132)) - 55846269-6583-45cb-807e-dad1f0ee78d3-SegmentedRaftLogWorker:Storage Directory /workdir/hadoop-ozone/integration-test/target/test-dir/MiniOzoneClusterImpl-c15ae153-fb36-4826-a287-e4cef41ee116/datanode-5/data/ratis/f28106ab-1d00-4161-a089-d884d908617c: flushIndex: setUnconditionally 0 -> -1
2019-08-27 10:38:29,044 [pool-785-thread-1] INFO  server.RaftServerConfigKeys (ConfUtils.java:logGet(43)) - raft.server.snapshot.auto.trigger.enabled = true (custom)
2019-08-27 10:38:29,044 [pool-785-thread-1] INFO  server.RaftServerConfigKeys (ConfUtils.java:logGet(43)) - raft.server.snapshot.auto.trigger.threshold = 10000 (custom)
2019-08-27 10:38:29,044 [pool-785-thread-1] INFO  server.RaftServerConfigKeys (ConfUtils.java:logGet(43)) - raft.server.retrycache.expirytime = 600000ms (custom)
2019-08-27 10:38:29,045 [pool-785-thread-1] INFO  impl.RaftServerImpl (RaftServerImpl.java:start(180)) - 55846269-6583-45cb-807e-dad1f0ee78d3: start group-D884D908617C
2019-08-27 10:38:29,045 [pool-785-thread-1] INFO  impl.RaftServerImpl (RaftServerImpl.java:setRole(171)) - 55846269-6583-45cb-807e-dad1f0ee78d3:group-D884D908617C changes role from null to FOLLOWER at term 0 for startAsFollower
2019-08-27 10:38:29,045 [pool-785-thread-1] INFO  impl.RoleInfo (RoleInfo.java:updateAndGet(143)) - 55846269-6583-45cb-807e-dad1f0ee78d3: start FollowerState
2019-08-27 10:38:29,045 [pool-785-thread-1] INFO  util.JmxRegister (JmxRegister.java:tryRegister(44)) - Successfully registered JMX Bean with object name Ratis:service=RaftServer,group=group-D884D908617C,id=55846269-6583-45cb-807e-dad1f0ee78d3
2019-08-27 10:38:29,047 [RatisPipelineUtilsThread] INFO  pipeline.PipelineStateManager (PipelineStateManager.java:addPipeline(56)) - Created pipeline Pipeline[ Id: f28106ab-1d00-4161-a089-d884d908617c, Nodes: 55846269-6583-45cb-807e-dad1f0ee78d3{ip: 192.168.5.140, host: pr-hdds-1982-decom-states-5k2nc-2490103652, networkLocation: /default-rack, certSerialId: null}, Type:RATIS, Factor:ONE, State:OPEN]
2019-08-27 10:38:29,058 [grpc-default-executor-4] INFO  impl.RaftServerProxy (RaftServerProxy.java:addNew(89)) - 5ec53e02-a1c2-407d-b0be-b295a4de7079: addNew group-B6141069E86B:[5ec53e02-a1c2-407d-b0be-b295a4de7079:192.168.5.140:41259, d6c5e83e-90a3-43cc-b4b7-619ef1f1607f:192.168.5.140:35498, 55846269-6583-45cb-807e-dad1f0ee78d3:192.168.5.140:40107] returns group-B6141069E86B:java.util.concurrent.CompletableFuture@1589277a[Not completed]
2019-08-27 10:38:29,058 [grpc-default-executor-9] INFO  impl.RaftServerProxy (RaftServerProxy.java:addNew(89)) - d6c5e83e-90a3-43cc-b4b7-619ef1f1607f: addNew group-B6141069E86B:[5ec53e02-a1c2-407d-b0be-b295a4de7079:192.168.5.140:41259, d6c5e83e-90a3-43cc-b4b7-619ef1f1607f:192.168.5.140:35498, 55846269-6583-45cb-807e-dad1f0ee78d3:192.168.5.140:40107] returns group-B6141069E86B:java.util.concurrent.CompletableFuture@4da8e5a8[Not completed]
2019-08-27 10:38:29,058 [grpc-default-executor-3] INFO  impl.RaftServerProxy (RaftServerProxy.java:addNew(89)) - 55846269-6583-45cb-807e-dad1f0ee78d3: addNew group-B6141069E86B:[5ec53e02-a1c2-407d-b0be-b295a4de7079:192.168.5.140:41259, d6c5e83e-90a3-43cc-b4b7-619ef1f1607f:192.168.5.140:35498, 55846269-6583-45cb-807e-dad1f0ee78d3:192.168.5.140:40107] returns group-B6141069E86B:java.util.concurrent.CompletableFuture@7de1320d[Not completed]
2019-08-27 10:38:29,059 [pool-796-thread-1] INFO  impl.RaftServerImpl (RaftServerImpl.java:<init>(93)) - 5ec53e02-a1c2-407d-b0be-b295a4de7079: new RaftServerImpl for group-B6141069E86B:[5ec53e02-a1c2-407d-b0be-b295a4de7079:192.168.5.140:41259, d6c5e83e-90a3-43cc-b4b7-619ef1f1607f:192.168.5.140:35498, 55846269-6583-45cb-807e-dad1f0ee78d3:192.168.5.140:40107] with ContainerStateMachine:uninitialized
2019-08-27 10:38:29,059 [pool-796-thread-1] INFO  server.RaftServerConfigKeys (ConfUtils.java:logGet(43)) - raft.server.rpc.timeout.min = 5s (custom)
2019-08-27 10:38:29,059 [pool-796-thread-1] INFO  server.RaftServerConfigKeys (ConfUtils.java:logGet(43)) - raft.server.rpc.timeout.max = 5200ms (custom)
2019-08-27 10:38:29,059 [pool-763-thread-1] INFO  impl.RaftServerImpl (RaftServerImpl.java:<init>(93)) - d6c5e83e-90a3-43cc-b4b7-619ef1f1607f: new RaftServerImpl for group-B6141069E86B:[5ec53e02-a1c2-407d-b0be-b295a4de7079:192.168.5.140:41259, d6c5e83e-90a3-43cc-b4b7-619ef1f1607f:192.168.5.140:35498, 55846269-6583-45cb-807e-dad1f0ee78d3:192.168.5.140:40107] with ContainerStateMachine:uninitialized
2019-08-27 10:38:29,059 [pool-796-thread-1] INFO  server.RaftServerConfigKeys (ConfUtils.java:logGet(43)) - raft.server.rpcslowness.timeout = 120s (custom)
2019-08-27 10:38:29,060 [pool-763-thread-1] INFO  server.RaftServerConfigKeys (ConfUtils.java:logGet(43)) - raft.server.rpc.timeout.min = 5s (custom)
2019-08-27 10:38:29,060 [pool-796-thread-1] INFO  server.RaftServerConfigKeys (ConfUtils.java:logGet(43)) - raft.server.sleep.deviation.threshold = 300 (default)
2019-08-27 10:38:29,060 [pool-785-thread-1] INFO  impl.RaftServerImpl (RaftServerImpl.java:<init>(93)) - 55846269-6583-45cb-807e-dad1f0ee78d3: new RaftServerImpl for group-B6141069E86B:[5ec53e02-a1c2-407d-b0be-b295a4de7079:192.168.5.140:41259, d6c5e83e-90a3-43cc-b4b7-619ef1f1607f:192.168.5.140:35498, 55846269-6583-45cb-807e-dad1f0ee78d3:192.168.5.140:40107] with ContainerStateMachine:uninitialized
2019-08-27 10:38:29,060 [pool-763-thread-1] INFO  server.RaftServerConfigKeys (ConfUtils.java:logGet(43)) - raft.server.rpc.timeout.max = 5200ms (custom)
2019-08-27 10:38:29,060 [pool-785-thread-1] INFO  server.RaftServerConfigKeys (ConfUtils.java:logGet(43)) - raft.server.rpc.timeout.min = 5s (custom)
2019-08-27 10:38:29,060 [pool-796-thread-1] INFO  server.RaftServerConfigKeys (ConfUtils.java:logGet(43)) - raft.server.log.appender.install.snapshot.enabled = false (custom)
2019-08-27 10:38:29,060 [pool-785-thread-1] INFO  server.RaftServerConfigKeys (ConfUtils.java:logGet(43)) - raft.server.rpc.timeout.max = 5200ms (custom)
2019-08-27 10:38:29,061 [pool-796-thread-1] INFO  impl.RaftServerImpl (ServerState.java:<init>(105)) - 5ec53e02-a1c2-407d-b0be-b295a4de7079:group-B6141069E86B ConfigurationManager, init=-1: [5ec53e02-a1c2-407d-b0be-b295a4de7079:192.168.5.140:41259, d6c5e83e-90a3-43cc-b4b7-619ef1f1607f:192.168.5.140:35498, 55846269-6583-45cb-807e-dad1f0ee78d3:192.168.5.140:40107], old=null, confs=<EMPTY_MAP>
2019-08-27 10:38:29,060 [pool-763-thread-1] INFO  server.RaftServerConfigKeys (ConfUtils.java:logGet(43)) - raft.server.rpcslowness.timeout = 120s (custom)
2019-08-27 10:38:29,061 [pool-796-thread-1] INFO  server.RaftServerConfigKeys (ConfUtils.java:logGet(43)) - raft.server.storage.dir = [/workdir/hadoop-ozone/integration-test/target/test-dir/MiniOzoneClusterImpl-c15ae153-fb36-4826-a287-e4cef41ee116/datanode-6/data/ratis] (custom)
2019-08-27 10:38:29,061 [pool-785-thread-1] INFO  server.RaftServerConfigKeys (ConfUtils.java:logGet(43)) - raft.server.rpcslowness.timeout = 120s (custom)
2019-08-27 10:38:29,061 [pool-763-thread-1] INFO  server.RaftServerConfigKeys (ConfUtils.java:logGet(43)) - raft.server.sleep.deviation.threshold = 300 (default)
2019-08-27 10:38:29,061 [pool-796-thread-1] INFO  storage.RaftStorageDirectory (RaftStorageDirectory.java:analyzeStorage(246)) - The storage directory /workdir/hadoop-ozone/integration-test/target/test-dir/MiniOzoneClusterImpl-c15ae153-fb36-4826-a287-e4cef41ee116/datanode-6/data/ratis/43fa28c7-05fe-4b32-bac7-b6141069e86b does not exist. Creating ...
2019-08-27 10:38:29,061 [pool-785-thread-1] INFO  server.RaftServerConfigKeys (ConfUtils.java:logGet(43)) - raft.server.sleep.deviation.threshold = 300 (default)
2019-08-27 10:38:29,061 [pool-763-thread-1] INFO  server.RaftServerConfigKeys (ConfUtils.java:logGet(43)) - raft.server.log.appender.install.snapshot.enabled = false (custom)
2019-08-27 10:38:29,061 [pool-785-thread-1] INFO  server.RaftServerConfigKeys (ConfUtils.java:logGet(43)) - raft.server.log.appender.install.snapshot.enabled = false (custom)
2019-08-27 10:38:29,062 [pool-763-thread-1] INFO  impl.RaftServerImpl (ServerState.java:<init>(105)) - d6c5e83e-90a3-43cc-b4b7-619ef1f1607f:group-B6141069E86B ConfigurationManager, init=-1: [5ec53e02-a1c2-407d-b0be-b295a4de7079:192.168.5.140:41259, d6c5e83e-90a3-43cc-b4b7-619ef1f1607f:192.168.5.140:35498, 55846269-6583-45cb-807e-dad1f0ee78d3:192.168.5.140:40107], old=null, confs=<EMPTY_MAP>
2019-08-27 10:38:29,062 [pool-785-thread-1] INFO  impl.RaftServerImpl (ServerState.java:<init>(105)) - 55846269-6583-45cb-807e-dad1f0ee78d3:group-B6141069E86B ConfigurationManager, init=-1: [5ec53e02-a1c2-407d-b0be-b295a4de7079:192.168.5.140:41259, d6c5e83e-90a3-43cc-b4b7-619ef1f1607f:192.168.5.140:35498, 55846269-6583-45cb-807e-dad1f0ee78d3:192.168.5.140:40107], old=null, confs=<EMPTY_MAP>
2019-08-27 10:38:29,062 [pool-763-thread-1] INFO  server.RaftServerConfigKeys (ConfUtils.java:logGet(43)) - raft.server.storage.dir = [/workdir/hadoop-ozone/integration-test/target/test-dir/MiniOzoneClusterImpl-c15ae153-fb36-4826-a287-e4cef41ee116/datanode-3/data/ratis] (custom)
2019-08-27 10:38:29,062 [pool-785-thread-1] INFO  server.RaftServerConfigKeys (ConfUtils.java:logGet(43)) - raft.server.storage.dir = [/workdir/hadoop-ozone/integration-test/target/test-dir/MiniOzoneClusterImpl-c15ae153-fb36-4826-a287-e4cef41ee116/datanode-5/data/ratis] (custom)
2019-08-27 10:38:29,062 [pool-763-thread-1] INFO  storage.RaftStorageDirectory (RaftStorageDirectory.java:analyzeStorage(246)) - The storage directory /workdir/hadoop-ozone/integration-test/target/test-dir/MiniOzoneClusterImpl-c15ae153-fb36-4826-a287-e4cef41ee116/datanode-3/data/ratis/43fa28c7-05fe-4b32-bac7-b6141069e86b does not exist. Creating ...
2019-08-27 10:38:29,062 [pool-785-thread-1] INFO  storage.RaftStorageDirectory (RaftStorageDirectory.java:analyzeStorage(246)) - The storage directory /workdir/hadoop-ozone/integration-test/target/test-dir/MiniOzoneClusterImpl-c15ae153-fb36-4826-a287-e4cef41ee116/datanode-5/data/ratis/43fa28c7-05fe-4b32-bac7-b6141069e86b does not exist. Creating ...
2019-08-27 10:38:29,075 [pool-796-thread-1] INFO  storage.RaftStorageDirectory (RaftStorageDirectory.java:tryLock(328)) - Lock on /workdir/hadoop-ozone/integration-test/target/test-dir/MiniOzoneClusterImpl-c15ae153-fb36-4826-a287-e4cef41ee116/datanode-6/data/ratis/43fa28c7-05fe-4b32-bac7-b6141069e86b/in_use.lock acquired by nodename 25300@pr-hdds-1982-decom-states-5k2nc-2490103652
2019-08-27 10:38:29,075 [pool-785-thread-1] INFO  storage.RaftStorageDirectory (RaftStorageDirectory.java:tryLock(328)) - Lock on /workdir/hadoop-ozone/integration-test/target/test-dir/MiniOzoneClusterImpl-c15ae153-fb36-4826-a287-e4cef41ee116/datanode-5/data/ratis/43fa28c7-05fe-4b32-bac7-b6141069e86b/in_use.lock acquired by nodename 25300@pr-hdds-1982-decom-states-5k2nc-2490103652
2019-08-27 10:38:29,075 [pool-763-thread-1] INFO  storage.RaftStorageDirectory (RaftStorageDirectory.java:tryLock(328)) - Lock on /workdir/hadoop-ozone/integration-test/target/test-dir/MiniOzoneClusterImpl-c15ae153-fb36-4826-a287-e4cef41ee116/datanode-3/data/ratis/43fa28c7-05fe-4b32-bac7-b6141069e86b/in_use.lock acquired by nodename 25300@pr-hdds-1982-decom-states-5k2nc-2490103652
2019-08-27 10:38:29,088 [pool-796-thread-1] INFO  storage.RaftStorage (RaftStorage.java:format(72)) - Storage directory /workdir/hadoop-ozone/integration-test/target/test-dir/MiniOzoneClusterImpl-c15ae153-fb36-4826-a287-e4cef41ee116/datanode-6/data/ratis/43fa28c7-05fe-4b32-bac7-b6141069e86b has been successfully formatted.
2019-08-27 10:38:29,088 [pool-763-thread-1] INFO  storage.RaftStorage (RaftStorage.java:format(72)) - Storage directory /workdir/hadoop-ozone/integration-test/target/test-dir/MiniOzoneClusterImpl-c15ae153-fb36-4826-a287-e4cef41ee116/datanode-3/data/ratis/43fa28c7-05fe-4b32-bac7-b6141069e86b has been successfully formatted.
2019-08-27 10:38:29,088 [pool-785-thread-1] INFO  storage.RaftStorage (RaftStorage.java:format(72)) - Storage directory /workdir/hadoop-ozone/integration-test/target/test-dir/MiniOzoneClusterImpl-c15ae153-fb36-4826-a287-e4cef41ee116/datanode-5/data/ratis/43fa28c7-05fe-4b32-bac7-b6141069e86b has been successfully formatted.
2019-08-27 10:38:29,089 [pool-763-thread-1] INFO  ratis.ContainerStateMachine (ContainerStateMachine.java:loadSnapshot(226)) - group-B6141069E86B: The snapshot info is null. Setting the last applied indexto:(t:0, i:~)
2019-08-27 10:38:29,089 [pool-785-thread-1] INFO  ratis.ContainerStateMachine (ContainerStateMachine.java:loadSnapshot(226)) - group-B6141069E86B: The snapshot info is null. Setting the last applied indexto:(t:0, i:~)
2019-08-27 10:38:29,089 [pool-796-thread-1] INFO  ratis.ContainerStateMachine (ContainerStateMachine.java:loadSnapshot(226)) - group-B6141069E86B: The snapshot info is null. Setting the last applied indexto:(t:0, i:~)
2019-08-27 10:38:29,089 [pool-785-thread-1] INFO  server.RaftServerConfigKeys (ConfUtils.java:logGet(43)) - raft.server.leader.election.timeout = 120s (custom)
2019-08-27 10:38:29,089 [pool-763-thread-1] INFO  server.RaftServerConfigKeys (ConfUtils.java:logGet(43)) - raft.server.leader.election.timeout = 120s (custom)
2019-08-27 10:38:29,090 [pool-785-thread-1] INFO  server.RaftServerConfigKeys (ConfUtils.java:logGet(43)) - raft.server.log.use.memory = false (default)
2019-08-27 10:38:29,090 [pool-796-thread-1] INFO  server.RaftServerConfigKeys (ConfUtils.java:logGet(43)) - raft.server.leader.election.timeout = 120s (custom)
2019-08-27 10:38:29,090 [pool-785-thread-1] INFO  server.RaftServerConfigKeys (ConfUtils.java:logGet(43)) - raft.server.log.purge.gap = 1000000 (custom)
2019-08-27 10:38:29,090 [pool-763-thread-1] INFO  server.RaftServerConfigKeys (ConfUtils.java:logGet(43)) - raft.server.log.use.memory = false (default)
2019-08-27 10:38:29,091 [pool-785-thread-1] INFO  server.RaftServerConfigKeys (ConfUtils.java:logGet(43)) - raft.server.log.appender.buffer.byte-limit = 33554432 (custom)
2019-08-27 10:38:29,090 [pool-796-thread-1] INFO  server.RaftServerConfigKeys (ConfUtils.java:logGet(43)) - raft.server.log.use.memory = false (default)
2019-08-27 10:38:29,091 [pool-785-thread-1] INFO  server.RaftServerConfigKeys (ConfUtils.java:logGet(43)) - raft.server.log.segment.size.max = 1048576 (custom)
2019-08-27 10:38:29,091 [pool-763-thread-1] INFO  server.RaftServerConfigKeys (ConfUtils.java:logGet(43)) - raft.server.log.purge.gap = 1000000 (custom)
2019-08-27 10:38:29,091 [pool-785-thread-1] INFO  server.RaftServerConfigKeys (ConfUtils.java:logGet(43)) - raft.server.log.segment.cache.num.max = 2 (custom)
2019-08-27 10:38:29,091 [pool-796-thread-1] INFO  server.RaftServerConfigKeys (ConfUtils.java:logGet(43)) - raft.server.log.purge.gap = 1000000 (custom)
2019-08-27 10:38:29,091 [pool-785-thread-1] INFO  segmented.SegmentedRaftLogWorker (SegmentedRaftLogWorker.java:<init>(172)) - new 55846269-6583-45cb-807e-dad1f0ee78d3-SegmentedRaftLogWorker:Storage Directory /workdir/hadoop-ozone/integration-test/target/test-dir/MiniOzoneClusterImpl-c15ae153-fb36-4826-a287-e4cef41ee116/datanode-5/data/ratis/43fa28c7-05fe-4b32-bac7-b6141069e86b for RaftStorage:Storage Directory /workdir/hadoop-ozone/integration-test/target/test-dir/MiniOzoneClusterImpl-c15ae153-fb36-4826-a287-e4cef41ee116/datanode-5/data/ratis/43fa28c7-05fe-4b32-bac7-b6141069e86b
2019-08-27 10:38:29,091 [pool-763-thread-1] INFO  server.RaftServerConfigKeys (ConfUtils.java:logGet(43)) - raft.server.log.appender.buffer.byte-limit = 33554432 (custom)
2019-08-27 10:38:29,092 [pool-785-thread-1] INFO  server.RaftServerConfigKeys (ConfUtils.java:logGet(43)) - raft.server.log.queue.byte-limit = 2147483647 (custom)
2019-08-27 10:38:29,092 [pool-796-thread-1] INFO  server.RaftServerConfigKeys (ConfUtils.java:logGet(43)) - raft.server.log.appender.buffer.byte-limit = 33554432 (custom)
2019-08-27 10:38:29,092 [pool-785-thread-1] INFO  server.RaftServerConfigKeys (ConfUtils.java:logGet(43)) - raft.server.log.queue.element-limit = 1024 (custom)
2019-08-27 10:38:29,092 [pool-763-thread-1] INFO  server.RaftServerConfigKeys (ConfUtils.java:logGet(43)) - raft.server.log.segment.size.max = 1048576 (custom)
2019-08-27 10:38:29,092 [pool-785-thread-1] INFO  server.RaftServerConfigKeys (ConfUtils.java:logGet(43)) - raft.server.log.segment.size.max = 1048576 (custom)
2019-08-27 10:38:29,092 [pool-796-thread-1] INFO  server.RaftServerConfigKeys (ConfUtils.java:logGet(43)) - raft.server.log.segment.size.max = 1048576 (custom)
2019-08-27 10:38:29,092 [pool-785-thread-1] INFO  server.RaftServerConfigKeys (ConfUtils.java:logGet(43)) - raft.server.log.preallocated.size = 16384 (custom)
2019-08-27 10:38:29,092 [pool-763-thread-1] INFO  server.RaftServerConfigKeys (ConfUtils.java:logGet(43)) - raft.server.log.segment.cache.num.max = 2 (custom)
2019-08-27 10:38:29,093 [pool-785-thread-1] INFO  server.RaftServerConfigKeys (ConfUtils.java:logGet(43)) - raft.server.log.write.buffer.size = 33554432 (custom)
2019-08-27 10:38:29,093 [pool-796-thread-1] INFO  server.RaftServerConfigKeys (ConfUtils.java:logGet(43)) - raft.server.log.segment.cache.num.max = 2 (custom)
2019-08-27 10:38:29,093 [pool-785-thread-1] INFO  server.RaftServerConfigKeys (ConfUtils.java:logGet(43)) - raft.server.log.force.sync.num = 128 (default)
2019-08-27 10:38:29,093 [pool-763-thread-1] INFO  segmented.SegmentedRaftLogWorker (SegmentedRaftLogWorker.java:<init>(172)) - new d6c5e83e-90a3-43cc-b4b7-619ef1f1607f-SegmentedRaftLogWorker:Storage Directory /workdir/hadoop-ozone/integration-test/target/test-dir/MiniOzoneClusterImpl-c15ae153-fb36-4826-a287-e4cef41ee116/datanode-3/data/ratis/43fa28c7-05fe-4b32-bac7-b6141069e86b for RaftStorage:Storage Directory /workdir/hadoop-ozone/integration-test/target/test-dir/MiniOzoneClusterImpl-c15ae153-fb36-4826-a287-e4cef41ee116/datanode-3/data/ratis/43fa28c7-05fe-4b32-bac7-b6141069e86b
2019-08-27 10:38:29,093 [pool-785-thread-1] INFO  server.RaftServerConfigKeys (ConfUtils.java:logGet(43)) - raft.server.log.statemachine.data.sync = true (default)
2019-08-27 10:38:29,093 [pool-796-thread-1] INFO  segmented.SegmentedRaftLogWorker (SegmentedRaftLogWorker.java:<init>(172)) - new 5ec53e02-a1c2-407d-b0be-b295a4de7079-SegmentedRaftLogWorker:Storage Directory /workdir/hadoop-ozone/integration-test/target/test-dir/MiniOzoneClusterImpl-c15ae153-fb36-4826-a287-e4cef41ee116/datanode-6/data/ratis/43fa28c7-05fe-4b32-bac7-b6141069e86b for RaftStorage:Storage Directory /workdir/hadoop-ozone/integration-test/target/test-dir/MiniOzoneClusterImpl-c15ae153-fb36-4826-a287-e4cef41ee116/datanode-6/data/ratis/43fa28c7-05fe-4b32-bac7-b6141069e86b
2019-08-27 10:38:29,093 [pool-785-thread-1] INFO  server.RaftServerConfigKeys (ConfUtils.java:logGet(43)) - raft.server.log.statemachine.data.sync.timeout = 10s (default)
2019-08-27 10:38:29,093 [pool-763-thread-1] INFO  server.RaftServerConfigKeys (ConfUtils.java:logGet(43)) - raft.server.log.queue.byte-limit = 2147483647 (custom)
2019-08-27 10:38:29,094 [pool-785-thread-1] INFO  server.RaftServerConfigKeys (ConfUtils.java:logGet(43)) - raft.server.log.statemachine.data.sync.timeout.retry = -1 (default)
2019-08-27 10:38:29,093 [pool-796-thread-1] INFO  server.RaftServerConfigKeys (ConfUtils.java:logGet(43)) - raft.server.log.queue.byte-limit = 2147483647 (custom)
2019-08-27 10:38:29,094 [pool-785-thread-1] INFO  server.RaftServerConfigKeys (ConfUtils.java:logGet(43)) - raft.server.log.statemachine.data.caching.enabled = true (custom)
2019-08-27 10:38:29,094 [pool-763-thread-1] INFO  server.RaftServerConfigKeys (ConfUtils.java:logGet(43)) - raft.server.log.queue.element-limit = 1024 (custom)
2019-08-27 10:38:29,094 [pool-796-thread-1] INFO  server.RaftServerConfigKeys (ConfUtils.java:logGet(43)) - raft.server.log.queue.element-limit = 1024 (custom)
2019-08-27 10:38:29,094 [pool-763-thread-1] INFO  server.RaftServerConfigKeys (ConfUtils.java:logGet(43)) - raft.server.log.segment.size.max = 1048576 (custom)
2019-08-27 10:38:29,094 [pool-785-thread-1] INFO  segmented.SegmentedRaftLogWorker (SegmentedRaftLogWorker.java:lambda$new$0(132)) - 55846269-6583-45cb-807e-dad1f0ee78d3-SegmentedRaftLogWorker:Storage Directory /workdir/hadoop-ozone/integration-test/target/test-dir/MiniOzoneClusterImpl-c15ae153-fb36-4826-a287-e4cef41ee116/datanode-5/data/ratis/43fa28c7-05fe-4b32-bac7-b6141069e86b: flushIndex: setUnconditionally 0 -> -1
2019-08-27 10:38:29,094 [pool-763-thread-1] INFO  server.RaftServerConfigKeys (ConfUtils.java:logGet(43)) - raft.server.log.preallocated.size = 16384 (custom)
2019-08-27 10:38:29,094 [pool-796-thread-1] INFO  server.RaftServerConfigKeys (ConfUtils.java:logGet(43)) - raft.server.log.segment.size.max = 1048576 (custom)
2019-08-27 10:38:29,095 [pool-785-thread-1] INFO  server.RaftServerConfigKeys (ConfUtils.java:logGet(43)) - raft.server.snapshot.auto.trigger.enabled = true (custom)
2019-08-27 10:38:29,095 [pool-763-thread-1] INFO  server.RaftServerConfigKeys (ConfUtils.java:logGet(43)) - raft.server.log.write.buffer.size = 33554432 (custom)
2019-08-27 10:38:29,095 [pool-785-thread-1] INFO  server.RaftServerConfigKeys (ConfUtils.java:logGet(43)) - raft.server.snapshot.auto.trigger.threshold = 10000 (custom)
2019-08-27 10:38:29,095 [pool-796-thread-1] INFO  server.RaftServerConfigKeys (ConfUtils.java:logGet(43)) - raft.server.log.preallocated.size = 16384 (custom)
2019-08-27 10:38:29,095 [pool-785-thread-1] INFO  server.RaftServerConfigKeys (ConfUtils.java:logGet(43)) - raft.server.retrycache.expirytime = 600000ms (custom)
2019-08-27 10:38:29,095 [pool-763-thread-1] INFO  server.RaftServerConfigKeys (ConfUtils.java:logGet(43)) - raft.server.log.force.sync.num = 128 (default)
2019-08-27 10:38:29,095 [pool-785-thread-1] INFO  impl.RaftServerImpl (RaftServerImpl.java:start(180)) - 55846269-6583-45cb-807e-dad1f0ee78d3: start group-B6141069E86B
2019-08-27 10:38:29,095 [pool-796-thread-1] INFO  server.RaftServerConfigKeys (ConfUtils.java:logGet(43)) - raft.server.log.write.buffer.size = 33554432 (custom)
2019-08-27 10:38:29,096 [pool-785-thread-1] INFO  impl.RaftServerImpl (RaftServerImpl.java:setRole(171)) - 55846269-6583-45cb-807e-dad1f0ee78d3:group-B6141069E86B changes role from null to FOLLOWER at term 0 for startAsFollower
2019-08-27 10:38:29,095 [pool-763-thread-1] INFO  server.RaftServerConfigKeys (ConfUtils.java:logGet(43)) - raft.server.log.statemachine.data.sync = true (default)
2019-08-27 10:38:29,096 [pool-785-thread-1] INFO  impl.RoleInfo (RoleInfo.java:updateAndGet(143)) - 55846269-6583-45cb-807e-dad1f0ee78d3: start FollowerState
2019-08-27 10:38:29,096 [pool-796-thread-1] INFO  server.RaftServerConfigKeys (ConfUtils.java:logGet(43)) - raft.server.log.force.sync.num = 128 (default)
2019-08-27 10:38:29,096 [pool-763-thread-1] INFO  server.RaftServerConfigKeys (ConfUtils.java:logGet(43)) - raft.server.log.statemachine.data.sync.timeout = 10s (default)
2019-08-27 10:38:29,096 [pool-785-thread-1] INFO  util.JmxRegister (JmxRegister.java:tryRegister(44)) - Successfully registered JMX Bean with object name Ratis:service=RaftServer,group=group-B6141069E86B,id=55846269-6583-45cb-807e-dad1f0ee78d3
2019-08-27 10:38:29,096 [pool-796-thread-1] INFO  server.RaftServerConfigKeys (ConfUtils.java:logGet(43)) - raft.server.log.statemachine.data.sync = true (default)
2019-08-27 10:38:29,096 [pool-763-thread-1] INFO  server.RaftServerConfigKeys (ConfUtils.java:logGet(43)) - raft.server.log.statemachine.data.sync.timeout.retry = -1 (default)
2019-08-27 10:38:29,097 [pool-796-thread-1] INFO  server.RaftServerConfigKeys (ConfUtils.java:logGet(43)) - raft.server.log.statemachine.data.sync.timeout = 10s (default)
2019-08-27 10:38:29,097 [pool-763-thread-1] INFO  server.RaftServerConfigKeys (ConfUtils.java:logGet(43)) - raft.server.log.statemachine.data.caching.enabled = true (custom)
2019-08-27 10:38:29,097 [pool-796-thread-1] INFO  server.RaftServerConfigKeys (ConfUtils.java:logGet(43)) - raft.server.log.statemachine.data.sync.timeout.retry = -1 (default)
2019-08-27 10:38:29,097 [pool-763-thread-1] INFO  segmented.SegmentedRaftLogWorker (SegmentedRaftLogWorker.java:lambda$new$0(132)) - d6c5e83e-90a3-43cc-b4b7-619ef1f1607f-SegmentedRaftLogWorker:Storage Directory /workdir/hadoop-ozone/integration-test/target/test-dir/MiniOzoneClusterImpl-c15ae153-fb36-4826-a287-e4cef41ee116/datanode-3/data/ratis/43fa28c7-05fe-4b32-bac7-b6141069e86b: flushIndex: setUnconditionally 0 -> -1
2019-08-27 10:38:29,097 [pool-796-thread-1] INFO  server.RaftServerConfigKeys (ConfUtils.java:logGet(43)) - raft.server.log.statemachine.data.caching.enabled = true (custom)
2019-08-27 10:38:29,098 [pool-763-thread-1] INFO  server.RaftServerConfigKeys (ConfUtils.java:logGet(43)) - raft.server.snapshot.auto.trigger.enabled = true (custom)
2019-08-27 10:38:29,098 [pool-796-thread-1] INFO  segmented.SegmentedRaftLogWorker (SegmentedRaftLogWorker.java:lambda$new$0(132)) - 5ec53e02-a1c2-407d-b0be-b295a4de7079-SegmentedRaftLogWorker:Storage Directory /workdir/hadoop-ozone/integration-test/target/test-dir/MiniOzoneClusterImpl-c15ae153-fb36-4826-a287-e4cef41ee116/datanode-6/data/ratis/43fa28c7-05fe-4b32-bac7-b6141069e86b: flushIndex: setUnconditionally 0 -> -1
2019-08-27 10:38:29,098 [pool-763-thread-1] INFO  server.RaftServerConfigKeys (ConfUtils.java:logGet(43)) - raft.server.snapshot.auto.trigger.threshold = 10000 (custom)
2019-08-27 10:38:29,098 [pool-796-thread-1] INFO  server.RaftServerConfigKeys (ConfUtils.java:logGet(43)) - raft.server.snapshot.auto.trigger.enabled = true (custom)
2019-08-27 10:38:29,098 [pool-763-thread-1] INFO  server.RaftServerConfigKeys (ConfUtils.java:logGet(43)) - raft.server.retrycache.expirytime = 600000ms (custom)
2019-08-27 10:38:29,098 [pool-796-thread-1] INFO  server.RaftServerConfigKeys (ConfUtils.java:logGet(43)) - raft.server.snapshot.auto.trigger.threshold = 10000 (custom)
2019-08-27 10:38:29,098 [pool-763-thread-1] INFO  impl.RaftServerImpl (RaftServerImpl.java:start(180)) - d6c5e83e-90a3-43cc-b4b7-619ef1f1607f: start group-B6141069E86B
2019-08-27 10:38:29,099 [pool-796-thread-1] INFO  server.RaftServerConfigKeys (ConfUtils.java:logGet(43)) - raft.server.retrycache.expirytime = 600000ms (custom)
2019-08-27 10:38:29,099 [pool-763-thread-1] INFO  impl.RaftServerImpl (RaftServerImpl.java:setRole(171)) - d6c5e83e-90a3-43cc-b4b7-619ef1f1607f:group-B6141069E86B changes role from null to FOLLOWER at term 0 for startAsFollower
2019-08-27 10:38:29,099 [pool-796-thread-1] INFO  impl.RaftServerImpl (RaftServerImpl.java:start(180)) - 5ec53e02-a1c2-407d-b0be-b295a4de7079: start group-B6141069E86B
2019-08-27 10:38:29,099 [pool-763-thread-1] INFO  impl.RoleInfo (RoleInfo.java:updateAndGet(143)) - d6c5e83e-90a3-43cc-b4b7-619ef1f1607f: start FollowerState
2019-08-27 10:38:29,099 [pool-796-thread-1] INFO  impl.RaftServerImpl (RaftServerImpl.java:setRole(171)) - 5ec53e02-a1c2-407d-b0be-b295a4de7079:group-B6141069E86B changes role from null to FOLLOWER at term 0 for startAsFollower
2019-08-27 10:38:29,099 [pool-796-thread-1] INFO  impl.RoleInfo (RoleInfo.java:updateAndGet(143)) - 5ec53e02-a1c2-407d-b0be-b295a4de7079: start FollowerState
2019-08-27 10:38:29,099 [pool-763-thread-1] INFO  util.JmxRegister (JmxRegister.java:tryRegister(44)) - Successfully registered JMX Bean with object name Ratis:service=RaftServer,group=group-B6141069E86B,id=d6c5e83e-90a3-43cc-b4b7-619ef1f1607f
2019-08-27 10:38:29,100 [pool-796-thread-1] INFO  util.JmxRegister (JmxRegister.java:tryRegister(44)) - Successfully registered JMX Bean with object name Ratis:service=RaftServer,group=group-B6141069E86B,id=5ec53e02-a1c2-407d-b0be-b295a4de7079
2019-08-27 10:38:29,101 [RatisPipelineUtilsThread] INFO  pipeline.PipelineStateManager (PipelineStateManager.java:addPipeline(56)) - Created pipeline Pipeline[ Id: 43fa28c7-05fe-4b32-bac7-b6141069e86b, Nodes: d6c5e83e-90a3-43cc-b4b7-619ef1f1607f{ip: 192.168.5.140, host: pr-hdds-1982-decom-states-5k2nc-2490103652, networkLocation: /default-rack, certSerialId: null}5ec53e02-a1c2-407d-b0be-b295a4de7079{ip: 192.168.5.140, host: pr-hdds-1982-decom-states-5k2nc-2490103652, networkLocation: /default-rack, certSerialId: null}55846269-6583-45cb-807e-dad1f0ee78d3{ip: 192.168.5.140, host: pr-hdds-1982-decom-states-5k2nc-2490103652, networkLocation: /default-rack, certSerialId: null}, Type:RATIS, Factor:THREE, State:OPEN]
2019-08-27 10:38:29,737 | INFO  | SCMAudit | user=jenkins1000 | ip=192.168.5.140 | op=SEND_HEARTBEAT {datanodeUUID=8a499d08-9a52-4eaf-822d-1c8aaae5e0bd, command=[]} | ret=SUCCESS |  
2019-08-27 10:38:29,925 | INFO  | SCMAudit | user=jenkins1000 | ip=192.168.5.140 | op=SEND_HEARTBEAT {datanodeUUID=18958245-7eb0-45e5-8b80-d1a4d5f9fe80, command=[]} | ret=SUCCESS |  
2019-08-27 10:38:29,931 [main] INFO  ozone.MiniOzoneClusterImpl (MiniOzoneClusterImpl.java:lambda$waitForClusterToBeReady$0(142)) - Cluster is ready. Got 7 of 7 DN Heartbeats.
2019-08-27 10:38:29,967 [main] INFO  rpc.RpcClient (RpcClient.java:createVolume(293)) - Creating Volume: testblockoutputstream, with jenkins1000 as owner.
2019-08-27 10:38:29,969 | INFO  | OMAudit | user=jenkins1000 | ip=127.0.0.1 | op=CREATE_VOLUME {admin=jenkins1000, owner=jenkins1000, volume=testblockoutputstream, creationTime=1566902309968, quotaInBytes=1152921504606846976} | ret=SUCCESS |  
2019-08-27 10:38:29,987 | INFO  | OMAudit | user=jenkins1000 | ip=127.0.0.1 | op=READ_VOLUME {volume=testblockoutputstream} | ret=SUCCESS |  
2019-08-27 10:38:29,988 [main] INFO  rpc.RpcClient (RpcClient.java:createBucket(432)) - Creating Bucket: testblockoutputstream/testblockoutputstream, with Versioning false and Storage Type set to DISK and Encryption set to false 
2019-08-27 10:38:29,996 | INFO  | OMAudit | user=jenkins1000 | ip=127.0.0.1 | op=CREATE_BUCKET {volume=testblockoutputstream, bucket=testblockoutputstream, acls=[user:jenkins1000:a[ACCESS], group:default:a[ACCESS]], isVersionEnabled=false, storageType=DISK, creationTime=0} | ret=SUCCESS |  
2019-08-27 10:38:29,997 | INFO  | OMAudit | user=jenkins1000 | ip=127.0.0.1 | op=READ_VOLUME {volume=testblockoutputstream} | ret=SUCCESS |  
2019-08-27 10:38:29,999 | INFO  | OMAudit | user=jenkins1000 | ip=127.0.0.1 | op=READ_BUCKET {volume=testblockoutputstream, bucket=testblockoutputstream} | ret=SUCCESS |  
2019-08-27 10:38:30,005 | INFO  | SCMAudit | user=jenkins1000 | ip=192.168.5.140 | op=ALLOCATE_BLOCK {owner=1d033973-b84e-4e35-b37f-e7e0d88253b6, size=800, type=RATIS, factor=THREE} | ret=SUCCESS |  
2019-08-27 10:38:30,009 | INFO  | OMAudit | user=jenkins1000 | ip=127.0.0.1 | op=ALLOCATE_KEY {volume=testblockoutputstream, bucket=testblockoutputstream, key=eb697bfd-229c-4d7e-b9d0-a6f9e95591b2, dataSize=0, replicationType=RATIS, replicationFactor=THREE, keyLocationInfo=null} | ret=SUCCESS |  
2019-08-27 10:38:30,023 [grpc-default-executor-3] INFO  client.GrpcClientProtocolClient (GrpcClientProtocolClient.java:onNext(255)) - client-0A12B55E87B1->8a499d08-9a52-4eaf-822d-1c8aaae5e0bd: receive RaftClientReply:client-0A12B55E87B1->8a499d08-9a52-4eaf-822d-1c8aaae5e0bd@group-E4086A2083C6, cid=270, FAILED org.apache.ratis.protocol.NotLeaderException: Server 8a499d08-9a52-4eaf-822d-1c8aaae5e0bd is not the leader (null). Request must be sent to leader., logIndex=0, commits[8a499d08-9a52-4eaf-822d-1c8aaae5e0bd:c-1]
2019-08-27 10:38:30,030 [grpc-default-worker-ELG-3-2] WARN  nio.NioEventLoop (NioEventLoop.java:select(786)) - Selector.select() returned prematurely {} times in a row; rebuilding Selector {}.
2019-08-27 10:38:30,032 [grpc-default-worker-ELG-3-2] INFO  nio.NioEventLoop (NioEventLoop.java:rebuildSelector0(396)) - Migrated 0 channel(s) to the new Selector.
2019-08-27 10:38:30,126 | INFO  | SCMAudit | user=jenkins1000 | ip=192.168.5.140 | op=SEND_HEARTBEAT {datanodeUUID=c2184b09-bc75-4b7e-aaa7-b2bff6604c2b, command=[]} | ret=SUCCESS |  
2019-08-27 10:38:30,327 | INFO  | SCMAudit | user=jenkins1000 | ip=192.168.5.140 | op=SEND_HEARTBEAT {datanodeUUID=d6c5e83e-90a3-43cc-b4b7-619ef1f1607f, command=[]} | ret=SUCCESS |  
2019-08-27 10:38:30,540 | INFO  | SCMAudit | user=jenkins1000 | ip=192.168.5.140 | op=SEND_HEARTBEAT {datanodeUUID=f12a520e-da2a-467c-b7aa-1b00d63be15e, command=[]} | ret=SUCCESS |  
2019-08-27 10:38:30,736 | INFO  | SCMAudit | user=jenkins1000 | ip=192.168.5.140 | op=SEND_HEARTBEAT {datanodeUUID=8a499d08-9a52-4eaf-822d-1c8aaae5e0bd, command=[]} | ret=SUCCESS |  
2019-08-27 10:38:30,749 [Thread-4727] INFO  container.ReplicationManager (ReplicationManager.java:start(152)) - Starting Replication Monitor Thread.
2019-08-27 10:38:30,753 [ReplicationMonitor] INFO  container.ReplicationManager (ReplicationManager.java:run(215)) - Replication Monitor Thread took 0 milliseconds for processing 1 containers.
2019-08-27 10:38:30,859 | INFO  | SCMAudit | user=jenkins1000 | ip=192.168.5.140 | op=SEND_HEARTBEAT {datanodeUUID=55846269-6583-45cb-807e-dad1f0ee78d3, command=[]} | ret=SUCCESS |  
2019-08-27 10:38:30,924 | INFO  | SCMAudit | user=jenkins1000 | ip=192.168.5.140 | op=SEND_HEARTBEAT {datanodeUUID=5ec53e02-a1c2-407d-b0be-b295a4de7079, command=[]} | ret=SUCCESS |  
2019-08-27 10:38:30,925 | INFO  | SCMAudit | user=jenkins1000 | ip=192.168.5.140 | op=SEND_HEARTBEAT {datanodeUUID=18958245-7eb0-45e5-8b80-d1a4d5f9fe80, command=[]} | ret=SUCCESS |  
2019-08-27 10:38:31,038 [grpc-default-executor-3] INFO  client.GrpcClientProtocolClient (GrpcClientProtocolClient.java:onNext(255)) - client-0A12B55E87B1->c2184b09-bc75-4b7e-aaa7-b2bff6604c2b: receive RaftClientReply:client-0A12B55E87B1->c2184b09-bc75-4b7e-aaa7-b2bff6604c2b@group-E4086A2083C6, cid=270, FAILED org.apache.ratis.protocol.NotLeaderException: Server c2184b09-bc75-4b7e-aaa7-b2bff6604c2b is not the leader (null). Request must be sent to leader., logIndex=0, commits[c2184b09-bc75-4b7e-aaa7-b2bff6604c2b:c-1]
2019-08-27 10:38:31,043 [grpc-default-worker-ELG-3-1] WARN  nio.NioEventLoop (NioEventLoop.java:select(786)) - Selector.select() returned prematurely {} times in a row; rebuilding Selector {}.
2019-08-27 10:38:31,043 [grpc-default-worker-ELG-3-1] INFO  nio.NioEventLoop (NioEventLoop.java:rebuildSelector0(396)) - Migrated 0 channel(s) to the new Selector.
2019-08-27 10:38:31,126 | INFO  | SCMAudit | user=jenkins1000 | ip=192.168.5.140 | op=SEND_HEARTBEAT {datanodeUUID=c2184b09-bc75-4b7e-aaa7-b2bff6604c2b, command=[]} | ret=SUCCESS |  
2019-08-27 10:38:31,327 | INFO  | SCMAudit | user=jenkins1000 | ip=192.168.5.140 | op=SEND_HEARTBEAT {datanodeUUID=d6c5e83e-90a3-43cc-b4b7-619ef1f1607f, command=[]} | ret=SUCCESS |  
2019-08-27 10:38:31,540 | INFO  | SCMAudit | user=jenkins1000 | ip=192.168.5.140 | op=SEND_HEARTBEAT {datanodeUUID=f12a520e-da2a-467c-b7aa-1b00d63be15e, command=[]} | ret=SUCCESS |  
2019-08-27 10:38:31,736 | INFO  | SCMAudit | user=jenkins1000 | ip=192.168.5.140 | op=SEND_HEARTBEAT {datanodeUUID=8a499d08-9a52-4eaf-822d-1c8aaae5e0bd, command=[]} | ret=SUCCESS |  
2019-08-27 10:38:31,859 | INFO  | SCMAudit | user=jenkins1000 | ip=192.168.5.140 | op=SEND_HEARTBEAT {datanodeUUID=55846269-6583-45cb-807e-dad1f0ee78d3, command=[]} | ret=SUCCESS |  
2019-08-27 10:38:31,924 | INFO  | SCMAudit | user=jenkins1000 | ip=192.168.5.140 | op=SEND_HEARTBEAT {datanodeUUID=5ec53e02-a1c2-407d-b0be-b295a4de7079, command=[]} | ret=SUCCESS |  
2019-08-27 10:38:31,925 | INFO  | SCMAudit | user=jenkins1000 | ip=192.168.5.140 | op=SEND_HEARTBEAT {datanodeUUID=18958245-7eb0-45e5-8b80-d1a4d5f9fe80, command=[]} | ret=SUCCESS |  
2019-08-27 10:38:32,052 [grpc-default-executor-9] INFO  client.GrpcClientProtocolClient (GrpcClientProtocolClient.java:onNext(255)) - client-0A12B55E87B1->18958245-7eb0-45e5-8b80-d1a4d5f9fe80: receive RaftClientReply:client-0A12B55E87B1->18958245-7eb0-45e5-8b80-d1a4d5f9fe80@group-E4086A2083C6, cid=270, FAILED org.apache.ratis.protocol.NotLeaderException: Server 18958245-7eb0-45e5-8b80-d1a4d5f9fe80 is not the leader (null). Request must be sent to leader., logIndex=0, commits[18958245-7eb0-45e5-8b80-d1a4d5f9fe80:c-1]
2019-08-27 10:38:32,127 | INFO  | SCMAudit | user=jenkins1000 | ip=192.168.5.140 | op=SEND_HEARTBEAT {datanodeUUID=c2184b09-bc75-4b7e-aaa7-b2bff6604c2b, command=[]} | ret=SUCCESS |  
2019-08-27 10:38:32,327 | INFO  | SCMAudit | user=jenkins1000 | ip=192.168.5.140 | op=SEND_HEARTBEAT {datanodeUUID=d6c5e83e-90a3-43cc-b4b7-619ef1f1607f, command=[]} | ret=SUCCESS |  
2019-08-27 10:38:32,540 | INFO  | SCMAudit | user=jenkins1000 | ip=192.168.5.140 | op=SEND_HEARTBEAT {datanodeUUID=f12a520e-da2a-467c-b7aa-1b00d63be15e, command=[]} | ret=SUCCESS |  
2019-08-27 10:38:32,737 | INFO  | SCMAudit | user=jenkins1000 | ip=192.168.5.140 | op=SEND_HEARTBEAT {datanodeUUID=8a499d08-9a52-4eaf-822d-1c8aaae5e0bd, command=[]} | ret=SUCCESS |  
2019-08-27 10:38:32,860 | INFO  | SCMAudit | user=jenkins1000 | ip=192.168.5.140 | op=SEND_HEARTBEAT {datanodeUUID=55846269-6583-45cb-807e-dad1f0ee78d3, command=[]} | ret=SUCCESS |  
2019-08-27 10:38:32,926 | INFO  | SCMAudit | user=jenkins1000 | ip=192.168.5.140 | op=SEND_HEARTBEAT {datanodeUUID=5ec53e02-a1c2-407d-b0be-b295a4de7079, command=[]} | ret=SUCCESS |  
2019-08-27 10:38:32,926 | INFO  | SCMAudit | user=jenkins1000 | ip=192.168.5.140 | op=SEND_HEARTBEAT {datanodeUUID=18958245-7eb0-45e5-8b80-d1a4d5f9fe80, command=[]} | ret=SUCCESS |  
2019-08-27 10:38:32,976 [Thread-4729] INFO  impl.FollowerState (FollowerState.java:run(106)) - 8a499d08-9a52-4eaf-822d-1c8aaae5e0bd:group-CC7F0617F32B changes to CANDIDATE, lastRpcTime:5183, electionTimeout:5183ms
2019-08-27 10:38:32,976 [Thread-4729] INFO  impl.RoleInfo (RoleInfo.java:shutdownFollowerState(121)) - 8a499d08-9a52-4eaf-822d-1c8aaae5e0bd: shutdown FollowerState
2019-08-27 10:38:32,976 [Thread-4729] INFO  impl.RaftServerImpl (RaftServerImpl.java:setRole(171)) - 8a499d08-9a52-4eaf-822d-1c8aaae5e0bd:group-CC7F0617F32B changes role from FOLLOWER to CANDIDATE at term 0 for changeToCandidate
2019-08-27 10:38:32,977 [Thread-4729] INFO  impl.RoleInfo (RoleInfo.java:updateAndGet(143)) - 8a499d08-9a52-4eaf-822d-1c8aaae5e0bd: start LeaderElection
2019-08-27 10:38:32,999 [8a499d08-9a52-4eaf-822d-1c8aaae5e0bd:group-CC7F0617F32B:LeaderElection94] INFO  impl.LeaderElection (LeaderElection.java:askForVotes(181)) - 8a499d08-9a52-4eaf-822d-1c8aaae5e0bd:group-CC7F0617F32B:LeaderElection94: begin an election at term 1 for -1: [8a499d08-9a52-4eaf-822d-1c8aaae5e0bd:192.168.5.140:46555], old=null
2019-08-27 10:38:32,999 [8a499d08-9a52-4eaf-822d-1c8aaae5e0bd:group-CC7F0617F32B:LeaderElection94] INFO  impl.RoleInfo (RoleInfo.java:shutdownLeaderElection(134)) - 8a499d08-9a52-4eaf-822d-1c8aaae5e0bd: shutdown LeaderElection
2019-08-27 10:38:33,000 [8a499d08-9a52-4eaf-822d-1c8aaae5e0bd:group-CC7F0617F32B:LeaderElection94] INFO  impl.RaftServerImpl (RaftServerImpl.java:setRole(171)) - 8a499d08-9a52-4eaf-822d-1c8aaae5e0bd:group-CC7F0617F32B changes role from CANDIDATE to LEADER at term 1 for changeToLeader
2019-08-27 10:38:33,000 [8a499d08-9a52-4eaf-822d-1c8aaae5e0bd:group-CC7F0617F32B:LeaderElection94] INFO  impl.RaftServerImpl (ServerState.java:setLeader(263)) - 8a499d08-9a52-4eaf-822d-1c8aaae5e0bd:group-CC7F0617F32B change Leader from null to 8a499d08-9a52-4eaf-822d-1c8aaae5e0bd at term 1 for becomeLeader, leader elected after 5212ms
2019-08-27 10:38:33,000 [8a499d08-9a52-4eaf-822d-1c8aaae5e0bd:group-CC7F0617F32B:LeaderElection94] INFO  server.RaftServerConfigKeys (ConfUtils.java:logGet(43)) - raft.server.staging.catchup.gap = 1000 (default)
2019-08-27 10:38:33,000 [8a499d08-9a52-4eaf-822d-1c8aaae5e0bd:group-CC7F0617F32B:LeaderElection94] INFO  server.RaftServerConfigKeys (ConfUtils.java:logGet(43)) - raft.server.rpc.sleep.time = 25ms (default)
2019-08-27 10:38:33,000 [8a499d08-9a52-4eaf-822d-1c8aaae5e0bd:group-CC7F0617F32B:LeaderElection94] INFO  server.RaftServerConfigKeys (ConfUtils.java:logGet(43)) - raft.server.write.element-limit = 4096 (default)
2019-08-27 10:38:33,001 [8a499d08-9a52-4eaf-822d-1c8aaae5e0bd:group-CC7F0617F32B:LeaderElection94] INFO  server.RaftServerConfigKeys (ConfUtils.java:logGet(43)) - raft.server.watch.timeout = 10s (default)
2019-08-27 10:38:33,001 [8a499d08-9a52-4eaf-822d-1c8aaae5e0bd:group-CC7F0617F32B:LeaderElection94] INFO  server.RaftServerConfigKeys (ConfUtils.java:logGet(43)) - raft.server.watch.timeout.denomination = 1s (default)
2019-08-27 10:38:33,001 [8a499d08-9a52-4eaf-822d-1c8aaae5e0bd:group-CC7F0617F32B:LeaderElection94] INFO  server.RaftServerConfigKeys (ConfUtils.java:logGet(43)) - raft.server.watch.element-limit = 65536 (default)
2019-08-27 10:38:33,001 [8a499d08-9a52-4eaf-822d-1c8aaae5e0bd:group-CC7F0617F32B:LeaderElection94] INFO  impl.RoleInfo (RoleInfo.java:updateAndGet(143)) - 8a499d08-9a52-4eaf-822d-1c8aaae5e0bd: start LeaderState
2019-08-27 10:38:33,002 [8a499d08-9a52-4eaf-822d-1c8aaae5e0bd:group-CC7F0617F32B:LeaderElection94] INFO  segmented.SegmentedRaftLogWorker (SegmentedRaftLogWorker.java:startLogSegment(380)) - 8a499d08-9a52-4eaf-822d-1c8aaae5e0bd-SegmentedRaftLogWorker:Storage Directory /workdir/hadoop-ozone/integration-test/target/test-dir/MiniOzoneClusterImpl-c15ae153-fb36-4826-a287-e4cef41ee116/datanode-0/data/ratis/f9b18638-78cb-48e7-afd5-cc7f0617f32b: Starting segment from index:0
2019-08-27 10:38:33,003 [8a499d08-9a52-4eaf-822d-1c8aaae5e0bd:group-CC7F0617F32B:LeaderElection94] INFO  impl.RaftServerImpl (ServerState.java:setRaftConf(361)) - 8a499d08-9a52-4eaf-822d-1c8aaae5e0bd:group-CC7F0617F32B set configuration 0: [8a499d08-9a52-4eaf-822d-1c8aaae5e0bd:192.168.5.140:46555], old=null at 0
2019-08-27 10:38:33,054 [8a499d08-9a52-4eaf-822d-1c8aaae5e0bd-SegmentedRaftLogWorker:Storage Directory /workdir/hadoop-ozone/integration-test/target/test-dir/MiniOzoneClusterImpl-c15ae153-fb36-4826-a287-e4cef41ee116/datanode-0/data/ratis/f9b18638-78cb-48e7-afd5-cc7f0617f32b] INFO  segmented.SegmentedRaftLogWorker (SegmentedRaftLogWorker.java:execute(569)) - 8a499d08-9a52-4eaf-822d-1c8aaae5e0bd-SegmentedRaftLogWorker:Storage Directory /workdir/hadoop-ozone/integration-test/target/test-dir/MiniOzoneClusterImpl-c15ae153-fb36-4826-a287-e4cef41ee116/datanode-0/data/ratis/f9b18638-78cb-48e7-afd5-cc7f0617f32b: created new log segment /workdir/hadoop-ozone/integration-test/target/test-dir/MiniOzoneClusterImpl-c15ae153-fb36-4826-a287-e4cef41ee116/datanode-0/data/ratis/f9b18638-78cb-48e7-afd5-cc7f0617f32b/current/log_inprogress_0
2019-08-27 10:38:33,062 [grpc-default-executor-9] INFO  client.GrpcClientProtocolClient (GrpcClientProtocolClient.java:onNext(255)) - client-0A12B55E87B1->8a499d08-9a52-4eaf-822d-1c8aaae5e0bd: receive RaftClientReply:client-0A12B55E87B1->8a499d08-9a52-4eaf-822d-1c8aaae5e0bd@group-E4086A2083C6, cid=270, FAILED org.apache.ratis.protocol.NotLeaderException: Server 8a499d08-9a52-4eaf-822d-1c8aaae5e0bd is not the leader (null). Request must be sent to leader., logIndex=0, commits[8a499d08-9a52-4eaf-822d-1c8aaae5e0bd:c-1]
2019-08-27 10:38:33,071 [Thread-4732] INFO  impl.FollowerState (FollowerState.java:run(106)) - 18958245-7eb0-45e5-8b80-d1a4d5f9fe80:group-6FD179358567 changes to CANDIDATE, lastRpcTime:5103, electionTimeout:5103ms
2019-08-27 10:38:33,071 [Thread-4732] INFO  impl.RoleInfo (RoleInfo.java:shutdownFollowerState(121)) - 18958245-7eb0-45e5-8b80-d1a4d5f9fe80: shutdown FollowerState
2019-08-27 10:38:33,071 [Thread-4732] INFO  impl.RaftServerImpl (RaftServerImpl.java:setRole(171)) - 18958245-7eb0-45e5-8b80-d1a4d5f9fe80:group-6FD179358567 changes role from FOLLOWER to CANDIDATE at term 0 for changeToCandidate
2019-08-27 10:38:33,072 [Thread-4732] INFO  impl.RoleInfo (RoleInfo.java:updateAndGet(143)) - 18958245-7eb0-45e5-8b80-d1a4d5f9fe80: start LeaderElection
2019-08-27 10:38:33,084 [18958245-7eb0-45e5-8b80-d1a4d5f9fe80:group-6FD179358567:LeaderElection95] INFO  impl.LeaderElection (LeaderElection.java:askForVotes(181)) - 18958245-7eb0-45e5-8b80-d1a4d5f9fe80:group-6FD179358567:LeaderElection95: begin an election at term 1 for -1: [18958245-7eb0-45e5-8b80-d1a4d5f9fe80:192.168.5.140:40728], old=null
2019-08-27 10:38:33,084 [18958245-7eb0-45e5-8b80-d1a4d5f9fe80:group-6FD179358567:LeaderElection95] INFO  impl.RoleInfo (RoleInfo.java:shutdownLeaderElection(134)) - 18958245-7eb0-45e5-8b80-d1a4d5f9fe80: shutdown LeaderElection
2019-08-27 10:38:33,084 [18958245-7eb0-45e5-8b80-d1a4d5f9fe80:group-6FD179358567:LeaderElection95] INFO  impl.RaftServerImpl (RaftServerImpl.java:setRole(171)) - 18958245-7eb0-45e5-8b80-d1a4d5f9fe80:group-6FD179358567 changes role from CANDIDATE to LEADER at term 1 for changeToLeader
2019-08-27 10:38:33,084 [18958245-7eb0-45e5-8b80-d1a4d5f9fe80:group-6FD179358567:LeaderElection95] INFO  impl.RaftServerImpl (ServerState.java:setLeader(263)) - 18958245-7eb0-45e5-8b80-d1a4d5f9fe80:group-6FD179358567 change Leader from null to 18958245-7eb0-45e5-8b80-d1a4d5f9fe80 at term 1 for becomeLeader, leader elected after 5121ms
2019-08-27 10:38:33,085 [18958245-7eb0-45e5-8b80-d1a4d5f9fe80:group-6FD179358567:LeaderElection95] INFO  server.RaftServerConfigKeys (ConfUtils.java:logGet(43)) - raft.server.staging.catchup.gap = 1000 (default)
2019-08-27 10:38:33,085 [18958245-7eb0-45e5-8b80-d1a4d5f9fe80:group-6FD179358567:LeaderElection95] INFO  server.RaftServerConfigKeys (ConfUtils.java:logGet(43)) - raft.server.rpc.sleep.time = 25ms (default)
2019-08-27 10:38:33,085 [18958245-7eb0-45e5-8b80-d1a4d5f9fe80:group-6FD179358567:LeaderElection95] INFO  server.RaftServerConfigKeys (ConfUtils.java:logGet(43)) - raft.server.write.element-limit = 4096 (default)
2019-08-27 10:38:33,085 [18958245-7eb0-45e5-8b80-d1a4d5f9fe80:group-6FD179358567:LeaderElection95] INFO  server.RaftServerConfigKeys (ConfUtils.java:logGet(43)) - raft.server.watch.timeout = 10s (default)
2019-08-27 10:38:33,085 [18958245-7eb0-45e5-8b80-d1a4d5f9fe80:group-6FD179358567:LeaderElection95] INFO  server.RaftServerConfigKeys (ConfUtils.java:logGet(43)) - raft.server.watch.timeout.denomination = 1s (default)
2019-08-27 10:38:33,085 [18958245-7eb0-45e5-8b80-d1a4d5f9fe80:group-6FD179358567:LeaderElection95] INFO  server.RaftServerConfigKeys (ConfUtils.java:logGet(43)) - raft.server.watch.element-limit = 65536 (default)
2019-08-27 10:38:33,086 [18958245-7eb0-45e5-8b80-d1a4d5f9fe80:group-6FD179358567:LeaderElection95] INFO  impl.RoleInfo (RoleInfo.java:updateAndGet(143)) - 18958245-7eb0-45e5-8b80-d1a4d5f9fe80: start LeaderState
2019-08-27 10:38:33,086 [18958245-7eb0-45e5-8b80-d1a4d5f9fe80:group-6FD179358567:LeaderElection95] INFO  segmented.SegmentedRaftLogWorker (SegmentedRaftLogWorker.java:startLogSegment(380)) - 18958245-7eb0-45e5-8b80-d1a4d5f9fe80-SegmentedRaftLogWorker:Storage Directory /workdir/hadoop-ozone/integration-test/target/test-dir/MiniOzoneClusterImpl-c15ae153-fb36-4826-a287-e4cef41ee116/datanode-1/data/ratis/5fcc3133-5058-4042-9f8d-6fd179358567: Starting segment from index:0
2019-08-27 10:38:33,087 [18958245-7eb0-45e5-8b80-d1a4d5f9fe80:group-6FD179358567:LeaderElection95] INFO  impl.RaftServerImpl (ServerState.java:setRaftConf(361)) - 18958245-7eb0-45e5-8b80-d1a4d5f9fe80:group-6FD179358567 set configuration 0: [18958245-7eb0-45e5-8b80-d1a4d5f9fe80:192.168.5.140:40728], old=null at 0
2019-08-27 10:38:33,125 [18958245-7eb0-45e5-8b80-d1a4d5f9fe80-SegmentedRaftLogWorker:Storage Directory /workdir/hadoop-ozone/integration-test/target/test-dir/MiniOzoneClusterImpl-c15ae153-fb36-4826-a287-e4cef41ee116/datanode-1/data/ratis/5fcc3133-5058-4042-9f8d-6fd179358567] INFO  segmented.SegmentedRaftLogWorker (SegmentedRaftLogWorker.java:execute(569)) - 18958245-7eb0-45e5-8b80-d1a4d5f9fe80-SegmentedRaftLogWorker:Storage Directory /workdir/hadoop-ozone/integration-test/target/test-dir/MiniOzoneClusterImpl-c15ae153-fb36-4826-a287-e4cef41ee116/datanode-1/data/ratis/5fcc3133-5058-4042-9f8d-6fd179358567: created new log segment /workdir/hadoop-ozone/integration-test/target/test-dir/MiniOzoneClusterImpl-c15ae153-fb36-4826-a287-e4cef41ee116/datanode-1/data/ratis/5fcc3133-5058-4042-9f8d-6fd179358567/current/log_inprogress_0
2019-08-27 10:38:33,126 | INFO  | SCMAudit | user=jenkins1000 | ip=192.168.5.140 | op=SEND_HEARTBEAT {datanodeUUID=c2184b09-bc75-4b7e-aaa7-b2bff6604c2b, command=[]} | ret=SUCCESS |  
2019-08-27 10:38:33,200 [Thread-4735] INFO  impl.FollowerState (FollowerState.java:run(106)) - c2184b09-bc75-4b7e-aaa7-b2bff6604c2b:group-A086E66B3535 changes to CANDIDATE, lastRpcTime:5031, electionTimeout:5031ms
2019-08-27 10:38:33,201 [Thread-4735] INFO  impl.RoleInfo (RoleInfo.java:shutdownFollowerState(121)) - c2184b09-bc75-4b7e-aaa7-b2bff6604c2b: shutdown FollowerState
2019-08-27 10:38:33,201 [Thread-4735] INFO  impl.RaftServerImpl (RaftServerImpl.java:setRole(171)) - c2184b09-bc75-4b7e-aaa7-b2bff6604c2b:group-A086E66B3535 changes role from FOLLOWER to CANDIDATE at term 0 for changeToCandidate
2019-08-27 10:38:33,201 [Thread-4735] INFO  impl.RoleInfo (RoleInfo.java:updateAndGet(143)) - c2184b09-bc75-4b7e-aaa7-b2bff6604c2b: start LeaderElection
2019-08-27 10:38:33,216 [c2184b09-bc75-4b7e-aaa7-b2bff6604c2b:group-A086E66B3535:LeaderElection96] INFO  impl.LeaderElection (LeaderElection.java:askForVotes(181)) - c2184b09-bc75-4b7e-aaa7-b2bff6604c2b:group-A086E66B3535:LeaderElection96: begin an election at term 1 for -1: [c2184b09-bc75-4b7e-aaa7-b2bff6604c2b:192.168.5.140:36038], old=null
2019-08-27 10:38:33,216 [c2184b09-bc75-4b7e-aaa7-b2bff6604c2b:group-A086E66B3535:LeaderElection96] INFO  impl.RoleInfo (RoleInfo.java:shutdownLeaderElection(134)) - c2184b09-bc75-4b7e-aaa7-b2bff6604c2b: shutdown LeaderElection
2019-08-27 10:38:33,216 [c2184b09-bc75-4b7e-aaa7-b2bff6604c2b:group-A086E66B3535:LeaderElection96] INFO  impl.RaftServerImpl (RaftServerImpl.java:setRole(171)) - c2184b09-bc75-4b7e-aaa7-b2bff6604c2b:group-A086E66B3535 changes role from CANDIDATE to LEADER at term 1 for changeToLeader
2019-08-27 10:38:33,216 [c2184b09-bc75-4b7e-aaa7-b2bff6604c2b:group-A086E66B3535:LeaderElection96] INFO  impl.RaftServerImpl (ServerState.java:setLeader(263)) - c2184b09-bc75-4b7e-aaa7-b2bff6604c2b:group-A086E66B3535 change Leader from null to c2184b09-bc75-4b7e-aaa7-b2bff6604c2b at term 1 for becomeLeader, leader elected after 5052ms
2019-08-27 10:38:33,216 [c2184b09-bc75-4b7e-aaa7-b2bff6604c2b:group-A086E66B3535:LeaderElection96] INFO  server.RaftServerConfigKeys (ConfUtils.java:logGet(43)) - raft.server.staging.catchup.gap = 1000 (default)
2019-08-27 10:38:33,216 [c2184b09-bc75-4b7e-aaa7-b2bff6604c2b:group-A086E66B3535:LeaderElection96] INFO  server.RaftServerConfigKeys (ConfUtils.java:logGet(43)) - raft.server.rpc.sleep.time = 25ms (default)
2019-08-27 10:38:33,217 [c2184b09-bc75-4b7e-aaa7-b2bff6604c2b:group-A086E66B3535:LeaderElection96] INFO  server.RaftServerConfigKeys (ConfUtils.java:logGet(43)) - raft.server.write.element-limit = 4096 (default)
2019-08-27 10:38:33,217 [c2184b09-bc75-4b7e-aaa7-b2bff6604c2b:group-A086E66B3535:LeaderElection96] INFO  server.RaftServerConfigKeys (ConfUtils.java:logGet(43)) - raft.server.watch.timeout = 10s (default)
2019-08-27 10:38:33,217 [c2184b09-bc75-4b7e-aaa7-b2bff6604c2b:group-A086E66B3535:LeaderElection96] INFO  server.RaftServerConfigKeys (ConfUtils.java:logGet(43)) - raft.server.watch.timeout.denomination = 1s (default)
2019-08-27 10:38:33,217 [c2184b09-bc75-4b7e-aaa7-b2bff6604c2b:group-A086E66B3535:LeaderElection96] INFO  server.RaftServerConfigKeys (ConfUtils.java:logGet(43)) - raft.server.watch.element-limit = 65536 (default)
2019-08-27 10:38:33,217 [c2184b09-bc75-4b7e-aaa7-b2bff6604c2b:group-A086E66B3535:LeaderElection96] INFO  impl.RoleInfo (RoleInfo.java:updateAndGet(143)) - c2184b09-bc75-4b7e-aaa7-b2bff6604c2b: start LeaderState
2019-08-27 10:38:33,217 [c2184b09-bc75-4b7e-aaa7-b2bff6604c2b:group-A086E66B3535:LeaderElection96] INFO  segmented.SegmentedRaftLogWorker (SegmentedRaftLogWorker.java:startLogSegment(380)) - c2184b09-bc75-4b7e-aaa7-b2bff6604c2b-SegmentedRaftLogWorker:Storage Directory /workdir/hadoop-ozone/integration-test/target/test-dir/MiniOzoneClusterImpl-c15ae153-fb36-4826-a287-e4cef41ee116/datanode-2/data/ratis/ad69b540-2184-47a8-9419-a086e66b3535: Starting segment from index:0
2019-08-27 10:38:33,218 [c2184b09-bc75-4b7e-aaa7-b2bff6604c2b:group-A086E66B3535:LeaderElection96] INFO  impl.RaftServerImpl (ServerState.java:setRaftConf(361)) - c2184b09-bc75-4b7e-aaa7-b2bff6604c2b:group-A086E66B3535 set configuration 0: [c2184b09-bc75-4b7e-aaa7-b2bff6604c2b:192.168.5.140:36038], old=null at 0
2019-08-27 10:38:33,263 [c2184b09-bc75-4b7e-aaa7-b2bff6604c2b-SegmentedRaftLogWorker:Storage Directory /workdir/hadoop-ozone/integration-test/target/test-dir/MiniOzoneClusterImpl-c15ae153-fb36-4826-a287-e4cef41ee116/datanode-2/data/ratis/ad69b540-2184-47a8-9419-a086e66b3535] INFO  segmented.SegmentedRaftLogWorker (SegmentedRaftLogWorker.java:execute(569)) - c2184b09-bc75-4b7e-aaa7-b2bff6604c2b-SegmentedRaftLogWorker:Storage Directory /workdir/hadoop-ozone/integration-test/target/test-dir/MiniOzoneClusterImpl-c15ae153-fb36-4826-a287-e4cef41ee116/datanode-2/data/ratis/ad69b540-2184-47a8-9419-a086e66b3535: created new log segment /workdir/hadoop-ozone/integration-test/target/test-dir/MiniOzoneClusterImpl-c15ae153-fb36-4826-a287-e4cef41ee116/datanode-2/data/ratis/ad69b540-2184-47a8-9419-a086e66b3535/current/log_inprogress_0
2019-08-27 10:38:33,327 | INFO  | SCMAudit | user=jenkins1000 | ip=192.168.5.140 | op=SEND_HEARTBEAT {datanodeUUID=d6c5e83e-90a3-43cc-b4b7-619ef1f1607f, command=[]} | ret=SUCCESS |  
2019-08-27 10:38:33,364 [Thread-4742] INFO  impl.FollowerState (FollowerState.java:run(106)) - 8a499d08-9a52-4eaf-822d-1c8aaae5e0bd:group-E4086A2083C6 changes to CANDIDATE, lastRpcTime:5133, electionTimeout:5133ms
2019-08-27 10:38:33,364 [Thread-4742] INFO  impl.RoleInfo (RoleInfo.java:shutdownFollowerState(121)) - 8a499d08-9a52-4eaf-822d-1c8aaae5e0bd: shutdown FollowerState
2019-08-27 10:38:33,365 [Thread-4742] INFO  impl.RaftServerImpl (RaftServerImpl.java:setRole(171)) - 8a499d08-9a52-4eaf-822d-1c8aaae5e0bd:group-E4086A2083C6 changes role from FOLLOWER to CANDIDATE at term 0 for changeToCandidate
2019-08-27 10:38:33,365 [Thread-4742] INFO  impl.RoleInfo (RoleInfo.java:updateAndGet(143)) - 8a499d08-9a52-4eaf-822d-1c8aaae5e0bd: start LeaderElection
2019-08-27 10:38:33,384 [Thread-4738] INFO  impl.FollowerState (FollowerState.java:run(106)) - 18958245-7eb0-45e5-8b80-d1a4d5f9fe80:group-E4086A2083C6 changes to CANDIDATE, lastRpcTime:5157, electionTimeout:5157ms
2019-08-27 10:38:33,384 [Thread-4738] INFO  impl.RoleInfo (RoleInfo.java:shutdownFollowerState(121)) - 18958245-7eb0-45e5-8b80-d1a4d5f9fe80: shutdown FollowerState
2019-08-27 10:38:33,384 [Thread-4738] INFO  impl.RaftServerImpl (RaftServerImpl.java:setRole(171)) - 18958245-7eb0-45e5-8b80-d1a4d5f9fe80:group-E4086A2083C6 changes role from FOLLOWER to CANDIDATE at term 0 for changeToCandidate
2019-08-27 10:38:33,384 [Thread-4738] INFO  impl.RoleInfo (RoleInfo.java:updateAndGet(143)) - 18958245-7eb0-45e5-8b80-d1a4d5f9fe80: start LeaderElection
2019-08-27 10:38:33,390 [8a499d08-9a52-4eaf-822d-1c8aaae5e0bd:group-E4086A2083C6:LeaderElection97] INFO  impl.LeaderElection (LeaderElection.java:askForVotes(181)) - 8a499d08-9a52-4eaf-822d-1c8aaae5e0bd:group-E4086A2083C6:LeaderElection97: begin an election at term 1 for -1: [8a499d08-9a52-4eaf-822d-1c8aaae5e0bd:192.168.5.140:46555, c2184b09-bc75-4b7e-aaa7-b2bff6604c2b:192.168.5.140:36038, 18958245-7eb0-45e5-8b80-d1a4d5f9fe80:192.168.5.140:40728], old=null
2019-08-27 10:38:33,395 [grpc-default-executor-3] INFO  impl.RaftServerImpl (RaftServerImpl.java:setRole(171)) - c2184b09-bc75-4b7e-aaa7-b2bff6604c2b:group-E4086A2083C6 changes role from FOLLOWER to FOLLOWER at term 1 for recognizeCandidate:8a499d08-9a52-4eaf-822d-1c8aaae5e0bd
2019-08-27 10:38:33,395 [grpc-default-executor-3] INFO  impl.RoleInfo (RoleInfo.java:shutdownFollowerState(121)) - c2184b09-bc75-4b7e-aaa7-b2bff6604c2b: shutdown FollowerState
2019-08-27 10:38:33,395 [grpc-default-executor-3] INFO  impl.RoleInfo (RoleInfo.java:updateAndGet(143)) - c2184b09-bc75-4b7e-aaa7-b2bff6604c2b: start FollowerState
2019-08-27 10:38:33,396 [Thread-4743] INFO  impl.FollowerState (FollowerState.java:run(114)) - c2184b09-bc75-4b7e-aaa7-b2bff6604c2b: FollowerState was interrupted: java.lang.InterruptedException: sleep interrupted
2019-08-27 10:38:33,404 [18958245-7eb0-45e5-8b80-d1a4d5f9fe80:group-E4086A2083C6:LeaderElection98] INFO  impl.LeaderElection (LeaderElection.java:askForVotes(181)) - 18958245-7eb0-45e5-8b80-d1a4d5f9fe80:group-E4086A2083C6:LeaderElection98: begin an election at term 1 for -1: [8a499d08-9a52-4eaf-822d-1c8aaae5e0bd:192.168.5.140:46555, c2184b09-bc75-4b7e-aaa7-b2bff6604c2b:192.168.5.140:36038, 18958245-7eb0-45e5-8b80-d1a4d5f9fe80:192.168.5.140:40728], old=null
2019-08-27 10:38:33,405 [8a499d08-9a52-4eaf-822d-1c8aaae5e0bd:group-E4086A2083C6:LeaderElection97] INFO  impl.LeaderElection (LeaderElection.java:logAndReturn(56)) - 8a499d08-9a52-4eaf-822d-1c8aaae5e0bd:group-E4086A2083C6:LeaderElection97: Election PASSED; received 1 response(s) [8a499d08-9a52-4eaf-822d-1c8aaae5e0bd<-c2184b09-bc75-4b7e-aaa7-b2bff6604c2b#0:OK-t1] and 0 exception(s); 8a499d08-9a52-4eaf-822d-1c8aaae5e0bd:t1, leader=null, voted=8a499d08-9a52-4eaf-822d-1c8aaae5e0bd, raftlog=8a499d08-9a52-4eaf-822d-1c8aaae5e0bd-SegmentedRaftLog:OPENED:c-1,f-1,i0, conf=-1: [8a499d08-9a52-4eaf-822d-1c8aaae5e0bd:192.168.5.140:46555, c2184b09-bc75-4b7e-aaa7-b2bff6604c2b:192.168.5.140:36038, 18958245-7eb0-45e5-8b80-d1a4d5f9fe80:192.168.5.140:40728], old=null
2019-08-27 10:38:33,405 [8a499d08-9a52-4eaf-822d-1c8aaae5e0bd:group-E4086A2083C6:LeaderElection97] INFO  impl.RoleInfo (RoleInfo.java:shutdownLeaderElection(134)) - 8a499d08-9a52-4eaf-822d-1c8aaae5e0bd: shutdown LeaderElection
2019-08-27 10:38:33,405 [8a499d08-9a52-4eaf-822d-1c8aaae5e0bd:group-E4086A2083C6:LeaderElection97] INFO  impl.RaftServerImpl (RaftServerImpl.java:setRole(171)) - 8a499d08-9a52-4eaf-822d-1c8aaae5e0bd:group-E4086A2083C6 changes role from CANDIDATE to LEADER at term 1 for changeToLeader
2019-08-27 10:38:33,405 [8a499d08-9a52-4eaf-822d-1c8aaae5e0bd:group-E4086A2083C6:LeaderElection97] INFO  impl.RaftServerImpl (ServerState.java:setLeader(263)) - 8a499d08-9a52-4eaf-822d-1c8aaae5e0bd:group-E4086A2083C6 change Leader from null to 8a499d08-9a52-4eaf-822d-1c8aaae5e0bd at term 1 for becomeLeader, leader elected after 5186ms
2019-08-27 10:38:33,405 [8a499d08-9a52-4eaf-822d-1c8aaae5e0bd:group-E4086A2083C6:LeaderElection97] INFO  server.RaftServerConfigKeys (ConfUtils.java:logGet(43)) - raft.server.staging.catchup.gap = 1000 (default)
2019-08-27 10:38:33,405 [8a499d08-9a52-4eaf-822d-1c8aaae5e0bd:group-E4086A2083C6:LeaderElection97] INFO  server.RaftServerConfigKeys (ConfUtils.java:logGet(43)) - raft.server.rpc.sleep.time = 25ms (default)
2019-08-27 10:38:33,405 [8a499d08-9a52-4eaf-822d-1c8aaae5e0bd:group-E4086A2083C6:LeaderElection97] INFO  server.RaftServerConfigKeys (ConfUtils.java:logGet(43)) - raft.server.write.element-limit = 4096 (default)
2019-08-27 10:38:33,406 [8a499d08-9a52-4eaf-822d-1c8aaae5e0bd:group-E4086A2083C6:LeaderElection97] INFO  server.RaftServerConfigKeys (ConfUtils.java:logGet(43)) - raft.server.watch.timeout = 10s (default)
2019-08-27 10:38:33,406 [8a499d08-9a52-4eaf-822d-1c8aaae5e0bd:group-E4086A2083C6:LeaderElection97] INFO  server.RaftServerConfigKeys (ConfUtils.java:logGet(43)) - raft.server.watch.timeout.denomination = 1s (default)
2019-08-27 10:38:33,406 [8a499d08-9a52-4eaf-822d-1c8aaae5e0bd:group-E4086A2083C6:LeaderElection97] INFO  server.RaftServerConfigKeys (ConfUtils.java:logGet(43)) - raft.server.watch.element-limit = 65536 (default)
2019-08-27 10:38:33,406 [8a499d08-9a52-4eaf-822d-1c8aaae5e0bd:group-E4086A2083C6:LeaderElection97] INFO  server.RaftServerConfigKeys (ConfUtils.java:logGet(43)) - raft.server.log.appender.snapshot.chunk.size.max = 16MB (=16777216) (default)
2019-08-27 10:38:33,406 [8a499d08-9a52-4eaf-822d-1c8aaae5e0bd:group-E4086A2083C6:LeaderElection97] INFO  server.RaftServerConfigKeys (ConfUtils.java:logGet(43)) - raft.server.log.appender.buffer.byte-limit = 33554432 (custom)
2019-08-27 10:38:33,407 [8a499d08-9a52-4eaf-822d-1c8aaae5e0bd:group-E4086A2083C6:LeaderElection97] INFO  server.RaftServerConfigKeys (ConfUtils.java:logGet(43)) - raft.server.log.appender.buffer.element-limit = 1 (custom)
2019-08-27 10:38:33,407 [8a499d08-9a52-4eaf-822d-1c8aaae5e0bd:group-E4086A2083C6:LeaderElection97] INFO  grpc.GrpcConfigKeys$Server (ConfUtils.java:logGet(43)) - raft.grpc.server.leader.outstanding.appends.max = 128 (default)
2019-08-27 10:38:33,407 [8a499d08-9a52-4eaf-822d-1c8aaae5e0bd:group-E4086A2083C6:LeaderElection97] INFO  server.RaftServerConfigKeys (ConfUtils.java:logGet(43)) - raft.server.rpc.request.timeout = 3000ms (default)
2019-08-27 10:38:33,407 [8a499d08-9a52-4eaf-822d-1c8aaae5e0bd:group-E4086A2083C6:LeaderElection97] INFO  server.RaftServerConfigKeys (ConfUtils.java:logGet(43)) - raft.server.log.appender.install.snapshot.enabled = false (custom)
2019-08-27 10:38:33,408 [8a499d08-9a52-4eaf-822d-1c8aaae5e0bd:group-E4086A2083C6:LeaderElection97] INFO  server.RaftServerConfigKeys (ConfUtils.java:logGet(43)) - raft.server.log.appender.snapshot.chunk.size.max = 16MB (=16777216) (default)
2019-08-27 10:38:33,408 [8a499d08-9a52-4eaf-822d-1c8aaae5e0bd:group-E4086A2083C6:LeaderElection97] INFO  server.RaftServerConfigKeys (ConfUtils.java:logGet(43)) - raft.server.log.appender.buffer.byte-limit = 33554432 (custom)
2019-08-27 10:38:33,408 [8a499d08-9a52-4eaf-822d-1c8aaae5e0bd:group-E4086A2083C6:LeaderElection97] INFO  server.RaftServerConfigKeys (ConfUtils.java:logGet(43)) - raft.server.log.appender.buffer.element-limit = 1 (custom)
2019-08-27 10:38:33,408 [8a499d08-9a52-4eaf-822d-1c8aaae5e0bd:group-E4086A2083C6:LeaderElection97] INFO  grpc.GrpcConfigKeys$Server (ConfUtils.java:logGet(43)) - raft.grpc.server.leader.outstanding.appends.max = 128 (default)
2019-08-27 10:38:33,408 [8a499d08-9a52-4eaf-822d-1c8aaae5e0bd:group-E4086A2083C6:LeaderElection97] INFO  server.RaftServerConfigKeys (ConfUtils.java:logGet(43)) - raft.server.rpc.request.timeout = 3000ms (default)
2019-08-27 10:38:33,409 [8a499d08-9a52-4eaf-822d-1c8aaae5e0bd:group-E4086A2083C6:LeaderElection97] INFO  server.RaftServerConfigKeys (ConfUtils.java:logGet(43)) - raft.server.log.appender.install.snapshot.enabled = false (custom)
2019-08-27 10:38:33,409 [8a499d08-9a52-4eaf-822d-1c8aaae5e0bd:group-E4086A2083C6:LeaderElection97] INFO  impl.RoleInfo (RoleInfo.java:updateAndGet(143)) - 8a499d08-9a52-4eaf-822d-1c8aaae5e0bd: start LeaderState
2019-08-27 10:38:33,409 [8a499d08-9a52-4eaf-822d-1c8aaae5e0bd:group-E4086A2083C6:LeaderElection97] INFO  segmented.SegmentedRaftLogWorker (SegmentedRaftLogWorker.java:startLogSegment(380)) - 8a499d08-9a52-4eaf-822d-1c8aaae5e0bd-SegmentedRaftLogWorker:Storage Directory /workdir/hadoop-ozone/integration-test/target/test-dir/MiniOzoneClusterImpl-c15ae153-fb36-4826-a287-e4cef41ee116/datanode-0/data/ratis/a8fb22a9-bcf5-433f-a7a9-e4086a2083c6: Starting segment from index:0
2019-08-27 10:38:33,410 [8a499d08-9a52-4eaf-822d-1c8aaae5e0bd:group-E4086A2083C6:LeaderElection97] INFO  impl.RaftServerImpl (ServerState.java:setRaftConf(361)) - 8a499d08-9a52-4eaf-822d-1c8aaae5e0bd:group-E4086A2083C6 set configuration 0: [8a499d08-9a52-4eaf-822d-1c8aaae5e0bd:192.168.5.140:46555, c2184b09-bc75-4b7e-aaa7-b2bff6604c2b:192.168.5.140:36038, 18958245-7eb0-45e5-8b80-d1a4d5f9fe80:192.168.5.140:40728], old=null at 0
2019-08-27 10:38:33,410 [grpc-default-executor-9] INFO  impl.RaftServerImpl (RaftServerImpl.java:requestVote(754)) - 8a499d08-9a52-4eaf-822d-1c8aaae5e0bd-LEADER: Withhold vote from candidate 18958245-7eb0-45e5-8b80-d1a4d5f9fe80 with term 1. State: leader=8a499d08-9a52-4eaf-822d-1c8aaae5e0bd, term=1, lastRpcElapsed=null
2019-08-27 10:38:33,450 [grpc-default-executor-4] INFO  impl.RaftServerImpl (RaftServerImpl.java:setRole(171)) - 18958245-7eb0-45e5-8b80-d1a4d5f9fe80:group-E4086A2083C6 changes role from CANDIDATE to FOLLOWER at term 1 for appendEntries
2019-08-27 10:38:33,453 [grpc-default-executor-9] INFO  impl.RaftServerImpl (ServerState.java:setLeader(263)) - c2184b09-bc75-4b7e-aaa7-b2bff6604c2b:group-E4086A2083C6 change Leader from null to 8a499d08-9a52-4eaf-822d-1c8aaae5e0bd at term 1 for appendEntries, leader elected after 5234ms
2019-08-27 10:38:33,454 [grpc-default-executor-4] INFO  impl.RoleInfo (RoleInfo.java:shutdownLeaderElection(134)) - 18958245-7eb0-45e5-8b80-d1a4d5f9fe80: shutdown LeaderElection
2019-08-27 10:38:33,454 [18958245-7eb0-45e5-8b80-d1a4d5f9fe80:group-E4086A2083C6:LeaderElection98] INFO  impl.LeaderElection (LeaderElection.java:logAndReturn(56)) - 18958245-7eb0-45e5-8b80-d1a4d5f9fe80:group-E4086A2083C6:LeaderElection98: Election REJECTED; received 2 response(s) [18958245-7eb0-45e5-8b80-d1a4d5f9fe80<-8a499d08-9a52-4eaf-822d-1c8aaae5e0bd#0:FAIL-t1, 18958245-7eb0-45e5-8b80-d1a4d5f9fe80<-c2184b09-bc75-4b7e-aaa7-b2bff6604c2b#0:FAIL-t1] and 0 exception(s); 18958245-7eb0-45e5-8b80-d1a4d5f9fe80:t1, leader=null, voted=18958245-7eb0-45e5-8b80-d1a4d5f9fe80, raftlog=18958245-7eb0-45e5-8b80-d1a4d5f9fe80-SegmentedRaftLog:OPENED:c-1,f-1,i0, conf=-1: [8a499d08-9a52-4eaf-822d-1c8aaae5e0bd:192.168.5.140:46555, c2184b09-bc75-4b7e-aaa7-b2bff6604c2b:192.168.5.140:36038, 18958245-7eb0-45e5-8b80-d1a4d5f9fe80:192.168.5.140:40728], old=null
2019-08-27 10:38:33,454 [grpc-default-executor-4] INFO  impl.RoleInfo (RoleInfo.java:updateAndGet(143)) - 18958245-7eb0-45e5-8b80-d1a4d5f9fe80: start FollowerState
2019-08-27 10:38:33,455 [grpc-default-executor-4] INFO  impl.RaftServerImpl (ServerState.java:setLeader(263)) - 18958245-7eb0-45e5-8b80-d1a4d5f9fe80:group-E4086A2083C6 change Leader from null to 8a499d08-9a52-4eaf-822d-1c8aaae5e0bd at term 1 for appendEntries, leader elected after 5236ms
2019-08-27 10:38:33,456 [grpc-default-executor-4] INFO  impl.RaftServerImpl (ServerState.java:setRaftConf(361)) - c2184b09-bc75-4b7e-aaa7-b2bff6604c2b:group-E4086A2083C6 set configuration 0: [8a499d08-9a52-4eaf-822d-1c8aaae5e0bd:192.168.5.140:46555, c2184b09-bc75-4b7e-aaa7-b2bff6604c2b:192.168.5.140:36038, 18958245-7eb0-45e5-8b80-d1a4d5f9fe80:192.168.5.140:40728], old=null at 0
2019-08-27 10:38:33,456 [grpc-default-executor-4] INFO  segmented.SegmentedRaftLogWorker (SegmentedRaftLogWorker.java:startLogSegment(380)) - c2184b09-bc75-4b7e-aaa7-b2bff6604c2b-SegmentedRaftLogWorker:Storage Directory /workdir/hadoop-ozone/integration-test/target/test-dir/MiniOzoneClusterImpl-c15ae153-fb36-4826-a287-e4cef41ee116/datanode-2/data/ratis/a8fb22a9-bcf5-433f-a7a9-e4086a2083c6: Starting segment from index:0
2019-08-27 10:38:33,457 [grpc-default-executor-9] INFO  impl.RaftServerImpl (ServerState.java:setRaftConf(361)) - 18958245-7eb0-45e5-8b80-d1a4d5f9fe80:group-E4086A2083C6 set configuration 0: [8a499d08-9a52-4eaf-822d-1c8aaae5e0bd:192.168.5.140:46555, c2184b09-bc75-4b7e-aaa7-b2bff6604c2b:192.168.5.140:36038, 18958245-7eb0-45e5-8b80-d1a4d5f9fe80:192.168.5.140:40728], old=null at 0
2019-08-27 10:38:33,457 [grpc-default-executor-9] INFO  segmented.SegmentedRaftLogWorker (SegmentedRaftLogWorker.java:startLogSegment(380)) - 18958245-7eb0-45e5-8b80-d1a4d5f9fe80-SegmentedRaftLogWorker:Storage Directory /workdir/hadoop-ozone/integration-test/target/test-dir/MiniOzoneClusterImpl-c15ae153-fb36-4826-a287-e4cef41ee116/datanode-1/data/ratis/a8fb22a9-bcf5-433f-a7a9-e4086a2083c6: Starting segment from index:0
2019-08-27 10:38:33,462 [8a499d08-9a52-4eaf-822d-1c8aaae5e0bd-SegmentedRaftLogWorker:Storage Directory /workdir/hadoop-ozone/integration-test/target/test-dir/MiniOzoneClusterImpl-c15ae153-fb36-4826-a287-e4cef41ee116/datanode-0/data/ratis/a8fb22a9-bcf5-433f-a7a9-e4086a2083c6] INFO  segmented.SegmentedRaftLogWorker (SegmentedRaftLogWorker.java:execute(569)) - 8a499d08-9a52-4eaf-822d-1c8aaae5e0bd-SegmentedRaftLogWorker:Storage Directory /workdir/hadoop-ozone/integration-test/target/test-dir/MiniOzoneClusterImpl-c15ae153-fb36-4826-a287-e4cef41ee116/datanode-0/data/ratis/a8fb22a9-bcf5-433f-a7a9-e4086a2083c6: created new log segment /workdir/hadoop-ozone/integration-test/target/test-dir/MiniOzoneClusterImpl-c15ae153-fb36-4826-a287-e4cef41ee116/datanode-0/data/ratis/a8fb22a9-bcf5-433f-a7a9-e4086a2083c6/current/log_inprogress_0
2019-08-27 10:38:33,512 [18958245-7eb0-45e5-8b80-d1a4d5f9fe80-SegmentedRaftLogWorker:Storage Directory /workdir/hadoop-ozone/integration-test/target/test-dir/MiniOzoneClusterImpl-c15ae153-fb36-4826-a287-e4cef41ee116/datanode-1/data/ratis/a8fb22a9-bcf5-433f-a7a9-e4086a2083c6] INFO  segmented.SegmentedRaftLogWorker (SegmentedRaftLogWorker.java:execute(569)) - 18958245-7eb0-45e5-8b80-d1a4d5f9fe80-SegmentedRaftLogWorker:Storage Directory /workdir/hadoop-ozone/integration-test/target/test-dir/MiniOzoneClusterImpl-c15ae153-fb36-4826-a287-e4cef41ee116/datanode-1/data/ratis/a8fb22a9-bcf5-433f-a7a9-e4086a2083c6: created new log segment /workdir/hadoop-ozone/integration-test/target/test-dir/MiniOzoneClusterImpl-c15ae153-fb36-4826-a287-e4cef41ee116/datanode-1/data/ratis/a8fb22a9-bcf5-433f-a7a9-e4086a2083c6/current/log_inprogress_0
2019-08-27 10:38:33,512 [c2184b09-bc75-4b7e-aaa7-b2bff6604c2b-SegmentedRaftLogWorker:Storage Directory /workdir/hadoop-ozone/integration-test/target/test-dir/MiniOzoneClusterImpl-c15ae153-fb36-4826-a287-e4cef41ee116/datanode-2/data/ratis/a8fb22a9-bcf5-433f-a7a9-e4086a2083c6] INFO  segmented.SegmentedRaftLogWorker (SegmentedRaftLogWorker.java:execute(569)) - c2184b09-bc75-4b7e-aaa7-b2bff6604c2b-SegmentedRaftLogWorker:Storage Directory /workdir/hadoop-ozone/integration-test/target/test-dir/MiniOzoneClusterImpl-c15ae153-fb36-4826-a287-e4cef41ee116/datanode-2/data/ratis/a8fb22a9-bcf5-433f-a7a9-e4086a2083c6: created new log segment /workdir/hadoop-ozone/integration-test/target/test-dir/MiniOzoneClusterImpl-c15ae153-fb36-4826-a287-e4cef41ee116/datanode-2/data/ratis/a8fb22a9-bcf5-433f-a7a9-e4086a2083c6/current/log_inprogress_0
2019-08-27 10:38:33,542 | INFO  | SCMAudit | user=jenkins1000 | ip=192.168.5.140 | op=SEND_HEARTBEAT {datanodeUUID=f12a520e-da2a-467c-b7aa-1b00d63be15e, command=[]} | ret=SUCCESS |  
2019-08-27 10:38:33,569 [Thread-4747] INFO  impl.FollowerState (FollowerState.java:run(106)) - d6c5e83e-90a3-43cc-b4b7-619ef1f1607f:group-934447A53D4F changes to CANDIDATE, lastRpcTime:5197, electionTimeout:5197ms
2019-08-27 10:38:33,569 [Thread-4747] INFO  impl.RoleInfo (RoleInfo.java:shutdownFollowerState(121)) - d6c5e83e-90a3-43cc-b4b7-619ef1f1607f: shutdown FollowerState
2019-08-27 10:38:33,569 [Thread-4747] INFO  impl.RaftServerImpl (RaftServerImpl.java:setRole(171)) - d6c5e83e-90a3-43cc-b4b7-619ef1f1607f:group-934447A53D4F changes role from FOLLOWER to CANDIDATE at term 0 for changeToCandidate
2019-08-27 10:38:33,569 [Thread-4747] INFO  impl.RoleInfo (RoleInfo.java:updateAndGet(143)) - d6c5e83e-90a3-43cc-b4b7-619ef1f1607f: start LeaderElection
2019-08-27 10:38:33,593 [d6c5e83e-90a3-43cc-b4b7-619ef1f1607f:group-934447A53D4F:LeaderElection99] INFO  impl.LeaderElection (LeaderElection.java:askForVotes(181)) - d6c5e83e-90a3-43cc-b4b7-619ef1f1607f:group-934447A53D4F:LeaderElection99: begin an election at term 1 for -1: [d6c5e83e-90a3-43cc-b4b7-619ef1f1607f:192.168.5.140:35498], old=null
2019-08-27 10:38:33,593 [d6c5e83e-90a3-43cc-b4b7-619ef1f1607f:group-934447A53D4F:LeaderElection99] INFO  impl.RoleInfo (RoleInfo.java:shutdownLeaderElection(134)) - d6c5e83e-90a3-43cc-b4b7-619ef1f1607f: shutdown LeaderElection
2019-08-27 10:38:33,593 [d6c5e83e-90a3-43cc-b4b7-619ef1f1607f:group-934447A53D4F:LeaderElection99] INFO  impl.RaftServerImpl (RaftServerImpl.java:setRole(171)) - d6c5e83e-90a3-43cc-b4b7-619ef1f1607f:group-934447A53D4F changes role from CANDIDATE to LEADER at term 1 for changeToLeader
2019-08-27 10:38:33,593 [d6c5e83e-90a3-43cc-b4b7-619ef1f1607f:group-934447A53D4F:LeaderElection99] INFO  impl.RaftServerImpl (ServerState.java:setLeader(263)) - d6c5e83e-90a3-43cc-b4b7-619ef1f1607f:group-934447A53D4F change Leader from null to d6c5e83e-90a3-43cc-b4b7-619ef1f1607f at term 1 for becomeLeader, leader elected after 5226ms
2019-08-27 10:38:33,594 [d6c5e83e-90a3-43cc-b4b7-619ef1f1607f:group-934447A53D4F:LeaderElection99] INFO  server.RaftServerConfigKeys (ConfUtils.java:logGet(43)) - raft.server.staging.catchup.gap = 1000 (default)
2019-08-27 10:38:33,594 [d6c5e83e-90a3-43cc-b4b7-619ef1f1607f:group-934447A53D4F:LeaderElection99] INFO  server.RaftServerConfigKeys (ConfUtils.java:logGet(43)) - raft.server.rpc.sleep.time = 25ms (default)
2019-08-27 10:38:33,594 [d6c5e83e-90a3-43cc-b4b7-619ef1f1607f:group-934447A53D4F:LeaderElection99] INFO  server.RaftServerConfigKeys (ConfUtils.java:logGet(43)) - raft.server.write.element-limit = 4096 (default)
2019-08-27 10:38:33,594 [d6c5e83e-90a3-43cc-b4b7-619ef1f1607f:group-934447A53D4F:LeaderElection99] INFO  server.RaftServerConfigKeys (ConfUtils.java:logGet(43)) - raft.server.watch.timeout = 10s (default)
2019-08-27 10:38:33,594 [d6c5e83e-90a3-43cc-b4b7-619ef1f1607f:group-934447A53D4F:LeaderElection99] INFO  server.RaftServerConfigKeys (ConfUtils.java:logGet(43)) - raft.server.watch.timeout.denomination = 1s (default)
2019-08-27 10:38:33,595 [d6c5e83e-90a3-43cc-b4b7-619ef1f1607f:group-934447A53D4F:LeaderElection99] INFO  server.RaftServerConfigKeys (ConfUtils.java:logGet(43)) - raft.server.watch.element-limit = 65536 (default)
2019-08-27 10:38:33,595 [d6c5e83e-90a3-43cc-b4b7-619ef1f1607f:group-934447A53D4F:LeaderElection99] INFO  impl.RoleInfo (RoleInfo.java:updateAndGet(143)) - d6c5e83e-90a3-43cc-b4b7-619ef1f1607f: start LeaderState
2019-08-27 10:38:33,595 [d6c5e83e-90a3-43cc-b4b7-619ef1f1607f:group-934447A53D4F:LeaderElection99] INFO  segmented.SegmentedRaftLogWorker (SegmentedRaftLogWorker.java:startLogSegment(380)) - d6c5e83e-90a3-43cc-b4b7-619ef1f1607f-SegmentedRaftLogWorker:Storage Directory /workdir/hadoop-ozone/integration-test/target/test-dir/MiniOzoneClusterImpl-c15ae153-fb36-4826-a287-e4cef41ee116/datanode-3/data/ratis/4d62ee54-5a14-48b9-b121-934447a53d4f: Starting segment from index:0
2019-08-27 10:38:33,597 [d6c5e83e-90a3-43cc-b4b7-619ef1f1607f:group-934447A53D4F:LeaderElection99] INFO  impl.RaftServerImpl (ServerState.java:setRaftConf(361)) - d6c5e83e-90a3-43cc-b4b7-619ef1f1607f:group-934447A53D4F set configuration 0: [d6c5e83e-90a3-43cc-b4b7-619ef1f1607f:192.168.5.140:35498], old=null at 0
2019-08-27 10:38:33,645 [d6c5e83e-90a3-43cc-b4b7-619ef1f1607f-SegmentedRaftLogWorker:Storage Directory /workdir/hadoop-ozone/integration-test/target/test-dir/MiniOzoneClusterImpl-c15ae153-fb36-4826-a287-e4cef41ee116/datanode-3/data/ratis/4d62ee54-5a14-48b9-b121-934447a53d4f] INFO  segmented.SegmentedRaftLogWorker (SegmentedRaftLogWorker.java:execute(569)) - d6c5e83e-90a3-43cc-b4b7-619ef1f1607f-SegmentedRaftLogWorker:Storage Directory /workdir/hadoop-ozone/integration-test/target/test-dir/MiniOzoneClusterImpl-c15ae153-fb36-4826-a287-e4cef41ee116/datanode-3/data/ratis/4d62ee54-5a14-48b9-b121-934447a53d4f: created new log segment /workdir/hadoop-ozone/integration-test/target/test-dir/MiniOzoneClusterImpl-c15ae153-fb36-4826-a287-e4cef41ee116/datanode-3/data/ratis/4d62ee54-5a14-48b9-b121-934447a53d4f/current/log_inprogress_0
2019-08-27 10:38:33,737 | INFO  | SCMAudit | user=jenkins1000 | ip=192.168.5.140 | op=SEND_HEARTBEAT {datanodeUUID=8a499d08-9a52-4eaf-822d-1c8aaae5e0bd, command=[]} | ret=SUCCESS |  
2019-08-27 10:38:33,859 | INFO  | SCMAudit | user=jenkins1000 | ip=192.168.5.140 | op=SEND_HEARTBEAT {datanodeUUID=55846269-6583-45cb-807e-dad1f0ee78d3, command=[]} | ret=SUCCESS |  
2019-08-27 10:38:33,926 | INFO  | SCMAudit | user=jenkins1000 | ip=192.168.5.140 | op=SEND_HEARTBEAT {datanodeUUID=5ec53e02-a1c2-407d-b0be-b295a4de7079, command=[]} | ret=SUCCESS |  
2019-08-27 10:38:33,926 | INFO  | SCMAudit | user=jenkins1000 | ip=192.168.5.140 | op=SEND_HEARTBEAT {datanodeUUID=18958245-7eb0-45e5-8b80-d1a4d5f9fe80, command=[]} | ret=SUCCESS |  
2019-08-27 10:38:34,015 [Thread-4753] INFO  impl.FollowerState (FollowerState.java:run(106)) - 5ec53e02-a1c2-407d-b0be-b295a4de7079:group-464EDA4DBC15 changes to CANDIDATE, lastRpcTime:5013, electionTimeout:5013ms
2019-08-27 10:38:34,016 [Thread-4753] INFO  impl.RoleInfo (RoleInfo.java:shutdownFollowerState(121)) - 5ec53e02-a1c2-407d-b0be-b295a4de7079: shutdown FollowerState
2019-08-27 10:38:34,016 [Thread-4753] INFO  impl.RaftServerImpl (RaftServerImpl.java:setRole(171)) - 5ec53e02-a1c2-407d-b0be-b295a4de7079:group-464EDA4DBC15 changes role from FOLLOWER to CANDIDATE at term 0 for changeToCandidate
2019-08-27 10:38:34,016 [Thread-4753] INFO  impl.RoleInfo (RoleInfo.java:updateAndGet(143)) - 5ec53e02-a1c2-407d-b0be-b295a4de7079: start LeaderElection
2019-08-27 10:38:34,039 [5ec53e02-a1c2-407d-b0be-b295a4de7079:group-464EDA4DBC15:LeaderElection100] INFO  impl.LeaderElection (LeaderElection.java:askForVotes(181)) - 5ec53e02-a1c2-407d-b0be-b295a4de7079:group-464EDA4DBC15:LeaderElection100: begin an election at term 1 for -1: [5ec53e02-a1c2-407d-b0be-b295a4de7079:192.168.5.140:41259], old=null
2019-08-27 10:38:34,039 [5ec53e02-a1c2-407d-b0be-b295a4de7079:group-464EDA4DBC15:LeaderElection100] INFO  impl.RoleInfo (RoleInfo.java:shutdownLeaderElection(134)) - 5ec53e02-a1c2-407d-b0be-b295a4de7079: shutdown LeaderElection
2019-08-27 10:38:34,039 [5ec53e02-a1c2-407d-b0be-b295a4de7079:group-464EDA4DBC15:LeaderElection100] INFO  impl.RaftServerImpl (RaftServerImpl.java:setRole(171)) - 5ec53e02-a1c2-407d-b0be-b295a4de7079:group-464EDA4DBC15 changes role from CANDIDATE to LEADER at term 1 for changeToLeader
2019-08-27 10:38:34,039 [5ec53e02-a1c2-407d-b0be-b295a4de7079:group-464EDA4DBC15:LeaderElection100] INFO  impl.RaftServerImpl (ServerState.java:setLeader(263)) - 5ec53e02-a1c2-407d-b0be-b295a4de7079:group-464EDA4DBC15 change Leader from null to 5ec53e02-a1c2-407d-b0be-b295a4de7079 at term 1 for becomeLeader, leader elected after 5040ms
2019-08-27 10:38:34,039 [5ec53e02-a1c2-407d-b0be-b295a4de7079:group-464EDA4DBC15:LeaderElection100] INFO  server.RaftServerConfigKeys (ConfUtils.java:logGet(43)) - raft.server.staging.catchup.gap = 1000 (default)
2019-08-27 10:38:34,039 [5ec53e02-a1c2-407d-b0be-b295a4de7079:group-464EDA4DBC15:LeaderElection100] INFO  server.RaftServerConfigKeys (ConfUtils.java:logGet(43)) - raft.server.rpc.sleep.time = 25ms (default)
2019-08-27 10:38:34,040 [5ec53e02-a1c2-407d-b0be-b295a4de7079:group-464EDA4DBC15:LeaderElection100] INFO  server.RaftServerConfigKeys (ConfUtils.java:logGet(43)) - raft.server.write.element-limit = 4096 (default)
2019-08-27 10:38:34,040 [5ec53e02-a1c2-407d-b0be-b295a4de7079:group-464EDA4DBC15:LeaderElection100] INFO  server.RaftServerConfigKeys (ConfUtils.java:logGet(43)) - raft.server.watch.timeout = 10s (default)
2019-08-27 10:38:34,040 [5ec53e02-a1c2-407d-b0be-b295a4de7079:group-464EDA4DBC15:LeaderElection100] INFO  server.RaftServerConfigKeys (ConfUtils.java:logGet(43)) - raft.server.watch.timeout.denomination = 1s (default)
2019-08-27 10:38:34,040 [5ec53e02-a1c2-407d-b0be-b295a4de7079:group-464EDA4DBC15:LeaderElection100] INFO  server.RaftServerConfigKeys (ConfUtils.java:logGet(43)) - raft.server.watch.element-limit = 65536 (default)
2019-08-27 10:38:34,040 [5ec53e02-a1c2-407d-b0be-b295a4de7079:group-464EDA4DBC15:LeaderElection100] INFO  impl.RoleInfo (RoleInfo.java:updateAndGet(143)) - 5ec53e02-a1c2-407d-b0be-b295a4de7079: start LeaderState
2019-08-27 10:38:34,040 [5ec53e02-a1c2-407d-b0be-b295a4de7079:group-464EDA4DBC15:LeaderElection100] INFO  segmented.SegmentedRaftLogWorker (SegmentedRaftLogWorker.java:startLogSegment(380)) - 5ec53e02-a1c2-407d-b0be-b295a4de7079-SegmentedRaftLogWorker:Storage Directory /workdir/hadoop-ozone/integration-test/target/test-dir/MiniOzoneClusterImpl-c15ae153-fb36-4826-a287-e4cef41ee116/datanode-6/data/ratis/a9507a84-6797-4089-aee1-464eda4dbc15: Starting segment from index:0
2019-08-27 10:38:34,041 [5ec53e02-a1c2-407d-b0be-b295a4de7079:group-464EDA4DBC15:LeaderElection100] INFO  impl.RaftServerImpl (ServerState.java:setRaftConf(361)) - 5ec53e02-a1c2-407d-b0be-b295a4de7079:group-464EDA4DBC15 set configuration 0: [5ec53e02-a1c2-407d-b0be-b295a4de7079:192.168.5.140:41259], old=null at 0
2019-08-27 10:38:34,082 [grpc-default-executor-9] INFO  client.GrpcClientProtocolClient (GrpcClientProtocolClient.java:onNext(255)) - client-0A12B55E87B1->c2184b09-bc75-4b7e-aaa7-b2bff6604c2b: receive RaftClientReply:client-0A12B55E87B1->c2184b09-bc75-4b7e-aaa7-b2bff6604c2b@group-E4086A2083C6, cid=270, FAILED org.apache.ratis.protocol.NotLeaderException: Server c2184b09-bc75-4b7e-aaa7-b2bff6604c2b is not the leader (8a499d08-9a52-4eaf-822d-1c8aaae5e0bd:192.168.5.140:46555). Request must be sent to leader., logIndex=0, commits[c2184b09-bc75-4b7e-aaa7-b2bff6604c2b:c-1, 8a499d08-9a52-4eaf-822d-1c8aaae5e0bd:c-1, 18958245-7eb0-45e5-8b80-d1a4d5f9fe80:c-1]
2019-08-27 10:38:34,094 [5ec53e02-a1c2-407d-b0be-b295a4de7079-SegmentedRaftLogWorker:Storage Directory /workdir/hadoop-ozone/integration-test/target/test-dir/MiniOzoneClusterImpl-c15ae153-fb36-4826-a287-e4cef41ee116/datanode-6/data/ratis/a9507a84-6797-4089-aee1-464eda4dbc15] INFO  segmented.SegmentedRaftLogWorker (SegmentedRaftLogWorker.java:execute(569)) - 5ec53e02-a1c2-407d-b0be-b295a4de7079-SegmentedRaftLogWorker:Storage Directory /workdir/hadoop-ozone/integration-test/target/test-dir/MiniOzoneClusterImpl-c15ae153-fb36-4826-a287-e4cef41ee116/datanode-6/data/ratis/a9507a84-6797-4089-aee1-464eda4dbc15: created new log segment /workdir/hadoop-ozone/integration-test/target/test-dir/MiniOzoneClusterImpl-c15ae153-fb36-4826-a287-e4cef41ee116/datanode-6/data/ratis/a9507a84-6797-4089-aee1-464eda4dbc15/current/log_inprogress_0
2019-08-27 10:38:34,122 [Thread-4763] INFO  impl.FollowerState (FollowerState.java:run(106)) - d6c5e83e-90a3-43cc-b4b7-619ef1f1607f:group-B6141069E86B changes to CANDIDATE, lastRpcTime:5023, electionTimeout:5023ms
2019-08-27 10:38:34,123 [Thread-4763] INFO  impl.RoleInfo (RoleInfo.java:shutdownFollowerState(121)) - d6c5e83e-90a3-43cc-b4b7-619ef1f1607f: shutdown FollowerState
2019-08-27 10:38:34,123 [Thread-4763] INFO  impl.RaftServerImpl (RaftServerImpl.java:setRole(171)) - d6c5e83e-90a3-43cc-b4b7-619ef1f1607f:group-B6141069E86B changes role from FOLLOWER to CANDIDATE at term 0 for changeToCandidate
2019-08-27 10:38:34,123 [Thread-4763] INFO  impl.RoleInfo (RoleInfo.java:updateAndGet(143)) - d6c5e83e-90a3-43cc-b4b7-619ef1f1607f: start LeaderElection
2019-08-27 10:38:34,131 [Thread-4756] INFO  impl.FollowerState (FollowerState.java:run(106)) - 55846269-6583-45cb-807e-dad1f0ee78d3:group-D884D908617C changes to CANDIDATE, lastRpcTime:5085, electionTimeout:5082ms
2019-08-27 10:38:34,131 [Thread-4756] INFO  impl.RoleInfo (RoleInfo.java:shutdownFollowerState(121)) - 55846269-6583-45cb-807e-dad1f0ee78d3: shutdown FollowerState
2019-08-27 10:38:34,131 [Thread-4756] INFO  impl.RaftServerImpl (RaftServerImpl.java:setRole(171)) - 55846269-6583-45cb-807e-dad1f0ee78d3:group-D884D908617C changes role from FOLLOWER to CANDIDATE at term 0 for changeToCandidate
2019-08-27 10:38:34,131 | INFO  | SCMAudit | user=jenkins1000 | ip=192.168.5.140 | op=SEND_HEARTBEAT {datanodeUUID=c2184b09-bc75-4b7e-aaa7-b2bff6604c2b, command=[]} | ret=SUCCESS |  
2019-08-27 10:38:34,131 [Thread-4756] INFO  impl.RoleInfo (RoleInfo.java:updateAndGet(143)) - 55846269-6583-45cb-807e-dad1f0ee78d3: start LeaderElection
2019-08-27 10:38:34,139 [Thread-4750] INFO  impl.FollowerState (FollowerState.java:run(106)) - f12a520e-da2a-467c-b7aa-1b00d63be15e:group-FC400C6FA396 changes to CANDIDATE, lastRpcTime:5200, electionTimeout:5200ms
2019-08-27 10:38:34,139 [Thread-4750] INFO  impl.RoleInfo (RoleInfo.java:shutdownFollowerState(121)) - f12a520e-da2a-467c-b7aa-1b00d63be15e: shutdown FollowerState
2019-08-27 10:38:34,139 [Thread-4750] INFO  impl.RaftServerImpl (RaftServerImpl.java:setRole(171)) - f12a520e-da2a-467c-b7aa-1b00d63be15e:group-FC400C6FA396 changes role from FOLLOWER to CANDIDATE at term 0 for changeToCandidate
2019-08-27 10:38:34,140 [Thread-4750] INFO  impl.RoleInfo (RoleInfo.java:updateAndGet(143)) - f12a520e-da2a-467c-b7aa-1b00d63be15e: start LeaderElection
2019-08-27 10:38:34,151 [d6c5e83e-90a3-43cc-b4b7-619ef1f1607f:group-B6141069E86B:LeaderElection101] INFO  impl.LeaderElection (LeaderElection.java:askForVotes(181)) - d6c5e83e-90a3-43cc-b4b7-619ef1f1607f:group-B6141069E86B:LeaderElection101: begin an election at term 1 for -1: [5ec53e02-a1c2-407d-b0be-b295a4de7079:192.168.5.140:41259, d6c5e83e-90a3-43cc-b4b7-619ef1f1607f:192.168.5.140:35498, 55846269-6583-45cb-807e-dad1f0ee78d3:192.168.5.140:40107], old=null
2019-08-27 10:38:34,151 [f12a520e-da2a-467c-b7aa-1b00d63be15e:group-FC400C6FA396:LeaderElection103] INFO  impl.LeaderElection (LeaderElection.java:askForVotes(181)) - f12a520e-da2a-467c-b7aa-1b00d63be15e:group-FC400C6FA396:LeaderElection103: begin an election at term 1 for -1: [f12a520e-da2a-467c-b7aa-1b00d63be15e:192.168.5.140:44520], old=null
2019-08-27 10:38:34,151 [55846269-6583-45cb-807e-dad1f0ee78d3:group-D884D908617C:LeaderElection102] INFO  impl.LeaderElection (LeaderElection.java:askForVotes(181)) - 55846269-6583-45cb-807e-dad1f0ee78d3:group-D884D908617C:LeaderElection102: begin an election at term 1 for -1: [55846269-6583-45cb-807e-dad1f0ee78d3:192.168.5.140:40107], old=null
2019-08-27 10:38:34,153 [f12a520e-da2a-467c-b7aa-1b00d63be15e:group-FC400C6FA396:LeaderElection103] INFO  impl.RoleInfo (RoleInfo.java:shutdownLeaderElection(134)) - f12a520e-da2a-467c-b7aa-1b00d63be15e: shutdown LeaderElection
2019-08-27 10:38:34,153 [55846269-6583-45cb-807e-dad1f0ee78d3:group-D884D908617C:LeaderElection102] INFO  impl.RoleInfo (RoleInfo.java:shutdownLeaderElection(134)) - 55846269-6583-45cb-807e-dad1f0ee78d3: shutdown LeaderElection
2019-08-27 10:38:34,154 [f12a520e-da2a-467c-b7aa-1b00d63be15e:group-FC400C6FA396:LeaderElection103] INFO  impl.RaftServerImpl (RaftServerImpl.java:setRole(171)) - f12a520e-da2a-467c-b7aa-1b00d63be15e:group-FC400C6FA396 changes role from CANDIDATE to LEADER at term 1 for changeToLeader
2019-08-27 10:38:34,154 [55846269-6583-45cb-807e-dad1f0ee78d3:group-D884D908617C:LeaderElection102] INFO  impl.RaftServerImpl (RaftServerImpl.java:setRole(171)) - 55846269-6583-45cb-807e-dad1f0ee78d3:group-D884D908617C changes role from CANDIDATE to LEADER at term 1 for changeToLeader
2019-08-27 10:38:34,154 [f12a520e-da2a-467c-b7aa-1b00d63be15e:group-FC400C6FA396:LeaderElection103] INFO  impl.RaftServerImpl (ServerState.java:setLeader(263)) - f12a520e-da2a-467c-b7aa-1b00d63be15e:group-FC400C6FA396 change Leader from null to f12a520e-da2a-467c-b7aa-1b00d63be15e at term 1 for becomeLeader, leader elected after 5229ms
2019-08-27 10:38:34,154 [55846269-6583-45cb-807e-dad1f0ee78d3:group-D884D908617C:LeaderElection102] INFO  impl.RaftServerImpl (ServerState.java:setLeader(263)) - 55846269-6583-45cb-807e-dad1f0ee78d3:group-D884D908617C change Leader from null to 55846269-6583-45cb-807e-dad1f0ee78d3 at term 1 for becomeLeader, leader elected after 5112ms
2019-08-27 10:38:34,154 [f12a520e-da2a-467c-b7aa-1b00d63be15e:group-FC400C6FA396:LeaderElection103] INFO  server.RaftServerConfigKeys (ConfUtils.java:logGet(43)) - raft.server.staging.catchup.gap = 1000 (default)
2019-08-27 10:38:34,154 [55846269-6583-45cb-807e-dad1f0ee78d3:group-D884D908617C:LeaderElection102] INFO  server.RaftServerConfigKeys (ConfUtils.java:logGet(43)) - raft.server.staging.catchup.gap = 1000 (default)
2019-08-27 10:38:34,154 [f12a520e-da2a-467c-b7aa-1b00d63be15e:group-FC400C6FA396:LeaderElection103] INFO  server.RaftServerConfigKeys (ConfUtils.java:logGet(43)) - raft.server.rpc.sleep.time = 25ms (default)
2019-08-27 10:38:34,154 [55846269-6583-45cb-807e-dad1f0ee78d3:group-D884D908617C:LeaderElection102] INFO  server.RaftServerConfigKeys (ConfUtils.java:logGet(43)) - raft.server.rpc.sleep.time = 25ms (default)
2019-08-27 10:38:34,154 [f12a520e-da2a-467c-b7aa-1b00d63be15e:group-FC400C6FA396:LeaderElection103] INFO  server.RaftServerConfigKeys (ConfUtils.java:logGet(43)) - raft.server.write.element-limit = 4096 (default)
2019-08-27 10:38:34,154 [55846269-6583-45cb-807e-dad1f0ee78d3:group-D884D908617C:LeaderElection102] INFO  server.RaftServerConfigKeys (ConfUtils.java:logGet(43)) - raft.server.write.element-limit = 4096 (default)
2019-08-27 10:38:34,155 | INFO  | DNAudit | user=null | ip=null | op=WRITE_CHUNK {blockData=conID: 1 locID: 102688509788487703 bcsId: 0} | ret=SUCCESS |  
2019-08-27 10:38:34,154 [f12a520e-da2a-467c-b7aa-1b00d63be15e:group-FC400C6FA396:LeaderElection103] INFO  server.RaftServerConfigKeys (ConfUtils.java:logGet(43)) - raft.server.watch.timeout = 10s (default)
2019-08-27 10:38:34,155 [55846269-6583-45cb-807e-dad1f0ee78d3:group-D884D908617C:LeaderElection102] INFO  server.RaftServerConfigKeys (ConfUtils.java:logGet(43)) - raft.server.watch.timeout = 10s (default)
2019-08-27 10:38:34,155 [f12a520e-da2a-467c-b7aa-1b00d63be15e:group-FC400C6FA396:LeaderElection103] INFO  server.RaftServerConfigKeys (ConfUtils.java:logGet(43)) - raft.server.watch.timeout.denomination = 1s (default)
2019-08-27 10:38:34,155 [55846269-6583-45cb-807e-dad1f0ee78d3:group-D884D908617C:LeaderElection102] INFO  server.RaftServerConfigKeys (ConfUtils.java:logGet(43)) - raft.server.watch.timeout.denomination = 1s (default)
2019-08-27 10:38:34,155 [f12a520e-da2a-467c-b7aa-1b00d63be15e:group-FC400C6FA396:LeaderElection103] INFO  server.RaftServerConfigKeys (ConfUtils.java:logGet(43)) - raft.server.watch.element-limit = 65536 (default)
2019-08-27 10:38:34,155 | INFO  | SCMAudit | user=jenkins1000 | ip=192.168.5.140 | op=SEND_HEARTBEAT {datanodeUUID=8a499d08-9a52-4eaf-822d-1c8aaae5e0bd, command=[]} | ret=SUCCESS |  
2019-08-27 10:38:34,155 [55846269-6583-45cb-807e-dad1f0ee78d3:group-D884D908617C:LeaderElection102] INFO  server.RaftServerConfigKeys (ConfUtils.java:logGet(43)) - raft.server.watch.element-limit = 65536 (default)
2019-08-27 10:38:34,155 [f12a520e-da2a-467c-b7aa-1b00d63be15e:group-FC400C6FA396:LeaderElection103] INFO  impl.RoleInfo (RoleInfo.java:updateAndGet(143)) - f12a520e-da2a-467c-b7aa-1b00d63be15e: start LeaderState
2019-08-27 10:38:34,155 [55846269-6583-45cb-807e-dad1f0ee78d3:group-D884D908617C:LeaderElection102] INFO  impl.RoleInfo (RoleInfo.java:updateAndGet(143)) - 55846269-6583-45cb-807e-dad1f0ee78d3: start LeaderState
2019-08-27 10:38:34,155 [f12a520e-da2a-467c-b7aa-1b00d63be15e:group-FC400C6FA396:LeaderElection103] INFO  segmented.SegmentedRaftLogWorker (SegmentedRaftLogWorker.java:startLogSegment(380)) - f12a520e-da2a-467c-b7aa-1b00d63be15e-SegmentedRaftLogWorker:Storage Directory /workdir/hadoop-ozone/integration-test/target/test-dir/MiniOzoneClusterImpl-c15ae153-fb36-4826-a287-e4cef41ee116/datanode-4/data/ratis/3a4b7aa5-9ba2-4b60-8971-fc400c6fa396: Starting segment from index:0
2019-08-27 10:38:34,155 [55846269-6583-45cb-807e-dad1f0ee78d3:group-D884D908617C:LeaderElection102] INFO  segmented.SegmentedRaftLogWorker (SegmentedRaftLogWorker.java:startLogSegment(380)) - 55846269-6583-45cb-807e-dad1f0ee78d3-SegmentedRaftLogWorker:Storage Directory /workdir/hadoop-ozone/integration-test/target/test-dir/MiniOzoneClusterImpl-c15ae153-fb36-4826-a287-e4cef41ee116/datanode-5/data/ratis/f28106ab-1d00-4161-a089-d884d908617c: Starting segment from index:0
2019-08-27 10:38:34,156 [f12a520e-da2a-467c-b7aa-1b00d63be15e:group-FC400C6FA396:LeaderElection103] INFO  impl.RaftServerImpl (ServerState.java:setRaftConf(361)) - f12a520e-da2a-467c-b7aa-1b00d63be15e:group-FC400C6FA396 set configuration 0: [f12a520e-da2a-467c-b7aa-1b00d63be15e:192.168.5.140:44520], old=null at 0
2019-08-27 10:38:34,156 [55846269-6583-45cb-807e-dad1f0ee78d3:group-D884D908617C:LeaderElection102] INFO  impl.RaftServerImpl (ServerState.java:setRaftConf(361)) - 55846269-6583-45cb-807e-dad1f0ee78d3:group-D884D908617C set configuration 0: [55846269-6583-45cb-807e-dad1f0ee78d3:192.168.5.140:40107], old=null at 0
2019-08-27 10:38:34,196 [grpc-default-executor-4] INFO  impl.RaftServerImpl (RaftServerImpl.java:setRole(171)) - 5ec53e02-a1c2-407d-b0be-b295a4de7079:group-B6141069E86B changes role from FOLLOWER to FOLLOWER at term 1 for recognizeCandidate:d6c5e83e-90a3-43cc-b4b7-619ef1f1607f
2019-08-27 10:38:34,198 [grpc-default-executor-4] INFO  impl.RoleInfo (RoleInfo.java:shutdownFollowerState(121)) - 5ec53e02-a1c2-407d-b0be-b295a4de7079: shutdown FollowerState
2019-08-27 10:38:34,199 | INFO  | DNAudit | user=null | ip=null | op=WRITE_CHUNK {blockData=conID: 1 locID: 102688509788487703 bcsId: 0} | ret=SUCCESS |  
2019-08-27 10:38:34,199 | INFO  | DNAudit | user=null | ip=null | op=WRITE_CHUNK {blockData=conID: 1 locID: 102688509788487703 bcsId: 0} | ret=SUCCESS |  
2019-08-27 10:38:34,196 [grpc-default-executor-9] INFO  impl.RaftServerImpl (RaftServerImpl.java:setRole(171)) - 55846269-6583-45cb-807e-dad1f0ee78d3:group-B6141069E86B changes role from FOLLOWER to FOLLOWER at term 1 for recognizeCandidate:d6c5e83e-90a3-43cc-b4b7-619ef1f1607f
2019-08-27 10:38:34,199 | INFO  | SCMAudit | user=jenkins1000 | ip=192.168.5.140 | op=SEND_HEARTBEAT {datanodeUUID=18958245-7eb0-45e5-8b80-d1a4d5f9fe80, command=[]} | ret=SUCCESS |  
2019-08-27 10:38:34,199 [Thread-4764] INFO  impl.FollowerState (FollowerState.java:run(114)) - 5ec53e02-a1c2-407d-b0be-b295a4de7079: FollowerState was interrupted: java.lang.InterruptedException: sleep interrupted
2019-08-27 10:38:34,199 | INFO  | SCMAudit | user=jenkins1000 | ip=192.168.5.140 | op=SEND_HEARTBEAT {datanodeUUID=c2184b09-bc75-4b7e-aaa7-b2bff6604c2b, command=[]} | ret=SUCCESS |  
2019-08-27 10:38:34,199 [grpc-default-executor-4] INFO  impl.RoleInfo (RoleInfo.java:updateAndGet(143)) - 5ec53e02-a1c2-407d-b0be-b295a4de7079: start FollowerState
2019-08-27 10:38:34,199 [grpc-default-executor-9] INFO  impl.RoleInfo (RoleInfo.java:shutdownFollowerState(121)) - 55846269-6583-45cb-807e-dad1f0ee78d3: shutdown FollowerState
2019-08-27 10:38:34,201 [grpc-default-executor-9] INFO  impl.RoleInfo (RoleInfo.java:updateAndGet(143)) - 55846269-6583-45cb-807e-dad1f0ee78d3: start FollowerState
2019-08-27 10:38:34,201 [Thread-4759] INFO  impl.FollowerState (FollowerState.java:run(114)) - 55846269-6583-45cb-807e-dad1f0ee78d3: FollowerState was interrupted: java.lang.InterruptedException: sleep interrupted
2019-08-27 10:38:34,221 | INFO  | DNAudit | user=null | ip=null | op=WRITE_CHUNK {blockData=conID: 1 locID: 102688509788487703 bcsId: 0} | ret=SUCCESS |  
2019-08-27 10:38:34,223 [f12a520e-da2a-467c-b7aa-1b00d63be15e-SegmentedRaftLogWorker:Storage Directory /workdir/hadoop-ozone/integration-test/target/test-dir/MiniOzoneClusterImpl-c15ae153-fb36-4826-a287-e4cef41ee116/datanode-4/data/ratis/3a4b7aa5-9ba2-4b60-8971-fc400c6fa396] INFO  segmented.SegmentedRaftLogWorker (SegmentedRaftLogWorker.java:execute(569)) - f12a520e-da2a-467c-b7aa-1b00d63be15e-SegmentedRaftLogWorker:Storage Directory /workdir/hadoop-ozone/integration-test/target/test-dir/MiniOzoneClusterImpl-c15ae153-fb36-4826-a287-e4cef41ee116/datanode-4/data/ratis/3a4b7aa5-9ba2-4b60-8971-fc400c6fa396: created new log segment /workdir/hadoop-ozone/integration-test/target/test-dir/MiniOzoneClusterImpl-c15ae153-fb36-4826-a287-e4cef41ee116/datanode-4/data/ratis/3a4b7aa5-9ba2-4b60-8971-fc400c6fa396/current/log_inprogress_0
2019-08-27 10:38:34,223 [55846269-6583-45cb-807e-dad1f0ee78d3-SegmentedRaftLogWorker:Storage Directory /workdir/hadoop-ozone/integration-test/target/test-dir/MiniOzoneClusterImpl-c15ae153-fb36-4826-a287-e4cef41ee116/datanode-5/data/ratis/f28106ab-1d00-4161-a089-d884d908617c] INFO  segmented.SegmentedRaftLogWorker (SegmentedRaftLogWorker.java:execute(569)) - 55846269-6583-45cb-807e-dad1f0ee78d3-SegmentedRaftLogWorker:Storage Directory /workdir/hadoop-ozone/integration-test/target/test-dir/MiniOzoneClusterImpl-c15ae153-fb36-4826-a287-e4cef41ee116/datanode-5/data/ratis/f28106ab-1d00-4161-a089-d884d908617c: created new log segment /workdir/hadoop-ozone/integration-test/target/test-dir/MiniOzoneClusterImpl-c15ae153-fb36-4826-a287-e4cef41ee116/datanode-5/data/ratis/f28106ab-1d00-4161-a089-d884d908617c/current/log_inprogress_0
2019-08-27 10:38:34,223 [grpc-default-executor-4] INFO  client.GrpcClientProtocolClient (GrpcClientProtocolClient.java:onNext(255)) - client-0A12B55E87B1->8a499d08-9a52-4eaf-822d-1c8aaae5e0bd: receive RaftClientReply:client-0A12B55E87B1->8a499d08-9a52-4eaf-822d-1c8aaae5e0bd@group-E4086A2083C6, cid=270, SUCCESS, logIndex=1, commits[8a499d08-9a52-4eaf-822d-1c8aaae5e0bd:c1, c2184b09-bc75-4b7e-aaa7-b2bff6604c2b:c0, 18958245-7eb0-45e5-8b80-d1a4d5f9fe80:c0]
2019-08-27 10:38:34,224 | INFO  | DNAudit | user=null | ip=null | op=WRITE_CHUNK {blockData=conID: 1 locID: 102688509788487703 bcsId: 0} | ret=SUCCESS |  
2019-08-27 10:38:34,224 [d6c5e83e-90a3-43cc-b4b7-619ef1f1607f:group-B6141069E86B:LeaderElection101] INFO  impl.LeaderElection (LeaderElection.java:logAndReturn(56)) - d6c5e83e-90a3-43cc-b4b7-619ef1f1607f:group-B6141069E86B:LeaderElection101: Election PASSED; received 1 response(s) [d6c5e83e-90a3-43cc-b4b7-619ef1f1607f<-5ec53e02-a1c2-407d-b0be-b295a4de7079#0:OK-t1] and 0 exception(s); d6c5e83e-90a3-43cc-b4b7-619ef1f1607f:t1, leader=null, voted=d6c5e83e-90a3-43cc-b4b7-619ef1f1607f, raftlog=d6c5e83e-90a3-43cc-b4b7-619ef1f1607f-SegmentedRaftLog:OPENED:c-1,f-1,i0, conf=-1: [5ec53e02-a1c2-407d-b0be-b295a4de7079:192.168.5.140:41259, d6c5e83e-90a3-43cc-b4b7-619ef1f1607f:192.168.5.140:35498, 55846269-6583-45cb-807e-dad1f0ee78d3:192.168.5.140:40107], old=null
2019-08-27 10:38:34,224 | INFO  | DNAudit | user=null | ip=null | op=WRITE_CHUNK {blockData=conID: 1 locID: 102688509788487703 bcsId: 0} | ret=SUCCESS |  
2019-08-27 10:38:34,224 [d6c5e83e-90a3-43cc-b4b7-619ef1f1607f:group-B6141069E86B:LeaderElection101] INFO  impl.RoleInfo (RoleInfo.java:shutdownLeaderElection(134)) - d6c5e83e-90a3-43cc-b4b7-619ef1f1607f: shutdown LeaderElection
2019-08-27 10:38:34,224 [d6c5e83e-90a3-43cc-b4b7-619ef1f1607f:group-B6141069E86B:LeaderElection101] INFO  impl.RaftServerImpl (RaftServerImpl.java:setRole(171)) - d6c5e83e-90a3-43cc-b4b7-619ef1f1607f:group-B6141069E86B changes role from CANDIDATE to LEADER at term 1 for changeToLeader
2019-08-27 10:38:34,224 [d6c5e83e-90a3-43cc-b4b7-619ef1f1607f:group-B6141069E86B:LeaderElection101] INFO  impl.RaftServerImpl (ServerState.java:setLeader(263)) - d6c5e83e-90a3-43cc-b4b7-619ef1f1607f:group-B6141069E86B change Leader from null to d6c5e83e-90a3-43cc-b4b7-619ef1f1607f at term 1 for becomeLeader, leader elected after 5134ms
2019-08-27 10:38:34,224 [d6c5e83e-90a3-43cc-b4b7-619ef1f1607f:group-B6141069E86B:LeaderElection101] INFO  server.RaftServerConfigKeys (ConfUtils.java:logGet(43)) - raft.server.staging.catchup.gap = 1000 (default)
2019-08-27 10:38:34,227 [d6c5e83e-90a3-43cc-b4b7-619ef1f1607f:group-B6141069E86B:LeaderElection101] INFO  server.RaftServerConfigKeys (ConfUtils.java:logGet(43)) - raft.server.rpc.sleep.time = 25ms (default)
2019-08-27 10:38:34,227 [d6c5e83e-90a3-43cc-b4b7-619ef1f1607f:group-B6141069E86B:LeaderElection101] INFO  server.RaftServerConfigKeys (ConfUtils.java:logGet(43)) - raft.server.write.element-limit = 4096 (default)
2019-08-27 10:38:34,227 [d6c5e83e-90a3-43cc-b4b7-619ef1f1607f:group-B6141069E86B:LeaderElection101] INFO  server.RaftServerConfigKeys (ConfUtils.java:logGet(43)) - raft.server.watch.timeout = 10s (default)
2019-08-27 10:38:34,227 [d6c5e83e-90a3-43cc-b4b7-619ef1f1607f:group-B6141069E86B:LeaderElection101] INFO  server.RaftServerConfigKeys (ConfUtils.java:logGet(43)) - raft.server.watch.timeout.denomination = 1s (default)
2019-08-27 10:38:34,227 [d6c5e83e-90a3-43cc-b4b7-619ef1f1607f:group-B6141069E86B:LeaderElection101] INFO  server.RaftServerConfigKeys (ConfUtils.java:logGet(43)) - raft.server.watch.element-limit = 65536 (default)
2019-08-27 10:38:34,227 | INFO  | DNAudit | user=null | ip=null | op=WRITE_CHUNK {blockData=conID: 1 locID: 102688509788487703 bcsId: 0} | ret=SUCCESS |  
2019-08-27 10:38:34,227 [d6c5e83e-90a3-43cc-b4b7-619ef1f1607f:group-B6141069E86B:LeaderElection101] INFO  server.RaftServerConfigKeys (ConfUtils.java:logGet(43)) - raft.server.log.appender.snapshot.chunk.size.max = 16MB (=16777216) (default)
2019-08-27 10:38:34,227 [d6c5e83e-90a3-43cc-b4b7-619ef1f1607f:group-B6141069E86B:LeaderElection101] INFO  server.RaftServerConfigKeys (ConfUtils.java:logGet(43)) - raft.server.log.appender.buffer.byte-limit = 33554432 (custom)
2019-08-27 10:38:34,227 [d6c5e83e-90a3-43cc-b4b7-619ef1f1607f:group-B6141069E86B:LeaderElection101] INFO  server.RaftServerConfigKeys (ConfUtils.java:logGet(43)) - raft.server.log.appender.buffer.element-limit = 1 (custom)
2019-08-27 10:38:34,228 [d6c5e83e-90a3-43cc-b4b7-619ef1f1607f:group-B6141069E86B:LeaderElection101] INFO  grpc.GrpcConfigKeys$Server (ConfUtils.java:logGet(43)) - raft.grpc.server.leader.outstanding.appends.max = 128 (default)
2019-08-27 10:38:34,228 [d6c5e83e-90a3-43cc-b4b7-619ef1f1607f:group-B6141069E86B:LeaderElection101] INFO  server.RaftServerConfigKeys (ConfUtils.java:logGet(43)) - raft.server.rpc.request.timeout = 3000ms (default)
2019-08-27 10:38:34,228 [d6c5e83e-90a3-43cc-b4b7-619ef1f1607f:group-B6141069E86B:LeaderElection101] INFO  server.RaftServerConfigKeys (ConfUtils.java:logGet(43)) - raft.server.log.appender.install.snapshot.enabled = false (custom)
2019-08-27 10:38:34,228 | INFO  | DNAudit | user=null | ip=null | op=WRITE_CHUNK {blockData=conID: 1 locID: 102688509788487703 bcsId: 0} | ret=SUCCESS |  
2019-08-27 10:38:34,228 | INFO  | DNAudit | user=null | ip=null | op=WRITE_CHUNK {blockData=conID: 1 locID: 102688509788487703 bcsId: 0} | ret=SUCCESS |  
2019-08-27 10:38:34,228 [d6c5e83e-90a3-43cc-b4b7-619ef1f1607f:group-B6141069E86B:LeaderElection101] INFO  server.RaftServerConfigKeys (ConfUtils.java:logGet(43)) - raft.server.log.appender.snapshot.chunk.size.max = 16MB (=16777216) (default)
2019-08-27 10:38:34,228 [d6c5e83e-90a3-43cc-b4b7-619ef1f1607f:group-B6141069E86B:LeaderElection101] INFO  server.RaftServerConfigKeys (ConfUtils.java:logGet(43)) - raft.server.log.appender.buffer.byte-limit = 33554432 (custom)
2019-08-27 10:38:34,228 [d6c5e83e-90a3-43cc-b4b7-619ef1f1607f:group-B6141069E86B:LeaderElection101] INFO  server.RaftServerConfigKeys (ConfUtils.java:logGet(43)) - raft.server.log.appender.buffer.element-limit = 1 (custom)
2019-08-27 10:38:34,229 [d6c5e83e-90a3-43cc-b4b7-619ef1f1607f:group-B6141069E86B:LeaderElection101] INFO  grpc.GrpcConfigKeys$Server (ConfUtils.java:logGet(43)) - raft.grpc.server.leader.outstanding.appends.max = 128 (default)
2019-08-27 10:38:34,229 [d6c5e83e-90a3-43cc-b4b7-619ef1f1607f:group-B6141069E86B:LeaderElection101] INFO  server.RaftServerConfigKeys (ConfUtils.java:logGet(43)) - raft.server.rpc.request.timeout = 3000ms (default)
2019-08-27 10:38:34,229 [d6c5e83e-90a3-43cc-b4b7-619ef1f1607f:group-B6141069E86B:LeaderElection101] INFO  server.RaftServerConfigKeys (ConfUtils.java:logGet(43)) - raft.server.log.appender.install.snapshot.enabled = false (custom)
2019-08-27 10:38:34,229 [d6c5e83e-90a3-43cc-b4b7-619ef1f1607f:group-B6141069E86B:LeaderElection101] INFO  impl.RoleInfo (RoleInfo.java:updateAndGet(143)) - d6c5e83e-90a3-43cc-b4b7-619ef1f1607f: start LeaderState
2019-08-27 10:38:34,229 [d6c5e83e-90a3-43cc-b4b7-619ef1f1607f:group-B6141069E86B:LeaderElection101] INFO  segmented.SegmentedRaftLogWorker (SegmentedRaftLogWorker.java:startLogSegment(380)) - d6c5e83e-90a3-43cc-b4b7-619ef1f1607f-SegmentedRaftLogWorker:Storage Directory /workdir/hadoop-ozone/integration-test/target/test-dir/MiniOzoneClusterImpl-c15ae153-fb36-4826-a287-e4cef41ee116/datanode-3/data/ratis/43fa28c7-05fe-4b32-bac7-b6141069e86b: Starting segment from index:0
2019-08-27 10:38:34,230 [d6c5e83e-90a3-43cc-b4b7-619ef1f1607f:group-B6141069E86B:LeaderElection101] INFO  impl.RaftServerImpl (ServerState.java:setRaftConf(361)) - d6c5e83e-90a3-43cc-b4b7-619ef1f1607f:group-B6141069E86B set configuration 0: [5ec53e02-a1c2-407d-b0be-b295a4de7079:192.168.5.140:41259, d6c5e83e-90a3-43cc-b4b7-619ef1f1607f:192.168.5.140:35498, 55846269-6583-45cb-807e-dad1f0ee78d3:192.168.5.140:40107], old=null at 0
2019-08-27 10:38:34,256 [grpc-default-executor-4] INFO  impl.RaftServerImpl (ServerState.java:setLeader(263)) - 55846269-6583-45cb-807e-dad1f0ee78d3:group-B6141069E86B change Leader from null to d6c5e83e-90a3-43cc-b4b7-619ef1f1607f at term 1 for appendEntries, leader elected after 5166ms
2019-08-27 10:38:34,257 [grpc-default-executor-4] INFO  impl.RaftServerImpl (ServerState.java:setLeader(263)) - 5ec53e02-a1c2-407d-b0be-b295a4de7079:group-B6141069E86B change Leader from null to d6c5e83e-90a3-43cc-b4b7-619ef1f1607f at term 1 for appendEntries, leader elected after 5167ms
2019-08-27 10:38:34,263 | INFO  | DNAudit | user=null | ip=null | op=WRITE_CHUNK {blockData=conID: 1 locID: 102688509788487703 bcsId: 0} | ret=SUCCESS |  
2019-08-27 10:38:34,263 [grpc-default-executor-9] INFO  impl.RaftServerImpl (ServerState.java:setRaftConf(361)) - 55846269-6583-45cb-807e-dad1f0ee78d3:group-B6141069E86B set configuration 0: [5ec53e02-a1c2-407d-b0be-b295a4de7079:192.168.5.140:41259, d6c5e83e-90a3-43cc-b4b7-619ef1f1607f:192.168.5.140:35498, 55846269-6583-45cb-807e-dad1f0ee78d3:192.168.5.140:40107], old=null at 0
2019-08-27 10:38:34,265 [grpc-default-executor-9] INFO  segmented.SegmentedRaftLogWorker (SegmentedRaftLogWorker.java:startLogSegment(380)) - 55846269-6583-45cb-807e-dad1f0ee78d3-SegmentedRaftLogWorker:Storage Directory /workdir/hadoop-ozone/integration-test/target/test-dir/MiniOzoneClusterImpl-c15ae153-fb36-4826-a287-e4cef41ee116/datanode-5/data/ratis/43fa28c7-05fe-4b32-bac7-b6141069e86b: Starting segment from index:0
2019-08-27 10:38:34,265 [grpc-default-executor-3] INFO  impl.RaftServerImpl (ServerState.java:setRaftConf(361)) - 5ec53e02-a1c2-407d-b0be-b295a4de7079:group-B6141069E86B set configuration 0: [5ec53e02-a1c2-407d-b0be-b295a4de7079:192.168.5.140:41259, d6c5e83e-90a3-43cc-b4b7-619ef1f1607f:192.168.5.140:35498, 55846269-6583-45cb-807e-dad1f0ee78d3:192.168.5.140:40107], old=null at 0
2019-08-27 10:38:34,266 [grpc-default-executor-8] INFO  client.GrpcClientProtocolClient (GrpcClientProtocolClient.java:onNext(255)) - client-0A12B55E87B1->8a499d08-9a52-4eaf-822d-1c8aaae5e0bd: receive RaftClientReply:client-0A12B55E87B1->8a499d08-9a52-4eaf-822d-1c8aaae5e0bd@group-E4086A2083C6, cid=271, SUCCESS, logIndex=3, commits[8a499d08-9a52-4eaf-822d-1c8aaae5e0bd:c3, c2184b09-bc75-4b7e-aaa7-b2bff6604c2b:c2, 18958245-7eb0-45e5-8b80-d1a4d5f9fe80:c2]
2019-08-27 10:38:34,266 [grpc-default-executor-3] INFO  segmented.SegmentedRaftLogWorker (SegmentedRaftLogWorker.java:startLogSegment(380)) - 5ec53e02-a1c2-407d-b0be-b295a4de7079-SegmentedRaftLogWorker:Storage Directory /workdir/hadoop-ozone/integration-test/target/test-dir/MiniOzoneClusterImpl-c15ae153-fb36-4826-a287-e4cef41ee116/datanode-6/data/ratis/43fa28c7-05fe-4b32-bac7-b6141069e86b: Starting segment from index:0
2019-08-27 10:38:34,268 | INFO  | DNAudit | user=null | ip=null | op=WRITE_CHUNK {blockData=conID: 1 locID: 102688509788487703 bcsId: 0} | ret=SUCCESS |  
2019-08-27 10:38:34,268 | INFO  | DNAudit | user=null | ip=null | op=WRITE_CHUNK {blockData=conID: 1 locID: 102688509788487703 bcsId: 0} | ret=SUCCESS |  
2019-08-27 10:38:34,269 [d6c5e83e-90a3-43cc-b4b7-619ef1f1607f-SegmentedRaftLogWorker:Storage Directory /workdir/hadoop-ozone/integration-test/target/test-dir/MiniOzoneClusterImpl-c15ae153-fb36-4826-a287-e4cef41ee116/datanode-3/data/ratis/43fa28c7-05fe-4b32-bac7-b6141069e86b] INFO  segmented.SegmentedRaftLogWorker (SegmentedRaftLogWorker.java:execute(569)) - d6c5e83e-90a3-43cc-b4b7-619ef1f1607f-SegmentedRaftLogWorker:Storage Directory /workdir/hadoop-ozone/integration-test/target/test-dir/MiniOzoneClusterImpl-c15ae153-fb36-4826-a287-e4cef41ee116/datanode-3/data/ratis/43fa28c7-05fe-4b32-bac7-b6141069e86b: created new log segment /workdir/hadoop-ozone/integration-test/target/test-dir/MiniOzoneClusterImpl-c15ae153-fb36-4826-a287-e4cef41ee116/datanode-3/data/ratis/43fa28c7-05fe-4b32-bac7-b6141069e86b/current/log_inprogress_0
2019-08-27 10:38:34,312 [5ec53e02-a1c2-407d-b0be-b295a4de7079-SegmentedRaftLogWorker:Storage Directory /workdir/hadoop-ozone/integration-test/target/test-dir/MiniOzoneClusterImpl-c15ae153-fb36-4826-a287-e4cef41ee116/datanode-6/data/ratis/43fa28c7-05fe-4b32-bac7-b6141069e86b] INFO  segmented.SegmentedRaftLogWorker (SegmentedRaftLogWorker.java:execute(569)) - 5ec53e02-a1c2-407d-b0be-b295a4de7079-SegmentedRaftLogWorker:Storage Directory /workdir/hadoop-ozone/integration-test/target/test-dir/MiniOzoneClusterImpl-c15ae153-fb36-4826-a287-e4cef41ee116/datanode-6/data/ratis/43fa28c7-05fe-4b32-bac7-b6141069e86b: created new log segment /workdir/hadoop-ozone/integration-test/target/test-dir/MiniOzoneClusterImpl-c15ae153-fb36-4826-a287-e4cef41ee116/datanode-6/data/ratis/43fa28c7-05fe-4b32-bac7-b6141069e86b/current/log_inprogress_0
2019-08-27 10:38:34,312 [55846269-6583-45cb-807e-dad1f0ee78d3-SegmentedRaftLogWorker:Storage Directory /workdir/hadoop-ozone/integration-test/target/test-dir/MiniOzoneClusterImpl-c15ae153-fb36-4826-a287-e4cef41ee116/datanode-5/data/ratis/43fa28c7-05fe-4b32-bac7-b6141069e86b] INFO  segmented.SegmentedRaftLogWorker (SegmentedRaftLogWorker.java:execute(569)) - 55846269-6583-45cb-807e-dad1f0ee78d3-SegmentedRaftLogWorker:Storage Directory /workdir/hadoop-ozone/integration-test/target/test-dir/MiniOzoneClusterImpl-c15ae153-fb36-4826-a287-e4cef41ee116/datanode-5/data/ratis/43fa28c7-05fe-4b32-bac7-b6141069e86b: created new log segment /workdir/hadoop-ozone/integration-test/target/test-dir/MiniOzoneClusterImpl-c15ae153-fb36-4826-a287-e4cef41ee116/datanode-5/data/ratis/43fa28c7-05fe-4b32-bac7-b6141069e86b/current/log_inprogress_0
2019-08-27 10:38:34,315 | INFO  | DNAudit | user=null | ip=null | op=PUT_BLOCK {blockData=[blockId=conID: 1 locID: 102688509788487703 bcsId: 0,size=167]} | ret=SUCCESS |  
2019-08-27 10:38:34,316 [grpc-default-executor-8] INFO  client.GrpcClientProtocolClient (GrpcClientProtocolClient.java:onNext(255)) - client-0A12B55E87B1->8a499d08-9a52-4eaf-822d-1c8aaae5e0bd: receive RaftClientReply:client-0A12B55E87B1->8a499d08-9a52-4eaf-822d-1c8aaae5e0bd@group-E4086A2083C6, cid=272, SUCCESS, logIndex=4, commits[8a499d08-9a52-4eaf-822d-1c8aaae5e0bd:c6, c2184b09-bc75-4b7e-aaa7-b2bff6604c2b:c3, 18958245-7eb0-45e5-8b80-d1a4d5f9fe80:c3]
2019-08-27 10:38:34,327 | INFO  | SCMAudit | user=jenkins1000 | ip=192.168.5.140 | op=SEND_HEARTBEAT {datanodeUUID=d6c5e83e-90a3-43cc-b4b7-619ef1f1607f, command=[]} | ret=SUCCESS |  
2019-08-27 10:38:34,541 | INFO  | SCMAudit | user=jenkins1000 | ip=192.168.5.140 | op=SEND_HEARTBEAT {datanodeUUID=f12a520e-da2a-467c-b7aa-1b00d63be15e, command=[]} | ret=SUCCESS |  
2019-08-27 10:38:34,860 | INFO  | SCMAudit | user=jenkins1000 | ip=192.168.5.140 | op=SEND_HEARTBEAT {datanodeUUID=55846269-6583-45cb-807e-dad1f0ee78d3, command=[]} | ret=SUCCESS |  
2019-08-27 10:38:34,926 | INFO  | SCMAudit | user=jenkins1000 | ip=192.168.5.140 | op=SEND_HEARTBEAT {datanodeUUID=5ec53e02-a1c2-407d-b0be-b295a4de7079, command=[]} | ret=SUCCESS |  
2019-08-27 10:38:35,154 | INFO  | SCMAudit | user=jenkins1000 | ip=192.168.5.140 | op=SEND_HEARTBEAT {datanodeUUID=8a499d08-9a52-4eaf-822d-1c8aaae5e0bd, command=[]} | ret=SUCCESS |  
2019-08-27 10:38:35,199 | INFO  | SCMAudit | user=jenkins1000 | ip=192.168.5.140 | op=SEND_HEARTBEAT {datanodeUUID=c2184b09-bc75-4b7e-aaa7-b2bff6604c2b, command=[]} | ret=SUCCESS |  
2019-08-27 10:38:35,199 | INFO  | SCMAudit | user=jenkins1000 | ip=192.168.5.140 | op=SEND_HEARTBEAT {datanodeUUID=18958245-7eb0-45e5-8b80-d1a4d5f9fe80, command=[]} | ret=SUCCESS |  
2019-08-27 10:38:35,317 [main] WARN  scm.XceiverClientRatis (XceiverClientRatis.java:watchForCommit(262)) - 3 way commit failed on pipeline Pipeline[ Id: a8fb22a9-bcf5-433f-a7a9-e4086a2083c6, Nodes: 8a499d08-9a52-4eaf-822d-1c8aaae5e0bd{ip: 192.168.5.140, host: pr-hdds-1982-decom-states-5k2nc-2490103652, networkLocation: /default-rack, certSerialId: null}18958245-7eb0-45e5-8b80-d1a4d5f9fe80{ip: 192.168.5.140, host: pr-hdds-1982-decom-states-5k2nc-2490103652, networkLocation: /default-rack, certSerialId: null}c2184b09-bc75-4b7e-aaa7-b2bff6604c2b{ip: 192.168.5.140, host: pr-hdds-1982-decom-states-5k2nc-2490103652, networkLocation: /default-rack, certSerialId: null}, Type:RATIS, Factor:THREE, State:OPEN]
java.util.concurrent.TimeoutException
	at java.util.concurrent.CompletableFuture.timedGet(CompletableFuture.java:1771)
	at java.util.concurrent.CompletableFuture.get(CompletableFuture.java:1915)
	at org.apache.hadoop.hdds.scm.XceiverClientRatis.watchForCommit(XceiverClientRatis.java:259)
	at org.apache.hadoop.hdds.scm.storage.CommitWatcher.watchForCommit(CommitWatcher.java:194)
	at org.apache.hadoop.hdds.scm.storage.CommitWatcher.watchOnLastIndex(CommitWatcher.java:157)
	at org.apache.hadoop.hdds.scm.storage.BlockOutputStream.watchForCommit(BlockOutputStream.java:347)
	at org.apache.hadoop.hdds.scm.storage.BlockOutputStream.handleFlush(BlockOutputStream.java:479)
	at org.apache.hadoop.hdds.scm.storage.BlockOutputStream.flush(BlockOutputStream.java:428)
	at org.apache.hadoop.ozone.client.io.BlockOutputStreamEntry.flush(BlockOutputStreamEntry.java:136)
	at org.apache.hadoop.ozone.client.io.KeyOutputStream.handleFlushOrClose(KeyOutputStream.java:442)
	at org.apache.hadoop.ozone.client.io.KeyOutputStream.flush(KeyOutputStream.java:396)
	at org.apache.hadoop.ozone.client.io.OzoneOutputStream.flush(OzoneOutputStream.java:54)
	at org.apache.hadoop.ozone.client.rpc.TestBlockOutputStreamWithFailures.testExceptionDuringClose(TestBlockOutputStreamWithFailures.java:720)
	at sun.reflect.NativeMethodAccessorImpl.invoke0(Native Method)
	at sun.reflect.NativeMethodAccessorImpl.invoke(NativeMethodAccessorImpl.java:62)
	at sun.reflect.DelegatingMethodAccessorImpl.invoke(DelegatingMethodAccessorImpl.java:43)
	at java.lang.reflect.Method.invoke(Method.java:498)
	at org.junit.runners.model.FrameworkMethod$1.runReflectiveCall(FrameworkMethod.java:47)
	at org.junit.internal.runners.model.ReflectiveCallable.run(ReflectiveCallable.java:12)
	at org.junit.runners.model.FrameworkMethod.invokeExplosively(FrameworkMethod.java:44)
	at org.junit.internal.runners.statements.InvokeMethod.evaluate(InvokeMethod.java:17)
	at org.junit.internal.runners.statements.RunBefores.evaluate(RunBefores.java:26)
	at org.junit.internal.runners.statements.RunAfters.evaluate(RunAfters.java:27)
	at org.junit.runners.ParentRunner.runLeaf(ParentRunner.java:271)
	at org.junit.runners.BlockJUnit4ClassRunner.runChild(BlockJUnit4ClassRunner.java:70)
	at org.junit.runners.BlockJUnit4ClassRunner.runChild(BlockJUnit4ClassRunner.java:50)
	at org.junit.runners.ParentRunner$3.run(ParentRunner.java:238)
	at org.junit.runners.ParentRunner$1.schedule(ParentRunner.java:63)
	at org.junit.runners.ParentRunner.runChildren(ParentRunner.java:236)
	at org.junit.runners.ParentRunner.access$000(ParentRunner.java:53)
	at org.junit.runners.ParentRunner$2.evaluate(ParentRunner.java:229)
	at org.junit.runners.ParentRunner.run(ParentRunner.java:309)
	at org.apache.maven.surefire.junit4.JUnit4Provider.execute(JUnit4Provider.java:365)
	at org.apache.maven.surefire.junit4.JUnit4Provider.executeWithRerun(JUnit4Provider.java:273)
	at org.apache.maven.surefire.junit4.JUnit4Provider.executeTestSet(JUnit4Provider.java:238)
	at org.apache.maven.surefire.junit4.JUnit4Provider.invoke(JUnit4Provider.java:159)
	at org.apache.maven.surefire.booter.ForkedBooter.invokeProviderInSameClassLoader(ForkedBooter.java:384)
	at org.apache.maven.surefire.booter.ForkedBooter.runSuitesInProcess(ForkedBooter.java:345)
	at org.apache.maven.surefire.booter.ForkedBooter.execute(ForkedBooter.java:126)
	at org.apache.maven.surefire.booter.ForkedBooter.main(ForkedBooter.java:418)
2019-08-27 10:38:35,327 | INFO  | SCMAudit | user=jenkins1000 | ip=192.168.5.140 | op=SEND_HEARTBEAT {datanodeUUID=d6c5e83e-90a3-43cc-b4b7-619ef1f1607f, command=[]} | ret=SUCCESS |  
2019-08-27 10:38:35,541 | INFO  | SCMAudit | user=jenkins1000 | ip=192.168.5.140 | op=SEND_HEARTBEAT {datanodeUUID=f12a520e-da2a-467c-b7aa-1b00d63be15e, command=[]} | ret=SUCCESS |  
2019-08-27 10:38:35,860 | INFO  | SCMAudit | user=jenkins1000 | ip=192.168.5.140 | op=SEND_HEARTBEAT {datanodeUUID=55846269-6583-45cb-807e-dad1f0ee78d3, command=[]} | ret=SUCCESS |  
2019-08-27 10:38:35,926 | INFO  | SCMAudit | user=jenkins1000 | ip=192.168.5.140 | op=SEND_HEARTBEAT {datanodeUUID=5ec53e02-a1c2-407d-b0be-b295a4de7079, command=[]} | ret=SUCCESS |  
2019-08-27 10:38:36,154 | INFO  | SCMAudit | user=jenkins1000 | ip=192.168.5.140 | op=SEND_HEARTBEAT {datanodeUUID=8a499d08-9a52-4eaf-822d-1c8aaae5e0bd, command=[]} | ret=SUCCESS |  
2019-08-27 10:38:36,199 | INFO  | SCMAudit | user=jenkins1000 | ip=192.168.5.140 | op=SEND_HEARTBEAT {datanodeUUID=c2184b09-bc75-4b7e-aaa7-b2bff6604c2b, command=[]} | ret=SUCCESS |  
2019-08-27 10:38:36,199 | INFO  | SCMAudit | user=jenkins1000 | ip=192.168.5.140 | op=SEND_HEARTBEAT {datanodeUUID=18958245-7eb0-45e5-8b80-d1a4d5f9fe80, command=[]} | ret=SUCCESS |  
2019-08-27 10:38:36,321 [main] WARN  storage.CommitWatcher (CommitWatcher.java:watchForCommit(203)) - watchForCommit failed for index 4
java.util.concurrent.TimeoutException
	at java.util.concurrent.CompletableFuture.timedGet(CompletableFuture.java:1771)
	at java.util.concurrent.CompletableFuture.get(CompletableFuture.java:1915)
	at org.apache.hadoop.hdds.scm.XceiverClientRatis.watchForCommit(XceiverClientRatis.java:268)
	at org.apache.hadoop.hdds.scm.storage.CommitWatcher.watchForCommit(CommitWatcher.java:194)
	at org.apache.hadoop.hdds.scm.storage.CommitWatcher.watchOnLastIndex(CommitWatcher.java:157)
	at org.apache.hadoop.hdds.scm.storage.BlockOutputStream.watchForCommit(BlockOutputStream.java:347)
	at org.apache.hadoop.hdds.scm.storage.BlockOutputStream.handleFlush(BlockOutputStream.java:479)
	at org.apache.hadoop.hdds.scm.storage.BlockOutputStream.flush(BlockOutputStream.java:428)
	at org.apache.hadoop.ozone.client.io.BlockOutputStreamEntry.flush(BlockOutputStreamEntry.java:136)
	at org.apache.hadoop.ozone.client.io.KeyOutputStream.handleFlushOrClose(KeyOutputStream.java:442)
	at org.apache.hadoop.ozone.client.io.KeyOutputStream.flush(KeyOutputStream.java:396)
	at org.apache.hadoop.ozone.client.io.OzoneOutputStream.flush(OzoneOutputStream.java:54)
	at org.apache.hadoop.ozone.client.rpc.TestBlockOutputStreamWithFailures.testExceptionDuringClose(TestBlockOutputStreamWithFailures.java:720)
	at sun.reflect.NativeMethodAccessorImpl.invoke0(Native Method)
	at sun.reflect.NativeMethodAccessorImpl.invoke(NativeMethodAccessorImpl.java:62)
	at sun.reflect.DelegatingMethodAccessorImpl.invoke(DelegatingMethodAccessorImpl.java:43)
	at java.lang.reflect.Method.invoke(Method.java:498)
	at org.junit.runners.model.FrameworkMethod$1.runReflectiveCall(FrameworkMethod.java:47)
	at org.junit.internal.runners.model.ReflectiveCallable.run(ReflectiveCallable.java:12)
	at org.junit.runners.model.FrameworkMethod.invokeExplosively(FrameworkMethod.java:44)
	at org.junit.internal.runners.statements.InvokeMethod.evaluate(InvokeMethod.java:17)
	at org.junit.internal.runners.statements.RunBefores.evaluate(RunBefores.java:26)
	at org.junit.internal.runners.statements.RunAfters.evaluate(RunAfters.java:27)
	at org.junit.runners.ParentRunner.runLeaf(ParentRunner.java:271)
	at org.junit.runners.BlockJUnit4ClassRunner.runChild(BlockJUnit4ClassRunner.java:70)
	at org.junit.runners.BlockJUnit4ClassRunner.runChild(BlockJUnit4ClassRunner.java:50)
	at org.junit.runners.ParentRunner$3.run(ParentRunner.java:238)
	at org.junit.runners.ParentRunner$1.schedule(ParentRunner.java:63)
	at org.junit.runners.ParentRunner.runChildren(ParentRunner.java:236)
	at org.junit.runners.ParentRunner.access$000(ParentRunner.java:53)
	at org.junit.runners.ParentRunner$2.evaluate(ParentRunner.java:229)
	at org.junit.runners.ParentRunner.run(ParentRunner.java:309)
	at org.apache.maven.surefire.junit4.JUnit4Provider.execute(JUnit4Provider.java:365)
	at org.apache.maven.surefire.junit4.JUnit4Provider.executeWithRerun(JUnit4Provider.java:273)
	at org.apache.maven.surefire.junit4.JUnit4Provider.executeTestSet(JUnit4Provider.java:238)
	at org.apache.maven.surefire.junit4.JUnit4Provider.invoke(JUnit4Provider.java:159)
	at org.apache.maven.surefire.booter.ForkedBooter.invokeProviderInSameClassLoader(ForkedBooter.java:384)
	at org.apache.maven.surefire.booter.ForkedBooter.runSuitesInProcess(ForkedBooter.java:345)
	at org.apache.maven.surefire.booter.ForkedBooter.execute(ForkedBooter.java:126)
	at org.apache.maven.surefire.booter.ForkedBooter.main(ForkedBooter.java:418)
2019-08-27 10:38:36,322 [main] WARN  io.KeyOutputStream (KeyOutputStream.java:handleException(276)) - Encountered exception java.io.IOException: Unexpected Storage Container Exception: java.io.IOException: Unexpected Storage Container Exception: java.util.concurrent.TimeoutException on the pipeline Pipeline[ Id: a8fb22a9-bcf5-433f-a7a9-e4086a2083c6, Nodes: 8a499d08-9a52-4eaf-822d-1c8aaae5e0bd{ip: 192.168.5.140, host: pr-hdds-1982-decom-states-5k2nc-2490103652, networkLocation: /default-rack, certSerialId: null}18958245-7eb0-45e5-8b80-d1a4d5f9fe80{ip: 192.168.5.140, host: pr-hdds-1982-decom-states-5k2nc-2490103652, networkLocation: /default-rack, certSerialId: null}c2184b09-bc75-4b7e-aaa7-b2bff6604c2b{ip: 192.168.5.140, host: pr-hdds-1982-decom-states-5k2nc-2490103652, networkLocation: /default-rack, certSerialId: null}, Type:RATIS, Factor:THREE, State:OPEN]. The last committed block length is 0, uncommitted data length is 167 retry count 0
2019-08-27 10:38:36,327 | INFO  | SCMAudit | user=jenkins1000 | ip=192.168.5.140 | op=SEND_HEARTBEAT {datanodeUUID=d6c5e83e-90a3-43cc-b4b7-619ef1f1607f, command=[]} | ret=SUCCESS |  
2019-08-27 10:38:36,332 | INFO  | SCMAudit | user=jenkins1000 | ip=192.168.5.140 | op=ALLOCATE_BLOCK {owner=1d033973-b84e-4e35-b37f-e7e0d88253b6, size=800, type=RATIS, factor=THREE} | ret=SUCCESS |  
2019-08-27 10:38:36,333 | INFO  | OMAudit | user=jenkins1000 | ip=127.0.0.1 | op=ALLOCATE_BLOCK {volume=testblockoutputstream, bucket=testblockoutputstream, key=eb697bfd-229c-4d7e-b9d0-a6f9e95591b2, dataSize=0, replicationType=null, replicationFactor=null, keyLocationInfo=null, clientID=102688509788225558} | ret=SUCCESS |  
2019-08-27 10:38:36,482 | INFO  | DNAudit | user=null | ip=null | op=WRITE_CHUNK {blockData=conID: 2 locID: 102688510203068440 bcsId: 0} | ret=SUCCESS |  
2019-08-27 10:38:36,482 | INFO  | DNAudit | user=null | ip=null | op=WRITE_CHUNK {blockData=conID: 2 locID: 102688510203068440 bcsId: 0} | ret=SUCCESS |  
2019-08-27 10:38:36,482 | INFO  | DNAudit | user=null | ip=null | op=WRITE_CHUNK {blockData=conID: 2 locID: 102688510203068440 bcsId: 0} | ret=SUCCESS |  
2019-08-27 10:38:36,483 | INFO  | SCMAudit | user=jenkins1000 | ip=192.168.5.140 | op=SEND_HEARTBEAT {datanodeUUID=d6c5e83e-90a3-43cc-b4b7-619ef1f1607f, command=[]} | ret=SUCCESS |  
2019-08-27 10:38:36,483 | INFO  | SCMAudit | user=jenkins1000 | ip=192.168.5.140 | op=SEND_HEARTBEAT {datanodeUUID=5ec53e02-a1c2-407d-b0be-b295a4de7079, command=[]} | ret=SUCCESS |  
2019-08-27 10:38:36,483 | INFO  | SCMAudit | user=jenkins1000 | ip=192.168.5.140 | op=SEND_HEARTBEAT {datanodeUUID=55846269-6583-45cb-807e-dad1f0ee78d3, command=[]} | ret=SUCCESS |  
2019-08-27 10:38:36,497 | INFO  | DNAudit | user=null | ip=null | op=WRITE_CHUNK {blockData=conID: 2 locID: 102688510203068440 bcsId: 0} | ret=SUCCESS |  
2019-08-27 10:38:36,501 [grpc-default-executor-8] INFO  client.GrpcClientProtocolClient (GrpcClientProtocolClient.java:onNext(255)) - client-5110C5D2F915->d6c5e83e-90a3-43cc-b4b7-619ef1f1607f: receive RaftClientReply:client-5110C5D2F915->d6c5e83e-90a3-43cc-b4b7-619ef1f1607f@group-B6141069E86B, cid=275, SUCCESS, logIndex=1, commits[d6c5e83e-90a3-43cc-b4b7-619ef1f1607f:c1, 5ec53e02-a1c2-407d-b0be-b295a4de7079:c0, 55846269-6583-45cb-807e-dad1f0ee78d3:c0]
2019-08-27 10:38:36,509 | INFO  | DNAudit | user=null | ip=null | op=WRITE_CHUNK {blockData=conID: 2 locID: 102688510203068440 bcsId: 0} | ret=SUCCESS |  
2019-08-27 10:38:36,510 | INFO  | DNAudit | user=null | ip=null | op=WRITE_CHUNK {blockData=conID: 2 locID: 102688510203068440 bcsId: 0} | ret=SUCCESS |  
2019-08-27 10:38:36,510 | INFO  | DNAudit | user=null | ip=null | op=WRITE_CHUNK {blockData=conID: 2 locID: 102688510203068440 bcsId: 0} | ret=SUCCESS |  
2019-08-27 10:38:36,511 | INFO  | DNAudit | user=null | ip=null | op=WRITE_CHUNK {blockData=conID: 2 locID: 102688510203068440 bcsId: 0} | ret=SUCCESS |  
2019-08-27 10:38:36,511 | INFO  | DNAudit | user=null | ip=null | op=WRITE_CHUNK {blockData=conID: 2 locID: 102688510203068440 bcsId: 0} | ret=SUCCESS |  
2019-08-27 10:38:36,528 | INFO  | DNAudit | user=null | ip=null | op=WRITE_CHUNK {blockData=conID: 2 locID: 102688510203068440 bcsId: 0} | ret=SUCCESS |  
2019-08-27 10:38:36,532 [grpc-default-executor-8] INFO  client.GrpcClientProtocolClient (GrpcClientProtocolClient.java:onNext(255)) - client-5110C5D2F915->d6c5e83e-90a3-43cc-b4b7-619ef1f1607f: receive RaftClientReply:client-5110C5D2F915->d6c5e83e-90a3-43cc-b4b7-619ef1f1607f@group-B6141069E86B, cid=276, SUCCESS, logIndex=3, commits[d6c5e83e-90a3-43cc-b4b7-619ef1f1607f:c4, 5ec53e02-a1c2-407d-b0be-b295a4de7079:c2, 55846269-6583-45cb-807e-dad1f0ee78d3:c2]
2019-08-27 10:38:36,538 | INFO  | DNAudit | user=null | ip=null | op=WRITE_CHUNK {blockData=conID: 2 locID: 102688510203068440 bcsId: 0} | ret=SUCCESS |  
2019-08-27 10:38:36,538 | INFO  | DNAudit | user=null | ip=null | op=WRITE_CHUNK {blockData=conID: 2 locID: 102688510203068440 bcsId: 0} | ret=SUCCESS |  
2019-08-27 10:38:36,541 | INFO  | SCMAudit | user=jenkins1000 | ip=192.168.5.140 | op=SEND_HEARTBEAT {datanodeUUID=f12a520e-da2a-467c-b7aa-1b00d63be15e, command=[]} | ret=SUCCESS |  
2019-08-27 10:38:36,572 | INFO  | DNAudit | user=null | ip=null | op=PUT_BLOCK {blockData=[blockId=conID: 2 locID: 102688510203068440 bcsId: 0,size=167]} | ret=SUCCESS |  
2019-08-27 10:38:36,573 [grpc-default-executor-9] INFO  client.GrpcClientProtocolClient (GrpcClientProtocolClient.java:onNext(255)) - client-5110C5D2F915->d6c5e83e-90a3-43cc-b4b7-619ef1f1607f: receive RaftClientReply:client-5110C5D2F915->d6c5e83e-90a3-43cc-b4b7-619ef1f1607f@group-B6141069E86B, cid=277, SUCCESS, logIndex=4, commits[d6c5e83e-90a3-43cc-b4b7-619ef1f1607f:c6, 5ec53e02-a1c2-407d-b0be-b295a4de7079:c4, 55846269-6583-45cb-807e-dad1f0ee78d3:c4]
2019-08-27 10:38:36,574 [main] INFO  ozone.MiniOzoneClusterImpl (MiniOzoneClusterImpl.java:shutdown(321)) - Shutting down the Mini Ozone Cluster
2019-08-27 10:38:36,575 | INFO  | SCMAudit | user=null | ip=null | op=GET_SCM_INFO null | ret=SUCCESS |  
2019-08-27 10:38:36,575 [main] INFO  ozone.MiniOzoneClusterImpl (MiniOzoneClusterImpl.java:stop(336)) - Stopping the Mini Ozone Cluster
2019-08-27 10:38:36,575 [main] INFO  ozone.MiniOzoneClusterImpl (MiniOzoneClusterImpl.java:stop(338)) - Stopping the OzoneManager
2019-08-27 10:38:36,575 [main] INFO  ipc.Server (Server.java:stop(3082)) - Stopping server on 33929
2019-08-27 10:38:36,598 [IPC Server listener on 33929] INFO  ipc.Server (Server.java:run(1185)) - Stopping IPC Server listener on 33929
2019-08-27 10:38:36,598 [main] INFO  ratis.OzoneManagerDoubleBuffer (OzoneManagerDoubleBuffer.java:stop(248)) - Stopping OMDoubleBuffer flush thread
2019-08-27 10:38:36,606 [IPC Server Responder] INFO  ipc.Server (Server.java:run(1319)) - Stopping IPC Server Responder
2019-08-27 10:38:36,635 [OMDoubleBufferFlushThread] INFO  ratis.OzoneManagerDoubleBuffer (OzoneManagerDoubleBuffer.java:flushTransactions(191)) - OMDoubleBuffer flush thread OMDoubleBufferFlushThread is interrupted and will exit. OMDoubleBufferFlushThread
2019-08-27 10:38:36,635 | INFO  | DNAudit | user=null | ip=null | op=PUT_BLOCK {blockData=[blockId=conID: 2 locID: 102688510203068440 bcsId: 0,size=167]} | ret=SUCCESS |  
2019-08-27 10:38:36,635 [main] INFO  utils.BackgroundService (BackgroundService.java:shutdown(148)) - Shutting down service KeyDeletingService
2019-08-27 10:38:36,637 [main] INFO  handler.ContextHandler (ContextHandler.java:doStop(910)) - Stopped o.e.j.w.WebAppContext@268467ab{/,null,UNAVAILABLE}{/ozoneManager}
2019-08-27 10:38:36,638 [main] INFO  server.AbstractConnector (AbstractConnector.java:doStop(318)) - Stopped ServerConnector@30aeb2b3{HTTP/1.1,[http/1.1]}{0.0.0.0:0}
2019-08-27 10:38:36,638 [main] INFO  handler.ContextHandler (ContextHandler.java:doStop(910)) - Stopped o.e.j.s.ServletContextHandler@26838837{/static,file:///workdir/hadoop-ozone/integration-test/target/test-classes/webapps/static,UNAVAILABLE}
2019-08-27 10:38:36,639 [main] INFO  handler.ContextHandler (ContextHandler.java:doStop(910)) - Stopped o.e.j.s.ServletContextHandler@2f4847d9{/logs,file:///workdir/hadoop-ozone/integration-test/target/log,UNAVAILABLE}
2019-08-27 10:38:36,642 [main] INFO  ozone.MiniOzoneClusterImpl (MiniOzoneClusterImpl.java:stop(344)) - Shutting the HddsDatanodes
2019-08-27 10:38:36,642 [main] INFO  datanode.ObjectStoreHandler (ObjectStoreHandler.java:close(155)) - Closing ObjectStoreHandler.
2019-08-27 10:38:36,642 [ForkJoinPool.commonPool-worker-1] INFO  datanode.ObjectStoreHandler (ObjectStoreHandler.java:close(155)) - Closing ObjectStoreHandler.
2019-08-27 10:38:36,642 [main] INFO  ozone.HddsDatanodeService (HddsDatanodeService.java:stop(451)) - Stopped plug-in org.apache.hadoop.ozone.web.OzoneHddsDatanodeService@4c2bcea8
2019-08-27 10:38:36,643 [ForkJoinPool.commonPool-worker-1] INFO  ozone.HddsDatanodeService (HddsDatanodeService.java:stop(451)) - Stopped plug-in org.apache.hadoop.ozone.web.OzoneHddsDatanodeService@4de6c6b9
2019-08-27 10:38:36,685 | INFO  | DNAudit | user=null | ip=null | op=PUT_BLOCK {blockData=[blockId=conID: 2 locID: 102688510203068440 bcsId: 0,size=167]} | ret=SUCCESS |  
2019-08-27 10:38:36,778 [grpc-default-executor-8] INFO  client.GrpcClientProtocolClient (GrpcClientProtocolClient.java:onNext(255)) - client-0A12B55E87B1->8a499d08-9a52-4eaf-822d-1c8aaae5e0bd: receive RaftClientReply:client-0A12B55E87B1->8a499d08-9a52-4eaf-822d-1c8aaae5e0bd@group-E4086A2083C6, cid=274, SUCCESS, logIndex=0, commits[8a499d08-9a52-4eaf-822d-1c8aaae5e0bd:c6, c2184b09-bc75-4b7e-aaa7-b2bff6604c2b:c3, 18958245-7eb0-45e5-8b80-d1a4d5f9fe80:c6]
2019-08-27 10:38:36,778 [grpc-default-executor-8] INFO  client.GrpcClientProtocolClient (GrpcClientProtocolClient.java:onNext(255)) - client-0A12B55E87B1->8a499d08-9a52-4eaf-822d-1c8aaae5e0bd: receive RaftClientReply:client-0A12B55E87B1->8a499d08-9a52-4eaf-822d-1c8aaae5e0bd@group-E4086A2083C6, cid=273, SUCCESS, logIndex=0, commits[8a499d08-9a52-4eaf-822d-1c8aaae5e0bd:c6, c2184b09-bc75-4b7e-aaa7-b2bff6604c2b:c6, 18958245-7eb0-45e5-8b80-d1a4d5f9fe80:c6]
2019-08-27 10:38:36,823 | INFO  | DNAudit | user=null | ip=null | op=PUT_BLOCK {blockData=[blockId=conID: 1 locID: 102688509788487703 bcsId: 0,size=167]} | ret=SUCCESS |  
2019-08-27 10:38:37,154 | INFO  | SCMAudit | user=jenkins1000 | ip=192.168.5.140 | op=SEND_HEARTBEAT {datanodeUUID=8a499d08-9a52-4eaf-822d-1c8aaae5e0bd, command=[]} | ret=SUCCESS |  
2019-08-27 10:38:37,199 | INFO  | SCMAudit | user=jenkins1000 | ip=192.168.5.140 | op=SEND_HEARTBEAT {datanodeUUID=c2184b09-bc75-4b7e-aaa7-b2bff6604c2b, command=[]} | ret=SUCCESS |  
2019-08-27 10:38:37,199 [Datanode State Machine Thread - 0] INFO  statemachine.DatanodeStateMachine (DatanodeStateMachine.java:lambda$startDaemon$0(350)) - Ozone container server started.
2019-08-27 10:38:37,479 | INFO  | SCMAudit | user=jenkins1000 | ip=192.168.5.140 | op=SEND_HEARTBEAT {datanodeUUID=55846269-6583-45cb-807e-dad1f0ee78d3, command=[]} | ret=SUCCESS |  
2019-08-27 10:38:37,479 | INFO  | SCMAudit | user=jenkins1000 | ip=192.168.5.140 | op=SEND_HEARTBEAT {datanodeUUID=5ec53e02-a1c2-407d-b0be-b295a4de7079, command=[]} | ret=SUCCESS |  
2019-08-27 10:38:37,479 | INFO  | SCMAudit | user=jenkins1000 | ip=192.168.5.140 | op=SEND_HEARTBEAT {datanodeUUID=d6c5e83e-90a3-43cc-b4b7-619ef1f1607f, command=[]} | ret=SUCCESS |  
2019-08-27 10:38:37,540 [Datanode State Machine Thread - 0] INFO  statemachine.DatanodeStateMachine (DatanodeStateMachine.java:lambda$startDaemon$0(350)) - Ozone container server started.
2019-08-27 10:38:38,154 | INFO  | SCMAudit | user=jenkins1000 | ip=192.168.5.140 | op=SEND_HEARTBEAT {datanodeUUID=8a499d08-9a52-4eaf-822d-1c8aaae5e0bd, command=[]} | ret=SUCCESS |  
2019-08-27 10:38:38,199 | INFO  | SCMAudit | user=jenkins1000 | ip=192.168.5.140 | op=SEND_HEARTBEAT {datanodeUUID=c2184b09-bc75-4b7e-aaa7-b2bff6604c2b, command=[]} | ret=SUCCESS |  
2019-08-27 10:38:38,479 | INFO  | SCMAudit | user=jenkins1000 | ip=192.168.5.140 | op=SEND_HEARTBEAT {datanodeUUID=55846269-6583-45cb-807e-dad1f0ee78d3, command=[]} | ret=SUCCESS |  
2019-08-27 10:38:38,479 | INFO  | SCMAudit | user=jenkins1000 | ip=192.168.5.140 | op=SEND_HEARTBEAT {datanodeUUID=5ec53e02-a1c2-407d-b0be-b295a4de7079, command=[]} | ret=SUCCESS |  
2019-08-27 10:38:38,479 | INFO  | SCMAudit | user=jenkins1000 | ip=192.168.5.140 | op=SEND_HEARTBEAT {datanodeUUID=d6c5e83e-90a3-43cc-b4b7-619ef1f1607f, command=[]} | ret=SUCCESS |  
2019-08-27 10:38:39,155 | INFO  | SCMAudit | user=jenkins1000 | ip=192.168.5.140 | op=SEND_HEARTBEAT {datanodeUUID=8a499d08-9a52-4eaf-822d-1c8aaae5e0bd, command=[]} | ret=SUCCESS |  
2019-08-27 10:38:39,199 | INFO  | SCMAudit | user=jenkins1000 | ip=192.168.5.140 | op=SEND_HEARTBEAT {datanodeUUID=c2184b09-bc75-4b7e-aaa7-b2bff6604c2b, command=[]} | ret=SUCCESS |  
2019-08-27 10:38:39,479 | INFO  | SCMAudit | user=jenkins1000 | ip=192.168.5.140 | op=SEND_HEARTBEAT {datanodeUUID=5ec53e02-a1c2-407d-b0be-b295a4de7079, command=[]} | ret=SUCCESS |  
2019-08-27 10:38:39,479 | INFO  | SCMAudit | user=jenkins1000 | ip=192.168.5.140 | op=SEND_HEARTBEAT {datanodeUUID=d6c5e83e-90a3-43cc-b4b7-619ef1f1607f, command=[]} | ret=SUCCESS |  
2019-08-27 10:38:39,479 | INFO  | SCMAudit | user=jenkins1000 | ip=192.168.5.140 | op=SEND_HEARTBEAT {datanodeUUID=55846269-6583-45cb-807e-dad1f0ee78d3, command=[]} | ret=SUCCESS |  
2019-08-27 10:38:40,155 | INFO  | SCMAudit | user=jenkins1000 | ip=192.168.5.140 | op=SEND_HEARTBEAT {datanodeUUID=8a499d08-9a52-4eaf-822d-1c8aaae5e0bd, command=[]} | ret=SUCCESS |  
2019-08-27 10:38:40,199 | INFO  | SCMAudit | user=jenkins1000 | ip=192.168.5.140 | op=SEND_HEARTBEAT {datanodeUUID=c2184b09-bc75-4b7e-aaa7-b2bff6604c2b, command=[]} | ret=SUCCESS |  
2019-08-27 10:38:40,479 | INFO  | SCMAudit | user=jenkins1000 | ip=192.168.5.140 | op=SEND_HEARTBEAT {datanodeUUID=5ec53e02-a1c2-407d-b0be-b295a4de7079, command=[]} | ret=SUCCESS |  
2019-08-27 10:38:40,479 | INFO  | SCMAudit | user=jenkins1000 | ip=192.168.5.140 | op=SEND_HEARTBEAT {datanodeUUID=55846269-6583-45cb-807e-dad1f0ee78d3, command=[]} | ret=SUCCESS |  
2019-08-27 10:38:40,479 | INFO  | SCMAudit | user=jenkins1000 | ip=192.168.5.140 | op=SEND_HEARTBEAT {datanodeUUID=d6c5e83e-90a3-43cc-b4b7-619ef1f1607f, command=[]} | ret=SUCCESS |  
2019-08-27 10:38:41,155 | INFO  | SCMAudit | user=jenkins1000 | ip=192.168.5.140 | op=SEND_HEARTBEAT {datanodeUUID=8a499d08-9a52-4eaf-822d-1c8aaae5e0bd, command=[]} | ret=SUCCESS |  
2019-08-27 10:38:41,199 | INFO  | SCMAudit | user=jenkins1000 | ip=192.168.5.140 | op=SEND_HEARTBEAT {datanodeUUID=c2184b09-bc75-4b7e-aaa7-b2bff6604c2b, command=[]} | ret=SUCCESS |  
2019-08-27 10:38:41,207 [EventQueue-StaleNodeForStaleNodeHandler] INFO  node.StaleNodeHandler (StaleNodeHandler.java:onMessage(58)) - Datanode 18958245-7eb0-45e5-8b80-d1a4d5f9fe80{ip: 192.168.5.140, host: pr-hdds-1982-decom-states-5k2nc-2490103652, networkLocation: /default-rack, certSerialId: null} moved to stale state. Finalizing its pipelines [PipelineID=5fcc3133-5058-4042-9f8d-6fd179358567, PipelineID=a8fb22a9-bcf5-433f-a7a9-e4086a2083c6]
2019-08-27 10:38:41,208 [EventQueue-StaleNodeForStaleNodeHandler] INFO  pipeline.SCMPipelineManager (SCMPipelineManager.java:finalizeAndDestroyPipeline(309)) - destroying pipeline:Pipeline[ Id: 5fcc3133-5058-4042-9f8d-6fd179358567, Nodes: 18958245-7eb0-45e5-8b80-d1a4d5f9fe80{ip: 192.168.5.140, host: pr-hdds-1982-decom-states-5k2nc-2490103652, networkLocation: /default-rack, certSerialId: null}, Type:RATIS, Factor:ONE, State:OPEN]
2019-08-27 10:38:41,208 [EventQueue-StaleNodeForStaleNodeHandler] INFO  pipeline.PipelineStateManager (PipelineStateManager.java:finalizePipeline(123)) - Pipeline Pipeline[ Id: 5fcc3133-5058-4042-9f8d-6fd179358567, Nodes: 18958245-7eb0-45e5-8b80-d1a4d5f9fe80{ip: 192.168.5.140, host: pr-hdds-1982-decom-states-5k2nc-2490103652, networkLocation: /default-rack, certSerialId: null}, Type:RATIS, Factor:ONE, State:CLOSED] moved to CLOSED state
2019-08-27 10:38:41,208 [EventQueue-StaleNodeForStaleNodeHandler] INFO  pipeline.SCMPipelineManager (SCMPipelineManager.java:finalizeAndDestroyPipeline(309)) - destroying pipeline:Pipeline[ Id: a8fb22a9-bcf5-433f-a7a9-e4086a2083c6, Nodes: 8a499d08-9a52-4eaf-822d-1c8aaae5e0bd{ip: 192.168.5.140, host: pr-hdds-1982-decom-states-5k2nc-2490103652, networkLocation: /default-rack, certSerialId: null}18958245-7eb0-45e5-8b80-d1a4d5f9fe80{ip: 192.168.5.140, host: pr-hdds-1982-decom-states-5k2nc-2490103652, networkLocation: /default-rack, certSerialId: null}c2184b09-bc75-4b7e-aaa7-b2bff6604c2b{ip: 192.168.5.140, host: pr-hdds-1982-decom-states-5k2nc-2490103652, networkLocation: /default-rack, certSerialId: null}, Type:RATIS, Factor:THREE, State:OPEN]
2019-08-27 10:38:41,209 [EventQueue-StaleNodeForStaleNodeHandler] INFO  pipeline.PipelineStateManager (PipelineStateManager.java:finalizePipeline(123)) - Pipeline Pipeline[ Id: a8fb22a9-bcf5-433f-a7a9-e4086a2083c6, Nodes: 8a499d08-9a52-4eaf-822d-1c8aaae5e0bd{ip: 192.168.5.140, host: pr-hdds-1982-decom-states-5k2nc-2490103652, networkLocation: /default-rack, certSerialId: null}18958245-7eb0-45e5-8b80-d1a4d5f9fe80{ip: 192.168.5.140, host: pr-hdds-1982-decom-states-5k2nc-2490103652, networkLocation: /default-rack, certSerialId: null}c2184b09-bc75-4b7e-aaa7-b2bff6604c2b{ip: 192.168.5.140, host: pr-hdds-1982-decom-states-5k2nc-2490103652, networkLocation: /default-rack, certSerialId: null}, Type:RATIS, Factor:THREE, State:CLOSED] moved to CLOSED state
2019-08-27 10:38:41,209 [EventQueue-CloseContainerForCloseContainerEventHandler] INFO  container.CloseContainerEventHandler (CloseContainerEventHandler.java:onMessage(61)) - Close container Event triggered for container : #1
2019-08-27 10:38:41,479 | INFO  | SCMAudit | user=jenkins1000 | ip=192.168.5.140 | op=SEND_HEARTBEAT {datanodeUUID=55846269-6583-45cb-807e-dad1f0ee78d3, command=[]} | ret=SUCCESS |  
2019-08-27 10:38:41,479 | INFO  | SCMAudit | user=jenkins1000 | ip=192.168.5.140 | op=SEND_HEARTBEAT {datanodeUUID=5ec53e02-a1c2-407d-b0be-b295a4de7079, command=[]} | ret=SUCCESS |  
2019-08-27 10:38:41,479 | INFO  | SCMAudit | user=jenkins1000 | ip=192.168.5.140 | op=SEND_HEARTBEAT {datanodeUUID=d6c5e83e-90a3-43cc-b4b7-619ef1f1607f, command=[]} | ret=SUCCESS |  
2019-08-27 10:38:41,608 [EventQueue-StaleNodeForStaleNodeHandler] INFO  node.StaleNodeHandler (StaleNodeHandler.java:onMessage(58)) - Datanode f12a520e-da2a-467c-b7aa-1b00d63be15e{ip: 192.168.5.140, host: pr-hdds-1982-decom-states-5k2nc-2490103652, networkLocation: /default-rack, certSerialId: null} moved to stale state. Finalizing its pipelines [PipelineID=3a4b7aa5-9ba2-4b60-8971-fc400c6fa396]
2019-08-27 10:38:41,608 [EventQueue-StaleNodeForStaleNodeHandler] INFO  pipeline.SCMPipelineManager (SCMPipelineManager.java:finalizeAndDestroyPipeline(309)) - destroying pipeline:Pipeline[ Id: 3a4b7aa5-9ba2-4b60-8971-fc400c6fa396, Nodes: f12a520e-da2a-467c-b7aa-1b00d63be15e{ip: 192.168.5.140, host: pr-hdds-1982-decom-states-5k2nc-2490103652, networkLocation: /default-rack, certSerialId: null}, Type:RATIS, Factor:ONE, State:OPEN]
2019-08-27 10:38:41,608 [EventQueue-StaleNodeForStaleNodeHandler] INFO  pipeline.PipelineStateManager (PipelineStateManager.java:finalizePipeline(123)) - Pipeline Pipeline[ Id: 3a4b7aa5-9ba2-4b60-8971-fc400c6fa396, Nodes: f12a520e-da2a-467c-b7aa-1b00d63be15e{ip: 192.168.5.140, host: pr-hdds-1982-decom-states-5k2nc-2490103652, networkLocation: /default-rack, certSerialId: null}, Type:RATIS, Factor:ONE, State:CLOSED] moved to CLOSED state
2019-08-27 10:38:41,643 [main] INFO  ozoneimpl.OzoneContainer (OzoneContainer.java:stop(199)) - Attempting to stop container services.
2019-08-27 10:38:41,644 [ForkJoinPool.commonPool-worker-1] INFO  ozoneimpl.OzoneContainer (OzoneContainer.java:stop(199)) - Attempting to stop container services.
2019-08-27 10:38:41,644 [main] INFO  impl.RaftServerProxy (RaftServerProxy.java:lambda$close$4(314)) - f12a520e-da2a-467c-b7aa-1b00d63be15e: close
2019-08-27 10:38:41,644 [ForkJoinPool.commonPool-worker-1] INFO  impl.RaftServerProxy (RaftServerProxy.java:lambda$close$4(314)) - 18958245-7eb0-45e5-8b80-d1a4d5f9fe80: close
2019-08-27 10:38:41,645 [main] INFO  impl.RaftServerImpl (RaftServerImpl.java:lambda$shutdown$3(245)) - f12a520e-da2a-467c-b7aa-1b00d63be15e: shutdown group-FC400C6FA396
2019-08-27 10:38:41,645 [ForkJoinPool.commonPool-worker-1] INFO  impl.RaftServerImpl (RaftServerImpl.java:lambda$shutdown$3(245)) - 18958245-7eb0-45e5-8b80-d1a4d5f9fe80: shutdown group-6FD179358567
2019-08-27 10:38:41,645 [main] INFO  util.JmxRegister (JmxRegister.java:unregister(73)) - Successfully un-registered JMX Bean with object name Ratis:service=RaftServer,group=group-FC400C6FA396,id=f12a520e-da2a-467c-b7aa-1b00d63be15e
2019-08-27 10:38:41,646 [ForkJoinPool.commonPool-worker-1] INFO  util.JmxRegister (JmxRegister.java:unregister(73)) - Successfully un-registered JMX Bean with object name Ratis:service=RaftServer,group=group-6FD179358567,id=18958245-7eb0-45e5-8b80-d1a4d5f9fe80
2019-08-27 10:38:41,646 [main] INFO  impl.RoleInfo (RoleInfo.java:shutdownLeaderState(104)) - f12a520e-da2a-467c-b7aa-1b00d63be15e: shutdown LeaderState
2019-08-27 10:38:41,646 [ForkJoinPool.commonPool-worker-1] INFO  impl.RoleInfo (RoleInfo.java:shutdownLeaderState(104)) - 18958245-7eb0-45e5-8b80-d1a4d5f9fe80: shutdown LeaderState
2019-08-27 10:38:41,647 [main] INFO  impl.PendingRequests (PendingRequests.java:sendNotLeaderResponses(202)) - f12a520e-da2a-467c-b7aa-1b00d63be15e-PendingRequests: sendNotLeaderResponses
2019-08-27 10:38:41,647 [ForkJoinPool.commonPool-worker-1] INFO  impl.PendingRequests (PendingRequests.java:sendNotLeaderResponses(202)) - 18958245-7eb0-45e5-8b80-d1a4d5f9fe80-PendingRequests: sendNotLeaderResponses
2019-08-27 10:38:41,648 [main] INFO  impl.StateMachineUpdater (StateMachineUpdater.java:stopAndJoin(115)) - StateMachineUpdater:f12a520e-da2a-467c-b7aa-1b00d63be15e:group-FC400C6FA396: set stopIndex = 0
2019-08-27 10:38:41,648 [ForkJoinPool.commonPool-worker-1] INFO  impl.StateMachineUpdater (StateMachineUpdater.java:stopAndJoin(115)) - StateMachineUpdater:18958245-7eb0-45e5-8b80-d1a4d5f9fe80:group-6FD179358567: set stopIndex = 0
2019-08-27 10:38:41,648 [main] INFO  impl.RaftServerImpl (ServerState.java:close(394)) - f12a520e-da2a-467c-b7aa-1b00d63be15e:group-FC400C6FA396 closes. The last applied log index is 0
2019-08-27 10:38:41,649 [ForkJoinPool.commonPool-worker-1] INFO  impl.RaftServerImpl (ServerState.java:close(394)) - 18958245-7eb0-45e5-8b80-d1a4d5f9fe80:group-6FD179358567 closes. The last applied log index is 0
2019-08-27 10:38:41,649 [f12a520e-da2a-467c-b7aa-1b00d63be15e-SegmentedRaftLogWorker:Storage Directory /workdir/hadoop-ozone/integration-test/target/test-dir/MiniOzoneClusterImpl-c15ae153-fb36-4826-a287-e4cef41ee116/datanode-4/data/ratis/3a4b7aa5-9ba2-4b60-8971-fc400c6fa396] INFO  segmented.SegmentedRaftLogWorker (SegmentedRaftLogWorker.java:run(313)) - f12a520e-da2a-467c-b7aa-1b00d63be15e-SegmentedRaftLogWorker:Storage Directory /workdir/hadoop-ozone/integration-test/target/test-dir/MiniOzoneClusterImpl-c15ae153-fb36-4826-a287-e4cef41ee116/datanode-4/data/ratis/3a4b7aa5-9ba2-4b60-8971-fc400c6fa396 was interrupted, exiting. There are 0 tasks remaining in the queue.
2019-08-27 10:38:41,649 [18958245-7eb0-45e5-8b80-d1a4d5f9fe80-SegmentedRaftLogWorker:Storage Directory /workdir/hadoop-ozone/integration-test/target/test-dir/MiniOzoneClusterImpl-c15ae153-fb36-4826-a287-e4cef41ee116/datanode-1/data/ratis/5fcc3133-5058-4042-9f8d-6fd179358567] INFO  segmented.SegmentedRaftLogWorker (SegmentedRaftLogWorker.java:run(313)) - 18958245-7eb0-45e5-8b80-d1a4d5f9fe80-SegmentedRaftLogWorker:Storage Directory /workdir/hadoop-ozone/integration-test/target/test-dir/MiniOzoneClusterImpl-c15ae153-fb36-4826-a287-e4cef41ee116/datanode-1/data/ratis/5fcc3133-5058-4042-9f8d-6fd179358567 was interrupted, exiting. There are 0 tasks remaining in the queue.
2019-08-27 10:38:41,654 [main] INFO  segmented.SegmentedRaftLogWorker (SegmentedRaftLogWorker.java:close(228)) - f12a520e-da2a-467c-b7aa-1b00d63be15e-SegmentedRaftLogWorker:Storage Directory /workdir/hadoop-ozone/integration-test/target/test-dir/MiniOzoneClusterImpl-c15ae153-fb36-4826-a287-e4cef41ee116/datanode-4/data/ratis/3a4b7aa5-9ba2-4b60-8971-fc400c6fa396 close()
2019-08-27 10:38:41,656 [ForkJoinPool.commonPool-worker-1] INFO  segmented.SegmentedRaftLogWorker (SegmentedRaftLogWorker.java:close(228)) - 18958245-7eb0-45e5-8b80-d1a4d5f9fe80-SegmentedRaftLogWorker:Storage Directory /workdir/hadoop-ozone/integration-test/target/test-dir/MiniOzoneClusterImpl-c15ae153-fb36-4826-a287-e4cef41ee116/datanode-1/data/ratis/5fcc3133-5058-4042-9f8d-6fd179358567 close()
2019-08-27 10:38:41,662 [main] INFO  server.GrpcService (GrpcService.java:closeImpl(155)) - f12a520e-da2a-467c-b7aa-1b00d63be15e: shutdown server with port 44520 now
2019-08-27 10:38:41,667 [ForkJoinPool.commonPool-worker-1] INFO  impl.RaftServerImpl (RaftServerImpl.java:lambda$shutdown$3(245)) - 18958245-7eb0-45e5-8b80-d1a4d5f9fe80: shutdown group-E4086A2083C6
2019-08-27 10:38:41,670 [ForkJoinPool.commonPool-worker-1] INFO  util.JmxRegister (JmxRegister.java:unregister(73)) - Successfully un-registered JMX Bean with object name Ratis:service=RaftServer,group=group-E4086A2083C6,id=18958245-7eb0-45e5-8b80-d1a4d5f9fe80
2019-08-27 10:38:41,670 [main] INFO  server.GrpcService (GrpcService.java:closeImpl(163)) - f12a520e-da2a-467c-b7aa-1b00d63be15e: shutdown server with port 44520 successfully
2019-08-27 10:38:41,670 [ForkJoinPool.commonPool-worker-1] INFO  impl.RoleInfo (RoleInfo.java:shutdownFollowerState(121)) - 18958245-7eb0-45e5-8b80-d1a4d5f9fe80: shutdown FollowerState
2019-08-27 10:38:41,671 [ForkJoinPool.commonPool-worker-1] INFO  impl.StateMachineUpdater (StateMachineUpdater.java:stopAndJoin(115)) - StateMachineUpdater:18958245-7eb0-45e5-8b80-d1a4d5f9fe80:group-E4086A2083C6: set stopIndex = 6
2019-08-27 10:38:41,671 [Thread-4801] INFO  impl.FollowerState (FollowerState.java:run(114)) - 18958245-7eb0-45e5-8b80-d1a4d5f9fe80: FollowerState was interrupted: java.lang.InterruptedException: sleep interrupted
2019-08-27 10:38:41,671 [StateMachineUpdater:18958245-7eb0-45e5-8b80-d1a4d5f9fe80:group-E4086A2083C6] INFO  ratis.ContainerStateMachine (ContainerStateMachine.java:takeSnapshot(283)) - group-E4086A2083C6: Taking a snapshot at:(t:1, i:3) file /workdir/hadoop-ozone/integration-test/target/test-dir/MiniOzoneClusterImpl-c15ae153-fb36-4826-a287-e4cef41ee116/datanode-1/data/ratis/a8fb22a9-bcf5-433f-a7a9-e4086a2083c6/sm/snapshot.1_3
2019-08-27 10:38:41,675 [main] INFO  utils.BackgroundService (BackgroundService.java:shutdown(148)) - Shutting down service BlockDeletingService
2019-08-27 10:38:41,676 [refreshUsed-/workdir/hadoop-ozone/integration-test/target/test-dir/MiniOzoneClusterImpl-c15ae153-fb36-4826-a287-e4cef41ee116/datanode-4/data/containers] WARN  fs.CachingGetSpaceUsed (CachingGetSpaceUsed.java:run(183)) - Thread Interrupted waiting to refresh disk information: sleep interrupted
2019-08-27 10:38:41,689 [StateMachineUpdater:18958245-7eb0-45e5-8b80-d1a4d5f9fe80:group-E4086A2083C6] INFO  ratis.ContainerStateMachine (ContainerStateMachine.java:takeSnapshot(294)) - group-E4086A2083C6: Finished taking a snapshot at:(t:1, i:3) file:/workdir/hadoop-ozone/integration-test/target/test-dir/MiniOzoneClusterImpl-c15ae153-fb36-4826-a287-e4cef41ee116/datanode-1/data/ratis/a8fb22a9-bcf5-433f-a7a9-e4086a2083c6/sm/snapshot.1_3 time:18
2019-08-27 10:38:41,689 [StateMachineUpdater:18958245-7eb0-45e5-8b80-d1a4d5f9fe80:group-E4086A2083C6] INFO  impl.StateMachineUpdater (StateMachineUpdater.java:takeSnapshot(242)) - StateMachineUpdater:18958245-7eb0-45e5-8b80-d1a4d5f9fe80:group-E4086A2083C6: Took a snapshot at index 3
2019-08-27 10:38:41,689 [StateMachineUpdater:18958245-7eb0-45e5-8b80-d1a4d5f9fe80:group-E4086A2083C6] INFO  impl.StateMachineUpdater (StateMachineUpdater.java:lambda$new$0(80)) - StateMachineUpdater:18958245-7eb0-45e5-8b80-d1a4d5f9fe80:group-E4086A2083C6: snapshotIndex: updateIncreasingly -1 -> 3
2019-08-27 10:38:41,690 [ForkJoinPool.commonPool-worker-1] INFO  impl.RaftServerImpl (ServerState.java:close(394)) - 18958245-7eb0-45e5-8b80-d1a4d5f9fe80:group-E4086A2083C6 closes. The last applied log index is 6
2019-08-27 10:38:41,690 [18958245-7eb0-45e5-8b80-d1a4d5f9fe80-SegmentedRaftLogWorker:Storage Directory /workdir/hadoop-ozone/integration-test/target/test-dir/MiniOzoneClusterImpl-c15ae153-fb36-4826-a287-e4cef41ee116/datanode-1/data/ratis/a8fb22a9-bcf5-433f-a7a9-e4086a2083c6] INFO  segmented.SegmentedRaftLogWorker (SegmentedRaftLogWorker.java:run(313)) - 18958245-7eb0-45e5-8b80-d1a4d5f9fe80-SegmentedRaftLogWorker:Storage Directory /workdir/hadoop-ozone/integration-test/target/test-dir/MiniOzoneClusterImpl-c15ae153-fb36-4826-a287-e4cef41ee116/datanode-1/data/ratis/a8fb22a9-bcf5-433f-a7a9-e4086a2083c6 was interrupted, exiting. There are 0 tasks remaining in the queue.
2019-08-27 10:38:41,693 [ForkJoinPool.commonPool-worker-1] INFO  segmented.SegmentedRaftLogWorker (SegmentedRaftLogWorker.java:close(228)) - 18958245-7eb0-45e5-8b80-d1a4d5f9fe80-SegmentedRaftLogWorker:Storage Directory /workdir/hadoop-ozone/integration-test/target/test-dir/MiniOzoneClusterImpl-c15ae153-fb36-4826-a287-e4cef41ee116/datanode-1/data/ratis/a8fb22a9-bcf5-433f-a7a9-e4086a2083c6 close()
2019-08-27 10:38:41,698 [ForkJoinPool.commonPool-worker-1] INFO  server.GrpcService (GrpcService.java:closeImpl(155)) - 18958245-7eb0-45e5-8b80-d1a4d5f9fe80: shutdown server with port 40728 now
2019-08-27 10:38:41,699 [grpc-default-executor-8] WARN  server.GrpcServerProtocolService (LogUtils.java:warn(134)) - 18958245-7eb0-45e5-8b80-d1a4d5f9fe80: appendEntries onError: org.apache.ratis.thirdparty.io.grpc.StatusRuntimeException: CANCELLED: cancelled before receiving half close
2019-08-27 10:38:41,699 [ForkJoinPool.commonPool-worker-1] INFO  server.GrpcService (GrpcService.java:closeImpl(163)) - 18958245-7eb0-45e5-8b80-d1a4d5f9fe80: shutdown server with port 40728 successfully
2019-08-27 10:38:41,700 [grpc-default-executor-9] WARN  server.GrpcLogAppender (LogUtils.java:warn(134)) - 8a499d08-9a52-4eaf-822d-1c8aaae5e0bd->18958245-7eb0-45e5-8b80-d1a4d5f9fe80: Failed appendEntries: org.apache.ratis.thirdparty.io.grpc.StatusRuntimeException: CANCELLED: HTTP/2 error code: CANCEL
Received Rst Stream
2019-08-27 10:38:41,700 [grpc-default-executor-9] INFO  impl.FollowerInfo (FollowerInfo.java:lambda$new$0(50)) - 8a499d08-9a52-4eaf-822d-1c8aaae5e0bd->18958245-7eb0-45e5-8b80-d1a4d5f9fe80: nextIndex: updateUnconditionally 7 -> 6
2019-08-27 10:38:41,701 [ForkJoinPool.commonPool-worker-1] INFO  utils.BackgroundService (BackgroundService.java:shutdown(148)) - Shutting down service BlockDeletingService
2019-08-27 10:38:41,708 [main] INFO  statemachine.DatanodeStateMachine (DatanodeStateMachine.java:stopDaemon(395)) - Ozone container server stopped.
2019-08-27 10:38:41,708 [refreshUsed-/workdir/hadoop-ozone/integration-test/target/test-dir/MiniOzoneClusterImpl-c15ae153-fb36-4826-a287-e4cef41ee116/datanode-1/data/containers] WARN  fs.CachingGetSpaceUsed (CachingGetSpaceUsed.java:run(183)) - Thread Interrupted waiting to refresh disk information: sleep interrupted
2019-08-27 10:38:41,711 [main] INFO  handler.ContextHandler (ContextHandler.java:doStop(910)) - Stopped o.e.j.w.WebAppContext@2c6c67e0{/,null,UNAVAILABLE}{/hddsDatanode}
2019-08-27 10:38:41,713 [main] INFO  server.AbstractConnector (AbstractConnector.java:doStop(318)) - Stopped ServerConnector@12046998{HTTP/1.1,[http/1.1]}{0.0.0.0:0}
2019-08-27 10:38:41,713 [main] INFO  handler.ContextHandler (ContextHandler.java:doStop(910)) - Stopped o.e.j.s.ServletContextHandler@476bdad6{/static,jar:file:/home/user/.m2/repository/org/apache/hadoop/hadoop-hdds-container-service/0.5.0-SNAPSHOT/hadoop-hdds-container-service-0.5.0-SNAPSHOT.jar!/webapps/static,UNAVAILABLE}
2019-08-27 10:38:41,713 [main] INFO  handler.ContextHandler (ContextHandler.java:doStop(910)) - Stopped o.e.j.s.ServletContextHandler@3cf828db{/logs,file:///workdir/hadoop-ozone/integration-test/target/log,UNAVAILABLE}
2019-08-27 10:38:41,715 [main] INFO  datanode.ObjectStoreHandler (ObjectStoreHandler.java:close(155)) - Closing ObjectStoreHandler.
2019-08-27 10:38:41,715 [main] INFO  ozone.HddsDatanodeService (HddsDatanodeService.java:stop(451)) - Stopped plug-in org.apache.hadoop.ozone.web.OzoneHddsDatanodeService@22846025
2019-08-27 10:38:41,731 [ForkJoinPool.commonPool-worker-1] INFO  statemachine.DatanodeStateMachine (DatanodeStateMachine.java:stopDaemon(395)) - Ozone container server stopped.
2019-08-27 10:38:41,738 [ForkJoinPool.commonPool-worker-1] INFO  handler.ContextHandler (ContextHandler.java:doStop(910)) - Stopped o.e.j.w.WebAppContext@4299feea{/,null,UNAVAILABLE}{/hddsDatanode}
2019-08-27 10:38:41,738 [ForkJoinPool.commonPool-worker-1] INFO  server.AbstractConnector (AbstractConnector.java:doStop(318)) - Stopped ServerConnector@5455f457{HTTP/1.1,[http/1.1]}{0.0.0.0:0}
2019-08-27 10:38:41,740 [ForkJoinPool.commonPool-worker-1] INFO  handler.ContextHandler (ContextHandler.java:doStop(910)) - Stopped o.e.j.s.ServletContextHandler@5a42bb6{/static,jar:file:/home/user/.m2/repository/org/apache/hadoop/hadoop-hdds-container-service/0.5.0-SNAPSHOT/hadoop-hdds-container-service-0.5.0-SNAPSHOT.jar!/webapps/static,UNAVAILABLE}
2019-08-27 10:38:41,743 [ForkJoinPool.commonPool-worker-1] INFO  handler.ContextHandler (ContextHandler.java:doStop(910)) - Stopped o.e.j.s.ServletContextHandler@4b7e2cbb{/logs,file:///workdir/hadoop-ozone/integration-test/target/log,UNAVAILABLE}
2019-08-27 10:38:41,744 [ForkJoinPool.commonPool-worker-1] INFO  datanode.ObjectStoreHandler (ObjectStoreHandler.java:close(155)) - Closing ObjectStoreHandler.
2019-08-27 10:38:41,744 [ForkJoinPool.commonPool-worker-1] INFO  ozone.HddsDatanodeService (HddsDatanodeService.java:stop(451)) - Stopped plug-in org.apache.hadoop.ozone.web.OzoneHddsDatanodeService@168740db
2019-08-27 10:38:41,777 [grpc-default-executor-3] WARN  server.GrpcLogAppender (LogUtils.java:warn(134)) - 8a499d08-9a52-4eaf-822d-1c8aaae5e0bd->18958245-7eb0-45e5-8b80-d1a4d5f9fe80: Failed appendEntries: org.apache.ratis.thirdparty.io.grpc.StatusRuntimeException: UNAVAILABLE: io exception
2019-08-27 10:38:41,778 [grpc-default-executor-3] INFO  impl.FollowerInfo (FollowerInfo.java:lambda$new$0(50)) - 8a499d08-9a52-4eaf-822d-1c8aaae5e0bd->18958245-7eb0-45e5-8b80-d1a4d5f9fe80: nextIndex: updateUnconditionally 6 -> 5
2019-08-27 10:38:42,156 | INFO  | SCMAudit | user=jenkins1000 | ip=192.168.5.140 | op=SEND_HEARTBEAT {datanodeUUID=8a499d08-9a52-4eaf-822d-1c8aaae5e0bd, command=[commandType: closeContainerCommand closeContainerCommandProto { containerID: 1 pipelineID { id: "a8fb22a9-bcf5-433f-a7a9-e4086a2083c6" } cmdId: 1 force: false } ]} | ret=SUCCESS |  
2019-08-27 10:38:42,198 [Datanode State Machine Thread - 0] INFO  statemachine.DatanodeStateMachine (DatanodeStateMachine.java:lambda$startDaemon$0(350)) - Ozone container server started.
2019-08-27 10:38:42,479 [Datanode State Machine Thread - 0] INFO  statemachine.DatanodeStateMachine (DatanodeStateMachine.java:lambda$startDaemon$0(350)) - Ozone container server started.
2019-08-27 10:38:42,479 | INFO  | SCMAudit | user=jenkins1000 | ip=192.168.5.140 | op=SEND_HEARTBEAT {datanodeUUID=d6c5e83e-90a3-43cc-b4b7-619ef1f1607f, command=[]} | ret=SUCCESS |  
2019-08-27 10:38:42,479 | INFO  | SCMAudit | user=jenkins1000 | ip=192.168.5.140 | op=SEND_HEARTBEAT {datanodeUUID=55846269-6583-45cb-807e-dad1f0ee78d3, command=[]} | ret=SUCCESS |  
2019-08-27 10:38:43,155 | INFO  | SCMAudit | user=jenkins1000 | ip=192.168.5.140 | op=SEND_HEARTBEAT {datanodeUUID=8a499d08-9a52-4eaf-822d-1c8aaae5e0bd, command=[]} | ret=SUCCESS |  
2019-08-27 10:38:43,171 | INFO  | SCMAudit | user=jenkins1000 | ip=192.168.5.140 | op=SEND_HEARTBEAT {datanodeUUID=8a499d08-9a52-4eaf-822d-1c8aaae5e0bd, command=[]} | ret=SUCCESS |  
2019-08-27 10:38:43,174 [grpc-default-executor-8] WARN  server.GrpcLogAppender (LogUtils.java:warn(134)) - 8a499d08-9a52-4eaf-822d-1c8aaae5e0bd->18958245-7eb0-45e5-8b80-d1a4d5f9fe80: Failed appendEntries: org.apache.ratis.thirdparty.io.grpc.StatusRuntimeException: UNAVAILABLE: io exception
2019-08-27 10:38:43,174 [grpc-default-executor-8] INFO  impl.FollowerInfo (FollowerInfo.java:lambda$new$0(50)) - 8a499d08-9a52-4eaf-822d-1c8aaae5e0bd->18958245-7eb0-45e5-8b80-d1a4d5f9fe80: nextIndex: updateUnconditionally 6 -> 5
2019-08-27 10:38:43,186 [grpc-default-executor-9] WARN  server.GrpcLogAppender (LogUtils.java:warn(134)) - 8a499d08-9a52-4eaf-822d-1c8aaae5e0bd->18958245-7eb0-45e5-8b80-d1a4d5f9fe80: Failed appendEntries: org.apache.ratis.thirdparty.io.grpc.StatusRuntimeException: UNAVAILABLE: io exception
2019-08-27 10:38:43,187 [grpc-default-executor-9] INFO  impl.FollowerInfo (FollowerInfo.java:lambda$new$0(50)) - 8a499d08-9a52-4eaf-822d-1c8aaae5e0bd->18958245-7eb0-45e5-8b80-d1a4d5f9fe80: nextIndex: updateUnconditionally 6 -> 5
2019-08-27 10:38:43,199 [grpc-default-executor-8] WARN  server.GrpcLogAppender (LogUtils.java:warn(134)) - 8a499d08-9a52-4eaf-822d-1c8aaae5e0bd->18958245-7eb0-45e5-8b80-d1a4d5f9fe80: Failed appendEntries: org.apache.ratis.thirdparty.io.grpc.StatusRuntimeException: UNAVAILABLE: io exception
2019-08-27 10:38:43,199 [grpc-default-executor-8] INFO  impl.FollowerInfo (FollowerInfo.java:lambda$new$0(50)) - 8a499d08-9a52-4eaf-822d-1c8aaae5e0bd->18958245-7eb0-45e5-8b80-d1a4d5f9fe80: nextIndex: updateUnconditionally 6 -> 5
2019-08-27 10:38:43,199 [RatisApplyTransactionExecutor 1] INFO  interfaces.Container (KeyValueContainer.java:flushAndSyncDB(382)) - Container 1 is synced with bcsId 4.
2019-08-27 10:38:43,199 [RatisApplyTransactionExecutor 1] INFO  interfaces.Container (KeyValueContainer.java:flushAndSyncDB(382)) - Container 1 is synced with bcsId 4.
2019-08-27 10:38:43,208 | INFO  | DNAudit | user=null | ip=null | op=CLOSE_CONTAINER {containerID=1} | ret=SUCCESS |  
2019-08-27 10:38:43,209 [RatisApplyTransactionExecutor 1] INFO  interfaces.Container (KeyValueContainer.java:flushAndSyncDB(382)) - Container 1 is synced with bcsId 4.
2019-08-27 10:38:43,209 | INFO  | SCMAudit | user=jenkins1000 | ip=192.168.5.140 | op=SEND_HEARTBEAT {datanodeUUID=8a499d08-9a52-4eaf-822d-1c8aaae5e0bd, command=[]} | ret=SUCCESS |  
2019-08-27 10:38:43,209 [RatisApplyTransactionExecutor 1] INFO  interfaces.Container (KeyValueContainer.java:flushAndSyncDB(382)) - Container 1 is synced with bcsId 4.
2019-08-27 10:38:43,209 [EventQueue-IncrementalContainerReportForIncrementalContainerReportHandler] INFO  container.IncrementalContainerReportHandler (AbstractContainerReportHandler.java:updateContainerState(176)) - Moving container #1 to CLOSED state, datanode 8a499d08-9a52-4eaf-822d-1c8aaae5e0bd{ip: 192.168.5.140, host: pr-hdds-1982-decom-states-5k2nc-2490103652, networkLocation: /default-rack, certSerialId: null} reported CLOSED replica.
2019-08-27 10:38:43,216 | INFO  | DNAudit | user=null | ip=null | op=CLOSE_CONTAINER {containerID=1} | ret=SUCCESS |  
2019-08-27 10:38:43,479 | INFO  | SCMAudit | user=jenkins1000 | ip=192.168.5.140 | op=SEND_HEARTBEAT {datanodeUUID=55846269-6583-45cb-807e-dad1f0ee78d3, command=[]} | ret=SUCCESS |  
2019-08-27 10:38:43,479 | INFO  | SCMAudit | user=jenkins1000 | ip=192.168.5.140 | op=SEND_HEARTBEAT {datanodeUUID=d6c5e83e-90a3-43cc-b4b7-619ef1f1607f, command=[]} | ret=SUCCESS |  
2019-08-27 10:38:44,209 | INFO  | SCMAudit | user=jenkins1000 | ip=192.168.5.140 | op=SEND_HEARTBEAT {datanodeUUID=8a499d08-9a52-4eaf-822d-1c8aaae5e0bd, command=[]} | ret=SUCCESS |  
2019-08-27 10:38:44,479 | INFO  | SCMAudit | user=jenkins1000 | ip=192.168.5.140 | op=SEND_HEARTBEAT {datanodeUUID=55846269-6583-45cb-807e-dad1f0ee78d3, command=[]} | ret=SUCCESS |  
2019-08-27 10:38:44,479 | INFO  | SCMAudit | user=jenkins1000 | ip=192.168.5.140 | op=SEND_HEARTBEAT {datanodeUUID=d6c5e83e-90a3-43cc-b4b7-619ef1f1607f, command=[]} | ret=SUCCESS |  
2019-08-27 10:38:45,209 | INFO  | SCMAudit | user=jenkins1000 | ip=192.168.5.140 | op=SEND_HEARTBEAT {datanodeUUID=8a499d08-9a52-4eaf-822d-1c8aaae5e0bd, command=[]} | ret=SUCCESS |  
2019-08-27 10:38:45,479 | INFO  | SCMAudit | user=jenkins1000 | ip=192.168.5.140 | op=SEND_HEARTBEAT {datanodeUUID=55846269-6583-45cb-807e-dad1f0ee78d3, command=[]} | ret=SUCCESS |  
2019-08-27 10:38:45,480 | INFO  | SCMAudit | user=jenkins1000 | ip=192.168.5.140 | op=SEND_HEARTBEAT {datanodeUUID=d6c5e83e-90a3-43cc-b4b7-619ef1f1607f, command=[]} | ret=SUCCESS |  
2019-08-27 10:38:45,700 [grpc-default-executor-8] WARN  server.GrpcLogAppender (LogUtils.java:warn(134)) - 8a499d08-9a52-4eaf-822d-1c8aaae5e0bd->18958245-7eb0-45e5-8b80-d1a4d5f9fe80: Failed appendEntries: org.apache.ratis.thirdparty.io.grpc.StatusRuntimeException: UNAVAILABLE: io exception
2019-08-27 10:38:45,700 [grpc-default-executor-8] INFO  impl.FollowerInfo (FollowerInfo.java:lambda$new$0(50)) - 8a499d08-9a52-4eaf-822d-1c8aaae5e0bd->18958245-7eb0-45e5-8b80-d1a4d5f9fe80: nextIndex: updateUnconditionally 5 -> 4
2019-08-27 10:38:46,209 | INFO  | SCMAudit | user=jenkins1000 | ip=192.168.5.140 | op=SEND_HEARTBEAT {datanodeUUID=8a499d08-9a52-4eaf-822d-1c8aaae5e0bd, command=[]} | ret=SUCCESS |  
2019-08-27 10:38:46,214 [EventQueue-StaleNodeForStaleNodeHandler] INFO  node.StaleNodeHandler (StaleNodeHandler.java:onMessage(58)) - Datanode c2184b09-bc75-4b7e-aaa7-b2bff6604c2b{ip: 192.168.5.140, host: pr-hdds-1982-decom-states-5k2nc-2490103652, networkLocation: /default-rack, certSerialId: null} moved to stale state. Finalizing its pipelines [PipelineID=ad69b540-2184-47a8-9419-a086e66b3535, PipelineID=a8fb22a9-bcf5-433f-a7a9-e4086a2083c6]
2019-08-27 10:38:46,215 [EventQueue-StaleNodeForStaleNodeHandler] INFO  pipeline.SCMPipelineManager (SCMPipelineManager.java:finalizeAndDestroyPipeline(309)) - destroying pipeline:Pipeline[ Id: ad69b540-2184-47a8-9419-a086e66b3535, Nodes: c2184b09-bc75-4b7e-aaa7-b2bff6604c2b{ip: 192.168.5.140, host: pr-hdds-1982-decom-states-5k2nc-2490103652, networkLocation: /default-rack, certSerialId: null}, Type:RATIS, Factor:ONE, State:OPEN]
2019-08-27 10:38:46,215 [EventQueue-StaleNodeForStaleNodeHandler] INFO  pipeline.PipelineStateManager (PipelineStateManager.java:finalizePipeline(123)) - Pipeline Pipeline[ Id: ad69b540-2184-47a8-9419-a086e66b3535, Nodes: c2184b09-bc75-4b7e-aaa7-b2bff6604c2b{ip: 192.168.5.140, host: pr-hdds-1982-decom-states-5k2nc-2490103652, networkLocation: /default-rack, certSerialId: null}, Type:RATIS, Factor:ONE, State:CLOSED] moved to CLOSED state
2019-08-27 10:38:46,215 [EventQueue-StaleNodeForStaleNodeHandler] INFO  pipeline.SCMPipelineManager (SCMPipelineManager.java:finalizeAndDestroyPipeline(309)) - destroying pipeline:Pipeline[ Id: a8fb22a9-bcf5-433f-a7a9-e4086a2083c6, Nodes: 8a499d08-9a52-4eaf-822d-1c8aaae5e0bd{ip: 192.168.5.140, host: pr-hdds-1982-decom-states-5k2nc-2490103652, networkLocation: /default-rack, certSerialId: null}18958245-7eb0-45e5-8b80-d1a4d5f9fe80{ip: 192.168.5.140, host: pr-hdds-1982-decom-states-5k2nc-2490103652, networkLocation: /default-rack, certSerialId: null}c2184b09-bc75-4b7e-aaa7-b2bff6604c2b{ip: 192.168.5.140, host: pr-hdds-1982-decom-states-5k2nc-2490103652, networkLocation: /default-rack, certSerialId: null}, Type:RATIS, Factor:THREE, State:CLOSED]
2019-08-27 10:38:46,482 | INFO  | SCMAudit | user=jenkins1000 | ip=192.168.5.140 | op=SEND_HEARTBEAT {datanodeUUID=55846269-6583-45cb-807e-dad1f0ee78d3, command=[]} | ret=SUCCESS |  
2019-08-27 10:38:46,487 | INFO  | SCMAudit | user=jenkins1000 | ip=192.168.5.140 | op=SEND_HEARTBEAT {datanodeUUID=d6c5e83e-90a3-43cc-b4b7-619ef1f1607f, command=[]} | ret=SUCCESS |  
2019-08-27 10:38:46,515 [EventQueue-StaleNodeForStaleNodeHandler] INFO  node.StaleNodeHandler (StaleNodeHandler.java:onMessage(58)) - Datanode 5ec53e02-a1c2-407d-b0be-b295a4de7079{ip: 192.168.5.140, host: pr-hdds-1982-decom-states-5k2nc-2490103652, networkLocation: /default-rack, certSerialId: null} moved to stale state. Finalizing its pipelines [PipelineID=43fa28c7-05fe-4b32-bac7-b6141069e86b, PipelineID=a9507a84-6797-4089-aee1-464eda4dbc15]
2019-08-27 10:38:46,515 [EventQueue-StaleNodeForStaleNodeHandler] INFO  pipeline.SCMPipelineManager (SCMPipelineManager.java:finalizeAndDestroyPipeline(309)) - destroying pipeline:Pipeline[ Id: 43fa28c7-05fe-4b32-bac7-b6141069e86b, Nodes: d6c5e83e-90a3-43cc-b4b7-619ef1f1607f{ip: 192.168.5.140, host: pr-hdds-1982-decom-states-5k2nc-2490103652, networkLocation: /default-rack, certSerialId: null}5ec53e02-a1c2-407d-b0be-b295a4de7079{ip: 192.168.5.140, host: pr-hdds-1982-decom-states-5k2nc-2490103652, networkLocation: /default-rack, certSerialId: null}55846269-6583-45cb-807e-dad1f0ee78d3{ip: 192.168.5.140, host: pr-hdds-1982-decom-states-5k2nc-2490103652, networkLocation: /default-rack, certSerialId: null}, Type:RATIS, Factor:THREE, State:OPEN]
2019-08-27 10:38:46,515 [EventQueue-StaleNodeForStaleNodeHandler] INFO  pipeline.PipelineStateManager (PipelineStateManager.java:finalizePipeline(123)) - Pipeline Pipeline[ Id: 43fa28c7-05fe-4b32-bac7-b6141069e86b, Nodes: d6c5e83e-90a3-43cc-b4b7-619ef1f1607f{ip: 192.168.5.140, host: pr-hdds-1982-decom-states-5k2nc-2490103652, networkLocation: /default-rack, certSerialId: null}5ec53e02-a1c2-407d-b0be-b295a4de7079{ip: 192.168.5.140, host: pr-hdds-1982-decom-states-5k2nc-2490103652, networkLocation: /default-rack, certSerialId: null}55846269-6583-45cb-807e-dad1f0ee78d3{ip: 192.168.5.140, host: pr-hdds-1982-decom-states-5k2nc-2490103652, networkLocation: /default-rack, certSerialId: null}, Type:RATIS, Factor:THREE, State:CLOSED] moved to CLOSED state
2019-08-27 10:38:46,516 [EventQueue-CloseContainerForCloseContainerEventHandler] INFO  container.CloseContainerEventHandler (CloseContainerEventHandler.java:onMessage(61)) - Close container Event triggered for container : #2
2019-08-27 10:38:46,516 [EventQueue-StaleNodeForStaleNodeHandler] INFO  pipeline.SCMPipelineManager (SCMPipelineManager.java:finalizeAndDestroyPipeline(309)) - destroying pipeline:Pipeline[ Id: a9507a84-6797-4089-aee1-464eda4dbc15, Nodes: 5ec53e02-a1c2-407d-b0be-b295a4de7079{ip: 192.168.5.140, host: pr-hdds-1982-decom-states-5k2nc-2490103652, networkLocation: /default-rack, certSerialId: null}, Type:RATIS, Factor:ONE, State:OPEN]
2019-08-27 10:38:46,516 [EventQueue-StaleNodeForStaleNodeHandler] INFO  pipeline.PipelineStateManager (PipelineStateManager.java:finalizePipeline(123)) - Pipeline Pipeline[ Id: a9507a84-6797-4089-aee1-464eda4dbc15, Nodes: 5ec53e02-a1c2-407d-b0be-b295a4de7079{ip: 192.168.5.140, host: pr-hdds-1982-decom-states-5k2nc-2490103652, networkLocation: /default-rack, certSerialId: null}, Type:RATIS, Factor:ONE, State:CLOSED] moved to CLOSED state
2019-08-27 10:38:46,716 [main] INFO  ozoneimpl.OzoneContainer (OzoneContainer.java:stop(199)) - Attempting to stop container services.
2019-08-27 10:38:46,717 [main] INFO  impl.RaftServerProxy (RaftServerProxy.java:lambda$close$4(314)) - 5ec53e02-a1c2-407d-b0be-b295a4de7079: close
2019-08-27 10:38:46,717 [main] INFO  impl.RaftServerImpl (RaftServerImpl.java:lambda$shutdown$3(245)) - 5ec53e02-a1c2-407d-b0be-b295a4de7079: shutdown group-B6141069E86B
2019-08-27 10:38:46,718 [main] INFO  util.JmxRegister (JmxRegister.java:unregister(73)) - Successfully un-registered JMX Bean with object name Ratis:service=RaftServer,group=group-B6141069E86B,id=5ec53e02-a1c2-407d-b0be-b295a4de7079
2019-08-27 10:38:46,718 [main] INFO  impl.RoleInfo (RoleInfo.java:shutdownFollowerState(121)) - 5ec53e02-a1c2-407d-b0be-b295a4de7079: shutdown FollowerState
2019-08-27 10:38:46,719 [main] INFO  impl.StateMachineUpdater (StateMachineUpdater.java:stopAndJoin(115)) - StateMachineUpdater:5ec53e02-a1c2-407d-b0be-b295a4de7079:group-B6141069E86B: set stopIndex = 6
2019-08-27 10:38:46,719 [StateMachineUpdater:5ec53e02-a1c2-407d-b0be-b295a4de7079:group-B6141069E86B] INFO  ratis.ContainerStateMachine (ContainerStateMachine.java:takeSnapshot(283)) - group-B6141069E86B: Taking a snapshot at:(t:1, i:4) file /workdir/hadoop-ozone/integration-test/target/test-dir/MiniOzoneClusterImpl-c15ae153-fb36-4826-a287-e4cef41ee116/datanode-6/data/ratis/43fa28c7-05fe-4b32-bac7-b6141069e86b/sm/snapshot.1_4
2019-08-27 10:38:46,719 [Thread-4821] INFO  impl.FollowerState (FollowerState.java:run(114)) - 5ec53e02-a1c2-407d-b0be-b295a4de7079: FollowerState was interrupted: java.lang.InterruptedException: sleep interrupted
2019-08-27 10:38:46,735 [StateMachineUpdater:5ec53e02-a1c2-407d-b0be-b295a4de7079:group-B6141069E86B] INFO  ratis.ContainerStateMachine (ContainerStateMachine.java:takeSnapshot(294)) - group-B6141069E86B: Finished taking a snapshot at:(t:1, i:4) file:/workdir/hadoop-ozone/integration-test/target/test-dir/MiniOzoneClusterImpl-c15ae153-fb36-4826-a287-e4cef41ee116/datanode-6/data/ratis/43fa28c7-05fe-4b32-bac7-b6141069e86b/sm/snapshot.1_4 time:16
2019-08-27 10:38:46,735 [StateMachineUpdater:5ec53e02-a1c2-407d-b0be-b295a4de7079:group-B6141069E86B] INFO  impl.StateMachineUpdater (StateMachineUpdater.java:takeSnapshot(242)) - StateMachineUpdater:5ec53e02-a1c2-407d-b0be-b295a4de7079:group-B6141069E86B: Took a snapshot at index 4
2019-08-27 10:38:46,735 [StateMachineUpdater:5ec53e02-a1c2-407d-b0be-b295a4de7079:group-B6141069E86B] INFO  impl.StateMachineUpdater (StateMachineUpdater.java:lambda$new$0(80)) - StateMachineUpdater:5ec53e02-a1c2-407d-b0be-b295a4de7079:group-B6141069E86B: snapshotIndex: updateIncreasingly -1 -> 4
2019-08-27 10:38:46,736 [main] INFO  impl.RaftServerImpl (ServerState.java:close(394)) - 5ec53e02-a1c2-407d-b0be-b295a4de7079:group-B6141069E86B closes. The last applied log index is 6
2019-08-27 10:38:46,737 [5ec53e02-a1c2-407d-b0be-b295a4de7079-SegmentedRaftLogWorker:Storage Directory /workdir/hadoop-ozone/integration-test/target/test-dir/MiniOzoneClusterImpl-c15ae153-fb36-4826-a287-e4cef41ee116/datanode-6/data/ratis/43fa28c7-05fe-4b32-bac7-b6141069e86b] INFO  segmented.SegmentedRaftLogWorker (SegmentedRaftLogWorker.java:run(313)) - 5ec53e02-a1c2-407d-b0be-b295a4de7079-SegmentedRaftLogWorker:Storage Directory /workdir/hadoop-ozone/integration-test/target/test-dir/MiniOzoneClusterImpl-c15ae153-fb36-4826-a287-e4cef41ee116/datanode-6/data/ratis/43fa28c7-05fe-4b32-bac7-b6141069e86b was interrupted, exiting. There are 0 tasks remaining in the queue.
2019-08-27 10:38:46,739 [main] INFO  segmented.SegmentedRaftLogWorker (SegmentedRaftLogWorker.java:close(228)) - 5ec53e02-a1c2-407d-b0be-b295a4de7079-SegmentedRaftLogWorker:Storage Directory /workdir/hadoop-ozone/integration-test/target/test-dir/MiniOzoneClusterImpl-c15ae153-fb36-4826-a287-e4cef41ee116/datanode-6/data/ratis/43fa28c7-05fe-4b32-bac7-b6141069e86b close()
2019-08-27 10:38:46,744 [main] INFO  impl.RaftServerImpl (RaftServerImpl.java:lambda$shutdown$3(245)) - 5ec53e02-a1c2-407d-b0be-b295a4de7079: shutdown group-464EDA4DBC15
2019-08-27 10:38:46,744 [main] INFO  util.JmxRegister (JmxRegister.java:unregister(73)) - Successfully un-registered JMX Bean with object name Ratis:service=RaftServer,group=group-464EDA4DBC15,id=5ec53e02-a1c2-407d-b0be-b295a4de7079
2019-08-27 10:38:46,745 [ForkJoinPool.commonPool-worker-1] INFO  ozoneimpl.OzoneContainer (OzoneContainer.java:stop(199)) - Attempting to stop container services.
2019-08-27 10:38:46,745 [main] INFO  impl.RoleInfo (RoleInfo.java:shutdownLeaderState(104)) - 5ec53e02-a1c2-407d-b0be-b295a4de7079: shutdown LeaderState
2019-08-27 10:38:46,745 [ForkJoinPool.commonPool-worker-1] INFO  impl.RaftServerProxy (RaftServerProxy.java:lambda$close$4(314)) - c2184b09-bc75-4b7e-aaa7-b2bff6604c2b: close
2019-08-27 10:38:46,745 [main] INFO  impl.PendingRequests (PendingRequests.java:sendNotLeaderResponses(202)) - 5ec53e02-a1c2-407d-b0be-b295a4de7079-PendingRequests: sendNotLeaderResponses
2019-08-27 10:38:46,746 [ForkJoinPool.commonPool-worker-1] INFO  impl.RaftServerImpl (RaftServerImpl.java:lambda$shutdown$3(245)) - c2184b09-bc75-4b7e-aaa7-b2bff6604c2b: shutdown group-A086E66B3535
2019-08-27 10:38:46,746 [main] INFO  impl.StateMachineUpdater (StateMachineUpdater.java:stopAndJoin(115)) - StateMachineUpdater:5ec53e02-a1c2-407d-b0be-b295a4de7079:group-464EDA4DBC15: set stopIndex = 0
2019-08-27 10:38:46,747 [main] INFO  impl.RaftServerImpl (ServerState.java:close(394)) - 5ec53e02-a1c2-407d-b0be-b295a4de7079:group-464EDA4DBC15 closes. The last applied log index is 0
2019-08-27 10:38:46,746 [ForkJoinPool.commonPool-worker-1] INFO  util.JmxRegister (JmxRegister.java:unregister(73)) - Successfully un-registered JMX Bean with object name Ratis:service=RaftServer,group=group-A086E66B3535,id=c2184b09-bc75-4b7e-aaa7-b2bff6604c2b
2019-08-27 10:38:46,747 [5ec53e02-a1c2-407d-b0be-b295a4de7079-SegmentedRaftLogWorker:Storage Directory /workdir/hadoop-ozone/integration-test/target/test-dir/MiniOzoneClusterImpl-c15ae153-fb36-4826-a287-e4cef41ee116/datanode-6/data/ratis/a9507a84-6797-4089-aee1-464eda4dbc15] INFO  segmented.SegmentedRaftLogWorker (SegmentedRaftLogWorker.java:run(313)) - 5ec53e02-a1c2-407d-b0be-b295a4de7079-SegmentedRaftLogWorker:Storage Directory /workdir/hadoop-ozone/integration-test/target/test-dir/MiniOzoneClusterImpl-c15ae153-fb36-4826-a287-e4cef41ee116/datanode-6/data/ratis/a9507a84-6797-4089-aee1-464eda4dbc15 was interrupted, exiting. There are 0 tasks remaining in the queue.
2019-08-27 10:38:46,747 [ForkJoinPool.commonPool-worker-1] INFO  impl.RoleInfo (RoleInfo.java:shutdownLeaderState(104)) - c2184b09-bc75-4b7e-aaa7-b2bff6604c2b: shutdown LeaderState
2019-08-27 10:38:46,750 [main] INFO  segmented.SegmentedRaftLogWorker (SegmentedRaftLogWorker.java:close(228)) - 5ec53e02-a1c2-407d-b0be-b295a4de7079-SegmentedRaftLogWorker:Storage Directory /workdir/hadoop-ozone/integration-test/target/test-dir/MiniOzoneClusterImpl-c15ae153-fb36-4826-a287-e4cef41ee116/datanode-6/data/ratis/a9507a84-6797-4089-aee1-464eda4dbc15 close()
2019-08-27 10:38:46,750 [ForkJoinPool.commonPool-worker-1] INFO  impl.PendingRequests (PendingRequests.java:sendNotLeaderResponses(202)) - c2184b09-bc75-4b7e-aaa7-b2bff6604c2b-PendingRequests: sendNotLeaderResponses
2019-08-27 10:38:46,754 [main] INFO  server.GrpcService (GrpcService.java:closeImpl(155)) - 5ec53e02-a1c2-407d-b0be-b295a4de7079: shutdown server with port 41259 now
2019-08-27 10:38:46,755 [ForkJoinPool.commonPool-worker-1] INFO  impl.StateMachineUpdater (StateMachineUpdater.java:stopAndJoin(115)) - StateMachineUpdater:c2184b09-bc75-4b7e-aaa7-b2bff6604c2b:group-A086E66B3535: set stopIndex = 0
2019-08-27 10:38:46,755 [ForkJoinPool.commonPool-worker-1] INFO  impl.RaftServerImpl (ServerState.java:close(394)) - c2184b09-bc75-4b7e-aaa7-b2bff6604c2b:group-A086E66B3535 closes. The last applied log index is 0
2019-08-27 10:38:46,756 [grpc-default-executor-8] WARN  server.GrpcServerProtocolService (LogUtils.java:warn(134)) - 5ec53e02-a1c2-407d-b0be-b295a4de7079: appendEntries onError: org.apache.ratis.thirdparty.io.grpc.StatusRuntimeException: CANCELLED: cancelled before receiving half close
2019-08-27 10:38:46,756 [main] INFO  server.GrpcService (GrpcService.java:closeImpl(163)) - 5ec53e02-a1c2-407d-b0be-b295a4de7079: shutdown server with port 41259 successfully
2019-08-27 10:38:46,756 [c2184b09-bc75-4b7e-aaa7-b2bff6604c2b-SegmentedRaftLogWorker:Storage Directory /workdir/hadoop-ozone/integration-test/target/test-dir/MiniOzoneClusterImpl-c15ae153-fb36-4826-a287-e4cef41ee116/datanode-2/data/ratis/ad69b540-2184-47a8-9419-a086e66b3535] INFO  segmented.SegmentedRaftLogWorker (SegmentedRaftLogWorker.java:run(313)) - c2184b09-bc75-4b7e-aaa7-b2bff6604c2b-SegmentedRaftLogWorker:Storage Directory /workdir/hadoop-ozone/integration-test/target/test-dir/MiniOzoneClusterImpl-c15ae153-fb36-4826-a287-e4cef41ee116/datanode-2/data/ratis/ad69b540-2184-47a8-9419-a086e66b3535 was interrupted, exiting. There are 0 tasks remaining in the queue.
2019-08-27 10:38:46,756 [grpc-default-executor-8] WARN  server.GrpcLogAppender (LogUtils.java:warn(134)) - d6c5e83e-90a3-43cc-b4b7-619ef1f1607f->5ec53e02-a1c2-407d-b0be-b295a4de7079: Failed appendEntries: org.apache.ratis.thirdparty.io.grpc.StatusRuntimeException: CANCELLED: HTTP/2 error code: CANCEL
Received Rst Stream
2019-08-27 10:38:46,759 [ForkJoinPool.commonPool-worker-1] INFO  segmented.SegmentedRaftLogWorker (SegmentedRaftLogWorker.java:close(228)) - c2184b09-bc75-4b7e-aaa7-b2bff6604c2b-SegmentedRaftLogWorker:Storage Directory /workdir/hadoop-ozone/integration-test/target/test-dir/MiniOzoneClusterImpl-c15ae153-fb36-4826-a287-e4cef41ee116/datanode-2/data/ratis/ad69b540-2184-47a8-9419-a086e66b3535 close()
2019-08-27 10:38:46,760 [grpc-default-executor-8] INFO  impl.FollowerInfo (FollowerInfo.java:lambda$new$0(50)) - d6c5e83e-90a3-43cc-b4b7-619ef1f1607f->5ec53e02-a1c2-407d-b0be-b295a4de7079: nextIndex: updateUnconditionally 7 -> 6
2019-08-27 10:38:46,760 [main] INFO  utils.BackgroundService (BackgroundService.java:shutdown(148)) - Shutting down service BlockDeletingService
2019-08-27 10:38:46,764 [ForkJoinPool.commonPool-worker-1] INFO  impl.RaftServerImpl (RaftServerImpl.java:lambda$shutdown$3(245)) - c2184b09-bc75-4b7e-aaa7-b2bff6604c2b: shutdown group-E4086A2083C6
2019-08-27 10:38:46,765 [ForkJoinPool.commonPool-worker-1] INFO  util.JmxRegister (JmxRegister.java:unregister(73)) - Successfully un-registered JMX Bean with object name Ratis:service=RaftServer,group=group-E4086A2083C6,id=c2184b09-bc75-4b7e-aaa7-b2bff6604c2b
2019-08-27 10:38:46,765 [ForkJoinPool.commonPool-worker-1] INFO  impl.RoleInfo (RoleInfo.java:shutdownFollowerState(121)) - c2184b09-bc75-4b7e-aaa7-b2bff6604c2b: shutdown FollowerState
2019-08-27 10:38:46,766 [ForkJoinPool.commonPool-worker-1] INFO  impl.StateMachineUpdater (StateMachineUpdater.java:stopAndJoin(115)) - StateMachineUpdater:c2184b09-bc75-4b7e-aaa7-b2bff6604c2b:group-E4086A2083C6: set stopIndex = 8
2019-08-27 10:38:46,766 [Thread-4792] INFO  impl.FollowerState (FollowerState.java:run(114)) - c2184b09-bc75-4b7e-aaa7-b2bff6604c2b: FollowerState was interrupted: java.lang.InterruptedException: sleep interrupted
2019-08-27 10:38:46,766 [StateMachineUpdater:c2184b09-bc75-4b7e-aaa7-b2bff6604c2b:group-E4086A2083C6] INFO  ratis.ContainerStateMachine (ContainerStateMachine.java:takeSnapshot(283)) - group-E4086A2083C6: Taking a snapshot at:(t:1, i:7) file /workdir/hadoop-ozone/integration-test/target/test-dir/MiniOzoneClusterImpl-c15ae153-fb36-4826-a287-e4cef41ee116/datanode-2/data/ratis/a8fb22a9-bcf5-433f-a7a9-e4086a2083c6/sm/snapshot.1_7
2019-08-27 10:38:46,766 [refreshUsed-/workdir/hadoop-ozone/integration-test/target/test-dir/MiniOzoneClusterImpl-c15ae153-fb36-4826-a287-e4cef41ee116/datanode-6/data/containers] WARN  fs.CachingGetSpaceUsed (CachingGetSpaceUsed.java:run(183)) - Thread Interrupted waiting to refresh disk information: sleep interrupted
2019-08-27 10:38:46,781 [StateMachineUpdater:c2184b09-bc75-4b7e-aaa7-b2bff6604c2b:group-E4086A2083C6] INFO  ratis.ContainerStateMachine (ContainerStateMachine.java:takeSnapshot(294)) - group-E4086A2083C6: Finished taking a snapshot at:(t:1, i:7) file:/workdir/hadoop-ozone/integration-test/target/test-dir/MiniOzoneClusterImpl-c15ae153-fb36-4826-a287-e4cef41ee116/datanode-2/data/ratis/a8fb22a9-bcf5-433f-a7a9-e4086a2083c6/sm/snapshot.1_7 time:15
2019-08-27 10:38:46,781 [StateMachineUpdater:c2184b09-bc75-4b7e-aaa7-b2bff6604c2b:group-E4086A2083C6] INFO  impl.StateMachineUpdater (StateMachineUpdater.java:takeSnapshot(242)) - StateMachineUpdater:c2184b09-bc75-4b7e-aaa7-b2bff6604c2b:group-E4086A2083C6: Took a snapshot at index 7
2019-08-27 10:38:46,781 [StateMachineUpdater:c2184b09-bc75-4b7e-aaa7-b2bff6604c2b:group-E4086A2083C6] INFO  impl.StateMachineUpdater (StateMachineUpdater.java:lambda$new$0(80)) - StateMachineUpdater:c2184b09-bc75-4b7e-aaa7-b2bff6604c2b:group-E4086A2083C6: snapshotIndex: updateIncreasingly -1 -> 7
2019-08-27 10:38:46,782 [ForkJoinPool.commonPool-worker-1] INFO  impl.RaftServerImpl (ServerState.java:close(394)) - c2184b09-bc75-4b7e-aaa7-b2bff6604c2b:group-E4086A2083C6 closes. The last applied log index is 8
2019-08-27 10:38:46,782 [c2184b09-bc75-4b7e-aaa7-b2bff6604c2b-SegmentedRaftLogWorker:Storage Directory /workdir/hadoop-ozone/integration-test/target/test-dir/MiniOzoneClusterImpl-c15ae153-fb36-4826-a287-e4cef41ee116/datanode-2/data/ratis/a8fb22a9-bcf5-433f-a7a9-e4086a2083c6] INFO  segmented.SegmentedRaftLogWorker (SegmentedRaftLogWorker.java:run(313)) - c2184b09-bc75-4b7e-aaa7-b2bff6604c2b-SegmentedRaftLogWorker:Storage Directory /workdir/hadoop-ozone/integration-test/target/test-dir/MiniOzoneClusterImpl-c15ae153-fb36-4826-a287-e4cef41ee116/datanode-2/data/ratis/a8fb22a9-bcf5-433f-a7a9-e4086a2083c6 was interrupted, exiting. There are 0 tasks remaining in the queue.
2019-08-27 10:38:46,784 [ForkJoinPool.commonPool-worker-1] INFO  segmented.SegmentedRaftLogWorker (SegmentedRaftLogWorker.java:close(228)) - c2184b09-bc75-4b7e-aaa7-b2bff6604c2b-SegmentedRaftLogWorker:Storage Directory /workdir/hadoop-ozone/integration-test/target/test-dir/MiniOzoneClusterImpl-c15ae153-fb36-4826-a287-e4cef41ee116/datanode-2/data/ratis/a8fb22a9-bcf5-433f-a7a9-e4086a2083c6 close()
2019-08-27 10:38:46,787 [ForkJoinPool.commonPool-worker-1] INFO  server.GrpcService (GrpcService.java:closeImpl(155)) - c2184b09-bc75-4b7e-aaa7-b2bff6604c2b: shutdown server with port 36038 now
2019-08-27 10:38:46,793 [main] INFO  statemachine.DatanodeStateMachine (DatanodeStateMachine.java:stopDaemon(395)) - Ozone container server stopped.
2019-08-27 10:38:46,793 [grpc-default-executor-8] WARN  server.GrpcLogAppender (LogUtils.java:warn(134)) - 8a499d08-9a52-4eaf-822d-1c8aaae5e0bd->c2184b09-bc75-4b7e-aaa7-b2bff6604c2b: Failed appendEntries: org.apache.ratis.thirdparty.io.grpc.StatusRuntimeException: CANCELLED: HTTP/2 error code: CANCEL
Received Rst Stream
2019-08-27 10:38:46,793 [ForkJoinPool.commonPool-worker-1] INFO  server.GrpcService (GrpcService.java:closeImpl(163)) - c2184b09-bc75-4b7e-aaa7-b2bff6604c2b: shutdown server with port 36038 successfully
2019-08-27 10:38:46,793 [grpc-default-executor-9] WARN  server.GrpcServerProtocolService (LogUtils.java:warn(134)) - c2184b09-bc75-4b7e-aaa7-b2bff6604c2b: appendEntries onError: org.apache.ratis.thirdparty.io.grpc.StatusRuntimeException: CANCELLED: cancelled before receiving half close
2019-08-27 10:38:46,793 [grpc-default-executor-8] INFO  impl.FollowerInfo (FollowerInfo.java:lambda$new$0(50)) - 8a499d08-9a52-4eaf-822d-1c8aaae5e0bd->c2184b09-bc75-4b7e-aaa7-b2bff6604c2b: nextIndex: updateUnconditionally 9 -> 8
2019-08-27 10:38:46,794 [main] INFO  handler.ContextHandler (ContextHandler.java:doStop(910)) - Stopped o.e.j.w.WebAppContext@5ce76938{/,null,UNAVAILABLE}{/hddsDatanode}
2019-08-27 10:38:46,795 [ForkJoinPool.commonPool-worker-1] INFO  utils.BackgroundService (BackgroundService.java:shutdown(148)) - Shutting down service BlockDeletingService
2019-08-27 10:38:46,795 [main] INFO  server.AbstractConnector (AbstractConnector.java:doStop(318)) - Stopped ServerConnector@56653a4d{HTTP/1.1,[http/1.1]}{0.0.0.0:0}
2019-08-27 10:38:46,796 [main] INFO  handler.ContextHandler (ContextHandler.java:doStop(910)) - Stopped o.e.j.s.ServletContextHandler@698cc99d{/static,jar:file:/home/user/.m2/repository/org/apache/hadoop/hadoop-hdds-container-service/0.5.0-SNAPSHOT/hadoop-hdds-container-service-0.5.0-SNAPSHOT.jar!/webapps/static,UNAVAILABLE}
2019-08-27 10:38:46,796 [refreshUsed-/workdir/hadoop-ozone/integration-test/target/test-dir/MiniOzoneClusterImpl-c15ae153-fb36-4826-a287-e4cef41ee116/datanode-2/data/containers] WARN  fs.CachingGetSpaceUsed (CachingGetSpaceUsed.java:run(183)) - Thread Interrupted waiting to refresh disk information: sleep interrupted
2019-08-27 10:38:46,797 [main] INFO  handler.ContextHandler (ContextHandler.java:doStop(910)) - Stopped o.e.j.s.ServletContextHandler@387f53cf{/logs,file:///workdir/hadoop-ozone/integration-test/target/log,UNAVAILABLE}
2019-08-27 10:38:46,798 [main] INFO  datanode.ObjectStoreHandler (ObjectStoreHandler.java:close(155)) - Closing ObjectStoreHandler.
2019-08-27 10:38:46,798 [main] INFO  ozone.HddsDatanodeService (HddsDatanodeService.java:stop(451)) - Stopped plug-in org.apache.hadoop.ozone.web.OzoneHddsDatanodeService@5381acc6
2019-08-27 10:38:46,813 [ForkJoinPool.commonPool-worker-1] INFO  statemachine.DatanodeStateMachine (DatanodeStateMachine.java:stopDaemon(395)) - Ozone container server stopped.
2019-08-27 10:38:46,818 [ForkJoinPool.commonPool-worker-1] INFO  handler.ContextHandler (ContextHandler.java:doStop(910)) - Stopped o.e.j.w.WebAppContext@1c16b2f7{/,null,UNAVAILABLE}{/hddsDatanode}
2019-08-27 10:38:46,818 [ForkJoinPool.commonPool-worker-1] INFO  server.AbstractConnector (AbstractConnector.java:doStop(318)) - Stopped ServerConnector@1b10963a{HTTP/1.1,[http/1.1]}{0.0.0.0:0}
2019-08-27 10:38:46,820 [ForkJoinPool.commonPool-worker-1] INFO  handler.ContextHandler (ContextHandler.java:doStop(910)) - Stopped o.e.j.s.ServletContextHandler@72988e0c{/static,jar:file:/home/user/.m2/repository/org/apache/hadoop/hadoop-hdds-container-service/0.5.0-SNAPSHOT/hadoop-hdds-container-service-0.5.0-SNAPSHOT.jar!/webapps/static,UNAVAILABLE}
2019-08-27 10:38:46,821 [ForkJoinPool.commonPool-worker-1] INFO  handler.ContextHandler (ContextHandler.java:doStop(910)) - Stopped o.e.j.s.ServletContextHandler@627ed93a{/logs,file:///workdir/hadoop-ozone/integration-test/target/log,UNAVAILABLE}
2019-08-27 10:38:46,822 [ForkJoinPool.commonPool-worker-1] INFO  datanode.ObjectStoreHandler (ObjectStoreHandler.java:close(155)) - Closing ObjectStoreHandler.
2019-08-27 10:38:46,822 [ForkJoinPool.commonPool-worker-1] INFO  ozone.HddsDatanodeService (HddsDatanodeService.java:stop(451)) - Stopped plug-in org.apache.hadoop.ozone.web.OzoneHddsDatanodeService@6d512521
2019-08-27 10:38:47,209 [Datanode State Machine Thread - 0] INFO  statemachine.DatanodeStateMachine (DatanodeStateMachine.java:lambda$startDaemon$0(350)) - Ozone container server started.
2019-08-27 10:38:47,480 [Datanode State Machine Thread - 0] INFO  statemachine.DatanodeStateMachine (DatanodeStateMachine.java:lambda$startDaemon$0(350)) - Ozone container server started.
2019-08-27 10:38:47,483 | INFO  | SCMAudit | user=jenkins1000 | ip=192.168.5.140 | op=SEND_HEARTBEAT {datanodeUUID=d6c5e83e-90a3-43cc-b4b7-619ef1f1607f, command=[commandType: closeContainerCommand closeContainerCommandProto { containerID: 2 pipelineID { id: "43fa28c7-05fe-4b32-bac7-b6141069e86b" } cmdId: 2 force: false } ]} | ret=SUCCESS |  
2019-08-27 10:38:48,200 [grpc-default-executor-8] WARN  server.GrpcLogAppender (LogUtils.java:warn(134)) - 8a499d08-9a52-4eaf-822d-1c8aaae5e0bd->18958245-7eb0-45e5-8b80-d1a4d5f9fe80: Failed appendEntries: org.apache.ratis.thirdparty.io.grpc.StatusRuntimeException: UNAVAILABLE: io exception
2019-08-27 10:38:48,201 [grpc-default-executor-8] INFO  impl.FollowerInfo (FollowerInfo.java:lambda$new$0(50)) - 8a499d08-9a52-4eaf-822d-1c8aaae5e0bd->18958245-7eb0-45e5-8b80-d1a4d5f9fe80: nextIndex: updateUnconditionally 4 -> 3
2019-08-27 10:38:48,202 [grpc-default-executor-3] WARN  server.GrpcLogAppender (LogUtils.java:warn(134)) - 8a499d08-9a52-4eaf-822d-1c8aaae5e0bd->c2184b09-bc75-4b7e-aaa7-b2bff6604c2b: Failed appendEntries: org.apache.ratis.thirdparty.io.grpc.StatusRuntimeException: UNAVAILABLE: io exception
2019-08-27 10:38:48,202 [grpc-default-executor-3] INFO  impl.FollowerInfo (FollowerInfo.java:lambda$new$0(50)) - 8a499d08-9a52-4eaf-822d-1c8aaae5e0bd->c2184b09-bc75-4b7e-aaa7-b2bff6604c2b: nextIndex: updateUnconditionally 8 -> 7
2019-08-27 10:38:48,483 | INFO  | SCMAudit | user=jenkins1000 | ip=192.168.5.140 | op=SEND_HEARTBEAT {datanodeUUID=d6c5e83e-90a3-43cc-b4b7-619ef1f1607f, command=[]} | ret=SUCCESS |  
2019-08-27 10:38:48,499 | INFO  | SCMAudit | user=jenkins1000 | ip=192.168.5.140 | op=SEND_HEARTBEAT {datanodeUUID=d6c5e83e-90a3-43cc-b4b7-619ef1f1607f, command=[]} | ret=SUCCESS |  
2019-08-27 10:38:48,501 [grpc-default-executor-3] WARN  server.GrpcLogAppender (LogUtils.java:warn(134)) - d6c5e83e-90a3-43cc-b4b7-619ef1f1607f->5ec53e02-a1c2-407d-b0be-b295a4de7079: Failed appendEntries: org.apache.ratis.thirdparty.io.grpc.StatusRuntimeException: UNAVAILABLE: io exception
2019-08-27 10:38:48,501 [grpc-default-executor-3] INFO  impl.FollowerInfo (FollowerInfo.java:lambda$new$0(50)) - d6c5e83e-90a3-43cc-b4b7-619ef1f1607f->5ec53e02-a1c2-407d-b0be-b295a4de7079: nextIndex: updateUnconditionally 7 -> 6
2019-08-27 10:38:48,513 [grpc-default-executor-9] WARN  server.GrpcLogAppender (LogUtils.java:warn(134)) - d6c5e83e-90a3-43cc-b4b7-619ef1f1607f->5ec53e02-a1c2-407d-b0be-b295a4de7079: Failed appendEntries: org.apache.ratis.thirdparty.io.grpc.StatusRuntimeException: UNAVAILABLE: io exception
2019-08-27 10:38:48,513 [grpc-default-executor-9] INFO  impl.FollowerInfo (FollowerInfo.java:lambda$new$0(50)) - d6c5e83e-90a3-43cc-b4b7-619ef1f1607f->5ec53e02-a1c2-407d-b0be-b295a4de7079: nextIndex: updateUnconditionally 7 -> 6
2019-08-27 10:38:48,526 [grpc-default-executor-3] WARN  server.GrpcLogAppender (LogUtils.java:warn(134)) - d6c5e83e-90a3-43cc-b4b7-619ef1f1607f->5ec53e02-a1c2-407d-b0be-b295a4de7079: Failed appendEntries: org.apache.ratis.thirdparty.io.grpc.StatusRuntimeException: UNAVAILABLE: io exception
2019-08-27 10:38:48,526 [grpc-default-executor-3] INFO  impl.FollowerInfo (FollowerInfo.java:lambda$new$0(50)) - d6c5e83e-90a3-43cc-b4b7-619ef1f1607f->5ec53e02-a1c2-407d-b0be-b295a4de7079: nextIndex: updateUnconditionally 7 -> 6
2019-08-27 10:38:48,526 [RatisApplyTransactionExecutor 2] INFO  interfaces.Container (KeyValueContainer.java:flushAndSyncDB(382)) - Container 2 is synced with bcsId 4.
2019-08-27 10:38:48,527 [RatisApplyTransactionExecutor 2] INFO  interfaces.Container (KeyValueContainer.java:flushAndSyncDB(382)) - Container 2 is synced with bcsId 4.
2019-08-27 10:38:48,542 | INFO  | DNAudit | user=null | ip=null | op=CLOSE_CONTAINER {containerID=2} | ret=SUCCESS |  
2019-08-27 10:38:48,542 [RatisApplyTransactionExecutor 2] INFO  interfaces.Container (KeyValueContainer.java:flushAndSyncDB(382)) - Container 2 is synced with bcsId 4.
2019-08-27 10:38:48,543 | INFO  | SCMAudit | user=jenkins1000 | ip=192.168.5.140 | op=SEND_HEARTBEAT {datanodeUUID=d6c5e83e-90a3-43cc-b4b7-619ef1f1607f, command=[]} | ret=SUCCESS |  
2019-08-27 10:38:48,542 [RatisApplyTransactionExecutor 2] INFO  interfaces.Container (KeyValueContainer.java:flushAndSyncDB(382)) - Container 2 is synced with bcsId 4.
2019-08-27 10:38:48,543 [EventQueue-IncrementalContainerReportForIncrementalContainerReportHandler] INFO  container.IncrementalContainerReportHandler (AbstractContainerReportHandler.java:updateContainerState(176)) - Moving container #2 to CLOSED state, datanode d6c5e83e-90a3-43cc-b4b7-619ef1f1607f{ip: 192.168.5.140, host: pr-hdds-1982-decom-states-5k2nc-2490103652, networkLocation: /default-rack, certSerialId: null} reported CLOSED replica.
2019-08-27 10:38:48,557 | INFO  | DNAudit | user=null | ip=null | op=CLOSE_CONTAINER {containerID=2} | ret=SUCCESS |  
2019-08-27 10:38:49,543 | INFO  | SCMAudit | user=jenkins1000 | ip=192.168.5.140 | op=SEND_HEARTBEAT {datanodeUUID=d6c5e83e-90a3-43cc-b4b7-619ef1f1607f, command=[]} | ret=SUCCESS |  
2019-08-27 10:38:50,543 | INFO  | SCMAudit | user=jenkins1000 | ip=192.168.5.140 | op=SEND_HEARTBEAT {datanodeUUID=d6c5e83e-90a3-43cc-b4b7-619ef1f1607f, command=[]} | ret=SUCCESS |  
2019-08-27 10:38:50,701 [grpc-default-executor-3] WARN  server.GrpcLogAppender (LogUtils.java:warn(134)) - 8a499d08-9a52-4eaf-822d-1c8aaae5e0bd->18958245-7eb0-45e5-8b80-d1a4d5f9fe80: Failed appendEntries: org.apache.ratis.thirdparty.io.grpc.StatusRuntimeException: UNAVAILABLE: io exception
2019-08-27 10:38:50,701 [grpc-default-executor-3] INFO  impl.FollowerInfo (FollowerInfo.java:lambda$new$0(50)) - 8a499d08-9a52-4eaf-822d-1c8aaae5e0bd->18958245-7eb0-45e5-8b80-d1a4d5f9fe80: nextIndex: updateUnconditionally 3 -> 2
2019-08-27 10:38:50,702 [grpc-default-executor-3] WARN  server.GrpcLogAppender (LogUtils.java:warn(134)) - 8a499d08-9a52-4eaf-822d-1c8aaae5e0bd->c2184b09-bc75-4b7e-aaa7-b2bff6604c2b: Failed appendEntries: org.apache.ratis.thirdparty.io.grpc.StatusRuntimeException: UNAVAILABLE: io exception
2019-08-27 10:38:50,702 [grpc-default-executor-3] INFO  impl.FollowerInfo (FollowerInfo.java:lambda$new$0(50)) - 8a499d08-9a52-4eaf-822d-1c8aaae5e0bd->c2184b09-bc75-4b7e-aaa7-b2bff6604c2b: nextIndex: updateUnconditionally 7 -> 6
2019-08-27 10:38:51,027 [grpc-default-executor-8] WARN  server.GrpcLogAppender (LogUtils.java:warn(134)) - d6c5e83e-90a3-43cc-b4b7-619ef1f1607f->5ec53e02-a1c2-407d-b0be-b295a4de7079: Failed appendEntries: org.apache.ratis.thirdparty.io.grpc.StatusRuntimeException: UNAVAILABLE: io exception
2019-08-27 10:38:51,028 [grpc-default-executor-8] INFO  impl.FollowerInfo (FollowerInfo.java:lambda$new$0(50)) - d6c5e83e-90a3-43cc-b4b7-619ef1f1607f->5ec53e02-a1c2-407d-b0be-b295a4de7079: nextIndex: updateUnconditionally 6 -> 5
2019-08-27 10:38:51,222 [EventQueue-StaleNodeForStaleNodeHandler] INFO  node.StaleNodeHandler (StaleNodeHandler.java:onMessage(58)) - Datanode 8a499d08-9a52-4eaf-822d-1c8aaae5e0bd{ip: 192.168.5.140, host: pr-hdds-1982-decom-states-5k2nc-2490103652, networkLocation: /default-rack, certSerialId: null} moved to stale state. Finalizing its pipelines [PipelineID=f9b18638-78cb-48e7-afd5-cc7f0617f32b, PipelineID=a8fb22a9-bcf5-433f-a7a9-e4086a2083c6]
2019-08-27 10:38:51,222 [EventQueue-StaleNodeForStaleNodeHandler] INFO  pipeline.SCMPipelineManager (SCMPipelineManager.java:finalizeAndDestroyPipeline(309)) - destroying pipeline:Pipeline[ Id: f9b18638-78cb-48e7-afd5-cc7f0617f32b, Nodes: 8a499d08-9a52-4eaf-822d-1c8aaae5e0bd{ip: 192.168.5.140, host: pr-hdds-1982-decom-states-5k2nc-2490103652, networkLocation: /default-rack, certSerialId: null}, Type:RATIS, Factor:ONE, State:OPEN]
2019-08-27 10:38:51,222 [EventQueue-StaleNodeForStaleNodeHandler] INFO  pipeline.PipelineStateManager (PipelineStateManager.java:finalizePipeline(123)) - Pipeline Pipeline[ Id: f9b18638-78cb-48e7-afd5-cc7f0617f32b, Nodes: 8a499d08-9a52-4eaf-822d-1c8aaae5e0bd{ip: 192.168.5.140, host: pr-hdds-1982-decom-states-5k2nc-2490103652, networkLocation: /default-rack, certSerialId: null}, Type:RATIS, Factor:ONE, State:CLOSED] moved to CLOSED state
2019-08-27 10:38:51,222 [EventQueue-StaleNodeForStaleNodeHandler] INFO  pipeline.SCMPipelineManager (SCMPipelineManager.java:finalizeAndDestroyPipeline(309)) - destroying pipeline:Pipeline[ Id: a8fb22a9-bcf5-433f-a7a9-e4086a2083c6, Nodes: 8a499d08-9a52-4eaf-822d-1c8aaae5e0bd{ip: 192.168.5.140, host: pr-hdds-1982-decom-states-5k2nc-2490103652, networkLocation: /default-rack, certSerialId: null}18958245-7eb0-45e5-8b80-d1a4d5f9fe80{ip: 192.168.5.140, host: pr-hdds-1982-decom-states-5k2nc-2490103652, networkLocation: /default-rack, certSerialId: null}c2184b09-bc75-4b7e-aaa7-b2bff6604c2b{ip: 192.168.5.140, host: pr-hdds-1982-decom-states-5k2nc-2490103652, networkLocation: /default-rack, certSerialId: null}, Type:RATIS, Factor:THREE, State:CLOSED]
2019-08-27 10:38:51,522 [EventQueue-StaleNodeForStaleNodeHandler] INFO  node.StaleNodeHandler (StaleNodeHandler.java:onMessage(58)) - Datanode 55846269-6583-45cb-807e-dad1f0ee78d3{ip: 192.168.5.140, host: pr-hdds-1982-decom-states-5k2nc-2490103652, networkLocation: /default-rack, certSerialId: null} moved to stale state. Finalizing its pipelines [PipelineID=43fa28c7-05fe-4b32-bac7-b6141069e86b, PipelineID=f28106ab-1d00-4161-a089-d884d908617c]
2019-08-27 10:38:51,522 [EventQueue-StaleNodeForStaleNodeHandler] INFO  pipeline.SCMPipelineManager (SCMPipelineManager.java:finalizeAndDestroyPipeline(309)) - destroying pipeline:Pipeline[ Id: 43fa28c7-05fe-4b32-bac7-b6141069e86b, Nodes: d6c5e83e-90a3-43cc-b4b7-619ef1f1607f{ip: 192.168.5.140, host: pr-hdds-1982-decom-states-5k2nc-2490103652, networkLocation: /default-rack, certSerialId: null}5ec53e02-a1c2-407d-b0be-b295a4de7079{ip: 192.168.5.140, host: pr-hdds-1982-decom-states-5k2nc-2490103652, networkLocation: /default-rack, certSerialId: null}55846269-6583-45cb-807e-dad1f0ee78d3{ip: 192.168.5.140, host: pr-hdds-1982-decom-states-5k2nc-2490103652, networkLocation: /default-rack, certSerialId: null}, Type:RATIS, Factor:THREE, State:CLOSED]
2019-08-27 10:38:51,523 [EventQueue-StaleNodeForStaleNodeHandler] INFO  pipeline.SCMPipelineManager (SCMPipelineManager.java:finalizeAndDestroyPipeline(309)) - destroying pipeline:Pipeline[ Id: f28106ab-1d00-4161-a089-d884d908617c, Nodes: 55846269-6583-45cb-807e-dad1f0ee78d3{ip: 192.168.5.140, host: pr-hdds-1982-decom-states-5k2nc-2490103652, networkLocation: /default-rack, certSerialId: null}, Type:RATIS, Factor:ONE, State:OPEN]
2019-08-27 10:38:51,523 [EventQueue-StaleNodeForStaleNodeHandler] INFO  pipeline.PipelineStateManager (PipelineStateManager.java:finalizePipeline(123)) - Pipeline Pipeline[ Id: f28106ab-1d00-4161-a089-d884d908617c, Nodes: 55846269-6583-45cb-807e-dad1f0ee78d3{ip: 192.168.5.140, host: pr-hdds-1982-decom-states-5k2nc-2490103652, networkLocation: /default-rack, certSerialId: null}, Type:RATIS, Factor:ONE, State:CLOSED] moved to CLOSED state
2019-08-27 10:38:51,543 | INFO  | SCMAudit | user=jenkins1000 | ip=192.168.5.140 | op=SEND_HEARTBEAT {datanodeUUID=d6c5e83e-90a3-43cc-b4b7-619ef1f1607f, command=[]} | ret=SUCCESS |  
2019-08-27 10:38:51,800 [main] INFO  ozoneimpl.OzoneContainer (OzoneContainer.java:stop(199)) - Attempting to stop container services.
2019-08-27 10:38:51,801 [main] INFO  impl.RaftServerProxy (RaftServerProxy.java:lambda$close$4(314)) - 55846269-6583-45cb-807e-dad1f0ee78d3: close
2019-08-27 10:38:51,801 [main] INFO  impl.RaftServerImpl (RaftServerImpl.java:lambda$shutdown$3(245)) - 55846269-6583-45cb-807e-dad1f0ee78d3: shutdown group-B6141069E86B
2019-08-27 10:38:51,801 [main] INFO  util.JmxRegister (JmxRegister.java:unregister(73)) - Successfully un-registered JMX Bean with object name Ratis:service=RaftServer,group=group-B6141069E86B,id=55846269-6583-45cb-807e-dad1f0ee78d3
2019-08-27 10:38:51,802 [main] INFO  impl.RoleInfo (RoleInfo.java:shutdownFollowerState(121)) - 55846269-6583-45cb-807e-dad1f0ee78d3: shutdown FollowerState
2019-08-27 10:38:51,802 [main] INFO  impl.StateMachineUpdater (StateMachineUpdater.java:stopAndJoin(115)) - StateMachineUpdater:55846269-6583-45cb-807e-dad1f0ee78d3:group-B6141069E86B: set stopIndex = 8
2019-08-27 10:38:51,802 [Thread-4822] INFO  impl.FollowerState (FollowerState.java:run(114)) - 55846269-6583-45cb-807e-dad1f0ee78d3: FollowerState was interrupted: java.lang.InterruptedException: sleep interrupted
2019-08-27 10:38:51,802 [StateMachineUpdater:55846269-6583-45cb-807e-dad1f0ee78d3:group-B6141069E86B] INFO  ratis.ContainerStateMachine (ContainerStateMachine.java:takeSnapshot(283)) - group-B6141069E86B: Taking a snapshot at:(t:1, i:7) file /workdir/hadoop-ozone/integration-test/target/test-dir/MiniOzoneClusterImpl-c15ae153-fb36-4826-a287-e4cef41ee116/datanode-5/data/ratis/43fa28c7-05fe-4b32-bac7-b6141069e86b/sm/snapshot.1_7
2019-08-27 10:38:51,819 [StateMachineUpdater:55846269-6583-45cb-807e-dad1f0ee78d3:group-B6141069E86B] INFO  ratis.ContainerStateMachine (ContainerStateMachine.java:takeSnapshot(294)) - group-B6141069E86B: Finished taking a snapshot at:(t:1, i:7) file:/workdir/hadoop-ozone/integration-test/target/test-dir/MiniOzoneClusterImpl-c15ae153-fb36-4826-a287-e4cef41ee116/datanode-5/data/ratis/43fa28c7-05fe-4b32-bac7-b6141069e86b/sm/snapshot.1_7 time:17
2019-08-27 10:38:51,819 [StateMachineUpdater:55846269-6583-45cb-807e-dad1f0ee78d3:group-B6141069E86B] INFO  impl.StateMachineUpdater (StateMachineUpdater.java:takeSnapshot(242)) - StateMachineUpdater:55846269-6583-45cb-807e-dad1f0ee78d3:group-B6141069E86B: Took a snapshot at index 7
2019-08-27 10:38:51,819 [StateMachineUpdater:55846269-6583-45cb-807e-dad1f0ee78d3:group-B6141069E86B] INFO  impl.StateMachineUpdater (StateMachineUpdater.java:lambda$new$0(80)) - StateMachineUpdater:55846269-6583-45cb-807e-dad1f0ee78d3:group-B6141069E86B: snapshotIndex: updateIncreasingly -1 -> 7
2019-08-27 10:38:51,820 [main] INFO  impl.RaftServerImpl (ServerState.java:close(394)) - 55846269-6583-45cb-807e-dad1f0ee78d3:group-B6141069E86B closes. The last applied log index is 8
2019-08-27 10:38:51,820 [55846269-6583-45cb-807e-dad1f0ee78d3-SegmentedRaftLogWorker:Storage Directory /workdir/hadoop-ozone/integration-test/target/test-dir/MiniOzoneClusterImpl-c15ae153-fb36-4826-a287-e4cef41ee116/datanode-5/data/ratis/43fa28c7-05fe-4b32-bac7-b6141069e86b] INFO  segmented.SegmentedRaftLogWorker (SegmentedRaftLogWorker.java:run(313)) - 55846269-6583-45cb-807e-dad1f0ee78d3-SegmentedRaftLogWorker:Storage Directory /workdir/hadoop-ozone/integration-test/target/test-dir/MiniOzoneClusterImpl-c15ae153-fb36-4826-a287-e4cef41ee116/datanode-5/data/ratis/43fa28c7-05fe-4b32-bac7-b6141069e86b was interrupted, exiting. There are 0 tasks remaining in the queue.
2019-08-27 10:38:51,822 [main] INFO  segmented.SegmentedRaftLogWorker (SegmentedRaftLogWorker.java:close(228)) - 55846269-6583-45cb-807e-dad1f0ee78d3-SegmentedRaftLogWorker:Storage Directory /workdir/hadoop-ozone/integration-test/target/test-dir/MiniOzoneClusterImpl-c15ae153-fb36-4826-a287-e4cef41ee116/datanode-5/data/ratis/43fa28c7-05fe-4b32-bac7-b6141069e86b close()
2019-08-27 10:38:51,823 [ForkJoinPool.commonPool-worker-1] INFO  ozoneimpl.OzoneContainer (OzoneContainer.java:stop(199)) - Attempting to stop container services.
2019-08-27 10:38:51,831 [main] INFO  impl.RaftServerImpl (RaftServerImpl.java:lambda$shutdown$3(245)) - 55846269-6583-45cb-807e-dad1f0ee78d3: shutdown group-D884D908617C
2019-08-27 10:38:51,831 [ForkJoinPool.commonPool-worker-1] INFO  impl.RaftServerProxy (RaftServerProxy.java:lambda$close$4(314)) - 8a499d08-9a52-4eaf-822d-1c8aaae5e0bd: close
2019-08-27 10:38:51,832 [main] INFO  util.JmxRegister (JmxRegister.java:unregister(73)) - Successfully un-registered JMX Bean with object name Ratis:service=RaftServer,group=group-D884D908617C,id=55846269-6583-45cb-807e-dad1f0ee78d3
2019-08-27 10:38:51,832 [ForkJoinPool.commonPool-worker-1] INFO  impl.RaftServerImpl (RaftServerImpl.java:lambda$shutdown$3(245)) - 8a499d08-9a52-4eaf-822d-1c8aaae5e0bd: shutdown group-CC7F0617F32B
2019-08-27 10:38:51,832 [main] INFO  impl.RoleInfo (RoleInfo.java:shutdownLeaderState(104)) - 55846269-6583-45cb-807e-dad1f0ee78d3: shutdown LeaderState
2019-08-27 10:38:51,833 [ForkJoinPool.commonPool-worker-1] INFO  util.JmxRegister (JmxRegister.java:unregister(73)) - Successfully un-registered JMX Bean with object name Ratis:service=RaftServer,group=group-CC7F0617F32B,id=8a499d08-9a52-4eaf-822d-1c8aaae5e0bd
2019-08-27 10:38:51,833 [main] INFO  impl.PendingRequests (PendingRequests.java:sendNotLeaderResponses(202)) - 55846269-6583-45cb-807e-dad1f0ee78d3-PendingRequests: sendNotLeaderResponses
2019-08-27 10:38:51,833 [ForkJoinPool.commonPool-worker-1] INFO  impl.RoleInfo (RoleInfo.java:shutdownLeaderState(104)) - 8a499d08-9a52-4eaf-822d-1c8aaae5e0bd: shutdown LeaderState
2019-08-27 10:38:51,834 [main] INFO  impl.StateMachineUpdater (StateMachineUpdater.java:stopAndJoin(115)) - StateMachineUpdater:55846269-6583-45cb-807e-dad1f0ee78d3:group-D884D908617C: set stopIndex = 0
2019-08-27 10:38:51,834 [ForkJoinPool.commonPool-worker-1] INFO  impl.PendingRequests (PendingRequests.java:sendNotLeaderResponses(202)) - 8a499d08-9a52-4eaf-822d-1c8aaae5e0bd-PendingRequests: sendNotLeaderResponses
2019-08-27 10:38:51,835 [main] INFO  impl.RaftServerImpl (ServerState.java:close(394)) - 55846269-6583-45cb-807e-dad1f0ee78d3:group-D884D908617C closes. The last applied log index is 0
2019-08-27 10:38:51,835 [ForkJoinPool.commonPool-worker-1] INFO  impl.StateMachineUpdater (StateMachineUpdater.java:stopAndJoin(115)) - StateMachineUpdater:8a499d08-9a52-4eaf-822d-1c8aaae5e0bd:group-CC7F0617F32B: set stopIndex = 0
2019-08-27 10:38:51,836 [55846269-6583-45cb-807e-dad1f0ee78d3-SegmentedRaftLogWorker:Storage Directory /workdir/hadoop-ozone/integration-test/target/test-dir/MiniOzoneClusterImpl-c15ae153-fb36-4826-a287-e4cef41ee116/datanode-5/data/ratis/f28106ab-1d00-4161-a089-d884d908617c] INFO  segmented.SegmentedRaftLogWorker (SegmentedRaftLogWorker.java:run(313)) - 55846269-6583-45cb-807e-dad1f0ee78d3-SegmentedRaftLogWorker:Storage Directory /workdir/hadoop-ozone/integration-test/target/test-dir/MiniOzoneClusterImpl-c15ae153-fb36-4826-a287-e4cef41ee116/datanode-5/data/ratis/f28106ab-1d00-4161-a089-d884d908617c was interrupted, exiting. There are 0 tasks remaining in the queue.
2019-08-27 10:38:51,836 [ForkJoinPool.commonPool-worker-1] INFO  impl.RaftServerImpl (ServerState.java:close(394)) - 8a499d08-9a52-4eaf-822d-1c8aaae5e0bd:group-CC7F0617F32B closes. The last applied log index is 0
2019-08-27 10:38:51,838 [main] INFO  segmented.SegmentedRaftLogWorker (SegmentedRaftLogWorker.java:close(228)) - 55846269-6583-45cb-807e-dad1f0ee78d3-SegmentedRaftLogWorker:Storage Directory /workdir/hadoop-ozone/integration-test/target/test-dir/MiniOzoneClusterImpl-c15ae153-fb36-4826-a287-e4cef41ee116/datanode-5/data/ratis/f28106ab-1d00-4161-a089-d884d908617c close()
2019-08-27 10:38:51,838 [8a499d08-9a52-4eaf-822d-1c8aaae5e0bd-SegmentedRaftLogWorker:Storage Directory /workdir/hadoop-ozone/integration-test/target/test-dir/MiniOzoneClusterImpl-c15ae153-fb36-4826-a287-e4cef41ee116/datanode-0/data/ratis/f9b18638-78cb-48e7-afd5-cc7f0617f32b] INFO  segmented.SegmentedRaftLogWorker (SegmentedRaftLogWorker.java:run(313)) - 8a499d08-9a52-4eaf-822d-1c8aaae5e0bd-SegmentedRaftLogWorker:Storage Directory /workdir/hadoop-ozone/integration-test/target/test-dir/MiniOzoneClusterImpl-c15ae153-fb36-4826-a287-e4cef41ee116/datanode-0/data/ratis/f9b18638-78cb-48e7-afd5-cc7f0617f32b was interrupted, exiting. There are 0 tasks remaining in the queue.
2019-08-27 10:38:51,840 [main] INFO  server.GrpcService (GrpcService.java:closeImpl(155)) - 55846269-6583-45cb-807e-dad1f0ee78d3: shutdown server with port 40107 now
2019-08-27 10:38:51,841 [ForkJoinPool.commonPool-worker-1] INFO  segmented.SegmentedRaftLogWorker (SegmentedRaftLogWorker.java:close(228)) - 8a499d08-9a52-4eaf-822d-1c8aaae5e0bd-SegmentedRaftLogWorker:Storage Directory /workdir/hadoop-ozone/integration-test/target/test-dir/MiniOzoneClusterImpl-c15ae153-fb36-4826-a287-e4cef41ee116/datanode-0/data/ratis/f9b18638-78cb-48e7-afd5-cc7f0617f32b close()
2019-08-27 10:38:51,847 [ForkJoinPool.commonPool-worker-1] INFO  impl.RaftServerImpl (RaftServerImpl.java:lambda$shutdown$3(245)) - 8a499d08-9a52-4eaf-822d-1c8aaae5e0bd: shutdown group-E4086A2083C6
2019-08-27 10:38:51,847 [ForkJoinPool.commonPool-worker-1] INFO  util.JmxRegister (JmxRegister.java:unregister(73)) - Successfully un-registered JMX Bean with object name Ratis:service=RaftServer,group=group-E4086A2083C6,id=8a499d08-9a52-4eaf-822d-1c8aaae5e0bd
2019-08-27 10:38:51,847 [ForkJoinPool.commonPool-worker-1] INFO  impl.RoleInfo (RoleInfo.java:shutdownLeaderState(104)) - 8a499d08-9a52-4eaf-822d-1c8aaae5e0bd: shutdown LeaderState
2019-08-27 10:38:51,847 [grpc-default-executor-9] WARN  server.GrpcServerProtocolService (LogUtils.java:warn(134)) - 55846269-6583-45cb-807e-dad1f0ee78d3: appendEntries onError: org.apache.ratis.thirdparty.io.grpc.StatusRuntimeException: CANCELLED: cancelled before receiving half close
2019-08-27 10:38:51,850 [org.apache.ratis.server.impl.LogAppender$AppenderDaemon$$Lambda$461/706770451@2741ad86] WARN  server.GrpcLogAppender (GrpcLogAppender.java:mayWait(143)) - GrpcLogAppender(8a499d08-9a52-4eaf-822d-1c8aaae5e0bd->c2184b09-bc75-4b7e-aaa7-b2bff6604c2b): Wait interrupted by java.lang.InterruptedException
2019-08-27 10:38:51,847 [grpc-default-executor-3] WARN  server.GrpcLogAppender (LogUtils.java:warn(134)) - d6c5e83e-90a3-43cc-b4b7-619ef1f1607f->55846269-6583-45cb-807e-dad1f0ee78d3: Failed appendEntries: org.apache.ratis.thirdparty.io.grpc.StatusRuntimeException: CANCELLED: HTTP/2 error code: CANCEL
Received Rst Stream
2019-08-27 10:38:51,847 [main] INFO  server.GrpcService (GrpcService.java:closeImpl(163)) - 55846269-6583-45cb-807e-dad1f0ee78d3: shutdown server with port 40107 successfully
2019-08-27 10:38:51,851 [grpc-default-executor-3] INFO  impl.FollowerInfo (FollowerInfo.java:lambda$new$0(50)) - d6c5e83e-90a3-43cc-b4b7-619ef1f1607f->55846269-6583-45cb-807e-dad1f0ee78d3: nextIndex: updateUnconditionally 9 -> 8
2019-08-27 10:38:51,850 [org.apache.ratis.server.impl.LogAppender$AppenderDaemon$$Lambda$461/706770451@6243270a] WARN  server.GrpcLogAppender (GrpcLogAppender.java:mayWait(143)) - GrpcLogAppender(8a499d08-9a52-4eaf-822d-1c8aaae5e0bd->18958245-7eb0-45e5-8b80-d1a4d5f9fe80): Wait interrupted by java.lang.InterruptedException
2019-08-27 10:38:51,850 [ForkJoinPool.commonPool-worker-1] INFO  impl.PendingRequests (PendingRequests.java:sendNotLeaderResponses(202)) - 8a499d08-9a52-4eaf-822d-1c8aaae5e0bd-PendingRequests: sendNotLeaderResponses
2019-08-27 10:38:51,857 [ForkJoinPool.commonPool-worker-1] INFO  impl.StateMachineUpdater (StateMachineUpdater.java:stopAndJoin(115)) - StateMachineUpdater:8a499d08-9a52-4eaf-822d-1c8aaae5e0bd:group-E4086A2083C6: set stopIndex = 8
2019-08-27 10:38:51,857 [StateMachineUpdater:8a499d08-9a52-4eaf-822d-1c8aaae5e0bd:group-E4086A2083C6] INFO  ratis.ContainerStateMachine (ContainerStateMachine.java:takeSnapshot(283)) - group-E4086A2083C6: Taking a snapshot at:(t:1, i:8) file /workdir/hadoop-ozone/integration-test/target/test-dir/MiniOzoneClusterImpl-c15ae153-fb36-4826-a287-e4cef41ee116/datanode-0/data/ratis/a8fb22a9-bcf5-433f-a7a9-e4086a2083c6/sm/snapshot.1_8
2019-08-27 10:38:51,857 [main] INFO  utils.BackgroundService (BackgroundService.java:shutdown(148)) - Shutting down service BlockDeletingService
2019-08-27 10:38:51,859 [refreshUsed-/workdir/hadoop-ozone/integration-test/target/test-dir/MiniOzoneClusterImpl-c15ae153-fb36-4826-a287-e4cef41ee116/datanode-5/data/containers] WARN  fs.CachingGetSpaceUsed (CachingGetSpaceUsed.java:run(183)) - Thread Interrupted waiting to refresh disk information: sleep interrupted
2019-08-27 10:38:51,877 [main] INFO  statemachine.DatanodeStateMachine (DatanodeStateMachine.java:stopDaemon(395)) - Ozone container server stopped.
2019-08-27 10:38:51,878 [main] INFO  handler.ContextHandler (ContextHandler.java:doStop(910)) - Stopped o.e.j.w.WebAppContext@319f21b7{/,null,UNAVAILABLE}{/hddsDatanode}
2019-08-27 10:38:51,879 [main] INFO  server.AbstractConnector (AbstractConnector.java:doStop(318)) - Stopped ServerConnector@6f8a11f0{HTTP/1.1,[http/1.1]}{0.0.0.0:0}
2019-08-27 10:38:51,879 [main] INFO  handler.ContextHandler (ContextHandler.java:doStop(910)) - Stopped o.e.j.s.ServletContextHandler@6df459fe{/static,jar:file:/home/user/.m2/repository/org/apache/hadoop/hadoop-hdds-container-service/0.5.0-SNAPSHOT/hadoop-hdds-container-service-0.5.0-SNAPSHOT.jar!/webapps/static,UNAVAILABLE}
2019-08-27 10:38:51,880 [main] INFO  handler.ContextHandler (ContextHandler.java:doStop(910)) - Stopped o.e.j.s.ServletContextHandler@387f581e{/logs,file:///workdir/hadoop-ozone/integration-test/target/log,UNAVAILABLE}
2019-08-27 10:38:51,880 [main] INFO  datanode.ObjectStoreHandler (ObjectStoreHandler.java:close(155)) - Closing ObjectStoreHandler.
2019-08-27 10:38:51,881 [main] INFO  ozone.HddsDatanodeService (HddsDatanodeService.java:stop(451)) - Stopped plug-in org.apache.hadoop.ozone.web.OzoneHddsDatanodeService@2dbdd3f2
2019-08-27 10:38:51,883 [StateMachineUpdater:8a499d08-9a52-4eaf-822d-1c8aaae5e0bd:group-E4086A2083C6] INFO  ratis.ContainerStateMachine (ContainerStateMachine.java:takeSnapshot(294)) - group-E4086A2083C6: Finished taking a snapshot at:(t:1, i:8) file:/workdir/hadoop-ozone/integration-test/target/test-dir/MiniOzoneClusterImpl-c15ae153-fb36-4826-a287-e4cef41ee116/datanode-0/data/ratis/a8fb22a9-bcf5-433f-a7a9-e4086a2083c6/sm/snapshot.1_8 time:27
2019-08-27 10:38:51,883 [StateMachineUpdater:8a499d08-9a52-4eaf-822d-1c8aaae5e0bd:group-E4086A2083C6] INFO  impl.StateMachineUpdater (StateMachineUpdater.java:takeSnapshot(242)) - StateMachineUpdater:8a499d08-9a52-4eaf-822d-1c8aaae5e0bd:group-E4086A2083C6: Took a snapshot at index 8
2019-08-27 10:38:51,883 [StateMachineUpdater:8a499d08-9a52-4eaf-822d-1c8aaae5e0bd:group-E4086A2083C6] INFO  impl.StateMachineUpdater (StateMachineUpdater.java:lambda$new$0(80)) - StateMachineUpdater:8a499d08-9a52-4eaf-822d-1c8aaae5e0bd:group-E4086A2083C6: snapshotIndex: updateIncreasingly -1 -> 8
2019-08-27 10:38:51,884 [ForkJoinPool.commonPool-worker-1] INFO  impl.RaftServerImpl (ServerState.java:close(394)) - 8a499d08-9a52-4eaf-822d-1c8aaae5e0bd:group-E4086A2083C6 closes. The last applied log index is 8
2019-08-27 10:38:51,884 [8a499d08-9a52-4eaf-822d-1c8aaae5e0bd-SegmentedRaftLogWorker:Storage Directory /workdir/hadoop-ozone/integration-test/target/test-dir/MiniOzoneClusterImpl-c15ae153-fb36-4826-a287-e4cef41ee116/datanode-0/data/ratis/a8fb22a9-bcf5-433f-a7a9-e4086a2083c6] INFO  segmented.SegmentedRaftLogWorker (SegmentedRaftLogWorker.java:run(313)) - 8a499d08-9a52-4eaf-822d-1c8aaae5e0bd-SegmentedRaftLogWorker:Storage Directory /workdir/hadoop-ozone/integration-test/target/test-dir/MiniOzoneClusterImpl-c15ae153-fb36-4826-a287-e4cef41ee116/datanode-0/data/ratis/a8fb22a9-bcf5-433f-a7a9-e4086a2083c6 was interrupted, exiting. There are 0 tasks remaining in the queue.
2019-08-27 10:38:51,884 [ForkJoinPool.commonPool-worker-1] INFO  segmented.SegmentedRaftLogWorker (SegmentedRaftLogWorker.java:close(228)) - 8a499d08-9a52-4eaf-822d-1c8aaae5e0bd-SegmentedRaftLogWorker:Storage Directory /workdir/hadoop-ozone/integration-test/target/test-dir/MiniOzoneClusterImpl-c15ae153-fb36-4826-a287-e4cef41ee116/datanode-0/data/ratis/a8fb22a9-bcf5-433f-a7a9-e4086a2083c6 close()
2019-08-27 10:38:51,885 [ForkJoinPool.commonPool-worker-1] INFO  server.GrpcService (GrpcService.java:closeImpl(155)) - 8a499d08-9a52-4eaf-822d-1c8aaae5e0bd: shutdown server with port 46555 now
2019-08-27 10:38:51,885 [grpc-default-executor-9] WARN  client.GrpcClientProtocolService (LogUtils.java:warn(134)) - 3-UnorderedRequestStreamObserver3: onError: org.apache.ratis.thirdparty.io.grpc.StatusRuntimeException: CANCELLED: cancelled before receiving half close
2019-08-27 10:38:51,886 [ForkJoinPool.commonPool-worker-1] INFO  server.GrpcService (GrpcService.java:closeImpl(163)) - 8a499d08-9a52-4eaf-822d-1c8aaae5e0bd: shutdown server with port 46555 successfully
2019-08-27 10:38:51,887 [ForkJoinPool.commonPool-worker-1] INFO  utils.BackgroundService (BackgroundService.java:shutdown(148)) - Shutting down service BlockDeletingService
2019-08-27 10:38:51,888 [refreshUsed-/workdir/hadoop-ozone/integration-test/target/test-dir/MiniOzoneClusterImpl-c15ae153-fb36-4826-a287-e4cef41ee116/datanode-0/data/containers] WARN  fs.CachingGetSpaceUsed (CachingGetSpaceUsed.java:run(183)) - Thread Interrupted waiting to refresh disk information: sleep interrupted
2019-08-27 10:38:51,909 [ForkJoinPool.commonPool-worker-1] INFO  statemachine.DatanodeStateMachine (DatanodeStateMachine.java:stopDaemon(395)) - Ozone container server stopped.
2019-08-27 10:38:51,913 [ForkJoinPool.commonPool-worker-1] INFO  handler.ContextHandler (ContextHandler.java:doStop(910)) - Stopped o.e.j.w.WebAppContext@59606589{/,null,UNAVAILABLE}{/hddsDatanode}
2019-08-27 10:38:51,914 [ForkJoinPool.commonPool-worker-1] INFO  server.AbstractConnector (AbstractConnector.java:doStop(318)) - Stopped ServerConnector@11d0033b{HTTP/1.1,[http/1.1]}{0.0.0.0:0}
2019-08-27 10:38:51,916 [ForkJoinPool.commonPool-worker-1] INFO  handler.ContextHandler (ContextHandler.java:doStop(910)) - Stopped o.e.j.s.ServletContextHandler@725bb3a8{/static,jar:file:/home/user/.m2/repository/org/apache/hadoop/hadoop-hdds-container-service/0.5.0-SNAPSHOT/hadoop-hdds-container-service-0.5.0-SNAPSHOT.jar!/webapps/static,UNAVAILABLE}
2019-08-27 10:38:51,917 [ForkJoinPool.commonPool-worker-1] INFO  handler.ContextHandler (ContextHandler.java:doStop(910)) - Stopped o.e.j.s.ServletContextHandler@7c556af2{/logs,file:///workdir/hadoop-ozone/integration-test/target/log,UNAVAILABLE}
2019-08-27 10:38:51,968 | INFO  | DNAudit | user=null | ip=null | op=PUT_BLOCK {blockData=[blockId=conID: 1 locID: 102688509788487703 bcsId: 0,size=167]} | ret=SUCCESS |  
2019-08-27 10:38:52,542 [Datanode State Machine Thread - 0] INFO  statemachine.DatanodeStateMachine (DatanodeStateMachine.java:lambda$startDaemon$0(350)) - Ozone container server started.
2019-08-27 10:38:53,528 [grpc-default-executor-3] WARN  server.GrpcLogAppender (LogUtils.java:warn(134)) - d6c5e83e-90a3-43cc-b4b7-619ef1f1607f->5ec53e02-a1c2-407d-b0be-b295a4de7079: Failed appendEntries: org.apache.ratis.thirdparty.io.grpc.StatusRuntimeException: UNAVAILABLE: io exception
2019-08-27 10:38:53,528 [grpc-default-executor-4] WARN  server.GrpcLogAppender (LogUtils.java:warn(134)) - d6c5e83e-90a3-43cc-b4b7-619ef1f1607f->55846269-6583-45cb-807e-dad1f0ee78d3: Failed appendEntries: org.apache.ratis.thirdparty.io.grpc.StatusRuntimeException: UNAVAILABLE: io exception
2019-08-27 10:38:53,528 [grpc-default-executor-3] INFO  impl.FollowerInfo (FollowerInfo.java:lambda$new$0(50)) - d6c5e83e-90a3-43cc-b4b7-619ef1f1607f->5ec53e02-a1c2-407d-b0be-b295a4de7079: nextIndex: updateUnconditionally 5 -> 4
2019-08-27 10:38:53,528 [grpc-default-executor-4] INFO  impl.FollowerInfo (FollowerInfo.java:lambda$new$0(50)) - d6c5e83e-90a3-43cc-b4b7-619ef1f1607f->55846269-6583-45cb-807e-dad1f0ee78d3: nextIndex: updateUnconditionally 8 -> 7
2019-08-27 10:38:56,028 [grpc-default-executor-3] WARN  server.GrpcLogAppender (LogUtils.java:warn(134)) - d6c5e83e-90a3-43cc-b4b7-619ef1f1607f->5ec53e02-a1c2-407d-b0be-b295a4de7079: Failed appendEntries: org.apache.ratis.thirdparty.io.grpc.StatusRuntimeException: UNAVAILABLE: io exception
2019-08-27 10:38:56,029 [grpc-default-executor-4] WARN  server.GrpcLogAppender (LogUtils.java:warn(134)) - d6c5e83e-90a3-43cc-b4b7-619ef1f1607f->55846269-6583-45cb-807e-dad1f0ee78d3: Failed appendEntries: org.apache.ratis.thirdparty.io.grpc.StatusRuntimeException: UNAVAILABLE: io exception
2019-08-27 10:38:56,029 [grpc-default-executor-3] INFO  impl.FollowerInfo (FollowerInfo.java:lambda$new$0(50)) - d6c5e83e-90a3-43cc-b4b7-619ef1f1607f->5ec53e02-a1c2-407d-b0be-b295a4de7079: nextIndex: updateUnconditionally 4 -> 3
2019-08-27 10:38:56,029 [grpc-default-executor-4] INFO  impl.FollowerInfo (FollowerInfo.java:lambda$new$0(50)) - d6c5e83e-90a3-43cc-b4b7-619ef1f1607f->55846269-6583-45cb-807e-dad1f0ee78d3: nextIndex: updateUnconditionally 7 -> 6
2019-08-27 10:38:56,629 [EventQueue-StaleNodeForStaleNodeHandler] INFO  node.StaleNodeHandler (StaleNodeHandler.java:onMessage(58)) - Datanode d6c5e83e-90a3-43cc-b4b7-619ef1f1607f{ip: 192.168.5.140, host: pr-hdds-1982-decom-states-5k2nc-2490103652, networkLocation: /default-rack, certSerialId: null} moved to stale state. Finalizing its pipelines [PipelineID=43fa28c7-05fe-4b32-bac7-b6141069e86b, PipelineID=4d62ee54-5a14-48b9-b121-934447a53d4f]
2019-08-27 10:38:56,629 [EventQueue-StaleNodeForStaleNodeHandler] INFO  pipeline.SCMPipelineManager (SCMPipelineManager.java:finalizeAndDestroyPipeline(309)) - destroying pipeline:Pipeline[ Id: 43fa28c7-05fe-4b32-bac7-b6141069e86b, Nodes: d6c5e83e-90a3-43cc-b4b7-619ef1f1607f{ip: 192.168.5.140, host: pr-hdds-1982-decom-states-5k2nc-2490103652, networkLocation: /default-rack, certSerialId: null}5ec53e02-a1c2-407d-b0be-b295a4de7079{ip: 192.168.5.140, host: pr-hdds-1982-decom-states-5k2nc-2490103652, networkLocation: /default-rack, certSerialId: null}55846269-6583-45cb-807e-dad1f0ee78d3{ip: 192.168.5.140, host: pr-hdds-1982-decom-states-5k2nc-2490103652, networkLocation: /default-rack, certSerialId: null}, Type:RATIS, Factor:THREE, State:CLOSED]
2019-08-27 10:38:56,629 [EventQueue-StaleNodeForStaleNodeHandler] INFO  pipeline.SCMPipelineManager (SCMPipelineManager.java:finalizeAndDestroyPipeline(309)) - destroying pipeline:Pipeline[ Id: 4d62ee54-5a14-48b9-b121-934447a53d4f, Nodes: d6c5e83e-90a3-43cc-b4b7-619ef1f1607f{ip: 192.168.5.140, host: pr-hdds-1982-decom-states-5k2nc-2490103652, networkLocation: /default-rack, certSerialId: null}, Type:RATIS, Factor:ONE, State:OPEN]
2019-08-27 10:38:56,630 [EventQueue-StaleNodeForStaleNodeHandler] INFO  pipeline.PipelineStateManager (PipelineStateManager.java:finalizePipeline(123)) - Pipeline Pipeline[ Id: 4d62ee54-5a14-48b9-b121-934447a53d4f, Nodes: d6c5e83e-90a3-43cc-b4b7-619ef1f1607f{ip: 192.168.5.140, host: pr-hdds-1982-decom-states-5k2nc-2490103652, networkLocation: /default-rack, certSerialId: null}, Type:RATIS, Factor:ONE, State:CLOSED] moved to CLOSED state
2019-08-27 10:38:56,882 [main] INFO  ozoneimpl.OzoneContainer (OzoneContainer.java:stop(199)) - Attempting to stop container services.
2019-08-27 10:38:56,882 [main] INFO  impl.RaftServerProxy (RaftServerProxy.java:lambda$close$4(314)) - d6c5e83e-90a3-43cc-b4b7-619ef1f1607f: close
2019-08-27 10:38:56,883 [main] INFO  impl.RaftServerImpl (RaftServerImpl.java:lambda$shutdown$3(245)) - d6c5e83e-90a3-43cc-b4b7-619ef1f1607f: shutdown group-B6141069E86B
2019-08-27 10:38:56,883 [main] INFO  util.JmxRegister (JmxRegister.java:unregister(73)) - Successfully un-registered JMX Bean with object name Ratis:service=RaftServer,group=group-B6141069E86B,id=d6c5e83e-90a3-43cc-b4b7-619ef1f1607f
2019-08-27 10:38:56,884 [main] INFO  impl.RoleInfo (RoleInfo.java:shutdownLeaderState(104)) - d6c5e83e-90a3-43cc-b4b7-619ef1f1607f: shutdown LeaderState
2019-08-27 10:38:56,887 [main] INFO  impl.PendingRequests (PendingRequests.java:sendNotLeaderResponses(202)) - d6c5e83e-90a3-43cc-b4b7-619ef1f1607f-PendingRequests: sendNotLeaderResponses
2019-08-27 10:38:56,887 [org.apache.ratis.server.impl.LogAppender$AppenderDaemon$$Lambda$461/706770451@6c8cf772] WARN  server.GrpcLogAppender (GrpcLogAppender.java:mayWait(143)) - GrpcLogAppender(d6c5e83e-90a3-43cc-b4b7-619ef1f1607f->55846269-6583-45cb-807e-dad1f0ee78d3): Wait interrupted by java.lang.InterruptedException
2019-08-27 10:38:56,887 [org.apache.ratis.server.impl.LogAppender$AppenderDaemon$$Lambda$461/706770451@298e7c27] WARN  server.GrpcLogAppender (GrpcLogAppender.java:mayWait(143)) - GrpcLogAppender(d6c5e83e-90a3-43cc-b4b7-619ef1f1607f->5ec53e02-a1c2-407d-b0be-b295a4de7079): Wait interrupted by java.lang.InterruptedException
2019-08-27 10:38:56,894 [main] INFO  impl.StateMachineUpdater (StateMachineUpdater.java:stopAndJoin(115)) - StateMachineUpdater:d6c5e83e-90a3-43cc-b4b7-619ef1f1607f:group-B6141069E86B: set stopIndex = 8
2019-08-27 10:38:56,894 [StateMachineUpdater:d6c5e83e-90a3-43cc-b4b7-619ef1f1607f:group-B6141069E86B] INFO  ratis.ContainerStateMachine (ContainerStateMachine.java:takeSnapshot(283)) - group-B6141069E86B: Taking a snapshot at:(t:1, i:8) file /workdir/hadoop-ozone/integration-test/target/test-dir/MiniOzoneClusterImpl-c15ae153-fb36-4826-a287-e4cef41ee116/datanode-3/data/ratis/43fa28c7-05fe-4b32-bac7-b6141069e86b/sm/snapshot.1_8
2019-08-27 10:38:56,907 [StateMachineUpdater:d6c5e83e-90a3-43cc-b4b7-619ef1f1607f:group-B6141069E86B] INFO  ratis.ContainerStateMachine (ContainerStateMachine.java:takeSnapshot(294)) - group-B6141069E86B: Finished taking a snapshot at:(t:1, i:8) file:/workdir/hadoop-ozone/integration-test/target/test-dir/MiniOzoneClusterImpl-c15ae153-fb36-4826-a287-e4cef41ee116/datanode-3/data/ratis/43fa28c7-05fe-4b32-bac7-b6141069e86b/sm/snapshot.1_8 time:14
2019-08-27 10:38:56,907 [StateMachineUpdater:d6c5e83e-90a3-43cc-b4b7-619ef1f1607f:group-B6141069E86B] INFO  impl.StateMachineUpdater (StateMachineUpdater.java:takeSnapshot(242)) - StateMachineUpdater:d6c5e83e-90a3-43cc-b4b7-619ef1f1607f:group-B6141069E86B: Took a snapshot at index 8
2019-08-27 10:38:56,907 [StateMachineUpdater:d6c5e83e-90a3-43cc-b4b7-619ef1f1607f:group-B6141069E86B] INFO  impl.StateMachineUpdater (StateMachineUpdater.java:lambda$new$0(80)) - StateMachineUpdater:d6c5e83e-90a3-43cc-b4b7-619ef1f1607f:group-B6141069E86B: snapshotIndex: updateIncreasingly -1 -> 8
2019-08-27 10:38:56,908 [main] INFO  impl.RaftServerImpl (ServerState.java:close(394)) - d6c5e83e-90a3-43cc-b4b7-619ef1f1607f:group-B6141069E86B closes. The last applied log index is 8
2019-08-27 10:38:56,909 [d6c5e83e-90a3-43cc-b4b7-619ef1f1607f-SegmentedRaftLogWorker:Storage Directory /workdir/hadoop-ozone/integration-test/target/test-dir/MiniOzoneClusterImpl-c15ae153-fb36-4826-a287-e4cef41ee116/datanode-3/data/ratis/43fa28c7-05fe-4b32-bac7-b6141069e86b] INFO  segmented.SegmentedRaftLogWorker (SegmentedRaftLogWorker.java:run(313)) - d6c5e83e-90a3-43cc-b4b7-619ef1f1607f-SegmentedRaftLogWorker:Storage Directory /workdir/hadoop-ozone/integration-test/target/test-dir/MiniOzoneClusterImpl-c15ae153-fb36-4826-a287-e4cef41ee116/datanode-3/data/ratis/43fa28c7-05fe-4b32-bac7-b6141069e86b was interrupted, exiting. There are 0 tasks remaining in the queue.
2019-08-27 10:38:56,909 [main] INFO  segmented.SegmentedRaftLogWorker (SegmentedRaftLogWorker.java:close(228)) - d6c5e83e-90a3-43cc-b4b7-619ef1f1607f-SegmentedRaftLogWorker:Storage Directory /workdir/hadoop-ozone/integration-test/target/test-dir/MiniOzoneClusterImpl-c15ae153-fb36-4826-a287-e4cef41ee116/datanode-3/data/ratis/43fa28c7-05fe-4b32-bac7-b6141069e86b close()
2019-08-27 10:38:56,910 [main] INFO  impl.RaftServerImpl (RaftServerImpl.java:lambda$shutdown$3(245)) - d6c5e83e-90a3-43cc-b4b7-619ef1f1607f: shutdown group-934447A53D4F
2019-08-27 10:38:56,910 [main] INFO  util.JmxRegister (JmxRegister.java:unregister(73)) - Successfully un-registered JMX Bean with object name Ratis:service=RaftServer,group=group-934447A53D4F,id=d6c5e83e-90a3-43cc-b4b7-619ef1f1607f
2019-08-27 10:38:56,911 [main] INFO  impl.RoleInfo (RoleInfo.java:shutdownLeaderState(104)) - d6c5e83e-90a3-43cc-b4b7-619ef1f1607f: shutdown LeaderState
2019-08-27 10:38:56,911 [main] INFO  impl.PendingRequests (PendingRequests.java:sendNotLeaderResponses(202)) - d6c5e83e-90a3-43cc-b4b7-619ef1f1607f-PendingRequests: sendNotLeaderResponses
2019-08-27 10:38:56,912 [main] INFO  impl.StateMachineUpdater (StateMachineUpdater.java:stopAndJoin(115)) - StateMachineUpdater:d6c5e83e-90a3-43cc-b4b7-619ef1f1607f:group-934447A53D4F: set stopIndex = 0
2019-08-27 10:38:56,912 [main] INFO  impl.RaftServerImpl (ServerState.java:close(394)) - d6c5e83e-90a3-43cc-b4b7-619ef1f1607f:group-934447A53D4F closes. The last applied log index is 0
2019-08-27 10:38:56,912 [d6c5e83e-90a3-43cc-b4b7-619ef1f1607f-SegmentedRaftLogWorker:Storage Directory /workdir/hadoop-ozone/integration-test/target/test-dir/MiniOzoneClusterImpl-c15ae153-fb36-4826-a287-e4cef41ee116/datanode-3/data/ratis/4d62ee54-5a14-48b9-b121-934447a53d4f] INFO  segmented.SegmentedRaftLogWorker (SegmentedRaftLogWorker.java:run(313)) - d6c5e83e-90a3-43cc-b4b7-619ef1f1607f-SegmentedRaftLogWorker:Storage Directory /workdir/hadoop-ozone/integration-test/target/test-dir/MiniOzoneClusterImpl-c15ae153-fb36-4826-a287-e4cef41ee116/datanode-3/data/ratis/4d62ee54-5a14-48b9-b121-934447a53d4f was interrupted, exiting. There are 0 tasks remaining in the queue.
2019-08-27 10:38:56,913 [main] INFO  segmented.SegmentedRaftLogWorker (SegmentedRaftLogWorker.java:close(228)) - d6c5e83e-90a3-43cc-b4b7-619ef1f1607f-SegmentedRaftLogWorker:Storage Directory /workdir/hadoop-ozone/integration-test/target/test-dir/MiniOzoneClusterImpl-c15ae153-fb36-4826-a287-e4cef41ee116/datanode-3/data/ratis/4d62ee54-5a14-48b9-b121-934447a53d4f close()
2019-08-27 10:38:56,913 [main] INFO  server.GrpcService (GrpcService.java:closeImpl(155)) - d6c5e83e-90a3-43cc-b4b7-619ef1f1607f: shutdown server with port 35498 now
2019-08-27 10:38:56,914 [main] INFO  server.GrpcService (GrpcService.java:closeImpl(163)) - d6c5e83e-90a3-43cc-b4b7-619ef1f1607f: shutdown server with port 35498 successfully
2019-08-27 10:38:56,917 [main] INFO  utils.BackgroundService (BackgroundService.java:shutdown(148)) - Shutting down service BlockDeletingService
2019-08-27 10:38:56,921 [refreshUsed-/workdir/hadoop-ozone/integration-test/target/test-dir/MiniOzoneClusterImpl-c15ae153-fb36-4826-a287-e4cef41ee116/datanode-3/data/containers] WARN  fs.CachingGetSpaceUsed (CachingGetSpaceUsed.java:run(183)) - Thread Interrupted waiting to refresh disk information: sleep interrupted
2019-08-27 10:38:56,944 [main] INFO  statemachine.DatanodeStateMachine (DatanodeStateMachine.java:stopDaemon(395)) - Ozone container server stopped.
2019-08-27 10:38:56,954 [main] INFO  handler.ContextHandler (ContextHandler.java:doStop(910)) - Stopped o.e.j.w.WebAppContext@5e5df559{/,null,UNAVAILABLE}{/hddsDatanode}
2019-08-27 10:38:56,955 [main] INFO  server.AbstractConnector (AbstractConnector.java:doStop(318)) - Stopped ServerConnector@7481775c{HTTP/1.1,[http/1.1]}{0.0.0.0:0}
2019-08-27 10:38:56,955 [main] INFO  handler.ContextHandler (ContextHandler.java:doStop(910)) - Stopped o.e.j.s.ServletContextHandler@73a65712{/static,jar:file:/home/user/.m2/repository/org/apache/hadoop/hadoop-hdds-container-service/0.5.0-SNAPSHOT/hadoop-hdds-container-service-0.5.0-SNAPSHOT.jar!/webapps/static,UNAVAILABLE}
2019-08-27 10:38:56,956 [main] INFO  handler.ContextHandler (ContextHandler.java:doStop(910)) - Stopped o.e.j.s.ServletContextHandler@739785c5{/logs,file:///workdir/hadoop-ozone/integration-test/target/log,UNAVAILABLE}
2019-08-27 10:38:56,957 [main] INFO  ozone.MiniOzoneClusterImpl (MiniOzoneClusterImpl.java:stop(353)) - Stopping the StorageContainerManager
2019-08-27 10:38:56,957 [main] INFO  server.StorageContainerManager (StorageContainerManager.java:stop(797)) - Stopping Replication Manager Service.
2019-08-27 10:38:56,957 [main] INFO  container.ReplicationManager (ReplicationManager.java:stop(193)) - Stopping Replication Monitor Thread.
2019-08-27 10:38:56,957 [main] INFO  server.StorageContainerManager (StorageContainerManager.java:stop(804)) - Stopping Lease Manager of the command watchers
2019-08-27 10:38:56,957 [main] INFO  server.StorageContainerManager (StorageContainerManager.java:stop(811)) - Stopping datanode service RPC server
2019-08-27 10:38:56,958 [main] INFO  server.SCMDatanodeProtocolServer (SCMDatanodeProtocolServer.java:stop(367)) - Stopping the RPC server for DataNodes
2019-08-27 10:38:56,958 [main] INFO  ipc.Server (Server.java:stop(3082)) - Stopping server on 41411
2019-08-27 10:38:56,963 [IPC Server listener on 41411] INFO  ipc.Server (Server.java:run(1185)) - Stopping IPC Server listener on 41411
2019-08-27 10:38:56,963 [IPC Server Responder] INFO  ipc.Server (Server.java:run(1319)) - Stopping IPC Server Responder
2019-08-27 10:38:57,029 [SCM Heartbeat Processing Thread - 0] WARN  node.NodeStateManager (NodeStateManager.java:scheduleNextHealthCheck(603)) - Current Thread is interrupted, shutting down HB processing thread for Node Manager.
2019-08-27 10:38:57,030 [main] INFO  server.StorageContainerManager (StorageContainerManager.java:stop(819)) - Stopping block service RPC server
2019-08-27 10:38:57,030 [main] INFO  server.SCMBlockProtocolServer (SCMBlockProtocolServer.java:stop(148)) - Stopping the RPC server for Block Protocol
2019-08-27 10:38:57,030 [main] INFO  ipc.Server (Server.java:stop(3082)) - Stopping server on 46529
2019-08-27 10:38:57,033 [IPC Server listener on 46529] INFO  ipc.Server (Server.java:run(1185)) - Stopping IPC Server listener on 46529
2019-08-27 10:38:57,033 [main] INFO  server.StorageContainerManager (StorageContainerManager.java:stop(826)) - Stopping the StorageContainerLocationProtocol RPC server
2019-08-27 10:38:57,033 [main] INFO  server.SCMClientProtocolServer (SCMClientProtocolServer.java:stop(159)) - Stopping the RPC server for Client Protocol
2019-08-27 10:38:57,034 [main] INFO  ipc.Server (Server.java:stop(3082)) - Stopping server on 42578
2019-08-27 10:38:57,033 [IPC Server Responder] INFO  ipc.Server (Server.java:run(1319)) - Stopping IPC Server Responder
2019-08-27 10:38:57,036 [main] INFO  server.StorageContainerManager (StorageContainerManager.java:stop(833)) - Stopping Storage Container Manager HTTP server.
2019-08-27 10:38:57,036 [IPC Server Responder] INFO  ipc.Server (Server.java:run(1319)) - Stopping IPC Server Responder
2019-08-27 10:38:57,036 [IPC Server listener on 42578] INFO  ipc.Server (Server.java:run(1185)) - Stopping IPC Server listener on 42578
2019-08-27 10:38:57,037 [main] INFO  handler.ContextHandler (ContextHandler.java:doStop(910)) - Stopped o.e.j.w.WebAppContext@5e9af5d4{/,null,UNAVAILABLE}{/scm}
2019-08-27 10:38:57,038 [main] INFO  server.AbstractConnector (AbstractConnector.java:doStop(318)) - Stopped ServerConnector@6fd2b939{HTTP/1.1,[http/1.1]}{0.0.0.0:0}
2019-08-27 10:38:57,038 [main] INFO  handler.ContextHandler (ContextHandler.java:doStop(910)) - Stopped o.e.j.s.ServletContextHandler@e646b14{/static,file:///workdir/hadoop-ozone/integration-test/target/test-classes/webapps/static,UNAVAILABLE}
2019-08-27 10:38:57,039 [main] INFO  handler.ContextHandler (ContextHandler.java:doStop(910)) - Stopped o.e.j.s.ServletContextHandler@77f3bb3f{/logs,file:///workdir/hadoop-ozone/integration-test/target/log,UNAVAILABLE}
2019-08-27 10:38:57,040 [main] INFO  server.StorageContainerManager (StorageContainerManager.java:stop(844)) - Stopping Block Manager Service.
2019-08-27 10:38:57,040 [main] INFO  utils.BackgroundService (BackgroundService.java:shutdown(148)) - Shutting down service SCMBlockDeletingService
2019-08-27 10:38:57,041 [main] INFO  utils.BackgroundService (BackgroundService.java:shutdown(148)) - Shutting down service SCMBlockDeletingService
2019-08-27 10:38:57,042 [main] INFO  server.StorageContainerManager (StorageContainerManager.java:stop(866)) - Stopping SCM Event Queue.
2019-08-27 10:38:57,046 [main] INFO  impl.MetricsSystemImpl (MetricsSystemImpl.java:stop(210)) - Stopping HddsDatanode metrics system...
2019-08-27 10:38:57,056 [main] INFO  impl.MetricsSystemImpl (MetricsSystemImpl.java:stop(216)) - HddsDatanode metrics system stopped.
]]></system-out>
    <system-err><![CDATA[Aug 27, 2019 10:38:23 AM com.sun.jersey.server.impl.application.WebApplicationImpl _initiate
INFO: Initiating Jersey application, version 'Jersey: 1.19 02/11/2015 03:25 AM'
Aug 27, 2019 10:38:23 AM com.sun.jersey.server.impl.application.WebApplicationImpl _initiate
INFO: Initiating Jersey application, version 'Jersey: 1.19 02/11/2015 03:25 AM'
Aug 27, 2019 10:38:24 AM com.sun.jersey.server.impl.application.WebApplicationImpl _initiate
INFO: Initiating Jersey application, version 'Jersey: 1.19 02/11/2015 03:25 AM'
Aug 27, 2019 10:38:24 AM com.sun.jersey.server.impl.application.WebApplicationImpl _initiate
INFO: Initiating Jersey application, version 'Jersey: 1.19 02/11/2015 03:25 AM'
Aug 27, 2019 10:38:24 AM com.sun.jersey.server.impl.application.WebApplicationImpl _initiate
INFO: Initiating Jersey application, version 'Jersey: 1.19 02/11/2015 03:25 AM'
Aug 27, 2019 10:38:24 AM com.sun.jersey.server.impl.application.WebApplicationImpl _initiate
INFO: Initiating Jersey application, version 'Jersey: 1.19 02/11/2015 03:25 AM'
Aug 27, 2019 10:38:24 AM com.sun.jersey.server.impl.application.WebApplicationImpl _initiate
INFO: Initiating Jersey application, version 'Jersey: 1.19 02/11/2015 03:25 AM'
Aug 27, 2019 10:38:28 AM org.apache.ratis.thirdparty.io.grpc.internal.ManagedChannelOrphanWrapper$ManagedChannelReference cleanQueue
SEVERE: *~*~*~ Channel ManagedChannelImpl{logId=3409, target=192.168.5.140:41713} was not shutdown properly!!! ~*~*~*
    Make sure to call shutdown()/shutdownNow() and wait until awaitTermination() returns true.
java.lang.RuntimeException: ManagedChannel allocation site
	at org.apache.ratis.thirdparty.io.grpc.internal.ManagedChannelOrphanWrapper$ManagedChannelReference.<init>(ManagedChannelOrphanWrapper.java:103)
	at org.apache.ratis.thirdparty.io.grpc.internal.ManagedChannelOrphanWrapper.<init>(ManagedChannelOrphanWrapper.java:53)
	at org.apache.ratis.thirdparty.io.grpc.internal.ManagedChannelOrphanWrapper.<init>(ManagedChannelOrphanWrapper.java:44)
	at org.apache.ratis.thirdparty.io.grpc.internal.AbstractManagedChannelImplBuilder.build(AbstractManagedChannelImplBuilder.java:411)
	at org.apache.ratis.grpc.client.GrpcClientProtocolClient.<init>(GrpcClientProtocolClient.java:119)
	at org.apache.ratis.grpc.client.GrpcClientRpc.lambda$new$0(GrpcClientRpc.java:55)
	at org.apache.ratis.util.PeerProxyMap$PeerAndProxy.lambda$getProxy$0(PeerProxyMap.java:61)
	at org.apache.ratis.util.LifeCycle.startAndTransition(LifeCycle.java:202)
	at org.apache.ratis.util.PeerProxyMap$PeerAndProxy.getProxy(PeerProxyMap.java:60)
	at org.apache.ratis.util.PeerProxyMap.getProxy(PeerProxyMap.java:107)
	at org.apache.ratis.grpc.client.GrpcClientRpc.sendRequestAsync(GrpcClientRpc.java:66)
	at org.apache.ratis.client.impl.OrderedAsync.sendRequest(OrderedAsync.java:208)
	at org.apache.ratis.client.impl.OrderedAsync.sendRequestWithRetry(OrderedAsync.java:169)
	at org.apache.ratis.util.SlidingWindow$Client.sendOrDelayRequest(SlidingWindow.java:278)
	at org.apache.ratis.util.SlidingWindow$Client.submitNewRequest(SlidingWindow.java:257)
	at org.apache.ratis.client.impl.OrderedAsync.send(OrderedAsync.java:155)
	at org.apache.ratis.client.impl.RaftClientImpl.sendAsync(RaftClientImpl.java:145)
	at org.apache.ratis.client.impl.RaftClientImpl.sendAsync(RaftClientImpl.java:125)
	at org.apache.hadoop.hdds.scm.XceiverClientRatis.sendRequestAsync(XceiverClientRatis.java:224)
	at org.apache.hadoop.hdds.scm.XceiverClientRatis.sendCommandAsync(XceiverClientRatis.java:302)
	at org.apache.hadoop.hdds.scm.storage.ContainerProtocolCalls.writeChunkAsync(ContainerProtocolCalls.java:310)
	at org.apache.hadoop.hdds.scm.storage.BlockOutputStream.writeChunkToContainer(BlockOutputStream.java:601)
	at org.apache.hadoop.hdds.scm.storage.BlockOutputStream.writeChunk(BlockOutputStream.java:459)
	at org.apache.hadoop.hdds.scm.storage.BlockOutputStream.writeOnRetry(BlockOutputStream.java:285)
	at org.apache.hadoop.ozone.client.io.BlockOutputStreamEntry.writeOnRetry(BlockOutputStreamEntry.java:200)
	at org.apache.hadoop.ozone.client.io.KeyOutputStream.handleWrite(KeyOutputStream.java:209)
	at org.apache.hadoop.ozone.client.io.KeyOutputStream.handleRetry(KeyOutputStream.java:376)
	at org.apache.hadoop.ozone.client.io.KeyOutputStream.handleException(KeyOutputStream.java:325)
	at org.apache.hadoop.ozone.client.io.KeyOutputStream.handleFlushOrClose(KeyOutputStream.java:448)
	at org.apache.hadoop.ozone.client.io.KeyOutputStream.handleWrite(KeyOutputStream.java:235)
	at org.apache.hadoop.ozone.client.io.KeyOutputStream.write(KeyOutputStream.java:193)
	at org.apache.hadoop.ozone.client.io.OzoneOutputStream.write(OzoneOutputStream.java:49)
	at java.io.OutputStream.write(OutputStream.java:75)
	at org.apache.hadoop.ozone.client.rpc.TestBlockOutputStreamWithFailures.testWatchForCommitWithCloseContainerException(TestBlockOutputStreamWithFailures.java:227)
	at sun.reflect.NativeMethodAccessorImpl.invoke0(Native Method)
	at sun.reflect.NativeMethodAccessorImpl.invoke(NativeMethodAccessorImpl.java:62)
	at sun.reflect.DelegatingMethodAccessorImpl.invoke(DelegatingMethodAccessorImpl.java:43)
	at java.lang.reflect.Method.invoke(Method.java:498)
	at org.junit.runners.model.FrameworkMethod$1.runReflectiveCall(FrameworkMethod.java:47)
	at org.junit.internal.runners.model.ReflectiveCallable.run(ReflectiveCallable.java:12)
	at org.junit.runners.model.FrameworkMethod.invokeExplosively(FrameworkMethod.java:44)
	at org.junit.internal.runners.statements.InvokeMethod.evaluate(InvokeMethod.java:17)
	at org.junit.internal.runners.statements.RunBefores.evaluate(RunBefores.java:26)
	at org.junit.internal.runners.statements.RunAfters.evaluate(RunAfters.java:27)
	at org.junit.runners.ParentRunner.runLeaf(ParentRunner.java:271)
	at org.junit.runners.BlockJUnit4ClassRunner.runChild(BlockJUnit4ClassRunner.java:70)
	at org.junit.runners.BlockJUnit4ClassRunner.runChild(BlockJUnit4ClassRunner.java:50)
	at org.junit.runners.ParentRunner$3.run(ParentRunner.java:238)
	at org.junit.runners.ParentRunner$1.schedule(ParentRunner.java:63)
	at org.junit.runners.ParentRunner.runChildren(ParentRunner.java:236)
	at org.junit.runners.ParentRunner.access$000(ParentRunner.java:53)
	at org.junit.runners.ParentRunner$2.evaluate(ParentRunner.java:229)
	at org.junit.runners.ParentRunner.run(ParentRunner.java:309)
	at org.apache.maven.surefire.junit4.JUnit4Provider.execute(JUnit4Provider.java:365)
	at org.apache.maven.surefire.junit4.JUnit4Provider.executeWithRerun(JUnit4Provider.java:273)
	at org.apache.maven.surefire.junit4.JUnit4Provider.executeTestSet(JUnit4Provider.java:238)
	at org.apache.maven.surefire.junit4.JUnit4Provider.invoke(JUnit4Provider.java:159)
	at org.apache.maven.surefire.booter.ForkedBooter.invokeProviderInSameClassLoader(ForkedBooter.java:384)
	at org.apache.maven.surefire.booter.ForkedBooter.runSuitesInProcess(ForkedBooter.java:345)
	at org.apache.maven.surefire.booter.ForkedBooter.execute(ForkedBooter.java:126)
	at org.apache.maven.surefire.booter.ForkedBooter.main(ForkedBooter.java:418)

Aug 27, 2019 10:38:28 AM org.apache.ratis.thirdparty.io.grpc.internal.ManagedChannelOrphanWrapper$ManagedChannelReference cleanQueue
SEVERE: *~*~*~ Channel ManagedChannelImpl{logId=3419, target=192.168.5.140:38106} was not shutdown properly!!! ~*~*~*
    Make sure to call shutdown()/shutdownNow() and wait until awaitTermination() returns true.
java.lang.RuntimeException: ManagedChannel allocation site
	at org.apache.ratis.thirdparty.io.grpc.internal.ManagedChannelOrphanWrapper$ManagedChannelReference.<init>(ManagedChannelOrphanWrapper.java:103)
	at org.apache.ratis.thirdparty.io.grpc.internal.ManagedChannelOrphanWrapper.<init>(ManagedChannelOrphanWrapper.java:53)
	at org.apache.ratis.thirdparty.io.grpc.internal.ManagedChannelOrphanWrapper.<init>(ManagedChannelOrphanWrapper.java:44)
	at org.apache.ratis.thirdparty.io.grpc.internal.AbstractManagedChannelImplBuilder.build(AbstractManagedChannelImplBuilder.java:411)
	at org.apache.hadoop.hdds.scm.XceiverClientGrpc.connectToDatanode(XceiverClientGrpc.java:174)
	at org.apache.hadoop.hdds.scm.XceiverClientGrpc.reconnect(XceiverClientGrpc.java:422)
	at org.apache.hadoop.hdds.scm.XceiverClientGrpc.sendCommandAsync(XceiverClientGrpc.java:371)
	at org.apache.hadoop.hdds.scm.XceiverClientGrpc.sendCommandWithRetry(XceiverClientGrpc.java:284)
	at org.apache.hadoop.hdds.scm.XceiverClientGrpc.sendCommandWithTraceIDAndRetry(XceiverClientGrpc.java:250)
	at org.apache.hadoop.hdds.scm.XceiverClientGrpc.sendCommand(XceiverClientGrpc.java:233)
	at org.apache.hadoop.hdds.scm.storage.ContainerProtocolCalls.readChunk(ContainerProtocolCalls.java:245)
	at org.apache.hadoop.hdds.scm.storage.ChunkInputStream.readChunk(ChunkInputStream.java:335)
	at org.apache.hadoop.hdds.scm.storage.ChunkInputStream.readChunkFromContainer(ChunkInputStream.java:307)
	at org.apache.hadoop.hdds.scm.storage.ChunkInputStream.prepareRead(ChunkInputStream.java:259)
	at org.apache.hadoop.hdds.scm.storage.ChunkInputStream.read(ChunkInputStream.java:144)
	at org.apache.hadoop.hdds.scm.storage.BlockInputStream.read(BlockInputStream.java:239)
	at org.apache.hadoop.ozone.client.io.KeyInputStream.read(KeyInputStream.java:171)
	at org.apache.hadoop.ozone.client.io.OzoneInputStream.read(OzoneInputStream.java:47)
	at java.io.InputStream.read(InputStream.java:101)
	at org.apache.hadoop.ozone.container.ContainerTestHelper.validateData(ContainerTestHelper.java:713)
	at org.apache.hadoop.ozone.client.rpc.TestBlockOutputStreamWithFailures.validateData(TestBlockOutputStreamWithFailures.java:1216)
	at org.apache.hadoop.ozone.client.rpc.TestBlockOutputStreamWithFailures.testWatchForCommitWithCloseContainerException(TestBlockOutputStreamWithFailures.java:260)
	at sun.reflect.NativeMethodAccessorImpl.invoke0(Native Method)
	at sun.reflect.NativeMethodAccessorImpl.invoke(NativeMethodAccessorImpl.java:62)
	at sun.reflect.DelegatingMethodAccessorImpl.invoke(DelegatingMethodAccessorImpl.java:43)
	at java.lang.reflect.Method.invoke(Method.java:498)
	at org.junit.runners.model.FrameworkMethod$1.runReflectiveCall(FrameworkMethod.java:47)
	at org.junit.internal.runners.model.ReflectiveCallable.run(ReflectiveCallable.java:12)
	at org.junit.runners.model.FrameworkMethod.invokeExplosively(FrameworkMethod.java:44)
	at org.junit.internal.runners.statements.InvokeMethod.evaluate(InvokeMethod.java:17)
	at org.junit.internal.runners.statements.RunBefores.evaluate(RunBefores.java:26)
	at org.junit.internal.runners.statements.RunAfters.evaluate(RunAfters.java:27)
	at org.junit.runners.ParentRunner.runLeaf(ParentRunner.java:271)
	at org.junit.runners.BlockJUnit4ClassRunner.runChild(BlockJUnit4ClassRunner.java:70)
	at org.junit.runners.BlockJUnit4ClassRunner.runChild(BlockJUnit4ClassRunner.java:50)
	at org.junit.runners.ParentRunner$3.run(ParentRunner.java:238)
	at org.junit.runners.ParentRunner$1.schedule(ParentRunner.java:63)
	at org.junit.runners.ParentRunner.runChildren(ParentRunner.java:236)
	at org.junit.runners.ParentRunner.access$000(ParentRunner.java:53)
	at org.junit.runners.ParentRunner$2.evaluate(ParentRunner.java:229)
	at org.junit.runners.ParentRunner.run(ParentRunner.java:309)
	at org.apache.maven.surefire.junit4.JUnit4Provider.execute(JUnit4Provider.java:365)
	at org.apache.maven.surefire.junit4.JUnit4Provider.executeWithRerun(JUnit4Provider.java:273)
	at org.apache.maven.surefire.junit4.JUnit4Provider.executeTestSet(JUnit4Provider.java:238)
	at org.apache.maven.surefire.junit4.JUnit4Provider.invoke(JUnit4Provider.java:159)
	at org.apache.maven.surefire.booter.ForkedBooter.invokeProviderInSameClassLoader(ForkedBooter.java:384)
	at org.apache.maven.surefire.booter.ForkedBooter.runSuitesInProcess(ForkedBooter.java:345)
	at org.apache.maven.surefire.booter.ForkedBooter.execute(ForkedBooter.java:126)
	at org.apache.maven.surefire.booter.ForkedBooter.main(ForkedBooter.java:418)

Aug 27, 2019 10:38:28 AM org.apache.ratis.thirdparty.io.grpc.internal.ManagedChannelOrphanWrapper$ManagedChannelReference cleanQueue
SEVERE: *~*~*~ Channel ManagedChannelImpl{logId=3424, target=192.168.5.140:39950} was not shutdown properly!!! ~*~*~*
    Make sure to call shutdown()/shutdownNow() and wait until awaitTermination() returns true.
java.lang.RuntimeException: ManagedChannel allocation site
	at org.apache.ratis.thirdparty.io.grpc.internal.ManagedChannelOrphanWrapper$ManagedChannelReference.<init>(ManagedChannelOrphanWrapper.java:103)
	at org.apache.ratis.thirdparty.io.grpc.internal.ManagedChannelOrphanWrapper.<init>(ManagedChannelOrphanWrapper.java:53)
	at org.apache.ratis.thirdparty.io.grpc.internal.ManagedChannelOrphanWrapper.<init>(ManagedChannelOrphanWrapper.java:44)
	at org.apache.ratis.thirdparty.io.grpc.internal.AbstractManagedChannelImplBuilder.build(AbstractManagedChannelImplBuilder.java:411)
	at org.apache.hadoop.hdds.scm.XceiverClientGrpc.connectToDatanode(XceiverClientGrpc.java:174)
	at org.apache.hadoop.hdds.scm.XceiverClientGrpc.reconnect(XceiverClientGrpc.java:422)
	at org.apache.hadoop.hdds.scm.XceiverClientGrpc.sendCommandAsync(XceiverClientGrpc.java:371)
	at org.apache.hadoop.hdds.scm.XceiverClientGrpc.sendCommandWithRetry(XceiverClientGrpc.java:284)
	at org.apache.hadoop.hdds.scm.XceiverClientGrpc.sendCommandWithTraceIDAndRetry(XceiverClientGrpc.java:250)
	at org.apache.hadoop.hdds.scm.XceiverClientGrpc.sendCommand(XceiverClientGrpc.java:233)
	at org.apache.hadoop.hdds.scm.storage.ContainerProtocolCalls.readChunk(ContainerProtocolCalls.java:245)
	at org.apache.hadoop.hdds.scm.storage.ChunkInputStream.readChunk(ChunkInputStream.java:335)
	at org.apache.hadoop.hdds.scm.storage.ChunkInputStream.readChunkFromContainer(ChunkInputStream.java:307)
	at org.apache.hadoop.hdds.scm.storage.ChunkInputStream.prepareRead(ChunkInputStream.java:259)
	at org.apache.hadoop.hdds.scm.storage.ChunkInputStream.read(ChunkInputStream.java:144)
	at org.apache.hadoop.hdds.scm.storage.BlockInputStream.read(BlockInputStream.java:239)
	at org.apache.hadoop.ozone.client.io.KeyInputStream.read(KeyInputStream.java:171)
	at org.apache.hadoop.ozone.client.io.OzoneInputStream.read(OzoneInputStream.java:47)
	at java.io.InputStream.read(InputStream.java:101)
	at org.apache.hadoop.ozone.container.ContainerTestHelper.validateData(ContainerTestHelper.java:713)
	at org.apache.hadoop.ozone.client.rpc.TestBlockOutputStreamWithFailures.validateData(TestBlockOutputStreamWithFailures.java:1216)
	at org.apache.hadoop.ozone.client.rpc.TestBlockOutputStreamWithFailures.testWatchForCommitWithCloseContainerException(TestBlockOutputStreamWithFailures.java:260)
	at sun.reflect.NativeMethodAccessorImpl.invoke0(Native Method)
	at sun.reflect.NativeMethodAccessorImpl.invoke(NativeMethodAccessorImpl.java:62)
	at sun.reflect.DelegatingMethodAccessorImpl.invoke(DelegatingMethodAccessorImpl.java:43)
	at java.lang.reflect.Method.invoke(Method.java:498)
	at org.junit.runners.model.FrameworkMethod$1.runReflectiveCall(FrameworkMethod.java:47)
	at org.junit.internal.runners.model.ReflectiveCallable.run(ReflectiveCallable.java:12)
	at org.junit.runners.model.FrameworkMethod.invokeExplosively(FrameworkMethod.java:44)
	at org.junit.internal.runners.statements.InvokeMethod.evaluate(InvokeMethod.java:17)
	at org.junit.internal.runners.statements.RunBefores.evaluate(RunBefores.java:26)
	at org.junit.internal.runners.statements.RunAfters.evaluate(RunAfters.java:27)
	at org.junit.runners.ParentRunner.runLeaf(ParentRunner.java:271)
	at org.junit.runners.BlockJUnit4ClassRunner.runChild(BlockJUnit4ClassRunner.java:70)
	at org.junit.runners.BlockJUnit4ClassRunner.runChild(BlockJUnit4ClassRunner.java:50)
	at org.junit.runners.ParentRunner$3.run(ParentRunner.java:238)
	at org.junit.runners.ParentRunner$1.schedule(ParentRunner.java:63)
	at org.junit.runners.ParentRunner.runChildren(ParentRunner.java:236)
	at org.junit.runners.ParentRunner.access$000(ParentRunner.java:53)
	at org.junit.runners.ParentRunner$2.evaluate(ParentRunner.java:229)
	at org.junit.runners.ParentRunner.run(ParentRunner.java:309)
	at org.apache.maven.surefire.junit4.JUnit4Provider.execute(JUnit4Provider.java:365)
	at org.apache.maven.surefire.junit4.JUnit4Provider.executeWithRerun(JUnit4Provider.java:273)
	at org.apache.maven.surefire.junit4.JUnit4Provider.executeTestSet(JUnit4Provider.java:238)
	at org.apache.maven.surefire.junit4.JUnit4Provider.invoke(JUnit4Provider.java:159)
	at org.apache.maven.surefire.booter.ForkedBooter.invokeProviderInSameClassLoader(ForkedBooter.java:384)
	at org.apache.maven.surefire.booter.ForkedBooter.runSuitesInProcess(ForkedBooter.java:345)
	at org.apache.maven.surefire.booter.ForkedBooter.execute(ForkedBooter.java:126)
	at org.apache.maven.surefire.booter.ForkedBooter.main(ForkedBooter.java:418)

Aug 27, 2019 10:38:28 AM org.apache.ratis.thirdparty.io.grpc.internal.ManagedChannelOrphanWrapper$ManagedChannelReference cleanQueue
SEVERE: *~*~*~ Channel ManagedChannelImpl{logId=3429, target=192.168.5.140:44388} was not shutdown properly!!! ~*~*~*
    Make sure to call shutdown()/shutdownNow() and wait until awaitTermination() returns true.
java.lang.RuntimeException: ManagedChannel allocation site
	at org.apache.ratis.thirdparty.io.grpc.internal.ManagedChannelOrphanWrapper$ManagedChannelReference.<init>(ManagedChannelOrphanWrapper.java:103)
	at org.apache.ratis.thirdparty.io.grpc.internal.ManagedChannelOrphanWrapper.<init>(ManagedChannelOrphanWrapper.java:53)
	at org.apache.ratis.thirdparty.io.grpc.internal.ManagedChannelOrphanWrapper.<init>(ManagedChannelOrphanWrapper.java:44)
	at org.apache.ratis.thirdparty.io.grpc.internal.AbstractManagedChannelImplBuilder.build(AbstractManagedChannelImplBuilder.java:411)
	at org.apache.hadoop.hdds.scm.XceiverClientGrpc.connectToDatanode(XceiverClientGrpc.java:174)
	at org.apache.hadoop.hdds.scm.XceiverClientGrpc.reconnect(XceiverClientGrpc.java:422)
	at org.apache.hadoop.hdds.scm.XceiverClientGrpc.sendCommandAsync(XceiverClientGrpc.java:371)
	at org.apache.hadoop.hdds.scm.XceiverClientGrpc.sendCommandWithRetry(XceiverClientGrpc.java:284)
	at org.apache.hadoop.hdds.scm.XceiverClientGrpc.sendCommandWithTraceIDAndRetry(XceiverClientGrpc.java:250)
	at org.apache.hadoop.hdds.scm.XceiverClientGrpc.sendCommand(XceiverClientGrpc.java:233)
	at org.apache.hadoop.hdds.scm.storage.ContainerProtocolCalls.getBlock(ContainerProtocolCalls.java:118)
	at org.apache.hadoop.hdds.scm.storage.BlockInputStream.getChunkInfos(BlockInputStream.java:167)
	at org.apache.hadoop.hdds.scm.storage.BlockInputStream.initialize(BlockInputStream.java:118)
	at org.apache.hadoop.hdds.scm.storage.BlockInputStream.read(BlockInputStream.java:222)
	at org.apache.hadoop.ozone.client.io.KeyInputStream.read(KeyInputStream.java:171)
	at org.apache.hadoop.ozone.client.io.OzoneInputStream.read(OzoneInputStream.java:47)
	at java.io.InputStream.read(InputStream.java:101)
	at org.apache.hadoop.ozone.container.ContainerTestHelper.validateData(ContainerTestHelper.java:713)
	at org.apache.hadoop.ozone.client.rpc.TestBlockOutputStreamWithFailures.validateData(TestBlockOutputStreamWithFailures.java:1216)
	at org.apache.hadoop.ozone.client.rpc.TestBlockOutputStreamWithFailures.testWatchForCommitWithCloseContainerException(TestBlockOutputStreamWithFailures.java:260)
	at sun.reflect.NativeMethodAccessorImpl.invoke0(Native Method)
	at sun.reflect.NativeMethodAccessorImpl.invoke(NativeMethodAccessorImpl.java:62)
	at sun.reflect.DelegatingMethodAccessorImpl.invoke(DelegatingMethodAccessorImpl.java:43)
	at java.lang.reflect.Method.invoke(Method.java:498)
	at org.junit.runners.model.FrameworkMethod$1.runReflectiveCall(FrameworkMethod.java:47)
	at org.junit.internal.runners.model.ReflectiveCallable.run(ReflectiveCallable.java:12)
	at org.junit.runners.model.FrameworkMethod.invokeExplosively(FrameworkMethod.java:44)
	at org.junit.internal.runners.statements.InvokeMethod.evaluate(InvokeMethod.java:17)
	at org.junit.internal.runners.statements.RunBefores.evaluate(RunBefores.java:26)
	at org.junit.internal.runners.statements.RunAfters.evaluate(RunAfters.java:27)
	at org.junit.runners.ParentRunner.runLeaf(ParentRunner.java:271)
	at org.junit.runners.BlockJUnit4ClassRunner.runChild(BlockJUnit4ClassRunner.java:70)
	at org.junit.runners.BlockJUnit4ClassRunner.runChild(BlockJUnit4ClassRunner.java:50)
	at org.junit.runners.ParentRunner$3.run(ParentRunner.java:238)
	at org.junit.runners.ParentRunner$1.schedule(ParentRunner.java:63)
	at org.junit.runners.ParentRunner.runChildren(ParentRunner.java:236)
	at org.junit.runners.ParentRunner.access$000(ParentRunner.java:53)
	at org.junit.runners.ParentRunner$2.evaluate(ParentRunner.java:229)
	at org.junit.runners.ParentRunner.run(ParentRunner.java:309)
	at org.apache.maven.surefire.junit4.JUnit4Provider.execute(JUnit4Provider.java:365)
	at org.apache.maven.surefire.junit4.JUnit4Provider.executeWithRerun(JUnit4Provider.java:273)
	at org.apache.maven.surefire.junit4.JUnit4Provider.executeTestSet(JUnit4Provider.java:238)
	at org.apache.maven.surefire.junit4.JUnit4Provider.invoke(JUnit4Provider.java:159)
	at org.apache.maven.surefire.booter.ForkedBooter.invokeProviderInSameClassLoader(ForkedBooter.java:384)
	at org.apache.maven.surefire.booter.ForkedBooter.runSuitesInProcess(ForkedBooter.java:345)
	at org.apache.maven.surefire.booter.ForkedBooter.execute(ForkedBooter.java:126)
	at org.apache.maven.surefire.booter.ForkedBooter.main(ForkedBooter.java:418)

Aug 27, 2019 10:38:28 AM org.apache.ratis.thirdparty.io.grpc.internal.ManagedChannelOrphanWrapper$ManagedChannelReference cleanQueue
SEVERE: *~*~*~ Channel ManagedChannelImpl{logId=3434, target=192.168.5.140:44526} was not shutdown properly!!! ~*~*~*
    Make sure to call shutdown()/shutdownNow() and wait until awaitTermination() returns true.
java.lang.RuntimeException: ManagedChannel allocation site
	at org.apache.ratis.thirdparty.io.grpc.internal.ManagedChannelOrphanWrapper$ManagedChannelReference.<init>(ManagedChannelOrphanWrapper.java:103)
	at org.apache.ratis.thirdparty.io.grpc.internal.ManagedChannelOrphanWrapper.<init>(ManagedChannelOrphanWrapper.java:53)
	at org.apache.ratis.thirdparty.io.grpc.internal.ManagedChannelOrphanWrapper.<init>(ManagedChannelOrphanWrapper.java:44)
	at org.apache.ratis.thirdparty.io.grpc.internal.AbstractManagedChannelImplBuilder.build(AbstractManagedChannelImplBuilder.java:411)
	at org.apache.hadoop.hdds.scm.XceiverClientGrpc.connectToDatanode(XceiverClientGrpc.java:174)
	at org.apache.hadoop.hdds.scm.XceiverClientGrpc.reconnect(XceiverClientGrpc.java:422)
	at org.apache.hadoop.hdds.scm.XceiverClientGrpc.sendCommandAsync(XceiverClientGrpc.java:371)
	at org.apache.hadoop.hdds.scm.XceiverClientGrpc.sendCommandWithRetry(XceiverClientGrpc.java:284)
	at org.apache.hadoop.hdds.scm.XceiverClientGrpc.sendCommandWithTraceIDAndRetry(XceiverClientGrpc.java:250)
	at org.apache.hadoop.hdds.scm.XceiverClientGrpc.sendCommand(XceiverClientGrpc.java:233)
	at org.apache.hadoop.hdds.scm.storage.ContainerProtocolCalls.readChunk(ContainerProtocolCalls.java:245)
	at org.apache.hadoop.hdds.scm.storage.ChunkInputStream.readChunk(ChunkInputStream.java:335)
	at org.apache.hadoop.hdds.scm.storage.ChunkInputStream.readChunkFromContainer(ChunkInputStream.java:307)
	at org.apache.hadoop.hdds.scm.storage.ChunkInputStream.prepareRead(ChunkInputStream.java:259)
	at org.apache.hadoop.hdds.scm.storage.ChunkInputStream.read(ChunkInputStream.java:144)
	at org.apache.hadoop.hdds.scm.storage.BlockInputStream.read(BlockInputStream.java:239)
	at org.apache.hadoop.ozone.client.io.KeyInputStream.read(KeyInputStream.java:171)
	at org.apache.hadoop.ozone.client.io.OzoneInputStream.read(OzoneInputStream.java:47)
	at java.io.InputStream.read(InputStream.java:101)
	at org.apache.hadoop.ozone.container.ContainerTestHelper.validateData(ContainerTestHelper.java:713)
	at org.apache.hadoop.ozone.client.rpc.TestBlockOutputStreamWithFailures.validateData(TestBlockOutputStreamWithFailures.java:1216)
	at org.apache.hadoop.ozone.client.rpc.TestBlockOutputStreamWithFailures.testWatchForCommitWithCloseContainerException(TestBlockOutputStreamWithFailures.java:260)
	at sun.reflect.NativeMethodAccessorImpl.invoke0(Native Method)
	at sun.reflect.NativeMethodAccessorImpl.invoke(NativeMethodAccessorImpl.java:62)
	at sun.reflect.DelegatingMethodAccessorImpl.invoke(DelegatingMethodAccessorImpl.java:43)
	at java.lang.reflect.Method.invoke(Method.java:498)
	at org.junit.runners.model.FrameworkMethod$1.runReflectiveCall(FrameworkMethod.java:47)
	at org.junit.internal.runners.model.ReflectiveCallable.run(ReflectiveCallable.java:12)
	at org.junit.runners.model.FrameworkMethod.invokeExplosively(FrameworkMethod.java:44)
	at org.junit.internal.runners.statements.InvokeMethod.evaluate(InvokeMethod.java:17)
	at org.junit.internal.runners.statements.RunBefores.evaluate(RunBefores.java:26)
	at org.junit.internal.runners.statements.RunAfters.evaluate(RunAfters.java:27)
	at org.junit.runners.ParentRunner.runLeaf(ParentRunner.java:271)
	at org.junit.runners.BlockJUnit4ClassRunner.runChild(BlockJUnit4ClassRunner.java:70)
	at org.junit.runners.BlockJUnit4ClassRunner.runChild(BlockJUnit4ClassRunner.java:50)
	at org.junit.runners.ParentRunner$3.run(ParentRunner.java:238)
	at org.junit.runners.ParentRunner$1.schedule(ParentRunner.java:63)
	at org.junit.runners.ParentRunner.runChildren(ParentRunner.java:236)
	at org.junit.runners.ParentRunner.access$000(ParentRunner.java:53)
	at org.junit.runners.ParentRunner$2.evaluate(ParentRunner.java:229)
	at org.junit.runners.ParentRunner.run(ParentRunner.java:309)
	at org.apache.maven.surefire.junit4.JUnit4Provider.execute(JUnit4Provider.java:365)
	at org.apache.maven.surefire.junit4.JUnit4Provider.executeWithRerun(JUnit4Provider.java:273)
	at org.apache.maven.surefire.junit4.JUnit4Provider.executeTestSet(JUnit4Provider.java:238)
	at org.apache.maven.surefire.junit4.JUnit4Provider.invoke(JUnit4Provider.java:159)
	at org.apache.maven.surefire.booter.ForkedBooter.invokeProviderInSameClassLoader(ForkedBooter.java:384)
	at org.apache.maven.surefire.booter.ForkedBooter.runSuitesInProcess(ForkedBooter.java:345)
	at org.apache.maven.surefire.booter.ForkedBooter.execute(ForkedBooter.java:126)
	at org.apache.maven.surefire.booter.ForkedBooter.main(ForkedBooter.java:418)

Aug 27, 2019 10:38:28 AM org.apache.ratis.thirdparty.io.grpc.internal.ManagedChannelOrphanWrapper$ManagedChannelReference cleanQueue
SEVERE: *~*~*~ Channel ManagedChannelImpl{logId=3439, target=192.168.5.140:42134} was not shutdown properly!!! ~*~*~*
    Make sure to call shutdown()/shutdownNow() and wait until awaitTermination() returns true.
java.lang.RuntimeException: ManagedChannel allocation site
	at org.apache.ratis.thirdparty.io.grpc.internal.ManagedChannelOrphanWrapper$ManagedChannelReference.<init>(ManagedChannelOrphanWrapper.java:103)
	at org.apache.ratis.thirdparty.io.grpc.internal.ManagedChannelOrphanWrapper.<init>(ManagedChannelOrphanWrapper.java:53)
	at org.apache.ratis.thirdparty.io.grpc.internal.ManagedChannelOrphanWrapper.<init>(ManagedChannelOrphanWrapper.java:44)
	at org.apache.ratis.thirdparty.io.grpc.internal.AbstractManagedChannelImplBuilder.build(AbstractManagedChannelImplBuilder.java:411)
	at org.apache.hadoop.hdds.scm.XceiverClientGrpc.connectToDatanode(XceiverClientGrpc.java:174)
	at org.apache.hadoop.hdds.scm.XceiverClientGrpc.reconnect(XceiverClientGrpc.java:422)
	at org.apache.hadoop.hdds.scm.XceiverClientGrpc.sendCommandAsync(XceiverClientGrpc.java:371)
	at org.apache.hadoop.hdds.scm.XceiverClientGrpc.sendCommandWithRetry(XceiverClientGrpc.java:284)
	at org.apache.hadoop.hdds.scm.XceiverClientGrpc.sendCommandWithTraceIDAndRetry(XceiverClientGrpc.java:250)
	at org.apache.hadoop.hdds.scm.XceiverClientGrpc.sendCommand(XceiverClientGrpc.java:233)
	at org.apache.hadoop.hdds.scm.storage.ContainerProtocolCalls.readChunk(ContainerProtocolCalls.java:245)
	at org.apache.hadoop.hdds.scm.storage.ChunkInputStream.readChunk(ChunkInputStream.java:335)
	at org.apache.hadoop.hdds.scm.storage.ChunkInputStream.readChunkFromContainer(ChunkInputStream.java:307)
	at org.apache.hadoop.hdds.scm.storage.ChunkInputStream.prepareRead(ChunkInputStream.java:259)
	at org.apache.hadoop.hdds.scm.storage.ChunkInputStream.read(ChunkInputStream.java:144)
	at org.apache.hadoop.hdds.scm.storage.BlockInputStream.read(BlockInputStream.java:239)
	at org.apache.hadoop.ozone.client.io.KeyInputStream.read(KeyInputStream.java:171)
	at org.apache.hadoop.ozone.client.io.OzoneInputStream.read(OzoneInputStream.java:47)
	at java.io.InputStream.read(InputStream.java:101)
	at org.apache.hadoop.ozone.container.ContainerTestHelper.validateData(ContainerTestHelper.java:713)
	at org.apache.hadoop.ozone.client.rpc.TestBlockOutputStreamWithFailures.validateData(TestBlockOutputStreamWithFailures.java:1216)
	at org.apache.hadoop.ozone.client.rpc.TestBlockOutputStreamWithFailures.testWatchForCommitWithCloseContainerException(TestBlockOutputStreamWithFailures.java:260)
	at sun.reflect.NativeMethodAccessorImpl.invoke0(Native Method)
	at sun.reflect.NativeMethodAccessorImpl.invoke(NativeMethodAccessorImpl.java:62)
	at sun.reflect.DelegatingMethodAccessorImpl.invoke(DelegatingMethodAccessorImpl.java:43)
	at java.lang.reflect.Method.invoke(Method.java:498)
	at org.junit.runners.model.FrameworkMethod$1.runReflectiveCall(FrameworkMethod.java:47)
	at org.junit.internal.runners.model.ReflectiveCallable.run(ReflectiveCallable.java:12)
	at org.junit.runners.model.FrameworkMethod.invokeExplosively(FrameworkMethod.java:44)
	at org.junit.internal.runners.statements.InvokeMethod.evaluate(InvokeMethod.java:17)
	at org.junit.internal.runners.statements.RunBefores.evaluate(RunBefores.java:26)
	at org.junit.internal.runners.statements.RunAfters.evaluate(RunAfters.java:27)
	at org.junit.runners.ParentRunner.runLeaf(ParentRunner.java:271)
	at org.junit.runners.BlockJUnit4ClassRunner.runChild(BlockJUnit4ClassRunner.java:70)
	at org.junit.runners.BlockJUnit4ClassRunner.runChild(BlockJUnit4ClassRunner.java:50)
	at org.junit.runners.ParentRunner$3.run(ParentRunner.java:238)
	at org.junit.runners.ParentRunner$1.schedule(ParentRunner.java:63)
	at org.junit.runners.ParentRunner.runChildren(ParentRunner.java:236)
	at org.junit.runners.ParentRunner.access$000(ParentRunner.java:53)
	at org.junit.runners.ParentRunner$2.evaluate(ParentRunner.java:229)
	at org.junit.runners.ParentRunner.run(ParentRunner.java:309)
	at org.apache.maven.surefire.junit4.JUnit4Provider.execute(JUnit4Provider.java:365)
	at org.apache.maven.surefire.junit4.JUnit4Provider.executeWithRerun(JUnit4Provider.java:273)
	at org.apache.maven.surefire.junit4.JUnit4Provider.executeTestSet(JUnit4Provider.java:238)
	at org.apache.maven.surefire.junit4.JUnit4Provider.invoke(JUnit4Provider.java:159)
	at org.apache.maven.surefire.booter.ForkedBooter.invokeProviderInSameClassLoader(ForkedBooter.java:384)
	at org.apache.maven.surefire.booter.ForkedBooter.runSuitesInProcess(ForkedBooter.java:345)
	at org.apache.maven.surefire.booter.ForkedBooter.execute(ForkedBooter.java:126)
	at org.apache.maven.surefire.booter.ForkedBooter.main(ForkedBooter.java:418)

Aug 27, 2019 10:38:28 AM org.apache.ratis.thirdparty.io.grpc.internal.ManagedChannelOrphanWrapper$ManagedChannelReference cleanQueue
SEVERE: *~*~*~ Channel ManagedChannelImpl{logId=3414, target=192.168.5.140:41254} was not shutdown properly!!! ~*~*~*
    Make sure to call shutdown()/shutdownNow() and wait until awaitTermination() returns true.
java.lang.RuntimeException: ManagedChannel allocation site
	at org.apache.ratis.thirdparty.io.grpc.internal.ManagedChannelOrphanWrapper$ManagedChannelReference.<init>(ManagedChannelOrphanWrapper.java:103)
	at org.apache.ratis.thirdparty.io.grpc.internal.ManagedChannelOrphanWrapper.<init>(ManagedChannelOrphanWrapper.java:53)
	at org.apache.ratis.thirdparty.io.grpc.internal.ManagedChannelOrphanWrapper.<init>(ManagedChannelOrphanWrapper.java:44)
	at org.apache.ratis.thirdparty.io.grpc.internal.AbstractManagedChannelImplBuilder.build(AbstractManagedChannelImplBuilder.java:411)
	at org.apache.hadoop.hdds.scm.XceiverClientGrpc.connectToDatanode(XceiverClientGrpc.java:174)
	at org.apache.hadoop.hdds.scm.XceiverClientGrpc.reconnect(XceiverClientGrpc.java:422)
	at org.apache.hadoop.hdds.scm.XceiverClientGrpc.sendCommandAsync(XceiverClientGrpc.java:371)
	at org.apache.hadoop.hdds.scm.XceiverClientGrpc.sendCommandWithRetry(XceiverClientGrpc.java:284)
	at org.apache.hadoop.hdds.scm.XceiverClientGrpc.sendCommandWithTraceIDAndRetry(XceiverClientGrpc.java:250)
	at org.apache.hadoop.hdds.scm.XceiverClientGrpc.sendCommand(XceiverClientGrpc.java:233)
	at org.apache.hadoop.hdds.scm.storage.ContainerProtocolCalls.getBlock(ContainerProtocolCalls.java:118)
	at org.apache.hadoop.hdds.scm.storage.BlockInputStream.getChunkInfos(BlockInputStream.java:167)
	at org.apache.hadoop.hdds.scm.storage.BlockInputStream.initialize(BlockInputStream.java:118)
	at org.apache.hadoop.hdds.scm.storage.BlockInputStream.read(BlockInputStream.java:222)
	at org.apache.hadoop.ozone.client.io.KeyInputStream.read(KeyInputStream.java:171)
	at org.apache.hadoop.ozone.client.io.OzoneInputStream.read(OzoneInputStream.java:47)
	at java.io.InputStream.read(InputStream.java:101)
	at org.apache.hadoop.ozone.container.ContainerTestHelper.validateData(ContainerTestHelper.java:713)
	at org.apache.hadoop.ozone.client.rpc.TestBlockOutputStreamWithFailures.validateData(TestBlockOutputStreamWithFailures.java:1216)
	at org.apache.hadoop.ozone.client.rpc.TestBlockOutputStreamWithFailures.testWatchForCommitWithCloseContainerException(TestBlockOutputStreamWithFailures.java:260)
	at sun.reflect.NativeMethodAccessorImpl.invoke0(Native Method)
	at sun.reflect.NativeMethodAccessorImpl.invoke(NativeMethodAccessorImpl.java:62)
	at sun.reflect.DelegatingMethodAccessorImpl.invoke(DelegatingMethodAccessorImpl.java:43)
	at java.lang.reflect.Method.invoke(Method.java:498)
	at org.junit.runners.model.FrameworkMethod$1.runReflectiveCall(FrameworkMethod.java:47)
	at org.junit.internal.runners.model.ReflectiveCallable.run(ReflectiveCallable.java:12)
	at org.junit.runners.model.FrameworkMethod.invokeExplosively(FrameworkMethod.java:44)
	at org.junit.internal.runners.statements.InvokeMethod.evaluate(InvokeMethod.java:17)
	at org.junit.internal.runners.statements.RunBefores.evaluate(RunBefores.java:26)
	at org.junit.internal.runners.statements.RunAfters.evaluate(RunAfters.java:27)
	at org.junit.runners.ParentRunner.runLeaf(ParentRunner.java:271)
	at org.junit.runners.BlockJUnit4ClassRunner.runChild(BlockJUnit4ClassRunner.java:70)
	at org.junit.runners.BlockJUnit4ClassRunner.runChild(BlockJUnit4ClassRunner.java:50)
	at org.junit.runners.ParentRunner$3.run(ParentRunner.java:238)
	at org.junit.runners.ParentRunner$1.schedule(ParentRunner.java:63)
	at org.junit.runners.ParentRunner.runChildren(ParentRunner.java:236)
	at org.junit.runners.ParentRunner.access$000(ParentRunner.java:53)
	at org.junit.runners.ParentRunner$2.evaluate(ParentRunner.java:229)
	at org.junit.runners.ParentRunner.run(ParentRunner.java:309)
	at org.apache.maven.surefire.junit4.JUnit4Provider.execute(JUnit4Provider.java:365)
	at org.apache.maven.surefire.junit4.JUnit4Provider.executeWithRerun(JUnit4Provider.java:273)
	at org.apache.maven.surefire.junit4.JUnit4Provider.executeTestSet(JUnit4Provider.java:238)
	at org.apache.maven.surefire.junit4.JUnit4Provider.invoke(JUnit4Provider.java:159)
	at org.apache.maven.surefire.booter.ForkedBooter.invokeProviderInSameClassLoader(ForkedBooter.java:384)
	at org.apache.maven.surefire.booter.ForkedBooter.runSuitesInProcess(ForkedBooter.java:345)
	at org.apache.maven.surefire.booter.ForkedBooter.execute(ForkedBooter.java:126)
	at org.apache.maven.surefire.booter.ForkedBooter.main(ForkedBooter.java:418)

]]></system-err>
  </testcase>
</testsuite>