<?xml version="1.0" encoding="UTF-8"?>
<testsuite xmlns:xsi="http://www.w3.org/2001/XMLSchema-instance" xsi:noNamespaceSchemaLocation="https://maven.apache.org/surefire/maven-surefire-plugin/xsd/surefire-test-report.xsd" name="org.apache.hadoop.ozone.client.rpc.TestBlockOutputStreamWithFailures" time="686.82" tests="8" errors="0" skipped="0" failures="1">
  <properties>
    <property name="awt.toolkit" value="sun.awt.X11.XToolkit"/>
    <property name="file.encoding.pkg" value="sun.io"/>
    <property name="java.specification.version" value="1.8"/>
    <property name="sun.cpu.isalist" value=""/>
    <property name="sun.jnu.encoding" value="UTF-8"/>
    <property name="java.class.path" value="/workdir/hadoop-ozone/integration-test/target/test-classes:/workdir/hadoop-ozone/integration-test/target/classes:/home/user/.m2/repository/org/apache/hadoop/hadoop-ozone-common/0.5.0-SNAPSHOT/hadoop-ozone-common-0.5.0-SNAPSHOT.jar:/home/user/.m2/repository/org/apache/commons/commons-compress/1.4.1/commons-compress-1.4.1.jar:/home/user/.m2/repository/org/tukaani/xz/1.0/xz-1.0.jar:/home/user/.m2/repository/org/apache/hadoop/hadoop-common/3.2.0/hadoop-common-3.2.0.jar:/home/user/.m2/repository/org/apache/hadoop/hadoop-hdfs/3.2.0/hadoop-hdfs-3.2.0.jar:/home/user/.m2/repository/org/apache/hadoop/hadoop-hdfs-client/3.2.0/hadoop-hdfs-client-3.2.0.jar:/home/user/.m2/repository/com/fasterxml/jackson/core/jackson-annotations/2.9.5/jackson-annotations-2.9.5.jar:/home/user/.m2/repository/org/apache/hadoop/hadoop-hdds-common/0.5.0-SNAPSHOT/hadoop-hdds-common-0.5.0-SNAPSHOT.jar:/home/user/.m2/repository/javax/annotation/javax.annotation-api/1.2/javax.annotation-api-1.2.jar:/home/user/.m2/repository/org/apache/ratis/ratis-server/0.4.0-2337318-SNAPSHOT/ratis-server-0.4.0-2337318-SNAPSHOT.jar:/home/user/.m2/repository/org/apache/ratis/ratis-thirdparty-misc/0.2.0/ratis-thirdparty-misc-0.2.0.jar:/home/user/.m2/repository/org/apache/ratis/ratis-proto/0.4.0-2337318-SNAPSHOT/ratis-proto-0.4.0-2337318-SNAPSHOT.jar:/home/user/.m2/repository/org/apache/ratis/ratis-common/0.4.0-2337318-SNAPSHOT/ratis-common-0.4.0-2337318-SNAPSHOT.jar:/home/user/.m2/repository/org/apache/ratis/ratis-client/0.4.0-2337318-SNAPSHOT/ratis-client-0.4.0-2337318-SNAPSHOT.jar:/home/user/.m2/repository/org/apache/ratis/ratis-metrics/0.4.0-2337318-SNAPSHOT/ratis-metrics-0.4.0-2337318-SNAPSHOT.jar:/home/user/.m2/repository/org/apache/ratis/ratis-netty/0.4.0-2337318-SNAPSHOT/ratis-netty-0.4.0-2337318-SNAPSHOT.jar:/home/user/.m2/repository/org/apache/ratis/ratis-grpc/0.4.0-2337318-SNAPSHOT/ratis-grpc-0.4.0-2337318-SNAPSHOT.jar:/home/user/.m2/repository/org/rocksdb/rocksdbjni/6.0.1/rocksdbjni-6.0.1.jar:/home/user/.m2/repository/org/apache/logging/log4j/log4j-api/2.11.0/log4j-api-2.11.0.jar:/home/user/.m2/repository/org/apache/logging/log4j/log4j-core/2.11.0/log4j-core-2.11.0.jar:/home/user/.m2/repository/com/lmax/disruptor/3.4.2/disruptor-3.4.2.jar:/home/user/.m2/repository/org/apache/commons/commons-pool2/2.6.0/commons-pool2-2.6.0.jar:/home/user/.m2/repository/org/bouncycastle/bcpkix-jdk15on/1.60/bcpkix-jdk15on-1.60.jar:/home/user/.m2/repository/commons-validator/commons-validator/1.6/commons-validator-1.6.jar:/home/user/.m2/repository/commons-digester/commons-digester/1.8.1/commons-digester-1.8.1.jar:/home/user/.m2/repository/io/jaegertracing/jaeger-client/0.33.1/jaeger-client-0.33.1.jar:/home/user/.m2/repository/io/jaegertracing/jaeger-thrift/0.33.1/jaeger-thrift-0.33.1.jar:/home/user/.m2/repository/org/apache/thrift/libthrift/0.11.0/libthrift-0.11.0.jar:/home/user/.m2/repository/com/squareup/okhttp3/okhttp/3.9.0/okhttp-3.9.0.jar:/home/user/.m2/repository/com/squareup/okio/okio/1.13.0/okio-1.13.0.jar:/home/user/.m2/repository/io/jaegertracing/jaeger-core/0.33.1/jaeger-core-0.33.1.jar:/home/user/.m2/repository/io/jaegertracing/jaeger-tracerresolver/0.33.1/jaeger-tracerresolver-0.33.1.jar:/home/user/.m2/repository/io/opentracing/contrib/opentracing-tracerresolver/0.1.5/opentracing-tracerresolver-0.1.5.jar:/home/user/.m2/repository/io/opentracing/opentracing-util/0.31.0/opentracing-util-0.31.0.jar:/home/user/.m2/repository/io/opentracing/opentracing-api/0.31.0/opentracing-api-0.31.0.jar:/home/user/.m2/repository/io/opentracing/opentracing-noop/0.31.0/opentracing-noop-0.31.0.jar:/home/user/.m2/repository/org/apache/hadoop/hadoop-hdds-server-framework/0.5.0-SNAPSHOT/hadoop-hdds-server-framework-0.5.0-SNAPSHOT.jar:/home/user/.m2/repository/org/apache/hadoop/hadoop-hdds-container-service/0.5.0-SNAPSHOT/hadoop-hdds-container-service-0.5.0-SNAPSHOT.jar:/home/user/.m2/repository/org/apache/hadoop/hadoop-hdds-client/0.5.0-SNAPSHOT/hadoop-hdds-client-0.5.0-SNAPSHOT.jar:/home/user/.m2/repository/org/apache/hadoop/hadoop-hdds-tools/0.5.0-SNAPSHOT/hadoop-hdds-tools-0.5.0-SNAPSHOT.jar:/home/user/.m2/repository/org/apache/hadoop/hadoop-hdds-server-scm/0.5.0-SNAPSHOT/hadoop-hdds-server-scm-0.5.0-SNAPSHOT.jar:/home/user/.m2/repository/org/apache/hadoop/hadoop-hdds-docs/0.5.0-SNAPSHOT/hadoop-hdds-docs-0.5.0-SNAPSHOT.jar:/home/user/.m2/repository/io/dropwizard/metrics/metrics-core/3.2.4/metrics-core-3.2.4.jar:/home/user/.m2/repository/org/hamcrest/hamcrest-all/1.3/hamcrest-all-1.3.jar:/home/user/.m2/repository/org/bouncycastle/bcprov-jdk15on/1.60/bcprov-jdk15on-1.60.jar:/home/user/.m2/repository/info/picocli/picocli/3.9.6/picocli-3.9.6.jar:/home/user/.m2/repository/com/google/protobuf/protobuf-java/2.5.0/protobuf-java-2.5.0.jar:/home/user/.m2/repository/com/google/guava/guava/11.0.2/guava-11.0.2.jar:/home/user/.m2/repository/org/apache/hadoop/hadoop-ozone-ozone-manager/0.5.0-SNAPSHOT/hadoop-ozone-ozone-manager-0.5.0-SNAPSHOT.jar:/home/user/.m2/repository/org/apache/hadoop/hadoop-minikdc/3.2.0/hadoop-minikdc-3.2.0.jar:/home/user/.m2/repository/commons-io/commons-io/2.5/commons-io-2.5.jar:/home/user/.m2/repository/org/apache/kerby/kerb-simplekdc/1.0.1/kerb-simplekdc-1.0.1.jar:/home/user/.m2/repository/org/apache/kerby/kerb-client/1.0.1/kerb-client-1.0.1.jar:/home/user/.m2/repository/org/apache/kerby/kerby-config/1.0.1/kerby-config-1.0.1.jar:/home/user/.m2/repository/org/apache/kerby/kerb-core/1.0.1/kerb-core-1.0.1.jar:/home/user/.m2/repository/org/apache/kerby/kerby-pkix/1.0.1/kerby-pkix-1.0.1.jar:/home/user/.m2/repository/org/apache/kerby/kerby-asn1/1.0.1/kerby-asn1-1.0.1.jar:/home/user/.m2/repository/org/apache/kerby/kerby-util/1.0.1/kerby-util-1.0.1.jar:/home/user/.m2/repository/org/apache/kerby/kerb-common/1.0.1/kerb-common-1.0.1.jar:/home/user/.m2/repository/org/apache/kerby/kerb-crypto/1.0.1/kerb-crypto-1.0.1.jar:/home/user/.m2/repository/org/apache/kerby/kerb-util/1.0.1/kerb-util-1.0.1.jar:/home/user/.m2/repository/org/apache/kerby/token-provider/1.0.1/token-provider-1.0.1.jar:/home/user/.m2/repository/org/apache/kerby/kerb-admin/1.0.1/kerb-admin-1.0.1.jar:/home/user/.m2/repository/org/apache/kerby/kerb-server/1.0.1/kerb-server-1.0.1.jar:/home/user/.m2/repository/org/apache/kerby/kerb-identity/1.0.1/kerb-identity-1.0.1.jar:/home/user/.m2/repository/org/apache/kerby/kerby-xdr/1.0.1/kerby-xdr-1.0.1.jar:/home/user/.m2/repository/org/slf4j/slf4j-log4j12/1.7.25/slf4j-log4j12-1.7.25.jar:/home/user/.m2/repository/org/apache/hadoop/hadoop-ozone-objectstore-service/0.5.0-SNAPSHOT/hadoop-ozone-objectstore-service-0.5.0-SNAPSHOT.jar:/home/user/.m2/repository/org/apache/hadoop/hadoop-ozone-s3gateway/0.5.0-SNAPSHOT/hadoop-ozone-s3gateway-0.5.0-SNAPSHOT.jar:/home/user/.m2/repository/org/jboss/weld/servlet/weld-servlet/2.4.7.Final/weld-servlet-2.4.7.Final.jar:/home/user/.m2/repository/org/glassfish/jersey/containers/jersey-container-servlet-core/2.27/jersey-container-servlet-core-2.27.jar:/home/user/.m2/repository/org/glassfish/hk2/external/javax.inject/2.5.0-b42/javax.inject-2.5.0-b42.jar:/home/user/.m2/repository/org/glassfish/jersey/core/jersey-common/2.27/jersey-common-2.27.jar:/home/user/.m2/repository/org/glassfish/hk2/osgi-resource-locator/1.0.1/osgi-resource-locator-1.0.1.jar:/home/user/.m2/repository/javax/ws/rs/javax.ws.rs-api/2.1/javax.ws.rs-api-2.1.jar:/home/user/.m2/repository/org/glassfish/jersey/ext/cdi/jersey-cdi1x/2.27/jersey-cdi1x-2.27.jar:/home/user/.m2/repository/org/glassfish/jersey/inject/jersey-hk2/2.27/jersey-hk2-2.27.jar:/home/user/.m2/repository/org/glassfish/hk2/hk2-locator/2.5.0-b42/hk2-locator-2.5.0-b42.jar:/home/user/.m2/repository/org/javassist/javassist/3.22.0-CR2/javassist-3.22.0-CR2.jar:/home/user/.m2/repository/org/glassfish/hk2/hk2-api/2.5.0/hk2-api-2.5.0.jar:/home/user/.m2/repository/org/glassfish/hk2/external/jakarta.inject/2.5.0/jakarta.inject-2.5.0.jar:/home/user/.m2/repository/org/glassfish/hk2/hk2-utils/2.5.0/hk2-utils-2.5.0.jar:/home/user/.m2/repository/jakarta/annotation/jakarta.annotation-api/1.3.4/jakarta.annotation-api-1.3.4.jar:/home/user/.m2/repository/org/glassfish/hk2/external/aopalliance-repackaged/2.5.0/aopalliance-repackaged-2.5.0.jar:/home/user/.m2/repository/com/fasterxml/jackson/dataformat/jackson-dataformat-xml/2.9.0/jackson-dataformat-xml-2.9.0.jar:/home/user/.m2/repository/com/fasterxml/jackson/core/jackson-core/2.9.5/jackson-core-2.9.5.jar:/home/user/.m2/repository/com/fasterxml/jackson/module/jackson-module-jaxb-annotations/2.9.5/jackson-module-jaxb-annotations-2.9.5.jar:/home/user/.m2/repository/javax/enterprise/cdi-api/1.2/cdi-api-1.2.jar:/home/user/.m2/repository/javax/el/javax.el-api/3.0.0/javax.el-api-3.0.0.jar:/home/user/.m2/repository/javax/interceptor/javax.interceptor-api/1.2/javax.interceptor-api-1.2.jar:/home/user/.m2/repository/javax/inject/javax.inject/1/javax.inject-1.jar:/home/user/.m2/repository/com/sun/xml/bind/jaxb-impl/2.3.0.1/jaxb-impl-2.3.0.1.jar:/home/user/.m2/repository/com/sun/xml/bind/jaxb-core/2.3.0.1/jaxb-core-2.3.0.1.jar:/home/user/.m2/repository/javax/xml/bind/jaxb-api/2.3.0/jaxb-api-2.3.0.jar:/home/user/.m2/repository/javax/activation/activation/1.1.1/activation-1.1.1.jar:/home/user/.m2/repository/org/apache/hadoop/hadoop-ozone-csi/0.5.0-SNAPSHOT/hadoop-ozone-csi-0.5.0-SNAPSHOT.jar:/home/user/.m2/repository/com/google/protobuf/protobuf-java-util/3.5.1/protobuf-java-util-3.5.1.jar:/home/user/.m2/repository/org/apache/hadoop/hadoop-hdds-config/0.5.0-SNAPSHOT/hadoop-hdds-config-0.5.0-SNAPSHOT.jar:/home/user/.m2/repository/io/grpc/grpc-netty/1.17.1/grpc-netty-1.17.1.jar:/home/user/.m2/repository/io/grpc/grpc-core/1.17.1/grpc-core-1.17.1.jar:/home/user/.m2/repository/io/grpc/grpc-context/1.17.1/grpc-context-1.17.1.jar:/home/user/.m2/repository/com/google/errorprone/error_prone_annotations/2.2.0/error_prone_annotations-2.2.0.jar:/home/user/.m2/repository/org/codehaus/mojo/animal-sniffer-annotations/1.17/animal-sniffer-annotations-1.17.jar:/home/user/.m2/repository/io/opencensus/opencensus-api/0.17.0/opencensus-api-0.17.0.jar:/home/user/.m2/repository/io/opencensus/opencensus-contrib-grpc-metrics/0.17.0/opencensus-contrib-grpc-metrics-0.17.0.jar:/home/user/.m2/repository/io/netty/netty-codec-http2/4.1.30.Final/netty-codec-http2-4.1.30.Final.jar:/home/user/.m2/repository/io/netty/netty-codec-http/4.1.30.Final/netty-codec-http-4.1.30.Final.jar:/home/user/.m2/repository/io/netty/netty-codec/4.1.30.Final/netty-codec-4.1.30.Final.jar:/home/user/.m2/repository/io/netty/netty-handler/4.1.30.Final/netty-handler-4.1.30.Final.jar:/home/user/.m2/repository/io/netty/netty-handler-proxy/4.1.30.Final/netty-handler-proxy-4.1.30.Final.jar:/home/user/.m2/repository/io/netty/netty-codec-socks/4.1.30.Final/netty-codec-socks-4.1.30.Final.jar:/home/user/.m2/repository/io/netty/netty-transport-native-epoll/4.1.30.Final/netty-transport-native-epoll-4.1.30.Final.jar:/home/user/.m2/repository/io/netty/netty-common/4.1.30.Final/netty-common-4.1.30.Final.jar:/home/user/.m2/repository/io/netty/netty-buffer/4.1.30.Final/netty-buffer-4.1.30.Final.jar:/home/user/.m2/repository/io/netty/netty-transport/4.1.30.Final/netty-transport-4.1.30.Final.jar:/home/user/.m2/repository/io/netty/netty-resolver/4.1.30.Final/netty-resolver-4.1.30.Final.jar:/home/user/.m2/repository/io/netty/netty-transport-native-unix-common/4.1.30.Final/netty-transport-native-unix-common-4.1.30.Final.jar:/home/user/.m2/repository/io/grpc/grpc-protobuf/1.17.1/grpc-protobuf-1.17.1.jar:/home/user/.m2/repository/com/google/api/grpc/proto-google-common-protos/1.0.0/proto-google-common-protos-1.0.0.jar:/home/user/.m2/repository/io/grpc/grpc-protobuf-lite/1.17.1/grpc-protobuf-lite-1.17.1.jar:/home/user/.m2/repository/io/grpc/grpc-stub/1.17.1/grpc-stub-1.17.1.jar:/home/user/.m2/repository/org/apache/hadoop/hadoop-ozone-recon/0.5.0-SNAPSHOT/hadoop-ozone-recon-0.5.0-SNAPSHOT.jar:/home/user/.m2/repository/org/apache/hadoop/hadoop-ozone-reconcodegen/0.5.0-SNAPSHOT/hadoop-ozone-reconcodegen-0.5.0-SNAPSHOT.jar:/home/user/.m2/repository/com/google/inject/extensions/guice-multibindings/4.0/guice-multibindings-4.0.jar:/home/user/.m2/repository/com/google/inject/guice/4.0/guice-4.0.jar:/home/user/.m2/repository/aopalliance/aopalliance/1.0/aopalliance-1.0.jar:/home/user/.m2/repository/com/google/inject/extensions/guice-servlet/4.0/guice-servlet-4.0.jar:/home/user/.m2/repository/org/glassfish/jersey/containers/jersey-container-servlet/2.27/jersey-container-servlet-2.27.jar:/home/user/.m2/repository/org/glassfish/hk2/guice-bridge/2.5.0/guice-bridge-2.5.0.jar:/home/user/.m2/repository/org/glassfish/jersey/core/jersey-server/2.27/jersey-server-2.27.jar:/home/user/.m2/repository/org/glassfish/jersey/core/jersey-client/2.27/jersey-client-2.27.jar:/home/user/.m2/repository/org/glassfish/jersey/media/jersey-media-jaxb/2.27/jersey-media-jaxb-2.27.jar:/home/user/.m2/repository/javax/validation/validation-api/1.1.0.Final/validation-api-1.1.0.Final.jar:/home/user/.m2/repository/org/glassfish/jersey/media/jersey-media-json-jackson/2.27/jersey-media-json-jackson-2.27.jar:/home/user/.m2/repository/org/glassfish/jersey/ext/jersey-entity-filtering/2.27/jersey-entity-filtering-2.27.jar:/home/user/.m2/repository/com/google/inject/extensions/guice-assistedinject/4.0/guice-assistedinject-4.0.jar:/home/user/.m2/repository/org/jooq/jooq/3.11.10/jooq-3.11.10.jar:/home/user/.m2/repository/org/jooq/jooq-meta/3.11.10/jooq-meta-3.11.10.jar:/home/user/.m2/repository/org/jooq/jooq-codegen/3.11.10/jooq-codegen-3.11.10.jar:/home/user/.m2/repository/com/jolbox/bonecp/0.8.0.RELEASE/bonecp-0.8.0.RELEASE.jar:/home/user/.m2/repository/org/xerial/sqlite-jdbc/3.25.2/sqlite-jdbc-3.25.2.jar:/home/user/.m2/repository/org/springframework/spring-jdbc/5.1.3.RELEASE/spring-jdbc-5.1.3.RELEASE.jar:/home/user/.m2/repository/org/springframework/spring-beans/5.1.3.RELEASE/spring-beans-5.1.3.RELEASE.jar:/home/user/.m2/repository/org/springframework/spring-core/5.1.3.RELEASE/spring-core-5.1.3.RELEASE.jar:/home/user/.m2/repository/org/springframework/spring-jcl/5.1.3.RELEASE/spring-jcl-5.1.3.RELEASE.jar:/home/user/.m2/repository/org/springframework/spring-tx/5.1.3.RELEASE/spring-tx-5.1.3.RELEASE.jar:/home/user/.m2/repository/org/apache/hadoop/hadoop-ozone-client/0.5.0-SNAPSHOT/hadoop-ozone-client-0.5.0-SNAPSHOT.jar:/home/user/.m2/repository/commons-lang/commons-lang/2.6/commons-lang-2.6.jar:/home/user/.m2/repository/org/apache/hadoop/hadoop-ozone-ozone-manager/0.5.0-SNAPSHOT/hadoop-ozone-ozone-manager-0.5.0-SNAPSHOT-tests.jar:/home/user/.m2/repository/junit/junit/4.11/junit-4.11.jar:/home/user/.m2/repository/org/hamcrest/hamcrest-core/1.3/hamcrest-core-1.3.jar:/home/user/.m2/repository/org/openjdk/jmh/jmh-core/1.19/jmh-core-1.19.jar:/home/user/.m2/repository/net/sf/jopt-simple/jopt-simple/4.6/jopt-simple-4.6.jar:/home/user/.m2/repository/org/apache/commons/commons-math3/3.1.1/commons-math3-3.1.1.jar:/home/user/.m2/repository/org/openjdk/jmh/jmh-generator-annprocess/1.19/jmh-generator-annprocess-1.19.jar:/home/user/.m2/repository/org/mockito/mockito-all/1.8.5/mockito-all-1.8.5.jar:/home/user/.m2/repository/org/apache/hadoop/hadoop-kms/3.2.0/hadoop-kms-3.2.0.jar:/home/user/.m2/repository/org/apache/hadoop/hadoop-auth/3.2.0/hadoop-auth-3.2.0.jar:/home/user/.m2/repository/com/nimbusds/nimbus-jose-jwt/4.41.1/nimbus-jose-jwt-4.41.1.jar:/home/user/.m2/repository/com/github/stephenc/jcip/jcip-annotations/1.0-1/jcip-annotations-1.0-1.jar:/home/user/.m2/repository/net/minidev/json-smart/2.3/json-smart-2.3.jar:/home/user/.m2/repository/net/minidev/accessors-smart/1.2/accessors-smart-1.2.jar:/home/user/.m2/repository/org/ow2/asm/asm/5.0.4/asm-5.0.4.jar:/home/user/.m2/repository/org/apache/curator/curator-framework/2.12.0/curator-framework-2.12.0.jar:/home/user/.m2/repository/com/sun/jersey/jersey-core/1.19/jersey-core-1.19.jar:/home/user/.m2/repository/javax/ws/rs/jsr311-api/1.1.1/jsr311-api-1.1.1.jar:/home/user/.m2/repository/com/sun/jersey/jersey-server/1.19/jersey-server-1.19.jar:/home/user/.m2/repository/javax/servlet/javax.servlet-api/3.1.0/javax.servlet-api-3.1.0.jar:/home/user/.m2/repository/org/eclipse/jetty/jetty-server/9.3.24.v20180605/jetty-server-9.3.24.v20180605.jar:/home/user/.m2/repository/org/eclipse/jetty/jetty-http/9.3.24.v20180605/jetty-http-9.3.24.v20180605.jar:/home/user/.m2/repository/org/eclipse/jetty/jetty-io/9.3.24.v20180605/jetty-io-9.3.24.v20180605.jar:/home/user/.m2/repository/org/eclipse/jetty/jetty-webapp/9.3.24.v20180605/jetty-webapp-9.3.24.v20180605.jar:/home/user/.m2/repository/org/eclipse/jetty/jetty-xml/9.3.24.v20180605/jetty-xml-9.3.24.v20180605.jar:/home/user/.m2/repository/log4j/log4j/1.2.17/log4j-1.2.17.jar:/home/user/.m2/repository/org/slf4j/slf4j-api/1.7.25/slf4j-api-1.7.25.jar:/home/user/.m2/repository/org/slf4j/jul-to-slf4j/1.7.25/jul-to-slf4j-1.7.25.jar:/home/user/.m2/repository/org/eclipse/jetty/jetty-util/9.3.24.v20180605/jetty-util-9.3.24.v20180605.jar:/home/user/.m2/repository/com/fasterxml/jackson/core/jackson-databind/2.9.5/jackson-databind-2.9.5.jar:/home/user/.m2/repository/org/apache/hadoop/hadoop-kms/3.2.0/hadoop-kms-3.2.0-tests.jar:/home/user/.m2/repository/org/apache/hadoop/hadoop-hdds-server-scm/0.5.0-SNAPSHOT/hadoop-hdds-server-scm-0.5.0-SNAPSHOT-tests.jar:/home/user/.m2/repository/org/apache/hadoop/hadoop-hdds-container-service/0.5.0-SNAPSHOT/hadoop-hdds-container-service-0.5.0-SNAPSHOT-tests.jar:/home/user/.m2/repository/org/yaml/snakeyaml/1.16/snakeyaml-1.16.jar:/home/user/.m2/repository/org/apache/hadoop/hadoop-common/3.2.0/hadoop-common-3.2.0-tests.jar:/home/user/.m2/repository/org/apache/hadoop/hadoop-annotations/3.2.0/hadoop-annotations-3.2.0.jar:/usr/lib/jvm/java-1.8-openjdk/jre/../lib/tools.jar:/home/user/.m2/repository/commons-cli/commons-cli/1.2/commons-cli-1.2.jar:/home/user/.m2/repository/org/apache/httpcomponents/httpclient/4.5.2/httpclient-4.5.2.jar:/home/user/.m2/repository/org/apache/httpcomponents/httpcore/4.4.4/httpcore-4.4.4.jar:/home/user/.m2/repository/commons-codec/commons-codec/1.11/commons-codec-1.11.jar:/home/user/.m2/repository/commons-net/commons-net/3.6/commons-net-3.6.jar:/home/user/.m2/repository/commons-collections/commons-collections/3.2.2/commons-collections-3.2.2.jar:/home/user/.m2/repository/org/eclipse/jetty/jetty-servlet/9.3.24.v20180605/jetty-servlet-9.3.24.v20180605.jar:/home/user/.m2/repository/org/eclipse/jetty/jetty-security/9.3.24.v20180605/jetty-security-9.3.24.v20180605.jar:/home/user/.m2/repository/javax/servlet/jsp/jsp-api/2.1/jsp-api-2.1.jar:/home/user/.m2/repository/com/sun/jersey/jersey-servlet/1.19/jersey-servlet-1.19.jar:/home/user/.m2/repository/com/sun/jersey/jersey-json/1.19/jersey-json-1.19.jar:/home/user/.m2/repository/org/codehaus/jettison/jettison/1.1/jettison-1.1.jar:/home/user/.m2/repository/org/codehaus/jackson/jackson-core-asl/1.9.13/jackson-core-asl-1.9.13.jar:/home/user/.m2/repository/org/codehaus/jackson/jackson-mapper-asl/1.9.13/jackson-mapper-asl-1.9.13.jar:/home/user/.m2/repository/org/codehaus/jackson/jackson-jaxrs/1.9.13/jackson-jaxrs-1.9.13.jar:/home/user/.m2/repository/org/codehaus/jackson/jackson-xc/1.9.13/jackson-xc-1.9.13.jar:/home/user/.m2/repository/commons-logging/commons-logging/1.1.3/commons-logging-1.1.3.jar:/home/user/.m2/repository/commons-beanutils/commons-beanutils/1.9.3/commons-beanutils-1.9.3.jar:/home/user/.m2/repository/org/apache/commons/commons-configuration2/2.1.1/commons-configuration2-2.1.1.jar:/home/user/.m2/repository/org/apache/commons/commons-lang3/3.7/commons-lang3-3.7.jar:/home/user/.m2/repository/org/apache/commons/commons-text/1.4/commons-text-1.4.jar:/home/user/.m2/repository/org/apache/avro/avro/1.7.7/avro-1.7.7.jar:/home/user/.m2/repository/com/thoughtworks/paranamer/paranamer/2.3/paranamer-2.3.jar:/home/user/.m2/repository/org/xerial/snappy/snappy-java/1.0.5/snappy-java-1.0.5.jar:/home/user/.m2/repository/com/google/re2j/re2j/1.1/re2j-1.1.jar:/home/user/.m2/repository/com/google/code/gson/gson/2.2.4/gson-2.2.4.jar:/home/user/.m2/repository/com/jcraft/jsch/0.1.54/jsch-0.1.54.jar:/home/user/.m2/repository/org/apache/curator/curator-client/2.12.0/curator-client-2.12.0.jar:/home/user/.m2/repository/org/apache/curator/curator-recipes/2.12.0/curator-recipes-2.12.0.jar:/home/user/.m2/repository/com/google/code/findbugs/jsr305/3.0.0/jsr305-3.0.0.jar:/home/user/.m2/repository/org/apache/htrace/htrace-core4/4.1.0-incubating/htrace-core4-4.1.0-incubating.jar:/home/user/.m2/repository/org/apache/zookeeper/zookeeper/3.4.13/zookeeper-3.4.13.jar:/home/user/.m2/repository/org/apache/yetus/audience-annotations/0.5.0/audience-annotations-0.5.0.jar:/home/user/.m2/repository/org/codehaus/woodstox/stax2-api/3.1.4/stax2-api-3.1.4.jar:/home/user/.m2/repository/com/fasterxml/woodstox/woodstox-core/5.0.3/woodstox-core-5.0.3.jar:/home/user/.m2/repository/dnsjava/dnsjava/2.1.7/dnsjava-2.1.7.jar:/home/user/.m2/repository/org/apache/hadoop/hadoop-hdfs/3.2.0/hadoop-hdfs-3.2.0-tests.jar:/home/user/.m2/repository/org/eclipse/jetty/jetty-util-ajax/9.3.24.v20180605/jetty-util-ajax-9.3.24.v20180605.jar:/home/user/.m2/repository/commons-daemon/commons-daemon/1.0.13/commons-daemon-1.0.13.jar:/home/user/.m2/repository/io/netty/netty/3.10.5.Final/netty-3.10.5.Final.jar:/home/user/.m2/repository/io/netty/netty-all/4.0.52.Final/netty-all-4.0.52.Final.jar:/home/user/.m2/repository/org/fusesource/leveldbjni/leveldbjni-all/1.8/leveldbjni-all-1.8.jar:"/>
    <property name="java.vm.vendor" value="IcedTea"/>
    <property name="sun.arch.data.model" value="64"/>
    <property name="test.build.dir" value="/workdir/hadoop-ozone/integration-test/target/test-dir"/>
    <property name="test.cache.data" value=""/>
    <property name="java.vendor.url" value="https://icedtea.classpath.org"/>
    <property name="user.timezone" value=""/>
    <property name="java.vm.specification.version" value="1.8"/>
    <property name="os.name" value="Linux"/>
    <property name="test.build.data" value="/workdir/hadoop-ozone/integration-test/target/test-dir"/>
    <property name="user.country" value="US"/>
    <property name="sun.java.launcher" value="SUN_STANDARD"/>
    <property name="sun.boot.library.path" value="/usr/lib/jvm/java-1.8-openjdk/jre/lib/amd64"/>
    <property name="sun.java.command" value="/workdir/hadoop-ozone/integration-test/target/surefire/surefirebooter2490041802960095815.jar /workdir/hadoop-ozone/integration-test/target/surefire 2019-08-23T09-29-37_286-jvmRun1 surefire8001515472669377360tmp surefire_482179859962963652124tmp"/>
    <property name="test" value="!TestMiniChaosOzoneCluster"/>
    <property name="surefire.test.class.path" value="/workdir/hadoop-ozone/integration-test/target/test-classes:/workdir/hadoop-ozone/integration-test/target/classes:/home/user/.m2/repository/org/apache/hadoop/hadoop-ozone-common/0.5.0-SNAPSHOT/hadoop-ozone-common-0.5.0-SNAPSHOT.jar:/home/user/.m2/repository/org/apache/commons/commons-compress/1.4.1/commons-compress-1.4.1.jar:/home/user/.m2/repository/org/tukaani/xz/1.0/xz-1.0.jar:/home/user/.m2/repository/org/apache/hadoop/hadoop-common/3.2.0/hadoop-common-3.2.0.jar:/home/user/.m2/repository/org/apache/hadoop/hadoop-hdfs/3.2.0/hadoop-hdfs-3.2.0.jar:/home/user/.m2/repository/org/apache/hadoop/hadoop-hdfs-client/3.2.0/hadoop-hdfs-client-3.2.0.jar:/home/user/.m2/repository/com/fasterxml/jackson/core/jackson-annotations/2.9.5/jackson-annotations-2.9.5.jar:/home/user/.m2/repository/org/apache/hadoop/hadoop-hdds-common/0.5.0-SNAPSHOT/hadoop-hdds-common-0.5.0-SNAPSHOT.jar:/home/user/.m2/repository/javax/annotation/javax.annotation-api/1.2/javax.annotation-api-1.2.jar:/home/user/.m2/repository/org/apache/ratis/ratis-server/0.4.0-2337318-SNAPSHOT/ratis-server-0.4.0-2337318-SNAPSHOT.jar:/home/user/.m2/repository/org/apache/ratis/ratis-thirdparty-misc/0.2.0/ratis-thirdparty-misc-0.2.0.jar:/home/user/.m2/repository/org/apache/ratis/ratis-proto/0.4.0-2337318-SNAPSHOT/ratis-proto-0.4.0-2337318-SNAPSHOT.jar:/home/user/.m2/repository/org/apache/ratis/ratis-common/0.4.0-2337318-SNAPSHOT/ratis-common-0.4.0-2337318-SNAPSHOT.jar:/home/user/.m2/repository/org/apache/ratis/ratis-client/0.4.0-2337318-SNAPSHOT/ratis-client-0.4.0-2337318-SNAPSHOT.jar:/home/user/.m2/repository/org/apache/ratis/ratis-metrics/0.4.0-2337318-SNAPSHOT/ratis-metrics-0.4.0-2337318-SNAPSHOT.jar:/home/user/.m2/repository/org/apache/ratis/ratis-netty/0.4.0-2337318-SNAPSHOT/ratis-netty-0.4.0-2337318-SNAPSHOT.jar:/home/user/.m2/repository/org/apache/ratis/ratis-grpc/0.4.0-2337318-SNAPSHOT/ratis-grpc-0.4.0-2337318-SNAPSHOT.jar:/home/user/.m2/repository/org/rocksdb/rocksdbjni/6.0.1/rocksdbjni-6.0.1.jar:/home/user/.m2/repository/org/apache/logging/log4j/log4j-api/2.11.0/log4j-api-2.11.0.jar:/home/user/.m2/repository/org/apache/logging/log4j/log4j-core/2.11.0/log4j-core-2.11.0.jar:/home/user/.m2/repository/com/lmax/disruptor/3.4.2/disruptor-3.4.2.jar:/home/user/.m2/repository/org/apache/commons/commons-pool2/2.6.0/commons-pool2-2.6.0.jar:/home/user/.m2/repository/org/bouncycastle/bcpkix-jdk15on/1.60/bcpkix-jdk15on-1.60.jar:/home/user/.m2/repository/commons-validator/commons-validator/1.6/commons-validator-1.6.jar:/home/user/.m2/repository/commons-digester/commons-digester/1.8.1/commons-digester-1.8.1.jar:/home/user/.m2/repository/io/jaegertracing/jaeger-client/0.33.1/jaeger-client-0.33.1.jar:/home/user/.m2/repository/io/jaegertracing/jaeger-thrift/0.33.1/jaeger-thrift-0.33.1.jar:/home/user/.m2/repository/org/apache/thrift/libthrift/0.11.0/libthrift-0.11.0.jar:/home/user/.m2/repository/com/squareup/okhttp3/okhttp/3.9.0/okhttp-3.9.0.jar:/home/user/.m2/repository/com/squareup/okio/okio/1.13.0/okio-1.13.0.jar:/home/user/.m2/repository/io/jaegertracing/jaeger-core/0.33.1/jaeger-core-0.33.1.jar:/home/user/.m2/repository/io/jaegertracing/jaeger-tracerresolver/0.33.1/jaeger-tracerresolver-0.33.1.jar:/home/user/.m2/repository/io/opentracing/contrib/opentracing-tracerresolver/0.1.5/opentracing-tracerresolver-0.1.5.jar:/home/user/.m2/repository/io/opentracing/opentracing-util/0.31.0/opentracing-util-0.31.0.jar:/home/user/.m2/repository/io/opentracing/opentracing-api/0.31.0/opentracing-api-0.31.0.jar:/home/user/.m2/repository/io/opentracing/opentracing-noop/0.31.0/opentracing-noop-0.31.0.jar:/home/user/.m2/repository/org/apache/hadoop/hadoop-hdds-server-framework/0.5.0-SNAPSHOT/hadoop-hdds-server-framework-0.5.0-SNAPSHOT.jar:/home/user/.m2/repository/org/apache/hadoop/hadoop-hdds-container-service/0.5.0-SNAPSHOT/hadoop-hdds-container-service-0.5.0-SNAPSHOT.jar:/home/user/.m2/repository/org/apache/hadoop/hadoop-hdds-client/0.5.0-SNAPSHOT/hadoop-hdds-client-0.5.0-SNAPSHOT.jar:/home/user/.m2/repository/org/apache/hadoop/hadoop-hdds-tools/0.5.0-SNAPSHOT/hadoop-hdds-tools-0.5.0-SNAPSHOT.jar:/home/user/.m2/repository/org/apache/hadoop/hadoop-hdds-server-scm/0.5.0-SNAPSHOT/hadoop-hdds-server-scm-0.5.0-SNAPSHOT.jar:/home/user/.m2/repository/org/apache/hadoop/hadoop-hdds-docs/0.5.0-SNAPSHOT/hadoop-hdds-docs-0.5.0-SNAPSHOT.jar:/home/user/.m2/repository/io/dropwizard/metrics/metrics-core/3.2.4/metrics-core-3.2.4.jar:/home/user/.m2/repository/org/hamcrest/hamcrest-all/1.3/hamcrest-all-1.3.jar:/home/user/.m2/repository/org/bouncycastle/bcprov-jdk15on/1.60/bcprov-jdk15on-1.60.jar:/home/user/.m2/repository/info/picocli/picocli/3.9.6/picocli-3.9.6.jar:/home/user/.m2/repository/com/google/protobuf/protobuf-java/2.5.0/protobuf-java-2.5.0.jar:/home/user/.m2/repository/com/google/guava/guava/11.0.2/guava-11.0.2.jar:/home/user/.m2/repository/org/apache/hadoop/hadoop-ozone-ozone-manager/0.5.0-SNAPSHOT/hadoop-ozone-ozone-manager-0.5.0-SNAPSHOT.jar:/home/user/.m2/repository/org/apache/hadoop/hadoop-minikdc/3.2.0/hadoop-minikdc-3.2.0.jar:/home/user/.m2/repository/commons-io/commons-io/2.5/commons-io-2.5.jar:/home/user/.m2/repository/org/apache/kerby/kerb-simplekdc/1.0.1/kerb-simplekdc-1.0.1.jar:/home/user/.m2/repository/org/apache/kerby/kerb-client/1.0.1/kerb-client-1.0.1.jar:/home/user/.m2/repository/org/apache/kerby/kerby-config/1.0.1/kerby-config-1.0.1.jar:/home/user/.m2/repository/org/apache/kerby/kerb-core/1.0.1/kerb-core-1.0.1.jar:/home/user/.m2/repository/org/apache/kerby/kerby-pkix/1.0.1/kerby-pkix-1.0.1.jar:/home/user/.m2/repository/org/apache/kerby/kerby-asn1/1.0.1/kerby-asn1-1.0.1.jar:/home/user/.m2/repository/org/apache/kerby/kerby-util/1.0.1/kerby-util-1.0.1.jar:/home/user/.m2/repository/org/apache/kerby/kerb-common/1.0.1/kerb-common-1.0.1.jar:/home/user/.m2/repository/org/apache/kerby/kerb-crypto/1.0.1/kerb-crypto-1.0.1.jar:/home/user/.m2/repository/org/apache/kerby/kerb-util/1.0.1/kerb-util-1.0.1.jar:/home/user/.m2/repository/org/apache/kerby/token-provider/1.0.1/token-provider-1.0.1.jar:/home/user/.m2/repository/org/apache/kerby/kerb-admin/1.0.1/kerb-admin-1.0.1.jar:/home/user/.m2/repository/org/apache/kerby/kerb-server/1.0.1/kerb-server-1.0.1.jar:/home/user/.m2/repository/org/apache/kerby/kerb-identity/1.0.1/kerb-identity-1.0.1.jar:/home/user/.m2/repository/org/apache/kerby/kerby-xdr/1.0.1/kerby-xdr-1.0.1.jar:/home/user/.m2/repository/org/slf4j/slf4j-log4j12/1.7.25/slf4j-log4j12-1.7.25.jar:/home/user/.m2/repository/org/apache/hadoop/hadoop-ozone-objectstore-service/0.5.0-SNAPSHOT/hadoop-ozone-objectstore-service-0.5.0-SNAPSHOT.jar:/home/user/.m2/repository/org/apache/hadoop/hadoop-ozone-s3gateway/0.5.0-SNAPSHOT/hadoop-ozone-s3gateway-0.5.0-SNAPSHOT.jar:/home/user/.m2/repository/org/jboss/weld/servlet/weld-servlet/2.4.7.Final/weld-servlet-2.4.7.Final.jar:/home/user/.m2/repository/org/glassfish/jersey/containers/jersey-container-servlet-core/2.27/jersey-container-servlet-core-2.27.jar:/home/user/.m2/repository/org/glassfish/hk2/external/javax.inject/2.5.0-b42/javax.inject-2.5.0-b42.jar:/home/user/.m2/repository/org/glassfish/jersey/core/jersey-common/2.27/jersey-common-2.27.jar:/home/user/.m2/repository/org/glassfish/hk2/osgi-resource-locator/1.0.1/osgi-resource-locator-1.0.1.jar:/home/user/.m2/repository/javax/ws/rs/javax.ws.rs-api/2.1/javax.ws.rs-api-2.1.jar:/home/user/.m2/repository/org/glassfish/jersey/ext/cdi/jersey-cdi1x/2.27/jersey-cdi1x-2.27.jar:/home/user/.m2/repository/org/glassfish/jersey/inject/jersey-hk2/2.27/jersey-hk2-2.27.jar:/home/user/.m2/repository/org/glassfish/hk2/hk2-locator/2.5.0-b42/hk2-locator-2.5.0-b42.jar:/home/user/.m2/repository/org/javassist/javassist/3.22.0-CR2/javassist-3.22.0-CR2.jar:/home/user/.m2/repository/org/glassfish/hk2/hk2-api/2.5.0/hk2-api-2.5.0.jar:/home/user/.m2/repository/org/glassfish/hk2/external/jakarta.inject/2.5.0/jakarta.inject-2.5.0.jar:/home/user/.m2/repository/org/glassfish/hk2/hk2-utils/2.5.0/hk2-utils-2.5.0.jar:/home/user/.m2/repository/jakarta/annotation/jakarta.annotation-api/1.3.4/jakarta.annotation-api-1.3.4.jar:/home/user/.m2/repository/org/glassfish/hk2/external/aopalliance-repackaged/2.5.0/aopalliance-repackaged-2.5.0.jar:/home/user/.m2/repository/com/fasterxml/jackson/dataformat/jackson-dataformat-xml/2.9.0/jackson-dataformat-xml-2.9.0.jar:/home/user/.m2/repository/com/fasterxml/jackson/core/jackson-core/2.9.5/jackson-core-2.9.5.jar:/home/user/.m2/repository/com/fasterxml/jackson/module/jackson-module-jaxb-annotations/2.9.5/jackson-module-jaxb-annotations-2.9.5.jar:/home/user/.m2/repository/javax/enterprise/cdi-api/1.2/cdi-api-1.2.jar:/home/user/.m2/repository/javax/el/javax.el-api/3.0.0/javax.el-api-3.0.0.jar:/home/user/.m2/repository/javax/interceptor/javax.interceptor-api/1.2/javax.interceptor-api-1.2.jar:/home/user/.m2/repository/javax/inject/javax.inject/1/javax.inject-1.jar:/home/user/.m2/repository/com/sun/xml/bind/jaxb-impl/2.3.0.1/jaxb-impl-2.3.0.1.jar:/home/user/.m2/repository/com/sun/xml/bind/jaxb-core/2.3.0.1/jaxb-core-2.3.0.1.jar:/home/user/.m2/repository/javax/xml/bind/jaxb-api/2.3.0/jaxb-api-2.3.0.jar:/home/user/.m2/repository/javax/activation/activation/1.1.1/activation-1.1.1.jar:/home/user/.m2/repository/org/apache/hadoop/hadoop-ozone-csi/0.5.0-SNAPSHOT/hadoop-ozone-csi-0.5.0-SNAPSHOT.jar:/home/user/.m2/repository/com/google/protobuf/protobuf-java-util/3.5.1/protobuf-java-util-3.5.1.jar:/home/user/.m2/repository/org/apache/hadoop/hadoop-hdds-config/0.5.0-SNAPSHOT/hadoop-hdds-config-0.5.0-SNAPSHOT.jar:/home/user/.m2/repository/io/grpc/grpc-netty/1.17.1/grpc-netty-1.17.1.jar:/home/user/.m2/repository/io/grpc/grpc-core/1.17.1/grpc-core-1.17.1.jar:/home/user/.m2/repository/io/grpc/grpc-context/1.17.1/grpc-context-1.17.1.jar:/home/user/.m2/repository/com/google/errorprone/error_prone_annotations/2.2.0/error_prone_annotations-2.2.0.jar:/home/user/.m2/repository/org/codehaus/mojo/animal-sniffer-annotations/1.17/animal-sniffer-annotations-1.17.jar:/home/user/.m2/repository/io/opencensus/opencensus-api/0.17.0/opencensus-api-0.17.0.jar:/home/user/.m2/repository/io/opencensus/opencensus-contrib-grpc-metrics/0.17.0/opencensus-contrib-grpc-metrics-0.17.0.jar:/home/user/.m2/repository/io/netty/netty-codec-http2/4.1.30.Final/netty-codec-http2-4.1.30.Final.jar:/home/user/.m2/repository/io/netty/netty-codec-http/4.1.30.Final/netty-codec-http-4.1.30.Final.jar:/home/user/.m2/repository/io/netty/netty-codec/4.1.30.Final/netty-codec-4.1.30.Final.jar:/home/user/.m2/repository/io/netty/netty-handler/4.1.30.Final/netty-handler-4.1.30.Final.jar:/home/user/.m2/repository/io/netty/netty-handler-proxy/4.1.30.Final/netty-handler-proxy-4.1.30.Final.jar:/home/user/.m2/repository/io/netty/netty-codec-socks/4.1.30.Final/netty-codec-socks-4.1.30.Final.jar:/home/user/.m2/repository/io/netty/netty-transport-native-epoll/4.1.30.Final/netty-transport-native-epoll-4.1.30.Final.jar:/home/user/.m2/repository/io/netty/netty-common/4.1.30.Final/netty-common-4.1.30.Final.jar:/home/user/.m2/repository/io/netty/netty-buffer/4.1.30.Final/netty-buffer-4.1.30.Final.jar:/home/user/.m2/repository/io/netty/netty-transport/4.1.30.Final/netty-transport-4.1.30.Final.jar:/home/user/.m2/repository/io/netty/netty-resolver/4.1.30.Final/netty-resolver-4.1.30.Final.jar:/home/user/.m2/repository/io/netty/netty-transport-native-unix-common/4.1.30.Final/netty-transport-native-unix-common-4.1.30.Final.jar:/home/user/.m2/repository/io/grpc/grpc-protobuf/1.17.1/grpc-protobuf-1.17.1.jar:/home/user/.m2/repository/com/google/api/grpc/proto-google-common-protos/1.0.0/proto-google-common-protos-1.0.0.jar:/home/user/.m2/repository/io/grpc/grpc-protobuf-lite/1.17.1/grpc-protobuf-lite-1.17.1.jar:/home/user/.m2/repository/io/grpc/grpc-stub/1.17.1/grpc-stub-1.17.1.jar:/home/user/.m2/repository/org/apache/hadoop/hadoop-ozone-recon/0.5.0-SNAPSHOT/hadoop-ozone-recon-0.5.0-SNAPSHOT.jar:/home/user/.m2/repository/org/apache/hadoop/hadoop-ozone-reconcodegen/0.5.0-SNAPSHOT/hadoop-ozone-reconcodegen-0.5.0-SNAPSHOT.jar:/home/user/.m2/repository/com/google/inject/extensions/guice-multibindings/4.0/guice-multibindings-4.0.jar:/home/user/.m2/repository/com/google/inject/guice/4.0/guice-4.0.jar:/home/user/.m2/repository/aopalliance/aopalliance/1.0/aopalliance-1.0.jar:/home/user/.m2/repository/com/google/inject/extensions/guice-servlet/4.0/guice-servlet-4.0.jar:/home/user/.m2/repository/org/glassfish/jersey/containers/jersey-container-servlet/2.27/jersey-container-servlet-2.27.jar:/home/user/.m2/repository/org/glassfish/hk2/guice-bridge/2.5.0/guice-bridge-2.5.0.jar:/home/user/.m2/repository/org/glassfish/jersey/core/jersey-server/2.27/jersey-server-2.27.jar:/home/user/.m2/repository/org/glassfish/jersey/core/jersey-client/2.27/jersey-client-2.27.jar:/home/user/.m2/repository/org/glassfish/jersey/media/jersey-media-jaxb/2.27/jersey-media-jaxb-2.27.jar:/home/user/.m2/repository/javax/validation/validation-api/1.1.0.Final/validation-api-1.1.0.Final.jar:/home/user/.m2/repository/org/glassfish/jersey/media/jersey-media-json-jackson/2.27/jersey-media-json-jackson-2.27.jar:/home/user/.m2/repository/org/glassfish/jersey/ext/jersey-entity-filtering/2.27/jersey-entity-filtering-2.27.jar:/home/user/.m2/repository/com/google/inject/extensions/guice-assistedinject/4.0/guice-assistedinject-4.0.jar:/home/user/.m2/repository/org/jooq/jooq/3.11.10/jooq-3.11.10.jar:/home/user/.m2/repository/org/jooq/jooq-meta/3.11.10/jooq-meta-3.11.10.jar:/home/user/.m2/repository/org/jooq/jooq-codegen/3.11.10/jooq-codegen-3.11.10.jar:/home/user/.m2/repository/com/jolbox/bonecp/0.8.0.RELEASE/bonecp-0.8.0.RELEASE.jar:/home/user/.m2/repository/org/xerial/sqlite-jdbc/3.25.2/sqlite-jdbc-3.25.2.jar:/home/user/.m2/repository/org/springframework/spring-jdbc/5.1.3.RELEASE/spring-jdbc-5.1.3.RELEASE.jar:/home/user/.m2/repository/org/springframework/spring-beans/5.1.3.RELEASE/spring-beans-5.1.3.RELEASE.jar:/home/user/.m2/repository/org/springframework/spring-core/5.1.3.RELEASE/spring-core-5.1.3.RELEASE.jar:/home/user/.m2/repository/org/springframework/spring-jcl/5.1.3.RELEASE/spring-jcl-5.1.3.RELEASE.jar:/home/user/.m2/repository/org/springframework/spring-tx/5.1.3.RELEASE/spring-tx-5.1.3.RELEASE.jar:/home/user/.m2/repository/org/apache/hadoop/hadoop-ozone-client/0.5.0-SNAPSHOT/hadoop-ozone-client-0.5.0-SNAPSHOT.jar:/home/user/.m2/repository/commons-lang/commons-lang/2.6/commons-lang-2.6.jar:/home/user/.m2/repository/org/apache/hadoop/hadoop-ozone-ozone-manager/0.5.0-SNAPSHOT/hadoop-ozone-ozone-manager-0.5.0-SNAPSHOT-tests.jar:/home/user/.m2/repository/junit/junit/4.11/junit-4.11.jar:/home/user/.m2/repository/org/hamcrest/hamcrest-core/1.3/hamcrest-core-1.3.jar:/home/user/.m2/repository/org/openjdk/jmh/jmh-core/1.19/jmh-core-1.19.jar:/home/user/.m2/repository/net/sf/jopt-simple/jopt-simple/4.6/jopt-simple-4.6.jar:/home/user/.m2/repository/org/apache/commons/commons-math3/3.1.1/commons-math3-3.1.1.jar:/home/user/.m2/repository/org/openjdk/jmh/jmh-generator-annprocess/1.19/jmh-generator-annprocess-1.19.jar:/home/user/.m2/repository/org/mockito/mockito-all/1.8.5/mockito-all-1.8.5.jar:/home/user/.m2/repository/org/apache/hadoop/hadoop-kms/3.2.0/hadoop-kms-3.2.0.jar:/home/user/.m2/repository/org/apache/hadoop/hadoop-auth/3.2.0/hadoop-auth-3.2.0.jar:/home/user/.m2/repository/com/nimbusds/nimbus-jose-jwt/4.41.1/nimbus-jose-jwt-4.41.1.jar:/home/user/.m2/repository/com/github/stephenc/jcip/jcip-annotations/1.0-1/jcip-annotations-1.0-1.jar:/home/user/.m2/repository/net/minidev/json-smart/2.3/json-smart-2.3.jar:/home/user/.m2/repository/net/minidev/accessors-smart/1.2/accessors-smart-1.2.jar:/home/user/.m2/repository/org/ow2/asm/asm/5.0.4/asm-5.0.4.jar:/home/user/.m2/repository/org/apache/curator/curator-framework/2.12.0/curator-framework-2.12.0.jar:/home/user/.m2/repository/com/sun/jersey/jersey-core/1.19/jersey-core-1.19.jar:/home/user/.m2/repository/javax/ws/rs/jsr311-api/1.1.1/jsr311-api-1.1.1.jar:/home/user/.m2/repository/com/sun/jersey/jersey-server/1.19/jersey-server-1.19.jar:/home/user/.m2/repository/javax/servlet/javax.servlet-api/3.1.0/javax.servlet-api-3.1.0.jar:/home/user/.m2/repository/org/eclipse/jetty/jetty-server/9.3.24.v20180605/jetty-server-9.3.24.v20180605.jar:/home/user/.m2/repository/org/eclipse/jetty/jetty-http/9.3.24.v20180605/jetty-http-9.3.24.v20180605.jar:/home/user/.m2/repository/org/eclipse/jetty/jetty-io/9.3.24.v20180605/jetty-io-9.3.24.v20180605.jar:/home/user/.m2/repository/org/eclipse/jetty/jetty-webapp/9.3.24.v20180605/jetty-webapp-9.3.24.v20180605.jar:/home/user/.m2/repository/org/eclipse/jetty/jetty-xml/9.3.24.v20180605/jetty-xml-9.3.24.v20180605.jar:/home/user/.m2/repository/log4j/log4j/1.2.17/log4j-1.2.17.jar:/home/user/.m2/repository/org/slf4j/slf4j-api/1.7.25/slf4j-api-1.7.25.jar:/home/user/.m2/repository/org/slf4j/jul-to-slf4j/1.7.25/jul-to-slf4j-1.7.25.jar:/home/user/.m2/repository/org/eclipse/jetty/jetty-util/9.3.24.v20180605/jetty-util-9.3.24.v20180605.jar:/home/user/.m2/repository/com/fasterxml/jackson/core/jackson-databind/2.9.5/jackson-databind-2.9.5.jar:/home/user/.m2/repository/org/apache/hadoop/hadoop-kms/3.2.0/hadoop-kms-3.2.0-tests.jar:/home/user/.m2/repository/org/apache/hadoop/hadoop-hdds-server-scm/0.5.0-SNAPSHOT/hadoop-hdds-server-scm-0.5.0-SNAPSHOT-tests.jar:/home/user/.m2/repository/org/apache/hadoop/hadoop-hdds-container-service/0.5.0-SNAPSHOT/hadoop-hdds-container-service-0.5.0-SNAPSHOT-tests.jar:/home/user/.m2/repository/org/yaml/snakeyaml/1.16/snakeyaml-1.16.jar:/home/user/.m2/repository/org/apache/hadoop/hadoop-common/3.2.0/hadoop-common-3.2.0-tests.jar:/home/user/.m2/repository/org/apache/hadoop/hadoop-annotations/3.2.0/hadoop-annotations-3.2.0.jar:/usr/lib/jvm/java-1.8-openjdk/jre/../lib/tools.jar:/home/user/.m2/repository/commons-cli/commons-cli/1.2/commons-cli-1.2.jar:/home/user/.m2/repository/org/apache/httpcomponents/httpclient/4.5.2/httpclient-4.5.2.jar:/home/user/.m2/repository/org/apache/httpcomponents/httpcore/4.4.4/httpcore-4.4.4.jar:/home/user/.m2/repository/commons-codec/commons-codec/1.11/commons-codec-1.11.jar:/home/user/.m2/repository/commons-net/commons-net/3.6/commons-net-3.6.jar:/home/user/.m2/repository/commons-collections/commons-collections/3.2.2/commons-collections-3.2.2.jar:/home/user/.m2/repository/org/eclipse/jetty/jetty-servlet/9.3.24.v20180605/jetty-servlet-9.3.24.v20180605.jar:/home/user/.m2/repository/org/eclipse/jetty/jetty-security/9.3.24.v20180605/jetty-security-9.3.24.v20180605.jar:/home/user/.m2/repository/javax/servlet/jsp/jsp-api/2.1/jsp-api-2.1.jar:/home/user/.m2/repository/com/sun/jersey/jersey-servlet/1.19/jersey-servlet-1.19.jar:/home/user/.m2/repository/com/sun/jersey/jersey-json/1.19/jersey-json-1.19.jar:/home/user/.m2/repository/org/codehaus/jettison/jettison/1.1/jettison-1.1.jar:/home/user/.m2/repository/org/codehaus/jackson/jackson-core-asl/1.9.13/jackson-core-asl-1.9.13.jar:/home/user/.m2/repository/org/codehaus/jackson/jackson-mapper-asl/1.9.13/jackson-mapper-asl-1.9.13.jar:/home/user/.m2/repository/org/codehaus/jackson/jackson-jaxrs/1.9.13/jackson-jaxrs-1.9.13.jar:/home/user/.m2/repository/org/codehaus/jackson/jackson-xc/1.9.13/jackson-xc-1.9.13.jar:/home/user/.m2/repository/commons-logging/commons-logging/1.1.3/commons-logging-1.1.3.jar:/home/user/.m2/repository/commons-beanutils/commons-beanutils/1.9.3/commons-beanutils-1.9.3.jar:/home/user/.m2/repository/org/apache/commons/commons-configuration2/2.1.1/commons-configuration2-2.1.1.jar:/home/user/.m2/repository/org/apache/commons/commons-lang3/3.7/commons-lang3-3.7.jar:/home/user/.m2/repository/org/apache/commons/commons-text/1.4/commons-text-1.4.jar:/home/user/.m2/repository/org/apache/avro/avro/1.7.7/avro-1.7.7.jar:/home/user/.m2/repository/com/thoughtworks/paranamer/paranamer/2.3/paranamer-2.3.jar:/home/user/.m2/repository/org/xerial/snappy/snappy-java/1.0.5/snappy-java-1.0.5.jar:/home/user/.m2/repository/com/google/re2j/re2j/1.1/re2j-1.1.jar:/home/user/.m2/repository/com/google/code/gson/gson/2.2.4/gson-2.2.4.jar:/home/user/.m2/repository/com/jcraft/jsch/0.1.54/jsch-0.1.54.jar:/home/user/.m2/repository/org/apache/curator/curator-client/2.12.0/curator-client-2.12.0.jar:/home/user/.m2/repository/org/apache/curator/curator-recipes/2.12.0/curator-recipes-2.12.0.jar:/home/user/.m2/repository/com/google/code/findbugs/jsr305/3.0.0/jsr305-3.0.0.jar:/home/user/.m2/repository/org/apache/htrace/htrace-core4/4.1.0-incubating/htrace-core4-4.1.0-incubating.jar:/home/user/.m2/repository/org/apache/zookeeper/zookeeper/3.4.13/zookeeper-3.4.13.jar:/home/user/.m2/repository/org/apache/yetus/audience-annotations/0.5.0/audience-annotations-0.5.0.jar:/home/user/.m2/repository/org/codehaus/woodstox/stax2-api/3.1.4/stax2-api-3.1.4.jar:/home/user/.m2/repository/com/fasterxml/woodstox/woodstox-core/5.0.3/woodstox-core-5.0.3.jar:/home/user/.m2/repository/dnsjava/dnsjava/2.1.7/dnsjava-2.1.7.jar:/home/user/.m2/repository/org/apache/hadoop/hadoop-hdfs/3.2.0/hadoop-hdfs-3.2.0-tests.jar:/home/user/.m2/repository/org/eclipse/jetty/jetty-util-ajax/9.3.24.v20180605/jetty-util-ajax-9.3.24.v20180605.jar:/home/user/.m2/repository/commons-daemon/commons-daemon/1.0.13/commons-daemon-1.0.13.jar:/home/user/.m2/repository/io/netty/netty/3.10.5.Final/netty-3.10.5.Final.jar:/home/user/.m2/repository/io/netty/netty-all/4.0.52.Final/netty-all-4.0.52.Final.jar:/home/user/.m2/repository/org/fusesource/leveldbjni/leveldbjni-all/1.8/leveldbjni-all-1.8.jar:"/>
    <property name="sun.cpu.endian" value="little"/>
    <property name="user.home" value="/home/user"/>
    <property name="user.language" value="en"/>
    <property name="java.specification.vendor" value="Oracle Corporation"/>
    <property name="java.home" value="/usr/lib/jvm/java-1.8-openjdk/jre"/>
    <property name="java.security.krb5.conf" value="/workdir/hadoop-ozone/integration-test/target/test-classes/krb5.conf"/>
    <property name="basedir" value="/workdir/hadoop-ozone/integration-test"/>
    <property name="file.separator" value="/"/>
    <property name="line.separator" value="&#10;"/>
    <property name="java.vm.specification.vendor" value="Oracle Corporation"/>
    <property name="java.specification.name" value="Java Platform API Specification"/>
    <property name="java.awt.graphicsenv" value="sun.awt.X11GraphicsEnvironment"/>
    <property name="surefire.real.class.path" value="/workdir/hadoop-ozone/integration-test/target/surefire/surefirebooter2490041802960095815.jar"/>
    <property name="hadoop.log.dir" value="/workdir/hadoop-ozone/integration-test/target/log"/>
    <property name="sun.boot.class.path" value="/usr/lib/jvm/java-1.8-openjdk/jre/lib/resources.jar:/usr/lib/jvm/java-1.8-openjdk/jre/lib/rt.jar:/usr/lib/jvm/java-1.8-openjdk/jre/lib/sunrsasign.jar:/usr/lib/jvm/java-1.8-openjdk/jre/lib/jsse.jar:/usr/lib/jvm/java-1.8-openjdk/jre/lib/jce.jar:/usr/lib/jvm/java-1.8-openjdk/jre/lib/charsets.jar:/usr/lib/jvm/java-1.8-openjdk/jre/lib/jfr.jar:/usr/lib/jvm/java-1.8-openjdk/jre/classes"/>
    <property name="sun.management.compiler" value="HotSpot 64-Bit Tiered Compilers"/>
    <property name="java.runtime.version" value="1.8.0_212-b04"/>
    <property name="java.net.preferIPv4Stack" value="true"/>
    <property name="user.name" value="jenkins1000"/>
    <property name="path.separator" value=":"/>
    <property name="java.security.egd" value="file:///dev/urandom"/>
    <property name="os.version" value="3.10.0-957.12.2.el7.x86_64"/>
    <property name="java.endorsed.dirs" value="/usr/lib/jvm/java-1.8-openjdk/jre/lib/endorsed"/>
    <property name="java.runtime.name" value="OpenJDK Runtime Environment"/>
    <property name="file.encoding" value="UTF-8"/>
    <property name="java.vm.name" value="OpenJDK 64-Bit Server VM"/>
    <property name="test.build.webapps" value=""/>
    <property name="localRepository" value="/home/user/.m2/repository"/>
    <property name="java.vendor.url.bug" value="https://icedtea.classpath.org/bugzilla"/>
    <property name="java.io.tmpdir" value="/tmp"/>
    <property name="require.test.libhadoop" value=""/>
    <property name="java.version" value="1.8.0_212"/>
    <property name="user.dir" value="/workdir/hadoop-ozone/integration-test"/>
    <property name="os.arch" value="amd64"/>
    <property name="java.vm.specification.name" value="Java Virtual Machine Specification"/>
    <property name="test.build.classes" value="/workdir/hadoop-ozone/integration-test/target/test-classes"/>
    <property name="java.awt.printerjob" value="sun.print.PSPrinterJob"/>
    <property name="sun.os.patch.level" value="unknown"/>
    <property name="hadoop.tmp.dir" value="/workdir/hadoop-ozone/integration-test/target/tmp"/>
    <property name="java.library.path" value="/usr/lib/jvm/java-1.8-openjdk/jre/lib/amd64/server:/usr/lib/jvm/java-1.8-openjdk/jre/lib/amd64:/usr/lib/jvm/java-1.8-openjdk/jre/../lib/amd64:/workdir/hadoop-ozone/integration-test/target/native/target/usr/local/lib:/workdir/hadoop-ozone/integration-test/../../hadoop-common-project/hadoop-common/target/native/target/usr/local/lib:/usr/java/packages/lib/amd64:/usr/lib64:/lib64:/lib:/usr/lib"/>
    <property name="java.vm.info" value="mixed mode"/>
    <property name="java.vendor" value="IcedTea"/>
    <property name="java.vm.version" value="25.212-b04"/>
    <property name="java.ext.dirs" value="/usr/lib/jvm/java-1.8-openjdk/jre/lib/ext:/usr/java/packages/lib/ext"/>
    <property name="sun.io.unicode.encoding" value="UnicodeLittle"/>
    <property name="java.class.version" value="52.0"/>
  </properties>
  <testcase name="test2DatanodesFailure" classname="org.apache.hadoop.ozone.client.rpc.TestBlockOutputStreamWithFailures" time="50.175"/>
  <testcase name="testDatanodeFailureWithPreAllocation" classname="org.apache.hadoop.ozone.client.rpc.TestBlockOutputStreamWithFailures" time="225.499"/>
  <testcase name="testDatanodeFailureWithSingleNodeRatis" classname="org.apache.hadoop.ozone.client.rpc.TestBlockOutputStreamWithFailures" time="226.959"/>
  <testcase name="testWatchForCommitWithSingleNodeRatis" classname="org.apache.hadoop.ozone.client.rpc.TestBlockOutputStreamWithFailures" time="35.148"/>
  <testcase name="testWatchForCommitDatanodeFailure" classname="org.apache.hadoop.ozone.client.rpc.TestBlockOutputStreamWithFailures" time="43.338">
    <failure message="expected:&lt;2&gt; but was:&lt;3&gt;" type="java.lang.AssertionError"><![CDATA[java.lang.AssertionError: expected:<2> but was:<3>
	at org.junit.Assert.fail(Assert.java:88)
	at org.junit.Assert.failNotEquals(Assert.java:743)
	at org.junit.Assert.assertEquals(Assert.java:118)
	at org.junit.Assert.assertEquals(Assert.java:555)
	at org.junit.Assert.assertEquals(Assert.java:542)
	at org.apache.hadoop.ozone.client.rpc.TestBlockOutputStreamWithFailures.testWatchForCommitDatanodeFailure(TestBlockOutputStreamWithFailures.java:366)
	at sun.reflect.NativeMethodAccessorImpl.invoke0(Native Method)
	at sun.reflect.NativeMethodAccessorImpl.invoke(NativeMethodAccessorImpl.java:62)
	at sun.reflect.DelegatingMethodAccessorImpl.invoke(DelegatingMethodAccessorImpl.java:43)
	at java.lang.reflect.Method.invoke(Method.java:498)
	at org.junit.runners.model.FrameworkMethod$1.runReflectiveCall(FrameworkMethod.java:47)
	at org.junit.internal.runners.model.ReflectiveCallable.run(ReflectiveCallable.java:12)
	at org.junit.runners.model.FrameworkMethod.invokeExplosively(FrameworkMethod.java:44)
	at org.junit.internal.runners.statements.InvokeMethod.evaluate(InvokeMethod.java:17)
	at org.junit.internal.runners.statements.RunBefores.evaluate(RunBefores.java:26)
	at org.junit.internal.runners.statements.RunAfters.evaluate(RunAfters.java:27)
	at org.junit.runners.ParentRunner.runLeaf(ParentRunner.java:271)
	at org.junit.runners.BlockJUnit4ClassRunner.runChild(BlockJUnit4ClassRunner.java:70)
	at org.junit.runners.BlockJUnit4ClassRunner.runChild(BlockJUnit4ClassRunner.java:50)
	at org.junit.runners.ParentRunner$3.run(ParentRunner.java:238)
	at org.junit.runners.ParentRunner$1.schedule(ParentRunner.java:63)
	at org.junit.runners.ParentRunner.runChildren(ParentRunner.java:236)
	at org.junit.runners.ParentRunner.access$000(ParentRunner.java:53)
	at org.junit.runners.ParentRunner$2.evaluate(ParentRunner.java:229)
	at org.junit.runners.ParentRunner.run(ParentRunner.java:309)
	at org.apache.maven.surefire.junit4.JUnit4Provider.execute(JUnit4Provider.java:365)
	at org.apache.maven.surefire.junit4.JUnit4Provider.executeWithRerun(JUnit4Provider.java:273)
	at org.apache.maven.surefire.junit4.JUnit4Provider.executeTestSet(JUnit4Provider.java:238)
	at org.apache.maven.surefire.junit4.JUnit4Provider.invoke(JUnit4Provider.java:159)
	at org.apache.maven.surefire.booter.ForkedBooter.invokeProviderInSameClassLoader(ForkedBooter.java:384)
	at org.apache.maven.surefire.booter.ForkedBooter.runSuitesInProcess(ForkedBooter.java:345)
	at org.apache.maven.surefire.booter.ForkedBooter.execute(ForkedBooter.java:126)
	at org.apache.maven.surefire.booter.ForkedBooter.main(ForkedBooter.java:418)
]]></failure>
    <system-out><![CDATA[2019-08-23 10:04:11,984 [main] WARN  server.ServerUtils (ServerUtils.java:getScmDbDir(145)) - ozone.scm.db.dirs is not configured. We recommend adding this setting. Falling back to ozone.metadata.dirs instead.
2019-08-23 10:04:12,000 [main] WARN  server.ServerUtils (ServerUtils.java:getScmDbDir(145)) - ozone.scm.db.dirs is not configured. We recommend adding this setting. Falling back to ozone.metadata.dirs instead.
2019-08-23 10:04:12,000 [main] WARN  server.ServerUtils (ServerUtils.java:getScmDbDir(145)) - ozone.scm.db.dirs is not configured. We recommend adding this setting. Falling back to ozone.metadata.dirs instead.
2019-08-23 10:04:12,001 [main] INFO  db.DBStoreBuilder (DBStoreBuilder.java:addTable(110)) - using custom profile for table: deletedBlocks
2019-08-23 10:04:12,001 [main] INFO  db.DBStoreBuilder (DBStoreBuilder.java:processTables(161)) - Using default column profile:DBProfile.DISK for Table:deletedBlocks
2019-08-23 10:04:12,001 [main] INFO  db.DBStoreBuilder (DBStoreBuilder.java:addTable(110)) - using custom profile for table: validCerts
2019-08-23 10:04:12,001 [main] INFO  db.DBStoreBuilder (DBStoreBuilder.java:processTables(161)) - Using default column profile:DBProfile.DISK for Table:validCerts
2019-08-23 10:04:12,002 [main] INFO  db.DBStoreBuilder (DBStoreBuilder.java:addTable(110)) - using custom profile for table: revokedCerts
2019-08-23 10:04:12,002 [main] INFO  db.DBStoreBuilder (DBStoreBuilder.java:processTables(161)) - Using default column profile:DBProfile.DISK for Table:revokedCerts
2019-08-23 10:04:12,002 [main] INFO  db.DBStoreBuilder (DBStoreBuilder.java:addTable(110)) - using custom profile for table: default
2019-08-23 10:04:12,002 [main] INFO  db.DBStoreBuilder (DBStoreBuilder.java:processTables(167)) - Using default column profile:DBProfile.DISK for Table:default
2019-08-23 10:04:12,003 [main] INFO  db.DBStoreBuilder (DBStoreBuilder.java:getDbProfile(198)) - Using default options. DBProfile.DISK
2019-08-23 10:04:12,168 [main] INFO  net.NodeSchemaLoader (NodeSchemaLoader.java:loadSchemaFromFile(125)) - Loading file from sun.misc.CompoundEnumeration@e8ce5b1
2019-08-23 10:04:12,169 [main] INFO  net.NodeSchemaLoader (NodeSchemaLoader.java:loadSchema(171)) - Loading network topology layer schema file
2019-08-23 10:04:12,176 [main] INFO  node.SCMNodeManager (SCMNodeManager.java:<init>(121)) - Entering startup safe mode.
2019-08-23 10:04:12,176 [main] INFO  algorithms.ContainerPlacementPolicyFactory (ContainerPlacementPolicyFactory.java:getPolicy(55)) - Create container placement policy of type org.apache.hadoop.hdds.scm.container.placement.algorithms.SCMContainerPlacementRandom
2019-08-23 10:04:12,177 [main] WARN  server.ServerUtils (ServerUtils.java:getScmDbDir(145)) - ozone.scm.db.dirs is not configured. We recommend adding this setting. Falling back to ozone.metadata.dirs instead.
2019-08-23 10:04:12,227 [main] INFO  pipeline.SCMPipelineManager (SCMPipelineManager.java:initializePipelineState(126)) - No pipeline exists in current db
2019-08-23 10:04:12,227 [main] WARN  server.ServerUtils (ServerUtils.java:getScmDbDir(145)) - ozone.scm.db.dirs is not configured. We recommend adding this setting. Falling back to ozone.metadata.dirs instead.
2019-08-23 10:04:12,280 [main] WARN  events.EventQueue (EventQueue.java:fireEvent(175)) - No event handler registered for event TypedEvent{payloadType=SafeModeStatus, name='SafeModeStatus'}
2019-08-23 10:04:12,281 [main] INFO  ipc.CallQueueManager (CallQueueManager.java:<init>(84)) - Using callQueue: class java.util.concurrent.LinkedBlockingQueue, queueCapacity: 2000, scheduler: class org.apache.hadoop.ipc.DefaultRpcScheduler, ipcBackoff: false.
2019-08-23 10:04:12,282 [Socket Reader #1 for port 42369] INFO  ipc.Server (Server.java:run(1074)) - Starting Socket Reader #1 for port 42369
2019-08-23 10:04:12,284 [main] INFO  ipc.CallQueueManager (CallQueueManager.java:<init>(84)) - Using callQueue: class java.util.concurrent.LinkedBlockingQueue, queueCapacity: 2000, scheduler: class org.apache.hadoop.ipc.DefaultRpcScheduler, ipcBackoff: false.
2019-08-23 10:04:12,285 [Socket Reader #1 for port 35147] INFO  ipc.Server (Server.java:run(1074)) - Starting Socket Reader #1 for port 35147
2019-08-23 10:04:12,286 [main] INFO  ipc.CallQueueManager (CallQueueManager.java:<init>(84)) - Using callQueue: class java.util.concurrent.LinkedBlockingQueue, queueCapacity: 2000, scheduler: class org.apache.hadoop.ipc.DefaultRpcScheduler, ipcBackoff: false.
2019-08-23 10:04:12,287 [Socket Reader #1 for port 42391] INFO  ipc.Server (Server.java:run(1074)) - Starting Socket Reader #1 for port 42391
2019-08-23 10:04:12,290 [main] INFO  hdfs.DFSUtil (DFSUtil.java:httpServerTemplateForNNAndJN(1641)) - Starting Web-server for scm at: http://0.0.0.0:0
2019-08-23 10:04:12,292 [main] INFO  server.AuthenticationFilter (AuthenticationFilter.java:constructSecretProvider(240)) - Unable to initialize FileSignerSecretProvider, falling back to use random secrets.
2019-08-23 10:04:12,292 [main] WARN  http.HttpRequestLog (HttpRequestLog.java:getRequestLog(97)) - Jetty request log can only be enabled using Log4j
2019-08-23 10:04:12,294 [main] INFO  http.HttpServer2 (HttpServer2.java:addGlobalFilter(975)) - Added global filter 'safety' (class=org.apache.hadoop.http.HttpServer2$QuotingInputFilter)
2019-08-23 10:04:12,295 [main] INFO  http.HttpServer2 (HttpServer2.java:addFilter(948)) - Added filter static_user_filter (class=org.apache.hadoop.http.lib.StaticUserWebFilter$StaticUserFilter) to context scm
2019-08-23 10:04:12,295 [main] INFO  http.HttpServer2 (HttpServer2.java:addFilter(958)) - Added filter static_user_filter (class=org.apache.hadoop.http.lib.StaticUserWebFilter$StaticUserFilter) to context static
2019-08-23 10:04:12,295 [main] INFO  http.HttpServer2 (HttpServer2.java:addFilter(958)) - Added filter static_user_filter (class=org.apache.hadoop.http.lib.StaticUserWebFilter$StaticUserFilter) to context logs
2019-08-23 10:04:12,297 [main] INFO  server.StorageContainerManager (StorageContainerManager.java:start(759)) - StorageContainerLocationProtocol RPC server is listening at /0.0.0.0:42391
2019-08-23 10:04:12,300 [main] WARN  impl.MetricsConfig (MetricsConfig.java:loadFirst(134)) - Cannot locate configuration: tried hadoop-metrics2-storagecontainermanager.properties,hadoop-metrics2.properties
2019-08-23 10:04:12,301 [main] INFO  impl.MetricsSystemImpl (MetricsSystemImpl.java:startTimer(374)) - Scheduled Metric snapshot period at 10 second(s).
2019-08-23 10:04:12,301 [main] INFO  impl.MetricsSystemImpl (MetricsSystemImpl.java:start(191)) - StorageContainerManager metrics system started
2019-08-23 10:04:12,381 [main] INFO  server.SCMClientProtocolServer (SCMClientProtocolServer.java:start(151)) - RPC server for Client  is listening at /0.0.0.0:42391
2019-08-23 10:04:12,382 [IPC Server Responder] INFO  ipc.Server (Server.java:run(1314)) - IPC Server Responder: starting
2019-08-23 10:04:12,382 [IPC Server listener on 42391] INFO  ipc.Server (Server.java:run(1153)) - IPC Server listener on 42391: starting
2019-08-23 10:04:12,386 [main] INFO  server.StorageContainerManager (StorageContainerManager.java:start(769)) - ScmBlockLocationProtocol RPC server is listening at /0.0.0.0:35147
2019-08-23 10:04:12,386 [main] INFO  server.SCMBlockProtocolServer (SCMBlockProtocolServer.java:start(140)) - RPC server for Block Protocol is listening at /0.0.0.0:35147
2019-08-23 10:04:12,386 [IPC Server Responder] INFO  ipc.Server (Server.java:run(1314)) - IPC Server Responder: starting
2019-08-23 10:04:12,386 [IPC Server listener on 35147] INFO  ipc.Server (Server.java:run(1153)) - IPC Server listener on 35147: starting
2019-08-23 10:04:12,390 [main] INFO  server.StorageContainerManager (StorageContainerManager.java:start(773)) - ScmDatanodeProtocl RPC server is listening at /0.0.0.0:42369
2019-08-23 10:04:12,390 [main] INFO  server.SCMDatanodeProtocolServer (SCMDatanodeProtocolServer.java:start(191)) - RPC server for DataNodes is listening at /0.0.0.0:42369
2019-08-23 10:04:12,390 [IPC Server Responder] INFO  ipc.Server (Server.java:run(1314)) - IPC Server Responder: starting
2019-08-23 10:04:12,390 [IPC Server listener on 42369] INFO  ipc.Server (Server.java:run(1153)) - IPC Server listener on 42369: starting
2019-08-23 10:04:12,394 [main] INFO  http.HttpServer2 (HttpServer2.java:bindListener(1191)) - Jetty bound to port 40980
2019-08-23 10:04:12,394 [main] INFO  server.Server (Server.java:doStart(351)) - jetty-9.3.24.v20180605, build timestamp: 2018-06-05T17:11:56Z, git hash: 84205aa28f11a4f31f2a3b86d1bba2cc8ab69827
2019-08-23 10:04:12,395 [main] INFO  handler.ContextHandler (ContextHandler.java:doStart(781)) - Started o.e.j.s.ServletContextHandler@cec1ce2{/logs,file:///workdir/hadoop-ozone/integration-test/target/log,AVAILABLE}
2019-08-23 10:04:12,396 [main] INFO  handler.ContextHandler (ContextHandler.java:doStart(781)) - Started o.e.j.s.ServletContextHandler@655875bb{/static,file:///workdir/hadoop-ozone/integration-test/target/test-classes/webapps/static,AVAILABLE}
2019-08-23 10:04:12,399 [main] INFO  handler.ContextHandler (ContextHandler.java:doStart(781)) - Started o.e.j.w.WebAppContext@96271d8{/,file:///workdir/hadoop-ozone/integration-test/target/test-classes/webapps/scm/,AVAILABLE}{/scm}
2019-08-23 10:04:12,400 [main] INFO  server.AbstractConnector (AbstractConnector.java:doStart(278)) - Started ServerConnector@15f3f9cf{HTTP/1.1,[http/1.1]}{0.0.0.0:40980}
2019-08-23 10:04:12,400 [main] INFO  server.Server (Server.java:doStart(419)) - Started @538810ms
2019-08-23 10:04:12,403 [main] INFO  server.BaseHttpServer (BaseHttpServer.java:updateConnectorAddress(213)) - HTTP server of SCM is listening at http://0.0.0.0:40980
2019-08-23 10:04:12,403 [main] WARN  server.ServerUtils (ServerUtils.java:getDBPath(222)) - ozone.om.db.dirs is not configured. We recommend adding this setting. Falling back to ozone.metadata.dirs instead.
2019-08-23 10:04:12,404 [org.apache.hadoop.util.JvmPauseMonitor$Monitor@497cf31a] INFO  util.JvmPauseMonitor (JvmPauseMonitor.java:run(188)) - Starting JVM pause monitor
2019-08-23 10:04:12,417 [main] WARN  server.ServerUtils (ServerUtils.java:getDBPath(222)) - ozone.om.db.dirs is not configured. We recommend adding this setting. Falling back to ozone.metadata.dirs instead.
2019-08-23 10:04:12,417 [main] WARN  server.ServerUtils (ServerUtils.java:getDBPath(222)) - ozone.om.db.dirs is not configured. We recommend adding this setting. Falling back to ozone.metadata.dirs instead.
2019-08-23 10:04:12,418 [main] INFO  om.OzoneManager (OzoneManager.java:setOMNodeDetails(648)) - OM Service ID is not set. Setting it to the default ID: omServiceIdDefault
2019-08-23 10:04:12,418 [main] INFO  om.OzoneManager (OzoneManager.java:setOMNodeDetails(654)) - OM Node ID is not set. Setting it to the OmStorage's OmID: 180057bc-27db-475a-82ce-fa751199e8b4
2019-08-23 10:04:12,418 [main] INFO  om.OzoneManager (OzoneManager.java:loadOMHAConfigs(605)) - Found matching OM address with OMServiceId: null, OMNodeId: null, RPC Address: localhost:0 and Ratis port: 9872
2019-08-23 10:04:12,422 | INFO  | SCMAudit | user=jenkins1000 | ip=192.168.34.11 | op=GET_SCM_INFO null | ret=SUCCESS |  
2019-08-23 10:04:12,423 [main] WARN  server.ServerUtils (ServerUtils.java:getDBPath(222)) - ozone.om.db.dirs is not configured. We recommend adding this setting. Falling back to ozone.metadata.dirs instead.
2019-08-23 10:04:12,424 [main] INFO  db.DBStoreBuilder (DBStoreBuilder.java:addTable(110)) - using custom profile for table: userTable
2019-08-23 10:04:12,424 [main] INFO  db.DBStoreBuilder (DBStoreBuilder.java:processTables(161)) - Using default column profile:DBProfile.DISK for Table:userTable
2019-08-23 10:04:12,424 [main] INFO  db.DBStoreBuilder (DBStoreBuilder.java:addTable(110)) - using custom profile for table: volumeTable
2019-08-23 10:04:12,424 [main] INFO  db.DBStoreBuilder (DBStoreBuilder.java:processTables(161)) - Using default column profile:DBProfile.DISK for Table:volumeTable
2019-08-23 10:04:12,424 [main] INFO  db.DBStoreBuilder (DBStoreBuilder.java:addTable(110)) - using custom profile for table: bucketTable
2019-08-23 10:04:12,425 [main] INFO  db.DBStoreBuilder (DBStoreBuilder.java:processTables(161)) - Using default column profile:DBProfile.DISK for Table:bucketTable
2019-08-23 10:04:12,425 [main] INFO  db.DBStoreBuilder (DBStoreBuilder.java:addTable(110)) - using custom profile for table: keyTable
2019-08-23 10:04:12,425 [main] INFO  db.DBStoreBuilder (DBStoreBuilder.java:processTables(161)) - Using default column profile:DBProfile.DISK for Table:keyTable
2019-08-23 10:04:12,425 [main] INFO  db.DBStoreBuilder (DBStoreBuilder.java:addTable(110)) - using custom profile for table: deletedTable
2019-08-23 10:04:12,425 [main] INFO  db.DBStoreBuilder (DBStoreBuilder.java:processTables(161)) - Using default column profile:DBProfile.DISK for Table:deletedTable
2019-08-23 10:04:12,425 [main] INFO  db.DBStoreBuilder (DBStoreBuilder.java:addTable(110)) - using custom profile for table: openKeyTable
2019-08-23 10:04:12,426 [main] INFO  db.DBStoreBuilder (DBStoreBuilder.java:processTables(161)) - Using default column profile:DBProfile.DISK for Table:openKeyTable
2019-08-23 10:04:12,426 [main] INFO  db.DBStoreBuilder (DBStoreBuilder.java:addTable(110)) - using custom profile for table: s3Table
2019-08-23 10:04:12,426 [main] INFO  db.DBStoreBuilder (DBStoreBuilder.java:processTables(161)) - Using default column profile:DBProfile.DISK for Table:s3Table
2019-08-23 10:04:12,426 [main] INFO  db.DBStoreBuilder (DBStoreBuilder.java:addTable(110)) - using custom profile for table: multipartInfoTable
2019-08-23 10:04:12,426 [main] INFO  db.DBStoreBuilder (DBStoreBuilder.java:processTables(161)) - Using default column profile:DBProfile.DISK for Table:multipartInfoTable
2019-08-23 10:04:12,426 [main] INFO  db.DBStoreBuilder (DBStoreBuilder.java:addTable(110)) - using custom profile for table: dTokenTable
2019-08-23 10:04:12,426 [main] INFO  db.DBStoreBuilder (DBStoreBuilder.java:processTables(161)) - Using default column profile:DBProfile.DISK for Table:dTokenTable
2019-08-23 10:04:12,427 [main] INFO  db.DBStoreBuilder (DBStoreBuilder.java:addTable(110)) - using custom profile for table: s3SecretTable
2019-08-23 10:04:12,427 [main] INFO  db.DBStoreBuilder (DBStoreBuilder.java:processTables(161)) - Using default column profile:DBProfile.DISK for Table:s3SecretTable
2019-08-23 10:04:12,427 [main] INFO  db.DBStoreBuilder (DBStoreBuilder.java:addTable(110)) - using custom profile for table: prefixTable
2019-08-23 10:04:12,427 [main] INFO  db.DBStoreBuilder (DBStoreBuilder.java:processTables(161)) - Using default column profile:DBProfile.DISK for Table:prefixTable
2019-08-23 10:04:12,427 [main] INFO  db.DBStoreBuilder (DBStoreBuilder.java:addTable(110)) - using custom profile for table: default
2019-08-23 10:04:12,427 [main] INFO  db.DBStoreBuilder (DBStoreBuilder.java:processTables(167)) - Using default column profile:DBProfile.DISK for Table:default
2019-08-23 10:04:12,428 [main] INFO  db.DBStoreBuilder (DBStoreBuilder.java:getDbProfile(198)) - Using default options. DBProfile.DISK
2019-08-23 10:04:12,887 [main] INFO  ipc.CallQueueManager (CallQueueManager.java:<init>(84)) - Using callQueue: class java.util.concurrent.LinkedBlockingQueue, queueCapacity: 2000, scheduler: class org.apache.hadoop.ipc.DefaultRpcScheduler, ipcBackoff: false.
2019-08-23 10:04:12,888 [Socket Reader #1 for port 46614] INFO  ipc.Server (Server.java:run(1074)) - Starting Socket Reader #1 for port 46614
2019-08-23 10:04:12,908 [main] INFO  om.OzoneManager (OzoneManager.java:start(1259)) - OzoneManager RPC server is listening at localhost/127.0.0.1:46614
2019-08-23 10:04:12,908 [main] INFO  impl.MetricsSystemImpl (MetricsSystemImpl.java:init(158)) - OzoneManager metrics system started (again)
2019-08-23 10:04:12,909 [IPC Server Responder] INFO  ipc.Server (Server.java:run(1314)) - IPC Server Responder: starting
2019-08-23 10:04:12,909 [IPC Server listener on 46614] INFO  ipc.Server (Server.java:run(1153)) - IPC Server listener on 46614: starting
2019-08-23 10:04:12,916 [main] INFO  hdfs.DFSUtil (DFSUtil.java:httpServerTemplateForNNAndJN(1641)) - Starting Web-server for ozoneManager at: http://0.0.0.0:0
2019-08-23 10:04:12,917 [main] INFO  server.AuthenticationFilter (AuthenticationFilter.java:constructSecretProvider(240)) - Unable to initialize FileSignerSecretProvider, falling back to use random secrets.
2019-08-23 10:04:12,918 [main] WARN  http.HttpRequestLog (HttpRequestLog.java:getRequestLog(97)) - Jetty request log can only be enabled using Log4j
2019-08-23 10:04:12,920 [main] INFO  http.HttpServer2 (HttpServer2.java:addGlobalFilter(975)) - Added global filter 'safety' (class=org.apache.hadoop.http.HttpServer2$QuotingInputFilter)
2019-08-23 10:04:12,921 [main] INFO  http.HttpServer2 (HttpServer2.java:addFilter(948)) - Added filter static_user_filter (class=org.apache.hadoop.http.lib.StaticUserWebFilter$StaticUserFilter) to context ozoneManager
2019-08-23 10:04:12,921 [main] INFO  http.HttpServer2 (HttpServer2.java:addFilter(958)) - Added filter static_user_filter (class=org.apache.hadoop.http.lib.StaticUserWebFilter$StaticUserFilter) to context static
2019-08-23 10:04:12,921 [main] INFO  http.HttpServer2 (HttpServer2.java:addFilter(958)) - Added filter static_user_filter (class=org.apache.hadoop.http.lib.StaticUserWebFilter$StaticUserFilter) to context logs
2019-08-23 10:04:12,922 [main] INFO  http.HttpServer2 (HttpServer2.java:bindListener(1191)) - Jetty bound to port 38574
2019-08-23 10:04:12,923 [main] INFO  server.Server (Server.java:doStart(351)) - jetty-9.3.24.v20180605, build timestamp: 2018-06-05T17:11:56Z, git hash: 84205aa28f11a4f31f2a3b86d1bba2cc8ab69827
2019-08-23 10:04:12,924 [main] INFO  handler.ContextHandler (ContextHandler.java:doStart(781)) - Started o.e.j.s.ServletContextHandler@58ec04f4{/logs,file:///workdir/hadoop-ozone/integration-test/target/log,AVAILABLE}
2019-08-23 10:04:12,925 [main] INFO  handler.ContextHandler (ContextHandler.java:doStart(781)) - Started o.e.j.s.ServletContextHandler@54e39504{/static,file:///workdir/hadoop-ozone/integration-test/target/test-classes/webapps/static,AVAILABLE}
2019-08-23 10:04:12,931 [main] INFO  handler.ContextHandler (ContextHandler.java:doStart(781)) - Started o.e.j.w.WebAppContext@30be6a05{/,file:///workdir/hadoop-ozone/integration-test/target/test-classes/webapps/ozoneManager/,AVAILABLE}{/ozoneManager}
2019-08-23 10:04:12,931 [main] INFO  server.AbstractConnector (AbstractConnector.java:doStart(278)) - Started ServerConnector@6812708d{HTTP/1.1,[http/1.1]}{0.0.0.0:38574}
2019-08-23 10:04:12,932 [main] INFO  server.Server (Server.java:doStart(419)) - Started @539342ms
2019-08-23 10:04:12,933 [main] INFO  server.BaseHttpServer (BaseHttpServer.java:updateConnectorAddress(213)) - HTTP server of OZONEMANAGER is listening at http://0.0.0.0:38574
2019-08-23 10:04:12,950 [main] INFO  impl.MetricsSystemImpl (MetricsSystemImpl.java:init(158)) - HddsDatanode metrics system started (again)
2019-08-23 10:04:12,952 [main] INFO  ozone.HddsDatanodeService (HddsDatanodeService.java:start(184)) - HddsDatanodeService host:pr-hdds-1094-r7kqq-4265743569 ip:192.168.34.11
2019-08-23 10:04:12,965 [main] INFO  volume.HddsVolume (HddsVolume.java:<init>(176)) - Creating Volume: /workdir/hadoop-ozone/integration-test/target/test-dir/MiniOzoneClusterImpl-e3530e56-8be5-4e35-b41d-e6108e761a1d/datanode-0/data/containers/hdds of  storage type : DISK and capacity : 1482555576320
2019-08-23 10:04:12,965 [main] INFO  volume.VolumeSet (VolumeSet.java:initializeVolumeSet(170)) - Added Volume : /workdir/hadoop-ozone/integration-test/target/test-dir/MiniOzoneClusterImpl-e3530e56-8be5-4e35-b41d-e6108e761a1d/datanode-0/data/containers/hdds to VolumeSet
2019-08-23 10:04:12,966 [main] INFO  volume.ThrottledAsyncChecker (ThrottledAsyncChecker.java:schedule(140)) - Scheduling a check for org.apache.hadoop.ozone.container.common.volume.HddsVolume@49a0fe14
2019-08-23 10:04:12,966 [main] INFO  volume.HddsVolumeChecker (HddsVolumeChecker.java:checkAllVolumes(203)) - Scheduled health check for volume org.apache.hadoop.ozone.container.common.volume.HddsVolume@49a0fe14
2019-08-23 10:04:12,982 [main] INFO  impl.RaftServerProxy (ConfUtils.java:logGet(43)) - raft.rpc.type = GRPC (default)
2019-08-23 10:04:12,982 [main] INFO  grpc.GrpcFactory (GrpcFactory.java:checkPooledByteBufAllocatorUseCacheForAllThreads(45)) - PERFORMANCE WARNING: useCacheForAllThreads is true that may cause Netty to create a lot garbage objects and, as a result, trigger GC.
	It is recommended to disable useCacheForAllThreads by setting -Dorg.apache.ratis.thirdparty.io.netty.allocator.useCacheForAllThreads=false in command line.
2019-08-23 10:04:12,982 [main] INFO  grpc.GrpcConfigKeys$Server (ConfUtils.java:logGet(43)) - raft.grpc.server.port = 0 (default)
2019-08-23 10:04:12,983 [main] INFO  server.GrpcService (ConfUtils.java:logGet(43)) - raft.grpc.message.size.max = 33570816 (custom)
2019-08-23 10:04:12,983 [main] INFO  server.RaftServerConfigKeys (ConfUtils.java:logGet(43)) - raft.server.log.appender.buffer.byte-limit = 33554432 (custom)
2019-08-23 10:04:12,983 [main] INFO  server.GrpcService (ConfUtils.java:logGet(43)) - raft.grpc.flow.control.window = 1MB (=1048576) (default)
2019-08-23 10:04:12,983 [main] INFO  server.RaftServerConfigKeys (ConfUtils.java:logGet(43)) - raft.server.rpc.request.timeout = 3000ms (default)
2019-08-23 10:04:12,984 [main] INFO  server.RaftServerConfigKeys (ConfUtils.java:logGet(43)) - raft.server.storage.dir = [/workdir/hadoop-ozone/integration-test/target/test-dir/MiniOzoneClusterImpl-e3530e56-8be5-4e35-b41d-e6108e761a1d/datanode-0/data/ratis] (custom)
2019-08-23 10:04:12,984 [main] INFO  replication.SimpleContainerDownloader (SimpleContainerDownloader.java:<init>(72)) - Starting container downloader service to copy containers to replicate.
2019-08-23 10:04:12,985 [main] INFO  hdfs.DFSUtil (DFSUtil.java:httpServerTemplateForNNAndJN(1641)) - Starting Web-server for hddsDatanode at: http://0.0.0.0:0
2019-08-23 10:04:12,987 [main] INFO  server.AuthenticationFilter (AuthenticationFilter.java:constructSecretProvider(240)) - Unable to initialize FileSignerSecretProvider, falling back to use random secrets.
2019-08-23 10:04:12,987 [main] WARN  http.HttpRequestLog (HttpRequestLog.java:getRequestLog(97)) - Jetty request log can only be enabled using Log4j
2019-08-23 10:04:12,988 [main] INFO  http.HttpServer2 (HttpServer2.java:addGlobalFilter(975)) - Added global filter 'safety' (class=org.apache.hadoop.http.HttpServer2$QuotingInputFilter)
2019-08-23 10:04:12,989 [main] INFO  http.HttpServer2 (HttpServer2.java:addFilter(948)) - Added filter static_user_filter (class=org.apache.hadoop.http.lib.StaticUserWebFilter$StaticUserFilter) to context hddsDatanode
2019-08-23 10:04:12,989 [main] INFO  http.HttpServer2 (HttpServer2.java:addFilter(958)) - Added filter static_user_filter (class=org.apache.hadoop.http.lib.StaticUserWebFilter$StaticUserFilter) to context static
2019-08-23 10:04:12,989 [main] INFO  http.HttpServer2 (HttpServer2.java:addFilter(958)) - Added filter static_user_filter (class=org.apache.hadoop.http.lib.StaticUserWebFilter$StaticUserFilter) to context logs
2019-08-23 10:04:12,990 [main] INFO  http.HttpServer2 (HttpServer2.java:bindListener(1191)) - Jetty bound to port 40805
2019-08-23 10:04:12,990 [main] INFO  server.Server (Server.java:doStart(351)) - jetty-9.3.24.v20180605, build timestamp: 2018-06-05T17:11:56Z, git hash: 84205aa28f11a4f31f2a3b86d1bba2cc8ab69827
2019-08-23 10:04:12,991 [main] INFO  handler.ContextHandler (ContextHandler.java:doStart(781)) - Started o.e.j.s.ServletContextHandler@57fe6f2d{/logs,file:///workdir/hadoop-ozone/integration-test/target/log,AVAILABLE}
2019-08-23 10:04:12,992 [main] INFO  handler.ContextHandler (ContextHandler.java:doStart(781)) - Started o.e.j.s.ServletContextHandler@6567de86{/static,jar:file:/home/user/.m2/repository/org/apache/hadoop/hadoop-hdds-container-service/0.5.0-SNAPSHOT/hadoop-hdds-container-service-0.5.0-SNAPSHOT.jar!/webapps/static,AVAILABLE}
2019-08-23 10:04:13,019 [main] INFO  handler.ContextHandler (ContextHandler.java:doStart(781)) - Started o.e.j.w.WebAppContext@4ac2b4c6{/,file:///tmp/jetty-0.0.0.0-40805-hddsDatanode-_-any-361991498006404481.dir/webapp/,AVAILABLE}{/hddsDatanode}
2019-08-23 10:04:13,020 [main] INFO  server.AbstractConnector (AbstractConnector.java:doStart(278)) - Started ServerConnector@326489c4{HTTP/1.1,[http/1.1]}{0.0.0.0:40805}
2019-08-23 10:04:13,021 [main] INFO  server.Server (Server.java:doStart(419)) - Started @539431ms
2019-08-23 10:04:13,022 [main] INFO  server.BaseHttpServer (BaseHttpServer.java:updateConnectorAddress(213)) - HTTP server of HDDSDATANODE is listening at http://0.0.0.0:40805
2019-08-23 10:04:13,149 | INFO  | ObjectStoreRestHttpServer | Listening HDDS REST traffic on /0.0.0.0:40529 |  
2019-08-23 10:04:13,149 [main] INFO  ozone.HddsDatanodeService (HddsDatanodeService.java:startPlugins(395)) - Started plug-in org.apache.hadoop.ozone.web.OzoneHddsDatanodeService@36a59d8
2019-08-23 10:04:13,149 [main] INFO  impl.MetricsSystemImpl (MetricsSystemImpl.java:init(158)) - HddsDatanode metrics system started (again)
2019-08-23 10:04:13,151 [main] INFO  ozone.HddsDatanodeService (HddsDatanodeService.java:start(184)) - HddsDatanodeService host:pr-hdds-1094-r7kqq-4265743569 ip:192.168.34.11
2019-08-23 10:04:13,152 [org.apache.hadoop.util.JvmPauseMonitor$Monitor@2c6c8cab] INFO  util.JvmPauseMonitor (JvmPauseMonitor.java:run(188)) - Starting JVM pause monitor
2019-08-23 10:04:13,153 [Datanode State Machine Thread - 0] INFO  datanode.InitDatanodeState (InitDatanodeState.java:persistContainerDatanodeDetails(140)) - DatanodeDetails is persisted to /workdir/hadoop-ozone/integration-test/target/test-dir/MiniOzoneClusterImpl-e3530e56-8be5-4e35-b41d-e6108e761a1d/datanode-0/meta/datanode.id
2019-08-23 10:04:13,161 [main] INFO  volume.HddsVolume (HddsVolume.java:<init>(176)) - Creating Volume: /workdir/hadoop-ozone/integration-test/target/test-dir/MiniOzoneClusterImpl-e3530e56-8be5-4e35-b41d-e6108e761a1d/datanode-1/data/containers/hdds of  storage type : DISK and capacity : 1482555576320
2019-08-23 10:04:13,161 [main] INFO  volume.VolumeSet (VolumeSet.java:initializeVolumeSet(170)) - Added Volume : /workdir/hadoop-ozone/integration-test/target/test-dir/MiniOzoneClusterImpl-e3530e56-8be5-4e35-b41d-e6108e761a1d/datanode-1/data/containers/hdds to VolumeSet
2019-08-23 10:04:13,161 [main] INFO  volume.ThrottledAsyncChecker (ThrottledAsyncChecker.java:schedule(140)) - Scheduling a check for org.apache.hadoop.ozone.container.common.volume.HddsVolume@44f8d884
2019-08-23 10:04:13,162 [main] INFO  volume.HddsVolumeChecker (HddsVolumeChecker.java:checkAllVolumes(203)) - Scheduled health check for volume org.apache.hadoop.ozone.container.common.volume.HddsVolume@44f8d884
2019-08-23 10:04:13,176 [main] INFO  impl.RaftServerProxy (ConfUtils.java:logGet(43)) - raft.rpc.type = GRPC (default)
2019-08-23 10:04:13,176 [main] INFO  grpc.GrpcFactory (GrpcFactory.java:checkPooledByteBufAllocatorUseCacheForAllThreads(45)) - PERFORMANCE WARNING: useCacheForAllThreads is true that may cause Netty to create a lot garbage objects and, as a result, trigger GC.
	It is recommended to disable useCacheForAllThreads by setting -Dorg.apache.ratis.thirdparty.io.netty.allocator.useCacheForAllThreads=false in command line.
2019-08-23 10:04:13,176 [main] INFO  grpc.GrpcConfigKeys$Server (ConfUtils.java:logGet(43)) - raft.grpc.server.port = 0 (default)
2019-08-23 10:04:13,176 [main] INFO  server.GrpcService (ConfUtils.java:logGet(43)) - raft.grpc.message.size.max = 33570816 (custom)
2019-08-23 10:04:13,176 [main] INFO  server.RaftServerConfigKeys (ConfUtils.java:logGet(43)) - raft.server.log.appender.buffer.byte-limit = 33554432 (custom)
2019-08-23 10:04:13,176 [main] INFO  server.GrpcService (ConfUtils.java:logGet(43)) - raft.grpc.flow.control.window = 1MB (=1048576) (default)
2019-08-23 10:04:13,177 [main] INFO  server.RaftServerConfigKeys (ConfUtils.java:logGet(43)) - raft.server.rpc.request.timeout = 3000ms (default)
2019-08-23 10:04:13,177 [main] INFO  server.RaftServerConfigKeys (ConfUtils.java:logGet(43)) - raft.server.storage.dir = [/workdir/hadoop-ozone/integration-test/target/test-dir/MiniOzoneClusterImpl-e3530e56-8be5-4e35-b41d-e6108e761a1d/datanode-1/data/ratis] (custom)
2019-08-23 10:04:13,177 [main] INFO  replication.SimpleContainerDownloader (SimpleContainerDownloader.java:<init>(72)) - Starting container downloader service to copy containers to replicate.
2019-08-23 10:04:13,178 [main] INFO  hdfs.DFSUtil (DFSUtil.java:httpServerTemplateForNNAndJN(1641)) - Starting Web-server for hddsDatanode at: http://0.0.0.0:0
2019-08-23 10:04:13,180 [main] INFO  server.AuthenticationFilter (AuthenticationFilter.java:constructSecretProvider(240)) - Unable to initialize FileSignerSecretProvider, falling back to use random secrets.
2019-08-23 10:04:13,180 [main] WARN  http.HttpRequestLog (HttpRequestLog.java:getRequestLog(97)) - Jetty request log can only be enabled using Log4j
2019-08-23 10:04:13,181 [main] INFO  http.HttpServer2 (HttpServer2.java:addGlobalFilter(975)) - Added global filter 'safety' (class=org.apache.hadoop.http.HttpServer2$QuotingInputFilter)
2019-08-23 10:04:13,182 [main] INFO  http.HttpServer2 (HttpServer2.java:addFilter(948)) - Added filter static_user_filter (class=org.apache.hadoop.http.lib.StaticUserWebFilter$StaticUserFilter) to context hddsDatanode
2019-08-23 10:04:13,182 [main] INFO  http.HttpServer2 (HttpServer2.java:addFilter(958)) - Added filter static_user_filter (class=org.apache.hadoop.http.lib.StaticUserWebFilter$StaticUserFilter) to context static
2019-08-23 10:04:13,182 [main] INFO  http.HttpServer2 (HttpServer2.java:addFilter(958)) - Added filter static_user_filter (class=org.apache.hadoop.http.lib.StaticUserWebFilter$StaticUserFilter) to context logs
2019-08-23 10:04:13,183 [main] INFO  http.HttpServer2 (HttpServer2.java:bindListener(1191)) - Jetty bound to port 41746
2019-08-23 10:04:13,183 [main] INFO  server.Server (Server.java:doStart(351)) - jetty-9.3.24.v20180605, build timestamp: 2018-06-05T17:11:56Z, git hash: 84205aa28f11a4f31f2a3b86d1bba2cc8ab69827
2019-08-23 10:04:13,185 [main] INFO  handler.ContextHandler (ContextHandler.java:doStart(781)) - Started o.e.j.s.ServletContextHandler@179e8859{/logs,file:///workdir/hadoop-ozone/integration-test/target/log,AVAILABLE}
2019-08-23 10:04:13,185 [main] INFO  handler.ContextHandler (ContextHandler.java:doStart(781)) - Started o.e.j.s.ServletContextHandler@781ecbac{/static,jar:file:/home/user/.m2/repository/org/apache/hadoop/hadoop-hdds-container-service/0.5.0-SNAPSHOT/hadoop-hdds-container-service-0.5.0-SNAPSHOT.jar!/webapps/static,AVAILABLE}
2019-08-23 10:04:13,213 [main] INFO  handler.ContextHandler (ContextHandler.java:doStart(781)) - Started o.e.j.w.WebAppContext@39cf7f3c{/,file:///tmp/jetty-0.0.0.0-41746-hddsDatanode-_-any-4862752631058822584.dir/webapp/,AVAILABLE}{/hddsDatanode}
2019-08-23 10:04:13,213 [main] INFO  server.AbstractConnector (AbstractConnector.java:doStart(278)) - Started ServerConnector@25df95b{HTTP/1.1,[http/1.1]}{0.0.0.0:41746}
2019-08-23 10:04:13,214 [main] INFO  server.Server (Server.java:doStart(419)) - Started @539624ms
2019-08-23 10:04:13,215 [main] INFO  server.BaseHttpServer (BaseHttpServer.java:updateConnectorAddress(213)) - HTTP server of HDDSDATANODE is listening at http://0.0.0.0:41746
2019-08-23 10:04:13,333 | INFO  | ObjectStoreRestHttpServer | Listening HDDS REST traffic on /0.0.0.0:41576 |  
2019-08-23 10:04:13,333 [main] INFO  ozone.HddsDatanodeService (HddsDatanodeService.java:startPlugins(395)) - Started plug-in org.apache.hadoop.ozone.web.OzoneHddsDatanodeService@63fcc21
2019-08-23 10:04:13,333 [main] INFO  impl.MetricsSystemImpl (MetricsSystemImpl.java:init(158)) - HddsDatanode metrics system started (again)
2019-08-23 10:04:13,336 [main] INFO  ozone.HddsDatanodeService (HddsDatanodeService.java:start(184)) - HddsDatanodeService host:pr-hdds-1094-r7kqq-4265743569 ip:192.168.34.11
2019-08-23 10:04:13,336 [org.apache.hadoop.util.JvmPauseMonitor$Monitor@5cb8503f] INFO  util.JvmPauseMonitor (JvmPauseMonitor.java:run(188)) - Starting JVM pause monitor
2019-08-23 10:04:13,338 [Datanode State Machine Thread - 0] INFO  datanode.InitDatanodeState (InitDatanodeState.java:persistContainerDatanodeDetails(140)) - DatanodeDetails is persisted to /workdir/hadoop-ozone/integration-test/target/test-dir/MiniOzoneClusterImpl-e3530e56-8be5-4e35-b41d-e6108e761a1d/datanode-1/meta/datanode.id
2019-08-23 10:04:13,346 [main] INFO  volume.HddsVolume (HddsVolume.java:<init>(176)) - Creating Volume: /workdir/hadoop-ozone/integration-test/target/test-dir/MiniOzoneClusterImpl-e3530e56-8be5-4e35-b41d-e6108e761a1d/datanode-2/data/containers/hdds of  storage type : DISK and capacity : 1482555576320
2019-08-23 10:04:13,346 [main] INFO  volume.VolumeSet (VolumeSet.java:initializeVolumeSet(170)) - Added Volume : /workdir/hadoop-ozone/integration-test/target/test-dir/MiniOzoneClusterImpl-e3530e56-8be5-4e35-b41d-e6108e761a1d/datanode-2/data/containers/hdds to VolumeSet
2019-08-23 10:04:13,346 [main] INFO  volume.ThrottledAsyncChecker (ThrottledAsyncChecker.java:schedule(140)) - Scheduling a check for org.apache.hadoop.ozone.container.common.volume.HddsVolume@608448e7
2019-08-23 10:04:13,347 [main] INFO  volume.HddsVolumeChecker (HddsVolumeChecker.java:checkAllVolumes(203)) - Scheduled health check for volume org.apache.hadoop.ozone.container.common.volume.HddsVolume@608448e7
2019-08-23 10:04:13,361 [main] INFO  impl.RaftServerProxy (ConfUtils.java:logGet(43)) - raft.rpc.type = GRPC (default)
2019-08-23 10:04:13,361 [main] INFO  grpc.GrpcFactory (GrpcFactory.java:checkPooledByteBufAllocatorUseCacheForAllThreads(45)) - PERFORMANCE WARNING: useCacheForAllThreads is true that may cause Netty to create a lot garbage objects and, as a result, trigger GC.
	It is recommended to disable useCacheForAllThreads by setting -Dorg.apache.ratis.thirdparty.io.netty.allocator.useCacheForAllThreads=false in command line.
2019-08-23 10:04:13,361 [main] INFO  grpc.GrpcConfigKeys$Server (ConfUtils.java:logGet(43)) - raft.grpc.server.port = 0 (default)
2019-08-23 10:04:13,361 [main] INFO  server.GrpcService (ConfUtils.java:logGet(43)) - raft.grpc.message.size.max = 33570816 (custom)
2019-08-23 10:04:13,362 [main] INFO  server.RaftServerConfigKeys (ConfUtils.java:logGet(43)) - raft.server.log.appender.buffer.byte-limit = 33554432 (custom)
2019-08-23 10:04:13,362 [main] INFO  server.GrpcService (ConfUtils.java:logGet(43)) - raft.grpc.flow.control.window = 1MB (=1048576) (default)
2019-08-23 10:04:13,362 [main] INFO  server.RaftServerConfigKeys (ConfUtils.java:logGet(43)) - raft.server.rpc.request.timeout = 3000ms (default)
2019-08-23 10:04:13,362 [main] INFO  server.RaftServerConfigKeys (ConfUtils.java:logGet(43)) - raft.server.storage.dir = [/workdir/hadoop-ozone/integration-test/target/test-dir/MiniOzoneClusterImpl-e3530e56-8be5-4e35-b41d-e6108e761a1d/datanode-2/data/ratis] (custom)
2019-08-23 10:04:13,363 [main] INFO  replication.SimpleContainerDownloader (SimpleContainerDownloader.java:<init>(72)) - Starting container downloader service to copy containers to replicate.
2019-08-23 10:04:13,364 [main] INFO  hdfs.DFSUtil (DFSUtil.java:httpServerTemplateForNNAndJN(1641)) - Starting Web-server for hddsDatanode at: http://0.0.0.0:0
2019-08-23 10:04:13,365 [main] INFO  server.AuthenticationFilter (AuthenticationFilter.java:constructSecretProvider(240)) - Unable to initialize FileSignerSecretProvider, falling back to use random secrets.
2019-08-23 10:04:13,365 [main] WARN  http.HttpRequestLog (HttpRequestLog.java:getRequestLog(97)) - Jetty request log can only be enabled using Log4j
2019-08-23 10:04:13,367 [main] INFO  http.HttpServer2 (HttpServer2.java:addGlobalFilter(975)) - Added global filter 'safety' (class=org.apache.hadoop.http.HttpServer2$QuotingInputFilter)
2019-08-23 10:04:13,367 [main] INFO  http.HttpServer2 (HttpServer2.java:addFilter(948)) - Added filter static_user_filter (class=org.apache.hadoop.http.lib.StaticUserWebFilter$StaticUserFilter) to context hddsDatanode
2019-08-23 10:04:13,367 [main] INFO  http.HttpServer2 (HttpServer2.java:addFilter(958)) - Added filter static_user_filter (class=org.apache.hadoop.http.lib.StaticUserWebFilter$StaticUserFilter) to context static
2019-08-23 10:04:13,367 [main] INFO  http.HttpServer2 (HttpServer2.java:addFilter(958)) - Added filter static_user_filter (class=org.apache.hadoop.http.lib.StaticUserWebFilter$StaticUserFilter) to context logs
2019-08-23 10:04:13,368 [main] INFO  http.HttpServer2 (HttpServer2.java:bindListener(1191)) - Jetty bound to port 36607
2019-08-23 10:04:13,368 [main] INFO  server.Server (Server.java:doStart(351)) - jetty-9.3.24.v20180605, build timestamp: 2018-06-05T17:11:56Z, git hash: 84205aa28f11a4f31f2a3b86d1bba2cc8ab69827
2019-08-23 10:04:13,370 [main] INFO  handler.ContextHandler (ContextHandler.java:doStart(781)) - Started o.e.j.s.ServletContextHandler@5e752a2a{/logs,file:///workdir/hadoop-ozone/integration-test/target/log,AVAILABLE}
2019-08-23 10:04:13,370 [main] INFO  handler.ContextHandler (ContextHandler.java:doStart(781)) - Started o.e.j.s.ServletContextHandler@4f9191c1{/static,jar:file:/home/user/.m2/repository/org/apache/hadoop/hadoop-hdds-container-service/0.5.0-SNAPSHOT/hadoop-hdds-container-service-0.5.0-SNAPSHOT.jar!/webapps/static,AVAILABLE}
2019-08-23 10:04:13,397 [main] INFO  handler.ContextHandler (ContextHandler.java:doStart(781)) - Started o.e.j.w.WebAppContext@3448a248{/,file:///tmp/jetty-0.0.0.0-36607-hddsDatanode-_-any-8378305464641712175.dir/webapp/,AVAILABLE}{/hddsDatanode}
2019-08-23 10:04:13,397 [main] INFO  server.AbstractConnector (AbstractConnector.java:doStart(278)) - Started ServerConnector@8788194{HTTP/1.1,[http/1.1]}{0.0.0.0:36607}
2019-08-23 10:04:13,397 [main] INFO  server.Server (Server.java:doStart(419)) - Started @539807ms
2019-08-23 10:04:13,399 [main] INFO  server.BaseHttpServer (BaseHttpServer.java:updateConnectorAddress(213)) - HTTP server of HDDSDATANODE is listening at http://0.0.0.0:36607
2019-08-23 10:04:13,524 | INFO  | ObjectStoreRestHttpServer | Listening HDDS REST traffic on /0.0.0.0:39840 |  
2019-08-23 10:04:13,524 [main] INFO  ozone.HddsDatanodeService (HddsDatanodeService.java:startPlugins(395)) - Started plug-in org.apache.hadoop.ozone.web.OzoneHddsDatanodeService@2287bbd1
2019-08-23 10:04:13,524 [main] INFO  impl.MetricsSystemImpl (MetricsSystemImpl.java:init(158)) - HddsDatanode metrics system started (again)
2019-08-23 10:04:13,527 [org.apache.hadoop.util.JvmPauseMonitor$Monitor@5422cc26] INFO  util.JvmPauseMonitor (JvmPauseMonitor.java:run(188)) - Starting JVM pause monitor
2019-08-23 10:04:13,527 [main] INFO  ozone.HddsDatanodeService (HddsDatanodeService.java:start(184)) - HddsDatanodeService host:pr-hdds-1094-r7kqq-4265743569 ip:192.168.34.11
2019-08-23 10:04:13,528 [Datanode State Machine Thread - 0] INFO  datanode.InitDatanodeState (InitDatanodeState.java:persistContainerDatanodeDetails(140)) - DatanodeDetails is persisted to /workdir/hadoop-ozone/integration-test/target/test-dir/MiniOzoneClusterImpl-e3530e56-8be5-4e35-b41d-e6108e761a1d/datanode-2/meta/datanode.id
2019-08-23 10:04:13,537 [main] INFO  volume.HddsVolume (HddsVolume.java:<init>(176)) - Creating Volume: /workdir/hadoop-ozone/integration-test/target/test-dir/MiniOzoneClusterImpl-e3530e56-8be5-4e35-b41d-e6108e761a1d/datanode-3/data/containers/hdds of  storage type : DISK and capacity : 1482555576320
2019-08-23 10:04:13,537 [main] INFO  volume.VolumeSet (VolumeSet.java:initializeVolumeSet(170)) - Added Volume : /workdir/hadoop-ozone/integration-test/target/test-dir/MiniOzoneClusterImpl-e3530e56-8be5-4e35-b41d-e6108e761a1d/datanode-3/data/containers/hdds to VolumeSet
2019-08-23 10:04:13,537 [main] INFO  volume.ThrottledAsyncChecker (ThrottledAsyncChecker.java:schedule(140)) - Scheduling a check for org.apache.hadoop.ozone.container.common.volume.HddsVolume@63513c1c
2019-08-23 10:04:13,538 [main] INFO  volume.HddsVolumeChecker (HddsVolumeChecker.java:checkAllVolumes(203)) - Scheduled health check for volume org.apache.hadoop.ozone.container.common.volume.HddsVolume@63513c1c
2019-08-23 10:04:13,553 [main] INFO  impl.RaftServerProxy (ConfUtils.java:logGet(43)) - raft.rpc.type = GRPC (default)
2019-08-23 10:04:13,553 [main] INFO  grpc.GrpcFactory (GrpcFactory.java:checkPooledByteBufAllocatorUseCacheForAllThreads(45)) - PERFORMANCE WARNING: useCacheForAllThreads is true that may cause Netty to create a lot garbage objects and, as a result, trigger GC.
	It is recommended to disable useCacheForAllThreads by setting -Dorg.apache.ratis.thirdparty.io.netty.allocator.useCacheForAllThreads=false in command line.
2019-08-23 10:04:13,553 [main] INFO  grpc.GrpcConfigKeys$Server (ConfUtils.java:logGet(43)) - raft.grpc.server.port = 0 (default)
2019-08-23 10:04:13,553 [main] INFO  server.GrpcService (ConfUtils.java:logGet(43)) - raft.grpc.message.size.max = 33570816 (custom)
2019-08-23 10:04:13,554 [main] INFO  server.RaftServerConfigKeys (ConfUtils.java:logGet(43)) - raft.server.log.appender.buffer.byte-limit = 33554432 (custom)
2019-08-23 10:04:13,554 [main] INFO  server.GrpcService (ConfUtils.java:logGet(43)) - raft.grpc.flow.control.window = 1MB (=1048576) (default)
2019-08-23 10:04:13,554 [main] INFO  server.RaftServerConfigKeys (ConfUtils.java:logGet(43)) - raft.server.rpc.request.timeout = 3000ms (default)
2019-08-23 10:04:13,554 [main] INFO  server.RaftServerConfigKeys (ConfUtils.java:logGet(43)) - raft.server.storage.dir = [/workdir/hadoop-ozone/integration-test/target/test-dir/MiniOzoneClusterImpl-e3530e56-8be5-4e35-b41d-e6108e761a1d/datanode-3/data/ratis] (custom)
2019-08-23 10:04:13,555 [main] INFO  replication.SimpleContainerDownloader (SimpleContainerDownloader.java:<init>(72)) - Starting container downloader service to copy containers to replicate.
2019-08-23 10:04:13,556 [main] INFO  hdfs.DFSUtil (DFSUtil.java:httpServerTemplateForNNAndJN(1641)) - Starting Web-server for hddsDatanode at: http://0.0.0.0:0
2019-08-23 10:04:13,557 [main] INFO  server.AuthenticationFilter (AuthenticationFilter.java:constructSecretProvider(240)) - Unable to initialize FileSignerSecretProvider, falling back to use random secrets.
2019-08-23 10:04:13,557 [main] WARN  http.HttpRequestLog (HttpRequestLog.java:getRequestLog(97)) - Jetty request log can only be enabled using Log4j
2019-08-23 10:04:13,558 [main] INFO  http.HttpServer2 (HttpServer2.java:addGlobalFilter(975)) - Added global filter 'safety' (class=org.apache.hadoop.http.HttpServer2$QuotingInputFilter)
2019-08-23 10:04:13,559 [main] INFO  http.HttpServer2 (HttpServer2.java:addFilter(948)) - Added filter static_user_filter (class=org.apache.hadoop.http.lib.StaticUserWebFilter$StaticUserFilter) to context hddsDatanode
2019-08-23 10:04:13,559 [main] INFO  http.HttpServer2 (HttpServer2.java:addFilter(958)) - Added filter static_user_filter (class=org.apache.hadoop.http.lib.StaticUserWebFilter$StaticUserFilter) to context static
2019-08-23 10:04:13,559 [main] INFO  http.HttpServer2 (HttpServer2.java:addFilter(958)) - Added filter static_user_filter (class=org.apache.hadoop.http.lib.StaticUserWebFilter$StaticUserFilter) to context logs
2019-08-23 10:04:13,560 [main] INFO  http.HttpServer2 (HttpServer2.java:bindListener(1191)) - Jetty bound to port 40453
2019-08-23 10:04:13,560 [main] INFO  server.Server (Server.java:doStart(351)) - jetty-9.3.24.v20180605, build timestamp: 2018-06-05T17:11:56Z, git hash: 84205aa28f11a4f31f2a3b86d1bba2cc8ab69827
2019-08-23 10:04:13,561 [main] INFO  handler.ContextHandler (ContextHandler.java:doStart(781)) - Started o.e.j.s.ServletContextHandler@2ff4d61b{/logs,file:///workdir/hadoop-ozone/integration-test/target/log,AVAILABLE}
2019-08-23 10:04:13,562 [main] INFO  handler.ContextHandler (ContextHandler.java:doStart(781)) - Started o.e.j.s.ServletContextHandler@402fcf14{/static,jar:file:/home/user/.m2/repository/org/apache/hadoop/hadoop-hdds-container-service/0.5.0-SNAPSHOT/hadoop-hdds-container-service-0.5.0-SNAPSHOT.jar!/webapps/static,AVAILABLE}
2019-08-23 10:04:13,589 [main] INFO  handler.ContextHandler (ContextHandler.java:doStart(781)) - Started o.e.j.w.WebAppContext@2527765a{/,file:///tmp/jetty-0.0.0.0-40453-hddsDatanode-_-any-1624426656144727520.dir/webapp/,AVAILABLE}{/hddsDatanode}
2019-08-23 10:04:13,589 [main] INFO  server.AbstractConnector (AbstractConnector.java:doStart(278)) - Started ServerConnector@6ea4b4b2{HTTP/1.1,[http/1.1]}{0.0.0.0:40453}
2019-08-23 10:04:13,589 [main] INFO  server.Server (Server.java:doStart(419)) - Started @539999ms
2019-08-23 10:04:13,592 [main] INFO  server.BaseHttpServer (BaseHttpServer.java:updateConnectorAddress(213)) - HTTP server of HDDSDATANODE is listening at http://0.0.0.0:40453
2019-08-23 10:04:14,019 | INFO  | ObjectStoreRestHttpServer | Listening HDDS REST traffic on /0.0.0.0:38020 |  
2019-08-23 10:04:14,019 [main] INFO  ozone.HddsDatanodeService (HddsDatanodeService.java:startPlugins(395)) - Started plug-in org.apache.hadoop.ozone.web.OzoneHddsDatanodeService@4dc10682
2019-08-23 10:04:14,019 [main] INFO  impl.MetricsSystemImpl (MetricsSystemImpl.java:init(158)) - HddsDatanode metrics system started (again)
2019-08-23 10:04:14,023 [org.apache.hadoop.util.JvmPauseMonitor$Monitor@63f7e6b3] INFO  util.JvmPauseMonitor (JvmPauseMonitor.java:run(188)) - Starting JVM pause monitor
2019-08-23 10:04:14,023 [main] INFO  ozone.HddsDatanodeService (HddsDatanodeService.java:start(184)) - HddsDatanodeService host:pr-hdds-1094-r7kqq-4265743569 ip:192.168.34.11
2019-08-23 10:04:14,024 [Datanode State Machine Thread - 0] INFO  datanode.InitDatanodeState (InitDatanodeState.java:persistContainerDatanodeDetails(140)) - DatanodeDetails is persisted to /workdir/hadoop-ozone/integration-test/target/test-dir/MiniOzoneClusterImpl-e3530e56-8be5-4e35-b41d-e6108e761a1d/datanode-3/meta/datanode.id
2019-08-23 10:04:14,032 [main] INFO  volume.HddsVolume (HddsVolume.java:<init>(176)) - Creating Volume: /workdir/hadoop-ozone/integration-test/target/test-dir/MiniOzoneClusterImpl-e3530e56-8be5-4e35-b41d-e6108e761a1d/datanode-4/data/containers/hdds of  storage type : DISK and capacity : 1482555576320
2019-08-23 10:04:14,032 [main] INFO  volume.VolumeSet (VolumeSet.java:initializeVolumeSet(170)) - Added Volume : /workdir/hadoop-ozone/integration-test/target/test-dir/MiniOzoneClusterImpl-e3530e56-8be5-4e35-b41d-e6108e761a1d/datanode-4/data/containers/hdds to VolumeSet
2019-08-23 10:04:14,033 [main] INFO  volume.ThrottledAsyncChecker (ThrottledAsyncChecker.java:schedule(140)) - Scheduling a check for org.apache.hadoop.ozone.container.common.volume.HddsVolume@6f647464
2019-08-23 10:04:14,033 [main] INFO  volume.HddsVolumeChecker (HddsVolumeChecker.java:checkAllVolumes(203)) - Scheduled health check for volume org.apache.hadoop.ozone.container.common.volume.HddsVolume@6f647464
2019-08-23 10:04:14,048 [main] INFO  impl.RaftServerProxy (ConfUtils.java:logGet(43)) - raft.rpc.type = GRPC (default)
2019-08-23 10:04:14,048 [main] INFO  grpc.GrpcFactory (GrpcFactory.java:checkPooledByteBufAllocatorUseCacheForAllThreads(45)) - PERFORMANCE WARNING: useCacheForAllThreads is true that may cause Netty to create a lot garbage objects and, as a result, trigger GC.
	It is recommended to disable useCacheForAllThreads by setting -Dorg.apache.ratis.thirdparty.io.netty.allocator.useCacheForAllThreads=false in command line.
2019-08-23 10:04:14,048 [main] INFO  grpc.GrpcConfigKeys$Server (ConfUtils.java:logGet(43)) - raft.grpc.server.port = 0 (default)
2019-08-23 10:04:14,048 [main] INFO  server.GrpcService (ConfUtils.java:logGet(43)) - raft.grpc.message.size.max = 33570816 (custom)
2019-08-23 10:04:14,049 [main] INFO  server.RaftServerConfigKeys (ConfUtils.java:logGet(43)) - raft.server.log.appender.buffer.byte-limit = 33554432 (custom)
2019-08-23 10:04:14,049 [main] INFO  server.GrpcService (ConfUtils.java:logGet(43)) - raft.grpc.flow.control.window = 1MB (=1048576) (default)
2019-08-23 10:04:14,049 [main] INFO  server.RaftServerConfigKeys (ConfUtils.java:logGet(43)) - raft.server.rpc.request.timeout = 3000ms (default)
2019-08-23 10:04:14,049 [main] INFO  server.RaftServerConfigKeys (ConfUtils.java:logGet(43)) - raft.server.storage.dir = [/workdir/hadoop-ozone/integration-test/target/test-dir/MiniOzoneClusterImpl-e3530e56-8be5-4e35-b41d-e6108e761a1d/datanode-4/data/ratis] (custom)
2019-08-23 10:04:14,050 [main] INFO  replication.SimpleContainerDownloader (SimpleContainerDownloader.java:<init>(72)) - Starting container downloader service to copy containers to replicate.
2019-08-23 10:04:14,051 [main] INFO  hdfs.DFSUtil (DFSUtil.java:httpServerTemplateForNNAndJN(1641)) - Starting Web-server for hddsDatanode at: http://0.0.0.0:0
2019-08-23 10:04:14,053 [main] INFO  server.AuthenticationFilter (AuthenticationFilter.java:constructSecretProvider(240)) - Unable to initialize FileSignerSecretProvider, falling back to use random secrets.
2019-08-23 10:04:14,053 [main] WARN  http.HttpRequestLog (HttpRequestLog.java:getRequestLog(97)) - Jetty request log can only be enabled using Log4j
2019-08-23 10:04:14,055 [main] INFO  http.HttpServer2 (HttpServer2.java:addGlobalFilter(975)) - Added global filter 'safety' (class=org.apache.hadoop.http.HttpServer2$QuotingInputFilter)
2019-08-23 10:04:14,055 [main] INFO  http.HttpServer2 (HttpServer2.java:addFilter(948)) - Added filter static_user_filter (class=org.apache.hadoop.http.lib.StaticUserWebFilter$StaticUserFilter) to context hddsDatanode
2019-08-23 10:04:14,055 [main] INFO  http.HttpServer2 (HttpServer2.java:addFilter(958)) - Added filter static_user_filter (class=org.apache.hadoop.http.lib.StaticUserWebFilter$StaticUserFilter) to context static
2019-08-23 10:04:14,055 [main] INFO  http.HttpServer2 (HttpServer2.java:addFilter(958)) - Added filter static_user_filter (class=org.apache.hadoop.http.lib.StaticUserWebFilter$StaticUserFilter) to context logs
2019-08-23 10:04:14,056 [main] INFO  http.HttpServer2 (HttpServer2.java:bindListener(1191)) - Jetty bound to port 33277
2019-08-23 10:04:14,056 [main] INFO  server.Server (Server.java:doStart(351)) - jetty-9.3.24.v20180605, build timestamp: 2018-06-05T17:11:56Z, git hash: 84205aa28f11a4f31f2a3b86d1bba2cc8ab69827
2019-08-23 10:04:14,057 [main] INFO  handler.ContextHandler (ContextHandler.java:doStart(781)) - Started o.e.j.s.ServletContextHandler@49de2cc4{/logs,file:///workdir/hadoop-ozone/integration-test/target/log,AVAILABLE}
2019-08-23 10:04:14,058 [main] INFO  handler.ContextHandler (ContextHandler.java:doStart(781)) - Started o.e.j.s.ServletContextHandler@3459ccd9{/static,jar:file:/home/user/.m2/repository/org/apache/hadoop/hadoop-hdds-container-service/0.5.0-SNAPSHOT/hadoop-hdds-container-service-0.5.0-SNAPSHOT.jar!/webapps/static,AVAILABLE}
2019-08-23 10:04:14,086 [main] INFO  handler.ContextHandler (ContextHandler.java:doStart(781)) - Started o.e.j.w.WebAppContext@40bac624{/,file:///tmp/jetty-0.0.0.0-33277-hddsDatanode-_-any-6833067559686293873.dir/webapp/,AVAILABLE}{/hddsDatanode}
2019-08-23 10:04:14,086 [main] INFO  server.AbstractConnector (AbstractConnector.java:doStart(278)) - Started ServerConnector@1bc80978{HTTP/1.1,[http/1.1]}{0.0.0.0:33277}
2019-08-23 10:04:14,086 [main] INFO  server.Server (Server.java:doStart(419)) - Started @540497ms
2019-08-23 10:04:14,089 [main] INFO  server.BaseHttpServer (BaseHttpServer.java:updateConnectorAddress(213)) - HTTP server of HDDSDATANODE is listening at http://0.0.0.0:33277
2019-08-23 10:04:14,208 | INFO  | ObjectStoreRestHttpServer | Listening HDDS REST traffic on /0.0.0.0:34687 |  
2019-08-23 10:04:14,208 [main] INFO  ozone.HddsDatanodeService (HddsDatanodeService.java:startPlugins(395)) - Started plug-in org.apache.hadoop.ozone.web.OzoneHddsDatanodeService@23674e3d
2019-08-23 10:04:14,208 [main] INFO  impl.MetricsSystemImpl (MetricsSystemImpl.java:init(158)) - HddsDatanode metrics system started (again)
2019-08-23 10:04:14,212 [org.apache.hadoop.util.JvmPauseMonitor$Monitor@5f02a4f4] INFO  util.JvmPauseMonitor (JvmPauseMonitor.java:run(188)) - Starting JVM pause monitor
2019-08-23 10:04:14,213 [main] INFO  ozone.HddsDatanodeService (HddsDatanodeService.java:start(184)) - HddsDatanodeService host:pr-hdds-1094-r7kqq-4265743569 ip:192.168.34.11
2019-08-23 10:04:14,214 [Datanode State Machine Thread - 0] INFO  datanode.InitDatanodeState (InitDatanodeState.java:persistContainerDatanodeDetails(140)) - DatanodeDetails is persisted to /workdir/hadoop-ozone/integration-test/target/test-dir/MiniOzoneClusterImpl-e3530e56-8be5-4e35-b41d-e6108e761a1d/datanode-4/meta/datanode.id
2019-08-23 10:04:14,223 [main] INFO  volume.HddsVolume (HddsVolume.java:<init>(176)) - Creating Volume: /workdir/hadoop-ozone/integration-test/target/test-dir/MiniOzoneClusterImpl-e3530e56-8be5-4e35-b41d-e6108e761a1d/datanode-5/data/containers/hdds of  storage type : DISK and capacity : 1482555576320
2019-08-23 10:04:14,223 [main] INFO  volume.VolumeSet (VolumeSet.java:initializeVolumeSet(170)) - Added Volume : /workdir/hadoop-ozone/integration-test/target/test-dir/MiniOzoneClusterImpl-e3530e56-8be5-4e35-b41d-e6108e761a1d/datanode-5/data/containers/hdds to VolumeSet
2019-08-23 10:04:14,223 [main] INFO  volume.ThrottledAsyncChecker (ThrottledAsyncChecker.java:schedule(140)) - Scheduling a check for org.apache.hadoop.ozone.container.common.volume.HddsVolume@7f1581bb
2019-08-23 10:04:14,224 [main] INFO  volume.HddsVolumeChecker (HddsVolumeChecker.java:checkAllVolumes(203)) - Scheduled health check for volume org.apache.hadoop.ozone.container.common.volume.HddsVolume@7f1581bb
2019-08-23 10:04:14,238 [main] INFO  impl.RaftServerProxy (ConfUtils.java:logGet(43)) - raft.rpc.type = GRPC (default)
2019-08-23 10:04:14,239 [main] INFO  grpc.GrpcFactory (GrpcFactory.java:checkPooledByteBufAllocatorUseCacheForAllThreads(45)) - PERFORMANCE WARNING: useCacheForAllThreads is true that may cause Netty to create a lot garbage objects and, as a result, trigger GC.
	It is recommended to disable useCacheForAllThreads by setting -Dorg.apache.ratis.thirdparty.io.netty.allocator.useCacheForAllThreads=false in command line.
2019-08-23 10:04:14,239 [main] INFO  grpc.GrpcConfigKeys$Server (ConfUtils.java:logGet(43)) - raft.grpc.server.port = 0 (default)
2019-08-23 10:04:14,239 [main] INFO  server.GrpcService (ConfUtils.java:logGet(43)) - raft.grpc.message.size.max = 33570816 (custom)
2019-08-23 10:04:14,239 [main] INFO  server.RaftServerConfigKeys (ConfUtils.java:logGet(43)) - raft.server.log.appender.buffer.byte-limit = 33554432 (custom)
2019-08-23 10:04:14,239 [main] INFO  server.GrpcService (ConfUtils.java:logGet(43)) - raft.grpc.flow.control.window = 1MB (=1048576) (default)
2019-08-23 10:04:14,239 [main] INFO  server.RaftServerConfigKeys (ConfUtils.java:logGet(43)) - raft.server.rpc.request.timeout = 3000ms (default)
2019-08-23 10:04:14,240 [main] INFO  server.RaftServerConfigKeys (ConfUtils.java:logGet(43)) - raft.server.storage.dir = [/workdir/hadoop-ozone/integration-test/target/test-dir/MiniOzoneClusterImpl-e3530e56-8be5-4e35-b41d-e6108e761a1d/datanode-5/data/ratis] (custom)
2019-08-23 10:04:14,240 [main] INFO  replication.SimpleContainerDownloader (SimpleContainerDownloader.java:<init>(72)) - Starting container downloader service to copy containers to replicate.
2019-08-23 10:04:14,241 [main] INFO  hdfs.DFSUtil (DFSUtil.java:httpServerTemplateForNNAndJN(1641)) - Starting Web-server for hddsDatanode at: http://0.0.0.0:0
2019-08-23 10:04:14,242 [main] INFO  server.AuthenticationFilter (AuthenticationFilter.java:constructSecretProvider(240)) - Unable to initialize FileSignerSecretProvider, falling back to use random secrets.
2019-08-23 10:04:14,243 [main] WARN  http.HttpRequestLog (HttpRequestLog.java:getRequestLog(97)) - Jetty request log can only be enabled using Log4j
2019-08-23 10:04:14,244 [main] INFO  http.HttpServer2 (HttpServer2.java:addGlobalFilter(975)) - Added global filter 'safety' (class=org.apache.hadoop.http.HttpServer2$QuotingInputFilter)
2019-08-23 10:04:14,244 [main] INFO  http.HttpServer2 (HttpServer2.java:addFilter(948)) - Added filter static_user_filter (class=org.apache.hadoop.http.lib.StaticUserWebFilter$StaticUserFilter) to context hddsDatanode
2019-08-23 10:04:14,245 [main] INFO  http.HttpServer2 (HttpServer2.java:addFilter(958)) - Added filter static_user_filter (class=org.apache.hadoop.http.lib.StaticUserWebFilter$StaticUserFilter) to context logs
2019-08-23 10:04:14,245 [main] INFO  http.HttpServer2 (HttpServer2.java:addFilter(958)) - Added filter static_user_filter (class=org.apache.hadoop.http.lib.StaticUserWebFilter$StaticUserFilter) to context static
2019-08-23 10:04:14,245 [main] INFO  http.HttpServer2 (HttpServer2.java:bindListener(1191)) - Jetty bound to port 38116
2019-08-23 10:04:14,245 [main] INFO  server.Server (Server.java:doStart(351)) - jetty-9.3.24.v20180605, build timestamp: 2018-06-05T17:11:56Z, git hash: 84205aa28f11a4f31f2a3b86d1bba2cc8ab69827
2019-08-23 10:04:14,247 [main] INFO  handler.ContextHandler (ContextHandler.java:doStart(781)) - Started o.e.j.s.ServletContextHandler@136d1d58{/logs,file:///workdir/hadoop-ozone/integration-test/target/log,AVAILABLE}
2019-08-23 10:04:14,247 [main] INFO  handler.ContextHandler (ContextHandler.java:doStart(781)) - Started o.e.j.s.ServletContextHandler@21b508a0{/static,jar:file:/home/user/.m2/repository/org/apache/hadoop/hadoop-hdds-container-service/0.5.0-SNAPSHOT/hadoop-hdds-container-service-0.5.0-SNAPSHOT.jar!/webapps/static,AVAILABLE}
2019-08-23 10:04:14,275 [main] INFO  handler.ContextHandler (ContextHandler.java:doStart(781)) - Started o.e.j.w.WebAppContext@482040a{/,file:///tmp/jetty-0.0.0.0-38116-hddsDatanode-_-any-3343798800290084415.dir/webapp/,AVAILABLE}{/hddsDatanode}
2019-08-23 10:04:14,275 [main] INFO  server.AbstractConnector (AbstractConnector.java:doStart(278)) - Started ServerConnector@b45e264{HTTP/1.1,[http/1.1]}{0.0.0.0:38116}
2019-08-23 10:04:14,275 [main] INFO  server.Server (Server.java:doStart(419)) - Started @540686ms
2019-08-23 10:04:14,277 [main] INFO  server.BaseHttpServer (BaseHttpServer.java:updateConnectorAddress(213)) - HTTP server of HDDSDATANODE is listening at http://0.0.0.0:38116
2019-08-23 10:04:14,444 | INFO  | ObjectStoreRestHttpServer | Listening HDDS REST traffic on /0.0.0.0:39023 |  
2019-08-23 10:04:14,444 [main] INFO  ozone.HddsDatanodeService (HddsDatanodeService.java:startPlugins(395)) - Started plug-in org.apache.hadoop.ozone.web.OzoneHddsDatanodeService@a712344
2019-08-23 10:04:14,445 [main] INFO  impl.MetricsSystemImpl (MetricsSystemImpl.java:init(158)) - HddsDatanode metrics system started (again)
2019-08-23 10:04:14,446 [org.apache.hadoop.util.JvmPauseMonitor$Monitor@50563e67] INFO  util.JvmPauseMonitor (JvmPauseMonitor.java:run(188)) - Starting JVM pause monitor
2019-08-23 10:04:14,450 [main] INFO  ozone.HddsDatanodeService (HddsDatanodeService.java:start(184)) - HddsDatanodeService host:pr-hdds-1094-r7kqq-4265743569 ip:192.168.34.11
2019-08-23 10:04:14,451 [Datanode State Machine Thread - 0] INFO  datanode.InitDatanodeState (InitDatanodeState.java:persistContainerDatanodeDetails(140)) - DatanodeDetails is persisted to /workdir/hadoop-ozone/integration-test/target/test-dir/MiniOzoneClusterImpl-e3530e56-8be5-4e35-b41d-e6108e761a1d/datanode-5/meta/datanode.id
2019-08-23 10:04:14,459 [main] INFO  volume.HddsVolume (HddsVolume.java:<init>(176)) - Creating Volume: /workdir/hadoop-ozone/integration-test/target/test-dir/MiniOzoneClusterImpl-e3530e56-8be5-4e35-b41d-e6108e761a1d/datanode-6/data/containers/hdds of  storage type : DISK and capacity : 1482555576320
2019-08-23 10:04:14,460 [main] INFO  volume.VolumeSet (VolumeSet.java:initializeVolumeSet(170)) - Added Volume : /workdir/hadoop-ozone/integration-test/target/test-dir/MiniOzoneClusterImpl-e3530e56-8be5-4e35-b41d-e6108e761a1d/datanode-6/data/containers/hdds to VolumeSet
2019-08-23 10:04:14,460 [main] INFO  volume.ThrottledAsyncChecker (ThrottledAsyncChecker.java:schedule(140)) - Scheduling a check for org.apache.hadoop.ozone.container.common.volume.HddsVolume@504ccf42
2019-08-23 10:04:14,462 [main] INFO  volume.HddsVolumeChecker (HddsVolumeChecker.java:checkAllVolumes(203)) - Scheduled health check for volume org.apache.hadoop.ozone.container.common.volume.HddsVolume@504ccf42
2019-08-23 10:04:14,481 [main] INFO  impl.RaftServerProxy (ConfUtils.java:logGet(43)) - raft.rpc.type = GRPC (default)
2019-08-23 10:04:14,482 [main] INFO  grpc.GrpcFactory (GrpcFactory.java:checkPooledByteBufAllocatorUseCacheForAllThreads(45)) - PERFORMANCE WARNING: useCacheForAllThreads is true that may cause Netty to create a lot garbage objects and, as a result, trigger GC.
	It is recommended to disable useCacheForAllThreads by setting -Dorg.apache.ratis.thirdparty.io.netty.allocator.useCacheForAllThreads=false in command line.
2019-08-23 10:04:14,482 [main] INFO  grpc.GrpcConfigKeys$Server (ConfUtils.java:logGet(43)) - raft.grpc.server.port = 0 (default)
2019-08-23 10:04:14,482 [main] INFO  server.GrpcService (ConfUtils.java:logGet(43)) - raft.grpc.message.size.max = 33570816 (custom)
2019-08-23 10:04:14,482 [main] INFO  server.RaftServerConfigKeys (ConfUtils.java:logGet(43)) - raft.server.log.appender.buffer.byte-limit = 33554432 (custom)
2019-08-23 10:04:14,483 [main] INFO  server.GrpcService (ConfUtils.java:logGet(43)) - raft.grpc.flow.control.window = 1MB (=1048576) (default)
2019-08-23 10:04:14,483 [main] INFO  server.RaftServerConfigKeys (ConfUtils.java:logGet(43)) - raft.server.rpc.request.timeout = 3000ms (default)
2019-08-23 10:04:14,484 [main] INFO  server.RaftServerConfigKeys (ConfUtils.java:logGet(43)) - raft.server.storage.dir = [/workdir/hadoop-ozone/integration-test/target/test-dir/MiniOzoneClusterImpl-e3530e56-8be5-4e35-b41d-e6108e761a1d/datanode-6/data/ratis] (custom)
2019-08-23 10:04:14,484 [main] INFO  replication.SimpleContainerDownloader (SimpleContainerDownloader.java:<init>(72)) - Starting container downloader service to copy containers to replicate.
2019-08-23 10:04:14,485 [main] INFO  hdfs.DFSUtil (DFSUtil.java:httpServerTemplateForNNAndJN(1641)) - Starting Web-server for hddsDatanode at: http://0.0.0.0:0
2019-08-23 10:04:14,486 [main] INFO  server.AuthenticationFilter (AuthenticationFilter.java:constructSecretProvider(240)) - Unable to initialize FileSignerSecretProvider, falling back to use random secrets.
2019-08-23 10:04:14,487 [main] WARN  http.HttpRequestLog (HttpRequestLog.java:getRequestLog(97)) - Jetty request log can only be enabled using Log4j
2019-08-23 10:04:14,488 [main] INFO  http.HttpServer2 (HttpServer2.java:addGlobalFilter(975)) - Added global filter 'safety' (class=org.apache.hadoop.http.HttpServer2$QuotingInputFilter)
2019-08-23 10:04:14,488 [main] INFO  http.HttpServer2 (HttpServer2.java:addFilter(948)) - Added filter static_user_filter (class=org.apache.hadoop.http.lib.StaticUserWebFilter$StaticUserFilter) to context hddsDatanode
2019-08-23 10:04:14,488 [main] INFO  http.HttpServer2 (HttpServer2.java:addFilter(958)) - Added filter static_user_filter (class=org.apache.hadoop.http.lib.StaticUserWebFilter$StaticUserFilter) to context logs
2019-08-23 10:04:14,488 [main] INFO  http.HttpServer2 (HttpServer2.java:addFilter(958)) - Added filter static_user_filter (class=org.apache.hadoop.http.lib.StaticUserWebFilter$StaticUserFilter) to context static
2019-08-23 10:04:14,489 [main] INFO  http.HttpServer2 (HttpServer2.java:bindListener(1191)) - Jetty bound to port 35210
2019-08-23 10:04:14,489 [main] INFO  server.Server (Server.java:doStart(351)) - jetty-9.3.24.v20180605, build timestamp: 2018-06-05T17:11:56Z, git hash: 84205aa28f11a4f31f2a3b86d1bba2cc8ab69827
2019-08-23 10:04:14,491 [main] INFO  handler.ContextHandler (ContextHandler.java:doStart(781)) - Started o.e.j.s.ServletContextHandler@72e5f018{/logs,file:///workdir/hadoop-ozone/integration-test/target/log,AVAILABLE}
2019-08-23 10:04:14,491 [main] INFO  handler.ContextHandler (ContextHandler.java:doStart(781)) - Started o.e.j.s.ServletContextHandler@10522dfd{/static,jar:file:/home/user/.m2/repository/org/apache/hadoop/hadoop-hdds-container-service/0.5.0-SNAPSHOT/hadoop-hdds-container-service-0.5.0-SNAPSHOT.jar!/webapps/static,AVAILABLE}
2019-08-23 10:04:14,526 [main] INFO  handler.ContextHandler (ContextHandler.java:doStart(781)) - Started o.e.j.w.WebAppContext@765ccc7a{/,file:///tmp/jetty-0.0.0.0-35210-hddsDatanode-_-any-3692023525837999957.dir/webapp/,AVAILABLE}{/hddsDatanode}
2019-08-23 10:04:14,527 [main] INFO  server.AbstractConnector (AbstractConnector.java:doStart(278)) - Started ServerConnector@68ad030d{HTTP/1.1,[http/1.1]}{0.0.0.0:35210}
2019-08-23 10:04:14,532 [main] INFO  server.Server (Server.java:doStart(419)) - Started @540942ms
2019-08-23 10:04:14,533 [main] INFO  server.BaseHttpServer (BaseHttpServer.java:updateConnectorAddress(213)) - HTTP server of HDDSDATANODE is listening at http://0.0.0.0:35210
2019-08-23 10:04:14,658 | INFO  | ObjectStoreRestHttpServer | Listening HDDS REST traffic on /0.0.0.0:34647 |  
2019-08-23 10:04:14,658 [main] INFO  ozone.HddsDatanodeService (HddsDatanodeService.java:startPlugins(395)) - Started plug-in org.apache.hadoop.ozone.web.OzoneHddsDatanodeService@57a259c1
2019-08-23 10:04:14,659 [main] INFO  ozone.MiniOzoneClusterImpl (MiniOzoneClusterImpl.java:lambda$waitForClusterToBeReady$0(142)) - Waiting for cluster to be ready. Got 0 of 7 DN Heartbeats.
2019-08-23 10:04:14,660 [org.apache.hadoop.util.JvmPauseMonitor$Monitor@3413d6c3] INFO  util.JvmPauseMonitor (JvmPauseMonitor.java:run(188)) - Starting JVM pause monitor
2019-08-23 10:04:14,662 [Datanode State Machine Thread - 0] INFO  datanode.InitDatanodeState (InitDatanodeState.java:persistContainerDatanodeDetails(140)) - DatanodeDetails is persisted to /workdir/hadoop-ozone/integration-test/target/test-dir/MiniOzoneClusterImpl-e3530e56-8be5-4e35-b41d-e6108e761a1d/datanode-6/meta/datanode.id
2019-08-23 10:04:15,158 | INFO  | SCMAudit | user=jenkins1000 | ip=192.168.34.11 | op=GET_VERSION null | ret=SUCCESS |  
2019-08-23 10:04:15,174 [Datanode State Machine Thread - 0] INFO  ozoneimpl.OzoneContainer (OzoneContainer.java:start(186)) - Attempting to start container services.
2019-08-23 10:04:15,174 [Datanode State Machine Thread - 0] INFO  ozoneimpl.OzoneContainer (OzoneContainer.java:startContainerScrub(160)) - Background container scrubber has been disabled by hdds.containerscrub.enabled
2019-08-23 10:04:15,175 [Datanode State Machine Thread - 0] INFO  ratis.XceiverServerRatis (XceiverServerRatis.java:start(404)) - Starting XceiverServerRatis b7c5b48b-9294-4513-a286-a41a16d1a2cb at port 0
2019-08-23 10:04:15,184 [Datanode State Machine Thread - 0] INFO  impl.RaftServerProxy (RaftServerProxy.java:lambda$start$3(299)) - b7c5b48b-9294-4513-a286-a41a16d1a2cb: start RPC server
2019-08-23 10:04:15,187 [Datanode State Machine Thread - 0] INFO  server.GrpcService (GrpcService.java:startImpl(149)) - b7c5b48b-9294-4513-a286-a41a16d1a2cb: GrpcService started, listening on 0.0.0.0/0.0.0.0:32823
2019-08-23 10:04:15,187 [Datanode State Machine Thread - 0] INFO  ratis.XceiverServerRatis (XceiverServerRatis.java:start(414)) - XceiverServerRatis b7c5b48b-9294-4513-a286-a41a16d1a2cb is started using port 32823
2019-08-23 10:04:15,189 [Datanode State Machine Thread - 0] INFO  server.XceiverServerGrpc (XceiverServerGrpc.java:start(161)) - XceiverServerGrpc b7c5b48b-9294-4513-a286-a41a16d1a2cb is started using port 42402
2019-08-23 10:04:15,337 | INFO  | SCMAudit | user=jenkins1000 | ip=192.168.34.11 | op=GET_VERSION null | ret=SUCCESS |  
2019-08-23 10:04:15,354 [Datanode State Machine Thread - 0] INFO  ozoneimpl.OzoneContainer (OzoneContainer.java:start(186)) - Attempting to start container services.
2019-08-23 10:04:15,354 [Datanode State Machine Thread - 0] INFO  ozoneimpl.OzoneContainer (OzoneContainer.java:startContainerScrub(160)) - Background container scrubber has been disabled by hdds.containerscrub.enabled
2019-08-23 10:04:15,354 [Datanode State Machine Thread - 0] INFO  ratis.XceiverServerRatis (XceiverServerRatis.java:start(404)) - Starting XceiverServerRatis c9e7da90-c5a5-4808-9794-4305bac07bb7 at port 0
2019-08-23 10:04:15,363 [Datanode State Machine Thread - 0] INFO  impl.RaftServerProxy (RaftServerProxy.java:lambda$start$3(299)) - c9e7da90-c5a5-4808-9794-4305bac07bb7: start RPC server
2019-08-23 10:04:15,364 [Datanode State Machine Thread - 0] INFO  server.GrpcService (GrpcService.java:startImpl(149)) - c9e7da90-c5a5-4808-9794-4305bac07bb7: GrpcService started, listening on 0.0.0.0/0.0.0.0:34916
2019-08-23 10:04:15,365 [Datanode State Machine Thread - 0] INFO  ratis.XceiverServerRatis (XceiverServerRatis.java:start(414)) - XceiverServerRatis c9e7da90-c5a5-4808-9794-4305bac07bb7 is started using port 34916
2019-08-23 10:04:15,365 [Datanode State Machine Thread - 0] INFO  server.XceiverServerGrpc (XceiverServerGrpc.java:start(161)) - XceiverServerGrpc c9e7da90-c5a5-4808-9794-4305bac07bb7 is started using port 42540
2019-08-23 10:04:15,528 | INFO  | SCMAudit | user=jenkins1000 | ip=192.168.34.11 | op=GET_VERSION null | ret=SUCCESS |  
2019-08-23 10:04:15,543 [Datanode State Machine Thread - 0] INFO  ozoneimpl.OzoneContainer (OzoneContainer.java:start(186)) - Attempting to start container services.
2019-08-23 10:04:15,543 [Datanode State Machine Thread - 0] INFO  ozoneimpl.OzoneContainer (OzoneContainer.java:startContainerScrub(160)) - Background container scrubber has been disabled by hdds.containerscrub.enabled
2019-08-23 10:04:15,543 [Datanode State Machine Thread - 0] INFO  ratis.XceiverServerRatis (XceiverServerRatis.java:start(404)) - Starting XceiverServerRatis 02fdabdd-783b-4687-aaad-f4e6848c1dc1 at port 0
2019-08-23 10:04:15,552 [Datanode State Machine Thread - 0] INFO  impl.RaftServerProxy (RaftServerProxy.java:lambda$start$3(299)) - 02fdabdd-783b-4687-aaad-f4e6848c1dc1: start RPC server
2019-08-23 10:04:15,553 [Datanode State Machine Thread - 0] INFO  server.GrpcService (GrpcService.java:startImpl(149)) - 02fdabdd-783b-4687-aaad-f4e6848c1dc1: GrpcService started, listening on 0.0.0.0/0.0.0.0:41420
2019-08-23 10:04:15,553 [Datanode State Machine Thread - 0] INFO  ratis.XceiverServerRatis (XceiverServerRatis.java:start(414)) - XceiverServerRatis 02fdabdd-783b-4687-aaad-f4e6848c1dc1 is started using port 41420
2019-08-23 10:04:15,554 [Datanode State Machine Thread - 0] INFO  server.XceiverServerGrpc (XceiverServerGrpc.java:start(161)) - XceiverServerGrpc 02fdabdd-783b-4687-aaad-f4e6848c1dc1 is started using port 33882
2019-08-23 10:04:15,659 [main] INFO  ozone.MiniOzoneClusterImpl (MiniOzoneClusterImpl.java:lambda$waitForClusterToBeReady$0(142)) - Waiting for cluster to be ready. Got 0 of 7 DN Heartbeats.
2019-08-23 10:04:16,023 | INFO  | SCMAudit | user=jenkins1000 | ip=192.168.34.11 | op=GET_VERSION null | ret=SUCCESS |  
2019-08-23 10:04:16,038 [Datanode State Machine Thread - 0] INFO  ozoneimpl.OzoneContainer (OzoneContainer.java:start(186)) - Attempting to start container services.
2019-08-23 10:04:16,038 [Datanode State Machine Thread - 0] INFO  ozoneimpl.OzoneContainer (OzoneContainer.java:startContainerScrub(160)) - Background container scrubber has been disabled by hdds.containerscrub.enabled
2019-08-23 10:04:16,038 [Datanode State Machine Thread - 0] INFO  ratis.XceiverServerRatis (XceiverServerRatis.java:start(404)) - Starting XceiverServerRatis 2d79817c-83ab-4b4b-a173-9d1d58553336 at port 0
2019-08-23 10:04:16,047 [Datanode State Machine Thread - 0] INFO  impl.RaftServerProxy (RaftServerProxy.java:lambda$start$3(299)) - 2d79817c-83ab-4b4b-a173-9d1d58553336: start RPC server
2019-08-23 10:04:16,048 [Datanode State Machine Thread - 0] INFO  server.GrpcService (GrpcService.java:startImpl(149)) - 2d79817c-83ab-4b4b-a173-9d1d58553336: GrpcService started, listening on 0.0.0.0/0.0.0.0:36277
2019-08-23 10:04:16,048 [Datanode State Machine Thread - 0] INFO  ratis.XceiverServerRatis (XceiverServerRatis.java:start(414)) - XceiverServerRatis 2d79817c-83ab-4b4b-a173-9d1d58553336 is started using port 36277
2019-08-23 10:04:16,049 [Datanode State Machine Thread - 0] INFO  server.XceiverServerGrpc (XceiverServerGrpc.java:start(161)) - XceiverServerGrpc 2d79817c-83ab-4b4b-a173-9d1d58553336 is started using port 35747
2019-08-23 10:04:16,213 | INFO  | SCMAudit | user=jenkins1000 | ip=192.168.34.11 | op=GET_VERSION null | ret=SUCCESS |  
2019-08-23 10:04:16,228 [Datanode State Machine Thread - 0] INFO  ozoneimpl.OzoneContainer (OzoneContainer.java:start(186)) - Attempting to start container services.
2019-08-23 10:04:16,228 [Datanode State Machine Thread - 0] INFO  ozoneimpl.OzoneContainer (OzoneContainer.java:startContainerScrub(160)) - Background container scrubber has been disabled by hdds.containerscrub.enabled
2019-08-23 10:04:16,228 [Datanode State Machine Thread - 0] INFO  ratis.XceiverServerRatis (XceiverServerRatis.java:start(404)) - Starting XceiverServerRatis c59437e1-9416-4eae-8424-f47ceed6fd18 at port 0
2019-08-23 10:04:16,237 [Datanode State Machine Thread - 0] INFO  impl.RaftServerProxy (RaftServerProxy.java:lambda$start$3(299)) - c59437e1-9416-4eae-8424-f47ceed6fd18: start RPC server
2019-08-23 10:04:16,238 [Datanode State Machine Thread - 0] INFO  server.GrpcService (GrpcService.java:startImpl(149)) - c59437e1-9416-4eae-8424-f47ceed6fd18: GrpcService started, listening on 0.0.0.0/0.0.0.0:33751
2019-08-23 10:04:16,238 [Datanode State Machine Thread - 0] INFO  ratis.XceiverServerRatis (XceiverServerRatis.java:start(414)) - XceiverServerRatis c59437e1-9416-4eae-8424-f47ceed6fd18 is started using port 33751
2019-08-23 10:04:16,238 [Datanode State Machine Thread - 0] INFO  server.XceiverServerGrpc (XceiverServerGrpc.java:start(161)) - XceiverServerGrpc c59437e1-9416-4eae-8424-f47ceed6fd18 is started using port 33518
2019-08-23 10:04:16,447 | INFO  | SCMAudit | user=jenkins1000 | ip=192.168.34.11 | op=GET_VERSION null | ret=SUCCESS |  
2019-08-23 10:04:16,461 [Datanode State Machine Thread - 0] INFO  ozoneimpl.OzoneContainer (OzoneContainer.java:start(186)) - Attempting to start container services.
2019-08-23 10:04:16,462 [Datanode State Machine Thread - 0] INFO  ozoneimpl.OzoneContainer (OzoneContainer.java:startContainerScrub(160)) - Background container scrubber has been disabled by hdds.containerscrub.enabled
2019-08-23 10:04:16,462 [Datanode State Machine Thread - 0] INFO  ratis.XceiverServerRatis (XceiverServerRatis.java:start(404)) - Starting XceiverServerRatis 2e3457a7-9f76-45fb-9b7b-9eb45e0d8c5c at port 0
2019-08-23 10:04:16,473 [Datanode State Machine Thread - 0] INFO  impl.RaftServerProxy (RaftServerProxy.java:lambda$start$3(299)) - 2e3457a7-9f76-45fb-9b7b-9eb45e0d8c5c: start RPC server
2019-08-23 10:04:16,475 [Datanode State Machine Thread - 0] INFO  server.GrpcService (GrpcService.java:startImpl(149)) - 2e3457a7-9f76-45fb-9b7b-9eb45e0d8c5c: GrpcService started, listening on 0.0.0.0/0.0.0.0:36212
2019-08-23 10:04:16,476 [Datanode State Machine Thread - 0] INFO  ratis.XceiverServerRatis (XceiverServerRatis.java:start(414)) - XceiverServerRatis 2e3457a7-9f76-45fb-9b7b-9eb45e0d8c5c is started using port 36212
2019-08-23 10:04:16,481 [Datanode State Machine Thread - 0] INFO  server.XceiverServerGrpc (XceiverServerGrpc.java:start(161)) - XceiverServerGrpc 2e3457a7-9f76-45fb-9b7b-9eb45e0d8c5c is started using port 34296
2019-08-23 10:04:16,660 [main] INFO  ozone.MiniOzoneClusterImpl (MiniOzoneClusterImpl.java:lambda$waitForClusterToBeReady$0(142)) - Waiting for cluster to be ready. Got 0 of 7 DN Heartbeats.
2019-08-23 10:04:16,662 | INFO  | SCMAudit | user=jenkins1000 | ip=192.168.34.11 | op=GET_VERSION null | ret=SUCCESS |  
2019-08-23 10:04:16,677 [Datanode State Machine Thread - 0] INFO  ozoneimpl.OzoneContainer (OzoneContainer.java:start(186)) - Attempting to start container services.
2019-08-23 10:04:16,677 [Datanode State Machine Thread - 0] INFO  ozoneimpl.OzoneContainer (OzoneContainer.java:startContainerScrub(160)) - Background container scrubber has been disabled by hdds.containerscrub.enabled
2019-08-23 10:04:16,677 [Datanode State Machine Thread - 0] INFO  ratis.XceiverServerRatis (XceiverServerRatis.java:start(404)) - Starting XceiverServerRatis 7b18dc38-9e45-4799-92bc-3e52050f2105 at port 0
2019-08-23 10:04:16,684 [Datanode State Machine Thread - 0] INFO  impl.RaftServerProxy (RaftServerProxy.java:lambda$start$3(299)) - 7b18dc38-9e45-4799-92bc-3e52050f2105: start RPC server
2019-08-23 10:04:16,685 [Datanode State Machine Thread - 0] INFO  server.GrpcService (GrpcService.java:startImpl(149)) - 7b18dc38-9e45-4799-92bc-3e52050f2105: GrpcService started, listening on 0.0.0.0/0.0.0.0:39779
2019-08-23 10:04:16,685 [Datanode State Machine Thread - 0] INFO  ratis.XceiverServerRatis (XceiverServerRatis.java:start(414)) - XceiverServerRatis 7b18dc38-9e45-4799-92bc-3e52050f2105 is started using port 39779
2019-08-23 10:04:16,686 [Datanode State Machine Thread - 0] INFO  server.XceiverServerGrpc (XceiverServerGrpc.java:start(161)) - XceiverServerGrpc 7b18dc38-9e45-4799-92bc-3e52050f2105 is started using port 46126
2019-08-23 10:04:17,159 [IPC Server handler 3 on 42369] INFO  net.NetworkTopology (NetworkTopologyImpl.java:add(110)) - Added a new node: /default-rack/b7c5b48b-9294-4513-a286-a41a16d1a2cb
2019-08-23 10:04:17,163 [IPC Server handler 3 on 42369] INFO  node.SCMNodeManager (SCMNodeManager.java:register(273)) - Registered Data node : b7c5b48b-9294-4513-a286-a41a16d1a2cb{ip: 192.168.34.11, host: pr-hdds-1094-r7kqq-4265743569, networkLocation: /default-rack, certSerialId: null}
2019-08-23 10:04:17,164 [EventQueue-NodeRegistrationContainerReportForDataNodeSafeModeRule] INFO  safemode.SCMSafeModeManager (DataNodeSafeModeRule.java:process(71)) - SCM in safe mode. 1 DataNodes registered, 1 required.
2019-08-23 10:04:17,165 | INFO  | SCMAudit | user=jenkins1000 | ip=192.168.34.11 | op=REGISTER {datanodeDetails=b7c5b48b-9294-4513-a286-a41a16d1a2cb{ip: 192.168.34.11, host: pr-hdds-1094-r7kqq-4265743569, networkLocation: /default-rack, certSerialId: null}} | ret=SUCCESS |  
2019-08-23 10:04:17,167 [EventQueue-NodeRegistrationContainerReportForDataNodeSafeModeRule] INFO  safemode.SCMSafeModeManager (SCMSafeModeManager.java:validateSafeModeExitRules(177)) - ScmSafeModeManager, all rules are successfully validated
2019-08-23 10:04:17,167 [EventQueue-NodeRegistrationContainerReportForDataNodeSafeModeRule] INFO  safemode.SCMSafeModeManager (SCMSafeModeManager.java:exitSafeMode(193)) - SCM exiting safe mode.
2019-08-23 10:04:17,209 [grpc-default-executor-7] INFO  impl.RaftServerProxy (RaftServerProxy.java:addNew(89)) - b7c5b48b-9294-4513-a286-a41a16d1a2cb: addNew group-CB8AA7B21326:[b7c5b48b-9294-4513-a286-a41a16d1a2cb:192.168.34.11:32823] returns group-CB8AA7B21326:java.util.concurrent.CompletableFuture@e6356c4[Not completed]
2019-08-23 10:04:17,212 [pool-439-thread-1] INFO  impl.RaftServerImpl (RaftServerImpl.java:<init>(93)) - b7c5b48b-9294-4513-a286-a41a16d1a2cb: new RaftServerImpl for group-CB8AA7B21326:[b7c5b48b-9294-4513-a286-a41a16d1a2cb:192.168.34.11:32823] with ContainerStateMachine:uninitialized
2019-08-23 10:04:17,212 [pool-439-thread-1] INFO  server.RaftServerConfigKeys (ConfUtils.java:logGet(43)) - raft.server.rpc.timeout.min = 5s (custom)
2019-08-23 10:04:17,212 [pool-439-thread-1] INFO  server.RaftServerConfigKeys (ConfUtils.java:logGet(43)) - raft.server.rpc.timeout.max = 5200ms (custom)
2019-08-23 10:04:17,212 [pool-439-thread-1] INFO  server.RaftServerConfigKeys (ConfUtils.java:logGet(43)) - raft.server.rpcslowness.timeout = 120s (custom)
2019-08-23 10:04:17,213 [pool-439-thread-1] INFO  server.RaftServerConfigKeys (ConfUtils.java:logGet(43)) - raft.server.sleep.deviation.threshold = 300 (default)
2019-08-23 10:04:17,213 [pool-439-thread-1] INFO  server.RaftServerConfigKeys (ConfUtils.java:logGet(43)) - raft.server.log.appender.install.snapshot.enabled = false (custom)
2019-08-23 10:04:17,213 [pool-439-thread-1] INFO  impl.RaftServerImpl (ServerState.java:<init>(105)) - b7c5b48b-9294-4513-a286-a41a16d1a2cb:group-CB8AA7B21326 ConfigurationManager, init=-1: [b7c5b48b-9294-4513-a286-a41a16d1a2cb:192.168.34.11:32823], old=null, confs=<EMPTY_MAP>
2019-08-23 10:04:17,213 [pool-439-thread-1] INFO  server.RaftServerConfigKeys (ConfUtils.java:logGet(43)) - raft.server.storage.dir = [/workdir/hadoop-ozone/integration-test/target/test-dir/MiniOzoneClusterImpl-e3530e56-8be5-4e35-b41d-e6108e761a1d/datanode-0/data/ratis] (custom)
2019-08-23 10:04:17,214 [pool-439-thread-1] INFO  storage.RaftStorageDirectory (RaftStorageDirectory.java:analyzeStorage(246)) - The storage directory /workdir/hadoop-ozone/integration-test/target/test-dir/MiniOzoneClusterImpl-e3530e56-8be5-4e35-b41d-e6108e761a1d/datanode-0/data/ratis/d33762d1-a1a6-45fc-8580-cb8aa7b21326 does not exist. Creating ...
2019-08-23 10:04:17,227 [pool-439-thread-1] INFO  storage.RaftStorageDirectory (RaftStorageDirectory.java:tryLock(328)) - Lock on /workdir/hadoop-ozone/integration-test/target/test-dir/MiniOzoneClusterImpl-e3530e56-8be5-4e35-b41d-e6108e761a1d/datanode-0/data/ratis/d33762d1-a1a6-45fc-8580-cb8aa7b21326/in_use.lock acquired by nodename 11954@pr-hdds-1094-r7kqq-4265743569
2019-08-23 10:04:17,241 [pool-439-thread-1] INFO  storage.RaftStorage (RaftStorage.java:format(72)) - Storage directory /workdir/hadoop-ozone/integration-test/target/test-dir/MiniOzoneClusterImpl-e3530e56-8be5-4e35-b41d-e6108e761a1d/datanode-0/data/ratis/d33762d1-a1a6-45fc-8580-cb8aa7b21326 has been successfully formatted.
2019-08-23 10:04:17,242 [pool-439-thread-1] INFO  ratis.ContainerStateMachine (ContainerStateMachine.java:loadSnapshot(226)) - group-CB8AA7B21326: The snapshot info is null. Setting the last applied indexto:(t:0, i:~)
2019-08-23 10:04:17,242 [pool-439-thread-1] INFO  server.RaftServerConfigKeys (ConfUtils.java:logGet(43)) - raft.server.leader.election.timeout = 120s (custom)
2019-08-23 10:04:17,242 [pool-439-thread-1] INFO  server.RaftServerConfigKeys (ConfUtils.java:logGet(43)) - raft.server.log.use.memory = false (default)
2019-08-23 10:04:17,242 [pool-439-thread-1] INFO  server.RaftServerConfigKeys (ConfUtils.java:logGet(43)) - raft.server.log.purge.gap = 1000000 (custom)
2019-08-23 10:04:17,242 [pool-439-thread-1] INFO  server.RaftServerConfigKeys (ConfUtils.java:logGet(43)) - raft.server.log.appender.buffer.byte-limit = 33554432 (custom)
2019-08-23 10:04:17,242 [pool-439-thread-1] INFO  server.RaftServerConfigKeys (ConfUtils.java:logGet(43)) - raft.server.log.segment.size.max = 1048576 (custom)
2019-08-23 10:04:17,243 [pool-439-thread-1] INFO  server.RaftServerConfigKeys (ConfUtils.java:logGet(43)) - raft.server.log.segment.cache.num.max = 2 (custom)
2019-08-23 10:04:17,243 [pool-439-thread-1] INFO  segmented.SegmentedRaftLogWorker (SegmentedRaftLogWorker.java:<init>(172)) - new b7c5b48b-9294-4513-a286-a41a16d1a2cb-SegmentedRaftLogWorker:Storage Directory /workdir/hadoop-ozone/integration-test/target/test-dir/MiniOzoneClusterImpl-e3530e56-8be5-4e35-b41d-e6108e761a1d/datanode-0/data/ratis/d33762d1-a1a6-45fc-8580-cb8aa7b21326 for RaftStorage:Storage Directory /workdir/hadoop-ozone/integration-test/target/test-dir/MiniOzoneClusterImpl-e3530e56-8be5-4e35-b41d-e6108e761a1d/datanode-0/data/ratis/d33762d1-a1a6-45fc-8580-cb8aa7b21326
2019-08-23 10:04:17,243 [pool-439-thread-1] INFO  server.RaftServerConfigKeys (ConfUtils.java:logGet(43)) - raft.server.log.queue.byte-limit = 2147483647 (custom)
2019-08-23 10:04:17,243 [pool-439-thread-1] INFO  server.RaftServerConfigKeys (ConfUtils.java:logGet(43)) - raft.server.log.queue.element-limit = 1024 (custom)
2019-08-23 10:04:17,244 [pool-439-thread-1] INFO  server.RaftServerConfigKeys (ConfUtils.java:logGet(43)) - raft.server.log.segment.size.max = 1048576 (custom)
2019-08-23 10:04:17,244 [pool-439-thread-1] INFO  server.RaftServerConfigKeys (ConfUtils.java:logGet(43)) - raft.server.log.preallocated.size = 16384 (custom)
2019-08-23 10:04:17,244 [pool-439-thread-1] INFO  server.RaftServerConfigKeys (ConfUtils.java:logGet(43)) - raft.server.log.write.buffer.size = 33554432 (custom)
2019-08-23 10:04:17,244 [pool-439-thread-1] INFO  server.RaftServerConfigKeys (ConfUtils.java:logGet(43)) - raft.server.log.force.sync.num = 128 (default)
2019-08-23 10:04:17,245 [pool-439-thread-1] INFO  server.RaftServerConfigKeys (ConfUtils.java:logGet(43)) - raft.server.log.statemachine.data.sync = true (default)
2019-08-23 10:04:17,245 [pool-439-thread-1] INFO  server.RaftServerConfigKeys (ConfUtils.java:logGet(43)) - raft.server.log.statemachine.data.sync.timeout = 10s (default)
2019-08-23 10:04:17,245 [pool-439-thread-1] INFO  server.RaftServerConfigKeys (ConfUtils.java:logGet(43)) - raft.server.log.statemachine.data.sync.timeout.retry = -1 (default)
2019-08-23 10:04:17,245 [pool-439-thread-1] INFO  server.RaftServerConfigKeys (ConfUtils.java:logGet(43)) - raft.server.log.statemachine.data.caching.enabled = true (custom)
2019-08-23 10:04:17,246 [pool-439-thread-1] INFO  segmented.SegmentedRaftLogWorker (SegmentedRaftLogWorker.java:lambda$new$0(132)) - b7c5b48b-9294-4513-a286-a41a16d1a2cb-SegmentedRaftLogWorker:Storage Directory /workdir/hadoop-ozone/integration-test/target/test-dir/MiniOzoneClusterImpl-e3530e56-8be5-4e35-b41d-e6108e761a1d/datanode-0/data/ratis/d33762d1-a1a6-45fc-8580-cb8aa7b21326: flushIndex: setUnconditionally 0 -> -1
2019-08-23 10:04:17,246 [pool-439-thread-1] INFO  server.RaftServerConfigKeys (ConfUtils.java:logGet(43)) - raft.server.snapshot.auto.trigger.enabled = true (custom)
2019-08-23 10:04:17,246 [pool-439-thread-1] INFO  server.RaftServerConfigKeys (ConfUtils.java:logGet(43)) - raft.server.snapshot.auto.trigger.threshold = 10000 (custom)
2019-08-23 10:04:17,247 [pool-439-thread-1] INFO  server.RaftServerConfigKeys (ConfUtils.java:logGet(43)) - raft.server.retrycache.expirytime = 600000ms (custom)
2019-08-23 10:04:17,247 [pool-439-thread-1] INFO  impl.RaftServerImpl (RaftServerImpl.java:start(180)) - b7c5b48b-9294-4513-a286-a41a16d1a2cb: start group-CB8AA7B21326
2019-08-23 10:04:17,247 [pool-439-thread-1] INFO  impl.RaftServerImpl (RaftServerImpl.java:setRole(171)) - b7c5b48b-9294-4513-a286-a41a16d1a2cb:group-CB8AA7B21326 changes role from null to FOLLOWER at term 0 for startAsFollower
2019-08-23 10:04:17,247 [pool-439-thread-1] INFO  impl.RoleInfo (RoleInfo.java:updateAndGet(143)) - b7c5b48b-9294-4513-a286-a41a16d1a2cb: start FollowerState
2019-08-23 10:04:17,249 [pool-439-thread-1] INFO  util.JmxRegister (JmxRegister.java:tryRegister(44)) - Successfully registered JMX Bean with object name Ratis:service=RaftServer,group=group-CB8AA7B21326,id=b7c5b48b-9294-4513-a286-a41a16d1a2cb
2019-08-23 10:04:17,257 [RatisPipelineUtilsThread] INFO  pipeline.PipelineStateManager (PipelineStateManager.java:addPipeline(56)) - Created pipeline Pipeline[ Id: d33762d1-a1a6-45fc-8580-cb8aa7b21326, Nodes: b7c5b48b-9294-4513-a286-a41a16d1a2cb{ip: 192.168.34.11, host: pr-hdds-1094-r7kqq-4265743569, networkLocation: /default-rack, certSerialId: null}, Type:RATIS, Factor:ONE, State:OPEN]
2019-08-23 10:04:17,338 [IPC Server handler 0 on 42369] INFO  net.NetworkTopology (NetworkTopologyImpl.java:add(110)) - Added a new node: /default-rack/c9e7da90-c5a5-4808-9794-4305bac07bb7
2019-08-23 10:04:17,339 [IPC Server handler 0 on 42369] INFO  node.SCMNodeManager (SCMNodeManager.java:register(273)) - Registered Data node : c9e7da90-c5a5-4808-9794-4305bac07bb7{ip: 192.168.34.11, host: pr-hdds-1094-r7kqq-4265743569, networkLocation: /default-rack, certSerialId: null}
2019-08-23 10:04:17,339 | INFO  | SCMAudit | user=jenkins1000 | ip=192.168.34.11 | op=REGISTER {datanodeDetails=c9e7da90-c5a5-4808-9794-4305bac07bb7{ip: 192.168.34.11, host: pr-hdds-1094-r7kqq-4265743569, networkLocation: /default-rack, certSerialId: null}} | ret=SUCCESS |  
2019-08-23 10:04:17,347 [grpc-default-executor-7] INFO  impl.RaftServerProxy (RaftServerProxy.java:addNew(89)) - c9e7da90-c5a5-4808-9794-4305bac07bb7: addNew group-5C2BD173F44D:[c9e7da90-c5a5-4808-9794-4305bac07bb7:192.168.34.11:34916] returns group-5C2BD173F44D:java.util.concurrent.CompletableFuture@53f3bea3[Not completed]
2019-08-23 10:04:17,348 [pool-450-thread-1] INFO  impl.RaftServerImpl (RaftServerImpl.java:<init>(93)) - c9e7da90-c5a5-4808-9794-4305bac07bb7: new RaftServerImpl for group-5C2BD173F44D:[c9e7da90-c5a5-4808-9794-4305bac07bb7:192.168.34.11:34916] with ContainerStateMachine:uninitialized
2019-08-23 10:04:17,349 [pool-450-thread-1] INFO  server.RaftServerConfigKeys (ConfUtils.java:logGet(43)) - raft.server.rpc.timeout.min = 5s (custom)
2019-08-23 10:04:17,349 [pool-450-thread-1] INFO  server.RaftServerConfigKeys (ConfUtils.java:logGet(43)) - raft.server.rpc.timeout.max = 5200ms (custom)
2019-08-23 10:04:17,349 [pool-450-thread-1] INFO  server.RaftServerConfigKeys (ConfUtils.java:logGet(43)) - raft.server.rpcslowness.timeout = 120s (custom)
2019-08-23 10:04:17,349 [pool-450-thread-1] INFO  server.RaftServerConfigKeys (ConfUtils.java:logGet(43)) - raft.server.sleep.deviation.threshold = 300 (default)
2019-08-23 10:04:17,349 [pool-450-thread-1] INFO  server.RaftServerConfigKeys (ConfUtils.java:logGet(43)) - raft.server.log.appender.install.snapshot.enabled = false (custom)
2019-08-23 10:04:17,349 [pool-450-thread-1] INFO  impl.RaftServerImpl (ServerState.java:<init>(105)) - c9e7da90-c5a5-4808-9794-4305bac07bb7:group-5C2BD173F44D ConfigurationManager, init=-1: [c9e7da90-c5a5-4808-9794-4305bac07bb7:192.168.34.11:34916], old=null, confs=<EMPTY_MAP>
2019-08-23 10:04:17,350 [pool-450-thread-1] INFO  server.RaftServerConfigKeys (ConfUtils.java:logGet(43)) - raft.server.storage.dir = [/workdir/hadoop-ozone/integration-test/target/test-dir/MiniOzoneClusterImpl-e3530e56-8be5-4e35-b41d-e6108e761a1d/datanode-1/data/ratis] (custom)
2019-08-23 10:04:17,350 [pool-450-thread-1] INFO  storage.RaftStorageDirectory (RaftStorageDirectory.java:analyzeStorage(246)) - The storage directory /workdir/hadoop-ozone/integration-test/target/test-dir/MiniOzoneClusterImpl-e3530e56-8be5-4e35-b41d-e6108e761a1d/datanode-1/data/ratis/3f04f343-442b-41c1-833b-5c2bd173f44d does not exist. Creating ...
2019-08-23 10:04:17,363 [pool-450-thread-1] INFO  storage.RaftStorageDirectory (RaftStorageDirectory.java:tryLock(328)) - Lock on /workdir/hadoop-ozone/integration-test/target/test-dir/MiniOzoneClusterImpl-e3530e56-8be5-4e35-b41d-e6108e761a1d/datanode-1/data/ratis/3f04f343-442b-41c1-833b-5c2bd173f44d/in_use.lock acquired by nodename 11954@pr-hdds-1094-r7kqq-4265743569
2019-08-23 10:04:17,376 [pool-450-thread-1] INFO  storage.RaftStorage (RaftStorage.java:format(72)) - Storage directory /workdir/hadoop-ozone/integration-test/target/test-dir/MiniOzoneClusterImpl-e3530e56-8be5-4e35-b41d-e6108e761a1d/datanode-1/data/ratis/3f04f343-442b-41c1-833b-5c2bd173f44d has been successfully formatted.
2019-08-23 10:04:17,377 [pool-450-thread-1] INFO  ratis.ContainerStateMachine (ContainerStateMachine.java:loadSnapshot(226)) - group-5C2BD173F44D: The snapshot info is null. Setting the last applied indexto:(t:0, i:~)
2019-08-23 10:04:17,377 [pool-450-thread-1] INFO  server.RaftServerConfigKeys (ConfUtils.java:logGet(43)) - raft.server.leader.election.timeout = 120s (custom)
2019-08-23 10:04:17,377 [pool-450-thread-1] INFO  server.RaftServerConfigKeys (ConfUtils.java:logGet(43)) - raft.server.log.use.memory = false (default)
2019-08-23 10:04:17,377 [pool-450-thread-1] INFO  server.RaftServerConfigKeys (ConfUtils.java:logGet(43)) - raft.server.log.purge.gap = 1000000 (custom)
2019-08-23 10:04:17,377 [pool-450-thread-1] INFO  server.RaftServerConfigKeys (ConfUtils.java:logGet(43)) - raft.server.log.appender.buffer.byte-limit = 33554432 (custom)
2019-08-23 10:04:17,377 [pool-450-thread-1] INFO  server.RaftServerConfigKeys (ConfUtils.java:logGet(43)) - raft.server.log.segment.size.max = 1048576 (custom)
2019-08-23 10:04:17,377 [pool-450-thread-1] INFO  server.RaftServerConfigKeys (ConfUtils.java:logGet(43)) - raft.server.log.segment.cache.num.max = 2 (custom)
2019-08-23 10:04:17,378 [pool-450-thread-1] INFO  segmented.SegmentedRaftLogWorker (SegmentedRaftLogWorker.java:<init>(172)) - new c9e7da90-c5a5-4808-9794-4305bac07bb7-SegmentedRaftLogWorker:Storage Directory /workdir/hadoop-ozone/integration-test/target/test-dir/MiniOzoneClusterImpl-e3530e56-8be5-4e35-b41d-e6108e761a1d/datanode-1/data/ratis/3f04f343-442b-41c1-833b-5c2bd173f44d for RaftStorage:Storage Directory /workdir/hadoop-ozone/integration-test/target/test-dir/MiniOzoneClusterImpl-e3530e56-8be5-4e35-b41d-e6108e761a1d/datanode-1/data/ratis/3f04f343-442b-41c1-833b-5c2bd173f44d
2019-08-23 10:04:17,378 [pool-450-thread-1] INFO  server.RaftServerConfigKeys (ConfUtils.java:logGet(43)) - raft.server.log.queue.byte-limit = 2147483647 (custom)
2019-08-23 10:04:17,378 [pool-450-thread-1] INFO  server.RaftServerConfigKeys (ConfUtils.java:logGet(43)) - raft.server.log.queue.element-limit = 1024 (custom)
2019-08-23 10:04:17,378 [pool-450-thread-1] INFO  server.RaftServerConfigKeys (ConfUtils.java:logGet(43)) - raft.server.log.segment.size.max = 1048576 (custom)
2019-08-23 10:04:17,378 [pool-450-thread-1] INFO  server.RaftServerConfigKeys (ConfUtils.java:logGet(43)) - raft.server.log.preallocated.size = 16384 (custom)
2019-08-23 10:04:17,378 [pool-450-thread-1] INFO  server.RaftServerConfigKeys (ConfUtils.java:logGet(43)) - raft.server.log.write.buffer.size = 33554432 (custom)
2019-08-23 10:04:17,379 [pool-450-thread-1] INFO  server.RaftServerConfigKeys (ConfUtils.java:logGet(43)) - raft.server.log.force.sync.num = 128 (default)
2019-08-23 10:04:17,379 [pool-450-thread-1] INFO  server.RaftServerConfigKeys (ConfUtils.java:logGet(43)) - raft.server.log.statemachine.data.sync = true (default)
2019-08-23 10:04:17,379 [pool-450-thread-1] INFO  server.RaftServerConfigKeys (ConfUtils.java:logGet(43)) - raft.server.log.statemachine.data.sync.timeout = 10s (default)
2019-08-23 10:04:17,379 [pool-450-thread-1] INFO  server.RaftServerConfigKeys (ConfUtils.java:logGet(43)) - raft.server.log.statemachine.data.sync.timeout.retry = -1 (default)
2019-08-23 10:04:17,379 [pool-450-thread-1] INFO  server.RaftServerConfigKeys (ConfUtils.java:logGet(43)) - raft.server.log.statemachine.data.caching.enabled = true (custom)
2019-08-23 10:04:17,380 [pool-450-thread-1] INFO  segmented.SegmentedRaftLogWorker (SegmentedRaftLogWorker.java:lambda$new$0(132)) - c9e7da90-c5a5-4808-9794-4305bac07bb7-SegmentedRaftLogWorker:Storage Directory /workdir/hadoop-ozone/integration-test/target/test-dir/MiniOzoneClusterImpl-e3530e56-8be5-4e35-b41d-e6108e761a1d/datanode-1/data/ratis/3f04f343-442b-41c1-833b-5c2bd173f44d: flushIndex: setUnconditionally 0 -> -1
2019-08-23 10:04:17,380 [pool-450-thread-1] INFO  server.RaftServerConfigKeys (ConfUtils.java:logGet(43)) - raft.server.snapshot.auto.trigger.enabled = true (custom)
2019-08-23 10:04:17,380 [pool-450-thread-1] INFO  server.RaftServerConfigKeys (ConfUtils.java:logGet(43)) - raft.server.snapshot.auto.trigger.threshold = 10000 (custom)
2019-08-23 10:04:17,380 [pool-450-thread-1] INFO  server.RaftServerConfigKeys (ConfUtils.java:logGet(43)) - raft.server.retrycache.expirytime = 600000ms (custom)
2019-08-23 10:04:17,381 [pool-450-thread-1] INFO  impl.RaftServerImpl (RaftServerImpl.java:start(180)) - c9e7da90-c5a5-4808-9794-4305bac07bb7: start group-5C2BD173F44D
2019-08-23 10:04:17,381 [pool-450-thread-1] INFO  impl.RaftServerImpl (RaftServerImpl.java:setRole(171)) - c9e7da90-c5a5-4808-9794-4305bac07bb7:group-5C2BD173F44D changes role from null to FOLLOWER at term 0 for startAsFollower
2019-08-23 10:04:17,381 [pool-450-thread-1] INFO  impl.RoleInfo (RoleInfo.java:updateAndGet(143)) - c9e7da90-c5a5-4808-9794-4305bac07bb7: start FollowerState
2019-08-23 10:04:17,381 [pool-450-thread-1] INFO  util.JmxRegister (JmxRegister.java:tryRegister(44)) - Successfully registered JMX Bean with object name Ratis:service=RaftServer,group=group-5C2BD173F44D,id=c9e7da90-c5a5-4808-9794-4305bac07bb7
2019-08-23 10:04:17,387 [RatisPipelineUtilsThread] INFO  pipeline.PipelineStateManager (PipelineStateManager.java:addPipeline(56)) - Created pipeline Pipeline[ Id: 3f04f343-442b-41c1-833b-5c2bd173f44d, Nodes: c9e7da90-c5a5-4808-9794-4305bac07bb7{ip: 192.168.34.11, host: pr-hdds-1094-r7kqq-4265743569, networkLocation: /default-rack, certSerialId: null}, Type:RATIS, Factor:ONE, State:OPEN]
2019-08-23 10:04:17,528 [IPC Server handler 2 on 42369] INFO  net.NetworkTopology (NetworkTopologyImpl.java:add(110)) - Added a new node: /default-rack/02fdabdd-783b-4687-aaad-f4e6848c1dc1
2019-08-23 10:04:17,529 [IPC Server handler 2 on 42369] INFO  node.SCMNodeManager (SCMNodeManager.java:register(273)) - Registered Data node : 02fdabdd-783b-4687-aaad-f4e6848c1dc1{ip: 192.168.34.11, host: pr-hdds-1094-r7kqq-4265743569, networkLocation: /default-rack, certSerialId: null}
2019-08-23 10:04:17,529 | INFO  | SCMAudit | user=jenkins1000 | ip=192.168.34.11 | op=REGISTER {datanodeDetails=02fdabdd-783b-4687-aaad-f4e6848c1dc1{ip: 192.168.34.11, host: pr-hdds-1094-r7kqq-4265743569, networkLocation: /default-rack, certSerialId: null}} | ret=SUCCESS |  
2019-08-23 10:04:17,537 [grpc-default-executor-7] INFO  impl.RaftServerProxy (RaftServerProxy.java:addNew(89)) - 02fdabdd-783b-4687-aaad-f4e6848c1dc1: addNew group-159EC24AEF19:[02fdabdd-783b-4687-aaad-f4e6848c1dc1:192.168.34.11:41420] returns group-159EC24AEF19:java.util.concurrent.CompletableFuture@492127e7[Not completed]
2019-08-23 10:04:17,538 [pool-461-thread-1] INFO  impl.RaftServerImpl (RaftServerImpl.java:<init>(93)) - 02fdabdd-783b-4687-aaad-f4e6848c1dc1: new RaftServerImpl for group-159EC24AEF19:[02fdabdd-783b-4687-aaad-f4e6848c1dc1:192.168.34.11:41420] with ContainerStateMachine:uninitialized
2019-08-23 10:04:17,539 [pool-461-thread-1] INFO  server.RaftServerConfigKeys (ConfUtils.java:logGet(43)) - raft.server.rpc.timeout.min = 5s (custom)
2019-08-23 10:04:17,539 [pool-461-thread-1] INFO  server.RaftServerConfigKeys (ConfUtils.java:logGet(43)) - raft.server.rpc.timeout.max = 5200ms (custom)
2019-08-23 10:04:17,539 [pool-461-thread-1] INFO  server.RaftServerConfigKeys (ConfUtils.java:logGet(43)) - raft.server.rpcslowness.timeout = 120s (custom)
2019-08-23 10:04:17,539 [pool-461-thread-1] INFO  server.RaftServerConfigKeys (ConfUtils.java:logGet(43)) - raft.server.sleep.deviation.threshold = 300 (default)
2019-08-23 10:04:17,539 [pool-461-thread-1] INFO  server.RaftServerConfigKeys (ConfUtils.java:logGet(43)) - raft.server.log.appender.install.snapshot.enabled = false (custom)
2019-08-23 10:04:17,539 [pool-461-thread-1] INFO  impl.RaftServerImpl (ServerState.java:<init>(105)) - 02fdabdd-783b-4687-aaad-f4e6848c1dc1:group-159EC24AEF19 ConfigurationManager, init=-1: [02fdabdd-783b-4687-aaad-f4e6848c1dc1:192.168.34.11:41420], old=null, confs=<EMPTY_MAP>
2019-08-23 10:04:17,540 [pool-461-thread-1] INFO  server.RaftServerConfigKeys (ConfUtils.java:logGet(43)) - raft.server.storage.dir = [/workdir/hadoop-ozone/integration-test/target/test-dir/MiniOzoneClusterImpl-e3530e56-8be5-4e35-b41d-e6108e761a1d/datanode-2/data/ratis] (custom)
2019-08-23 10:04:17,540 [pool-461-thread-1] INFO  storage.RaftStorageDirectory (RaftStorageDirectory.java:analyzeStorage(246)) - The storage directory /workdir/hadoop-ozone/integration-test/target/test-dir/MiniOzoneClusterImpl-e3530e56-8be5-4e35-b41d-e6108e761a1d/datanode-2/data/ratis/5cb4d287-dc28-4cc1-b2ee-159ec24aef19 does not exist. Creating ...
2019-08-23 10:04:17,553 [pool-461-thread-1] INFO  storage.RaftStorageDirectory (RaftStorageDirectory.java:tryLock(328)) - Lock on /workdir/hadoop-ozone/integration-test/target/test-dir/MiniOzoneClusterImpl-e3530e56-8be5-4e35-b41d-e6108e761a1d/datanode-2/data/ratis/5cb4d287-dc28-4cc1-b2ee-159ec24aef19/in_use.lock acquired by nodename 11954@pr-hdds-1094-r7kqq-4265743569
2019-08-23 10:04:17,568 [pool-461-thread-1] INFO  storage.RaftStorage (RaftStorage.java:format(72)) - Storage directory /workdir/hadoop-ozone/integration-test/target/test-dir/MiniOzoneClusterImpl-e3530e56-8be5-4e35-b41d-e6108e761a1d/datanode-2/data/ratis/5cb4d287-dc28-4cc1-b2ee-159ec24aef19 has been successfully formatted.
2019-08-23 10:04:17,568 [pool-461-thread-1] INFO  ratis.ContainerStateMachine (ContainerStateMachine.java:loadSnapshot(226)) - group-159EC24AEF19: The snapshot info is null. Setting the last applied indexto:(t:0, i:~)
2019-08-23 10:04:17,568 [pool-461-thread-1] INFO  server.RaftServerConfigKeys (ConfUtils.java:logGet(43)) - raft.server.leader.election.timeout = 120s (custom)
2019-08-23 10:04:17,568 [pool-461-thread-1] INFO  server.RaftServerConfigKeys (ConfUtils.java:logGet(43)) - raft.server.log.use.memory = false (default)
2019-08-23 10:04:17,569 [pool-461-thread-1] INFO  server.RaftServerConfigKeys (ConfUtils.java:logGet(43)) - raft.server.log.purge.gap = 1000000 (custom)
2019-08-23 10:04:17,569 [pool-461-thread-1] INFO  server.RaftServerConfigKeys (ConfUtils.java:logGet(43)) - raft.server.log.appender.buffer.byte-limit = 33554432 (custom)
2019-08-23 10:04:17,569 [pool-461-thread-1] INFO  server.RaftServerConfigKeys (ConfUtils.java:logGet(43)) - raft.server.log.segment.size.max = 1048576 (custom)
2019-08-23 10:04:17,569 [pool-461-thread-1] INFO  server.RaftServerConfigKeys (ConfUtils.java:logGet(43)) - raft.server.log.segment.cache.num.max = 2 (custom)
2019-08-23 10:04:17,569 [pool-461-thread-1] INFO  segmented.SegmentedRaftLogWorker (SegmentedRaftLogWorker.java:<init>(172)) - new 02fdabdd-783b-4687-aaad-f4e6848c1dc1-SegmentedRaftLogWorker:Storage Directory /workdir/hadoop-ozone/integration-test/target/test-dir/MiniOzoneClusterImpl-e3530e56-8be5-4e35-b41d-e6108e761a1d/datanode-2/data/ratis/5cb4d287-dc28-4cc1-b2ee-159ec24aef19 for RaftStorage:Storage Directory /workdir/hadoop-ozone/integration-test/target/test-dir/MiniOzoneClusterImpl-e3530e56-8be5-4e35-b41d-e6108e761a1d/datanode-2/data/ratis/5cb4d287-dc28-4cc1-b2ee-159ec24aef19
2019-08-23 10:04:17,569 [pool-461-thread-1] INFO  server.RaftServerConfigKeys (ConfUtils.java:logGet(43)) - raft.server.log.queue.byte-limit = 2147483647 (custom)
2019-08-23 10:04:17,569 [pool-461-thread-1] INFO  server.RaftServerConfigKeys (ConfUtils.java:logGet(43)) - raft.server.log.queue.element-limit = 1024 (custom)
2019-08-23 10:04:17,570 [pool-461-thread-1] INFO  server.RaftServerConfigKeys (ConfUtils.java:logGet(43)) - raft.server.log.segment.size.max = 1048576 (custom)
2019-08-23 10:04:17,570 [pool-461-thread-1] INFO  server.RaftServerConfigKeys (ConfUtils.java:logGet(43)) - raft.server.log.preallocated.size = 16384 (custom)
2019-08-23 10:04:17,570 [pool-461-thread-1] INFO  server.RaftServerConfigKeys (ConfUtils.java:logGet(43)) - raft.server.log.write.buffer.size = 33554432 (custom)
2019-08-23 10:04:17,570 [pool-461-thread-1] INFO  server.RaftServerConfigKeys (ConfUtils.java:logGet(43)) - raft.server.log.force.sync.num = 128 (default)
2019-08-23 10:04:17,570 [pool-461-thread-1] INFO  server.RaftServerConfigKeys (ConfUtils.java:logGet(43)) - raft.server.log.statemachine.data.sync = true (default)
2019-08-23 10:04:17,570 [pool-461-thread-1] INFO  server.RaftServerConfigKeys (ConfUtils.java:logGet(43)) - raft.server.log.statemachine.data.sync.timeout = 10s (default)
2019-08-23 10:04:17,570 [pool-461-thread-1] INFO  server.RaftServerConfigKeys (ConfUtils.java:logGet(43)) - raft.server.log.statemachine.data.sync.timeout.retry = -1 (default)
2019-08-23 10:04:17,571 [pool-461-thread-1] INFO  server.RaftServerConfigKeys (ConfUtils.java:logGet(43)) - raft.server.log.statemachine.data.caching.enabled = true (custom)
2019-08-23 10:04:17,571 [pool-461-thread-1] INFO  segmented.SegmentedRaftLogWorker (SegmentedRaftLogWorker.java:lambda$new$0(132)) - 02fdabdd-783b-4687-aaad-f4e6848c1dc1-SegmentedRaftLogWorker:Storage Directory /workdir/hadoop-ozone/integration-test/target/test-dir/MiniOzoneClusterImpl-e3530e56-8be5-4e35-b41d-e6108e761a1d/datanode-2/data/ratis/5cb4d287-dc28-4cc1-b2ee-159ec24aef19: flushIndex: setUnconditionally 0 -> -1
2019-08-23 10:04:17,571 [pool-461-thread-1] INFO  server.RaftServerConfigKeys (ConfUtils.java:logGet(43)) - raft.server.snapshot.auto.trigger.enabled = true (custom)
2019-08-23 10:04:17,571 [pool-461-thread-1] INFO  server.RaftServerConfigKeys (ConfUtils.java:logGet(43)) - raft.server.snapshot.auto.trigger.threshold = 10000 (custom)
2019-08-23 10:04:17,571 [pool-461-thread-1] INFO  server.RaftServerConfigKeys (ConfUtils.java:logGet(43)) - raft.server.retrycache.expirytime = 600000ms (custom)
2019-08-23 10:04:17,572 [pool-461-thread-1] INFO  impl.RaftServerImpl (RaftServerImpl.java:start(180)) - 02fdabdd-783b-4687-aaad-f4e6848c1dc1: start group-159EC24AEF19
2019-08-23 10:04:17,572 [pool-461-thread-1] INFO  impl.RaftServerImpl (RaftServerImpl.java:setRole(171)) - 02fdabdd-783b-4687-aaad-f4e6848c1dc1:group-159EC24AEF19 changes role from null to FOLLOWER at term 0 for startAsFollower
2019-08-23 10:04:17,572 [pool-461-thread-1] INFO  impl.RoleInfo (RoleInfo.java:updateAndGet(143)) - 02fdabdd-783b-4687-aaad-f4e6848c1dc1: start FollowerState
2019-08-23 10:04:17,572 [pool-461-thread-1] INFO  util.JmxRegister (JmxRegister.java:tryRegister(44)) - Successfully registered JMX Bean with object name Ratis:service=RaftServer,group=group-159EC24AEF19,id=02fdabdd-783b-4687-aaad-f4e6848c1dc1
2019-08-23 10:04:17,579 [RatisPipelineUtilsThread] INFO  pipeline.PipelineStateManager (PipelineStateManager.java:addPipeline(56)) - Created pipeline Pipeline[ Id: 5cb4d287-dc28-4cc1-b2ee-159ec24aef19, Nodes: 02fdabdd-783b-4687-aaad-f4e6848c1dc1{ip: 192.168.34.11, host: pr-hdds-1094-r7kqq-4265743569, networkLocation: /default-rack, certSerialId: null}, Type:RATIS, Factor:ONE, State:OPEN]
2019-08-23 10:04:17,590 [grpc-default-executor-9] INFO  impl.RaftServerProxy (RaftServerProxy.java:addNew(89)) - c9e7da90-c5a5-4808-9794-4305bac07bb7: addNew group-65AFFC1408D5:[02fdabdd-783b-4687-aaad-f4e6848c1dc1:192.168.34.11:41420, b7c5b48b-9294-4513-a286-a41a16d1a2cb:192.168.34.11:32823, c9e7da90-c5a5-4808-9794-4305bac07bb7:192.168.34.11:34916] returns group-65AFFC1408D5:java.util.concurrent.CompletableFuture@2912f60d[Not completed]
2019-08-23 10:04:17,590 [grpc-default-executor-7] INFO  impl.RaftServerProxy (RaftServerProxy.java:addNew(89)) - 02fdabdd-783b-4687-aaad-f4e6848c1dc1: addNew group-65AFFC1408D5:[02fdabdd-783b-4687-aaad-f4e6848c1dc1:192.168.34.11:41420, b7c5b48b-9294-4513-a286-a41a16d1a2cb:192.168.34.11:32823, c9e7da90-c5a5-4808-9794-4305bac07bb7:192.168.34.11:34916] returns group-65AFFC1408D5:java.util.concurrent.CompletableFuture@50b7783b[Not completed]
2019-08-23 10:04:17,590 [grpc-default-executor-4] INFO  impl.RaftServerProxy (RaftServerProxy.java:addNew(89)) - b7c5b48b-9294-4513-a286-a41a16d1a2cb: addNew group-65AFFC1408D5:[02fdabdd-783b-4687-aaad-f4e6848c1dc1:192.168.34.11:41420, b7c5b48b-9294-4513-a286-a41a16d1a2cb:192.168.34.11:32823, c9e7da90-c5a5-4808-9794-4305bac07bb7:192.168.34.11:34916] returns group-65AFFC1408D5:java.util.concurrent.CompletableFuture@723a46f6[Not completed]
2019-08-23 10:04:17,592 [pool-450-thread-1] INFO  impl.RaftServerImpl (RaftServerImpl.java:<init>(93)) - c9e7da90-c5a5-4808-9794-4305bac07bb7: new RaftServerImpl for group-65AFFC1408D5:[02fdabdd-783b-4687-aaad-f4e6848c1dc1:192.168.34.11:41420, b7c5b48b-9294-4513-a286-a41a16d1a2cb:192.168.34.11:32823, c9e7da90-c5a5-4808-9794-4305bac07bb7:192.168.34.11:34916] with ContainerStateMachine:uninitialized
2019-08-23 10:04:17,592 [pool-450-thread-1] INFO  server.RaftServerConfigKeys (ConfUtils.java:logGet(43)) - raft.server.rpc.timeout.min = 5s (custom)
2019-08-23 10:04:17,592 [pool-450-thread-1] INFO  server.RaftServerConfigKeys (ConfUtils.java:logGet(43)) - raft.server.rpc.timeout.max = 5200ms (custom)
2019-08-23 10:04:17,592 [pool-461-thread-1] INFO  impl.RaftServerImpl (RaftServerImpl.java:<init>(93)) - 02fdabdd-783b-4687-aaad-f4e6848c1dc1: new RaftServerImpl for group-65AFFC1408D5:[02fdabdd-783b-4687-aaad-f4e6848c1dc1:192.168.34.11:41420, b7c5b48b-9294-4513-a286-a41a16d1a2cb:192.168.34.11:32823, c9e7da90-c5a5-4808-9794-4305bac07bb7:192.168.34.11:34916] with ContainerStateMachine:uninitialized
2019-08-23 10:04:17,592 [pool-450-thread-1] INFO  server.RaftServerConfigKeys (ConfUtils.java:logGet(43)) - raft.server.rpcslowness.timeout = 120s (custom)
2019-08-23 10:04:17,592 [pool-461-thread-1] INFO  server.RaftServerConfigKeys (ConfUtils.java:logGet(43)) - raft.server.rpc.timeout.min = 5s (custom)
2019-08-23 10:04:17,593 [pool-450-thread-1] INFO  server.RaftServerConfigKeys (ConfUtils.java:logGet(43)) - raft.server.sleep.deviation.threshold = 300 (default)
2019-08-23 10:04:17,593 [pool-439-thread-1] INFO  impl.RaftServerImpl (RaftServerImpl.java:<init>(93)) - b7c5b48b-9294-4513-a286-a41a16d1a2cb: new RaftServerImpl for group-65AFFC1408D5:[02fdabdd-783b-4687-aaad-f4e6848c1dc1:192.168.34.11:41420, b7c5b48b-9294-4513-a286-a41a16d1a2cb:192.168.34.11:32823, c9e7da90-c5a5-4808-9794-4305bac07bb7:192.168.34.11:34916] with ContainerStateMachine:uninitialized
2019-08-23 10:04:17,593 [pool-461-thread-1] INFO  server.RaftServerConfigKeys (ConfUtils.java:logGet(43)) - raft.server.rpc.timeout.max = 5200ms (custom)
2019-08-23 10:04:17,593 [pool-439-thread-1] INFO  server.RaftServerConfigKeys (ConfUtils.java:logGet(43)) - raft.server.rpc.timeout.min = 5s (custom)
2019-08-23 10:04:17,593 [pool-450-thread-1] INFO  server.RaftServerConfigKeys (ConfUtils.java:logGet(43)) - raft.server.log.appender.install.snapshot.enabled = false (custom)
2019-08-23 10:04:17,593 [pool-439-thread-1] INFO  server.RaftServerConfigKeys (ConfUtils.java:logGet(43)) - raft.server.rpc.timeout.max = 5200ms (custom)
2019-08-23 10:04:17,593 [pool-461-thread-1] INFO  server.RaftServerConfigKeys (ConfUtils.java:logGet(43)) - raft.server.rpcslowness.timeout = 120s (custom)
2019-08-23 10:04:17,593 [pool-439-thread-1] INFO  server.RaftServerConfigKeys (ConfUtils.java:logGet(43)) - raft.server.rpcslowness.timeout = 120s (custom)
2019-08-23 10:04:17,593 [pool-450-thread-1] INFO  impl.RaftServerImpl (ServerState.java:<init>(105)) - c9e7da90-c5a5-4808-9794-4305bac07bb7:group-65AFFC1408D5 ConfigurationManager, init=-1: [02fdabdd-783b-4687-aaad-f4e6848c1dc1:192.168.34.11:41420, b7c5b48b-9294-4513-a286-a41a16d1a2cb:192.168.34.11:32823, c9e7da90-c5a5-4808-9794-4305bac07bb7:192.168.34.11:34916], old=null, confs=<EMPTY_MAP>
2019-08-23 10:04:17,593 [pool-439-thread-1] INFO  server.RaftServerConfigKeys (ConfUtils.java:logGet(43)) - raft.server.sleep.deviation.threshold = 300 (default)
2019-08-23 10:04:17,593 [pool-461-thread-1] INFO  server.RaftServerConfigKeys (ConfUtils.java:logGet(43)) - raft.server.sleep.deviation.threshold = 300 (default)
2019-08-23 10:04:17,594 [pool-439-thread-1] INFO  server.RaftServerConfigKeys (ConfUtils.java:logGet(43)) - raft.server.log.appender.install.snapshot.enabled = false (custom)
2019-08-23 10:04:17,594 [pool-450-thread-1] INFO  server.RaftServerConfigKeys (ConfUtils.java:logGet(43)) - raft.server.storage.dir = [/workdir/hadoop-ozone/integration-test/target/test-dir/MiniOzoneClusterImpl-e3530e56-8be5-4e35-b41d-e6108e761a1d/datanode-1/data/ratis] (custom)
2019-08-23 10:04:17,594 [pool-439-thread-1] INFO  impl.RaftServerImpl (ServerState.java:<init>(105)) - b7c5b48b-9294-4513-a286-a41a16d1a2cb:group-65AFFC1408D5 ConfigurationManager, init=-1: [02fdabdd-783b-4687-aaad-f4e6848c1dc1:192.168.34.11:41420, b7c5b48b-9294-4513-a286-a41a16d1a2cb:192.168.34.11:32823, c9e7da90-c5a5-4808-9794-4305bac07bb7:192.168.34.11:34916], old=null, confs=<EMPTY_MAP>
2019-08-23 10:04:17,594 [pool-461-thread-1] INFO  server.RaftServerConfigKeys (ConfUtils.java:logGet(43)) - raft.server.log.appender.install.snapshot.enabled = false (custom)
2019-08-23 10:04:17,594 [pool-439-thread-1] INFO  server.RaftServerConfigKeys (ConfUtils.java:logGet(43)) - raft.server.storage.dir = [/workdir/hadoop-ozone/integration-test/target/test-dir/MiniOzoneClusterImpl-e3530e56-8be5-4e35-b41d-e6108e761a1d/datanode-0/data/ratis] (custom)
2019-08-23 10:04:17,594 [pool-461-thread-1] INFO  impl.RaftServerImpl (ServerState.java:<init>(105)) - 02fdabdd-783b-4687-aaad-f4e6848c1dc1:group-65AFFC1408D5 ConfigurationManager, init=-1: [02fdabdd-783b-4687-aaad-f4e6848c1dc1:192.168.34.11:41420, b7c5b48b-9294-4513-a286-a41a16d1a2cb:192.168.34.11:32823, c9e7da90-c5a5-4808-9794-4305bac07bb7:192.168.34.11:34916], old=null, confs=<EMPTY_MAP>
2019-08-23 10:04:17,594 [pool-450-thread-1] INFO  storage.RaftStorageDirectory (RaftStorageDirectory.java:analyzeStorage(246)) - The storage directory /workdir/hadoop-ozone/integration-test/target/test-dir/MiniOzoneClusterImpl-e3530e56-8be5-4e35-b41d-e6108e761a1d/datanode-1/data/ratis/e2397e39-649c-4492-a158-65affc1408d5 does not exist. Creating ...
2019-08-23 10:04:17,595 [pool-461-thread-1] INFO  server.RaftServerConfigKeys (ConfUtils.java:logGet(43)) - raft.server.storage.dir = [/workdir/hadoop-ozone/integration-test/target/test-dir/MiniOzoneClusterImpl-e3530e56-8be5-4e35-b41d-e6108e761a1d/datanode-2/data/ratis] (custom)
2019-08-23 10:04:17,595 [pool-439-thread-1] INFO  storage.RaftStorageDirectory (RaftStorageDirectory.java:analyzeStorage(246)) - The storage directory /workdir/hadoop-ozone/integration-test/target/test-dir/MiniOzoneClusterImpl-e3530e56-8be5-4e35-b41d-e6108e761a1d/datanode-0/data/ratis/e2397e39-649c-4492-a158-65affc1408d5 does not exist. Creating ...
2019-08-23 10:04:17,595 [pool-461-thread-1] INFO  storage.RaftStorageDirectory (RaftStorageDirectory.java:analyzeStorage(246)) - The storage directory /workdir/hadoop-ozone/integration-test/target/test-dir/MiniOzoneClusterImpl-e3530e56-8be5-4e35-b41d-e6108e761a1d/datanode-2/data/ratis/e2397e39-649c-4492-a158-65affc1408d5 does not exist. Creating ...
2019-08-23 10:04:17,608 [pool-439-thread-1] INFO  storage.RaftStorageDirectory (RaftStorageDirectory.java:tryLock(328)) - Lock on /workdir/hadoop-ozone/integration-test/target/test-dir/MiniOzoneClusterImpl-e3530e56-8be5-4e35-b41d-e6108e761a1d/datanode-0/data/ratis/e2397e39-649c-4492-a158-65affc1408d5/in_use.lock acquired by nodename 11954@pr-hdds-1094-r7kqq-4265743569
2019-08-23 10:04:17,608 [pool-450-thread-1] INFO  storage.RaftStorageDirectory (RaftStorageDirectory.java:tryLock(328)) - Lock on /workdir/hadoop-ozone/integration-test/target/test-dir/MiniOzoneClusterImpl-e3530e56-8be5-4e35-b41d-e6108e761a1d/datanode-1/data/ratis/e2397e39-649c-4492-a158-65affc1408d5/in_use.lock acquired by nodename 11954@pr-hdds-1094-r7kqq-4265743569
2019-08-23 10:04:17,608 [pool-461-thread-1] INFO  storage.RaftStorageDirectory (RaftStorageDirectory.java:tryLock(328)) - Lock on /workdir/hadoop-ozone/integration-test/target/test-dir/MiniOzoneClusterImpl-e3530e56-8be5-4e35-b41d-e6108e761a1d/datanode-2/data/ratis/e2397e39-649c-4492-a158-65affc1408d5/in_use.lock acquired by nodename 11954@pr-hdds-1094-r7kqq-4265743569
2019-08-23 10:04:17,622 [pool-439-thread-1] INFO  storage.RaftStorage (RaftStorage.java:format(72)) - Storage directory /workdir/hadoop-ozone/integration-test/target/test-dir/MiniOzoneClusterImpl-e3530e56-8be5-4e35-b41d-e6108e761a1d/datanode-0/data/ratis/e2397e39-649c-4492-a158-65affc1408d5 has been successfully formatted.
2019-08-23 10:04:17,622 [pool-450-thread-1] INFO  storage.RaftStorage (RaftStorage.java:format(72)) - Storage directory /workdir/hadoop-ozone/integration-test/target/test-dir/MiniOzoneClusterImpl-e3530e56-8be5-4e35-b41d-e6108e761a1d/datanode-1/data/ratis/e2397e39-649c-4492-a158-65affc1408d5 has been successfully formatted.
2019-08-23 10:04:17,622 [pool-461-thread-1] INFO  storage.RaftStorage (RaftStorage.java:format(72)) - Storage directory /workdir/hadoop-ozone/integration-test/target/test-dir/MiniOzoneClusterImpl-e3530e56-8be5-4e35-b41d-e6108e761a1d/datanode-2/data/ratis/e2397e39-649c-4492-a158-65affc1408d5 has been successfully formatted.
2019-08-23 10:04:17,622 [pool-439-thread-1] INFO  ratis.ContainerStateMachine (ContainerStateMachine.java:loadSnapshot(226)) - group-65AFFC1408D5: The snapshot info is null. Setting the last applied indexto:(t:0, i:~)
2019-08-23 10:04:17,622 [pool-450-thread-1] INFO  ratis.ContainerStateMachine (ContainerStateMachine.java:loadSnapshot(226)) - group-65AFFC1408D5: The snapshot info is null. Setting the last applied indexto:(t:0, i:~)
2019-08-23 10:04:17,622 [pool-439-thread-1] INFO  server.RaftServerConfigKeys (ConfUtils.java:logGet(43)) - raft.server.leader.election.timeout = 120s (custom)
2019-08-23 10:04:17,622 [pool-461-thread-1] INFO  ratis.ContainerStateMachine (ContainerStateMachine.java:loadSnapshot(226)) - group-65AFFC1408D5: The snapshot info is null. Setting the last applied indexto:(t:0, i:~)
2019-08-23 10:04:17,623 [pool-439-thread-1] INFO  server.RaftServerConfigKeys (ConfUtils.java:logGet(43)) - raft.server.log.use.memory = false (default)
2019-08-23 10:04:17,623 [pool-450-thread-1] INFO  server.RaftServerConfigKeys (ConfUtils.java:logGet(43)) - raft.server.leader.election.timeout = 120s (custom)
2019-08-23 10:04:17,623 [pool-439-thread-1] INFO  server.RaftServerConfigKeys (ConfUtils.java:logGet(43)) - raft.server.log.purge.gap = 1000000 (custom)
2019-08-23 10:04:17,623 [pool-461-thread-1] INFO  server.RaftServerConfigKeys (ConfUtils.java:logGet(43)) - raft.server.leader.election.timeout = 120s (custom)
2019-08-23 10:04:17,623 [pool-439-thread-1] INFO  server.RaftServerConfigKeys (ConfUtils.java:logGet(43)) - raft.server.log.appender.buffer.byte-limit = 33554432 (custom)
2019-08-23 10:04:17,623 [pool-450-thread-1] INFO  server.RaftServerConfigKeys (ConfUtils.java:logGet(43)) - raft.server.log.use.memory = false (default)
2019-08-23 10:04:17,623 [pool-439-thread-1] INFO  server.RaftServerConfigKeys (ConfUtils.java:logGet(43)) - raft.server.log.segment.size.max = 1048576 (custom)
2019-08-23 10:04:17,623 [pool-461-thread-1] INFO  server.RaftServerConfigKeys (ConfUtils.java:logGet(43)) - raft.server.log.use.memory = false (default)
2019-08-23 10:04:17,624 [pool-439-thread-1] INFO  server.RaftServerConfigKeys (ConfUtils.java:logGet(43)) - raft.server.log.segment.cache.num.max = 2 (custom)
2019-08-23 10:04:17,624 [pool-450-thread-1] INFO  server.RaftServerConfigKeys (ConfUtils.java:logGet(43)) - raft.server.log.purge.gap = 1000000 (custom)
2019-08-23 10:04:17,624 [pool-439-thread-1] INFO  segmented.SegmentedRaftLogWorker (SegmentedRaftLogWorker.java:<init>(172)) - new b7c5b48b-9294-4513-a286-a41a16d1a2cb-SegmentedRaftLogWorker:Storage Directory /workdir/hadoop-ozone/integration-test/target/test-dir/MiniOzoneClusterImpl-e3530e56-8be5-4e35-b41d-e6108e761a1d/datanode-0/data/ratis/e2397e39-649c-4492-a158-65affc1408d5 for RaftStorage:Storage Directory /workdir/hadoop-ozone/integration-test/target/test-dir/MiniOzoneClusterImpl-e3530e56-8be5-4e35-b41d-e6108e761a1d/datanode-0/data/ratis/e2397e39-649c-4492-a158-65affc1408d5
2019-08-23 10:04:17,624 [pool-461-thread-1] INFO  server.RaftServerConfigKeys (ConfUtils.java:logGet(43)) - raft.server.log.purge.gap = 1000000 (custom)
2019-08-23 10:04:17,624 [pool-439-thread-1] INFO  server.RaftServerConfigKeys (ConfUtils.java:logGet(43)) - raft.server.log.queue.byte-limit = 2147483647 (custom)
2019-08-23 10:04:17,624 [pool-439-thread-1] INFO  server.RaftServerConfigKeys (ConfUtils.java:logGet(43)) - raft.server.log.queue.element-limit = 1024 (custom)
2019-08-23 10:04:17,624 [pool-450-thread-1] INFO  server.RaftServerConfigKeys (ConfUtils.java:logGet(43)) - raft.server.log.appender.buffer.byte-limit = 33554432 (custom)
2019-08-23 10:04:17,624 [pool-439-thread-1] INFO  server.RaftServerConfigKeys (ConfUtils.java:logGet(43)) - raft.server.log.segment.size.max = 1048576 (custom)
2019-08-23 10:04:17,624 [pool-461-thread-1] INFO  server.RaftServerConfigKeys (ConfUtils.java:logGet(43)) - raft.server.log.appender.buffer.byte-limit = 33554432 (custom)
2019-08-23 10:04:17,625 [pool-439-thread-1] INFO  server.RaftServerConfigKeys (ConfUtils.java:logGet(43)) - raft.server.log.preallocated.size = 16384 (custom)
2019-08-23 10:04:17,625 [pool-439-thread-1] INFO  server.RaftServerConfigKeys (ConfUtils.java:logGet(43)) - raft.server.log.write.buffer.size = 33554432 (custom)
2019-08-23 10:04:17,625 [pool-450-thread-1] INFO  server.RaftServerConfigKeys (ConfUtils.java:logGet(43)) - raft.server.log.segment.size.max = 1048576 (custom)
2019-08-23 10:04:17,625 [pool-439-thread-1] INFO  server.RaftServerConfigKeys (ConfUtils.java:logGet(43)) - raft.server.log.force.sync.num = 128 (default)
2019-08-23 10:04:17,625 [pool-461-thread-1] INFO  server.RaftServerConfigKeys (ConfUtils.java:logGet(43)) - raft.server.log.segment.size.max = 1048576 (custom)
2019-08-23 10:04:17,625 [pool-439-thread-1] INFO  server.RaftServerConfigKeys (ConfUtils.java:logGet(43)) - raft.server.log.statemachine.data.sync = true (default)
2019-08-23 10:04:17,625 [pool-450-thread-1] INFO  server.RaftServerConfigKeys (ConfUtils.java:logGet(43)) - raft.server.log.segment.cache.num.max = 2 (custom)
2019-08-23 10:04:17,626 [pool-439-thread-1] INFO  server.RaftServerConfigKeys (ConfUtils.java:logGet(43)) - raft.server.log.statemachine.data.sync.timeout = 10s (default)
2019-08-23 10:04:17,625 [pool-461-thread-1] INFO  server.RaftServerConfigKeys (ConfUtils.java:logGet(43)) - raft.server.log.segment.cache.num.max = 2 (custom)
2019-08-23 10:04:17,626 [pool-439-thread-1] INFO  server.RaftServerConfigKeys (ConfUtils.java:logGet(43)) - raft.server.log.statemachine.data.sync.timeout.retry = -1 (default)
2019-08-23 10:04:17,626 [pool-450-thread-1] INFO  segmented.SegmentedRaftLogWorker (SegmentedRaftLogWorker.java:<init>(172)) - new c9e7da90-c5a5-4808-9794-4305bac07bb7-SegmentedRaftLogWorker:Storage Directory /workdir/hadoop-ozone/integration-test/target/test-dir/MiniOzoneClusterImpl-e3530e56-8be5-4e35-b41d-e6108e761a1d/datanode-1/data/ratis/e2397e39-649c-4492-a158-65affc1408d5 for RaftStorage:Storage Directory /workdir/hadoop-ozone/integration-test/target/test-dir/MiniOzoneClusterImpl-e3530e56-8be5-4e35-b41d-e6108e761a1d/datanode-1/data/ratis/e2397e39-649c-4492-a158-65affc1408d5
2019-08-23 10:04:17,626 [pool-439-thread-1] INFO  server.RaftServerConfigKeys (ConfUtils.java:logGet(43)) - raft.server.log.statemachine.data.caching.enabled = true (custom)
2019-08-23 10:04:17,626 [pool-461-thread-1] INFO  segmented.SegmentedRaftLogWorker (SegmentedRaftLogWorker.java:<init>(172)) - new 02fdabdd-783b-4687-aaad-f4e6848c1dc1-SegmentedRaftLogWorker:Storage Directory /workdir/hadoop-ozone/integration-test/target/test-dir/MiniOzoneClusterImpl-e3530e56-8be5-4e35-b41d-e6108e761a1d/datanode-2/data/ratis/e2397e39-649c-4492-a158-65affc1408d5 for RaftStorage:Storage Directory /workdir/hadoop-ozone/integration-test/target/test-dir/MiniOzoneClusterImpl-e3530e56-8be5-4e35-b41d-e6108e761a1d/datanode-2/data/ratis/e2397e39-649c-4492-a158-65affc1408d5
2019-08-23 10:04:17,626 [pool-450-thread-1] INFO  server.RaftServerConfigKeys (ConfUtils.java:logGet(43)) - raft.server.log.queue.byte-limit = 2147483647 (custom)
2019-08-23 10:04:17,626 [pool-439-thread-1] INFO  segmented.SegmentedRaftLogWorker (SegmentedRaftLogWorker.java:lambda$new$0(132)) - b7c5b48b-9294-4513-a286-a41a16d1a2cb-SegmentedRaftLogWorker:Storage Directory /workdir/hadoop-ozone/integration-test/target/test-dir/MiniOzoneClusterImpl-e3530e56-8be5-4e35-b41d-e6108e761a1d/datanode-0/data/ratis/e2397e39-649c-4492-a158-65affc1408d5: flushIndex: setUnconditionally 0 -> -1
2019-08-23 10:04:17,626 [pool-461-thread-1] INFO  server.RaftServerConfigKeys (ConfUtils.java:logGet(43)) - raft.server.log.queue.byte-limit = 2147483647 (custom)
2019-08-23 10:04:17,627 [pool-450-thread-1] INFO  server.RaftServerConfigKeys (ConfUtils.java:logGet(43)) - raft.server.log.queue.element-limit = 1024 (custom)
2019-08-23 10:04:17,627 [pool-461-thread-1] INFO  server.RaftServerConfigKeys (ConfUtils.java:logGet(43)) - raft.server.log.queue.element-limit = 1024 (custom)
2019-08-23 10:04:17,627 [pool-439-thread-1] INFO  server.RaftServerConfigKeys (ConfUtils.java:logGet(43)) - raft.server.snapshot.auto.trigger.enabled = true (custom)
2019-08-23 10:04:17,627 [pool-461-thread-1] INFO  server.RaftServerConfigKeys (ConfUtils.java:logGet(43)) - raft.server.log.segment.size.max = 1048576 (custom)
2019-08-23 10:04:17,627 [pool-450-thread-1] INFO  server.RaftServerConfigKeys (ConfUtils.java:logGet(43)) - raft.server.log.segment.size.max = 1048576 (custom)
2019-08-23 10:04:17,627 [pool-461-thread-1] INFO  server.RaftServerConfigKeys (ConfUtils.java:logGet(43)) - raft.server.log.preallocated.size = 16384 (custom)
2019-08-23 10:04:17,628 [pool-461-thread-1] INFO  server.RaftServerConfigKeys (ConfUtils.java:logGet(43)) - raft.server.log.write.buffer.size = 33554432 (custom)
2019-08-23 10:04:17,627 [pool-439-thread-1] INFO  server.RaftServerConfigKeys (ConfUtils.java:logGet(43)) - raft.server.snapshot.auto.trigger.threshold = 10000 (custom)
2019-08-23 10:04:17,628 [pool-461-thread-1] INFO  server.RaftServerConfigKeys (ConfUtils.java:logGet(43)) - raft.server.log.force.sync.num = 128 (default)
2019-08-23 10:04:17,628 [pool-450-thread-1] INFO  server.RaftServerConfigKeys (ConfUtils.java:logGet(43)) - raft.server.log.preallocated.size = 16384 (custom)
2019-08-23 10:04:17,628 [pool-461-thread-1] INFO  server.RaftServerConfigKeys (ConfUtils.java:logGet(43)) - raft.server.log.statemachine.data.sync = true (default)
2019-08-23 10:04:17,628 [pool-439-thread-1] INFO  server.RaftServerConfigKeys (ConfUtils.java:logGet(43)) - raft.server.retrycache.expirytime = 600000ms (custom)
2019-08-23 10:04:17,628 [pool-461-thread-1] INFO  server.RaftServerConfigKeys (ConfUtils.java:logGet(43)) - raft.server.log.statemachine.data.sync.timeout = 10s (default)
2019-08-23 10:04:17,628 [pool-450-thread-1] INFO  server.RaftServerConfigKeys (ConfUtils.java:logGet(43)) - raft.server.log.write.buffer.size = 33554432 (custom)
2019-08-23 10:04:17,629 [pool-461-thread-1] INFO  server.RaftServerConfigKeys (ConfUtils.java:logGet(43)) - raft.server.log.statemachine.data.sync.timeout.retry = -1 (default)
2019-08-23 10:04:17,629 [pool-439-thread-1] INFO  impl.RaftServerImpl (RaftServerImpl.java:start(180)) - b7c5b48b-9294-4513-a286-a41a16d1a2cb: start group-65AFFC1408D5
2019-08-23 10:04:17,629 [pool-461-thread-1] INFO  server.RaftServerConfigKeys (ConfUtils.java:logGet(43)) - raft.server.log.statemachine.data.caching.enabled = true (custom)
2019-08-23 10:04:17,629 [pool-450-thread-1] INFO  server.RaftServerConfigKeys (ConfUtils.java:logGet(43)) - raft.server.log.force.sync.num = 128 (default)
2019-08-23 10:04:17,629 [pool-439-thread-1] INFO  impl.RaftServerImpl (RaftServerImpl.java:setRole(171)) - b7c5b48b-9294-4513-a286-a41a16d1a2cb:group-65AFFC1408D5 changes role from null to FOLLOWER at term 0 for startAsFollower
2019-08-23 10:04:17,629 [pool-450-thread-1] INFO  server.RaftServerConfigKeys (ConfUtils.java:logGet(43)) - raft.server.log.statemachine.data.sync = true (default)
2019-08-23 10:04:17,629 [pool-461-thread-1] INFO  segmented.SegmentedRaftLogWorker (SegmentedRaftLogWorker.java:lambda$new$0(132)) - 02fdabdd-783b-4687-aaad-f4e6848c1dc1-SegmentedRaftLogWorker:Storage Directory /workdir/hadoop-ozone/integration-test/target/test-dir/MiniOzoneClusterImpl-e3530e56-8be5-4e35-b41d-e6108e761a1d/datanode-2/data/ratis/e2397e39-649c-4492-a158-65affc1408d5: flushIndex: setUnconditionally 0 -> -1
2019-08-23 10:04:17,630 [pool-450-thread-1] INFO  server.RaftServerConfigKeys (ConfUtils.java:logGet(43)) - raft.server.log.statemachine.data.sync.timeout = 10s (default)
2019-08-23 10:04:17,630 [pool-450-thread-1] INFO  server.RaftServerConfigKeys (ConfUtils.java:logGet(43)) - raft.server.log.statemachine.data.sync.timeout.retry = -1 (default)
2019-08-23 10:04:17,629 [pool-439-thread-1] INFO  impl.RoleInfo (RoleInfo.java:updateAndGet(143)) - b7c5b48b-9294-4513-a286-a41a16d1a2cb: start FollowerState
2019-08-23 10:04:17,630 [pool-450-thread-1] INFO  server.RaftServerConfigKeys (ConfUtils.java:logGet(43)) - raft.server.log.statemachine.data.caching.enabled = true (custom)
2019-08-23 10:04:17,630 [pool-461-thread-1] INFO  server.RaftServerConfigKeys (ConfUtils.java:logGet(43)) - raft.server.snapshot.auto.trigger.enabled = true (custom)
2019-08-23 10:04:17,630 [pool-439-thread-1] INFO  util.JmxRegister (JmxRegister.java:tryRegister(44)) - Successfully registered JMX Bean with object name Ratis:service=RaftServer,group=group-65AFFC1408D5,id=b7c5b48b-9294-4513-a286-a41a16d1a2cb
2019-08-23 10:04:17,630 [pool-461-thread-1] INFO  server.RaftServerConfigKeys (ConfUtils.java:logGet(43)) - raft.server.snapshot.auto.trigger.threshold = 10000 (custom)
2019-08-23 10:04:17,630 [pool-450-thread-1] INFO  segmented.SegmentedRaftLogWorker (SegmentedRaftLogWorker.java:lambda$new$0(132)) - c9e7da90-c5a5-4808-9794-4305bac07bb7-SegmentedRaftLogWorker:Storage Directory /workdir/hadoop-ozone/integration-test/target/test-dir/MiniOzoneClusterImpl-e3530e56-8be5-4e35-b41d-e6108e761a1d/datanode-1/data/ratis/e2397e39-649c-4492-a158-65affc1408d5: flushIndex: setUnconditionally 0 -> -1
2019-08-23 10:04:17,631 [pool-461-thread-1] INFO  server.RaftServerConfigKeys (ConfUtils.java:logGet(43)) - raft.server.retrycache.expirytime = 600000ms (custom)
2019-08-23 10:04:17,631 [pool-461-thread-1] INFO  impl.RaftServerImpl (RaftServerImpl.java:start(180)) - 02fdabdd-783b-4687-aaad-f4e6848c1dc1: start group-65AFFC1408D5
2019-08-23 10:04:17,631 [pool-450-thread-1] INFO  server.RaftServerConfigKeys (ConfUtils.java:logGet(43)) - raft.server.snapshot.auto.trigger.enabled = true (custom)
2019-08-23 10:04:17,631 [pool-461-thread-1] INFO  impl.RaftServerImpl (RaftServerImpl.java:setRole(171)) - 02fdabdd-783b-4687-aaad-f4e6848c1dc1:group-65AFFC1408D5 changes role from null to FOLLOWER at term 0 for startAsFollower
2019-08-23 10:04:17,631 [pool-450-thread-1] INFO  server.RaftServerConfigKeys (ConfUtils.java:logGet(43)) - raft.server.snapshot.auto.trigger.threshold = 10000 (custom)
2019-08-23 10:04:17,631 [pool-461-thread-1] INFO  impl.RoleInfo (RoleInfo.java:updateAndGet(143)) - 02fdabdd-783b-4687-aaad-f4e6848c1dc1: start FollowerState
2019-08-23 10:04:17,635 [pool-450-thread-1] INFO  server.RaftServerConfigKeys (ConfUtils.java:logGet(43)) - raft.server.retrycache.expirytime = 600000ms (custom)
2019-08-23 10:04:17,635 [pool-461-thread-1] INFO  util.JmxRegister (JmxRegister.java:tryRegister(44)) - Successfully registered JMX Bean with object name Ratis:service=RaftServer,group=group-65AFFC1408D5,id=02fdabdd-783b-4687-aaad-f4e6848c1dc1
2019-08-23 10:04:17,635 [pool-450-thread-1] INFO  impl.RaftServerImpl (RaftServerImpl.java:start(180)) - c9e7da90-c5a5-4808-9794-4305bac07bb7: start group-65AFFC1408D5
2019-08-23 10:04:17,635 [pool-450-thread-1] INFO  impl.RaftServerImpl (RaftServerImpl.java:setRole(171)) - c9e7da90-c5a5-4808-9794-4305bac07bb7:group-65AFFC1408D5 changes role from null to FOLLOWER at term 0 for startAsFollower
2019-08-23 10:04:17,636 [pool-450-thread-1] INFO  impl.RoleInfo (RoleInfo.java:updateAndGet(143)) - c9e7da90-c5a5-4808-9794-4305bac07bb7: start FollowerState
2019-08-23 10:04:17,638 [pool-450-thread-1] INFO  util.JmxRegister (JmxRegister.java:tryRegister(44)) - Successfully registered JMX Bean with object name Ratis:service=RaftServer,group=group-65AFFC1408D5,id=c9e7da90-c5a5-4808-9794-4305bac07bb7
2019-08-23 10:04:17,642 [RatisPipelineUtilsThread] INFO  pipeline.PipelineStateManager (PipelineStateManager.java:addPipeline(56)) - Created pipeline Pipeline[ Id: e2397e39-649c-4492-a158-65affc1408d5, Nodes: 02fdabdd-783b-4687-aaad-f4e6848c1dc1{ip: 192.168.34.11, host: pr-hdds-1094-r7kqq-4265743569, networkLocation: /default-rack, certSerialId: null}c9e7da90-c5a5-4808-9794-4305bac07bb7{ip: 192.168.34.11, host: pr-hdds-1094-r7kqq-4265743569, networkLocation: /default-rack, certSerialId: null}b7c5b48b-9294-4513-a286-a41a16d1a2cb{ip: 192.168.34.11, host: pr-hdds-1094-r7kqq-4265743569, networkLocation: /default-rack, certSerialId: null}, Type:RATIS, Factor:THREE, State:OPEN]
2019-08-23 10:04:17,660 [main] INFO  ozone.MiniOzoneClusterImpl (MiniOzoneClusterImpl.java:lambda$waitForClusterToBeReady$0(142)) - Waiting for cluster to be ready. Got 3 of 7 DN Heartbeats.
2019-08-23 10:04:18,025 [IPC Server handler 3 on 42369] INFO  net.NetworkTopology (NetworkTopologyImpl.java:add(110)) - Added a new node: /default-rack/2d79817c-83ab-4b4b-a173-9d1d58553336
2019-08-23 10:04:18,025 [IPC Server handler 3 on 42369] INFO  node.SCMNodeManager (SCMNodeManager.java:register(273)) - Registered Data node : 2d79817c-83ab-4b4b-a173-9d1d58553336{ip: 192.168.34.11, host: pr-hdds-1094-r7kqq-4265743569, networkLocation: /default-rack, certSerialId: null}
2019-08-23 10:04:18,026 | INFO  | SCMAudit | user=jenkins1000 | ip=192.168.34.11 | op=REGISTER {datanodeDetails=2d79817c-83ab-4b4b-a173-9d1d58553336{ip: 192.168.34.11, host: pr-hdds-1094-r7kqq-4265743569, networkLocation: /default-rack, certSerialId: null}} | ret=SUCCESS |  
2019-08-23 10:04:18,035 [grpc-default-executor-4] INFO  impl.RaftServerProxy (RaftServerProxy.java:addNew(89)) - 2d79817c-83ab-4b4b-a173-9d1d58553336: addNew group-D1385ACC3A7C:[2d79817c-83ab-4b4b-a173-9d1d58553336:192.168.34.11:36277] returns group-D1385ACC3A7C:java.util.concurrent.CompletableFuture@17d84971[Not completed]
2019-08-23 10:04:18,036 [pool-472-thread-1] INFO  impl.RaftServerImpl (RaftServerImpl.java:<init>(93)) - 2d79817c-83ab-4b4b-a173-9d1d58553336: new RaftServerImpl for group-D1385ACC3A7C:[2d79817c-83ab-4b4b-a173-9d1d58553336:192.168.34.11:36277] with ContainerStateMachine:uninitialized
2019-08-23 10:04:18,036 [pool-472-thread-1] INFO  server.RaftServerConfigKeys (ConfUtils.java:logGet(43)) - raft.server.rpc.timeout.min = 5s (custom)
2019-08-23 10:04:18,036 [pool-472-thread-1] INFO  server.RaftServerConfigKeys (ConfUtils.java:logGet(43)) - raft.server.rpc.timeout.max = 5200ms (custom)
2019-08-23 10:04:18,037 [pool-472-thread-1] INFO  server.RaftServerConfigKeys (ConfUtils.java:logGet(43)) - raft.server.rpcslowness.timeout = 120s (custom)
2019-08-23 10:04:18,037 [pool-472-thread-1] INFO  server.RaftServerConfigKeys (ConfUtils.java:logGet(43)) - raft.server.sleep.deviation.threshold = 300 (default)
2019-08-23 10:04:18,037 [pool-472-thread-1] INFO  server.RaftServerConfigKeys (ConfUtils.java:logGet(43)) - raft.server.log.appender.install.snapshot.enabled = false (custom)
2019-08-23 10:04:18,037 [pool-472-thread-1] INFO  impl.RaftServerImpl (ServerState.java:<init>(105)) - 2d79817c-83ab-4b4b-a173-9d1d58553336:group-D1385ACC3A7C ConfigurationManager, init=-1: [2d79817c-83ab-4b4b-a173-9d1d58553336:192.168.34.11:36277], old=null, confs=<EMPTY_MAP>
2019-08-23 10:04:18,037 [pool-472-thread-1] INFO  server.RaftServerConfigKeys (ConfUtils.java:logGet(43)) - raft.server.storage.dir = [/workdir/hadoop-ozone/integration-test/target/test-dir/MiniOzoneClusterImpl-e3530e56-8be5-4e35-b41d-e6108e761a1d/datanode-3/data/ratis] (custom)
2019-08-23 10:04:18,038 [pool-472-thread-1] INFO  storage.RaftStorageDirectory (RaftStorageDirectory.java:analyzeStorage(246)) - The storage directory /workdir/hadoop-ozone/integration-test/target/test-dir/MiniOzoneClusterImpl-e3530e56-8be5-4e35-b41d-e6108e761a1d/datanode-3/data/ratis/59380235-e425-4c39-a34a-d1385acc3a7c does not exist. Creating ...
2019-08-23 10:04:18,052 [pool-472-thread-1] INFO  storage.RaftStorageDirectory (RaftStorageDirectory.java:tryLock(328)) - Lock on /workdir/hadoop-ozone/integration-test/target/test-dir/MiniOzoneClusterImpl-e3530e56-8be5-4e35-b41d-e6108e761a1d/datanode-3/data/ratis/59380235-e425-4c39-a34a-d1385acc3a7c/in_use.lock acquired by nodename 11954@pr-hdds-1094-r7kqq-4265743569
2019-08-23 10:04:18,062 [pool-472-thread-1] INFO  storage.RaftStorage (RaftStorage.java:format(72)) - Storage directory /workdir/hadoop-ozone/integration-test/target/test-dir/MiniOzoneClusterImpl-e3530e56-8be5-4e35-b41d-e6108e761a1d/datanode-3/data/ratis/59380235-e425-4c39-a34a-d1385acc3a7c has been successfully formatted.
2019-08-23 10:04:18,062 [pool-472-thread-1] INFO  ratis.ContainerStateMachine (ContainerStateMachine.java:loadSnapshot(226)) - group-D1385ACC3A7C: The snapshot info is null. Setting the last applied indexto:(t:0, i:~)
2019-08-23 10:04:18,062 [pool-472-thread-1] INFO  server.RaftServerConfigKeys (ConfUtils.java:logGet(43)) - raft.server.leader.election.timeout = 120s (custom)
2019-08-23 10:04:18,062 [pool-472-thread-1] INFO  server.RaftServerConfigKeys (ConfUtils.java:logGet(43)) - raft.server.log.use.memory = false (default)
2019-08-23 10:04:18,063 [pool-472-thread-1] INFO  server.RaftServerConfigKeys (ConfUtils.java:logGet(43)) - raft.server.log.purge.gap = 1000000 (custom)
2019-08-23 10:04:18,063 [pool-472-thread-1] INFO  server.RaftServerConfigKeys (ConfUtils.java:logGet(43)) - raft.server.log.appender.buffer.byte-limit = 33554432 (custom)
2019-08-23 10:04:18,063 [pool-472-thread-1] INFO  server.RaftServerConfigKeys (ConfUtils.java:logGet(43)) - raft.server.log.segment.size.max = 1048576 (custom)
2019-08-23 10:04:18,063 [pool-472-thread-1] INFO  server.RaftServerConfigKeys (ConfUtils.java:logGet(43)) - raft.server.log.segment.cache.num.max = 2 (custom)
2019-08-23 10:04:18,063 [pool-472-thread-1] INFO  segmented.SegmentedRaftLogWorker (SegmentedRaftLogWorker.java:<init>(172)) - new 2d79817c-83ab-4b4b-a173-9d1d58553336-SegmentedRaftLogWorker:Storage Directory /workdir/hadoop-ozone/integration-test/target/test-dir/MiniOzoneClusterImpl-e3530e56-8be5-4e35-b41d-e6108e761a1d/datanode-3/data/ratis/59380235-e425-4c39-a34a-d1385acc3a7c for RaftStorage:Storage Directory /workdir/hadoop-ozone/integration-test/target/test-dir/MiniOzoneClusterImpl-e3530e56-8be5-4e35-b41d-e6108e761a1d/datanode-3/data/ratis/59380235-e425-4c39-a34a-d1385acc3a7c
2019-08-23 10:04:18,064 [pool-472-thread-1] INFO  server.RaftServerConfigKeys (ConfUtils.java:logGet(43)) - raft.server.log.queue.byte-limit = 2147483647 (custom)
2019-08-23 10:04:18,064 [pool-472-thread-1] INFO  server.RaftServerConfigKeys (ConfUtils.java:logGet(43)) - raft.server.log.queue.element-limit = 1024 (custom)
2019-08-23 10:04:18,064 [pool-472-thread-1] INFO  server.RaftServerConfigKeys (ConfUtils.java:logGet(43)) - raft.server.log.segment.size.max = 1048576 (custom)
2019-08-23 10:04:18,064 [pool-472-thread-1] INFO  server.RaftServerConfigKeys (ConfUtils.java:logGet(43)) - raft.server.log.preallocated.size = 16384 (custom)
2019-08-23 10:04:18,064 [pool-472-thread-1] INFO  server.RaftServerConfigKeys (ConfUtils.java:logGet(43)) - raft.server.log.write.buffer.size = 33554432 (custom)
2019-08-23 10:04:18,064 [pool-472-thread-1] INFO  server.RaftServerConfigKeys (ConfUtils.java:logGet(43)) - raft.server.log.force.sync.num = 128 (default)
2019-08-23 10:04:18,065 [pool-472-thread-1] INFO  server.RaftServerConfigKeys (ConfUtils.java:logGet(43)) - raft.server.log.statemachine.data.sync = true (default)
2019-08-23 10:04:18,065 [pool-472-thread-1] INFO  server.RaftServerConfigKeys (ConfUtils.java:logGet(43)) - raft.server.log.statemachine.data.sync.timeout = 10s (default)
2019-08-23 10:04:18,065 [pool-472-thread-1] INFO  server.RaftServerConfigKeys (ConfUtils.java:logGet(43)) - raft.server.log.statemachine.data.sync.timeout.retry = -1 (default)
2019-08-23 10:04:18,065 [pool-472-thread-1] INFO  server.RaftServerConfigKeys (ConfUtils.java:logGet(43)) - raft.server.log.statemachine.data.caching.enabled = true (custom)
2019-08-23 10:04:18,066 [pool-472-thread-1] INFO  segmented.SegmentedRaftLogWorker (SegmentedRaftLogWorker.java:lambda$new$0(132)) - 2d79817c-83ab-4b4b-a173-9d1d58553336-SegmentedRaftLogWorker:Storage Directory /workdir/hadoop-ozone/integration-test/target/test-dir/MiniOzoneClusterImpl-e3530e56-8be5-4e35-b41d-e6108e761a1d/datanode-3/data/ratis/59380235-e425-4c39-a34a-d1385acc3a7c: flushIndex: setUnconditionally 0 -> -1
2019-08-23 10:04:18,066 [pool-472-thread-1] INFO  server.RaftServerConfigKeys (ConfUtils.java:logGet(43)) - raft.server.snapshot.auto.trigger.enabled = true (custom)
2019-08-23 10:04:18,066 [pool-472-thread-1] INFO  server.RaftServerConfigKeys (ConfUtils.java:logGet(43)) - raft.server.snapshot.auto.trigger.threshold = 10000 (custom)
2019-08-23 10:04:18,066 [pool-472-thread-1] INFO  server.RaftServerConfigKeys (ConfUtils.java:logGet(43)) - raft.server.retrycache.expirytime = 600000ms (custom)
2019-08-23 10:04:18,067 [pool-472-thread-1] INFO  impl.RaftServerImpl (RaftServerImpl.java:start(180)) - 2d79817c-83ab-4b4b-a173-9d1d58553336: start group-D1385ACC3A7C
2019-08-23 10:04:18,067 [pool-472-thread-1] INFO  impl.RaftServerImpl (RaftServerImpl.java:setRole(171)) - 2d79817c-83ab-4b4b-a173-9d1d58553336:group-D1385ACC3A7C changes role from null to FOLLOWER at term 0 for startAsFollower
2019-08-23 10:04:18,067 [pool-472-thread-1] INFO  impl.RoleInfo (RoleInfo.java:updateAndGet(143)) - 2d79817c-83ab-4b4b-a173-9d1d58553336: start FollowerState
2019-08-23 10:04:18,078 [pool-472-thread-1] INFO  util.JmxRegister (JmxRegister.java:tryRegister(44)) - Successfully registered JMX Bean with object name Ratis:service=RaftServer,group=group-D1385ACC3A7C,id=2d79817c-83ab-4b4b-a173-9d1d58553336
2019-08-23 10:04:18,092 [RatisPipelineUtilsThread] INFO  pipeline.PipelineStateManager (PipelineStateManager.java:addPipeline(56)) - Created pipeline Pipeline[ Id: 59380235-e425-4c39-a34a-d1385acc3a7c, Nodes: 2d79817c-83ab-4b4b-a173-9d1d58553336{ip: 192.168.34.11, host: pr-hdds-1094-r7kqq-4265743569, networkLocation: /default-rack, certSerialId: null}, Type:RATIS, Factor:ONE, State:OPEN]
2019-08-23 10:04:18,214 [IPC Server handler 0 on 42369] INFO  net.NetworkTopology (NetworkTopologyImpl.java:add(110)) - Added a new node: /default-rack/c59437e1-9416-4eae-8424-f47ceed6fd18
2019-08-23 10:04:18,214 [IPC Server handler 0 on 42369] INFO  node.SCMNodeManager (SCMNodeManager.java:register(273)) - Registered Data node : c59437e1-9416-4eae-8424-f47ceed6fd18{ip: 192.168.34.11, host: pr-hdds-1094-r7kqq-4265743569, networkLocation: /default-rack, certSerialId: null}
2019-08-23 10:04:18,215 | INFO  | SCMAudit | user=jenkins1000 | ip=192.168.34.11 | op=REGISTER {datanodeDetails=c59437e1-9416-4eae-8424-f47ceed6fd18{ip: 192.168.34.11, host: pr-hdds-1094-r7kqq-4265743569, networkLocation: /default-rack, certSerialId: null}} | ret=SUCCESS |  
2019-08-23 10:04:18,222 [grpc-default-executor-4] INFO  impl.RaftServerProxy (RaftServerProxy.java:addNew(89)) - c59437e1-9416-4eae-8424-f47ceed6fd18: addNew group-CA8336A94721:[c59437e1-9416-4eae-8424-f47ceed6fd18:192.168.34.11:33751] returns group-CA8336A94721:java.util.concurrent.CompletableFuture@7b470a21[Not completed]
2019-08-23 10:04:18,223 [pool-483-thread-1] INFO  impl.RaftServerImpl (RaftServerImpl.java:<init>(93)) - c59437e1-9416-4eae-8424-f47ceed6fd18: new RaftServerImpl for group-CA8336A94721:[c59437e1-9416-4eae-8424-f47ceed6fd18:192.168.34.11:33751] with ContainerStateMachine:uninitialized
2019-08-23 10:04:18,223 [pool-483-thread-1] INFO  server.RaftServerConfigKeys (ConfUtils.java:logGet(43)) - raft.server.rpc.timeout.min = 5s (custom)
2019-08-23 10:04:18,223 [pool-483-thread-1] INFO  server.RaftServerConfigKeys (ConfUtils.java:logGet(43)) - raft.server.rpc.timeout.max = 5200ms (custom)
2019-08-23 10:04:18,223 [pool-483-thread-1] INFO  server.RaftServerConfigKeys (ConfUtils.java:logGet(43)) - raft.server.rpcslowness.timeout = 120s (custom)
2019-08-23 10:04:18,224 [pool-483-thread-1] INFO  server.RaftServerConfigKeys (ConfUtils.java:logGet(43)) - raft.server.sleep.deviation.threshold = 300 (default)
2019-08-23 10:04:18,224 [pool-483-thread-1] INFO  server.RaftServerConfigKeys (ConfUtils.java:logGet(43)) - raft.server.log.appender.install.snapshot.enabled = false (custom)
2019-08-23 10:04:18,224 [pool-483-thread-1] INFO  impl.RaftServerImpl (ServerState.java:<init>(105)) - c59437e1-9416-4eae-8424-f47ceed6fd18:group-CA8336A94721 ConfigurationManager, init=-1: [c59437e1-9416-4eae-8424-f47ceed6fd18:192.168.34.11:33751], old=null, confs=<EMPTY_MAP>
2019-08-23 10:04:18,224 [pool-483-thread-1] INFO  server.RaftServerConfigKeys (ConfUtils.java:logGet(43)) - raft.server.storage.dir = [/workdir/hadoop-ozone/integration-test/target/test-dir/MiniOzoneClusterImpl-e3530e56-8be5-4e35-b41d-e6108e761a1d/datanode-4/data/ratis] (custom)
2019-08-23 10:04:18,224 [pool-483-thread-1] INFO  storage.RaftStorageDirectory (RaftStorageDirectory.java:analyzeStorage(246)) - The storage directory /workdir/hadoop-ozone/integration-test/target/test-dir/MiniOzoneClusterImpl-e3530e56-8be5-4e35-b41d-e6108e761a1d/datanode-4/data/ratis/abf0edd5-ef3a-4c75-bc9a-ca8336a94721 does not exist. Creating ...
2019-08-23 10:04:18,237 [pool-483-thread-1] INFO  storage.RaftStorageDirectory (RaftStorageDirectory.java:tryLock(328)) - Lock on /workdir/hadoop-ozone/integration-test/target/test-dir/MiniOzoneClusterImpl-e3530e56-8be5-4e35-b41d-e6108e761a1d/datanode-4/data/ratis/abf0edd5-ef3a-4c75-bc9a-ca8336a94721/in_use.lock acquired by nodename 11954@pr-hdds-1094-r7kqq-4265743569
2019-08-23 10:04:18,251 [pool-483-thread-1] INFO  storage.RaftStorage (RaftStorage.java:format(72)) - Storage directory /workdir/hadoop-ozone/integration-test/target/test-dir/MiniOzoneClusterImpl-e3530e56-8be5-4e35-b41d-e6108e761a1d/datanode-4/data/ratis/abf0edd5-ef3a-4c75-bc9a-ca8336a94721 has been successfully formatted.
2019-08-23 10:04:18,251 [pool-483-thread-1] INFO  ratis.ContainerStateMachine (ContainerStateMachine.java:loadSnapshot(226)) - group-CA8336A94721: The snapshot info is null. Setting the last applied indexto:(t:0, i:~)
2019-08-23 10:04:18,251 [pool-483-thread-1] INFO  server.RaftServerConfigKeys (ConfUtils.java:logGet(43)) - raft.server.leader.election.timeout = 120s (custom)
2019-08-23 10:04:18,251 [pool-483-thread-1] INFO  server.RaftServerConfigKeys (ConfUtils.java:logGet(43)) - raft.server.log.use.memory = false (default)
2019-08-23 10:04:18,251 [pool-483-thread-1] INFO  server.RaftServerConfigKeys (ConfUtils.java:logGet(43)) - raft.server.log.purge.gap = 1000000 (custom)
2019-08-23 10:04:18,252 [pool-483-thread-1] INFO  server.RaftServerConfigKeys (ConfUtils.java:logGet(43)) - raft.server.log.appender.buffer.byte-limit = 33554432 (custom)
2019-08-23 10:04:18,252 [pool-483-thread-1] INFO  server.RaftServerConfigKeys (ConfUtils.java:logGet(43)) - raft.server.log.segment.size.max = 1048576 (custom)
2019-08-23 10:04:18,252 [pool-483-thread-1] INFO  server.RaftServerConfigKeys (ConfUtils.java:logGet(43)) - raft.server.log.segment.cache.num.max = 2 (custom)
2019-08-23 10:04:18,252 [pool-483-thread-1] INFO  segmented.SegmentedRaftLogWorker (SegmentedRaftLogWorker.java:<init>(172)) - new c59437e1-9416-4eae-8424-f47ceed6fd18-SegmentedRaftLogWorker:Storage Directory /workdir/hadoop-ozone/integration-test/target/test-dir/MiniOzoneClusterImpl-e3530e56-8be5-4e35-b41d-e6108e761a1d/datanode-4/data/ratis/abf0edd5-ef3a-4c75-bc9a-ca8336a94721 for RaftStorage:Storage Directory /workdir/hadoop-ozone/integration-test/target/test-dir/MiniOzoneClusterImpl-e3530e56-8be5-4e35-b41d-e6108e761a1d/datanode-4/data/ratis/abf0edd5-ef3a-4c75-bc9a-ca8336a94721
2019-08-23 10:04:18,252 [pool-483-thread-1] INFO  server.RaftServerConfigKeys (ConfUtils.java:logGet(43)) - raft.server.log.queue.byte-limit = 2147483647 (custom)
2019-08-23 10:04:18,252 [pool-483-thread-1] INFO  server.RaftServerConfigKeys (ConfUtils.java:logGet(43)) - raft.server.log.queue.element-limit = 1024 (custom)
2019-08-23 10:04:18,253 [pool-483-thread-1] INFO  server.RaftServerConfigKeys (ConfUtils.java:logGet(43)) - raft.server.log.segment.size.max = 1048576 (custom)
2019-08-23 10:04:18,253 [pool-483-thread-1] INFO  server.RaftServerConfigKeys (ConfUtils.java:logGet(43)) - raft.server.log.preallocated.size = 16384 (custom)
2019-08-23 10:04:18,253 [pool-483-thread-1] INFO  server.RaftServerConfigKeys (ConfUtils.java:logGet(43)) - raft.server.log.write.buffer.size = 33554432 (custom)
2019-08-23 10:04:18,253 [pool-483-thread-1] INFO  server.RaftServerConfigKeys (ConfUtils.java:logGet(43)) - raft.server.log.force.sync.num = 128 (default)
2019-08-23 10:04:18,253 [pool-483-thread-1] INFO  server.RaftServerConfigKeys (ConfUtils.java:logGet(43)) - raft.server.log.statemachine.data.sync = true (default)
2019-08-23 10:04:18,253 [pool-483-thread-1] INFO  server.RaftServerConfigKeys (ConfUtils.java:logGet(43)) - raft.server.log.statemachine.data.sync.timeout = 10s (default)
2019-08-23 10:04:18,253 [pool-483-thread-1] INFO  server.RaftServerConfigKeys (ConfUtils.java:logGet(43)) - raft.server.log.statemachine.data.sync.timeout.retry = -1 (default)
2019-08-23 10:04:18,254 [pool-483-thread-1] INFO  server.RaftServerConfigKeys (ConfUtils.java:logGet(43)) - raft.server.log.statemachine.data.caching.enabled = true (custom)
2019-08-23 10:04:18,254 [pool-483-thread-1] INFO  segmented.SegmentedRaftLogWorker (SegmentedRaftLogWorker.java:lambda$new$0(132)) - c59437e1-9416-4eae-8424-f47ceed6fd18-SegmentedRaftLogWorker:Storage Directory /workdir/hadoop-ozone/integration-test/target/test-dir/MiniOzoneClusterImpl-e3530e56-8be5-4e35-b41d-e6108e761a1d/datanode-4/data/ratis/abf0edd5-ef3a-4c75-bc9a-ca8336a94721: flushIndex: setUnconditionally 0 -> -1
2019-08-23 10:04:18,254 [pool-483-thread-1] INFO  server.RaftServerConfigKeys (ConfUtils.java:logGet(43)) - raft.server.snapshot.auto.trigger.enabled = true (custom)
2019-08-23 10:04:18,255 [pool-483-thread-1] INFO  server.RaftServerConfigKeys (ConfUtils.java:logGet(43)) - raft.server.snapshot.auto.trigger.threshold = 10000 (custom)
2019-08-23 10:04:18,255 [pool-483-thread-1] INFO  server.RaftServerConfigKeys (ConfUtils.java:logGet(43)) - raft.server.retrycache.expirytime = 600000ms (custom)
2019-08-23 10:04:18,255 [pool-483-thread-1] INFO  impl.RaftServerImpl (RaftServerImpl.java:start(180)) - c59437e1-9416-4eae-8424-f47ceed6fd18: start group-CA8336A94721
2019-08-23 10:04:18,255 [pool-483-thread-1] INFO  impl.RaftServerImpl (RaftServerImpl.java:setRole(171)) - c59437e1-9416-4eae-8424-f47ceed6fd18:group-CA8336A94721 changes role from null to FOLLOWER at term 0 for startAsFollower
2019-08-23 10:04:18,255 [pool-483-thread-1] INFO  impl.RoleInfo (RoleInfo.java:updateAndGet(143)) - c59437e1-9416-4eae-8424-f47ceed6fd18: start FollowerState
2019-08-23 10:04:18,256 [pool-483-thread-1] INFO  util.JmxRegister (JmxRegister.java:tryRegister(44)) - Successfully registered JMX Bean with object name Ratis:service=RaftServer,group=group-CA8336A94721,id=c59437e1-9416-4eae-8424-f47ceed6fd18
2019-08-23 10:04:18,260 [RatisPipelineUtilsThread] INFO  pipeline.PipelineStateManager (PipelineStateManager.java:addPipeline(56)) - Created pipeline Pipeline[ Id: abf0edd5-ef3a-4c75-bc9a-ca8336a94721, Nodes: c59437e1-9416-4eae-8424-f47ceed6fd18{ip: 192.168.34.11, host: pr-hdds-1094-r7kqq-4265743569, networkLocation: /default-rack, certSerialId: null}, Type:RATIS, Factor:ONE, State:OPEN]
2019-08-23 10:04:18,447 [IPC Server handler 1 on 42369] INFO  net.NetworkTopology (NetworkTopologyImpl.java:add(110)) - Added a new node: /default-rack/2e3457a7-9f76-45fb-9b7b-9eb45e0d8c5c
2019-08-23 10:04:18,447 [IPC Server handler 1 on 42369] INFO  node.SCMNodeManager (SCMNodeManager.java:register(273)) - Registered Data node : 2e3457a7-9f76-45fb-9b7b-9eb45e0d8c5c{ip: 192.168.34.11, host: pr-hdds-1094-r7kqq-4265743569, networkLocation: /default-rack, certSerialId: null}
2019-08-23 10:04:18,448 | INFO  | SCMAudit | user=jenkins1000 | ip=192.168.34.11 | op=REGISTER {datanodeDetails=2e3457a7-9f76-45fb-9b7b-9eb45e0d8c5c{ip: 192.168.34.11, host: pr-hdds-1094-r7kqq-4265743569, networkLocation: /default-rack, certSerialId: null}} | ret=SUCCESS |  
2019-08-23 10:04:18,455 [grpc-default-executor-4] INFO  impl.RaftServerProxy (RaftServerProxy.java:addNew(89)) - 2e3457a7-9f76-45fb-9b7b-9eb45e0d8c5c: addNew group-8B037E1F2C36:[2e3457a7-9f76-45fb-9b7b-9eb45e0d8c5c:192.168.34.11:36212] returns group-8B037E1F2C36:java.util.concurrent.CompletableFuture@1711c451[Not completed]
2019-08-23 10:04:18,456 [pool-494-thread-1] INFO  impl.RaftServerImpl (RaftServerImpl.java:<init>(93)) - 2e3457a7-9f76-45fb-9b7b-9eb45e0d8c5c: new RaftServerImpl for group-8B037E1F2C36:[2e3457a7-9f76-45fb-9b7b-9eb45e0d8c5c:192.168.34.11:36212] with ContainerStateMachine:uninitialized
2019-08-23 10:04:18,456 [pool-494-thread-1] INFO  server.RaftServerConfigKeys (ConfUtils.java:logGet(43)) - raft.server.rpc.timeout.min = 5s (custom)
2019-08-23 10:04:18,456 [pool-494-thread-1] INFO  server.RaftServerConfigKeys (ConfUtils.java:logGet(43)) - raft.server.rpc.timeout.max = 5200ms (custom)
2019-08-23 10:04:18,457 [pool-494-thread-1] INFO  server.RaftServerConfigKeys (ConfUtils.java:logGet(43)) - raft.server.rpcslowness.timeout = 120s (custom)
2019-08-23 10:04:18,457 [pool-494-thread-1] INFO  server.RaftServerConfigKeys (ConfUtils.java:logGet(43)) - raft.server.sleep.deviation.threshold = 300 (default)
2019-08-23 10:04:18,457 [pool-494-thread-1] INFO  server.RaftServerConfigKeys (ConfUtils.java:logGet(43)) - raft.server.log.appender.install.snapshot.enabled = false (custom)
2019-08-23 10:04:18,457 [pool-494-thread-1] INFO  impl.RaftServerImpl (ServerState.java:<init>(105)) - 2e3457a7-9f76-45fb-9b7b-9eb45e0d8c5c:group-8B037E1F2C36 ConfigurationManager, init=-1: [2e3457a7-9f76-45fb-9b7b-9eb45e0d8c5c:192.168.34.11:36212], old=null, confs=<EMPTY_MAP>
2019-08-23 10:04:18,457 [pool-494-thread-1] INFO  server.RaftServerConfigKeys (ConfUtils.java:logGet(43)) - raft.server.storage.dir = [/workdir/hadoop-ozone/integration-test/target/test-dir/MiniOzoneClusterImpl-e3530e56-8be5-4e35-b41d-e6108e761a1d/datanode-5/data/ratis] (custom)
2019-08-23 10:04:18,458 [pool-494-thread-1] INFO  storage.RaftStorageDirectory (RaftStorageDirectory.java:analyzeStorage(246)) - The storage directory /workdir/hadoop-ozone/integration-test/target/test-dir/MiniOzoneClusterImpl-e3530e56-8be5-4e35-b41d-e6108e761a1d/datanode-5/data/ratis/04d0abaa-a0ed-44f6-9939-8b037e1f2c36 does not exist. Creating ...
2019-08-23 10:04:18,471 [pool-494-thread-1] INFO  storage.RaftStorageDirectory (RaftStorageDirectory.java:tryLock(328)) - Lock on /workdir/hadoop-ozone/integration-test/target/test-dir/MiniOzoneClusterImpl-e3530e56-8be5-4e35-b41d-e6108e761a1d/datanode-5/data/ratis/04d0abaa-a0ed-44f6-9939-8b037e1f2c36/in_use.lock acquired by nodename 11954@pr-hdds-1094-r7kqq-4265743569
2019-08-23 10:04:18,485 [pool-494-thread-1] INFO  storage.RaftStorage (RaftStorage.java:format(72)) - Storage directory /workdir/hadoop-ozone/integration-test/target/test-dir/MiniOzoneClusterImpl-e3530e56-8be5-4e35-b41d-e6108e761a1d/datanode-5/data/ratis/04d0abaa-a0ed-44f6-9939-8b037e1f2c36 has been successfully formatted.
2019-08-23 10:04:18,485 [pool-494-thread-1] INFO  ratis.ContainerStateMachine (ContainerStateMachine.java:loadSnapshot(226)) - group-8B037E1F2C36: The snapshot info is null. Setting the last applied indexto:(t:0, i:~)
2019-08-23 10:04:18,485 [pool-494-thread-1] INFO  server.RaftServerConfigKeys (ConfUtils.java:logGet(43)) - raft.server.leader.election.timeout = 120s (custom)
2019-08-23 10:04:18,485 [pool-494-thread-1] INFO  server.RaftServerConfigKeys (ConfUtils.java:logGet(43)) - raft.server.log.use.memory = false (default)
2019-08-23 10:04:18,485 [pool-494-thread-1] INFO  server.RaftServerConfigKeys (ConfUtils.java:logGet(43)) - raft.server.log.purge.gap = 1000000 (custom)
2019-08-23 10:04:18,486 [pool-494-thread-1] INFO  server.RaftServerConfigKeys (ConfUtils.java:logGet(43)) - raft.server.log.appender.buffer.byte-limit = 33554432 (custom)
2019-08-23 10:04:18,486 [pool-494-thread-1] INFO  server.RaftServerConfigKeys (ConfUtils.java:logGet(43)) - raft.server.log.segment.size.max = 1048576 (custom)
2019-08-23 10:04:18,486 [pool-494-thread-1] INFO  server.RaftServerConfigKeys (ConfUtils.java:logGet(43)) - raft.server.log.segment.cache.num.max = 2 (custom)
2019-08-23 10:04:18,486 [pool-494-thread-1] INFO  segmented.SegmentedRaftLogWorker (SegmentedRaftLogWorker.java:<init>(172)) - new 2e3457a7-9f76-45fb-9b7b-9eb45e0d8c5c-SegmentedRaftLogWorker:Storage Directory /workdir/hadoop-ozone/integration-test/target/test-dir/MiniOzoneClusterImpl-e3530e56-8be5-4e35-b41d-e6108e761a1d/datanode-5/data/ratis/04d0abaa-a0ed-44f6-9939-8b037e1f2c36 for RaftStorage:Storage Directory /workdir/hadoop-ozone/integration-test/target/test-dir/MiniOzoneClusterImpl-e3530e56-8be5-4e35-b41d-e6108e761a1d/datanode-5/data/ratis/04d0abaa-a0ed-44f6-9939-8b037e1f2c36
2019-08-23 10:04:18,486 [pool-494-thread-1] INFO  server.RaftServerConfigKeys (ConfUtils.java:logGet(43)) - raft.server.log.queue.byte-limit = 2147483647 (custom)
2019-08-23 10:04:18,486 [pool-494-thread-1] INFO  server.RaftServerConfigKeys (ConfUtils.java:logGet(43)) - raft.server.log.queue.element-limit = 1024 (custom)
2019-08-23 10:04:18,487 [pool-494-thread-1] INFO  server.RaftServerConfigKeys (ConfUtils.java:logGet(43)) - raft.server.log.segment.size.max = 1048576 (custom)
2019-08-23 10:04:18,487 [pool-494-thread-1] INFO  server.RaftServerConfigKeys (ConfUtils.java:logGet(43)) - raft.server.log.preallocated.size = 16384 (custom)
2019-08-23 10:04:18,487 [pool-494-thread-1] INFO  server.RaftServerConfigKeys (ConfUtils.java:logGet(43)) - raft.server.log.write.buffer.size = 33554432 (custom)
2019-08-23 10:04:18,487 [pool-494-thread-1] INFO  server.RaftServerConfigKeys (ConfUtils.java:logGet(43)) - raft.server.log.force.sync.num = 128 (default)
2019-08-23 10:04:18,487 [pool-494-thread-1] INFO  server.RaftServerConfigKeys (ConfUtils.java:logGet(43)) - raft.server.log.statemachine.data.sync = true (default)
2019-08-23 10:04:18,487 [pool-494-thread-1] INFO  server.RaftServerConfigKeys (ConfUtils.java:logGet(43)) - raft.server.log.statemachine.data.sync.timeout = 10s (default)
2019-08-23 10:04:18,487 [pool-494-thread-1] INFO  server.RaftServerConfigKeys (ConfUtils.java:logGet(43)) - raft.server.log.statemachine.data.sync.timeout.retry = -1 (default)
2019-08-23 10:04:18,488 [pool-494-thread-1] INFO  server.RaftServerConfigKeys (ConfUtils.java:logGet(43)) - raft.server.log.statemachine.data.caching.enabled = true (custom)
2019-08-23 10:04:18,488 [pool-494-thread-1] INFO  segmented.SegmentedRaftLogWorker (SegmentedRaftLogWorker.java:lambda$new$0(132)) - 2e3457a7-9f76-45fb-9b7b-9eb45e0d8c5c-SegmentedRaftLogWorker:Storage Directory /workdir/hadoop-ozone/integration-test/target/test-dir/MiniOzoneClusterImpl-e3530e56-8be5-4e35-b41d-e6108e761a1d/datanode-5/data/ratis/04d0abaa-a0ed-44f6-9939-8b037e1f2c36: flushIndex: setUnconditionally 0 -> -1
2019-08-23 10:04:18,488 [pool-494-thread-1] INFO  server.RaftServerConfigKeys (ConfUtils.java:logGet(43)) - raft.server.snapshot.auto.trigger.enabled = true (custom)
2019-08-23 10:04:18,489 [pool-494-thread-1] INFO  server.RaftServerConfigKeys (ConfUtils.java:logGet(43)) - raft.server.snapshot.auto.trigger.threshold = 10000 (custom)
2019-08-23 10:04:18,489 [pool-494-thread-1] INFO  server.RaftServerConfigKeys (ConfUtils.java:logGet(43)) - raft.server.retrycache.expirytime = 600000ms (custom)
2019-08-23 10:04:18,489 [pool-494-thread-1] INFO  impl.RaftServerImpl (RaftServerImpl.java:start(180)) - 2e3457a7-9f76-45fb-9b7b-9eb45e0d8c5c: start group-8B037E1F2C36
2019-08-23 10:04:18,489 [pool-494-thread-1] INFO  impl.RaftServerImpl (RaftServerImpl.java:setRole(171)) - 2e3457a7-9f76-45fb-9b7b-9eb45e0d8c5c:group-8B037E1F2C36 changes role from null to FOLLOWER at term 0 for startAsFollower
2019-08-23 10:04:18,489 [pool-494-thread-1] INFO  impl.RoleInfo (RoleInfo.java:updateAndGet(143)) - 2e3457a7-9f76-45fb-9b7b-9eb45e0d8c5c: start FollowerState
2019-08-23 10:04:18,490 [pool-494-thread-1] INFO  util.JmxRegister (JmxRegister.java:tryRegister(44)) - Successfully registered JMX Bean with object name Ratis:service=RaftServer,group=group-8B037E1F2C36,id=2e3457a7-9f76-45fb-9b7b-9eb45e0d8c5c
2019-08-23 10:04:18,495 [RatisPipelineUtilsThread] INFO  pipeline.PipelineStateManager (PipelineStateManager.java:addPipeline(56)) - Created pipeline Pipeline[ Id: 04d0abaa-a0ed-44f6-9939-8b037e1f2c36, Nodes: 2e3457a7-9f76-45fb-9b7b-9eb45e0d8c5c{ip: 192.168.34.11, host: pr-hdds-1094-r7kqq-4265743569, networkLocation: /default-rack, certSerialId: null}, Type:RATIS, Factor:ONE, State:OPEN]
2019-08-23 10:04:18,502 [grpc-default-executor-4] INFO  impl.RaftServerProxy (RaftServerProxy.java:addNew(89)) - c59437e1-9416-4eae-8424-f47ceed6fd18: addNew group-ABF59B3ADCDE:[2d79817c-83ab-4b4b-a173-9d1d58553336:192.168.34.11:36277, c59437e1-9416-4eae-8424-f47ceed6fd18:192.168.34.11:33751, 2e3457a7-9f76-45fb-9b7b-9eb45e0d8c5c:192.168.34.11:36212] returns group-ABF59B3ADCDE:java.util.concurrent.CompletableFuture@124ccc6d[Not completed]
2019-08-23 10:04:18,502 [grpc-default-executor-7] INFO  impl.RaftServerProxy (RaftServerProxy.java:addNew(89)) - 2d79817c-83ab-4b4b-a173-9d1d58553336: addNew group-ABF59B3ADCDE:[2d79817c-83ab-4b4b-a173-9d1d58553336:192.168.34.11:36277, c59437e1-9416-4eae-8424-f47ceed6fd18:192.168.34.11:33751, 2e3457a7-9f76-45fb-9b7b-9eb45e0d8c5c:192.168.34.11:36212] returns group-ABF59B3ADCDE:java.util.concurrent.CompletableFuture@4709df5c[Not completed]
2019-08-23 10:04:18,503 [grpc-default-executor-9] INFO  impl.RaftServerProxy (RaftServerProxy.java:addNew(89)) - 2e3457a7-9f76-45fb-9b7b-9eb45e0d8c5c: addNew group-ABF59B3ADCDE:[2d79817c-83ab-4b4b-a173-9d1d58553336:192.168.34.11:36277, c59437e1-9416-4eae-8424-f47ceed6fd18:192.168.34.11:33751, 2e3457a7-9f76-45fb-9b7b-9eb45e0d8c5c:192.168.34.11:36212] returns group-ABF59B3ADCDE:java.util.concurrent.CompletableFuture@fa82972[Not completed]
2019-08-23 10:04:18,504 [pool-483-thread-1] INFO  impl.RaftServerImpl (RaftServerImpl.java:<init>(93)) - c59437e1-9416-4eae-8424-f47ceed6fd18: new RaftServerImpl for group-ABF59B3ADCDE:[2d79817c-83ab-4b4b-a173-9d1d58553336:192.168.34.11:36277, c59437e1-9416-4eae-8424-f47ceed6fd18:192.168.34.11:33751, 2e3457a7-9f76-45fb-9b7b-9eb45e0d8c5c:192.168.34.11:36212] with ContainerStateMachine:uninitialized
2019-08-23 10:04:18,504 [pool-483-thread-1] INFO  server.RaftServerConfigKeys (ConfUtils.java:logGet(43)) - raft.server.rpc.timeout.min = 5s (custom)
2019-08-23 10:04:18,504 [pool-483-thread-1] INFO  server.RaftServerConfigKeys (ConfUtils.java:logGet(43)) - raft.server.rpc.timeout.max = 5200ms (custom)
2019-08-23 10:04:18,504 [pool-483-thread-1] INFO  server.RaftServerConfigKeys (ConfUtils.java:logGet(43)) - raft.server.rpcslowness.timeout = 120s (custom)
2019-08-23 10:04:18,504 [pool-483-thread-1] INFO  server.RaftServerConfigKeys (ConfUtils.java:logGet(43)) - raft.server.sleep.deviation.threshold = 300 (default)
2019-08-23 10:04:18,504 [pool-494-thread-1] INFO  impl.RaftServerImpl (RaftServerImpl.java:<init>(93)) - 2e3457a7-9f76-45fb-9b7b-9eb45e0d8c5c: new RaftServerImpl for group-ABF59B3ADCDE:[2d79817c-83ab-4b4b-a173-9d1d58553336:192.168.34.11:36277, c59437e1-9416-4eae-8424-f47ceed6fd18:192.168.34.11:33751, 2e3457a7-9f76-45fb-9b7b-9eb45e0d8c5c:192.168.34.11:36212] with ContainerStateMachine:uninitialized
2019-08-23 10:04:18,505 [pool-483-thread-1] INFO  server.RaftServerConfigKeys (ConfUtils.java:logGet(43)) - raft.server.log.appender.install.snapshot.enabled = false (custom)
2019-08-23 10:04:18,505 [pool-494-thread-1] INFO  server.RaftServerConfigKeys (ConfUtils.java:logGet(43)) - raft.server.rpc.timeout.min = 5s (custom)
2019-08-23 10:04:18,505 [pool-483-thread-1] INFO  impl.RaftServerImpl (ServerState.java:<init>(105)) - c59437e1-9416-4eae-8424-f47ceed6fd18:group-ABF59B3ADCDE ConfigurationManager, init=-1: [2d79817c-83ab-4b4b-a173-9d1d58553336:192.168.34.11:36277, c59437e1-9416-4eae-8424-f47ceed6fd18:192.168.34.11:33751, 2e3457a7-9f76-45fb-9b7b-9eb45e0d8c5c:192.168.34.11:36212], old=null, confs=<EMPTY_MAP>
2019-08-23 10:04:18,505 [pool-494-thread-1] INFO  server.RaftServerConfigKeys (ConfUtils.java:logGet(43)) - raft.server.rpc.timeout.max = 5200ms (custom)
2019-08-23 10:04:18,505 [pool-472-thread-1] INFO  impl.RaftServerImpl (RaftServerImpl.java:<init>(93)) - 2d79817c-83ab-4b4b-a173-9d1d58553336: new RaftServerImpl for group-ABF59B3ADCDE:[2d79817c-83ab-4b4b-a173-9d1d58553336:192.168.34.11:36277, c59437e1-9416-4eae-8424-f47ceed6fd18:192.168.34.11:33751, 2e3457a7-9f76-45fb-9b7b-9eb45e0d8c5c:192.168.34.11:36212] with ContainerStateMachine:uninitialized
2019-08-23 10:04:18,505 [pool-494-thread-1] INFO  server.RaftServerConfigKeys (ConfUtils.java:logGet(43)) - raft.server.rpcslowness.timeout = 120s (custom)
2019-08-23 10:04:18,505 [pool-483-thread-1] INFO  server.RaftServerConfigKeys (ConfUtils.java:logGet(43)) - raft.server.storage.dir = [/workdir/hadoop-ozone/integration-test/target/test-dir/MiniOzoneClusterImpl-e3530e56-8be5-4e35-b41d-e6108e761a1d/datanode-4/data/ratis] (custom)
2019-08-23 10:04:18,506 [pool-494-thread-1] INFO  server.RaftServerConfigKeys (ConfUtils.java:logGet(43)) - raft.server.sleep.deviation.threshold = 300 (default)
2019-08-23 10:04:18,505 [pool-472-thread-1] INFO  server.RaftServerConfigKeys (ConfUtils.java:logGet(43)) - raft.server.rpc.timeout.min = 5s (custom)
2019-08-23 10:04:18,506 [pool-483-thread-1] INFO  storage.RaftStorageDirectory (RaftStorageDirectory.java:analyzeStorage(246)) - The storage directory /workdir/hadoop-ozone/integration-test/target/test-dir/MiniOzoneClusterImpl-e3530e56-8be5-4e35-b41d-e6108e761a1d/datanode-4/data/ratis/0c6786e4-2b14-4615-83b9-abf59b3adcde does not exist. Creating ...
2019-08-23 10:04:18,506 [pool-494-thread-1] INFO  server.RaftServerConfigKeys (ConfUtils.java:logGet(43)) - raft.server.log.appender.install.snapshot.enabled = false (custom)
2019-08-23 10:04:18,506 [pool-472-thread-1] INFO  server.RaftServerConfigKeys (ConfUtils.java:logGet(43)) - raft.server.rpc.timeout.max = 5200ms (custom)
2019-08-23 10:04:18,506 [pool-494-thread-1] INFO  impl.RaftServerImpl (ServerState.java:<init>(105)) - 2e3457a7-9f76-45fb-9b7b-9eb45e0d8c5c:group-ABF59B3ADCDE ConfigurationManager, init=-1: [2d79817c-83ab-4b4b-a173-9d1d58553336:192.168.34.11:36277, c59437e1-9416-4eae-8424-f47ceed6fd18:192.168.34.11:33751, 2e3457a7-9f76-45fb-9b7b-9eb45e0d8c5c:192.168.34.11:36212], old=null, confs=<EMPTY_MAP>
2019-08-23 10:04:18,507 [pool-472-thread-1] INFO  server.RaftServerConfigKeys (ConfUtils.java:logGet(43)) - raft.server.rpcslowness.timeout = 120s (custom)
2019-08-23 10:04:18,507 [pool-494-thread-1] INFO  server.RaftServerConfigKeys (ConfUtils.java:logGet(43)) - raft.server.storage.dir = [/workdir/hadoop-ozone/integration-test/target/test-dir/MiniOzoneClusterImpl-e3530e56-8be5-4e35-b41d-e6108e761a1d/datanode-5/data/ratis] (custom)
2019-08-23 10:04:18,507 [pool-472-thread-1] INFO  server.RaftServerConfigKeys (ConfUtils.java:logGet(43)) - raft.server.sleep.deviation.threshold = 300 (default)
2019-08-23 10:04:18,507 [pool-472-thread-1] INFO  server.RaftServerConfigKeys (ConfUtils.java:logGet(43)) - raft.server.log.appender.install.snapshot.enabled = false (custom)
2019-08-23 10:04:18,507 [pool-494-thread-1] INFO  storage.RaftStorageDirectory (RaftStorageDirectory.java:analyzeStorage(246)) - The storage directory /workdir/hadoop-ozone/integration-test/target/test-dir/MiniOzoneClusterImpl-e3530e56-8be5-4e35-b41d-e6108e761a1d/datanode-5/data/ratis/0c6786e4-2b14-4615-83b9-abf59b3adcde does not exist. Creating ...
2019-08-23 10:04:18,507 [pool-472-thread-1] INFO  impl.RaftServerImpl (ServerState.java:<init>(105)) - 2d79817c-83ab-4b4b-a173-9d1d58553336:group-ABF59B3ADCDE ConfigurationManager, init=-1: [2d79817c-83ab-4b4b-a173-9d1d58553336:192.168.34.11:36277, c59437e1-9416-4eae-8424-f47ceed6fd18:192.168.34.11:33751, 2e3457a7-9f76-45fb-9b7b-9eb45e0d8c5c:192.168.34.11:36212], old=null, confs=<EMPTY_MAP>
2019-08-23 10:04:18,508 [pool-472-thread-1] INFO  server.RaftServerConfigKeys (ConfUtils.java:logGet(43)) - raft.server.storage.dir = [/workdir/hadoop-ozone/integration-test/target/test-dir/MiniOzoneClusterImpl-e3530e56-8be5-4e35-b41d-e6108e761a1d/datanode-3/data/ratis] (custom)
2019-08-23 10:04:18,508 [pool-472-thread-1] INFO  storage.RaftStorageDirectory (RaftStorageDirectory.java:analyzeStorage(246)) - The storage directory /workdir/hadoop-ozone/integration-test/target/test-dir/MiniOzoneClusterImpl-e3530e56-8be5-4e35-b41d-e6108e761a1d/datanode-3/data/ratis/0c6786e4-2b14-4615-83b9-abf59b3adcde does not exist. Creating ...
2019-08-23 10:04:18,519 [pool-483-thread-1] INFO  storage.RaftStorageDirectory (RaftStorageDirectory.java:tryLock(328)) - Lock on /workdir/hadoop-ozone/integration-test/target/test-dir/MiniOzoneClusterImpl-e3530e56-8be5-4e35-b41d-e6108e761a1d/datanode-4/data/ratis/0c6786e4-2b14-4615-83b9-abf59b3adcde/in_use.lock acquired by nodename 11954@pr-hdds-1094-r7kqq-4265743569
2019-08-23 10:04:18,519 [pool-472-thread-1] INFO  storage.RaftStorageDirectory (RaftStorageDirectory.java:tryLock(328)) - Lock on /workdir/hadoop-ozone/integration-test/target/test-dir/MiniOzoneClusterImpl-e3530e56-8be5-4e35-b41d-e6108e761a1d/datanode-3/data/ratis/0c6786e4-2b14-4615-83b9-abf59b3adcde/in_use.lock acquired by nodename 11954@pr-hdds-1094-r7kqq-4265743569
2019-08-23 10:04:18,519 [pool-494-thread-1] INFO  storage.RaftStorageDirectory (RaftStorageDirectory.java:tryLock(328)) - Lock on /workdir/hadoop-ozone/integration-test/target/test-dir/MiniOzoneClusterImpl-e3530e56-8be5-4e35-b41d-e6108e761a1d/datanode-5/data/ratis/0c6786e4-2b14-4615-83b9-abf59b3adcde/in_use.lock acquired by nodename 11954@pr-hdds-1094-r7kqq-4265743569
2019-08-23 10:04:18,534 [pool-472-thread-1] INFO  storage.RaftStorage (RaftStorage.java:format(72)) - Storage directory /workdir/hadoop-ozone/integration-test/target/test-dir/MiniOzoneClusterImpl-e3530e56-8be5-4e35-b41d-e6108e761a1d/datanode-3/data/ratis/0c6786e4-2b14-4615-83b9-abf59b3adcde has been successfully formatted.
2019-08-23 10:04:18,534 [pool-494-thread-1] INFO  storage.RaftStorage (RaftStorage.java:format(72)) - Storage directory /workdir/hadoop-ozone/integration-test/target/test-dir/MiniOzoneClusterImpl-e3530e56-8be5-4e35-b41d-e6108e761a1d/datanode-5/data/ratis/0c6786e4-2b14-4615-83b9-abf59b3adcde has been successfully formatted.
2019-08-23 10:04:18,534 [pool-483-thread-1] INFO  storage.RaftStorage (RaftStorage.java:format(72)) - Storage directory /workdir/hadoop-ozone/integration-test/target/test-dir/MiniOzoneClusterImpl-e3530e56-8be5-4e35-b41d-e6108e761a1d/datanode-4/data/ratis/0c6786e4-2b14-4615-83b9-abf59b3adcde has been successfully formatted.
2019-08-23 10:04:18,534 [pool-494-thread-1] INFO  ratis.ContainerStateMachine (ContainerStateMachine.java:loadSnapshot(226)) - group-ABF59B3ADCDE: The snapshot info is null. Setting the last applied indexto:(t:0, i:~)
2019-08-23 10:04:18,534 [pool-472-thread-1] INFO  ratis.ContainerStateMachine (ContainerStateMachine.java:loadSnapshot(226)) - group-ABF59B3ADCDE: The snapshot info is null. Setting the last applied indexto:(t:0, i:~)
2019-08-23 10:04:18,534 [pool-494-thread-1] INFO  server.RaftServerConfigKeys (ConfUtils.java:logGet(43)) - raft.server.leader.election.timeout = 120s (custom)
2019-08-23 10:04:18,534 [pool-483-thread-1] INFO  ratis.ContainerStateMachine (ContainerStateMachine.java:loadSnapshot(226)) - group-ABF59B3ADCDE: The snapshot info is null. Setting the last applied indexto:(t:0, i:~)
2019-08-23 10:04:18,535 [pool-494-thread-1] INFO  server.RaftServerConfigKeys (ConfUtils.java:logGet(43)) - raft.server.log.use.memory = false (default)
2019-08-23 10:04:18,534 [pool-472-thread-1] INFO  server.RaftServerConfigKeys (ConfUtils.java:logGet(43)) - raft.server.leader.election.timeout = 120s (custom)
2019-08-23 10:04:18,535 [pool-494-thread-1] INFO  server.RaftServerConfigKeys (ConfUtils.java:logGet(43)) - raft.server.log.purge.gap = 1000000 (custom)
2019-08-23 10:04:18,535 [pool-483-thread-1] INFO  server.RaftServerConfigKeys (ConfUtils.java:logGet(43)) - raft.server.leader.election.timeout = 120s (custom)
2019-08-23 10:04:18,535 [pool-494-thread-1] INFO  server.RaftServerConfigKeys (ConfUtils.java:logGet(43)) - raft.server.log.appender.buffer.byte-limit = 33554432 (custom)
2019-08-23 10:04:18,535 [pool-472-thread-1] INFO  server.RaftServerConfigKeys (ConfUtils.java:logGet(43)) - raft.server.log.use.memory = false (default)
2019-08-23 10:04:18,536 [pool-494-thread-1] INFO  server.RaftServerConfigKeys (ConfUtils.java:logGet(43)) - raft.server.log.segment.size.max = 1048576 (custom)
2019-08-23 10:04:18,535 [pool-483-thread-1] INFO  server.RaftServerConfigKeys (ConfUtils.java:logGet(43)) - raft.server.log.use.memory = false (default)
2019-08-23 10:04:18,536 [pool-494-thread-1] INFO  server.RaftServerConfigKeys (ConfUtils.java:logGet(43)) - raft.server.log.segment.cache.num.max = 2 (custom)
2019-08-23 10:04:18,536 [pool-472-thread-1] INFO  server.RaftServerConfigKeys (ConfUtils.java:logGet(43)) - raft.server.log.purge.gap = 1000000 (custom)
2019-08-23 10:04:18,536 [pool-494-thread-1] INFO  segmented.SegmentedRaftLogWorker (SegmentedRaftLogWorker.java:<init>(172)) - new 2e3457a7-9f76-45fb-9b7b-9eb45e0d8c5c-SegmentedRaftLogWorker:Storage Directory /workdir/hadoop-ozone/integration-test/target/test-dir/MiniOzoneClusterImpl-e3530e56-8be5-4e35-b41d-e6108e761a1d/datanode-5/data/ratis/0c6786e4-2b14-4615-83b9-abf59b3adcde for RaftStorage:Storage Directory /workdir/hadoop-ozone/integration-test/target/test-dir/MiniOzoneClusterImpl-e3530e56-8be5-4e35-b41d-e6108e761a1d/datanode-5/data/ratis/0c6786e4-2b14-4615-83b9-abf59b3adcde
2019-08-23 10:04:18,536 [pool-483-thread-1] INFO  server.RaftServerConfigKeys (ConfUtils.java:logGet(43)) - raft.server.log.purge.gap = 1000000 (custom)
2019-08-23 10:04:18,537 [pool-494-thread-1] INFO  server.RaftServerConfigKeys (ConfUtils.java:logGet(43)) - raft.server.log.queue.byte-limit = 2147483647 (custom)
2019-08-23 10:04:18,536 [pool-472-thread-1] INFO  server.RaftServerConfigKeys (ConfUtils.java:logGet(43)) - raft.server.log.appender.buffer.byte-limit = 33554432 (custom)
2019-08-23 10:04:18,537 [pool-494-thread-1] INFO  server.RaftServerConfigKeys (ConfUtils.java:logGet(43)) - raft.server.log.queue.element-limit = 1024 (custom)
2019-08-23 10:04:18,537 [pool-483-thread-1] INFO  server.RaftServerConfigKeys (ConfUtils.java:logGet(43)) - raft.server.log.appender.buffer.byte-limit = 33554432 (custom)
2019-08-23 10:04:18,537 [pool-494-thread-1] INFO  server.RaftServerConfigKeys (ConfUtils.java:logGet(43)) - raft.server.log.segment.size.max = 1048576 (custom)
2019-08-23 10:04:18,537 [pool-472-thread-1] INFO  server.RaftServerConfigKeys (ConfUtils.java:logGet(43)) - raft.server.log.segment.size.max = 1048576 (custom)
2019-08-23 10:04:18,538 [pool-494-thread-1] INFO  server.RaftServerConfigKeys (ConfUtils.java:logGet(43)) - raft.server.log.preallocated.size = 16384 (custom)
2019-08-23 10:04:18,538 [pool-494-thread-1] INFO  server.RaftServerConfigKeys (ConfUtils.java:logGet(43)) - raft.server.log.write.buffer.size = 33554432 (custom)
2019-08-23 10:04:18,537 [pool-483-thread-1] INFO  server.RaftServerConfigKeys (ConfUtils.java:logGet(43)) - raft.server.log.segment.size.max = 1048576 (custom)
2019-08-23 10:04:18,538 [pool-494-thread-1] INFO  server.RaftServerConfigKeys (ConfUtils.java:logGet(43)) - raft.server.log.force.sync.num = 128 (default)
2019-08-23 10:04:18,538 [pool-494-thread-1] INFO  server.RaftServerConfigKeys (ConfUtils.java:logGet(43)) - raft.server.log.statemachine.data.sync = true (default)
2019-08-23 10:04:18,538 [pool-472-thread-1] INFO  server.RaftServerConfigKeys (ConfUtils.java:logGet(43)) - raft.server.log.segment.cache.num.max = 2 (custom)
2019-08-23 10:04:18,539 [pool-494-thread-1] INFO  server.RaftServerConfigKeys (ConfUtils.java:logGet(43)) - raft.server.log.statemachine.data.sync.timeout = 10s (default)
2019-08-23 10:04:18,538 [pool-483-thread-1] INFO  server.RaftServerConfigKeys (ConfUtils.java:logGet(43)) - raft.server.log.segment.cache.num.max = 2 (custom)
2019-08-23 10:04:18,539 [pool-494-thread-1] INFO  server.RaftServerConfigKeys (ConfUtils.java:logGet(43)) - raft.server.log.statemachine.data.sync.timeout.retry = -1 (default)
2019-08-23 10:04:18,539 [pool-472-thread-1] INFO  segmented.SegmentedRaftLogWorker (SegmentedRaftLogWorker.java:<init>(172)) - new 2d79817c-83ab-4b4b-a173-9d1d58553336-SegmentedRaftLogWorker:Storage Directory /workdir/hadoop-ozone/integration-test/target/test-dir/MiniOzoneClusterImpl-e3530e56-8be5-4e35-b41d-e6108e761a1d/datanode-3/data/ratis/0c6786e4-2b14-4615-83b9-abf59b3adcde for RaftStorage:Storage Directory /workdir/hadoop-ozone/integration-test/target/test-dir/MiniOzoneClusterImpl-e3530e56-8be5-4e35-b41d-e6108e761a1d/datanode-3/data/ratis/0c6786e4-2b14-4615-83b9-abf59b3adcde
2019-08-23 10:04:18,539 [pool-494-thread-1] INFO  server.RaftServerConfigKeys (ConfUtils.java:logGet(43)) - raft.server.log.statemachine.data.caching.enabled = true (custom)
2019-08-23 10:04:18,539 [pool-483-thread-1] INFO  segmented.SegmentedRaftLogWorker (SegmentedRaftLogWorker.java:<init>(172)) - new c59437e1-9416-4eae-8424-f47ceed6fd18-SegmentedRaftLogWorker:Storage Directory /workdir/hadoop-ozone/integration-test/target/test-dir/MiniOzoneClusterImpl-e3530e56-8be5-4e35-b41d-e6108e761a1d/datanode-4/data/ratis/0c6786e4-2b14-4615-83b9-abf59b3adcde for RaftStorage:Storage Directory /workdir/hadoop-ozone/integration-test/target/test-dir/MiniOzoneClusterImpl-e3530e56-8be5-4e35-b41d-e6108e761a1d/datanode-4/data/ratis/0c6786e4-2b14-4615-83b9-abf59b3adcde
2019-08-23 10:04:18,539 [pool-472-thread-1] INFO  server.RaftServerConfigKeys (ConfUtils.java:logGet(43)) - raft.server.log.queue.byte-limit = 2147483647 (custom)
2019-08-23 10:04:18,540 [pool-483-thread-1] INFO  server.RaftServerConfigKeys (ConfUtils.java:logGet(43)) - raft.server.log.queue.byte-limit = 2147483647 (custom)
2019-08-23 10:04:18,540 [pool-494-thread-1] INFO  segmented.SegmentedRaftLogWorker (SegmentedRaftLogWorker.java:lambda$new$0(132)) - 2e3457a7-9f76-45fb-9b7b-9eb45e0d8c5c-SegmentedRaftLogWorker:Storage Directory /workdir/hadoop-ozone/integration-test/target/test-dir/MiniOzoneClusterImpl-e3530e56-8be5-4e35-b41d-e6108e761a1d/datanode-5/data/ratis/0c6786e4-2b14-4615-83b9-abf59b3adcde: flushIndex: setUnconditionally 0 -> -1
2019-08-23 10:04:18,540 [pool-483-thread-1] INFO  server.RaftServerConfigKeys (ConfUtils.java:logGet(43)) - raft.server.log.queue.element-limit = 1024 (custom)
2019-08-23 10:04:18,540 [pool-472-thread-1] INFO  server.RaftServerConfigKeys (ConfUtils.java:logGet(43)) - raft.server.log.queue.element-limit = 1024 (custom)
2019-08-23 10:04:18,541 [pool-494-thread-1] INFO  server.RaftServerConfigKeys (ConfUtils.java:logGet(43)) - raft.server.snapshot.auto.trigger.enabled = true (custom)
2019-08-23 10:04:18,541 [pool-483-thread-1] INFO  server.RaftServerConfigKeys (ConfUtils.java:logGet(43)) - raft.server.log.segment.size.max = 1048576 (custom)
2019-08-23 10:04:18,541 [pool-494-thread-1] INFO  server.RaftServerConfigKeys (ConfUtils.java:logGet(43)) - raft.server.snapshot.auto.trigger.threshold = 10000 (custom)
2019-08-23 10:04:18,541 [pool-472-thread-1] INFO  server.RaftServerConfigKeys (ConfUtils.java:logGet(43)) - raft.server.log.segment.size.max = 1048576 (custom)
2019-08-23 10:04:18,541 [pool-494-thread-1] INFO  server.RaftServerConfigKeys (ConfUtils.java:logGet(43)) - raft.server.retrycache.expirytime = 600000ms (custom)
2019-08-23 10:04:18,541 [pool-483-thread-1] INFO  server.RaftServerConfigKeys (ConfUtils.java:logGet(43)) - raft.server.log.preallocated.size = 16384 (custom)
2019-08-23 10:04:18,542 [pool-494-thread-1] INFO  impl.RaftServerImpl (RaftServerImpl.java:start(180)) - 2e3457a7-9f76-45fb-9b7b-9eb45e0d8c5c: start group-ABF59B3ADCDE
2019-08-23 10:04:18,541 [pool-472-thread-1] INFO  server.RaftServerConfigKeys (ConfUtils.java:logGet(43)) - raft.server.log.preallocated.size = 16384 (custom)
2019-08-23 10:04:18,542 [pool-494-thread-1] INFO  impl.RaftServerImpl (RaftServerImpl.java:setRole(171)) - 2e3457a7-9f76-45fb-9b7b-9eb45e0d8c5c:group-ABF59B3ADCDE changes role from null to FOLLOWER at term 0 for startAsFollower
2019-08-23 10:04:18,542 [pool-483-thread-1] INFO  server.RaftServerConfigKeys (ConfUtils.java:logGet(43)) - raft.server.log.write.buffer.size = 33554432 (custom)
2019-08-23 10:04:18,542 [pool-494-thread-1] INFO  impl.RoleInfo (RoleInfo.java:updateAndGet(143)) - 2e3457a7-9f76-45fb-9b7b-9eb45e0d8c5c: start FollowerState
2019-08-23 10:04:18,542 [pool-472-thread-1] INFO  server.RaftServerConfigKeys (ConfUtils.java:logGet(43)) - raft.server.log.write.buffer.size = 33554432 (custom)
2019-08-23 10:04:18,542 [pool-483-thread-1] INFO  server.RaftServerConfigKeys (ConfUtils.java:logGet(43)) - raft.server.log.force.sync.num = 128 (default)
2019-08-23 10:04:18,543 [pool-494-thread-1] INFO  util.JmxRegister (JmxRegister.java:tryRegister(44)) - Successfully registered JMX Bean with object name Ratis:service=RaftServer,group=group-ABF59B3ADCDE,id=2e3457a7-9f76-45fb-9b7b-9eb45e0d8c5c
2019-08-23 10:04:18,543 [pool-472-thread-1] INFO  server.RaftServerConfigKeys (ConfUtils.java:logGet(43)) - raft.server.log.force.sync.num = 128 (default)
2019-08-23 10:04:18,543 [pool-483-thread-1] INFO  server.RaftServerConfigKeys (ConfUtils.java:logGet(43)) - raft.server.log.statemachine.data.sync = true (default)
2019-08-23 10:04:18,543 [pool-472-thread-1] INFO  server.RaftServerConfigKeys (ConfUtils.java:logGet(43)) - raft.server.log.statemachine.data.sync = true (default)
2019-08-23 10:04:18,543 [pool-483-thread-1] INFO  server.RaftServerConfigKeys (ConfUtils.java:logGet(43)) - raft.server.log.statemachine.data.sync.timeout = 10s (default)
2019-08-23 10:04:18,544 [pool-472-thread-1] INFO  server.RaftServerConfigKeys (ConfUtils.java:logGet(43)) - raft.server.log.statemachine.data.sync.timeout = 10s (default)
2019-08-23 10:04:18,544 [pool-483-thread-1] INFO  server.RaftServerConfigKeys (ConfUtils.java:logGet(43)) - raft.server.log.statemachine.data.sync.timeout.retry = -1 (default)
2019-08-23 10:04:18,544 [pool-472-thread-1] INFO  server.RaftServerConfigKeys (ConfUtils.java:logGet(43)) - raft.server.log.statemachine.data.sync.timeout.retry = -1 (default)
2019-08-23 10:04:18,544 [pool-483-thread-1] INFO  server.RaftServerConfigKeys (ConfUtils.java:logGet(43)) - raft.server.log.statemachine.data.caching.enabled = true (custom)
2019-08-23 10:04:18,548 [pool-472-thread-1] INFO  server.RaftServerConfigKeys (ConfUtils.java:logGet(43)) - raft.server.log.statemachine.data.caching.enabled = true (custom)
2019-08-23 10:04:18,548 [pool-483-thread-1] INFO  segmented.SegmentedRaftLogWorker (SegmentedRaftLogWorker.java:lambda$new$0(132)) - c59437e1-9416-4eae-8424-f47ceed6fd18-SegmentedRaftLogWorker:Storage Directory /workdir/hadoop-ozone/integration-test/target/test-dir/MiniOzoneClusterImpl-e3530e56-8be5-4e35-b41d-e6108e761a1d/datanode-4/data/ratis/0c6786e4-2b14-4615-83b9-abf59b3adcde: flushIndex: setUnconditionally 0 -> -1
2019-08-23 10:04:18,549 [pool-483-thread-1] INFO  server.RaftServerConfigKeys (ConfUtils.java:logGet(43)) - raft.server.snapshot.auto.trigger.enabled = true (custom)
2019-08-23 10:04:18,549 [pool-483-thread-1] INFO  server.RaftServerConfigKeys (ConfUtils.java:logGet(43)) - raft.server.snapshot.auto.trigger.threshold = 10000 (custom)
2019-08-23 10:04:18,549 [pool-483-thread-1] INFO  server.RaftServerConfigKeys (ConfUtils.java:logGet(43)) - raft.server.retrycache.expirytime = 600000ms (custom)
2019-08-23 10:04:18,549 [pool-483-thread-1] INFO  impl.RaftServerImpl (RaftServerImpl.java:start(180)) - c59437e1-9416-4eae-8424-f47ceed6fd18: start group-ABF59B3ADCDE
2019-08-23 10:04:18,549 [pool-472-thread-1] INFO  segmented.SegmentedRaftLogWorker (SegmentedRaftLogWorker.java:lambda$new$0(132)) - 2d79817c-83ab-4b4b-a173-9d1d58553336-SegmentedRaftLogWorker:Storage Directory /workdir/hadoop-ozone/integration-test/target/test-dir/MiniOzoneClusterImpl-e3530e56-8be5-4e35-b41d-e6108e761a1d/datanode-3/data/ratis/0c6786e4-2b14-4615-83b9-abf59b3adcde: flushIndex: setUnconditionally 0 -> -1
2019-08-23 10:04:18,549 [pool-483-thread-1] INFO  impl.RaftServerImpl (RaftServerImpl.java:setRole(171)) - c59437e1-9416-4eae-8424-f47ceed6fd18:group-ABF59B3ADCDE changes role from null to FOLLOWER at term 0 for startAsFollower
2019-08-23 10:04:18,549 [pool-483-thread-1] INFO  impl.RoleInfo (RoleInfo.java:updateAndGet(143)) - c59437e1-9416-4eae-8424-f47ceed6fd18: start FollowerState
2019-08-23 10:04:18,550 [pool-472-thread-1] INFO  server.RaftServerConfigKeys (ConfUtils.java:logGet(43)) - raft.server.snapshot.auto.trigger.enabled = true (custom)
2019-08-23 10:04:18,550 [pool-472-thread-1] INFO  server.RaftServerConfigKeys (ConfUtils.java:logGet(43)) - raft.server.snapshot.auto.trigger.threshold = 10000 (custom)
2019-08-23 10:04:18,550 [pool-483-thread-1] INFO  util.JmxRegister (JmxRegister.java:tryRegister(44)) - Successfully registered JMX Bean with object name Ratis:service=RaftServer,group=group-ABF59B3ADCDE,id=c59437e1-9416-4eae-8424-f47ceed6fd18
2019-08-23 10:04:18,550 [pool-472-thread-1] INFO  server.RaftServerConfigKeys (ConfUtils.java:logGet(43)) - raft.server.retrycache.expirytime = 600000ms (custom)
2019-08-23 10:04:18,550 [pool-472-thread-1] INFO  impl.RaftServerImpl (RaftServerImpl.java:start(180)) - 2d79817c-83ab-4b4b-a173-9d1d58553336: start group-ABF59B3ADCDE
2019-08-23 10:04:18,550 [pool-472-thread-1] INFO  impl.RaftServerImpl (RaftServerImpl.java:setRole(171)) - 2d79817c-83ab-4b4b-a173-9d1d58553336:group-ABF59B3ADCDE changes role from null to FOLLOWER at term 0 for startAsFollower
2019-08-23 10:04:18,551 [pool-472-thread-1] INFO  impl.RoleInfo (RoleInfo.java:updateAndGet(143)) - 2d79817c-83ab-4b4b-a173-9d1d58553336: start FollowerState
2019-08-23 10:04:18,551 [pool-472-thread-1] INFO  util.JmxRegister (JmxRegister.java:tryRegister(44)) - Successfully registered JMX Bean with object name Ratis:service=RaftServer,group=group-ABF59B3ADCDE,id=2d79817c-83ab-4b4b-a173-9d1d58553336
2019-08-23 10:04:18,558 [RatisPipelineUtilsThread] INFO  pipeline.PipelineStateManager (PipelineStateManager.java:addPipeline(56)) - Created pipeline Pipeline[ Id: 0c6786e4-2b14-4615-83b9-abf59b3adcde, Nodes: 2e3457a7-9f76-45fb-9b7b-9eb45e0d8c5c{ip: 192.168.34.11, host: pr-hdds-1094-r7kqq-4265743569, networkLocation: /default-rack, certSerialId: null}2d79817c-83ab-4b4b-a173-9d1d58553336{ip: 192.168.34.11, host: pr-hdds-1094-r7kqq-4265743569, networkLocation: /default-rack, certSerialId: null}c59437e1-9416-4eae-8424-f47ceed6fd18{ip: 192.168.34.11, host: pr-hdds-1094-r7kqq-4265743569, networkLocation: /default-rack, certSerialId: null}, Type:RATIS, Factor:THREE, State:OPEN]
2019-08-23 10:04:18,661 [main] INFO  ozone.MiniOzoneClusterImpl (MiniOzoneClusterImpl.java:lambda$waitForClusterToBeReady$0(142)) - Waiting for cluster to be ready. Got 6 of 7 DN Heartbeats.
2019-08-23 10:04:18,661 [IPC Server handler 3 on 42369] INFO  net.NetworkTopology (NetworkTopologyImpl.java:add(110)) - Added a new node: /default-rack/7b18dc38-9e45-4799-92bc-3e52050f2105
2019-08-23 10:04:18,661 [IPC Server handler 3 on 42369] INFO  node.SCMNodeManager (SCMNodeManager.java:register(273)) - Registered Data node : 7b18dc38-9e45-4799-92bc-3e52050f2105{ip: 192.168.34.11, host: pr-hdds-1094-r7kqq-4265743569, networkLocation: /default-rack, certSerialId: null}
2019-08-23 10:04:18,662 | INFO  | SCMAudit | user=jenkins1000 | ip=192.168.34.11 | op=REGISTER {datanodeDetails=7b18dc38-9e45-4799-92bc-3e52050f2105{ip: 192.168.34.11, host: pr-hdds-1094-r7kqq-4265743569, networkLocation: /default-rack, certSerialId: null}} | ret=SUCCESS |  
2019-08-23 10:04:18,669 [grpc-default-executor-9] INFO  impl.RaftServerProxy (RaftServerProxy.java:addNew(89)) - 7b18dc38-9e45-4799-92bc-3e52050f2105: addNew group-15300AAF654B:[7b18dc38-9e45-4799-92bc-3e52050f2105:192.168.34.11:39779] returns group-15300AAF654B:java.util.concurrent.CompletableFuture@493d0942[Not completed]
2019-08-23 10:04:18,670 [pool-505-thread-1] INFO  impl.RaftServerImpl (RaftServerImpl.java:<init>(93)) - 7b18dc38-9e45-4799-92bc-3e52050f2105: new RaftServerImpl for group-15300AAF654B:[7b18dc38-9e45-4799-92bc-3e52050f2105:192.168.34.11:39779] with ContainerStateMachine:uninitialized
2019-08-23 10:04:18,671 [pool-505-thread-1] INFO  server.RaftServerConfigKeys (ConfUtils.java:logGet(43)) - raft.server.rpc.timeout.min = 5s (custom)
2019-08-23 10:04:18,671 [pool-505-thread-1] INFO  server.RaftServerConfigKeys (ConfUtils.java:logGet(43)) - raft.server.rpc.timeout.max = 5200ms (custom)
2019-08-23 10:04:18,671 [pool-505-thread-1] INFO  server.RaftServerConfigKeys (ConfUtils.java:logGet(43)) - raft.server.rpcslowness.timeout = 120s (custom)
2019-08-23 10:04:18,671 [pool-505-thread-1] INFO  server.RaftServerConfigKeys (ConfUtils.java:logGet(43)) - raft.server.sleep.deviation.threshold = 300 (default)
2019-08-23 10:04:18,671 [pool-505-thread-1] INFO  server.RaftServerConfigKeys (ConfUtils.java:logGet(43)) - raft.server.log.appender.install.snapshot.enabled = false (custom)
2019-08-23 10:04:18,671 [pool-505-thread-1] INFO  impl.RaftServerImpl (ServerState.java:<init>(105)) - 7b18dc38-9e45-4799-92bc-3e52050f2105:group-15300AAF654B ConfigurationManager, init=-1: [7b18dc38-9e45-4799-92bc-3e52050f2105:192.168.34.11:39779], old=null, confs=<EMPTY_MAP>
2019-08-23 10:04:18,672 [pool-505-thread-1] INFO  server.RaftServerConfigKeys (ConfUtils.java:logGet(43)) - raft.server.storage.dir = [/workdir/hadoop-ozone/integration-test/target/test-dir/MiniOzoneClusterImpl-e3530e56-8be5-4e35-b41d-e6108e761a1d/datanode-6/data/ratis] (custom)
2019-08-23 10:04:18,672 [pool-505-thread-1] INFO  storage.RaftStorageDirectory (RaftStorageDirectory.java:analyzeStorage(246)) - The storage directory /workdir/hadoop-ozone/integration-test/target/test-dir/MiniOzoneClusterImpl-e3530e56-8be5-4e35-b41d-e6108e761a1d/datanode-6/data/ratis/e5748869-b58f-4369-90c4-15300aaf654b does not exist. Creating ...
2019-08-23 10:04:18,686 [pool-505-thread-1] INFO  storage.RaftStorageDirectory (RaftStorageDirectory.java:tryLock(328)) - Lock on /workdir/hadoop-ozone/integration-test/target/test-dir/MiniOzoneClusterImpl-e3530e56-8be5-4e35-b41d-e6108e761a1d/datanode-6/data/ratis/e5748869-b58f-4369-90c4-15300aaf654b/in_use.lock acquired by nodename 11954@pr-hdds-1094-r7kqq-4265743569
2019-08-23 10:04:18,700 [pool-505-thread-1] INFO  storage.RaftStorage (RaftStorage.java:format(72)) - Storage directory /workdir/hadoop-ozone/integration-test/target/test-dir/MiniOzoneClusterImpl-e3530e56-8be5-4e35-b41d-e6108e761a1d/datanode-6/data/ratis/e5748869-b58f-4369-90c4-15300aaf654b has been successfully formatted.
2019-08-23 10:04:18,700 [pool-505-thread-1] INFO  ratis.ContainerStateMachine (ContainerStateMachine.java:loadSnapshot(226)) - group-15300AAF654B: The snapshot info is null. Setting the last applied indexto:(t:0, i:~)
2019-08-23 10:04:18,701 [pool-505-thread-1] INFO  server.RaftServerConfigKeys (ConfUtils.java:logGet(43)) - raft.server.leader.election.timeout = 120s (custom)
2019-08-23 10:04:18,701 [pool-505-thread-1] INFO  server.RaftServerConfigKeys (ConfUtils.java:logGet(43)) - raft.server.log.use.memory = false (default)
2019-08-23 10:04:18,701 [pool-505-thread-1] INFO  server.RaftServerConfigKeys (ConfUtils.java:logGet(43)) - raft.server.log.purge.gap = 1000000 (custom)
2019-08-23 10:04:18,701 [pool-505-thread-1] INFO  server.RaftServerConfigKeys (ConfUtils.java:logGet(43)) - raft.server.log.appender.buffer.byte-limit = 33554432 (custom)
2019-08-23 10:04:18,701 [pool-505-thread-1] INFO  server.RaftServerConfigKeys (ConfUtils.java:logGet(43)) - raft.server.log.segment.size.max = 1048576 (custom)
2019-08-23 10:04:18,701 [pool-505-thread-1] INFO  server.RaftServerConfigKeys (ConfUtils.java:logGet(43)) - raft.server.log.segment.cache.num.max = 2 (custom)
2019-08-23 10:04:18,701 [pool-505-thread-1] INFO  segmented.SegmentedRaftLogWorker (SegmentedRaftLogWorker.java:<init>(172)) - new 7b18dc38-9e45-4799-92bc-3e52050f2105-SegmentedRaftLogWorker:Storage Directory /workdir/hadoop-ozone/integration-test/target/test-dir/MiniOzoneClusterImpl-e3530e56-8be5-4e35-b41d-e6108e761a1d/datanode-6/data/ratis/e5748869-b58f-4369-90c4-15300aaf654b for RaftStorage:Storage Directory /workdir/hadoop-ozone/integration-test/target/test-dir/MiniOzoneClusterImpl-e3530e56-8be5-4e35-b41d-e6108e761a1d/datanode-6/data/ratis/e5748869-b58f-4369-90c4-15300aaf654b
2019-08-23 10:04:18,702 [pool-505-thread-1] INFO  server.RaftServerConfigKeys (ConfUtils.java:logGet(43)) - raft.server.log.queue.byte-limit = 2147483647 (custom)
2019-08-23 10:04:18,702 [pool-505-thread-1] INFO  server.RaftServerConfigKeys (ConfUtils.java:logGet(43)) - raft.server.log.queue.element-limit = 1024 (custom)
2019-08-23 10:04:18,702 [pool-505-thread-1] INFO  server.RaftServerConfigKeys (ConfUtils.java:logGet(43)) - raft.server.log.segment.size.max = 1048576 (custom)
2019-08-23 10:04:18,702 [pool-505-thread-1] INFO  server.RaftServerConfigKeys (ConfUtils.java:logGet(43)) - raft.server.log.preallocated.size = 16384 (custom)
2019-08-23 10:04:18,703 [pool-505-thread-1] INFO  server.RaftServerConfigKeys (ConfUtils.java:logGet(43)) - raft.server.log.write.buffer.size = 33554432 (custom)
2019-08-23 10:04:18,703 [pool-505-thread-1] INFO  server.RaftServerConfigKeys (ConfUtils.java:logGet(43)) - raft.server.log.force.sync.num = 128 (default)
2019-08-23 10:04:18,703 [pool-505-thread-1] INFO  server.RaftServerConfigKeys (ConfUtils.java:logGet(43)) - raft.server.log.statemachine.data.sync = true (default)
2019-08-23 10:04:18,703 [pool-505-thread-1] INFO  server.RaftServerConfigKeys (ConfUtils.java:logGet(43)) - raft.server.log.statemachine.data.sync.timeout = 10s (default)
2019-08-23 10:04:18,703 [pool-505-thread-1] INFO  server.RaftServerConfigKeys (ConfUtils.java:logGet(43)) - raft.server.log.statemachine.data.sync.timeout.retry = -1 (default)
2019-08-23 10:04:18,704 [pool-505-thread-1] INFO  server.RaftServerConfigKeys (ConfUtils.java:logGet(43)) - raft.server.log.statemachine.data.caching.enabled = true (custom)
2019-08-23 10:04:18,704 [pool-505-thread-1] INFO  segmented.SegmentedRaftLogWorker (SegmentedRaftLogWorker.java:lambda$new$0(132)) - 7b18dc38-9e45-4799-92bc-3e52050f2105-SegmentedRaftLogWorker:Storage Directory /workdir/hadoop-ozone/integration-test/target/test-dir/MiniOzoneClusterImpl-e3530e56-8be5-4e35-b41d-e6108e761a1d/datanode-6/data/ratis/e5748869-b58f-4369-90c4-15300aaf654b: flushIndex: setUnconditionally 0 -> -1
2019-08-23 10:04:18,704 [pool-505-thread-1] INFO  server.RaftServerConfigKeys (ConfUtils.java:logGet(43)) - raft.server.snapshot.auto.trigger.enabled = true (custom)
2019-08-23 10:04:18,704 [pool-505-thread-1] INFO  server.RaftServerConfigKeys (ConfUtils.java:logGet(43)) - raft.server.snapshot.auto.trigger.threshold = 10000 (custom)
2019-08-23 10:04:18,705 [pool-505-thread-1] INFO  server.RaftServerConfigKeys (ConfUtils.java:logGet(43)) - raft.server.retrycache.expirytime = 600000ms (custom)
2019-08-23 10:04:18,705 [pool-505-thread-1] INFO  impl.RaftServerImpl (RaftServerImpl.java:start(180)) - 7b18dc38-9e45-4799-92bc-3e52050f2105: start group-15300AAF654B
2019-08-23 10:04:18,705 [pool-505-thread-1] INFO  impl.RaftServerImpl (RaftServerImpl.java:setRole(171)) - 7b18dc38-9e45-4799-92bc-3e52050f2105:group-15300AAF654B changes role from null to FOLLOWER at term 0 for startAsFollower
2019-08-23 10:04:18,705 [pool-505-thread-1] INFO  impl.RoleInfo (RoleInfo.java:updateAndGet(143)) - 7b18dc38-9e45-4799-92bc-3e52050f2105: start FollowerState
2019-08-23 10:04:18,706 [pool-505-thread-1] INFO  util.JmxRegister (JmxRegister.java:tryRegister(44)) - Successfully registered JMX Bean with object name Ratis:service=RaftServer,group=group-15300AAF654B,id=7b18dc38-9e45-4799-92bc-3e52050f2105
2019-08-23 10:04:18,711 [RatisPipelineUtilsThread] INFO  pipeline.PipelineStateManager (PipelineStateManager.java:addPipeline(56)) - Created pipeline Pipeline[ Id: e5748869-b58f-4369-90c4-15300aaf654b, Nodes: 7b18dc38-9e45-4799-92bc-3e52050f2105{ip: 192.168.34.11, host: pr-hdds-1094-r7kqq-4265743569, networkLocation: /default-rack, certSerialId: null}, Type:RATIS, Factor:ONE, State:OPEN]
2019-08-23 10:04:19,153 | INFO  | SCMAudit | user=jenkins1000 | ip=192.168.34.11 | op=SEND_HEARTBEAT {datanodeUUID=b7c5b48b-9294-4513-a286-a41a16d1a2cb, command=[]} | ret=SUCCESS |  
2019-08-23 10:04:19,338 | INFO  | SCMAudit | user=jenkins1000 | ip=192.168.34.11 | op=SEND_HEARTBEAT {datanodeUUID=c9e7da90-c5a5-4808-9794-4305bac07bb7, command=[]} | ret=SUCCESS |  
2019-08-23 10:04:19,528 | INFO  | SCMAudit | user=jenkins1000 | ip=192.168.34.11 | op=SEND_HEARTBEAT {datanodeUUID=02fdabdd-783b-4687-aaad-f4e6848c1dc1, command=[]} | ret=SUCCESS |  
2019-08-23 10:04:19,661 [main] INFO  ozone.MiniOzoneClusterImpl (MiniOzoneClusterImpl.java:lambda$waitForClusterToBeReady$0(142)) - Cluster is ready. Got 7 of 7 DN Heartbeats.
2019-08-23 10:04:19,695 [main] INFO  rpc.RpcClient (RpcClient.java:createVolume(292)) - Creating Volume: testblockoutputstream, with jenkins1000 as owner.
2019-08-23 10:04:19,697 | INFO  | OMAudit | user=jenkins1000 | ip=127.0.0.1 | op=CREATE_VOLUME {admin=jenkins1000, owner=jenkins1000, volume=testblockoutputstream, creationTime=1566554659697, quotaInBytes=1152921504606846976} | ret=SUCCESS |  
2019-08-23 10:04:19,709 | INFO  | OMAudit | user=jenkins1000 | ip=127.0.0.1 | op=READ_VOLUME {volume=testblockoutputstream} | ret=SUCCESS |  
2019-08-23 10:04:19,710 [main] INFO  rpc.RpcClient (RpcClient.java:createBucket(431)) - Creating Bucket: testblockoutputstream/testblockoutputstream, with Versioning false and Storage Type set to DISK and Encryption set to false 
2019-08-23 10:04:19,715 | INFO  | OMAudit | user=jenkins1000 | ip=127.0.0.1 | op=CREATE_BUCKET {volume=testblockoutputstream, bucket=testblockoutputstream, acls=[user:jenkins1000:a[ACCESS], group:default:a[ACCESS]], isVersionEnabled=false, storageType=DISK, creationTime=0} | ret=SUCCESS |  
2019-08-23 10:04:19,717 | INFO  | OMAudit | user=jenkins1000 | ip=127.0.0.1 | op=READ_VOLUME {volume=testblockoutputstream} | ret=SUCCESS |  
2019-08-23 10:04:19,719 | INFO  | OMAudit | user=jenkins1000 | ip=127.0.0.1 | op=READ_BUCKET {volume=testblockoutputstream, bucket=testblockoutputstream} | ret=SUCCESS |  
2019-08-23 10:04:19,724 | INFO  | SCMAudit | user=jenkins1000 | ip=192.168.34.11 | op=ALLOCATE_BLOCK {owner=180057bc-27db-475a-82ce-fa751199e8b4, size=800, type=RATIS, factor=THREE} | ret=SUCCESS |  
2019-08-23 10:04:19,728 | INFO  | OMAudit | user=jenkins1000 | ip=127.0.0.1 | op=ALLOCATE_KEY {volume=testblockoutputstream, bucket=testblockoutputstream, key=692ce2ef-ee03-45c8-90e2-92dc92bdfb4c, dataSize=0, replicationType=RATIS, replicationFactor=THREE, keyLocationInfo=null} | ret=SUCCESS |  
2019-08-23 10:04:19,747 [grpc-default-executor-9] INFO  client.GrpcClientProtocolClient (GrpcClientProtocolClient.java:onNext(255)) - client-527843A26F49->2e3457a7-9f76-45fb-9b7b-9eb45e0d8c5c: receive RaftClientReply:client-527843A26F49->2e3457a7-9f76-45fb-9b7b-9eb45e0d8c5c@group-ABF59B3ADCDE, cid=168, FAILED org.apache.ratis.protocol.NotLeaderException: Server 2e3457a7-9f76-45fb-9b7b-9eb45e0d8c5c is not the leader (null). Request must be sent to leader., logIndex=0, commits[2e3457a7-9f76-45fb-9b7b-9eb45e0d8c5c:c-1]
2019-08-23 10:04:20,025 | INFO  | SCMAudit | user=jenkins1000 | ip=192.168.34.11 | op=SEND_HEARTBEAT {datanodeUUID=2d79817c-83ab-4b4b-a173-9d1d58553336, command=[]} | ret=SUCCESS |  
2019-08-23 10:04:20,153 | INFO  | SCMAudit | user=jenkins1000 | ip=192.168.34.11 | op=SEND_HEARTBEAT {datanodeUUID=b7c5b48b-9294-4513-a286-a41a16d1a2cb, command=[]} | ret=SUCCESS |  
2019-08-23 10:04:20,169 [Thread-3300] INFO  container.ReplicationManager (ReplicationManager.java:start(152)) - Starting Replication Monitor Thread.
2019-08-23 10:04:20,173 [ReplicationMonitor] INFO  container.ReplicationManager (ReplicationManager.java:run(215)) - Replication Monitor Thread took 0 milliseconds for processing 1 containers.
2019-08-23 10:04:20,214 | INFO  | SCMAudit | user=jenkins1000 | ip=192.168.34.11 | op=SEND_HEARTBEAT {datanodeUUID=c59437e1-9416-4eae-8424-f47ceed6fd18, command=[]} | ret=SUCCESS |  
2019-08-23 10:04:20,338 | INFO  | SCMAudit | user=jenkins1000 | ip=192.168.34.11 | op=SEND_HEARTBEAT {datanodeUUID=c9e7da90-c5a5-4808-9794-4305bac07bb7, command=[]} | ret=SUCCESS |  
2019-08-23 10:04:20,447 | INFO  | SCMAudit | user=jenkins1000 | ip=192.168.34.11 | op=SEND_HEARTBEAT {datanodeUUID=2e3457a7-9f76-45fb-9b7b-9eb45e0d8c5c, command=[]} | ret=SUCCESS |  
2019-08-23 10:04:20,529 | INFO  | SCMAudit | user=jenkins1000 | ip=192.168.34.11 | op=SEND_HEARTBEAT {datanodeUUID=02fdabdd-783b-4687-aaad-f4e6848c1dc1, command=[]} | ret=SUCCESS |  
2019-08-23 10:04:20,660 | INFO  | SCMAudit | user=jenkins1000 | ip=192.168.34.11 | op=SEND_HEARTBEAT {datanodeUUID=7b18dc38-9e45-4799-92bc-3e52050f2105, command=[]} | ret=SUCCESS |  
2019-08-23 10:04:20,769 [grpc-default-executor-9] INFO  client.GrpcClientProtocolClient (GrpcClientProtocolClient.java:onNext(255)) - client-527843A26F49->c59437e1-9416-4eae-8424-f47ceed6fd18: receive RaftClientReply:client-527843A26F49->c59437e1-9416-4eae-8424-f47ceed6fd18@group-ABF59B3ADCDE, cid=168, FAILED org.apache.ratis.protocol.NotLeaderException: Server c59437e1-9416-4eae-8424-f47ceed6fd18 is not the leader (null). Request must be sent to leader., logIndex=0, commits[c59437e1-9416-4eae-8424-f47ceed6fd18:c-1]
2019-08-23 10:04:21,026 | INFO  | SCMAudit | user=jenkins1000 | ip=192.168.34.11 | op=SEND_HEARTBEAT {datanodeUUID=2d79817c-83ab-4b4b-a173-9d1d58553336, command=[]} | ret=SUCCESS |  
2019-08-23 10:04:21,152 | INFO  | SCMAudit | user=jenkins1000 | ip=192.168.34.11 | op=SEND_HEARTBEAT {datanodeUUID=b7c5b48b-9294-4513-a286-a41a16d1a2cb, command=[]} | ret=SUCCESS |  
2019-08-23 10:04:21,215 | INFO  | SCMAudit | user=jenkins1000 | ip=192.168.34.11 | op=SEND_HEARTBEAT {datanodeUUID=c59437e1-9416-4eae-8424-f47ceed6fd18, command=[]} | ret=SUCCESS |  
2019-08-23 10:04:21,338 | INFO  | SCMAudit | user=jenkins1000 | ip=192.168.34.11 | op=SEND_HEARTBEAT {datanodeUUID=c9e7da90-c5a5-4808-9794-4305bac07bb7, command=[]} | ret=SUCCESS |  
2019-08-23 10:04:21,448 | INFO  | SCMAudit | user=jenkins1000 | ip=192.168.34.11 | op=SEND_HEARTBEAT {datanodeUUID=2e3457a7-9f76-45fb-9b7b-9eb45e0d8c5c, command=[]} | ret=SUCCESS |  
2019-08-23 10:04:21,528 | INFO  | SCMAudit | user=jenkins1000 | ip=192.168.34.11 | op=SEND_HEARTBEAT {datanodeUUID=02fdabdd-783b-4687-aaad-f4e6848c1dc1, command=[]} | ret=SUCCESS |  
2019-08-23 10:04:21,661 | INFO  | SCMAudit | user=jenkins1000 | ip=192.168.34.11 | op=SEND_HEARTBEAT {datanodeUUID=7b18dc38-9e45-4799-92bc-3e52050f2105, command=[]} | ret=SUCCESS |  
2019-08-23 10:04:21,786 [grpc-default-executor-4] INFO  client.GrpcClientProtocolClient (GrpcClientProtocolClient.java:onNext(255)) - client-527843A26F49->2e3457a7-9f76-45fb-9b7b-9eb45e0d8c5c: receive RaftClientReply:client-527843A26F49->2e3457a7-9f76-45fb-9b7b-9eb45e0d8c5c@group-ABF59B3ADCDE, cid=168, FAILED org.apache.ratis.protocol.NotLeaderException: Server 2e3457a7-9f76-45fb-9b7b-9eb45e0d8c5c is not the leader (null). Request must be sent to leader., logIndex=0, commits[2e3457a7-9f76-45fb-9b7b-9eb45e0d8c5c:c-1]
2019-08-23 10:04:22,026 | INFO  | SCMAudit | user=jenkins1000 | ip=192.168.34.11 | op=SEND_HEARTBEAT {datanodeUUID=2d79817c-83ab-4b4b-a173-9d1d58553336, command=[]} | ret=SUCCESS |  
2019-08-23 10:04:22,153 | INFO  | SCMAudit | user=jenkins1000 | ip=192.168.34.11 | op=SEND_HEARTBEAT {datanodeUUID=b7c5b48b-9294-4513-a286-a41a16d1a2cb, command=[]} | ret=SUCCESS |  
2019-08-23 10:04:22,214 | INFO  | SCMAudit | user=jenkins1000 | ip=192.168.34.11 | op=SEND_HEARTBEAT {datanodeUUID=c59437e1-9416-4eae-8424-f47ceed6fd18, command=[]} | ret=SUCCESS |  
2019-08-23 10:04:22,337 | INFO  | SCMAudit | user=jenkins1000 | ip=192.168.34.11 | op=SEND_HEARTBEAT {datanodeUUID=c9e7da90-c5a5-4808-9794-4305bac07bb7, command=[]} | ret=SUCCESS |  
2019-08-23 10:04:22,343 [Thread-3302] INFO  impl.FollowerState (FollowerState.java:run(106)) - b7c5b48b-9294-4513-a286-a41a16d1a2cb:group-CB8AA7B21326 changes to CANDIDATE, lastRpcTime:5095, electionTimeout:5095ms
2019-08-23 10:04:22,343 [Thread-3302] INFO  impl.RoleInfo (RoleInfo.java:shutdownFollowerState(121)) - b7c5b48b-9294-4513-a286-a41a16d1a2cb: shutdown FollowerState
2019-08-23 10:04:22,344 [Thread-3302] INFO  impl.RaftServerImpl (RaftServerImpl.java:setRole(171)) - b7c5b48b-9294-4513-a286-a41a16d1a2cb:group-CB8AA7B21326 changes role from FOLLOWER to CANDIDATE at term 0 for changeToCandidate
2019-08-23 10:04:22,344 [Thread-3302] INFO  impl.RoleInfo (RoleInfo.java:updateAndGet(143)) - b7c5b48b-9294-4513-a286-a41a16d1a2cb: start LeaderElection
2019-08-23 10:04:22,367 [b7c5b48b-9294-4513-a286-a41a16d1a2cb:group-CB8AA7B21326:LeaderElection53] INFO  impl.LeaderElection (LeaderElection.java:askForVotes(181)) - b7c5b48b-9294-4513-a286-a41a16d1a2cb:group-CB8AA7B21326:LeaderElection53: begin an election at term 1 for -1: [b7c5b48b-9294-4513-a286-a41a16d1a2cb:192.168.34.11:32823], old=null
2019-08-23 10:04:22,367 [b7c5b48b-9294-4513-a286-a41a16d1a2cb:group-CB8AA7B21326:LeaderElection53] INFO  impl.RoleInfo (RoleInfo.java:shutdownLeaderElection(134)) - b7c5b48b-9294-4513-a286-a41a16d1a2cb: shutdown LeaderElection
2019-08-23 10:04:22,367 [b7c5b48b-9294-4513-a286-a41a16d1a2cb:group-CB8AA7B21326:LeaderElection53] INFO  impl.RaftServerImpl (RaftServerImpl.java:setRole(171)) - b7c5b48b-9294-4513-a286-a41a16d1a2cb:group-CB8AA7B21326 changes role from CANDIDATE to LEADER at term 1 for changeToLeader
2019-08-23 10:04:22,367 [b7c5b48b-9294-4513-a286-a41a16d1a2cb:group-CB8AA7B21326:LeaderElection53] INFO  impl.RaftServerImpl (ServerState.java:setLeader(263)) - b7c5b48b-9294-4513-a286-a41a16d1a2cb:group-CB8AA7B21326 change Leader from null to b7c5b48b-9294-4513-a286-a41a16d1a2cb at term 1 for becomeLeader, leader elected after 5125ms
2019-08-23 10:04:22,368 [b7c5b48b-9294-4513-a286-a41a16d1a2cb:group-CB8AA7B21326:LeaderElection53] INFO  server.RaftServerConfigKeys (ConfUtils.java:logGet(43)) - raft.server.staging.catchup.gap = 1000 (default)
2019-08-23 10:04:22,368 [b7c5b48b-9294-4513-a286-a41a16d1a2cb:group-CB8AA7B21326:LeaderElection53] INFO  server.RaftServerConfigKeys (ConfUtils.java:logGet(43)) - raft.server.rpc.sleep.time = 25ms (default)
2019-08-23 10:04:22,368 [b7c5b48b-9294-4513-a286-a41a16d1a2cb:group-CB8AA7B21326:LeaderElection53] INFO  server.RaftServerConfigKeys (ConfUtils.java:logGet(43)) - raft.server.write.element-limit = 4096 (default)
2019-08-23 10:04:22,368 [b7c5b48b-9294-4513-a286-a41a16d1a2cb:group-CB8AA7B21326:LeaderElection53] INFO  server.RaftServerConfigKeys (ConfUtils.java:logGet(43)) - raft.server.watch.timeout = 10s (default)
2019-08-23 10:04:22,368 [b7c5b48b-9294-4513-a286-a41a16d1a2cb:group-CB8AA7B21326:LeaderElection53] INFO  server.RaftServerConfigKeys (ConfUtils.java:logGet(43)) - raft.server.watch.timeout.denomination = 1s (default)
2019-08-23 10:04:22,369 [b7c5b48b-9294-4513-a286-a41a16d1a2cb:group-CB8AA7B21326:LeaderElection53] INFO  server.RaftServerConfigKeys (ConfUtils.java:logGet(43)) - raft.server.watch.element-limit = 65536 (default)
2019-08-23 10:04:22,369 [b7c5b48b-9294-4513-a286-a41a16d1a2cb:group-CB8AA7B21326:LeaderElection53] INFO  impl.RoleInfo (RoleInfo.java:updateAndGet(143)) - b7c5b48b-9294-4513-a286-a41a16d1a2cb: start LeaderState
2019-08-23 10:04:22,369 [b7c5b48b-9294-4513-a286-a41a16d1a2cb:group-CB8AA7B21326:LeaderElection53] INFO  segmented.SegmentedRaftLogWorker (SegmentedRaftLogWorker.java:startLogSegment(380)) - b7c5b48b-9294-4513-a286-a41a16d1a2cb-SegmentedRaftLogWorker:Storage Directory /workdir/hadoop-ozone/integration-test/target/test-dir/MiniOzoneClusterImpl-e3530e56-8be5-4e35-b41d-e6108e761a1d/datanode-0/data/ratis/d33762d1-a1a6-45fc-8580-cb8aa7b21326: Starting segment from index:0
2019-08-23 10:04:22,370 [b7c5b48b-9294-4513-a286-a41a16d1a2cb:group-CB8AA7B21326:LeaderElection53] INFO  impl.RaftServerImpl (ServerState.java:setRaftConf(361)) - b7c5b48b-9294-4513-a286-a41a16d1a2cb:group-CB8AA7B21326 set configuration 0: [b7c5b48b-9294-4513-a286-a41a16d1a2cb:192.168.34.11:32823], old=null at 0
2019-08-23 10:04:22,412 [Thread-3305] INFO  impl.FollowerState (FollowerState.java:run(106)) - c9e7da90-c5a5-4808-9794-4305bac07bb7:group-5C2BD173F44D changes to CANDIDATE, lastRpcTime:5031, electionTimeout:5031ms
2019-08-23 10:04:22,412 [Thread-3305] INFO  impl.RoleInfo (RoleInfo.java:shutdownFollowerState(121)) - c9e7da90-c5a5-4808-9794-4305bac07bb7: shutdown FollowerState
2019-08-23 10:04:22,413 [Thread-3305] INFO  impl.RaftServerImpl (RaftServerImpl.java:setRole(171)) - c9e7da90-c5a5-4808-9794-4305bac07bb7:group-5C2BD173F44D changes role from FOLLOWER to CANDIDATE at term 0 for changeToCandidate
2019-08-23 10:04:22,413 [Thread-3305] INFO  impl.RoleInfo (RoleInfo.java:updateAndGet(143)) - c9e7da90-c5a5-4808-9794-4305bac07bb7: start LeaderElection
2019-08-23 10:04:22,424 [b7c5b48b-9294-4513-a286-a41a16d1a2cb-SegmentedRaftLogWorker:Storage Directory /workdir/hadoop-ozone/integration-test/target/test-dir/MiniOzoneClusterImpl-e3530e56-8be5-4e35-b41d-e6108e761a1d/datanode-0/data/ratis/d33762d1-a1a6-45fc-8580-cb8aa7b21326] INFO  segmented.SegmentedRaftLogWorker (SegmentedRaftLogWorker.java:execute(569)) - b7c5b48b-9294-4513-a286-a41a16d1a2cb-SegmentedRaftLogWorker:Storage Directory /workdir/hadoop-ozone/integration-test/target/test-dir/MiniOzoneClusterImpl-e3530e56-8be5-4e35-b41d-e6108e761a1d/datanode-0/data/ratis/d33762d1-a1a6-45fc-8580-cb8aa7b21326: created new log segment /workdir/hadoop-ozone/integration-test/target/test-dir/MiniOzoneClusterImpl-e3530e56-8be5-4e35-b41d-e6108e761a1d/datanode-0/data/ratis/d33762d1-a1a6-45fc-8580-cb8aa7b21326/current/log_inprogress_0
2019-08-23 10:04:22,443 [c9e7da90-c5a5-4808-9794-4305bac07bb7:group-5C2BD173F44D:LeaderElection54] INFO  impl.LeaderElection (LeaderElection.java:askForVotes(181)) - c9e7da90-c5a5-4808-9794-4305bac07bb7:group-5C2BD173F44D:LeaderElection54: begin an election at term 1 for -1: [c9e7da90-c5a5-4808-9794-4305bac07bb7:192.168.34.11:34916], old=null
2019-08-23 10:04:22,443 [c9e7da90-c5a5-4808-9794-4305bac07bb7:group-5C2BD173F44D:LeaderElection54] INFO  impl.RoleInfo (RoleInfo.java:shutdownLeaderElection(134)) - c9e7da90-c5a5-4808-9794-4305bac07bb7: shutdown LeaderElection
2019-08-23 10:04:22,444 [c9e7da90-c5a5-4808-9794-4305bac07bb7:group-5C2BD173F44D:LeaderElection54] INFO  impl.RaftServerImpl (RaftServerImpl.java:setRole(171)) - c9e7da90-c5a5-4808-9794-4305bac07bb7:group-5C2BD173F44D changes role from CANDIDATE to LEADER at term 1 for changeToLeader
2019-08-23 10:04:22,444 [c9e7da90-c5a5-4808-9794-4305bac07bb7:group-5C2BD173F44D:LeaderElection54] INFO  impl.RaftServerImpl (ServerState.java:setLeader(263)) - c9e7da90-c5a5-4808-9794-4305bac07bb7:group-5C2BD173F44D change Leader from null to c9e7da90-c5a5-4808-9794-4305bac07bb7 at term 1 for becomeLeader, leader elected after 5066ms
2019-08-23 10:04:22,444 [c9e7da90-c5a5-4808-9794-4305bac07bb7:group-5C2BD173F44D:LeaderElection54] INFO  server.RaftServerConfigKeys (ConfUtils.java:logGet(43)) - raft.server.staging.catchup.gap = 1000 (default)
2019-08-23 10:04:22,444 [c9e7da90-c5a5-4808-9794-4305bac07bb7:group-5C2BD173F44D:LeaderElection54] INFO  server.RaftServerConfigKeys (ConfUtils.java:logGet(43)) - raft.server.rpc.sleep.time = 25ms (default)
2019-08-23 10:04:22,444 [c9e7da90-c5a5-4808-9794-4305bac07bb7:group-5C2BD173F44D:LeaderElection54] INFO  server.RaftServerConfigKeys (ConfUtils.java:logGet(43)) - raft.server.write.element-limit = 4096 (default)
2019-08-23 10:04:22,444 [c9e7da90-c5a5-4808-9794-4305bac07bb7:group-5C2BD173F44D:LeaderElection54] INFO  server.RaftServerConfigKeys (ConfUtils.java:logGet(43)) - raft.server.watch.timeout = 10s (default)
2019-08-23 10:04:22,445 [c9e7da90-c5a5-4808-9794-4305bac07bb7:group-5C2BD173F44D:LeaderElection54] INFO  server.RaftServerConfigKeys (ConfUtils.java:logGet(43)) - raft.server.watch.timeout.denomination = 1s (default)
2019-08-23 10:04:22,445 [c9e7da90-c5a5-4808-9794-4305bac07bb7:group-5C2BD173F44D:LeaderElection54] INFO  server.RaftServerConfigKeys (ConfUtils.java:logGet(43)) - raft.server.watch.element-limit = 65536 (default)
2019-08-23 10:04:22,445 [c9e7da90-c5a5-4808-9794-4305bac07bb7:group-5C2BD173F44D:LeaderElection54] INFO  impl.RoleInfo (RoleInfo.java:updateAndGet(143)) - c9e7da90-c5a5-4808-9794-4305bac07bb7: start LeaderState
2019-08-23 10:04:22,445 [c9e7da90-c5a5-4808-9794-4305bac07bb7:group-5C2BD173F44D:LeaderElection54] INFO  segmented.SegmentedRaftLogWorker (SegmentedRaftLogWorker.java:startLogSegment(380)) - c9e7da90-c5a5-4808-9794-4305bac07bb7-SegmentedRaftLogWorker:Storage Directory /workdir/hadoop-ozone/integration-test/target/test-dir/MiniOzoneClusterImpl-e3530e56-8be5-4e35-b41d-e6108e761a1d/datanode-1/data/ratis/3f04f343-442b-41c1-833b-5c2bd173f44d: Starting segment from index:0
2019-08-23 10:04:22,446 [c9e7da90-c5a5-4808-9794-4305bac07bb7:group-5C2BD173F44D:LeaderElection54] INFO  impl.RaftServerImpl (ServerState.java:setRaftConf(361)) - c9e7da90-c5a5-4808-9794-4305bac07bb7:group-5C2BD173F44D set configuration 0: [c9e7da90-c5a5-4808-9794-4305bac07bb7:192.168.34.11:34916], old=null at 0
2019-08-23 10:04:22,448 | INFO  | SCMAudit | user=jenkins1000 | ip=192.168.34.11 | op=SEND_HEARTBEAT {datanodeUUID=2e3457a7-9f76-45fb-9b7b-9eb45e0d8c5c, command=[]} | ret=SUCCESS |  
2019-08-23 10:04:22,493 [c9e7da90-c5a5-4808-9794-4305bac07bb7-SegmentedRaftLogWorker:Storage Directory /workdir/hadoop-ozone/integration-test/target/test-dir/MiniOzoneClusterImpl-e3530e56-8be5-4e35-b41d-e6108e761a1d/datanode-1/data/ratis/3f04f343-442b-41c1-833b-5c2bd173f44d] INFO  segmented.SegmentedRaftLogWorker (SegmentedRaftLogWorker.java:execute(569)) - c9e7da90-c5a5-4808-9794-4305bac07bb7-SegmentedRaftLogWorker:Storage Directory /workdir/hadoop-ozone/integration-test/target/test-dir/MiniOzoneClusterImpl-e3530e56-8be5-4e35-b41d-e6108e761a1d/datanode-1/data/ratis/3f04f343-442b-41c1-833b-5c2bd173f44d: created new log segment /workdir/hadoop-ozone/integration-test/target/test-dir/MiniOzoneClusterImpl-e3530e56-8be5-4e35-b41d-e6108e761a1d/datanode-1/data/ratis/3f04f343-442b-41c1-833b-5c2bd173f44d/current/log_inprogress_0
2019-08-23 10:04:22,528 | INFO  | SCMAudit | user=jenkins1000 | ip=192.168.34.11 | op=SEND_HEARTBEAT {datanodeUUID=02fdabdd-783b-4687-aaad-f4e6848c1dc1, command=[]} | ret=SUCCESS |  
2019-08-23 10:04:22,660 | INFO  | SCMAudit | user=jenkins1000 | ip=192.168.34.11 | op=SEND_HEARTBEAT {datanodeUUID=7b18dc38-9e45-4799-92bc-3e52050f2105, command=[]} | ret=SUCCESS |  
2019-08-23 10:04:22,662 [Thread-3308] INFO  impl.FollowerState (FollowerState.java:run(106)) - 02fdabdd-783b-4687-aaad-f4e6848c1dc1:group-159EC24AEF19 changes to CANDIDATE, lastRpcTime:5090, electionTimeout:5090ms
2019-08-23 10:04:22,663 [Thread-3308] INFO  impl.RoleInfo (RoleInfo.java:shutdownFollowerState(121)) - 02fdabdd-783b-4687-aaad-f4e6848c1dc1: shutdown FollowerState
2019-08-23 10:04:22,663 [Thread-3308] INFO  impl.RaftServerImpl (RaftServerImpl.java:setRole(171)) - 02fdabdd-783b-4687-aaad-f4e6848c1dc1:group-159EC24AEF19 changes role from FOLLOWER to CANDIDATE at term 0 for changeToCandidate
2019-08-23 10:04:22,663 [Thread-3308] INFO  impl.RoleInfo (RoleInfo.java:updateAndGet(143)) - 02fdabdd-783b-4687-aaad-f4e6848c1dc1: start LeaderElection
2019-08-23 10:04:22,683 [02fdabdd-783b-4687-aaad-f4e6848c1dc1:group-159EC24AEF19:LeaderElection55] INFO  impl.LeaderElection (LeaderElection.java:askForVotes(181)) - 02fdabdd-783b-4687-aaad-f4e6848c1dc1:group-159EC24AEF19:LeaderElection55: begin an election at term 1 for -1: [02fdabdd-783b-4687-aaad-f4e6848c1dc1:192.168.34.11:41420], old=null
2019-08-23 10:04:22,683 [02fdabdd-783b-4687-aaad-f4e6848c1dc1:group-159EC24AEF19:LeaderElection55] INFO  impl.RoleInfo (RoleInfo.java:shutdownLeaderElection(134)) - 02fdabdd-783b-4687-aaad-f4e6848c1dc1: shutdown LeaderElection
2019-08-23 10:04:22,683 [02fdabdd-783b-4687-aaad-f4e6848c1dc1:group-159EC24AEF19:LeaderElection55] INFO  impl.RaftServerImpl (RaftServerImpl.java:setRole(171)) - 02fdabdd-783b-4687-aaad-f4e6848c1dc1:group-159EC24AEF19 changes role from CANDIDATE to LEADER at term 1 for changeToLeader
2019-08-23 10:04:22,683 [02fdabdd-783b-4687-aaad-f4e6848c1dc1:group-159EC24AEF19:LeaderElection55] INFO  impl.RaftServerImpl (ServerState.java:setLeader(263)) - 02fdabdd-783b-4687-aaad-f4e6848c1dc1:group-159EC24AEF19 change Leader from null to 02fdabdd-783b-4687-aaad-f4e6848c1dc1 at term 1 for becomeLeader, leader elected after 5115ms
2019-08-23 10:04:22,684 [02fdabdd-783b-4687-aaad-f4e6848c1dc1:group-159EC24AEF19:LeaderElection55] INFO  server.RaftServerConfigKeys (ConfUtils.java:logGet(43)) - raft.server.staging.catchup.gap = 1000 (default)
2019-08-23 10:04:22,684 [02fdabdd-783b-4687-aaad-f4e6848c1dc1:group-159EC24AEF19:LeaderElection55] INFO  server.RaftServerConfigKeys (ConfUtils.java:logGet(43)) - raft.server.rpc.sleep.time = 25ms (default)
2019-08-23 10:04:22,684 [02fdabdd-783b-4687-aaad-f4e6848c1dc1:group-159EC24AEF19:LeaderElection55] INFO  server.RaftServerConfigKeys (ConfUtils.java:logGet(43)) - raft.server.write.element-limit = 4096 (default)
2019-08-23 10:04:22,684 [02fdabdd-783b-4687-aaad-f4e6848c1dc1:group-159EC24AEF19:LeaderElection55] INFO  server.RaftServerConfigKeys (ConfUtils.java:logGet(43)) - raft.server.watch.timeout = 10s (default)
2019-08-23 10:04:22,684 [02fdabdd-783b-4687-aaad-f4e6848c1dc1:group-159EC24AEF19:LeaderElection55] INFO  server.RaftServerConfigKeys (ConfUtils.java:logGet(43)) - raft.server.watch.timeout.denomination = 1s (default)
2019-08-23 10:04:22,684 [02fdabdd-783b-4687-aaad-f4e6848c1dc1:group-159EC24AEF19:LeaderElection55] INFO  server.RaftServerConfigKeys (ConfUtils.java:logGet(43)) - raft.server.watch.element-limit = 65536 (default)
2019-08-23 10:04:22,685 [02fdabdd-783b-4687-aaad-f4e6848c1dc1:group-159EC24AEF19:LeaderElection55] INFO  impl.RoleInfo (RoleInfo.java:updateAndGet(143)) - 02fdabdd-783b-4687-aaad-f4e6848c1dc1: start LeaderState
2019-08-23 10:04:22,685 [02fdabdd-783b-4687-aaad-f4e6848c1dc1:group-159EC24AEF19:LeaderElection55] INFO  segmented.SegmentedRaftLogWorker (SegmentedRaftLogWorker.java:startLogSegment(380)) - 02fdabdd-783b-4687-aaad-f4e6848c1dc1-SegmentedRaftLogWorker:Storage Directory /workdir/hadoop-ozone/integration-test/target/test-dir/MiniOzoneClusterImpl-e3530e56-8be5-4e35-b41d-e6108e761a1d/datanode-2/data/ratis/5cb4d287-dc28-4cc1-b2ee-159ec24aef19: Starting segment from index:0
2019-08-23 10:04:22,686 [02fdabdd-783b-4687-aaad-f4e6848c1dc1:group-159EC24AEF19:LeaderElection55] INFO  impl.RaftServerImpl (ServerState.java:setRaftConf(361)) - 02fdabdd-783b-4687-aaad-f4e6848c1dc1:group-159EC24AEF19 set configuration 0: [02fdabdd-783b-4687-aaad-f4e6848c1dc1:192.168.34.11:41420], old=null at 0
2019-08-23 10:04:22,703 [Thread-3311] INFO  impl.FollowerState (FollowerState.java:run(106)) - b7c5b48b-9294-4513-a286-a41a16d1a2cb:group-65AFFC1408D5 changes to CANDIDATE, lastRpcTime:5074, electionTimeout:5073ms
2019-08-23 10:04:22,704 [Thread-3311] INFO  impl.RoleInfo (RoleInfo.java:shutdownFollowerState(121)) - b7c5b48b-9294-4513-a286-a41a16d1a2cb: shutdown FollowerState
2019-08-23 10:04:22,704 [Thread-3311] INFO  impl.RaftServerImpl (RaftServerImpl.java:setRole(171)) - b7c5b48b-9294-4513-a286-a41a16d1a2cb:group-65AFFC1408D5 changes role from FOLLOWER to CANDIDATE at term 0 for changeToCandidate
2019-08-23 10:04:22,704 [Thread-3311] INFO  impl.RoleInfo (RoleInfo.java:updateAndGet(143)) - b7c5b48b-9294-4513-a286-a41a16d1a2cb: start LeaderElection
2019-08-23 10:04:22,728 [Thread-3314] INFO  impl.FollowerState (FollowerState.java:run(106)) - 02fdabdd-783b-4687-aaad-f4e6848c1dc1:group-65AFFC1408D5 changes to CANDIDATE, lastRpcTime:5096, electionTimeout:5089ms
2019-08-23 10:04:22,731 [Thread-3314] INFO  impl.RoleInfo (RoleInfo.java:shutdownFollowerState(121)) - 02fdabdd-783b-4687-aaad-f4e6848c1dc1: shutdown FollowerState
2019-08-23 10:04:22,731 [Thread-3317] INFO  impl.FollowerState (FollowerState.java:run(106)) - c9e7da90-c5a5-4808-9794-4305bac07bb7:group-65AFFC1408D5 changes to CANDIDATE, lastRpcTime:5094, electionTimeout:5071ms
2019-08-23 10:04:22,731 [Thread-3314] INFO  impl.RaftServerImpl (RaftServerImpl.java:setRole(171)) - 02fdabdd-783b-4687-aaad-f4e6848c1dc1:group-65AFFC1408D5 changes role from FOLLOWER to CANDIDATE at term 0 for changeToCandidate
2019-08-23 10:04:22,731 [Thread-3317] INFO  impl.RoleInfo (RoleInfo.java:shutdownFollowerState(121)) - c9e7da90-c5a5-4808-9794-4305bac07bb7: shutdown FollowerState
2019-08-23 10:04:22,731 [Thread-3314] INFO  impl.RoleInfo (RoleInfo.java:updateAndGet(143)) - 02fdabdd-783b-4687-aaad-f4e6848c1dc1: start LeaderElection
2019-08-23 10:04:22,731 [Thread-3317] INFO  impl.RaftServerImpl (RaftServerImpl.java:setRole(171)) - c9e7da90-c5a5-4808-9794-4305bac07bb7:group-65AFFC1408D5 changes role from FOLLOWER to CANDIDATE at term 0 for changeToCandidate
2019-08-23 10:04:22,732 [Thread-3317] INFO  impl.RoleInfo (RoleInfo.java:updateAndGet(143)) - c9e7da90-c5a5-4808-9794-4305bac07bb7: start LeaderElection
2019-08-23 10:04:22,746 [02fdabdd-783b-4687-aaad-f4e6848c1dc1-SegmentedRaftLogWorker:Storage Directory /workdir/hadoop-ozone/integration-test/target/test-dir/MiniOzoneClusterImpl-e3530e56-8be5-4e35-b41d-e6108e761a1d/datanode-2/data/ratis/5cb4d287-dc28-4cc1-b2ee-159ec24aef19] INFO  segmented.SegmentedRaftLogWorker (SegmentedRaftLogWorker.java:execute(569)) - 02fdabdd-783b-4687-aaad-f4e6848c1dc1-SegmentedRaftLogWorker:Storage Directory /workdir/hadoop-ozone/integration-test/target/test-dir/MiniOzoneClusterImpl-e3530e56-8be5-4e35-b41d-e6108e761a1d/datanode-2/data/ratis/5cb4d287-dc28-4cc1-b2ee-159ec24aef19: created new log segment /workdir/hadoop-ozone/integration-test/target/test-dir/MiniOzoneClusterImpl-e3530e56-8be5-4e35-b41d-e6108e761a1d/datanode-2/data/ratis/5cb4d287-dc28-4cc1-b2ee-159ec24aef19/current/log_inprogress_0
2019-08-23 10:04:22,746 [b7c5b48b-9294-4513-a286-a41a16d1a2cb:group-65AFFC1408D5:LeaderElection56] INFO  impl.LeaderElection (LeaderElection.java:askForVotes(181)) - b7c5b48b-9294-4513-a286-a41a16d1a2cb:group-65AFFC1408D5:LeaderElection56: begin an election at term 1 for -1: [02fdabdd-783b-4687-aaad-f4e6848c1dc1:192.168.34.11:41420, b7c5b48b-9294-4513-a286-a41a16d1a2cb:192.168.34.11:32823, c9e7da90-c5a5-4808-9794-4305bac07bb7:192.168.34.11:34916], old=null
2019-08-23 10:04:22,760 [02fdabdd-783b-4687-aaad-f4e6848c1dc1:group-65AFFC1408D5:LeaderElection57] INFO  impl.LeaderElection (LeaderElection.java:askForVotes(181)) - 02fdabdd-783b-4687-aaad-f4e6848c1dc1:group-65AFFC1408D5:LeaderElection57: begin an election at term 1 for -1: [02fdabdd-783b-4687-aaad-f4e6848c1dc1:192.168.34.11:41420, b7c5b48b-9294-4513-a286-a41a16d1a2cb:192.168.34.11:32823, c9e7da90-c5a5-4808-9794-4305bac07bb7:192.168.34.11:34916], old=null
2019-08-23 10:04:22,760 [c9e7da90-c5a5-4808-9794-4305bac07bb7:group-65AFFC1408D5:LeaderElection58] INFO  impl.LeaderElection (LeaderElection.java:askForVotes(181)) - c9e7da90-c5a5-4808-9794-4305bac07bb7:group-65AFFC1408D5:LeaderElection58: begin an election at term 1 for -1: [02fdabdd-783b-4687-aaad-f4e6848c1dc1:192.168.34.11:41420, b7c5b48b-9294-4513-a286-a41a16d1a2cb:192.168.34.11:32823, c9e7da90-c5a5-4808-9794-4305bac07bb7:192.168.34.11:34916], old=null
2019-08-23 10:04:22,769 [b7c5b48b-9294-4513-a286-a41a16d1a2cb:group-65AFFC1408D5:LeaderElection56] INFO  impl.LeaderElection (LeaderElection.java:logAndReturn(56)) - b7c5b48b-9294-4513-a286-a41a16d1a2cb:group-65AFFC1408D5:LeaderElection56: Election REJECTED; received 2 response(s) [b7c5b48b-9294-4513-a286-a41a16d1a2cb<-02fdabdd-783b-4687-aaad-f4e6848c1dc1#0:FAIL-t1, b7c5b48b-9294-4513-a286-a41a16d1a2cb<-c9e7da90-c5a5-4808-9794-4305bac07bb7#0:FAIL-t1] and 0 exception(s); b7c5b48b-9294-4513-a286-a41a16d1a2cb:t1, leader=null, voted=b7c5b48b-9294-4513-a286-a41a16d1a2cb, raftlog=b7c5b48b-9294-4513-a286-a41a16d1a2cb-SegmentedRaftLog:OPENED:c-1,f-1,i0, conf=-1: [02fdabdd-783b-4687-aaad-f4e6848c1dc1:192.168.34.11:41420, b7c5b48b-9294-4513-a286-a41a16d1a2cb:192.168.34.11:32823, c9e7da90-c5a5-4808-9794-4305bac07bb7:192.168.34.11:34916], old=null
2019-08-23 10:04:22,769 [b7c5b48b-9294-4513-a286-a41a16d1a2cb:group-65AFFC1408D5:LeaderElection56] INFO  impl.RaftServerImpl (RaftServerImpl.java:setRole(171)) - b7c5b48b-9294-4513-a286-a41a16d1a2cb:group-65AFFC1408D5 changes role from CANDIDATE to FOLLOWER at term 1 for DISCOVERED_A_NEW_TERM
2019-08-23 10:04:22,769 [b7c5b48b-9294-4513-a286-a41a16d1a2cb:group-65AFFC1408D5:LeaderElection56] INFO  impl.RoleInfo (RoleInfo.java:shutdownLeaderElection(134)) - b7c5b48b-9294-4513-a286-a41a16d1a2cb: shutdown LeaderElection
2019-08-23 10:04:22,769 [b7c5b48b-9294-4513-a286-a41a16d1a2cb:group-65AFFC1408D5:LeaderElection56] INFO  impl.RoleInfo (RoleInfo.java:updateAndGet(143)) - b7c5b48b-9294-4513-a286-a41a16d1a2cb: start FollowerState
2019-08-23 10:04:22,786 [02fdabdd-783b-4687-aaad-f4e6848c1dc1:group-65AFFC1408D5:LeaderElection57] INFO  impl.LeaderElection (LeaderElection.java:logAndReturn(56)) - 02fdabdd-783b-4687-aaad-f4e6848c1dc1:group-65AFFC1408D5:LeaderElection57: Election REJECTED; received 2 response(s) [02fdabdd-783b-4687-aaad-f4e6848c1dc1<-b7c5b48b-9294-4513-a286-a41a16d1a2cb#0:FAIL-t1, 02fdabdd-783b-4687-aaad-f4e6848c1dc1<-c9e7da90-c5a5-4808-9794-4305bac07bb7#0:FAIL-t1] and 0 exception(s); 02fdabdd-783b-4687-aaad-f4e6848c1dc1:t1, leader=null, voted=02fdabdd-783b-4687-aaad-f4e6848c1dc1, raftlog=02fdabdd-783b-4687-aaad-f4e6848c1dc1-SegmentedRaftLog:OPENED:c-1,f-1,i0, conf=-1: [02fdabdd-783b-4687-aaad-f4e6848c1dc1:192.168.34.11:41420, b7c5b48b-9294-4513-a286-a41a16d1a2cb:192.168.34.11:32823, c9e7da90-c5a5-4808-9794-4305bac07bb7:192.168.34.11:34916], old=null
2019-08-23 10:04:22,786 [02fdabdd-783b-4687-aaad-f4e6848c1dc1:group-65AFFC1408D5:LeaderElection57] INFO  impl.RaftServerImpl (RaftServerImpl.java:setRole(171)) - 02fdabdd-783b-4687-aaad-f4e6848c1dc1:group-65AFFC1408D5 changes role from CANDIDATE to FOLLOWER at term 1 for DISCOVERED_A_NEW_TERM
2019-08-23 10:04:22,786 [02fdabdd-783b-4687-aaad-f4e6848c1dc1:group-65AFFC1408D5:LeaderElection57] INFO  impl.RoleInfo (RoleInfo.java:shutdownLeaderElection(134)) - 02fdabdd-783b-4687-aaad-f4e6848c1dc1: shutdown LeaderElection
2019-08-23 10:04:22,786 [02fdabdd-783b-4687-aaad-f4e6848c1dc1:group-65AFFC1408D5:LeaderElection57] INFO  impl.RoleInfo (RoleInfo.java:updateAndGet(143)) - 02fdabdd-783b-4687-aaad-f4e6848c1dc1: start FollowerState
2019-08-23 10:04:22,789 [c9e7da90-c5a5-4808-9794-4305bac07bb7:group-65AFFC1408D5:LeaderElection58] INFO  impl.LeaderElection (LeaderElection.java:logAndReturn(56)) - c9e7da90-c5a5-4808-9794-4305bac07bb7:group-65AFFC1408D5:LeaderElection58: Election REJECTED; received 2 response(s) [c9e7da90-c5a5-4808-9794-4305bac07bb7<-02fdabdd-783b-4687-aaad-f4e6848c1dc1#0:FAIL-t1, c9e7da90-c5a5-4808-9794-4305bac07bb7<-b7c5b48b-9294-4513-a286-a41a16d1a2cb#0:FAIL-t1] and 0 exception(s); c9e7da90-c5a5-4808-9794-4305bac07bb7:t1, leader=null, voted=c9e7da90-c5a5-4808-9794-4305bac07bb7, raftlog=c9e7da90-c5a5-4808-9794-4305bac07bb7-SegmentedRaftLog:OPENED:c-1,f-1,i0, conf=-1: [02fdabdd-783b-4687-aaad-f4e6848c1dc1:192.168.34.11:41420, b7c5b48b-9294-4513-a286-a41a16d1a2cb:192.168.34.11:32823, c9e7da90-c5a5-4808-9794-4305bac07bb7:192.168.34.11:34916], old=null
2019-08-23 10:04:22,789 [c9e7da90-c5a5-4808-9794-4305bac07bb7:group-65AFFC1408D5:LeaderElection58] INFO  impl.RaftServerImpl (RaftServerImpl.java:setRole(171)) - c9e7da90-c5a5-4808-9794-4305bac07bb7:group-65AFFC1408D5 changes role from CANDIDATE to FOLLOWER at term 1 for DISCOVERED_A_NEW_TERM
2019-08-23 10:04:22,789 [c9e7da90-c5a5-4808-9794-4305bac07bb7:group-65AFFC1408D5:LeaderElection58] INFO  impl.RoleInfo (RoleInfo.java:shutdownLeaderElection(134)) - c9e7da90-c5a5-4808-9794-4305bac07bb7: shutdown LeaderElection
2019-08-23 10:04:22,790 [c9e7da90-c5a5-4808-9794-4305bac07bb7:group-65AFFC1408D5:LeaderElection58] INFO  impl.RoleInfo (RoleInfo.java:updateAndGet(143)) - c9e7da90-c5a5-4808-9794-4305bac07bb7: start FollowerState
2019-08-23 10:04:22,796 [grpc-default-executor-9] INFO  client.GrpcClientProtocolClient (GrpcClientProtocolClient.java:onNext(255)) - client-527843A26F49->2d79817c-83ab-4b4b-a173-9d1d58553336: receive RaftClientReply:client-527843A26F49->2d79817c-83ab-4b4b-a173-9d1d58553336@group-ABF59B3ADCDE, cid=168, FAILED org.apache.ratis.protocol.NotLeaderException: Server 2d79817c-83ab-4b4b-a173-9d1d58553336 is not the leader (null). Request must be sent to leader., logIndex=0, commits[2d79817c-83ab-4b4b-a173-9d1d58553336:c-1]
2019-08-23 10:04:23,026 | INFO  | SCMAudit | user=jenkins1000 | ip=192.168.34.11 | op=SEND_HEARTBEAT {datanodeUUID=2d79817c-83ab-4b4b-a173-9d1d58553336, command=[]} | ret=SUCCESS |  
2019-08-23 10:04:23,150 [Thread-3320] INFO  impl.FollowerState (FollowerState.java:run(106)) - 2d79817c-83ab-4b4b-a173-9d1d58553336:group-D1385ACC3A7C changes to CANDIDATE, lastRpcTime:5083, electionTimeout:5083ms
2019-08-23 10:04:23,151 [Thread-3320] INFO  impl.RoleInfo (RoleInfo.java:shutdownFollowerState(121)) - 2d79817c-83ab-4b4b-a173-9d1d58553336: shutdown FollowerState
2019-08-23 10:04:23,151 [Thread-3320] INFO  impl.RaftServerImpl (RaftServerImpl.java:setRole(171)) - 2d79817c-83ab-4b4b-a173-9d1d58553336:group-D1385ACC3A7C changes role from FOLLOWER to CANDIDATE at term 0 for changeToCandidate
2019-08-23 10:04:23,151 [Thread-3320] INFO  impl.RoleInfo (RoleInfo.java:updateAndGet(143)) - 2d79817c-83ab-4b4b-a173-9d1d58553336: start LeaderElection
2019-08-23 10:04:23,156 | INFO  | SCMAudit | user=jenkins1000 | ip=192.168.34.11 | op=SEND_HEARTBEAT {datanodeUUID=b7c5b48b-9294-4513-a286-a41a16d1a2cb, command=[]} | ret=SUCCESS |  
2019-08-23 10:04:23,168 [2d79817c-83ab-4b4b-a173-9d1d58553336:group-D1385ACC3A7C:LeaderElection59] INFO  impl.LeaderElection (LeaderElection.java:askForVotes(181)) - 2d79817c-83ab-4b4b-a173-9d1d58553336:group-D1385ACC3A7C:LeaderElection59: begin an election at term 1 for -1: [2d79817c-83ab-4b4b-a173-9d1d58553336:192.168.34.11:36277], old=null
2019-08-23 10:04:23,169 [2d79817c-83ab-4b4b-a173-9d1d58553336:group-D1385ACC3A7C:LeaderElection59] INFO  impl.RoleInfo (RoleInfo.java:shutdownLeaderElection(134)) - 2d79817c-83ab-4b4b-a173-9d1d58553336: shutdown LeaderElection
2019-08-23 10:04:23,169 [2d79817c-83ab-4b4b-a173-9d1d58553336:group-D1385ACC3A7C:LeaderElection59] INFO  impl.RaftServerImpl (RaftServerImpl.java:setRole(171)) - 2d79817c-83ab-4b4b-a173-9d1d58553336:group-D1385ACC3A7C changes role from CANDIDATE to LEADER at term 1 for changeToLeader
2019-08-23 10:04:23,169 [2d79817c-83ab-4b4b-a173-9d1d58553336:group-D1385ACC3A7C:LeaderElection59] INFO  impl.RaftServerImpl (ServerState.java:setLeader(263)) - 2d79817c-83ab-4b4b-a173-9d1d58553336:group-D1385ACC3A7C change Leader from null to 2d79817c-83ab-4b4b-a173-9d1d58553336 at term 1 for becomeLeader, leader elected after 5106ms
2019-08-23 10:04:23,169 [2d79817c-83ab-4b4b-a173-9d1d58553336:group-D1385ACC3A7C:LeaderElection59] INFO  server.RaftServerConfigKeys (ConfUtils.java:logGet(43)) - raft.server.staging.catchup.gap = 1000 (default)
2019-08-23 10:04:23,169 [2d79817c-83ab-4b4b-a173-9d1d58553336:group-D1385ACC3A7C:LeaderElection59] INFO  server.RaftServerConfigKeys (ConfUtils.java:logGet(43)) - raft.server.rpc.sleep.time = 25ms (default)
2019-08-23 10:04:23,169 [2d79817c-83ab-4b4b-a173-9d1d58553336:group-D1385ACC3A7C:LeaderElection59] INFO  server.RaftServerConfigKeys (ConfUtils.java:logGet(43)) - raft.server.write.element-limit = 4096 (default)
2019-08-23 10:04:23,170 [2d79817c-83ab-4b4b-a173-9d1d58553336:group-D1385ACC3A7C:LeaderElection59] INFO  server.RaftServerConfigKeys (ConfUtils.java:logGet(43)) - raft.server.watch.timeout = 10s (default)
2019-08-23 10:04:23,170 [2d79817c-83ab-4b4b-a173-9d1d58553336:group-D1385ACC3A7C:LeaderElection59] INFO  server.RaftServerConfigKeys (ConfUtils.java:logGet(43)) - raft.server.watch.timeout.denomination = 1s (default)
2019-08-23 10:04:23,170 [2d79817c-83ab-4b4b-a173-9d1d58553336:group-D1385ACC3A7C:LeaderElection59] INFO  server.RaftServerConfigKeys (ConfUtils.java:logGet(43)) - raft.server.watch.element-limit = 65536 (default)
2019-08-23 10:04:23,170 [2d79817c-83ab-4b4b-a173-9d1d58553336:group-D1385ACC3A7C:LeaderElection59] INFO  impl.RoleInfo (RoleInfo.java:updateAndGet(143)) - 2d79817c-83ab-4b4b-a173-9d1d58553336: start LeaderState
2019-08-23 10:04:23,170 [2d79817c-83ab-4b4b-a173-9d1d58553336:group-D1385ACC3A7C:LeaderElection59] INFO  segmented.SegmentedRaftLogWorker (SegmentedRaftLogWorker.java:startLogSegment(380)) - 2d79817c-83ab-4b4b-a173-9d1d58553336-SegmentedRaftLogWorker:Storage Directory /workdir/hadoop-ozone/integration-test/target/test-dir/MiniOzoneClusterImpl-e3530e56-8be5-4e35-b41d-e6108e761a1d/datanode-3/data/ratis/59380235-e425-4c39-a34a-d1385acc3a7c: Starting segment from index:0
2019-08-23 10:04:23,171 [2d79817c-83ab-4b4b-a173-9d1d58553336:group-D1385ACC3A7C:LeaderElection59] INFO  impl.RaftServerImpl (ServerState.java:setRaftConf(361)) - 2d79817c-83ab-4b4b-a173-9d1d58553336:group-D1385ACC3A7C set configuration 0: [2d79817c-83ab-4b4b-a173-9d1d58553336:192.168.34.11:36277], old=null at 0
2019-08-23 10:04:23,214 | INFO  | SCMAudit | user=jenkins1000 | ip=192.168.34.11 | op=SEND_HEARTBEAT {datanodeUUID=c59437e1-9416-4eae-8424-f47ceed6fd18, command=[]} | ret=SUCCESS |  
2019-08-23 10:04:23,224 [2d79817c-83ab-4b4b-a173-9d1d58553336-SegmentedRaftLogWorker:Storage Directory /workdir/hadoop-ozone/integration-test/target/test-dir/MiniOzoneClusterImpl-e3530e56-8be5-4e35-b41d-e6108e761a1d/datanode-3/data/ratis/59380235-e425-4c39-a34a-d1385acc3a7c] INFO  segmented.SegmentedRaftLogWorker (SegmentedRaftLogWorker.java:execute(569)) - 2d79817c-83ab-4b4b-a173-9d1d58553336-SegmentedRaftLogWorker:Storage Directory /workdir/hadoop-ozone/integration-test/target/test-dir/MiniOzoneClusterImpl-e3530e56-8be5-4e35-b41d-e6108e761a1d/datanode-3/data/ratis/59380235-e425-4c39-a34a-d1385acc3a7c: created new log segment /workdir/hadoop-ozone/integration-test/target/test-dir/MiniOzoneClusterImpl-e3530e56-8be5-4e35-b41d-e6108e761a1d/datanode-3/data/ratis/59380235-e425-4c39-a34a-d1385acc3a7c/current/log_inprogress_0
2019-08-23 10:04:23,272 [Thread-3323] INFO  impl.FollowerState (FollowerState.java:run(106)) - c59437e1-9416-4eae-8424-f47ceed6fd18:group-CA8336A94721 changes to CANDIDATE, lastRpcTime:5016, electionTimeout:5016ms
2019-08-23 10:04:23,272 [Thread-3323] INFO  impl.RoleInfo (RoleInfo.java:shutdownFollowerState(121)) - c59437e1-9416-4eae-8424-f47ceed6fd18: shutdown FollowerState
2019-08-23 10:04:23,272 [Thread-3323] INFO  impl.RaftServerImpl (RaftServerImpl.java:setRole(171)) - c59437e1-9416-4eae-8424-f47ceed6fd18:group-CA8336A94721 changes role from FOLLOWER to CANDIDATE at term 0 for changeToCandidate
2019-08-23 10:04:23,272 [Thread-3323] INFO  impl.RoleInfo (RoleInfo.java:updateAndGet(143)) - c59437e1-9416-4eae-8424-f47ceed6fd18: start LeaderElection
2019-08-23 10:04:23,290 [c59437e1-9416-4eae-8424-f47ceed6fd18:group-CA8336A94721:LeaderElection60] INFO  impl.LeaderElection (LeaderElection.java:askForVotes(181)) - c59437e1-9416-4eae-8424-f47ceed6fd18:group-CA8336A94721:LeaderElection60: begin an election at term 1 for -1: [c59437e1-9416-4eae-8424-f47ceed6fd18:192.168.34.11:33751], old=null
2019-08-23 10:04:23,290 [c59437e1-9416-4eae-8424-f47ceed6fd18:group-CA8336A94721:LeaderElection60] INFO  impl.RoleInfo (RoleInfo.java:shutdownLeaderElection(134)) - c59437e1-9416-4eae-8424-f47ceed6fd18: shutdown LeaderElection
2019-08-23 10:04:23,291 [c59437e1-9416-4eae-8424-f47ceed6fd18:group-CA8336A94721:LeaderElection60] INFO  impl.RaftServerImpl (RaftServerImpl.java:setRole(171)) - c59437e1-9416-4eae-8424-f47ceed6fd18:group-CA8336A94721 changes role from CANDIDATE to LEADER at term 1 for changeToLeader
2019-08-23 10:04:23,291 [c59437e1-9416-4eae-8424-f47ceed6fd18:group-CA8336A94721:LeaderElection60] INFO  impl.RaftServerImpl (ServerState.java:setLeader(263)) - c59437e1-9416-4eae-8424-f47ceed6fd18:group-CA8336A94721 change Leader from null to c59437e1-9416-4eae-8424-f47ceed6fd18 at term 1 for becomeLeader, leader elected after 5039ms
2019-08-23 10:04:23,291 [c59437e1-9416-4eae-8424-f47ceed6fd18:group-CA8336A94721:LeaderElection60] INFO  server.RaftServerConfigKeys (ConfUtils.java:logGet(43)) - raft.server.staging.catchup.gap = 1000 (default)
2019-08-23 10:04:23,291 [c59437e1-9416-4eae-8424-f47ceed6fd18:group-CA8336A94721:LeaderElection60] INFO  server.RaftServerConfigKeys (ConfUtils.java:logGet(43)) - raft.server.rpc.sleep.time = 25ms (default)
2019-08-23 10:04:23,291 [c59437e1-9416-4eae-8424-f47ceed6fd18:group-CA8336A94721:LeaderElection60] INFO  server.RaftServerConfigKeys (ConfUtils.java:logGet(43)) - raft.server.write.element-limit = 4096 (default)
2019-08-23 10:04:23,291 [c59437e1-9416-4eae-8424-f47ceed6fd18:group-CA8336A94721:LeaderElection60] INFO  server.RaftServerConfigKeys (ConfUtils.java:logGet(43)) - raft.server.watch.timeout = 10s (default)
2019-08-23 10:04:23,292 [c59437e1-9416-4eae-8424-f47ceed6fd18:group-CA8336A94721:LeaderElection60] INFO  server.RaftServerConfigKeys (ConfUtils.java:logGet(43)) - raft.server.watch.timeout.denomination = 1s (default)
2019-08-23 10:04:23,292 [c59437e1-9416-4eae-8424-f47ceed6fd18:group-CA8336A94721:LeaderElection60] INFO  server.RaftServerConfigKeys (ConfUtils.java:logGet(43)) - raft.server.watch.element-limit = 65536 (default)
2019-08-23 10:04:23,292 [c59437e1-9416-4eae-8424-f47ceed6fd18:group-CA8336A94721:LeaderElection60] INFO  impl.RoleInfo (RoleInfo.java:updateAndGet(143)) - c59437e1-9416-4eae-8424-f47ceed6fd18: start LeaderState
2019-08-23 10:04:23,292 [c59437e1-9416-4eae-8424-f47ceed6fd18:group-CA8336A94721:LeaderElection60] INFO  segmented.SegmentedRaftLogWorker (SegmentedRaftLogWorker.java:startLogSegment(380)) - c59437e1-9416-4eae-8424-f47ceed6fd18-SegmentedRaftLogWorker:Storage Directory /workdir/hadoop-ozone/integration-test/target/test-dir/MiniOzoneClusterImpl-e3530e56-8be5-4e35-b41d-e6108e761a1d/datanode-4/data/ratis/abf0edd5-ef3a-4c75-bc9a-ca8336a94721: Starting segment from index:0
2019-08-23 10:04:23,293 [c59437e1-9416-4eae-8424-f47ceed6fd18:group-CA8336A94721:LeaderElection60] INFO  impl.RaftServerImpl (ServerState.java:setRaftConf(361)) - c59437e1-9416-4eae-8424-f47ceed6fd18:group-CA8336A94721 set configuration 0: [c59437e1-9416-4eae-8424-f47ceed6fd18:192.168.34.11:33751], old=null at 0
2019-08-23 10:04:23,338 | INFO  | SCMAudit | user=jenkins1000 | ip=192.168.34.11 | op=SEND_HEARTBEAT {datanodeUUID=c9e7da90-c5a5-4808-9794-4305bac07bb7, command=[]} | ret=SUCCESS |  
2019-08-23 10:04:23,340 [c59437e1-9416-4eae-8424-f47ceed6fd18-SegmentedRaftLogWorker:Storage Directory /workdir/hadoop-ozone/integration-test/target/test-dir/MiniOzoneClusterImpl-e3530e56-8be5-4e35-b41d-e6108e761a1d/datanode-4/data/ratis/abf0edd5-ef3a-4c75-bc9a-ca8336a94721] INFO  segmented.SegmentedRaftLogWorker (SegmentedRaftLogWorker.java:execute(569)) - c59437e1-9416-4eae-8424-f47ceed6fd18-SegmentedRaftLogWorker:Storage Directory /workdir/hadoop-ozone/integration-test/target/test-dir/MiniOzoneClusterImpl-e3530e56-8be5-4e35-b41d-e6108e761a1d/datanode-4/data/ratis/abf0edd5-ef3a-4c75-bc9a-ca8336a94721: created new log segment /workdir/hadoop-ozone/integration-test/target/test-dir/MiniOzoneClusterImpl-e3530e56-8be5-4e35-b41d-e6108e761a1d/datanode-4/data/ratis/abf0edd5-ef3a-4c75-bc9a-ca8336a94721/current/log_inprogress_0
2019-08-23 10:04:23,447 | INFO  | SCMAudit | user=jenkins1000 | ip=192.168.34.11 | op=SEND_HEARTBEAT {datanodeUUID=2e3457a7-9f76-45fb-9b7b-9eb45e0d8c5c, command=[]} | ret=SUCCESS |  
2019-08-23 10:04:23,491 [Thread-3326] INFO  impl.FollowerState (FollowerState.java:run(106)) - 2e3457a7-9f76-45fb-9b7b-9eb45e0d8c5c:group-8B037E1F2C36 changes to CANDIDATE, lastRpcTime:5001, electionTimeout:5001ms
2019-08-23 10:04:23,491 [Thread-3326] INFO  impl.RoleInfo (RoleInfo.java:shutdownFollowerState(121)) - 2e3457a7-9f76-45fb-9b7b-9eb45e0d8c5c: shutdown FollowerState
2019-08-23 10:04:23,491 [Thread-3326] INFO  impl.RaftServerImpl (RaftServerImpl.java:setRole(171)) - 2e3457a7-9f76-45fb-9b7b-9eb45e0d8c5c:group-8B037E1F2C36 changes role from FOLLOWER to CANDIDATE at term 0 for changeToCandidate
2019-08-23 10:04:23,491 [Thread-3326] INFO  impl.RoleInfo (RoleInfo.java:updateAndGet(143)) - 2e3457a7-9f76-45fb-9b7b-9eb45e0d8c5c: start LeaderElection
2019-08-23 10:04:23,509 [2e3457a7-9f76-45fb-9b7b-9eb45e0d8c5c:group-8B037E1F2C36:LeaderElection61] INFO  impl.LeaderElection (LeaderElection.java:askForVotes(181)) - 2e3457a7-9f76-45fb-9b7b-9eb45e0d8c5c:group-8B037E1F2C36:LeaderElection61: begin an election at term 1 for -1: [2e3457a7-9f76-45fb-9b7b-9eb45e0d8c5c:192.168.34.11:36212], old=null
2019-08-23 10:04:23,509 [2e3457a7-9f76-45fb-9b7b-9eb45e0d8c5c:group-8B037E1F2C36:LeaderElection61] INFO  impl.RoleInfo (RoleInfo.java:shutdownLeaderElection(134)) - 2e3457a7-9f76-45fb-9b7b-9eb45e0d8c5c: shutdown LeaderElection
2019-08-23 10:04:23,509 [2e3457a7-9f76-45fb-9b7b-9eb45e0d8c5c:group-8B037E1F2C36:LeaderElection61] INFO  impl.RaftServerImpl (RaftServerImpl.java:setRole(171)) - 2e3457a7-9f76-45fb-9b7b-9eb45e0d8c5c:group-8B037E1F2C36 changes role from CANDIDATE to LEADER at term 1 for changeToLeader
2019-08-23 10:04:23,510 [2e3457a7-9f76-45fb-9b7b-9eb45e0d8c5c:group-8B037E1F2C36:LeaderElection61] INFO  impl.RaftServerImpl (ServerState.java:setLeader(263)) - 2e3457a7-9f76-45fb-9b7b-9eb45e0d8c5c:group-8B037E1F2C36 change Leader from null to 2e3457a7-9f76-45fb-9b7b-9eb45e0d8c5c at term 1 for becomeLeader, leader elected after 5024ms
2019-08-23 10:04:23,510 [2e3457a7-9f76-45fb-9b7b-9eb45e0d8c5c:group-8B037E1F2C36:LeaderElection61] INFO  server.RaftServerConfigKeys (ConfUtils.java:logGet(43)) - raft.server.staging.catchup.gap = 1000 (default)
2019-08-23 10:04:23,510 [2e3457a7-9f76-45fb-9b7b-9eb45e0d8c5c:group-8B037E1F2C36:LeaderElection61] INFO  server.RaftServerConfigKeys (ConfUtils.java:logGet(43)) - raft.server.rpc.sleep.time = 25ms (default)
2019-08-23 10:04:23,510 [2e3457a7-9f76-45fb-9b7b-9eb45e0d8c5c:group-8B037E1F2C36:LeaderElection61] INFO  server.RaftServerConfigKeys (ConfUtils.java:logGet(43)) - raft.server.write.element-limit = 4096 (default)
2019-08-23 10:04:23,510 [2e3457a7-9f76-45fb-9b7b-9eb45e0d8c5c:group-8B037E1F2C36:LeaderElection61] INFO  server.RaftServerConfigKeys (ConfUtils.java:logGet(43)) - raft.server.watch.timeout = 10s (default)
2019-08-23 10:04:23,510 [2e3457a7-9f76-45fb-9b7b-9eb45e0d8c5c:group-8B037E1F2C36:LeaderElection61] INFO  server.RaftServerConfigKeys (ConfUtils.java:logGet(43)) - raft.server.watch.timeout.denomination = 1s (default)
2019-08-23 10:04:23,511 [2e3457a7-9f76-45fb-9b7b-9eb45e0d8c5c:group-8B037E1F2C36:LeaderElection61] INFO  server.RaftServerConfigKeys (ConfUtils.java:logGet(43)) - raft.server.watch.element-limit = 65536 (default)
2019-08-23 10:04:23,511 [2e3457a7-9f76-45fb-9b7b-9eb45e0d8c5c:group-8B037E1F2C36:LeaderElection61] INFO  impl.RoleInfo (RoleInfo.java:updateAndGet(143)) - 2e3457a7-9f76-45fb-9b7b-9eb45e0d8c5c: start LeaderState
2019-08-23 10:04:23,511 [2e3457a7-9f76-45fb-9b7b-9eb45e0d8c5c:group-8B037E1F2C36:LeaderElection61] INFO  segmented.SegmentedRaftLogWorker (SegmentedRaftLogWorker.java:startLogSegment(380)) - 2e3457a7-9f76-45fb-9b7b-9eb45e0d8c5c-SegmentedRaftLogWorker:Storage Directory /workdir/hadoop-ozone/integration-test/target/test-dir/MiniOzoneClusterImpl-e3530e56-8be5-4e35-b41d-e6108e761a1d/datanode-5/data/ratis/04d0abaa-a0ed-44f6-9939-8b037e1f2c36: Starting segment from index:0
2019-08-23 10:04:23,512 [2e3457a7-9f76-45fb-9b7b-9eb45e0d8c5c:group-8B037E1F2C36:LeaderElection61] INFO  impl.RaftServerImpl (ServerState.java:setRaftConf(361)) - 2e3457a7-9f76-45fb-9b7b-9eb45e0d8c5c:group-8B037E1F2C36 set configuration 0: [2e3457a7-9f76-45fb-9b7b-9eb45e0d8c5c:192.168.34.11:36212], old=null at 0
2019-08-23 10:04:23,553 | INFO  | SCMAudit | user=jenkins1000 | ip=192.168.34.11 | op=SEND_HEARTBEAT {datanodeUUID=02fdabdd-783b-4687-aaad-f4e6848c1dc1, command=[]} | ret=SUCCESS |  
2019-08-23 10:04:23,565 [2e3457a7-9f76-45fb-9b7b-9eb45e0d8c5c-SegmentedRaftLogWorker:Storage Directory /workdir/hadoop-ozone/integration-test/target/test-dir/MiniOzoneClusterImpl-e3530e56-8be5-4e35-b41d-e6108e761a1d/datanode-5/data/ratis/04d0abaa-a0ed-44f6-9939-8b037e1f2c36] INFO  segmented.SegmentedRaftLogWorker (SegmentedRaftLogWorker.java:execute(569)) - 2e3457a7-9f76-45fb-9b7b-9eb45e0d8c5c-SegmentedRaftLogWorker:Storage Directory /workdir/hadoop-ozone/integration-test/target/test-dir/MiniOzoneClusterImpl-e3530e56-8be5-4e35-b41d-e6108e761a1d/datanode-5/data/ratis/04d0abaa-a0ed-44f6-9939-8b037e1f2c36: created new log segment /workdir/hadoop-ozone/integration-test/target/test-dir/MiniOzoneClusterImpl-e3530e56-8be5-4e35-b41d-e6108e761a1d/datanode-5/data/ratis/04d0abaa-a0ed-44f6-9939-8b037e1f2c36/current/log_inprogress_0
2019-08-23 10:04:23,661 | INFO  | SCMAudit | user=jenkins1000 | ip=192.168.34.11 | op=SEND_HEARTBEAT {datanodeUUID=7b18dc38-9e45-4799-92bc-3e52050f2105, command=[]} | ret=SUCCESS |  
2019-08-23 10:04:23,661 [Thread-3329] INFO  impl.FollowerState (FollowerState.java:run(106)) - 2e3457a7-9f76-45fb-9b7b-9eb45e0d8c5c:group-ABF59B3ADCDE changes to CANDIDATE, lastRpcTime:5118, electionTimeout:5118ms
2019-08-23 10:04:23,661 [Thread-3329] INFO  impl.RoleInfo (RoleInfo.java:shutdownFollowerState(121)) - 2e3457a7-9f76-45fb-9b7b-9eb45e0d8c5c: shutdown FollowerState
2019-08-23 10:04:23,661 [Thread-3329] INFO  impl.RaftServerImpl (RaftServerImpl.java:setRole(171)) - 2e3457a7-9f76-45fb-9b7b-9eb45e0d8c5c:group-ABF59B3ADCDE changes role from FOLLOWER to CANDIDATE at term 0 for changeToCandidate
2019-08-23 10:04:23,661 [Thread-3329] INFO  impl.RoleInfo (RoleInfo.java:updateAndGet(143)) - 2e3457a7-9f76-45fb-9b7b-9eb45e0d8c5c: start LeaderElection
2019-08-23 10:04:23,678 [2e3457a7-9f76-45fb-9b7b-9eb45e0d8c5c:group-ABF59B3ADCDE:LeaderElection62] INFO  impl.LeaderElection (LeaderElection.java:askForVotes(181)) - 2e3457a7-9f76-45fb-9b7b-9eb45e0d8c5c:group-ABF59B3ADCDE:LeaderElection62: begin an election at term 1 for -1: [2d79817c-83ab-4b4b-a173-9d1d58553336:192.168.34.11:36277, c59437e1-9416-4eae-8424-f47ceed6fd18:192.168.34.11:33751, 2e3457a7-9f76-45fb-9b7b-9eb45e0d8c5c:192.168.34.11:36212], old=null
2019-08-23 10:04:23,683 [grpc-default-executor-7] INFO  impl.RaftServerImpl (RaftServerImpl.java:setRole(171)) - c59437e1-9416-4eae-8424-f47ceed6fd18:group-ABF59B3ADCDE changes role from FOLLOWER to FOLLOWER at term 1 for recognizeCandidate:2e3457a7-9f76-45fb-9b7b-9eb45e0d8c5c
2019-08-23 10:04:23,683 [grpc-default-executor-9] INFO  impl.RaftServerImpl (RaftServerImpl.java:setRole(171)) - 2d79817c-83ab-4b4b-a173-9d1d58553336:group-ABF59B3ADCDE changes role from FOLLOWER to FOLLOWER at term 1 for recognizeCandidate:2e3457a7-9f76-45fb-9b7b-9eb45e0d8c5c
2019-08-23 10:04:23,683 [grpc-default-executor-7] INFO  impl.RoleInfo (RoleInfo.java:shutdownFollowerState(121)) - c59437e1-9416-4eae-8424-f47ceed6fd18: shutdown FollowerState
2019-08-23 10:04:23,683 [grpc-default-executor-9] INFO  impl.RoleInfo (RoleInfo.java:shutdownFollowerState(121)) - 2d79817c-83ab-4b4b-a173-9d1d58553336: shutdown FollowerState
2019-08-23 10:04:23,684 [Thread-3332] INFO  impl.FollowerState (FollowerState.java:run(114)) - c59437e1-9416-4eae-8424-f47ceed6fd18: FollowerState was interrupted: java.lang.InterruptedException: sleep interrupted
2019-08-23 10:04:23,684 [Thread-3335] INFO  impl.FollowerState (FollowerState.java:run(114)) - 2d79817c-83ab-4b4b-a173-9d1d58553336: FollowerState was interrupted: java.lang.InterruptedException: sleep interrupted
2019-08-23 10:04:23,684 [grpc-default-executor-7] INFO  impl.RoleInfo (RoleInfo.java:updateAndGet(143)) - c59437e1-9416-4eae-8424-f47ceed6fd18: start FollowerState
2019-08-23 10:04:23,684 [grpc-default-executor-9] INFO  impl.RoleInfo (RoleInfo.java:updateAndGet(143)) - 2d79817c-83ab-4b4b-a173-9d1d58553336: start FollowerState
2019-08-23 10:04:23,702 [2e3457a7-9f76-45fb-9b7b-9eb45e0d8c5c:group-ABF59B3ADCDE:LeaderElection62] INFO  impl.LeaderElection (LeaderElection.java:logAndReturn(56)) - 2e3457a7-9f76-45fb-9b7b-9eb45e0d8c5c:group-ABF59B3ADCDE:LeaderElection62: Election PASSED; received 1 response(s) [2e3457a7-9f76-45fb-9b7b-9eb45e0d8c5c<-2d79817c-83ab-4b4b-a173-9d1d58553336#0:OK-t1] and 0 exception(s); 2e3457a7-9f76-45fb-9b7b-9eb45e0d8c5c:t1, leader=null, voted=2e3457a7-9f76-45fb-9b7b-9eb45e0d8c5c, raftlog=2e3457a7-9f76-45fb-9b7b-9eb45e0d8c5c-SegmentedRaftLog:OPENED:c-1,f-1,i0, conf=-1: [2d79817c-83ab-4b4b-a173-9d1d58553336:192.168.34.11:36277, c59437e1-9416-4eae-8424-f47ceed6fd18:192.168.34.11:33751, 2e3457a7-9f76-45fb-9b7b-9eb45e0d8c5c:192.168.34.11:36212], old=null
2019-08-23 10:04:23,703 [2e3457a7-9f76-45fb-9b7b-9eb45e0d8c5c:group-ABF59B3ADCDE:LeaderElection62] INFO  impl.RoleInfo (RoleInfo.java:shutdownLeaderElection(134)) - 2e3457a7-9f76-45fb-9b7b-9eb45e0d8c5c: shutdown LeaderElection
2019-08-23 10:04:23,703 [2e3457a7-9f76-45fb-9b7b-9eb45e0d8c5c:group-ABF59B3ADCDE:LeaderElection62] INFO  impl.RaftServerImpl (RaftServerImpl.java:setRole(171)) - 2e3457a7-9f76-45fb-9b7b-9eb45e0d8c5c:group-ABF59B3ADCDE changes role from CANDIDATE to LEADER at term 1 for changeToLeader
2019-08-23 10:04:23,703 [2e3457a7-9f76-45fb-9b7b-9eb45e0d8c5c:group-ABF59B3ADCDE:LeaderElection62] INFO  impl.RaftServerImpl (ServerState.java:setLeader(263)) - 2e3457a7-9f76-45fb-9b7b-9eb45e0d8c5c:group-ABF59B3ADCDE change Leader from null to 2e3457a7-9f76-45fb-9b7b-9eb45e0d8c5c at term 1 for becomeLeader, leader elected after 5168ms
2019-08-23 10:04:23,703 [2e3457a7-9f76-45fb-9b7b-9eb45e0d8c5c:group-ABF59B3ADCDE:LeaderElection62] INFO  server.RaftServerConfigKeys (ConfUtils.java:logGet(43)) - raft.server.staging.catchup.gap = 1000 (default)
2019-08-23 10:04:23,703 [2e3457a7-9f76-45fb-9b7b-9eb45e0d8c5c:group-ABF59B3ADCDE:LeaderElection62] INFO  server.RaftServerConfigKeys (ConfUtils.java:logGet(43)) - raft.server.rpc.sleep.time = 25ms (default)
2019-08-23 10:04:23,703 [2e3457a7-9f76-45fb-9b7b-9eb45e0d8c5c:group-ABF59B3ADCDE:LeaderElection62] INFO  server.RaftServerConfigKeys (ConfUtils.java:logGet(43)) - raft.server.write.element-limit = 4096 (default)
2019-08-23 10:04:23,704 [2e3457a7-9f76-45fb-9b7b-9eb45e0d8c5c:group-ABF59B3ADCDE:LeaderElection62] INFO  server.RaftServerConfigKeys (ConfUtils.java:logGet(43)) - raft.server.watch.timeout = 10s (default)
2019-08-23 10:04:23,704 [2e3457a7-9f76-45fb-9b7b-9eb45e0d8c5c:group-ABF59B3ADCDE:LeaderElection62] INFO  server.RaftServerConfigKeys (ConfUtils.java:logGet(43)) - raft.server.watch.timeout.denomination = 1s (default)
2019-08-23 10:04:23,704 [2e3457a7-9f76-45fb-9b7b-9eb45e0d8c5c:group-ABF59B3ADCDE:LeaderElection62] INFO  server.RaftServerConfigKeys (ConfUtils.java:logGet(43)) - raft.server.watch.element-limit = 65536 (default)
2019-08-23 10:04:23,704 [2e3457a7-9f76-45fb-9b7b-9eb45e0d8c5c:group-ABF59B3ADCDE:LeaderElection62] INFO  server.RaftServerConfigKeys (ConfUtils.java:logGet(43)) - raft.server.log.appender.snapshot.chunk.size.max = 16MB (=16777216) (default)
2019-08-23 10:04:23,704 [2e3457a7-9f76-45fb-9b7b-9eb45e0d8c5c:group-ABF59B3ADCDE:LeaderElection62] INFO  server.RaftServerConfigKeys (ConfUtils.java:logGet(43)) - raft.server.log.appender.buffer.byte-limit = 33554432 (custom)
2019-08-23 10:04:23,704 [2e3457a7-9f76-45fb-9b7b-9eb45e0d8c5c:group-ABF59B3ADCDE:LeaderElection62] INFO  server.RaftServerConfigKeys (ConfUtils.java:logGet(43)) - raft.server.log.appender.buffer.element-limit = 1 (custom)
2019-08-23 10:04:23,705 [2e3457a7-9f76-45fb-9b7b-9eb45e0d8c5c:group-ABF59B3ADCDE:LeaderElection62] INFO  grpc.GrpcConfigKeys$Server (ConfUtils.java:logGet(43)) - raft.grpc.server.leader.outstanding.appends.max = 128 (default)
2019-08-23 10:04:23,705 [2e3457a7-9f76-45fb-9b7b-9eb45e0d8c5c:group-ABF59B3ADCDE:LeaderElection62] INFO  server.RaftServerConfigKeys (ConfUtils.java:logGet(43)) - raft.server.rpc.request.timeout = 3000ms (default)
2019-08-23 10:04:23,705 [2e3457a7-9f76-45fb-9b7b-9eb45e0d8c5c:group-ABF59B3ADCDE:LeaderElection62] INFO  server.RaftServerConfigKeys (ConfUtils.java:logGet(43)) - raft.server.log.appender.install.snapshot.enabled = false (custom)
2019-08-23 10:04:23,705 [2e3457a7-9f76-45fb-9b7b-9eb45e0d8c5c:group-ABF59B3ADCDE:LeaderElection62] INFO  server.RaftServerConfigKeys (ConfUtils.java:logGet(43)) - raft.server.log.appender.snapshot.chunk.size.max = 16MB (=16777216) (default)
2019-08-23 10:04:23,705 [2e3457a7-9f76-45fb-9b7b-9eb45e0d8c5c:group-ABF59B3ADCDE:LeaderElection62] INFO  server.RaftServerConfigKeys (ConfUtils.java:logGet(43)) - raft.server.log.appender.buffer.byte-limit = 33554432 (custom)
2019-08-23 10:04:23,706 [2e3457a7-9f76-45fb-9b7b-9eb45e0d8c5c:group-ABF59B3ADCDE:LeaderElection62] INFO  server.RaftServerConfigKeys (ConfUtils.java:logGet(43)) - raft.server.log.appender.buffer.element-limit = 1 (custom)
2019-08-23 10:04:23,706 [2e3457a7-9f76-45fb-9b7b-9eb45e0d8c5c:group-ABF59B3ADCDE:LeaderElection62] INFO  grpc.GrpcConfigKeys$Server (ConfUtils.java:logGet(43)) - raft.grpc.server.leader.outstanding.appends.max = 128 (default)
2019-08-23 10:04:23,706 [2e3457a7-9f76-45fb-9b7b-9eb45e0d8c5c:group-ABF59B3ADCDE:LeaderElection62] INFO  server.RaftServerConfigKeys (ConfUtils.java:logGet(43)) - raft.server.rpc.request.timeout = 3000ms (default)
2019-08-23 10:04:23,706 [2e3457a7-9f76-45fb-9b7b-9eb45e0d8c5c:group-ABF59B3ADCDE:LeaderElection62] INFO  server.RaftServerConfigKeys (ConfUtils.java:logGet(43)) - raft.server.log.appender.install.snapshot.enabled = false (custom)
2019-08-23 10:04:23,707 [2e3457a7-9f76-45fb-9b7b-9eb45e0d8c5c:group-ABF59B3ADCDE:LeaderElection62] INFO  impl.RoleInfo (RoleInfo.java:updateAndGet(143)) - 2e3457a7-9f76-45fb-9b7b-9eb45e0d8c5c: start LeaderState
2019-08-23 10:04:23,707 [2e3457a7-9f76-45fb-9b7b-9eb45e0d8c5c:group-ABF59B3ADCDE:LeaderElection62] INFO  segmented.SegmentedRaftLogWorker (SegmentedRaftLogWorker.java:startLogSegment(380)) - 2e3457a7-9f76-45fb-9b7b-9eb45e0d8c5c-SegmentedRaftLogWorker:Storage Directory /workdir/hadoop-ozone/integration-test/target/test-dir/MiniOzoneClusterImpl-e3530e56-8be5-4e35-b41d-e6108e761a1d/datanode-5/data/ratis/0c6786e4-2b14-4615-83b9-abf59b3adcde: Starting segment from index:0
2019-08-23 10:04:23,708 [2e3457a7-9f76-45fb-9b7b-9eb45e0d8c5c:group-ABF59B3ADCDE:LeaderElection62] INFO  impl.RaftServerImpl (ServerState.java:setRaftConf(361)) - 2e3457a7-9f76-45fb-9b7b-9eb45e0d8c5c:group-ABF59B3ADCDE set configuration 0: [2d79817c-83ab-4b4b-a173-9d1d58553336:192.168.34.11:36277, c59437e1-9416-4eae-8424-f47ceed6fd18:192.168.34.11:33751, 2e3457a7-9f76-45fb-9b7b-9eb45e0d8c5c:192.168.34.11:36212], old=null at 0
2019-08-23 10:04:23,751 [grpc-default-executor-7] INFO  impl.RaftServerImpl (ServerState.java:setLeader(263)) - 2d79817c-83ab-4b4b-a173-9d1d58553336:group-ABF59B3ADCDE change Leader from null to 2e3457a7-9f76-45fb-9b7b-9eb45e0d8c5c at term 1 for appendEntries, leader elected after 5216ms
2019-08-23 10:04:23,754 [grpc-default-executor-9] INFO  impl.RaftServerImpl (ServerState.java:setLeader(263)) - c59437e1-9416-4eae-8424-f47ceed6fd18:group-ABF59B3ADCDE change Leader from null to 2e3457a7-9f76-45fb-9b7b-9eb45e0d8c5c at term 1 for appendEntries, leader elected after 5218ms
2019-08-23 10:04:23,759 [grpc-default-executor-7] INFO  impl.RaftServerImpl (ServerState.java:setRaftConf(361)) - 2d79817c-83ab-4b4b-a173-9d1d58553336:group-ABF59B3ADCDE set configuration 0: [2d79817c-83ab-4b4b-a173-9d1d58553336:192.168.34.11:36277, c59437e1-9416-4eae-8424-f47ceed6fd18:192.168.34.11:33751, 2e3457a7-9f76-45fb-9b7b-9eb45e0d8c5c:192.168.34.11:36212], old=null at 0
2019-08-23 10:04:23,759 [grpc-default-executor-9] INFO  impl.RaftServerImpl (ServerState.java:setRaftConf(361)) - c59437e1-9416-4eae-8424-f47ceed6fd18:group-ABF59B3ADCDE set configuration 0: [2d79817c-83ab-4b4b-a173-9d1d58553336:192.168.34.11:36277, c59437e1-9416-4eae-8424-f47ceed6fd18:192.168.34.11:33751, 2e3457a7-9f76-45fb-9b7b-9eb45e0d8c5c:192.168.34.11:36212], old=null at 0
2019-08-23 10:04:23,759 [grpc-default-executor-7] INFO  segmented.SegmentedRaftLogWorker (SegmentedRaftLogWorker.java:startLogSegment(380)) - 2d79817c-83ab-4b4b-a173-9d1d58553336-SegmentedRaftLogWorker:Storage Directory /workdir/hadoop-ozone/integration-test/target/test-dir/MiniOzoneClusterImpl-e3530e56-8be5-4e35-b41d-e6108e761a1d/datanode-3/data/ratis/0c6786e4-2b14-4615-83b9-abf59b3adcde: Starting segment from index:0
2019-08-23 10:04:23,759 [grpc-default-executor-9] INFO  segmented.SegmentedRaftLogWorker (SegmentedRaftLogWorker.java:startLogSegment(380)) - c59437e1-9416-4eae-8424-f47ceed6fd18-SegmentedRaftLogWorker:Storage Directory /workdir/hadoop-ozone/integration-test/target/test-dir/MiniOzoneClusterImpl-e3530e56-8be5-4e35-b41d-e6108e761a1d/datanode-4/data/ratis/0c6786e4-2b14-4615-83b9-abf59b3adcde: Starting segment from index:0
2019-08-23 10:04:23,764 [2e3457a7-9f76-45fb-9b7b-9eb45e0d8c5c-SegmentedRaftLogWorker:Storage Directory /workdir/hadoop-ozone/integration-test/target/test-dir/MiniOzoneClusterImpl-e3530e56-8be5-4e35-b41d-e6108e761a1d/datanode-5/data/ratis/0c6786e4-2b14-4615-83b9-abf59b3adcde] INFO  segmented.SegmentedRaftLogWorker (SegmentedRaftLogWorker.java:execute(569)) - 2e3457a7-9f76-45fb-9b7b-9eb45e0d8c5c-SegmentedRaftLogWorker:Storage Directory /workdir/hadoop-ozone/integration-test/target/test-dir/MiniOzoneClusterImpl-e3530e56-8be5-4e35-b41d-e6108e761a1d/datanode-5/data/ratis/0c6786e4-2b14-4615-83b9-abf59b3adcde: created new log segment /workdir/hadoop-ozone/integration-test/target/test-dir/MiniOzoneClusterImpl-e3530e56-8be5-4e35-b41d-e6108e761a1d/datanode-5/data/ratis/0c6786e4-2b14-4615-83b9-abf59b3adcde/current/log_inprogress_0
2019-08-23 10:04:23,800 [2d79817c-83ab-4b4b-a173-9d1d58553336-SegmentedRaftLogWorker:Storage Directory /workdir/hadoop-ozone/integration-test/target/test-dir/MiniOzoneClusterImpl-e3530e56-8be5-4e35-b41d-e6108e761a1d/datanode-3/data/ratis/0c6786e4-2b14-4615-83b9-abf59b3adcde] INFO  segmented.SegmentedRaftLogWorker (SegmentedRaftLogWorker.java:execute(569)) - 2d79817c-83ab-4b4b-a173-9d1d58553336-SegmentedRaftLogWorker:Storage Directory /workdir/hadoop-ozone/integration-test/target/test-dir/MiniOzoneClusterImpl-e3530e56-8be5-4e35-b41d-e6108e761a1d/datanode-3/data/ratis/0c6786e4-2b14-4615-83b9-abf59b3adcde: created new log segment /workdir/hadoop-ozone/integration-test/target/test-dir/MiniOzoneClusterImpl-e3530e56-8be5-4e35-b41d-e6108e761a1d/datanode-3/data/ratis/0c6786e4-2b14-4615-83b9-abf59b3adcde/current/log_inprogress_0
2019-08-23 10:04:23,800 [c59437e1-9416-4eae-8424-f47ceed6fd18-SegmentedRaftLogWorker:Storage Directory /workdir/hadoop-ozone/integration-test/target/test-dir/MiniOzoneClusterImpl-e3530e56-8be5-4e35-b41d-e6108e761a1d/datanode-4/data/ratis/0c6786e4-2b14-4615-83b9-abf59b3adcde] INFO  segmented.SegmentedRaftLogWorker (SegmentedRaftLogWorker.java:execute(569)) - c59437e1-9416-4eae-8424-f47ceed6fd18-SegmentedRaftLogWorker:Storage Directory /workdir/hadoop-ozone/integration-test/target/test-dir/MiniOzoneClusterImpl-e3530e56-8be5-4e35-b41d-e6108e761a1d/datanode-4/data/ratis/0c6786e4-2b14-4615-83b9-abf59b3adcde: created new log segment /workdir/hadoop-ozone/integration-test/target/test-dir/MiniOzoneClusterImpl-e3530e56-8be5-4e35-b41d-e6108e761a1d/datanode-4/data/ratis/0c6786e4-2b14-4615-83b9-abf59b3adcde/current/log_inprogress_0
2019-08-23 10:04:23,808 [grpc-default-executor-9] INFO  client.GrpcClientProtocolClient (GrpcClientProtocolClient.java:onNext(255)) - client-527843A26F49->c59437e1-9416-4eae-8424-f47ceed6fd18: receive RaftClientReply:client-527843A26F49->c59437e1-9416-4eae-8424-f47ceed6fd18@group-ABF59B3ADCDE, cid=168, FAILED org.apache.ratis.protocol.NotLeaderException: Server c59437e1-9416-4eae-8424-f47ceed6fd18 is not the leader (2e3457a7-9f76-45fb-9b7b-9eb45e0d8c5c:192.168.34.11:36212). Request must be sent to leader., logIndex=0, commits[c59437e1-9416-4eae-8424-f47ceed6fd18:c-1, 2d79817c-83ab-4b4b-a173-9d1d58553336:c-1, 2e3457a7-9f76-45fb-9b7b-9eb45e0d8c5c:c-1]
2019-08-23 10:04:23,832 [Thread-3338] INFO  impl.FollowerState (FollowerState.java:run(106)) - 7b18dc38-9e45-4799-92bc-3e52050f2105:group-15300AAF654B changes to CANDIDATE, lastRpcTime:5126, electionTimeout:5126ms
2019-08-23 10:04:23,832 [Thread-3338] INFO  impl.RoleInfo (RoleInfo.java:shutdownFollowerState(121)) - 7b18dc38-9e45-4799-92bc-3e52050f2105: shutdown FollowerState
2019-08-23 10:04:23,832 [Thread-3338] INFO  impl.RaftServerImpl (RaftServerImpl.java:setRole(171)) - 7b18dc38-9e45-4799-92bc-3e52050f2105:group-15300AAF654B changes role from FOLLOWER to CANDIDATE at term 0 for changeToCandidate
2019-08-23 10:04:23,832 [Thread-3338] INFO  impl.RoleInfo (RoleInfo.java:updateAndGet(143)) - 7b18dc38-9e45-4799-92bc-3e52050f2105: start LeaderElection
2019-08-23 10:04:23,844 [7b18dc38-9e45-4799-92bc-3e52050f2105:group-15300AAF654B:LeaderElection63] INFO  impl.LeaderElection (LeaderElection.java:askForVotes(181)) - 7b18dc38-9e45-4799-92bc-3e52050f2105:group-15300AAF654B:LeaderElection63: begin an election at term 1 for -1: [7b18dc38-9e45-4799-92bc-3e52050f2105:192.168.34.11:39779], old=null
2019-08-23 10:04:23,844 [7b18dc38-9e45-4799-92bc-3e52050f2105:group-15300AAF654B:LeaderElection63] INFO  impl.RoleInfo (RoleInfo.java:shutdownLeaderElection(134)) - 7b18dc38-9e45-4799-92bc-3e52050f2105: shutdown LeaderElection
2019-08-23 10:04:23,845 [7b18dc38-9e45-4799-92bc-3e52050f2105:group-15300AAF654B:LeaderElection63] INFO  impl.RaftServerImpl (RaftServerImpl.java:setRole(171)) - 7b18dc38-9e45-4799-92bc-3e52050f2105:group-15300AAF654B changes role from CANDIDATE to LEADER at term 1 for changeToLeader
2019-08-23 10:04:23,845 [7b18dc38-9e45-4799-92bc-3e52050f2105:group-15300AAF654B:LeaderElection63] INFO  impl.RaftServerImpl (ServerState.java:setLeader(263)) - 7b18dc38-9e45-4799-92bc-3e52050f2105:group-15300AAF654B change Leader from null to 7b18dc38-9e45-4799-92bc-3e52050f2105 at term 1 for becomeLeader, leader elected after 5144ms
2019-08-23 10:04:23,845 [7b18dc38-9e45-4799-92bc-3e52050f2105:group-15300AAF654B:LeaderElection63] INFO  server.RaftServerConfigKeys (ConfUtils.java:logGet(43)) - raft.server.staging.catchup.gap = 1000 (default)
2019-08-23 10:04:23,845 [7b18dc38-9e45-4799-92bc-3e52050f2105:group-15300AAF654B:LeaderElection63] INFO  server.RaftServerConfigKeys (ConfUtils.java:logGet(43)) - raft.server.rpc.sleep.time = 25ms (default)
2019-08-23 10:04:23,845 [7b18dc38-9e45-4799-92bc-3e52050f2105:group-15300AAF654B:LeaderElection63] INFO  server.RaftServerConfigKeys (ConfUtils.java:logGet(43)) - raft.server.write.element-limit = 4096 (default)
2019-08-23 10:04:23,845 [7b18dc38-9e45-4799-92bc-3e52050f2105:group-15300AAF654B:LeaderElection63] INFO  server.RaftServerConfigKeys (ConfUtils.java:logGet(43)) - raft.server.watch.timeout = 10s (default)
2019-08-23 10:04:23,845 [7b18dc38-9e45-4799-92bc-3e52050f2105:group-15300AAF654B:LeaderElection63] INFO  server.RaftServerConfigKeys (ConfUtils.java:logGet(43)) - raft.server.watch.timeout.denomination = 1s (default)
2019-08-23 10:04:23,846 [7b18dc38-9e45-4799-92bc-3e52050f2105:group-15300AAF654B:LeaderElection63] INFO  server.RaftServerConfigKeys (ConfUtils.java:logGet(43)) - raft.server.watch.element-limit = 65536 (default)
2019-08-23 10:04:23,846 [7b18dc38-9e45-4799-92bc-3e52050f2105:group-15300AAF654B:LeaderElection63] INFO  impl.RoleInfo (RoleInfo.java:updateAndGet(143)) - 7b18dc38-9e45-4799-92bc-3e52050f2105: start LeaderState
2019-08-23 10:04:23,846 [7b18dc38-9e45-4799-92bc-3e52050f2105:group-15300AAF654B:LeaderElection63] INFO  segmented.SegmentedRaftLogWorker (SegmentedRaftLogWorker.java:startLogSegment(380)) - 7b18dc38-9e45-4799-92bc-3e52050f2105-SegmentedRaftLogWorker:Storage Directory /workdir/hadoop-ozone/integration-test/target/test-dir/MiniOzoneClusterImpl-e3530e56-8be5-4e35-b41d-e6108e761a1d/datanode-6/data/ratis/e5748869-b58f-4369-90c4-15300aaf654b: Starting segment from index:0
2019-08-23 10:04:23,847 [7b18dc38-9e45-4799-92bc-3e52050f2105:group-15300AAF654B:LeaderElection63] INFO  impl.RaftServerImpl (ServerState.java:setRaftConf(361)) - 7b18dc38-9e45-4799-92bc-3e52050f2105:group-15300AAF654B set configuration 0: [7b18dc38-9e45-4799-92bc-3e52050f2105:192.168.34.11:39779], old=null at 0
2019-08-23 10:04:23,897 [7b18dc38-9e45-4799-92bc-3e52050f2105-SegmentedRaftLogWorker:Storage Directory /workdir/hadoop-ozone/integration-test/target/test-dir/MiniOzoneClusterImpl-e3530e56-8be5-4e35-b41d-e6108e761a1d/datanode-6/data/ratis/e5748869-b58f-4369-90c4-15300aaf654b] INFO  segmented.SegmentedRaftLogWorker (SegmentedRaftLogWorker.java:execute(569)) - 7b18dc38-9e45-4799-92bc-3e52050f2105-SegmentedRaftLogWorker:Storage Directory /workdir/hadoop-ozone/integration-test/target/test-dir/MiniOzoneClusterImpl-e3530e56-8be5-4e35-b41d-e6108e761a1d/datanode-6/data/ratis/e5748869-b58f-4369-90c4-15300aaf654b: created new log segment /workdir/hadoop-ozone/integration-test/target/test-dir/MiniOzoneClusterImpl-e3530e56-8be5-4e35-b41d-e6108e761a1d/datanode-6/data/ratis/e5748869-b58f-4369-90c4-15300aaf654b/current/log_inprogress_0
2019-08-23 10:04:23,948 | INFO  | DNAudit | user=null | ip=null | op=WRITE_CHUNK {blockData=conID: 1 locID: 102665726179672078 bcsId: 0} | ret=SUCCESS |  
2019-08-23 10:04:23,948 | INFO  | DNAudit | user=null | ip=null | op=WRITE_CHUNK {blockData=conID: 1 locID: 102665726179672078 bcsId: 0} | ret=SUCCESS |  
2019-08-23 10:04:23,948 | INFO  | SCMAudit | user=jenkins1000 | ip=192.168.34.11 | op=SEND_HEARTBEAT {datanodeUUID=2d79817c-83ab-4b4b-a173-9d1d58553336, command=[]} | ret=SUCCESS |  
2019-08-23 10:04:23,948 | INFO  | SCMAudit | user=jenkins1000 | ip=192.168.34.11 | op=SEND_HEARTBEAT {datanodeUUID=c59437e1-9416-4eae-8424-f47ceed6fd18, command=[]} | ret=SUCCESS |  
2019-08-23 10:04:23,948 | INFO  | SCMAudit | user=jenkins1000 | ip=192.168.34.11 | op=SEND_HEARTBEAT {datanodeUUID=2e3457a7-9f76-45fb-9b7b-9eb45e0d8c5c, command=[]} | ret=SUCCESS |  
2019-08-23 10:04:23,948 | INFO  | DNAudit | user=null | ip=null | op=WRITE_CHUNK {blockData=conID: 1 locID: 102665726179672078 bcsId: 0} | ret=SUCCESS |  
2019-08-23 10:04:23,962 | INFO  | DNAudit | user=null | ip=null | op=WRITE_CHUNK {blockData=conID: 1 locID: 102665726179672078 bcsId: 0} | ret=SUCCESS |  
2019-08-23 10:04:23,967 [grpc-default-executor-7] INFO  client.GrpcClientProtocolClient (GrpcClientProtocolClient.java:onNext(255)) - client-527843A26F49->2e3457a7-9f76-45fb-9b7b-9eb45e0d8c5c: receive RaftClientReply:client-527843A26F49->2e3457a7-9f76-45fb-9b7b-9eb45e0d8c5c@group-ABF59B3ADCDE, cid=168, SUCCESS, logIndex=1, commits[2e3457a7-9f76-45fb-9b7b-9eb45e0d8c5c:c1, 2d79817c-83ab-4b4b-a173-9d1d58553336:c0, c59437e1-9416-4eae-8424-f47ceed6fd18:c0]
2019-08-23 10:04:23,971 | INFO  | DNAudit | user=null | ip=null | op=WRITE_CHUNK {blockData=conID: 1 locID: 102665726179672078 bcsId: 0} | ret=SUCCESS |  
2019-08-23 10:04:23,973 | INFO  | DNAudit | user=null | ip=null | op=WRITE_CHUNK {blockData=conID: 1 locID: 102665726179672078 bcsId: 0} | ret=SUCCESS |  
2019-08-23 10:04:23,973 | INFO  | DNAudit | user=null | ip=null | op=WRITE_CHUNK {blockData=conID: 1 locID: 102665726179672078 bcsId: 0} | ret=SUCCESS |  
2019-08-23 10:04:23,974 | INFO  | DNAudit | user=null | ip=null | op=WRITE_CHUNK {blockData=conID: 1 locID: 102665726179672078 bcsId: 0} | ret=SUCCESS |  
2019-08-23 10:04:23,974 | INFO  | DNAudit | user=null | ip=null | op=WRITE_CHUNK {blockData=conID: 1 locID: 102665726179672078 bcsId: 0} | ret=SUCCESS |  
2019-08-23 10:04:23,975 | INFO  | DNAudit | user=null | ip=null | op=WRITE_CHUNK {blockData=conID: 1 locID: 102665726179672078 bcsId: 0} | ret=SUCCESS |  
2019-08-23 10:04:23,975 | INFO  | DNAudit | user=null | ip=null | op=WRITE_CHUNK {blockData=conID: 1 locID: 102665726179672078 bcsId: 0} | ret=SUCCESS |  
2019-08-23 10:04:23,975 | INFO  | DNAudit | user=null | ip=null | op=WRITE_CHUNK {blockData=conID: 1 locID: 102665726179672078 bcsId: 0} | ret=SUCCESS |  
2019-08-23 10:04:23,975 | INFO  | DNAudit | user=null | ip=null | op=WRITE_CHUNK {blockData=conID: 1 locID: 102665726179672078 bcsId: 0} | ret=SUCCESS |  
2019-08-23 10:04:23,975 | INFO  | DNAudit | user=null | ip=null | op=WRITE_CHUNK {blockData=conID: 1 locID: 102665726179672078 bcsId: 0} | ret=SUCCESS |  
2019-08-23 10:04:23,979 | INFO  | DNAudit | user=null | ip=null | op=WRITE_CHUNK {blockData=conID: 1 locID: 102665726179672078 bcsId: 0} | ret=SUCCESS |  
2019-08-23 10:04:23,979 | INFO  | DNAudit | user=null | ip=null | op=WRITE_CHUNK {blockData=conID: 1 locID: 102665726179672078 bcsId: 0} | ret=SUCCESS |  
2019-08-23 10:04:23,979 [grpc-default-executor-7] INFO  client.GrpcClientProtocolClient (GrpcClientProtocolClient.java:onNext(255)) - client-527843A26F49->2e3457a7-9f76-45fb-9b7b-9eb45e0d8c5c: receive RaftClientReply:client-527843A26F49->2e3457a7-9f76-45fb-9b7b-9eb45e0d8c5c@group-ABF59B3ADCDE, cid=169, SUCCESS, logIndex=3, commits[2e3457a7-9f76-45fb-9b7b-9eb45e0d8c5c:c3, 2d79817c-83ab-4b4b-a173-9d1d58553336:c1, c59437e1-9416-4eae-8424-f47ceed6fd18:c1]
2019-08-23 10:04:23,985 | INFO  | DNAudit | user=null | ip=null | op=WRITE_CHUNK {blockData=conID: 1 locID: 102665726179672078 bcsId: 0} | ret=SUCCESS |  
2019-08-23 10:04:23,985 | INFO  | DNAudit | user=null | ip=null | op=WRITE_CHUNK {blockData=conID: 1 locID: 102665726179672078 bcsId: 0} | ret=SUCCESS |  
2019-08-23 10:04:23,997 | INFO  | DNAudit | user=null | ip=null | op=PUT_BLOCK {blockData=[blockId=conID: 1 locID: 102665726179672078 bcsId: 0,size=200]} | ret=SUCCESS |  
2019-08-23 10:04:23,997 | INFO  | DNAudit | user=null | ip=null | op=WRITE_CHUNK {blockData=conID: 1 locID: 102665726179672078 bcsId: 0} | ret=SUCCESS |  
2019-08-23 10:04:23,998 | INFO  | DNAudit | user=null | ip=null | op=WRITE_CHUNK {blockData=conID: 1 locID: 102665726179672078 bcsId: 0} | ret=SUCCESS |  
2019-08-23 10:04:23,998 [grpc-default-executor-7] INFO  client.GrpcClientProtocolClient (GrpcClientProtocolClient.java:onNext(255)) - client-527843A26F49->2e3457a7-9f76-45fb-9b7b-9eb45e0d8c5c: receive RaftClientReply:client-527843A26F49->2e3457a7-9f76-45fb-9b7b-9eb45e0d8c5c@group-ABF59B3ADCDE, cid=170, SUCCESS, logIndex=4, commits[2e3457a7-9f76-45fb-9b7b-9eb45e0d8c5c:c12, 2d79817c-83ab-4b4b-a173-9d1d58553336:c8, c59437e1-9416-4eae-8424-f47ceed6fd18:c8]
2019-08-23 10:04:23,998 [grpc-default-executor-7] INFO  client.GrpcClientProtocolClient (GrpcClientProtocolClient.java:onNext(255)) - client-527843A26F49->2e3457a7-9f76-45fb-9b7b-9eb45e0d8c5c: receive RaftClientReply:client-527843A26F49->2e3457a7-9f76-45fb-9b7b-9eb45e0d8c5c@group-ABF59B3ADCDE, cid=171, SUCCESS, logIndex=5, commits[2e3457a7-9f76-45fb-9b7b-9eb45e0d8c5c:c12, 2d79817c-83ab-4b4b-a173-9d1d58553336:c8, c59437e1-9416-4eae-8424-f47ceed6fd18:c8]
2019-08-23 10:04:23,999 [grpc-default-executor-7] INFO  client.GrpcClientProtocolClient (GrpcClientProtocolClient.java:onNext(255)) - client-527843A26F49->2e3457a7-9f76-45fb-9b7b-9eb45e0d8c5c: receive RaftClientReply:client-527843A26F49->2e3457a7-9f76-45fb-9b7b-9eb45e0d8c5c@group-ABF59B3ADCDE, cid=172, SUCCESS, logIndex=6, commits[2e3457a7-9f76-45fb-9b7b-9eb45e0d8c5c:c12, 2d79817c-83ab-4b4b-a173-9d1d58553336:c8, c59437e1-9416-4eae-8424-f47ceed6fd18:c8]
2019-08-23 10:04:24,038 | INFO  | DNAudit | user=null | ip=null | op=PUT_BLOCK {blockData=[blockId=conID: 1 locID: 102665726179672078 bcsId: 0,size=200]} | ret=SUCCESS |  
2019-08-23 10:04:24,038 | INFO  | DNAudit | user=null | ip=null | op=WRITE_CHUNK {blockData=conID: 1 locID: 102665726179672078 bcsId: 0} | ret=SUCCESS |  
2019-08-23 10:04:24,038 | INFO  | DNAudit | user=null | ip=null | op=WRITE_CHUNK {blockData=conID: 1 locID: 102665726179672078 bcsId: 0} | ret=SUCCESS |  
2019-08-23 10:04:24,084 | INFO  | DNAudit | user=null | ip=null | op=PUT_BLOCK {blockData=[blockId=conID: 1 locID: 102665726179672078 bcsId: 0,size=400]} | ret=SUCCESS |  
2019-08-23 10:04:24,084 | INFO  | DNAudit | user=null | ip=null | op=PUT_BLOCK {blockData=[blockId=conID: 1 locID: 102665726179672078 bcsId: 0,size=400]} | ret=SUCCESS |  
2019-08-23 10:04:24,085 | INFO  | DNAudit | user=null | ip=null | op=PUT_BLOCK {blockData=[blockId=conID: 1 locID: 102665726179672078 bcsId: 0,size=200]} | ret=SUCCESS |  
2019-08-23 10:04:24,085 | INFO  | DNAudit | user=null | ip=null | op=WRITE_CHUNK {blockData=conID: 1 locID: 102665726179672078 bcsId: 0} | ret=SUCCESS |  
2019-08-23 10:04:24,086 | INFO  | DNAudit | user=null | ip=null | op=WRITE_CHUNK {blockData=conID: 1 locID: 102665726179672078 bcsId: 0} | ret=SUCCESS |  
2019-08-23 10:04:24,086 | INFO  | DNAudit | user=null | ip=null | op=PUT_BLOCK {blockData=[blockId=conID: 1 locID: 102665726179672078 bcsId: 0,size=400]} | ret=SUCCESS |  
2019-08-23 10:04:24,086 [grpc-default-executor-7] INFO  client.GrpcClientProtocolClient (GrpcClientProtocolClient.java:onNext(255)) - client-527843A26F49->2e3457a7-9f76-45fb-9b7b-9eb45e0d8c5c: receive RaftClientReply:client-527843A26F49->2e3457a7-9f76-45fb-9b7b-9eb45e0d8c5c@group-ABF59B3ADCDE, cid=173, SUCCESS, logIndex=8, commits[2e3457a7-9f76-45fb-9b7b-9eb45e0d8c5c:c12, 2d79817c-83ab-4b4b-a173-9d1d58553336:c8, c59437e1-9416-4eae-8424-f47ceed6fd18:c8]
2019-08-23 10:04:24,090 | INFO  | DNAudit | user=null | ip=null | op=WRITE_CHUNK {blockData=conID: 1 locID: 102665726179672078 bcsId: 8} | ret=SUCCESS |  
2019-08-23 10:04:24,092 | INFO  | DNAudit | user=null | ip=null | op=WRITE_CHUNK {blockData=conID: 1 locID: 102665726179672078 bcsId: 8} | ret=SUCCESS |  
2019-08-23 10:04:24,092 | INFO  | DNAudit | user=null | ip=null | op=WRITE_CHUNK {blockData=conID: 1 locID: 102665726179672078 bcsId: 8} | ret=SUCCESS |  
2019-08-23 10:04:24,105 | INFO  | DNAudit | user=null | ip=null | op=WRITE_CHUNK {blockData=conID: 1 locID: 102665726179672078 bcsId: 8} | ret=SUCCESS |  
2019-08-23 10:04:24,106 [grpc-default-executor-7] INFO  client.GrpcClientProtocolClient (GrpcClientProtocolClient.java:onNext(255)) - client-527843A26F49->2e3457a7-9f76-45fb-9b7b-9eb45e0d8c5c: receive RaftClientReply:client-527843A26F49->2e3457a7-9f76-45fb-9b7b-9eb45e0d8c5c@group-ABF59B3ADCDE, cid=174, SUCCESS, logIndex=13, commits[2e3457a7-9f76-45fb-9b7b-9eb45e0d8c5c:c14, 2d79817c-83ab-4b4b-a173-9d1d58553336:c12, c59437e1-9416-4eae-8424-f47ceed6fd18:c12]
2019-08-23 10:04:24,106 | INFO  | DNAudit | user=null | ip=null | op=PUT_BLOCK {blockData=[blockId=conID: 1 locID: 102665726179672078 bcsId: 0,size=450]} | ret=SUCCESS |  
2019-08-23 10:04:24,108 [grpc-default-executor-7] INFO  client.GrpcClientProtocolClient (GrpcClientProtocolClient.java:onNext(255)) - client-527843A26F49->2e3457a7-9f76-45fb-9b7b-9eb45e0d8c5c: receive RaftClientReply:client-527843A26F49->2e3457a7-9f76-45fb-9b7b-9eb45e0d8c5c@group-ABF59B3ADCDE, cid=175, SUCCESS, logIndex=14, commits[2e3457a7-9f76-45fb-9b7b-9eb45e0d8c5c:c14, 2d79817c-83ab-4b4b-a173-9d1d58553336:c12, c59437e1-9416-4eae-8424-f47ceed6fd18:c12]
2019-08-23 10:04:24,117 | INFO  | DNAudit | user=null | ip=null | op=WRITE_CHUNK {blockData=conID: 1 locID: 102665726179672078 bcsId: 8} | ret=SUCCESS |  
2019-08-23 10:04:24,117 | INFO  | DNAudit | user=null | ip=null | op=WRITE_CHUNK {blockData=conID: 1 locID: 102665726179672078 bcsId: 8} | ret=SUCCESS |  
2019-08-23 10:04:24,118 | INFO  | DNAudit | user=null | ip=null | op=PUT_BLOCK {blockData=[blockId=conID: 1 locID: 102665726179672078 bcsId: 0,size=450]} | ret=SUCCESS |  
2019-08-23 10:04:24,118 | INFO  | DNAudit | user=null | ip=null | op=PUT_BLOCK {blockData=[blockId=conID: 1 locID: 102665726179672078 bcsId: 0,size=450]} | ret=SUCCESS |  
2019-08-23 10:04:24,122 [grpc-default-executor-8] INFO  client.GrpcClientProtocolClient (GrpcClientProtocolClient.java:onNext(255)) - client-527843A26F49->2e3457a7-9f76-45fb-9b7b-9eb45e0d8c5c: receive RaftClientReply:client-527843A26F49->2e3457a7-9f76-45fb-9b7b-9eb45e0d8c5c@group-ABF59B3ADCDE, cid=176, SUCCESS, logIndex=0, commits[2e3457a7-9f76-45fb-9b7b-9eb45e0d8c5c:c15, 2d79817c-83ab-4b4b-a173-9d1d58553336:c14, c59437e1-9416-4eae-8424-f47ceed6fd18:c14]
2019-08-23 10:04:24,122 [main] INFO  datanode.ObjectStoreHandler (ObjectStoreHandler.java:close(155)) - Closing ObjectStoreHandler.
2019-08-23 10:04:24,123 [main] INFO  ozone.HddsDatanodeService (HddsDatanodeService.java:stop(451)) - Stopped plug-in org.apache.hadoop.ozone.web.OzoneHddsDatanodeService@a712344
2019-08-23 10:04:24,153 | INFO  | SCMAudit | user=jenkins1000 | ip=192.168.34.11 | op=SEND_HEARTBEAT {datanodeUUID=b7c5b48b-9294-4513-a286-a41a16d1a2cb, command=[]} | ret=SUCCESS |  
2019-08-23 10:04:24,337 | INFO  | SCMAudit | user=jenkins1000 | ip=192.168.34.11 | op=SEND_HEARTBEAT {datanodeUUID=c9e7da90-c5a5-4808-9794-4305bac07bb7, command=[]} | ret=SUCCESS |  
2019-08-23 10:04:24,553 | INFO  | SCMAudit | user=jenkins1000 | ip=192.168.34.11 | op=SEND_HEARTBEAT {datanodeUUID=02fdabdd-783b-4687-aaad-f4e6848c1dc1, command=[]} | ret=SUCCESS |  
2019-08-23 10:04:24,661 | INFO  | SCMAudit | user=jenkins1000 | ip=192.168.34.11 | op=SEND_HEARTBEAT {datanodeUUID=7b18dc38-9e45-4799-92bc-3e52050f2105, command=[]} | ret=SUCCESS |  
2019-08-23 10:04:24,948 [Datanode State Machine Thread - 0] INFO  statemachine.DatanodeStateMachine (DatanodeStateMachine.java:lambda$startDaemon$0(350)) - Ozone container server started.
2019-08-23 10:04:24,949 | INFO  | SCMAudit | user=jenkins1000 | ip=192.168.34.11 | op=SEND_HEARTBEAT {datanodeUUID=c59437e1-9416-4eae-8424-f47ceed6fd18, command=[]} | ret=SUCCESS |  
2019-08-23 10:04:24,950 | INFO  | SCMAudit | user=jenkins1000 | ip=192.168.34.11 | op=SEND_HEARTBEAT {datanodeUUID=2d79817c-83ab-4b4b-a173-9d1d58553336, command=[]} | ret=SUCCESS |  
2019-08-23 10:04:25,153 | INFO  | SCMAudit | user=jenkins1000 | ip=192.168.34.11 | op=SEND_HEARTBEAT {datanodeUUID=b7c5b48b-9294-4513-a286-a41a16d1a2cb, command=[]} | ret=SUCCESS |  
2019-08-23 10:04:25,338 | INFO  | SCMAudit | user=jenkins1000 | ip=192.168.34.11 | op=SEND_HEARTBEAT {datanodeUUID=c9e7da90-c5a5-4808-9794-4305bac07bb7, command=[]} | ret=SUCCESS |  
2019-08-23 10:04:25,554 | INFO  | SCMAudit | user=jenkins1000 | ip=192.168.34.11 | op=SEND_HEARTBEAT {datanodeUUID=02fdabdd-783b-4687-aaad-f4e6848c1dc1, command=[]} | ret=SUCCESS |  
2019-08-23 10:04:25,661 | INFO  | SCMAudit | user=jenkins1000 | ip=192.168.34.11 | op=SEND_HEARTBEAT {datanodeUUID=7b18dc38-9e45-4799-92bc-3e52050f2105, command=[]} | ret=SUCCESS |  
2019-08-23 10:04:25,948 | INFO  | SCMAudit | user=jenkins1000 | ip=192.168.34.11 | op=SEND_HEARTBEAT {datanodeUUID=c59437e1-9416-4eae-8424-f47ceed6fd18, command=[]} | ret=SUCCESS |  
2019-08-23 10:04:25,950 | INFO  | SCMAudit | user=jenkins1000 | ip=192.168.34.11 | op=SEND_HEARTBEAT {datanodeUUID=2d79817c-83ab-4b4b-a173-9d1d58553336, command=[]} | ret=SUCCESS |  
2019-08-23 10:04:26,152 | INFO  | SCMAudit | user=jenkins1000 | ip=192.168.34.11 | op=SEND_HEARTBEAT {datanodeUUID=b7c5b48b-9294-4513-a286-a41a16d1a2cb, command=[]} | ret=SUCCESS |  
2019-08-23 10:04:26,337 | INFO  | SCMAudit | user=jenkins1000 | ip=192.168.34.11 | op=SEND_HEARTBEAT {datanodeUUID=c9e7da90-c5a5-4808-9794-4305bac07bb7, command=[]} | ret=SUCCESS |  
2019-08-23 10:04:26,553 | INFO  | SCMAudit | user=jenkins1000 | ip=192.168.34.11 | op=SEND_HEARTBEAT {datanodeUUID=02fdabdd-783b-4687-aaad-f4e6848c1dc1, command=[]} | ret=SUCCESS |  
2019-08-23 10:04:26,661 | INFO  | SCMAudit | user=jenkins1000 | ip=192.168.34.11 | op=SEND_HEARTBEAT {datanodeUUID=7b18dc38-9e45-4799-92bc-3e52050f2105, command=[]} | ret=SUCCESS |  
2019-08-23 10:04:26,949 | INFO  | SCMAudit | user=jenkins1000 | ip=192.168.34.11 | op=SEND_HEARTBEAT {datanodeUUID=c59437e1-9416-4eae-8424-f47ceed6fd18, command=[]} | ret=SUCCESS |  
2019-08-23 10:04:26,951 | INFO  | SCMAudit | user=jenkins1000 | ip=192.168.34.11 | op=SEND_HEARTBEAT {datanodeUUID=2d79817c-83ab-4b4b-a173-9d1d58553336, command=[]} | ret=SUCCESS |  
2019-08-23 10:04:27,153 | INFO  | SCMAudit | user=jenkins1000 | ip=192.168.34.11 | op=SEND_HEARTBEAT {datanodeUUID=b7c5b48b-9294-4513-a286-a41a16d1a2cb, command=[]} | ret=SUCCESS |  
2019-08-23 10:04:27,337 | INFO  | SCMAudit | user=jenkins1000 | ip=192.168.34.11 | op=SEND_HEARTBEAT {datanodeUUID=c9e7da90-c5a5-4808-9794-4305bac07bb7, command=[]} | ret=SUCCESS |  
2019-08-23 10:04:27,554 | INFO  | SCMAudit | user=jenkins1000 | ip=192.168.34.11 | op=SEND_HEARTBEAT {datanodeUUID=02fdabdd-783b-4687-aaad-f4e6848c1dc1, command=[]} | ret=SUCCESS |  
2019-08-23 10:04:27,661 | INFO  | SCMAudit | user=jenkins1000 | ip=192.168.34.11 | op=SEND_HEARTBEAT {datanodeUUID=7b18dc38-9e45-4799-92bc-3e52050f2105, command=[]} | ret=SUCCESS |  
2019-08-23 10:04:27,910 [Thread-3369] INFO  impl.FollowerState (FollowerState.java:run(106)) - 02fdabdd-783b-4687-aaad-f4e6848c1dc1:group-65AFFC1408D5 changes to CANDIDATE, lastRpcTime:5123, electionTimeout:5121ms
2019-08-23 10:04:27,910 [Thread-3369] INFO  impl.RoleInfo (RoleInfo.java:shutdownFollowerState(121)) - 02fdabdd-783b-4687-aaad-f4e6848c1dc1: shutdown FollowerState
2019-08-23 10:04:27,910 [Thread-3369] INFO  impl.RaftServerImpl (RaftServerImpl.java:setRole(171)) - 02fdabdd-783b-4687-aaad-f4e6848c1dc1:group-65AFFC1408D5 changes role from FOLLOWER to CANDIDATE at term 1 for changeToCandidate
2019-08-23 10:04:27,910 [Thread-3369] INFO  impl.RoleInfo (RoleInfo.java:updateAndGet(143)) - 02fdabdd-783b-4687-aaad-f4e6848c1dc1: start LeaderElection
2019-08-23 10:04:27,916 [Thread-3368] INFO  impl.FollowerState (FollowerState.java:run(106)) - b7c5b48b-9294-4513-a286-a41a16d1a2cb:group-65AFFC1408D5 changes to CANDIDATE, lastRpcTime:5146, electionTimeout:5146ms
2019-08-23 10:04:27,916 [Thread-3368] INFO  impl.RoleInfo (RoleInfo.java:shutdownFollowerState(121)) - b7c5b48b-9294-4513-a286-a41a16d1a2cb: shutdown FollowerState
2019-08-23 10:04:27,916 [Thread-3368] INFO  impl.RaftServerImpl (RaftServerImpl.java:setRole(171)) - b7c5b48b-9294-4513-a286-a41a16d1a2cb:group-65AFFC1408D5 changes role from FOLLOWER to CANDIDATE at term 1 for changeToCandidate
2019-08-23 10:04:27,916 [Thread-3368] INFO  impl.RoleInfo (RoleInfo.java:updateAndGet(143)) - b7c5b48b-9294-4513-a286-a41a16d1a2cb: start LeaderElection
2019-08-23 10:04:27,926 [Thread-3371] INFO  impl.FollowerState (FollowerState.java:run(106)) - c9e7da90-c5a5-4808-9794-4305bac07bb7:group-65AFFC1408D5 changes to CANDIDATE, lastRpcTime:5136, electionTimeout:5136ms
2019-08-23 10:04:27,926 [Thread-3371] INFO  impl.RoleInfo (RoleInfo.java:shutdownFollowerState(121)) - c9e7da90-c5a5-4808-9794-4305bac07bb7: shutdown FollowerState
2019-08-23 10:04:27,927 [Thread-3371] INFO  impl.RaftServerImpl (RaftServerImpl.java:setRole(171)) - c9e7da90-c5a5-4808-9794-4305bac07bb7:group-65AFFC1408D5 changes role from FOLLOWER to CANDIDATE at term 1 for changeToCandidate
2019-08-23 10:04:27,927 [Thread-3371] INFO  impl.RoleInfo (RoleInfo.java:updateAndGet(143)) - c9e7da90-c5a5-4808-9794-4305bac07bb7: start LeaderElection
2019-08-23 10:04:27,930 [02fdabdd-783b-4687-aaad-f4e6848c1dc1:group-65AFFC1408D5:LeaderElection64] INFO  impl.LeaderElection (LeaderElection.java:askForVotes(181)) - 02fdabdd-783b-4687-aaad-f4e6848c1dc1:group-65AFFC1408D5:LeaderElection64: begin an election at term 2 for -1: [02fdabdd-783b-4687-aaad-f4e6848c1dc1:192.168.34.11:41420, b7c5b48b-9294-4513-a286-a41a16d1a2cb:192.168.34.11:32823, c9e7da90-c5a5-4808-9794-4305bac07bb7:192.168.34.11:34916], old=null
2019-08-23 10:04:27,930 [b7c5b48b-9294-4513-a286-a41a16d1a2cb:group-65AFFC1408D5:LeaderElection65] INFO  impl.LeaderElection (LeaderElection.java:askForVotes(181)) - b7c5b48b-9294-4513-a286-a41a16d1a2cb:group-65AFFC1408D5:LeaderElection65: begin an election at term 2 for -1: [02fdabdd-783b-4687-aaad-f4e6848c1dc1:192.168.34.11:41420, b7c5b48b-9294-4513-a286-a41a16d1a2cb:192.168.34.11:32823, c9e7da90-c5a5-4808-9794-4305bac07bb7:192.168.34.11:34916], old=null
2019-08-23 10:04:27,943 [c9e7da90-c5a5-4808-9794-4305bac07bb7:group-65AFFC1408D5:LeaderElection66] INFO  impl.LeaderElection (LeaderElection.java:askForVotes(181)) - c9e7da90-c5a5-4808-9794-4305bac07bb7:group-65AFFC1408D5:LeaderElection66: begin an election at term 2 for -1: [02fdabdd-783b-4687-aaad-f4e6848c1dc1:192.168.34.11:41420, b7c5b48b-9294-4513-a286-a41a16d1a2cb:192.168.34.11:32823, c9e7da90-c5a5-4808-9794-4305bac07bb7:192.168.34.11:34916], old=null
2019-08-23 10:04:27,944 [02fdabdd-783b-4687-aaad-f4e6848c1dc1:group-65AFFC1408D5:LeaderElection64] INFO  impl.LeaderElection (LeaderElection.java:logAndReturn(56)) - 02fdabdd-783b-4687-aaad-f4e6848c1dc1:group-65AFFC1408D5:LeaderElection64: Election REJECTED; received 2 response(s) [02fdabdd-783b-4687-aaad-f4e6848c1dc1<-b7c5b48b-9294-4513-a286-a41a16d1a2cb#0:FAIL-t2, 02fdabdd-783b-4687-aaad-f4e6848c1dc1<-c9e7da90-c5a5-4808-9794-4305bac07bb7#0:FAIL-t2] and 0 exception(s); 02fdabdd-783b-4687-aaad-f4e6848c1dc1:t2, leader=null, voted=02fdabdd-783b-4687-aaad-f4e6848c1dc1, raftlog=02fdabdd-783b-4687-aaad-f4e6848c1dc1-SegmentedRaftLog:OPENED:c-1,f-1,i0, conf=-1: [02fdabdd-783b-4687-aaad-f4e6848c1dc1:192.168.34.11:41420, b7c5b48b-9294-4513-a286-a41a16d1a2cb:192.168.34.11:32823, c9e7da90-c5a5-4808-9794-4305bac07bb7:192.168.34.11:34916], old=null
2019-08-23 10:04:27,944 [b7c5b48b-9294-4513-a286-a41a16d1a2cb:group-65AFFC1408D5:LeaderElection65] INFO  impl.LeaderElection (LeaderElection.java:logAndReturn(56)) - b7c5b48b-9294-4513-a286-a41a16d1a2cb:group-65AFFC1408D5:LeaderElection65: Election REJECTED; received 2 response(s) [b7c5b48b-9294-4513-a286-a41a16d1a2cb<-02fdabdd-783b-4687-aaad-f4e6848c1dc1#0:FAIL-t2, b7c5b48b-9294-4513-a286-a41a16d1a2cb<-c9e7da90-c5a5-4808-9794-4305bac07bb7#0:FAIL-t2] and 0 exception(s); b7c5b48b-9294-4513-a286-a41a16d1a2cb:t2, leader=null, voted=b7c5b48b-9294-4513-a286-a41a16d1a2cb, raftlog=b7c5b48b-9294-4513-a286-a41a16d1a2cb-SegmentedRaftLog:OPENED:c-1,f-1,i0, conf=-1: [02fdabdd-783b-4687-aaad-f4e6848c1dc1:192.168.34.11:41420, b7c5b48b-9294-4513-a286-a41a16d1a2cb:192.168.34.11:32823, c9e7da90-c5a5-4808-9794-4305bac07bb7:192.168.34.11:34916], old=null
2019-08-23 10:04:27,944 [02fdabdd-783b-4687-aaad-f4e6848c1dc1:group-65AFFC1408D5:LeaderElection64] INFO  impl.RaftServerImpl (RaftServerImpl.java:setRole(171)) - 02fdabdd-783b-4687-aaad-f4e6848c1dc1:group-65AFFC1408D5 changes role from CANDIDATE to FOLLOWER at term 2 for DISCOVERED_A_NEW_TERM
2019-08-23 10:04:27,945 [b7c5b48b-9294-4513-a286-a41a16d1a2cb:group-65AFFC1408D5:LeaderElection65] INFO  impl.RaftServerImpl (RaftServerImpl.java:setRole(171)) - b7c5b48b-9294-4513-a286-a41a16d1a2cb:group-65AFFC1408D5 changes role from CANDIDATE to FOLLOWER at term 2 for DISCOVERED_A_NEW_TERM
2019-08-23 10:04:27,945 [02fdabdd-783b-4687-aaad-f4e6848c1dc1:group-65AFFC1408D5:LeaderElection64] INFO  impl.RoleInfo (RoleInfo.java:shutdownLeaderElection(134)) - 02fdabdd-783b-4687-aaad-f4e6848c1dc1: shutdown LeaderElection
2019-08-23 10:04:27,945 [b7c5b48b-9294-4513-a286-a41a16d1a2cb:group-65AFFC1408D5:LeaderElection65] INFO  impl.RoleInfo (RoleInfo.java:shutdownLeaderElection(134)) - b7c5b48b-9294-4513-a286-a41a16d1a2cb: shutdown LeaderElection
2019-08-23 10:04:27,945 [02fdabdd-783b-4687-aaad-f4e6848c1dc1:group-65AFFC1408D5:LeaderElection64] INFO  impl.RoleInfo (RoleInfo.java:updateAndGet(143)) - 02fdabdd-783b-4687-aaad-f4e6848c1dc1: start FollowerState
2019-08-23 10:04:27,945 [b7c5b48b-9294-4513-a286-a41a16d1a2cb:group-65AFFC1408D5:LeaderElection65] INFO  impl.RoleInfo (RoleInfo.java:updateAndGet(143)) - b7c5b48b-9294-4513-a286-a41a16d1a2cb: start FollowerState
2019-08-23 10:04:27,947 [c9e7da90-c5a5-4808-9794-4305bac07bb7:group-65AFFC1408D5:LeaderElection66] INFO  impl.LeaderElection (LeaderElection.java:logAndReturn(56)) - c9e7da90-c5a5-4808-9794-4305bac07bb7:group-65AFFC1408D5:LeaderElection66: Election REJECTED; received 2 response(s) [c9e7da90-c5a5-4808-9794-4305bac07bb7<-02fdabdd-783b-4687-aaad-f4e6848c1dc1#0:FAIL-t2, c9e7da90-c5a5-4808-9794-4305bac07bb7<-b7c5b48b-9294-4513-a286-a41a16d1a2cb#0:FAIL-t2] and 0 exception(s); c9e7da90-c5a5-4808-9794-4305bac07bb7:t2, leader=null, voted=c9e7da90-c5a5-4808-9794-4305bac07bb7, raftlog=c9e7da90-c5a5-4808-9794-4305bac07bb7-SegmentedRaftLog:OPENED:c-1,f-1,i0, conf=-1: [02fdabdd-783b-4687-aaad-f4e6848c1dc1:192.168.34.11:41420, b7c5b48b-9294-4513-a286-a41a16d1a2cb:192.168.34.11:32823, c9e7da90-c5a5-4808-9794-4305bac07bb7:192.168.34.11:34916], old=null
2019-08-23 10:04:27,947 [c9e7da90-c5a5-4808-9794-4305bac07bb7:group-65AFFC1408D5:LeaderElection66] INFO  impl.RaftServerImpl (RaftServerImpl.java:setRole(171)) - c9e7da90-c5a5-4808-9794-4305bac07bb7:group-65AFFC1408D5 changes role from CANDIDATE to FOLLOWER at term 2 for DISCOVERED_A_NEW_TERM
2019-08-23 10:04:27,947 [c9e7da90-c5a5-4808-9794-4305bac07bb7:group-65AFFC1408D5:LeaderElection66] INFO  impl.RoleInfo (RoleInfo.java:shutdownLeaderElection(134)) - c9e7da90-c5a5-4808-9794-4305bac07bb7: shutdown LeaderElection
2019-08-23 10:04:27,947 [c9e7da90-c5a5-4808-9794-4305bac07bb7:group-65AFFC1408D5:LeaderElection66] INFO  impl.RoleInfo (RoleInfo.java:updateAndGet(143)) - c9e7da90-c5a5-4808-9794-4305bac07bb7: start FollowerState
2019-08-23 10:04:27,948 | INFO  | SCMAudit | user=jenkins1000 | ip=192.168.34.11 | op=SEND_HEARTBEAT {datanodeUUID=c59437e1-9416-4eae-8424-f47ceed6fd18, command=[]} | ret=SUCCESS |  
2019-08-23 10:04:27,952 | INFO  | SCMAudit | user=jenkins1000 | ip=192.168.34.11 | op=SEND_HEARTBEAT {datanodeUUID=2d79817c-83ab-4b4b-a173-9d1d58553336, command=[]} | ret=SUCCESS |  
2019-08-23 10:04:28,153 | INFO  | SCMAudit | user=jenkins1000 | ip=192.168.34.11 | op=SEND_HEARTBEAT {datanodeUUID=b7c5b48b-9294-4513-a286-a41a16d1a2cb, command=[]} | ret=SUCCESS |  
2019-08-23 10:04:28,338 | INFO  | SCMAudit | user=jenkins1000 | ip=192.168.34.11 | op=SEND_HEARTBEAT {datanodeUUID=c9e7da90-c5a5-4808-9794-4305bac07bb7, command=[]} | ret=SUCCESS |  
2019-08-23 10:04:28,553 | INFO  | SCMAudit | user=jenkins1000 | ip=192.168.34.11 | op=SEND_HEARTBEAT {datanodeUUID=02fdabdd-783b-4687-aaad-f4e6848c1dc1, command=[]} | ret=SUCCESS |  
2019-08-23 10:04:28,662 | INFO  | SCMAudit | user=jenkins1000 | ip=192.168.34.11 | op=SEND_HEARTBEAT {datanodeUUID=7b18dc38-9e45-4799-92bc-3e52050f2105, command=[]} | ret=SUCCESS |  
2019-08-23 10:04:28,949 | INFO  | SCMAudit | user=jenkins1000 | ip=192.168.34.11 | op=SEND_HEARTBEAT {datanodeUUID=c59437e1-9416-4eae-8424-f47ceed6fd18, command=[]} | ret=SUCCESS |  
2019-08-23 10:04:28,952 | INFO  | SCMAudit | user=jenkins1000 | ip=192.168.34.11 | op=SEND_HEARTBEAT {datanodeUUID=2d79817c-83ab-4b4b-a173-9d1d58553336, command=[]} | ret=SUCCESS |  
2019-08-23 10:04:28,992 [EventQueue-StaleNodeForStaleNodeHandler] INFO  node.StaleNodeHandler (StaleNodeHandler.java:onMessage(58)) - Datanode 2e3457a7-9f76-45fb-9b7b-9eb45e0d8c5c{ip: 192.168.34.11, host: pr-hdds-1094-r7kqq-4265743569, networkLocation: /default-rack, certSerialId: null} moved to stale state. Finalizing its pipelines [PipelineID=04d0abaa-a0ed-44f6-9939-8b037e1f2c36, PipelineID=0c6786e4-2b14-4615-83b9-abf59b3adcde]
2019-08-23 10:04:28,992 [EventQueue-StaleNodeForStaleNodeHandler] INFO  pipeline.SCMPipelineManager (SCMPipelineManager.java:finalizeAndDestroyPipeline(309)) - destroying pipeline:Pipeline[ Id: 04d0abaa-a0ed-44f6-9939-8b037e1f2c36, Nodes: 2e3457a7-9f76-45fb-9b7b-9eb45e0d8c5c{ip: 192.168.34.11, host: pr-hdds-1094-r7kqq-4265743569, networkLocation: /default-rack, certSerialId: null}, Type:RATIS, Factor:ONE, State:OPEN]
2019-08-23 10:04:28,993 [EventQueue-StaleNodeForStaleNodeHandler] INFO  pipeline.PipelineStateManager (PipelineStateManager.java:finalizePipeline(123)) - Pipeline Pipeline[ Id: 04d0abaa-a0ed-44f6-9939-8b037e1f2c36, Nodes: 2e3457a7-9f76-45fb-9b7b-9eb45e0d8c5c{ip: 192.168.34.11, host: pr-hdds-1094-r7kqq-4265743569, networkLocation: /default-rack, certSerialId: null}, Type:RATIS, Factor:ONE, State:CLOSED] moved to CLOSED state
2019-08-23 10:04:28,993 [EventQueue-StaleNodeForStaleNodeHandler] INFO  pipeline.SCMPipelineManager (SCMPipelineManager.java:finalizeAndDestroyPipeline(309)) - destroying pipeline:Pipeline[ Id: 0c6786e4-2b14-4615-83b9-abf59b3adcde, Nodes: 2e3457a7-9f76-45fb-9b7b-9eb45e0d8c5c{ip: 192.168.34.11, host: pr-hdds-1094-r7kqq-4265743569, networkLocation: /default-rack, certSerialId: null}2d79817c-83ab-4b4b-a173-9d1d58553336{ip: 192.168.34.11, host: pr-hdds-1094-r7kqq-4265743569, networkLocation: /default-rack, certSerialId: null}c59437e1-9416-4eae-8424-f47ceed6fd18{ip: 192.168.34.11, host: pr-hdds-1094-r7kqq-4265743569, networkLocation: /default-rack, certSerialId: null}, Type:RATIS, Factor:THREE, State:OPEN]
2019-08-23 10:04:28,993 [EventQueue-StaleNodeForStaleNodeHandler] INFO  pipeline.PipelineStateManager (PipelineStateManager.java:finalizePipeline(123)) - Pipeline Pipeline[ Id: 0c6786e4-2b14-4615-83b9-abf59b3adcde, Nodes: 2e3457a7-9f76-45fb-9b7b-9eb45e0d8c5c{ip: 192.168.34.11, host: pr-hdds-1094-r7kqq-4265743569, networkLocation: /default-rack, certSerialId: null}2d79817c-83ab-4b4b-a173-9d1d58553336{ip: 192.168.34.11, host: pr-hdds-1094-r7kqq-4265743569, networkLocation: /default-rack, certSerialId: null}c59437e1-9416-4eae-8424-f47ceed6fd18{ip: 192.168.34.11, host: pr-hdds-1094-r7kqq-4265743569, networkLocation: /default-rack, certSerialId: null}, Type:RATIS, Factor:THREE, State:CLOSED] moved to CLOSED state
2019-08-23 10:04:28,994 [EventQueue-CloseContainerForCloseContainerEventHandler] INFO  container.CloseContainerEventHandler (CloseContainerEventHandler.java:onMessage(61)) - Close container Event triggered for container : #1
2019-08-23 10:04:29,124 [main] INFO  ozoneimpl.OzoneContainer (OzoneContainer.java:stop(199)) - Attempting to stop container services.
2019-08-23 10:04:29,125 [main] INFO  impl.RaftServerProxy (RaftServerProxy.java:lambda$close$4(314)) - 2e3457a7-9f76-45fb-9b7b-9eb45e0d8c5c: close
2019-08-23 10:04:29,125 [main] INFO  impl.RaftServerImpl (RaftServerImpl.java:lambda$shutdown$3(245)) - 2e3457a7-9f76-45fb-9b7b-9eb45e0d8c5c: shutdown group-8B037E1F2C36
2019-08-23 10:04:29,126 [ForkJoinPool.commonPool-worker-0] INFO  impl.RaftServerImpl (RaftServerImpl.java:lambda$shutdown$3(245)) - 2e3457a7-9f76-45fb-9b7b-9eb45e0d8c5c: shutdown group-ABF59B3ADCDE
2019-08-23 10:04:29,126 [main] INFO  util.JmxRegister (JmxRegister.java:unregister(73)) - Successfully un-registered JMX Bean with object name Ratis:service=RaftServer,group=group-8B037E1F2C36,id=2e3457a7-9f76-45fb-9b7b-9eb45e0d8c5c
2019-08-23 10:04:29,126 [ForkJoinPool.commonPool-worker-0] INFO  util.JmxRegister (JmxRegister.java:unregister(73)) - Successfully un-registered JMX Bean with object name Ratis:service=RaftServer,group=group-ABF59B3ADCDE,id=2e3457a7-9f76-45fb-9b7b-9eb45e0d8c5c
2019-08-23 10:04:29,127 [main] INFO  impl.RoleInfo (RoleInfo.java:shutdownLeaderState(104)) - 2e3457a7-9f76-45fb-9b7b-9eb45e0d8c5c: shutdown LeaderState
2019-08-23 10:04:29,127 [ForkJoinPool.commonPool-worker-0] INFO  impl.RoleInfo (RoleInfo.java:shutdownLeaderState(104)) - 2e3457a7-9f76-45fb-9b7b-9eb45e0d8c5c: shutdown LeaderState
2019-08-23 10:04:29,128 [main] INFO  impl.PendingRequests (PendingRequests.java:sendNotLeaderResponses(202)) - 2e3457a7-9f76-45fb-9b7b-9eb45e0d8c5c-PendingRequests: sendNotLeaderResponses
2019-08-23 10:04:29,146 [org.apache.ratis.server.impl.LogAppender$AppenderDaemon$$Lambda$506/1000134400@568ee56] WARN  server.GrpcLogAppender (GrpcLogAppender.java:mayWait(143)) - GrpcLogAppender(2e3457a7-9f76-45fb-9b7b-9eb45e0d8c5c->c59437e1-9416-4eae-8424-f47ceed6fd18): Wait interrupted by java.lang.InterruptedException
2019-08-23 10:04:29,146 [org.apache.ratis.server.impl.LogAppender$AppenderDaemon$$Lambda$506/1000134400@406a683f] WARN  server.GrpcLogAppender (GrpcLogAppender.java:mayWait(143)) - GrpcLogAppender(2e3457a7-9f76-45fb-9b7b-9eb45e0d8c5c->2d79817c-83ab-4b4b-a173-9d1d58553336): Wait interrupted by java.lang.InterruptedException
2019-08-23 10:04:29,146 [ForkJoinPool.commonPool-worker-0] INFO  impl.PendingRequests (PendingRequests.java:sendNotLeaderResponses(202)) - 2e3457a7-9f76-45fb-9b7b-9eb45e0d8c5c-PendingRequests: sendNotLeaderResponses
2019-08-23 10:04:29,147 [grpc-default-executor-8] INFO  server.GrpcServerProtocolService (GrpcServerProtocolService.java:onCompleted(104)) - c59437e1-9416-4eae-8424-f47ceed6fd18: appendEntries completed
2019-08-23 10:04:29,147 [main] INFO  impl.StateMachineUpdater (StateMachineUpdater.java:stopAndJoin(115)) - StateMachineUpdater:2e3457a7-9f76-45fb-9b7b-9eb45e0d8c5c:group-8B037E1F2C36: set stopIndex = 0
2019-08-23 10:04:29,153 [grpc-default-executor-4] INFO  server.GrpcLogAppender (GrpcLogAppender.java:onCompleted(292)) - 2e3457a7-9f76-45fb-9b7b-9eb45e0d8c5c->c59437e1-9416-4eae-8424-f47ceed6fd18: follower responses appendEntries COMPLETED
2019-08-23 10:04:29,153 [StateMachineUpdater:2e3457a7-9f76-45fb-9b7b-9eb45e0d8c5c:group-ABF59B3ADCDE] INFO  ratis.ContainerStateMachine (ContainerStateMachine.java:takeSnapshot(283)) - group-ABF59B3ADCDE: Taking a snapshot at:(t:1, i:14) file /workdir/hadoop-ozone/integration-test/target/test-dir/MiniOzoneClusterImpl-e3530e56-8be5-4e35-b41d-e6108e761a1d/datanode-5/data/ratis/0c6786e4-2b14-4615-83b9-abf59b3adcde/sm/snapshot.1_14
2019-08-23 10:04:29,153 [ForkJoinPool.commonPool-worker-0] INFO  impl.StateMachineUpdater (StateMachineUpdater.java:stopAndJoin(115)) - StateMachineUpdater:2e3457a7-9f76-45fb-9b7b-9eb45e0d8c5c:group-ABF59B3ADCDE: set stopIndex = 16
2019-08-23 10:04:29,153 [grpc-default-executor-7] INFO  server.GrpcServerProtocolService (GrpcServerProtocolService.java:onCompleted(104)) - 2d79817c-83ab-4b4b-a173-9d1d58553336: appendEntries completed
2019-08-23 10:04:29,154 | INFO  | SCMAudit | user=jenkins1000 | ip=192.168.34.11 | op=SEND_HEARTBEAT {datanodeUUID=b7c5b48b-9294-4513-a286-a41a16d1a2cb, command=[]} | ret=SUCCESS |  
2019-08-23 10:04:29,154 [grpc-default-executor-4] INFO  impl.FollowerInfo (FollowerInfo.java:lambda$new$0(50)) - 2e3457a7-9f76-45fb-9b7b-9eb45e0d8c5c->c59437e1-9416-4eae-8424-f47ceed6fd18: nextIndex: updateUnconditionally 17 -> 16
2019-08-23 10:04:29,153 [main] INFO  impl.RaftServerImpl (ServerState.java:close(394)) - 2e3457a7-9f76-45fb-9b7b-9eb45e0d8c5c:group-8B037E1F2C36 closes. The last applied log index is 0
2019-08-23 10:04:29,154 [grpc-default-executor-7] INFO  server.GrpcLogAppender (GrpcLogAppender.java:onCompleted(292)) - 2e3457a7-9f76-45fb-9b7b-9eb45e0d8c5c->2d79817c-83ab-4b4b-a173-9d1d58553336: follower responses appendEntries COMPLETED
2019-08-23 10:04:29,155 [2e3457a7-9f76-45fb-9b7b-9eb45e0d8c5c-SegmentedRaftLogWorker:Storage Directory /workdir/hadoop-ozone/integration-test/target/test-dir/MiniOzoneClusterImpl-e3530e56-8be5-4e35-b41d-e6108e761a1d/datanode-5/data/ratis/04d0abaa-a0ed-44f6-9939-8b037e1f2c36] INFO  segmented.SegmentedRaftLogWorker (SegmentedRaftLogWorker.java:run(313)) - 2e3457a7-9f76-45fb-9b7b-9eb45e0d8c5c-SegmentedRaftLogWorker:Storage Directory /workdir/hadoop-ozone/integration-test/target/test-dir/MiniOzoneClusterImpl-e3530e56-8be5-4e35-b41d-e6108e761a1d/datanode-5/data/ratis/04d0abaa-a0ed-44f6-9939-8b037e1f2c36 was interrupted, exiting. There are 0 tasks remaining in the queue.
2019-08-23 10:04:29,155 [grpc-default-executor-7] INFO  impl.FollowerInfo (FollowerInfo.java:lambda$new$0(50)) - 2e3457a7-9f76-45fb-9b7b-9eb45e0d8c5c->2d79817c-83ab-4b4b-a173-9d1d58553336: nextIndex: updateUnconditionally 17 -> 16
2019-08-23 10:04:29,158 [main] INFO  segmented.SegmentedRaftLogWorker (SegmentedRaftLogWorker.java:close(228)) - 2e3457a7-9f76-45fb-9b7b-9eb45e0d8c5c-SegmentedRaftLogWorker:Storage Directory /workdir/hadoop-ozone/integration-test/target/test-dir/MiniOzoneClusterImpl-e3530e56-8be5-4e35-b41d-e6108e761a1d/datanode-5/data/ratis/04d0abaa-a0ed-44f6-9939-8b037e1f2c36 close()
2019-08-23 10:04:29,167 [StateMachineUpdater:2e3457a7-9f76-45fb-9b7b-9eb45e0d8c5c:group-ABF59B3ADCDE] INFO  ratis.ContainerStateMachine (ContainerStateMachine.java:takeSnapshot(294)) - group-ABF59B3ADCDE: Finished taking a snapshot at:(t:1, i:14) file:/workdir/hadoop-ozone/integration-test/target/test-dir/MiniOzoneClusterImpl-e3530e56-8be5-4e35-b41d-e6108e761a1d/datanode-5/data/ratis/0c6786e4-2b14-4615-83b9-abf59b3adcde/sm/snapshot.1_14 time:15
2019-08-23 10:04:29,167 [StateMachineUpdater:2e3457a7-9f76-45fb-9b7b-9eb45e0d8c5c:group-ABF59B3ADCDE] INFO  impl.StateMachineUpdater (StateMachineUpdater.java:takeSnapshot(242)) - StateMachineUpdater:2e3457a7-9f76-45fb-9b7b-9eb45e0d8c5c:group-ABF59B3ADCDE: Took a snapshot at index 14
2019-08-23 10:04:29,168 [StateMachineUpdater:2e3457a7-9f76-45fb-9b7b-9eb45e0d8c5c:group-ABF59B3ADCDE] INFO  impl.StateMachineUpdater (StateMachineUpdater.java:lambda$new$0(80)) - StateMachineUpdater:2e3457a7-9f76-45fb-9b7b-9eb45e0d8c5c:group-ABF59B3ADCDE: snapshotIndex: updateIncreasingly -1 -> 14
2019-08-23 10:04:29,168 [ForkJoinPool.commonPool-worker-0] INFO  impl.RaftServerImpl (ServerState.java:close(394)) - 2e3457a7-9f76-45fb-9b7b-9eb45e0d8c5c:group-ABF59B3ADCDE closes. The last applied log index is 16
2019-08-23 10:04:29,168 [2e3457a7-9f76-45fb-9b7b-9eb45e0d8c5c-SegmentedRaftLogWorker:Storage Directory /workdir/hadoop-ozone/integration-test/target/test-dir/MiniOzoneClusterImpl-e3530e56-8be5-4e35-b41d-e6108e761a1d/datanode-5/data/ratis/0c6786e4-2b14-4615-83b9-abf59b3adcde] INFO  segmented.SegmentedRaftLogWorker (SegmentedRaftLogWorker.java:run(313)) - 2e3457a7-9f76-45fb-9b7b-9eb45e0d8c5c-SegmentedRaftLogWorker:Storage Directory /workdir/hadoop-ozone/integration-test/target/test-dir/MiniOzoneClusterImpl-e3530e56-8be5-4e35-b41d-e6108e761a1d/datanode-5/data/ratis/0c6786e4-2b14-4615-83b9-abf59b3adcde was interrupted, exiting. There are 0 tasks remaining in the queue.
2019-08-23 10:04:29,171 [ForkJoinPool.commonPool-worker-0] INFO  segmented.SegmentedRaftLogWorker (SegmentedRaftLogWorker.java:close(228)) - 2e3457a7-9f76-45fb-9b7b-9eb45e0d8c5c-SegmentedRaftLogWorker:Storage Directory /workdir/hadoop-ozone/integration-test/target/test-dir/MiniOzoneClusterImpl-e3530e56-8be5-4e35-b41d-e6108e761a1d/datanode-5/data/ratis/0c6786e4-2b14-4615-83b9-abf59b3adcde close()
2019-08-23 10:04:29,175 [main] INFO  server.GrpcService (GrpcService.java:closeImpl(155)) - 2e3457a7-9f76-45fb-9b7b-9eb45e0d8c5c: shutdown server with port 36212 now
2019-08-23 10:04:29,176 [grpc-default-executor-4] WARN  client.GrpcClientProtocolService (LogUtils.java:warn(134)) - 3-UnorderedRequestStreamObserver3: onError: org.apache.ratis.thirdparty.io.grpc.StatusRuntimeException: CANCELLED: cancelled before receiving half close
2019-08-23 10:04:29,176 [main] INFO  server.GrpcService (GrpcService.java:closeImpl(163)) - 2e3457a7-9f76-45fb-9b7b-9eb45e0d8c5c: shutdown server with port 36212 successfully
2019-08-23 10:04:29,177 [main] INFO  utils.BackgroundService (BackgroundService.java:shutdown(148)) - Shutting down service BlockDeletingService
2019-08-23 10:04:29,179 [refreshUsed-/workdir/hadoop-ozone/integration-test/target/test-dir/MiniOzoneClusterImpl-e3530e56-8be5-4e35-b41d-e6108e761a1d/datanode-5/data/containers] WARN  fs.CachingGetSpaceUsed (CachingGetSpaceUsed.java:run(183)) - Thread Interrupted waiting to refresh disk information: sleep interrupted
2019-08-23 10:04:29,203 [main] INFO  statemachine.DatanodeStateMachine (DatanodeStateMachine.java:stopDaemon(395)) - Ozone container server stopped.
2019-08-23 10:04:29,205 [main] INFO  handler.ContextHandler (ContextHandler.java:doStop(910)) - Stopped o.e.j.w.WebAppContext@482040a{/,null,UNAVAILABLE}{/hddsDatanode}
2019-08-23 10:04:29,206 [main] INFO  server.AbstractConnector (AbstractConnector.java:doStop(318)) - Stopped ServerConnector@b45e264{HTTP/1.1,[http/1.1]}{0.0.0.0:0}
2019-08-23 10:04:29,206 [main] INFO  handler.ContextHandler (ContextHandler.java:doStop(910)) - Stopped o.e.j.s.ServletContextHandler@21b508a0{/static,jar:file:/home/user/.m2/repository/org/apache/hadoop/hadoop-hdds-container-service/0.5.0-SNAPSHOT/hadoop-hdds-container-service-0.5.0-SNAPSHOT.jar!/webapps/static,UNAVAILABLE}
2019-08-23 10:04:29,207 [main] INFO  handler.ContextHandler (ContextHandler.java:doStop(910)) - Stopped o.e.j.s.ServletContextHandler@136d1d58{/logs,file:///workdir/hadoop-ozone/integration-test/target/log,UNAVAILABLE}
2019-08-23 10:04:29,338 | INFO  | SCMAudit | user=jenkins1000 | ip=192.168.34.11 | op=SEND_HEARTBEAT {datanodeUUID=c9e7da90-c5a5-4808-9794-4305bac07bb7, command=[]} | ret=SUCCESS |  
2019-08-23 10:04:29,554 | INFO  | SCMAudit | user=jenkins1000 | ip=192.168.34.11 | op=SEND_HEARTBEAT {datanodeUUID=02fdabdd-783b-4687-aaad-f4e6848c1dc1, command=[]} | ret=SUCCESS |  
2019-08-23 10:04:29,661 | INFO  | SCMAudit | user=jenkins1000 | ip=192.168.34.11 | op=SEND_HEARTBEAT {datanodeUUID=7b18dc38-9e45-4799-92bc-3e52050f2105, command=[]} | ret=SUCCESS |  
2019-08-23 10:04:29,950 | INFO  | SCMAudit | user=jenkins1000 | ip=192.168.34.11 | op=SEND_HEARTBEAT {datanodeUUID=c59437e1-9416-4eae-8424-f47ceed6fd18, command=[commandType: closeContainerCommand closeContainerCommandProto { containerID: 1 pipelineID { id: "0c6786e4-2b14-4615-83b9-abf59b3adcde" } cmdId: 1 force: false } ]} | ret=SUCCESS |  
2019-08-23 10:04:29,953 | INFO  | SCMAudit | user=jenkins1000 | ip=192.168.34.11 | op=SEND_HEARTBEAT {datanodeUUID=2d79817c-83ab-4b4b-a173-9d1d58553336, command=[commandType: closeContainerCommand closeContainerCommandProto { containerID: 1 pipelineID { id: "0c6786e4-2b14-4615-83b9-abf59b3adcde" } cmdId: 1 force: false } ]} | ret=SUCCESS |  
2019-08-23 10:04:30,154 | INFO  | SCMAudit | user=jenkins1000 | ip=192.168.34.11 | op=SEND_HEARTBEAT {datanodeUUID=b7c5b48b-9294-4513-a286-a41a16d1a2cb, command=[]} | ret=SUCCESS |  
2019-08-23 10:04:30,337 | INFO  | SCMAudit | user=jenkins1000 | ip=192.168.34.11 | op=SEND_HEARTBEAT {datanodeUUID=c9e7da90-c5a5-4808-9794-4305bac07bb7, command=[]} | ret=SUCCESS |  
2019-08-23 10:04:30,553 | INFO  | SCMAudit | user=jenkins1000 | ip=192.168.34.11 | op=SEND_HEARTBEAT {datanodeUUID=02fdabdd-783b-4687-aaad-f4e6848c1dc1, command=[]} | ret=SUCCESS |  
2019-08-23 10:04:30,662 | INFO  | SCMAudit | user=jenkins1000 | ip=192.168.34.11 | op=SEND_HEARTBEAT {datanodeUUID=7b18dc38-9e45-4799-92bc-3e52050f2105, command=[]} | ret=SUCCESS |  
2019-08-23 10:04:30,949 | INFO  | SCMAudit | user=jenkins1000 | ip=192.168.34.11 | op=SEND_HEARTBEAT {datanodeUUID=c59437e1-9416-4eae-8424-f47ceed6fd18, command=[]} | ret=SUCCESS |  
2019-08-23 10:04:30,954 | INFO  | SCMAudit | user=jenkins1000 | ip=192.168.34.11 | op=SEND_HEARTBEAT {datanodeUUID=2d79817c-83ab-4b4b-a173-9d1d58553336, command=[]} | ret=SUCCESS |  
2019-08-23 10:04:30,968 | INFO  | SCMAudit | user=jenkins1000 | ip=192.168.34.11 | op=SEND_HEARTBEAT {datanodeUUID=2d79817c-83ab-4b4b-a173-9d1d58553336, command=[]} | ret=SUCCESS |  
2019-08-23 10:04:31,155 | INFO  | SCMAudit | user=jenkins1000 | ip=192.168.34.11 | op=SEND_HEARTBEAT {datanodeUUID=b7c5b48b-9294-4513-a286-a41a16d1a2cb, command=[]} | ret=SUCCESS |  
2019-08-23 10:04:31,224 [grpc-default-executor-8] INFO  client.GrpcClientProtocolClient (GrpcClientProtocolClient.java:onNext(255)) - client-527843A26F49->c59437e1-9416-4eae-8424-f47ceed6fd18: receive RaftClientReply:client-527843A26F49->c59437e1-9416-4eae-8424-f47ceed6fd18@group-ABF59B3ADCDE, cid=177, FAILED org.apache.ratis.protocol.NotLeaderException: Server c59437e1-9416-4eae-8424-f47ceed6fd18 is not the leader (2e3457a7-9f76-45fb-9b7b-9eb45e0d8c5c:192.168.34.11:36212). Request must be sent to leader., logIndex=0, commits[c59437e1-9416-4eae-8424-f47ceed6fd18:c16, 2d79817c-83ab-4b4b-a173-9d1d58553336:c16, 2e3457a7-9f76-45fb-9b7b-9eb45e0d8c5c:c16]
2019-08-23 10:04:31,338 | INFO  | SCMAudit | user=jenkins1000 | ip=192.168.34.11 | op=SEND_HEARTBEAT {datanodeUUID=c9e7da90-c5a5-4808-9794-4305bac07bb7, command=[]} | ret=SUCCESS |  
2019-08-23 10:04:31,554 | INFO  | SCMAudit | user=jenkins1000 | ip=192.168.34.11 | op=SEND_HEARTBEAT {datanodeUUID=02fdabdd-783b-4687-aaad-f4e6848c1dc1, command=[]} | ret=SUCCESS |  
2019-08-23 10:04:31,661 | INFO  | SCMAudit | user=jenkins1000 | ip=192.168.34.11 | op=SEND_HEARTBEAT {datanodeUUID=7b18dc38-9e45-4799-92bc-3e52050f2105, command=[]} | ret=SUCCESS |  
2019-08-23 10:04:31,950 | INFO  | SCMAudit | user=jenkins1000 | ip=192.168.34.11 | op=SEND_HEARTBEAT {datanodeUUID=c59437e1-9416-4eae-8424-f47ceed6fd18, command=[]} | ret=SUCCESS |  
2019-08-23 10:04:31,965 | INFO  | SCMAudit | user=jenkins1000 | ip=192.168.34.11 | op=SEND_HEARTBEAT {datanodeUUID=c59437e1-9416-4eae-8424-f47ceed6fd18, command=[]} | ret=SUCCESS |  
2019-08-23 10:04:31,969 | INFO  | SCMAudit | user=jenkins1000 | ip=192.168.34.11 | op=SEND_HEARTBEAT {datanodeUUID=2d79817c-83ab-4b4b-a173-9d1d58553336, command=[]} | ret=SUCCESS |  
2019-08-23 10:04:32,154 | INFO  | SCMAudit | user=jenkins1000 | ip=192.168.34.11 | op=SEND_HEARTBEAT {datanodeUUID=b7c5b48b-9294-4513-a286-a41a16d1a2cb, command=[]} | ret=SUCCESS |  
2019-08-23 10:04:32,241 [grpc-default-executor-7] INFO  client.GrpcClientProtocolClient (GrpcClientProtocolClient.java:onNext(255)) - client-527843A26F49->c59437e1-9416-4eae-8424-f47ceed6fd18: receive RaftClientReply:client-527843A26F49->c59437e1-9416-4eae-8424-f47ceed6fd18@group-ABF59B3ADCDE, cid=177, FAILED org.apache.ratis.protocol.NotLeaderException: Server c59437e1-9416-4eae-8424-f47ceed6fd18 is not the leader (2e3457a7-9f76-45fb-9b7b-9eb45e0d8c5c:192.168.34.11:36212). Request must be sent to leader., logIndex=0, commits[c59437e1-9416-4eae-8424-f47ceed6fd18:c16, 2d79817c-83ab-4b4b-a173-9d1d58553336:c16, 2e3457a7-9f76-45fb-9b7b-9eb45e0d8c5c:c16]
2019-08-23 10:04:32,337 | INFO  | SCMAudit | user=jenkins1000 | ip=192.168.34.11 | op=SEND_HEARTBEAT {datanodeUUID=c9e7da90-c5a5-4808-9794-4305bac07bb7, command=[]} | ret=SUCCESS |  
2019-08-23 10:04:32,554 | INFO  | SCMAudit | user=jenkins1000 | ip=192.168.34.11 | op=SEND_HEARTBEAT {datanodeUUID=02fdabdd-783b-4687-aaad-f4e6848c1dc1, command=[]} | ret=SUCCESS |  
2019-08-23 10:04:32,662 | INFO  | SCMAudit | user=jenkins1000 | ip=192.168.34.11 | op=SEND_HEARTBEAT {datanodeUUID=7b18dc38-9e45-4799-92bc-3e52050f2105, command=[]} | ret=SUCCESS |  
2019-08-23 10:04:32,965 | INFO  | SCMAudit | user=jenkins1000 | ip=192.168.34.11 | op=SEND_HEARTBEAT {datanodeUUID=c59437e1-9416-4eae-8424-f47ceed6fd18, command=[]} | ret=SUCCESS |  
2019-08-23 10:04:32,969 | INFO  | SCMAudit | user=jenkins1000 | ip=192.168.34.11 | op=SEND_HEARTBEAT {datanodeUUID=2d79817c-83ab-4b4b-a173-9d1d58553336, command=[]} | ret=SUCCESS |  
2019-08-23 10:04:32,999 [Thread-3464] INFO  impl.FollowerState (FollowerState.java:run(106)) - c9e7da90-c5a5-4808-9794-4305bac07bb7:group-65AFFC1408D5 changes to CANDIDATE, lastRpcTime:5051, electionTimeout:5051ms
2019-08-23 10:04:32,999 [Thread-3464] INFO  impl.RoleInfo (RoleInfo.java:shutdownFollowerState(121)) - c9e7da90-c5a5-4808-9794-4305bac07bb7: shutdown FollowerState
2019-08-23 10:04:32,999 [Thread-3464] INFO  impl.RaftServerImpl (RaftServerImpl.java:setRole(171)) - c9e7da90-c5a5-4808-9794-4305bac07bb7:group-65AFFC1408D5 changes role from FOLLOWER to CANDIDATE at term 2 for changeToCandidate
2019-08-23 10:04:32,999 [Thread-3464] INFO  impl.RoleInfo (RoleInfo.java:updateAndGet(143)) - c9e7da90-c5a5-4808-9794-4305bac07bb7: start LeaderElection
2019-08-23 10:04:33,016 [c9e7da90-c5a5-4808-9794-4305bac07bb7:group-65AFFC1408D5:LeaderElection67] INFO  impl.LeaderElection (LeaderElection.java:askForVotes(181)) - c9e7da90-c5a5-4808-9794-4305bac07bb7:group-65AFFC1408D5:LeaderElection67: begin an election at term 3 for -1: [02fdabdd-783b-4687-aaad-f4e6848c1dc1:192.168.34.11:41420, b7c5b48b-9294-4513-a286-a41a16d1a2cb:192.168.34.11:32823, c9e7da90-c5a5-4808-9794-4305bac07bb7:192.168.34.11:34916], old=null
2019-08-23 10:04:33,018 [Thread-3463] INFO  impl.FollowerState (FollowerState.java:run(106)) - b7c5b48b-9294-4513-a286-a41a16d1a2cb:group-65AFFC1408D5 changes to CANDIDATE, lastRpcTime:5072, electionTimeout:5072ms
2019-08-23 10:04:33,018 [Thread-3463] INFO  impl.RoleInfo (RoleInfo.java:shutdownFollowerState(121)) - b7c5b48b-9294-4513-a286-a41a16d1a2cb: shutdown FollowerState
2019-08-23 10:04:33,018 [Thread-3463] INFO  impl.RaftServerImpl (RaftServerImpl.java:setRole(171)) - b7c5b48b-9294-4513-a286-a41a16d1a2cb:group-65AFFC1408D5 changes role from FOLLOWER to CANDIDATE at term 2 for changeToCandidate
2019-08-23 10:04:33,018 [Thread-3463] INFO  impl.RoleInfo (RoleInfo.java:updateAndGet(143)) - b7c5b48b-9294-4513-a286-a41a16d1a2cb: start LeaderElection
2019-08-23 10:04:33,022 [grpc-default-executor-7] INFO  impl.RaftServerImpl (RaftServerImpl.java:setRole(171)) - 02fdabdd-783b-4687-aaad-f4e6848c1dc1:group-65AFFC1408D5 changes role from FOLLOWER to FOLLOWER at term 3 for recognizeCandidate:c9e7da90-c5a5-4808-9794-4305bac07bb7
2019-08-23 10:04:33,023 [grpc-default-executor-7] INFO  impl.RoleInfo (RoleInfo.java:shutdownFollowerState(121)) - 02fdabdd-783b-4687-aaad-f4e6848c1dc1: shutdown FollowerState
2019-08-23 10:04:33,023 [grpc-default-executor-7] INFO  impl.RoleInfo (RoleInfo.java:updateAndGet(143)) - 02fdabdd-783b-4687-aaad-f4e6848c1dc1: start FollowerState
2019-08-23 10:04:33,023 [Thread-3462] INFO  impl.FollowerState (FollowerState.java:run(114)) - 02fdabdd-783b-4687-aaad-f4e6848c1dc1: FollowerState was interrupted: java.lang.InterruptedException: sleep interrupted
2019-08-23 10:04:33,036 [b7c5b48b-9294-4513-a286-a41a16d1a2cb:group-65AFFC1408D5:LeaderElection68] INFO  impl.LeaderElection (LeaderElection.java:askForVotes(181)) - b7c5b48b-9294-4513-a286-a41a16d1a2cb:group-65AFFC1408D5:LeaderElection68: begin an election at term 3 for -1: [02fdabdd-783b-4687-aaad-f4e6848c1dc1:192.168.34.11:41420, b7c5b48b-9294-4513-a286-a41a16d1a2cb:192.168.34.11:32823, c9e7da90-c5a5-4808-9794-4305bac07bb7:192.168.34.11:34916], old=null
2019-08-23 10:04:33,037 [c9e7da90-c5a5-4808-9794-4305bac07bb7:group-65AFFC1408D5:LeaderElection67] INFO  impl.LeaderElection (LeaderElection.java:logAndReturn(56)) - c9e7da90-c5a5-4808-9794-4305bac07bb7:group-65AFFC1408D5:LeaderElection67: Election PASSED; received 1 response(s) [c9e7da90-c5a5-4808-9794-4305bac07bb7<-02fdabdd-783b-4687-aaad-f4e6848c1dc1#0:OK-t3] and 0 exception(s); c9e7da90-c5a5-4808-9794-4305bac07bb7:t3, leader=null, voted=c9e7da90-c5a5-4808-9794-4305bac07bb7, raftlog=c9e7da90-c5a5-4808-9794-4305bac07bb7-SegmentedRaftLog:OPENED:c-1,f-1,i0, conf=-1: [02fdabdd-783b-4687-aaad-f4e6848c1dc1:192.168.34.11:41420, b7c5b48b-9294-4513-a286-a41a16d1a2cb:192.168.34.11:32823, c9e7da90-c5a5-4808-9794-4305bac07bb7:192.168.34.11:34916], old=null
2019-08-23 10:04:33,037 [c9e7da90-c5a5-4808-9794-4305bac07bb7:group-65AFFC1408D5:LeaderElection67] INFO  impl.RoleInfo (RoleInfo.java:shutdownLeaderElection(134)) - c9e7da90-c5a5-4808-9794-4305bac07bb7: shutdown LeaderElection
2019-08-23 10:04:33,038 [c9e7da90-c5a5-4808-9794-4305bac07bb7:group-65AFFC1408D5:LeaderElection67] INFO  impl.RaftServerImpl (RaftServerImpl.java:setRole(171)) - c9e7da90-c5a5-4808-9794-4305bac07bb7:group-65AFFC1408D5 changes role from CANDIDATE to LEADER at term 3 for changeToLeader
2019-08-23 10:04:33,038 [c9e7da90-c5a5-4808-9794-4305bac07bb7:group-65AFFC1408D5:LeaderElection67] INFO  impl.RaftServerImpl (ServerState.java:setLeader(263)) - c9e7da90-c5a5-4808-9794-4305bac07bb7:group-65AFFC1408D5 change Leader from null to c9e7da90-c5a5-4808-9794-4305bac07bb7 at term 3 for becomeLeader, leader elected after 15415ms
2019-08-23 10:04:33,038 [c9e7da90-c5a5-4808-9794-4305bac07bb7:group-65AFFC1408D5:LeaderElection67] INFO  server.RaftServerConfigKeys (ConfUtils.java:logGet(43)) - raft.server.staging.catchup.gap = 1000 (default)
2019-08-23 10:04:33,038 [c9e7da90-c5a5-4808-9794-4305bac07bb7:group-65AFFC1408D5:LeaderElection67] INFO  server.RaftServerConfigKeys (ConfUtils.java:logGet(43)) - raft.server.rpc.sleep.time = 25ms (default)
2019-08-23 10:04:33,038 [c9e7da90-c5a5-4808-9794-4305bac07bb7:group-65AFFC1408D5:LeaderElection67] INFO  server.RaftServerConfigKeys (ConfUtils.java:logGet(43)) - raft.server.write.element-limit = 4096 (default)
2019-08-23 10:04:33,039 [c9e7da90-c5a5-4808-9794-4305bac07bb7:group-65AFFC1408D5:LeaderElection67] INFO  server.RaftServerConfigKeys (ConfUtils.java:logGet(43)) - raft.server.watch.timeout = 10s (default)
2019-08-23 10:04:33,039 [c9e7da90-c5a5-4808-9794-4305bac07bb7:group-65AFFC1408D5:LeaderElection67] INFO  server.RaftServerConfigKeys (ConfUtils.java:logGet(43)) - raft.server.watch.timeout.denomination = 1s (default)
2019-08-23 10:04:33,039 [c9e7da90-c5a5-4808-9794-4305bac07bb7:group-65AFFC1408D5:LeaderElection67] INFO  server.RaftServerConfigKeys (ConfUtils.java:logGet(43)) - raft.server.watch.element-limit = 65536 (default)
2019-08-23 10:04:33,039 [c9e7da90-c5a5-4808-9794-4305bac07bb7:group-65AFFC1408D5:LeaderElection67] INFO  server.RaftServerConfigKeys (ConfUtils.java:logGet(43)) - raft.server.log.appender.snapshot.chunk.size.max = 16MB (=16777216) (default)
2019-08-23 10:04:33,040 [c9e7da90-c5a5-4808-9794-4305bac07bb7:group-65AFFC1408D5:LeaderElection67] INFO  server.RaftServerConfigKeys (ConfUtils.java:logGet(43)) - raft.server.log.appender.buffer.byte-limit = 33554432 (custom)
2019-08-23 10:04:33,040 [c9e7da90-c5a5-4808-9794-4305bac07bb7:group-65AFFC1408D5:LeaderElection67] INFO  server.RaftServerConfigKeys (ConfUtils.java:logGet(43)) - raft.server.log.appender.buffer.element-limit = 1 (custom)
2019-08-23 10:04:33,040 [c9e7da90-c5a5-4808-9794-4305bac07bb7:group-65AFFC1408D5:LeaderElection67] INFO  grpc.GrpcConfigKeys$Server (ConfUtils.java:logGet(43)) - raft.grpc.server.leader.outstanding.appends.max = 128 (default)
2019-08-23 10:04:33,040 [c9e7da90-c5a5-4808-9794-4305bac07bb7:group-65AFFC1408D5:LeaderElection67] INFO  server.RaftServerConfigKeys (ConfUtils.java:logGet(43)) - raft.server.rpc.request.timeout = 3000ms (default)
2019-08-23 10:04:33,040 [c9e7da90-c5a5-4808-9794-4305bac07bb7:group-65AFFC1408D5:LeaderElection67] INFO  server.RaftServerConfigKeys (ConfUtils.java:logGet(43)) - raft.server.log.appender.install.snapshot.enabled = false (custom)
2019-08-23 10:04:33,041 [c9e7da90-c5a5-4808-9794-4305bac07bb7:group-65AFFC1408D5:LeaderElection67] INFO  server.RaftServerConfigKeys (ConfUtils.java:logGet(43)) - raft.server.log.appender.snapshot.chunk.size.max = 16MB (=16777216) (default)
2019-08-23 10:04:33,041 [c9e7da90-c5a5-4808-9794-4305bac07bb7:group-65AFFC1408D5:LeaderElection67] INFO  server.RaftServerConfigKeys (ConfUtils.java:logGet(43)) - raft.server.log.appender.buffer.byte-limit = 33554432 (custom)
2019-08-23 10:04:33,041 [c9e7da90-c5a5-4808-9794-4305bac07bb7:group-65AFFC1408D5:LeaderElection67] INFO  server.RaftServerConfigKeys (ConfUtils.java:logGet(43)) - raft.server.log.appender.buffer.element-limit = 1 (custom)
2019-08-23 10:04:33,041 [c9e7da90-c5a5-4808-9794-4305bac07bb7:group-65AFFC1408D5:LeaderElection67] INFO  grpc.GrpcConfigKeys$Server (ConfUtils.java:logGet(43)) - raft.grpc.server.leader.outstanding.appends.max = 128 (default)
2019-08-23 10:04:33,041 [c9e7da90-c5a5-4808-9794-4305bac07bb7:group-65AFFC1408D5:LeaderElection67] INFO  server.RaftServerConfigKeys (ConfUtils.java:logGet(43)) - raft.server.rpc.request.timeout = 3000ms (default)
2019-08-23 10:04:33,042 [c9e7da90-c5a5-4808-9794-4305bac07bb7:group-65AFFC1408D5:LeaderElection67] INFO  server.RaftServerConfigKeys (ConfUtils.java:logGet(43)) - raft.server.log.appender.install.snapshot.enabled = false (custom)
2019-08-23 10:04:33,042 [c9e7da90-c5a5-4808-9794-4305bac07bb7:group-65AFFC1408D5:LeaderElection67] INFO  impl.RoleInfo (RoleInfo.java:updateAndGet(143)) - c9e7da90-c5a5-4808-9794-4305bac07bb7: start LeaderState
2019-08-23 10:04:33,042 [c9e7da90-c5a5-4808-9794-4305bac07bb7:group-65AFFC1408D5:LeaderElection67] INFO  segmented.SegmentedRaftLogWorker (SegmentedRaftLogWorker.java:startLogSegment(380)) - c9e7da90-c5a5-4808-9794-4305bac07bb7-SegmentedRaftLogWorker:Storage Directory /workdir/hadoop-ozone/integration-test/target/test-dir/MiniOzoneClusterImpl-e3530e56-8be5-4e35-b41d-e6108e761a1d/datanode-1/data/ratis/e2397e39-649c-4492-a158-65affc1408d5: Starting segment from index:0
2019-08-23 10:04:33,043 [c9e7da90-c5a5-4808-9794-4305bac07bb7:group-65AFFC1408D5:LeaderElection67] INFO  impl.RaftServerImpl (ServerState.java:setRaftConf(361)) - c9e7da90-c5a5-4808-9794-4305bac07bb7:group-65AFFC1408D5 set configuration 0: [02fdabdd-783b-4687-aaad-f4e6848c1dc1:192.168.34.11:41420, b7c5b48b-9294-4513-a286-a41a16d1a2cb:192.168.34.11:32823, c9e7da90-c5a5-4808-9794-4305bac07bb7:192.168.34.11:34916], old=null at 0
2019-08-23 10:04:33,043 [grpc-default-executor-7] INFO  impl.RaftServerImpl (RaftServerImpl.java:requestVote(754)) - c9e7da90-c5a5-4808-9794-4305bac07bb7-LEADER: Withhold vote from candidate b7c5b48b-9294-4513-a286-a41a16d1a2cb with term 3. State: leader=c9e7da90-c5a5-4808-9794-4305bac07bb7, term=3, lastRpcElapsed=null
2019-08-23 10:04:33,045 [b7c5b48b-9294-4513-a286-a41a16d1a2cb:group-65AFFC1408D5:LeaderElection68] INFO  impl.LeaderElection (LeaderElection.java:logAndReturn(56)) - b7c5b48b-9294-4513-a286-a41a16d1a2cb:group-65AFFC1408D5:LeaderElection68: Election REJECTED; received 2 response(s) [b7c5b48b-9294-4513-a286-a41a16d1a2cb<-02fdabdd-783b-4687-aaad-f4e6848c1dc1#0:FAIL-t3, b7c5b48b-9294-4513-a286-a41a16d1a2cb<-c9e7da90-c5a5-4808-9794-4305bac07bb7#0:FAIL-t3] and 0 exception(s); b7c5b48b-9294-4513-a286-a41a16d1a2cb:t3, leader=null, voted=b7c5b48b-9294-4513-a286-a41a16d1a2cb, raftlog=b7c5b48b-9294-4513-a286-a41a16d1a2cb-SegmentedRaftLog:OPENED:c-1,f-1,i0, conf=-1: [02fdabdd-783b-4687-aaad-f4e6848c1dc1:192.168.34.11:41420, b7c5b48b-9294-4513-a286-a41a16d1a2cb:192.168.34.11:32823, c9e7da90-c5a5-4808-9794-4305bac07bb7:192.168.34.11:34916], old=null
2019-08-23 10:04:33,045 [grpc-default-executor-4] INFO  impl.RaftServerImpl (ServerState.java:setLeader(263)) - 02fdabdd-783b-4687-aaad-f4e6848c1dc1:group-65AFFC1408D5 change Leader from null to c9e7da90-c5a5-4808-9794-4305bac07bb7 at term 3 for appendEntries, leader elected after 15421ms
2019-08-23 10:04:33,045 [b7c5b48b-9294-4513-a286-a41a16d1a2cb:group-65AFFC1408D5:LeaderElection68] INFO  impl.RaftServerImpl (RaftServerImpl.java:setRole(171)) - b7c5b48b-9294-4513-a286-a41a16d1a2cb:group-65AFFC1408D5 changes role from CANDIDATE to FOLLOWER at term 3 for DISCOVERED_A_NEW_TERM
2019-08-23 10:04:33,045 [b7c5b48b-9294-4513-a286-a41a16d1a2cb:group-65AFFC1408D5:LeaderElection68] INFO  impl.RoleInfo (RoleInfo.java:shutdownLeaderElection(134)) - b7c5b48b-9294-4513-a286-a41a16d1a2cb: shutdown LeaderElection
2019-08-23 10:04:33,045 [b7c5b48b-9294-4513-a286-a41a16d1a2cb:group-65AFFC1408D5:LeaderElection68] INFO  impl.RoleInfo (RoleInfo.java:updateAndGet(143)) - b7c5b48b-9294-4513-a286-a41a16d1a2cb: start FollowerState
2019-08-23 10:04:33,046 [grpc-default-executor-7] INFO  impl.RaftServerImpl (ServerState.java:setLeader(263)) - b7c5b48b-9294-4513-a286-a41a16d1a2cb:group-65AFFC1408D5 change Leader from null to c9e7da90-c5a5-4808-9794-4305bac07bb7 at term 3 for appendEntries, leader elected after 15423ms
2019-08-23 10:04:33,048 [grpc-default-executor-7] INFO  impl.RaftServerImpl (ServerState.java:setRaftConf(361)) - 02fdabdd-783b-4687-aaad-f4e6848c1dc1:group-65AFFC1408D5 set configuration 0: [02fdabdd-783b-4687-aaad-f4e6848c1dc1:192.168.34.11:41420, b7c5b48b-9294-4513-a286-a41a16d1a2cb:192.168.34.11:32823, c9e7da90-c5a5-4808-9794-4305bac07bb7:192.168.34.11:34916], old=null at 0
2019-08-23 10:04:33,048 [grpc-default-executor-7] INFO  segmented.SegmentedRaftLogWorker (SegmentedRaftLogWorker.java:startLogSegment(380)) - 02fdabdd-783b-4687-aaad-f4e6848c1dc1-SegmentedRaftLogWorker:Storage Directory /workdir/hadoop-ozone/integration-test/target/test-dir/MiniOzoneClusterImpl-e3530e56-8be5-4e35-b41d-e6108e761a1d/datanode-2/data/ratis/e2397e39-649c-4492-a158-65affc1408d5: Starting segment from index:0
2019-08-23 10:04:33,048 [grpc-default-executor-4] INFO  impl.RaftServerImpl (ServerState.java:setRaftConf(361)) - b7c5b48b-9294-4513-a286-a41a16d1a2cb:group-65AFFC1408D5 set configuration 0: [02fdabdd-783b-4687-aaad-f4e6848c1dc1:192.168.34.11:41420, b7c5b48b-9294-4513-a286-a41a16d1a2cb:192.168.34.11:32823, c9e7da90-c5a5-4808-9794-4305bac07bb7:192.168.34.11:34916], old=null at 0
2019-08-23 10:04:33,049 [grpc-default-executor-4] INFO  segmented.SegmentedRaftLogWorker (SegmentedRaftLogWorker.java:startLogSegment(380)) - b7c5b48b-9294-4513-a286-a41a16d1a2cb-SegmentedRaftLogWorker:Storage Directory /workdir/hadoop-ozone/integration-test/target/test-dir/MiniOzoneClusterImpl-e3530e56-8be5-4e35-b41d-e6108e761a1d/datanode-0/data/ratis/e2397e39-649c-4492-a158-65affc1408d5: Starting segment from index:0
2019-08-23 10:04:33,095 [b7c5b48b-9294-4513-a286-a41a16d1a2cb-SegmentedRaftLogWorker:Storage Directory /workdir/hadoop-ozone/integration-test/target/test-dir/MiniOzoneClusterImpl-e3530e56-8be5-4e35-b41d-e6108e761a1d/datanode-0/data/ratis/e2397e39-649c-4492-a158-65affc1408d5] INFO  segmented.SegmentedRaftLogWorker (SegmentedRaftLogWorker.java:execute(569)) - b7c5b48b-9294-4513-a286-a41a16d1a2cb-SegmentedRaftLogWorker:Storage Directory /workdir/hadoop-ozone/integration-test/target/test-dir/MiniOzoneClusterImpl-e3530e56-8be5-4e35-b41d-e6108e761a1d/datanode-0/data/ratis/e2397e39-649c-4492-a158-65affc1408d5: created new log segment /workdir/hadoop-ozone/integration-test/target/test-dir/MiniOzoneClusterImpl-e3530e56-8be5-4e35-b41d-e6108e761a1d/datanode-0/data/ratis/e2397e39-649c-4492-a158-65affc1408d5/current/log_inprogress_0
2019-08-23 10:04:33,095 [c9e7da90-c5a5-4808-9794-4305bac07bb7-SegmentedRaftLogWorker:Storage Directory /workdir/hadoop-ozone/integration-test/target/test-dir/MiniOzoneClusterImpl-e3530e56-8be5-4e35-b41d-e6108e761a1d/datanode-1/data/ratis/e2397e39-649c-4492-a158-65affc1408d5] INFO  segmented.SegmentedRaftLogWorker (SegmentedRaftLogWorker.java:execute(569)) - c9e7da90-c5a5-4808-9794-4305bac07bb7-SegmentedRaftLogWorker:Storage Directory /workdir/hadoop-ozone/integration-test/target/test-dir/MiniOzoneClusterImpl-e3530e56-8be5-4e35-b41d-e6108e761a1d/datanode-1/data/ratis/e2397e39-649c-4492-a158-65affc1408d5: created new log segment /workdir/hadoop-ozone/integration-test/target/test-dir/MiniOzoneClusterImpl-e3530e56-8be5-4e35-b41d-e6108e761a1d/datanode-1/data/ratis/e2397e39-649c-4492-a158-65affc1408d5/current/log_inprogress_0
2019-08-23 10:04:33,095 [02fdabdd-783b-4687-aaad-f4e6848c1dc1-SegmentedRaftLogWorker:Storage Directory /workdir/hadoop-ozone/integration-test/target/test-dir/MiniOzoneClusterImpl-e3530e56-8be5-4e35-b41d-e6108e761a1d/datanode-2/data/ratis/e2397e39-649c-4492-a158-65affc1408d5] INFO  segmented.SegmentedRaftLogWorker (SegmentedRaftLogWorker.java:execute(569)) - 02fdabdd-783b-4687-aaad-f4e6848c1dc1-SegmentedRaftLogWorker:Storage Directory /workdir/hadoop-ozone/integration-test/target/test-dir/MiniOzoneClusterImpl-e3530e56-8be5-4e35-b41d-e6108e761a1d/datanode-2/data/ratis/e2397e39-649c-4492-a158-65affc1408d5: created new log segment /workdir/hadoop-ozone/integration-test/target/test-dir/MiniOzoneClusterImpl-e3530e56-8be5-4e35-b41d-e6108e761a1d/datanode-2/data/ratis/e2397e39-649c-4492-a158-65affc1408d5/current/log_inprogress_0
2019-08-23 10:04:33,155 | INFO  | SCMAudit | user=jenkins1000 | ip=192.168.34.11 | op=SEND_HEARTBEAT {datanodeUUID=b7c5b48b-9294-4513-a286-a41a16d1a2cb, command=[]} | ret=SUCCESS |  
2019-08-23 10:04:33,258 [grpc-default-executor-4] INFO  client.GrpcClientProtocolClient (GrpcClientProtocolClient.java:onNext(255)) - client-527843A26F49->c59437e1-9416-4eae-8424-f47ceed6fd18: receive RaftClientReply:client-527843A26F49->c59437e1-9416-4eae-8424-f47ceed6fd18@group-ABF59B3ADCDE, cid=177, FAILED org.apache.ratis.protocol.NotLeaderException: Server c59437e1-9416-4eae-8424-f47ceed6fd18 is not the leader (2e3457a7-9f76-45fb-9b7b-9eb45e0d8c5c:192.168.34.11:36212). Request must be sent to leader., logIndex=0, commits[c59437e1-9416-4eae-8424-f47ceed6fd18:c16, 2d79817c-83ab-4b4b-a173-9d1d58553336:c16, 2e3457a7-9f76-45fb-9b7b-9eb45e0d8c5c:c16]
2019-08-23 10:04:33,338 | INFO  | SCMAudit | user=jenkins1000 | ip=192.168.34.11 | op=SEND_HEARTBEAT {datanodeUUID=c9e7da90-c5a5-4808-9794-4305bac07bb7, command=[]} | ret=SUCCESS |  
2019-08-23 10:04:33,555 | INFO  | SCMAudit | user=jenkins1000 | ip=192.168.34.11 | op=SEND_HEARTBEAT {datanodeUUID=02fdabdd-783b-4687-aaad-f4e6848c1dc1, command=[]} | ret=SUCCESS |  
2019-08-23 10:04:33,661 | INFO  | SCMAudit | user=jenkins1000 | ip=192.168.34.11 | op=SEND_HEARTBEAT {datanodeUUID=7b18dc38-9e45-4799-92bc-3e52050f2105, command=[]} | ret=SUCCESS |  
2019-08-23 10:04:33,966 | INFO  | SCMAudit | user=jenkins1000 | ip=192.168.34.11 | op=SEND_HEARTBEAT {datanodeUUID=c59437e1-9416-4eae-8424-f47ceed6fd18, command=[]} | ret=SUCCESS |  
2019-08-23 10:04:33,969 | INFO  | SCMAudit | user=jenkins1000 | ip=192.168.34.11 | op=SEND_HEARTBEAT {datanodeUUID=2d79817c-83ab-4b4b-a173-9d1d58553336, command=[]} | ret=SUCCESS |  
2019-08-23 10:04:34,154 | INFO  | SCMAudit | user=jenkins1000 | ip=192.168.34.11 | op=SEND_HEARTBEAT {datanodeUUID=b7c5b48b-9294-4513-a286-a41a16d1a2cb, command=[]} | ret=SUCCESS |  
2019-08-23 10:04:34,273 [grpc-default-executor-8] INFO  client.GrpcClientProtocolClient (GrpcClientProtocolClient.java:onNext(255)) - client-527843A26F49->2d79817c-83ab-4b4b-a173-9d1d58553336: receive RaftClientReply:client-527843A26F49->2d79817c-83ab-4b4b-a173-9d1d58553336@group-ABF59B3ADCDE, cid=177, FAILED org.apache.ratis.protocol.NotLeaderException: Server 2d79817c-83ab-4b4b-a173-9d1d58553336 is not the leader (2e3457a7-9f76-45fb-9b7b-9eb45e0d8c5c:192.168.34.11:36212). Request must be sent to leader., logIndex=0, commits[2d79817c-83ab-4b4b-a173-9d1d58553336:c16, c59437e1-9416-4eae-8424-f47ceed6fd18:c16, 2e3457a7-9f76-45fb-9b7b-9eb45e0d8c5c:c16]
2019-08-23 10:04:34,338 | INFO  | SCMAudit | user=jenkins1000 | ip=192.168.34.11 | op=SEND_HEARTBEAT {datanodeUUID=c9e7da90-c5a5-4808-9794-4305bac07bb7, command=[]} | ret=SUCCESS |  
2019-08-23 10:04:34,555 | INFO  | SCMAudit | user=jenkins1000 | ip=192.168.34.11 | op=SEND_HEARTBEAT {datanodeUUID=02fdabdd-783b-4687-aaad-f4e6848c1dc1, command=[]} | ret=SUCCESS |  
2019-08-23 10:04:34,661 | INFO  | SCMAudit | user=jenkins1000 | ip=192.168.34.11 | op=SEND_HEARTBEAT {datanodeUUID=7b18dc38-9e45-4799-92bc-3e52050f2105, command=[]} | ret=SUCCESS |  
2019-08-23 10:04:34,966 | INFO  | SCMAudit | user=jenkins1000 | ip=192.168.34.11 | op=SEND_HEARTBEAT {datanodeUUID=c59437e1-9416-4eae-8424-f47ceed6fd18, command=[]} | ret=SUCCESS |  
2019-08-23 10:04:34,969 | INFO  | SCMAudit | user=jenkins1000 | ip=192.168.34.11 | op=SEND_HEARTBEAT {datanodeUUID=2d79817c-83ab-4b4b-a173-9d1d58553336, command=[]} | ret=SUCCESS |  
2019-08-23 10:04:35,155 | INFO  | SCMAudit | user=jenkins1000 | ip=192.168.34.11 | op=SEND_HEARTBEAT {datanodeUUID=b7c5b48b-9294-4513-a286-a41a16d1a2cb, command=[]} | ret=SUCCESS |  
2019-08-23 10:04:35,314 [grpc-default-executor-8] INFO  client.GrpcClientProtocolClient (GrpcClientProtocolClient.java:onNext(255)) - client-527843A26F49->2d79817c-83ab-4b4b-a173-9d1d58553336: receive RaftClientReply:client-527843A26F49->2d79817c-83ab-4b4b-a173-9d1d58553336@group-ABF59B3ADCDE, cid=177, FAILED org.apache.ratis.protocol.NotLeaderException: Server 2d79817c-83ab-4b4b-a173-9d1d58553336 is not the leader (2e3457a7-9f76-45fb-9b7b-9eb45e0d8c5c:192.168.34.11:36212). Request must be sent to leader., logIndex=0, commits[2d79817c-83ab-4b4b-a173-9d1d58553336:c16, c59437e1-9416-4eae-8424-f47ceed6fd18:c16, 2e3457a7-9f76-45fb-9b7b-9eb45e0d8c5c:c16]
2019-08-23 10:04:35,338 | INFO  | SCMAudit | user=jenkins1000 | ip=192.168.34.11 | op=SEND_HEARTBEAT {datanodeUUID=c9e7da90-c5a5-4808-9794-4305bac07bb7, command=[]} | ret=SUCCESS |  
2019-08-23 10:04:35,555 | INFO  | SCMAudit | user=jenkins1000 | ip=192.168.34.11 | op=SEND_HEARTBEAT {datanodeUUID=02fdabdd-783b-4687-aaad-f4e6848c1dc1, command=[]} | ret=SUCCESS |  
2019-08-23 10:04:35,662 | INFO  | SCMAudit | user=jenkins1000 | ip=192.168.34.11 | op=SEND_HEARTBEAT {datanodeUUID=7b18dc38-9e45-4799-92bc-3e52050f2105, command=[]} | ret=SUCCESS |  
2019-08-23 10:04:35,965 | INFO  | SCMAudit | user=jenkins1000 | ip=192.168.34.11 | op=SEND_HEARTBEAT {datanodeUUID=c59437e1-9416-4eae-8424-f47ceed6fd18, command=[]} | ret=SUCCESS |  
2019-08-23 10:04:35,969 | INFO  | SCMAudit | user=jenkins1000 | ip=192.168.34.11 | op=SEND_HEARTBEAT {datanodeUUID=2d79817c-83ab-4b4b-a173-9d1d58553336, command=[]} | ret=SUCCESS |  
2019-08-23 10:04:36,154 | INFO  | SCMAudit | user=jenkins1000 | ip=192.168.34.11 | op=SEND_HEARTBEAT {datanodeUUID=b7c5b48b-9294-4513-a286-a41a16d1a2cb, command=[]} | ret=SUCCESS |  
2019-08-23 10:04:36,332 [grpc-default-executor-8] INFO  client.GrpcClientProtocolClient (GrpcClientProtocolClient.java:onNext(255)) - client-527843A26F49->2d79817c-83ab-4b4b-a173-9d1d58553336: receive RaftClientReply:client-527843A26F49->2d79817c-83ab-4b4b-a173-9d1d58553336@group-ABF59B3ADCDE, cid=177, FAILED org.apache.ratis.protocol.NotLeaderException: Server 2d79817c-83ab-4b4b-a173-9d1d58553336 is not the leader (2e3457a7-9f76-45fb-9b7b-9eb45e0d8c5c:192.168.34.11:36212). Request must be sent to leader., logIndex=0, commits[2d79817c-83ab-4b4b-a173-9d1d58553336:c16, c59437e1-9416-4eae-8424-f47ceed6fd18:c16, 2e3457a7-9f76-45fb-9b7b-9eb45e0d8c5c:c16]
2019-08-23 10:04:36,339 | INFO  | SCMAudit | user=jenkins1000 | ip=192.168.34.11 | op=SEND_HEARTBEAT {datanodeUUID=c9e7da90-c5a5-4808-9794-4305bac07bb7, command=[]} | ret=SUCCESS |  
2019-08-23 10:04:36,556 | INFO  | SCMAudit | user=jenkins1000 | ip=192.168.34.11 | op=SEND_HEARTBEAT {datanodeUUID=02fdabdd-783b-4687-aaad-f4e6848c1dc1, command=[]} | ret=SUCCESS |  
2019-08-23 10:04:36,662 | INFO  | SCMAudit | user=jenkins1000 | ip=192.168.34.11 | op=SEND_HEARTBEAT {datanodeUUID=7b18dc38-9e45-4799-92bc-3e52050f2105, command=[]} | ret=SUCCESS |  
2019-08-23 10:04:36,968 | INFO  | SCMAudit | user=jenkins1000 | ip=192.168.34.11 | op=SEND_HEARTBEAT {datanodeUUID=c59437e1-9416-4eae-8424-f47ceed6fd18, command=[]} | ret=SUCCESS |  
2019-08-23 10:04:36,969 | INFO  | SCMAudit | user=jenkins1000 | ip=192.168.34.11 | op=SEND_HEARTBEAT {datanodeUUID=2d79817c-83ab-4b4b-a173-9d1d58553336, command=[]} | ret=SUCCESS |  
2019-08-23 10:04:37,154 | INFO  | SCMAudit | user=jenkins1000 | ip=192.168.34.11 | op=SEND_HEARTBEAT {datanodeUUID=b7c5b48b-9294-4513-a286-a41a16d1a2cb, command=[]} | ret=SUCCESS |  
2019-08-23 10:04:37,340 | INFO  | SCMAudit | user=jenkins1000 | ip=192.168.34.11 | op=SEND_HEARTBEAT {datanodeUUID=c9e7da90-c5a5-4808-9794-4305bac07bb7, command=[]} | ret=SUCCESS |  
2019-08-23 10:04:37,350 [grpc-default-executor-8] INFO  client.GrpcClientProtocolClient (GrpcClientProtocolClient.java:onNext(255)) - client-527843A26F49->2d79817c-83ab-4b4b-a173-9d1d58553336: receive RaftClientReply:client-527843A26F49->2d79817c-83ab-4b4b-a173-9d1d58553336@group-ABF59B3ADCDE, cid=177, FAILED org.apache.ratis.protocol.NotLeaderException: Server 2d79817c-83ab-4b4b-a173-9d1d58553336 is not the leader (2e3457a7-9f76-45fb-9b7b-9eb45e0d8c5c:192.168.34.11:36212). Request must be sent to leader., logIndex=0, commits[2d79817c-83ab-4b4b-a173-9d1d58553336:c16, c59437e1-9416-4eae-8424-f47ceed6fd18:c16, 2e3457a7-9f76-45fb-9b7b-9eb45e0d8c5c:c16]
2019-08-23 10:04:37,556 | INFO  | SCMAudit | user=jenkins1000 | ip=192.168.34.11 | op=SEND_HEARTBEAT {datanodeUUID=02fdabdd-783b-4687-aaad-f4e6848c1dc1, command=[]} | ret=SUCCESS |  
2019-08-23 10:04:37,662 | INFO  | SCMAudit | user=jenkins1000 | ip=192.168.34.11 | op=SEND_HEARTBEAT {datanodeUUID=7b18dc38-9e45-4799-92bc-3e52050f2105, command=[]} | ret=SUCCESS |  
2019-08-23 10:04:37,968 | INFO  | SCMAudit | user=jenkins1000 | ip=192.168.34.11 | op=SEND_HEARTBEAT {datanodeUUID=c59437e1-9416-4eae-8424-f47ceed6fd18, command=[]} | ret=SUCCESS |  
2019-08-23 10:04:37,970 | INFO  | SCMAudit | user=jenkins1000 | ip=192.168.34.11 | op=SEND_HEARTBEAT {datanodeUUID=2d79817c-83ab-4b4b-a173-9d1d58553336, command=[]} | ret=SUCCESS |  
2019-08-23 10:04:38,155 | INFO  | SCMAudit | user=jenkins1000 | ip=192.168.34.11 | op=SEND_HEARTBEAT {datanodeUUID=b7c5b48b-9294-4513-a286-a41a16d1a2cb, command=[]} | ret=SUCCESS |  
2019-08-23 10:04:38,340 | INFO  | SCMAudit | user=jenkins1000 | ip=192.168.34.11 | op=SEND_HEARTBEAT {datanodeUUID=c9e7da90-c5a5-4808-9794-4305bac07bb7, command=[]} | ret=SUCCESS |  
2019-08-23 10:04:38,368 [grpc-default-executor-4] INFO  client.GrpcClientProtocolClient (GrpcClientProtocolClient.java:onNext(255)) - client-527843A26F49->c59437e1-9416-4eae-8424-f47ceed6fd18: receive RaftClientReply:client-527843A26F49->c59437e1-9416-4eae-8424-f47ceed6fd18@group-ABF59B3ADCDE, cid=177, FAILED org.apache.ratis.protocol.NotLeaderException: Server c59437e1-9416-4eae-8424-f47ceed6fd18 is not the leader (2e3457a7-9f76-45fb-9b7b-9eb45e0d8c5c:192.168.34.11:36212). Request must be sent to leader., logIndex=0, commits[c59437e1-9416-4eae-8424-f47ceed6fd18:c16, 2d79817c-83ab-4b4b-a173-9d1d58553336:c16, 2e3457a7-9f76-45fb-9b7b-9eb45e0d8c5c:c16]
2019-08-23 10:04:38,556 | INFO  | SCMAudit | user=jenkins1000 | ip=192.168.34.11 | op=SEND_HEARTBEAT {datanodeUUID=02fdabdd-783b-4687-aaad-f4e6848c1dc1, command=[]} | ret=SUCCESS |  
2019-08-23 10:04:38,662 | INFO  | SCMAudit | user=jenkins1000 | ip=192.168.34.11 | op=SEND_HEARTBEAT {datanodeUUID=7b18dc38-9e45-4799-92bc-3e52050f2105, command=[]} | ret=SUCCESS |  
2019-08-23 10:04:38,969 | INFO  | SCMAudit | user=jenkins1000 | ip=192.168.34.11 | op=SEND_HEARTBEAT {datanodeUUID=c59437e1-9416-4eae-8424-f47ceed6fd18, command=[]} | ret=SUCCESS |  
2019-08-23 10:04:38,970 | INFO  | SCMAudit | user=jenkins1000 | ip=192.168.34.11 | op=SEND_HEARTBEAT {datanodeUUID=2d79817c-83ab-4b4b-a173-9d1d58553336, command=[]} | ret=SUCCESS |  
2019-08-23 10:04:39,011 [Thread-3382] INFO  impl.FollowerState (FollowerState.java:run(106)) - c59437e1-9416-4eae-8424-f47ceed6fd18:group-ABF59B3ADCDE changes to CANDIDATE, lastRpcTime:9885, electionTimeout:5150ms
2019-08-23 10:04:39,011 [Thread-3382] INFO  impl.RoleInfo (RoleInfo.java:shutdownFollowerState(121)) - c59437e1-9416-4eae-8424-f47ceed6fd18: shutdown FollowerState
2019-08-23 10:04:39,012 [Thread-3382] INFO  impl.RaftServerImpl (RaftServerImpl.java:setRole(171)) - c59437e1-9416-4eae-8424-f47ceed6fd18:group-ABF59B3ADCDE changes role from FOLLOWER to CANDIDATE at term 1 for changeToCandidate
2019-08-23 10:04:39,012 [Thread-3382] INFO  impl.RoleInfo (RoleInfo.java:updateAndGet(143)) - c59437e1-9416-4eae-8424-f47ceed6fd18: start LeaderElection
2019-08-23 10:04:39,016 [c59437e1-9416-4eae-8424-f47ceed6fd18:group-ABF59B3ADCDE:LeaderElection69] INFO  impl.RaftServerImpl (ServerState.java:setLeader(263)) - c59437e1-9416-4eae-8424-f47ceed6fd18:group-ABF59B3ADCDE change Leader from 2e3457a7-9f76-45fb-9b7b-9eb45e0d8c5c to null at term 1 for initElection
2019-08-23 10:04:39,030 [c59437e1-9416-4eae-8424-f47ceed6fd18:group-ABF59B3ADCDE:LeaderElection69] INFO  impl.LeaderElection (LeaderElection.java:askForVotes(181)) - c59437e1-9416-4eae-8424-f47ceed6fd18:group-ABF59B3ADCDE:LeaderElection69: begin an election at term 2 for 0: [2d79817c-83ab-4b4b-a173-9d1d58553336:192.168.34.11:36277, c59437e1-9416-4eae-8424-f47ceed6fd18:192.168.34.11:33751, 2e3457a7-9f76-45fb-9b7b-9eb45e0d8c5c:192.168.34.11:36212], old=null
2019-08-23 10:04:39,033 [c59437e1-9416-4eae-8424-f47ceed6fd18:group-ABF59B3ADCDE:LeaderElection69] INFO  impl.LeaderElection (LogUtils.java:infoOrTrace(149)) - c59437e1-9416-4eae-8424-f47ceed6fd18:group-ABF59B3ADCDE:LeaderElection69 got exception when requesting votes: {}
java.util.concurrent.ExecutionException: org.apache.ratis.thirdparty.io.grpc.StatusRuntimeException: UNAVAILABLE: io exception
	at java.util.concurrent.FutureTask.report(FutureTask.java:122)
	at java.util.concurrent.FutureTask.get(FutureTask.java:192)
	at org.apache.ratis.server.impl.LeaderElection.waitForResults(LeaderElection.java:262)
	at org.apache.ratis.server.impl.LeaderElection.askForVotes(LeaderElection.java:200)
	at org.apache.ratis.server.impl.LeaderElection.run(LeaderElection.java:130)
	at java.lang.Thread.run(Thread.java:748)
Caused by: org.apache.ratis.thirdparty.io.grpc.StatusRuntimeException: UNAVAILABLE: io exception
	at org.apache.ratis.thirdparty.io.grpc.stub.ClientCalls.toStatusRuntimeException(ClientCalls.java:233)
	at org.apache.ratis.thirdparty.io.grpc.stub.ClientCalls.getUnchecked(ClientCalls.java:214)
	at org.apache.ratis.thirdparty.io.grpc.stub.ClientCalls.blockingUnaryCall(ClientCalls.java:139)
	at org.apache.ratis.proto.grpc.RaftServerProtocolServiceGrpc$RaftServerProtocolServiceBlockingStub.requestVote(RaftServerProtocolServiceGrpc.java:265)
	at org.apache.ratis.grpc.server.GrpcServerProtocolClient.requestVote(GrpcServerProtocolClient.java:83)
	at org.apache.ratis.grpc.server.GrpcService.requestVote(GrpcService.java:195)
	at org.apache.ratis.server.impl.LeaderElection.lambda$submitRequests$1(LeaderElection.java:237)
	at java.util.concurrent.FutureTask.run(FutureTask.java:266)
	at java.util.concurrent.Executors$RunnableAdapter.call(Executors.java:511)
	at java.util.concurrent.FutureTask.run(FutureTask.java:266)
	at java.util.concurrent.ThreadPoolExecutor.runWorker(ThreadPoolExecutor.java:1149)
	at java.util.concurrent.ThreadPoolExecutor$Worker.run(ThreadPoolExecutor.java:624)
	... 1 more
Caused by: org.apache.ratis.thirdparty.io.netty.channel.AbstractChannel$AnnotatedConnectException: Connection refused: /192.168.34.11:36212
	at sun.nio.ch.SocketChannelImpl.checkConnect(Native Method)
	at sun.nio.ch.SocketChannelImpl.finishConnect(SocketChannelImpl.java:717)
	at org.apache.ratis.thirdparty.io.netty.channel.socket.nio.NioSocketChannel.doFinishConnect(NioSocketChannel.java:327)
	at org.apache.ratis.thirdparty.io.netty.channel.nio.AbstractNioChannel$AbstractNioUnsafe.finishConnect(AbstractNioChannel.java:340)
	at org.apache.ratis.thirdparty.io.netty.channel.nio.NioEventLoop.processSelectedKey(NioEventLoop.java:632)
	at org.apache.ratis.thirdparty.io.netty.channel.nio.NioEventLoop.processSelectedKeysOptimized(NioEventLoop.java:579)
	at org.apache.ratis.thirdparty.io.netty.channel.nio.NioEventLoop.processSelectedKeys(NioEventLoop.java:496)
	at org.apache.ratis.thirdparty.io.netty.channel.nio.NioEventLoop.run(NioEventLoop.java:458)
	at org.apache.ratis.thirdparty.io.netty.util.concurrent.SingleThreadEventExecutor$5.run(SingleThreadEventExecutor.java:897)
	at org.apache.ratis.thirdparty.io.netty.util.concurrent.FastThreadLocalRunnable.run(FastThreadLocalRunnable.java:30)
	... 1 more
Caused by: java.net.ConnectException: Connection refused
	... 11 more
2019-08-23 10:04:39,037 [grpc-default-executor-4] INFO  impl.RaftServerImpl (ServerState.java:setLeader(263)) - 2d79817c-83ab-4b4b-a173-9d1d58553336:group-ABF59B3ADCDE change Leader from 2e3457a7-9f76-45fb-9b7b-9eb45e0d8c5c to null at term 2 for updateCurrentTerm
2019-08-23 10:04:39,037 [grpc-default-executor-4] INFO  impl.RaftServerImpl (RaftServerImpl.java:setRole(171)) - 2d79817c-83ab-4b4b-a173-9d1d58553336:group-ABF59B3ADCDE changes role from FOLLOWER to FOLLOWER at term 2 for recognizeCandidate:c59437e1-9416-4eae-8424-f47ceed6fd18
2019-08-23 10:04:39,038 [grpc-default-executor-4] INFO  impl.RoleInfo (RoleInfo.java:shutdownFollowerState(121)) - 2d79817c-83ab-4b4b-a173-9d1d58553336: shutdown FollowerState
2019-08-23 10:04:39,038 [grpc-default-executor-4] INFO  impl.RoleInfo (RoleInfo.java:updateAndGet(143)) - 2d79817c-83ab-4b4b-a173-9d1d58553336: start FollowerState
2019-08-23 10:04:39,038 [Thread-3383] INFO  impl.FollowerState (FollowerState.java:run(114)) - 2d79817c-83ab-4b4b-a173-9d1d58553336: FollowerState was interrupted: java.lang.InterruptedException: sleep interrupted
2019-08-23 10:04:39,058 [c59437e1-9416-4eae-8424-f47ceed6fd18:group-ABF59B3ADCDE:LeaderElection69] INFO  impl.LeaderElection (LeaderElection.java:logAndReturn(56)) - c59437e1-9416-4eae-8424-f47ceed6fd18:group-ABF59B3ADCDE:LeaderElection69: Election PASSED; received 1 response(s) [c59437e1-9416-4eae-8424-f47ceed6fd18<-2d79817c-83ab-4b4b-a173-9d1d58553336#0:OK-t2] and 1 exception(s); c59437e1-9416-4eae-8424-f47ceed6fd18:t2, leader=null, voted=c59437e1-9416-4eae-8424-f47ceed6fd18, raftlog=c59437e1-9416-4eae-8424-f47ceed6fd18-SegmentedRaftLog:OPENED:c16,f16,i16, conf=0: [2d79817c-83ab-4b4b-a173-9d1d58553336:192.168.34.11:36277, c59437e1-9416-4eae-8424-f47ceed6fd18:192.168.34.11:33751, 2e3457a7-9f76-45fb-9b7b-9eb45e0d8c5c:192.168.34.11:36212], old=null
2019-08-23 10:04:39,058 [c59437e1-9416-4eae-8424-f47ceed6fd18:group-ABF59B3ADCDE:LeaderElection69] INFO  impl.LeaderElection (LogUtils.java:infoOrTrace(149)) -   Exception 0: {}
java.util.concurrent.ExecutionException: org.apache.ratis.thirdparty.io.grpc.StatusRuntimeException: UNAVAILABLE: io exception
	at java.util.concurrent.FutureTask.report(FutureTask.java:122)
	at java.util.concurrent.FutureTask.get(FutureTask.java:192)
	at org.apache.ratis.server.impl.LeaderElection.waitForResults(LeaderElection.java:262)
	at org.apache.ratis.server.impl.LeaderElection.askForVotes(LeaderElection.java:200)
	at org.apache.ratis.server.impl.LeaderElection.run(LeaderElection.java:130)
	at java.lang.Thread.run(Thread.java:748)
Caused by: org.apache.ratis.thirdparty.io.grpc.StatusRuntimeException: UNAVAILABLE: io exception
	at org.apache.ratis.thirdparty.io.grpc.stub.ClientCalls.toStatusRuntimeException(ClientCalls.java:233)
	at org.apache.ratis.thirdparty.io.grpc.stub.ClientCalls.getUnchecked(ClientCalls.java:214)
	at org.apache.ratis.thirdparty.io.grpc.stub.ClientCalls.blockingUnaryCall(ClientCalls.java:139)
	at org.apache.ratis.proto.grpc.RaftServerProtocolServiceGrpc$RaftServerProtocolServiceBlockingStub.requestVote(RaftServerProtocolServiceGrpc.java:265)
	at org.apache.ratis.grpc.server.GrpcServerProtocolClient.requestVote(GrpcServerProtocolClient.java:83)
	at org.apache.ratis.grpc.server.GrpcService.requestVote(GrpcService.java:195)
	at org.apache.ratis.server.impl.LeaderElection.lambda$submitRequests$1(LeaderElection.java:237)
	at java.util.concurrent.FutureTask.run(FutureTask.java:266)
	at java.util.concurrent.Executors$RunnableAdapter.call(Executors.java:511)
	at java.util.concurrent.FutureTask.run(FutureTask.java:266)
	at java.util.concurrent.ThreadPoolExecutor.runWorker(ThreadPoolExecutor.java:1149)
	at java.util.concurrent.ThreadPoolExecutor$Worker.run(ThreadPoolExecutor.java:624)
	... 1 more
Caused by: org.apache.ratis.thirdparty.io.netty.channel.AbstractChannel$AnnotatedConnectException: Connection refused: /192.168.34.11:36212
	at sun.nio.ch.SocketChannelImpl.checkConnect(Native Method)
	at sun.nio.ch.SocketChannelImpl.finishConnect(SocketChannelImpl.java:717)
	at org.apache.ratis.thirdparty.io.netty.channel.socket.nio.NioSocketChannel.doFinishConnect(NioSocketChannel.java:327)
	at org.apache.ratis.thirdparty.io.netty.channel.nio.AbstractNioChannel$AbstractNioUnsafe.finishConnect(AbstractNioChannel.java:340)
	at org.apache.ratis.thirdparty.io.netty.channel.nio.NioEventLoop.processSelectedKey(NioEventLoop.java:632)
	at org.apache.ratis.thirdparty.io.netty.channel.nio.NioEventLoop.processSelectedKeysOptimized(NioEventLoop.java:579)
	at org.apache.ratis.thirdparty.io.netty.channel.nio.NioEventLoop.processSelectedKeys(NioEventLoop.java:496)
	at org.apache.ratis.thirdparty.io.netty.channel.nio.NioEventLoop.run(NioEventLoop.java:458)
	at org.apache.ratis.thirdparty.io.netty.util.concurrent.SingleThreadEventExecutor$5.run(SingleThreadEventExecutor.java:897)
	at org.apache.ratis.thirdparty.io.netty.util.concurrent.FastThreadLocalRunnable.run(FastThreadLocalRunnable.java:30)
	... 1 more
Caused by: java.net.ConnectException: Connection refused
	... 11 more
2019-08-23 10:04:39,058 [c59437e1-9416-4eae-8424-f47ceed6fd18:group-ABF59B3ADCDE:LeaderElection69] INFO  impl.RoleInfo (RoleInfo.java:shutdownLeaderElection(134)) - c59437e1-9416-4eae-8424-f47ceed6fd18: shutdown LeaderElection
2019-08-23 10:04:39,059 [c59437e1-9416-4eae-8424-f47ceed6fd18:group-ABF59B3ADCDE:LeaderElection69] INFO  impl.RaftServerImpl (RaftServerImpl.java:setRole(171)) - c59437e1-9416-4eae-8424-f47ceed6fd18:group-ABF59B3ADCDE changes role from CANDIDATE to LEADER at term 2 for changeToLeader
2019-08-23 10:04:39,059 [c59437e1-9416-4eae-8424-f47ceed6fd18:group-ABF59B3ADCDE:LeaderElection69] INFO  impl.RaftServerImpl (ServerState.java:setLeader(263)) - c59437e1-9416-4eae-8424-f47ceed6fd18:group-ABF59B3ADCDE change Leader from null to c59437e1-9416-4eae-8424-f47ceed6fd18 at term 2 for becomeLeader, leader elected after 42ms
2019-08-23 10:04:39,059 [c59437e1-9416-4eae-8424-f47ceed6fd18:group-ABF59B3ADCDE:LeaderElection69] INFO  server.RaftServerConfigKeys (ConfUtils.java:logGet(43)) - raft.server.staging.catchup.gap = 1000 (default)
2019-08-23 10:04:39,059 [c59437e1-9416-4eae-8424-f47ceed6fd18:group-ABF59B3ADCDE:LeaderElection69] INFO  server.RaftServerConfigKeys (ConfUtils.java:logGet(43)) - raft.server.rpc.sleep.time = 25ms (default)
2019-08-23 10:04:39,059 [c59437e1-9416-4eae-8424-f47ceed6fd18:group-ABF59B3ADCDE:LeaderElection69] INFO  server.RaftServerConfigKeys (ConfUtils.java:logGet(43)) - raft.server.write.element-limit = 4096 (default)
2019-08-23 10:04:39,060 [c59437e1-9416-4eae-8424-f47ceed6fd18:group-ABF59B3ADCDE:LeaderElection69] INFO  server.RaftServerConfigKeys (ConfUtils.java:logGet(43)) - raft.server.watch.timeout = 10s (default)
2019-08-23 10:04:39,060 [c59437e1-9416-4eae-8424-f47ceed6fd18:group-ABF59B3ADCDE:LeaderElection69] INFO  server.RaftServerConfigKeys (ConfUtils.java:logGet(43)) - raft.server.watch.timeout.denomination = 1s (default)
2019-08-23 10:04:39,060 [c59437e1-9416-4eae-8424-f47ceed6fd18:group-ABF59B3ADCDE:LeaderElection69] INFO  server.RaftServerConfigKeys (ConfUtils.java:logGet(43)) - raft.server.watch.element-limit = 65536 (default)
2019-08-23 10:04:39,060 [c59437e1-9416-4eae-8424-f47ceed6fd18:group-ABF59B3ADCDE:LeaderElection69] INFO  server.RaftServerConfigKeys (ConfUtils.java:logGet(43)) - raft.server.log.appender.snapshot.chunk.size.max = 16MB (=16777216) (default)
2019-08-23 10:04:39,060 [c59437e1-9416-4eae-8424-f47ceed6fd18:group-ABF59B3ADCDE:LeaderElection69] INFO  server.RaftServerConfigKeys (ConfUtils.java:logGet(43)) - raft.server.log.appender.buffer.byte-limit = 33554432 (custom)
2019-08-23 10:04:39,061 [c59437e1-9416-4eae-8424-f47ceed6fd18:group-ABF59B3ADCDE:LeaderElection69] INFO  server.RaftServerConfigKeys (ConfUtils.java:logGet(43)) - raft.server.log.appender.buffer.element-limit = 1 (custom)
2019-08-23 10:04:39,061 [c59437e1-9416-4eae-8424-f47ceed6fd18:group-ABF59B3ADCDE:LeaderElection69] INFO  grpc.GrpcConfigKeys$Server (ConfUtils.java:logGet(43)) - raft.grpc.server.leader.outstanding.appends.max = 128 (default)
2019-08-23 10:04:39,061 [c59437e1-9416-4eae-8424-f47ceed6fd18:group-ABF59B3ADCDE:LeaderElection69] INFO  server.RaftServerConfigKeys (ConfUtils.java:logGet(43)) - raft.server.rpc.request.timeout = 3000ms (default)
2019-08-23 10:04:39,061 [c59437e1-9416-4eae-8424-f47ceed6fd18:group-ABF59B3ADCDE:LeaderElection69] INFO  server.RaftServerConfigKeys (ConfUtils.java:logGet(43)) - raft.server.log.appender.install.snapshot.enabled = false (custom)
2019-08-23 10:04:39,061 [c59437e1-9416-4eae-8424-f47ceed6fd18:group-ABF59B3ADCDE:LeaderElection69] INFO  server.RaftServerConfigKeys (ConfUtils.java:logGet(43)) - raft.server.log.appender.snapshot.chunk.size.max = 16MB (=16777216) (default)
2019-08-23 10:04:39,062 [c59437e1-9416-4eae-8424-f47ceed6fd18:group-ABF59B3ADCDE:LeaderElection69] INFO  server.RaftServerConfigKeys (ConfUtils.java:logGet(43)) - raft.server.log.appender.buffer.byte-limit = 33554432 (custom)
2019-08-23 10:04:39,062 [c59437e1-9416-4eae-8424-f47ceed6fd18:group-ABF59B3ADCDE:LeaderElection69] INFO  server.RaftServerConfigKeys (ConfUtils.java:logGet(43)) - raft.server.log.appender.buffer.element-limit = 1 (custom)
2019-08-23 10:04:39,062 [c59437e1-9416-4eae-8424-f47ceed6fd18:group-ABF59B3ADCDE:LeaderElection69] INFO  grpc.GrpcConfigKeys$Server (ConfUtils.java:logGet(43)) - raft.grpc.server.leader.outstanding.appends.max = 128 (default)
2019-08-23 10:04:39,062 [c59437e1-9416-4eae-8424-f47ceed6fd18:group-ABF59B3ADCDE:LeaderElection69] INFO  server.RaftServerConfigKeys (ConfUtils.java:logGet(43)) - raft.server.rpc.request.timeout = 3000ms (default)
2019-08-23 10:04:39,062 [c59437e1-9416-4eae-8424-f47ceed6fd18:group-ABF59B3ADCDE:LeaderElection69] INFO  server.RaftServerConfigKeys (ConfUtils.java:logGet(43)) - raft.server.log.appender.install.snapshot.enabled = false (custom)
2019-08-23 10:04:39,063 [c59437e1-9416-4eae-8424-f47ceed6fd18:group-ABF59B3ADCDE:LeaderElection69] INFO  impl.RoleInfo (RoleInfo.java:updateAndGet(143)) - c59437e1-9416-4eae-8424-f47ceed6fd18: start LeaderState
2019-08-23 10:04:39,063 [c59437e1-9416-4eae-8424-f47ceed6fd18:group-ABF59B3ADCDE:LeaderElection69] INFO  segmented.SegmentedRaftLogWorker (SegmentedRaftLogWorker.java:rollLogSegment(385)) - c59437e1-9416-4eae-8424-f47ceed6fd18-SegmentedRaftLogWorker:Storage Directory /workdir/hadoop-ozone/integration-test/target/test-dir/MiniOzoneClusterImpl-e3530e56-8be5-4e35-b41d-e6108e761a1d/datanode-4/data/ratis/0c6786e4-2b14-4615-83b9-abf59b3adcde: Rolling segment log-0_16 to index:16
2019-08-23 10:04:39,065 [c59437e1-9416-4eae-8424-f47ceed6fd18:group-ABF59B3ADCDE:LeaderElection69] INFO  impl.RaftServerImpl (ServerState.java:setRaftConf(361)) - c59437e1-9416-4eae-8424-f47ceed6fd18:group-ABF59B3ADCDE set configuration 17: [2d79817c-83ab-4b4b-a173-9d1d58553336:192.168.34.11:36277, c59437e1-9416-4eae-8424-f47ceed6fd18:192.168.34.11:33751, 2e3457a7-9f76-45fb-9b7b-9eb45e0d8c5c:192.168.34.11:36212], old=null at 17
2019-08-23 10:04:39,066 [grpc-default-executor-4] WARN  server.GrpcLogAppender (LogUtils.java:warn(134)) - c59437e1-9416-4eae-8424-f47ceed6fd18->2e3457a7-9f76-45fb-9b7b-9eb45e0d8c5c: Failed appendEntries: org.apache.ratis.thirdparty.io.grpc.StatusRuntimeException: UNAVAILABLE: io exception
2019-08-23 10:04:39,066 [c59437e1-9416-4eae-8424-f47ceed6fd18-SegmentedRaftLogWorker:Storage Directory /workdir/hadoop-ozone/integration-test/target/test-dir/MiniOzoneClusterImpl-e3530e56-8be5-4e35-b41d-e6108e761a1d/datanode-4/data/ratis/0c6786e4-2b14-4615-83b9-abf59b3adcde] INFO  segmented.SegmentedRaftLogWorker (SegmentedRaftLogWorker.java:execute(526)) - c59437e1-9416-4eae-8424-f47ceed6fd18-SegmentedRaftLogWorker:Storage Directory /workdir/hadoop-ozone/integration-test/target/test-dir/MiniOzoneClusterImpl-e3530e56-8be5-4e35-b41d-e6108e761a1d/datanode-4/data/ratis/0c6786e4-2b14-4615-83b9-abf59b3adcde: Rolled log segment from /workdir/hadoop-ozone/integration-test/target/test-dir/MiniOzoneClusterImpl-e3530e56-8be5-4e35-b41d-e6108e761a1d/datanode-4/data/ratis/0c6786e4-2b14-4615-83b9-abf59b3adcde/current/log_inprogress_0 to /workdir/hadoop-ozone/integration-test/target/test-dir/MiniOzoneClusterImpl-e3530e56-8be5-4e35-b41d-e6108e761a1d/datanode-4/data/ratis/0c6786e4-2b14-4615-83b9-abf59b3adcde/current/log_0-16
2019-08-23 10:04:39,066 [grpc-default-executor-4] INFO  impl.FollowerInfo (FollowerInfo.java:lambda$new$0(50)) - c59437e1-9416-4eae-8424-f47ceed6fd18->2e3457a7-9f76-45fb-9b7b-9eb45e0d8c5c: nextIndex: updateUnconditionally 17 -> 1
2019-08-23 10:04:39,067 [grpc-default-executor-4] INFO  impl.RaftServerImpl (ServerState.java:setLeader(263)) - 2d79817c-83ab-4b4b-a173-9d1d58553336:group-ABF59B3ADCDE change Leader from null to c59437e1-9416-4eae-8424-f47ceed6fd18 at term 2 for appendEntries, leader elected after 29ms
2019-08-23 10:04:39,069 [grpc-default-executor-4] INFO  impl.RaftServerImpl (ServerState.java:setRaftConf(361)) - 2d79817c-83ab-4b4b-a173-9d1d58553336:group-ABF59B3ADCDE set configuration 17: [2d79817c-83ab-4b4b-a173-9d1d58553336:192.168.34.11:36277, c59437e1-9416-4eae-8424-f47ceed6fd18:192.168.34.11:33751, 2e3457a7-9f76-45fb-9b7b-9eb45e0d8c5c:192.168.34.11:36212], old=null at 17
2019-08-23 10:04:39,070 [grpc-default-executor-4] INFO  segmented.SegmentedRaftLogWorker (SegmentedRaftLogWorker.java:rollLogSegment(385)) - 2d79817c-83ab-4b4b-a173-9d1d58553336-SegmentedRaftLogWorker:Storage Directory /workdir/hadoop-ozone/integration-test/target/test-dir/MiniOzoneClusterImpl-e3530e56-8be5-4e35-b41d-e6108e761a1d/datanode-3/data/ratis/0c6786e4-2b14-4615-83b9-abf59b3adcde: Rolling segment log-0_16 to index:16
2019-08-23 10:04:39,071 [2d79817c-83ab-4b4b-a173-9d1d58553336-SegmentedRaftLogWorker:Storage Directory /workdir/hadoop-ozone/integration-test/target/test-dir/MiniOzoneClusterImpl-e3530e56-8be5-4e35-b41d-e6108e761a1d/datanode-3/data/ratis/0c6786e4-2b14-4615-83b9-abf59b3adcde] INFO  segmented.SegmentedRaftLogWorker (SegmentedRaftLogWorker.java:execute(526)) - 2d79817c-83ab-4b4b-a173-9d1d58553336-SegmentedRaftLogWorker:Storage Directory /workdir/hadoop-ozone/integration-test/target/test-dir/MiniOzoneClusterImpl-e3530e56-8be5-4e35-b41d-e6108e761a1d/datanode-3/data/ratis/0c6786e4-2b14-4615-83b9-abf59b3adcde: Rolled log segment from /workdir/hadoop-ozone/integration-test/target/test-dir/MiniOzoneClusterImpl-e3530e56-8be5-4e35-b41d-e6108e761a1d/datanode-3/data/ratis/0c6786e4-2b14-4615-83b9-abf59b3adcde/current/log_inprogress_0 to /workdir/hadoop-ozone/integration-test/target/test-dir/MiniOzoneClusterImpl-e3530e56-8be5-4e35-b41d-e6108e761a1d/datanode-3/data/ratis/0c6786e4-2b14-4615-83b9-abf59b3adcde/current/log_0-16
2019-08-23 10:04:39,119 [c59437e1-9416-4eae-8424-f47ceed6fd18-SegmentedRaftLogWorker:Storage Directory /workdir/hadoop-ozone/integration-test/target/test-dir/MiniOzoneClusterImpl-e3530e56-8be5-4e35-b41d-e6108e761a1d/datanode-4/data/ratis/0c6786e4-2b14-4615-83b9-abf59b3adcde] INFO  segmented.SegmentedRaftLogWorker (SegmentedRaftLogWorker.java:execute(569)) - c59437e1-9416-4eae-8424-f47ceed6fd18-SegmentedRaftLogWorker:Storage Directory /workdir/hadoop-ozone/integration-test/target/test-dir/MiniOzoneClusterImpl-e3530e56-8be5-4e35-b41d-e6108e761a1d/datanode-4/data/ratis/0c6786e4-2b14-4615-83b9-abf59b3adcde: created new log segment /workdir/hadoop-ozone/integration-test/target/test-dir/MiniOzoneClusterImpl-e3530e56-8be5-4e35-b41d-e6108e761a1d/datanode-4/data/ratis/0c6786e4-2b14-4615-83b9-abf59b3adcde/current/log_inprogress_17
2019-08-23 10:04:39,119 [2d79817c-83ab-4b4b-a173-9d1d58553336-SegmentedRaftLogWorker:Storage Directory /workdir/hadoop-ozone/integration-test/target/test-dir/MiniOzoneClusterImpl-e3530e56-8be5-4e35-b41d-e6108e761a1d/datanode-3/data/ratis/0c6786e4-2b14-4615-83b9-abf59b3adcde] INFO  segmented.SegmentedRaftLogWorker (SegmentedRaftLogWorker.java:execute(569)) - 2d79817c-83ab-4b4b-a173-9d1d58553336-SegmentedRaftLogWorker:Storage Directory /workdir/hadoop-ozone/integration-test/target/test-dir/MiniOzoneClusterImpl-e3530e56-8be5-4e35-b41d-e6108e761a1d/datanode-3/data/ratis/0c6786e4-2b14-4615-83b9-abf59b3adcde: created new log segment /workdir/hadoop-ozone/integration-test/target/test-dir/MiniOzoneClusterImpl-e3530e56-8be5-4e35-b41d-e6108e761a1d/datanode-3/data/ratis/0c6786e4-2b14-4615-83b9-abf59b3adcde/current/log_inprogress_17
2019-08-23 10:04:39,134 | INFO  | DNAudit | user=null | ip=null | op=READ_CHUNK {blockData=conID: 1 locID: 102665726179672078 bcsId: 0} | ret=SUCCESS |  
2019-08-23 10:04:39,137 [grpc-default-executor-4] WARN  server.GrpcLogAppender (LogUtils.java:warn(134)) - c59437e1-9416-4eae-8424-f47ceed6fd18->2e3457a7-9f76-45fb-9b7b-9eb45e0d8c5c: Failed appendEntries: org.apache.ratis.thirdparty.io.grpc.StatusRuntimeException: UNAVAILABLE: io exception
2019-08-23 10:04:39,138 [grpc-default-executor-4] INFO  impl.FollowerInfo (FollowerInfo.java:lambda$new$0(50)) - c59437e1-9416-4eae-8424-f47ceed6fd18->2e3457a7-9f76-45fb-9b7b-9eb45e0d8c5c: nextIndex: updateUnconditionally 2 -> 1
2019-08-23 10:04:39,154 | INFO  | SCMAudit | user=jenkins1000 | ip=192.168.34.11 | op=SEND_HEARTBEAT {datanodeUUID=b7c5b48b-9294-4513-a286-a41a16d1a2cb, command=[]} | ret=SUCCESS |  
2019-08-23 10:04:39,341 | INFO  | SCMAudit | user=jenkins1000 | ip=192.168.34.11 | op=SEND_HEARTBEAT {datanodeUUID=c9e7da90-c5a5-4808-9794-4305bac07bb7, command=[]} | ret=SUCCESS |  
2019-08-23 10:04:39,391 [grpc-default-executor-4] INFO  client.GrpcClientProtocolClient (GrpcClientProtocolClient.java:onNext(255)) - client-527843A26F49->2d79817c-83ab-4b4b-a173-9d1d58553336: receive RaftClientReply:client-527843A26F49->2d79817c-83ab-4b4b-a173-9d1d58553336@group-ABF59B3ADCDE, cid=177, FAILED org.apache.ratis.protocol.NotLeaderException: Server 2d79817c-83ab-4b4b-a173-9d1d58553336 is not the leader (c59437e1-9416-4eae-8424-f47ceed6fd18:192.168.34.11:33751). Request must be sent to leader., logIndex=0, commits[2d79817c-83ab-4b4b-a173-9d1d58553336:c17, c59437e1-9416-4eae-8424-f47ceed6fd18:c17, 2e3457a7-9f76-45fb-9b7b-9eb45e0d8c5c:c16]
2019-08-23 10:04:39,406 | ERROR | DNAudit | user=null | ip=null | op=WRITE_CHUNK {blockData=conID: 1 locID: 102665726179672078 bcsId: 14} | ret=FAILURE | org.apache.hadoop.hdds.scm.container.common.helpers.ContainerNotOpenException: Container 1 in CLOSING state
	at org.apache.hadoop.ozone.container.common.impl.HddsDispatcher.validateContainerCommand(HddsDispatcher.java:408)
	at org.apache.hadoop.ozone.container.common.transport.server.ratis.ContainerStateMachine.startTransaction(ContainerStateMachine.java:309) 
2019-08-23 10:04:39,417 [grpc-default-executor-4] INFO  client.GrpcClientProtocolClient (GrpcClientProtocolClient.java:onNext(255)) - client-527843A26F49->c59437e1-9416-4eae-8424-f47ceed6fd18: receive RaftClientReply:client-527843A26F49->c59437e1-9416-4eae-8424-f47ceed6fd18@group-ABF59B3ADCDE, cid=177, FAILED org.apache.ratis.protocol.StateMachineException: org.apache.hadoop.hdds.scm.container.common.helpers.ContainerNotOpenException from Server c59437e1-9416-4eae-8424-f47ceed6fd18: Container 1 in CLOSING state, logIndex=0, commits[c59437e1-9416-4eae-8424-f47ceed6fd18:c18, 2d79817c-83ab-4b4b-a173-9d1d58553336:c17, 2e3457a7-9f76-45fb-9b7b-9eb45e0d8c5c:c16]
2019-08-23 10:04:39,418 | ERROR | DNAudit | user=null | ip=null | op=WRITE_CHUNK {blockData=conID: 1 locID: 102665726179672078 bcsId: 14} | ret=FAILURE | org.apache.hadoop.hdds.scm.container.common.helpers.ContainerNotOpenException: Container 1 in CLOSING state
	at org.apache.hadoop.ozone.container.common.impl.HddsDispatcher.validateContainerCommand(HddsDispatcher.java:408)
	at org.apache.hadoop.ozone.container.common.transport.server.ratis.ContainerStateMachine.startTransaction(ContainerStateMachine.java:309) 
2019-08-23 10:04:39,419 | ERROR | DNAudit | user=null | ip=null | op=PUT_BLOCK {blockData=[blockId=conID: 1 locID: 102665726179672078 bcsId: 0,size=650]} | ret=FAILURE | org.apache.hadoop.hdds.scm.container.common.helpers.ContainerNotOpenException: Container 1 in CLOSING state
	at org.apache.hadoop.ozone.container.common.impl.HddsDispatcher.validateContainerCommand(HddsDispatcher.java:408)
	at org.apache.hadoop.ozone.container.common.transport.server.ratis.ContainerStateMachine.startTransaction(ContainerStateMachine.java:309) 
2019-08-23 10:04:39,429 [grpc-default-executor-4] INFO  client.GrpcClientProtocolClient (GrpcClientProtocolClient.java:onNext(255)) - client-527843A26F49->c59437e1-9416-4eae-8424-f47ceed6fd18: receive RaftClientReply:client-527843A26F49->c59437e1-9416-4eae-8424-f47ceed6fd18@group-ABF59B3ADCDE, cid=178, FAILED org.apache.ratis.protocol.StateMachineException: org.apache.hadoop.hdds.scm.container.common.helpers.ContainerNotOpenException from Server c59437e1-9416-4eae-8424-f47ceed6fd18: Container 1 in CLOSING state, logIndex=0, commits[c59437e1-9416-4eae-8424-f47ceed6fd18:c18, 2d79817c-83ab-4b4b-a173-9d1d58553336:c17, 2e3457a7-9f76-45fb-9b7b-9eb45e0d8c5c:c16]
2019-08-23 10:04:39,429 | ERROR | DNAudit | user=null | ip=null | op=WRITE_CHUNK {blockData=conID: 1 locID: 102665726179672078 bcsId: 14} | ret=FAILURE | org.apache.hadoop.hdds.scm.container.common.helpers.ContainerNotOpenException: Container 1 in CLOSING state
	at org.apache.hadoop.ozone.container.common.impl.HddsDispatcher.validateContainerCommand(HddsDispatcher.java:408)
	at org.apache.hadoop.ozone.container.common.transport.server.ratis.ContainerStateMachine.startTransaction(ContainerStateMachine.java:309) 
2019-08-23 10:04:39,430 [grpc-default-executor-4] INFO  client.GrpcClientProtocolClient (GrpcClientProtocolClient.java:onNext(255)) - client-527843A26F49->c59437e1-9416-4eae-8424-f47ceed6fd18: receive RaftClientReply:client-527843A26F49->c59437e1-9416-4eae-8424-f47ceed6fd18@group-ABF59B3ADCDE, cid=179, FAILED org.apache.ratis.protocol.StateMachineException: org.apache.hadoop.hdds.scm.container.common.helpers.ContainerNotOpenException from Server c59437e1-9416-4eae-8424-f47ceed6fd18: Container 1 in CLOSING state, logIndex=0, commits[c59437e1-9416-4eae-8424-f47ceed6fd18:c18, 2d79817c-83ab-4b4b-a173-9d1d58553336:c17, 2e3457a7-9f76-45fb-9b7b-9eb45e0d8c5c:c16]
2019-08-23 10:04:39,430 | ERROR | DNAudit | user=null | ip=null | op=WRITE_CHUNK {blockData=conID: 1 locID: 102665726179672078 bcsId: 14} | ret=FAILURE | org.apache.hadoop.hdds.scm.container.common.helpers.ContainerNotOpenException: Container 1 in CLOSING state
	at org.apache.hadoop.ozone.container.common.impl.HddsDispatcher.validateContainerCommand(HddsDispatcher.java:408)
	at org.apache.hadoop.ozone.container.common.transport.server.ratis.ContainerStateMachine.startTransaction(ContainerStateMachine.java:309) 
2019-08-23 10:04:39,438 [grpc-default-executor-4] INFO  client.GrpcClientProtocolClient (GrpcClientProtocolClient.java:onNext(255)) - client-527843A26F49->c59437e1-9416-4eae-8424-f47ceed6fd18: receive RaftClientReply:client-527843A26F49->c59437e1-9416-4eae-8424-f47ceed6fd18@group-ABF59B3ADCDE, cid=180, FAILED org.apache.ratis.protocol.StateMachineException: org.apache.hadoop.hdds.scm.container.common.helpers.ContainerNotOpenException from Server c59437e1-9416-4eae-8424-f47ceed6fd18: Container 1 in CLOSING state, logIndex=0, commits[c59437e1-9416-4eae-8424-f47ceed6fd18:c18, 2d79817c-83ab-4b4b-a173-9d1d58553336:c17, 2e3457a7-9f76-45fb-9b7b-9eb45e0d8c5c:c16]
2019-08-23 10:04:39,438 | ERROR | DNAudit | user=null | ip=null | op=PUT_BLOCK {blockData=[blockId=conID: 1 locID: 102665726179672078 bcsId: 0,size=800]} | ret=FAILURE | org.apache.hadoop.hdds.scm.container.common.helpers.ContainerNotOpenException: Container 1 in CLOSING state
	at org.apache.hadoop.ozone.container.common.impl.HddsDispatcher.validateContainerCommand(HddsDispatcher.java:408)
	at org.apache.hadoop.ozone.container.common.transport.server.ratis.ContainerStateMachine.startTransaction(ContainerStateMachine.java:309) 
2019-08-23 10:04:39,448 [grpc-default-executor-4] INFO  client.GrpcClientProtocolClient (GrpcClientProtocolClient.java:onNext(255)) - client-527843A26F49->c59437e1-9416-4eae-8424-f47ceed6fd18: receive RaftClientReply:client-527843A26F49->c59437e1-9416-4eae-8424-f47ceed6fd18@group-ABF59B3ADCDE, cid=181, FAILED org.apache.ratis.protocol.StateMachineException: org.apache.hadoop.hdds.scm.container.common.helpers.ContainerNotOpenException from Server c59437e1-9416-4eae-8424-f47ceed6fd18: Container 1 in CLOSING state, logIndex=0, commits[c59437e1-9416-4eae-8424-f47ceed6fd18:c18, 2d79817c-83ab-4b4b-a173-9d1d58553336:c17, 2e3457a7-9f76-45fb-9b7b-9eb45e0d8c5c:c16]
2019-08-23 10:04:39,450 [grpc-default-executor-4] INFO  client.GrpcClientProtocolClient (GrpcClientProtocolClient.java:onNext(255)) - client-527843A26F49->c59437e1-9416-4eae-8424-f47ceed6fd18: receive RaftClientReply:client-527843A26F49->c59437e1-9416-4eae-8424-f47ceed6fd18@group-ABF59B3ADCDE, cid=182, FAILED org.apache.ratis.protocol.StateMachineException: org.apache.hadoop.hdds.scm.container.common.helpers.ContainerNotOpenException from Server c59437e1-9416-4eae-8424-f47ceed6fd18: Container 1 in CLOSING state, logIndex=0, commits[c59437e1-9416-4eae-8424-f47ceed6fd18:c18, 2d79817c-83ab-4b4b-a173-9d1d58553336:c17, 2e3457a7-9f76-45fb-9b7b-9eb45e0d8c5c:c16]
2019-08-23 10:04:39,483 | INFO  | SCMAudit | user=jenkins1000 | ip=192.168.34.11 | op=ALLOCATE_BLOCK {owner=180057bc-27db-475a-82ce-fa751199e8b4, size=800, type=RATIS, factor=THREE} | ret=SUCCESS |  
2019-08-23 10:04:39,485 | INFO  | OMAudit | user=jenkins1000 | ip=127.0.0.1 | op=ALLOCATE_BLOCK {volume=testblockoutputstream, bucket=testblockoutputstream, key=692ce2ef-ee03-45c8-90e2-92dc92bdfb4c, dataSize=0, replicationType=null, replicationFactor=null, keyLocationInfo=null, clientID=102665726179475469} | ret=SUCCESS |  
2019-08-23 10:04:39,496 [grpc-default-executor-8] INFO  client.GrpcClientProtocolClient (GrpcClientProtocolClient.java:onNext(255)) - client-FB39C292749E->02fdabdd-783b-4687-aaad-f4e6848c1dc1: receive RaftClientReply:client-FB39C292749E->02fdabdd-783b-4687-aaad-f4e6848c1dc1@group-65AFFC1408D5, cid=183, FAILED org.apache.ratis.protocol.NotLeaderException: Server 02fdabdd-783b-4687-aaad-f4e6848c1dc1 is not the leader (c9e7da90-c5a5-4808-9794-4305bac07bb7:192.168.34.11:34916). Request must be sent to leader., logIndex=0, commits[02fdabdd-783b-4687-aaad-f4e6848c1dc1:c0, b7c5b48b-9294-4513-a286-a41a16d1a2cb:c0, c9e7da90-c5a5-4808-9794-4305bac07bb7:c0]
2019-08-23 10:04:39,557 | INFO  | SCMAudit | user=jenkins1000 | ip=192.168.34.11 | op=SEND_HEARTBEAT {datanodeUUID=02fdabdd-783b-4687-aaad-f4e6848c1dc1, command=[]} | ret=SUCCESS |  
2019-08-23 10:04:39,633 | INFO  | DNAudit | user=null | ip=null | op=WRITE_CHUNK {blockData=conID: 2 locID: 102665727474597903 bcsId: 0} | ret=SUCCESS |  
2019-08-23 10:04:39,634 | INFO  | DNAudit | user=null | ip=null | op=WRITE_CHUNK {blockData=conID: 2 locID: 102665727474597903 bcsId: 0} | ret=SUCCESS |  
2019-08-23 10:04:39,634 | INFO  | DNAudit | user=null | ip=null | op=WRITE_CHUNK {blockData=conID: 2 locID: 102665727474597903 bcsId: 0} | ret=SUCCESS |  
2019-08-23 10:04:39,634 | INFO  | SCMAudit | user=jenkins1000 | ip=192.168.34.11 | op=SEND_HEARTBEAT {datanodeUUID=c9e7da90-c5a5-4808-9794-4305bac07bb7, command=[]} | ret=SUCCESS |  
2019-08-23 10:04:39,634 | INFO  | SCMAudit | user=jenkins1000 | ip=192.168.34.11 | op=SEND_HEARTBEAT {datanodeUUID=02fdabdd-783b-4687-aaad-f4e6848c1dc1, command=[]} | ret=SUCCESS |  
2019-08-23 10:04:39,634 | INFO  | SCMAudit | user=jenkins1000 | ip=192.168.34.11 | op=SEND_HEARTBEAT {datanodeUUID=b7c5b48b-9294-4513-a286-a41a16d1a2cb, command=[]} | ret=SUCCESS |  
2019-08-23 10:04:39,648 | INFO  | DNAudit | user=null | ip=null | op=WRITE_CHUNK {blockData=conID: 2 locID: 102665727474597903 bcsId: 0} | ret=SUCCESS |  
2019-08-23 10:04:39,654 [grpc-default-executor-8] INFO  client.GrpcClientProtocolClient (GrpcClientProtocolClient.java:onNext(255)) - client-FB39C292749E->c9e7da90-c5a5-4808-9794-4305bac07bb7: receive RaftClientReply:client-FB39C292749E->c9e7da90-c5a5-4808-9794-4305bac07bb7@group-65AFFC1408D5, cid=183, SUCCESS, logIndex=1, commits[c9e7da90-c5a5-4808-9794-4305bac07bb7:c1, 02fdabdd-783b-4687-aaad-f4e6848c1dc1:c0, b7c5b48b-9294-4513-a286-a41a16d1a2cb:c0]
2019-08-23 10:04:39,656 | INFO  | DNAudit | user=null | ip=null | op=WRITE_CHUNK {blockData=conID: 2 locID: 102665727474597903 bcsId: 0} | ret=SUCCESS |  
2019-08-23 10:04:39,660 | INFO  | DNAudit | user=null | ip=null | op=WRITE_CHUNK {blockData=conID: 2 locID: 102665727474597903 bcsId: 0} | ret=SUCCESS |  
2019-08-23 10:04:39,660 | INFO  | DNAudit | user=null | ip=null | op=WRITE_CHUNK {blockData=conID: 2 locID: 102665727474597903 bcsId: 0} | ret=SUCCESS |  
2019-08-23 10:04:39,660 | INFO  | DNAudit | user=null | ip=null | op=WRITE_CHUNK {blockData=conID: 2 locID: 102665727474597903 bcsId: 0} | ret=SUCCESS |  
2019-08-23 10:04:39,661 | INFO  | DNAudit | user=null | ip=null | op=WRITE_CHUNK {blockData=conID: 2 locID: 102665727474597903 bcsId: 0} | ret=SUCCESS |  
2019-08-23 10:04:39,661 | INFO  | DNAudit | user=null | ip=null | op=WRITE_CHUNK {blockData=conID: 2 locID: 102665727474597903 bcsId: 0} | ret=SUCCESS |  
2019-08-23 10:04:39,661 | INFO  | DNAudit | user=null | ip=null | op=WRITE_CHUNK {blockData=conID: 2 locID: 102665727474597903 bcsId: 0} | ret=SUCCESS |  
2019-08-23 10:04:39,662 | INFO  | DNAudit | user=null | ip=null | op=WRITE_CHUNK {blockData=conID: 2 locID: 102665727474597903 bcsId: 0} | ret=SUCCESS |  
2019-08-23 10:04:39,662 | INFO  | DNAudit | user=null | ip=null | op=WRITE_CHUNK {blockData=conID: 2 locID: 102665727474597903 bcsId: 0} | ret=SUCCESS |  
2019-08-23 10:04:39,662 | INFO  | SCMAudit | user=jenkins1000 | ip=192.168.34.11 | op=SEND_HEARTBEAT {datanodeUUID=7b18dc38-9e45-4799-92bc-3e52050f2105, command=[]} | ret=SUCCESS |  
2019-08-23 10:04:39,663 | INFO  | DNAudit | user=null | ip=null | op=WRITE_CHUNK {blockData=conID: 2 locID: 102665727474597903 bcsId: 0} | ret=SUCCESS |  
2019-08-23 10:04:39,663 | INFO  | DNAudit | user=null | ip=null | op=WRITE_CHUNK {blockData=conID: 2 locID: 102665727474597903 bcsId: 0} | ret=SUCCESS |  
2019-08-23 10:04:39,676 | INFO  | DNAudit | user=null | ip=null | op=WRITE_CHUNK {blockData=conID: 2 locID: 102665727474597903 bcsId: 0} | ret=SUCCESS |  
2019-08-23 10:04:39,679 [grpc-default-executor-8] INFO  client.GrpcClientProtocolClient (GrpcClientProtocolClient.java:onNext(255)) - client-FB39C292749E->c9e7da90-c5a5-4808-9794-4305bac07bb7: receive RaftClientReply:client-FB39C292749E->c9e7da90-c5a5-4808-9794-4305bac07bb7@group-65AFFC1408D5, cid=184, SUCCESS, logIndex=3, commits[c9e7da90-c5a5-4808-9794-4305bac07bb7:c7, 02fdabdd-783b-4687-aaad-f4e6848c1dc1:c1, b7c5b48b-9294-4513-a286-a41a16d1a2cb:c1]
2019-08-23 10:04:39,689 | INFO  | DNAudit | user=null | ip=null | op=WRITE_CHUNK {blockData=conID: 2 locID: 102665727474597903 bcsId: 0} | ret=SUCCESS |  
2019-08-23 10:04:39,691 | INFO  | DNAudit | user=null | ip=null | op=WRITE_CHUNK {blockData=conID: 2 locID: 102665727474597903 bcsId: 0} | ret=SUCCESS |  
2019-08-23 10:04:39,721 | INFO  | DNAudit | user=null | ip=null | op=PUT_BLOCK {blockData=[blockId=conID: 2 locID: 102665727474597903 bcsId: 0,size=200]} | ret=SUCCESS |  
2019-08-23 10:04:39,721 | INFO  | DNAudit | user=null | ip=null | op=WRITE_CHUNK {blockData=conID: 2 locID: 102665727474597903 bcsId: 0} | ret=SUCCESS |  
2019-08-23 10:04:39,722 [grpc-default-executor-8] INFO  client.GrpcClientProtocolClient (GrpcClientProtocolClient.java:onNext(255)) - client-FB39C292749E->c9e7da90-c5a5-4808-9794-4305bac07bb7: receive RaftClientReply:client-FB39C292749E->c9e7da90-c5a5-4808-9794-4305bac07bb7@group-65AFFC1408D5, cid=185, SUCCESS, logIndex=4, commits[c9e7da90-c5a5-4808-9794-4305bac07bb7:c11, 02fdabdd-783b-4687-aaad-f4e6848c1dc1:c7, b7c5b48b-9294-4513-a286-a41a16d1a2cb:c7]
2019-08-23 10:04:39,722 | INFO  | DNAudit | user=null | ip=null | op=WRITE_CHUNK {blockData=conID: 2 locID: 102665727474597903 bcsId: 0} | ret=SUCCESS |  
2019-08-23 10:04:39,722 [grpc-default-executor-8] INFO  client.GrpcClientProtocolClient (GrpcClientProtocolClient.java:onNext(255)) - client-FB39C292749E->c9e7da90-c5a5-4808-9794-4305bac07bb7: receive RaftClientReply:client-FB39C292749E->c9e7da90-c5a5-4808-9794-4305bac07bb7@group-65AFFC1408D5, cid=186, SUCCESS, logIndex=5, commits[c9e7da90-c5a5-4808-9794-4305bac07bb7:c11, 02fdabdd-783b-4687-aaad-f4e6848c1dc1:c7, b7c5b48b-9294-4513-a286-a41a16d1a2cb:c7]
2019-08-23 10:04:39,723 [grpc-default-executor-8] INFO  client.GrpcClientProtocolClient (GrpcClientProtocolClient.java:onNext(255)) - client-FB39C292749E->c9e7da90-c5a5-4808-9794-4305bac07bb7: receive RaftClientReply:client-FB39C292749E->c9e7da90-c5a5-4808-9794-4305bac07bb7@group-65AFFC1408D5, cid=187, SUCCESS, logIndex=6, commits[c9e7da90-c5a5-4808-9794-4305bac07bb7:c11, 02fdabdd-783b-4687-aaad-f4e6848c1dc1:c7, b7c5b48b-9294-4513-a286-a41a16d1a2cb:c7]
2019-08-23 10:04:39,750 | INFO  | DNAudit | user=null | ip=null | op=PUT_BLOCK {blockData=[blockId=conID: 2 locID: 102665727474597903 bcsId: 0,size=200]} | ret=SUCCESS |  
2019-08-23 10:04:39,750 | INFO  | DNAudit | user=null | ip=null | op=WRITE_CHUNK {blockData=conID: 2 locID: 102665727474597903 bcsId: 0} | ret=SUCCESS |  
2019-08-23 10:04:39,751 | INFO  | DNAudit | user=null | ip=null | op=WRITE_CHUNK {blockData=conID: 2 locID: 102665727474597903 bcsId: 0} | ret=SUCCESS |  
2019-08-23 10:04:39,771 | INFO  | DNAudit | user=null | ip=null | op=PUT_BLOCK {blockData=[blockId=conID: 2 locID: 102665727474597903 bcsId: 0,size=400]} | ret=SUCCESS |  
2019-08-23 10:04:39,771 | INFO  | DNAudit | user=null | ip=null | op=PUT_BLOCK {blockData=[blockId=conID: 2 locID: 102665727474597903 bcsId: 0,size=200]} | ret=SUCCESS |  
2019-08-23 10:04:39,771 | INFO  | DNAudit | user=null | ip=null | op=PUT_BLOCK {blockData=[blockId=conID: 2 locID: 102665727474597903 bcsId: 0,size=400]} | ret=SUCCESS |  
2019-08-23 10:04:39,772 | INFO  | DNAudit | user=null | ip=null | op=WRITE_CHUNK {blockData=conID: 2 locID: 102665727474597903 bcsId: 0} | ret=SUCCESS |  
2019-08-23 10:04:39,772 | INFO  | DNAudit | user=null | ip=null | op=WRITE_CHUNK {blockData=conID: 2 locID: 102665727474597903 bcsId: 0} | ret=SUCCESS |  
2019-08-23 10:04:39,772 [grpc-default-executor-8] INFO  client.GrpcClientProtocolClient (GrpcClientProtocolClient.java:onNext(255)) - client-FB39C292749E->c9e7da90-c5a5-4808-9794-4305bac07bb7: receive RaftClientReply:client-FB39C292749E->c9e7da90-c5a5-4808-9794-4305bac07bb7@group-65AFFC1408D5, cid=188, SUCCESS, logIndex=7, commits[c9e7da90-c5a5-4808-9794-4305bac07bb7:c11, 02fdabdd-783b-4687-aaad-f4e6848c1dc1:c7, b7c5b48b-9294-4513-a286-a41a16d1a2cb:c7]
2019-08-23 10:04:39,773 | INFO  | DNAudit | user=null | ip=null | op=PUT_BLOCK {blockData=[blockId=conID: 2 locID: 102665727474597903 bcsId: 0,size=400]} | ret=SUCCESS |  
2019-08-23 10:04:39,775 | INFO  | DNAudit | user=null | ip=null | op=WRITE_CHUNK {blockData=conID: 2 locID: 102665727474597903 bcsId: 7} | ret=SUCCESS |  
2019-08-23 10:04:39,777 | INFO  | DNAudit | user=null | ip=null | op=WRITE_CHUNK {blockData=conID: 2 locID: 102665727474597903 bcsId: 7} | ret=SUCCESS |  
2019-08-23 10:04:39,777 | INFO  | DNAudit | user=null | ip=null | op=WRITE_CHUNK {blockData=conID: 2 locID: 102665727474597903 bcsId: 7} | ret=SUCCESS |  
2019-08-23 10:04:39,781 | INFO  | DNAudit | user=null | ip=null | op=WRITE_CHUNK {blockData=conID: 2 locID: 102665727474597903 bcsId: 7} | ret=SUCCESS |  
2019-08-23 10:04:39,782 | INFO  | DNAudit | user=null | ip=null | op=PUT_BLOCK {blockData=[blockId=conID: 2 locID: 102665727474597903 bcsId: 0,size=450]} | ret=SUCCESS |  
2019-08-23 10:04:39,783 [grpc-default-executor-7] INFO  client.GrpcClientProtocolClient (GrpcClientProtocolClient.java:onNext(255)) - client-FB39C292749E->c9e7da90-c5a5-4808-9794-4305bac07bb7: receive RaftClientReply:client-FB39C292749E->c9e7da90-c5a5-4808-9794-4305bac07bb7@group-65AFFC1408D5, cid=189, SUCCESS, logIndex=12, commits[c9e7da90-c5a5-4808-9794-4305bac07bb7:c13, 02fdabdd-783b-4687-aaad-f4e6848c1dc1:c11, b7c5b48b-9294-4513-a286-a41a16d1a2cb:c11]
2019-08-23 10:04:39,783 [grpc-default-executor-7] INFO  client.GrpcClientProtocolClient (GrpcClientProtocolClient.java:onNext(255)) - client-FB39C292749E->c9e7da90-c5a5-4808-9794-4305bac07bb7: receive RaftClientReply:client-FB39C292749E->c9e7da90-c5a5-4808-9794-4305bac07bb7@group-65AFFC1408D5, cid=190, SUCCESS, logIndex=13, commits[c9e7da90-c5a5-4808-9794-4305bac07bb7:c13, 02fdabdd-783b-4687-aaad-f4e6848c1dc1:c11, b7c5b48b-9294-4513-a286-a41a16d1a2cb:c11]
2019-08-23 10:04:39,784 | INFO  | DNAudit | user=null | ip=null | op=WRITE_CHUNK {blockData=conID: 2 locID: 102665727474597903 bcsId: 7} | ret=SUCCESS |  
2019-08-23 10:04:39,784 | INFO  | DNAudit | user=null | ip=null | op=WRITE_CHUNK {blockData=conID: 2 locID: 102665727474597903 bcsId: 7} | ret=SUCCESS |  
2019-08-23 10:04:39,788 | INFO  | DNAudit | user=null | ip=null | op=PUT_BLOCK {blockData=[blockId=conID: 2 locID: 102665727474597903 bcsId: 0,size=450]} | ret=SUCCESS |  
2019-08-23 10:04:39,788 | INFO  | DNAudit | user=null | ip=null | op=PUT_BLOCK {blockData=[blockId=conID: 2 locID: 102665727474597903 bcsId: 0,size=450]} | ret=SUCCESS |  
2019-08-23 10:04:39,791 [grpc-default-executor-7] INFO  client.GrpcClientProtocolClient (GrpcClientProtocolClient.java:onNext(255)) - client-FB39C292749E->c9e7da90-c5a5-4808-9794-4305bac07bb7: receive RaftClientReply:client-FB39C292749E->c9e7da90-c5a5-4808-9794-4305bac07bb7@group-65AFFC1408D5, cid=191, SUCCESS, logIndex=0, commits[c9e7da90-c5a5-4808-9794-4305bac07bb7:c14, 02fdabdd-783b-4687-aaad-f4e6848c1dc1:c13, b7c5b48b-9294-4513-a286-a41a16d1a2cb:c13]
2019-08-23 10:04:39,792 [main] INFO  ozone.MiniOzoneClusterImpl (MiniOzoneClusterImpl.java:shutdown(321)) - Shutting down the Mini Ozone Cluster
2019-08-23 10:04:39,792 | INFO  | SCMAudit | user=null | ip=null | op=GET_SCM_INFO null | ret=SUCCESS |  
2019-08-23 10:04:39,792 [main] INFO  ozone.MiniOzoneClusterImpl (MiniOzoneClusterImpl.java:stop(336)) - Stopping the Mini Ozone Cluster
2019-08-23 10:04:39,792 [main] INFO  ozone.MiniOzoneClusterImpl (MiniOzoneClusterImpl.java:stop(338)) - Stopping the OzoneManager
2019-08-23 10:04:39,793 [main] INFO  ipc.Server (Server.java:stop(3082)) - Stopping server on 46614
2019-08-23 10:04:39,809 [IPC Server listener on 46614] INFO  ipc.Server (Server.java:run(1185)) - Stopping IPC Server listener on 46614
2019-08-23 10:04:39,811 [main] INFO  ratis.OzoneManagerDoubleBuffer (OzoneManagerDoubleBuffer.java:stop(248)) - Stopping OMDoubleBuffer flush thread
2019-08-23 10:04:39,815 [IPC Server Responder] INFO  ipc.Server (Server.java:run(1319)) - Stopping IPC Server Responder
2019-08-23 10:04:39,820 [OMDoubleBufferFlushThread] INFO  ratis.OzoneManagerDoubleBuffer (OzoneManagerDoubleBuffer.java:flushTransactions(191)) - OMDoubleBuffer flush thread OMDoubleBufferFlushThread is interrupted and will exit. OMDoubleBufferFlushThread
2019-08-23 10:04:39,840 [main] INFO  utils.BackgroundService (BackgroundService.java:shutdown(148)) - Shutting down service KeyDeletingService
2019-08-23 10:04:39,842 [main] INFO  handler.ContextHandler (ContextHandler.java:doStop(910)) - Stopped o.e.j.w.WebAppContext@30be6a05{/,null,UNAVAILABLE}{/ozoneManager}
2019-08-23 10:04:39,842 [main] INFO  server.AbstractConnector (AbstractConnector.java:doStop(318)) - Stopped ServerConnector@6812708d{HTTP/1.1,[http/1.1]}{0.0.0.0:0}
2019-08-23 10:04:39,843 [main] INFO  handler.ContextHandler (ContextHandler.java:doStop(910)) - Stopped o.e.j.s.ServletContextHandler@54e39504{/static,file:///workdir/hadoop-ozone/integration-test/target/test-classes/webapps/static,UNAVAILABLE}
2019-08-23 10:04:39,843 [main] INFO  handler.ContextHandler (ContextHandler.java:doStop(910)) - Stopped o.e.j.s.ServletContextHandler@58ec04f4{/logs,file:///workdir/hadoop-ozone/integration-test/target/log,UNAVAILABLE}
2019-08-23 10:04:39,846 [main] INFO  ozone.MiniOzoneClusterImpl (MiniOzoneClusterImpl.java:stop(344)) - Shutting the HddsDatanodes
2019-08-23 10:04:39,846 [main] INFO  datanode.ObjectStoreHandler (ObjectStoreHandler.java:close(155)) - Closing ObjectStoreHandler.
2019-08-23 10:04:39,846 [ForkJoinPool.commonPool-worker-1] INFO  datanode.ObjectStoreHandler (ObjectStoreHandler.java:close(155)) - Closing ObjectStoreHandler.
2019-08-23 10:04:39,846 [main] INFO  ozone.HddsDatanodeService (HddsDatanodeService.java:stop(451)) - Stopped plug-in org.apache.hadoop.ozone.web.OzoneHddsDatanodeService@23674e3d
2019-08-23 10:04:39,847 [ForkJoinPool.commonPool-worker-1] INFO  ozone.HddsDatanodeService (HddsDatanodeService.java:stop(451)) - Stopped plug-in org.apache.hadoop.ozone.web.OzoneHddsDatanodeService@63fcc21
2019-08-23 10:04:39,968 [Datanode State Machine Thread - 0] INFO  statemachine.DatanodeStateMachine (DatanodeStateMachine.java:lambda$startDaemon$0(350)) - Ozone container server started.
2019-08-23 10:04:39,969 | INFO  | SCMAudit | user=jenkins1000 | ip=192.168.34.11 | op=SEND_HEARTBEAT {datanodeUUID=2d79817c-83ab-4b4b-a173-9d1d58553336, command=[]} | ret=SUCCESS |  
2019-08-23 10:04:40,632 [Datanode State Machine Thread - 0] INFO  statemachine.DatanodeStateMachine (DatanodeStateMachine.java:lambda$startDaemon$0(350)) - Ozone container server started.
2019-08-23 10:04:40,633 | INFO  | SCMAudit | user=jenkins1000 | ip=192.168.34.11 | op=SEND_HEARTBEAT {datanodeUUID=b7c5b48b-9294-4513-a286-a41a16d1a2cb, command=[]} | ret=SUCCESS |  
2019-08-23 10:04:40,633 | INFO  | SCMAudit | user=jenkins1000 | ip=192.168.34.11 | op=SEND_HEARTBEAT {datanodeUUID=02fdabdd-783b-4687-aaad-f4e6848c1dc1, command=[]} | ret=SUCCESS |  
2019-08-23 10:04:40,663 | INFO  | SCMAudit | user=jenkins1000 | ip=192.168.34.11 | op=SEND_HEARTBEAT {datanodeUUID=7b18dc38-9e45-4799-92bc-3e52050f2105, command=[]} | ret=SUCCESS |  
2019-08-23 10:04:40,970 | INFO  | SCMAudit | user=jenkins1000 | ip=192.168.34.11 | op=SEND_HEARTBEAT {datanodeUUID=2d79817c-83ab-4b4b-a173-9d1d58553336, command=[]} | ret=SUCCESS |  
2019-08-23 10:04:41,634 | INFO  | SCMAudit | user=jenkins1000 | ip=192.168.34.11 | op=SEND_HEARTBEAT {datanodeUUID=02fdabdd-783b-4687-aaad-f4e6848c1dc1, command=[]} | ret=SUCCESS |  
2019-08-23 10:04:41,634 | INFO  | SCMAudit | user=jenkins1000 | ip=192.168.34.11 | op=SEND_HEARTBEAT {datanodeUUID=b7c5b48b-9294-4513-a286-a41a16d1a2cb, command=[]} | ret=SUCCESS |  
2019-08-23 10:04:41,640 [grpc-default-executor-7] WARN  server.GrpcLogAppender (LogUtils.java:warn(134)) - c59437e1-9416-4eae-8424-f47ceed6fd18->2e3457a7-9f76-45fb-9b7b-9eb45e0d8c5c: Failed appendEntries: org.apache.ratis.thirdparty.io.grpc.StatusRuntimeException: UNAVAILABLE: io exception
2019-08-23 10:04:41,657 [grpc-default-executor-7] INFO  impl.FollowerInfo (FollowerInfo.java:lambda$new$0(50)) - c59437e1-9416-4eae-8424-f47ceed6fd18->2e3457a7-9f76-45fb-9b7b-9eb45e0d8c5c: nextIndex: updateUnconditionally 1 -> 0
2019-08-23 10:04:41,663 | INFO  | SCMAudit | user=jenkins1000 | ip=192.168.34.11 | op=SEND_HEARTBEAT {datanodeUUID=7b18dc38-9e45-4799-92bc-3e52050f2105, command=[]} | ret=SUCCESS |  
2019-08-23 10:04:41,970 | INFO  | SCMAudit | user=jenkins1000 | ip=192.168.34.11 | op=SEND_HEARTBEAT {datanodeUUID=2d79817c-83ab-4b4b-a173-9d1d58553336, command=[]} | ret=SUCCESS |  
2019-08-23 10:04:42,633 | INFO  | SCMAudit | user=jenkins1000 | ip=192.168.34.11 | op=SEND_HEARTBEAT {datanodeUUID=b7c5b48b-9294-4513-a286-a41a16d1a2cb, command=[]} | ret=SUCCESS |  
2019-08-23 10:04:42,633 | INFO  | SCMAudit | user=jenkins1000 | ip=192.168.34.11 | op=SEND_HEARTBEAT {datanodeUUID=02fdabdd-783b-4687-aaad-f4e6848c1dc1, command=[]} | ret=SUCCESS |  
2019-08-23 10:04:42,663 | INFO  | SCMAudit | user=jenkins1000 | ip=192.168.34.11 | op=SEND_HEARTBEAT {datanodeUUID=7b18dc38-9e45-4799-92bc-3e52050f2105, command=[]} | ret=SUCCESS |  
2019-08-23 10:04:42,970 | INFO  | SCMAudit | user=jenkins1000 | ip=192.168.34.11 | op=SEND_HEARTBEAT {datanodeUUID=2d79817c-83ab-4b4b-a173-9d1d58553336, command=[]} | ret=SUCCESS |  
2019-08-23 10:04:43,634 | INFO  | SCMAudit | user=jenkins1000 | ip=192.168.34.11 | op=SEND_HEARTBEAT {datanodeUUID=b7c5b48b-9294-4513-a286-a41a16d1a2cb, command=[]} | ret=SUCCESS |  
2019-08-23 10:04:43,634 | INFO  | SCMAudit | user=jenkins1000 | ip=192.168.34.11 | op=SEND_HEARTBEAT {datanodeUUID=02fdabdd-783b-4687-aaad-f4e6848c1dc1, command=[]} | ret=SUCCESS |  
2019-08-23 10:04:43,663 | INFO  | SCMAudit | user=jenkins1000 | ip=192.168.34.11 | op=SEND_HEARTBEAT {datanodeUUID=7b18dc38-9e45-4799-92bc-3e52050f2105, command=[]} | ret=SUCCESS |  
2019-08-23 10:04:43,971 | INFO  | SCMAudit | user=jenkins1000 | ip=192.168.34.11 | op=SEND_HEARTBEAT {datanodeUUID=2d79817c-83ab-4b4b-a173-9d1d58553336, command=[]} | ret=SUCCESS |  
2019-08-23 10:04:44,015 [EventQueue-StaleNodeForStaleNodeHandler] INFO  node.StaleNodeHandler (StaleNodeHandler.java:onMessage(58)) - Datanode c59437e1-9416-4eae-8424-f47ceed6fd18{ip: 192.168.34.11, host: pr-hdds-1094-r7kqq-4265743569, networkLocation: /default-rack, certSerialId: null} moved to stale state. Finalizing its pipelines [PipelineID=0c6786e4-2b14-4615-83b9-abf59b3adcde, PipelineID=abf0edd5-ef3a-4c75-bc9a-ca8336a94721]
2019-08-23 10:04:44,015 [EventQueue-StaleNodeForStaleNodeHandler] INFO  pipeline.SCMPipelineManager (SCMPipelineManager.java:finalizeAndDestroyPipeline(309)) - destroying pipeline:Pipeline[ Id: 0c6786e4-2b14-4615-83b9-abf59b3adcde, Nodes: 2e3457a7-9f76-45fb-9b7b-9eb45e0d8c5c{ip: 192.168.34.11, host: pr-hdds-1094-r7kqq-4265743569, networkLocation: /default-rack, certSerialId: null}2d79817c-83ab-4b4b-a173-9d1d58553336{ip: 192.168.34.11, host: pr-hdds-1094-r7kqq-4265743569, networkLocation: /default-rack, certSerialId: null}c59437e1-9416-4eae-8424-f47ceed6fd18{ip: 192.168.34.11, host: pr-hdds-1094-r7kqq-4265743569, networkLocation: /default-rack, certSerialId: null}, Type:RATIS, Factor:THREE, State:CLOSED]
2019-08-23 10:04:44,016 [EventQueue-StaleNodeForStaleNodeHandler] INFO  pipeline.SCMPipelineManager (SCMPipelineManager.java:finalizeAndDestroyPipeline(309)) - destroying pipeline:Pipeline[ Id: abf0edd5-ef3a-4c75-bc9a-ca8336a94721, Nodes: c59437e1-9416-4eae-8424-f47ceed6fd18{ip: 192.168.34.11, host: pr-hdds-1094-r7kqq-4265743569, networkLocation: /default-rack, certSerialId: null}, Type:RATIS, Factor:ONE, State:OPEN]
2019-08-23 10:04:44,016 [EventQueue-StaleNodeForStaleNodeHandler] INFO  pipeline.PipelineStateManager (PipelineStateManager.java:finalizePipeline(123)) - Pipeline Pipeline[ Id: abf0edd5-ef3a-4c75-bc9a-ca8336a94721, Nodes: c59437e1-9416-4eae-8424-f47ceed6fd18{ip: 192.168.34.11, host: pr-hdds-1094-r7kqq-4265743569, networkLocation: /default-rack, certSerialId: null}, Type:RATIS, Factor:ONE, State:CLOSED] moved to CLOSED state
2019-08-23 10:04:44,141 [grpc-default-executor-7] WARN  server.GrpcLogAppender (LogUtils.java:warn(134)) - c59437e1-9416-4eae-8424-f47ceed6fd18->2e3457a7-9f76-45fb-9b7b-9eb45e0d8c5c: Failed appendEntries: org.apache.ratis.thirdparty.io.grpc.StatusRuntimeException: UNAVAILABLE: io exception
2019-08-23 10:04:44,141 [grpc-default-executor-7] INFO  impl.FollowerInfo (FollowerInfo.java:lambda$new$0(50)) - c59437e1-9416-4eae-8424-f47ceed6fd18->2e3457a7-9f76-45fb-9b7b-9eb45e0d8c5c: nextIndex: updateUnconditionally 0 -> 0
2019-08-23 10:04:44,633 | INFO  | SCMAudit | user=jenkins1000 | ip=192.168.34.11 | op=SEND_HEARTBEAT {datanodeUUID=b7c5b48b-9294-4513-a286-a41a16d1a2cb, command=[]} | ret=SUCCESS |  
2019-08-23 10:04:44,633 | INFO  | SCMAudit | user=jenkins1000 | ip=192.168.34.11 | op=SEND_HEARTBEAT {datanodeUUID=02fdabdd-783b-4687-aaad-f4e6848c1dc1, command=[]} | ret=SUCCESS |  
2019-08-23 10:04:44,663 | INFO  | SCMAudit | user=jenkins1000 | ip=192.168.34.11 | op=SEND_HEARTBEAT {datanodeUUID=7b18dc38-9e45-4799-92bc-3e52050f2105, command=[]} | ret=SUCCESS |  
2019-08-23 10:04:44,716 [EventQueue-StaleNodeForStaleNodeHandler] INFO  node.StaleNodeHandler (StaleNodeHandler.java:onMessage(58)) - Datanode c9e7da90-c5a5-4808-9794-4305bac07bb7{ip: 192.168.34.11, host: pr-hdds-1094-r7kqq-4265743569, networkLocation: /default-rack, certSerialId: null} moved to stale state. Finalizing its pipelines [PipelineID=3f04f343-442b-41c1-833b-5c2bd173f44d, PipelineID=e2397e39-649c-4492-a158-65affc1408d5]
2019-08-23 10:04:44,716 [EventQueue-StaleNodeForStaleNodeHandler] INFO  pipeline.SCMPipelineManager (SCMPipelineManager.java:finalizeAndDestroyPipeline(309)) - destroying pipeline:Pipeline[ Id: 3f04f343-442b-41c1-833b-5c2bd173f44d, Nodes: c9e7da90-c5a5-4808-9794-4305bac07bb7{ip: 192.168.34.11, host: pr-hdds-1094-r7kqq-4265743569, networkLocation: /default-rack, certSerialId: null}, Type:RATIS, Factor:ONE, State:OPEN]
2019-08-23 10:04:44,717 [EventQueue-StaleNodeForStaleNodeHandler] INFO  pipeline.PipelineStateManager (PipelineStateManager.java:finalizePipeline(123)) - Pipeline Pipeline[ Id: 3f04f343-442b-41c1-833b-5c2bd173f44d, Nodes: c9e7da90-c5a5-4808-9794-4305bac07bb7{ip: 192.168.34.11, host: pr-hdds-1094-r7kqq-4265743569, networkLocation: /default-rack, certSerialId: null}, Type:RATIS, Factor:ONE, State:CLOSED] moved to CLOSED state
2019-08-23 10:04:44,717 [EventQueue-StaleNodeForStaleNodeHandler] INFO  pipeline.SCMPipelineManager (SCMPipelineManager.java:finalizeAndDestroyPipeline(309)) - destroying pipeline:Pipeline[ Id: e2397e39-649c-4492-a158-65affc1408d5, Nodes: 02fdabdd-783b-4687-aaad-f4e6848c1dc1{ip: 192.168.34.11, host: pr-hdds-1094-r7kqq-4265743569, networkLocation: /default-rack, certSerialId: null}c9e7da90-c5a5-4808-9794-4305bac07bb7{ip: 192.168.34.11, host: pr-hdds-1094-r7kqq-4265743569, networkLocation: /default-rack, certSerialId: null}b7c5b48b-9294-4513-a286-a41a16d1a2cb{ip: 192.168.34.11, host: pr-hdds-1094-r7kqq-4265743569, networkLocation: /default-rack, certSerialId: null}, Type:RATIS, Factor:THREE, State:OPEN]
2019-08-23 10:04:44,717 [EventQueue-StaleNodeForStaleNodeHandler] INFO  pipeline.PipelineStateManager (PipelineStateManager.java:finalizePipeline(123)) - Pipeline Pipeline[ Id: e2397e39-649c-4492-a158-65affc1408d5, Nodes: 02fdabdd-783b-4687-aaad-f4e6848c1dc1{ip: 192.168.34.11, host: pr-hdds-1094-r7kqq-4265743569, networkLocation: /default-rack, certSerialId: null}c9e7da90-c5a5-4808-9794-4305bac07bb7{ip: 192.168.34.11, host: pr-hdds-1094-r7kqq-4265743569, networkLocation: /default-rack, certSerialId: null}b7c5b48b-9294-4513-a286-a41a16d1a2cb{ip: 192.168.34.11, host: pr-hdds-1094-r7kqq-4265743569, networkLocation: /default-rack, certSerialId: null}, Type:RATIS, Factor:THREE, State:CLOSED] moved to CLOSED state
2019-08-23 10:04:44,717 [EventQueue-CloseContainerForCloseContainerEventHandler] INFO  container.CloseContainerEventHandler (CloseContainerEventHandler.java:onMessage(61)) - Close container Event triggered for container : #2
2019-08-23 10:04:44,847 [main] INFO  ozoneimpl.OzoneContainer (OzoneContainer.java:stop(199)) - Attempting to stop container services.
2019-08-23 10:04:44,847 [ForkJoinPool.commonPool-worker-1] INFO  ozoneimpl.OzoneContainer (OzoneContainer.java:stop(199)) - Attempting to stop container services.
2019-08-23 10:04:44,848 [main] INFO  impl.RaftServerProxy (RaftServerProxy.java:lambda$close$4(314)) - c59437e1-9416-4eae-8424-f47ceed6fd18: close
2019-08-23 10:04:44,848 [ForkJoinPool.commonPool-worker-1] INFO  impl.RaftServerProxy (RaftServerProxy.java:lambda$close$4(314)) - c9e7da90-c5a5-4808-9794-4305bac07bb7: close
2019-08-23 10:04:44,849 [main] INFO  impl.RaftServerImpl (RaftServerImpl.java:lambda$shutdown$3(245)) - c59437e1-9416-4eae-8424-f47ceed6fd18: shutdown group-ABF59B3ADCDE
2019-08-23 10:04:44,849 [ForkJoinPool.commonPool-worker-1] INFO  impl.RaftServerImpl (RaftServerImpl.java:lambda$shutdown$3(245)) - c9e7da90-c5a5-4808-9794-4305bac07bb7: shutdown group-5C2BD173F44D
2019-08-23 10:04:44,849 [main] INFO  util.JmxRegister (JmxRegister.java:unregister(73)) - Successfully un-registered JMX Bean with object name Ratis:service=RaftServer,group=group-ABF59B3ADCDE,id=c59437e1-9416-4eae-8424-f47ceed6fd18
2019-08-23 10:04:44,850 [ForkJoinPool.commonPool-worker-1] INFO  util.JmxRegister (JmxRegister.java:unregister(73)) - Successfully un-registered JMX Bean with object name Ratis:service=RaftServer,group=group-5C2BD173F44D,id=c9e7da90-c5a5-4808-9794-4305bac07bb7
2019-08-23 10:04:44,850 [main] INFO  impl.RoleInfo (RoleInfo.java:shutdownLeaderState(104)) - c59437e1-9416-4eae-8424-f47ceed6fd18: shutdown LeaderState
2019-08-23 10:04:44,851 [ForkJoinPool.commonPool-worker-1] INFO  impl.RoleInfo (RoleInfo.java:shutdownLeaderState(104)) - c9e7da90-c5a5-4808-9794-4305bac07bb7: shutdown LeaderState
2019-08-23 10:04:44,857 [org.apache.ratis.server.impl.LogAppender$AppenderDaemon$$Lambda$506/1000134400@dee059f] WARN  server.GrpcLogAppender (GrpcLogAppender.java:mayWait(143)) - GrpcLogAppender(c59437e1-9416-4eae-8424-f47ceed6fd18->2e3457a7-9f76-45fb-9b7b-9eb45e0d8c5c): Wait interrupted by java.lang.InterruptedException
2019-08-23 10:04:44,857 [org.apache.ratis.server.impl.LogAppender$AppenderDaemon$$Lambda$506/1000134400@5ebb2c90] WARN  server.GrpcLogAppender (GrpcLogAppender.java:mayWait(143)) - GrpcLogAppender(c59437e1-9416-4eae-8424-f47ceed6fd18->2d79817c-83ab-4b4b-a173-9d1d58553336): Wait interrupted by java.lang.InterruptedException
2019-08-23 10:04:44,857 [main] INFO  impl.PendingRequests (PendingRequests.java:sendNotLeaderResponses(202)) - c59437e1-9416-4eae-8424-f47ceed6fd18-PendingRequests: sendNotLeaderResponses
2019-08-23 10:04:44,858 [grpc-default-executor-7] INFO  server.GrpcServerProtocolService (GrpcServerProtocolService.java:onCompleted(104)) - 2d79817c-83ab-4b4b-a173-9d1d58553336: appendEntries completed
2019-08-23 10:04:44,857 [ForkJoinPool.commonPool-worker-1] INFO  impl.PendingRequests (PendingRequests.java:sendNotLeaderResponses(202)) - c9e7da90-c5a5-4808-9794-4305bac07bb7-PendingRequests: sendNotLeaderResponses
2019-08-23 10:04:44,861 [grpc-default-executor-7] INFO  server.GrpcLogAppender (GrpcLogAppender.java:onCompleted(292)) - c59437e1-9416-4eae-8424-f47ceed6fd18->2d79817c-83ab-4b4b-a173-9d1d58553336: follower responses appendEntries COMPLETED
2019-08-23 10:04:44,861 [StateMachineUpdater:c59437e1-9416-4eae-8424-f47ceed6fd18:group-ABF59B3ADCDE] INFO  ratis.ContainerStateMachine (ContainerStateMachine.java:takeSnapshot(283)) - group-ABF59B3ADCDE: Taking a snapshot at:(t:1, i:14) file /workdir/hadoop-ozone/integration-test/target/test-dir/MiniOzoneClusterImpl-e3530e56-8be5-4e35-b41d-e6108e761a1d/datanode-4/data/ratis/0c6786e4-2b14-4615-83b9-abf59b3adcde/sm/snapshot.1_14
2019-08-23 10:04:44,861 [main] INFO  impl.StateMachineUpdater (StateMachineUpdater.java:stopAndJoin(115)) - StateMachineUpdater:c59437e1-9416-4eae-8424-f47ceed6fd18:group-ABF59B3ADCDE: set stopIndex = 18
2019-08-23 10:04:44,862 [grpc-default-executor-7] INFO  impl.FollowerInfo (FollowerInfo.java:lambda$new$0(50)) - c59437e1-9416-4eae-8424-f47ceed6fd18->2d79817c-83ab-4b4b-a173-9d1d58553336: nextIndex: updateUnconditionally 19 -> 18
2019-08-23 10:04:44,862 [ForkJoinPool.commonPool-worker-1] INFO  impl.StateMachineUpdater (StateMachineUpdater.java:stopAndJoin(115)) - StateMachineUpdater:c9e7da90-c5a5-4808-9794-4305bac07bb7:group-5C2BD173F44D: set stopIndex = 0
2019-08-23 10:04:44,863 [ForkJoinPool.commonPool-worker-1] INFO  impl.RaftServerImpl (ServerState.java:close(394)) - c9e7da90-c5a5-4808-9794-4305bac07bb7:group-5C2BD173F44D closes. The last applied log index is 0
2019-08-23 10:04:44,864 [c9e7da90-c5a5-4808-9794-4305bac07bb7-SegmentedRaftLogWorker:Storage Directory /workdir/hadoop-ozone/integration-test/target/test-dir/MiniOzoneClusterImpl-e3530e56-8be5-4e35-b41d-e6108e761a1d/datanode-1/data/ratis/3f04f343-442b-41c1-833b-5c2bd173f44d] INFO  segmented.SegmentedRaftLogWorker (SegmentedRaftLogWorker.java:run(313)) - c9e7da90-c5a5-4808-9794-4305bac07bb7-SegmentedRaftLogWorker:Storage Directory /workdir/hadoop-ozone/integration-test/target/test-dir/MiniOzoneClusterImpl-e3530e56-8be5-4e35-b41d-e6108e761a1d/datanode-1/data/ratis/3f04f343-442b-41c1-833b-5c2bd173f44d was interrupted, exiting. There are 0 tasks remaining in the queue.
2019-08-23 10:04:44,870 [ForkJoinPool.commonPool-worker-1] INFO  segmented.SegmentedRaftLogWorker (SegmentedRaftLogWorker.java:close(228)) - c9e7da90-c5a5-4808-9794-4305bac07bb7-SegmentedRaftLogWorker:Storage Directory /workdir/hadoop-ozone/integration-test/target/test-dir/MiniOzoneClusterImpl-e3530e56-8be5-4e35-b41d-e6108e761a1d/datanode-1/data/ratis/3f04f343-442b-41c1-833b-5c2bd173f44d close()
2019-08-23 10:04:44,874 [StateMachineUpdater:c59437e1-9416-4eae-8424-f47ceed6fd18:group-ABF59B3ADCDE] INFO  ratis.ContainerStateMachine (ContainerStateMachine.java:takeSnapshot(294)) - group-ABF59B3ADCDE: Finished taking a snapshot at:(t:1, i:14) file:/workdir/hadoop-ozone/integration-test/target/test-dir/MiniOzoneClusterImpl-e3530e56-8be5-4e35-b41d-e6108e761a1d/datanode-4/data/ratis/0c6786e4-2b14-4615-83b9-abf59b3adcde/sm/snapshot.1_14 time:14
2019-08-23 10:04:44,874 [ForkJoinPool.commonPool-worker-1] INFO  impl.RaftServerImpl (RaftServerImpl.java:lambda$shutdown$3(245)) - c9e7da90-c5a5-4808-9794-4305bac07bb7: shutdown group-65AFFC1408D5
2019-08-23 10:04:44,874 [StateMachineUpdater:c59437e1-9416-4eae-8424-f47ceed6fd18:group-ABF59B3ADCDE] INFO  impl.StateMachineUpdater (StateMachineUpdater.java:takeSnapshot(242)) - StateMachineUpdater:c59437e1-9416-4eae-8424-f47ceed6fd18:group-ABF59B3ADCDE: Took a snapshot at index 14
2019-08-23 10:04:44,875 [ForkJoinPool.commonPool-worker-1] INFO  util.JmxRegister (JmxRegister.java:unregister(73)) - Successfully un-registered JMX Bean with object name Ratis:service=RaftServer,group=group-65AFFC1408D5,id=c9e7da90-c5a5-4808-9794-4305bac07bb7
2019-08-23 10:04:44,875 [StateMachineUpdater:c59437e1-9416-4eae-8424-f47ceed6fd18:group-ABF59B3ADCDE] INFO  impl.StateMachineUpdater (StateMachineUpdater.java:lambda$new$0(80)) - StateMachineUpdater:c59437e1-9416-4eae-8424-f47ceed6fd18:group-ABF59B3ADCDE: snapshotIndex: updateIncreasingly -1 -> 14
2019-08-23 10:04:44,875 [ForkJoinPool.commonPool-worker-1] INFO  impl.RoleInfo (RoleInfo.java:shutdownLeaderState(104)) - c9e7da90-c5a5-4808-9794-4305bac07bb7: shutdown LeaderState
2019-08-23 10:04:44,876 [main] INFO  impl.RaftServerImpl (ServerState.java:close(394)) - c59437e1-9416-4eae-8424-f47ceed6fd18:group-ABF59B3ADCDE closes. The last applied log index is 18
2019-08-23 10:04:44,880 [org.apache.ratis.server.impl.LogAppender$AppenderDaemon$$Lambda$506/1000134400@684f281f] WARN  server.GrpcLogAppender (GrpcLogAppender.java:mayWait(143)) - GrpcLogAppender(c9e7da90-c5a5-4808-9794-4305bac07bb7->02fdabdd-783b-4687-aaad-f4e6848c1dc1): Wait interrupted by java.lang.InterruptedException
2019-08-23 10:04:44,880 [org.apache.ratis.server.impl.LogAppender$AppenderDaemon$$Lambda$506/1000134400@2d4dab72] WARN  server.GrpcLogAppender (GrpcLogAppender.java:mayWait(143)) - GrpcLogAppender(c9e7da90-c5a5-4808-9794-4305bac07bb7->b7c5b48b-9294-4513-a286-a41a16d1a2cb): Wait interrupted by java.lang.InterruptedException
2019-08-23 10:04:44,880 [ForkJoinPool.commonPool-worker-1] INFO  impl.PendingRequests (PendingRequests.java:sendNotLeaderResponses(202)) - c9e7da90-c5a5-4808-9794-4305bac07bb7-PendingRequests: sendNotLeaderResponses
2019-08-23 10:04:44,881 [grpc-default-executor-8] INFO  server.GrpcServerProtocolService (GrpcServerProtocolService.java:onCompleted(104)) - b7c5b48b-9294-4513-a286-a41a16d1a2cb: appendEntries completed
2019-08-23 10:04:44,881 [grpc-default-executor-7] INFO  server.GrpcServerProtocolService (GrpcServerProtocolService.java:onCompleted(104)) - 02fdabdd-783b-4687-aaad-f4e6848c1dc1: appendEntries completed
2019-08-23 10:04:44,881 [c59437e1-9416-4eae-8424-f47ceed6fd18-SegmentedRaftLogWorker:Storage Directory /workdir/hadoop-ozone/integration-test/target/test-dir/MiniOzoneClusterImpl-e3530e56-8be5-4e35-b41d-e6108e761a1d/datanode-4/data/ratis/0c6786e4-2b14-4615-83b9-abf59b3adcde] INFO  segmented.SegmentedRaftLogWorker (SegmentedRaftLogWorker.java:run(313)) - c59437e1-9416-4eae-8424-f47ceed6fd18-SegmentedRaftLogWorker:Storage Directory /workdir/hadoop-ozone/integration-test/target/test-dir/MiniOzoneClusterImpl-e3530e56-8be5-4e35-b41d-e6108e761a1d/datanode-4/data/ratis/0c6786e4-2b14-4615-83b9-abf59b3adcde was interrupted, exiting. There are 0 tasks remaining in the queue.
2019-08-23 10:04:44,882 [StateMachineUpdater:c9e7da90-c5a5-4808-9794-4305bac07bb7:group-65AFFC1408D5] INFO  ratis.ContainerStateMachine (ContainerStateMachine.java:takeSnapshot(283)) - group-65AFFC1408D5: Taking a snapshot at:(t:3, i:13) file /workdir/hadoop-ozone/integration-test/target/test-dir/MiniOzoneClusterImpl-e3530e56-8be5-4e35-b41d-e6108e761a1d/datanode-1/data/ratis/e2397e39-649c-4492-a158-65affc1408d5/sm/snapshot.3_13
2019-08-23 10:04:44,881 [ForkJoinPool.commonPool-worker-1] INFO  impl.StateMachineUpdater (StateMachineUpdater.java:stopAndJoin(115)) - StateMachineUpdater:c9e7da90-c5a5-4808-9794-4305bac07bb7:group-65AFFC1408D5: set stopIndex = 15
2019-08-23 10:04:44,885 [grpc-default-executor-4] INFO  server.GrpcLogAppender (GrpcLogAppender.java:onCompleted(292)) - c9e7da90-c5a5-4808-9794-4305bac07bb7->02fdabdd-783b-4687-aaad-f4e6848c1dc1: follower responses appendEntries COMPLETED
2019-08-23 10:04:44,885 [main] INFO  segmented.SegmentedRaftLogWorker (SegmentedRaftLogWorker.java:close(228)) - c59437e1-9416-4eae-8424-f47ceed6fd18-SegmentedRaftLogWorker:Storage Directory /workdir/hadoop-ozone/integration-test/target/test-dir/MiniOzoneClusterImpl-e3530e56-8be5-4e35-b41d-e6108e761a1d/datanode-4/data/ratis/0c6786e4-2b14-4615-83b9-abf59b3adcde close()
2019-08-23 10:04:44,882 [grpc-default-executor-7] INFO  server.GrpcLogAppender (GrpcLogAppender.java:onCompleted(292)) - c9e7da90-c5a5-4808-9794-4305bac07bb7->b7c5b48b-9294-4513-a286-a41a16d1a2cb: follower responses appendEntries COMPLETED
2019-08-23 10:04:44,894 [main] INFO  impl.RaftServerImpl (RaftServerImpl.java:lambda$shutdown$3(245)) - c59437e1-9416-4eae-8424-f47ceed6fd18: shutdown group-CA8336A94721
2019-08-23 10:04:44,889 [grpc-default-executor-4] INFO  impl.FollowerInfo (FollowerInfo.java:lambda$new$0(50)) - c9e7da90-c5a5-4808-9794-4305bac07bb7->02fdabdd-783b-4687-aaad-f4e6848c1dc1: nextIndex: updateUnconditionally 16 -> 15
2019-08-23 10:04:44,894 [main] INFO  util.JmxRegister (JmxRegister.java:unregister(73)) - Successfully un-registered JMX Bean with object name Ratis:service=RaftServer,group=group-CA8336A94721,id=c59437e1-9416-4eae-8424-f47ceed6fd18
2019-08-23 10:04:44,894 [grpc-default-executor-7] INFO  impl.FollowerInfo (FollowerInfo.java:lambda$new$0(50)) - c9e7da90-c5a5-4808-9794-4305bac07bb7->b7c5b48b-9294-4513-a286-a41a16d1a2cb: nextIndex: updateUnconditionally 16 -> 15
2019-08-23 10:04:44,895 [main] INFO  impl.RoleInfo (RoleInfo.java:shutdownLeaderState(104)) - c59437e1-9416-4eae-8424-f47ceed6fd18: shutdown LeaderState
2019-08-23 10:04:44,896 [main] INFO  impl.PendingRequests (PendingRequests.java:sendNotLeaderResponses(202)) - c59437e1-9416-4eae-8424-f47ceed6fd18-PendingRequests: sendNotLeaderResponses
2019-08-23 10:04:44,896 [main] INFO  impl.StateMachineUpdater (StateMachineUpdater.java:stopAndJoin(115)) - StateMachineUpdater:c59437e1-9416-4eae-8424-f47ceed6fd18:group-CA8336A94721: set stopIndex = 0
2019-08-23 10:04:44,897 [main] INFO  impl.RaftServerImpl (ServerState.java:close(394)) - c59437e1-9416-4eae-8424-f47ceed6fd18:group-CA8336A94721 closes. The last applied log index is 0
2019-08-23 10:04:44,897 [c59437e1-9416-4eae-8424-f47ceed6fd18-SegmentedRaftLogWorker:Storage Directory /workdir/hadoop-ozone/integration-test/target/test-dir/MiniOzoneClusterImpl-e3530e56-8be5-4e35-b41d-e6108e761a1d/datanode-4/data/ratis/abf0edd5-ef3a-4c75-bc9a-ca8336a94721] INFO  segmented.SegmentedRaftLogWorker (SegmentedRaftLogWorker.java:run(313)) - c59437e1-9416-4eae-8424-f47ceed6fd18-SegmentedRaftLogWorker:Storage Directory /workdir/hadoop-ozone/integration-test/target/test-dir/MiniOzoneClusterImpl-e3530e56-8be5-4e35-b41d-e6108e761a1d/datanode-4/data/ratis/abf0edd5-ef3a-4c75-bc9a-ca8336a94721 was interrupted, exiting. There are 0 tasks remaining in the queue.
2019-08-23 10:04:44,900 [StateMachineUpdater:c9e7da90-c5a5-4808-9794-4305bac07bb7:group-65AFFC1408D5] INFO  ratis.ContainerStateMachine (ContainerStateMachine.java:takeSnapshot(294)) - group-65AFFC1408D5: Finished taking a snapshot at:(t:3, i:13) file:/workdir/hadoop-ozone/integration-test/target/test-dir/MiniOzoneClusterImpl-e3530e56-8be5-4e35-b41d-e6108e761a1d/datanode-1/data/ratis/e2397e39-649c-4492-a158-65affc1408d5/sm/snapshot.3_13 time:18
2019-08-23 10:04:44,900 [main] INFO  segmented.SegmentedRaftLogWorker (SegmentedRaftLogWorker.java:close(228)) - c59437e1-9416-4eae-8424-f47ceed6fd18-SegmentedRaftLogWorker:Storage Directory /workdir/hadoop-ozone/integration-test/target/test-dir/MiniOzoneClusterImpl-e3530e56-8be5-4e35-b41d-e6108e761a1d/datanode-4/data/ratis/abf0edd5-ef3a-4c75-bc9a-ca8336a94721 close()
2019-08-23 10:04:44,900 [StateMachineUpdater:c9e7da90-c5a5-4808-9794-4305bac07bb7:group-65AFFC1408D5] INFO  impl.StateMachineUpdater (StateMachineUpdater.java:takeSnapshot(242)) - StateMachineUpdater:c9e7da90-c5a5-4808-9794-4305bac07bb7:group-65AFFC1408D5: Took a snapshot at index 13
2019-08-23 10:04:44,905 [StateMachineUpdater:c9e7da90-c5a5-4808-9794-4305bac07bb7:group-65AFFC1408D5] INFO  impl.StateMachineUpdater (StateMachineUpdater.java:lambda$new$0(80)) - StateMachineUpdater:c9e7da90-c5a5-4808-9794-4305bac07bb7:group-65AFFC1408D5: snapshotIndex: updateIncreasingly -1 -> 13
2019-08-23 10:04:44,905 [main] INFO  server.GrpcService (GrpcService.java:closeImpl(155)) - c59437e1-9416-4eae-8424-f47ceed6fd18: shutdown server with port 33751 now
2019-08-23 10:04:44,905 [ForkJoinPool.commonPool-worker-1] INFO  impl.RaftServerImpl (ServerState.java:close(394)) - c9e7da90-c5a5-4808-9794-4305bac07bb7:group-65AFFC1408D5 closes. The last applied log index is 15
2019-08-23 10:04:44,906 [main] INFO  server.GrpcService (GrpcService.java:closeImpl(163)) - c59437e1-9416-4eae-8424-f47ceed6fd18: shutdown server with port 33751 successfully
2019-08-23 10:04:44,906 [c9e7da90-c5a5-4808-9794-4305bac07bb7-SegmentedRaftLogWorker:Storage Directory /workdir/hadoop-ozone/integration-test/target/test-dir/MiniOzoneClusterImpl-e3530e56-8be5-4e35-b41d-e6108e761a1d/datanode-1/data/ratis/e2397e39-649c-4492-a158-65affc1408d5] INFO  segmented.SegmentedRaftLogWorker (SegmentedRaftLogWorker.java:run(313)) - c9e7da90-c5a5-4808-9794-4305bac07bb7-SegmentedRaftLogWorker:Storage Directory /workdir/hadoop-ozone/integration-test/target/test-dir/MiniOzoneClusterImpl-e3530e56-8be5-4e35-b41d-e6108e761a1d/datanode-1/data/ratis/e2397e39-649c-4492-a158-65affc1408d5 was interrupted, exiting. There are 0 tasks remaining in the queue.
2019-08-23 10:04:44,909 [ForkJoinPool.commonPool-worker-1] INFO  segmented.SegmentedRaftLogWorker (SegmentedRaftLogWorker.java:close(228)) - c9e7da90-c5a5-4808-9794-4305bac07bb7-SegmentedRaftLogWorker:Storage Directory /workdir/hadoop-ozone/integration-test/target/test-dir/MiniOzoneClusterImpl-e3530e56-8be5-4e35-b41d-e6108e761a1d/datanode-1/data/ratis/e2397e39-649c-4492-a158-65affc1408d5 close()
2019-08-23 10:04:44,913 [ForkJoinPool.commonPool-worker-1] INFO  server.GrpcService (GrpcService.java:closeImpl(155)) - c9e7da90-c5a5-4808-9794-4305bac07bb7: shutdown server with port 34916 now
2019-08-23 10:04:44,914 [main] INFO  utils.BackgroundService (BackgroundService.java:shutdown(148)) - Shutting down service BlockDeletingService
2019-08-23 10:04:44,915 [ForkJoinPool.commonPool-worker-1] INFO  server.GrpcService (GrpcService.java:closeImpl(163)) - c9e7da90-c5a5-4808-9794-4305bac07bb7: shutdown server with port 34916 successfully
2019-08-23 10:04:44,915 [grpc-default-executor-4] WARN  client.GrpcClientProtocolService (LogUtils.java:warn(134)) - 1-UnorderedRequestStreamObserver1: onError: org.apache.ratis.thirdparty.io.grpc.StatusRuntimeException: CANCELLED: cancelled before receiving half close
2019-08-23 10:04:44,917 [refreshUsed-/workdir/hadoop-ozone/integration-test/target/test-dir/MiniOzoneClusterImpl-e3530e56-8be5-4e35-b41d-e6108e761a1d/datanode-4/data/containers] WARN  fs.CachingGetSpaceUsed (CachingGetSpaceUsed.java:run(183)) - Thread Interrupted waiting to refresh disk information: sleep interrupted
2019-08-23 10:04:44,920 [ForkJoinPool.commonPool-worker-1] INFO  utils.BackgroundService (BackgroundService.java:shutdown(148)) - Shutting down service BlockDeletingService
2019-08-23 10:04:44,922 [refreshUsed-/workdir/hadoop-ozone/integration-test/target/test-dir/MiniOzoneClusterImpl-e3530e56-8be5-4e35-b41d-e6108e761a1d/datanode-1/data/containers] WARN  fs.CachingGetSpaceUsed (CachingGetSpaceUsed.java:run(183)) - Thread Interrupted waiting to refresh disk information: sleep interrupted
2019-08-23 10:04:44,948 [ForkJoinPool.commonPool-worker-1] INFO  statemachine.DatanodeStateMachine (DatanodeStateMachine.java:stopDaemon(395)) - Ozone container server stopped.
2019-08-23 10:04:44,958 [main] INFO  statemachine.DatanodeStateMachine (DatanodeStateMachine.java:stopDaemon(395)) - Ozone container server stopped.
2019-08-23 10:04:44,960 [ForkJoinPool.commonPool-worker-1] INFO  handler.ContextHandler (ContextHandler.java:doStop(910)) - Stopped o.e.j.w.WebAppContext@39cf7f3c{/,null,UNAVAILABLE}{/hddsDatanode}
2019-08-23 10:04:44,961 [ForkJoinPool.commonPool-worker-1] INFO  server.AbstractConnector (AbstractConnector.java:doStop(318)) - Stopped ServerConnector@25df95b{HTTP/1.1,[http/1.1]}{0.0.0.0:0}
2019-08-23 10:04:44,961 [main] INFO  handler.ContextHandler (ContextHandler.java:doStop(910)) - Stopped o.e.j.w.WebAppContext@40bac624{/,null,UNAVAILABLE}{/hddsDatanode}
2019-08-23 10:04:44,963 [ForkJoinPool.commonPool-worker-1] INFO  handler.ContextHandler (ContextHandler.java:doStop(910)) - Stopped o.e.j.s.ServletContextHandler@781ecbac{/static,jar:file:/home/user/.m2/repository/org/apache/hadoop/hadoop-hdds-container-service/0.5.0-SNAPSHOT/hadoop-hdds-container-service-0.5.0-SNAPSHOT.jar!/webapps/static,UNAVAILABLE}
2019-08-23 10:04:44,965 [ForkJoinPool.commonPool-worker-1] INFO  handler.ContextHandler (ContextHandler.java:doStop(910)) - Stopped o.e.j.s.ServletContextHandler@179e8859{/logs,file:///workdir/hadoop-ozone/integration-test/target/log,UNAVAILABLE}
2019-08-23 10:04:44,966 [main] INFO  server.AbstractConnector (AbstractConnector.java:doStop(318)) - Stopped ServerConnector@1bc80978{HTTP/1.1,[http/1.1]}{0.0.0.0:0}
2019-08-23 10:04:44,966 [main] INFO  handler.ContextHandler (ContextHandler.java:doStop(910)) - Stopped o.e.j.s.ServletContextHandler@3459ccd9{/static,jar:file:/home/user/.m2/repository/org/apache/hadoop/hadoop-hdds-container-service/0.5.0-SNAPSHOT/hadoop-hdds-container-service-0.5.0-SNAPSHOT.jar!/webapps/static,UNAVAILABLE}
2019-08-23 10:04:44,967 [ForkJoinPool.commonPool-worker-1] INFO  datanode.ObjectStoreHandler (ObjectStoreHandler.java:close(155)) - Closing ObjectStoreHandler.
2019-08-23 10:04:44,967 [main] INFO  handler.ContextHandler (ContextHandler.java:doStop(910)) - Stopped o.e.j.s.ServletContextHandler@49de2cc4{/logs,file:///workdir/hadoop-ozone/integration-test/target/log,UNAVAILABLE}
2019-08-23 10:04:44,967 [ForkJoinPool.commonPool-worker-1] INFO  ozone.HddsDatanodeService (HddsDatanodeService.java:stop(451)) - Stopped plug-in org.apache.hadoop.ozone.web.OzoneHddsDatanodeService@2287bbd1
2019-08-23 10:04:44,968 [main] INFO  datanode.ObjectStoreHandler (ObjectStoreHandler.java:close(155)) - Closing ObjectStoreHandler.
2019-08-23 10:04:44,969 [main] INFO  ozone.HddsDatanodeService (HddsDatanodeService.java:stop(451)) - Stopped plug-in org.apache.hadoop.ozone.web.OzoneHddsDatanodeService@4dc10682
2019-08-23 10:04:44,970 [Datanode State Machine Thread - 0] INFO  statemachine.DatanodeStateMachine (DatanodeStateMachine.java:lambda$startDaemon$0(350)) - Ozone container server started.
2019-08-23 10:04:45,633 [Datanode State Machine Thread - 0] INFO  statemachine.DatanodeStateMachine (DatanodeStateMachine.java:lambda$startDaemon$0(350)) - Ozone container server started.
2019-08-23 10:04:45,635 | INFO  | SCMAudit | user=jenkins1000 | ip=192.168.34.11 | op=SEND_HEARTBEAT {datanodeUUID=b7c5b48b-9294-4513-a286-a41a16d1a2cb, command=[commandType: closeContainerCommand closeContainerCommandProto { containerID: 2 pipelineID { id: "e2397e39-649c-4492-a158-65affc1408d5" } cmdId: 2 force: false } ]} | ret=SUCCESS |  
2019-08-23 10:04:45,664 | INFO  | SCMAudit | user=jenkins1000 | ip=192.168.34.11 | op=SEND_HEARTBEAT {datanodeUUID=7b18dc38-9e45-4799-92bc-3e52050f2105, command=[]} | ret=SUCCESS |  
2019-08-23 10:04:46,633 | INFO  | SCMAudit | user=jenkins1000 | ip=192.168.34.11 | op=SEND_HEARTBEAT {datanodeUUID=b7c5b48b-9294-4513-a286-a41a16d1a2cb, command=[]} | ret=SUCCESS |  
2019-08-23 10:04:46,662 | INFO  | SCMAudit | user=jenkins1000 | ip=192.168.34.11 | op=SEND_HEARTBEAT {datanodeUUID=b7c5b48b-9294-4513-a286-a41a16d1a2cb, command=[]} | ret=SUCCESS |  
2019-08-23 10:04:46,664 | INFO  | SCMAudit | user=jenkins1000 | ip=192.168.34.11 | op=SEND_HEARTBEAT {datanodeUUID=7b18dc38-9e45-4799-92bc-3e52050f2105, command=[]} | ret=SUCCESS |  
2019-08-23 10:04:47,663 | INFO  | SCMAudit | user=jenkins1000 | ip=192.168.34.11 | op=SEND_HEARTBEAT {datanodeUUID=b7c5b48b-9294-4513-a286-a41a16d1a2cb, command=[]} | ret=SUCCESS |  
2019-08-23 10:04:47,664 | INFO  | SCMAudit | user=jenkins1000 | ip=192.168.34.11 | op=SEND_HEARTBEAT {datanodeUUID=7b18dc38-9e45-4799-92bc-3e52050f2105, command=[]} | ret=SUCCESS |  
2019-08-23 10:04:48,662 | INFO  | SCMAudit | user=jenkins1000 | ip=192.168.34.11 | op=SEND_HEARTBEAT {datanodeUUID=b7c5b48b-9294-4513-a286-a41a16d1a2cb, command=[]} | ret=SUCCESS |  
2019-08-23 10:04:48,664 | INFO  | SCMAudit | user=jenkins1000 | ip=192.168.34.11 | op=SEND_HEARTBEAT {datanodeUUID=7b18dc38-9e45-4799-92bc-3e52050f2105, command=[]} | ret=SUCCESS |  
2019-08-23 10:04:49,022 [EventQueue-StaleNodeForStaleNodeHandler] INFO  node.StaleNodeHandler (StaleNodeHandler.java:onMessage(58)) - Datanode 2d79817c-83ab-4b4b-a173-9d1d58553336{ip: 192.168.34.11, host: pr-hdds-1094-r7kqq-4265743569, networkLocation: /default-rack, certSerialId: null} moved to stale state. Finalizing its pipelines [PipelineID=59380235-e425-4c39-a34a-d1385acc3a7c, PipelineID=0c6786e4-2b14-4615-83b9-abf59b3adcde]
2019-08-23 10:04:49,022 [EventQueue-StaleNodeForStaleNodeHandler] INFO  pipeline.SCMPipelineManager (SCMPipelineManager.java:finalizeAndDestroyPipeline(309)) - destroying pipeline:Pipeline[ Id: 59380235-e425-4c39-a34a-d1385acc3a7c, Nodes: 2d79817c-83ab-4b4b-a173-9d1d58553336{ip: 192.168.34.11, host: pr-hdds-1094-r7kqq-4265743569, networkLocation: /default-rack, certSerialId: null}, Type:RATIS, Factor:ONE, State:OPEN]
2019-08-23 10:04:49,023 [EventQueue-StaleNodeForStaleNodeHandler] INFO  pipeline.PipelineStateManager (PipelineStateManager.java:finalizePipeline(123)) - Pipeline Pipeline[ Id: 59380235-e425-4c39-a34a-d1385acc3a7c, Nodes: 2d79817c-83ab-4b4b-a173-9d1d58553336{ip: 192.168.34.11, host: pr-hdds-1094-r7kqq-4265743569, networkLocation: /default-rack, certSerialId: null}, Type:RATIS, Factor:ONE, State:CLOSED] moved to CLOSED state
2019-08-23 10:04:49,023 [EventQueue-StaleNodeForStaleNodeHandler] INFO  pipeline.SCMPipelineManager (SCMPipelineManager.java:finalizeAndDestroyPipeline(309)) - destroying pipeline:Pipeline[ Id: 0c6786e4-2b14-4615-83b9-abf59b3adcde, Nodes: 2e3457a7-9f76-45fb-9b7b-9eb45e0d8c5c{ip: 192.168.34.11, host: pr-hdds-1094-r7kqq-4265743569, networkLocation: /default-rack, certSerialId: null}2d79817c-83ab-4b4b-a173-9d1d58553336{ip: 192.168.34.11, host: pr-hdds-1094-r7kqq-4265743569, networkLocation: /default-rack, certSerialId: null}c59437e1-9416-4eae-8424-f47ceed6fd18{ip: 192.168.34.11, host: pr-hdds-1094-r7kqq-4265743569, networkLocation: /default-rack, certSerialId: null}, Type:RATIS, Factor:THREE, State:CLOSED]
2019-08-23 10:04:49,663 | INFO  | SCMAudit | user=jenkins1000 | ip=192.168.34.11 | op=SEND_HEARTBEAT {datanodeUUID=b7c5b48b-9294-4513-a286-a41a16d1a2cb, command=[]} | ret=SUCCESS |  
2019-08-23 10:04:49,664 | INFO  | SCMAudit | user=jenkins1000 | ip=192.168.34.11 | op=SEND_HEARTBEAT {datanodeUUID=7b18dc38-9e45-4799-92bc-3e52050f2105, command=[]} | ret=SUCCESS |  
2019-08-23 10:04:49,723 [EventQueue-StaleNodeForStaleNodeHandler] INFO  node.StaleNodeHandler (StaleNodeHandler.java:onMessage(58)) - Datanode 02fdabdd-783b-4687-aaad-f4e6848c1dc1{ip: 192.168.34.11, host: pr-hdds-1094-r7kqq-4265743569, networkLocation: /default-rack, certSerialId: null} moved to stale state. Finalizing its pipelines [PipelineID=e2397e39-649c-4492-a158-65affc1408d5, PipelineID=5cb4d287-dc28-4cc1-b2ee-159ec24aef19]
2019-08-23 10:04:49,723 [EventQueue-StaleNodeForStaleNodeHandler] INFO  pipeline.SCMPipelineManager (SCMPipelineManager.java:finalizeAndDestroyPipeline(309)) - destroying pipeline:Pipeline[ Id: e2397e39-649c-4492-a158-65affc1408d5, Nodes: 02fdabdd-783b-4687-aaad-f4e6848c1dc1{ip: 192.168.34.11, host: pr-hdds-1094-r7kqq-4265743569, networkLocation: /default-rack, certSerialId: null}c9e7da90-c5a5-4808-9794-4305bac07bb7{ip: 192.168.34.11, host: pr-hdds-1094-r7kqq-4265743569, networkLocation: /default-rack, certSerialId: null}b7c5b48b-9294-4513-a286-a41a16d1a2cb{ip: 192.168.34.11, host: pr-hdds-1094-r7kqq-4265743569, networkLocation: /default-rack, certSerialId: null}, Type:RATIS, Factor:THREE, State:CLOSED]
2019-08-23 10:04:49,724 [EventQueue-StaleNodeForStaleNodeHandler] INFO  pipeline.SCMPipelineManager (SCMPipelineManager.java:finalizeAndDestroyPipeline(309)) - destroying pipeline:Pipeline[ Id: 5cb4d287-dc28-4cc1-b2ee-159ec24aef19, Nodes: 02fdabdd-783b-4687-aaad-f4e6848c1dc1{ip: 192.168.34.11, host: pr-hdds-1094-r7kqq-4265743569, networkLocation: /default-rack, certSerialId: null}, Type:RATIS, Factor:ONE, State:OPEN]
2019-08-23 10:04:49,724 [EventQueue-StaleNodeForStaleNodeHandler] INFO  pipeline.PipelineStateManager (PipelineStateManager.java:finalizePipeline(123)) - Pipeline Pipeline[ Id: 5cb4d287-dc28-4cc1-b2ee-159ec24aef19, Nodes: 02fdabdd-783b-4687-aaad-f4e6848c1dc1{ip: 192.168.34.11, host: pr-hdds-1094-r7kqq-4265743569, networkLocation: /default-rack, certSerialId: null}, Type:RATIS, Factor:ONE, State:CLOSED] moved to CLOSED state
2019-08-23 10:04:49,968 [ForkJoinPool.commonPool-worker-1] INFO  ozoneimpl.OzoneContainer (OzoneContainer.java:stop(199)) - Attempting to stop container services.
2019-08-23 10:04:49,969 [ForkJoinPool.commonPool-worker-1] INFO  impl.RaftServerProxy (RaftServerProxy.java:lambda$close$4(314)) - 02fdabdd-783b-4687-aaad-f4e6848c1dc1: close
2019-08-23 10:04:49,969 [ForkJoinPool.commonPool-worker-1] INFO  impl.RaftServerImpl (RaftServerImpl.java:lambda$shutdown$3(245)) - 02fdabdd-783b-4687-aaad-f4e6848c1dc1: shutdown group-65AFFC1408D5
2019-08-23 10:04:49,970 [main] INFO  ozoneimpl.OzoneContainer (OzoneContainer.java:stop(199)) - Attempting to stop container services.
2019-08-23 10:04:49,970 [ForkJoinPool.commonPool-worker-1] INFO  util.JmxRegister (JmxRegister.java:unregister(73)) - Successfully un-registered JMX Bean with object name Ratis:service=RaftServer,group=group-65AFFC1408D5,id=02fdabdd-783b-4687-aaad-f4e6848c1dc1
2019-08-23 10:04:49,970 [main] INFO  impl.RaftServerProxy (RaftServerProxy.java:lambda$close$4(314)) - 2d79817c-83ab-4b4b-a173-9d1d58553336: close
2019-08-23 10:04:49,971 [ForkJoinPool.commonPool-worker-1] INFO  impl.RoleInfo (RoleInfo.java:shutdownFollowerState(121)) - 02fdabdd-783b-4687-aaad-f4e6848c1dc1: shutdown FollowerState
2019-08-23 10:04:49,971 [main] INFO  impl.RaftServerImpl (RaftServerImpl.java:lambda$shutdown$3(245)) - 2d79817c-83ab-4b4b-a173-9d1d58553336: shutdown group-D1385ACC3A7C
2019-08-23 10:04:49,972 [Thread-3481] INFO  impl.FollowerState (FollowerState.java:run(114)) - 02fdabdd-783b-4687-aaad-f4e6848c1dc1: FollowerState was interrupted: java.lang.InterruptedException: sleep interrupted
2019-08-23 10:04:49,972 [StateMachineUpdater:02fdabdd-783b-4687-aaad-f4e6848c1dc1:group-65AFFC1408D5] INFO  ratis.ContainerStateMachine (ContainerStateMachine.java:takeSnapshot(283)) - group-65AFFC1408D5: Taking a snapshot at:(t:3, i:13) file /workdir/hadoop-ozone/integration-test/target/test-dir/MiniOzoneClusterImpl-e3530e56-8be5-4e35-b41d-e6108e761a1d/datanode-2/data/ratis/e2397e39-649c-4492-a158-65affc1408d5/sm/snapshot.3_13
2019-08-23 10:04:49,971 [ForkJoinPool.commonPool-worker-1] INFO  impl.StateMachineUpdater (StateMachineUpdater.java:stopAndJoin(115)) - StateMachineUpdater:02fdabdd-783b-4687-aaad-f4e6848c1dc1:group-65AFFC1408D5: set stopIndex = 15
2019-08-23 10:04:49,972 [main] INFO  util.JmxRegister (JmxRegister.java:unregister(73)) - Successfully un-registered JMX Bean with object name Ratis:service=RaftServer,group=group-D1385ACC3A7C,id=2d79817c-83ab-4b4b-a173-9d1d58553336
2019-08-23 10:04:49,976 [main] INFO  impl.RoleInfo (RoleInfo.java:shutdownLeaderState(104)) - 2d79817c-83ab-4b4b-a173-9d1d58553336: shutdown LeaderState
2019-08-23 10:04:49,977 [main] INFO  impl.PendingRequests (PendingRequests.java:sendNotLeaderResponses(202)) - 2d79817c-83ab-4b4b-a173-9d1d58553336-PendingRequests: sendNotLeaderResponses
2019-08-23 10:04:49,977 [main] INFO  impl.StateMachineUpdater (StateMachineUpdater.java:stopAndJoin(115)) - StateMachineUpdater:2d79817c-83ab-4b4b-a173-9d1d58553336:group-D1385ACC3A7C: set stopIndex = 0
2019-08-23 10:04:49,978 [main] INFO  impl.RaftServerImpl (ServerState.java:close(394)) - 2d79817c-83ab-4b4b-a173-9d1d58553336:group-D1385ACC3A7C closes. The last applied log index is 0
2019-08-23 10:04:49,978 [2d79817c-83ab-4b4b-a173-9d1d58553336-SegmentedRaftLogWorker:Storage Directory /workdir/hadoop-ozone/integration-test/target/test-dir/MiniOzoneClusterImpl-e3530e56-8be5-4e35-b41d-e6108e761a1d/datanode-3/data/ratis/59380235-e425-4c39-a34a-d1385acc3a7c] INFO  segmented.SegmentedRaftLogWorker (SegmentedRaftLogWorker.java:run(313)) - 2d79817c-83ab-4b4b-a173-9d1d58553336-SegmentedRaftLogWorker:Storage Directory /workdir/hadoop-ozone/integration-test/target/test-dir/MiniOzoneClusterImpl-e3530e56-8be5-4e35-b41d-e6108e761a1d/datanode-3/data/ratis/59380235-e425-4c39-a34a-d1385acc3a7c was interrupted, exiting. There are 0 tasks remaining in the queue.
2019-08-23 10:04:49,980 [main] INFO  segmented.SegmentedRaftLogWorker (SegmentedRaftLogWorker.java:close(228)) - 2d79817c-83ab-4b4b-a173-9d1d58553336-SegmentedRaftLogWorker:Storage Directory /workdir/hadoop-ozone/integration-test/target/test-dir/MiniOzoneClusterImpl-e3530e56-8be5-4e35-b41d-e6108e761a1d/datanode-3/data/ratis/59380235-e425-4c39-a34a-d1385acc3a7c close()
2019-08-23 10:04:49,985 [main] INFO  impl.RaftServerImpl (RaftServerImpl.java:lambda$shutdown$3(245)) - 2d79817c-83ab-4b4b-a173-9d1d58553336: shutdown group-ABF59B3ADCDE
2019-08-23 10:04:49,985 [main] INFO  util.JmxRegister (JmxRegister.java:unregister(73)) - Successfully un-registered JMX Bean with object name Ratis:service=RaftServer,group=group-ABF59B3ADCDE,id=2d79817c-83ab-4b4b-a173-9d1d58553336
2019-08-23 10:04:49,985 [main] INFO  impl.RoleInfo (RoleInfo.java:shutdownFollowerState(121)) - 2d79817c-83ab-4b4b-a173-9d1d58553336: shutdown FollowerState
2019-08-23 10:04:49,986 [main] INFO  impl.StateMachineUpdater (StateMachineUpdater.java:stopAndJoin(115)) - StateMachineUpdater:2d79817c-83ab-4b4b-a173-9d1d58553336:group-ABF59B3ADCDE: set stopIndex = 18
2019-08-23 10:04:49,986 [Thread-3531] INFO  impl.FollowerState (FollowerState.java:run(114)) - 2d79817c-83ab-4b4b-a173-9d1d58553336: FollowerState was interrupted: java.lang.InterruptedException: sleep interrupted
2019-08-23 10:04:49,986 [StateMachineUpdater:2d79817c-83ab-4b4b-a173-9d1d58553336:group-ABF59B3ADCDE] INFO  ratis.ContainerStateMachine (ContainerStateMachine.java:takeSnapshot(283)) - group-ABF59B3ADCDE: Taking a snapshot at:(t:1, i:14) file /workdir/hadoop-ozone/integration-test/target/test-dir/MiniOzoneClusterImpl-e3530e56-8be5-4e35-b41d-e6108e761a1d/datanode-3/data/ratis/0c6786e4-2b14-4615-83b9-abf59b3adcde/sm/snapshot.1_14
2019-08-23 10:04:49,989 [StateMachineUpdater:02fdabdd-783b-4687-aaad-f4e6848c1dc1:group-65AFFC1408D5] INFO  ratis.ContainerStateMachine (ContainerStateMachine.java:takeSnapshot(294)) - group-65AFFC1408D5: Finished taking a snapshot at:(t:3, i:13) file:/workdir/hadoop-ozone/integration-test/target/test-dir/MiniOzoneClusterImpl-e3530e56-8be5-4e35-b41d-e6108e761a1d/datanode-2/data/ratis/e2397e39-649c-4492-a158-65affc1408d5/sm/snapshot.3_13 time:17
2019-08-23 10:04:49,989 [StateMachineUpdater:02fdabdd-783b-4687-aaad-f4e6848c1dc1:group-65AFFC1408D5] INFO  impl.StateMachineUpdater (StateMachineUpdater.java:takeSnapshot(242)) - StateMachineUpdater:02fdabdd-783b-4687-aaad-f4e6848c1dc1:group-65AFFC1408D5: Took a snapshot at index 13
2019-08-23 10:04:49,989 [StateMachineUpdater:02fdabdd-783b-4687-aaad-f4e6848c1dc1:group-65AFFC1408D5] INFO  impl.StateMachineUpdater (StateMachineUpdater.java:lambda$new$0(80)) - StateMachineUpdater:02fdabdd-783b-4687-aaad-f4e6848c1dc1:group-65AFFC1408D5: snapshotIndex: updateIncreasingly -1 -> 13
2019-08-23 10:04:49,989 [ForkJoinPool.commonPool-worker-1] INFO  impl.RaftServerImpl (ServerState.java:close(394)) - 02fdabdd-783b-4687-aaad-f4e6848c1dc1:group-65AFFC1408D5 closes. The last applied log index is 15
2019-08-23 10:04:49,990 [02fdabdd-783b-4687-aaad-f4e6848c1dc1-SegmentedRaftLogWorker:Storage Directory /workdir/hadoop-ozone/integration-test/target/test-dir/MiniOzoneClusterImpl-e3530e56-8be5-4e35-b41d-e6108e761a1d/datanode-2/data/ratis/e2397e39-649c-4492-a158-65affc1408d5] INFO  segmented.SegmentedRaftLogWorker (SegmentedRaftLogWorker.java:run(313)) - 02fdabdd-783b-4687-aaad-f4e6848c1dc1-SegmentedRaftLogWorker:Storage Directory /workdir/hadoop-ozone/integration-test/target/test-dir/MiniOzoneClusterImpl-e3530e56-8be5-4e35-b41d-e6108e761a1d/datanode-2/data/ratis/e2397e39-649c-4492-a158-65affc1408d5 was interrupted, exiting. There are 0 tasks remaining in the queue.
2019-08-23 10:04:49,992 [StateMachineUpdater:2d79817c-83ab-4b4b-a173-9d1d58553336:group-ABF59B3ADCDE] INFO  ratis.ContainerStateMachine (ContainerStateMachine.java:takeSnapshot(294)) - group-ABF59B3ADCDE: Finished taking a snapshot at:(t:1, i:14) file:/workdir/hadoop-ozone/integration-test/target/test-dir/MiniOzoneClusterImpl-e3530e56-8be5-4e35-b41d-e6108e761a1d/datanode-3/data/ratis/0c6786e4-2b14-4615-83b9-abf59b3adcde/sm/snapshot.1_14 time:6
2019-08-23 10:04:49,992 [ForkJoinPool.commonPool-worker-1] INFO  segmented.SegmentedRaftLogWorker (SegmentedRaftLogWorker.java:close(228)) - 02fdabdd-783b-4687-aaad-f4e6848c1dc1-SegmentedRaftLogWorker:Storage Directory /workdir/hadoop-ozone/integration-test/target/test-dir/MiniOzoneClusterImpl-e3530e56-8be5-4e35-b41d-e6108e761a1d/datanode-2/data/ratis/e2397e39-649c-4492-a158-65affc1408d5 close()
2019-08-23 10:04:49,992 [StateMachineUpdater:2d79817c-83ab-4b4b-a173-9d1d58553336:group-ABF59B3ADCDE] INFO  impl.StateMachineUpdater (StateMachineUpdater.java:takeSnapshot(242)) - StateMachineUpdater:2d79817c-83ab-4b4b-a173-9d1d58553336:group-ABF59B3ADCDE: Took a snapshot at index 14
2019-08-23 10:04:49,996 [StateMachineUpdater:2d79817c-83ab-4b4b-a173-9d1d58553336:group-ABF59B3ADCDE] INFO  impl.StateMachineUpdater (StateMachineUpdater.java:lambda$new$0(80)) - StateMachineUpdater:2d79817c-83ab-4b4b-a173-9d1d58553336:group-ABF59B3ADCDE: snapshotIndex: updateIncreasingly -1 -> 14
2019-08-23 10:04:49,996 [ForkJoinPool.commonPool-worker-1] INFO  impl.RaftServerImpl (RaftServerImpl.java:lambda$shutdown$3(245)) - 02fdabdd-783b-4687-aaad-f4e6848c1dc1: shutdown group-159EC24AEF19
2019-08-23 10:04:49,996 [main] INFO  impl.RaftServerImpl (ServerState.java:close(394)) - 2d79817c-83ab-4b4b-a173-9d1d58553336:group-ABF59B3ADCDE closes. The last applied log index is 18
2019-08-23 10:04:49,996 [ForkJoinPool.commonPool-worker-1] INFO  util.JmxRegister (JmxRegister.java:unregister(73)) - Successfully un-registered JMX Bean with object name Ratis:service=RaftServer,group=group-159EC24AEF19,id=02fdabdd-783b-4687-aaad-f4e6848c1dc1
2019-08-23 10:04:49,997 [2d79817c-83ab-4b4b-a173-9d1d58553336-SegmentedRaftLogWorker:Storage Directory /workdir/hadoop-ozone/integration-test/target/test-dir/MiniOzoneClusterImpl-e3530e56-8be5-4e35-b41d-e6108e761a1d/datanode-3/data/ratis/0c6786e4-2b14-4615-83b9-abf59b3adcde] INFO  segmented.SegmentedRaftLogWorker (SegmentedRaftLogWorker.java:run(313)) - 2d79817c-83ab-4b4b-a173-9d1d58553336-SegmentedRaftLogWorker:Storage Directory /workdir/hadoop-ozone/integration-test/target/test-dir/MiniOzoneClusterImpl-e3530e56-8be5-4e35-b41d-e6108e761a1d/datanode-3/data/ratis/0c6786e4-2b14-4615-83b9-abf59b3adcde was interrupted, exiting. There are 0 tasks remaining in the queue.
2019-08-23 10:04:49,997 [ForkJoinPool.commonPool-worker-1] INFO  impl.RoleInfo (RoleInfo.java:shutdownLeaderState(104)) - 02fdabdd-783b-4687-aaad-f4e6848c1dc1: shutdown LeaderState
2019-08-23 10:04:49,999 [main] INFO  segmented.SegmentedRaftLogWorker (SegmentedRaftLogWorker.java:close(228)) - 2d79817c-83ab-4b4b-a173-9d1d58553336-SegmentedRaftLogWorker:Storage Directory /workdir/hadoop-ozone/integration-test/target/test-dir/MiniOzoneClusterImpl-e3530e56-8be5-4e35-b41d-e6108e761a1d/datanode-3/data/ratis/0c6786e4-2b14-4615-83b9-abf59b3adcde close()
2019-08-23 10:04:49,999 [ForkJoinPool.commonPool-worker-1] INFO  impl.PendingRequests (PendingRequests.java:sendNotLeaderResponses(202)) - 02fdabdd-783b-4687-aaad-f4e6848c1dc1-PendingRequests: sendNotLeaderResponses
2019-08-23 10:04:50,004 [main] INFO  server.GrpcService (GrpcService.java:closeImpl(155)) - 2d79817c-83ab-4b4b-a173-9d1d58553336: shutdown server with port 36277 now
2019-08-23 10:04:50,004 [ForkJoinPool.commonPool-worker-1] INFO  impl.StateMachineUpdater (StateMachineUpdater.java:stopAndJoin(115)) - StateMachineUpdater:02fdabdd-783b-4687-aaad-f4e6848c1dc1:group-159EC24AEF19: set stopIndex = 0
2019-08-23 10:04:50,004 [main] INFO  server.GrpcService (GrpcService.java:closeImpl(163)) - 2d79817c-83ab-4b4b-a173-9d1d58553336: shutdown server with port 36277 successfully
2019-08-23 10:04:50,005 [ForkJoinPool.commonPool-worker-1] INFO  impl.RaftServerImpl (ServerState.java:close(394)) - 02fdabdd-783b-4687-aaad-f4e6848c1dc1:group-159EC24AEF19 closes. The last applied log index is 0
2019-08-23 10:04:50,006 [02fdabdd-783b-4687-aaad-f4e6848c1dc1-SegmentedRaftLogWorker:Storage Directory /workdir/hadoop-ozone/integration-test/target/test-dir/MiniOzoneClusterImpl-e3530e56-8be5-4e35-b41d-e6108e761a1d/datanode-2/data/ratis/5cb4d287-dc28-4cc1-b2ee-159ec24aef19] INFO  segmented.SegmentedRaftLogWorker (SegmentedRaftLogWorker.java:run(313)) - 02fdabdd-783b-4687-aaad-f4e6848c1dc1-SegmentedRaftLogWorker:Storage Directory /workdir/hadoop-ozone/integration-test/target/test-dir/MiniOzoneClusterImpl-e3530e56-8be5-4e35-b41d-e6108e761a1d/datanode-2/data/ratis/5cb4d287-dc28-4cc1-b2ee-159ec24aef19 was interrupted, exiting. There are 0 tasks remaining in the queue.
2019-08-23 10:04:50,015 [ForkJoinPool.commonPool-worker-1] INFO  segmented.SegmentedRaftLogWorker (SegmentedRaftLogWorker.java:close(228)) - 02fdabdd-783b-4687-aaad-f4e6848c1dc1-SegmentedRaftLogWorker:Storage Directory /workdir/hadoop-ozone/integration-test/target/test-dir/MiniOzoneClusterImpl-e3530e56-8be5-4e35-b41d-e6108e761a1d/datanode-2/data/ratis/5cb4d287-dc28-4cc1-b2ee-159ec24aef19 close()
2019-08-23 10:04:50,016 [main] INFO  utils.BackgroundService (BackgroundService.java:shutdown(148)) - Shutting down service BlockDeletingService
2019-08-23 10:04:50,018 [ForkJoinPool.commonPool-worker-1] INFO  server.GrpcService (GrpcService.java:closeImpl(155)) - 02fdabdd-783b-4687-aaad-f4e6848c1dc1: shutdown server with port 41420 now
2019-08-23 10:04:50,019 [ForkJoinPool.commonPool-worker-1] INFO  server.GrpcService (GrpcService.java:closeImpl(163)) - 02fdabdd-783b-4687-aaad-f4e6848c1dc1: shutdown server with port 41420 successfully
2019-08-23 10:04:50,020 [refreshUsed-/workdir/hadoop-ozone/integration-test/target/test-dir/MiniOzoneClusterImpl-e3530e56-8be5-4e35-b41d-e6108e761a1d/datanode-3/data/containers] WARN  fs.CachingGetSpaceUsed (CachingGetSpaceUsed.java:run(183)) - Thread Interrupted waiting to refresh disk information: sleep interrupted
2019-08-23 10:04:50,025 [ForkJoinPool.commonPool-worker-1] INFO  utils.BackgroundService (BackgroundService.java:shutdown(148)) - Shutting down service BlockDeletingService
2019-08-23 10:04:50,028 [refreshUsed-/workdir/hadoop-ozone/integration-test/target/test-dir/MiniOzoneClusterImpl-e3530e56-8be5-4e35-b41d-e6108e761a1d/datanode-2/data/containers] WARN  fs.CachingGetSpaceUsed (CachingGetSpaceUsed.java:run(183)) - Thread Interrupted waiting to refresh disk information: sleep interrupted
2019-08-23 10:04:50,045 [main] INFO  statemachine.DatanodeStateMachine (DatanodeStateMachine.java:stopDaemon(395)) - Ozone container server stopped.
2019-08-23 10:04:50,047 [main] INFO  handler.ContextHandler (ContextHandler.java:doStop(910)) - Stopped o.e.j.w.WebAppContext@2527765a{/,null,UNAVAILABLE}{/hddsDatanode}
2019-08-23 10:04:50,047 [main] INFO  server.AbstractConnector (AbstractConnector.java:doStop(318)) - Stopped ServerConnector@6ea4b4b2{HTTP/1.1,[http/1.1]}{0.0.0.0:0}
2019-08-23 10:04:50,048 [main] INFO  handler.ContextHandler (ContextHandler.java:doStop(910)) - Stopped o.e.j.s.ServletContextHandler@402fcf14{/static,jar:file:/home/user/.m2/repository/org/apache/hadoop/hadoop-hdds-container-service/0.5.0-SNAPSHOT/hadoop-hdds-container-service-0.5.0-SNAPSHOT.jar!/webapps/static,UNAVAILABLE}
2019-08-23 10:04:50,048 [main] INFO  handler.ContextHandler (ContextHandler.java:doStop(910)) - Stopped o.e.j.s.ServletContextHandler@2ff4d61b{/logs,file:///workdir/hadoop-ozone/integration-test/target/log,UNAVAILABLE}
2019-08-23 10:04:50,054 [ForkJoinPool.commonPool-worker-1] INFO  statemachine.DatanodeStateMachine (DatanodeStateMachine.java:stopDaemon(395)) - Ozone container server stopped.
2019-08-23 10:04:50,054 [main] INFO  datanode.ObjectStoreHandler (ObjectStoreHandler.java:close(155)) - Closing ObjectStoreHandler.
2019-08-23 10:04:50,059 [main] INFO  ozone.HddsDatanodeService (HddsDatanodeService.java:stop(451)) - Stopped plug-in org.apache.hadoop.ozone.web.OzoneHddsDatanodeService@57a259c1
2019-08-23 10:04:50,060 [ForkJoinPool.commonPool-worker-1] INFO  handler.ContextHandler (ContextHandler.java:doStop(910)) - Stopped o.e.j.w.WebAppContext@3448a248{/,null,UNAVAILABLE}{/hddsDatanode}
2019-08-23 10:04:50,061 [ForkJoinPool.commonPool-worker-1] INFO  server.AbstractConnector (AbstractConnector.java:doStop(318)) - Stopped ServerConnector@8788194{HTTP/1.1,[http/1.1]}{0.0.0.0:0}
2019-08-23 10:04:50,063 [ForkJoinPool.commonPool-worker-1] INFO  handler.ContextHandler (ContextHandler.java:doStop(910)) - Stopped o.e.j.s.ServletContextHandler@4f9191c1{/static,jar:file:/home/user/.m2/repository/org/apache/hadoop/hadoop-hdds-container-service/0.5.0-SNAPSHOT/hadoop-hdds-container-service-0.5.0-SNAPSHOT.jar!/webapps/static,UNAVAILABLE}
2019-08-23 10:04:50,064 [ForkJoinPool.commonPool-worker-1] INFO  handler.ContextHandler (ContextHandler.java:doStop(910)) - Stopped o.e.j.s.ServletContextHandler@5e752a2a{/logs,file:///workdir/hadoop-ozone/integration-test/target/log,UNAVAILABLE}
2019-08-23 10:04:50,065 [ForkJoinPool.commonPool-worker-1] INFO  datanode.ObjectStoreHandler (ObjectStoreHandler.java:close(155)) - Closing ObjectStoreHandler.
2019-08-23 10:04:50,065 [ForkJoinPool.commonPool-worker-1] INFO  ozone.HddsDatanodeService (HddsDatanodeService.java:stop(451)) - Stopped plug-in org.apache.hadoop.ozone.web.OzoneHddsDatanodeService@36a59d8
2019-08-23 10:04:50,662 [Datanode State Machine Thread - 0] INFO  statemachine.DatanodeStateMachine (DatanodeStateMachine.java:lambda$startDaemon$0(350)) - Ozone container server started.
2019-08-23 10:04:50,664 [Datanode State Machine Thread - 0] INFO  statemachine.DatanodeStateMachine (DatanodeStateMachine.java:lambda$startDaemon$0(350)) - Ozone container server started.
2019-08-23 10:04:53,453 [Thread-3490] INFO  impl.FollowerState (FollowerState.java:run(106)) - b7c5b48b-9294-4513-a286-a41a16d1a2cb:group-65AFFC1408D5 changes to CANDIDATE, lastRpcTime:8658, electionTimeout:5169ms
2019-08-23 10:04:53,453 [Thread-3490] INFO  impl.RoleInfo (RoleInfo.java:shutdownFollowerState(121)) - b7c5b48b-9294-4513-a286-a41a16d1a2cb: shutdown FollowerState
2019-08-23 10:04:53,453 [Thread-3490] INFO  impl.RaftServerImpl (RaftServerImpl.java:setRole(171)) - b7c5b48b-9294-4513-a286-a41a16d1a2cb:group-65AFFC1408D5 changes role from FOLLOWER to CANDIDATE at term 3 for changeToCandidate
2019-08-23 10:04:53,453 [Thread-3490] INFO  impl.RoleInfo (RoleInfo.java:updateAndGet(143)) - b7c5b48b-9294-4513-a286-a41a16d1a2cb: start LeaderElection
2019-08-23 10:04:53,456 [b7c5b48b-9294-4513-a286-a41a16d1a2cb:group-65AFFC1408D5:LeaderElection70] INFO  impl.RaftServerImpl (ServerState.java:setLeader(263)) - b7c5b48b-9294-4513-a286-a41a16d1a2cb:group-65AFFC1408D5 change Leader from c9e7da90-c5a5-4808-9794-4305bac07bb7 to null at term 3 for initElection
2019-08-23 10:04:53,482 [b7c5b48b-9294-4513-a286-a41a16d1a2cb:group-65AFFC1408D5:LeaderElection70] INFO  impl.LeaderElection (LeaderElection.java:askForVotes(181)) - b7c5b48b-9294-4513-a286-a41a16d1a2cb:group-65AFFC1408D5:LeaderElection70: begin an election at term 4 for 0: [02fdabdd-783b-4687-aaad-f4e6848c1dc1:192.168.34.11:41420, b7c5b48b-9294-4513-a286-a41a16d1a2cb:192.168.34.11:32823, c9e7da90-c5a5-4808-9794-4305bac07bb7:192.168.34.11:34916], old=null
2019-08-23 10:04:53,485 [b7c5b48b-9294-4513-a286-a41a16d1a2cb:group-65AFFC1408D5:LeaderElection70] INFO  impl.LeaderElection (LogUtils.java:infoOrTrace(149)) - b7c5b48b-9294-4513-a286-a41a16d1a2cb:group-65AFFC1408D5:LeaderElection70 got exception when requesting votes: {}
java.util.concurrent.ExecutionException: org.apache.ratis.thirdparty.io.grpc.StatusRuntimeException: UNAVAILABLE: io exception
	at java.util.concurrent.FutureTask.report(FutureTask.java:122)
	at java.util.concurrent.FutureTask.get(FutureTask.java:192)
	at org.apache.ratis.server.impl.LeaderElection.waitForResults(LeaderElection.java:262)
	at org.apache.ratis.server.impl.LeaderElection.askForVotes(LeaderElection.java:200)
	at org.apache.ratis.server.impl.LeaderElection.run(LeaderElection.java:130)
	at java.lang.Thread.run(Thread.java:748)
Caused by: org.apache.ratis.thirdparty.io.grpc.StatusRuntimeException: UNAVAILABLE: io exception
	at org.apache.ratis.thirdparty.io.grpc.stub.ClientCalls.toStatusRuntimeException(ClientCalls.java:233)
	at org.apache.ratis.thirdparty.io.grpc.stub.ClientCalls.getUnchecked(ClientCalls.java:214)
	at org.apache.ratis.thirdparty.io.grpc.stub.ClientCalls.blockingUnaryCall(ClientCalls.java:139)
	at org.apache.ratis.proto.grpc.RaftServerProtocolServiceGrpc$RaftServerProtocolServiceBlockingStub.requestVote(RaftServerProtocolServiceGrpc.java:265)
	at org.apache.ratis.grpc.server.GrpcServerProtocolClient.requestVote(GrpcServerProtocolClient.java:83)
	at org.apache.ratis.grpc.server.GrpcService.requestVote(GrpcService.java:195)
	at org.apache.ratis.server.impl.LeaderElection.lambda$submitRequests$1(LeaderElection.java:237)
	at java.util.concurrent.FutureTask.run(FutureTask.java:266)
	at java.util.concurrent.Executors$RunnableAdapter.call(Executors.java:511)
	at java.util.concurrent.FutureTask.run(FutureTask.java:266)
	at java.util.concurrent.ThreadPoolExecutor.runWorker(ThreadPoolExecutor.java:1149)
	at java.util.concurrent.ThreadPoolExecutor$Worker.run(ThreadPoolExecutor.java:624)
	... 1 more
Caused by: org.apache.ratis.thirdparty.io.netty.channel.AbstractChannel$AnnotatedConnectException: Connection refused: /192.168.34.11:41420
	at sun.nio.ch.SocketChannelImpl.checkConnect(Native Method)
	at sun.nio.ch.SocketChannelImpl.finishConnect(SocketChannelImpl.java:717)
	at org.apache.ratis.thirdparty.io.netty.channel.socket.nio.NioSocketChannel.doFinishConnect(NioSocketChannel.java:327)
	at org.apache.ratis.thirdparty.io.netty.channel.nio.AbstractNioChannel$AbstractNioUnsafe.finishConnect(AbstractNioChannel.java:340)
	at org.apache.ratis.thirdparty.io.netty.channel.nio.NioEventLoop.processSelectedKey(NioEventLoop.java:632)
	at org.apache.ratis.thirdparty.io.netty.channel.nio.NioEventLoop.processSelectedKeysOptimized(NioEventLoop.java:579)
	at org.apache.ratis.thirdparty.io.netty.channel.nio.NioEventLoop.processSelectedKeys(NioEventLoop.java:496)
	at org.apache.ratis.thirdparty.io.netty.channel.nio.NioEventLoop.run(NioEventLoop.java:458)
	at org.apache.ratis.thirdparty.io.netty.util.concurrent.SingleThreadEventExecutor$5.run(SingleThreadEventExecutor.java:897)
	at org.apache.ratis.thirdparty.io.netty.util.concurrent.FastThreadLocalRunnable.run(FastThreadLocalRunnable.java:30)
	... 1 more
Caused by: java.net.ConnectException: Connection refused
	... 11 more
2019-08-23 10:04:53,487 [b7c5b48b-9294-4513-a286-a41a16d1a2cb:group-65AFFC1408D5:LeaderElection70] INFO  impl.LeaderElection (LogUtils.java:infoOrTrace(149)) - b7c5b48b-9294-4513-a286-a41a16d1a2cb:group-65AFFC1408D5:LeaderElection70 got exception when requesting votes: {}
java.util.concurrent.ExecutionException: org.apache.ratis.thirdparty.io.grpc.StatusRuntimeException: UNAVAILABLE: io exception
	at java.util.concurrent.FutureTask.report(FutureTask.java:122)
	at java.util.concurrent.FutureTask.get(FutureTask.java:192)
	at org.apache.ratis.server.impl.LeaderElection.waitForResults(LeaderElection.java:262)
	at org.apache.ratis.server.impl.LeaderElection.askForVotes(LeaderElection.java:200)
	at org.apache.ratis.server.impl.LeaderElection.run(LeaderElection.java:130)
	at java.lang.Thread.run(Thread.java:748)
Caused by: org.apache.ratis.thirdparty.io.grpc.StatusRuntimeException: UNAVAILABLE: io exception
	at org.apache.ratis.thirdparty.io.grpc.stub.ClientCalls.toStatusRuntimeException(ClientCalls.java:233)
	at org.apache.ratis.thirdparty.io.grpc.stub.ClientCalls.getUnchecked(ClientCalls.java:214)
	at org.apache.ratis.thirdparty.io.grpc.stub.ClientCalls.blockingUnaryCall(ClientCalls.java:139)
	at org.apache.ratis.proto.grpc.RaftServerProtocolServiceGrpc$RaftServerProtocolServiceBlockingStub.requestVote(RaftServerProtocolServiceGrpc.java:265)
	at org.apache.ratis.grpc.server.GrpcServerProtocolClient.requestVote(GrpcServerProtocolClient.java:83)
	at org.apache.ratis.grpc.server.GrpcService.requestVote(GrpcService.java:195)
	at org.apache.ratis.server.impl.LeaderElection.lambda$submitRequests$1(LeaderElection.java:237)
	at java.util.concurrent.FutureTask.run(FutureTask.java:266)
	at java.util.concurrent.Executors$RunnableAdapter.call(Executors.java:511)
	at java.util.concurrent.FutureTask.run(FutureTask.java:266)
	at java.util.concurrent.ThreadPoolExecutor.runWorker(ThreadPoolExecutor.java:1149)
	at java.util.concurrent.ThreadPoolExecutor$Worker.run(ThreadPoolExecutor.java:624)
	... 1 more
Caused by: org.apache.ratis.thirdparty.io.netty.channel.AbstractChannel$AnnotatedConnectException: Connection refused: /192.168.34.11:34916
	at sun.nio.ch.SocketChannelImpl.checkConnect(Native Method)
	at sun.nio.ch.SocketChannelImpl.finishConnect(SocketChannelImpl.java:717)
	at org.apache.ratis.thirdparty.io.netty.channel.socket.nio.NioSocketChannel.doFinishConnect(NioSocketChannel.java:327)
	at org.apache.ratis.thirdparty.io.netty.channel.nio.AbstractNioChannel$AbstractNioUnsafe.finishConnect(AbstractNioChannel.java:340)
	at org.apache.ratis.thirdparty.io.netty.channel.nio.NioEventLoop.processSelectedKey(NioEventLoop.java:632)
	at org.apache.ratis.thirdparty.io.netty.channel.nio.NioEventLoop.processSelectedKeysOptimized(NioEventLoop.java:579)
	at org.apache.ratis.thirdparty.io.netty.channel.nio.NioEventLoop.processSelectedKeys(NioEventLoop.java:496)
	at org.apache.ratis.thirdparty.io.netty.channel.nio.NioEventLoop.run(NioEventLoop.java:458)
	at org.apache.ratis.thirdparty.io.netty.util.concurrent.SingleThreadEventExecutor$5.run(SingleThreadEventExecutor.java:897)
	at org.apache.ratis.thirdparty.io.netty.util.concurrent.FastThreadLocalRunnable.run(FastThreadLocalRunnable.java:30)
	... 1 more
Caused by: java.net.ConnectException: Connection refused
	... 11 more
2019-08-23 10:04:53,489 [b7c5b48b-9294-4513-a286-a41a16d1a2cb:group-65AFFC1408D5:LeaderElection70] INFO  impl.LeaderElection (LeaderElection.java:logAndReturn(56)) - b7c5b48b-9294-4513-a286-a41a16d1a2cb:group-65AFFC1408D5:LeaderElection70: Election REJECTED; received 0 response(s) [] and 2 exception(s); b7c5b48b-9294-4513-a286-a41a16d1a2cb:t4, leader=null, voted=b7c5b48b-9294-4513-a286-a41a16d1a2cb, raftlog=b7c5b48b-9294-4513-a286-a41a16d1a2cb-SegmentedRaftLog:OPENED:c15,f15,i15, conf=0: [02fdabdd-783b-4687-aaad-f4e6848c1dc1:192.168.34.11:41420, b7c5b48b-9294-4513-a286-a41a16d1a2cb:192.168.34.11:32823, c9e7da90-c5a5-4808-9794-4305bac07bb7:192.168.34.11:34916], old=null
2019-08-23 10:04:53,490 [b7c5b48b-9294-4513-a286-a41a16d1a2cb:group-65AFFC1408D5:LeaderElection70] INFO  impl.LeaderElection (LogUtils.java:infoOrTrace(149)) -   Exception 0: {}
java.util.concurrent.ExecutionException: org.apache.ratis.thirdparty.io.grpc.StatusRuntimeException: UNAVAILABLE: io exception
	at java.util.concurrent.FutureTask.report(FutureTask.java:122)
	at java.util.concurrent.FutureTask.get(FutureTask.java:192)
	at org.apache.ratis.server.impl.LeaderElection.waitForResults(LeaderElection.java:262)
	at org.apache.ratis.server.impl.LeaderElection.askForVotes(LeaderElection.java:200)
	at org.apache.ratis.server.impl.LeaderElection.run(LeaderElection.java:130)
	at java.lang.Thread.run(Thread.java:748)
Caused by: org.apache.ratis.thirdparty.io.grpc.StatusRuntimeException: UNAVAILABLE: io exception
	at org.apache.ratis.thirdparty.io.grpc.stub.ClientCalls.toStatusRuntimeException(ClientCalls.java:233)
	at org.apache.ratis.thirdparty.io.grpc.stub.ClientCalls.getUnchecked(ClientCalls.java:214)
	at org.apache.ratis.thirdparty.io.grpc.stub.ClientCalls.blockingUnaryCall(ClientCalls.java:139)
	at org.apache.ratis.proto.grpc.RaftServerProtocolServiceGrpc$RaftServerProtocolServiceBlockingStub.requestVote(RaftServerProtocolServiceGrpc.java:265)
	at org.apache.ratis.grpc.server.GrpcServerProtocolClient.requestVote(GrpcServerProtocolClient.java:83)
	at org.apache.ratis.grpc.server.GrpcService.requestVote(GrpcService.java:195)
	at org.apache.ratis.server.impl.LeaderElection.lambda$submitRequests$1(LeaderElection.java:237)
	at java.util.concurrent.FutureTask.run(FutureTask.java:266)
	at java.util.concurrent.Executors$RunnableAdapter.call(Executors.java:511)
	at java.util.concurrent.FutureTask.run(FutureTask.java:266)
	at java.util.concurrent.ThreadPoolExecutor.runWorker(ThreadPoolExecutor.java:1149)
	at java.util.concurrent.ThreadPoolExecutor$Worker.run(ThreadPoolExecutor.java:624)
	... 1 more
Caused by: org.apache.ratis.thirdparty.io.netty.channel.AbstractChannel$AnnotatedConnectException: Connection refused: /192.168.34.11:41420
	at sun.nio.ch.SocketChannelImpl.checkConnect(Native Method)
	at sun.nio.ch.SocketChannelImpl.finishConnect(SocketChannelImpl.java:717)
	at org.apache.ratis.thirdparty.io.netty.channel.socket.nio.NioSocketChannel.doFinishConnect(NioSocketChannel.java:327)
	at org.apache.ratis.thirdparty.io.netty.channel.nio.AbstractNioChannel$AbstractNioUnsafe.finishConnect(AbstractNioChannel.java:340)
	at org.apache.ratis.thirdparty.io.netty.channel.nio.NioEventLoop.processSelectedKey(NioEventLoop.java:632)
	at org.apache.ratis.thirdparty.io.netty.channel.nio.NioEventLoop.processSelectedKeysOptimized(NioEventLoop.java:579)
	at org.apache.ratis.thirdparty.io.netty.channel.nio.NioEventLoop.processSelectedKeys(NioEventLoop.java:496)
	at org.apache.ratis.thirdparty.io.netty.channel.nio.NioEventLoop.run(NioEventLoop.java:458)
	at org.apache.ratis.thirdparty.io.netty.util.concurrent.SingleThreadEventExecutor$5.run(SingleThreadEventExecutor.java:897)
	at org.apache.ratis.thirdparty.io.netty.util.concurrent.FastThreadLocalRunnable.run(FastThreadLocalRunnable.java:30)
	... 1 more
Caused by: java.net.ConnectException: Connection refused
	... 11 more
2019-08-23 10:04:53,490 [b7c5b48b-9294-4513-a286-a41a16d1a2cb:group-65AFFC1408D5:LeaderElection70] INFO  impl.LeaderElection (LogUtils.java:infoOrTrace(149)) -   Exception 1: {}
java.util.concurrent.ExecutionException: org.apache.ratis.thirdparty.io.grpc.StatusRuntimeException: UNAVAILABLE: io exception
	at java.util.concurrent.FutureTask.report(FutureTask.java:122)
	at java.util.concurrent.FutureTask.get(FutureTask.java:192)
	at org.apache.ratis.server.impl.LeaderElection.waitForResults(LeaderElection.java:262)
	at org.apache.ratis.server.impl.LeaderElection.askForVotes(LeaderElection.java:200)
	at org.apache.ratis.server.impl.LeaderElection.run(LeaderElection.java:130)
	at java.lang.Thread.run(Thread.java:748)
Caused by: org.apache.ratis.thirdparty.io.grpc.StatusRuntimeException: UNAVAILABLE: io exception
	at org.apache.ratis.thirdparty.io.grpc.stub.ClientCalls.toStatusRuntimeException(ClientCalls.java:233)
	at org.apache.ratis.thirdparty.io.grpc.stub.ClientCalls.getUnchecked(ClientCalls.java:214)
	at org.apache.ratis.thirdparty.io.grpc.stub.ClientCalls.blockingUnaryCall(ClientCalls.java:139)
	at org.apache.ratis.proto.grpc.RaftServerProtocolServiceGrpc$RaftServerProtocolServiceBlockingStub.requestVote(RaftServerProtocolServiceGrpc.java:265)
	at org.apache.ratis.grpc.server.GrpcServerProtocolClient.requestVote(GrpcServerProtocolClient.java:83)
	at org.apache.ratis.grpc.server.GrpcService.requestVote(GrpcService.java:195)
	at org.apache.ratis.server.impl.LeaderElection.lambda$submitRequests$1(LeaderElection.java:237)
	at java.util.concurrent.FutureTask.run(FutureTask.java:266)
	at java.util.concurrent.Executors$RunnableAdapter.call(Executors.java:511)
	at java.util.concurrent.FutureTask.run(FutureTask.java:266)
	at java.util.concurrent.ThreadPoolExecutor.runWorker(ThreadPoolExecutor.java:1149)
	at java.util.concurrent.ThreadPoolExecutor$Worker.run(ThreadPoolExecutor.java:624)
	... 1 more
Caused by: org.apache.ratis.thirdparty.io.netty.channel.AbstractChannel$AnnotatedConnectException: Connection refused: /192.168.34.11:34916
	at sun.nio.ch.SocketChannelImpl.checkConnect(Native Method)
	at sun.nio.ch.SocketChannelImpl.finishConnect(SocketChannelImpl.java:717)
	at org.apache.ratis.thirdparty.io.netty.channel.socket.nio.NioSocketChannel.doFinishConnect(NioSocketChannel.java:327)
	at org.apache.ratis.thirdparty.io.netty.channel.nio.AbstractNioChannel$AbstractNioUnsafe.finishConnect(AbstractNioChannel.java:340)
	at org.apache.ratis.thirdparty.io.netty.channel.nio.NioEventLoop.processSelectedKey(NioEventLoop.java:632)
	at org.apache.ratis.thirdparty.io.netty.channel.nio.NioEventLoop.processSelectedKeysOptimized(NioEventLoop.java:579)
	at org.apache.ratis.thirdparty.io.netty.channel.nio.NioEventLoop.processSelectedKeys(NioEventLoop.java:496)
	at org.apache.ratis.thirdparty.io.netty.channel.nio.NioEventLoop.run(NioEventLoop.java:458)
	at org.apache.ratis.thirdparty.io.netty.util.concurrent.SingleThreadEventExecutor$5.run(SingleThreadEventExecutor.java:897)
	at org.apache.ratis.thirdparty.io.netty.util.concurrent.FastThreadLocalRunnable.run(FastThreadLocalRunnable.java:30)
	... 1 more
Caused by: java.net.ConnectException: Connection refused
	... 11 more
2019-08-23 10:04:53,490 [b7c5b48b-9294-4513-a286-a41a16d1a2cb:group-65AFFC1408D5:LeaderElection70] INFO  impl.RaftServerImpl (RaftServerImpl.java:setRole(171)) - b7c5b48b-9294-4513-a286-a41a16d1a2cb:group-65AFFC1408D5 changes role from CANDIDATE to FOLLOWER at term 4 for DISCOVERED_A_NEW_TERM
2019-08-23 10:04:53,490 [b7c5b48b-9294-4513-a286-a41a16d1a2cb:group-65AFFC1408D5:LeaderElection70] INFO  impl.RoleInfo (RoleInfo.java:shutdownLeaderElection(134)) - b7c5b48b-9294-4513-a286-a41a16d1a2cb: shutdown LeaderElection
2019-08-23 10:04:53,491 [b7c5b48b-9294-4513-a286-a41a16d1a2cb:group-65AFFC1408D5:LeaderElection70] INFO  impl.RoleInfo (RoleInfo.java:updateAndGet(143)) - b7c5b48b-9294-4513-a286-a41a16d1a2cb: start FollowerState
2019-08-23 10:04:54,729 [EventQueue-StaleNodeForStaleNodeHandler] INFO  node.StaleNodeHandler (StaleNodeHandler.java:onMessage(58)) - Datanode 7b18dc38-9e45-4799-92bc-3e52050f2105{ip: 192.168.34.11, host: pr-hdds-1094-r7kqq-4265743569, networkLocation: /default-rack, certSerialId: null} moved to stale state. Finalizing its pipelines [PipelineID=e5748869-b58f-4369-90c4-15300aaf654b]
2019-08-23 10:04:54,729 [EventQueue-StaleNodeForStaleNodeHandler] INFO  pipeline.SCMPipelineManager (SCMPipelineManager.java:finalizeAndDestroyPipeline(309)) - destroying pipeline:Pipeline[ Id: e5748869-b58f-4369-90c4-15300aaf654b, Nodes: 7b18dc38-9e45-4799-92bc-3e52050f2105{ip: 192.168.34.11, host: pr-hdds-1094-r7kqq-4265743569, networkLocation: /default-rack, certSerialId: null}, Type:RATIS, Factor:ONE, State:OPEN]
2019-08-23 10:04:54,730 [EventQueue-StaleNodeForStaleNodeHandler] INFO  pipeline.PipelineStateManager (PipelineStateManager.java:finalizePipeline(123)) - Pipeline Pipeline[ Id: e5748869-b58f-4369-90c4-15300aaf654b, Nodes: 7b18dc38-9e45-4799-92bc-3e52050f2105{ip: 192.168.34.11, host: pr-hdds-1094-r7kqq-4265743569, networkLocation: /default-rack, certSerialId: null}, Type:RATIS, Factor:ONE, State:CLOSED] moved to CLOSED state
2019-08-23 10:04:54,730 [EventQueue-StaleNodeForStaleNodeHandler] INFO  node.StaleNodeHandler (StaleNodeHandler.java:onMessage(58)) - Datanode b7c5b48b-9294-4513-a286-a41a16d1a2cb{ip: 192.168.34.11, host: pr-hdds-1094-r7kqq-4265743569, networkLocation: /default-rack, certSerialId: null} moved to stale state. Finalizing its pipelines [PipelineID=d33762d1-a1a6-45fc-8580-cb8aa7b21326, PipelineID=e2397e39-649c-4492-a158-65affc1408d5]
2019-08-23 10:04:54,730 [EventQueue-StaleNodeForStaleNodeHandler] INFO  pipeline.SCMPipelineManager (SCMPipelineManager.java:finalizeAndDestroyPipeline(309)) - destroying pipeline:Pipeline[ Id: d33762d1-a1a6-45fc-8580-cb8aa7b21326, Nodes: b7c5b48b-9294-4513-a286-a41a16d1a2cb{ip: 192.168.34.11, host: pr-hdds-1094-r7kqq-4265743569, networkLocation: /default-rack, certSerialId: null}, Type:RATIS, Factor:ONE, State:OPEN]
2019-08-23 10:04:54,730 [EventQueue-StaleNodeForStaleNodeHandler] INFO  pipeline.PipelineStateManager (PipelineStateManager.java:finalizePipeline(123)) - Pipeline Pipeline[ Id: d33762d1-a1a6-45fc-8580-cb8aa7b21326, Nodes: b7c5b48b-9294-4513-a286-a41a16d1a2cb{ip: 192.168.34.11, host: pr-hdds-1094-r7kqq-4265743569, networkLocation: /default-rack, certSerialId: null}, Type:RATIS, Factor:ONE, State:CLOSED] moved to CLOSED state
2019-08-23 10:04:54,730 [EventQueue-StaleNodeForStaleNodeHandler] INFO  pipeline.SCMPipelineManager (SCMPipelineManager.java:finalizeAndDestroyPipeline(309)) - destroying pipeline:Pipeline[ Id: e2397e39-649c-4492-a158-65affc1408d5, Nodes: 02fdabdd-783b-4687-aaad-f4e6848c1dc1{ip: 192.168.34.11, host: pr-hdds-1094-r7kqq-4265743569, networkLocation: /default-rack, certSerialId: null}c9e7da90-c5a5-4808-9794-4305bac07bb7{ip: 192.168.34.11, host: pr-hdds-1094-r7kqq-4265743569, networkLocation: /default-rack, certSerialId: null}b7c5b48b-9294-4513-a286-a41a16d1a2cb{ip: 192.168.34.11, host: pr-hdds-1094-r7kqq-4265743569, networkLocation: /default-rack, certSerialId: null}, Type:RATIS, Factor:THREE, State:CLOSED]
2019-08-23 10:04:55,061 [main] INFO  ozoneimpl.OzoneContainer (OzoneContainer.java:stop(199)) - Attempting to stop container services.
2019-08-23 10:04:55,062 [main] INFO  impl.RaftServerProxy (RaftServerProxy.java:lambda$close$4(314)) - 7b18dc38-9e45-4799-92bc-3e52050f2105: close
2019-08-23 10:04:55,062 [main] INFO  impl.RaftServerImpl (RaftServerImpl.java:lambda$shutdown$3(245)) - 7b18dc38-9e45-4799-92bc-3e52050f2105: shutdown group-15300AAF654B
2019-08-23 10:04:55,063 [main] INFO  util.JmxRegister (JmxRegister.java:unregister(73)) - Successfully un-registered JMX Bean with object name Ratis:service=RaftServer,group=group-15300AAF654B,id=7b18dc38-9e45-4799-92bc-3e52050f2105
2019-08-23 10:04:55,063 [main] INFO  impl.RoleInfo (RoleInfo.java:shutdownLeaderState(104)) - 7b18dc38-9e45-4799-92bc-3e52050f2105: shutdown LeaderState
2019-08-23 10:04:55,064 [main] INFO  impl.PendingRequests (PendingRequests.java:sendNotLeaderResponses(202)) - 7b18dc38-9e45-4799-92bc-3e52050f2105-PendingRequests: sendNotLeaderResponses
2019-08-23 10:04:55,064 [main] INFO  impl.StateMachineUpdater (StateMachineUpdater.java:stopAndJoin(115)) - StateMachineUpdater:7b18dc38-9e45-4799-92bc-3e52050f2105:group-15300AAF654B: set stopIndex = 0
2019-08-23 10:04:55,065 [main] INFO  impl.RaftServerImpl (ServerState.java:close(394)) - 7b18dc38-9e45-4799-92bc-3e52050f2105:group-15300AAF654B closes. The last applied log index is 0
2019-08-23 10:04:55,065 [7b18dc38-9e45-4799-92bc-3e52050f2105-SegmentedRaftLogWorker:Storage Directory /workdir/hadoop-ozone/integration-test/target/test-dir/MiniOzoneClusterImpl-e3530e56-8be5-4e35-b41d-e6108e761a1d/datanode-6/data/ratis/e5748869-b58f-4369-90c4-15300aaf654b] INFO  segmented.SegmentedRaftLogWorker (SegmentedRaftLogWorker.java:run(313)) - 7b18dc38-9e45-4799-92bc-3e52050f2105-SegmentedRaftLogWorker:Storage Directory /workdir/hadoop-ozone/integration-test/target/test-dir/MiniOzoneClusterImpl-e3530e56-8be5-4e35-b41d-e6108e761a1d/datanode-6/data/ratis/e5748869-b58f-4369-90c4-15300aaf654b was interrupted, exiting. There are 0 tasks remaining in the queue.
2019-08-23 10:04:55,066 [main] INFO  segmented.SegmentedRaftLogWorker (SegmentedRaftLogWorker.java:close(228)) - 7b18dc38-9e45-4799-92bc-3e52050f2105-SegmentedRaftLogWorker:Storage Directory /workdir/hadoop-ozone/integration-test/target/test-dir/MiniOzoneClusterImpl-e3530e56-8be5-4e35-b41d-e6108e761a1d/datanode-6/data/ratis/e5748869-b58f-4369-90c4-15300aaf654b close()
2019-08-23 10:04:55,066 [ForkJoinPool.commonPool-worker-1] INFO  ozoneimpl.OzoneContainer (OzoneContainer.java:stop(199)) - Attempting to stop container services.
2019-08-23 10:04:55,068 [main] INFO  server.GrpcService (GrpcService.java:closeImpl(155)) - 7b18dc38-9e45-4799-92bc-3e52050f2105: shutdown server with port 39779 now
2019-08-23 10:04:55,069 [ForkJoinPool.commonPool-worker-1] INFO  impl.RaftServerProxy (RaftServerProxy.java:lambda$close$4(314)) - b7c5b48b-9294-4513-a286-a41a16d1a2cb: close
2019-08-23 10:04:55,069 [ForkJoinPool.commonPool-worker-1] INFO  impl.RaftServerImpl (RaftServerImpl.java:lambda$shutdown$3(245)) - b7c5b48b-9294-4513-a286-a41a16d1a2cb: shutdown group-CB8AA7B21326
2019-08-23 10:04:55,073 [main] INFO  server.GrpcService (GrpcService.java:closeImpl(163)) - 7b18dc38-9e45-4799-92bc-3e52050f2105: shutdown server with port 39779 successfully
2019-08-23 10:04:55,073 [ForkJoinPool.commonPool-worker-1] INFO  util.JmxRegister (JmxRegister.java:unregister(73)) - Successfully un-registered JMX Bean with object name Ratis:service=RaftServer,group=group-CB8AA7B21326,id=b7c5b48b-9294-4513-a286-a41a16d1a2cb
2019-08-23 10:04:55,074 [ForkJoinPool.commonPool-worker-1] INFO  impl.RoleInfo (RoleInfo.java:shutdownLeaderState(104)) - b7c5b48b-9294-4513-a286-a41a16d1a2cb: shutdown LeaderState
2019-08-23 10:04:55,075 [main] INFO  utils.BackgroundService (BackgroundService.java:shutdown(148)) - Shutting down service BlockDeletingService
2019-08-23 10:04:55,075 [ForkJoinPool.commonPool-worker-1] INFO  impl.PendingRequests (PendingRequests.java:sendNotLeaderResponses(202)) - b7c5b48b-9294-4513-a286-a41a16d1a2cb-PendingRequests: sendNotLeaderResponses
2019-08-23 10:04:55,078 [ForkJoinPool.commonPool-worker-1] INFO  impl.StateMachineUpdater (StateMachineUpdater.java:stopAndJoin(115)) - StateMachineUpdater:b7c5b48b-9294-4513-a286-a41a16d1a2cb:group-CB8AA7B21326: set stopIndex = 0
2019-08-23 10:04:55,078 [ForkJoinPool.commonPool-worker-1] INFO  impl.RaftServerImpl (ServerState.java:close(394)) - b7c5b48b-9294-4513-a286-a41a16d1a2cb:group-CB8AA7B21326 closes. The last applied log index is 0
2019-08-23 10:04:55,078 [refreshUsed-/workdir/hadoop-ozone/integration-test/target/test-dir/MiniOzoneClusterImpl-e3530e56-8be5-4e35-b41d-e6108e761a1d/datanode-6/data/containers] WARN  fs.CachingGetSpaceUsed (CachingGetSpaceUsed.java:run(183)) - Thread Interrupted waiting to refresh disk information: sleep interrupted
2019-08-23 10:04:55,080 [b7c5b48b-9294-4513-a286-a41a16d1a2cb-SegmentedRaftLogWorker:Storage Directory /workdir/hadoop-ozone/integration-test/target/test-dir/MiniOzoneClusterImpl-e3530e56-8be5-4e35-b41d-e6108e761a1d/datanode-0/data/ratis/d33762d1-a1a6-45fc-8580-cb8aa7b21326] INFO  segmented.SegmentedRaftLogWorker (SegmentedRaftLogWorker.java:run(313)) - b7c5b48b-9294-4513-a286-a41a16d1a2cb-SegmentedRaftLogWorker:Storage Directory /workdir/hadoop-ozone/integration-test/target/test-dir/MiniOzoneClusterImpl-e3530e56-8be5-4e35-b41d-e6108e761a1d/datanode-0/data/ratis/d33762d1-a1a6-45fc-8580-cb8aa7b21326 was interrupted, exiting. There are 0 tasks remaining in the queue.
2019-08-23 10:04:55,080 [ForkJoinPool.commonPool-worker-1] INFO  segmented.SegmentedRaftLogWorker (SegmentedRaftLogWorker.java:close(228)) - b7c5b48b-9294-4513-a286-a41a16d1a2cb-SegmentedRaftLogWorker:Storage Directory /workdir/hadoop-ozone/integration-test/target/test-dir/MiniOzoneClusterImpl-e3530e56-8be5-4e35-b41d-e6108e761a1d/datanode-0/data/ratis/d33762d1-a1a6-45fc-8580-cb8aa7b21326 close()
2019-08-23 10:04:55,084 [ForkJoinPool.commonPool-worker-1] INFO  impl.RaftServerImpl (RaftServerImpl.java:lambda$shutdown$3(245)) - b7c5b48b-9294-4513-a286-a41a16d1a2cb: shutdown group-65AFFC1408D5
2019-08-23 10:04:55,084 [ForkJoinPool.commonPool-worker-1] INFO  util.JmxRegister (JmxRegister.java:unregister(73)) - Successfully un-registered JMX Bean with object name Ratis:service=RaftServer,group=group-65AFFC1408D5,id=b7c5b48b-9294-4513-a286-a41a16d1a2cb
2019-08-23 10:04:55,084 [ForkJoinPool.commonPool-worker-1] INFO  impl.RoleInfo (RoleInfo.java:shutdownFollowerState(121)) - b7c5b48b-9294-4513-a286-a41a16d1a2cb: shutdown FollowerState
2019-08-23 10:04:55,084 [ForkJoinPool.commonPool-worker-1] INFO  impl.StateMachineUpdater (StateMachineUpdater.java:stopAndJoin(115)) - StateMachineUpdater:b7c5b48b-9294-4513-a286-a41a16d1a2cb:group-65AFFC1408D5: set stopIndex = 15
2019-08-23 10:04:55,085 [StateMachineUpdater:b7c5b48b-9294-4513-a286-a41a16d1a2cb:group-65AFFC1408D5] INFO  ratis.ContainerStateMachine (ContainerStateMachine.java:takeSnapshot(283)) - group-65AFFC1408D5: Taking a snapshot at:(t:3, i:13) file /workdir/hadoop-ozone/integration-test/target/test-dir/MiniOzoneClusterImpl-e3530e56-8be5-4e35-b41d-e6108e761a1d/datanode-0/data/ratis/e2397e39-649c-4492-a158-65affc1408d5/sm/snapshot.3_13
2019-08-23 10:04:55,085 [Thread-3620] INFO  impl.FollowerState (FollowerState.java:run(114)) - b7c5b48b-9294-4513-a286-a41a16d1a2cb: FollowerState was interrupted: java.lang.InterruptedException: sleep interrupted
2019-08-23 10:04:55,101 [StateMachineUpdater:b7c5b48b-9294-4513-a286-a41a16d1a2cb:group-65AFFC1408D5] INFO  ratis.ContainerStateMachine (ContainerStateMachine.java:takeSnapshot(294)) - group-65AFFC1408D5: Finished taking a snapshot at:(t:3, i:13) file:/workdir/hadoop-ozone/integration-test/target/test-dir/MiniOzoneClusterImpl-e3530e56-8be5-4e35-b41d-e6108e761a1d/datanode-0/data/ratis/e2397e39-649c-4492-a158-65affc1408d5/sm/snapshot.3_13 time:16
2019-08-23 10:04:55,102 [main] INFO  statemachine.DatanodeStateMachine (DatanodeStateMachine.java:stopDaemon(395)) - Ozone container server stopped.
2019-08-23 10:04:55,102 [StateMachineUpdater:b7c5b48b-9294-4513-a286-a41a16d1a2cb:group-65AFFC1408D5] INFO  impl.StateMachineUpdater (StateMachineUpdater.java:takeSnapshot(242)) - StateMachineUpdater:b7c5b48b-9294-4513-a286-a41a16d1a2cb:group-65AFFC1408D5: Took a snapshot at index 13
2019-08-23 10:04:55,103 [StateMachineUpdater:b7c5b48b-9294-4513-a286-a41a16d1a2cb:group-65AFFC1408D5] INFO  impl.StateMachineUpdater (StateMachineUpdater.java:lambda$new$0(80)) - StateMachineUpdater:b7c5b48b-9294-4513-a286-a41a16d1a2cb:group-65AFFC1408D5: snapshotIndex: updateIncreasingly -1 -> 13
2019-08-23 10:04:55,103 [ForkJoinPool.commonPool-worker-1] INFO  impl.RaftServerImpl (ServerState.java:close(394)) - b7c5b48b-9294-4513-a286-a41a16d1a2cb:group-65AFFC1408D5 closes. The last applied log index is 15
2019-08-23 10:04:55,103 [main] INFO  handler.ContextHandler (ContextHandler.java:doStop(910)) - Stopped o.e.j.w.WebAppContext@765ccc7a{/,null,UNAVAILABLE}{/hddsDatanode}
2019-08-23 10:04:55,104 [b7c5b48b-9294-4513-a286-a41a16d1a2cb-SegmentedRaftLogWorker:Storage Directory /workdir/hadoop-ozone/integration-test/target/test-dir/MiniOzoneClusterImpl-e3530e56-8be5-4e35-b41d-e6108e761a1d/datanode-0/data/ratis/e2397e39-649c-4492-a158-65affc1408d5] INFO  segmented.SegmentedRaftLogWorker (SegmentedRaftLogWorker.java:run(313)) - b7c5b48b-9294-4513-a286-a41a16d1a2cb-SegmentedRaftLogWorker:Storage Directory /workdir/hadoop-ozone/integration-test/target/test-dir/MiniOzoneClusterImpl-e3530e56-8be5-4e35-b41d-e6108e761a1d/datanode-0/data/ratis/e2397e39-649c-4492-a158-65affc1408d5 was interrupted, exiting. There are 0 tasks remaining in the queue.
2019-08-23 10:04:55,104 [ForkJoinPool.commonPool-worker-1] INFO  segmented.SegmentedRaftLogWorker (SegmentedRaftLogWorker.java:close(228)) - b7c5b48b-9294-4513-a286-a41a16d1a2cb-SegmentedRaftLogWorker:Storage Directory /workdir/hadoop-ozone/integration-test/target/test-dir/MiniOzoneClusterImpl-e3530e56-8be5-4e35-b41d-e6108e761a1d/datanode-0/data/ratis/e2397e39-649c-4492-a158-65affc1408d5 close()
2019-08-23 10:04:55,105 [main] INFO  server.AbstractConnector (AbstractConnector.java:doStop(318)) - Stopped ServerConnector@68ad030d{HTTP/1.1,[http/1.1]}{0.0.0.0:0}
2019-08-23 10:04:55,106 [ForkJoinPool.commonPool-worker-1] INFO  server.GrpcService (GrpcService.java:closeImpl(155)) - b7c5b48b-9294-4513-a286-a41a16d1a2cb: shutdown server with port 32823 now
2019-08-23 10:04:55,106 [main] INFO  handler.ContextHandler (ContextHandler.java:doStop(910)) - Stopped o.e.j.s.ServletContextHandler@10522dfd{/static,jar:file:/home/user/.m2/repository/org/apache/hadoop/hadoop-hdds-container-service/0.5.0-SNAPSHOT/hadoop-hdds-container-service-0.5.0-SNAPSHOT.jar!/webapps/static,UNAVAILABLE}
2019-08-23 10:04:55,107 [ForkJoinPool.commonPool-worker-1] INFO  server.GrpcService (GrpcService.java:closeImpl(163)) - b7c5b48b-9294-4513-a286-a41a16d1a2cb: shutdown server with port 32823 successfully
2019-08-23 10:04:55,107 [main] INFO  handler.ContextHandler (ContextHandler.java:doStop(910)) - Stopped o.e.j.s.ServletContextHandler@72e5f018{/logs,file:///workdir/hadoop-ozone/integration-test/target/log,UNAVAILABLE}
2019-08-23 10:04:55,108 [ForkJoinPool.commonPool-worker-1] INFO  utils.BackgroundService (BackgroundService.java:shutdown(148)) - Shutting down service BlockDeletingService
2019-08-23 10:04:55,112 [refreshUsed-/workdir/hadoop-ozone/integration-test/target/test-dir/MiniOzoneClusterImpl-e3530e56-8be5-4e35-b41d-e6108e761a1d/datanode-0/data/containers] WARN  fs.CachingGetSpaceUsed (CachingGetSpaceUsed.java:run(183)) - Thread Interrupted waiting to refresh disk information: sleep interrupted
2019-08-23 10:04:55,132 [ForkJoinPool.commonPool-worker-1] INFO  statemachine.DatanodeStateMachine (DatanodeStateMachine.java:stopDaemon(395)) - Ozone container server stopped.
2019-08-23 10:04:55,136 [ForkJoinPool.commonPool-worker-1] INFO  handler.ContextHandler (ContextHandler.java:doStop(910)) - Stopped o.e.j.w.WebAppContext@4ac2b4c6{/,null,UNAVAILABLE}{/hddsDatanode}
2019-08-23 10:04:55,137 [ForkJoinPool.commonPool-worker-1] INFO  server.AbstractConnector (AbstractConnector.java:doStop(318)) - Stopped ServerConnector@326489c4{HTTP/1.1,[http/1.1]}{0.0.0.0:0}
2019-08-23 10:04:55,138 [ForkJoinPool.commonPool-worker-1] INFO  handler.ContextHandler (ContextHandler.java:doStop(910)) - Stopped o.e.j.s.ServletContextHandler@6567de86{/static,jar:file:/home/user/.m2/repository/org/apache/hadoop/hadoop-hdds-container-service/0.5.0-SNAPSHOT/hadoop-hdds-container-service-0.5.0-SNAPSHOT.jar!/webapps/static,UNAVAILABLE}
2019-08-23 10:04:55,139 [ForkJoinPool.commonPool-worker-1] INFO  handler.ContextHandler (ContextHandler.java:doStop(910)) - Stopped o.e.j.s.ServletContextHandler@57fe6f2d{/logs,file:///workdir/hadoop-ozone/integration-test/target/log,UNAVAILABLE}
2019-08-23 10:04:55,140 [main] INFO  ozone.MiniOzoneClusterImpl (MiniOzoneClusterImpl.java:stop(353)) - Stopping the StorageContainerManager
2019-08-23 10:04:55,141 [main] INFO  server.StorageContainerManager (StorageContainerManager.java:stop(797)) - Stopping Replication Manager Service.
2019-08-23 10:04:55,141 [main] INFO  container.ReplicationManager (ReplicationManager.java:stop(193)) - Stopping Replication Monitor Thread.
2019-08-23 10:04:55,141 [main] INFO  server.StorageContainerManager (StorageContainerManager.java:stop(804)) - Stopping Lease Manager of the command watchers
2019-08-23 10:04:55,141 [main] INFO  server.StorageContainerManager (StorageContainerManager.java:stop(811)) - Stopping datanode service RPC server
2019-08-23 10:04:55,142 [main] INFO  server.SCMDatanodeProtocolServer (SCMDatanodeProtocolServer.java:stop(367)) - Stopping the RPC server for DataNodes
2019-08-23 10:04:55,142 [main] INFO  ipc.Server (Server.java:stop(3082)) - Stopping server on 42369
2019-08-23 10:04:55,145 [IPC Server listener on 42369] INFO  ipc.Server (Server.java:run(1185)) - Stopping IPC Server listener on 42369
2019-08-23 10:04:55,145 [IPC Server Responder] INFO  ipc.Server (Server.java:run(1319)) - Stopping IPC Server Responder
2019-08-23 10:04:55,230 [SCM Heartbeat Processing Thread - 0] WARN  node.NodeStateManager (NodeStateManager.java:scheduleNextHealthCheck(646)) - Current Thread is interrupted, shutting down HB processing thread for Node Manager.
2019-08-23 10:04:55,230 [main] INFO  server.StorageContainerManager (StorageContainerManager.java:stop(819)) - Stopping block service RPC server
2019-08-23 10:04:55,231 [main] INFO  server.SCMBlockProtocolServer (SCMBlockProtocolServer.java:stop(148)) - Stopping the RPC server for Block Protocol
2019-08-23 10:04:55,231 [main] INFO  ipc.Server (Server.java:stop(3082)) - Stopping server on 35147
2019-08-23 10:04:55,233 [IPC Server listener on 35147] INFO  ipc.Server (Server.java:run(1185)) - Stopping IPC Server listener on 35147
2019-08-23 10:04:55,234 [main] INFO  server.StorageContainerManager (StorageContainerManager.java:stop(826)) - Stopping the StorageContainerLocationProtocol RPC server
2019-08-23 10:04:55,235 [IPC Server Responder] INFO  ipc.Server (Server.java:run(1319)) - Stopping IPC Server Responder
2019-08-23 10:04:55,235 [main] INFO  server.SCMClientProtocolServer (SCMClientProtocolServer.java:stop(159)) - Stopping the RPC server for Client Protocol
2019-08-23 10:04:55,235 [main] INFO  ipc.Server (Server.java:stop(3082)) - Stopping server on 42391
2019-08-23 10:04:55,237 [IPC Server listener on 42391] INFO  ipc.Server (Server.java:run(1185)) - Stopping IPC Server listener on 42391
2019-08-23 10:04:55,237 [main] INFO  server.StorageContainerManager (StorageContainerManager.java:stop(833)) - Stopping Storage Container Manager HTTP server.
2019-08-23 10:04:55,239 [IPC Server Responder] INFO  ipc.Server (Server.java:run(1319)) - Stopping IPC Server Responder
2019-08-23 10:04:55,240 [main] INFO  handler.ContextHandler (ContextHandler.java:doStop(910)) - Stopped o.e.j.w.WebAppContext@96271d8{/,null,UNAVAILABLE}{/scm}
2019-08-23 10:04:55,241 [main] INFO  server.AbstractConnector (AbstractConnector.java:doStop(318)) - Stopped ServerConnector@15f3f9cf{HTTP/1.1,[http/1.1]}{0.0.0.0:0}
2019-08-23 10:04:55,242 [main] INFO  handler.ContextHandler (ContextHandler.java:doStop(910)) - Stopped o.e.j.s.ServletContextHandler@655875bb{/static,file:///workdir/hadoop-ozone/integration-test/target/test-classes/webapps/static,UNAVAILABLE}
2019-08-23 10:04:55,242 [main] INFO  handler.ContextHandler (ContextHandler.java:doStop(910)) - Stopped o.e.j.s.ServletContextHandler@cec1ce2{/logs,file:///workdir/hadoop-ozone/integration-test/target/log,UNAVAILABLE}
2019-08-23 10:04:55,243 [main] INFO  server.StorageContainerManager (StorageContainerManager.java:stop(844)) - Stopping Block Manager Service.
2019-08-23 10:04:55,243 [main] INFO  utils.BackgroundService (BackgroundService.java:shutdown(148)) - Shutting down service SCMBlockDeletingService
2019-08-23 10:04:55,244 [main] INFO  utils.BackgroundService (BackgroundService.java:shutdown(148)) - Shutting down service SCMBlockDeletingService
2019-08-23 10:04:55,245 [main] INFO  server.StorageContainerManager (StorageContainerManager.java:stop(866)) - Stopping SCM Event Queue.
2019-08-23 10:04:55,249 [main] INFO  impl.MetricsSystemImpl (MetricsSystemImpl.java:stop(210)) - Stopping HddsDatanode metrics system...
2019-08-23 10:04:55,259 [main] INFO  impl.MetricsSystemImpl (MetricsSystemImpl.java:stop(216)) - HddsDatanode metrics system stopped.
]]></system-out>
    <system-err><![CDATA[Aug 23, 2019 10:04:13 AM com.sun.jersey.server.impl.application.WebApplicationImpl _initiate
INFO: Initiating Jersey application, version 'Jersey: 1.19 02/11/2015 03:25 AM'
Aug 23, 2019 10:04:13 AM com.sun.jersey.server.impl.application.WebApplicationImpl _initiate
INFO: Initiating Jersey application, version 'Jersey: 1.19 02/11/2015 03:25 AM'
Aug 23, 2019 10:04:13 AM com.sun.jersey.server.impl.application.WebApplicationImpl _initiate
INFO: Initiating Jersey application, version 'Jersey: 1.19 02/11/2015 03:25 AM'
Aug 23, 2019 10:04:13 AM com.sun.jersey.server.impl.application.WebApplicationImpl _initiate
INFO: Initiating Jersey application, version 'Jersey: 1.19 02/11/2015 03:25 AM'
Aug 23, 2019 10:04:14 AM com.sun.jersey.server.impl.application.WebApplicationImpl _initiate
INFO: Initiating Jersey application, version 'Jersey: 1.19 02/11/2015 03:25 AM'
Aug 23, 2019 10:04:14 AM com.sun.jersey.server.impl.application.WebApplicationImpl _initiate
INFO: Initiating Jersey application, version 'Jersey: 1.19 02/11/2015 03:25 AM'
Aug 23, 2019 10:04:14 AM com.sun.jersey.server.impl.application.WebApplicationImpl _initiate
INFO: Initiating Jersey application, version 'Jersey: 1.19 02/11/2015 03:25 AM'
Aug 23, 2019 10:04:17 AM org.apache.ratis.thirdparty.io.grpc.internal.ManagedChannelOrphanWrapper$ManagedChannelReference cleanQueue
SEVERE: *~*~*~ Channel ManagedChannelImpl{logId=2562, target=192.168.34.11:40589} was not shutdown properly!!! ~*~*~*
    Make sure to call shutdown()/shutdownNow() and wait until awaitTermination() returns true.
java.lang.RuntimeException: ManagedChannel allocation site
	at org.apache.ratis.thirdparty.io.grpc.internal.ManagedChannelOrphanWrapper$ManagedChannelReference.<init>(ManagedChannelOrphanWrapper.java:103)
	at org.apache.ratis.thirdparty.io.grpc.internal.ManagedChannelOrphanWrapper.<init>(ManagedChannelOrphanWrapper.java:53)
	at org.apache.ratis.thirdparty.io.grpc.internal.ManagedChannelOrphanWrapper.<init>(ManagedChannelOrphanWrapper.java:44)
	at org.apache.ratis.thirdparty.io.grpc.internal.AbstractManagedChannelImplBuilder.build(AbstractManagedChannelImplBuilder.java:411)
	at org.apache.hadoop.hdds.scm.XceiverClientGrpc.connectToDatanode(XceiverClientGrpc.java:174)
	at org.apache.hadoop.hdds.scm.XceiverClientGrpc.reconnect(XceiverClientGrpc.java:422)
	at org.apache.hadoop.hdds.scm.XceiverClientGrpc.sendCommandAsync(XceiverClientGrpc.java:371)
	at org.apache.hadoop.hdds.scm.XceiverClientGrpc.sendCommandWithRetry(XceiverClientGrpc.java:284)
	at org.apache.hadoop.hdds.scm.XceiverClientGrpc.sendCommandWithTraceIDAndRetry(XceiverClientGrpc.java:250)
	at org.apache.hadoop.hdds.scm.XceiverClientGrpc.sendCommand(XceiverClientGrpc.java:233)
	at org.apache.hadoop.hdds.scm.storage.ContainerProtocolCalls.getBlock(ContainerProtocolCalls.java:118)
	at org.apache.hadoop.hdds.scm.storage.BlockInputStream.getChunkInfos(BlockInputStream.java:167)
	at org.apache.hadoop.hdds.scm.storage.BlockInputStream.initialize(BlockInputStream.java:118)
	at org.apache.hadoop.hdds.scm.storage.BlockInputStream.read(BlockInputStream.java:222)
	at org.apache.hadoop.ozone.client.io.KeyInputStream.read(KeyInputStream.java:171)
	at org.apache.hadoop.ozone.client.io.OzoneInputStream.read(OzoneInputStream.java:47)
	at java.io.InputStream.read(InputStream.java:101)
	at org.apache.hadoop.ozone.container.ContainerTestHelper.validateData(ContainerTestHelper.java:713)
	at org.apache.hadoop.ozone.client.rpc.TestBlockOutputStreamWithFailures.validateData(TestBlockOutputStreamWithFailures.java:1216)
	at org.apache.hadoop.ozone.client.rpc.TestBlockOutputStreamWithFailures.testWatchForCommitWithSingleNodeRatis(TestBlockOutputStreamWithFailures.java:918)
	at sun.reflect.NativeMethodAccessorImpl.invoke0(Native Method)
	at sun.reflect.NativeMethodAccessorImpl.invoke(NativeMethodAccessorImpl.java:62)
	at sun.reflect.DelegatingMethodAccessorImpl.invoke(DelegatingMethodAccessorImpl.java:43)
	at java.lang.reflect.Method.invoke(Method.java:498)
	at org.junit.runners.model.FrameworkMethod$1.runReflectiveCall(FrameworkMethod.java:47)
	at org.junit.internal.runners.model.ReflectiveCallable.run(ReflectiveCallable.java:12)
	at org.junit.runners.model.FrameworkMethod.invokeExplosively(FrameworkMethod.java:44)
	at org.junit.internal.runners.statements.InvokeMethod.evaluate(InvokeMethod.java:17)
	at org.junit.internal.runners.statements.RunBefores.evaluate(RunBefores.java:26)
	at org.junit.internal.runners.statements.RunAfters.evaluate(RunAfters.java:27)
	at org.junit.runners.ParentRunner.runLeaf(ParentRunner.java:271)
	at org.junit.runners.BlockJUnit4ClassRunner.runChild(BlockJUnit4ClassRunner.java:70)
	at org.junit.runners.BlockJUnit4ClassRunner.runChild(BlockJUnit4ClassRunner.java:50)
	at org.junit.runners.ParentRunner$3.run(ParentRunner.java:238)
	at org.junit.runners.ParentRunner$1.schedule(ParentRunner.java:63)
	at org.junit.runners.ParentRunner.runChildren(ParentRunner.java:236)
	at org.junit.runners.ParentRunner.access$000(ParentRunner.java:53)
	at org.junit.runners.ParentRunner$2.evaluate(ParentRunner.java:229)
	at org.junit.runners.ParentRunner.run(ParentRunner.java:309)
	at org.apache.maven.surefire.junit4.JUnit4Provider.execute(JUnit4Provider.java:365)
	at org.apache.maven.surefire.junit4.JUnit4Provider.executeWithRerun(JUnit4Provider.java:273)
	at org.apache.maven.surefire.junit4.JUnit4Provider.executeTestSet(JUnit4Provider.java:238)
	at org.apache.maven.surefire.junit4.JUnit4Provider.invoke(JUnit4Provider.java:159)
	at org.apache.maven.surefire.booter.ForkedBooter.invokeProviderInSameClassLoader(ForkedBooter.java:384)
	at org.apache.maven.surefire.booter.ForkedBooter.runSuitesInProcess(ForkedBooter.java:345)
	at org.apache.maven.surefire.booter.ForkedBooter.execute(ForkedBooter.java:126)
	at org.apache.maven.surefire.booter.ForkedBooter.main(ForkedBooter.java:418)

Aug 23, 2019 10:04:17 AM org.apache.ratis.thirdparty.io.grpc.internal.ManagedChannelOrphanWrapper$ManagedChannelReference cleanQueue
SEVERE: *~*~*~ Channel ManagedChannelImpl{logId=2552, target=192.168.34.11:33815} was not shutdown properly!!! ~*~*~*
    Make sure to call shutdown()/shutdownNow() and wait until awaitTermination() returns true.
java.lang.RuntimeException: ManagedChannel allocation site
	at org.apache.ratis.thirdparty.io.grpc.internal.ManagedChannelOrphanWrapper$ManagedChannelReference.<init>(ManagedChannelOrphanWrapper.java:103)
	at org.apache.ratis.thirdparty.io.grpc.internal.ManagedChannelOrphanWrapper.<init>(ManagedChannelOrphanWrapper.java:53)
	at org.apache.ratis.thirdparty.io.grpc.internal.ManagedChannelOrphanWrapper.<init>(ManagedChannelOrphanWrapper.java:44)
	at org.apache.ratis.thirdparty.io.grpc.internal.AbstractManagedChannelImplBuilder.build(AbstractManagedChannelImplBuilder.java:411)
	at org.apache.ratis.grpc.client.GrpcClientProtocolClient.<init>(GrpcClientProtocolClient.java:119)
	at org.apache.ratis.grpc.client.GrpcClientRpc.lambda$new$0(GrpcClientRpc.java:55)
	at org.apache.ratis.util.PeerProxyMap$PeerAndProxy.lambda$getProxy$0(PeerProxyMap.java:61)
	at org.apache.ratis.util.LifeCycle.startAndTransition(LifeCycle.java:202)
	at org.apache.ratis.util.PeerProxyMap$PeerAndProxy.getProxy(PeerProxyMap.java:60)
	at org.apache.ratis.util.PeerProxyMap.getProxy(PeerProxyMap.java:107)
	at org.apache.ratis.grpc.client.GrpcClientRpc.sendRequestAsync(GrpcClientRpc.java:66)
	at org.apache.ratis.client.impl.OrderedAsync.sendRequest(OrderedAsync.java:208)
	at org.apache.ratis.client.impl.OrderedAsync.sendRequestWithRetry(OrderedAsync.java:169)
	at org.apache.ratis.util.SlidingWindow$Client.sendOrDelayRequest(SlidingWindow.java:278)
	at org.apache.ratis.util.SlidingWindow$Client.submitNewRequest(SlidingWindow.java:257)
	at org.apache.ratis.client.impl.OrderedAsync.send(OrderedAsync.java:155)
	at org.apache.ratis.client.impl.RaftClientImpl.sendAsync(RaftClientImpl.java:145)
	at org.apache.ratis.client.impl.RaftClientImpl.sendAsync(RaftClientImpl.java:125)
	at org.apache.hadoop.hdds.scm.XceiverClientRatis.sendRequestAsync(XceiverClientRatis.java:224)
	at org.apache.hadoop.hdds.scm.XceiverClientRatis.sendCommandAsync(XceiverClientRatis.java:302)
	at org.apache.hadoop.hdds.scm.storage.ContainerProtocolCalls.writeChunkAsync(ContainerProtocolCalls.java:310)
	at org.apache.hadoop.hdds.scm.storage.BlockOutputStream.writeChunkToContainer(BlockOutputStream.java:601)
	at org.apache.hadoop.hdds.scm.storage.BlockOutputStream.writeChunk(BlockOutputStream.java:459)
	at org.apache.hadoop.hdds.scm.storage.BlockOutputStream.writeOnRetry(BlockOutputStream.java:285)
	at org.apache.hadoop.ozone.client.io.BlockOutputStreamEntry.writeOnRetry(BlockOutputStreamEntry.java:200)
	at org.apache.hadoop.ozone.client.io.KeyOutputStream.handleWrite(KeyOutputStream.java:209)
	at org.apache.hadoop.ozone.client.io.KeyOutputStream.handleRetry(KeyOutputStream.java:376)
	at org.apache.hadoop.ozone.client.io.KeyOutputStream.handleException(KeyOutputStream.java:325)
	at org.apache.hadoop.ozone.client.io.KeyOutputStream.handleFlushOrClose(KeyOutputStream.java:448)
	at org.apache.hadoop.ozone.client.io.KeyOutputStream.handleWrite(KeyOutputStream.java:235)
	at org.apache.hadoop.ozone.client.io.KeyOutputStream.write(KeyOutputStream.java:193)
	at org.apache.hadoop.ozone.client.io.OzoneOutputStream.write(OzoneOutputStream.java:49)
	at java.io.OutputStream.write(OutputStream.java:75)
	at org.apache.hadoop.ozone.client.rpc.TestBlockOutputStreamWithFailures.testWatchForCommitWithSingleNodeRatis(TestBlockOutputStreamWithFailures.java:885)
	at sun.reflect.NativeMethodAccessorImpl.invoke0(Native Method)
	at sun.reflect.NativeMethodAccessorImpl.invoke(NativeMethodAccessorImpl.java:62)
	at sun.reflect.DelegatingMethodAccessorImpl.invoke(DelegatingMethodAccessorImpl.java:43)
	at java.lang.reflect.Method.invoke(Method.java:498)
	at org.junit.runners.model.FrameworkMethod$1.runReflectiveCall(FrameworkMethod.java:47)
	at org.junit.internal.runners.model.ReflectiveCallable.run(ReflectiveCallable.java:12)
	at org.junit.runners.model.FrameworkMethod.invokeExplosively(FrameworkMethod.java:44)
	at org.junit.internal.runners.statements.InvokeMethod.evaluate(InvokeMethod.java:17)
	at org.junit.internal.runners.statements.RunBefores.evaluate(RunBefores.java:26)
	at org.junit.internal.runners.statements.RunAfters.evaluate(RunAfters.java:27)
	at org.junit.runners.ParentRunner.runLeaf(ParentRunner.java:271)
	at org.junit.runners.BlockJUnit4ClassRunner.runChild(BlockJUnit4ClassRunner.java:70)
	at org.junit.runners.BlockJUnit4ClassRunner.runChild(BlockJUnit4ClassRunner.java:50)
	at org.junit.runners.ParentRunner$3.run(ParentRunner.java:238)
	at org.junit.runners.ParentRunner$1.schedule(ParentRunner.java:63)
	at org.junit.runners.ParentRunner.runChildren(ParentRunner.java:236)
	at org.junit.runners.ParentRunner.access$000(ParentRunner.java:53)
	at org.junit.runners.ParentRunner$2.evaluate(ParentRunner.java:229)
	at org.junit.runners.ParentRunner.run(ParentRunner.java:309)
	at org.apache.maven.surefire.junit4.JUnit4Provider.execute(JUnit4Provider.java:365)
	at org.apache.maven.surefire.junit4.JUnit4Provider.executeWithRerun(JUnit4Provider.java:273)
	at org.apache.maven.surefire.junit4.JUnit4Provider.executeTestSet(JUnit4Provider.java:238)
	at org.apache.maven.surefire.junit4.JUnit4Provider.invoke(JUnit4Provider.java:159)
	at org.apache.maven.surefire.booter.ForkedBooter.invokeProviderInSameClassLoader(ForkedBooter.java:384)
	at org.apache.maven.surefire.booter.ForkedBooter.runSuitesInProcess(ForkedBooter.java:345)
	at org.apache.maven.surefire.booter.ForkedBooter.execute(ForkedBooter.java:126)
	at org.apache.maven.surefire.booter.ForkedBooter.main(ForkedBooter.java:418)

Aug 23, 2019 10:04:17 AM org.apache.ratis.thirdparty.io.grpc.internal.ManagedChannelOrphanWrapper$ManagedChannelReference cleanQueue
SEVERE: *~*~*~ Channel ManagedChannelImpl{logId=2557, target=192.168.34.11:33369} was not shutdown properly!!! ~*~*~*
    Make sure to call shutdown()/shutdownNow() and wait until awaitTermination() returns true.
java.lang.RuntimeException: ManagedChannel allocation site
	at org.apache.ratis.thirdparty.io.grpc.internal.ManagedChannelOrphanWrapper$ManagedChannelReference.<init>(ManagedChannelOrphanWrapper.java:103)
	at org.apache.ratis.thirdparty.io.grpc.internal.ManagedChannelOrphanWrapper.<init>(ManagedChannelOrphanWrapper.java:53)
	at org.apache.ratis.thirdparty.io.grpc.internal.ManagedChannelOrphanWrapper.<init>(ManagedChannelOrphanWrapper.java:44)
	at org.apache.ratis.thirdparty.io.grpc.internal.AbstractManagedChannelImplBuilder.build(AbstractManagedChannelImplBuilder.java:411)
	at org.apache.hadoop.hdds.scm.XceiverClientGrpc.connectToDatanode(XceiverClientGrpc.java:174)
	at org.apache.hadoop.hdds.scm.XceiverClientGrpc.reconnect(XceiverClientGrpc.java:422)
	at org.apache.hadoop.hdds.scm.XceiverClientGrpc.sendCommandAsync(XceiverClientGrpc.java:371)
	at org.apache.hadoop.hdds.scm.XceiverClientGrpc.sendCommandWithRetry(XceiverClientGrpc.java:284)
	at org.apache.hadoop.hdds.scm.XceiverClientGrpc.sendCommandWithTraceIDAndRetry(XceiverClientGrpc.java:250)
	at org.apache.hadoop.hdds.scm.XceiverClientGrpc.sendCommand(XceiverClientGrpc.java:233)
	at org.apache.hadoop.hdds.scm.storage.ContainerProtocolCalls.getBlock(ContainerProtocolCalls.java:118)
	at org.apache.hadoop.hdds.scm.storage.BlockInputStream.getChunkInfos(BlockInputStream.java:167)
	at org.apache.hadoop.hdds.scm.storage.BlockInputStream.initialize(BlockInputStream.java:118)
	at org.apache.hadoop.hdds.scm.storage.BlockInputStream.read(BlockInputStream.java:222)
	at org.apache.hadoop.ozone.client.io.KeyInputStream.read(KeyInputStream.java:171)
	at org.apache.hadoop.ozone.client.io.OzoneInputStream.read(OzoneInputStream.java:47)
	at java.io.InputStream.read(InputStream.java:101)
	at org.apache.hadoop.ozone.container.ContainerTestHelper.validateData(ContainerTestHelper.java:713)
	at org.apache.hadoop.ozone.client.rpc.TestBlockOutputStreamWithFailures.validateData(TestBlockOutputStreamWithFailures.java:1216)
	at org.apache.hadoop.ozone.client.rpc.TestBlockOutputStreamWithFailures.testWatchForCommitWithSingleNodeRatis(TestBlockOutputStreamWithFailures.java:918)
	at sun.reflect.NativeMethodAccessorImpl.invoke0(Native Method)
	at sun.reflect.NativeMethodAccessorImpl.invoke(NativeMethodAccessorImpl.java:62)
	at sun.reflect.DelegatingMethodAccessorImpl.invoke(DelegatingMethodAccessorImpl.java:43)
	at java.lang.reflect.Method.invoke(Method.java:498)
	at org.junit.runners.model.FrameworkMethod$1.runReflectiveCall(FrameworkMethod.java:47)
	at org.junit.internal.runners.model.ReflectiveCallable.run(ReflectiveCallable.java:12)
	at org.junit.runners.model.FrameworkMethod.invokeExplosively(FrameworkMethod.java:44)
	at org.junit.internal.runners.statements.InvokeMethod.evaluate(InvokeMethod.java:17)
	at org.junit.internal.runners.statements.RunBefores.evaluate(RunBefores.java:26)
	at org.junit.internal.runners.statements.RunAfters.evaluate(RunAfters.java:27)
	at org.junit.runners.ParentRunner.runLeaf(ParentRunner.java:271)
	at org.junit.runners.BlockJUnit4ClassRunner.runChild(BlockJUnit4ClassRunner.java:70)
	at org.junit.runners.BlockJUnit4ClassRunner.runChild(BlockJUnit4ClassRunner.java:50)
	at org.junit.runners.ParentRunner$3.run(ParentRunner.java:238)
	at org.junit.runners.ParentRunner$1.schedule(ParentRunner.java:63)
	at org.junit.runners.ParentRunner.runChildren(ParentRunner.java:236)
	at org.junit.runners.ParentRunner.access$000(ParentRunner.java:53)
	at org.junit.runners.ParentRunner$2.evaluate(ParentRunner.java:229)
	at org.junit.runners.ParentRunner.run(ParentRunner.java:309)
	at org.apache.maven.surefire.junit4.JUnit4Provider.execute(JUnit4Provider.java:365)
	at org.apache.maven.surefire.junit4.JUnit4Provider.executeWithRerun(JUnit4Provider.java:273)
	at org.apache.maven.surefire.junit4.JUnit4Provider.executeTestSet(JUnit4Provider.java:238)
	at org.apache.maven.surefire.junit4.JUnit4Provider.invoke(JUnit4Provider.java:159)
	at org.apache.maven.surefire.booter.ForkedBooter.invokeProviderInSameClassLoader(ForkedBooter.java:384)
	at org.apache.maven.surefire.booter.ForkedBooter.runSuitesInProcess(ForkedBooter.java:345)
	at org.apache.maven.surefire.booter.ForkedBooter.execute(ForkedBooter.java:126)
	at org.apache.maven.surefire.booter.ForkedBooter.main(ForkedBooter.java:418)

Aug 23, 2019 10:04:17 AM org.apache.ratis.thirdparty.io.grpc.internal.ManagedChannelOrphanWrapper$ManagedChannelReference cleanQueue
SEVERE: *~*~*~ Channel ManagedChannelImpl{logId=2547, target=192.168.34.11:39173} was not shutdown properly!!! ~*~*~*
    Make sure to call shutdown()/shutdownNow() and wait until awaitTermination() returns true.
java.lang.RuntimeException: ManagedChannel allocation site
	at org.apache.ratis.thirdparty.io.grpc.internal.ManagedChannelOrphanWrapper$ManagedChannelReference.<init>(ManagedChannelOrphanWrapper.java:103)
	at org.apache.ratis.thirdparty.io.grpc.internal.ManagedChannelOrphanWrapper.<init>(ManagedChannelOrphanWrapper.java:53)
	at org.apache.ratis.thirdparty.io.grpc.internal.ManagedChannelOrphanWrapper.<init>(ManagedChannelOrphanWrapper.java:44)
	at org.apache.ratis.thirdparty.io.grpc.internal.AbstractManagedChannelImplBuilder.build(AbstractManagedChannelImplBuilder.java:411)
	at org.apache.ratis.grpc.client.GrpcClientProtocolClient.<init>(GrpcClientProtocolClient.java:119)
	at org.apache.ratis.grpc.client.GrpcClientRpc.lambda$new$0(GrpcClientRpc.java:55)
	at org.apache.ratis.util.PeerProxyMap$PeerAndProxy.lambda$getProxy$0(PeerProxyMap.java:61)
	at org.apache.ratis.util.LifeCycle.startAndTransition(LifeCycle.java:202)
	at org.apache.ratis.util.PeerProxyMap$PeerAndProxy.getProxy(PeerProxyMap.java:60)
	at org.apache.ratis.util.PeerProxyMap.getProxy(PeerProxyMap.java:107)
	at org.apache.ratis.grpc.client.GrpcClientRpc.sendRequestAsync(GrpcClientRpc.java:66)
	at org.apache.ratis.client.impl.OrderedAsync.sendRequest(OrderedAsync.java:208)
	at org.apache.ratis.client.impl.OrderedAsync.sendRequestWithRetry(OrderedAsync.java:169)
	at org.apache.ratis.util.SlidingWindow$Client.sendOrDelayRequest(SlidingWindow.java:278)
	at org.apache.ratis.util.SlidingWindow$Client.retry(SlidingWindow.java:294)
	at org.apache.ratis.client.impl.OrderedAsync.lambda$scheduleWithTimeout$7(OrderedAsync.java:195)
	at org.apache.ratis.util.TimeoutScheduler.lambda$onTimeout$0(TimeoutScheduler.java:85)
	at org.apache.ratis.util.TimeoutScheduler.lambda$onTimeout$1(TimeoutScheduler.java:104)
	at org.apache.ratis.util.LogUtils.runAndLog(LogUtils.java:50)
	at org.apache.ratis.util.LogUtils$1.run(LogUtils.java:91)
	at java.util.concurrent.Executors$RunnableAdapter.call(Executors.java:511)
	at java.util.concurrent.FutureTask.run(FutureTask.java:266)
	at java.util.concurrent.ScheduledThreadPoolExecutor$ScheduledFutureTask.access$201(ScheduledThreadPoolExecutor.java:180)
	at java.util.concurrent.ScheduledThreadPoolExecutor$ScheduledFutureTask.run(ScheduledThreadPoolExecutor.java:293)
	at java.util.concurrent.ThreadPoolExecutor.runWorker(ThreadPoolExecutor.java:1149)
	at java.util.concurrent.ThreadPoolExecutor$Worker.run(ThreadPoolExecutor.java:624)
	at java.lang.Thread.run(Thread.java:748)

]]></system-err>
  </testcase>
  <testcase name="testFailureWithPrimeSizedData" classname="org.apache.hadoop.ozone.client.rpc.TestBlockOutputStreamWithFailures" time="33.525"/>
  <testcase name="testWatchForCommitWithCloseContainerException" classname="org.apache.hadoop.ozone.client.rpc.TestBlockOutputStreamWithFailures" time="33.88"/>
  <testcase name="testExceptionDuringClose" classname="org.apache.hadoop.ozone.client.rpc.TestBlockOutputStreamWithFailures" time="38.048"/>
</testsuite>