<?xml version="1.0" encoding="UTF-8"?>
<testsuite xmlns:xsi="http://www.w3.org/2001/XMLSchema-instance" xsi:noNamespaceSchemaLocation="https://maven.apache.org/surefire/maven-surefire-plugin/xsd/surefire-test-report.xsd" name="org.apache.hadoop.ozone.client.rpc.TestBlockOutputStream" time="604.809" tests="6" errors="0" skipped="0" failures="3">
  <properties>
    <property name="awt.toolkit" value="sun.awt.X11.XToolkit"/>
    <property name="file.encoding.pkg" value="sun.io"/>
    <property name="java.specification.version" value="1.8"/>
    <property name="sun.cpu.isalist" value=""/>
    <property name="sun.jnu.encoding" value="UTF-8"/>
    <property name="java.class.path" value="/workdir/hadoop-ozone/integration-test/target/test-classes:/workdir/hadoop-ozone/integration-test/target/classes:/home/user/.m2/repository/org/apache/hadoop/hadoop-ozone-common/0.5.0-SNAPSHOT/hadoop-ozone-common-0.5.0-SNAPSHOT.jar:/home/user/.m2/repository/org/apache/commons/commons-compress/1.4.1/commons-compress-1.4.1.jar:/home/user/.m2/repository/org/tukaani/xz/1.0/xz-1.0.jar:/home/user/.m2/repository/org/apache/hadoop/hadoop-common/3.2.0/hadoop-common-3.2.0.jar:/home/user/.m2/repository/org/apache/hadoop/hadoop-hdfs/3.2.0/hadoop-hdfs-3.2.0.jar:/home/user/.m2/repository/org/apache/hadoop/hadoop-hdfs-client/3.2.0/hadoop-hdfs-client-3.2.0.jar:/home/user/.m2/repository/com/fasterxml/jackson/core/jackson-annotations/2.9.5/jackson-annotations-2.9.5.jar:/home/user/.m2/repository/org/apache/hadoop/hadoop-hdds-common/0.5.0-SNAPSHOT/hadoop-hdds-common-0.5.0-SNAPSHOT.jar:/home/user/.m2/repository/javax/annotation/javax.annotation-api/1.2/javax.annotation-api-1.2.jar:/home/user/.m2/repository/org/apache/ratis/ratis-server/0.4.0-78e95b9-SNAPSHOT/ratis-server-0.4.0-78e95b9-SNAPSHOT.jar:/home/user/.m2/repository/org/apache/ratis/ratis-thirdparty-misc/0.2.0/ratis-thirdparty-misc-0.2.0.jar:/home/user/.m2/repository/org/apache/ratis/ratis-proto/0.4.0-78e95b9-SNAPSHOT/ratis-proto-0.4.0-78e95b9-SNAPSHOT.jar:/home/user/.m2/repository/org/apache/ratis/ratis-common/0.4.0-78e95b9-SNAPSHOT/ratis-common-0.4.0-78e95b9-SNAPSHOT.jar:/home/user/.m2/repository/org/apache/ratis/ratis-client/0.4.0-78e95b9-SNAPSHOT/ratis-client-0.4.0-78e95b9-SNAPSHOT.jar:/home/user/.m2/repository/org/apache/ratis/ratis-metrics/0.4.0-78e95b9-SNAPSHOT/ratis-metrics-0.4.0-78e95b9-SNAPSHOT.jar:/home/user/.m2/repository/com/github/joshelser/dropwizard-metrics-hadoop-metrics2-reporter/0.1.2/dropwizard-metrics-hadoop-metrics2-reporter-0.1.2.jar:/home/user/.m2/repository/io/dropwizard/metrics/metrics-jvm/3.2.5/metrics-jvm-3.2.5.jar:/home/user/.m2/repository/io/dropwizard/metrics/metrics-ganglia/3.2.5/metrics-ganglia-3.2.5.jar:/home/user/.m2/repository/info/ganglia/gmetric4j/gmetric4j/1.0.7/gmetric4j-1.0.7.jar:/home/user/.m2/repository/org/apache/ratis/ratis-netty/0.4.0-78e95b9-SNAPSHOT/ratis-netty-0.4.0-78e95b9-SNAPSHOT.jar:/home/user/.m2/repository/org/apache/ratis/ratis-grpc/0.4.0-78e95b9-SNAPSHOT/ratis-grpc-0.4.0-78e95b9-SNAPSHOT.jar:/home/user/.m2/repository/org/rocksdb/rocksdbjni/6.0.1/rocksdbjni-6.0.1.jar:/home/user/.m2/repository/org/apache/logging/log4j/log4j-api/2.11.0/log4j-api-2.11.0.jar:/home/user/.m2/repository/org/apache/logging/log4j/log4j-core/2.11.0/log4j-core-2.11.0.jar:/home/user/.m2/repository/com/lmax/disruptor/3.4.2/disruptor-3.4.2.jar:/home/user/.m2/repository/org/apache/commons/commons-pool2/2.6.0/commons-pool2-2.6.0.jar:/home/user/.m2/repository/org/bouncycastle/bcpkix-jdk15on/1.60/bcpkix-jdk15on-1.60.jar:/home/user/.m2/repository/commons-validator/commons-validator/1.6/commons-validator-1.6.jar:/home/user/.m2/repository/commons-digester/commons-digester/1.8.1/commons-digester-1.8.1.jar:/home/user/.m2/repository/io/jaegertracing/jaeger-client/0.33.1/jaeger-client-0.33.1.jar:/home/user/.m2/repository/io/jaegertracing/jaeger-thrift/0.33.1/jaeger-thrift-0.33.1.jar:/home/user/.m2/repository/org/apache/thrift/libthrift/0.11.0/libthrift-0.11.0.jar:/home/user/.m2/repository/com/squareup/okhttp3/okhttp/3.9.0/okhttp-3.9.0.jar:/home/user/.m2/repository/com/squareup/okio/okio/1.13.0/okio-1.13.0.jar:/home/user/.m2/repository/io/jaegertracing/jaeger-core/0.33.1/jaeger-core-0.33.1.jar:/home/user/.m2/repository/io/jaegertracing/jaeger-tracerresolver/0.33.1/jaeger-tracerresolver-0.33.1.jar:/home/user/.m2/repository/io/opentracing/contrib/opentracing-tracerresolver/0.1.5/opentracing-tracerresolver-0.1.5.jar:/home/user/.m2/repository/io/opentracing/opentracing-util/0.31.0/opentracing-util-0.31.0.jar:/home/user/.m2/repository/io/opentracing/opentracing-api/0.31.0/opentracing-api-0.31.0.jar:/home/user/.m2/repository/io/opentracing/opentracing-noop/0.31.0/opentracing-noop-0.31.0.jar:/home/user/.m2/repository/org/apache/hadoop/hadoop-hdds-server-framework/0.5.0-SNAPSHOT/hadoop-hdds-server-framework-0.5.0-SNAPSHOT.jar:/home/user/.m2/repository/org/apache/hadoop/hadoop-hdds-container-service/0.5.0-SNAPSHOT/hadoop-hdds-container-service-0.5.0-SNAPSHOT.jar:/home/user/.m2/repository/org/apache/hadoop/hadoop-hdds-client/0.5.0-SNAPSHOT/hadoop-hdds-client-0.5.0-SNAPSHOT.jar:/home/user/.m2/repository/org/apache/hadoop/hadoop-hdds-tools/0.5.0-SNAPSHOT/hadoop-hdds-tools-0.5.0-SNAPSHOT.jar:/home/user/.m2/repository/org/apache/hadoop/hadoop-hdds-server-scm/0.5.0-SNAPSHOT/hadoop-hdds-server-scm-0.5.0-SNAPSHOT.jar:/home/user/.m2/repository/org/apache/hadoop/hadoop-hdds-docs/0.5.0-SNAPSHOT/hadoop-hdds-docs-0.5.0-SNAPSHOT.jar:/home/user/.m2/repository/io/dropwizard/metrics/metrics-core/3.2.4/metrics-core-3.2.4.jar:/home/user/.m2/repository/org/hamcrest/hamcrest-all/1.3/hamcrest-all-1.3.jar:/home/user/.m2/repository/org/bouncycastle/bcprov-jdk15on/1.60/bcprov-jdk15on-1.60.jar:/home/user/.m2/repository/info/picocli/picocli/3.9.6/picocli-3.9.6.jar:/home/user/.m2/repository/com/google/protobuf/protobuf-java/2.5.0/protobuf-java-2.5.0.jar:/home/user/.m2/repository/com/google/guava/guava/11.0.2/guava-11.0.2.jar:/home/user/.m2/repository/org/apache/hadoop/hadoop-ozone-ozone-manager/0.5.0-SNAPSHOT/hadoop-ozone-ozone-manager-0.5.0-SNAPSHOT.jar:/home/user/.m2/repository/org/apache/hadoop/hadoop-minikdc/3.2.0/hadoop-minikdc-3.2.0.jar:/home/user/.m2/repository/commons-io/commons-io/2.5/commons-io-2.5.jar:/home/user/.m2/repository/org/apache/kerby/kerb-simplekdc/1.0.1/kerb-simplekdc-1.0.1.jar:/home/user/.m2/repository/org/apache/kerby/kerb-client/1.0.1/kerb-client-1.0.1.jar:/home/user/.m2/repository/org/apache/kerby/kerby-config/1.0.1/kerby-config-1.0.1.jar:/home/user/.m2/repository/org/apache/kerby/kerb-core/1.0.1/kerb-core-1.0.1.jar:/home/user/.m2/repository/org/apache/kerby/kerby-pkix/1.0.1/kerby-pkix-1.0.1.jar:/home/user/.m2/repository/org/apache/kerby/kerby-asn1/1.0.1/kerby-asn1-1.0.1.jar:/home/user/.m2/repository/org/apache/kerby/kerby-util/1.0.1/kerby-util-1.0.1.jar:/home/user/.m2/repository/org/apache/kerby/kerb-common/1.0.1/kerb-common-1.0.1.jar:/home/user/.m2/repository/org/apache/kerby/kerb-crypto/1.0.1/kerb-crypto-1.0.1.jar:/home/user/.m2/repository/org/apache/kerby/kerb-util/1.0.1/kerb-util-1.0.1.jar:/home/user/.m2/repository/org/apache/kerby/token-provider/1.0.1/token-provider-1.0.1.jar:/home/user/.m2/repository/org/apache/kerby/kerb-admin/1.0.1/kerb-admin-1.0.1.jar:/home/user/.m2/repository/org/apache/kerby/kerb-server/1.0.1/kerb-server-1.0.1.jar:/home/user/.m2/repository/org/apache/kerby/kerb-identity/1.0.1/kerb-identity-1.0.1.jar:/home/user/.m2/repository/org/apache/kerby/kerby-xdr/1.0.1/kerby-xdr-1.0.1.jar:/home/user/.m2/repository/org/slf4j/slf4j-log4j12/1.7.25/slf4j-log4j12-1.7.25.jar:/home/user/.m2/repository/org/apache/hadoop/hadoop-ozone-s3gateway/0.5.0-SNAPSHOT/hadoop-ozone-s3gateway-0.5.0-SNAPSHOT.jar:/home/user/.m2/repository/org/jboss/weld/servlet/weld-servlet/2.4.7.Final/weld-servlet-2.4.7.Final.jar:/home/user/.m2/repository/org/glassfish/jersey/containers/jersey-container-servlet-core/2.27/jersey-container-servlet-core-2.27.jar:/home/user/.m2/repository/org/glassfish/hk2/external/javax.inject/2.5.0-b42/javax.inject-2.5.0-b42.jar:/home/user/.m2/repository/org/glassfish/jersey/core/jersey-common/2.27/jersey-common-2.27.jar:/home/user/.m2/repository/org/glassfish/hk2/osgi-resource-locator/1.0.1/osgi-resource-locator-1.0.1.jar:/home/user/.m2/repository/javax/ws/rs/javax.ws.rs-api/2.1/javax.ws.rs-api-2.1.jar:/home/user/.m2/repository/org/glassfish/jersey/ext/cdi/jersey-cdi1x/2.27/jersey-cdi1x-2.27.jar:/home/user/.m2/repository/org/glassfish/jersey/inject/jersey-hk2/2.27/jersey-hk2-2.27.jar:/home/user/.m2/repository/org/glassfish/hk2/hk2-locator/2.5.0-b42/hk2-locator-2.5.0-b42.jar:/home/user/.m2/repository/org/javassist/javassist/3.22.0-CR2/javassist-3.22.0-CR2.jar:/home/user/.m2/repository/org/glassfish/hk2/hk2-api/2.5.0/hk2-api-2.5.0.jar:/home/user/.m2/repository/org/glassfish/hk2/external/jakarta.inject/2.5.0/jakarta.inject-2.5.0.jar:/home/user/.m2/repository/org/glassfish/hk2/hk2-utils/2.5.0/hk2-utils-2.5.0.jar:/home/user/.m2/repository/jakarta/annotation/jakarta.annotation-api/1.3.4/jakarta.annotation-api-1.3.4.jar:/home/user/.m2/repository/org/glassfish/hk2/external/aopalliance-repackaged/2.5.0/aopalliance-repackaged-2.5.0.jar:/home/user/.m2/repository/com/fasterxml/jackson/dataformat/jackson-dataformat-xml/2.9.0/jackson-dataformat-xml-2.9.0.jar:/home/user/.m2/repository/com/fasterxml/jackson/core/jackson-core/2.9.5/jackson-core-2.9.5.jar:/home/user/.m2/repository/com/fasterxml/jackson/module/jackson-module-jaxb-annotations/2.9.5/jackson-module-jaxb-annotations-2.9.5.jar:/home/user/.m2/repository/javax/enterprise/cdi-api/1.2/cdi-api-1.2.jar:/home/user/.m2/repository/javax/el/javax.el-api/3.0.0/javax.el-api-3.0.0.jar:/home/user/.m2/repository/javax/interceptor/javax.interceptor-api/1.2/javax.interceptor-api-1.2.jar:/home/user/.m2/repository/javax/inject/javax.inject/1/javax.inject-1.jar:/home/user/.m2/repository/com/sun/xml/bind/jaxb-impl/2.3.0.1/jaxb-impl-2.3.0.1.jar:/home/user/.m2/repository/com/sun/xml/bind/jaxb-core/2.3.0.1/jaxb-core-2.3.0.1.jar:/home/user/.m2/repository/javax/xml/bind/jaxb-api/2.3.0/jaxb-api-2.3.0.jar:/home/user/.m2/repository/javax/activation/activation/1.1.1/activation-1.1.1.jar:/home/user/.m2/repository/org/apache/hadoop/hadoop-ozone-csi/0.5.0-SNAPSHOT/hadoop-ozone-csi-0.5.0-SNAPSHOT.jar:/home/user/.m2/repository/com/google/protobuf/protobuf-java-util/3.5.1/protobuf-java-util-3.5.1.jar:/home/user/.m2/repository/org/apache/hadoop/hadoop-hdds-config/0.5.0-SNAPSHOT/hadoop-hdds-config-0.5.0-SNAPSHOT.jar:/home/user/.m2/repository/io/grpc/grpc-netty/1.17.1/grpc-netty-1.17.1.jar:/home/user/.m2/repository/io/grpc/grpc-core/1.17.1/grpc-core-1.17.1.jar:/home/user/.m2/repository/io/grpc/grpc-context/1.17.1/grpc-context-1.17.1.jar:/home/user/.m2/repository/com/google/errorprone/error_prone_annotations/2.2.0/error_prone_annotations-2.2.0.jar:/home/user/.m2/repository/org/codehaus/mojo/animal-sniffer-annotations/1.17/animal-sniffer-annotations-1.17.jar:/home/user/.m2/repository/io/opencensus/opencensus-api/0.17.0/opencensus-api-0.17.0.jar:/home/user/.m2/repository/io/opencensus/opencensus-contrib-grpc-metrics/0.17.0/opencensus-contrib-grpc-metrics-0.17.0.jar:/home/user/.m2/repository/io/netty/netty-codec-http2/4.1.30.Final/netty-codec-http2-4.1.30.Final.jar:/home/user/.m2/repository/io/netty/netty-codec-http/4.1.30.Final/netty-codec-http-4.1.30.Final.jar:/home/user/.m2/repository/io/netty/netty-codec/4.1.30.Final/netty-codec-4.1.30.Final.jar:/home/user/.m2/repository/io/netty/netty-handler/4.1.30.Final/netty-handler-4.1.30.Final.jar:/home/user/.m2/repository/io/netty/netty-handler-proxy/4.1.30.Final/netty-handler-proxy-4.1.30.Final.jar:/home/user/.m2/repository/io/netty/netty-codec-socks/4.1.30.Final/netty-codec-socks-4.1.30.Final.jar:/home/user/.m2/repository/io/netty/netty-transport-native-epoll/4.1.30.Final/netty-transport-native-epoll-4.1.30.Final.jar:/home/user/.m2/repository/io/netty/netty-common/4.1.30.Final/netty-common-4.1.30.Final.jar:/home/user/.m2/repository/io/netty/netty-buffer/4.1.30.Final/netty-buffer-4.1.30.Final.jar:/home/user/.m2/repository/io/netty/netty-transport/4.1.30.Final/netty-transport-4.1.30.Final.jar:/home/user/.m2/repository/io/netty/netty-resolver/4.1.30.Final/netty-resolver-4.1.30.Final.jar:/home/user/.m2/repository/io/netty/netty-transport-native-unix-common/4.1.30.Final/netty-transport-native-unix-common-4.1.30.Final.jar:/home/user/.m2/repository/io/grpc/grpc-protobuf/1.17.1/grpc-protobuf-1.17.1.jar:/home/user/.m2/repository/com/google/api/grpc/proto-google-common-protos/1.0.0/proto-google-common-protos-1.0.0.jar:/home/user/.m2/repository/io/grpc/grpc-protobuf-lite/1.17.1/grpc-protobuf-lite-1.17.1.jar:/home/user/.m2/repository/io/grpc/grpc-stub/1.17.1/grpc-stub-1.17.1.jar:/home/user/.m2/repository/org/apache/hadoop/hadoop-ozone-recon/0.5.0-SNAPSHOT/hadoop-ozone-recon-0.5.0-SNAPSHOT.jar:/home/user/.m2/repository/org/apache/hadoop/hadoop-ozone-reconcodegen/0.5.0-SNAPSHOT/hadoop-ozone-reconcodegen-0.5.0-SNAPSHOT.jar:/home/user/.m2/repository/com/google/inject/extensions/guice-multibindings/4.0/guice-multibindings-4.0.jar:/home/user/.m2/repository/com/google/inject/guice/4.0/guice-4.0.jar:/home/user/.m2/repository/aopalliance/aopalliance/1.0/aopalliance-1.0.jar:/home/user/.m2/repository/com/google/inject/extensions/guice-servlet/4.0/guice-servlet-4.0.jar:/home/user/.m2/repository/org/glassfish/jersey/containers/jersey-container-servlet/2.27/jersey-container-servlet-2.27.jar:/home/user/.m2/repository/org/glassfish/hk2/guice-bridge/2.5.0/guice-bridge-2.5.0.jar:/home/user/.m2/repository/org/glassfish/jersey/core/jersey-server/2.27/jersey-server-2.27.jar:/home/user/.m2/repository/org/glassfish/jersey/core/jersey-client/2.27/jersey-client-2.27.jar:/home/user/.m2/repository/org/glassfish/jersey/media/jersey-media-jaxb/2.27/jersey-media-jaxb-2.27.jar:/home/user/.m2/repository/javax/validation/validation-api/1.1.0.Final/validation-api-1.1.0.Final.jar:/home/user/.m2/repository/org/glassfish/jersey/media/jersey-media-json-jackson/2.27/jersey-media-json-jackson-2.27.jar:/home/user/.m2/repository/org/glassfish/jersey/ext/jersey-entity-filtering/2.27/jersey-entity-filtering-2.27.jar:/home/user/.m2/repository/com/google/inject/extensions/guice-assistedinject/4.0/guice-assistedinject-4.0.jar:/home/user/.m2/repository/org/jooq/jooq/3.11.10/jooq-3.11.10.jar:/home/user/.m2/repository/org/jooq/jooq-meta/3.11.10/jooq-meta-3.11.10.jar:/home/user/.m2/repository/org/jooq/jooq-codegen/3.11.10/jooq-codegen-3.11.10.jar:/home/user/.m2/repository/com/jolbox/bonecp/0.8.0.RELEASE/bonecp-0.8.0.RELEASE.jar:/home/user/.m2/repository/org/xerial/sqlite-jdbc/3.25.2/sqlite-jdbc-3.25.2.jar:/home/user/.m2/repository/org/springframework/spring-jdbc/5.1.3.RELEASE/spring-jdbc-5.1.3.RELEASE.jar:/home/user/.m2/repository/org/springframework/spring-beans/5.1.3.RELEASE/spring-beans-5.1.3.RELEASE.jar:/home/user/.m2/repository/org/springframework/spring-core/5.1.3.RELEASE/spring-core-5.1.3.RELEASE.jar:/home/user/.m2/repository/org/springframework/spring-jcl/5.1.3.RELEASE/spring-jcl-5.1.3.RELEASE.jar:/home/user/.m2/repository/org/springframework/spring-tx/5.1.3.RELEASE/spring-tx-5.1.3.RELEASE.jar:/home/user/.m2/repository/org/apache/hadoop/hadoop-ozone-client/0.5.0-SNAPSHOT/hadoop-ozone-client-0.5.0-SNAPSHOT.jar:/home/user/.m2/repository/commons-lang/commons-lang/2.6/commons-lang-2.6.jar:/home/user/.m2/repository/org/apache/hadoop/hadoop-ozone-ozone-manager/0.5.0-SNAPSHOT/hadoop-ozone-ozone-manager-0.5.0-SNAPSHOT-tests.jar:/home/user/.m2/repository/junit/junit/4.11/junit-4.11.jar:/home/user/.m2/repository/org/hamcrest/hamcrest-core/1.3/hamcrest-core-1.3.jar:/home/user/.m2/repository/org/openjdk/jmh/jmh-core/1.19/jmh-core-1.19.jar:/home/user/.m2/repository/net/sf/jopt-simple/jopt-simple/4.6/jopt-simple-4.6.jar:/home/user/.m2/repository/org/apache/commons/commons-math3/3.1.1/commons-math3-3.1.1.jar:/home/user/.m2/repository/org/openjdk/jmh/jmh-generator-annprocess/1.19/jmh-generator-annprocess-1.19.jar:/home/user/.m2/repository/org/mockito/mockito-all/1.8.5/mockito-all-1.8.5.jar:/home/user/.m2/repository/org/apache/hadoop/hadoop-kms/3.2.0/hadoop-kms-3.2.0.jar:/home/user/.m2/repository/org/apache/hadoop/hadoop-auth/3.2.0/hadoop-auth-3.2.0.jar:/home/user/.m2/repository/com/nimbusds/nimbus-jose-jwt/4.41.1/nimbus-jose-jwt-4.41.1.jar:/home/user/.m2/repository/com/github/stephenc/jcip/jcip-annotations/1.0-1/jcip-annotations-1.0-1.jar:/home/user/.m2/repository/net/minidev/json-smart/2.3/json-smart-2.3.jar:/home/user/.m2/repository/net/minidev/accessors-smart/1.2/accessors-smart-1.2.jar:/home/user/.m2/repository/org/ow2/asm/asm/5.0.4/asm-5.0.4.jar:/home/user/.m2/repository/org/apache/curator/curator-framework/2.12.0/curator-framework-2.12.0.jar:/home/user/.m2/repository/com/sun/jersey/jersey-core/1.19/jersey-core-1.19.jar:/home/user/.m2/repository/javax/ws/rs/jsr311-api/1.1.1/jsr311-api-1.1.1.jar:/home/user/.m2/repository/com/sun/jersey/jersey-server/1.19/jersey-server-1.19.jar:/home/user/.m2/repository/javax/servlet/javax.servlet-api/3.1.0/javax.servlet-api-3.1.0.jar:/home/user/.m2/repository/org/eclipse/jetty/jetty-server/9.3.24.v20180605/jetty-server-9.3.24.v20180605.jar:/home/user/.m2/repository/org/eclipse/jetty/jetty-http/9.3.24.v20180605/jetty-http-9.3.24.v20180605.jar:/home/user/.m2/repository/org/eclipse/jetty/jetty-io/9.3.24.v20180605/jetty-io-9.3.24.v20180605.jar:/home/user/.m2/repository/org/eclipse/jetty/jetty-webapp/9.3.24.v20180605/jetty-webapp-9.3.24.v20180605.jar:/home/user/.m2/repository/org/eclipse/jetty/jetty-xml/9.3.24.v20180605/jetty-xml-9.3.24.v20180605.jar:/home/user/.m2/repository/log4j/log4j/1.2.17/log4j-1.2.17.jar:/home/user/.m2/repository/org/slf4j/slf4j-api/1.7.25/slf4j-api-1.7.25.jar:/home/user/.m2/repository/org/slf4j/jul-to-slf4j/1.7.25/jul-to-slf4j-1.7.25.jar:/home/user/.m2/repository/org/eclipse/jetty/jetty-util/9.3.24.v20180605/jetty-util-9.3.24.v20180605.jar:/home/user/.m2/repository/com/fasterxml/jackson/core/jackson-databind/2.9.5/jackson-databind-2.9.5.jar:/home/user/.m2/repository/org/apache/hadoop/hadoop-kms/3.2.0/hadoop-kms-3.2.0-tests.jar:/home/user/.m2/repository/org/apache/hadoop/hadoop-hdds-server-scm/0.5.0-SNAPSHOT/hadoop-hdds-server-scm-0.5.0-SNAPSHOT-tests.jar:/home/user/.m2/repository/org/apache/hadoop/hadoop-hdds-container-service/0.5.0-SNAPSHOT/hadoop-hdds-container-service-0.5.0-SNAPSHOT-tests.jar:/home/user/.m2/repository/org/yaml/snakeyaml/1.16/snakeyaml-1.16.jar:/home/user/.m2/repository/org/apache/hadoop/hadoop-common/3.2.0/hadoop-common-3.2.0-tests.jar:/home/user/.m2/repository/org/apache/hadoop/hadoop-annotations/3.2.0/hadoop-annotations-3.2.0.jar:/usr/lib/jvm/java-1.8-openjdk/jre/../lib/tools.jar:/home/user/.m2/repository/commons-cli/commons-cli/1.2/commons-cli-1.2.jar:/home/user/.m2/repository/org/apache/httpcomponents/httpclient/4.5.2/httpclient-4.5.2.jar:/home/user/.m2/repository/org/apache/httpcomponents/httpcore/4.4.4/httpcore-4.4.4.jar:/home/user/.m2/repository/commons-codec/commons-codec/1.11/commons-codec-1.11.jar:/home/user/.m2/repository/commons-net/commons-net/3.6/commons-net-3.6.jar:/home/user/.m2/repository/commons-collections/commons-collections/3.2.2/commons-collections-3.2.2.jar:/home/user/.m2/repository/org/eclipse/jetty/jetty-servlet/9.3.24.v20180605/jetty-servlet-9.3.24.v20180605.jar:/home/user/.m2/repository/org/eclipse/jetty/jetty-security/9.3.24.v20180605/jetty-security-9.3.24.v20180605.jar:/home/user/.m2/repository/javax/servlet/jsp/jsp-api/2.1/jsp-api-2.1.jar:/home/user/.m2/repository/com/sun/jersey/jersey-servlet/1.19/jersey-servlet-1.19.jar:/home/user/.m2/repository/com/sun/jersey/jersey-json/1.19/jersey-json-1.19.jar:/home/user/.m2/repository/org/codehaus/jettison/jettison/1.1/jettison-1.1.jar:/home/user/.m2/repository/org/codehaus/jackson/jackson-core-asl/1.9.13/jackson-core-asl-1.9.13.jar:/home/user/.m2/repository/org/codehaus/jackson/jackson-mapper-asl/1.9.13/jackson-mapper-asl-1.9.13.jar:/home/user/.m2/repository/org/codehaus/jackson/jackson-jaxrs/1.9.13/jackson-jaxrs-1.9.13.jar:/home/user/.m2/repository/org/codehaus/jackson/jackson-xc/1.9.13/jackson-xc-1.9.13.jar:/home/user/.m2/repository/commons-logging/commons-logging/1.1.3/commons-logging-1.1.3.jar:/home/user/.m2/repository/commons-beanutils/commons-beanutils/1.9.3/commons-beanutils-1.9.3.jar:/home/user/.m2/repository/org/apache/commons/commons-configuration2/2.1.1/commons-configuration2-2.1.1.jar:/home/user/.m2/repository/org/apache/commons/commons-lang3/3.7/commons-lang3-3.7.jar:/home/user/.m2/repository/org/apache/commons/commons-text/1.4/commons-text-1.4.jar:/home/user/.m2/repository/org/apache/avro/avro/1.7.7/avro-1.7.7.jar:/home/user/.m2/repository/com/thoughtworks/paranamer/paranamer/2.3/paranamer-2.3.jar:/home/user/.m2/repository/org/xerial/snappy/snappy-java/1.0.5/snappy-java-1.0.5.jar:/home/user/.m2/repository/com/google/re2j/re2j/1.1/re2j-1.1.jar:/home/user/.m2/repository/com/google/code/gson/gson/2.2.4/gson-2.2.4.jar:/home/user/.m2/repository/com/jcraft/jsch/0.1.54/jsch-0.1.54.jar:/home/user/.m2/repository/org/apache/curator/curator-client/2.12.0/curator-client-2.12.0.jar:/home/user/.m2/repository/org/apache/curator/curator-recipes/2.12.0/curator-recipes-2.12.0.jar:/home/user/.m2/repository/com/google/code/findbugs/jsr305/3.0.0/jsr305-3.0.0.jar:/home/user/.m2/repository/org/apache/htrace/htrace-core4/4.1.0-incubating/htrace-core4-4.1.0-incubating.jar:/home/user/.m2/repository/org/apache/zookeeper/zookeeper/3.4.13/zookeeper-3.4.13.jar:/home/user/.m2/repository/org/apache/yetus/audience-annotations/0.5.0/audience-annotations-0.5.0.jar:/home/user/.m2/repository/org/codehaus/woodstox/stax2-api/3.1.4/stax2-api-3.1.4.jar:/home/user/.m2/repository/com/fasterxml/woodstox/woodstox-core/5.0.3/woodstox-core-5.0.3.jar:/home/user/.m2/repository/dnsjava/dnsjava/2.1.7/dnsjava-2.1.7.jar:/home/user/.m2/repository/org/apache/hadoop/hadoop-hdfs/3.2.0/hadoop-hdfs-3.2.0-tests.jar:/home/user/.m2/repository/org/eclipse/jetty/jetty-util-ajax/9.3.24.v20180605/jetty-util-ajax-9.3.24.v20180605.jar:/home/user/.m2/repository/commons-daemon/commons-daemon/1.0.13/commons-daemon-1.0.13.jar:/home/user/.m2/repository/io/netty/netty/3.10.5.Final/netty-3.10.5.Final.jar:/home/user/.m2/repository/io/netty/netty-all/4.0.52.Final/netty-all-4.0.52.Final.jar:/home/user/.m2/repository/org/fusesource/leveldbjni/leveldbjni-all/1.8/leveldbjni-all-1.8.jar:"/>
    <property name="java.vm.vendor" value="IcedTea"/>
    <property name="sun.arch.data.model" value="64"/>
    <property name="test.build.dir" value="/workdir/hadoop-ozone/integration-test/target/test-dir"/>
    <property name="test.cache.data" value=""/>
    <property name="java.vendor.url" value="https://icedtea.classpath.org"/>
    <property name="user.timezone" value=""/>
    <property name="java.vm.specification.version" value="1.8"/>
    <property name="os.name" value="Linux"/>
    <property name="test.build.data" value="/workdir/hadoop-ozone/integration-test/target/test-dir"/>
    <property name="user.country" value="US"/>
    <property name="sun.java.launcher" value="SUN_STANDARD"/>
    <property name="sun.boot.library.path" value="/usr/lib/jvm/java-1.8-openjdk/jre/lib/amd64"/>
    <property name="sun.java.command" value="/workdir/hadoop-ozone/integration-test/target/surefire/surefirebooter1947424290746652920.jar /workdir/hadoop-ozone/integration-test/target/surefire 2019-09-11T05-57-26_031-jvmRun1 surefire5844777326663529548tmp surefire_334763377481018874423tmp"/>
    <property name="test" value="!TestMiniChaosOzoneCluster"/>
    <property name="surefire.test.class.path" value="/workdir/hadoop-ozone/integration-test/target/test-classes:/workdir/hadoop-ozone/integration-test/target/classes:/home/user/.m2/repository/org/apache/hadoop/hadoop-ozone-common/0.5.0-SNAPSHOT/hadoop-ozone-common-0.5.0-SNAPSHOT.jar:/home/user/.m2/repository/org/apache/commons/commons-compress/1.4.1/commons-compress-1.4.1.jar:/home/user/.m2/repository/org/tukaani/xz/1.0/xz-1.0.jar:/home/user/.m2/repository/org/apache/hadoop/hadoop-common/3.2.0/hadoop-common-3.2.0.jar:/home/user/.m2/repository/org/apache/hadoop/hadoop-hdfs/3.2.0/hadoop-hdfs-3.2.0.jar:/home/user/.m2/repository/org/apache/hadoop/hadoop-hdfs-client/3.2.0/hadoop-hdfs-client-3.2.0.jar:/home/user/.m2/repository/com/fasterxml/jackson/core/jackson-annotations/2.9.5/jackson-annotations-2.9.5.jar:/home/user/.m2/repository/org/apache/hadoop/hadoop-hdds-common/0.5.0-SNAPSHOT/hadoop-hdds-common-0.5.0-SNAPSHOT.jar:/home/user/.m2/repository/javax/annotation/javax.annotation-api/1.2/javax.annotation-api-1.2.jar:/home/user/.m2/repository/org/apache/ratis/ratis-server/0.4.0-78e95b9-SNAPSHOT/ratis-server-0.4.0-78e95b9-SNAPSHOT.jar:/home/user/.m2/repository/org/apache/ratis/ratis-thirdparty-misc/0.2.0/ratis-thirdparty-misc-0.2.0.jar:/home/user/.m2/repository/org/apache/ratis/ratis-proto/0.4.0-78e95b9-SNAPSHOT/ratis-proto-0.4.0-78e95b9-SNAPSHOT.jar:/home/user/.m2/repository/org/apache/ratis/ratis-common/0.4.0-78e95b9-SNAPSHOT/ratis-common-0.4.0-78e95b9-SNAPSHOT.jar:/home/user/.m2/repository/org/apache/ratis/ratis-client/0.4.0-78e95b9-SNAPSHOT/ratis-client-0.4.0-78e95b9-SNAPSHOT.jar:/home/user/.m2/repository/org/apache/ratis/ratis-metrics/0.4.0-78e95b9-SNAPSHOT/ratis-metrics-0.4.0-78e95b9-SNAPSHOT.jar:/home/user/.m2/repository/com/github/joshelser/dropwizard-metrics-hadoop-metrics2-reporter/0.1.2/dropwizard-metrics-hadoop-metrics2-reporter-0.1.2.jar:/home/user/.m2/repository/io/dropwizard/metrics/metrics-jvm/3.2.5/metrics-jvm-3.2.5.jar:/home/user/.m2/repository/io/dropwizard/metrics/metrics-ganglia/3.2.5/metrics-ganglia-3.2.5.jar:/home/user/.m2/repository/info/ganglia/gmetric4j/gmetric4j/1.0.7/gmetric4j-1.0.7.jar:/home/user/.m2/repository/org/apache/ratis/ratis-netty/0.4.0-78e95b9-SNAPSHOT/ratis-netty-0.4.0-78e95b9-SNAPSHOT.jar:/home/user/.m2/repository/org/apache/ratis/ratis-grpc/0.4.0-78e95b9-SNAPSHOT/ratis-grpc-0.4.0-78e95b9-SNAPSHOT.jar:/home/user/.m2/repository/org/rocksdb/rocksdbjni/6.0.1/rocksdbjni-6.0.1.jar:/home/user/.m2/repository/org/apache/logging/log4j/log4j-api/2.11.0/log4j-api-2.11.0.jar:/home/user/.m2/repository/org/apache/logging/log4j/log4j-core/2.11.0/log4j-core-2.11.0.jar:/home/user/.m2/repository/com/lmax/disruptor/3.4.2/disruptor-3.4.2.jar:/home/user/.m2/repository/org/apache/commons/commons-pool2/2.6.0/commons-pool2-2.6.0.jar:/home/user/.m2/repository/org/bouncycastle/bcpkix-jdk15on/1.60/bcpkix-jdk15on-1.60.jar:/home/user/.m2/repository/commons-validator/commons-validator/1.6/commons-validator-1.6.jar:/home/user/.m2/repository/commons-digester/commons-digester/1.8.1/commons-digester-1.8.1.jar:/home/user/.m2/repository/io/jaegertracing/jaeger-client/0.33.1/jaeger-client-0.33.1.jar:/home/user/.m2/repository/io/jaegertracing/jaeger-thrift/0.33.1/jaeger-thrift-0.33.1.jar:/home/user/.m2/repository/org/apache/thrift/libthrift/0.11.0/libthrift-0.11.0.jar:/home/user/.m2/repository/com/squareup/okhttp3/okhttp/3.9.0/okhttp-3.9.0.jar:/home/user/.m2/repository/com/squareup/okio/okio/1.13.0/okio-1.13.0.jar:/home/user/.m2/repository/io/jaegertracing/jaeger-core/0.33.1/jaeger-core-0.33.1.jar:/home/user/.m2/repository/io/jaegertracing/jaeger-tracerresolver/0.33.1/jaeger-tracerresolver-0.33.1.jar:/home/user/.m2/repository/io/opentracing/contrib/opentracing-tracerresolver/0.1.5/opentracing-tracerresolver-0.1.5.jar:/home/user/.m2/repository/io/opentracing/opentracing-util/0.31.0/opentracing-util-0.31.0.jar:/home/user/.m2/repository/io/opentracing/opentracing-api/0.31.0/opentracing-api-0.31.0.jar:/home/user/.m2/repository/io/opentracing/opentracing-noop/0.31.0/opentracing-noop-0.31.0.jar:/home/user/.m2/repository/org/apache/hadoop/hadoop-hdds-server-framework/0.5.0-SNAPSHOT/hadoop-hdds-server-framework-0.5.0-SNAPSHOT.jar:/home/user/.m2/repository/org/apache/hadoop/hadoop-hdds-container-service/0.5.0-SNAPSHOT/hadoop-hdds-container-service-0.5.0-SNAPSHOT.jar:/home/user/.m2/repository/org/apache/hadoop/hadoop-hdds-client/0.5.0-SNAPSHOT/hadoop-hdds-client-0.5.0-SNAPSHOT.jar:/home/user/.m2/repository/org/apache/hadoop/hadoop-hdds-tools/0.5.0-SNAPSHOT/hadoop-hdds-tools-0.5.0-SNAPSHOT.jar:/home/user/.m2/repository/org/apache/hadoop/hadoop-hdds-server-scm/0.5.0-SNAPSHOT/hadoop-hdds-server-scm-0.5.0-SNAPSHOT.jar:/home/user/.m2/repository/org/apache/hadoop/hadoop-hdds-docs/0.5.0-SNAPSHOT/hadoop-hdds-docs-0.5.0-SNAPSHOT.jar:/home/user/.m2/repository/io/dropwizard/metrics/metrics-core/3.2.4/metrics-core-3.2.4.jar:/home/user/.m2/repository/org/hamcrest/hamcrest-all/1.3/hamcrest-all-1.3.jar:/home/user/.m2/repository/org/bouncycastle/bcprov-jdk15on/1.60/bcprov-jdk15on-1.60.jar:/home/user/.m2/repository/info/picocli/picocli/3.9.6/picocli-3.9.6.jar:/home/user/.m2/repository/com/google/protobuf/protobuf-java/2.5.0/protobuf-java-2.5.0.jar:/home/user/.m2/repository/com/google/guava/guava/11.0.2/guava-11.0.2.jar:/home/user/.m2/repository/org/apache/hadoop/hadoop-ozone-ozone-manager/0.5.0-SNAPSHOT/hadoop-ozone-ozone-manager-0.5.0-SNAPSHOT.jar:/home/user/.m2/repository/org/apache/hadoop/hadoop-minikdc/3.2.0/hadoop-minikdc-3.2.0.jar:/home/user/.m2/repository/commons-io/commons-io/2.5/commons-io-2.5.jar:/home/user/.m2/repository/org/apache/kerby/kerb-simplekdc/1.0.1/kerb-simplekdc-1.0.1.jar:/home/user/.m2/repository/org/apache/kerby/kerb-client/1.0.1/kerb-client-1.0.1.jar:/home/user/.m2/repository/org/apache/kerby/kerby-config/1.0.1/kerby-config-1.0.1.jar:/home/user/.m2/repository/org/apache/kerby/kerb-core/1.0.1/kerb-core-1.0.1.jar:/home/user/.m2/repository/org/apache/kerby/kerby-pkix/1.0.1/kerby-pkix-1.0.1.jar:/home/user/.m2/repository/org/apache/kerby/kerby-asn1/1.0.1/kerby-asn1-1.0.1.jar:/home/user/.m2/repository/org/apache/kerby/kerby-util/1.0.1/kerby-util-1.0.1.jar:/home/user/.m2/repository/org/apache/kerby/kerb-common/1.0.1/kerb-common-1.0.1.jar:/home/user/.m2/repository/org/apache/kerby/kerb-crypto/1.0.1/kerb-crypto-1.0.1.jar:/home/user/.m2/repository/org/apache/kerby/kerb-util/1.0.1/kerb-util-1.0.1.jar:/home/user/.m2/repository/org/apache/kerby/token-provider/1.0.1/token-provider-1.0.1.jar:/home/user/.m2/repository/org/apache/kerby/kerb-admin/1.0.1/kerb-admin-1.0.1.jar:/home/user/.m2/repository/org/apache/kerby/kerb-server/1.0.1/kerb-server-1.0.1.jar:/home/user/.m2/repository/org/apache/kerby/kerb-identity/1.0.1/kerb-identity-1.0.1.jar:/home/user/.m2/repository/org/apache/kerby/kerby-xdr/1.0.1/kerby-xdr-1.0.1.jar:/home/user/.m2/repository/org/slf4j/slf4j-log4j12/1.7.25/slf4j-log4j12-1.7.25.jar:/home/user/.m2/repository/org/apache/hadoop/hadoop-ozone-s3gateway/0.5.0-SNAPSHOT/hadoop-ozone-s3gateway-0.5.0-SNAPSHOT.jar:/home/user/.m2/repository/org/jboss/weld/servlet/weld-servlet/2.4.7.Final/weld-servlet-2.4.7.Final.jar:/home/user/.m2/repository/org/glassfish/jersey/containers/jersey-container-servlet-core/2.27/jersey-container-servlet-core-2.27.jar:/home/user/.m2/repository/org/glassfish/hk2/external/javax.inject/2.5.0-b42/javax.inject-2.5.0-b42.jar:/home/user/.m2/repository/org/glassfish/jersey/core/jersey-common/2.27/jersey-common-2.27.jar:/home/user/.m2/repository/org/glassfish/hk2/osgi-resource-locator/1.0.1/osgi-resource-locator-1.0.1.jar:/home/user/.m2/repository/javax/ws/rs/javax.ws.rs-api/2.1/javax.ws.rs-api-2.1.jar:/home/user/.m2/repository/org/glassfish/jersey/ext/cdi/jersey-cdi1x/2.27/jersey-cdi1x-2.27.jar:/home/user/.m2/repository/org/glassfish/jersey/inject/jersey-hk2/2.27/jersey-hk2-2.27.jar:/home/user/.m2/repository/org/glassfish/hk2/hk2-locator/2.5.0-b42/hk2-locator-2.5.0-b42.jar:/home/user/.m2/repository/org/javassist/javassist/3.22.0-CR2/javassist-3.22.0-CR2.jar:/home/user/.m2/repository/org/glassfish/hk2/hk2-api/2.5.0/hk2-api-2.5.0.jar:/home/user/.m2/repository/org/glassfish/hk2/external/jakarta.inject/2.5.0/jakarta.inject-2.5.0.jar:/home/user/.m2/repository/org/glassfish/hk2/hk2-utils/2.5.0/hk2-utils-2.5.0.jar:/home/user/.m2/repository/jakarta/annotation/jakarta.annotation-api/1.3.4/jakarta.annotation-api-1.3.4.jar:/home/user/.m2/repository/org/glassfish/hk2/external/aopalliance-repackaged/2.5.0/aopalliance-repackaged-2.5.0.jar:/home/user/.m2/repository/com/fasterxml/jackson/dataformat/jackson-dataformat-xml/2.9.0/jackson-dataformat-xml-2.9.0.jar:/home/user/.m2/repository/com/fasterxml/jackson/core/jackson-core/2.9.5/jackson-core-2.9.5.jar:/home/user/.m2/repository/com/fasterxml/jackson/module/jackson-module-jaxb-annotations/2.9.5/jackson-module-jaxb-annotations-2.9.5.jar:/home/user/.m2/repository/javax/enterprise/cdi-api/1.2/cdi-api-1.2.jar:/home/user/.m2/repository/javax/el/javax.el-api/3.0.0/javax.el-api-3.0.0.jar:/home/user/.m2/repository/javax/interceptor/javax.interceptor-api/1.2/javax.interceptor-api-1.2.jar:/home/user/.m2/repository/javax/inject/javax.inject/1/javax.inject-1.jar:/home/user/.m2/repository/com/sun/xml/bind/jaxb-impl/2.3.0.1/jaxb-impl-2.3.0.1.jar:/home/user/.m2/repository/com/sun/xml/bind/jaxb-core/2.3.0.1/jaxb-core-2.3.0.1.jar:/home/user/.m2/repository/javax/xml/bind/jaxb-api/2.3.0/jaxb-api-2.3.0.jar:/home/user/.m2/repository/javax/activation/activation/1.1.1/activation-1.1.1.jar:/home/user/.m2/repository/org/apache/hadoop/hadoop-ozone-csi/0.5.0-SNAPSHOT/hadoop-ozone-csi-0.5.0-SNAPSHOT.jar:/home/user/.m2/repository/com/google/protobuf/protobuf-java-util/3.5.1/protobuf-java-util-3.5.1.jar:/home/user/.m2/repository/org/apache/hadoop/hadoop-hdds-config/0.5.0-SNAPSHOT/hadoop-hdds-config-0.5.0-SNAPSHOT.jar:/home/user/.m2/repository/io/grpc/grpc-netty/1.17.1/grpc-netty-1.17.1.jar:/home/user/.m2/repository/io/grpc/grpc-core/1.17.1/grpc-core-1.17.1.jar:/home/user/.m2/repository/io/grpc/grpc-context/1.17.1/grpc-context-1.17.1.jar:/home/user/.m2/repository/com/google/errorprone/error_prone_annotations/2.2.0/error_prone_annotations-2.2.0.jar:/home/user/.m2/repository/org/codehaus/mojo/animal-sniffer-annotations/1.17/animal-sniffer-annotations-1.17.jar:/home/user/.m2/repository/io/opencensus/opencensus-api/0.17.0/opencensus-api-0.17.0.jar:/home/user/.m2/repository/io/opencensus/opencensus-contrib-grpc-metrics/0.17.0/opencensus-contrib-grpc-metrics-0.17.0.jar:/home/user/.m2/repository/io/netty/netty-codec-http2/4.1.30.Final/netty-codec-http2-4.1.30.Final.jar:/home/user/.m2/repository/io/netty/netty-codec-http/4.1.30.Final/netty-codec-http-4.1.30.Final.jar:/home/user/.m2/repository/io/netty/netty-codec/4.1.30.Final/netty-codec-4.1.30.Final.jar:/home/user/.m2/repository/io/netty/netty-handler/4.1.30.Final/netty-handler-4.1.30.Final.jar:/home/user/.m2/repository/io/netty/netty-handler-proxy/4.1.30.Final/netty-handler-proxy-4.1.30.Final.jar:/home/user/.m2/repository/io/netty/netty-codec-socks/4.1.30.Final/netty-codec-socks-4.1.30.Final.jar:/home/user/.m2/repository/io/netty/netty-transport-native-epoll/4.1.30.Final/netty-transport-native-epoll-4.1.30.Final.jar:/home/user/.m2/repository/io/netty/netty-common/4.1.30.Final/netty-common-4.1.30.Final.jar:/home/user/.m2/repository/io/netty/netty-buffer/4.1.30.Final/netty-buffer-4.1.30.Final.jar:/home/user/.m2/repository/io/netty/netty-transport/4.1.30.Final/netty-transport-4.1.30.Final.jar:/home/user/.m2/repository/io/netty/netty-resolver/4.1.30.Final/netty-resolver-4.1.30.Final.jar:/home/user/.m2/repository/io/netty/netty-transport-native-unix-common/4.1.30.Final/netty-transport-native-unix-common-4.1.30.Final.jar:/home/user/.m2/repository/io/grpc/grpc-protobuf/1.17.1/grpc-protobuf-1.17.1.jar:/home/user/.m2/repository/com/google/api/grpc/proto-google-common-protos/1.0.0/proto-google-common-protos-1.0.0.jar:/home/user/.m2/repository/io/grpc/grpc-protobuf-lite/1.17.1/grpc-protobuf-lite-1.17.1.jar:/home/user/.m2/repository/io/grpc/grpc-stub/1.17.1/grpc-stub-1.17.1.jar:/home/user/.m2/repository/org/apache/hadoop/hadoop-ozone-recon/0.5.0-SNAPSHOT/hadoop-ozone-recon-0.5.0-SNAPSHOT.jar:/home/user/.m2/repository/org/apache/hadoop/hadoop-ozone-reconcodegen/0.5.0-SNAPSHOT/hadoop-ozone-reconcodegen-0.5.0-SNAPSHOT.jar:/home/user/.m2/repository/com/google/inject/extensions/guice-multibindings/4.0/guice-multibindings-4.0.jar:/home/user/.m2/repository/com/google/inject/guice/4.0/guice-4.0.jar:/home/user/.m2/repository/aopalliance/aopalliance/1.0/aopalliance-1.0.jar:/home/user/.m2/repository/com/google/inject/extensions/guice-servlet/4.0/guice-servlet-4.0.jar:/home/user/.m2/repository/org/glassfish/jersey/containers/jersey-container-servlet/2.27/jersey-container-servlet-2.27.jar:/home/user/.m2/repository/org/glassfish/hk2/guice-bridge/2.5.0/guice-bridge-2.5.0.jar:/home/user/.m2/repository/org/glassfish/jersey/core/jersey-server/2.27/jersey-server-2.27.jar:/home/user/.m2/repository/org/glassfish/jersey/core/jersey-client/2.27/jersey-client-2.27.jar:/home/user/.m2/repository/org/glassfish/jersey/media/jersey-media-jaxb/2.27/jersey-media-jaxb-2.27.jar:/home/user/.m2/repository/javax/validation/validation-api/1.1.0.Final/validation-api-1.1.0.Final.jar:/home/user/.m2/repository/org/glassfish/jersey/media/jersey-media-json-jackson/2.27/jersey-media-json-jackson-2.27.jar:/home/user/.m2/repository/org/glassfish/jersey/ext/jersey-entity-filtering/2.27/jersey-entity-filtering-2.27.jar:/home/user/.m2/repository/com/google/inject/extensions/guice-assistedinject/4.0/guice-assistedinject-4.0.jar:/home/user/.m2/repository/org/jooq/jooq/3.11.10/jooq-3.11.10.jar:/home/user/.m2/repository/org/jooq/jooq-meta/3.11.10/jooq-meta-3.11.10.jar:/home/user/.m2/repository/org/jooq/jooq-codegen/3.11.10/jooq-codegen-3.11.10.jar:/home/user/.m2/repository/com/jolbox/bonecp/0.8.0.RELEASE/bonecp-0.8.0.RELEASE.jar:/home/user/.m2/repository/org/xerial/sqlite-jdbc/3.25.2/sqlite-jdbc-3.25.2.jar:/home/user/.m2/repository/org/springframework/spring-jdbc/5.1.3.RELEASE/spring-jdbc-5.1.3.RELEASE.jar:/home/user/.m2/repository/org/springframework/spring-beans/5.1.3.RELEASE/spring-beans-5.1.3.RELEASE.jar:/home/user/.m2/repository/org/springframework/spring-core/5.1.3.RELEASE/spring-core-5.1.3.RELEASE.jar:/home/user/.m2/repository/org/springframework/spring-jcl/5.1.3.RELEASE/spring-jcl-5.1.3.RELEASE.jar:/home/user/.m2/repository/org/springframework/spring-tx/5.1.3.RELEASE/spring-tx-5.1.3.RELEASE.jar:/home/user/.m2/repository/org/apache/hadoop/hadoop-ozone-client/0.5.0-SNAPSHOT/hadoop-ozone-client-0.5.0-SNAPSHOT.jar:/home/user/.m2/repository/commons-lang/commons-lang/2.6/commons-lang-2.6.jar:/home/user/.m2/repository/org/apache/hadoop/hadoop-ozone-ozone-manager/0.5.0-SNAPSHOT/hadoop-ozone-ozone-manager-0.5.0-SNAPSHOT-tests.jar:/home/user/.m2/repository/junit/junit/4.11/junit-4.11.jar:/home/user/.m2/repository/org/hamcrest/hamcrest-core/1.3/hamcrest-core-1.3.jar:/home/user/.m2/repository/org/openjdk/jmh/jmh-core/1.19/jmh-core-1.19.jar:/home/user/.m2/repository/net/sf/jopt-simple/jopt-simple/4.6/jopt-simple-4.6.jar:/home/user/.m2/repository/org/apache/commons/commons-math3/3.1.1/commons-math3-3.1.1.jar:/home/user/.m2/repository/org/openjdk/jmh/jmh-generator-annprocess/1.19/jmh-generator-annprocess-1.19.jar:/home/user/.m2/repository/org/mockito/mockito-all/1.8.5/mockito-all-1.8.5.jar:/home/user/.m2/repository/org/apache/hadoop/hadoop-kms/3.2.0/hadoop-kms-3.2.0.jar:/home/user/.m2/repository/org/apache/hadoop/hadoop-auth/3.2.0/hadoop-auth-3.2.0.jar:/home/user/.m2/repository/com/nimbusds/nimbus-jose-jwt/4.41.1/nimbus-jose-jwt-4.41.1.jar:/home/user/.m2/repository/com/github/stephenc/jcip/jcip-annotations/1.0-1/jcip-annotations-1.0-1.jar:/home/user/.m2/repository/net/minidev/json-smart/2.3/json-smart-2.3.jar:/home/user/.m2/repository/net/minidev/accessors-smart/1.2/accessors-smart-1.2.jar:/home/user/.m2/repository/org/ow2/asm/asm/5.0.4/asm-5.0.4.jar:/home/user/.m2/repository/org/apache/curator/curator-framework/2.12.0/curator-framework-2.12.0.jar:/home/user/.m2/repository/com/sun/jersey/jersey-core/1.19/jersey-core-1.19.jar:/home/user/.m2/repository/javax/ws/rs/jsr311-api/1.1.1/jsr311-api-1.1.1.jar:/home/user/.m2/repository/com/sun/jersey/jersey-server/1.19/jersey-server-1.19.jar:/home/user/.m2/repository/javax/servlet/javax.servlet-api/3.1.0/javax.servlet-api-3.1.0.jar:/home/user/.m2/repository/org/eclipse/jetty/jetty-server/9.3.24.v20180605/jetty-server-9.3.24.v20180605.jar:/home/user/.m2/repository/org/eclipse/jetty/jetty-http/9.3.24.v20180605/jetty-http-9.3.24.v20180605.jar:/home/user/.m2/repository/org/eclipse/jetty/jetty-io/9.3.24.v20180605/jetty-io-9.3.24.v20180605.jar:/home/user/.m2/repository/org/eclipse/jetty/jetty-webapp/9.3.24.v20180605/jetty-webapp-9.3.24.v20180605.jar:/home/user/.m2/repository/org/eclipse/jetty/jetty-xml/9.3.24.v20180605/jetty-xml-9.3.24.v20180605.jar:/home/user/.m2/repository/log4j/log4j/1.2.17/log4j-1.2.17.jar:/home/user/.m2/repository/org/slf4j/slf4j-api/1.7.25/slf4j-api-1.7.25.jar:/home/user/.m2/repository/org/slf4j/jul-to-slf4j/1.7.25/jul-to-slf4j-1.7.25.jar:/home/user/.m2/repository/org/eclipse/jetty/jetty-util/9.3.24.v20180605/jetty-util-9.3.24.v20180605.jar:/home/user/.m2/repository/com/fasterxml/jackson/core/jackson-databind/2.9.5/jackson-databind-2.9.5.jar:/home/user/.m2/repository/org/apache/hadoop/hadoop-kms/3.2.0/hadoop-kms-3.2.0-tests.jar:/home/user/.m2/repository/org/apache/hadoop/hadoop-hdds-server-scm/0.5.0-SNAPSHOT/hadoop-hdds-server-scm-0.5.0-SNAPSHOT-tests.jar:/home/user/.m2/repository/org/apache/hadoop/hadoop-hdds-container-service/0.5.0-SNAPSHOT/hadoop-hdds-container-service-0.5.0-SNAPSHOT-tests.jar:/home/user/.m2/repository/org/yaml/snakeyaml/1.16/snakeyaml-1.16.jar:/home/user/.m2/repository/org/apache/hadoop/hadoop-common/3.2.0/hadoop-common-3.2.0-tests.jar:/home/user/.m2/repository/org/apache/hadoop/hadoop-annotations/3.2.0/hadoop-annotations-3.2.0.jar:/usr/lib/jvm/java-1.8-openjdk/jre/../lib/tools.jar:/home/user/.m2/repository/commons-cli/commons-cli/1.2/commons-cli-1.2.jar:/home/user/.m2/repository/org/apache/httpcomponents/httpclient/4.5.2/httpclient-4.5.2.jar:/home/user/.m2/repository/org/apache/httpcomponents/httpcore/4.4.4/httpcore-4.4.4.jar:/home/user/.m2/repository/commons-codec/commons-codec/1.11/commons-codec-1.11.jar:/home/user/.m2/repository/commons-net/commons-net/3.6/commons-net-3.6.jar:/home/user/.m2/repository/commons-collections/commons-collections/3.2.2/commons-collections-3.2.2.jar:/home/user/.m2/repository/org/eclipse/jetty/jetty-servlet/9.3.24.v20180605/jetty-servlet-9.3.24.v20180605.jar:/home/user/.m2/repository/org/eclipse/jetty/jetty-security/9.3.24.v20180605/jetty-security-9.3.24.v20180605.jar:/home/user/.m2/repository/javax/servlet/jsp/jsp-api/2.1/jsp-api-2.1.jar:/home/user/.m2/repository/com/sun/jersey/jersey-servlet/1.19/jersey-servlet-1.19.jar:/home/user/.m2/repository/com/sun/jersey/jersey-json/1.19/jersey-json-1.19.jar:/home/user/.m2/repository/org/codehaus/jettison/jettison/1.1/jettison-1.1.jar:/home/user/.m2/repository/org/codehaus/jackson/jackson-core-asl/1.9.13/jackson-core-asl-1.9.13.jar:/home/user/.m2/repository/org/codehaus/jackson/jackson-mapper-asl/1.9.13/jackson-mapper-asl-1.9.13.jar:/home/user/.m2/repository/org/codehaus/jackson/jackson-jaxrs/1.9.13/jackson-jaxrs-1.9.13.jar:/home/user/.m2/repository/org/codehaus/jackson/jackson-xc/1.9.13/jackson-xc-1.9.13.jar:/home/user/.m2/repository/commons-logging/commons-logging/1.1.3/commons-logging-1.1.3.jar:/home/user/.m2/repository/commons-beanutils/commons-beanutils/1.9.3/commons-beanutils-1.9.3.jar:/home/user/.m2/repository/org/apache/commons/commons-configuration2/2.1.1/commons-configuration2-2.1.1.jar:/home/user/.m2/repository/org/apache/commons/commons-lang3/3.7/commons-lang3-3.7.jar:/home/user/.m2/repository/org/apache/commons/commons-text/1.4/commons-text-1.4.jar:/home/user/.m2/repository/org/apache/avro/avro/1.7.7/avro-1.7.7.jar:/home/user/.m2/repository/com/thoughtworks/paranamer/paranamer/2.3/paranamer-2.3.jar:/home/user/.m2/repository/org/xerial/snappy/snappy-java/1.0.5/snappy-java-1.0.5.jar:/home/user/.m2/repository/com/google/re2j/re2j/1.1/re2j-1.1.jar:/home/user/.m2/repository/com/google/code/gson/gson/2.2.4/gson-2.2.4.jar:/home/user/.m2/repository/com/jcraft/jsch/0.1.54/jsch-0.1.54.jar:/home/user/.m2/repository/org/apache/curator/curator-client/2.12.0/curator-client-2.12.0.jar:/home/user/.m2/repository/org/apache/curator/curator-recipes/2.12.0/curator-recipes-2.12.0.jar:/home/user/.m2/repository/com/google/code/findbugs/jsr305/3.0.0/jsr305-3.0.0.jar:/home/user/.m2/repository/org/apache/htrace/htrace-core4/4.1.0-incubating/htrace-core4-4.1.0-incubating.jar:/home/user/.m2/repository/org/apache/zookeeper/zookeeper/3.4.13/zookeeper-3.4.13.jar:/home/user/.m2/repository/org/apache/yetus/audience-annotations/0.5.0/audience-annotations-0.5.0.jar:/home/user/.m2/repository/org/codehaus/woodstox/stax2-api/3.1.4/stax2-api-3.1.4.jar:/home/user/.m2/repository/com/fasterxml/woodstox/woodstox-core/5.0.3/woodstox-core-5.0.3.jar:/home/user/.m2/repository/dnsjava/dnsjava/2.1.7/dnsjava-2.1.7.jar:/home/user/.m2/repository/org/apache/hadoop/hadoop-hdfs/3.2.0/hadoop-hdfs-3.2.0-tests.jar:/home/user/.m2/repository/org/eclipse/jetty/jetty-util-ajax/9.3.24.v20180605/jetty-util-ajax-9.3.24.v20180605.jar:/home/user/.m2/repository/commons-daemon/commons-daemon/1.0.13/commons-daemon-1.0.13.jar:/home/user/.m2/repository/io/netty/netty/3.10.5.Final/netty-3.10.5.Final.jar:/home/user/.m2/repository/io/netty/netty-all/4.0.52.Final/netty-all-4.0.52.Final.jar:/home/user/.m2/repository/org/fusesource/leveldbjni/leveldbjni-all/1.8/leveldbjni-all-1.8.jar:"/>
    <property name="sun.cpu.endian" value="little"/>
    <property name="user.home" value="/home/user"/>
    <property name="user.language" value="en"/>
    <property name="java.specification.vendor" value="Oracle Corporation"/>
    <property name="java.home" value="/usr/lib/jvm/java-1.8-openjdk/jre"/>
    <property name="java.security.krb5.conf" value="/workdir/hadoop-ozone/integration-test/target/test-classes/krb5.conf"/>
    <property name="basedir" value="/workdir/hadoop-ozone/integration-test"/>
    <property name="file.separator" value="/"/>
    <property name="line.separator" value="&#10;"/>
    <property name="java.vm.specification.vendor" value="Oracle Corporation"/>
    <property name="java.specification.name" value="Java Platform API Specification"/>
    <property name="java.awt.graphicsenv" value="sun.awt.X11GraphicsEnvironment"/>
    <property name="surefire.real.class.path" value="/workdir/hadoop-ozone/integration-test/target/surefire/surefirebooter1947424290746652920.jar"/>
    <property name="hadoop.log.dir" value="/workdir/hadoop-ozone/integration-test/target/log"/>
    <property name="sun.boot.class.path" value="/usr/lib/jvm/java-1.8-openjdk/jre/lib/resources.jar:/usr/lib/jvm/java-1.8-openjdk/jre/lib/rt.jar:/usr/lib/jvm/java-1.8-openjdk/jre/lib/sunrsasign.jar:/usr/lib/jvm/java-1.8-openjdk/jre/lib/jsse.jar:/usr/lib/jvm/java-1.8-openjdk/jre/lib/jce.jar:/usr/lib/jvm/java-1.8-openjdk/jre/lib/charsets.jar:/usr/lib/jvm/java-1.8-openjdk/jre/lib/jfr.jar:/usr/lib/jvm/java-1.8-openjdk/jre/classes"/>
    <property name="sun.management.compiler" value="HotSpot 64-Bit Tiered Compilers"/>
    <property name="java.runtime.version" value="1.8.0_212-b04"/>
    <property name="java.net.preferIPv4Stack" value="true"/>
    <property name="user.name" value="jenkins1000"/>
    <property name="path.separator" value=":"/>
    <property name="java.security.egd" value="file:///dev/urandom"/>
    <property name="os.version" value="3.10.0-957.12.2.el7.x86_64"/>
    <property name="java.endorsed.dirs" value="/usr/lib/jvm/java-1.8-openjdk/jre/lib/endorsed"/>
    <property name="java.runtime.name" value="OpenJDK Runtime Environment"/>
    <property name="file.encoding" value="UTF-8"/>
    <property name="java.vm.name" value="OpenJDK 64-Bit Server VM"/>
    <property name="test.build.webapps" value=""/>
    <property name="localRepository" value="/home/user/.m2/repository"/>
    <property name="java.vendor.url.bug" value="https://icedtea.classpath.org/bugzilla"/>
    <property name="java.io.tmpdir" value="/tmp"/>
    <property name="require.test.libhadoop" value=""/>
    <property name="java.version" value="1.8.0_212"/>
    <property name="user.dir" value="/workdir/hadoop-ozone/integration-test"/>
    <property name="os.arch" value="amd64"/>
    <property name="java.vm.specification.name" value="Java Virtual Machine Specification"/>
    <property name="test.build.classes" value="/workdir/hadoop-ozone/integration-test/target/test-classes"/>
    <property name="java.awt.printerjob" value="sun.print.PSPrinterJob"/>
    <property name="sun.os.patch.level" value="unknown"/>
    <property name="hadoop.tmp.dir" value="/workdir/hadoop-ozone/integration-test/target/tmp"/>
    <property name="java.library.path" value="/usr/lib/jvm/java-1.8-openjdk/jre/lib/amd64/server:/usr/lib/jvm/java-1.8-openjdk/jre/lib/amd64:/usr/lib/jvm/java-1.8-openjdk/jre/../lib/amd64:/workdir/hadoop-ozone/integration-test/target/native/target/usr/local/lib:/workdir/hadoop-ozone/integration-test/../../hadoop-common-project/hadoop-common/target/native/target/usr/local/lib:/usr/java/packages/lib/amd64:/usr/lib64:/lib64:/lib:/usr/lib"/>
    <property name="java.vm.info" value="mixed mode"/>
    <property name="java.vendor" value="IcedTea"/>
    <property name="java.vm.version" value="25.212-b04"/>
    <property name="java.ext.dirs" value="/usr/lib/jvm/java-1.8-openjdk/jre/lib/ext:/usr/java/packages/lib/ext"/>
    <property name="sun.io.unicode.encoding" value="UnicodeLittle"/>
    <property name="java.class.version" value="52.0"/>
  </properties>
  <testcase name="testFlushChunk" classname="org.apache.hadoop.ozone.client.rpc.TestBlockOutputStream" time="5.902"/>
  <testcase name="testMultiChunkWrite2" classname="org.apache.hadoop.ozone.client.rpc.TestBlockOutputStream" time="0.669"/>
  <testcase name="testMultiChunkWrite" classname="org.apache.hadoop.ozone.client.rpc.TestBlockOutputStream" time="187.948">
    <failure message="expected:&lt;7&gt; but was:&lt;9&gt;" type="java.lang.AssertionError"><![CDATA[java.lang.AssertionError: expected:<7> but was:<9>
	at org.junit.Assert.fail(Assert.java:88)
	at org.junit.Assert.failNotEquals(Assert.java:743)
	at org.junit.Assert.assertEquals(Assert.java:118)
	at org.junit.Assert.assertEquals(Assert.java:555)
	at org.junit.Assert.assertEquals(Assert.java:542)
	at org.apache.hadoop.ozone.client.rpc.TestBlockOutputStream.testMultiChunkWrite(TestBlockOutputStream.java:364)
	at sun.reflect.NativeMethodAccessorImpl.invoke0(Native Method)
	at sun.reflect.NativeMethodAccessorImpl.invoke(NativeMethodAccessorImpl.java:62)
	at sun.reflect.DelegatingMethodAccessorImpl.invoke(DelegatingMethodAccessorImpl.java:43)
	at java.lang.reflect.Method.invoke(Method.java:498)
	at org.junit.runners.model.FrameworkMethod$1.runReflectiveCall(FrameworkMethod.java:47)
	at org.junit.internal.runners.model.ReflectiveCallable.run(ReflectiveCallable.java:12)
	at org.junit.runners.model.FrameworkMethod.invokeExplosively(FrameworkMethod.java:44)
	at org.junit.internal.runners.statements.InvokeMethod.evaluate(InvokeMethod.java:17)
	at org.junit.runners.ParentRunner.runLeaf(ParentRunner.java:271)
	at org.junit.runners.BlockJUnit4ClassRunner.runChild(BlockJUnit4ClassRunner.java:70)
	at org.junit.runners.BlockJUnit4ClassRunner.runChild(BlockJUnit4ClassRunner.java:50)
	at org.junit.runners.ParentRunner$3.run(ParentRunner.java:238)
	at org.junit.runners.ParentRunner$1.schedule(ParentRunner.java:63)
	at org.junit.runners.ParentRunner.runChildren(ParentRunner.java:236)
	at org.junit.runners.ParentRunner.access$000(ParentRunner.java:53)
	at org.junit.runners.ParentRunner$2.evaluate(ParentRunner.java:229)
	at org.junit.internal.runners.statements.RunBefores.evaluate(RunBefores.java:26)
	at org.junit.internal.runners.statements.RunAfters.evaluate(RunAfters.java:27)
	at org.junit.runners.ParentRunner.run(ParentRunner.java:309)
	at org.apache.maven.surefire.junit4.JUnit4Provider.execute(JUnit4Provider.java:365)
	at org.apache.maven.surefire.junit4.JUnit4Provider.executeWithRerun(JUnit4Provider.java:273)
	at org.apache.maven.surefire.junit4.JUnit4Provider.executeTestSet(JUnit4Provider.java:238)
	at org.apache.maven.surefire.junit4.JUnit4Provider.invoke(JUnit4Provider.java:159)
	at org.apache.maven.surefire.booter.ForkedBooter.invokeProviderInSameClassLoader(ForkedBooter.java:384)
	at org.apache.maven.surefire.booter.ForkedBooter.runSuitesInProcess(ForkedBooter.java:345)
	at org.apache.maven.surefire.booter.ForkedBooter.execute(ForkedBooter.java:126)
	at org.apache.maven.surefire.booter.ForkedBooter.main(ForkedBooter.java:418)
]]></failure>
    <system-out><![CDATA[2019-09-11 07:06:32,871 [java.util.concurrent.ThreadPoolExecutor$Worker@69d338f1[State = -1, empty queue]] WARN  server.GrpcLogAppender (GrpcLogAppender.java:timeoutAppendRequest(200)) - 92412348-7352-40be-aea2-771c347789e7@group-EB8FE927FD11->cfc25efc-54ed-4d3e-b2b6-13ccffc6d6ca-GrpcLogAppender: appendEntries Timeout, request=92412348-7352-40be-aea2-771c347789e7->cfc25efc-54ed-4d3e-b2b6-13ccffc6d6ca#12-t1, previous=(t:1, i:10), leaderCommit=10, initializing? false, entries: size=1, first=(t:1, i:11), STATEMACHINELOGENTRY, client-1C7BFCFF6CD9, cid=21
2019-09-11 07:06:32,871 [java.util.concurrent.ThreadPoolExecutor$Worker@7b7c3362[State = -1, empty queue]] WARN  server.GrpcLogAppender (GrpcLogAppender.java:timeoutAppendRequest(200)) - 92412348-7352-40be-aea2-771c347789e7@group-EB8FE927FD11->76c4c990-655f-4900-b966-affd0bc7639c-GrpcLogAppender: appendEntries Timeout, request=92412348-7352-40be-aea2-771c347789e7->76c4c990-655f-4900-b966-affd0bc7639c#12-t1, previous=(t:1, i:10), leaderCommit=10, initializing? false, entries: size=1, first=(t:1, i:11), STATEMACHINELOGENTRY, client-1C7BFCFF6CD9, cid=21
2019-09-11 07:06:32,879 [java.util.concurrent.ThreadPoolExecutor$Worker@69d338f1[State = -1, empty queue]] WARN  server.GrpcLogAppender (GrpcLogAppender.java:timeoutAppendRequest(200)) - 92412348-7352-40be-aea2-771c347789e7@group-EB8FE927FD11->cfc25efc-54ed-4d3e-b2b6-13ccffc6d6ca-GrpcLogAppender: appendEntries Timeout, request=92412348-7352-40be-aea2-771c347789e7->cfc25efc-54ed-4d3e-b2b6-13ccffc6d6ca#13-t1, previous=(t:1, i:11), leaderCommit=10, initializing? false, entries: size=1, first=(t:1, i:12), STATEMACHINELOGENTRY, client-1C7BFCFF6CD9, cid=22
2019-09-11 07:06:32,881 [java.util.concurrent.ThreadPoolExecutor$Worker@7b7c3362[State = -1, empty queue]] WARN  server.GrpcLogAppender (GrpcLogAppender.java:timeoutAppendRequest(200)) - 92412348-7352-40be-aea2-771c347789e7@group-EB8FE927FD11->76c4c990-655f-4900-b966-affd0bc7639c-GrpcLogAppender: appendEntries Timeout, request=92412348-7352-40be-aea2-771c347789e7->76c4c990-655f-4900-b966-affd0bc7639c#13-t1, previous=(t:1, i:11), leaderCommit=10, initializing? false, entries: size=1, first=(t:1, i:12), STATEMACHINELOGENTRY, client-1C7BFCFF6CD9, cid=22
2019-09-11 07:06:32,884 [java.util.concurrent.ThreadPoolExecutor$Worker@69d338f1[State = -1, empty queue]] WARN  server.GrpcLogAppender (GrpcLogAppender.java:timeoutAppendRequest(200)) - 92412348-7352-40be-aea2-771c347789e7@group-EB8FE927FD11->cfc25efc-54ed-4d3e-b2b6-13ccffc6d6ca-GrpcLogAppender: appendEntries Timeout, request=92412348-7352-40be-aea2-771c347789e7->cfc25efc-54ed-4d3e-b2b6-13ccffc6d6ca#14-t1, previous=(t:1, i:12), leaderCommit=10, initializing? false, entries: size=1, first=(t:1, i:13), STATEMACHINELOGENTRY, client-1C7BFCFF6CD9, cid=23
2019-09-11 07:06:32,886 [java.util.concurrent.ThreadPoolExecutor$Worker@7b7c3362[State = -1, empty queue]] WARN  server.GrpcLogAppender (GrpcLogAppender.java:timeoutAppendRequest(200)) - 92412348-7352-40be-aea2-771c347789e7@group-EB8FE927FD11->76c4c990-655f-4900-b966-affd0bc7639c-GrpcLogAppender: appendEntries Timeout, request=92412348-7352-40be-aea2-771c347789e7->76c4c990-655f-4900-b966-affd0bc7639c#14-t1, previous=(t:1, i:12), leaderCommit=10, initializing? false, entries: size=1, first=(t:1, i:13), STATEMACHINELOGENTRY, client-1C7BFCFF6CD9, cid=23
2019-09-11 07:06:34,951 [grpc-default-executor-4] INFO  client.GrpcClientProtocolClient (GrpcClientProtocolClient.java:onNext(264)) - client-1C7BFCFF6CD9->cfc25efc-54ed-4d3e-b2b6-13ccffc6d6ca: receive RaftClientReply:client-1C7BFCFF6CD9->cfc25efc-54ed-4d3e-b2b6-13ccffc6d6ca@group-EB8FE927FD11, cid=21, FAILED org.apache.ratis.protocol.NotLeaderException: Server cfc25efc-54ed-4d3e-b2b6-13ccffc6d6ca@group-EB8FE927FD11 is not the leader 92412348-7352-40be-aea2-771c347789e7:192.168.5.143:37352, logIndex=0, commits[cfc25efc-54ed-4d3e-b2b6-13ccffc6d6ca:c10, 76c4c990-655f-4900-b966-affd0bc7639c:c6, 92412348-7352-40be-aea2-771c347789e7:c10]
2019-09-11 07:06:35,373 [java.util.concurrent.ThreadPoolExecutor$Worker@7b7c3362[State = -1, empty queue]] WARN  server.GrpcLogAppender (GrpcLogAppender.java:timeoutAppendRequest(200)) - 92412348-7352-40be-aea2-771c347789e7@group-EB8FE927FD11->76c4c990-655f-4900-b966-affd0bc7639c-GrpcLogAppender: appendEntries Timeout, request=92412348-7352-40be-aea2-771c347789e7->76c4c990-655f-4900-b966-affd0bc7639c#15-t1, previous=(t:1, i:13), leaderCommit=10, initializing? false, entries: <empty>
2019-09-11 07:06:35,373 [java.util.concurrent.ThreadPoolExecutor$Worker@69d338f1[State = -1, empty queue]] WARN  server.GrpcLogAppender (GrpcLogAppender.java:timeoutAppendRequest(200)) - 92412348-7352-40be-aea2-771c347789e7@group-EB8FE927FD11->cfc25efc-54ed-4d3e-b2b6-13ccffc6d6ca-GrpcLogAppender: appendEntries Timeout, request=92412348-7352-40be-aea2-771c347789e7->cfc25efc-54ed-4d3e-b2b6-13ccffc6d6ca#15-t1, previous=(t:1, i:13), leaderCommit=10, initializing? false, entries: <empty>
2019-09-11 07:06:37,874 [java.util.concurrent.ThreadPoolExecutor$Worker@69d338f1[State = -1, empty queue]] WARN  server.GrpcLogAppender (GrpcLogAppender.java:timeoutAppendRequest(200)) - 92412348-7352-40be-aea2-771c347789e7@group-EB8FE927FD11->cfc25efc-54ed-4d3e-b2b6-13ccffc6d6ca-GrpcLogAppender: appendEntries Timeout, request=92412348-7352-40be-aea2-771c347789e7->cfc25efc-54ed-4d3e-b2b6-13ccffc6d6ca#16-t1, previous=(t:1, i:13), leaderCommit=10, initializing? false, entries: <empty>
2019-09-11 07:06:37,874 [java.util.concurrent.ThreadPoolExecutor$Worker@7b7c3362[State = -1, empty queue]] WARN  server.GrpcLogAppender (GrpcLogAppender.java:timeoutAppendRequest(200)) - 92412348-7352-40be-aea2-771c347789e7@group-EB8FE927FD11->76c4c990-655f-4900-b966-affd0bc7639c-GrpcLogAppender: appendEntries Timeout, request=92412348-7352-40be-aea2-771c347789e7->76c4c990-655f-4900-b966-affd0bc7639c#16-t1, previous=(t:1, i:13), leaderCommit=10, initializing? false, entries: <empty>
2019-09-11 07:06:40,001 [grpc-default-executor-0] INFO  client.GrpcClientProtocolClient (GrpcClientProtocolClient.java:onNext(264)) - client-1C7BFCFF6CD9->cfc25efc-54ed-4d3e-b2b6-13ccffc6d6ca: receive RaftClientReply:client-1C7BFCFF6CD9->cfc25efc-54ed-4d3e-b2b6-13ccffc6d6ca@group-EB8FE927FD11, cid=21, FAILED org.apache.ratis.protocol.NotLeaderException: Server cfc25efc-54ed-4d3e-b2b6-13ccffc6d6ca@group-EB8FE927FD11 is not the leader 92412348-7352-40be-aea2-771c347789e7:192.168.5.143:37352, logIndex=0, commits[cfc25efc-54ed-4d3e-b2b6-13ccffc6d6ca:c10, 76c4c990-655f-4900-b966-affd0bc7639c:c6, 92412348-7352-40be-aea2-771c347789e7:c10]
2019-09-11 07:06:40,079 [76c4c990-655f-4900-b966-affd0bc7639c@group-EB8FE927FD11-SegmentedRaftLogWorker] WARN  segmented.SegmentedRaftLogWorker (SegmentedRaftLogWorker.java:getFromFuture(90)) - Timeout 0/~
org.apache.ratis.protocol.TimeoutIOException: Timeout 10s: WriteLog:12: (t:1, i:12), STATEMACHINELOGENTRY, client-1C7BFCFF6CD9, cid=22-writeStateMachineData
	at org.apache.ratis.util.IOUtils.getFromFuture(IOUtils.java:87)
	at org.apache.ratis.server.raftlog.segmented.SegmentedRaftLogWorker$StateMachineDataPolicy.getFromFuture(SegmentedRaftLogWorker.java:87)
	at org.apache.ratis.server.raftlog.segmented.SegmentedRaftLogWorker$WriteLog.execute(SegmentedRaftLogWorker.java:477)
	at org.apache.ratis.server.raftlog.segmented.SegmentedRaftLogWorker.run(SegmentedRaftLogWorker.java:289)
	at java.lang.Thread.run(Thread.java:748)
Caused by: java.util.concurrent.TimeoutException
	at java.util.concurrent.CompletableFuture.timedGet(CompletableFuture.java:1771)
	at java.util.concurrent.CompletableFuture.get(CompletableFuture.java:1915)
	at org.apache.ratis.util.IOUtils.getFromFuture(IOUtils.java:79)
	... 4 more
2019-09-11 07:06:40,086 [92412348-7352-40be-aea2-771c347789e7@group-EB8FE927FD11-SegmentedRaftLogWorker] WARN  segmented.SegmentedRaftLogWorker (SegmentedRaftLogWorker.java:getFromFuture(90)) - Timeout 0/~
org.apache.ratis.protocol.TimeoutIOException: Timeout 10s: WriteLog:12: (t:1, i:12), STATEMACHINELOGENTRY, client-1C7BFCFF6CD9, cid=22-writeStateMachineData
	at org.apache.ratis.util.IOUtils.getFromFuture(IOUtils.java:87)
	at org.apache.ratis.server.raftlog.segmented.SegmentedRaftLogWorker$StateMachineDataPolicy.getFromFuture(SegmentedRaftLogWorker.java:87)
	at org.apache.ratis.server.raftlog.segmented.SegmentedRaftLogWorker$WriteLog.execute(SegmentedRaftLogWorker.java:477)
	at org.apache.ratis.server.raftlog.segmented.SegmentedRaftLogWorker.run(SegmentedRaftLogWorker.java:289)
	at java.lang.Thread.run(Thread.java:748)
Caused by: java.util.concurrent.TimeoutException
	at java.util.concurrent.CompletableFuture.timedGet(CompletableFuture.java:1771)
	at java.util.concurrent.CompletableFuture.get(CompletableFuture.java:1915)
	at org.apache.ratis.util.IOUtils.getFromFuture(IOUtils.java:79)
	... 4 more
2019-09-11 07:06:40,088 [cfc25efc-54ed-4d3e-b2b6-13ccffc6d6ca@group-EB8FE927FD11-SegmentedRaftLogWorker] WARN  segmented.SegmentedRaftLogWorker (SegmentedRaftLogWorker.java:getFromFuture(90)) - Timeout 0/~
org.apache.ratis.protocol.TimeoutIOException: Timeout 10s: WriteLog:12: (t:1, i:12), STATEMACHINELOGENTRY, client-1C7BFCFF6CD9, cid=22-writeStateMachineData
	at org.apache.ratis.util.IOUtils.getFromFuture(IOUtils.java:87)
	at org.apache.ratis.server.raftlog.segmented.SegmentedRaftLogWorker$StateMachineDataPolicy.getFromFuture(SegmentedRaftLogWorker.java:87)
	at org.apache.ratis.server.raftlog.segmented.SegmentedRaftLogWorker$WriteLog.execute(SegmentedRaftLogWorker.java:477)
	at org.apache.ratis.server.raftlog.segmented.SegmentedRaftLogWorker.run(SegmentedRaftLogWorker.java:289)
	at java.lang.Thread.run(Thread.java:748)
Caused by: java.util.concurrent.TimeoutException
	at java.util.concurrent.CompletableFuture.timedGet(CompletableFuture.java:1771)
	at java.util.concurrent.CompletableFuture.get(CompletableFuture.java:1915)
	at org.apache.ratis.util.IOUtils.getFromFuture(IOUtils.java:79)
	... 4 more
2019-09-11 07:06:40,375 [java.util.concurrent.ThreadPoolExecutor$Worker@69d338f1[State = -1, empty queue]] WARN  server.GrpcLogAppender (GrpcLogAppender.java:timeoutAppendRequest(200)) - 92412348-7352-40be-aea2-771c347789e7@group-EB8FE927FD11->cfc25efc-54ed-4d3e-b2b6-13ccffc6d6ca-GrpcLogAppender: appendEntries Timeout, request=92412348-7352-40be-aea2-771c347789e7->cfc25efc-54ed-4d3e-b2b6-13ccffc6d6ca#17-t1, previous=(t:1, i:13), leaderCommit=10, initializing? false, entries: <empty>
2019-09-11 07:06:40,375 [java.util.concurrent.ThreadPoolExecutor$Worker@7b7c3362[State = -1, empty queue]] WARN  server.GrpcLogAppender (GrpcLogAppender.java:timeoutAppendRequest(200)) - 92412348-7352-40be-aea2-771c347789e7@group-EB8FE927FD11->76c4c990-655f-4900-b966-affd0bc7639c-GrpcLogAppender: appendEntries Timeout, request=92412348-7352-40be-aea2-771c347789e7->76c4c990-655f-4900-b966-affd0bc7639c#17-t1, previous=(t:1, i:13), leaderCommit=10, initializing? false, entries: <empty>
2019-09-11 07:06:42,878 [java.util.concurrent.ThreadPoolExecutor$Worker@69d338f1[State = -1, empty queue]] WARN  server.GrpcLogAppender (GrpcLogAppender.java:timeoutAppendRequest(200)) - 92412348-7352-40be-aea2-771c347789e7@group-EB8FE927FD11->cfc25efc-54ed-4d3e-b2b6-13ccffc6d6ca-GrpcLogAppender: appendEntries Timeout, request=92412348-7352-40be-aea2-771c347789e7->cfc25efc-54ed-4d3e-b2b6-13ccffc6d6ca#18-t1, previous=(t:1, i:13), leaderCommit=10, initializing? false, entries: <empty>
2019-09-11 07:06:42,878 [java.util.concurrent.ThreadPoolExecutor$Worker@7b7c3362[State = -1, empty queue]] WARN  server.GrpcLogAppender (GrpcLogAppender.java:timeoutAppendRequest(200)) - 92412348-7352-40be-aea2-771c347789e7@group-EB8FE927FD11->76c4c990-655f-4900-b966-affd0bc7639c-GrpcLogAppender: appendEntries Timeout, request=92412348-7352-40be-aea2-771c347789e7->76c4c990-655f-4900-b966-affd0bc7639c#18-t1, previous=(t:1, i:13), leaderCommit=10, initializing? false, entries: <empty>
2019-09-11 07:06:45,051 [grpc-default-executor-0] INFO  client.GrpcClientProtocolClient (GrpcClientProtocolClient.java:onNext(264)) - client-1C7BFCFF6CD9->cfc25efc-54ed-4d3e-b2b6-13ccffc6d6ca: receive RaftClientReply:client-1C7BFCFF6CD9->cfc25efc-54ed-4d3e-b2b6-13ccffc6d6ca@group-EB8FE927FD11, cid=21, FAILED org.apache.ratis.protocol.NotLeaderException: Server cfc25efc-54ed-4d3e-b2b6-13ccffc6d6ca@group-EB8FE927FD11 is not the leader 92412348-7352-40be-aea2-771c347789e7:192.168.5.143:37352, logIndex=0, commits[cfc25efc-54ed-4d3e-b2b6-13ccffc6d6ca:c10, 76c4c990-655f-4900-b966-affd0bc7639c:c6, 92412348-7352-40be-aea2-771c347789e7:c10]
2019-09-11 07:06:45,379 [java.util.concurrent.ThreadPoolExecutor$Worker@7b7c3362[State = -1, empty queue]] WARN  server.GrpcLogAppender (GrpcLogAppender.java:timeoutAppendRequest(200)) - 92412348-7352-40be-aea2-771c347789e7@group-EB8FE927FD11->76c4c990-655f-4900-b966-affd0bc7639c-GrpcLogAppender: appendEntries Timeout, request=92412348-7352-40be-aea2-771c347789e7->76c4c990-655f-4900-b966-affd0bc7639c#19-t1, previous=(t:1, i:13), leaderCommit=10, initializing? false, entries: <empty>
2019-09-11 07:06:45,379 [java.util.concurrent.ThreadPoolExecutor$Worker@69d338f1[State = -1, empty queue]] WARN  server.GrpcLogAppender (GrpcLogAppender.java:timeoutAppendRequest(200)) - 92412348-7352-40be-aea2-771c347789e7@group-EB8FE927FD11->cfc25efc-54ed-4d3e-b2b6-13ccffc6d6ca-GrpcLogAppender: appendEntries Timeout, request=92412348-7352-40be-aea2-771c347789e7->cfc25efc-54ed-4d3e-b2b6-13ccffc6d6ca#19-t1, previous=(t:1, i:13), leaderCommit=10, initializing? false, entries: <empty>
2019-09-11 07:06:47,880 [java.util.concurrent.ThreadPoolExecutor$Worker@69d338f1[State = -1, empty queue]] WARN  server.GrpcLogAppender (GrpcLogAppender.java:timeoutAppendRequest(200)) - 92412348-7352-40be-aea2-771c347789e7@group-EB8FE927FD11->cfc25efc-54ed-4d3e-b2b6-13ccffc6d6ca-GrpcLogAppender: appendEntries Timeout, request=92412348-7352-40be-aea2-771c347789e7->cfc25efc-54ed-4d3e-b2b6-13ccffc6d6ca#20-t1, previous=(t:1, i:13), leaderCommit=10, initializing? false, entries: <empty>
2019-09-11 07:06:47,880 [java.util.concurrent.ThreadPoolExecutor$Worker@7b7c3362[State = -1, empty queue]] WARN  server.GrpcLogAppender (GrpcLogAppender.java:timeoutAppendRequest(200)) - 92412348-7352-40be-aea2-771c347789e7@group-EB8FE927FD11->76c4c990-655f-4900-b966-affd0bc7639c-GrpcLogAppender: appendEntries Timeout, request=92412348-7352-40be-aea2-771c347789e7->76c4c990-655f-4900-b966-affd0bc7639c#20-t1, previous=(t:1, i:13), leaderCommit=10, initializing? false, entries: <empty>
2019-09-11 07:06:50,080 [76c4c990-655f-4900-b966-affd0bc7639c@group-EB8FE927FD11-SegmentedRaftLogWorker] WARN  segmented.SegmentedRaftLogWorker (SegmentedRaftLogWorker.java:getFromFuture(90)) - Timeout 1/~
org.apache.ratis.protocol.TimeoutIOException: Timeout 10s: WriteLog:12: (t:1, i:12), STATEMACHINELOGENTRY, client-1C7BFCFF6CD9, cid=22-writeStateMachineData
	at org.apache.ratis.util.IOUtils.getFromFuture(IOUtils.java:87)
	at org.apache.ratis.server.raftlog.segmented.SegmentedRaftLogWorker$StateMachineDataPolicy.getFromFuture(SegmentedRaftLogWorker.java:87)
	at org.apache.ratis.server.raftlog.segmented.SegmentedRaftLogWorker$WriteLog.execute(SegmentedRaftLogWorker.java:477)
	at org.apache.ratis.server.raftlog.segmented.SegmentedRaftLogWorker.run(SegmentedRaftLogWorker.java:289)
	at java.lang.Thread.run(Thread.java:748)
Caused by: java.util.concurrent.TimeoutException
	at java.util.concurrent.CompletableFuture.timedGet(CompletableFuture.java:1771)
	at java.util.concurrent.CompletableFuture.get(CompletableFuture.java:1915)
	at org.apache.ratis.util.IOUtils.getFromFuture(IOUtils.java:79)
	... 4 more
2019-09-11 07:06:50,089 [92412348-7352-40be-aea2-771c347789e7@group-EB8FE927FD11-SegmentedRaftLogWorker] WARN  segmented.SegmentedRaftLogWorker (SegmentedRaftLogWorker.java:getFromFuture(90)) - Timeout 1/~
org.apache.ratis.protocol.TimeoutIOException: Timeout 10s: WriteLog:12: (t:1, i:12), STATEMACHINELOGENTRY, client-1C7BFCFF6CD9, cid=22-writeStateMachineData
	at org.apache.ratis.util.IOUtils.getFromFuture(IOUtils.java:87)
	at org.apache.ratis.server.raftlog.segmented.SegmentedRaftLogWorker$StateMachineDataPolicy.getFromFuture(SegmentedRaftLogWorker.java:87)
	at org.apache.ratis.server.raftlog.segmented.SegmentedRaftLogWorker$WriteLog.execute(SegmentedRaftLogWorker.java:477)
	at org.apache.ratis.server.raftlog.segmented.SegmentedRaftLogWorker.run(SegmentedRaftLogWorker.java:289)
	at java.lang.Thread.run(Thread.java:748)
Caused by: java.util.concurrent.TimeoutException
	at java.util.concurrent.CompletableFuture.timedGet(CompletableFuture.java:1771)
	at java.util.concurrent.CompletableFuture.get(CompletableFuture.java:1915)
	at org.apache.ratis.util.IOUtils.getFromFuture(IOUtils.java:79)
	... 4 more
2019-09-11 07:06:50,091 [cfc25efc-54ed-4d3e-b2b6-13ccffc6d6ca@group-EB8FE927FD11-SegmentedRaftLogWorker] WARN  segmented.SegmentedRaftLogWorker (SegmentedRaftLogWorker.java:getFromFuture(90)) - Timeout 1/~
org.apache.ratis.protocol.TimeoutIOException: Timeout 10s: WriteLog:12: (t:1, i:12), STATEMACHINELOGENTRY, client-1C7BFCFF6CD9, cid=22-writeStateMachineData
	at org.apache.ratis.util.IOUtils.getFromFuture(IOUtils.java:87)
	at org.apache.ratis.server.raftlog.segmented.SegmentedRaftLogWorker$StateMachineDataPolicy.getFromFuture(SegmentedRaftLogWorker.java:87)
	at org.apache.ratis.server.raftlog.segmented.SegmentedRaftLogWorker$WriteLog.execute(SegmentedRaftLogWorker.java:477)
	at org.apache.ratis.server.raftlog.segmented.SegmentedRaftLogWorker.run(SegmentedRaftLogWorker.java:289)
	at java.lang.Thread.run(Thread.java:748)
Caused by: java.util.concurrent.TimeoutException
	at java.util.concurrent.CompletableFuture.timedGet(CompletableFuture.java:1771)
	at java.util.concurrent.CompletableFuture.get(CompletableFuture.java:1915)
	at org.apache.ratis.util.IOUtils.getFromFuture(IOUtils.java:79)
	... 4 more
2019-09-11 07:06:50,102 [grpc-default-executor-0] INFO  client.GrpcClientProtocolClient (GrpcClientProtocolClient.java:onNext(264)) - client-1C7BFCFF6CD9->76c4c990-655f-4900-b966-affd0bc7639c: receive RaftClientReply:client-1C7BFCFF6CD9->76c4c990-655f-4900-b966-affd0bc7639c@group-EB8FE927FD11, cid=21, FAILED org.apache.ratis.protocol.NotLeaderException: Server 76c4c990-655f-4900-b966-affd0bc7639c@group-EB8FE927FD11 is not the leader 92412348-7352-40be-aea2-771c347789e7:192.168.5.143:37352, logIndex=0, commits[76c4c990-655f-4900-b966-affd0bc7639c:c10, cfc25efc-54ed-4d3e-b2b6-13ccffc6d6ca:c6, 92412348-7352-40be-aea2-771c347789e7:c10]
2019-09-11 07:06:50,380 [java.util.concurrent.ThreadPoolExecutor$Worker@7b7c3362[State = -1, empty queue]] WARN  server.GrpcLogAppender (GrpcLogAppender.java:timeoutAppendRequest(200)) - 92412348-7352-40be-aea2-771c347789e7@group-EB8FE927FD11->76c4c990-655f-4900-b966-affd0bc7639c-GrpcLogAppender: appendEntries Timeout, request=92412348-7352-40be-aea2-771c347789e7->76c4c990-655f-4900-b966-affd0bc7639c#21-t1, previous=(t:1, i:13), leaderCommit=10, initializing? false, entries: <empty>
2019-09-11 07:06:50,380 [java.util.concurrent.ThreadPoolExecutor$Worker@69d338f1[State = -1, empty queue]] WARN  server.GrpcLogAppender (GrpcLogAppender.java:timeoutAppendRequest(200)) - 92412348-7352-40be-aea2-771c347789e7@group-EB8FE927FD11->cfc25efc-54ed-4d3e-b2b6-13ccffc6d6ca-GrpcLogAppender: appendEntries Timeout, request=92412348-7352-40be-aea2-771c347789e7->cfc25efc-54ed-4d3e-b2b6-13ccffc6d6ca#21-t1, previous=(t:1, i:13), leaderCommit=10, initializing? false, entries: <empty>
2019-09-11 07:06:52,882 [java.util.concurrent.ThreadPoolExecutor$Worker@7b7c3362[State = -1, empty queue]] WARN  server.GrpcLogAppender (GrpcLogAppender.java:timeoutAppendRequest(200)) - 92412348-7352-40be-aea2-771c347789e7@group-EB8FE927FD11->76c4c990-655f-4900-b966-affd0bc7639c-GrpcLogAppender: appendEntries Timeout, request=92412348-7352-40be-aea2-771c347789e7->76c4c990-655f-4900-b966-affd0bc7639c#22-t1, previous=(t:1, i:13), leaderCommit=10, initializing? false, entries: <empty>
2019-09-11 07:06:52,882 [java.util.concurrent.ThreadPoolExecutor$Worker@69d338f1[State = -1, empty queue]] WARN  server.GrpcLogAppender (GrpcLogAppender.java:timeoutAppendRequest(200)) - 92412348-7352-40be-aea2-771c347789e7@group-EB8FE927FD11->cfc25efc-54ed-4d3e-b2b6-13ccffc6d6ca-GrpcLogAppender: appendEntries Timeout, request=92412348-7352-40be-aea2-771c347789e7->cfc25efc-54ed-4d3e-b2b6-13ccffc6d6ca#22-t1, previous=(t:1, i:13), leaderCommit=10, initializing? false, entries: <empty>
2019-09-11 07:06:55,178 [grpc-default-executor-0] INFO  client.GrpcClientProtocolClient (GrpcClientProtocolClient.java:onNext(264)) - client-1C7BFCFF6CD9->76c4c990-655f-4900-b966-affd0bc7639c: receive RaftClientReply:client-1C7BFCFF6CD9->76c4c990-655f-4900-b966-affd0bc7639c@group-EB8FE927FD11, cid=21, FAILED org.apache.ratis.protocol.NotLeaderException: Server 76c4c990-655f-4900-b966-affd0bc7639c@group-EB8FE927FD11 is not the leader 92412348-7352-40be-aea2-771c347789e7:192.168.5.143:37352, logIndex=0, commits[76c4c990-655f-4900-b966-affd0bc7639c:c10, cfc25efc-54ed-4d3e-b2b6-13ccffc6d6ca:c6, 92412348-7352-40be-aea2-771c347789e7:c10]
2019-09-11 07:06:55,384 [java.util.concurrent.ThreadPoolExecutor$Worker@7b7c3362[State = -1, empty queue]] WARN  server.GrpcLogAppender (GrpcLogAppender.java:timeoutAppendRequest(200)) - 92412348-7352-40be-aea2-771c347789e7@group-EB8FE927FD11->76c4c990-655f-4900-b966-affd0bc7639c-GrpcLogAppender: appendEntries Timeout, request=92412348-7352-40be-aea2-771c347789e7->76c4c990-655f-4900-b966-affd0bc7639c#23-t1, previous=(t:1, i:13), leaderCommit=10, initializing? false, entries: <empty>
2019-09-11 07:06:55,384 [java.util.concurrent.ThreadPoolExecutor$Worker@69d338f1[State = -1, empty queue]] WARN  server.GrpcLogAppender (GrpcLogAppender.java:timeoutAppendRequest(200)) - 92412348-7352-40be-aea2-771c347789e7@group-EB8FE927FD11->cfc25efc-54ed-4d3e-b2b6-13ccffc6d6ca-GrpcLogAppender: appendEntries Timeout, request=92412348-7352-40be-aea2-771c347789e7->cfc25efc-54ed-4d3e-b2b6-13ccffc6d6ca#23-t1, previous=(t:1, i:13), leaderCommit=10, initializing? false, entries: <empty>
2019-09-11 07:06:57,886 [java.util.concurrent.ThreadPoolExecutor$Worker@7b7c3362[State = -1, empty queue]] WARN  server.GrpcLogAppender (GrpcLogAppender.java:timeoutAppendRequest(200)) - 92412348-7352-40be-aea2-771c347789e7@group-EB8FE927FD11->76c4c990-655f-4900-b966-affd0bc7639c-GrpcLogAppender: appendEntries Timeout, request=92412348-7352-40be-aea2-771c347789e7->76c4c990-655f-4900-b966-affd0bc7639c#24-t1, previous=(t:1, i:13), leaderCommit=10, initializing? false, entries: <empty>
2019-09-11 07:06:57,886 [java.util.concurrent.ThreadPoolExecutor$Worker@69d338f1[State = -1, empty queue]] WARN  server.GrpcLogAppender (GrpcLogAppender.java:timeoutAppendRequest(200)) - 92412348-7352-40be-aea2-771c347789e7@group-EB8FE927FD11->cfc25efc-54ed-4d3e-b2b6-13ccffc6d6ca-GrpcLogAppender: appendEntries Timeout, request=92412348-7352-40be-aea2-771c347789e7->cfc25efc-54ed-4d3e-b2b6-13ccffc6d6ca#24-t1, previous=(t:1, i:13), leaderCommit=10, initializing? false, entries: <empty>
2019-09-11 07:07:00,082 [76c4c990-655f-4900-b966-affd0bc7639c@group-EB8FE927FD11-SegmentedRaftLogWorker] WARN  segmented.SegmentedRaftLogWorker (SegmentedRaftLogWorker.java:getFromFuture(90)) - Timeout 2/~
org.apache.ratis.protocol.TimeoutIOException: Timeout 10s: WriteLog:12: (t:1, i:12), STATEMACHINELOGENTRY, client-1C7BFCFF6CD9, cid=22-writeStateMachineData
	at org.apache.ratis.util.IOUtils.getFromFuture(IOUtils.java:87)
	at org.apache.ratis.server.raftlog.segmented.SegmentedRaftLogWorker$StateMachineDataPolicy.getFromFuture(SegmentedRaftLogWorker.java:87)
	at org.apache.ratis.server.raftlog.segmented.SegmentedRaftLogWorker$WriteLog.execute(SegmentedRaftLogWorker.java:477)
	at org.apache.ratis.server.raftlog.segmented.SegmentedRaftLogWorker.run(SegmentedRaftLogWorker.java:289)
	at java.lang.Thread.run(Thread.java:748)
Caused by: java.util.concurrent.TimeoutException
	at java.util.concurrent.CompletableFuture.timedGet(CompletableFuture.java:1771)
	at java.util.concurrent.CompletableFuture.get(CompletableFuture.java:1915)
	at org.apache.ratis.util.IOUtils.getFromFuture(IOUtils.java:79)
	... 4 more
2019-09-11 07:07:00,091 [92412348-7352-40be-aea2-771c347789e7@group-EB8FE927FD11-SegmentedRaftLogWorker] WARN  segmented.SegmentedRaftLogWorker (SegmentedRaftLogWorker.java:getFromFuture(90)) - Timeout 2/~
org.apache.ratis.protocol.TimeoutIOException: Timeout 10s: WriteLog:12: (t:1, i:12), STATEMACHINELOGENTRY, client-1C7BFCFF6CD9, cid=22-writeStateMachineData
	at org.apache.ratis.util.IOUtils.getFromFuture(IOUtils.java:87)
	at org.apache.ratis.server.raftlog.segmented.SegmentedRaftLogWorker$StateMachineDataPolicy.getFromFuture(SegmentedRaftLogWorker.java:87)
	at org.apache.ratis.server.raftlog.segmented.SegmentedRaftLogWorker$WriteLog.execute(SegmentedRaftLogWorker.java:477)
	at org.apache.ratis.server.raftlog.segmented.SegmentedRaftLogWorker.run(SegmentedRaftLogWorker.java:289)
	at java.lang.Thread.run(Thread.java:748)
Caused by: java.util.concurrent.TimeoutException
	at java.util.concurrent.CompletableFuture.timedGet(CompletableFuture.java:1771)
	at java.util.concurrent.CompletableFuture.get(CompletableFuture.java:1915)
	at org.apache.ratis.util.IOUtils.getFromFuture(IOUtils.java:79)
	... 4 more
2019-09-11 07:07:00,092 [cfc25efc-54ed-4d3e-b2b6-13ccffc6d6ca@group-EB8FE927FD11-SegmentedRaftLogWorker] WARN  segmented.SegmentedRaftLogWorker (SegmentedRaftLogWorker.java:getFromFuture(90)) - Timeout 2/~
org.apache.ratis.protocol.TimeoutIOException: Timeout 10s: WriteLog:12: (t:1, i:12), STATEMACHINELOGENTRY, client-1C7BFCFF6CD9, cid=22-writeStateMachineData
	at org.apache.ratis.util.IOUtils.getFromFuture(IOUtils.java:87)
	at org.apache.ratis.server.raftlog.segmented.SegmentedRaftLogWorker$StateMachineDataPolicy.getFromFuture(SegmentedRaftLogWorker.java:87)
	at org.apache.ratis.server.raftlog.segmented.SegmentedRaftLogWorker$WriteLog.execute(SegmentedRaftLogWorker.java:477)
	at org.apache.ratis.server.raftlog.segmented.SegmentedRaftLogWorker.run(SegmentedRaftLogWorker.java:289)
	at java.lang.Thread.run(Thread.java:748)
Caused by: java.util.concurrent.TimeoutException
	at java.util.concurrent.CompletableFuture.timedGet(CompletableFuture.java:1771)
	at java.util.concurrent.CompletableFuture.get(CompletableFuture.java:1915)
	at org.apache.ratis.util.IOUtils.getFromFuture(IOUtils.java:79)
	... 4 more
2019-09-11 07:07:00,243 [grpc-default-executor-0] INFO  client.GrpcClientProtocolClient (GrpcClientProtocolClient.java:onNext(264)) - client-1C7BFCFF6CD9->cfc25efc-54ed-4d3e-b2b6-13ccffc6d6ca: receive RaftClientReply:client-1C7BFCFF6CD9->cfc25efc-54ed-4d3e-b2b6-13ccffc6d6ca@group-EB8FE927FD11, cid=21, FAILED org.apache.ratis.protocol.NotLeaderException: Server cfc25efc-54ed-4d3e-b2b6-13ccffc6d6ca@group-EB8FE927FD11 is not the leader 92412348-7352-40be-aea2-771c347789e7:192.168.5.143:37352, logIndex=0, commits[cfc25efc-54ed-4d3e-b2b6-13ccffc6d6ca:c10, 76c4c990-655f-4900-b966-affd0bc7639c:c6, 92412348-7352-40be-aea2-771c347789e7:c10]
2019-09-11 07:07:00,387 [java.util.concurrent.ThreadPoolExecutor$Worker@69d338f1[State = -1, empty queue]] WARN  server.GrpcLogAppender (GrpcLogAppender.java:timeoutAppendRequest(200)) - 92412348-7352-40be-aea2-771c347789e7@group-EB8FE927FD11->cfc25efc-54ed-4d3e-b2b6-13ccffc6d6ca-GrpcLogAppender: appendEntries Timeout, request=92412348-7352-40be-aea2-771c347789e7->cfc25efc-54ed-4d3e-b2b6-13ccffc6d6ca#25-t1, previous=(t:1, i:13), leaderCommit=10, initializing? false, entries: <empty>
2019-09-11 07:07:00,387 [java.util.concurrent.ThreadPoolExecutor$Worker@7b7c3362[State = -1, empty queue]] WARN  server.GrpcLogAppender (GrpcLogAppender.java:timeoutAppendRequest(200)) - 92412348-7352-40be-aea2-771c347789e7@group-EB8FE927FD11->76c4c990-655f-4900-b966-affd0bc7639c-GrpcLogAppender: appendEntries Timeout, request=92412348-7352-40be-aea2-771c347789e7->76c4c990-655f-4900-b966-affd0bc7639c#25-t1, previous=(t:1, i:13), leaderCommit=10, initializing? false, entries: <empty>
2019-09-11 07:07:02,889 [java.util.concurrent.ThreadPoolExecutor$Worker@69d338f1[State = -1, empty queue]] WARN  server.GrpcLogAppender (GrpcLogAppender.java:timeoutAppendRequest(200)) - 92412348-7352-40be-aea2-771c347789e7@group-EB8FE927FD11->cfc25efc-54ed-4d3e-b2b6-13ccffc6d6ca-GrpcLogAppender: appendEntries Timeout, request=92412348-7352-40be-aea2-771c347789e7->cfc25efc-54ed-4d3e-b2b6-13ccffc6d6ca#26-t1, previous=(t:1, i:13), leaderCommit=10, initializing? false, entries: <empty>
2019-09-11 07:07:02,889 [java.util.concurrent.ThreadPoolExecutor$Worker@7b7c3362[State = -1, empty queue]] WARN  server.GrpcLogAppender (GrpcLogAppender.java:timeoutAppendRequest(200)) - 92412348-7352-40be-aea2-771c347789e7@group-EB8FE927FD11->76c4c990-655f-4900-b966-affd0bc7639c-GrpcLogAppender: appendEntries Timeout, request=92412348-7352-40be-aea2-771c347789e7->76c4c990-655f-4900-b966-affd0bc7639c#26-t1, previous=(t:1, i:13), leaderCommit=10, initializing? false, entries: <empty>
2019-09-11 07:07:05,296 [grpc-default-executor-0] INFO  client.GrpcClientProtocolClient (GrpcClientProtocolClient.java:onNext(264)) - client-1C7BFCFF6CD9->76c4c990-655f-4900-b966-affd0bc7639c: receive RaftClientReply:client-1C7BFCFF6CD9->76c4c990-655f-4900-b966-affd0bc7639c@group-EB8FE927FD11, cid=21, FAILED org.apache.ratis.protocol.NotLeaderException: Server 76c4c990-655f-4900-b966-affd0bc7639c@group-EB8FE927FD11 is not the leader 92412348-7352-40be-aea2-771c347789e7:192.168.5.143:37352, logIndex=0, commits[76c4c990-655f-4900-b966-affd0bc7639c:c10, cfc25efc-54ed-4d3e-b2b6-13ccffc6d6ca:c6, 92412348-7352-40be-aea2-771c347789e7:c10]
2019-09-11 07:07:05,390 [java.util.concurrent.ThreadPoolExecutor$Worker@7b7c3362[State = -1, empty queue]] WARN  server.GrpcLogAppender (GrpcLogAppender.java:timeoutAppendRequest(200)) - 92412348-7352-40be-aea2-771c347789e7@group-EB8FE927FD11->76c4c990-655f-4900-b966-affd0bc7639c-GrpcLogAppender: appendEntries Timeout, request=92412348-7352-40be-aea2-771c347789e7->76c4c990-655f-4900-b966-affd0bc7639c#27-t1, previous=(t:1, i:13), leaderCommit=10, initializing? false, entries: <empty>
2019-09-11 07:07:05,390 [java.util.concurrent.ThreadPoolExecutor$Worker@69d338f1[State = -1, empty queue]] WARN  server.GrpcLogAppender (GrpcLogAppender.java:timeoutAppendRequest(200)) - 92412348-7352-40be-aea2-771c347789e7@group-EB8FE927FD11->cfc25efc-54ed-4d3e-b2b6-13ccffc6d6ca-GrpcLogAppender: appendEntries Timeout, request=92412348-7352-40be-aea2-771c347789e7->cfc25efc-54ed-4d3e-b2b6-13ccffc6d6ca#27-t1, previous=(t:1, i:13), leaderCommit=10, initializing? false, entries: <empty>
2019-09-11 07:07:07,892 [java.util.concurrent.ThreadPoolExecutor$Worker@7b7c3362[State = -1, empty queue]] WARN  server.GrpcLogAppender (GrpcLogAppender.java:timeoutAppendRequest(200)) - 92412348-7352-40be-aea2-771c347789e7@group-EB8FE927FD11->76c4c990-655f-4900-b966-affd0bc7639c-GrpcLogAppender: appendEntries Timeout, request=92412348-7352-40be-aea2-771c347789e7->76c4c990-655f-4900-b966-affd0bc7639c#28-t1, previous=(t:1, i:13), leaderCommit=10, initializing? false, entries: <empty>
2019-09-11 07:07:07,892 [java.util.concurrent.ThreadPoolExecutor$Worker@69d338f1[State = -1, empty queue]] WARN  server.GrpcLogAppender (GrpcLogAppender.java:timeoutAppendRequest(200)) - 92412348-7352-40be-aea2-771c347789e7@group-EB8FE927FD11->cfc25efc-54ed-4d3e-b2b6-13ccffc6d6ca-GrpcLogAppender: appendEntries Timeout, request=92412348-7352-40be-aea2-771c347789e7->cfc25efc-54ed-4d3e-b2b6-13ccffc6d6ca#28-t1, previous=(t:1, i:13), leaderCommit=10, initializing? false, entries: <empty>
2019-09-11 07:07:10,084 [76c4c990-655f-4900-b966-affd0bc7639c@group-EB8FE927FD11-SegmentedRaftLogWorker] WARN  segmented.SegmentedRaftLogWorker (SegmentedRaftLogWorker.java:getFromFuture(90)) - Timeout 3/~
org.apache.ratis.protocol.TimeoutIOException: Timeout 10s: WriteLog:12: (t:1, i:12), STATEMACHINELOGENTRY, client-1C7BFCFF6CD9, cid=22-writeStateMachineData
	at org.apache.ratis.util.IOUtils.getFromFuture(IOUtils.java:87)
	at org.apache.ratis.server.raftlog.segmented.SegmentedRaftLogWorker$StateMachineDataPolicy.getFromFuture(SegmentedRaftLogWorker.java:87)
	at org.apache.ratis.server.raftlog.segmented.SegmentedRaftLogWorker$WriteLog.execute(SegmentedRaftLogWorker.java:477)
	at org.apache.ratis.server.raftlog.segmented.SegmentedRaftLogWorker.run(SegmentedRaftLogWorker.java:289)
	at java.lang.Thread.run(Thread.java:748)
Caused by: java.util.concurrent.TimeoutException
	at java.util.concurrent.CompletableFuture.timedGet(CompletableFuture.java:1771)
	at java.util.concurrent.CompletableFuture.get(CompletableFuture.java:1915)
	at org.apache.ratis.util.IOUtils.getFromFuture(IOUtils.java:79)
	... 4 more
2019-09-11 07:07:10,092 [92412348-7352-40be-aea2-771c347789e7@group-EB8FE927FD11-SegmentedRaftLogWorker] WARN  segmented.SegmentedRaftLogWorker (SegmentedRaftLogWorker.java:getFromFuture(90)) - Timeout 3/~
org.apache.ratis.protocol.TimeoutIOException: Timeout 10s: WriteLog:12: (t:1, i:12), STATEMACHINELOGENTRY, client-1C7BFCFF6CD9, cid=22-writeStateMachineData
	at org.apache.ratis.util.IOUtils.getFromFuture(IOUtils.java:87)
	at org.apache.ratis.server.raftlog.segmented.SegmentedRaftLogWorker$StateMachineDataPolicy.getFromFuture(SegmentedRaftLogWorker.java:87)
	at org.apache.ratis.server.raftlog.segmented.SegmentedRaftLogWorker$WriteLog.execute(SegmentedRaftLogWorker.java:477)
	at org.apache.ratis.server.raftlog.segmented.SegmentedRaftLogWorker.run(SegmentedRaftLogWorker.java:289)
	at java.lang.Thread.run(Thread.java:748)
Caused by: java.util.concurrent.TimeoutException
	at java.util.concurrent.CompletableFuture.timedGet(CompletableFuture.java:1771)
	at java.util.concurrent.CompletableFuture.get(CompletableFuture.java:1915)
	at org.apache.ratis.util.IOUtils.getFromFuture(IOUtils.java:79)
	... 4 more
2019-09-11 07:07:10,092 [cfc25efc-54ed-4d3e-b2b6-13ccffc6d6ca@group-EB8FE927FD11-SegmentedRaftLogWorker] WARN  segmented.SegmentedRaftLogWorker (SegmentedRaftLogWorker.java:getFromFuture(90)) - Timeout 3/~
org.apache.ratis.protocol.TimeoutIOException: Timeout 10s: WriteLog:12: (t:1, i:12), STATEMACHINELOGENTRY, client-1C7BFCFF6CD9, cid=22-writeStateMachineData
	at org.apache.ratis.util.IOUtils.getFromFuture(IOUtils.java:87)
	at org.apache.ratis.server.raftlog.segmented.SegmentedRaftLogWorker$StateMachineDataPolicy.getFromFuture(SegmentedRaftLogWorker.java:87)
	at org.apache.ratis.server.raftlog.segmented.SegmentedRaftLogWorker$WriteLog.execute(SegmentedRaftLogWorker.java:477)
	at org.apache.ratis.server.raftlog.segmented.SegmentedRaftLogWorker.run(SegmentedRaftLogWorker.java:289)
	at java.lang.Thread.run(Thread.java:748)
Caused by: java.util.concurrent.TimeoutException
	at java.util.concurrent.CompletableFuture.timedGet(CompletableFuture.java:1771)
	at java.util.concurrent.CompletableFuture.get(CompletableFuture.java:1915)
	at org.apache.ratis.util.IOUtils.getFromFuture(IOUtils.java:79)
	... 4 more
2019-09-11 07:07:10,393 [grpc-default-executor-0] INFO  client.GrpcClientProtocolClient (GrpcClientProtocolClient.java:onNext(264)) - client-1C7BFCFF6CD9->cfc25efc-54ed-4d3e-b2b6-13ccffc6d6ca: receive RaftClientReply:client-1C7BFCFF6CD9->cfc25efc-54ed-4d3e-b2b6-13ccffc6d6ca@group-EB8FE927FD11, cid=21, FAILED org.apache.ratis.protocol.NotLeaderException: Server cfc25efc-54ed-4d3e-b2b6-13ccffc6d6ca@group-EB8FE927FD11 is not the leader 92412348-7352-40be-aea2-771c347789e7:192.168.5.143:37352, logIndex=0, commits[cfc25efc-54ed-4d3e-b2b6-13ccffc6d6ca:c10, 76c4c990-655f-4900-b966-affd0bc7639c:c6, 92412348-7352-40be-aea2-771c347789e7:c10]
2019-09-11 07:07:10,396 [java.util.concurrent.ThreadPoolExecutor$Worker@69d338f1[State = -1, empty queue]] WARN  server.GrpcLogAppender (GrpcLogAppender.java:timeoutAppendRequest(200)) - 92412348-7352-40be-aea2-771c347789e7@group-EB8FE927FD11->cfc25efc-54ed-4d3e-b2b6-13ccffc6d6ca-GrpcLogAppender: appendEntries Timeout, request=92412348-7352-40be-aea2-771c347789e7->cfc25efc-54ed-4d3e-b2b6-13ccffc6d6ca#29-t1, previous=(t:1, i:13), leaderCommit=10, initializing? false, entries: <empty>
2019-09-11 07:07:10,396 [java.util.concurrent.ThreadPoolExecutor$Worker@7b7c3362[State = -1, empty queue]] WARN  server.GrpcLogAppender (GrpcLogAppender.java:timeoutAppendRequest(200)) - 92412348-7352-40be-aea2-771c347789e7@group-EB8FE927FD11->76c4c990-655f-4900-b966-affd0bc7639c-GrpcLogAppender: appendEntries Timeout, request=92412348-7352-40be-aea2-771c347789e7->76c4c990-655f-4900-b966-affd0bc7639c#29-t1, previous=(t:1, i:13), leaderCommit=10, initializing? false, entries: <empty>
2019-09-11 07:07:12,896 [java.util.concurrent.ThreadPoolExecutor$Worker@69d338f1[State = -1, empty queue]] WARN  server.GrpcLogAppender (GrpcLogAppender.java:timeoutAppendRequest(200)) - 92412348-7352-40be-aea2-771c347789e7@group-EB8FE927FD11->cfc25efc-54ed-4d3e-b2b6-13ccffc6d6ca-GrpcLogAppender: appendEntries Timeout, request=92412348-7352-40be-aea2-771c347789e7->cfc25efc-54ed-4d3e-b2b6-13ccffc6d6ca#30-t1, previous=(t:1, i:13), leaderCommit=10, initializing? false, entries: <empty>
2019-09-11 07:07:12,896 [java.util.concurrent.ThreadPoolExecutor$Worker@7b7c3362[State = -1, empty queue]] WARN  server.GrpcLogAppender (GrpcLogAppender.java:timeoutAppendRequest(200)) - 92412348-7352-40be-aea2-771c347789e7@group-EB8FE927FD11->76c4c990-655f-4900-b966-affd0bc7639c-GrpcLogAppender: appendEntries Timeout, request=92412348-7352-40be-aea2-771c347789e7->76c4c990-655f-4900-b966-affd0bc7639c#30-t1, previous=(t:1, i:13), leaderCommit=10, initializing? false, entries: <empty>
2019-09-11 07:07:15,397 [java.util.concurrent.ThreadPoolExecutor$Worker@7b7c3362[State = -1, empty queue]] WARN  server.GrpcLogAppender (GrpcLogAppender.java:timeoutAppendRequest(200)) - 92412348-7352-40be-aea2-771c347789e7@group-EB8FE927FD11->76c4c990-655f-4900-b966-affd0bc7639c-GrpcLogAppender: appendEntries Timeout, request=92412348-7352-40be-aea2-771c347789e7->76c4c990-655f-4900-b966-affd0bc7639c#31-t1, previous=(t:1, i:13), leaderCommit=10, initializing? false, entries: <empty>
2019-09-11 07:07:15,397 [java.util.concurrent.ThreadPoolExecutor$Worker@69d338f1[State = -1, empty queue]] WARN  server.GrpcLogAppender (GrpcLogAppender.java:timeoutAppendRequest(200)) - 92412348-7352-40be-aea2-771c347789e7@group-EB8FE927FD11->cfc25efc-54ed-4d3e-b2b6-13ccffc6d6ca-GrpcLogAppender: appendEntries Timeout, request=92412348-7352-40be-aea2-771c347789e7->cfc25efc-54ed-4d3e-b2b6-13ccffc6d6ca#31-t1, previous=(t:1, i:13), leaderCommit=10, initializing? false, entries: <empty>
2019-09-11 07:07:15,446 [grpc-default-executor-0] INFO  client.GrpcClientProtocolClient (GrpcClientProtocolClient.java:onNext(264)) - client-1C7BFCFF6CD9->76c4c990-655f-4900-b966-affd0bc7639c: receive RaftClientReply:client-1C7BFCFF6CD9->76c4c990-655f-4900-b966-affd0bc7639c@group-EB8FE927FD11, cid=21, FAILED org.apache.ratis.protocol.NotLeaderException: Server 76c4c990-655f-4900-b966-affd0bc7639c@group-EB8FE927FD11 is not the leader 92412348-7352-40be-aea2-771c347789e7:192.168.5.143:37352, logIndex=0, commits[76c4c990-655f-4900-b966-affd0bc7639c:c10, cfc25efc-54ed-4d3e-b2b6-13ccffc6d6ca:c6, 92412348-7352-40be-aea2-771c347789e7:c10]
2019-09-11 07:07:17,897 [java.util.concurrent.ThreadPoolExecutor$Worker@7b7c3362[State = -1, empty queue]] WARN  server.GrpcLogAppender (GrpcLogAppender.java:timeoutAppendRequest(200)) - 92412348-7352-40be-aea2-771c347789e7@group-EB8FE927FD11->76c4c990-655f-4900-b966-affd0bc7639c-GrpcLogAppender: appendEntries Timeout, request=92412348-7352-40be-aea2-771c347789e7->76c4c990-655f-4900-b966-affd0bc7639c#32-t1, previous=(t:1, i:13), leaderCommit=10, initializing? false, entries: <empty>
2019-09-11 07:07:17,897 [java.util.concurrent.ThreadPoolExecutor$Worker@69d338f1[State = -1, empty queue]] WARN  server.GrpcLogAppender (GrpcLogAppender.java:timeoutAppendRequest(200)) - 92412348-7352-40be-aea2-771c347789e7@group-EB8FE927FD11->cfc25efc-54ed-4d3e-b2b6-13ccffc6d6ca-GrpcLogAppender: appendEntries Timeout, request=92412348-7352-40be-aea2-771c347789e7->cfc25efc-54ed-4d3e-b2b6-13ccffc6d6ca#32-t1, previous=(t:1, i:13), leaderCommit=10, initializing? false, entries: <empty>
2019-09-11 07:07:20,086 [76c4c990-655f-4900-b966-affd0bc7639c@group-EB8FE927FD11-SegmentedRaftLogWorker] WARN  segmented.SegmentedRaftLogWorker (SegmentedRaftLogWorker.java:getFromFuture(90)) - Timeout 4/~
org.apache.ratis.protocol.TimeoutIOException: Timeout 10s: WriteLog:12: (t:1, i:12), STATEMACHINELOGENTRY, client-1C7BFCFF6CD9, cid=22-writeStateMachineData
	at org.apache.ratis.util.IOUtils.getFromFuture(IOUtils.java:87)
	at org.apache.ratis.server.raftlog.segmented.SegmentedRaftLogWorker$StateMachineDataPolicy.getFromFuture(SegmentedRaftLogWorker.java:87)
	at org.apache.ratis.server.raftlog.segmented.SegmentedRaftLogWorker$WriteLog.execute(SegmentedRaftLogWorker.java:477)
	at org.apache.ratis.server.raftlog.segmented.SegmentedRaftLogWorker.run(SegmentedRaftLogWorker.java:289)
	at java.lang.Thread.run(Thread.java:748)
Caused by: java.util.concurrent.TimeoutException
	at java.util.concurrent.CompletableFuture.timedGet(CompletableFuture.java:1771)
	at java.util.concurrent.CompletableFuture.get(CompletableFuture.java:1915)
	at org.apache.ratis.util.IOUtils.getFromFuture(IOUtils.java:79)
	... 4 more
2019-09-11 07:07:20,093 [92412348-7352-40be-aea2-771c347789e7@group-EB8FE927FD11-SegmentedRaftLogWorker] WARN  segmented.SegmentedRaftLogWorker (SegmentedRaftLogWorker.java:getFromFuture(90)) - Timeout 4/~
org.apache.ratis.protocol.TimeoutIOException: Timeout 10s: WriteLog:12: (t:1, i:12), STATEMACHINELOGENTRY, client-1C7BFCFF6CD9, cid=22-writeStateMachineData
	at org.apache.ratis.util.IOUtils.getFromFuture(IOUtils.java:87)
	at org.apache.ratis.server.raftlog.segmented.SegmentedRaftLogWorker$StateMachineDataPolicy.getFromFuture(SegmentedRaftLogWorker.java:87)
	at org.apache.ratis.server.raftlog.segmented.SegmentedRaftLogWorker$WriteLog.execute(SegmentedRaftLogWorker.java:477)
	at org.apache.ratis.server.raftlog.segmented.SegmentedRaftLogWorker.run(SegmentedRaftLogWorker.java:289)
	at java.lang.Thread.run(Thread.java:748)
Caused by: java.util.concurrent.TimeoutException
	at java.util.concurrent.CompletableFuture.timedGet(CompletableFuture.java:1771)
	at java.util.concurrent.CompletableFuture.get(CompletableFuture.java:1915)
	at org.apache.ratis.util.IOUtils.getFromFuture(IOUtils.java:79)
	... 4 more
2019-09-11 07:07:20,093 [cfc25efc-54ed-4d3e-b2b6-13ccffc6d6ca@group-EB8FE927FD11-SegmentedRaftLogWorker] WARN  segmented.SegmentedRaftLogWorker (SegmentedRaftLogWorker.java:getFromFuture(90)) - Timeout 4/~
org.apache.ratis.protocol.TimeoutIOException: Timeout 10s: WriteLog:12: (t:1, i:12), STATEMACHINELOGENTRY, client-1C7BFCFF6CD9, cid=22-writeStateMachineData
	at org.apache.ratis.util.IOUtils.getFromFuture(IOUtils.java:87)
	at org.apache.ratis.server.raftlog.segmented.SegmentedRaftLogWorker$StateMachineDataPolicy.getFromFuture(SegmentedRaftLogWorker.java:87)
	at org.apache.ratis.server.raftlog.segmented.SegmentedRaftLogWorker$WriteLog.execute(SegmentedRaftLogWorker.java:477)
	at org.apache.ratis.server.raftlog.segmented.SegmentedRaftLogWorker.run(SegmentedRaftLogWorker.java:289)
	at java.lang.Thread.run(Thread.java:748)
Caused by: java.util.concurrent.TimeoutException
	at java.util.concurrent.CompletableFuture.timedGet(CompletableFuture.java:1771)
	at java.util.concurrent.CompletableFuture.get(CompletableFuture.java:1915)
	at org.apache.ratis.util.IOUtils.getFromFuture(IOUtils.java:79)
	... 4 more
2019-09-11 07:07:20,398 [java.util.concurrent.ThreadPoolExecutor$Worker@7b7c3362[State = -1, empty queue]] WARN  server.GrpcLogAppender (GrpcLogAppender.java:timeoutAppendRequest(200)) - 92412348-7352-40be-aea2-771c347789e7@group-EB8FE927FD11->76c4c990-655f-4900-b966-affd0bc7639c-GrpcLogAppender: appendEntries Timeout, request=92412348-7352-40be-aea2-771c347789e7->76c4c990-655f-4900-b966-affd0bc7639c#33-t1, previous=(t:1, i:13), leaderCommit=10, initializing? false, entries: <empty>
2019-09-11 07:07:20,398 [java.util.concurrent.ThreadPoolExecutor$Worker@69d338f1[State = -1, empty queue]] WARN  server.GrpcLogAppender (GrpcLogAppender.java:timeoutAppendRequest(200)) - 92412348-7352-40be-aea2-771c347789e7@group-EB8FE927FD11->cfc25efc-54ed-4d3e-b2b6-13ccffc6d6ca-GrpcLogAppender: appendEntries Timeout, request=92412348-7352-40be-aea2-771c347789e7->cfc25efc-54ed-4d3e-b2b6-13ccffc6d6ca#33-t1, previous=(t:1, i:13), leaderCommit=10, initializing? false, entries: <empty>
2019-09-11 07:07:20,492 [grpc-default-executor-0] INFO  client.GrpcClientProtocolClient (GrpcClientProtocolClient.java:onNext(264)) - client-1C7BFCFF6CD9->cfc25efc-54ed-4d3e-b2b6-13ccffc6d6ca: receive RaftClientReply:client-1C7BFCFF6CD9->cfc25efc-54ed-4d3e-b2b6-13ccffc6d6ca@group-EB8FE927FD11, cid=21, FAILED org.apache.ratis.protocol.NotLeaderException: Server cfc25efc-54ed-4d3e-b2b6-13ccffc6d6ca@group-EB8FE927FD11 is not the leader 92412348-7352-40be-aea2-771c347789e7:192.168.5.143:37352, logIndex=0, commits[cfc25efc-54ed-4d3e-b2b6-13ccffc6d6ca:c10, 76c4c990-655f-4900-b966-affd0bc7639c:c6, 92412348-7352-40be-aea2-771c347789e7:c10]
2019-09-11 07:07:22,899 [java.util.concurrent.ThreadPoolExecutor$Worker@7b7c3362[State = -1, empty queue]] WARN  server.GrpcLogAppender (GrpcLogAppender.java:timeoutAppendRequest(200)) - 92412348-7352-40be-aea2-771c347789e7@group-EB8FE927FD11->76c4c990-655f-4900-b966-affd0bc7639c-GrpcLogAppender: appendEntries Timeout, request=92412348-7352-40be-aea2-771c347789e7->76c4c990-655f-4900-b966-affd0bc7639c#34-t1, previous=(t:1, i:13), leaderCommit=10, initializing? false, entries: <empty>
2019-09-11 07:07:22,899 [java.util.concurrent.ThreadPoolExecutor$Worker@69d338f1[State = -1, empty queue]] WARN  server.GrpcLogAppender (GrpcLogAppender.java:timeoutAppendRequest(200)) - 92412348-7352-40be-aea2-771c347789e7@group-EB8FE927FD11->cfc25efc-54ed-4d3e-b2b6-13ccffc6d6ca-GrpcLogAppender: appendEntries Timeout, request=92412348-7352-40be-aea2-771c347789e7->cfc25efc-54ed-4d3e-b2b6-13ccffc6d6ca#34-t1, previous=(t:1, i:13), leaderCommit=10, initializing? false, entries: <empty>
2019-09-11 07:07:25,399 [java.util.concurrent.ThreadPoolExecutor$Worker@69d338f1[State = -1, empty queue]] WARN  server.GrpcLogAppender (GrpcLogAppender.java:timeoutAppendRequest(200)) - 92412348-7352-40be-aea2-771c347789e7@group-EB8FE927FD11->cfc25efc-54ed-4d3e-b2b6-13ccffc6d6ca-GrpcLogAppender: appendEntries Timeout, request=92412348-7352-40be-aea2-771c347789e7->cfc25efc-54ed-4d3e-b2b6-13ccffc6d6ca#35-t1, previous=(t:1, i:13), leaderCommit=10, initializing? false, entries: <empty>
2019-09-11 07:07:25,399 [java.util.concurrent.ThreadPoolExecutor$Worker@7b7c3362[State = -1, empty queue]] WARN  server.GrpcLogAppender (GrpcLogAppender.java:timeoutAppendRequest(200)) - 92412348-7352-40be-aea2-771c347789e7@group-EB8FE927FD11->76c4c990-655f-4900-b966-affd0bc7639c-GrpcLogAppender: appendEntries Timeout, request=92412348-7352-40be-aea2-771c347789e7->76c4c990-655f-4900-b966-affd0bc7639c#35-t1, previous=(t:1, i:13), leaderCommit=10, initializing? false, entries: <empty>
2019-09-11 07:07:25,548 [grpc-default-executor-1] INFO  client.GrpcClientProtocolClient (GrpcClientProtocolClient.java:onNext(264)) - client-1C7BFCFF6CD9->cfc25efc-54ed-4d3e-b2b6-13ccffc6d6ca: receive RaftClientReply:client-1C7BFCFF6CD9->cfc25efc-54ed-4d3e-b2b6-13ccffc6d6ca@group-EB8FE927FD11, cid=21, FAILED org.apache.ratis.protocol.NotLeaderException: Server cfc25efc-54ed-4d3e-b2b6-13ccffc6d6ca@group-EB8FE927FD11 is not the leader 92412348-7352-40be-aea2-771c347789e7:192.168.5.143:37352, logIndex=0, commits[cfc25efc-54ed-4d3e-b2b6-13ccffc6d6ca:c10, 76c4c990-655f-4900-b966-affd0bc7639c:c6, 92412348-7352-40be-aea2-771c347789e7:c10]
2019-09-11 07:07:27,900 [java.util.concurrent.ThreadPoolExecutor$Worker@7b7c3362[State = -1, empty queue]] WARN  server.GrpcLogAppender (GrpcLogAppender.java:timeoutAppendRequest(200)) - 92412348-7352-40be-aea2-771c347789e7@group-EB8FE927FD11->76c4c990-655f-4900-b966-affd0bc7639c-GrpcLogAppender: appendEntries Timeout, request=92412348-7352-40be-aea2-771c347789e7->76c4c990-655f-4900-b966-affd0bc7639c#36-t1, previous=(t:1, i:13), leaderCommit=10, initializing? false, entries: <empty>
2019-09-11 07:07:27,900 [java.util.concurrent.ThreadPoolExecutor$Worker@69d338f1[State = -1, empty queue]] WARN  server.GrpcLogAppender (GrpcLogAppender.java:timeoutAppendRequest(200)) - 92412348-7352-40be-aea2-771c347789e7@group-EB8FE927FD11->cfc25efc-54ed-4d3e-b2b6-13ccffc6d6ca-GrpcLogAppender: appendEntries Timeout, request=92412348-7352-40be-aea2-771c347789e7->cfc25efc-54ed-4d3e-b2b6-13ccffc6d6ca#36-t1, previous=(t:1, i:13), leaderCommit=10, initializing? false, entries: <empty>
2019-09-11 07:07:30,087 [76c4c990-655f-4900-b966-affd0bc7639c@group-EB8FE927FD11-SegmentedRaftLogWorker] WARN  segmented.SegmentedRaftLogWorker (SegmentedRaftLogWorker.java:getFromFuture(90)) - Timeout 5/~
org.apache.ratis.protocol.TimeoutIOException: Timeout 10s: WriteLog:12: (t:1, i:12), STATEMACHINELOGENTRY, client-1C7BFCFF6CD9, cid=22-writeStateMachineData
	at org.apache.ratis.util.IOUtils.getFromFuture(IOUtils.java:87)
	at org.apache.ratis.server.raftlog.segmented.SegmentedRaftLogWorker$StateMachineDataPolicy.getFromFuture(SegmentedRaftLogWorker.java:87)
	at org.apache.ratis.server.raftlog.segmented.SegmentedRaftLogWorker$WriteLog.execute(SegmentedRaftLogWorker.java:477)
	at org.apache.ratis.server.raftlog.segmented.SegmentedRaftLogWorker.run(SegmentedRaftLogWorker.java:289)
	at java.lang.Thread.run(Thread.java:748)
Caused by: java.util.concurrent.TimeoutException
	at java.util.concurrent.CompletableFuture.timedGet(CompletableFuture.java:1771)
	at java.util.concurrent.CompletableFuture.get(CompletableFuture.java:1915)
	at org.apache.ratis.util.IOUtils.getFromFuture(IOUtils.java:79)
	... 4 more
2019-09-11 07:07:30,094 [92412348-7352-40be-aea2-771c347789e7@group-EB8FE927FD11-SegmentedRaftLogWorker] WARN  segmented.SegmentedRaftLogWorker (SegmentedRaftLogWorker.java:getFromFuture(90)) - Timeout 5/~
org.apache.ratis.protocol.TimeoutIOException: Timeout 10s: WriteLog:12: (t:1, i:12), STATEMACHINELOGENTRY, client-1C7BFCFF6CD9, cid=22-writeStateMachineData
	at org.apache.ratis.util.IOUtils.getFromFuture(IOUtils.java:87)
	at org.apache.ratis.server.raftlog.segmented.SegmentedRaftLogWorker$StateMachineDataPolicy.getFromFuture(SegmentedRaftLogWorker.java:87)
	at org.apache.ratis.server.raftlog.segmented.SegmentedRaftLogWorker$WriteLog.execute(SegmentedRaftLogWorker.java:477)
	at org.apache.ratis.server.raftlog.segmented.SegmentedRaftLogWorker.run(SegmentedRaftLogWorker.java:289)
	at java.lang.Thread.run(Thread.java:748)
Caused by: java.util.concurrent.TimeoutException
	at java.util.concurrent.CompletableFuture.timedGet(CompletableFuture.java:1771)
	at java.util.concurrent.CompletableFuture.get(CompletableFuture.java:1915)
	at org.apache.ratis.util.IOUtils.getFromFuture(IOUtils.java:79)
	... 4 more
2019-09-11 07:07:30,094 [cfc25efc-54ed-4d3e-b2b6-13ccffc6d6ca@group-EB8FE927FD11-SegmentedRaftLogWorker] WARN  segmented.SegmentedRaftLogWorker (SegmentedRaftLogWorker.java:getFromFuture(90)) - Timeout 5/~
org.apache.ratis.protocol.TimeoutIOException: Timeout 10s: WriteLog:12: (t:1, i:12), STATEMACHINELOGENTRY, client-1C7BFCFF6CD9, cid=22-writeStateMachineData
	at org.apache.ratis.util.IOUtils.getFromFuture(IOUtils.java:87)
	at org.apache.ratis.server.raftlog.segmented.SegmentedRaftLogWorker$StateMachineDataPolicy.getFromFuture(SegmentedRaftLogWorker.java:87)
	at org.apache.ratis.server.raftlog.segmented.SegmentedRaftLogWorker$WriteLog.execute(SegmentedRaftLogWorker.java:477)
	at org.apache.ratis.server.raftlog.segmented.SegmentedRaftLogWorker.run(SegmentedRaftLogWorker.java:289)
	at java.lang.Thread.run(Thread.java:748)
Caused by: java.util.concurrent.TimeoutException
	at java.util.concurrent.CompletableFuture.timedGet(CompletableFuture.java:1771)
	at java.util.concurrent.CompletableFuture.get(CompletableFuture.java:1915)
	at org.apache.ratis.util.IOUtils.getFromFuture(IOUtils.java:79)
	... 4 more
2019-09-11 07:07:30,401 [java.util.concurrent.ThreadPoolExecutor$Worker@7b7c3362[State = -1, empty queue]] WARN  server.GrpcLogAppender (GrpcLogAppender.java:timeoutAppendRequest(200)) - 92412348-7352-40be-aea2-771c347789e7@group-EB8FE927FD11->76c4c990-655f-4900-b966-affd0bc7639c-GrpcLogAppender: appendEntries Timeout, request=92412348-7352-40be-aea2-771c347789e7->76c4c990-655f-4900-b966-affd0bc7639c#37-t1, previous=(t:1, i:13), leaderCommit=10, initializing? false, entries: <empty>
2019-09-11 07:07:30,401 [java.util.concurrent.ThreadPoolExecutor$Worker@69d338f1[State = -1, empty queue]] WARN  server.GrpcLogAppender (GrpcLogAppender.java:timeoutAppendRequest(200)) - 92412348-7352-40be-aea2-771c347789e7@group-EB8FE927FD11->cfc25efc-54ed-4d3e-b2b6-13ccffc6d6ca-GrpcLogAppender: appendEntries Timeout, request=92412348-7352-40be-aea2-771c347789e7->cfc25efc-54ed-4d3e-b2b6-13ccffc6d6ca#37-t1, previous=(t:1, i:13), leaderCommit=10, initializing? false, entries: <empty>
2019-09-11 07:07:30,615 [grpc-default-executor-1] INFO  client.GrpcClientProtocolClient (GrpcClientProtocolClient.java:onNext(264)) - client-1C7BFCFF6CD9->76c4c990-655f-4900-b966-affd0bc7639c: receive RaftClientReply:client-1C7BFCFF6CD9->76c4c990-655f-4900-b966-affd0bc7639c@group-EB8FE927FD11, cid=21, FAILED org.apache.ratis.protocol.NotLeaderException: Server 76c4c990-655f-4900-b966-affd0bc7639c@group-EB8FE927FD11 is not the leader 92412348-7352-40be-aea2-771c347789e7:192.168.5.143:37352, logIndex=0, commits[76c4c990-655f-4900-b966-affd0bc7639c:c10, cfc25efc-54ed-4d3e-b2b6-13ccffc6d6ca:c6, 92412348-7352-40be-aea2-771c347789e7:c10]
2019-09-11 07:07:32,902 [java.util.concurrent.ThreadPoolExecutor$Worker@69d338f1[State = -1, empty queue]] WARN  server.GrpcLogAppender (GrpcLogAppender.java:timeoutAppendRequest(200)) - 92412348-7352-40be-aea2-771c347789e7@group-EB8FE927FD11->cfc25efc-54ed-4d3e-b2b6-13ccffc6d6ca-GrpcLogAppender: appendEntries Timeout, request=92412348-7352-40be-aea2-771c347789e7->cfc25efc-54ed-4d3e-b2b6-13ccffc6d6ca#38-t1, previous=(t:1, i:13), leaderCommit=10, initializing? false, entries: <empty>
2019-09-11 07:07:32,902 [java.util.concurrent.ThreadPoolExecutor$Worker@7b7c3362[State = -1, empty queue]] WARN  server.GrpcLogAppender (GrpcLogAppender.java:timeoutAppendRequest(200)) - 92412348-7352-40be-aea2-771c347789e7@group-EB8FE927FD11->76c4c990-655f-4900-b966-affd0bc7639c-GrpcLogAppender: appendEntries Timeout, request=92412348-7352-40be-aea2-771c347789e7->76c4c990-655f-4900-b966-affd0bc7639c#38-t1, previous=(t:1, i:13), leaderCommit=10, initializing? false, entries: <empty>
2019-09-11 07:07:35,403 [java.util.concurrent.ThreadPoolExecutor$Worker@69d338f1[State = -1, empty queue]] WARN  server.GrpcLogAppender (GrpcLogAppender.java:timeoutAppendRequest(200)) - 92412348-7352-40be-aea2-771c347789e7@group-EB8FE927FD11->cfc25efc-54ed-4d3e-b2b6-13ccffc6d6ca-GrpcLogAppender: appendEntries Timeout, request=92412348-7352-40be-aea2-771c347789e7->cfc25efc-54ed-4d3e-b2b6-13ccffc6d6ca#39-t1, previous=(t:1, i:13), leaderCommit=10, initializing? false, entries: <empty>
2019-09-11 07:07:35,403 [java.util.concurrent.ThreadPoolExecutor$Worker@7b7c3362[State = -1, empty queue]] WARN  server.GrpcLogAppender (GrpcLogAppender.java:timeoutAppendRequest(200)) - 92412348-7352-40be-aea2-771c347789e7@group-EB8FE927FD11->76c4c990-655f-4900-b966-affd0bc7639c-GrpcLogAppender: appendEntries Timeout, request=92412348-7352-40be-aea2-771c347789e7->76c4c990-655f-4900-b966-affd0bc7639c#39-t1, previous=(t:1, i:13), leaderCommit=10, initializing? false, entries: <empty>
2019-09-11 07:07:35,680 [grpc-default-executor-1] INFO  client.GrpcClientProtocolClient (GrpcClientProtocolClient.java:onNext(264)) - client-1C7BFCFF6CD9->76c4c990-655f-4900-b966-affd0bc7639c: receive RaftClientReply:client-1C7BFCFF6CD9->76c4c990-655f-4900-b966-affd0bc7639c@group-EB8FE927FD11, cid=21, FAILED org.apache.ratis.protocol.NotLeaderException: Server 76c4c990-655f-4900-b966-affd0bc7639c@group-EB8FE927FD11 is not the leader 92412348-7352-40be-aea2-771c347789e7:192.168.5.143:37352, logIndex=0, commits[76c4c990-655f-4900-b966-affd0bc7639c:c10, cfc25efc-54ed-4d3e-b2b6-13ccffc6d6ca:c6, 92412348-7352-40be-aea2-771c347789e7:c10]
2019-09-11 07:07:37,904 [java.util.concurrent.ThreadPoolExecutor$Worker@69d338f1[State = -1, empty queue]] WARN  server.GrpcLogAppender (GrpcLogAppender.java:timeoutAppendRequest(200)) - 92412348-7352-40be-aea2-771c347789e7@group-EB8FE927FD11->cfc25efc-54ed-4d3e-b2b6-13ccffc6d6ca-GrpcLogAppender: appendEntries Timeout, request=92412348-7352-40be-aea2-771c347789e7->cfc25efc-54ed-4d3e-b2b6-13ccffc6d6ca#40-t1, previous=(t:1, i:13), leaderCommit=10, initializing? false, entries: <empty>
2019-09-11 07:07:37,904 [java.util.concurrent.ThreadPoolExecutor$Worker@7b7c3362[State = -1, empty queue]] WARN  server.GrpcLogAppender (GrpcLogAppender.java:timeoutAppendRequest(200)) - 92412348-7352-40be-aea2-771c347789e7@group-EB8FE927FD11->76c4c990-655f-4900-b966-affd0bc7639c-GrpcLogAppender: appendEntries Timeout, request=92412348-7352-40be-aea2-771c347789e7->76c4c990-655f-4900-b966-affd0bc7639c#40-t1, previous=(t:1, i:13), leaderCommit=10, initializing? false, entries: <empty>
2019-09-11 07:07:40,089 [76c4c990-655f-4900-b966-affd0bc7639c@group-EB8FE927FD11-SegmentedRaftLogWorker] WARN  segmented.SegmentedRaftLogWorker (SegmentedRaftLogWorker.java:getFromFuture(90)) - Timeout 6/~
org.apache.ratis.protocol.TimeoutIOException: Timeout 10s: WriteLog:12: (t:1, i:12), STATEMACHINELOGENTRY, client-1C7BFCFF6CD9, cid=22-writeStateMachineData
	at org.apache.ratis.util.IOUtils.getFromFuture(IOUtils.java:87)
	at org.apache.ratis.server.raftlog.segmented.SegmentedRaftLogWorker$StateMachineDataPolicy.getFromFuture(SegmentedRaftLogWorker.java:87)
	at org.apache.ratis.server.raftlog.segmented.SegmentedRaftLogWorker$WriteLog.execute(SegmentedRaftLogWorker.java:477)
	at org.apache.ratis.server.raftlog.segmented.SegmentedRaftLogWorker.run(SegmentedRaftLogWorker.java:289)
	at java.lang.Thread.run(Thread.java:748)
Caused by: java.util.concurrent.TimeoutException
	at java.util.concurrent.CompletableFuture.timedGet(CompletableFuture.java:1771)
	at java.util.concurrent.CompletableFuture.get(CompletableFuture.java:1915)
	at org.apache.ratis.util.IOUtils.getFromFuture(IOUtils.java:79)
	... 4 more
2019-09-11 07:07:40,094 [92412348-7352-40be-aea2-771c347789e7@group-EB8FE927FD11-SegmentedRaftLogWorker] WARN  segmented.SegmentedRaftLogWorker (SegmentedRaftLogWorker.java:getFromFuture(90)) - Timeout 6/~
org.apache.ratis.protocol.TimeoutIOException: Timeout 10s: WriteLog:12: (t:1, i:12), STATEMACHINELOGENTRY, client-1C7BFCFF6CD9, cid=22-writeStateMachineData
	at org.apache.ratis.util.IOUtils.getFromFuture(IOUtils.java:87)
	at org.apache.ratis.server.raftlog.segmented.SegmentedRaftLogWorker$StateMachineDataPolicy.getFromFuture(SegmentedRaftLogWorker.java:87)
	at org.apache.ratis.server.raftlog.segmented.SegmentedRaftLogWorker$WriteLog.execute(SegmentedRaftLogWorker.java:477)
	at org.apache.ratis.server.raftlog.segmented.SegmentedRaftLogWorker.run(SegmentedRaftLogWorker.java:289)
	at java.lang.Thread.run(Thread.java:748)
Caused by: java.util.concurrent.TimeoutException
	at java.util.concurrent.CompletableFuture.timedGet(CompletableFuture.java:1771)
	at java.util.concurrent.CompletableFuture.get(CompletableFuture.java:1915)
	at org.apache.ratis.util.IOUtils.getFromFuture(IOUtils.java:79)
	... 4 more
2019-09-11 07:07:40,113 [cfc25efc-54ed-4d3e-b2b6-13ccffc6d6ca@group-EB8FE927FD11-SegmentedRaftLogWorker] WARN  segmented.SegmentedRaftLogWorker (SegmentedRaftLogWorker.java:getFromFuture(90)) - Timeout 6/~
org.apache.ratis.protocol.TimeoutIOException: Timeout 10s: WriteLog:12: (t:1, i:12), STATEMACHINELOGENTRY, client-1C7BFCFF6CD9, cid=22-writeStateMachineData
	at org.apache.ratis.util.IOUtils.getFromFuture(IOUtils.java:87)
	at org.apache.ratis.server.raftlog.segmented.SegmentedRaftLogWorker$StateMachineDataPolicy.getFromFuture(SegmentedRaftLogWorker.java:87)
	at org.apache.ratis.server.raftlog.segmented.SegmentedRaftLogWorker$WriteLog.execute(SegmentedRaftLogWorker.java:477)
	at org.apache.ratis.server.raftlog.segmented.SegmentedRaftLogWorker.run(SegmentedRaftLogWorker.java:289)
	at java.lang.Thread.run(Thread.java:748)
Caused by: java.util.concurrent.TimeoutException
	at java.util.concurrent.CompletableFuture.timedGet(CompletableFuture.java:1771)
	at java.util.concurrent.CompletableFuture.get(CompletableFuture.java:1915)
	at org.apache.ratis.util.IOUtils.getFromFuture(IOUtils.java:79)
	... 4 more
2019-09-11 07:07:40,405 [java.util.concurrent.ThreadPoolExecutor$Worker@69d338f1[State = -1, empty queue]] WARN  server.GrpcLogAppender (GrpcLogAppender.java:timeoutAppendRequest(200)) - 92412348-7352-40be-aea2-771c347789e7@group-EB8FE927FD11->cfc25efc-54ed-4d3e-b2b6-13ccffc6d6ca-GrpcLogAppender: appendEntries Timeout, request=92412348-7352-40be-aea2-771c347789e7->cfc25efc-54ed-4d3e-b2b6-13ccffc6d6ca#41-t1, previous=(t:1, i:13), leaderCommit=10, initializing? false, entries: <empty>
2019-09-11 07:07:40,405 [java.util.concurrent.ThreadPoolExecutor$Worker@7b7c3362[State = -1, empty queue]] WARN  server.GrpcLogAppender (GrpcLogAppender.java:timeoutAppendRequest(200)) - 92412348-7352-40be-aea2-771c347789e7@group-EB8FE927FD11->76c4c990-655f-4900-b966-affd0bc7639c-GrpcLogAppender: appendEntries Timeout, request=92412348-7352-40be-aea2-771c347789e7->76c4c990-655f-4900-b966-affd0bc7639c#41-t1, previous=(t:1, i:13), leaderCommit=10, initializing? false, entries: <empty>
2019-09-11 07:07:40,759 [grpc-default-executor-1] INFO  client.GrpcClientProtocolClient (GrpcClientProtocolClient.java:onNext(264)) - client-1C7BFCFF6CD9->cfc25efc-54ed-4d3e-b2b6-13ccffc6d6ca: receive RaftClientReply:client-1C7BFCFF6CD9->cfc25efc-54ed-4d3e-b2b6-13ccffc6d6ca@group-EB8FE927FD11, cid=21, FAILED org.apache.ratis.protocol.NotLeaderException: Server cfc25efc-54ed-4d3e-b2b6-13ccffc6d6ca@group-EB8FE927FD11 is not the leader 92412348-7352-40be-aea2-771c347789e7:192.168.5.143:37352, logIndex=0, commits[cfc25efc-54ed-4d3e-b2b6-13ccffc6d6ca:c10, 76c4c990-655f-4900-b966-affd0bc7639c:c6, 92412348-7352-40be-aea2-771c347789e7:c10]
2019-09-11 07:07:42,906 [java.util.concurrent.ThreadPoolExecutor$Worker@7b7c3362[State = -1, empty queue]] WARN  server.GrpcLogAppender (GrpcLogAppender.java:timeoutAppendRequest(200)) - 92412348-7352-40be-aea2-771c347789e7@group-EB8FE927FD11->76c4c990-655f-4900-b966-affd0bc7639c-GrpcLogAppender: appendEntries Timeout, request=92412348-7352-40be-aea2-771c347789e7->76c4c990-655f-4900-b966-affd0bc7639c#42-t1, previous=(t:1, i:13), leaderCommit=10, initializing? false, entries: <empty>
2019-09-11 07:07:42,906 [java.util.concurrent.ThreadPoolExecutor$Worker@69d338f1[State = -1, empty queue]] WARN  server.GrpcLogAppender (GrpcLogAppender.java:timeoutAppendRequest(200)) - 92412348-7352-40be-aea2-771c347789e7@group-EB8FE927FD11->cfc25efc-54ed-4d3e-b2b6-13ccffc6d6ca-GrpcLogAppender: appendEntries Timeout, request=92412348-7352-40be-aea2-771c347789e7->cfc25efc-54ed-4d3e-b2b6-13ccffc6d6ca#42-t1, previous=(t:1, i:13), leaderCommit=10, initializing? false, entries: <empty>
2019-09-11 07:07:45,407 [java.util.concurrent.ThreadPoolExecutor$Worker@69d338f1[State = -1, empty queue]] WARN  server.GrpcLogAppender (GrpcLogAppender.java:timeoutAppendRequest(200)) - 92412348-7352-40be-aea2-771c347789e7@group-EB8FE927FD11->cfc25efc-54ed-4d3e-b2b6-13ccffc6d6ca-GrpcLogAppender: appendEntries Timeout, request=92412348-7352-40be-aea2-771c347789e7->cfc25efc-54ed-4d3e-b2b6-13ccffc6d6ca#43-t1, previous=(t:1, i:13), leaderCommit=10, initializing? false, entries: <empty>
2019-09-11 07:07:45,407 [java.util.concurrent.ThreadPoolExecutor$Worker@7b7c3362[State = -1, empty queue]] WARN  server.GrpcLogAppender (GrpcLogAppender.java:timeoutAppendRequest(200)) - 92412348-7352-40be-aea2-771c347789e7@group-EB8FE927FD11->76c4c990-655f-4900-b966-affd0bc7639c-GrpcLogAppender: appendEntries Timeout, request=92412348-7352-40be-aea2-771c347789e7->76c4c990-655f-4900-b966-affd0bc7639c#43-t1, previous=(t:1, i:13), leaderCommit=10, initializing? false, entries: <empty>
2019-09-11 07:07:45,830 [grpc-default-executor-1] INFO  client.GrpcClientProtocolClient (GrpcClientProtocolClient.java:onNext(264)) - client-1C7BFCFF6CD9->76c4c990-655f-4900-b966-affd0bc7639c: receive RaftClientReply:client-1C7BFCFF6CD9->76c4c990-655f-4900-b966-affd0bc7639c@group-EB8FE927FD11, cid=21, FAILED org.apache.ratis.protocol.NotLeaderException: Server 76c4c990-655f-4900-b966-affd0bc7639c@group-EB8FE927FD11 is not the leader 92412348-7352-40be-aea2-771c347789e7:192.168.5.143:37352, logIndex=0, commits[76c4c990-655f-4900-b966-affd0bc7639c:c10, cfc25efc-54ed-4d3e-b2b6-13ccffc6d6ca:c6, 92412348-7352-40be-aea2-771c347789e7:c10]
2019-09-11 07:07:47,908 [java.util.concurrent.ThreadPoolExecutor$Worker@7b7c3362[State = -1, empty queue]] WARN  server.GrpcLogAppender (GrpcLogAppender.java:timeoutAppendRequest(200)) - 92412348-7352-40be-aea2-771c347789e7@group-EB8FE927FD11->76c4c990-655f-4900-b966-affd0bc7639c-GrpcLogAppender: appendEntries Timeout, request=92412348-7352-40be-aea2-771c347789e7->76c4c990-655f-4900-b966-affd0bc7639c#44-t1, previous=(t:1, i:13), leaderCommit=10, initializing? false, entries: <empty>
2019-09-11 07:07:47,908 [java.util.concurrent.ThreadPoolExecutor$Worker@69d338f1[State = -1, empty queue]] WARN  server.GrpcLogAppender (GrpcLogAppender.java:timeoutAppendRequest(200)) - 92412348-7352-40be-aea2-771c347789e7@group-EB8FE927FD11->cfc25efc-54ed-4d3e-b2b6-13ccffc6d6ca-GrpcLogAppender: appendEntries Timeout, request=92412348-7352-40be-aea2-771c347789e7->cfc25efc-54ed-4d3e-b2b6-13ccffc6d6ca#44-t1, previous=(t:1, i:13), leaderCommit=10, initializing? false, entries: <empty>
2019-09-11 07:07:50,091 [76c4c990-655f-4900-b966-affd0bc7639c@group-EB8FE927FD11-SegmentedRaftLogWorker] WARN  segmented.SegmentedRaftLogWorker (SegmentedRaftLogWorker.java:getFromFuture(90)) - Timeout 7/~
org.apache.ratis.protocol.TimeoutIOException: Timeout 10s: WriteLog:12: (t:1, i:12), STATEMACHINELOGENTRY, client-1C7BFCFF6CD9, cid=22-writeStateMachineData
	at org.apache.ratis.util.IOUtils.getFromFuture(IOUtils.java:87)
	at org.apache.ratis.server.raftlog.segmented.SegmentedRaftLogWorker$StateMachineDataPolicy.getFromFuture(SegmentedRaftLogWorker.java:87)
	at org.apache.ratis.server.raftlog.segmented.SegmentedRaftLogWorker$WriteLog.execute(SegmentedRaftLogWorker.java:477)
	at org.apache.ratis.server.raftlog.segmented.SegmentedRaftLogWorker.run(SegmentedRaftLogWorker.java:289)
	at java.lang.Thread.run(Thread.java:748)
Caused by: java.util.concurrent.TimeoutException
	at java.util.concurrent.CompletableFuture.timedGet(CompletableFuture.java:1771)
	at java.util.concurrent.CompletableFuture.get(CompletableFuture.java:1915)
	at org.apache.ratis.util.IOUtils.getFromFuture(IOUtils.java:79)
	... 4 more
2019-09-11 07:07:50,114 [92412348-7352-40be-aea2-771c347789e7@group-EB8FE927FD11-SegmentedRaftLogWorker] WARN  segmented.SegmentedRaftLogWorker (SegmentedRaftLogWorker.java:getFromFuture(90)) - Timeout 7/~
org.apache.ratis.protocol.TimeoutIOException: Timeout 10s: WriteLog:12: (t:1, i:12), STATEMACHINELOGENTRY, client-1C7BFCFF6CD9, cid=22-writeStateMachineData
	at org.apache.ratis.util.IOUtils.getFromFuture(IOUtils.java:87)
	at org.apache.ratis.server.raftlog.segmented.SegmentedRaftLogWorker$StateMachineDataPolicy.getFromFuture(SegmentedRaftLogWorker.java:87)
	at org.apache.ratis.server.raftlog.segmented.SegmentedRaftLogWorker$WriteLog.execute(SegmentedRaftLogWorker.java:477)
	at org.apache.ratis.server.raftlog.segmented.SegmentedRaftLogWorker.run(SegmentedRaftLogWorker.java:289)
	at java.lang.Thread.run(Thread.java:748)
Caused by: java.util.concurrent.TimeoutException
	at java.util.concurrent.CompletableFuture.timedGet(CompletableFuture.java:1771)
	at java.util.concurrent.CompletableFuture.get(CompletableFuture.java:1915)
	at org.apache.ratis.util.IOUtils.getFromFuture(IOUtils.java:79)
	... 4 more
2019-09-11 07:07:50,114 [cfc25efc-54ed-4d3e-b2b6-13ccffc6d6ca@group-EB8FE927FD11-SegmentedRaftLogWorker] WARN  segmented.SegmentedRaftLogWorker (SegmentedRaftLogWorker.java:getFromFuture(90)) - Timeout 7/~
org.apache.ratis.protocol.TimeoutIOException: Timeout 10s: WriteLog:12: (t:1, i:12), STATEMACHINELOGENTRY, client-1C7BFCFF6CD9, cid=22-writeStateMachineData
	at org.apache.ratis.util.IOUtils.getFromFuture(IOUtils.java:87)
	at org.apache.ratis.server.raftlog.segmented.SegmentedRaftLogWorker$StateMachineDataPolicy.getFromFuture(SegmentedRaftLogWorker.java:87)
	at org.apache.ratis.server.raftlog.segmented.SegmentedRaftLogWorker$WriteLog.execute(SegmentedRaftLogWorker.java:477)
	at org.apache.ratis.server.raftlog.segmented.SegmentedRaftLogWorker.run(SegmentedRaftLogWorker.java:289)
	at java.lang.Thread.run(Thread.java:748)
Caused by: java.util.concurrent.TimeoutException
	at java.util.concurrent.CompletableFuture.timedGet(CompletableFuture.java:1771)
	at java.util.concurrent.CompletableFuture.get(CompletableFuture.java:1915)
	at org.apache.ratis.util.IOUtils.getFromFuture(IOUtils.java:79)
	... 4 more
2019-09-11 07:07:50,409 [java.util.concurrent.ThreadPoolExecutor$Worker@7b7c3362[State = -1, empty queue]] WARN  server.GrpcLogAppender (GrpcLogAppender.java:timeoutAppendRequest(200)) - 92412348-7352-40be-aea2-771c347789e7@group-EB8FE927FD11->76c4c990-655f-4900-b966-affd0bc7639c-GrpcLogAppender: appendEntries Timeout, request=92412348-7352-40be-aea2-771c347789e7->76c4c990-655f-4900-b966-affd0bc7639c#45-t1, previous=(t:1, i:13), leaderCommit=10, initializing? false, entries: <empty>
2019-09-11 07:07:50,409 [java.util.concurrent.ThreadPoolExecutor$Worker@69d338f1[State = -1, empty queue]] WARN  server.GrpcLogAppender (GrpcLogAppender.java:timeoutAppendRequest(200)) - 92412348-7352-40be-aea2-771c347789e7@group-EB8FE927FD11->cfc25efc-54ed-4d3e-b2b6-13ccffc6d6ca-GrpcLogAppender: appendEntries Timeout, request=92412348-7352-40be-aea2-771c347789e7->cfc25efc-54ed-4d3e-b2b6-13ccffc6d6ca#45-t1, previous=(t:1, i:13), leaderCommit=10, initializing? false, entries: <empty>
2019-09-11 07:07:50,899 [grpc-default-executor-1] INFO  client.GrpcClientProtocolClient (GrpcClientProtocolClient.java:onNext(264)) - client-1C7BFCFF6CD9->76c4c990-655f-4900-b966-affd0bc7639c: receive RaftClientReply:client-1C7BFCFF6CD9->76c4c990-655f-4900-b966-affd0bc7639c@group-EB8FE927FD11, cid=21, FAILED org.apache.ratis.protocol.NotLeaderException: Server 76c4c990-655f-4900-b966-affd0bc7639c@group-EB8FE927FD11 is not the leader 92412348-7352-40be-aea2-771c347789e7:192.168.5.143:37352, logIndex=0, commits[76c4c990-655f-4900-b966-affd0bc7639c:c10, cfc25efc-54ed-4d3e-b2b6-13ccffc6d6ca:c6, 92412348-7352-40be-aea2-771c347789e7:c10]
2019-09-11 07:07:52,910 [java.util.concurrent.ThreadPoolExecutor$Worker@7b7c3362[State = -1, empty queue]] WARN  server.GrpcLogAppender (GrpcLogAppender.java:timeoutAppendRequest(200)) - 92412348-7352-40be-aea2-771c347789e7@group-EB8FE927FD11->76c4c990-655f-4900-b966-affd0bc7639c-GrpcLogAppender: appendEntries Timeout, request=92412348-7352-40be-aea2-771c347789e7->76c4c990-655f-4900-b966-affd0bc7639c#46-t1, previous=(t:1, i:13), leaderCommit=10, initializing? false, entries: <empty>
2019-09-11 07:07:52,910 [java.util.concurrent.ThreadPoolExecutor$Worker@69d338f1[State = -1, empty queue]] WARN  server.GrpcLogAppender (GrpcLogAppender.java:timeoutAppendRequest(200)) - 92412348-7352-40be-aea2-771c347789e7@group-EB8FE927FD11->cfc25efc-54ed-4d3e-b2b6-13ccffc6d6ca-GrpcLogAppender: appendEntries Timeout, request=92412348-7352-40be-aea2-771c347789e7->cfc25efc-54ed-4d3e-b2b6-13ccffc6d6ca#46-t1, previous=(t:1, i:13), leaderCommit=10, initializing? false, entries: <empty>
2019-09-11 07:07:55,411 [java.util.concurrent.ThreadPoolExecutor$Worker@69d338f1[State = -1, empty queue]] WARN  server.GrpcLogAppender (GrpcLogAppender.java:timeoutAppendRequest(200)) - 92412348-7352-40be-aea2-771c347789e7@group-EB8FE927FD11->cfc25efc-54ed-4d3e-b2b6-13ccffc6d6ca-GrpcLogAppender: appendEntries Timeout, request=92412348-7352-40be-aea2-771c347789e7->cfc25efc-54ed-4d3e-b2b6-13ccffc6d6ca#47-t1, previous=(t:1, i:13), leaderCommit=10, initializing? false, entries: <empty>
2019-09-11 07:07:55,411 [java.util.concurrent.ThreadPoolExecutor$Worker@7b7c3362[State = -1, empty queue]] WARN  server.GrpcLogAppender (GrpcLogAppender.java:timeoutAppendRequest(200)) - 92412348-7352-40be-aea2-771c347789e7@group-EB8FE927FD11->76c4c990-655f-4900-b966-affd0bc7639c-GrpcLogAppender: appendEntries Timeout, request=92412348-7352-40be-aea2-771c347789e7->76c4c990-655f-4900-b966-affd0bc7639c#47-t1, previous=(t:1, i:13), leaderCommit=10, initializing? false, entries: <empty>
2019-09-11 07:07:55,953 [grpc-default-executor-1] INFO  client.GrpcClientProtocolClient (GrpcClientProtocolClient.java:onNext(264)) - client-1C7BFCFF6CD9->76c4c990-655f-4900-b966-affd0bc7639c: receive RaftClientReply:client-1C7BFCFF6CD9->76c4c990-655f-4900-b966-affd0bc7639c@group-EB8FE927FD11, cid=21, FAILED org.apache.ratis.protocol.NotLeaderException: Server 76c4c990-655f-4900-b966-affd0bc7639c@group-EB8FE927FD11 is not the leader 92412348-7352-40be-aea2-771c347789e7:192.168.5.143:37352, logIndex=0, commits[76c4c990-655f-4900-b966-affd0bc7639c:c10, cfc25efc-54ed-4d3e-b2b6-13ccffc6d6ca:c6, 92412348-7352-40be-aea2-771c347789e7:c10]
2019-09-11 07:07:57,912 [java.util.concurrent.ThreadPoolExecutor$Worker@69d338f1[State = -1, empty queue]] WARN  server.GrpcLogAppender (GrpcLogAppender.java:timeoutAppendRequest(200)) - 92412348-7352-40be-aea2-771c347789e7@group-EB8FE927FD11->cfc25efc-54ed-4d3e-b2b6-13ccffc6d6ca-GrpcLogAppender: appendEntries Timeout, request=92412348-7352-40be-aea2-771c347789e7->cfc25efc-54ed-4d3e-b2b6-13ccffc6d6ca#48-t1, previous=(t:1, i:13), leaderCommit=10, initializing? false, entries: <empty>
2019-09-11 07:07:57,912 [java.util.concurrent.ThreadPoolExecutor$Worker@7b7c3362[State = -1, empty queue]] WARN  server.GrpcLogAppender (GrpcLogAppender.java:timeoutAppendRequest(200)) - 92412348-7352-40be-aea2-771c347789e7@group-EB8FE927FD11->76c4c990-655f-4900-b966-affd0bc7639c-GrpcLogAppender: appendEntries Timeout, request=92412348-7352-40be-aea2-771c347789e7->76c4c990-655f-4900-b966-affd0bc7639c#48-t1, previous=(t:1, i:13), leaderCommit=10, initializing? false, entries: <empty>
2019-09-11 07:08:00,093 [76c4c990-655f-4900-b966-affd0bc7639c@group-EB8FE927FD11-SegmentedRaftLogWorker] WARN  segmented.SegmentedRaftLogWorker (SegmentedRaftLogWorker.java:getFromFuture(90)) - Timeout 8/~
org.apache.ratis.protocol.TimeoutIOException: Timeout 10s: WriteLog:12: (t:1, i:12), STATEMACHINELOGENTRY, client-1C7BFCFF6CD9, cid=22-writeStateMachineData
	at org.apache.ratis.util.IOUtils.getFromFuture(IOUtils.java:87)
	at org.apache.ratis.server.raftlog.segmented.SegmentedRaftLogWorker$StateMachineDataPolicy.getFromFuture(SegmentedRaftLogWorker.java:87)
	at org.apache.ratis.server.raftlog.segmented.SegmentedRaftLogWorker$WriteLog.execute(SegmentedRaftLogWorker.java:477)
	at org.apache.ratis.server.raftlog.segmented.SegmentedRaftLogWorker.run(SegmentedRaftLogWorker.java:289)
	at java.lang.Thread.run(Thread.java:748)
Caused by: java.util.concurrent.TimeoutException
	at java.util.concurrent.CompletableFuture.timedGet(CompletableFuture.java:1771)
	at java.util.concurrent.CompletableFuture.get(CompletableFuture.java:1915)
	at org.apache.ratis.util.IOUtils.getFromFuture(IOUtils.java:79)
	... 4 more
2019-09-11 07:08:00,114 [92412348-7352-40be-aea2-771c347789e7@group-EB8FE927FD11-SegmentedRaftLogWorker] WARN  segmented.SegmentedRaftLogWorker (SegmentedRaftLogWorker.java:getFromFuture(90)) - Timeout 8/~
org.apache.ratis.protocol.TimeoutIOException: Timeout 10s: WriteLog:12: (t:1, i:12), STATEMACHINELOGENTRY, client-1C7BFCFF6CD9, cid=22-writeStateMachineData
	at org.apache.ratis.util.IOUtils.getFromFuture(IOUtils.java:87)
	at org.apache.ratis.server.raftlog.segmented.SegmentedRaftLogWorker$StateMachineDataPolicy.getFromFuture(SegmentedRaftLogWorker.java:87)
	at org.apache.ratis.server.raftlog.segmented.SegmentedRaftLogWorker$WriteLog.execute(SegmentedRaftLogWorker.java:477)
	at org.apache.ratis.server.raftlog.segmented.SegmentedRaftLogWorker.run(SegmentedRaftLogWorker.java:289)
	at java.lang.Thread.run(Thread.java:748)
Caused by: java.util.concurrent.TimeoutException
	at java.util.concurrent.CompletableFuture.timedGet(CompletableFuture.java:1771)
	at java.util.concurrent.CompletableFuture.get(CompletableFuture.java:1915)
	at org.apache.ratis.util.IOUtils.getFromFuture(IOUtils.java:79)
	... 4 more
2019-09-11 07:08:00,115 [cfc25efc-54ed-4d3e-b2b6-13ccffc6d6ca@group-EB8FE927FD11-SegmentedRaftLogWorker] WARN  segmented.SegmentedRaftLogWorker (SegmentedRaftLogWorker.java:getFromFuture(90)) - Timeout 8/~
org.apache.ratis.protocol.TimeoutIOException: Timeout 10s: WriteLog:12: (t:1, i:12), STATEMACHINELOGENTRY, client-1C7BFCFF6CD9, cid=22-writeStateMachineData
	at org.apache.ratis.util.IOUtils.getFromFuture(IOUtils.java:87)
	at org.apache.ratis.server.raftlog.segmented.SegmentedRaftLogWorker$StateMachineDataPolicy.getFromFuture(SegmentedRaftLogWorker.java:87)
	at org.apache.ratis.server.raftlog.segmented.SegmentedRaftLogWorker$WriteLog.execute(SegmentedRaftLogWorker.java:477)
	at org.apache.ratis.server.raftlog.segmented.SegmentedRaftLogWorker.run(SegmentedRaftLogWorker.java:289)
	at java.lang.Thread.run(Thread.java:748)
Caused by: java.util.concurrent.TimeoutException
	at java.util.concurrent.CompletableFuture.timedGet(CompletableFuture.java:1771)
	at java.util.concurrent.CompletableFuture.get(CompletableFuture.java:1915)
	at org.apache.ratis.util.IOUtils.getFromFuture(IOUtils.java:79)
	... 4 more
2019-09-11 07:08:00,413 [java.util.concurrent.ThreadPoolExecutor$Worker@7b7c3362[State = -1, empty queue]] WARN  server.GrpcLogAppender (GrpcLogAppender.java:timeoutAppendRequest(200)) - 92412348-7352-40be-aea2-771c347789e7@group-EB8FE927FD11->76c4c990-655f-4900-b966-affd0bc7639c-GrpcLogAppender: appendEntries Timeout, request=92412348-7352-40be-aea2-771c347789e7->76c4c990-655f-4900-b966-affd0bc7639c#49-t1, previous=(t:1, i:13), leaderCommit=10, initializing? false, entries: <empty>
2019-09-11 07:08:00,413 [java.util.concurrent.ThreadPoolExecutor$Worker@69d338f1[State = -1, empty queue]] WARN  server.GrpcLogAppender (GrpcLogAppender.java:timeoutAppendRequest(200)) - 92412348-7352-40be-aea2-771c347789e7@group-EB8FE927FD11->cfc25efc-54ed-4d3e-b2b6-13ccffc6d6ca-GrpcLogAppender: appendEntries Timeout, request=92412348-7352-40be-aea2-771c347789e7->cfc25efc-54ed-4d3e-b2b6-13ccffc6d6ca#49-t1, previous=(t:1, i:13), leaderCommit=10, initializing? false, entries: <empty>
2019-09-11 07:08:01,005 [grpc-default-executor-1] INFO  client.GrpcClientProtocolClient (GrpcClientProtocolClient.java:onNext(264)) - client-1C7BFCFF6CD9->76c4c990-655f-4900-b966-affd0bc7639c: receive RaftClientReply:client-1C7BFCFF6CD9->76c4c990-655f-4900-b966-affd0bc7639c@group-EB8FE927FD11, cid=21, FAILED org.apache.ratis.protocol.NotLeaderException: Server 76c4c990-655f-4900-b966-affd0bc7639c@group-EB8FE927FD11 is not the leader 92412348-7352-40be-aea2-771c347789e7:192.168.5.143:37352, logIndex=0, commits[76c4c990-655f-4900-b966-affd0bc7639c:c10, cfc25efc-54ed-4d3e-b2b6-13ccffc6d6ca:c6, 92412348-7352-40be-aea2-771c347789e7:c10]
2019-09-11 07:08:02,914 [java.util.concurrent.ThreadPoolExecutor$Worker@7b7c3362[State = -1, empty queue]] WARN  server.GrpcLogAppender (GrpcLogAppender.java:timeoutAppendRequest(200)) - 92412348-7352-40be-aea2-771c347789e7@group-EB8FE927FD11->76c4c990-655f-4900-b966-affd0bc7639c-GrpcLogAppender: appendEntries Timeout, request=92412348-7352-40be-aea2-771c347789e7->76c4c990-655f-4900-b966-affd0bc7639c#50-t1, previous=(t:1, i:13), leaderCommit=10, initializing? false, entries: <empty>
2019-09-11 07:08:02,914 [java.util.concurrent.ThreadPoolExecutor$Worker@69d338f1[State = -1, empty queue]] WARN  server.GrpcLogAppender (GrpcLogAppender.java:timeoutAppendRequest(200)) - 92412348-7352-40be-aea2-771c347789e7@group-EB8FE927FD11->cfc25efc-54ed-4d3e-b2b6-13ccffc6d6ca-GrpcLogAppender: appendEntries Timeout, request=92412348-7352-40be-aea2-771c347789e7->cfc25efc-54ed-4d3e-b2b6-13ccffc6d6ca#50-t1, previous=(t:1, i:13), leaderCommit=10, initializing? false, entries: <empty>
2019-09-11 07:08:05,415 [java.util.concurrent.ThreadPoolExecutor$Worker@7b7c3362[State = -1, empty queue]] WARN  server.GrpcLogAppender (GrpcLogAppender.java:timeoutAppendRequest(200)) - 92412348-7352-40be-aea2-771c347789e7@group-EB8FE927FD11->76c4c990-655f-4900-b966-affd0bc7639c-GrpcLogAppender: appendEntries Timeout, request=92412348-7352-40be-aea2-771c347789e7->76c4c990-655f-4900-b966-affd0bc7639c#51-t1, previous=(t:1, i:13), leaderCommit=10, initializing? false, entries: <empty>
2019-09-11 07:08:05,415 [java.util.concurrent.ThreadPoolExecutor$Worker@69d338f1[State = -1, empty queue]] WARN  server.GrpcLogAppender (GrpcLogAppender.java:timeoutAppendRequest(200)) - 92412348-7352-40be-aea2-771c347789e7@group-EB8FE927FD11->cfc25efc-54ed-4d3e-b2b6-13ccffc6d6ca-GrpcLogAppender: appendEntries Timeout, request=92412348-7352-40be-aea2-771c347789e7->cfc25efc-54ed-4d3e-b2b6-13ccffc6d6ca#51-t1, previous=(t:1, i:13), leaderCommit=10, initializing? false, entries: <empty>
2019-09-11 07:08:06,062 [grpc-default-executor-1] INFO  client.GrpcClientProtocolClient (GrpcClientProtocolClient.java:onNext(264)) - client-1C7BFCFF6CD9->76c4c990-655f-4900-b966-affd0bc7639c: receive RaftClientReply:client-1C7BFCFF6CD9->76c4c990-655f-4900-b966-affd0bc7639c@group-EB8FE927FD11, cid=21, FAILED org.apache.ratis.protocol.NotLeaderException: Server 76c4c990-655f-4900-b966-affd0bc7639c@group-EB8FE927FD11 is not the leader 92412348-7352-40be-aea2-771c347789e7:192.168.5.143:37352, logIndex=0, commits[76c4c990-655f-4900-b966-affd0bc7639c:c10, cfc25efc-54ed-4d3e-b2b6-13ccffc6d6ca:c6, 92412348-7352-40be-aea2-771c347789e7:c10]
2019-09-11 07:08:07,916 [java.util.concurrent.ThreadPoolExecutor$Worker@69d338f1[State = -1, empty queue]] WARN  server.GrpcLogAppender (GrpcLogAppender.java:timeoutAppendRequest(200)) - 92412348-7352-40be-aea2-771c347789e7@group-EB8FE927FD11->cfc25efc-54ed-4d3e-b2b6-13ccffc6d6ca-GrpcLogAppender: appendEntries Timeout, request=92412348-7352-40be-aea2-771c347789e7->cfc25efc-54ed-4d3e-b2b6-13ccffc6d6ca#52-t1, previous=(t:1, i:13), leaderCommit=10, initializing? false, entries: <empty>
2019-09-11 07:08:07,916 [java.util.concurrent.ThreadPoolExecutor$Worker@7b7c3362[State = -1, empty queue]] WARN  server.GrpcLogAppender (GrpcLogAppender.java:timeoutAppendRequest(200)) - 92412348-7352-40be-aea2-771c347789e7@group-EB8FE927FD11->76c4c990-655f-4900-b966-affd0bc7639c-GrpcLogAppender: appendEntries Timeout, request=92412348-7352-40be-aea2-771c347789e7->76c4c990-655f-4900-b966-affd0bc7639c#52-t1, previous=(t:1, i:13), leaderCommit=10, initializing? false, entries: <empty>
2019-09-11 07:08:10,101 [76c4c990-655f-4900-b966-affd0bc7639c@group-EB8FE927FD11-SegmentedRaftLogWorker] WARN  segmented.SegmentedRaftLogWorker (SegmentedRaftLogWorker.java:getFromFuture(90)) - Timeout 9/~
org.apache.ratis.protocol.TimeoutIOException: Timeout 10s: WriteLog:12: (t:1, i:12), STATEMACHINELOGENTRY, client-1C7BFCFF6CD9, cid=22-writeStateMachineData
	at org.apache.ratis.util.IOUtils.getFromFuture(IOUtils.java:87)
	at org.apache.ratis.server.raftlog.segmented.SegmentedRaftLogWorker$StateMachineDataPolicy.getFromFuture(SegmentedRaftLogWorker.java:87)
	at org.apache.ratis.server.raftlog.segmented.SegmentedRaftLogWorker$WriteLog.execute(SegmentedRaftLogWorker.java:477)
	at org.apache.ratis.server.raftlog.segmented.SegmentedRaftLogWorker.run(SegmentedRaftLogWorker.java:289)
	at java.lang.Thread.run(Thread.java:748)
Caused by: java.util.concurrent.TimeoutException
	at java.util.concurrent.CompletableFuture.timedGet(CompletableFuture.java:1771)
	at java.util.concurrent.CompletableFuture.get(CompletableFuture.java:1915)
	at org.apache.ratis.util.IOUtils.getFromFuture(IOUtils.java:79)
	... 4 more
2019-09-11 07:08:10,116 [92412348-7352-40be-aea2-771c347789e7@group-EB8FE927FD11-SegmentedRaftLogWorker] WARN  segmented.SegmentedRaftLogWorker (SegmentedRaftLogWorker.java:getFromFuture(90)) - Timeout 9/~
org.apache.ratis.protocol.TimeoutIOException: Timeout 10s: WriteLog:12: (t:1, i:12), STATEMACHINELOGENTRY, client-1C7BFCFF6CD9, cid=22-writeStateMachineData
	at org.apache.ratis.util.IOUtils.getFromFuture(IOUtils.java:87)
	at org.apache.ratis.server.raftlog.segmented.SegmentedRaftLogWorker$StateMachineDataPolicy.getFromFuture(SegmentedRaftLogWorker.java:87)
	at org.apache.ratis.server.raftlog.segmented.SegmentedRaftLogWorker$WriteLog.execute(SegmentedRaftLogWorker.java:477)
	at org.apache.ratis.server.raftlog.segmented.SegmentedRaftLogWorker.run(SegmentedRaftLogWorker.java:289)
	at java.lang.Thread.run(Thread.java:748)
Caused by: java.util.concurrent.TimeoutException
	at java.util.concurrent.CompletableFuture.timedGet(CompletableFuture.java:1771)
	at java.util.concurrent.CompletableFuture.get(CompletableFuture.java:1915)
	at org.apache.ratis.util.IOUtils.getFromFuture(IOUtils.java:79)
	... 4 more
2019-09-11 07:08:10,116 [cfc25efc-54ed-4d3e-b2b6-13ccffc6d6ca@group-EB8FE927FD11-SegmentedRaftLogWorker] WARN  segmented.SegmentedRaftLogWorker (SegmentedRaftLogWorker.java:getFromFuture(90)) - Timeout 9/~
org.apache.ratis.protocol.TimeoutIOException: Timeout 10s: WriteLog:12: (t:1, i:12), STATEMACHINELOGENTRY, client-1C7BFCFF6CD9, cid=22-writeStateMachineData
	at org.apache.ratis.util.IOUtils.getFromFuture(IOUtils.java:87)
	at org.apache.ratis.server.raftlog.segmented.SegmentedRaftLogWorker$StateMachineDataPolicy.getFromFuture(SegmentedRaftLogWorker.java:87)
	at org.apache.ratis.server.raftlog.segmented.SegmentedRaftLogWorker$WriteLog.execute(SegmentedRaftLogWorker.java:477)
	at org.apache.ratis.server.raftlog.segmented.SegmentedRaftLogWorker.run(SegmentedRaftLogWorker.java:289)
	at java.lang.Thread.run(Thread.java:748)
Caused by: java.util.concurrent.TimeoutException
	at java.util.concurrent.CompletableFuture.timedGet(CompletableFuture.java:1771)
	at java.util.concurrent.CompletableFuture.get(CompletableFuture.java:1915)
	at org.apache.ratis.util.IOUtils.getFromFuture(IOUtils.java:79)
	... 4 more
2019-09-11 07:08:10,417 [java.util.concurrent.ThreadPoolExecutor$Worker@7b7c3362[State = -1, empty queue]] WARN  server.GrpcLogAppender (GrpcLogAppender.java:timeoutAppendRequest(200)) - 92412348-7352-40be-aea2-771c347789e7@group-EB8FE927FD11->76c4c990-655f-4900-b966-affd0bc7639c-GrpcLogAppender: appendEntries Timeout, request=92412348-7352-40be-aea2-771c347789e7->76c4c990-655f-4900-b966-affd0bc7639c#53-t1, previous=(t:1, i:13), leaderCommit=10, initializing? false, entries: <empty>
2019-09-11 07:08:10,417 [java.util.concurrent.ThreadPoolExecutor$Worker@69d338f1[State = -1, empty queue]] WARN  server.GrpcLogAppender (GrpcLogAppender.java:timeoutAppendRequest(200)) - 92412348-7352-40be-aea2-771c347789e7@group-EB8FE927FD11->cfc25efc-54ed-4d3e-b2b6-13ccffc6d6ca-GrpcLogAppender: appendEntries Timeout, request=92412348-7352-40be-aea2-771c347789e7->cfc25efc-54ed-4d3e-b2b6-13ccffc6d6ca#53-t1, previous=(t:1, i:13), leaderCommit=10, initializing? false, entries: <empty>
2019-09-11 07:08:11,126 [grpc-default-executor-1] INFO  client.GrpcClientProtocolClient (GrpcClientProtocolClient.java:onNext(264)) - client-1C7BFCFF6CD9->76c4c990-655f-4900-b966-affd0bc7639c: receive RaftClientReply:client-1C7BFCFF6CD9->76c4c990-655f-4900-b966-affd0bc7639c@group-EB8FE927FD11, cid=21, FAILED org.apache.ratis.protocol.NotLeaderException: Server 76c4c990-655f-4900-b966-affd0bc7639c@group-EB8FE927FD11 is not the leader 92412348-7352-40be-aea2-771c347789e7:192.168.5.143:37352, logIndex=0, commits[76c4c990-655f-4900-b966-affd0bc7639c:c10, cfc25efc-54ed-4d3e-b2b6-13ccffc6d6ca:c6, 92412348-7352-40be-aea2-771c347789e7:c10]
2019-09-11 07:08:12,917 [java.util.concurrent.ThreadPoolExecutor$Worker@7b7c3362[State = -1, empty queue]] WARN  server.GrpcLogAppender (GrpcLogAppender.java:timeoutAppendRequest(200)) - 92412348-7352-40be-aea2-771c347789e7@group-EB8FE927FD11->76c4c990-655f-4900-b966-affd0bc7639c-GrpcLogAppender: appendEntries Timeout, request=92412348-7352-40be-aea2-771c347789e7->76c4c990-655f-4900-b966-affd0bc7639c#54-t1, previous=(t:1, i:13), leaderCommit=10, initializing? false, entries: <empty>
2019-09-11 07:08:12,917 [java.util.concurrent.ThreadPoolExecutor$Worker@69d338f1[State = -1, empty queue]] WARN  server.GrpcLogAppender (GrpcLogAppender.java:timeoutAppendRequest(200)) - 92412348-7352-40be-aea2-771c347789e7@group-EB8FE927FD11->cfc25efc-54ed-4d3e-b2b6-13ccffc6d6ca-GrpcLogAppender: appendEntries Timeout, request=92412348-7352-40be-aea2-771c347789e7->cfc25efc-54ed-4d3e-b2b6-13ccffc6d6ca#54-t1, previous=(t:1, i:13), leaderCommit=10, initializing? false, entries: <empty>
2019-09-11 07:08:15,418 [java.util.concurrent.ThreadPoolExecutor$Worker@69d338f1[State = -1, empty queue]] WARN  server.GrpcLogAppender (GrpcLogAppender.java:timeoutAppendRequest(200)) - 92412348-7352-40be-aea2-771c347789e7@group-EB8FE927FD11->cfc25efc-54ed-4d3e-b2b6-13ccffc6d6ca-GrpcLogAppender: appendEntries Timeout, request=92412348-7352-40be-aea2-771c347789e7->cfc25efc-54ed-4d3e-b2b6-13ccffc6d6ca#55-t1, previous=(t:1, i:13), leaderCommit=10, initializing? false, entries: <empty>
2019-09-11 07:08:15,418 [java.util.concurrent.ThreadPoolExecutor$Worker@7b7c3362[State = -1, empty queue]] WARN  server.GrpcLogAppender (GrpcLogAppender.java:timeoutAppendRequest(200)) - 92412348-7352-40be-aea2-771c347789e7@group-EB8FE927FD11->76c4c990-655f-4900-b966-affd0bc7639c-GrpcLogAppender: appendEntries Timeout, request=92412348-7352-40be-aea2-771c347789e7->76c4c990-655f-4900-b966-affd0bc7639c#55-t1, previous=(t:1, i:13), leaderCommit=10, initializing? false, entries: <empty>
2019-09-11 07:08:16,169 [grpc-default-executor-1] INFO  client.GrpcClientProtocolClient (GrpcClientProtocolClient.java:onNext(264)) - client-1C7BFCFF6CD9->cfc25efc-54ed-4d3e-b2b6-13ccffc6d6ca: receive RaftClientReply:client-1C7BFCFF6CD9->cfc25efc-54ed-4d3e-b2b6-13ccffc6d6ca@group-EB8FE927FD11, cid=21, FAILED org.apache.ratis.protocol.NotLeaderException: Server cfc25efc-54ed-4d3e-b2b6-13ccffc6d6ca@group-EB8FE927FD11 is not the leader 92412348-7352-40be-aea2-771c347789e7:192.168.5.143:37352, logIndex=0, commits[cfc25efc-54ed-4d3e-b2b6-13ccffc6d6ca:c10, 76c4c990-655f-4900-b966-affd0bc7639c:c6, 92412348-7352-40be-aea2-771c347789e7:c10]
2019-09-11 07:08:17,918 [java.util.concurrent.ThreadPoolExecutor$Worker@69d338f1[State = -1, empty queue]] WARN  server.GrpcLogAppender (GrpcLogAppender.java:timeoutAppendRequest(200)) - 92412348-7352-40be-aea2-771c347789e7@group-EB8FE927FD11->cfc25efc-54ed-4d3e-b2b6-13ccffc6d6ca-GrpcLogAppender: appendEntries Timeout, request=92412348-7352-40be-aea2-771c347789e7->cfc25efc-54ed-4d3e-b2b6-13ccffc6d6ca#56-t1, previous=(t:1, i:13), leaderCommit=10, initializing? false, entries: <empty>
2019-09-11 07:08:17,918 [java.util.concurrent.ThreadPoolExecutor$Worker@7b7c3362[State = -1, empty queue]] WARN  server.GrpcLogAppender (GrpcLogAppender.java:timeoutAppendRequest(200)) - 92412348-7352-40be-aea2-771c347789e7@group-EB8FE927FD11->76c4c990-655f-4900-b966-affd0bc7639c-GrpcLogAppender: appendEntries Timeout, request=92412348-7352-40be-aea2-771c347789e7->76c4c990-655f-4900-b966-affd0bc7639c#56-t1, previous=(t:1, i:13), leaderCommit=10, initializing? false, entries: <empty>
2019-09-11 07:08:20,104 [76c4c990-655f-4900-b966-affd0bc7639c@group-EB8FE927FD11-SegmentedRaftLogWorker] WARN  segmented.SegmentedRaftLogWorker (SegmentedRaftLogWorker.java:getFromFuture(90)) - Timeout 10/~
org.apache.ratis.protocol.TimeoutIOException: Timeout 10s: WriteLog:12: (t:1, i:12), STATEMACHINELOGENTRY, client-1C7BFCFF6CD9, cid=22-writeStateMachineData
	at org.apache.ratis.util.IOUtils.getFromFuture(IOUtils.java:87)
	at org.apache.ratis.server.raftlog.segmented.SegmentedRaftLogWorker$StateMachineDataPolicy.getFromFuture(SegmentedRaftLogWorker.java:87)
	at org.apache.ratis.server.raftlog.segmented.SegmentedRaftLogWorker$WriteLog.execute(SegmentedRaftLogWorker.java:477)
	at org.apache.ratis.server.raftlog.segmented.SegmentedRaftLogWorker.run(SegmentedRaftLogWorker.java:289)
	at java.lang.Thread.run(Thread.java:748)
Caused by: java.util.concurrent.TimeoutException
	at java.util.concurrent.CompletableFuture.timedGet(CompletableFuture.java:1771)
	at java.util.concurrent.CompletableFuture.get(CompletableFuture.java:1915)
	at org.apache.ratis.util.IOUtils.getFromFuture(IOUtils.java:79)
	... 4 more
2019-09-11 07:08:20,116 [92412348-7352-40be-aea2-771c347789e7@group-EB8FE927FD11-SegmentedRaftLogWorker] WARN  segmented.SegmentedRaftLogWorker (SegmentedRaftLogWorker.java:getFromFuture(90)) - Timeout 10/~
org.apache.ratis.protocol.TimeoutIOException: Timeout 10s: WriteLog:12: (t:1, i:12), STATEMACHINELOGENTRY, client-1C7BFCFF6CD9, cid=22-writeStateMachineData
	at org.apache.ratis.util.IOUtils.getFromFuture(IOUtils.java:87)
	at org.apache.ratis.server.raftlog.segmented.SegmentedRaftLogWorker$StateMachineDataPolicy.getFromFuture(SegmentedRaftLogWorker.java:87)
	at org.apache.ratis.server.raftlog.segmented.SegmentedRaftLogWorker$WriteLog.execute(SegmentedRaftLogWorker.java:477)
	at org.apache.ratis.server.raftlog.segmented.SegmentedRaftLogWorker.run(SegmentedRaftLogWorker.java:289)
	at java.lang.Thread.run(Thread.java:748)
Caused by: java.util.concurrent.TimeoutException
	at java.util.concurrent.CompletableFuture.timedGet(CompletableFuture.java:1771)
	at java.util.concurrent.CompletableFuture.get(CompletableFuture.java:1915)
	at org.apache.ratis.util.IOUtils.getFromFuture(IOUtils.java:79)
	... 4 more
2019-09-11 07:08:20,117 [cfc25efc-54ed-4d3e-b2b6-13ccffc6d6ca@group-EB8FE927FD11-SegmentedRaftLogWorker] WARN  segmented.SegmentedRaftLogWorker (SegmentedRaftLogWorker.java:getFromFuture(90)) - Timeout 10/~
org.apache.ratis.protocol.TimeoutIOException: Timeout 10s: WriteLog:12: (t:1, i:12), STATEMACHINELOGENTRY, client-1C7BFCFF6CD9, cid=22-writeStateMachineData
	at org.apache.ratis.util.IOUtils.getFromFuture(IOUtils.java:87)
	at org.apache.ratis.server.raftlog.segmented.SegmentedRaftLogWorker$StateMachineDataPolicy.getFromFuture(SegmentedRaftLogWorker.java:87)
	at org.apache.ratis.server.raftlog.segmented.SegmentedRaftLogWorker$WriteLog.execute(SegmentedRaftLogWorker.java:477)
	at org.apache.ratis.server.raftlog.segmented.SegmentedRaftLogWorker.run(SegmentedRaftLogWorker.java:289)
	at java.lang.Thread.run(Thread.java:748)
Caused by: java.util.concurrent.TimeoutException
	at java.util.concurrent.CompletableFuture.timedGet(CompletableFuture.java:1771)
	at java.util.concurrent.CompletableFuture.get(CompletableFuture.java:1915)
	at org.apache.ratis.util.IOUtils.getFromFuture(IOUtils.java:79)
	... 4 more
2019-09-11 07:08:20,420 [java.util.concurrent.ThreadPoolExecutor$Worker@69d338f1[State = -1, empty queue]] WARN  server.GrpcLogAppender (GrpcLogAppender.java:timeoutAppendRequest(200)) - 92412348-7352-40be-aea2-771c347789e7@group-EB8FE927FD11->cfc25efc-54ed-4d3e-b2b6-13ccffc6d6ca-GrpcLogAppender: appendEntries Timeout, request=92412348-7352-40be-aea2-771c347789e7->cfc25efc-54ed-4d3e-b2b6-13ccffc6d6ca#57-t1, previous=(t:1, i:13), leaderCommit=10, initializing? false, entries: <empty>
2019-09-11 07:08:20,420 [java.util.concurrent.ThreadPoolExecutor$Worker@7b7c3362[State = -1, empty queue]] WARN  server.GrpcLogAppender (GrpcLogAppender.java:timeoutAppendRequest(200)) - 92412348-7352-40be-aea2-771c347789e7@group-EB8FE927FD11->76c4c990-655f-4900-b966-affd0bc7639c-GrpcLogAppender: appendEntries Timeout, request=92412348-7352-40be-aea2-771c347789e7->76c4c990-655f-4900-b966-affd0bc7639c#57-t1, previous=(t:1, i:13), leaderCommit=10, initializing? false, entries: <empty>
2019-09-11 07:08:21,261 [grpc-default-executor-4] INFO  client.GrpcClientProtocolClient (GrpcClientProtocolClient.java:onNext(264)) - client-1C7BFCFF6CD9->cfc25efc-54ed-4d3e-b2b6-13ccffc6d6ca: receive RaftClientReply:client-1C7BFCFF6CD9->cfc25efc-54ed-4d3e-b2b6-13ccffc6d6ca@group-EB8FE927FD11, cid=21, FAILED org.apache.ratis.protocol.NotLeaderException: Server cfc25efc-54ed-4d3e-b2b6-13ccffc6d6ca@group-EB8FE927FD11 is not the leader 92412348-7352-40be-aea2-771c347789e7:192.168.5.143:37352, logIndex=0, commits[cfc25efc-54ed-4d3e-b2b6-13ccffc6d6ca:c10, 76c4c990-655f-4900-b966-affd0bc7639c:c6, 92412348-7352-40be-aea2-771c347789e7:c10]
2019-09-11 07:08:22,921 [java.util.concurrent.ThreadPoolExecutor$Worker@7b7c3362[State = -1, empty queue]] WARN  server.GrpcLogAppender (GrpcLogAppender.java:timeoutAppendRequest(200)) - 92412348-7352-40be-aea2-771c347789e7@group-EB8FE927FD11->76c4c990-655f-4900-b966-affd0bc7639c-GrpcLogAppender: appendEntries Timeout, request=92412348-7352-40be-aea2-771c347789e7->76c4c990-655f-4900-b966-affd0bc7639c#58-t1, previous=(t:1, i:13), leaderCommit=10, initializing? false, entries: <empty>
2019-09-11 07:08:22,921 [java.util.concurrent.ThreadPoolExecutor$Worker@69d338f1[State = -1, empty queue]] WARN  server.GrpcLogAppender (GrpcLogAppender.java:timeoutAppendRequest(200)) - 92412348-7352-40be-aea2-771c347789e7@group-EB8FE927FD11->cfc25efc-54ed-4d3e-b2b6-13ccffc6d6ca-GrpcLogAppender: appendEntries Timeout, request=92412348-7352-40be-aea2-771c347789e7->cfc25efc-54ed-4d3e-b2b6-13ccffc6d6ca#58-t1, previous=(t:1, i:13), leaderCommit=10, initializing? false, entries: <empty>
2019-09-11 07:08:25,421 [java.util.concurrent.ThreadPoolExecutor$Worker@69d338f1[State = -1, empty queue]] WARN  server.GrpcLogAppender (GrpcLogAppender.java:timeoutAppendRequest(200)) - 92412348-7352-40be-aea2-771c347789e7@group-EB8FE927FD11->cfc25efc-54ed-4d3e-b2b6-13ccffc6d6ca-GrpcLogAppender: appendEntries Timeout, request=92412348-7352-40be-aea2-771c347789e7->cfc25efc-54ed-4d3e-b2b6-13ccffc6d6ca#59-t1, previous=(t:1, i:13), leaderCommit=10, initializing? false, entries: <empty>
2019-09-11 07:08:25,421 [java.util.concurrent.ThreadPoolExecutor$Worker@7b7c3362[State = -1, empty queue]] WARN  server.GrpcLogAppender (GrpcLogAppender.java:timeoutAppendRequest(200)) - 92412348-7352-40be-aea2-771c347789e7@group-EB8FE927FD11->76c4c990-655f-4900-b966-affd0bc7639c-GrpcLogAppender: appendEntries Timeout, request=92412348-7352-40be-aea2-771c347789e7->76c4c990-655f-4900-b966-affd0bc7639c#59-t1, previous=(t:1, i:13), leaderCommit=10, initializing? false, entries: <empty>
2019-09-11 07:08:26,325 [grpc-default-executor-0] INFO  client.GrpcClientProtocolClient (GrpcClientProtocolClient.java:onNext(264)) - client-1C7BFCFF6CD9->cfc25efc-54ed-4d3e-b2b6-13ccffc6d6ca: receive RaftClientReply:client-1C7BFCFF6CD9->cfc25efc-54ed-4d3e-b2b6-13ccffc6d6ca@group-EB8FE927FD11, cid=21, FAILED org.apache.ratis.protocol.NotLeaderException: Server cfc25efc-54ed-4d3e-b2b6-13ccffc6d6ca@group-EB8FE927FD11 is not the leader 92412348-7352-40be-aea2-771c347789e7:192.168.5.143:37352, logIndex=0, commits[cfc25efc-54ed-4d3e-b2b6-13ccffc6d6ca:c10, 76c4c990-655f-4900-b966-affd0bc7639c:c6, 92412348-7352-40be-aea2-771c347789e7:c10]
2019-09-11 07:08:27,923 [java.util.concurrent.ThreadPoolExecutor$Worker@69d338f1[State = -1, empty queue]] WARN  server.GrpcLogAppender (GrpcLogAppender.java:timeoutAppendRequest(200)) - 92412348-7352-40be-aea2-771c347789e7@group-EB8FE927FD11->cfc25efc-54ed-4d3e-b2b6-13ccffc6d6ca-GrpcLogAppender: appendEntries Timeout, request=92412348-7352-40be-aea2-771c347789e7->cfc25efc-54ed-4d3e-b2b6-13ccffc6d6ca#60-t1, previous=(t:1, i:13), leaderCommit=10, initializing? false, entries: <empty>
2019-09-11 07:08:27,923 [java.util.concurrent.ThreadPoolExecutor$Worker@7b7c3362[State = -1, empty queue]] WARN  server.GrpcLogAppender (GrpcLogAppender.java:timeoutAppendRequest(200)) - 92412348-7352-40be-aea2-771c347789e7@group-EB8FE927FD11->76c4c990-655f-4900-b966-affd0bc7639c-GrpcLogAppender: appendEntries Timeout, request=92412348-7352-40be-aea2-771c347789e7->76c4c990-655f-4900-b966-affd0bc7639c#60-t1, previous=(t:1, i:13), leaderCommit=10, initializing? false, entries: <empty>
2019-09-11 07:08:29,964 [org.apache.ratis.server.impl.LogAppender$AppenderDaemon$$Lambda$492/690755232@4b34ffa3] ERROR ratis.XceiverServerRatis (XceiverServerRatis.java:triggerPipelineClose(575)) - pipeline Action CLOSE  on pipeline PipelineID=5804794a-73b5-487d-9840-eb8fe927fd11.Reason : 92412348-7352-40be-aea2-771c347789e7 has not seen follower/s 76c4c990-655f-4900-b966-affd0bc7639c for 120403ms cfc25efc-54ed-4d3e-b2b6-13ccffc6d6ca for 120406ms
2019-09-11 07:08:29,964 [org.apache.ratis.server.impl.LogAppender$AppenderDaemon$$Lambda$492/690755232@3fd57027] ERROR ratis.XceiverServerRatis (XceiverServerRatis.java:triggerPipelineClose(575)) - pipeline Action CLOSE  on pipeline PipelineID=5804794a-73b5-487d-9840-eb8fe927fd11.Reason : 92412348-7352-40be-aea2-771c347789e7 has not seen follower/s 76c4c990-655f-4900-b966-affd0bc7639c for 120403ms cfc25efc-54ed-4d3e-b2b6-13ccffc6d6ca for 120406ms
2019-09-11 07:08:30,106 [76c4c990-655f-4900-b966-affd0bc7639c@group-EB8FE927FD11-SegmentedRaftLogWorker] WARN  segmented.SegmentedRaftLogWorker (SegmentedRaftLogWorker.java:getFromFuture(90)) - Timeout 11/~
org.apache.ratis.protocol.TimeoutIOException: Timeout 10s: WriteLog:12: (t:1, i:12), STATEMACHINELOGENTRY, client-1C7BFCFF6CD9, cid=22-writeStateMachineData
	at org.apache.ratis.util.IOUtils.getFromFuture(IOUtils.java:87)
	at org.apache.ratis.server.raftlog.segmented.SegmentedRaftLogWorker$StateMachineDataPolicy.getFromFuture(SegmentedRaftLogWorker.java:87)
	at org.apache.ratis.server.raftlog.segmented.SegmentedRaftLogWorker$WriteLog.execute(SegmentedRaftLogWorker.java:477)
	at org.apache.ratis.server.raftlog.segmented.SegmentedRaftLogWorker.run(SegmentedRaftLogWorker.java:289)
	at java.lang.Thread.run(Thread.java:748)
Caused by: java.util.concurrent.TimeoutException
	at java.util.concurrent.CompletableFuture.timedGet(CompletableFuture.java:1771)
	at java.util.concurrent.CompletableFuture.get(CompletableFuture.java:1915)
	at org.apache.ratis.util.IOUtils.getFromFuture(IOUtils.java:79)
	... 4 more
2019-09-11 07:08:30,116 [EventQueue-PipelineActionsForPipelineActionHandler] ERROR pipeline.PipelineActionHandler (PipelineActionHandler.java:onMessage(60)) - Received pipeline action CLOSE for Pipeline[ Id: 5804794a-73b5-487d-9840-eb8fe927fd11, Nodes: cfc25efc-54ed-4d3e-b2b6-13ccffc6d6ca{ip: 192.168.5.143, host: pr-hdds-1786-trunk-klbfp-3319181915, networkLocation: /default-rack, certSerialId: null}92412348-7352-40be-aea2-771c347789e7{ip: 192.168.5.143, host: pr-hdds-1786-trunk-klbfp-3319181915, networkLocation: /default-rack, certSerialId: null}76c4c990-655f-4900-b966-affd0bc7639c{ip: 192.168.5.143, host: pr-hdds-1786-trunk-klbfp-3319181915, networkLocation: /default-rack, certSerialId: null}, Type:RATIS, Factor:THREE, State:OPEN] from datanode 92412348-7352-40be-aea2-771c347789e7{ip: 192.168.5.143, host: pr-hdds-1786-trunk-klbfp-3319181915, networkLocation: /default-rack, certSerialId: null}. Reason : 92412348-7352-40be-aea2-771c347789e7 has not seen follower/s 76c4c990-655f-4900-b966-affd0bc7639c for 120403ms cfc25efc-54ed-4d3e-b2b6-13ccffc6d6ca for 120406ms
2019-09-11 07:08:30,117 [EventQueue-PipelineActionsForPipelineActionHandler] INFO  pipeline.SCMPipelineManager (SCMPipelineManager.java:finalizeAndDestroyPipeline(311)) - destroying pipeline:Pipeline[ Id: 5804794a-73b5-487d-9840-eb8fe927fd11, Nodes: cfc25efc-54ed-4d3e-b2b6-13ccffc6d6ca{ip: 192.168.5.143, host: pr-hdds-1786-trunk-klbfp-3319181915, networkLocation: /default-rack, certSerialId: null}92412348-7352-40be-aea2-771c347789e7{ip: 192.168.5.143, host: pr-hdds-1786-trunk-klbfp-3319181915, networkLocation: /default-rack, certSerialId: null}76c4c990-655f-4900-b966-affd0bc7639c{ip: 192.168.5.143, host: pr-hdds-1786-trunk-klbfp-3319181915, networkLocation: /default-rack, certSerialId: null}, Type:RATIS, Factor:THREE, State:OPEN]
2019-09-11 07:08:30,117 [92412348-7352-40be-aea2-771c347789e7@group-EB8FE927FD11-SegmentedRaftLogWorker] WARN  segmented.SegmentedRaftLogWorker (SegmentedRaftLogWorker.java:getFromFuture(90)) - Timeout 11/~
org.apache.ratis.protocol.TimeoutIOException: Timeout 10s: WriteLog:12: (t:1, i:12), STATEMACHINELOGENTRY, client-1C7BFCFF6CD9, cid=22-writeStateMachineData
	at org.apache.ratis.util.IOUtils.getFromFuture(IOUtils.java:87)
	at org.apache.ratis.server.raftlog.segmented.SegmentedRaftLogWorker$StateMachineDataPolicy.getFromFuture(SegmentedRaftLogWorker.java:87)
	at org.apache.ratis.server.raftlog.segmented.SegmentedRaftLogWorker$WriteLog.execute(SegmentedRaftLogWorker.java:477)
	at org.apache.ratis.server.raftlog.segmented.SegmentedRaftLogWorker.run(SegmentedRaftLogWorker.java:289)
	at java.lang.Thread.run(Thread.java:748)
Caused by: java.util.concurrent.TimeoutException
	at java.util.concurrent.CompletableFuture.timedGet(CompletableFuture.java:1771)
	at java.util.concurrent.CompletableFuture.get(CompletableFuture.java:1915)
	at org.apache.ratis.util.IOUtils.getFromFuture(IOUtils.java:79)
	... 4 more
2019-09-11 07:08:30,120 [cfc25efc-54ed-4d3e-b2b6-13ccffc6d6ca@group-EB8FE927FD11-SegmentedRaftLogWorker] WARN  segmented.SegmentedRaftLogWorker (SegmentedRaftLogWorker.java:getFromFuture(90)) - Timeout 11/~
org.apache.ratis.protocol.TimeoutIOException: Timeout 10s: WriteLog:12: (t:1, i:12), STATEMACHINELOGENTRY, client-1C7BFCFF6CD9, cid=22-writeStateMachineData
	at org.apache.ratis.util.IOUtils.getFromFuture(IOUtils.java:87)
	at org.apache.ratis.server.raftlog.segmented.SegmentedRaftLogWorker$StateMachineDataPolicy.getFromFuture(SegmentedRaftLogWorker.java:87)
	at org.apache.ratis.server.raftlog.segmented.SegmentedRaftLogWorker$WriteLog.execute(SegmentedRaftLogWorker.java:477)
	at org.apache.ratis.server.raftlog.segmented.SegmentedRaftLogWorker.run(SegmentedRaftLogWorker.java:289)
	at java.lang.Thread.run(Thread.java:748)
Caused by: java.util.concurrent.TimeoutException
	at java.util.concurrent.CompletableFuture.timedGet(CompletableFuture.java:1771)
	at java.util.concurrent.CompletableFuture.get(CompletableFuture.java:1915)
	at org.apache.ratis.util.IOUtils.getFromFuture(IOUtils.java:79)
	... 4 more
2019-09-11 07:08:30,123 [EventQueue-PipelineActionsForPipelineActionHandler] INFO  pipeline.PipelineStateManager (PipelineStateManager.java:finalizePipeline(123)) - Pipeline Pipeline[ Id: 5804794a-73b5-487d-9840-eb8fe927fd11, Nodes: cfc25efc-54ed-4d3e-b2b6-13ccffc6d6ca{ip: 192.168.5.143, host: pr-hdds-1786-trunk-klbfp-3319181915, networkLocation: /default-rack, certSerialId: null}92412348-7352-40be-aea2-771c347789e7{ip: 192.168.5.143, host: pr-hdds-1786-trunk-klbfp-3319181915, networkLocation: /default-rack, certSerialId: null}76c4c990-655f-4900-b966-affd0bc7639c{ip: 192.168.5.143, host: pr-hdds-1786-trunk-klbfp-3319181915, networkLocation: /default-rack, certSerialId: null}, Type:RATIS, Factor:THREE, State:CLOSED] moved to CLOSED state
2019-09-11 07:08:30,126 [EventQueue-CloseContainerForCloseContainerEventHandler] INFO  container.CloseContainerEventHandler (CloseContainerEventHandler.java:onMessage(61)) - Close container Event triggered for container : #2
2019-09-11 07:08:30,132 [EventQueue-CloseContainerForCloseContainerEventHandler] INFO  container.CloseContainerEventHandler (CloseContainerEventHandler.java:onMessage(61)) - Close container Event triggered for container : #3
2019-09-11 07:08:30,424 [java.util.concurrent.ThreadPoolExecutor$Worker@69d338f1[State = -1, empty queue]] WARN  server.GrpcLogAppender (GrpcLogAppender.java:timeoutAppendRequest(200)) - 92412348-7352-40be-aea2-771c347789e7@group-EB8FE927FD11->cfc25efc-54ed-4d3e-b2b6-13ccffc6d6ca-GrpcLogAppender: appendEntries Timeout, request=92412348-7352-40be-aea2-771c347789e7->cfc25efc-54ed-4d3e-b2b6-13ccffc6d6ca#61-t1, previous=(t:1, i:13), leaderCommit=10, initializing? false, entries: <empty>
2019-09-11 07:08:30,424 [java.util.concurrent.ThreadPoolExecutor$Worker@7b7c3362[State = -1, empty queue]] WARN  server.GrpcLogAppender (GrpcLogAppender.java:timeoutAppendRequest(200)) - 92412348-7352-40be-aea2-771c347789e7@group-EB8FE927FD11->76c4c990-655f-4900-b966-affd0bc7639c-GrpcLogAppender: appendEntries Timeout, request=92412348-7352-40be-aea2-771c347789e7->76c4c990-655f-4900-b966-affd0bc7639c#61-t1, previous=(t:1, i:13), leaderCommit=10, initializing? false, entries: <empty>
2019-09-11 07:08:31,383 [grpc-default-executor-0] INFO  client.GrpcClientProtocolClient (GrpcClientProtocolClient.java:onNext(264)) - client-1C7BFCFF6CD9->cfc25efc-54ed-4d3e-b2b6-13ccffc6d6ca: receive RaftClientReply:client-1C7BFCFF6CD9->cfc25efc-54ed-4d3e-b2b6-13ccffc6d6ca@group-EB8FE927FD11, cid=21, FAILED org.apache.ratis.protocol.NotLeaderException: Server cfc25efc-54ed-4d3e-b2b6-13ccffc6d6ca@group-EB8FE927FD11 is not the leader 92412348-7352-40be-aea2-771c347789e7:192.168.5.143:37352, logIndex=0, commits[cfc25efc-54ed-4d3e-b2b6-13ccffc6d6ca:c10, 76c4c990-655f-4900-b966-affd0bc7639c:c6, 92412348-7352-40be-aea2-771c347789e7:c10]
2019-09-11 07:08:32,425 [org.apache.ratis.server.impl.LogAppender$AppenderDaemon$$Lambda$492/690755232@3fd57027] ERROR ratis.XceiverServerRatis (XceiverServerRatis.java:triggerPipelineClose(575)) - pipeline Action CLOSE  on pipeline PipelineID=5804794a-73b5-487d-9840-eb8fe927fd11.Reason : 92412348-7352-40be-aea2-771c347789e7 has not seen follower/s 76c4c990-655f-4900-b966-affd0bc7639c for 122882ms cfc25efc-54ed-4d3e-b2b6-13ccffc6d6ca for 122882ms
2019-09-11 07:08:32,426 [org.apache.ratis.server.impl.LogAppender$AppenderDaemon$$Lambda$492/690755232@4b34ffa3] ERROR ratis.XceiverServerRatis (XceiverServerRatis.java:triggerPipelineClose(575)) - pipeline Action CLOSE  on pipeline PipelineID=5804794a-73b5-487d-9840-eb8fe927fd11.Reason : 92412348-7352-40be-aea2-771c347789e7 has not seen follower/s 76c4c990-655f-4900-b966-affd0bc7639c for 122883ms cfc25efc-54ed-4d3e-b2b6-13ccffc6d6ca for 122883ms
2019-09-11 07:08:32,925 [java.util.concurrent.ThreadPoolExecutor$Worker@69d338f1[State = -1, empty queue]] WARN  server.GrpcLogAppender (GrpcLogAppender.java:timeoutAppendRequest(200)) - 92412348-7352-40be-aea2-771c347789e7@group-EB8FE927FD11->cfc25efc-54ed-4d3e-b2b6-13ccffc6d6ca-GrpcLogAppender: appendEntries Timeout, request=92412348-7352-40be-aea2-771c347789e7->cfc25efc-54ed-4d3e-b2b6-13ccffc6d6ca#62-t1, previous=(t:1, i:13), leaderCommit=10, initializing? false, entries: <empty>
2019-09-11 07:08:32,925 [java.util.concurrent.ThreadPoolExecutor$Worker@7b7c3362[State = -1, empty queue]] WARN  server.GrpcLogAppender (GrpcLogAppender.java:timeoutAppendRequest(200)) - 92412348-7352-40be-aea2-771c347789e7@group-EB8FE927FD11->76c4c990-655f-4900-b966-affd0bc7639c-GrpcLogAppender: appendEntries Timeout, request=92412348-7352-40be-aea2-771c347789e7->76c4c990-655f-4900-b966-affd0bc7639c#62-t1, previous=(t:1, i:13), leaderCommit=10, initializing? false, entries: <empty>
2019-09-11 07:08:33,113 [EventQueue-PipelineActionsForPipelineActionHandler] ERROR pipeline.PipelineActionHandler (PipelineActionHandler.java:onMessage(60)) - Received pipeline action CLOSE for Pipeline[ Id: 5804794a-73b5-487d-9840-eb8fe927fd11, Nodes: cfc25efc-54ed-4d3e-b2b6-13ccffc6d6ca{ip: 192.168.5.143, host: pr-hdds-1786-trunk-klbfp-3319181915, networkLocation: /default-rack, certSerialId: null}92412348-7352-40be-aea2-771c347789e7{ip: 192.168.5.143, host: pr-hdds-1786-trunk-klbfp-3319181915, networkLocation: /default-rack, certSerialId: null}76c4c990-655f-4900-b966-affd0bc7639c{ip: 192.168.5.143, host: pr-hdds-1786-trunk-klbfp-3319181915, networkLocation: /default-rack, certSerialId: null}, Type:RATIS, Factor:THREE, State:CLOSED] from datanode 92412348-7352-40be-aea2-771c347789e7{ip: 192.168.5.143, host: pr-hdds-1786-trunk-klbfp-3319181915, networkLocation: /default-rack, certSerialId: null}. Reason : 92412348-7352-40be-aea2-771c347789e7 has not seen follower/s 76c4c990-655f-4900-b966-affd0bc7639c for 122882ms cfc25efc-54ed-4d3e-b2b6-13ccffc6d6ca for 122882ms
2019-09-11 07:08:33,113 [EventQueue-PipelineActionsForPipelineActionHandler] INFO  pipeline.SCMPipelineManager (SCMPipelineManager.java:finalizeAndDestroyPipeline(311)) - destroying pipeline:Pipeline[ Id: 5804794a-73b5-487d-9840-eb8fe927fd11, Nodes: cfc25efc-54ed-4d3e-b2b6-13ccffc6d6ca{ip: 192.168.5.143, host: pr-hdds-1786-trunk-klbfp-3319181915, networkLocation: /default-rack, certSerialId: null}92412348-7352-40be-aea2-771c347789e7{ip: 192.168.5.143, host: pr-hdds-1786-trunk-klbfp-3319181915, networkLocation: /default-rack, certSerialId: null}76c4c990-655f-4900-b966-affd0bc7639c{ip: 192.168.5.143, host: pr-hdds-1786-trunk-klbfp-3319181915, networkLocation: /default-rack, certSerialId: null}, Type:RATIS, Factor:THREE, State:CLOSED]
2019-09-11 07:08:33,143 [org.apache.ratis.server.impl.LogAppender$AppenderDaemon$$Lambda$492/690755232@3fd57027] ERROR ratis.XceiverServerRatis (XceiverServerRatis.java:triggerPipelineClose(575)) - pipeline Action CLOSE  on pipeline PipelineID=5804794a-73b5-487d-9840-eb8fe927fd11.Reason : 92412348-7352-40be-aea2-771c347789e7 has not seen follower/s 76c4c990-655f-4900-b966-affd0bc7639c for 123600ms cfc25efc-54ed-4d3e-b2b6-13ccffc6d6ca for 123600ms
2019-09-11 07:08:33,143 [org.apache.ratis.server.impl.LogAppender$AppenderDaemon$$Lambda$492/690755232@4b34ffa3] ERROR ratis.XceiverServerRatis (XceiverServerRatis.java:triggerPipelineClose(575)) - pipeline Action CLOSE  on pipeline PipelineID=5804794a-73b5-487d-9840-eb8fe927fd11.Reason : 92412348-7352-40be-aea2-771c347789e7 has not seen follower/s 76c4c990-655f-4900-b966-affd0bc7639c for 123600ms cfc25efc-54ed-4d3e-b2b6-13ccffc6d6ca for 123600ms
2019-09-11 07:08:34,142 [EventQueue-PipelineActionsForPipelineActionHandler] ERROR pipeline.PipelineActionHandler (PipelineActionHandler.java:onMessage(60)) - Received pipeline action CLOSE for Pipeline[ Id: 5804794a-73b5-487d-9840-eb8fe927fd11, Nodes: cfc25efc-54ed-4d3e-b2b6-13ccffc6d6ca{ip: 192.168.5.143, host: pr-hdds-1786-trunk-klbfp-3319181915, networkLocation: /default-rack, certSerialId: null}92412348-7352-40be-aea2-771c347789e7{ip: 192.168.5.143, host: pr-hdds-1786-trunk-klbfp-3319181915, networkLocation: /default-rack, certSerialId: null}76c4c990-655f-4900-b966-affd0bc7639c{ip: 192.168.5.143, host: pr-hdds-1786-trunk-klbfp-3319181915, networkLocation: /default-rack, certSerialId: null}, Type:RATIS, Factor:THREE, State:CLOSED] from datanode 92412348-7352-40be-aea2-771c347789e7{ip: 192.168.5.143, host: pr-hdds-1786-trunk-klbfp-3319181915, networkLocation: /default-rack, certSerialId: null}. Reason : 92412348-7352-40be-aea2-771c347789e7 has not seen follower/s 76c4c990-655f-4900-b966-affd0bc7639c for 123600ms cfc25efc-54ed-4d3e-b2b6-13ccffc6d6ca for 123600ms
2019-09-11 07:08:34,143 [EventQueue-PipelineActionsForPipelineActionHandler] INFO  pipeline.SCMPipelineManager (SCMPipelineManager.java:finalizeAndDestroyPipeline(311)) - destroying pipeline:Pipeline[ Id: 5804794a-73b5-487d-9840-eb8fe927fd11, Nodes: cfc25efc-54ed-4d3e-b2b6-13ccffc6d6ca{ip: 192.168.5.143, host: pr-hdds-1786-trunk-klbfp-3319181915, networkLocation: /default-rack, certSerialId: null}92412348-7352-40be-aea2-771c347789e7{ip: 192.168.5.143, host: pr-hdds-1786-trunk-klbfp-3319181915, networkLocation: /default-rack, certSerialId: null}76c4c990-655f-4900-b966-affd0bc7639c{ip: 192.168.5.143, host: pr-hdds-1786-trunk-klbfp-3319181915, networkLocation: /default-rack, certSerialId: null}, Type:RATIS, Factor:THREE, State:CLOSED]
2019-09-11 07:08:35,425 [java.util.concurrent.ThreadPoolExecutor$Worker@69d338f1[State = -1, empty queue]] WARN  server.GrpcLogAppender (GrpcLogAppender.java:timeoutAppendRequest(200)) - 92412348-7352-40be-aea2-771c347789e7@group-EB8FE927FD11->cfc25efc-54ed-4d3e-b2b6-13ccffc6d6ca-GrpcLogAppender: appendEntries Timeout, request=92412348-7352-40be-aea2-771c347789e7->cfc25efc-54ed-4d3e-b2b6-13ccffc6d6ca#63-t1, previous=(t:1, i:13), leaderCommit=10, initializing? false, entries: <empty>
2019-09-11 07:08:35,427 [java.util.concurrent.ThreadPoolExecutor$Worker@7b7c3362[State = -1, empty queue]] WARN  server.GrpcLogAppender (GrpcLogAppender.java:timeoutAppendRequest(200)) - 92412348-7352-40be-aea2-771c347789e7@group-EB8FE927FD11->76c4c990-655f-4900-b966-affd0bc7639c-GrpcLogAppender: appendEntries Timeout, request=92412348-7352-40be-aea2-771c347789e7->76c4c990-655f-4900-b966-affd0bc7639c#63-t1, previous=(t:1, i:13), leaderCommit=10, initializing? false, entries: <empty>
2019-09-11 07:08:35,644 [org.apache.ratis.server.impl.LogAppender$AppenderDaemon$$Lambda$492/690755232@3fd57027] ERROR ratis.XceiverServerRatis (XceiverServerRatis.java:triggerPipelineClose(575)) - pipeline Action CLOSE  on pipeline PipelineID=5804794a-73b5-487d-9840-eb8fe927fd11.Reason : 92412348-7352-40be-aea2-771c347789e7 has not seen follower/s 76c4c990-655f-4900-b966-affd0bc7639c for 126101ms cfc25efc-54ed-4d3e-b2b6-13ccffc6d6ca for 126101ms
2019-09-11 07:08:35,644 [org.apache.ratis.server.impl.LogAppender$AppenderDaemon$$Lambda$492/690755232@4b34ffa3] ERROR ratis.XceiverServerRatis (XceiverServerRatis.java:triggerPipelineClose(575)) - pipeline Action CLOSE  on pipeline PipelineID=5804794a-73b5-487d-9840-eb8fe927fd11.Reason : 92412348-7352-40be-aea2-771c347789e7 has not seen follower/s 76c4c990-655f-4900-b966-affd0bc7639c for 126101ms cfc25efc-54ed-4d3e-b2b6-13ccffc6d6ca for 126101ms
2019-09-11 07:08:36,142 [EventQueue-PipelineActionsForPipelineActionHandler] ERROR pipeline.PipelineActionHandler (PipelineActionHandler.java:onMessage(60)) - Received pipeline action CLOSE for Pipeline[ Id: 5804794a-73b5-487d-9840-eb8fe927fd11, Nodes: cfc25efc-54ed-4d3e-b2b6-13ccffc6d6ca{ip: 192.168.5.143, host: pr-hdds-1786-trunk-klbfp-3319181915, networkLocation: /default-rack, certSerialId: null}92412348-7352-40be-aea2-771c347789e7{ip: 192.168.5.143, host: pr-hdds-1786-trunk-klbfp-3319181915, networkLocation: /default-rack, certSerialId: null}76c4c990-655f-4900-b966-affd0bc7639c{ip: 192.168.5.143, host: pr-hdds-1786-trunk-klbfp-3319181915, networkLocation: /default-rack, certSerialId: null}, Type:RATIS, Factor:THREE, State:CLOSED] from datanode 92412348-7352-40be-aea2-771c347789e7{ip: 192.168.5.143, host: pr-hdds-1786-trunk-klbfp-3319181915, networkLocation: /default-rack, certSerialId: null}. Reason : 92412348-7352-40be-aea2-771c347789e7 has not seen follower/s 76c4c990-655f-4900-b966-affd0bc7639c for 126101ms cfc25efc-54ed-4d3e-b2b6-13ccffc6d6ca for 126101ms
2019-09-11 07:08:36,142 [EventQueue-PipelineActionsForPipelineActionHandler] INFO  pipeline.SCMPipelineManager (SCMPipelineManager.java:finalizeAndDestroyPipeline(311)) - destroying pipeline:Pipeline[ Id: 5804794a-73b5-487d-9840-eb8fe927fd11, Nodes: cfc25efc-54ed-4d3e-b2b6-13ccffc6d6ca{ip: 192.168.5.143, host: pr-hdds-1786-trunk-klbfp-3319181915, networkLocation: /default-rack, certSerialId: null}92412348-7352-40be-aea2-771c347789e7{ip: 192.168.5.143, host: pr-hdds-1786-trunk-klbfp-3319181915, networkLocation: /default-rack, certSerialId: null}76c4c990-655f-4900-b966-affd0bc7639c{ip: 192.168.5.143, host: pr-hdds-1786-trunk-klbfp-3319181915, networkLocation: /default-rack, certSerialId: null}, Type:RATIS, Factor:THREE, State:CLOSED]
2019-09-11 07:08:36,143 [java.util.concurrent.ThreadPoolExecutor$Worker@69d338f1[State = -1, empty queue]] WARN  server.GrpcLogAppender (GrpcLogAppender.java:timeoutAppendRequest(200)) - 92412348-7352-40be-aea2-771c347789e7@group-EB8FE927FD11->cfc25efc-54ed-4d3e-b2b6-13ccffc6d6ca-GrpcLogAppender: appendEntries Timeout, request=92412348-7352-40be-aea2-771c347789e7->cfc25efc-54ed-4d3e-b2b6-13ccffc6d6ca#64-t1, previous=(t:1, i:13), leaderCommit=10, initializing? false, entries: size=1, first=(t:1, i:14), STATEMACHINELOGENTRY, client-A1B3A43AF80C, cid=4
2019-09-11 07:08:36,143 [java.util.concurrent.ThreadPoolExecutor$Worker@7b7c3362[State = -1, empty queue]] WARN  server.GrpcLogAppender (GrpcLogAppender.java:timeoutAppendRequest(200)) - 92412348-7352-40be-aea2-771c347789e7@group-EB8FE927FD11->76c4c990-655f-4900-b966-affd0bc7639c-GrpcLogAppender: appendEntries Timeout, request=92412348-7352-40be-aea2-771c347789e7->76c4c990-655f-4900-b966-affd0bc7639c#64-t1, previous=(t:1, i:13), leaderCommit=10, initializing? false, entries: size=1, first=(t:1, i:14), STATEMACHINELOGENTRY, client-A1B3A43AF80C, cid=4
2019-09-11 07:08:36,450 [grpc-default-executor-4] INFO  client.GrpcClientProtocolClient (GrpcClientProtocolClient.java:onNext(264)) - client-1C7BFCFF6CD9->76c4c990-655f-4900-b966-affd0bc7639c: receive RaftClientReply:client-1C7BFCFF6CD9->76c4c990-655f-4900-b966-affd0bc7639c@group-EB8FE927FD11, cid=21, FAILED org.apache.ratis.protocol.NotLeaderException: Server 76c4c990-655f-4900-b966-affd0bc7639c@group-EB8FE927FD11 is not the leader 92412348-7352-40be-aea2-771c347789e7:192.168.5.143:37352, logIndex=0, commits[76c4c990-655f-4900-b966-affd0bc7639c:c10, cfc25efc-54ed-4d3e-b2b6-13ccffc6d6ca:c6, 92412348-7352-40be-aea2-771c347789e7:c10]
2019-09-11 07:08:38,145 [org.apache.ratis.server.impl.LogAppender$AppenderDaemon$$Lambda$492/690755232@4b34ffa3] ERROR ratis.XceiverServerRatis (XceiverServerRatis.java:triggerPipelineClose(575)) - pipeline Action CLOSE  on pipeline PipelineID=5804794a-73b5-487d-9840-eb8fe927fd11.Reason : 92412348-7352-40be-aea2-771c347789e7 has not seen follower/s 76c4c990-655f-4900-b966-affd0bc7639c for 128602ms cfc25efc-54ed-4d3e-b2b6-13ccffc6d6ca for 128602ms
2019-09-11 07:08:38,145 [org.apache.ratis.server.impl.LogAppender$AppenderDaemon$$Lambda$492/690755232@3fd57027] ERROR ratis.XceiverServerRatis (XceiverServerRatis.java:triggerPipelineClose(575)) - pipeline Action CLOSE  on pipeline PipelineID=5804794a-73b5-487d-9840-eb8fe927fd11.Reason : 92412348-7352-40be-aea2-771c347789e7 has not seen follower/s 76c4c990-655f-4900-b966-affd0bc7639c for 128602ms cfc25efc-54ed-4d3e-b2b6-13ccffc6d6ca for 128602ms
2019-09-11 07:08:38,644 [java.util.concurrent.ThreadPoolExecutor$Worker@69d338f1[State = -1, empty queue]] WARN  server.GrpcLogAppender (GrpcLogAppender.java:timeoutAppendRequest(200)) - 92412348-7352-40be-aea2-771c347789e7@group-EB8FE927FD11->cfc25efc-54ed-4d3e-b2b6-13ccffc6d6ca-GrpcLogAppender: appendEntries Timeout, request=92412348-7352-40be-aea2-771c347789e7->cfc25efc-54ed-4d3e-b2b6-13ccffc6d6ca#65-t1, previous=(t:1, i:14), leaderCommit=10, initializing? false, entries: <empty>
2019-09-11 07:08:38,644 [java.util.concurrent.ThreadPoolExecutor$Worker@7b7c3362[State = -1, empty queue]] WARN  server.GrpcLogAppender (GrpcLogAppender.java:timeoutAppendRequest(200)) - 92412348-7352-40be-aea2-771c347789e7@group-EB8FE927FD11->76c4c990-655f-4900-b966-affd0bc7639c-GrpcLogAppender: appendEntries Timeout, request=92412348-7352-40be-aea2-771c347789e7->76c4c990-655f-4900-b966-affd0bc7639c#65-t1, previous=(t:1, i:14), leaderCommit=10, initializing? false, entries: <empty>
2019-09-11 07:08:39,141 [EventQueue-PipelineActionsForPipelineActionHandler] ERROR pipeline.PipelineActionHandler (PipelineActionHandler.java:onMessage(60)) - Received pipeline action CLOSE for Pipeline[ Id: 5804794a-73b5-487d-9840-eb8fe927fd11, Nodes: cfc25efc-54ed-4d3e-b2b6-13ccffc6d6ca{ip: 192.168.5.143, host: pr-hdds-1786-trunk-klbfp-3319181915, networkLocation: /default-rack, certSerialId: null}92412348-7352-40be-aea2-771c347789e7{ip: 192.168.5.143, host: pr-hdds-1786-trunk-klbfp-3319181915, networkLocation: /default-rack, certSerialId: null}76c4c990-655f-4900-b966-affd0bc7639c{ip: 192.168.5.143, host: pr-hdds-1786-trunk-klbfp-3319181915, networkLocation: /default-rack, certSerialId: null}, Type:RATIS, Factor:THREE, State:CLOSED] from datanode 92412348-7352-40be-aea2-771c347789e7{ip: 192.168.5.143, host: pr-hdds-1786-trunk-klbfp-3319181915, networkLocation: /default-rack, certSerialId: null}. Reason : 92412348-7352-40be-aea2-771c347789e7 has not seen follower/s 76c4c990-655f-4900-b966-affd0bc7639c for 128602ms cfc25efc-54ed-4d3e-b2b6-13ccffc6d6ca for 128602ms
2019-09-11 07:08:39,141 [EventQueue-PipelineActionsForPipelineActionHandler] INFO  pipeline.SCMPipelineManager (SCMPipelineManager.java:finalizeAndDestroyPipeline(311)) - destroying pipeline:Pipeline[ Id: 5804794a-73b5-487d-9840-eb8fe927fd11, Nodes: cfc25efc-54ed-4d3e-b2b6-13ccffc6d6ca{ip: 192.168.5.143, host: pr-hdds-1786-trunk-klbfp-3319181915, networkLocation: /default-rack, certSerialId: null}92412348-7352-40be-aea2-771c347789e7{ip: 192.168.5.143, host: pr-hdds-1786-trunk-klbfp-3319181915, networkLocation: /default-rack, certSerialId: null}76c4c990-655f-4900-b966-affd0bc7639c{ip: 192.168.5.143, host: pr-hdds-1786-trunk-klbfp-3319181915, networkLocation: /default-rack, certSerialId: null}, Type:RATIS, Factor:THREE, State:CLOSED]
2019-09-11 07:08:40,108 [76c4c990-655f-4900-b966-affd0bc7639c@group-EB8FE927FD11-SegmentedRaftLogWorker] WARN  segmented.SegmentedRaftLogWorker (SegmentedRaftLogWorker.java:getFromFuture(90)) - Timeout 12/~
org.apache.ratis.protocol.TimeoutIOException: Timeout 10s: WriteLog:12: (t:1, i:12), STATEMACHINELOGENTRY, client-1C7BFCFF6CD9, cid=22-writeStateMachineData
	at org.apache.ratis.util.IOUtils.getFromFuture(IOUtils.java:87)
	at org.apache.ratis.server.raftlog.segmented.SegmentedRaftLogWorker$StateMachineDataPolicy.getFromFuture(SegmentedRaftLogWorker.java:87)
	at org.apache.ratis.server.raftlog.segmented.SegmentedRaftLogWorker$WriteLog.execute(SegmentedRaftLogWorker.java:477)
	at org.apache.ratis.server.raftlog.segmented.SegmentedRaftLogWorker.run(SegmentedRaftLogWorker.java:289)
	at java.lang.Thread.run(Thread.java:748)
Caused by: java.util.concurrent.TimeoutException
	at java.util.concurrent.CompletableFuture.timedGet(CompletableFuture.java:1771)
	at java.util.concurrent.CompletableFuture.get(CompletableFuture.java:1915)
	at org.apache.ratis.util.IOUtils.getFromFuture(IOUtils.java:79)
	... 4 more
2019-09-11 07:08:40,121 [92412348-7352-40be-aea2-771c347789e7@group-EB8FE927FD11-SegmentedRaftLogWorker] WARN  segmented.SegmentedRaftLogWorker (SegmentedRaftLogWorker.java:getFromFuture(90)) - Timeout 12/~
org.apache.ratis.protocol.TimeoutIOException: Timeout 10s: WriteLog:12: (t:1, i:12), STATEMACHINELOGENTRY, client-1C7BFCFF6CD9, cid=22-writeStateMachineData
	at org.apache.ratis.util.IOUtils.getFromFuture(IOUtils.java:87)
	at org.apache.ratis.server.raftlog.segmented.SegmentedRaftLogWorker$StateMachineDataPolicy.getFromFuture(SegmentedRaftLogWorker.java:87)
	at org.apache.ratis.server.raftlog.segmented.SegmentedRaftLogWorker$WriteLog.execute(SegmentedRaftLogWorker.java:477)
	at org.apache.ratis.server.raftlog.segmented.SegmentedRaftLogWorker.run(SegmentedRaftLogWorker.java:289)
	at java.lang.Thread.run(Thread.java:748)
Caused by: java.util.concurrent.TimeoutException
	at java.util.concurrent.CompletableFuture.timedGet(CompletableFuture.java:1771)
	at java.util.concurrent.CompletableFuture.get(CompletableFuture.java:1915)
	at org.apache.ratis.util.IOUtils.getFromFuture(IOUtils.java:79)
	... 4 more
2019-09-11 07:08:40,123 [cfc25efc-54ed-4d3e-b2b6-13ccffc6d6ca@group-EB8FE927FD11-SegmentedRaftLogWorker] WARN  segmented.SegmentedRaftLogWorker (SegmentedRaftLogWorker.java:getFromFuture(90)) - Timeout 12/~
org.apache.ratis.protocol.TimeoutIOException: Timeout 10s: WriteLog:12: (t:1, i:12), STATEMACHINELOGENTRY, client-1C7BFCFF6CD9, cid=22-writeStateMachineData
	at org.apache.ratis.util.IOUtils.getFromFuture(IOUtils.java:87)
	at org.apache.ratis.server.raftlog.segmented.SegmentedRaftLogWorker$StateMachineDataPolicy.getFromFuture(SegmentedRaftLogWorker.java:87)
	at org.apache.ratis.server.raftlog.segmented.SegmentedRaftLogWorker$WriteLog.execute(SegmentedRaftLogWorker.java:477)
	at org.apache.ratis.server.raftlog.segmented.SegmentedRaftLogWorker.run(SegmentedRaftLogWorker.java:289)
	at java.lang.Thread.run(Thread.java:748)
Caused by: java.util.concurrent.TimeoutException
	at java.util.concurrent.CompletableFuture.timedGet(CompletableFuture.java:1771)
	at java.util.concurrent.CompletableFuture.get(CompletableFuture.java:1915)
	at org.apache.ratis.util.IOUtils.getFromFuture(IOUtils.java:79)
	... 4 more
2019-09-11 07:08:40,647 [org.apache.ratis.server.impl.LogAppender$AppenderDaemon$$Lambda$492/690755232@3fd57027] ERROR ratis.XceiverServerRatis (XceiverServerRatis.java:triggerPipelineClose(575)) - pipeline Action CLOSE  on pipeline PipelineID=5804794a-73b5-487d-9840-eb8fe927fd11.Reason : 92412348-7352-40be-aea2-771c347789e7 has not seen follower/s 76c4c990-655f-4900-b966-affd0bc7639c for 131104ms cfc25efc-54ed-4d3e-b2b6-13ccffc6d6ca for 131104ms
2019-09-11 07:08:40,647 [org.apache.ratis.server.impl.LogAppender$AppenderDaemon$$Lambda$492/690755232@4b34ffa3] ERROR ratis.XceiverServerRatis (XceiverServerRatis.java:triggerPipelineClose(575)) - pipeline Action CLOSE  on pipeline PipelineID=5804794a-73b5-487d-9840-eb8fe927fd11.Reason : 92412348-7352-40be-aea2-771c347789e7 has not seen follower/s 76c4c990-655f-4900-b966-affd0bc7639c for 131104ms cfc25efc-54ed-4d3e-b2b6-13ccffc6d6ca for 131104ms
2019-09-11 07:08:41,142 [EventQueue-PipelineActionsForPipelineActionHandler] ERROR pipeline.PipelineActionHandler (PipelineActionHandler.java:onMessage(60)) - Received pipeline action CLOSE for Pipeline[ Id: 5804794a-73b5-487d-9840-eb8fe927fd11, Nodes: cfc25efc-54ed-4d3e-b2b6-13ccffc6d6ca{ip: 192.168.5.143, host: pr-hdds-1786-trunk-klbfp-3319181915, networkLocation: /default-rack, certSerialId: null}92412348-7352-40be-aea2-771c347789e7{ip: 192.168.5.143, host: pr-hdds-1786-trunk-klbfp-3319181915, networkLocation: /default-rack, certSerialId: null}76c4c990-655f-4900-b966-affd0bc7639c{ip: 192.168.5.143, host: pr-hdds-1786-trunk-klbfp-3319181915, networkLocation: /default-rack, certSerialId: null}, Type:RATIS, Factor:THREE, State:CLOSED] from datanode 92412348-7352-40be-aea2-771c347789e7{ip: 192.168.5.143, host: pr-hdds-1786-trunk-klbfp-3319181915, networkLocation: /default-rack, certSerialId: null}. Reason : 92412348-7352-40be-aea2-771c347789e7 has not seen follower/s 76c4c990-655f-4900-b966-affd0bc7639c for 131104ms cfc25efc-54ed-4d3e-b2b6-13ccffc6d6ca for 131104ms
2019-09-11 07:08:41,142 [EventQueue-PipelineActionsForPipelineActionHandler] INFO  pipeline.SCMPipelineManager (SCMPipelineManager.java:finalizeAndDestroyPipeline(311)) - destroying pipeline:Pipeline[ Id: 5804794a-73b5-487d-9840-eb8fe927fd11, Nodes: cfc25efc-54ed-4d3e-b2b6-13ccffc6d6ca{ip: 192.168.5.143, host: pr-hdds-1786-trunk-klbfp-3319181915, networkLocation: /default-rack, certSerialId: null}92412348-7352-40be-aea2-771c347789e7{ip: 192.168.5.143, host: pr-hdds-1786-trunk-klbfp-3319181915, networkLocation: /default-rack, certSerialId: null}76c4c990-655f-4900-b966-affd0bc7639c{ip: 192.168.5.143, host: pr-hdds-1786-trunk-klbfp-3319181915, networkLocation: /default-rack, certSerialId: null}, Type:RATIS, Factor:THREE, State:CLOSED]
2019-09-11 07:08:41,145 [java.util.concurrent.ThreadPoolExecutor$Worker@7b7c3362[State = -1, empty queue]] WARN  server.GrpcLogAppender (GrpcLogAppender.java:timeoutAppendRequest(200)) - 92412348-7352-40be-aea2-771c347789e7@group-EB8FE927FD11->76c4c990-655f-4900-b966-affd0bc7639c-GrpcLogAppender: appendEntries Timeout, request=92412348-7352-40be-aea2-771c347789e7->76c4c990-655f-4900-b966-affd0bc7639c#66-t1, previous=(t:1, i:14), leaderCommit=10, initializing? false, entries: <empty>
2019-09-11 07:08:41,145 [java.util.concurrent.ThreadPoolExecutor$Worker@69d338f1[State = -1, empty queue]] WARN  server.GrpcLogAppender (GrpcLogAppender.java:timeoutAppendRequest(200)) - 92412348-7352-40be-aea2-771c347789e7@group-EB8FE927FD11->cfc25efc-54ed-4d3e-b2b6-13ccffc6d6ca-GrpcLogAppender: appendEntries Timeout, request=92412348-7352-40be-aea2-771c347789e7->cfc25efc-54ed-4d3e-b2b6-13ccffc6d6ca#66-t1, previous=(t:1, i:14), leaderCommit=10, initializing? false, entries: <empty>
2019-09-11 07:08:41,524 [grpc-default-executor-0] INFO  client.GrpcClientProtocolClient (GrpcClientProtocolClient.java:onNext(264)) - client-1C7BFCFF6CD9->cfc25efc-54ed-4d3e-b2b6-13ccffc6d6ca: receive RaftClientReply:client-1C7BFCFF6CD9->cfc25efc-54ed-4d3e-b2b6-13ccffc6d6ca@group-EB8FE927FD11, cid=21, FAILED org.apache.ratis.protocol.NotLeaderException: Server cfc25efc-54ed-4d3e-b2b6-13ccffc6d6ca@group-EB8FE927FD11 is not the leader 92412348-7352-40be-aea2-771c347789e7:192.168.5.143:37352, logIndex=0, commits[cfc25efc-54ed-4d3e-b2b6-13ccffc6d6ca:c10, 76c4c990-655f-4900-b966-affd0bc7639c:c6, 92412348-7352-40be-aea2-771c347789e7:c10]
2019-09-11 07:08:43,149 [org.apache.ratis.server.impl.LogAppender$AppenderDaemon$$Lambda$492/690755232@4b34ffa3] ERROR ratis.XceiverServerRatis (XceiverServerRatis.java:triggerPipelineClose(575)) - pipeline Action CLOSE  on pipeline PipelineID=5804794a-73b5-487d-9840-eb8fe927fd11.Reason : 92412348-7352-40be-aea2-771c347789e7 has not seen follower/s 76c4c990-655f-4900-b966-affd0bc7639c for 133606ms cfc25efc-54ed-4d3e-b2b6-13ccffc6d6ca for 133606ms
2019-09-11 07:08:43,149 [org.apache.ratis.server.impl.LogAppender$AppenderDaemon$$Lambda$492/690755232@3fd57027] ERROR ratis.XceiverServerRatis (XceiverServerRatis.java:triggerPipelineClose(575)) - pipeline Action CLOSE  on pipeline PipelineID=5804794a-73b5-487d-9840-eb8fe927fd11.Reason : 92412348-7352-40be-aea2-771c347789e7 has not seen follower/s 76c4c990-655f-4900-b966-affd0bc7639c for 133606ms cfc25efc-54ed-4d3e-b2b6-13ccffc6d6ca for 133606ms
2019-09-11 07:08:43,647 [java.util.concurrent.ThreadPoolExecutor$Worker@69d338f1[State = -1, empty queue]] WARN  server.GrpcLogAppender (GrpcLogAppender.java:timeoutAppendRequest(200)) - 92412348-7352-40be-aea2-771c347789e7@group-EB8FE927FD11->cfc25efc-54ed-4d3e-b2b6-13ccffc6d6ca-GrpcLogAppender: appendEntries Timeout, request=92412348-7352-40be-aea2-771c347789e7->cfc25efc-54ed-4d3e-b2b6-13ccffc6d6ca#67-t1, previous=(t:1, i:14), leaderCommit=10, initializing? false, entries: <empty>
2019-09-11 07:08:43,647 [java.util.concurrent.ThreadPoolExecutor$Worker@7b7c3362[State = -1, empty queue]] WARN  server.GrpcLogAppender (GrpcLogAppender.java:timeoutAppendRequest(200)) - 92412348-7352-40be-aea2-771c347789e7@group-EB8FE927FD11->76c4c990-655f-4900-b966-affd0bc7639c-GrpcLogAppender: appendEntries Timeout, request=92412348-7352-40be-aea2-771c347789e7->76c4c990-655f-4900-b966-affd0bc7639c#67-t1, previous=(t:1, i:14), leaderCommit=10, initializing? false, entries: <empty>
2019-09-11 07:08:44,142 [EventQueue-PipelineActionsForPipelineActionHandler] ERROR pipeline.PipelineActionHandler (PipelineActionHandler.java:onMessage(60)) - Received pipeline action CLOSE for Pipeline[ Id: 5804794a-73b5-487d-9840-eb8fe927fd11, Nodes: cfc25efc-54ed-4d3e-b2b6-13ccffc6d6ca{ip: 192.168.5.143, host: pr-hdds-1786-trunk-klbfp-3319181915, networkLocation: /default-rack, certSerialId: null}92412348-7352-40be-aea2-771c347789e7{ip: 192.168.5.143, host: pr-hdds-1786-trunk-klbfp-3319181915, networkLocation: /default-rack, certSerialId: null}76c4c990-655f-4900-b966-affd0bc7639c{ip: 192.168.5.143, host: pr-hdds-1786-trunk-klbfp-3319181915, networkLocation: /default-rack, certSerialId: null}, Type:RATIS, Factor:THREE, State:CLOSED] from datanode 92412348-7352-40be-aea2-771c347789e7{ip: 192.168.5.143, host: pr-hdds-1786-trunk-klbfp-3319181915, networkLocation: /default-rack, certSerialId: null}. Reason : 92412348-7352-40be-aea2-771c347789e7 has not seen follower/s 76c4c990-655f-4900-b966-affd0bc7639c for 133606ms cfc25efc-54ed-4d3e-b2b6-13ccffc6d6ca for 133606ms
2019-09-11 07:08:44,142 [EventQueue-PipelineActionsForPipelineActionHandler] INFO  pipeline.SCMPipelineManager (SCMPipelineManager.java:finalizeAndDestroyPipeline(311)) - destroying pipeline:Pipeline[ Id: 5804794a-73b5-487d-9840-eb8fe927fd11, Nodes: cfc25efc-54ed-4d3e-b2b6-13ccffc6d6ca{ip: 192.168.5.143, host: pr-hdds-1786-trunk-klbfp-3319181915, networkLocation: /default-rack, certSerialId: null}92412348-7352-40be-aea2-771c347789e7{ip: 192.168.5.143, host: pr-hdds-1786-trunk-klbfp-3319181915, networkLocation: /default-rack, certSerialId: null}76c4c990-655f-4900-b966-affd0bc7639c{ip: 192.168.5.143, host: pr-hdds-1786-trunk-klbfp-3319181915, networkLocation: /default-rack, certSerialId: null}, Type:RATIS, Factor:THREE, State:CLOSED]
2019-09-11 07:08:45,650 [org.apache.ratis.server.impl.LogAppender$AppenderDaemon$$Lambda$492/690755232@3fd57027] ERROR ratis.XceiverServerRatis (XceiverServerRatis.java:triggerPipelineClose(575)) - pipeline Action CLOSE  on pipeline PipelineID=5804794a-73b5-487d-9840-eb8fe927fd11.Reason : 92412348-7352-40be-aea2-771c347789e7 has not seen follower/s 76c4c990-655f-4900-b966-affd0bc7639c for 136107ms cfc25efc-54ed-4d3e-b2b6-13ccffc6d6ca for 136107ms
2019-09-11 07:08:45,650 [org.apache.ratis.server.impl.LogAppender$AppenderDaemon$$Lambda$492/690755232@4b34ffa3] ERROR ratis.XceiverServerRatis (XceiverServerRatis.java:triggerPipelineClose(575)) - pipeline Action CLOSE  on pipeline PipelineID=5804794a-73b5-487d-9840-eb8fe927fd11.Reason : 92412348-7352-40be-aea2-771c347789e7 has not seen follower/s 76c4c990-655f-4900-b966-affd0bc7639c for 136107ms cfc25efc-54ed-4d3e-b2b6-13ccffc6d6ca for 136107ms
2019-09-11 07:08:46,143 [EventQueue-PipelineActionsForPipelineActionHandler] ERROR pipeline.PipelineActionHandler (PipelineActionHandler.java:onMessage(60)) - Received pipeline action CLOSE for Pipeline[ Id: 5804794a-73b5-487d-9840-eb8fe927fd11, Nodes: cfc25efc-54ed-4d3e-b2b6-13ccffc6d6ca{ip: 192.168.5.143, host: pr-hdds-1786-trunk-klbfp-3319181915, networkLocation: /default-rack, certSerialId: null}92412348-7352-40be-aea2-771c347789e7{ip: 192.168.5.143, host: pr-hdds-1786-trunk-klbfp-3319181915, networkLocation: /default-rack, certSerialId: null}76c4c990-655f-4900-b966-affd0bc7639c{ip: 192.168.5.143, host: pr-hdds-1786-trunk-klbfp-3319181915, networkLocation: /default-rack, certSerialId: null}, Type:RATIS, Factor:THREE, State:CLOSED] from datanode 92412348-7352-40be-aea2-771c347789e7{ip: 192.168.5.143, host: pr-hdds-1786-trunk-klbfp-3319181915, networkLocation: /default-rack, certSerialId: null}. Reason : 92412348-7352-40be-aea2-771c347789e7 has not seen follower/s 76c4c990-655f-4900-b966-affd0bc7639c for 136107ms cfc25efc-54ed-4d3e-b2b6-13ccffc6d6ca for 136107ms
2019-09-11 07:08:46,144 [EventQueue-PipelineActionsForPipelineActionHandler] INFO  pipeline.SCMPipelineManager (SCMPipelineManager.java:finalizeAndDestroyPipeline(311)) - destroying pipeline:Pipeline[ Id: 5804794a-73b5-487d-9840-eb8fe927fd11, Nodes: cfc25efc-54ed-4d3e-b2b6-13ccffc6d6ca{ip: 192.168.5.143, host: pr-hdds-1786-trunk-klbfp-3319181915, networkLocation: /default-rack, certSerialId: null}92412348-7352-40be-aea2-771c347789e7{ip: 192.168.5.143, host: pr-hdds-1786-trunk-klbfp-3319181915, networkLocation: /default-rack, certSerialId: null}76c4c990-655f-4900-b966-affd0bc7639c{ip: 192.168.5.143, host: pr-hdds-1786-trunk-klbfp-3319181915, networkLocation: /default-rack, certSerialId: null}, Type:RATIS, Factor:THREE, State:CLOSED]
2019-09-11 07:08:46,149 [java.util.concurrent.ThreadPoolExecutor$Worker@7b7c3362[State = -1, empty queue]] WARN  server.GrpcLogAppender (GrpcLogAppender.java:timeoutAppendRequest(200)) - 92412348-7352-40be-aea2-771c347789e7@group-EB8FE927FD11->76c4c990-655f-4900-b966-affd0bc7639c-GrpcLogAppender: appendEntries Timeout, request=92412348-7352-40be-aea2-771c347789e7->76c4c990-655f-4900-b966-affd0bc7639c#68-t1, previous=(t:1, i:14), leaderCommit=10, initializing? false, entries: <empty>
2019-09-11 07:08:46,151 [java.util.concurrent.ThreadPoolExecutor$Worker@69d338f1[State = -1, empty queue]] WARN  server.GrpcLogAppender (GrpcLogAppender.java:timeoutAppendRequest(200)) - 92412348-7352-40be-aea2-771c347789e7@group-EB8FE927FD11->cfc25efc-54ed-4d3e-b2b6-13ccffc6d6ca-GrpcLogAppender: appendEntries Timeout, request=92412348-7352-40be-aea2-771c347789e7->cfc25efc-54ed-4d3e-b2b6-13ccffc6d6ca#68-t1, previous=(t:1, i:14), leaderCommit=10, initializing? false, entries: <empty>
2019-09-11 07:08:46,580 [grpc-default-executor-4] INFO  client.GrpcClientProtocolClient (GrpcClientProtocolClient.java:onNext(264)) - client-1C7BFCFF6CD9->76c4c990-655f-4900-b966-affd0bc7639c: receive RaftClientReply:client-1C7BFCFF6CD9->76c4c990-655f-4900-b966-affd0bc7639c@group-EB8FE927FD11, cid=21, FAILED org.apache.ratis.protocol.NotLeaderException: Server 76c4c990-655f-4900-b966-affd0bc7639c@group-EB8FE927FD11 is not the leader 92412348-7352-40be-aea2-771c347789e7:192.168.5.143:37352, logIndex=0, commits[76c4c990-655f-4900-b966-affd0bc7639c:c10, cfc25efc-54ed-4d3e-b2b6-13ccffc6d6ca:c6, 92412348-7352-40be-aea2-771c347789e7:c10]
2019-09-11 07:08:48,153 [org.apache.ratis.server.impl.LogAppender$AppenderDaemon$$Lambda$492/690755232@3fd57027] ERROR ratis.XceiverServerRatis (XceiverServerRatis.java:triggerPipelineClose(575)) - pipeline Action CLOSE  on pipeline PipelineID=5804794a-73b5-487d-9840-eb8fe927fd11.Reason : 92412348-7352-40be-aea2-771c347789e7 has not seen follower/s 76c4c990-655f-4900-b966-affd0bc7639c for 138610ms cfc25efc-54ed-4d3e-b2b6-13ccffc6d6ca for 138610ms
2019-09-11 07:08:48,153 [org.apache.ratis.server.impl.LogAppender$AppenderDaemon$$Lambda$492/690755232@4b34ffa3] ERROR ratis.XceiverServerRatis (XceiverServerRatis.java:triggerPipelineClose(575)) - pipeline Action CLOSE  on pipeline PipelineID=5804794a-73b5-487d-9840-eb8fe927fd11.Reason : 92412348-7352-40be-aea2-771c347789e7 has not seen follower/s 76c4c990-655f-4900-b966-affd0bc7639c for 138610ms cfc25efc-54ed-4d3e-b2b6-13ccffc6d6ca for 138610ms
2019-09-11 07:08:48,650 [java.util.concurrent.ThreadPoolExecutor$Worker@7b7c3362[State = -1, empty queue]] WARN  server.GrpcLogAppender (GrpcLogAppender.java:timeoutAppendRequest(200)) - 92412348-7352-40be-aea2-771c347789e7@group-EB8FE927FD11->76c4c990-655f-4900-b966-affd0bc7639c-GrpcLogAppender: appendEntries Timeout, request=92412348-7352-40be-aea2-771c347789e7->76c4c990-655f-4900-b966-affd0bc7639c#69-t1, previous=(t:1, i:14), leaderCommit=10, initializing? false, entries: <empty>
2019-09-11 07:08:48,650 [java.util.concurrent.ThreadPoolExecutor$Worker@69d338f1[State = -1, empty queue]] WARN  server.GrpcLogAppender (GrpcLogAppender.java:timeoutAppendRequest(200)) - 92412348-7352-40be-aea2-771c347789e7@group-EB8FE927FD11->cfc25efc-54ed-4d3e-b2b6-13ccffc6d6ca-GrpcLogAppender: appendEntries Timeout, request=92412348-7352-40be-aea2-771c347789e7->cfc25efc-54ed-4d3e-b2b6-13ccffc6d6ca#69-t1, previous=(t:1, i:14), leaderCommit=10, initializing? false, entries: <empty>
2019-09-11 07:08:49,142 [EventQueue-PipelineActionsForPipelineActionHandler] ERROR pipeline.PipelineActionHandler (PipelineActionHandler.java:onMessage(60)) - Received pipeline action CLOSE for Pipeline[ Id: 5804794a-73b5-487d-9840-eb8fe927fd11, Nodes: cfc25efc-54ed-4d3e-b2b6-13ccffc6d6ca{ip: 192.168.5.143, host: pr-hdds-1786-trunk-klbfp-3319181915, networkLocation: /default-rack, certSerialId: null}92412348-7352-40be-aea2-771c347789e7{ip: 192.168.5.143, host: pr-hdds-1786-trunk-klbfp-3319181915, networkLocation: /default-rack, certSerialId: null}76c4c990-655f-4900-b966-affd0bc7639c{ip: 192.168.5.143, host: pr-hdds-1786-trunk-klbfp-3319181915, networkLocation: /default-rack, certSerialId: null}, Type:RATIS, Factor:THREE, State:CLOSED] from datanode 92412348-7352-40be-aea2-771c347789e7{ip: 192.168.5.143, host: pr-hdds-1786-trunk-klbfp-3319181915, networkLocation: /default-rack, certSerialId: null}. Reason : 92412348-7352-40be-aea2-771c347789e7 has not seen follower/s 76c4c990-655f-4900-b966-affd0bc7639c for 138610ms cfc25efc-54ed-4d3e-b2b6-13ccffc6d6ca for 138610ms
2019-09-11 07:08:49,143 [EventQueue-PipelineActionsForPipelineActionHandler] INFO  pipeline.SCMPipelineManager (SCMPipelineManager.java:finalizeAndDestroyPipeline(311)) - destroying pipeline:Pipeline[ Id: 5804794a-73b5-487d-9840-eb8fe927fd11, Nodes: cfc25efc-54ed-4d3e-b2b6-13ccffc6d6ca{ip: 192.168.5.143, host: pr-hdds-1786-trunk-klbfp-3319181915, networkLocation: /default-rack, certSerialId: null}92412348-7352-40be-aea2-771c347789e7{ip: 192.168.5.143, host: pr-hdds-1786-trunk-klbfp-3319181915, networkLocation: /default-rack, certSerialId: null}76c4c990-655f-4900-b966-affd0bc7639c{ip: 192.168.5.143, host: pr-hdds-1786-trunk-klbfp-3319181915, networkLocation: /default-rack, certSerialId: null}, Type:RATIS, Factor:THREE, State:CLOSED]
2019-09-11 07:08:50,113 [76c4c990-655f-4900-b966-affd0bc7639c@group-EB8FE927FD11-SegmentedRaftLogWorker] WARN  segmented.SegmentedRaftLogWorker (SegmentedRaftLogWorker.java:getFromFuture(90)) - Timeout 13/~
org.apache.ratis.protocol.TimeoutIOException: Timeout 10s: WriteLog:12: (t:1, i:12), STATEMACHINELOGENTRY, client-1C7BFCFF6CD9, cid=22-writeStateMachineData
	at org.apache.ratis.util.IOUtils.getFromFuture(IOUtils.java:87)
	at org.apache.ratis.server.raftlog.segmented.SegmentedRaftLogWorker$StateMachineDataPolicy.getFromFuture(SegmentedRaftLogWorker.java:87)
	at org.apache.ratis.server.raftlog.segmented.SegmentedRaftLogWorker$WriteLog.execute(SegmentedRaftLogWorker.java:477)
	at org.apache.ratis.server.raftlog.segmented.SegmentedRaftLogWorker.run(SegmentedRaftLogWorker.java:289)
	at java.lang.Thread.run(Thread.java:748)
Caused by: java.util.concurrent.TimeoutException
	at java.util.concurrent.CompletableFuture.timedGet(CompletableFuture.java:1771)
	at java.util.concurrent.CompletableFuture.get(CompletableFuture.java:1915)
	at org.apache.ratis.util.IOUtils.getFromFuture(IOUtils.java:79)
	... 4 more
2019-09-11 07:08:50,124 [92412348-7352-40be-aea2-771c347789e7@group-EB8FE927FD11-SegmentedRaftLogWorker] WARN  segmented.SegmentedRaftLogWorker (SegmentedRaftLogWorker.java:getFromFuture(90)) - Timeout 13/~
org.apache.ratis.protocol.TimeoutIOException: Timeout 10s: WriteLog:12: (t:1, i:12), STATEMACHINELOGENTRY, client-1C7BFCFF6CD9, cid=22-writeStateMachineData
	at org.apache.ratis.util.IOUtils.getFromFuture(IOUtils.java:87)
	at org.apache.ratis.server.raftlog.segmented.SegmentedRaftLogWorker$StateMachineDataPolicy.getFromFuture(SegmentedRaftLogWorker.java:87)
	at org.apache.ratis.server.raftlog.segmented.SegmentedRaftLogWorker$WriteLog.execute(SegmentedRaftLogWorker.java:477)
	at org.apache.ratis.server.raftlog.segmented.SegmentedRaftLogWorker.run(SegmentedRaftLogWorker.java:289)
	at java.lang.Thread.run(Thread.java:748)
Caused by: java.util.concurrent.TimeoutException
	at java.util.concurrent.CompletableFuture.timedGet(CompletableFuture.java:1771)
	at java.util.concurrent.CompletableFuture.get(CompletableFuture.java:1915)
	at org.apache.ratis.util.IOUtils.getFromFuture(IOUtils.java:79)
	... 4 more
2019-09-11 07:08:50,126 [cfc25efc-54ed-4d3e-b2b6-13ccffc6d6ca@group-EB8FE927FD11-SegmentedRaftLogWorker] WARN  segmented.SegmentedRaftLogWorker (SegmentedRaftLogWorker.java:getFromFuture(90)) - Timeout 13/~
org.apache.ratis.protocol.TimeoutIOException: Timeout 10s: WriteLog:12: (t:1, i:12), STATEMACHINELOGENTRY, client-1C7BFCFF6CD9, cid=22-writeStateMachineData
	at org.apache.ratis.util.IOUtils.getFromFuture(IOUtils.java:87)
	at org.apache.ratis.server.raftlog.segmented.SegmentedRaftLogWorker$StateMachineDataPolicy.getFromFuture(SegmentedRaftLogWorker.java:87)
	at org.apache.ratis.server.raftlog.segmented.SegmentedRaftLogWorker$WriteLog.execute(SegmentedRaftLogWorker.java:477)
	at org.apache.ratis.server.raftlog.segmented.SegmentedRaftLogWorker.run(SegmentedRaftLogWorker.java:289)
	at java.lang.Thread.run(Thread.java:748)
Caused by: java.util.concurrent.TimeoutException
	at java.util.concurrent.CompletableFuture.timedGet(CompletableFuture.java:1771)
	at java.util.concurrent.CompletableFuture.get(CompletableFuture.java:1915)
	at org.apache.ratis.util.IOUtils.getFromFuture(IOUtils.java:79)
	... 4 more
2019-09-11 07:08:50,654 [org.apache.ratis.server.impl.LogAppender$AppenderDaemon$$Lambda$492/690755232@4b34ffa3] ERROR ratis.XceiverServerRatis (XceiverServerRatis.java:triggerPipelineClose(575)) - pipeline Action CLOSE  on pipeline PipelineID=5804794a-73b5-487d-9840-eb8fe927fd11.Reason : 92412348-7352-40be-aea2-771c347789e7 has not seen follower/s 76c4c990-655f-4900-b966-affd0bc7639c for 141111ms cfc25efc-54ed-4d3e-b2b6-13ccffc6d6ca for 141111ms
2019-09-11 07:08:50,654 [org.apache.ratis.server.impl.LogAppender$AppenderDaemon$$Lambda$492/690755232@3fd57027] ERROR ratis.XceiverServerRatis (XceiverServerRatis.java:triggerPipelineClose(575)) - pipeline Action CLOSE  on pipeline PipelineID=5804794a-73b5-487d-9840-eb8fe927fd11.Reason : 92412348-7352-40be-aea2-771c347789e7 has not seen follower/s 76c4c990-655f-4900-b966-affd0bc7639c for 141111ms cfc25efc-54ed-4d3e-b2b6-13ccffc6d6ca for 141111ms
2019-09-11 07:08:51,142 [EventQueue-PipelineActionsForPipelineActionHandler] ERROR pipeline.PipelineActionHandler (PipelineActionHandler.java:onMessage(60)) - Received pipeline action CLOSE for Pipeline[ Id: 5804794a-73b5-487d-9840-eb8fe927fd11, Nodes: cfc25efc-54ed-4d3e-b2b6-13ccffc6d6ca{ip: 192.168.5.143, host: pr-hdds-1786-trunk-klbfp-3319181915, networkLocation: /default-rack, certSerialId: null}92412348-7352-40be-aea2-771c347789e7{ip: 192.168.5.143, host: pr-hdds-1786-trunk-klbfp-3319181915, networkLocation: /default-rack, certSerialId: null}76c4c990-655f-4900-b966-affd0bc7639c{ip: 192.168.5.143, host: pr-hdds-1786-trunk-klbfp-3319181915, networkLocation: /default-rack, certSerialId: null}, Type:RATIS, Factor:THREE, State:CLOSED] from datanode 92412348-7352-40be-aea2-771c347789e7{ip: 192.168.5.143, host: pr-hdds-1786-trunk-klbfp-3319181915, networkLocation: /default-rack, certSerialId: null}. Reason : 92412348-7352-40be-aea2-771c347789e7 has not seen follower/s 76c4c990-655f-4900-b966-affd0bc7639c for 141111ms cfc25efc-54ed-4d3e-b2b6-13ccffc6d6ca for 141111ms
2019-09-11 07:08:51,143 [EventQueue-PipelineActionsForPipelineActionHandler] INFO  pipeline.SCMPipelineManager (SCMPipelineManager.java:finalizeAndDestroyPipeline(311)) - destroying pipeline:Pipeline[ Id: 5804794a-73b5-487d-9840-eb8fe927fd11, Nodes: cfc25efc-54ed-4d3e-b2b6-13ccffc6d6ca{ip: 192.168.5.143, host: pr-hdds-1786-trunk-klbfp-3319181915, networkLocation: /default-rack, certSerialId: null}92412348-7352-40be-aea2-771c347789e7{ip: 192.168.5.143, host: pr-hdds-1786-trunk-klbfp-3319181915, networkLocation: /default-rack, certSerialId: null}76c4c990-655f-4900-b966-affd0bc7639c{ip: 192.168.5.143, host: pr-hdds-1786-trunk-klbfp-3319181915, networkLocation: /default-rack, certSerialId: null}, Type:RATIS, Factor:THREE, State:CLOSED]
2019-09-11 07:08:51,153 [java.util.concurrent.ThreadPoolExecutor$Worker@69d338f1[State = -1, empty queue]] WARN  server.GrpcLogAppender (GrpcLogAppender.java:timeoutAppendRequest(200)) - 92412348-7352-40be-aea2-771c347789e7@group-EB8FE927FD11->cfc25efc-54ed-4d3e-b2b6-13ccffc6d6ca-GrpcLogAppender: appendEntries Timeout, request=92412348-7352-40be-aea2-771c347789e7->cfc25efc-54ed-4d3e-b2b6-13ccffc6d6ca#70-t1, previous=(t:1, i:14), leaderCommit=10, initializing? false, entries: <empty>
2019-09-11 07:08:51,153 [java.util.concurrent.ThreadPoolExecutor$Worker@7b7c3362[State = -1, empty queue]] WARN  server.GrpcLogAppender (GrpcLogAppender.java:timeoutAppendRequest(200)) - 92412348-7352-40be-aea2-771c347789e7@group-EB8FE927FD11->76c4c990-655f-4900-b966-affd0bc7639c-GrpcLogAppender: appendEntries Timeout, request=92412348-7352-40be-aea2-771c347789e7->76c4c990-655f-4900-b966-affd0bc7639c#70-t1, previous=(t:1, i:14), leaderCommit=10, initializing? false, entries: <empty>
2019-09-11 07:08:51,632 [grpc-default-executor-4] INFO  client.GrpcClientProtocolClient (GrpcClientProtocolClient.java:onNext(264)) - client-1C7BFCFF6CD9->76c4c990-655f-4900-b966-affd0bc7639c: receive RaftClientReply:client-1C7BFCFF6CD9->76c4c990-655f-4900-b966-affd0bc7639c@group-EB8FE927FD11, cid=21, FAILED org.apache.ratis.protocol.NotLeaderException: Server 76c4c990-655f-4900-b966-affd0bc7639c@group-EB8FE927FD11 is not the leader 92412348-7352-40be-aea2-771c347789e7:192.168.5.143:37352, logIndex=0, commits[76c4c990-655f-4900-b966-affd0bc7639c:c10, cfc25efc-54ed-4d3e-b2b6-13ccffc6d6ca:c6, 92412348-7352-40be-aea2-771c347789e7:c10]
2019-09-11 07:08:53,155 [org.apache.ratis.server.impl.LogAppender$AppenderDaemon$$Lambda$492/690755232@4b34ffa3] ERROR ratis.XceiverServerRatis (XceiverServerRatis.java:triggerPipelineClose(575)) - pipeline Action CLOSE  on pipeline PipelineID=5804794a-73b5-487d-9840-eb8fe927fd11.Reason : 92412348-7352-40be-aea2-771c347789e7 has not seen follower/s 76c4c990-655f-4900-b966-affd0bc7639c for 143612ms cfc25efc-54ed-4d3e-b2b6-13ccffc6d6ca for 143612ms
2019-09-11 07:08:53,155 [org.apache.ratis.server.impl.LogAppender$AppenderDaemon$$Lambda$492/690755232@3fd57027] ERROR ratis.XceiverServerRatis (XceiverServerRatis.java:triggerPipelineClose(575)) - pipeline Action CLOSE  on pipeline PipelineID=5804794a-73b5-487d-9840-eb8fe927fd11.Reason : 92412348-7352-40be-aea2-771c347789e7 has not seen follower/s 76c4c990-655f-4900-b966-affd0bc7639c for 143612ms cfc25efc-54ed-4d3e-b2b6-13ccffc6d6ca for 143612ms
2019-09-11 07:08:53,654 [java.util.concurrent.ThreadPoolExecutor$Worker@7b7c3362[State = -1, empty queue]] WARN  server.GrpcLogAppender (GrpcLogAppender.java:timeoutAppendRequest(200)) - 92412348-7352-40be-aea2-771c347789e7@group-EB8FE927FD11->76c4c990-655f-4900-b966-affd0bc7639c-GrpcLogAppender: appendEntries Timeout, request=92412348-7352-40be-aea2-771c347789e7->76c4c990-655f-4900-b966-affd0bc7639c#71-t1, previous=(t:1, i:14), leaderCommit=10, initializing? false, entries: <empty>
2019-09-11 07:08:53,654 [java.util.concurrent.ThreadPoolExecutor$Worker@69d338f1[State = -1, empty queue]] WARN  server.GrpcLogAppender (GrpcLogAppender.java:timeoutAppendRequest(200)) - 92412348-7352-40be-aea2-771c347789e7@group-EB8FE927FD11->cfc25efc-54ed-4d3e-b2b6-13ccffc6d6ca-GrpcLogAppender: appendEntries Timeout, request=92412348-7352-40be-aea2-771c347789e7->cfc25efc-54ed-4d3e-b2b6-13ccffc6d6ca#71-t1, previous=(t:1, i:14), leaderCommit=10, initializing? false, entries: <empty>
2019-09-11 07:08:54,142 [EventQueue-PipelineActionsForPipelineActionHandler] ERROR pipeline.PipelineActionHandler (PipelineActionHandler.java:onMessage(60)) - Received pipeline action CLOSE for Pipeline[ Id: 5804794a-73b5-487d-9840-eb8fe927fd11, Nodes: cfc25efc-54ed-4d3e-b2b6-13ccffc6d6ca{ip: 192.168.5.143, host: pr-hdds-1786-trunk-klbfp-3319181915, networkLocation: /default-rack, certSerialId: null}92412348-7352-40be-aea2-771c347789e7{ip: 192.168.5.143, host: pr-hdds-1786-trunk-klbfp-3319181915, networkLocation: /default-rack, certSerialId: null}76c4c990-655f-4900-b966-affd0bc7639c{ip: 192.168.5.143, host: pr-hdds-1786-trunk-klbfp-3319181915, networkLocation: /default-rack, certSerialId: null}, Type:RATIS, Factor:THREE, State:CLOSED] from datanode 92412348-7352-40be-aea2-771c347789e7{ip: 192.168.5.143, host: pr-hdds-1786-trunk-klbfp-3319181915, networkLocation: /default-rack, certSerialId: null}. Reason : 92412348-7352-40be-aea2-771c347789e7 has not seen follower/s 76c4c990-655f-4900-b966-affd0bc7639c for 143612ms cfc25efc-54ed-4d3e-b2b6-13ccffc6d6ca for 143612ms
2019-09-11 07:08:54,142 [EventQueue-PipelineActionsForPipelineActionHandler] INFO  pipeline.SCMPipelineManager (SCMPipelineManager.java:finalizeAndDestroyPipeline(311)) - destroying pipeline:Pipeline[ Id: 5804794a-73b5-487d-9840-eb8fe927fd11, Nodes: cfc25efc-54ed-4d3e-b2b6-13ccffc6d6ca{ip: 192.168.5.143, host: pr-hdds-1786-trunk-klbfp-3319181915, networkLocation: /default-rack, certSerialId: null}92412348-7352-40be-aea2-771c347789e7{ip: 192.168.5.143, host: pr-hdds-1786-trunk-klbfp-3319181915, networkLocation: /default-rack, certSerialId: null}76c4c990-655f-4900-b966-affd0bc7639c{ip: 192.168.5.143, host: pr-hdds-1786-trunk-klbfp-3319181915, networkLocation: /default-rack, certSerialId: null}, Type:RATIS, Factor:THREE, State:CLOSED]
2019-09-11 07:08:55,657 [org.apache.ratis.server.impl.LogAppender$AppenderDaemon$$Lambda$492/690755232@3fd57027] ERROR ratis.XceiverServerRatis (XceiverServerRatis.java:triggerPipelineClose(575)) - pipeline Action CLOSE  on pipeline PipelineID=5804794a-73b5-487d-9840-eb8fe927fd11.Reason : 92412348-7352-40be-aea2-771c347789e7 has not seen follower/s 76c4c990-655f-4900-b966-affd0bc7639c for 146113ms cfc25efc-54ed-4d3e-b2b6-13ccffc6d6ca for 146114ms
2019-09-11 07:08:55,657 [org.apache.ratis.server.impl.LogAppender$AppenderDaemon$$Lambda$492/690755232@4b34ffa3] ERROR ratis.XceiverServerRatis (XceiverServerRatis.java:triggerPipelineClose(575)) - pipeline Action CLOSE  on pipeline PipelineID=5804794a-73b5-487d-9840-eb8fe927fd11.Reason : 92412348-7352-40be-aea2-771c347789e7 has not seen follower/s 76c4c990-655f-4900-b966-affd0bc7639c for 146113ms cfc25efc-54ed-4d3e-b2b6-13ccffc6d6ca for 146114ms
2019-09-11 07:08:56,143 [EventQueue-PipelineActionsForPipelineActionHandler] ERROR pipeline.PipelineActionHandler (PipelineActionHandler.java:onMessage(60)) - Received pipeline action CLOSE for Pipeline[ Id: 5804794a-73b5-487d-9840-eb8fe927fd11, Nodes: cfc25efc-54ed-4d3e-b2b6-13ccffc6d6ca{ip: 192.168.5.143, host: pr-hdds-1786-trunk-klbfp-3319181915, networkLocation: /default-rack, certSerialId: null}92412348-7352-40be-aea2-771c347789e7{ip: 192.168.5.143, host: pr-hdds-1786-trunk-klbfp-3319181915, networkLocation: /default-rack, certSerialId: null}76c4c990-655f-4900-b966-affd0bc7639c{ip: 192.168.5.143, host: pr-hdds-1786-trunk-klbfp-3319181915, networkLocation: /default-rack, certSerialId: null}, Type:RATIS, Factor:THREE, State:CLOSED] from datanode 92412348-7352-40be-aea2-771c347789e7{ip: 192.168.5.143, host: pr-hdds-1786-trunk-klbfp-3319181915, networkLocation: /default-rack, certSerialId: null}. Reason : 92412348-7352-40be-aea2-771c347789e7 has not seen follower/s 76c4c990-655f-4900-b966-affd0bc7639c for 146113ms cfc25efc-54ed-4d3e-b2b6-13ccffc6d6ca for 146114ms
2019-09-11 07:08:56,143 [EventQueue-PipelineActionsForPipelineActionHandler] INFO  pipeline.SCMPipelineManager (SCMPipelineManager.java:finalizeAndDestroyPipeline(311)) - destroying pipeline:Pipeline[ Id: 5804794a-73b5-487d-9840-eb8fe927fd11, Nodes: cfc25efc-54ed-4d3e-b2b6-13ccffc6d6ca{ip: 192.168.5.143, host: pr-hdds-1786-trunk-klbfp-3319181915, networkLocation: /default-rack, certSerialId: null}92412348-7352-40be-aea2-771c347789e7{ip: 192.168.5.143, host: pr-hdds-1786-trunk-klbfp-3319181915, networkLocation: /default-rack, certSerialId: null}76c4c990-655f-4900-b966-affd0bc7639c{ip: 192.168.5.143, host: pr-hdds-1786-trunk-klbfp-3319181915, networkLocation: /default-rack, certSerialId: null}, Type:RATIS, Factor:THREE, State:CLOSED]
2019-09-11 07:08:56,155 [java.util.concurrent.ThreadPoolExecutor$Worker@7b7c3362[State = -1, empty queue]] WARN  server.GrpcLogAppender (GrpcLogAppender.java:timeoutAppendRequest(200)) - 92412348-7352-40be-aea2-771c347789e7@group-EB8FE927FD11->76c4c990-655f-4900-b966-affd0bc7639c-GrpcLogAppender: appendEntries Timeout, request=92412348-7352-40be-aea2-771c347789e7->76c4c990-655f-4900-b966-affd0bc7639c#72-t1, previous=(t:1, i:14), leaderCommit=10, initializing? false, entries: <empty>
2019-09-11 07:08:56,155 [java.util.concurrent.ThreadPoolExecutor$Worker@69d338f1[State = -1, empty queue]] WARN  server.GrpcLogAppender (GrpcLogAppender.java:timeoutAppendRequest(200)) - 92412348-7352-40be-aea2-771c347789e7@group-EB8FE927FD11->cfc25efc-54ed-4d3e-b2b6-13ccffc6d6ca-GrpcLogAppender: appendEntries Timeout, request=92412348-7352-40be-aea2-771c347789e7->cfc25efc-54ed-4d3e-b2b6-13ccffc6d6ca#72-t1, previous=(t:1, i:14), leaderCommit=10, initializing? false, entries: <empty>
2019-09-11 07:08:56,729 [grpc-default-executor-1] INFO  client.GrpcClientProtocolClient (GrpcClientProtocolClient.java:onNext(264)) - client-1C7BFCFF6CD9->76c4c990-655f-4900-b966-affd0bc7639c: receive RaftClientReply:client-1C7BFCFF6CD9->76c4c990-655f-4900-b966-affd0bc7639c@group-EB8FE927FD11, cid=21, FAILED org.apache.ratis.protocol.NotLeaderException: Server 76c4c990-655f-4900-b966-affd0bc7639c@group-EB8FE927FD11 is not the leader 92412348-7352-40be-aea2-771c347789e7:192.168.5.143:37352, logIndex=0, commits[76c4c990-655f-4900-b966-affd0bc7639c:c10, cfc25efc-54ed-4d3e-b2b6-13ccffc6d6ca:c6, 92412348-7352-40be-aea2-771c347789e7:c10]
2019-09-11 07:08:58,158 [org.apache.ratis.server.impl.LogAppender$AppenderDaemon$$Lambda$492/690755232@3fd57027] ERROR ratis.XceiverServerRatis (XceiverServerRatis.java:triggerPipelineClose(575)) - pipeline Action CLOSE  on pipeline PipelineID=5804794a-73b5-487d-9840-eb8fe927fd11.Reason : 92412348-7352-40be-aea2-771c347789e7 has not seen follower/s 76c4c990-655f-4900-b966-affd0bc7639c for 148615ms cfc25efc-54ed-4d3e-b2b6-13ccffc6d6ca for 148615ms
2019-09-11 07:08:58,158 [org.apache.ratis.server.impl.LogAppender$AppenderDaemon$$Lambda$492/690755232@4b34ffa3] ERROR ratis.XceiverServerRatis (XceiverServerRatis.java:triggerPipelineClose(575)) - pipeline Action CLOSE  on pipeline PipelineID=5804794a-73b5-487d-9840-eb8fe927fd11.Reason : 92412348-7352-40be-aea2-771c347789e7 has not seen follower/s 76c4c990-655f-4900-b966-affd0bc7639c for 148615ms cfc25efc-54ed-4d3e-b2b6-13ccffc6d6ca for 148615ms
2019-09-11 07:08:58,656 [java.util.concurrent.ThreadPoolExecutor$Worker@69d338f1[State = -1, empty queue]] WARN  server.GrpcLogAppender (GrpcLogAppender.java:timeoutAppendRequest(200)) - 92412348-7352-40be-aea2-771c347789e7@group-EB8FE927FD11->cfc25efc-54ed-4d3e-b2b6-13ccffc6d6ca-GrpcLogAppender: appendEntries Timeout, request=92412348-7352-40be-aea2-771c347789e7->cfc25efc-54ed-4d3e-b2b6-13ccffc6d6ca#73-t1, previous=(t:1, i:14), leaderCommit=10, initializing? false, entries: <empty>
2019-09-11 07:08:58,656 [java.util.concurrent.ThreadPoolExecutor$Worker@7b7c3362[State = -1, empty queue]] WARN  server.GrpcLogAppender (GrpcLogAppender.java:timeoutAppendRequest(200)) - 92412348-7352-40be-aea2-771c347789e7@group-EB8FE927FD11->76c4c990-655f-4900-b966-affd0bc7639c-GrpcLogAppender: appendEntries Timeout, request=92412348-7352-40be-aea2-771c347789e7->76c4c990-655f-4900-b966-affd0bc7639c#73-t1, previous=(t:1, i:14), leaderCommit=10, initializing? false, entries: <empty>
2019-09-11 07:08:59,145 [EventQueue-PipelineActionsForPipelineActionHandler] ERROR pipeline.PipelineActionHandler (PipelineActionHandler.java:onMessage(60)) - Received pipeline action CLOSE for Pipeline[ Id: 5804794a-73b5-487d-9840-eb8fe927fd11, Nodes: cfc25efc-54ed-4d3e-b2b6-13ccffc6d6ca{ip: 192.168.5.143, host: pr-hdds-1786-trunk-klbfp-3319181915, networkLocation: /default-rack, certSerialId: null}92412348-7352-40be-aea2-771c347789e7{ip: 192.168.5.143, host: pr-hdds-1786-trunk-klbfp-3319181915, networkLocation: /default-rack, certSerialId: null}76c4c990-655f-4900-b966-affd0bc7639c{ip: 192.168.5.143, host: pr-hdds-1786-trunk-klbfp-3319181915, networkLocation: /default-rack, certSerialId: null}, Type:RATIS, Factor:THREE, State:CLOSED] from datanode 92412348-7352-40be-aea2-771c347789e7{ip: 192.168.5.143, host: pr-hdds-1786-trunk-klbfp-3319181915, networkLocation: /default-rack, certSerialId: null}. Reason : 92412348-7352-40be-aea2-771c347789e7 has not seen follower/s 76c4c990-655f-4900-b966-affd0bc7639c for 148615ms cfc25efc-54ed-4d3e-b2b6-13ccffc6d6ca for 148615ms
2019-09-11 07:08:59,145 [EventQueue-PipelineActionsForPipelineActionHandler] INFO  pipeline.SCMPipelineManager (SCMPipelineManager.java:finalizeAndDestroyPipeline(311)) - destroying pipeline:Pipeline[ Id: 5804794a-73b5-487d-9840-eb8fe927fd11, Nodes: cfc25efc-54ed-4d3e-b2b6-13ccffc6d6ca{ip: 192.168.5.143, host: pr-hdds-1786-trunk-klbfp-3319181915, networkLocation: /default-rack, certSerialId: null}92412348-7352-40be-aea2-771c347789e7{ip: 192.168.5.143, host: pr-hdds-1786-trunk-klbfp-3319181915, networkLocation: /default-rack, certSerialId: null}76c4c990-655f-4900-b966-affd0bc7639c{ip: 192.168.5.143, host: pr-hdds-1786-trunk-klbfp-3319181915, networkLocation: /default-rack, certSerialId: null}, Type:RATIS, Factor:THREE, State:CLOSED]
2019-09-11 07:09:00,123 [76c4c990-655f-4900-b966-affd0bc7639c@group-EB8FE927FD11-SegmentedRaftLogWorker] WARN  segmented.SegmentedRaftLogWorker (SegmentedRaftLogWorker.java:getFromFuture(90)) - Timeout 14/~
org.apache.ratis.protocol.TimeoutIOException: Timeout 10s: WriteLog:12: (t:1, i:12), STATEMACHINELOGENTRY, client-1C7BFCFF6CD9, cid=22-writeStateMachineData
	at org.apache.ratis.util.IOUtils.getFromFuture(IOUtils.java:87)
	at org.apache.ratis.server.raftlog.segmented.SegmentedRaftLogWorker$StateMachineDataPolicy.getFromFuture(SegmentedRaftLogWorker.java:87)
	at org.apache.ratis.server.raftlog.segmented.SegmentedRaftLogWorker$WriteLog.execute(SegmentedRaftLogWorker.java:477)
	at org.apache.ratis.server.raftlog.segmented.SegmentedRaftLogWorker.run(SegmentedRaftLogWorker.java:289)
	at java.lang.Thread.run(Thread.java:748)
Caused by: java.util.concurrent.TimeoutException
	at java.util.concurrent.CompletableFuture.timedGet(CompletableFuture.java:1771)
	at java.util.concurrent.CompletableFuture.get(CompletableFuture.java:1915)
	at org.apache.ratis.util.IOUtils.getFromFuture(IOUtils.java:79)
	... 4 more
2019-09-11 07:09:00,127 [92412348-7352-40be-aea2-771c347789e7@group-EB8FE927FD11-SegmentedRaftLogWorker] WARN  segmented.SegmentedRaftLogWorker (SegmentedRaftLogWorker.java:getFromFuture(90)) - Timeout 14/~
org.apache.ratis.protocol.TimeoutIOException: Timeout 10s: WriteLog:12: (t:1, i:12), STATEMACHINELOGENTRY, client-1C7BFCFF6CD9, cid=22-writeStateMachineData
	at org.apache.ratis.util.IOUtils.getFromFuture(IOUtils.java:87)
	at org.apache.ratis.server.raftlog.segmented.SegmentedRaftLogWorker$StateMachineDataPolicy.getFromFuture(SegmentedRaftLogWorker.java:87)
	at org.apache.ratis.server.raftlog.segmented.SegmentedRaftLogWorker$WriteLog.execute(SegmentedRaftLogWorker.java:477)
	at org.apache.ratis.server.raftlog.segmented.SegmentedRaftLogWorker.run(SegmentedRaftLogWorker.java:289)
	at java.lang.Thread.run(Thread.java:748)
Caused by: java.util.concurrent.TimeoutException
	at java.util.concurrent.CompletableFuture.timedGet(CompletableFuture.java:1771)
	at java.util.concurrent.CompletableFuture.get(CompletableFuture.java:1915)
	at org.apache.ratis.util.IOUtils.getFromFuture(IOUtils.java:79)
	... 4 more
2019-09-11 07:09:00,127 [cfc25efc-54ed-4d3e-b2b6-13ccffc6d6ca@group-EB8FE927FD11-SegmentedRaftLogWorker] WARN  segmented.SegmentedRaftLogWorker (SegmentedRaftLogWorker.java:getFromFuture(90)) - Timeout 14/~
org.apache.ratis.protocol.TimeoutIOException: Timeout 10s: WriteLog:12: (t:1, i:12), STATEMACHINELOGENTRY, client-1C7BFCFF6CD9, cid=22-writeStateMachineData
	at org.apache.ratis.util.IOUtils.getFromFuture(IOUtils.java:87)
	at org.apache.ratis.server.raftlog.segmented.SegmentedRaftLogWorker$StateMachineDataPolicy.getFromFuture(SegmentedRaftLogWorker.java:87)
	at org.apache.ratis.server.raftlog.segmented.SegmentedRaftLogWorker$WriteLog.execute(SegmentedRaftLogWorker.java:477)
	at org.apache.ratis.server.raftlog.segmented.SegmentedRaftLogWorker.run(SegmentedRaftLogWorker.java:289)
	at java.lang.Thread.run(Thread.java:748)
Caused by: java.util.concurrent.TimeoutException
	at java.util.concurrent.CompletableFuture.timedGet(CompletableFuture.java:1771)
	at java.util.concurrent.CompletableFuture.get(CompletableFuture.java:1915)
	at org.apache.ratis.util.IOUtils.getFromFuture(IOUtils.java:79)
	... 4 more
2019-09-11 07:09:00,658 [org.apache.ratis.server.impl.LogAppender$AppenderDaemon$$Lambda$492/690755232@3fd57027] ERROR ratis.XceiverServerRatis (XceiverServerRatis.java:triggerPipelineClose(575)) - pipeline Action CLOSE  on pipeline PipelineID=5804794a-73b5-487d-9840-eb8fe927fd11.Reason : 92412348-7352-40be-aea2-771c347789e7 has not seen follower/s 76c4c990-655f-4900-b966-affd0bc7639c for 151115ms cfc25efc-54ed-4d3e-b2b6-13ccffc6d6ca for 151115ms
2019-09-11 07:09:00,658 [org.apache.ratis.server.impl.LogAppender$AppenderDaemon$$Lambda$492/690755232@4b34ffa3] ERROR ratis.XceiverServerRatis (XceiverServerRatis.java:triggerPipelineClose(575)) - pipeline Action CLOSE  on pipeline PipelineID=5804794a-73b5-487d-9840-eb8fe927fd11.Reason : 92412348-7352-40be-aea2-771c347789e7 has not seen follower/s 76c4c990-655f-4900-b966-affd0bc7639c for 151115ms cfc25efc-54ed-4d3e-b2b6-13ccffc6d6ca for 151115ms
2019-09-11 07:09:01,144 [EventQueue-PipelineActionsForPipelineActionHandler] ERROR pipeline.PipelineActionHandler (PipelineActionHandler.java:onMessage(60)) - Received pipeline action CLOSE for Pipeline[ Id: 5804794a-73b5-487d-9840-eb8fe927fd11, Nodes: cfc25efc-54ed-4d3e-b2b6-13ccffc6d6ca{ip: 192.168.5.143, host: pr-hdds-1786-trunk-klbfp-3319181915, networkLocation: /default-rack, certSerialId: null}92412348-7352-40be-aea2-771c347789e7{ip: 192.168.5.143, host: pr-hdds-1786-trunk-klbfp-3319181915, networkLocation: /default-rack, certSerialId: null}76c4c990-655f-4900-b966-affd0bc7639c{ip: 192.168.5.143, host: pr-hdds-1786-trunk-klbfp-3319181915, networkLocation: /default-rack, certSerialId: null}, Type:RATIS, Factor:THREE, State:CLOSED] from datanode 92412348-7352-40be-aea2-771c347789e7{ip: 192.168.5.143, host: pr-hdds-1786-trunk-klbfp-3319181915, networkLocation: /default-rack, certSerialId: null}. Reason : 92412348-7352-40be-aea2-771c347789e7 has not seen follower/s 76c4c990-655f-4900-b966-affd0bc7639c for 151115ms cfc25efc-54ed-4d3e-b2b6-13ccffc6d6ca for 151115ms
2019-09-11 07:09:01,144 [EventQueue-PipelineActionsForPipelineActionHandler] INFO  pipeline.SCMPipelineManager (SCMPipelineManager.java:finalizeAndDestroyPipeline(311)) - destroying pipeline:Pipeline[ Id: 5804794a-73b5-487d-9840-eb8fe927fd11, Nodes: cfc25efc-54ed-4d3e-b2b6-13ccffc6d6ca{ip: 192.168.5.143, host: pr-hdds-1786-trunk-klbfp-3319181915, networkLocation: /default-rack, certSerialId: null}92412348-7352-40be-aea2-771c347789e7{ip: 192.168.5.143, host: pr-hdds-1786-trunk-klbfp-3319181915, networkLocation: /default-rack, certSerialId: null}76c4c990-655f-4900-b966-affd0bc7639c{ip: 192.168.5.143, host: pr-hdds-1786-trunk-klbfp-3319181915, networkLocation: /default-rack, certSerialId: null}, Type:RATIS, Factor:THREE, State:CLOSED]
2019-09-11 07:09:01,158 [java.util.concurrent.ThreadPoolExecutor$Worker@7b7c3362[State = -1, empty queue]] WARN  server.GrpcLogAppender (GrpcLogAppender.java:timeoutAppendRequest(200)) - 92412348-7352-40be-aea2-771c347789e7@group-EB8FE927FD11->76c4c990-655f-4900-b966-affd0bc7639c-GrpcLogAppender: appendEntries Timeout, request=92412348-7352-40be-aea2-771c347789e7->76c4c990-655f-4900-b966-affd0bc7639c#74-t1, previous=(t:1, i:14), leaderCommit=10, initializing? false, entries: <empty>
2019-09-11 07:09:01,158 [java.util.concurrent.ThreadPoolExecutor$Worker@69d338f1[State = -1, empty queue]] WARN  server.GrpcLogAppender (GrpcLogAppender.java:timeoutAppendRequest(200)) - 92412348-7352-40be-aea2-771c347789e7@group-EB8FE927FD11->cfc25efc-54ed-4d3e-b2b6-13ccffc6d6ca-GrpcLogAppender: appendEntries Timeout, request=92412348-7352-40be-aea2-771c347789e7->cfc25efc-54ed-4d3e-b2b6-13ccffc6d6ca#74-t1, previous=(t:1, i:14), leaderCommit=10, initializing? false, entries: <empty>
2019-09-11 07:09:01,777 [grpc-default-executor-0] INFO  client.GrpcClientProtocolClient (GrpcClientProtocolClient.java:onNext(264)) - client-1C7BFCFF6CD9->cfc25efc-54ed-4d3e-b2b6-13ccffc6d6ca: receive RaftClientReply:client-1C7BFCFF6CD9->cfc25efc-54ed-4d3e-b2b6-13ccffc6d6ca@group-EB8FE927FD11, cid=21, FAILED org.apache.ratis.protocol.NotLeaderException: Server cfc25efc-54ed-4d3e-b2b6-13ccffc6d6ca@group-EB8FE927FD11 is not the leader 92412348-7352-40be-aea2-771c347789e7:192.168.5.143:37352, logIndex=0, commits[cfc25efc-54ed-4d3e-b2b6-13ccffc6d6ca:c10, 76c4c990-655f-4900-b966-affd0bc7639c:c6, 92412348-7352-40be-aea2-771c347789e7:c10]
2019-09-11 07:09:03,159 [org.apache.ratis.server.impl.LogAppender$AppenderDaemon$$Lambda$492/690755232@3fd57027] ERROR ratis.XceiverServerRatis (XceiverServerRatis.java:triggerPipelineClose(575)) - pipeline Action CLOSE  on pipeline PipelineID=5804794a-73b5-487d-9840-eb8fe927fd11.Reason : 92412348-7352-40be-aea2-771c347789e7 has not seen follower/s 76c4c990-655f-4900-b966-affd0bc7639c for 153616ms cfc25efc-54ed-4d3e-b2b6-13ccffc6d6ca for 153616ms
2019-09-11 07:09:03,159 [org.apache.ratis.server.impl.LogAppender$AppenderDaemon$$Lambda$492/690755232@4b34ffa3] ERROR ratis.XceiverServerRatis (XceiverServerRatis.java:triggerPipelineClose(575)) - pipeline Action CLOSE  on pipeline PipelineID=5804794a-73b5-487d-9840-eb8fe927fd11.Reason : 92412348-7352-40be-aea2-771c347789e7 has not seen follower/s 76c4c990-655f-4900-b966-affd0bc7639c for 153616ms cfc25efc-54ed-4d3e-b2b6-13ccffc6d6ca for 153616ms
2019-09-11 07:09:03,658 [java.util.concurrent.ThreadPoolExecutor$Worker@69d338f1[State = -1, empty queue]] WARN  server.GrpcLogAppender (GrpcLogAppender.java:timeoutAppendRequest(200)) - 92412348-7352-40be-aea2-771c347789e7@group-EB8FE927FD11->cfc25efc-54ed-4d3e-b2b6-13ccffc6d6ca-GrpcLogAppender: appendEntries Timeout, request=92412348-7352-40be-aea2-771c347789e7->cfc25efc-54ed-4d3e-b2b6-13ccffc6d6ca#75-t1, previous=(t:1, i:14), leaderCommit=10, initializing? false, entries: <empty>
2019-09-11 07:09:03,658 [java.util.concurrent.ThreadPoolExecutor$Worker@7b7c3362[State = -1, empty queue]] WARN  server.GrpcLogAppender (GrpcLogAppender.java:timeoutAppendRequest(200)) - 92412348-7352-40be-aea2-771c347789e7@group-EB8FE927FD11->76c4c990-655f-4900-b966-affd0bc7639c-GrpcLogAppender: appendEntries Timeout, request=92412348-7352-40be-aea2-771c347789e7->76c4c990-655f-4900-b966-affd0bc7639c#75-t1, previous=(t:1, i:14), leaderCommit=10, initializing? false, entries: <empty>
2019-09-11 07:09:04,145 [EventQueue-PipelineActionsForPipelineActionHandler] ERROR pipeline.PipelineActionHandler (PipelineActionHandler.java:onMessage(60)) - Received pipeline action CLOSE for Pipeline[ Id: 5804794a-73b5-487d-9840-eb8fe927fd11, Nodes: cfc25efc-54ed-4d3e-b2b6-13ccffc6d6ca{ip: 192.168.5.143, host: pr-hdds-1786-trunk-klbfp-3319181915, networkLocation: /default-rack, certSerialId: null}92412348-7352-40be-aea2-771c347789e7{ip: 192.168.5.143, host: pr-hdds-1786-trunk-klbfp-3319181915, networkLocation: /default-rack, certSerialId: null}76c4c990-655f-4900-b966-affd0bc7639c{ip: 192.168.5.143, host: pr-hdds-1786-trunk-klbfp-3319181915, networkLocation: /default-rack, certSerialId: null}, Type:RATIS, Factor:THREE, State:CLOSED] from datanode 92412348-7352-40be-aea2-771c347789e7{ip: 192.168.5.143, host: pr-hdds-1786-trunk-klbfp-3319181915, networkLocation: /default-rack, certSerialId: null}. Reason : 92412348-7352-40be-aea2-771c347789e7 has not seen follower/s 76c4c990-655f-4900-b966-affd0bc7639c for 153616ms cfc25efc-54ed-4d3e-b2b6-13ccffc6d6ca for 153616ms
2019-09-11 07:09:04,145 [EventQueue-PipelineActionsForPipelineActionHandler] INFO  pipeline.SCMPipelineManager (SCMPipelineManager.java:finalizeAndDestroyPipeline(311)) - destroying pipeline:Pipeline[ Id: 5804794a-73b5-487d-9840-eb8fe927fd11, Nodes: cfc25efc-54ed-4d3e-b2b6-13ccffc6d6ca{ip: 192.168.5.143, host: pr-hdds-1786-trunk-klbfp-3319181915, networkLocation: /default-rack, certSerialId: null}92412348-7352-40be-aea2-771c347789e7{ip: 192.168.5.143, host: pr-hdds-1786-trunk-klbfp-3319181915, networkLocation: /default-rack, certSerialId: null}76c4c990-655f-4900-b966-affd0bc7639c{ip: 192.168.5.143, host: pr-hdds-1786-trunk-klbfp-3319181915, networkLocation: /default-rack, certSerialId: null}, Type:RATIS, Factor:THREE, State:CLOSED]
2019-09-11 07:09:05,660 [org.apache.ratis.server.impl.LogAppender$AppenderDaemon$$Lambda$492/690755232@3fd57027] ERROR ratis.XceiverServerRatis (XceiverServerRatis.java:triggerPipelineClose(575)) - pipeline Action CLOSE  on pipeline PipelineID=5804794a-73b5-487d-9840-eb8fe927fd11.Reason : 92412348-7352-40be-aea2-771c347789e7 has not seen follower/s 76c4c990-655f-4900-b966-affd0bc7639c for 156117ms cfc25efc-54ed-4d3e-b2b6-13ccffc6d6ca for 156117ms
2019-09-11 07:09:05,660 [org.apache.ratis.server.impl.LogAppender$AppenderDaemon$$Lambda$492/690755232@4b34ffa3] ERROR ratis.XceiverServerRatis (XceiverServerRatis.java:triggerPipelineClose(575)) - pipeline Action CLOSE  on pipeline PipelineID=5804794a-73b5-487d-9840-eb8fe927fd11.Reason : 92412348-7352-40be-aea2-771c347789e7 has not seen follower/s 76c4c990-655f-4900-b966-affd0bc7639c for 156117ms cfc25efc-54ed-4d3e-b2b6-13ccffc6d6ca for 156117ms
2019-09-11 07:09:06,146 [EventQueue-PipelineActionsForPipelineActionHandler] ERROR pipeline.PipelineActionHandler (PipelineActionHandler.java:onMessage(60)) - Received pipeline action CLOSE for Pipeline[ Id: 5804794a-73b5-487d-9840-eb8fe927fd11, Nodes: cfc25efc-54ed-4d3e-b2b6-13ccffc6d6ca{ip: 192.168.5.143, host: pr-hdds-1786-trunk-klbfp-3319181915, networkLocation: /default-rack, certSerialId: null}92412348-7352-40be-aea2-771c347789e7{ip: 192.168.5.143, host: pr-hdds-1786-trunk-klbfp-3319181915, networkLocation: /default-rack, certSerialId: null}76c4c990-655f-4900-b966-affd0bc7639c{ip: 192.168.5.143, host: pr-hdds-1786-trunk-klbfp-3319181915, networkLocation: /default-rack, certSerialId: null}, Type:RATIS, Factor:THREE, State:CLOSED] from datanode 92412348-7352-40be-aea2-771c347789e7{ip: 192.168.5.143, host: pr-hdds-1786-trunk-klbfp-3319181915, networkLocation: /default-rack, certSerialId: null}. Reason : 92412348-7352-40be-aea2-771c347789e7 has not seen follower/s 76c4c990-655f-4900-b966-affd0bc7639c for 156117ms cfc25efc-54ed-4d3e-b2b6-13ccffc6d6ca for 156117ms
2019-09-11 07:09:06,147 [EventQueue-PipelineActionsForPipelineActionHandler] INFO  pipeline.SCMPipelineManager (SCMPipelineManager.java:finalizeAndDestroyPipeline(311)) - destroying pipeline:Pipeline[ Id: 5804794a-73b5-487d-9840-eb8fe927fd11, Nodes: cfc25efc-54ed-4d3e-b2b6-13ccffc6d6ca{ip: 192.168.5.143, host: pr-hdds-1786-trunk-klbfp-3319181915, networkLocation: /default-rack, certSerialId: null}92412348-7352-40be-aea2-771c347789e7{ip: 192.168.5.143, host: pr-hdds-1786-trunk-klbfp-3319181915, networkLocation: /default-rack, certSerialId: null}76c4c990-655f-4900-b966-affd0bc7639c{ip: 192.168.5.143, host: pr-hdds-1786-trunk-klbfp-3319181915, networkLocation: /default-rack, certSerialId: null}, Type:RATIS, Factor:THREE, State:CLOSED]
2019-09-11 07:09:06,159 [java.util.concurrent.ThreadPoolExecutor$Worker@69d338f1[State = -1, empty queue]] WARN  server.GrpcLogAppender (GrpcLogAppender.java:timeoutAppendRequest(200)) - 92412348-7352-40be-aea2-771c347789e7@group-EB8FE927FD11->cfc25efc-54ed-4d3e-b2b6-13ccffc6d6ca-GrpcLogAppender: appendEntries Timeout, request=92412348-7352-40be-aea2-771c347789e7->cfc25efc-54ed-4d3e-b2b6-13ccffc6d6ca#76-t1, previous=(t:1, i:14), leaderCommit=10, initializing? false, entries: <empty>
2019-09-11 07:09:06,159 [java.util.concurrent.ThreadPoolExecutor$Worker@7b7c3362[State = -1, empty queue]] WARN  server.GrpcLogAppender (GrpcLogAppender.java:timeoutAppendRequest(200)) - 92412348-7352-40be-aea2-771c347789e7@group-EB8FE927FD11->76c4c990-655f-4900-b966-affd0bc7639c-GrpcLogAppender: appendEntries Timeout, request=92412348-7352-40be-aea2-771c347789e7->76c4c990-655f-4900-b966-affd0bc7639c#76-t1, previous=(t:1, i:14), leaderCommit=10, initializing? false, entries: <empty>
2019-09-11 07:09:06,824 [grpc-default-executor-1] INFO  client.GrpcClientProtocolClient (GrpcClientProtocolClient.java:onNext(264)) - client-1C7BFCFF6CD9->76c4c990-655f-4900-b966-affd0bc7639c: receive RaftClientReply:client-1C7BFCFF6CD9->76c4c990-655f-4900-b966-affd0bc7639c@group-EB8FE927FD11, cid=21, FAILED org.apache.ratis.protocol.NotLeaderException: Server 76c4c990-655f-4900-b966-affd0bc7639c@group-EB8FE927FD11 is not the leader 92412348-7352-40be-aea2-771c347789e7:192.168.5.143:37352, logIndex=0, commits[76c4c990-655f-4900-b966-affd0bc7639c:c10, cfc25efc-54ed-4d3e-b2b6-13ccffc6d6ca:c6, 92412348-7352-40be-aea2-771c347789e7:c10]
2019-09-11 07:09:08,161 [org.apache.ratis.server.impl.LogAppender$AppenderDaemon$$Lambda$492/690755232@4b34ffa3] ERROR ratis.XceiverServerRatis (XceiverServerRatis.java:triggerPipelineClose(575)) - pipeline Action CLOSE  on pipeline PipelineID=5804794a-73b5-487d-9840-eb8fe927fd11.Reason : 92412348-7352-40be-aea2-771c347789e7 has not seen follower/s 76c4c990-655f-4900-b966-affd0bc7639c for 158618ms cfc25efc-54ed-4d3e-b2b6-13ccffc6d6ca for 158618ms
2019-09-11 07:09:08,161 [org.apache.ratis.server.impl.LogAppender$AppenderDaemon$$Lambda$492/690755232@3fd57027] ERROR ratis.XceiverServerRatis (XceiverServerRatis.java:triggerPipelineClose(575)) - pipeline Action CLOSE  on pipeline PipelineID=5804794a-73b5-487d-9840-eb8fe927fd11.Reason : 92412348-7352-40be-aea2-771c347789e7 has not seen follower/s 76c4c990-655f-4900-b966-affd0bc7639c for 158618ms cfc25efc-54ed-4d3e-b2b6-13ccffc6d6ca for 158618ms
2019-09-11 07:09:08,660 [java.util.concurrent.ThreadPoolExecutor$Worker@69d338f1[State = -1, empty queue]] WARN  server.GrpcLogAppender (GrpcLogAppender.java:timeoutAppendRequest(200)) - 92412348-7352-40be-aea2-771c347789e7@group-EB8FE927FD11->cfc25efc-54ed-4d3e-b2b6-13ccffc6d6ca-GrpcLogAppender: appendEntries Timeout, request=92412348-7352-40be-aea2-771c347789e7->cfc25efc-54ed-4d3e-b2b6-13ccffc6d6ca#77-t1, previous=(t:1, i:14), leaderCommit=10, initializing? false, entries: <empty>
2019-09-11 07:09:08,660 [java.util.concurrent.ThreadPoolExecutor$Worker@7b7c3362[State = -1, empty queue]] WARN  server.GrpcLogAppender (GrpcLogAppender.java:timeoutAppendRequest(200)) - 92412348-7352-40be-aea2-771c347789e7@group-EB8FE927FD11->76c4c990-655f-4900-b966-affd0bc7639c-GrpcLogAppender: appendEntries Timeout, request=92412348-7352-40be-aea2-771c347789e7->76c4c990-655f-4900-b966-affd0bc7639c#77-t1, previous=(t:1, i:14), leaderCommit=10, initializing? false, entries: <empty>
2019-09-11 07:09:09,146 [EventQueue-PipelineActionsForPipelineActionHandler] ERROR pipeline.PipelineActionHandler (PipelineActionHandler.java:onMessage(60)) - Received pipeline action CLOSE for Pipeline[ Id: 5804794a-73b5-487d-9840-eb8fe927fd11, Nodes: cfc25efc-54ed-4d3e-b2b6-13ccffc6d6ca{ip: 192.168.5.143, host: pr-hdds-1786-trunk-klbfp-3319181915, networkLocation: /default-rack, certSerialId: null}92412348-7352-40be-aea2-771c347789e7{ip: 192.168.5.143, host: pr-hdds-1786-trunk-klbfp-3319181915, networkLocation: /default-rack, certSerialId: null}76c4c990-655f-4900-b966-affd0bc7639c{ip: 192.168.5.143, host: pr-hdds-1786-trunk-klbfp-3319181915, networkLocation: /default-rack, certSerialId: null}, Type:RATIS, Factor:THREE, State:CLOSED] from datanode 92412348-7352-40be-aea2-771c347789e7{ip: 192.168.5.143, host: pr-hdds-1786-trunk-klbfp-3319181915, networkLocation: /default-rack, certSerialId: null}. Reason : 92412348-7352-40be-aea2-771c347789e7 has not seen follower/s 76c4c990-655f-4900-b966-affd0bc7639c for 158618ms cfc25efc-54ed-4d3e-b2b6-13ccffc6d6ca for 158618ms
2019-09-11 07:09:09,146 [EventQueue-PipelineActionsForPipelineActionHandler] INFO  pipeline.SCMPipelineManager (SCMPipelineManager.java:finalizeAndDestroyPipeline(311)) - destroying pipeline:Pipeline[ Id: 5804794a-73b5-487d-9840-eb8fe927fd11, Nodes: cfc25efc-54ed-4d3e-b2b6-13ccffc6d6ca{ip: 192.168.5.143, host: pr-hdds-1786-trunk-klbfp-3319181915, networkLocation: /default-rack, certSerialId: null}92412348-7352-40be-aea2-771c347789e7{ip: 192.168.5.143, host: pr-hdds-1786-trunk-klbfp-3319181915, networkLocation: /default-rack, certSerialId: null}76c4c990-655f-4900-b966-affd0bc7639c{ip: 192.168.5.143, host: pr-hdds-1786-trunk-klbfp-3319181915, networkLocation: /default-rack, certSerialId: null}, Type:RATIS, Factor:THREE, State:CLOSED]
2019-09-11 07:09:10,125 [76c4c990-655f-4900-b966-affd0bc7639c@group-EB8FE927FD11-SegmentedRaftLogWorker] WARN  segmented.SegmentedRaftLogWorker (SegmentedRaftLogWorker.java:getFromFuture(90)) - Timeout 15/~
org.apache.ratis.protocol.TimeoutIOException: Timeout 10s: WriteLog:12: (t:1, i:12), STATEMACHINELOGENTRY, client-1C7BFCFF6CD9, cid=22-writeStateMachineData
	at org.apache.ratis.util.IOUtils.getFromFuture(IOUtils.java:87)
	at org.apache.ratis.server.raftlog.segmented.SegmentedRaftLogWorker$StateMachineDataPolicy.getFromFuture(SegmentedRaftLogWorker.java:87)
	at org.apache.ratis.server.raftlog.segmented.SegmentedRaftLogWorker$WriteLog.execute(SegmentedRaftLogWorker.java:477)
	at org.apache.ratis.server.raftlog.segmented.SegmentedRaftLogWorker.run(SegmentedRaftLogWorker.java:289)
	at java.lang.Thread.run(Thread.java:748)
Caused by: java.util.concurrent.TimeoutException
	at java.util.concurrent.CompletableFuture.timedGet(CompletableFuture.java:1771)
	at java.util.concurrent.CompletableFuture.get(CompletableFuture.java:1915)
	at org.apache.ratis.util.IOUtils.getFromFuture(IOUtils.java:79)
	... 4 more
2019-09-11 07:09:10,128 [92412348-7352-40be-aea2-771c347789e7@group-EB8FE927FD11-SegmentedRaftLogWorker] WARN  segmented.SegmentedRaftLogWorker (SegmentedRaftLogWorker.java:getFromFuture(90)) - Timeout 15/~
org.apache.ratis.protocol.TimeoutIOException: Timeout 10s: WriteLog:12: (t:1, i:12), STATEMACHINELOGENTRY, client-1C7BFCFF6CD9, cid=22-writeStateMachineData
	at org.apache.ratis.util.IOUtils.getFromFuture(IOUtils.java:87)
	at org.apache.ratis.server.raftlog.segmented.SegmentedRaftLogWorker$StateMachineDataPolicy.getFromFuture(SegmentedRaftLogWorker.java:87)
	at org.apache.ratis.server.raftlog.segmented.SegmentedRaftLogWorker$WriteLog.execute(SegmentedRaftLogWorker.java:477)
	at org.apache.ratis.server.raftlog.segmented.SegmentedRaftLogWorker.run(SegmentedRaftLogWorker.java:289)
	at java.lang.Thread.run(Thread.java:748)
Caused by: java.util.concurrent.TimeoutException
	at java.util.concurrent.CompletableFuture.timedGet(CompletableFuture.java:1771)
	at java.util.concurrent.CompletableFuture.get(CompletableFuture.java:1915)
	at org.apache.ratis.util.IOUtils.getFromFuture(IOUtils.java:79)
	... 4 more
2019-09-11 07:09:10,128 [cfc25efc-54ed-4d3e-b2b6-13ccffc6d6ca@group-EB8FE927FD11-SegmentedRaftLogWorker] WARN  segmented.SegmentedRaftLogWorker (SegmentedRaftLogWorker.java:getFromFuture(90)) - Timeout 15/~
org.apache.ratis.protocol.TimeoutIOException: Timeout 10s: WriteLog:12: (t:1, i:12), STATEMACHINELOGENTRY, client-1C7BFCFF6CD9, cid=22-writeStateMachineData
	at org.apache.ratis.util.IOUtils.getFromFuture(IOUtils.java:87)
	at org.apache.ratis.server.raftlog.segmented.SegmentedRaftLogWorker$StateMachineDataPolicy.getFromFuture(SegmentedRaftLogWorker.java:87)
	at org.apache.ratis.server.raftlog.segmented.SegmentedRaftLogWorker$WriteLog.execute(SegmentedRaftLogWorker.java:477)
	at org.apache.ratis.server.raftlog.segmented.SegmentedRaftLogWorker.run(SegmentedRaftLogWorker.java:289)
	at java.lang.Thread.run(Thread.java:748)
Caused by: java.util.concurrent.TimeoutException
	at java.util.concurrent.CompletableFuture.timedGet(CompletableFuture.java:1771)
	at java.util.concurrent.CompletableFuture.get(CompletableFuture.java:1915)
	at org.apache.ratis.util.IOUtils.getFromFuture(IOUtils.java:79)
	... 4 more
2019-09-11 07:09:10,663 [org.apache.ratis.server.impl.LogAppender$AppenderDaemon$$Lambda$492/690755232@3fd57027] ERROR ratis.XceiverServerRatis (XceiverServerRatis.java:triggerPipelineClose(575)) - pipeline Action CLOSE  on pipeline PipelineID=5804794a-73b5-487d-9840-eb8fe927fd11.Reason : 92412348-7352-40be-aea2-771c347789e7 has not seen follower/s 76c4c990-655f-4900-b966-affd0bc7639c for 161120ms cfc25efc-54ed-4d3e-b2b6-13ccffc6d6ca for 161120ms
2019-09-11 07:09:10,663 [org.apache.ratis.server.impl.LogAppender$AppenderDaemon$$Lambda$492/690755232@4b34ffa3] ERROR ratis.XceiverServerRatis (XceiverServerRatis.java:triggerPipelineClose(575)) - pipeline Action CLOSE  on pipeline PipelineID=5804794a-73b5-487d-9840-eb8fe927fd11.Reason : 92412348-7352-40be-aea2-771c347789e7 has not seen follower/s 76c4c990-655f-4900-b966-affd0bc7639c for 161120ms cfc25efc-54ed-4d3e-b2b6-13ccffc6d6ca for 161120ms
2019-09-11 07:09:11,147 [EventQueue-PipelineActionsForPipelineActionHandler] ERROR pipeline.PipelineActionHandler (PipelineActionHandler.java:onMessage(60)) - Received pipeline action CLOSE for Pipeline[ Id: 5804794a-73b5-487d-9840-eb8fe927fd11, Nodes: cfc25efc-54ed-4d3e-b2b6-13ccffc6d6ca{ip: 192.168.5.143, host: pr-hdds-1786-trunk-klbfp-3319181915, networkLocation: /default-rack, certSerialId: null}92412348-7352-40be-aea2-771c347789e7{ip: 192.168.5.143, host: pr-hdds-1786-trunk-klbfp-3319181915, networkLocation: /default-rack, certSerialId: null}76c4c990-655f-4900-b966-affd0bc7639c{ip: 192.168.5.143, host: pr-hdds-1786-trunk-klbfp-3319181915, networkLocation: /default-rack, certSerialId: null}, Type:RATIS, Factor:THREE, State:CLOSED] from datanode 92412348-7352-40be-aea2-771c347789e7{ip: 192.168.5.143, host: pr-hdds-1786-trunk-klbfp-3319181915, networkLocation: /default-rack, certSerialId: null}. Reason : 92412348-7352-40be-aea2-771c347789e7 has not seen follower/s 76c4c990-655f-4900-b966-affd0bc7639c for 161120ms cfc25efc-54ed-4d3e-b2b6-13ccffc6d6ca for 161120ms
2019-09-11 07:09:11,148 [EventQueue-PipelineActionsForPipelineActionHandler] INFO  pipeline.SCMPipelineManager (SCMPipelineManager.java:finalizeAndDestroyPipeline(311)) - destroying pipeline:Pipeline[ Id: 5804794a-73b5-487d-9840-eb8fe927fd11, Nodes: cfc25efc-54ed-4d3e-b2b6-13ccffc6d6ca{ip: 192.168.5.143, host: pr-hdds-1786-trunk-klbfp-3319181915, networkLocation: /default-rack, certSerialId: null}92412348-7352-40be-aea2-771c347789e7{ip: 192.168.5.143, host: pr-hdds-1786-trunk-klbfp-3319181915, networkLocation: /default-rack, certSerialId: null}76c4c990-655f-4900-b966-affd0bc7639c{ip: 192.168.5.143, host: pr-hdds-1786-trunk-klbfp-3319181915, networkLocation: /default-rack, certSerialId: null}, Type:RATIS, Factor:THREE, State:CLOSED]
2019-09-11 07:09:11,161 [java.util.concurrent.ThreadPoolExecutor$Worker@7b7c3362[State = -1, empty queue]] WARN  server.GrpcLogAppender (GrpcLogAppender.java:timeoutAppendRequest(200)) - 92412348-7352-40be-aea2-771c347789e7@group-EB8FE927FD11->76c4c990-655f-4900-b966-affd0bc7639c-GrpcLogAppender: appendEntries Timeout, request=92412348-7352-40be-aea2-771c347789e7->76c4c990-655f-4900-b966-affd0bc7639c#78-t1, previous=(t:1, i:14), leaderCommit=10, initializing? false, entries: <empty>
2019-09-11 07:09:11,161 [java.util.concurrent.ThreadPoolExecutor$Worker@69d338f1[State = -1, empty queue]] WARN  server.GrpcLogAppender (GrpcLogAppender.java:timeoutAppendRequest(200)) - 92412348-7352-40be-aea2-771c347789e7@group-EB8FE927FD11->cfc25efc-54ed-4d3e-b2b6-13ccffc6d6ca-GrpcLogAppender: appendEntries Timeout, request=92412348-7352-40be-aea2-771c347789e7->cfc25efc-54ed-4d3e-b2b6-13ccffc6d6ca#78-t1, previous=(t:1, i:14), leaderCommit=10, initializing? false, entries: <empty>
2019-09-11 07:09:11,866 [grpc-default-executor-0] INFO  client.GrpcClientProtocolClient (GrpcClientProtocolClient.java:onNext(264)) - client-1C7BFCFF6CD9->cfc25efc-54ed-4d3e-b2b6-13ccffc6d6ca: receive RaftClientReply:client-1C7BFCFF6CD9->cfc25efc-54ed-4d3e-b2b6-13ccffc6d6ca@group-EB8FE927FD11, cid=21, FAILED org.apache.ratis.protocol.NotLeaderException: Server cfc25efc-54ed-4d3e-b2b6-13ccffc6d6ca@group-EB8FE927FD11 is not the leader 92412348-7352-40be-aea2-771c347789e7:192.168.5.143:37352, logIndex=0, commits[cfc25efc-54ed-4d3e-b2b6-13ccffc6d6ca:c10, 76c4c990-655f-4900-b966-affd0bc7639c:c6, 92412348-7352-40be-aea2-771c347789e7:c10]
2019-09-11 07:09:13,164 [org.apache.ratis.server.impl.LogAppender$AppenderDaemon$$Lambda$492/690755232@4b34ffa3] ERROR ratis.XceiverServerRatis (XceiverServerRatis.java:triggerPipelineClose(575)) - pipeline Action CLOSE  on pipeline PipelineID=5804794a-73b5-487d-9840-eb8fe927fd11.Reason : 92412348-7352-40be-aea2-771c347789e7 has not seen follower/s 76c4c990-655f-4900-b966-affd0bc7639c for 163621ms cfc25efc-54ed-4d3e-b2b6-13ccffc6d6ca for 163621ms
2019-09-11 07:09:13,164 [org.apache.ratis.server.impl.LogAppender$AppenderDaemon$$Lambda$492/690755232@3fd57027] ERROR ratis.XceiverServerRatis (XceiverServerRatis.java:triggerPipelineClose(575)) - pipeline Action CLOSE  on pipeline PipelineID=5804794a-73b5-487d-9840-eb8fe927fd11.Reason : 92412348-7352-40be-aea2-771c347789e7 has not seen follower/s 76c4c990-655f-4900-b966-affd0bc7639c for 163621ms cfc25efc-54ed-4d3e-b2b6-13ccffc6d6ca for 163621ms
2019-09-11 07:09:13,663 [java.util.concurrent.ThreadPoolExecutor$Worker@7b7c3362[State = -1, empty queue]] WARN  server.GrpcLogAppender (GrpcLogAppender.java:timeoutAppendRequest(200)) - 92412348-7352-40be-aea2-771c347789e7@group-EB8FE927FD11->76c4c990-655f-4900-b966-affd0bc7639c-GrpcLogAppender: appendEntries Timeout, request=92412348-7352-40be-aea2-771c347789e7->76c4c990-655f-4900-b966-affd0bc7639c#79-t1, previous=(t:1, i:14), leaderCommit=10, initializing? false, entries: <empty>
2019-09-11 07:09:13,663 [java.util.concurrent.ThreadPoolExecutor$Worker@69d338f1[State = -1, empty queue]] WARN  server.GrpcLogAppender (GrpcLogAppender.java:timeoutAppendRequest(200)) - 92412348-7352-40be-aea2-771c347789e7@group-EB8FE927FD11->cfc25efc-54ed-4d3e-b2b6-13ccffc6d6ca-GrpcLogAppender: appendEntries Timeout, request=92412348-7352-40be-aea2-771c347789e7->cfc25efc-54ed-4d3e-b2b6-13ccffc6d6ca#79-t1, previous=(t:1, i:14), leaderCommit=10, initializing? false, entries: <empty>
2019-09-11 07:09:14,146 [EventQueue-PipelineActionsForPipelineActionHandler] ERROR pipeline.PipelineActionHandler (PipelineActionHandler.java:onMessage(60)) - Received pipeline action CLOSE for Pipeline[ Id: 5804794a-73b5-487d-9840-eb8fe927fd11, Nodes: cfc25efc-54ed-4d3e-b2b6-13ccffc6d6ca{ip: 192.168.5.143, host: pr-hdds-1786-trunk-klbfp-3319181915, networkLocation: /default-rack, certSerialId: null}92412348-7352-40be-aea2-771c347789e7{ip: 192.168.5.143, host: pr-hdds-1786-trunk-klbfp-3319181915, networkLocation: /default-rack, certSerialId: null}76c4c990-655f-4900-b966-affd0bc7639c{ip: 192.168.5.143, host: pr-hdds-1786-trunk-klbfp-3319181915, networkLocation: /default-rack, certSerialId: null}, Type:RATIS, Factor:THREE, State:CLOSED] from datanode 92412348-7352-40be-aea2-771c347789e7{ip: 192.168.5.143, host: pr-hdds-1786-trunk-klbfp-3319181915, networkLocation: /default-rack, certSerialId: null}. Reason : 92412348-7352-40be-aea2-771c347789e7 has not seen follower/s 76c4c990-655f-4900-b966-affd0bc7639c for 163621ms cfc25efc-54ed-4d3e-b2b6-13ccffc6d6ca for 163621ms
2019-09-11 07:09:14,146 [EventQueue-PipelineActionsForPipelineActionHandler] INFO  pipeline.SCMPipelineManager (SCMPipelineManager.java:finalizeAndDestroyPipeline(311)) - destroying pipeline:Pipeline[ Id: 5804794a-73b5-487d-9840-eb8fe927fd11, Nodes: cfc25efc-54ed-4d3e-b2b6-13ccffc6d6ca{ip: 192.168.5.143, host: pr-hdds-1786-trunk-klbfp-3319181915, networkLocation: /default-rack, certSerialId: null}92412348-7352-40be-aea2-771c347789e7{ip: 192.168.5.143, host: pr-hdds-1786-trunk-klbfp-3319181915, networkLocation: /default-rack, certSerialId: null}76c4c990-655f-4900-b966-affd0bc7639c{ip: 192.168.5.143, host: pr-hdds-1786-trunk-klbfp-3319181915, networkLocation: /default-rack, certSerialId: null}, Type:RATIS, Factor:THREE, State:CLOSED]
2019-09-11 07:09:15,665 [org.apache.ratis.server.impl.LogAppender$AppenderDaemon$$Lambda$492/690755232@4b34ffa3] ERROR ratis.XceiverServerRatis (XceiverServerRatis.java:triggerPipelineClose(575)) - pipeline Action CLOSE  on pipeline PipelineID=5804794a-73b5-487d-9840-eb8fe927fd11.Reason : 92412348-7352-40be-aea2-771c347789e7 has not seen follower/s 76c4c990-655f-4900-b966-affd0bc7639c for 166122ms cfc25efc-54ed-4d3e-b2b6-13ccffc6d6ca for 166122ms
2019-09-11 07:09:15,665 [org.apache.ratis.server.impl.LogAppender$AppenderDaemon$$Lambda$492/690755232@3fd57027] ERROR ratis.XceiverServerRatis (XceiverServerRatis.java:triggerPipelineClose(575)) - pipeline Action CLOSE  on pipeline PipelineID=5804794a-73b5-487d-9840-eb8fe927fd11.Reason : 92412348-7352-40be-aea2-771c347789e7 has not seen follower/s 76c4c990-655f-4900-b966-affd0bc7639c for 166122ms cfc25efc-54ed-4d3e-b2b6-13ccffc6d6ca for 166122ms
2019-09-11 07:09:16,147 [EventQueue-PipelineActionsForPipelineActionHandler] ERROR pipeline.PipelineActionHandler (PipelineActionHandler.java:onMessage(60)) - Received pipeline action CLOSE for Pipeline[ Id: 5804794a-73b5-487d-9840-eb8fe927fd11, Nodes: cfc25efc-54ed-4d3e-b2b6-13ccffc6d6ca{ip: 192.168.5.143, host: pr-hdds-1786-trunk-klbfp-3319181915, networkLocation: /default-rack, certSerialId: null}92412348-7352-40be-aea2-771c347789e7{ip: 192.168.5.143, host: pr-hdds-1786-trunk-klbfp-3319181915, networkLocation: /default-rack, certSerialId: null}76c4c990-655f-4900-b966-affd0bc7639c{ip: 192.168.5.143, host: pr-hdds-1786-trunk-klbfp-3319181915, networkLocation: /default-rack, certSerialId: null}, Type:RATIS, Factor:THREE, State:CLOSED] from datanode 92412348-7352-40be-aea2-771c347789e7{ip: 192.168.5.143, host: pr-hdds-1786-trunk-klbfp-3319181915, networkLocation: /default-rack, certSerialId: null}. Reason : 92412348-7352-40be-aea2-771c347789e7 has not seen follower/s 76c4c990-655f-4900-b966-affd0bc7639c for 166122ms cfc25efc-54ed-4d3e-b2b6-13ccffc6d6ca for 166122ms
2019-09-11 07:09:16,147 [EventQueue-PipelineActionsForPipelineActionHandler] INFO  pipeline.SCMPipelineManager (SCMPipelineManager.java:finalizeAndDestroyPipeline(311)) - destroying pipeline:Pipeline[ Id: 5804794a-73b5-487d-9840-eb8fe927fd11, Nodes: cfc25efc-54ed-4d3e-b2b6-13ccffc6d6ca{ip: 192.168.5.143, host: pr-hdds-1786-trunk-klbfp-3319181915, networkLocation: /default-rack, certSerialId: null}92412348-7352-40be-aea2-771c347789e7{ip: 192.168.5.143, host: pr-hdds-1786-trunk-klbfp-3319181915, networkLocation: /default-rack, certSerialId: null}76c4c990-655f-4900-b966-affd0bc7639c{ip: 192.168.5.143, host: pr-hdds-1786-trunk-klbfp-3319181915, networkLocation: /default-rack, certSerialId: null}, Type:RATIS, Factor:THREE, State:CLOSED]
2019-09-11 07:09:16,164 [java.util.concurrent.ThreadPoolExecutor$Worker@69d338f1[State = -1, empty queue]] WARN  server.GrpcLogAppender (GrpcLogAppender.java:timeoutAppendRequest(200)) - 92412348-7352-40be-aea2-771c347789e7@group-EB8FE927FD11->cfc25efc-54ed-4d3e-b2b6-13ccffc6d6ca-GrpcLogAppender: appendEntries Timeout, request=92412348-7352-40be-aea2-771c347789e7->cfc25efc-54ed-4d3e-b2b6-13ccffc6d6ca#80-t1, previous=(t:1, i:14), leaderCommit=10, initializing? false, entries: <empty>
2019-09-11 07:09:16,164 [java.util.concurrent.ThreadPoolExecutor$Worker@7b7c3362[State = -1, empty queue]] WARN  server.GrpcLogAppender (GrpcLogAppender.java:timeoutAppendRequest(200)) - 92412348-7352-40be-aea2-771c347789e7@group-EB8FE927FD11->76c4c990-655f-4900-b966-affd0bc7639c-GrpcLogAppender: appendEntries Timeout, request=92412348-7352-40be-aea2-771c347789e7->76c4c990-655f-4900-b966-affd0bc7639c#80-t1, previous=(t:1, i:14), leaderCommit=10, initializing? false, entries: <empty>
2019-09-11 07:09:16,926 [grpc-default-executor-0] INFO  client.GrpcClientProtocolClient (GrpcClientProtocolClient.java:onNext(264)) - client-1C7BFCFF6CD9->76c4c990-655f-4900-b966-affd0bc7639c: receive RaftClientReply:client-1C7BFCFF6CD9->76c4c990-655f-4900-b966-affd0bc7639c@group-EB8FE927FD11, cid=21, FAILED org.apache.ratis.protocol.NotLeaderException: Server 76c4c990-655f-4900-b966-affd0bc7639c@group-EB8FE927FD11 is not the leader 92412348-7352-40be-aea2-771c347789e7:192.168.5.143:37352, logIndex=0, commits[76c4c990-655f-4900-b966-affd0bc7639c:c10, cfc25efc-54ed-4d3e-b2b6-13ccffc6d6ca:c6, 92412348-7352-40be-aea2-771c347789e7:c10]
2019-09-11 07:09:18,166 [org.apache.ratis.server.impl.LogAppender$AppenderDaemon$$Lambda$492/690755232@4b34ffa3] ERROR ratis.XceiverServerRatis (XceiverServerRatis.java:triggerPipelineClose(575)) - pipeline Action CLOSE  on pipeline PipelineID=5804794a-73b5-487d-9840-eb8fe927fd11.Reason : 92412348-7352-40be-aea2-771c347789e7 has not seen follower/s 76c4c990-655f-4900-b966-affd0bc7639c for 168623ms cfc25efc-54ed-4d3e-b2b6-13ccffc6d6ca for 168623ms
2019-09-11 07:09:18,166 [org.apache.ratis.server.impl.LogAppender$AppenderDaemon$$Lambda$492/690755232@3fd57027] ERROR ratis.XceiverServerRatis (XceiverServerRatis.java:triggerPipelineClose(575)) - pipeline Action CLOSE  on pipeline PipelineID=5804794a-73b5-487d-9840-eb8fe927fd11.Reason : 92412348-7352-40be-aea2-771c347789e7 has not seen follower/s 76c4c990-655f-4900-b966-affd0bc7639c for 168623ms cfc25efc-54ed-4d3e-b2b6-13ccffc6d6ca for 168623ms
2019-09-11 07:09:18,665 [java.util.concurrent.ThreadPoolExecutor$Worker@69d338f1[State = -1, empty queue]] WARN  server.GrpcLogAppender (GrpcLogAppender.java:timeoutAppendRequest(200)) - 92412348-7352-40be-aea2-771c347789e7@group-EB8FE927FD11->cfc25efc-54ed-4d3e-b2b6-13ccffc6d6ca-GrpcLogAppender: appendEntries Timeout, request=92412348-7352-40be-aea2-771c347789e7->cfc25efc-54ed-4d3e-b2b6-13ccffc6d6ca#81-t1, previous=(t:1, i:14), leaderCommit=10, initializing? false, entries: <empty>
2019-09-11 07:09:18,665 [java.util.concurrent.ThreadPoolExecutor$Worker@7b7c3362[State = -1, empty queue]] WARN  server.GrpcLogAppender (GrpcLogAppender.java:timeoutAppendRequest(200)) - 92412348-7352-40be-aea2-771c347789e7@group-EB8FE927FD11->76c4c990-655f-4900-b966-affd0bc7639c-GrpcLogAppender: appendEntries Timeout, request=92412348-7352-40be-aea2-771c347789e7->76c4c990-655f-4900-b966-affd0bc7639c#81-t1, previous=(t:1, i:14), leaderCommit=10, initializing? false, entries: <empty>
2019-09-11 07:09:19,146 [EventQueue-PipelineActionsForPipelineActionHandler] ERROR pipeline.PipelineActionHandler (PipelineActionHandler.java:onMessage(60)) - Received pipeline action CLOSE for Pipeline[ Id: 5804794a-73b5-487d-9840-eb8fe927fd11, Nodes: cfc25efc-54ed-4d3e-b2b6-13ccffc6d6ca{ip: 192.168.5.143, host: pr-hdds-1786-trunk-klbfp-3319181915, networkLocation: /default-rack, certSerialId: null}92412348-7352-40be-aea2-771c347789e7{ip: 192.168.5.143, host: pr-hdds-1786-trunk-klbfp-3319181915, networkLocation: /default-rack, certSerialId: null}76c4c990-655f-4900-b966-affd0bc7639c{ip: 192.168.5.143, host: pr-hdds-1786-trunk-klbfp-3319181915, networkLocation: /default-rack, certSerialId: null}, Type:RATIS, Factor:THREE, State:CLOSED] from datanode 92412348-7352-40be-aea2-771c347789e7{ip: 192.168.5.143, host: pr-hdds-1786-trunk-klbfp-3319181915, networkLocation: /default-rack, certSerialId: null}. Reason : 92412348-7352-40be-aea2-771c347789e7 has not seen follower/s 76c4c990-655f-4900-b966-affd0bc7639c for 168623ms cfc25efc-54ed-4d3e-b2b6-13ccffc6d6ca for 168623ms
2019-09-11 07:09:19,147 [EventQueue-PipelineActionsForPipelineActionHandler] INFO  pipeline.SCMPipelineManager (SCMPipelineManager.java:finalizeAndDestroyPipeline(311)) - destroying pipeline:Pipeline[ Id: 5804794a-73b5-487d-9840-eb8fe927fd11, Nodes: cfc25efc-54ed-4d3e-b2b6-13ccffc6d6ca{ip: 192.168.5.143, host: pr-hdds-1786-trunk-klbfp-3319181915, networkLocation: /default-rack, certSerialId: null}92412348-7352-40be-aea2-771c347789e7{ip: 192.168.5.143, host: pr-hdds-1786-trunk-klbfp-3319181915, networkLocation: /default-rack, certSerialId: null}76c4c990-655f-4900-b966-affd0bc7639c{ip: 192.168.5.143, host: pr-hdds-1786-trunk-klbfp-3319181915, networkLocation: /default-rack, certSerialId: null}, Type:RATIS, Factor:THREE, State:CLOSED]
2019-09-11 07:09:20,127 [76c4c990-655f-4900-b966-affd0bc7639c@group-EB8FE927FD11-SegmentedRaftLogWorker] WARN  segmented.SegmentedRaftLogWorker (SegmentedRaftLogWorker.java:getFromFuture(90)) - Timeout 16/~
org.apache.ratis.protocol.TimeoutIOException: Timeout 10s: WriteLog:12: (t:1, i:12), STATEMACHINELOGENTRY, client-1C7BFCFF6CD9, cid=22-writeStateMachineData
	at org.apache.ratis.util.IOUtils.getFromFuture(IOUtils.java:87)
	at org.apache.ratis.server.raftlog.segmented.SegmentedRaftLogWorker$StateMachineDataPolicy.getFromFuture(SegmentedRaftLogWorker.java:87)
	at org.apache.ratis.server.raftlog.segmented.SegmentedRaftLogWorker$WriteLog.execute(SegmentedRaftLogWorker.java:477)
	at org.apache.ratis.server.raftlog.segmented.SegmentedRaftLogWorker.run(SegmentedRaftLogWorker.java:289)
	at java.lang.Thread.run(Thread.java:748)
Caused by: java.util.concurrent.TimeoutException
	at java.util.concurrent.CompletableFuture.timedGet(CompletableFuture.java:1771)
	at java.util.concurrent.CompletableFuture.get(CompletableFuture.java:1915)
	at org.apache.ratis.util.IOUtils.getFromFuture(IOUtils.java:79)
	... 4 more
2019-09-11 07:09:20,153 [92412348-7352-40be-aea2-771c347789e7@group-EB8FE927FD11-SegmentedRaftLogWorker] WARN  segmented.SegmentedRaftLogWorker (SegmentedRaftLogWorker.java:getFromFuture(90)) - Timeout 16/~
org.apache.ratis.protocol.TimeoutIOException: Timeout 10s: WriteLog:12: (t:1, i:12), STATEMACHINELOGENTRY, client-1C7BFCFF6CD9, cid=22-writeStateMachineData
	at org.apache.ratis.util.IOUtils.getFromFuture(IOUtils.java:87)
	at org.apache.ratis.server.raftlog.segmented.SegmentedRaftLogWorker$StateMachineDataPolicy.getFromFuture(SegmentedRaftLogWorker.java:87)
	at org.apache.ratis.server.raftlog.segmented.SegmentedRaftLogWorker$WriteLog.execute(SegmentedRaftLogWorker.java:477)
	at org.apache.ratis.server.raftlog.segmented.SegmentedRaftLogWorker.run(SegmentedRaftLogWorker.java:289)
	at java.lang.Thread.run(Thread.java:748)
Caused by: java.util.concurrent.TimeoutException
	at java.util.concurrent.CompletableFuture.timedGet(CompletableFuture.java:1771)
	at java.util.concurrent.CompletableFuture.get(CompletableFuture.java:1915)
	at org.apache.ratis.util.IOUtils.getFromFuture(IOUtils.java:79)
	... 4 more
2019-09-11 07:09:20,153 [cfc25efc-54ed-4d3e-b2b6-13ccffc6d6ca@group-EB8FE927FD11-SegmentedRaftLogWorker] WARN  segmented.SegmentedRaftLogWorker (SegmentedRaftLogWorker.java:getFromFuture(90)) - Timeout 16/~
org.apache.ratis.protocol.TimeoutIOException: Timeout 10s: WriteLog:12: (t:1, i:12), STATEMACHINELOGENTRY, client-1C7BFCFF6CD9, cid=22-writeStateMachineData
	at org.apache.ratis.util.IOUtils.getFromFuture(IOUtils.java:87)
	at org.apache.ratis.server.raftlog.segmented.SegmentedRaftLogWorker$StateMachineDataPolicy.getFromFuture(SegmentedRaftLogWorker.java:87)
	at org.apache.ratis.server.raftlog.segmented.SegmentedRaftLogWorker$WriteLog.execute(SegmentedRaftLogWorker.java:477)
	at org.apache.ratis.server.raftlog.segmented.SegmentedRaftLogWorker.run(SegmentedRaftLogWorker.java:289)
	at java.lang.Thread.run(Thread.java:748)
Caused by: java.util.concurrent.TimeoutException
	at java.util.concurrent.CompletableFuture.timedGet(CompletableFuture.java:1771)
	at java.util.concurrent.CompletableFuture.get(CompletableFuture.java:1915)
	at org.apache.ratis.util.IOUtils.getFromFuture(IOUtils.java:79)
	... 4 more
2019-09-11 07:09:20,668 [org.apache.ratis.server.impl.LogAppender$AppenderDaemon$$Lambda$492/690755232@3fd57027] ERROR ratis.XceiverServerRatis (XceiverServerRatis.java:triggerPipelineClose(575)) - pipeline Action CLOSE  on pipeline PipelineID=5804794a-73b5-487d-9840-eb8fe927fd11.Reason : 92412348-7352-40be-aea2-771c347789e7 has not seen follower/s 76c4c990-655f-4900-b966-affd0bc7639c for 171124ms cfc25efc-54ed-4d3e-b2b6-13ccffc6d6ca for 171124ms
2019-09-11 07:09:20,668 [org.apache.ratis.server.impl.LogAppender$AppenderDaemon$$Lambda$492/690755232@4b34ffa3] ERROR ratis.XceiverServerRatis (XceiverServerRatis.java:triggerPipelineClose(575)) - pipeline Action CLOSE  on pipeline PipelineID=5804794a-73b5-487d-9840-eb8fe927fd11.Reason : 92412348-7352-40be-aea2-771c347789e7 has not seen follower/s 76c4c990-655f-4900-b966-affd0bc7639c for 171124ms cfc25efc-54ed-4d3e-b2b6-13ccffc6d6ca for 171124ms
2019-09-11 07:09:21,148 [EventQueue-PipelineActionsForPipelineActionHandler] ERROR pipeline.PipelineActionHandler (PipelineActionHandler.java:onMessage(60)) - Received pipeline action CLOSE for Pipeline[ Id: 5804794a-73b5-487d-9840-eb8fe927fd11, Nodes: cfc25efc-54ed-4d3e-b2b6-13ccffc6d6ca{ip: 192.168.5.143, host: pr-hdds-1786-trunk-klbfp-3319181915, networkLocation: /default-rack, certSerialId: null}92412348-7352-40be-aea2-771c347789e7{ip: 192.168.5.143, host: pr-hdds-1786-trunk-klbfp-3319181915, networkLocation: /default-rack, certSerialId: null}76c4c990-655f-4900-b966-affd0bc7639c{ip: 192.168.5.143, host: pr-hdds-1786-trunk-klbfp-3319181915, networkLocation: /default-rack, certSerialId: null}, Type:RATIS, Factor:THREE, State:CLOSED] from datanode 92412348-7352-40be-aea2-771c347789e7{ip: 192.168.5.143, host: pr-hdds-1786-trunk-klbfp-3319181915, networkLocation: /default-rack, certSerialId: null}. Reason : 92412348-7352-40be-aea2-771c347789e7 has not seen follower/s 76c4c990-655f-4900-b966-affd0bc7639c for 171124ms cfc25efc-54ed-4d3e-b2b6-13ccffc6d6ca for 171124ms
2019-09-11 07:09:21,148 [EventQueue-PipelineActionsForPipelineActionHandler] INFO  pipeline.SCMPipelineManager (SCMPipelineManager.java:finalizeAndDestroyPipeline(311)) - destroying pipeline:Pipeline[ Id: 5804794a-73b5-487d-9840-eb8fe927fd11, Nodes: cfc25efc-54ed-4d3e-b2b6-13ccffc6d6ca{ip: 192.168.5.143, host: pr-hdds-1786-trunk-klbfp-3319181915, networkLocation: /default-rack, certSerialId: null}92412348-7352-40be-aea2-771c347789e7{ip: 192.168.5.143, host: pr-hdds-1786-trunk-klbfp-3319181915, networkLocation: /default-rack, certSerialId: null}76c4c990-655f-4900-b966-affd0bc7639c{ip: 192.168.5.143, host: pr-hdds-1786-trunk-klbfp-3319181915, networkLocation: /default-rack, certSerialId: null}, Type:RATIS, Factor:THREE, State:CLOSED]
2019-09-11 07:09:21,166 [java.util.concurrent.ThreadPoolExecutor$Worker@7b7c3362[State = -1, empty queue]] WARN  server.GrpcLogAppender (GrpcLogAppender.java:timeoutAppendRequest(200)) - 92412348-7352-40be-aea2-771c347789e7@group-EB8FE927FD11->76c4c990-655f-4900-b966-affd0bc7639c-GrpcLogAppender: appendEntries Timeout, request=92412348-7352-40be-aea2-771c347789e7->76c4c990-655f-4900-b966-affd0bc7639c#82-t1, previous=(t:1, i:14), leaderCommit=10, initializing? false, entries: <empty>
2019-09-11 07:09:21,166 [java.util.concurrent.ThreadPoolExecutor$Worker@69d338f1[State = -1, empty queue]] WARN  server.GrpcLogAppender (GrpcLogAppender.java:timeoutAppendRequest(200)) - 92412348-7352-40be-aea2-771c347789e7@group-EB8FE927FD11->cfc25efc-54ed-4d3e-b2b6-13ccffc6d6ca-GrpcLogAppender: appendEntries Timeout, request=92412348-7352-40be-aea2-771c347789e7->cfc25efc-54ed-4d3e-b2b6-13ccffc6d6ca#82-t1, previous=(t:1, i:14), leaderCommit=10, initializing? false, entries: <empty>
2019-09-11 07:09:21,993 [grpc-default-executor-1] INFO  client.GrpcClientProtocolClient (GrpcClientProtocolClient.java:onNext(264)) - client-1C7BFCFF6CD9->76c4c990-655f-4900-b966-affd0bc7639c: receive RaftClientReply:client-1C7BFCFF6CD9->76c4c990-655f-4900-b966-affd0bc7639c@group-EB8FE927FD11, cid=21, FAILED org.apache.ratis.protocol.NotLeaderException: Server 76c4c990-655f-4900-b966-affd0bc7639c@group-EB8FE927FD11 is not the leader 92412348-7352-40be-aea2-771c347789e7:192.168.5.143:37352, logIndex=0, commits[76c4c990-655f-4900-b966-affd0bc7639c:c10, cfc25efc-54ed-4d3e-b2b6-13ccffc6d6ca:c6, 92412348-7352-40be-aea2-771c347789e7:c10]
2019-09-11 07:09:23,168 [org.apache.ratis.server.impl.LogAppender$AppenderDaemon$$Lambda$492/690755232@3fd57027] ERROR ratis.XceiverServerRatis (XceiverServerRatis.java:triggerPipelineClose(575)) - pipeline Action CLOSE  on pipeline PipelineID=5804794a-73b5-487d-9840-eb8fe927fd11.Reason : 92412348-7352-40be-aea2-771c347789e7 has not seen follower/s 76c4c990-655f-4900-b966-affd0bc7639c for 173625ms cfc25efc-54ed-4d3e-b2b6-13ccffc6d6ca for 173625ms
2019-09-11 07:09:23,168 [org.apache.ratis.server.impl.LogAppender$AppenderDaemon$$Lambda$492/690755232@4b34ffa3] ERROR ratis.XceiverServerRatis (XceiverServerRatis.java:triggerPipelineClose(575)) - pipeline Action CLOSE  on pipeline PipelineID=5804794a-73b5-487d-9840-eb8fe927fd11.Reason : 92412348-7352-40be-aea2-771c347789e7 has not seen follower/s 76c4c990-655f-4900-b966-affd0bc7639c for 173625ms cfc25efc-54ed-4d3e-b2b6-13ccffc6d6ca for 173625ms
2019-09-11 07:09:23,667 [java.util.concurrent.ThreadPoolExecutor$Worker@69d338f1[State = -1, empty queue]] WARN  server.GrpcLogAppender (GrpcLogAppender.java:timeoutAppendRequest(200)) - 92412348-7352-40be-aea2-771c347789e7@group-EB8FE927FD11->cfc25efc-54ed-4d3e-b2b6-13ccffc6d6ca-GrpcLogAppender: appendEntries Timeout, request=92412348-7352-40be-aea2-771c347789e7->cfc25efc-54ed-4d3e-b2b6-13ccffc6d6ca#83-t1, previous=(t:1, i:14), leaderCommit=10, initializing? false, entries: <empty>
2019-09-11 07:09:23,667 [java.util.concurrent.ThreadPoolExecutor$Worker@7b7c3362[State = -1, empty queue]] WARN  server.GrpcLogAppender (GrpcLogAppender.java:timeoutAppendRequest(200)) - 92412348-7352-40be-aea2-771c347789e7@group-EB8FE927FD11->76c4c990-655f-4900-b966-affd0bc7639c-GrpcLogAppender: appendEntries Timeout, request=92412348-7352-40be-aea2-771c347789e7->76c4c990-655f-4900-b966-affd0bc7639c#83-t1, previous=(t:1, i:14), leaderCommit=10, initializing? false, entries: <empty>
2019-09-11 07:09:24,148 [EventQueue-PipelineActionsForPipelineActionHandler] ERROR pipeline.PipelineActionHandler (PipelineActionHandler.java:onMessage(60)) - Received pipeline action CLOSE for Pipeline[ Id: 5804794a-73b5-487d-9840-eb8fe927fd11, Nodes: cfc25efc-54ed-4d3e-b2b6-13ccffc6d6ca{ip: 192.168.5.143, host: pr-hdds-1786-trunk-klbfp-3319181915, networkLocation: /default-rack, certSerialId: null}92412348-7352-40be-aea2-771c347789e7{ip: 192.168.5.143, host: pr-hdds-1786-trunk-klbfp-3319181915, networkLocation: /default-rack, certSerialId: null}76c4c990-655f-4900-b966-affd0bc7639c{ip: 192.168.5.143, host: pr-hdds-1786-trunk-klbfp-3319181915, networkLocation: /default-rack, certSerialId: null}, Type:RATIS, Factor:THREE, State:CLOSED] from datanode 92412348-7352-40be-aea2-771c347789e7{ip: 192.168.5.143, host: pr-hdds-1786-trunk-klbfp-3319181915, networkLocation: /default-rack, certSerialId: null}. Reason : 92412348-7352-40be-aea2-771c347789e7 has not seen follower/s 76c4c990-655f-4900-b966-affd0bc7639c for 173625ms cfc25efc-54ed-4d3e-b2b6-13ccffc6d6ca for 173625ms
2019-09-11 07:09:24,148 [EventQueue-PipelineActionsForPipelineActionHandler] INFO  pipeline.SCMPipelineManager (SCMPipelineManager.java:finalizeAndDestroyPipeline(311)) - destroying pipeline:Pipeline[ Id: 5804794a-73b5-487d-9840-eb8fe927fd11, Nodes: cfc25efc-54ed-4d3e-b2b6-13ccffc6d6ca{ip: 192.168.5.143, host: pr-hdds-1786-trunk-klbfp-3319181915, networkLocation: /default-rack, certSerialId: null}92412348-7352-40be-aea2-771c347789e7{ip: 192.168.5.143, host: pr-hdds-1786-trunk-klbfp-3319181915, networkLocation: /default-rack, certSerialId: null}76c4c990-655f-4900-b966-affd0bc7639c{ip: 192.168.5.143, host: pr-hdds-1786-trunk-klbfp-3319181915, networkLocation: /default-rack, certSerialId: null}, Type:RATIS, Factor:THREE, State:CLOSED]
2019-09-11 07:09:25,670 [org.apache.ratis.server.impl.LogAppender$AppenderDaemon$$Lambda$492/690755232@3fd57027] ERROR ratis.XceiverServerRatis (XceiverServerRatis.java:triggerPipelineClose(575)) - pipeline Action CLOSE  on pipeline PipelineID=5804794a-73b5-487d-9840-eb8fe927fd11.Reason : 92412348-7352-40be-aea2-771c347789e7 has not seen follower/s 76c4c990-655f-4900-b966-affd0bc7639c for 176127ms cfc25efc-54ed-4d3e-b2b6-13ccffc6d6ca for 176127ms
2019-09-11 07:09:25,670 [org.apache.ratis.server.impl.LogAppender$AppenderDaemon$$Lambda$492/690755232@4b34ffa3] ERROR ratis.XceiverServerRatis (XceiverServerRatis.java:triggerPipelineClose(575)) - pipeline Action CLOSE  on pipeline PipelineID=5804794a-73b5-487d-9840-eb8fe927fd11.Reason : 92412348-7352-40be-aea2-771c347789e7 has not seen follower/s 76c4c990-655f-4900-b966-affd0bc7639c for 176127ms cfc25efc-54ed-4d3e-b2b6-13ccffc6d6ca for 176127ms
2019-09-11 07:09:26,149 [EventQueue-PipelineActionsForPipelineActionHandler] ERROR pipeline.PipelineActionHandler (PipelineActionHandler.java:onMessage(60)) - Received pipeline action CLOSE for Pipeline[ Id: 5804794a-73b5-487d-9840-eb8fe927fd11, Nodes: cfc25efc-54ed-4d3e-b2b6-13ccffc6d6ca{ip: 192.168.5.143, host: pr-hdds-1786-trunk-klbfp-3319181915, networkLocation: /default-rack, certSerialId: null}92412348-7352-40be-aea2-771c347789e7{ip: 192.168.5.143, host: pr-hdds-1786-trunk-klbfp-3319181915, networkLocation: /default-rack, certSerialId: null}76c4c990-655f-4900-b966-affd0bc7639c{ip: 192.168.5.143, host: pr-hdds-1786-trunk-klbfp-3319181915, networkLocation: /default-rack, certSerialId: null}, Type:RATIS, Factor:THREE, State:CLOSED] from datanode 92412348-7352-40be-aea2-771c347789e7{ip: 192.168.5.143, host: pr-hdds-1786-trunk-klbfp-3319181915, networkLocation: /default-rack, certSerialId: null}. Reason : 92412348-7352-40be-aea2-771c347789e7 has not seen follower/s 76c4c990-655f-4900-b966-affd0bc7639c for 176127ms cfc25efc-54ed-4d3e-b2b6-13ccffc6d6ca for 176127ms
2019-09-11 07:09:26,149 [EventQueue-PipelineActionsForPipelineActionHandler] INFO  pipeline.SCMPipelineManager (SCMPipelineManager.java:finalizeAndDestroyPipeline(311)) - destroying pipeline:Pipeline[ Id: 5804794a-73b5-487d-9840-eb8fe927fd11, Nodes: cfc25efc-54ed-4d3e-b2b6-13ccffc6d6ca{ip: 192.168.5.143, host: pr-hdds-1786-trunk-klbfp-3319181915, networkLocation: /default-rack, certSerialId: null}92412348-7352-40be-aea2-771c347789e7{ip: 192.168.5.143, host: pr-hdds-1786-trunk-klbfp-3319181915, networkLocation: /default-rack, certSerialId: null}76c4c990-655f-4900-b966-affd0bc7639c{ip: 192.168.5.143, host: pr-hdds-1786-trunk-klbfp-3319181915, networkLocation: /default-rack, certSerialId: null}, Type:RATIS, Factor:THREE, State:CLOSED]
2019-09-11 07:09:26,168 [java.util.concurrent.ThreadPoolExecutor$Worker@7b7c3362[State = -1, empty queue]] WARN  server.GrpcLogAppender (GrpcLogAppender.java:timeoutAppendRequest(200)) - 92412348-7352-40be-aea2-771c347789e7@group-EB8FE927FD11->76c4c990-655f-4900-b966-affd0bc7639c-GrpcLogAppender: appendEntries Timeout, request=92412348-7352-40be-aea2-771c347789e7->76c4c990-655f-4900-b966-affd0bc7639c#84-t1, previous=(t:1, i:14), leaderCommit=10, initializing? false, entries: <empty>
2019-09-11 07:09:26,168 [java.util.concurrent.ThreadPoolExecutor$Worker@69d338f1[State = -1, empty queue]] WARN  server.GrpcLogAppender (GrpcLogAppender.java:timeoutAppendRequest(200)) - 92412348-7352-40be-aea2-771c347789e7@group-EB8FE927FD11->cfc25efc-54ed-4d3e-b2b6-13ccffc6d6ca-GrpcLogAppender: appendEntries Timeout, request=92412348-7352-40be-aea2-771c347789e7->cfc25efc-54ed-4d3e-b2b6-13ccffc6d6ca#84-t1, previous=(t:1, i:14), leaderCommit=10, initializing? false, entries: <empty>
2019-09-11 07:09:27,044 [grpc-default-executor-1] INFO  client.GrpcClientProtocolClient (GrpcClientProtocolClient.java:onNext(264)) - client-1C7BFCFF6CD9->76c4c990-655f-4900-b966-affd0bc7639c: receive RaftClientReply:client-1C7BFCFF6CD9->76c4c990-655f-4900-b966-affd0bc7639c@group-EB8FE927FD11, cid=21, FAILED org.apache.ratis.protocol.NotLeaderException: Server 76c4c990-655f-4900-b966-affd0bc7639c@group-EB8FE927FD11 is not the leader 92412348-7352-40be-aea2-771c347789e7:192.168.5.143:37352, logIndex=0, commits[76c4c990-655f-4900-b966-affd0bc7639c:c10, cfc25efc-54ed-4d3e-b2b6-13ccffc6d6ca:c6, 92412348-7352-40be-aea2-771c347789e7:c10]
2019-09-11 07:09:28,170 [org.apache.ratis.server.impl.LogAppender$AppenderDaemon$$Lambda$492/690755232@3fd57027] ERROR ratis.XceiverServerRatis (XceiverServerRatis.java:triggerPipelineClose(575)) - pipeline Action CLOSE  on pipeline PipelineID=5804794a-73b5-487d-9840-eb8fe927fd11.Reason : 92412348-7352-40be-aea2-771c347789e7 has not seen follower/s 76c4c990-655f-4900-b966-affd0bc7639c for 178627ms cfc25efc-54ed-4d3e-b2b6-13ccffc6d6ca for 178627ms
2019-09-11 07:09:28,170 [org.apache.ratis.server.impl.LogAppender$AppenderDaemon$$Lambda$492/690755232@4b34ffa3] ERROR ratis.XceiverServerRatis (XceiverServerRatis.java:triggerPipelineClose(575)) - pipeline Action CLOSE  on pipeline PipelineID=5804794a-73b5-487d-9840-eb8fe927fd11.Reason : 92412348-7352-40be-aea2-771c347789e7 has not seen follower/s 76c4c990-655f-4900-b966-affd0bc7639c for 178627ms cfc25efc-54ed-4d3e-b2b6-13ccffc6d6ca for 178627ms
2019-09-11 07:09:28,670 [java.util.concurrent.ThreadPoolExecutor$Worker@69d338f1[State = -1, empty queue]] WARN  server.GrpcLogAppender (GrpcLogAppender.java:timeoutAppendRequest(200)) - 92412348-7352-40be-aea2-771c347789e7@group-EB8FE927FD11->cfc25efc-54ed-4d3e-b2b6-13ccffc6d6ca-GrpcLogAppender: appendEntries Timeout, request=92412348-7352-40be-aea2-771c347789e7->cfc25efc-54ed-4d3e-b2b6-13ccffc6d6ca#85-t1, previous=(t:1, i:14), leaderCommit=10, initializing? false, entries: <empty>
2019-09-11 07:09:28,670 [java.util.concurrent.ThreadPoolExecutor$Worker@7b7c3362[State = -1, empty queue]] WARN  server.GrpcLogAppender (GrpcLogAppender.java:timeoutAppendRequest(200)) - 92412348-7352-40be-aea2-771c347789e7@group-EB8FE927FD11->76c4c990-655f-4900-b966-affd0bc7639c-GrpcLogAppender: appendEntries Timeout, request=92412348-7352-40be-aea2-771c347789e7->76c4c990-655f-4900-b966-affd0bc7639c#85-t1, previous=(t:1, i:14), leaderCommit=10, initializing? false, entries: <empty>
2019-09-11 07:09:29,149 [EventQueue-PipelineActionsForPipelineActionHandler] ERROR pipeline.PipelineActionHandler (PipelineActionHandler.java:onMessage(60)) - Received pipeline action CLOSE for Pipeline[ Id: 5804794a-73b5-487d-9840-eb8fe927fd11, Nodes: cfc25efc-54ed-4d3e-b2b6-13ccffc6d6ca{ip: 192.168.5.143, host: pr-hdds-1786-trunk-klbfp-3319181915, networkLocation: /default-rack, certSerialId: null}92412348-7352-40be-aea2-771c347789e7{ip: 192.168.5.143, host: pr-hdds-1786-trunk-klbfp-3319181915, networkLocation: /default-rack, certSerialId: null}76c4c990-655f-4900-b966-affd0bc7639c{ip: 192.168.5.143, host: pr-hdds-1786-trunk-klbfp-3319181915, networkLocation: /default-rack, certSerialId: null}, Type:RATIS, Factor:THREE, State:CLOSED] from datanode 92412348-7352-40be-aea2-771c347789e7{ip: 192.168.5.143, host: pr-hdds-1786-trunk-klbfp-3319181915, networkLocation: /default-rack, certSerialId: null}. Reason : 92412348-7352-40be-aea2-771c347789e7 has not seen follower/s 76c4c990-655f-4900-b966-affd0bc7639c for 178627ms cfc25efc-54ed-4d3e-b2b6-13ccffc6d6ca for 178627ms
2019-09-11 07:09:29,149 [EventQueue-PipelineActionsForPipelineActionHandler] INFO  pipeline.SCMPipelineManager (SCMPipelineManager.java:finalizeAndDestroyPipeline(311)) - destroying pipeline:Pipeline[ Id: 5804794a-73b5-487d-9840-eb8fe927fd11, Nodes: cfc25efc-54ed-4d3e-b2b6-13ccffc6d6ca{ip: 192.168.5.143, host: pr-hdds-1786-trunk-klbfp-3319181915, networkLocation: /default-rack, certSerialId: null}92412348-7352-40be-aea2-771c347789e7{ip: 192.168.5.143, host: pr-hdds-1786-trunk-klbfp-3319181915, networkLocation: /default-rack, certSerialId: null}76c4c990-655f-4900-b966-affd0bc7639c{ip: 192.168.5.143, host: pr-hdds-1786-trunk-klbfp-3319181915, networkLocation: /default-rack, certSerialId: null}, Type:RATIS, Factor:THREE, State:CLOSED]
2019-09-11 07:09:30,128 [76c4c990-655f-4900-b966-affd0bc7639c@group-EB8FE927FD11-SegmentedRaftLogWorker] WARN  segmented.SegmentedRaftLogWorker (SegmentedRaftLogWorker.java:getFromFuture(90)) - Timeout 17/~
org.apache.ratis.protocol.TimeoutIOException: Timeout 10s: WriteLog:12: (t:1, i:12), STATEMACHINELOGENTRY, client-1C7BFCFF6CD9, cid=22-writeStateMachineData
	at org.apache.ratis.util.IOUtils.getFromFuture(IOUtils.java:87)
	at org.apache.ratis.server.raftlog.segmented.SegmentedRaftLogWorker$StateMachineDataPolicy.getFromFuture(SegmentedRaftLogWorker.java:87)
	at org.apache.ratis.server.raftlog.segmented.SegmentedRaftLogWorker$WriteLog.execute(SegmentedRaftLogWorker.java:477)
	at org.apache.ratis.server.raftlog.segmented.SegmentedRaftLogWorker.run(SegmentedRaftLogWorker.java:289)
	at java.lang.Thread.run(Thread.java:748)
Caused by: java.util.concurrent.TimeoutException
	at java.util.concurrent.CompletableFuture.timedGet(CompletableFuture.java:1771)
	at java.util.concurrent.CompletableFuture.get(CompletableFuture.java:1915)
	at org.apache.ratis.util.IOUtils.getFromFuture(IOUtils.java:79)
	... 4 more
2019-09-11 07:09:30,154 [92412348-7352-40be-aea2-771c347789e7@group-EB8FE927FD11-SegmentedRaftLogWorker] WARN  segmented.SegmentedRaftLogWorker (SegmentedRaftLogWorker.java:getFromFuture(90)) - Timeout 17/~
org.apache.ratis.protocol.TimeoutIOException: Timeout 10s: WriteLog:12: (t:1, i:12), STATEMACHINELOGENTRY, client-1C7BFCFF6CD9, cid=22-writeStateMachineData
	at org.apache.ratis.util.IOUtils.getFromFuture(IOUtils.java:87)
	at org.apache.ratis.server.raftlog.segmented.SegmentedRaftLogWorker$StateMachineDataPolicy.getFromFuture(SegmentedRaftLogWorker.java:87)
	at org.apache.ratis.server.raftlog.segmented.SegmentedRaftLogWorker$WriteLog.execute(SegmentedRaftLogWorker.java:477)
	at org.apache.ratis.server.raftlog.segmented.SegmentedRaftLogWorker.run(SegmentedRaftLogWorker.java:289)
	at java.lang.Thread.run(Thread.java:748)
Caused by: java.util.concurrent.TimeoutException
	at java.util.concurrent.CompletableFuture.timedGet(CompletableFuture.java:1771)
	at java.util.concurrent.CompletableFuture.get(CompletableFuture.java:1915)
	at org.apache.ratis.util.IOUtils.getFromFuture(IOUtils.java:79)
	... 4 more
2019-09-11 07:09:30,154 [cfc25efc-54ed-4d3e-b2b6-13ccffc6d6ca@group-EB8FE927FD11-SegmentedRaftLogWorker] WARN  segmented.SegmentedRaftLogWorker (SegmentedRaftLogWorker.java:getFromFuture(90)) - Timeout 17/~
org.apache.ratis.protocol.TimeoutIOException: Timeout 10s: WriteLog:12: (t:1, i:12), STATEMACHINELOGENTRY, client-1C7BFCFF6CD9, cid=22-writeStateMachineData
	at org.apache.ratis.util.IOUtils.getFromFuture(IOUtils.java:87)
	at org.apache.ratis.server.raftlog.segmented.SegmentedRaftLogWorker$StateMachineDataPolicy.getFromFuture(SegmentedRaftLogWorker.java:87)
	at org.apache.ratis.server.raftlog.segmented.SegmentedRaftLogWorker$WriteLog.execute(SegmentedRaftLogWorker.java:477)
	at org.apache.ratis.server.raftlog.segmented.SegmentedRaftLogWorker.run(SegmentedRaftLogWorker.java:289)
	at java.lang.Thread.run(Thread.java:748)
Caused by: java.util.concurrent.TimeoutException
	at java.util.concurrent.CompletableFuture.timedGet(CompletableFuture.java:1771)
	at java.util.concurrent.CompletableFuture.get(CompletableFuture.java:1915)
	at org.apache.ratis.util.IOUtils.getFromFuture(IOUtils.java:79)
	... 4 more
2019-09-11 07:09:30,672 [org.apache.ratis.server.impl.LogAppender$AppenderDaemon$$Lambda$492/690755232@4b34ffa3] ERROR ratis.XceiverServerRatis (XceiverServerRatis.java:triggerPipelineClose(575)) - pipeline Action CLOSE  on pipeline PipelineID=5804794a-73b5-487d-9840-eb8fe927fd11.Reason : 92412348-7352-40be-aea2-771c347789e7 has not seen follower/s 76c4c990-655f-4900-b966-affd0bc7639c for 181129ms cfc25efc-54ed-4d3e-b2b6-13ccffc6d6ca for 181129ms
2019-09-11 07:09:30,672 [org.apache.ratis.server.impl.LogAppender$AppenderDaemon$$Lambda$492/690755232@3fd57027] ERROR ratis.XceiverServerRatis (XceiverServerRatis.java:triggerPipelineClose(575)) - pipeline Action CLOSE  on pipeline PipelineID=5804794a-73b5-487d-9840-eb8fe927fd11.Reason : 92412348-7352-40be-aea2-771c347789e7 has not seen follower/s 76c4c990-655f-4900-b966-affd0bc7639c for 181129ms cfc25efc-54ed-4d3e-b2b6-13ccffc6d6ca for 181129ms
2019-09-11 07:09:31,149 [EventQueue-PipelineActionsForPipelineActionHandler] ERROR pipeline.PipelineActionHandler (PipelineActionHandler.java:onMessage(60)) - Received pipeline action CLOSE for Pipeline[ Id: 5804794a-73b5-487d-9840-eb8fe927fd11, Nodes: cfc25efc-54ed-4d3e-b2b6-13ccffc6d6ca{ip: 192.168.5.143, host: pr-hdds-1786-trunk-klbfp-3319181915, networkLocation: /default-rack, certSerialId: null}92412348-7352-40be-aea2-771c347789e7{ip: 192.168.5.143, host: pr-hdds-1786-trunk-klbfp-3319181915, networkLocation: /default-rack, certSerialId: null}76c4c990-655f-4900-b966-affd0bc7639c{ip: 192.168.5.143, host: pr-hdds-1786-trunk-klbfp-3319181915, networkLocation: /default-rack, certSerialId: null}, Type:RATIS, Factor:THREE, State:CLOSED] from datanode 92412348-7352-40be-aea2-771c347789e7{ip: 192.168.5.143, host: pr-hdds-1786-trunk-klbfp-3319181915, networkLocation: /default-rack, certSerialId: null}. Reason : 92412348-7352-40be-aea2-771c347789e7 has not seen follower/s 76c4c990-655f-4900-b966-affd0bc7639c for 181129ms cfc25efc-54ed-4d3e-b2b6-13ccffc6d6ca for 181129ms
2019-09-11 07:09:31,150 [EventQueue-PipelineActionsForPipelineActionHandler] INFO  pipeline.SCMPipelineManager (SCMPipelineManager.java:finalizeAndDestroyPipeline(311)) - destroying pipeline:Pipeline[ Id: 5804794a-73b5-487d-9840-eb8fe927fd11, Nodes: cfc25efc-54ed-4d3e-b2b6-13ccffc6d6ca{ip: 192.168.5.143, host: pr-hdds-1786-trunk-klbfp-3319181915, networkLocation: /default-rack, certSerialId: null}92412348-7352-40be-aea2-771c347789e7{ip: 192.168.5.143, host: pr-hdds-1786-trunk-klbfp-3319181915, networkLocation: /default-rack, certSerialId: null}76c4c990-655f-4900-b966-affd0bc7639c{ip: 192.168.5.143, host: pr-hdds-1786-trunk-klbfp-3319181915, networkLocation: /default-rack, certSerialId: null}, Type:RATIS, Factor:THREE, State:CLOSED]
2019-09-11 07:09:31,170 [java.util.concurrent.ThreadPoolExecutor$Worker@69d338f1[State = -1, empty queue]] WARN  server.GrpcLogAppender (GrpcLogAppender.java:timeoutAppendRequest(200)) - 92412348-7352-40be-aea2-771c347789e7@group-EB8FE927FD11->cfc25efc-54ed-4d3e-b2b6-13ccffc6d6ca-GrpcLogAppender: appendEntries Timeout, request=92412348-7352-40be-aea2-771c347789e7->cfc25efc-54ed-4d3e-b2b6-13ccffc6d6ca#86-t1, previous=(t:1, i:14), leaderCommit=10, initializing? false, entries: <empty>
2019-09-11 07:09:31,170 [java.util.concurrent.ThreadPoolExecutor$Worker@7b7c3362[State = -1, empty queue]] WARN  server.GrpcLogAppender (GrpcLogAppender.java:timeoutAppendRequest(200)) - 92412348-7352-40be-aea2-771c347789e7@group-EB8FE927FD11->76c4c990-655f-4900-b966-affd0bc7639c-GrpcLogAppender: appendEntries Timeout, request=92412348-7352-40be-aea2-771c347789e7->76c4c990-655f-4900-b966-affd0bc7639c#86-t1, previous=(t:1, i:14), leaderCommit=10, initializing? false, entries: <empty>
2019-09-11 07:09:32,106 [grpc-default-executor-1] INFO  client.GrpcClientProtocolClient (GrpcClientProtocolClient.java:onNext(264)) - client-1C7BFCFF6CD9->cfc25efc-54ed-4d3e-b2b6-13ccffc6d6ca: receive RaftClientReply:client-1C7BFCFF6CD9->cfc25efc-54ed-4d3e-b2b6-13ccffc6d6ca@group-EB8FE927FD11, cid=21, FAILED org.apache.ratis.protocol.NotLeaderException: Server cfc25efc-54ed-4d3e-b2b6-13ccffc6d6ca@group-EB8FE927FD11 is not the leader 92412348-7352-40be-aea2-771c347789e7:192.168.5.143:37352, logIndex=0, commits[cfc25efc-54ed-4d3e-b2b6-13ccffc6d6ca:c10, 76c4c990-655f-4900-b966-affd0bc7639c:c6, 92412348-7352-40be-aea2-771c347789e7:c10]
2019-09-11 07:09:33,174 [org.apache.ratis.server.impl.LogAppender$AppenderDaemon$$Lambda$492/690755232@3fd57027] ERROR ratis.XceiverServerRatis (XceiverServerRatis.java:triggerPipelineClose(575)) - pipeline Action CLOSE  on pipeline PipelineID=5804794a-73b5-487d-9840-eb8fe927fd11.Reason : 92412348-7352-40be-aea2-771c347789e7 has not seen follower/s 76c4c990-655f-4900-b966-affd0bc7639c for 183631ms cfc25efc-54ed-4d3e-b2b6-13ccffc6d6ca for 183631ms
2019-09-11 07:09:33,174 [org.apache.ratis.server.impl.LogAppender$AppenderDaemon$$Lambda$492/690755232@4b34ffa3] ERROR ratis.XceiverServerRatis (XceiverServerRatis.java:triggerPipelineClose(575)) - pipeline Action CLOSE  on pipeline PipelineID=5804794a-73b5-487d-9840-eb8fe927fd11.Reason : 92412348-7352-40be-aea2-771c347789e7 has not seen follower/s 76c4c990-655f-4900-b966-affd0bc7639c for 183631ms cfc25efc-54ed-4d3e-b2b6-13ccffc6d6ca for 183631ms
2019-09-11 07:09:33,672 [java.util.concurrent.ThreadPoolExecutor$Worker@69d338f1[State = -1, empty queue]] WARN  server.GrpcLogAppender (GrpcLogAppender.java:timeoutAppendRequest(200)) - 92412348-7352-40be-aea2-771c347789e7@group-EB8FE927FD11->cfc25efc-54ed-4d3e-b2b6-13ccffc6d6ca-GrpcLogAppender: appendEntries Timeout, request=92412348-7352-40be-aea2-771c347789e7->cfc25efc-54ed-4d3e-b2b6-13ccffc6d6ca#87-t1, previous=(t:1, i:14), leaderCommit=10, initializing? false, entries: <empty>
2019-09-11 07:09:33,672 [java.util.concurrent.ThreadPoolExecutor$Worker@7b7c3362[State = -1, empty queue]] WARN  server.GrpcLogAppender (GrpcLogAppender.java:timeoutAppendRequest(200)) - 92412348-7352-40be-aea2-771c347789e7@group-EB8FE927FD11->76c4c990-655f-4900-b966-affd0bc7639c-GrpcLogAppender: appendEntries Timeout, request=92412348-7352-40be-aea2-771c347789e7->76c4c990-655f-4900-b966-affd0bc7639c#87-t1, previous=(t:1, i:14), leaderCommit=10, initializing? false, entries: <empty>
2019-09-11 07:09:34,150 [EventQueue-PipelineActionsForPipelineActionHandler] ERROR pipeline.PipelineActionHandler (PipelineActionHandler.java:onMessage(60)) - Received pipeline action CLOSE for Pipeline[ Id: 5804794a-73b5-487d-9840-eb8fe927fd11, Nodes: cfc25efc-54ed-4d3e-b2b6-13ccffc6d6ca{ip: 192.168.5.143, host: pr-hdds-1786-trunk-klbfp-3319181915, networkLocation: /default-rack, certSerialId: null}92412348-7352-40be-aea2-771c347789e7{ip: 192.168.5.143, host: pr-hdds-1786-trunk-klbfp-3319181915, networkLocation: /default-rack, certSerialId: null}76c4c990-655f-4900-b966-affd0bc7639c{ip: 192.168.5.143, host: pr-hdds-1786-trunk-klbfp-3319181915, networkLocation: /default-rack, certSerialId: null}, Type:RATIS, Factor:THREE, State:CLOSED] from datanode 92412348-7352-40be-aea2-771c347789e7{ip: 192.168.5.143, host: pr-hdds-1786-trunk-klbfp-3319181915, networkLocation: /default-rack, certSerialId: null}. Reason : 92412348-7352-40be-aea2-771c347789e7 has not seen follower/s 76c4c990-655f-4900-b966-affd0bc7639c for 183631ms cfc25efc-54ed-4d3e-b2b6-13ccffc6d6ca for 183631ms
2019-09-11 07:09:34,151 [EventQueue-PipelineActionsForPipelineActionHandler] INFO  pipeline.SCMPipelineManager (SCMPipelineManager.java:finalizeAndDestroyPipeline(311)) - destroying pipeline:Pipeline[ Id: 5804794a-73b5-487d-9840-eb8fe927fd11, Nodes: cfc25efc-54ed-4d3e-b2b6-13ccffc6d6ca{ip: 192.168.5.143, host: pr-hdds-1786-trunk-klbfp-3319181915, networkLocation: /default-rack, certSerialId: null}92412348-7352-40be-aea2-771c347789e7{ip: 192.168.5.143, host: pr-hdds-1786-trunk-klbfp-3319181915, networkLocation: /default-rack, certSerialId: null}76c4c990-655f-4900-b966-affd0bc7639c{ip: 192.168.5.143, host: pr-hdds-1786-trunk-klbfp-3319181915, networkLocation: /default-rack, certSerialId: null}, Type:RATIS, Factor:THREE, State:CLOSED]
2019-09-11 07:09:35,675 [org.apache.ratis.server.impl.LogAppender$AppenderDaemon$$Lambda$492/690755232@4b34ffa3] ERROR ratis.XceiverServerRatis (XceiverServerRatis.java:triggerPipelineClose(575)) - pipeline Action CLOSE  on pipeline PipelineID=5804794a-73b5-487d-9840-eb8fe927fd11.Reason : 92412348-7352-40be-aea2-771c347789e7 has not seen follower/s 76c4c990-655f-4900-b966-affd0bc7639c for 186132ms cfc25efc-54ed-4d3e-b2b6-13ccffc6d6ca for 186132ms
2019-09-11 07:09:35,675 [org.apache.ratis.server.impl.LogAppender$AppenderDaemon$$Lambda$492/690755232@3fd57027] ERROR ratis.XceiverServerRatis (XceiverServerRatis.java:triggerPipelineClose(575)) - pipeline Action CLOSE  on pipeline PipelineID=5804794a-73b5-487d-9840-eb8fe927fd11.Reason : 92412348-7352-40be-aea2-771c347789e7 has not seen follower/s 76c4c990-655f-4900-b966-affd0bc7639c for 186132ms cfc25efc-54ed-4d3e-b2b6-13ccffc6d6ca for 186132ms
2019-09-11 07:09:36,154 [EventQueue-PipelineActionsForPipelineActionHandler] ERROR pipeline.PipelineActionHandler (PipelineActionHandler.java:onMessage(60)) - Received pipeline action CLOSE for Pipeline[ Id: 5804794a-73b5-487d-9840-eb8fe927fd11, Nodes: cfc25efc-54ed-4d3e-b2b6-13ccffc6d6ca{ip: 192.168.5.143, host: pr-hdds-1786-trunk-klbfp-3319181915, networkLocation: /default-rack, certSerialId: null}92412348-7352-40be-aea2-771c347789e7{ip: 192.168.5.143, host: pr-hdds-1786-trunk-klbfp-3319181915, networkLocation: /default-rack, certSerialId: null}76c4c990-655f-4900-b966-affd0bc7639c{ip: 192.168.5.143, host: pr-hdds-1786-trunk-klbfp-3319181915, networkLocation: /default-rack, certSerialId: null}, Type:RATIS, Factor:THREE, State:CLOSED] from datanode 92412348-7352-40be-aea2-771c347789e7{ip: 192.168.5.143, host: pr-hdds-1786-trunk-klbfp-3319181915, networkLocation: /default-rack, certSerialId: null}. Reason : 92412348-7352-40be-aea2-771c347789e7 has not seen follower/s 76c4c990-655f-4900-b966-affd0bc7639c for 186132ms cfc25efc-54ed-4d3e-b2b6-13ccffc6d6ca for 186132ms
2019-09-11 07:09:36,154 [EventQueue-PipelineActionsForPipelineActionHandler] INFO  pipeline.SCMPipelineManager (SCMPipelineManager.java:finalizeAndDestroyPipeline(311)) - destroying pipeline:Pipeline[ Id: 5804794a-73b5-487d-9840-eb8fe927fd11, Nodes: cfc25efc-54ed-4d3e-b2b6-13ccffc6d6ca{ip: 192.168.5.143, host: pr-hdds-1786-trunk-klbfp-3319181915, networkLocation: /default-rack, certSerialId: null}92412348-7352-40be-aea2-771c347789e7{ip: 192.168.5.143, host: pr-hdds-1786-trunk-klbfp-3319181915, networkLocation: /default-rack, certSerialId: null}76c4c990-655f-4900-b966-affd0bc7639c{ip: 192.168.5.143, host: pr-hdds-1786-trunk-klbfp-3319181915, networkLocation: /default-rack, certSerialId: null}, Type:RATIS, Factor:THREE, State:CLOSED]
2019-09-11 07:09:36,179 [java.util.concurrent.ThreadPoolExecutor$Worker@7b7c3362[State = -1, empty queue]] WARN  server.GrpcLogAppender (GrpcLogAppender.java:timeoutAppendRequest(200)) - 92412348-7352-40be-aea2-771c347789e7@group-EB8FE927FD11->76c4c990-655f-4900-b966-affd0bc7639c-GrpcLogAppender: appendEntries Timeout, request=92412348-7352-40be-aea2-771c347789e7->76c4c990-655f-4900-b966-affd0bc7639c#88-t1, previous=(t:1, i:14), leaderCommit=10, initializing? false, entries: <empty>
2019-09-11 07:09:36,179 [java.util.concurrent.ThreadPoolExecutor$Worker@69d338f1[State = -1, empty queue]] WARN  server.GrpcLogAppender (GrpcLogAppender.java:timeoutAppendRequest(200)) - 92412348-7352-40be-aea2-771c347789e7@group-EB8FE927FD11->cfc25efc-54ed-4d3e-b2b6-13ccffc6d6ca-GrpcLogAppender: appendEntries Timeout, request=92412348-7352-40be-aea2-771c347789e7->cfc25efc-54ed-4d3e-b2b6-13ccffc6d6ca#88-t1, previous=(t:1, i:14), leaderCommit=10, initializing? false, entries: <empty>
2019-09-11 07:09:36,184 [grpc-default-executor-0] INFO  impl.RaftServerProxy (RaftServerProxy.java:remove(95)) - cfc25efc-54ed-4d3e-b2b6-13ccffc6d6ca: remove  FOLLOWER cfc25efc-54ed-4d3e-b2b6-13ccffc6d6ca@group-EB8FE927FD11:t1, leader=92412348-7352-40be-aea2-771c347789e7, voted=cfc25efc-54ed-4d3e-b2b6-13ccffc6d6ca, raftlog=cfc25efc-54ed-4d3e-b2b6-13ccffc6d6ca@group-EB8FE927FD11-SegmentedRaftLog:OPENED:c10,f10,i14, conf=0: [76c4c990-655f-4900-b966-affd0bc7639c:192.168.5.143:43176, cfc25efc-54ed-4d3e-b2b6-13ccffc6d6ca:192.168.5.143:42744, 92412348-7352-40be-aea2-771c347789e7:192.168.5.143:37352], old=null RUNNING
2019-09-11 07:09:36,191 [grpc-default-executor-0] INFO  impl.RaftServerImpl (RaftServerImpl.java:lambda$shutdown$3(251)) - cfc25efc-54ed-4d3e-b2b6-13ccffc6d6ca@group-EB8FE927FD11: shutdown
2019-09-11 07:09:36,192 [grpc-default-executor-0] INFO  util.JmxRegister (JmxRegister.java:unregister(73)) - Successfully un-registered JMX Bean with object name Ratis:service=RaftServer,group=group-EB8FE927FD11,id=cfc25efc-54ed-4d3e-b2b6-13ccffc6d6ca
2019-09-11 07:09:36,192 [grpc-default-executor-0] INFO  impl.RoleInfo (RoleInfo.java:shutdownFollowerState(121)) - cfc25efc-54ed-4d3e-b2b6-13ccffc6d6ca: shutdown FollowerState
2019-09-11 07:09:36,193 [grpc-default-executor-0] INFO  impl.StateMachineUpdater (StateMachineUpdater.java:stopAndJoin(125)) - cfc25efc-54ed-4d3e-b2b6-13ccffc6d6ca@group-EB8FE927FD11-StateMachineUpdater: set stopIndex = 10
2019-09-11 07:09:36,193 [Thread-333] INFO  impl.FollowerState (FollowerState.java:run(115)) - cfc25efc-54ed-4d3e-b2b6-13ccffc6d6ca: FollowerState was interrupted: java.lang.InterruptedException: sleep interrupted
2019-09-11 07:09:36,195 [cfc25efc-54ed-4d3e-b2b6-13ccffc6d6ca@group-EB8FE927FD11-StateMachineUpdater] INFO  ratis.ContainerStateMachine (ContainerStateMachine.java:takeSnapshot(289)) - group-EB8FE927FD11: Taking a snapshot at:(t:1, i:6) file /workdir/hadoop-ozone/integration-test/target/test-dir/MiniOzoneClusterImpl-b235dd93-a3eb-497e-8479-f8d4900b0fc5/datanode-0/data/ratis/5804794a-73b5-487d-9840-eb8fe927fd11/sm/snapshot.1_6
2019-09-11 07:09:36,249 [cfc25efc-54ed-4d3e-b2b6-13ccffc6d6ca@group-EB8FE927FD11-StateMachineUpdater] INFO  ratis.ContainerStateMachine (ContainerStateMachine.java:takeSnapshot(300)) - group-EB8FE927FD11: Finished taking a snapshot at:(t:1, i:6) file:/workdir/hadoop-ozone/integration-test/target/test-dir/MiniOzoneClusterImpl-b235dd93-a3eb-497e-8479-f8d4900b0fc5/datanode-0/data/ratis/5804794a-73b5-487d-9840-eb8fe927fd11/sm/snapshot.1_6 time:55
2019-09-11 07:09:36,259 [cfc25efc-54ed-4d3e-b2b6-13ccffc6d6ca@group-EB8FE927FD11-StateMachineUpdater] INFO  impl.StateMachineUpdater (StateMachineUpdater.java:takeSnapshot(258)) - cfc25efc-54ed-4d3e-b2b6-13ccffc6d6ca@group-EB8FE927FD11-StateMachineUpdater: Took a snapshot at index 6
2019-09-11 07:09:36,262 [cfc25efc-54ed-4d3e-b2b6-13ccffc6d6ca@group-EB8FE927FD11-StateMachineUpdater] INFO  impl.StateMachineUpdater (StateMachineUpdater.java:lambda$new$0(83)) - cfc25efc-54ed-4d3e-b2b6-13ccffc6d6ca@group-EB8FE927FD11-StateMachineUpdater: snapshotIndex: updateIncreasingly -1 -> 6
2019-09-11 07:09:36,269 [cfc25efc-54ed-4d3e-b2b6-13ccffc6d6ca@group-EB8FE927FD11-StateMachineUpdater] INFO  ratis.ContainerStateMachine (ContainerStateMachine.java:takeSnapshot(289)) - group-EB8FE927FD11: Taking a snapshot at:(t:1, i:6) file /workdir/hadoop-ozone/integration-test/target/test-dir/MiniOzoneClusterImpl-b235dd93-a3eb-497e-8479-f8d4900b0fc5/datanode-0/data/ratis/5804794a-73b5-487d-9840-eb8fe927fd11/sm/snapshot.1_6
2019-09-11 07:09:36,285 [cfc25efc-54ed-4d3e-b2b6-13ccffc6d6ca@group-EB8FE927FD11-StateMachineUpdater] INFO  ratis.ContainerStateMachine (ContainerStateMachine.java:takeSnapshot(300)) - group-EB8FE927FD11: Finished taking a snapshot at:(t:1, i:6) file:/workdir/hadoop-ozone/integration-test/target/test-dir/MiniOzoneClusterImpl-b235dd93-a3eb-497e-8479-f8d4900b0fc5/datanode-0/data/ratis/5804794a-73b5-487d-9840-eb8fe927fd11/sm/snapshot.1_6 time:16
2019-09-11 07:09:36,285 [cfc25efc-54ed-4d3e-b2b6-13ccffc6d6ca@group-EB8FE927FD11-StateMachineUpdater] INFO  impl.StateMachineUpdater (StateMachineUpdater.java:takeSnapshot(258)) - cfc25efc-54ed-4d3e-b2b6-13ccffc6d6ca@group-EB8FE927FD11-StateMachineUpdater: Took a snapshot at index 6
2019-09-11 07:09:36,285 [cfc25efc-54ed-4d3e-b2b6-13ccffc6d6ca@group-EB8FE927FD11-StateMachineUpdater] INFO  impl.StateMachineUpdater (StateMachineUpdater.java:lambda$new$0(83)) - cfc25efc-54ed-4d3e-b2b6-13ccffc6d6ca@group-EB8FE927FD11-StateMachineUpdater: snapshotIndex: updateIncreasingly 6 -> 6
2019-09-11 07:09:36,286 [grpc-default-executor-0] INFO  impl.RaftServerImpl (ServerState.java:close(385)) - cfc25efc-54ed-4d3e-b2b6-13ccffc6d6ca@group-EB8FE927FD11: closes. applyIndex: 10
2019-09-11 07:09:36,292 [cfc25efc-54ed-4d3e-b2b6-13ccffc6d6ca@group-EB8FE927FD11-SegmentedRaftLogWorker] ERROR ratis.XceiverServerRatis (XceiverServerRatis.java:triggerPipelineClose(575)) - pipeline Action CLOSE  on pipeline PipelineID=5804794a-73b5-487d-9840-eb8fe927fd11.Reason : WriteLog:12: (t:1, i:12), STATEMACHINELOGENTRY, client-1C7BFCFF6CD9, cid=22-writeStateMachineData interrupted.
2019-09-11 07:09:36,295 [EventQueue-PipelineActionsForPipelineActionHandler] ERROR pipeline.PipelineActionHandler (PipelineActionHandler.java:onMessage(60)) - Received pipeline action CLOSE for Pipeline[ Id: 5804794a-73b5-487d-9840-eb8fe927fd11, Nodes: cfc25efc-54ed-4d3e-b2b6-13ccffc6d6ca{ip: 192.168.5.143, host: pr-hdds-1786-trunk-klbfp-3319181915, networkLocation: /default-rack, certSerialId: null}92412348-7352-40be-aea2-771c347789e7{ip: 192.168.5.143, host: pr-hdds-1786-trunk-klbfp-3319181915, networkLocation: /default-rack, certSerialId: null}76c4c990-655f-4900-b966-affd0bc7639c{ip: 192.168.5.143, host: pr-hdds-1786-trunk-klbfp-3319181915, networkLocation: /default-rack, certSerialId: null}, Type:RATIS, Factor:THREE, State:CLOSED] from datanode cfc25efc-54ed-4d3e-b2b6-13ccffc6d6ca{ip: 192.168.5.143, host: pr-hdds-1786-trunk-klbfp-3319181915, networkLocation: /default-rack, certSerialId: null}. Reason : WriteLog:12: (t:1, i:12), STATEMACHINELOGENTRY, client-1C7BFCFF6CD9, cid=22-writeStateMachineData interrupted.
2019-09-11 07:09:36,295 [EventQueue-PipelineActionsForPipelineActionHandler] INFO  pipeline.SCMPipelineManager (SCMPipelineManager.java:finalizeAndDestroyPipeline(311)) - destroying pipeline:Pipeline[ Id: 5804794a-73b5-487d-9840-eb8fe927fd11, Nodes: cfc25efc-54ed-4d3e-b2b6-13ccffc6d6ca{ip: 192.168.5.143, host: pr-hdds-1786-trunk-klbfp-3319181915, networkLocation: /default-rack, certSerialId: null}92412348-7352-40be-aea2-771c347789e7{ip: 192.168.5.143, host: pr-hdds-1786-trunk-klbfp-3319181915, networkLocation: /default-rack, certSerialId: null}76c4c990-655f-4900-b966-affd0bc7639c{ip: 192.168.5.143, host: pr-hdds-1786-trunk-klbfp-3319181915, networkLocation: /default-rack, certSerialId: null}, Type:RATIS, Factor:THREE, State:CLOSED]
2019-09-11 07:09:36,306 [grpc-default-executor-0] INFO  segmented.SegmentedRaftLogWorker (SegmentedRaftLogWorker.java:close(228)) - cfc25efc-54ed-4d3e-b2b6-13ccffc6d6ca@group-EB8FE927FD11-SegmentedRaftLogWorker close()
2019-09-11 07:09:36,328 [grpc-default-executor-0] INFO  interfaces.Container (KeyValueContainer.java:flushAndSyncDB(386)) - Container 2 is synced with bcsId 6.
2019-09-11 07:09:36,329 [grpc-default-executor-0] INFO  interfaces.Container (KeyValueContainer.java:flushAndSyncDB(386)) - Container 2 is synced with bcsId 6.
2019-09-11 07:09:36,357 [EventQueue-IncrementalContainerReportForIncrementalContainerReportHandler] INFO  container.IncrementalContainerReportHandler (AbstractContainerReportHandler.java:updateContainerState(169)) - Moving container #2 to QUASI_CLOSED state, datanode cfc25efc-54ed-4d3e-b2b6-13ccffc6d6ca{ip: 192.168.5.143, host: pr-hdds-1786-trunk-klbfp-3319181915, networkLocation: /default-rack, certSerialId: null} reported QUASI_CLOSED replica.
2019-09-11 07:09:36,424 [grpc-default-executor-0] INFO  interfaces.Container (KeyValueContainer.java:flushAndSyncDB(386)) - Container 3 is synced with bcsId 0.
2019-09-11 07:09:36,424 [grpc-default-executor-0] INFO  interfaces.Container (KeyValueContainer.java:flushAndSyncDB(386)) - Container 3 is synced with bcsId 0.
2019-09-11 07:09:36,443 [EventQueue-IncrementalContainerReportForIncrementalContainerReportHandler] INFO  container.IncrementalContainerReportHandler (AbstractContainerReportHandler.java:updateContainerState(169)) - Moving container #3 to QUASI_CLOSED state, datanode cfc25efc-54ed-4d3e-b2b6-13ccffc6d6ca{ip: 192.168.5.143, host: pr-hdds-1786-trunk-klbfp-3319181915, networkLocation: /default-rack, certSerialId: null} reported QUASI_CLOSED replica.
2019-09-11 07:09:36,451 [grpc-default-executor-0] INFO  impl.RaftServerProxy (RaftServerProxy.java:remove(95)) - 92412348-7352-40be-aea2-771c347789e7: remove    LEADER 92412348-7352-40be-aea2-771c347789e7@group-EB8FE927FD11:t1, leader=92412348-7352-40be-aea2-771c347789e7, voted=92412348-7352-40be-aea2-771c347789e7, raftlog=92412348-7352-40be-aea2-771c347789e7@group-EB8FE927FD11-SegmentedRaftLog:OPENED:c10,f10,i14, conf=0: [76c4c990-655f-4900-b966-affd0bc7639c:192.168.5.143:43176, cfc25efc-54ed-4d3e-b2b6-13ccffc6d6ca:192.168.5.143:42744, 92412348-7352-40be-aea2-771c347789e7:192.168.5.143:37352], old=null RUNNING
2019-09-11 07:09:36,451 [grpc-default-executor-0] INFO  impl.RaftServerImpl (RaftServerImpl.java:lambda$shutdown$3(251)) - 92412348-7352-40be-aea2-771c347789e7@group-EB8FE927FD11: shutdown
2019-09-11 07:09:36,452 [grpc-default-executor-0] INFO  util.JmxRegister (JmxRegister.java:unregister(73)) - Successfully un-registered JMX Bean with object name Ratis:service=RaftServer,group=group-EB8FE927FD11,id=92412348-7352-40be-aea2-771c347789e7
2019-09-11 07:09:36,452 [grpc-default-executor-0] INFO  impl.RoleInfo (RoleInfo.java:shutdownLeaderState(104)) - 92412348-7352-40be-aea2-771c347789e7: shutdown LeaderState
2019-09-11 07:09:36,455 [grpc-default-executor-0] INFO  impl.PendingRequests (PendingRequests.java:sendNotLeaderResponses(202)) - 92412348-7352-40be-aea2-771c347789e7-PendingRequests: sendNotLeaderResponses
2019-09-11 07:09:36,455 [org.apache.ratis.server.impl.LogAppender$AppenderDaemon$$Lambda$492/690755232@4b34ffa3] WARN  server.GrpcLogAppender (GrpcLogAppender.java:mayWait(143)) - 92412348-7352-40be-aea2-771c347789e7@group-EB8FE927FD11->76c4c990-655f-4900-b966-affd0bc7639c-GrpcLogAppender: Wait interrupted by java.lang.InterruptedException
2019-09-11 07:09:36,455 [org.apache.ratis.server.impl.LogAppender$AppenderDaemon$$Lambda$492/690755232@3fd57027] WARN  server.GrpcLogAppender (GrpcLogAppender.java:mayWait(143)) - 92412348-7352-40be-aea2-771c347789e7@group-EB8FE927FD11->cfc25efc-54ed-4d3e-b2b6-13ccffc6d6ca-GrpcLogAppender: Wait interrupted by java.lang.InterruptedException
2019-09-11 07:09:36,458 [grpc-default-executor-4] INFO  server.GrpcServerProtocolService (GrpcServerProtocolService.java:onCompleted(113)) - cfc25efc-54ed-4d3e-b2b6-13ccffc6d6ca: Completed APPEND_ENTRIES, lastRequest: 92412348-7352-40be-aea2-771c347789e7->cfc25efc-54ed-4d3e-b2b6-13ccffc6d6ca#89-t1, previous=(t:1, i:14), leaderCommit=10, initializing? false, entries: <empty>
2019-09-11 07:09:36,458 [grpc-default-executor-1] INFO  server.GrpcServerProtocolService (GrpcServerProtocolService.java:onCompleted(113)) - 76c4c990-655f-4900-b966-affd0bc7639c: Completed APPEND_ENTRIES, lastRequest: 92412348-7352-40be-aea2-771c347789e7->76c4c990-655f-4900-b966-affd0bc7639c#89-t1, previous=(t:1, i:14), leaderCommit=10, initializing? false, entries: <empty>
2019-09-11 07:09:36,460 [grpc-default-executor-1] INFO  server.GrpcLogAppender (GrpcLogAppender.java:onCompleted(293)) - 92412348-7352-40be-aea2-771c347789e7@group-EB8FE927FD11->cfc25efc-54ed-4d3e-b2b6-13ccffc6d6ca-AppendLogResponseHandler: follower responses appendEntries COMPLETED
2019-09-11 07:09:36,460 [grpc-default-executor-4] INFO  server.GrpcLogAppender (GrpcLogAppender.java:onCompleted(293)) - 92412348-7352-40be-aea2-771c347789e7@group-EB8FE927FD11->76c4c990-655f-4900-b966-affd0bc7639c-AppendLogResponseHandler: follower responses appendEntries COMPLETED
2019-09-11 07:09:36,462 [grpc-default-executor-4] INFO  impl.FollowerInfo (FollowerInfo.java:lambda$new$0(51)) - 92412348-7352-40be-aea2-771c347789e7@group-EB8FE927FD11->76c4c990-655f-4900-b966-affd0bc7639c: nextIndex: updateUnconditionally 15 -> 11
2019-09-11 07:09:36,462 [grpc-default-executor-1] INFO  impl.FollowerInfo (FollowerInfo.java:lambda$new$0(51)) - 92412348-7352-40be-aea2-771c347789e7@group-EB8FE927FD11->cfc25efc-54ed-4d3e-b2b6-13ccffc6d6ca: nextIndex: updateUnconditionally 15 -> 11
2019-09-11 07:09:36,471 [grpc-default-executor-0] INFO  impl.StateMachineUpdater (StateMachineUpdater.java:stopAndJoin(125)) - 92412348-7352-40be-aea2-771c347789e7@group-EB8FE927FD11-StateMachineUpdater: set stopIndex = 10
2019-09-11 07:09:36,471 [92412348-7352-40be-aea2-771c347789e7@group-EB8FE927FD11-StateMachineUpdater] INFO  ratis.ContainerStateMachine (ContainerStateMachine.java:takeSnapshot(289)) - group-EB8FE927FD11: Taking a snapshot at:(t:1, i:10) file /workdir/hadoop-ozone/integration-test/target/test-dir/MiniOzoneClusterImpl-b235dd93-a3eb-497e-8479-f8d4900b0fc5/datanode-2/data/ratis/5804794a-73b5-487d-9840-eb8fe927fd11/sm/snapshot.1_10
2019-09-11 07:09:37,114 [92412348-7352-40be-aea2-771c347789e7@group-EB8FE927FD11-StateMachineUpdater] INFO  ratis.ContainerStateMachine (ContainerStateMachine.java:takeSnapshot(300)) - group-EB8FE927FD11: Finished taking a snapshot at:(t:1, i:10) file:/workdir/hadoop-ozone/integration-test/target/test-dir/MiniOzoneClusterImpl-b235dd93-a3eb-497e-8479-f8d4900b0fc5/datanode-2/data/ratis/5804794a-73b5-487d-9840-eb8fe927fd11/sm/snapshot.1_10 time:643
2019-09-11 07:09:37,115 [92412348-7352-40be-aea2-771c347789e7@group-EB8FE927FD11-StateMachineUpdater] INFO  impl.StateMachineUpdater (StateMachineUpdater.java:takeSnapshot(258)) - 92412348-7352-40be-aea2-771c347789e7@group-EB8FE927FD11-StateMachineUpdater: Took a snapshot at index 10
2019-09-11 07:09:37,115 [92412348-7352-40be-aea2-771c347789e7@group-EB8FE927FD11-StateMachineUpdater] INFO  impl.StateMachineUpdater (StateMachineUpdater.java:lambda$new$0(83)) - 92412348-7352-40be-aea2-771c347789e7@group-EB8FE927FD11-StateMachineUpdater: snapshotIndex: updateIncreasingly -1 -> 10
2019-09-11 07:09:37,115 [Command processor thread] ERROR commandhandler.CloseContainerCommandHandler (CloseContainerCommandHandler.java:handle(125)) - Can't close container #3
java.io.IOException: org.apache.ratis.protocol.GroupMismatchException: 92412348-7352-40be-aea2-771c347789e7: group-EB8FE927FD11 not found.
	at org.apache.hadoop.ozone.container.common.transport.server.ratis.XceiverServerRatis.submitRequest(XceiverServerRatis.java:502)
	at org.apache.hadoop.ozone.container.common.statemachine.commandhandler.CloseContainerCommandHandler.handle(CloseContainerCommandHandler.java:102)
	at org.apache.hadoop.ozone.container.common.statemachine.commandhandler.CommandDispatcher.handle(CommandDispatcher.java:99)
	at org.apache.hadoop.ozone.container.common.statemachine.DatanodeStateMachine.lambda$initCommandHandlerThread$1(DatanodeStateMachine.java:432)
	at java.lang.Thread.run(Thread.java:748)
Caused by: java.util.concurrent.ExecutionException: org.apache.ratis.protocol.GroupMismatchException: 92412348-7352-40be-aea2-771c347789e7: group-EB8FE927FD11 not found.
	at java.util.concurrent.CompletableFuture.reportGet(CompletableFuture.java:357)
	at java.util.concurrent.CompletableFuture.get(CompletableFuture.java:1895)
	at org.apache.hadoop.ozone.container.common.transport.server.ratis.XceiverServerRatis.submitRequest(XceiverServerRatis.java:500)
	... 4 more
Caused by: org.apache.ratis.protocol.GroupMismatchException: 92412348-7352-40be-aea2-771c347789e7: group-EB8FE927FD11 not found.
	at org.apache.ratis.server.impl.RaftServerProxy$ImplMap.get(RaftServerProxy.java:122)
	at org.apache.ratis.server.impl.RaftServerProxy.getImplFuture(RaftServerProxy.java:269)
	at org.apache.ratis.server.impl.RaftServerProxy.submitRequest(RaftServerProxy.java:327)
	at org.apache.ratis.server.impl.RaftServerProxy.submitClientRequestAsync(RaftServerProxy.java:333)
	... 5 more
2019-09-11 07:09:37,116 [grpc-default-executor-0] INFO  impl.RaftServerImpl (ServerState.java:close(385)) - 92412348-7352-40be-aea2-771c347789e7@group-EB8FE927FD11: closes. applyIndex: 10
2019-09-11 07:09:37,117 [92412348-7352-40be-aea2-771c347789e7@group-EB8FE927FD11-SegmentedRaftLogWorker] ERROR ratis.XceiverServerRatis (XceiverServerRatis.java:triggerPipelineClose(575)) - pipeline Action CLOSE  on pipeline PipelineID=5804794a-73b5-487d-9840-eb8fe927fd11.Reason : WriteLog:12: (t:1, i:12), STATEMACHINELOGENTRY, client-1C7BFCFF6CD9, cid=22-writeStateMachineData interrupted.
2019-09-11 07:09:37,121 [EventQueue-PipelineActionsForPipelineActionHandler] ERROR pipeline.PipelineActionHandler (PipelineActionHandler.java:onMessage(60)) - Received pipeline action CLOSE for Pipeline[ Id: 5804794a-73b5-487d-9840-eb8fe927fd11, Nodes: cfc25efc-54ed-4d3e-b2b6-13ccffc6d6ca{ip: 192.168.5.143, host: pr-hdds-1786-trunk-klbfp-3319181915, networkLocation: /default-rack, certSerialId: null}92412348-7352-40be-aea2-771c347789e7{ip: 192.168.5.143, host: pr-hdds-1786-trunk-klbfp-3319181915, networkLocation: /default-rack, certSerialId: null}76c4c990-655f-4900-b966-affd0bc7639c{ip: 192.168.5.143, host: pr-hdds-1786-trunk-klbfp-3319181915, networkLocation: /default-rack, certSerialId: null}, Type:RATIS, Factor:THREE, State:CLOSED] from datanode 92412348-7352-40be-aea2-771c347789e7{ip: 192.168.5.143, host: pr-hdds-1786-trunk-klbfp-3319181915, networkLocation: /default-rack, certSerialId: null}. Reason : WriteLog:12: (t:1, i:12), STATEMACHINELOGENTRY, client-1C7BFCFF6CD9, cid=22-writeStateMachineData interrupted.
2019-09-11 07:09:37,122 [EventQueue-PipelineActionsForPipelineActionHandler] INFO  pipeline.SCMPipelineManager (SCMPipelineManager.java:finalizeAndDestroyPipeline(311)) - destroying pipeline:Pipeline[ Id: 5804794a-73b5-487d-9840-eb8fe927fd11, Nodes: cfc25efc-54ed-4d3e-b2b6-13ccffc6d6ca{ip: 192.168.5.143, host: pr-hdds-1786-trunk-klbfp-3319181915, networkLocation: /default-rack, certSerialId: null}92412348-7352-40be-aea2-771c347789e7{ip: 192.168.5.143, host: pr-hdds-1786-trunk-klbfp-3319181915, networkLocation: /default-rack, certSerialId: null}76c4c990-655f-4900-b966-affd0bc7639c{ip: 192.168.5.143, host: pr-hdds-1786-trunk-klbfp-3319181915, networkLocation: /default-rack, certSerialId: null}, Type:RATIS, Factor:THREE, State:CLOSED]
2019-09-11 07:09:37,127 [grpc-default-executor-0] INFO  segmented.SegmentedRaftLogWorker (SegmentedRaftLogWorker.java:close(228)) - 92412348-7352-40be-aea2-771c347789e7@group-EB8FE927FD11-SegmentedRaftLogWorker close()
2019-09-11 07:09:37,150 [grpc-default-executor-0] INFO  interfaces.Container (KeyValueContainer.java:flushAndSyncDB(386)) - Container 2 is synced with bcsId 6.
2019-09-11 07:09:37,150 [grpc-default-executor-0] INFO  interfaces.Container (KeyValueContainer.java:flushAndSyncDB(386)) - Container 2 is synced with bcsId 6.
2019-09-11 07:09:37,217 [main] WARN  io.KeyOutputStream (KeyOutputStream.java:handleException(276)) - Encountered exception java.io.IOException: Unexpected Storage Container Exception: java.util.concurrent.CompletionException: java.util.concurrent.CompletionException: org.apache.ratis.protocol.GroupMismatchException: cfc25efc-54ed-4d3e-b2b6-13ccffc6d6ca: group-EB8FE927FD11 not found. on the pipeline Pipeline[ Id: 5804794a-73b5-487d-9840-eb8fe927fd11, Nodes: cfc25efc-54ed-4d3e-b2b6-13ccffc6d6ca{ip: 192.168.5.143, host: pr-hdds-1786-trunk-klbfp-3319181915, networkLocation: /default-rack, certSerialId: null}92412348-7352-40be-aea2-771c347789e7{ip: 192.168.5.143, host: pr-hdds-1786-trunk-klbfp-3319181915, networkLocation: /default-rack, certSerialId: null}76c4c990-655f-4900-b966-affd0bc7639c{ip: 192.168.5.143, host: pr-hdds-1786-trunk-klbfp-3319181915, networkLocation: /default-rack, certSerialId: null}, Type:RATIS, Factor:THREE, State:OPEN]. The last committed block length is 0, uncommitted data length is 150 retry count 0
2019-09-11 07:09:37,271 [grpc-default-executor-4] INFO  client.GrpcClientProtocolClient (GrpcClientProtocolClient.java:onNext(264)) - client-FA0A0DC8EAE4->dd774419-39ed-4d90-9a0e-7a7d67fca22a: receive RaftClientReply:client-FA0A0DC8EAE4->dd774419-39ed-4d90-9a0e-7a7d67fca22a@group-44CFF2683379, cid=26, FAILED org.apache.ratis.protocol.NotLeaderException: Server dd774419-39ed-4d90-9a0e-7a7d67fca22a@group-44CFF2683379 is not the leader 094d95bb-124f-4491-a67a-8d0b5b434983:192.168.5.143:43792, logIndex=0, commits[dd774419-39ed-4d90-9a0e-7a7d67fca22a:c6, b48366ef-6f68-46c9-99e7-9871be9f97bc:c6, 094d95bb-124f-4491-a67a-8d0b5b434983:c6]
2019-09-11 07:09:37,278 [grpc-default-executor-0] INFO  interfaces.Container (KeyValueContainer.java:flushAndSyncDB(386)) - Container 3 is synced with bcsId 0.
2019-09-11 07:09:37,279 [grpc-default-executor-0] INFO  interfaces.Container (KeyValueContainer.java:flushAndSyncDB(386)) - Container 3 is synced with bcsId 0.
2019-09-11 07:09:37,309 [grpc-default-executor-0] INFO  impl.RaftServerProxy (RaftServerProxy.java:remove(95)) - 76c4c990-655f-4900-b966-affd0bc7639c: remove  FOLLOWER 76c4c990-655f-4900-b966-affd0bc7639c@group-EB8FE927FD11:t1, leader=92412348-7352-40be-aea2-771c347789e7, voted=92412348-7352-40be-aea2-771c347789e7, raftlog=76c4c990-655f-4900-b966-affd0bc7639c@group-EB8FE927FD11-SegmentedRaftLog:OPENED:c10,f10,i14, conf=0: [76c4c990-655f-4900-b966-affd0bc7639c:192.168.5.143:43176, cfc25efc-54ed-4d3e-b2b6-13ccffc6d6ca:192.168.5.143:42744, 92412348-7352-40be-aea2-771c347789e7:192.168.5.143:37352], old=null RUNNING
2019-09-11 07:09:37,310 [grpc-default-executor-0] INFO  impl.RaftServerImpl (RaftServerImpl.java:lambda$shutdown$3(251)) - 76c4c990-655f-4900-b966-affd0bc7639c@group-EB8FE927FD11: shutdown
2019-09-11 07:09:37,310 [grpc-default-executor-0] INFO  util.JmxRegister (JmxRegister.java:unregister(73)) - Successfully un-registered JMX Bean with object name Ratis:service=RaftServer,group=group-EB8FE927FD11,id=76c4c990-655f-4900-b966-affd0bc7639c
2019-09-11 07:09:37,310 [grpc-default-executor-0] INFO  impl.RoleInfo (RoleInfo.java:shutdownFollowerState(121)) - 76c4c990-655f-4900-b966-affd0bc7639c: shutdown FollowerState
2019-09-11 07:09:37,310 [grpc-default-executor-0] INFO  impl.StateMachineUpdater (StateMachineUpdater.java:stopAndJoin(125)) - 76c4c990-655f-4900-b966-affd0bc7639c@group-EB8FE927FD11-StateMachineUpdater: set stopIndex = 10
2019-09-11 07:09:37,310 [Thread-323] INFO  impl.FollowerState (FollowerState.java:run(115)) - 76c4c990-655f-4900-b966-affd0bc7639c: FollowerState was interrupted: java.lang.InterruptedException: sleep interrupted
2019-09-11 07:09:37,311 [76c4c990-655f-4900-b966-affd0bc7639c@group-EB8FE927FD11-StateMachineUpdater] INFO  ratis.ContainerStateMachine (ContainerStateMachine.java:takeSnapshot(289)) - group-EB8FE927FD11: Taking a snapshot at:(t:1, i:6) file /workdir/hadoop-ozone/integration-test/target/test-dir/MiniOzoneClusterImpl-b235dd93-a3eb-497e-8479-f8d4900b0fc5/datanode-5/data/ratis/5804794a-73b5-487d-9840-eb8fe927fd11/sm/snapshot.1_6
2019-09-11 07:09:37,325 [76c4c990-655f-4900-b966-affd0bc7639c@group-EB8FE927FD11-StateMachineUpdater] INFO  ratis.ContainerStateMachine (ContainerStateMachine.java:takeSnapshot(300)) - group-EB8FE927FD11: Finished taking a snapshot at:(t:1, i:6) file:/workdir/hadoop-ozone/integration-test/target/test-dir/MiniOzoneClusterImpl-b235dd93-a3eb-497e-8479-f8d4900b0fc5/datanode-5/data/ratis/5804794a-73b5-487d-9840-eb8fe927fd11/sm/snapshot.1_6 time:15
2019-09-11 07:09:37,325 [76c4c990-655f-4900-b966-affd0bc7639c@group-EB8FE927FD11-StateMachineUpdater] INFO  impl.StateMachineUpdater (StateMachineUpdater.java:takeSnapshot(258)) - 76c4c990-655f-4900-b966-affd0bc7639c@group-EB8FE927FD11-StateMachineUpdater: Took a snapshot at index 6
2019-09-11 07:09:37,325 [76c4c990-655f-4900-b966-affd0bc7639c@group-EB8FE927FD11-StateMachineUpdater] INFO  impl.StateMachineUpdater (StateMachineUpdater.java:lambda$new$0(83)) - 76c4c990-655f-4900-b966-affd0bc7639c@group-EB8FE927FD11-StateMachineUpdater: snapshotIndex: updateIncreasingly -1 -> 6
2019-09-11 07:09:37,325 [76c4c990-655f-4900-b966-affd0bc7639c@group-EB8FE927FD11-StateMachineUpdater] INFO  ratis.ContainerStateMachine (ContainerStateMachine.java:takeSnapshot(289)) - group-EB8FE927FD11: Taking a snapshot at:(t:1, i:6) file /workdir/hadoop-ozone/integration-test/target/test-dir/MiniOzoneClusterImpl-b235dd93-a3eb-497e-8479-f8d4900b0fc5/datanode-5/data/ratis/5804794a-73b5-487d-9840-eb8fe927fd11/sm/snapshot.1_6
2019-09-11 07:09:37,451 [76c4c990-655f-4900-b966-affd0bc7639c@group-EB8FE927FD11-StateMachineUpdater] INFO  ratis.ContainerStateMachine (ContainerStateMachine.java:takeSnapshot(300)) - group-EB8FE927FD11: Finished taking a snapshot at:(t:1, i:6) file:/workdir/hadoop-ozone/integration-test/target/test-dir/MiniOzoneClusterImpl-b235dd93-a3eb-497e-8479-f8d4900b0fc5/datanode-5/data/ratis/5804794a-73b5-487d-9840-eb8fe927fd11/sm/snapshot.1_6 time:126
2019-09-11 07:09:37,451 [76c4c990-655f-4900-b966-affd0bc7639c@group-EB8FE927FD11-StateMachineUpdater] INFO  impl.StateMachineUpdater (StateMachineUpdater.java:takeSnapshot(258)) - 76c4c990-655f-4900-b966-affd0bc7639c@group-EB8FE927FD11-StateMachineUpdater: Took a snapshot at index 6
2019-09-11 07:09:37,451 [76c4c990-655f-4900-b966-affd0bc7639c@group-EB8FE927FD11-StateMachineUpdater] INFO  impl.StateMachineUpdater (StateMachineUpdater.java:lambda$new$0(83)) - 76c4c990-655f-4900-b966-affd0bc7639c@group-EB8FE927FD11-StateMachineUpdater: snapshotIndex: updateIncreasingly 6 -> 6
2019-09-11 07:09:37,452 [grpc-default-executor-0] INFO  impl.RaftServerImpl (ServerState.java:close(385)) - 76c4c990-655f-4900-b966-affd0bc7639c@group-EB8FE927FD11: closes. applyIndex: 10
2019-09-11 07:09:37,461 [76c4c990-655f-4900-b966-affd0bc7639c@group-EB8FE927FD11-SegmentedRaftLogWorker] ERROR ratis.XceiverServerRatis (XceiverServerRatis.java:triggerPipelineClose(575)) - pipeline Action CLOSE  on pipeline PipelineID=5804794a-73b5-487d-9840-eb8fe927fd11.Reason : WriteLog:12: (t:1, i:12), STATEMACHINELOGENTRY, client-1C7BFCFF6CD9, cid=22-writeStateMachineData interrupted.
2019-09-11 07:09:37,466 [EventQueue-PipelineActionsForPipelineActionHandler] ERROR pipeline.PipelineActionHandler (PipelineActionHandler.java:onMessage(60)) - Received pipeline action CLOSE for Pipeline[ Id: 5804794a-73b5-487d-9840-eb8fe927fd11, Nodes: cfc25efc-54ed-4d3e-b2b6-13ccffc6d6ca{ip: 192.168.5.143, host: pr-hdds-1786-trunk-klbfp-3319181915, networkLocation: /default-rack, certSerialId: null}92412348-7352-40be-aea2-771c347789e7{ip: 192.168.5.143, host: pr-hdds-1786-trunk-klbfp-3319181915, networkLocation: /default-rack, certSerialId: null}76c4c990-655f-4900-b966-affd0bc7639c{ip: 192.168.5.143, host: pr-hdds-1786-trunk-klbfp-3319181915, networkLocation: /default-rack, certSerialId: null}, Type:RATIS, Factor:THREE, State:CLOSED] from datanode 76c4c990-655f-4900-b966-affd0bc7639c{ip: 192.168.5.143, host: pr-hdds-1786-trunk-klbfp-3319181915, networkLocation: /default-rack, certSerialId: null}. Reason : WriteLog:12: (t:1, i:12), STATEMACHINELOGENTRY, client-1C7BFCFF6CD9, cid=22-writeStateMachineData interrupted.
2019-09-11 07:09:37,466 [EventQueue-PipelineActionsForPipelineActionHandler] INFO  pipeline.SCMPipelineManager (SCMPipelineManager.java:finalizeAndDestroyPipeline(311)) - destroying pipeline:Pipeline[ Id: 5804794a-73b5-487d-9840-eb8fe927fd11, Nodes: cfc25efc-54ed-4d3e-b2b6-13ccffc6d6ca{ip: 192.168.5.143, host: pr-hdds-1786-trunk-klbfp-3319181915, networkLocation: /default-rack, certSerialId: null}92412348-7352-40be-aea2-771c347789e7{ip: 192.168.5.143, host: pr-hdds-1786-trunk-klbfp-3319181915, networkLocation: /default-rack, certSerialId: null}76c4c990-655f-4900-b966-affd0bc7639c{ip: 192.168.5.143, host: pr-hdds-1786-trunk-klbfp-3319181915, networkLocation: /default-rack, certSerialId: null}, Type:RATIS, Factor:THREE, State:CLOSED]
2019-09-11 07:09:37,470 [grpc-default-executor-0] INFO  segmented.SegmentedRaftLogWorker (SegmentedRaftLogWorker.java:close(228)) - 76c4c990-655f-4900-b966-affd0bc7639c@group-EB8FE927FD11-SegmentedRaftLogWorker close()
2019-09-11 07:09:37,477 [grpc-default-executor-0] INFO  interfaces.Container (KeyValueContainer.java:flushAndSyncDB(386)) - Container 2 is synced with bcsId 6.
2019-09-11 07:09:37,477 [grpc-default-executor-0] INFO  interfaces.Container (KeyValueContainer.java:flushAndSyncDB(386)) - Container 2 is synced with bcsId 6.
2019-09-11 07:09:37,523 [grpc-default-executor-1] INFO  client.GrpcClientProtocolClient (GrpcClientProtocolClient.java:onNext(264)) - client-FA0A0DC8EAE4->094d95bb-124f-4491-a67a-8d0b5b434983: receive RaftClientReply:client-FA0A0DC8EAE4->094d95bb-124f-4491-a67a-8d0b5b434983@group-44CFF2683379, cid=26, SUCCESS, logIndex=7, commits[094d95bb-124f-4491-a67a-8d0b5b434983:c7, dd774419-39ed-4d90-9a0e-7a7d67fca22a:c6, b48366ef-6f68-46c9-99e7-9871be9f97bc:c6]
2019-09-11 07:09:37,618 [grpc-default-executor-1] INFO  client.GrpcClientProtocolClient (GrpcClientProtocolClient.java:onNext(264)) - client-FA0A0DC8EAE4->094d95bb-124f-4491-a67a-8d0b5b434983: receive RaftClientReply:client-FA0A0DC8EAE4->094d95bb-124f-4491-a67a-8d0b5b434983@group-44CFF2683379, cid=27, SUCCESS, logIndex=9, commits[094d95bb-124f-4491-a67a-8d0b5b434983:c10, dd774419-39ed-4d90-9a0e-7a7d67fca22a:c7, b48366ef-6f68-46c9-99e7-9871be9f97bc:c7]
2019-09-11 07:09:37,669 [grpc-default-executor-0] INFO  interfaces.Container (KeyValueContainer.java:flushAndSyncDB(386)) - Container 3 is synced with bcsId 0.
2019-09-11 07:09:37,785 [grpc-default-executor-1] INFO  client.GrpcClientProtocolClient (GrpcClientProtocolClient.java:onNext(264)) - client-FA0A0DC8EAE4->094d95bb-124f-4491-a67a-8d0b5b434983: receive RaftClientReply:client-FA0A0DC8EAE4->094d95bb-124f-4491-a67a-8d0b5b434983@group-44CFF2683379, cid=28, SUCCESS, logIndex=10, commits[094d95bb-124f-4491-a67a-8d0b5b434983:c11, dd774419-39ed-4d90-9a0e-7a7d67fca22a:c10, b48366ef-6f68-46c9-99e7-9871be9f97bc:c10]
]]></system-out>
  </testcase>
  <testcase name="testFullBufferCondition" classname="org.apache.hadoop.ozone.client.rpc.TestBlockOutputStream" time="187.836">
    <failure type="java.lang.AssertionError">java.lang.AssertionError
	at org.junit.Assert.fail(Assert.java:86)
	at org.junit.Assert.assertTrue(Assert.java:41)
	at org.junit.Assert.assertTrue(Assert.java:52)
	at org.apache.hadoop.ozone.client.rpc.TestBlockOutputStream.testFullBufferCondition(TestBlockOutputStream.java:515)
	at sun.reflect.NativeMethodAccessorImpl.invoke0(Native Method)
	at sun.reflect.NativeMethodAccessorImpl.invoke(NativeMethodAccessorImpl.java:62)
	at sun.reflect.DelegatingMethodAccessorImpl.invoke(DelegatingMethodAccessorImpl.java:43)
	at java.lang.reflect.Method.invoke(Method.java:498)
	at org.junit.runners.model.FrameworkMethod$1.runReflectiveCall(FrameworkMethod.java:47)
	at org.junit.internal.runners.model.ReflectiveCallable.run(ReflectiveCallable.java:12)
	at org.junit.runners.model.FrameworkMethod.invokeExplosively(FrameworkMethod.java:44)
	at org.junit.internal.runners.statements.InvokeMethod.evaluate(InvokeMethod.java:17)
	at org.junit.runners.ParentRunner.runLeaf(ParentRunner.java:271)
	at org.junit.runners.BlockJUnit4ClassRunner.runChild(BlockJUnit4ClassRunner.java:70)
	at org.junit.runners.BlockJUnit4ClassRunner.runChild(BlockJUnit4ClassRunner.java:50)
	at org.junit.runners.ParentRunner$3.run(ParentRunner.java:238)
	at org.junit.runners.ParentRunner$1.schedule(ParentRunner.java:63)
	at org.junit.runners.ParentRunner.runChildren(ParentRunner.java:236)
	at org.junit.runners.ParentRunner.access$000(ParentRunner.java:53)
	at org.junit.runners.ParentRunner$2.evaluate(ParentRunner.java:229)
	at org.junit.internal.runners.statements.RunBefores.evaluate(RunBefores.java:26)
	at org.junit.internal.runners.statements.RunAfters.evaluate(RunAfters.java:27)
	at org.junit.runners.ParentRunner.run(ParentRunner.java:309)
	at org.apache.maven.surefire.junit4.JUnit4Provider.execute(JUnit4Provider.java:365)
	at org.apache.maven.surefire.junit4.JUnit4Provider.executeWithRerun(JUnit4Provider.java:273)
	at org.apache.maven.surefire.junit4.JUnit4Provider.executeTestSet(JUnit4Provider.java:238)
	at org.apache.maven.surefire.junit4.JUnit4Provider.invoke(JUnit4Provider.java:159)
	at org.apache.maven.surefire.booter.ForkedBooter.invokeProviderInSameClassLoader(ForkedBooter.java:384)
	at org.apache.maven.surefire.booter.ForkedBooter.runSuitesInProcess(ForkedBooter.java:345)
	at org.apache.maven.surefire.booter.ForkedBooter.execute(ForkedBooter.java:126)
	at org.apache.maven.surefire.booter.ForkedBooter.main(ForkedBooter.java:418)
</failure>
    <system-out><![CDATA[2019-09-11 07:09:38,067 [grpc-default-executor-0] INFO  interfaces.Container (KeyValueContainer.java:flushAndSyncDB(386)) - Container 3 is synced with bcsId 0.
2019-09-11 07:09:38,144 [RatisPipelineUtilsThread] INFO  pipeline.PipelineStateManager (PipelineStateManager.java:removePipeline(108)) - Pipeline Pipeline[ Id: 5804794a-73b5-487d-9840-eb8fe927fd11, Nodes: cfc25efc-54ed-4d3e-b2b6-13ccffc6d6ca{ip: 192.168.5.143, host: pr-hdds-1786-trunk-klbfp-3319181915, networkLocation: /default-rack, certSerialId: null}92412348-7352-40be-aea2-771c347789e7{ip: 192.168.5.143, host: pr-hdds-1786-trunk-klbfp-3319181915, networkLocation: /default-rack, certSerialId: null}76c4c990-655f-4900-b966-affd0bc7639c{ip: 192.168.5.143, host: pr-hdds-1786-trunk-klbfp-3319181915, networkLocation: /default-rack, certSerialId: null}, Type:RATIS, Factor:THREE, State:CLOSED] removed from db
2019-09-11 07:09:38,168 [grpc-default-executor-5] INFO  impl.RaftServerProxy (RaftServerProxy.java:addNew(89)) - 76c4c990-655f-4900-b966-affd0bc7639c: addNew group-D3816A677CDA:[76c4c990-655f-4900-b966-affd0bc7639c:192.168.5.143:43176, cfc25efc-54ed-4d3e-b2b6-13ccffc6d6ca:192.168.5.143:42744, 92412348-7352-40be-aea2-771c347789e7:192.168.5.143:37352] returns group-D3816A677CDA:java.util.concurrent.CompletableFuture@c330623[Not completed]
2019-09-11 07:09:38,170 [grpc-default-executor-0] INFO  impl.RaftServerProxy (RaftServerProxy.java:addNew(89)) - 92412348-7352-40be-aea2-771c347789e7: addNew group-D3816A677CDA:[76c4c990-655f-4900-b966-affd0bc7639c:192.168.5.143:43176, cfc25efc-54ed-4d3e-b2b6-13ccffc6d6ca:192.168.5.143:42744, 92412348-7352-40be-aea2-771c347789e7:192.168.5.143:37352] returns group-D3816A677CDA:java.util.concurrent.CompletableFuture@780c2cbb[Not completed]
2019-09-11 07:09:38,171 [grpc-default-executor-5] INFO  impl.RaftServerProxy (RaftServerProxy.java:addNew(89)) - cfc25efc-54ed-4d3e-b2b6-13ccffc6d6ca: addNew group-D3816A677CDA:[76c4c990-655f-4900-b966-affd0bc7639c:192.168.5.143:43176, cfc25efc-54ed-4d3e-b2b6-13ccffc6d6ca:192.168.5.143:42744, 92412348-7352-40be-aea2-771c347789e7:192.168.5.143:37352] returns group-D3816A677CDA:java.util.concurrent.CompletableFuture@80c837d[Not completed]
2019-09-11 07:09:38,174 [pool-77-thread-1] INFO  impl.RaftServerImpl (RaftServerImpl.java:<init>(95)) - 76c4c990-655f-4900-b966-affd0bc7639c: new RaftServerImpl for group-D3816A677CDA:[76c4c990-655f-4900-b966-affd0bc7639c:192.168.5.143:43176, cfc25efc-54ed-4d3e-b2b6-13ccffc6d6ca:192.168.5.143:42744, 92412348-7352-40be-aea2-771c347789e7:192.168.5.143:37352] with ContainerStateMachine:uninitialized
2019-09-11 07:09:38,174 [pool-77-thread-1] INFO  server.RaftServerConfigKeys (ConfUtils.java:logGet(43)) - raft.server.rpc.timeout.min = 5s (custom)
2019-09-11 07:09:38,174 [pool-77-thread-1] INFO  server.RaftServerConfigKeys (ConfUtils.java:logGet(43)) - raft.server.rpc.timeout.max = 5200ms (custom)
2019-09-11 07:09:38,174 [pool-77-thread-1] INFO  server.RaftServerConfigKeys (ConfUtils.java:logGet(43)) - raft.server.rpcslowness.timeout = 120s (custom)
2019-09-11 07:09:38,174 [pool-77-thread-1] INFO  server.RaftServerConfigKeys (ConfUtils.java:logGet(43)) - raft.server.sleep.deviation.threshold = 300 (default)
2019-09-11 07:09:38,175 [pool-77-thread-1] INFO  server.RaftServerConfigKeys (ConfUtils.java:logGet(43)) - raft.server.log.appender.install.snapshot.enabled = false (custom)
2019-09-11 07:09:38,175 [pool-77-thread-1] INFO  impl.RaftServerImpl (ServerState.java:<init>(103)) - 76c4c990-655f-4900-b966-affd0bc7639c@group-D3816A677CDA: ConfigurationManager, init=-1: [76c4c990-655f-4900-b966-affd0bc7639c:192.168.5.143:43176, cfc25efc-54ed-4d3e-b2b6-13ccffc6d6ca:192.168.5.143:42744, 92412348-7352-40be-aea2-771c347789e7:192.168.5.143:37352], old=null, confs=<EMPTY_MAP>
2019-09-11 07:09:38,175 [pool-27-thread-1] INFO  impl.RaftServerImpl (RaftServerImpl.java:<init>(95)) - cfc25efc-54ed-4d3e-b2b6-13ccffc6d6ca: new RaftServerImpl for group-D3816A677CDA:[76c4c990-655f-4900-b966-affd0bc7639c:192.168.5.143:43176, cfc25efc-54ed-4d3e-b2b6-13ccffc6d6ca:192.168.5.143:42744, 92412348-7352-40be-aea2-771c347789e7:192.168.5.143:37352] with ContainerStateMachine:uninitialized
2019-09-11 07:09:38,175 [pool-27-thread-1] INFO  server.RaftServerConfigKeys (ConfUtils.java:logGet(43)) - raft.server.rpc.timeout.min = 5s (custom)
2019-09-11 07:09:38,175 [pool-77-thread-1] INFO  server.RaftServerConfigKeys (ConfUtils.java:logGet(43)) - raft.server.storage.dir = [/workdir/hadoop-ozone/integration-test/target/test-dir/MiniOzoneClusterImpl-b235dd93-a3eb-497e-8479-f8d4900b0fc5/datanode-5/data/ratis] (custom)
2019-09-11 07:09:38,175 [pool-27-thread-1] INFO  server.RaftServerConfigKeys (ConfUtils.java:logGet(43)) - raft.server.rpc.timeout.max = 5200ms (custom)
2019-09-11 07:09:38,175 [pool-27-thread-1] INFO  server.RaftServerConfigKeys (ConfUtils.java:logGet(43)) - raft.server.rpcslowness.timeout = 120s (custom)
2019-09-11 07:09:38,176 [pool-27-thread-1] INFO  server.RaftServerConfigKeys (ConfUtils.java:logGet(43)) - raft.server.sleep.deviation.threshold = 300 (default)
2019-09-11 07:09:38,176 [pool-77-thread-1] INFO  storage.RaftStorageDirectory (RaftStorageDirectory.java:analyzeStorage(246)) - The storage directory /workdir/hadoop-ozone/integration-test/target/test-dir/MiniOzoneClusterImpl-b235dd93-a3eb-497e-8479-f8d4900b0fc5/datanode-5/data/ratis/5af9484c-b11e-453f-b538-d3816a677cda does not exist. Creating ...
2019-09-11 07:09:38,176 [pool-27-thread-1] INFO  server.RaftServerConfigKeys (ConfUtils.java:logGet(43)) - raft.server.log.appender.install.snapshot.enabled = false (custom)
2019-09-11 07:09:38,176 [pool-47-thread-1] INFO  impl.RaftServerImpl (RaftServerImpl.java:<init>(95)) - 92412348-7352-40be-aea2-771c347789e7: new RaftServerImpl for group-D3816A677CDA:[76c4c990-655f-4900-b966-affd0bc7639c:192.168.5.143:43176, cfc25efc-54ed-4d3e-b2b6-13ccffc6d6ca:192.168.5.143:42744, 92412348-7352-40be-aea2-771c347789e7:192.168.5.143:37352] with ContainerStateMachine:uninitialized
2019-09-11 07:09:38,176 [pool-27-thread-1] INFO  impl.RaftServerImpl (ServerState.java:<init>(103)) - cfc25efc-54ed-4d3e-b2b6-13ccffc6d6ca@group-D3816A677CDA: ConfigurationManager, init=-1: [76c4c990-655f-4900-b966-affd0bc7639c:192.168.5.143:43176, cfc25efc-54ed-4d3e-b2b6-13ccffc6d6ca:192.168.5.143:42744, 92412348-7352-40be-aea2-771c347789e7:192.168.5.143:37352], old=null, confs=<EMPTY_MAP>
2019-09-11 07:09:38,176 [pool-47-thread-1] INFO  server.RaftServerConfigKeys (ConfUtils.java:logGet(43)) - raft.server.rpc.timeout.min = 5s (custom)
2019-09-11 07:09:38,176 [pool-27-thread-1] INFO  server.RaftServerConfigKeys (ConfUtils.java:logGet(43)) - raft.server.storage.dir = [/workdir/hadoop-ozone/integration-test/target/test-dir/MiniOzoneClusterImpl-b235dd93-a3eb-497e-8479-f8d4900b0fc5/datanode-0/data/ratis] (custom)
2019-09-11 07:09:38,177 [pool-47-thread-1] INFO  server.RaftServerConfigKeys (ConfUtils.java:logGet(43)) - raft.server.rpc.timeout.max = 5200ms (custom)
2019-09-11 07:09:38,177 [pool-47-thread-1] INFO  server.RaftServerConfigKeys (ConfUtils.java:logGet(43)) - raft.server.rpcslowness.timeout = 120s (custom)
2019-09-11 07:09:38,177 [pool-27-thread-1] INFO  storage.RaftStorageDirectory (RaftStorageDirectory.java:analyzeStorage(246)) - The storage directory /workdir/hadoop-ozone/integration-test/target/test-dir/MiniOzoneClusterImpl-b235dd93-a3eb-497e-8479-f8d4900b0fc5/datanode-0/data/ratis/5af9484c-b11e-453f-b538-d3816a677cda does not exist. Creating ...
2019-09-11 07:09:38,177 [pool-47-thread-1] INFO  server.RaftServerConfigKeys (ConfUtils.java:logGet(43)) - raft.server.sleep.deviation.threshold = 300 (default)
2019-09-11 07:09:38,177 [pool-47-thread-1] INFO  server.RaftServerConfigKeys (ConfUtils.java:logGet(43)) - raft.server.log.appender.install.snapshot.enabled = false (custom)
2019-09-11 07:09:38,178 [pool-47-thread-1] INFO  impl.RaftServerImpl (ServerState.java:<init>(103)) - 92412348-7352-40be-aea2-771c347789e7@group-D3816A677CDA: ConfigurationManager, init=-1: [76c4c990-655f-4900-b966-affd0bc7639c:192.168.5.143:43176, cfc25efc-54ed-4d3e-b2b6-13ccffc6d6ca:192.168.5.143:42744, 92412348-7352-40be-aea2-771c347789e7:192.168.5.143:37352], old=null, confs=<EMPTY_MAP>
2019-09-11 07:09:38,178 [pool-47-thread-1] INFO  server.RaftServerConfigKeys (ConfUtils.java:logGet(43)) - raft.server.storage.dir = [/workdir/hadoop-ozone/integration-test/target/test-dir/MiniOzoneClusterImpl-b235dd93-a3eb-497e-8479-f8d4900b0fc5/datanode-2/data/ratis] (custom)
2019-09-11 07:09:38,178 [pool-47-thread-1] INFO  storage.RaftStorageDirectory (RaftStorageDirectory.java:analyzeStorage(246)) - The storage directory /workdir/hadoop-ozone/integration-test/target/test-dir/MiniOzoneClusterImpl-b235dd93-a3eb-497e-8479-f8d4900b0fc5/datanode-2/data/ratis/5af9484c-b11e-453f-b538-d3816a677cda does not exist. Creating ...
2019-09-11 07:09:38,231 [pool-47-thread-1] INFO  storage.RaftStorageDirectory (RaftStorageDirectory.java:tryLock(328)) - Lock on /workdir/hadoop-ozone/integration-test/target/test-dir/MiniOzoneClusterImpl-b235dd93-a3eb-497e-8479-f8d4900b0fc5/datanode-2/data/ratis/5af9484c-b11e-453f-b538-d3816a677cda/in_use.lock acquired by nodename 8566@pr-hdds-1786-trunk-klbfp-3319181915
2019-09-11 07:09:38,231 [pool-27-thread-1] INFO  storage.RaftStorageDirectory (RaftStorageDirectory.java:tryLock(328)) - Lock on /workdir/hadoop-ozone/integration-test/target/test-dir/MiniOzoneClusterImpl-b235dd93-a3eb-497e-8479-f8d4900b0fc5/datanode-0/data/ratis/5af9484c-b11e-453f-b538-d3816a677cda/in_use.lock acquired by nodename 8566@pr-hdds-1786-trunk-klbfp-3319181915
2019-09-11 07:09:38,231 [pool-77-thread-1] INFO  storage.RaftStorageDirectory (RaftStorageDirectory.java:tryLock(328)) - Lock on /workdir/hadoop-ozone/integration-test/target/test-dir/MiniOzoneClusterImpl-b235dd93-a3eb-497e-8479-f8d4900b0fc5/datanode-5/data/ratis/5af9484c-b11e-453f-b538-d3816a677cda/in_use.lock acquired by nodename 8566@pr-hdds-1786-trunk-klbfp-3319181915
2019-09-11 07:09:38,278 [pool-47-thread-1] INFO  storage.RaftStorage (RaftStorage.java:format(72)) - Storage directory /workdir/hadoop-ozone/integration-test/target/test-dir/MiniOzoneClusterImpl-b235dd93-a3eb-497e-8479-f8d4900b0fc5/datanode-2/data/ratis/5af9484c-b11e-453f-b538-d3816a677cda has been successfully formatted.
2019-09-11 07:09:38,279 [pool-27-thread-1] INFO  storage.RaftStorage (RaftStorage.java:format(72)) - Storage directory /workdir/hadoop-ozone/integration-test/target/test-dir/MiniOzoneClusterImpl-b235dd93-a3eb-497e-8479-f8d4900b0fc5/datanode-0/data/ratis/5af9484c-b11e-453f-b538-d3816a677cda has been successfully formatted.
2019-09-11 07:09:38,279 [pool-77-thread-1] INFO  storage.RaftStorage (RaftStorage.java:format(72)) - Storage directory /workdir/hadoop-ozone/integration-test/target/test-dir/MiniOzoneClusterImpl-b235dd93-a3eb-497e-8479-f8d4900b0fc5/datanode-5/data/ratis/5af9484c-b11e-453f-b538-d3816a677cda has been successfully formatted.
2019-09-11 07:09:38,279 [pool-47-thread-1] INFO  ratis.ContainerStateMachine (ContainerStateMachine.java:loadSnapshot(230)) - group-D3816A677CDA: The snapshot info is null. Setting the last applied indexto:(t:0, i:~)
2019-09-11 07:09:38,279 [pool-77-thread-1] INFO  ratis.ContainerStateMachine (ContainerStateMachine.java:loadSnapshot(230)) - group-D3816A677CDA: The snapshot info is null. Setting the last applied indexto:(t:0, i:~)
2019-09-11 07:09:38,279 [pool-27-thread-1] INFO  ratis.ContainerStateMachine (ContainerStateMachine.java:loadSnapshot(230)) - group-D3816A677CDA: The snapshot info is null. Setting the last applied indexto:(t:0, i:~)
2019-09-11 07:09:38,279 [pool-77-thread-1] INFO  server.RaftServerConfigKeys (ConfUtils.java:logGet(43)) - raft.server.notification.no-leader.timeout = 120s (custom)
2019-09-11 07:09:38,279 [pool-47-thread-1] INFO  server.RaftServerConfigKeys (ConfUtils.java:logGet(43)) - raft.server.notification.no-leader.timeout = 120s (custom)
2019-09-11 07:09:38,280 [pool-77-thread-1] INFO  server.RaftServerConfigKeys (ConfUtils.java:logGet(43)) - raft.server.log.use.memory = false (default)
2019-09-11 07:09:38,279 [pool-27-thread-1] INFO  server.RaftServerConfigKeys (ConfUtils.java:logGet(43)) - raft.server.notification.no-leader.timeout = 120s (custom)
2019-09-11 07:09:38,280 [pool-77-thread-1] INFO  server.RaftServerConfigKeys (ConfUtils.java:logGet(43)) - raft.server.log.purge.gap = 1000000 (custom)
2019-09-11 07:09:38,280 [pool-47-thread-1] INFO  server.RaftServerConfigKeys (ConfUtils.java:logGet(43)) - raft.server.log.use.memory = false (default)
2019-09-11 07:09:38,280 [pool-77-thread-1] INFO  server.RaftServerConfigKeys (ConfUtils.java:logGet(43)) - raft.server.log.appender.buffer.byte-limit = 33554432 (custom)
2019-09-11 07:09:38,280 [pool-27-thread-1] INFO  server.RaftServerConfigKeys (ConfUtils.java:logGet(43)) - raft.server.log.use.memory = false (default)
2019-09-11 07:09:38,280 [pool-77-thread-1] INFO  server.RaftServerConfigKeys (ConfUtils.java:logGet(43)) - raft.server.log.segment.size.max = 1048576 (custom)
2019-09-11 07:09:38,280 [pool-47-thread-1] INFO  server.RaftServerConfigKeys (ConfUtils.java:logGet(43)) - raft.server.log.purge.gap = 1000000 (custom)
2019-09-11 07:09:38,281 [pool-77-thread-1] INFO  server.RaftServerConfigKeys (ConfUtils.java:logGet(43)) - raft.server.log.segment.cache.num.max = 2 (custom)
2019-09-11 07:09:38,281 [pool-27-thread-1] INFO  server.RaftServerConfigKeys (ConfUtils.java:logGet(43)) - raft.server.log.purge.gap = 1000000 (custom)
2019-09-11 07:09:38,281 [pool-77-thread-1] INFO  segmented.SegmentedRaftLogWorker (SegmentedRaftLogWorker.java:<init>(172)) - new 76c4c990-655f-4900-b966-affd0bc7639c@group-D3816A677CDA-SegmentedRaftLogWorker for RaftStorage:Storage Directory /workdir/hadoop-ozone/integration-test/target/test-dir/MiniOzoneClusterImpl-b235dd93-a3eb-497e-8479-f8d4900b0fc5/datanode-5/data/ratis/5af9484c-b11e-453f-b538-d3816a677cda
2019-09-11 07:09:38,281 [pool-47-thread-1] INFO  server.RaftServerConfigKeys (ConfUtils.java:logGet(43)) - raft.server.log.appender.buffer.byte-limit = 33554432 (custom)
2019-09-11 07:09:38,281 [pool-77-thread-1] INFO  server.RaftServerConfigKeys (ConfUtils.java:logGet(43)) - raft.server.log.queue.byte-limit = 2147483647 (custom)
2019-09-11 07:09:38,281 [pool-27-thread-1] INFO  server.RaftServerConfigKeys (ConfUtils.java:logGet(43)) - raft.server.log.appender.buffer.byte-limit = 33554432 (custom)
2019-09-11 07:09:38,281 [pool-77-thread-1] INFO  server.RaftServerConfigKeys (ConfUtils.java:logGet(43)) - raft.server.log.queue.element-limit = 1024 (custom)
2019-09-11 07:09:38,281 [pool-47-thread-1] INFO  server.RaftServerConfigKeys (ConfUtils.java:logGet(43)) - raft.server.log.segment.size.max = 1048576 (custom)
2019-09-11 07:09:38,282 [pool-77-thread-1] INFO  server.RaftServerConfigKeys (ConfUtils.java:logGet(43)) - raft.server.log.segment.size.max = 1048576 (custom)
2019-09-11 07:09:38,282 [pool-27-thread-1] INFO  server.RaftServerConfigKeys (ConfUtils.java:logGet(43)) - raft.server.log.segment.size.max = 1048576 (custom)
2019-09-11 07:09:38,282 [pool-77-thread-1] INFO  server.RaftServerConfigKeys (ConfUtils.java:logGet(43)) - raft.server.log.preallocated.size = 16384 (custom)
2019-09-11 07:09:38,282 [pool-77-thread-1] INFO  server.RaftServerConfigKeys (ConfUtils.java:logGet(43)) - raft.server.log.write.buffer.size = 33554432 (custom)
2019-09-11 07:09:38,282 [pool-47-thread-1] INFO  server.RaftServerConfigKeys (ConfUtils.java:logGet(43)) - raft.server.log.segment.cache.num.max = 2 (custom)
2019-09-11 07:09:38,282 [pool-77-thread-1] INFO  server.RaftServerConfigKeys (ConfUtils.java:logGet(43)) - raft.server.log.force.sync.num = 128 (default)
2019-09-11 07:09:38,282 [pool-27-thread-1] INFO  server.RaftServerConfigKeys (ConfUtils.java:logGet(43)) - raft.server.log.segment.cache.num.max = 2 (custom)
2019-09-11 07:09:38,283 [pool-77-thread-1] INFO  server.RaftServerConfigKeys (ConfUtils.java:logGet(43)) - raft.server.log.statemachine.data.sync = true (default)
2019-09-11 07:09:38,283 [pool-47-thread-1] INFO  segmented.SegmentedRaftLogWorker (SegmentedRaftLogWorker.java:<init>(172)) - new 92412348-7352-40be-aea2-771c347789e7@group-D3816A677CDA-SegmentedRaftLogWorker for RaftStorage:Storage Directory /workdir/hadoop-ozone/integration-test/target/test-dir/MiniOzoneClusterImpl-b235dd93-a3eb-497e-8479-f8d4900b0fc5/datanode-2/data/ratis/5af9484c-b11e-453f-b538-d3816a677cda
2019-09-11 07:09:38,283 [pool-77-thread-1] INFO  server.RaftServerConfigKeys (ConfUtils.java:logGet(43)) - raft.server.log.statemachine.data.sync.timeout = 10s (default)
2019-09-11 07:09:38,283 [pool-27-thread-1] INFO  segmented.SegmentedRaftLogWorker (SegmentedRaftLogWorker.java:<init>(172)) - new cfc25efc-54ed-4d3e-b2b6-13ccffc6d6ca@group-D3816A677CDA-SegmentedRaftLogWorker for RaftStorage:Storage Directory /workdir/hadoop-ozone/integration-test/target/test-dir/MiniOzoneClusterImpl-b235dd93-a3eb-497e-8479-f8d4900b0fc5/datanode-0/data/ratis/5af9484c-b11e-453f-b538-d3816a677cda
2019-09-11 07:09:38,283 [pool-77-thread-1] INFO  server.RaftServerConfigKeys (ConfUtils.java:logGet(43)) - raft.server.log.statemachine.data.sync.timeout.retry = -1 (default)
2019-09-11 07:09:38,283 [pool-47-thread-1] INFO  server.RaftServerConfigKeys (ConfUtils.java:logGet(43)) - raft.server.log.queue.byte-limit = 2147483647 (custom)
2019-09-11 07:09:38,283 [pool-77-thread-1] INFO  server.RaftServerConfigKeys (ConfUtils.java:logGet(43)) - raft.server.log.statemachine.data.caching.enabled = true (custom)
2019-09-11 07:09:38,283 [pool-27-thread-1] INFO  server.RaftServerConfigKeys (ConfUtils.java:logGet(43)) - raft.server.log.queue.byte-limit = 2147483647 (custom)
2019-09-11 07:09:38,284 [pool-47-thread-1] INFO  server.RaftServerConfigKeys (ConfUtils.java:logGet(43)) - raft.server.log.queue.element-limit = 1024 (custom)
2019-09-11 07:09:38,284 [pool-77-thread-1] INFO  segmented.SegmentedRaftLogWorker (SegmentedRaftLogWorker.java:lambda$new$0(132)) - 76c4c990-655f-4900-b966-affd0bc7639c@group-D3816A677CDA-SegmentedRaftLogWorker: flushIndex: setUnconditionally 0 -> -1
2019-09-11 07:09:38,284 [pool-27-thread-1] INFO  server.RaftServerConfigKeys (ConfUtils.java:logGet(43)) - raft.server.log.queue.element-limit = 1024 (custom)
2019-09-11 07:09:38,284 [pool-47-thread-1] INFO  server.RaftServerConfigKeys (ConfUtils.java:logGet(43)) - raft.server.log.segment.size.max = 1048576 (custom)
2019-09-11 07:09:38,284 [pool-27-thread-1] INFO  server.RaftServerConfigKeys (ConfUtils.java:logGet(43)) - raft.server.log.segment.size.max = 1048576 (custom)
2019-09-11 07:09:38,284 [pool-77-thread-1] INFO  server.RaftServerConfigKeys (ConfUtils.java:logGet(43)) - raft.server.snapshot.auto.trigger.enabled = true (custom)
2019-09-11 07:09:38,285 [pool-27-thread-1] INFO  server.RaftServerConfigKeys (ConfUtils.java:logGet(43)) - raft.server.log.preallocated.size = 16384 (custom)
2019-09-11 07:09:38,284 [pool-47-thread-1] INFO  server.RaftServerConfigKeys (ConfUtils.java:logGet(43)) - raft.server.log.preallocated.size = 16384 (custom)
2019-09-11 07:09:38,285 [pool-27-thread-1] INFO  server.RaftServerConfigKeys (ConfUtils.java:logGet(43)) - raft.server.log.write.buffer.size = 33554432 (custom)
2019-09-11 07:09:38,285 [pool-77-thread-1] INFO  server.RaftServerConfigKeys (ConfUtils.java:logGet(43)) - raft.server.snapshot.auto.trigger.threshold = 10000 (custom)
2019-09-11 07:09:38,285 [pool-27-thread-1] INFO  server.RaftServerConfigKeys (ConfUtils.java:logGet(43)) - raft.server.log.force.sync.num = 128 (default)
2019-09-11 07:09:38,285 [pool-47-thread-1] INFO  server.RaftServerConfigKeys (ConfUtils.java:logGet(43)) - raft.server.log.write.buffer.size = 33554432 (custom)
2019-09-11 07:09:38,285 [pool-27-thread-1] INFO  server.RaftServerConfigKeys (ConfUtils.java:logGet(43)) - raft.server.log.statemachine.data.sync = true (default)
2019-09-11 07:09:38,285 [pool-77-thread-1] INFO  server.RaftServerConfigKeys (ConfUtils.java:logGet(43)) - raft.server.snapshot.retention.num.files = 5 (custom)
2019-09-11 07:09:38,286 [pool-27-thread-1] INFO  server.RaftServerConfigKeys (ConfUtils.java:logGet(43)) - raft.server.log.statemachine.data.sync.timeout = 10s (default)
2019-09-11 07:09:38,286 [pool-27-thread-1] INFO  server.RaftServerConfigKeys (ConfUtils.java:logGet(43)) - raft.server.log.statemachine.data.sync.timeout.retry = -1 (default)
2019-09-11 07:09:38,285 [pool-47-thread-1] INFO  server.RaftServerConfigKeys (ConfUtils.java:logGet(43)) - raft.server.log.force.sync.num = 128 (default)
2019-09-11 07:09:38,286 [pool-27-thread-1] INFO  server.RaftServerConfigKeys (ConfUtils.java:logGet(43)) - raft.server.log.statemachine.data.caching.enabled = true (custom)
2019-09-11 07:09:38,286 [pool-77-thread-1] INFO  server.RaftServerConfigKeys (ConfUtils.java:logGet(43)) - raft.server.retrycache.expirytime = 600000ms (custom)
2019-09-11 07:09:38,286 [pool-47-thread-1] INFO  server.RaftServerConfigKeys (ConfUtils.java:logGet(43)) - raft.server.log.statemachine.data.sync = true (default)
2019-09-11 07:09:38,287 [pool-27-thread-1] INFO  segmented.SegmentedRaftLogWorker (SegmentedRaftLogWorker.java:lambda$new$0(132)) - cfc25efc-54ed-4d3e-b2b6-13ccffc6d6ca@group-D3816A677CDA-SegmentedRaftLogWorker: flushIndex: setUnconditionally 0 -> -1
2019-09-11 07:09:38,287 [pool-47-thread-1] INFO  server.RaftServerConfigKeys (ConfUtils.java:logGet(43)) - raft.server.log.statemachine.data.sync.timeout = 10s (default)
2019-09-11 07:09:38,287 [pool-47-thread-1] INFO  server.RaftServerConfigKeys (ConfUtils.java:logGet(43)) - raft.server.log.statemachine.data.sync.timeout.retry = -1 (default)
2019-09-11 07:09:38,287 [pool-27-thread-1] INFO  server.RaftServerConfigKeys (ConfUtils.java:logGet(43)) - raft.server.snapshot.auto.trigger.enabled = true (custom)
2019-09-11 07:09:38,287 [pool-47-thread-1] INFO  server.RaftServerConfigKeys (ConfUtils.java:logGet(43)) - raft.server.log.statemachine.data.caching.enabled = true (custom)
2019-09-11 07:09:38,287 [pool-27-thread-1] INFO  server.RaftServerConfigKeys (ConfUtils.java:logGet(43)) - raft.server.snapshot.auto.trigger.threshold = 10000 (custom)
2019-09-11 07:09:38,288 [pool-27-thread-1] INFO  server.RaftServerConfigKeys (ConfUtils.java:logGet(43)) - raft.server.snapshot.retention.num.files = 5 (custom)
2019-09-11 07:09:38,288 [pool-47-thread-1] INFO  segmented.SegmentedRaftLogWorker (SegmentedRaftLogWorker.java:lambda$new$0(132)) - 92412348-7352-40be-aea2-771c347789e7@group-D3816A677CDA-SegmentedRaftLogWorker: flushIndex: setUnconditionally 0 -> -1
2019-09-11 07:09:38,288 [pool-27-thread-1] INFO  server.RaftServerConfigKeys (ConfUtils.java:logGet(43)) - raft.server.retrycache.expirytime = 600000ms (custom)
2019-09-11 07:09:38,288 [pool-47-thread-1] INFO  server.RaftServerConfigKeys (ConfUtils.java:logGet(43)) - raft.server.snapshot.auto.trigger.enabled = true (custom)
2019-09-11 07:09:38,288 [pool-47-thread-1] INFO  server.RaftServerConfigKeys (ConfUtils.java:logGet(43)) - raft.server.snapshot.auto.trigger.threshold = 10000 (custom)
2019-09-11 07:09:38,288 [pool-47-thread-1] INFO  server.RaftServerConfigKeys (ConfUtils.java:logGet(43)) - raft.server.snapshot.retention.num.files = 5 (custom)
2019-09-11 07:09:38,288 [pool-47-thread-1] INFO  server.RaftServerConfigKeys (ConfUtils.java:logGet(43)) - raft.server.retrycache.expirytime = 600000ms (custom)
2019-09-11 07:09:38,292 [pool-77-thread-1] INFO  impl.RaftServerImpl (RaftServerImpl.java:start(185)) - 76c4c990-655f-4900-b966-affd0bc7639c@group-D3816A677CDA: start as a follower, conf=-1: [76c4c990-655f-4900-b966-affd0bc7639c:192.168.5.143:43176, cfc25efc-54ed-4d3e-b2b6-13ccffc6d6ca:192.168.5.143:42744, 92412348-7352-40be-aea2-771c347789e7:192.168.5.143:37352], old=null
2019-09-11 07:09:38,292 [pool-77-thread-1] INFO  impl.RaftServerImpl (RaftServerImpl.java:setRole(174)) - 76c4c990-655f-4900-b966-affd0bc7639c@group-D3816A677CDA: changes role from      null to FOLLOWER at term 0 for startAsFollower
2019-09-11 07:09:38,292 [pool-77-thread-1] INFO  impl.RoleInfo (RoleInfo.java:updateAndGet(143)) - 76c4c990-655f-4900-b966-affd0bc7639c: start FollowerState
2019-09-11 07:09:38,292 [pool-27-thread-1] INFO  impl.RaftServerImpl (RaftServerImpl.java:start(185)) - cfc25efc-54ed-4d3e-b2b6-13ccffc6d6ca@group-D3816A677CDA: start as a follower, conf=-1: [76c4c990-655f-4900-b966-affd0bc7639c:192.168.5.143:43176, cfc25efc-54ed-4d3e-b2b6-13ccffc6d6ca:192.168.5.143:42744, 92412348-7352-40be-aea2-771c347789e7:192.168.5.143:37352], old=null
2019-09-11 07:09:38,292 [pool-27-thread-1] INFO  impl.RaftServerImpl (RaftServerImpl.java:setRole(174)) - cfc25efc-54ed-4d3e-b2b6-13ccffc6d6ca@group-D3816A677CDA: changes role from      null to FOLLOWER at term 0 for startAsFollower
2019-09-11 07:09:38,292 [pool-47-thread-1] INFO  impl.RaftServerImpl (RaftServerImpl.java:start(185)) - 92412348-7352-40be-aea2-771c347789e7@group-D3816A677CDA: start as a follower, conf=-1: [76c4c990-655f-4900-b966-affd0bc7639c:192.168.5.143:43176, cfc25efc-54ed-4d3e-b2b6-13ccffc6d6ca:192.168.5.143:42744, 92412348-7352-40be-aea2-771c347789e7:192.168.5.143:37352], old=null
2019-09-11 07:09:38,293 [pool-27-thread-1] INFO  impl.RoleInfo (RoleInfo.java:updateAndGet(143)) - cfc25efc-54ed-4d3e-b2b6-13ccffc6d6ca: start FollowerState
2019-09-11 07:09:38,293 [pool-47-thread-1] INFO  impl.RaftServerImpl (RaftServerImpl.java:setRole(174)) - 92412348-7352-40be-aea2-771c347789e7@group-D3816A677CDA: changes role from      null to FOLLOWER at term 0 for startAsFollower
2019-09-11 07:09:38,293 [pool-77-thread-1] INFO  util.JmxRegister (JmxRegister.java:tryRegister(44)) - Successfully registered JMX Bean with object name Ratis:service=RaftServer,group=group-D3816A677CDA,id=76c4c990-655f-4900-b966-affd0bc7639c
2019-09-11 07:09:38,293 [pool-47-thread-1] INFO  impl.RoleInfo (RoleInfo.java:updateAndGet(143)) - 92412348-7352-40be-aea2-771c347789e7: start FollowerState
2019-09-11 07:09:38,293 [pool-27-thread-1] INFO  util.JmxRegister (JmxRegister.java:tryRegister(44)) - Successfully registered JMX Bean with object name Ratis:service=RaftServer,group=group-D3816A677CDA,id=cfc25efc-54ed-4d3e-b2b6-13ccffc6d6ca
2019-09-11 07:09:38,293 [pool-47-thread-1] INFO  util.JmxRegister (JmxRegister.java:tryRegister(44)) - Successfully registered JMX Bean with object name Ratis:service=RaftServer,group=group-D3816A677CDA,id=92412348-7352-40be-aea2-771c347789e7
2019-09-11 07:09:38,304 [RatisPipelineUtilsThread] INFO  pipeline.PipelineStateManager (PipelineStateManager.java:addPipeline(56)) - Created pipeline Pipeline[ Id: 5af9484c-b11e-453f-b538-d3816a677cda, Nodes: cfc25efc-54ed-4d3e-b2b6-13ccffc6d6ca{ip: 192.168.5.143, host: pr-hdds-1786-trunk-klbfp-3319181915, networkLocation: /default-rack, certSerialId: null}92412348-7352-40be-aea2-771c347789e7{ip: 192.168.5.143, host: pr-hdds-1786-trunk-klbfp-3319181915, networkLocation: /default-rack, certSerialId: null}76c4c990-655f-4900-b966-affd0bc7639c{ip: 192.168.5.143, host: pr-hdds-1786-trunk-klbfp-3319181915, networkLocation: /default-rack, certSerialId: null}, Type:RATIS, Factor:THREE, State:OPEN]
2019-09-11 07:09:39,124 [grpc-default-executor-5] INFO  impl.RaftServerProxy (RaftServerProxy.java:remove(95)) - cfc25efc-54ed-4d3e-b2b6-13ccffc6d6ca: remove group-EB8FE927FD11:null
2019-09-11 07:09:39,135 [RatisPipelineUtilsThread] WARN  pipeline.RatisPipelineUtils (RatisPipelineUtils.java:destroyPipeline(66)) - Pipeline destroy failed for pipeline=PipelineID=5804794a-73b5-487d-9840-eb8fe927fd11 dn=cfc25efc-54ed-4d3e-b2b6-13ccffc6d6ca{ip: 192.168.5.143, host: pr-hdds-1786-trunk-klbfp-3319181915, networkLocation: /default-rack, certSerialId: null}
2019-09-11 07:09:39,142 [grpc-default-executor-5] INFO  impl.RaftServerProxy (RaftServerProxy.java:remove(95)) - 92412348-7352-40be-aea2-771c347789e7: remove group-EB8FE927FD11:null
2019-09-11 07:09:39,149 [RatisPipelineUtilsThread] WARN  pipeline.RatisPipelineUtils (RatisPipelineUtils.java:destroyPipeline(66)) - Pipeline destroy failed for pipeline=PipelineID=5804794a-73b5-487d-9840-eb8fe927fd11 dn=92412348-7352-40be-aea2-771c347789e7{ip: 192.168.5.143, host: pr-hdds-1786-trunk-klbfp-3319181915, networkLocation: /default-rack, certSerialId: null}
2019-09-11 07:09:39,161 [grpc-default-executor-5] INFO  impl.RaftServerProxy (RaftServerProxy.java:remove(95)) - 76c4c990-655f-4900-b966-affd0bc7639c: remove group-EB8FE927FD11:null
2019-09-11 07:09:39,172 [RatisPipelineUtilsThread] WARN  pipeline.RatisPipelineUtils (RatisPipelineUtils.java:destroyPipeline(66)) - Pipeline destroy failed for pipeline=PipelineID=5804794a-73b5-487d-9840-eb8fe927fd11 dn=76c4c990-655f-4900-b966-affd0bc7639c{ip: 192.168.5.143, host: pr-hdds-1786-trunk-klbfp-3319181915, networkLocation: /default-rack, certSerialId: null}
2019-09-11 07:09:39,173 [RatisPipelineUtilsThread] ERROR pipeline.SCMPipelineManager (Scheduler.java:lambda$schedule$1(70)) - Destroy pipeline failed for pipeline:Pipeline[ Id: 5804794a-73b5-487d-9840-eb8fe927fd11, Nodes: cfc25efc-54ed-4d3e-b2b6-13ccffc6d6ca{ip: 192.168.5.143, host: pr-hdds-1786-trunk-klbfp-3319181915, networkLocation: /default-rack, certSerialId: null}92412348-7352-40be-aea2-771c347789e7{ip: 192.168.5.143, host: pr-hdds-1786-trunk-klbfp-3319181915, networkLocation: /default-rack, certSerialId: null}76c4c990-655f-4900-b966-affd0bc7639c{ip: 192.168.5.143, host: pr-hdds-1786-trunk-klbfp-3319181915, networkLocation: /default-rack, certSerialId: null}, Type:RATIS, Factor:THREE, State:CLOSED]
org.apache.hadoop.hdds.scm.pipeline.PipelineNotFoundException: PipelineID=5804794a-73b5-487d-9840-eb8fe927fd11 not found
	at org.apache.hadoop.hdds.scm.pipeline.PipelineStateMap.getPipeline(PipelineStateMap.java:132)
	at org.apache.hadoop.hdds.scm.pipeline.PipelineStateMap.removePipeline(PipelineStateMap.java:322)
	at org.apache.hadoop.hdds.scm.pipeline.PipelineStateManager.removePipeline(PipelineStateManager.java:107)
	at org.apache.hadoop.hdds.scm.pipeline.SCMPipelineManager.removePipeline(SCMPipelineManager.java:423)
	at org.apache.hadoop.hdds.scm.pipeline.SCMPipelineManager.destroyPipeline(SCMPipelineManager.java:409)
	at org.apache.hadoop.hdds.scm.pipeline.SCMPipelineManager.lambda$finalizeAndDestroyPipeline$0(SCMPipelineManager.java:318)
	at org.apache.hadoop.utils.Scheduler.lambda$schedule$1(Scheduler.java:68)
	at java.util.concurrent.Executors$RunnableAdapter.call(Executors.java:511)
	at java.util.concurrent.FutureTask.run(FutureTask.java:266)
	at java.util.concurrent.ScheduledThreadPoolExecutor$ScheduledFutureTask.access$201(ScheduledThreadPoolExecutor.java:180)
	at java.util.concurrent.ScheduledThreadPoolExecutor$ScheduledFutureTask.run(ScheduledThreadPoolExecutor.java:293)
	at java.util.concurrent.ThreadPoolExecutor.runWorker(ThreadPoolExecutor.java:1149)
	at java.util.concurrent.ThreadPoolExecutor$Worker.run(ThreadPoolExecutor.java:624)
	at java.lang.Thread.run(Thread.java:748)
2019-09-11 07:09:40,155 [grpc-default-executor-5] INFO  impl.RaftServerProxy (RaftServerProxy.java:remove(95)) - cfc25efc-54ed-4d3e-b2b6-13ccffc6d6ca: remove group-EB8FE927FD11:null
2019-09-11 07:09:40,171 [RatisPipelineUtilsThread] WARN  pipeline.RatisPipelineUtils (RatisPipelineUtils.java:destroyPipeline(66)) - Pipeline destroy failed for pipeline=PipelineID=5804794a-73b5-487d-9840-eb8fe927fd11 dn=cfc25efc-54ed-4d3e-b2b6-13ccffc6d6ca{ip: 192.168.5.143, host: pr-hdds-1786-trunk-klbfp-3319181915, networkLocation: /default-rack, certSerialId: null}
2019-09-11 07:09:40,179 [grpc-default-executor-5] INFO  impl.RaftServerProxy (RaftServerProxy.java:remove(95)) - 92412348-7352-40be-aea2-771c347789e7: remove group-EB8FE927FD11:null
2019-09-11 07:09:40,189 [RatisPipelineUtilsThread] WARN  pipeline.RatisPipelineUtils (RatisPipelineUtils.java:destroyPipeline(66)) - Pipeline destroy failed for pipeline=PipelineID=5804794a-73b5-487d-9840-eb8fe927fd11 dn=92412348-7352-40be-aea2-771c347789e7{ip: 192.168.5.143, host: pr-hdds-1786-trunk-klbfp-3319181915, networkLocation: /default-rack, certSerialId: null}
2019-09-11 07:09:40,197 [grpc-default-executor-5] INFO  impl.RaftServerProxy (RaftServerProxy.java:remove(95)) - 76c4c990-655f-4900-b966-affd0bc7639c: remove group-EB8FE927FD11:null
2019-09-11 07:09:40,204 [RatisPipelineUtilsThread] WARN  pipeline.RatisPipelineUtils (RatisPipelineUtils.java:destroyPipeline(66)) - Pipeline destroy failed for pipeline=PipelineID=5804794a-73b5-487d-9840-eb8fe927fd11 dn=76c4c990-655f-4900-b966-affd0bc7639c{ip: 192.168.5.143, host: pr-hdds-1786-trunk-klbfp-3319181915, networkLocation: /default-rack, certSerialId: null}
2019-09-11 07:09:40,205 [RatisPipelineUtilsThread] ERROR pipeline.SCMPipelineManager (Scheduler.java:lambda$schedule$1(70)) - Destroy pipeline failed for pipeline:Pipeline[ Id: 5804794a-73b5-487d-9840-eb8fe927fd11, Nodes: cfc25efc-54ed-4d3e-b2b6-13ccffc6d6ca{ip: 192.168.5.143, host: pr-hdds-1786-trunk-klbfp-3319181915, networkLocation: /default-rack, certSerialId: null}92412348-7352-40be-aea2-771c347789e7{ip: 192.168.5.143, host: pr-hdds-1786-trunk-klbfp-3319181915, networkLocation: /default-rack, certSerialId: null}76c4c990-655f-4900-b966-affd0bc7639c{ip: 192.168.5.143, host: pr-hdds-1786-trunk-klbfp-3319181915, networkLocation: /default-rack, certSerialId: null}, Type:RATIS, Factor:THREE, State:CLOSED]
org.apache.hadoop.hdds.scm.pipeline.PipelineNotFoundException: PipelineID=5804794a-73b5-487d-9840-eb8fe927fd11 not found
	at org.apache.hadoop.hdds.scm.pipeline.PipelineStateMap.getPipeline(PipelineStateMap.java:132)
	at org.apache.hadoop.hdds.scm.pipeline.PipelineStateMap.removePipeline(PipelineStateMap.java:322)
	at org.apache.hadoop.hdds.scm.pipeline.PipelineStateManager.removePipeline(PipelineStateManager.java:107)
	at org.apache.hadoop.hdds.scm.pipeline.SCMPipelineManager.removePipeline(SCMPipelineManager.java:423)
	at org.apache.hadoop.hdds.scm.pipeline.SCMPipelineManager.destroyPipeline(SCMPipelineManager.java:409)
	at org.apache.hadoop.hdds.scm.pipeline.SCMPipelineManager.lambda$finalizeAndDestroyPipeline$0(SCMPipelineManager.java:318)
	at org.apache.hadoop.utils.Scheduler.lambda$schedule$1(Scheduler.java:68)
	at java.util.concurrent.Executors$RunnableAdapter.call(Executors.java:511)
	at java.util.concurrent.FutureTask.run(FutureTask.java:266)
	at java.util.concurrent.ScheduledThreadPoolExecutor$ScheduledFutureTask.access$201(ScheduledThreadPoolExecutor.java:180)
	at java.util.concurrent.ScheduledThreadPoolExecutor$ScheduledFutureTask.run(ScheduledThreadPoolExecutor.java:293)
	at java.util.concurrent.ThreadPoolExecutor.runWorker(ThreadPoolExecutor.java:1149)
	at java.util.concurrent.ThreadPoolExecutor$Worker.run(ThreadPoolExecutor.java:624)
	at java.lang.Thread.run(Thread.java:748)
2019-09-11 07:09:40,820 [java.util.concurrent.ThreadPoolExecutor$Worker@21f64e46[State = -1, empty queue]] WARN  server.GrpcLogAppender (GrpcLogAppender.java:timeoutAppendRequest(200)) - 094d95bb-124f-4491-a67a-8d0b5b434983@group-44CFF2683379->dd774419-39ed-4d90-9a0e-7a7d67fca22a-GrpcLogAppender: appendEntries Timeout, request=094d95bb-124f-4491-a67a-8d0b5b434983->dd774419-39ed-4d90-9a0e-7a7d67fca22a#88-t1, previous=(t:1, i:11), leaderCommit=11, initializing? false, entries: size=1, first=(t:1, i:12), STATEMACHINELOGENTRY, client-FA0A0DC8EAE4, cid=30
2019-09-11 07:09:40,820 [java.util.concurrent.ThreadPoolExecutor$Worker@cd5255c[State = -1, empty queue]] WARN  server.GrpcLogAppender (GrpcLogAppender.java:timeoutAppendRequest(200)) - 094d95bb-124f-4491-a67a-8d0b5b434983@group-44CFF2683379->b48366ef-6f68-46c9-99e7-9871be9f97bc-GrpcLogAppender: appendEntries Timeout, request=094d95bb-124f-4491-a67a-8d0b5b434983->b48366ef-6f68-46c9-99e7-9871be9f97bc#88-t1, previous=(t:1, i:11), leaderCommit=11, initializing? false, entries: size=1, first=(t:1, i:12), STATEMACHINELOGENTRY, client-FA0A0DC8EAE4, cid=30
2019-09-11 07:09:40,821 [java.util.concurrent.ThreadPoolExecutor$Worker@cd5255c[State = -1, empty queue]] WARN  server.GrpcLogAppender (GrpcLogAppender.java:timeoutAppendRequest(200)) - 094d95bb-124f-4491-a67a-8d0b5b434983@group-44CFF2683379->b48366ef-6f68-46c9-99e7-9871be9f97bc-GrpcLogAppender: appendEntries Timeout, request=094d95bb-124f-4491-a67a-8d0b5b434983->b48366ef-6f68-46c9-99e7-9871be9f97bc#89-t1, previous=(t:1, i:12), leaderCommit=11, initializing? false, entries: size=1, first=(t:1, i:13), STATEMACHINELOGENTRY, client-FA0A0DC8EAE4, cid=31
2019-09-11 07:09:40,821 [java.util.concurrent.ThreadPoolExecutor$Worker@21f64e46[State = -1, empty queue]] WARN  server.GrpcLogAppender (GrpcLogAppender.java:timeoutAppendRequest(200)) - 094d95bb-124f-4491-a67a-8d0b5b434983@group-44CFF2683379->dd774419-39ed-4d90-9a0e-7a7d67fca22a-GrpcLogAppender: appendEntries Timeout, request=094d95bb-124f-4491-a67a-8d0b5b434983->dd774419-39ed-4d90-9a0e-7a7d67fca22a#89-t1, previous=(t:1, i:12), leaderCommit=11, initializing? false, entries: size=1, first=(t:1, i:13), STATEMACHINELOGENTRY, client-FA0A0DC8EAE4, cid=31
2019-09-11 07:09:40,821 [java.util.concurrent.ThreadPoolExecutor$Worker@cd5255c[State = -1, empty queue]] WARN  server.GrpcLogAppender (GrpcLogAppender.java:timeoutAppendRequest(200)) - 094d95bb-124f-4491-a67a-8d0b5b434983@group-44CFF2683379->b48366ef-6f68-46c9-99e7-9871be9f97bc-GrpcLogAppender: appendEntries Timeout, request=094d95bb-124f-4491-a67a-8d0b5b434983->b48366ef-6f68-46c9-99e7-9871be9f97bc#90-t1, previous=(t:1, i:13), leaderCommit=11, initializing? false, entries: size=1, first=(t:1, i:14), STATEMACHINELOGENTRY, client-FA0A0DC8EAE4, cid=32
2019-09-11 07:09:40,822 [java.util.concurrent.ThreadPoolExecutor$Worker@21f64e46[State = -1, empty queue]] WARN  server.GrpcLogAppender (GrpcLogAppender.java:timeoutAppendRequest(200)) - 094d95bb-124f-4491-a67a-8d0b5b434983@group-44CFF2683379->dd774419-39ed-4d90-9a0e-7a7d67fca22a-GrpcLogAppender: appendEntries Timeout, request=094d95bb-124f-4491-a67a-8d0b5b434983->dd774419-39ed-4d90-9a0e-7a7d67fca22a#90-t1, previous=(t:1, i:13), leaderCommit=11, initializing? false, entries: size=1, first=(t:1, i:14), STATEMACHINELOGENTRY, client-FA0A0DC8EAE4, cid=32
2019-09-11 07:09:40,823 [java.util.concurrent.ThreadPoolExecutor$Worker@21f64e46[State = -1, empty queue]] WARN  server.GrpcLogAppender (GrpcLogAppender.java:timeoutAppendRequest(200)) - 094d95bb-124f-4491-a67a-8d0b5b434983@group-44CFF2683379->dd774419-39ed-4d90-9a0e-7a7d67fca22a-GrpcLogAppender: appendEntries Timeout, request=094d95bb-124f-4491-a67a-8d0b5b434983->dd774419-39ed-4d90-9a0e-7a7d67fca22a#91-t1, previous=(t:1, i:14), leaderCommit=11, initializing? false, entries: size=1, first=(t:1, i:15), STATEMACHINELOGENTRY, client-FA0A0DC8EAE4, cid=33
2019-09-11 07:09:40,823 [java.util.concurrent.ThreadPoolExecutor$Worker@cd5255c[State = -1, empty queue]] WARN  server.GrpcLogAppender (GrpcLogAppender.java:timeoutAppendRequest(200)) - 094d95bb-124f-4491-a67a-8d0b5b434983@group-44CFF2683379->b48366ef-6f68-46c9-99e7-9871be9f97bc-GrpcLogAppender: appendEntries Timeout, request=094d95bb-124f-4491-a67a-8d0b5b434983->b48366ef-6f68-46c9-99e7-9871be9f97bc#91-t1, previous=(t:1, i:14), leaderCommit=11, initializing? false, entries: size=1, first=(t:1, i:15), STATEMACHINELOGENTRY, client-FA0A0DC8EAE4, cid=33
2019-09-11 07:09:40,824 [java.util.concurrent.ThreadPoolExecutor$Worker@cd5255c[State = -1, empty queue]] WARN  server.GrpcLogAppender (GrpcLogAppender.java:timeoutAppendRequest(200)) - 094d95bb-124f-4491-a67a-8d0b5b434983@group-44CFF2683379->b48366ef-6f68-46c9-99e7-9871be9f97bc-GrpcLogAppender: appendEntries Timeout, request=094d95bb-124f-4491-a67a-8d0b5b434983->b48366ef-6f68-46c9-99e7-9871be9f97bc#92-t1, previous=(t:1, i:15), leaderCommit=11, initializing? false, entries: size=1, first=(t:1, i:16), STATEMACHINELOGENTRY, client-FA0A0DC8EAE4, cid=34
2019-09-11 07:09:40,824 [java.util.concurrent.ThreadPoolExecutor$Worker@21f64e46[State = -1, empty queue]] WARN  server.GrpcLogAppender (GrpcLogAppender.java:timeoutAppendRequest(200)) - 094d95bb-124f-4491-a67a-8d0b5b434983@group-44CFF2683379->dd774419-39ed-4d90-9a0e-7a7d67fca22a-GrpcLogAppender: appendEntries Timeout, request=094d95bb-124f-4491-a67a-8d0b5b434983->dd774419-39ed-4d90-9a0e-7a7d67fca22a#92-t1, previous=(t:1, i:15), leaderCommit=11, initializing? false, entries: size=1, first=(t:1, i:16), STATEMACHINELOGENTRY, client-FA0A0DC8EAE4, cid=34
2019-09-11 07:09:40,824 [java.util.concurrent.ThreadPoolExecutor$Worker@cd5255c[State = -1, empty queue]] WARN  server.GrpcLogAppender (GrpcLogAppender.java:timeoutAppendRequest(200)) - 094d95bb-124f-4491-a67a-8d0b5b434983@group-44CFF2683379->b48366ef-6f68-46c9-99e7-9871be9f97bc-GrpcLogAppender: appendEntries Timeout, request=094d95bb-124f-4491-a67a-8d0b5b434983->b48366ef-6f68-46c9-99e7-9871be9f97bc#93-t1, previous=(t:1, i:16), leaderCommit=11, initializing? false, entries: size=1, first=(t:1, i:17), STATEMACHINELOGENTRY, client-FA0A0DC8EAE4, cid=35
2019-09-11 07:09:40,825 [java.util.concurrent.ThreadPoolExecutor$Worker@21f64e46[State = -1, empty queue]] WARN  server.GrpcLogAppender (GrpcLogAppender.java:timeoutAppendRequest(200)) - 094d95bb-124f-4491-a67a-8d0b5b434983@group-44CFF2683379->dd774419-39ed-4d90-9a0e-7a7d67fca22a-GrpcLogAppender: appendEntries Timeout, request=094d95bb-124f-4491-a67a-8d0b5b434983->dd774419-39ed-4d90-9a0e-7a7d67fca22a#93-t1, previous=(t:1, i:16), leaderCommit=11, initializing? false, entries: size=1, first=(t:1, i:17), STATEMACHINELOGENTRY, client-FA0A0DC8EAE4, cid=35
2019-09-11 07:09:42,153 [grpc-default-executor-0] INFO  impl.RaftServerProxy (RaftServerProxy.java:remove(95)) - cfc25efc-54ed-4d3e-b2b6-13ccffc6d6ca: remove group-EB8FE927FD11:null
2019-09-11 07:09:42,161 [RatisPipelineUtilsThread] WARN  pipeline.RatisPipelineUtils (RatisPipelineUtils.java:destroyPipeline(66)) - Pipeline destroy failed for pipeline=PipelineID=5804794a-73b5-487d-9840-eb8fe927fd11 dn=cfc25efc-54ed-4d3e-b2b6-13ccffc6d6ca{ip: 192.168.5.143, host: pr-hdds-1786-trunk-klbfp-3319181915, networkLocation: /default-rack, certSerialId: null}
2019-09-11 07:09:42,167 [grpc-default-executor-0] INFO  impl.RaftServerProxy (RaftServerProxy.java:remove(95)) - 92412348-7352-40be-aea2-771c347789e7: remove group-EB8FE927FD11:null
2019-09-11 07:09:42,173 [RatisPipelineUtilsThread] WARN  pipeline.RatisPipelineUtils (RatisPipelineUtils.java:destroyPipeline(66)) - Pipeline destroy failed for pipeline=PipelineID=5804794a-73b5-487d-9840-eb8fe927fd11 dn=92412348-7352-40be-aea2-771c347789e7{ip: 192.168.5.143, host: pr-hdds-1786-trunk-klbfp-3319181915, networkLocation: /default-rack, certSerialId: null}
2019-09-11 07:09:42,179 [grpc-default-executor-0] INFO  impl.RaftServerProxy (RaftServerProxy.java:remove(95)) - 76c4c990-655f-4900-b966-affd0bc7639c: remove group-EB8FE927FD11:null
2019-09-11 07:09:42,185 [RatisPipelineUtilsThread] WARN  pipeline.RatisPipelineUtils (RatisPipelineUtils.java:destroyPipeline(66)) - Pipeline destroy failed for pipeline=PipelineID=5804794a-73b5-487d-9840-eb8fe927fd11 dn=76c4c990-655f-4900-b966-affd0bc7639c{ip: 192.168.5.143, host: pr-hdds-1786-trunk-klbfp-3319181915, networkLocation: /default-rack, certSerialId: null}
2019-09-11 07:09:42,185 [RatisPipelineUtilsThread] ERROR pipeline.SCMPipelineManager (Scheduler.java:lambda$schedule$1(70)) - Destroy pipeline failed for pipeline:Pipeline[ Id: 5804794a-73b5-487d-9840-eb8fe927fd11, Nodes: cfc25efc-54ed-4d3e-b2b6-13ccffc6d6ca{ip: 192.168.5.143, host: pr-hdds-1786-trunk-klbfp-3319181915, networkLocation: /default-rack, certSerialId: null}92412348-7352-40be-aea2-771c347789e7{ip: 192.168.5.143, host: pr-hdds-1786-trunk-klbfp-3319181915, networkLocation: /default-rack, certSerialId: null}76c4c990-655f-4900-b966-affd0bc7639c{ip: 192.168.5.143, host: pr-hdds-1786-trunk-klbfp-3319181915, networkLocation: /default-rack, certSerialId: null}, Type:RATIS, Factor:THREE, State:CLOSED]
org.apache.hadoop.hdds.scm.pipeline.PipelineNotFoundException: PipelineID=5804794a-73b5-487d-9840-eb8fe927fd11 not found
	at org.apache.hadoop.hdds.scm.pipeline.PipelineStateMap.getPipeline(PipelineStateMap.java:132)
	at org.apache.hadoop.hdds.scm.pipeline.PipelineStateMap.removePipeline(PipelineStateMap.java:322)
	at org.apache.hadoop.hdds.scm.pipeline.PipelineStateManager.removePipeline(PipelineStateManager.java:107)
	at org.apache.hadoop.hdds.scm.pipeline.SCMPipelineManager.removePipeline(SCMPipelineManager.java:423)
	at org.apache.hadoop.hdds.scm.pipeline.SCMPipelineManager.destroyPipeline(SCMPipelineManager.java:409)
	at org.apache.hadoop.hdds.scm.pipeline.SCMPipelineManager.lambda$finalizeAndDestroyPipeline$0(SCMPipelineManager.java:318)
	at org.apache.hadoop.utils.Scheduler.lambda$schedule$1(Scheduler.java:68)
	at java.util.concurrent.Executors$RunnableAdapter.call(Executors.java:511)
	at java.util.concurrent.FutureTask.run(FutureTask.java:266)
	at java.util.concurrent.ScheduledThreadPoolExecutor$ScheduledFutureTask.access$201(ScheduledThreadPoolExecutor.java:180)
	at java.util.concurrent.ScheduledThreadPoolExecutor$ScheduledFutureTask.run(ScheduledThreadPoolExecutor.java:293)
	at java.util.concurrent.ThreadPoolExecutor.runWorker(ThreadPoolExecutor.java:1149)
	at java.util.concurrent.ThreadPoolExecutor$Worker.run(ThreadPoolExecutor.java:624)
	at java.lang.Thread.run(Thread.java:748)
2019-09-11 07:09:42,853 [grpc-default-executor-0] INFO  client.GrpcClientProtocolClient (GrpcClientProtocolClient.java:onNext(264)) - client-FA0A0DC8EAE4->dd774419-39ed-4d90-9a0e-7a7d67fca22a: receive RaftClientReply:client-FA0A0DC8EAE4->dd774419-39ed-4d90-9a0e-7a7d67fca22a@group-44CFF2683379, cid=30, FAILED org.apache.ratis.protocol.NotLeaderException: Server dd774419-39ed-4d90-9a0e-7a7d67fca22a@group-44CFF2683379 is not the leader 094d95bb-124f-4491-a67a-8d0b5b434983:192.168.5.143:43792, logIndex=0, commits[dd774419-39ed-4d90-9a0e-7a7d67fca22a:c11, b48366ef-6f68-46c9-99e7-9871be9f97bc:c10, 094d95bb-124f-4491-a67a-8d0b5b434983:c11]
2019-09-11 07:09:43,325 [java.util.concurrent.ThreadPoolExecutor$Worker@21f64e46[State = -1, empty queue]] WARN  server.GrpcLogAppender (GrpcLogAppender.java:timeoutAppendRequest(200)) - 094d95bb-124f-4491-a67a-8d0b5b434983@group-44CFF2683379->dd774419-39ed-4d90-9a0e-7a7d67fca22a-GrpcLogAppender: appendEntries Timeout, request=094d95bb-124f-4491-a67a-8d0b5b434983->dd774419-39ed-4d90-9a0e-7a7d67fca22a#94-t1, previous=(t:1, i:17), leaderCommit=11, initializing? false, entries: <empty>
2019-09-11 07:09:43,325 [java.util.concurrent.ThreadPoolExecutor$Worker@cd5255c[State = -1, empty queue]] WARN  server.GrpcLogAppender (GrpcLogAppender.java:timeoutAppendRequest(200)) - 094d95bb-124f-4491-a67a-8d0b5b434983@group-44CFF2683379->b48366ef-6f68-46c9-99e7-9871be9f97bc-GrpcLogAppender: appendEntries Timeout, request=094d95bb-124f-4491-a67a-8d0b5b434983->b48366ef-6f68-46c9-99e7-9871be9f97bc#94-t1, previous=(t:1, i:17), leaderCommit=11, initializing? false, entries: <empty>
2019-09-11 07:09:43,369 [Thread-854] INFO  impl.FollowerState (FollowerState.java:run(106)) - cfc25efc-54ed-4d3e-b2b6-13ccffc6d6ca:group-D3816A677CDA changes to CANDIDATE, lastRpcTime:5075, electionTimeout:5075ms
2019-09-11 07:09:43,369 [Thread-854] INFO  impl.RoleInfo (RoleInfo.java:shutdownFollowerState(121)) - cfc25efc-54ed-4d3e-b2b6-13ccffc6d6ca: shutdown FollowerState
2019-09-11 07:09:43,369 [Thread-854] INFO  impl.RaftServerImpl (RaftServerImpl.java:setRole(174)) - cfc25efc-54ed-4d3e-b2b6-13ccffc6d6ca@group-D3816A677CDA: changes role from  FOLLOWER to CANDIDATE at term 0 for changeToCandidate
2019-09-11 07:09:43,370 [Thread-854] INFO  impl.RoleInfo (RoleInfo.java:updateAndGet(143)) - cfc25efc-54ed-4d3e-b2b6-13ccffc6d6ca: start LeaderElection
2019-09-11 07:09:43,399 [Thread-853] INFO  impl.FollowerState (FollowerState.java:run(106)) - 76c4c990-655f-4900-b966-affd0bc7639c:group-D3816A677CDA changes to CANDIDATE, lastRpcTime:5106, electionTimeout:5106ms
2019-09-11 07:09:43,399 [Thread-853] INFO  impl.RoleInfo (RoleInfo.java:shutdownFollowerState(121)) - 76c4c990-655f-4900-b966-affd0bc7639c: shutdown FollowerState
2019-09-11 07:09:43,399 [Thread-853] INFO  impl.RaftServerImpl (RaftServerImpl.java:setRole(174)) - 76c4c990-655f-4900-b966-affd0bc7639c@group-D3816A677CDA: changes role from  FOLLOWER to CANDIDATE at term 0 for changeToCandidate
2019-09-11 07:09:43,399 [Thread-853] INFO  impl.RoleInfo (RoleInfo.java:updateAndGet(143)) - 76c4c990-655f-4900-b966-affd0bc7639c: start LeaderElection
2019-09-11 07:09:43,413 [cfc25efc-54ed-4d3e-b2b6-13ccffc6d6ca@group-D3816A677CDA:LeaderElection11] INFO  impl.LeaderElection (LeaderElection.java:askForVotes(182)) - cfc25efc-54ed-4d3e-b2b6-13ccffc6d6ca@group-D3816A677CDA:LeaderElection11: begin an election at term 1 for -1: [76c4c990-655f-4900-b966-affd0bc7639c:192.168.5.143:43176, cfc25efc-54ed-4d3e-b2b6-13ccffc6d6ca:192.168.5.143:42744, 92412348-7352-40be-aea2-771c347789e7:192.168.5.143:37352], old=null
2019-09-11 07:09:43,422 [grpc-default-executor-1] INFO  impl.RaftServerImpl (RaftServerImpl.java:setRole(174)) - 92412348-7352-40be-aea2-771c347789e7@group-D3816A677CDA: changes role from  FOLLOWER to FOLLOWER at term 1 for recognizeCandidate:cfc25efc-54ed-4d3e-b2b6-13ccffc6d6ca
2019-09-11 07:09:43,422 [grpc-default-executor-1] INFO  impl.RoleInfo (RoleInfo.java:shutdownFollowerState(121)) - 92412348-7352-40be-aea2-771c347789e7: shutdown FollowerState
2019-09-11 07:09:43,423 [grpc-default-executor-1] INFO  impl.RoleInfo (RoleInfo.java:updateAndGet(143)) - 92412348-7352-40be-aea2-771c347789e7: start FollowerState
2019-09-11 07:09:43,423 [Thread-855] INFO  impl.FollowerState (FollowerState.java:run(115)) - 92412348-7352-40be-aea2-771c347789e7: FollowerState was interrupted: java.lang.InterruptedException: sleep interrupted
2019-09-11 07:09:43,435 [76c4c990-655f-4900-b966-affd0bc7639c@group-D3816A677CDA:LeaderElection12] INFO  impl.LeaderElection (LeaderElection.java:askForVotes(182)) - 76c4c990-655f-4900-b966-affd0bc7639c@group-D3816A677CDA:LeaderElection12: begin an election at term 1 for -1: [76c4c990-655f-4900-b966-affd0bc7639c:192.168.5.143:43176, cfc25efc-54ed-4d3e-b2b6-13ccffc6d6ca:192.168.5.143:42744, 92412348-7352-40be-aea2-771c347789e7:192.168.5.143:37352], old=null
2019-09-11 07:09:43,461 [cfc25efc-54ed-4d3e-b2b6-13ccffc6d6ca@group-D3816A677CDA:LeaderElection11] INFO  impl.LeaderElection (LeaderElection.java:logAndReturn(56)) - cfc25efc-54ed-4d3e-b2b6-13ccffc6d6ca@group-D3816A677CDA:LeaderElection11: Election PASSED; received 2 response(s) [cfc25efc-54ed-4d3e-b2b6-13ccffc6d6ca<-76c4c990-655f-4900-b966-affd0bc7639c#0:FAIL-t1, cfc25efc-54ed-4d3e-b2b6-13ccffc6d6ca<-92412348-7352-40be-aea2-771c347789e7#0:OK-t1] and 0 exception(s); cfc25efc-54ed-4d3e-b2b6-13ccffc6d6ca@group-D3816A677CDA:t1, leader=null, voted=cfc25efc-54ed-4d3e-b2b6-13ccffc6d6ca, raftlog=cfc25efc-54ed-4d3e-b2b6-13ccffc6d6ca@group-D3816A677CDA-SegmentedRaftLog:OPENED:c-1,f-1,i0, conf=-1: [76c4c990-655f-4900-b966-affd0bc7639c:192.168.5.143:43176, cfc25efc-54ed-4d3e-b2b6-13ccffc6d6ca:192.168.5.143:42744, 92412348-7352-40be-aea2-771c347789e7:192.168.5.143:37352], old=null
2019-09-11 07:09:43,461 [76c4c990-655f-4900-b966-affd0bc7639c@group-D3816A677CDA:LeaderElection12] INFO  impl.LeaderElection (LeaderElection.java:logAndReturn(56)) - 76c4c990-655f-4900-b966-affd0bc7639c@group-D3816A677CDA:LeaderElection12: Election REJECTED; received 2 response(s) [76c4c990-655f-4900-b966-affd0bc7639c<-cfc25efc-54ed-4d3e-b2b6-13ccffc6d6ca#0:FAIL-t1, 76c4c990-655f-4900-b966-affd0bc7639c<-92412348-7352-40be-aea2-771c347789e7#0:FAIL-t1] and 0 exception(s); 76c4c990-655f-4900-b966-affd0bc7639c@group-D3816A677CDA:t1, leader=null, voted=76c4c990-655f-4900-b966-affd0bc7639c, raftlog=76c4c990-655f-4900-b966-affd0bc7639c@group-D3816A677CDA-SegmentedRaftLog:OPENED:c-1,f-1,i0, conf=-1: [76c4c990-655f-4900-b966-affd0bc7639c:192.168.5.143:43176, cfc25efc-54ed-4d3e-b2b6-13ccffc6d6ca:192.168.5.143:42744, 92412348-7352-40be-aea2-771c347789e7:192.168.5.143:37352], old=null
2019-09-11 07:09:43,461 [cfc25efc-54ed-4d3e-b2b6-13ccffc6d6ca@group-D3816A677CDA:LeaderElection11] INFO  impl.RoleInfo (RoleInfo.java:shutdownLeaderElection(134)) - cfc25efc-54ed-4d3e-b2b6-13ccffc6d6ca: shutdown LeaderElection
2019-09-11 07:09:43,461 [cfc25efc-54ed-4d3e-b2b6-13ccffc6d6ca@group-D3816A677CDA:LeaderElection11] INFO  impl.RaftServerImpl (RaftServerImpl.java:setRole(174)) - cfc25efc-54ed-4d3e-b2b6-13ccffc6d6ca@group-D3816A677CDA: changes role from CANDIDATE to LEADER at term 1 for changeToLeader
2019-09-11 07:09:43,461 [76c4c990-655f-4900-b966-affd0bc7639c@group-D3816A677CDA:LeaderElection12] INFO  impl.RaftServerImpl (RaftServerImpl.java:setRole(174)) - 76c4c990-655f-4900-b966-affd0bc7639c@group-D3816A677CDA: changes role from CANDIDATE to FOLLOWER at term 1 for DISCOVERED_A_NEW_TERM
2019-09-11 07:09:43,464 [cfc25efc-54ed-4d3e-b2b6-13ccffc6d6ca@group-D3816A677CDA:LeaderElection11] INFO  impl.RaftServerImpl (ServerState.java:setLeader(253)) - cfc25efc-54ed-4d3e-b2b6-13ccffc6d6ca@group-D3816A677CDA: change Leader from null to cfc25efc-54ed-4d3e-b2b6-13ccffc6d6ca at term 1 for becomeLeader, leader elected after 5183ms
2019-09-11 07:09:43,464 [76c4c990-655f-4900-b966-affd0bc7639c@group-D3816A677CDA:LeaderElection12] INFO  impl.RoleInfo (RoleInfo.java:shutdownLeaderElection(134)) - 76c4c990-655f-4900-b966-affd0bc7639c: shutdown LeaderElection
2019-09-11 07:09:43,464 [cfc25efc-54ed-4d3e-b2b6-13ccffc6d6ca@group-D3816A677CDA:LeaderElection11] INFO  server.RaftServerConfigKeys (ConfUtils.java:logGet(43)) - raft.server.staging.catchup.gap = 1000 (default)
2019-09-11 07:09:43,464 [76c4c990-655f-4900-b966-affd0bc7639c@group-D3816A677CDA:LeaderElection12] INFO  impl.RoleInfo (RoleInfo.java:updateAndGet(143)) - 76c4c990-655f-4900-b966-affd0bc7639c: start FollowerState
2019-09-11 07:09:43,464 [cfc25efc-54ed-4d3e-b2b6-13ccffc6d6ca@group-D3816A677CDA:LeaderElection11] INFO  server.RaftServerConfigKeys (ConfUtils.java:logGet(43)) - raft.server.rpc.sleep.time = 25ms (default)
2019-09-11 07:09:43,466 [cfc25efc-54ed-4d3e-b2b6-13ccffc6d6ca@group-D3816A677CDA:LeaderElection11] INFO  server.RaftServerConfigKeys (ConfUtils.java:logGet(43)) - raft.server.write.element-limit = 4096 (default)
2019-09-11 07:09:43,466 [cfc25efc-54ed-4d3e-b2b6-13ccffc6d6ca@group-D3816A677CDA:LeaderElection11] INFO  server.RaftServerConfigKeys (ConfUtils.java:logGet(43)) - raft.server.watch.timeout = 10s (default)
2019-09-11 07:09:43,466 [cfc25efc-54ed-4d3e-b2b6-13ccffc6d6ca@group-D3816A677CDA:LeaderElection11] INFO  server.RaftServerConfigKeys (ConfUtils.java:logGet(43)) - raft.server.watch.timeout.denomination = 1s (default)
2019-09-11 07:09:43,467 [cfc25efc-54ed-4d3e-b2b6-13ccffc6d6ca@group-D3816A677CDA:LeaderElection11] INFO  server.RaftServerConfigKeys (ConfUtils.java:logGet(43)) - raft.server.watch.element-limit = 65536 (default)
2019-09-11 07:09:43,469 [cfc25efc-54ed-4d3e-b2b6-13ccffc6d6ca@group-D3816A677CDA:LeaderElection11] INFO  server.RaftServerConfigKeys (ConfUtils.java:logGet(43)) - raft.server.log.appender.snapshot.chunk.size.max = 16MB (=16777216) (default)
2019-09-11 07:09:43,470 [cfc25efc-54ed-4d3e-b2b6-13ccffc6d6ca@group-D3816A677CDA:LeaderElection11] INFO  server.RaftServerConfigKeys (ConfUtils.java:logGet(43)) - raft.server.log.appender.buffer.byte-limit = 33554432 (custom)
2019-09-11 07:09:43,470 [cfc25efc-54ed-4d3e-b2b6-13ccffc6d6ca@group-D3816A677CDA:LeaderElection11] INFO  server.RaftServerConfigKeys (ConfUtils.java:logGet(43)) - raft.server.log.appender.buffer.element-limit = 1 (custom)
2019-09-11 07:09:43,470 [cfc25efc-54ed-4d3e-b2b6-13ccffc6d6ca@group-D3816A677CDA:LeaderElection11] INFO  grpc.GrpcConfigKeys$Server (ConfUtils.java:logGet(43)) - raft.grpc.server.leader.outstanding.appends.max = 128 (default)
2019-09-11 07:09:43,470 [cfc25efc-54ed-4d3e-b2b6-13ccffc6d6ca@group-D3816A677CDA:LeaderElection11] INFO  server.RaftServerConfigKeys (ConfUtils.java:logGet(43)) - raft.server.rpc.request.timeout = 3000ms (default)
2019-09-11 07:09:43,470 [cfc25efc-54ed-4d3e-b2b6-13ccffc6d6ca@group-D3816A677CDA:LeaderElection11] INFO  server.RaftServerConfigKeys (ConfUtils.java:logGet(43)) - raft.server.log.appender.install.snapshot.enabled = false (custom)
2019-09-11 07:09:43,470 [cfc25efc-54ed-4d3e-b2b6-13ccffc6d6ca@group-D3816A677CDA:LeaderElection11] INFO  server.RaftServerConfigKeys (ConfUtils.java:logGet(43)) - raft.server.log.appender.snapshot.chunk.size.max = 16MB (=16777216) (default)
2019-09-11 07:09:43,471 [cfc25efc-54ed-4d3e-b2b6-13ccffc6d6ca@group-D3816A677CDA:LeaderElection11] INFO  server.RaftServerConfigKeys (ConfUtils.java:logGet(43)) - raft.server.log.appender.buffer.byte-limit = 33554432 (custom)
2019-09-11 07:09:43,471 [cfc25efc-54ed-4d3e-b2b6-13ccffc6d6ca@group-D3816A677CDA:LeaderElection11] INFO  server.RaftServerConfigKeys (ConfUtils.java:logGet(43)) - raft.server.log.appender.buffer.element-limit = 1 (custom)
2019-09-11 07:09:43,471 [cfc25efc-54ed-4d3e-b2b6-13ccffc6d6ca@group-D3816A677CDA:LeaderElection11] INFO  grpc.GrpcConfigKeys$Server (ConfUtils.java:logGet(43)) - raft.grpc.server.leader.outstanding.appends.max = 128 (default)
2019-09-11 07:09:43,471 [cfc25efc-54ed-4d3e-b2b6-13ccffc6d6ca@group-D3816A677CDA:LeaderElection11] INFO  server.RaftServerConfigKeys (ConfUtils.java:logGet(43)) - raft.server.rpc.request.timeout = 3000ms (default)
2019-09-11 07:09:43,471 [cfc25efc-54ed-4d3e-b2b6-13ccffc6d6ca@group-D3816A677CDA:LeaderElection11] INFO  server.RaftServerConfigKeys (ConfUtils.java:logGet(43)) - raft.server.log.appender.install.snapshot.enabled = false (custom)
2019-09-11 07:09:43,471 [cfc25efc-54ed-4d3e-b2b6-13ccffc6d6ca@group-D3816A677CDA:LeaderElection11] INFO  impl.RoleInfo (RoleInfo.java:updateAndGet(143)) - cfc25efc-54ed-4d3e-b2b6-13ccffc6d6ca: start LeaderState
2019-09-11 07:09:43,472 [cfc25efc-54ed-4d3e-b2b6-13ccffc6d6ca@group-D3816A677CDA:LeaderElection11] INFO  segmented.SegmentedRaftLogWorker (SegmentedRaftLogWorker.java:startLogSegment(380)) - cfc25efc-54ed-4d3e-b2b6-13ccffc6d6ca@group-D3816A677CDA-SegmentedRaftLogWorker: Starting segment from index:0
2019-09-11 07:09:43,473 [cfc25efc-54ed-4d3e-b2b6-13ccffc6d6ca@group-D3816A677CDA:LeaderElection11] INFO  impl.RaftServerImpl (ServerState.java:setRaftConf(354)) - cfc25efc-54ed-4d3e-b2b6-13ccffc6d6ca@group-D3816A677CDA: set configuration 0: [76c4c990-655f-4900-b966-affd0bc7639c:192.168.5.143:43176, cfc25efc-54ed-4d3e-b2b6-13ccffc6d6ca:192.168.5.143:42744, 92412348-7352-40be-aea2-771c347789e7:192.168.5.143:37352], old=null at 0
2019-09-11 07:09:43,507 [grpc-default-executor-0] INFO  impl.RaftServerImpl (ServerState.java:setLeader(253)) - 76c4c990-655f-4900-b966-affd0bc7639c@group-D3816A677CDA: change Leader from null to cfc25efc-54ed-4d3e-b2b6-13ccffc6d6ca at term 1 for appendEntries, leader elected after 5227ms
2019-09-11 07:09:43,508 [grpc-default-executor-0] INFO  impl.RaftServerImpl (ServerState.java:setLeader(253)) - 92412348-7352-40be-aea2-771c347789e7@group-D3816A677CDA: change Leader from null to cfc25efc-54ed-4d3e-b2b6-13ccffc6d6ca at term 1 for appendEntries, leader elected after 5228ms
2019-09-11 07:09:43,511 [grpc-default-executor-0] INFO  impl.RaftServerImpl (ServerState.java:setRaftConf(354)) - 76c4c990-655f-4900-b966-affd0bc7639c@group-D3816A677CDA: set configuration 0: [76c4c990-655f-4900-b966-affd0bc7639c:192.168.5.143:43176, cfc25efc-54ed-4d3e-b2b6-13ccffc6d6ca:192.168.5.143:42744, 92412348-7352-40be-aea2-771c347789e7:192.168.5.143:37352], old=null at 0
2019-09-11 07:09:43,511 [grpc-default-executor-0] INFO  segmented.SegmentedRaftLogWorker (SegmentedRaftLogWorker.java:startLogSegment(380)) - 76c4c990-655f-4900-b966-affd0bc7639c@group-D3816A677CDA-SegmentedRaftLogWorker: Starting segment from index:0
2019-09-11 07:09:43,511 [grpc-default-executor-1] INFO  impl.RaftServerImpl (ServerState.java:setRaftConf(354)) - 92412348-7352-40be-aea2-771c347789e7@group-D3816A677CDA: set configuration 0: [76c4c990-655f-4900-b966-affd0bc7639c:192.168.5.143:43176, cfc25efc-54ed-4d3e-b2b6-13ccffc6d6ca:192.168.5.143:42744, 92412348-7352-40be-aea2-771c347789e7:192.168.5.143:37352], old=null at 0
2019-09-11 07:09:43,511 [grpc-default-executor-1] INFO  segmented.SegmentedRaftLogWorker (SegmentedRaftLogWorker.java:startLogSegment(380)) - 92412348-7352-40be-aea2-771c347789e7@group-D3816A677CDA-SegmentedRaftLogWorker: Starting segment from index:0
2019-09-11 07:09:43,529 [cfc25efc-54ed-4d3e-b2b6-13ccffc6d6ca@group-D3816A677CDA-SegmentedRaftLogWorker] INFO  segmented.SegmentedRaftLogWorker (SegmentedRaftLogWorker.java:execute(569)) - cfc25efc-54ed-4d3e-b2b6-13ccffc6d6ca@group-D3816A677CDA-SegmentedRaftLogWorker: created new log segment /workdir/hadoop-ozone/integration-test/target/test-dir/MiniOzoneClusterImpl-b235dd93-a3eb-497e-8479-f8d4900b0fc5/datanode-0/data/ratis/5af9484c-b11e-453f-b538-d3816a677cda/current/log_inprogress_0
2019-09-11 07:09:43,553 [92412348-7352-40be-aea2-771c347789e7@group-D3816A677CDA-SegmentedRaftLogWorker] INFO  segmented.SegmentedRaftLogWorker (SegmentedRaftLogWorker.java:execute(569)) - 92412348-7352-40be-aea2-771c347789e7@group-D3816A677CDA-SegmentedRaftLogWorker: created new log segment /workdir/hadoop-ozone/integration-test/target/test-dir/MiniOzoneClusterImpl-b235dd93-a3eb-497e-8479-f8d4900b0fc5/datanode-2/data/ratis/5af9484c-b11e-453f-b538-d3816a677cda/current/log_inprogress_0
2019-09-11 07:09:43,596 [76c4c990-655f-4900-b966-affd0bc7639c@group-D3816A677CDA-SegmentedRaftLogWorker] INFO  segmented.SegmentedRaftLogWorker (SegmentedRaftLogWorker.java:execute(569)) - 76c4c990-655f-4900-b966-affd0bc7639c@group-D3816A677CDA-SegmentedRaftLogWorker: created new log segment /workdir/hadoop-ozone/integration-test/target/test-dir/MiniOzoneClusterImpl-b235dd93-a3eb-497e-8479-f8d4900b0fc5/datanode-5/data/ratis/5af9484c-b11e-453f-b538-d3816a677cda/current/log_inprogress_0
2019-09-11 07:09:45,153 [grpc-default-executor-1] INFO  impl.RaftServerProxy (RaftServerProxy.java:remove(95)) - cfc25efc-54ed-4d3e-b2b6-13ccffc6d6ca: remove group-EB8FE927FD11:null
2019-09-11 07:09:45,162 [RatisPipelineUtilsThread] WARN  pipeline.RatisPipelineUtils (RatisPipelineUtils.java:destroyPipeline(66)) - Pipeline destroy failed for pipeline=PipelineID=5804794a-73b5-487d-9840-eb8fe927fd11 dn=cfc25efc-54ed-4d3e-b2b6-13ccffc6d6ca{ip: 192.168.5.143, host: pr-hdds-1786-trunk-klbfp-3319181915, networkLocation: /default-rack, certSerialId: null}
2019-09-11 07:09:45,169 [grpc-default-executor-1] INFO  impl.RaftServerProxy (RaftServerProxy.java:remove(95)) - 92412348-7352-40be-aea2-771c347789e7: remove group-EB8FE927FD11:null
2019-09-11 07:09:45,176 [RatisPipelineUtilsThread] WARN  pipeline.RatisPipelineUtils (RatisPipelineUtils.java:destroyPipeline(66)) - Pipeline destroy failed for pipeline=PipelineID=5804794a-73b5-487d-9840-eb8fe927fd11 dn=92412348-7352-40be-aea2-771c347789e7{ip: 192.168.5.143, host: pr-hdds-1786-trunk-klbfp-3319181915, networkLocation: /default-rack, certSerialId: null}
2019-09-11 07:09:45,182 [grpc-default-executor-1] INFO  impl.RaftServerProxy (RaftServerProxy.java:remove(95)) - 76c4c990-655f-4900-b966-affd0bc7639c: remove group-EB8FE927FD11:null
2019-09-11 07:09:45,189 [RatisPipelineUtilsThread] WARN  pipeline.RatisPipelineUtils (RatisPipelineUtils.java:destroyPipeline(66)) - Pipeline destroy failed for pipeline=PipelineID=5804794a-73b5-487d-9840-eb8fe927fd11 dn=76c4c990-655f-4900-b966-affd0bc7639c{ip: 192.168.5.143, host: pr-hdds-1786-trunk-klbfp-3319181915, networkLocation: /default-rack, certSerialId: null}
2019-09-11 07:09:45,189 [RatisPipelineUtilsThread] ERROR pipeline.SCMPipelineManager (Scheduler.java:lambda$schedule$1(70)) - Destroy pipeline failed for pipeline:Pipeline[ Id: 5804794a-73b5-487d-9840-eb8fe927fd11, Nodes: cfc25efc-54ed-4d3e-b2b6-13ccffc6d6ca{ip: 192.168.5.143, host: pr-hdds-1786-trunk-klbfp-3319181915, networkLocation: /default-rack, certSerialId: null}92412348-7352-40be-aea2-771c347789e7{ip: 192.168.5.143, host: pr-hdds-1786-trunk-klbfp-3319181915, networkLocation: /default-rack, certSerialId: null}76c4c990-655f-4900-b966-affd0bc7639c{ip: 192.168.5.143, host: pr-hdds-1786-trunk-klbfp-3319181915, networkLocation: /default-rack, certSerialId: null}, Type:RATIS, Factor:THREE, State:CLOSED]
org.apache.hadoop.hdds.scm.pipeline.PipelineNotFoundException: PipelineID=5804794a-73b5-487d-9840-eb8fe927fd11 not found
	at org.apache.hadoop.hdds.scm.pipeline.PipelineStateMap.getPipeline(PipelineStateMap.java:132)
	at org.apache.hadoop.hdds.scm.pipeline.PipelineStateMap.removePipeline(PipelineStateMap.java:322)
	at org.apache.hadoop.hdds.scm.pipeline.PipelineStateManager.removePipeline(PipelineStateManager.java:107)
	at org.apache.hadoop.hdds.scm.pipeline.SCMPipelineManager.removePipeline(SCMPipelineManager.java:423)
	at org.apache.hadoop.hdds.scm.pipeline.SCMPipelineManager.destroyPipeline(SCMPipelineManager.java:409)
	at org.apache.hadoop.hdds.scm.pipeline.SCMPipelineManager.lambda$finalizeAndDestroyPipeline$0(SCMPipelineManager.java:318)
	at org.apache.hadoop.utils.Scheduler.lambda$schedule$1(Scheduler.java:68)
	at java.util.concurrent.Executors$RunnableAdapter.call(Executors.java:511)
	at java.util.concurrent.FutureTask.run(FutureTask.java:266)
	at java.util.concurrent.ScheduledThreadPoolExecutor$ScheduledFutureTask.access$201(ScheduledThreadPoolExecutor.java:180)
	at java.util.concurrent.ScheduledThreadPoolExecutor$ScheduledFutureTask.run(ScheduledThreadPoolExecutor.java:293)
	at java.util.concurrent.ThreadPoolExecutor.runWorker(ThreadPoolExecutor.java:1149)
	at java.util.concurrent.ThreadPoolExecutor$Worker.run(ThreadPoolExecutor.java:624)
	at java.lang.Thread.run(Thread.java:748)
2019-09-11 07:09:45,826 [java.util.concurrent.ThreadPoolExecutor$Worker@cd5255c[State = -1, empty queue]] WARN  server.GrpcLogAppender (GrpcLogAppender.java:timeoutAppendRequest(200)) - 094d95bb-124f-4491-a67a-8d0b5b434983@group-44CFF2683379->b48366ef-6f68-46c9-99e7-9871be9f97bc-GrpcLogAppender: appendEntries Timeout, request=094d95bb-124f-4491-a67a-8d0b5b434983->b48366ef-6f68-46c9-99e7-9871be9f97bc#95-t1, previous=(t:1, i:17), leaderCommit=11, initializing? false, entries: <empty>
2019-09-11 07:09:45,826 [java.util.concurrent.ThreadPoolExecutor$Worker@21f64e46[State = -1, empty queue]] WARN  server.GrpcLogAppender (GrpcLogAppender.java:timeoutAppendRequest(200)) - 094d95bb-124f-4491-a67a-8d0b5b434983@group-44CFF2683379->dd774419-39ed-4d90-9a0e-7a7d67fca22a-GrpcLogAppender: appendEntries Timeout, request=094d95bb-124f-4491-a67a-8d0b5b434983->dd774419-39ed-4d90-9a0e-7a7d67fca22a#95-t1, previous=(t:1, i:17), leaderCommit=11, initializing? false, entries: <empty>
2019-09-11 07:09:47,152 [grpc-default-executor-0] INFO  impl.RaftServerProxy (RaftServerProxy.java:remove(95)) - cfc25efc-54ed-4d3e-b2b6-13ccffc6d6ca: remove group-EB8FE927FD11:null
2019-09-11 07:09:47,162 [RatisPipelineUtilsThread] WARN  pipeline.RatisPipelineUtils (RatisPipelineUtils.java:destroyPipeline(66)) - Pipeline destroy failed for pipeline=PipelineID=5804794a-73b5-487d-9840-eb8fe927fd11 dn=cfc25efc-54ed-4d3e-b2b6-13ccffc6d6ca{ip: 192.168.5.143, host: pr-hdds-1786-trunk-klbfp-3319181915, networkLocation: /default-rack, certSerialId: null}
2019-09-11 07:09:47,167 [grpc-default-executor-0] INFO  impl.RaftServerProxy (RaftServerProxy.java:remove(95)) - 92412348-7352-40be-aea2-771c347789e7: remove group-EB8FE927FD11:null
2019-09-11 07:09:47,173 [RatisPipelineUtilsThread] WARN  pipeline.RatisPipelineUtils (RatisPipelineUtils.java:destroyPipeline(66)) - Pipeline destroy failed for pipeline=PipelineID=5804794a-73b5-487d-9840-eb8fe927fd11 dn=92412348-7352-40be-aea2-771c347789e7{ip: 192.168.5.143, host: pr-hdds-1786-trunk-klbfp-3319181915, networkLocation: /default-rack, certSerialId: null}
2019-09-11 07:09:47,178 [grpc-default-executor-0] INFO  impl.RaftServerProxy (RaftServerProxy.java:remove(95)) - 76c4c990-655f-4900-b966-affd0bc7639c: remove group-EB8FE927FD11:null
2019-09-11 07:09:47,184 [RatisPipelineUtilsThread] WARN  pipeline.RatisPipelineUtils (RatisPipelineUtils.java:destroyPipeline(66)) - Pipeline destroy failed for pipeline=PipelineID=5804794a-73b5-487d-9840-eb8fe927fd11 dn=76c4c990-655f-4900-b966-affd0bc7639c{ip: 192.168.5.143, host: pr-hdds-1786-trunk-klbfp-3319181915, networkLocation: /default-rack, certSerialId: null}
2019-09-11 07:09:47,184 [RatisPipelineUtilsThread] ERROR pipeline.SCMPipelineManager (Scheduler.java:lambda$schedule$1(70)) - Destroy pipeline failed for pipeline:Pipeline[ Id: 5804794a-73b5-487d-9840-eb8fe927fd11, Nodes: cfc25efc-54ed-4d3e-b2b6-13ccffc6d6ca{ip: 192.168.5.143, host: pr-hdds-1786-trunk-klbfp-3319181915, networkLocation: /default-rack, certSerialId: null}92412348-7352-40be-aea2-771c347789e7{ip: 192.168.5.143, host: pr-hdds-1786-trunk-klbfp-3319181915, networkLocation: /default-rack, certSerialId: null}76c4c990-655f-4900-b966-affd0bc7639c{ip: 192.168.5.143, host: pr-hdds-1786-trunk-klbfp-3319181915, networkLocation: /default-rack, certSerialId: null}, Type:RATIS, Factor:THREE, State:CLOSED]
org.apache.hadoop.hdds.scm.pipeline.PipelineNotFoundException: PipelineID=5804794a-73b5-487d-9840-eb8fe927fd11 not found
	at org.apache.hadoop.hdds.scm.pipeline.PipelineStateMap.getPipeline(PipelineStateMap.java:132)
	at org.apache.hadoop.hdds.scm.pipeline.PipelineStateMap.removePipeline(PipelineStateMap.java:322)
	at org.apache.hadoop.hdds.scm.pipeline.PipelineStateManager.removePipeline(PipelineStateManager.java:107)
	at org.apache.hadoop.hdds.scm.pipeline.SCMPipelineManager.removePipeline(SCMPipelineManager.java:423)
	at org.apache.hadoop.hdds.scm.pipeline.SCMPipelineManager.destroyPipeline(SCMPipelineManager.java:409)
	at org.apache.hadoop.hdds.scm.pipeline.SCMPipelineManager.lambda$finalizeAndDestroyPipeline$0(SCMPipelineManager.java:318)
	at org.apache.hadoop.utils.Scheduler.lambda$schedule$1(Scheduler.java:68)
	at java.util.concurrent.Executors$RunnableAdapter.call(Executors.java:511)
	at java.util.concurrent.FutureTask.run(FutureTask.java:266)
	at java.util.concurrent.ScheduledThreadPoolExecutor$ScheduledFutureTask.access$201(ScheduledThreadPoolExecutor.java:180)
	at java.util.concurrent.ScheduledThreadPoolExecutor$ScheduledFutureTask.run(ScheduledThreadPoolExecutor.java:293)
	at java.util.concurrent.ThreadPoolExecutor.runWorker(ThreadPoolExecutor.java:1149)
	at java.util.concurrent.ThreadPoolExecutor$Worker.run(ThreadPoolExecutor.java:624)
	at java.lang.Thread.run(Thread.java:748)
2019-09-11 07:09:47,822 [b48366ef-6f68-46c9-99e7-9871be9f97bc@group-44CFF2683379-SegmentedRaftLogWorker] WARN  segmented.SegmentedRaftLogWorker (SegmentedRaftLogWorker.java:getFromFuture(90)) - Timeout 0/~
org.apache.ratis.protocol.TimeoutIOException: Timeout 10s: WriteLog:12: (t:1, i:12), STATEMACHINELOGENTRY, client-FA0A0DC8EAE4, cid=30-writeStateMachineData
	at org.apache.ratis.util.IOUtils.getFromFuture(IOUtils.java:87)
	at org.apache.ratis.server.raftlog.segmented.SegmentedRaftLogWorker$StateMachineDataPolicy.getFromFuture(SegmentedRaftLogWorker.java:87)
	at org.apache.ratis.server.raftlog.segmented.SegmentedRaftLogWorker$WriteLog.execute(SegmentedRaftLogWorker.java:477)
	at org.apache.ratis.server.raftlog.segmented.SegmentedRaftLogWorker.run(SegmentedRaftLogWorker.java:289)
	at java.lang.Thread.run(Thread.java:748)
Caused by: java.util.concurrent.TimeoutException
	at java.util.concurrent.CompletableFuture.timedGet(CompletableFuture.java:1771)
	at java.util.concurrent.CompletableFuture.get(CompletableFuture.java:1915)
	at org.apache.ratis.util.IOUtils.getFromFuture(IOUtils.java:79)
	... 4 more
2019-09-11 07:09:47,913 [grpc-default-executor-1] INFO  client.GrpcClientProtocolClient (GrpcClientProtocolClient.java:onNext(264)) - client-FA0A0DC8EAE4->b48366ef-6f68-46c9-99e7-9871be9f97bc: receive RaftClientReply:client-FA0A0DC8EAE4->b48366ef-6f68-46c9-99e7-9871be9f97bc@group-44CFF2683379, cid=30, FAILED org.apache.ratis.protocol.NotLeaderException: Server b48366ef-6f68-46c9-99e7-9871be9f97bc@group-44CFF2683379 is not the leader 094d95bb-124f-4491-a67a-8d0b5b434983:192.168.5.143:43792, logIndex=0, commits[b48366ef-6f68-46c9-99e7-9871be9f97bc:c11, dd774419-39ed-4d90-9a0e-7a7d67fca22a:c10, 094d95bb-124f-4491-a67a-8d0b5b434983:c11]
2019-09-11 07:09:48,139 [dd774419-39ed-4d90-9a0e-7a7d67fca22a@group-44CFF2683379-SegmentedRaftLogWorker] WARN  segmented.SegmentedRaftLogWorker (SegmentedRaftLogWorker.java:getFromFuture(90)) - Timeout 0/~
org.apache.ratis.protocol.TimeoutIOException: Timeout 10s: WriteLog:13: (t:1, i:13), STATEMACHINELOGENTRY, client-FA0A0DC8EAE4, cid=31-writeStateMachineData
	at org.apache.ratis.util.IOUtils.getFromFuture(IOUtils.java:87)
	at org.apache.ratis.server.raftlog.segmented.SegmentedRaftLogWorker$StateMachineDataPolicy.getFromFuture(SegmentedRaftLogWorker.java:87)
	at org.apache.ratis.server.raftlog.segmented.SegmentedRaftLogWorker$WriteLog.execute(SegmentedRaftLogWorker.java:477)
	at org.apache.ratis.server.raftlog.segmented.SegmentedRaftLogWorker.run(SegmentedRaftLogWorker.java:289)
	at java.lang.Thread.run(Thread.java:748)
Caused by: java.util.concurrent.TimeoutException
	at java.util.concurrent.CompletableFuture.timedGet(CompletableFuture.java:1771)
	at java.util.concurrent.CompletableFuture.get(CompletableFuture.java:1915)
	at org.apache.ratis.util.IOUtils.getFromFuture(IOUtils.java:79)
	... 4 more
2019-09-11 07:09:48,139 [094d95bb-124f-4491-a67a-8d0b5b434983@group-44CFF2683379-SegmentedRaftLogWorker] WARN  segmented.SegmentedRaftLogWorker (SegmentedRaftLogWorker.java:getFromFuture(90)) - Timeout 0/~
org.apache.ratis.protocol.TimeoutIOException: Timeout 10s: WriteLog:13: (t:1, i:13), STATEMACHINELOGENTRY, client-FA0A0DC8EAE4, cid=31-writeStateMachineData
	at org.apache.ratis.util.IOUtils.getFromFuture(IOUtils.java:87)
	at org.apache.ratis.server.raftlog.segmented.SegmentedRaftLogWorker$StateMachineDataPolicy.getFromFuture(SegmentedRaftLogWorker.java:87)
	at org.apache.ratis.server.raftlog.segmented.SegmentedRaftLogWorker$WriteLog.execute(SegmentedRaftLogWorker.java:477)
	at org.apache.ratis.server.raftlog.segmented.SegmentedRaftLogWorker.run(SegmentedRaftLogWorker.java:289)
	at java.lang.Thread.run(Thread.java:748)
Caused by: java.util.concurrent.TimeoutException
	at java.util.concurrent.CompletableFuture.timedGet(CompletableFuture.java:1771)
	at java.util.concurrent.CompletableFuture.get(CompletableFuture.java:1915)
	at org.apache.ratis.util.IOUtils.getFromFuture(IOUtils.java:79)
	... 4 more
2019-09-11 07:09:48,326 [java.util.concurrent.ThreadPoolExecutor$Worker@21f64e46[State = -1, empty queue]] WARN  server.GrpcLogAppender (GrpcLogAppender.java:timeoutAppendRequest(200)) - 094d95bb-124f-4491-a67a-8d0b5b434983@group-44CFF2683379->dd774419-39ed-4d90-9a0e-7a7d67fca22a-GrpcLogAppender: appendEntries Timeout, request=094d95bb-124f-4491-a67a-8d0b5b434983->dd774419-39ed-4d90-9a0e-7a7d67fca22a#96-t1, previous=(t:1, i:17), leaderCommit=11, initializing? false, entries: <empty>
2019-09-11 07:09:48,326 [java.util.concurrent.ThreadPoolExecutor$Worker@cd5255c[State = -1, empty queue]] WARN  server.GrpcLogAppender (GrpcLogAppender.java:timeoutAppendRequest(200)) - 094d95bb-124f-4491-a67a-8d0b5b434983@group-44CFF2683379->b48366ef-6f68-46c9-99e7-9871be9f97bc-GrpcLogAppender: appendEntries Timeout, request=094d95bb-124f-4491-a67a-8d0b5b434983->b48366ef-6f68-46c9-99e7-9871be9f97bc#96-t1, previous=(t:1, i:17), leaderCommit=11, initializing? false, entries: <empty>
2019-09-11 07:09:50,159 [grpc-default-executor-0] INFO  impl.RaftServerProxy (RaftServerProxy.java:remove(95)) - cfc25efc-54ed-4d3e-b2b6-13ccffc6d6ca: remove group-EB8FE927FD11:null
2019-09-11 07:09:50,167 [RatisPipelineUtilsThread] WARN  pipeline.RatisPipelineUtils (RatisPipelineUtils.java:destroyPipeline(66)) - Pipeline destroy failed for pipeline=PipelineID=5804794a-73b5-487d-9840-eb8fe927fd11 dn=cfc25efc-54ed-4d3e-b2b6-13ccffc6d6ca{ip: 192.168.5.143, host: pr-hdds-1786-trunk-klbfp-3319181915, networkLocation: /default-rack, certSerialId: null}
2019-09-11 07:09:50,169 [grpc-default-executor-0] INFO  impl.RaftServerProxy (RaftServerProxy.java:remove(95)) - 92412348-7352-40be-aea2-771c347789e7: remove group-EB8FE927FD11:null
2019-09-11 07:09:50,176 [RatisPipelineUtilsThread] WARN  pipeline.RatisPipelineUtils (RatisPipelineUtils.java:destroyPipeline(66)) - Pipeline destroy failed for pipeline=PipelineID=5804794a-73b5-487d-9840-eb8fe927fd11 dn=92412348-7352-40be-aea2-771c347789e7{ip: 192.168.5.143, host: pr-hdds-1786-trunk-klbfp-3319181915, networkLocation: /default-rack, certSerialId: null}
2019-09-11 07:09:50,179 [grpc-default-executor-0] INFO  impl.RaftServerProxy (RaftServerProxy.java:remove(95)) - 76c4c990-655f-4900-b966-affd0bc7639c: remove group-EB8FE927FD11:null
2019-09-11 07:09:50,192 [RatisPipelineUtilsThread] WARN  pipeline.RatisPipelineUtils (RatisPipelineUtils.java:destroyPipeline(66)) - Pipeline destroy failed for pipeline=PipelineID=5804794a-73b5-487d-9840-eb8fe927fd11 dn=76c4c990-655f-4900-b966-affd0bc7639c{ip: 192.168.5.143, host: pr-hdds-1786-trunk-klbfp-3319181915, networkLocation: /default-rack, certSerialId: null}
2019-09-11 07:09:50,192 [RatisPipelineUtilsThread] ERROR pipeline.SCMPipelineManager (Scheduler.java:lambda$schedule$1(70)) - Destroy pipeline failed for pipeline:Pipeline[ Id: 5804794a-73b5-487d-9840-eb8fe927fd11, Nodes: cfc25efc-54ed-4d3e-b2b6-13ccffc6d6ca{ip: 192.168.5.143, host: pr-hdds-1786-trunk-klbfp-3319181915, networkLocation: /default-rack, certSerialId: null}92412348-7352-40be-aea2-771c347789e7{ip: 192.168.5.143, host: pr-hdds-1786-trunk-klbfp-3319181915, networkLocation: /default-rack, certSerialId: null}76c4c990-655f-4900-b966-affd0bc7639c{ip: 192.168.5.143, host: pr-hdds-1786-trunk-klbfp-3319181915, networkLocation: /default-rack, certSerialId: null}, Type:RATIS, Factor:THREE, State:CLOSED]
org.apache.hadoop.hdds.scm.pipeline.PipelineNotFoundException: PipelineID=5804794a-73b5-487d-9840-eb8fe927fd11 not found
	at org.apache.hadoop.hdds.scm.pipeline.PipelineStateMap.getPipeline(PipelineStateMap.java:132)
	at org.apache.hadoop.hdds.scm.pipeline.PipelineStateMap.removePipeline(PipelineStateMap.java:322)
	at org.apache.hadoop.hdds.scm.pipeline.PipelineStateManager.removePipeline(PipelineStateManager.java:107)
	at org.apache.hadoop.hdds.scm.pipeline.SCMPipelineManager.removePipeline(SCMPipelineManager.java:423)
	at org.apache.hadoop.hdds.scm.pipeline.SCMPipelineManager.destroyPipeline(SCMPipelineManager.java:409)
	at org.apache.hadoop.hdds.scm.pipeline.SCMPipelineManager.lambda$finalizeAndDestroyPipeline$0(SCMPipelineManager.java:318)
	at org.apache.hadoop.utils.Scheduler.lambda$schedule$1(Scheduler.java:68)
	at java.util.concurrent.Executors$RunnableAdapter.call(Executors.java:511)
	at java.util.concurrent.FutureTask.run(FutureTask.java:266)
	at java.util.concurrent.ScheduledThreadPoolExecutor$ScheduledFutureTask.access$201(ScheduledThreadPoolExecutor.java:180)
	at java.util.concurrent.ScheduledThreadPoolExecutor$ScheduledFutureTask.run(ScheduledThreadPoolExecutor.java:293)
	at java.util.concurrent.ThreadPoolExecutor.runWorker(ThreadPoolExecutor.java:1149)
	at java.util.concurrent.ThreadPoolExecutor$Worker.run(ThreadPoolExecutor.java:624)
	at java.lang.Thread.run(Thread.java:748)
2019-09-11 07:09:50,827 [java.util.concurrent.ThreadPoolExecutor$Worker@cd5255c[State = -1, empty queue]] WARN  server.GrpcLogAppender (GrpcLogAppender.java:timeoutAppendRequest(200)) - 094d95bb-124f-4491-a67a-8d0b5b434983@group-44CFF2683379->b48366ef-6f68-46c9-99e7-9871be9f97bc-GrpcLogAppender: appendEntries Timeout, request=094d95bb-124f-4491-a67a-8d0b5b434983->b48366ef-6f68-46c9-99e7-9871be9f97bc#97-t1, previous=(t:1, i:17), leaderCommit=11, initializing? false, entries: <empty>
2019-09-11 07:09:50,827 [java.util.concurrent.ThreadPoolExecutor$Worker@21f64e46[State = -1, empty queue]] WARN  server.GrpcLogAppender (GrpcLogAppender.java:timeoutAppendRequest(200)) - 094d95bb-124f-4491-a67a-8d0b5b434983@group-44CFF2683379->dd774419-39ed-4d90-9a0e-7a7d67fca22a-GrpcLogAppender: appendEntries Timeout, request=094d95bb-124f-4491-a67a-8d0b5b434983->dd774419-39ed-4d90-9a0e-7a7d67fca22a#97-t1, previous=(t:1, i:17), leaderCommit=11, initializing? false, entries: <empty>
2019-09-11 07:09:52,150 [grpc-default-executor-0] INFO  impl.RaftServerProxy (RaftServerProxy.java:remove(95)) - cfc25efc-54ed-4d3e-b2b6-13ccffc6d6ca: remove group-EB8FE927FD11:null
2019-09-11 07:09:52,157 [RatisPipelineUtilsThread] WARN  pipeline.RatisPipelineUtils (RatisPipelineUtils.java:destroyPipeline(66)) - Pipeline destroy failed for pipeline=PipelineID=5804794a-73b5-487d-9840-eb8fe927fd11 dn=cfc25efc-54ed-4d3e-b2b6-13ccffc6d6ca{ip: 192.168.5.143, host: pr-hdds-1786-trunk-klbfp-3319181915, networkLocation: /default-rack, certSerialId: null}
2019-09-11 07:09:52,160 [grpc-default-executor-0] INFO  impl.RaftServerProxy (RaftServerProxy.java:remove(95)) - 92412348-7352-40be-aea2-771c347789e7: remove group-EB8FE927FD11:null
2019-09-11 07:09:52,166 [RatisPipelineUtilsThread] WARN  pipeline.RatisPipelineUtils (RatisPipelineUtils.java:destroyPipeline(66)) - Pipeline destroy failed for pipeline=PipelineID=5804794a-73b5-487d-9840-eb8fe927fd11 dn=92412348-7352-40be-aea2-771c347789e7{ip: 192.168.5.143, host: pr-hdds-1786-trunk-klbfp-3319181915, networkLocation: /default-rack, certSerialId: null}
2019-09-11 07:09:52,169 [grpc-default-executor-0] INFO  impl.RaftServerProxy (RaftServerProxy.java:remove(95)) - 76c4c990-655f-4900-b966-affd0bc7639c: remove group-EB8FE927FD11:null
2019-09-11 07:09:52,175 [RatisPipelineUtilsThread] WARN  pipeline.RatisPipelineUtils (RatisPipelineUtils.java:destroyPipeline(66)) - Pipeline destroy failed for pipeline=PipelineID=5804794a-73b5-487d-9840-eb8fe927fd11 dn=76c4c990-655f-4900-b966-affd0bc7639c{ip: 192.168.5.143, host: pr-hdds-1786-trunk-klbfp-3319181915, networkLocation: /default-rack, certSerialId: null}
2019-09-11 07:09:52,175 [RatisPipelineUtilsThread] ERROR pipeline.SCMPipelineManager (Scheduler.java:lambda$schedule$1(70)) - Destroy pipeline failed for pipeline:Pipeline[ Id: 5804794a-73b5-487d-9840-eb8fe927fd11, Nodes: cfc25efc-54ed-4d3e-b2b6-13ccffc6d6ca{ip: 192.168.5.143, host: pr-hdds-1786-trunk-klbfp-3319181915, networkLocation: /default-rack, certSerialId: null}92412348-7352-40be-aea2-771c347789e7{ip: 192.168.5.143, host: pr-hdds-1786-trunk-klbfp-3319181915, networkLocation: /default-rack, certSerialId: null}76c4c990-655f-4900-b966-affd0bc7639c{ip: 192.168.5.143, host: pr-hdds-1786-trunk-klbfp-3319181915, networkLocation: /default-rack, certSerialId: null}, Type:RATIS, Factor:THREE, State:CLOSED]
org.apache.hadoop.hdds.scm.pipeline.PipelineNotFoundException: PipelineID=5804794a-73b5-487d-9840-eb8fe927fd11 not found
	at org.apache.hadoop.hdds.scm.pipeline.PipelineStateMap.getPipeline(PipelineStateMap.java:132)
	at org.apache.hadoop.hdds.scm.pipeline.PipelineStateMap.removePipeline(PipelineStateMap.java:322)
	at org.apache.hadoop.hdds.scm.pipeline.PipelineStateManager.removePipeline(PipelineStateManager.java:107)
	at org.apache.hadoop.hdds.scm.pipeline.SCMPipelineManager.removePipeline(SCMPipelineManager.java:423)
	at org.apache.hadoop.hdds.scm.pipeline.SCMPipelineManager.destroyPipeline(SCMPipelineManager.java:409)
	at org.apache.hadoop.hdds.scm.pipeline.SCMPipelineManager.lambda$finalizeAndDestroyPipeline$0(SCMPipelineManager.java:318)
	at org.apache.hadoop.utils.Scheduler.lambda$schedule$1(Scheduler.java:68)
	at java.util.concurrent.Executors$RunnableAdapter.call(Executors.java:511)
	at java.util.concurrent.FutureTask.run(FutureTask.java:266)
	at java.util.concurrent.ScheduledThreadPoolExecutor$ScheduledFutureTask.access$201(ScheduledThreadPoolExecutor.java:180)
	at java.util.concurrent.ScheduledThreadPoolExecutor$ScheduledFutureTask.run(ScheduledThreadPoolExecutor.java:293)
	at java.util.concurrent.ThreadPoolExecutor.runWorker(ThreadPoolExecutor.java:1149)
	at java.util.concurrent.ThreadPoolExecutor$Worker.run(ThreadPoolExecutor.java:624)
	at java.lang.Thread.run(Thread.java:748)
2019-09-11 07:09:52,967 [grpc-default-executor-0] INFO  client.GrpcClientProtocolClient (GrpcClientProtocolClient.java:onNext(264)) - client-FA0A0DC8EAE4->b48366ef-6f68-46c9-99e7-9871be9f97bc: receive RaftClientReply:client-FA0A0DC8EAE4->b48366ef-6f68-46c9-99e7-9871be9f97bc@group-44CFF2683379, cid=30, FAILED org.apache.ratis.protocol.NotLeaderException: Server b48366ef-6f68-46c9-99e7-9871be9f97bc@group-44CFF2683379 is not the leader 094d95bb-124f-4491-a67a-8d0b5b434983:192.168.5.143:43792, logIndex=0, commits[b48366ef-6f68-46c9-99e7-9871be9f97bc:c11, dd774419-39ed-4d90-9a0e-7a7d67fca22a:c10, 094d95bb-124f-4491-a67a-8d0b5b434983:c11]
2019-09-11 07:09:53,327 [java.util.concurrent.ThreadPoolExecutor$Worker@21f64e46[State = -1, empty queue]] WARN  server.GrpcLogAppender (GrpcLogAppender.java:timeoutAppendRequest(200)) - 094d95bb-124f-4491-a67a-8d0b5b434983@group-44CFF2683379->dd774419-39ed-4d90-9a0e-7a7d67fca22a-GrpcLogAppender: appendEntries Timeout, request=094d95bb-124f-4491-a67a-8d0b5b434983->dd774419-39ed-4d90-9a0e-7a7d67fca22a#98-t1, previous=(t:1, i:17), leaderCommit=11, initializing? false, entries: <empty>
2019-09-11 07:09:53,327 [java.util.concurrent.ThreadPoolExecutor$Worker@cd5255c[State = -1, empty queue]] WARN  server.GrpcLogAppender (GrpcLogAppender.java:timeoutAppendRequest(200)) - 094d95bb-124f-4491-a67a-8d0b5b434983@group-44CFF2683379->b48366ef-6f68-46c9-99e7-9871be9f97bc-GrpcLogAppender: appendEntries Timeout, request=094d95bb-124f-4491-a67a-8d0b5b434983->b48366ef-6f68-46c9-99e7-9871be9f97bc#98-t1, previous=(t:1, i:17), leaderCommit=11, initializing? false, entries: <empty>
2019-09-11 07:09:55,156 [grpc-default-executor-0] INFO  impl.RaftServerProxy (RaftServerProxy.java:remove(95)) - cfc25efc-54ed-4d3e-b2b6-13ccffc6d6ca: remove group-EB8FE927FD11:null
2019-09-11 07:09:55,168 [RatisPipelineUtilsThread] WARN  pipeline.RatisPipelineUtils (RatisPipelineUtils.java:destroyPipeline(66)) - Pipeline destroy failed for pipeline=PipelineID=5804794a-73b5-487d-9840-eb8fe927fd11 dn=cfc25efc-54ed-4d3e-b2b6-13ccffc6d6ca{ip: 192.168.5.143, host: pr-hdds-1786-trunk-klbfp-3319181915, networkLocation: /default-rack, certSerialId: null}
2019-09-11 07:09:55,172 [grpc-default-executor-0] INFO  impl.RaftServerProxy (RaftServerProxy.java:remove(95)) - 92412348-7352-40be-aea2-771c347789e7: remove group-EB8FE927FD11:null
2019-09-11 07:09:55,177 [RatisPipelineUtilsThread] WARN  pipeline.RatisPipelineUtils (RatisPipelineUtils.java:destroyPipeline(66)) - Pipeline destroy failed for pipeline=PipelineID=5804794a-73b5-487d-9840-eb8fe927fd11 dn=92412348-7352-40be-aea2-771c347789e7{ip: 192.168.5.143, host: pr-hdds-1786-trunk-klbfp-3319181915, networkLocation: /default-rack, certSerialId: null}
2019-09-11 07:09:55,180 [grpc-default-executor-0] INFO  impl.RaftServerProxy (RaftServerProxy.java:remove(95)) - 76c4c990-655f-4900-b966-affd0bc7639c: remove group-EB8FE927FD11:null
2019-09-11 07:09:55,185 [RatisPipelineUtilsThread] WARN  pipeline.RatisPipelineUtils (RatisPipelineUtils.java:destroyPipeline(66)) - Pipeline destroy failed for pipeline=PipelineID=5804794a-73b5-487d-9840-eb8fe927fd11 dn=76c4c990-655f-4900-b966-affd0bc7639c{ip: 192.168.5.143, host: pr-hdds-1786-trunk-klbfp-3319181915, networkLocation: /default-rack, certSerialId: null}
2019-09-11 07:09:55,186 [RatisPipelineUtilsThread] ERROR pipeline.SCMPipelineManager (Scheduler.java:lambda$schedule$1(70)) - Destroy pipeline failed for pipeline:Pipeline[ Id: 5804794a-73b5-487d-9840-eb8fe927fd11, Nodes: cfc25efc-54ed-4d3e-b2b6-13ccffc6d6ca{ip: 192.168.5.143, host: pr-hdds-1786-trunk-klbfp-3319181915, networkLocation: /default-rack, certSerialId: null}92412348-7352-40be-aea2-771c347789e7{ip: 192.168.5.143, host: pr-hdds-1786-trunk-klbfp-3319181915, networkLocation: /default-rack, certSerialId: null}76c4c990-655f-4900-b966-affd0bc7639c{ip: 192.168.5.143, host: pr-hdds-1786-trunk-klbfp-3319181915, networkLocation: /default-rack, certSerialId: null}, Type:RATIS, Factor:THREE, State:CLOSED]
org.apache.hadoop.hdds.scm.pipeline.PipelineNotFoundException: PipelineID=5804794a-73b5-487d-9840-eb8fe927fd11 not found
	at org.apache.hadoop.hdds.scm.pipeline.PipelineStateMap.getPipeline(PipelineStateMap.java:132)
	at org.apache.hadoop.hdds.scm.pipeline.PipelineStateMap.removePipeline(PipelineStateMap.java:322)
	at org.apache.hadoop.hdds.scm.pipeline.PipelineStateManager.removePipeline(PipelineStateManager.java:107)
	at org.apache.hadoop.hdds.scm.pipeline.SCMPipelineManager.removePipeline(SCMPipelineManager.java:423)
	at org.apache.hadoop.hdds.scm.pipeline.SCMPipelineManager.destroyPipeline(SCMPipelineManager.java:409)
	at org.apache.hadoop.hdds.scm.pipeline.SCMPipelineManager.lambda$finalizeAndDestroyPipeline$0(SCMPipelineManager.java:318)
	at org.apache.hadoop.utils.Scheduler.lambda$schedule$1(Scheduler.java:68)
	at java.util.concurrent.Executors$RunnableAdapter.call(Executors.java:511)
	at java.util.concurrent.FutureTask.run(FutureTask.java:266)
	at java.util.concurrent.ScheduledThreadPoolExecutor$ScheduledFutureTask.access$201(ScheduledThreadPoolExecutor.java:180)
	at java.util.concurrent.ScheduledThreadPoolExecutor$ScheduledFutureTask.run(ScheduledThreadPoolExecutor.java:293)
	at java.util.concurrent.ThreadPoolExecutor.runWorker(ThreadPoolExecutor.java:1149)
	at java.util.concurrent.ThreadPoolExecutor$Worker.run(ThreadPoolExecutor.java:624)
	at java.lang.Thread.run(Thread.java:748)
2019-09-11 07:09:55,827 [java.util.concurrent.ThreadPoolExecutor$Worker@21f64e46[State = -1, empty queue]] WARN  server.GrpcLogAppender (GrpcLogAppender.java:timeoutAppendRequest(200)) - 094d95bb-124f-4491-a67a-8d0b5b434983@group-44CFF2683379->dd774419-39ed-4d90-9a0e-7a7d67fca22a-GrpcLogAppender: appendEntries Timeout, request=094d95bb-124f-4491-a67a-8d0b5b434983->dd774419-39ed-4d90-9a0e-7a7d67fca22a#99-t1, previous=(t:1, i:17), leaderCommit=11, initializing? false, entries: <empty>
2019-09-11 07:09:55,827 [java.util.concurrent.ThreadPoolExecutor$Worker@cd5255c[State = -1, empty queue]] WARN  server.GrpcLogAppender (GrpcLogAppender.java:timeoutAppendRequest(200)) - 094d95bb-124f-4491-a67a-8d0b5b434983@group-44CFF2683379->b48366ef-6f68-46c9-99e7-9871be9f97bc-GrpcLogAppender: appendEntries Timeout, request=094d95bb-124f-4491-a67a-8d0b5b434983->b48366ef-6f68-46c9-99e7-9871be9f97bc#99-t1, previous=(t:1, i:17), leaderCommit=11, initializing? false, entries: <empty>
2019-09-11 07:09:57,147 [grpc-default-executor-1] INFO  impl.RaftServerProxy (RaftServerProxy.java:remove(95)) - cfc25efc-54ed-4d3e-b2b6-13ccffc6d6ca: remove group-EB8FE927FD11:null
2019-09-11 07:09:57,155 [RatisPipelineUtilsThread] WARN  pipeline.RatisPipelineUtils (RatisPipelineUtils.java:destroyPipeline(66)) - Pipeline destroy failed for pipeline=PipelineID=5804794a-73b5-487d-9840-eb8fe927fd11 dn=cfc25efc-54ed-4d3e-b2b6-13ccffc6d6ca{ip: 192.168.5.143, host: pr-hdds-1786-trunk-klbfp-3319181915, networkLocation: /default-rack, certSerialId: null}
2019-09-11 07:09:57,159 [grpc-default-executor-1] INFO  impl.RaftServerProxy (RaftServerProxy.java:remove(95)) - 92412348-7352-40be-aea2-771c347789e7: remove group-EB8FE927FD11:null
2019-09-11 07:09:57,165 [RatisPipelineUtilsThread] WARN  pipeline.RatisPipelineUtils (RatisPipelineUtils.java:destroyPipeline(66)) - Pipeline destroy failed for pipeline=PipelineID=5804794a-73b5-487d-9840-eb8fe927fd11 dn=92412348-7352-40be-aea2-771c347789e7{ip: 192.168.5.143, host: pr-hdds-1786-trunk-klbfp-3319181915, networkLocation: /default-rack, certSerialId: null}
2019-09-11 07:09:57,168 [grpc-default-executor-1] INFO  impl.RaftServerProxy (RaftServerProxy.java:remove(95)) - 76c4c990-655f-4900-b966-affd0bc7639c: remove group-EB8FE927FD11:null
2019-09-11 07:09:57,174 [RatisPipelineUtilsThread] WARN  pipeline.RatisPipelineUtils (RatisPipelineUtils.java:destroyPipeline(66)) - Pipeline destroy failed for pipeline=PipelineID=5804794a-73b5-487d-9840-eb8fe927fd11 dn=76c4c990-655f-4900-b966-affd0bc7639c{ip: 192.168.5.143, host: pr-hdds-1786-trunk-klbfp-3319181915, networkLocation: /default-rack, certSerialId: null}
2019-09-11 07:09:57,174 [RatisPipelineUtilsThread] ERROR pipeline.SCMPipelineManager (Scheduler.java:lambda$schedule$1(70)) - Destroy pipeline failed for pipeline:Pipeline[ Id: 5804794a-73b5-487d-9840-eb8fe927fd11, Nodes: cfc25efc-54ed-4d3e-b2b6-13ccffc6d6ca{ip: 192.168.5.143, host: pr-hdds-1786-trunk-klbfp-3319181915, networkLocation: /default-rack, certSerialId: null}92412348-7352-40be-aea2-771c347789e7{ip: 192.168.5.143, host: pr-hdds-1786-trunk-klbfp-3319181915, networkLocation: /default-rack, certSerialId: null}76c4c990-655f-4900-b966-affd0bc7639c{ip: 192.168.5.143, host: pr-hdds-1786-trunk-klbfp-3319181915, networkLocation: /default-rack, certSerialId: null}, Type:RATIS, Factor:THREE, State:CLOSED]
org.apache.hadoop.hdds.scm.pipeline.PipelineNotFoundException: PipelineID=5804794a-73b5-487d-9840-eb8fe927fd11 not found
	at org.apache.hadoop.hdds.scm.pipeline.PipelineStateMap.getPipeline(PipelineStateMap.java:132)
	at org.apache.hadoop.hdds.scm.pipeline.PipelineStateMap.removePipeline(PipelineStateMap.java:322)
	at org.apache.hadoop.hdds.scm.pipeline.PipelineStateManager.removePipeline(PipelineStateManager.java:107)
	at org.apache.hadoop.hdds.scm.pipeline.SCMPipelineManager.removePipeline(SCMPipelineManager.java:423)
	at org.apache.hadoop.hdds.scm.pipeline.SCMPipelineManager.destroyPipeline(SCMPipelineManager.java:409)
	at org.apache.hadoop.hdds.scm.pipeline.SCMPipelineManager.lambda$finalizeAndDestroyPipeline$0(SCMPipelineManager.java:318)
	at org.apache.hadoop.utils.Scheduler.lambda$schedule$1(Scheduler.java:68)
	at java.util.concurrent.Executors$RunnableAdapter.call(Executors.java:511)
	at java.util.concurrent.FutureTask.run(FutureTask.java:266)
	at java.util.concurrent.ScheduledThreadPoolExecutor$ScheduledFutureTask.access$201(ScheduledThreadPoolExecutor.java:180)
	at java.util.concurrent.ScheduledThreadPoolExecutor$ScheduledFutureTask.run(ScheduledThreadPoolExecutor.java:293)
	at java.util.concurrent.ThreadPoolExecutor.runWorker(ThreadPoolExecutor.java:1149)
	at java.util.concurrent.ThreadPoolExecutor$Worker.run(ThreadPoolExecutor.java:624)
	at java.lang.Thread.run(Thread.java:748)
2019-09-11 07:09:57,823 [b48366ef-6f68-46c9-99e7-9871be9f97bc@group-44CFF2683379-SegmentedRaftLogWorker] WARN  segmented.SegmentedRaftLogWorker (SegmentedRaftLogWorker.java:getFromFuture(90)) - Timeout 1/~
org.apache.ratis.protocol.TimeoutIOException: Timeout 10s: WriteLog:12: (t:1, i:12), STATEMACHINELOGENTRY, client-FA0A0DC8EAE4, cid=30-writeStateMachineData
	at org.apache.ratis.util.IOUtils.getFromFuture(IOUtils.java:87)
	at org.apache.ratis.server.raftlog.segmented.SegmentedRaftLogWorker$StateMachineDataPolicy.getFromFuture(SegmentedRaftLogWorker.java:87)
	at org.apache.ratis.server.raftlog.segmented.SegmentedRaftLogWorker$WriteLog.execute(SegmentedRaftLogWorker.java:477)
	at org.apache.ratis.server.raftlog.segmented.SegmentedRaftLogWorker.run(SegmentedRaftLogWorker.java:289)
	at java.lang.Thread.run(Thread.java:748)
Caused by: java.util.concurrent.TimeoutException
	at java.util.concurrent.CompletableFuture.timedGet(CompletableFuture.java:1771)
	at java.util.concurrent.CompletableFuture.get(CompletableFuture.java:1915)
	at org.apache.ratis.util.IOUtils.getFromFuture(IOUtils.java:79)
	... 4 more
2019-09-11 07:09:58,016 [grpc-default-executor-0] INFO  client.GrpcClientProtocolClient (GrpcClientProtocolClient.java:onNext(264)) - client-FA0A0DC8EAE4->dd774419-39ed-4d90-9a0e-7a7d67fca22a: receive RaftClientReply:client-FA0A0DC8EAE4->dd774419-39ed-4d90-9a0e-7a7d67fca22a@group-44CFF2683379, cid=30, FAILED org.apache.ratis.protocol.NotLeaderException: Server dd774419-39ed-4d90-9a0e-7a7d67fca22a@group-44CFF2683379 is not the leader 094d95bb-124f-4491-a67a-8d0b5b434983:192.168.5.143:43792, logIndex=0, commits[dd774419-39ed-4d90-9a0e-7a7d67fca22a:c11, b48366ef-6f68-46c9-99e7-9871be9f97bc:c10, 094d95bb-124f-4491-a67a-8d0b5b434983:c11]
2019-09-11 07:09:58,140 [dd774419-39ed-4d90-9a0e-7a7d67fca22a@group-44CFF2683379-SegmentedRaftLogWorker] WARN  segmented.SegmentedRaftLogWorker (SegmentedRaftLogWorker.java:getFromFuture(90)) - Timeout 1/~
org.apache.ratis.protocol.TimeoutIOException: Timeout 10s: WriteLog:13: (t:1, i:13), STATEMACHINELOGENTRY, client-FA0A0DC8EAE4, cid=31-writeStateMachineData
	at org.apache.ratis.util.IOUtils.getFromFuture(IOUtils.java:87)
	at org.apache.ratis.server.raftlog.segmented.SegmentedRaftLogWorker$StateMachineDataPolicy.getFromFuture(SegmentedRaftLogWorker.java:87)
	at org.apache.ratis.server.raftlog.segmented.SegmentedRaftLogWorker$WriteLog.execute(SegmentedRaftLogWorker.java:477)
	at org.apache.ratis.server.raftlog.segmented.SegmentedRaftLogWorker.run(SegmentedRaftLogWorker.java:289)
	at java.lang.Thread.run(Thread.java:748)
Caused by: java.util.concurrent.TimeoutException
	at java.util.concurrent.CompletableFuture.timedGet(CompletableFuture.java:1771)
	at java.util.concurrent.CompletableFuture.get(CompletableFuture.java:1915)
	at org.apache.ratis.util.IOUtils.getFromFuture(IOUtils.java:79)
	... 4 more
2019-09-11 07:09:58,140 [094d95bb-124f-4491-a67a-8d0b5b434983@group-44CFF2683379-SegmentedRaftLogWorker] WARN  segmented.SegmentedRaftLogWorker (SegmentedRaftLogWorker.java:getFromFuture(90)) - Timeout 1/~
org.apache.ratis.protocol.TimeoutIOException: Timeout 10s: WriteLog:13: (t:1, i:13), STATEMACHINELOGENTRY, client-FA0A0DC8EAE4, cid=31-writeStateMachineData
	at org.apache.ratis.util.IOUtils.getFromFuture(IOUtils.java:87)
	at org.apache.ratis.server.raftlog.segmented.SegmentedRaftLogWorker$StateMachineDataPolicy.getFromFuture(SegmentedRaftLogWorker.java:87)
	at org.apache.ratis.server.raftlog.segmented.SegmentedRaftLogWorker$WriteLog.execute(SegmentedRaftLogWorker.java:477)
	at org.apache.ratis.server.raftlog.segmented.SegmentedRaftLogWorker.run(SegmentedRaftLogWorker.java:289)
	at java.lang.Thread.run(Thread.java:748)
Caused by: java.util.concurrent.TimeoutException
	at java.util.concurrent.CompletableFuture.timedGet(CompletableFuture.java:1771)
	at java.util.concurrent.CompletableFuture.get(CompletableFuture.java:1915)
	at org.apache.ratis.util.IOUtils.getFromFuture(IOUtils.java:79)
	... 4 more
2019-09-11 07:09:58,328 [java.util.concurrent.ThreadPoolExecutor$Worker@21f64e46[State = -1, empty queue]] WARN  server.GrpcLogAppender (GrpcLogAppender.java:timeoutAppendRequest(200)) - 094d95bb-124f-4491-a67a-8d0b5b434983@group-44CFF2683379->dd774419-39ed-4d90-9a0e-7a7d67fca22a-GrpcLogAppender: appendEntries Timeout, request=094d95bb-124f-4491-a67a-8d0b5b434983->dd774419-39ed-4d90-9a0e-7a7d67fca22a#100-t1, previous=(t:1, i:17), leaderCommit=11, initializing? false, entries: <empty>
2019-09-11 07:09:58,328 [java.util.concurrent.ThreadPoolExecutor$Worker@cd5255c[State = -1, empty queue]] WARN  server.GrpcLogAppender (GrpcLogAppender.java:timeoutAppendRequest(200)) - 094d95bb-124f-4491-a67a-8d0b5b434983@group-44CFF2683379->b48366ef-6f68-46c9-99e7-9871be9f97bc-GrpcLogAppender: appendEntries Timeout, request=094d95bb-124f-4491-a67a-8d0b5b434983->b48366ef-6f68-46c9-99e7-9871be9f97bc#100-t1, previous=(t:1, i:17), leaderCommit=11, initializing? false, entries: <empty>
2019-09-11 07:10:00,153 [grpc-default-executor-0] INFO  impl.RaftServerProxy (RaftServerProxy.java:remove(95)) - cfc25efc-54ed-4d3e-b2b6-13ccffc6d6ca: remove group-EB8FE927FD11:null
2019-09-11 07:10:00,166 [RatisPipelineUtilsThread] WARN  pipeline.RatisPipelineUtils (RatisPipelineUtils.java:destroyPipeline(66)) - Pipeline destroy failed for pipeline=PipelineID=5804794a-73b5-487d-9840-eb8fe927fd11 dn=cfc25efc-54ed-4d3e-b2b6-13ccffc6d6ca{ip: 192.168.5.143, host: pr-hdds-1786-trunk-klbfp-3319181915, networkLocation: /default-rack, certSerialId: null}
2019-09-11 07:10:00,170 [grpc-default-executor-0] INFO  impl.RaftServerProxy (RaftServerProxy.java:remove(95)) - 92412348-7352-40be-aea2-771c347789e7: remove group-EB8FE927FD11:null
2019-09-11 07:10:00,175 [RatisPipelineUtilsThread] WARN  pipeline.RatisPipelineUtils (RatisPipelineUtils.java:destroyPipeline(66)) - Pipeline destroy failed for pipeline=PipelineID=5804794a-73b5-487d-9840-eb8fe927fd11 dn=92412348-7352-40be-aea2-771c347789e7{ip: 192.168.5.143, host: pr-hdds-1786-trunk-klbfp-3319181915, networkLocation: /default-rack, certSerialId: null}
2019-09-11 07:10:00,179 [grpc-default-executor-0] INFO  impl.RaftServerProxy (RaftServerProxy.java:remove(95)) - 76c4c990-655f-4900-b966-affd0bc7639c: remove group-EB8FE927FD11:null
2019-09-11 07:10:00,184 [RatisPipelineUtilsThread] WARN  pipeline.RatisPipelineUtils (RatisPipelineUtils.java:destroyPipeline(66)) - Pipeline destroy failed for pipeline=PipelineID=5804794a-73b5-487d-9840-eb8fe927fd11 dn=76c4c990-655f-4900-b966-affd0bc7639c{ip: 192.168.5.143, host: pr-hdds-1786-trunk-klbfp-3319181915, networkLocation: /default-rack, certSerialId: null}
2019-09-11 07:10:00,184 [RatisPipelineUtilsThread] ERROR pipeline.SCMPipelineManager (Scheduler.java:lambda$schedule$1(70)) - Destroy pipeline failed for pipeline:Pipeline[ Id: 5804794a-73b5-487d-9840-eb8fe927fd11, Nodes: cfc25efc-54ed-4d3e-b2b6-13ccffc6d6ca{ip: 192.168.5.143, host: pr-hdds-1786-trunk-klbfp-3319181915, networkLocation: /default-rack, certSerialId: null}92412348-7352-40be-aea2-771c347789e7{ip: 192.168.5.143, host: pr-hdds-1786-trunk-klbfp-3319181915, networkLocation: /default-rack, certSerialId: null}76c4c990-655f-4900-b966-affd0bc7639c{ip: 192.168.5.143, host: pr-hdds-1786-trunk-klbfp-3319181915, networkLocation: /default-rack, certSerialId: null}, Type:RATIS, Factor:THREE, State:CLOSED]
org.apache.hadoop.hdds.scm.pipeline.PipelineNotFoundException: PipelineID=5804794a-73b5-487d-9840-eb8fe927fd11 not found
	at org.apache.hadoop.hdds.scm.pipeline.PipelineStateMap.getPipeline(PipelineStateMap.java:132)
	at org.apache.hadoop.hdds.scm.pipeline.PipelineStateMap.removePipeline(PipelineStateMap.java:322)
	at org.apache.hadoop.hdds.scm.pipeline.PipelineStateManager.removePipeline(PipelineStateManager.java:107)
	at org.apache.hadoop.hdds.scm.pipeline.SCMPipelineManager.removePipeline(SCMPipelineManager.java:423)
	at org.apache.hadoop.hdds.scm.pipeline.SCMPipelineManager.destroyPipeline(SCMPipelineManager.java:409)
	at org.apache.hadoop.hdds.scm.pipeline.SCMPipelineManager.lambda$finalizeAndDestroyPipeline$0(SCMPipelineManager.java:318)
	at org.apache.hadoop.utils.Scheduler.lambda$schedule$1(Scheduler.java:68)
	at java.util.concurrent.Executors$RunnableAdapter.call(Executors.java:511)
	at java.util.concurrent.FutureTask.run(FutureTask.java:266)
	at java.util.concurrent.ScheduledThreadPoolExecutor$ScheduledFutureTask.access$201(ScheduledThreadPoolExecutor.java:180)
	at java.util.concurrent.ScheduledThreadPoolExecutor$ScheduledFutureTask.run(ScheduledThreadPoolExecutor.java:293)
	at java.util.concurrent.ThreadPoolExecutor.runWorker(ThreadPoolExecutor.java:1149)
	at java.util.concurrent.ThreadPoolExecutor$Worker.run(ThreadPoolExecutor.java:624)
	at java.lang.Thread.run(Thread.java:748)
2019-09-11 07:10:00,829 [java.util.concurrent.ThreadPoolExecutor$Worker@cd5255c[State = -1, empty queue]] WARN  server.GrpcLogAppender (GrpcLogAppender.java:timeoutAppendRequest(200)) - 094d95bb-124f-4491-a67a-8d0b5b434983@group-44CFF2683379->b48366ef-6f68-46c9-99e7-9871be9f97bc-GrpcLogAppender: appendEntries Timeout, request=094d95bb-124f-4491-a67a-8d0b5b434983->b48366ef-6f68-46c9-99e7-9871be9f97bc#101-t1, previous=(t:1, i:17), leaderCommit=11, initializing? false, entries: <empty>
2019-09-11 07:10:00,829 [java.util.concurrent.ThreadPoolExecutor$Worker@21f64e46[State = -1, empty queue]] WARN  server.GrpcLogAppender (GrpcLogAppender.java:timeoutAppendRequest(200)) - 094d95bb-124f-4491-a67a-8d0b5b434983@group-44CFF2683379->dd774419-39ed-4d90-9a0e-7a7d67fca22a-GrpcLogAppender: appendEntries Timeout, request=094d95bb-124f-4491-a67a-8d0b5b434983->dd774419-39ed-4d90-9a0e-7a7d67fca22a#101-t1, previous=(t:1, i:17), leaderCommit=11, initializing? false, entries: <empty>
2019-09-11 07:10:02,151 [grpc-default-executor-1] INFO  impl.RaftServerProxy (RaftServerProxy.java:remove(95)) - cfc25efc-54ed-4d3e-b2b6-13ccffc6d6ca: remove group-EB8FE927FD11:null
2019-09-11 07:10:02,159 [RatisPipelineUtilsThread] WARN  pipeline.RatisPipelineUtils (RatisPipelineUtils.java:destroyPipeline(66)) - Pipeline destroy failed for pipeline=PipelineID=5804794a-73b5-487d-9840-eb8fe927fd11 dn=cfc25efc-54ed-4d3e-b2b6-13ccffc6d6ca{ip: 192.168.5.143, host: pr-hdds-1786-trunk-klbfp-3319181915, networkLocation: /default-rack, certSerialId: null}
2019-09-11 07:10:02,162 [grpc-default-executor-1] INFO  impl.RaftServerProxy (RaftServerProxy.java:remove(95)) - 92412348-7352-40be-aea2-771c347789e7: remove group-EB8FE927FD11:null
2019-09-11 07:10:02,167 [RatisPipelineUtilsThread] WARN  pipeline.RatisPipelineUtils (RatisPipelineUtils.java:destroyPipeline(66)) - Pipeline destroy failed for pipeline=PipelineID=5804794a-73b5-487d-9840-eb8fe927fd11 dn=92412348-7352-40be-aea2-771c347789e7{ip: 192.168.5.143, host: pr-hdds-1786-trunk-klbfp-3319181915, networkLocation: /default-rack, certSerialId: null}
2019-09-11 07:10:02,170 [grpc-default-executor-1] INFO  impl.RaftServerProxy (RaftServerProxy.java:remove(95)) - 76c4c990-655f-4900-b966-affd0bc7639c: remove group-EB8FE927FD11:null
2019-09-11 07:10:02,174 [RatisPipelineUtilsThread] WARN  pipeline.RatisPipelineUtils (RatisPipelineUtils.java:destroyPipeline(66)) - Pipeline destroy failed for pipeline=PipelineID=5804794a-73b5-487d-9840-eb8fe927fd11 dn=76c4c990-655f-4900-b966-affd0bc7639c{ip: 192.168.5.143, host: pr-hdds-1786-trunk-klbfp-3319181915, networkLocation: /default-rack, certSerialId: null}
2019-09-11 07:10:02,175 [RatisPipelineUtilsThread] ERROR pipeline.SCMPipelineManager (Scheduler.java:lambda$schedule$1(70)) - Destroy pipeline failed for pipeline:Pipeline[ Id: 5804794a-73b5-487d-9840-eb8fe927fd11, Nodes: cfc25efc-54ed-4d3e-b2b6-13ccffc6d6ca{ip: 192.168.5.143, host: pr-hdds-1786-trunk-klbfp-3319181915, networkLocation: /default-rack, certSerialId: null}92412348-7352-40be-aea2-771c347789e7{ip: 192.168.5.143, host: pr-hdds-1786-trunk-klbfp-3319181915, networkLocation: /default-rack, certSerialId: null}76c4c990-655f-4900-b966-affd0bc7639c{ip: 192.168.5.143, host: pr-hdds-1786-trunk-klbfp-3319181915, networkLocation: /default-rack, certSerialId: null}, Type:RATIS, Factor:THREE, State:CLOSED]
org.apache.hadoop.hdds.scm.pipeline.PipelineNotFoundException: PipelineID=5804794a-73b5-487d-9840-eb8fe927fd11 not found
	at org.apache.hadoop.hdds.scm.pipeline.PipelineStateMap.getPipeline(PipelineStateMap.java:132)
	at org.apache.hadoop.hdds.scm.pipeline.PipelineStateMap.removePipeline(PipelineStateMap.java:322)
	at org.apache.hadoop.hdds.scm.pipeline.PipelineStateManager.removePipeline(PipelineStateManager.java:107)
	at org.apache.hadoop.hdds.scm.pipeline.SCMPipelineManager.removePipeline(SCMPipelineManager.java:423)
	at org.apache.hadoop.hdds.scm.pipeline.SCMPipelineManager.destroyPipeline(SCMPipelineManager.java:409)
	at org.apache.hadoop.hdds.scm.pipeline.SCMPipelineManager.lambda$finalizeAndDestroyPipeline$0(SCMPipelineManager.java:318)
	at org.apache.hadoop.utils.Scheduler.lambda$schedule$1(Scheduler.java:68)
	at java.util.concurrent.Executors$RunnableAdapter.call(Executors.java:511)
	at java.util.concurrent.FutureTask.run(FutureTask.java:266)
	at java.util.concurrent.ScheduledThreadPoolExecutor$ScheduledFutureTask.access$201(ScheduledThreadPoolExecutor.java:180)
	at java.util.concurrent.ScheduledThreadPoolExecutor$ScheduledFutureTask.run(ScheduledThreadPoolExecutor.java:293)
	at java.util.concurrent.ThreadPoolExecutor.runWorker(ThreadPoolExecutor.java:1149)
	at java.util.concurrent.ThreadPoolExecutor$Worker.run(ThreadPoolExecutor.java:624)
	at java.lang.Thread.run(Thread.java:748)
2019-09-11 07:10:03,077 [grpc-default-executor-1] INFO  client.GrpcClientProtocolClient (GrpcClientProtocolClient.java:onNext(264)) - client-FA0A0DC8EAE4->b48366ef-6f68-46c9-99e7-9871be9f97bc: receive RaftClientReply:client-FA0A0DC8EAE4->b48366ef-6f68-46c9-99e7-9871be9f97bc@group-44CFF2683379, cid=30, FAILED org.apache.ratis.protocol.NotLeaderException: Server b48366ef-6f68-46c9-99e7-9871be9f97bc@group-44CFF2683379 is not the leader 094d95bb-124f-4491-a67a-8d0b5b434983:192.168.5.143:43792, logIndex=0, commits[b48366ef-6f68-46c9-99e7-9871be9f97bc:c11, dd774419-39ed-4d90-9a0e-7a7d67fca22a:c10, 094d95bb-124f-4491-a67a-8d0b5b434983:c11]
2019-09-11 07:10:03,329 [java.util.concurrent.ThreadPoolExecutor$Worker@21f64e46[State = -1, empty queue]] WARN  server.GrpcLogAppender (GrpcLogAppender.java:timeoutAppendRequest(200)) - 094d95bb-124f-4491-a67a-8d0b5b434983@group-44CFF2683379->dd774419-39ed-4d90-9a0e-7a7d67fca22a-GrpcLogAppender: appendEntries Timeout, request=094d95bb-124f-4491-a67a-8d0b5b434983->dd774419-39ed-4d90-9a0e-7a7d67fca22a#102-t1, previous=(t:1, i:17), leaderCommit=11, initializing? false, entries: <empty>
2019-09-11 07:10:03,329 [java.util.concurrent.ThreadPoolExecutor$Worker@cd5255c[State = -1, empty queue]] WARN  server.GrpcLogAppender (GrpcLogAppender.java:timeoutAppendRequest(200)) - 094d95bb-124f-4491-a67a-8d0b5b434983@group-44CFF2683379->b48366ef-6f68-46c9-99e7-9871be9f97bc-GrpcLogAppender: appendEntries Timeout, request=094d95bb-124f-4491-a67a-8d0b5b434983->b48366ef-6f68-46c9-99e7-9871be9f97bc#102-t1, previous=(t:1, i:17), leaderCommit=11, initializing? false, entries: <empty>
2019-09-11 07:10:05,150 [grpc-default-executor-1] INFO  impl.RaftServerProxy (RaftServerProxy.java:remove(95)) - cfc25efc-54ed-4d3e-b2b6-13ccffc6d6ca: remove group-EB8FE927FD11:null
2019-09-11 07:10:05,157 [RatisPipelineUtilsThread] WARN  pipeline.RatisPipelineUtils (RatisPipelineUtils.java:destroyPipeline(66)) - Pipeline destroy failed for pipeline=PipelineID=5804794a-73b5-487d-9840-eb8fe927fd11 dn=cfc25efc-54ed-4d3e-b2b6-13ccffc6d6ca{ip: 192.168.5.143, host: pr-hdds-1786-trunk-klbfp-3319181915, networkLocation: /default-rack, certSerialId: null}
2019-09-11 07:10:05,160 [grpc-default-executor-1] INFO  impl.RaftServerProxy (RaftServerProxy.java:remove(95)) - 92412348-7352-40be-aea2-771c347789e7: remove group-EB8FE927FD11:null
2019-09-11 07:10:05,165 [RatisPipelineUtilsThread] WARN  pipeline.RatisPipelineUtils (RatisPipelineUtils.java:destroyPipeline(66)) - Pipeline destroy failed for pipeline=PipelineID=5804794a-73b5-487d-9840-eb8fe927fd11 dn=92412348-7352-40be-aea2-771c347789e7{ip: 192.168.5.143, host: pr-hdds-1786-trunk-klbfp-3319181915, networkLocation: /default-rack, certSerialId: null}
2019-09-11 07:10:05,169 [grpc-default-executor-1] INFO  impl.RaftServerProxy (RaftServerProxy.java:remove(95)) - 76c4c990-655f-4900-b966-affd0bc7639c: remove group-EB8FE927FD11:null
2019-09-11 07:10:05,175 [RatisPipelineUtilsThread] WARN  pipeline.RatisPipelineUtils (RatisPipelineUtils.java:destroyPipeline(66)) - Pipeline destroy failed for pipeline=PipelineID=5804794a-73b5-487d-9840-eb8fe927fd11 dn=76c4c990-655f-4900-b966-affd0bc7639c{ip: 192.168.5.143, host: pr-hdds-1786-trunk-klbfp-3319181915, networkLocation: /default-rack, certSerialId: null}
2019-09-11 07:10:05,175 [RatisPipelineUtilsThread] ERROR pipeline.SCMPipelineManager (Scheduler.java:lambda$schedule$1(70)) - Destroy pipeline failed for pipeline:Pipeline[ Id: 5804794a-73b5-487d-9840-eb8fe927fd11, Nodes: cfc25efc-54ed-4d3e-b2b6-13ccffc6d6ca{ip: 192.168.5.143, host: pr-hdds-1786-trunk-klbfp-3319181915, networkLocation: /default-rack, certSerialId: null}92412348-7352-40be-aea2-771c347789e7{ip: 192.168.5.143, host: pr-hdds-1786-trunk-klbfp-3319181915, networkLocation: /default-rack, certSerialId: null}76c4c990-655f-4900-b966-affd0bc7639c{ip: 192.168.5.143, host: pr-hdds-1786-trunk-klbfp-3319181915, networkLocation: /default-rack, certSerialId: null}, Type:RATIS, Factor:THREE, State:CLOSED]
org.apache.hadoop.hdds.scm.pipeline.PipelineNotFoundException: PipelineID=5804794a-73b5-487d-9840-eb8fe927fd11 not found
	at org.apache.hadoop.hdds.scm.pipeline.PipelineStateMap.getPipeline(PipelineStateMap.java:132)
	at org.apache.hadoop.hdds.scm.pipeline.PipelineStateMap.removePipeline(PipelineStateMap.java:322)
	at org.apache.hadoop.hdds.scm.pipeline.PipelineStateManager.removePipeline(PipelineStateManager.java:107)
	at org.apache.hadoop.hdds.scm.pipeline.SCMPipelineManager.removePipeline(SCMPipelineManager.java:423)
	at org.apache.hadoop.hdds.scm.pipeline.SCMPipelineManager.destroyPipeline(SCMPipelineManager.java:409)
	at org.apache.hadoop.hdds.scm.pipeline.SCMPipelineManager.lambda$finalizeAndDestroyPipeline$0(SCMPipelineManager.java:318)
	at org.apache.hadoop.utils.Scheduler.lambda$schedule$1(Scheduler.java:68)
	at java.util.concurrent.Executors$RunnableAdapter.call(Executors.java:511)
	at java.util.concurrent.FutureTask.run(FutureTask.java:266)
	at java.util.concurrent.ScheduledThreadPoolExecutor$ScheduledFutureTask.access$201(ScheduledThreadPoolExecutor.java:180)
	at java.util.concurrent.ScheduledThreadPoolExecutor$ScheduledFutureTask.run(ScheduledThreadPoolExecutor.java:293)
	at java.util.concurrent.ThreadPoolExecutor.runWorker(ThreadPoolExecutor.java:1149)
	at java.util.concurrent.ThreadPoolExecutor$Worker.run(ThreadPoolExecutor.java:624)
	at java.lang.Thread.run(Thread.java:748)
2019-09-11 07:10:05,830 [java.util.concurrent.ThreadPoolExecutor$Worker@21f64e46[State = -1, empty queue]] WARN  server.GrpcLogAppender (GrpcLogAppender.java:timeoutAppendRequest(200)) - 094d95bb-124f-4491-a67a-8d0b5b434983@group-44CFF2683379->dd774419-39ed-4d90-9a0e-7a7d67fca22a-GrpcLogAppender: appendEntries Timeout, request=094d95bb-124f-4491-a67a-8d0b5b434983->dd774419-39ed-4d90-9a0e-7a7d67fca22a#103-t1, previous=(t:1, i:17), leaderCommit=11, initializing? false, entries: <empty>
2019-09-11 07:10:05,830 [java.util.concurrent.ThreadPoolExecutor$Worker@cd5255c[State = -1, empty queue]] WARN  server.GrpcLogAppender (GrpcLogAppender.java:timeoutAppendRequest(200)) - 094d95bb-124f-4491-a67a-8d0b5b434983@group-44CFF2683379->b48366ef-6f68-46c9-99e7-9871be9f97bc-GrpcLogAppender: appendEntries Timeout, request=094d95bb-124f-4491-a67a-8d0b5b434983->b48366ef-6f68-46c9-99e7-9871be9f97bc#103-t1, previous=(t:1, i:17), leaderCommit=11, initializing? false, entries: <empty>
2019-09-11 07:10:07,149 [grpc-default-executor-1] INFO  impl.RaftServerProxy (RaftServerProxy.java:remove(95)) - cfc25efc-54ed-4d3e-b2b6-13ccffc6d6ca: remove group-EB8FE927FD11:null
2019-09-11 07:10:07,158 [RatisPipelineUtilsThread] WARN  pipeline.RatisPipelineUtils (RatisPipelineUtils.java:destroyPipeline(66)) - Pipeline destroy failed for pipeline=PipelineID=5804794a-73b5-487d-9840-eb8fe927fd11 dn=cfc25efc-54ed-4d3e-b2b6-13ccffc6d6ca{ip: 192.168.5.143, host: pr-hdds-1786-trunk-klbfp-3319181915, networkLocation: /default-rack, certSerialId: null}
2019-09-11 07:10:07,162 [grpc-default-executor-1] INFO  impl.RaftServerProxy (RaftServerProxy.java:remove(95)) - 92412348-7352-40be-aea2-771c347789e7: remove group-EB8FE927FD11:null
2019-09-11 07:10:07,175 [RatisPipelineUtilsThread] WARN  pipeline.RatisPipelineUtils (RatisPipelineUtils.java:destroyPipeline(66)) - Pipeline destroy failed for pipeline=PipelineID=5804794a-73b5-487d-9840-eb8fe927fd11 dn=92412348-7352-40be-aea2-771c347789e7{ip: 192.168.5.143, host: pr-hdds-1786-trunk-klbfp-3319181915, networkLocation: /default-rack, certSerialId: null}
2019-09-11 07:10:07,178 [grpc-default-executor-1] INFO  impl.RaftServerProxy (RaftServerProxy.java:remove(95)) - 76c4c990-655f-4900-b966-affd0bc7639c: remove group-EB8FE927FD11:null
2019-09-11 07:10:07,181 [RatisPipelineUtilsThread] WARN  pipeline.RatisPipelineUtils (RatisPipelineUtils.java:destroyPipeline(66)) - Pipeline destroy failed for pipeline=PipelineID=5804794a-73b5-487d-9840-eb8fe927fd11 dn=76c4c990-655f-4900-b966-affd0bc7639c{ip: 192.168.5.143, host: pr-hdds-1786-trunk-klbfp-3319181915, networkLocation: /default-rack, certSerialId: null}
2019-09-11 07:10:07,181 [RatisPipelineUtilsThread] ERROR pipeline.SCMPipelineManager (Scheduler.java:lambda$schedule$1(70)) - Destroy pipeline failed for pipeline:Pipeline[ Id: 5804794a-73b5-487d-9840-eb8fe927fd11, Nodes: cfc25efc-54ed-4d3e-b2b6-13ccffc6d6ca{ip: 192.168.5.143, host: pr-hdds-1786-trunk-klbfp-3319181915, networkLocation: /default-rack, certSerialId: null}92412348-7352-40be-aea2-771c347789e7{ip: 192.168.5.143, host: pr-hdds-1786-trunk-klbfp-3319181915, networkLocation: /default-rack, certSerialId: null}76c4c990-655f-4900-b966-affd0bc7639c{ip: 192.168.5.143, host: pr-hdds-1786-trunk-klbfp-3319181915, networkLocation: /default-rack, certSerialId: null}, Type:RATIS, Factor:THREE, State:CLOSED]
org.apache.hadoop.hdds.scm.pipeline.PipelineNotFoundException: PipelineID=5804794a-73b5-487d-9840-eb8fe927fd11 not found
	at org.apache.hadoop.hdds.scm.pipeline.PipelineStateMap.getPipeline(PipelineStateMap.java:132)
	at org.apache.hadoop.hdds.scm.pipeline.PipelineStateMap.removePipeline(PipelineStateMap.java:322)
	at org.apache.hadoop.hdds.scm.pipeline.PipelineStateManager.removePipeline(PipelineStateManager.java:107)
	at org.apache.hadoop.hdds.scm.pipeline.SCMPipelineManager.removePipeline(SCMPipelineManager.java:423)
	at org.apache.hadoop.hdds.scm.pipeline.SCMPipelineManager.destroyPipeline(SCMPipelineManager.java:409)
	at org.apache.hadoop.hdds.scm.pipeline.SCMPipelineManager.lambda$finalizeAndDestroyPipeline$0(SCMPipelineManager.java:318)
	at org.apache.hadoop.utils.Scheduler.lambda$schedule$1(Scheduler.java:68)
	at java.util.concurrent.Executors$RunnableAdapter.call(Executors.java:511)
	at java.util.concurrent.FutureTask.run(FutureTask.java:266)
	at java.util.concurrent.ScheduledThreadPoolExecutor$ScheduledFutureTask.access$201(ScheduledThreadPoolExecutor.java:180)
	at java.util.concurrent.ScheduledThreadPoolExecutor$ScheduledFutureTask.run(ScheduledThreadPoolExecutor.java:293)
	at java.util.concurrent.ThreadPoolExecutor.runWorker(ThreadPoolExecutor.java:1149)
	at java.util.concurrent.ThreadPoolExecutor$Worker.run(ThreadPoolExecutor.java:624)
	at java.lang.Thread.run(Thread.java:748)
2019-09-11 07:10:07,825 [b48366ef-6f68-46c9-99e7-9871be9f97bc@group-44CFF2683379-SegmentedRaftLogWorker] WARN  segmented.SegmentedRaftLogWorker (SegmentedRaftLogWorker.java:getFromFuture(90)) - Timeout 2/~
org.apache.ratis.protocol.TimeoutIOException: Timeout 10s: WriteLog:12: (t:1, i:12), STATEMACHINELOGENTRY, client-FA0A0DC8EAE4, cid=30-writeStateMachineData
	at org.apache.ratis.util.IOUtils.getFromFuture(IOUtils.java:87)
	at org.apache.ratis.server.raftlog.segmented.SegmentedRaftLogWorker$StateMachineDataPolicy.getFromFuture(SegmentedRaftLogWorker.java:87)
	at org.apache.ratis.server.raftlog.segmented.SegmentedRaftLogWorker$WriteLog.execute(SegmentedRaftLogWorker.java:477)
	at org.apache.ratis.server.raftlog.segmented.SegmentedRaftLogWorker.run(SegmentedRaftLogWorker.java:289)
	at java.lang.Thread.run(Thread.java:748)
Caused by: java.util.concurrent.TimeoutException
	at java.util.concurrent.CompletableFuture.timedGet(CompletableFuture.java:1771)
	at java.util.concurrent.CompletableFuture.get(CompletableFuture.java:1915)
	at org.apache.ratis.util.IOUtils.getFromFuture(IOUtils.java:79)
	... 4 more
2019-09-11 07:10:08,111 [grpc-default-executor-1] INFO  client.GrpcClientProtocolClient (GrpcClientProtocolClient.java:onNext(264)) - client-FA0A0DC8EAE4->dd774419-39ed-4d90-9a0e-7a7d67fca22a: receive RaftClientReply:client-FA0A0DC8EAE4->dd774419-39ed-4d90-9a0e-7a7d67fca22a@group-44CFF2683379, cid=30, FAILED org.apache.ratis.protocol.NotLeaderException: Server dd774419-39ed-4d90-9a0e-7a7d67fca22a@group-44CFF2683379 is not the leader 094d95bb-124f-4491-a67a-8d0b5b434983:192.168.5.143:43792, logIndex=0, commits[dd774419-39ed-4d90-9a0e-7a7d67fca22a:c11, b48366ef-6f68-46c9-99e7-9871be9f97bc:c10, 094d95bb-124f-4491-a67a-8d0b5b434983:c11]
2019-09-11 07:10:08,141 [dd774419-39ed-4d90-9a0e-7a7d67fca22a@group-44CFF2683379-SegmentedRaftLogWorker] WARN  segmented.SegmentedRaftLogWorker (SegmentedRaftLogWorker.java:getFromFuture(90)) - Timeout 2/~
org.apache.ratis.protocol.TimeoutIOException: Timeout 10s: WriteLog:13: (t:1, i:13), STATEMACHINELOGENTRY, client-FA0A0DC8EAE4, cid=31-writeStateMachineData
	at org.apache.ratis.util.IOUtils.getFromFuture(IOUtils.java:87)
	at org.apache.ratis.server.raftlog.segmented.SegmentedRaftLogWorker$StateMachineDataPolicy.getFromFuture(SegmentedRaftLogWorker.java:87)
	at org.apache.ratis.server.raftlog.segmented.SegmentedRaftLogWorker$WriteLog.execute(SegmentedRaftLogWorker.java:477)
	at org.apache.ratis.server.raftlog.segmented.SegmentedRaftLogWorker.run(SegmentedRaftLogWorker.java:289)
	at java.lang.Thread.run(Thread.java:748)
Caused by: java.util.concurrent.TimeoutException
	at java.util.concurrent.CompletableFuture.timedGet(CompletableFuture.java:1771)
	at java.util.concurrent.CompletableFuture.get(CompletableFuture.java:1915)
	at org.apache.ratis.util.IOUtils.getFromFuture(IOUtils.java:79)
	... 4 more
2019-09-11 07:10:08,142 [094d95bb-124f-4491-a67a-8d0b5b434983@group-44CFF2683379-SegmentedRaftLogWorker] WARN  segmented.SegmentedRaftLogWorker (SegmentedRaftLogWorker.java:getFromFuture(90)) - Timeout 2/~
org.apache.ratis.protocol.TimeoutIOException: Timeout 10s: WriteLog:13: (t:1, i:13), STATEMACHINELOGENTRY, client-FA0A0DC8EAE4, cid=31-writeStateMachineData
	at org.apache.ratis.util.IOUtils.getFromFuture(IOUtils.java:87)
	at org.apache.ratis.server.raftlog.segmented.SegmentedRaftLogWorker$StateMachineDataPolicy.getFromFuture(SegmentedRaftLogWorker.java:87)
	at org.apache.ratis.server.raftlog.segmented.SegmentedRaftLogWorker$WriteLog.execute(SegmentedRaftLogWorker.java:477)
	at org.apache.ratis.server.raftlog.segmented.SegmentedRaftLogWorker.run(SegmentedRaftLogWorker.java:289)
	at java.lang.Thread.run(Thread.java:748)
Caused by: java.util.concurrent.TimeoutException
	at java.util.concurrent.CompletableFuture.timedGet(CompletableFuture.java:1771)
	at java.util.concurrent.CompletableFuture.get(CompletableFuture.java:1915)
	at org.apache.ratis.util.IOUtils.getFromFuture(IOUtils.java:79)
	... 4 more
2019-09-11 07:10:08,331 [java.util.concurrent.ThreadPoolExecutor$Worker@21f64e46[State = -1, empty queue]] WARN  server.GrpcLogAppender (GrpcLogAppender.java:timeoutAppendRequest(200)) - 094d95bb-124f-4491-a67a-8d0b5b434983@group-44CFF2683379->dd774419-39ed-4d90-9a0e-7a7d67fca22a-GrpcLogAppender: appendEntries Timeout, request=094d95bb-124f-4491-a67a-8d0b5b434983->dd774419-39ed-4d90-9a0e-7a7d67fca22a#104-t1, previous=(t:1, i:17), leaderCommit=11, initializing? false, entries: <empty>
2019-09-11 07:10:08,331 [java.util.concurrent.ThreadPoolExecutor$Worker@cd5255c[State = -1, empty queue]] WARN  server.GrpcLogAppender (GrpcLogAppender.java:timeoutAppendRequest(200)) - 094d95bb-124f-4491-a67a-8d0b5b434983@group-44CFF2683379->b48366ef-6f68-46c9-99e7-9871be9f97bc-GrpcLogAppender: appendEntries Timeout, request=094d95bb-124f-4491-a67a-8d0b5b434983->b48366ef-6f68-46c9-99e7-9871be9f97bc#104-t1, previous=(t:1, i:17), leaderCommit=11, initializing? false, entries: <empty>
2019-09-11 07:10:10,149 [grpc-default-executor-0] INFO  impl.RaftServerProxy (RaftServerProxy.java:remove(95)) - cfc25efc-54ed-4d3e-b2b6-13ccffc6d6ca: remove group-EB8FE927FD11:null
2019-09-11 07:10:10,154 [RatisPipelineUtilsThread] WARN  pipeline.RatisPipelineUtils (RatisPipelineUtils.java:destroyPipeline(66)) - Pipeline destroy failed for pipeline=PipelineID=5804794a-73b5-487d-9840-eb8fe927fd11 dn=cfc25efc-54ed-4d3e-b2b6-13ccffc6d6ca{ip: 192.168.5.143, host: pr-hdds-1786-trunk-klbfp-3319181915, networkLocation: /default-rack, certSerialId: null}
2019-09-11 07:10:10,157 [grpc-default-executor-0] INFO  impl.RaftServerProxy (RaftServerProxy.java:remove(95)) - 92412348-7352-40be-aea2-771c347789e7: remove group-EB8FE927FD11:null
2019-09-11 07:10:10,160 [RatisPipelineUtilsThread] WARN  pipeline.RatisPipelineUtils (RatisPipelineUtils.java:destroyPipeline(66)) - Pipeline destroy failed for pipeline=PipelineID=5804794a-73b5-487d-9840-eb8fe927fd11 dn=92412348-7352-40be-aea2-771c347789e7{ip: 192.168.5.143, host: pr-hdds-1786-trunk-klbfp-3319181915, networkLocation: /default-rack, certSerialId: null}
2019-09-11 07:10:10,163 [grpc-default-executor-0] INFO  impl.RaftServerProxy (RaftServerProxy.java:remove(95)) - 76c4c990-655f-4900-b966-affd0bc7639c: remove group-EB8FE927FD11:null
2019-09-11 07:10:10,165 [RatisPipelineUtilsThread] WARN  pipeline.RatisPipelineUtils (RatisPipelineUtils.java:destroyPipeline(66)) - Pipeline destroy failed for pipeline=PipelineID=5804794a-73b5-487d-9840-eb8fe927fd11 dn=76c4c990-655f-4900-b966-affd0bc7639c{ip: 192.168.5.143, host: pr-hdds-1786-trunk-klbfp-3319181915, networkLocation: /default-rack, certSerialId: null}
2019-09-11 07:10:10,166 [RatisPipelineUtilsThread] ERROR pipeline.SCMPipelineManager (Scheduler.java:lambda$schedule$1(70)) - Destroy pipeline failed for pipeline:Pipeline[ Id: 5804794a-73b5-487d-9840-eb8fe927fd11, Nodes: cfc25efc-54ed-4d3e-b2b6-13ccffc6d6ca{ip: 192.168.5.143, host: pr-hdds-1786-trunk-klbfp-3319181915, networkLocation: /default-rack, certSerialId: null}92412348-7352-40be-aea2-771c347789e7{ip: 192.168.5.143, host: pr-hdds-1786-trunk-klbfp-3319181915, networkLocation: /default-rack, certSerialId: null}76c4c990-655f-4900-b966-affd0bc7639c{ip: 192.168.5.143, host: pr-hdds-1786-trunk-klbfp-3319181915, networkLocation: /default-rack, certSerialId: null}, Type:RATIS, Factor:THREE, State:CLOSED]
org.apache.hadoop.hdds.scm.pipeline.PipelineNotFoundException: PipelineID=5804794a-73b5-487d-9840-eb8fe927fd11 not found
	at org.apache.hadoop.hdds.scm.pipeline.PipelineStateMap.getPipeline(PipelineStateMap.java:132)
	at org.apache.hadoop.hdds.scm.pipeline.PipelineStateMap.removePipeline(PipelineStateMap.java:322)
	at org.apache.hadoop.hdds.scm.pipeline.PipelineStateManager.removePipeline(PipelineStateManager.java:107)
	at org.apache.hadoop.hdds.scm.pipeline.SCMPipelineManager.removePipeline(SCMPipelineManager.java:423)
	at org.apache.hadoop.hdds.scm.pipeline.SCMPipelineManager.destroyPipeline(SCMPipelineManager.java:409)
	at org.apache.hadoop.hdds.scm.pipeline.SCMPipelineManager.lambda$finalizeAndDestroyPipeline$0(SCMPipelineManager.java:318)
	at org.apache.hadoop.utils.Scheduler.lambda$schedule$1(Scheduler.java:68)
	at java.util.concurrent.Executors$RunnableAdapter.call(Executors.java:511)
	at java.util.concurrent.FutureTask.run(FutureTask.java:266)
	at java.util.concurrent.ScheduledThreadPoolExecutor$ScheduledFutureTask.access$201(ScheduledThreadPoolExecutor.java:180)
	at java.util.concurrent.ScheduledThreadPoolExecutor$ScheduledFutureTask.run(ScheduledThreadPoolExecutor.java:293)
	at java.util.concurrent.ThreadPoolExecutor.runWorker(ThreadPoolExecutor.java:1149)
	at java.util.concurrent.ThreadPoolExecutor$Worker.run(ThreadPoolExecutor.java:624)
	at java.lang.Thread.run(Thread.java:748)
2019-09-11 07:10:10,831 [java.util.concurrent.ThreadPoolExecutor$Worker@21f64e46[State = -1, empty queue]] WARN  server.GrpcLogAppender (GrpcLogAppender.java:timeoutAppendRequest(200)) - 094d95bb-124f-4491-a67a-8d0b5b434983@group-44CFF2683379->dd774419-39ed-4d90-9a0e-7a7d67fca22a-GrpcLogAppender: appendEntries Timeout, request=094d95bb-124f-4491-a67a-8d0b5b434983->dd774419-39ed-4d90-9a0e-7a7d67fca22a#105-t1, previous=(t:1, i:17), leaderCommit=11, initializing? false, entries: <empty>
2019-09-11 07:10:10,831 [java.util.concurrent.ThreadPoolExecutor$Worker@cd5255c[State = -1, empty queue]] WARN  server.GrpcLogAppender (GrpcLogAppender.java:timeoutAppendRequest(200)) - 094d95bb-124f-4491-a67a-8d0b5b434983@group-44CFF2683379->b48366ef-6f68-46c9-99e7-9871be9f97bc-GrpcLogAppender: appendEntries Timeout, request=094d95bb-124f-4491-a67a-8d0b5b434983->b48366ef-6f68-46c9-99e7-9871be9f97bc#105-t1, previous=(t:1, i:17), leaderCommit=11, initializing? false, entries: <empty>
2019-09-11 07:10:12,153 [grpc-default-executor-0] INFO  impl.RaftServerProxy (RaftServerProxy.java:remove(95)) - cfc25efc-54ed-4d3e-b2b6-13ccffc6d6ca: remove group-EB8FE927FD11:null
2019-09-11 07:10:12,156 [RatisPipelineUtilsThread] WARN  pipeline.RatisPipelineUtils (RatisPipelineUtils.java:destroyPipeline(66)) - Pipeline destroy failed for pipeline=PipelineID=5804794a-73b5-487d-9840-eb8fe927fd11 dn=cfc25efc-54ed-4d3e-b2b6-13ccffc6d6ca{ip: 192.168.5.143, host: pr-hdds-1786-trunk-klbfp-3319181915, networkLocation: /default-rack, certSerialId: null}
2019-09-11 07:10:12,159 [grpc-default-executor-0] INFO  impl.RaftServerProxy (RaftServerProxy.java:remove(95)) - 92412348-7352-40be-aea2-771c347789e7: remove group-EB8FE927FD11:null
2019-09-11 07:10:12,162 [RatisPipelineUtilsThread] WARN  pipeline.RatisPipelineUtils (RatisPipelineUtils.java:destroyPipeline(66)) - Pipeline destroy failed for pipeline=PipelineID=5804794a-73b5-487d-9840-eb8fe927fd11 dn=92412348-7352-40be-aea2-771c347789e7{ip: 192.168.5.143, host: pr-hdds-1786-trunk-klbfp-3319181915, networkLocation: /default-rack, certSerialId: null}
2019-09-11 07:10:12,165 [grpc-default-executor-0] INFO  impl.RaftServerProxy (RaftServerProxy.java:remove(95)) - 76c4c990-655f-4900-b966-affd0bc7639c: remove group-EB8FE927FD11:null
2019-09-11 07:10:12,168 [RatisPipelineUtilsThread] WARN  pipeline.RatisPipelineUtils (RatisPipelineUtils.java:destroyPipeline(66)) - Pipeline destroy failed for pipeline=PipelineID=5804794a-73b5-487d-9840-eb8fe927fd11 dn=76c4c990-655f-4900-b966-affd0bc7639c{ip: 192.168.5.143, host: pr-hdds-1786-trunk-klbfp-3319181915, networkLocation: /default-rack, certSerialId: null}
2019-09-11 07:10:12,168 [RatisPipelineUtilsThread] ERROR pipeline.SCMPipelineManager (Scheduler.java:lambda$schedule$1(70)) - Destroy pipeline failed for pipeline:Pipeline[ Id: 5804794a-73b5-487d-9840-eb8fe927fd11, Nodes: cfc25efc-54ed-4d3e-b2b6-13ccffc6d6ca{ip: 192.168.5.143, host: pr-hdds-1786-trunk-klbfp-3319181915, networkLocation: /default-rack, certSerialId: null}92412348-7352-40be-aea2-771c347789e7{ip: 192.168.5.143, host: pr-hdds-1786-trunk-klbfp-3319181915, networkLocation: /default-rack, certSerialId: null}76c4c990-655f-4900-b966-affd0bc7639c{ip: 192.168.5.143, host: pr-hdds-1786-trunk-klbfp-3319181915, networkLocation: /default-rack, certSerialId: null}, Type:RATIS, Factor:THREE, State:CLOSED]
org.apache.hadoop.hdds.scm.pipeline.PipelineNotFoundException: PipelineID=5804794a-73b5-487d-9840-eb8fe927fd11 not found
	at org.apache.hadoop.hdds.scm.pipeline.PipelineStateMap.getPipeline(PipelineStateMap.java:132)
	at org.apache.hadoop.hdds.scm.pipeline.PipelineStateMap.removePipeline(PipelineStateMap.java:322)
	at org.apache.hadoop.hdds.scm.pipeline.PipelineStateManager.removePipeline(PipelineStateManager.java:107)
	at org.apache.hadoop.hdds.scm.pipeline.SCMPipelineManager.removePipeline(SCMPipelineManager.java:423)
	at org.apache.hadoop.hdds.scm.pipeline.SCMPipelineManager.destroyPipeline(SCMPipelineManager.java:409)
	at org.apache.hadoop.hdds.scm.pipeline.SCMPipelineManager.lambda$finalizeAndDestroyPipeline$0(SCMPipelineManager.java:318)
	at org.apache.hadoop.utils.Scheduler.lambda$schedule$1(Scheduler.java:68)
	at java.util.concurrent.Executors$RunnableAdapter.call(Executors.java:511)
	at java.util.concurrent.FutureTask.run(FutureTask.java:266)
	at java.util.concurrent.ScheduledThreadPoolExecutor$ScheduledFutureTask.access$201(ScheduledThreadPoolExecutor.java:180)
	at java.util.concurrent.ScheduledThreadPoolExecutor$ScheduledFutureTask.run(ScheduledThreadPoolExecutor.java:293)
	at java.util.concurrent.ThreadPoolExecutor.runWorker(ThreadPoolExecutor.java:1149)
	at java.util.concurrent.ThreadPoolExecutor$Worker.run(ThreadPoolExecutor.java:624)
	at java.lang.Thread.run(Thread.java:748)
2019-09-11 07:10:13,161 [grpc-default-executor-1] INFO  client.GrpcClientProtocolClient (GrpcClientProtocolClient.java:onNext(264)) - client-FA0A0DC8EAE4->dd774419-39ed-4d90-9a0e-7a7d67fca22a: receive RaftClientReply:client-FA0A0DC8EAE4->dd774419-39ed-4d90-9a0e-7a7d67fca22a@group-44CFF2683379, cid=30, FAILED org.apache.ratis.protocol.NotLeaderException: Server dd774419-39ed-4d90-9a0e-7a7d67fca22a@group-44CFF2683379 is not the leader 094d95bb-124f-4491-a67a-8d0b5b434983:192.168.5.143:43792, logIndex=0, commits[dd774419-39ed-4d90-9a0e-7a7d67fca22a:c11, b48366ef-6f68-46c9-99e7-9871be9f97bc:c10, 094d95bb-124f-4491-a67a-8d0b5b434983:c11]
2019-09-11 07:10:13,331 [java.util.concurrent.ThreadPoolExecutor$Worker@21f64e46[State = -1, empty queue]] WARN  server.GrpcLogAppender (GrpcLogAppender.java:timeoutAppendRequest(200)) - 094d95bb-124f-4491-a67a-8d0b5b434983@group-44CFF2683379->dd774419-39ed-4d90-9a0e-7a7d67fca22a-GrpcLogAppender: appendEntries Timeout, request=094d95bb-124f-4491-a67a-8d0b5b434983->dd774419-39ed-4d90-9a0e-7a7d67fca22a#106-t1, previous=(t:1, i:17), leaderCommit=11, initializing? false, entries: <empty>
2019-09-11 07:10:13,331 [java.util.concurrent.ThreadPoolExecutor$Worker@cd5255c[State = -1, empty queue]] WARN  server.GrpcLogAppender (GrpcLogAppender.java:timeoutAppendRequest(200)) - 094d95bb-124f-4491-a67a-8d0b5b434983@group-44CFF2683379->b48366ef-6f68-46c9-99e7-9871be9f97bc-GrpcLogAppender: appendEntries Timeout, request=094d95bb-124f-4491-a67a-8d0b5b434983->b48366ef-6f68-46c9-99e7-9871be9f97bc#106-t1, previous=(t:1, i:17), leaderCommit=11, initializing? false, entries: <empty>
2019-09-11 07:10:15,154 [grpc-default-executor-0] INFO  impl.RaftServerProxy (RaftServerProxy.java:remove(95)) - cfc25efc-54ed-4d3e-b2b6-13ccffc6d6ca: remove group-EB8FE927FD11:null
2019-09-11 07:10:15,158 [RatisPipelineUtilsThread] WARN  pipeline.RatisPipelineUtils (RatisPipelineUtils.java:destroyPipeline(66)) - Pipeline destroy failed for pipeline=PipelineID=5804794a-73b5-487d-9840-eb8fe927fd11 dn=cfc25efc-54ed-4d3e-b2b6-13ccffc6d6ca{ip: 192.168.5.143, host: pr-hdds-1786-trunk-klbfp-3319181915, networkLocation: /default-rack, certSerialId: null}
2019-09-11 07:10:15,161 [grpc-default-executor-0] INFO  impl.RaftServerProxy (RaftServerProxy.java:remove(95)) - 92412348-7352-40be-aea2-771c347789e7: remove group-EB8FE927FD11:null
2019-09-11 07:10:15,164 [RatisPipelineUtilsThread] WARN  pipeline.RatisPipelineUtils (RatisPipelineUtils.java:destroyPipeline(66)) - Pipeline destroy failed for pipeline=PipelineID=5804794a-73b5-487d-9840-eb8fe927fd11 dn=92412348-7352-40be-aea2-771c347789e7{ip: 192.168.5.143, host: pr-hdds-1786-trunk-klbfp-3319181915, networkLocation: /default-rack, certSerialId: null}
2019-09-11 07:10:15,166 [grpc-default-executor-0] INFO  impl.RaftServerProxy (RaftServerProxy.java:remove(95)) - 76c4c990-655f-4900-b966-affd0bc7639c: remove group-EB8FE927FD11:null
2019-09-11 07:10:15,169 [RatisPipelineUtilsThread] WARN  pipeline.RatisPipelineUtils (RatisPipelineUtils.java:destroyPipeline(66)) - Pipeline destroy failed for pipeline=PipelineID=5804794a-73b5-487d-9840-eb8fe927fd11 dn=76c4c990-655f-4900-b966-affd0bc7639c{ip: 192.168.5.143, host: pr-hdds-1786-trunk-klbfp-3319181915, networkLocation: /default-rack, certSerialId: null}
2019-09-11 07:10:15,169 [RatisPipelineUtilsThread] ERROR pipeline.SCMPipelineManager (Scheduler.java:lambda$schedule$1(70)) - Destroy pipeline failed for pipeline:Pipeline[ Id: 5804794a-73b5-487d-9840-eb8fe927fd11, Nodes: cfc25efc-54ed-4d3e-b2b6-13ccffc6d6ca{ip: 192.168.5.143, host: pr-hdds-1786-trunk-klbfp-3319181915, networkLocation: /default-rack, certSerialId: null}92412348-7352-40be-aea2-771c347789e7{ip: 192.168.5.143, host: pr-hdds-1786-trunk-klbfp-3319181915, networkLocation: /default-rack, certSerialId: null}76c4c990-655f-4900-b966-affd0bc7639c{ip: 192.168.5.143, host: pr-hdds-1786-trunk-klbfp-3319181915, networkLocation: /default-rack, certSerialId: null}, Type:RATIS, Factor:THREE, State:CLOSED]
org.apache.hadoop.hdds.scm.pipeline.PipelineNotFoundException: PipelineID=5804794a-73b5-487d-9840-eb8fe927fd11 not found
	at org.apache.hadoop.hdds.scm.pipeline.PipelineStateMap.getPipeline(PipelineStateMap.java:132)
	at org.apache.hadoop.hdds.scm.pipeline.PipelineStateMap.removePipeline(PipelineStateMap.java:322)
	at org.apache.hadoop.hdds.scm.pipeline.PipelineStateManager.removePipeline(PipelineStateManager.java:107)
	at org.apache.hadoop.hdds.scm.pipeline.SCMPipelineManager.removePipeline(SCMPipelineManager.java:423)
	at org.apache.hadoop.hdds.scm.pipeline.SCMPipelineManager.destroyPipeline(SCMPipelineManager.java:409)
	at org.apache.hadoop.hdds.scm.pipeline.SCMPipelineManager.lambda$finalizeAndDestroyPipeline$0(SCMPipelineManager.java:318)
	at org.apache.hadoop.utils.Scheduler.lambda$schedule$1(Scheduler.java:68)
	at java.util.concurrent.Executors$RunnableAdapter.call(Executors.java:511)
	at java.util.concurrent.FutureTask.run(FutureTask.java:266)
	at java.util.concurrent.ScheduledThreadPoolExecutor$ScheduledFutureTask.access$201(ScheduledThreadPoolExecutor.java:180)
	at java.util.concurrent.ScheduledThreadPoolExecutor$ScheduledFutureTask.run(ScheduledThreadPoolExecutor.java:293)
	at java.util.concurrent.ThreadPoolExecutor.runWorker(ThreadPoolExecutor.java:1149)
	at java.util.concurrent.ThreadPoolExecutor$Worker.run(ThreadPoolExecutor.java:624)
	at java.lang.Thread.run(Thread.java:748)
2019-09-11 07:10:15,832 [java.util.concurrent.ThreadPoolExecutor$Worker@cd5255c[State = -1, empty queue]] WARN  server.GrpcLogAppender (GrpcLogAppender.java:timeoutAppendRequest(200)) - 094d95bb-124f-4491-a67a-8d0b5b434983@group-44CFF2683379->b48366ef-6f68-46c9-99e7-9871be9f97bc-GrpcLogAppender: appendEntries Timeout, request=094d95bb-124f-4491-a67a-8d0b5b434983->b48366ef-6f68-46c9-99e7-9871be9f97bc#107-t1, previous=(t:1, i:17), leaderCommit=11, initializing? false, entries: <empty>
2019-09-11 07:10:15,832 [java.util.concurrent.ThreadPoolExecutor$Worker@21f64e46[State = -1, empty queue]] WARN  server.GrpcLogAppender (GrpcLogAppender.java:timeoutAppendRequest(200)) - 094d95bb-124f-4491-a67a-8d0b5b434983@group-44CFF2683379->dd774419-39ed-4d90-9a0e-7a7d67fca22a-GrpcLogAppender: appendEntries Timeout, request=094d95bb-124f-4491-a67a-8d0b5b434983->dd774419-39ed-4d90-9a0e-7a7d67fca22a#107-t1, previous=(t:1, i:17), leaderCommit=11, initializing? false, entries: <empty>
2019-09-11 07:10:17,152 [grpc-default-executor-0] INFO  impl.RaftServerProxy (RaftServerProxy.java:remove(95)) - cfc25efc-54ed-4d3e-b2b6-13ccffc6d6ca: remove group-EB8FE927FD11:null
2019-09-11 07:10:17,155 [RatisPipelineUtilsThread] WARN  pipeline.RatisPipelineUtils (RatisPipelineUtils.java:destroyPipeline(66)) - Pipeline destroy failed for pipeline=PipelineID=5804794a-73b5-487d-9840-eb8fe927fd11 dn=cfc25efc-54ed-4d3e-b2b6-13ccffc6d6ca{ip: 192.168.5.143, host: pr-hdds-1786-trunk-klbfp-3319181915, networkLocation: /default-rack, certSerialId: null}
2019-09-11 07:10:17,159 [grpc-default-executor-0] INFO  impl.RaftServerProxy (RaftServerProxy.java:remove(95)) - 92412348-7352-40be-aea2-771c347789e7: remove group-EB8FE927FD11:null
2019-09-11 07:10:17,162 [RatisPipelineUtilsThread] WARN  pipeline.RatisPipelineUtils (RatisPipelineUtils.java:destroyPipeline(66)) - Pipeline destroy failed for pipeline=PipelineID=5804794a-73b5-487d-9840-eb8fe927fd11 dn=92412348-7352-40be-aea2-771c347789e7{ip: 192.168.5.143, host: pr-hdds-1786-trunk-klbfp-3319181915, networkLocation: /default-rack, certSerialId: null}
2019-09-11 07:10:17,166 [grpc-default-executor-0] INFO  impl.RaftServerProxy (RaftServerProxy.java:remove(95)) - 76c4c990-655f-4900-b966-affd0bc7639c: remove group-EB8FE927FD11:null
2019-09-11 07:10:17,168 [RatisPipelineUtilsThread] WARN  pipeline.RatisPipelineUtils (RatisPipelineUtils.java:destroyPipeline(66)) - Pipeline destroy failed for pipeline=PipelineID=5804794a-73b5-487d-9840-eb8fe927fd11 dn=76c4c990-655f-4900-b966-affd0bc7639c{ip: 192.168.5.143, host: pr-hdds-1786-trunk-klbfp-3319181915, networkLocation: /default-rack, certSerialId: null}
2019-09-11 07:10:17,168 [RatisPipelineUtilsThread] ERROR pipeline.SCMPipelineManager (Scheduler.java:lambda$schedule$1(70)) - Destroy pipeline failed for pipeline:Pipeline[ Id: 5804794a-73b5-487d-9840-eb8fe927fd11, Nodes: cfc25efc-54ed-4d3e-b2b6-13ccffc6d6ca{ip: 192.168.5.143, host: pr-hdds-1786-trunk-klbfp-3319181915, networkLocation: /default-rack, certSerialId: null}92412348-7352-40be-aea2-771c347789e7{ip: 192.168.5.143, host: pr-hdds-1786-trunk-klbfp-3319181915, networkLocation: /default-rack, certSerialId: null}76c4c990-655f-4900-b966-affd0bc7639c{ip: 192.168.5.143, host: pr-hdds-1786-trunk-klbfp-3319181915, networkLocation: /default-rack, certSerialId: null}, Type:RATIS, Factor:THREE, State:CLOSED]
org.apache.hadoop.hdds.scm.pipeline.PipelineNotFoundException: PipelineID=5804794a-73b5-487d-9840-eb8fe927fd11 not found
	at org.apache.hadoop.hdds.scm.pipeline.PipelineStateMap.getPipeline(PipelineStateMap.java:132)
	at org.apache.hadoop.hdds.scm.pipeline.PipelineStateMap.removePipeline(PipelineStateMap.java:322)
	at org.apache.hadoop.hdds.scm.pipeline.PipelineStateManager.removePipeline(PipelineStateManager.java:107)
	at org.apache.hadoop.hdds.scm.pipeline.SCMPipelineManager.removePipeline(SCMPipelineManager.java:423)
	at org.apache.hadoop.hdds.scm.pipeline.SCMPipelineManager.destroyPipeline(SCMPipelineManager.java:409)
	at org.apache.hadoop.hdds.scm.pipeline.SCMPipelineManager.lambda$finalizeAndDestroyPipeline$0(SCMPipelineManager.java:318)
	at org.apache.hadoop.utils.Scheduler.lambda$schedule$1(Scheduler.java:68)
	at java.util.concurrent.Executors$RunnableAdapter.call(Executors.java:511)
	at java.util.concurrent.FutureTask.run(FutureTask.java:266)
	at java.util.concurrent.ScheduledThreadPoolExecutor$ScheduledFutureTask.access$201(ScheduledThreadPoolExecutor.java:180)
	at java.util.concurrent.ScheduledThreadPoolExecutor$ScheduledFutureTask.run(ScheduledThreadPoolExecutor.java:293)
	at java.util.concurrent.ThreadPoolExecutor.runWorker(ThreadPoolExecutor.java:1149)
	at java.util.concurrent.ThreadPoolExecutor$Worker.run(ThreadPoolExecutor.java:624)
	at java.lang.Thread.run(Thread.java:748)
2019-09-11 07:10:17,826 [b48366ef-6f68-46c9-99e7-9871be9f97bc@group-44CFF2683379-SegmentedRaftLogWorker] WARN  segmented.SegmentedRaftLogWorker (SegmentedRaftLogWorker.java:getFromFuture(90)) - Timeout 3/~
org.apache.ratis.protocol.TimeoutIOException: Timeout 10s: WriteLog:12: (t:1, i:12), STATEMACHINELOGENTRY, client-FA0A0DC8EAE4, cid=30-writeStateMachineData
	at org.apache.ratis.util.IOUtils.getFromFuture(IOUtils.java:87)
	at org.apache.ratis.server.raftlog.segmented.SegmentedRaftLogWorker$StateMachineDataPolicy.getFromFuture(SegmentedRaftLogWorker.java:87)
	at org.apache.ratis.server.raftlog.segmented.SegmentedRaftLogWorker$WriteLog.execute(SegmentedRaftLogWorker.java:477)
	at org.apache.ratis.server.raftlog.segmented.SegmentedRaftLogWorker.run(SegmentedRaftLogWorker.java:289)
	at java.lang.Thread.run(Thread.java:748)
Caused by: java.util.concurrent.TimeoutException
	at java.util.concurrent.CompletableFuture.timedGet(CompletableFuture.java:1771)
	at java.util.concurrent.CompletableFuture.get(CompletableFuture.java:1915)
	at org.apache.ratis.util.IOUtils.getFromFuture(IOUtils.java:79)
	... 4 more
2019-09-11 07:10:18,142 [dd774419-39ed-4d90-9a0e-7a7d67fca22a@group-44CFF2683379-SegmentedRaftLogWorker] WARN  segmented.SegmentedRaftLogWorker (SegmentedRaftLogWorker.java:getFromFuture(90)) - Timeout 3/~
org.apache.ratis.protocol.TimeoutIOException: Timeout 10s: WriteLog:13: (t:1, i:13), STATEMACHINELOGENTRY, client-FA0A0DC8EAE4, cid=31-writeStateMachineData
	at org.apache.ratis.util.IOUtils.getFromFuture(IOUtils.java:87)
	at org.apache.ratis.server.raftlog.segmented.SegmentedRaftLogWorker$StateMachineDataPolicy.getFromFuture(SegmentedRaftLogWorker.java:87)
	at org.apache.ratis.server.raftlog.segmented.SegmentedRaftLogWorker$WriteLog.execute(SegmentedRaftLogWorker.java:477)
	at org.apache.ratis.server.raftlog.segmented.SegmentedRaftLogWorker.run(SegmentedRaftLogWorker.java:289)
	at java.lang.Thread.run(Thread.java:748)
Caused by: java.util.concurrent.TimeoutException
	at java.util.concurrent.CompletableFuture.timedGet(CompletableFuture.java:1771)
	at java.util.concurrent.CompletableFuture.get(CompletableFuture.java:1915)
	at org.apache.ratis.util.IOUtils.getFromFuture(IOUtils.java:79)
	... 4 more
2019-09-11 07:10:18,143 [094d95bb-124f-4491-a67a-8d0b5b434983@group-44CFF2683379-SegmentedRaftLogWorker] WARN  segmented.SegmentedRaftLogWorker (SegmentedRaftLogWorker.java:getFromFuture(90)) - Timeout 3/~
org.apache.ratis.protocol.TimeoutIOException: Timeout 10s: WriteLog:13: (t:1, i:13), STATEMACHINELOGENTRY, client-FA0A0DC8EAE4, cid=31-writeStateMachineData
	at org.apache.ratis.util.IOUtils.getFromFuture(IOUtils.java:87)
	at org.apache.ratis.server.raftlog.segmented.SegmentedRaftLogWorker$StateMachineDataPolicy.getFromFuture(SegmentedRaftLogWorker.java:87)
	at org.apache.ratis.server.raftlog.segmented.SegmentedRaftLogWorker$WriteLog.execute(SegmentedRaftLogWorker.java:477)
	at org.apache.ratis.server.raftlog.segmented.SegmentedRaftLogWorker.run(SegmentedRaftLogWorker.java:289)
	at java.lang.Thread.run(Thread.java:748)
Caused by: java.util.concurrent.TimeoutException
	at java.util.concurrent.CompletableFuture.timedGet(CompletableFuture.java:1771)
	at java.util.concurrent.CompletableFuture.get(CompletableFuture.java:1915)
	at org.apache.ratis.util.IOUtils.getFromFuture(IOUtils.java:79)
	... 4 more
2019-09-11 07:10:18,203 [grpc-default-executor-0] INFO  client.GrpcClientProtocolClient (GrpcClientProtocolClient.java:onNext(264)) - client-FA0A0DC8EAE4->b48366ef-6f68-46c9-99e7-9871be9f97bc: receive RaftClientReply:client-FA0A0DC8EAE4->b48366ef-6f68-46c9-99e7-9871be9f97bc@group-44CFF2683379, cid=30, FAILED org.apache.ratis.protocol.NotLeaderException: Server b48366ef-6f68-46c9-99e7-9871be9f97bc@group-44CFF2683379 is not the leader 094d95bb-124f-4491-a67a-8d0b5b434983:192.168.5.143:43792, logIndex=0, commits[b48366ef-6f68-46c9-99e7-9871be9f97bc:c11, dd774419-39ed-4d90-9a0e-7a7d67fca22a:c10, 094d95bb-124f-4491-a67a-8d0b5b434983:c11]
2019-09-11 07:10:18,332 [java.util.concurrent.ThreadPoolExecutor$Worker@cd5255c[State = -1, empty queue]] WARN  server.GrpcLogAppender (GrpcLogAppender.java:timeoutAppendRequest(200)) - 094d95bb-124f-4491-a67a-8d0b5b434983@group-44CFF2683379->b48366ef-6f68-46c9-99e7-9871be9f97bc-GrpcLogAppender: appendEntries Timeout, request=094d95bb-124f-4491-a67a-8d0b5b434983->b48366ef-6f68-46c9-99e7-9871be9f97bc#108-t1, previous=(t:1, i:17), leaderCommit=11, initializing? false, entries: <empty>
2019-09-11 07:10:18,332 [java.util.concurrent.ThreadPoolExecutor$Worker@21f64e46[State = -1, empty queue]] WARN  server.GrpcLogAppender (GrpcLogAppender.java:timeoutAppendRequest(200)) - 094d95bb-124f-4491-a67a-8d0b5b434983@group-44CFF2683379->dd774419-39ed-4d90-9a0e-7a7d67fca22a-GrpcLogAppender: appendEntries Timeout, request=094d95bb-124f-4491-a67a-8d0b5b434983->dd774419-39ed-4d90-9a0e-7a7d67fca22a#108-t1, previous=(t:1, i:17), leaderCommit=11, initializing? false, entries: <empty>
2019-09-11 07:10:20,151 [grpc-default-executor-5] INFO  impl.RaftServerProxy (RaftServerProxy.java:remove(95)) - cfc25efc-54ed-4d3e-b2b6-13ccffc6d6ca: remove group-EB8FE927FD11:null
2019-09-11 07:10:20,158 [RatisPipelineUtilsThread] WARN  pipeline.RatisPipelineUtils (RatisPipelineUtils.java:destroyPipeline(66)) - Pipeline destroy failed for pipeline=PipelineID=5804794a-73b5-487d-9840-eb8fe927fd11 dn=cfc25efc-54ed-4d3e-b2b6-13ccffc6d6ca{ip: 192.168.5.143, host: pr-hdds-1786-trunk-klbfp-3319181915, networkLocation: /default-rack, certSerialId: null}
2019-09-11 07:10:20,163 [grpc-default-executor-5] INFO  impl.RaftServerProxy (RaftServerProxy.java:remove(95)) - 92412348-7352-40be-aea2-771c347789e7: remove group-EB8FE927FD11:null
2019-09-11 07:10:20,166 [RatisPipelineUtilsThread] WARN  pipeline.RatisPipelineUtils (RatisPipelineUtils.java:destroyPipeline(66)) - Pipeline destroy failed for pipeline=PipelineID=5804794a-73b5-487d-9840-eb8fe927fd11 dn=92412348-7352-40be-aea2-771c347789e7{ip: 192.168.5.143, host: pr-hdds-1786-trunk-klbfp-3319181915, networkLocation: /default-rack, certSerialId: null}
2019-09-11 07:10:20,170 [grpc-default-executor-5] INFO  impl.RaftServerProxy (RaftServerProxy.java:remove(95)) - 76c4c990-655f-4900-b966-affd0bc7639c: remove group-EB8FE927FD11:null
2019-09-11 07:10:20,173 [RatisPipelineUtilsThread] WARN  pipeline.RatisPipelineUtils (RatisPipelineUtils.java:destroyPipeline(66)) - Pipeline destroy failed for pipeline=PipelineID=5804794a-73b5-487d-9840-eb8fe927fd11 dn=76c4c990-655f-4900-b966-affd0bc7639c{ip: 192.168.5.143, host: pr-hdds-1786-trunk-klbfp-3319181915, networkLocation: /default-rack, certSerialId: null}
2019-09-11 07:10:20,174 [RatisPipelineUtilsThread] ERROR pipeline.SCMPipelineManager (Scheduler.java:lambda$schedule$1(70)) - Destroy pipeline failed for pipeline:Pipeline[ Id: 5804794a-73b5-487d-9840-eb8fe927fd11, Nodes: cfc25efc-54ed-4d3e-b2b6-13ccffc6d6ca{ip: 192.168.5.143, host: pr-hdds-1786-trunk-klbfp-3319181915, networkLocation: /default-rack, certSerialId: null}92412348-7352-40be-aea2-771c347789e7{ip: 192.168.5.143, host: pr-hdds-1786-trunk-klbfp-3319181915, networkLocation: /default-rack, certSerialId: null}76c4c990-655f-4900-b966-affd0bc7639c{ip: 192.168.5.143, host: pr-hdds-1786-trunk-klbfp-3319181915, networkLocation: /default-rack, certSerialId: null}, Type:RATIS, Factor:THREE, State:CLOSED]
org.apache.hadoop.hdds.scm.pipeline.PipelineNotFoundException: PipelineID=5804794a-73b5-487d-9840-eb8fe927fd11 not found
	at org.apache.hadoop.hdds.scm.pipeline.PipelineStateMap.getPipeline(PipelineStateMap.java:132)
	at org.apache.hadoop.hdds.scm.pipeline.PipelineStateMap.removePipeline(PipelineStateMap.java:322)
	at org.apache.hadoop.hdds.scm.pipeline.PipelineStateManager.removePipeline(PipelineStateManager.java:107)
	at org.apache.hadoop.hdds.scm.pipeline.SCMPipelineManager.removePipeline(SCMPipelineManager.java:423)
	at org.apache.hadoop.hdds.scm.pipeline.SCMPipelineManager.destroyPipeline(SCMPipelineManager.java:409)
	at org.apache.hadoop.hdds.scm.pipeline.SCMPipelineManager.lambda$finalizeAndDestroyPipeline$0(SCMPipelineManager.java:318)
	at org.apache.hadoop.utils.Scheduler.lambda$schedule$1(Scheduler.java:68)
	at java.util.concurrent.Executors$RunnableAdapter.call(Executors.java:511)
	at java.util.concurrent.FutureTask.run(FutureTask.java:266)
	at java.util.concurrent.ScheduledThreadPoolExecutor$ScheduledFutureTask.access$201(ScheduledThreadPoolExecutor.java:180)
	at java.util.concurrent.ScheduledThreadPoolExecutor$ScheduledFutureTask.run(ScheduledThreadPoolExecutor.java:293)
	at java.util.concurrent.ThreadPoolExecutor.runWorker(ThreadPoolExecutor.java:1149)
	at java.util.concurrent.ThreadPoolExecutor$Worker.run(ThreadPoolExecutor.java:624)
	at java.lang.Thread.run(Thread.java:748)
2019-09-11 07:10:20,832 [java.util.concurrent.ThreadPoolExecutor$Worker@21f64e46[State = -1, empty queue]] WARN  server.GrpcLogAppender (GrpcLogAppender.java:timeoutAppendRequest(200)) - 094d95bb-124f-4491-a67a-8d0b5b434983@group-44CFF2683379->dd774419-39ed-4d90-9a0e-7a7d67fca22a-GrpcLogAppender: appendEntries Timeout, request=094d95bb-124f-4491-a67a-8d0b5b434983->dd774419-39ed-4d90-9a0e-7a7d67fca22a#109-t1, previous=(t:1, i:17), leaderCommit=11, initializing? false, entries: <empty>
2019-09-11 07:10:20,832 [java.util.concurrent.ThreadPoolExecutor$Worker@cd5255c[State = -1, empty queue]] WARN  server.GrpcLogAppender (GrpcLogAppender.java:timeoutAppendRequest(200)) - 094d95bb-124f-4491-a67a-8d0b5b434983@group-44CFF2683379->b48366ef-6f68-46c9-99e7-9871be9f97bc-GrpcLogAppender: appendEntries Timeout, request=094d95bb-124f-4491-a67a-8d0b5b434983->b48366ef-6f68-46c9-99e7-9871be9f97bc#109-t1, previous=(t:1, i:17), leaderCommit=11, initializing? false, entries: <empty>
2019-09-11 07:10:22,151 [grpc-default-executor-5] INFO  impl.RaftServerProxy (RaftServerProxy.java:remove(95)) - cfc25efc-54ed-4d3e-b2b6-13ccffc6d6ca: remove group-EB8FE927FD11:null
2019-09-11 07:10:22,154 [RatisPipelineUtilsThread] WARN  pipeline.RatisPipelineUtils (RatisPipelineUtils.java:destroyPipeline(66)) - Pipeline destroy failed for pipeline=PipelineID=5804794a-73b5-487d-9840-eb8fe927fd11 dn=cfc25efc-54ed-4d3e-b2b6-13ccffc6d6ca{ip: 192.168.5.143, host: pr-hdds-1786-trunk-klbfp-3319181915, networkLocation: /default-rack, certSerialId: null}
2019-09-11 07:10:22,157 [grpc-default-executor-5] INFO  impl.RaftServerProxy (RaftServerProxy.java:remove(95)) - 92412348-7352-40be-aea2-771c347789e7: remove group-EB8FE927FD11:null
2019-09-11 07:10:22,159 [RatisPipelineUtilsThread] WARN  pipeline.RatisPipelineUtils (RatisPipelineUtils.java:destroyPipeline(66)) - Pipeline destroy failed for pipeline=PipelineID=5804794a-73b5-487d-9840-eb8fe927fd11 dn=92412348-7352-40be-aea2-771c347789e7{ip: 192.168.5.143, host: pr-hdds-1786-trunk-klbfp-3319181915, networkLocation: /default-rack, certSerialId: null}
2019-09-11 07:10:22,162 [grpc-default-executor-5] INFO  impl.RaftServerProxy (RaftServerProxy.java:remove(95)) - 76c4c990-655f-4900-b966-affd0bc7639c: remove group-EB8FE927FD11:null
2019-09-11 07:10:22,164 [RatisPipelineUtilsThread] WARN  pipeline.RatisPipelineUtils (RatisPipelineUtils.java:destroyPipeline(66)) - Pipeline destroy failed for pipeline=PipelineID=5804794a-73b5-487d-9840-eb8fe927fd11 dn=76c4c990-655f-4900-b966-affd0bc7639c{ip: 192.168.5.143, host: pr-hdds-1786-trunk-klbfp-3319181915, networkLocation: /default-rack, certSerialId: null}
2019-09-11 07:10:22,164 [RatisPipelineUtilsThread] ERROR pipeline.SCMPipelineManager (Scheduler.java:lambda$schedule$1(70)) - Destroy pipeline failed for pipeline:Pipeline[ Id: 5804794a-73b5-487d-9840-eb8fe927fd11, Nodes: cfc25efc-54ed-4d3e-b2b6-13ccffc6d6ca{ip: 192.168.5.143, host: pr-hdds-1786-trunk-klbfp-3319181915, networkLocation: /default-rack, certSerialId: null}92412348-7352-40be-aea2-771c347789e7{ip: 192.168.5.143, host: pr-hdds-1786-trunk-klbfp-3319181915, networkLocation: /default-rack, certSerialId: null}76c4c990-655f-4900-b966-affd0bc7639c{ip: 192.168.5.143, host: pr-hdds-1786-trunk-klbfp-3319181915, networkLocation: /default-rack, certSerialId: null}, Type:RATIS, Factor:THREE, State:CLOSED]
org.apache.hadoop.hdds.scm.pipeline.PipelineNotFoundException: PipelineID=5804794a-73b5-487d-9840-eb8fe927fd11 not found
	at org.apache.hadoop.hdds.scm.pipeline.PipelineStateMap.getPipeline(PipelineStateMap.java:132)
	at org.apache.hadoop.hdds.scm.pipeline.PipelineStateMap.removePipeline(PipelineStateMap.java:322)
	at org.apache.hadoop.hdds.scm.pipeline.PipelineStateManager.removePipeline(PipelineStateManager.java:107)
	at org.apache.hadoop.hdds.scm.pipeline.SCMPipelineManager.removePipeline(SCMPipelineManager.java:423)
	at org.apache.hadoop.hdds.scm.pipeline.SCMPipelineManager.destroyPipeline(SCMPipelineManager.java:409)
	at org.apache.hadoop.hdds.scm.pipeline.SCMPipelineManager.lambda$finalizeAndDestroyPipeline$0(SCMPipelineManager.java:318)
	at org.apache.hadoop.utils.Scheduler.lambda$schedule$1(Scheduler.java:68)
	at java.util.concurrent.Executors$RunnableAdapter.call(Executors.java:511)
	at java.util.concurrent.FutureTask.run(FutureTask.java:266)
	at java.util.concurrent.ScheduledThreadPoolExecutor$ScheduledFutureTask.access$201(ScheduledThreadPoolExecutor.java:180)
	at java.util.concurrent.ScheduledThreadPoolExecutor$ScheduledFutureTask.run(ScheduledThreadPoolExecutor.java:293)
	at java.util.concurrent.ThreadPoolExecutor.runWorker(ThreadPoolExecutor.java:1149)
	at java.util.concurrent.ThreadPoolExecutor$Worker.run(ThreadPoolExecutor.java:624)
	at java.lang.Thread.run(Thread.java:748)
2019-09-11 07:10:23,238 [grpc-default-executor-0] INFO  client.GrpcClientProtocolClient (GrpcClientProtocolClient.java:onNext(264)) - client-FA0A0DC8EAE4->b48366ef-6f68-46c9-99e7-9871be9f97bc: receive RaftClientReply:client-FA0A0DC8EAE4->b48366ef-6f68-46c9-99e7-9871be9f97bc@group-44CFF2683379, cid=30, FAILED org.apache.ratis.protocol.NotLeaderException: Server b48366ef-6f68-46c9-99e7-9871be9f97bc@group-44CFF2683379 is not the leader 094d95bb-124f-4491-a67a-8d0b5b434983:192.168.5.143:43792, logIndex=0, commits[b48366ef-6f68-46c9-99e7-9871be9f97bc:c11, dd774419-39ed-4d90-9a0e-7a7d67fca22a:c10, 094d95bb-124f-4491-a67a-8d0b5b434983:c11]
2019-09-11 07:10:23,332 [java.util.concurrent.ThreadPoolExecutor$Worker@21f64e46[State = -1, empty queue]] WARN  server.GrpcLogAppender (GrpcLogAppender.java:timeoutAppendRequest(200)) - 094d95bb-124f-4491-a67a-8d0b5b434983@group-44CFF2683379->dd774419-39ed-4d90-9a0e-7a7d67fca22a-GrpcLogAppender: appendEntries Timeout, request=094d95bb-124f-4491-a67a-8d0b5b434983->dd774419-39ed-4d90-9a0e-7a7d67fca22a#110-t1, previous=(t:1, i:17), leaderCommit=11, initializing? false, entries: <empty>
2019-09-11 07:10:23,332 [java.util.concurrent.ThreadPoolExecutor$Worker@cd5255c[State = -1, empty queue]] WARN  server.GrpcLogAppender (GrpcLogAppender.java:timeoutAppendRequest(200)) - 094d95bb-124f-4491-a67a-8d0b5b434983@group-44CFF2683379->b48366ef-6f68-46c9-99e7-9871be9f97bc-GrpcLogAppender: appendEntries Timeout, request=094d95bb-124f-4491-a67a-8d0b5b434983->b48366ef-6f68-46c9-99e7-9871be9f97bc#110-t1, previous=(t:1, i:17), leaderCommit=11, initializing? false, entries: <empty>
2019-09-11 07:10:25,154 [grpc-default-executor-5] INFO  impl.RaftServerProxy (RaftServerProxy.java:remove(95)) - cfc25efc-54ed-4d3e-b2b6-13ccffc6d6ca: remove group-EB8FE927FD11:null
2019-09-11 07:10:25,157 [RatisPipelineUtilsThread] WARN  pipeline.RatisPipelineUtils (RatisPipelineUtils.java:destroyPipeline(66)) - Pipeline destroy failed for pipeline=PipelineID=5804794a-73b5-487d-9840-eb8fe927fd11 dn=cfc25efc-54ed-4d3e-b2b6-13ccffc6d6ca{ip: 192.168.5.143, host: pr-hdds-1786-trunk-klbfp-3319181915, networkLocation: /default-rack, certSerialId: null}
2019-09-11 07:10:25,162 [grpc-default-executor-5] INFO  impl.RaftServerProxy (RaftServerProxy.java:remove(95)) - 92412348-7352-40be-aea2-771c347789e7: remove group-EB8FE927FD11:null
2019-09-11 07:10:25,165 [RatisPipelineUtilsThread] WARN  pipeline.RatisPipelineUtils (RatisPipelineUtils.java:destroyPipeline(66)) - Pipeline destroy failed for pipeline=PipelineID=5804794a-73b5-487d-9840-eb8fe927fd11 dn=92412348-7352-40be-aea2-771c347789e7{ip: 192.168.5.143, host: pr-hdds-1786-trunk-klbfp-3319181915, networkLocation: /default-rack, certSerialId: null}
2019-09-11 07:10:25,169 [grpc-default-executor-5] INFO  impl.RaftServerProxy (RaftServerProxy.java:remove(95)) - 76c4c990-655f-4900-b966-affd0bc7639c: remove group-EB8FE927FD11:null
2019-09-11 07:10:25,171 [RatisPipelineUtilsThread] WARN  pipeline.RatisPipelineUtils (RatisPipelineUtils.java:destroyPipeline(66)) - Pipeline destroy failed for pipeline=PipelineID=5804794a-73b5-487d-9840-eb8fe927fd11 dn=76c4c990-655f-4900-b966-affd0bc7639c{ip: 192.168.5.143, host: pr-hdds-1786-trunk-klbfp-3319181915, networkLocation: /default-rack, certSerialId: null}
2019-09-11 07:10:25,172 [RatisPipelineUtilsThread] ERROR pipeline.SCMPipelineManager (Scheduler.java:lambda$schedule$1(70)) - Destroy pipeline failed for pipeline:Pipeline[ Id: 5804794a-73b5-487d-9840-eb8fe927fd11, Nodes: cfc25efc-54ed-4d3e-b2b6-13ccffc6d6ca{ip: 192.168.5.143, host: pr-hdds-1786-trunk-klbfp-3319181915, networkLocation: /default-rack, certSerialId: null}92412348-7352-40be-aea2-771c347789e7{ip: 192.168.5.143, host: pr-hdds-1786-trunk-klbfp-3319181915, networkLocation: /default-rack, certSerialId: null}76c4c990-655f-4900-b966-affd0bc7639c{ip: 192.168.5.143, host: pr-hdds-1786-trunk-klbfp-3319181915, networkLocation: /default-rack, certSerialId: null}, Type:RATIS, Factor:THREE, State:CLOSED]
org.apache.hadoop.hdds.scm.pipeline.PipelineNotFoundException: PipelineID=5804794a-73b5-487d-9840-eb8fe927fd11 not found
	at org.apache.hadoop.hdds.scm.pipeline.PipelineStateMap.getPipeline(PipelineStateMap.java:132)
	at org.apache.hadoop.hdds.scm.pipeline.PipelineStateMap.removePipeline(PipelineStateMap.java:322)
	at org.apache.hadoop.hdds.scm.pipeline.PipelineStateManager.removePipeline(PipelineStateManager.java:107)
	at org.apache.hadoop.hdds.scm.pipeline.SCMPipelineManager.removePipeline(SCMPipelineManager.java:423)
	at org.apache.hadoop.hdds.scm.pipeline.SCMPipelineManager.destroyPipeline(SCMPipelineManager.java:409)
	at org.apache.hadoop.hdds.scm.pipeline.SCMPipelineManager.lambda$finalizeAndDestroyPipeline$0(SCMPipelineManager.java:318)
	at org.apache.hadoop.utils.Scheduler.lambda$schedule$1(Scheduler.java:68)
	at java.util.concurrent.Executors$RunnableAdapter.call(Executors.java:511)
	at java.util.concurrent.FutureTask.run(FutureTask.java:266)
	at java.util.concurrent.ScheduledThreadPoolExecutor$ScheduledFutureTask.access$201(ScheduledThreadPoolExecutor.java:180)
	at java.util.concurrent.ScheduledThreadPoolExecutor$ScheduledFutureTask.run(ScheduledThreadPoolExecutor.java:293)
	at java.util.concurrent.ThreadPoolExecutor.runWorker(ThreadPoolExecutor.java:1149)
	at java.util.concurrent.ThreadPoolExecutor$Worker.run(ThreadPoolExecutor.java:624)
	at java.lang.Thread.run(Thread.java:748)
2019-09-11 07:10:25,833 [java.util.concurrent.ThreadPoolExecutor$Worker@cd5255c[State = -1, empty queue]] WARN  server.GrpcLogAppender (GrpcLogAppender.java:timeoutAppendRequest(200)) - 094d95bb-124f-4491-a67a-8d0b5b434983@group-44CFF2683379->b48366ef-6f68-46c9-99e7-9871be9f97bc-GrpcLogAppender: appendEntries Timeout, request=094d95bb-124f-4491-a67a-8d0b5b434983->b48366ef-6f68-46c9-99e7-9871be9f97bc#111-t1, previous=(t:1, i:17), leaderCommit=11, initializing? false, entries: <empty>
2019-09-11 07:10:25,833 [java.util.concurrent.ThreadPoolExecutor$Worker@21f64e46[State = -1, empty queue]] WARN  server.GrpcLogAppender (GrpcLogAppender.java:timeoutAppendRequest(200)) - 094d95bb-124f-4491-a67a-8d0b5b434983@group-44CFF2683379->dd774419-39ed-4d90-9a0e-7a7d67fca22a-GrpcLogAppender: appendEntries Timeout, request=094d95bb-124f-4491-a67a-8d0b5b434983->dd774419-39ed-4d90-9a0e-7a7d67fca22a#111-t1, previous=(t:1, i:17), leaderCommit=11, initializing? false, entries: <empty>
2019-09-11 07:10:27,154 [grpc-default-executor-0] INFO  impl.RaftServerProxy (RaftServerProxy.java:remove(95)) - cfc25efc-54ed-4d3e-b2b6-13ccffc6d6ca: remove group-EB8FE927FD11:null
2019-09-11 07:10:27,158 [RatisPipelineUtilsThread] WARN  pipeline.RatisPipelineUtils (RatisPipelineUtils.java:destroyPipeline(66)) - Pipeline destroy failed for pipeline=PipelineID=5804794a-73b5-487d-9840-eb8fe927fd11 dn=cfc25efc-54ed-4d3e-b2b6-13ccffc6d6ca{ip: 192.168.5.143, host: pr-hdds-1786-trunk-klbfp-3319181915, networkLocation: /default-rack, certSerialId: null}
2019-09-11 07:10:27,160 [grpc-default-executor-0] INFO  impl.RaftServerProxy (RaftServerProxy.java:remove(95)) - 92412348-7352-40be-aea2-771c347789e7: remove group-EB8FE927FD11:null
2019-09-11 07:10:27,162 [RatisPipelineUtilsThread] WARN  pipeline.RatisPipelineUtils (RatisPipelineUtils.java:destroyPipeline(66)) - Pipeline destroy failed for pipeline=PipelineID=5804794a-73b5-487d-9840-eb8fe927fd11 dn=92412348-7352-40be-aea2-771c347789e7{ip: 192.168.5.143, host: pr-hdds-1786-trunk-klbfp-3319181915, networkLocation: /default-rack, certSerialId: null}
2019-09-11 07:10:27,165 [grpc-default-executor-0] INFO  impl.RaftServerProxy (RaftServerProxy.java:remove(95)) - 76c4c990-655f-4900-b966-affd0bc7639c: remove group-EB8FE927FD11:null
2019-09-11 07:10:27,167 [RatisPipelineUtilsThread] WARN  pipeline.RatisPipelineUtils (RatisPipelineUtils.java:destroyPipeline(66)) - Pipeline destroy failed for pipeline=PipelineID=5804794a-73b5-487d-9840-eb8fe927fd11 dn=76c4c990-655f-4900-b966-affd0bc7639c{ip: 192.168.5.143, host: pr-hdds-1786-trunk-klbfp-3319181915, networkLocation: /default-rack, certSerialId: null}
2019-09-11 07:10:27,167 [RatisPipelineUtilsThread] ERROR pipeline.SCMPipelineManager (Scheduler.java:lambda$schedule$1(70)) - Destroy pipeline failed for pipeline:Pipeline[ Id: 5804794a-73b5-487d-9840-eb8fe927fd11, Nodes: cfc25efc-54ed-4d3e-b2b6-13ccffc6d6ca{ip: 192.168.5.143, host: pr-hdds-1786-trunk-klbfp-3319181915, networkLocation: /default-rack, certSerialId: null}92412348-7352-40be-aea2-771c347789e7{ip: 192.168.5.143, host: pr-hdds-1786-trunk-klbfp-3319181915, networkLocation: /default-rack, certSerialId: null}76c4c990-655f-4900-b966-affd0bc7639c{ip: 192.168.5.143, host: pr-hdds-1786-trunk-klbfp-3319181915, networkLocation: /default-rack, certSerialId: null}, Type:RATIS, Factor:THREE, State:CLOSED]
org.apache.hadoop.hdds.scm.pipeline.PipelineNotFoundException: PipelineID=5804794a-73b5-487d-9840-eb8fe927fd11 not found
	at org.apache.hadoop.hdds.scm.pipeline.PipelineStateMap.getPipeline(PipelineStateMap.java:132)
	at org.apache.hadoop.hdds.scm.pipeline.PipelineStateMap.removePipeline(PipelineStateMap.java:322)
	at org.apache.hadoop.hdds.scm.pipeline.PipelineStateManager.removePipeline(PipelineStateManager.java:107)
	at org.apache.hadoop.hdds.scm.pipeline.SCMPipelineManager.removePipeline(SCMPipelineManager.java:423)
	at org.apache.hadoop.hdds.scm.pipeline.SCMPipelineManager.destroyPipeline(SCMPipelineManager.java:409)
	at org.apache.hadoop.hdds.scm.pipeline.SCMPipelineManager.lambda$finalizeAndDestroyPipeline$0(SCMPipelineManager.java:318)
	at org.apache.hadoop.utils.Scheduler.lambda$schedule$1(Scheduler.java:68)
	at java.util.concurrent.Executors$RunnableAdapter.call(Executors.java:511)
	at java.util.concurrent.FutureTask.run(FutureTask.java:266)
	at java.util.concurrent.ScheduledThreadPoolExecutor$ScheduledFutureTask.access$201(ScheduledThreadPoolExecutor.java:180)
	at java.util.concurrent.ScheduledThreadPoolExecutor$ScheduledFutureTask.run(ScheduledThreadPoolExecutor.java:293)
	at java.util.concurrent.ThreadPoolExecutor.runWorker(ThreadPoolExecutor.java:1149)
	at java.util.concurrent.ThreadPoolExecutor$Worker.run(ThreadPoolExecutor.java:624)
	at java.lang.Thread.run(Thread.java:748)
2019-09-11 07:10:27,827 [b48366ef-6f68-46c9-99e7-9871be9f97bc@group-44CFF2683379-SegmentedRaftLogWorker] WARN  segmented.SegmentedRaftLogWorker (SegmentedRaftLogWorker.java:getFromFuture(90)) - Timeout 4/~
org.apache.ratis.protocol.TimeoutIOException: Timeout 10s: WriteLog:12: (t:1, i:12), STATEMACHINELOGENTRY, client-FA0A0DC8EAE4, cid=30-writeStateMachineData
	at org.apache.ratis.util.IOUtils.getFromFuture(IOUtils.java:87)
	at org.apache.ratis.server.raftlog.segmented.SegmentedRaftLogWorker$StateMachineDataPolicy.getFromFuture(SegmentedRaftLogWorker.java:87)
	at org.apache.ratis.server.raftlog.segmented.SegmentedRaftLogWorker$WriteLog.execute(SegmentedRaftLogWorker.java:477)
	at org.apache.ratis.server.raftlog.segmented.SegmentedRaftLogWorker.run(SegmentedRaftLogWorker.java:289)
	at java.lang.Thread.run(Thread.java:748)
Caused by: java.util.concurrent.TimeoutException
	at java.util.concurrent.CompletableFuture.timedGet(CompletableFuture.java:1771)
	at java.util.concurrent.CompletableFuture.get(CompletableFuture.java:1915)
	at org.apache.ratis.util.IOUtils.getFromFuture(IOUtils.java:79)
	... 4 more
2019-09-11 07:10:28,144 [dd774419-39ed-4d90-9a0e-7a7d67fca22a@group-44CFF2683379-SegmentedRaftLogWorker] WARN  segmented.SegmentedRaftLogWorker (SegmentedRaftLogWorker.java:getFromFuture(90)) - Timeout 4/~
org.apache.ratis.protocol.TimeoutIOException: Timeout 10s: WriteLog:13: (t:1, i:13), STATEMACHINELOGENTRY, client-FA0A0DC8EAE4, cid=31-writeStateMachineData
	at org.apache.ratis.util.IOUtils.getFromFuture(IOUtils.java:87)
	at org.apache.ratis.server.raftlog.segmented.SegmentedRaftLogWorker$StateMachineDataPolicy.getFromFuture(SegmentedRaftLogWorker.java:87)
	at org.apache.ratis.server.raftlog.segmented.SegmentedRaftLogWorker$WriteLog.execute(SegmentedRaftLogWorker.java:477)
	at org.apache.ratis.server.raftlog.segmented.SegmentedRaftLogWorker.run(SegmentedRaftLogWorker.java:289)
	at java.lang.Thread.run(Thread.java:748)
Caused by: java.util.concurrent.TimeoutException
	at java.util.concurrent.CompletableFuture.timedGet(CompletableFuture.java:1771)
	at java.util.concurrent.CompletableFuture.get(CompletableFuture.java:1915)
	at org.apache.ratis.util.IOUtils.getFromFuture(IOUtils.java:79)
	... 4 more
2019-09-11 07:10:28,144 [094d95bb-124f-4491-a67a-8d0b5b434983@group-44CFF2683379-SegmentedRaftLogWorker] WARN  segmented.SegmentedRaftLogWorker (SegmentedRaftLogWorker.java:getFromFuture(90)) - Timeout 4/~
org.apache.ratis.protocol.TimeoutIOException: Timeout 10s: WriteLog:13: (t:1, i:13), STATEMACHINELOGENTRY, client-FA0A0DC8EAE4, cid=31-writeStateMachineData
	at org.apache.ratis.util.IOUtils.getFromFuture(IOUtils.java:87)
	at org.apache.ratis.server.raftlog.segmented.SegmentedRaftLogWorker$StateMachineDataPolicy.getFromFuture(SegmentedRaftLogWorker.java:87)
	at org.apache.ratis.server.raftlog.segmented.SegmentedRaftLogWorker$WriteLog.execute(SegmentedRaftLogWorker.java:477)
	at org.apache.ratis.server.raftlog.segmented.SegmentedRaftLogWorker.run(SegmentedRaftLogWorker.java:289)
	at java.lang.Thread.run(Thread.java:748)
Caused by: java.util.concurrent.TimeoutException
	at java.util.concurrent.CompletableFuture.timedGet(CompletableFuture.java:1771)
	at java.util.concurrent.CompletableFuture.get(CompletableFuture.java:1915)
	at org.apache.ratis.util.IOUtils.getFromFuture(IOUtils.java:79)
	... 4 more
2019-09-11 07:10:28,286 [grpc-default-executor-0] INFO  client.GrpcClientProtocolClient (GrpcClientProtocolClient.java:onNext(264)) - client-FA0A0DC8EAE4->b48366ef-6f68-46c9-99e7-9871be9f97bc: receive RaftClientReply:client-FA0A0DC8EAE4->b48366ef-6f68-46c9-99e7-9871be9f97bc@group-44CFF2683379, cid=30, FAILED org.apache.ratis.protocol.NotLeaderException: Server b48366ef-6f68-46c9-99e7-9871be9f97bc@group-44CFF2683379 is not the leader 094d95bb-124f-4491-a67a-8d0b5b434983:192.168.5.143:43792, logIndex=0, commits[b48366ef-6f68-46c9-99e7-9871be9f97bc:c11, dd774419-39ed-4d90-9a0e-7a7d67fca22a:c10, 094d95bb-124f-4491-a67a-8d0b5b434983:c11]
2019-09-11 07:10:28,333 [java.util.concurrent.ThreadPoolExecutor$Worker@cd5255c[State = -1, empty queue]] WARN  server.GrpcLogAppender (GrpcLogAppender.java:timeoutAppendRequest(200)) - 094d95bb-124f-4491-a67a-8d0b5b434983@group-44CFF2683379->b48366ef-6f68-46c9-99e7-9871be9f97bc-GrpcLogAppender: appendEntries Timeout, request=094d95bb-124f-4491-a67a-8d0b5b434983->b48366ef-6f68-46c9-99e7-9871be9f97bc#112-t1, previous=(t:1, i:17), leaderCommit=11, initializing? false, entries: <empty>
2019-09-11 07:10:28,333 [java.util.concurrent.ThreadPoolExecutor$Worker@21f64e46[State = -1, empty queue]] WARN  server.GrpcLogAppender (GrpcLogAppender.java:timeoutAppendRequest(200)) - 094d95bb-124f-4491-a67a-8d0b5b434983@group-44CFF2683379->dd774419-39ed-4d90-9a0e-7a7d67fca22a-GrpcLogAppender: appendEntries Timeout, request=094d95bb-124f-4491-a67a-8d0b5b434983->dd774419-39ed-4d90-9a0e-7a7d67fca22a#112-t1, previous=(t:1, i:17), leaderCommit=11, initializing? false, entries: <empty>
2019-09-11 07:10:30,154 [grpc-default-executor-5] INFO  impl.RaftServerProxy (RaftServerProxy.java:remove(95)) - cfc25efc-54ed-4d3e-b2b6-13ccffc6d6ca: remove group-EB8FE927FD11:null
2019-09-11 07:10:30,158 [RatisPipelineUtilsThread] WARN  pipeline.RatisPipelineUtils (RatisPipelineUtils.java:destroyPipeline(66)) - Pipeline destroy failed for pipeline=PipelineID=5804794a-73b5-487d-9840-eb8fe927fd11 dn=cfc25efc-54ed-4d3e-b2b6-13ccffc6d6ca{ip: 192.168.5.143, host: pr-hdds-1786-trunk-klbfp-3319181915, networkLocation: /default-rack, certSerialId: null}
2019-09-11 07:10:30,161 [grpc-default-executor-5] INFO  impl.RaftServerProxy (RaftServerProxy.java:remove(95)) - 92412348-7352-40be-aea2-771c347789e7: remove group-EB8FE927FD11:null
2019-09-11 07:10:30,164 [RatisPipelineUtilsThread] WARN  pipeline.RatisPipelineUtils (RatisPipelineUtils.java:destroyPipeline(66)) - Pipeline destroy failed for pipeline=PipelineID=5804794a-73b5-487d-9840-eb8fe927fd11 dn=92412348-7352-40be-aea2-771c347789e7{ip: 192.168.5.143, host: pr-hdds-1786-trunk-klbfp-3319181915, networkLocation: /default-rack, certSerialId: null}
2019-09-11 07:10:30,167 [grpc-default-executor-5] INFO  impl.RaftServerProxy (RaftServerProxy.java:remove(95)) - 76c4c990-655f-4900-b966-affd0bc7639c: remove group-EB8FE927FD11:null
2019-09-11 07:10:30,169 [RatisPipelineUtilsThread] WARN  pipeline.RatisPipelineUtils (RatisPipelineUtils.java:destroyPipeline(66)) - Pipeline destroy failed for pipeline=PipelineID=5804794a-73b5-487d-9840-eb8fe927fd11 dn=76c4c990-655f-4900-b966-affd0bc7639c{ip: 192.168.5.143, host: pr-hdds-1786-trunk-klbfp-3319181915, networkLocation: /default-rack, certSerialId: null}
2019-09-11 07:10:30,170 [RatisPipelineUtilsThread] ERROR pipeline.SCMPipelineManager (Scheduler.java:lambda$schedule$1(70)) - Destroy pipeline failed for pipeline:Pipeline[ Id: 5804794a-73b5-487d-9840-eb8fe927fd11, Nodes: cfc25efc-54ed-4d3e-b2b6-13ccffc6d6ca{ip: 192.168.5.143, host: pr-hdds-1786-trunk-klbfp-3319181915, networkLocation: /default-rack, certSerialId: null}92412348-7352-40be-aea2-771c347789e7{ip: 192.168.5.143, host: pr-hdds-1786-trunk-klbfp-3319181915, networkLocation: /default-rack, certSerialId: null}76c4c990-655f-4900-b966-affd0bc7639c{ip: 192.168.5.143, host: pr-hdds-1786-trunk-klbfp-3319181915, networkLocation: /default-rack, certSerialId: null}, Type:RATIS, Factor:THREE, State:CLOSED]
org.apache.hadoop.hdds.scm.pipeline.PipelineNotFoundException: PipelineID=5804794a-73b5-487d-9840-eb8fe927fd11 not found
	at org.apache.hadoop.hdds.scm.pipeline.PipelineStateMap.getPipeline(PipelineStateMap.java:132)
	at org.apache.hadoop.hdds.scm.pipeline.PipelineStateMap.removePipeline(PipelineStateMap.java:322)
	at org.apache.hadoop.hdds.scm.pipeline.PipelineStateManager.removePipeline(PipelineStateManager.java:107)
	at org.apache.hadoop.hdds.scm.pipeline.SCMPipelineManager.removePipeline(SCMPipelineManager.java:423)
	at org.apache.hadoop.hdds.scm.pipeline.SCMPipelineManager.destroyPipeline(SCMPipelineManager.java:409)
	at org.apache.hadoop.hdds.scm.pipeline.SCMPipelineManager.lambda$finalizeAndDestroyPipeline$0(SCMPipelineManager.java:318)
	at org.apache.hadoop.utils.Scheduler.lambda$schedule$1(Scheduler.java:68)
	at java.util.concurrent.Executors$RunnableAdapter.call(Executors.java:511)
	at java.util.concurrent.FutureTask.run(FutureTask.java:266)
	at java.util.concurrent.ScheduledThreadPoolExecutor$ScheduledFutureTask.access$201(ScheduledThreadPoolExecutor.java:180)
	at java.util.concurrent.ScheduledThreadPoolExecutor$ScheduledFutureTask.run(ScheduledThreadPoolExecutor.java:293)
	at java.util.concurrent.ThreadPoolExecutor.runWorker(ThreadPoolExecutor.java:1149)
	at java.util.concurrent.ThreadPoolExecutor$Worker.run(ThreadPoolExecutor.java:624)
	at java.lang.Thread.run(Thread.java:748)
2019-09-11 07:10:30,834 [java.util.concurrent.ThreadPoolExecutor$Worker@21f64e46[State = -1, empty queue]] WARN  server.GrpcLogAppender (GrpcLogAppender.java:timeoutAppendRequest(200)) - 094d95bb-124f-4491-a67a-8d0b5b434983@group-44CFF2683379->dd774419-39ed-4d90-9a0e-7a7d67fca22a-GrpcLogAppender: appendEntries Timeout, request=094d95bb-124f-4491-a67a-8d0b5b434983->dd774419-39ed-4d90-9a0e-7a7d67fca22a#113-t1, previous=(t:1, i:17), leaderCommit=11, initializing? false, entries: <empty>
2019-09-11 07:10:30,834 [java.util.concurrent.ThreadPoolExecutor$Worker@cd5255c[State = -1, empty queue]] WARN  server.GrpcLogAppender (GrpcLogAppender.java:timeoutAppendRequest(200)) - 094d95bb-124f-4491-a67a-8d0b5b434983@group-44CFF2683379->b48366ef-6f68-46c9-99e7-9871be9f97bc-GrpcLogAppender: appendEntries Timeout, request=094d95bb-124f-4491-a67a-8d0b5b434983->b48366ef-6f68-46c9-99e7-9871be9f97bc#113-t1, previous=(t:1, i:17), leaderCommit=11, initializing? false, entries: <empty>
2019-09-11 07:10:32,153 [grpc-default-executor-1] INFO  impl.RaftServerProxy (RaftServerProxy.java:remove(95)) - cfc25efc-54ed-4d3e-b2b6-13ccffc6d6ca: remove group-EB8FE927FD11:null
2019-09-11 07:10:32,156 [RatisPipelineUtilsThread] WARN  pipeline.RatisPipelineUtils (RatisPipelineUtils.java:destroyPipeline(66)) - Pipeline destroy failed for pipeline=PipelineID=5804794a-73b5-487d-9840-eb8fe927fd11 dn=cfc25efc-54ed-4d3e-b2b6-13ccffc6d6ca{ip: 192.168.5.143, host: pr-hdds-1786-trunk-klbfp-3319181915, networkLocation: /default-rack, certSerialId: null}
2019-09-11 07:10:32,159 [grpc-default-executor-1] INFO  impl.RaftServerProxy (RaftServerProxy.java:remove(95)) - 92412348-7352-40be-aea2-771c347789e7: remove group-EB8FE927FD11:null
2019-09-11 07:10:32,161 [RatisPipelineUtilsThread] WARN  pipeline.RatisPipelineUtils (RatisPipelineUtils.java:destroyPipeline(66)) - Pipeline destroy failed for pipeline=PipelineID=5804794a-73b5-487d-9840-eb8fe927fd11 dn=92412348-7352-40be-aea2-771c347789e7{ip: 192.168.5.143, host: pr-hdds-1786-trunk-klbfp-3319181915, networkLocation: /default-rack, certSerialId: null}
2019-09-11 07:10:32,163 [grpc-default-executor-1] INFO  impl.RaftServerProxy (RaftServerProxy.java:remove(95)) - 76c4c990-655f-4900-b966-affd0bc7639c: remove group-EB8FE927FD11:null
2019-09-11 07:10:32,165 [RatisPipelineUtilsThread] WARN  pipeline.RatisPipelineUtils (RatisPipelineUtils.java:destroyPipeline(66)) - Pipeline destroy failed for pipeline=PipelineID=5804794a-73b5-487d-9840-eb8fe927fd11 dn=76c4c990-655f-4900-b966-affd0bc7639c{ip: 192.168.5.143, host: pr-hdds-1786-trunk-klbfp-3319181915, networkLocation: /default-rack, certSerialId: null}
2019-09-11 07:10:32,166 [RatisPipelineUtilsThread] ERROR pipeline.SCMPipelineManager (Scheduler.java:lambda$schedule$1(70)) - Destroy pipeline failed for pipeline:Pipeline[ Id: 5804794a-73b5-487d-9840-eb8fe927fd11, Nodes: cfc25efc-54ed-4d3e-b2b6-13ccffc6d6ca{ip: 192.168.5.143, host: pr-hdds-1786-trunk-klbfp-3319181915, networkLocation: /default-rack, certSerialId: null}92412348-7352-40be-aea2-771c347789e7{ip: 192.168.5.143, host: pr-hdds-1786-trunk-klbfp-3319181915, networkLocation: /default-rack, certSerialId: null}76c4c990-655f-4900-b966-affd0bc7639c{ip: 192.168.5.143, host: pr-hdds-1786-trunk-klbfp-3319181915, networkLocation: /default-rack, certSerialId: null}, Type:RATIS, Factor:THREE, State:CLOSED]
org.apache.hadoop.hdds.scm.pipeline.PipelineNotFoundException: PipelineID=5804794a-73b5-487d-9840-eb8fe927fd11 not found
	at org.apache.hadoop.hdds.scm.pipeline.PipelineStateMap.getPipeline(PipelineStateMap.java:132)
	at org.apache.hadoop.hdds.scm.pipeline.PipelineStateMap.removePipeline(PipelineStateMap.java:322)
	at org.apache.hadoop.hdds.scm.pipeline.PipelineStateManager.removePipeline(PipelineStateManager.java:107)
	at org.apache.hadoop.hdds.scm.pipeline.SCMPipelineManager.removePipeline(SCMPipelineManager.java:423)
	at org.apache.hadoop.hdds.scm.pipeline.SCMPipelineManager.destroyPipeline(SCMPipelineManager.java:409)
	at org.apache.hadoop.hdds.scm.pipeline.SCMPipelineManager.lambda$finalizeAndDestroyPipeline$0(SCMPipelineManager.java:318)
	at org.apache.hadoop.utils.Scheduler.lambda$schedule$1(Scheduler.java:68)
	at java.util.concurrent.Executors$RunnableAdapter.call(Executors.java:511)
	at java.util.concurrent.FutureTask.run(FutureTask.java:266)
	at java.util.concurrent.ScheduledThreadPoolExecutor$ScheduledFutureTask.access$201(ScheduledThreadPoolExecutor.java:180)
	at java.util.concurrent.ScheduledThreadPoolExecutor$ScheduledFutureTask.run(ScheduledThreadPoolExecutor.java:293)
	at java.util.concurrent.ThreadPoolExecutor.runWorker(ThreadPoolExecutor.java:1149)
	at java.util.concurrent.ThreadPoolExecutor$Worker.run(ThreadPoolExecutor.java:624)
	at java.lang.Thread.run(Thread.java:748)
2019-09-11 07:10:33,317 [grpc-default-executor-5] INFO  client.GrpcClientProtocolClient (GrpcClientProtocolClient.java:onNext(264)) - client-FA0A0DC8EAE4->dd774419-39ed-4d90-9a0e-7a7d67fca22a: receive RaftClientReply:client-FA0A0DC8EAE4->dd774419-39ed-4d90-9a0e-7a7d67fca22a@group-44CFF2683379, cid=30, FAILED org.apache.ratis.protocol.NotLeaderException: Server dd774419-39ed-4d90-9a0e-7a7d67fca22a@group-44CFF2683379 is not the leader 094d95bb-124f-4491-a67a-8d0b5b434983:192.168.5.143:43792, logIndex=0, commits[dd774419-39ed-4d90-9a0e-7a7d67fca22a:c11, b48366ef-6f68-46c9-99e7-9871be9f97bc:c10, 094d95bb-124f-4491-a67a-8d0b5b434983:c11]
2019-09-11 07:10:33,334 [java.util.concurrent.ThreadPoolExecutor$Worker@cd5255c[State = -1, empty queue]] WARN  server.GrpcLogAppender (GrpcLogAppender.java:timeoutAppendRequest(200)) - 094d95bb-124f-4491-a67a-8d0b5b434983@group-44CFF2683379->b48366ef-6f68-46c9-99e7-9871be9f97bc-GrpcLogAppender: appendEntries Timeout, request=094d95bb-124f-4491-a67a-8d0b5b434983->b48366ef-6f68-46c9-99e7-9871be9f97bc#114-t1, previous=(t:1, i:17), leaderCommit=11, initializing? false, entries: <empty>
2019-09-11 07:10:33,334 [java.util.concurrent.ThreadPoolExecutor$Worker@21f64e46[State = -1, empty queue]] WARN  server.GrpcLogAppender (GrpcLogAppender.java:timeoutAppendRequest(200)) - 094d95bb-124f-4491-a67a-8d0b5b434983@group-44CFF2683379->dd774419-39ed-4d90-9a0e-7a7d67fca22a-GrpcLogAppender: appendEntries Timeout, request=094d95bb-124f-4491-a67a-8d0b5b434983->dd774419-39ed-4d90-9a0e-7a7d67fca22a#114-t1, previous=(t:1, i:17), leaderCommit=11, initializing? false, entries: <empty>
2019-09-11 07:10:35,153 [grpc-default-executor-5] INFO  impl.RaftServerProxy (RaftServerProxy.java:remove(95)) - cfc25efc-54ed-4d3e-b2b6-13ccffc6d6ca: remove group-EB8FE927FD11:null
2019-09-11 07:10:35,156 [RatisPipelineUtilsThread] WARN  pipeline.RatisPipelineUtils (RatisPipelineUtils.java:destroyPipeline(66)) - Pipeline destroy failed for pipeline=PipelineID=5804794a-73b5-487d-9840-eb8fe927fd11 dn=cfc25efc-54ed-4d3e-b2b6-13ccffc6d6ca{ip: 192.168.5.143, host: pr-hdds-1786-trunk-klbfp-3319181915, networkLocation: /default-rack, certSerialId: null}
2019-09-11 07:10:35,158 [grpc-default-executor-5] INFO  impl.RaftServerProxy (RaftServerProxy.java:remove(95)) - 92412348-7352-40be-aea2-771c347789e7: remove group-EB8FE927FD11:null
2019-09-11 07:10:35,160 [RatisPipelineUtilsThread] WARN  pipeline.RatisPipelineUtils (RatisPipelineUtils.java:destroyPipeline(66)) - Pipeline destroy failed for pipeline=PipelineID=5804794a-73b5-487d-9840-eb8fe927fd11 dn=92412348-7352-40be-aea2-771c347789e7{ip: 192.168.5.143, host: pr-hdds-1786-trunk-klbfp-3319181915, networkLocation: /default-rack, certSerialId: null}
2019-09-11 07:10:35,163 [grpc-default-executor-5] INFO  impl.RaftServerProxy (RaftServerProxy.java:remove(95)) - 76c4c990-655f-4900-b966-affd0bc7639c: remove group-EB8FE927FD11:null
2019-09-11 07:10:35,165 [RatisPipelineUtilsThread] WARN  pipeline.RatisPipelineUtils (RatisPipelineUtils.java:destroyPipeline(66)) - Pipeline destroy failed for pipeline=PipelineID=5804794a-73b5-487d-9840-eb8fe927fd11 dn=76c4c990-655f-4900-b966-affd0bc7639c{ip: 192.168.5.143, host: pr-hdds-1786-trunk-klbfp-3319181915, networkLocation: /default-rack, certSerialId: null}
2019-09-11 07:10:35,165 [RatisPipelineUtilsThread] ERROR pipeline.SCMPipelineManager (Scheduler.java:lambda$schedule$1(70)) - Destroy pipeline failed for pipeline:Pipeline[ Id: 5804794a-73b5-487d-9840-eb8fe927fd11, Nodes: cfc25efc-54ed-4d3e-b2b6-13ccffc6d6ca{ip: 192.168.5.143, host: pr-hdds-1786-trunk-klbfp-3319181915, networkLocation: /default-rack, certSerialId: null}92412348-7352-40be-aea2-771c347789e7{ip: 192.168.5.143, host: pr-hdds-1786-trunk-klbfp-3319181915, networkLocation: /default-rack, certSerialId: null}76c4c990-655f-4900-b966-affd0bc7639c{ip: 192.168.5.143, host: pr-hdds-1786-trunk-klbfp-3319181915, networkLocation: /default-rack, certSerialId: null}, Type:RATIS, Factor:THREE, State:CLOSED]
org.apache.hadoop.hdds.scm.pipeline.PipelineNotFoundException: PipelineID=5804794a-73b5-487d-9840-eb8fe927fd11 not found
	at org.apache.hadoop.hdds.scm.pipeline.PipelineStateMap.getPipeline(PipelineStateMap.java:132)
	at org.apache.hadoop.hdds.scm.pipeline.PipelineStateMap.removePipeline(PipelineStateMap.java:322)
	at org.apache.hadoop.hdds.scm.pipeline.PipelineStateManager.removePipeline(PipelineStateManager.java:107)
	at org.apache.hadoop.hdds.scm.pipeline.SCMPipelineManager.removePipeline(SCMPipelineManager.java:423)
	at org.apache.hadoop.hdds.scm.pipeline.SCMPipelineManager.destroyPipeline(SCMPipelineManager.java:409)
	at org.apache.hadoop.hdds.scm.pipeline.SCMPipelineManager.lambda$finalizeAndDestroyPipeline$0(SCMPipelineManager.java:318)
	at org.apache.hadoop.utils.Scheduler.lambda$schedule$1(Scheduler.java:68)
	at java.util.concurrent.Executors$RunnableAdapter.call(Executors.java:511)
	at java.util.concurrent.FutureTask.run(FutureTask.java:266)
	at java.util.concurrent.ScheduledThreadPoolExecutor$ScheduledFutureTask.access$201(ScheduledThreadPoolExecutor.java:180)
	at java.util.concurrent.ScheduledThreadPoolExecutor$ScheduledFutureTask.run(ScheduledThreadPoolExecutor.java:293)
	at java.util.concurrent.ThreadPoolExecutor.runWorker(ThreadPoolExecutor.java:1149)
	at java.util.concurrent.ThreadPoolExecutor$Worker.run(ThreadPoolExecutor.java:624)
	at java.lang.Thread.run(Thread.java:748)
2019-09-11 07:10:35,834 [java.util.concurrent.ThreadPoolExecutor$Worker@cd5255c[State = -1, empty queue]] WARN  server.GrpcLogAppender (GrpcLogAppender.java:timeoutAppendRequest(200)) - 094d95bb-124f-4491-a67a-8d0b5b434983@group-44CFF2683379->b48366ef-6f68-46c9-99e7-9871be9f97bc-GrpcLogAppender: appendEntries Timeout, request=094d95bb-124f-4491-a67a-8d0b5b434983->b48366ef-6f68-46c9-99e7-9871be9f97bc#115-t1, previous=(t:1, i:17), leaderCommit=11, initializing? false, entries: <empty>
2019-09-11 07:10:35,834 [java.util.concurrent.ThreadPoolExecutor$Worker@21f64e46[State = -1, empty queue]] WARN  server.GrpcLogAppender (GrpcLogAppender.java:timeoutAppendRequest(200)) - 094d95bb-124f-4491-a67a-8d0b5b434983@group-44CFF2683379->dd774419-39ed-4d90-9a0e-7a7d67fca22a-GrpcLogAppender: appendEntries Timeout, request=094d95bb-124f-4491-a67a-8d0b5b434983->dd774419-39ed-4d90-9a0e-7a7d67fca22a#115-t1, previous=(t:1, i:17), leaderCommit=11, initializing? false, entries: <empty>
2019-09-11 07:10:37,153 [grpc-default-executor-1] INFO  impl.RaftServerProxy (RaftServerProxy.java:remove(95)) - cfc25efc-54ed-4d3e-b2b6-13ccffc6d6ca: remove group-EB8FE927FD11:null
2019-09-11 07:10:37,155 [RatisPipelineUtilsThread] WARN  pipeline.RatisPipelineUtils (RatisPipelineUtils.java:destroyPipeline(66)) - Pipeline destroy failed for pipeline=PipelineID=5804794a-73b5-487d-9840-eb8fe927fd11 dn=cfc25efc-54ed-4d3e-b2b6-13ccffc6d6ca{ip: 192.168.5.143, host: pr-hdds-1786-trunk-klbfp-3319181915, networkLocation: /default-rack, certSerialId: null}
2019-09-11 07:10:37,158 [grpc-default-executor-1] INFO  impl.RaftServerProxy (RaftServerProxy.java:remove(95)) - 92412348-7352-40be-aea2-771c347789e7: remove group-EB8FE927FD11:null
2019-09-11 07:10:37,163 [RatisPipelineUtilsThread] WARN  pipeline.RatisPipelineUtils (RatisPipelineUtils.java:destroyPipeline(66)) - Pipeline destroy failed for pipeline=PipelineID=5804794a-73b5-487d-9840-eb8fe927fd11 dn=92412348-7352-40be-aea2-771c347789e7{ip: 192.168.5.143, host: pr-hdds-1786-trunk-klbfp-3319181915, networkLocation: /default-rack, certSerialId: null}
2019-09-11 07:10:37,165 [grpc-default-executor-1] INFO  impl.RaftServerProxy (RaftServerProxy.java:remove(95)) - 76c4c990-655f-4900-b966-affd0bc7639c: remove group-EB8FE927FD11:null
2019-09-11 07:10:37,168 [RatisPipelineUtilsThread] WARN  pipeline.RatisPipelineUtils (RatisPipelineUtils.java:destroyPipeline(66)) - Pipeline destroy failed for pipeline=PipelineID=5804794a-73b5-487d-9840-eb8fe927fd11 dn=76c4c990-655f-4900-b966-affd0bc7639c{ip: 192.168.5.143, host: pr-hdds-1786-trunk-klbfp-3319181915, networkLocation: /default-rack, certSerialId: null}
2019-09-11 07:10:37,168 [RatisPipelineUtilsThread] ERROR pipeline.SCMPipelineManager (Scheduler.java:lambda$schedule$1(70)) - Destroy pipeline failed for pipeline:Pipeline[ Id: 5804794a-73b5-487d-9840-eb8fe927fd11, Nodes: cfc25efc-54ed-4d3e-b2b6-13ccffc6d6ca{ip: 192.168.5.143, host: pr-hdds-1786-trunk-klbfp-3319181915, networkLocation: /default-rack, certSerialId: null}92412348-7352-40be-aea2-771c347789e7{ip: 192.168.5.143, host: pr-hdds-1786-trunk-klbfp-3319181915, networkLocation: /default-rack, certSerialId: null}76c4c990-655f-4900-b966-affd0bc7639c{ip: 192.168.5.143, host: pr-hdds-1786-trunk-klbfp-3319181915, networkLocation: /default-rack, certSerialId: null}, Type:RATIS, Factor:THREE, State:CLOSED]
org.apache.hadoop.hdds.scm.pipeline.PipelineNotFoundException: PipelineID=5804794a-73b5-487d-9840-eb8fe927fd11 not found
	at org.apache.hadoop.hdds.scm.pipeline.PipelineStateMap.getPipeline(PipelineStateMap.java:132)
	at org.apache.hadoop.hdds.scm.pipeline.PipelineStateMap.removePipeline(PipelineStateMap.java:322)
	at org.apache.hadoop.hdds.scm.pipeline.PipelineStateManager.removePipeline(PipelineStateManager.java:107)
	at org.apache.hadoop.hdds.scm.pipeline.SCMPipelineManager.removePipeline(SCMPipelineManager.java:423)
	at org.apache.hadoop.hdds.scm.pipeline.SCMPipelineManager.destroyPipeline(SCMPipelineManager.java:409)
	at org.apache.hadoop.hdds.scm.pipeline.SCMPipelineManager.lambda$finalizeAndDestroyPipeline$0(SCMPipelineManager.java:318)
	at org.apache.hadoop.utils.Scheduler.lambda$schedule$1(Scheduler.java:68)
	at java.util.concurrent.Executors$RunnableAdapter.call(Executors.java:511)
	at java.util.concurrent.FutureTask.run(FutureTask.java:266)
	at java.util.concurrent.ScheduledThreadPoolExecutor$ScheduledFutureTask.access$201(ScheduledThreadPoolExecutor.java:180)
	at java.util.concurrent.ScheduledThreadPoolExecutor$ScheduledFutureTask.run(ScheduledThreadPoolExecutor.java:293)
	at java.util.concurrent.ThreadPoolExecutor.runWorker(ThreadPoolExecutor.java:1149)
	at java.util.concurrent.ThreadPoolExecutor$Worker.run(ThreadPoolExecutor.java:624)
	at java.lang.Thread.run(Thread.java:748)
2019-09-11 07:10:37,828 [b48366ef-6f68-46c9-99e7-9871be9f97bc@group-44CFF2683379-SegmentedRaftLogWorker] WARN  segmented.SegmentedRaftLogWorker (SegmentedRaftLogWorker.java:getFromFuture(90)) - Timeout 5/~
org.apache.ratis.protocol.TimeoutIOException: Timeout 10s: WriteLog:12: (t:1, i:12), STATEMACHINELOGENTRY, client-FA0A0DC8EAE4, cid=30-writeStateMachineData
	at org.apache.ratis.util.IOUtils.getFromFuture(IOUtils.java:87)
	at org.apache.ratis.server.raftlog.segmented.SegmentedRaftLogWorker$StateMachineDataPolicy.getFromFuture(SegmentedRaftLogWorker.java:87)
	at org.apache.ratis.server.raftlog.segmented.SegmentedRaftLogWorker$WriteLog.execute(SegmentedRaftLogWorker.java:477)
	at org.apache.ratis.server.raftlog.segmented.SegmentedRaftLogWorker.run(SegmentedRaftLogWorker.java:289)
	at java.lang.Thread.run(Thread.java:748)
Caused by: java.util.concurrent.TimeoutException
	at java.util.concurrent.CompletableFuture.timedGet(CompletableFuture.java:1771)
	at java.util.concurrent.CompletableFuture.get(CompletableFuture.java:1915)
	at org.apache.ratis.util.IOUtils.getFromFuture(IOUtils.java:79)
	... 4 more
2019-09-11 07:10:38,145 [dd774419-39ed-4d90-9a0e-7a7d67fca22a@group-44CFF2683379-SegmentedRaftLogWorker] WARN  segmented.SegmentedRaftLogWorker (SegmentedRaftLogWorker.java:getFromFuture(90)) - Timeout 5/~
org.apache.ratis.protocol.TimeoutIOException: Timeout 10s: WriteLog:13: (t:1, i:13), STATEMACHINELOGENTRY, client-FA0A0DC8EAE4, cid=31-writeStateMachineData
	at org.apache.ratis.util.IOUtils.getFromFuture(IOUtils.java:87)
	at org.apache.ratis.server.raftlog.segmented.SegmentedRaftLogWorker$StateMachineDataPolicy.getFromFuture(SegmentedRaftLogWorker.java:87)
	at org.apache.ratis.server.raftlog.segmented.SegmentedRaftLogWorker$WriteLog.execute(SegmentedRaftLogWorker.java:477)
	at org.apache.ratis.server.raftlog.segmented.SegmentedRaftLogWorker.run(SegmentedRaftLogWorker.java:289)
	at java.lang.Thread.run(Thread.java:748)
Caused by: java.util.concurrent.TimeoutException
	at java.util.concurrent.CompletableFuture.timedGet(CompletableFuture.java:1771)
	at java.util.concurrent.CompletableFuture.get(CompletableFuture.java:1915)
	at org.apache.ratis.util.IOUtils.getFromFuture(IOUtils.java:79)
	... 4 more
2019-09-11 07:10:38,146 [094d95bb-124f-4491-a67a-8d0b5b434983@group-44CFF2683379-SegmentedRaftLogWorker] WARN  segmented.SegmentedRaftLogWorker (SegmentedRaftLogWorker.java:getFromFuture(90)) - Timeout 5/~
org.apache.ratis.protocol.TimeoutIOException: Timeout 10s: WriteLog:13: (t:1, i:13), STATEMACHINELOGENTRY, client-FA0A0DC8EAE4, cid=31-writeStateMachineData
	at org.apache.ratis.util.IOUtils.getFromFuture(IOUtils.java:87)
	at org.apache.ratis.server.raftlog.segmented.SegmentedRaftLogWorker$StateMachineDataPolicy.getFromFuture(SegmentedRaftLogWorker.java:87)
	at org.apache.ratis.server.raftlog.segmented.SegmentedRaftLogWorker$WriteLog.execute(SegmentedRaftLogWorker.java:477)
	at org.apache.ratis.server.raftlog.segmented.SegmentedRaftLogWorker.run(SegmentedRaftLogWorker.java:289)
	at java.lang.Thread.run(Thread.java:748)
Caused by: java.util.concurrent.TimeoutException
	at java.util.concurrent.CompletableFuture.timedGet(CompletableFuture.java:1771)
	at java.util.concurrent.CompletableFuture.get(CompletableFuture.java:1915)
	at org.apache.ratis.util.IOUtils.getFromFuture(IOUtils.java:79)
	... 4 more
2019-09-11 07:10:38,335 [java.util.concurrent.ThreadPoolExecutor$Worker@21f64e46[State = -1, empty queue]] WARN  server.GrpcLogAppender (GrpcLogAppender.java:timeoutAppendRequest(200)) - 094d95bb-124f-4491-a67a-8d0b5b434983@group-44CFF2683379->dd774419-39ed-4d90-9a0e-7a7d67fca22a-GrpcLogAppender: appendEntries Timeout, request=094d95bb-124f-4491-a67a-8d0b5b434983->dd774419-39ed-4d90-9a0e-7a7d67fca22a#116-t1, previous=(t:1, i:17), leaderCommit=11, initializing? false, entries: <empty>
2019-09-11 07:10:38,335 [java.util.concurrent.ThreadPoolExecutor$Worker@cd5255c[State = -1, empty queue]] WARN  server.GrpcLogAppender (GrpcLogAppender.java:timeoutAppendRequest(200)) - 094d95bb-124f-4491-a67a-8d0b5b434983@group-44CFF2683379->b48366ef-6f68-46c9-99e7-9871be9f97bc-GrpcLogAppender: appendEntries Timeout, request=094d95bb-124f-4491-a67a-8d0b5b434983->b48366ef-6f68-46c9-99e7-9871be9f97bc#116-t1, previous=(t:1, i:17), leaderCommit=11, initializing? false, entries: <empty>
2019-09-11 07:10:38,350 [grpc-default-executor-1] INFO  client.GrpcClientProtocolClient (GrpcClientProtocolClient.java:onNext(264)) - client-FA0A0DC8EAE4->dd774419-39ed-4d90-9a0e-7a7d67fca22a: receive RaftClientReply:client-FA0A0DC8EAE4->dd774419-39ed-4d90-9a0e-7a7d67fca22a@group-44CFF2683379, cid=30, FAILED org.apache.ratis.protocol.NotLeaderException: Server dd774419-39ed-4d90-9a0e-7a7d67fca22a@group-44CFF2683379 is not the leader 094d95bb-124f-4491-a67a-8d0b5b434983:192.168.5.143:43792, logIndex=0, commits[dd774419-39ed-4d90-9a0e-7a7d67fca22a:c11, b48366ef-6f68-46c9-99e7-9871be9f97bc:c10, 094d95bb-124f-4491-a67a-8d0b5b434983:c11]
2019-09-11 07:10:40,172 [grpc-default-executor-5] INFO  impl.RaftServerProxy (RaftServerProxy.java:remove(95)) - cfc25efc-54ed-4d3e-b2b6-13ccffc6d6ca: remove group-EB8FE927FD11:null
2019-09-11 07:10:40,176 [RatisPipelineUtilsThread] WARN  pipeline.RatisPipelineUtils (RatisPipelineUtils.java:destroyPipeline(66)) - Pipeline destroy failed for pipeline=PipelineID=5804794a-73b5-487d-9840-eb8fe927fd11 dn=cfc25efc-54ed-4d3e-b2b6-13ccffc6d6ca{ip: 192.168.5.143, host: pr-hdds-1786-trunk-klbfp-3319181915, networkLocation: /default-rack, certSerialId: null}
2019-09-11 07:10:40,179 [grpc-default-executor-5] INFO  impl.RaftServerProxy (RaftServerProxy.java:remove(95)) - 92412348-7352-40be-aea2-771c347789e7: remove group-EB8FE927FD11:null
2019-09-11 07:10:40,181 [RatisPipelineUtilsThread] WARN  pipeline.RatisPipelineUtils (RatisPipelineUtils.java:destroyPipeline(66)) - Pipeline destroy failed for pipeline=PipelineID=5804794a-73b5-487d-9840-eb8fe927fd11 dn=92412348-7352-40be-aea2-771c347789e7{ip: 192.168.5.143, host: pr-hdds-1786-trunk-klbfp-3319181915, networkLocation: /default-rack, certSerialId: null}
2019-09-11 07:10:40,184 [grpc-default-executor-5] INFO  impl.RaftServerProxy (RaftServerProxy.java:remove(95)) - 76c4c990-655f-4900-b966-affd0bc7639c: remove group-EB8FE927FD11:null
2019-09-11 07:10:40,186 [RatisPipelineUtilsThread] WARN  pipeline.RatisPipelineUtils (RatisPipelineUtils.java:destroyPipeline(66)) - Pipeline destroy failed for pipeline=PipelineID=5804794a-73b5-487d-9840-eb8fe927fd11 dn=76c4c990-655f-4900-b966-affd0bc7639c{ip: 192.168.5.143, host: pr-hdds-1786-trunk-klbfp-3319181915, networkLocation: /default-rack, certSerialId: null}
2019-09-11 07:10:40,186 [RatisPipelineUtilsThread] ERROR pipeline.SCMPipelineManager (Scheduler.java:lambda$schedule$1(70)) - Destroy pipeline failed for pipeline:Pipeline[ Id: 5804794a-73b5-487d-9840-eb8fe927fd11, Nodes: cfc25efc-54ed-4d3e-b2b6-13ccffc6d6ca{ip: 192.168.5.143, host: pr-hdds-1786-trunk-klbfp-3319181915, networkLocation: /default-rack, certSerialId: null}92412348-7352-40be-aea2-771c347789e7{ip: 192.168.5.143, host: pr-hdds-1786-trunk-klbfp-3319181915, networkLocation: /default-rack, certSerialId: null}76c4c990-655f-4900-b966-affd0bc7639c{ip: 192.168.5.143, host: pr-hdds-1786-trunk-klbfp-3319181915, networkLocation: /default-rack, certSerialId: null}, Type:RATIS, Factor:THREE, State:CLOSED]
org.apache.hadoop.hdds.scm.pipeline.PipelineNotFoundException: PipelineID=5804794a-73b5-487d-9840-eb8fe927fd11 not found
	at org.apache.hadoop.hdds.scm.pipeline.PipelineStateMap.getPipeline(PipelineStateMap.java:132)
	at org.apache.hadoop.hdds.scm.pipeline.PipelineStateMap.removePipeline(PipelineStateMap.java:322)
	at org.apache.hadoop.hdds.scm.pipeline.PipelineStateManager.removePipeline(PipelineStateManager.java:107)
	at org.apache.hadoop.hdds.scm.pipeline.SCMPipelineManager.removePipeline(SCMPipelineManager.java:423)
	at org.apache.hadoop.hdds.scm.pipeline.SCMPipelineManager.destroyPipeline(SCMPipelineManager.java:409)
	at org.apache.hadoop.hdds.scm.pipeline.SCMPipelineManager.lambda$finalizeAndDestroyPipeline$0(SCMPipelineManager.java:318)
	at org.apache.hadoop.utils.Scheduler.lambda$schedule$1(Scheduler.java:68)
	at java.util.concurrent.Executors$RunnableAdapter.call(Executors.java:511)
	at java.util.concurrent.FutureTask.run(FutureTask.java:266)
	at java.util.concurrent.ScheduledThreadPoolExecutor$ScheduledFutureTask.access$201(ScheduledThreadPoolExecutor.java:180)
	at java.util.concurrent.ScheduledThreadPoolExecutor$ScheduledFutureTask.run(ScheduledThreadPoolExecutor.java:293)
	at java.util.concurrent.ThreadPoolExecutor.runWorker(ThreadPoolExecutor.java:1149)
	at java.util.concurrent.ThreadPoolExecutor$Worker.run(ThreadPoolExecutor.java:624)
	at java.lang.Thread.run(Thread.java:748)
2019-09-11 07:10:40,836 [java.util.concurrent.ThreadPoolExecutor$Worker@21f64e46[State = -1, empty queue]] WARN  server.GrpcLogAppender (GrpcLogAppender.java:timeoutAppendRequest(200)) - 094d95bb-124f-4491-a67a-8d0b5b434983@group-44CFF2683379->dd774419-39ed-4d90-9a0e-7a7d67fca22a-GrpcLogAppender: appendEntries Timeout, request=094d95bb-124f-4491-a67a-8d0b5b434983->dd774419-39ed-4d90-9a0e-7a7d67fca22a#117-t1, previous=(t:1, i:17), leaderCommit=11, initializing? false, entries: <empty>
2019-09-11 07:10:40,836 [java.util.concurrent.ThreadPoolExecutor$Worker@cd5255c[State = -1, empty queue]] WARN  server.GrpcLogAppender (GrpcLogAppender.java:timeoutAppendRequest(200)) - 094d95bb-124f-4491-a67a-8d0b5b434983@group-44CFF2683379->b48366ef-6f68-46c9-99e7-9871be9f97bc-GrpcLogAppender: appendEntries Timeout, request=094d95bb-124f-4491-a67a-8d0b5b434983->b48366ef-6f68-46c9-99e7-9871be9f97bc#117-t1, previous=(t:1, i:17), leaderCommit=11, initializing? false, entries: <empty>
2019-09-11 07:10:42,171 [grpc-default-executor-1] INFO  impl.RaftServerProxy (RaftServerProxy.java:remove(95)) - cfc25efc-54ed-4d3e-b2b6-13ccffc6d6ca: remove group-EB8FE927FD11:null
2019-09-11 07:10:42,175 [RatisPipelineUtilsThread] WARN  pipeline.RatisPipelineUtils (RatisPipelineUtils.java:destroyPipeline(66)) - Pipeline destroy failed for pipeline=PipelineID=5804794a-73b5-487d-9840-eb8fe927fd11 dn=cfc25efc-54ed-4d3e-b2b6-13ccffc6d6ca{ip: 192.168.5.143, host: pr-hdds-1786-trunk-klbfp-3319181915, networkLocation: /default-rack, certSerialId: null}
2019-09-11 07:10:42,179 [grpc-default-executor-1] INFO  impl.RaftServerProxy (RaftServerProxy.java:remove(95)) - 92412348-7352-40be-aea2-771c347789e7: remove group-EB8FE927FD11:null
2019-09-11 07:10:42,182 [RatisPipelineUtilsThread] WARN  pipeline.RatisPipelineUtils (RatisPipelineUtils.java:destroyPipeline(66)) - Pipeline destroy failed for pipeline=PipelineID=5804794a-73b5-487d-9840-eb8fe927fd11 dn=92412348-7352-40be-aea2-771c347789e7{ip: 192.168.5.143, host: pr-hdds-1786-trunk-klbfp-3319181915, networkLocation: /default-rack, certSerialId: null}
2019-09-11 07:10:42,184 [grpc-default-executor-1] INFO  impl.RaftServerProxy (RaftServerProxy.java:remove(95)) - 76c4c990-655f-4900-b966-affd0bc7639c: remove group-EB8FE927FD11:null
2019-09-11 07:10:42,187 [RatisPipelineUtilsThread] WARN  pipeline.RatisPipelineUtils (RatisPipelineUtils.java:destroyPipeline(66)) - Pipeline destroy failed for pipeline=PipelineID=5804794a-73b5-487d-9840-eb8fe927fd11 dn=76c4c990-655f-4900-b966-affd0bc7639c{ip: 192.168.5.143, host: pr-hdds-1786-trunk-klbfp-3319181915, networkLocation: /default-rack, certSerialId: null}
2019-09-11 07:10:42,187 [RatisPipelineUtilsThread] ERROR pipeline.SCMPipelineManager (Scheduler.java:lambda$schedule$1(70)) - Destroy pipeline failed for pipeline:Pipeline[ Id: 5804794a-73b5-487d-9840-eb8fe927fd11, Nodes: cfc25efc-54ed-4d3e-b2b6-13ccffc6d6ca{ip: 192.168.5.143, host: pr-hdds-1786-trunk-klbfp-3319181915, networkLocation: /default-rack, certSerialId: null}92412348-7352-40be-aea2-771c347789e7{ip: 192.168.5.143, host: pr-hdds-1786-trunk-klbfp-3319181915, networkLocation: /default-rack, certSerialId: null}76c4c990-655f-4900-b966-affd0bc7639c{ip: 192.168.5.143, host: pr-hdds-1786-trunk-klbfp-3319181915, networkLocation: /default-rack, certSerialId: null}, Type:RATIS, Factor:THREE, State:CLOSED]
org.apache.hadoop.hdds.scm.pipeline.PipelineNotFoundException: PipelineID=5804794a-73b5-487d-9840-eb8fe927fd11 not found
	at org.apache.hadoop.hdds.scm.pipeline.PipelineStateMap.getPipeline(PipelineStateMap.java:132)
	at org.apache.hadoop.hdds.scm.pipeline.PipelineStateMap.removePipeline(PipelineStateMap.java:322)
	at org.apache.hadoop.hdds.scm.pipeline.PipelineStateManager.removePipeline(PipelineStateManager.java:107)
	at org.apache.hadoop.hdds.scm.pipeline.SCMPipelineManager.removePipeline(SCMPipelineManager.java:423)
	at org.apache.hadoop.hdds.scm.pipeline.SCMPipelineManager.destroyPipeline(SCMPipelineManager.java:409)
	at org.apache.hadoop.hdds.scm.pipeline.SCMPipelineManager.lambda$finalizeAndDestroyPipeline$0(SCMPipelineManager.java:318)
	at org.apache.hadoop.utils.Scheduler.lambda$schedule$1(Scheduler.java:68)
	at java.util.concurrent.Executors$RunnableAdapter.call(Executors.java:511)
	at java.util.concurrent.FutureTask.run(FutureTask.java:266)
	at java.util.concurrent.ScheduledThreadPoolExecutor$ScheduledFutureTask.access$201(ScheduledThreadPoolExecutor.java:180)
	at java.util.concurrent.ScheduledThreadPoolExecutor$ScheduledFutureTask.run(ScheduledThreadPoolExecutor.java:293)
	at java.util.concurrent.ThreadPoolExecutor.runWorker(ThreadPoolExecutor.java:1149)
	at java.util.concurrent.ThreadPoolExecutor$Worker.run(ThreadPoolExecutor.java:624)
	at java.lang.Thread.run(Thread.java:748)
2019-09-11 07:10:42,300 [grpc-default-executor-1] INFO  impl.RaftServerProxy (RaftServerProxy.java:remove(95)) - cfc25efc-54ed-4d3e-b2b6-13ccffc6d6ca: remove group-EB8FE927FD11:null
2019-09-11 07:10:42,303 [RatisPipelineUtilsThread] WARN  pipeline.RatisPipelineUtils (RatisPipelineUtils.java:destroyPipeline(66)) - Pipeline destroy failed for pipeline=PipelineID=5804794a-73b5-487d-9840-eb8fe927fd11 dn=cfc25efc-54ed-4d3e-b2b6-13ccffc6d6ca{ip: 192.168.5.143, host: pr-hdds-1786-trunk-klbfp-3319181915, networkLocation: /default-rack, certSerialId: null}
2019-09-11 07:10:42,306 [grpc-default-executor-1] INFO  impl.RaftServerProxy (RaftServerProxy.java:remove(95)) - 92412348-7352-40be-aea2-771c347789e7: remove group-EB8FE927FD11:null
2019-09-11 07:10:42,309 [RatisPipelineUtilsThread] WARN  pipeline.RatisPipelineUtils (RatisPipelineUtils.java:destroyPipeline(66)) - Pipeline destroy failed for pipeline=PipelineID=5804794a-73b5-487d-9840-eb8fe927fd11 dn=92412348-7352-40be-aea2-771c347789e7{ip: 192.168.5.143, host: pr-hdds-1786-trunk-klbfp-3319181915, networkLocation: /default-rack, certSerialId: null}
2019-09-11 07:10:42,312 [grpc-default-executor-1] INFO  impl.RaftServerProxy (RaftServerProxy.java:remove(95)) - 76c4c990-655f-4900-b966-affd0bc7639c: remove group-EB8FE927FD11:null
2019-09-11 07:10:42,315 [RatisPipelineUtilsThread] WARN  pipeline.RatisPipelineUtils (RatisPipelineUtils.java:destroyPipeline(66)) - Pipeline destroy failed for pipeline=PipelineID=5804794a-73b5-487d-9840-eb8fe927fd11 dn=76c4c990-655f-4900-b966-affd0bc7639c{ip: 192.168.5.143, host: pr-hdds-1786-trunk-klbfp-3319181915, networkLocation: /default-rack, certSerialId: null}
2019-09-11 07:10:42,315 [RatisPipelineUtilsThread] ERROR pipeline.SCMPipelineManager (Scheduler.java:lambda$schedule$1(70)) - Destroy pipeline failed for pipeline:Pipeline[ Id: 5804794a-73b5-487d-9840-eb8fe927fd11, Nodes: cfc25efc-54ed-4d3e-b2b6-13ccffc6d6ca{ip: 192.168.5.143, host: pr-hdds-1786-trunk-klbfp-3319181915, networkLocation: /default-rack, certSerialId: null}92412348-7352-40be-aea2-771c347789e7{ip: 192.168.5.143, host: pr-hdds-1786-trunk-klbfp-3319181915, networkLocation: /default-rack, certSerialId: null}76c4c990-655f-4900-b966-affd0bc7639c{ip: 192.168.5.143, host: pr-hdds-1786-trunk-klbfp-3319181915, networkLocation: /default-rack, certSerialId: null}, Type:RATIS, Factor:THREE, State:CLOSED]
org.apache.hadoop.hdds.scm.pipeline.PipelineNotFoundException: PipelineID=5804794a-73b5-487d-9840-eb8fe927fd11 not found
	at org.apache.hadoop.hdds.scm.pipeline.PipelineStateMap.getPipeline(PipelineStateMap.java:132)
	at org.apache.hadoop.hdds.scm.pipeline.PipelineStateMap.removePipeline(PipelineStateMap.java:322)
	at org.apache.hadoop.hdds.scm.pipeline.PipelineStateManager.removePipeline(PipelineStateManager.java:107)
	at org.apache.hadoop.hdds.scm.pipeline.SCMPipelineManager.removePipeline(SCMPipelineManager.java:423)
	at org.apache.hadoop.hdds.scm.pipeline.SCMPipelineManager.destroyPipeline(SCMPipelineManager.java:409)
	at org.apache.hadoop.hdds.scm.pipeline.SCMPipelineManager.lambda$finalizeAndDestroyPipeline$0(SCMPipelineManager.java:318)
	at org.apache.hadoop.utils.Scheduler.lambda$schedule$1(Scheduler.java:68)
	at java.util.concurrent.Executors$RunnableAdapter.call(Executors.java:511)
	at java.util.concurrent.FutureTask.run(FutureTask.java:266)
	at java.util.concurrent.ScheduledThreadPoolExecutor$ScheduledFutureTask.access$201(ScheduledThreadPoolExecutor.java:180)
	at java.util.concurrent.ScheduledThreadPoolExecutor$ScheduledFutureTask.run(ScheduledThreadPoolExecutor.java:293)
	at java.util.concurrent.ThreadPoolExecutor.runWorker(ThreadPoolExecutor.java:1149)
	at java.util.concurrent.ThreadPoolExecutor$Worker.run(ThreadPoolExecutor.java:624)
	at java.lang.Thread.run(Thread.java:748)
2019-09-11 07:10:43,128 [grpc-default-executor-1] INFO  impl.RaftServerProxy (RaftServerProxy.java:remove(95)) - cfc25efc-54ed-4d3e-b2b6-13ccffc6d6ca: remove group-EB8FE927FD11:null
2019-09-11 07:10:43,131 [RatisPipelineUtilsThread] WARN  pipeline.RatisPipelineUtils (RatisPipelineUtils.java:destroyPipeline(66)) - Pipeline destroy failed for pipeline=PipelineID=5804794a-73b5-487d-9840-eb8fe927fd11 dn=cfc25efc-54ed-4d3e-b2b6-13ccffc6d6ca{ip: 192.168.5.143, host: pr-hdds-1786-trunk-klbfp-3319181915, networkLocation: /default-rack, certSerialId: null}
2019-09-11 07:10:43,134 [grpc-default-executor-1] INFO  impl.RaftServerProxy (RaftServerProxy.java:remove(95)) - 92412348-7352-40be-aea2-771c347789e7: remove group-EB8FE927FD11:null
2019-09-11 07:10:43,137 [RatisPipelineUtilsThread] WARN  pipeline.RatisPipelineUtils (RatisPipelineUtils.java:destroyPipeline(66)) - Pipeline destroy failed for pipeline=PipelineID=5804794a-73b5-487d-9840-eb8fe927fd11 dn=92412348-7352-40be-aea2-771c347789e7{ip: 192.168.5.143, host: pr-hdds-1786-trunk-klbfp-3319181915, networkLocation: /default-rack, certSerialId: null}
2019-09-11 07:10:43,143 [grpc-default-executor-1] INFO  impl.RaftServerProxy (RaftServerProxy.java:remove(95)) - 76c4c990-655f-4900-b966-affd0bc7639c: remove group-EB8FE927FD11:null
2019-09-11 07:10:43,147 [RatisPipelineUtilsThread] WARN  pipeline.RatisPipelineUtils (RatisPipelineUtils.java:destroyPipeline(66)) - Pipeline destroy failed for pipeline=PipelineID=5804794a-73b5-487d-9840-eb8fe927fd11 dn=76c4c990-655f-4900-b966-affd0bc7639c{ip: 192.168.5.143, host: pr-hdds-1786-trunk-klbfp-3319181915, networkLocation: /default-rack, certSerialId: null}
2019-09-11 07:10:43,147 [RatisPipelineUtilsThread] ERROR pipeline.SCMPipelineManager (Scheduler.java:lambda$schedule$1(70)) - Destroy pipeline failed for pipeline:Pipeline[ Id: 5804794a-73b5-487d-9840-eb8fe927fd11, Nodes: cfc25efc-54ed-4d3e-b2b6-13ccffc6d6ca{ip: 192.168.5.143, host: pr-hdds-1786-trunk-klbfp-3319181915, networkLocation: /default-rack, certSerialId: null}92412348-7352-40be-aea2-771c347789e7{ip: 192.168.5.143, host: pr-hdds-1786-trunk-klbfp-3319181915, networkLocation: /default-rack, certSerialId: null}76c4c990-655f-4900-b966-affd0bc7639c{ip: 192.168.5.143, host: pr-hdds-1786-trunk-klbfp-3319181915, networkLocation: /default-rack, certSerialId: null}, Type:RATIS, Factor:THREE, State:CLOSED]
org.apache.hadoop.hdds.scm.pipeline.PipelineNotFoundException: PipelineID=5804794a-73b5-487d-9840-eb8fe927fd11 not found
	at org.apache.hadoop.hdds.scm.pipeline.PipelineStateMap.getPipeline(PipelineStateMap.java:132)
	at org.apache.hadoop.hdds.scm.pipeline.PipelineStateMap.removePipeline(PipelineStateMap.java:322)
	at org.apache.hadoop.hdds.scm.pipeline.PipelineStateManager.removePipeline(PipelineStateManager.java:107)
	at org.apache.hadoop.hdds.scm.pipeline.SCMPipelineManager.removePipeline(SCMPipelineManager.java:423)
	at org.apache.hadoop.hdds.scm.pipeline.SCMPipelineManager.destroyPipeline(SCMPipelineManager.java:409)
	at org.apache.hadoop.hdds.scm.pipeline.SCMPipelineManager.lambda$finalizeAndDestroyPipeline$0(SCMPipelineManager.java:318)
	at org.apache.hadoop.utils.Scheduler.lambda$schedule$1(Scheduler.java:68)
	at java.util.concurrent.Executors$RunnableAdapter.call(Executors.java:511)
	at java.util.concurrent.FutureTask.run(FutureTask.java:266)
	at java.util.concurrent.ScheduledThreadPoolExecutor$ScheduledFutureTask.access$201(ScheduledThreadPoolExecutor.java:180)
	at java.util.concurrent.ScheduledThreadPoolExecutor$ScheduledFutureTask.run(ScheduledThreadPoolExecutor.java:293)
	at java.util.concurrent.ThreadPoolExecutor.runWorker(ThreadPoolExecutor.java:1149)
	at java.util.concurrent.ThreadPoolExecutor$Worker.run(ThreadPoolExecutor.java:624)
	at java.lang.Thread.run(Thread.java:748)
2019-09-11 07:10:43,337 [java.util.concurrent.ThreadPoolExecutor$Worker@cd5255c[State = -1, empty queue]] WARN  server.GrpcLogAppender (GrpcLogAppender.java:timeoutAppendRequest(200)) - 094d95bb-124f-4491-a67a-8d0b5b434983@group-44CFF2683379->b48366ef-6f68-46c9-99e7-9871be9f97bc-GrpcLogAppender: appendEntries Timeout, request=094d95bb-124f-4491-a67a-8d0b5b434983->b48366ef-6f68-46c9-99e7-9871be9f97bc#118-t1, previous=(t:1, i:17), leaderCommit=11, initializing? false, entries: <empty>
2019-09-11 07:10:43,337 [java.util.concurrent.ThreadPoolExecutor$Worker@21f64e46[State = -1, empty queue]] WARN  server.GrpcLogAppender (GrpcLogAppender.java:timeoutAppendRequest(200)) - 094d95bb-124f-4491-a67a-8d0b5b434983@group-44CFF2683379->dd774419-39ed-4d90-9a0e-7a7d67fca22a-GrpcLogAppender: appendEntries Timeout, request=094d95bb-124f-4491-a67a-8d0b5b434983->dd774419-39ed-4d90-9a0e-7a7d67fca22a#118-t1, previous=(t:1, i:17), leaderCommit=11, initializing? false, entries: <empty>
2019-09-11 07:10:43,395 [grpc-default-executor-1] INFO  client.GrpcClientProtocolClient (GrpcClientProtocolClient.java:onNext(264)) - client-FA0A0DC8EAE4->b48366ef-6f68-46c9-99e7-9871be9f97bc: receive RaftClientReply:client-FA0A0DC8EAE4->b48366ef-6f68-46c9-99e7-9871be9f97bc@group-44CFF2683379, cid=30, FAILED org.apache.ratis.protocol.NotLeaderException: Server b48366ef-6f68-46c9-99e7-9871be9f97bc@group-44CFF2683379 is not the leader 094d95bb-124f-4491-a67a-8d0b5b434983:192.168.5.143:43792, logIndex=0, commits[b48366ef-6f68-46c9-99e7-9871be9f97bc:c11, dd774419-39ed-4d90-9a0e-7a7d67fca22a:c10, 094d95bb-124f-4491-a67a-8d0b5b434983:c11]
2019-09-11 07:10:43,470 [grpc-default-executor-5] INFO  impl.RaftServerProxy (RaftServerProxy.java:remove(95)) - cfc25efc-54ed-4d3e-b2b6-13ccffc6d6ca: remove group-EB8FE927FD11:null
2019-09-11 07:10:43,472 [RatisPipelineUtilsThread] WARN  pipeline.RatisPipelineUtils (RatisPipelineUtils.java:destroyPipeline(66)) - Pipeline destroy failed for pipeline=PipelineID=5804794a-73b5-487d-9840-eb8fe927fd11 dn=cfc25efc-54ed-4d3e-b2b6-13ccffc6d6ca{ip: 192.168.5.143, host: pr-hdds-1786-trunk-klbfp-3319181915, networkLocation: /default-rack, certSerialId: null}
2019-09-11 07:10:43,475 [grpc-default-executor-5] INFO  impl.RaftServerProxy (RaftServerProxy.java:remove(95)) - 92412348-7352-40be-aea2-771c347789e7: remove group-EB8FE927FD11:null
2019-09-11 07:10:43,477 [RatisPipelineUtilsThread] WARN  pipeline.RatisPipelineUtils (RatisPipelineUtils.java:destroyPipeline(66)) - Pipeline destroy failed for pipeline=PipelineID=5804794a-73b5-487d-9840-eb8fe927fd11 dn=92412348-7352-40be-aea2-771c347789e7{ip: 192.168.5.143, host: pr-hdds-1786-trunk-klbfp-3319181915, networkLocation: /default-rack, certSerialId: null}
2019-09-11 07:10:43,479 [grpc-default-executor-5] INFO  impl.RaftServerProxy (RaftServerProxy.java:remove(95)) - 76c4c990-655f-4900-b966-affd0bc7639c: remove group-EB8FE927FD11:null
2019-09-11 07:10:43,481 [RatisPipelineUtilsThread] WARN  pipeline.RatisPipelineUtils (RatisPipelineUtils.java:destroyPipeline(66)) - Pipeline destroy failed for pipeline=PipelineID=5804794a-73b5-487d-9840-eb8fe927fd11 dn=76c4c990-655f-4900-b966-affd0bc7639c{ip: 192.168.5.143, host: pr-hdds-1786-trunk-klbfp-3319181915, networkLocation: /default-rack, certSerialId: null}
2019-09-11 07:10:43,481 [RatisPipelineUtilsThread] ERROR pipeline.SCMPipelineManager (Scheduler.java:lambda$schedule$1(70)) - Destroy pipeline failed for pipeline:Pipeline[ Id: 5804794a-73b5-487d-9840-eb8fe927fd11, Nodes: cfc25efc-54ed-4d3e-b2b6-13ccffc6d6ca{ip: 192.168.5.143, host: pr-hdds-1786-trunk-klbfp-3319181915, networkLocation: /default-rack, certSerialId: null}92412348-7352-40be-aea2-771c347789e7{ip: 192.168.5.143, host: pr-hdds-1786-trunk-klbfp-3319181915, networkLocation: /default-rack, certSerialId: null}76c4c990-655f-4900-b966-affd0bc7639c{ip: 192.168.5.143, host: pr-hdds-1786-trunk-klbfp-3319181915, networkLocation: /default-rack, certSerialId: null}, Type:RATIS, Factor:THREE, State:CLOSED]
org.apache.hadoop.hdds.scm.pipeline.PipelineNotFoundException: PipelineID=5804794a-73b5-487d-9840-eb8fe927fd11 not found
	at org.apache.hadoop.hdds.scm.pipeline.PipelineStateMap.getPipeline(PipelineStateMap.java:132)
	at org.apache.hadoop.hdds.scm.pipeline.PipelineStateMap.removePipeline(PipelineStateMap.java:322)
	at org.apache.hadoop.hdds.scm.pipeline.PipelineStateManager.removePipeline(PipelineStateManager.java:107)
	at org.apache.hadoop.hdds.scm.pipeline.SCMPipelineManager.removePipeline(SCMPipelineManager.java:423)
	at org.apache.hadoop.hdds.scm.pipeline.SCMPipelineManager.destroyPipeline(SCMPipelineManager.java:409)
	at org.apache.hadoop.hdds.scm.pipeline.SCMPipelineManager.lambda$finalizeAndDestroyPipeline$0(SCMPipelineManager.java:318)
	at org.apache.hadoop.utils.Scheduler.lambda$schedule$1(Scheduler.java:68)
	at java.util.concurrent.Executors$RunnableAdapter.call(Executors.java:511)
	at java.util.concurrent.FutureTask.run(FutureTask.java:266)
	at java.util.concurrent.ScheduledThreadPoolExecutor$ScheduledFutureTask.access$201(ScheduledThreadPoolExecutor.java:180)
	at java.util.concurrent.ScheduledThreadPoolExecutor$ScheduledFutureTask.run(ScheduledThreadPoolExecutor.java:293)
	at java.util.concurrent.ThreadPoolExecutor.runWorker(ThreadPoolExecutor.java:1149)
	at java.util.concurrent.ThreadPoolExecutor$Worker.run(ThreadPoolExecutor.java:624)
	at java.lang.Thread.run(Thread.java:748)
2019-09-11 07:10:45,837 [java.util.concurrent.ThreadPoolExecutor$Worker@21f64e46[State = -1, empty queue]] WARN  server.GrpcLogAppender (GrpcLogAppender.java:timeoutAppendRequest(200)) - 094d95bb-124f-4491-a67a-8d0b5b434983@group-44CFF2683379->dd774419-39ed-4d90-9a0e-7a7d67fca22a-GrpcLogAppender: appendEntries Timeout, request=094d95bb-124f-4491-a67a-8d0b5b434983->dd774419-39ed-4d90-9a0e-7a7d67fca22a#119-t1, previous=(t:1, i:17), leaderCommit=11, initializing? false, entries: <empty>
2019-09-11 07:10:45,837 [java.util.concurrent.ThreadPoolExecutor$Worker@cd5255c[State = -1, empty queue]] WARN  server.GrpcLogAppender (GrpcLogAppender.java:timeoutAppendRequest(200)) - 094d95bb-124f-4491-a67a-8d0b5b434983@group-44CFF2683379->b48366ef-6f68-46c9-99e7-9871be9f97bc-GrpcLogAppender: appendEntries Timeout, request=094d95bb-124f-4491-a67a-8d0b5b434983->b48366ef-6f68-46c9-99e7-9871be9f97bc#119-t1, previous=(t:1, i:17), leaderCommit=11, initializing? false, entries: <empty>
2019-09-11 07:10:47,829 [b48366ef-6f68-46c9-99e7-9871be9f97bc@group-44CFF2683379-SegmentedRaftLogWorker] WARN  segmented.SegmentedRaftLogWorker (SegmentedRaftLogWorker.java:getFromFuture(90)) - Timeout 6/~
org.apache.ratis.protocol.TimeoutIOException: Timeout 10s: WriteLog:12: (t:1, i:12), STATEMACHINELOGENTRY, client-FA0A0DC8EAE4, cid=30-writeStateMachineData
	at org.apache.ratis.util.IOUtils.getFromFuture(IOUtils.java:87)
	at org.apache.ratis.server.raftlog.segmented.SegmentedRaftLogWorker$StateMachineDataPolicy.getFromFuture(SegmentedRaftLogWorker.java:87)
	at org.apache.ratis.server.raftlog.segmented.SegmentedRaftLogWorker$WriteLog.execute(SegmentedRaftLogWorker.java:477)
	at org.apache.ratis.server.raftlog.segmented.SegmentedRaftLogWorker.run(SegmentedRaftLogWorker.java:289)
	at java.lang.Thread.run(Thread.java:748)
Caused by: java.util.concurrent.TimeoutException
	at java.util.concurrent.CompletableFuture.timedGet(CompletableFuture.java:1771)
	at java.util.concurrent.CompletableFuture.get(CompletableFuture.java:1915)
	at org.apache.ratis.util.IOUtils.getFromFuture(IOUtils.java:79)
	... 4 more
2019-09-11 07:10:48,146 [dd774419-39ed-4d90-9a0e-7a7d67fca22a@group-44CFF2683379-SegmentedRaftLogWorker] WARN  segmented.SegmentedRaftLogWorker (SegmentedRaftLogWorker.java:getFromFuture(90)) - Timeout 6/~
org.apache.ratis.protocol.TimeoutIOException: Timeout 10s: WriteLog:13: (t:1, i:13), STATEMACHINELOGENTRY, client-FA0A0DC8EAE4, cid=31-writeStateMachineData
	at org.apache.ratis.util.IOUtils.getFromFuture(IOUtils.java:87)
	at org.apache.ratis.server.raftlog.segmented.SegmentedRaftLogWorker$StateMachineDataPolicy.getFromFuture(SegmentedRaftLogWorker.java:87)
	at org.apache.ratis.server.raftlog.segmented.SegmentedRaftLogWorker$WriteLog.execute(SegmentedRaftLogWorker.java:477)
	at org.apache.ratis.server.raftlog.segmented.SegmentedRaftLogWorker.run(SegmentedRaftLogWorker.java:289)
	at java.lang.Thread.run(Thread.java:748)
Caused by: java.util.concurrent.TimeoutException
	at java.util.concurrent.CompletableFuture.timedGet(CompletableFuture.java:1771)
	at java.util.concurrent.CompletableFuture.get(CompletableFuture.java:1915)
	at org.apache.ratis.util.IOUtils.getFromFuture(IOUtils.java:79)
	... 4 more
2019-09-11 07:10:48,167 [094d95bb-124f-4491-a67a-8d0b5b434983@group-44CFF2683379-SegmentedRaftLogWorker] WARN  segmented.SegmentedRaftLogWorker (SegmentedRaftLogWorker.java:getFromFuture(90)) - Timeout 6/~
org.apache.ratis.protocol.TimeoutIOException: Timeout 10s: WriteLog:13: (t:1, i:13), STATEMACHINELOGENTRY, client-FA0A0DC8EAE4, cid=31-writeStateMachineData
	at org.apache.ratis.util.IOUtils.getFromFuture(IOUtils.java:87)
	at org.apache.ratis.server.raftlog.segmented.SegmentedRaftLogWorker$StateMachineDataPolicy.getFromFuture(SegmentedRaftLogWorker.java:87)
	at org.apache.ratis.server.raftlog.segmented.SegmentedRaftLogWorker$WriteLog.execute(SegmentedRaftLogWorker.java:477)
	at org.apache.ratis.server.raftlog.segmented.SegmentedRaftLogWorker.run(SegmentedRaftLogWorker.java:289)
	at java.lang.Thread.run(Thread.java:748)
Caused by: java.util.concurrent.TimeoutException
	at java.util.concurrent.CompletableFuture.timedGet(CompletableFuture.java:1771)
	at java.util.concurrent.CompletableFuture.get(CompletableFuture.java:1915)
	at org.apache.ratis.util.IOUtils.getFromFuture(IOUtils.java:79)
	... 4 more
2019-09-11 07:10:48,339 [java.util.concurrent.ThreadPoolExecutor$Worker@21f64e46[State = -1, empty queue]] WARN  server.GrpcLogAppender (GrpcLogAppender.java:timeoutAppendRequest(200)) - 094d95bb-124f-4491-a67a-8d0b5b434983@group-44CFF2683379->dd774419-39ed-4d90-9a0e-7a7d67fca22a-GrpcLogAppender: appendEntries Timeout, request=094d95bb-124f-4491-a67a-8d0b5b434983->dd774419-39ed-4d90-9a0e-7a7d67fca22a#120-t1, previous=(t:1, i:17), leaderCommit=11, initializing? false, entries: <empty>
2019-09-11 07:10:48,339 [java.util.concurrent.ThreadPoolExecutor$Worker@cd5255c[State = -1, empty queue]] WARN  server.GrpcLogAppender (GrpcLogAppender.java:timeoutAppendRequest(200)) - 094d95bb-124f-4491-a67a-8d0b5b434983@group-44CFF2683379->b48366ef-6f68-46c9-99e7-9871be9f97bc-GrpcLogAppender: appendEntries Timeout, request=094d95bb-124f-4491-a67a-8d0b5b434983->b48366ef-6f68-46c9-99e7-9871be9f97bc#120-t1, previous=(t:1, i:17), leaderCommit=11, initializing? false, entries: <empty>
2019-09-11 07:10:48,467 [grpc-default-executor-1] INFO  client.GrpcClientProtocolClient (GrpcClientProtocolClient.java:onNext(264)) - client-FA0A0DC8EAE4->b48366ef-6f68-46c9-99e7-9871be9f97bc: receive RaftClientReply:client-FA0A0DC8EAE4->b48366ef-6f68-46c9-99e7-9871be9f97bc@group-44CFF2683379, cid=30, FAILED org.apache.ratis.protocol.NotLeaderException: Server b48366ef-6f68-46c9-99e7-9871be9f97bc@group-44CFF2683379 is not the leader 094d95bb-124f-4491-a67a-8d0b5b434983:192.168.5.143:43792, logIndex=0, commits[b48366ef-6f68-46c9-99e7-9871be9f97bc:c11, dd774419-39ed-4d90-9a0e-7a7d67fca22a:c10, 094d95bb-124f-4491-a67a-8d0b5b434983:c11]
2019-09-11 07:10:50,839 [java.util.concurrent.ThreadPoolExecutor$Worker@cd5255c[State = -1, empty queue]] WARN  server.GrpcLogAppender (GrpcLogAppender.java:timeoutAppendRequest(200)) - 094d95bb-124f-4491-a67a-8d0b5b434983@group-44CFF2683379->b48366ef-6f68-46c9-99e7-9871be9f97bc-GrpcLogAppender: appendEntries Timeout, request=094d95bb-124f-4491-a67a-8d0b5b434983->b48366ef-6f68-46c9-99e7-9871be9f97bc#121-t1, previous=(t:1, i:17), leaderCommit=11, initializing? false, entries: <empty>
2019-09-11 07:10:50,839 [java.util.concurrent.ThreadPoolExecutor$Worker@21f64e46[State = -1, empty queue]] WARN  server.GrpcLogAppender (GrpcLogAppender.java:timeoutAppendRequest(200)) - 094d95bb-124f-4491-a67a-8d0b5b434983@group-44CFF2683379->dd774419-39ed-4d90-9a0e-7a7d67fca22a-GrpcLogAppender: appendEntries Timeout, request=094d95bb-124f-4491-a67a-8d0b5b434983->dd774419-39ed-4d90-9a0e-7a7d67fca22a#121-t1, previous=(t:1, i:17), leaderCommit=11, initializing? false, entries: <empty>
2019-09-11 07:10:53,340 [java.util.concurrent.ThreadPoolExecutor$Worker@cd5255c[State = -1, empty queue]] WARN  server.GrpcLogAppender (GrpcLogAppender.java:timeoutAppendRequest(200)) - 094d95bb-124f-4491-a67a-8d0b5b434983@group-44CFF2683379->b48366ef-6f68-46c9-99e7-9871be9f97bc-GrpcLogAppender: appendEntries Timeout, request=094d95bb-124f-4491-a67a-8d0b5b434983->b48366ef-6f68-46c9-99e7-9871be9f97bc#122-t1, previous=(t:1, i:17), leaderCommit=11, initializing? false, entries: <empty>
2019-09-11 07:10:53,340 [java.util.concurrent.ThreadPoolExecutor$Worker@21f64e46[State = -1, empty queue]] WARN  server.GrpcLogAppender (GrpcLogAppender.java:timeoutAppendRequest(200)) - 094d95bb-124f-4491-a67a-8d0b5b434983@group-44CFF2683379->dd774419-39ed-4d90-9a0e-7a7d67fca22a-GrpcLogAppender: appendEntries Timeout, request=094d95bb-124f-4491-a67a-8d0b5b434983->dd774419-39ed-4d90-9a0e-7a7d67fca22a#122-t1, previous=(t:1, i:17), leaderCommit=11, initializing? false, entries: <empty>
2019-09-11 07:10:53,519 [grpc-default-executor-1] INFO  client.GrpcClientProtocolClient (GrpcClientProtocolClient.java:onNext(264)) - client-FA0A0DC8EAE4->dd774419-39ed-4d90-9a0e-7a7d67fca22a: receive RaftClientReply:client-FA0A0DC8EAE4->dd774419-39ed-4d90-9a0e-7a7d67fca22a@group-44CFF2683379, cid=30, FAILED org.apache.ratis.protocol.NotLeaderException: Server dd774419-39ed-4d90-9a0e-7a7d67fca22a@group-44CFF2683379 is not the leader 094d95bb-124f-4491-a67a-8d0b5b434983:192.168.5.143:43792, logIndex=0, commits[dd774419-39ed-4d90-9a0e-7a7d67fca22a:c11, b48366ef-6f68-46c9-99e7-9871be9f97bc:c10, 094d95bb-124f-4491-a67a-8d0b5b434983:c11]
2019-09-11 07:10:55,841 [java.util.concurrent.ThreadPoolExecutor$Worker@cd5255c[State = -1, empty queue]] WARN  server.GrpcLogAppender (GrpcLogAppender.java:timeoutAppendRequest(200)) - 094d95bb-124f-4491-a67a-8d0b5b434983@group-44CFF2683379->b48366ef-6f68-46c9-99e7-9871be9f97bc-GrpcLogAppender: appendEntries Timeout, request=094d95bb-124f-4491-a67a-8d0b5b434983->b48366ef-6f68-46c9-99e7-9871be9f97bc#123-t1, previous=(t:1, i:17), leaderCommit=11, initializing? false, entries: <empty>
2019-09-11 07:10:55,841 [java.util.concurrent.ThreadPoolExecutor$Worker@21f64e46[State = -1, empty queue]] WARN  server.GrpcLogAppender (GrpcLogAppender.java:timeoutAppendRequest(200)) - 094d95bb-124f-4491-a67a-8d0b5b434983@group-44CFF2683379->dd774419-39ed-4d90-9a0e-7a7d67fca22a-GrpcLogAppender: appendEntries Timeout, request=094d95bb-124f-4491-a67a-8d0b5b434983->dd774419-39ed-4d90-9a0e-7a7d67fca22a#123-t1, previous=(t:1, i:17), leaderCommit=11, initializing? false, entries: <empty>
2019-09-11 07:10:57,831 [b48366ef-6f68-46c9-99e7-9871be9f97bc@group-44CFF2683379-SegmentedRaftLogWorker] WARN  segmented.SegmentedRaftLogWorker (SegmentedRaftLogWorker.java:getFromFuture(90)) - Timeout 7/~
org.apache.ratis.protocol.TimeoutIOException: Timeout 10s: WriteLog:12: (t:1, i:12), STATEMACHINELOGENTRY, client-FA0A0DC8EAE4, cid=30-writeStateMachineData
	at org.apache.ratis.util.IOUtils.getFromFuture(IOUtils.java:87)
	at org.apache.ratis.server.raftlog.segmented.SegmentedRaftLogWorker$StateMachineDataPolicy.getFromFuture(SegmentedRaftLogWorker.java:87)
	at org.apache.ratis.server.raftlog.segmented.SegmentedRaftLogWorker$WriteLog.execute(SegmentedRaftLogWorker.java:477)
	at org.apache.ratis.server.raftlog.segmented.SegmentedRaftLogWorker.run(SegmentedRaftLogWorker.java:289)
	at java.lang.Thread.run(Thread.java:748)
Caused by: java.util.concurrent.TimeoutException
	at java.util.concurrent.CompletableFuture.timedGet(CompletableFuture.java:1771)
	at java.util.concurrent.CompletableFuture.get(CompletableFuture.java:1915)
	at org.apache.ratis.util.IOUtils.getFromFuture(IOUtils.java:79)
	... 4 more
2019-09-11 07:10:58,167 [dd774419-39ed-4d90-9a0e-7a7d67fca22a@group-44CFF2683379-SegmentedRaftLogWorker] WARN  segmented.SegmentedRaftLogWorker (SegmentedRaftLogWorker.java:getFromFuture(90)) - Timeout 7/~
org.apache.ratis.protocol.TimeoutIOException: Timeout 10s: WriteLog:13: (t:1, i:13), STATEMACHINELOGENTRY, client-FA0A0DC8EAE4, cid=31-writeStateMachineData
	at org.apache.ratis.util.IOUtils.getFromFuture(IOUtils.java:87)
	at org.apache.ratis.server.raftlog.segmented.SegmentedRaftLogWorker$StateMachineDataPolicy.getFromFuture(SegmentedRaftLogWorker.java:87)
	at org.apache.ratis.server.raftlog.segmented.SegmentedRaftLogWorker$WriteLog.execute(SegmentedRaftLogWorker.java:477)
	at org.apache.ratis.server.raftlog.segmented.SegmentedRaftLogWorker.run(SegmentedRaftLogWorker.java:289)
	at java.lang.Thread.run(Thread.java:748)
Caused by: java.util.concurrent.TimeoutException
	at java.util.concurrent.CompletableFuture.timedGet(CompletableFuture.java:1771)
	at java.util.concurrent.CompletableFuture.get(CompletableFuture.java:1915)
	at org.apache.ratis.util.IOUtils.getFromFuture(IOUtils.java:79)
	... 4 more
2019-09-11 07:10:58,168 [094d95bb-124f-4491-a67a-8d0b5b434983@group-44CFF2683379-SegmentedRaftLogWorker] WARN  segmented.SegmentedRaftLogWorker (SegmentedRaftLogWorker.java:getFromFuture(90)) - Timeout 7/~
org.apache.ratis.protocol.TimeoutIOException: Timeout 10s: WriteLog:13: (t:1, i:13), STATEMACHINELOGENTRY, client-FA0A0DC8EAE4, cid=31-writeStateMachineData
	at org.apache.ratis.util.IOUtils.getFromFuture(IOUtils.java:87)
	at org.apache.ratis.server.raftlog.segmented.SegmentedRaftLogWorker$StateMachineDataPolicy.getFromFuture(SegmentedRaftLogWorker.java:87)
	at org.apache.ratis.server.raftlog.segmented.SegmentedRaftLogWorker$WriteLog.execute(SegmentedRaftLogWorker.java:477)
	at org.apache.ratis.server.raftlog.segmented.SegmentedRaftLogWorker.run(SegmentedRaftLogWorker.java:289)
	at java.lang.Thread.run(Thread.java:748)
Caused by: java.util.concurrent.TimeoutException
	at java.util.concurrent.CompletableFuture.timedGet(CompletableFuture.java:1771)
	at java.util.concurrent.CompletableFuture.get(CompletableFuture.java:1915)
	at org.apache.ratis.util.IOUtils.getFromFuture(IOUtils.java:79)
	... 4 more
2019-09-11 07:10:58,342 [java.util.concurrent.ThreadPoolExecutor$Worker@cd5255c[State = -1, empty queue]] WARN  server.GrpcLogAppender (GrpcLogAppender.java:timeoutAppendRequest(200)) - 094d95bb-124f-4491-a67a-8d0b5b434983@group-44CFF2683379->b48366ef-6f68-46c9-99e7-9871be9f97bc-GrpcLogAppender: appendEntries Timeout, request=094d95bb-124f-4491-a67a-8d0b5b434983->b48366ef-6f68-46c9-99e7-9871be9f97bc#124-t1, previous=(t:1, i:17), leaderCommit=11, initializing? false, entries: <empty>
2019-09-11 07:10:58,342 [java.util.concurrent.ThreadPoolExecutor$Worker@21f64e46[State = -1, empty queue]] WARN  server.GrpcLogAppender (GrpcLogAppender.java:timeoutAppendRequest(200)) - 094d95bb-124f-4491-a67a-8d0b5b434983@group-44CFF2683379->dd774419-39ed-4d90-9a0e-7a7d67fca22a-GrpcLogAppender: appendEntries Timeout, request=094d95bb-124f-4491-a67a-8d0b5b434983->dd774419-39ed-4d90-9a0e-7a7d67fca22a#124-t1, previous=(t:1, i:17), leaderCommit=11, initializing? false, entries: <empty>
2019-09-11 07:10:58,592 [grpc-default-executor-1] INFO  client.GrpcClientProtocolClient (GrpcClientProtocolClient.java:onNext(264)) - client-FA0A0DC8EAE4->dd774419-39ed-4d90-9a0e-7a7d67fca22a: receive RaftClientReply:client-FA0A0DC8EAE4->dd774419-39ed-4d90-9a0e-7a7d67fca22a@group-44CFF2683379, cid=30, FAILED org.apache.ratis.protocol.NotLeaderException: Server dd774419-39ed-4d90-9a0e-7a7d67fca22a@group-44CFF2683379 is not the leader 094d95bb-124f-4491-a67a-8d0b5b434983:192.168.5.143:43792, logIndex=0, commits[dd774419-39ed-4d90-9a0e-7a7d67fca22a:c11, b48366ef-6f68-46c9-99e7-9871be9f97bc:c10, 094d95bb-124f-4491-a67a-8d0b5b434983:c11]
2019-09-11 07:11:00,842 [java.util.concurrent.ThreadPoolExecutor$Worker@cd5255c[State = -1, empty queue]] WARN  server.GrpcLogAppender (GrpcLogAppender.java:timeoutAppendRequest(200)) - 094d95bb-124f-4491-a67a-8d0b5b434983@group-44CFF2683379->b48366ef-6f68-46c9-99e7-9871be9f97bc-GrpcLogAppender: appendEntries Timeout, request=094d95bb-124f-4491-a67a-8d0b5b434983->b48366ef-6f68-46c9-99e7-9871be9f97bc#125-t1, previous=(t:1, i:17), leaderCommit=11, initializing? false, entries: <empty>
2019-09-11 07:11:00,842 [java.util.concurrent.ThreadPoolExecutor$Worker@21f64e46[State = -1, empty queue]] WARN  server.GrpcLogAppender (GrpcLogAppender.java:timeoutAppendRequest(200)) - 094d95bb-124f-4491-a67a-8d0b5b434983@group-44CFF2683379->dd774419-39ed-4d90-9a0e-7a7d67fca22a-GrpcLogAppender: appendEntries Timeout, request=094d95bb-124f-4491-a67a-8d0b5b434983->dd774419-39ed-4d90-9a0e-7a7d67fca22a#125-t1, previous=(t:1, i:17), leaderCommit=11, initializing? false, entries: <empty>
2019-09-11 07:11:03,343 [java.util.concurrent.ThreadPoolExecutor$Worker@cd5255c[State = -1, empty queue]] WARN  server.GrpcLogAppender (GrpcLogAppender.java:timeoutAppendRequest(200)) - 094d95bb-124f-4491-a67a-8d0b5b434983@group-44CFF2683379->b48366ef-6f68-46c9-99e7-9871be9f97bc-GrpcLogAppender: appendEntries Timeout, request=094d95bb-124f-4491-a67a-8d0b5b434983->b48366ef-6f68-46c9-99e7-9871be9f97bc#126-t1, previous=(t:1, i:17), leaderCommit=11, initializing? false, entries: <empty>
2019-09-11 07:11:03,343 [java.util.concurrent.ThreadPoolExecutor$Worker@21f64e46[State = -1, empty queue]] WARN  server.GrpcLogAppender (GrpcLogAppender.java:timeoutAppendRequest(200)) - 094d95bb-124f-4491-a67a-8d0b5b434983@group-44CFF2683379->dd774419-39ed-4d90-9a0e-7a7d67fca22a-GrpcLogAppender: appendEntries Timeout, request=094d95bb-124f-4491-a67a-8d0b5b434983->dd774419-39ed-4d90-9a0e-7a7d67fca22a#126-t1, previous=(t:1, i:17), leaderCommit=11, initializing? false, entries: <empty>
2019-09-11 07:11:03,638 [grpc-default-executor-1] INFO  client.GrpcClientProtocolClient (GrpcClientProtocolClient.java:onNext(264)) - client-FA0A0DC8EAE4->dd774419-39ed-4d90-9a0e-7a7d67fca22a: receive RaftClientReply:client-FA0A0DC8EAE4->dd774419-39ed-4d90-9a0e-7a7d67fca22a@group-44CFF2683379, cid=30, FAILED org.apache.ratis.protocol.NotLeaderException: Server dd774419-39ed-4d90-9a0e-7a7d67fca22a@group-44CFF2683379 is not the leader 094d95bb-124f-4491-a67a-8d0b5b434983:192.168.5.143:43792, logIndex=0, commits[dd774419-39ed-4d90-9a0e-7a7d67fca22a:c11, b48366ef-6f68-46c9-99e7-9871be9f97bc:c10, 094d95bb-124f-4491-a67a-8d0b5b434983:c11]
2019-09-11 07:11:05,844 [java.util.concurrent.ThreadPoolExecutor$Worker@cd5255c[State = -1, empty queue]] WARN  server.GrpcLogAppender (GrpcLogAppender.java:timeoutAppendRequest(200)) - 094d95bb-124f-4491-a67a-8d0b5b434983@group-44CFF2683379->b48366ef-6f68-46c9-99e7-9871be9f97bc-GrpcLogAppender: appendEntries Timeout, request=094d95bb-124f-4491-a67a-8d0b5b434983->b48366ef-6f68-46c9-99e7-9871be9f97bc#127-t1, previous=(t:1, i:17), leaderCommit=11, initializing? false, entries: <empty>
2019-09-11 07:11:05,844 [java.util.concurrent.ThreadPoolExecutor$Worker@21f64e46[State = -1, empty queue]] WARN  server.GrpcLogAppender (GrpcLogAppender.java:timeoutAppendRequest(200)) - 094d95bb-124f-4491-a67a-8d0b5b434983@group-44CFF2683379->dd774419-39ed-4d90-9a0e-7a7d67fca22a-GrpcLogAppender: appendEntries Timeout, request=094d95bb-124f-4491-a67a-8d0b5b434983->dd774419-39ed-4d90-9a0e-7a7d67fca22a#127-t1, previous=(t:1, i:17), leaderCommit=11, initializing? false, entries: <empty>
2019-09-11 07:11:07,832 [b48366ef-6f68-46c9-99e7-9871be9f97bc@group-44CFF2683379-SegmentedRaftLogWorker] WARN  segmented.SegmentedRaftLogWorker (SegmentedRaftLogWorker.java:getFromFuture(90)) - Timeout 8/~
org.apache.ratis.protocol.TimeoutIOException: Timeout 10s: WriteLog:12: (t:1, i:12), STATEMACHINELOGENTRY, client-FA0A0DC8EAE4, cid=30-writeStateMachineData
	at org.apache.ratis.util.IOUtils.getFromFuture(IOUtils.java:87)
	at org.apache.ratis.server.raftlog.segmented.SegmentedRaftLogWorker$StateMachineDataPolicy.getFromFuture(SegmentedRaftLogWorker.java:87)
	at org.apache.ratis.server.raftlog.segmented.SegmentedRaftLogWorker$WriteLog.execute(SegmentedRaftLogWorker.java:477)
	at org.apache.ratis.server.raftlog.segmented.SegmentedRaftLogWorker.run(SegmentedRaftLogWorker.java:289)
	at java.lang.Thread.run(Thread.java:748)
Caused by: java.util.concurrent.TimeoutException
	at java.util.concurrent.CompletableFuture.timedGet(CompletableFuture.java:1771)
	at java.util.concurrent.CompletableFuture.get(CompletableFuture.java:1915)
	at org.apache.ratis.util.IOUtils.getFromFuture(IOUtils.java:79)
	... 4 more
2019-09-11 07:11:08,168 [dd774419-39ed-4d90-9a0e-7a7d67fca22a@group-44CFF2683379-SegmentedRaftLogWorker] WARN  segmented.SegmentedRaftLogWorker (SegmentedRaftLogWorker.java:getFromFuture(90)) - Timeout 8/~
org.apache.ratis.protocol.TimeoutIOException: Timeout 10s: WriteLog:13: (t:1, i:13), STATEMACHINELOGENTRY, client-FA0A0DC8EAE4, cid=31-writeStateMachineData
	at org.apache.ratis.util.IOUtils.getFromFuture(IOUtils.java:87)
	at org.apache.ratis.server.raftlog.segmented.SegmentedRaftLogWorker$StateMachineDataPolicy.getFromFuture(SegmentedRaftLogWorker.java:87)
	at org.apache.ratis.server.raftlog.segmented.SegmentedRaftLogWorker$WriteLog.execute(SegmentedRaftLogWorker.java:477)
	at org.apache.ratis.server.raftlog.segmented.SegmentedRaftLogWorker.run(SegmentedRaftLogWorker.java:289)
	at java.lang.Thread.run(Thread.java:748)
Caused by: java.util.concurrent.TimeoutException
	at java.util.concurrent.CompletableFuture.timedGet(CompletableFuture.java:1771)
	at java.util.concurrent.CompletableFuture.get(CompletableFuture.java:1915)
	at org.apache.ratis.util.IOUtils.getFromFuture(IOUtils.java:79)
	... 4 more
2019-09-11 07:11:08,169 [094d95bb-124f-4491-a67a-8d0b5b434983@group-44CFF2683379-SegmentedRaftLogWorker] WARN  segmented.SegmentedRaftLogWorker (SegmentedRaftLogWorker.java:getFromFuture(90)) - Timeout 8/~
org.apache.ratis.protocol.TimeoutIOException: Timeout 10s: WriteLog:13: (t:1, i:13), STATEMACHINELOGENTRY, client-FA0A0DC8EAE4, cid=31-writeStateMachineData
	at org.apache.ratis.util.IOUtils.getFromFuture(IOUtils.java:87)
	at org.apache.ratis.server.raftlog.segmented.SegmentedRaftLogWorker$StateMachineDataPolicy.getFromFuture(SegmentedRaftLogWorker.java:87)
	at org.apache.ratis.server.raftlog.segmented.SegmentedRaftLogWorker$WriteLog.execute(SegmentedRaftLogWorker.java:477)
	at org.apache.ratis.server.raftlog.segmented.SegmentedRaftLogWorker.run(SegmentedRaftLogWorker.java:289)
	at java.lang.Thread.run(Thread.java:748)
Caused by: java.util.concurrent.TimeoutException
	at java.util.concurrent.CompletableFuture.timedGet(CompletableFuture.java:1771)
	at java.util.concurrent.CompletableFuture.get(CompletableFuture.java:1915)
	at org.apache.ratis.util.IOUtils.getFromFuture(IOUtils.java:79)
	... 4 more
2019-09-11 07:11:08,345 [java.util.concurrent.ThreadPoolExecutor$Worker@21f64e46[State = -1, empty queue]] WARN  server.GrpcLogAppender (GrpcLogAppender.java:timeoutAppendRequest(200)) - 094d95bb-124f-4491-a67a-8d0b5b434983@group-44CFF2683379->dd774419-39ed-4d90-9a0e-7a7d67fca22a-GrpcLogAppender: appendEntries Timeout, request=094d95bb-124f-4491-a67a-8d0b5b434983->dd774419-39ed-4d90-9a0e-7a7d67fca22a#128-t1, previous=(t:1, i:17), leaderCommit=11, initializing? false, entries: <empty>
2019-09-11 07:11:08,345 [java.util.concurrent.ThreadPoolExecutor$Worker@cd5255c[State = -1, empty queue]] WARN  server.GrpcLogAppender (GrpcLogAppender.java:timeoutAppendRequest(200)) - 094d95bb-124f-4491-a67a-8d0b5b434983@group-44CFF2683379->b48366ef-6f68-46c9-99e7-9871be9f97bc-GrpcLogAppender: appendEntries Timeout, request=094d95bb-124f-4491-a67a-8d0b5b434983->b48366ef-6f68-46c9-99e7-9871be9f97bc#128-t1, previous=(t:1, i:17), leaderCommit=11, initializing? false, entries: <empty>
2019-09-11 07:11:08,680 [grpc-default-executor-0] INFO  client.GrpcClientProtocolClient (GrpcClientProtocolClient.java:onNext(264)) - client-FA0A0DC8EAE4->b48366ef-6f68-46c9-99e7-9871be9f97bc: receive RaftClientReply:client-FA0A0DC8EAE4->b48366ef-6f68-46c9-99e7-9871be9f97bc@group-44CFF2683379, cid=30, FAILED org.apache.ratis.protocol.NotLeaderException: Server b48366ef-6f68-46c9-99e7-9871be9f97bc@group-44CFF2683379 is not the leader 094d95bb-124f-4491-a67a-8d0b5b434983:192.168.5.143:43792, logIndex=0, commits[b48366ef-6f68-46c9-99e7-9871be9f97bc:c11, dd774419-39ed-4d90-9a0e-7a7d67fca22a:c10, 094d95bb-124f-4491-a67a-8d0b5b434983:c11]
2019-09-11 07:11:10,845 [java.util.concurrent.ThreadPoolExecutor$Worker@cd5255c[State = -1, empty queue]] WARN  server.GrpcLogAppender (GrpcLogAppender.java:timeoutAppendRequest(200)) - 094d95bb-124f-4491-a67a-8d0b5b434983@group-44CFF2683379->b48366ef-6f68-46c9-99e7-9871be9f97bc-GrpcLogAppender: appendEntries Timeout, request=094d95bb-124f-4491-a67a-8d0b5b434983->b48366ef-6f68-46c9-99e7-9871be9f97bc#129-t1, previous=(t:1, i:17), leaderCommit=11, initializing? false, entries: <empty>
2019-09-11 07:11:10,845 [java.util.concurrent.ThreadPoolExecutor$Worker@21f64e46[State = -1, empty queue]] WARN  server.GrpcLogAppender (GrpcLogAppender.java:timeoutAppendRequest(200)) - 094d95bb-124f-4491-a67a-8d0b5b434983@group-44CFF2683379->dd774419-39ed-4d90-9a0e-7a7d67fca22a-GrpcLogAppender: appendEntries Timeout, request=094d95bb-124f-4491-a67a-8d0b5b434983->dd774419-39ed-4d90-9a0e-7a7d67fca22a#129-t1, previous=(t:1, i:17), leaderCommit=11, initializing? false, entries: <empty>
2019-09-11 07:11:13,346 [java.util.concurrent.ThreadPoolExecutor$Worker@cd5255c[State = -1, empty queue]] WARN  server.GrpcLogAppender (GrpcLogAppender.java:timeoutAppendRequest(200)) - 094d95bb-124f-4491-a67a-8d0b5b434983@group-44CFF2683379->b48366ef-6f68-46c9-99e7-9871be9f97bc-GrpcLogAppender: appendEntries Timeout, request=094d95bb-124f-4491-a67a-8d0b5b434983->b48366ef-6f68-46c9-99e7-9871be9f97bc#130-t1, previous=(t:1, i:17), leaderCommit=11, initializing? false, entries: <empty>
2019-09-11 07:11:13,346 [java.util.concurrent.ThreadPoolExecutor$Worker@21f64e46[State = -1, empty queue]] WARN  server.GrpcLogAppender (GrpcLogAppender.java:timeoutAppendRequest(200)) - 094d95bb-124f-4491-a67a-8d0b5b434983@group-44CFF2683379->dd774419-39ed-4d90-9a0e-7a7d67fca22a-GrpcLogAppender: appendEntries Timeout, request=094d95bb-124f-4491-a67a-8d0b5b434983->dd774419-39ed-4d90-9a0e-7a7d67fca22a#130-t1, previous=(t:1, i:17), leaderCommit=11, initializing? false, entries: <empty>
2019-09-11 07:11:13,746 [grpc-default-executor-0] INFO  client.GrpcClientProtocolClient (GrpcClientProtocolClient.java:onNext(264)) - client-FA0A0DC8EAE4->dd774419-39ed-4d90-9a0e-7a7d67fca22a: receive RaftClientReply:client-FA0A0DC8EAE4->dd774419-39ed-4d90-9a0e-7a7d67fca22a@group-44CFF2683379, cid=30, FAILED org.apache.ratis.protocol.NotLeaderException: Server dd774419-39ed-4d90-9a0e-7a7d67fca22a@group-44CFF2683379 is not the leader 094d95bb-124f-4491-a67a-8d0b5b434983:192.168.5.143:43792, logIndex=0, commits[dd774419-39ed-4d90-9a0e-7a7d67fca22a:c11, b48366ef-6f68-46c9-99e7-9871be9f97bc:c10, 094d95bb-124f-4491-a67a-8d0b5b434983:c11]
2019-09-11 07:11:15,847 [java.util.concurrent.ThreadPoolExecutor$Worker@cd5255c[State = -1, empty queue]] WARN  server.GrpcLogAppender (GrpcLogAppender.java:timeoutAppendRequest(200)) - 094d95bb-124f-4491-a67a-8d0b5b434983@group-44CFF2683379->b48366ef-6f68-46c9-99e7-9871be9f97bc-GrpcLogAppender: appendEntries Timeout, request=094d95bb-124f-4491-a67a-8d0b5b434983->b48366ef-6f68-46c9-99e7-9871be9f97bc#131-t1, previous=(t:1, i:17), leaderCommit=11, initializing? false, entries: <empty>
2019-09-11 07:11:15,847 [java.util.concurrent.ThreadPoolExecutor$Worker@21f64e46[State = -1, empty queue]] WARN  server.GrpcLogAppender (GrpcLogAppender.java:timeoutAppendRequest(200)) - 094d95bb-124f-4491-a67a-8d0b5b434983@group-44CFF2683379->dd774419-39ed-4d90-9a0e-7a7d67fca22a-GrpcLogAppender: appendEntries Timeout, request=094d95bb-124f-4491-a67a-8d0b5b434983->dd774419-39ed-4d90-9a0e-7a7d67fca22a#131-t1, previous=(t:1, i:17), leaderCommit=11, initializing? false, entries: <empty>
2019-09-11 07:11:17,833 [b48366ef-6f68-46c9-99e7-9871be9f97bc@group-44CFF2683379-SegmentedRaftLogWorker] WARN  segmented.SegmentedRaftLogWorker (SegmentedRaftLogWorker.java:getFromFuture(90)) - Timeout 9/~
org.apache.ratis.protocol.TimeoutIOException: Timeout 10s: WriteLog:12: (t:1, i:12), STATEMACHINELOGENTRY, client-FA0A0DC8EAE4, cid=30-writeStateMachineData
	at org.apache.ratis.util.IOUtils.getFromFuture(IOUtils.java:87)
	at org.apache.ratis.server.raftlog.segmented.SegmentedRaftLogWorker$StateMachineDataPolicy.getFromFuture(SegmentedRaftLogWorker.java:87)
	at org.apache.ratis.server.raftlog.segmented.SegmentedRaftLogWorker$WriteLog.execute(SegmentedRaftLogWorker.java:477)
	at org.apache.ratis.server.raftlog.segmented.SegmentedRaftLogWorker.run(SegmentedRaftLogWorker.java:289)
	at java.lang.Thread.run(Thread.java:748)
Caused by: java.util.concurrent.TimeoutException
	at java.util.concurrent.CompletableFuture.timedGet(CompletableFuture.java:1771)
	at java.util.concurrent.CompletableFuture.get(CompletableFuture.java:1915)
	at org.apache.ratis.util.IOUtils.getFromFuture(IOUtils.java:79)
	... 4 more
2019-09-11 07:11:18,169 [dd774419-39ed-4d90-9a0e-7a7d67fca22a@group-44CFF2683379-SegmentedRaftLogWorker] WARN  segmented.SegmentedRaftLogWorker (SegmentedRaftLogWorker.java:getFromFuture(90)) - Timeout 9/~
org.apache.ratis.protocol.TimeoutIOException: Timeout 10s: WriteLog:13: (t:1, i:13), STATEMACHINELOGENTRY, client-FA0A0DC8EAE4, cid=31-writeStateMachineData
	at org.apache.ratis.util.IOUtils.getFromFuture(IOUtils.java:87)
	at org.apache.ratis.server.raftlog.segmented.SegmentedRaftLogWorker$StateMachineDataPolicy.getFromFuture(SegmentedRaftLogWorker.java:87)
	at org.apache.ratis.server.raftlog.segmented.SegmentedRaftLogWorker$WriteLog.execute(SegmentedRaftLogWorker.java:477)
	at org.apache.ratis.server.raftlog.segmented.SegmentedRaftLogWorker.run(SegmentedRaftLogWorker.java:289)
	at java.lang.Thread.run(Thread.java:748)
Caused by: java.util.concurrent.TimeoutException
	at java.util.concurrent.CompletableFuture.timedGet(CompletableFuture.java:1771)
	at java.util.concurrent.CompletableFuture.get(CompletableFuture.java:1915)
	at org.apache.ratis.util.IOUtils.getFromFuture(IOUtils.java:79)
	... 4 more
2019-09-11 07:11:18,170 [094d95bb-124f-4491-a67a-8d0b5b434983@group-44CFF2683379-SegmentedRaftLogWorker] WARN  segmented.SegmentedRaftLogWorker (SegmentedRaftLogWorker.java:getFromFuture(90)) - Timeout 9/~
org.apache.ratis.protocol.TimeoutIOException: Timeout 10s: WriteLog:13: (t:1, i:13), STATEMACHINELOGENTRY, client-FA0A0DC8EAE4, cid=31-writeStateMachineData
	at org.apache.ratis.util.IOUtils.getFromFuture(IOUtils.java:87)
	at org.apache.ratis.server.raftlog.segmented.SegmentedRaftLogWorker$StateMachineDataPolicy.getFromFuture(SegmentedRaftLogWorker.java:87)
	at org.apache.ratis.server.raftlog.segmented.SegmentedRaftLogWorker$WriteLog.execute(SegmentedRaftLogWorker.java:477)
	at org.apache.ratis.server.raftlog.segmented.SegmentedRaftLogWorker.run(SegmentedRaftLogWorker.java:289)
	at java.lang.Thread.run(Thread.java:748)
Caused by: java.util.concurrent.TimeoutException
	at java.util.concurrent.CompletableFuture.timedGet(CompletableFuture.java:1771)
	at java.util.concurrent.CompletableFuture.get(CompletableFuture.java:1915)
	at org.apache.ratis.util.IOUtils.getFromFuture(IOUtils.java:79)
	... 4 more
2019-09-11 07:11:18,347 [java.util.concurrent.ThreadPoolExecutor$Worker@cd5255c[State = -1, empty queue]] WARN  server.GrpcLogAppender (GrpcLogAppender.java:timeoutAppendRequest(200)) - 094d95bb-124f-4491-a67a-8d0b5b434983@group-44CFF2683379->b48366ef-6f68-46c9-99e7-9871be9f97bc-GrpcLogAppender: appendEntries Timeout, request=094d95bb-124f-4491-a67a-8d0b5b434983->b48366ef-6f68-46c9-99e7-9871be9f97bc#132-t1, previous=(t:1, i:17), leaderCommit=11, initializing? false, entries: <empty>
2019-09-11 07:11:18,347 [java.util.concurrent.ThreadPoolExecutor$Worker@21f64e46[State = -1, empty queue]] WARN  server.GrpcLogAppender (GrpcLogAppender.java:timeoutAppendRequest(200)) - 094d95bb-124f-4491-a67a-8d0b5b434983@group-44CFF2683379->dd774419-39ed-4d90-9a0e-7a7d67fca22a-GrpcLogAppender: appendEntries Timeout, request=094d95bb-124f-4491-a67a-8d0b5b434983->dd774419-39ed-4d90-9a0e-7a7d67fca22a#132-t1, previous=(t:1, i:17), leaderCommit=11, initializing? false, entries: <empty>
2019-09-11 07:11:18,812 [grpc-default-executor-0] INFO  client.GrpcClientProtocolClient (GrpcClientProtocolClient.java:onNext(264)) - client-FA0A0DC8EAE4->dd774419-39ed-4d90-9a0e-7a7d67fca22a: receive RaftClientReply:client-FA0A0DC8EAE4->dd774419-39ed-4d90-9a0e-7a7d67fca22a@group-44CFF2683379, cid=30, FAILED org.apache.ratis.protocol.NotLeaderException: Server dd774419-39ed-4d90-9a0e-7a7d67fca22a@group-44CFF2683379 is not the leader 094d95bb-124f-4491-a67a-8d0b5b434983:192.168.5.143:43792, logIndex=0, commits[dd774419-39ed-4d90-9a0e-7a7d67fca22a:c11, b48366ef-6f68-46c9-99e7-9871be9f97bc:c10, 094d95bb-124f-4491-a67a-8d0b5b434983:c11]
2019-09-11 07:11:20,848 [java.util.concurrent.ThreadPoolExecutor$Worker@cd5255c[State = -1, empty queue]] WARN  server.GrpcLogAppender (GrpcLogAppender.java:timeoutAppendRequest(200)) - 094d95bb-124f-4491-a67a-8d0b5b434983@group-44CFF2683379->b48366ef-6f68-46c9-99e7-9871be9f97bc-GrpcLogAppender: appendEntries Timeout, request=094d95bb-124f-4491-a67a-8d0b5b434983->b48366ef-6f68-46c9-99e7-9871be9f97bc#133-t1, previous=(t:1, i:17), leaderCommit=11, initializing? false, entries: <empty>
2019-09-11 07:11:20,848 [java.util.concurrent.ThreadPoolExecutor$Worker@21f64e46[State = -1, empty queue]] WARN  server.GrpcLogAppender (GrpcLogAppender.java:timeoutAppendRequest(200)) - 094d95bb-124f-4491-a67a-8d0b5b434983@group-44CFF2683379->dd774419-39ed-4d90-9a0e-7a7d67fca22a-GrpcLogAppender: appendEntries Timeout, request=094d95bb-124f-4491-a67a-8d0b5b434983->dd774419-39ed-4d90-9a0e-7a7d67fca22a#133-t1, previous=(t:1, i:17), leaderCommit=11, initializing? false, entries: <empty>
2019-09-11 07:11:23,349 [java.util.concurrent.ThreadPoolExecutor$Worker@cd5255c[State = -1, empty queue]] WARN  server.GrpcLogAppender (GrpcLogAppender.java:timeoutAppendRequest(200)) - 094d95bb-124f-4491-a67a-8d0b5b434983@group-44CFF2683379->b48366ef-6f68-46c9-99e7-9871be9f97bc-GrpcLogAppender: appendEntries Timeout, request=094d95bb-124f-4491-a67a-8d0b5b434983->b48366ef-6f68-46c9-99e7-9871be9f97bc#134-t1, previous=(t:1, i:17), leaderCommit=11, initializing? false, entries: <empty>
2019-09-11 07:11:23,349 [java.util.concurrent.ThreadPoolExecutor$Worker@21f64e46[State = -1, empty queue]] WARN  server.GrpcLogAppender (GrpcLogAppender.java:timeoutAppendRequest(200)) - 094d95bb-124f-4491-a67a-8d0b5b434983@group-44CFF2683379->dd774419-39ed-4d90-9a0e-7a7d67fca22a-GrpcLogAppender: appendEntries Timeout, request=094d95bb-124f-4491-a67a-8d0b5b434983->dd774419-39ed-4d90-9a0e-7a7d67fca22a#134-t1, previous=(t:1, i:17), leaderCommit=11, initializing? false, entries: <empty>
2019-09-11 07:11:24,018 [ReplicationMonitor] INFO  container.ReplicationManager (ReplicationManager.java:forceCloseContainer(464)) - Force closing container #2 with BCSID 6, which is in QUASI_CLOSED state.
2019-09-11 07:11:24,019 [ReplicationMonitor] INFO  container.ReplicationManager (ReplicationManager.java:sendCloseCommand(659)) - Sending close container command for container #2 to datanode cfc25efc-54ed-4d3e-b2b6-13ccffc6d6ca{ip: 192.168.5.143, host: pr-hdds-1786-trunk-klbfp-3319181915, networkLocation: /default-rack, certSerialId: null}.
2019-09-11 07:11:24,023 [ReplicationMonitor] INFO  container.ReplicationManager (ReplicationManager.java:sendCloseCommand(659)) - Sending close container command for container #2 to datanode 92412348-7352-40be-aea2-771c347789e7{ip: 192.168.5.143, host: pr-hdds-1786-trunk-klbfp-3319181915, networkLocation: /default-rack, certSerialId: null}.
2019-09-11 07:11:24,023 [ReplicationMonitor] INFO  container.ReplicationManager (ReplicationManager.java:sendCloseCommand(659)) - Sending close container command for container #2 to datanode 76c4c990-655f-4900-b966-affd0bc7639c{ip: 192.168.5.143, host: pr-hdds-1786-trunk-klbfp-3319181915, networkLocation: /default-rack, certSerialId: null}.
2019-09-11 07:11:24,023 [ReplicationMonitor] INFO  container.ReplicationManager (ReplicationManager.java:forceCloseContainer(464)) - Force closing container #3 with BCSID 0, which is in QUASI_CLOSED state.
2019-09-11 07:11:24,023 [ReplicationMonitor] INFO  container.ReplicationManager (ReplicationManager.java:sendCloseCommand(659)) - Sending close container command for container #3 to datanode 76c4c990-655f-4900-b966-affd0bc7639c{ip: 192.168.5.143, host: pr-hdds-1786-trunk-klbfp-3319181915, networkLocation: /default-rack, certSerialId: null}.
2019-09-11 07:11:24,024 [ReplicationMonitor] INFO  container.ReplicationManager (ReplicationManager.java:sendCloseCommand(659)) - Sending close container command for container #3 to datanode cfc25efc-54ed-4d3e-b2b6-13ccffc6d6ca{ip: 192.168.5.143, host: pr-hdds-1786-trunk-klbfp-3319181915, networkLocation: /default-rack, certSerialId: null}.
2019-09-11 07:11:24,024 [ReplicationMonitor] INFO  container.ReplicationManager (ReplicationManager.java:sendCloseCommand(659)) - Sending close container command for container #3 to datanode 92412348-7352-40be-aea2-771c347789e7{ip: 192.168.5.143, host: pr-hdds-1786-trunk-klbfp-3319181915, networkLocation: /default-rack, certSerialId: null}.
2019-09-11 07:11:24,024 [grpc-default-executor-0] INFO  client.GrpcClientProtocolClient (GrpcClientProtocolClient.java:onNext(264)) - client-FA0A0DC8EAE4->dd774419-39ed-4d90-9a0e-7a7d67fca22a: receive RaftClientReply:client-FA0A0DC8EAE4->dd774419-39ed-4d90-9a0e-7a7d67fca22a@group-44CFF2683379, cid=30, FAILED org.apache.ratis.protocol.NotLeaderException: Server dd774419-39ed-4d90-9a0e-7a7d67fca22a@group-44CFF2683379 is not the leader 094d95bb-124f-4491-a67a-8d0b5b434983:192.168.5.143:43792, logIndex=0, commits[dd774419-39ed-4d90-9a0e-7a7d67fca22a:c11, b48366ef-6f68-46c9-99e7-9871be9f97bc:c10, 094d95bb-124f-4491-a67a-8d0b5b434983:c11]
2019-09-11 07:11:24,024 [ReplicationMonitor] INFO  container.ReplicationManager (ReplicationManager.java:run(225)) - Replication Monitor Thread took 33 milliseconds for processing 5 containers.
2019-09-11 07:11:25,149 [Command processor thread] INFO  interfaces.Container (KeyValueContainer.java:flushAndSyncDB(386)) - Container 2 is synced with bcsId 6.
2019-09-11 07:11:25,153 [Command processor thread] INFO  interfaces.Container (KeyValueContainer.java:flushAndSyncDB(386)) - Container 2 is synced with bcsId 6.
2019-09-11 07:11:25,196 [Command processor thread] INFO  interfaces.Container (KeyValueContainer.java:close(335)) - Container 2 is closed with bcsId 6.
2019-09-11 07:11:25,196 [Command processor thread] INFO  interfaces.Container (KeyValueContainer.java:flushAndSyncDB(386)) - Container 3 is synced with bcsId 0.
2019-09-11 07:11:25,197 [Command processor thread] INFO  interfaces.Container (KeyValueContainer.java:flushAndSyncDB(386)) - Container 3 is synced with bcsId 0.
2019-09-11 07:11:25,198 [EventQueue-IncrementalContainerReportForIncrementalContainerReportHandler] INFO  container.IncrementalContainerReportHandler (AbstractContainerReportHandler.java:updateContainerState(202)) - Moving container #2 to CLOSED state, datanode 76c4c990-655f-4900-b966-affd0bc7639c{ip: 192.168.5.143, host: pr-hdds-1786-trunk-klbfp-3319181915, networkLocation: /default-rack, certSerialId: null} reported CLOSED replica.
2019-09-11 07:11:25,238 [Command processor thread] INFO  interfaces.Container (KeyValueContainer.java:close(335)) - Container 3 is closed with bcsId 0.
2019-09-11 07:11:25,239 [EventQueue-IncrementalContainerReportForIncrementalContainerReportHandler] INFO  container.IncrementalContainerReportHandler (AbstractContainerReportHandler.java:updateContainerState(202)) - Moving container #3 to CLOSED state, datanode 76c4c990-655f-4900-b966-affd0bc7639c{ip: 192.168.5.143, host: pr-hdds-1786-trunk-klbfp-3319181915, networkLocation: /default-rack, certSerialId: null} reported CLOSED replica.
2019-09-11 07:11:25,316 [Command processor thread] INFO  interfaces.Container (KeyValueContainer.java:flushAndSyncDB(386)) - Container 2 is synced with bcsId 6.
2019-09-11 07:11:25,316 [Command processor thread] INFO  interfaces.Container (KeyValueContainer.java:flushAndSyncDB(386)) - Container 2 is synced with bcsId 6.
2019-09-11 07:11:25,351 [Command processor thread] INFO  interfaces.Container (KeyValueContainer.java:close(335)) - Container 2 is closed with bcsId 6.
2019-09-11 07:11:25,352 [Command processor thread] INFO  interfaces.Container (KeyValueContainer.java:flushAndSyncDB(386)) - Container 3 is synced with bcsId 0.
2019-09-11 07:11:25,352 [Command processor thread] INFO  interfaces.Container (KeyValueContainer.java:flushAndSyncDB(386)) - Container 3 is synced with bcsId 0.
2019-09-11 07:11:25,390 [Command processor thread] INFO  interfaces.Container (KeyValueContainer.java:close(335)) - Container 3 is closed with bcsId 0.
2019-09-11 07:11:25,850 [java.util.concurrent.ThreadPoolExecutor$Worker@21f64e46[State = -1, empty queue]] WARN  server.GrpcLogAppender (GrpcLogAppender.java:timeoutAppendRequest(200)) - 094d95bb-124f-4491-a67a-8d0b5b434983@group-44CFF2683379->dd774419-39ed-4d90-9a0e-7a7d67fca22a-GrpcLogAppender: appendEntries Timeout, request=094d95bb-124f-4491-a67a-8d0b5b434983->dd774419-39ed-4d90-9a0e-7a7d67fca22a#135-t1, previous=(t:1, i:17), leaderCommit=11, initializing? false, entries: <empty>
2019-09-11 07:11:25,850 [java.util.concurrent.ThreadPoolExecutor$Worker@cd5255c[State = -1, empty queue]] WARN  server.GrpcLogAppender (GrpcLogAppender.java:timeoutAppendRequest(200)) - 094d95bb-124f-4491-a67a-8d0b5b434983@group-44CFF2683379->b48366ef-6f68-46c9-99e7-9871be9f97bc-GrpcLogAppender: appendEntries Timeout, request=094d95bb-124f-4491-a67a-8d0b5b434983->b48366ef-6f68-46c9-99e7-9871be9f97bc#135-t1, previous=(t:1, i:17), leaderCommit=11, initializing? false, entries: <empty>
2019-09-11 07:11:26,457 [Command processor thread] INFO  interfaces.Container (KeyValueContainer.java:flushAndSyncDB(386)) - Container 2 is synced with bcsId 6.
2019-09-11 07:11:26,457 [Command processor thread] INFO  interfaces.Container (KeyValueContainer.java:flushAndSyncDB(386)) - Container 2 is synced with bcsId 6.
2019-09-11 07:11:26,483 [Command processor thread] INFO  interfaces.Container (KeyValueContainer.java:close(335)) - Container 2 is closed with bcsId 6.
2019-09-11 07:11:26,483 [Command processor thread] INFO  interfaces.Container (KeyValueContainer.java:flushAndSyncDB(386)) - Container 3 is synced with bcsId 0.
2019-09-11 07:11:26,483 [Command processor thread] INFO  interfaces.Container (KeyValueContainer.java:flushAndSyncDB(386)) - Container 3 is synced with bcsId 0.
2019-09-11 07:11:26,499 [Command processor thread] INFO  interfaces.Container (KeyValueContainer.java:close(335)) - Container 3 is closed with bcsId 0.
2019-09-11 07:11:27,835 [b48366ef-6f68-46c9-99e7-9871be9f97bc@group-44CFF2683379-SegmentedRaftLogWorker] WARN  segmented.SegmentedRaftLogWorker (SegmentedRaftLogWorker.java:getFromFuture(90)) - Timeout 10/~
org.apache.ratis.protocol.TimeoutIOException: Timeout 10s: WriteLog:12: (t:1, i:12), STATEMACHINELOGENTRY, client-FA0A0DC8EAE4, cid=30-writeStateMachineData
	at org.apache.ratis.util.IOUtils.getFromFuture(IOUtils.java:87)
	at org.apache.ratis.server.raftlog.segmented.SegmentedRaftLogWorker$StateMachineDataPolicy.getFromFuture(SegmentedRaftLogWorker.java:87)
	at org.apache.ratis.server.raftlog.segmented.SegmentedRaftLogWorker$WriteLog.execute(SegmentedRaftLogWorker.java:477)
	at org.apache.ratis.server.raftlog.segmented.SegmentedRaftLogWorker.run(SegmentedRaftLogWorker.java:289)
	at java.lang.Thread.run(Thread.java:748)
Caused by: java.util.concurrent.TimeoutException
	at java.util.concurrent.CompletableFuture.timedGet(CompletableFuture.java:1771)
	at java.util.concurrent.CompletableFuture.get(CompletableFuture.java:1915)
	at org.apache.ratis.util.IOUtils.getFromFuture(IOUtils.java:79)
	... 4 more
2019-09-11 07:11:28,170 [dd774419-39ed-4d90-9a0e-7a7d67fca22a@group-44CFF2683379-SegmentedRaftLogWorker] WARN  segmented.SegmentedRaftLogWorker (SegmentedRaftLogWorker.java:getFromFuture(90)) - Timeout 10/~
org.apache.ratis.protocol.TimeoutIOException: Timeout 10s: WriteLog:13: (t:1, i:13), STATEMACHINELOGENTRY, client-FA0A0DC8EAE4, cid=31-writeStateMachineData
	at org.apache.ratis.util.IOUtils.getFromFuture(IOUtils.java:87)
	at org.apache.ratis.server.raftlog.segmented.SegmentedRaftLogWorker$StateMachineDataPolicy.getFromFuture(SegmentedRaftLogWorker.java:87)
	at org.apache.ratis.server.raftlog.segmented.SegmentedRaftLogWorker$WriteLog.execute(SegmentedRaftLogWorker.java:477)
	at org.apache.ratis.server.raftlog.segmented.SegmentedRaftLogWorker.run(SegmentedRaftLogWorker.java:289)
	at java.lang.Thread.run(Thread.java:748)
Caused by: java.util.concurrent.TimeoutException
	at java.util.concurrent.CompletableFuture.timedGet(CompletableFuture.java:1771)
	at java.util.concurrent.CompletableFuture.get(CompletableFuture.java:1915)
	at org.apache.ratis.util.IOUtils.getFromFuture(IOUtils.java:79)
	... 4 more
2019-09-11 07:11:28,171 [094d95bb-124f-4491-a67a-8d0b5b434983@group-44CFF2683379-SegmentedRaftLogWorker] WARN  segmented.SegmentedRaftLogWorker (SegmentedRaftLogWorker.java:getFromFuture(90)) - Timeout 10/~
org.apache.ratis.protocol.TimeoutIOException: Timeout 10s: WriteLog:13: (t:1, i:13), STATEMACHINELOGENTRY, client-FA0A0DC8EAE4, cid=31-writeStateMachineData
	at org.apache.ratis.util.IOUtils.getFromFuture(IOUtils.java:87)
	at org.apache.ratis.server.raftlog.segmented.SegmentedRaftLogWorker$StateMachineDataPolicy.getFromFuture(SegmentedRaftLogWorker.java:87)
	at org.apache.ratis.server.raftlog.segmented.SegmentedRaftLogWorker$WriteLog.execute(SegmentedRaftLogWorker.java:477)
	at org.apache.ratis.server.raftlog.segmented.SegmentedRaftLogWorker.run(SegmentedRaftLogWorker.java:289)
	at java.lang.Thread.run(Thread.java:748)
Caused by: java.util.concurrent.TimeoutException
	at java.util.concurrent.CompletableFuture.timedGet(CompletableFuture.java:1771)
	at java.util.concurrent.CompletableFuture.get(CompletableFuture.java:1915)
	at org.apache.ratis.util.IOUtils.getFromFuture(IOUtils.java:79)
	... 4 more
2019-09-11 07:11:28,351 [java.util.concurrent.ThreadPoolExecutor$Worker@21f64e46[State = -1, empty queue]] WARN  server.GrpcLogAppender (GrpcLogAppender.java:timeoutAppendRequest(200)) - 094d95bb-124f-4491-a67a-8d0b5b434983@group-44CFF2683379->dd774419-39ed-4d90-9a0e-7a7d67fca22a-GrpcLogAppender: appendEntries Timeout, request=094d95bb-124f-4491-a67a-8d0b5b434983->dd774419-39ed-4d90-9a0e-7a7d67fca22a#136-t1, previous=(t:1, i:17), leaderCommit=11, initializing? false, entries: <empty>
2019-09-11 07:11:28,351 [java.util.concurrent.ThreadPoolExecutor$Worker@cd5255c[State = -1, empty queue]] WARN  server.GrpcLogAppender (GrpcLogAppender.java:timeoutAppendRequest(200)) - 094d95bb-124f-4491-a67a-8d0b5b434983@group-44CFF2683379->b48366ef-6f68-46c9-99e7-9871be9f97bc-GrpcLogAppender: appendEntries Timeout, request=094d95bb-124f-4491-a67a-8d0b5b434983->b48366ef-6f68-46c9-99e7-9871be9f97bc#136-t1, previous=(t:1, i:17), leaderCommit=11, initializing? false, entries: <empty>
2019-09-11 07:11:29,075 [grpc-default-executor-0] INFO  client.GrpcClientProtocolClient (GrpcClientProtocolClient.java:onNext(264)) - client-FA0A0DC8EAE4->dd774419-39ed-4d90-9a0e-7a7d67fca22a: receive RaftClientReply:client-FA0A0DC8EAE4->dd774419-39ed-4d90-9a0e-7a7d67fca22a@group-44CFF2683379, cid=30, FAILED org.apache.ratis.protocol.NotLeaderException: Server dd774419-39ed-4d90-9a0e-7a7d67fca22a@group-44CFF2683379 is not the leader 094d95bb-124f-4491-a67a-8d0b5b434983:192.168.5.143:43792, logIndex=0, commits[dd774419-39ed-4d90-9a0e-7a7d67fca22a:c11, b48366ef-6f68-46c9-99e7-9871be9f97bc:c10, 094d95bb-124f-4491-a67a-8d0b5b434983:c11]
2019-09-11 07:11:30,851 [java.util.concurrent.ThreadPoolExecutor$Worker@21f64e46[State = -1, empty queue]] WARN  server.GrpcLogAppender (GrpcLogAppender.java:timeoutAppendRequest(200)) - 094d95bb-124f-4491-a67a-8d0b5b434983@group-44CFF2683379->dd774419-39ed-4d90-9a0e-7a7d67fca22a-GrpcLogAppender: appendEntries Timeout, request=094d95bb-124f-4491-a67a-8d0b5b434983->dd774419-39ed-4d90-9a0e-7a7d67fca22a#137-t1, previous=(t:1, i:17), leaderCommit=11, initializing? false, entries: <empty>
2019-09-11 07:11:30,851 [java.util.concurrent.ThreadPoolExecutor$Worker@cd5255c[State = -1, empty queue]] WARN  server.GrpcLogAppender (GrpcLogAppender.java:timeoutAppendRequest(200)) - 094d95bb-124f-4491-a67a-8d0b5b434983@group-44CFF2683379->b48366ef-6f68-46c9-99e7-9871be9f97bc-GrpcLogAppender: appendEntries Timeout, request=094d95bb-124f-4491-a67a-8d0b5b434983->b48366ef-6f68-46c9-99e7-9871be9f97bc#137-t1, previous=(t:1, i:17), leaderCommit=11, initializing? false, entries: <empty>
2019-09-11 07:11:33,352 [java.util.concurrent.ThreadPoolExecutor$Worker@21f64e46[State = -1, empty queue]] WARN  server.GrpcLogAppender (GrpcLogAppender.java:timeoutAppendRequest(200)) - 094d95bb-124f-4491-a67a-8d0b5b434983@group-44CFF2683379->dd774419-39ed-4d90-9a0e-7a7d67fca22a-GrpcLogAppender: appendEntries Timeout, request=094d95bb-124f-4491-a67a-8d0b5b434983->dd774419-39ed-4d90-9a0e-7a7d67fca22a#138-t1, previous=(t:1, i:17), leaderCommit=11, initializing? false, entries: <empty>
2019-09-11 07:11:33,352 [java.util.concurrent.ThreadPoolExecutor$Worker@cd5255c[State = -1, empty queue]] WARN  server.GrpcLogAppender (GrpcLogAppender.java:timeoutAppendRequest(200)) - 094d95bb-124f-4491-a67a-8d0b5b434983@group-44CFF2683379->b48366ef-6f68-46c9-99e7-9871be9f97bc-GrpcLogAppender: appendEntries Timeout, request=094d95bb-124f-4491-a67a-8d0b5b434983->b48366ef-6f68-46c9-99e7-9871be9f97bc#138-t1, previous=(t:1, i:17), leaderCommit=11, initializing? false, entries: <empty>
2019-09-11 07:11:34,111 [grpc-default-executor-0] INFO  client.GrpcClientProtocolClient (GrpcClientProtocolClient.java:onNext(264)) - client-FA0A0DC8EAE4->dd774419-39ed-4d90-9a0e-7a7d67fca22a: receive RaftClientReply:client-FA0A0DC8EAE4->dd774419-39ed-4d90-9a0e-7a7d67fca22a@group-44CFF2683379, cid=30, FAILED org.apache.ratis.protocol.NotLeaderException: Server dd774419-39ed-4d90-9a0e-7a7d67fca22a@group-44CFF2683379 is not the leader 094d95bb-124f-4491-a67a-8d0b5b434983:192.168.5.143:43792, logIndex=0, commits[dd774419-39ed-4d90-9a0e-7a7d67fca22a:c11, b48366ef-6f68-46c9-99e7-9871be9f97bc:c10, 094d95bb-124f-4491-a67a-8d0b5b434983:c11]
2019-09-11 07:11:35,852 [java.util.concurrent.ThreadPoolExecutor$Worker@21f64e46[State = -1, empty queue]] WARN  server.GrpcLogAppender (GrpcLogAppender.java:timeoutAppendRequest(200)) - 094d95bb-124f-4491-a67a-8d0b5b434983@group-44CFF2683379->dd774419-39ed-4d90-9a0e-7a7d67fca22a-GrpcLogAppender: appendEntries Timeout, request=094d95bb-124f-4491-a67a-8d0b5b434983->dd774419-39ed-4d90-9a0e-7a7d67fca22a#139-t1, previous=(t:1, i:17), leaderCommit=11, initializing? false, entries: <empty>
2019-09-11 07:11:35,852 [java.util.concurrent.ThreadPoolExecutor$Worker@cd5255c[State = -1, empty queue]] WARN  server.GrpcLogAppender (GrpcLogAppender.java:timeoutAppendRequest(200)) - 094d95bb-124f-4491-a67a-8d0b5b434983@group-44CFF2683379->b48366ef-6f68-46c9-99e7-9871be9f97bc-GrpcLogAppender: appendEntries Timeout, request=094d95bb-124f-4491-a67a-8d0b5b434983->b48366ef-6f68-46c9-99e7-9871be9f97bc#139-t1, previous=(t:1, i:17), leaderCommit=11, initializing? false, entries: <empty>
2019-09-11 07:11:37,836 [b48366ef-6f68-46c9-99e7-9871be9f97bc@group-44CFF2683379-SegmentedRaftLogWorker] WARN  segmented.SegmentedRaftLogWorker (SegmentedRaftLogWorker.java:getFromFuture(90)) - Timeout 11/~
org.apache.ratis.protocol.TimeoutIOException: Timeout 10s: WriteLog:12: (t:1, i:12), STATEMACHINELOGENTRY, client-FA0A0DC8EAE4, cid=30-writeStateMachineData
	at org.apache.ratis.util.IOUtils.getFromFuture(IOUtils.java:87)
	at org.apache.ratis.server.raftlog.segmented.SegmentedRaftLogWorker$StateMachineDataPolicy.getFromFuture(SegmentedRaftLogWorker.java:87)
	at org.apache.ratis.server.raftlog.segmented.SegmentedRaftLogWorker$WriteLog.execute(SegmentedRaftLogWorker.java:477)
	at org.apache.ratis.server.raftlog.segmented.SegmentedRaftLogWorker.run(SegmentedRaftLogWorker.java:289)
	at java.lang.Thread.run(Thread.java:748)
Caused by: java.util.concurrent.TimeoutException
	at java.util.concurrent.CompletableFuture.timedGet(CompletableFuture.java:1771)
	at java.util.concurrent.CompletableFuture.get(CompletableFuture.java:1915)
	at org.apache.ratis.util.IOUtils.getFromFuture(IOUtils.java:79)
	... 4 more
2019-09-11 07:11:37,855 [org.apache.ratis.server.impl.LogAppender$AppenderDaemon$$Lambda$492/690755232@7fdbb0dd] ERROR ratis.XceiverServerRatis (XceiverServerRatis.java:triggerPipelineClose(575)) - pipeline Action CLOSE  on pipeline PipelineID=23ab43d6-1d95-4eb5-a8fc-44cff2683379.Reason : 094d95bb-124f-4491-a67a-8d0b5b434983 has not seen follower/s dd774419-39ed-4d90-9a0e-7a7d67fca22a for 120235ms b48366ef-6f68-46c9-99e7-9871be9f97bc for 120216ms
2019-09-11 07:11:37,855 [org.apache.ratis.server.impl.LogAppender$AppenderDaemon$$Lambda$492/690755232@3b5e296d] ERROR ratis.XceiverServerRatis (XceiverServerRatis.java:triggerPipelineClose(575)) - pipeline Action CLOSE  on pipeline PipelineID=23ab43d6-1d95-4eb5-a8fc-44cff2683379.Reason : 094d95bb-124f-4491-a67a-8d0b5b434983 has not seen follower/s dd774419-39ed-4d90-9a0e-7a7d67fca22a for 120235ms b48366ef-6f68-46c9-99e7-9871be9f97bc for 120216ms
2019-09-11 07:11:38,151 [EventQueue-PipelineActionsForPipelineActionHandler] ERROR pipeline.PipelineActionHandler (PipelineActionHandler.java:onMessage(60)) - Received pipeline action CLOSE for Pipeline[ Id: 23ab43d6-1d95-4eb5-a8fc-44cff2683379, Nodes: dd774419-39ed-4d90-9a0e-7a7d67fca22a{ip: 192.168.5.143, host: pr-hdds-1786-trunk-klbfp-3319181915, networkLocation: /default-rack, certSerialId: null}b48366ef-6f68-46c9-99e7-9871be9f97bc{ip: 192.168.5.143, host: pr-hdds-1786-trunk-klbfp-3319181915, networkLocation: /default-rack, certSerialId: null}094d95bb-124f-4491-a67a-8d0b5b434983{ip: 192.168.5.143, host: pr-hdds-1786-trunk-klbfp-3319181915, networkLocation: /default-rack, certSerialId: null}, Type:RATIS, Factor:THREE, State:OPEN] from datanode 094d95bb-124f-4491-a67a-8d0b5b434983{ip: 192.168.5.143, host: pr-hdds-1786-trunk-klbfp-3319181915, networkLocation: /default-rack, certSerialId: null}. Reason : 094d95bb-124f-4491-a67a-8d0b5b434983 has not seen follower/s dd774419-39ed-4d90-9a0e-7a7d67fca22a for 120235ms b48366ef-6f68-46c9-99e7-9871be9f97bc for 120216ms
2019-09-11 07:11:38,151 [EventQueue-PipelineActionsForPipelineActionHandler] INFO  pipeline.SCMPipelineManager (SCMPipelineManager.java:finalizeAndDestroyPipeline(311)) - destroying pipeline:Pipeline[ Id: 23ab43d6-1d95-4eb5-a8fc-44cff2683379, Nodes: dd774419-39ed-4d90-9a0e-7a7d67fca22a{ip: 192.168.5.143, host: pr-hdds-1786-trunk-klbfp-3319181915, networkLocation: /default-rack, certSerialId: null}b48366ef-6f68-46c9-99e7-9871be9f97bc{ip: 192.168.5.143, host: pr-hdds-1786-trunk-klbfp-3319181915, networkLocation: /default-rack, certSerialId: null}094d95bb-124f-4491-a67a-8d0b5b434983{ip: 192.168.5.143, host: pr-hdds-1786-trunk-klbfp-3319181915, networkLocation: /default-rack, certSerialId: null}, Type:RATIS, Factor:THREE, State:OPEN]
2019-09-11 07:11:38,151 [EventQueue-PipelineActionsForPipelineActionHandler] INFO  pipeline.PipelineStateManager (PipelineStateManager.java:finalizePipeline(123)) - Pipeline Pipeline[ Id: 23ab43d6-1d95-4eb5-a8fc-44cff2683379, Nodes: dd774419-39ed-4d90-9a0e-7a7d67fca22a{ip: 192.168.5.143, host: pr-hdds-1786-trunk-klbfp-3319181915, networkLocation: /default-rack, certSerialId: null}b48366ef-6f68-46c9-99e7-9871be9f97bc{ip: 192.168.5.143, host: pr-hdds-1786-trunk-klbfp-3319181915, networkLocation: /default-rack, certSerialId: null}094d95bb-124f-4491-a67a-8d0b5b434983{ip: 192.168.5.143, host: pr-hdds-1786-trunk-klbfp-3319181915, networkLocation: /default-rack, certSerialId: null}, Type:RATIS, Factor:THREE, State:CLOSED] moved to CLOSED state
2019-09-11 07:11:38,152 [EventQueue-CloseContainerForCloseContainerEventHandler] INFO  container.CloseContainerEventHandler (CloseContainerEventHandler.java:onMessage(61)) - Close container Event triggered for container : #1
2019-09-11 07:11:38,153 [EventQueue-CloseContainerForCloseContainerEventHandler] INFO  container.CloseContainerEventHandler (CloseContainerEventHandler.java:onMessage(61)) - Close container Event triggered for container : #4
2019-09-11 07:11:38,153 [EventQueue-CloseContainerForCloseContainerEventHandler] INFO  container.CloseContainerEventHandler (CloseContainerEventHandler.java:onMessage(61)) - Close container Event triggered for container : #5
2019-09-11 07:11:38,171 [dd774419-39ed-4d90-9a0e-7a7d67fca22a@group-44CFF2683379-SegmentedRaftLogWorker] WARN  segmented.SegmentedRaftLogWorker (SegmentedRaftLogWorker.java:getFromFuture(90)) - Timeout 11/~
org.apache.ratis.protocol.TimeoutIOException: Timeout 10s: WriteLog:13: (t:1, i:13), STATEMACHINELOGENTRY, client-FA0A0DC8EAE4, cid=31-writeStateMachineData
	at org.apache.ratis.util.IOUtils.getFromFuture(IOUtils.java:87)
	at org.apache.ratis.server.raftlog.segmented.SegmentedRaftLogWorker$StateMachineDataPolicy.getFromFuture(SegmentedRaftLogWorker.java:87)
	at org.apache.ratis.server.raftlog.segmented.SegmentedRaftLogWorker$WriteLog.execute(SegmentedRaftLogWorker.java:477)
	at org.apache.ratis.server.raftlog.segmented.SegmentedRaftLogWorker.run(SegmentedRaftLogWorker.java:289)
	at java.lang.Thread.run(Thread.java:748)
Caused by: java.util.concurrent.TimeoutException
	at java.util.concurrent.CompletableFuture.timedGet(CompletableFuture.java:1771)
	at java.util.concurrent.CompletableFuture.get(CompletableFuture.java:1915)
	at org.apache.ratis.util.IOUtils.getFromFuture(IOUtils.java:79)
	... 4 more
2019-09-11 07:11:38,171 [094d95bb-124f-4491-a67a-8d0b5b434983@group-44CFF2683379-SegmentedRaftLogWorker] WARN  segmented.SegmentedRaftLogWorker (SegmentedRaftLogWorker.java:getFromFuture(90)) - Timeout 11/~
org.apache.ratis.protocol.TimeoutIOException: Timeout 10s: WriteLog:13: (t:1, i:13), STATEMACHINELOGENTRY, client-FA0A0DC8EAE4, cid=31-writeStateMachineData
	at org.apache.ratis.util.IOUtils.getFromFuture(IOUtils.java:87)
	at org.apache.ratis.server.raftlog.segmented.SegmentedRaftLogWorker$StateMachineDataPolicy.getFromFuture(SegmentedRaftLogWorker.java:87)
	at org.apache.ratis.server.raftlog.segmented.SegmentedRaftLogWorker$WriteLog.execute(SegmentedRaftLogWorker.java:477)
	at org.apache.ratis.server.raftlog.segmented.SegmentedRaftLogWorker.run(SegmentedRaftLogWorker.java:289)
	at java.lang.Thread.run(Thread.java:748)
Caused by: java.util.concurrent.TimeoutException
	at java.util.concurrent.CompletableFuture.timedGet(CompletableFuture.java:1771)
	at java.util.concurrent.CompletableFuture.get(CompletableFuture.java:1915)
	at org.apache.ratis.util.IOUtils.getFromFuture(IOUtils.java:79)
	... 4 more
2019-09-11 07:11:38,352 [java.util.concurrent.ThreadPoolExecutor$Worker@21f64e46[State = -1, empty queue]] WARN  server.GrpcLogAppender (GrpcLogAppender.java:timeoutAppendRequest(200)) - 094d95bb-124f-4491-a67a-8d0b5b434983@group-44CFF2683379->dd774419-39ed-4d90-9a0e-7a7d67fca22a-GrpcLogAppender: appendEntries Timeout, request=094d95bb-124f-4491-a67a-8d0b5b434983->dd774419-39ed-4d90-9a0e-7a7d67fca22a#140-t1, previous=(t:1, i:17), leaderCommit=11, initializing? false, entries: <empty>
2019-09-11 07:11:38,352 [java.util.concurrent.ThreadPoolExecutor$Worker@cd5255c[State = -1, empty queue]] WARN  server.GrpcLogAppender (GrpcLogAppender.java:timeoutAppendRequest(200)) - 094d95bb-124f-4491-a67a-8d0b5b434983@group-44CFF2683379->b48366ef-6f68-46c9-99e7-9871be9f97bc-GrpcLogAppender: appendEntries Timeout, request=094d95bb-124f-4491-a67a-8d0b5b434983->b48366ef-6f68-46c9-99e7-9871be9f97bc#140-t1, previous=(t:1, i:17), leaderCommit=11, initializing? false, entries: <empty>
2019-09-11 07:11:39,157 [grpc-default-executor-1] INFO  client.GrpcClientProtocolClient (GrpcClientProtocolClient.java:onNext(264)) - client-FA0A0DC8EAE4->b48366ef-6f68-46c9-99e7-9871be9f97bc: receive RaftClientReply:client-FA0A0DC8EAE4->b48366ef-6f68-46c9-99e7-9871be9f97bc@group-44CFF2683379, cid=30, FAILED org.apache.ratis.protocol.NotLeaderException: Server b48366ef-6f68-46c9-99e7-9871be9f97bc@group-44CFF2683379 is not the leader 094d95bb-124f-4491-a67a-8d0b5b434983:192.168.5.143:43792, logIndex=0, commits[b48366ef-6f68-46c9-99e7-9871be9f97bc:c11, dd774419-39ed-4d90-9a0e-7a7d67fca22a:c10, 094d95bb-124f-4491-a67a-8d0b5b434983:c11]
2019-09-11 07:11:40,180 [org.apache.ratis.server.impl.LogAppender$AppenderDaemon$$Lambda$492/690755232@3b5e296d] ERROR ratis.XceiverServerRatis (XceiverServerRatis.java:triggerPipelineClose(575)) - pipeline Action CLOSE  on pipeline PipelineID=23ab43d6-1d95-4eb5-a8fc-44cff2683379.Reason : 094d95bb-124f-4491-a67a-8d0b5b434983 has not seen follower/s dd774419-39ed-4d90-9a0e-7a7d67fca22a for 122562ms b48366ef-6f68-46c9-99e7-9871be9f97bc for 122544ms
2019-09-11 07:11:40,180 [org.apache.ratis.server.impl.LogAppender$AppenderDaemon$$Lambda$492/690755232@7fdbb0dd] ERROR ratis.XceiverServerRatis (XceiverServerRatis.java:triggerPipelineClose(575)) - pipeline Action CLOSE  on pipeline PipelineID=23ab43d6-1d95-4eb5-a8fc-44cff2683379.Reason : 094d95bb-124f-4491-a67a-8d0b5b434983 has not seen follower/s dd774419-39ed-4d90-9a0e-7a7d67fca22a for 122562ms b48366ef-6f68-46c9-99e7-9871be9f97bc for 122544ms
2019-09-11 07:11:40,853 [java.util.concurrent.ThreadPoolExecutor$Worker@21f64e46[State = -1, empty queue]] WARN  server.GrpcLogAppender (GrpcLogAppender.java:timeoutAppendRequest(200)) - 094d95bb-124f-4491-a67a-8d0b5b434983@group-44CFF2683379->dd774419-39ed-4d90-9a0e-7a7d67fca22a-GrpcLogAppender: appendEntries Timeout, request=094d95bb-124f-4491-a67a-8d0b5b434983->dd774419-39ed-4d90-9a0e-7a7d67fca22a#141-t1, previous=(t:1, i:17), leaderCommit=11, initializing? false, entries: <empty>
2019-09-11 07:11:40,853 [java.util.concurrent.ThreadPoolExecutor$Worker@cd5255c[State = -1, empty queue]] WARN  server.GrpcLogAppender (GrpcLogAppender.java:timeoutAppendRequest(200)) - 094d95bb-124f-4491-a67a-8d0b5b434983@group-44CFF2683379->b48366ef-6f68-46c9-99e7-9871be9f97bc-GrpcLogAppender: appendEntries Timeout, request=094d95bb-124f-4491-a67a-8d0b5b434983->b48366ef-6f68-46c9-99e7-9871be9f97bc#141-t1, previous=(t:1, i:17), leaderCommit=11, initializing? false, entries: <empty>
2019-09-11 07:11:41,179 [EventQueue-PipelineActionsForPipelineActionHandler] ERROR pipeline.PipelineActionHandler (PipelineActionHandler.java:onMessage(60)) - Received pipeline action CLOSE for Pipeline[ Id: 23ab43d6-1d95-4eb5-a8fc-44cff2683379, Nodes: dd774419-39ed-4d90-9a0e-7a7d67fca22a{ip: 192.168.5.143, host: pr-hdds-1786-trunk-klbfp-3319181915, networkLocation: /default-rack, certSerialId: null}b48366ef-6f68-46c9-99e7-9871be9f97bc{ip: 192.168.5.143, host: pr-hdds-1786-trunk-klbfp-3319181915, networkLocation: /default-rack, certSerialId: null}094d95bb-124f-4491-a67a-8d0b5b434983{ip: 192.168.5.143, host: pr-hdds-1786-trunk-klbfp-3319181915, networkLocation: /default-rack, certSerialId: null}, Type:RATIS, Factor:THREE, State:CLOSED] from datanode 094d95bb-124f-4491-a67a-8d0b5b434983{ip: 192.168.5.143, host: pr-hdds-1786-trunk-klbfp-3319181915, networkLocation: /default-rack, certSerialId: null}. Reason : 094d95bb-124f-4491-a67a-8d0b5b434983 has not seen follower/s dd774419-39ed-4d90-9a0e-7a7d67fca22a for 122562ms b48366ef-6f68-46c9-99e7-9871be9f97bc for 122544ms
2019-09-11 07:11:41,179 [EventQueue-PipelineActionsForPipelineActionHandler] INFO  pipeline.SCMPipelineManager (SCMPipelineManager.java:finalizeAndDestroyPipeline(311)) - destroying pipeline:Pipeline[ Id: 23ab43d6-1d95-4eb5-a8fc-44cff2683379, Nodes: dd774419-39ed-4d90-9a0e-7a7d67fca22a{ip: 192.168.5.143, host: pr-hdds-1786-trunk-klbfp-3319181915, networkLocation: /default-rack, certSerialId: null}b48366ef-6f68-46c9-99e7-9871be9f97bc{ip: 192.168.5.143, host: pr-hdds-1786-trunk-klbfp-3319181915, networkLocation: /default-rack, certSerialId: null}094d95bb-124f-4491-a67a-8d0b5b434983{ip: 192.168.5.143, host: pr-hdds-1786-trunk-klbfp-3319181915, networkLocation: /default-rack, certSerialId: null}, Type:RATIS, Factor:THREE, State:CLOSED]
2019-09-11 07:11:42,682 [org.apache.ratis.server.impl.LogAppender$AppenderDaemon$$Lambda$492/690755232@3b5e296d] ERROR ratis.XceiverServerRatis (XceiverServerRatis.java:triggerPipelineClose(575)) - pipeline Action CLOSE  on pipeline PipelineID=23ab43d6-1d95-4eb5-a8fc-44cff2683379.Reason : 094d95bb-124f-4491-a67a-8d0b5b434983 has not seen follower/s dd774419-39ed-4d90-9a0e-7a7d67fca22a for 125063ms b48366ef-6f68-46c9-99e7-9871be9f97bc for 125045ms
2019-09-11 07:11:42,682 [org.apache.ratis.server.impl.LogAppender$AppenderDaemon$$Lambda$492/690755232@7fdbb0dd] ERROR ratis.XceiverServerRatis (XceiverServerRatis.java:triggerPipelineClose(575)) - pipeline Action CLOSE  on pipeline PipelineID=23ab43d6-1d95-4eb5-a8fc-44cff2683379.Reason : 094d95bb-124f-4491-a67a-8d0b5b434983 has not seen follower/s dd774419-39ed-4d90-9a0e-7a7d67fca22a for 125063ms b48366ef-6f68-46c9-99e7-9871be9f97bc for 125045ms
2019-09-11 07:11:43,180 [EventQueue-PipelineActionsForPipelineActionHandler] ERROR pipeline.PipelineActionHandler (PipelineActionHandler.java:onMessage(60)) - Received pipeline action CLOSE for Pipeline[ Id: 23ab43d6-1d95-4eb5-a8fc-44cff2683379, Nodes: dd774419-39ed-4d90-9a0e-7a7d67fca22a{ip: 192.168.5.143, host: pr-hdds-1786-trunk-klbfp-3319181915, networkLocation: /default-rack, certSerialId: null}b48366ef-6f68-46c9-99e7-9871be9f97bc{ip: 192.168.5.143, host: pr-hdds-1786-trunk-klbfp-3319181915, networkLocation: /default-rack, certSerialId: null}094d95bb-124f-4491-a67a-8d0b5b434983{ip: 192.168.5.143, host: pr-hdds-1786-trunk-klbfp-3319181915, networkLocation: /default-rack, certSerialId: null}, Type:RATIS, Factor:THREE, State:CLOSED] from datanode 094d95bb-124f-4491-a67a-8d0b5b434983{ip: 192.168.5.143, host: pr-hdds-1786-trunk-klbfp-3319181915, networkLocation: /default-rack, certSerialId: null}. Reason : 094d95bb-124f-4491-a67a-8d0b5b434983 has not seen follower/s dd774419-39ed-4d90-9a0e-7a7d67fca22a for 125063ms b48366ef-6f68-46c9-99e7-9871be9f97bc for 125045ms
2019-09-11 07:11:43,180 [java.util.concurrent.ThreadPoolExecutor$Worker@21f64e46[State = -1, empty queue]] WARN  server.GrpcLogAppender (GrpcLogAppender.java:timeoutAppendRequest(200)) - 094d95bb-124f-4491-a67a-8d0b5b434983@group-44CFF2683379->dd774419-39ed-4d90-9a0e-7a7d67fca22a-GrpcLogAppender: appendEntries Timeout, request=094d95bb-124f-4491-a67a-8d0b5b434983->dd774419-39ed-4d90-9a0e-7a7d67fca22a#142-t1, previous=(t:1, i:17), leaderCommit=11, initializing? false, entries: size=1, first=(t:1, i:18), STATEMACHINELOGENTRY, client-227A59DD5317, cid=6
2019-09-11 07:11:43,180 [java.util.concurrent.ThreadPoolExecutor$Worker@cd5255c[State = -1, empty queue]] WARN  server.GrpcLogAppender (GrpcLogAppender.java:timeoutAppendRequest(200)) - 094d95bb-124f-4491-a67a-8d0b5b434983@group-44CFF2683379->b48366ef-6f68-46c9-99e7-9871be9f97bc-GrpcLogAppender: appendEntries Timeout, request=094d95bb-124f-4491-a67a-8d0b5b434983->b48366ef-6f68-46c9-99e7-9871be9f97bc#142-t1, previous=(t:1, i:17), leaderCommit=11, initializing? false, entries: size=1, first=(t:1, i:18), STATEMACHINELOGENTRY, client-227A59DD5317, cid=6
2019-09-11 07:11:43,180 [EventQueue-PipelineActionsForPipelineActionHandler] INFO  pipeline.SCMPipelineManager (SCMPipelineManager.java:finalizeAndDestroyPipeline(311)) - destroying pipeline:Pipeline[ Id: 23ab43d6-1d95-4eb5-a8fc-44cff2683379, Nodes: dd774419-39ed-4d90-9a0e-7a7d67fca22a{ip: 192.168.5.143, host: pr-hdds-1786-trunk-klbfp-3319181915, networkLocation: /default-rack, certSerialId: null}b48366ef-6f68-46c9-99e7-9871be9f97bc{ip: 192.168.5.143, host: pr-hdds-1786-trunk-klbfp-3319181915, networkLocation: /default-rack, certSerialId: null}094d95bb-124f-4491-a67a-8d0b5b434983{ip: 192.168.5.143, host: pr-hdds-1786-trunk-klbfp-3319181915, networkLocation: /default-rack, certSerialId: null}, Type:RATIS, Factor:THREE, State:CLOSED]
2019-09-11 07:11:44,218 [grpc-default-executor-1] INFO  client.GrpcClientProtocolClient (GrpcClientProtocolClient.java:onNext(264)) - client-FA0A0DC8EAE4->dd774419-39ed-4d90-9a0e-7a7d67fca22a: receive RaftClientReply:client-FA0A0DC8EAE4->dd774419-39ed-4d90-9a0e-7a7d67fca22a@group-44CFF2683379, cid=30, FAILED org.apache.ratis.protocol.NotLeaderException: Server dd774419-39ed-4d90-9a0e-7a7d67fca22a@group-44CFF2683379 is not the leader 094d95bb-124f-4491-a67a-8d0b5b434983:192.168.5.143:43792, logIndex=0, commits[dd774419-39ed-4d90-9a0e-7a7d67fca22a:c11, b48366ef-6f68-46c9-99e7-9871be9f97bc:c10, 094d95bb-124f-4491-a67a-8d0b5b434983:c11]
2019-09-11 07:11:45,182 [org.apache.ratis.server.impl.LogAppender$AppenderDaemon$$Lambda$492/690755232@3b5e296d] ERROR ratis.XceiverServerRatis (XceiverServerRatis.java:triggerPipelineClose(575)) - pipeline Action CLOSE  on pipeline PipelineID=23ab43d6-1d95-4eb5-a8fc-44cff2683379.Reason : 094d95bb-124f-4491-a67a-8d0b5b434983 has not seen follower/s dd774419-39ed-4d90-9a0e-7a7d67fca22a for 127564ms b48366ef-6f68-46c9-99e7-9871be9f97bc for 127546ms
2019-09-11 07:11:45,182 [org.apache.ratis.server.impl.LogAppender$AppenderDaemon$$Lambda$492/690755232@7fdbb0dd] ERROR ratis.XceiverServerRatis (XceiverServerRatis.java:triggerPipelineClose(575)) - pipeline Action CLOSE  on pipeline PipelineID=23ab43d6-1d95-4eb5-a8fc-44cff2683379.Reason : 094d95bb-124f-4491-a67a-8d0b5b434983 has not seen follower/s dd774419-39ed-4d90-9a0e-7a7d67fca22a for 127564ms b48366ef-6f68-46c9-99e7-9871be9f97bc for 127546ms
2019-09-11 07:11:45,681 [java.util.concurrent.ThreadPoolExecutor$Worker@21f64e46[State = -1, empty queue]] WARN  server.GrpcLogAppender (GrpcLogAppender.java:timeoutAppendRequest(200)) - 094d95bb-124f-4491-a67a-8d0b5b434983@group-44CFF2683379->dd774419-39ed-4d90-9a0e-7a7d67fca22a-GrpcLogAppender: appendEntries Timeout, request=094d95bb-124f-4491-a67a-8d0b5b434983->dd774419-39ed-4d90-9a0e-7a7d67fca22a#143-t1, previous=(t:1, i:18), leaderCommit=11, initializing? false, entries: <empty>
2019-09-11 07:11:45,681 [java.util.concurrent.ThreadPoolExecutor$Worker@cd5255c[State = -1, empty queue]] WARN  server.GrpcLogAppender (GrpcLogAppender.java:timeoutAppendRequest(200)) - 094d95bb-124f-4491-a67a-8d0b5b434983@group-44CFF2683379->b48366ef-6f68-46c9-99e7-9871be9f97bc-GrpcLogAppender: appendEntries Timeout, request=094d95bb-124f-4491-a67a-8d0b5b434983->b48366ef-6f68-46c9-99e7-9871be9f97bc#143-t1, previous=(t:1, i:18), leaderCommit=11, initializing? false, entries: <empty>
2019-09-11 07:11:46,181 [EventQueue-PipelineActionsForPipelineActionHandler] ERROR pipeline.PipelineActionHandler (PipelineActionHandler.java:onMessage(60)) - Received pipeline action CLOSE for Pipeline[ Id: 23ab43d6-1d95-4eb5-a8fc-44cff2683379, Nodes: dd774419-39ed-4d90-9a0e-7a7d67fca22a{ip: 192.168.5.143, host: pr-hdds-1786-trunk-klbfp-3319181915, networkLocation: /default-rack, certSerialId: null}b48366ef-6f68-46c9-99e7-9871be9f97bc{ip: 192.168.5.143, host: pr-hdds-1786-trunk-klbfp-3319181915, networkLocation: /default-rack, certSerialId: null}094d95bb-124f-4491-a67a-8d0b5b434983{ip: 192.168.5.143, host: pr-hdds-1786-trunk-klbfp-3319181915, networkLocation: /default-rack, certSerialId: null}, Type:RATIS, Factor:THREE, State:CLOSED] from datanode 094d95bb-124f-4491-a67a-8d0b5b434983{ip: 192.168.5.143, host: pr-hdds-1786-trunk-klbfp-3319181915, networkLocation: /default-rack, certSerialId: null}. Reason : 094d95bb-124f-4491-a67a-8d0b5b434983 has not seen follower/s dd774419-39ed-4d90-9a0e-7a7d67fca22a for 127564ms b48366ef-6f68-46c9-99e7-9871be9f97bc for 127546ms
2019-09-11 07:11:46,181 [EventQueue-PipelineActionsForPipelineActionHandler] INFO  pipeline.SCMPipelineManager (SCMPipelineManager.java:finalizeAndDestroyPipeline(311)) - destroying pipeline:Pipeline[ Id: 23ab43d6-1d95-4eb5-a8fc-44cff2683379, Nodes: dd774419-39ed-4d90-9a0e-7a7d67fca22a{ip: 192.168.5.143, host: pr-hdds-1786-trunk-klbfp-3319181915, networkLocation: /default-rack, certSerialId: null}b48366ef-6f68-46c9-99e7-9871be9f97bc{ip: 192.168.5.143, host: pr-hdds-1786-trunk-klbfp-3319181915, networkLocation: /default-rack, certSerialId: null}094d95bb-124f-4491-a67a-8d0b5b434983{ip: 192.168.5.143, host: pr-hdds-1786-trunk-klbfp-3319181915, networkLocation: /default-rack, certSerialId: null}, Type:RATIS, Factor:THREE, State:CLOSED]
2019-09-11 07:11:47,683 [org.apache.ratis.server.impl.LogAppender$AppenderDaemon$$Lambda$492/690755232@7fdbb0dd] ERROR ratis.XceiverServerRatis (XceiverServerRatis.java:triggerPipelineClose(575)) - pipeline Action CLOSE  on pipeline PipelineID=23ab43d6-1d95-4eb5-a8fc-44cff2683379.Reason : 094d95bb-124f-4491-a67a-8d0b5b434983 has not seen follower/s dd774419-39ed-4d90-9a0e-7a7d67fca22a for 130065ms b48366ef-6f68-46c9-99e7-9871be9f97bc for 130047ms
2019-09-11 07:11:47,683 [org.apache.ratis.server.impl.LogAppender$AppenderDaemon$$Lambda$492/690755232@3b5e296d] ERROR ratis.XceiverServerRatis (XceiverServerRatis.java:triggerPipelineClose(575)) - pipeline Action CLOSE  on pipeline PipelineID=23ab43d6-1d95-4eb5-a8fc-44cff2683379.Reason : 094d95bb-124f-4491-a67a-8d0b5b434983 has not seen follower/s dd774419-39ed-4d90-9a0e-7a7d67fca22a for 130065ms b48366ef-6f68-46c9-99e7-9871be9f97bc for 130047ms
2019-09-11 07:11:47,837 [b48366ef-6f68-46c9-99e7-9871be9f97bc@group-44CFF2683379-SegmentedRaftLogWorker] WARN  segmented.SegmentedRaftLogWorker (SegmentedRaftLogWorker.java:getFromFuture(90)) - Timeout 12/~
org.apache.ratis.protocol.TimeoutIOException: Timeout 10s: WriteLog:12: (t:1, i:12), STATEMACHINELOGENTRY, client-FA0A0DC8EAE4, cid=30-writeStateMachineData
	at org.apache.ratis.util.IOUtils.getFromFuture(IOUtils.java:87)
	at org.apache.ratis.server.raftlog.segmented.SegmentedRaftLogWorker$StateMachineDataPolicy.getFromFuture(SegmentedRaftLogWorker.java:87)
	at org.apache.ratis.server.raftlog.segmented.SegmentedRaftLogWorker$WriteLog.execute(SegmentedRaftLogWorker.java:477)
	at org.apache.ratis.server.raftlog.segmented.SegmentedRaftLogWorker.run(SegmentedRaftLogWorker.java:289)
	at java.lang.Thread.run(Thread.java:748)
Caused by: java.util.concurrent.TimeoutException
	at java.util.concurrent.CompletableFuture.timedGet(CompletableFuture.java:1771)
	at java.util.concurrent.CompletableFuture.get(CompletableFuture.java:1915)
	at org.apache.ratis.util.IOUtils.getFromFuture(IOUtils.java:79)
	... 4 more
2019-09-11 07:11:48,172 [dd774419-39ed-4d90-9a0e-7a7d67fca22a@group-44CFF2683379-SegmentedRaftLogWorker] WARN  segmented.SegmentedRaftLogWorker (SegmentedRaftLogWorker.java:getFromFuture(90)) - Timeout 12/~
org.apache.ratis.protocol.TimeoutIOException: Timeout 10s: WriteLog:13: (t:1, i:13), STATEMACHINELOGENTRY, client-FA0A0DC8EAE4, cid=31-writeStateMachineData
	at org.apache.ratis.util.IOUtils.getFromFuture(IOUtils.java:87)
	at org.apache.ratis.server.raftlog.segmented.SegmentedRaftLogWorker$StateMachineDataPolicy.getFromFuture(SegmentedRaftLogWorker.java:87)
	at org.apache.ratis.server.raftlog.segmented.SegmentedRaftLogWorker$WriteLog.execute(SegmentedRaftLogWorker.java:477)
	at org.apache.ratis.server.raftlog.segmented.SegmentedRaftLogWorker.run(SegmentedRaftLogWorker.java:289)
	at java.lang.Thread.run(Thread.java:748)
Caused by: java.util.concurrent.TimeoutException
	at java.util.concurrent.CompletableFuture.timedGet(CompletableFuture.java:1771)
	at java.util.concurrent.CompletableFuture.get(CompletableFuture.java:1915)
	at org.apache.ratis.util.IOUtils.getFromFuture(IOUtils.java:79)
	... 4 more
2019-09-11 07:11:48,172 [094d95bb-124f-4491-a67a-8d0b5b434983@group-44CFF2683379-SegmentedRaftLogWorker] WARN  segmented.SegmentedRaftLogWorker (SegmentedRaftLogWorker.java:getFromFuture(90)) - Timeout 12/~
org.apache.ratis.protocol.TimeoutIOException: Timeout 10s: WriteLog:13: (t:1, i:13), STATEMACHINELOGENTRY, client-FA0A0DC8EAE4, cid=31-writeStateMachineData
	at org.apache.ratis.util.IOUtils.getFromFuture(IOUtils.java:87)
	at org.apache.ratis.server.raftlog.segmented.SegmentedRaftLogWorker$StateMachineDataPolicy.getFromFuture(SegmentedRaftLogWorker.java:87)
	at org.apache.ratis.server.raftlog.segmented.SegmentedRaftLogWorker$WriteLog.execute(SegmentedRaftLogWorker.java:477)
	at org.apache.ratis.server.raftlog.segmented.SegmentedRaftLogWorker.run(SegmentedRaftLogWorker.java:289)
	at java.lang.Thread.run(Thread.java:748)
Caused by: java.util.concurrent.TimeoutException
	at java.util.concurrent.CompletableFuture.timedGet(CompletableFuture.java:1771)
	at java.util.concurrent.CompletableFuture.get(CompletableFuture.java:1915)
	at org.apache.ratis.util.IOUtils.getFromFuture(IOUtils.java:79)
	... 4 more
2019-09-11 07:11:48,182 [java.util.concurrent.ThreadPoolExecutor$Worker@21f64e46[State = -1, empty queue]] WARN  server.GrpcLogAppender (GrpcLogAppender.java:timeoutAppendRequest(200)) - 094d95bb-124f-4491-a67a-8d0b5b434983@group-44CFF2683379->dd774419-39ed-4d90-9a0e-7a7d67fca22a-GrpcLogAppender: appendEntries Timeout, request=094d95bb-124f-4491-a67a-8d0b5b434983->dd774419-39ed-4d90-9a0e-7a7d67fca22a#144-t1, previous=(t:1, i:18), leaderCommit=11, initializing? false, entries: <empty>
2019-09-11 07:11:48,182 [EventQueue-PipelineActionsForPipelineActionHandler] ERROR pipeline.PipelineActionHandler (PipelineActionHandler.java:onMessage(60)) - Received pipeline action CLOSE for Pipeline[ Id: 23ab43d6-1d95-4eb5-a8fc-44cff2683379, Nodes: dd774419-39ed-4d90-9a0e-7a7d67fca22a{ip: 192.168.5.143, host: pr-hdds-1786-trunk-klbfp-3319181915, networkLocation: /default-rack, certSerialId: null}b48366ef-6f68-46c9-99e7-9871be9f97bc{ip: 192.168.5.143, host: pr-hdds-1786-trunk-klbfp-3319181915, networkLocation: /default-rack, certSerialId: null}094d95bb-124f-4491-a67a-8d0b5b434983{ip: 192.168.5.143, host: pr-hdds-1786-trunk-klbfp-3319181915, networkLocation: /default-rack, certSerialId: null}, Type:RATIS, Factor:THREE, State:CLOSED] from datanode 094d95bb-124f-4491-a67a-8d0b5b434983{ip: 192.168.5.143, host: pr-hdds-1786-trunk-klbfp-3319181915, networkLocation: /default-rack, certSerialId: null}. Reason : 094d95bb-124f-4491-a67a-8d0b5b434983 has not seen follower/s dd774419-39ed-4d90-9a0e-7a7d67fca22a for 130065ms b48366ef-6f68-46c9-99e7-9871be9f97bc for 130047ms
2019-09-11 07:11:48,182 [java.util.concurrent.ThreadPoolExecutor$Worker@cd5255c[State = -1, empty queue]] WARN  server.GrpcLogAppender (GrpcLogAppender.java:timeoutAppendRequest(200)) - 094d95bb-124f-4491-a67a-8d0b5b434983@group-44CFF2683379->b48366ef-6f68-46c9-99e7-9871be9f97bc-GrpcLogAppender: appendEntries Timeout, request=094d95bb-124f-4491-a67a-8d0b5b434983->b48366ef-6f68-46c9-99e7-9871be9f97bc#144-t1, previous=(t:1, i:18), leaderCommit=11, initializing? false, entries: <empty>
2019-09-11 07:11:48,183 [EventQueue-PipelineActionsForPipelineActionHandler] INFO  pipeline.SCMPipelineManager (SCMPipelineManager.java:finalizeAndDestroyPipeline(311)) - destroying pipeline:Pipeline[ Id: 23ab43d6-1d95-4eb5-a8fc-44cff2683379, Nodes: dd774419-39ed-4d90-9a0e-7a7d67fca22a{ip: 192.168.5.143, host: pr-hdds-1786-trunk-klbfp-3319181915, networkLocation: /default-rack, certSerialId: null}b48366ef-6f68-46c9-99e7-9871be9f97bc{ip: 192.168.5.143, host: pr-hdds-1786-trunk-klbfp-3319181915, networkLocation: /default-rack, certSerialId: null}094d95bb-124f-4491-a67a-8d0b5b434983{ip: 192.168.5.143, host: pr-hdds-1786-trunk-klbfp-3319181915, networkLocation: /default-rack, certSerialId: null}, Type:RATIS, Factor:THREE, State:CLOSED]
2019-09-11 07:11:49,265 [grpc-default-executor-1] INFO  client.GrpcClientProtocolClient (GrpcClientProtocolClient.java:onNext(264)) - client-FA0A0DC8EAE4->b48366ef-6f68-46c9-99e7-9871be9f97bc: receive RaftClientReply:client-FA0A0DC8EAE4->b48366ef-6f68-46c9-99e7-9871be9f97bc@group-44CFF2683379, cid=30, FAILED org.apache.ratis.protocol.NotLeaderException: Server b48366ef-6f68-46c9-99e7-9871be9f97bc@group-44CFF2683379 is not the leader 094d95bb-124f-4491-a67a-8d0b5b434983:192.168.5.143:43792, logIndex=0, commits[b48366ef-6f68-46c9-99e7-9871be9f97bc:c11, dd774419-39ed-4d90-9a0e-7a7d67fca22a:c10, 094d95bb-124f-4491-a67a-8d0b5b434983:c11]
2019-09-11 07:11:50,184 [org.apache.ratis.server.impl.LogAppender$AppenderDaemon$$Lambda$492/690755232@7fdbb0dd] ERROR ratis.XceiverServerRatis (XceiverServerRatis.java:triggerPipelineClose(575)) - pipeline Action CLOSE  on pipeline PipelineID=23ab43d6-1d95-4eb5-a8fc-44cff2683379.Reason : 094d95bb-124f-4491-a67a-8d0b5b434983 has not seen follower/s dd774419-39ed-4d90-9a0e-7a7d67fca22a for 132566ms b48366ef-6f68-46c9-99e7-9871be9f97bc for 132548ms
2019-09-11 07:11:50,184 [org.apache.ratis.server.impl.LogAppender$AppenderDaemon$$Lambda$492/690755232@3b5e296d] ERROR ratis.XceiverServerRatis (XceiverServerRatis.java:triggerPipelineClose(575)) - pipeline Action CLOSE  on pipeline PipelineID=23ab43d6-1d95-4eb5-a8fc-44cff2683379.Reason : 094d95bb-124f-4491-a67a-8d0b5b434983 has not seen follower/s dd774419-39ed-4d90-9a0e-7a7d67fca22a for 132566ms b48366ef-6f68-46c9-99e7-9871be9f97bc for 132548ms
2019-09-11 07:11:50,683 [java.util.concurrent.ThreadPoolExecutor$Worker@21f64e46[State = -1, empty queue]] WARN  server.GrpcLogAppender (GrpcLogAppender.java:timeoutAppendRequest(200)) - 094d95bb-124f-4491-a67a-8d0b5b434983@group-44CFF2683379->dd774419-39ed-4d90-9a0e-7a7d67fca22a-GrpcLogAppender: appendEntries Timeout, request=094d95bb-124f-4491-a67a-8d0b5b434983->dd774419-39ed-4d90-9a0e-7a7d67fca22a#145-t1, previous=(t:1, i:18), leaderCommit=11, initializing? false, entries: <empty>
2019-09-11 07:11:50,683 [java.util.concurrent.ThreadPoolExecutor$Worker@cd5255c[State = -1, empty queue]] WARN  server.GrpcLogAppender (GrpcLogAppender.java:timeoutAppendRequest(200)) - 094d95bb-124f-4491-a67a-8d0b5b434983@group-44CFF2683379->b48366ef-6f68-46c9-99e7-9871be9f97bc-GrpcLogAppender: appendEntries Timeout, request=094d95bb-124f-4491-a67a-8d0b5b434983->b48366ef-6f68-46c9-99e7-9871be9f97bc#145-t1, previous=(t:1, i:18), leaderCommit=11, initializing? false, entries: <empty>
2019-09-11 07:11:51,182 [EventQueue-PipelineActionsForPipelineActionHandler] ERROR pipeline.PipelineActionHandler (PipelineActionHandler.java:onMessage(60)) - Received pipeline action CLOSE for Pipeline[ Id: 23ab43d6-1d95-4eb5-a8fc-44cff2683379, Nodes: dd774419-39ed-4d90-9a0e-7a7d67fca22a{ip: 192.168.5.143, host: pr-hdds-1786-trunk-klbfp-3319181915, networkLocation: /default-rack, certSerialId: null}b48366ef-6f68-46c9-99e7-9871be9f97bc{ip: 192.168.5.143, host: pr-hdds-1786-trunk-klbfp-3319181915, networkLocation: /default-rack, certSerialId: null}094d95bb-124f-4491-a67a-8d0b5b434983{ip: 192.168.5.143, host: pr-hdds-1786-trunk-klbfp-3319181915, networkLocation: /default-rack, certSerialId: null}, Type:RATIS, Factor:THREE, State:CLOSED] from datanode 094d95bb-124f-4491-a67a-8d0b5b434983{ip: 192.168.5.143, host: pr-hdds-1786-trunk-klbfp-3319181915, networkLocation: /default-rack, certSerialId: null}. Reason : 094d95bb-124f-4491-a67a-8d0b5b434983 has not seen follower/s dd774419-39ed-4d90-9a0e-7a7d67fca22a for 132566ms b48366ef-6f68-46c9-99e7-9871be9f97bc for 132548ms
2019-09-11 07:11:51,182 [EventQueue-PipelineActionsForPipelineActionHandler] INFO  pipeline.SCMPipelineManager (SCMPipelineManager.java:finalizeAndDestroyPipeline(311)) - destroying pipeline:Pipeline[ Id: 23ab43d6-1d95-4eb5-a8fc-44cff2683379, Nodes: dd774419-39ed-4d90-9a0e-7a7d67fca22a{ip: 192.168.5.143, host: pr-hdds-1786-trunk-klbfp-3319181915, networkLocation: /default-rack, certSerialId: null}b48366ef-6f68-46c9-99e7-9871be9f97bc{ip: 192.168.5.143, host: pr-hdds-1786-trunk-klbfp-3319181915, networkLocation: /default-rack, certSerialId: null}094d95bb-124f-4491-a67a-8d0b5b434983{ip: 192.168.5.143, host: pr-hdds-1786-trunk-klbfp-3319181915, networkLocation: /default-rack, certSerialId: null}, Type:RATIS, Factor:THREE, State:CLOSED]
2019-09-11 07:11:52,686 [org.apache.ratis.server.impl.LogAppender$AppenderDaemon$$Lambda$492/690755232@7fdbb0dd] ERROR ratis.XceiverServerRatis (XceiverServerRatis.java:triggerPipelineClose(575)) - pipeline Action CLOSE  on pipeline PipelineID=23ab43d6-1d95-4eb5-a8fc-44cff2683379.Reason : 094d95bb-124f-4491-a67a-8d0b5b434983 has not seen follower/s dd774419-39ed-4d90-9a0e-7a7d67fca22a for 135068ms b48366ef-6f68-46c9-99e7-9871be9f97bc for 135050ms
2019-09-11 07:11:52,686 [org.apache.ratis.server.impl.LogAppender$AppenderDaemon$$Lambda$492/690755232@3b5e296d] ERROR ratis.XceiverServerRatis (XceiverServerRatis.java:triggerPipelineClose(575)) - pipeline Action CLOSE  on pipeline PipelineID=23ab43d6-1d95-4eb5-a8fc-44cff2683379.Reason : 094d95bb-124f-4491-a67a-8d0b5b434983 has not seen follower/s dd774419-39ed-4d90-9a0e-7a7d67fca22a for 135068ms b48366ef-6f68-46c9-99e7-9871be9f97bc for 135050ms
2019-09-11 07:11:53,183 [EventQueue-PipelineActionsForPipelineActionHandler] ERROR pipeline.PipelineActionHandler (PipelineActionHandler.java:onMessage(60)) - Received pipeline action CLOSE for Pipeline[ Id: 23ab43d6-1d95-4eb5-a8fc-44cff2683379, Nodes: dd774419-39ed-4d90-9a0e-7a7d67fca22a{ip: 192.168.5.143, host: pr-hdds-1786-trunk-klbfp-3319181915, networkLocation: /default-rack, certSerialId: null}b48366ef-6f68-46c9-99e7-9871be9f97bc{ip: 192.168.5.143, host: pr-hdds-1786-trunk-klbfp-3319181915, networkLocation: /default-rack, certSerialId: null}094d95bb-124f-4491-a67a-8d0b5b434983{ip: 192.168.5.143, host: pr-hdds-1786-trunk-klbfp-3319181915, networkLocation: /default-rack, certSerialId: null}, Type:RATIS, Factor:THREE, State:CLOSED] from datanode 094d95bb-124f-4491-a67a-8d0b5b434983{ip: 192.168.5.143, host: pr-hdds-1786-trunk-klbfp-3319181915, networkLocation: /default-rack, certSerialId: null}. Reason : 094d95bb-124f-4491-a67a-8d0b5b434983 has not seen follower/s dd774419-39ed-4d90-9a0e-7a7d67fca22a for 135068ms b48366ef-6f68-46c9-99e7-9871be9f97bc for 135050ms
2019-09-11 07:11:53,183 [EventQueue-PipelineActionsForPipelineActionHandler] INFO  pipeline.SCMPipelineManager (SCMPipelineManager.java:finalizeAndDestroyPipeline(311)) - destroying pipeline:Pipeline[ Id: 23ab43d6-1d95-4eb5-a8fc-44cff2683379, Nodes: dd774419-39ed-4d90-9a0e-7a7d67fca22a{ip: 192.168.5.143, host: pr-hdds-1786-trunk-klbfp-3319181915, networkLocation: /default-rack, certSerialId: null}b48366ef-6f68-46c9-99e7-9871be9f97bc{ip: 192.168.5.143, host: pr-hdds-1786-trunk-klbfp-3319181915, networkLocation: /default-rack, certSerialId: null}094d95bb-124f-4491-a67a-8d0b5b434983{ip: 192.168.5.143, host: pr-hdds-1786-trunk-klbfp-3319181915, networkLocation: /default-rack, certSerialId: null}, Type:RATIS, Factor:THREE, State:CLOSED]
2019-09-11 07:11:53,184 [java.util.concurrent.ThreadPoolExecutor$Worker@cd5255c[State = -1, empty queue]] WARN  server.GrpcLogAppender (GrpcLogAppender.java:timeoutAppendRequest(200)) - 094d95bb-124f-4491-a67a-8d0b5b434983@group-44CFF2683379->b48366ef-6f68-46c9-99e7-9871be9f97bc-GrpcLogAppender: appendEntries Timeout, request=094d95bb-124f-4491-a67a-8d0b5b434983->b48366ef-6f68-46c9-99e7-9871be9f97bc#146-t1, previous=(t:1, i:18), leaderCommit=11, initializing? false, entries: <empty>
2019-09-11 07:11:53,184 [java.util.concurrent.ThreadPoolExecutor$Worker@21f64e46[State = -1, empty queue]] WARN  server.GrpcLogAppender (GrpcLogAppender.java:timeoutAppendRequest(200)) - 094d95bb-124f-4491-a67a-8d0b5b434983@group-44CFF2683379->dd774419-39ed-4d90-9a0e-7a7d67fca22a-GrpcLogAppender: appendEntries Timeout, request=094d95bb-124f-4491-a67a-8d0b5b434983->dd774419-39ed-4d90-9a0e-7a7d67fca22a#146-t1, previous=(t:1, i:18), leaderCommit=11, initializing? false, entries: <empty>
2019-09-11 07:11:54,319 [grpc-default-executor-1] INFO  client.GrpcClientProtocolClient (GrpcClientProtocolClient.java:onNext(264)) - client-FA0A0DC8EAE4->dd774419-39ed-4d90-9a0e-7a7d67fca22a: receive RaftClientReply:client-FA0A0DC8EAE4->dd774419-39ed-4d90-9a0e-7a7d67fca22a@group-44CFF2683379, cid=30, FAILED org.apache.ratis.protocol.NotLeaderException: Server dd774419-39ed-4d90-9a0e-7a7d67fca22a@group-44CFF2683379 is not the leader 094d95bb-124f-4491-a67a-8d0b5b434983:192.168.5.143:43792, logIndex=0, commits[dd774419-39ed-4d90-9a0e-7a7d67fca22a:c11, b48366ef-6f68-46c9-99e7-9871be9f97bc:c10, 094d95bb-124f-4491-a67a-8d0b5b434983:c11]
2019-09-11 07:11:55,187 [org.apache.ratis.server.impl.LogAppender$AppenderDaemon$$Lambda$492/690755232@7fdbb0dd] ERROR ratis.XceiverServerRatis (XceiverServerRatis.java:triggerPipelineClose(575)) - pipeline Action CLOSE  on pipeline PipelineID=23ab43d6-1d95-4eb5-a8fc-44cff2683379.Reason : 094d95bb-124f-4491-a67a-8d0b5b434983 has not seen follower/s dd774419-39ed-4d90-9a0e-7a7d67fca22a for 137569ms b48366ef-6f68-46c9-99e7-9871be9f97bc for 137551ms
2019-09-11 07:11:55,187 [org.apache.ratis.server.impl.LogAppender$AppenderDaemon$$Lambda$492/690755232@3b5e296d] ERROR ratis.XceiverServerRatis (XceiverServerRatis.java:triggerPipelineClose(575)) - pipeline Action CLOSE  on pipeline PipelineID=23ab43d6-1d95-4eb5-a8fc-44cff2683379.Reason : 094d95bb-124f-4491-a67a-8d0b5b434983 has not seen follower/s dd774419-39ed-4d90-9a0e-7a7d67fca22a for 137569ms b48366ef-6f68-46c9-99e7-9871be9f97bc for 137551ms
2019-09-11 07:11:55,686 [java.util.concurrent.ThreadPoolExecutor$Worker@21f64e46[State = -1, empty queue]] WARN  server.GrpcLogAppender (GrpcLogAppender.java:timeoutAppendRequest(200)) - 094d95bb-124f-4491-a67a-8d0b5b434983@group-44CFF2683379->dd774419-39ed-4d90-9a0e-7a7d67fca22a-GrpcLogAppender: appendEntries Timeout, request=094d95bb-124f-4491-a67a-8d0b5b434983->dd774419-39ed-4d90-9a0e-7a7d67fca22a#147-t1, previous=(t:1, i:18), leaderCommit=11, initializing? false, entries: <empty>
2019-09-11 07:11:55,686 [java.util.concurrent.ThreadPoolExecutor$Worker@cd5255c[State = -1, empty queue]] WARN  server.GrpcLogAppender (GrpcLogAppender.java:timeoutAppendRequest(200)) - 094d95bb-124f-4491-a67a-8d0b5b434983@group-44CFF2683379->b48366ef-6f68-46c9-99e7-9871be9f97bc-GrpcLogAppender: appendEntries Timeout, request=094d95bb-124f-4491-a67a-8d0b5b434983->b48366ef-6f68-46c9-99e7-9871be9f97bc#147-t1, previous=(t:1, i:18), leaderCommit=11, initializing? false, entries: <empty>
2019-09-11 07:11:56,182 [EventQueue-PipelineActionsForPipelineActionHandler] ERROR pipeline.PipelineActionHandler (PipelineActionHandler.java:onMessage(60)) - Received pipeline action CLOSE for Pipeline[ Id: 23ab43d6-1d95-4eb5-a8fc-44cff2683379, Nodes: dd774419-39ed-4d90-9a0e-7a7d67fca22a{ip: 192.168.5.143, host: pr-hdds-1786-trunk-klbfp-3319181915, networkLocation: /default-rack, certSerialId: null}b48366ef-6f68-46c9-99e7-9871be9f97bc{ip: 192.168.5.143, host: pr-hdds-1786-trunk-klbfp-3319181915, networkLocation: /default-rack, certSerialId: null}094d95bb-124f-4491-a67a-8d0b5b434983{ip: 192.168.5.143, host: pr-hdds-1786-trunk-klbfp-3319181915, networkLocation: /default-rack, certSerialId: null}, Type:RATIS, Factor:THREE, State:CLOSED] from datanode 094d95bb-124f-4491-a67a-8d0b5b434983{ip: 192.168.5.143, host: pr-hdds-1786-trunk-klbfp-3319181915, networkLocation: /default-rack, certSerialId: null}. Reason : 094d95bb-124f-4491-a67a-8d0b5b434983 has not seen follower/s dd774419-39ed-4d90-9a0e-7a7d67fca22a for 137569ms b48366ef-6f68-46c9-99e7-9871be9f97bc for 137551ms
2019-09-11 07:11:56,182 [EventQueue-PipelineActionsForPipelineActionHandler] INFO  pipeline.SCMPipelineManager (SCMPipelineManager.java:finalizeAndDestroyPipeline(311)) - destroying pipeline:Pipeline[ Id: 23ab43d6-1d95-4eb5-a8fc-44cff2683379, Nodes: dd774419-39ed-4d90-9a0e-7a7d67fca22a{ip: 192.168.5.143, host: pr-hdds-1786-trunk-klbfp-3319181915, networkLocation: /default-rack, certSerialId: null}b48366ef-6f68-46c9-99e7-9871be9f97bc{ip: 192.168.5.143, host: pr-hdds-1786-trunk-klbfp-3319181915, networkLocation: /default-rack, certSerialId: null}094d95bb-124f-4491-a67a-8d0b5b434983{ip: 192.168.5.143, host: pr-hdds-1786-trunk-klbfp-3319181915, networkLocation: /default-rack, certSerialId: null}, Type:RATIS, Factor:THREE, State:CLOSED]
2019-09-11 07:11:57,688 [org.apache.ratis.server.impl.LogAppender$AppenderDaemon$$Lambda$492/690755232@3b5e296d] ERROR ratis.XceiverServerRatis (XceiverServerRatis.java:triggerPipelineClose(575)) - pipeline Action CLOSE  on pipeline PipelineID=23ab43d6-1d95-4eb5-a8fc-44cff2683379.Reason : 094d95bb-124f-4491-a67a-8d0b5b434983 has not seen follower/s dd774419-39ed-4d90-9a0e-7a7d67fca22a for 140070ms b48366ef-6f68-46c9-99e7-9871be9f97bc for 140052ms
2019-09-11 07:11:57,688 [org.apache.ratis.server.impl.LogAppender$AppenderDaemon$$Lambda$492/690755232@7fdbb0dd] ERROR ratis.XceiverServerRatis (XceiverServerRatis.java:triggerPipelineClose(575)) - pipeline Action CLOSE  on pipeline PipelineID=23ab43d6-1d95-4eb5-a8fc-44cff2683379.Reason : 094d95bb-124f-4491-a67a-8d0b5b434983 has not seen follower/s dd774419-39ed-4d90-9a0e-7a7d67fca22a for 140070ms b48366ef-6f68-46c9-99e7-9871be9f97bc for 140051ms
2019-09-11 07:11:57,839 [b48366ef-6f68-46c9-99e7-9871be9f97bc@group-44CFF2683379-SegmentedRaftLogWorker] WARN  segmented.SegmentedRaftLogWorker (SegmentedRaftLogWorker.java:getFromFuture(90)) - Timeout 13/~
org.apache.ratis.protocol.TimeoutIOException: Timeout 10s: WriteLog:12: (t:1, i:12), STATEMACHINELOGENTRY, client-FA0A0DC8EAE4, cid=30-writeStateMachineData
	at org.apache.ratis.util.IOUtils.getFromFuture(IOUtils.java:87)
	at org.apache.ratis.server.raftlog.segmented.SegmentedRaftLogWorker$StateMachineDataPolicy.getFromFuture(SegmentedRaftLogWorker.java:87)
	at org.apache.ratis.server.raftlog.segmented.SegmentedRaftLogWorker$WriteLog.execute(SegmentedRaftLogWorker.java:477)
	at org.apache.ratis.server.raftlog.segmented.SegmentedRaftLogWorker.run(SegmentedRaftLogWorker.java:289)
	at java.lang.Thread.run(Thread.java:748)
Caused by: java.util.concurrent.TimeoutException
	at java.util.concurrent.CompletableFuture.timedGet(CompletableFuture.java:1771)
	at java.util.concurrent.CompletableFuture.get(CompletableFuture.java:1915)
	at org.apache.ratis.util.IOUtils.getFromFuture(IOUtils.java:79)
	... 4 more
2019-09-11 07:11:58,173 [dd774419-39ed-4d90-9a0e-7a7d67fca22a@group-44CFF2683379-SegmentedRaftLogWorker] WARN  segmented.SegmentedRaftLogWorker (SegmentedRaftLogWorker.java:getFromFuture(90)) - Timeout 13/~
org.apache.ratis.protocol.TimeoutIOException: Timeout 10s: WriteLog:13: (t:1, i:13), STATEMACHINELOGENTRY, client-FA0A0DC8EAE4, cid=31-writeStateMachineData
	at org.apache.ratis.util.IOUtils.getFromFuture(IOUtils.java:87)
	at org.apache.ratis.server.raftlog.segmented.SegmentedRaftLogWorker$StateMachineDataPolicy.getFromFuture(SegmentedRaftLogWorker.java:87)
	at org.apache.ratis.server.raftlog.segmented.SegmentedRaftLogWorker$WriteLog.execute(SegmentedRaftLogWorker.java:477)
	at org.apache.ratis.server.raftlog.segmented.SegmentedRaftLogWorker.run(SegmentedRaftLogWorker.java:289)
	at java.lang.Thread.run(Thread.java:748)
Caused by: java.util.concurrent.TimeoutException
	at java.util.concurrent.CompletableFuture.timedGet(CompletableFuture.java:1771)
	at java.util.concurrent.CompletableFuture.get(CompletableFuture.java:1915)
	at org.apache.ratis.util.IOUtils.getFromFuture(IOUtils.java:79)
	... 4 more
2019-09-11 07:11:58,174 [094d95bb-124f-4491-a67a-8d0b5b434983@group-44CFF2683379-SegmentedRaftLogWorker] WARN  segmented.SegmentedRaftLogWorker (SegmentedRaftLogWorker.java:getFromFuture(90)) - Timeout 13/~
org.apache.ratis.protocol.TimeoutIOException: Timeout 10s: WriteLog:13: (t:1, i:13), STATEMACHINELOGENTRY, client-FA0A0DC8EAE4, cid=31-writeStateMachineData
	at org.apache.ratis.util.IOUtils.getFromFuture(IOUtils.java:87)
	at org.apache.ratis.server.raftlog.segmented.SegmentedRaftLogWorker$StateMachineDataPolicy.getFromFuture(SegmentedRaftLogWorker.java:87)
	at org.apache.ratis.server.raftlog.segmented.SegmentedRaftLogWorker$WriteLog.execute(SegmentedRaftLogWorker.java:477)
	at org.apache.ratis.server.raftlog.segmented.SegmentedRaftLogWorker.run(SegmentedRaftLogWorker.java:289)
	at java.lang.Thread.run(Thread.java:748)
Caused by: java.util.concurrent.TimeoutException
	at java.util.concurrent.CompletableFuture.timedGet(CompletableFuture.java:1771)
	at java.util.concurrent.CompletableFuture.get(CompletableFuture.java:1915)
	at org.apache.ratis.util.IOUtils.getFromFuture(IOUtils.java:79)
	... 4 more
2019-09-11 07:11:58,183 [EventQueue-PipelineActionsForPipelineActionHandler] ERROR pipeline.PipelineActionHandler (PipelineActionHandler.java:onMessage(60)) - Received pipeline action CLOSE for Pipeline[ Id: 23ab43d6-1d95-4eb5-a8fc-44cff2683379, Nodes: dd774419-39ed-4d90-9a0e-7a7d67fca22a{ip: 192.168.5.143, host: pr-hdds-1786-trunk-klbfp-3319181915, networkLocation: /default-rack, certSerialId: null}b48366ef-6f68-46c9-99e7-9871be9f97bc{ip: 192.168.5.143, host: pr-hdds-1786-trunk-klbfp-3319181915, networkLocation: /default-rack, certSerialId: null}094d95bb-124f-4491-a67a-8d0b5b434983{ip: 192.168.5.143, host: pr-hdds-1786-trunk-klbfp-3319181915, networkLocation: /default-rack, certSerialId: null}, Type:RATIS, Factor:THREE, State:CLOSED] from datanode 094d95bb-124f-4491-a67a-8d0b5b434983{ip: 192.168.5.143, host: pr-hdds-1786-trunk-klbfp-3319181915, networkLocation: /default-rack, certSerialId: null}. Reason : 094d95bb-124f-4491-a67a-8d0b5b434983 has not seen follower/s dd774419-39ed-4d90-9a0e-7a7d67fca22a for 140070ms b48366ef-6f68-46c9-99e7-9871be9f97bc for 140052ms
2019-09-11 07:11:58,184 [EventQueue-PipelineActionsForPipelineActionHandler] INFO  pipeline.SCMPipelineManager (SCMPipelineManager.java:finalizeAndDestroyPipeline(311)) - destroying pipeline:Pipeline[ Id: 23ab43d6-1d95-4eb5-a8fc-44cff2683379, Nodes: dd774419-39ed-4d90-9a0e-7a7d67fca22a{ip: 192.168.5.143, host: pr-hdds-1786-trunk-klbfp-3319181915, networkLocation: /default-rack, certSerialId: null}b48366ef-6f68-46c9-99e7-9871be9f97bc{ip: 192.168.5.143, host: pr-hdds-1786-trunk-klbfp-3319181915, networkLocation: /default-rack, certSerialId: null}094d95bb-124f-4491-a67a-8d0b5b434983{ip: 192.168.5.143, host: pr-hdds-1786-trunk-klbfp-3319181915, networkLocation: /default-rack, certSerialId: null}, Type:RATIS, Factor:THREE, State:CLOSED]
2019-09-11 07:11:58,187 [java.util.concurrent.ThreadPoolExecutor$Worker@21f64e46[State = -1, empty queue]] WARN  server.GrpcLogAppender (GrpcLogAppender.java:timeoutAppendRequest(200)) - 094d95bb-124f-4491-a67a-8d0b5b434983@group-44CFF2683379->dd774419-39ed-4d90-9a0e-7a7d67fca22a-GrpcLogAppender: appendEntries Timeout, request=094d95bb-124f-4491-a67a-8d0b5b434983->dd774419-39ed-4d90-9a0e-7a7d67fca22a#148-t1, previous=(t:1, i:18), leaderCommit=11, initializing? false, entries: <empty>
2019-09-11 07:11:58,187 [java.util.concurrent.ThreadPoolExecutor$Worker@cd5255c[State = -1, empty queue]] WARN  server.GrpcLogAppender (GrpcLogAppender.java:timeoutAppendRequest(200)) - 094d95bb-124f-4491-a67a-8d0b5b434983@group-44CFF2683379->b48366ef-6f68-46c9-99e7-9871be9f97bc-GrpcLogAppender: appendEntries Timeout, request=094d95bb-124f-4491-a67a-8d0b5b434983->b48366ef-6f68-46c9-99e7-9871be9f97bc#148-t1, previous=(t:1, i:18), leaderCommit=11, initializing? false, entries: <empty>
2019-09-11 07:11:59,365 [grpc-default-executor-1] INFO  client.GrpcClientProtocolClient (GrpcClientProtocolClient.java:onNext(264)) - client-FA0A0DC8EAE4->dd774419-39ed-4d90-9a0e-7a7d67fca22a: receive RaftClientReply:client-FA0A0DC8EAE4->dd774419-39ed-4d90-9a0e-7a7d67fca22a@group-44CFF2683379, cid=30, FAILED org.apache.ratis.protocol.NotLeaderException: Server dd774419-39ed-4d90-9a0e-7a7d67fca22a@group-44CFF2683379 is not the leader 094d95bb-124f-4491-a67a-8d0b5b434983:192.168.5.143:43792, logIndex=0, commits[dd774419-39ed-4d90-9a0e-7a7d67fca22a:c11, b48366ef-6f68-46c9-99e7-9871be9f97bc:c10, 094d95bb-124f-4491-a67a-8d0b5b434983:c11]
2019-09-11 07:12:00,189 [org.apache.ratis.server.impl.LogAppender$AppenderDaemon$$Lambda$492/690755232@7fdbb0dd] ERROR ratis.XceiverServerRatis (XceiverServerRatis.java:triggerPipelineClose(575)) - pipeline Action CLOSE  on pipeline PipelineID=23ab43d6-1d95-4eb5-a8fc-44cff2683379.Reason : 094d95bb-124f-4491-a67a-8d0b5b434983 has not seen follower/s dd774419-39ed-4d90-9a0e-7a7d67fca22a for 142570ms b48366ef-6f68-46c9-99e7-9871be9f97bc for 142552ms
2019-09-11 07:12:00,189 [org.apache.ratis.server.impl.LogAppender$AppenderDaemon$$Lambda$492/690755232@3b5e296d] ERROR ratis.XceiverServerRatis (XceiverServerRatis.java:triggerPipelineClose(575)) - pipeline Action CLOSE  on pipeline PipelineID=23ab43d6-1d95-4eb5-a8fc-44cff2683379.Reason : 094d95bb-124f-4491-a67a-8d0b5b434983 has not seen follower/s dd774419-39ed-4d90-9a0e-7a7d67fca22a for 142571ms b48366ef-6f68-46c9-99e7-9871be9f97bc for 142553ms
2019-09-11 07:12:00,688 [java.util.concurrent.ThreadPoolExecutor$Worker@21f64e46[State = -1, empty queue]] WARN  server.GrpcLogAppender (GrpcLogAppender.java:timeoutAppendRequest(200)) - 094d95bb-124f-4491-a67a-8d0b5b434983@group-44CFF2683379->dd774419-39ed-4d90-9a0e-7a7d67fca22a-GrpcLogAppender: appendEntries Timeout, request=094d95bb-124f-4491-a67a-8d0b5b434983->dd774419-39ed-4d90-9a0e-7a7d67fca22a#149-t1, previous=(t:1, i:18), leaderCommit=11, initializing? false, entries: <empty>
2019-09-11 07:12:00,688 [java.util.concurrent.ThreadPoolExecutor$Worker@cd5255c[State = -1, empty queue]] WARN  server.GrpcLogAppender (GrpcLogAppender.java:timeoutAppendRequest(200)) - 094d95bb-124f-4491-a67a-8d0b5b434983@group-44CFF2683379->b48366ef-6f68-46c9-99e7-9871be9f97bc-GrpcLogAppender: appendEntries Timeout, request=094d95bb-124f-4491-a67a-8d0b5b434983->b48366ef-6f68-46c9-99e7-9871be9f97bc#149-t1, previous=(t:1, i:18), leaderCommit=11, initializing? false, entries: <empty>
2019-09-11 07:12:01,183 [EventQueue-PipelineActionsForPipelineActionHandler] ERROR pipeline.PipelineActionHandler (PipelineActionHandler.java:onMessage(60)) - Received pipeline action CLOSE for Pipeline[ Id: 23ab43d6-1d95-4eb5-a8fc-44cff2683379, Nodes: dd774419-39ed-4d90-9a0e-7a7d67fca22a{ip: 192.168.5.143, host: pr-hdds-1786-trunk-klbfp-3319181915, networkLocation: /default-rack, certSerialId: null}b48366ef-6f68-46c9-99e7-9871be9f97bc{ip: 192.168.5.143, host: pr-hdds-1786-trunk-klbfp-3319181915, networkLocation: /default-rack, certSerialId: null}094d95bb-124f-4491-a67a-8d0b5b434983{ip: 192.168.5.143, host: pr-hdds-1786-trunk-klbfp-3319181915, networkLocation: /default-rack, certSerialId: null}, Type:RATIS, Factor:THREE, State:CLOSED] from datanode 094d95bb-124f-4491-a67a-8d0b5b434983{ip: 192.168.5.143, host: pr-hdds-1786-trunk-klbfp-3319181915, networkLocation: /default-rack, certSerialId: null}. Reason : 094d95bb-124f-4491-a67a-8d0b5b434983 has not seen follower/s dd774419-39ed-4d90-9a0e-7a7d67fca22a for 142570ms b48366ef-6f68-46c9-99e7-9871be9f97bc for 142552ms
2019-09-11 07:12:01,183 [EventQueue-PipelineActionsForPipelineActionHandler] INFO  pipeline.SCMPipelineManager (SCMPipelineManager.java:finalizeAndDestroyPipeline(311)) - destroying pipeline:Pipeline[ Id: 23ab43d6-1d95-4eb5-a8fc-44cff2683379, Nodes: dd774419-39ed-4d90-9a0e-7a7d67fca22a{ip: 192.168.5.143, host: pr-hdds-1786-trunk-klbfp-3319181915, networkLocation: /default-rack, certSerialId: null}b48366ef-6f68-46c9-99e7-9871be9f97bc{ip: 192.168.5.143, host: pr-hdds-1786-trunk-klbfp-3319181915, networkLocation: /default-rack, certSerialId: null}094d95bb-124f-4491-a67a-8d0b5b434983{ip: 192.168.5.143, host: pr-hdds-1786-trunk-klbfp-3319181915, networkLocation: /default-rack, certSerialId: null}, Type:RATIS, Factor:THREE, State:CLOSED]
2019-09-11 07:12:02,691 [org.apache.ratis.server.impl.LogAppender$AppenderDaemon$$Lambda$492/690755232@3b5e296d] ERROR ratis.XceiverServerRatis (XceiverServerRatis.java:triggerPipelineClose(575)) - pipeline Action CLOSE  on pipeline PipelineID=23ab43d6-1d95-4eb5-a8fc-44cff2683379.Reason : 094d95bb-124f-4491-a67a-8d0b5b434983 has not seen follower/s dd774419-39ed-4d90-9a0e-7a7d67fca22a for 145072ms b48366ef-6f68-46c9-99e7-9871be9f97bc for 145054ms
2019-09-11 07:12:02,691 [org.apache.ratis.server.impl.LogAppender$AppenderDaemon$$Lambda$492/690755232@7fdbb0dd] ERROR ratis.XceiverServerRatis (XceiverServerRatis.java:triggerPipelineClose(575)) - pipeline Action CLOSE  on pipeline PipelineID=23ab43d6-1d95-4eb5-a8fc-44cff2683379.Reason : 094d95bb-124f-4491-a67a-8d0b5b434983 has not seen follower/s dd774419-39ed-4d90-9a0e-7a7d67fca22a for 145072ms b48366ef-6f68-46c9-99e7-9871be9f97bc for 145054ms
2019-09-11 07:12:03,184 [EventQueue-PipelineActionsForPipelineActionHandler] ERROR pipeline.PipelineActionHandler (PipelineActionHandler.java:onMessage(60)) - Received pipeline action CLOSE for Pipeline[ Id: 23ab43d6-1d95-4eb5-a8fc-44cff2683379, Nodes: dd774419-39ed-4d90-9a0e-7a7d67fca22a{ip: 192.168.5.143, host: pr-hdds-1786-trunk-klbfp-3319181915, networkLocation: /default-rack, certSerialId: null}b48366ef-6f68-46c9-99e7-9871be9f97bc{ip: 192.168.5.143, host: pr-hdds-1786-trunk-klbfp-3319181915, networkLocation: /default-rack, certSerialId: null}094d95bb-124f-4491-a67a-8d0b5b434983{ip: 192.168.5.143, host: pr-hdds-1786-trunk-klbfp-3319181915, networkLocation: /default-rack, certSerialId: null}, Type:RATIS, Factor:THREE, State:CLOSED] from datanode 094d95bb-124f-4491-a67a-8d0b5b434983{ip: 192.168.5.143, host: pr-hdds-1786-trunk-klbfp-3319181915, networkLocation: /default-rack, certSerialId: null}. Reason : 094d95bb-124f-4491-a67a-8d0b5b434983 has not seen follower/s dd774419-39ed-4d90-9a0e-7a7d67fca22a for 145072ms b48366ef-6f68-46c9-99e7-9871be9f97bc for 145054ms
2019-09-11 07:12:03,184 [EventQueue-PipelineActionsForPipelineActionHandler] INFO  pipeline.SCMPipelineManager (SCMPipelineManager.java:finalizeAndDestroyPipeline(311)) - destroying pipeline:Pipeline[ Id: 23ab43d6-1d95-4eb5-a8fc-44cff2683379, Nodes: dd774419-39ed-4d90-9a0e-7a7d67fca22a{ip: 192.168.5.143, host: pr-hdds-1786-trunk-klbfp-3319181915, networkLocation: /default-rack, certSerialId: null}b48366ef-6f68-46c9-99e7-9871be9f97bc{ip: 192.168.5.143, host: pr-hdds-1786-trunk-klbfp-3319181915, networkLocation: /default-rack, certSerialId: null}094d95bb-124f-4491-a67a-8d0b5b434983{ip: 192.168.5.143, host: pr-hdds-1786-trunk-klbfp-3319181915, networkLocation: /default-rack, certSerialId: null}, Type:RATIS, Factor:THREE, State:CLOSED]
2019-09-11 07:12:03,189 [java.util.concurrent.ThreadPoolExecutor$Worker@21f64e46[State = -1, empty queue]] WARN  server.GrpcLogAppender (GrpcLogAppender.java:timeoutAppendRequest(200)) - 094d95bb-124f-4491-a67a-8d0b5b434983@group-44CFF2683379->dd774419-39ed-4d90-9a0e-7a7d67fca22a-GrpcLogAppender: appendEntries Timeout, request=094d95bb-124f-4491-a67a-8d0b5b434983->dd774419-39ed-4d90-9a0e-7a7d67fca22a#150-t1, previous=(t:1, i:18), leaderCommit=11, initializing? false, entries: <empty>
2019-09-11 07:12:03,189 [java.util.concurrent.ThreadPoolExecutor$Worker@cd5255c[State = -1, empty queue]] WARN  server.GrpcLogAppender (GrpcLogAppender.java:timeoutAppendRequest(200)) - 094d95bb-124f-4491-a67a-8d0b5b434983@group-44CFF2683379->b48366ef-6f68-46c9-99e7-9871be9f97bc-GrpcLogAppender: appendEntries Timeout, request=094d95bb-124f-4491-a67a-8d0b5b434983->b48366ef-6f68-46c9-99e7-9871be9f97bc#150-t1, previous=(t:1, i:18), leaderCommit=11, initializing? false, entries: <empty>
2019-09-11 07:12:04,445 [grpc-default-executor-0] INFO  client.GrpcClientProtocolClient (GrpcClientProtocolClient.java:onNext(264)) - client-FA0A0DC8EAE4->b48366ef-6f68-46c9-99e7-9871be9f97bc: receive RaftClientReply:client-FA0A0DC8EAE4->b48366ef-6f68-46c9-99e7-9871be9f97bc@group-44CFF2683379, cid=30, FAILED org.apache.ratis.protocol.NotLeaderException: Server b48366ef-6f68-46c9-99e7-9871be9f97bc@group-44CFF2683379 is not the leader 094d95bb-124f-4491-a67a-8d0b5b434983:192.168.5.143:43792, logIndex=0, commits[b48366ef-6f68-46c9-99e7-9871be9f97bc:c11, dd774419-39ed-4d90-9a0e-7a7d67fca22a:c10, 094d95bb-124f-4491-a67a-8d0b5b434983:c11]
2019-09-11 07:12:05,192 [org.apache.ratis.server.impl.LogAppender$AppenderDaemon$$Lambda$492/690755232@7fdbb0dd] ERROR ratis.XceiverServerRatis (XceiverServerRatis.java:triggerPipelineClose(575)) - pipeline Action CLOSE  on pipeline PipelineID=23ab43d6-1d95-4eb5-a8fc-44cff2683379.Reason : 094d95bb-124f-4491-a67a-8d0b5b434983 has not seen follower/s dd774419-39ed-4d90-9a0e-7a7d67fca22a for 147573ms b48366ef-6f68-46c9-99e7-9871be9f97bc for 147555ms
2019-09-11 07:12:05,192 [org.apache.ratis.server.impl.LogAppender$AppenderDaemon$$Lambda$492/690755232@3b5e296d] ERROR ratis.XceiverServerRatis (XceiverServerRatis.java:triggerPipelineClose(575)) - pipeline Action CLOSE  on pipeline PipelineID=23ab43d6-1d95-4eb5-a8fc-44cff2683379.Reason : 094d95bb-124f-4491-a67a-8d0b5b434983 has not seen follower/s dd774419-39ed-4d90-9a0e-7a7d67fca22a for 147573ms b48366ef-6f68-46c9-99e7-9871be9f97bc for 147555ms
2019-09-11 07:12:05,690 [java.util.concurrent.ThreadPoolExecutor$Worker@21f64e46[State = -1, empty queue]] WARN  server.GrpcLogAppender (GrpcLogAppender.java:timeoutAppendRequest(200)) - 094d95bb-124f-4491-a67a-8d0b5b434983@group-44CFF2683379->dd774419-39ed-4d90-9a0e-7a7d67fca22a-GrpcLogAppender: appendEntries Timeout, request=094d95bb-124f-4491-a67a-8d0b5b434983->dd774419-39ed-4d90-9a0e-7a7d67fca22a#151-t1, previous=(t:1, i:18), leaderCommit=11, initializing? false, entries: <empty>
2019-09-11 07:12:05,690 [java.util.concurrent.ThreadPoolExecutor$Worker@cd5255c[State = -1, empty queue]] WARN  server.GrpcLogAppender (GrpcLogAppender.java:timeoutAppendRequest(200)) - 094d95bb-124f-4491-a67a-8d0b5b434983@group-44CFF2683379->b48366ef-6f68-46c9-99e7-9871be9f97bc-GrpcLogAppender: appendEntries Timeout, request=094d95bb-124f-4491-a67a-8d0b5b434983->b48366ef-6f68-46c9-99e7-9871be9f97bc#151-t1, previous=(t:1, i:18), leaderCommit=11, initializing? false, entries: <empty>
2019-09-11 07:12:06,183 [EventQueue-PipelineActionsForPipelineActionHandler] ERROR pipeline.PipelineActionHandler (PipelineActionHandler.java:onMessage(60)) - Received pipeline action CLOSE for Pipeline[ Id: 23ab43d6-1d95-4eb5-a8fc-44cff2683379, Nodes: dd774419-39ed-4d90-9a0e-7a7d67fca22a{ip: 192.168.5.143, host: pr-hdds-1786-trunk-klbfp-3319181915, networkLocation: /default-rack, certSerialId: null}b48366ef-6f68-46c9-99e7-9871be9f97bc{ip: 192.168.5.143, host: pr-hdds-1786-trunk-klbfp-3319181915, networkLocation: /default-rack, certSerialId: null}094d95bb-124f-4491-a67a-8d0b5b434983{ip: 192.168.5.143, host: pr-hdds-1786-trunk-klbfp-3319181915, networkLocation: /default-rack, certSerialId: null}, Type:RATIS, Factor:THREE, State:CLOSED] from datanode 094d95bb-124f-4491-a67a-8d0b5b434983{ip: 192.168.5.143, host: pr-hdds-1786-trunk-klbfp-3319181915, networkLocation: /default-rack, certSerialId: null}. Reason : 094d95bb-124f-4491-a67a-8d0b5b434983 has not seen follower/s dd774419-39ed-4d90-9a0e-7a7d67fca22a for 147573ms b48366ef-6f68-46c9-99e7-9871be9f97bc for 147555ms
2019-09-11 07:12:06,183 [EventQueue-PipelineActionsForPipelineActionHandler] INFO  pipeline.SCMPipelineManager (SCMPipelineManager.java:finalizeAndDestroyPipeline(311)) - destroying pipeline:Pipeline[ Id: 23ab43d6-1d95-4eb5-a8fc-44cff2683379, Nodes: dd774419-39ed-4d90-9a0e-7a7d67fca22a{ip: 192.168.5.143, host: pr-hdds-1786-trunk-klbfp-3319181915, networkLocation: /default-rack, certSerialId: null}b48366ef-6f68-46c9-99e7-9871be9f97bc{ip: 192.168.5.143, host: pr-hdds-1786-trunk-klbfp-3319181915, networkLocation: /default-rack, certSerialId: null}094d95bb-124f-4491-a67a-8d0b5b434983{ip: 192.168.5.143, host: pr-hdds-1786-trunk-klbfp-3319181915, networkLocation: /default-rack, certSerialId: null}, Type:RATIS, Factor:THREE, State:CLOSED]
2019-09-11 07:12:07,692 [org.apache.ratis.server.impl.LogAppender$AppenderDaemon$$Lambda$492/690755232@7fdbb0dd] ERROR ratis.XceiverServerRatis (XceiverServerRatis.java:triggerPipelineClose(575)) - pipeline Action CLOSE  on pipeline PipelineID=23ab43d6-1d95-4eb5-a8fc-44cff2683379.Reason : 094d95bb-124f-4491-a67a-8d0b5b434983 has not seen follower/s dd774419-39ed-4d90-9a0e-7a7d67fca22a for 150074ms b48366ef-6f68-46c9-99e7-9871be9f97bc for 150056ms
2019-09-11 07:12:07,692 [org.apache.ratis.server.impl.LogAppender$AppenderDaemon$$Lambda$492/690755232@3b5e296d] ERROR ratis.XceiverServerRatis (XceiverServerRatis.java:triggerPipelineClose(575)) - pipeline Action CLOSE  on pipeline PipelineID=23ab43d6-1d95-4eb5-a8fc-44cff2683379.Reason : 094d95bb-124f-4491-a67a-8d0b5b434983 has not seen follower/s dd774419-39ed-4d90-9a0e-7a7d67fca22a for 150074ms b48366ef-6f68-46c9-99e7-9871be9f97bc for 150056ms
2019-09-11 07:12:07,840 [b48366ef-6f68-46c9-99e7-9871be9f97bc@group-44CFF2683379-SegmentedRaftLogWorker] WARN  segmented.SegmentedRaftLogWorker (SegmentedRaftLogWorker.java:getFromFuture(90)) - Timeout 14/~
org.apache.ratis.protocol.TimeoutIOException: Timeout 10s: WriteLog:12: (t:1, i:12), STATEMACHINELOGENTRY, client-FA0A0DC8EAE4, cid=30-writeStateMachineData
	at org.apache.ratis.util.IOUtils.getFromFuture(IOUtils.java:87)
	at org.apache.ratis.server.raftlog.segmented.SegmentedRaftLogWorker$StateMachineDataPolicy.getFromFuture(SegmentedRaftLogWorker.java:87)
	at org.apache.ratis.server.raftlog.segmented.SegmentedRaftLogWorker$WriteLog.execute(SegmentedRaftLogWorker.java:477)
	at org.apache.ratis.server.raftlog.segmented.SegmentedRaftLogWorker.run(SegmentedRaftLogWorker.java:289)
	at java.lang.Thread.run(Thread.java:748)
Caused by: java.util.concurrent.TimeoutException
	at java.util.concurrent.CompletableFuture.timedGet(CompletableFuture.java:1771)
	at java.util.concurrent.CompletableFuture.get(CompletableFuture.java:1915)
	at org.apache.ratis.util.IOUtils.getFromFuture(IOUtils.java:79)
	... 4 more
2019-09-11 07:12:08,174 [dd774419-39ed-4d90-9a0e-7a7d67fca22a@group-44CFF2683379-SegmentedRaftLogWorker] WARN  segmented.SegmentedRaftLogWorker (SegmentedRaftLogWorker.java:getFromFuture(90)) - Timeout 14/~
org.apache.ratis.protocol.TimeoutIOException: Timeout 10s: WriteLog:13: (t:1, i:13), STATEMACHINELOGENTRY, client-FA0A0DC8EAE4, cid=31-writeStateMachineData
	at org.apache.ratis.util.IOUtils.getFromFuture(IOUtils.java:87)
	at org.apache.ratis.server.raftlog.segmented.SegmentedRaftLogWorker$StateMachineDataPolicy.getFromFuture(SegmentedRaftLogWorker.java:87)
	at org.apache.ratis.server.raftlog.segmented.SegmentedRaftLogWorker$WriteLog.execute(SegmentedRaftLogWorker.java:477)
	at org.apache.ratis.server.raftlog.segmented.SegmentedRaftLogWorker.run(SegmentedRaftLogWorker.java:289)
	at java.lang.Thread.run(Thread.java:748)
Caused by: java.util.concurrent.TimeoutException
	at java.util.concurrent.CompletableFuture.timedGet(CompletableFuture.java:1771)
	at java.util.concurrent.CompletableFuture.get(CompletableFuture.java:1915)
	at org.apache.ratis.util.IOUtils.getFromFuture(IOUtils.java:79)
	... 4 more
2019-09-11 07:12:08,175 [094d95bb-124f-4491-a67a-8d0b5b434983@group-44CFF2683379-SegmentedRaftLogWorker] WARN  segmented.SegmentedRaftLogWorker (SegmentedRaftLogWorker.java:getFromFuture(90)) - Timeout 14/~
org.apache.ratis.protocol.TimeoutIOException: Timeout 10s: WriteLog:13: (t:1, i:13), STATEMACHINELOGENTRY, client-FA0A0DC8EAE4, cid=31-writeStateMachineData
	at org.apache.ratis.util.IOUtils.getFromFuture(IOUtils.java:87)
	at org.apache.ratis.server.raftlog.segmented.SegmentedRaftLogWorker$StateMachineDataPolicy.getFromFuture(SegmentedRaftLogWorker.java:87)
	at org.apache.ratis.server.raftlog.segmented.SegmentedRaftLogWorker$WriteLog.execute(SegmentedRaftLogWorker.java:477)
	at org.apache.ratis.server.raftlog.segmented.SegmentedRaftLogWorker.run(SegmentedRaftLogWorker.java:289)
	at java.lang.Thread.run(Thread.java:748)
Caused by: java.util.concurrent.TimeoutException
	at java.util.concurrent.CompletableFuture.timedGet(CompletableFuture.java:1771)
	at java.util.concurrent.CompletableFuture.get(CompletableFuture.java:1915)
	at org.apache.ratis.util.IOUtils.getFromFuture(IOUtils.java:79)
	... 4 more
2019-09-11 07:12:08,183 [EventQueue-PipelineActionsForPipelineActionHandler] ERROR pipeline.PipelineActionHandler (PipelineActionHandler.java:onMessage(60)) - Received pipeline action CLOSE for Pipeline[ Id: 23ab43d6-1d95-4eb5-a8fc-44cff2683379, Nodes: dd774419-39ed-4d90-9a0e-7a7d67fca22a{ip: 192.168.5.143, host: pr-hdds-1786-trunk-klbfp-3319181915, networkLocation: /default-rack, certSerialId: null}b48366ef-6f68-46c9-99e7-9871be9f97bc{ip: 192.168.5.143, host: pr-hdds-1786-trunk-klbfp-3319181915, networkLocation: /default-rack, certSerialId: null}094d95bb-124f-4491-a67a-8d0b5b434983{ip: 192.168.5.143, host: pr-hdds-1786-trunk-klbfp-3319181915, networkLocation: /default-rack, certSerialId: null}, Type:RATIS, Factor:THREE, State:CLOSED] from datanode 094d95bb-124f-4491-a67a-8d0b5b434983{ip: 192.168.5.143, host: pr-hdds-1786-trunk-klbfp-3319181915, networkLocation: /default-rack, certSerialId: null}. Reason : 094d95bb-124f-4491-a67a-8d0b5b434983 has not seen follower/s dd774419-39ed-4d90-9a0e-7a7d67fca22a for 150074ms b48366ef-6f68-46c9-99e7-9871be9f97bc for 150056ms
2019-09-11 07:12:08,183 [EventQueue-PipelineActionsForPipelineActionHandler] INFO  pipeline.SCMPipelineManager (SCMPipelineManager.java:finalizeAndDestroyPipeline(311)) - destroying pipeline:Pipeline[ Id: 23ab43d6-1d95-4eb5-a8fc-44cff2683379, Nodes: dd774419-39ed-4d90-9a0e-7a7d67fca22a{ip: 192.168.5.143, host: pr-hdds-1786-trunk-klbfp-3319181915, networkLocation: /default-rack, certSerialId: null}b48366ef-6f68-46c9-99e7-9871be9f97bc{ip: 192.168.5.143, host: pr-hdds-1786-trunk-klbfp-3319181915, networkLocation: /default-rack, certSerialId: null}094d95bb-124f-4491-a67a-8d0b5b434983{ip: 192.168.5.143, host: pr-hdds-1786-trunk-klbfp-3319181915, networkLocation: /default-rack, certSerialId: null}, Type:RATIS, Factor:THREE, State:CLOSED]
2019-09-11 07:12:08,191 [java.util.concurrent.ThreadPoolExecutor$Worker@cd5255c[State = -1, empty queue]] WARN  server.GrpcLogAppender (GrpcLogAppender.java:timeoutAppendRequest(200)) - 094d95bb-124f-4491-a67a-8d0b5b434983@group-44CFF2683379->b48366ef-6f68-46c9-99e7-9871be9f97bc-GrpcLogAppender: appendEntries Timeout, request=094d95bb-124f-4491-a67a-8d0b5b434983->b48366ef-6f68-46c9-99e7-9871be9f97bc#152-t1, previous=(t:1, i:18), leaderCommit=11, initializing? false, entries: <empty>
2019-09-11 07:12:08,191 [java.util.concurrent.ThreadPoolExecutor$Worker@21f64e46[State = -1, empty queue]] WARN  server.GrpcLogAppender (GrpcLogAppender.java:timeoutAppendRequest(200)) - 094d95bb-124f-4491-a67a-8d0b5b434983@group-44CFF2683379->dd774419-39ed-4d90-9a0e-7a7d67fca22a-GrpcLogAppender: appendEntries Timeout, request=094d95bb-124f-4491-a67a-8d0b5b434983->dd774419-39ed-4d90-9a0e-7a7d67fca22a#152-t1, previous=(t:1, i:18), leaderCommit=11, initializing? false, entries: <empty>
2019-09-11 07:12:09,497 [grpc-default-executor-1] INFO  client.GrpcClientProtocolClient (GrpcClientProtocolClient.java:onNext(264)) - client-FA0A0DC8EAE4->b48366ef-6f68-46c9-99e7-9871be9f97bc: receive RaftClientReply:client-FA0A0DC8EAE4->b48366ef-6f68-46c9-99e7-9871be9f97bc@group-44CFF2683379, cid=30, FAILED org.apache.ratis.protocol.NotLeaderException: Server b48366ef-6f68-46c9-99e7-9871be9f97bc@group-44CFF2683379 is not the leader 094d95bb-124f-4491-a67a-8d0b5b434983:192.168.5.143:43792, logIndex=0, commits[b48366ef-6f68-46c9-99e7-9871be9f97bc:c11, dd774419-39ed-4d90-9a0e-7a7d67fca22a:c10, 094d95bb-124f-4491-a67a-8d0b5b434983:c11]
2019-09-11 07:12:10,194 [org.apache.ratis.server.impl.LogAppender$AppenderDaemon$$Lambda$492/690755232@7fdbb0dd] ERROR ratis.XceiverServerRatis (XceiverServerRatis.java:triggerPipelineClose(575)) - pipeline Action CLOSE  on pipeline PipelineID=23ab43d6-1d95-4eb5-a8fc-44cff2683379.Reason : 094d95bb-124f-4491-a67a-8d0b5b434983 has not seen follower/s dd774419-39ed-4d90-9a0e-7a7d67fca22a for 152575ms b48366ef-6f68-46c9-99e7-9871be9f97bc for 152557ms
2019-09-11 07:12:10,194 [org.apache.ratis.server.impl.LogAppender$AppenderDaemon$$Lambda$492/690755232@3b5e296d] ERROR ratis.XceiverServerRatis (XceiverServerRatis.java:triggerPipelineClose(575)) - pipeline Action CLOSE  on pipeline PipelineID=23ab43d6-1d95-4eb5-a8fc-44cff2683379.Reason : 094d95bb-124f-4491-a67a-8d0b5b434983 has not seen follower/s dd774419-39ed-4d90-9a0e-7a7d67fca22a for 152575ms b48366ef-6f68-46c9-99e7-9871be9f97bc for 152557ms
2019-09-11 07:12:10,692 [java.util.concurrent.ThreadPoolExecutor$Worker@21f64e46[State = -1, empty queue]] WARN  server.GrpcLogAppender (GrpcLogAppender.java:timeoutAppendRequest(200)) - 094d95bb-124f-4491-a67a-8d0b5b434983@group-44CFF2683379->dd774419-39ed-4d90-9a0e-7a7d67fca22a-GrpcLogAppender: appendEntries Timeout, request=094d95bb-124f-4491-a67a-8d0b5b434983->dd774419-39ed-4d90-9a0e-7a7d67fca22a#153-t1, previous=(t:1, i:18), leaderCommit=11, initializing? false, entries: <empty>
2019-09-11 07:12:10,692 [java.util.concurrent.ThreadPoolExecutor$Worker@cd5255c[State = -1, empty queue]] WARN  server.GrpcLogAppender (GrpcLogAppender.java:timeoutAppendRequest(200)) - 094d95bb-124f-4491-a67a-8d0b5b434983@group-44CFF2683379->b48366ef-6f68-46c9-99e7-9871be9f97bc-GrpcLogAppender: appendEntries Timeout, request=094d95bb-124f-4491-a67a-8d0b5b434983->b48366ef-6f68-46c9-99e7-9871be9f97bc#153-t1, previous=(t:1, i:18), leaderCommit=11, initializing? false, entries: <empty>
2019-09-11 07:12:11,185 [EventQueue-PipelineActionsForPipelineActionHandler] ERROR pipeline.PipelineActionHandler (PipelineActionHandler.java:onMessage(60)) - Received pipeline action CLOSE for Pipeline[ Id: 23ab43d6-1d95-4eb5-a8fc-44cff2683379, Nodes: dd774419-39ed-4d90-9a0e-7a7d67fca22a{ip: 192.168.5.143, host: pr-hdds-1786-trunk-klbfp-3319181915, networkLocation: /default-rack, certSerialId: null}b48366ef-6f68-46c9-99e7-9871be9f97bc{ip: 192.168.5.143, host: pr-hdds-1786-trunk-klbfp-3319181915, networkLocation: /default-rack, certSerialId: null}094d95bb-124f-4491-a67a-8d0b5b434983{ip: 192.168.5.143, host: pr-hdds-1786-trunk-klbfp-3319181915, networkLocation: /default-rack, certSerialId: null}, Type:RATIS, Factor:THREE, State:CLOSED] from datanode 094d95bb-124f-4491-a67a-8d0b5b434983{ip: 192.168.5.143, host: pr-hdds-1786-trunk-klbfp-3319181915, networkLocation: /default-rack, certSerialId: null}. Reason : 094d95bb-124f-4491-a67a-8d0b5b434983 has not seen follower/s dd774419-39ed-4d90-9a0e-7a7d67fca22a for 152575ms b48366ef-6f68-46c9-99e7-9871be9f97bc for 152557ms
2019-09-11 07:12:11,185 [EventQueue-PipelineActionsForPipelineActionHandler] INFO  pipeline.SCMPipelineManager (SCMPipelineManager.java:finalizeAndDestroyPipeline(311)) - destroying pipeline:Pipeline[ Id: 23ab43d6-1d95-4eb5-a8fc-44cff2683379, Nodes: dd774419-39ed-4d90-9a0e-7a7d67fca22a{ip: 192.168.5.143, host: pr-hdds-1786-trunk-klbfp-3319181915, networkLocation: /default-rack, certSerialId: null}b48366ef-6f68-46c9-99e7-9871be9f97bc{ip: 192.168.5.143, host: pr-hdds-1786-trunk-klbfp-3319181915, networkLocation: /default-rack, certSerialId: null}094d95bb-124f-4491-a67a-8d0b5b434983{ip: 192.168.5.143, host: pr-hdds-1786-trunk-klbfp-3319181915, networkLocation: /default-rack, certSerialId: null}, Type:RATIS, Factor:THREE, State:CLOSED]
2019-09-11 07:12:12,694 [org.apache.ratis.server.impl.LogAppender$AppenderDaemon$$Lambda$492/690755232@3b5e296d] ERROR ratis.XceiverServerRatis (XceiverServerRatis.java:triggerPipelineClose(575)) - pipeline Action CLOSE  on pipeline PipelineID=23ab43d6-1d95-4eb5-a8fc-44cff2683379.Reason : 094d95bb-124f-4491-a67a-8d0b5b434983 has not seen follower/s dd774419-39ed-4d90-9a0e-7a7d67fca22a for 155076ms b48366ef-6f68-46c9-99e7-9871be9f97bc for 155058ms
2019-09-11 07:12:12,694 [org.apache.ratis.server.impl.LogAppender$AppenderDaemon$$Lambda$492/690755232@7fdbb0dd] ERROR ratis.XceiverServerRatis (XceiverServerRatis.java:triggerPipelineClose(575)) - pipeline Action CLOSE  on pipeline PipelineID=23ab43d6-1d95-4eb5-a8fc-44cff2683379.Reason : 094d95bb-124f-4491-a67a-8d0b5b434983 has not seen follower/s dd774419-39ed-4d90-9a0e-7a7d67fca22a for 155076ms b48366ef-6f68-46c9-99e7-9871be9f97bc for 155058ms
2019-09-11 07:12:13,186 [EventQueue-PipelineActionsForPipelineActionHandler] ERROR pipeline.PipelineActionHandler (PipelineActionHandler.java:onMessage(60)) - Received pipeline action CLOSE for Pipeline[ Id: 23ab43d6-1d95-4eb5-a8fc-44cff2683379, Nodes: dd774419-39ed-4d90-9a0e-7a7d67fca22a{ip: 192.168.5.143, host: pr-hdds-1786-trunk-klbfp-3319181915, networkLocation: /default-rack, certSerialId: null}b48366ef-6f68-46c9-99e7-9871be9f97bc{ip: 192.168.5.143, host: pr-hdds-1786-trunk-klbfp-3319181915, networkLocation: /default-rack, certSerialId: null}094d95bb-124f-4491-a67a-8d0b5b434983{ip: 192.168.5.143, host: pr-hdds-1786-trunk-klbfp-3319181915, networkLocation: /default-rack, certSerialId: null}, Type:RATIS, Factor:THREE, State:CLOSED] from datanode 094d95bb-124f-4491-a67a-8d0b5b434983{ip: 192.168.5.143, host: pr-hdds-1786-trunk-klbfp-3319181915, networkLocation: /default-rack, certSerialId: null}. Reason : 094d95bb-124f-4491-a67a-8d0b5b434983 has not seen follower/s dd774419-39ed-4d90-9a0e-7a7d67fca22a for 155076ms b48366ef-6f68-46c9-99e7-9871be9f97bc for 155058ms
2019-09-11 07:12:13,186 [EventQueue-PipelineActionsForPipelineActionHandler] INFO  pipeline.SCMPipelineManager (SCMPipelineManager.java:finalizeAndDestroyPipeline(311)) - destroying pipeline:Pipeline[ Id: 23ab43d6-1d95-4eb5-a8fc-44cff2683379, Nodes: dd774419-39ed-4d90-9a0e-7a7d67fca22a{ip: 192.168.5.143, host: pr-hdds-1786-trunk-klbfp-3319181915, networkLocation: /default-rack, certSerialId: null}b48366ef-6f68-46c9-99e7-9871be9f97bc{ip: 192.168.5.143, host: pr-hdds-1786-trunk-klbfp-3319181915, networkLocation: /default-rack, certSerialId: null}094d95bb-124f-4491-a67a-8d0b5b434983{ip: 192.168.5.143, host: pr-hdds-1786-trunk-klbfp-3319181915, networkLocation: /default-rack, certSerialId: null}, Type:RATIS, Factor:THREE, State:CLOSED]
2019-09-11 07:12:13,194 [java.util.concurrent.ThreadPoolExecutor$Worker@21f64e46[State = -1, empty queue]] WARN  server.GrpcLogAppender (GrpcLogAppender.java:timeoutAppendRequest(200)) - 094d95bb-124f-4491-a67a-8d0b5b434983@group-44CFF2683379->dd774419-39ed-4d90-9a0e-7a7d67fca22a-GrpcLogAppender: appendEntries Timeout, request=094d95bb-124f-4491-a67a-8d0b5b434983->dd774419-39ed-4d90-9a0e-7a7d67fca22a#154-t1, previous=(t:1, i:18), leaderCommit=11, initializing? false, entries: <empty>
2019-09-11 07:12:13,194 [java.util.concurrent.ThreadPoolExecutor$Worker@cd5255c[State = -1, empty queue]] WARN  server.GrpcLogAppender (GrpcLogAppender.java:timeoutAppendRequest(200)) - 094d95bb-124f-4491-a67a-8d0b5b434983@group-44CFF2683379->b48366ef-6f68-46c9-99e7-9871be9f97bc-GrpcLogAppender: appendEntries Timeout, request=094d95bb-124f-4491-a67a-8d0b5b434983->b48366ef-6f68-46c9-99e7-9871be9f97bc#154-t1, previous=(t:1, i:18), leaderCommit=11, initializing? false, entries: <empty>
2019-09-11 07:12:14,559 [grpc-default-executor-0] INFO  client.GrpcClientProtocolClient (GrpcClientProtocolClient.java:onNext(264)) - client-FA0A0DC8EAE4->dd774419-39ed-4d90-9a0e-7a7d67fca22a: receive RaftClientReply:client-FA0A0DC8EAE4->dd774419-39ed-4d90-9a0e-7a7d67fca22a@group-44CFF2683379, cid=30, FAILED org.apache.ratis.protocol.NotLeaderException: Server dd774419-39ed-4d90-9a0e-7a7d67fca22a@group-44CFF2683379 is not the leader 094d95bb-124f-4491-a67a-8d0b5b434983:192.168.5.143:43792, logIndex=0, commits[dd774419-39ed-4d90-9a0e-7a7d67fca22a:c11, b48366ef-6f68-46c9-99e7-9871be9f97bc:c10, 094d95bb-124f-4491-a67a-8d0b5b434983:c11]
2019-09-11 07:12:15,195 [org.apache.ratis.server.impl.LogAppender$AppenderDaemon$$Lambda$492/690755232@7fdbb0dd] ERROR ratis.XceiverServerRatis (XceiverServerRatis.java:triggerPipelineClose(575)) - pipeline Action CLOSE  on pipeline PipelineID=23ab43d6-1d95-4eb5-a8fc-44cff2683379.Reason : 094d95bb-124f-4491-a67a-8d0b5b434983 has not seen follower/s dd774419-39ed-4d90-9a0e-7a7d67fca22a for 157577ms b48366ef-6f68-46c9-99e7-9871be9f97bc for 157559ms
2019-09-11 07:12:15,195 [org.apache.ratis.server.impl.LogAppender$AppenderDaemon$$Lambda$492/690755232@3b5e296d] ERROR ratis.XceiverServerRatis (XceiverServerRatis.java:triggerPipelineClose(575)) - pipeline Action CLOSE  on pipeline PipelineID=23ab43d6-1d95-4eb5-a8fc-44cff2683379.Reason : 094d95bb-124f-4491-a67a-8d0b5b434983 has not seen follower/s dd774419-39ed-4d90-9a0e-7a7d67fca22a for 157577ms b48366ef-6f68-46c9-99e7-9871be9f97bc for 157559ms
2019-09-11 07:12:15,694 [java.util.concurrent.ThreadPoolExecutor$Worker@cd5255c[State = -1, empty queue]] WARN  server.GrpcLogAppender (GrpcLogAppender.java:timeoutAppendRequest(200)) - 094d95bb-124f-4491-a67a-8d0b5b434983@group-44CFF2683379->b48366ef-6f68-46c9-99e7-9871be9f97bc-GrpcLogAppender: appendEntries Timeout, request=094d95bb-124f-4491-a67a-8d0b5b434983->b48366ef-6f68-46c9-99e7-9871be9f97bc#155-t1, previous=(t:1, i:18), leaderCommit=11, initializing? false, entries: <empty>
2019-09-11 07:12:15,694 [java.util.concurrent.ThreadPoolExecutor$Worker@21f64e46[State = -1, empty queue]] WARN  server.GrpcLogAppender (GrpcLogAppender.java:timeoutAppendRequest(200)) - 094d95bb-124f-4491-a67a-8d0b5b434983@group-44CFF2683379->dd774419-39ed-4d90-9a0e-7a7d67fca22a-GrpcLogAppender: appendEntries Timeout, request=094d95bb-124f-4491-a67a-8d0b5b434983->dd774419-39ed-4d90-9a0e-7a7d67fca22a#155-t1, previous=(t:1, i:18), leaderCommit=11, initializing? false, entries: <empty>
2019-09-11 07:12:16,185 [EventQueue-PipelineActionsForPipelineActionHandler] ERROR pipeline.PipelineActionHandler (PipelineActionHandler.java:onMessage(60)) - Received pipeline action CLOSE for Pipeline[ Id: 23ab43d6-1d95-4eb5-a8fc-44cff2683379, Nodes: dd774419-39ed-4d90-9a0e-7a7d67fca22a{ip: 192.168.5.143, host: pr-hdds-1786-trunk-klbfp-3319181915, networkLocation: /default-rack, certSerialId: null}b48366ef-6f68-46c9-99e7-9871be9f97bc{ip: 192.168.5.143, host: pr-hdds-1786-trunk-klbfp-3319181915, networkLocation: /default-rack, certSerialId: null}094d95bb-124f-4491-a67a-8d0b5b434983{ip: 192.168.5.143, host: pr-hdds-1786-trunk-klbfp-3319181915, networkLocation: /default-rack, certSerialId: null}, Type:RATIS, Factor:THREE, State:CLOSED] from datanode 094d95bb-124f-4491-a67a-8d0b5b434983{ip: 192.168.5.143, host: pr-hdds-1786-trunk-klbfp-3319181915, networkLocation: /default-rack, certSerialId: null}. Reason : 094d95bb-124f-4491-a67a-8d0b5b434983 has not seen follower/s dd774419-39ed-4d90-9a0e-7a7d67fca22a for 157577ms b48366ef-6f68-46c9-99e7-9871be9f97bc for 157559ms
2019-09-11 07:12:16,185 [EventQueue-PipelineActionsForPipelineActionHandler] INFO  pipeline.SCMPipelineManager (SCMPipelineManager.java:finalizeAndDestroyPipeline(311)) - destroying pipeline:Pipeline[ Id: 23ab43d6-1d95-4eb5-a8fc-44cff2683379, Nodes: dd774419-39ed-4d90-9a0e-7a7d67fca22a{ip: 192.168.5.143, host: pr-hdds-1786-trunk-klbfp-3319181915, networkLocation: /default-rack, certSerialId: null}b48366ef-6f68-46c9-99e7-9871be9f97bc{ip: 192.168.5.143, host: pr-hdds-1786-trunk-klbfp-3319181915, networkLocation: /default-rack, certSerialId: null}094d95bb-124f-4491-a67a-8d0b5b434983{ip: 192.168.5.143, host: pr-hdds-1786-trunk-klbfp-3319181915, networkLocation: /default-rack, certSerialId: null}, Type:RATIS, Factor:THREE, State:CLOSED]
2019-09-11 07:12:17,697 [org.apache.ratis.server.impl.LogAppender$AppenderDaemon$$Lambda$492/690755232@7fdbb0dd] ERROR ratis.XceiverServerRatis (XceiverServerRatis.java:triggerPipelineClose(575)) - pipeline Action CLOSE  on pipeline PipelineID=23ab43d6-1d95-4eb5-a8fc-44cff2683379.Reason : 094d95bb-124f-4491-a67a-8d0b5b434983 has not seen follower/s dd774419-39ed-4d90-9a0e-7a7d67fca22a for 160078ms b48366ef-6f68-46c9-99e7-9871be9f97bc for 160060ms
2019-09-11 07:12:17,697 [org.apache.ratis.server.impl.LogAppender$AppenderDaemon$$Lambda$492/690755232@3b5e296d] ERROR ratis.XceiverServerRatis (XceiverServerRatis.java:triggerPipelineClose(575)) - pipeline Action CLOSE  on pipeline PipelineID=23ab43d6-1d95-4eb5-a8fc-44cff2683379.Reason : 094d95bb-124f-4491-a67a-8d0b5b434983 has not seen follower/s dd774419-39ed-4d90-9a0e-7a7d67fca22a for 160078ms b48366ef-6f68-46c9-99e7-9871be9f97bc for 160060ms
2019-09-11 07:12:17,841 [b48366ef-6f68-46c9-99e7-9871be9f97bc@group-44CFF2683379-SegmentedRaftLogWorker] WARN  segmented.SegmentedRaftLogWorker (SegmentedRaftLogWorker.java:getFromFuture(90)) - Timeout 15/~
org.apache.ratis.protocol.TimeoutIOException: Timeout 10s: WriteLog:12: (t:1, i:12), STATEMACHINELOGENTRY, client-FA0A0DC8EAE4, cid=30-writeStateMachineData
	at org.apache.ratis.util.IOUtils.getFromFuture(IOUtils.java:87)
	at org.apache.ratis.server.raftlog.segmented.SegmentedRaftLogWorker$StateMachineDataPolicy.getFromFuture(SegmentedRaftLogWorker.java:87)
	at org.apache.ratis.server.raftlog.segmented.SegmentedRaftLogWorker$WriteLog.execute(SegmentedRaftLogWorker.java:477)
	at org.apache.ratis.server.raftlog.segmented.SegmentedRaftLogWorker.run(SegmentedRaftLogWorker.java:289)
	at java.lang.Thread.run(Thread.java:748)
Caused by: java.util.concurrent.TimeoutException
	at java.util.concurrent.CompletableFuture.timedGet(CompletableFuture.java:1771)
	at java.util.concurrent.CompletableFuture.get(CompletableFuture.java:1915)
	at org.apache.ratis.util.IOUtils.getFromFuture(IOUtils.java:79)
	... 4 more
2019-09-11 07:12:18,175 [dd774419-39ed-4d90-9a0e-7a7d67fca22a@group-44CFF2683379-SegmentedRaftLogWorker] WARN  segmented.SegmentedRaftLogWorker (SegmentedRaftLogWorker.java:getFromFuture(90)) - Timeout 15/~
org.apache.ratis.protocol.TimeoutIOException: Timeout 10s: WriteLog:13: (t:1, i:13), STATEMACHINELOGENTRY, client-FA0A0DC8EAE4, cid=31-writeStateMachineData
	at org.apache.ratis.util.IOUtils.getFromFuture(IOUtils.java:87)
	at org.apache.ratis.server.raftlog.segmented.SegmentedRaftLogWorker$StateMachineDataPolicy.getFromFuture(SegmentedRaftLogWorker.java:87)
	at org.apache.ratis.server.raftlog.segmented.SegmentedRaftLogWorker$WriteLog.execute(SegmentedRaftLogWorker.java:477)
	at org.apache.ratis.server.raftlog.segmented.SegmentedRaftLogWorker.run(SegmentedRaftLogWorker.java:289)
	at java.lang.Thread.run(Thread.java:748)
Caused by: java.util.concurrent.TimeoutException
	at java.util.concurrent.CompletableFuture.timedGet(CompletableFuture.java:1771)
	at java.util.concurrent.CompletableFuture.get(CompletableFuture.java:1915)
	at org.apache.ratis.util.IOUtils.getFromFuture(IOUtils.java:79)
	... 4 more
2019-09-11 07:12:18,195 [094d95bb-124f-4491-a67a-8d0b5b434983@group-44CFF2683379-SegmentedRaftLogWorker] WARN  segmented.SegmentedRaftLogWorker (SegmentedRaftLogWorker.java:getFromFuture(90)) - Timeout 15/~
org.apache.ratis.protocol.TimeoutIOException: Timeout 10s: WriteLog:13: (t:1, i:13), STATEMACHINELOGENTRY, client-FA0A0DC8EAE4, cid=31-writeStateMachineData
	at org.apache.ratis.util.IOUtils.getFromFuture(IOUtils.java:87)
	at org.apache.ratis.server.raftlog.segmented.SegmentedRaftLogWorker$StateMachineDataPolicy.getFromFuture(SegmentedRaftLogWorker.java:87)
	at org.apache.ratis.server.raftlog.segmented.SegmentedRaftLogWorker$WriteLog.execute(SegmentedRaftLogWorker.java:477)
	at org.apache.ratis.server.raftlog.segmented.SegmentedRaftLogWorker.run(SegmentedRaftLogWorker.java:289)
	at java.lang.Thread.run(Thread.java:748)
Caused by: java.util.concurrent.TimeoutException
	at java.util.concurrent.CompletableFuture.timedGet(CompletableFuture.java:1771)
	at java.util.concurrent.CompletableFuture.get(CompletableFuture.java:1915)
	at org.apache.ratis.util.IOUtils.getFromFuture(IOUtils.java:79)
	... 4 more
2019-09-11 07:12:18,195 [java.util.concurrent.ThreadPoolExecutor$Worker@cd5255c[State = -1, empty queue]] WARN  server.GrpcLogAppender (GrpcLogAppender.java:timeoutAppendRequest(200)) - 094d95bb-124f-4491-a67a-8d0b5b434983@group-44CFF2683379->b48366ef-6f68-46c9-99e7-9871be9f97bc-GrpcLogAppender: appendEntries Timeout, request=094d95bb-124f-4491-a67a-8d0b5b434983->b48366ef-6f68-46c9-99e7-9871be9f97bc#156-t1, previous=(t:1, i:18), leaderCommit=11, initializing? false, entries: <empty>
2019-09-11 07:12:18,195 [java.util.concurrent.ThreadPoolExecutor$Worker@21f64e46[State = -1, empty queue]] WARN  server.GrpcLogAppender (GrpcLogAppender.java:timeoutAppendRequest(200)) - 094d95bb-124f-4491-a67a-8d0b5b434983@group-44CFF2683379->dd774419-39ed-4d90-9a0e-7a7d67fca22a-GrpcLogAppender: appendEntries Timeout, request=094d95bb-124f-4491-a67a-8d0b5b434983->dd774419-39ed-4d90-9a0e-7a7d67fca22a#156-t1, previous=(t:1, i:18), leaderCommit=11, initializing? false, entries: <empty>
2019-09-11 07:12:18,196 [EventQueue-PipelineActionsForPipelineActionHandler] ERROR pipeline.PipelineActionHandler (PipelineActionHandler.java:onMessage(60)) - Received pipeline action CLOSE for Pipeline[ Id: 23ab43d6-1d95-4eb5-a8fc-44cff2683379, Nodes: dd774419-39ed-4d90-9a0e-7a7d67fca22a{ip: 192.168.5.143, host: pr-hdds-1786-trunk-klbfp-3319181915, networkLocation: /default-rack, certSerialId: null}b48366ef-6f68-46c9-99e7-9871be9f97bc{ip: 192.168.5.143, host: pr-hdds-1786-trunk-klbfp-3319181915, networkLocation: /default-rack, certSerialId: null}094d95bb-124f-4491-a67a-8d0b5b434983{ip: 192.168.5.143, host: pr-hdds-1786-trunk-klbfp-3319181915, networkLocation: /default-rack, certSerialId: null}, Type:RATIS, Factor:THREE, State:CLOSED] from datanode 094d95bb-124f-4491-a67a-8d0b5b434983{ip: 192.168.5.143, host: pr-hdds-1786-trunk-klbfp-3319181915, networkLocation: /default-rack, certSerialId: null}. Reason : 094d95bb-124f-4491-a67a-8d0b5b434983 has not seen follower/s dd774419-39ed-4d90-9a0e-7a7d67fca22a for 160078ms b48366ef-6f68-46c9-99e7-9871be9f97bc for 160060ms
2019-09-11 07:12:18,196 [EventQueue-PipelineActionsForPipelineActionHandler] INFO  pipeline.SCMPipelineManager (SCMPipelineManager.java:finalizeAndDestroyPipeline(311)) - destroying pipeline:Pipeline[ Id: 23ab43d6-1d95-4eb5-a8fc-44cff2683379, Nodes: dd774419-39ed-4d90-9a0e-7a7d67fca22a{ip: 192.168.5.143, host: pr-hdds-1786-trunk-klbfp-3319181915, networkLocation: /default-rack, certSerialId: null}b48366ef-6f68-46c9-99e7-9871be9f97bc{ip: 192.168.5.143, host: pr-hdds-1786-trunk-klbfp-3319181915, networkLocation: /default-rack, certSerialId: null}094d95bb-124f-4491-a67a-8d0b5b434983{ip: 192.168.5.143, host: pr-hdds-1786-trunk-klbfp-3319181915, networkLocation: /default-rack, certSerialId: null}, Type:RATIS, Factor:THREE, State:CLOSED]
2019-09-11 07:12:19,602 [grpc-default-executor-1] INFO  client.GrpcClientProtocolClient (GrpcClientProtocolClient.java:onNext(264)) - client-FA0A0DC8EAE4->b48366ef-6f68-46c9-99e7-9871be9f97bc: receive RaftClientReply:client-FA0A0DC8EAE4->b48366ef-6f68-46c9-99e7-9871be9f97bc@group-44CFF2683379, cid=30, FAILED org.apache.ratis.protocol.NotLeaderException: Server b48366ef-6f68-46c9-99e7-9871be9f97bc@group-44CFF2683379 is not the leader 094d95bb-124f-4491-a67a-8d0b5b434983:192.168.5.143:43792, logIndex=0, commits[b48366ef-6f68-46c9-99e7-9871be9f97bc:c11, dd774419-39ed-4d90-9a0e-7a7d67fca22a:c10, 094d95bb-124f-4491-a67a-8d0b5b434983:c11]
2019-09-11 07:12:20,197 [org.apache.ratis.server.impl.LogAppender$AppenderDaemon$$Lambda$492/690755232@7fdbb0dd] ERROR ratis.XceiverServerRatis (XceiverServerRatis.java:triggerPipelineClose(575)) - pipeline Action CLOSE  on pipeline PipelineID=23ab43d6-1d95-4eb5-a8fc-44cff2683379.Reason : 094d95bb-124f-4491-a67a-8d0b5b434983 has not seen follower/s dd774419-39ed-4d90-9a0e-7a7d67fca22a for 162579ms b48366ef-6f68-46c9-99e7-9871be9f97bc for 162561ms
2019-09-11 07:12:20,197 [org.apache.ratis.server.impl.LogAppender$AppenderDaemon$$Lambda$492/690755232@3b5e296d] ERROR ratis.XceiverServerRatis (XceiverServerRatis.java:triggerPipelineClose(575)) - pipeline Action CLOSE  on pipeline PipelineID=23ab43d6-1d95-4eb5-a8fc-44cff2683379.Reason : 094d95bb-124f-4491-a67a-8d0b5b434983 has not seen follower/s dd774419-39ed-4d90-9a0e-7a7d67fca22a for 162579ms b48366ef-6f68-46c9-99e7-9871be9f97bc for 162561ms
2019-09-11 07:12:20,696 [java.util.concurrent.ThreadPoolExecutor$Worker@21f64e46[State = -1, empty queue]] WARN  server.GrpcLogAppender (GrpcLogAppender.java:timeoutAppendRequest(200)) - 094d95bb-124f-4491-a67a-8d0b5b434983@group-44CFF2683379->dd774419-39ed-4d90-9a0e-7a7d67fca22a-GrpcLogAppender: appendEntries Timeout, request=094d95bb-124f-4491-a67a-8d0b5b434983->dd774419-39ed-4d90-9a0e-7a7d67fca22a#157-t1, previous=(t:1, i:18), leaderCommit=11, initializing? false, entries: <empty>
2019-09-11 07:12:20,696 [java.util.concurrent.ThreadPoolExecutor$Worker@cd5255c[State = -1, empty queue]] WARN  server.GrpcLogAppender (GrpcLogAppender.java:timeoutAppendRequest(200)) - 094d95bb-124f-4491-a67a-8d0b5b434983@group-44CFF2683379->b48366ef-6f68-46c9-99e7-9871be9f97bc-GrpcLogAppender: appendEntries Timeout, request=094d95bb-124f-4491-a67a-8d0b5b434983->b48366ef-6f68-46c9-99e7-9871be9f97bc#157-t1, previous=(t:1, i:18), leaderCommit=11, initializing? false, entries: <empty>
2019-09-11 07:12:21,189 [EventQueue-PipelineActionsForPipelineActionHandler] ERROR pipeline.PipelineActionHandler (PipelineActionHandler.java:onMessage(60)) - Received pipeline action CLOSE for Pipeline[ Id: 23ab43d6-1d95-4eb5-a8fc-44cff2683379, Nodes: dd774419-39ed-4d90-9a0e-7a7d67fca22a{ip: 192.168.5.143, host: pr-hdds-1786-trunk-klbfp-3319181915, networkLocation: /default-rack, certSerialId: null}b48366ef-6f68-46c9-99e7-9871be9f97bc{ip: 192.168.5.143, host: pr-hdds-1786-trunk-klbfp-3319181915, networkLocation: /default-rack, certSerialId: null}094d95bb-124f-4491-a67a-8d0b5b434983{ip: 192.168.5.143, host: pr-hdds-1786-trunk-klbfp-3319181915, networkLocation: /default-rack, certSerialId: null}, Type:RATIS, Factor:THREE, State:CLOSED] from datanode 094d95bb-124f-4491-a67a-8d0b5b434983{ip: 192.168.5.143, host: pr-hdds-1786-trunk-klbfp-3319181915, networkLocation: /default-rack, certSerialId: null}. Reason : 094d95bb-124f-4491-a67a-8d0b5b434983 has not seen follower/s dd774419-39ed-4d90-9a0e-7a7d67fca22a for 162579ms b48366ef-6f68-46c9-99e7-9871be9f97bc for 162561ms
2019-09-11 07:12:21,189 [EventQueue-PipelineActionsForPipelineActionHandler] INFO  pipeline.SCMPipelineManager (SCMPipelineManager.java:finalizeAndDestroyPipeline(311)) - destroying pipeline:Pipeline[ Id: 23ab43d6-1d95-4eb5-a8fc-44cff2683379, Nodes: dd774419-39ed-4d90-9a0e-7a7d67fca22a{ip: 192.168.5.143, host: pr-hdds-1786-trunk-klbfp-3319181915, networkLocation: /default-rack, certSerialId: null}b48366ef-6f68-46c9-99e7-9871be9f97bc{ip: 192.168.5.143, host: pr-hdds-1786-trunk-klbfp-3319181915, networkLocation: /default-rack, certSerialId: null}094d95bb-124f-4491-a67a-8d0b5b434983{ip: 192.168.5.143, host: pr-hdds-1786-trunk-klbfp-3319181915, networkLocation: /default-rack, certSerialId: null}, Type:RATIS, Factor:THREE, State:CLOSED]
2019-09-11 07:12:22,698 [org.apache.ratis.server.impl.LogAppender$AppenderDaemon$$Lambda$492/690755232@7fdbb0dd] ERROR ratis.XceiverServerRatis (XceiverServerRatis.java:triggerPipelineClose(575)) - pipeline Action CLOSE  on pipeline PipelineID=23ab43d6-1d95-4eb5-a8fc-44cff2683379.Reason : 094d95bb-124f-4491-a67a-8d0b5b434983 has not seen follower/s dd774419-39ed-4d90-9a0e-7a7d67fca22a for 165080ms b48366ef-6f68-46c9-99e7-9871be9f97bc for 165062ms
2019-09-11 07:12:22,698 [org.apache.ratis.server.impl.LogAppender$AppenderDaemon$$Lambda$492/690755232@3b5e296d] ERROR ratis.XceiverServerRatis (XceiverServerRatis.java:triggerPipelineClose(575)) - pipeline Action CLOSE  on pipeline PipelineID=23ab43d6-1d95-4eb5-a8fc-44cff2683379.Reason : 094d95bb-124f-4491-a67a-8d0b5b434983 has not seen follower/s dd774419-39ed-4d90-9a0e-7a7d67fca22a for 165080ms b48366ef-6f68-46c9-99e7-9871be9f97bc for 165062ms
2019-09-11 07:12:23,124 [grpc-default-executor-5] INFO  impl.RaftServerProxy (RaftServerProxy.java:addNew(89)) - dd774419-39ed-4d90-9a0e-7a7d67fca22a: addNew group-59D25F489DB2:[dd774419-39ed-4d90-9a0e-7a7d67fca22a:192.168.5.143:40852, b48366ef-6f68-46c9-99e7-9871be9f97bc:192.168.5.143:42210, 094d95bb-124f-4491-a67a-8d0b5b434983:192.168.5.143:43792] returns group-59D25F489DB2:java.util.concurrent.CompletableFuture@312b0f19[Not completed]
2019-09-11 07:12:23,124 [grpc-default-executor-0] INFO  impl.RaftServerProxy (RaftServerProxy.java:addNew(89)) - b48366ef-6f68-46c9-99e7-9871be9f97bc: addNew group-59D25F489DB2:[dd774419-39ed-4d90-9a0e-7a7d67fca22a:192.168.5.143:40852, b48366ef-6f68-46c9-99e7-9871be9f97bc:192.168.5.143:42210, 094d95bb-124f-4491-a67a-8d0b5b434983:192.168.5.143:43792] returns group-59D25F489DB2:java.util.concurrent.CompletableFuture@39afe5da[Not completed]
2019-09-11 07:12:23,124 [grpc-default-executor-1] INFO  impl.RaftServerProxy (RaftServerProxy.java:addNew(89)) - 094d95bb-124f-4491-a67a-8d0b5b434983: addNew group-59D25F489DB2:[dd774419-39ed-4d90-9a0e-7a7d67fca22a:192.168.5.143:40852, b48366ef-6f68-46c9-99e7-9871be9f97bc:192.168.5.143:42210, 094d95bb-124f-4491-a67a-8d0b5b434983:192.168.5.143:43792] returns group-59D25F489DB2:java.util.concurrent.CompletableFuture@6a1eb62d[Not completed]
2019-09-11 07:12:23,127 [pool-57-thread-1] INFO  impl.RaftServerImpl (RaftServerImpl.java:<init>(95)) - 094d95bb-124f-4491-a67a-8d0b5b434983: new RaftServerImpl for group-59D25F489DB2:[dd774419-39ed-4d90-9a0e-7a7d67fca22a:192.168.5.143:40852, b48366ef-6f68-46c9-99e7-9871be9f97bc:192.168.5.143:42210, 094d95bb-124f-4491-a67a-8d0b5b434983:192.168.5.143:43792] with ContainerStateMachine:uninitialized
2019-09-11 07:12:23,127 [pool-57-thread-1] INFO  server.RaftServerConfigKeys (ConfUtils.java:logGet(43)) - raft.server.rpc.timeout.min = 5s (custom)
2019-09-11 07:12:23,128 [pool-57-thread-1] INFO  server.RaftServerConfigKeys (ConfUtils.java:logGet(43)) - raft.server.rpc.timeout.max = 5200ms (custom)
2019-09-11 07:12:23,128 [pool-57-thread-1] INFO  server.RaftServerConfigKeys (ConfUtils.java:logGet(43)) - raft.server.rpcslowness.timeout = 120s (custom)
2019-09-11 07:12:23,128 [pool-57-thread-1] INFO  server.RaftServerConfigKeys (ConfUtils.java:logGet(43)) - raft.server.sleep.deviation.threshold = 300 (default)
2019-09-11 07:12:23,128 [pool-57-thread-1] INFO  server.RaftServerConfigKeys (ConfUtils.java:logGet(43)) - raft.server.log.appender.install.snapshot.enabled = false (custom)
2019-09-11 07:12:23,128 [pool-57-thread-1] INFO  impl.RaftServerImpl (ServerState.java:<init>(103)) - 094d95bb-124f-4491-a67a-8d0b5b434983@group-59D25F489DB2: ConfigurationManager, init=-1: [dd774419-39ed-4d90-9a0e-7a7d67fca22a:192.168.5.143:40852, b48366ef-6f68-46c9-99e7-9871be9f97bc:192.168.5.143:42210, 094d95bb-124f-4491-a67a-8d0b5b434983:192.168.5.143:43792], old=null, confs=<EMPTY_MAP>
2019-09-11 07:12:23,128 [pool-67-thread-1] INFO  impl.RaftServerImpl (RaftServerImpl.java:<init>(95)) - dd774419-39ed-4d90-9a0e-7a7d67fca22a: new RaftServerImpl for group-59D25F489DB2:[dd774419-39ed-4d90-9a0e-7a7d67fca22a:192.168.5.143:40852, b48366ef-6f68-46c9-99e7-9871be9f97bc:192.168.5.143:42210, 094d95bb-124f-4491-a67a-8d0b5b434983:192.168.5.143:43792] with ContainerStateMachine:uninitialized
2019-09-11 07:12:23,128 [pool-57-thread-1] INFO  server.RaftServerConfigKeys (ConfUtils.java:logGet(43)) - raft.server.storage.dir = [/workdir/hadoop-ozone/integration-test/target/test-dir/MiniOzoneClusterImpl-b235dd93-a3eb-497e-8479-f8d4900b0fc5/datanode-3/data/ratis] (custom)
2019-09-11 07:12:23,129 [pool-67-thread-1] INFO  server.RaftServerConfigKeys (ConfUtils.java:logGet(43)) - raft.server.rpc.timeout.min = 5s (custom)
2019-09-11 07:12:23,129 [pool-67-thread-1] INFO  server.RaftServerConfigKeys (ConfUtils.java:logGet(43)) - raft.server.rpc.timeout.max = 5200ms (custom)
2019-09-11 07:12:23,129 [pool-57-thread-1] INFO  storage.RaftStorageDirectory (RaftStorageDirectory.java:analyzeStorage(246)) - The storage directory /workdir/hadoop-ozone/integration-test/target/test-dir/MiniOzoneClusterImpl-b235dd93-a3eb-497e-8479-f8d4900b0fc5/datanode-3/data/ratis/82fa30ef-207a-4367-ac5c-59d25f489db2 does not exist. Creating ...
2019-09-11 07:12:23,129 [pool-67-thread-1] INFO  server.RaftServerConfigKeys (ConfUtils.java:logGet(43)) - raft.server.rpcslowness.timeout = 120s (custom)
2019-09-11 07:12:23,129 [pool-37-thread-1] INFO  impl.RaftServerImpl (RaftServerImpl.java:<init>(95)) - b48366ef-6f68-46c9-99e7-9871be9f97bc: new RaftServerImpl for group-59D25F489DB2:[dd774419-39ed-4d90-9a0e-7a7d67fca22a:192.168.5.143:40852, b48366ef-6f68-46c9-99e7-9871be9f97bc:192.168.5.143:42210, 094d95bb-124f-4491-a67a-8d0b5b434983:192.168.5.143:43792] with ContainerStateMachine:uninitialized
2019-09-11 07:12:23,129 [pool-67-thread-1] INFO  server.RaftServerConfigKeys (ConfUtils.java:logGet(43)) - raft.server.sleep.deviation.threshold = 300 (default)
2019-09-11 07:12:23,130 [pool-37-thread-1] INFO  server.RaftServerConfigKeys (ConfUtils.java:logGet(43)) - raft.server.rpc.timeout.min = 5s (custom)
2019-09-11 07:12:23,130 [pool-67-thread-1] INFO  server.RaftServerConfigKeys (ConfUtils.java:logGet(43)) - raft.server.log.appender.install.snapshot.enabled = false (custom)
2019-09-11 07:12:23,130 [pool-37-thread-1] INFO  server.RaftServerConfigKeys (ConfUtils.java:logGet(43)) - raft.server.rpc.timeout.max = 5200ms (custom)
2019-09-11 07:12:23,130 [pool-67-thread-1] INFO  impl.RaftServerImpl (ServerState.java:<init>(103)) - dd774419-39ed-4d90-9a0e-7a7d67fca22a@group-59D25F489DB2: ConfigurationManager, init=-1: [dd774419-39ed-4d90-9a0e-7a7d67fca22a:192.168.5.143:40852, b48366ef-6f68-46c9-99e7-9871be9f97bc:192.168.5.143:42210, 094d95bb-124f-4491-a67a-8d0b5b434983:192.168.5.143:43792], old=null, confs=<EMPTY_MAP>
2019-09-11 07:12:23,130 [pool-37-thread-1] INFO  server.RaftServerConfigKeys (ConfUtils.java:logGet(43)) - raft.server.rpcslowness.timeout = 120s (custom)
2019-09-11 07:12:23,130 [pool-67-thread-1] INFO  server.RaftServerConfigKeys (ConfUtils.java:logGet(43)) - raft.server.storage.dir = [/workdir/hadoop-ozone/integration-test/target/test-dir/MiniOzoneClusterImpl-b235dd93-a3eb-497e-8479-f8d4900b0fc5/datanode-4/data/ratis] (custom)
2019-09-11 07:12:23,130 [pool-37-thread-1] INFO  server.RaftServerConfigKeys (ConfUtils.java:logGet(43)) - raft.server.sleep.deviation.threshold = 300 (default)
2019-09-11 07:12:23,131 [pool-37-thread-1] INFO  server.RaftServerConfigKeys (ConfUtils.java:logGet(43)) - raft.server.log.appender.install.snapshot.enabled = false (custom)
2019-09-11 07:12:23,131 [pool-37-thread-1] INFO  impl.RaftServerImpl (ServerState.java:<init>(103)) - b48366ef-6f68-46c9-99e7-9871be9f97bc@group-59D25F489DB2: ConfigurationManager, init=-1: [dd774419-39ed-4d90-9a0e-7a7d67fca22a:192.168.5.143:40852, b48366ef-6f68-46c9-99e7-9871be9f97bc:192.168.5.143:42210, 094d95bb-124f-4491-a67a-8d0b5b434983:192.168.5.143:43792], old=null, confs=<EMPTY_MAP>
2019-09-11 07:12:23,131 [pool-67-thread-1] INFO  storage.RaftStorageDirectory (RaftStorageDirectory.java:analyzeStorage(246)) - The storage directory /workdir/hadoop-ozone/integration-test/target/test-dir/MiniOzoneClusterImpl-b235dd93-a3eb-497e-8479-f8d4900b0fc5/datanode-4/data/ratis/82fa30ef-207a-4367-ac5c-59d25f489db2 does not exist. Creating ...
2019-09-11 07:12:23,131 [pool-37-thread-1] INFO  server.RaftServerConfigKeys (ConfUtils.java:logGet(43)) - raft.server.storage.dir = [/workdir/hadoop-ozone/integration-test/target/test-dir/MiniOzoneClusterImpl-b235dd93-a3eb-497e-8479-f8d4900b0fc5/datanode-1/data/ratis] (custom)
2019-09-11 07:12:23,131 [pool-37-thread-1] INFO  storage.RaftStorageDirectory (RaftStorageDirectory.java:analyzeStorage(246)) - The storage directory /workdir/hadoop-ozone/integration-test/target/test-dir/MiniOzoneClusterImpl-b235dd93-a3eb-497e-8479-f8d4900b0fc5/datanode-1/data/ratis/82fa30ef-207a-4367-ac5c-59d25f489db2 does not exist. Creating ...
2019-09-11 07:12:23,152 [pool-57-thread-1] INFO  storage.RaftStorageDirectory (RaftStorageDirectory.java:tryLock(328)) - Lock on /workdir/hadoop-ozone/integration-test/target/test-dir/MiniOzoneClusterImpl-b235dd93-a3eb-497e-8479-f8d4900b0fc5/datanode-3/data/ratis/82fa30ef-207a-4367-ac5c-59d25f489db2/in_use.lock acquired by nodename 8566@pr-hdds-1786-trunk-klbfp-3319181915
2019-09-11 07:12:23,152 [pool-67-thread-1] INFO  storage.RaftStorageDirectory (RaftStorageDirectory.java:tryLock(328)) - Lock on /workdir/hadoop-ozone/integration-test/target/test-dir/MiniOzoneClusterImpl-b235dd93-a3eb-497e-8479-f8d4900b0fc5/datanode-4/data/ratis/82fa30ef-207a-4367-ac5c-59d25f489db2/in_use.lock acquired by nodename 8566@pr-hdds-1786-trunk-klbfp-3319181915
2019-09-11 07:12:23,152 [pool-37-thread-1] INFO  storage.RaftStorageDirectory (RaftStorageDirectory.java:tryLock(328)) - Lock on /workdir/hadoop-ozone/integration-test/target/test-dir/MiniOzoneClusterImpl-b235dd93-a3eb-497e-8479-f8d4900b0fc5/datanode-1/data/ratis/82fa30ef-207a-4367-ac5c-59d25f489db2/in_use.lock acquired by nodename 8566@pr-hdds-1786-trunk-klbfp-3319181915
2019-09-11 07:12:23,176 [pool-57-thread-1] INFO  storage.RaftStorage (RaftStorage.java:format(72)) - Storage directory /workdir/hadoop-ozone/integration-test/target/test-dir/MiniOzoneClusterImpl-b235dd93-a3eb-497e-8479-f8d4900b0fc5/datanode-3/data/ratis/82fa30ef-207a-4367-ac5c-59d25f489db2 has been successfully formatted.
2019-09-11 07:12:23,176 [pool-37-thread-1] INFO  storage.RaftStorage (RaftStorage.java:format(72)) - Storage directory /workdir/hadoop-ozone/integration-test/target/test-dir/MiniOzoneClusterImpl-b235dd93-a3eb-497e-8479-f8d4900b0fc5/datanode-1/data/ratis/82fa30ef-207a-4367-ac5c-59d25f489db2 has been successfully formatted.
2019-09-11 07:12:23,176 [pool-67-thread-1] INFO  storage.RaftStorage (RaftStorage.java:format(72)) - Storage directory /workdir/hadoop-ozone/integration-test/target/test-dir/MiniOzoneClusterImpl-b235dd93-a3eb-497e-8479-f8d4900b0fc5/datanode-4/data/ratis/82fa30ef-207a-4367-ac5c-59d25f489db2 has been successfully formatted.
2019-09-11 07:12:23,176 [pool-37-thread-1] INFO  ratis.ContainerStateMachine (ContainerStateMachine.java:loadSnapshot(230)) - group-59D25F489DB2: The snapshot info is null. Setting the last applied indexto:(t:0, i:~)
2019-09-11 07:12:23,176 [pool-57-thread-1] INFO  ratis.ContainerStateMachine (ContainerStateMachine.java:loadSnapshot(230)) - group-59D25F489DB2: The snapshot info is null. Setting the last applied indexto:(t:0, i:~)
2019-09-11 07:12:23,176 [pool-37-thread-1] INFO  server.RaftServerConfigKeys (ConfUtils.java:logGet(43)) - raft.server.notification.no-leader.timeout = 120s (custom)
2019-09-11 07:12:23,176 [pool-67-thread-1] INFO  ratis.ContainerStateMachine (ContainerStateMachine.java:loadSnapshot(230)) - group-59D25F489DB2: The snapshot info is null. Setting the last applied indexto:(t:0, i:~)
2019-09-11 07:12:23,176 [pool-37-thread-1] INFO  server.RaftServerConfigKeys (ConfUtils.java:logGet(43)) - raft.server.log.use.memory = false (default)
2019-09-11 07:12:23,176 [pool-57-thread-1] INFO  server.RaftServerConfigKeys (ConfUtils.java:logGet(43)) - raft.server.notification.no-leader.timeout = 120s (custom)
2019-09-11 07:12:23,177 [pool-67-thread-1] INFO  server.RaftServerConfigKeys (ConfUtils.java:logGet(43)) - raft.server.notification.no-leader.timeout = 120s (custom)
2019-09-11 07:12:23,177 [pool-57-thread-1] INFO  server.RaftServerConfigKeys (ConfUtils.java:logGet(43)) - raft.server.log.use.memory = false (default)
2019-09-11 07:12:23,177 [pool-37-thread-1] INFO  server.RaftServerConfigKeys (ConfUtils.java:logGet(43)) - raft.server.log.purge.gap = 1000000 (custom)
2019-09-11 07:12:23,177 [pool-57-thread-1] INFO  server.RaftServerConfigKeys (ConfUtils.java:logGet(43)) - raft.server.log.purge.gap = 1000000 (custom)
2019-09-11 07:12:23,177 [pool-57-thread-1] INFO  server.RaftServerConfigKeys (ConfUtils.java:logGet(43)) - raft.server.log.appender.buffer.byte-limit = 33554432 (custom)
2019-09-11 07:12:23,177 [pool-67-thread-1] INFO  server.RaftServerConfigKeys (ConfUtils.java:logGet(43)) - raft.server.log.use.memory = false (default)
2019-09-11 07:12:23,177 [pool-57-thread-1] INFO  server.RaftServerConfigKeys (ConfUtils.java:logGet(43)) - raft.server.log.segment.size.max = 1048576 (custom)
2019-09-11 07:12:23,177 [pool-37-thread-1] INFO  server.RaftServerConfigKeys (ConfUtils.java:logGet(43)) - raft.server.log.appender.buffer.byte-limit = 33554432 (custom)
2019-09-11 07:12:23,178 [pool-57-thread-1] INFO  server.RaftServerConfigKeys (ConfUtils.java:logGet(43)) - raft.server.log.segment.cache.num.max = 2 (custom)
2019-09-11 07:12:23,178 [pool-67-thread-1] INFO  server.RaftServerConfigKeys (ConfUtils.java:logGet(43)) - raft.server.log.purge.gap = 1000000 (custom)
2019-09-11 07:12:23,178 [pool-57-thread-1] INFO  segmented.SegmentedRaftLogWorker (SegmentedRaftLogWorker.java:<init>(172)) - new 094d95bb-124f-4491-a67a-8d0b5b434983@group-59D25F489DB2-SegmentedRaftLogWorker for RaftStorage:Storage Directory /workdir/hadoop-ozone/integration-test/target/test-dir/MiniOzoneClusterImpl-b235dd93-a3eb-497e-8479-f8d4900b0fc5/datanode-3/data/ratis/82fa30ef-207a-4367-ac5c-59d25f489db2
2019-09-11 07:12:23,178 [pool-37-thread-1] INFO  server.RaftServerConfigKeys (ConfUtils.java:logGet(43)) - raft.server.log.segment.size.max = 1048576 (custom)
2019-09-11 07:12:23,178 [pool-57-thread-1] INFO  server.RaftServerConfigKeys (ConfUtils.java:logGet(43)) - raft.server.log.queue.byte-limit = 2147483647 (custom)
2019-09-11 07:12:23,178 [pool-67-thread-1] INFO  server.RaftServerConfigKeys (ConfUtils.java:logGet(43)) - raft.server.log.appender.buffer.byte-limit = 33554432 (custom)
2019-09-11 07:12:23,178 [pool-57-thread-1] INFO  server.RaftServerConfigKeys (ConfUtils.java:logGet(43)) - raft.server.log.queue.element-limit = 1024 (custom)
2019-09-11 07:12:23,178 [pool-37-thread-1] INFO  server.RaftServerConfigKeys (ConfUtils.java:logGet(43)) - raft.server.log.segment.cache.num.max = 2 (custom)
2019-09-11 07:12:23,178 [pool-57-thread-1] INFO  server.RaftServerConfigKeys (ConfUtils.java:logGet(43)) - raft.server.log.segment.size.max = 1048576 (custom)
2019-09-11 07:12:23,179 [pool-57-thread-1] INFO  server.RaftServerConfigKeys (ConfUtils.java:logGet(43)) - raft.server.log.preallocated.size = 16384 (custom)
2019-09-11 07:12:23,178 [pool-67-thread-1] INFO  server.RaftServerConfigKeys (ConfUtils.java:logGet(43)) - raft.server.log.segment.size.max = 1048576 (custom)
2019-09-11 07:12:23,179 [pool-57-thread-1] INFO  server.RaftServerConfigKeys (ConfUtils.java:logGet(43)) - raft.server.log.write.buffer.size = 33554432 (custom)
2019-09-11 07:12:23,179 [pool-37-thread-1] INFO  segmented.SegmentedRaftLogWorker (SegmentedRaftLogWorker.java:<init>(172)) - new b48366ef-6f68-46c9-99e7-9871be9f97bc@group-59D25F489DB2-SegmentedRaftLogWorker for RaftStorage:Storage Directory /workdir/hadoop-ozone/integration-test/target/test-dir/MiniOzoneClusterImpl-b235dd93-a3eb-497e-8479-f8d4900b0fc5/datanode-1/data/ratis/82fa30ef-207a-4367-ac5c-59d25f489db2
2019-09-11 07:12:23,179 [pool-57-thread-1] INFO  server.RaftServerConfigKeys (ConfUtils.java:logGet(43)) - raft.server.log.force.sync.num = 128 (default)
2019-09-11 07:12:23,179 [pool-67-thread-1] INFO  server.RaftServerConfigKeys (ConfUtils.java:logGet(43)) - raft.server.log.segment.cache.num.max = 2 (custom)
2019-09-11 07:12:23,179 [pool-57-thread-1] INFO  server.RaftServerConfigKeys (ConfUtils.java:logGet(43)) - raft.server.log.statemachine.data.sync = true (default)
2019-09-11 07:12:23,179 [pool-37-thread-1] INFO  server.RaftServerConfigKeys (ConfUtils.java:logGet(43)) - raft.server.log.queue.byte-limit = 2147483647 (custom)
2019-09-11 07:12:23,179 [pool-57-thread-1] INFO  server.RaftServerConfigKeys (ConfUtils.java:logGet(43)) - raft.server.log.statemachine.data.sync.timeout = 10s (default)
2019-09-11 07:12:23,179 [pool-67-thread-1] INFO  segmented.SegmentedRaftLogWorker (SegmentedRaftLogWorker.java:<init>(172)) - new dd774419-39ed-4d90-9a0e-7a7d67fca22a@group-59D25F489DB2-SegmentedRaftLogWorker for RaftStorage:Storage Directory /workdir/hadoop-ozone/integration-test/target/test-dir/MiniOzoneClusterImpl-b235dd93-a3eb-497e-8479-f8d4900b0fc5/datanode-4/data/ratis/82fa30ef-207a-4367-ac5c-59d25f489db2
2019-09-11 07:12:23,180 [pool-57-thread-1] INFO  server.RaftServerConfigKeys (ConfUtils.java:logGet(43)) - raft.server.log.statemachine.data.sync.timeout.retry = -1 (default)
2019-09-11 07:12:23,180 [pool-37-thread-1] INFO  server.RaftServerConfigKeys (ConfUtils.java:logGet(43)) - raft.server.log.queue.element-limit = 1024 (custom)
2019-09-11 07:12:23,180 [pool-57-thread-1] INFO  server.RaftServerConfigKeys (ConfUtils.java:logGet(43)) - raft.server.log.statemachine.data.caching.enabled = true (custom)
2019-09-11 07:12:23,180 [pool-67-thread-1] INFO  server.RaftServerConfigKeys (ConfUtils.java:logGet(43)) - raft.server.log.queue.byte-limit = 2147483647 (custom)
2019-09-11 07:12:23,180 [pool-37-thread-1] INFO  server.RaftServerConfigKeys (ConfUtils.java:logGet(43)) - raft.server.log.segment.size.max = 1048576 (custom)
2019-09-11 07:12:23,180 [pool-67-thread-1] INFO  server.RaftServerConfigKeys (ConfUtils.java:logGet(43)) - raft.server.log.queue.element-limit = 1024 (custom)
2019-09-11 07:12:23,181 [pool-57-thread-1] INFO  segmented.SegmentedRaftLogWorker (SegmentedRaftLogWorker.java:lambda$new$0(132)) - 094d95bb-124f-4491-a67a-8d0b5b434983@group-59D25F489DB2-SegmentedRaftLogWorker: flushIndex: setUnconditionally 0 -> -1
2019-09-11 07:12:23,181 [pool-37-thread-1] INFO  server.RaftServerConfigKeys (ConfUtils.java:logGet(43)) - raft.server.log.preallocated.size = 16384 (custom)
2019-09-11 07:12:23,181 [pool-67-thread-1] INFO  server.RaftServerConfigKeys (ConfUtils.java:logGet(43)) - raft.server.log.segment.size.max = 1048576 (custom)
2019-09-11 07:12:23,181 [pool-37-thread-1] INFO  server.RaftServerConfigKeys (ConfUtils.java:logGet(43)) - raft.server.log.write.buffer.size = 33554432 (custom)
2019-09-11 07:12:23,181 [pool-57-thread-1] INFO  server.RaftServerConfigKeys (ConfUtils.java:logGet(43)) - raft.server.snapshot.auto.trigger.enabled = true (custom)
2019-09-11 07:12:23,181 [pool-67-thread-1] INFO  server.RaftServerConfigKeys (ConfUtils.java:logGet(43)) - raft.server.log.preallocated.size = 16384 (custom)
2019-09-11 07:12:23,181 [pool-57-thread-1] INFO  server.RaftServerConfigKeys (ConfUtils.java:logGet(43)) - raft.server.snapshot.auto.trigger.threshold = 10000 (custom)
2019-09-11 07:12:23,181 [pool-37-thread-1] INFO  server.RaftServerConfigKeys (ConfUtils.java:logGet(43)) - raft.server.log.force.sync.num = 128 (default)
2019-09-11 07:12:23,181 [pool-57-thread-1] INFO  server.RaftServerConfigKeys (ConfUtils.java:logGet(43)) - raft.server.snapshot.retention.num.files = 5 (custom)
2019-09-11 07:12:23,181 [pool-67-thread-1] INFO  server.RaftServerConfigKeys (ConfUtils.java:logGet(43)) - raft.server.log.write.buffer.size = 33554432 (custom)
2019-09-11 07:12:23,182 [pool-57-thread-1] INFO  server.RaftServerConfigKeys (ConfUtils.java:logGet(43)) - raft.server.retrycache.expirytime = 600000ms (custom)
2019-09-11 07:12:23,182 [pool-37-thread-1] INFO  server.RaftServerConfigKeys (ConfUtils.java:logGet(43)) - raft.server.log.statemachine.data.sync = true (default)
2019-09-11 07:12:23,182 [pool-67-thread-1] INFO  server.RaftServerConfigKeys (ConfUtils.java:logGet(43)) - raft.server.log.force.sync.num = 128 (default)
2019-09-11 07:12:23,182 [pool-37-thread-1] INFO  server.RaftServerConfigKeys (ConfUtils.java:logGet(43)) - raft.server.log.statemachine.data.sync.timeout = 10s (default)
2019-09-11 07:12:23,182 [pool-67-thread-1] INFO  server.RaftServerConfigKeys (ConfUtils.java:logGet(43)) - raft.server.log.statemachine.data.sync = true (default)
2019-09-11 07:12:23,182 [pool-37-thread-1] INFO  server.RaftServerConfigKeys (ConfUtils.java:logGet(43)) - raft.server.log.statemachine.data.sync.timeout.retry = -1 (default)
2019-09-11 07:12:23,182 [pool-67-thread-1] INFO  server.RaftServerConfigKeys (ConfUtils.java:logGet(43)) - raft.server.log.statemachine.data.sync.timeout = 10s (default)
2019-09-11 07:12:23,182 [pool-37-thread-1] INFO  server.RaftServerConfigKeys (ConfUtils.java:logGet(43)) - raft.server.log.statemachine.data.caching.enabled = true (custom)
2019-09-11 07:12:23,182 [pool-67-thread-1] INFO  server.RaftServerConfigKeys (ConfUtils.java:logGet(43)) - raft.server.log.statemachine.data.sync.timeout.retry = -1 (default)
2019-09-11 07:12:23,183 [pool-37-thread-1] INFO  segmented.SegmentedRaftLogWorker (SegmentedRaftLogWorker.java:lambda$new$0(132)) - b48366ef-6f68-46c9-99e7-9871be9f97bc@group-59D25F489DB2-SegmentedRaftLogWorker: flushIndex: setUnconditionally 0 -> -1
2019-09-11 07:12:23,183 [pool-67-thread-1] INFO  server.RaftServerConfigKeys (ConfUtils.java:logGet(43)) - raft.server.log.statemachine.data.caching.enabled = true (custom)
2019-09-11 07:12:23,183 [pool-37-thread-1] INFO  server.RaftServerConfigKeys (ConfUtils.java:logGet(43)) - raft.server.snapshot.auto.trigger.enabled = true (custom)
2019-09-11 07:12:23,183 [pool-37-thread-1] INFO  server.RaftServerConfigKeys (ConfUtils.java:logGet(43)) - raft.server.snapshot.auto.trigger.threshold = 10000 (custom)
2019-09-11 07:12:23,183 [pool-67-thread-1] INFO  segmented.SegmentedRaftLogWorker (SegmentedRaftLogWorker.java:lambda$new$0(132)) - dd774419-39ed-4d90-9a0e-7a7d67fca22a@group-59D25F489DB2-SegmentedRaftLogWorker: flushIndex: setUnconditionally 0 -> -1
2019-09-11 07:12:23,183 [pool-37-thread-1] INFO  server.RaftServerConfigKeys (ConfUtils.java:logGet(43)) - raft.server.snapshot.retention.num.files = 5 (custom)
2019-09-11 07:12:23,183 [pool-37-thread-1] INFO  server.RaftServerConfigKeys (ConfUtils.java:logGet(43)) - raft.server.retrycache.expirytime = 600000ms (custom)
2019-09-11 07:12:23,183 [pool-67-thread-1] INFO  server.RaftServerConfigKeys (ConfUtils.java:logGet(43)) - raft.server.snapshot.auto.trigger.enabled = true (custom)
2019-09-11 07:12:23,184 [pool-67-thread-1] INFO  server.RaftServerConfigKeys (ConfUtils.java:logGet(43)) - raft.server.snapshot.auto.trigger.threshold = 10000 (custom)
2019-09-11 07:12:23,184 [pool-67-thread-1] INFO  server.RaftServerConfigKeys (ConfUtils.java:logGet(43)) - raft.server.snapshot.retention.num.files = 5 (custom)
2019-09-11 07:12:23,184 [pool-67-thread-1] INFO  server.RaftServerConfigKeys (ConfUtils.java:logGet(43)) - raft.server.retrycache.expirytime = 600000ms (custom)
2019-09-11 07:12:23,184 [pool-57-thread-1] INFO  impl.RaftServerImpl (RaftServerImpl.java:start(185)) - 094d95bb-124f-4491-a67a-8d0b5b434983@group-59D25F489DB2: start as a follower, conf=-1: [dd774419-39ed-4d90-9a0e-7a7d67fca22a:192.168.5.143:40852, b48366ef-6f68-46c9-99e7-9871be9f97bc:192.168.5.143:42210, 094d95bb-124f-4491-a67a-8d0b5b434983:192.168.5.143:43792], old=null
2019-09-11 07:12:23,185 [pool-57-thread-1] INFO  impl.RaftServerImpl (RaftServerImpl.java:setRole(174)) - 094d95bb-124f-4491-a67a-8d0b5b434983@group-59D25F489DB2: changes role from      null to FOLLOWER at term 0 for startAsFollower
2019-09-11 07:12:23,185 [pool-57-thread-1] INFO  impl.RoleInfo (RoleInfo.java:updateAndGet(143)) - 094d95bb-124f-4491-a67a-8d0b5b434983: start FollowerState
2019-09-11 07:12:23,185 [pool-57-thread-1] INFO  util.JmxRegister (JmxRegister.java:tryRegister(44)) - Successfully registered JMX Bean with object name Ratis:service=RaftServer,group=group-59D25F489DB2,id=094d95bb-124f-4491-a67a-8d0b5b434983
2019-09-11 07:12:23,186 [pool-37-thread-1] INFO  impl.RaftServerImpl (RaftServerImpl.java:start(185)) - b48366ef-6f68-46c9-99e7-9871be9f97bc@group-59D25F489DB2: start as a follower, conf=-1: [dd774419-39ed-4d90-9a0e-7a7d67fca22a:192.168.5.143:40852, b48366ef-6f68-46c9-99e7-9871be9f97bc:192.168.5.143:42210, 094d95bb-124f-4491-a67a-8d0b5b434983:192.168.5.143:43792], old=null
2019-09-11 07:12:23,186 [pool-37-thread-1] INFO  impl.RaftServerImpl (RaftServerImpl.java:setRole(174)) - b48366ef-6f68-46c9-99e7-9871be9f97bc@group-59D25F489DB2: changes role from      null to FOLLOWER at term 0 for startAsFollower
2019-09-11 07:12:23,186 [pool-37-thread-1] INFO  impl.RoleInfo (RoleInfo.java:updateAndGet(143)) - b48366ef-6f68-46c9-99e7-9871be9f97bc: start FollowerState
2019-09-11 07:12:23,186 [pool-37-thread-1] INFO  util.JmxRegister (JmxRegister.java:tryRegister(44)) - Successfully registered JMX Bean with object name Ratis:service=RaftServer,group=group-59D25F489DB2,id=b48366ef-6f68-46c9-99e7-9871be9f97bc
2019-09-11 07:12:23,186 [pool-67-thread-1] INFO  impl.RaftServerImpl (RaftServerImpl.java:start(185)) - dd774419-39ed-4d90-9a0e-7a7d67fca22a@group-59D25F489DB2: start as a follower, conf=-1: [dd774419-39ed-4d90-9a0e-7a7d67fca22a:192.168.5.143:40852, b48366ef-6f68-46c9-99e7-9871be9f97bc:192.168.5.143:42210, 094d95bb-124f-4491-a67a-8d0b5b434983:192.168.5.143:43792], old=null
2019-09-11 07:12:23,186 [pool-67-thread-1] INFO  impl.RaftServerImpl (RaftServerImpl.java:setRole(174)) - dd774419-39ed-4d90-9a0e-7a7d67fca22a@group-59D25F489DB2: changes role from      null to FOLLOWER at term 0 for startAsFollower
2019-09-11 07:12:23,187 [pool-67-thread-1] INFO  impl.RoleInfo (RoleInfo.java:updateAndGet(143)) - dd774419-39ed-4d90-9a0e-7a7d67fca22a: start FollowerState
2019-09-11 07:12:23,187 [pool-67-thread-1] INFO  util.JmxRegister (JmxRegister.java:tryRegister(44)) - Successfully registered JMX Bean with object name Ratis:service=RaftServer,group=group-59D25F489DB2,id=dd774419-39ed-4d90-9a0e-7a7d67fca22a
2019-09-11 07:12:23,189 [RatisPipelineUtilsThread] INFO  pipeline.PipelineStateManager (PipelineStateManager.java:addPipeline(56)) - Created pipeline Pipeline[ Id: 82fa30ef-207a-4367-ac5c-59d25f489db2, Nodes: dd774419-39ed-4d90-9a0e-7a7d67fca22a{ip: 192.168.5.143, host: pr-hdds-1786-trunk-klbfp-3319181915, networkLocation: /default-rack, certSerialId: null}b48366ef-6f68-46c9-99e7-9871be9f97bc{ip: 192.168.5.143, host: pr-hdds-1786-trunk-klbfp-3319181915, networkLocation: /default-rack, certSerialId: null}094d95bb-124f-4491-a67a-8d0b5b434983{ip: 192.168.5.143, host: pr-hdds-1786-trunk-klbfp-3319181915, networkLocation: /default-rack, certSerialId: null}, Type:RATIS, Factor:THREE, State:OPEN]
2019-09-11 07:12:23,204 [java.util.concurrent.ThreadPoolExecutor$Worker@21f64e46[State = -1, empty queue]] WARN  server.GrpcLogAppender (GrpcLogAppender.java:timeoutAppendRequest(200)) - 094d95bb-124f-4491-a67a-8d0b5b434983@group-44CFF2683379->dd774419-39ed-4d90-9a0e-7a7d67fca22a-GrpcLogAppender: appendEntries Timeout, request=094d95bb-124f-4491-a67a-8d0b5b434983->dd774419-39ed-4d90-9a0e-7a7d67fca22a#158-t1, previous=(t:1, i:18), leaderCommit=11, initializing? false, entries: <empty>
2019-09-11 07:12:23,204 [EventQueue-PipelineActionsForPipelineActionHandler] ERROR pipeline.PipelineActionHandler (PipelineActionHandler.java:onMessage(60)) - Received pipeline action CLOSE for Pipeline[ Id: 23ab43d6-1d95-4eb5-a8fc-44cff2683379, Nodes: dd774419-39ed-4d90-9a0e-7a7d67fca22a{ip: 192.168.5.143, host: pr-hdds-1786-trunk-klbfp-3319181915, networkLocation: /default-rack, certSerialId: null}b48366ef-6f68-46c9-99e7-9871be9f97bc{ip: 192.168.5.143, host: pr-hdds-1786-trunk-klbfp-3319181915, networkLocation: /default-rack, certSerialId: null}094d95bb-124f-4491-a67a-8d0b5b434983{ip: 192.168.5.143, host: pr-hdds-1786-trunk-klbfp-3319181915, networkLocation: /default-rack, certSerialId: null}, Type:RATIS, Factor:THREE, State:CLOSED] from datanode 094d95bb-124f-4491-a67a-8d0b5b434983{ip: 192.168.5.143, host: pr-hdds-1786-trunk-klbfp-3319181915, networkLocation: /default-rack, certSerialId: null}. Reason : 094d95bb-124f-4491-a67a-8d0b5b434983 has not seen follower/s dd774419-39ed-4d90-9a0e-7a7d67fca22a for 165080ms b48366ef-6f68-46c9-99e7-9871be9f97bc for 165062ms
2019-09-11 07:12:23,204 [java.util.concurrent.ThreadPoolExecutor$Worker@cd5255c[State = -1, empty queue]] WARN  server.GrpcLogAppender (GrpcLogAppender.java:timeoutAppendRequest(200)) - 094d95bb-124f-4491-a67a-8d0b5b434983@group-44CFF2683379->b48366ef-6f68-46c9-99e7-9871be9f97bc-GrpcLogAppender: appendEntries Timeout, request=094d95bb-124f-4491-a67a-8d0b5b434983->b48366ef-6f68-46c9-99e7-9871be9f97bc#158-t1, previous=(t:1, i:18), leaderCommit=11, initializing? false, entries: <empty>
2019-09-11 07:12:23,205 [EventQueue-PipelineActionsForPipelineActionHandler] INFO  pipeline.SCMPipelineManager (SCMPipelineManager.java:finalizeAndDestroyPipeline(311)) - destroying pipeline:Pipeline[ Id: 23ab43d6-1d95-4eb5-a8fc-44cff2683379, Nodes: dd774419-39ed-4d90-9a0e-7a7d67fca22a{ip: 192.168.5.143, host: pr-hdds-1786-trunk-klbfp-3319181915, networkLocation: /default-rack, certSerialId: null}b48366ef-6f68-46c9-99e7-9871be9f97bc{ip: 192.168.5.143, host: pr-hdds-1786-trunk-klbfp-3319181915, networkLocation: /default-rack, certSerialId: null}094d95bb-124f-4491-a67a-8d0b5b434983{ip: 192.168.5.143, host: pr-hdds-1786-trunk-klbfp-3319181915, networkLocation: /default-rack, certSerialId: null}, Type:RATIS, Factor:THREE, State:CLOSED]
2019-09-11 07:12:24,643 [grpc-default-executor-1] INFO  client.GrpcClientProtocolClient (GrpcClientProtocolClient.java:onNext(264)) - client-FA0A0DC8EAE4->b48366ef-6f68-46c9-99e7-9871be9f97bc: receive RaftClientReply:client-FA0A0DC8EAE4->b48366ef-6f68-46c9-99e7-9871be9f97bc@group-44CFF2683379, cid=30, FAILED org.apache.ratis.protocol.NotLeaderException: Server b48366ef-6f68-46c9-99e7-9871be9f97bc@group-44CFF2683379 is not the leader 094d95bb-124f-4491-a67a-8d0b5b434983:192.168.5.143:43792, logIndex=0, commits[b48366ef-6f68-46c9-99e7-9871be9f97bc:c11, dd774419-39ed-4d90-9a0e-7a7d67fca22a:c10, 094d95bb-124f-4491-a67a-8d0b5b434983:c11]
2019-09-11 07:12:25,199 [org.apache.ratis.server.impl.LogAppender$AppenderDaemon$$Lambda$492/690755232@7fdbb0dd] ERROR ratis.XceiverServerRatis (XceiverServerRatis.java:triggerPipelineClose(575)) - pipeline Action CLOSE  on pipeline PipelineID=23ab43d6-1d95-4eb5-a8fc-44cff2683379.Reason : 094d95bb-124f-4491-a67a-8d0b5b434983 has not seen follower/s dd774419-39ed-4d90-9a0e-7a7d67fca22a for 167581ms b48366ef-6f68-46c9-99e7-9871be9f97bc for 167563ms
2019-09-11 07:12:25,199 [org.apache.ratis.server.impl.LogAppender$AppenderDaemon$$Lambda$492/690755232@3b5e296d] ERROR ratis.XceiverServerRatis (XceiverServerRatis.java:triggerPipelineClose(575)) - pipeline Action CLOSE  on pipeline PipelineID=23ab43d6-1d95-4eb5-a8fc-44cff2683379.Reason : 094d95bb-124f-4491-a67a-8d0b5b434983 has not seen follower/s dd774419-39ed-4d90-9a0e-7a7d67fca22a for 167581ms b48366ef-6f68-46c9-99e7-9871be9f97bc for 167563ms
2019-09-11 07:12:25,698 [java.util.concurrent.ThreadPoolExecutor$Worker@cd5255c[State = -1, empty queue]] WARN  server.GrpcLogAppender (GrpcLogAppender.java:timeoutAppendRequest(200)) - 094d95bb-124f-4491-a67a-8d0b5b434983@group-44CFF2683379->b48366ef-6f68-46c9-99e7-9871be9f97bc-GrpcLogAppender: appendEntries Timeout, request=094d95bb-124f-4491-a67a-8d0b5b434983->b48366ef-6f68-46c9-99e7-9871be9f97bc#159-t1, previous=(t:1, i:18), leaderCommit=11, initializing? false, entries: <empty>
2019-09-11 07:12:25,698 [java.util.concurrent.ThreadPoolExecutor$Worker@21f64e46[State = -1, empty queue]] WARN  server.GrpcLogAppender (GrpcLogAppender.java:timeoutAppendRequest(200)) - 094d95bb-124f-4491-a67a-8d0b5b434983@group-44CFF2683379->dd774419-39ed-4d90-9a0e-7a7d67fca22a-GrpcLogAppender: appendEntries Timeout, request=094d95bb-124f-4491-a67a-8d0b5b434983->dd774419-39ed-4d90-9a0e-7a7d67fca22a#159-t1, previous=(t:1, i:18), leaderCommit=11, initializing? false, entries: <empty>
2019-09-11 07:12:26,191 [EventQueue-PipelineActionsForPipelineActionHandler] ERROR pipeline.PipelineActionHandler (PipelineActionHandler.java:onMessage(60)) - Received pipeline action CLOSE for Pipeline[ Id: 23ab43d6-1d95-4eb5-a8fc-44cff2683379, Nodes: dd774419-39ed-4d90-9a0e-7a7d67fca22a{ip: 192.168.5.143, host: pr-hdds-1786-trunk-klbfp-3319181915, networkLocation: /default-rack, certSerialId: null}b48366ef-6f68-46c9-99e7-9871be9f97bc{ip: 192.168.5.143, host: pr-hdds-1786-trunk-klbfp-3319181915, networkLocation: /default-rack, certSerialId: null}094d95bb-124f-4491-a67a-8d0b5b434983{ip: 192.168.5.143, host: pr-hdds-1786-trunk-klbfp-3319181915, networkLocation: /default-rack, certSerialId: null}, Type:RATIS, Factor:THREE, State:CLOSED] from datanode 094d95bb-124f-4491-a67a-8d0b5b434983{ip: 192.168.5.143, host: pr-hdds-1786-trunk-klbfp-3319181915, networkLocation: /default-rack, certSerialId: null}. Reason : 094d95bb-124f-4491-a67a-8d0b5b434983 has not seen follower/s dd774419-39ed-4d90-9a0e-7a7d67fca22a for 167581ms b48366ef-6f68-46c9-99e7-9871be9f97bc for 167563ms
2019-09-11 07:12:26,191 [EventQueue-PipelineActionsForPipelineActionHandler] INFO  pipeline.SCMPipelineManager (SCMPipelineManager.java:finalizeAndDestroyPipeline(311)) - destroying pipeline:Pipeline[ Id: 23ab43d6-1d95-4eb5-a8fc-44cff2683379, Nodes: dd774419-39ed-4d90-9a0e-7a7d67fca22a{ip: 192.168.5.143, host: pr-hdds-1786-trunk-klbfp-3319181915, networkLocation: /default-rack, certSerialId: null}b48366ef-6f68-46c9-99e7-9871be9f97bc{ip: 192.168.5.143, host: pr-hdds-1786-trunk-klbfp-3319181915, networkLocation: /default-rack, certSerialId: null}094d95bb-124f-4491-a67a-8d0b5b434983{ip: 192.168.5.143, host: pr-hdds-1786-trunk-klbfp-3319181915, networkLocation: /default-rack, certSerialId: null}, Type:RATIS, Factor:THREE, State:CLOSED]
2019-09-11 07:12:27,701 [org.apache.ratis.server.impl.LogAppender$AppenderDaemon$$Lambda$492/690755232@7fdbb0dd] ERROR ratis.XceiverServerRatis (XceiverServerRatis.java:triggerPipelineClose(575)) - pipeline Action CLOSE  on pipeline PipelineID=23ab43d6-1d95-4eb5-a8fc-44cff2683379.Reason : 094d95bb-124f-4491-a67a-8d0b5b434983 has not seen follower/s dd774419-39ed-4d90-9a0e-7a7d67fca22a for 170082ms b48366ef-6f68-46c9-99e7-9871be9f97bc for 170064ms
2019-09-11 07:12:27,701 [org.apache.ratis.server.impl.LogAppender$AppenderDaemon$$Lambda$492/690755232@3b5e296d] ERROR ratis.XceiverServerRatis (XceiverServerRatis.java:triggerPipelineClose(575)) - pipeline Action CLOSE  on pipeline PipelineID=23ab43d6-1d95-4eb5-a8fc-44cff2683379.Reason : 094d95bb-124f-4491-a67a-8d0b5b434983 has not seen follower/s dd774419-39ed-4d90-9a0e-7a7d67fca22a for 170082ms b48366ef-6f68-46c9-99e7-9871be9f97bc for 170064ms
2019-09-11 07:12:27,843 [b48366ef-6f68-46c9-99e7-9871be9f97bc@group-44CFF2683379-SegmentedRaftLogWorker] WARN  segmented.SegmentedRaftLogWorker (SegmentedRaftLogWorker.java:getFromFuture(90)) - Timeout 16/~
org.apache.ratis.protocol.TimeoutIOException: Timeout 10s: WriteLog:12: (t:1, i:12), STATEMACHINELOGENTRY, client-FA0A0DC8EAE4, cid=30-writeStateMachineData
	at org.apache.ratis.util.IOUtils.getFromFuture(IOUtils.java:87)
	at org.apache.ratis.server.raftlog.segmented.SegmentedRaftLogWorker$StateMachineDataPolicy.getFromFuture(SegmentedRaftLogWorker.java:87)
	at org.apache.ratis.server.raftlog.segmented.SegmentedRaftLogWorker$WriteLog.execute(SegmentedRaftLogWorker.java:477)
	at org.apache.ratis.server.raftlog.segmented.SegmentedRaftLogWorker.run(SegmentedRaftLogWorker.java:289)
	at java.lang.Thread.run(Thread.java:748)
Caused by: java.util.concurrent.TimeoutException
	at java.util.concurrent.CompletableFuture.timedGet(CompletableFuture.java:1771)
	at java.util.concurrent.CompletableFuture.get(CompletableFuture.java:1915)
	at org.apache.ratis.util.IOUtils.getFromFuture(IOUtils.java:79)
	... 4 more
2019-09-11 07:12:28,191 [EventQueue-PipelineActionsForPipelineActionHandler] ERROR pipeline.PipelineActionHandler (PipelineActionHandler.java:onMessage(60)) - Received pipeline action CLOSE for Pipeline[ Id: 23ab43d6-1d95-4eb5-a8fc-44cff2683379, Nodes: dd774419-39ed-4d90-9a0e-7a7d67fca22a{ip: 192.168.5.143, host: pr-hdds-1786-trunk-klbfp-3319181915, networkLocation: /default-rack, certSerialId: null}b48366ef-6f68-46c9-99e7-9871be9f97bc{ip: 192.168.5.143, host: pr-hdds-1786-trunk-klbfp-3319181915, networkLocation: /default-rack, certSerialId: null}094d95bb-124f-4491-a67a-8d0b5b434983{ip: 192.168.5.143, host: pr-hdds-1786-trunk-klbfp-3319181915, networkLocation: /default-rack, certSerialId: null}, Type:RATIS, Factor:THREE, State:CLOSED] from datanode 094d95bb-124f-4491-a67a-8d0b5b434983{ip: 192.168.5.143, host: pr-hdds-1786-trunk-klbfp-3319181915, networkLocation: /default-rack, certSerialId: null}. Reason : 094d95bb-124f-4491-a67a-8d0b5b434983 has not seen follower/s dd774419-39ed-4d90-9a0e-7a7d67fca22a for 170082ms b48366ef-6f68-46c9-99e7-9871be9f97bc for 170064ms
2019-09-11 07:12:28,191 [EventQueue-PipelineActionsForPipelineActionHandler] INFO  pipeline.SCMPipelineManager (SCMPipelineManager.java:finalizeAndDestroyPipeline(311)) - destroying pipeline:Pipeline[ Id: 23ab43d6-1d95-4eb5-a8fc-44cff2683379, Nodes: dd774419-39ed-4d90-9a0e-7a7d67fca22a{ip: 192.168.5.143, host: pr-hdds-1786-trunk-klbfp-3319181915, networkLocation: /default-rack, certSerialId: null}b48366ef-6f68-46c9-99e7-9871be9f97bc{ip: 192.168.5.143, host: pr-hdds-1786-trunk-klbfp-3319181915, networkLocation: /default-rack, certSerialId: null}094d95bb-124f-4491-a67a-8d0b5b434983{ip: 192.168.5.143, host: pr-hdds-1786-trunk-klbfp-3319181915, networkLocation: /default-rack, certSerialId: null}, Type:RATIS, Factor:THREE, State:CLOSED]
2019-09-11 07:12:28,195 [dd774419-39ed-4d90-9a0e-7a7d67fca22a@group-44CFF2683379-SegmentedRaftLogWorker] WARN  segmented.SegmentedRaftLogWorker (SegmentedRaftLogWorker.java:getFromFuture(90)) - Timeout 16/~
org.apache.ratis.protocol.TimeoutIOException: Timeout 10s: WriteLog:13: (t:1, i:13), STATEMACHINELOGENTRY, client-FA0A0DC8EAE4, cid=31-writeStateMachineData
	at org.apache.ratis.util.IOUtils.getFromFuture(IOUtils.java:87)
	at org.apache.ratis.server.raftlog.segmented.SegmentedRaftLogWorker$StateMachineDataPolicy.getFromFuture(SegmentedRaftLogWorker.java:87)
	at org.apache.ratis.server.raftlog.segmented.SegmentedRaftLogWorker$WriteLog.execute(SegmentedRaftLogWorker.java:477)
	at org.apache.ratis.server.raftlog.segmented.SegmentedRaftLogWorker.run(SegmentedRaftLogWorker.java:289)
	at java.lang.Thread.run(Thread.java:748)
Caused by: java.util.concurrent.TimeoutException
	at java.util.concurrent.CompletableFuture.timedGet(CompletableFuture.java:1771)
	at java.util.concurrent.CompletableFuture.get(CompletableFuture.java:1915)
	at org.apache.ratis.util.IOUtils.getFromFuture(IOUtils.java:79)
	... 4 more
2019-09-11 07:12:28,196 [094d95bb-124f-4491-a67a-8d0b5b434983@group-44CFF2683379-SegmentedRaftLogWorker] WARN  segmented.SegmentedRaftLogWorker (SegmentedRaftLogWorker.java:getFromFuture(90)) - Timeout 16/~
org.apache.ratis.protocol.TimeoutIOException: Timeout 10s: WriteLog:13: (t:1, i:13), STATEMACHINELOGENTRY, client-FA0A0DC8EAE4, cid=31-writeStateMachineData
	at org.apache.ratis.util.IOUtils.getFromFuture(IOUtils.java:87)
	at org.apache.ratis.server.raftlog.segmented.SegmentedRaftLogWorker$StateMachineDataPolicy.getFromFuture(SegmentedRaftLogWorker.java:87)
	at org.apache.ratis.server.raftlog.segmented.SegmentedRaftLogWorker$WriteLog.execute(SegmentedRaftLogWorker.java:477)
	at org.apache.ratis.server.raftlog.segmented.SegmentedRaftLogWorker.run(SegmentedRaftLogWorker.java:289)
	at java.lang.Thread.run(Thread.java:748)
Caused by: java.util.concurrent.TimeoutException
	at java.util.concurrent.CompletableFuture.timedGet(CompletableFuture.java:1771)
	at java.util.concurrent.CompletableFuture.get(CompletableFuture.java:1915)
	at org.apache.ratis.util.IOUtils.getFromFuture(IOUtils.java:79)
	... 4 more
2019-09-11 07:12:28,199 [java.util.concurrent.ThreadPoolExecutor$Worker@cd5255c[State = -1, empty queue]] WARN  server.GrpcLogAppender (GrpcLogAppender.java:timeoutAppendRequest(200)) - 094d95bb-124f-4491-a67a-8d0b5b434983@group-44CFF2683379->b48366ef-6f68-46c9-99e7-9871be9f97bc-GrpcLogAppender: appendEntries Timeout, request=094d95bb-124f-4491-a67a-8d0b5b434983->b48366ef-6f68-46c9-99e7-9871be9f97bc#160-t1, previous=(t:1, i:18), leaderCommit=11, initializing? false, entries: <empty>
2019-09-11 07:12:28,199 [java.util.concurrent.ThreadPoolExecutor$Worker@21f64e46[State = -1, empty queue]] WARN  server.GrpcLogAppender (GrpcLogAppender.java:timeoutAppendRequest(200)) - 094d95bb-124f-4491-a67a-8d0b5b434983@group-44CFF2683379->dd774419-39ed-4d90-9a0e-7a7d67fca22a-GrpcLogAppender: appendEntries Timeout, request=094d95bb-124f-4491-a67a-8d0b5b434983->dd774419-39ed-4d90-9a0e-7a7d67fca22a#160-t1, previous=(t:1, i:18), leaderCommit=11, initializing? false, entries: <empty>
2019-09-11 07:12:28,200 [Thread-1342] INFO  impl.FollowerState (FollowerState.java:run(106)) - 094d95bb-124f-4491-a67a-8d0b5b434983:group-59D25F489DB2 changes to CANDIDATE, lastRpcTime:5015, electionTimeout:5015ms
2019-09-11 07:12:28,201 [Thread-1342] INFO  impl.RoleInfo (RoleInfo.java:shutdownFollowerState(121)) - 094d95bb-124f-4491-a67a-8d0b5b434983: shutdown FollowerState
2019-09-11 07:12:28,201 [Thread-1342] INFO  impl.RaftServerImpl (RaftServerImpl.java:setRole(174)) - 094d95bb-124f-4491-a67a-8d0b5b434983@group-59D25F489DB2: changes role from  FOLLOWER to CANDIDATE at term 0 for changeToCandidate
2019-09-11 07:12:28,201 [Thread-1342] INFO  impl.RoleInfo (RoleInfo.java:updateAndGet(143)) - 094d95bb-124f-4491-a67a-8d0b5b434983: start LeaderElection
2019-09-11 07:12:28,233 [094d95bb-124f-4491-a67a-8d0b5b434983@group-59D25F489DB2:LeaderElection13] INFO  impl.LeaderElection (LeaderElection.java:askForVotes(182)) - 094d95bb-124f-4491-a67a-8d0b5b434983@group-59D25F489DB2:LeaderElection13: begin an election at term 1 for -1: [dd774419-39ed-4d90-9a0e-7a7d67fca22a:192.168.5.143:40852, b48366ef-6f68-46c9-99e7-9871be9f97bc:192.168.5.143:42210, 094d95bb-124f-4491-a67a-8d0b5b434983:192.168.5.143:43792], old=null
2019-09-11 07:12:28,239 [grpc-default-executor-5] INFO  impl.RaftServerImpl (RaftServerImpl.java:setRole(174)) - dd774419-39ed-4d90-9a0e-7a7d67fca22a@group-59D25F489DB2: changes role from  FOLLOWER to FOLLOWER at term 1 for recognizeCandidate:094d95bb-124f-4491-a67a-8d0b5b434983
2019-09-11 07:12:28,239 [grpc-default-executor-0] INFO  impl.RaftServerImpl (RaftServerImpl.java:setRole(174)) - b48366ef-6f68-46c9-99e7-9871be9f97bc@group-59D25F489DB2: changes role from  FOLLOWER to FOLLOWER at term 1 for recognizeCandidate:094d95bb-124f-4491-a67a-8d0b5b434983
2019-09-11 07:12:28,240 [grpc-default-executor-5] INFO  impl.RoleInfo (RoleInfo.java:shutdownFollowerState(121)) - dd774419-39ed-4d90-9a0e-7a7d67fca22a: shutdown FollowerState
2019-09-11 07:12:28,240 [grpc-default-executor-0] INFO  impl.RoleInfo (RoleInfo.java:shutdownFollowerState(121)) - b48366ef-6f68-46c9-99e7-9871be9f97bc: shutdown FollowerState
2019-09-11 07:12:28,240 [grpc-default-executor-5] INFO  impl.RoleInfo (RoleInfo.java:updateAndGet(143)) - dd774419-39ed-4d90-9a0e-7a7d67fca22a: start FollowerState
2019-09-11 07:12:28,240 [grpc-default-executor-0] INFO  impl.RoleInfo (RoleInfo.java:updateAndGet(143)) - b48366ef-6f68-46c9-99e7-9871be9f97bc: start FollowerState
2019-09-11 07:12:28,240 [Thread-1344] INFO  impl.FollowerState (FollowerState.java:run(115)) - b48366ef-6f68-46c9-99e7-9871be9f97bc: FollowerState was interrupted: java.lang.InterruptedException: sleep interrupted
2019-09-11 07:12:28,240 [Thread-1346] INFO  impl.FollowerState (FollowerState.java:run(115)) - dd774419-39ed-4d90-9a0e-7a7d67fca22a: FollowerState was interrupted: java.lang.InterruptedException: sleep interrupted
2019-09-11 07:12:28,284 [094d95bb-124f-4491-a67a-8d0b5b434983@group-59D25F489DB2:LeaderElection13] INFO  impl.LeaderElection (LeaderElection.java:logAndReturn(56)) - 094d95bb-124f-4491-a67a-8d0b5b434983@group-59D25F489DB2:LeaderElection13: Election PASSED; received 1 response(s) [094d95bb-124f-4491-a67a-8d0b5b434983<-b48366ef-6f68-46c9-99e7-9871be9f97bc#0:OK-t1] and 0 exception(s); 094d95bb-124f-4491-a67a-8d0b5b434983@group-59D25F489DB2:t1, leader=null, voted=094d95bb-124f-4491-a67a-8d0b5b434983, raftlog=094d95bb-124f-4491-a67a-8d0b5b434983@group-59D25F489DB2-SegmentedRaftLog:OPENED:c-1,f-1,i0, conf=-1: [dd774419-39ed-4d90-9a0e-7a7d67fca22a:192.168.5.143:40852, b48366ef-6f68-46c9-99e7-9871be9f97bc:192.168.5.143:42210, 094d95bb-124f-4491-a67a-8d0b5b434983:192.168.5.143:43792], old=null
2019-09-11 07:12:28,285 [094d95bb-124f-4491-a67a-8d0b5b434983@group-59D25F489DB2:LeaderElection13] INFO  impl.RoleInfo (RoleInfo.java:shutdownLeaderElection(134)) - 094d95bb-124f-4491-a67a-8d0b5b434983: shutdown LeaderElection
2019-09-11 07:12:28,287 [094d95bb-124f-4491-a67a-8d0b5b434983@group-59D25F489DB2:LeaderElection13] INFO  impl.RaftServerImpl (RaftServerImpl.java:setRole(174)) - 094d95bb-124f-4491-a67a-8d0b5b434983@group-59D25F489DB2: changes role from CANDIDATE to LEADER at term 1 for changeToLeader
2019-09-11 07:12:28,287 [094d95bb-124f-4491-a67a-8d0b5b434983@group-59D25F489DB2:LeaderElection13] INFO  impl.RaftServerImpl (ServerState.java:setLeader(253)) - 094d95bb-124f-4491-a67a-8d0b5b434983@group-59D25F489DB2: change Leader from null to 094d95bb-124f-4491-a67a-8d0b5b434983 at term 1 for becomeLeader, leader elected after 5111ms
2019-09-11 07:12:28,288 [094d95bb-124f-4491-a67a-8d0b5b434983@group-59D25F489DB2:LeaderElection13] INFO  server.RaftServerConfigKeys (ConfUtils.java:logGet(43)) - raft.server.staging.catchup.gap = 1000 (default)
2019-09-11 07:12:28,288 [094d95bb-124f-4491-a67a-8d0b5b434983@group-59D25F489DB2:LeaderElection13] INFO  server.RaftServerConfigKeys (ConfUtils.java:logGet(43)) - raft.server.rpc.sleep.time = 25ms (default)
2019-09-11 07:12:28,288 [094d95bb-124f-4491-a67a-8d0b5b434983@group-59D25F489DB2:LeaderElection13] INFO  server.RaftServerConfigKeys (ConfUtils.java:logGet(43)) - raft.server.write.element-limit = 4096 (default)
2019-09-11 07:12:28,289 [094d95bb-124f-4491-a67a-8d0b5b434983@group-59D25F489DB2:LeaderElection13] INFO  server.RaftServerConfigKeys (ConfUtils.java:logGet(43)) - raft.server.watch.timeout = 10s (default)
2019-09-11 07:12:28,289 [094d95bb-124f-4491-a67a-8d0b5b434983@group-59D25F489DB2:LeaderElection13] INFO  server.RaftServerConfigKeys (ConfUtils.java:logGet(43)) - raft.server.watch.timeout.denomination = 1s (default)
2019-09-11 07:12:28,289 [094d95bb-124f-4491-a67a-8d0b5b434983@group-59D25F489DB2:LeaderElection13] INFO  server.RaftServerConfigKeys (ConfUtils.java:logGet(43)) - raft.server.watch.element-limit = 65536 (default)
2019-09-11 07:12:28,296 [094d95bb-124f-4491-a67a-8d0b5b434983@group-59D25F489DB2:LeaderElection13] INFO  server.RaftServerConfigKeys (ConfUtils.java:logGet(43)) - raft.server.log.appender.snapshot.chunk.size.max = 16MB (=16777216) (default)
2019-09-11 07:12:28,296 [094d95bb-124f-4491-a67a-8d0b5b434983@group-59D25F489DB2:LeaderElection13] INFO  server.RaftServerConfigKeys (ConfUtils.java:logGet(43)) - raft.server.log.appender.buffer.byte-limit = 33554432 (custom)
2019-09-11 07:12:28,296 [094d95bb-124f-4491-a67a-8d0b5b434983@group-59D25F489DB2:LeaderElection13] INFO  server.RaftServerConfigKeys (ConfUtils.java:logGet(43)) - raft.server.log.appender.buffer.element-limit = 1 (custom)
2019-09-11 07:12:28,296 [094d95bb-124f-4491-a67a-8d0b5b434983@group-59D25F489DB2:LeaderElection13] INFO  grpc.GrpcConfigKeys$Server (ConfUtils.java:logGet(43)) - raft.grpc.server.leader.outstanding.appends.max = 128 (default)
2019-09-11 07:12:28,297 [094d95bb-124f-4491-a67a-8d0b5b434983@group-59D25F489DB2:LeaderElection13] INFO  server.RaftServerConfigKeys (ConfUtils.java:logGet(43)) - raft.server.rpc.request.timeout = 3000ms (default)
2019-09-11 07:12:28,297 [094d95bb-124f-4491-a67a-8d0b5b434983@group-59D25F489DB2:LeaderElection13] INFO  server.RaftServerConfigKeys (ConfUtils.java:logGet(43)) - raft.server.log.appender.install.snapshot.enabled = false (custom)
2019-09-11 07:12:28,297 [094d95bb-124f-4491-a67a-8d0b5b434983@group-59D25F489DB2:LeaderElection13] INFO  server.RaftServerConfigKeys (ConfUtils.java:logGet(43)) - raft.server.log.appender.snapshot.chunk.size.max = 16MB (=16777216) (default)
2019-09-11 07:12:28,297 [094d95bb-124f-4491-a67a-8d0b5b434983@group-59D25F489DB2:LeaderElection13] INFO  server.RaftServerConfigKeys (ConfUtils.java:logGet(43)) - raft.server.log.appender.buffer.byte-limit = 33554432 (custom)
2019-09-11 07:12:28,297 [094d95bb-124f-4491-a67a-8d0b5b434983@group-59D25F489DB2:LeaderElection13] INFO  server.RaftServerConfigKeys (ConfUtils.java:logGet(43)) - raft.server.log.appender.buffer.element-limit = 1 (custom)
2019-09-11 07:12:28,298 [094d95bb-124f-4491-a67a-8d0b5b434983@group-59D25F489DB2:LeaderElection13] INFO  grpc.GrpcConfigKeys$Server (ConfUtils.java:logGet(43)) - raft.grpc.server.leader.outstanding.appends.max = 128 (default)
2019-09-11 07:12:28,298 [094d95bb-124f-4491-a67a-8d0b5b434983@group-59D25F489DB2:LeaderElection13] INFO  server.RaftServerConfigKeys (ConfUtils.java:logGet(43)) - raft.server.rpc.request.timeout = 3000ms (default)
2019-09-11 07:12:28,298 [094d95bb-124f-4491-a67a-8d0b5b434983@group-59D25F489DB2:LeaderElection13] INFO  server.RaftServerConfigKeys (ConfUtils.java:logGet(43)) - raft.server.log.appender.install.snapshot.enabled = false (custom)
2019-09-11 07:12:28,298 [094d95bb-124f-4491-a67a-8d0b5b434983@group-59D25F489DB2:LeaderElection13] INFO  impl.RoleInfo (RoleInfo.java:updateAndGet(143)) - 094d95bb-124f-4491-a67a-8d0b5b434983: start LeaderState
2019-09-11 07:12:28,299 [094d95bb-124f-4491-a67a-8d0b5b434983@group-59D25F489DB2:LeaderElection13] INFO  segmented.SegmentedRaftLogWorker (SegmentedRaftLogWorker.java:startLogSegment(380)) - 094d95bb-124f-4491-a67a-8d0b5b434983@group-59D25F489DB2-SegmentedRaftLogWorker: Starting segment from index:0
2019-09-11 07:12:28,300 [094d95bb-124f-4491-a67a-8d0b5b434983@group-59D25F489DB2:LeaderElection13] INFO  impl.RaftServerImpl (ServerState.java:setRaftConf(354)) - 094d95bb-124f-4491-a67a-8d0b5b434983@group-59D25F489DB2: set configuration 0: [dd774419-39ed-4d90-9a0e-7a7d67fca22a:192.168.5.143:40852, b48366ef-6f68-46c9-99e7-9871be9f97bc:192.168.5.143:42210, 094d95bb-124f-4491-a67a-8d0b5b434983:192.168.5.143:43792], old=null at 0
2019-09-11 07:12:28,341 [grpc-default-executor-0] INFO  impl.RaftServerImpl (ServerState.java:setLeader(253)) - b48366ef-6f68-46c9-99e7-9871be9f97bc@group-59D25F489DB2: change Leader from null to 094d95bb-124f-4491-a67a-8d0b5b434983 at term 1 for appendEntries, leader elected after 5165ms
2019-09-11 07:12:28,342 [grpc-default-executor-5] INFO  impl.RaftServerImpl (ServerState.java:setLeader(253)) - dd774419-39ed-4d90-9a0e-7a7d67fca22a@group-59D25F489DB2: change Leader from null to 094d95bb-124f-4491-a67a-8d0b5b434983 at term 1 for appendEntries, leader elected after 5165ms
2019-09-11 07:12:28,350 [grpc-default-executor-0] INFO  impl.RaftServerImpl (ServerState.java:setRaftConf(354)) - b48366ef-6f68-46c9-99e7-9871be9f97bc@group-59D25F489DB2: set configuration 0: [dd774419-39ed-4d90-9a0e-7a7d67fca22a:192.168.5.143:40852, b48366ef-6f68-46c9-99e7-9871be9f97bc:192.168.5.143:42210, 094d95bb-124f-4491-a67a-8d0b5b434983:192.168.5.143:43792], old=null at 0
2019-09-11 07:12:28,350 [grpc-default-executor-5] INFO  impl.RaftServerImpl (ServerState.java:setRaftConf(354)) - dd774419-39ed-4d90-9a0e-7a7d67fca22a@group-59D25F489DB2: set configuration 0: [dd774419-39ed-4d90-9a0e-7a7d67fca22a:192.168.5.143:40852, b48366ef-6f68-46c9-99e7-9871be9f97bc:192.168.5.143:42210, 094d95bb-124f-4491-a67a-8d0b5b434983:192.168.5.143:43792], old=null at 0
2019-09-11 07:12:28,350 [grpc-default-executor-0] INFO  segmented.SegmentedRaftLogWorker (SegmentedRaftLogWorker.java:startLogSegment(380)) - b48366ef-6f68-46c9-99e7-9871be9f97bc@group-59D25F489DB2-SegmentedRaftLogWorker: Starting segment from index:0
2019-09-11 07:12:28,351 [grpc-default-executor-5] INFO  segmented.SegmentedRaftLogWorker (SegmentedRaftLogWorker.java:startLogSegment(380)) - dd774419-39ed-4d90-9a0e-7a7d67fca22a@group-59D25F489DB2-SegmentedRaftLogWorker: Starting segment from index:0
2019-09-11 07:12:28,360 [094d95bb-124f-4491-a67a-8d0b5b434983@group-59D25F489DB2-SegmentedRaftLogWorker] INFO  segmented.SegmentedRaftLogWorker (SegmentedRaftLogWorker.java:execute(569)) - 094d95bb-124f-4491-a67a-8d0b5b434983@group-59D25F489DB2-SegmentedRaftLogWorker: created new log segment /workdir/hadoop-ozone/integration-test/target/test-dir/MiniOzoneClusterImpl-b235dd93-a3eb-497e-8479-f8d4900b0fc5/datanode-3/data/ratis/82fa30ef-207a-4367-ac5c-59d25f489db2/current/log_inprogress_0
2019-09-11 07:12:28,400 [dd774419-39ed-4d90-9a0e-7a7d67fca22a@group-59D25F489DB2-SegmentedRaftLogWorker] INFO  segmented.SegmentedRaftLogWorker (SegmentedRaftLogWorker.java:execute(569)) - dd774419-39ed-4d90-9a0e-7a7d67fca22a@group-59D25F489DB2-SegmentedRaftLogWorker: created new log segment /workdir/hadoop-ozone/integration-test/target/test-dir/MiniOzoneClusterImpl-b235dd93-a3eb-497e-8479-f8d4900b0fc5/datanode-4/data/ratis/82fa30ef-207a-4367-ac5c-59d25f489db2/current/log_inprogress_0
2019-09-11 07:12:28,400 [b48366ef-6f68-46c9-99e7-9871be9f97bc@group-59D25F489DB2-SegmentedRaftLogWorker] INFO  segmented.SegmentedRaftLogWorker (SegmentedRaftLogWorker.java:execute(569)) - b48366ef-6f68-46c9-99e7-9871be9f97bc@group-59D25F489DB2-SegmentedRaftLogWorker: created new log segment /workdir/hadoop-ozone/integration-test/target/test-dir/MiniOzoneClusterImpl-b235dd93-a3eb-497e-8479-f8d4900b0fc5/datanode-1/data/ratis/82fa30ef-207a-4367-ac5c-59d25f489db2/current/log_inprogress_0
2019-09-11 07:12:29,683 [grpc-default-executor-0] INFO  client.GrpcClientProtocolClient (GrpcClientProtocolClient.java:onNext(264)) - client-FA0A0DC8EAE4->dd774419-39ed-4d90-9a0e-7a7d67fca22a: receive RaftClientReply:client-FA0A0DC8EAE4->dd774419-39ed-4d90-9a0e-7a7d67fca22a@group-44CFF2683379, cid=30, FAILED org.apache.ratis.protocol.NotLeaderException: Server dd774419-39ed-4d90-9a0e-7a7d67fca22a@group-44CFF2683379 is not the leader 094d95bb-124f-4491-a67a-8d0b5b434983:192.168.5.143:43792, logIndex=0, commits[dd774419-39ed-4d90-9a0e-7a7d67fca22a:c11, b48366ef-6f68-46c9-99e7-9871be9f97bc:c10, 094d95bb-124f-4491-a67a-8d0b5b434983:c11]
2019-09-11 07:12:30,201 [org.apache.ratis.server.impl.LogAppender$AppenderDaemon$$Lambda$492/690755232@7fdbb0dd] ERROR ratis.XceiverServerRatis (XceiverServerRatis.java:triggerPipelineClose(575)) - pipeline Action CLOSE  on pipeline PipelineID=23ab43d6-1d95-4eb5-a8fc-44cff2683379.Reason : 094d95bb-124f-4491-a67a-8d0b5b434983 has not seen follower/s dd774419-39ed-4d90-9a0e-7a7d67fca22a for 172583ms b48366ef-6f68-46c9-99e7-9871be9f97bc for 172565ms
2019-09-11 07:12:30,201 [org.apache.ratis.server.impl.LogAppender$AppenderDaemon$$Lambda$492/690755232@3b5e296d] ERROR ratis.XceiverServerRatis (XceiverServerRatis.java:triggerPipelineClose(575)) - pipeline Action CLOSE  on pipeline PipelineID=23ab43d6-1d95-4eb5-a8fc-44cff2683379.Reason : 094d95bb-124f-4491-a67a-8d0b5b434983 has not seen follower/s dd774419-39ed-4d90-9a0e-7a7d67fca22a for 172583ms b48366ef-6f68-46c9-99e7-9871be9f97bc for 172565ms
2019-09-11 07:12:30,700 [java.util.concurrent.ThreadPoolExecutor$Worker@21f64e46[State = -1, empty queue]] WARN  server.GrpcLogAppender (GrpcLogAppender.java:timeoutAppendRequest(200)) - 094d95bb-124f-4491-a67a-8d0b5b434983@group-44CFF2683379->dd774419-39ed-4d90-9a0e-7a7d67fca22a-GrpcLogAppender: appendEntries Timeout, request=094d95bb-124f-4491-a67a-8d0b5b434983->dd774419-39ed-4d90-9a0e-7a7d67fca22a#161-t1, previous=(t:1, i:18), leaderCommit=11, initializing? false, entries: <empty>
2019-09-11 07:12:30,700 [java.util.concurrent.ThreadPoolExecutor$Worker@cd5255c[State = -1, empty queue]] WARN  server.GrpcLogAppender (GrpcLogAppender.java:timeoutAppendRequest(200)) - 094d95bb-124f-4491-a67a-8d0b5b434983@group-44CFF2683379->b48366ef-6f68-46c9-99e7-9871be9f97bc-GrpcLogAppender: appendEntries Timeout, request=094d95bb-124f-4491-a67a-8d0b5b434983->b48366ef-6f68-46c9-99e7-9871be9f97bc#161-t1, previous=(t:1, i:18), leaderCommit=11, initializing? false, entries: <empty>
2019-09-11 07:12:31,195 [EventQueue-PipelineActionsForPipelineActionHandler] ERROR pipeline.PipelineActionHandler (PipelineActionHandler.java:onMessage(60)) - Received pipeline action CLOSE for Pipeline[ Id: 23ab43d6-1d95-4eb5-a8fc-44cff2683379, Nodes: dd774419-39ed-4d90-9a0e-7a7d67fca22a{ip: 192.168.5.143, host: pr-hdds-1786-trunk-klbfp-3319181915, networkLocation: /default-rack, certSerialId: null}b48366ef-6f68-46c9-99e7-9871be9f97bc{ip: 192.168.5.143, host: pr-hdds-1786-trunk-klbfp-3319181915, networkLocation: /default-rack, certSerialId: null}094d95bb-124f-4491-a67a-8d0b5b434983{ip: 192.168.5.143, host: pr-hdds-1786-trunk-klbfp-3319181915, networkLocation: /default-rack, certSerialId: null}, Type:RATIS, Factor:THREE, State:CLOSED] from datanode 094d95bb-124f-4491-a67a-8d0b5b434983{ip: 192.168.5.143, host: pr-hdds-1786-trunk-klbfp-3319181915, networkLocation: /default-rack, certSerialId: null}. Reason : 094d95bb-124f-4491-a67a-8d0b5b434983 has not seen follower/s dd774419-39ed-4d90-9a0e-7a7d67fca22a for 172583ms b48366ef-6f68-46c9-99e7-9871be9f97bc for 172565ms
2019-09-11 07:12:31,195 [EventQueue-PipelineActionsForPipelineActionHandler] INFO  pipeline.SCMPipelineManager (SCMPipelineManager.java:finalizeAndDestroyPipeline(311)) - destroying pipeline:Pipeline[ Id: 23ab43d6-1d95-4eb5-a8fc-44cff2683379, Nodes: dd774419-39ed-4d90-9a0e-7a7d67fca22a{ip: 192.168.5.143, host: pr-hdds-1786-trunk-klbfp-3319181915, networkLocation: /default-rack, certSerialId: null}b48366ef-6f68-46c9-99e7-9871be9f97bc{ip: 192.168.5.143, host: pr-hdds-1786-trunk-klbfp-3319181915, networkLocation: /default-rack, certSerialId: null}094d95bb-124f-4491-a67a-8d0b5b434983{ip: 192.168.5.143, host: pr-hdds-1786-trunk-klbfp-3319181915, networkLocation: /default-rack, certSerialId: null}, Type:RATIS, Factor:THREE, State:CLOSED]
2019-09-11 07:12:32,702 [org.apache.ratis.server.impl.LogAppender$AppenderDaemon$$Lambda$492/690755232@7fdbb0dd] ERROR ratis.XceiverServerRatis (XceiverServerRatis.java:triggerPipelineClose(575)) - pipeline Action CLOSE  on pipeline PipelineID=23ab43d6-1d95-4eb5-a8fc-44cff2683379.Reason : 094d95bb-124f-4491-a67a-8d0b5b434983 has not seen follower/s dd774419-39ed-4d90-9a0e-7a7d67fca22a for 175084ms b48366ef-6f68-46c9-99e7-9871be9f97bc for 175066ms
2019-09-11 07:12:32,702 [org.apache.ratis.server.impl.LogAppender$AppenderDaemon$$Lambda$492/690755232@3b5e296d] ERROR ratis.XceiverServerRatis (XceiverServerRatis.java:triggerPipelineClose(575)) - pipeline Action CLOSE  on pipeline PipelineID=23ab43d6-1d95-4eb5-a8fc-44cff2683379.Reason : 094d95bb-124f-4491-a67a-8d0b5b434983 has not seen follower/s dd774419-39ed-4d90-9a0e-7a7d67fca22a for 175084ms b48366ef-6f68-46c9-99e7-9871be9f97bc for 175066ms
2019-09-11 07:12:33,195 [EventQueue-PipelineActionsForPipelineActionHandler] ERROR pipeline.PipelineActionHandler (PipelineActionHandler.java:onMessage(60)) - Received pipeline action CLOSE for Pipeline[ Id: 23ab43d6-1d95-4eb5-a8fc-44cff2683379, Nodes: dd774419-39ed-4d90-9a0e-7a7d67fca22a{ip: 192.168.5.143, host: pr-hdds-1786-trunk-klbfp-3319181915, networkLocation: /default-rack, certSerialId: null}b48366ef-6f68-46c9-99e7-9871be9f97bc{ip: 192.168.5.143, host: pr-hdds-1786-trunk-klbfp-3319181915, networkLocation: /default-rack, certSerialId: null}094d95bb-124f-4491-a67a-8d0b5b434983{ip: 192.168.5.143, host: pr-hdds-1786-trunk-klbfp-3319181915, networkLocation: /default-rack, certSerialId: null}, Type:RATIS, Factor:THREE, State:CLOSED] from datanode 094d95bb-124f-4491-a67a-8d0b5b434983{ip: 192.168.5.143, host: pr-hdds-1786-trunk-klbfp-3319181915, networkLocation: /default-rack, certSerialId: null}. Reason : 094d95bb-124f-4491-a67a-8d0b5b434983 has not seen follower/s dd774419-39ed-4d90-9a0e-7a7d67fca22a for 175084ms b48366ef-6f68-46c9-99e7-9871be9f97bc for 175066ms
2019-09-11 07:12:33,196 [EventQueue-PipelineActionsForPipelineActionHandler] INFO  pipeline.SCMPipelineManager (SCMPipelineManager.java:finalizeAndDestroyPipeline(311)) - destroying pipeline:Pipeline[ Id: 23ab43d6-1d95-4eb5-a8fc-44cff2683379, Nodes: dd774419-39ed-4d90-9a0e-7a7d67fca22a{ip: 192.168.5.143, host: pr-hdds-1786-trunk-klbfp-3319181915, networkLocation: /default-rack, certSerialId: null}b48366ef-6f68-46c9-99e7-9871be9f97bc{ip: 192.168.5.143, host: pr-hdds-1786-trunk-klbfp-3319181915, networkLocation: /default-rack, certSerialId: null}094d95bb-124f-4491-a67a-8d0b5b434983{ip: 192.168.5.143, host: pr-hdds-1786-trunk-klbfp-3319181915, networkLocation: /default-rack, certSerialId: null}, Type:RATIS, Factor:THREE, State:CLOSED]
2019-09-11 07:12:33,201 [java.util.concurrent.ThreadPoolExecutor$Worker@cd5255c[State = -1, empty queue]] WARN  server.GrpcLogAppender (GrpcLogAppender.java:timeoutAppendRequest(200)) - 094d95bb-124f-4491-a67a-8d0b5b434983@group-44CFF2683379->b48366ef-6f68-46c9-99e7-9871be9f97bc-GrpcLogAppender: appendEntries Timeout, request=094d95bb-124f-4491-a67a-8d0b5b434983->b48366ef-6f68-46c9-99e7-9871be9f97bc#162-t1, previous=(t:1, i:18), leaderCommit=11, initializing? false, entries: <empty>
2019-09-11 07:12:33,201 [java.util.concurrent.ThreadPoolExecutor$Worker@21f64e46[State = -1, empty queue]] WARN  server.GrpcLogAppender (GrpcLogAppender.java:timeoutAppendRequest(200)) - 094d95bb-124f-4491-a67a-8d0b5b434983@group-44CFF2683379->dd774419-39ed-4d90-9a0e-7a7d67fca22a-GrpcLogAppender: appendEntries Timeout, request=094d95bb-124f-4491-a67a-8d0b5b434983->dd774419-39ed-4d90-9a0e-7a7d67fca22a#162-t1, previous=(t:1, i:18), leaderCommit=11, initializing? false, entries: <empty>
2019-09-11 07:12:34,743 [grpc-default-executor-5] INFO  client.GrpcClientProtocolClient (GrpcClientProtocolClient.java:onNext(264)) - client-FA0A0DC8EAE4->dd774419-39ed-4d90-9a0e-7a7d67fca22a: receive RaftClientReply:client-FA0A0DC8EAE4->dd774419-39ed-4d90-9a0e-7a7d67fca22a@group-44CFF2683379, cid=30, FAILED org.apache.ratis.protocol.NotLeaderException: Server dd774419-39ed-4d90-9a0e-7a7d67fca22a@group-44CFF2683379 is not the leader 094d95bb-124f-4491-a67a-8d0b5b434983:192.168.5.143:43792, logIndex=0, commits[dd774419-39ed-4d90-9a0e-7a7d67fca22a:c11, b48366ef-6f68-46c9-99e7-9871be9f97bc:c10, 094d95bb-124f-4491-a67a-8d0b5b434983:c11]
2019-09-11 07:12:35,203 [org.apache.ratis.server.impl.LogAppender$AppenderDaemon$$Lambda$492/690755232@7fdbb0dd] ERROR ratis.XceiverServerRatis (XceiverServerRatis.java:triggerPipelineClose(575)) - pipeline Action CLOSE  on pipeline PipelineID=23ab43d6-1d95-4eb5-a8fc-44cff2683379.Reason : 094d95bb-124f-4491-a67a-8d0b5b434983 has not seen follower/s dd774419-39ed-4d90-9a0e-7a7d67fca22a for 177585ms b48366ef-6f68-46c9-99e7-9871be9f97bc for 177567ms
2019-09-11 07:12:35,203 [org.apache.ratis.server.impl.LogAppender$AppenderDaemon$$Lambda$492/690755232@3b5e296d] ERROR ratis.XceiverServerRatis (XceiverServerRatis.java:triggerPipelineClose(575)) - pipeline Action CLOSE  on pipeline PipelineID=23ab43d6-1d95-4eb5-a8fc-44cff2683379.Reason : 094d95bb-124f-4491-a67a-8d0b5b434983 has not seen follower/s dd774419-39ed-4d90-9a0e-7a7d67fca22a for 177585ms b48366ef-6f68-46c9-99e7-9871be9f97bc for 177567ms
2019-09-11 07:12:35,702 [java.util.concurrent.ThreadPoolExecutor$Worker@21f64e46[State = -1, empty queue]] WARN  server.GrpcLogAppender (GrpcLogAppender.java:timeoutAppendRequest(200)) - 094d95bb-124f-4491-a67a-8d0b5b434983@group-44CFF2683379->dd774419-39ed-4d90-9a0e-7a7d67fca22a-GrpcLogAppender: appendEntries Timeout, request=094d95bb-124f-4491-a67a-8d0b5b434983->dd774419-39ed-4d90-9a0e-7a7d67fca22a#163-t1, previous=(t:1, i:18), leaderCommit=11, initializing? false, entries: <empty>
2019-09-11 07:12:35,702 [java.util.concurrent.ThreadPoolExecutor$Worker@cd5255c[State = -1, empty queue]] WARN  server.GrpcLogAppender (GrpcLogAppender.java:timeoutAppendRequest(200)) - 094d95bb-124f-4491-a67a-8d0b5b434983@group-44CFF2683379->b48366ef-6f68-46c9-99e7-9871be9f97bc-GrpcLogAppender: appendEntries Timeout, request=094d95bb-124f-4491-a67a-8d0b5b434983->b48366ef-6f68-46c9-99e7-9871be9f97bc#163-t1, previous=(t:1, i:18), leaderCommit=11, initializing? false, entries: <empty>
2019-09-11 07:12:36,195 [EventQueue-PipelineActionsForPipelineActionHandler] ERROR pipeline.PipelineActionHandler (PipelineActionHandler.java:onMessage(60)) - Received pipeline action CLOSE for Pipeline[ Id: 23ab43d6-1d95-4eb5-a8fc-44cff2683379, Nodes: dd774419-39ed-4d90-9a0e-7a7d67fca22a{ip: 192.168.5.143, host: pr-hdds-1786-trunk-klbfp-3319181915, networkLocation: /default-rack, certSerialId: null}b48366ef-6f68-46c9-99e7-9871be9f97bc{ip: 192.168.5.143, host: pr-hdds-1786-trunk-klbfp-3319181915, networkLocation: /default-rack, certSerialId: null}094d95bb-124f-4491-a67a-8d0b5b434983{ip: 192.168.5.143, host: pr-hdds-1786-trunk-klbfp-3319181915, networkLocation: /default-rack, certSerialId: null}, Type:RATIS, Factor:THREE, State:CLOSED] from datanode 094d95bb-124f-4491-a67a-8d0b5b434983{ip: 192.168.5.143, host: pr-hdds-1786-trunk-klbfp-3319181915, networkLocation: /default-rack, certSerialId: null}. Reason : 094d95bb-124f-4491-a67a-8d0b5b434983 has not seen follower/s dd774419-39ed-4d90-9a0e-7a7d67fca22a for 177585ms b48366ef-6f68-46c9-99e7-9871be9f97bc for 177567ms
2019-09-11 07:12:36,195 [EventQueue-PipelineActionsForPipelineActionHandler] INFO  pipeline.SCMPipelineManager (SCMPipelineManager.java:finalizeAndDestroyPipeline(311)) - destroying pipeline:Pipeline[ Id: 23ab43d6-1d95-4eb5-a8fc-44cff2683379, Nodes: dd774419-39ed-4d90-9a0e-7a7d67fca22a{ip: 192.168.5.143, host: pr-hdds-1786-trunk-klbfp-3319181915, networkLocation: /default-rack, certSerialId: null}b48366ef-6f68-46c9-99e7-9871be9f97bc{ip: 192.168.5.143, host: pr-hdds-1786-trunk-klbfp-3319181915, networkLocation: /default-rack, certSerialId: null}094d95bb-124f-4491-a67a-8d0b5b434983{ip: 192.168.5.143, host: pr-hdds-1786-trunk-klbfp-3319181915, networkLocation: /default-rack, certSerialId: null}, Type:RATIS, Factor:THREE, State:CLOSED]
2019-09-11 07:12:37,705 [org.apache.ratis.server.impl.LogAppender$AppenderDaemon$$Lambda$492/690755232@7fdbb0dd] ERROR ratis.XceiverServerRatis (XceiverServerRatis.java:triggerPipelineClose(575)) - pipeline Action CLOSE  on pipeline PipelineID=23ab43d6-1d95-4eb5-a8fc-44cff2683379.Reason : 094d95bb-124f-4491-a67a-8d0b5b434983 has not seen follower/s dd774419-39ed-4d90-9a0e-7a7d67fca22a for 180087ms b48366ef-6f68-46c9-99e7-9871be9f97bc for 180068ms
2019-09-11 07:12:37,705 [org.apache.ratis.server.impl.LogAppender$AppenderDaemon$$Lambda$492/690755232@3b5e296d] ERROR ratis.XceiverServerRatis (XceiverServerRatis.java:triggerPipelineClose(575)) - pipeline Action CLOSE  on pipeline PipelineID=23ab43d6-1d95-4eb5-a8fc-44cff2683379.Reason : 094d95bb-124f-4491-a67a-8d0b5b434983 has not seen follower/s dd774419-39ed-4d90-9a0e-7a7d67fca22a for 180087ms b48366ef-6f68-46c9-99e7-9871be9f97bc for 180068ms
2019-09-11 07:12:37,844 [b48366ef-6f68-46c9-99e7-9871be9f97bc@group-44CFF2683379-SegmentedRaftLogWorker] WARN  segmented.SegmentedRaftLogWorker (SegmentedRaftLogWorker.java:getFromFuture(90)) - Timeout 17/~
org.apache.ratis.protocol.TimeoutIOException: Timeout 10s: WriteLog:12: (t:1, i:12), STATEMACHINELOGENTRY, client-FA0A0DC8EAE4, cid=30-writeStateMachineData
	at org.apache.ratis.util.IOUtils.getFromFuture(IOUtils.java:87)
	at org.apache.ratis.server.raftlog.segmented.SegmentedRaftLogWorker$StateMachineDataPolicy.getFromFuture(SegmentedRaftLogWorker.java:87)
	at org.apache.ratis.server.raftlog.segmented.SegmentedRaftLogWorker$WriteLog.execute(SegmentedRaftLogWorker.java:477)
	at org.apache.ratis.server.raftlog.segmented.SegmentedRaftLogWorker.run(SegmentedRaftLogWorker.java:289)
	at java.lang.Thread.run(Thread.java:748)
Caused by: java.util.concurrent.TimeoutException
	at java.util.concurrent.CompletableFuture.timedGet(CompletableFuture.java:1771)
	at java.util.concurrent.CompletableFuture.get(CompletableFuture.java:1915)
	at org.apache.ratis.util.IOUtils.getFromFuture(IOUtils.java:79)
	... 4 more
2019-09-11 07:12:38,195 [EventQueue-PipelineActionsForPipelineActionHandler] ERROR pipeline.PipelineActionHandler (PipelineActionHandler.java:onMessage(60)) - Received pipeline action CLOSE for Pipeline[ Id: 23ab43d6-1d95-4eb5-a8fc-44cff2683379, Nodes: dd774419-39ed-4d90-9a0e-7a7d67fca22a{ip: 192.168.5.143, host: pr-hdds-1786-trunk-klbfp-3319181915, networkLocation: /default-rack, certSerialId: null}b48366ef-6f68-46c9-99e7-9871be9f97bc{ip: 192.168.5.143, host: pr-hdds-1786-trunk-klbfp-3319181915, networkLocation: /default-rack, certSerialId: null}094d95bb-124f-4491-a67a-8d0b5b434983{ip: 192.168.5.143, host: pr-hdds-1786-trunk-klbfp-3319181915, networkLocation: /default-rack, certSerialId: null}, Type:RATIS, Factor:THREE, State:CLOSED] from datanode 094d95bb-124f-4491-a67a-8d0b5b434983{ip: 192.168.5.143, host: pr-hdds-1786-trunk-klbfp-3319181915, networkLocation: /default-rack, certSerialId: null}. Reason : 094d95bb-124f-4491-a67a-8d0b5b434983 has not seen follower/s dd774419-39ed-4d90-9a0e-7a7d67fca22a for 180087ms b48366ef-6f68-46c9-99e7-9871be9f97bc for 180068ms
2019-09-11 07:12:38,195 [EventQueue-PipelineActionsForPipelineActionHandler] INFO  pipeline.SCMPipelineManager (SCMPipelineManager.java:finalizeAndDestroyPipeline(311)) - destroying pipeline:Pipeline[ Id: 23ab43d6-1d95-4eb5-a8fc-44cff2683379, Nodes: dd774419-39ed-4d90-9a0e-7a7d67fca22a{ip: 192.168.5.143, host: pr-hdds-1786-trunk-klbfp-3319181915, networkLocation: /default-rack, certSerialId: null}b48366ef-6f68-46c9-99e7-9871be9f97bc{ip: 192.168.5.143, host: pr-hdds-1786-trunk-klbfp-3319181915, networkLocation: /default-rack, certSerialId: null}094d95bb-124f-4491-a67a-8d0b5b434983{ip: 192.168.5.143, host: pr-hdds-1786-trunk-klbfp-3319181915, networkLocation: /default-rack, certSerialId: null}, Type:RATIS, Factor:THREE, State:CLOSED]
2019-09-11 07:12:38,196 [dd774419-39ed-4d90-9a0e-7a7d67fca22a@group-44CFF2683379-SegmentedRaftLogWorker] WARN  segmented.SegmentedRaftLogWorker (SegmentedRaftLogWorker.java:getFromFuture(90)) - Timeout 17/~
org.apache.ratis.protocol.TimeoutIOException: Timeout 10s: WriteLog:13: (t:1, i:13), STATEMACHINELOGENTRY, client-FA0A0DC8EAE4, cid=31-writeStateMachineData
	at org.apache.ratis.util.IOUtils.getFromFuture(IOUtils.java:87)
	at org.apache.ratis.server.raftlog.segmented.SegmentedRaftLogWorker$StateMachineDataPolicy.getFromFuture(SegmentedRaftLogWorker.java:87)
	at org.apache.ratis.server.raftlog.segmented.SegmentedRaftLogWorker$WriteLog.execute(SegmentedRaftLogWorker.java:477)
	at org.apache.ratis.server.raftlog.segmented.SegmentedRaftLogWorker.run(SegmentedRaftLogWorker.java:289)
	at java.lang.Thread.run(Thread.java:748)
Caused by: java.util.concurrent.TimeoutException
	at java.util.concurrent.CompletableFuture.timedGet(CompletableFuture.java:1771)
	at java.util.concurrent.CompletableFuture.get(CompletableFuture.java:1915)
	at org.apache.ratis.util.IOUtils.getFromFuture(IOUtils.java:79)
	... 4 more
2019-09-11 07:12:38,197 [094d95bb-124f-4491-a67a-8d0b5b434983@group-44CFF2683379-SegmentedRaftLogWorker] WARN  segmented.SegmentedRaftLogWorker (SegmentedRaftLogWorker.java:getFromFuture(90)) - Timeout 17/~
org.apache.ratis.protocol.TimeoutIOException: Timeout 10s: WriteLog:13: (t:1, i:13), STATEMACHINELOGENTRY, client-FA0A0DC8EAE4, cid=31-writeStateMachineData
	at org.apache.ratis.util.IOUtils.getFromFuture(IOUtils.java:87)
	at org.apache.ratis.server.raftlog.segmented.SegmentedRaftLogWorker$StateMachineDataPolicy.getFromFuture(SegmentedRaftLogWorker.java:87)
	at org.apache.ratis.server.raftlog.segmented.SegmentedRaftLogWorker$WriteLog.execute(SegmentedRaftLogWorker.java:477)
	at org.apache.ratis.server.raftlog.segmented.SegmentedRaftLogWorker.run(SegmentedRaftLogWorker.java:289)
	at java.lang.Thread.run(Thread.java:748)
Caused by: java.util.concurrent.TimeoutException
	at java.util.concurrent.CompletableFuture.timedGet(CompletableFuture.java:1771)
	at java.util.concurrent.CompletableFuture.get(CompletableFuture.java:1915)
	at org.apache.ratis.util.IOUtils.getFromFuture(IOUtils.java:79)
	... 4 more
2019-09-11 07:12:38,203 [java.util.concurrent.ThreadPoolExecutor$Worker@21f64e46[State = -1, empty queue]] WARN  server.GrpcLogAppender (GrpcLogAppender.java:timeoutAppendRequest(200)) - 094d95bb-124f-4491-a67a-8d0b5b434983@group-44CFF2683379->dd774419-39ed-4d90-9a0e-7a7d67fca22a-GrpcLogAppender: appendEntries Timeout, request=094d95bb-124f-4491-a67a-8d0b5b434983->dd774419-39ed-4d90-9a0e-7a7d67fca22a#164-t1, previous=(t:1, i:18), leaderCommit=11, initializing? false, entries: <empty>
2019-09-11 07:12:38,203 [java.util.concurrent.ThreadPoolExecutor$Worker@cd5255c[State = -1, empty queue]] WARN  server.GrpcLogAppender (GrpcLogAppender.java:timeoutAppendRequest(200)) - 094d95bb-124f-4491-a67a-8d0b5b434983@group-44CFF2683379->b48366ef-6f68-46c9-99e7-9871be9f97bc-GrpcLogAppender: appendEntries Timeout, request=094d95bb-124f-4491-a67a-8d0b5b434983->b48366ef-6f68-46c9-99e7-9871be9f97bc#164-t1, previous=(t:1, i:18), leaderCommit=11, initializing? false, entries: <empty>
2019-09-11 07:12:39,799 [grpc-default-executor-1] INFO  client.GrpcClientProtocolClient (GrpcClientProtocolClient.java:onNext(264)) - client-FA0A0DC8EAE4->b48366ef-6f68-46c9-99e7-9871be9f97bc: receive RaftClientReply:client-FA0A0DC8EAE4->b48366ef-6f68-46c9-99e7-9871be9f97bc@group-44CFF2683379, cid=30, FAILED org.apache.ratis.protocol.NotLeaderException: Server b48366ef-6f68-46c9-99e7-9871be9f97bc@group-44CFF2683379 is not the leader 094d95bb-124f-4491-a67a-8d0b5b434983:192.168.5.143:43792, logIndex=0, commits[b48366ef-6f68-46c9-99e7-9871be9f97bc:c11, dd774419-39ed-4d90-9a0e-7a7d67fca22a:c10, 094d95bb-124f-4491-a67a-8d0b5b434983:c11]
2019-09-11 07:12:40,207 [org.apache.ratis.server.impl.LogAppender$AppenderDaemon$$Lambda$492/690755232@3b5e296d] ERROR ratis.XceiverServerRatis (XceiverServerRatis.java:triggerPipelineClose(575)) - pipeline Action CLOSE  on pipeline PipelineID=23ab43d6-1d95-4eb5-a8fc-44cff2683379.Reason : 094d95bb-124f-4491-a67a-8d0b5b434983 has not seen follower/s dd774419-39ed-4d90-9a0e-7a7d67fca22a for 182588ms b48366ef-6f68-46c9-99e7-9871be9f97bc for 182570ms
2019-09-11 07:12:40,207 [org.apache.ratis.server.impl.LogAppender$AppenderDaemon$$Lambda$492/690755232@7fdbb0dd] ERROR ratis.XceiverServerRatis (XceiverServerRatis.java:triggerPipelineClose(575)) - pipeline Action CLOSE  on pipeline PipelineID=23ab43d6-1d95-4eb5-a8fc-44cff2683379.Reason : 094d95bb-124f-4491-a67a-8d0b5b434983 has not seen follower/s dd774419-39ed-4d90-9a0e-7a7d67fca22a for 182588ms b48366ef-6f68-46c9-99e7-9871be9f97bc for 182570ms
2019-09-11 07:12:40,705 [java.util.concurrent.ThreadPoolExecutor$Worker@cd5255c[State = -1, empty queue]] WARN  server.GrpcLogAppender (GrpcLogAppender.java:timeoutAppendRequest(200)) - 094d95bb-124f-4491-a67a-8d0b5b434983@group-44CFF2683379->b48366ef-6f68-46c9-99e7-9871be9f97bc-GrpcLogAppender: appendEntries Timeout, request=094d95bb-124f-4491-a67a-8d0b5b434983->b48366ef-6f68-46c9-99e7-9871be9f97bc#165-t1, previous=(t:1, i:18), leaderCommit=11, initializing? false, entries: <empty>
2019-09-11 07:12:40,705 [java.util.concurrent.ThreadPoolExecutor$Worker@21f64e46[State = -1, empty queue]] WARN  server.GrpcLogAppender (GrpcLogAppender.java:timeoutAppendRequest(200)) - 094d95bb-124f-4491-a67a-8d0b5b434983@group-44CFF2683379->dd774419-39ed-4d90-9a0e-7a7d67fca22a-GrpcLogAppender: appendEntries Timeout, request=094d95bb-124f-4491-a67a-8d0b5b434983->dd774419-39ed-4d90-9a0e-7a7d67fca22a#165-t1, previous=(t:1, i:18), leaderCommit=11, initializing? false, entries: <empty>
2019-09-11 07:12:41,194 [EventQueue-PipelineActionsForPipelineActionHandler] ERROR pipeline.PipelineActionHandler (PipelineActionHandler.java:onMessage(60)) - Received pipeline action CLOSE for Pipeline[ Id: 23ab43d6-1d95-4eb5-a8fc-44cff2683379, Nodes: dd774419-39ed-4d90-9a0e-7a7d67fca22a{ip: 192.168.5.143, host: pr-hdds-1786-trunk-klbfp-3319181915, networkLocation: /default-rack, certSerialId: null}b48366ef-6f68-46c9-99e7-9871be9f97bc{ip: 192.168.5.143, host: pr-hdds-1786-trunk-klbfp-3319181915, networkLocation: /default-rack, certSerialId: null}094d95bb-124f-4491-a67a-8d0b5b434983{ip: 192.168.5.143, host: pr-hdds-1786-trunk-klbfp-3319181915, networkLocation: /default-rack, certSerialId: null}, Type:RATIS, Factor:THREE, State:CLOSED] from datanode 094d95bb-124f-4491-a67a-8d0b5b434983{ip: 192.168.5.143, host: pr-hdds-1786-trunk-klbfp-3319181915, networkLocation: /default-rack, certSerialId: null}. Reason : 094d95bb-124f-4491-a67a-8d0b5b434983 has not seen follower/s dd774419-39ed-4d90-9a0e-7a7d67fca22a for 182588ms b48366ef-6f68-46c9-99e7-9871be9f97bc for 182570ms
2019-09-11 07:12:41,195 [EventQueue-PipelineActionsForPipelineActionHandler] INFO  pipeline.SCMPipelineManager (SCMPipelineManager.java:finalizeAndDestroyPipeline(311)) - destroying pipeline:Pipeline[ Id: 23ab43d6-1d95-4eb5-a8fc-44cff2683379, Nodes: dd774419-39ed-4d90-9a0e-7a7d67fca22a{ip: 192.168.5.143, host: pr-hdds-1786-trunk-klbfp-3319181915, networkLocation: /default-rack, certSerialId: null}b48366ef-6f68-46c9-99e7-9871be9f97bc{ip: 192.168.5.143, host: pr-hdds-1786-trunk-klbfp-3319181915, networkLocation: /default-rack, certSerialId: null}094d95bb-124f-4491-a67a-8d0b5b434983{ip: 192.168.5.143, host: pr-hdds-1786-trunk-klbfp-3319181915, networkLocation: /default-rack, certSerialId: null}, Type:RATIS, Factor:THREE, State:CLOSED]
2019-09-11 07:12:42,707 [org.apache.ratis.server.impl.LogAppender$AppenderDaemon$$Lambda$492/690755232@7fdbb0dd] ERROR ratis.XceiverServerRatis (XceiverServerRatis.java:triggerPipelineClose(575)) - pipeline Action CLOSE  on pipeline PipelineID=23ab43d6-1d95-4eb5-a8fc-44cff2683379.Reason : 094d95bb-124f-4491-a67a-8d0b5b434983 has not seen follower/s dd774419-39ed-4d90-9a0e-7a7d67fca22a for 185089ms b48366ef-6f68-46c9-99e7-9871be9f97bc for 185071ms
2019-09-11 07:12:42,707 [org.apache.ratis.server.impl.LogAppender$AppenderDaemon$$Lambda$492/690755232@3b5e296d] ERROR ratis.XceiverServerRatis (XceiverServerRatis.java:triggerPipelineClose(575)) - pipeline Action CLOSE  on pipeline PipelineID=23ab43d6-1d95-4eb5-a8fc-44cff2683379.Reason : 094d95bb-124f-4491-a67a-8d0b5b434983 has not seen follower/s dd774419-39ed-4d90-9a0e-7a7d67fca22a for 185089ms b48366ef-6f68-46c9-99e7-9871be9f97bc for 185071ms
2019-09-11 07:12:43,195 [EventQueue-PipelineActionsForPipelineActionHandler] ERROR pipeline.PipelineActionHandler (PipelineActionHandler.java:onMessage(60)) - Received pipeline action CLOSE for Pipeline[ Id: 23ab43d6-1d95-4eb5-a8fc-44cff2683379, Nodes: dd774419-39ed-4d90-9a0e-7a7d67fca22a{ip: 192.168.5.143, host: pr-hdds-1786-trunk-klbfp-3319181915, networkLocation: /default-rack, certSerialId: null}b48366ef-6f68-46c9-99e7-9871be9f97bc{ip: 192.168.5.143, host: pr-hdds-1786-trunk-klbfp-3319181915, networkLocation: /default-rack, certSerialId: null}094d95bb-124f-4491-a67a-8d0b5b434983{ip: 192.168.5.143, host: pr-hdds-1786-trunk-klbfp-3319181915, networkLocation: /default-rack, certSerialId: null}, Type:RATIS, Factor:THREE, State:CLOSED] from datanode 094d95bb-124f-4491-a67a-8d0b5b434983{ip: 192.168.5.143, host: pr-hdds-1786-trunk-klbfp-3319181915, networkLocation: /default-rack, certSerialId: null}. Reason : 094d95bb-124f-4491-a67a-8d0b5b434983 has not seen follower/s dd774419-39ed-4d90-9a0e-7a7d67fca22a for 185089ms b48366ef-6f68-46c9-99e7-9871be9f97bc for 185071ms
2019-09-11 07:12:43,195 [EventQueue-PipelineActionsForPipelineActionHandler] INFO  pipeline.SCMPipelineManager (SCMPipelineManager.java:finalizeAndDestroyPipeline(311)) - destroying pipeline:Pipeline[ Id: 23ab43d6-1d95-4eb5-a8fc-44cff2683379, Nodes: dd774419-39ed-4d90-9a0e-7a7d67fca22a{ip: 192.168.5.143, host: pr-hdds-1786-trunk-klbfp-3319181915, networkLocation: /default-rack, certSerialId: null}b48366ef-6f68-46c9-99e7-9871be9f97bc{ip: 192.168.5.143, host: pr-hdds-1786-trunk-klbfp-3319181915, networkLocation: /default-rack, certSerialId: null}094d95bb-124f-4491-a67a-8d0b5b434983{ip: 192.168.5.143, host: pr-hdds-1786-trunk-klbfp-3319181915, networkLocation: /default-rack, certSerialId: null}, Type:RATIS, Factor:THREE, State:CLOSED]
2019-09-11 07:12:43,206 [java.util.concurrent.ThreadPoolExecutor$Worker@cd5255c[State = -1, empty queue]] WARN  server.GrpcLogAppender (GrpcLogAppender.java:timeoutAppendRequest(200)) - 094d95bb-124f-4491-a67a-8d0b5b434983@group-44CFF2683379->b48366ef-6f68-46c9-99e7-9871be9f97bc-GrpcLogAppender: appendEntries Timeout, request=094d95bb-124f-4491-a67a-8d0b5b434983->b48366ef-6f68-46c9-99e7-9871be9f97bc#166-t1, previous=(t:1, i:18), leaderCommit=11, initializing? false, entries: <empty>
2019-09-11 07:12:43,206 [java.util.concurrent.ThreadPoolExecutor$Worker@21f64e46[State = -1, empty queue]] WARN  server.GrpcLogAppender (GrpcLogAppender.java:timeoutAppendRequest(200)) - 094d95bb-124f-4491-a67a-8d0b5b434983@group-44CFF2683379->dd774419-39ed-4d90-9a0e-7a7d67fca22a-GrpcLogAppender: appendEntries Timeout, request=094d95bb-124f-4491-a67a-8d0b5b434983->dd774419-39ed-4d90-9a0e-7a7d67fca22a#166-t1, previous=(t:1, i:18), leaderCommit=11, initializing? false, entries: <empty>
2019-09-11 07:12:44,156 [grpc-default-executor-1] INFO  impl.RaftServerProxy (RaftServerProxy.java:remove(95)) - dd774419-39ed-4d90-9a0e-7a7d67fca22a: remove  FOLLOWER dd774419-39ed-4d90-9a0e-7a7d67fca22a@group-44CFF2683379:t1, leader=094d95bb-124f-4491-a67a-8d0b5b434983, voted=094d95bb-124f-4491-a67a-8d0b5b434983, raftlog=dd774419-39ed-4d90-9a0e-7a7d67fca22a@group-44CFF2683379-SegmentedRaftLog:OPENED:c11,f11,i18, conf=0: [dd774419-39ed-4d90-9a0e-7a7d67fca22a:192.168.5.143:40852, b48366ef-6f68-46c9-99e7-9871be9f97bc:192.168.5.143:42210, 094d95bb-124f-4491-a67a-8d0b5b434983:192.168.5.143:43792], old=null RUNNING
2019-09-11 07:12:44,157 [grpc-default-executor-1] INFO  impl.RaftServerImpl (RaftServerImpl.java:lambda$shutdown$3(251)) - dd774419-39ed-4d90-9a0e-7a7d67fca22a@group-44CFF2683379: shutdown
2019-09-11 07:12:44,157 [grpc-default-executor-1] INFO  util.JmxRegister (JmxRegister.java:unregister(73)) - Successfully un-registered JMX Bean with object name Ratis:service=RaftServer,group=group-44CFF2683379,id=dd774419-39ed-4d90-9a0e-7a7d67fca22a
2019-09-11 07:12:44,157 [grpc-default-executor-1] INFO  impl.RoleInfo (RoleInfo.java:shutdownFollowerState(121)) - dd774419-39ed-4d90-9a0e-7a7d67fca22a: shutdown FollowerState
2019-09-11 07:12:44,158 [grpc-default-executor-1] INFO  impl.StateMachineUpdater (StateMachineUpdater.java:stopAndJoin(125)) - dd774419-39ed-4d90-9a0e-7a7d67fca22a@group-44CFF2683379-StateMachineUpdater: set stopIndex = 11
2019-09-11 07:12:44,158 [Thread-308] INFO  impl.FollowerState (FollowerState.java:run(115)) - dd774419-39ed-4d90-9a0e-7a7d67fca22a: FollowerState was interrupted: java.lang.InterruptedException: sleep interrupted
2019-09-11 07:12:44,158 [dd774419-39ed-4d90-9a0e-7a7d67fca22a@group-44CFF2683379-StateMachineUpdater] INFO  ratis.ContainerStateMachine (ContainerStateMachine.java:takeSnapshot(289)) - group-44CFF2683379: Taking a snapshot at:(t:1, i:10) file /workdir/hadoop-ozone/integration-test/target/test-dir/MiniOzoneClusterImpl-b235dd93-a3eb-497e-8479-f8d4900b0fc5/datanode-4/data/ratis/23ab43d6-1d95-4eb5-a8fc-44cff2683379/sm/snapshot.1_10
2019-09-11 07:12:44,183 [dd774419-39ed-4d90-9a0e-7a7d67fca22a@group-44CFF2683379-StateMachineUpdater] INFO  ratis.ContainerStateMachine (ContainerStateMachine.java:takeSnapshot(300)) - group-44CFF2683379: Finished taking a snapshot at:(t:1, i:10) file:/workdir/hadoop-ozone/integration-test/target/test-dir/MiniOzoneClusterImpl-b235dd93-a3eb-497e-8479-f8d4900b0fc5/datanode-4/data/ratis/23ab43d6-1d95-4eb5-a8fc-44cff2683379/sm/snapshot.1_10 time:25
2019-09-11 07:12:44,184 [dd774419-39ed-4d90-9a0e-7a7d67fca22a@group-44CFF2683379-StateMachineUpdater] INFO  impl.StateMachineUpdater (StateMachineUpdater.java:takeSnapshot(258)) - dd774419-39ed-4d90-9a0e-7a7d67fca22a@group-44CFF2683379-StateMachineUpdater: Took a snapshot at index 10
2019-09-11 07:12:44,184 [dd774419-39ed-4d90-9a0e-7a7d67fca22a@group-44CFF2683379-StateMachineUpdater] INFO  impl.StateMachineUpdater (StateMachineUpdater.java:lambda$new$0(83)) - dd774419-39ed-4d90-9a0e-7a7d67fca22a@group-44CFF2683379-StateMachineUpdater: snapshotIndex: updateIncreasingly -1 -> 10
2019-09-11 07:12:44,184 [dd774419-39ed-4d90-9a0e-7a7d67fca22a@group-44CFF2683379-StateMachineUpdater] INFO  ratis.ContainerStateMachine (ContainerStateMachine.java:takeSnapshot(289)) - group-44CFF2683379: Taking a snapshot at:(t:1, i:10) file /workdir/hadoop-ozone/integration-test/target/test-dir/MiniOzoneClusterImpl-b235dd93-a3eb-497e-8479-f8d4900b0fc5/datanode-4/data/ratis/23ab43d6-1d95-4eb5-a8fc-44cff2683379/sm/snapshot.1_10
2019-09-11 07:12:44,224 [dd774419-39ed-4d90-9a0e-7a7d67fca22a@group-44CFF2683379-StateMachineUpdater] INFO  ratis.ContainerStateMachine (ContainerStateMachine.java:takeSnapshot(300)) - group-44CFF2683379: Finished taking a snapshot at:(t:1, i:10) file:/workdir/hadoop-ozone/integration-test/target/test-dir/MiniOzoneClusterImpl-b235dd93-a3eb-497e-8479-f8d4900b0fc5/datanode-4/data/ratis/23ab43d6-1d95-4eb5-a8fc-44cff2683379/sm/snapshot.1_10 time:39
2019-09-11 07:12:44,224 [dd774419-39ed-4d90-9a0e-7a7d67fca22a@group-44CFF2683379-StateMachineUpdater] INFO  impl.StateMachineUpdater (StateMachineUpdater.java:takeSnapshot(258)) - dd774419-39ed-4d90-9a0e-7a7d67fca22a@group-44CFF2683379-StateMachineUpdater: Took a snapshot at index 10
2019-09-11 07:12:44,224 [dd774419-39ed-4d90-9a0e-7a7d67fca22a@group-44CFF2683379-StateMachineUpdater] INFO  impl.StateMachineUpdater (StateMachineUpdater.java:lambda$new$0(83)) - dd774419-39ed-4d90-9a0e-7a7d67fca22a@group-44CFF2683379-StateMachineUpdater: snapshotIndex: updateIncreasingly 10 -> 10
2019-09-11 07:12:44,225 [grpc-default-executor-1] INFO  impl.RaftServerImpl (ServerState.java:close(385)) - dd774419-39ed-4d90-9a0e-7a7d67fca22a@group-44CFF2683379: closes. applyIndex: 11
2019-09-11 07:12:44,228 [dd774419-39ed-4d90-9a0e-7a7d67fca22a@group-44CFF2683379-SegmentedRaftLogWorker] ERROR ratis.XceiverServerRatis (XceiverServerRatis.java:triggerPipelineClose(575)) - pipeline Action CLOSE  on pipeline PipelineID=23ab43d6-1d95-4eb5-a8fc-44cff2683379.Reason : WriteLog:13: (t:1, i:13), STATEMACHINELOGENTRY, client-FA0A0DC8EAE4, cid=31-writeStateMachineData interrupted.
2019-09-11 07:12:44,231 [EventQueue-PipelineActionsForPipelineActionHandler] ERROR pipeline.PipelineActionHandler (PipelineActionHandler.java:onMessage(60)) - Received pipeline action CLOSE for Pipeline[ Id: 23ab43d6-1d95-4eb5-a8fc-44cff2683379, Nodes: dd774419-39ed-4d90-9a0e-7a7d67fca22a{ip: 192.168.5.143, host: pr-hdds-1786-trunk-klbfp-3319181915, networkLocation: /default-rack, certSerialId: null}b48366ef-6f68-46c9-99e7-9871be9f97bc{ip: 192.168.5.143, host: pr-hdds-1786-trunk-klbfp-3319181915, networkLocation: /default-rack, certSerialId: null}094d95bb-124f-4491-a67a-8d0b5b434983{ip: 192.168.5.143, host: pr-hdds-1786-trunk-klbfp-3319181915, networkLocation: /default-rack, certSerialId: null}, Type:RATIS, Factor:THREE, State:CLOSED] from datanode dd774419-39ed-4d90-9a0e-7a7d67fca22a{ip: 192.168.5.143, host: pr-hdds-1786-trunk-klbfp-3319181915, networkLocation: /default-rack, certSerialId: null}. Reason : WriteLog:13: (t:1, i:13), STATEMACHINELOGENTRY, client-FA0A0DC8EAE4, cid=31-writeStateMachineData interrupted.
2019-09-11 07:12:44,231 [EventQueue-PipelineActionsForPipelineActionHandler] INFO  pipeline.SCMPipelineManager (SCMPipelineManager.java:finalizeAndDestroyPipeline(311)) - destroying pipeline:Pipeline[ Id: 23ab43d6-1d95-4eb5-a8fc-44cff2683379, Nodes: dd774419-39ed-4d90-9a0e-7a7d67fca22a{ip: 192.168.5.143, host: pr-hdds-1786-trunk-klbfp-3319181915, networkLocation: /default-rack, certSerialId: null}b48366ef-6f68-46c9-99e7-9871be9f97bc{ip: 192.168.5.143, host: pr-hdds-1786-trunk-klbfp-3319181915, networkLocation: /default-rack, certSerialId: null}094d95bb-124f-4491-a67a-8d0b5b434983{ip: 192.168.5.143, host: pr-hdds-1786-trunk-klbfp-3319181915, networkLocation: /default-rack, certSerialId: null}, Type:RATIS, Factor:THREE, State:CLOSED]
2019-09-11 07:12:44,239 [grpc-default-executor-1] INFO  segmented.SegmentedRaftLogWorker (SegmentedRaftLogWorker.java:close(228)) - dd774419-39ed-4d90-9a0e-7a7d67fca22a@group-44CFF2683379-SegmentedRaftLogWorker close()
2019-09-11 07:12:44,280 [grpc-default-executor-1] INFO  interfaces.Container (KeyValueContainer.java:flushAndSyncDB(386)) - Container 1 is synced with bcsId 4.
2019-09-11 07:12:44,280 [grpc-default-executor-1] INFO  interfaces.Container (KeyValueContainer.java:flushAndSyncDB(386)) - Container 1 is synced with bcsId 4.
2019-09-11 07:12:44,327 [EventQueue-IncrementalContainerReportForIncrementalContainerReportHandler] INFO  container.IncrementalContainerReportHandler (AbstractContainerReportHandler.java:updateContainerState(169)) - Moving container #1 to QUASI_CLOSED state, datanode dd774419-39ed-4d90-9a0e-7a7d67fca22a{ip: 192.168.5.143, host: pr-hdds-1786-trunk-klbfp-3319181915, networkLocation: /default-rack, certSerialId: null} reported QUASI_CLOSED replica.
2019-09-11 07:12:44,354 [grpc-default-executor-1] INFO  interfaces.Container (KeyValueContainer.java:flushAndSyncDB(386)) - Container 4 is synced with bcsId 10.
2019-09-11 07:12:44,354 [grpc-default-executor-1] INFO  interfaces.Container (KeyValueContainer.java:flushAndSyncDB(386)) - Container 4 is synced with bcsId 10.
2019-09-11 07:12:44,397 [EventQueue-IncrementalContainerReportForIncrementalContainerReportHandler] INFO  container.IncrementalContainerReportHandler (AbstractContainerReportHandler.java:updateContainerState(169)) - Moving container #4 to QUASI_CLOSED state, datanode dd774419-39ed-4d90-9a0e-7a7d67fca22a{ip: 192.168.5.143, host: pr-hdds-1786-trunk-klbfp-3319181915, networkLocation: /default-rack, certSerialId: null} reported QUASI_CLOSED replica.
2019-09-11 07:12:44,596 [grpc-default-executor-1] INFO  interfaces.Container (KeyValueContainer.java:flushAndSyncDB(386)) - Container 5 is synced with bcsId 0.
2019-09-11 07:12:44,597 [grpc-default-executor-1] INFO  interfaces.Container (KeyValueContainer.java:flushAndSyncDB(386)) - Container 5 is synced with bcsId 0.
2019-09-11 07:12:44,635 [EventQueue-IncrementalContainerReportForIncrementalContainerReportHandler] INFO  container.IncrementalContainerReportHandler (AbstractContainerReportHandler.java:updateContainerState(169)) - Moving container #5 to QUASI_CLOSED state, datanode dd774419-39ed-4d90-9a0e-7a7d67fca22a{ip: 192.168.5.143, host: pr-hdds-1786-trunk-klbfp-3319181915, networkLocation: /default-rack, certSerialId: null} reported QUASI_CLOSED replica.
2019-09-11 07:12:44,639 [grpc-default-executor-1] INFO  impl.RaftServerProxy (RaftServerProxy.java:remove(95)) - b48366ef-6f68-46c9-99e7-9871be9f97bc: remove  FOLLOWER b48366ef-6f68-46c9-99e7-9871be9f97bc@group-44CFF2683379:t1, leader=094d95bb-124f-4491-a67a-8d0b5b434983, voted=094d95bb-124f-4491-a67a-8d0b5b434983, raftlog=b48366ef-6f68-46c9-99e7-9871be9f97bc@group-44CFF2683379-SegmentedRaftLog:OPENED:c11,f11,i18, conf=0: [dd774419-39ed-4d90-9a0e-7a7d67fca22a:192.168.5.143:40852, b48366ef-6f68-46c9-99e7-9871be9f97bc:192.168.5.143:42210, 094d95bb-124f-4491-a67a-8d0b5b434983:192.168.5.143:43792], old=null RUNNING
2019-09-11 07:12:44,639 [grpc-default-executor-1] INFO  impl.RaftServerImpl (RaftServerImpl.java:lambda$shutdown$3(251)) - b48366ef-6f68-46c9-99e7-9871be9f97bc@group-44CFF2683379: shutdown
2019-09-11 07:12:44,640 [grpc-default-executor-1] INFO  util.JmxRegister (JmxRegister.java:unregister(73)) - Successfully un-registered JMX Bean with object name Ratis:service=RaftServer,group=group-44CFF2683379,id=b48366ef-6f68-46c9-99e7-9871be9f97bc
2019-09-11 07:12:44,640 [grpc-default-executor-1] INFO  impl.RoleInfo (RoleInfo.java:shutdownFollowerState(121)) - b48366ef-6f68-46c9-99e7-9871be9f97bc: shutdown FollowerState
2019-09-11 07:12:44,640 [grpc-default-executor-1] INFO  impl.StateMachineUpdater (StateMachineUpdater.java:stopAndJoin(125)) - b48366ef-6f68-46c9-99e7-9871be9f97bc@group-44CFF2683379-StateMachineUpdater: set stopIndex = 11
2019-09-11 07:12:44,640 [b48366ef-6f68-46c9-99e7-9871be9f97bc@group-44CFF2683379-StateMachineUpdater] INFO  ratis.ContainerStateMachine (ContainerStateMachine.java:takeSnapshot(289)) - group-44CFF2683379: Taking a snapshot at:(t:1, i:10) file /workdir/hadoop-ozone/integration-test/target/test-dir/MiniOzoneClusterImpl-b235dd93-a3eb-497e-8479-f8d4900b0fc5/datanode-1/data/ratis/23ab43d6-1d95-4eb5-a8fc-44cff2683379/sm/snapshot.1_10
2019-09-11 07:12:44,640 [Thread-309] INFO  impl.FollowerState (FollowerState.java:run(115)) - b48366ef-6f68-46c9-99e7-9871be9f97bc: FollowerState was interrupted: java.lang.InterruptedException: sleep interrupted
2019-09-11 07:12:44,677 [b48366ef-6f68-46c9-99e7-9871be9f97bc@group-44CFF2683379-StateMachineUpdater] INFO  ratis.ContainerStateMachine (ContainerStateMachine.java:takeSnapshot(300)) - group-44CFF2683379: Finished taking a snapshot at:(t:1, i:10) file:/workdir/hadoop-ozone/integration-test/target/test-dir/MiniOzoneClusterImpl-b235dd93-a3eb-497e-8479-f8d4900b0fc5/datanode-1/data/ratis/23ab43d6-1d95-4eb5-a8fc-44cff2683379/sm/snapshot.1_10 time:37
2019-09-11 07:12:44,678 [b48366ef-6f68-46c9-99e7-9871be9f97bc@group-44CFF2683379-StateMachineUpdater] INFO  impl.StateMachineUpdater (StateMachineUpdater.java:takeSnapshot(258)) - b48366ef-6f68-46c9-99e7-9871be9f97bc@group-44CFF2683379-StateMachineUpdater: Took a snapshot at index 10
2019-09-11 07:12:44,678 [b48366ef-6f68-46c9-99e7-9871be9f97bc@group-44CFF2683379-StateMachineUpdater] INFO  impl.StateMachineUpdater (StateMachineUpdater.java:lambda$new$0(83)) - b48366ef-6f68-46c9-99e7-9871be9f97bc@group-44CFF2683379-StateMachineUpdater: snapshotIndex: updateIncreasingly -1 -> 10
2019-09-11 07:12:44,678 [b48366ef-6f68-46c9-99e7-9871be9f97bc@group-44CFF2683379-StateMachineUpdater] INFO  ratis.ContainerStateMachine (ContainerStateMachine.java:takeSnapshot(289)) - group-44CFF2683379: Taking a snapshot at:(t:1, i:10) file /workdir/hadoop-ozone/integration-test/target/test-dir/MiniOzoneClusterImpl-b235dd93-a3eb-497e-8479-f8d4900b0fc5/datanode-1/data/ratis/23ab43d6-1d95-4eb5-a8fc-44cff2683379/sm/snapshot.1_10
2019-09-11 07:12:44,708 [b48366ef-6f68-46c9-99e7-9871be9f97bc@group-44CFF2683379-StateMachineUpdater] INFO  ratis.ContainerStateMachine (ContainerStateMachine.java:takeSnapshot(300)) - group-44CFF2683379: Finished taking a snapshot at:(t:1, i:10) file:/workdir/hadoop-ozone/integration-test/target/test-dir/MiniOzoneClusterImpl-b235dd93-a3eb-497e-8479-f8d4900b0fc5/datanode-1/data/ratis/23ab43d6-1d95-4eb5-a8fc-44cff2683379/sm/snapshot.1_10 time:30
2019-09-11 07:12:44,708 [b48366ef-6f68-46c9-99e7-9871be9f97bc@group-44CFF2683379-StateMachineUpdater] INFO  impl.StateMachineUpdater (StateMachineUpdater.java:takeSnapshot(258)) - b48366ef-6f68-46c9-99e7-9871be9f97bc@group-44CFF2683379-StateMachineUpdater: Took a snapshot at index 10
2019-09-11 07:12:44,708 [b48366ef-6f68-46c9-99e7-9871be9f97bc@group-44CFF2683379-StateMachineUpdater] INFO  impl.StateMachineUpdater (StateMachineUpdater.java:lambda$new$0(83)) - b48366ef-6f68-46c9-99e7-9871be9f97bc@group-44CFF2683379-StateMachineUpdater: snapshotIndex: updateIncreasingly 10 -> 10
2019-09-11 07:12:44,709 [grpc-default-executor-1] INFO  impl.RaftServerImpl (ServerState.java:close(385)) - b48366ef-6f68-46c9-99e7-9871be9f97bc@group-44CFF2683379: closes. applyIndex: 11
2019-09-11 07:12:44,712 [b48366ef-6f68-46c9-99e7-9871be9f97bc@group-44CFF2683379-SegmentedRaftLogWorker] ERROR ratis.XceiverServerRatis (XceiverServerRatis.java:triggerPipelineClose(575)) - pipeline Action CLOSE  on pipeline PipelineID=23ab43d6-1d95-4eb5-a8fc-44cff2683379.Reason : WriteLog:12: (t:1, i:12), STATEMACHINELOGENTRY, client-FA0A0DC8EAE4, cid=30-writeStateMachineData interrupted.
2019-09-11 07:12:44,715 [grpc-default-executor-1] INFO  segmented.SegmentedRaftLogWorker (SegmentedRaftLogWorker.java:close(228)) - b48366ef-6f68-46c9-99e7-9871be9f97bc@group-44CFF2683379-SegmentedRaftLogWorker close()
2019-09-11 07:12:44,716 [EventQueue-PipelineActionsForPipelineActionHandler] ERROR pipeline.PipelineActionHandler (PipelineActionHandler.java:onMessage(60)) - Received pipeline action CLOSE for Pipeline[ Id: 23ab43d6-1d95-4eb5-a8fc-44cff2683379, Nodes: dd774419-39ed-4d90-9a0e-7a7d67fca22a{ip: 192.168.5.143, host: pr-hdds-1786-trunk-klbfp-3319181915, networkLocation: /default-rack, certSerialId: null}b48366ef-6f68-46c9-99e7-9871be9f97bc{ip: 192.168.5.143, host: pr-hdds-1786-trunk-klbfp-3319181915, networkLocation: /default-rack, certSerialId: null}094d95bb-124f-4491-a67a-8d0b5b434983{ip: 192.168.5.143, host: pr-hdds-1786-trunk-klbfp-3319181915, networkLocation: /default-rack, certSerialId: null}, Type:RATIS, Factor:THREE, State:CLOSED] from datanode b48366ef-6f68-46c9-99e7-9871be9f97bc{ip: 192.168.5.143, host: pr-hdds-1786-trunk-klbfp-3319181915, networkLocation: /default-rack, certSerialId: null}. Reason : WriteLog:12: (t:1, i:12), STATEMACHINELOGENTRY, client-FA0A0DC8EAE4, cid=30-writeStateMachineData interrupted.
2019-09-11 07:12:44,719 [EventQueue-PipelineActionsForPipelineActionHandler] INFO  pipeline.SCMPipelineManager (SCMPipelineManager.java:finalizeAndDestroyPipeline(311)) - destroying pipeline:Pipeline[ Id: 23ab43d6-1d95-4eb5-a8fc-44cff2683379, Nodes: dd774419-39ed-4d90-9a0e-7a7d67fca22a{ip: 192.168.5.143, host: pr-hdds-1786-trunk-klbfp-3319181915, networkLocation: /default-rack, certSerialId: null}b48366ef-6f68-46c9-99e7-9871be9f97bc{ip: 192.168.5.143, host: pr-hdds-1786-trunk-klbfp-3319181915, networkLocation: /default-rack, certSerialId: null}094d95bb-124f-4491-a67a-8d0b5b434983{ip: 192.168.5.143, host: pr-hdds-1786-trunk-klbfp-3319181915, networkLocation: /default-rack, certSerialId: null}, Type:RATIS, Factor:THREE, State:CLOSED]
2019-09-11 07:12:44,749 [grpc-default-executor-1] INFO  interfaces.Container (KeyValueContainer.java:flushAndSyncDB(386)) - Container 1 is synced with bcsId 4.
2019-09-11 07:12:44,749 [grpc-default-executor-1] INFO  interfaces.Container (KeyValueContainer.java:flushAndSyncDB(386)) - Container 1 is synced with bcsId 4.
2019-09-11 07:12:44,798 [grpc-default-executor-1] INFO  interfaces.Container (KeyValueContainer.java:flushAndSyncDB(386)) - Container 4 is synced with bcsId 10.
2019-09-11 07:12:44,799 [grpc-default-executor-1] INFO  interfaces.Container (KeyValueContainer.java:flushAndSyncDB(386)) - Container 4 is synced with bcsId 10.
2019-09-11 07:12:44,846 [main] WARN  io.KeyOutputStream (KeyOutputStream.java:handleException(276)) - Encountered exception java.io.IOException: Unexpected Storage Container Exception: java.util.concurrent.CompletionException: java.util.concurrent.CompletionException: org.apache.ratis.protocol.GroupMismatchException: dd774419-39ed-4d90-9a0e-7a7d67fca22a: group-44CFF2683379 not found. on the pipeline Pipeline[ Id: 23ab43d6-1d95-4eb5-a8fc-44cff2683379, Nodes: dd774419-39ed-4d90-9a0e-7a7d67fca22a{ip: 192.168.5.143, host: pr-hdds-1786-trunk-klbfp-3319181915, networkLocation: /default-rack, certSerialId: null}b48366ef-6f68-46c9-99e7-9871be9f97bc{ip: 192.168.5.143, host: pr-hdds-1786-trunk-klbfp-3319181915, networkLocation: /default-rack, certSerialId: null}094d95bb-124f-4491-a67a-8d0b5b434983{ip: 192.168.5.143, host: pr-hdds-1786-trunk-klbfp-3319181915, networkLocation: /default-rack, certSerialId: null}, Type:RATIS, Factor:THREE, State:OPEN]. The last committed block length is 0, uncommitted data length is 400 retry count 0
2019-09-11 07:12:45,022 [grpc-default-executor-1] INFO  interfaces.Container (KeyValueContainer.java:flushAndSyncDB(386)) - Container 5 is synced with bcsId 0.
2019-09-11 07:12:45,022 [grpc-default-executor-1] INFO  interfaces.Container (KeyValueContainer.java:flushAndSyncDB(386)) - Container 5 is synced with bcsId 0.
2019-09-11 07:12:45,062 [grpc-default-executor-1] INFO  impl.RaftServerProxy (RaftServerProxy.java:remove(95)) - 094d95bb-124f-4491-a67a-8d0b5b434983: remove    LEADER 094d95bb-124f-4491-a67a-8d0b5b434983@group-44CFF2683379:t1, leader=094d95bb-124f-4491-a67a-8d0b5b434983, voted=094d95bb-124f-4491-a67a-8d0b5b434983, raftlog=094d95bb-124f-4491-a67a-8d0b5b434983@group-44CFF2683379-SegmentedRaftLog:OPENED:c11,f11,i18, conf=0: [dd774419-39ed-4d90-9a0e-7a7d67fca22a:192.168.5.143:40852, b48366ef-6f68-46c9-99e7-9871be9f97bc:192.168.5.143:42210, 094d95bb-124f-4491-a67a-8d0b5b434983:192.168.5.143:43792], old=null RUNNING
2019-09-11 07:12:45,062 [grpc-default-executor-1] INFO  impl.RaftServerImpl (RaftServerImpl.java:lambda$shutdown$3(251)) - 094d95bb-124f-4491-a67a-8d0b5b434983@group-44CFF2683379: shutdown
2019-09-11 07:12:45,062 [grpc-default-executor-1] INFO  util.JmxRegister (JmxRegister.java:unregister(73)) - Successfully un-registered JMX Bean with object name Ratis:service=RaftServer,group=group-44CFF2683379,id=094d95bb-124f-4491-a67a-8d0b5b434983
2019-09-11 07:12:45,062 [grpc-default-executor-1] INFO  impl.RoleInfo (RoleInfo.java:shutdownLeaderState(104)) - 094d95bb-124f-4491-a67a-8d0b5b434983: shutdown LeaderState
2019-09-11 07:12:45,070 [org.apache.ratis.server.impl.LogAppender$AppenderDaemon$$Lambda$492/690755232@3b5e296d] WARN  server.GrpcLogAppender (GrpcLogAppender.java:mayWait(143)) - 094d95bb-124f-4491-a67a-8d0b5b434983@group-44CFF2683379->b48366ef-6f68-46c9-99e7-9871be9f97bc-GrpcLogAppender: Wait interrupted by java.lang.InterruptedException
2019-09-11 07:12:45,072 [org.apache.ratis.server.impl.LogAppender$AppenderDaemon$$Lambda$492/690755232@7fdbb0dd] WARN  server.GrpcLogAppender (GrpcLogAppender.java:mayWait(143)) - 094d95bb-124f-4491-a67a-8d0b5b434983@group-44CFF2683379->dd774419-39ed-4d90-9a0e-7a7d67fca22a-GrpcLogAppender: Wait interrupted by java.lang.InterruptedException
2019-09-11 07:12:45,070 [grpc-default-executor-1] INFO  impl.PendingRequests (PendingRequests.java:sendNotLeaderResponses(202)) - 094d95bb-124f-4491-a67a-8d0b5b434983-PendingRequests: sendNotLeaderResponses
2019-09-11 07:12:45,073 [grpc-default-executor-5] INFO  server.GrpcServerProtocolService (GrpcServerProtocolService.java:onCompleted(113)) - b48366ef-6f68-46c9-99e7-9871be9f97bc: Completed APPEND_ENTRIES, lastRequest: 094d95bb-124f-4491-a67a-8d0b5b434983->b48366ef-6f68-46c9-99e7-9871be9f97bc#167-t1, previous=(t:1, i:18), leaderCommit=11, initializing? false, entries: <empty>
2019-09-11 07:12:45,073 [grpc-default-executor-0] INFO  server.GrpcServerProtocolService (GrpcServerProtocolService.java:onCompleted(113)) - dd774419-39ed-4d90-9a0e-7a7d67fca22a: Completed APPEND_ENTRIES, lastRequest: 094d95bb-124f-4491-a67a-8d0b5b434983->dd774419-39ed-4d90-9a0e-7a7d67fca22a#167-t1, previous=(t:1, i:18), leaderCommit=11, initializing? false, entries: <empty>
2019-09-11 07:12:45,073 [grpc-default-executor-5] INFO  server.GrpcLogAppender (GrpcLogAppender.java:onCompleted(293)) - 094d95bb-124f-4491-a67a-8d0b5b434983@group-44CFF2683379->b48366ef-6f68-46c9-99e7-9871be9f97bc-AppendLogResponseHandler: follower responses appendEntries COMPLETED
2019-09-11 07:12:45,074 [grpc-default-executor-5] INFO  impl.FollowerInfo (FollowerInfo.java:lambda$new$0(51)) - 094d95bb-124f-4491-a67a-8d0b5b434983@group-44CFF2683379->b48366ef-6f68-46c9-99e7-9871be9f97bc: nextIndex: updateUnconditionally 19 -> 12
2019-09-11 07:12:45,078 [grpc-default-executor-6] INFO  server.GrpcLogAppender (GrpcLogAppender.java:onCompleted(293)) - 094d95bb-124f-4491-a67a-8d0b5b434983@group-44CFF2683379->dd774419-39ed-4d90-9a0e-7a7d67fca22a-AppendLogResponseHandler: follower responses appendEntries COMPLETED
2019-09-11 07:12:45,078 [094d95bb-124f-4491-a67a-8d0b5b434983@group-44CFF2683379-StateMachineUpdater] INFO  ratis.ContainerStateMachine (ContainerStateMachine.java:takeSnapshot(289)) - group-44CFF2683379: Taking a snapshot at:(t:1, i:11) file /workdir/hadoop-ozone/integration-test/target/test-dir/MiniOzoneClusterImpl-b235dd93-a3eb-497e-8479-f8d4900b0fc5/datanode-3/data/ratis/23ab43d6-1d95-4eb5-a8fc-44cff2683379/sm/snapshot.1_11
2019-09-11 07:12:45,078 [grpc-default-executor-1] INFO  impl.StateMachineUpdater (StateMachineUpdater.java:stopAndJoin(125)) - 094d95bb-124f-4491-a67a-8d0b5b434983@group-44CFF2683379-StateMachineUpdater: set stopIndex = 11
2019-09-11 07:12:45,079 [grpc-default-executor-6] INFO  impl.FollowerInfo (FollowerInfo.java:lambda$new$0(51)) - 094d95bb-124f-4491-a67a-8d0b5b434983@group-44CFF2683379->dd774419-39ed-4d90-9a0e-7a7d67fca22a: nextIndex: updateUnconditionally 19 -> 12
2019-09-11 07:12:45,080 [grpc-default-executor-0] WARN  server.GrpcLogAppender (LogUtils.java:warn(134)) - 094d95bb-124f-4491-a67a-8d0b5b434983@group-59D25F489DB2->b48366ef-6f68-46c9-99e7-9871be9f97bc-AppendLogResponseHandler: Failed appendEntries: org.apache.ratis.thirdparty.io.grpc.StatusRuntimeException: UNAVAILABLE: Channel shutdownNow invoked
2019-09-11 07:12:45,080 [grpc-default-executor-5] WARN  server.GrpcLogAppender (LogUtils.java:warn(134)) - 094d95bb-124f-4491-a67a-8d0b5b434983@group-59D25F489DB2->dd774419-39ed-4d90-9a0e-7a7d67fca22a-AppendLogResponseHandler: Failed appendEntries: org.apache.ratis.thirdparty.io.grpc.StatusRuntimeException: UNAVAILABLE: Channel shutdownNow invoked
2019-09-11 07:12:45,080 [grpc-default-executor-0] INFO  impl.FollowerInfo (FollowerInfo.java:lambda$new$0(51)) - 094d95bb-124f-4491-a67a-8d0b5b434983@group-59D25F489DB2->b48366ef-6f68-46c9-99e7-9871be9f97bc: nextIndex: updateUnconditionally 1 -> 0
2019-09-11 07:12:45,080 [grpc-default-executor-5] INFO  impl.FollowerInfo (FollowerInfo.java:lambda$new$0(51)) - 094d95bb-124f-4491-a67a-8d0b5b434983@group-59D25F489DB2->dd774419-39ed-4d90-9a0e-7a7d67fca22a: nextIndex: updateUnconditionally 1 -> 0
2019-09-11 07:12:45,080 [grpc-default-executor-8] WARN  server.GrpcServerProtocolService (LogUtils.java:warn(134)) - dd774419-39ed-4d90-9a0e-7a7d67fca22a: installSnapshot onError, lastRequest: 094d95bb-124f-4491-a67a-8d0b5b434983->dd774419-39ed-4d90-9a0e-7a7d67fca22a#7-t1, previous=(t:1, i:0), leaderCommit=0, initializing? false, entries: <empty>: org.apache.ratis.thirdparty.io.grpc.StatusRuntimeException: CANCELLED: cancelled before receiving half close
2019-09-11 07:12:45,080 [grpc-default-executor-6] WARN  server.GrpcServerProtocolService (LogUtils.java:warn(134)) - b48366ef-6f68-46c9-99e7-9871be9f97bc: installSnapshot onError, lastRequest: 094d95bb-124f-4491-a67a-8d0b5b434983->b48366ef-6f68-46c9-99e7-9871be9f97bc#7-t1, previous=(t:1, i:0), leaderCommit=0, initializing? false, entries: <empty>: org.apache.ratis.thirdparty.io.grpc.StatusRuntimeException: CANCELLED: cancelled before receiving half close
2019-09-11 07:12:45,112 [094d95bb-124f-4491-a67a-8d0b5b434983@group-44CFF2683379-StateMachineUpdater] INFO  ratis.ContainerStateMachine (ContainerStateMachine.java:takeSnapshot(300)) - group-44CFF2683379: Finished taking a snapshot at:(t:1, i:11) file:/workdir/hadoop-ozone/integration-test/target/test-dir/MiniOzoneClusterImpl-b235dd93-a3eb-497e-8479-f8d4900b0fc5/datanode-3/data/ratis/23ab43d6-1d95-4eb5-a8fc-44cff2683379/sm/snapshot.1_11 time:34
2019-09-11 07:12:45,113 [094d95bb-124f-4491-a67a-8d0b5b434983@group-44CFF2683379-StateMachineUpdater] INFO  impl.StateMachineUpdater (StateMachineUpdater.java:takeSnapshot(258)) - 094d95bb-124f-4491-a67a-8d0b5b434983@group-44CFF2683379-StateMachineUpdater: Took a snapshot at index 11
2019-09-11 07:12:45,113 [Command processor thread] ERROR commandhandler.CloseContainerCommandHandler (CloseContainerCommandHandler.java:handle(125)) - Can't close container #4
java.io.IOException: org.apache.ratis.protocol.GroupMismatchException: 094d95bb-124f-4491-a67a-8d0b5b434983: group-44CFF2683379 not found.
	at org.apache.hadoop.ozone.container.common.transport.server.ratis.XceiverServerRatis.submitRequest(XceiverServerRatis.java:502)
	at org.apache.hadoop.ozone.container.common.statemachine.commandhandler.CloseContainerCommandHandler.handle(CloseContainerCommandHandler.java:102)
	at org.apache.hadoop.ozone.container.common.statemachine.commandhandler.CommandDispatcher.handle(CommandDispatcher.java:99)
	at org.apache.hadoop.ozone.container.common.statemachine.DatanodeStateMachine.lambda$initCommandHandlerThread$1(DatanodeStateMachine.java:432)
	at java.lang.Thread.run(Thread.java:748)
Caused by: java.util.concurrent.ExecutionException: org.apache.ratis.protocol.GroupMismatchException: 094d95bb-124f-4491-a67a-8d0b5b434983: group-44CFF2683379 not found.
	at java.util.concurrent.CompletableFuture.reportGet(CompletableFuture.java:357)
	at java.util.concurrent.CompletableFuture.get(CompletableFuture.java:1895)
	at org.apache.hadoop.ozone.container.common.transport.server.ratis.XceiverServerRatis.submitRequest(XceiverServerRatis.java:500)
	... 4 more
Caused by: org.apache.ratis.protocol.GroupMismatchException: 094d95bb-124f-4491-a67a-8d0b5b434983: group-44CFF2683379 not found.
	at org.apache.ratis.server.impl.RaftServerProxy$ImplMap.get(RaftServerProxy.java:122)
	at org.apache.ratis.server.impl.RaftServerProxy.getImplFuture(RaftServerProxy.java:269)
	at org.apache.ratis.server.impl.RaftServerProxy.submitRequest(RaftServerProxy.java:327)
	at org.apache.ratis.server.impl.RaftServerProxy.submitClientRequestAsync(RaftServerProxy.java:333)
	... 5 more
2019-09-11 07:12:45,114 [094d95bb-124f-4491-a67a-8d0b5b434983@group-44CFF2683379-StateMachineUpdater] INFO  impl.StateMachineUpdater (StateMachineUpdater.java:lambda$new$0(83)) - 094d95bb-124f-4491-a67a-8d0b5b434983@group-44CFF2683379-StateMachineUpdater: snapshotIndex: updateIncreasingly -1 -> 11
2019-09-11 07:12:45,115 [grpc-default-executor-1] INFO  impl.RaftServerImpl (ServerState.java:close(385)) - 094d95bb-124f-4491-a67a-8d0b5b434983@group-44CFF2683379: closes. applyIndex: 11
2019-09-11 07:12:45,116 [094d95bb-124f-4491-a67a-8d0b5b434983@group-44CFF2683379-SegmentedRaftLogWorker] ERROR ratis.XceiverServerRatis (XceiverServerRatis.java:triggerPipelineClose(575)) - pipeline Action CLOSE  on pipeline PipelineID=23ab43d6-1d95-4eb5-a8fc-44cff2683379.Reason : WriteLog:13: (t:1, i:13), STATEMACHINELOGENTRY, client-FA0A0DC8EAE4, cid=31-writeStateMachineData interrupted.
2019-09-11 07:12:45,118 [EventQueue-PipelineActionsForPipelineActionHandler] ERROR pipeline.PipelineActionHandler (PipelineActionHandler.java:onMessage(60)) - Received pipeline action CLOSE for Pipeline[ Id: 23ab43d6-1d95-4eb5-a8fc-44cff2683379, Nodes: dd774419-39ed-4d90-9a0e-7a7d67fca22a{ip: 192.168.5.143, host: pr-hdds-1786-trunk-klbfp-3319181915, networkLocation: /default-rack, certSerialId: null}b48366ef-6f68-46c9-99e7-9871be9f97bc{ip: 192.168.5.143, host: pr-hdds-1786-trunk-klbfp-3319181915, networkLocation: /default-rack, certSerialId: null}094d95bb-124f-4491-a67a-8d0b5b434983{ip: 192.168.5.143, host: pr-hdds-1786-trunk-klbfp-3319181915, networkLocation: /default-rack, certSerialId: null}, Type:RATIS, Factor:THREE, State:CLOSED] from datanode 094d95bb-124f-4491-a67a-8d0b5b434983{ip: 192.168.5.143, host: pr-hdds-1786-trunk-klbfp-3319181915, networkLocation: /default-rack, certSerialId: null}. Reason : WriteLog:13: (t:1, i:13), STATEMACHINELOGENTRY, client-FA0A0DC8EAE4, cid=31-writeStateMachineData interrupted.
2019-09-11 07:12:45,118 [EventQueue-PipelineActionsForPipelineActionHandler] INFO  pipeline.SCMPipelineManager (SCMPipelineManager.java:finalizeAndDestroyPipeline(311)) - destroying pipeline:Pipeline[ Id: 23ab43d6-1d95-4eb5-a8fc-44cff2683379, Nodes: dd774419-39ed-4d90-9a0e-7a7d67fca22a{ip: 192.168.5.143, host: pr-hdds-1786-trunk-klbfp-3319181915, networkLocation: /default-rack, certSerialId: null}b48366ef-6f68-46c9-99e7-9871be9f97bc{ip: 192.168.5.143, host: pr-hdds-1786-trunk-klbfp-3319181915, networkLocation: /default-rack, certSerialId: null}094d95bb-124f-4491-a67a-8d0b5b434983{ip: 192.168.5.143, host: pr-hdds-1786-trunk-klbfp-3319181915, networkLocation: /default-rack, certSerialId: null}, Type:RATIS, Factor:THREE, State:CLOSED]
2019-09-11 07:12:45,154 [grpc-default-executor-1] INFO  segmented.SegmentedRaftLogWorker (SegmentedRaftLogWorker.java:close(228)) - 094d95bb-124f-4491-a67a-8d0b5b434983@group-44CFF2683379-SegmentedRaftLogWorker close()
2019-09-11 07:12:45,163 [Command processor thread] ERROR commandhandler.CloseContainerCommandHandler (CloseContainerCommandHandler.java:handle(125)) - Can't close container #5
java.io.IOException: org.apache.ratis.protocol.GroupMismatchException: 094d95bb-124f-4491-a67a-8d0b5b434983: group-44CFF2683379 not found.
	at org.apache.hadoop.ozone.container.common.transport.server.ratis.XceiverServerRatis.submitRequest(XceiverServerRatis.java:502)
	at org.apache.hadoop.ozone.container.common.statemachine.commandhandler.CloseContainerCommandHandler.handle(CloseContainerCommandHandler.java:102)
	at org.apache.hadoop.ozone.container.common.statemachine.commandhandler.CommandDispatcher.handle(CommandDispatcher.java:99)
	at org.apache.hadoop.ozone.container.common.statemachine.DatanodeStateMachine.lambda$initCommandHandlerThread$1(DatanodeStateMachine.java:432)
	at java.lang.Thread.run(Thread.java:748)
Caused by: java.util.concurrent.ExecutionException: org.apache.ratis.protocol.GroupMismatchException: 094d95bb-124f-4491-a67a-8d0b5b434983: group-44CFF2683379 not found.
	at java.util.concurrent.CompletableFuture.reportGet(CompletableFuture.java:357)
	at java.util.concurrent.CompletableFuture.get(CompletableFuture.java:1895)
	at org.apache.hadoop.ozone.container.common.transport.server.ratis.XceiverServerRatis.submitRequest(XceiverServerRatis.java:500)
	... 4 more
Caused by: org.apache.ratis.protocol.GroupMismatchException: 094d95bb-124f-4491-a67a-8d0b5b434983: group-44CFF2683379 not found.
	at org.apache.ratis.server.impl.RaftServerProxy$ImplMap.get(RaftServerProxy.java:122)
	at org.apache.ratis.server.impl.RaftServerProxy.getImplFuture(RaftServerProxy.java:269)
	at org.apache.ratis.server.impl.RaftServerProxy.submitRequest(RaftServerProxy.java:327)
	at org.apache.ratis.server.impl.RaftServerProxy.submitClientRequestAsync(RaftServerProxy.java:333)
	... 5 more
2019-09-11 07:12:45,164 [grpc-default-executor-8] INFO  client.GrpcClientProtocolClient (GrpcClientProtocolClient.java:onNext(264)) - client-65AAF9F256C4->cfc25efc-54ed-4d3e-b2b6-13ccffc6d6ca: receive RaftClientReply:client-65AAF9F256C4->cfc25efc-54ed-4d3e-b2b6-13ccffc6d6ca@group-D3816A677CDA, cid=134, SUCCESS, logIndex=1, commits[cfc25efc-54ed-4d3e-b2b6-13ccffc6d6ca:c1, 76c4c990-655f-4900-b966-affd0bc7639c:c0, 92412348-7352-40be-aea2-771c347789e7:c0]
2019-09-11 07:12:45,167 [grpc-default-executor-1] INFO  interfaces.Container (KeyValueContainer.java:flushAndSyncDB(386)) - Container 1 is synced with bcsId 4.
2019-09-11 07:12:45,167 [grpc-default-executor-1] INFO  interfaces.Container (KeyValueContainer.java:flushAndSyncDB(386)) - Container 1 is synced with bcsId 4.
2019-09-11 07:12:45,189 [grpc-default-executor-1] INFO  interfaces.Container (KeyValueContainer.java:flushAndSyncDB(386)) - Container 4 is synced with bcsId 10.
2019-09-11 07:12:45,190 [grpc-default-executor-1] INFO  interfaces.Container (KeyValueContainer.java:flushAndSyncDB(386)) - Container 4 is synced with bcsId 10.
2019-09-11 07:12:45,192 [grpc-default-executor-5] INFO  client.GrpcClientProtocolClient (GrpcClientProtocolClient.java:onNext(264)) - client-65AAF9F256C4->cfc25efc-54ed-4d3e-b2b6-13ccffc6d6ca: receive RaftClientReply:client-65AAF9F256C4->cfc25efc-54ed-4d3e-b2b6-13ccffc6d6ca@group-D3816A677CDA, cid=135, SUCCESS, logIndex=3, commits[cfc25efc-54ed-4d3e-b2b6-13ccffc6d6ca:c4, 76c4c990-655f-4900-b966-affd0bc7639c:c2, 92412348-7352-40be-aea2-771c347789e7:c2]
2019-09-11 07:12:45,329 [grpc-default-executor-6] INFO  client.GrpcClientProtocolClient (GrpcClientProtocolClient.java:onNext(264)) - client-65AAF9F256C4->cfc25efc-54ed-4d3e-b2b6-13ccffc6d6ca: receive RaftClientReply:client-65AAF9F256C4->cfc25efc-54ed-4d3e-b2b6-13ccffc6d6ca@group-D3816A677CDA, cid=136, SUCCESS, logIndex=4, commits[cfc25efc-54ed-4d3e-b2b6-13ccffc6d6ca:c11, 76c4c990-655f-4900-b966-affd0bc7639c:c7, 92412348-7352-40be-aea2-771c347789e7:c7]
2019-09-11 07:12:45,330 [grpc-default-executor-6] INFO  client.GrpcClientProtocolClient (GrpcClientProtocolClient.java:onNext(264)) - client-65AAF9F256C4->cfc25efc-54ed-4d3e-b2b6-13ccffc6d6ca: receive RaftClientReply:client-65AAF9F256C4->cfc25efc-54ed-4d3e-b2b6-13ccffc6d6ca@group-D3816A677CDA, cid=137, SUCCESS, logIndex=5, commits[cfc25efc-54ed-4d3e-b2b6-13ccffc6d6ca:c11, 76c4c990-655f-4900-b966-affd0bc7639c:c7, 92412348-7352-40be-aea2-771c347789e7:c7]
2019-09-11 07:12:45,330 [grpc-default-executor-6] INFO  client.GrpcClientProtocolClient (GrpcClientProtocolClient.java:onNext(264)) - client-65AAF9F256C4->cfc25efc-54ed-4d3e-b2b6-13ccffc6d6ca: receive RaftClientReply:client-65AAF9F256C4->cfc25efc-54ed-4d3e-b2b6-13ccffc6d6ca@group-D3816A677CDA, cid=138, SUCCESS, logIndex=6, commits[cfc25efc-54ed-4d3e-b2b6-13ccffc6d6ca:c11, 76c4c990-655f-4900-b966-affd0bc7639c:c7, 92412348-7352-40be-aea2-771c347789e7:c7]
2019-09-11 07:12:45,449 [grpc-default-executor-1] INFO  interfaces.Container (KeyValueContainer.java:flushAndSyncDB(386)) - Container 5 is synced with bcsId 0.
2019-09-11 07:12:45,630 [grpc-default-executor-1] INFO  interfaces.Container (KeyValueContainer.java:flushAndSyncDB(386)) - Container 5 is synced with bcsId 0.
2019-09-11 07:12:45,632 [grpc-default-executor-6] INFO  client.GrpcClientProtocolClient (GrpcClientProtocolClient.java:onNext(264)) - client-65AAF9F256C4->cfc25efc-54ed-4d3e-b2b6-13ccffc6d6ca: receive RaftClientReply:client-65AAF9F256C4->cfc25efc-54ed-4d3e-b2b6-13ccffc6d6ca@group-D3816A677CDA, cid=139, SUCCESS, logIndex=7, commits[cfc25efc-54ed-4d3e-b2b6-13ccffc6d6ca:c11, 76c4c990-655f-4900-b966-affd0bc7639c:c7, 92412348-7352-40be-aea2-771c347789e7:c7]
]]></system-out>
    <system-err><![CDATA[Sep 11, 2019 7:12:45 AM org.apache.ratis.thirdparty.io.grpc.internal.SerializingExecutor run
SEVERE: Exception while executing runnable org.apache.ratis.thirdparty.io.grpc.internal.ServerImpl$JumpToApplicationThreadServerStreamListener$1Closed@5812550
org.apache.ratis.thirdparty.io.grpc.StatusRuntimeException: CANCELLED: call already cancelled
	at org.apache.ratis.thirdparty.io.grpc.Status.asRuntimeException(Status.java:517)
	at org.apache.ratis.thirdparty.io.grpc.stub.ServerCalls$ServerCallStreamObserverImpl.onCompleted(ServerCalls.java:356)
	at org.apache.ratis.grpc.server.GrpcServerProtocolService$ServerRequestStreamObserver.onError(GrpcServerProtocolService.java:121)
	at org.apache.ratis.thirdparty.io.grpc.stub.ServerCalls$StreamingServerCallHandler$StreamingServerCallListener.onCancel(ServerCalls.java:269)
	at org.apache.ratis.thirdparty.io.grpc.internal.ServerCallImpl$ServerStreamListenerImpl.closed(ServerCallImpl.java:293)
	at org.apache.ratis.thirdparty.io.grpc.internal.ServerImpl$JumpToApplicationThreadServerStreamListener$1Closed.runInContext(ServerImpl.java:741)
	at org.apache.ratis.thirdparty.io.grpc.internal.ContextRunnable.run(ContextRunnable.java:37)
	at org.apache.ratis.thirdparty.io.grpc.internal.SerializingExecutor.run(SerializingExecutor.java:123)
	at java.util.concurrent.ThreadPoolExecutor.runWorker(ThreadPoolExecutor.java:1149)
	at java.util.concurrent.ThreadPoolExecutor$Worker.run(ThreadPoolExecutor.java:624)
	at java.lang.Thread.run(Thread.java:748)

Sep 11, 2019 7:12:45 AM org.apache.ratis.thirdparty.io.grpc.internal.SerializingExecutor run
SEVERE: Exception while executing runnable org.apache.ratis.thirdparty.io.grpc.internal.ServerImpl$JumpToApplicationThreadServerStreamListener$1Closed@16609f37
org.apache.ratis.thirdparty.io.grpc.StatusRuntimeException: CANCELLED: call already cancelled
	at org.apache.ratis.thirdparty.io.grpc.Status.asRuntimeException(Status.java:517)
	at org.apache.ratis.thirdparty.io.grpc.stub.ServerCalls$ServerCallStreamObserverImpl.onCompleted(ServerCalls.java:356)
	at org.apache.ratis.grpc.server.GrpcServerProtocolService$ServerRequestStreamObserver.onError(GrpcServerProtocolService.java:121)
	at org.apache.ratis.thirdparty.io.grpc.stub.ServerCalls$StreamingServerCallHandler$StreamingServerCallListener.onCancel(ServerCalls.java:269)
	at org.apache.ratis.thirdparty.io.grpc.internal.ServerCallImpl$ServerStreamListenerImpl.closed(ServerCallImpl.java:293)
	at org.apache.ratis.thirdparty.io.grpc.internal.ServerImpl$JumpToApplicationThreadServerStreamListener$1Closed.runInContext(ServerImpl.java:741)
	at org.apache.ratis.thirdparty.io.grpc.internal.ContextRunnable.run(ContextRunnable.java:37)
	at org.apache.ratis.thirdparty.io.grpc.internal.SerializingExecutor.run(SerializingExecutor.java:123)
	at java.util.concurrent.ThreadPoolExecutor.runWorker(ThreadPoolExecutor.java:1149)
	at java.util.concurrent.ThreadPoolExecutor$Worker.run(ThreadPoolExecutor.java:624)
	at java.lang.Thread.run(Thread.java:748)

]]></system-err>
  </testcase>
  <testcase name="testBufferCaching" classname="org.apache.hadoop.ozone.client.rpc.TestBlockOutputStream" time="0.548"/>
  <testcase name="testWriteWithExceedingMaxBufferLimit" classname="org.apache.hadoop.ozone.client.rpc.TestBlockOutputStream" time="188.994">
    <failure message="expected:&lt;22&gt; but was:&lt;26&gt;" type="java.lang.AssertionError"><![CDATA[java.lang.AssertionError: expected:<22> but was:<26>
	at org.junit.Assert.fail(Assert.java:88)
	at org.junit.Assert.failNotEquals(Assert.java:743)
	at org.junit.Assert.assertEquals(Assert.java:118)
	at org.junit.Assert.assertEquals(Assert.java:555)
	at org.junit.Assert.assertEquals(Assert.java:542)
	at org.apache.hadoop.ozone.client.rpc.TestBlockOutputStream.testWriteWithExceedingMaxBufferLimit(TestBlockOutputStream.java:614)
	at sun.reflect.NativeMethodAccessorImpl.invoke0(Native Method)
	at sun.reflect.NativeMethodAccessorImpl.invoke(NativeMethodAccessorImpl.java:62)
	at sun.reflect.DelegatingMethodAccessorImpl.invoke(DelegatingMethodAccessorImpl.java:43)
	at java.lang.reflect.Method.invoke(Method.java:498)
	at org.junit.runners.model.FrameworkMethod$1.runReflectiveCall(FrameworkMethod.java:47)
	at org.junit.internal.runners.model.ReflectiveCallable.run(ReflectiveCallable.java:12)
	at org.junit.runners.model.FrameworkMethod.invokeExplosively(FrameworkMethod.java:44)
	at org.junit.internal.runners.statements.InvokeMethod.evaluate(InvokeMethod.java:17)
	at org.junit.runners.ParentRunner.runLeaf(ParentRunner.java:271)
	at org.junit.runners.BlockJUnit4ClassRunner.runChild(BlockJUnit4ClassRunner.java:70)
	at org.junit.runners.BlockJUnit4ClassRunner.runChild(BlockJUnit4ClassRunner.java:50)
	at org.junit.runners.ParentRunner$3.run(ParentRunner.java:238)
	at org.junit.runners.ParentRunner$1.schedule(ParentRunner.java:63)
	at org.junit.runners.ParentRunner.runChildren(ParentRunner.java:236)
	at org.junit.runners.ParentRunner.access$000(ParentRunner.java:53)
	at org.junit.runners.ParentRunner$2.evaluate(ParentRunner.java:229)
	at org.junit.internal.runners.statements.RunBefores.evaluate(RunBefores.java:26)
	at org.junit.internal.runners.statements.RunAfters.evaluate(RunAfters.java:27)
	at org.junit.runners.ParentRunner.run(ParentRunner.java:309)
	at org.apache.maven.surefire.junit4.JUnit4Provider.execute(JUnit4Provider.java:365)
	at org.apache.maven.surefire.junit4.JUnit4Provider.executeWithRerun(JUnit4Provider.java:273)
	at org.apache.maven.surefire.junit4.JUnit4Provider.executeTestSet(JUnit4Provider.java:238)
	at org.apache.maven.surefire.junit4.JUnit4Provider.invoke(JUnit4Provider.java:159)
	at org.apache.maven.surefire.booter.ForkedBooter.invokeProviderInSameClassLoader(ForkedBooter.java:384)
	at org.apache.maven.surefire.booter.ForkedBooter.runSuitesInProcess(ForkedBooter.java:345)
	at org.apache.maven.surefire.booter.ForkedBooter.execute(ForkedBooter.java:126)
	at org.apache.maven.surefire.booter.ForkedBooter.main(ForkedBooter.java:418)
]]></failure>
    <system-out><![CDATA[2019-09-11 07:12:47,183 [grpc-default-executor-1] INFO  impl.RaftServerProxy (RaftServerProxy.java:remove(95)) - dd774419-39ed-4d90-9a0e-7a7d67fca22a: remove group-44CFF2683379:null
2019-09-11 07:12:47,186 [RatisPipelineUtilsThread] WARN  pipeline.RatisPipelineUtils (RatisPipelineUtils.java:destroyPipeline(66)) - Pipeline destroy failed for pipeline=PipelineID=23ab43d6-1d95-4eb5-a8fc-44cff2683379 dn=dd774419-39ed-4d90-9a0e-7a7d67fca22a{ip: 192.168.5.143, host: pr-hdds-1786-trunk-klbfp-3319181915, networkLocation: /default-rack, certSerialId: null}
2019-09-11 07:12:47,189 [grpc-default-executor-1] INFO  impl.RaftServerProxy (RaftServerProxy.java:remove(95)) - b48366ef-6f68-46c9-99e7-9871be9f97bc: remove group-44CFF2683379:null
2019-09-11 07:12:47,192 [RatisPipelineUtilsThread] WARN  pipeline.RatisPipelineUtils (RatisPipelineUtils.java:destroyPipeline(66)) - Pipeline destroy failed for pipeline=PipelineID=23ab43d6-1d95-4eb5-a8fc-44cff2683379 dn=b48366ef-6f68-46c9-99e7-9871be9f97bc{ip: 192.168.5.143, host: pr-hdds-1786-trunk-klbfp-3319181915, networkLocation: /default-rack, certSerialId: null}
2019-09-11 07:12:47,195 [grpc-default-executor-1] INFO  impl.RaftServerProxy (RaftServerProxy.java:remove(95)) - 094d95bb-124f-4491-a67a-8d0b5b434983: remove group-44CFF2683379:null
2019-09-11 07:12:47,200 [RatisPipelineUtilsThread] WARN  pipeline.RatisPipelineUtils (RatisPipelineUtils.java:destroyPipeline(66)) - Pipeline destroy failed for pipeline=PipelineID=23ab43d6-1d95-4eb5-a8fc-44cff2683379 dn=094d95bb-124f-4491-a67a-8d0b5b434983{ip: 192.168.5.143, host: pr-hdds-1786-trunk-klbfp-3319181915, networkLocation: /default-rack, certSerialId: null}
2019-09-11 07:12:47,201 [RatisPipelineUtilsThread] ERROR pipeline.SCMPipelineManager (Scheduler.java:lambda$schedule$1(70)) - Destroy pipeline failed for pipeline:Pipeline[ Id: 23ab43d6-1d95-4eb5-a8fc-44cff2683379, Nodes: dd774419-39ed-4d90-9a0e-7a7d67fca22a{ip: 192.168.5.143, host: pr-hdds-1786-trunk-klbfp-3319181915, networkLocation: /default-rack, certSerialId: null}b48366ef-6f68-46c9-99e7-9871be9f97bc{ip: 192.168.5.143, host: pr-hdds-1786-trunk-klbfp-3319181915, networkLocation: /default-rack, certSerialId: null}094d95bb-124f-4491-a67a-8d0b5b434983{ip: 192.168.5.143, host: pr-hdds-1786-trunk-klbfp-3319181915, networkLocation: /default-rack, certSerialId: null}, Type:RATIS, Factor:THREE, State:CLOSED]
org.apache.hadoop.hdds.scm.pipeline.PipelineNotFoundException: PipelineID=23ab43d6-1d95-4eb5-a8fc-44cff2683379 not found
	at org.apache.hadoop.hdds.scm.pipeline.PipelineStateMap.getPipeline(PipelineStateMap.java:132)
	at org.apache.hadoop.hdds.scm.pipeline.PipelineStateMap.removePipeline(PipelineStateMap.java:322)
	at org.apache.hadoop.hdds.scm.pipeline.PipelineStateManager.removePipeline(PipelineStateManager.java:107)
	at org.apache.hadoop.hdds.scm.pipeline.SCMPipelineManager.removePipeline(SCMPipelineManager.java:423)
	at org.apache.hadoop.hdds.scm.pipeline.SCMPipelineManager.destroyPipeline(SCMPipelineManager.java:409)
	at org.apache.hadoop.hdds.scm.pipeline.SCMPipelineManager.lambda$finalizeAndDestroyPipeline$0(SCMPipelineManager.java:318)
	at org.apache.hadoop.utils.Scheduler.lambda$schedule$1(Scheduler.java:68)
	at java.util.concurrent.Executors$RunnableAdapter.call(Executors.java:511)
	at java.util.concurrent.FutureTask.run(FutureTask.java:266)
	at java.util.concurrent.ScheduledThreadPoolExecutor$ScheduledFutureTask.access$201(ScheduledThreadPoolExecutor.java:180)
	at java.util.concurrent.ScheduledThreadPoolExecutor$ScheduledFutureTask.run(ScheduledThreadPoolExecutor.java:293)
	at java.util.concurrent.ThreadPoolExecutor.runWorker(ThreadPoolExecutor.java:1149)
	at java.util.concurrent.ThreadPoolExecutor$Worker.run(ThreadPoolExecutor.java:624)
	at java.lang.Thread.run(Thread.java:748)
2019-09-11 07:12:49,189 [grpc-default-executor-6] INFO  impl.RaftServerProxy (RaftServerProxy.java:remove(95)) - dd774419-39ed-4d90-9a0e-7a7d67fca22a: remove group-44CFF2683379:null
2019-09-11 07:12:49,193 [RatisPipelineUtilsThread] WARN  pipeline.RatisPipelineUtils (RatisPipelineUtils.java:destroyPipeline(66)) - Pipeline destroy failed for pipeline=PipelineID=23ab43d6-1d95-4eb5-a8fc-44cff2683379 dn=dd774419-39ed-4d90-9a0e-7a7d67fca22a{ip: 192.168.5.143, host: pr-hdds-1786-trunk-klbfp-3319181915, networkLocation: /default-rack, certSerialId: null}
2019-09-11 07:12:49,197 [grpc-default-executor-6] INFO  impl.RaftServerProxy (RaftServerProxy.java:remove(95)) - b48366ef-6f68-46c9-99e7-9871be9f97bc: remove group-44CFF2683379:null
2019-09-11 07:12:49,199 [RatisPipelineUtilsThread] WARN  pipeline.RatisPipelineUtils (RatisPipelineUtils.java:destroyPipeline(66)) - Pipeline destroy failed for pipeline=PipelineID=23ab43d6-1d95-4eb5-a8fc-44cff2683379 dn=b48366ef-6f68-46c9-99e7-9871be9f97bc{ip: 192.168.5.143, host: pr-hdds-1786-trunk-klbfp-3319181915, networkLocation: /default-rack, certSerialId: null}
2019-09-11 07:12:49,200 [java.util.concurrent.ThreadPoolExecutor$Worker@41115d6f[State = -1, empty queue]] WARN  server.GrpcLogAppender (GrpcLogAppender.java:timeoutAppendRequest(200)) - cfc25efc-54ed-4d3e-b2b6-13ccffc6d6ca@group-D3816A677CDA->92412348-7352-40be-aea2-771c347789e7-GrpcLogAppender: appendEntries Timeout, request=cfc25efc-54ed-4d3e-b2b6-13ccffc6d6ca->92412348-7352-40be-aea2-771c347789e7#85-t1, previous=(t:1, i:11), leaderCommit=11, initializing? false, entries: size=1, first=(t:1, i:12), STATEMACHINELOGENTRY, client-65AAF9F256C4, cid=143
2019-09-11 07:12:49,200 [java.util.concurrent.ThreadPoolExecutor$Worker@66a2441c[State = -1, empty queue]] WARN  server.GrpcLogAppender (GrpcLogAppender.java:timeoutAppendRequest(200)) - cfc25efc-54ed-4d3e-b2b6-13ccffc6d6ca@group-D3816A677CDA->76c4c990-655f-4900-b966-affd0bc7639c-GrpcLogAppender: appendEntries Timeout, request=cfc25efc-54ed-4d3e-b2b6-13ccffc6d6ca->76c4c990-655f-4900-b966-affd0bc7639c#85-t1, previous=(t:1, i:11), leaderCommit=11, initializing? false, entries: size=1, first=(t:1, i:12), STATEMACHINELOGENTRY, client-65AAF9F256C4, cid=143
2019-09-11 07:12:49,201 [java.util.concurrent.ThreadPoolExecutor$Worker@41115d6f[State = -1, empty queue]] WARN  server.GrpcLogAppender (GrpcLogAppender.java:timeoutAppendRequest(200)) - cfc25efc-54ed-4d3e-b2b6-13ccffc6d6ca@group-D3816A677CDA->92412348-7352-40be-aea2-771c347789e7-GrpcLogAppender: appendEntries Timeout, request=cfc25efc-54ed-4d3e-b2b6-13ccffc6d6ca->92412348-7352-40be-aea2-771c347789e7#86-t1, previous=(t:1, i:12), leaderCommit=11, initializing? false, entries: size=1, first=(t:1, i:13), STATEMACHINELOGENTRY, client-65AAF9F256C4, cid=144
2019-09-11 07:12:49,201 [java.util.concurrent.ThreadPoolExecutor$Worker@66a2441c[State = -1, empty queue]] WARN  server.GrpcLogAppender (GrpcLogAppender.java:timeoutAppendRequest(200)) - cfc25efc-54ed-4d3e-b2b6-13ccffc6d6ca@group-D3816A677CDA->76c4c990-655f-4900-b966-affd0bc7639c-GrpcLogAppender: appendEntries Timeout, request=cfc25efc-54ed-4d3e-b2b6-13ccffc6d6ca->76c4c990-655f-4900-b966-affd0bc7639c#86-t1, previous=(t:1, i:12), leaderCommit=11, initializing? false, entries: size=1, first=(t:1, i:13), STATEMACHINELOGENTRY, client-65AAF9F256C4, cid=144
2019-09-11 07:12:49,201 [java.util.concurrent.ThreadPoolExecutor$Worker@41115d6f[State = -1, empty queue]] WARN  server.GrpcLogAppender (GrpcLogAppender.java:timeoutAppendRequest(200)) - cfc25efc-54ed-4d3e-b2b6-13ccffc6d6ca@group-D3816A677CDA->92412348-7352-40be-aea2-771c347789e7-GrpcLogAppender: appendEntries Timeout, request=cfc25efc-54ed-4d3e-b2b6-13ccffc6d6ca->92412348-7352-40be-aea2-771c347789e7#87-t1, previous=(t:1, i:13), leaderCommit=11, initializing? false, entries: size=1, first=(t:1, i:14), STATEMACHINELOGENTRY, client-65AAF9F256C4, cid=145
2019-09-11 07:12:49,201 [java.util.concurrent.ThreadPoolExecutor$Worker@66a2441c[State = -1, empty queue]] WARN  server.GrpcLogAppender (GrpcLogAppender.java:timeoutAppendRequest(200)) - cfc25efc-54ed-4d3e-b2b6-13ccffc6d6ca@group-D3816A677CDA->76c4c990-655f-4900-b966-affd0bc7639c-GrpcLogAppender: appendEntries Timeout, request=cfc25efc-54ed-4d3e-b2b6-13ccffc6d6ca->76c4c990-655f-4900-b966-affd0bc7639c#87-t1, previous=(t:1, i:13), leaderCommit=11, initializing? false, entries: size=1, first=(t:1, i:14), STATEMACHINELOGENTRY, client-65AAF9F256C4, cid=145
2019-09-11 07:12:49,202 [java.util.concurrent.ThreadPoolExecutor$Worker@41115d6f[State = -1, empty queue]] WARN  server.GrpcLogAppender (GrpcLogAppender.java:timeoutAppendRequest(200)) - cfc25efc-54ed-4d3e-b2b6-13ccffc6d6ca@group-D3816A677CDA->92412348-7352-40be-aea2-771c347789e7-GrpcLogAppender: appendEntries Timeout, request=cfc25efc-54ed-4d3e-b2b6-13ccffc6d6ca->92412348-7352-40be-aea2-771c347789e7#88-t1, previous=(t:1, i:14), leaderCommit=11, initializing? false, entries: size=1, first=(t:1, i:15), STATEMACHINELOGENTRY, client-65AAF9F256C4, cid=146
2019-09-11 07:12:49,202 [grpc-default-executor-6] INFO  impl.RaftServerProxy (RaftServerProxy.java:remove(95)) - 094d95bb-124f-4491-a67a-8d0b5b434983: remove group-44CFF2683379:null
2019-09-11 07:12:49,202 [java.util.concurrent.ThreadPoolExecutor$Worker@66a2441c[State = -1, empty queue]] WARN  server.GrpcLogAppender (GrpcLogAppender.java:timeoutAppendRequest(200)) - cfc25efc-54ed-4d3e-b2b6-13ccffc6d6ca@group-D3816A677CDA->76c4c990-655f-4900-b966-affd0bc7639c-GrpcLogAppender: appendEntries Timeout, request=cfc25efc-54ed-4d3e-b2b6-13ccffc6d6ca->76c4c990-655f-4900-b966-affd0bc7639c#88-t1, previous=(t:1, i:14), leaderCommit=11, initializing? false, entries: size=1, first=(t:1, i:15), STATEMACHINELOGENTRY, client-65AAF9F256C4, cid=146
2019-09-11 07:12:49,203 [java.util.concurrent.ThreadPoolExecutor$Worker@41115d6f[State = -1, empty queue]] WARN  server.GrpcLogAppender (GrpcLogAppender.java:timeoutAppendRequest(200)) - cfc25efc-54ed-4d3e-b2b6-13ccffc6d6ca@group-D3816A677CDA->92412348-7352-40be-aea2-771c347789e7-GrpcLogAppender: appendEntries Timeout, request=cfc25efc-54ed-4d3e-b2b6-13ccffc6d6ca->92412348-7352-40be-aea2-771c347789e7#89-t1, previous=(t:1, i:15), leaderCommit=11, initializing? false, entries: size=1, first=(t:1, i:16), STATEMACHINELOGENTRY, client-65AAF9F256C4, cid=147
2019-09-11 07:12:49,203 [java.util.concurrent.ThreadPoolExecutor$Worker@66a2441c[State = -1, empty queue]] WARN  server.GrpcLogAppender (GrpcLogAppender.java:timeoutAppendRequest(200)) - cfc25efc-54ed-4d3e-b2b6-13ccffc6d6ca@group-D3816A677CDA->76c4c990-655f-4900-b966-affd0bc7639c-GrpcLogAppender: appendEntries Timeout, request=cfc25efc-54ed-4d3e-b2b6-13ccffc6d6ca->76c4c990-655f-4900-b966-affd0bc7639c#89-t1, previous=(t:1, i:15), leaderCommit=11, initializing? false, entries: size=1, first=(t:1, i:16), STATEMACHINELOGENTRY, client-65AAF9F256C4, cid=147
2019-09-11 07:12:49,203 [java.util.concurrent.ThreadPoolExecutor$Worker@41115d6f[State = -1, empty queue]] WARN  server.GrpcLogAppender (GrpcLogAppender.java:timeoutAppendRequest(200)) - cfc25efc-54ed-4d3e-b2b6-13ccffc6d6ca@group-D3816A677CDA->92412348-7352-40be-aea2-771c347789e7-GrpcLogAppender: appendEntries Timeout, request=cfc25efc-54ed-4d3e-b2b6-13ccffc6d6ca->92412348-7352-40be-aea2-771c347789e7#90-t1, previous=(t:1, i:16), leaderCommit=11, initializing? false, entries: size=1, first=(t:1, i:17), STATEMACHINELOGENTRY, client-65AAF9F256C4, cid=148
2019-09-11 07:12:49,203 [java.util.concurrent.ThreadPoolExecutor$Worker@66a2441c[State = -1, empty queue]] WARN  server.GrpcLogAppender (GrpcLogAppender.java:timeoutAppendRequest(200)) - cfc25efc-54ed-4d3e-b2b6-13ccffc6d6ca@group-D3816A677CDA->76c4c990-655f-4900-b966-affd0bc7639c-GrpcLogAppender: appendEntries Timeout, request=cfc25efc-54ed-4d3e-b2b6-13ccffc6d6ca->76c4c990-655f-4900-b966-affd0bc7639c#90-t1, previous=(t:1, i:16), leaderCommit=11, initializing? false, entries: size=1, first=(t:1, i:17), STATEMACHINELOGENTRY, client-65AAF9F256C4, cid=148
2019-09-11 07:12:49,204 [RatisPipelineUtilsThread] WARN  pipeline.RatisPipelineUtils (RatisPipelineUtils.java:destroyPipeline(66)) - Pipeline destroy failed for pipeline=PipelineID=23ab43d6-1d95-4eb5-a8fc-44cff2683379 dn=094d95bb-124f-4491-a67a-8d0b5b434983{ip: 192.168.5.143, host: pr-hdds-1786-trunk-klbfp-3319181915, networkLocation: /default-rack, certSerialId: null}
2019-09-11 07:12:49,204 [RatisPipelineUtilsThread] ERROR pipeline.SCMPipelineManager (Scheduler.java:lambda$schedule$1(70)) - Destroy pipeline failed for pipeline:Pipeline[ Id: 23ab43d6-1d95-4eb5-a8fc-44cff2683379, Nodes: dd774419-39ed-4d90-9a0e-7a7d67fca22a{ip: 192.168.5.143, host: pr-hdds-1786-trunk-klbfp-3319181915, networkLocation: /default-rack, certSerialId: null}b48366ef-6f68-46c9-99e7-9871be9f97bc{ip: 192.168.5.143, host: pr-hdds-1786-trunk-klbfp-3319181915, networkLocation: /default-rack, certSerialId: null}094d95bb-124f-4491-a67a-8d0b5b434983{ip: 192.168.5.143, host: pr-hdds-1786-trunk-klbfp-3319181915, networkLocation: /default-rack, certSerialId: null}, Type:RATIS, Factor:THREE, State:CLOSED]
org.apache.hadoop.hdds.scm.pipeline.PipelineNotFoundException: PipelineID=23ab43d6-1d95-4eb5-a8fc-44cff2683379 not found
	at org.apache.hadoop.hdds.scm.pipeline.PipelineStateMap.getPipeline(PipelineStateMap.java:132)
	at org.apache.hadoop.hdds.scm.pipeline.PipelineStateMap.removePipeline(PipelineStateMap.java:322)
	at org.apache.hadoop.hdds.scm.pipeline.PipelineStateManager.removePipeline(PipelineStateManager.java:107)
	at org.apache.hadoop.hdds.scm.pipeline.SCMPipelineManager.removePipeline(SCMPipelineManager.java:423)
	at org.apache.hadoop.hdds.scm.pipeline.SCMPipelineManager.destroyPipeline(SCMPipelineManager.java:409)
	at org.apache.hadoop.hdds.scm.pipeline.SCMPipelineManager.lambda$finalizeAndDestroyPipeline$0(SCMPipelineManager.java:318)
	at org.apache.hadoop.utils.Scheduler.lambda$schedule$1(Scheduler.java:68)
	at java.util.concurrent.Executors$RunnableAdapter.call(Executors.java:511)
	at java.util.concurrent.FutureTask.run(FutureTask.java:266)
	at java.util.concurrent.ScheduledThreadPoolExecutor$ScheduledFutureTask.access$201(ScheduledThreadPoolExecutor.java:180)
	at java.util.concurrent.ScheduledThreadPoolExecutor$ScheduledFutureTask.run(ScheduledThreadPoolExecutor.java:293)
	at java.util.concurrent.ThreadPoolExecutor.runWorker(ThreadPoolExecutor.java:1149)
	at java.util.concurrent.ThreadPoolExecutor$Worker.run(ThreadPoolExecutor.java:624)
	at java.lang.Thread.run(Thread.java:748)
2019-09-11 07:12:51,236 [grpc-default-executor-1] INFO  client.GrpcClientProtocolClient (GrpcClientProtocolClient.java:onNext(264)) - client-65AAF9F256C4->76c4c990-655f-4900-b966-affd0bc7639c: receive RaftClientReply:client-65AAF9F256C4->76c4c990-655f-4900-b966-affd0bc7639c@group-D3816A677CDA, cid=143, FAILED org.apache.ratis.protocol.NotLeaderException: Server 76c4c990-655f-4900-b966-affd0bc7639c@group-D3816A677CDA is not the leader cfc25efc-54ed-4d3e-b2b6-13ccffc6d6ca:192.168.5.143:42744, logIndex=0, commits[76c4c990-655f-4900-b966-affd0bc7639c:c11, cfc25efc-54ed-4d3e-b2b6-13ccffc6d6ca:c11, 92412348-7352-40be-aea2-771c347789e7:c7]
2019-09-11 07:12:51,703 [java.util.concurrent.ThreadPoolExecutor$Worker@66a2441c[State = -1, empty queue]] WARN  server.GrpcLogAppender (GrpcLogAppender.java:timeoutAppendRequest(200)) - cfc25efc-54ed-4d3e-b2b6-13ccffc6d6ca@group-D3816A677CDA->76c4c990-655f-4900-b966-affd0bc7639c-GrpcLogAppender: appendEntries Timeout, request=cfc25efc-54ed-4d3e-b2b6-13ccffc6d6ca->76c4c990-655f-4900-b966-affd0bc7639c#91-t1, previous=(t:1, i:17), leaderCommit=11, initializing? false, entries: <empty>
2019-09-11 07:12:51,703 [java.util.concurrent.ThreadPoolExecutor$Worker@41115d6f[State = -1, empty queue]] WARN  server.GrpcLogAppender (GrpcLogAppender.java:timeoutAppendRequest(200)) - cfc25efc-54ed-4d3e-b2b6-13ccffc6d6ca@group-D3816A677CDA->92412348-7352-40be-aea2-771c347789e7-GrpcLogAppender: appendEntries Timeout, request=cfc25efc-54ed-4d3e-b2b6-13ccffc6d6ca->92412348-7352-40be-aea2-771c347789e7#91-t1, previous=(t:1, i:17), leaderCommit=11, initializing? false, entries: <empty>
2019-09-11 07:12:52,193 [grpc-default-executor-6] INFO  impl.RaftServerProxy (RaftServerProxy.java:remove(95)) - dd774419-39ed-4d90-9a0e-7a7d67fca22a: remove group-44CFF2683379:null
2019-09-11 07:12:52,199 [RatisPipelineUtilsThread] WARN  pipeline.RatisPipelineUtils (RatisPipelineUtils.java:destroyPipeline(66)) - Pipeline destroy failed for pipeline=PipelineID=23ab43d6-1d95-4eb5-a8fc-44cff2683379 dn=dd774419-39ed-4d90-9a0e-7a7d67fca22a{ip: 192.168.5.143, host: pr-hdds-1786-trunk-klbfp-3319181915, networkLocation: /default-rack, certSerialId: null}
2019-09-11 07:12:52,202 [grpc-default-executor-6] INFO  impl.RaftServerProxy (RaftServerProxy.java:remove(95)) - b48366ef-6f68-46c9-99e7-9871be9f97bc: remove group-44CFF2683379:null
2019-09-11 07:12:52,204 [RatisPipelineUtilsThread] WARN  pipeline.RatisPipelineUtils (RatisPipelineUtils.java:destroyPipeline(66)) - Pipeline destroy failed for pipeline=PipelineID=23ab43d6-1d95-4eb5-a8fc-44cff2683379 dn=b48366ef-6f68-46c9-99e7-9871be9f97bc{ip: 192.168.5.143, host: pr-hdds-1786-trunk-klbfp-3319181915, networkLocation: /default-rack, certSerialId: null}
2019-09-11 07:12:52,206 [grpc-default-executor-6] INFO  impl.RaftServerProxy (RaftServerProxy.java:remove(95)) - 094d95bb-124f-4491-a67a-8d0b5b434983: remove group-44CFF2683379:null
2019-09-11 07:12:52,208 [RatisPipelineUtilsThread] WARN  pipeline.RatisPipelineUtils (RatisPipelineUtils.java:destroyPipeline(66)) - Pipeline destroy failed for pipeline=PipelineID=23ab43d6-1d95-4eb5-a8fc-44cff2683379 dn=094d95bb-124f-4491-a67a-8d0b5b434983{ip: 192.168.5.143, host: pr-hdds-1786-trunk-klbfp-3319181915, networkLocation: /default-rack, certSerialId: null}
2019-09-11 07:12:52,209 [RatisPipelineUtilsThread] ERROR pipeline.SCMPipelineManager (Scheduler.java:lambda$schedule$1(70)) - Destroy pipeline failed for pipeline:Pipeline[ Id: 23ab43d6-1d95-4eb5-a8fc-44cff2683379, Nodes: dd774419-39ed-4d90-9a0e-7a7d67fca22a{ip: 192.168.5.143, host: pr-hdds-1786-trunk-klbfp-3319181915, networkLocation: /default-rack, certSerialId: null}b48366ef-6f68-46c9-99e7-9871be9f97bc{ip: 192.168.5.143, host: pr-hdds-1786-trunk-klbfp-3319181915, networkLocation: /default-rack, certSerialId: null}094d95bb-124f-4491-a67a-8d0b5b434983{ip: 192.168.5.143, host: pr-hdds-1786-trunk-klbfp-3319181915, networkLocation: /default-rack, certSerialId: null}, Type:RATIS, Factor:THREE, State:CLOSED]
org.apache.hadoop.hdds.scm.pipeline.PipelineNotFoundException: PipelineID=23ab43d6-1d95-4eb5-a8fc-44cff2683379 not found
	at org.apache.hadoop.hdds.scm.pipeline.PipelineStateMap.getPipeline(PipelineStateMap.java:132)
	at org.apache.hadoop.hdds.scm.pipeline.PipelineStateMap.removePipeline(PipelineStateMap.java:322)
	at org.apache.hadoop.hdds.scm.pipeline.PipelineStateManager.removePipeline(PipelineStateManager.java:107)
	at org.apache.hadoop.hdds.scm.pipeline.SCMPipelineManager.removePipeline(SCMPipelineManager.java:423)
	at org.apache.hadoop.hdds.scm.pipeline.SCMPipelineManager.destroyPipeline(SCMPipelineManager.java:409)
	at org.apache.hadoop.hdds.scm.pipeline.SCMPipelineManager.lambda$finalizeAndDestroyPipeline$0(SCMPipelineManager.java:318)
	at org.apache.hadoop.utils.Scheduler.lambda$schedule$1(Scheduler.java:68)
	at java.util.concurrent.Executors$RunnableAdapter.call(Executors.java:511)
	at java.util.concurrent.FutureTask.run(FutureTask.java:266)
	at java.util.concurrent.ScheduledThreadPoolExecutor$ScheduledFutureTask.access$201(ScheduledThreadPoolExecutor.java:180)
	at java.util.concurrent.ScheduledThreadPoolExecutor$ScheduledFutureTask.run(ScheduledThreadPoolExecutor.java:293)
	at java.util.concurrent.ThreadPoolExecutor.runWorker(ThreadPoolExecutor.java:1149)
	at java.util.concurrent.ThreadPoolExecutor$Worker.run(ThreadPoolExecutor.java:624)
	at java.lang.Thread.run(Thread.java:748)
2019-09-11 07:12:54,188 [grpc-default-executor-1] INFO  impl.RaftServerProxy (RaftServerProxy.java:remove(95)) - dd774419-39ed-4d90-9a0e-7a7d67fca22a: remove group-44CFF2683379:null
2019-09-11 07:12:54,191 [RatisPipelineUtilsThread] WARN  pipeline.RatisPipelineUtils (RatisPipelineUtils.java:destroyPipeline(66)) - Pipeline destroy failed for pipeline=PipelineID=23ab43d6-1d95-4eb5-a8fc-44cff2683379 dn=dd774419-39ed-4d90-9a0e-7a7d67fca22a{ip: 192.168.5.143, host: pr-hdds-1786-trunk-klbfp-3319181915, networkLocation: /default-rack, certSerialId: null}
2019-09-11 07:12:54,193 [grpc-default-executor-1] INFO  impl.RaftServerProxy (RaftServerProxy.java:remove(95)) - b48366ef-6f68-46c9-99e7-9871be9f97bc: remove group-44CFF2683379:null
2019-09-11 07:12:54,194 [RatisPipelineUtilsThread] WARN  pipeline.RatisPipelineUtils (RatisPipelineUtils.java:destroyPipeline(66)) - Pipeline destroy failed for pipeline=PipelineID=23ab43d6-1d95-4eb5-a8fc-44cff2683379 dn=b48366ef-6f68-46c9-99e7-9871be9f97bc{ip: 192.168.5.143, host: pr-hdds-1786-trunk-klbfp-3319181915, networkLocation: /default-rack, certSerialId: null}
2019-09-11 07:12:54,196 [grpc-default-executor-1] INFO  impl.RaftServerProxy (RaftServerProxy.java:remove(95)) - 094d95bb-124f-4491-a67a-8d0b5b434983: remove group-44CFF2683379:null
2019-09-11 07:12:54,197 [RatisPipelineUtilsThread] WARN  pipeline.RatisPipelineUtils (RatisPipelineUtils.java:destroyPipeline(66)) - Pipeline destroy failed for pipeline=PipelineID=23ab43d6-1d95-4eb5-a8fc-44cff2683379 dn=094d95bb-124f-4491-a67a-8d0b5b434983{ip: 192.168.5.143, host: pr-hdds-1786-trunk-klbfp-3319181915, networkLocation: /default-rack, certSerialId: null}
2019-09-11 07:12:54,197 [RatisPipelineUtilsThread] ERROR pipeline.SCMPipelineManager (Scheduler.java:lambda$schedule$1(70)) - Destroy pipeline failed for pipeline:Pipeline[ Id: 23ab43d6-1d95-4eb5-a8fc-44cff2683379, Nodes: dd774419-39ed-4d90-9a0e-7a7d67fca22a{ip: 192.168.5.143, host: pr-hdds-1786-trunk-klbfp-3319181915, networkLocation: /default-rack, certSerialId: null}b48366ef-6f68-46c9-99e7-9871be9f97bc{ip: 192.168.5.143, host: pr-hdds-1786-trunk-klbfp-3319181915, networkLocation: /default-rack, certSerialId: null}094d95bb-124f-4491-a67a-8d0b5b434983{ip: 192.168.5.143, host: pr-hdds-1786-trunk-klbfp-3319181915, networkLocation: /default-rack, certSerialId: null}, Type:RATIS, Factor:THREE, State:CLOSED]
org.apache.hadoop.hdds.scm.pipeline.PipelineNotFoundException: PipelineID=23ab43d6-1d95-4eb5-a8fc-44cff2683379 not found
	at org.apache.hadoop.hdds.scm.pipeline.PipelineStateMap.getPipeline(PipelineStateMap.java:132)
	at org.apache.hadoop.hdds.scm.pipeline.PipelineStateMap.removePipeline(PipelineStateMap.java:322)
	at org.apache.hadoop.hdds.scm.pipeline.PipelineStateManager.removePipeline(PipelineStateManager.java:107)
	at org.apache.hadoop.hdds.scm.pipeline.SCMPipelineManager.removePipeline(SCMPipelineManager.java:423)
	at org.apache.hadoop.hdds.scm.pipeline.SCMPipelineManager.destroyPipeline(SCMPipelineManager.java:409)
	at org.apache.hadoop.hdds.scm.pipeline.SCMPipelineManager.lambda$finalizeAndDestroyPipeline$0(SCMPipelineManager.java:318)
	at org.apache.hadoop.utils.Scheduler.lambda$schedule$1(Scheduler.java:68)
	at java.util.concurrent.Executors$RunnableAdapter.call(Executors.java:511)
	at java.util.concurrent.FutureTask.run(FutureTask.java:266)
	at java.util.concurrent.ScheduledThreadPoolExecutor$ScheduledFutureTask.access$201(ScheduledThreadPoolExecutor.java:180)
	at java.util.concurrent.ScheduledThreadPoolExecutor$ScheduledFutureTask.run(ScheduledThreadPoolExecutor.java:293)
	at java.util.concurrent.ThreadPoolExecutor.runWorker(ThreadPoolExecutor.java:1149)
	at java.util.concurrent.ThreadPoolExecutor$Worker.run(ThreadPoolExecutor.java:624)
	at java.lang.Thread.run(Thread.java:748)
2019-09-11 07:12:54,204 [java.util.concurrent.ThreadPoolExecutor$Worker@66a2441c[State = -1, empty queue]] WARN  server.GrpcLogAppender (GrpcLogAppender.java:timeoutAppendRequest(200)) - cfc25efc-54ed-4d3e-b2b6-13ccffc6d6ca@group-D3816A677CDA->76c4c990-655f-4900-b966-affd0bc7639c-GrpcLogAppender: appendEntries Timeout, request=cfc25efc-54ed-4d3e-b2b6-13ccffc6d6ca->76c4c990-655f-4900-b966-affd0bc7639c#92-t1, previous=(t:1, i:17), leaderCommit=11, initializing? false, entries: <empty>
2019-09-11 07:12:54,204 [java.util.concurrent.ThreadPoolExecutor$Worker@41115d6f[State = -1, empty queue]] WARN  server.GrpcLogAppender (GrpcLogAppender.java:timeoutAppendRequest(200)) - cfc25efc-54ed-4d3e-b2b6-13ccffc6d6ca@group-D3816A677CDA->92412348-7352-40be-aea2-771c347789e7-GrpcLogAppender: appendEntries Timeout, request=cfc25efc-54ed-4d3e-b2b6-13ccffc6d6ca->92412348-7352-40be-aea2-771c347789e7#92-t1, previous=(t:1, i:17), leaderCommit=11, initializing? false, entries: <empty>
2019-09-11 07:12:56,200 [cfc25efc-54ed-4d3e-b2b6-13ccffc6d6ca@group-D3816A677CDA-SegmentedRaftLogWorker] WARN  segmented.SegmentedRaftLogWorker (SegmentedRaftLogWorker.java:getFromFuture(90)) - Timeout 0/~
org.apache.ratis.protocol.TimeoutIOException: Timeout 10s: WriteLog:12: (t:1, i:12), STATEMACHINELOGENTRY, client-65AAF9F256C4, cid=143-writeStateMachineData
	at org.apache.ratis.util.IOUtils.getFromFuture(IOUtils.java:87)
	at org.apache.ratis.server.raftlog.segmented.SegmentedRaftLogWorker$StateMachineDataPolicy.getFromFuture(SegmentedRaftLogWorker.java:87)
	at org.apache.ratis.server.raftlog.segmented.SegmentedRaftLogWorker$WriteLog.execute(SegmentedRaftLogWorker.java:477)
	at org.apache.ratis.server.raftlog.segmented.SegmentedRaftLogWorker.run(SegmentedRaftLogWorker.java:289)
	at java.lang.Thread.run(Thread.java:748)
Caused by: java.util.concurrent.TimeoutException
	at java.util.concurrent.CompletableFuture.timedGet(CompletableFuture.java:1771)
	at java.util.concurrent.CompletableFuture.get(CompletableFuture.java:1915)
	at org.apache.ratis.util.IOUtils.getFromFuture(IOUtils.java:79)
	... 4 more
2019-09-11 07:12:56,201 [76c4c990-655f-4900-b966-affd0bc7639c@group-D3816A677CDA-SegmentedRaftLogWorker] WARN  segmented.SegmentedRaftLogWorker (SegmentedRaftLogWorker.java:getFromFuture(90)) - Timeout 0/~
org.apache.ratis.protocol.TimeoutIOException: Timeout 10s: WriteLog:12: (t:1, i:12), STATEMACHINELOGENTRY, client-65AAF9F256C4, cid=143-writeStateMachineData
	at org.apache.ratis.util.IOUtils.getFromFuture(IOUtils.java:87)
	at org.apache.ratis.server.raftlog.segmented.SegmentedRaftLogWorker$StateMachineDataPolicy.getFromFuture(SegmentedRaftLogWorker.java:87)
	at org.apache.ratis.server.raftlog.segmented.SegmentedRaftLogWorker$WriteLog.execute(SegmentedRaftLogWorker.java:477)
	at org.apache.ratis.server.raftlog.segmented.SegmentedRaftLogWorker.run(SegmentedRaftLogWorker.java:289)
	at java.lang.Thread.run(Thread.java:748)
Caused by: java.util.concurrent.TimeoutException
	at java.util.concurrent.CompletableFuture.timedGet(CompletableFuture.java:1771)
	at java.util.concurrent.CompletableFuture.get(CompletableFuture.java:1915)
	at org.apache.ratis.util.IOUtils.getFromFuture(IOUtils.java:79)
	... 4 more
2019-09-11 07:12:56,201 [92412348-7352-40be-aea2-771c347789e7@group-D3816A677CDA-SegmentedRaftLogWorker] WARN  segmented.SegmentedRaftLogWorker (SegmentedRaftLogWorker.java:getFromFuture(90)) - Timeout 0/~
org.apache.ratis.protocol.TimeoutIOException: Timeout 10s: WriteLog:12: (t:1, i:12), STATEMACHINELOGENTRY, client-65AAF9F256C4, cid=143-writeStateMachineData
	at org.apache.ratis.util.IOUtils.getFromFuture(IOUtils.java:87)
	at org.apache.ratis.server.raftlog.segmented.SegmentedRaftLogWorker$StateMachineDataPolicy.getFromFuture(SegmentedRaftLogWorker.java:87)
	at org.apache.ratis.server.raftlog.segmented.SegmentedRaftLogWorker$WriteLog.execute(SegmentedRaftLogWorker.java:477)
	at org.apache.ratis.server.raftlog.segmented.SegmentedRaftLogWorker.run(SegmentedRaftLogWorker.java:289)
	at java.lang.Thread.run(Thread.java:748)
Caused by: java.util.concurrent.TimeoutException
	at java.util.concurrent.CompletableFuture.timedGet(CompletableFuture.java:1771)
	at java.util.concurrent.CompletableFuture.get(CompletableFuture.java:1915)
	at org.apache.ratis.util.IOUtils.getFromFuture(IOUtils.java:79)
	... 4 more
2019-09-11 07:12:56,289 [grpc-default-executor-1] INFO  client.GrpcClientProtocolClient (GrpcClientProtocolClient.java:onNext(264)) - client-65AAF9F256C4->92412348-7352-40be-aea2-771c347789e7: receive RaftClientReply:client-65AAF9F256C4->92412348-7352-40be-aea2-771c347789e7@group-D3816A677CDA, cid=143, FAILED org.apache.ratis.protocol.NotLeaderException: Server 92412348-7352-40be-aea2-771c347789e7@group-D3816A677CDA is not the leader cfc25efc-54ed-4d3e-b2b6-13ccffc6d6ca:192.168.5.143:42744, logIndex=0, commits[92412348-7352-40be-aea2-771c347789e7:c11, 76c4c990-655f-4900-b966-affd0bc7639c:c7, cfc25efc-54ed-4d3e-b2b6-13ccffc6d6ca:c11]
2019-09-11 07:12:56,704 [java.util.concurrent.ThreadPoolExecutor$Worker@41115d6f[State = -1, empty queue]] WARN  server.GrpcLogAppender (GrpcLogAppender.java:timeoutAppendRequest(200)) - cfc25efc-54ed-4d3e-b2b6-13ccffc6d6ca@group-D3816A677CDA->92412348-7352-40be-aea2-771c347789e7-GrpcLogAppender: appendEntries Timeout, request=cfc25efc-54ed-4d3e-b2b6-13ccffc6d6ca->92412348-7352-40be-aea2-771c347789e7#93-t1, previous=(t:1, i:17), leaderCommit=11, initializing? false, entries: <empty>
2019-09-11 07:12:56,704 [java.util.concurrent.ThreadPoolExecutor$Worker@66a2441c[State = -1, empty queue]] WARN  server.GrpcLogAppender (GrpcLogAppender.java:timeoutAppendRequest(200)) - cfc25efc-54ed-4d3e-b2b6-13ccffc6d6ca@group-D3816A677CDA->76c4c990-655f-4900-b966-affd0bc7639c-GrpcLogAppender: appendEntries Timeout, request=cfc25efc-54ed-4d3e-b2b6-13ccffc6d6ca->76c4c990-655f-4900-b966-affd0bc7639c#93-t1, previous=(t:1, i:17), leaderCommit=11, initializing? false, entries: <empty>
2019-09-11 07:12:57,190 [grpc-default-executor-1] INFO  impl.RaftServerProxy (RaftServerProxy.java:remove(95)) - dd774419-39ed-4d90-9a0e-7a7d67fca22a: remove group-44CFF2683379:null
2019-09-11 07:12:57,194 [RatisPipelineUtilsThread] WARN  pipeline.RatisPipelineUtils (RatisPipelineUtils.java:destroyPipeline(66)) - Pipeline destroy failed for pipeline=PipelineID=23ab43d6-1d95-4eb5-a8fc-44cff2683379 dn=dd774419-39ed-4d90-9a0e-7a7d67fca22a{ip: 192.168.5.143, host: pr-hdds-1786-trunk-klbfp-3319181915, networkLocation: /default-rack, certSerialId: null}
2019-09-11 07:12:57,198 [grpc-default-executor-1] INFO  impl.RaftServerProxy (RaftServerProxy.java:remove(95)) - b48366ef-6f68-46c9-99e7-9871be9f97bc: remove group-44CFF2683379:null
2019-09-11 07:12:57,200 [RatisPipelineUtilsThread] WARN  pipeline.RatisPipelineUtils (RatisPipelineUtils.java:destroyPipeline(66)) - Pipeline destroy failed for pipeline=PipelineID=23ab43d6-1d95-4eb5-a8fc-44cff2683379 dn=b48366ef-6f68-46c9-99e7-9871be9f97bc{ip: 192.168.5.143, host: pr-hdds-1786-trunk-klbfp-3319181915, networkLocation: /default-rack, certSerialId: null}
2019-09-11 07:12:57,203 [grpc-default-executor-1] INFO  impl.RaftServerProxy (RaftServerProxy.java:remove(95)) - 094d95bb-124f-4491-a67a-8d0b5b434983: remove group-44CFF2683379:null
2019-09-11 07:12:57,205 [RatisPipelineUtilsThread] WARN  pipeline.RatisPipelineUtils (RatisPipelineUtils.java:destroyPipeline(66)) - Pipeline destroy failed for pipeline=PipelineID=23ab43d6-1d95-4eb5-a8fc-44cff2683379 dn=094d95bb-124f-4491-a67a-8d0b5b434983{ip: 192.168.5.143, host: pr-hdds-1786-trunk-klbfp-3319181915, networkLocation: /default-rack, certSerialId: null}
2019-09-11 07:12:57,205 [RatisPipelineUtilsThread] ERROR pipeline.SCMPipelineManager (Scheduler.java:lambda$schedule$1(70)) - Destroy pipeline failed for pipeline:Pipeline[ Id: 23ab43d6-1d95-4eb5-a8fc-44cff2683379, Nodes: dd774419-39ed-4d90-9a0e-7a7d67fca22a{ip: 192.168.5.143, host: pr-hdds-1786-trunk-klbfp-3319181915, networkLocation: /default-rack, certSerialId: null}b48366ef-6f68-46c9-99e7-9871be9f97bc{ip: 192.168.5.143, host: pr-hdds-1786-trunk-klbfp-3319181915, networkLocation: /default-rack, certSerialId: null}094d95bb-124f-4491-a67a-8d0b5b434983{ip: 192.168.5.143, host: pr-hdds-1786-trunk-klbfp-3319181915, networkLocation: /default-rack, certSerialId: null}, Type:RATIS, Factor:THREE, State:CLOSED]
org.apache.hadoop.hdds.scm.pipeline.PipelineNotFoundException: PipelineID=23ab43d6-1d95-4eb5-a8fc-44cff2683379 not found
	at org.apache.hadoop.hdds.scm.pipeline.PipelineStateMap.getPipeline(PipelineStateMap.java:132)
	at org.apache.hadoop.hdds.scm.pipeline.PipelineStateMap.removePipeline(PipelineStateMap.java:322)
	at org.apache.hadoop.hdds.scm.pipeline.PipelineStateManager.removePipeline(PipelineStateManager.java:107)
	at org.apache.hadoop.hdds.scm.pipeline.SCMPipelineManager.removePipeline(SCMPipelineManager.java:423)
	at org.apache.hadoop.hdds.scm.pipeline.SCMPipelineManager.destroyPipeline(SCMPipelineManager.java:409)
	at org.apache.hadoop.hdds.scm.pipeline.SCMPipelineManager.lambda$finalizeAndDestroyPipeline$0(SCMPipelineManager.java:318)
	at org.apache.hadoop.utils.Scheduler.lambda$schedule$1(Scheduler.java:68)
	at java.util.concurrent.Executors$RunnableAdapter.call(Executors.java:511)
	at java.util.concurrent.FutureTask.run(FutureTask.java:266)
	at java.util.concurrent.ScheduledThreadPoolExecutor$ScheduledFutureTask.access$201(ScheduledThreadPoolExecutor.java:180)
	at java.util.concurrent.ScheduledThreadPoolExecutor$ScheduledFutureTask.run(ScheduledThreadPoolExecutor.java:293)
	at java.util.concurrent.ThreadPoolExecutor.runWorker(ThreadPoolExecutor.java:1149)
	at java.util.concurrent.ThreadPoolExecutor$Worker.run(ThreadPoolExecutor.java:624)
	at java.lang.Thread.run(Thread.java:748)
2019-09-11 07:12:59,192 [grpc-default-executor-1] INFO  impl.RaftServerProxy (RaftServerProxy.java:remove(95)) - dd774419-39ed-4d90-9a0e-7a7d67fca22a: remove group-44CFF2683379:null
2019-09-11 07:12:59,196 [RatisPipelineUtilsThread] WARN  pipeline.RatisPipelineUtils (RatisPipelineUtils.java:destroyPipeline(66)) - Pipeline destroy failed for pipeline=PipelineID=23ab43d6-1d95-4eb5-a8fc-44cff2683379 dn=dd774419-39ed-4d90-9a0e-7a7d67fca22a{ip: 192.168.5.143, host: pr-hdds-1786-trunk-klbfp-3319181915, networkLocation: /default-rack, certSerialId: null}
2019-09-11 07:12:59,198 [grpc-default-executor-1] INFO  impl.RaftServerProxy (RaftServerProxy.java:remove(95)) - b48366ef-6f68-46c9-99e7-9871be9f97bc: remove group-44CFF2683379:null
2019-09-11 07:12:59,200 [RatisPipelineUtilsThread] WARN  pipeline.RatisPipelineUtils (RatisPipelineUtils.java:destroyPipeline(66)) - Pipeline destroy failed for pipeline=PipelineID=23ab43d6-1d95-4eb5-a8fc-44cff2683379 dn=b48366ef-6f68-46c9-99e7-9871be9f97bc{ip: 192.168.5.143, host: pr-hdds-1786-trunk-klbfp-3319181915, networkLocation: /default-rack, certSerialId: null}
2019-09-11 07:12:59,202 [grpc-default-executor-1] INFO  impl.RaftServerProxy (RaftServerProxy.java:remove(95)) - 094d95bb-124f-4491-a67a-8d0b5b434983: remove group-44CFF2683379:null
2019-09-11 07:12:59,204 [RatisPipelineUtilsThread] WARN  pipeline.RatisPipelineUtils (RatisPipelineUtils.java:destroyPipeline(66)) - Pipeline destroy failed for pipeline=PipelineID=23ab43d6-1d95-4eb5-a8fc-44cff2683379 dn=094d95bb-124f-4491-a67a-8d0b5b434983{ip: 192.168.5.143, host: pr-hdds-1786-trunk-klbfp-3319181915, networkLocation: /default-rack, certSerialId: null}
2019-09-11 07:12:59,204 [java.util.concurrent.ThreadPoolExecutor$Worker@66a2441c[State = -1, empty queue]] WARN  server.GrpcLogAppender (GrpcLogAppender.java:timeoutAppendRequest(200)) - cfc25efc-54ed-4d3e-b2b6-13ccffc6d6ca@group-D3816A677CDA->76c4c990-655f-4900-b966-affd0bc7639c-GrpcLogAppender: appendEntries Timeout, request=cfc25efc-54ed-4d3e-b2b6-13ccffc6d6ca->76c4c990-655f-4900-b966-affd0bc7639c#94-t1, previous=(t:1, i:17), leaderCommit=11, initializing? false, entries: <empty>
2019-09-11 07:12:59,204 [RatisPipelineUtilsThread] ERROR pipeline.SCMPipelineManager (Scheduler.java:lambda$schedule$1(70)) - Destroy pipeline failed for pipeline:Pipeline[ Id: 23ab43d6-1d95-4eb5-a8fc-44cff2683379, Nodes: dd774419-39ed-4d90-9a0e-7a7d67fca22a{ip: 192.168.5.143, host: pr-hdds-1786-trunk-klbfp-3319181915, networkLocation: /default-rack, certSerialId: null}b48366ef-6f68-46c9-99e7-9871be9f97bc{ip: 192.168.5.143, host: pr-hdds-1786-trunk-klbfp-3319181915, networkLocation: /default-rack, certSerialId: null}094d95bb-124f-4491-a67a-8d0b5b434983{ip: 192.168.5.143, host: pr-hdds-1786-trunk-klbfp-3319181915, networkLocation: /default-rack, certSerialId: null}, Type:RATIS, Factor:THREE, State:CLOSED]
org.apache.hadoop.hdds.scm.pipeline.PipelineNotFoundException: PipelineID=23ab43d6-1d95-4eb5-a8fc-44cff2683379 not found
	at org.apache.hadoop.hdds.scm.pipeline.PipelineStateMap.getPipeline(PipelineStateMap.java:132)
	at org.apache.hadoop.hdds.scm.pipeline.PipelineStateMap.removePipeline(PipelineStateMap.java:322)
	at org.apache.hadoop.hdds.scm.pipeline.PipelineStateManager.removePipeline(PipelineStateManager.java:107)
	at org.apache.hadoop.hdds.scm.pipeline.SCMPipelineManager.removePipeline(SCMPipelineManager.java:423)
	at org.apache.hadoop.hdds.scm.pipeline.SCMPipelineManager.destroyPipeline(SCMPipelineManager.java:409)
	at org.apache.hadoop.hdds.scm.pipeline.SCMPipelineManager.lambda$finalizeAndDestroyPipeline$0(SCMPipelineManager.java:318)
	at org.apache.hadoop.utils.Scheduler.lambda$schedule$1(Scheduler.java:68)
	at java.util.concurrent.Executors$RunnableAdapter.call(Executors.java:511)
	at java.util.concurrent.FutureTask.run(FutureTask.java:266)
	at java.util.concurrent.ScheduledThreadPoolExecutor$ScheduledFutureTask.access$201(ScheduledThreadPoolExecutor.java:180)
	at java.util.concurrent.ScheduledThreadPoolExecutor$ScheduledFutureTask.run(ScheduledThreadPoolExecutor.java:293)
	at java.util.concurrent.ThreadPoolExecutor.runWorker(ThreadPoolExecutor.java:1149)
	at java.util.concurrent.ThreadPoolExecutor$Worker.run(ThreadPoolExecutor.java:624)
	at java.lang.Thread.run(Thread.java:748)
2019-09-11 07:12:59,204 [java.util.concurrent.ThreadPoolExecutor$Worker@41115d6f[State = -1, empty queue]] WARN  server.GrpcLogAppender (GrpcLogAppender.java:timeoutAppendRequest(200)) - cfc25efc-54ed-4d3e-b2b6-13ccffc6d6ca@group-D3816A677CDA->92412348-7352-40be-aea2-771c347789e7-GrpcLogAppender: appendEntries Timeout, request=cfc25efc-54ed-4d3e-b2b6-13ccffc6d6ca->92412348-7352-40be-aea2-771c347789e7#94-t1, previous=(t:1, i:17), leaderCommit=11, initializing? false, entries: <empty>
2019-09-11 07:13:01,334 [grpc-default-executor-1] INFO  client.GrpcClientProtocolClient (GrpcClientProtocolClient.java:onNext(264)) - client-65AAF9F256C4->76c4c990-655f-4900-b966-affd0bc7639c: receive RaftClientReply:client-65AAF9F256C4->76c4c990-655f-4900-b966-affd0bc7639c@group-D3816A677CDA, cid=143, FAILED org.apache.ratis.protocol.NotLeaderException: Server 76c4c990-655f-4900-b966-affd0bc7639c@group-D3816A677CDA is not the leader cfc25efc-54ed-4d3e-b2b6-13ccffc6d6ca:192.168.5.143:42744, logIndex=0, commits[76c4c990-655f-4900-b966-affd0bc7639c:c11, cfc25efc-54ed-4d3e-b2b6-13ccffc6d6ca:c11, 92412348-7352-40be-aea2-771c347789e7:c7]
2019-09-11 07:13:01,349 [grpc-default-executor-8] WARN  client.GrpcClientProtocolService (LogUtils.java:warn(134)) - 21-OrderedRequestStreamObserver21: onError: org.apache.ratis.thirdparty.io.grpc.StatusRuntimeException: CANCELLED: cancelled before receiving half close
2019-09-11 07:13:01,705 [java.util.concurrent.ThreadPoolExecutor$Worker@66a2441c[State = -1, empty queue]] WARN  server.GrpcLogAppender (GrpcLogAppender.java:timeoutAppendRequest(200)) - cfc25efc-54ed-4d3e-b2b6-13ccffc6d6ca@group-D3816A677CDA->76c4c990-655f-4900-b966-affd0bc7639c-GrpcLogAppender: appendEntries Timeout, request=cfc25efc-54ed-4d3e-b2b6-13ccffc6d6ca->76c4c990-655f-4900-b966-affd0bc7639c#95-t1, previous=(t:1, i:17), leaderCommit=11, initializing? false, entries: <empty>
2019-09-11 07:13:01,705 [java.util.concurrent.ThreadPoolExecutor$Worker@41115d6f[State = -1, empty queue]] WARN  server.GrpcLogAppender (GrpcLogAppender.java:timeoutAppendRequest(200)) - cfc25efc-54ed-4d3e-b2b6-13ccffc6d6ca@group-D3816A677CDA->92412348-7352-40be-aea2-771c347789e7-GrpcLogAppender: appendEntries Timeout, request=cfc25efc-54ed-4d3e-b2b6-13ccffc6d6ca->92412348-7352-40be-aea2-771c347789e7#95-t1, previous=(t:1, i:17), leaderCommit=11, initializing? false, entries: <empty>
2019-09-11 07:13:02,187 [grpc-default-executor-8] INFO  impl.RaftServerProxy (RaftServerProxy.java:remove(95)) - dd774419-39ed-4d90-9a0e-7a7d67fca22a: remove group-44CFF2683379:null
2019-09-11 07:13:02,190 [RatisPipelineUtilsThread] WARN  pipeline.RatisPipelineUtils (RatisPipelineUtils.java:destroyPipeline(66)) - Pipeline destroy failed for pipeline=PipelineID=23ab43d6-1d95-4eb5-a8fc-44cff2683379 dn=dd774419-39ed-4d90-9a0e-7a7d67fca22a{ip: 192.168.5.143, host: pr-hdds-1786-trunk-klbfp-3319181915, networkLocation: /default-rack, certSerialId: null}
2019-09-11 07:13:02,192 [grpc-default-executor-8] INFO  impl.RaftServerProxy (RaftServerProxy.java:remove(95)) - b48366ef-6f68-46c9-99e7-9871be9f97bc: remove group-44CFF2683379:null
2019-09-11 07:13:02,194 [RatisPipelineUtilsThread] WARN  pipeline.RatisPipelineUtils (RatisPipelineUtils.java:destroyPipeline(66)) - Pipeline destroy failed for pipeline=PipelineID=23ab43d6-1d95-4eb5-a8fc-44cff2683379 dn=b48366ef-6f68-46c9-99e7-9871be9f97bc{ip: 192.168.5.143, host: pr-hdds-1786-trunk-klbfp-3319181915, networkLocation: /default-rack, certSerialId: null}
2019-09-11 07:13:02,196 [grpc-default-executor-8] INFO  impl.RaftServerProxy (RaftServerProxy.java:remove(95)) - 094d95bb-124f-4491-a67a-8d0b5b434983: remove group-44CFF2683379:null
2019-09-11 07:13:02,198 [RatisPipelineUtilsThread] WARN  pipeline.RatisPipelineUtils (RatisPipelineUtils.java:destroyPipeline(66)) - Pipeline destroy failed for pipeline=PipelineID=23ab43d6-1d95-4eb5-a8fc-44cff2683379 dn=094d95bb-124f-4491-a67a-8d0b5b434983{ip: 192.168.5.143, host: pr-hdds-1786-trunk-klbfp-3319181915, networkLocation: /default-rack, certSerialId: null}
2019-09-11 07:13:02,198 [RatisPipelineUtilsThread] ERROR pipeline.SCMPipelineManager (Scheduler.java:lambda$schedule$1(70)) - Destroy pipeline failed for pipeline:Pipeline[ Id: 23ab43d6-1d95-4eb5-a8fc-44cff2683379, Nodes: dd774419-39ed-4d90-9a0e-7a7d67fca22a{ip: 192.168.5.143, host: pr-hdds-1786-trunk-klbfp-3319181915, networkLocation: /default-rack, certSerialId: null}b48366ef-6f68-46c9-99e7-9871be9f97bc{ip: 192.168.5.143, host: pr-hdds-1786-trunk-klbfp-3319181915, networkLocation: /default-rack, certSerialId: null}094d95bb-124f-4491-a67a-8d0b5b434983{ip: 192.168.5.143, host: pr-hdds-1786-trunk-klbfp-3319181915, networkLocation: /default-rack, certSerialId: null}, Type:RATIS, Factor:THREE, State:CLOSED]
org.apache.hadoop.hdds.scm.pipeline.PipelineNotFoundException: PipelineID=23ab43d6-1d95-4eb5-a8fc-44cff2683379 not found
	at org.apache.hadoop.hdds.scm.pipeline.PipelineStateMap.getPipeline(PipelineStateMap.java:132)
	at org.apache.hadoop.hdds.scm.pipeline.PipelineStateMap.removePipeline(PipelineStateMap.java:322)
	at org.apache.hadoop.hdds.scm.pipeline.PipelineStateManager.removePipeline(PipelineStateManager.java:107)
	at org.apache.hadoop.hdds.scm.pipeline.SCMPipelineManager.removePipeline(SCMPipelineManager.java:423)
	at org.apache.hadoop.hdds.scm.pipeline.SCMPipelineManager.destroyPipeline(SCMPipelineManager.java:409)
	at org.apache.hadoop.hdds.scm.pipeline.SCMPipelineManager.lambda$finalizeAndDestroyPipeline$0(SCMPipelineManager.java:318)
	at org.apache.hadoop.utils.Scheduler.lambda$schedule$1(Scheduler.java:68)
	at java.util.concurrent.Executors$RunnableAdapter.call(Executors.java:511)
	at java.util.concurrent.FutureTask.run(FutureTask.java:266)
	at java.util.concurrent.ScheduledThreadPoolExecutor$ScheduledFutureTask.access$201(ScheduledThreadPoolExecutor.java:180)
	at java.util.concurrent.ScheduledThreadPoolExecutor$ScheduledFutureTask.run(ScheduledThreadPoolExecutor.java:293)
	at java.util.concurrent.ThreadPoolExecutor.runWorker(ThreadPoolExecutor.java:1149)
	at java.util.concurrent.ThreadPoolExecutor$Worker.run(ThreadPoolExecutor.java:624)
	at java.lang.Thread.run(Thread.java:748)
2019-09-11 07:13:04,194 [grpc-default-executor-1] INFO  impl.RaftServerProxy (RaftServerProxy.java:remove(95)) - dd774419-39ed-4d90-9a0e-7a7d67fca22a: remove group-44CFF2683379:null
2019-09-11 07:13:04,198 [RatisPipelineUtilsThread] WARN  pipeline.RatisPipelineUtils (RatisPipelineUtils.java:destroyPipeline(66)) - Pipeline destroy failed for pipeline=PipelineID=23ab43d6-1d95-4eb5-a8fc-44cff2683379 dn=dd774419-39ed-4d90-9a0e-7a7d67fca22a{ip: 192.168.5.143, host: pr-hdds-1786-trunk-klbfp-3319181915, networkLocation: /default-rack, certSerialId: null}
2019-09-11 07:13:04,201 [grpc-default-executor-1] INFO  impl.RaftServerProxy (RaftServerProxy.java:remove(95)) - b48366ef-6f68-46c9-99e7-9871be9f97bc: remove group-44CFF2683379:null
2019-09-11 07:13:04,203 [RatisPipelineUtilsThread] WARN  pipeline.RatisPipelineUtils (RatisPipelineUtils.java:destroyPipeline(66)) - Pipeline destroy failed for pipeline=PipelineID=23ab43d6-1d95-4eb5-a8fc-44cff2683379 dn=b48366ef-6f68-46c9-99e7-9871be9f97bc{ip: 192.168.5.143, host: pr-hdds-1786-trunk-klbfp-3319181915, networkLocation: /default-rack, certSerialId: null}
2019-09-11 07:13:04,205 [java.util.concurrent.ThreadPoolExecutor$Worker@41115d6f[State = -1, empty queue]] WARN  server.GrpcLogAppender (GrpcLogAppender.java:timeoutAppendRequest(200)) - cfc25efc-54ed-4d3e-b2b6-13ccffc6d6ca@group-D3816A677CDA->92412348-7352-40be-aea2-771c347789e7-GrpcLogAppender: appendEntries Timeout, request=cfc25efc-54ed-4d3e-b2b6-13ccffc6d6ca->92412348-7352-40be-aea2-771c347789e7#96-t1, previous=(t:1, i:17), leaderCommit=11, initializing? false, entries: <empty>
2019-09-11 07:13:04,205 [java.util.concurrent.ThreadPoolExecutor$Worker@66a2441c[State = -1, empty queue]] WARN  server.GrpcLogAppender (GrpcLogAppender.java:timeoutAppendRequest(200)) - cfc25efc-54ed-4d3e-b2b6-13ccffc6d6ca@group-D3816A677CDA->76c4c990-655f-4900-b966-affd0bc7639c-GrpcLogAppender: appendEntries Timeout, request=cfc25efc-54ed-4d3e-b2b6-13ccffc6d6ca->76c4c990-655f-4900-b966-affd0bc7639c#96-t1, previous=(t:1, i:17), leaderCommit=11, initializing? false, entries: <empty>
2019-09-11 07:13:04,206 [grpc-default-executor-1] INFO  impl.RaftServerProxy (RaftServerProxy.java:remove(95)) - 094d95bb-124f-4491-a67a-8d0b5b434983: remove group-44CFF2683379:null
2019-09-11 07:13:04,208 [RatisPipelineUtilsThread] WARN  pipeline.RatisPipelineUtils (RatisPipelineUtils.java:destroyPipeline(66)) - Pipeline destroy failed for pipeline=PipelineID=23ab43d6-1d95-4eb5-a8fc-44cff2683379 dn=094d95bb-124f-4491-a67a-8d0b5b434983{ip: 192.168.5.143, host: pr-hdds-1786-trunk-klbfp-3319181915, networkLocation: /default-rack, certSerialId: null}
2019-09-11 07:13:04,216 [RatisPipelineUtilsThread] ERROR pipeline.SCMPipelineManager (Scheduler.java:lambda$schedule$1(70)) - Destroy pipeline failed for pipeline:Pipeline[ Id: 23ab43d6-1d95-4eb5-a8fc-44cff2683379, Nodes: dd774419-39ed-4d90-9a0e-7a7d67fca22a{ip: 192.168.5.143, host: pr-hdds-1786-trunk-klbfp-3319181915, networkLocation: /default-rack, certSerialId: null}b48366ef-6f68-46c9-99e7-9871be9f97bc{ip: 192.168.5.143, host: pr-hdds-1786-trunk-klbfp-3319181915, networkLocation: /default-rack, certSerialId: null}094d95bb-124f-4491-a67a-8d0b5b434983{ip: 192.168.5.143, host: pr-hdds-1786-trunk-klbfp-3319181915, networkLocation: /default-rack, certSerialId: null}, Type:RATIS, Factor:THREE, State:CLOSED]
org.apache.hadoop.hdds.scm.pipeline.PipelineNotFoundException: PipelineID=23ab43d6-1d95-4eb5-a8fc-44cff2683379 not found
	at org.apache.hadoop.hdds.scm.pipeline.PipelineStateMap.getPipeline(PipelineStateMap.java:132)
	at org.apache.hadoop.hdds.scm.pipeline.PipelineStateMap.removePipeline(PipelineStateMap.java:322)
	at org.apache.hadoop.hdds.scm.pipeline.PipelineStateManager.removePipeline(PipelineStateManager.java:107)
	at org.apache.hadoop.hdds.scm.pipeline.SCMPipelineManager.removePipeline(SCMPipelineManager.java:423)
	at org.apache.hadoop.hdds.scm.pipeline.SCMPipelineManager.destroyPipeline(SCMPipelineManager.java:409)
	at org.apache.hadoop.hdds.scm.pipeline.SCMPipelineManager.lambda$finalizeAndDestroyPipeline$0(SCMPipelineManager.java:318)
	at org.apache.hadoop.utils.Scheduler.lambda$schedule$1(Scheduler.java:68)
	at java.util.concurrent.Executors$RunnableAdapter.call(Executors.java:511)
	at java.util.concurrent.FutureTask.run(FutureTask.java:266)
	at java.util.concurrent.ScheduledThreadPoolExecutor$ScheduledFutureTask.access$201(ScheduledThreadPoolExecutor.java:180)
	at java.util.concurrent.ScheduledThreadPoolExecutor$ScheduledFutureTask.run(ScheduledThreadPoolExecutor.java:293)
	at java.util.concurrent.ThreadPoolExecutor.runWorker(ThreadPoolExecutor.java:1149)
	at java.util.concurrent.ThreadPoolExecutor$Worker.run(ThreadPoolExecutor.java:624)
	at java.lang.Thread.run(Thread.java:748)
2019-09-11 07:13:06,202 [cfc25efc-54ed-4d3e-b2b6-13ccffc6d6ca@group-D3816A677CDA-SegmentedRaftLogWorker] WARN  segmented.SegmentedRaftLogWorker (SegmentedRaftLogWorker.java:getFromFuture(90)) - Timeout 1/~
org.apache.ratis.protocol.TimeoutIOException: Timeout 10s: WriteLog:12: (t:1, i:12), STATEMACHINELOGENTRY, client-65AAF9F256C4, cid=143-writeStateMachineData
	at org.apache.ratis.util.IOUtils.getFromFuture(IOUtils.java:87)
	at org.apache.ratis.server.raftlog.segmented.SegmentedRaftLogWorker$StateMachineDataPolicy.getFromFuture(SegmentedRaftLogWorker.java:87)
	at org.apache.ratis.server.raftlog.segmented.SegmentedRaftLogWorker$WriteLog.execute(SegmentedRaftLogWorker.java:477)
	at org.apache.ratis.server.raftlog.segmented.SegmentedRaftLogWorker.run(SegmentedRaftLogWorker.java:289)
	at java.lang.Thread.run(Thread.java:748)
Caused by: java.util.concurrent.TimeoutException
	at java.util.concurrent.CompletableFuture.timedGet(CompletableFuture.java:1771)
	at java.util.concurrent.CompletableFuture.get(CompletableFuture.java:1915)
	at org.apache.ratis.util.IOUtils.getFromFuture(IOUtils.java:79)
	... 4 more
2019-09-11 07:13:06,202 [92412348-7352-40be-aea2-771c347789e7@group-D3816A677CDA-SegmentedRaftLogWorker] WARN  segmented.SegmentedRaftLogWorker (SegmentedRaftLogWorker.java:getFromFuture(90)) - Timeout 1/~
org.apache.ratis.protocol.TimeoutIOException: Timeout 10s: WriteLog:12: (t:1, i:12), STATEMACHINELOGENTRY, client-65AAF9F256C4, cid=143-writeStateMachineData
	at org.apache.ratis.util.IOUtils.getFromFuture(IOUtils.java:87)
	at org.apache.ratis.server.raftlog.segmented.SegmentedRaftLogWorker$StateMachineDataPolicy.getFromFuture(SegmentedRaftLogWorker.java:87)
	at org.apache.ratis.server.raftlog.segmented.SegmentedRaftLogWorker$WriteLog.execute(SegmentedRaftLogWorker.java:477)
	at org.apache.ratis.server.raftlog.segmented.SegmentedRaftLogWorker.run(SegmentedRaftLogWorker.java:289)
	at java.lang.Thread.run(Thread.java:748)
Caused by: java.util.concurrent.TimeoutException
	at java.util.concurrent.CompletableFuture.timedGet(CompletableFuture.java:1771)
	at java.util.concurrent.CompletableFuture.get(CompletableFuture.java:1915)
	at org.apache.ratis.util.IOUtils.getFromFuture(IOUtils.java:79)
	... 4 more
2019-09-11 07:13:06,202 [76c4c990-655f-4900-b966-affd0bc7639c@group-D3816A677CDA-SegmentedRaftLogWorker] WARN  segmented.SegmentedRaftLogWorker (SegmentedRaftLogWorker.java:getFromFuture(90)) - Timeout 1/~
org.apache.ratis.protocol.TimeoutIOException: Timeout 10s: WriteLog:12: (t:1, i:12), STATEMACHINELOGENTRY, client-65AAF9F256C4, cid=143-writeStateMachineData
	at org.apache.ratis.util.IOUtils.getFromFuture(IOUtils.java:87)
	at org.apache.ratis.server.raftlog.segmented.SegmentedRaftLogWorker$StateMachineDataPolicy.getFromFuture(SegmentedRaftLogWorker.java:87)
	at org.apache.ratis.server.raftlog.segmented.SegmentedRaftLogWorker$WriteLog.execute(SegmentedRaftLogWorker.java:477)
	at org.apache.ratis.server.raftlog.segmented.SegmentedRaftLogWorker.run(SegmentedRaftLogWorker.java:289)
	at java.lang.Thread.run(Thread.java:748)
Caused by: java.util.concurrent.TimeoutException
	at java.util.concurrent.CompletableFuture.timedGet(CompletableFuture.java:1771)
	at java.util.concurrent.CompletableFuture.get(CompletableFuture.java:1915)
	at org.apache.ratis.util.IOUtils.getFromFuture(IOUtils.java:79)
	... 4 more
2019-09-11 07:13:06,365 [grpc-default-executor-8] INFO  client.GrpcClientProtocolClient (GrpcClientProtocolClient.java:onNext(264)) - client-65AAF9F256C4->92412348-7352-40be-aea2-771c347789e7: receive RaftClientReply:client-65AAF9F256C4->92412348-7352-40be-aea2-771c347789e7@group-D3816A677CDA, cid=143, FAILED org.apache.ratis.protocol.NotLeaderException: Server 92412348-7352-40be-aea2-771c347789e7@group-D3816A677CDA is not the leader cfc25efc-54ed-4d3e-b2b6-13ccffc6d6ca:192.168.5.143:42744, logIndex=0, commits[92412348-7352-40be-aea2-771c347789e7:c11, 76c4c990-655f-4900-b966-affd0bc7639c:c7, cfc25efc-54ed-4d3e-b2b6-13ccffc6d6ca:c11]
2019-09-11 07:13:06,705 [java.util.concurrent.ThreadPoolExecutor$Worker@66a2441c[State = -1, empty queue]] WARN  server.GrpcLogAppender (GrpcLogAppender.java:timeoutAppendRequest(200)) - cfc25efc-54ed-4d3e-b2b6-13ccffc6d6ca@group-D3816A677CDA->76c4c990-655f-4900-b966-affd0bc7639c-GrpcLogAppender: appendEntries Timeout, request=cfc25efc-54ed-4d3e-b2b6-13ccffc6d6ca->76c4c990-655f-4900-b966-affd0bc7639c#97-t1, previous=(t:1, i:17), leaderCommit=11, initializing? false, entries: <empty>
2019-09-11 07:13:06,705 [java.util.concurrent.ThreadPoolExecutor$Worker@41115d6f[State = -1, empty queue]] WARN  server.GrpcLogAppender (GrpcLogAppender.java:timeoutAppendRequest(200)) - cfc25efc-54ed-4d3e-b2b6-13ccffc6d6ca@group-D3816A677CDA->92412348-7352-40be-aea2-771c347789e7-GrpcLogAppender: appendEntries Timeout, request=cfc25efc-54ed-4d3e-b2b6-13ccffc6d6ca->92412348-7352-40be-aea2-771c347789e7#97-t1, previous=(t:1, i:17), leaderCommit=11, initializing? false, entries: <empty>
2019-09-11 07:13:07,188 [grpc-default-executor-1] INFO  impl.RaftServerProxy (RaftServerProxy.java:remove(95)) - dd774419-39ed-4d90-9a0e-7a7d67fca22a: remove group-44CFF2683379:null
2019-09-11 07:13:07,192 [RatisPipelineUtilsThread] WARN  pipeline.RatisPipelineUtils (RatisPipelineUtils.java:destroyPipeline(66)) - Pipeline destroy failed for pipeline=PipelineID=23ab43d6-1d95-4eb5-a8fc-44cff2683379 dn=dd774419-39ed-4d90-9a0e-7a7d67fca22a{ip: 192.168.5.143, host: pr-hdds-1786-trunk-klbfp-3319181915, networkLocation: /default-rack, certSerialId: null}
2019-09-11 07:13:07,193 [grpc-default-executor-1] INFO  impl.RaftServerProxy (RaftServerProxy.java:remove(95)) - b48366ef-6f68-46c9-99e7-9871be9f97bc: remove group-44CFF2683379:null
2019-09-11 07:13:07,195 [RatisPipelineUtilsThread] WARN  pipeline.RatisPipelineUtils (RatisPipelineUtils.java:destroyPipeline(66)) - Pipeline destroy failed for pipeline=PipelineID=23ab43d6-1d95-4eb5-a8fc-44cff2683379 dn=b48366ef-6f68-46c9-99e7-9871be9f97bc{ip: 192.168.5.143, host: pr-hdds-1786-trunk-klbfp-3319181915, networkLocation: /default-rack, certSerialId: null}
2019-09-11 07:13:07,196 [grpc-default-executor-1] INFO  impl.RaftServerProxy (RaftServerProxy.java:remove(95)) - 094d95bb-124f-4491-a67a-8d0b5b434983: remove group-44CFF2683379:null
2019-09-11 07:13:07,198 [RatisPipelineUtilsThread] WARN  pipeline.RatisPipelineUtils (RatisPipelineUtils.java:destroyPipeline(66)) - Pipeline destroy failed for pipeline=PipelineID=23ab43d6-1d95-4eb5-a8fc-44cff2683379 dn=094d95bb-124f-4491-a67a-8d0b5b434983{ip: 192.168.5.143, host: pr-hdds-1786-trunk-klbfp-3319181915, networkLocation: /default-rack, certSerialId: null}
2019-09-11 07:13:07,198 [RatisPipelineUtilsThread] ERROR pipeline.SCMPipelineManager (Scheduler.java:lambda$schedule$1(70)) - Destroy pipeline failed for pipeline:Pipeline[ Id: 23ab43d6-1d95-4eb5-a8fc-44cff2683379, Nodes: dd774419-39ed-4d90-9a0e-7a7d67fca22a{ip: 192.168.5.143, host: pr-hdds-1786-trunk-klbfp-3319181915, networkLocation: /default-rack, certSerialId: null}b48366ef-6f68-46c9-99e7-9871be9f97bc{ip: 192.168.5.143, host: pr-hdds-1786-trunk-klbfp-3319181915, networkLocation: /default-rack, certSerialId: null}094d95bb-124f-4491-a67a-8d0b5b434983{ip: 192.168.5.143, host: pr-hdds-1786-trunk-klbfp-3319181915, networkLocation: /default-rack, certSerialId: null}, Type:RATIS, Factor:THREE, State:CLOSED]
org.apache.hadoop.hdds.scm.pipeline.PipelineNotFoundException: PipelineID=23ab43d6-1d95-4eb5-a8fc-44cff2683379 not found
	at org.apache.hadoop.hdds.scm.pipeline.PipelineStateMap.getPipeline(PipelineStateMap.java:132)
	at org.apache.hadoop.hdds.scm.pipeline.PipelineStateMap.removePipeline(PipelineStateMap.java:322)
	at org.apache.hadoop.hdds.scm.pipeline.PipelineStateManager.removePipeline(PipelineStateManager.java:107)
	at org.apache.hadoop.hdds.scm.pipeline.SCMPipelineManager.removePipeline(SCMPipelineManager.java:423)
	at org.apache.hadoop.hdds.scm.pipeline.SCMPipelineManager.destroyPipeline(SCMPipelineManager.java:409)
	at org.apache.hadoop.hdds.scm.pipeline.SCMPipelineManager.lambda$finalizeAndDestroyPipeline$0(SCMPipelineManager.java:318)
	at org.apache.hadoop.utils.Scheduler.lambda$schedule$1(Scheduler.java:68)
	at java.util.concurrent.Executors$RunnableAdapter.call(Executors.java:511)
	at java.util.concurrent.FutureTask.run(FutureTask.java:266)
	at java.util.concurrent.ScheduledThreadPoolExecutor$ScheduledFutureTask.access$201(ScheduledThreadPoolExecutor.java:180)
	at java.util.concurrent.ScheduledThreadPoolExecutor$ScheduledFutureTask.run(ScheduledThreadPoolExecutor.java:293)
	at java.util.concurrent.ThreadPoolExecutor.runWorker(ThreadPoolExecutor.java:1149)
	at java.util.concurrent.ThreadPoolExecutor$Worker.run(ThreadPoolExecutor.java:624)
	at java.lang.Thread.run(Thread.java:748)
2019-09-11 07:13:09,189 [grpc-default-executor-8] INFO  impl.RaftServerProxy (RaftServerProxy.java:remove(95)) - dd774419-39ed-4d90-9a0e-7a7d67fca22a: remove group-44CFF2683379:null
2019-09-11 07:13:09,191 [RatisPipelineUtilsThread] WARN  pipeline.RatisPipelineUtils (RatisPipelineUtils.java:destroyPipeline(66)) - Pipeline destroy failed for pipeline=PipelineID=23ab43d6-1d95-4eb5-a8fc-44cff2683379 dn=dd774419-39ed-4d90-9a0e-7a7d67fca22a{ip: 192.168.5.143, host: pr-hdds-1786-trunk-klbfp-3319181915, networkLocation: /default-rack, certSerialId: null}
2019-09-11 07:13:09,193 [grpc-default-executor-8] INFO  impl.RaftServerProxy (RaftServerProxy.java:remove(95)) - b48366ef-6f68-46c9-99e7-9871be9f97bc: remove group-44CFF2683379:null
2019-09-11 07:13:09,195 [RatisPipelineUtilsThread] WARN  pipeline.RatisPipelineUtils (RatisPipelineUtils.java:destroyPipeline(66)) - Pipeline destroy failed for pipeline=PipelineID=23ab43d6-1d95-4eb5-a8fc-44cff2683379 dn=b48366ef-6f68-46c9-99e7-9871be9f97bc{ip: 192.168.5.143, host: pr-hdds-1786-trunk-klbfp-3319181915, networkLocation: /default-rack, certSerialId: null}
2019-09-11 07:13:09,196 [grpc-default-executor-8] INFO  impl.RaftServerProxy (RaftServerProxy.java:remove(95)) - 094d95bb-124f-4491-a67a-8d0b5b434983: remove group-44CFF2683379:null
2019-09-11 07:13:09,198 [RatisPipelineUtilsThread] WARN  pipeline.RatisPipelineUtils (RatisPipelineUtils.java:destroyPipeline(66)) - Pipeline destroy failed for pipeline=PipelineID=23ab43d6-1d95-4eb5-a8fc-44cff2683379 dn=094d95bb-124f-4491-a67a-8d0b5b434983{ip: 192.168.5.143, host: pr-hdds-1786-trunk-klbfp-3319181915, networkLocation: /default-rack, certSerialId: null}
2019-09-11 07:13:09,198 [RatisPipelineUtilsThread] ERROR pipeline.SCMPipelineManager (Scheduler.java:lambda$schedule$1(70)) - Destroy pipeline failed for pipeline:Pipeline[ Id: 23ab43d6-1d95-4eb5-a8fc-44cff2683379, Nodes: dd774419-39ed-4d90-9a0e-7a7d67fca22a{ip: 192.168.5.143, host: pr-hdds-1786-trunk-klbfp-3319181915, networkLocation: /default-rack, certSerialId: null}b48366ef-6f68-46c9-99e7-9871be9f97bc{ip: 192.168.5.143, host: pr-hdds-1786-trunk-klbfp-3319181915, networkLocation: /default-rack, certSerialId: null}094d95bb-124f-4491-a67a-8d0b5b434983{ip: 192.168.5.143, host: pr-hdds-1786-trunk-klbfp-3319181915, networkLocation: /default-rack, certSerialId: null}, Type:RATIS, Factor:THREE, State:CLOSED]
org.apache.hadoop.hdds.scm.pipeline.PipelineNotFoundException: PipelineID=23ab43d6-1d95-4eb5-a8fc-44cff2683379 not found
	at org.apache.hadoop.hdds.scm.pipeline.PipelineStateMap.getPipeline(PipelineStateMap.java:132)
	at org.apache.hadoop.hdds.scm.pipeline.PipelineStateMap.removePipeline(PipelineStateMap.java:322)
	at org.apache.hadoop.hdds.scm.pipeline.PipelineStateManager.removePipeline(PipelineStateManager.java:107)
	at org.apache.hadoop.hdds.scm.pipeline.SCMPipelineManager.removePipeline(SCMPipelineManager.java:423)
	at org.apache.hadoop.hdds.scm.pipeline.SCMPipelineManager.destroyPipeline(SCMPipelineManager.java:409)
	at org.apache.hadoop.hdds.scm.pipeline.SCMPipelineManager.lambda$finalizeAndDestroyPipeline$0(SCMPipelineManager.java:318)
	at org.apache.hadoop.utils.Scheduler.lambda$schedule$1(Scheduler.java:68)
	at java.util.concurrent.Executors$RunnableAdapter.call(Executors.java:511)
	at java.util.concurrent.FutureTask.run(FutureTask.java:266)
	at java.util.concurrent.ScheduledThreadPoolExecutor$ScheduledFutureTask.access$201(ScheduledThreadPoolExecutor.java:180)
	at java.util.concurrent.ScheduledThreadPoolExecutor$ScheduledFutureTask.run(ScheduledThreadPoolExecutor.java:293)
	at java.util.concurrent.ThreadPoolExecutor.runWorker(ThreadPoolExecutor.java:1149)
	at java.util.concurrent.ThreadPoolExecutor$Worker.run(ThreadPoolExecutor.java:624)
	at java.lang.Thread.run(Thread.java:748)
2019-09-11 07:13:09,206 [java.util.concurrent.ThreadPoolExecutor$Worker@66a2441c[State = -1, empty queue]] WARN  server.GrpcLogAppender (GrpcLogAppender.java:timeoutAppendRequest(200)) - cfc25efc-54ed-4d3e-b2b6-13ccffc6d6ca@group-D3816A677CDA->76c4c990-655f-4900-b966-affd0bc7639c-GrpcLogAppender: appendEntries Timeout, request=cfc25efc-54ed-4d3e-b2b6-13ccffc6d6ca->76c4c990-655f-4900-b966-affd0bc7639c#98-t1, previous=(t:1, i:17), leaderCommit=11, initializing? false, entries: <empty>
2019-09-11 07:13:09,206 [java.util.concurrent.ThreadPoolExecutor$Worker@41115d6f[State = -1, empty queue]] WARN  server.GrpcLogAppender (GrpcLogAppender.java:timeoutAppendRequest(200)) - cfc25efc-54ed-4d3e-b2b6-13ccffc6d6ca@group-D3816A677CDA->92412348-7352-40be-aea2-771c347789e7-GrpcLogAppender: appendEntries Timeout, request=cfc25efc-54ed-4d3e-b2b6-13ccffc6d6ca->92412348-7352-40be-aea2-771c347789e7#98-t1, previous=(t:1, i:17), leaderCommit=11, initializing? false, entries: <empty>
2019-09-11 07:13:11,419 [grpc-default-executor-8] INFO  client.GrpcClientProtocolClient (GrpcClientProtocolClient.java:onNext(264)) - client-65AAF9F256C4->76c4c990-655f-4900-b966-affd0bc7639c: receive RaftClientReply:client-65AAF9F256C4->76c4c990-655f-4900-b966-affd0bc7639c@group-D3816A677CDA, cid=143, FAILED org.apache.ratis.protocol.NotLeaderException: Server 76c4c990-655f-4900-b966-affd0bc7639c@group-D3816A677CDA is not the leader cfc25efc-54ed-4d3e-b2b6-13ccffc6d6ca:192.168.5.143:42744, logIndex=0, commits[76c4c990-655f-4900-b966-affd0bc7639c:c11, cfc25efc-54ed-4d3e-b2b6-13ccffc6d6ca:c11, 92412348-7352-40be-aea2-771c347789e7:c7]
2019-09-11 07:13:11,706 [java.util.concurrent.ThreadPoolExecutor$Worker@66a2441c[State = -1, empty queue]] WARN  server.GrpcLogAppender (GrpcLogAppender.java:timeoutAppendRequest(200)) - cfc25efc-54ed-4d3e-b2b6-13ccffc6d6ca@group-D3816A677CDA->76c4c990-655f-4900-b966-affd0bc7639c-GrpcLogAppender: appendEntries Timeout, request=cfc25efc-54ed-4d3e-b2b6-13ccffc6d6ca->76c4c990-655f-4900-b966-affd0bc7639c#99-t1, previous=(t:1, i:17), leaderCommit=11, initializing? false, entries: <empty>
2019-09-11 07:13:11,706 [java.util.concurrent.ThreadPoolExecutor$Worker@41115d6f[State = -1, empty queue]] WARN  server.GrpcLogAppender (GrpcLogAppender.java:timeoutAppendRequest(200)) - cfc25efc-54ed-4d3e-b2b6-13ccffc6d6ca@group-D3816A677CDA->92412348-7352-40be-aea2-771c347789e7-GrpcLogAppender: appendEntries Timeout, request=cfc25efc-54ed-4d3e-b2b6-13ccffc6d6ca->92412348-7352-40be-aea2-771c347789e7#99-t1, previous=(t:1, i:17), leaderCommit=11, initializing? false, entries: <empty>
2019-09-11 07:13:12,189 [grpc-default-executor-8] INFO  impl.RaftServerProxy (RaftServerProxy.java:remove(95)) - dd774419-39ed-4d90-9a0e-7a7d67fca22a: remove group-44CFF2683379:null
2019-09-11 07:13:12,192 [RatisPipelineUtilsThread] WARN  pipeline.RatisPipelineUtils (RatisPipelineUtils.java:destroyPipeline(66)) - Pipeline destroy failed for pipeline=PipelineID=23ab43d6-1d95-4eb5-a8fc-44cff2683379 dn=dd774419-39ed-4d90-9a0e-7a7d67fca22a{ip: 192.168.5.143, host: pr-hdds-1786-trunk-klbfp-3319181915, networkLocation: /default-rack, certSerialId: null}
2019-09-11 07:13:12,195 [grpc-default-executor-8] INFO  impl.RaftServerProxy (RaftServerProxy.java:remove(95)) - b48366ef-6f68-46c9-99e7-9871be9f97bc: remove group-44CFF2683379:null
2019-09-11 07:13:12,197 [RatisPipelineUtilsThread] WARN  pipeline.RatisPipelineUtils (RatisPipelineUtils.java:destroyPipeline(66)) - Pipeline destroy failed for pipeline=PipelineID=23ab43d6-1d95-4eb5-a8fc-44cff2683379 dn=b48366ef-6f68-46c9-99e7-9871be9f97bc{ip: 192.168.5.143, host: pr-hdds-1786-trunk-klbfp-3319181915, networkLocation: /default-rack, certSerialId: null}
2019-09-11 07:13:12,199 [grpc-default-executor-8] INFO  impl.RaftServerProxy (RaftServerProxy.java:remove(95)) - 094d95bb-124f-4491-a67a-8d0b5b434983: remove group-44CFF2683379:null
2019-09-11 07:13:12,201 [RatisPipelineUtilsThread] WARN  pipeline.RatisPipelineUtils (RatisPipelineUtils.java:destroyPipeline(66)) - Pipeline destroy failed for pipeline=PipelineID=23ab43d6-1d95-4eb5-a8fc-44cff2683379 dn=094d95bb-124f-4491-a67a-8d0b5b434983{ip: 192.168.5.143, host: pr-hdds-1786-trunk-klbfp-3319181915, networkLocation: /default-rack, certSerialId: null}
2019-09-11 07:13:12,201 [RatisPipelineUtilsThread] ERROR pipeline.SCMPipelineManager (Scheduler.java:lambda$schedule$1(70)) - Destroy pipeline failed for pipeline:Pipeline[ Id: 23ab43d6-1d95-4eb5-a8fc-44cff2683379, Nodes: dd774419-39ed-4d90-9a0e-7a7d67fca22a{ip: 192.168.5.143, host: pr-hdds-1786-trunk-klbfp-3319181915, networkLocation: /default-rack, certSerialId: null}b48366ef-6f68-46c9-99e7-9871be9f97bc{ip: 192.168.5.143, host: pr-hdds-1786-trunk-klbfp-3319181915, networkLocation: /default-rack, certSerialId: null}094d95bb-124f-4491-a67a-8d0b5b434983{ip: 192.168.5.143, host: pr-hdds-1786-trunk-klbfp-3319181915, networkLocation: /default-rack, certSerialId: null}, Type:RATIS, Factor:THREE, State:CLOSED]
org.apache.hadoop.hdds.scm.pipeline.PipelineNotFoundException: PipelineID=23ab43d6-1d95-4eb5-a8fc-44cff2683379 not found
	at org.apache.hadoop.hdds.scm.pipeline.PipelineStateMap.getPipeline(PipelineStateMap.java:132)
	at org.apache.hadoop.hdds.scm.pipeline.PipelineStateMap.removePipeline(PipelineStateMap.java:322)
	at org.apache.hadoop.hdds.scm.pipeline.PipelineStateManager.removePipeline(PipelineStateManager.java:107)
	at org.apache.hadoop.hdds.scm.pipeline.SCMPipelineManager.removePipeline(SCMPipelineManager.java:423)
	at org.apache.hadoop.hdds.scm.pipeline.SCMPipelineManager.destroyPipeline(SCMPipelineManager.java:409)
	at org.apache.hadoop.hdds.scm.pipeline.SCMPipelineManager.lambda$finalizeAndDestroyPipeline$0(SCMPipelineManager.java:318)
	at org.apache.hadoop.utils.Scheduler.lambda$schedule$1(Scheduler.java:68)
	at java.util.concurrent.Executors$RunnableAdapter.call(Executors.java:511)
	at java.util.concurrent.FutureTask.run(FutureTask.java:266)
	at java.util.concurrent.ScheduledThreadPoolExecutor$ScheduledFutureTask.access$201(ScheduledThreadPoolExecutor.java:180)
	at java.util.concurrent.ScheduledThreadPoolExecutor$ScheduledFutureTask.run(ScheduledThreadPoolExecutor.java:293)
	at java.util.concurrent.ThreadPoolExecutor.runWorker(ThreadPoolExecutor.java:1149)
	at java.util.concurrent.ThreadPoolExecutor$Worker.run(ThreadPoolExecutor.java:624)
	at java.lang.Thread.run(Thread.java:748)
2019-09-11 07:13:14,190 [grpc-default-executor-8] INFO  impl.RaftServerProxy (RaftServerProxy.java:remove(95)) - dd774419-39ed-4d90-9a0e-7a7d67fca22a: remove group-44CFF2683379:null
2019-09-11 07:13:14,192 [RatisPipelineUtilsThread] WARN  pipeline.RatisPipelineUtils (RatisPipelineUtils.java:destroyPipeline(66)) - Pipeline destroy failed for pipeline=PipelineID=23ab43d6-1d95-4eb5-a8fc-44cff2683379 dn=dd774419-39ed-4d90-9a0e-7a7d67fca22a{ip: 192.168.5.143, host: pr-hdds-1786-trunk-klbfp-3319181915, networkLocation: /default-rack, certSerialId: null}
2019-09-11 07:13:14,195 [grpc-default-executor-8] INFO  impl.RaftServerProxy (RaftServerProxy.java:remove(95)) - b48366ef-6f68-46c9-99e7-9871be9f97bc: remove group-44CFF2683379:null
2019-09-11 07:13:14,196 [RatisPipelineUtilsThread] WARN  pipeline.RatisPipelineUtils (RatisPipelineUtils.java:destroyPipeline(66)) - Pipeline destroy failed for pipeline=PipelineID=23ab43d6-1d95-4eb5-a8fc-44cff2683379 dn=b48366ef-6f68-46c9-99e7-9871be9f97bc{ip: 192.168.5.143, host: pr-hdds-1786-trunk-klbfp-3319181915, networkLocation: /default-rack, certSerialId: null}
2019-09-11 07:13:14,198 [grpc-default-executor-8] INFO  impl.RaftServerProxy (RaftServerProxy.java:remove(95)) - 094d95bb-124f-4491-a67a-8d0b5b434983: remove group-44CFF2683379:null
2019-09-11 07:13:14,200 [RatisPipelineUtilsThread] WARN  pipeline.RatisPipelineUtils (RatisPipelineUtils.java:destroyPipeline(66)) - Pipeline destroy failed for pipeline=PipelineID=23ab43d6-1d95-4eb5-a8fc-44cff2683379 dn=094d95bb-124f-4491-a67a-8d0b5b434983{ip: 192.168.5.143, host: pr-hdds-1786-trunk-klbfp-3319181915, networkLocation: /default-rack, certSerialId: null}
2019-09-11 07:13:14,200 [RatisPipelineUtilsThread] ERROR pipeline.SCMPipelineManager (Scheduler.java:lambda$schedule$1(70)) - Destroy pipeline failed for pipeline:Pipeline[ Id: 23ab43d6-1d95-4eb5-a8fc-44cff2683379, Nodes: dd774419-39ed-4d90-9a0e-7a7d67fca22a{ip: 192.168.5.143, host: pr-hdds-1786-trunk-klbfp-3319181915, networkLocation: /default-rack, certSerialId: null}b48366ef-6f68-46c9-99e7-9871be9f97bc{ip: 192.168.5.143, host: pr-hdds-1786-trunk-klbfp-3319181915, networkLocation: /default-rack, certSerialId: null}094d95bb-124f-4491-a67a-8d0b5b434983{ip: 192.168.5.143, host: pr-hdds-1786-trunk-klbfp-3319181915, networkLocation: /default-rack, certSerialId: null}, Type:RATIS, Factor:THREE, State:CLOSED]
org.apache.hadoop.hdds.scm.pipeline.PipelineNotFoundException: PipelineID=23ab43d6-1d95-4eb5-a8fc-44cff2683379 not found
	at org.apache.hadoop.hdds.scm.pipeline.PipelineStateMap.getPipeline(PipelineStateMap.java:132)
	at org.apache.hadoop.hdds.scm.pipeline.PipelineStateMap.removePipeline(PipelineStateMap.java:322)
	at org.apache.hadoop.hdds.scm.pipeline.PipelineStateManager.removePipeline(PipelineStateManager.java:107)
	at org.apache.hadoop.hdds.scm.pipeline.SCMPipelineManager.removePipeline(SCMPipelineManager.java:423)
	at org.apache.hadoop.hdds.scm.pipeline.SCMPipelineManager.destroyPipeline(SCMPipelineManager.java:409)
	at org.apache.hadoop.hdds.scm.pipeline.SCMPipelineManager.lambda$finalizeAndDestroyPipeline$0(SCMPipelineManager.java:318)
	at org.apache.hadoop.utils.Scheduler.lambda$schedule$1(Scheduler.java:68)
	at java.util.concurrent.Executors$RunnableAdapter.call(Executors.java:511)
	at java.util.concurrent.FutureTask.run(FutureTask.java:266)
	at java.util.concurrent.ScheduledThreadPoolExecutor$ScheduledFutureTask.access$201(ScheduledThreadPoolExecutor.java:180)
	at java.util.concurrent.ScheduledThreadPoolExecutor$ScheduledFutureTask.run(ScheduledThreadPoolExecutor.java:293)
	at java.util.concurrent.ThreadPoolExecutor.runWorker(ThreadPoolExecutor.java:1149)
	at java.util.concurrent.ThreadPoolExecutor$Worker.run(ThreadPoolExecutor.java:624)
	at java.lang.Thread.run(Thread.java:748)
2019-09-11 07:13:14,206 [java.util.concurrent.ThreadPoolExecutor$Worker@66a2441c[State = -1, empty queue]] WARN  server.GrpcLogAppender (GrpcLogAppender.java:timeoutAppendRequest(200)) - cfc25efc-54ed-4d3e-b2b6-13ccffc6d6ca@group-D3816A677CDA->76c4c990-655f-4900-b966-affd0bc7639c-GrpcLogAppender: appendEntries Timeout, request=cfc25efc-54ed-4d3e-b2b6-13ccffc6d6ca->76c4c990-655f-4900-b966-affd0bc7639c#100-t1, previous=(t:1, i:17), leaderCommit=11, initializing? false, entries: <empty>
2019-09-11 07:13:14,206 [java.util.concurrent.ThreadPoolExecutor$Worker@41115d6f[State = -1, empty queue]] WARN  server.GrpcLogAppender (GrpcLogAppender.java:timeoutAppendRequest(200)) - cfc25efc-54ed-4d3e-b2b6-13ccffc6d6ca@group-D3816A677CDA->92412348-7352-40be-aea2-771c347789e7-GrpcLogAppender: appendEntries Timeout, request=cfc25efc-54ed-4d3e-b2b6-13ccffc6d6ca->92412348-7352-40be-aea2-771c347789e7#100-t1, previous=(t:1, i:17), leaderCommit=11, initializing? false, entries: <empty>
2019-09-11 07:13:16,203 [cfc25efc-54ed-4d3e-b2b6-13ccffc6d6ca@group-D3816A677CDA-SegmentedRaftLogWorker] WARN  segmented.SegmentedRaftLogWorker (SegmentedRaftLogWorker.java:getFromFuture(90)) - Timeout 2/~
org.apache.ratis.protocol.TimeoutIOException: Timeout 10s: WriteLog:12: (t:1, i:12), STATEMACHINELOGENTRY, client-65AAF9F256C4, cid=143-writeStateMachineData
	at org.apache.ratis.util.IOUtils.getFromFuture(IOUtils.java:87)
	at org.apache.ratis.server.raftlog.segmented.SegmentedRaftLogWorker$StateMachineDataPolicy.getFromFuture(SegmentedRaftLogWorker.java:87)
	at org.apache.ratis.server.raftlog.segmented.SegmentedRaftLogWorker$WriteLog.execute(SegmentedRaftLogWorker.java:477)
	at org.apache.ratis.server.raftlog.segmented.SegmentedRaftLogWorker.run(SegmentedRaftLogWorker.java:289)
	at java.lang.Thread.run(Thread.java:748)
Caused by: java.util.concurrent.TimeoutException
	at java.util.concurrent.CompletableFuture.timedGet(CompletableFuture.java:1771)
	at java.util.concurrent.CompletableFuture.get(CompletableFuture.java:1915)
	at org.apache.ratis.util.IOUtils.getFromFuture(IOUtils.java:79)
	... 4 more
2019-09-11 07:13:16,204 [76c4c990-655f-4900-b966-affd0bc7639c@group-D3816A677CDA-SegmentedRaftLogWorker] WARN  segmented.SegmentedRaftLogWorker (SegmentedRaftLogWorker.java:getFromFuture(90)) - Timeout 2/~
org.apache.ratis.protocol.TimeoutIOException: Timeout 10s: WriteLog:12: (t:1, i:12), STATEMACHINELOGENTRY, client-65AAF9F256C4, cid=143-writeStateMachineData
	at org.apache.ratis.util.IOUtils.getFromFuture(IOUtils.java:87)
	at org.apache.ratis.server.raftlog.segmented.SegmentedRaftLogWorker$StateMachineDataPolicy.getFromFuture(SegmentedRaftLogWorker.java:87)
	at org.apache.ratis.server.raftlog.segmented.SegmentedRaftLogWorker$WriteLog.execute(SegmentedRaftLogWorker.java:477)
	at org.apache.ratis.server.raftlog.segmented.SegmentedRaftLogWorker.run(SegmentedRaftLogWorker.java:289)
	at java.lang.Thread.run(Thread.java:748)
Caused by: java.util.concurrent.TimeoutException
	at java.util.concurrent.CompletableFuture.timedGet(CompletableFuture.java:1771)
	at java.util.concurrent.CompletableFuture.get(CompletableFuture.java:1915)
	at org.apache.ratis.util.IOUtils.getFromFuture(IOUtils.java:79)
	... 4 more
2019-09-11 07:13:16,203 [92412348-7352-40be-aea2-771c347789e7@group-D3816A677CDA-SegmentedRaftLogWorker] WARN  segmented.SegmentedRaftLogWorker (SegmentedRaftLogWorker.java:getFromFuture(90)) - Timeout 2/~
org.apache.ratis.protocol.TimeoutIOException: Timeout 10s: WriteLog:12: (t:1, i:12), STATEMACHINELOGENTRY, client-65AAF9F256C4, cid=143-writeStateMachineData
	at org.apache.ratis.util.IOUtils.getFromFuture(IOUtils.java:87)
	at org.apache.ratis.server.raftlog.segmented.SegmentedRaftLogWorker$StateMachineDataPolicy.getFromFuture(SegmentedRaftLogWorker.java:87)
	at org.apache.ratis.server.raftlog.segmented.SegmentedRaftLogWorker$WriteLog.execute(SegmentedRaftLogWorker.java:477)
	at org.apache.ratis.server.raftlog.segmented.SegmentedRaftLogWorker.run(SegmentedRaftLogWorker.java:289)
	at java.lang.Thread.run(Thread.java:748)
Caused by: java.util.concurrent.TimeoutException
	at java.util.concurrent.CompletableFuture.timedGet(CompletableFuture.java:1771)
	at java.util.concurrent.CompletableFuture.get(CompletableFuture.java:1915)
	at org.apache.ratis.util.IOUtils.getFromFuture(IOUtils.java:79)
	... 4 more
2019-09-11 07:13:16,486 [grpc-default-executor-1] INFO  client.GrpcClientProtocolClient (GrpcClientProtocolClient.java:onNext(264)) - client-65AAF9F256C4->76c4c990-655f-4900-b966-affd0bc7639c: receive RaftClientReply:client-65AAF9F256C4->76c4c990-655f-4900-b966-affd0bc7639c@group-D3816A677CDA, cid=143, FAILED org.apache.ratis.protocol.NotLeaderException: Server 76c4c990-655f-4900-b966-affd0bc7639c@group-D3816A677CDA is not the leader cfc25efc-54ed-4d3e-b2b6-13ccffc6d6ca:192.168.5.143:42744, logIndex=0, commits[76c4c990-655f-4900-b966-affd0bc7639c:c11, cfc25efc-54ed-4d3e-b2b6-13ccffc6d6ca:c11, 92412348-7352-40be-aea2-771c347789e7:c7]
2019-09-11 07:13:16,706 [java.util.concurrent.ThreadPoolExecutor$Worker@41115d6f[State = -1, empty queue]] WARN  server.GrpcLogAppender (GrpcLogAppender.java:timeoutAppendRequest(200)) - cfc25efc-54ed-4d3e-b2b6-13ccffc6d6ca@group-D3816A677CDA->92412348-7352-40be-aea2-771c347789e7-GrpcLogAppender: appendEntries Timeout, request=cfc25efc-54ed-4d3e-b2b6-13ccffc6d6ca->92412348-7352-40be-aea2-771c347789e7#101-t1, previous=(t:1, i:17), leaderCommit=11, initializing? false, entries: <empty>
2019-09-11 07:13:16,706 [java.util.concurrent.ThreadPoolExecutor$Worker@66a2441c[State = -1, empty queue]] WARN  server.GrpcLogAppender (GrpcLogAppender.java:timeoutAppendRequest(200)) - cfc25efc-54ed-4d3e-b2b6-13ccffc6d6ca@group-D3816A677CDA->76c4c990-655f-4900-b966-affd0bc7639c-GrpcLogAppender: appendEntries Timeout, request=cfc25efc-54ed-4d3e-b2b6-13ccffc6d6ca->76c4c990-655f-4900-b966-affd0bc7639c#101-t1, previous=(t:1, i:17), leaderCommit=11, initializing? false, entries: <empty>
2019-09-11 07:13:17,189 [grpc-default-executor-8] INFO  impl.RaftServerProxy (RaftServerProxy.java:remove(95)) - dd774419-39ed-4d90-9a0e-7a7d67fca22a: remove group-44CFF2683379:null
2019-09-11 07:13:17,191 [RatisPipelineUtilsThread] WARN  pipeline.RatisPipelineUtils (RatisPipelineUtils.java:destroyPipeline(66)) - Pipeline destroy failed for pipeline=PipelineID=23ab43d6-1d95-4eb5-a8fc-44cff2683379 dn=dd774419-39ed-4d90-9a0e-7a7d67fca22a{ip: 192.168.5.143, host: pr-hdds-1786-trunk-klbfp-3319181915, networkLocation: /default-rack, certSerialId: null}
2019-09-11 07:13:17,193 [grpc-default-executor-8] INFO  impl.RaftServerProxy (RaftServerProxy.java:remove(95)) - b48366ef-6f68-46c9-99e7-9871be9f97bc: remove group-44CFF2683379:null
2019-09-11 07:13:17,195 [RatisPipelineUtilsThread] WARN  pipeline.RatisPipelineUtils (RatisPipelineUtils.java:destroyPipeline(66)) - Pipeline destroy failed for pipeline=PipelineID=23ab43d6-1d95-4eb5-a8fc-44cff2683379 dn=b48366ef-6f68-46c9-99e7-9871be9f97bc{ip: 192.168.5.143, host: pr-hdds-1786-trunk-klbfp-3319181915, networkLocation: /default-rack, certSerialId: null}
2019-09-11 07:13:17,197 [grpc-default-executor-8] INFO  impl.RaftServerProxy (RaftServerProxy.java:remove(95)) - 094d95bb-124f-4491-a67a-8d0b5b434983: remove group-44CFF2683379:null
2019-09-11 07:13:17,199 [RatisPipelineUtilsThread] WARN  pipeline.RatisPipelineUtils (RatisPipelineUtils.java:destroyPipeline(66)) - Pipeline destroy failed for pipeline=PipelineID=23ab43d6-1d95-4eb5-a8fc-44cff2683379 dn=094d95bb-124f-4491-a67a-8d0b5b434983{ip: 192.168.5.143, host: pr-hdds-1786-trunk-klbfp-3319181915, networkLocation: /default-rack, certSerialId: null}
2019-09-11 07:13:17,199 [RatisPipelineUtilsThread] ERROR pipeline.SCMPipelineManager (Scheduler.java:lambda$schedule$1(70)) - Destroy pipeline failed for pipeline:Pipeline[ Id: 23ab43d6-1d95-4eb5-a8fc-44cff2683379, Nodes: dd774419-39ed-4d90-9a0e-7a7d67fca22a{ip: 192.168.5.143, host: pr-hdds-1786-trunk-klbfp-3319181915, networkLocation: /default-rack, certSerialId: null}b48366ef-6f68-46c9-99e7-9871be9f97bc{ip: 192.168.5.143, host: pr-hdds-1786-trunk-klbfp-3319181915, networkLocation: /default-rack, certSerialId: null}094d95bb-124f-4491-a67a-8d0b5b434983{ip: 192.168.5.143, host: pr-hdds-1786-trunk-klbfp-3319181915, networkLocation: /default-rack, certSerialId: null}, Type:RATIS, Factor:THREE, State:CLOSED]
org.apache.hadoop.hdds.scm.pipeline.PipelineNotFoundException: PipelineID=23ab43d6-1d95-4eb5-a8fc-44cff2683379 not found
	at org.apache.hadoop.hdds.scm.pipeline.PipelineStateMap.getPipeline(PipelineStateMap.java:132)
	at org.apache.hadoop.hdds.scm.pipeline.PipelineStateMap.removePipeline(PipelineStateMap.java:322)
	at org.apache.hadoop.hdds.scm.pipeline.PipelineStateManager.removePipeline(PipelineStateManager.java:107)
	at org.apache.hadoop.hdds.scm.pipeline.SCMPipelineManager.removePipeline(SCMPipelineManager.java:423)
	at org.apache.hadoop.hdds.scm.pipeline.SCMPipelineManager.destroyPipeline(SCMPipelineManager.java:409)
	at org.apache.hadoop.hdds.scm.pipeline.SCMPipelineManager.lambda$finalizeAndDestroyPipeline$0(SCMPipelineManager.java:318)
	at org.apache.hadoop.utils.Scheduler.lambda$schedule$1(Scheduler.java:68)
	at java.util.concurrent.Executors$RunnableAdapter.call(Executors.java:511)
	at java.util.concurrent.FutureTask.run(FutureTask.java:266)
	at java.util.concurrent.ScheduledThreadPoolExecutor$ScheduledFutureTask.access$201(ScheduledThreadPoolExecutor.java:180)
	at java.util.concurrent.ScheduledThreadPoolExecutor$ScheduledFutureTask.run(ScheduledThreadPoolExecutor.java:293)
	at java.util.concurrent.ThreadPoolExecutor.runWorker(ThreadPoolExecutor.java:1149)
	at java.util.concurrent.ThreadPoolExecutor$Worker.run(ThreadPoolExecutor.java:624)
	at java.lang.Thread.run(Thread.java:748)
2019-09-11 07:13:19,194 [grpc-default-executor-1] INFO  impl.RaftServerProxy (RaftServerProxy.java:remove(95)) - dd774419-39ed-4d90-9a0e-7a7d67fca22a: remove group-44CFF2683379:null
2019-09-11 07:13:19,197 [RatisPipelineUtilsThread] WARN  pipeline.RatisPipelineUtils (RatisPipelineUtils.java:destroyPipeline(66)) - Pipeline destroy failed for pipeline=PipelineID=23ab43d6-1d95-4eb5-a8fc-44cff2683379 dn=dd774419-39ed-4d90-9a0e-7a7d67fca22a{ip: 192.168.5.143, host: pr-hdds-1786-trunk-klbfp-3319181915, networkLocation: /default-rack, certSerialId: null}
2019-09-11 07:13:19,200 [grpc-default-executor-1] INFO  impl.RaftServerProxy (RaftServerProxy.java:remove(95)) - b48366ef-6f68-46c9-99e7-9871be9f97bc: remove group-44CFF2683379:null
2019-09-11 07:13:19,202 [RatisPipelineUtilsThread] WARN  pipeline.RatisPipelineUtils (RatisPipelineUtils.java:destroyPipeline(66)) - Pipeline destroy failed for pipeline=PipelineID=23ab43d6-1d95-4eb5-a8fc-44cff2683379 dn=b48366ef-6f68-46c9-99e7-9871be9f97bc{ip: 192.168.5.143, host: pr-hdds-1786-trunk-klbfp-3319181915, networkLocation: /default-rack, certSerialId: null}
2019-09-11 07:13:19,203 [grpc-default-executor-1] INFO  impl.RaftServerProxy (RaftServerProxy.java:remove(95)) - 094d95bb-124f-4491-a67a-8d0b5b434983: remove group-44CFF2683379:null
2019-09-11 07:13:19,205 [RatisPipelineUtilsThread] WARN  pipeline.RatisPipelineUtils (RatisPipelineUtils.java:destroyPipeline(66)) - Pipeline destroy failed for pipeline=PipelineID=23ab43d6-1d95-4eb5-a8fc-44cff2683379 dn=094d95bb-124f-4491-a67a-8d0b5b434983{ip: 192.168.5.143, host: pr-hdds-1786-trunk-klbfp-3319181915, networkLocation: /default-rack, certSerialId: null}
2019-09-11 07:13:19,205 [RatisPipelineUtilsThread] ERROR pipeline.SCMPipelineManager (Scheduler.java:lambda$schedule$1(70)) - Destroy pipeline failed for pipeline:Pipeline[ Id: 23ab43d6-1d95-4eb5-a8fc-44cff2683379, Nodes: dd774419-39ed-4d90-9a0e-7a7d67fca22a{ip: 192.168.5.143, host: pr-hdds-1786-trunk-klbfp-3319181915, networkLocation: /default-rack, certSerialId: null}b48366ef-6f68-46c9-99e7-9871be9f97bc{ip: 192.168.5.143, host: pr-hdds-1786-trunk-klbfp-3319181915, networkLocation: /default-rack, certSerialId: null}094d95bb-124f-4491-a67a-8d0b5b434983{ip: 192.168.5.143, host: pr-hdds-1786-trunk-klbfp-3319181915, networkLocation: /default-rack, certSerialId: null}, Type:RATIS, Factor:THREE, State:CLOSED]
org.apache.hadoop.hdds.scm.pipeline.PipelineNotFoundException: PipelineID=23ab43d6-1d95-4eb5-a8fc-44cff2683379 not found
	at org.apache.hadoop.hdds.scm.pipeline.PipelineStateMap.getPipeline(PipelineStateMap.java:132)
	at org.apache.hadoop.hdds.scm.pipeline.PipelineStateMap.removePipeline(PipelineStateMap.java:322)
	at org.apache.hadoop.hdds.scm.pipeline.PipelineStateManager.removePipeline(PipelineStateManager.java:107)
	at org.apache.hadoop.hdds.scm.pipeline.SCMPipelineManager.removePipeline(SCMPipelineManager.java:423)
	at org.apache.hadoop.hdds.scm.pipeline.SCMPipelineManager.destroyPipeline(SCMPipelineManager.java:409)
	at org.apache.hadoop.hdds.scm.pipeline.SCMPipelineManager.lambda$finalizeAndDestroyPipeline$0(SCMPipelineManager.java:318)
	at org.apache.hadoop.utils.Scheduler.lambda$schedule$1(Scheduler.java:68)
	at java.util.concurrent.Executors$RunnableAdapter.call(Executors.java:511)
	at java.util.concurrent.FutureTask.run(FutureTask.java:266)
	at java.util.concurrent.ScheduledThreadPoolExecutor$ScheduledFutureTask.access$201(ScheduledThreadPoolExecutor.java:180)
	at java.util.concurrent.ScheduledThreadPoolExecutor$ScheduledFutureTask.run(ScheduledThreadPoolExecutor.java:293)
	at java.util.concurrent.ThreadPoolExecutor.runWorker(ThreadPoolExecutor.java:1149)
	at java.util.concurrent.ThreadPoolExecutor$Worker.run(ThreadPoolExecutor.java:624)
	at java.lang.Thread.run(Thread.java:748)
2019-09-11 07:13:19,207 [java.util.concurrent.ThreadPoolExecutor$Worker@41115d6f[State = -1, empty queue]] WARN  server.GrpcLogAppender (GrpcLogAppender.java:timeoutAppendRequest(200)) - cfc25efc-54ed-4d3e-b2b6-13ccffc6d6ca@group-D3816A677CDA->92412348-7352-40be-aea2-771c347789e7-GrpcLogAppender: appendEntries Timeout, request=cfc25efc-54ed-4d3e-b2b6-13ccffc6d6ca->92412348-7352-40be-aea2-771c347789e7#102-t1, previous=(t:1, i:17), leaderCommit=11, initializing? false, entries: <empty>
2019-09-11 07:13:19,207 [java.util.concurrent.ThreadPoolExecutor$Worker@66a2441c[State = -1, empty queue]] WARN  server.GrpcLogAppender (GrpcLogAppender.java:timeoutAppendRequest(200)) - cfc25efc-54ed-4d3e-b2b6-13ccffc6d6ca@group-D3816A677CDA->76c4c990-655f-4900-b966-affd0bc7639c-GrpcLogAppender: appendEntries Timeout, request=cfc25efc-54ed-4d3e-b2b6-13ccffc6d6ca->76c4c990-655f-4900-b966-affd0bc7639c#102-t1, previous=(t:1, i:17), leaderCommit=11, initializing? false, entries: <empty>
2019-09-11 07:13:21,536 [grpc-default-executor-8] INFO  client.GrpcClientProtocolClient (GrpcClientProtocolClient.java:onNext(264)) - client-65AAF9F256C4->92412348-7352-40be-aea2-771c347789e7: receive RaftClientReply:client-65AAF9F256C4->92412348-7352-40be-aea2-771c347789e7@group-D3816A677CDA, cid=143, FAILED org.apache.ratis.protocol.NotLeaderException: Server 92412348-7352-40be-aea2-771c347789e7@group-D3816A677CDA is not the leader cfc25efc-54ed-4d3e-b2b6-13ccffc6d6ca:192.168.5.143:42744, logIndex=0, commits[92412348-7352-40be-aea2-771c347789e7:c11, 76c4c990-655f-4900-b966-affd0bc7639c:c7, cfc25efc-54ed-4d3e-b2b6-13ccffc6d6ca:c11]
2019-09-11 07:13:21,707 [java.util.concurrent.ThreadPoolExecutor$Worker@41115d6f[State = -1, empty queue]] WARN  server.GrpcLogAppender (GrpcLogAppender.java:timeoutAppendRequest(200)) - cfc25efc-54ed-4d3e-b2b6-13ccffc6d6ca@group-D3816A677CDA->92412348-7352-40be-aea2-771c347789e7-GrpcLogAppender: appendEntries Timeout, request=cfc25efc-54ed-4d3e-b2b6-13ccffc6d6ca->92412348-7352-40be-aea2-771c347789e7#103-t1, previous=(t:1, i:17), leaderCommit=11, initializing? false, entries: <empty>
2019-09-11 07:13:21,707 [java.util.concurrent.ThreadPoolExecutor$Worker@66a2441c[State = -1, empty queue]] WARN  server.GrpcLogAppender (GrpcLogAppender.java:timeoutAppendRequest(200)) - cfc25efc-54ed-4d3e-b2b6-13ccffc6d6ca@group-D3816A677CDA->76c4c990-655f-4900-b966-affd0bc7639c-GrpcLogAppender: appendEntries Timeout, request=cfc25efc-54ed-4d3e-b2b6-13ccffc6d6ca->76c4c990-655f-4900-b966-affd0bc7639c#103-t1, previous=(t:1, i:17), leaderCommit=11, initializing? false, entries: <empty>
2019-09-11 07:13:22,190 [grpc-default-executor-6] INFO  impl.RaftServerProxy (RaftServerProxy.java:remove(95)) - dd774419-39ed-4d90-9a0e-7a7d67fca22a: remove group-44CFF2683379:null
2019-09-11 07:13:22,193 [RatisPipelineUtilsThread] WARN  pipeline.RatisPipelineUtils (RatisPipelineUtils.java:destroyPipeline(66)) - Pipeline destroy failed for pipeline=PipelineID=23ab43d6-1d95-4eb5-a8fc-44cff2683379 dn=dd774419-39ed-4d90-9a0e-7a7d67fca22a{ip: 192.168.5.143, host: pr-hdds-1786-trunk-klbfp-3319181915, networkLocation: /default-rack, certSerialId: null}
2019-09-11 07:13:22,195 [grpc-default-executor-6] INFO  impl.RaftServerProxy (RaftServerProxy.java:remove(95)) - b48366ef-6f68-46c9-99e7-9871be9f97bc: remove group-44CFF2683379:null
2019-09-11 07:13:22,197 [RatisPipelineUtilsThread] WARN  pipeline.RatisPipelineUtils (RatisPipelineUtils.java:destroyPipeline(66)) - Pipeline destroy failed for pipeline=PipelineID=23ab43d6-1d95-4eb5-a8fc-44cff2683379 dn=b48366ef-6f68-46c9-99e7-9871be9f97bc{ip: 192.168.5.143, host: pr-hdds-1786-trunk-klbfp-3319181915, networkLocation: /default-rack, certSerialId: null}
2019-09-11 07:13:22,199 [grpc-default-executor-6] INFO  impl.RaftServerProxy (RaftServerProxy.java:remove(95)) - 094d95bb-124f-4491-a67a-8d0b5b434983: remove group-44CFF2683379:null
2019-09-11 07:13:22,200 [RatisPipelineUtilsThread] WARN  pipeline.RatisPipelineUtils (RatisPipelineUtils.java:destroyPipeline(66)) - Pipeline destroy failed for pipeline=PipelineID=23ab43d6-1d95-4eb5-a8fc-44cff2683379 dn=094d95bb-124f-4491-a67a-8d0b5b434983{ip: 192.168.5.143, host: pr-hdds-1786-trunk-klbfp-3319181915, networkLocation: /default-rack, certSerialId: null}
2019-09-11 07:13:22,201 [RatisPipelineUtilsThread] ERROR pipeline.SCMPipelineManager (Scheduler.java:lambda$schedule$1(70)) - Destroy pipeline failed for pipeline:Pipeline[ Id: 23ab43d6-1d95-4eb5-a8fc-44cff2683379, Nodes: dd774419-39ed-4d90-9a0e-7a7d67fca22a{ip: 192.168.5.143, host: pr-hdds-1786-trunk-klbfp-3319181915, networkLocation: /default-rack, certSerialId: null}b48366ef-6f68-46c9-99e7-9871be9f97bc{ip: 192.168.5.143, host: pr-hdds-1786-trunk-klbfp-3319181915, networkLocation: /default-rack, certSerialId: null}094d95bb-124f-4491-a67a-8d0b5b434983{ip: 192.168.5.143, host: pr-hdds-1786-trunk-klbfp-3319181915, networkLocation: /default-rack, certSerialId: null}, Type:RATIS, Factor:THREE, State:CLOSED]
org.apache.hadoop.hdds.scm.pipeline.PipelineNotFoundException: PipelineID=23ab43d6-1d95-4eb5-a8fc-44cff2683379 not found
	at org.apache.hadoop.hdds.scm.pipeline.PipelineStateMap.getPipeline(PipelineStateMap.java:132)
	at org.apache.hadoop.hdds.scm.pipeline.PipelineStateMap.removePipeline(PipelineStateMap.java:322)
	at org.apache.hadoop.hdds.scm.pipeline.PipelineStateManager.removePipeline(PipelineStateManager.java:107)
	at org.apache.hadoop.hdds.scm.pipeline.SCMPipelineManager.removePipeline(SCMPipelineManager.java:423)
	at org.apache.hadoop.hdds.scm.pipeline.SCMPipelineManager.destroyPipeline(SCMPipelineManager.java:409)
	at org.apache.hadoop.hdds.scm.pipeline.SCMPipelineManager.lambda$finalizeAndDestroyPipeline$0(SCMPipelineManager.java:318)
	at org.apache.hadoop.utils.Scheduler.lambda$schedule$1(Scheduler.java:68)
	at java.util.concurrent.Executors$RunnableAdapter.call(Executors.java:511)
	at java.util.concurrent.FutureTask.run(FutureTask.java:266)
	at java.util.concurrent.ScheduledThreadPoolExecutor$ScheduledFutureTask.access$201(ScheduledThreadPoolExecutor.java:180)
	at java.util.concurrent.ScheduledThreadPoolExecutor$ScheduledFutureTask.run(ScheduledThreadPoolExecutor.java:293)
	at java.util.concurrent.ThreadPoolExecutor.runWorker(ThreadPoolExecutor.java:1149)
	at java.util.concurrent.ThreadPoolExecutor$Worker.run(ThreadPoolExecutor.java:624)
	at java.lang.Thread.run(Thread.java:748)
2019-09-11 07:13:24,205 [grpc-default-executor-8] INFO  impl.RaftServerProxy (RaftServerProxy.java:remove(95)) - dd774419-39ed-4d90-9a0e-7a7d67fca22a: remove group-44CFF2683379:null
2019-09-11 07:13:24,207 [java.util.concurrent.ThreadPoolExecutor$Worker@66a2441c[State = -1, empty queue]] WARN  server.GrpcLogAppender (GrpcLogAppender.java:timeoutAppendRequest(200)) - cfc25efc-54ed-4d3e-b2b6-13ccffc6d6ca@group-D3816A677CDA->76c4c990-655f-4900-b966-affd0bc7639c-GrpcLogAppender: appendEntries Timeout, request=cfc25efc-54ed-4d3e-b2b6-13ccffc6d6ca->76c4c990-655f-4900-b966-affd0bc7639c#104-t1, previous=(t:1, i:17), leaderCommit=11, initializing? false, entries: <empty>
2019-09-11 07:13:24,207 [java.util.concurrent.ThreadPoolExecutor$Worker@41115d6f[State = -1, empty queue]] WARN  server.GrpcLogAppender (GrpcLogAppender.java:timeoutAppendRequest(200)) - cfc25efc-54ed-4d3e-b2b6-13ccffc6d6ca@group-D3816A677CDA->92412348-7352-40be-aea2-771c347789e7-GrpcLogAppender: appendEntries Timeout, request=cfc25efc-54ed-4d3e-b2b6-13ccffc6d6ca->92412348-7352-40be-aea2-771c347789e7#104-t1, previous=(t:1, i:17), leaderCommit=11, initializing? false, entries: <empty>
2019-09-11 07:13:24,209 [RatisPipelineUtilsThread] WARN  pipeline.RatisPipelineUtils (RatisPipelineUtils.java:destroyPipeline(66)) - Pipeline destroy failed for pipeline=PipelineID=23ab43d6-1d95-4eb5-a8fc-44cff2683379 dn=dd774419-39ed-4d90-9a0e-7a7d67fca22a{ip: 192.168.5.143, host: pr-hdds-1786-trunk-klbfp-3319181915, networkLocation: /default-rack, certSerialId: null}
2019-09-11 07:13:24,211 [grpc-default-executor-8] INFO  impl.RaftServerProxy (RaftServerProxy.java:remove(95)) - b48366ef-6f68-46c9-99e7-9871be9f97bc: remove group-44CFF2683379:null
2019-09-11 07:13:24,213 [RatisPipelineUtilsThread] WARN  pipeline.RatisPipelineUtils (RatisPipelineUtils.java:destroyPipeline(66)) - Pipeline destroy failed for pipeline=PipelineID=23ab43d6-1d95-4eb5-a8fc-44cff2683379 dn=b48366ef-6f68-46c9-99e7-9871be9f97bc{ip: 192.168.5.143, host: pr-hdds-1786-trunk-klbfp-3319181915, networkLocation: /default-rack, certSerialId: null}
2019-09-11 07:13:24,214 [grpc-default-executor-8] INFO  impl.RaftServerProxy (RaftServerProxy.java:remove(95)) - 094d95bb-124f-4491-a67a-8d0b5b434983: remove group-44CFF2683379:null
2019-09-11 07:13:24,216 [RatisPipelineUtilsThread] WARN  pipeline.RatisPipelineUtils (RatisPipelineUtils.java:destroyPipeline(66)) - Pipeline destroy failed for pipeline=PipelineID=23ab43d6-1d95-4eb5-a8fc-44cff2683379 dn=094d95bb-124f-4491-a67a-8d0b5b434983{ip: 192.168.5.143, host: pr-hdds-1786-trunk-klbfp-3319181915, networkLocation: /default-rack, certSerialId: null}
2019-09-11 07:13:24,217 [RatisPipelineUtilsThread] ERROR pipeline.SCMPipelineManager (Scheduler.java:lambda$schedule$1(70)) - Destroy pipeline failed for pipeline:Pipeline[ Id: 23ab43d6-1d95-4eb5-a8fc-44cff2683379, Nodes: dd774419-39ed-4d90-9a0e-7a7d67fca22a{ip: 192.168.5.143, host: pr-hdds-1786-trunk-klbfp-3319181915, networkLocation: /default-rack, certSerialId: null}b48366ef-6f68-46c9-99e7-9871be9f97bc{ip: 192.168.5.143, host: pr-hdds-1786-trunk-klbfp-3319181915, networkLocation: /default-rack, certSerialId: null}094d95bb-124f-4491-a67a-8d0b5b434983{ip: 192.168.5.143, host: pr-hdds-1786-trunk-klbfp-3319181915, networkLocation: /default-rack, certSerialId: null}, Type:RATIS, Factor:THREE, State:CLOSED]
org.apache.hadoop.hdds.scm.pipeline.PipelineNotFoundException: PipelineID=23ab43d6-1d95-4eb5-a8fc-44cff2683379 not found
	at org.apache.hadoop.hdds.scm.pipeline.PipelineStateMap.getPipeline(PipelineStateMap.java:132)
	at org.apache.hadoop.hdds.scm.pipeline.PipelineStateMap.removePipeline(PipelineStateMap.java:322)
	at org.apache.hadoop.hdds.scm.pipeline.PipelineStateManager.removePipeline(PipelineStateManager.java:107)
	at org.apache.hadoop.hdds.scm.pipeline.SCMPipelineManager.removePipeline(SCMPipelineManager.java:423)
	at org.apache.hadoop.hdds.scm.pipeline.SCMPipelineManager.destroyPipeline(SCMPipelineManager.java:409)
	at org.apache.hadoop.hdds.scm.pipeline.SCMPipelineManager.lambda$finalizeAndDestroyPipeline$0(SCMPipelineManager.java:318)
	at org.apache.hadoop.utils.Scheduler.lambda$schedule$1(Scheduler.java:68)
	at java.util.concurrent.Executors$RunnableAdapter.call(Executors.java:511)
	at java.util.concurrent.FutureTask.run(FutureTask.java:266)
	at java.util.concurrent.ScheduledThreadPoolExecutor$ScheduledFutureTask.access$201(ScheduledThreadPoolExecutor.java:180)
	at java.util.concurrent.ScheduledThreadPoolExecutor$ScheduledFutureTask.run(ScheduledThreadPoolExecutor.java:293)
	at java.util.concurrent.ThreadPoolExecutor.runWorker(ThreadPoolExecutor.java:1149)
	at java.util.concurrent.ThreadPoolExecutor$Worker.run(ThreadPoolExecutor.java:624)
	at java.lang.Thread.run(Thread.java:748)
2019-09-11 07:13:26,205 [cfc25efc-54ed-4d3e-b2b6-13ccffc6d6ca@group-D3816A677CDA-SegmentedRaftLogWorker] WARN  segmented.SegmentedRaftLogWorker (SegmentedRaftLogWorker.java:getFromFuture(90)) - Timeout 3/~
org.apache.ratis.protocol.TimeoutIOException: Timeout 10s: WriteLog:12: (t:1, i:12), STATEMACHINELOGENTRY, client-65AAF9F256C4, cid=143-writeStateMachineData
	at org.apache.ratis.util.IOUtils.getFromFuture(IOUtils.java:87)
	at org.apache.ratis.server.raftlog.segmented.SegmentedRaftLogWorker$StateMachineDataPolicy.getFromFuture(SegmentedRaftLogWorker.java:87)
	at org.apache.ratis.server.raftlog.segmented.SegmentedRaftLogWorker$WriteLog.execute(SegmentedRaftLogWorker.java:477)
	at org.apache.ratis.server.raftlog.segmented.SegmentedRaftLogWorker.run(SegmentedRaftLogWorker.java:289)
	at java.lang.Thread.run(Thread.java:748)
Caused by: java.util.concurrent.TimeoutException
	at java.util.concurrent.CompletableFuture.timedGet(CompletableFuture.java:1771)
	at java.util.concurrent.CompletableFuture.get(CompletableFuture.java:1915)
	at org.apache.ratis.util.IOUtils.getFromFuture(IOUtils.java:79)
	... 4 more
2019-09-11 07:13:26,206 [92412348-7352-40be-aea2-771c347789e7@group-D3816A677CDA-SegmentedRaftLogWorker] WARN  segmented.SegmentedRaftLogWorker (SegmentedRaftLogWorker.java:getFromFuture(90)) - Timeout 3/~
org.apache.ratis.protocol.TimeoutIOException: Timeout 10s: WriteLog:12: (t:1, i:12), STATEMACHINELOGENTRY, client-65AAF9F256C4, cid=143-writeStateMachineData
	at org.apache.ratis.util.IOUtils.getFromFuture(IOUtils.java:87)
	at org.apache.ratis.server.raftlog.segmented.SegmentedRaftLogWorker$StateMachineDataPolicy.getFromFuture(SegmentedRaftLogWorker.java:87)
	at org.apache.ratis.server.raftlog.segmented.SegmentedRaftLogWorker$WriteLog.execute(SegmentedRaftLogWorker.java:477)
	at org.apache.ratis.server.raftlog.segmented.SegmentedRaftLogWorker.run(SegmentedRaftLogWorker.java:289)
	at java.lang.Thread.run(Thread.java:748)
Caused by: java.util.concurrent.TimeoutException
	at java.util.concurrent.CompletableFuture.timedGet(CompletableFuture.java:1771)
	at java.util.concurrent.CompletableFuture.get(CompletableFuture.java:1915)
	at org.apache.ratis.util.IOUtils.getFromFuture(IOUtils.java:79)
	... 4 more
2019-09-11 07:13:26,205 [76c4c990-655f-4900-b966-affd0bc7639c@group-D3816A677CDA-SegmentedRaftLogWorker] WARN  segmented.SegmentedRaftLogWorker (SegmentedRaftLogWorker.java:getFromFuture(90)) - Timeout 3/~
org.apache.ratis.protocol.TimeoutIOException: Timeout 10s: WriteLog:12: (t:1, i:12), STATEMACHINELOGENTRY, client-65AAF9F256C4, cid=143-writeStateMachineData
	at org.apache.ratis.util.IOUtils.getFromFuture(IOUtils.java:87)
	at org.apache.ratis.server.raftlog.segmented.SegmentedRaftLogWorker$StateMachineDataPolicy.getFromFuture(SegmentedRaftLogWorker.java:87)
	at org.apache.ratis.server.raftlog.segmented.SegmentedRaftLogWorker$WriteLog.execute(SegmentedRaftLogWorker.java:477)
	at org.apache.ratis.server.raftlog.segmented.SegmentedRaftLogWorker.run(SegmentedRaftLogWorker.java:289)
	at java.lang.Thread.run(Thread.java:748)
Caused by: java.util.concurrent.TimeoutException
	at java.util.concurrent.CompletableFuture.timedGet(CompletableFuture.java:1771)
	at java.util.concurrent.CompletableFuture.get(CompletableFuture.java:1915)
	at org.apache.ratis.util.IOUtils.getFromFuture(IOUtils.java:79)
	... 4 more
2019-09-11 07:13:26,577 [grpc-default-executor-6] INFO  client.GrpcClientProtocolClient (GrpcClientProtocolClient.java:onNext(264)) - client-65AAF9F256C4->92412348-7352-40be-aea2-771c347789e7: receive RaftClientReply:client-65AAF9F256C4->92412348-7352-40be-aea2-771c347789e7@group-D3816A677CDA, cid=143, FAILED org.apache.ratis.protocol.NotLeaderException: Server 92412348-7352-40be-aea2-771c347789e7@group-D3816A677CDA is not the leader cfc25efc-54ed-4d3e-b2b6-13ccffc6d6ca:192.168.5.143:42744, logIndex=0, commits[92412348-7352-40be-aea2-771c347789e7:c11, 76c4c990-655f-4900-b966-affd0bc7639c:c7, cfc25efc-54ed-4d3e-b2b6-13ccffc6d6ca:c11]
2019-09-11 07:13:26,708 [java.util.concurrent.ThreadPoolExecutor$Worker@66a2441c[State = -1, empty queue]] WARN  server.GrpcLogAppender (GrpcLogAppender.java:timeoutAppendRequest(200)) - cfc25efc-54ed-4d3e-b2b6-13ccffc6d6ca@group-D3816A677CDA->76c4c990-655f-4900-b966-affd0bc7639c-GrpcLogAppender: appendEntries Timeout, request=cfc25efc-54ed-4d3e-b2b6-13ccffc6d6ca->76c4c990-655f-4900-b966-affd0bc7639c#105-t1, previous=(t:1, i:17), leaderCommit=11, initializing? false, entries: <empty>
2019-09-11 07:13:26,708 [java.util.concurrent.ThreadPoolExecutor$Worker@41115d6f[State = -1, empty queue]] WARN  server.GrpcLogAppender (GrpcLogAppender.java:timeoutAppendRequest(200)) - cfc25efc-54ed-4d3e-b2b6-13ccffc6d6ca@group-D3816A677CDA->92412348-7352-40be-aea2-771c347789e7-GrpcLogAppender: appendEntries Timeout, request=cfc25efc-54ed-4d3e-b2b6-13ccffc6d6ca->92412348-7352-40be-aea2-771c347789e7#105-t1, previous=(t:1, i:17), leaderCommit=11, initializing? false, entries: <empty>
2019-09-11 07:13:27,194 [grpc-default-executor-8] INFO  impl.RaftServerProxy (RaftServerProxy.java:remove(95)) - dd774419-39ed-4d90-9a0e-7a7d67fca22a: remove group-44CFF2683379:null
2019-09-11 07:13:27,200 [RatisPipelineUtilsThread] WARN  pipeline.RatisPipelineUtils (RatisPipelineUtils.java:destroyPipeline(66)) - Pipeline destroy failed for pipeline=PipelineID=23ab43d6-1d95-4eb5-a8fc-44cff2683379 dn=dd774419-39ed-4d90-9a0e-7a7d67fca22a{ip: 192.168.5.143, host: pr-hdds-1786-trunk-klbfp-3319181915, networkLocation: /default-rack, certSerialId: null}
2019-09-11 07:13:27,202 [grpc-default-executor-8] INFO  impl.RaftServerProxy (RaftServerProxy.java:remove(95)) - b48366ef-6f68-46c9-99e7-9871be9f97bc: remove group-44CFF2683379:null
2019-09-11 07:13:27,204 [RatisPipelineUtilsThread] WARN  pipeline.RatisPipelineUtils (RatisPipelineUtils.java:destroyPipeline(66)) - Pipeline destroy failed for pipeline=PipelineID=23ab43d6-1d95-4eb5-a8fc-44cff2683379 dn=b48366ef-6f68-46c9-99e7-9871be9f97bc{ip: 192.168.5.143, host: pr-hdds-1786-trunk-klbfp-3319181915, networkLocation: /default-rack, certSerialId: null}
2019-09-11 07:13:27,206 [grpc-default-executor-8] INFO  impl.RaftServerProxy (RaftServerProxy.java:remove(95)) - 094d95bb-124f-4491-a67a-8d0b5b434983: remove group-44CFF2683379:null
2019-09-11 07:13:27,208 [RatisPipelineUtilsThread] WARN  pipeline.RatisPipelineUtils (RatisPipelineUtils.java:destroyPipeline(66)) - Pipeline destroy failed for pipeline=PipelineID=23ab43d6-1d95-4eb5-a8fc-44cff2683379 dn=094d95bb-124f-4491-a67a-8d0b5b434983{ip: 192.168.5.143, host: pr-hdds-1786-trunk-klbfp-3319181915, networkLocation: /default-rack, certSerialId: null}
2019-09-11 07:13:27,208 [RatisPipelineUtilsThread] ERROR pipeline.SCMPipelineManager (Scheduler.java:lambda$schedule$1(70)) - Destroy pipeline failed for pipeline:Pipeline[ Id: 23ab43d6-1d95-4eb5-a8fc-44cff2683379, Nodes: dd774419-39ed-4d90-9a0e-7a7d67fca22a{ip: 192.168.5.143, host: pr-hdds-1786-trunk-klbfp-3319181915, networkLocation: /default-rack, certSerialId: null}b48366ef-6f68-46c9-99e7-9871be9f97bc{ip: 192.168.5.143, host: pr-hdds-1786-trunk-klbfp-3319181915, networkLocation: /default-rack, certSerialId: null}094d95bb-124f-4491-a67a-8d0b5b434983{ip: 192.168.5.143, host: pr-hdds-1786-trunk-klbfp-3319181915, networkLocation: /default-rack, certSerialId: null}, Type:RATIS, Factor:THREE, State:CLOSED]
org.apache.hadoop.hdds.scm.pipeline.PipelineNotFoundException: PipelineID=23ab43d6-1d95-4eb5-a8fc-44cff2683379 not found
	at org.apache.hadoop.hdds.scm.pipeline.PipelineStateMap.getPipeline(PipelineStateMap.java:132)
	at org.apache.hadoop.hdds.scm.pipeline.PipelineStateMap.removePipeline(PipelineStateMap.java:322)
	at org.apache.hadoop.hdds.scm.pipeline.PipelineStateManager.removePipeline(PipelineStateManager.java:107)
	at org.apache.hadoop.hdds.scm.pipeline.SCMPipelineManager.removePipeline(SCMPipelineManager.java:423)
	at org.apache.hadoop.hdds.scm.pipeline.SCMPipelineManager.destroyPipeline(SCMPipelineManager.java:409)
	at org.apache.hadoop.hdds.scm.pipeline.SCMPipelineManager.lambda$finalizeAndDestroyPipeline$0(SCMPipelineManager.java:318)
	at org.apache.hadoop.utils.Scheduler.lambda$schedule$1(Scheduler.java:68)
	at java.util.concurrent.Executors$RunnableAdapter.call(Executors.java:511)
	at java.util.concurrent.FutureTask.run(FutureTask.java:266)
	at java.util.concurrent.ScheduledThreadPoolExecutor$ScheduledFutureTask.access$201(ScheduledThreadPoolExecutor.java:180)
	at java.util.concurrent.ScheduledThreadPoolExecutor$ScheduledFutureTask.run(ScheduledThreadPoolExecutor.java:293)
	at java.util.concurrent.ThreadPoolExecutor.runWorker(ThreadPoolExecutor.java:1149)
	at java.util.concurrent.ThreadPoolExecutor$Worker.run(ThreadPoolExecutor.java:624)
	at java.lang.Thread.run(Thread.java:748)
2019-09-11 07:13:29,208 [java.util.concurrent.ThreadPoolExecutor$Worker@41115d6f[State = -1, empty queue]] WARN  server.GrpcLogAppender (GrpcLogAppender.java:timeoutAppendRequest(200)) - cfc25efc-54ed-4d3e-b2b6-13ccffc6d6ca@group-D3816A677CDA->92412348-7352-40be-aea2-771c347789e7-GrpcLogAppender: appendEntries Timeout, request=cfc25efc-54ed-4d3e-b2b6-13ccffc6d6ca->92412348-7352-40be-aea2-771c347789e7#106-t1, previous=(t:1, i:17), leaderCommit=11, initializing? false, entries: <empty>
2019-09-11 07:13:29,208 [java.util.concurrent.ThreadPoolExecutor$Worker@66a2441c[State = -1, empty queue]] WARN  server.GrpcLogAppender (GrpcLogAppender.java:timeoutAppendRequest(200)) - cfc25efc-54ed-4d3e-b2b6-13ccffc6d6ca@group-D3816A677CDA->76c4c990-655f-4900-b966-affd0bc7639c-GrpcLogAppender: appendEntries Timeout, request=cfc25efc-54ed-4d3e-b2b6-13ccffc6d6ca->76c4c990-655f-4900-b966-affd0bc7639c#106-t1, previous=(t:1, i:17), leaderCommit=11, initializing? false, entries: <empty>
2019-09-11 07:13:29,215 [grpc-default-executor-6] INFO  impl.RaftServerProxy (RaftServerProxy.java:remove(95)) - dd774419-39ed-4d90-9a0e-7a7d67fca22a: remove group-44CFF2683379:null
2019-09-11 07:13:29,219 [RatisPipelineUtilsThread] WARN  pipeline.RatisPipelineUtils (RatisPipelineUtils.java:destroyPipeline(66)) - Pipeline destroy failed for pipeline=PipelineID=23ab43d6-1d95-4eb5-a8fc-44cff2683379 dn=dd774419-39ed-4d90-9a0e-7a7d67fca22a{ip: 192.168.5.143, host: pr-hdds-1786-trunk-klbfp-3319181915, networkLocation: /default-rack, certSerialId: null}
2019-09-11 07:13:29,222 [grpc-default-executor-6] INFO  impl.RaftServerProxy (RaftServerProxy.java:remove(95)) - b48366ef-6f68-46c9-99e7-9871be9f97bc: remove group-44CFF2683379:null
2019-09-11 07:13:29,224 [RatisPipelineUtilsThread] WARN  pipeline.RatisPipelineUtils (RatisPipelineUtils.java:destroyPipeline(66)) - Pipeline destroy failed for pipeline=PipelineID=23ab43d6-1d95-4eb5-a8fc-44cff2683379 dn=b48366ef-6f68-46c9-99e7-9871be9f97bc{ip: 192.168.5.143, host: pr-hdds-1786-trunk-klbfp-3319181915, networkLocation: /default-rack, certSerialId: null}
2019-09-11 07:13:29,226 [grpc-default-executor-6] INFO  impl.RaftServerProxy (RaftServerProxy.java:remove(95)) - 094d95bb-124f-4491-a67a-8d0b5b434983: remove group-44CFF2683379:null
2019-09-11 07:13:29,229 [RatisPipelineUtilsThread] WARN  pipeline.RatisPipelineUtils (RatisPipelineUtils.java:destroyPipeline(66)) - Pipeline destroy failed for pipeline=PipelineID=23ab43d6-1d95-4eb5-a8fc-44cff2683379 dn=094d95bb-124f-4491-a67a-8d0b5b434983{ip: 192.168.5.143, host: pr-hdds-1786-trunk-klbfp-3319181915, networkLocation: /default-rack, certSerialId: null}
2019-09-11 07:13:29,229 [RatisPipelineUtilsThread] ERROR pipeline.SCMPipelineManager (Scheduler.java:lambda$schedule$1(70)) - Destroy pipeline failed for pipeline:Pipeline[ Id: 23ab43d6-1d95-4eb5-a8fc-44cff2683379, Nodes: dd774419-39ed-4d90-9a0e-7a7d67fca22a{ip: 192.168.5.143, host: pr-hdds-1786-trunk-klbfp-3319181915, networkLocation: /default-rack, certSerialId: null}b48366ef-6f68-46c9-99e7-9871be9f97bc{ip: 192.168.5.143, host: pr-hdds-1786-trunk-klbfp-3319181915, networkLocation: /default-rack, certSerialId: null}094d95bb-124f-4491-a67a-8d0b5b434983{ip: 192.168.5.143, host: pr-hdds-1786-trunk-klbfp-3319181915, networkLocation: /default-rack, certSerialId: null}, Type:RATIS, Factor:THREE, State:CLOSED]
org.apache.hadoop.hdds.scm.pipeline.PipelineNotFoundException: PipelineID=23ab43d6-1d95-4eb5-a8fc-44cff2683379 not found
	at org.apache.hadoop.hdds.scm.pipeline.PipelineStateMap.getPipeline(PipelineStateMap.java:132)
	at org.apache.hadoop.hdds.scm.pipeline.PipelineStateMap.removePipeline(PipelineStateMap.java:322)
	at org.apache.hadoop.hdds.scm.pipeline.PipelineStateManager.removePipeline(PipelineStateManager.java:107)
	at org.apache.hadoop.hdds.scm.pipeline.SCMPipelineManager.removePipeline(SCMPipelineManager.java:423)
	at org.apache.hadoop.hdds.scm.pipeline.SCMPipelineManager.destroyPipeline(SCMPipelineManager.java:409)
	at org.apache.hadoop.hdds.scm.pipeline.SCMPipelineManager.lambda$finalizeAndDestroyPipeline$0(SCMPipelineManager.java:318)
	at org.apache.hadoop.utils.Scheduler.lambda$schedule$1(Scheduler.java:68)
	at java.util.concurrent.Executors$RunnableAdapter.call(Executors.java:511)
	at java.util.concurrent.FutureTask.run(FutureTask.java:266)
	at java.util.concurrent.ScheduledThreadPoolExecutor$ScheduledFutureTask.access$201(ScheduledThreadPoolExecutor.java:180)
	at java.util.concurrent.ScheduledThreadPoolExecutor$ScheduledFutureTask.run(ScheduledThreadPoolExecutor.java:293)
	at java.util.concurrent.ThreadPoolExecutor.runWorker(ThreadPoolExecutor.java:1149)
	at java.util.concurrent.ThreadPoolExecutor$Worker.run(ThreadPoolExecutor.java:624)
	at java.lang.Thread.run(Thread.java:748)
2019-09-11 07:13:31,626 [grpc-default-executor-8] INFO  client.GrpcClientProtocolClient (GrpcClientProtocolClient.java:onNext(264)) - client-65AAF9F256C4->76c4c990-655f-4900-b966-affd0bc7639c: receive RaftClientReply:client-65AAF9F256C4->76c4c990-655f-4900-b966-affd0bc7639c@group-D3816A677CDA, cid=143, FAILED org.apache.ratis.protocol.NotLeaderException: Server 76c4c990-655f-4900-b966-affd0bc7639c@group-D3816A677CDA is not the leader cfc25efc-54ed-4d3e-b2b6-13ccffc6d6ca:192.168.5.143:42744, logIndex=0, commits[76c4c990-655f-4900-b966-affd0bc7639c:c11, cfc25efc-54ed-4d3e-b2b6-13ccffc6d6ca:c11, 92412348-7352-40be-aea2-771c347789e7:c7]
2019-09-11 07:13:31,708 [java.util.concurrent.ThreadPoolExecutor$Worker@41115d6f[State = -1, empty queue]] WARN  server.GrpcLogAppender (GrpcLogAppender.java:timeoutAppendRequest(200)) - cfc25efc-54ed-4d3e-b2b6-13ccffc6d6ca@group-D3816A677CDA->92412348-7352-40be-aea2-771c347789e7-GrpcLogAppender: appendEntries Timeout, request=cfc25efc-54ed-4d3e-b2b6-13ccffc6d6ca->92412348-7352-40be-aea2-771c347789e7#107-t1, previous=(t:1, i:17), leaderCommit=11, initializing? false, entries: <empty>
2019-09-11 07:13:31,708 [java.util.concurrent.ThreadPoolExecutor$Worker@66a2441c[State = -1, empty queue]] WARN  server.GrpcLogAppender (GrpcLogAppender.java:timeoutAppendRequest(200)) - cfc25efc-54ed-4d3e-b2b6-13ccffc6d6ca@group-D3816A677CDA->76c4c990-655f-4900-b966-affd0bc7639c-GrpcLogAppender: appendEntries Timeout, request=cfc25efc-54ed-4d3e-b2b6-13ccffc6d6ca->76c4c990-655f-4900-b966-affd0bc7639c#107-t1, previous=(t:1, i:17), leaderCommit=11, initializing? false, entries: <empty>
2019-09-11 07:13:32,197 [grpc-default-executor-6] INFO  impl.RaftServerProxy (RaftServerProxy.java:remove(95)) - dd774419-39ed-4d90-9a0e-7a7d67fca22a: remove group-44CFF2683379:null
2019-09-11 07:13:32,200 [RatisPipelineUtilsThread] WARN  pipeline.RatisPipelineUtils (RatisPipelineUtils.java:destroyPipeline(66)) - Pipeline destroy failed for pipeline=PipelineID=23ab43d6-1d95-4eb5-a8fc-44cff2683379 dn=dd774419-39ed-4d90-9a0e-7a7d67fca22a{ip: 192.168.5.143, host: pr-hdds-1786-trunk-klbfp-3319181915, networkLocation: /default-rack, certSerialId: null}
2019-09-11 07:13:32,203 [grpc-default-executor-6] INFO  impl.RaftServerProxy (RaftServerProxy.java:remove(95)) - b48366ef-6f68-46c9-99e7-9871be9f97bc: remove group-44CFF2683379:null
2019-09-11 07:13:32,205 [RatisPipelineUtilsThread] WARN  pipeline.RatisPipelineUtils (RatisPipelineUtils.java:destroyPipeline(66)) - Pipeline destroy failed for pipeline=PipelineID=23ab43d6-1d95-4eb5-a8fc-44cff2683379 dn=b48366ef-6f68-46c9-99e7-9871be9f97bc{ip: 192.168.5.143, host: pr-hdds-1786-trunk-klbfp-3319181915, networkLocation: /default-rack, certSerialId: null}
2019-09-11 07:13:32,208 [grpc-default-executor-6] INFO  impl.RaftServerProxy (RaftServerProxy.java:remove(95)) - 094d95bb-124f-4491-a67a-8d0b5b434983: remove group-44CFF2683379:null
2019-09-11 07:13:32,210 [RatisPipelineUtilsThread] WARN  pipeline.RatisPipelineUtils (RatisPipelineUtils.java:destroyPipeline(66)) - Pipeline destroy failed for pipeline=PipelineID=23ab43d6-1d95-4eb5-a8fc-44cff2683379 dn=094d95bb-124f-4491-a67a-8d0b5b434983{ip: 192.168.5.143, host: pr-hdds-1786-trunk-klbfp-3319181915, networkLocation: /default-rack, certSerialId: null}
2019-09-11 07:13:32,211 [RatisPipelineUtilsThread] ERROR pipeline.SCMPipelineManager (Scheduler.java:lambda$schedule$1(70)) - Destroy pipeline failed for pipeline:Pipeline[ Id: 23ab43d6-1d95-4eb5-a8fc-44cff2683379, Nodes: dd774419-39ed-4d90-9a0e-7a7d67fca22a{ip: 192.168.5.143, host: pr-hdds-1786-trunk-klbfp-3319181915, networkLocation: /default-rack, certSerialId: null}b48366ef-6f68-46c9-99e7-9871be9f97bc{ip: 192.168.5.143, host: pr-hdds-1786-trunk-klbfp-3319181915, networkLocation: /default-rack, certSerialId: null}094d95bb-124f-4491-a67a-8d0b5b434983{ip: 192.168.5.143, host: pr-hdds-1786-trunk-klbfp-3319181915, networkLocation: /default-rack, certSerialId: null}, Type:RATIS, Factor:THREE, State:CLOSED]
org.apache.hadoop.hdds.scm.pipeline.PipelineNotFoundException: PipelineID=23ab43d6-1d95-4eb5-a8fc-44cff2683379 not found
	at org.apache.hadoop.hdds.scm.pipeline.PipelineStateMap.getPipeline(PipelineStateMap.java:132)
	at org.apache.hadoop.hdds.scm.pipeline.PipelineStateMap.removePipeline(PipelineStateMap.java:322)
	at org.apache.hadoop.hdds.scm.pipeline.PipelineStateManager.removePipeline(PipelineStateManager.java:107)
	at org.apache.hadoop.hdds.scm.pipeline.SCMPipelineManager.removePipeline(SCMPipelineManager.java:423)
	at org.apache.hadoop.hdds.scm.pipeline.SCMPipelineManager.destroyPipeline(SCMPipelineManager.java:409)
	at org.apache.hadoop.hdds.scm.pipeline.SCMPipelineManager.lambda$finalizeAndDestroyPipeline$0(SCMPipelineManager.java:318)
	at org.apache.hadoop.utils.Scheduler.lambda$schedule$1(Scheduler.java:68)
	at java.util.concurrent.Executors$RunnableAdapter.call(Executors.java:511)
	at java.util.concurrent.FutureTask.run(FutureTask.java:266)
	at java.util.concurrent.ScheduledThreadPoolExecutor$ScheduledFutureTask.access$201(ScheduledThreadPoolExecutor.java:180)
	at java.util.concurrent.ScheduledThreadPoolExecutor$ScheduledFutureTask.run(ScheduledThreadPoolExecutor.java:293)
	at java.util.concurrent.ThreadPoolExecutor.runWorker(ThreadPoolExecutor.java:1149)
	at java.util.concurrent.ThreadPoolExecutor$Worker.run(ThreadPoolExecutor.java:624)
	at java.lang.Thread.run(Thread.java:748)
2019-09-11 07:13:34,197 [grpc-default-executor-6] INFO  impl.RaftServerProxy (RaftServerProxy.java:remove(95)) - dd774419-39ed-4d90-9a0e-7a7d67fca22a: remove group-44CFF2683379:null
2019-09-11 07:13:34,202 [RatisPipelineUtilsThread] WARN  pipeline.RatisPipelineUtils (RatisPipelineUtils.java:destroyPipeline(66)) - Pipeline destroy failed for pipeline=PipelineID=23ab43d6-1d95-4eb5-a8fc-44cff2683379 dn=dd774419-39ed-4d90-9a0e-7a7d67fca22a{ip: 192.168.5.143, host: pr-hdds-1786-trunk-klbfp-3319181915, networkLocation: /default-rack, certSerialId: null}
2019-09-11 07:13:34,206 [grpc-default-executor-6] INFO  impl.RaftServerProxy (RaftServerProxy.java:remove(95)) - b48366ef-6f68-46c9-99e7-9871be9f97bc: remove group-44CFF2683379:null
2019-09-11 07:13:34,208 [RatisPipelineUtilsThread] WARN  pipeline.RatisPipelineUtils (RatisPipelineUtils.java:destroyPipeline(66)) - Pipeline destroy failed for pipeline=PipelineID=23ab43d6-1d95-4eb5-a8fc-44cff2683379 dn=b48366ef-6f68-46c9-99e7-9871be9f97bc{ip: 192.168.5.143, host: pr-hdds-1786-trunk-klbfp-3319181915, networkLocation: /default-rack, certSerialId: null}
2019-09-11 07:13:34,209 [java.util.concurrent.ThreadPoolExecutor$Worker@66a2441c[State = -1, empty queue]] WARN  server.GrpcLogAppender (GrpcLogAppender.java:timeoutAppendRequest(200)) - cfc25efc-54ed-4d3e-b2b6-13ccffc6d6ca@group-D3816A677CDA->76c4c990-655f-4900-b966-affd0bc7639c-GrpcLogAppender: appendEntries Timeout, request=cfc25efc-54ed-4d3e-b2b6-13ccffc6d6ca->76c4c990-655f-4900-b966-affd0bc7639c#108-t1, previous=(t:1, i:17), leaderCommit=11, initializing? false, entries: <empty>
2019-09-11 07:13:34,209 [java.util.concurrent.ThreadPoolExecutor$Worker@41115d6f[State = -1, empty queue]] WARN  server.GrpcLogAppender (GrpcLogAppender.java:timeoutAppendRequest(200)) - cfc25efc-54ed-4d3e-b2b6-13ccffc6d6ca@group-D3816A677CDA->92412348-7352-40be-aea2-771c347789e7-GrpcLogAppender: appendEntries Timeout, request=cfc25efc-54ed-4d3e-b2b6-13ccffc6d6ca->92412348-7352-40be-aea2-771c347789e7#108-t1, previous=(t:1, i:17), leaderCommit=11, initializing? false, entries: <empty>
2019-09-11 07:13:34,210 [grpc-default-executor-6] INFO  impl.RaftServerProxy (RaftServerProxy.java:remove(95)) - 094d95bb-124f-4491-a67a-8d0b5b434983: remove group-44CFF2683379:null
2019-09-11 07:13:34,212 [RatisPipelineUtilsThread] WARN  pipeline.RatisPipelineUtils (RatisPipelineUtils.java:destroyPipeline(66)) - Pipeline destroy failed for pipeline=PipelineID=23ab43d6-1d95-4eb5-a8fc-44cff2683379 dn=094d95bb-124f-4491-a67a-8d0b5b434983{ip: 192.168.5.143, host: pr-hdds-1786-trunk-klbfp-3319181915, networkLocation: /default-rack, certSerialId: null}
2019-09-11 07:13:34,212 [RatisPipelineUtilsThread] ERROR pipeline.SCMPipelineManager (Scheduler.java:lambda$schedule$1(70)) - Destroy pipeline failed for pipeline:Pipeline[ Id: 23ab43d6-1d95-4eb5-a8fc-44cff2683379, Nodes: dd774419-39ed-4d90-9a0e-7a7d67fca22a{ip: 192.168.5.143, host: pr-hdds-1786-trunk-klbfp-3319181915, networkLocation: /default-rack, certSerialId: null}b48366ef-6f68-46c9-99e7-9871be9f97bc{ip: 192.168.5.143, host: pr-hdds-1786-trunk-klbfp-3319181915, networkLocation: /default-rack, certSerialId: null}094d95bb-124f-4491-a67a-8d0b5b434983{ip: 192.168.5.143, host: pr-hdds-1786-trunk-klbfp-3319181915, networkLocation: /default-rack, certSerialId: null}, Type:RATIS, Factor:THREE, State:CLOSED]
org.apache.hadoop.hdds.scm.pipeline.PipelineNotFoundException: PipelineID=23ab43d6-1d95-4eb5-a8fc-44cff2683379 not found
	at org.apache.hadoop.hdds.scm.pipeline.PipelineStateMap.getPipeline(PipelineStateMap.java:132)
	at org.apache.hadoop.hdds.scm.pipeline.PipelineStateMap.removePipeline(PipelineStateMap.java:322)
	at org.apache.hadoop.hdds.scm.pipeline.PipelineStateManager.removePipeline(PipelineStateManager.java:107)
	at org.apache.hadoop.hdds.scm.pipeline.SCMPipelineManager.removePipeline(SCMPipelineManager.java:423)
	at org.apache.hadoop.hdds.scm.pipeline.SCMPipelineManager.destroyPipeline(SCMPipelineManager.java:409)
	at org.apache.hadoop.hdds.scm.pipeline.SCMPipelineManager.lambda$finalizeAndDestroyPipeline$0(SCMPipelineManager.java:318)
	at org.apache.hadoop.utils.Scheduler.lambda$schedule$1(Scheduler.java:68)
	at java.util.concurrent.Executors$RunnableAdapter.call(Executors.java:511)
	at java.util.concurrent.FutureTask.run(FutureTask.java:266)
	at java.util.concurrent.ScheduledThreadPoolExecutor$ScheduledFutureTask.access$201(ScheduledThreadPoolExecutor.java:180)
	at java.util.concurrent.ScheduledThreadPoolExecutor$ScheduledFutureTask.run(ScheduledThreadPoolExecutor.java:293)
	at java.util.concurrent.ThreadPoolExecutor.runWorker(ThreadPoolExecutor.java:1149)
	at java.util.concurrent.ThreadPoolExecutor$Worker.run(ThreadPoolExecutor.java:624)
	at java.lang.Thread.run(Thread.java:748)
2019-09-11 07:13:36,207 [cfc25efc-54ed-4d3e-b2b6-13ccffc6d6ca@group-D3816A677CDA-SegmentedRaftLogWorker] WARN  segmented.SegmentedRaftLogWorker (SegmentedRaftLogWorker.java:getFromFuture(90)) - Timeout 4/~
org.apache.ratis.protocol.TimeoutIOException: Timeout 10s: WriteLog:12: (t:1, i:12), STATEMACHINELOGENTRY, client-65AAF9F256C4, cid=143-writeStateMachineData
	at org.apache.ratis.util.IOUtils.getFromFuture(IOUtils.java:87)
	at org.apache.ratis.server.raftlog.segmented.SegmentedRaftLogWorker$StateMachineDataPolicy.getFromFuture(SegmentedRaftLogWorker.java:87)
	at org.apache.ratis.server.raftlog.segmented.SegmentedRaftLogWorker$WriteLog.execute(SegmentedRaftLogWorker.java:477)
	at org.apache.ratis.server.raftlog.segmented.SegmentedRaftLogWorker.run(SegmentedRaftLogWorker.java:289)
	at java.lang.Thread.run(Thread.java:748)
Caused by: java.util.concurrent.TimeoutException
	at java.util.concurrent.CompletableFuture.timedGet(CompletableFuture.java:1771)
	at java.util.concurrent.CompletableFuture.get(CompletableFuture.java:1915)
	at org.apache.ratis.util.IOUtils.getFromFuture(IOUtils.java:79)
	... 4 more
2019-09-11 07:13:36,207 [92412348-7352-40be-aea2-771c347789e7@group-D3816A677CDA-SegmentedRaftLogWorker] WARN  segmented.SegmentedRaftLogWorker (SegmentedRaftLogWorker.java:getFromFuture(90)) - Timeout 4/~
org.apache.ratis.protocol.TimeoutIOException: Timeout 10s: WriteLog:12: (t:1, i:12), STATEMACHINELOGENTRY, client-65AAF9F256C4, cid=143-writeStateMachineData
	at org.apache.ratis.util.IOUtils.getFromFuture(IOUtils.java:87)
	at org.apache.ratis.server.raftlog.segmented.SegmentedRaftLogWorker$StateMachineDataPolicy.getFromFuture(SegmentedRaftLogWorker.java:87)
	at org.apache.ratis.server.raftlog.segmented.SegmentedRaftLogWorker$WriteLog.execute(SegmentedRaftLogWorker.java:477)
	at org.apache.ratis.server.raftlog.segmented.SegmentedRaftLogWorker.run(SegmentedRaftLogWorker.java:289)
	at java.lang.Thread.run(Thread.java:748)
Caused by: java.util.concurrent.TimeoutException
	at java.util.concurrent.CompletableFuture.timedGet(CompletableFuture.java:1771)
	at java.util.concurrent.CompletableFuture.get(CompletableFuture.java:1915)
	at org.apache.ratis.util.IOUtils.getFromFuture(IOUtils.java:79)
	... 4 more
2019-09-11 07:13:36,208 [76c4c990-655f-4900-b966-affd0bc7639c@group-D3816A677CDA-SegmentedRaftLogWorker] WARN  segmented.SegmentedRaftLogWorker (SegmentedRaftLogWorker.java:getFromFuture(90)) - Timeout 4/~
org.apache.ratis.protocol.TimeoutIOException: Timeout 10s: WriteLog:12: (t:1, i:12), STATEMACHINELOGENTRY, client-65AAF9F256C4, cid=143-writeStateMachineData
	at org.apache.ratis.util.IOUtils.getFromFuture(IOUtils.java:87)
	at org.apache.ratis.server.raftlog.segmented.SegmentedRaftLogWorker$StateMachineDataPolicy.getFromFuture(SegmentedRaftLogWorker.java:87)
	at org.apache.ratis.server.raftlog.segmented.SegmentedRaftLogWorker$WriteLog.execute(SegmentedRaftLogWorker.java:477)
	at org.apache.ratis.server.raftlog.segmented.SegmentedRaftLogWorker.run(SegmentedRaftLogWorker.java:289)
	at java.lang.Thread.run(Thread.java:748)
Caused by: java.util.concurrent.TimeoutException
	at java.util.concurrent.CompletableFuture.timedGet(CompletableFuture.java:1771)
	at java.util.concurrent.CompletableFuture.get(CompletableFuture.java:1915)
	at org.apache.ratis.util.IOUtils.getFromFuture(IOUtils.java:79)
	... 4 more
2019-09-11 07:13:36,675 [grpc-default-executor-8] INFO  client.GrpcClientProtocolClient (GrpcClientProtocolClient.java:onNext(264)) - client-65AAF9F256C4->76c4c990-655f-4900-b966-affd0bc7639c: receive RaftClientReply:client-65AAF9F256C4->76c4c990-655f-4900-b966-affd0bc7639c@group-D3816A677CDA, cid=143, FAILED org.apache.ratis.protocol.NotLeaderException: Server 76c4c990-655f-4900-b966-affd0bc7639c@group-D3816A677CDA is not the leader cfc25efc-54ed-4d3e-b2b6-13ccffc6d6ca:192.168.5.143:42744, logIndex=0, commits[76c4c990-655f-4900-b966-affd0bc7639c:c11, cfc25efc-54ed-4d3e-b2b6-13ccffc6d6ca:c11, 92412348-7352-40be-aea2-771c347789e7:c7]
2019-09-11 07:13:36,709 [java.util.concurrent.ThreadPoolExecutor$Worker@41115d6f[State = -1, empty queue]] WARN  server.GrpcLogAppender (GrpcLogAppender.java:timeoutAppendRequest(200)) - cfc25efc-54ed-4d3e-b2b6-13ccffc6d6ca@group-D3816A677CDA->92412348-7352-40be-aea2-771c347789e7-GrpcLogAppender: appendEntries Timeout, request=cfc25efc-54ed-4d3e-b2b6-13ccffc6d6ca->92412348-7352-40be-aea2-771c347789e7#109-t1, previous=(t:1, i:17), leaderCommit=11, initializing? false, entries: <empty>
2019-09-11 07:13:36,709 [java.util.concurrent.ThreadPoolExecutor$Worker@66a2441c[State = -1, empty queue]] WARN  server.GrpcLogAppender (GrpcLogAppender.java:timeoutAppendRequest(200)) - cfc25efc-54ed-4d3e-b2b6-13ccffc6d6ca@group-D3816A677CDA->76c4c990-655f-4900-b966-affd0bc7639c-GrpcLogAppender: appendEntries Timeout, request=cfc25efc-54ed-4d3e-b2b6-13ccffc6d6ca->76c4c990-655f-4900-b966-affd0bc7639c#109-t1, previous=(t:1, i:17), leaderCommit=11, initializing? false, entries: <empty>
2019-09-11 07:13:37,200 [grpc-default-executor-8] INFO  impl.RaftServerProxy (RaftServerProxy.java:remove(95)) - dd774419-39ed-4d90-9a0e-7a7d67fca22a: remove group-44CFF2683379:null
2019-09-11 07:13:37,203 [RatisPipelineUtilsThread] WARN  pipeline.RatisPipelineUtils (RatisPipelineUtils.java:destroyPipeline(66)) - Pipeline destroy failed for pipeline=PipelineID=23ab43d6-1d95-4eb5-a8fc-44cff2683379 dn=dd774419-39ed-4d90-9a0e-7a7d67fca22a{ip: 192.168.5.143, host: pr-hdds-1786-trunk-klbfp-3319181915, networkLocation: /default-rack, certSerialId: null}
2019-09-11 07:13:37,206 [grpc-default-executor-8] INFO  impl.RaftServerProxy (RaftServerProxy.java:remove(95)) - b48366ef-6f68-46c9-99e7-9871be9f97bc: remove group-44CFF2683379:null
2019-09-11 07:13:37,207 [RatisPipelineUtilsThread] WARN  pipeline.RatisPipelineUtils (RatisPipelineUtils.java:destroyPipeline(66)) - Pipeline destroy failed for pipeline=PipelineID=23ab43d6-1d95-4eb5-a8fc-44cff2683379 dn=b48366ef-6f68-46c9-99e7-9871be9f97bc{ip: 192.168.5.143, host: pr-hdds-1786-trunk-klbfp-3319181915, networkLocation: /default-rack, certSerialId: null}
2019-09-11 07:13:37,210 [grpc-default-executor-8] INFO  impl.RaftServerProxy (RaftServerProxy.java:remove(95)) - 094d95bb-124f-4491-a67a-8d0b5b434983: remove group-44CFF2683379:null
2019-09-11 07:13:37,212 [RatisPipelineUtilsThread] WARN  pipeline.RatisPipelineUtils (RatisPipelineUtils.java:destroyPipeline(66)) - Pipeline destroy failed for pipeline=PipelineID=23ab43d6-1d95-4eb5-a8fc-44cff2683379 dn=094d95bb-124f-4491-a67a-8d0b5b434983{ip: 192.168.5.143, host: pr-hdds-1786-trunk-klbfp-3319181915, networkLocation: /default-rack, certSerialId: null}
2019-09-11 07:13:37,212 [RatisPipelineUtilsThread] ERROR pipeline.SCMPipelineManager (Scheduler.java:lambda$schedule$1(70)) - Destroy pipeline failed for pipeline:Pipeline[ Id: 23ab43d6-1d95-4eb5-a8fc-44cff2683379, Nodes: dd774419-39ed-4d90-9a0e-7a7d67fca22a{ip: 192.168.5.143, host: pr-hdds-1786-trunk-klbfp-3319181915, networkLocation: /default-rack, certSerialId: null}b48366ef-6f68-46c9-99e7-9871be9f97bc{ip: 192.168.5.143, host: pr-hdds-1786-trunk-klbfp-3319181915, networkLocation: /default-rack, certSerialId: null}094d95bb-124f-4491-a67a-8d0b5b434983{ip: 192.168.5.143, host: pr-hdds-1786-trunk-klbfp-3319181915, networkLocation: /default-rack, certSerialId: null}, Type:RATIS, Factor:THREE, State:CLOSED]
org.apache.hadoop.hdds.scm.pipeline.PipelineNotFoundException: PipelineID=23ab43d6-1d95-4eb5-a8fc-44cff2683379 not found
	at org.apache.hadoop.hdds.scm.pipeline.PipelineStateMap.getPipeline(PipelineStateMap.java:132)
	at org.apache.hadoop.hdds.scm.pipeline.PipelineStateMap.removePipeline(PipelineStateMap.java:322)
	at org.apache.hadoop.hdds.scm.pipeline.PipelineStateManager.removePipeline(PipelineStateManager.java:107)
	at org.apache.hadoop.hdds.scm.pipeline.SCMPipelineManager.removePipeline(SCMPipelineManager.java:423)
	at org.apache.hadoop.hdds.scm.pipeline.SCMPipelineManager.destroyPipeline(SCMPipelineManager.java:409)
	at org.apache.hadoop.hdds.scm.pipeline.SCMPipelineManager.lambda$finalizeAndDestroyPipeline$0(SCMPipelineManager.java:318)
	at org.apache.hadoop.utils.Scheduler.lambda$schedule$1(Scheduler.java:68)
	at java.util.concurrent.Executors$RunnableAdapter.call(Executors.java:511)
	at java.util.concurrent.FutureTask.run(FutureTask.java:266)
	at java.util.concurrent.ScheduledThreadPoolExecutor$ScheduledFutureTask.access$201(ScheduledThreadPoolExecutor.java:180)
	at java.util.concurrent.ScheduledThreadPoolExecutor$ScheduledFutureTask.run(ScheduledThreadPoolExecutor.java:293)
	at java.util.concurrent.ThreadPoolExecutor.runWorker(ThreadPoolExecutor.java:1149)
	at java.util.concurrent.ThreadPoolExecutor$Worker.run(ThreadPoolExecutor.java:624)
	at java.lang.Thread.run(Thread.java:748)
2019-09-11 07:13:39,209 [grpc-default-executor-6] INFO  impl.RaftServerProxy (RaftServerProxy.java:remove(95)) - dd774419-39ed-4d90-9a0e-7a7d67fca22a: remove group-44CFF2683379:null
2019-09-11 07:13:39,209 [java.util.concurrent.ThreadPoolExecutor$Worker@66a2441c[State = -1, empty queue]] WARN  server.GrpcLogAppender (GrpcLogAppender.java:timeoutAppendRequest(200)) - cfc25efc-54ed-4d3e-b2b6-13ccffc6d6ca@group-D3816A677CDA->76c4c990-655f-4900-b966-affd0bc7639c-GrpcLogAppender: appendEntries Timeout, request=cfc25efc-54ed-4d3e-b2b6-13ccffc6d6ca->76c4c990-655f-4900-b966-affd0bc7639c#110-t1, previous=(t:1, i:17), leaderCommit=11, initializing? false, entries: <empty>
2019-09-11 07:13:39,209 [java.util.concurrent.ThreadPoolExecutor$Worker@41115d6f[State = -1, empty queue]] WARN  server.GrpcLogAppender (GrpcLogAppender.java:timeoutAppendRequest(200)) - cfc25efc-54ed-4d3e-b2b6-13ccffc6d6ca@group-D3816A677CDA->92412348-7352-40be-aea2-771c347789e7-GrpcLogAppender: appendEntries Timeout, request=cfc25efc-54ed-4d3e-b2b6-13ccffc6d6ca->92412348-7352-40be-aea2-771c347789e7#110-t1, previous=(t:1, i:17), leaderCommit=11, initializing? false, entries: <empty>
2019-09-11 07:13:39,217 [RatisPipelineUtilsThread] WARN  pipeline.RatisPipelineUtils (RatisPipelineUtils.java:destroyPipeline(66)) - Pipeline destroy failed for pipeline=PipelineID=23ab43d6-1d95-4eb5-a8fc-44cff2683379 dn=dd774419-39ed-4d90-9a0e-7a7d67fca22a{ip: 192.168.5.143, host: pr-hdds-1786-trunk-klbfp-3319181915, networkLocation: /default-rack, certSerialId: null}
2019-09-11 07:13:39,220 [grpc-default-executor-6] INFO  impl.RaftServerProxy (RaftServerProxy.java:remove(95)) - b48366ef-6f68-46c9-99e7-9871be9f97bc: remove group-44CFF2683379:null
2019-09-11 07:13:39,222 [RatisPipelineUtilsThread] WARN  pipeline.RatisPipelineUtils (RatisPipelineUtils.java:destroyPipeline(66)) - Pipeline destroy failed for pipeline=PipelineID=23ab43d6-1d95-4eb5-a8fc-44cff2683379 dn=b48366ef-6f68-46c9-99e7-9871be9f97bc{ip: 192.168.5.143, host: pr-hdds-1786-trunk-klbfp-3319181915, networkLocation: /default-rack, certSerialId: null}
2019-09-11 07:13:39,225 [grpc-default-executor-6] INFO  impl.RaftServerProxy (RaftServerProxy.java:remove(95)) - 094d95bb-124f-4491-a67a-8d0b5b434983: remove group-44CFF2683379:null
2019-09-11 07:13:39,227 [RatisPipelineUtilsThread] WARN  pipeline.RatisPipelineUtils (RatisPipelineUtils.java:destroyPipeline(66)) - Pipeline destroy failed for pipeline=PipelineID=23ab43d6-1d95-4eb5-a8fc-44cff2683379 dn=094d95bb-124f-4491-a67a-8d0b5b434983{ip: 192.168.5.143, host: pr-hdds-1786-trunk-klbfp-3319181915, networkLocation: /default-rack, certSerialId: null}
2019-09-11 07:13:39,227 [RatisPipelineUtilsThread] ERROR pipeline.SCMPipelineManager (Scheduler.java:lambda$schedule$1(70)) - Destroy pipeline failed for pipeline:Pipeline[ Id: 23ab43d6-1d95-4eb5-a8fc-44cff2683379, Nodes: dd774419-39ed-4d90-9a0e-7a7d67fca22a{ip: 192.168.5.143, host: pr-hdds-1786-trunk-klbfp-3319181915, networkLocation: /default-rack, certSerialId: null}b48366ef-6f68-46c9-99e7-9871be9f97bc{ip: 192.168.5.143, host: pr-hdds-1786-trunk-klbfp-3319181915, networkLocation: /default-rack, certSerialId: null}094d95bb-124f-4491-a67a-8d0b5b434983{ip: 192.168.5.143, host: pr-hdds-1786-trunk-klbfp-3319181915, networkLocation: /default-rack, certSerialId: null}, Type:RATIS, Factor:THREE, State:CLOSED]
org.apache.hadoop.hdds.scm.pipeline.PipelineNotFoundException: PipelineID=23ab43d6-1d95-4eb5-a8fc-44cff2683379 not found
	at org.apache.hadoop.hdds.scm.pipeline.PipelineStateMap.getPipeline(PipelineStateMap.java:132)
	at org.apache.hadoop.hdds.scm.pipeline.PipelineStateMap.removePipeline(PipelineStateMap.java:322)
	at org.apache.hadoop.hdds.scm.pipeline.PipelineStateManager.removePipeline(PipelineStateManager.java:107)
	at org.apache.hadoop.hdds.scm.pipeline.SCMPipelineManager.removePipeline(SCMPipelineManager.java:423)
	at org.apache.hadoop.hdds.scm.pipeline.SCMPipelineManager.destroyPipeline(SCMPipelineManager.java:409)
	at org.apache.hadoop.hdds.scm.pipeline.SCMPipelineManager.lambda$finalizeAndDestroyPipeline$0(SCMPipelineManager.java:318)
	at org.apache.hadoop.utils.Scheduler.lambda$schedule$1(Scheduler.java:68)
	at java.util.concurrent.Executors$RunnableAdapter.call(Executors.java:511)
	at java.util.concurrent.FutureTask.run(FutureTask.java:266)
	at java.util.concurrent.ScheduledThreadPoolExecutor$ScheduledFutureTask.access$201(ScheduledThreadPoolExecutor.java:180)
	at java.util.concurrent.ScheduledThreadPoolExecutor$ScheduledFutureTask.run(ScheduledThreadPoolExecutor.java:293)
	at java.util.concurrent.ThreadPoolExecutor.runWorker(ThreadPoolExecutor.java:1149)
	at java.util.concurrent.ThreadPoolExecutor$Worker.run(ThreadPoolExecutor.java:624)
	at java.lang.Thread.run(Thread.java:748)
2019-09-11 07:13:41,710 [java.util.concurrent.ThreadPoolExecutor$Worker@66a2441c[State = -1, empty queue]] WARN  server.GrpcLogAppender (GrpcLogAppender.java:timeoutAppendRequest(200)) - cfc25efc-54ed-4d3e-b2b6-13ccffc6d6ca@group-D3816A677CDA->76c4c990-655f-4900-b966-affd0bc7639c-GrpcLogAppender: appendEntries Timeout, request=cfc25efc-54ed-4d3e-b2b6-13ccffc6d6ca->76c4c990-655f-4900-b966-affd0bc7639c#111-t1, previous=(t:1, i:17), leaderCommit=11, initializing? false, entries: <empty>
2019-09-11 07:13:41,710 [java.util.concurrent.ThreadPoolExecutor$Worker@41115d6f[State = -1, empty queue]] WARN  server.GrpcLogAppender (GrpcLogAppender.java:timeoutAppendRequest(200)) - cfc25efc-54ed-4d3e-b2b6-13ccffc6d6ca@group-D3816A677CDA->92412348-7352-40be-aea2-771c347789e7-GrpcLogAppender: appendEntries Timeout, request=cfc25efc-54ed-4d3e-b2b6-13ccffc6d6ca->92412348-7352-40be-aea2-771c347789e7#111-t1, previous=(t:1, i:17), leaderCommit=11, initializing? false, entries: <empty>
2019-09-11 07:13:41,726 [grpc-default-executor-8] INFO  client.GrpcClientProtocolClient (GrpcClientProtocolClient.java:onNext(264)) - client-65AAF9F256C4->76c4c990-655f-4900-b966-affd0bc7639c: receive RaftClientReply:client-65AAF9F256C4->76c4c990-655f-4900-b966-affd0bc7639c@group-D3816A677CDA, cid=143, FAILED org.apache.ratis.protocol.NotLeaderException: Server 76c4c990-655f-4900-b966-affd0bc7639c@group-D3816A677CDA is not the leader cfc25efc-54ed-4d3e-b2b6-13ccffc6d6ca:192.168.5.143:42744, logIndex=0, commits[76c4c990-655f-4900-b966-affd0bc7639c:c11, cfc25efc-54ed-4d3e-b2b6-13ccffc6d6ca:c11, 92412348-7352-40be-aea2-771c347789e7:c7]
2019-09-11 07:13:42,204 [grpc-default-executor-8] INFO  impl.RaftServerProxy (RaftServerProxy.java:remove(95)) - dd774419-39ed-4d90-9a0e-7a7d67fca22a: remove group-44CFF2683379:null
2019-09-11 07:13:42,208 [RatisPipelineUtilsThread] WARN  pipeline.RatisPipelineUtils (RatisPipelineUtils.java:destroyPipeline(66)) - Pipeline destroy failed for pipeline=PipelineID=23ab43d6-1d95-4eb5-a8fc-44cff2683379 dn=dd774419-39ed-4d90-9a0e-7a7d67fca22a{ip: 192.168.5.143, host: pr-hdds-1786-trunk-klbfp-3319181915, networkLocation: /default-rack, certSerialId: null}
2019-09-11 07:13:42,210 [grpc-default-executor-8] INFO  impl.RaftServerProxy (RaftServerProxy.java:remove(95)) - b48366ef-6f68-46c9-99e7-9871be9f97bc: remove group-44CFF2683379:null
2019-09-11 07:13:42,212 [RatisPipelineUtilsThread] WARN  pipeline.RatisPipelineUtils (RatisPipelineUtils.java:destroyPipeline(66)) - Pipeline destroy failed for pipeline=PipelineID=23ab43d6-1d95-4eb5-a8fc-44cff2683379 dn=b48366ef-6f68-46c9-99e7-9871be9f97bc{ip: 192.168.5.143, host: pr-hdds-1786-trunk-klbfp-3319181915, networkLocation: /default-rack, certSerialId: null}
2019-09-11 07:13:42,214 [grpc-default-executor-8] INFO  impl.RaftServerProxy (RaftServerProxy.java:remove(95)) - 094d95bb-124f-4491-a67a-8d0b5b434983: remove group-44CFF2683379:null
2019-09-11 07:13:42,216 [RatisPipelineUtilsThread] WARN  pipeline.RatisPipelineUtils (RatisPipelineUtils.java:destroyPipeline(66)) - Pipeline destroy failed for pipeline=PipelineID=23ab43d6-1d95-4eb5-a8fc-44cff2683379 dn=094d95bb-124f-4491-a67a-8d0b5b434983{ip: 192.168.5.143, host: pr-hdds-1786-trunk-klbfp-3319181915, networkLocation: /default-rack, certSerialId: null}
2019-09-11 07:13:42,216 [RatisPipelineUtilsThread] ERROR pipeline.SCMPipelineManager (Scheduler.java:lambda$schedule$1(70)) - Destroy pipeline failed for pipeline:Pipeline[ Id: 23ab43d6-1d95-4eb5-a8fc-44cff2683379, Nodes: dd774419-39ed-4d90-9a0e-7a7d67fca22a{ip: 192.168.5.143, host: pr-hdds-1786-trunk-klbfp-3319181915, networkLocation: /default-rack, certSerialId: null}b48366ef-6f68-46c9-99e7-9871be9f97bc{ip: 192.168.5.143, host: pr-hdds-1786-trunk-klbfp-3319181915, networkLocation: /default-rack, certSerialId: null}094d95bb-124f-4491-a67a-8d0b5b434983{ip: 192.168.5.143, host: pr-hdds-1786-trunk-klbfp-3319181915, networkLocation: /default-rack, certSerialId: null}, Type:RATIS, Factor:THREE, State:CLOSED]
org.apache.hadoop.hdds.scm.pipeline.PipelineNotFoundException: PipelineID=23ab43d6-1d95-4eb5-a8fc-44cff2683379 not found
	at org.apache.hadoop.hdds.scm.pipeline.PipelineStateMap.getPipeline(PipelineStateMap.java:132)
	at org.apache.hadoop.hdds.scm.pipeline.PipelineStateMap.removePipeline(PipelineStateMap.java:322)
	at org.apache.hadoop.hdds.scm.pipeline.PipelineStateManager.removePipeline(PipelineStateManager.java:107)
	at org.apache.hadoop.hdds.scm.pipeline.SCMPipelineManager.removePipeline(SCMPipelineManager.java:423)
	at org.apache.hadoop.hdds.scm.pipeline.SCMPipelineManager.destroyPipeline(SCMPipelineManager.java:409)
	at org.apache.hadoop.hdds.scm.pipeline.SCMPipelineManager.lambda$finalizeAndDestroyPipeline$0(SCMPipelineManager.java:318)
	at org.apache.hadoop.utils.Scheduler.lambda$schedule$1(Scheduler.java:68)
	at java.util.concurrent.Executors$RunnableAdapter.call(Executors.java:511)
	at java.util.concurrent.FutureTask.run(FutureTask.java:266)
	at java.util.concurrent.ScheduledThreadPoolExecutor$ScheduledFutureTask.access$201(ScheduledThreadPoolExecutor.java:180)
	at java.util.concurrent.ScheduledThreadPoolExecutor$ScheduledFutureTask.run(ScheduledThreadPoolExecutor.java:293)
	at java.util.concurrent.ThreadPoolExecutor.runWorker(ThreadPoolExecutor.java:1149)
	at java.util.concurrent.ThreadPoolExecutor$Worker.run(ThreadPoolExecutor.java:624)
	at java.lang.Thread.run(Thread.java:748)
2019-09-11 07:13:44,199 [grpc-default-executor-6] INFO  impl.RaftServerProxy (RaftServerProxy.java:remove(95)) - dd774419-39ed-4d90-9a0e-7a7d67fca22a: remove group-44CFF2683379:null
2019-09-11 07:13:44,201 [RatisPipelineUtilsThread] WARN  pipeline.RatisPipelineUtils (RatisPipelineUtils.java:destroyPipeline(66)) - Pipeline destroy failed for pipeline=PipelineID=23ab43d6-1d95-4eb5-a8fc-44cff2683379 dn=dd774419-39ed-4d90-9a0e-7a7d67fca22a{ip: 192.168.5.143, host: pr-hdds-1786-trunk-klbfp-3319181915, networkLocation: /default-rack, certSerialId: null}
2019-09-11 07:13:44,204 [grpc-default-executor-6] INFO  impl.RaftServerProxy (RaftServerProxy.java:remove(95)) - b48366ef-6f68-46c9-99e7-9871be9f97bc: remove group-44CFF2683379:null
2019-09-11 07:13:44,206 [RatisPipelineUtilsThread] WARN  pipeline.RatisPipelineUtils (RatisPipelineUtils.java:destroyPipeline(66)) - Pipeline destroy failed for pipeline=PipelineID=23ab43d6-1d95-4eb5-a8fc-44cff2683379 dn=b48366ef-6f68-46c9-99e7-9871be9f97bc{ip: 192.168.5.143, host: pr-hdds-1786-trunk-klbfp-3319181915, networkLocation: /default-rack, certSerialId: null}
2019-09-11 07:13:44,208 [grpc-default-executor-6] INFO  impl.RaftServerProxy (RaftServerProxy.java:remove(95)) - 094d95bb-124f-4491-a67a-8d0b5b434983: remove group-44CFF2683379:null
2019-09-11 07:13:44,210 [java.util.concurrent.ThreadPoolExecutor$Worker@66a2441c[State = -1, empty queue]] WARN  server.GrpcLogAppender (GrpcLogAppender.java:timeoutAppendRequest(200)) - cfc25efc-54ed-4d3e-b2b6-13ccffc6d6ca@group-D3816A677CDA->76c4c990-655f-4900-b966-affd0bc7639c-GrpcLogAppender: appendEntries Timeout, request=cfc25efc-54ed-4d3e-b2b6-13ccffc6d6ca->76c4c990-655f-4900-b966-affd0bc7639c#112-t1, previous=(t:1, i:17), leaderCommit=11, initializing? false, entries: <empty>
2019-09-11 07:13:44,210 [java.util.concurrent.ThreadPoolExecutor$Worker@41115d6f[State = -1, empty queue]] WARN  server.GrpcLogAppender (GrpcLogAppender.java:timeoutAppendRequest(200)) - cfc25efc-54ed-4d3e-b2b6-13ccffc6d6ca@group-D3816A677CDA->92412348-7352-40be-aea2-771c347789e7-GrpcLogAppender: appendEntries Timeout, request=cfc25efc-54ed-4d3e-b2b6-13ccffc6d6ca->92412348-7352-40be-aea2-771c347789e7#112-t1, previous=(t:1, i:17), leaderCommit=11, initializing? false, entries: <empty>
2019-09-11 07:13:44,210 [RatisPipelineUtilsThread] WARN  pipeline.RatisPipelineUtils (RatisPipelineUtils.java:destroyPipeline(66)) - Pipeline destroy failed for pipeline=PipelineID=23ab43d6-1d95-4eb5-a8fc-44cff2683379 dn=094d95bb-124f-4491-a67a-8d0b5b434983{ip: 192.168.5.143, host: pr-hdds-1786-trunk-klbfp-3319181915, networkLocation: /default-rack, certSerialId: null}
2019-09-11 07:13:44,211 [RatisPipelineUtilsThread] ERROR pipeline.SCMPipelineManager (Scheduler.java:lambda$schedule$1(70)) - Destroy pipeline failed for pipeline:Pipeline[ Id: 23ab43d6-1d95-4eb5-a8fc-44cff2683379, Nodes: dd774419-39ed-4d90-9a0e-7a7d67fca22a{ip: 192.168.5.143, host: pr-hdds-1786-trunk-klbfp-3319181915, networkLocation: /default-rack, certSerialId: null}b48366ef-6f68-46c9-99e7-9871be9f97bc{ip: 192.168.5.143, host: pr-hdds-1786-trunk-klbfp-3319181915, networkLocation: /default-rack, certSerialId: null}094d95bb-124f-4491-a67a-8d0b5b434983{ip: 192.168.5.143, host: pr-hdds-1786-trunk-klbfp-3319181915, networkLocation: /default-rack, certSerialId: null}, Type:RATIS, Factor:THREE, State:CLOSED]
org.apache.hadoop.hdds.scm.pipeline.PipelineNotFoundException: PipelineID=23ab43d6-1d95-4eb5-a8fc-44cff2683379 not found
	at org.apache.hadoop.hdds.scm.pipeline.PipelineStateMap.getPipeline(PipelineStateMap.java:132)
	at org.apache.hadoop.hdds.scm.pipeline.PipelineStateMap.removePipeline(PipelineStateMap.java:322)
	at org.apache.hadoop.hdds.scm.pipeline.PipelineStateManager.removePipeline(PipelineStateManager.java:107)
	at org.apache.hadoop.hdds.scm.pipeline.SCMPipelineManager.removePipeline(SCMPipelineManager.java:423)
	at org.apache.hadoop.hdds.scm.pipeline.SCMPipelineManager.destroyPipeline(SCMPipelineManager.java:409)
	at org.apache.hadoop.hdds.scm.pipeline.SCMPipelineManager.lambda$finalizeAndDestroyPipeline$0(SCMPipelineManager.java:318)
	at org.apache.hadoop.utils.Scheduler.lambda$schedule$1(Scheduler.java:68)
	at java.util.concurrent.Executors$RunnableAdapter.call(Executors.java:511)
	at java.util.concurrent.FutureTask.run(FutureTask.java:266)
	at java.util.concurrent.ScheduledThreadPoolExecutor$ScheduledFutureTask.access$201(ScheduledThreadPoolExecutor.java:180)
	at java.util.concurrent.ScheduledThreadPoolExecutor$ScheduledFutureTask.run(ScheduledThreadPoolExecutor.java:293)
	at java.util.concurrent.ThreadPoolExecutor.runWorker(ThreadPoolExecutor.java:1149)
	at java.util.concurrent.ThreadPoolExecutor$Worker.run(ThreadPoolExecutor.java:624)
	at java.lang.Thread.run(Thread.java:748)
2019-09-11 07:13:46,209 [cfc25efc-54ed-4d3e-b2b6-13ccffc6d6ca@group-D3816A677CDA-SegmentedRaftLogWorker] WARN  segmented.SegmentedRaftLogWorker (SegmentedRaftLogWorker.java:getFromFuture(90)) - Timeout 5/~
org.apache.ratis.protocol.TimeoutIOException: Timeout 10s: WriteLog:12: (t:1, i:12), STATEMACHINELOGENTRY, client-65AAF9F256C4, cid=143-writeStateMachineData
	at org.apache.ratis.util.IOUtils.getFromFuture(IOUtils.java:87)
	at org.apache.ratis.server.raftlog.segmented.SegmentedRaftLogWorker$StateMachineDataPolicy.getFromFuture(SegmentedRaftLogWorker.java:87)
	at org.apache.ratis.server.raftlog.segmented.SegmentedRaftLogWorker$WriteLog.execute(SegmentedRaftLogWorker.java:477)
	at org.apache.ratis.server.raftlog.segmented.SegmentedRaftLogWorker.run(SegmentedRaftLogWorker.java:289)
	at java.lang.Thread.run(Thread.java:748)
Caused by: java.util.concurrent.TimeoutException
	at java.util.concurrent.CompletableFuture.timedGet(CompletableFuture.java:1771)
	at java.util.concurrent.CompletableFuture.get(CompletableFuture.java:1915)
	at org.apache.ratis.util.IOUtils.getFromFuture(IOUtils.java:79)
	... 4 more
2019-09-11 07:13:46,209 [92412348-7352-40be-aea2-771c347789e7@group-D3816A677CDA-SegmentedRaftLogWorker] WARN  segmented.SegmentedRaftLogWorker (SegmentedRaftLogWorker.java:getFromFuture(90)) - Timeout 5/~
org.apache.ratis.protocol.TimeoutIOException: Timeout 10s: WriteLog:12: (t:1, i:12), STATEMACHINELOGENTRY, client-65AAF9F256C4, cid=143-writeStateMachineData
	at org.apache.ratis.util.IOUtils.getFromFuture(IOUtils.java:87)
	at org.apache.ratis.server.raftlog.segmented.SegmentedRaftLogWorker$StateMachineDataPolicy.getFromFuture(SegmentedRaftLogWorker.java:87)
	at org.apache.ratis.server.raftlog.segmented.SegmentedRaftLogWorker$WriteLog.execute(SegmentedRaftLogWorker.java:477)
	at org.apache.ratis.server.raftlog.segmented.SegmentedRaftLogWorker.run(SegmentedRaftLogWorker.java:289)
	at java.lang.Thread.run(Thread.java:748)
Caused by: java.util.concurrent.TimeoutException
	at java.util.concurrent.CompletableFuture.timedGet(CompletableFuture.java:1771)
	at java.util.concurrent.CompletableFuture.get(CompletableFuture.java:1915)
	at org.apache.ratis.util.IOUtils.getFromFuture(IOUtils.java:79)
	... 4 more
2019-09-11 07:13:46,210 [76c4c990-655f-4900-b966-affd0bc7639c@group-D3816A677CDA-SegmentedRaftLogWorker] WARN  segmented.SegmentedRaftLogWorker (SegmentedRaftLogWorker.java:getFromFuture(90)) - Timeout 5/~
org.apache.ratis.protocol.TimeoutIOException: Timeout 10s: WriteLog:12: (t:1, i:12), STATEMACHINELOGENTRY, client-65AAF9F256C4, cid=143-writeStateMachineData
	at org.apache.ratis.util.IOUtils.getFromFuture(IOUtils.java:87)
	at org.apache.ratis.server.raftlog.segmented.SegmentedRaftLogWorker$StateMachineDataPolicy.getFromFuture(SegmentedRaftLogWorker.java:87)
	at org.apache.ratis.server.raftlog.segmented.SegmentedRaftLogWorker$WriteLog.execute(SegmentedRaftLogWorker.java:477)
	at org.apache.ratis.server.raftlog.segmented.SegmentedRaftLogWorker.run(SegmentedRaftLogWorker.java:289)
	at java.lang.Thread.run(Thread.java:748)
Caused by: java.util.concurrent.TimeoutException
	at java.util.concurrent.CompletableFuture.timedGet(CompletableFuture.java:1771)
	at java.util.concurrent.CompletableFuture.get(CompletableFuture.java:1915)
	at org.apache.ratis.util.IOUtils.getFromFuture(IOUtils.java:79)
	... 4 more
2019-09-11 07:13:46,710 [java.util.concurrent.ThreadPoolExecutor$Worker@41115d6f[State = -1, empty queue]] WARN  server.GrpcLogAppender (GrpcLogAppender.java:timeoutAppendRequest(200)) - cfc25efc-54ed-4d3e-b2b6-13ccffc6d6ca@group-D3816A677CDA->92412348-7352-40be-aea2-771c347789e7-GrpcLogAppender: appendEntries Timeout, request=cfc25efc-54ed-4d3e-b2b6-13ccffc6d6ca->92412348-7352-40be-aea2-771c347789e7#113-t1, previous=(t:1, i:17), leaderCommit=11, initializing? false, entries: <empty>
2019-09-11 07:13:46,710 [java.util.concurrent.ThreadPoolExecutor$Worker@66a2441c[State = -1, empty queue]] WARN  server.GrpcLogAppender (GrpcLogAppender.java:timeoutAppendRequest(200)) - cfc25efc-54ed-4d3e-b2b6-13ccffc6d6ca@group-D3816A677CDA->76c4c990-655f-4900-b966-affd0bc7639c-GrpcLogAppender: appendEntries Timeout, request=cfc25efc-54ed-4d3e-b2b6-13ccffc6d6ca->76c4c990-655f-4900-b966-affd0bc7639c#113-t1, previous=(t:1, i:17), leaderCommit=11, initializing? false, entries: <empty>
2019-09-11 07:13:46,770 [grpc-default-executor-6] INFO  client.GrpcClientProtocolClient (GrpcClientProtocolClient.java:onNext(264)) - client-65AAF9F256C4->92412348-7352-40be-aea2-771c347789e7: receive RaftClientReply:client-65AAF9F256C4->92412348-7352-40be-aea2-771c347789e7@group-D3816A677CDA, cid=143, FAILED org.apache.ratis.protocol.NotLeaderException: Server 92412348-7352-40be-aea2-771c347789e7@group-D3816A677CDA is not the leader cfc25efc-54ed-4d3e-b2b6-13ccffc6d6ca:192.168.5.143:42744, logIndex=0, commits[92412348-7352-40be-aea2-771c347789e7:c11, 76c4c990-655f-4900-b966-affd0bc7639c:c7, cfc25efc-54ed-4d3e-b2b6-13ccffc6d6ca:c11]
2019-09-11 07:13:47,201 [grpc-default-executor-6] INFO  impl.RaftServerProxy (RaftServerProxy.java:remove(95)) - dd774419-39ed-4d90-9a0e-7a7d67fca22a: remove group-44CFF2683379:null
2019-09-11 07:13:47,204 [RatisPipelineUtilsThread] WARN  pipeline.RatisPipelineUtils (RatisPipelineUtils.java:destroyPipeline(66)) - Pipeline destroy failed for pipeline=PipelineID=23ab43d6-1d95-4eb5-a8fc-44cff2683379 dn=dd774419-39ed-4d90-9a0e-7a7d67fca22a{ip: 192.168.5.143, host: pr-hdds-1786-trunk-klbfp-3319181915, networkLocation: /default-rack, certSerialId: null}
2019-09-11 07:13:47,206 [grpc-default-executor-6] INFO  impl.RaftServerProxy (RaftServerProxy.java:remove(95)) - b48366ef-6f68-46c9-99e7-9871be9f97bc: remove group-44CFF2683379:null
2019-09-11 07:13:47,208 [RatisPipelineUtilsThread] WARN  pipeline.RatisPipelineUtils (RatisPipelineUtils.java:destroyPipeline(66)) - Pipeline destroy failed for pipeline=PipelineID=23ab43d6-1d95-4eb5-a8fc-44cff2683379 dn=b48366ef-6f68-46c9-99e7-9871be9f97bc{ip: 192.168.5.143, host: pr-hdds-1786-trunk-klbfp-3319181915, networkLocation: /default-rack, certSerialId: null}
2019-09-11 07:13:47,211 [grpc-default-executor-6] INFO  impl.RaftServerProxy (RaftServerProxy.java:remove(95)) - 094d95bb-124f-4491-a67a-8d0b5b434983: remove group-44CFF2683379:null
2019-09-11 07:13:47,213 [RatisPipelineUtilsThread] WARN  pipeline.RatisPipelineUtils (RatisPipelineUtils.java:destroyPipeline(66)) - Pipeline destroy failed for pipeline=PipelineID=23ab43d6-1d95-4eb5-a8fc-44cff2683379 dn=094d95bb-124f-4491-a67a-8d0b5b434983{ip: 192.168.5.143, host: pr-hdds-1786-trunk-klbfp-3319181915, networkLocation: /default-rack, certSerialId: null}
2019-09-11 07:13:47,213 [RatisPipelineUtilsThread] ERROR pipeline.SCMPipelineManager (Scheduler.java:lambda$schedule$1(70)) - Destroy pipeline failed for pipeline:Pipeline[ Id: 23ab43d6-1d95-4eb5-a8fc-44cff2683379, Nodes: dd774419-39ed-4d90-9a0e-7a7d67fca22a{ip: 192.168.5.143, host: pr-hdds-1786-trunk-klbfp-3319181915, networkLocation: /default-rack, certSerialId: null}b48366ef-6f68-46c9-99e7-9871be9f97bc{ip: 192.168.5.143, host: pr-hdds-1786-trunk-klbfp-3319181915, networkLocation: /default-rack, certSerialId: null}094d95bb-124f-4491-a67a-8d0b5b434983{ip: 192.168.5.143, host: pr-hdds-1786-trunk-klbfp-3319181915, networkLocation: /default-rack, certSerialId: null}, Type:RATIS, Factor:THREE, State:CLOSED]
org.apache.hadoop.hdds.scm.pipeline.PipelineNotFoundException: PipelineID=23ab43d6-1d95-4eb5-a8fc-44cff2683379 not found
	at org.apache.hadoop.hdds.scm.pipeline.PipelineStateMap.getPipeline(PipelineStateMap.java:132)
	at org.apache.hadoop.hdds.scm.pipeline.PipelineStateMap.removePipeline(PipelineStateMap.java:322)
	at org.apache.hadoop.hdds.scm.pipeline.PipelineStateManager.removePipeline(PipelineStateManager.java:107)
	at org.apache.hadoop.hdds.scm.pipeline.SCMPipelineManager.removePipeline(SCMPipelineManager.java:423)
	at org.apache.hadoop.hdds.scm.pipeline.SCMPipelineManager.destroyPipeline(SCMPipelineManager.java:409)
	at org.apache.hadoop.hdds.scm.pipeline.SCMPipelineManager.lambda$finalizeAndDestroyPipeline$0(SCMPipelineManager.java:318)
	at org.apache.hadoop.utils.Scheduler.lambda$schedule$1(Scheduler.java:68)
	at java.util.concurrent.Executors$RunnableAdapter.call(Executors.java:511)
	at java.util.concurrent.FutureTask.run(FutureTask.java:266)
	at java.util.concurrent.ScheduledThreadPoolExecutor$ScheduledFutureTask.access$201(ScheduledThreadPoolExecutor.java:180)
	at java.util.concurrent.ScheduledThreadPoolExecutor$ScheduledFutureTask.run(ScheduledThreadPoolExecutor.java:293)
	at java.util.concurrent.ThreadPoolExecutor.runWorker(ThreadPoolExecutor.java:1149)
	at java.util.concurrent.ThreadPoolExecutor$Worker.run(ThreadPoolExecutor.java:624)
	at java.lang.Thread.run(Thread.java:748)
2019-09-11 07:13:49,206 [grpc-default-executor-6] INFO  impl.RaftServerProxy (RaftServerProxy.java:remove(95)) - dd774419-39ed-4d90-9a0e-7a7d67fca22a: remove group-44CFF2683379:null
2019-09-11 07:13:49,210 [RatisPipelineUtilsThread] WARN  pipeline.RatisPipelineUtils (RatisPipelineUtils.java:destroyPipeline(66)) - Pipeline destroy failed for pipeline=PipelineID=23ab43d6-1d95-4eb5-a8fc-44cff2683379 dn=dd774419-39ed-4d90-9a0e-7a7d67fca22a{ip: 192.168.5.143, host: pr-hdds-1786-trunk-klbfp-3319181915, networkLocation: /default-rack, certSerialId: null}
2019-09-11 07:13:49,211 [java.util.concurrent.ThreadPoolExecutor$Worker@41115d6f[State = -1, empty queue]] WARN  server.GrpcLogAppender (GrpcLogAppender.java:timeoutAppendRequest(200)) - cfc25efc-54ed-4d3e-b2b6-13ccffc6d6ca@group-D3816A677CDA->92412348-7352-40be-aea2-771c347789e7-GrpcLogAppender: appendEntries Timeout, request=cfc25efc-54ed-4d3e-b2b6-13ccffc6d6ca->92412348-7352-40be-aea2-771c347789e7#114-t1, previous=(t:1, i:17), leaderCommit=11, initializing? false, entries: <empty>
2019-09-11 07:13:49,211 [java.util.concurrent.ThreadPoolExecutor$Worker@66a2441c[State = -1, empty queue]] WARN  server.GrpcLogAppender (GrpcLogAppender.java:timeoutAppendRequest(200)) - cfc25efc-54ed-4d3e-b2b6-13ccffc6d6ca@group-D3816A677CDA->76c4c990-655f-4900-b966-affd0bc7639c-GrpcLogAppender: appendEntries Timeout, request=cfc25efc-54ed-4d3e-b2b6-13ccffc6d6ca->76c4c990-655f-4900-b966-affd0bc7639c#114-t1, previous=(t:1, i:17), leaderCommit=11, initializing? false, entries: <empty>
2019-09-11 07:13:49,213 [grpc-default-executor-6] INFO  impl.RaftServerProxy (RaftServerProxy.java:remove(95)) - b48366ef-6f68-46c9-99e7-9871be9f97bc: remove group-44CFF2683379:null
2019-09-11 07:13:49,215 [RatisPipelineUtilsThread] WARN  pipeline.RatisPipelineUtils (RatisPipelineUtils.java:destroyPipeline(66)) - Pipeline destroy failed for pipeline=PipelineID=23ab43d6-1d95-4eb5-a8fc-44cff2683379 dn=b48366ef-6f68-46c9-99e7-9871be9f97bc{ip: 192.168.5.143, host: pr-hdds-1786-trunk-klbfp-3319181915, networkLocation: /default-rack, certSerialId: null}
2019-09-11 07:13:49,217 [grpc-default-executor-6] INFO  impl.RaftServerProxy (RaftServerProxy.java:remove(95)) - 094d95bb-124f-4491-a67a-8d0b5b434983: remove group-44CFF2683379:null
2019-09-11 07:13:49,219 [RatisPipelineUtilsThread] WARN  pipeline.RatisPipelineUtils (RatisPipelineUtils.java:destroyPipeline(66)) - Pipeline destroy failed for pipeline=PipelineID=23ab43d6-1d95-4eb5-a8fc-44cff2683379 dn=094d95bb-124f-4491-a67a-8d0b5b434983{ip: 192.168.5.143, host: pr-hdds-1786-trunk-klbfp-3319181915, networkLocation: /default-rack, certSerialId: null}
2019-09-11 07:13:49,219 [RatisPipelineUtilsThread] ERROR pipeline.SCMPipelineManager (Scheduler.java:lambda$schedule$1(70)) - Destroy pipeline failed for pipeline:Pipeline[ Id: 23ab43d6-1d95-4eb5-a8fc-44cff2683379, Nodes: dd774419-39ed-4d90-9a0e-7a7d67fca22a{ip: 192.168.5.143, host: pr-hdds-1786-trunk-klbfp-3319181915, networkLocation: /default-rack, certSerialId: null}b48366ef-6f68-46c9-99e7-9871be9f97bc{ip: 192.168.5.143, host: pr-hdds-1786-trunk-klbfp-3319181915, networkLocation: /default-rack, certSerialId: null}094d95bb-124f-4491-a67a-8d0b5b434983{ip: 192.168.5.143, host: pr-hdds-1786-trunk-klbfp-3319181915, networkLocation: /default-rack, certSerialId: null}, Type:RATIS, Factor:THREE, State:CLOSED]
org.apache.hadoop.hdds.scm.pipeline.PipelineNotFoundException: PipelineID=23ab43d6-1d95-4eb5-a8fc-44cff2683379 not found
	at org.apache.hadoop.hdds.scm.pipeline.PipelineStateMap.getPipeline(PipelineStateMap.java:132)
	at org.apache.hadoop.hdds.scm.pipeline.PipelineStateMap.removePipeline(PipelineStateMap.java:322)
	at org.apache.hadoop.hdds.scm.pipeline.PipelineStateManager.removePipeline(PipelineStateManager.java:107)
	at org.apache.hadoop.hdds.scm.pipeline.SCMPipelineManager.removePipeline(SCMPipelineManager.java:423)
	at org.apache.hadoop.hdds.scm.pipeline.SCMPipelineManager.destroyPipeline(SCMPipelineManager.java:409)
	at org.apache.hadoop.hdds.scm.pipeline.SCMPipelineManager.lambda$finalizeAndDestroyPipeline$0(SCMPipelineManager.java:318)
	at org.apache.hadoop.utils.Scheduler.lambda$schedule$1(Scheduler.java:68)
	at java.util.concurrent.Executors$RunnableAdapter.call(Executors.java:511)
	at java.util.concurrent.FutureTask.run(FutureTask.java:266)
	at java.util.concurrent.ScheduledThreadPoolExecutor$ScheduledFutureTask.access$201(ScheduledThreadPoolExecutor.java:180)
	at java.util.concurrent.ScheduledThreadPoolExecutor$ScheduledFutureTask.run(ScheduledThreadPoolExecutor.java:293)
	at java.util.concurrent.ThreadPoolExecutor.runWorker(ThreadPoolExecutor.java:1149)
	at java.util.concurrent.ThreadPoolExecutor$Worker.run(ThreadPoolExecutor.java:624)
	at java.lang.Thread.run(Thread.java:748)
2019-09-11 07:13:50,238 [grpc-default-executor-6] INFO  impl.RaftServerProxy (RaftServerProxy.java:remove(95)) - dd774419-39ed-4d90-9a0e-7a7d67fca22a: remove group-44CFF2683379:null
2019-09-11 07:13:50,243 [RatisPipelineUtilsThread] WARN  pipeline.RatisPipelineUtils (RatisPipelineUtils.java:destroyPipeline(66)) - Pipeline destroy failed for pipeline=PipelineID=23ab43d6-1d95-4eb5-a8fc-44cff2683379 dn=dd774419-39ed-4d90-9a0e-7a7d67fca22a{ip: 192.168.5.143, host: pr-hdds-1786-trunk-klbfp-3319181915, networkLocation: /default-rack, certSerialId: null}
2019-09-11 07:13:50,246 [grpc-default-executor-6] INFO  impl.RaftServerProxy (RaftServerProxy.java:remove(95)) - b48366ef-6f68-46c9-99e7-9871be9f97bc: remove group-44CFF2683379:null
2019-09-11 07:13:50,249 [RatisPipelineUtilsThread] WARN  pipeline.RatisPipelineUtils (RatisPipelineUtils.java:destroyPipeline(66)) - Pipeline destroy failed for pipeline=PipelineID=23ab43d6-1d95-4eb5-a8fc-44cff2683379 dn=b48366ef-6f68-46c9-99e7-9871be9f97bc{ip: 192.168.5.143, host: pr-hdds-1786-trunk-klbfp-3319181915, networkLocation: /default-rack, certSerialId: null}
2019-09-11 07:13:50,252 [grpc-default-executor-6] INFO  impl.RaftServerProxy (RaftServerProxy.java:remove(95)) - 094d95bb-124f-4491-a67a-8d0b5b434983: remove group-44CFF2683379:null
2019-09-11 07:13:50,254 [RatisPipelineUtilsThread] WARN  pipeline.RatisPipelineUtils (RatisPipelineUtils.java:destroyPipeline(66)) - Pipeline destroy failed for pipeline=PipelineID=23ab43d6-1d95-4eb5-a8fc-44cff2683379 dn=094d95bb-124f-4491-a67a-8d0b5b434983{ip: 192.168.5.143, host: pr-hdds-1786-trunk-klbfp-3319181915, networkLocation: /default-rack, certSerialId: null}
2019-09-11 07:13:50,254 [RatisPipelineUtilsThread] ERROR pipeline.SCMPipelineManager (Scheduler.java:lambda$schedule$1(70)) - Destroy pipeline failed for pipeline:Pipeline[ Id: 23ab43d6-1d95-4eb5-a8fc-44cff2683379, Nodes: dd774419-39ed-4d90-9a0e-7a7d67fca22a{ip: 192.168.5.143, host: pr-hdds-1786-trunk-klbfp-3319181915, networkLocation: /default-rack, certSerialId: null}b48366ef-6f68-46c9-99e7-9871be9f97bc{ip: 192.168.5.143, host: pr-hdds-1786-trunk-klbfp-3319181915, networkLocation: /default-rack, certSerialId: null}094d95bb-124f-4491-a67a-8d0b5b434983{ip: 192.168.5.143, host: pr-hdds-1786-trunk-klbfp-3319181915, networkLocation: /default-rack, certSerialId: null}, Type:RATIS, Factor:THREE, State:CLOSED]
org.apache.hadoop.hdds.scm.pipeline.PipelineNotFoundException: PipelineID=23ab43d6-1d95-4eb5-a8fc-44cff2683379 not found
	at org.apache.hadoop.hdds.scm.pipeline.PipelineStateMap.getPipeline(PipelineStateMap.java:132)
	at org.apache.hadoop.hdds.scm.pipeline.PipelineStateMap.removePipeline(PipelineStateMap.java:322)
	at org.apache.hadoop.hdds.scm.pipeline.PipelineStateManager.removePipeline(PipelineStateManager.java:107)
	at org.apache.hadoop.hdds.scm.pipeline.SCMPipelineManager.removePipeline(SCMPipelineManager.java:423)
	at org.apache.hadoop.hdds.scm.pipeline.SCMPipelineManager.destroyPipeline(SCMPipelineManager.java:409)
	at org.apache.hadoop.hdds.scm.pipeline.SCMPipelineManager.lambda$finalizeAndDestroyPipeline$0(SCMPipelineManager.java:318)
	at org.apache.hadoop.utils.Scheduler.lambda$schedule$1(Scheduler.java:68)
	at java.util.concurrent.Executors$RunnableAdapter.call(Executors.java:511)
	at java.util.concurrent.FutureTask.run(FutureTask.java:266)
	at java.util.concurrent.ScheduledThreadPoolExecutor$ScheduledFutureTask.access$201(ScheduledThreadPoolExecutor.java:180)
	at java.util.concurrent.ScheduledThreadPoolExecutor$ScheduledFutureTask.run(ScheduledThreadPoolExecutor.java:293)
	at java.util.concurrent.ThreadPoolExecutor.runWorker(ThreadPoolExecutor.java:1149)
	at java.util.concurrent.ThreadPoolExecutor$Worker.run(ThreadPoolExecutor.java:624)
	at java.lang.Thread.run(Thread.java:748)
2019-09-11 07:13:50,723 [grpc-default-executor-6] INFO  impl.RaftServerProxy (RaftServerProxy.java:remove(95)) - dd774419-39ed-4d90-9a0e-7a7d67fca22a: remove group-44CFF2683379:null
2019-09-11 07:13:50,727 [RatisPipelineUtilsThread] WARN  pipeline.RatisPipelineUtils (RatisPipelineUtils.java:destroyPipeline(66)) - Pipeline destroy failed for pipeline=PipelineID=23ab43d6-1d95-4eb5-a8fc-44cff2683379 dn=dd774419-39ed-4d90-9a0e-7a7d67fca22a{ip: 192.168.5.143, host: pr-hdds-1786-trunk-klbfp-3319181915, networkLocation: /default-rack, certSerialId: null}
2019-09-11 07:13:50,729 [grpc-default-executor-6] INFO  impl.RaftServerProxy (RaftServerProxy.java:remove(95)) - b48366ef-6f68-46c9-99e7-9871be9f97bc: remove group-44CFF2683379:null
2019-09-11 07:13:50,731 [RatisPipelineUtilsThread] WARN  pipeline.RatisPipelineUtils (RatisPipelineUtils.java:destroyPipeline(66)) - Pipeline destroy failed for pipeline=PipelineID=23ab43d6-1d95-4eb5-a8fc-44cff2683379 dn=b48366ef-6f68-46c9-99e7-9871be9f97bc{ip: 192.168.5.143, host: pr-hdds-1786-trunk-klbfp-3319181915, networkLocation: /default-rack, certSerialId: null}
2019-09-11 07:13:50,734 [grpc-default-executor-6] INFO  impl.RaftServerProxy (RaftServerProxy.java:remove(95)) - 094d95bb-124f-4491-a67a-8d0b5b434983: remove group-44CFF2683379:null
2019-09-11 07:13:50,736 [RatisPipelineUtilsThread] WARN  pipeline.RatisPipelineUtils (RatisPipelineUtils.java:destroyPipeline(66)) - Pipeline destroy failed for pipeline=PipelineID=23ab43d6-1d95-4eb5-a8fc-44cff2683379 dn=094d95bb-124f-4491-a67a-8d0b5b434983{ip: 192.168.5.143, host: pr-hdds-1786-trunk-klbfp-3319181915, networkLocation: /default-rack, certSerialId: null}
2019-09-11 07:13:50,736 [RatisPipelineUtilsThread] ERROR pipeline.SCMPipelineManager (Scheduler.java:lambda$schedule$1(70)) - Destroy pipeline failed for pipeline:Pipeline[ Id: 23ab43d6-1d95-4eb5-a8fc-44cff2683379, Nodes: dd774419-39ed-4d90-9a0e-7a7d67fca22a{ip: 192.168.5.143, host: pr-hdds-1786-trunk-klbfp-3319181915, networkLocation: /default-rack, certSerialId: null}b48366ef-6f68-46c9-99e7-9871be9f97bc{ip: 192.168.5.143, host: pr-hdds-1786-trunk-klbfp-3319181915, networkLocation: /default-rack, certSerialId: null}094d95bb-124f-4491-a67a-8d0b5b434983{ip: 192.168.5.143, host: pr-hdds-1786-trunk-klbfp-3319181915, networkLocation: /default-rack, certSerialId: null}, Type:RATIS, Factor:THREE, State:CLOSED]
org.apache.hadoop.hdds.scm.pipeline.PipelineNotFoundException: PipelineID=23ab43d6-1d95-4eb5-a8fc-44cff2683379 not found
	at org.apache.hadoop.hdds.scm.pipeline.PipelineStateMap.getPipeline(PipelineStateMap.java:132)
	at org.apache.hadoop.hdds.scm.pipeline.PipelineStateMap.removePipeline(PipelineStateMap.java:322)
	at org.apache.hadoop.hdds.scm.pipeline.PipelineStateManager.removePipeline(PipelineStateManager.java:107)
	at org.apache.hadoop.hdds.scm.pipeline.SCMPipelineManager.removePipeline(SCMPipelineManager.java:423)
	at org.apache.hadoop.hdds.scm.pipeline.SCMPipelineManager.destroyPipeline(SCMPipelineManager.java:409)
	at org.apache.hadoop.hdds.scm.pipeline.SCMPipelineManager.lambda$finalizeAndDestroyPipeline$0(SCMPipelineManager.java:318)
	at org.apache.hadoop.utils.Scheduler.lambda$schedule$1(Scheduler.java:68)
	at java.util.concurrent.Executors$RunnableAdapter.call(Executors.java:511)
	at java.util.concurrent.FutureTask.run(FutureTask.java:266)
	at java.util.concurrent.ScheduledThreadPoolExecutor$ScheduledFutureTask.access$201(ScheduledThreadPoolExecutor.java:180)
	at java.util.concurrent.ScheduledThreadPoolExecutor$ScheduledFutureTask.run(ScheduledThreadPoolExecutor.java:293)
	at java.util.concurrent.ThreadPoolExecutor.runWorker(ThreadPoolExecutor.java:1149)
	at java.util.concurrent.ThreadPoolExecutor$Worker.run(ThreadPoolExecutor.java:624)
	at java.lang.Thread.run(Thread.java:748)
2019-09-11 07:13:51,122 [grpc-default-executor-6] INFO  impl.RaftServerProxy (RaftServerProxy.java:remove(95)) - dd774419-39ed-4d90-9a0e-7a7d67fca22a: remove group-44CFF2683379:null
2019-09-11 07:13:51,125 [RatisPipelineUtilsThread] WARN  pipeline.RatisPipelineUtils (RatisPipelineUtils.java:destroyPipeline(66)) - Pipeline destroy failed for pipeline=PipelineID=23ab43d6-1d95-4eb5-a8fc-44cff2683379 dn=dd774419-39ed-4d90-9a0e-7a7d67fca22a{ip: 192.168.5.143, host: pr-hdds-1786-trunk-klbfp-3319181915, networkLocation: /default-rack, certSerialId: null}
2019-09-11 07:13:51,127 [grpc-default-executor-6] INFO  impl.RaftServerProxy (RaftServerProxy.java:remove(95)) - b48366ef-6f68-46c9-99e7-9871be9f97bc: remove group-44CFF2683379:null
2019-09-11 07:13:51,129 [RatisPipelineUtilsThread] WARN  pipeline.RatisPipelineUtils (RatisPipelineUtils.java:destroyPipeline(66)) - Pipeline destroy failed for pipeline=PipelineID=23ab43d6-1d95-4eb5-a8fc-44cff2683379 dn=b48366ef-6f68-46c9-99e7-9871be9f97bc{ip: 192.168.5.143, host: pr-hdds-1786-trunk-klbfp-3319181915, networkLocation: /default-rack, certSerialId: null}
2019-09-11 07:13:51,130 [grpc-default-executor-6] INFO  impl.RaftServerProxy (RaftServerProxy.java:remove(95)) - 094d95bb-124f-4491-a67a-8d0b5b434983: remove group-44CFF2683379:null
2019-09-11 07:13:51,132 [RatisPipelineUtilsThread] WARN  pipeline.RatisPipelineUtils (RatisPipelineUtils.java:destroyPipeline(66)) - Pipeline destroy failed for pipeline=PipelineID=23ab43d6-1d95-4eb5-a8fc-44cff2683379 dn=094d95bb-124f-4491-a67a-8d0b5b434983{ip: 192.168.5.143, host: pr-hdds-1786-trunk-klbfp-3319181915, networkLocation: /default-rack, certSerialId: null}
2019-09-11 07:13:51,132 [RatisPipelineUtilsThread] ERROR pipeline.SCMPipelineManager (Scheduler.java:lambda$schedule$1(70)) - Destroy pipeline failed for pipeline:Pipeline[ Id: 23ab43d6-1d95-4eb5-a8fc-44cff2683379, Nodes: dd774419-39ed-4d90-9a0e-7a7d67fca22a{ip: 192.168.5.143, host: pr-hdds-1786-trunk-klbfp-3319181915, networkLocation: /default-rack, certSerialId: null}b48366ef-6f68-46c9-99e7-9871be9f97bc{ip: 192.168.5.143, host: pr-hdds-1786-trunk-klbfp-3319181915, networkLocation: /default-rack, certSerialId: null}094d95bb-124f-4491-a67a-8d0b5b434983{ip: 192.168.5.143, host: pr-hdds-1786-trunk-klbfp-3319181915, networkLocation: /default-rack, certSerialId: null}, Type:RATIS, Factor:THREE, State:CLOSED]
org.apache.hadoop.hdds.scm.pipeline.PipelineNotFoundException: PipelineID=23ab43d6-1d95-4eb5-a8fc-44cff2683379 not found
	at org.apache.hadoop.hdds.scm.pipeline.PipelineStateMap.getPipeline(PipelineStateMap.java:132)
	at org.apache.hadoop.hdds.scm.pipeline.PipelineStateMap.removePipeline(PipelineStateMap.java:322)
	at org.apache.hadoop.hdds.scm.pipeline.PipelineStateManager.removePipeline(PipelineStateManager.java:107)
	at org.apache.hadoop.hdds.scm.pipeline.SCMPipelineManager.removePipeline(SCMPipelineManager.java:423)
	at org.apache.hadoop.hdds.scm.pipeline.SCMPipelineManager.destroyPipeline(SCMPipelineManager.java:409)
	at org.apache.hadoop.hdds.scm.pipeline.SCMPipelineManager.lambda$finalizeAndDestroyPipeline$0(SCMPipelineManager.java:318)
	at org.apache.hadoop.utils.Scheduler.lambda$schedule$1(Scheduler.java:68)
	at java.util.concurrent.Executors$RunnableAdapter.call(Executors.java:511)
	at java.util.concurrent.FutureTask.run(FutureTask.java:266)
	at java.util.concurrent.ScheduledThreadPoolExecutor$ScheduledFutureTask.access$201(ScheduledThreadPoolExecutor.java:180)
	at java.util.concurrent.ScheduledThreadPoolExecutor$ScheduledFutureTask.run(ScheduledThreadPoolExecutor.java:293)
	at java.util.concurrent.ThreadPoolExecutor.runWorker(ThreadPoolExecutor.java:1149)
	at java.util.concurrent.ThreadPoolExecutor$Worker.run(ThreadPoolExecutor.java:624)
	at java.lang.Thread.run(Thread.java:748)
2019-09-11 07:13:51,712 [java.util.concurrent.ThreadPoolExecutor$Worker@41115d6f[State = -1, empty queue]] WARN  server.GrpcLogAppender (GrpcLogAppender.java:timeoutAppendRequest(200)) - cfc25efc-54ed-4d3e-b2b6-13ccffc6d6ca@group-D3816A677CDA->92412348-7352-40be-aea2-771c347789e7-GrpcLogAppender: appendEntries Timeout, request=cfc25efc-54ed-4d3e-b2b6-13ccffc6d6ca->92412348-7352-40be-aea2-771c347789e7#115-t1, previous=(t:1, i:17), leaderCommit=11, initializing? false, entries: <empty>
2019-09-11 07:13:51,712 [java.util.concurrent.ThreadPoolExecutor$Worker@66a2441c[State = -1, empty queue]] WARN  server.GrpcLogAppender (GrpcLogAppender.java:timeoutAppendRequest(200)) - cfc25efc-54ed-4d3e-b2b6-13ccffc6d6ca@group-D3816A677CDA->76c4c990-655f-4900-b966-affd0bc7639c-GrpcLogAppender: appendEntries Timeout, request=cfc25efc-54ed-4d3e-b2b6-13ccffc6d6ca->76c4c990-655f-4900-b966-affd0bc7639c#115-t1, previous=(t:1, i:17), leaderCommit=11, initializing? false, entries: <empty>
2019-09-11 07:13:51,810 [grpc-default-executor-8] INFO  client.GrpcClientProtocolClient (GrpcClientProtocolClient.java:onNext(264)) - client-65AAF9F256C4->76c4c990-655f-4900-b966-affd0bc7639c: receive RaftClientReply:client-65AAF9F256C4->76c4c990-655f-4900-b966-affd0bc7639c@group-D3816A677CDA, cid=143, FAILED org.apache.ratis.protocol.NotLeaderException: Server 76c4c990-655f-4900-b966-affd0bc7639c@group-D3816A677CDA is not the leader cfc25efc-54ed-4d3e-b2b6-13ccffc6d6ca:192.168.5.143:42744, logIndex=0, commits[76c4c990-655f-4900-b966-affd0bc7639c:c11, cfc25efc-54ed-4d3e-b2b6-13ccffc6d6ca:c11, 92412348-7352-40be-aea2-771c347789e7:c7]
2019-09-11 07:13:54,212 [java.util.concurrent.ThreadPoolExecutor$Worker@66a2441c[State = -1, empty queue]] WARN  server.GrpcLogAppender (GrpcLogAppender.java:timeoutAppendRequest(200)) - cfc25efc-54ed-4d3e-b2b6-13ccffc6d6ca@group-D3816A677CDA->76c4c990-655f-4900-b966-affd0bc7639c-GrpcLogAppender: appendEntries Timeout, request=cfc25efc-54ed-4d3e-b2b6-13ccffc6d6ca->76c4c990-655f-4900-b966-affd0bc7639c#116-t1, previous=(t:1, i:17), leaderCommit=11, initializing? false, entries: <empty>
2019-09-11 07:13:54,212 [java.util.concurrent.ThreadPoolExecutor$Worker@41115d6f[State = -1, empty queue]] WARN  server.GrpcLogAppender (GrpcLogAppender.java:timeoutAppendRequest(200)) - cfc25efc-54ed-4d3e-b2b6-13ccffc6d6ca@group-D3816A677CDA->92412348-7352-40be-aea2-771c347789e7-GrpcLogAppender: appendEntries Timeout, request=cfc25efc-54ed-4d3e-b2b6-13ccffc6d6ca->92412348-7352-40be-aea2-771c347789e7#116-t1, previous=(t:1, i:17), leaderCommit=11, initializing? false, entries: <empty>
2019-09-11 07:13:56,211 [cfc25efc-54ed-4d3e-b2b6-13ccffc6d6ca@group-D3816A677CDA-SegmentedRaftLogWorker] WARN  segmented.SegmentedRaftLogWorker (SegmentedRaftLogWorker.java:getFromFuture(90)) - Timeout 6/~
org.apache.ratis.protocol.TimeoutIOException: Timeout 10s: WriteLog:12: (t:1, i:12), STATEMACHINELOGENTRY, client-65AAF9F256C4, cid=143-writeStateMachineData
	at org.apache.ratis.util.IOUtils.getFromFuture(IOUtils.java:87)
	at org.apache.ratis.server.raftlog.segmented.SegmentedRaftLogWorker$StateMachineDataPolicy.getFromFuture(SegmentedRaftLogWorker.java:87)
	at org.apache.ratis.server.raftlog.segmented.SegmentedRaftLogWorker$WriteLog.execute(SegmentedRaftLogWorker.java:477)
	at org.apache.ratis.server.raftlog.segmented.SegmentedRaftLogWorker.run(SegmentedRaftLogWorker.java:289)
	at java.lang.Thread.run(Thread.java:748)
Caused by: java.util.concurrent.TimeoutException
	at java.util.concurrent.CompletableFuture.timedGet(CompletableFuture.java:1771)
	at java.util.concurrent.CompletableFuture.get(CompletableFuture.java:1915)
	at org.apache.ratis.util.IOUtils.getFromFuture(IOUtils.java:79)
	... 4 more
2019-09-11 07:13:56,212 [76c4c990-655f-4900-b966-affd0bc7639c@group-D3816A677CDA-SegmentedRaftLogWorker] WARN  segmented.SegmentedRaftLogWorker (SegmentedRaftLogWorker.java:getFromFuture(90)) - Timeout 6/~
org.apache.ratis.protocol.TimeoutIOException: Timeout 10s: WriteLog:12: (t:1, i:12), STATEMACHINELOGENTRY, client-65AAF9F256C4, cid=143-writeStateMachineData
	at org.apache.ratis.util.IOUtils.getFromFuture(IOUtils.java:87)
	at org.apache.ratis.server.raftlog.segmented.SegmentedRaftLogWorker$StateMachineDataPolicy.getFromFuture(SegmentedRaftLogWorker.java:87)
	at org.apache.ratis.server.raftlog.segmented.SegmentedRaftLogWorker$WriteLog.execute(SegmentedRaftLogWorker.java:477)
	at org.apache.ratis.server.raftlog.segmented.SegmentedRaftLogWorker.run(SegmentedRaftLogWorker.java:289)
	at java.lang.Thread.run(Thread.java:748)
Caused by: java.util.concurrent.TimeoutException
	at java.util.concurrent.CompletableFuture.timedGet(CompletableFuture.java:1771)
	at java.util.concurrent.CompletableFuture.get(CompletableFuture.java:1915)
	at org.apache.ratis.util.IOUtils.getFromFuture(IOUtils.java:79)
	... 4 more
2019-09-11 07:13:56,211 [92412348-7352-40be-aea2-771c347789e7@group-D3816A677CDA-SegmentedRaftLogWorker] WARN  segmented.SegmentedRaftLogWorker (SegmentedRaftLogWorker.java:getFromFuture(90)) - Timeout 6/~
org.apache.ratis.protocol.TimeoutIOException: Timeout 10s: WriteLog:12: (t:1, i:12), STATEMACHINELOGENTRY, client-65AAF9F256C4, cid=143-writeStateMachineData
	at org.apache.ratis.util.IOUtils.getFromFuture(IOUtils.java:87)
	at org.apache.ratis.server.raftlog.segmented.SegmentedRaftLogWorker$StateMachineDataPolicy.getFromFuture(SegmentedRaftLogWorker.java:87)
	at org.apache.ratis.server.raftlog.segmented.SegmentedRaftLogWorker$WriteLog.execute(SegmentedRaftLogWorker.java:477)
	at org.apache.ratis.server.raftlog.segmented.SegmentedRaftLogWorker.run(SegmentedRaftLogWorker.java:289)
	at java.lang.Thread.run(Thread.java:748)
Caused by: java.util.concurrent.TimeoutException
	at java.util.concurrent.CompletableFuture.timedGet(CompletableFuture.java:1771)
	at java.util.concurrent.CompletableFuture.get(CompletableFuture.java:1915)
	at org.apache.ratis.util.IOUtils.getFromFuture(IOUtils.java:79)
	... 4 more
2019-09-11 07:13:56,712 [java.util.concurrent.ThreadPoolExecutor$Worker@41115d6f[State = -1, empty queue]] WARN  server.GrpcLogAppender (GrpcLogAppender.java:timeoutAppendRequest(200)) - cfc25efc-54ed-4d3e-b2b6-13ccffc6d6ca@group-D3816A677CDA->92412348-7352-40be-aea2-771c347789e7-GrpcLogAppender: appendEntries Timeout, request=cfc25efc-54ed-4d3e-b2b6-13ccffc6d6ca->92412348-7352-40be-aea2-771c347789e7#117-t1, previous=(t:1, i:17), leaderCommit=11, initializing? false, entries: <empty>
2019-09-11 07:13:56,712 [java.util.concurrent.ThreadPoolExecutor$Worker@66a2441c[State = -1, empty queue]] WARN  server.GrpcLogAppender (GrpcLogAppender.java:timeoutAppendRequest(200)) - cfc25efc-54ed-4d3e-b2b6-13ccffc6d6ca@group-D3816A677CDA->76c4c990-655f-4900-b966-affd0bc7639c-GrpcLogAppender: appendEntries Timeout, request=cfc25efc-54ed-4d3e-b2b6-13ccffc6d6ca->76c4c990-655f-4900-b966-affd0bc7639c#117-t1, previous=(t:1, i:17), leaderCommit=11, initializing? false, entries: <empty>
2019-09-11 07:13:56,853 [grpc-default-executor-8] INFO  client.GrpcClientProtocolClient (GrpcClientProtocolClient.java:onNext(264)) - client-65AAF9F256C4->92412348-7352-40be-aea2-771c347789e7: receive RaftClientReply:client-65AAF9F256C4->92412348-7352-40be-aea2-771c347789e7@group-D3816A677CDA, cid=143, FAILED org.apache.ratis.protocol.NotLeaderException: Server 92412348-7352-40be-aea2-771c347789e7@group-D3816A677CDA is not the leader cfc25efc-54ed-4d3e-b2b6-13ccffc6d6ca:192.168.5.143:42744, logIndex=0, commits[92412348-7352-40be-aea2-771c347789e7:c11, 76c4c990-655f-4900-b966-affd0bc7639c:c7, cfc25efc-54ed-4d3e-b2b6-13ccffc6d6ca:c11]
2019-09-11 07:13:59,245 [java.util.concurrent.ThreadPoolExecutor$Worker@66a2441c[State = -1, empty queue]] WARN  server.GrpcLogAppender (GrpcLogAppender.java:timeoutAppendRequest(200)) - cfc25efc-54ed-4d3e-b2b6-13ccffc6d6ca@group-D3816A677CDA->76c4c990-655f-4900-b966-affd0bc7639c-GrpcLogAppender: appendEntries Timeout, request=cfc25efc-54ed-4d3e-b2b6-13ccffc6d6ca->76c4c990-655f-4900-b966-affd0bc7639c#118-t1, previous=(t:1, i:17), leaderCommit=11, initializing? false, entries: <empty>
2019-09-11 07:13:59,245 [java.util.concurrent.ThreadPoolExecutor$Worker@41115d6f[State = -1, empty queue]] WARN  server.GrpcLogAppender (GrpcLogAppender.java:timeoutAppendRequest(200)) - cfc25efc-54ed-4d3e-b2b6-13ccffc6d6ca@group-D3816A677CDA->92412348-7352-40be-aea2-771c347789e7-GrpcLogAppender: appendEntries Timeout, request=cfc25efc-54ed-4d3e-b2b6-13ccffc6d6ca->92412348-7352-40be-aea2-771c347789e7#118-t1, previous=(t:1, i:17), leaderCommit=11, initializing? false, entries: <empty>
2019-09-11 07:14:01,746 [java.util.concurrent.ThreadPoolExecutor$Worker@66a2441c[State = -1, empty queue]] WARN  server.GrpcLogAppender (GrpcLogAppender.java:timeoutAppendRequest(200)) - cfc25efc-54ed-4d3e-b2b6-13ccffc6d6ca@group-D3816A677CDA->76c4c990-655f-4900-b966-affd0bc7639c-GrpcLogAppender: appendEntries Timeout, request=cfc25efc-54ed-4d3e-b2b6-13ccffc6d6ca->76c4c990-655f-4900-b966-affd0bc7639c#119-t1, previous=(t:1, i:17), leaderCommit=11, initializing? false, entries: <empty>
2019-09-11 07:14:01,746 [java.util.concurrent.ThreadPoolExecutor$Worker@41115d6f[State = -1, empty queue]] WARN  server.GrpcLogAppender (GrpcLogAppender.java:timeoutAppendRequest(200)) - cfc25efc-54ed-4d3e-b2b6-13ccffc6d6ca@group-D3816A677CDA->92412348-7352-40be-aea2-771c347789e7-GrpcLogAppender: appendEntries Timeout, request=cfc25efc-54ed-4d3e-b2b6-13ccffc6d6ca->92412348-7352-40be-aea2-771c347789e7#119-t1, previous=(t:1, i:17), leaderCommit=11, initializing? false, entries: <empty>
2019-09-11 07:14:01,906 [grpc-default-executor-8] INFO  client.GrpcClientProtocolClient (GrpcClientProtocolClient.java:onNext(264)) - client-65AAF9F256C4->76c4c990-655f-4900-b966-affd0bc7639c: receive RaftClientReply:client-65AAF9F256C4->76c4c990-655f-4900-b966-affd0bc7639c@group-D3816A677CDA, cid=143, FAILED org.apache.ratis.protocol.NotLeaderException: Server 76c4c990-655f-4900-b966-affd0bc7639c@group-D3816A677CDA is not the leader cfc25efc-54ed-4d3e-b2b6-13ccffc6d6ca:192.168.5.143:42744, logIndex=0, commits[76c4c990-655f-4900-b966-affd0bc7639c:c11, cfc25efc-54ed-4d3e-b2b6-13ccffc6d6ca:c11, 92412348-7352-40be-aea2-771c347789e7:c7]
2019-09-11 07:14:04,246 [java.util.concurrent.ThreadPoolExecutor$Worker@66a2441c[State = -1, empty queue]] WARN  server.GrpcLogAppender (GrpcLogAppender.java:timeoutAppendRequest(200)) - cfc25efc-54ed-4d3e-b2b6-13ccffc6d6ca@group-D3816A677CDA->76c4c990-655f-4900-b966-affd0bc7639c-GrpcLogAppender: appendEntries Timeout, request=cfc25efc-54ed-4d3e-b2b6-13ccffc6d6ca->76c4c990-655f-4900-b966-affd0bc7639c#120-t1, previous=(t:1, i:17), leaderCommit=11, initializing? false, entries: <empty>
2019-09-11 07:14:04,246 [java.util.concurrent.ThreadPoolExecutor$Worker@41115d6f[State = -1, empty queue]] WARN  server.GrpcLogAppender (GrpcLogAppender.java:timeoutAppendRequest(200)) - cfc25efc-54ed-4d3e-b2b6-13ccffc6d6ca@group-D3816A677CDA->92412348-7352-40be-aea2-771c347789e7-GrpcLogAppender: appendEntries Timeout, request=cfc25efc-54ed-4d3e-b2b6-13ccffc6d6ca->92412348-7352-40be-aea2-771c347789e7#120-t1, previous=(t:1, i:17), leaderCommit=11, initializing? false, entries: <empty>
2019-09-11 07:14:06,212 [cfc25efc-54ed-4d3e-b2b6-13ccffc6d6ca@group-D3816A677CDA-SegmentedRaftLogWorker] WARN  segmented.SegmentedRaftLogWorker (SegmentedRaftLogWorker.java:getFromFuture(90)) - Timeout 7/~
org.apache.ratis.protocol.TimeoutIOException: Timeout 10s: WriteLog:12: (t:1, i:12), STATEMACHINELOGENTRY, client-65AAF9F256C4, cid=143-writeStateMachineData
	at org.apache.ratis.util.IOUtils.getFromFuture(IOUtils.java:87)
	at org.apache.ratis.server.raftlog.segmented.SegmentedRaftLogWorker$StateMachineDataPolicy.getFromFuture(SegmentedRaftLogWorker.java:87)
	at org.apache.ratis.server.raftlog.segmented.SegmentedRaftLogWorker$WriteLog.execute(SegmentedRaftLogWorker.java:477)
	at org.apache.ratis.server.raftlog.segmented.SegmentedRaftLogWorker.run(SegmentedRaftLogWorker.java:289)
	at java.lang.Thread.run(Thread.java:748)
Caused by: java.util.concurrent.TimeoutException
	at java.util.concurrent.CompletableFuture.timedGet(CompletableFuture.java:1771)
	at java.util.concurrent.CompletableFuture.get(CompletableFuture.java:1915)
	at org.apache.ratis.util.IOUtils.getFromFuture(IOUtils.java:79)
	... 4 more
2019-09-11 07:14:06,246 [76c4c990-655f-4900-b966-affd0bc7639c@group-D3816A677CDA-SegmentedRaftLogWorker] WARN  segmented.SegmentedRaftLogWorker (SegmentedRaftLogWorker.java:getFromFuture(90)) - Timeout 7/~
org.apache.ratis.protocol.TimeoutIOException: Timeout 10s: WriteLog:12: (t:1, i:12), STATEMACHINELOGENTRY, client-65AAF9F256C4, cid=143-writeStateMachineData
	at org.apache.ratis.util.IOUtils.getFromFuture(IOUtils.java:87)
	at org.apache.ratis.server.raftlog.segmented.SegmentedRaftLogWorker$StateMachineDataPolicy.getFromFuture(SegmentedRaftLogWorker.java:87)
	at org.apache.ratis.server.raftlog.segmented.SegmentedRaftLogWorker$WriteLog.execute(SegmentedRaftLogWorker.java:477)
	at org.apache.ratis.server.raftlog.segmented.SegmentedRaftLogWorker.run(SegmentedRaftLogWorker.java:289)
	at java.lang.Thread.run(Thread.java:748)
Caused by: java.util.concurrent.TimeoutException
	at java.util.concurrent.CompletableFuture.timedGet(CompletableFuture.java:1771)
	at java.util.concurrent.CompletableFuture.get(CompletableFuture.java:1915)
	at org.apache.ratis.util.IOUtils.getFromFuture(IOUtils.java:79)
	... 4 more
2019-09-11 07:14:06,246 [92412348-7352-40be-aea2-771c347789e7@group-D3816A677CDA-SegmentedRaftLogWorker] WARN  segmented.SegmentedRaftLogWorker (SegmentedRaftLogWorker.java:getFromFuture(90)) - Timeout 7/~
org.apache.ratis.protocol.TimeoutIOException: Timeout 10s: WriteLog:12: (t:1, i:12), STATEMACHINELOGENTRY, client-65AAF9F256C4, cid=143-writeStateMachineData
	at org.apache.ratis.util.IOUtils.getFromFuture(IOUtils.java:87)
	at org.apache.ratis.server.raftlog.segmented.SegmentedRaftLogWorker$StateMachineDataPolicy.getFromFuture(SegmentedRaftLogWorker.java:87)
	at org.apache.ratis.server.raftlog.segmented.SegmentedRaftLogWorker$WriteLog.execute(SegmentedRaftLogWorker.java:477)
	at org.apache.ratis.server.raftlog.segmented.SegmentedRaftLogWorker.run(SegmentedRaftLogWorker.java:289)
	at java.lang.Thread.run(Thread.java:748)
Caused by: java.util.concurrent.TimeoutException
	at java.util.concurrent.CompletableFuture.timedGet(CompletableFuture.java:1771)
	at java.util.concurrent.CompletableFuture.get(CompletableFuture.java:1915)
	at org.apache.ratis.util.IOUtils.getFromFuture(IOUtils.java:79)
	... 4 more
2019-09-11 07:14:06,746 [java.util.concurrent.ThreadPoolExecutor$Worker@41115d6f[State = -1, empty queue]] WARN  server.GrpcLogAppender (GrpcLogAppender.java:timeoutAppendRequest(200)) - cfc25efc-54ed-4d3e-b2b6-13ccffc6d6ca@group-D3816A677CDA->92412348-7352-40be-aea2-771c347789e7-GrpcLogAppender: appendEntries Timeout, request=cfc25efc-54ed-4d3e-b2b6-13ccffc6d6ca->92412348-7352-40be-aea2-771c347789e7#121-t1, previous=(t:1, i:17), leaderCommit=11, initializing? false, entries: <empty>
2019-09-11 07:14:06,746 [java.util.concurrent.ThreadPoolExecutor$Worker@66a2441c[State = -1, empty queue]] WARN  server.GrpcLogAppender (GrpcLogAppender.java:timeoutAppendRequest(200)) - cfc25efc-54ed-4d3e-b2b6-13ccffc6d6ca@group-D3816A677CDA->76c4c990-655f-4900-b966-affd0bc7639c-GrpcLogAppender: appendEntries Timeout, request=cfc25efc-54ed-4d3e-b2b6-13ccffc6d6ca->76c4c990-655f-4900-b966-affd0bc7639c#121-t1, previous=(t:1, i:17), leaderCommit=11, initializing? false, entries: <empty>
2019-09-11 07:14:06,948 [grpc-default-executor-6] INFO  client.GrpcClientProtocolClient (GrpcClientProtocolClient.java:onNext(264)) - client-65AAF9F256C4->92412348-7352-40be-aea2-771c347789e7: receive RaftClientReply:client-65AAF9F256C4->92412348-7352-40be-aea2-771c347789e7@group-D3816A677CDA, cid=143, FAILED org.apache.ratis.protocol.NotLeaderException: Server 92412348-7352-40be-aea2-771c347789e7@group-D3816A677CDA is not the leader cfc25efc-54ed-4d3e-b2b6-13ccffc6d6ca:192.168.5.143:42744, logIndex=0, commits[92412348-7352-40be-aea2-771c347789e7:c11, 76c4c990-655f-4900-b966-affd0bc7639c:c7, cfc25efc-54ed-4d3e-b2b6-13ccffc6d6ca:c11]
2019-09-11 07:14:09,246 [java.util.concurrent.ThreadPoolExecutor$Worker@41115d6f[State = -1, empty queue]] WARN  server.GrpcLogAppender (GrpcLogAppender.java:timeoutAppendRequest(200)) - cfc25efc-54ed-4d3e-b2b6-13ccffc6d6ca@group-D3816A677CDA->92412348-7352-40be-aea2-771c347789e7-GrpcLogAppender: appendEntries Timeout, request=cfc25efc-54ed-4d3e-b2b6-13ccffc6d6ca->92412348-7352-40be-aea2-771c347789e7#122-t1, previous=(t:1, i:17), leaderCommit=11, initializing? false, entries: <empty>
2019-09-11 07:14:09,246 [java.util.concurrent.ThreadPoolExecutor$Worker@66a2441c[State = -1, empty queue]] WARN  server.GrpcLogAppender (GrpcLogAppender.java:timeoutAppendRequest(200)) - cfc25efc-54ed-4d3e-b2b6-13ccffc6d6ca@group-D3816A677CDA->76c4c990-655f-4900-b966-affd0bc7639c-GrpcLogAppender: appendEntries Timeout, request=cfc25efc-54ed-4d3e-b2b6-13ccffc6d6ca->76c4c990-655f-4900-b966-affd0bc7639c#122-t1, previous=(t:1, i:17), leaderCommit=11, initializing? false, entries: <empty>
2019-09-11 07:14:11,747 [java.util.concurrent.ThreadPoolExecutor$Worker@66a2441c[State = -1, empty queue]] WARN  server.GrpcLogAppender (GrpcLogAppender.java:timeoutAppendRequest(200)) - cfc25efc-54ed-4d3e-b2b6-13ccffc6d6ca@group-D3816A677CDA->76c4c990-655f-4900-b966-affd0bc7639c-GrpcLogAppender: appendEntries Timeout, request=cfc25efc-54ed-4d3e-b2b6-13ccffc6d6ca->76c4c990-655f-4900-b966-affd0bc7639c#123-t1, previous=(t:1, i:17), leaderCommit=11, initializing? false, entries: <empty>
2019-09-11 07:14:11,747 [java.util.concurrent.ThreadPoolExecutor$Worker@41115d6f[State = -1, empty queue]] WARN  server.GrpcLogAppender (GrpcLogAppender.java:timeoutAppendRequest(200)) - cfc25efc-54ed-4d3e-b2b6-13ccffc6d6ca@group-D3816A677CDA->92412348-7352-40be-aea2-771c347789e7-GrpcLogAppender: appendEntries Timeout, request=cfc25efc-54ed-4d3e-b2b6-13ccffc6d6ca->92412348-7352-40be-aea2-771c347789e7#123-t1, previous=(t:1, i:17), leaderCommit=11, initializing? false, entries: <empty>
2019-09-11 07:14:11,977 [grpc-default-executor-8] INFO  client.GrpcClientProtocolClient (GrpcClientProtocolClient.java:onNext(264)) - client-65AAF9F256C4->92412348-7352-40be-aea2-771c347789e7: receive RaftClientReply:client-65AAF9F256C4->92412348-7352-40be-aea2-771c347789e7@group-D3816A677CDA, cid=143, FAILED org.apache.ratis.protocol.NotLeaderException: Server 92412348-7352-40be-aea2-771c347789e7@group-D3816A677CDA is not the leader cfc25efc-54ed-4d3e-b2b6-13ccffc6d6ca:192.168.5.143:42744, logIndex=0, commits[92412348-7352-40be-aea2-771c347789e7:c11, 76c4c990-655f-4900-b966-affd0bc7639c:c7, cfc25efc-54ed-4d3e-b2b6-13ccffc6d6ca:c11]
2019-09-11 07:14:14,247 [java.util.concurrent.ThreadPoolExecutor$Worker@66a2441c[State = -1, empty queue]] WARN  server.GrpcLogAppender (GrpcLogAppender.java:timeoutAppendRequest(200)) - cfc25efc-54ed-4d3e-b2b6-13ccffc6d6ca@group-D3816A677CDA->76c4c990-655f-4900-b966-affd0bc7639c-GrpcLogAppender: appendEntries Timeout, request=cfc25efc-54ed-4d3e-b2b6-13ccffc6d6ca->76c4c990-655f-4900-b966-affd0bc7639c#124-t1, previous=(t:1, i:17), leaderCommit=11, initializing? false, entries: <empty>
2019-09-11 07:14:14,247 [java.util.concurrent.ThreadPoolExecutor$Worker@41115d6f[State = -1, empty queue]] WARN  server.GrpcLogAppender (GrpcLogAppender.java:timeoutAppendRequest(200)) - cfc25efc-54ed-4d3e-b2b6-13ccffc6d6ca@group-D3816A677CDA->92412348-7352-40be-aea2-771c347789e7-GrpcLogAppender: appendEntries Timeout, request=cfc25efc-54ed-4d3e-b2b6-13ccffc6d6ca->92412348-7352-40be-aea2-771c347789e7#124-t1, previous=(t:1, i:17), leaderCommit=11, initializing? false, entries: <empty>
2019-09-11 07:14:16,214 [cfc25efc-54ed-4d3e-b2b6-13ccffc6d6ca@group-D3816A677CDA-SegmentedRaftLogWorker] WARN  segmented.SegmentedRaftLogWorker (SegmentedRaftLogWorker.java:getFromFuture(90)) - Timeout 8/~
org.apache.ratis.protocol.TimeoutIOException: Timeout 10s: WriteLog:12: (t:1, i:12), STATEMACHINELOGENTRY, client-65AAF9F256C4, cid=143-writeStateMachineData
	at org.apache.ratis.util.IOUtils.getFromFuture(IOUtils.java:87)
	at org.apache.ratis.server.raftlog.segmented.SegmentedRaftLogWorker$StateMachineDataPolicy.getFromFuture(SegmentedRaftLogWorker.java:87)
	at org.apache.ratis.server.raftlog.segmented.SegmentedRaftLogWorker$WriteLog.execute(SegmentedRaftLogWorker.java:477)
	at org.apache.ratis.server.raftlog.segmented.SegmentedRaftLogWorker.run(SegmentedRaftLogWorker.java:289)
	at java.lang.Thread.run(Thread.java:748)
Caused by: java.util.concurrent.TimeoutException
	at java.util.concurrent.CompletableFuture.timedGet(CompletableFuture.java:1771)
	at java.util.concurrent.CompletableFuture.get(CompletableFuture.java:1915)
	at org.apache.ratis.util.IOUtils.getFromFuture(IOUtils.java:79)
	... 4 more
2019-09-11 07:14:16,247 [76c4c990-655f-4900-b966-affd0bc7639c@group-D3816A677CDA-SegmentedRaftLogWorker] WARN  segmented.SegmentedRaftLogWorker (SegmentedRaftLogWorker.java:getFromFuture(90)) - Timeout 8/~
org.apache.ratis.protocol.TimeoutIOException: Timeout 10s: WriteLog:12: (t:1, i:12), STATEMACHINELOGENTRY, client-65AAF9F256C4, cid=143-writeStateMachineData
	at org.apache.ratis.util.IOUtils.getFromFuture(IOUtils.java:87)
	at org.apache.ratis.server.raftlog.segmented.SegmentedRaftLogWorker$StateMachineDataPolicy.getFromFuture(SegmentedRaftLogWorker.java:87)
	at org.apache.ratis.server.raftlog.segmented.SegmentedRaftLogWorker$WriteLog.execute(SegmentedRaftLogWorker.java:477)
	at org.apache.ratis.server.raftlog.segmented.SegmentedRaftLogWorker.run(SegmentedRaftLogWorker.java:289)
	at java.lang.Thread.run(Thread.java:748)
Caused by: java.util.concurrent.TimeoutException
	at java.util.concurrent.CompletableFuture.timedGet(CompletableFuture.java:1771)
	at java.util.concurrent.CompletableFuture.get(CompletableFuture.java:1915)
	at org.apache.ratis.util.IOUtils.getFromFuture(IOUtils.java:79)
	... 4 more
2019-09-11 07:14:16,247 [92412348-7352-40be-aea2-771c347789e7@group-D3816A677CDA-SegmentedRaftLogWorker] WARN  segmented.SegmentedRaftLogWorker (SegmentedRaftLogWorker.java:getFromFuture(90)) - Timeout 8/~
org.apache.ratis.protocol.TimeoutIOException: Timeout 10s: WriteLog:12: (t:1, i:12), STATEMACHINELOGENTRY, client-65AAF9F256C4, cid=143-writeStateMachineData
	at org.apache.ratis.util.IOUtils.getFromFuture(IOUtils.java:87)
	at org.apache.ratis.server.raftlog.segmented.SegmentedRaftLogWorker$StateMachineDataPolicy.getFromFuture(SegmentedRaftLogWorker.java:87)
	at org.apache.ratis.server.raftlog.segmented.SegmentedRaftLogWorker$WriteLog.execute(SegmentedRaftLogWorker.java:477)
	at org.apache.ratis.server.raftlog.segmented.SegmentedRaftLogWorker.run(SegmentedRaftLogWorker.java:289)
	at java.lang.Thread.run(Thread.java:748)
Caused by: java.util.concurrent.TimeoutException
	at java.util.concurrent.CompletableFuture.timedGet(CompletableFuture.java:1771)
	at java.util.concurrent.CompletableFuture.get(CompletableFuture.java:1915)
	at org.apache.ratis.util.IOUtils.getFromFuture(IOUtils.java:79)
	... 4 more
2019-09-11 07:14:16,896 [java.util.concurrent.ThreadPoolExecutor$Worker@41115d6f[State = -1, empty queue]] WARN  server.GrpcLogAppender (GrpcLogAppender.java:timeoutAppendRequest(200)) - cfc25efc-54ed-4d3e-b2b6-13ccffc6d6ca@group-D3816A677CDA->92412348-7352-40be-aea2-771c347789e7-GrpcLogAppender: appendEntries Timeout, request=cfc25efc-54ed-4d3e-b2b6-13ccffc6d6ca->92412348-7352-40be-aea2-771c347789e7#125-t1, previous=(t:1, i:17), leaderCommit=11, initializing? false, entries: <empty>
2019-09-11 07:14:16,901 [java.util.concurrent.ThreadPoolExecutor$Worker@66a2441c[State = -1, empty queue]] WARN  server.GrpcLogAppender (GrpcLogAppender.java:timeoutAppendRequest(200)) - cfc25efc-54ed-4d3e-b2b6-13ccffc6d6ca@group-D3816A677CDA->76c4c990-655f-4900-b966-affd0bc7639c-GrpcLogAppender: appendEntries Timeout, request=cfc25efc-54ed-4d3e-b2b6-13ccffc6d6ca->76c4c990-655f-4900-b966-affd0bc7639c#125-t1, previous=(t:1, i:17), leaderCommit=11, initializing? false, entries: <empty>
2019-09-11 07:14:17,038 [grpc-default-executor-8] INFO  client.GrpcClientProtocolClient (GrpcClientProtocolClient.java:onNext(264)) - client-65AAF9F256C4->76c4c990-655f-4900-b966-affd0bc7639c: receive RaftClientReply:client-65AAF9F256C4->76c4c990-655f-4900-b966-affd0bc7639c@group-D3816A677CDA, cid=143, FAILED org.apache.ratis.protocol.NotLeaderException: Server 76c4c990-655f-4900-b966-affd0bc7639c@group-D3816A677CDA is not the leader cfc25efc-54ed-4d3e-b2b6-13ccffc6d6ca:192.168.5.143:42744, logIndex=0, commits[76c4c990-655f-4900-b966-affd0bc7639c:c11, cfc25efc-54ed-4d3e-b2b6-13ccffc6d6ca:c11, 92412348-7352-40be-aea2-771c347789e7:c7]
2019-09-11 07:14:19,396 [java.util.concurrent.ThreadPoolExecutor$Worker@41115d6f[State = -1, empty queue]] WARN  server.GrpcLogAppender (GrpcLogAppender.java:timeoutAppendRequest(200)) - cfc25efc-54ed-4d3e-b2b6-13ccffc6d6ca@group-D3816A677CDA->92412348-7352-40be-aea2-771c347789e7-GrpcLogAppender: appendEntries Timeout, request=cfc25efc-54ed-4d3e-b2b6-13ccffc6d6ca->92412348-7352-40be-aea2-771c347789e7#126-t1, previous=(t:1, i:17), leaderCommit=11, initializing? false, entries: <empty>
2019-09-11 07:14:19,401 [java.util.concurrent.ThreadPoolExecutor$Worker@66a2441c[State = -1, empty queue]] WARN  server.GrpcLogAppender (GrpcLogAppender.java:timeoutAppendRequest(200)) - cfc25efc-54ed-4d3e-b2b6-13ccffc6d6ca@group-D3816A677CDA->76c4c990-655f-4900-b966-affd0bc7639c-GrpcLogAppender: appendEntries Timeout, request=cfc25efc-54ed-4d3e-b2b6-13ccffc6d6ca->76c4c990-655f-4900-b966-affd0bc7639c#126-t1, previous=(t:1, i:17), leaderCommit=11, initializing? false, entries: <empty>
2019-09-11 07:14:21,897 [java.util.concurrent.ThreadPoolExecutor$Worker@41115d6f[State = -1, empty queue]] WARN  server.GrpcLogAppender (GrpcLogAppender.java:timeoutAppendRequest(200)) - cfc25efc-54ed-4d3e-b2b6-13ccffc6d6ca@group-D3816A677CDA->92412348-7352-40be-aea2-771c347789e7-GrpcLogAppender: appendEntries Timeout, request=cfc25efc-54ed-4d3e-b2b6-13ccffc6d6ca->92412348-7352-40be-aea2-771c347789e7#127-t1, previous=(t:1, i:17), leaderCommit=11, initializing? false, entries: <empty>
2019-09-11 07:14:21,902 [java.util.concurrent.ThreadPoolExecutor$Worker@66a2441c[State = -1, empty queue]] WARN  server.GrpcLogAppender (GrpcLogAppender.java:timeoutAppendRequest(200)) - cfc25efc-54ed-4d3e-b2b6-13ccffc6d6ca@group-D3816A677CDA->76c4c990-655f-4900-b966-affd0bc7639c-GrpcLogAppender: appendEntries Timeout, request=cfc25efc-54ed-4d3e-b2b6-13ccffc6d6ca->76c4c990-655f-4900-b966-affd0bc7639c#127-t1, previous=(t:1, i:17), leaderCommit=11, initializing? false, entries: <empty>
2019-09-11 07:14:22,088 [grpc-default-executor-1] INFO  client.GrpcClientProtocolClient (GrpcClientProtocolClient.java:onNext(264)) - client-65AAF9F256C4->92412348-7352-40be-aea2-771c347789e7: receive RaftClientReply:client-65AAF9F256C4->92412348-7352-40be-aea2-771c347789e7@group-D3816A677CDA, cid=143, FAILED org.apache.ratis.protocol.NotLeaderException: Server 92412348-7352-40be-aea2-771c347789e7@group-D3816A677CDA is not the leader cfc25efc-54ed-4d3e-b2b6-13ccffc6d6ca:192.168.5.143:42744, logIndex=0, commits[92412348-7352-40be-aea2-771c347789e7:c11, 76c4c990-655f-4900-b966-affd0bc7639c:c7, cfc25efc-54ed-4d3e-b2b6-13ccffc6d6ca:c11]
2019-09-11 07:14:24,398 [java.util.concurrent.ThreadPoolExecutor$Worker@41115d6f[State = -1, empty queue]] WARN  server.GrpcLogAppender (GrpcLogAppender.java:timeoutAppendRequest(200)) - cfc25efc-54ed-4d3e-b2b6-13ccffc6d6ca@group-D3816A677CDA->92412348-7352-40be-aea2-771c347789e7-GrpcLogAppender: appendEntries Timeout, request=cfc25efc-54ed-4d3e-b2b6-13ccffc6d6ca->92412348-7352-40be-aea2-771c347789e7#128-t1, previous=(t:1, i:17), leaderCommit=11, initializing? false, entries: <empty>
2019-09-11 07:14:24,402 [java.util.concurrent.ThreadPoolExecutor$Worker@66a2441c[State = -1, empty queue]] WARN  server.GrpcLogAppender (GrpcLogAppender.java:timeoutAppendRequest(200)) - cfc25efc-54ed-4d3e-b2b6-13ccffc6d6ca@group-D3816A677CDA->76c4c990-655f-4900-b966-affd0bc7639c-GrpcLogAppender: appendEntries Timeout, request=cfc25efc-54ed-4d3e-b2b6-13ccffc6d6ca->76c4c990-655f-4900-b966-affd0bc7639c#128-t1, previous=(t:1, i:17), leaderCommit=11, initializing? false, entries: <empty>
2019-09-11 07:14:26,215 [cfc25efc-54ed-4d3e-b2b6-13ccffc6d6ca@group-D3816A677CDA-SegmentedRaftLogWorker] WARN  segmented.SegmentedRaftLogWorker (SegmentedRaftLogWorker.java:getFromFuture(90)) - Timeout 9/~
org.apache.ratis.protocol.TimeoutIOException: Timeout 10s: WriteLog:12: (t:1, i:12), STATEMACHINELOGENTRY, client-65AAF9F256C4, cid=143-writeStateMachineData
	at org.apache.ratis.util.IOUtils.getFromFuture(IOUtils.java:87)
	at org.apache.ratis.server.raftlog.segmented.SegmentedRaftLogWorker$StateMachineDataPolicy.getFromFuture(SegmentedRaftLogWorker.java:87)
	at org.apache.ratis.server.raftlog.segmented.SegmentedRaftLogWorker$WriteLog.execute(SegmentedRaftLogWorker.java:477)
	at org.apache.ratis.server.raftlog.segmented.SegmentedRaftLogWorker.run(SegmentedRaftLogWorker.java:289)
	at java.lang.Thread.run(Thread.java:748)
Caused by: java.util.concurrent.TimeoutException
	at java.util.concurrent.CompletableFuture.timedGet(CompletableFuture.java:1771)
	at java.util.concurrent.CompletableFuture.get(CompletableFuture.java:1915)
	at org.apache.ratis.util.IOUtils.getFromFuture(IOUtils.java:79)
	... 4 more
2019-09-11 07:14:26,248 [76c4c990-655f-4900-b966-affd0bc7639c@group-D3816A677CDA-SegmentedRaftLogWorker] WARN  segmented.SegmentedRaftLogWorker (SegmentedRaftLogWorker.java:getFromFuture(90)) - Timeout 9/~
org.apache.ratis.protocol.TimeoutIOException: Timeout 10s: WriteLog:12: (t:1, i:12), STATEMACHINELOGENTRY, client-65AAF9F256C4, cid=143-writeStateMachineData
	at org.apache.ratis.util.IOUtils.getFromFuture(IOUtils.java:87)
	at org.apache.ratis.server.raftlog.segmented.SegmentedRaftLogWorker$StateMachineDataPolicy.getFromFuture(SegmentedRaftLogWorker.java:87)
	at org.apache.ratis.server.raftlog.segmented.SegmentedRaftLogWorker$WriteLog.execute(SegmentedRaftLogWorker.java:477)
	at org.apache.ratis.server.raftlog.segmented.SegmentedRaftLogWorker.run(SegmentedRaftLogWorker.java:289)
	at java.lang.Thread.run(Thread.java:748)
Caused by: java.util.concurrent.TimeoutException
	at java.util.concurrent.CompletableFuture.timedGet(CompletableFuture.java:1771)
	at java.util.concurrent.CompletableFuture.get(CompletableFuture.java:1915)
	at org.apache.ratis.util.IOUtils.getFromFuture(IOUtils.java:79)
	... 4 more
2019-09-11 07:14:26,248 [92412348-7352-40be-aea2-771c347789e7@group-D3816A677CDA-SegmentedRaftLogWorker] WARN  segmented.SegmentedRaftLogWorker (SegmentedRaftLogWorker.java:getFromFuture(90)) - Timeout 9/~
org.apache.ratis.protocol.TimeoutIOException: Timeout 10s: WriteLog:12: (t:1, i:12), STATEMACHINELOGENTRY, client-65AAF9F256C4, cid=143-writeStateMachineData
	at org.apache.ratis.util.IOUtils.getFromFuture(IOUtils.java:87)
	at org.apache.ratis.server.raftlog.segmented.SegmentedRaftLogWorker$StateMachineDataPolicy.getFromFuture(SegmentedRaftLogWorker.java:87)
	at org.apache.ratis.server.raftlog.segmented.SegmentedRaftLogWorker$WriteLog.execute(SegmentedRaftLogWorker.java:477)
	at org.apache.ratis.server.raftlog.segmented.SegmentedRaftLogWorker.run(SegmentedRaftLogWorker.java:289)
	at java.lang.Thread.run(Thread.java:748)
Caused by: java.util.concurrent.TimeoutException
	at java.util.concurrent.CompletableFuture.timedGet(CompletableFuture.java:1771)
	at java.util.concurrent.CompletableFuture.get(CompletableFuture.java:1915)
	at org.apache.ratis.util.IOUtils.getFromFuture(IOUtils.java:79)
	... 4 more
2019-09-11 07:14:26,898 [java.util.concurrent.ThreadPoolExecutor$Worker@41115d6f[State = -1, empty queue]] WARN  server.GrpcLogAppender (GrpcLogAppender.java:timeoutAppendRequest(200)) - cfc25efc-54ed-4d3e-b2b6-13ccffc6d6ca@group-D3816A677CDA->92412348-7352-40be-aea2-771c347789e7-GrpcLogAppender: appendEntries Timeout, request=cfc25efc-54ed-4d3e-b2b6-13ccffc6d6ca->92412348-7352-40be-aea2-771c347789e7#129-t1, previous=(t:1, i:17), leaderCommit=11, initializing? false, entries: <empty>
2019-09-11 07:14:26,902 [java.util.concurrent.ThreadPoolExecutor$Worker@66a2441c[State = -1, empty queue]] WARN  server.GrpcLogAppender (GrpcLogAppender.java:timeoutAppendRequest(200)) - cfc25efc-54ed-4d3e-b2b6-13ccffc6d6ca@group-D3816A677CDA->76c4c990-655f-4900-b966-affd0bc7639c-GrpcLogAppender: appendEntries Timeout, request=cfc25efc-54ed-4d3e-b2b6-13ccffc6d6ca->76c4c990-655f-4900-b966-affd0bc7639c#129-t1, previous=(t:1, i:17), leaderCommit=11, initializing? false, entries: <empty>
2019-09-11 07:14:27,146 [grpc-default-executor-6] INFO  client.GrpcClientProtocolClient (GrpcClientProtocolClient.java:onNext(264)) - client-65AAF9F256C4->92412348-7352-40be-aea2-771c347789e7: receive RaftClientReply:client-65AAF9F256C4->92412348-7352-40be-aea2-771c347789e7@group-D3816A677CDA, cid=143, FAILED org.apache.ratis.protocol.NotLeaderException: Server 92412348-7352-40be-aea2-771c347789e7@group-D3816A677CDA is not the leader cfc25efc-54ed-4d3e-b2b6-13ccffc6d6ca:192.168.5.143:42744, logIndex=0, commits[92412348-7352-40be-aea2-771c347789e7:c11, 76c4c990-655f-4900-b966-affd0bc7639c:c7, cfc25efc-54ed-4d3e-b2b6-13ccffc6d6ca:c11]
2019-09-11 07:14:29,398 [java.util.concurrent.ThreadPoolExecutor$Worker@41115d6f[State = -1, empty queue]] WARN  server.GrpcLogAppender (GrpcLogAppender.java:timeoutAppendRequest(200)) - cfc25efc-54ed-4d3e-b2b6-13ccffc6d6ca@group-D3816A677CDA->92412348-7352-40be-aea2-771c347789e7-GrpcLogAppender: appendEntries Timeout, request=cfc25efc-54ed-4d3e-b2b6-13ccffc6d6ca->92412348-7352-40be-aea2-771c347789e7#130-t1, previous=(t:1, i:17), leaderCommit=11, initializing? false, entries: <empty>
2019-09-11 07:14:29,402 [java.util.concurrent.ThreadPoolExecutor$Worker@66a2441c[State = -1, empty queue]] WARN  server.GrpcLogAppender (GrpcLogAppender.java:timeoutAppendRequest(200)) - cfc25efc-54ed-4d3e-b2b6-13ccffc6d6ca@group-D3816A677CDA->76c4c990-655f-4900-b966-affd0bc7639c-GrpcLogAppender: appendEntries Timeout, request=cfc25efc-54ed-4d3e-b2b6-13ccffc6d6ca->76c4c990-655f-4900-b966-affd0bc7639c#130-t1, previous=(t:1, i:17), leaderCommit=11, initializing? false, entries: <empty>
2019-09-11 07:14:31,899 [java.util.concurrent.ThreadPoolExecutor$Worker@41115d6f[State = -1, empty queue]] WARN  server.GrpcLogAppender (GrpcLogAppender.java:timeoutAppendRequest(200)) - cfc25efc-54ed-4d3e-b2b6-13ccffc6d6ca@group-D3816A677CDA->92412348-7352-40be-aea2-771c347789e7-GrpcLogAppender: appendEntries Timeout, request=cfc25efc-54ed-4d3e-b2b6-13ccffc6d6ca->92412348-7352-40be-aea2-771c347789e7#131-t1, previous=(t:1, i:17), leaderCommit=11, initializing? false, entries: <empty>
2019-09-11 07:14:31,903 [java.util.concurrent.ThreadPoolExecutor$Worker@66a2441c[State = -1, empty queue]] WARN  server.GrpcLogAppender (GrpcLogAppender.java:timeoutAppendRequest(200)) - cfc25efc-54ed-4d3e-b2b6-13ccffc6d6ca@group-D3816A677CDA->76c4c990-655f-4900-b966-affd0bc7639c-GrpcLogAppender: appendEntries Timeout, request=cfc25efc-54ed-4d3e-b2b6-13ccffc6d6ca->76c4c990-655f-4900-b966-affd0bc7639c#131-t1, previous=(t:1, i:17), leaderCommit=11, initializing? false, entries: <empty>
2019-09-11 07:14:32,192 [grpc-default-executor-8] INFO  client.GrpcClientProtocolClient (GrpcClientProtocolClient.java:onNext(264)) - client-65AAF9F256C4->76c4c990-655f-4900-b966-affd0bc7639c: receive RaftClientReply:client-65AAF9F256C4->76c4c990-655f-4900-b966-affd0bc7639c@group-D3816A677CDA, cid=143, FAILED org.apache.ratis.protocol.NotLeaderException: Server 76c4c990-655f-4900-b966-affd0bc7639c@group-D3816A677CDA is not the leader cfc25efc-54ed-4d3e-b2b6-13ccffc6d6ca:192.168.5.143:42744, logIndex=0, commits[76c4c990-655f-4900-b966-affd0bc7639c:c11, cfc25efc-54ed-4d3e-b2b6-13ccffc6d6ca:c11, 92412348-7352-40be-aea2-771c347789e7:c7]
2019-09-11 07:14:34,399 [java.util.concurrent.ThreadPoolExecutor$Worker@41115d6f[State = -1, empty queue]] WARN  server.GrpcLogAppender (GrpcLogAppender.java:timeoutAppendRequest(200)) - cfc25efc-54ed-4d3e-b2b6-13ccffc6d6ca@group-D3816A677CDA->92412348-7352-40be-aea2-771c347789e7-GrpcLogAppender: appendEntries Timeout, request=cfc25efc-54ed-4d3e-b2b6-13ccffc6d6ca->92412348-7352-40be-aea2-771c347789e7#132-t1, previous=(t:1, i:17), leaderCommit=11, initializing? false, entries: <empty>
2019-09-11 07:14:34,403 [java.util.concurrent.ThreadPoolExecutor$Worker@66a2441c[State = -1, empty queue]] WARN  server.GrpcLogAppender (GrpcLogAppender.java:timeoutAppendRequest(200)) - cfc25efc-54ed-4d3e-b2b6-13ccffc6d6ca@group-D3816A677CDA->76c4c990-655f-4900-b966-affd0bc7639c-GrpcLogAppender: appendEntries Timeout, request=cfc25efc-54ed-4d3e-b2b6-13ccffc6d6ca->76c4c990-655f-4900-b966-affd0bc7639c#132-t1, previous=(t:1, i:17), leaderCommit=11, initializing? false, entries: <empty>
2019-09-11 07:14:36,219 [cfc25efc-54ed-4d3e-b2b6-13ccffc6d6ca@group-D3816A677CDA-SegmentedRaftLogWorker] WARN  segmented.SegmentedRaftLogWorker (SegmentedRaftLogWorker.java:getFromFuture(90)) - Timeout 10/~
org.apache.ratis.protocol.TimeoutIOException: Timeout 10s: WriteLog:12: (t:1, i:12), STATEMACHINELOGENTRY, client-65AAF9F256C4, cid=143-writeStateMachineData
	at org.apache.ratis.util.IOUtils.getFromFuture(IOUtils.java:87)
	at org.apache.ratis.server.raftlog.segmented.SegmentedRaftLogWorker$StateMachineDataPolicy.getFromFuture(SegmentedRaftLogWorker.java:87)
	at org.apache.ratis.server.raftlog.segmented.SegmentedRaftLogWorker$WriteLog.execute(SegmentedRaftLogWorker.java:477)
	at org.apache.ratis.server.raftlog.segmented.SegmentedRaftLogWorker.run(SegmentedRaftLogWorker.java:289)
	at java.lang.Thread.run(Thread.java:748)
Caused by: java.util.concurrent.TimeoutException
	at java.util.concurrent.CompletableFuture.timedGet(CompletableFuture.java:1771)
	at java.util.concurrent.CompletableFuture.get(CompletableFuture.java:1915)
	at org.apache.ratis.util.IOUtils.getFromFuture(IOUtils.java:79)
	... 4 more
2019-09-11 07:14:36,248 [76c4c990-655f-4900-b966-affd0bc7639c@group-D3816A677CDA-SegmentedRaftLogWorker] WARN  segmented.SegmentedRaftLogWorker (SegmentedRaftLogWorker.java:getFromFuture(90)) - Timeout 10/~
org.apache.ratis.protocol.TimeoutIOException: Timeout 10s: WriteLog:12: (t:1, i:12), STATEMACHINELOGENTRY, client-65AAF9F256C4, cid=143-writeStateMachineData
	at org.apache.ratis.util.IOUtils.getFromFuture(IOUtils.java:87)
	at org.apache.ratis.server.raftlog.segmented.SegmentedRaftLogWorker$StateMachineDataPolicy.getFromFuture(SegmentedRaftLogWorker.java:87)
	at org.apache.ratis.server.raftlog.segmented.SegmentedRaftLogWorker$WriteLog.execute(SegmentedRaftLogWorker.java:477)
	at org.apache.ratis.server.raftlog.segmented.SegmentedRaftLogWorker.run(SegmentedRaftLogWorker.java:289)
	at java.lang.Thread.run(Thread.java:748)
Caused by: java.util.concurrent.TimeoutException
	at java.util.concurrent.CompletableFuture.timedGet(CompletableFuture.java:1771)
	at java.util.concurrent.CompletableFuture.get(CompletableFuture.java:1915)
	at org.apache.ratis.util.IOUtils.getFromFuture(IOUtils.java:79)
	... 4 more
2019-09-11 07:14:36,249 [92412348-7352-40be-aea2-771c347789e7@group-D3816A677CDA-SegmentedRaftLogWorker] WARN  segmented.SegmentedRaftLogWorker (SegmentedRaftLogWorker.java:getFromFuture(90)) - Timeout 10/~
org.apache.ratis.protocol.TimeoutIOException: Timeout 10s: WriteLog:12: (t:1, i:12), STATEMACHINELOGENTRY, client-65AAF9F256C4, cid=143-writeStateMachineData
	at org.apache.ratis.util.IOUtils.getFromFuture(IOUtils.java:87)
	at org.apache.ratis.server.raftlog.segmented.SegmentedRaftLogWorker$StateMachineDataPolicy.getFromFuture(SegmentedRaftLogWorker.java:87)
	at org.apache.ratis.server.raftlog.segmented.SegmentedRaftLogWorker$WriteLog.execute(SegmentedRaftLogWorker.java:477)
	at org.apache.ratis.server.raftlog.segmented.SegmentedRaftLogWorker.run(SegmentedRaftLogWorker.java:289)
	at java.lang.Thread.run(Thread.java:748)
Caused by: java.util.concurrent.TimeoutException
	at java.util.concurrent.CompletableFuture.timedGet(CompletableFuture.java:1771)
	at java.util.concurrent.CompletableFuture.get(CompletableFuture.java:1915)
	at org.apache.ratis.util.IOUtils.getFromFuture(IOUtils.java:79)
	... 4 more
2019-09-11 07:14:36,899 [java.util.concurrent.ThreadPoolExecutor$Worker@41115d6f[State = -1, empty queue]] WARN  server.GrpcLogAppender (GrpcLogAppender.java:timeoutAppendRequest(200)) - cfc25efc-54ed-4d3e-b2b6-13ccffc6d6ca@group-D3816A677CDA->92412348-7352-40be-aea2-771c347789e7-GrpcLogAppender: appendEntries Timeout, request=cfc25efc-54ed-4d3e-b2b6-13ccffc6d6ca->92412348-7352-40be-aea2-771c347789e7#133-t1, previous=(t:1, i:17), leaderCommit=11, initializing? false, entries: <empty>
2019-09-11 07:14:36,903 [java.util.concurrent.ThreadPoolExecutor$Worker@66a2441c[State = -1, empty queue]] WARN  server.GrpcLogAppender (GrpcLogAppender.java:timeoutAppendRequest(200)) - cfc25efc-54ed-4d3e-b2b6-13ccffc6d6ca@group-D3816A677CDA->76c4c990-655f-4900-b966-affd0bc7639c-GrpcLogAppender: appendEntries Timeout, request=cfc25efc-54ed-4d3e-b2b6-13ccffc6d6ca->76c4c990-655f-4900-b966-affd0bc7639c#133-t1, previous=(t:1, i:17), leaderCommit=11, initializing? false, entries: <empty>
2019-09-11 07:14:37,240 [grpc-default-executor-8] INFO  client.GrpcClientProtocolClient (GrpcClientProtocolClient.java:onNext(264)) - client-65AAF9F256C4->76c4c990-655f-4900-b966-affd0bc7639c: receive RaftClientReply:client-65AAF9F256C4->76c4c990-655f-4900-b966-affd0bc7639c@group-D3816A677CDA, cid=143, FAILED org.apache.ratis.protocol.NotLeaderException: Server 76c4c990-655f-4900-b966-affd0bc7639c@group-D3816A677CDA is not the leader cfc25efc-54ed-4d3e-b2b6-13ccffc6d6ca:192.168.5.143:42744, logIndex=0, commits[76c4c990-655f-4900-b966-affd0bc7639c:c11, cfc25efc-54ed-4d3e-b2b6-13ccffc6d6ca:c11, 92412348-7352-40be-aea2-771c347789e7:c7]
2019-09-11 07:14:39,400 [java.util.concurrent.ThreadPoolExecutor$Worker@41115d6f[State = -1, empty queue]] WARN  server.GrpcLogAppender (GrpcLogAppender.java:timeoutAppendRequest(200)) - cfc25efc-54ed-4d3e-b2b6-13ccffc6d6ca@group-D3816A677CDA->92412348-7352-40be-aea2-771c347789e7-GrpcLogAppender: appendEntries Timeout, request=cfc25efc-54ed-4d3e-b2b6-13ccffc6d6ca->92412348-7352-40be-aea2-771c347789e7#134-t1, previous=(t:1, i:17), leaderCommit=11, initializing? false, entries: <empty>
2019-09-11 07:14:39,403 [java.util.concurrent.ThreadPoolExecutor$Worker@66a2441c[State = -1, empty queue]] WARN  server.GrpcLogAppender (GrpcLogAppender.java:timeoutAppendRequest(200)) - cfc25efc-54ed-4d3e-b2b6-13ccffc6d6ca@group-D3816A677CDA->76c4c990-655f-4900-b966-affd0bc7639c-GrpcLogAppender: appendEntries Timeout, request=cfc25efc-54ed-4d3e-b2b6-13ccffc6d6ca->76c4c990-655f-4900-b966-affd0bc7639c#134-t1, previous=(t:1, i:17), leaderCommit=11, initializing? false, entries: <empty>
2019-09-11 07:14:41,900 [java.util.concurrent.ThreadPoolExecutor$Worker@41115d6f[State = -1, empty queue]] WARN  server.GrpcLogAppender (GrpcLogAppender.java:timeoutAppendRequest(200)) - cfc25efc-54ed-4d3e-b2b6-13ccffc6d6ca@group-D3816A677CDA->92412348-7352-40be-aea2-771c347789e7-GrpcLogAppender: appendEntries Timeout, request=cfc25efc-54ed-4d3e-b2b6-13ccffc6d6ca->92412348-7352-40be-aea2-771c347789e7#135-t1, previous=(t:1, i:17), leaderCommit=11, initializing? false, entries: <empty>
2019-09-11 07:14:41,904 [java.util.concurrent.ThreadPoolExecutor$Worker@66a2441c[State = -1, empty queue]] WARN  server.GrpcLogAppender (GrpcLogAppender.java:timeoutAppendRequest(200)) - cfc25efc-54ed-4d3e-b2b6-13ccffc6d6ca@group-D3816A677CDA->76c4c990-655f-4900-b966-affd0bc7639c-GrpcLogAppender: appendEntries Timeout, request=cfc25efc-54ed-4d3e-b2b6-13ccffc6d6ca->76c4c990-655f-4900-b966-affd0bc7639c#135-t1, previous=(t:1, i:17), leaderCommit=11, initializing? false, entries: <empty>
2019-09-11 07:14:42,295 [grpc-default-executor-1] INFO  client.GrpcClientProtocolClient (GrpcClientProtocolClient.java:onNext(264)) - client-65AAF9F256C4->76c4c990-655f-4900-b966-affd0bc7639c: receive RaftClientReply:client-65AAF9F256C4->76c4c990-655f-4900-b966-affd0bc7639c@group-D3816A677CDA, cid=143, FAILED org.apache.ratis.protocol.NotLeaderException: Server 76c4c990-655f-4900-b966-affd0bc7639c@group-D3816A677CDA is not the leader cfc25efc-54ed-4d3e-b2b6-13ccffc6d6ca:192.168.5.143:42744, logIndex=0, commits[76c4c990-655f-4900-b966-affd0bc7639c:c11, cfc25efc-54ed-4d3e-b2b6-13ccffc6d6ca:c11, 92412348-7352-40be-aea2-771c347789e7:c7]
2019-09-11 07:14:44,401 [java.util.concurrent.ThreadPoolExecutor$Worker@41115d6f[State = -1, empty queue]] WARN  server.GrpcLogAppender (GrpcLogAppender.java:timeoutAppendRequest(200)) - cfc25efc-54ed-4d3e-b2b6-13ccffc6d6ca@group-D3816A677CDA->92412348-7352-40be-aea2-771c347789e7-GrpcLogAppender: appendEntries Timeout, request=cfc25efc-54ed-4d3e-b2b6-13ccffc6d6ca->92412348-7352-40be-aea2-771c347789e7#136-t1, previous=(t:1, i:17), leaderCommit=11, initializing? false, entries: <empty>
2019-09-11 07:14:44,404 [java.util.concurrent.ThreadPoolExecutor$Worker@66a2441c[State = -1, empty queue]] WARN  server.GrpcLogAppender (GrpcLogAppender.java:timeoutAppendRequest(200)) - cfc25efc-54ed-4d3e-b2b6-13ccffc6d6ca@group-D3816A677CDA->76c4c990-655f-4900-b966-affd0bc7639c-GrpcLogAppender: appendEntries Timeout, request=cfc25efc-54ed-4d3e-b2b6-13ccffc6d6ca->76c4c990-655f-4900-b966-affd0bc7639c#136-t1, previous=(t:1, i:17), leaderCommit=11, initializing? false, entries: <empty>
2019-09-11 07:14:46,228 [cfc25efc-54ed-4d3e-b2b6-13ccffc6d6ca@group-D3816A677CDA-SegmentedRaftLogWorker] WARN  segmented.SegmentedRaftLogWorker (SegmentedRaftLogWorker.java:getFromFuture(90)) - Timeout 11/~
org.apache.ratis.protocol.TimeoutIOException: Timeout 10s: WriteLog:12: (t:1, i:12), STATEMACHINELOGENTRY, client-65AAF9F256C4, cid=143-writeStateMachineData
	at org.apache.ratis.util.IOUtils.getFromFuture(IOUtils.java:87)
	at org.apache.ratis.server.raftlog.segmented.SegmentedRaftLogWorker$StateMachineDataPolicy.getFromFuture(SegmentedRaftLogWorker.java:87)
	at org.apache.ratis.server.raftlog.segmented.SegmentedRaftLogWorker$WriteLog.execute(SegmentedRaftLogWorker.java:477)
	at org.apache.ratis.server.raftlog.segmented.SegmentedRaftLogWorker.run(SegmentedRaftLogWorker.java:289)
	at java.lang.Thread.run(Thread.java:748)
Caused by: java.util.concurrent.TimeoutException
	at java.util.concurrent.CompletableFuture.timedGet(CompletableFuture.java:1771)
	at java.util.concurrent.CompletableFuture.get(CompletableFuture.java:1915)
	at org.apache.ratis.util.IOUtils.getFromFuture(IOUtils.java:79)
	... 4 more
2019-09-11 07:14:46,249 [76c4c990-655f-4900-b966-affd0bc7639c@group-D3816A677CDA-SegmentedRaftLogWorker] WARN  segmented.SegmentedRaftLogWorker (SegmentedRaftLogWorker.java:getFromFuture(90)) - Timeout 11/~
org.apache.ratis.protocol.TimeoutIOException: Timeout 10s: WriteLog:12: (t:1, i:12), STATEMACHINELOGENTRY, client-65AAF9F256C4, cid=143-writeStateMachineData
	at org.apache.ratis.util.IOUtils.getFromFuture(IOUtils.java:87)
	at org.apache.ratis.server.raftlog.segmented.SegmentedRaftLogWorker$StateMachineDataPolicy.getFromFuture(SegmentedRaftLogWorker.java:87)
	at org.apache.ratis.server.raftlog.segmented.SegmentedRaftLogWorker$WriteLog.execute(SegmentedRaftLogWorker.java:477)
	at org.apache.ratis.server.raftlog.segmented.SegmentedRaftLogWorker.run(SegmentedRaftLogWorker.java:289)
	at java.lang.Thread.run(Thread.java:748)
Caused by: java.util.concurrent.TimeoutException
	at java.util.concurrent.CompletableFuture.timedGet(CompletableFuture.java:1771)
	at java.util.concurrent.CompletableFuture.get(CompletableFuture.java:1915)
	at org.apache.ratis.util.IOUtils.getFromFuture(IOUtils.java:79)
	... 4 more
2019-09-11 07:14:46,249 [92412348-7352-40be-aea2-771c347789e7@group-D3816A677CDA-SegmentedRaftLogWorker] WARN  segmented.SegmentedRaftLogWorker (SegmentedRaftLogWorker.java:getFromFuture(90)) - Timeout 11/~
org.apache.ratis.protocol.TimeoutIOException: Timeout 10s: WriteLog:12: (t:1, i:12), STATEMACHINELOGENTRY, client-65AAF9F256C4, cid=143-writeStateMachineData
	at org.apache.ratis.util.IOUtils.getFromFuture(IOUtils.java:87)
	at org.apache.ratis.server.raftlog.segmented.SegmentedRaftLogWorker$StateMachineDataPolicy.getFromFuture(SegmentedRaftLogWorker.java:87)
	at org.apache.ratis.server.raftlog.segmented.SegmentedRaftLogWorker$WriteLog.execute(SegmentedRaftLogWorker.java:477)
	at org.apache.ratis.server.raftlog.segmented.SegmentedRaftLogWorker.run(SegmentedRaftLogWorker.java:289)
	at java.lang.Thread.run(Thread.java:748)
Caused by: java.util.concurrent.TimeoutException
	at java.util.concurrent.CompletableFuture.timedGet(CompletableFuture.java:1771)
	at java.util.concurrent.CompletableFuture.get(CompletableFuture.java:1915)
	at org.apache.ratis.util.IOUtils.getFromFuture(IOUtils.java:79)
	... 4 more
2019-09-11 07:14:46,402 [org.apache.ratis.server.impl.LogAppender$AppenderDaemon$$Lambda$492/690755232@2013600a] ERROR ratis.XceiverServerRatis (XceiverServerRatis.java:triggerPipelineClose(575)) - pipeline Action CLOSE  on pipeline PipelineID=5af9484c-b11e-453f-b538-d3816a677cda.Reason : cfc25efc-54ed-4d3e-b2b6-13ccffc6d6ca has not seen follower/s 76c4c990-655f-4900-b966-affd0bc7639c for 121177ms 92412348-7352-40be-aea2-771c347789e7 for 121150ms
2019-09-11 07:14:46,404 [org.apache.ratis.server.impl.LogAppender$AppenderDaemon$$Lambda$492/690755232@39c71484] ERROR ratis.XceiverServerRatis (XceiverServerRatis.java:triggerPipelineClose(575)) - pipeline Action CLOSE  on pipeline PipelineID=5af9484c-b11e-453f-b538-d3816a677cda.Reason : cfc25efc-54ed-4d3e-b2b6-13ccffc6d6ca has not seen follower/s 76c4c990-655f-4900-b966-affd0bc7639c for 121180ms 92412348-7352-40be-aea2-771c347789e7 for 121153ms
2019-09-11 07:14:46,901 [java.util.concurrent.ThreadPoolExecutor$Worker@41115d6f[State = -1, empty queue]] WARN  server.GrpcLogAppender (GrpcLogAppender.java:timeoutAppendRequest(200)) - cfc25efc-54ed-4d3e-b2b6-13ccffc6d6ca@group-D3816A677CDA->92412348-7352-40be-aea2-771c347789e7-GrpcLogAppender: appendEntries Timeout, request=cfc25efc-54ed-4d3e-b2b6-13ccffc6d6ca->92412348-7352-40be-aea2-771c347789e7#137-t1, previous=(t:1, i:17), leaderCommit=11, initializing? false, entries: <empty>
2019-09-11 07:14:46,904 [java.util.concurrent.ThreadPoolExecutor$Worker@66a2441c[State = -1, empty queue]] WARN  server.GrpcLogAppender (GrpcLogAppender.java:timeoutAppendRequest(200)) - cfc25efc-54ed-4d3e-b2b6-13ccffc6d6ca@group-D3816A677CDA->76c4c990-655f-4900-b966-affd0bc7639c-GrpcLogAppender: appendEntries Timeout, request=cfc25efc-54ed-4d3e-b2b6-13ccffc6d6ca->76c4c990-655f-4900-b966-affd0bc7639c#137-t1, previous=(t:1, i:17), leaderCommit=11, initializing? false, entries: <empty>
2019-09-11 07:14:47,347 [grpc-default-executor-6] INFO  client.GrpcClientProtocolClient (GrpcClientProtocolClient.java:onNext(264)) - client-65AAF9F256C4->76c4c990-655f-4900-b966-affd0bc7639c: receive RaftClientReply:client-65AAF9F256C4->76c4c990-655f-4900-b966-affd0bc7639c@group-D3816A677CDA, cid=143, FAILED org.apache.ratis.protocol.NotLeaderException: Server 76c4c990-655f-4900-b966-affd0bc7639c@group-D3816A677CDA is not the leader cfc25efc-54ed-4d3e-b2b6-13ccffc6d6ca:192.168.5.143:42744, logIndex=0, commits[76c4c990-655f-4900-b966-affd0bc7639c:c11, cfc25efc-54ed-4d3e-b2b6-13ccffc6d6ca:c11, 92412348-7352-40be-aea2-771c347789e7:c7]
2019-09-11 07:14:47,371 [EventQueue-PipelineActionsForPipelineActionHandler] ERROR pipeline.PipelineActionHandler (PipelineActionHandler.java:onMessage(60)) - Received pipeline action CLOSE for Pipeline[ Id: 5af9484c-b11e-453f-b538-d3816a677cda, Nodes: cfc25efc-54ed-4d3e-b2b6-13ccffc6d6ca{ip: 192.168.5.143, host: pr-hdds-1786-trunk-klbfp-3319181915, networkLocation: /default-rack, certSerialId: null}92412348-7352-40be-aea2-771c347789e7{ip: 192.168.5.143, host: pr-hdds-1786-trunk-klbfp-3319181915, networkLocation: /default-rack, certSerialId: null}76c4c990-655f-4900-b966-affd0bc7639c{ip: 192.168.5.143, host: pr-hdds-1786-trunk-klbfp-3319181915, networkLocation: /default-rack, certSerialId: null}, Type:RATIS, Factor:THREE, State:OPEN] from datanode cfc25efc-54ed-4d3e-b2b6-13ccffc6d6ca{ip: 192.168.5.143, host: pr-hdds-1786-trunk-klbfp-3319181915, networkLocation: /default-rack, certSerialId: null}. Reason : cfc25efc-54ed-4d3e-b2b6-13ccffc6d6ca has not seen follower/s 76c4c990-655f-4900-b966-affd0bc7639c for 121177ms 92412348-7352-40be-aea2-771c347789e7 for 121150ms
2019-09-11 07:14:47,371 [EventQueue-PipelineActionsForPipelineActionHandler] INFO  pipeline.SCMPipelineManager (SCMPipelineManager.java:finalizeAndDestroyPipeline(311)) - destroying pipeline:Pipeline[ Id: 5af9484c-b11e-453f-b538-d3816a677cda, Nodes: cfc25efc-54ed-4d3e-b2b6-13ccffc6d6ca{ip: 192.168.5.143, host: pr-hdds-1786-trunk-klbfp-3319181915, networkLocation: /default-rack, certSerialId: null}92412348-7352-40be-aea2-771c347789e7{ip: 192.168.5.143, host: pr-hdds-1786-trunk-klbfp-3319181915, networkLocation: /default-rack, certSerialId: null}76c4c990-655f-4900-b966-affd0bc7639c{ip: 192.168.5.143, host: pr-hdds-1786-trunk-klbfp-3319181915, networkLocation: /default-rack, certSerialId: null}, Type:RATIS, Factor:THREE, State:OPEN]
2019-09-11 07:14:47,372 [EventQueue-PipelineActionsForPipelineActionHandler] INFO  pipeline.PipelineStateManager (PipelineStateManager.java:finalizePipeline(123)) - Pipeline Pipeline[ Id: 5af9484c-b11e-453f-b538-d3816a677cda, Nodes: cfc25efc-54ed-4d3e-b2b6-13ccffc6d6ca{ip: 192.168.5.143, host: pr-hdds-1786-trunk-klbfp-3319181915, networkLocation: /default-rack, certSerialId: null}92412348-7352-40be-aea2-771c347789e7{ip: 192.168.5.143, host: pr-hdds-1786-trunk-klbfp-3319181915, networkLocation: /default-rack, certSerialId: null}76c4c990-655f-4900-b966-affd0bc7639c{ip: 192.168.5.143, host: pr-hdds-1786-trunk-klbfp-3319181915, networkLocation: /default-rack, certSerialId: null}, Type:RATIS, Factor:THREE, State:CLOSED] moved to CLOSED state
2019-09-11 07:14:47,372 [EventQueue-CloseContainerForCloseContainerEventHandler] INFO  container.CloseContainerEventHandler (CloseContainerEventHandler.java:onMessage(61)) - Close container Event triggered for container : #6
2019-09-11 07:14:47,373 [EventQueue-CloseContainerForCloseContainerEventHandler] INFO  container.CloseContainerEventHandler (CloseContainerEventHandler.java:onMessage(61)) - Close container Event triggered for container : #8
2019-09-11 07:14:48,902 [org.apache.ratis.server.impl.LogAppender$AppenderDaemon$$Lambda$492/690755232@2013600a] ERROR ratis.XceiverServerRatis (XceiverServerRatis.java:triggerPipelineClose(575)) - pipeline Action CLOSE  on pipeline PipelineID=5af9484c-b11e-453f-b538-d3816a677cda.Reason : cfc25efc-54ed-4d3e-b2b6-13ccffc6d6ca has not seen follower/s 76c4c990-655f-4900-b966-affd0bc7639c for 123678ms 92412348-7352-40be-aea2-771c347789e7 for 123650ms
2019-09-11 07:14:48,905 [org.apache.ratis.server.impl.LogAppender$AppenderDaemon$$Lambda$492/690755232@39c71484] ERROR ratis.XceiverServerRatis (XceiverServerRatis.java:triggerPipelineClose(575)) - pipeline Action CLOSE  on pipeline PipelineID=5af9484c-b11e-453f-b538-d3816a677cda.Reason : cfc25efc-54ed-4d3e-b2b6-13ccffc6d6ca has not seen follower/s 76c4c990-655f-4900-b966-affd0bc7639c for 123681ms 92412348-7352-40be-aea2-771c347789e7 for 123653ms
2019-09-11 07:14:49,372 [EventQueue-PipelineActionsForPipelineActionHandler] ERROR pipeline.PipelineActionHandler (PipelineActionHandler.java:onMessage(60)) - Received pipeline action CLOSE for Pipeline[ Id: 5af9484c-b11e-453f-b538-d3816a677cda, Nodes: cfc25efc-54ed-4d3e-b2b6-13ccffc6d6ca{ip: 192.168.5.143, host: pr-hdds-1786-trunk-klbfp-3319181915, networkLocation: /default-rack, certSerialId: null}92412348-7352-40be-aea2-771c347789e7{ip: 192.168.5.143, host: pr-hdds-1786-trunk-klbfp-3319181915, networkLocation: /default-rack, certSerialId: null}76c4c990-655f-4900-b966-affd0bc7639c{ip: 192.168.5.143, host: pr-hdds-1786-trunk-klbfp-3319181915, networkLocation: /default-rack, certSerialId: null}, Type:RATIS, Factor:THREE, State:CLOSED] from datanode cfc25efc-54ed-4d3e-b2b6-13ccffc6d6ca{ip: 192.168.5.143, host: pr-hdds-1786-trunk-klbfp-3319181915, networkLocation: /default-rack, certSerialId: null}. Reason : cfc25efc-54ed-4d3e-b2b6-13ccffc6d6ca has not seen follower/s 76c4c990-655f-4900-b966-affd0bc7639c for 123678ms 92412348-7352-40be-aea2-771c347789e7 for 123650ms
2019-09-11 07:14:49,372 [EventQueue-PipelineActionsForPipelineActionHandler] INFO  pipeline.SCMPipelineManager (SCMPipelineManager.java:finalizeAndDestroyPipeline(311)) - destroying pipeline:Pipeline[ Id: 5af9484c-b11e-453f-b538-d3816a677cda, Nodes: cfc25efc-54ed-4d3e-b2b6-13ccffc6d6ca{ip: 192.168.5.143, host: pr-hdds-1786-trunk-klbfp-3319181915, networkLocation: /default-rack, certSerialId: null}92412348-7352-40be-aea2-771c347789e7{ip: 192.168.5.143, host: pr-hdds-1786-trunk-klbfp-3319181915, networkLocation: /default-rack, certSerialId: null}76c4c990-655f-4900-b966-affd0bc7639c{ip: 192.168.5.143, host: pr-hdds-1786-trunk-klbfp-3319181915, networkLocation: /default-rack, certSerialId: null}, Type:RATIS, Factor:THREE, State:CLOSED]
2019-09-11 07:14:49,401 [java.util.concurrent.ThreadPoolExecutor$Worker@41115d6f[State = -1, empty queue]] WARN  server.GrpcLogAppender (GrpcLogAppender.java:timeoutAppendRequest(200)) - cfc25efc-54ed-4d3e-b2b6-13ccffc6d6ca@group-D3816A677CDA->92412348-7352-40be-aea2-771c347789e7-GrpcLogAppender: appendEntries Timeout, request=cfc25efc-54ed-4d3e-b2b6-13ccffc6d6ca->92412348-7352-40be-aea2-771c347789e7#138-t1, previous=(t:1, i:17), leaderCommit=11, initializing? false, entries: <empty>
2019-09-11 07:14:49,404 [java.util.concurrent.ThreadPoolExecutor$Worker@66a2441c[State = -1, empty queue]] WARN  server.GrpcLogAppender (GrpcLogAppender.java:timeoutAppendRequest(200)) - cfc25efc-54ed-4d3e-b2b6-13ccffc6d6ca@group-D3816A677CDA->76c4c990-655f-4900-b966-affd0bc7639c-GrpcLogAppender: appendEntries Timeout, request=cfc25efc-54ed-4d3e-b2b6-13ccffc6d6ca->76c4c990-655f-4900-b966-affd0bc7639c#138-t1, previous=(t:1, i:17), leaderCommit=11, initializing? false, entries: <empty>
2019-09-11 07:14:50,397 [org.apache.ratis.server.impl.LogAppender$AppenderDaemon$$Lambda$492/690755232@39c71484] ERROR ratis.XceiverServerRatis (XceiverServerRatis.java:triggerPipelineClose(575)) - pipeline Action CLOSE  on pipeline PipelineID=5af9484c-b11e-453f-b538-d3816a677cda.Reason : cfc25efc-54ed-4d3e-b2b6-13ccffc6d6ca has not seen follower/s 76c4c990-655f-4900-b966-affd0bc7639c for 125172ms 92412348-7352-40be-aea2-771c347789e7 for 125145ms
2019-09-11 07:14:50,397 [org.apache.ratis.server.impl.LogAppender$AppenderDaemon$$Lambda$492/690755232@2013600a] ERROR ratis.XceiverServerRatis (XceiverServerRatis.java:triggerPipelineClose(575)) - pipeline Action CLOSE  on pipeline PipelineID=5af9484c-b11e-453f-b538-d3816a677cda.Reason : cfc25efc-54ed-4d3e-b2b6-13ccffc6d6ca has not seen follower/s 76c4c990-655f-4900-b966-affd0bc7639c for 125172ms 92412348-7352-40be-aea2-771c347789e7 for 125145ms
2019-09-11 07:14:51,395 [EventQueue-PipelineActionsForPipelineActionHandler] ERROR pipeline.PipelineActionHandler (PipelineActionHandler.java:onMessage(60)) - Received pipeline action CLOSE for Pipeline[ Id: 5af9484c-b11e-453f-b538-d3816a677cda, Nodes: cfc25efc-54ed-4d3e-b2b6-13ccffc6d6ca{ip: 192.168.5.143, host: pr-hdds-1786-trunk-klbfp-3319181915, networkLocation: /default-rack, certSerialId: null}92412348-7352-40be-aea2-771c347789e7{ip: 192.168.5.143, host: pr-hdds-1786-trunk-klbfp-3319181915, networkLocation: /default-rack, certSerialId: null}76c4c990-655f-4900-b966-affd0bc7639c{ip: 192.168.5.143, host: pr-hdds-1786-trunk-klbfp-3319181915, networkLocation: /default-rack, certSerialId: null}, Type:RATIS, Factor:THREE, State:CLOSED] from datanode cfc25efc-54ed-4d3e-b2b6-13ccffc6d6ca{ip: 192.168.5.143, host: pr-hdds-1786-trunk-klbfp-3319181915, networkLocation: /default-rack, certSerialId: null}. Reason : cfc25efc-54ed-4d3e-b2b6-13ccffc6d6ca has not seen follower/s 76c4c990-655f-4900-b966-affd0bc7639c for 125172ms 92412348-7352-40be-aea2-771c347789e7 for 125145ms
2019-09-11 07:14:51,395 [EventQueue-PipelineActionsForPipelineActionHandler] INFO  pipeline.SCMPipelineManager (SCMPipelineManager.java:finalizeAndDestroyPipeline(311)) - destroying pipeline:Pipeline[ Id: 5af9484c-b11e-453f-b538-d3816a677cda, Nodes: cfc25efc-54ed-4d3e-b2b6-13ccffc6d6ca{ip: 192.168.5.143, host: pr-hdds-1786-trunk-klbfp-3319181915, networkLocation: /default-rack, certSerialId: null}92412348-7352-40be-aea2-771c347789e7{ip: 192.168.5.143, host: pr-hdds-1786-trunk-klbfp-3319181915, networkLocation: /default-rack, certSerialId: null}76c4c990-655f-4900-b966-affd0bc7639c{ip: 192.168.5.143, host: pr-hdds-1786-trunk-klbfp-3319181915, networkLocation: /default-rack, certSerialId: null}, Type:RATIS, Factor:THREE, State:CLOSED]
2019-09-11 07:14:51,902 [java.util.concurrent.ThreadPoolExecutor$Worker@41115d6f[State = -1, empty queue]] WARN  server.GrpcLogAppender (GrpcLogAppender.java:timeoutAppendRequest(200)) - cfc25efc-54ed-4d3e-b2b6-13ccffc6d6ca@group-D3816A677CDA->92412348-7352-40be-aea2-771c347789e7-GrpcLogAppender: appendEntries Timeout, request=cfc25efc-54ed-4d3e-b2b6-13ccffc6d6ca->92412348-7352-40be-aea2-771c347789e7#139-t1, previous=(t:1, i:17), leaderCommit=11, initializing? false, entries: <empty>
2019-09-11 07:14:51,905 [java.util.concurrent.ThreadPoolExecutor$Worker@66a2441c[State = -1, empty queue]] WARN  server.GrpcLogAppender (GrpcLogAppender.java:timeoutAppendRequest(200)) - cfc25efc-54ed-4d3e-b2b6-13ccffc6d6ca@group-D3816A677CDA->76c4c990-655f-4900-b966-affd0bc7639c-GrpcLogAppender: appendEntries Timeout, request=cfc25efc-54ed-4d3e-b2b6-13ccffc6d6ca->76c4c990-655f-4900-b966-affd0bc7639c#139-t1, previous=(t:1, i:17), leaderCommit=11, initializing? false, entries: <empty>
2019-09-11 07:14:52,399 [grpc-default-executor-6] INFO  client.GrpcClientProtocolClient (GrpcClientProtocolClient.java:onNext(264)) - client-65AAF9F256C4->92412348-7352-40be-aea2-771c347789e7: receive RaftClientReply:client-65AAF9F256C4->92412348-7352-40be-aea2-771c347789e7@group-D3816A677CDA, cid=143, FAILED org.apache.ratis.protocol.NotLeaderException: Server 92412348-7352-40be-aea2-771c347789e7@group-D3816A677CDA is not the leader cfc25efc-54ed-4d3e-b2b6-13ccffc6d6ca:192.168.5.143:42744, logIndex=0, commits[92412348-7352-40be-aea2-771c347789e7:c11, 76c4c990-655f-4900-b966-affd0bc7639c:c7, cfc25efc-54ed-4d3e-b2b6-13ccffc6d6ca:c11]
2019-09-11 07:14:52,898 [org.apache.ratis.server.impl.LogAppender$AppenderDaemon$$Lambda$492/690755232@2013600a] ERROR ratis.XceiverServerRatis (XceiverServerRatis.java:triggerPipelineClose(575)) - pipeline Action CLOSE  on pipeline PipelineID=5af9484c-b11e-453f-b538-d3816a677cda.Reason : cfc25efc-54ed-4d3e-b2b6-13ccffc6d6ca has not seen follower/s 76c4c990-655f-4900-b966-affd0bc7639c for 127673ms 92412348-7352-40be-aea2-771c347789e7 for 127646ms
2019-09-11 07:14:52,898 [org.apache.ratis.server.impl.LogAppender$AppenderDaemon$$Lambda$492/690755232@39c71484] ERROR ratis.XceiverServerRatis (XceiverServerRatis.java:triggerPipelineClose(575)) - pipeline Action CLOSE  on pipeline PipelineID=5af9484c-b11e-453f-b538-d3816a677cda.Reason : cfc25efc-54ed-4d3e-b2b6-13ccffc6d6ca has not seen follower/s 76c4c990-655f-4900-b966-affd0bc7639c for 127673ms 92412348-7352-40be-aea2-771c347789e7 for 127646ms
2019-09-11 07:14:53,394 [EventQueue-PipelineActionsForPipelineActionHandler] ERROR pipeline.PipelineActionHandler (PipelineActionHandler.java:onMessage(60)) - Received pipeline action CLOSE for Pipeline[ Id: 5af9484c-b11e-453f-b538-d3816a677cda, Nodes: cfc25efc-54ed-4d3e-b2b6-13ccffc6d6ca{ip: 192.168.5.143, host: pr-hdds-1786-trunk-klbfp-3319181915, networkLocation: /default-rack, certSerialId: null}92412348-7352-40be-aea2-771c347789e7{ip: 192.168.5.143, host: pr-hdds-1786-trunk-klbfp-3319181915, networkLocation: /default-rack, certSerialId: null}76c4c990-655f-4900-b966-affd0bc7639c{ip: 192.168.5.143, host: pr-hdds-1786-trunk-klbfp-3319181915, networkLocation: /default-rack, certSerialId: null}, Type:RATIS, Factor:THREE, State:CLOSED] from datanode cfc25efc-54ed-4d3e-b2b6-13ccffc6d6ca{ip: 192.168.5.143, host: pr-hdds-1786-trunk-klbfp-3319181915, networkLocation: /default-rack, certSerialId: null}. Reason : cfc25efc-54ed-4d3e-b2b6-13ccffc6d6ca has not seen follower/s 76c4c990-655f-4900-b966-affd0bc7639c for 127673ms 92412348-7352-40be-aea2-771c347789e7 for 127646ms
2019-09-11 07:14:53,395 [EventQueue-PipelineActionsForPipelineActionHandler] INFO  pipeline.SCMPipelineManager (SCMPipelineManager.java:finalizeAndDestroyPipeline(311)) - destroying pipeline:Pipeline[ Id: 5af9484c-b11e-453f-b538-d3816a677cda, Nodes: cfc25efc-54ed-4d3e-b2b6-13ccffc6d6ca{ip: 192.168.5.143, host: pr-hdds-1786-trunk-klbfp-3319181915, networkLocation: /default-rack, certSerialId: null}92412348-7352-40be-aea2-771c347789e7{ip: 192.168.5.143, host: pr-hdds-1786-trunk-klbfp-3319181915, networkLocation: /default-rack, certSerialId: null}76c4c990-655f-4900-b966-affd0bc7639c{ip: 192.168.5.143, host: pr-hdds-1786-trunk-klbfp-3319181915, networkLocation: /default-rack, certSerialId: null}, Type:RATIS, Factor:THREE, State:CLOSED]
2019-09-11 07:14:53,397 [java.util.concurrent.ThreadPoolExecutor$Worker@66a2441c[State = -1, empty queue]] WARN  server.GrpcLogAppender (GrpcLogAppender.java:timeoutAppendRequest(200)) - cfc25efc-54ed-4d3e-b2b6-13ccffc6d6ca@group-D3816A677CDA->76c4c990-655f-4900-b966-affd0bc7639c-GrpcLogAppender: appendEntries Timeout, request=cfc25efc-54ed-4d3e-b2b6-13ccffc6d6ca->76c4c990-655f-4900-b966-affd0bc7639c#140-t1, previous=(t:1, i:17), leaderCommit=11, initializing? false, entries: size=1, first=(t:1, i:18), STATEMACHINELOGENTRY, client-062C8372354D, cid=18
2019-09-11 07:14:53,397 [java.util.concurrent.ThreadPoolExecutor$Worker@41115d6f[State = -1, empty queue]] WARN  server.GrpcLogAppender (GrpcLogAppender.java:timeoutAppendRequest(200)) - cfc25efc-54ed-4d3e-b2b6-13ccffc6d6ca@group-D3816A677CDA->92412348-7352-40be-aea2-771c347789e7-GrpcLogAppender: appendEntries Timeout, request=cfc25efc-54ed-4d3e-b2b6-13ccffc6d6ca->92412348-7352-40be-aea2-771c347789e7#140-t1, previous=(t:1, i:17), leaderCommit=11, initializing? false, entries: size=1, first=(t:1, i:18), STATEMACHINELOGENTRY, client-062C8372354D, cid=18
2019-09-11 07:14:55,400 [org.apache.ratis.server.impl.LogAppender$AppenderDaemon$$Lambda$492/690755232@39c71484] ERROR ratis.XceiverServerRatis (XceiverServerRatis.java:triggerPipelineClose(575)) - pipeline Action CLOSE  on pipeline PipelineID=5af9484c-b11e-453f-b538-d3816a677cda.Reason : cfc25efc-54ed-4d3e-b2b6-13ccffc6d6ca has not seen follower/s 76c4c990-655f-4900-b966-affd0bc7639c for 130175ms 92412348-7352-40be-aea2-771c347789e7 for 130148ms
2019-09-11 07:14:55,400 [org.apache.ratis.server.impl.LogAppender$AppenderDaemon$$Lambda$492/690755232@2013600a] ERROR ratis.XceiverServerRatis (XceiverServerRatis.java:triggerPipelineClose(575)) - pipeline Action CLOSE  on pipeline PipelineID=5af9484c-b11e-453f-b538-d3816a677cda.Reason : cfc25efc-54ed-4d3e-b2b6-13ccffc6d6ca has not seen follower/s 76c4c990-655f-4900-b966-affd0bc7639c for 130175ms 92412348-7352-40be-aea2-771c347789e7 for 130148ms
2019-09-11 07:14:55,897 [java.util.concurrent.ThreadPoolExecutor$Worker@41115d6f[State = -1, empty queue]] WARN  server.GrpcLogAppender (GrpcLogAppender.java:timeoutAppendRequest(200)) - cfc25efc-54ed-4d3e-b2b6-13ccffc6d6ca@group-D3816A677CDA->92412348-7352-40be-aea2-771c347789e7-GrpcLogAppender: appendEntries Timeout, request=cfc25efc-54ed-4d3e-b2b6-13ccffc6d6ca->92412348-7352-40be-aea2-771c347789e7#141-t1, previous=(t:1, i:18), leaderCommit=11, initializing? false, entries: <empty>
2019-09-11 07:14:55,898 [java.util.concurrent.ThreadPoolExecutor$Worker@66a2441c[State = -1, empty queue]] WARN  server.GrpcLogAppender (GrpcLogAppender.java:timeoutAppendRequest(200)) - cfc25efc-54ed-4d3e-b2b6-13ccffc6d6ca@group-D3816A677CDA->76c4c990-655f-4900-b966-affd0bc7639c-GrpcLogAppender: appendEntries Timeout, request=cfc25efc-54ed-4d3e-b2b6-13ccffc6d6ca->76c4c990-655f-4900-b966-affd0bc7639c#141-t1, previous=(t:1, i:18), leaderCommit=11, initializing? false, entries: <empty>
2019-09-11 07:14:56,229 [cfc25efc-54ed-4d3e-b2b6-13ccffc6d6ca@group-D3816A677CDA-SegmentedRaftLogWorker] WARN  segmented.SegmentedRaftLogWorker (SegmentedRaftLogWorker.java:getFromFuture(90)) - Timeout 12/~
org.apache.ratis.protocol.TimeoutIOException: Timeout 10s: WriteLog:12: (t:1, i:12), STATEMACHINELOGENTRY, client-65AAF9F256C4, cid=143-writeStateMachineData
	at org.apache.ratis.util.IOUtils.getFromFuture(IOUtils.java:87)
	at org.apache.ratis.server.raftlog.segmented.SegmentedRaftLogWorker$StateMachineDataPolicy.getFromFuture(SegmentedRaftLogWorker.java:87)
	at org.apache.ratis.server.raftlog.segmented.SegmentedRaftLogWorker$WriteLog.execute(SegmentedRaftLogWorker.java:477)
	at org.apache.ratis.server.raftlog.segmented.SegmentedRaftLogWorker.run(SegmentedRaftLogWorker.java:289)
	at java.lang.Thread.run(Thread.java:748)
Caused by: java.util.concurrent.TimeoutException
	at java.util.concurrent.CompletableFuture.timedGet(CompletableFuture.java:1771)
	at java.util.concurrent.CompletableFuture.get(CompletableFuture.java:1915)
	at org.apache.ratis.util.IOUtils.getFromFuture(IOUtils.java:79)
	... 4 more
2019-09-11 07:14:56,250 [76c4c990-655f-4900-b966-affd0bc7639c@group-D3816A677CDA-SegmentedRaftLogWorker] WARN  segmented.SegmentedRaftLogWorker (SegmentedRaftLogWorker.java:getFromFuture(90)) - Timeout 12/~
org.apache.ratis.protocol.TimeoutIOException: Timeout 10s: WriteLog:12: (t:1, i:12), STATEMACHINELOGENTRY, client-65AAF9F256C4, cid=143-writeStateMachineData
	at org.apache.ratis.util.IOUtils.getFromFuture(IOUtils.java:87)
	at org.apache.ratis.server.raftlog.segmented.SegmentedRaftLogWorker$StateMachineDataPolicy.getFromFuture(SegmentedRaftLogWorker.java:87)
	at org.apache.ratis.server.raftlog.segmented.SegmentedRaftLogWorker$WriteLog.execute(SegmentedRaftLogWorker.java:477)
	at org.apache.ratis.server.raftlog.segmented.SegmentedRaftLogWorker.run(SegmentedRaftLogWorker.java:289)
	at java.lang.Thread.run(Thread.java:748)
Caused by: java.util.concurrent.TimeoutException
	at java.util.concurrent.CompletableFuture.timedGet(CompletableFuture.java:1771)
	at java.util.concurrent.CompletableFuture.get(CompletableFuture.java:1915)
	at org.apache.ratis.util.IOUtils.getFromFuture(IOUtils.java:79)
	... 4 more
2019-09-11 07:14:56,250 [92412348-7352-40be-aea2-771c347789e7@group-D3816A677CDA-SegmentedRaftLogWorker] WARN  segmented.SegmentedRaftLogWorker (SegmentedRaftLogWorker.java:getFromFuture(90)) - Timeout 12/~
org.apache.ratis.protocol.TimeoutIOException: Timeout 10s: WriteLog:12: (t:1, i:12), STATEMACHINELOGENTRY, client-65AAF9F256C4, cid=143-writeStateMachineData
	at org.apache.ratis.util.IOUtils.getFromFuture(IOUtils.java:87)
	at org.apache.ratis.server.raftlog.segmented.SegmentedRaftLogWorker$StateMachineDataPolicy.getFromFuture(SegmentedRaftLogWorker.java:87)
	at org.apache.ratis.server.raftlog.segmented.SegmentedRaftLogWorker$WriteLog.execute(SegmentedRaftLogWorker.java:477)
	at org.apache.ratis.server.raftlog.segmented.SegmentedRaftLogWorker.run(SegmentedRaftLogWorker.java:289)
	at java.lang.Thread.run(Thread.java:748)
Caused by: java.util.concurrent.TimeoutException
	at java.util.concurrent.CompletableFuture.timedGet(CompletableFuture.java:1771)
	at java.util.concurrent.CompletableFuture.get(CompletableFuture.java:1915)
	at org.apache.ratis.util.IOUtils.getFromFuture(IOUtils.java:79)
	... 4 more
2019-09-11 07:14:56,396 [EventQueue-PipelineActionsForPipelineActionHandler] ERROR pipeline.PipelineActionHandler (PipelineActionHandler.java:onMessage(60)) - Received pipeline action CLOSE for Pipeline[ Id: 5af9484c-b11e-453f-b538-d3816a677cda, Nodes: cfc25efc-54ed-4d3e-b2b6-13ccffc6d6ca{ip: 192.168.5.143, host: pr-hdds-1786-trunk-klbfp-3319181915, networkLocation: /default-rack, certSerialId: null}92412348-7352-40be-aea2-771c347789e7{ip: 192.168.5.143, host: pr-hdds-1786-trunk-klbfp-3319181915, networkLocation: /default-rack, certSerialId: null}76c4c990-655f-4900-b966-affd0bc7639c{ip: 192.168.5.143, host: pr-hdds-1786-trunk-klbfp-3319181915, networkLocation: /default-rack, certSerialId: null}, Type:RATIS, Factor:THREE, State:CLOSED] from datanode cfc25efc-54ed-4d3e-b2b6-13ccffc6d6ca{ip: 192.168.5.143, host: pr-hdds-1786-trunk-klbfp-3319181915, networkLocation: /default-rack, certSerialId: null}. Reason : cfc25efc-54ed-4d3e-b2b6-13ccffc6d6ca has not seen follower/s 76c4c990-655f-4900-b966-affd0bc7639c for 130175ms 92412348-7352-40be-aea2-771c347789e7 for 130148ms
2019-09-11 07:14:56,396 [EventQueue-PipelineActionsForPipelineActionHandler] INFO  pipeline.SCMPipelineManager (SCMPipelineManager.java:finalizeAndDestroyPipeline(311)) - destroying pipeline:Pipeline[ Id: 5af9484c-b11e-453f-b538-d3816a677cda, Nodes: cfc25efc-54ed-4d3e-b2b6-13ccffc6d6ca{ip: 192.168.5.143, host: pr-hdds-1786-trunk-klbfp-3319181915, networkLocation: /default-rack, certSerialId: null}92412348-7352-40be-aea2-771c347789e7{ip: 192.168.5.143, host: pr-hdds-1786-trunk-klbfp-3319181915, networkLocation: /default-rack, certSerialId: null}76c4c990-655f-4900-b966-affd0bc7639c{ip: 192.168.5.143, host: pr-hdds-1786-trunk-klbfp-3319181915, networkLocation: /default-rack, certSerialId: null}, Type:RATIS, Factor:THREE, State:CLOSED]
2019-09-11 07:14:57,444 [grpc-default-executor-8] INFO  client.GrpcClientProtocolClient (GrpcClientProtocolClient.java:onNext(264)) - client-65AAF9F256C4->76c4c990-655f-4900-b966-affd0bc7639c: receive RaftClientReply:client-65AAF9F256C4->76c4c990-655f-4900-b966-affd0bc7639c@group-D3816A677CDA, cid=143, FAILED org.apache.ratis.protocol.NotLeaderException: Server 76c4c990-655f-4900-b966-affd0bc7639c@group-D3816A677CDA is not the leader cfc25efc-54ed-4d3e-b2b6-13ccffc6d6ca:192.168.5.143:42744, logIndex=0, commits[76c4c990-655f-4900-b966-affd0bc7639c:c11, cfc25efc-54ed-4d3e-b2b6-13ccffc6d6ca:c11, 92412348-7352-40be-aea2-771c347789e7:c7]
2019-09-11 07:14:57,900 [org.apache.ratis.server.impl.LogAppender$AppenderDaemon$$Lambda$492/690755232@2013600a] ERROR ratis.XceiverServerRatis (XceiverServerRatis.java:triggerPipelineClose(575)) - pipeline Action CLOSE  on pipeline PipelineID=5af9484c-b11e-453f-b538-d3816a677cda.Reason : cfc25efc-54ed-4d3e-b2b6-13ccffc6d6ca has not seen follower/s 76c4c990-655f-4900-b966-affd0bc7639c for 132676ms 92412348-7352-40be-aea2-771c347789e7 for 132648ms
2019-09-11 07:14:57,900 [org.apache.ratis.server.impl.LogAppender$AppenderDaemon$$Lambda$492/690755232@39c71484] ERROR ratis.XceiverServerRatis (XceiverServerRatis.java:triggerPipelineClose(575)) - pipeline Action CLOSE  on pipeline PipelineID=5af9484c-b11e-453f-b538-d3816a677cda.Reason : cfc25efc-54ed-4d3e-b2b6-13ccffc6d6ca has not seen follower/s 76c4c990-655f-4900-b966-affd0bc7639c for 132676ms 92412348-7352-40be-aea2-771c347789e7 for 132649ms
2019-09-11 07:14:58,395 [EventQueue-PipelineActionsForPipelineActionHandler] ERROR pipeline.PipelineActionHandler (PipelineActionHandler.java:onMessage(60)) - Received pipeline action CLOSE for Pipeline[ Id: 5af9484c-b11e-453f-b538-d3816a677cda, Nodes: cfc25efc-54ed-4d3e-b2b6-13ccffc6d6ca{ip: 192.168.5.143, host: pr-hdds-1786-trunk-klbfp-3319181915, networkLocation: /default-rack, certSerialId: null}92412348-7352-40be-aea2-771c347789e7{ip: 192.168.5.143, host: pr-hdds-1786-trunk-klbfp-3319181915, networkLocation: /default-rack, certSerialId: null}76c4c990-655f-4900-b966-affd0bc7639c{ip: 192.168.5.143, host: pr-hdds-1786-trunk-klbfp-3319181915, networkLocation: /default-rack, certSerialId: null}, Type:RATIS, Factor:THREE, State:CLOSED] from datanode cfc25efc-54ed-4d3e-b2b6-13ccffc6d6ca{ip: 192.168.5.143, host: pr-hdds-1786-trunk-klbfp-3319181915, networkLocation: /default-rack, certSerialId: null}. Reason : cfc25efc-54ed-4d3e-b2b6-13ccffc6d6ca has not seen follower/s 76c4c990-655f-4900-b966-affd0bc7639c for 132676ms 92412348-7352-40be-aea2-771c347789e7 for 132648ms
2019-09-11 07:14:58,396 [EventQueue-PipelineActionsForPipelineActionHandler] INFO  pipeline.SCMPipelineManager (SCMPipelineManager.java:finalizeAndDestroyPipeline(311)) - destroying pipeline:Pipeline[ Id: 5af9484c-b11e-453f-b538-d3816a677cda, Nodes: cfc25efc-54ed-4d3e-b2b6-13ccffc6d6ca{ip: 192.168.5.143, host: pr-hdds-1786-trunk-klbfp-3319181915, networkLocation: /default-rack, certSerialId: null}92412348-7352-40be-aea2-771c347789e7{ip: 192.168.5.143, host: pr-hdds-1786-trunk-klbfp-3319181915, networkLocation: /default-rack, certSerialId: null}76c4c990-655f-4900-b966-affd0bc7639c{ip: 192.168.5.143, host: pr-hdds-1786-trunk-klbfp-3319181915, networkLocation: /default-rack, certSerialId: null}, Type:RATIS, Factor:THREE, State:CLOSED]
2019-09-11 07:14:58,399 [java.util.concurrent.ThreadPoolExecutor$Worker@41115d6f[State = -1, empty queue]] WARN  server.GrpcLogAppender (GrpcLogAppender.java:timeoutAppendRequest(200)) - cfc25efc-54ed-4d3e-b2b6-13ccffc6d6ca@group-D3816A677CDA->92412348-7352-40be-aea2-771c347789e7-GrpcLogAppender: appendEntries Timeout, request=cfc25efc-54ed-4d3e-b2b6-13ccffc6d6ca->92412348-7352-40be-aea2-771c347789e7#142-t1, previous=(t:1, i:18), leaderCommit=11, initializing? false, entries: <empty>
2019-09-11 07:14:58,399 [java.util.concurrent.ThreadPoolExecutor$Worker@66a2441c[State = -1, empty queue]] WARN  server.GrpcLogAppender (GrpcLogAppender.java:timeoutAppendRequest(200)) - cfc25efc-54ed-4d3e-b2b6-13ccffc6d6ca@group-D3816A677CDA->76c4c990-655f-4900-b966-affd0bc7639c-GrpcLogAppender: appendEntries Timeout, request=cfc25efc-54ed-4d3e-b2b6-13ccffc6d6ca->76c4c990-655f-4900-b966-affd0bc7639c#142-t1, previous=(t:1, i:18), leaderCommit=11, initializing? false, entries: <empty>
2019-09-11 07:15:00,401 [org.apache.ratis.server.impl.LogAppender$AppenderDaemon$$Lambda$492/690755232@2013600a] ERROR ratis.XceiverServerRatis (XceiverServerRatis.java:triggerPipelineClose(575)) - pipeline Action CLOSE  on pipeline PipelineID=5af9484c-b11e-453f-b538-d3816a677cda.Reason : cfc25efc-54ed-4d3e-b2b6-13ccffc6d6ca has not seen follower/s 76c4c990-655f-4900-b966-affd0bc7639c for 135177ms 92412348-7352-40be-aea2-771c347789e7 for 135149ms
2019-09-11 07:15:00,401 [org.apache.ratis.server.impl.LogAppender$AppenderDaemon$$Lambda$492/690755232@39c71484] ERROR ratis.XceiverServerRatis (XceiverServerRatis.java:triggerPipelineClose(575)) - pipeline Action CLOSE  on pipeline PipelineID=5af9484c-b11e-453f-b538-d3816a677cda.Reason : cfc25efc-54ed-4d3e-b2b6-13ccffc6d6ca has not seen follower/s 76c4c990-655f-4900-b966-affd0bc7639c for 135177ms 92412348-7352-40be-aea2-771c347789e7 for 135149ms
2019-09-11 07:15:00,900 [java.util.concurrent.ThreadPoolExecutor$Worker@41115d6f[State = -1, empty queue]] WARN  server.GrpcLogAppender (GrpcLogAppender.java:timeoutAppendRequest(200)) - cfc25efc-54ed-4d3e-b2b6-13ccffc6d6ca@group-D3816A677CDA->92412348-7352-40be-aea2-771c347789e7-GrpcLogAppender: appendEntries Timeout, request=cfc25efc-54ed-4d3e-b2b6-13ccffc6d6ca->92412348-7352-40be-aea2-771c347789e7#143-t1, previous=(t:1, i:18), leaderCommit=11, initializing? false, entries: <empty>
2019-09-11 07:15:00,900 [java.util.concurrent.ThreadPoolExecutor$Worker@66a2441c[State = -1, empty queue]] WARN  server.GrpcLogAppender (GrpcLogAppender.java:timeoutAppendRequest(200)) - cfc25efc-54ed-4d3e-b2b6-13ccffc6d6ca@group-D3816A677CDA->76c4c990-655f-4900-b966-affd0bc7639c-GrpcLogAppender: appendEntries Timeout, request=cfc25efc-54ed-4d3e-b2b6-13ccffc6d6ca->76c4c990-655f-4900-b966-affd0bc7639c#143-t1, previous=(t:1, i:18), leaderCommit=11, initializing? false, entries: <empty>
2019-09-11 07:15:01,398 [EventQueue-PipelineActionsForPipelineActionHandler] ERROR pipeline.PipelineActionHandler (PipelineActionHandler.java:onMessage(60)) - Received pipeline action CLOSE for Pipeline[ Id: 5af9484c-b11e-453f-b538-d3816a677cda, Nodes: cfc25efc-54ed-4d3e-b2b6-13ccffc6d6ca{ip: 192.168.5.143, host: pr-hdds-1786-trunk-klbfp-3319181915, networkLocation: /default-rack, certSerialId: null}92412348-7352-40be-aea2-771c347789e7{ip: 192.168.5.143, host: pr-hdds-1786-trunk-klbfp-3319181915, networkLocation: /default-rack, certSerialId: null}76c4c990-655f-4900-b966-affd0bc7639c{ip: 192.168.5.143, host: pr-hdds-1786-trunk-klbfp-3319181915, networkLocation: /default-rack, certSerialId: null}, Type:RATIS, Factor:THREE, State:CLOSED] from datanode cfc25efc-54ed-4d3e-b2b6-13ccffc6d6ca{ip: 192.168.5.143, host: pr-hdds-1786-trunk-klbfp-3319181915, networkLocation: /default-rack, certSerialId: null}. Reason : cfc25efc-54ed-4d3e-b2b6-13ccffc6d6ca has not seen follower/s 76c4c990-655f-4900-b966-affd0bc7639c for 135177ms 92412348-7352-40be-aea2-771c347789e7 for 135149ms
2019-09-11 07:15:01,398 [EventQueue-PipelineActionsForPipelineActionHandler] INFO  pipeline.SCMPipelineManager (SCMPipelineManager.java:finalizeAndDestroyPipeline(311)) - destroying pipeline:Pipeline[ Id: 5af9484c-b11e-453f-b538-d3816a677cda, Nodes: cfc25efc-54ed-4d3e-b2b6-13ccffc6d6ca{ip: 192.168.5.143, host: pr-hdds-1786-trunk-klbfp-3319181915, networkLocation: /default-rack, certSerialId: null}92412348-7352-40be-aea2-771c347789e7{ip: 192.168.5.143, host: pr-hdds-1786-trunk-klbfp-3319181915, networkLocation: /default-rack, certSerialId: null}76c4c990-655f-4900-b966-affd0bc7639c{ip: 192.168.5.143, host: pr-hdds-1786-trunk-klbfp-3319181915, networkLocation: /default-rack, certSerialId: null}, Type:RATIS, Factor:THREE, State:CLOSED]
2019-09-11 07:15:02,500 [grpc-default-executor-1] INFO  client.GrpcClientProtocolClient (GrpcClientProtocolClient.java:onNext(264)) - client-65AAF9F256C4->76c4c990-655f-4900-b966-affd0bc7639c: receive RaftClientReply:client-65AAF9F256C4->76c4c990-655f-4900-b966-affd0bc7639c@group-D3816A677CDA, cid=143, FAILED org.apache.ratis.protocol.NotLeaderException: Server 76c4c990-655f-4900-b966-affd0bc7639c@group-D3816A677CDA is not the leader cfc25efc-54ed-4d3e-b2b6-13ccffc6d6ca:192.168.5.143:42744, logIndex=0, commits[76c4c990-655f-4900-b966-affd0bc7639c:c11, cfc25efc-54ed-4d3e-b2b6-13ccffc6d6ca:c11, 92412348-7352-40be-aea2-771c347789e7:c7]
2019-09-11 07:15:02,903 [org.apache.ratis.server.impl.LogAppender$AppenderDaemon$$Lambda$492/690755232@2013600a] ERROR ratis.XceiverServerRatis (XceiverServerRatis.java:triggerPipelineClose(575)) - pipeline Action CLOSE  on pipeline PipelineID=5af9484c-b11e-453f-b538-d3816a677cda.Reason : cfc25efc-54ed-4d3e-b2b6-13ccffc6d6ca has not seen follower/s 76c4c990-655f-4900-b966-affd0bc7639c for 137679ms 92412348-7352-40be-aea2-771c347789e7 for 137651ms
2019-09-11 07:15:02,903 [org.apache.ratis.server.impl.LogAppender$AppenderDaemon$$Lambda$492/690755232@39c71484] ERROR ratis.XceiverServerRatis (XceiverServerRatis.java:triggerPipelineClose(575)) - pipeline Action CLOSE  on pipeline PipelineID=5af9484c-b11e-453f-b538-d3816a677cda.Reason : cfc25efc-54ed-4d3e-b2b6-13ccffc6d6ca has not seen follower/s 76c4c990-655f-4900-b966-affd0bc7639c for 137679ms 92412348-7352-40be-aea2-771c347789e7 for 137651ms
2019-09-11 07:15:03,397 [EventQueue-PipelineActionsForPipelineActionHandler] ERROR pipeline.PipelineActionHandler (PipelineActionHandler.java:onMessage(60)) - Received pipeline action CLOSE for Pipeline[ Id: 5af9484c-b11e-453f-b538-d3816a677cda, Nodes: cfc25efc-54ed-4d3e-b2b6-13ccffc6d6ca{ip: 192.168.5.143, host: pr-hdds-1786-trunk-klbfp-3319181915, networkLocation: /default-rack, certSerialId: null}92412348-7352-40be-aea2-771c347789e7{ip: 192.168.5.143, host: pr-hdds-1786-trunk-klbfp-3319181915, networkLocation: /default-rack, certSerialId: null}76c4c990-655f-4900-b966-affd0bc7639c{ip: 192.168.5.143, host: pr-hdds-1786-trunk-klbfp-3319181915, networkLocation: /default-rack, certSerialId: null}, Type:RATIS, Factor:THREE, State:CLOSED] from datanode cfc25efc-54ed-4d3e-b2b6-13ccffc6d6ca{ip: 192.168.5.143, host: pr-hdds-1786-trunk-klbfp-3319181915, networkLocation: /default-rack, certSerialId: null}. Reason : cfc25efc-54ed-4d3e-b2b6-13ccffc6d6ca has not seen follower/s 76c4c990-655f-4900-b966-affd0bc7639c for 137679ms 92412348-7352-40be-aea2-771c347789e7 for 137651ms
2019-09-11 07:15:03,397 [EventQueue-PipelineActionsForPipelineActionHandler] INFO  pipeline.SCMPipelineManager (SCMPipelineManager.java:finalizeAndDestroyPipeline(311)) - destroying pipeline:Pipeline[ Id: 5af9484c-b11e-453f-b538-d3816a677cda, Nodes: cfc25efc-54ed-4d3e-b2b6-13ccffc6d6ca{ip: 192.168.5.143, host: pr-hdds-1786-trunk-klbfp-3319181915, networkLocation: /default-rack, certSerialId: null}92412348-7352-40be-aea2-771c347789e7{ip: 192.168.5.143, host: pr-hdds-1786-trunk-klbfp-3319181915, networkLocation: /default-rack, certSerialId: null}76c4c990-655f-4900-b966-affd0bc7639c{ip: 192.168.5.143, host: pr-hdds-1786-trunk-klbfp-3319181915, networkLocation: /default-rack, certSerialId: null}, Type:RATIS, Factor:THREE, State:CLOSED]
2019-09-11 07:15:03,401 [java.util.concurrent.ThreadPoolExecutor$Worker@41115d6f[State = -1, empty queue]] WARN  server.GrpcLogAppender (GrpcLogAppender.java:timeoutAppendRequest(200)) - cfc25efc-54ed-4d3e-b2b6-13ccffc6d6ca@group-D3816A677CDA->92412348-7352-40be-aea2-771c347789e7-GrpcLogAppender: appendEntries Timeout, request=cfc25efc-54ed-4d3e-b2b6-13ccffc6d6ca->92412348-7352-40be-aea2-771c347789e7#144-t1, previous=(t:1, i:18), leaderCommit=11, initializing? false, entries: <empty>
2019-09-11 07:15:03,401 [java.util.concurrent.ThreadPoolExecutor$Worker@66a2441c[State = -1, empty queue]] WARN  server.GrpcLogAppender (GrpcLogAppender.java:timeoutAppendRequest(200)) - cfc25efc-54ed-4d3e-b2b6-13ccffc6d6ca@group-D3816A677CDA->76c4c990-655f-4900-b966-affd0bc7639c-GrpcLogAppender: appendEntries Timeout, request=cfc25efc-54ed-4d3e-b2b6-13ccffc6d6ca->76c4c990-655f-4900-b966-affd0bc7639c#144-t1, previous=(t:1, i:18), leaderCommit=11, initializing? false, entries: <empty>
2019-09-11 07:15:05,403 [org.apache.ratis.server.impl.LogAppender$AppenderDaemon$$Lambda$492/690755232@2013600a] ERROR ratis.XceiverServerRatis (XceiverServerRatis.java:triggerPipelineClose(575)) - pipeline Action CLOSE  on pipeline PipelineID=5af9484c-b11e-453f-b538-d3816a677cda.Reason : cfc25efc-54ed-4d3e-b2b6-13ccffc6d6ca has not seen follower/s 76c4c990-655f-4900-b966-affd0bc7639c for 140179ms 92412348-7352-40be-aea2-771c347789e7 for 140152ms
2019-09-11 07:15:05,404 [org.apache.ratis.server.impl.LogAppender$AppenderDaemon$$Lambda$492/690755232@39c71484] ERROR ratis.XceiverServerRatis (XceiverServerRatis.java:triggerPipelineClose(575)) - pipeline Action CLOSE  on pipeline PipelineID=5af9484c-b11e-453f-b538-d3816a677cda.Reason : cfc25efc-54ed-4d3e-b2b6-13ccffc6d6ca has not seen follower/s 76c4c990-655f-4900-b966-affd0bc7639c for 140179ms 92412348-7352-40be-aea2-771c347789e7 for 140152ms
2019-09-11 07:15:05,903 [java.util.concurrent.ThreadPoolExecutor$Worker@66a2441c[State = -1, empty queue]] WARN  server.GrpcLogAppender (GrpcLogAppender.java:timeoutAppendRequest(200)) - cfc25efc-54ed-4d3e-b2b6-13ccffc6d6ca@group-D3816A677CDA->76c4c990-655f-4900-b966-affd0bc7639c-GrpcLogAppender: appendEntries Timeout, request=cfc25efc-54ed-4d3e-b2b6-13ccffc6d6ca->76c4c990-655f-4900-b966-affd0bc7639c#145-t1, previous=(t:1, i:18), leaderCommit=11, initializing? false, entries: <empty>
2019-09-11 07:15:05,903 [java.util.concurrent.ThreadPoolExecutor$Worker@41115d6f[State = -1, empty queue]] WARN  server.GrpcLogAppender (GrpcLogAppender.java:timeoutAppendRequest(200)) - cfc25efc-54ed-4d3e-b2b6-13ccffc6d6ca@group-D3816A677CDA->92412348-7352-40be-aea2-771c347789e7-GrpcLogAppender: appendEntries Timeout, request=cfc25efc-54ed-4d3e-b2b6-13ccffc6d6ca->92412348-7352-40be-aea2-771c347789e7#145-t1, previous=(t:1, i:18), leaderCommit=11, initializing? false, entries: <empty>
2019-09-11 07:15:06,230 [cfc25efc-54ed-4d3e-b2b6-13ccffc6d6ca@group-D3816A677CDA-SegmentedRaftLogWorker] WARN  segmented.SegmentedRaftLogWorker (SegmentedRaftLogWorker.java:getFromFuture(90)) - Timeout 13/~
org.apache.ratis.protocol.TimeoutIOException: Timeout 10s: WriteLog:12: (t:1, i:12), STATEMACHINELOGENTRY, client-65AAF9F256C4, cid=143-writeStateMachineData
	at org.apache.ratis.util.IOUtils.getFromFuture(IOUtils.java:87)
	at org.apache.ratis.server.raftlog.segmented.SegmentedRaftLogWorker$StateMachineDataPolicy.getFromFuture(SegmentedRaftLogWorker.java:87)
	at org.apache.ratis.server.raftlog.segmented.SegmentedRaftLogWorker$WriteLog.execute(SegmentedRaftLogWorker.java:477)
	at org.apache.ratis.server.raftlog.segmented.SegmentedRaftLogWorker.run(SegmentedRaftLogWorker.java:289)
	at java.lang.Thread.run(Thread.java:748)
Caused by: java.util.concurrent.TimeoutException
	at java.util.concurrent.CompletableFuture.timedGet(CompletableFuture.java:1771)
	at java.util.concurrent.CompletableFuture.get(CompletableFuture.java:1915)
	at org.apache.ratis.util.IOUtils.getFromFuture(IOUtils.java:79)
	... 4 more
2019-09-11 07:15:06,251 [76c4c990-655f-4900-b966-affd0bc7639c@group-D3816A677CDA-SegmentedRaftLogWorker] WARN  segmented.SegmentedRaftLogWorker (SegmentedRaftLogWorker.java:getFromFuture(90)) - Timeout 13/~
org.apache.ratis.protocol.TimeoutIOException: Timeout 10s: WriteLog:12: (t:1, i:12), STATEMACHINELOGENTRY, client-65AAF9F256C4, cid=143-writeStateMachineData
	at org.apache.ratis.util.IOUtils.getFromFuture(IOUtils.java:87)
	at org.apache.ratis.server.raftlog.segmented.SegmentedRaftLogWorker$StateMachineDataPolicy.getFromFuture(SegmentedRaftLogWorker.java:87)
	at org.apache.ratis.server.raftlog.segmented.SegmentedRaftLogWorker$WriteLog.execute(SegmentedRaftLogWorker.java:477)
	at org.apache.ratis.server.raftlog.segmented.SegmentedRaftLogWorker.run(SegmentedRaftLogWorker.java:289)
	at java.lang.Thread.run(Thread.java:748)
Caused by: java.util.concurrent.TimeoutException
	at java.util.concurrent.CompletableFuture.timedGet(CompletableFuture.java:1771)
	at java.util.concurrent.CompletableFuture.get(CompletableFuture.java:1915)
	at org.apache.ratis.util.IOUtils.getFromFuture(IOUtils.java:79)
	... 4 more
2019-09-11 07:15:06,251 [92412348-7352-40be-aea2-771c347789e7@group-D3816A677CDA-SegmentedRaftLogWorker] WARN  segmented.SegmentedRaftLogWorker (SegmentedRaftLogWorker.java:getFromFuture(90)) - Timeout 13/~
org.apache.ratis.protocol.TimeoutIOException: Timeout 10s: WriteLog:12: (t:1, i:12), STATEMACHINELOGENTRY, client-65AAF9F256C4, cid=143-writeStateMachineData
	at org.apache.ratis.util.IOUtils.getFromFuture(IOUtils.java:87)
	at org.apache.ratis.server.raftlog.segmented.SegmentedRaftLogWorker$StateMachineDataPolicy.getFromFuture(SegmentedRaftLogWorker.java:87)
	at org.apache.ratis.server.raftlog.segmented.SegmentedRaftLogWorker$WriteLog.execute(SegmentedRaftLogWorker.java:477)
	at org.apache.ratis.server.raftlog.segmented.SegmentedRaftLogWorker.run(SegmentedRaftLogWorker.java:289)
	at java.lang.Thread.run(Thread.java:748)
Caused by: java.util.concurrent.TimeoutException
	at java.util.concurrent.CompletableFuture.timedGet(CompletableFuture.java:1771)
	at java.util.concurrent.CompletableFuture.get(CompletableFuture.java:1915)
	at org.apache.ratis.util.IOUtils.getFromFuture(IOUtils.java:79)
	... 4 more
2019-09-11 07:15:06,397 [EventQueue-PipelineActionsForPipelineActionHandler] ERROR pipeline.PipelineActionHandler (PipelineActionHandler.java:onMessage(60)) - Received pipeline action CLOSE for Pipeline[ Id: 5af9484c-b11e-453f-b538-d3816a677cda, Nodes: cfc25efc-54ed-4d3e-b2b6-13ccffc6d6ca{ip: 192.168.5.143, host: pr-hdds-1786-trunk-klbfp-3319181915, networkLocation: /default-rack, certSerialId: null}92412348-7352-40be-aea2-771c347789e7{ip: 192.168.5.143, host: pr-hdds-1786-trunk-klbfp-3319181915, networkLocation: /default-rack, certSerialId: null}76c4c990-655f-4900-b966-affd0bc7639c{ip: 192.168.5.143, host: pr-hdds-1786-trunk-klbfp-3319181915, networkLocation: /default-rack, certSerialId: null}, Type:RATIS, Factor:THREE, State:CLOSED] from datanode cfc25efc-54ed-4d3e-b2b6-13ccffc6d6ca{ip: 192.168.5.143, host: pr-hdds-1786-trunk-klbfp-3319181915, networkLocation: /default-rack, certSerialId: null}. Reason : cfc25efc-54ed-4d3e-b2b6-13ccffc6d6ca has not seen follower/s 76c4c990-655f-4900-b966-affd0bc7639c for 140179ms 92412348-7352-40be-aea2-771c347789e7 for 140152ms
2019-09-11 07:15:06,397 [EventQueue-PipelineActionsForPipelineActionHandler] INFO  pipeline.SCMPipelineManager (SCMPipelineManager.java:finalizeAndDestroyPipeline(311)) - destroying pipeline:Pipeline[ Id: 5af9484c-b11e-453f-b538-d3816a677cda, Nodes: cfc25efc-54ed-4d3e-b2b6-13ccffc6d6ca{ip: 192.168.5.143, host: pr-hdds-1786-trunk-klbfp-3319181915, networkLocation: /default-rack, certSerialId: null}92412348-7352-40be-aea2-771c347789e7{ip: 192.168.5.143, host: pr-hdds-1786-trunk-klbfp-3319181915, networkLocation: /default-rack, certSerialId: null}76c4c990-655f-4900-b966-affd0bc7639c{ip: 192.168.5.143, host: pr-hdds-1786-trunk-klbfp-3319181915, networkLocation: /default-rack, certSerialId: null}, Type:RATIS, Factor:THREE, State:CLOSED]
2019-09-11 07:15:07,552 [grpc-default-executor-1] INFO  client.GrpcClientProtocolClient (GrpcClientProtocolClient.java:onNext(264)) - client-65AAF9F256C4->76c4c990-655f-4900-b966-affd0bc7639c: receive RaftClientReply:client-65AAF9F256C4->76c4c990-655f-4900-b966-affd0bc7639c@group-D3816A677CDA, cid=143, FAILED org.apache.ratis.protocol.NotLeaderException: Server 76c4c990-655f-4900-b966-affd0bc7639c@group-D3816A677CDA is not the leader cfc25efc-54ed-4d3e-b2b6-13ccffc6d6ca:192.168.5.143:42744, logIndex=0, commits[76c4c990-655f-4900-b966-affd0bc7639c:c11, cfc25efc-54ed-4d3e-b2b6-13ccffc6d6ca:c11, 92412348-7352-40be-aea2-771c347789e7:c7]
2019-09-11 07:15:07,905 [org.apache.ratis.server.impl.LogAppender$AppenderDaemon$$Lambda$492/690755232@2013600a] ERROR ratis.XceiverServerRatis (XceiverServerRatis.java:triggerPipelineClose(575)) - pipeline Action CLOSE  on pipeline PipelineID=5af9484c-b11e-453f-b538-d3816a677cda.Reason : cfc25efc-54ed-4d3e-b2b6-13ccffc6d6ca has not seen follower/s 76c4c990-655f-4900-b966-affd0bc7639c for 142680ms 92412348-7352-40be-aea2-771c347789e7 for 142653ms
2019-09-11 07:15:07,905 [org.apache.ratis.server.impl.LogAppender$AppenderDaemon$$Lambda$492/690755232@39c71484] ERROR ratis.XceiverServerRatis (XceiverServerRatis.java:triggerPipelineClose(575)) - pipeline Action CLOSE  on pipeline PipelineID=5af9484c-b11e-453f-b538-d3816a677cda.Reason : cfc25efc-54ed-4d3e-b2b6-13ccffc6d6ca has not seen follower/s 76c4c990-655f-4900-b966-affd0bc7639c for 142680ms 92412348-7352-40be-aea2-771c347789e7 for 142653ms
2019-09-11 07:15:08,397 [EventQueue-PipelineActionsForPipelineActionHandler] ERROR pipeline.PipelineActionHandler (PipelineActionHandler.java:onMessage(60)) - Received pipeline action CLOSE for Pipeline[ Id: 5af9484c-b11e-453f-b538-d3816a677cda, Nodes: cfc25efc-54ed-4d3e-b2b6-13ccffc6d6ca{ip: 192.168.5.143, host: pr-hdds-1786-trunk-klbfp-3319181915, networkLocation: /default-rack, certSerialId: null}92412348-7352-40be-aea2-771c347789e7{ip: 192.168.5.143, host: pr-hdds-1786-trunk-klbfp-3319181915, networkLocation: /default-rack, certSerialId: null}76c4c990-655f-4900-b966-affd0bc7639c{ip: 192.168.5.143, host: pr-hdds-1786-trunk-klbfp-3319181915, networkLocation: /default-rack, certSerialId: null}, Type:RATIS, Factor:THREE, State:CLOSED] from datanode cfc25efc-54ed-4d3e-b2b6-13ccffc6d6ca{ip: 192.168.5.143, host: pr-hdds-1786-trunk-klbfp-3319181915, networkLocation: /default-rack, certSerialId: null}. Reason : cfc25efc-54ed-4d3e-b2b6-13ccffc6d6ca has not seen follower/s 76c4c990-655f-4900-b966-affd0bc7639c for 142680ms 92412348-7352-40be-aea2-771c347789e7 for 142653ms
2019-09-11 07:15:08,397 [EventQueue-PipelineActionsForPipelineActionHandler] INFO  pipeline.SCMPipelineManager (SCMPipelineManager.java:finalizeAndDestroyPipeline(311)) - destroying pipeline:Pipeline[ Id: 5af9484c-b11e-453f-b538-d3816a677cda, Nodes: cfc25efc-54ed-4d3e-b2b6-13ccffc6d6ca{ip: 192.168.5.143, host: pr-hdds-1786-trunk-klbfp-3319181915, networkLocation: /default-rack, certSerialId: null}92412348-7352-40be-aea2-771c347789e7{ip: 192.168.5.143, host: pr-hdds-1786-trunk-klbfp-3319181915, networkLocation: /default-rack, certSerialId: null}76c4c990-655f-4900-b966-affd0bc7639c{ip: 192.168.5.143, host: pr-hdds-1786-trunk-klbfp-3319181915, networkLocation: /default-rack, certSerialId: null}, Type:RATIS, Factor:THREE, State:CLOSED]
2019-09-11 07:15:08,403 [java.util.concurrent.ThreadPoolExecutor$Worker@41115d6f[State = -1, empty queue]] WARN  server.GrpcLogAppender (GrpcLogAppender.java:timeoutAppendRequest(200)) - cfc25efc-54ed-4d3e-b2b6-13ccffc6d6ca@group-D3816A677CDA->92412348-7352-40be-aea2-771c347789e7-GrpcLogAppender: appendEntries Timeout, request=cfc25efc-54ed-4d3e-b2b6-13ccffc6d6ca->92412348-7352-40be-aea2-771c347789e7#146-t1, previous=(t:1, i:18), leaderCommit=11, initializing? false, entries: <empty>
2019-09-11 07:15:08,404 [java.util.concurrent.ThreadPoolExecutor$Worker@66a2441c[State = -1, empty queue]] WARN  server.GrpcLogAppender (GrpcLogAppender.java:timeoutAppendRequest(200)) - cfc25efc-54ed-4d3e-b2b6-13ccffc6d6ca@group-D3816A677CDA->76c4c990-655f-4900-b966-affd0bc7639c-GrpcLogAppender: appendEntries Timeout, request=cfc25efc-54ed-4d3e-b2b6-13ccffc6d6ca->76c4c990-655f-4900-b966-affd0bc7639c#146-t1, previous=(t:1, i:18), leaderCommit=11, initializing? false, entries: <empty>
2019-09-11 07:15:10,406 [org.apache.ratis.server.impl.LogAppender$AppenderDaemon$$Lambda$492/690755232@2013600a] ERROR ratis.XceiverServerRatis (XceiverServerRatis.java:triggerPipelineClose(575)) - pipeline Action CLOSE  on pipeline PipelineID=5af9484c-b11e-453f-b538-d3816a677cda.Reason : cfc25efc-54ed-4d3e-b2b6-13ccffc6d6ca has not seen follower/s 76c4c990-655f-4900-b966-affd0bc7639c for 145182ms 92412348-7352-40be-aea2-771c347789e7 for 145155ms
2019-09-11 07:15:10,406 [org.apache.ratis.server.impl.LogAppender$AppenderDaemon$$Lambda$492/690755232@39c71484] ERROR ratis.XceiverServerRatis (XceiverServerRatis.java:triggerPipelineClose(575)) - pipeline Action CLOSE  on pipeline PipelineID=5af9484c-b11e-453f-b538-d3816a677cda.Reason : cfc25efc-54ed-4d3e-b2b6-13ccffc6d6ca has not seen follower/s 76c4c990-655f-4900-b966-affd0bc7639c for 145182ms 92412348-7352-40be-aea2-771c347789e7 for 145155ms
2019-09-11 07:15:10,904 [java.util.concurrent.ThreadPoolExecutor$Worker@41115d6f[State = -1, empty queue]] WARN  server.GrpcLogAppender (GrpcLogAppender.java:timeoutAppendRequest(200)) - cfc25efc-54ed-4d3e-b2b6-13ccffc6d6ca@group-D3816A677CDA->92412348-7352-40be-aea2-771c347789e7-GrpcLogAppender: appendEntries Timeout, request=cfc25efc-54ed-4d3e-b2b6-13ccffc6d6ca->92412348-7352-40be-aea2-771c347789e7#147-t1, previous=(t:1, i:18), leaderCommit=11, initializing? false, entries: <empty>
2019-09-11 07:15:10,904 [java.util.concurrent.ThreadPoolExecutor$Worker@66a2441c[State = -1, empty queue]] WARN  server.GrpcLogAppender (GrpcLogAppender.java:timeoutAppendRequest(200)) - cfc25efc-54ed-4d3e-b2b6-13ccffc6d6ca@group-D3816A677CDA->76c4c990-655f-4900-b966-affd0bc7639c-GrpcLogAppender: appendEntries Timeout, request=cfc25efc-54ed-4d3e-b2b6-13ccffc6d6ca->76c4c990-655f-4900-b966-affd0bc7639c#147-t1, previous=(t:1, i:18), leaderCommit=11, initializing? false, entries: <empty>
2019-09-11 07:15:11,397 [EventQueue-PipelineActionsForPipelineActionHandler] ERROR pipeline.PipelineActionHandler (PipelineActionHandler.java:onMessage(60)) - Received pipeline action CLOSE for Pipeline[ Id: 5af9484c-b11e-453f-b538-d3816a677cda, Nodes: cfc25efc-54ed-4d3e-b2b6-13ccffc6d6ca{ip: 192.168.5.143, host: pr-hdds-1786-trunk-klbfp-3319181915, networkLocation: /default-rack, certSerialId: null}92412348-7352-40be-aea2-771c347789e7{ip: 192.168.5.143, host: pr-hdds-1786-trunk-klbfp-3319181915, networkLocation: /default-rack, certSerialId: null}76c4c990-655f-4900-b966-affd0bc7639c{ip: 192.168.5.143, host: pr-hdds-1786-trunk-klbfp-3319181915, networkLocation: /default-rack, certSerialId: null}, Type:RATIS, Factor:THREE, State:CLOSED] from datanode cfc25efc-54ed-4d3e-b2b6-13ccffc6d6ca{ip: 192.168.5.143, host: pr-hdds-1786-trunk-klbfp-3319181915, networkLocation: /default-rack, certSerialId: null}. Reason : cfc25efc-54ed-4d3e-b2b6-13ccffc6d6ca has not seen follower/s 76c4c990-655f-4900-b966-affd0bc7639c for 145182ms 92412348-7352-40be-aea2-771c347789e7 for 145155ms
2019-09-11 07:15:11,397 [EventQueue-PipelineActionsForPipelineActionHandler] INFO  pipeline.SCMPipelineManager (SCMPipelineManager.java:finalizeAndDestroyPipeline(311)) - destroying pipeline:Pipeline[ Id: 5af9484c-b11e-453f-b538-d3816a677cda, Nodes: cfc25efc-54ed-4d3e-b2b6-13ccffc6d6ca{ip: 192.168.5.143, host: pr-hdds-1786-trunk-klbfp-3319181915, networkLocation: /default-rack, certSerialId: null}92412348-7352-40be-aea2-771c347789e7{ip: 192.168.5.143, host: pr-hdds-1786-trunk-klbfp-3319181915, networkLocation: /default-rack, certSerialId: null}76c4c990-655f-4900-b966-affd0bc7639c{ip: 192.168.5.143, host: pr-hdds-1786-trunk-klbfp-3319181915, networkLocation: /default-rack, certSerialId: null}, Type:RATIS, Factor:THREE, State:CLOSED]
2019-09-11 07:15:12,597 [grpc-default-executor-6] INFO  client.GrpcClientProtocolClient (GrpcClientProtocolClient.java:onNext(264)) - client-65AAF9F256C4->92412348-7352-40be-aea2-771c347789e7: receive RaftClientReply:client-65AAF9F256C4->92412348-7352-40be-aea2-771c347789e7@group-D3816A677CDA, cid=143, FAILED org.apache.ratis.protocol.NotLeaderException: Server 92412348-7352-40be-aea2-771c347789e7@group-D3816A677CDA is not the leader cfc25efc-54ed-4d3e-b2b6-13ccffc6d6ca:192.168.5.143:42744, logIndex=0, commits[92412348-7352-40be-aea2-771c347789e7:c11, 76c4c990-655f-4900-b966-affd0bc7639c:c7, cfc25efc-54ed-4d3e-b2b6-13ccffc6d6ca:c11]
2019-09-11 07:15:12,907 [org.apache.ratis.server.impl.LogAppender$AppenderDaemon$$Lambda$492/690755232@2013600a] ERROR ratis.XceiverServerRatis (XceiverServerRatis.java:triggerPipelineClose(575)) - pipeline Action CLOSE  on pipeline PipelineID=5af9484c-b11e-453f-b538-d3816a677cda.Reason : cfc25efc-54ed-4d3e-b2b6-13ccffc6d6ca has not seen follower/s 76c4c990-655f-4900-b966-affd0bc7639c for 147683ms 92412348-7352-40be-aea2-771c347789e7 for 147655ms
2019-09-11 07:15:12,907 [org.apache.ratis.server.impl.LogAppender$AppenderDaemon$$Lambda$492/690755232@39c71484] ERROR ratis.XceiverServerRatis (XceiverServerRatis.java:triggerPipelineClose(575)) - pipeline Action CLOSE  on pipeline PipelineID=5af9484c-b11e-453f-b538-d3816a677cda.Reason : cfc25efc-54ed-4d3e-b2b6-13ccffc6d6ca has not seen follower/s 76c4c990-655f-4900-b966-affd0bc7639c for 147683ms 92412348-7352-40be-aea2-771c347789e7 for 147655ms
2019-09-11 07:15:13,398 [EventQueue-PipelineActionsForPipelineActionHandler] ERROR pipeline.PipelineActionHandler (PipelineActionHandler.java:onMessage(60)) - Received pipeline action CLOSE for Pipeline[ Id: 5af9484c-b11e-453f-b538-d3816a677cda, Nodes: cfc25efc-54ed-4d3e-b2b6-13ccffc6d6ca{ip: 192.168.5.143, host: pr-hdds-1786-trunk-klbfp-3319181915, networkLocation: /default-rack, certSerialId: null}92412348-7352-40be-aea2-771c347789e7{ip: 192.168.5.143, host: pr-hdds-1786-trunk-klbfp-3319181915, networkLocation: /default-rack, certSerialId: null}76c4c990-655f-4900-b966-affd0bc7639c{ip: 192.168.5.143, host: pr-hdds-1786-trunk-klbfp-3319181915, networkLocation: /default-rack, certSerialId: null}, Type:RATIS, Factor:THREE, State:CLOSED] from datanode cfc25efc-54ed-4d3e-b2b6-13ccffc6d6ca{ip: 192.168.5.143, host: pr-hdds-1786-trunk-klbfp-3319181915, networkLocation: /default-rack, certSerialId: null}. Reason : cfc25efc-54ed-4d3e-b2b6-13ccffc6d6ca has not seen follower/s 76c4c990-655f-4900-b966-affd0bc7639c for 147683ms 92412348-7352-40be-aea2-771c347789e7 for 147655ms
2019-09-11 07:15:13,398 [EventQueue-PipelineActionsForPipelineActionHandler] INFO  pipeline.SCMPipelineManager (SCMPipelineManager.java:finalizeAndDestroyPipeline(311)) - destroying pipeline:Pipeline[ Id: 5af9484c-b11e-453f-b538-d3816a677cda, Nodes: cfc25efc-54ed-4d3e-b2b6-13ccffc6d6ca{ip: 192.168.5.143, host: pr-hdds-1786-trunk-klbfp-3319181915, networkLocation: /default-rack, certSerialId: null}92412348-7352-40be-aea2-771c347789e7{ip: 192.168.5.143, host: pr-hdds-1786-trunk-klbfp-3319181915, networkLocation: /default-rack, certSerialId: null}76c4c990-655f-4900-b966-affd0bc7639c{ip: 192.168.5.143, host: pr-hdds-1786-trunk-klbfp-3319181915, networkLocation: /default-rack, certSerialId: null}, Type:RATIS, Factor:THREE, State:CLOSED]
2019-09-11 07:15:13,406 [java.util.concurrent.ThreadPoolExecutor$Worker@66a2441c[State = -1, empty queue]] WARN  server.GrpcLogAppender (GrpcLogAppender.java:timeoutAppendRequest(200)) - cfc25efc-54ed-4d3e-b2b6-13ccffc6d6ca@group-D3816A677CDA->76c4c990-655f-4900-b966-affd0bc7639c-GrpcLogAppender: appendEntries Timeout, request=cfc25efc-54ed-4d3e-b2b6-13ccffc6d6ca->76c4c990-655f-4900-b966-affd0bc7639c#148-t1, previous=(t:1, i:18), leaderCommit=11, initializing? false, entries: <empty>
2019-09-11 07:15:13,406 [java.util.concurrent.ThreadPoolExecutor$Worker@41115d6f[State = -1, empty queue]] WARN  server.GrpcLogAppender (GrpcLogAppender.java:timeoutAppendRequest(200)) - cfc25efc-54ed-4d3e-b2b6-13ccffc6d6ca@group-D3816A677CDA->92412348-7352-40be-aea2-771c347789e7-GrpcLogAppender: appendEntries Timeout, request=cfc25efc-54ed-4d3e-b2b6-13ccffc6d6ca->92412348-7352-40be-aea2-771c347789e7#148-t1, previous=(t:1, i:18), leaderCommit=11, initializing? false, entries: <empty>
2019-09-11 07:15:15,409 [org.apache.ratis.server.impl.LogAppender$AppenderDaemon$$Lambda$492/690755232@39c71484] ERROR ratis.XceiverServerRatis (XceiverServerRatis.java:triggerPipelineClose(575)) - pipeline Action CLOSE  on pipeline PipelineID=5af9484c-b11e-453f-b538-d3816a677cda.Reason : cfc25efc-54ed-4d3e-b2b6-13ccffc6d6ca has not seen follower/s 76c4c990-655f-4900-b966-affd0bc7639c for 150184ms 92412348-7352-40be-aea2-771c347789e7 for 150157ms
2019-09-11 07:15:15,409 [org.apache.ratis.server.impl.LogAppender$AppenderDaemon$$Lambda$492/690755232@2013600a] ERROR ratis.XceiverServerRatis (XceiverServerRatis.java:triggerPipelineClose(575)) - pipeline Action CLOSE  on pipeline PipelineID=5af9484c-b11e-453f-b538-d3816a677cda.Reason : cfc25efc-54ed-4d3e-b2b6-13ccffc6d6ca has not seen follower/s 76c4c990-655f-4900-b966-affd0bc7639c for 150184ms 92412348-7352-40be-aea2-771c347789e7 for 150157ms
2019-09-11 07:15:15,907 [java.util.concurrent.ThreadPoolExecutor$Worker@66a2441c[State = -1, empty queue]] WARN  server.GrpcLogAppender (GrpcLogAppender.java:timeoutAppendRequest(200)) - cfc25efc-54ed-4d3e-b2b6-13ccffc6d6ca@group-D3816A677CDA->76c4c990-655f-4900-b966-affd0bc7639c-GrpcLogAppender: appendEntries Timeout, request=cfc25efc-54ed-4d3e-b2b6-13ccffc6d6ca->76c4c990-655f-4900-b966-affd0bc7639c#149-t1, previous=(t:1, i:18), leaderCommit=11, initializing? false, entries: <empty>
2019-09-11 07:15:15,907 [java.util.concurrent.ThreadPoolExecutor$Worker@41115d6f[State = -1, empty queue]] WARN  server.GrpcLogAppender (GrpcLogAppender.java:timeoutAppendRequest(200)) - cfc25efc-54ed-4d3e-b2b6-13ccffc6d6ca@group-D3816A677CDA->92412348-7352-40be-aea2-771c347789e7-GrpcLogAppender: appendEntries Timeout, request=cfc25efc-54ed-4d3e-b2b6-13ccffc6d6ca->92412348-7352-40be-aea2-771c347789e7#149-t1, previous=(t:1, i:18), leaderCommit=11, initializing? false, entries: <empty>
2019-09-11 07:15:16,232 [cfc25efc-54ed-4d3e-b2b6-13ccffc6d6ca@group-D3816A677CDA-SegmentedRaftLogWorker] WARN  segmented.SegmentedRaftLogWorker (SegmentedRaftLogWorker.java:getFromFuture(90)) - Timeout 14/~
org.apache.ratis.protocol.TimeoutIOException: Timeout 10s: WriteLog:12: (t:1, i:12), STATEMACHINELOGENTRY, client-65AAF9F256C4, cid=143-writeStateMachineData
	at org.apache.ratis.util.IOUtils.getFromFuture(IOUtils.java:87)
	at org.apache.ratis.server.raftlog.segmented.SegmentedRaftLogWorker$StateMachineDataPolicy.getFromFuture(SegmentedRaftLogWorker.java:87)
	at org.apache.ratis.server.raftlog.segmented.SegmentedRaftLogWorker$WriteLog.execute(SegmentedRaftLogWorker.java:477)
	at org.apache.ratis.server.raftlog.segmented.SegmentedRaftLogWorker.run(SegmentedRaftLogWorker.java:289)
	at java.lang.Thread.run(Thread.java:748)
Caused by: java.util.concurrent.TimeoutException
	at java.util.concurrent.CompletableFuture.timedGet(CompletableFuture.java:1771)
	at java.util.concurrent.CompletableFuture.get(CompletableFuture.java:1915)
	at org.apache.ratis.util.IOUtils.getFromFuture(IOUtils.java:79)
	... 4 more
2019-09-11 07:15:16,252 [76c4c990-655f-4900-b966-affd0bc7639c@group-D3816A677CDA-SegmentedRaftLogWorker] WARN  segmented.SegmentedRaftLogWorker (SegmentedRaftLogWorker.java:getFromFuture(90)) - Timeout 14/~
org.apache.ratis.protocol.TimeoutIOException: Timeout 10s: WriteLog:12: (t:1, i:12), STATEMACHINELOGENTRY, client-65AAF9F256C4, cid=143-writeStateMachineData
	at org.apache.ratis.util.IOUtils.getFromFuture(IOUtils.java:87)
	at org.apache.ratis.server.raftlog.segmented.SegmentedRaftLogWorker$StateMachineDataPolicy.getFromFuture(SegmentedRaftLogWorker.java:87)
	at org.apache.ratis.server.raftlog.segmented.SegmentedRaftLogWorker$WriteLog.execute(SegmentedRaftLogWorker.java:477)
	at org.apache.ratis.server.raftlog.segmented.SegmentedRaftLogWorker.run(SegmentedRaftLogWorker.java:289)
	at java.lang.Thread.run(Thread.java:748)
Caused by: java.util.concurrent.TimeoutException
	at java.util.concurrent.CompletableFuture.timedGet(CompletableFuture.java:1771)
	at java.util.concurrent.CompletableFuture.get(CompletableFuture.java:1915)
	at org.apache.ratis.util.IOUtils.getFromFuture(IOUtils.java:79)
	... 4 more
2019-09-11 07:15:16,252 [92412348-7352-40be-aea2-771c347789e7@group-D3816A677CDA-SegmentedRaftLogWorker] WARN  segmented.SegmentedRaftLogWorker (SegmentedRaftLogWorker.java:getFromFuture(90)) - Timeout 14/~
org.apache.ratis.protocol.TimeoutIOException: Timeout 10s: WriteLog:12: (t:1, i:12), STATEMACHINELOGENTRY, client-65AAF9F256C4, cid=143-writeStateMachineData
	at org.apache.ratis.util.IOUtils.getFromFuture(IOUtils.java:87)
	at org.apache.ratis.server.raftlog.segmented.SegmentedRaftLogWorker$StateMachineDataPolicy.getFromFuture(SegmentedRaftLogWorker.java:87)
	at org.apache.ratis.server.raftlog.segmented.SegmentedRaftLogWorker$WriteLog.execute(SegmentedRaftLogWorker.java:477)
	at org.apache.ratis.server.raftlog.segmented.SegmentedRaftLogWorker.run(SegmentedRaftLogWorker.java:289)
	at java.lang.Thread.run(Thread.java:748)
Caused by: java.util.concurrent.TimeoutException
	at java.util.concurrent.CompletableFuture.timedGet(CompletableFuture.java:1771)
	at java.util.concurrent.CompletableFuture.get(CompletableFuture.java:1915)
	at org.apache.ratis.util.IOUtils.getFromFuture(IOUtils.java:79)
	... 4 more
2019-09-11 07:15:16,399 [EventQueue-PipelineActionsForPipelineActionHandler] ERROR pipeline.PipelineActionHandler (PipelineActionHandler.java:onMessage(60)) - Received pipeline action CLOSE for Pipeline[ Id: 5af9484c-b11e-453f-b538-d3816a677cda, Nodes: cfc25efc-54ed-4d3e-b2b6-13ccffc6d6ca{ip: 192.168.5.143, host: pr-hdds-1786-trunk-klbfp-3319181915, networkLocation: /default-rack, certSerialId: null}92412348-7352-40be-aea2-771c347789e7{ip: 192.168.5.143, host: pr-hdds-1786-trunk-klbfp-3319181915, networkLocation: /default-rack, certSerialId: null}76c4c990-655f-4900-b966-affd0bc7639c{ip: 192.168.5.143, host: pr-hdds-1786-trunk-klbfp-3319181915, networkLocation: /default-rack, certSerialId: null}, Type:RATIS, Factor:THREE, State:CLOSED] from datanode cfc25efc-54ed-4d3e-b2b6-13ccffc6d6ca{ip: 192.168.5.143, host: pr-hdds-1786-trunk-klbfp-3319181915, networkLocation: /default-rack, certSerialId: null}. Reason : cfc25efc-54ed-4d3e-b2b6-13ccffc6d6ca has not seen follower/s 76c4c990-655f-4900-b966-affd0bc7639c for 150184ms 92412348-7352-40be-aea2-771c347789e7 for 150157ms
2019-09-11 07:15:16,399 [EventQueue-PipelineActionsForPipelineActionHandler] INFO  pipeline.SCMPipelineManager (SCMPipelineManager.java:finalizeAndDestroyPipeline(311)) - destroying pipeline:Pipeline[ Id: 5af9484c-b11e-453f-b538-d3816a677cda, Nodes: cfc25efc-54ed-4d3e-b2b6-13ccffc6d6ca{ip: 192.168.5.143, host: pr-hdds-1786-trunk-klbfp-3319181915, networkLocation: /default-rack, certSerialId: null}92412348-7352-40be-aea2-771c347789e7{ip: 192.168.5.143, host: pr-hdds-1786-trunk-klbfp-3319181915, networkLocation: /default-rack, certSerialId: null}76c4c990-655f-4900-b966-affd0bc7639c{ip: 192.168.5.143, host: pr-hdds-1786-trunk-klbfp-3319181915, networkLocation: /default-rack, certSerialId: null}, Type:RATIS, Factor:THREE, State:CLOSED]
2019-09-11 07:15:17,658 [grpc-default-executor-6] INFO  client.GrpcClientProtocolClient (GrpcClientProtocolClient.java:onNext(264)) - client-65AAF9F256C4->92412348-7352-40be-aea2-771c347789e7: receive RaftClientReply:client-65AAF9F256C4->92412348-7352-40be-aea2-771c347789e7@group-D3816A677CDA, cid=143, FAILED org.apache.ratis.protocol.NotLeaderException: Server 92412348-7352-40be-aea2-771c347789e7@group-D3816A677CDA is not the leader cfc25efc-54ed-4d3e-b2b6-13ccffc6d6ca:192.168.5.143:42744, logIndex=0, commits[92412348-7352-40be-aea2-771c347789e7:c11, 76c4c990-655f-4900-b966-affd0bc7639c:c7, cfc25efc-54ed-4d3e-b2b6-13ccffc6d6ca:c11]
2019-09-11 07:15:17,909 [org.apache.ratis.server.impl.LogAppender$AppenderDaemon$$Lambda$492/690755232@39c71484] ERROR ratis.XceiverServerRatis (XceiverServerRatis.java:triggerPipelineClose(575)) - pipeline Action CLOSE  on pipeline PipelineID=5af9484c-b11e-453f-b538-d3816a677cda.Reason : cfc25efc-54ed-4d3e-b2b6-13ccffc6d6ca has not seen follower/s 76c4c990-655f-4900-b966-affd0bc7639c for 152685ms 92412348-7352-40be-aea2-771c347789e7 for 152658ms
2019-09-11 07:15:17,909 [org.apache.ratis.server.impl.LogAppender$AppenderDaemon$$Lambda$492/690755232@2013600a] ERROR ratis.XceiverServerRatis (XceiverServerRatis.java:triggerPipelineClose(575)) - pipeline Action CLOSE  on pipeline PipelineID=5af9484c-b11e-453f-b538-d3816a677cda.Reason : cfc25efc-54ed-4d3e-b2b6-13ccffc6d6ca has not seen follower/s 76c4c990-655f-4900-b966-affd0bc7639c for 152685ms 92412348-7352-40be-aea2-771c347789e7 for 152658ms
2019-09-11 07:15:18,398 [EventQueue-PipelineActionsForPipelineActionHandler] ERROR pipeline.PipelineActionHandler (PipelineActionHandler.java:onMessage(60)) - Received pipeline action CLOSE for Pipeline[ Id: 5af9484c-b11e-453f-b538-d3816a677cda, Nodes: cfc25efc-54ed-4d3e-b2b6-13ccffc6d6ca{ip: 192.168.5.143, host: pr-hdds-1786-trunk-klbfp-3319181915, networkLocation: /default-rack, certSerialId: null}92412348-7352-40be-aea2-771c347789e7{ip: 192.168.5.143, host: pr-hdds-1786-trunk-klbfp-3319181915, networkLocation: /default-rack, certSerialId: null}76c4c990-655f-4900-b966-affd0bc7639c{ip: 192.168.5.143, host: pr-hdds-1786-trunk-klbfp-3319181915, networkLocation: /default-rack, certSerialId: null}, Type:RATIS, Factor:THREE, State:CLOSED] from datanode cfc25efc-54ed-4d3e-b2b6-13ccffc6d6ca{ip: 192.168.5.143, host: pr-hdds-1786-trunk-klbfp-3319181915, networkLocation: /default-rack, certSerialId: null}. Reason : cfc25efc-54ed-4d3e-b2b6-13ccffc6d6ca has not seen follower/s 76c4c990-655f-4900-b966-affd0bc7639c for 152685ms 92412348-7352-40be-aea2-771c347789e7 for 152658ms
2019-09-11 07:15:18,399 [EventQueue-PipelineActionsForPipelineActionHandler] INFO  pipeline.SCMPipelineManager (SCMPipelineManager.java:finalizeAndDestroyPipeline(311)) - destroying pipeline:Pipeline[ Id: 5af9484c-b11e-453f-b538-d3816a677cda, Nodes: cfc25efc-54ed-4d3e-b2b6-13ccffc6d6ca{ip: 192.168.5.143, host: pr-hdds-1786-trunk-klbfp-3319181915, networkLocation: /default-rack, certSerialId: null}92412348-7352-40be-aea2-771c347789e7{ip: 192.168.5.143, host: pr-hdds-1786-trunk-klbfp-3319181915, networkLocation: /default-rack, certSerialId: null}76c4c990-655f-4900-b966-affd0bc7639c{ip: 192.168.5.143, host: pr-hdds-1786-trunk-klbfp-3319181915, networkLocation: /default-rack, certSerialId: null}, Type:RATIS, Factor:THREE, State:CLOSED]
2019-09-11 07:15:18,408 [java.util.concurrent.ThreadPoolExecutor$Worker@41115d6f[State = -1, empty queue]] WARN  server.GrpcLogAppender (GrpcLogAppender.java:timeoutAppendRequest(200)) - cfc25efc-54ed-4d3e-b2b6-13ccffc6d6ca@group-D3816A677CDA->92412348-7352-40be-aea2-771c347789e7-GrpcLogAppender: appendEntries Timeout, request=cfc25efc-54ed-4d3e-b2b6-13ccffc6d6ca->92412348-7352-40be-aea2-771c347789e7#150-t1, previous=(t:1, i:18), leaderCommit=11, initializing? false, entries: <empty>
2019-09-11 07:15:18,408 [java.util.concurrent.ThreadPoolExecutor$Worker@66a2441c[State = -1, empty queue]] WARN  server.GrpcLogAppender (GrpcLogAppender.java:timeoutAppendRequest(200)) - cfc25efc-54ed-4d3e-b2b6-13ccffc6d6ca@group-D3816A677CDA->76c4c990-655f-4900-b966-affd0bc7639c-GrpcLogAppender: appendEntries Timeout, request=cfc25efc-54ed-4d3e-b2b6-13ccffc6d6ca->76c4c990-655f-4900-b966-affd0bc7639c#150-t1, previous=(t:1, i:18), leaderCommit=11, initializing? false, entries: <empty>
2019-09-11 07:15:20,411 [org.apache.ratis.server.impl.LogAppender$AppenderDaemon$$Lambda$492/690755232@2013600a] ERROR ratis.XceiverServerRatis (XceiverServerRatis.java:triggerPipelineClose(575)) - pipeline Action CLOSE  on pipeline PipelineID=5af9484c-b11e-453f-b538-d3816a677cda.Reason : cfc25efc-54ed-4d3e-b2b6-13ccffc6d6ca has not seen follower/s 76c4c990-655f-4900-b966-affd0bc7639c for 155186ms 92412348-7352-40be-aea2-771c347789e7 for 155159ms
2019-09-11 07:15:20,411 [org.apache.ratis.server.impl.LogAppender$AppenderDaemon$$Lambda$492/690755232@39c71484] ERROR ratis.XceiverServerRatis (XceiverServerRatis.java:triggerPipelineClose(575)) - pipeline Action CLOSE  on pipeline PipelineID=5af9484c-b11e-453f-b538-d3816a677cda.Reason : cfc25efc-54ed-4d3e-b2b6-13ccffc6d6ca has not seen follower/s 76c4c990-655f-4900-b966-affd0bc7639c for 155186ms 92412348-7352-40be-aea2-771c347789e7 for 155159ms
2019-09-11 07:15:20,909 [java.util.concurrent.ThreadPoolExecutor$Worker@41115d6f[State = -1, empty queue]] WARN  server.GrpcLogAppender (GrpcLogAppender.java:timeoutAppendRequest(200)) - cfc25efc-54ed-4d3e-b2b6-13ccffc6d6ca@group-D3816A677CDA->92412348-7352-40be-aea2-771c347789e7-GrpcLogAppender: appendEntries Timeout, request=cfc25efc-54ed-4d3e-b2b6-13ccffc6d6ca->92412348-7352-40be-aea2-771c347789e7#151-t1, previous=(t:1, i:18), leaderCommit=11, initializing? false, entries: <empty>
2019-09-11 07:15:20,909 [java.util.concurrent.ThreadPoolExecutor$Worker@66a2441c[State = -1, empty queue]] WARN  server.GrpcLogAppender (GrpcLogAppender.java:timeoutAppendRequest(200)) - cfc25efc-54ed-4d3e-b2b6-13ccffc6d6ca@group-D3816A677CDA->76c4c990-655f-4900-b966-affd0bc7639c-GrpcLogAppender: appendEntries Timeout, request=cfc25efc-54ed-4d3e-b2b6-13ccffc6d6ca->76c4c990-655f-4900-b966-affd0bc7639c#151-t1, previous=(t:1, i:18), leaderCommit=11, initializing? false, entries: <empty>
2019-09-11 07:15:21,400 [EventQueue-PipelineActionsForPipelineActionHandler] ERROR pipeline.PipelineActionHandler (PipelineActionHandler.java:onMessage(60)) - Received pipeline action CLOSE for Pipeline[ Id: 5af9484c-b11e-453f-b538-d3816a677cda, Nodes: cfc25efc-54ed-4d3e-b2b6-13ccffc6d6ca{ip: 192.168.5.143, host: pr-hdds-1786-trunk-klbfp-3319181915, networkLocation: /default-rack, certSerialId: null}92412348-7352-40be-aea2-771c347789e7{ip: 192.168.5.143, host: pr-hdds-1786-trunk-klbfp-3319181915, networkLocation: /default-rack, certSerialId: null}76c4c990-655f-4900-b966-affd0bc7639c{ip: 192.168.5.143, host: pr-hdds-1786-trunk-klbfp-3319181915, networkLocation: /default-rack, certSerialId: null}, Type:RATIS, Factor:THREE, State:CLOSED] from datanode cfc25efc-54ed-4d3e-b2b6-13ccffc6d6ca{ip: 192.168.5.143, host: pr-hdds-1786-trunk-klbfp-3319181915, networkLocation: /default-rack, certSerialId: null}. Reason : cfc25efc-54ed-4d3e-b2b6-13ccffc6d6ca has not seen follower/s 76c4c990-655f-4900-b966-affd0bc7639c for 155186ms 92412348-7352-40be-aea2-771c347789e7 for 155159ms
2019-09-11 07:15:21,401 [EventQueue-PipelineActionsForPipelineActionHandler] INFO  pipeline.SCMPipelineManager (SCMPipelineManager.java:finalizeAndDestroyPipeline(311)) - destroying pipeline:Pipeline[ Id: 5af9484c-b11e-453f-b538-d3816a677cda, Nodes: cfc25efc-54ed-4d3e-b2b6-13ccffc6d6ca{ip: 192.168.5.143, host: pr-hdds-1786-trunk-klbfp-3319181915, networkLocation: /default-rack, certSerialId: null}92412348-7352-40be-aea2-771c347789e7{ip: 192.168.5.143, host: pr-hdds-1786-trunk-klbfp-3319181915, networkLocation: /default-rack, certSerialId: null}76c4c990-655f-4900-b966-affd0bc7639c{ip: 192.168.5.143, host: pr-hdds-1786-trunk-klbfp-3319181915, networkLocation: /default-rack, certSerialId: null}, Type:RATIS, Factor:THREE, State:CLOSED]
2019-09-11 07:15:22,705 [grpc-default-executor-6] INFO  client.GrpcClientProtocolClient (GrpcClientProtocolClient.java:onNext(264)) - client-65AAF9F256C4->92412348-7352-40be-aea2-771c347789e7: receive RaftClientReply:client-65AAF9F256C4->92412348-7352-40be-aea2-771c347789e7@group-D3816A677CDA, cid=143, FAILED org.apache.ratis.protocol.NotLeaderException: Server 92412348-7352-40be-aea2-771c347789e7@group-D3816A677CDA is not the leader cfc25efc-54ed-4d3e-b2b6-13ccffc6d6ca:192.168.5.143:42744, logIndex=0, commits[92412348-7352-40be-aea2-771c347789e7:c11, 76c4c990-655f-4900-b966-affd0bc7639c:c7, cfc25efc-54ed-4d3e-b2b6-13ccffc6d6ca:c11]
2019-09-11 07:15:22,912 [org.apache.ratis.server.impl.LogAppender$AppenderDaemon$$Lambda$492/690755232@2013600a] ERROR ratis.XceiverServerRatis (XceiverServerRatis.java:triggerPipelineClose(575)) - pipeline Action CLOSE  on pipeline PipelineID=5af9484c-b11e-453f-b538-d3816a677cda.Reason : cfc25efc-54ed-4d3e-b2b6-13ccffc6d6ca has not seen follower/s 76c4c990-655f-4900-b966-affd0bc7639c for 157688ms 92412348-7352-40be-aea2-771c347789e7 for 157661ms
2019-09-11 07:15:22,912 [org.apache.ratis.server.impl.LogAppender$AppenderDaemon$$Lambda$492/690755232@39c71484] ERROR ratis.XceiverServerRatis (XceiverServerRatis.java:triggerPipelineClose(575)) - pipeline Action CLOSE  on pipeline PipelineID=5af9484c-b11e-453f-b538-d3816a677cda.Reason : cfc25efc-54ed-4d3e-b2b6-13ccffc6d6ca has not seen follower/s 76c4c990-655f-4900-b966-affd0bc7639c for 157688ms 92412348-7352-40be-aea2-771c347789e7 for 157661ms
2019-09-11 07:15:23,399 [EventQueue-PipelineActionsForPipelineActionHandler] ERROR pipeline.PipelineActionHandler (PipelineActionHandler.java:onMessage(60)) - Received pipeline action CLOSE for Pipeline[ Id: 5af9484c-b11e-453f-b538-d3816a677cda, Nodes: cfc25efc-54ed-4d3e-b2b6-13ccffc6d6ca{ip: 192.168.5.143, host: pr-hdds-1786-trunk-klbfp-3319181915, networkLocation: /default-rack, certSerialId: null}92412348-7352-40be-aea2-771c347789e7{ip: 192.168.5.143, host: pr-hdds-1786-trunk-klbfp-3319181915, networkLocation: /default-rack, certSerialId: null}76c4c990-655f-4900-b966-affd0bc7639c{ip: 192.168.5.143, host: pr-hdds-1786-trunk-klbfp-3319181915, networkLocation: /default-rack, certSerialId: null}, Type:RATIS, Factor:THREE, State:CLOSED] from datanode cfc25efc-54ed-4d3e-b2b6-13ccffc6d6ca{ip: 192.168.5.143, host: pr-hdds-1786-trunk-klbfp-3319181915, networkLocation: /default-rack, certSerialId: null}. Reason : cfc25efc-54ed-4d3e-b2b6-13ccffc6d6ca has not seen follower/s 76c4c990-655f-4900-b966-affd0bc7639c for 157688ms 92412348-7352-40be-aea2-771c347789e7 for 157661ms
2019-09-11 07:15:23,400 [EventQueue-PipelineActionsForPipelineActionHandler] INFO  pipeline.SCMPipelineManager (SCMPipelineManager.java:finalizeAndDestroyPipeline(311)) - destroying pipeline:Pipeline[ Id: 5af9484c-b11e-453f-b538-d3816a677cda, Nodes: cfc25efc-54ed-4d3e-b2b6-13ccffc6d6ca{ip: 192.168.5.143, host: pr-hdds-1786-trunk-klbfp-3319181915, networkLocation: /default-rack, certSerialId: null}92412348-7352-40be-aea2-771c347789e7{ip: 192.168.5.143, host: pr-hdds-1786-trunk-klbfp-3319181915, networkLocation: /default-rack, certSerialId: null}76c4c990-655f-4900-b966-affd0bc7639c{ip: 192.168.5.143, host: pr-hdds-1786-trunk-klbfp-3319181915, networkLocation: /default-rack, certSerialId: null}, Type:RATIS, Factor:THREE, State:CLOSED]
2019-09-11 07:15:23,410 [java.util.concurrent.ThreadPoolExecutor$Worker@66a2441c[State = -1, empty queue]] WARN  server.GrpcLogAppender (GrpcLogAppender.java:timeoutAppendRequest(200)) - cfc25efc-54ed-4d3e-b2b6-13ccffc6d6ca@group-D3816A677CDA->76c4c990-655f-4900-b966-affd0bc7639c-GrpcLogAppender: appendEntries Timeout, request=cfc25efc-54ed-4d3e-b2b6-13ccffc6d6ca->76c4c990-655f-4900-b966-affd0bc7639c#152-t1, previous=(t:1, i:18), leaderCommit=11, initializing? false, entries: <empty>
2019-09-11 07:15:23,410 [java.util.concurrent.ThreadPoolExecutor$Worker@41115d6f[State = -1, empty queue]] WARN  server.GrpcLogAppender (GrpcLogAppender.java:timeoutAppendRequest(200)) - cfc25efc-54ed-4d3e-b2b6-13ccffc6d6ca@group-D3816A677CDA->92412348-7352-40be-aea2-771c347789e7-GrpcLogAppender: appendEntries Timeout, request=cfc25efc-54ed-4d3e-b2b6-13ccffc6d6ca->92412348-7352-40be-aea2-771c347789e7#152-t1, previous=(t:1, i:18), leaderCommit=11, initializing? false, entries: <empty>
2019-09-11 07:15:25,413 [org.apache.ratis.server.impl.LogAppender$AppenderDaemon$$Lambda$492/690755232@2013600a] ERROR ratis.XceiverServerRatis (XceiverServerRatis.java:triggerPipelineClose(575)) - pipeline Action CLOSE  on pipeline PipelineID=5af9484c-b11e-453f-b538-d3816a677cda.Reason : cfc25efc-54ed-4d3e-b2b6-13ccffc6d6ca has not seen follower/s 76c4c990-655f-4900-b966-affd0bc7639c for 160189ms 92412348-7352-40be-aea2-771c347789e7 for 160162ms
2019-09-11 07:15:25,413 [org.apache.ratis.server.impl.LogAppender$AppenderDaemon$$Lambda$492/690755232@39c71484] ERROR ratis.XceiverServerRatis (XceiverServerRatis.java:triggerPipelineClose(575)) - pipeline Action CLOSE  on pipeline PipelineID=5af9484c-b11e-453f-b538-d3816a677cda.Reason : cfc25efc-54ed-4d3e-b2b6-13ccffc6d6ca has not seen follower/s 76c4c990-655f-4900-b966-affd0bc7639c for 160189ms 92412348-7352-40be-aea2-771c347789e7 for 160162ms
2019-09-11 07:15:25,912 [java.util.concurrent.ThreadPoolExecutor$Worker@66a2441c[State = -1, empty queue]] WARN  server.GrpcLogAppender (GrpcLogAppender.java:timeoutAppendRequest(200)) - cfc25efc-54ed-4d3e-b2b6-13ccffc6d6ca@group-D3816A677CDA->76c4c990-655f-4900-b966-affd0bc7639c-GrpcLogAppender: appendEntries Timeout, request=cfc25efc-54ed-4d3e-b2b6-13ccffc6d6ca->76c4c990-655f-4900-b966-affd0bc7639c#153-t1, previous=(t:1, i:18), leaderCommit=11, initializing? false, entries: <empty>
2019-09-11 07:15:25,912 [java.util.concurrent.ThreadPoolExecutor$Worker@41115d6f[State = -1, empty queue]] WARN  server.GrpcLogAppender (GrpcLogAppender.java:timeoutAppendRequest(200)) - cfc25efc-54ed-4d3e-b2b6-13ccffc6d6ca@group-D3816A677CDA->92412348-7352-40be-aea2-771c347789e7-GrpcLogAppender: appendEntries Timeout, request=cfc25efc-54ed-4d3e-b2b6-13ccffc6d6ca->92412348-7352-40be-aea2-771c347789e7#153-t1, previous=(t:1, i:18), leaderCommit=11, initializing? false, entries: <empty>
2019-09-11 07:15:26,233 [cfc25efc-54ed-4d3e-b2b6-13ccffc6d6ca@group-D3816A677CDA-SegmentedRaftLogWorker] WARN  segmented.SegmentedRaftLogWorker (SegmentedRaftLogWorker.java:getFromFuture(90)) - Timeout 15/~
org.apache.ratis.protocol.TimeoutIOException: Timeout 10s: WriteLog:12: (t:1, i:12), STATEMACHINELOGENTRY, client-65AAF9F256C4, cid=143-writeStateMachineData
	at org.apache.ratis.util.IOUtils.getFromFuture(IOUtils.java:87)
	at org.apache.ratis.server.raftlog.segmented.SegmentedRaftLogWorker$StateMachineDataPolicy.getFromFuture(SegmentedRaftLogWorker.java:87)
	at org.apache.ratis.server.raftlog.segmented.SegmentedRaftLogWorker$WriteLog.execute(SegmentedRaftLogWorker.java:477)
	at org.apache.ratis.server.raftlog.segmented.SegmentedRaftLogWorker.run(SegmentedRaftLogWorker.java:289)
	at java.lang.Thread.run(Thread.java:748)
Caused by: java.util.concurrent.TimeoutException
	at java.util.concurrent.CompletableFuture.timedGet(CompletableFuture.java:1771)
	at java.util.concurrent.CompletableFuture.get(CompletableFuture.java:1915)
	at org.apache.ratis.util.IOUtils.getFromFuture(IOUtils.java:79)
	... 4 more
2019-09-11 07:15:26,253 [76c4c990-655f-4900-b966-affd0bc7639c@group-D3816A677CDA-SegmentedRaftLogWorker] WARN  segmented.SegmentedRaftLogWorker (SegmentedRaftLogWorker.java:getFromFuture(90)) - Timeout 15/~
org.apache.ratis.protocol.TimeoutIOException: Timeout 10s: WriteLog:12: (t:1, i:12), STATEMACHINELOGENTRY, client-65AAF9F256C4, cid=143-writeStateMachineData
	at org.apache.ratis.util.IOUtils.getFromFuture(IOUtils.java:87)
	at org.apache.ratis.server.raftlog.segmented.SegmentedRaftLogWorker$StateMachineDataPolicy.getFromFuture(SegmentedRaftLogWorker.java:87)
	at org.apache.ratis.server.raftlog.segmented.SegmentedRaftLogWorker$WriteLog.execute(SegmentedRaftLogWorker.java:477)
	at org.apache.ratis.server.raftlog.segmented.SegmentedRaftLogWorker.run(SegmentedRaftLogWorker.java:289)
	at java.lang.Thread.run(Thread.java:748)
Caused by: java.util.concurrent.TimeoutException
	at java.util.concurrent.CompletableFuture.timedGet(CompletableFuture.java:1771)
	at java.util.concurrent.CompletableFuture.get(CompletableFuture.java:1915)
	at org.apache.ratis.util.IOUtils.getFromFuture(IOUtils.java:79)
	... 4 more
2019-09-11 07:15:26,253 [92412348-7352-40be-aea2-771c347789e7@group-D3816A677CDA-SegmentedRaftLogWorker] WARN  segmented.SegmentedRaftLogWorker (SegmentedRaftLogWorker.java:getFromFuture(90)) - Timeout 15/~
org.apache.ratis.protocol.TimeoutIOException: Timeout 10s: WriteLog:12: (t:1, i:12), STATEMACHINELOGENTRY, client-65AAF9F256C4, cid=143-writeStateMachineData
	at org.apache.ratis.util.IOUtils.getFromFuture(IOUtils.java:87)
	at org.apache.ratis.server.raftlog.segmented.SegmentedRaftLogWorker$StateMachineDataPolicy.getFromFuture(SegmentedRaftLogWorker.java:87)
	at org.apache.ratis.server.raftlog.segmented.SegmentedRaftLogWorker$WriteLog.execute(SegmentedRaftLogWorker.java:477)
	at org.apache.ratis.server.raftlog.segmented.SegmentedRaftLogWorker.run(SegmentedRaftLogWorker.java:289)
	at java.lang.Thread.run(Thread.java:748)
Caused by: java.util.concurrent.TimeoutException
	at java.util.concurrent.CompletableFuture.timedGet(CompletableFuture.java:1771)
	at java.util.concurrent.CompletableFuture.get(CompletableFuture.java:1915)
	at org.apache.ratis.util.IOUtils.getFromFuture(IOUtils.java:79)
	... 4 more
2019-09-11 07:15:26,399 [EventQueue-PipelineActionsForPipelineActionHandler] ERROR pipeline.PipelineActionHandler (PipelineActionHandler.java:onMessage(60)) - Received pipeline action CLOSE for Pipeline[ Id: 5af9484c-b11e-453f-b538-d3816a677cda, Nodes: cfc25efc-54ed-4d3e-b2b6-13ccffc6d6ca{ip: 192.168.5.143, host: pr-hdds-1786-trunk-klbfp-3319181915, networkLocation: /default-rack, certSerialId: null}92412348-7352-40be-aea2-771c347789e7{ip: 192.168.5.143, host: pr-hdds-1786-trunk-klbfp-3319181915, networkLocation: /default-rack, certSerialId: null}76c4c990-655f-4900-b966-affd0bc7639c{ip: 192.168.5.143, host: pr-hdds-1786-trunk-klbfp-3319181915, networkLocation: /default-rack, certSerialId: null}, Type:RATIS, Factor:THREE, State:CLOSED] from datanode cfc25efc-54ed-4d3e-b2b6-13ccffc6d6ca{ip: 192.168.5.143, host: pr-hdds-1786-trunk-klbfp-3319181915, networkLocation: /default-rack, certSerialId: null}. Reason : cfc25efc-54ed-4d3e-b2b6-13ccffc6d6ca has not seen follower/s 76c4c990-655f-4900-b966-affd0bc7639c for 160189ms 92412348-7352-40be-aea2-771c347789e7 for 160162ms
2019-09-11 07:15:26,400 [EventQueue-PipelineActionsForPipelineActionHandler] INFO  pipeline.SCMPipelineManager (SCMPipelineManager.java:finalizeAndDestroyPipeline(311)) - destroying pipeline:Pipeline[ Id: 5af9484c-b11e-453f-b538-d3816a677cda, Nodes: cfc25efc-54ed-4d3e-b2b6-13ccffc6d6ca{ip: 192.168.5.143, host: pr-hdds-1786-trunk-klbfp-3319181915, networkLocation: /default-rack, certSerialId: null}92412348-7352-40be-aea2-771c347789e7{ip: 192.168.5.143, host: pr-hdds-1786-trunk-klbfp-3319181915, networkLocation: /default-rack, certSerialId: null}76c4c990-655f-4900-b966-affd0bc7639c{ip: 192.168.5.143, host: pr-hdds-1786-trunk-klbfp-3319181915, networkLocation: /default-rack, certSerialId: null}, Type:RATIS, Factor:THREE, State:CLOSED]
2019-09-11 07:15:27,755 [grpc-default-executor-6] INFO  client.GrpcClientProtocolClient (GrpcClientProtocolClient.java:onNext(264)) - client-65AAF9F256C4->76c4c990-655f-4900-b966-affd0bc7639c: receive RaftClientReply:client-65AAF9F256C4->76c4c990-655f-4900-b966-affd0bc7639c@group-D3816A677CDA, cid=143, FAILED org.apache.ratis.protocol.NotLeaderException: Server 76c4c990-655f-4900-b966-affd0bc7639c@group-D3816A677CDA is not the leader cfc25efc-54ed-4d3e-b2b6-13ccffc6d6ca:192.168.5.143:42744, logIndex=0, commits[76c4c990-655f-4900-b966-affd0bc7639c:c11, cfc25efc-54ed-4d3e-b2b6-13ccffc6d6ca:c11, 92412348-7352-40be-aea2-771c347789e7:c7]
2019-09-11 07:15:27,914 [org.apache.ratis.server.impl.LogAppender$AppenderDaemon$$Lambda$492/690755232@39c71484] ERROR ratis.XceiverServerRatis (XceiverServerRatis.java:triggerPipelineClose(575)) - pipeline Action CLOSE  on pipeline PipelineID=5af9484c-b11e-453f-b538-d3816a677cda.Reason : cfc25efc-54ed-4d3e-b2b6-13ccffc6d6ca has not seen follower/s 76c4c990-655f-4900-b966-affd0bc7639c for 162690ms 92412348-7352-40be-aea2-771c347789e7 for 162663ms
2019-09-11 07:15:27,914 [org.apache.ratis.server.impl.LogAppender$AppenderDaemon$$Lambda$492/690755232@2013600a] ERROR ratis.XceiverServerRatis (XceiverServerRatis.java:triggerPipelineClose(575)) - pipeline Action CLOSE  on pipeline PipelineID=5af9484c-b11e-453f-b538-d3816a677cda.Reason : cfc25efc-54ed-4d3e-b2b6-13ccffc6d6ca has not seen follower/s 76c4c990-655f-4900-b966-affd0bc7639c for 162690ms 92412348-7352-40be-aea2-771c347789e7 for 162663ms
2019-09-11 07:15:28,400 [EventQueue-PipelineActionsForPipelineActionHandler] ERROR pipeline.PipelineActionHandler (PipelineActionHandler.java:onMessage(60)) - Received pipeline action CLOSE for Pipeline[ Id: 5af9484c-b11e-453f-b538-d3816a677cda, Nodes: cfc25efc-54ed-4d3e-b2b6-13ccffc6d6ca{ip: 192.168.5.143, host: pr-hdds-1786-trunk-klbfp-3319181915, networkLocation: /default-rack, certSerialId: null}92412348-7352-40be-aea2-771c347789e7{ip: 192.168.5.143, host: pr-hdds-1786-trunk-klbfp-3319181915, networkLocation: /default-rack, certSerialId: null}76c4c990-655f-4900-b966-affd0bc7639c{ip: 192.168.5.143, host: pr-hdds-1786-trunk-klbfp-3319181915, networkLocation: /default-rack, certSerialId: null}, Type:RATIS, Factor:THREE, State:CLOSED] from datanode cfc25efc-54ed-4d3e-b2b6-13ccffc6d6ca{ip: 192.168.5.143, host: pr-hdds-1786-trunk-klbfp-3319181915, networkLocation: /default-rack, certSerialId: null}. Reason : cfc25efc-54ed-4d3e-b2b6-13ccffc6d6ca has not seen follower/s 76c4c990-655f-4900-b966-affd0bc7639c for 162690ms 92412348-7352-40be-aea2-771c347789e7 for 162663ms
2019-09-11 07:15:28,400 [EventQueue-PipelineActionsForPipelineActionHandler] INFO  pipeline.SCMPipelineManager (SCMPipelineManager.java:finalizeAndDestroyPipeline(311)) - destroying pipeline:Pipeline[ Id: 5af9484c-b11e-453f-b538-d3816a677cda, Nodes: cfc25efc-54ed-4d3e-b2b6-13ccffc6d6ca{ip: 192.168.5.143, host: pr-hdds-1786-trunk-klbfp-3319181915, networkLocation: /default-rack, certSerialId: null}92412348-7352-40be-aea2-771c347789e7{ip: 192.168.5.143, host: pr-hdds-1786-trunk-klbfp-3319181915, networkLocation: /default-rack, certSerialId: null}76c4c990-655f-4900-b966-affd0bc7639c{ip: 192.168.5.143, host: pr-hdds-1786-trunk-klbfp-3319181915, networkLocation: /default-rack, certSerialId: null}, Type:RATIS, Factor:THREE, State:CLOSED]
2019-09-11 07:15:28,413 [java.util.concurrent.ThreadPoolExecutor$Worker@66a2441c[State = -1, empty queue]] WARN  server.GrpcLogAppender (GrpcLogAppender.java:timeoutAppendRequest(200)) - cfc25efc-54ed-4d3e-b2b6-13ccffc6d6ca@group-D3816A677CDA->76c4c990-655f-4900-b966-affd0bc7639c-GrpcLogAppender: appendEntries Timeout, request=cfc25efc-54ed-4d3e-b2b6-13ccffc6d6ca->76c4c990-655f-4900-b966-affd0bc7639c#154-t1, previous=(t:1, i:18), leaderCommit=11, initializing? false, entries: <empty>
2019-09-11 07:15:28,413 [java.util.concurrent.ThreadPoolExecutor$Worker@41115d6f[State = -1, empty queue]] WARN  server.GrpcLogAppender (GrpcLogAppender.java:timeoutAppendRequest(200)) - cfc25efc-54ed-4d3e-b2b6-13ccffc6d6ca@group-D3816A677CDA->92412348-7352-40be-aea2-771c347789e7-GrpcLogAppender: appendEntries Timeout, request=cfc25efc-54ed-4d3e-b2b6-13ccffc6d6ca->92412348-7352-40be-aea2-771c347789e7#154-t1, previous=(t:1, i:18), leaderCommit=11, initializing? false, entries: <empty>
2019-09-11 07:15:30,415 [org.apache.ratis.server.impl.LogAppender$AppenderDaemon$$Lambda$492/690755232@39c71484] ERROR ratis.XceiverServerRatis (XceiverServerRatis.java:triggerPipelineClose(575)) - pipeline Action CLOSE  on pipeline PipelineID=5af9484c-b11e-453f-b538-d3816a677cda.Reason : cfc25efc-54ed-4d3e-b2b6-13ccffc6d6ca has not seen follower/s 76c4c990-655f-4900-b966-affd0bc7639c for 165190ms 92412348-7352-40be-aea2-771c347789e7 for 165163ms
2019-09-11 07:15:30,415 [org.apache.ratis.server.impl.LogAppender$AppenderDaemon$$Lambda$492/690755232@2013600a] ERROR ratis.XceiverServerRatis (XceiverServerRatis.java:triggerPipelineClose(575)) - pipeline Action CLOSE  on pipeline PipelineID=5af9484c-b11e-453f-b538-d3816a677cda.Reason : cfc25efc-54ed-4d3e-b2b6-13ccffc6d6ca has not seen follower/s 76c4c990-655f-4900-b966-affd0bc7639c for 165190ms 92412348-7352-40be-aea2-771c347789e7 for 165163ms
2019-09-11 07:15:30,914 [java.util.concurrent.ThreadPoolExecutor$Worker@41115d6f[State = -1, empty queue]] WARN  server.GrpcLogAppender (GrpcLogAppender.java:timeoutAppendRequest(200)) - cfc25efc-54ed-4d3e-b2b6-13ccffc6d6ca@group-D3816A677CDA->92412348-7352-40be-aea2-771c347789e7-GrpcLogAppender: appendEntries Timeout, request=cfc25efc-54ed-4d3e-b2b6-13ccffc6d6ca->92412348-7352-40be-aea2-771c347789e7#155-t1, previous=(t:1, i:18), leaderCommit=11, initializing? false, entries: <empty>
2019-09-11 07:15:30,914 [java.util.concurrent.ThreadPoolExecutor$Worker@66a2441c[State = -1, empty queue]] WARN  server.GrpcLogAppender (GrpcLogAppender.java:timeoutAppendRequest(200)) - cfc25efc-54ed-4d3e-b2b6-13ccffc6d6ca@group-D3816A677CDA->76c4c990-655f-4900-b966-affd0bc7639c-GrpcLogAppender: appendEntries Timeout, request=cfc25efc-54ed-4d3e-b2b6-13ccffc6d6ca->76c4c990-655f-4900-b966-affd0bc7639c#155-t1, previous=(t:1, i:18), leaderCommit=11, initializing? false, entries: <empty>
2019-09-11 07:15:31,400 [EventQueue-PipelineActionsForPipelineActionHandler] ERROR pipeline.PipelineActionHandler (PipelineActionHandler.java:onMessage(60)) - Received pipeline action CLOSE for Pipeline[ Id: 5af9484c-b11e-453f-b538-d3816a677cda, Nodes: cfc25efc-54ed-4d3e-b2b6-13ccffc6d6ca{ip: 192.168.5.143, host: pr-hdds-1786-trunk-klbfp-3319181915, networkLocation: /default-rack, certSerialId: null}92412348-7352-40be-aea2-771c347789e7{ip: 192.168.5.143, host: pr-hdds-1786-trunk-klbfp-3319181915, networkLocation: /default-rack, certSerialId: null}76c4c990-655f-4900-b966-affd0bc7639c{ip: 192.168.5.143, host: pr-hdds-1786-trunk-klbfp-3319181915, networkLocation: /default-rack, certSerialId: null}, Type:RATIS, Factor:THREE, State:CLOSED] from datanode cfc25efc-54ed-4d3e-b2b6-13ccffc6d6ca{ip: 192.168.5.143, host: pr-hdds-1786-trunk-klbfp-3319181915, networkLocation: /default-rack, certSerialId: null}. Reason : cfc25efc-54ed-4d3e-b2b6-13ccffc6d6ca has not seen follower/s 76c4c990-655f-4900-b966-affd0bc7639c for 165190ms 92412348-7352-40be-aea2-771c347789e7 for 165163ms
2019-09-11 07:15:31,400 [EventQueue-PipelineActionsForPipelineActionHandler] INFO  pipeline.SCMPipelineManager (SCMPipelineManager.java:finalizeAndDestroyPipeline(311)) - destroying pipeline:Pipeline[ Id: 5af9484c-b11e-453f-b538-d3816a677cda, Nodes: cfc25efc-54ed-4d3e-b2b6-13ccffc6d6ca{ip: 192.168.5.143, host: pr-hdds-1786-trunk-klbfp-3319181915, networkLocation: /default-rack, certSerialId: null}92412348-7352-40be-aea2-771c347789e7{ip: 192.168.5.143, host: pr-hdds-1786-trunk-klbfp-3319181915, networkLocation: /default-rack, certSerialId: null}76c4c990-655f-4900-b966-affd0bc7639c{ip: 192.168.5.143, host: pr-hdds-1786-trunk-klbfp-3319181915, networkLocation: /default-rack, certSerialId: null}, Type:RATIS, Factor:THREE, State:CLOSED]
2019-09-11 07:15:32,793 [grpc-default-executor-1] INFO  client.GrpcClientProtocolClient (GrpcClientProtocolClient.java:onNext(264)) - client-65AAF9F256C4->92412348-7352-40be-aea2-771c347789e7: receive RaftClientReply:client-65AAF9F256C4->92412348-7352-40be-aea2-771c347789e7@group-D3816A677CDA, cid=143, FAILED org.apache.ratis.protocol.NotLeaderException: Server 92412348-7352-40be-aea2-771c347789e7@group-D3816A677CDA is not the leader cfc25efc-54ed-4d3e-b2b6-13ccffc6d6ca:192.168.5.143:42744, logIndex=0, commits[92412348-7352-40be-aea2-771c347789e7:c11, 76c4c990-655f-4900-b966-affd0bc7639c:c7, cfc25efc-54ed-4d3e-b2b6-13ccffc6d6ca:c11]
2019-09-11 07:15:32,915 [org.apache.ratis.server.impl.LogAppender$AppenderDaemon$$Lambda$492/690755232@39c71484] ERROR ratis.XceiverServerRatis (XceiverServerRatis.java:triggerPipelineClose(575)) - pipeline Action CLOSE  on pipeline PipelineID=5af9484c-b11e-453f-b538-d3816a677cda.Reason : cfc25efc-54ed-4d3e-b2b6-13ccffc6d6ca has not seen follower/s 76c4c990-655f-4900-b966-affd0bc7639c for 167691ms 92412348-7352-40be-aea2-771c347789e7 for 167664ms
2019-09-11 07:15:32,915 [org.apache.ratis.server.impl.LogAppender$AppenderDaemon$$Lambda$492/690755232@2013600a] ERROR ratis.XceiverServerRatis (XceiverServerRatis.java:triggerPipelineClose(575)) - pipeline Action CLOSE  on pipeline PipelineID=5af9484c-b11e-453f-b538-d3816a677cda.Reason : cfc25efc-54ed-4d3e-b2b6-13ccffc6d6ca has not seen follower/s 76c4c990-655f-4900-b966-affd0bc7639c for 167691ms 92412348-7352-40be-aea2-771c347789e7 for 167664ms
2019-09-11 07:15:33,399 [EventQueue-PipelineActionsForPipelineActionHandler] ERROR pipeline.PipelineActionHandler (PipelineActionHandler.java:onMessage(60)) - Received pipeline action CLOSE for Pipeline[ Id: 5af9484c-b11e-453f-b538-d3816a677cda, Nodes: cfc25efc-54ed-4d3e-b2b6-13ccffc6d6ca{ip: 192.168.5.143, host: pr-hdds-1786-trunk-klbfp-3319181915, networkLocation: /default-rack, certSerialId: null}92412348-7352-40be-aea2-771c347789e7{ip: 192.168.5.143, host: pr-hdds-1786-trunk-klbfp-3319181915, networkLocation: /default-rack, certSerialId: null}76c4c990-655f-4900-b966-affd0bc7639c{ip: 192.168.5.143, host: pr-hdds-1786-trunk-klbfp-3319181915, networkLocation: /default-rack, certSerialId: null}, Type:RATIS, Factor:THREE, State:CLOSED] from datanode cfc25efc-54ed-4d3e-b2b6-13ccffc6d6ca{ip: 192.168.5.143, host: pr-hdds-1786-trunk-klbfp-3319181915, networkLocation: /default-rack, certSerialId: null}. Reason : cfc25efc-54ed-4d3e-b2b6-13ccffc6d6ca has not seen follower/s 76c4c990-655f-4900-b966-affd0bc7639c for 167691ms 92412348-7352-40be-aea2-771c347789e7 for 167664ms
2019-09-11 07:15:33,399 [EventQueue-PipelineActionsForPipelineActionHandler] INFO  pipeline.SCMPipelineManager (SCMPipelineManager.java:finalizeAndDestroyPipeline(311)) - destroying pipeline:Pipeline[ Id: 5af9484c-b11e-453f-b538-d3816a677cda, Nodes: cfc25efc-54ed-4d3e-b2b6-13ccffc6d6ca{ip: 192.168.5.143, host: pr-hdds-1786-trunk-klbfp-3319181915, networkLocation: /default-rack, certSerialId: null}92412348-7352-40be-aea2-771c347789e7{ip: 192.168.5.143, host: pr-hdds-1786-trunk-klbfp-3319181915, networkLocation: /default-rack, certSerialId: null}76c4c990-655f-4900-b966-affd0bc7639c{ip: 192.168.5.143, host: pr-hdds-1786-trunk-klbfp-3319181915, networkLocation: /default-rack, certSerialId: null}, Type:RATIS, Factor:THREE, State:CLOSED]
2019-09-11 07:15:33,415 [java.util.concurrent.ThreadPoolExecutor$Worker@66a2441c[State = -1, empty queue]] WARN  server.GrpcLogAppender (GrpcLogAppender.java:timeoutAppendRequest(200)) - cfc25efc-54ed-4d3e-b2b6-13ccffc6d6ca@group-D3816A677CDA->76c4c990-655f-4900-b966-affd0bc7639c-GrpcLogAppender: appendEntries Timeout, request=cfc25efc-54ed-4d3e-b2b6-13ccffc6d6ca->76c4c990-655f-4900-b966-affd0bc7639c#156-t1, previous=(t:1, i:18), leaderCommit=11, initializing? false, entries: <empty>
2019-09-11 07:15:33,415 [java.util.concurrent.ThreadPoolExecutor$Worker@41115d6f[State = -1, empty queue]] WARN  server.GrpcLogAppender (GrpcLogAppender.java:timeoutAppendRequest(200)) - cfc25efc-54ed-4d3e-b2b6-13ccffc6d6ca@group-D3816A677CDA->92412348-7352-40be-aea2-771c347789e7-GrpcLogAppender: appendEntries Timeout, request=cfc25efc-54ed-4d3e-b2b6-13ccffc6d6ca->92412348-7352-40be-aea2-771c347789e7#156-t1, previous=(t:1, i:18), leaderCommit=11, initializing? false, entries: <empty>
2019-09-11 07:15:35,417 [org.apache.ratis.server.impl.LogAppender$AppenderDaemon$$Lambda$492/690755232@39c71484] ERROR ratis.XceiverServerRatis (XceiverServerRatis.java:triggerPipelineClose(575)) - pipeline Action CLOSE  on pipeline PipelineID=5af9484c-b11e-453f-b538-d3816a677cda.Reason : cfc25efc-54ed-4d3e-b2b6-13ccffc6d6ca has not seen follower/s 76c4c990-655f-4900-b966-affd0bc7639c for 170192ms 92412348-7352-40be-aea2-771c347789e7 for 170165ms
2019-09-11 07:15:35,417 [org.apache.ratis.server.impl.LogAppender$AppenderDaemon$$Lambda$492/690755232@2013600a] ERROR ratis.XceiverServerRatis (XceiverServerRatis.java:triggerPipelineClose(575)) - pipeline Action CLOSE  on pipeline PipelineID=5af9484c-b11e-453f-b538-d3816a677cda.Reason : cfc25efc-54ed-4d3e-b2b6-13ccffc6d6ca has not seen follower/s 76c4c990-655f-4900-b966-affd0bc7639c for 170192ms 92412348-7352-40be-aea2-771c347789e7 for 170165ms
2019-09-11 07:15:35,916 [java.util.concurrent.ThreadPoolExecutor$Worker@66a2441c[State = -1, empty queue]] WARN  server.GrpcLogAppender (GrpcLogAppender.java:timeoutAppendRequest(200)) - cfc25efc-54ed-4d3e-b2b6-13ccffc6d6ca@group-D3816A677CDA->76c4c990-655f-4900-b966-affd0bc7639c-GrpcLogAppender: appendEntries Timeout, request=cfc25efc-54ed-4d3e-b2b6-13ccffc6d6ca->76c4c990-655f-4900-b966-affd0bc7639c#157-t1, previous=(t:1, i:18), leaderCommit=11, initializing? false, entries: <empty>
2019-09-11 07:15:35,916 [java.util.concurrent.ThreadPoolExecutor$Worker@41115d6f[State = -1, empty queue]] WARN  server.GrpcLogAppender (GrpcLogAppender.java:timeoutAppendRequest(200)) - cfc25efc-54ed-4d3e-b2b6-13ccffc6d6ca@group-D3816A677CDA->92412348-7352-40be-aea2-771c347789e7-GrpcLogAppender: appendEntries Timeout, request=cfc25efc-54ed-4d3e-b2b6-13ccffc6d6ca->92412348-7352-40be-aea2-771c347789e7#157-t1, previous=(t:1, i:18), leaderCommit=11, initializing? false, entries: <empty>
2019-09-11 07:15:36,235 [cfc25efc-54ed-4d3e-b2b6-13ccffc6d6ca@group-D3816A677CDA-SegmentedRaftLogWorker] WARN  segmented.SegmentedRaftLogWorker (SegmentedRaftLogWorker.java:getFromFuture(90)) - Timeout 16/~
org.apache.ratis.protocol.TimeoutIOException: Timeout 10s: WriteLog:12: (t:1, i:12), STATEMACHINELOGENTRY, client-65AAF9F256C4, cid=143-writeStateMachineData
	at org.apache.ratis.util.IOUtils.getFromFuture(IOUtils.java:87)
	at org.apache.ratis.server.raftlog.segmented.SegmentedRaftLogWorker$StateMachineDataPolicy.getFromFuture(SegmentedRaftLogWorker.java:87)
	at org.apache.ratis.server.raftlog.segmented.SegmentedRaftLogWorker$WriteLog.execute(SegmentedRaftLogWorker.java:477)
	at org.apache.ratis.server.raftlog.segmented.SegmentedRaftLogWorker.run(SegmentedRaftLogWorker.java:289)
	at java.lang.Thread.run(Thread.java:748)
Caused by: java.util.concurrent.TimeoutException
	at java.util.concurrent.CompletableFuture.timedGet(CompletableFuture.java:1771)
	at java.util.concurrent.CompletableFuture.get(CompletableFuture.java:1915)
	at org.apache.ratis.util.IOUtils.getFromFuture(IOUtils.java:79)
	... 4 more
2019-09-11 07:15:36,277 [76c4c990-655f-4900-b966-affd0bc7639c@group-D3816A677CDA-SegmentedRaftLogWorker] WARN  segmented.SegmentedRaftLogWorker (SegmentedRaftLogWorker.java:getFromFuture(90)) - Timeout 16/~
org.apache.ratis.protocol.TimeoutIOException: Timeout 10s: WriteLog:12: (t:1, i:12), STATEMACHINELOGENTRY, client-65AAF9F256C4, cid=143-writeStateMachineData
	at org.apache.ratis.util.IOUtils.getFromFuture(IOUtils.java:87)
	at org.apache.ratis.server.raftlog.segmented.SegmentedRaftLogWorker$StateMachineDataPolicy.getFromFuture(SegmentedRaftLogWorker.java:87)
	at org.apache.ratis.server.raftlog.segmented.SegmentedRaftLogWorker$WriteLog.execute(SegmentedRaftLogWorker.java:477)
	at org.apache.ratis.server.raftlog.segmented.SegmentedRaftLogWorker.run(SegmentedRaftLogWorker.java:289)
	at java.lang.Thread.run(Thread.java:748)
Caused by: java.util.concurrent.TimeoutException
	at java.util.concurrent.CompletableFuture.timedGet(CompletableFuture.java:1771)
	at java.util.concurrent.CompletableFuture.get(CompletableFuture.java:1915)
	at org.apache.ratis.util.IOUtils.getFromFuture(IOUtils.java:79)
	... 4 more
2019-09-11 07:15:36,277 [92412348-7352-40be-aea2-771c347789e7@group-D3816A677CDA-SegmentedRaftLogWorker] WARN  segmented.SegmentedRaftLogWorker (SegmentedRaftLogWorker.java:getFromFuture(90)) - Timeout 16/~
org.apache.ratis.protocol.TimeoutIOException: Timeout 10s: WriteLog:12: (t:1, i:12), STATEMACHINELOGENTRY, client-65AAF9F256C4, cid=143-writeStateMachineData
	at org.apache.ratis.util.IOUtils.getFromFuture(IOUtils.java:87)
	at org.apache.ratis.server.raftlog.segmented.SegmentedRaftLogWorker$StateMachineDataPolicy.getFromFuture(SegmentedRaftLogWorker.java:87)
	at org.apache.ratis.server.raftlog.segmented.SegmentedRaftLogWorker$WriteLog.execute(SegmentedRaftLogWorker.java:477)
	at org.apache.ratis.server.raftlog.segmented.SegmentedRaftLogWorker.run(SegmentedRaftLogWorker.java:289)
	at java.lang.Thread.run(Thread.java:748)
Caused by: java.util.concurrent.TimeoutException
	at java.util.concurrent.CompletableFuture.timedGet(CompletableFuture.java:1771)
	at java.util.concurrent.CompletableFuture.get(CompletableFuture.java:1915)
	at org.apache.ratis.util.IOUtils.getFromFuture(IOUtils.java:79)
	... 4 more
2019-09-11 07:15:36,400 [EventQueue-PipelineActionsForPipelineActionHandler] ERROR pipeline.PipelineActionHandler (PipelineActionHandler.java:onMessage(60)) - Received pipeline action CLOSE for Pipeline[ Id: 5af9484c-b11e-453f-b538-d3816a677cda, Nodes: cfc25efc-54ed-4d3e-b2b6-13ccffc6d6ca{ip: 192.168.5.143, host: pr-hdds-1786-trunk-klbfp-3319181915, networkLocation: /default-rack, certSerialId: null}92412348-7352-40be-aea2-771c347789e7{ip: 192.168.5.143, host: pr-hdds-1786-trunk-klbfp-3319181915, networkLocation: /default-rack, certSerialId: null}76c4c990-655f-4900-b966-affd0bc7639c{ip: 192.168.5.143, host: pr-hdds-1786-trunk-klbfp-3319181915, networkLocation: /default-rack, certSerialId: null}, Type:RATIS, Factor:THREE, State:CLOSED] from datanode cfc25efc-54ed-4d3e-b2b6-13ccffc6d6ca{ip: 192.168.5.143, host: pr-hdds-1786-trunk-klbfp-3319181915, networkLocation: /default-rack, certSerialId: null}. Reason : cfc25efc-54ed-4d3e-b2b6-13ccffc6d6ca has not seen follower/s 76c4c990-655f-4900-b966-affd0bc7639c for 170192ms 92412348-7352-40be-aea2-771c347789e7 for 170165ms
2019-09-11 07:15:36,400 [EventQueue-PipelineActionsForPipelineActionHandler] INFO  pipeline.SCMPipelineManager (SCMPipelineManager.java:finalizeAndDestroyPipeline(311)) - destroying pipeline:Pipeline[ Id: 5af9484c-b11e-453f-b538-d3816a677cda, Nodes: cfc25efc-54ed-4d3e-b2b6-13ccffc6d6ca{ip: 192.168.5.143, host: pr-hdds-1786-trunk-klbfp-3319181915, networkLocation: /default-rack, certSerialId: null}92412348-7352-40be-aea2-771c347789e7{ip: 192.168.5.143, host: pr-hdds-1786-trunk-klbfp-3319181915, networkLocation: /default-rack, certSerialId: null}76c4c990-655f-4900-b966-affd0bc7639c{ip: 192.168.5.143, host: pr-hdds-1786-trunk-klbfp-3319181915, networkLocation: /default-rack, certSerialId: null}, Type:RATIS, Factor:THREE, State:CLOSED]
2019-09-11 07:15:37,867 [grpc-default-executor-8] INFO  client.GrpcClientProtocolClient (GrpcClientProtocolClient.java:onNext(264)) - client-65AAF9F256C4->92412348-7352-40be-aea2-771c347789e7: receive RaftClientReply:client-65AAF9F256C4->92412348-7352-40be-aea2-771c347789e7@group-D3816A677CDA, cid=143, FAILED org.apache.ratis.protocol.NotLeaderException: Server 92412348-7352-40be-aea2-771c347789e7@group-D3816A677CDA is not the leader cfc25efc-54ed-4d3e-b2b6-13ccffc6d6ca:192.168.5.143:42744, logIndex=0, commits[92412348-7352-40be-aea2-771c347789e7:c11, 76c4c990-655f-4900-b966-affd0bc7639c:c7, cfc25efc-54ed-4d3e-b2b6-13ccffc6d6ca:c11]
2019-09-11 07:15:37,918 [org.apache.ratis.server.impl.LogAppender$AppenderDaemon$$Lambda$492/690755232@2013600a] ERROR ratis.XceiverServerRatis (XceiverServerRatis.java:triggerPipelineClose(575)) - pipeline Action CLOSE  on pipeline PipelineID=5af9484c-b11e-453f-b538-d3816a677cda.Reason : cfc25efc-54ed-4d3e-b2b6-13ccffc6d6ca has not seen follower/s 76c4c990-655f-4900-b966-affd0bc7639c for 172693ms 92412348-7352-40be-aea2-771c347789e7 for 172666ms
2019-09-11 07:15:37,918 [org.apache.ratis.server.impl.LogAppender$AppenderDaemon$$Lambda$492/690755232@39c71484] ERROR ratis.XceiverServerRatis (XceiverServerRatis.java:triggerPipelineClose(575)) - pipeline Action CLOSE  on pipeline PipelineID=5af9484c-b11e-453f-b538-d3816a677cda.Reason : cfc25efc-54ed-4d3e-b2b6-13ccffc6d6ca has not seen follower/s 76c4c990-655f-4900-b966-affd0bc7639c for 172693ms 92412348-7352-40be-aea2-771c347789e7 for 172666ms
2019-09-11 07:15:38,401 [EventQueue-PipelineActionsForPipelineActionHandler] ERROR pipeline.PipelineActionHandler (PipelineActionHandler.java:onMessage(60)) - Received pipeline action CLOSE for Pipeline[ Id: 5af9484c-b11e-453f-b538-d3816a677cda, Nodes: cfc25efc-54ed-4d3e-b2b6-13ccffc6d6ca{ip: 192.168.5.143, host: pr-hdds-1786-trunk-klbfp-3319181915, networkLocation: /default-rack, certSerialId: null}92412348-7352-40be-aea2-771c347789e7{ip: 192.168.5.143, host: pr-hdds-1786-trunk-klbfp-3319181915, networkLocation: /default-rack, certSerialId: null}76c4c990-655f-4900-b966-affd0bc7639c{ip: 192.168.5.143, host: pr-hdds-1786-trunk-klbfp-3319181915, networkLocation: /default-rack, certSerialId: null}, Type:RATIS, Factor:THREE, State:CLOSED] from datanode cfc25efc-54ed-4d3e-b2b6-13ccffc6d6ca{ip: 192.168.5.143, host: pr-hdds-1786-trunk-klbfp-3319181915, networkLocation: /default-rack, certSerialId: null}. Reason : cfc25efc-54ed-4d3e-b2b6-13ccffc6d6ca has not seen follower/s 76c4c990-655f-4900-b966-affd0bc7639c for 172693ms 92412348-7352-40be-aea2-771c347789e7 for 172666ms
2019-09-11 07:15:38,401 [EventQueue-PipelineActionsForPipelineActionHandler] INFO  pipeline.SCMPipelineManager (SCMPipelineManager.java:finalizeAndDestroyPipeline(311)) - destroying pipeline:Pipeline[ Id: 5af9484c-b11e-453f-b538-d3816a677cda, Nodes: cfc25efc-54ed-4d3e-b2b6-13ccffc6d6ca{ip: 192.168.5.143, host: pr-hdds-1786-trunk-klbfp-3319181915, networkLocation: /default-rack, certSerialId: null}92412348-7352-40be-aea2-771c347789e7{ip: 192.168.5.143, host: pr-hdds-1786-trunk-klbfp-3319181915, networkLocation: /default-rack, certSerialId: null}76c4c990-655f-4900-b966-affd0bc7639c{ip: 192.168.5.143, host: pr-hdds-1786-trunk-klbfp-3319181915, networkLocation: /default-rack, certSerialId: null}, Type:RATIS, Factor:THREE, State:CLOSED]
2019-09-11 07:15:38,416 [java.util.concurrent.ThreadPoolExecutor$Worker@41115d6f[State = -1, empty queue]] WARN  server.GrpcLogAppender (GrpcLogAppender.java:timeoutAppendRequest(200)) - cfc25efc-54ed-4d3e-b2b6-13ccffc6d6ca@group-D3816A677CDA->92412348-7352-40be-aea2-771c347789e7-GrpcLogAppender: appendEntries Timeout, request=cfc25efc-54ed-4d3e-b2b6-13ccffc6d6ca->92412348-7352-40be-aea2-771c347789e7#158-t1, previous=(t:1, i:18), leaderCommit=11, initializing? false, entries: <empty>
2019-09-11 07:15:38,417 [java.util.concurrent.ThreadPoolExecutor$Worker@66a2441c[State = -1, empty queue]] WARN  server.GrpcLogAppender (GrpcLogAppender.java:timeoutAppendRequest(200)) - cfc25efc-54ed-4d3e-b2b6-13ccffc6d6ca@group-D3816A677CDA->76c4c990-655f-4900-b966-affd0bc7639c-GrpcLogAppender: appendEntries Timeout, request=cfc25efc-54ed-4d3e-b2b6-13ccffc6d6ca->76c4c990-655f-4900-b966-affd0bc7639c#158-t1, previous=(t:1, i:18), leaderCommit=11, initializing? false, entries: <empty>
2019-09-11 07:15:40,419 [org.apache.ratis.server.impl.LogAppender$AppenderDaemon$$Lambda$492/690755232@2013600a] ERROR ratis.XceiverServerRatis (XceiverServerRatis.java:triggerPipelineClose(575)) - pipeline Action CLOSE  on pipeline PipelineID=5af9484c-b11e-453f-b538-d3816a677cda.Reason : cfc25efc-54ed-4d3e-b2b6-13ccffc6d6ca has not seen follower/s 76c4c990-655f-4900-b966-affd0bc7639c for 175194ms 92412348-7352-40be-aea2-771c347789e7 for 175167ms
2019-09-11 07:15:40,419 [org.apache.ratis.server.impl.LogAppender$AppenderDaemon$$Lambda$492/690755232@39c71484] ERROR ratis.XceiverServerRatis (XceiverServerRatis.java:triggerPipelineClose(575)) - pipeline Action CLOSE  on pipeline PipelineID=5af9484c-b11e-453f-b538-d3816a677cda.Reason : cfc25efc-54ed-4d3e-b2b6-13ccffc6d6ca has not seen follower/s 76c4c990-655f-4900-b966-affd0bc7639c for 175194ms 92412348-7352-40be-aea2-771c347789e7 for 175167ms
2019-09-11 07:15:40,918 [java.util.concurrent.ThreadPoolExecutor$Worker@66a2441c[State = -1, empty queue]] WARN  server.GrpcLogAppender (GrpcLogAppender.java:timeoutAppendRequest(200)) - cfc25efc-54ed-4d3e-b2b6-13ccffc6d6ca@group-D3816A677CDA->76c4c990-655f-4900-b966-affd0bc7639c-GrpcLogAppender: appendEntries Timeout, request=cfc25efc-54ed-4d3e-b2b6-13ccffc6d6ca->76c4c990-655f-4900-b966-affd0bc7639c#159-t1, previous=(t:1, i:18), leaderCommit=11, initializing? false, entries: <empty>
2019-09-11 07:15:40,918 [java.util.concurrent.ThreadPoolExecutor$Worker@41115d6f[State = -1, empty queue]] WARN  server.GrpcLogAppender (GrpcLogAppender.java:timeoutAppendRequest(200)) - cfc25efc-54ed-4d3e-b2b6-13ccffc6d6ca@group-D3816A677CDA->92412348-7352-40be-aea2-771c347789e7-GrpcLogAppender: appendEntries Timeout, request=cfc25efc-54ed-4d3e-b2b6-13ccffc6d6ca->92412348-7352-40be-aea2-771c347789e7#159-t1, previous=(t:1, i:18), leaderCommit=11, initializing? false, entries: <empty>
2019-09-11 07:15:41,401 [EventQueue-PipelineActionsForPipelineActionHandler] ERROR pipeline.PipelineActionHandler (PipelineActionHandler.java:onMessage(60)) - Received pipeline action CLOSE for Pipeline[ Id: 5af9484c-b11e-453f-b538-d3816a677cda, Nodes: cfc25efc-54ed-4d3e-b2b6-13ccffc6d6ca{ip: 192.168.5.143, host: pr-hdds-1786-trunk-klbfp-3319181915, networkLocation: /default-rack, certSerialId: null}92412348-7352-40be-aea2-771c347789e7{ip: 192.168.5.143, host: pr-hdds-1786-trunk-klbfp-3319181915, networkLocation: /default-rack, certSerialId: null}76c4c990-655f-4900-b966-affd0bc7639c{ip: 192.168.5.143, host: pr-hdds-1786-trunk-klbfp-3319181915, networkLocation: /default-rack, certSerialId: null}, Type:RATIS, Factor:THREE, State:CLOSED] from datanode cfc25efc-54ed-4d3e-b2b6-13ccffc6d6ca{ip: 192.168.5.143, host: pr-hdds-1786-trunk-klbfp-3319181915, networkLocation: /default-rack, certSerialId: null}. Reason : cfc25efc-54ed-4d3e-b2b6-13ccffc6d6ca has not seen follower/s 76c4c990-655f-4900-b966-affd0bc7639c for 175194ms 92412348-7352-40be-aea2-771c347789e7 for 175167ms
2019-09-11 07:15:41,401 [EventQueue-PipelineActionsForPipelineActionHandler] INFO  pipeline.SCMPipelineManager (SCMPipelineManager.java:finalizeAndDestroyPipeline(311)) - destroying pipeline:Pipeline[ Id: 5af9484c-b11e-453f-b538-d3816a677cda, Nodes: cfc25efc-54ed-4d3e-b2b6-13ccffc6d6ca{ip: 192.168.5.143, host: pr-hdds-1786-trunk-klbfp-3319181915, networkLocation: /default-rack, certSerialId: null}92412348-7352-40be-aea2-771c347789e7{ip: 192.168.5.143, host: pr-hdds-1786-trunk-klbfp-3319181915, networkLocation: /default-rack, certSerialId: null}76c4c990-655f-4900-b966-affd0bc7639c{ip: 192.168.5.143, host: pr-hdds-1786-trunk-klbfp-3319181915, networkLocation: /default-rack, certSerialId: null}, Type:RATIS, Factor:THREE, State:CLOSED]
2019-09-11 07:15:42,919 [org.apache.ratis.server.impl.LogAppender$AppenderDaemon$$Lambda$492/690755232@39c71484] ERROR ratis.XceiverServerRatis (XceiverServerRatis.java:triggerPipelineClose(575)) - pipeline Action CLOSE  on pipeline PipelineID=5af9484c-b11e-453f-b538-d3816a677cda.Reason : cfc25efc-54ed-4d3e-b2b6-13ccffc6d6ca has not seen follower/s 76c4c990-655f-4900-b966-affd0bc7639c for 177695ms 92412348-7352-40be-aea2-771c347789e7 for 177668ms
2019-09-11 07:15:42,924 [org.apache.ratis.server.impl.LogAppender$AppenderDaemon$$Lambda$492/690755232@2013600a] ERROR ratis.XceiverServerRatis (XceiverServerRatis.java:triggerPipelineClose(575)) - pipeline Action CLOSE  on pipeline PipelineID=5af9484c-b11e-453f-b538-d3816a677cda.Reason : cfc25efc-54ed-4d3e-b2b6-13ccffc6d6ca has not seen follower/s 76c4c990-655f-4900-b966-affd0bc7639c for 177699ms 92412348-7352-40be-aea2-771c347789e7 for 177672ms
2019-09-11 07:15:42,936 [grpc-default-executor-1] INFO  client.GrpcClientProtocolClient (GrpcClientProtocolClient.java:onNext(264)) - client-65AAF9F256C4->92412348-7352-40be-aea2-771c347789e7: receive RaftClientReply:client-65AAF9F256C4->92412348-7352-40be-aea2-771c347789e7@group-D3816A677CDA, cid=143, FAILED org.apache.ratis.protocol.NotLeaderException: Server 92412348-7352-40be-aea2-771c347789e7@group-D3816A677CDA is not the leader cfc25efc-54ed-4d3e-b2b6-13ccffc6d6ca:192.168.5.143:42744, logIndex=0, commits[92412348-7352-40be-aea2-771c347789e7:c11, 76c4c990-655f-4900-b966-affd0bc7639c:c7, cfc25efc-54ed-4d3e-b2b6-13ccffc6d6ca:c11]
2019-09-11 07:15:43,401 [EventQueue-PipelineActionsForPipelineActionHandler] ERROR pipeline.PipelineActionHandler (PipelineActionHandler.java:onMessage(60)) - Received pipeline action CLOSE for Pipeline[ Id: 5af9484c-b11e-453f-b538-d3816a677cda, Nodes: cfc25efc-54ed-4d3e-b2b6-13ccffc6d6ca{ip: 192.168.5.143, host: pr-hdds-1786-trunk-klbfp-3319181915, networkLocation: /default-rack, certSerialId: null}92412348-7352-40be-aea2-771c347789e7{ip: 192.168.5.143, host: pr-hdds-1786-trunk-klbfp-3319181915, networkLocation: /default-rack, certSerialId: null}76c4c990-655f-4900-b966-affd0bc7639c{ip: 192.168.5.143, host: pr-hdds-1786-trunk-klbfp-3319181915, networkLocation: /default-rack, certSerialId: null}, Type:RATIS, Factor:THREE, State:CLOSED] from datanode cfc25efc-54ed-4d3e-b2b6-13ccffc6d6ca{ip: 192.168.5.143, host: pr-hdds-1786-trunk-klbfp-3319181915, networkLocation: /default-rack, certSerialId: null}. Reason : cfc25efc-54ed-4d3e-b2b6-13ccffc6d6ca has not seen follower/s 76c4c990-655f-4900-b966-affd0bc7639c for 177695ms 92412348-7352-40be-aea2-771c347789e7 for 177668ms
2019-09-11 07:15:43,402 [EventQueue-PipelineActionsForPipelineActionHandler] INFO  pipeline.SCMPipelineManager (SCMPipelineManager.java:finalizeAndDestroyPipeline(311)) - destroying pipeline:Pipeline[ Id: 5af9484c-b11e-453f-b538-d3816a677cda, Nodes: cfc25efc-54ed-4d3e-b2b6-13ccffc6d6ca{ip: 192.168.5.143, host: pr-hdds-1786-trunk-klbfp-3319181915, networkLocation: /default-rack, certSerialId: null}92412348-7352-40be-aea2-771c347789e7{ip: 192.168.5.143, host: pr-hdds-1786-trunk-klbfp-3319181915, networkLocation: /default-rack, certSerialId: null}76c4c990-655f-4900-b966-affd0bc7639c{ip: 192.168.5.143, host: pr-hdds-1786-trunk-klbfp-3319181915, networkLocation: /default-rack, certSerialId: null}, Type:RATIS, Factor:THREE, State:CLOSED]
2019-09-11 07:15:43,418 [java.util.concurrent.ThreadPoolExecutor$Worker@66a2441c[State = -1, empty queue]] WARN  server.GrpcLogAppender (GrpcLogAppender.java:timeoutAppendRequest(200)) - cfc25efc-54ed-4d3e-b2b6-13ccffc6d6ca@group-D3816A677CDA->76c4c990-655f-4900-b966-affd0bc7639c-GrpcLogAppender: appendEntries Timeout, request=cfc25efc-54ed-4d3e-b2b6-13ccffc6d6ca->76c4c990-655f-4900-b966-affd0bc7639c#160-t1, previous=(t:1, i:18), leaderCommit=11, initializing? false, entries: <empty>
2019-09-11 07:15:43,419 [java.util.concurrent.ThreadPoolExecutor$Worker@41115d6f[State = -1, empty queue]] WARN  server.GrpcLogAppender (GrpcLogAppender.java:timeoutAppendRequest(200)) - cfc25efc-54ed-4d3e-b2b6-13ccffc6d6ca@group-D3816A677CDA->92412348-7352-40be-aea2-771c347789e7-GrpcLogAppender: appendEntries Timeout, request=cfc25efc-54ed-4d3e-b2b6-13ccffc6d6ca->92412348-7352-40be-aea2-771c347789e7#160-t1, previous=(t:1, i:18), leaderCommit=11, initializing? false, entries: <empty>
2019-09-11 07:15:45,421 [org.apache.ratis.server.impl.LogAppender$AppenderDaemon$$Lambda$492/690755232@39c71484] ERROR ratis.XceiverServerRatis (XceiverServerRatis.java:triggerPipelineClose(575)) - pipeline Action CLOSE  on pipeline PipelineID=5af9484c-b11e-453f-b538-d3816a677cda.Reason : cfc25efc-54ed-4d3e-b2b6-13ccffc6d6ca has not seen follower/s 76c4c990-655f-4900-b966-affd0bc7639c for 180197ms 92412348-7352-40be-aea2-771c347789e7 for 180169ms
2019-09-11 07:15:45,424 [org.apache.ratis.server.impl.LogAppender$AppenderDaemon$$Lambda$492/690755232@2013600a] ERROR ratis.XceiverServerRatis (XceiverServerRatis.java:triggerPipelineClose(575)) - pipeline Action CLOSE  on pipeline PipelineID=5af9484c-b11e-453f-b538-d3816a677cda.Reason : cfc25efc-54ed-4d3e-b2b6-13ccffc6d6ca has not seen follower/s 76c4c990-655f-4900-b966-affd0bc7639c for 180200ms 92412348-7352-40be-aea2-771c347789e7 for 180173ms
2019-09-11 07:15:45,919 [java.util.concurrent.ThreadPoolExecutor$Worker@66a2441c[State = -1, empty queue]] WARN  server.GrpcLogAppender (GrpcLogAppender.java:timeoutAppendRequest(200)) - cfc25efc-54ed-4d3e-b2b6-13ccffc6d6ca@group-D3816A677CDA->76c4c990-655f-4900-b966-affd0bc7639c-GrpcLogAppender: appendEntries Timeout, request=cfc25efc-54ed-4d3e-b2b6-13ccffc6d6ca->76c4c990-655f-4900-b966-affd0bc7639c#161-t1, previous=(t:1, i:18), leaderCommit=11, initializing? false, entries: <empty>
2019-09-11 07:15:45,924 [java.util.concurrent.ThreadPoolExecutor$Worker@41115d6f[State = -1, empty queue]] WARN  server.GrpcLogAppender (GrpcLogAppender.java:timeoutAppendRequest(200)) - cfc25efc-54ed-4d3e-b2b6-13ccffc6d6ca@group-D3816A677CDA->92412348-7352-40be-aea2-771c347789e7-GrpcLogAppender: appendEntries Timeout, request=cfc25efc-54ed-4d3e-b2b6-13ccffc6d6ca->92412348-7352-40be-aea2-771c347789e7#161-t1, previous=(t:1, i:18), leaderCommit=11, initializing? false, entries: <empty>
2019-09-11 07:15:46,236 [cfc25efc-54ed-4d3e-b2b6-13ccffc6d6ca@group-D3816A677CDA-SegmentedRaftLogWorker] WARN  segmented.SegmentedRaftLogWorker (SegmentedRaftLogWorker.java:getFromFuture(90)) - Timeout 17/~
org.apache.ratis.protocol.TimeoutIOException: Timeout 10s: WriteLog:12: (t:1, i:12), STATEMACHINELOGENTRY, client-65AAF9F256C4, cid=143-writeStateMachineData
	at org.apache.ratis.util.IOUtils.getFromFuture(IOUtils.java:87)
	at org.apache.ratis.server.raftlog.segmented.SegmentedRaftLogWorker$StateMachineDataPolicy.getFromFuture(SegmentedRaftLogWorker.java:87)
	at org.apache.ratis.server.raftlog.segmented.SegmentedRaftLogWorker$WriteLog.execute(SegmentedRaftLogWorker.java:477)
	at org.apache.ratis.server.raftlog.segmented.SegmentedRaftLogWorker.run(SegmentedRaftLogWorker.java:289)
	at java.lang.Thread.run(Thread.java:748)
Caused by: java.util.concurrent.TimeoutException
	at java.util.concurrent.CompletableFuture.timedGet(CompletableFuture.java:1771)
	at java.util.concurrent.CompletableFuture.get(CompletableFuture.java:1915)
	at org.apache.ratis.util.IOUtils.getFromFuture(IOUtils.java:79)
	... 4 more
2019-09-11 07:15:46,278 [76c4c990-655f-4900-b966-affd0bc7639c@group-D3816A677CDA-SegmentedRaftLogWorker] WARN  segmented.SegmentedRaftLogWorker (SegmentedRaftLogWorker.java:getFromFuture(90)) - Timeout 17/~
org.apache.ratis.protocol.TimeoutIOException: Timeout 10s: WriteLog:12: (t:1, i:12), STATEMACHINELOGENTRY, client-65AAF9F256C4, cid=143-writeStateMachineData
	at org.apache.ratis.util.IOUtils.getFromFuture(IOUtils.java:87)
	at org.apache.ratis.server.raftlog.segmented.SegmentedRaftLogWorker$StateMachineDataPolicy.getFromFuture(SegmentedRaftLogWorker.java:87)
	at org.apache.ratis.server.raftlog.segmented.SegmentedRaftLogWorker$WriteLog.execute(SegmentedRaftLogWorker.java:477)
	at org.apache.ratis.server.raftlog.segmented.SegmentedRaftLogWorker.run(SegmentedRaftLogWorker.java:289)
	at java.lang.Thread.run(Thread.java:748)
Caused by: java.util.concurrent.TimeoutException
	at java.util.concurrent.CompletableFuture.timedGet(CompletableFuture.java:1771)
	at java.util.concurrent.CompletableFuture.get(CompletableFuture.java:1915)
	at org.apache.ratis.util.IOUtils.getFromFuture(IOUtils.java:79)
	... 4 more
2019-09-11 07:15:46,278 [92412348-7352-40be-aea2-771c347789e7@group-D3816A677CDA-SegmentedRaftLogWorker] WARN  segmented.SegmentedRaftLogWorker (SegmentedRaftLogWorker.java:getFromFuture(90)) - Timeout 17/~
org.apache.ratis.protocol.TimeoutIOException: Timeout 10s: WriteLog:12: (t:1, i:12), STATEMACHINELOGENTRY, client-65AAF9F256C4, cid=143-writeStateMachineData
	at org.apache.ratis.util.IOUtils.getFromFuture(IOUtils.java:87)
	at org.apache.ratis.server.raftlog.segmented.SegmentedRaftLogWorker$StateMachineDataPolicy.getFromFuture(SegmentedRaftLogWorker.java:87)
	at org.apache.ratis.server.raftlog.segmented.SegmentedRaftLogWorker$WriteLog.execute(SegmentedRaftLogWorker.java:477)
	at org.apache.ratis.server.raftlog.segmented.SegmentedRaftLogWorker.run(SegmentedRaftLogWorker.java:289)
	at java.lang.Thread.run(Thread.java:748)
Caused by: java.util.concurrent.TimeoutException
	at java.util.concurrent.CompletableFuture.timedGet(CompletableFuture.java:1771)
	at java.util.concurrent.CompletableFuture.get(CompletableFuture.java:1915)
	at org.apache.ratis.util.IOUtils.getFromFuture(IOUtils.java:79)
	... 4 more
2019-09-11 07:15:46,402 [EventQueue-PipelineActionsForPipelineActionHandler] ERROR pipeline.PipelineActionHandler (PipelineActionHandler.java:onMessage(60)) - Received pipeline action CLOSE for Pipeline[ Id: 5af9484c-b11e-453f-b538-d3816a677cda, Nodes: cfc25efc-54ed-4d3e-b2b6-13ccffc6d6ca{ip: 192.168.5.143, host: pr-hdds-1786-trunk-klbfp-3319181915, networkLocation: /default-rack, certSerialId: null}92412348-7352-40be-aea2-771c347789e7{ip: 192.168.5.143, host: pr-hdds-1786-trunk-klbfp-3319181915, networkLocation: /default-rack, certSerialId: null}76c4c990-655f-4900-b966-affd0bc7639c{ip: 192.168.5.143, host: pr-hdds-1786-trunk-klbfp-3319181915, networkLocation: /default-rack, certSerialId: null}, Type:RATIS, Factor:THREE, State:CLOSED] from datanode cfc25efc-54ed-4d3e-b2b6-13ccffc6d6ca{ip: 192.168.5.143, host: pr-hdds-1786-trunk-klbfp-3319181915, networkLocation: /default-rack, certSerialId: null}. Reason : cfc25efc-54ed-4d3e-b2b6-13ccffc6d6ca has not seen follower/s 76c4c990-655f-4900-b966-affd0bc7639c for 180197ms 92412348-7352-40be-aea2-771c347789e7 for 180169ms
2019-09-11 07:15:46,403 [EventQueue-PipelineActionsForPipelineActionHandler] INFO  pipeline.SCMPipelineManager (SCMPipelineManager.java:finalizeAndDestroyPipeline(311)) - destroying pipeline:Pipeline[ Id: 5af9484c-b11e-453f-b538-d3816a677cda, Nodes: cfc25efc-54ed-4d3e-b2b6-13ccffc6d6ca{ip: 192.168.5.143, host: pr-hdds-1786-trunk-klbfp-3319181915, networkLocation: /default-rack, certSerialId: null}92412348-7352-40be-aea2-771c347789e7{ip: 192.168.5.143, host: pr-hdds-1786-trunk-klbfp-3319181915, networkLocation: /default-rack, certSerialId: null}76c4c990-655f-4900-b966-affd0bc7639c{ip: 192.168.5.143, host: pr-hdds-1786-trunk-klbfp-3319181915, networkLocation: /default-rack, certSerialId: null}, Type:RATIS, Factor:THREE, State:CLOSED]
2019-09-11 07:15:47,922 [org.apache.ratis.server.impl.LogAppender$AppenderDaemon$$Lambda$492/690755232@39c71484] ERROR ratis.XceiverServerRatis (XceiverServerRatis.java:triggerPipelineClose(575)) - pipeline Action CLOSE  on pipeline PipelineID=5af9484c-b11e-453f-b538-d3816a677cda.Reason : cfc25efc-54ed-4d3e-b2b6-13ccffc6d6ca has not seen follower/s 76c4c990-655f-4900-b966-affd0bc7639c for 182698ms 92412348-7352-40be-aea2-771c347789e7 for 182670ms
2019-09-11 07:15:47,925 [org.apache.ratis.server.impl.LogAppender$AppenderDaemon$$Lambda$492/690755232@2013600a] ERROR ratis.XceiverServerRatis (XceiverServerRatis.java:triggerPipelineClose(575)) - pipeline Action CLOSE  on pipeline PipelineID=5af9484c-b11e-453f-b538-d3816a677cda.Reason : cfc25efc-54ed-4d3e-b2b6-13ccffc6d6ca has not seen follower/s 76c4c990-655f-4900-b966-affd0bc7639c for 182701ms 92412348-7352-40be-aea2-771c347789e7 for 182673ms
2019-09-11 07:15:47,985 [grpc-default-executor-1] INFO  client.GrpcClientProtocolClient (GrpcClientProtocolClient.java:onNext(264)) - client-65AAF9F256C4->76c4c990-655f-4900-b966-affd0bc7639c: receive RaftClientReply:client-65AAF9F256C4->76c4c990-655f-4900-b966-affd0bc7639c@group-D3816A677CDA, cid=143, FAILED org.apache.ratis.protocol.NotLeaderException: Server 76c4c990-655f-4900-b966-affd0bc7639c@group-D3816A677CDA is not the leader cfc25efc-54ed-4d3e-b2b6-13ccffc6d6ca:192.168.5.143:42744, logIndex=0, commits[76c4c990-655f-4900-b966-affd0bc7639c:c11, cfc25efc-54ed-4d3e-b2b6-13ccffc6d6ca:c11, 92412348-7352-40be-aea2-771c347789e7:c7]
2019-09-11 07:15:48,401 [EventQueue-PipelineActionsForPipelineActionHandler] ERROR pipeline.PipelineActionHandler (PipelineActionHandler.java:onMessage(60)) - Received pipeline action CLOSE for Pipeline[ Id: 5af9484c-b11e-453f-b538-d3816a677cda, Nodes: cfc25efc-54ed-4d3e-b2b6-13ccffc6d6ca{ip: 192.168.5.143, host: pr-hdds-1786-trunk-klbfp-3319181915, networkLocation: /default-rack, certSerialId: null}92412348-7352-40be-aea2-771c347789e7{ip: 192.168.5.143, host: pr-hdds-1786-trunk-klbfp-3319181915, networkLocation: /default-rack, certSerialId: null}76c4c990-655f-4900-b966-affd0bc7639c{ip: 192.168.5.143, host: pr-hdds-1786-trunk-klbfp-3319181915, networkLocation: /default-rack, certSerialId: null}, Type:RATIS, Factor:THREE, State:CLOSED] from datanode cfc25efc-54ed-4d3e-b2b6-13ccffc6d6ca{ip: 192.168.5.143, host: pr-hdds-1786-trunk-klbfp-3319181915, networkLocation: /default-rack, certSerialId: null}. Reason : cfc25efc-54ed-4d3e-b2b6-13ccffc6d6ca has not seen follower/s 76c4c990-655f-4900-b966-affd0bc7639c for 182698ms 92412348-7352-40be-aea2-771c347789e7 for 182670ms
2019-09-11 07:15:48,401 [EventQueue-PipelineActionsForPipelineActionHandler] INFO  pipeline.SCMPipelineManager (SCMPipelineManager.java:finalizeAndDestroyPipeline(311)) - destroying pipeline:Pipeline[ Id: 5af9484c-b11e-453f-b538-d3816a677cda, Nodes: cfc25efc-54ed-4d3e-b2b6-13ccffc6d6ca{ip: 192.168.5.143, host: pr-hdds-1786-trunk-klbfp-3319181915, networkLocation: /default-rack, certSerialId: null}92412348-7352-40be-aea2-771c347789e7{ip: 192.168.5.143, host: pr-hdds-1786-trunk-klbfp-3319181915, networkLocation: /default-rack, certSerialId: null}76c4c990-655f-4900-b966-affd0bc7639c{ip: 192.168.5.143, host: pr-hdds-1786-trunk-klbfp-3319181915, networkLocation: /default-rack, certSerialId: null}, Type:RATIS, Factor:THREE, State:CLOSED]
2019-09-11 07:15:48,421 [java.util.concurrent.ThreadPoolExecutor$Worker@66a2441c[State = -1, empty queue]] WARN  server.GrpcLogAppender (GrpcLogAppender.java:timeoutAppendRequest(200)) - cfc25efc-54ed-4d3e-b2b6-13ccffc6d6ca@group-D3816A677CDA->76c4c990-655f-4900-b966-affd0bc7639c-GrpcLogAppender: appendEntries Timeout, request=cfc25efc-54ed-4d3e-b2b6-13ccffc6d6ca->76c4c990-655f-4900-b966-affd0bc7639c#162-t1, previous=(t:1, i:18), leaderCommit=11, initializing? false, entries: <empty>
2019-09-11 07:15:48,424 [java.util.concurrent.ThreadPoolExecutor$Worker@41115d6f[State = -1, empty queue]] WARN  server.GrpcLogAppender (GrpcLogAppender.java:timeoutAppendRequest(200)) - cfc25efc-54ed-4d3e-b2b6-13ccffc6d6ca@group-D3816A677CDA->92412348-7352-40be-aea2-771c347789e7-GrpcLogAppender: appendEntries Timeout, request=cfc25efc-54ed-4d3e-b2b6-13ccffc6d6ca->92412348-7352-40be-aea2-771c347789e7#162-t1, previous=(t:1, i:18), leaderCommit=11, initializing? false, entries: <empty>
2019-09-11 07:15:50,425 [org.apache.ratis.server.impl.LogAppender$AppenderDaemon$$Lambda$492/690755232@39c71484] ERROR ratis.XceiverServerRatis (XceiverServerRatis.java:triggerPipelineClose(575)) - pipeline Action CLOSE  on pipeline PipelineID=5af9484c-b11e-453f-b538-d3816a677cda.Reason : cfc25efc-54ed-4d3e-b2b6-13ccffc6d6ca has not seen follower/s 76c4c990-655f-4900-b966-affd0bc7639c for 185200ms 92412348-7352-40be-aea2-771c347789e7 for 185173ms
2019-09-11 07:15:50,426 [org.apache.ratis.server.impl.LogAppender$AppenderDaemon$$Lambda$492/690755232@2013600a] ERROR ratis.XceiverServerRatis (XceiverServerRatis.java:triggerPipelineClose(575)) - pipeline Action CLOSE  on pipeline PipelineID=5af9484c-b11e-453f-b538-d3816a677cda.Reason : cfc25efc-54ed-4d3e-b2b6-13ccffc6d6ca has not seen follower/s 76c4c990-655f-4900-b966-affd0bc7639c for 185201ms 92412348-7352-40be-aea2-771c347789e7 for 185174ms
2019-09-11 07:15:50,922 [java.util.concurrent.ThreadPoolExecutor$Worker@66a2441c[State = -1, empty queue]] WARN  server.GrpcLogAppender (GrpcLogAppender.java:timeoutAppendRequest(200)) - cfc25efc-54ed-4d3e-b2b6-13ccffc6d6ca@group-D3816A677CDA->76c4c990-655f-4900-b966-affd0bc7639c-GrpcLogAppender: appendEntries Timeout, request=cfc25efc-54ed-4d3e-b2b6-13ccffc6d6ca->76c4c990-655f-4900-b966-affd0bc7639c#163-t1, previous=(t:1, i:18), leaderCommit=11, initializing? false, entries: <empty>
2019-09-11 07:15:50,925 [java.util.concurrent.ThreadPoolExecutor$Worker@41115d6f[State = -1, empty queue]] WARN  server.GrpcLogAppender (GrpcLogAppender.java:timeoutAppendRequest(200)) - cfc25efc-54ed-4d3e-b2b6-13ccffc6d6ca@group-D3816A677CDA->92412348-7352-40be-aea2-771c347789e7-GrpcLogAppender: appendEntries Timeout, request=cfc25efc-54ed-4d3e-b2b6-13ccffc6d6ca->92412348-7352-40be-aea2-771c347789e7#163-t1, previous=(t:1, i:18), leaderCommit=11, initializing? false, entries: <empty>
2019-09-11 07:15:51,402 [EventQueue-PipelineActionsForPipelineActionHandler] ERROR pipeline.PipelineActionHandler (PipelineActionHandler.java:onMessage(60)) - Received pipeline action CLOSE for Pipeline[ Id: 5af9484c-b11e-453f-b538-d3816a677cda, Nodes: cfc25efc-54ed-4d3e-b2b6-13ccffc6d6ca{ip: 192.168.5.143, host: pr-hdds-1786-trunk-klbfp-3319181915, networkLocation: /default-rack, certSerialId: null}92412348-7352-40be-aea2-771c347789e7{ip: 192.168.5.143, host: pr-hdds-1786-trunk-klbfp-3319181915, networkLocation: /default-rack, certSerialId: null}76c4c990-655f-4900-b966-affd0bc7639c{ip: 192.168.5.143, host: pr-hdds-1786-trunk-klbfp-3319181915, networkLocation: /default-rack, certSerialId: null}, Type:RATIS, Factor:THREE, State:CLOSED] from datanode cfc25efc-54ed-4d3e-b2b6-13ccffc6d6ca{ip: 192.168.5.143, host: pr-hdds-1786-trunk-klbfp-3319181915, networkLocation: /default-rack, certSerialId: null}. Reason : cfc25efc-54ed-4d3e-b2b6-13ccffc6d6ca has not seen follower/s 76c4c990-655f-4900-b966-affd0bc7639c for 185200ms 92412348-7352-40be-aea2-771c347789e7 for 185173ms
2019-09-11 07:15:51,403 [EventQueue-PipelineActionsForPipelineActionHandler] INFO  pipeline.SCMPipelineManager (SCMPipelineManager.java:finalizeAndDestroyPipeline(311)) - destroying pipeline:Pipeline[ Id: 5af9484c-b11e-453f-b538-d3816a677cda, Nodes: cfc25efc-54ed-4d3e-b2b6-13ccffc6d6ca{ip: 192.168.5.143, host: pr-hdds-1786-trunk-klbfp-3319181915, networkLocation: /default-rack, certSerialId: null}92412348-7352-40be-aea2-771c347789e7{ip: 192.168.5.143, host: pr-hdds-1786-trunk-klbfp-3319181915, networkLocation: /default-rack, certSerialId: null}76c4c990-655f-4900-b966-affd0bc7639c{ip: 192.168.5.143, host: pr-hdds-1786-trunk-klbfp-3319181915, networkLocation: /default-rack, certSerialId: null}, Type:RATIS, Factor:THREE, State:CLOSED]
2019-09-11 07:15:52,925 [org.apache.ratis.server.impl.LogAppender$AppenderDaemon$$Lambda$492/690755232@39c71484] ERROR ratis.XceiverServerRatis (XceiverServerRatis.java:triggerPipelineClose(575)) - pipeline Action CLOSE  on pipeline PipelineID=5af9484c-b11e-453f-b538-d3816a677cda.Reason : cfc25efc-54ed-4d3e-b2b6-13ccffc6d6ca has not seen follower/s 76c4c990-655f-4900-b966-affd0bc7639c for 187701ms 92412348-7352-40be-aea2-771c347789e7 for 187674ms
2019-09-11 07:15:52,926 [org.apache.ratis.server.impl.LogAppender$AppenderDaemon$$Lambda$492/690755232@2013600a] ERROR ratis.XceiverServerRatis (XceiverServerRatis.java:triggerPipelineClose(575)) - pipeline Action CLOSE  on pipeline PipelineID=5af9484c-b11e-453f-b538-d3816a677cda.Reason : cfc25efc-54ed-4d3e-b2b6-13ccffc6d6ca has not seen follower/s 76c4c990-655f-4900-b966-affd0bc7639c for 187702ms 92412348-7352-40be-aea2-771c347789e7 for 187675ms
2019-09-11 07:15:53,024 [grpc-default-executor-8] INFO  client.GrpcClientProtocolClient (GrpcClientProtocolClient.java:onNext(264)) - client-65AAF9F256C4->92412348-7352-40be-aea2-771c347789e7: receive RaftClientReply:client-65AAF9F256C4->92412348-7352-40be-aea2-771c347789e7@group-D3816A677CDA, cid=143, FAILED org.apache.ratis.protocol.NotLeaderException: Server 92412348-7352-40be-aea2-771c347789e7@group-D3816A677CDA is not the leader cfc25efc-54ed-4d3e-b2b6-13ccffc6d6ca:192.168.5.143:42744, logIndex=0, commits[92412348-7352-40be-aea2-771c347789e7:c11, 76c4c990-655f-4900-b966-affd0bc7639c:c7, cfc25efc-54ed-4d3e-b2b6-13ccffc6d6ca:c11]
2019-09-11 07:15:53,377 [grpc-default-executor-8] INFO  impl.RaftServerProxy (RaftServerProxy.java:remove(95)) - cfc25efc-54ed-4d3e-b2b6-13ccffc6d6ca: remove    LEADER cfc25efc-54ed-4d3e-b2b6-13ccffc6d6ca@group-D3816A677CDA:t1, leader=cfc25efc-54ed-4d3e-b2b6-13ccffc6d6ca, voted=cfc25efc-54ed-4d3e-b2b6-13ccffc6d6ca, raftlog=cfc25efc-54ed-4d3e-b2b6-13ccffc6d6ca@group-D3816A677CDA-SegmentedRaftLog:OPENED:c11,f11,i18, conf=0: [76c4c990-655f-4900-b966-affd0bc7639c:192.168.5.143:43176, cfc25efc-54ed-4d3e-b2b6-13ccffc6d6ca:192.168.5.143:42744, 92412348-7352-40be-aea2-771c347789e7:192.168.5.143:37352], old=null RUNNING
2019-09-11 07:15:53,378 [grpc-default-executor-8] INFO  impl.RaftServerImpl (RaftServerImpl.java:lambda$shutdown$3(251)) - cfc25efc-54ed-4d3e-b2b6-13ccffc6d6ca@group-D3816A677CDA: shutdown
2019-09-11 07:15:53,379 [grpc-default-executor-8] INFO  util.JmxRegister (JmxRegister.java:unregister(73)) - Successfully un-registered JMX Bean with object name Ratis:service=RaftServer,group=group-D3816A677CDA,id=cfc25efc-54ed-4d3e-b2b6-13ccffc6d6ca
2019-09-11 07:15:53,379 [grpc-default-executor-8] INFO  impl.RoleInfo (RoleInfo.java:shutdownLeaderState(104)) - cfc25efc-54ed-4d3e-b2b6-13ccffc6d6ca: shutdown LeaderState
2019-09-11 07:15:53,384 [grpc-default-executor-8] INFO  impl.PendingRequests (PendingRequests.java:sendNotLeaderResponses(202)) - cfc25efc-54ed-4d3e-b2b6-13ccffc6d6ca-PendingRequests: sendNotLeaderResponses
2019-09-11 07:15:53,385 [org.apache.ratis.server.impl.LogAppender$AppenderDaemon$$Lambda$492/690755232@39c71484] WARN  server.GrpcLogAppender (GrpcLogAppender.java:mayWait(143)) - cfc25efc-54ed-4d3e-b2b6-13ccffc6d6ca@group-D3816A677CDA->76c4c990-655f-4900-b966-affd0bc7639c-GrpcLogAppender: Wait interrupted by java.lang.InterruptedException
2019-09-11 07:15:53,385 [org.apache.ratis.server.impl.LogAppender$AppenderDaemon$$Lambda$492/690755232@2013600a] WARN  server.GrpcLogAppender (GrpcLogAppender.java:mayWait(143)) - cfc25efc-54ed-4d3e-b2b6-13ccffc6d6ca@group-D3816A677CDA->92412348-7352-40be-aea2-771c347789e7-GrpcLogAppender: Wait interrupted by java.lang.InterruptedException
2019-09-11 07:15:53,386 [grpc-default-executor-1] INFO  server.GrpcServerProtocolService (GrpcServerProtocolService.java:onCompleted(113)) - 76c4c990-655f-4900-b966-affd0bc7639c: Completed APPEND_ENTRIES, lastRequest: cfc25efc-54ed-4d3e-b2b6-13ccffc6d6ca->76c4c990-655f-4900-b966-affd0bc7639c#165-t1, previous=(t:1, i:18), leaderCommit=11, initializing? false, entries: <empty>
2019-09-11 07:15:53,386 [grpc-default-executor-6] INFO  server.GrpcServerProtocolService (GrpcServerProtocolService.java:onCompleted(113)) - 92412348-7352-40be-aea2-771c347789e7: Completed APPEND_ENTRIES, lastRequest: cfc25efc-54ed-4d3e-b2b6-13ccffc6d6ca->92412348-7352-40be-aea2-771c347789e7#165-t1, previous=(t:1, i:18), leaderCommit=11, initializing? false, entries: <empty>
2019-09-11 07:15:53,386 [grpc-default-executor-1] INFO  server.GrpcLogAppender (GrpcLogAppender.java:onCompleted(293)) - cfc25efc-54ed-4d3e-b2b6-13ccffc6d6ca@group-D3816A677CDA->92412348-7352-40be-aea2-771c347789e7-AppendLogResponseHandler: follower responses appendEntries COMPLETED
2019-09-11 07:15:53,386 [grpc-default-executor-6] INFO  server.GrpcLogAppender (GrpcLogAppender.java:onCompleted(293)) - cfc25efc-54ed-4d3e-b2b6-13ccffc6d6ca@group-D3816A677CDA->76c4c990-655f-4900-b966-affd0bc7639c-AppendLogResponseHandler: follower responses appendEntries COMPLETED
2019-09-11 07:15:53,392 [grpc-default-executor-1] INFO  impl.FollowerInfo (FollowerInfo.java:lambda$new$0(51)) - cfc25efc-54ed-4d3e-b2b6-13ccffc6d6ca@group-D3816A677CDA->92412348-7352-40be-aea2-771c347789e7: nextIndex: updateUnconditionally 19 -> 12
2019-09-11 07:15:53,397 [grpc-default-executor-8] INFO  impl.StateMachineUpdater (StateMachineUpdater.java:stopAndJoin(125)) - cfc25efc-54ed-4d3e-b2b6-13ccffc6d6ca@group-D3816A677CDA-StateMachineUpdater: set stopIndex = 11
2019-09-11 07:15:53,392 [grpc-default-executor-6] INFO  impl.FollowerInfo (FollowerInfo.java:lambda$new$0(51)) - cfc25efc-54ed-4d3e-b2b6-13ccffc6d6ca@group-D3816A677CDA->76c4c990-655f-4900-b966-affd0bc7639c: nextIndex: updateUnconditionally 19 -> 12
2019-09-11 07:15:53,398 [cfc25efc-54ed-4d3e-b2b6-13ccffc6d6ca@group-D3816A677CDA-StateMachineUpdater] INFO  ratis.ContainerStateMachine (ContainerStateMachine.java:takeSnapshot(289)) - group-D3816A677CDA: Taking a snapshot at:(t:1, i:11) file /workdir/hadoop-ozone/integration-test/target/test-dir/MiniOzoneClusterImpl-b235dd93-a3eb-497e-8479-f8d4900b0fc5/datanode-0/data/ratis/5af9484c-b11e-453f-b538-d3816a677cda/sm/snapshot.1_11
2019-09-11 07:15:53,410 [EventQueue-PipelineActionsForPipelineActionHandler] ERROR pipeline.PipelineActionHandler (PipelineActionHandler.java:onMessage(60)) - Received pipeline action CLOSE for Pipeline[ Id: 5af9484c-b11e-453f-b538-d3816a677cda, Nodes: cfc25efc-54ed-4d3e-b2b6-13ccffc6d6ca{ip: 192.168.5.143, host: pr-hdds-1786-trunk-klbfp-3319181915, networkLocation: /default-rack, certSerialId: null}92412348-7352-40be-aea2-771c347789e7{ip: 192.168.5.143, host: pr-hdds-1786-trunk-klbfp-3319181915, networkLocation: /default-rack, certSerialId: null}76c4c990-655f-4900-b966-affd0bc7639c{ip: 192.168.5.143, host: pr-hdds-1786-trunk-klbfp-3319181915, networkLocation: /default-rack, certSerialId: null}, Type:RATIS, Factor:THREE, State:CLOSED] from datanode cfc25efc-54ed-4d3e-b2b6-13ccffc6d6ca{ip: 192.168.5.143, host: pr-hdds-1786-trunk-klbfp-3319181915, networkLocation: /default-rack, certSerialId: null}. Reason : cfc25efc-54ed-4d3e-b2b6-13ccffc6d6ca has not seen follower/s 76c4c990-655f-4900-b966-affd0bc7639c for 187701ms 92412348-7352-40be-aea2-771c347789e7 for 187674ms
2019-09-11 07:15:53,411 [EventQueue-PipelineActionsForPipelineActionHandler] INFO  pipeline.SCMPipelineManager (SCMPipelineManager.java:finalizeAndDestroyPipeline(311)) - destroying pipeline:Pipeline[ Id: 5af9484c-b11e-453f-b538-d3816a677cda, Nodes: cfc25efc-54ed-4d3e-b2b6-13ccffc6d6ca{ip: 192.168.5.143, host: pr-hdds-1786-trunk-klbfp-3319181915, networkLocation: /default-rack, certSerialId: null}92412348-7352-40be-aea2-771c347789e7{ip: 192.168.5.143, host: pr-hdds-1786-trunk-klbfp-3319181915, networkLocation: /default-rack, certSerialId: null}76c4c990-655f-4900-b966-affd0bc7639c{ip: 192.168.5.143, host: pr-hdds-1786-trunk-klbfp-3319181915, networkLocation: /default-rack, certSerialId: null}, Type:RATIS, Factor:THREE, State:CLOSED]
2019-09-11 07:15:53,456 [cfc25efc-54ed-4d3e-b2b6-13ccffc6d6ca@group-D3816A677CDA-StateMachineUpdater] INFO  ratis.ContainerStateMachine (ContainerStateMachine.java:takeSnapshot(300)) - group-D3816A677CDA: Finished taking a snapshot at:(t:1, i:11) file:/workdir/hadoop-ozone/integration-test/target/test-dir/MiniOzoneClusterImpl-b235dd93-a3eb-497e-8479-f8d4900b0fc5/datanode-0/data/ratis/5af9484c-b11e-453f-b538-d3816a677cda/sm/snapshot.1_11 time:59
2019-09-11 07:15:53,456 [cfc25efc-54ed-4d3e-b2b6-13ccffc6d6ca@group-D3816A677CDA-StateMachineUpdater] INFO  impl.StateMachineUpdater (StateMachineUpdater.java:takeSnapshot(258)) - cfc25efc-54ed-4d3e-b2b6-13ccffc6d6ca@group-D3816A677CDA-StateMachineUpdater: Took a snapshot at index 11
2019-09-11 07:15:53,456 [cfc25efc-54ed-4d3e-b2b6-13ccffc6d6ca@group-D3816A677CDA-StateMachineUpdater] INFO  impl.StateMachineUpdater (StateMachineUpdater.java:lambda$new$0(83)) - cfc25efc-54ed-4d3e-b2b6-13ccffc6d6ca@group-D3816A677CDA-StateMachineUpdater: snapshotIndex: updateIncreasingly -1 -> 11
2019-09-11 07:15:53,457 [Command processor thread] ERROR commandhandler.CloseContainerCommandHandler (CloseContainerCommandHandler.java:handle(125)) - Can't close container #8
java.io.IOException: org.apache.ratis.protocol.GroupMismatchException: cfc25efc-54ed-4d3e-b2b6-13ccffc6d6ca: group-D3816A677CDA not found.
	at org.apache.hadoop.ozone.container.common.transport.server.ratis.XceiverServerRatis.submitRequest(XceiverServerRatis.java:502)
	at org.apache.hadoop.ozone.container.common.statemachine.commandhandler.CloseContainerCommandHandler.handle(CloseContainerCommandHandler.java:102)
	at org.apache.hadoop.ozone.container.common.statemachine.commandhandler.CommandDispatcher.handle(CommandDispatcher.java:99)
	at org.apache.hadoop.ozone.container.common.statemachine.DatanodeStateMachine.lambda$initCommandHandlerThread$1(DatanodeStateMachine.java:432)
	at java.lang.Thread.run(Thread.java:748)
Caused by: java.util.concurrent.ExecutionException: org.apache.ratis.protocol.GroupMismatchException: cfc25efc-54ed-4d3e-b2b6-13ccffc6d6ca: group-D3816A677CDA not found.
	at java.util.concurrent.CompletableFuture.reportGet(CompletableFuture.java:357)
	at java.util.concurrent.CompletableFuture.get(CompletableFuture.java:1895)
	at org.apache.hadoop.ozone.container.common.transport.server.ratis.XceiverServerRatis.submitRequest(XceiverServerRatis.java:500)
	... 4 more
Caused by: org.apache.ratis.protocol.GroupMismatchException: cfc25efc-54ed-4d3e-b2b6-13ccffc6d6ca: group-D3816A677CDA not found.
	at org.apache.ratis.server.impl.RaftServerProxy$ImplMap.get(RaftServerProxy.java:122)
	at org.apache.ratis.server.impl.RaftServerProxy.getImplFuture(RaftServerProxy.java:269)
	at org.apache.ratis.server.impl.RaftServerProxy.submitRequest(RaftServerProxy.java:327)
	at org.apache.ratis.server.impl.RaftServerProxy.submitClientRequestAsync(RaftServerProxy.java:333)
	... 5 more
2019-09-11 07:15:53,457 [grpc-default-executor-8] INFO  impl.RaftServerImpl (ServerState.java:close(385)) - cfc25efc-54ed-4d3e-b2b6-13ccffc6d6ca@group-D3816A677CDA: closes. applyIndex: 11
2019-09-11 07:15:53,459 [cfc25efc-54ed-4d3e-b2b6-13ccffc6d6ca@group-D3816A677CDA-SegmentedRaftLogWorker] ERROR ratis.XceiverServerRatis (XceiverServerRatis.java:triggerPipelineClose(575)) - pipeline Action CLOSE  on pipeline PipelineID=5af9484c-b11e-453f-b538-d3816a677cda.Reason : WriteLog:12: (t:1, i:12), STATEMACHINELOGENTRY, client-65AAF9F256C4, cid=143-writeStateMachineData interrupted.
2019-09-11 07:15:53,462 [grpc-default-executor-8] INFO  segmented.SegmentedRaftLogWorker (SegmentedRaftLogWorker.java:close(228)) - cfc25efc-54ed-4d3e-b2b6-13ccffc6d6ca@group-D3816A677CDA-SegmentedRaftLogWorker close()
2019-09-11 07:15:53,462 [EventQueue-PipelineActionsForPipelineActionHandler] ERROR pipeline.PipelineActionHandler (PipelineActionHandler.java:onMessage(60)) - Received pipeline action CLOSE for Pipeline[ Id: 5af9484c-b11e-453f-b538-d3816a677cda, Nodes: cfc25efc-54ed-4d3e-b2b6-13ccffc6d6ca{ip: 192.168.5.143, host: pr-hdds-1786-trunk-klbfp-3319181915, networkLocation: /default-rack, certSerialId: null}92412348-7352-40be-aea2-771c347789e7{ip: 192.168.5.143, host: pr-hdds-1786-trunk-klbfp-3319181915, networkLocation: /default-rack, certSerialId: null}76c4c990-655f-4900-b966-affd0bc7639c{ip: 192.168.5.143, host: pr-hdds-1786-trunk-klbfp-3319181915, networkLocation: /default-rack, certSerialId: null}, Type:RATIS, Factor:THREE, State:CLOSED] from datanode cfc25efc-54ed-4d3e-b2b6-13ccffc6d6ca{ip: 192.168.5.143, host: pr-hdds-1786-trunk-klbfp-3319181915, networkLocation: /default-rack, certSerialId: null}. Reason : WriteLog:12: (t:1, i:12), STATEMACHINELOGENTRY, client-65AAF9F256C4, cid=143-writeStateMachineData interrupted.
2019-09-11 07:15:53,467 [EventQueue-PipelineActionsForPipelineActionHandler] INFO  pipeline.SCMPipelineManager (SCMPipelineManager.java:finalizeAndDestroyPipeline(311)) - destroying pipeline:Pipeline[ Id: 5af9484c-b11e-453f-b538-d3816a677cda, Nodes: cfc25efc-54ed-4d3e-b2b6-13ccffc6d6ca{ip: 192.168.5.143, host: pr-hdds-1786-trunk-klbfp-3319181915, networkLocation: /default-rack, certSerialId: null}92412348-7352-40be-aea2-771c347789e7{ip: 192.168.5.143, host: pr-hdds-1786-trunk-klbfp-3319181915, networkLocation: /default-rack, certSerialId: null}76c4c990-655f-4900-b966-affd0bc7639c{ip: 192.168.5.143, host: pr-hdds-1786-trunk-klbfp-3319181915, networkLocation: /default-rack, certSerialId: null}, Type:RATIS, Factor:THREE, State:CLOSED]
2019-09-11 07:15:53,480 [grpc-default-executor-8] INFO  interfaces.Container (KeyValueContainer.java:flushAndSyncDB(386)) - Container 6 is synced with bcsId 7.
2019-09-11 07:15:53,481 [grpc-default-executor-8] INFO  interfaces.Container (KeyValueContainer.java:flushAndSyncDB(386)) - Container 6 is synced with bcsId 7.
2019-09-11 07:15:53,495 [EventQueue-IncrementalContainerReportForIncrementalContainerReportHandler] INFO  container.IncrementalContainerReportHandler (AbstractContainerReportHandler.java:updateContainerState(169)) - Moving container #6 to QUASI_CLOSED state, datanode cfc25efc-54ed-4d3e-b2b6-13ccffc6d6ca{ip: 192.168.5.143, host: pr-hdds-1786-trunk-klbfp-3319181915, networkLocation: /default-rack, certSerialId: null} reported QUASI_CLOSED replica.
2019-09-11 07:15:53,640 [grpc-default-executor-8] INFO  interfaces.Container (KeyValueContainer.java:flushAndSyncDB(386)) - Container 8 is synced with bcsId 0.
2019-09-11 07:15:53,640 [grpc-default-executor-8] INFO  interfaces.Container (KeyValueContainer.java:flushAndSyncDB(386)) - Container 8 is synced with bcsId 0.
2019-09-11 07:15:53,667 [EventQueue-IncrementalContainerReportForIncrementalContainerReportHandler] INFO  container.IncrementalContainerReportHandler (AbstractContainerReportHandler.java:updateContainerState(169)) - Moving container #8 to QUASI_CLOSED state, datanode cfc25efc-54ed-4d3e-b2b6-13ccffc6d6ca{ip: 192.168.5.143, host: pr-hdds-1786-trunk-klbfp-3319181915, networkLocation: /default-rack, certSerialId: null} reported QUASI_CLOSED replica.
2019-09-11 07:15:53,671 [grpc-default-executor-8] INFO  impl.RaftServerProxy (RaftServerProxy.java:remove(95)) - 92412348-7352-40be-aea2-771c347789e7: remove  FOLLOWER 92412348-7352-40be-aea2-771c347789e7@group-D3816A677CDA:t1, leader=cfc25efc-54ed-4d3e-b2b6-13ccffc6d6ca, voted=cfc25efc-54ed-4d3e-b2b6-13ccffc6d6ca, raftlog=92412348-7352-40be-aea2-771c347789e7@group-D3816A677CDA-SegmentedRaftLog:OPENED:c11,f11,i18, conf=0: [76c4c990-655f-4900-b966-affd0bc7639c:192.168.5.143:43176, cfc25efc-54ed-4d3e-b2b6-13ccffc6d6ca:192.168.5.143:42744, 92412348-7352-40be-aea2-771c347789e7:192.168.5.143:37352], old=null RUNNING
2019-09-11 07:15:53,671 [grpc-default-executor-8] INFO  impl.RaftServerImpl (RaftServerImpl.java:lambda$shutdown$3(251)) - 92412348-7352-40be-aea2-771c347789e7@group-D3816A677CDA: shutdown
2019-09-11 07:15:53,671 [grpc-default-executor-8] INFO  util.JmxRegister (JmxRegister.java:unregister(73)) - Successfully un-registered JMX Bean with object name Ratis:service=RaftServer,group=group-D3816A677CDA,id=92412348-7352-40be-aea2-771c347789e7
2019-09-11 07:15:53,671 [grpc-default-executor-8] INFO  impl.RoleInfo (RoleInfo.java:shutdownFollowerState(121)) - 92412348-7352-40be-aea2-771c347789e7: shutdown FollowerState
2019-09-11 07:15:53,671 [grpc-default-executor-8] INFO  impl.StateMachineUpdater (StateMachineUpdater.java:stopAndJoin(125)) - 92412348-7352-40be-aea2-771c347789e7@group-D3816A677CDA-StateMachineUpdater: set stopIndex = 11
2019-09-11 07:15:53,672 [Thread-879] INFO  impl.FollowerState (FollowerState.java:run(115)) - 92412348-7352-40be-aea2-771c347789e7: FollowerState was interrupted: java.lang.InterruptedException: sleep interrupted
2019-09-11 07:15:53,672 [92412348-7352-40be-aea2-771c347789e7@group-D3816A677CDA-StateMachineUpdater] INFO  ratis.ContainerStateMachine (ContainerStateMachine.java:takeSnapshot(289)) - group-D3816A677CDA: Taking a snapshot at:(t:1, i:7) file /workdir/hadoop-ozone/integration-test/target/test-dir/MiniOzoneClusterImpl-b235dd93-a3eb-497e-8479-f8d4900b0fc5/datanode-2/data/ratis/5af9484c-b11e-453f-b538-d3816a677cda/sm/snapshot.1_7
2019-09-11 07:15:53,710 [92412348-7352-40be-aea2-771c347789e7@group-D3816A677CDA-StateMachineUpdater] INFO  ratis.ContainerStateMachine (ContainerStateMachine.java:takeSnapshot(300)) - group-D3816A677CDA: Finished taking a snapshot at:(t:1, i:7) file:/workdir/hadoop-ozone/integration-test/target/test-dir/MiniOzoneClusterImpl-b235dd93-a3eb-497e-8479-f8d4900b0fc5/datanode-2/data/ratis/5af9484c-b11e-453f-b538-d3816a677cda/sm/snapshot.1_7 time:39
2019-09-11 07:15:53,711 [92412348-7352-40be-aea2-771c347789e7@group-D3816A677CDA-StateMachineUpdater] INFO  impl.StateMachineUpdater (StateMachineUpdater.java:takeSnapshot(258)) - 92412348-7352-40be-aea2-771c347789e7@group-D3816A677CDA-StateMachineUpdater: Took a snapshot at index 7
2019-09-11 07:15:53,711 [92412348-7352-40be-aea2-771c347789e7@group-D3816A677CDA-StateMachineUpdater] INFO  impl.StateMachineUpdater (StateMachineUpdater.java:lambda$new$0(83)) - 92412348-7352-40be-aea2-771c347789e7@group-D3816A677CDA-StateMachineUpdater: snapshotIndex: updateIncreasingly -1 -> 7
2019-09-11 07:15:53,711 [92412348-7352-40be-aea2-771c347789e7@group-D3816A677CDA-StateMachineUpdater] INFO  ratis.ContainerStateMachine (ContainerStateMachine.java:takeSnapshot(289)) - group-D3816A677CDA: Taking a snapshot at:(t:1, i:7) file /workdir/hadoop-ozone/integration-test/target/test-dir/MiniOzoneClusterImpl-b235dd93-a3eb-497e-8479-f8d4900b0fc5/datanode-2/data/ratis/5af9484c-b11e-453f-b538-d3816a677cda/sm/snapshot.1_7
2019-09-11 07:15:53,781 [92412348-7352-40be-aea2-771c347789e7@group-D3816A677CDA-StateMachineUpdater] INFO  ratis.ContainerStateMachine (ContainerStateMachine.java:takeSnapshot(300)) - group-D3816A677CDA: Finished taking a snapshot at:(t:1, i:7) file:/workdir/hadoop-ozone/integration-test/target/test-dir/MiniOzoneClusterImpl-b235dd93-a3eb-497e-8479-f8d4900b0fc5/datanode-2/data/ratis/5af9484c-b11e-453f-b538-d3816a677cda/sm/snapshot.1_7 time:70
2019-09-11 07:15:53,781 [92412348-7352-40be-aea2-771c347789e7@group-D3816A677CDA-StateMachineUpdater] INFO  impl.StateMachineUpdater (StateMachineUpdater.java:takeSnapshot(258)) - 92412348-7352-40be-aea2-771c347789e7@group-D3816A677CDA-StateMachineUpdater: Took a snapshot at index 7
2019-09-11 07:15:53,781 [92412348-7352-40be-aea2-771c347789e7@group-D3816A677CDA-StateMachineUpdater] INFO  impl.StateMachineUpdater (StateMachineUpdater.java:lambda$new$0(83)) - 92412348-7352-40be-aea2-771c347789e7@group-D3816A677CDA-StateMachineUpdater: snapshotIndex: updateIncreasingly 7 -> 7
2019-09-11 07:15:53,793 [grpc-default-executor-8] INFO  impl.RaftServerImpl (ServerState.java:close(385)) - 92412348-7352-40be-aea2-771c347789e7@group-D3816A677CDA: closes. applyIndex: 11
2019-09-11 07:15:53,794 [92412348-7352-40be-aea2-771c347789e7@group-D3816A677CDA-SegmentedRaftLogWorker] ERROR ratis.XceiverServerRatis (XceiverServerRatis.java:triggerPipelineClose(575)) - pipeline Action CLOSE  on pipeline PipelineID=5af9484c-b11e-453f-b538-d3816a677cda.Reason : WriteLog:12: (t:1, i:12), STATEMACHINELOGENTRY, client-65AAF9F256C4, cid=143-writeStateMachineData interrupted.
2019-09-11 07:15:53,797 [grpc-default-executor-8] INFO  segmented.SegmentedRaftLogWorker (SegmentedRaftLogWorker.java:close(228)) - 92412348-7352-40be-aea2-771c347789e7@group-D3816A677CDA-SegmentedRaftLogWorker close()
2019-09-11 07:15:53,800 [EventQueue-PipelineActionsForPipelineActionHandler] ERROR pipeline.PipelineActionHandler (PipelineActionHandler.java:onMessage(60)) - Received pipeline action CLOSE for Pipeline[ Id: 5af9484c-b11e-453f-b538-d3816a677cda, Nodes: cfc25efc-54ed-4d3e-b2b6-13ccffc6d6ca{ip: 192.168.5.143, host: pr-hdds-1786-trunk-klbfp-3319181915, networkLocation: /default-rack, certSerialId: null}92412348-7352-40be-aea2-771c347789e7{ip: 192.168.5.143, host: pr-hdds-1786-trunk-klbfp-3319181915, networkLocation: /default-rack, certSerialId: null}76c4c990-655f-4900-b966-affd0bc7639c{ip: 192.168.5.143, host: pr-hdds-1786-trunk-klbfp-3319181915, networkLocation: /default-rack, certSerialId: null}, Type:RATIS, Factor:THREE, State:CLOSED] from datanode 92412348-7352-40be-aea2-771c347789e7{ip: 192.168.5.143, host: pr-hdds-1786-trunk-klbfp-3319181915, networkLocation: /default-rack, certSerialId: null}. Reason : WriteLog:12: (t:1, i:12), STATEMACHINELOGENTRY, client-65AAF9F256C4, cid=143-writeStateMachineData interrupted.
2019-09-11 07:15:53,800 [EventQueue-PipelineActionsForPipelineActionHandler] INFO  pipeline.SCMPipelineManager (SCMPipelineManager.java:finalizeAndDestroyPipeline(311)) - destroying pipeline:Pipeline[ Id: 5af9484c-b11e-453f-b538-d3816a677cda, Nodes: cfc25efc-54ed-4d3e-b2b6-13ccffc6d6ca{ip: 192.168.5.143, host: pr-hdds-1786-trunk-klbfp-3319181915, networkLocation: /default-rack, certSerialId: null}92412348-7352-40be-aea2-771c347789e7{ip: 192.168.5.143, host: pr-hdds-1786-trunk-klbfp-3319181915, networkLocation: /default-rack, certSerialId: null}76c4c990-655f-4900-b966-affd0bc7639c{ip: 192.168.5.143, host: pr-hdds-1786-trunk-klbfp-3319181915, networkLocation: /default-rack, certSerialId: null}, Type:RATIS, Factor:THREE, State:CLOSED]
2019-09-11 07:15:53,816 [grpc-default-executor-8] INFO  interfaces.Container (KeyValueContainer.java:flushAndSyncDB(386)) - Container 6 is synced with bcsId 7.
2019-09-11 07:15:53,816 [grpc-default-executor-8] INFO  interfaces.Container (KeyValueContainer.java:flushAndSyncDB(386)) - Container 6 is synced with bcsId 7.
2019-09-11 07:15:53,897 [grpc-default-executor-8] INFO  interfaces.Container (KeyValueContainer.java:flushAndSyncDB(386)) - Container 8 is synced with bcsId 0.
2019-09-11 07:15:53,897 [grpc-default-executor-8] INFO  interfaces.Container (KeyValueContainer.java:flushAndSyncDB(386)) - Container 8 is synced with bcsId 0.
2019-09-11 07:15:53,950 [grpc-default-executor-8] INFO  impl.RaftServerProxy (RaftServerProxy.java:remove(95)) - 76c4c990-655f-4900-b966-affd0bc7639c: remove  FOLLOWER 76c4c990-655f-4900-b966-affd0bc7639c@group-D3816A677CDA:t1, leader=cfc25efc-54ed-4d3e-b2b6-13ccffc6d6ca, voted=76c4c990-655f-4900-b966-affd0bc7639c, raftlog=76c4c990-655f-4900-b966-affd0bc7639c@group-D3816A677CDA-SegmentedRaftLog:OPENED:c11,f11,i18, conf=0: [76c4c990-655f-4900-b966-affd0bc7639c:192.168.5.143:43176, cfc25efc-54ed-4d3e-b2b6-13ccffc6d6ca:192.168.5.143:42744, 92412348-7352-40be-aea2-771c347789e7:192.168.5.143:37352], old=null RUNNING
2019-09-11 07:15:53,950 [grpc-default-executor-8] INFO  impl.RaftServerImpl (RaftServerImpl.java:lambda$shutdown$3(251)) - 76c4c990-655f-4900-b966-affd0bc7639c@group-D3816A677CDA: shutdown
2019-09-11 07:15:53,951 [grpc-default-executor-8] INFO  util.JmxRegister (JmxRegister.java:unregister(73)) - Successfully un-registered JMX Bean with object name Ratis:service=RaftServer,group=group-D3816A677CDA,id=76c4c990-655f-4900-b966-affd0bc7639c
2019-09-11 07:15:53,951 [grpc-default-executor-8] INFO  impl.RoleInfo (RoleInfo.java:shutdownFollowerState(121)) - 76c4c990-655f-4900-b966-affd0bc7639c: shutdown FollowerState
2019-09-11 07:15:53,951 [grpc-default-executor-8] INFO  impl.StateMachineUpdater (StateMachineUpdater.java:stopAndJoin(125)) - 76c4c990-655f-4900-b966-affd0bc7639c@group-D3816A677CDA-StateMachineUpdater: set stopIndex = 11
2019-09-11 07:15:53,951 [Thread-882] INFO  impl.FollowerState (FollowerState.java:run(115)) - 76c4c990-655f-4900-b966-affd0bc7639c: FollowerState was interrupted: java.lang.InterruptedException: sleep interrupted
2019-09-11 07:15:53,951 [76c4c990-655f-4900-b966-affd0bc7639c@group-D3816A677CDA-StateMachineUpdater] INFO  ratis.ContainerStateMachine (ContainerStateMachine.java:takeSnapshot(289)) - group-D3816A677CDA: Taking a snapshot at:(t:1, i:7) file /workdir/hadoop-ozone/integration-test/target/test-dir/MiniOzoneClusterImpl-b235dd93-a3eb-497e-8479-f8d4900b0fc5/datanode-5/data/ratis/5af9484c-b11e-453f-b538-d3816a677cda/sm/snapshot.1_7
2019-09-11 07:15:54,001 [76c4c990-655f-4900-b966-affd0bc7639c@group-D3816A677CDA-StateMachineUpdater] INFO  ratis.ContainerStateMachine (ContainerStateMachine.java:takeSnapshot(300)) - group-D3816A677CDA: Finished taking a snapshot at:(t:1, i:7) file:/workdir/hadoop-ozone/integration-test/target/test-dir/MiniOzoneClusterImpl-b235dd93-a3eb-497e-8479-f8d4900b0fc5/datanode-5/data/ratis/5af9484c-b11e-453f-b538-d3816a677cda/sm/snapshot.1_7 time:50
2019-09-11 07:15:54,002 [76c4c990-655f-4900-b966-affd0bc7639c@group-D3816A677CDA-StateMachineUpdater] INFO  impl.StateMachineUpdater (StateMachineUpdater.java:takeSnapshot(258)) - 76c4c990-655f-4900-b966-affd0bc7639c@group-D3816A677CDA-StateMachineUpdater: Took a snapshot at index 7
2019-09-11 07:15:54,002 [76c4c990-655f-4900-b966-affd0bc7639c@group-D3816A677CDA-StateMachineUpdater] INFO  impl.StateMachineUpdater (StateMachineUpdater.java:lambda$new$0(83)) - 76c4c990-655f-4900-b966-affd0bc7639c@group-D3816A677CDA-StateMachineUpdater: snapshotIndex: updateIncreasingly -1 -> 7
2019-09-11 07:15:54,002 [76c4c990-655f-4900-b966-affd0bc7639c@group-D3816A677CDA-StateMachineUpdater] INFO  ratis.ContainerStateMachine (ContainerStateMachine.java:takeSnapshot(289)) - group-D3816A677CDA: Taking a snapshot at:(t:1, i:7) file /workdir/hadoop-ozone/integration-test/target/test-dir/MiniOzoneClusterImpl-b235dd93-a3eb-497e-8479-f8d4900b0fc5/datanode-5/data/ratis/5af9484c-b11e-453f-b538-d3816a677cda/sm/snapshot.1_7
2019-09-11 07:15:54,015 [76c4c990-655f-4900-b966-affd0bc7639c@group-D3816A677CDA-StateMachineUpdater] INFO  ratis.ContainerStateMachine (ContainerStateMachine.java:takeSnapshot(300)) - group-D3816A677CDA: Finished taking a snapshot at:(t:1, i:7) file:/workdir/hadoop-ozone/integration-test/target/test-dir/MiniOzoneClusterImpl-b235dd93-a3eb-497e-8479-f8d4900b0fc5/datanode-5/data/ratis/5af9484c-b11e-453f-b538-d3816a677cda/sm/snapshot.1_7 time:13
2019-09-11 07:15:54,015 [76c4c990-655f-4900-b966-affd0bc7639c@group-D3816A677CDA-StateMachineUpdater] INFO  impl.StateMachineUpdater (StateMachineUpdater.java:takeSnapshot(258)) - 76c4c990-655f-4900-b966-affd0bc7639c@group-D3816A677CDA-StateMachineUpdater: Took a snapshot at index 7
2019-09-11 07:15:54,015 [76c4c990-655f-4900-b966-affd0bc7639c@group-D3816A677CDA-StateMachineUpdater] INFO  impl.StateMachineUpdater (StateMachineUpdater.java:lambda$new$0(83)) - 76c4c990-655f-4900-b966-affd0bc7639c@group-D3816A677CDA-StateMachineUpdater: snapshotIndex: updateIncreasingly 7 -> 7
2019-09-11 07:15:54,016 [grpc-default-executor-8] INFO  impl.RaftServerImpl (ServerState.java:close(385)) - 76c4c990-655f-4900-b966-affd0bc7639c@group-D3816A677CDA: closes. applyIndex: 11
2019-09-11 07:15:54,017 [76c4c990-655f-4900-b966-affd0bc7639c@group-D3816A677CDA-SegmentedRaftLogWorker] ERROR ratis.XceiverServerRatis (XceiverServerRatis.java:triggerPipelineClose(575)) - pipeline Action CLOSE  on pipeline PipelineID=5af9484c-b11e-453f-b538-d3816a677cda.Reason : WriteLog:12: (t:1, i:12), STATEMACHINELOGENTRY, client-65AAF9F256C4, cid=143-writeStateMachineData interrupted.
2019-09-11 07:15:54,021 [grpc-default-executor-8] INFO  segmented.SegmentedRaftLogWorker (SegmentedRaftLogWorker.java:close(228)) - 76c4c990-655f-4900-b966-affd0bc7639c@group-D3816A677CDA-SegmentedRaftLogWorker close()
2019-09-11 07:15:54,024 [EventQueue-PipelineActionsForPipelineActionHandler] ERROR pipeline.PipelineActionHandler (PipelineActionHandler.java:onMessage(60)) - Received pipeline action CLOSE for Pipeline[ Id: 5af9484c-b11e-453f-b538-d3816a677cda, Nodes: cfc25efc-54ed-4d3e-b2b6-13ccffc6d6ca{ip: 192.168.5.143, host: pr-hdds-1786-trunk-klbfp-3319181915, networkLocation: /default-rack, certSerialId: null}92412348-7352-40be-aea2-771c347789e7{ip: 192.168.5.143, host: pr-hdds-1786-trunk-klbfp-3319181915, networkLocation: /default-rack, certSerialId: null}76c4c990-655f-4900-b966-affd0bc7639c{ip: 192.168.5.143, host: pr-hdds-1786-trunk-klbfp-3319181915, networkLocation: /default-rack, certSerialId: null}, Type:RATIS, Factor:THREE, State:CLOSED] from datanode 76c4c990-655f-4900-b966-affd0bc7639c{ip: 192.168.5.143, host: pr-hdds-1786-trunk-klbfp-3319181915, networkLocation: /default-rack, certSerialId: null}. Reason : WriteLog:12: (t:1, i:12), STATEMACHINELOGENTRY, client-65AAF9F256C4, cid=143-writeStateMachineData interrupted.
2019-09-11 07:15:54,025 [EventQueue-PipelineActionsForPipelineActionHandler] INFO  pipeline.SCMPipelineManager (SCMPipelineManager.java:finalizeAndDestroyPipeline(311)) - destroying pipeline:Pipeline[ Id: 5af9484c-b11e-453f-b538-d3816a677cda, Nodes: cfc25efc-54ed-4d3e-b2b6-13ccffc6d6ca{ip: 192.168.5.143, host: pr-hdds-1786-trunk-klbfp-3319181915, networkLocation: /default-rack, certSerialId: null}92412348-7352-40be-aea2-771c347789e7{ip: 192.168.5.143, host: pr-hdds-1786-trunk-klbfp-3319181915, networkLocation: /default-rack, certSerialId: null}76c4c990-655f-4900-b966-affd0bc7639c{ip: 192.168.5.143, host: pr-hdds-1786-trunk-klbfp-3319181915, networkLocation: /default-rack, certSerialId: null}, Type:RATIS, Factor:THREE, State:CLOSED]
2019-09-11 07:15:54,068 [grpc-default-executor-8] INFO  interfaces.Container (KeyValueContainer.java:flushAndSyncDB(386)) - Container 6 is synced with bcsId 7.
2019-09-11 07:15:54,069 [grpc-default-executor-8] INFO  interfaces.Container (KeyValueContainer.java:flushAndSyncDB(386)) - Container 6 is synced with bcsId 7.
2019-09-11 07:15:54,429 [main] WARN  io.KeyOutputStream (KeyOutputStream.java:handleException(276)) - Encountered exception java.io.IOException: Unexpected Storage Container Exception: java.util.concurrent.CompletionException: java.util.concurrent.CompletionException: org.apache.ratis.protocol.GroupMismatchException: cfc25efc-54ed-4d3e-b2b6-13ccffc6d6ca: group-D3816A677CDA not found. on the pipeline Pipeline[ Id: 5af9484c-b11e-453f-b538-d3816a677cda, Nodes: cfc25efc-54ed-4d3e-b2b6-13ccffc6d6ca{ip: 192.168.5.143, host: pr-hdds-1786-trunk-klbfp-3319181915, networkLocation: /default-rack, certSerialId: null}92412348-7352-40be-aea2-771c347789e7{ip: 192.168.5.143, host: pr-hdds-1786-trunk-klbfp-3319181915, networkLocation: /default-rack, certSerialId: null}76c4c990-655f-4900-b966-affd0bc7639c{ip: 192.168.5.143, host: pr-hdds-1786-trunk-klbfp-3319181915, networkLocation: /default-rack, certSerialId: null}, Type:RATIS, Factor:THREE, State:OPEN]. The last committed block length is 0, uncommitted data length is 400 retry count 0
2019-09-11 07:15:54,467 [grpc-default-executor-6] INFO  client.GrpcClientProtocolClient (GrpcClientProtocolClient.java:onNext(264)) - client-06A642BA2C02->dd774419-39ed-4d90-9a0e-7a7d67fca22a: receive RaftClientReply:client-06A642BA2C02->dd774419-39ed-4d90-9a0e-7a7d67fca22a@group-59D25F489DB2, cid=239, FAILED org.apache.ratis.protocol.NotLeaderException: Server dd774419-39ed-4d90-9a0e-7a7d67fca22a@group-59D25F489DB2 is not the leader 094d95bb-124f-4491-a67a-8d0b5b434983:192.168.5.143:43792, logIndex=0, commits[dd774419-39ed-4d90-9a0e-7a7d67fca22a:c4, b48366ef-6f68-46c9-99e7-9871be9f97bc:c4, 094d95bb-124f-4491-a67a-8d0b5b434983:c4]
2019-09-11 07:15:54,497 [grpc-default-executor-8] INFO  interfaces.Container (KeyValueContainer.java:flushAndSyncDB(386)) - Container 8 is synced with bcsId 0.
2019-09-11 07:15:54,498 [grpc-default-executor-8] INFO  interfaces.Container (KeyValueContainer.java:flushAndSyncDB(386)) - Container 8 is synced with bcsId 0.
2019-09-11 07:15:54,531 [RatisPipelineUtilsThread] INFO  pipeline.PipelineStateManager (PipelineStateManager.java:removePipeline(108)) - Pipeline Pipeline[ Id: 5af9484c-b11e-453f-b538-d3816a677cda, Nodes: cfc25efc-54ed-4d3e-b2b6-13ccffc6d6ca{ip: 192.168.5.143, host: pr-hdds-1786-trunk-klbfp-3319181915, networkLocation: /default-rack, certSerialId: null}92412348-7352-40be-aea2-771c347789e7{ip: 192.168.5.143, host: pr-hdds-1786-trunk-klbfp-3319181915, networkLocation: /default-rack, certSerialId: null}76c4c990-655f-4900-b966-affd0bc7639c{ip: 192.168.5.143, host: pr-hdds-1786-trunk-klbfp-3319181915, networkLocation: /default-rack, certSerialId: null}, Type:RATIS, Factor:THREE, State:CLOSED] removed from db
2019-09-11 07:15:54,542 [grpc-default-executor-9] INFO  impl.RaftServerProxy (RaftServerProxy.java:addNew(89)) - 76c4c990-655f-4900-b966-affd0bc7639c: addNew group-3E128774BECC:[76c4c990-655f-4900-b966-affd0bc7639c:192.168.5.143:43176, cfc25efc-54ed-4d3e-b2b6-13ccffc6d6ca:192.168.5.143:42744, 92412348-7352-40be-aea2-771c347789e7:192.168.5.143:37352] returns group-3E128774BECC:java.util.concurrent.CompletableFuture@29afe4a2[Not completed]
2019-09-11 07:15:54,542 [grpc-default-executor-8] INFO  impl.RaftServerProxy (RaftServerProxy.java:addNew(89)) - 92412348-7352-40be-aea2-771c347789e7: addNew group-3E128774BECC:[76c4c990-655f-4900-b966-affd0bc7639c:192.168.5.143:43176, cfc25efc-54ed-4d3e-b2b6-13ccffc6d6ca:192.168.5.143:42744, 92412348-7352-40be-aea2-771c347789e7:192.168.5.143:37352] returns group-3E128774BECC:java.util.concurrent.CompletableFuture@613ab324[Not completed]
2019-09-11 07:15:54,542 [grpc-default-executor-6] INFO  impl.RaftServerProxy (RaftServerProxy.java:addNew(89)) - cfc25efc-54ed-4d3e-b2b6-13ccffc6d6ca: addNew group-3E128774BECC:[76c4c990-655f-4900-b966-affd0bc7639c:192.168.5.143:43176, cfc25efc-54ed-4d3e-b2b6-13ccffc6d6ca:192.168.5.143:42744, 92412348-7352-40be-aea2-771c347789e7:192.168.5.143:37352] returns group-3E128774BECC:java.util.concurrent.CompletableFuture@14033ac4[Not completed]
2019-09-11 07:15:54,545 [pool-77-thread-1] INFO  impl.RaftServerImpl (RaftServerImpl.java:<init>(95)) - 76c4c990-655f-4900-b966-affd0bc7639c: new RaftServerImpl for group-3E128774BECC:[76c4c990-655f-4900-b966-affd0bc7639c:192.168.5.143:43176, cfc25efc-54ed-4d3e-b2b6-13ccffc6d6ca:192.168.5.143:42744, 92412348-7352-40be-aea2-771c347789e7:192.168.5.143:37352] with ContainerStateMachine:uninitialized
2019-09-11 07:15:54,545 [pool-77-thread-1] INFO  server.RaftServerConfigKeys (ConfUtils.java:logGet(43)) - raft.server.rpc.timeout.min = 5s (custom)
2019-09-11 07:15:54,545 [pool-77-thread-1] INFO  server.RaftServerConfigKeys (ConfUtils.java:logGet(43)) - raft.server.rpc.timeout.max = 5200ms (custom)
2019-09-11 07:15:54,545 [pool-77-thread-1] INFO  server.RaftServerConfigKeys (ConfUtils.java:logGet(43)) - raft.server.rpcslowness.timeout = 120s (custom)
2019-09-11 07:15:54,545 [pool-77-thread-1] INFO  server.RaftServerConfigKeys (ConfUtils.java:logGet(43)) - raft.server.sleep.deviation.threshold = 300 (default)
2019-09-11 07:15:54,546 [pool-77-thread-1] INFO  server.RaftServerConfigKeys (ConfUtils.java:logGet(43)) - raft.server.log.appender.install.snapshot.enabled = false (custom)
2019-09-11 07:15:54,546 [pool-77-thread-1] INFO  impl.RaftServerImpl (ServerState.java:<init>(103)) - 76c4c990-655f-4900-b966-affd0bc7639c@group-3E128774BECC: ConfigurationManager, init=-1: [76c4c990-655f-4900-b966-affd0bc7639c:192.168.5.143:43176, cfc25efc-54ed-4d3e-b2b6-13ccffc6d6ca:192.168.5.143:42744, 92412348-7352-40be-aea2-771c347789e7:192.168.5.143:37352], old=null, confs=<EMPTY_MAP>
2019-09-11 07:15:54,546 [pool-77-thread-1] INFO  server.RaftServerConfigKeys (ConfUtils.java:logGet(43)) - raft.server.storage.dir = [/workdir/hadoop-ozone/integration-test/target/test-dir/MiniOzoneClusterImpl-b235dd93-a3eb-497e-8479-f8d4900b0fc5/datanode-5/data/ratis] (custom)
2019-09-11 07:15:54,546 [pool-47-thread-1] INFO  impl.RaftServerImpl (RaftServerImpl.java:<init>(95)) - 92412348-7352-40be-aea2-771c347789e7: new RaftServerImpl for group-3E128774BECC:[76c4c990-655f-4900-b966-affd0bc7639c:192.168.5.143:43176, cfc25efc-54ed-4d3e-b2b6-13ccffc6d6ca:192.168.5.143:42744, 92412348-7352-40be-aea2-771c347789e7:192.168.5.143:37352] with ContainerStateMachine:uninitialized
2019-09-11 07:15:54,546 [pool-77-thread-1] INFO  storage.RaftStorageDirectory (RaftStorageDirectory.java:analyzeStorage(246)) - The storage directory /workdir/hadoop-ozone/integration-test/target/test-dir/MiniOzoneClusterImpl-b235dd93-a3eb-497e-8479-f8d4900b0fc5/datanode-5/data/ratis/46e74e40-c2be-4840-bd83-3e128774becc does not exist. Creating ...
2019-09-11 07:15:54,546 [pool-47-thread-1] INFO  server.RaftServerConfigKeys (ConfUtils.java:logGet(43)) - raft.server.rpc.timeout.min = 5s (custom)
2019-09-11 07:15:54,547 [pool-47-thread-1] INFO  server.RaftServerConfigKeys (ConfUtils.java:logGet(43)) - raft.server.rpc.timeout.max = 5200ms (custom)
2019-09-11 07:15:54,547 [pool-47-thread-1] INFO  server.RaftServerConfigKeys (ConfUtils.java:logGet(43)) - raft.server.rpcslowness.timeout = 120s (custom)
2019-09-11 07:15:54,547 [pool-27-thread-1] INFO  impl.RaftServerImpl (RaftServerImpl.java:<init>(95)) - cfc25efc-54ed-4d3e-b2b6-13ccffc6d6ca: new RaftServerImpl for group-3E128774BECC:[76c4c990-655f-4900-b966-affd0bc7639c:192.168.5.143:43176, cfc25efc-54ed-4d3e-b2b6-13ccffc6d6ca:192.168.5.143:42744, 92412348-7352-40be-aea2-771c347789e7:192.168.5.143:37352] with ContainerStateMachine:uninitialized
2019-09-11 07:15:54,547 [pool-47-thread-1] INFO  server.RaftServerConfigKeys (ConfUtils.java:logGet(43)) - raft.server.sleep.deviation.threshold = 300 (default)
2019-09-11 07:15:54,547 [pool-27-thread-1] INFO  server.RaftServerConfigKeys (ConfUtils.java:logGet(43)) - raft.server.rpc.timeout.min = 5s (custom)
2019-09-11 07:15:54,547 [pool-47-thread-1] INFO  server.RaftServerConfigKeys (ConfUtils.java:logGet(43)) - raft.server.log.appender.install.snapshot.enabled = false (custom)
2019-09-11 07:15:54,547 [pool-27-thread-1] INFO  server.RaftServerConfigKeys (ConfUtils.java:logGet(43)) - raft.server.rpc.timeout.max = 5200ms (custom)
2019-09-11 07:15:54,547 [pool-47-thread-1] INFO  impl.RaftServerImpl (ServerState.java:<init>(103)) - 92412348-7352-40be-aea2-771c347789e7@group-3E128774BECC: ConfigurationManager, init=-1: [76c4c990-655f-4900-b966-affd0bc7639c:192.168.5.143:43176, cfc25efc-54ed-4d3e-b2b6-13ccffc6d6ca:192.168.5.143:42744, 92412348-7352-40be-aea2-771c347789e7:192.168.5.143:37352], old=null, confs=<EMPTY_MAP>
2019-09-11 07:15:54,547 [pool-27-thread-1] INFO  server.RaftServerConfigKeys (ConfUtils.java:logGet(43)) - raft.server.rpcslowness.timeout = 120s (custom)
2019-09-11 07:15:54,548 [pool-47-thread-1] INFO  server.RaftServerConfigKeys (ConfUtils.java:logGet(43)) - raft.server.storage.dir = [/workdir/hadoop-ozone/integration-test/target/test-dir/MiniOzoneClusterImpl-b235dd93-a3eb-497e-8479-f8d4900b0fc5/datanode-2/data/ratis] (custom)
2019-09-11 07:15:54,548 [pool-27-thread-1] INFO  server.RaftServerConfigKeys (ConfUtils.java:logGet(43)) - raft.server.sleep.deviation.threshold = 300 (default)
2019-09-11 07:15:54,548 [pool-27-thread-1] INFO  server.RaftServerConfigKeys (ConfUtils.java:logGet(43)) - raft.server.log.appender.install.snapshot.enabled = false (custom)
2019-09-11 07:15:54,548 [pool-27-thread-1] INFO  impl.RaftServerImpl (ServerState.java:<init>(103)) - cfc25efc-54ed-4d3e-b2b6-13ccffc6d6ca@group-3E128774BECC: ConfigurationManager, init=-1: [76c4c990-655f-4900-b966-affd0bc7639c:192.168.5.143:43176, cfc25efc-54ed-4d3e-b2b6-13ccffc6d6ca:192.168.5.143:42744, 92412348-7352-40be-aea2-771c347789e7:192.168.5.143:37352], old=null, confs=<EMPTY_MAP>
2019-09-11 07:15:54,548 [pool-47-thread-1] INFO  storage.RaftStorageDirectory (RaftStorageDirectory.java:analyzeStorage(246)) - The storage directory /workdir/hadoop-ozone/integration-test/target/test-dir/MiniOzoneClusterImpl-b235dd93-a3eb-497e-8479-f8d4900b0fc5/datanode-2/data/ratis/46e74e40-c2be-4840-bd83-3e128774becc does not exist. Creating ...
2019-09-11 07:15:54,548 [pool-27-thread-1] INFO  server.RaftServerConfigKeys (ConfUtils.java:logGet(43)) - raft.server.storage.dir = [/workdir/hadoop-ozone/integration-test/target/test-dir/MiniOzoneClusterImpl-b235dd93-a3eb-497e-8479-f8d4900b0fc5/datanode-0/data/ratis] (custom)
2019-09-11 07:15:54,549 [pool-27-thread-1] INFO  storage.RaftStorageDirectory (RaftStorageDirectory.java:analyzeStorage(246)) - The storage directory /workdir/hadoop-ozone/integration-test/target/test-dir/MiniOzoneClusterImpl-b235dd93-a3eb-497e-8479-f8d4900b0fc5/datanode-0/data/ratis/46e74e40-c2be-4840-bd83-3e128774becc does not exist. Creating ...
2019-09-11 07:15:54,593 [pool-77-thread-1] INFO  storage.RaftStorageDirectory (RaftStorageDirectory.java:tryLock(328)) - Lock on /workdir/hadoop-ozone/integration-test/target/test-dir/MiniOzoneClusterImpl-b235dd93-a3eb-497e-8479-f8d4900b0fc5/datanode-5/data/ratis/46e74e40-c2be-4840-bd83-3e128774becc/in_use.lock acquired by nodename 8566@pr-hdds-1786-trunk-klbfp-3319181915
2019-09-11 07:15:54,593 [pool-27-thread-1] INFO  storage.RaftStorageDirectory (RaftStorageDirectory.java:tryLock(328)) - Lock on /workdir/hadoop-ozone/integration-test/target/test-dir/MiniOzoneClusterImpl-b235dd93-a3eb-497e-8479-f8d4900b0fc5/datanode-0/data/ratis/46e74e40-c2be-4840-bd83-3e128774becc/in_use.lock acquired by nodename 8566@pr-hdds-1786-trunk-klbfp-3319181915
2019-09-11 07:15:54,593 [pool-47-thread-1] INFO  storage.RaftStorageDirectory (RaftStorageDirectory.java:tryLock(328)) - Lock on /workdir/hadoop-ozone/integration-test/target/test-dir/MiniOzoneClusterImpl-b235dd93-a3eb-497e-8479-f8d4900b0fc5/datanode-2/data/ratis/46e74e40-c2be-4840-bd83-3e128774becc/in_use.lock acquired by nodename 8566@pr-hdds-1786-trunk-klbfp-3319181915
2019-09-11 07:15:54,622 [pool-77-thread-1] INFO  storage.RaftStorage (RaftStorage.java:format(72)) - Storage directory /workdir/hadoop-ozone/integration-test/target/test-dir/MiniOzoneClusterImpl-b235dd93-a3eb-497e-8479-f8d4900b0fc5/datanode-5/data/ratis/46e74e40-c2be-4840-bd83-3e128774becc has been successfully formatted.
2019-09-11 07:15:54,622 [pool-27-thread-1] INFO  storage.RaftStorage (RaftStorage.java:format(72)) - Storage directory /workdir/hadoop-ozone/integration-test/target/test-dir/MiniOzoneClusterImpl-b235dd93-a3eb-497e-8479-f8d4900b0fc5/datanode-0/data/ratis/46e74e40-c2be-4840-bd83-3e128774becc has been successfully formatted.
2019-09-11 07:15:54,622 [pool-47-thread-1] INFO  storage.RaftStorage (RaftStorage.java:format(72)) - Storage directory /workdir/hadoop-ozone/integration-test/target/test-dir/MiniOzoneClusterImpl-b235dd93-a3eb-497e-8479-f8d4900b0fc5/datanode-2/data/ratis/46e74e40-c2be-4840-bd83-3e128774becc has been successfully formatted.
2019-09-11 07:15:54,623 [pool-27-thread-1] INFO  ratis.ContainerStateMachine (ContainerStateMachine.java:loadSnapshot(230)) - group-3E128774BECC: The snapshot info is null. Setting the last applied indexto:(t:0, i:~)
2019-09-11 07:15:54,623 [pool-47-thread-1] INFO  ratis.ContainerStateMachine (ContainerStateMachine.java:loadSnapshot(230)) - group-3E128774BECC: The snapshot info is null. Setting the last applied indexto:(t:0, i:~)
2019-09-11 07:15:54,623 [pool-77-thread-1] INFO  ratis.ContainerStateMachine (ContainerStateMachine.java:loadSnapshot(230)) - group-3E128774BECC: The snapshot info is null. Setting the last applied indexto:(t:0, i:~)
2019-09-11 07:15:54,623 [pool-47-thread-1] INFO  server.RaftServerConfigKeys (ConfUtils.java:logGet(43)) - raft.server.notification.no-leader.timeout = 120s (custom)
2019-09-11 07:15:54,623 [pool-27-thread-1] INFO  server.RaftServerConfigKeys (ConfUtils.java:logGet(43)) - raft.server.notification.no-leader.timeout = 120s (custom)
2019-09-11 07:15:54,623 [pool-47-thread-1] INFO  server.RaftServerConfigKeys (ConfUtils.java:logGet(43)) - raft.server.log.use.memory = false (default)
2019-09-11 07:15:54,623 [pool-77-thread-1] INFO  server.RaftServerConfigKeys (ConfUtils.java:logGet(43)) - raft.server.notification.no-leader.timeout = 120s (custom)
2019-09-11 07:15:54,624 [pool-27-thread-1] INFO  server.RaftServerConfigKeys (ConfUtils.java:logGet(43)) - raft.server.log.use.memory = false (default)
2019-09-11 07:15:54,624 [pool-77-thread-1] INFO  server.RaftServerConfigKeys (ConfUtils.java:logGet(43)) - raft.server.log.use.memory = false (default)
2019-09-11 07:15:54,624 [pool-27-thread-1] INFO  server.RaftServerConfigKeys (ConfUtils.java:logGet(43)) - raft.server.log.purge.gap = 1000000 (custom)
2019-09-11 07:15:54,624 [pool-47-thread-1] INFO  server.RaftServerConfigKeys (ConfUtils.java:logGet(43)) - raft.server.log.purge.gap = 1000000 (custom)
2019-09-11 07:15:54,625 [pool-27-thread-1] INFO  server.RaftServerConfigKeys (ConfUtils.java:logGet(43)) - raft.server.log.appender.buffer.byte-limit = 33554432 (custom)
2019-09-11 07:15:54,625 [pool-77-thread-1] INFO  server.RaftServerConfigKeys (ConfUtils.java:logGet(43)) - raft.server.log.purge.gap = 1000000 (custom)
2019-09-11 07:15:54,625 [pool-27-thread-1] INFO  server.RaftServerConfigKeys (ConfUtils.java:logGet(43)) - raft.server.log.segment.size.max = 1048576 (custom)
2019-09-11 07:15:54,625 [pool-47-thread-1] INFO  server.RaftServerConfigKeys (ConfUtils.java:logGet(43)) - raft.server.log.appender.buffer.byte-limit = 33554432 (custom)
2019-09-11 07:15:54,626 [pool-27-thread-1] INFO  server.RaftServerConfigKeys (ConfUtils.java:logGet(43)) - raft.server.log.segment.cache.num.max = 2 (custom)
2019-09-11 07:15:54,626 [pool-77-thread-1] INFO  server.RaftServerConfigKeys (ConfUtils.java:logGet(43)) - raft.server.log.appender.buffer.byte-limit = 33554432 (custom)
2019-09-11 07:15:54,626 [pool-27-thread-1] INFO  segmented.SegmentedRaftLogWorker (SegmentedRaftLogWorker.java:<init>(172)) - new cfc25efc-54ed-4d3e-b2b6-13ccffc6d6ca@group-3E128774BECC-SegmentedRaftLogWorker for RaftStorage:Storage Directory /workdir/hadoop-ozone/integration-test/target/test-dir/MiniOzoneClusterImpl-b235dd93-a3eb-497e-8479-f8d4900b0fc5/datanode-0/data/ratis/46e74e40-c2be-4840-bd83-3e128774becc
2019-09-11 07:15:54,626 [pool-47-thread-1] INFO  server.RaftServerConfigKeys (ConfUtils.java:logGet(43)) - raft.server.log.segment.size.max = 1048576 (custom)
2019-09-11 07:15:54,626 [pool-27-thread-1] INFO  server.RaftServerConfigKeys (ConfUtils.java:logGet(43)) - raft.server.log.queue.byte-limit = 2147483647 (custom)
2019-09-11 07:15:54,626 [pool-77-thread-1] INFO  server.RaftServerConfigKeys (ConfUtils.java:logGet(43)) - raft.server.log.segment.size.max = 1048576 (custom)
2019-09-11 07:15:54,627 [pool-27-thread-1] INFO  server.RaftServerConfigKeys (ConfUtils.java:logGet(43)) - raft.server.log.queue.element-limit = 1024 (custom)
2019-09-11 07:15:54,627 [pool-47-thread-1] INFO  server.RaftServerConfigKeys (ConfUtils.java:logGet(43)) - raft.server.log.segment.cache.num.max = 2 (custom)
2019-09-11 07:15:54,627 [pool-27-thread-1] INFO  server.RaftServerConfigKeys (ConfUtils.java:logGet(43)) - raft.server.log.segment.size.max = 1048576 (custom)
2019-09-11 07:15:54,627 [pool-77-thread-1] INFO  server.RaftServerConfigKeys (ConfUtils.java:logGet(43)) - raft.server.log.segment.cache.num.max = 2 (custom)
2019-09-11 07:15:54,627 [pool-27-thread-1] INFO  server.RaftServerConfigKeys (ConfUtils.java:logGet(43)) - raft.server.log.preallocated.size = 16384 (custom)
2019-09-11 07:15:54,628 [pool-27-thread-1] INFO  server.RaftServerConfigKeys (ConfUtils.java:logGet(43)) - raft.server.log.write.buffer.size = 33554432 (custom)
2019-09-11 07:15:54,627 [pool-47-thread-1] INFO  segmented.SegmentedRaftLogWorker (SegmentedRaftLogWorker.java:<init>(172)) - new 92412348-7352-40be-aea2-771c347789e7@group-3E128774BECC-SegmentedRaftLogWorker for RaftStorage:Storage Directory /workdir/hadoop-ozone/integration-test/target/test-dir/MiniOzoneClusterImpl-b235dd93-a3eb-497e-8479-f8d4900b0fc5/datanode-2/data/ratis/46e74e40-c2be-4840-bd83-3e128774becc
2019-09-11 07:15:54,628 [pool-27-thread-1] INFO  server.RaftServerConfigKeys (ConfUtils.java:logGet(43)) - raft.server.log.force.sync.num = 128 (default)
2019-09-11 07:15:54,628 [pool-77-thread-1] INFO  segmented.SegmentedRaftLogWorker (SegmentedRaftLogWorker.java:<init>(172)) - new 76c4c990-655f-4900-b966-affd0bc7639c@group-3E128774BECC-SegmentedRaftLogWorker for RaftStorage:Storage Directory /workdir/hadoop-ozone/integration-test/target/test-dir/MiniOzoneClusterImpl-b235dd93-a3eb-497e-8479-f8d4900b0fc5/datanode-5/data/ratis/46e74e40-c2be-4840-bd83-3e128774becc
2019-09-11 07:15:54,628 [pool-27-thread-1] INFO  server.RaftServerConfigKeys (ConfUtils.java:logGet(43)) - raft.server.log.statemachine.data.sync = true (default)
2019-09-11 07:15:54,628 [pool-47-thread-1] INFO  server.RaftServerConfigKeys (ConfUtils.java:logGet(43)) - raft.server.log.queue.byte-limit = 2147483647 (custom)
2019-09-11 07:15:54,628 [pool-27-thread-1] INFO  server.RaftServerConfigKeys (ConfUtils.java:logGet(43)) - raft.server.log.statemachine.data.sync.timeout = 10s (default)
2019-09-11 07:15:54,628 [pool-77-thread-1] INFO  server.RaftServerConfigKeys (ConfUtils.java:logGet(43)) - raft.server.log.queue.byte-limit = 2147483647 (custom)
2019-09-11 07:15:54,629 [pool-27-thread-1] INFO  server.RaftServerConfigKeys (ConfUtils.java:logGet(43)) - raft.server.log.statemachine.data.sync.timeout.retry = -1 (default)
2019-09-11 07:15:54,629 [pool-47-thread-1] INFO  server.RaftServerConfigKeys (ConfUtils.java:logGet(43)) - raft.server.log.queue.element-limit = 1024 (custom)
2019-09-11 07:15:54,629 [pool-27-thread-1] INFO  server.RaftServerConfigKeys (ConfUtils.java:logGet(43)) - raft.server.log.statemachine.data.caching.enabled = true (custom)
2019-09-11 07:15:54,629 [pool-77-thread-1] INFO  server.RaftServerConfigKeys (ConfUtils.java:logGet(43)) - raft.server.log.queue.element-limit = 1024 (custom)
2019-09-11 07:15:54,629 [pool-47-thread-1] INFO  server.RaftServerConfigKeys (ConfUtils.java:logGet(43)) - raft.server.log.segment.size.max = 1048576 (custom)
2019-09-11 07:15:54,630 [pool-77-thread-1] INFO  server.RaftServerConfigKeys (ConfUtils.java:logGet(43)) - raft.server.log.segment.size.max = 1048576 (custom)
2019-09-11 07:15:54,630 [pool-47-thread-1] INFO  server.RaftServerConfigKeys (ConfUtils.java:logGet(43)) - raft.server.log.preallocated.size = 16384 (custom)
2019-09-11 07:15:54,630 [pool-77-thread-1] INFO  server.RaftServerConfigKeys (ConfUtils.java:logGet(43)) - raft.server.log.preallocated.size = 16384 (custom)
2019-09-11 07:15:54,630 [pool-47-thread-1] INFO  server.RaftServerConfigKeys (ConfUtils.java:logGet(43)) - raft.server.log.write.buffer.size = 33554432 (custom)
2019-09-11 07:15:54,630 [pool-77-thread-1] INFO  server.RaftServerConfigKeys (ConfUtils.java:logGet(43)) - raft.server.log.write.buffer.size = 33554432 (custom)
2019-09-11 07:15:54,630 [pool-47-thread-1] INFO  server.RaftServerConfigKeys (ConfUtils.java:logGet(43)) - raft.server.log.force.sync.num = 128 (default)
2019-09-11 07:15:54,631 [pool-77-thread-1] INFO  server.RaftServerConfigKeys (ConfUtils.java:logGet(43)) - raft.server.log.force.sync.num = 128 (default)
2019-09-11 07:15:54,631 [pool-47-thread-1] INFO  server.RaftServerConfigKeys (ConfUtils.java:logGet(43)) - raft.server.log.statemachine.data.sync = true (default)
2019-09-11 07:15:54,631 [pool-77-thread-1] INFO  server.RaftServerConfigKeys (ConfUtils.java:logGet(43)) - raft.server.log.statemachine.data.sync = true (default)
2019-09-11 07:15:54,631 [pool-47-thread-1] INFO  server.RaftServerConfigKeys (ConfUtils.java:logGet(43)) - raft.server.log.statemachine.data.sync.timeout = 10s (default)
2019-09-11 07:15:54,631 [pool-77-thread-1] INFO  server.RaftServerConfigKeys (ConfUtils.java:logGet(43)) - raft.server.log.statemachine.data.sync.timeout = 10s (default)
2019-09-11 07:15:54,631 [pool-47-thread-1] INFO  server.RaftServerConfigKeys (ConfUtils.java:logGet(43)) - raft.server.log.statemachine.data.sync.timeout.retry = -1 (default)
2019-09-11 07:15:54,632 [pool-77-thread-1] INFO  server.RaftServerConfigKeys (ConfUtils.java:logGet(43)) - raft.server.log.statemachine.data.sync.timeout.retry = -1 (default)
2019-09-11 07:15:54,632 [pool-47-thread-1] INFO  server.RaftServerConfigKeys (ConfUtils.java:logGet(43)) - raft.server.log.statemachine.data.caching.enabled = true (custom)
2019-09-11 07:15:54,632 [pool-77-thread-1] INFO  server.RaftServerConfigKeys (ConfUtils.java:logGet(43)) - raft.server.log.statemachine.data.caching.enabled = true (custom)
2019-09-11 07:15:54,646 [pool-77-thread-1] INFO  segmented.SegmentedRaftLogWorker (SegmentedRaftLogWorker.java:lambda$new$0(132)) - 76c4c990-655f-4900-b966-affd0bc7639c@group-3E128774BECC-SegmentedRaftLogWorker: flushIndex: setUnconditionally 0 -> -1
2019-09-11 07:15:54,646 [pool-47-thread-1] INFO  segmented.SegmentedRaftLogWorker (SegmentedRaftLogWorker.java:lambda$new$0(132)) - 92412348-7352-40be-aea2-771c347789e7@group-3E128774BECC-SegmentedRaftLogWorker: flushIndex: setUnconditionally 0 -> -1
2019-09-11 07:15:54,646 [pool-27-thread-1] INFO  segmented.SegmentedRaftLogWorker (SegmentedRaftLogWorker.java:lambda$new$0(132)) - cfc25efc-54ed-4d3e-b2b6-13ccffc6d6ca@group-3E128774BECC-SegmentedRaftLogWorker: flushIndex: setUnconditionally 0 -> -1
2019-09-11 07:15:54,647 [pool-77-thread-1] INFO  server.RaftServerConfigKeys (ConfUtils.java:logGet(43)) - raft.server.snapshot.auto.trigger.enabled = true (custom)
2019-09-11 07:15:54,647 [pool-47-thread-1] INFO  server.RaftServerConfigKeys (ConfUtils.java:logGet(43)) - raft.server.snapshot.auto.trigger.enabled = true (custom)
2019-09-11 07:15:54,647 [pool-27-thread-1] INFO  server.RaftServerConfigKeys (ConfUtils.java:logGet(43)) - raft.server.snapshot.auto.trigger.enabled = true (custom)
2019-09-11 07:15:54,647 [pool-77-thread-1] INFO  server.RaftServerConfigKeys (ConfUtils.java:logGet(43)) - raft.server.snapshot.auto.trigger.threshold = 10000 (custom)
2019-09-11 07:15:54,647 [pool-27-thread-1] INFO  server.RaftServerConfigKeys (ConfUtils.java:logGet(43)) - raft.server.snapshot.auto.trigger.threshold = 10000 (custom)
2019-09-11 07:15:54,647 [pool-27-thread-1] INFO  server.RaftServerConfigKeys (ConfUtils.java:logGet(43)) - raft.server.snapshot.retention.num.files = 5 (custom)
2019-09-11 07:15:54,647 [pool-47-thread-1] INFO  server.RaftServerConfigKeys (ConfUtils.java:logGet(43)) - raft.server.snapshot.auto.trigger.threshold = 10000 (custom)
2019-09-11 07:15:54,648 [pool-27-thread-1] INFO  server.RaftServerConfigKeys (ConfUtils.java:logGet(43)) - raft.server.retrycache.expirytime = 600000ms (custom)
2019-09-11 07:15:54,647 [pool-77-thread-1] INFO  server.RaftServerConfigKeys (ConfUtils.java:logGet(43)) - raft.server.snapshot.retention.num.files = 5 (custom)
2019-09-11 07:15:54,648 [pool-47-thread-1] INFO  server.RaftServerConfigKeys (ConfUtils.java:logGet(43)) - raft.server.snapshot.retention.num.files = 5 (custom)
2019-09-11 07:15:54,648 [pool-77-thread-1] INFO  server.RaftServerConfigKeys (ConfUtils.java:logGet(43)) - raft.server.retrycache.expirytime = 600000ms (custom)
2019-09-11 07:15:54,648 [pool-47-thread-1] INFO  server.RaftServerConfigKeys (ConfUtils.java:logGet(43)) - raft.server.retrycache.expirytime = 600000ms (custom)
2019-09-11 07:15:54,652 [pool-27-thread-1] INFO  impl.RaftServerImpl (RaftServerImpl.java:start(185)) - cfc25efc-54ed-4d3e-b2b6-13ccffc6d6ca@group-3E128774BECC: start as a follower, conf=-1: [76c4c990-655f-4900-b966-affd0bc7639c:192.168.5.143:43176, cfc25efc-54ed-4d3e-b2b6-13ccffc6d6ca:192.168.5.143:42744, 92412348-7352-40be-aea2-771c347789e7:192.168.5.143:37352], old=null
2019-09-11 07:15:54,652 [pool-27-thread-1] INFO  impl.RaftServerImpl (RaftServerImpl.java:setRole(174)) - cfc25efc-54ed-4d3e-b2b6-13ccffc6d6ca@group-3E128774BECC: changes role from      null to FOLLOWER at term 0 for startAsFollower
2019-09-11 07:15:54,653 [pool-27-thread-1] INFO  impl.RoleInfo (RoleInfo.java:updateAndGet(143)) - cfc25efc-54ed-4d3e-b2b6-13ccffc6d6ca: start FollowerState
2019-09-11 07:15:54,653 [pool-77-thread-1] INFO  impl.RaftServerImpl (RaftServerImpl.java:start(185)) - 76c4c990-655f-4900-b966-affd0bc7639c@group-3E128774BECC: start as a follower, conf=-1: [76c4c990-655f-4900-b966-affd0bc7639c:192.168.5.143:43176, cfc25efc-54ed-4d3e-b2b6-13ccffc6d6ca:192.168.5.143:42744, 92412348-7352-40be-aea2-771c347789e7:192.168.5.143:37352], old=null
2019-09-11 07:15:54,653 [pool-77-thread-1] INFO  impl.RaftServerImpl (RaftServerImpl.java:setRole(174)) - 76c4c990-655f-4900-b966-affd0bc7639c@group-3E128774BECC: changes role from      null to FOLLOWER at term 0 for startAsFollower
2019-09-11 07:15:54,653 [pool-77-thread-1] INFO  impl.RoleInfo (RoleInfo.java:updateAndGet(143)) - 76c4c990-655f-4900-b966-affd0bc7639c: start FollowerState
2019-09-11 07:15:54,671 [pool-47-thread-1] INFO  impl.RaftServerImpl (RaftServerImpl.java:start(185)) - 92412348-7352-40be-aea2-771c347789e7@group-3E128774BECC: start as a follower, conf=-1: [76c4c990-655f-4900-b966-affd0bc7639c:192.168.5.143:43176, cfc25efc-54ed-4d3e-b2b6-13ccffc6d6ca:192.168.5.143:42744, 92412348-7352-40be-aea2-771c347789e7:192.168.5.143:37352], old=null
2019-09-11 07:15:54,671 [pool-27-thread-1] INFO  util.JmxRegister (JmxRegister.java:tryRegister(44)) - Successfully registered JMX Bean with object name Ratis:service=RaftServer,group=group-3E128774BECC,id=cfc25efc-54ed-4d3e-b2b6-13ccffc6d6ca
2019-09-11 07:15:54,671 [pool-77-thread-1] INFO  util.JmxRegister (JmxRegister.java:tryRegister(44)) - Successfully registered JMX Bean with object name Ratis:service=RaftServer,group=group-3E128774BECC,id=76c4c990-655f-4900-b966-affd0bc7639c
2019-09-11 07:15:54,671 [pool-47-thread-1] INFO  impl.RaftServerImpl (RaftServerImpl.java:setRole(174)) - 92412348-7352-40be-aea2-771c347789e7@group-3E128774BECC: changes role from      null to FOLLOWER at term 0 for startAsFollower
2019-09-11 07:15:54,672 [pool-47-thread-1] INFO  impl.RoleInfo (RoleInfo.java:updateAndGet(143)) - 92412348-7352-40be-aea2-771c347789e7: start FollowerState
2019-09-11 07:15:54,680 [pool-47-thread-1] INFO  util.JmxRegister (JmxRegister.java:tryRegister(44)) - Successfully registered JMX Bean with object name Ratis:service=RaftServer,group=group-3E128774BECC,id=92412348-7352-40be-aea2-771c347789e7
2019-09-11 07:15:54,682 [RatisPipelineUtilsThread] INFO  pipeline.PipelineStateManager (PipelineStateManager.java:addPipeline(56)) - Created pipeline Pipeline[ Id: 46e74e40-c2be-4840-bd83-3e128774becc, Nodes: cfc25efc-54ed-4d3e-b2b6-13ccffc6d6ca{ip: 192.168.5.143, host: pr-hdds-1786-trunk-klbfp-3319181915, networkLocation: /default-rack, certSerialId: null}92412348-7352-40be-aea2-771c347789e7{ip: 192.168.5.143, host: pr-hdds-1786-trunk-klbfp-3319181915, networkLocation: /default-rack, certSerialId: null}76c4c990-655f-4900-b966-affd0bc7639c{ip: 192.168.5.143, host: pr-hdds-1786-trunk-klbfp-3319181915, networkLocation: /default-rack, certSerialId: null}, Type:RATIS, Factor:THREE, State:OPEN]
2019-09-11 07:15:54,810 [grpc-default-executor-8] INFO  client.GrpcClientProtocolClient (GrpcClientProtocolClient.java:onNext(264)) - client-06A642BA2C02->094d95bb-124f-4491-a67a-8d0b5b434983: receive RaftClientReply:client-06A642BA2C02->094d95bb-124f-4491-a67a-8d0b5b434983@group-59D25F489DB2, cid=239, SUCCESS, logIndex=5, commits[094d95bb-124f-4491-a67a-8d0b5b434983:c5, dd774419-39ed-4d90-9a0e-7a7d67fca22a:c4, b48366ef-6f68-46c9-99e7-9871be9f97bc:c4]
2019-09-11 07:15:54,899 [grpc-default-executor-9] INFO  client.GrpcClientProtocolClient (GrpcClientProtocolClient.java:onNext(264)) - client-06A642BA2C02->094d95bb-124f-4491-a67a-8d0b5b434983: receive RaftClientReply:client-06A642BA2C02->094d95bb-124f-4491-a67a-8d0b5b434983@group-59D25F489DB2, cid=240, SUCCESS, logIndex=7, commits[094d95bb-124f-4491-a67a-8d0b5b434983:c8, dd774419-39ed-4d90-9a0e-7a7d67fca22a:c6, b48366ef-6f68-46c9-99e7-9871be9f97bc:c6]
2019-09-11 07:15:54,989 [grpc-default-executor-6] INFO  client.GrpcClientProtocolClient (GrpcClientProtocolClient.java:onNext(264)) - client-06A642BA2C02->094d95bb-124f-4491-a67a-8d0b5b434983: receive RaftClientReply:client-06A642BA2C02->094d95bb-124f-4491-a67a-8d0b5b434983@group-59D25F489DB2, cid=241, SUCCESS, logIndex=8, commits[094d95bb-124f-4491-a67a-8d0b5b434983:c16, dd774419-39ed-4d90-9a0e-7a7d67fca22a:c11, b48366ef-6f68-46c9-99e7-9871be9f97bc:c11]
2019-09-11 07:15:54,990 [grpc-default-executor-6] INFO  client.GrpcClientProtocolClient (GrpcClientProtocolClient.java:onNext(264)) - client-06A642BA2C02->094d95bb-124f-4491-a67a-8d0b5b434983: receive RaftClientReply:client-06A642BA2C02->094d95bb-124f-4491-a67a-8d0b5b434983@group-59D25F489DB2, cid=242, SUCCESS, logIndex=9, commits[094d95bb-124f-4491-a67a-8d0b5b434983:c16, dd774419-39ed-4d90-9a0e-7a7d67fca22a:c11, b48366ef-6f68-46c9-99e7-9871be9f97bc:c11]
2019-09-11 07:15:54,993 [grpc-default-executor-6] INFO  client.GrpcClientProtocolClient (GrpcClientProtocolClient.java:onNext(264)) - client-06A642BA2C02->094d95bb-124f-4491-a67a-8d0b5b434983: receive RaftClientReply:client-06A642BA2C02->094d95bb-124f-4491-a67a-8d0b5b434983@group-59D25F489DB2, cid=243, SUCCESS, logIndex=10, commits[094d95bb-124f-4491-a67a-8d0b5b434983:c16, dd774419-39ed-4d90-9a0e-7a7d67fca22a:c11, b48366ef-6f68-46c9-99e7-9871be9f97bc:c11]
2019-09-11 07:15:55,179 [grpc-default-executor-6] INFO  client.GrpcClientProtocolClient (GrpcClientProtocolClient.java:onNext(264)) - client-06A642BA2C02->094d95bb-124f-4491-a67a-8d0b5b434983: receive RaftClientReply:client-06A642BA2C02->094d95bb-124f-4491-a67a-8d0b5b434983@group-59D25F489DB2, cid=244, SUCCESS, logIndex=11, commits[094d95bb-124f-4491-a67a-8d0b5b434983:c16, dd774419-39ed-4d90-9a0e-7a7d67fca22a:c11, b48366ef-6f68-46c9-99e7-9871be9f97bc:c11]
]]></system-out>
  </testcase>
</testsuite>