<?xml version="1.0" encoding="UTF-8"?>
<testsuite xmlns:xsi="http://www.w3.org/2001/XMLSchema-instance" xsi:noNamespaceSchemaLocation="https://maven.apache.org/surefire/maven-surefire-plugin/xsd/surefire-test-report.xsd" name="org.apache.hadoop.ozone.client.rpc.TestMultiBlockWritesWithDnFailures" time="153.562" tests="2" errors="1" skipped="0" failures="0">
  <properties>
    <property name="awt.toolkit" value="sun.awt.X11.XToolkit"/>
    <property name="file.encoding.pkg" value="sun.io"/>
    <property name="java.specification.version" value="1.8"/>
    <property name="sun.cpu.isalist" value=""/>
    <property name="sun.jnu.encoding" value="UTF-8"/>
    <property name="java.class.path" value="/workdir/hadoop-ozone/integration-test/target/test-classes:/workdir/hadoop-ozone/integration-test/target/classes:/home/user/.m2/repository/org/apache/hadoop/hadoop-ozone-common/0.5.0-SNAPSHOT/hadoop-ozone-common-0.5.0-SNAPSHOT.jar:/home/user/.m2/repository/org/apache/commons/commons-compress/1.4.1/commons-compress-1.4.1.jar:/home/user/.m2/repository/org/tukaani/xz/1.0/xz-1.0.jar:/home/user/.m2/repository/org/apache/hadoop/hadoop-common/3.2.0/hadoop-common-3.2.0.jar:/home/user/.m2/repository/org/apache/hadoop/hadoop-hdfs/3.2.0/hadoop-hdfs-3.2.0.jar:/home/user/.m2/repository/org/apache/hadoop/hadoop-hdfs-client/3.2.0/hadoop-hdfs-client-3.2.0.jar:/home/user/.m2/repository/com/fasterxml/jackson/core/jackson-annotations/2.9.5/jackson-annotations-2.9.5.jar:/home/user/.m2/repository/org/apache/hadoop/hadoop-hdds-common/0.5.0-SNAPSHOT/hadoop-hdds-common-0.5.0-SNAPSHOT.jar:/home/user/.m2/repository/javax/annotation/javax.annotation-api/1.2/javax.annotation-api-1.2.jar:/home/user/.m2/repository/org/apache/ratis/ratis-server/0.4.0-78e95b9-SNAPSHOT/ratis-server-0.4.0-78e95b9-SNAPSHOT.jar:/home/user/.m2/repository/org/apache/ratis/ratis-thirdparty-misc/0.2.0/ratis-thirdparty-misc-0.2.0.jar:/home/user/.m2/repository/org/apache/ratis/ratis-proto/0.4.0-78e95b9-SNAPSHOT/ratis-proto-0.4.0-78e95b9-SNAPSHOT.jar:/home/user/.m2/repository/org/apache/ratis/ratis-common/0.4.0-78e95b9-SNAPSHOT/ratis-common-0.4.0-78e95b9-SNAPSHOT.jar:/home/user/.m2/repository/org/apache/ratis/ratis-client/0.4.0-78e95b9-SNAPSHOT/ratis-client-0.4.0-78e95b9-SNAPSHOT.jar:/home/user/.m2/repository/org/apache/ratis/ratis-metrics/0.4.0-78e95b9-SNAPSHOT/ratis-metrics-0.4.0-78e95b9-SNAPSHOT.jar:/home/user/.m2/repository/com/github/joshelser/dropwizard-metrics-hadoop-metrics2-reporter/0.1.2/dropwizard-metrics-hadoop-metrics2-reporter-0.1.2.jar:/home/user/.m2/repository/io/dropwizard/metrics/metrics-jvm/3.2.5/metrics-jvm-3.2.5.jar:/home/user/.m2/repository/io/dropwizard/metrics/metrics-ganglia/3.2.5/metrics-ganglia-3.2.5.jar:/home/user/.m2/repository/info/ganglia/gmetric4j/gmetric4j/1.0.7/gmetric4j-1.0.7.jar:/home/user/.m2/repository/org/apache/ratis/ratis-netty/0.4.0-78e95b9-SNAPSHOT/ratis-netty-0.4.0-78e95b9-SNAPSHOT.jar:/home/user/.m2/repository/org/apache/ratis/ratis-grpc/0.4.0-78e95b9-SNAPSHOT/ratis-grpc-0.4.0-78e95b9-SNAPSHOT.jar:/home/user/.m2/repository/org/rocksdb/rocksdbjni/6.0.1/rocksdbjni-6.0.1.jar:/home/user/.m2/repository/org/apache/logging/log4j/log4j-api/2.11.0/log4j-api-2.11.0.jar:/home/user/.m2/repository/org/apache/logging/log4j/log4j-core/2.11.0/log4j-core-2.11.0.jar:/home/user/.m2/repository/com/lmax/disruptor/3.4.2/disruptor-3.4.2.jar:/home/user/.m2/repository/org/apache/commons/commons-pool2/2.6.0/commons-pool2-2.6.0.jar:/home/user/.m2/repository/org/bouncycastle/bcpkix-jdk15on/1.60/bcpkix-jdk15on-1.60.jar:/home/user/.m2/repository/commons-validator/commons-validator/1.6/commons-validator-1.6.jar:/home/user/.m2/repository/commons-digester/commons-digester/1.8.1/commons-digester-1.8.1.jar:/home/user/.m2/repository/io/jaegertracing/jaeger-client/0.33.1/jaeger-client-0.33.1.jar:/home/user/.m2/repository/io/jaegertracing/jaeger-thrift/0.33.1/jaeger-thrift-0.33.1.jar:/home/user/.m2/repository/org/apache/thrift/libthrift/0.11.0/libthrift-0.11.0.jar:/home/user/.m2/repository/com/squareup/okhttp3/okhttp/3.9.0/okhttp-3.9.0.jar:/home/user/.m2/repository/com/squareup/okio/okio/1.13.0/okio-1.13.0.jar:/home/user/.m2/repository/io/jaegertracing/jaeger-core/0.33.1/jaeger-core-0.33.1.jar:/home/user/.m2/repository/io/jaegertracing/jaeger-tracerresolver/0.33.1/jaeger-tracerresolver-0.33.1.jar:/home/user/.m2/repository/io/opentracing/contrib/opentracing-tracerresolver/0.1.5/opentracing-tracerresolver-0.1.5.jar:/home/user/.m2/repository/io/opentracing/opentracing-util/0.31.0/opentracing-util-0.31.0.jar:/home/user/.m2/repository/io/opentracing/opentracing-api/0.31.0/opentracing-api-0.31.0.jar:/home/user/.m2/repository/io/opentracing/opentracing-noop/0.31.0/opentracing-noop-0.31.0.jar:/home/user/.m2/repository/org/apache/hadoop/hadoop-hdds-server-framework/0.5.0-SNAPSHOT/hadoop-hdds-server-framework-0.5.0-SNAPSHOT.jar:/home/user/.m2/repository/org/apache/hadoop/hadoop-hdds-container-service/0.5.0-SNAPSHOT/hadoop-hdds-container-service-0.5.0-SNAPSHOT.jar:/home/user/.m2/repository/org/apache/hadoop/hadoop-hdds-client/0.5.0-SNAPSHOT/hadoop-hdds-client-0.5.0-SNAPSHOT.jar:/home/user/.m2/repository/org/apache/hadoop/hadoop-hdds-tools/0.5.0-SNAPSHOT/hadoop-hdds-tools-0.5.0-SNAPSHOT.jar:/home/user/.m2/repository/org/apache/hadoop/hadoop-hdds-server-scm/0.5.0-SNAPSHOT/hadoop-hdds-server-scm-0.5.0-SNAPSHOT.jar:/home/user/.m2/repository/org/apache/hadoop/hadoop-hdds-docs/0.5.0-SNAPSHOT/hadoop-hdds-docs-0.5.0-SNAPSHOT.jar:/home/user/.m2/repository/io/dropwizard/metrics/metrics-core/3.2.4/metrics-core-3.2.4.jar:/home/user/.m2/repository/org/hamcrest/hamcrest-all/1.3/hamcrest-all-1.3.jar:/home/user/.m2/repository/org/bouncycastle/bcprov-jdk15on/1.60/bcprov-jdk15on-1.60.jar:/home/user/.m2/repository/info/picocli/picocli/3.9.6/picocli-3.9.6.jar:/home/user/.m2/repository/com/google/protobuf/protobuf-java/2.5.0/protobuf-java-2.5.0.jar:/home/user/.m2/repository/com/google/guava/guava/11.0.2/guava-11.0.2.jar:/home/user/.m2/repository/org/apache/hadoop/hadoop-ozone-ozone-manager/0.5.0-SNAPSHOT/hadoop-ozone-ozone-manager-0.5.0-SNAPSHOT.jar:/home/user/.m2/repository/org/apache/hadoop/hadoop-minikdc/3.2.0/hadoop-minikdc-3.2.0.jar:/home/user/.m2/repository/commons-io/commons-io/2.5/commons-io-2.5.jar:/home/user/.m2/repository/org/apache/kerby/kerb-simplekdc/1.0.1/kerb-simplekdc-1.0.1.jar:/home/user/.m2/repository/org/apache/kerby/kerb-client/1.0.1/kerb-client-1.0.1.jar:/home/user/.m2/repository/org/apache/kerby/kerby-config/1.0.1/kerby-config-1.0.1.jar:/home/user/.m2/repository/org/apache/kerby/kerb-core/1.0.1/kerb-core-1.0.1.jar:/home/user/.m2/repository/org/apache/kerby/kerby-pkix/1.0.1/kerby-pkix-1.0.1.jar:/home/user/.m2/repository/org/apache/kerby/kerby-asn1/1.0.1/kerby-asn1-1.0.1.jar:/home/user/.m2/repository/org/apache/kerby/kerby-util/1.0.1/kerby-util-1.0.1.jar:/home/user/.m2/repository/org/apache/kerby/kerb-common/1.0.1/kerb-common-1.0.1.jar:/home/user/.m2/repository/org/apache/kerby/kerb-crypto/1.0.1/kerb-crypto-1.0.1.jar:/home/user/.m2/repository/org/apache/kerby/kerb-util/1.0.1/kerb-util-1.0.1.jar:/home/user/.m2/repository/org/apache/kerby/token-provider/1.0.1/token-provider-1.0.1.jar:/home/user/.m2/repository/org/apache/kerby/kerb-admin/1.0.1/kerb-admin-1.0.1.jar:/home/user/.m2/repository/org/apache/kerby/kerb-server/1.0.1/kerb-server-1.0.1.jar:/home/user/.m2/repository/org/apache/kerby/kerb-identity/1.0.1/kerb-identity-1.0.1.jar:/home/user/.m2/repository/org/apache/kerby/kerby-xdr/1.0.1/kerby-xdr-1.0.1.jar:/home/user/.m2/repository/org/slf4j/slf4j-log4j12/1.7.25/slf4j-log4j12-1.7.25.jar:/home/user/.m2/repository/org/apache/hadoop/hadoop-ozone-s3gateway/0.5.0-SNAPSHOT/hadoop-ozone-s3gateway-0.5.0-SNAPSHOT.jar:/home/user/.m2/repository/org/jboss/weld/servlet/weld-servlet/2.4.7.Final/weld-servlet-2.4.7.Final.jar:/home/user/.m2/repository/org/glassfish/jersey/containers/jersey-container-servlet-core/2.27/jersey-container-servlet-core-2.27.jar:/home/user/.m2/repository/org/glassfish/hk2/external/javax.inject/2.5.0-b42/javax.inject-2.5.0-b42.jar:/home/user/.m2/repository/org/glassfish/jersey/core/jersey-common/2.27/jersey-common-2.27.jar:/home/user/.m2/repository/org/glassfish/hk2/osgi-resource-locator/1.0.1/osgi-resource-locator-1.0.1.jar:/home/user/.m2/repository/javax/ws/rs/javax.ws.rs-api/2.1/javax.ws.rs-api-2.1.jar:/home/user/.m2/repository/org/glassfish/jersey/ext/cdi/jersey-cdi1x/2.27/jersey-cdi1x-2.27.jar:/home/user/.m2/repository/org/glassfish/jersey/inject/jersey-hk2/2.27/jersey-hk2-2.27.jar:/home/user/.m2/repository/org/glassfish/hk2/hk2-locator/2.5.0-b42/hk2-locator-2.5.0-b42.jar:/home/user/.m2/repository/org/javassist/javassist/3.22.0-CR2/javassist-3.22.0-CR2.jar:/home/user/.m2/repository/org/glassfish/hk2/hk2-api/2.5.0/hk2-api-2.5.0.jar:/home/user/.m2/repository/org/glassfish/hk2/external/jakarta.inject/2.5.0/jakarta.inject-2.5.0.jar:/home/user/.m2/repository/org/glassfish/hk2/hk2-utils/2.5.0/hk2-utils-2.5.0.jar:/home/user/.m2/repository/jakarta/annotation/jakarta.annotation-api/1.3.4/jakarta.annotation-api-1.3.4.jar:/home/user/.m2/repository/org/glassfish/hk2/external/aopalliance-repackaged/2.5.0/aopalliance-repackaged-2.5.0.jar:/home/user/.m2/repository/com/fasterxml/jackson/dataformat/jackson-dataformat-xml/2.9.0/jackson-dataformat-xml-2.9.0.jar:/home/user/.m2/repository/com/fasterxml/jackson/core/jackson-core/2.9.5/jackson-core-2.9.5.jar:/home/user/.m2/repository/com/fasterxml/jackson/module/jackson-module-jaxb-annotations/2.9.5/jackson-module-jaxb-annotations-2.9.5.jar:/home/user/.m2/repository/javax/enterprise/cdi-api/1.2/cdi-api-1.2.jar:/home/user/.m2/repository/javax/el/javax.el-api/3.0.0/javax.el-api-3.0.0.jar:/home/user/.m2/repository/javax/interceptor/javax.interceptor-api/1.2/javax.interceptor-api-1.2.jar:/home/user/.m2/repository/javax/inject/javax.inject/1/javax.inject-1.jar:/home/user/.m2/repository/com/sun/xml/bind/jaxb-impl/2.3.0.1/jaxb-impl-2.3.0.1.jar:/home/user/.m2/repository/com/sun/xml/bind/jaxb-core/2.3.0.1/jaxb-core-2.3.0.1.jar:/home/user/.m2/repository/javax/xml/bind/jaxb-api/2.3.0/jaxb-api-2.3.0.jar:/home/user/.m2/repository/javax/activation/activation/1.1.1/activation-1.1.1.jar:/home/user/.m2/repository/org/apache/hadoop/hadoop-ozone-csi/0.5.0-SNAPSHOT/hadoop-ozone-csi-0.5.0-SNAPSHOT.jar:/home/user/.m2/repository/com/google/protobuf/protobuf-java-util/3.5.1/protobuf-java-util-3.5.1.jar:/home/user/.m2/repository/org/apache/hadoop/hadoop-hdds-config/0.5.0-SNAPSHOT/hadoop-hdds-config-0.5.0-SNAPSHOT.jar:/home/user/.m2/repository/io/grpc/grpc-netty/1.17.1/grpc-netty-1.17.1.jar:/home/user/.m2/repository/io/grpc/grpc-core/1.17.1/grpc-core-1.17.1.jar:/home/user/.m2/repository/io/grpc/grpc-context/1.17.1/grpc-context-1.17.1.jar:/home/user/.m2/repository/com/google/errorprone/error_prone_annotations/2.2.0/error_prone_annotations-2.2.0.jar:/home/user/.m2/repository/org/codehaus/mojo/animal-sniffer-annotations/1.17/animal-sniffer-annotations-1.17.jar:/home/user/.m2/repository/io/opencensus/opencensus-api/0.17.0/opencensus-api-0.17.0.jar:/home/user/.m2/repository/io/opencensus/opencensus-contrib-grpc-metrics/0.17.0/opencensus-contrib-grpc-metrics-0.17.0.jar:/home/user/.m2/repository/io/netty/netty-codec-http2/4.1.30.Final/netty-codec-http2-4.1.30.Final.jar:/home/user/.m2/repository/io/netty/netty-codec-http/4.1.30.Final/netty-codec-http-4.1.30.Final.jar:/home/user/.m2/repository/io/netty/netty-codec/4.1.30.Final/netty-codec-4.1.30.Final.jar:/home/user/.m2/repository/io/netty/netty-handler/4.1.30.Final/netty-handler-4.1.30.Final.jar:/home/user/.m2/repository/io/netty/netty-handler-proxy/4.1.30.Final/netty-handler-proxy-4.1.30.Final.jar:/home/user/.m2/repository/io/netty/netty-codec-socks/4.1.30.Final/netty-codec-socks-4.1.30.Final.jar:/home/user/.m2/repository/io/netty/netty-transport-native-epoll/4.1.30.Final/netty-transport-native-epoll-4.1.30.Final.jar:/home/user/.m2/repository/io/netty/netty-common/4.1.30.Final/netty-common-4.1.30.Final.jar:/home/user/.m2/repository/io/netty/netty-buffer/4.1.30.Final/netty-buffer-4.1.30.Final.jar:/home/user/.m2/repository/io/netty/netty-transport/4.1.30.Final/netty-transport-4.1.30.Final.jar:/home/user/.m2/repository/io/netty/netty-resolver/4.1.30.Final/netty-resolver-4.1.30.Final.jar:/home/user/.m2/repository/io/netty/netty-transport-native-unix-common/4.1.30.Final/netty-transport-native-unix-common-4.1.30.Final.jar:/home/user/.m2/repository/io/grpc/grpc-protobuf/1.17.1/grpc-protobuf-1.17.1.jar:/home/user/.m2/repository/com/google/api/grpc/proto-google-common-protos/1.0.0/proto-google-common-protos-1.0.0.jar:/home/user/.m2/repository/io/grpc/grpc-protobuf-lite/1.17.1/grpc-protobuf-lite-1.17.1.jar:/home/user/.m2/repository/io/grpc/grpc-stub/1.17.1/grpc-stub-1.17.1.jar:/home/user/.m2/repository/org/apache/hadoop/hadoop-ozone-recon/0.5.0-SNAPSHOT/hadoop-ozone-recon-0.5.0-SNAPSHOT.jar:/home/user/.m2/repository/org/apache/hadoop/hadoop-ozone-reconcodegen/0.5.0-SNAPSHOT/hadoop-ozone-reconcodegen-0.5.0-SNAPSHOT.jar:/home/user/.m2/repository/com/google/inject/extensions/guice-multibindings/4.0/guice-multibindings-4.0.jar:/home/user/.m2/repository/com/google/inject/guice/4.0/guice-4.0.jar:/home/user/.m2/repository/aopalliance/aopalliance/1.0/aopalliance-1.0.jar:/home/user/.m2/repository/com/google/inject/extensions/guice-servlet/4.0/guice-servlet-4.0.jar:/home/user/.m2/repository/org/glassfish/jersey/containers/jersey-container-servlet/2.27/jersey-container-servlet-2.27.jar:/home/user/.m2/repository/org/glassfish/hk2/guice-bridge/2.5.0/guice-bridge-2.5.0.jar:/home/user/.m2/repository/org/glassfish/jersey/core/jersey-server/2.27/jersey-server-2.27.jar:/home/user/.m2/repository/org/glassfish/jersey/core/jersey-client/2.27/jersey-client-2.27.jar:/home/user/.m2/repository/org/glassfish/jersey/media/jersey-media-jaxb/2.27/jersey-media-jaxb-2.27.jar:/home/user/.m2/repository/javax/validation/validation-api/1.1.0.Final/validation-api-1.1.0.Final.jar:/home/user/.m2/repository/org/glassfish/jersey/media/jersey-media-json-jackson/2.27/jersey-media-json-jackson-2.27.jar:/home/user/.m2/repository/org/glassfish/jersey/ext/jersey-entity-filtering/2.27/jersey-entity-filtering-2.27.jar:/home/user/.m2/repository/com/google/inject/extensions/guice-assistedinject/4.0/guice-assistedinject-4.0.jar:/home/user/.m2/repository/org/jooq/jooq/3.11.10/jooq-3.11.10.jar:/home/user/.m2/repository/org/jooq/jooq-meta/3.11.10/jooq-meta-3.11.10.jar:/home/user/.m2/repository/org/jooq/jooq-codegen/3.11.10/jooq-codegen-3.11.10.jar:/home/user/.m2/repository/com/jolbox/bonecp/0.8.0.RELEASE/bonecp-0.8.0.RELEASE.jar:/home/user/.m2/repository/org/xerial/sqlite-jdbc/3.25.2/sqlite-jdbc-3.25.2.jar:/home/user/.m2/repository/org/springframework/spring-jdbc/5.1.3.RELEASE/spring-jdbc-5.1.3.RELEASE.jar:/home/user/.m2/repository/org/springframework/spring-beans/5.1.3.RELEASE/spring-beans-5.1.3.RELEASE.jar:/home/user/.m2/repository/org/springframework/spring-core/5.1.3.RELEASE/spring-core-5.1.3.RELEASE.jar:/home/user/.m2/repository/org/springframework/spring-jcl/5.1.3.RELEASE/spring-jcl-5.1.3.RELEASE.jar:/home/user/.m2/repository/org/springframework/spring-tx/5.1.3.RELEASE/spring-tx-5.1.3.RELEASE.jar:/home/user/.m2/repository/org/apache/hadoop/hadoop-ozone-client/0.5.0-SNAPSHOT/hadoop-ozone-client-0.5.0-SNAPSHOT.jar:/home/user/.m2/repository/commons-lang/commons-lang/2.6/commons-lang-2.6.jar:/home/user/.m2/repository/org/apache/hadoop/hadoop-ozone-ozone-manager/0.5.0-SNAPSHOT/hadoop-ozone-ozone-manager-0.5.0-SNAPSHOT-tests.jar:/home/user/.m2/repository/junit/junit/4.11/junit-4.11.jar:/home/user/.m2/repository/org/hamcrest/hamcrest-core/1.3/hamcrest-core-1.3.jar:/home/user/.m2/repository/org/openjdk/jmh/jmh-core/1.19/jmh-core-1.19.jar:/home/user/.m2/repository/net/sf/jopt-simple/jopt-simple/4.6/jopt-simple-4.6.jar:/home/user/.m2/repository/org/apache/commons/commons-math3/3.1.1/commons-math3-3.1.1.jar:/home/user/.m2/repository/org/openjdk/jmh/jmh-generator-annprocess/1.19/jmh-generator-annprocess-1.19.jar:/home/user/.m2/repository/org/mockito/mockito-all/1.8.5/mockito-all-1.8.5.jar:/home/user/.m2/repository/org/apache/hadoop/hadoop-kms/3.2.0/hadoop-kms-3.2.0.jar:/home/user/.m2/repository/org/apache/hadoop/hadoop-auth/3.2.0/hadoop-auth-3.2.0.jar:/home/user/.m2/repository/com/nimbusds/nimbus-jose-jwt/4.41.1/nimbus-jose-jwt-4.41.1.jar:/home/user/.m2/repository/com/github/stephenc/jcip/jcip-annotations/1.0-1/jcip-annotations-1.0-1.jar:/home/user/.m2/repository/net/minidev/json-smart/2.3/json-smart-2.3.jar:/home/user/.m2/repository/net/minidev/accessors-smart/1.2/accessors-smart-1.2.jar:/home/user/.m2/repository/org/ow2/asm/asm/5.0.4/asm-5.0.4.jar:/home/user/.m2/repository/org/apache/curator/curator-framework/2.12.0/curator-framework-2.12.0.jar:/home/user/.m2/repository/com/sun/jersey/jersey-core/1.19/jersey-core-1.19.jar:/home/user/.m2/repository/javax/ws/rs/jsr311-api/1.1.1/jsr311-api-1.1.1.jar:/home/user/.m2/repository/com/sun/jersey/jersey-server/1.19/jersey-server-1.19.jar:/home/user/.m2/repository/javax/servlet/javax.servlet-api/3.1.0/javax.servlet-api-3.1.0.jar:/home/user/.m2/repository/org/eclipse/jetty/jetty-server/9.3.24.v20180605/jetty-server-9.3.24.v20180605.jar:/home/user/.m2/repository/org/eclipse/jetty/jetty-http/9.3.24.v20180605/jetty-http-9.3.24.v20180605.jar:/home/user/.m2/repository/org/eclipse/jetty/jetty-io/9.3.24.v20180605/jetty-io-9.3.24.v20180605.jar:/home/user/.m2/repository/org/eclipse/jetty/jetty-webapp/9.3.24.v20180605/jetty-webapp-9.3.24.v20180605.jar:/home/user/.m2/repository/org/eclipse/jetty/jetty-xml/9.3.24.v20180605/jetty-xml-9.3.24.v20180605.jar:/home/user/.m2/repository/log4j/log4j/1.2.17/log4j-1.2.17.jar:/home/user/.m2/repository/org/slf4j/slf4j-api/1.7.25/slf4j-api-1.7.25.jar:/home/user/.m2/repository/org/slf4j/jul-to-slf4j/1.7.25/jul-to-slf4j-1.7.25.jar:/home/user/.m2/repository/org/eclipse/jetty/jetty-util/9.3.24.v20180605/jetty-util-9.3.24.v20180605.jar:/home/user/.m2/repository/com/fasterxml/jackson/core/jackson-databind/2.9.5/jackson-databind-2.9.5.jar:/home/user/.m2/repository/org/apache/hadoop/hadoop-kms/3.2.0/hadoop-kms-3.2.0-tests.jar:/home/user/.m2/repository/org/apache/hadoop/hadoop-hdds-server-scm/0.5.0-SNAPSHOT/hadoop-hdds-server-scm-0.5.0-SNAPSHOT-tests.jar:/home/user/.m2/repository/org/apache/hadoop/hadoop-hdds-container-service/0.5.0-SNAPSHOT/hadoop-hdds-container-service-0.5.0-SNAPSHOT-tests.jar:/home/user/.m2/repository/org/yaml/snakeyaml/1.16/snakeyaml-1.16.jar:/home/user/.m2/repository/org/apache/hadoop/hadoop-common/3.2.0/hadoop-common-3.2.0-tests.jar:/home/user/.m2/repository/org/apache/hadoop/hadoop-annotations/3.2.0/hadoop-annotations-3.2.0.jar:/usr/lib/jvm/java-1.8-openjdk/jre/../lib/tools.jar:/home/user/.m2/repository/commons-cli/commons-cli/1.2/commons-cli-1.2.jar:/home/user/.m2/repository/org/apache/httpcomponents/httpclient/4.5.2/httpclient-4.5.2.jar:/home/user/.m2/repository/org/apache/httpcomponents/httpcore/4.4.4/httpcore-4.4.4.jar:/home/user/.m2/repository/commons-codec/commons-codec/1.11/commons-codec-1.11.jar:/home/user/.m2/repository/commons-net/commons-net/3.6/commons-net-3.6.jar:/home/user/.m2/repository/commons-collections/commons-collections/3.2.2/commons-collections-3.2.2.jar:/home/user/.m2/repository/org/eclipse/jetty/jetty-servlet/9.3.24.v20180605/jetty-servlet-9.3.24.v20180605.jar:/home/user/.m2/repository/org/eclipse/jetty/jetty-security/9.3.24.v20180605/jetty-security-9.3.24.v20180605.jar:/home/user/.m2/repository/javax/servlet/jsp/jsp-api/2.1/jsp-api-2.1.jar:/home/user/.m2/repository/com/sun/jersey/jersey-servlet/1.19/jersey-servlet-1.19.jar:/home/user/.m2/repository/com/sun/jersey/jersey-json/1.19/jersey-json-1.19.jar:/home/user/.m2/repository/org/codehaus/jettison/jettison/1.1/jettison-1.1.jar:/home/user/.m2/repository/org/codehaus/jackson/jackson-core-asl/1.9.13/jackson-core-asl-1.9.13.jar:/home/user/.m2/repository/org/codehaus/jackson/jackson-mapper-asl/1.9.13/jackson-mapper-asl-1.9.13.jar:/home/user/.m2/repository/org/codehaus/jackson/jackson-jaxrs/1.9.13/jackson-jaxrs-1.9.13.jar:/home/user/.m2/repository/org/codehaus/jackson/jackson-xc/1.9.13/jackson-xc-1.9.13.jar:/home/user/.m2/repository/commons-logging/commons-logging/1.1.3/commons-logging-1.1.3.jar:/home/user/.m2/repository/commons-beanutils/commons-beanutils/1.9.3/commons-beanutils-1.9.3.jar:/home/user/.m2/repository/org/apache/commons/commons-configuration2/2.1.1/commons-configuration2-2.1.1.jar:/home/user/.m2/repository/org/apache/commons/commons-lang3/3.7/commons-lang3-3.7.jar:/home/user/.m2/repository/org/apache/commons/commons-text/1.4/commons-text-1.4.jar:/home/user/.m2/repository/org/apache/avro/avro/1.7.7/avro-1.7.7.jar:/home/user/.m2/repository/com/thoughtworks/paranamer/paranamer/2.3/paranamer-2.3.jar:/home/user/.m2/repository/org/xerial/snappy/snappy-java/1.0.5/snappy-java-1.0.5.jar:/home/user/.m2/repository/com/google/re2j/re2j/1.1/re2j-1.1.jar:/home/user/.m2/repository/com/google/code/gson/gson/2.2.4/gson-2.2.4.jar:/home/user/.m2/repository/com/jcraft/jsch/0.1.54/jsch-0.1.54.jar:/home/user/.m2/repository/org/apache/curator/curator-client/2.12.0/curator-client-2.12.0.jar:/home/user/.m2/repository/org/apache/curator/curator-recipes/2.12.0/curator-recipes-2.12.0.jar:/home/user/.m2/repository/com/google/code/findbugs/jsr305/3.0.0/jsr305-3.0.0.jar:/home/user/.m2/repository/org/apache/htrace/htrace-core4/4.1.0-incubating/htrace-core4-4.1.0-incubating.jar:/home/user/.m2/repository/org/apache/zookeeper/zookeeper/3.4.13/zookeeper-3.4.13.jar:/home/user/.m2/repository/org/apache/yetus/audience-annotations/0.5.0/audience-annotations-0.5.0.jar:/home/user/.m2/repository/org/codehaus/woodstox/stax2-api/3.1.4/stax2-api-3.1.4.jar:/home/user/.m2/repository/com/fasterxml/woodstox/woodstox-core/5.0.3/woodstox-core-5.0.3.jar:/home/user/.m2/repository/dnsjava/dnsjava/2.1.7/dnsjava-2.1.7.jar:/home/user/.m2/repository/org/apache/hadoop/hadoop-hdfs/3.2.0/hadoop-hdfs-3.2.0-tests.jar:/home/user/.m2/repository/org/eclipse/jetty/jetty-util-ajax/9.3.24.v20180605/jetty-util-ajax-9.3.24.v20180605.jar:/home/user/.m2/repository/commons-daemon/commons-daemon/1.0.13/commons-daemon-1.0.13.jar:/home/user/.m2/repository/io/netty/netty/3.10.5.Final/netty-3.10.5.Final.jar:/home/user/.m2/repository/io/netty/netty-all/4.0.52.Final/netty-all-4.0.52.Final.jar:/home/user/.m2/repository/org/fusesource/leveldbjni/leveldbjni-all/1.8/leveldbjni-all-1.8.jar:"/>
    <property name="java.vm.vendor" value="IcedTea"/>
    <property name="sun.arch.data.model" value="64"/>
    <property name="test.build.dir" value="/workdir/hadoop-ozone/integration-test/target/test-dir"/>
    <property name="test.cache.data" value=""/>
    <property name="java.vendor.url" value="https://icedtea.classpath.org"/>
    <property name="user.timezone" value=""/>
    <property name="java.vm.specification.version" value="1.8"/>
    <property name="os.name" value="Linux"/>
    <property name="test.build.data" value="/workdir/hadoop-ozone/integration-test/target/test-dir"/>
    <property name="user.country" value="US"/>
    <property name="sun.java.launcher" value="SUN_STANDARD"/>
    <property name="sun.boot.library.path" value="/usr/lib/jvm/java-1.8-openjdk/jre/lib/amd64"/>
    <property name="sun.java.command" value="/workdir/hadoop-ozone/integration-test/target/surefire/surefirebooter8030675207925600834.jar /workdir/hadoop-ozone/integration-test/target/surefire 2019-09-11T05-57-26_031-jvmRun1 surefire2873926820929061055tmp surefire_315416086713363585555tmp"/>
    <property name="test" value="!TestMiniChaosOzoneCluster"/>
    <property name="surefire.test.class.path" value="/workdir/hadoop-ozone/integration-test/target/test-classes:/workdir/hadoop-ozone/integration-test/target/classes:/home/user/.m2/repository/org/apache/hadoop/hadoop-ozone-common/0.5.0-SNAPSHOT/hadoop-ozone-common-0.5.0-SNAPSHOT.jar:/home/user/.m2/repository/org/apache/commons/commons-compress/1.4.1/commons-compress-1.4.1.jar:/home/user/.m2/repository/org/tukaani/xz/1.0/xz-1.0.jar:/home/user/.m2/repository/org/apache/hadoop/hadoop-common/3.2.0/hadoop-common-3.2.0.jar:/home/user/.m2/repository/org/apache/hadoop/hadoop-hdfs/3.2.0/hadoop-hdfs-3.2.0.jar:/home/user/.m2/repository/org/apache/hadoop/hadoop-hdfs-client/3.2.0/hadoop-hdfs-client-3.2.0.jar:/home/user/.m2/repository/com/fasterxml/jackson/core/jackson-annotations/2.9.5/jackson-annotations-2.9.5.jar:/home/user/.m2/repository/org/apache/hadoop/hadoop-hdds-common/0.5.0-SNAPSHOT/hadoop-hdds-common-0.5.0-SNAPSHOT.jar:/home/user/.m2/repository/javax/annotation/javax.annotation-api/1.2/javax.annotation-api-1.2.jar:/home/user/.m2/repository/org/apache/ratis/ratis-server/0.4.0-78e95b9-SNAPSHOT/ratis-server-0.4.0-78e95b9-SNAPSHOT.jar:/home/user/.m2/repository/org/apache/ratis/ratis-thirdparty-misc/0.2.0/ratis-thirdparty-misc-0.2.0.jar:/home/user/.m2/repository/org/apache/ratis/ratis-proto/0.4.0-78e95b9-SNAPSHOT/ratis-proto-0.4.0-78e95b9-SNAPSHOT.jar:/home/user/.m2/repository/org/apache/ratis/ratis-common/0.4.0-78e95b9-SNAPSHOT/ratis-common-0.4.0-78e95b9-SNAPSHOT.jar:/home/user/.m2/repository/org/apache/ratis/ratis-client/0.4.0-78e95b9-SNAPSHOT/ratis-client-0.4.0-78e95b9-SNAPSHOT.jar:/home/user/.m2/repository/org/apache/ratis/ratis-metrics/0.4.0-78e95b9-SNAPSHOT/ratis-metrics-0.4.0-78e95b9-SNAPSHOT.jar:/home/user/.m2/repository/com/github/joshelser/dropwizard-metrics-hadoop-metrics2-reporter/0.1.2/dropwizard-metrics-hadoop-metrics2-reporter-0.1.2.jar:/home/user/.m2/repository/io/dropwizard/metrics/metrics-jvm/3.2.5/metrics-jvm-3.2.5.jar:/home/user/.m2/repository/io/dropwizard/metrics/metrics-ganglia/3.2.5/metrics-ganglia-3.2.5.jar:/home/user/.m2/repository/info/ganglia/gmetric4j/gmetric4j/1.0.7/gmetric4j-1.0.7.jar:/home/user/.m2/repository/org/apache/ratis/ratis-netty/0.4.0-78e95b9-SNAPSHOT/ratis-netty-0.4.0-78e95b9-SNAPSHOT.jar:/home/user/.m2/repository/org/apache/ratis/ratis-grpc/0.4.0-78e95b9-SNAPSHOT/ratis-grpc-0.4.0-78e95b9-SNAPSHOT.jar:/home/user/.m2/repository/org/rocksdb/rocksdbjni/6.0.1/rocksdbjni-6.0.1.jar:/home/user/.m2/repository/org/apache/logging/log4j/log4j-api/2.11.0/log4j-api-2.11.0.jar:/home/user/.m2/repository/org/apache/logging/log4j/log4j-core/2.11.0/log4j-core-2.11.0.jar:/home/user/.m2/repository/com/lmax/disruptor/3.4.2/disruptor-3.4.2.jar:/home/user/.m2/repository/org/apache/commons/commons-pool2/2.6.0/commons-pool2-2.6.0.jar:/home/user/.m2/repository/org/bouncycastle/bcpkix-jdk15on/1.60/bcpkix-jdk15on-1.60.jar:/home/user/.m2/repository/commons-validator/commons-validator/1.6/commons-validator-1.6.jar:/home/user/.m2/repository/commons-digester/commons-digester/1.8.1/commons-digester-1.8.1.jar:/home/user/.m2/repository/io/jaegertracing/jaeger-client/0.33.1/jaeger-client-0.33.1.jar:/home/user/.m2/repository/io/jaegertracing/jaeger-thrift/0.33.1/jaeger-thrift-0.33.1.jar:/home/user/.m2/repository/org/apache/thrift/libthrift/0.11.0/libthrift-0.11.0.jar:/home/user/.m2/repository/com/squareup/okhttp3/okhttp/3.9.0/okhttp-3.9.0.jar:/home/user/.m2/repository/com/squareup/okio/okio/1.13.0/okio-1.13.0.jar:/home/user/.m2/repository/io/jaegertracing/jaeger-core/0.33.1/jaeger-core-0.33.1.jar:/home/user/.m2/repository/io/jaegertracing/jaeger-tracerresolver/0.33.1/jaeger-tracerresolver-0.33.1.jar:/home/user/.m2/repository/io/opentracing/contrib/opentracing-tracerresolver/0.1.5/opentracing-tracerresolver-0.1.5.jar:/home/user/.m2/repository/io/opentracing/opentracing-util/0.31.0/opentracing-util-0.31.0.jar:/home/user/.m2/repository/io/opentracing/opentracing-api/0.31.0/opentracing-api-0.31.0.jar:/home/user/.m2/repository/io/opentracing/opentracing-noop/0.31.0/opentracing-noop-0.31.0.jar:/home/user/.m2/repository/org/apache/hadoop/hadoop-hdds-server-framework/0.5.0-SNAPSHOT/hadoop-hdds-server-framework-0.5.0-SNAPSHOT.jar:/home/user/.m2/repository/org/apache/hadoop/hadoop-hdds-container-service/0.5.0-SNAPSHOT/hadoop-hdds-container-service-0.5.0-SNAPSHOT.jar:/home/user/.m2/repository/org/apache/hadoop/hadoop-hdds-client/0.5.0-SNAPSHOT/hadoop-hdds-client-0.5.0-SNAPSHOT.jar:/home/user/.m2/repository/org/apache/hadoop/hadoop-hdds-tools/0.5.0-SNAPSHOT/hadoop-hdds-tools-0.5.0-SNAPSHOT.jar:/home/user/.m2/repository/org/apache/hadoop/hadoop-hdds-server-scm/0.5.0-SNAPSHOT/hadoop-hdds-server-scm-0.5.0-SNAPSHOT.jar:/home/user/.m2/repository/org/apache/hadoop/hadoop-hdds-docs/0.5.0-SNAPSHOT/hadoop-hdds-docs-0.5.0-SNAPSHOT.jar:/home/user/.m2/repository/io/dropwizard/metrics/metrics-core/3.2.4/metrics-core-3.2.4.jar:/home/user/.m2/repository/org/hamcrest/hamcrest-all/1.3/hamcrest-all-1.3.jar:/home/user/.m2/repository/org/bouncycastle/bcprov-jdk15on/1.60/bcprov-jdk15on-1.60.jar:/home/user/.m2/repository/info/picocli/picocli/3.9.6/picocli-3.9.6.jar:/home/user/.m2/repository/com/google/protobuf/protobuf-java/2.5.0/protobuf-java-2.5.0.jar:/home/user/.m2/repository/com/google/guava/guava/11.0.2/guava-11.0.2.jar:/home/user/.m2/repository/org/apache/hadoop/hadoop-ozone-ozone-manager/0.5.0-SNAPSHOT/hadoop-ozone-ozone-manager-0.5.0-SNAPSHOT.jar:/home/user/.m2/repository/org/apache/hadoop/hadoop-minikdc/3.2.0/hadoop-minikdc-3.2.0.jar:/home/user/.m2/repository/commons-io/commons-io/2.5/commons-io-2.5.jar:/home/user/.m2/repository/org/apache/kerby/kerb-simplekdc/1.0.1/kerb-simplekdc-1.0.1.jar:/home/user/.m2/repository/org/apache/kerby/kerb-client/1.0.1/kerb-client-1.0.1.jar:/home/user/.m2/repository/org/apache/kerby/kerby-config/1.0.1/kerby-config-1.0.1.jar:/home/user/.m2/repository/org/apache/kerby/kerb-core/1.0.1/kerb-core-1.0.1.jar:/home/user/.m2/repository/org/apache/kerby/kerby-pkix/1.0.1/kerby-pkix-1.0.1.jar:/home/user/.m2/repository/org/apache/kerby/kerby-asn1/1.0.1/kerby-asn1-1.0.1.jar:/home/user/.m2/repository/org/apache/kerby/kerby-util/1.0.1/kerby-util-1.0.1.jar:/home/user/.m2/repository/org/apache/kerby/kerb-common/1.0.1/kerb-common-1.0.1.jar:/home/user/.m2/repository/org/apache/kerby/kerb-crypto/1.0.1/kerb-crypto-1.0.1.jar:/home/user/.m2/repository/org/apache/kerby/kerb-util/1.0.1/kerb-util-1.0.1.jar:/home/user/.m2/repository/org/apache/kerby/token-provider/1.0.1/token-provider-1.0.1.jar:/home/user/.m2/repository/org/apache/kerby/kerb-admin/1.0.1/kerb-admin-1.0.1.jar:/home/user/.m2/repository/org/apache/kerby/kerb-server/1.0.1/kerb-server-1.0.1.jar:/home/user/.m2/repository/org/apache/kerby/kerb-identity/1.0.1/kerb-identity-1.0.1.jar:/home/user/.m2/repository/org/apache/kerby/kerby-xdr/1.0.1/kerby-xdr-1.0.1.jar:/home/user/.m2/repository/org/slf4j/slf4j-log4j12/1.7.25/slf4j-log4j12-1.7.25.jar:/home/user/.m2/repository/org/apache/hadoop/hadoop-ozone-s3gateway/0.5.0-SNAPSHOT/hadoop-ozone-s3gateway-0.5.0-SNAPSHOT.jar:/home/user/.m2/repository/org/jboss/weld/servlet/weld-servlet/2.4.7.Final/weld-servlet-2.4.7.Final.jar:/home/user/.m2/repository/org/glassfish/jersey/containers/jersey-container-servlet-core/2.27/jersey-container-servlet-core-2.27.jar:/home/user/.m2/repository/org/glassfish/hk2/external/javax.inject/2.5.0-b42/javax.inject-2.5.0-b42.jar:/home/user/.m2/repository/org/glassfish/jersey/core/jersey-common/2.27/jersey-common-2.27.jar:/home/user/.m2/repository/org/glassfish/hk2/osgi-resource-locator/1.0.1/osgi-resource-locator-1.0.1.jar:/home/user/.m2/repository/javax/ws/rs/javax.ws.rs-api/2.1/javax.ws.rs-api-2.1.jar:/home/user/.m2/repository/org/glassfish/jersey/ext/cdi/jersey-cdi1x/2.27/jersey-cdi1x-2.27.jar:/home/user/.m2/repository/org/glassfish/jersey/inject/jersey-hk2/2.27/jersey-hk2-2.27.jar:/home/user/.m2/repository/org/glassfish/hk2/hk2-locator/2.5.0-b42/hk2-locator-2.5.0-b42.jar:/home/user/.m2/repository/org/javassist/javassist/3.22.0-CR2/javassist-3.22.0-CR2.jar:/home/user/.m2/repository/org/glassfish/hk2/hk2-api/2.5.0/hk2-api-2.5.0.jar:/home/user/.m2/repository/org/glassfish/hk2/external/jakarta.inject/2.5.0/jakarta.inject-2.5.0.jar:/home/user/.m2/repository/org/glassfish/hk2/hk2-utils/2.5.0/hk2-utils-2.5.0.jar:/home/user/.m2/repository/jakarta/annotation/jakarta.annotation-api/1.3.4/jakarta.annotation-api-1.3.4.jar:/home/user/.m2/repository/org/glassfish/hk2/external/aopalliance-repackaged/2.5.0/aopalliance-repackaged-2.5.0.jar:/home/user/.m2/repository/com/fasterxml/jackson/dataformat/jackson-dataformat-xml/2.9.0/jackson-dataformat-xml-2.9.0.jar:/home/user/.m2/repository/com/fasterxml/jackson/core/jackson-core/2.9.5/jackson-core-2.9.5.jar:/home/user/.m2/repository/com/fasterxml/jackson/module/jackson-module-jaxb-annotations/2.9.5/jackson-module-jaxb-annotations-2.9.5.jar:/home/user/.m2/repository/javax/enterprise/cdi-api/1.2/cdi-api-1.2.jar:/home/user/.m2/repository/javax/el/javax.el-api/3.0.0/javax.el-api-3.0.0.jar:/home/user/.m2/repository/javax/interceptor/javax.interceptor-api/1.2/javax.interceptor-api-1.2.jar:/home/user/.m2/repository/javax/inject/javax.inject/1/javax.inject-1.jar:/home/user/.m2/repository/com/sun/xml/bind/jaxb-impl/2.3.0.1/jaxb-impl-2.3.0.1.jar:/home/user/.m2/repository/com/sun/xml/bind/jaxb-core/2.3.0.1/jaxb-core-2.3.0.1.jar:/home/user/.m2/repository/javax/xml/bind/jaxb-api/2.3.0/jaxb-api-2.3.0.jar:/home/user/.m2/repository/javax/activation/activation/1.1.1/activation-1.1.1.jar:/home/user/.m2/repository/org/apache/hadoop/hadoop-ozone-csi/0.5.0-SNAPSHOT/hadoop-ozone-csi-0.5.0-SNAPSHOT.jar:/home/user/.m2/repository/com/google/protobuf/protobuf-java-util/3.5.1/protobuf-java-util-3.5.1.jar:/home/user/.m2/repository/org/apache/hadoop/hadoop-hdds-config/0.5.0-SNAPSHOT/hadoop-hdds-config-0.5.0-SNAPSHOT.jar:/home/user/.m2/repository/io/grpc/grpc-netty/1.17.1/grpc-netty-1.17.1.jar:/home/user/.m2/repository/io/grpc/grpc-core/1.17.1/grpc-core-1.17.1.jar:/home/user/.m2/repository/io/grpc/grpc-context/1.17.1/grpc-context-1.17.1.jar:/home/user/.m2/repository/com/google/errorprone/error_prone_annotations/2.2.0/error_prone_annotations-2.2.0.jar:/home/user/.m2/repository/org/codehaus/mojo/animal-sniffer-annotations/1.17/animal-sniffer-annotations-1.17.jar:/home/user/.m2/repository/io/opencensus/opencensus-api/0.17.0/opencensus-api-0.17.0.jar:/home/user/.m2/repository/io/opencensus/opencensus-contrib-grpc-metrics/0.17.0/opencensus-contrib-grpc-metrics-0.17.0.jar:/home/user/.m2/repository/io/netty/netty-codec-http2/4.1.30.Final/netty-codec-http2-4.1.30.Final.jar:/home/user/.m2/repository/io/netty/netty-codec-http/4.1.30.Final/netty-codec-http-4.1.30.Final.jar:/home/user/.m2/repository/io/netty/netty-codec/4.1.30.Final/netty-codec-4.1.30.Final.jar:/home/user/.m2/repository/io/netty/netty-handler/4.1.30.Final/netty-handler-4.1.30.Final.jar:/home/user/.m2/repository/io/netty/netty-handler-proxy/4.1.30.Final/netty-handler-proxy-4.1.30.Final.jar:/home/user/.m2/repository/io/netty/netty-codec-socks/4.1.30.Final/netty-codec-socks-4.1.30.Final.jar:/home/user/.m2/repository/io/netty/netty-transport-native-epoll/4.1.30.Final/netty-transport-native-epoll-4.1.30.Final.jar:/home/user/.m2/repository/io/netty/netty-common/4.1.30.Final/netty-common-4.1.30.Final.jar:/home/user/.m2/repository/io/netty/netty-buffer/4.1.30.Final/netty-buffer-4.1.30.Final.jar:/home/user/.m2/repository/io/netty/netty-transport/4.1.30.Final/netty-transport-4.1.30.Final.jar:/home/user/.m2/repository/io/netty/netty-resolver/4.1.30.Final/netty-resolver-4.1.30.Final.jar:/home/user/.m2/repository/io/netty/netty-transport-native-unix-common/4.1.30.Final/netty-transport-native-unix-common-4.1.30.Final.jar:/home/user/.m2/repository/io/grpc/grpc-protobuf/1.17.1/grpc-protobuf-1.17.1.jar:/home/user/.m2/repository/com/google/api/grpc/proto-google-common-protos/1.0.0/proto-google-common-protos-1.0.0.jar:/home/user/.m2/repository/io/grpc/grpc-protobuf-lite/1.17.1/grpc-protobuf-lite-1.17.1.jar:/home/user/.m2/repository/io/grpc/grpc-stub/1.17.1/grpc-stub-1.17.1.jar:/home/user/.m2/repository/org/apache/hadoop/hadoop-ozone-recon/0.5.0-SNAPSHOT/hadoop-ozone-recon-0.5.0-SNAPSHOT.jar:/home/user/.m2/repository/org/apache/hadoop/hadoop-ozone-reconcodegen/0.5.0-SNAPSHOT/hadoop-ozone-reconcodegen-0.5.0-SNAPSHOT.jar:/home/user/.m2/repository/com/google/inject/extensions/guice-multibindings/4.0/guice-multibindings-4.0.jar:/home/user/.m2/repository/com/google/inject/guice/4.0/guice-4.0.jar:/home/user/.m2/repository/aopalliance/aopalliance/1.0/aopalliance-1.0.jar:/home/user/.m2/repository/com/google/inject/extensions/guice-servlet/4.0/guice-servlet-4.0.jar:/home/user/.m2/repository/org/glassfish/jersey/containers/jersey-container-servlet/2.27/jersey-container-servlet-2.27.jar:/home/user/.m2/repository/org/glassfish/hk2/guice-bridge/2.5.0/guice-bridge-2.5.0.jar:/home/user/.m2/repository/org/glassfish/jersey/core/jersey-server/2.27/jersey-server-2.27.jar:/home/user/.m2/repository/org/glassfish/jersey/core/jersey-client/2.27/jersey-client-2.27.jar:/home/user/.m2/repository/org/glassfish/jersey/media/jersey-media-jaxb/2.27/jersey-media-jaxb-2.27.jar:/home/user/.m2/repository/javax/validation/validation-api/1.1.0.Final/validation-api-1.1.0.Final.jar:/home/user/.m2/repository/org/glassfish/jersey/media/jersey-media-json-jackson/2.27/jersey-media-json-jackson-2.27.jar:/home/user/.m2/repository/org/glassfish/jersey/ext/jersey-entity-filtering/2.27/jersey-entity-filtering-2.27.jar:/home/user/.m2/repository/com/google/inject/extensions/guice-assistedinject/4.0/guice-assistedinject-4.0.jar:/home/user/.m2/repository/org/jooq/jooq/3.11.10/jooq-3.11.10.jar:/home/user/.m2/repository/org/jooq/jooq-meta/3.11.10/jooq-meta-3.11.10.jar:/home/user/.m2/repository/org/jooq/jooq-codegen/3.11.10/jooq-codegen-3.11.10.jar:/home/user/.m2/repository/com/jolbox/bonecp/0.8.0.RELEASE/bonecp-0.8.0.RELEASE.jar:/home/user/.m2/repository/org/xerial/sqlite-jdbc/3.25.2/sqlite-jdbc-3.25.2.jar:/home/user/.m2/repository/org/springframework/spring-jdbc/5.1.3.RELEASE/spring-jdbc-5.1.3.RELEASE.jar:/home/user/.m2/repository/org/springframework/spring-beans/5.1.3.RELEASE/spring-beans-5.1.3.RELEASE.jar:/home/user/.m2/repository/org/springframework/spring-core/5.1.3.RELEASE/spring-core-5.1.3.RELEASE.jar:/home/user/.m2/repository/org/springframework/spring-jcl/5.1.3.RELEASE/spring-jcl-5.1.3.RELEASE.jar:/home/user/.m2/repository/org/springframework/spring-tx/5.1.3.RELEASE/spring-tx-5.1.3.RELEASE.jar:/home/user/.m2/repository/org/apache/hadoop/hadoop-ozone-client/0.5.0-SNAPSHOT/hadoop-ozone-client-0.5.0-SNAPSHOT.jar:/home/user/.m2/repository/commons-lang/commons-lang/2.6/commons-lang-2.6.jar:/home/user/.m2/repository/org/apache/hadoop/hadoop-ozone-ozone-manager/0.5.0-SNAPSHOT/hadoop-ozone-ozone-manager-0.5.0-SNAPSHOT-tests.jar:/home/user/.m2/repository/junit/junit/4.11/junit-4.11.jar:/home/user/.m2/repository/org/hamcrest/hamcrest-core/1.3/hamcrest-core-1.3.jar:/home/user/.m2/repository/org/openjdk/jmh/jmh-core/1.19/jmh-core-1.19.jar:/home/user/.m2/repository/net/sf/jopt-simple/jopt-simple/4.6/jopt-simple-4.6.jar:/home/user/.m2/repository/org/apache/commons/commons-math3/3.1.1/commons-math3-3.1.1.jar:/home/user/.m2/repository/org/openjdk/jmh/jmh-generator-annprocess/1.19/jmh-generator-annprocess-1.19.jar:/home/user/.m2/repository/org/mockito/mockito-all/1.8.5/mockito-all-1.8.5.jar:/home/user/.m2/repository/org/apache/hadoop/hadoop-kms/3.2.0/hadoop-kms-3.2.0.jar:/home/user/.m2/repository/org/apache/hadoop/hadoop-auth/3.2.0/hadoop-auth-3.2.0.jar:/home/user/.m2/repository/com/nimbusds/nimbus-jose-jwt/4.41.1/nimbus-jose-jwt-4.41.1.jar:/home/user/.m2/repository/com/github/stephenc/jcip/jcip-annotations/1.0-1/jcip-annotations-1.0-1.jar:/home/user/.m2/repository/net/minidev/json-smart/2.3/json-smart-2.3.jar:/home/user/.m2/repository/net/minidev/accessors-smart/1.2/accessors-smart-1.2.jar:/home/user/.m2/repository/org/ow2/asm/asm/5.0.4/asm-5.0.4.jar:/home/user/.m2/repository/org/apache/curator/curator-framework/2.12.0/curator-framework-2.12.0.jar:/home/user/.m2/repository/com/sun/jersey/jersey-core/1.19/jersey-core-1.19.jar:/home/user/.m2/repository/javax/ws/rs/jsr311-api/1.1.1/jsr311-api-1.1.1.jar:/home/user/.m2/repository/com/sun/jersey/jersey-server/1.19/jersey-server-1.19.jar:/home/user/.m2/repository/javax/servlet/javax.servlet-api/3.1.0/javax.servlet-api-3.1.0.jar:/home/user/.m2/repository/org/eclipse/jetty/jetty-server/9.3.24.v20180605/jetty-server-9.3.24.v20180605.jar:/home/user/.m2/repository/org/eclipse/jetty/jetty-http/9.3.24.v20180605/jetty-http-9.3.24.v20180605.jar:/home/user/.m2/repository/org/eclipse/jetty/jetty-io/9.3.24.v20180605/jetty-io-9.3.24.v20180605.jar:/home/user/.m2/repository/org/eclipse/jetty/jetty-webapp/9.3.24.v20180605/jetty-webapp-9.3.24.v20180605.jar:/home/user/.m2/repository/org/eclipse/jetty/jetty-xml/9.3.24.v20180605/jetty-xml-9.3.24.v20180605.jar:/home/user/.m2/repository/log4j/log4j/1.2.17/log4j-1.2.17.jar:/home/user/.m2/repository/org/slf4j/slf4j-api/1.7.25/slf4j-api-1.7.25.jar:/home/user/.m2/repository/org/slf4j/jul-to-slf4j/1.7.25/jul-to-slf4j-1.7.25.jar:/home/user/.m2/repository/org/eclipse/jetty/jetty-util/9.3.24.v20180605/jetty-util-9.3.24.v20180605.jar:/home/user/.m2/repository/com/fasterxml/jackson/core/jackson-databind/2.9.5/jackson-databind-2.9.5.jar:/home/user/.m2/repository/org/apache/hadoop/hadoop-kms/3.2.0/hadoop-kms-3.2.0-tests.jar:/home/user/.m2/repository/org/apache/hadoop/hadoop-hdds-server-scm/0.5.0-SNAPSHOT/hadoop-hdds-server-scm-0.5.0-SNAPSHOT-tests.jar:/home/user/.m2/repository/org/apache/hadoop/hadoop-hdds-container-service/0.5.0-SNAPSHOT/hadoop-hdds-container-service-0.5.0-SNAPSHOT-tests.jar:/home/user/.m2/repository/org/yaml/snakeyaml/1.16/snakeyaml-1.16.jar:/home/user/.m2/repository/org/apache/hadoop/hadoop-common/3.2.0/hadoop-common-3.2.0-tests.jar:/home/user/.m2/repository/org/apache/hadoop/hadoop-annotations/3.2.0/hadoop-annotations-3.2.0.jar:/usr/lib/jvm/java-1.8-openjdk/jre/../lib/tools.jar:/home/user/.m2/repository/commons-cli/commons-cli/1.2/commons-cli-1.2.jar:/home/user/.m2/repository/org/apache/httpcomponents/httpclient/4.5.2/httpclient-4.5.2.jar:/home/user/.m2/repository/org/apache/httpcomponents/httpcore/4.4.4/httpcore-4.4.4.jar:/home/user/.m2/repository/commons-codec/commons-codec/1.11/commons-codec-1.11.jar:/home/user/.m2/repository/commons-net/commons-net/3.6/commons-net-3.6.jar:/home/user/.m2/repository/commons-collections/commons-collections/3.2.2/commons-collections-3.2.2.jar:/home/user/.m2/repository/org/eclipse/jetty/jetty-servlet/9.3.24.v20180605/jetty-servlet-9.3.24.v20180605.jar:/home/user/.m2/repository/org/eclipse/jetty/jetty-security/9.3.24.v20180605/jetty-security-9.3.24.v20180605.jar:/home/user/.m2/repository/javax/servlet/jsp/jsp-api/2.1/jsp-api-2.1.jar:/home/user/.m2/repository/com/sun/jersey/jersey-servlet/1.19/jersey-servlet-1.19.jar:/home/user/.m2/repository/com/sun/jersey/jersey-json/1.19/jersey-json-1.19.jar:/home/user/.m2/repository/org/codehaus/jettison/jettison/1.1/jettison-1.1.jar:/home/user/.m2/repository/org/codehaus/jackson/jackson-core-asl/1.9.13/jackson-core-asl-1.9.13.jar:/home/user/.m2/repository/org/codehaus/jackson/jackson-mapper-asl/1.9.13/jackson-mapper-asl-1.9.13.jar:/home/user/.m2/repository/org/codehaus/jackson/jackson-jaxrs/1.9.13/jackson-jaxrs-1.9.13.jar:/home/user/.m2/repository/org/codehaus/jackson/jackson-xc/1.9.13/jackson-xc-1.9.13.jar:/home/user/.m2/repository/commons-logging/commons-logging/1.1.3/commons-logging-1.1.3.jar:/home/user/.m2/repository/commons-beanutils/commons-beanutils/1.9.3/commons-beanutils-1.9.3.jar:/home/user/.m2/repository/org/apache/commons/commons-configuration2/2.1.1/commons-configuration2-2.1.1.jar:/home/user/.m2/repository/org/apache/commons/commons-lang3/3.7/commons-lang3-3.7.jar:/home/user/.m2/repository/org/apache/commons/commons-text/1.4/commons-text-1.4.jar:/home/user/.m2/repository/org/apache/avro/avro/1.7.7/avro-1.7.7.jar:/home/user/.m2/repository/com/thoughtworks/paranamer/paranamer/2.3/paranamer-2.3.jar:/home/user/.m2/repository/org/xerial/snappy/snappy-java/1.0.5/snappy-java-1.0.5.jar:/home/user/.m2/repository/com/google/re2j/re2j/1.1/re2j-1.1.jar:/home/user/.m2/repository/com/google/code/gson/gson/2.2.4/gson-2.2.4.jar:/home/user/.m2/repository/com/jcraft/jsch/0.1.54/jsch-0.1.54.jar:/home/user/.m2/repository/org/apache/curator/curator-client/2.12.0/curator-client-2.12.0.jar:/home/user/.m2/repository/org/apache/curator/curator-recipes/2.12.0/curator-recipes-2.12.0.jar:/home/user/.m2/repository/com/google/code/findbugs/jsr305/3.0.0/jsr305-3.0.0.jar:/home/user/.m2/repository/org/apache/htrace/htrace-core4/4.1.0-incubating/htrace-core4-4.1.0-incubating.jar:/home/user/.m2/repository/org/apache/zookeeper/zookeeper/3.4.13/zookeeper-3.4.13.jar:/home/user/.m2/repository/org/apache/yetus/audience-annotations/0.5.0/audience-annotations-0.5.0.jar:/home/user/.m2/repository/org/codehaus/woodstox/stax2-api/3.1.4/stax2-api-3.1.4.jar:/home/user/.m2/repository/com/fasterxml/woodstox/woodstox-core/5.0.3/woodstox-core-5.0.3.jar:/home/user/.m2/repository/dnsjava/dnsjava/2.1.7/dnsjava-2.1.7.jar:/home/user/.m2/repository/org/apache/hadoop/hadoop-hdfs/3.2.0/hadoop-hdfs-3.2.0-tests.jar:/home/user/.m2/repository/org/eclipse/jetty/jetty-util-ajax/9.3.24.v20180605/jetty-util-ajax-9.3.24.v20180605.jar:/home/user/.m2/repository/commons-daemon/commons-daemon/1.0.13/commons-daemon-1.0.13.jar:/home/user/.m2/repository/io/netty/netty/3.10.5.Final/netty-3.10.5.Final.jar:/home/user/.m2/repository/io/netty/netty-all/4.0.52.Final/netty-all-4.0.52.Final.jar:/home/user/.m2/repository/org/fusesource/leveldbjni/leveldbjni-all/1.8/leveldbjni-all-1.8.jar:"/>
    <property name="sun.cpu.endian" value="little"/>
    <property name="user.home" value="/home/user"/>
    <property name="user.language" value="en"/>
    <property name="java.specification.vendor" value="Oracle Corporation"/>
    <property name="java.home" value="/usr/lib/jvm/java-1.8-openjdk/jre"/>
    <property name="java.security.krb5.conf" value="/workdir/hadoop-ozone/integration-test/target/test-classes/krb5.conf"/>
    <property name="basedir" value="/workdir/hadoop-ozone/integration-test"/>
    <property name="file.separator" value="/"/>
    <property name="line.separator" value="&#10;"/>
    <property name="java.vm.specification.vendor" value="Oracle Corporation"/>
    <property name="java.specification.name" value="Java Platform API Specification"/>
    <property name="java.awt.graphicsenv" value="sun.awt.X11GraphicsEnvironment"/>
    <property name="surefire.real.class.path" value="/workdir/hadoop-ozone/integration-test/target/surefire/surefirebooter8030675207925600834.jar"/>
    <property name="hadoop.log.dir" value="/workdir/hadoop-ozone/integration-test/target/log"/>
    <property name="sun.boot.class.path" value="/usr/lib/jvm/java-1.8-openjdk/jre/lib/resources.jar:/usr/lib/jvm/java-1.8-openjdk/jre/lib/rt.jar:/usr/lib/jvm/java-1.8-openjdk/jre/lib/sunrsasign.jar:/usr/lib/jvm/java-1.8-openjdk/jre/lib/jsse.jar:/usr/lib/jvm/java-1.8-openjdk/jre/lib/jce.jar:/usr/lib/jvm/java-1.8-openjdk/jre/lib/charsets.jar:/usr/lib/jvm/java-1.8-openjdk/jre/lib/jfr.jar:/usr/lib/jvm/java-1.8-openjdk/jre/classes"/>
    <property name="sun.management.compiler" value="HotSpot 64-Bit Tiered Compilers"/>
    <property name="java.runtime.version" value="1.8.0_212-b04"/>
    <property name="java.net.preferIPv4Stack" value="true"/>
    <property name="user.name" value="jenkins1000"/>
    <property name="path.separator" value=":"/>
    <property name="java.security.egd" value="file:///dev/urandom"/>
    <property name="os.version" value="3.10.0-957.12.2.el7.x86_64"/>
    <property name="java.endorsed.dirs" value="/usr/lib/jvm/java-1.8-openjdk/jre/lib/endorsed"/>
    <property name="java.runtime.name" value="OpenJDK Runtime Environment"/>
    <property name="file.encoding" value="UTF-8"/>
    <property name="java.vm.name" value="OpenJDK 64-Bit Server VM"/>
    <property name="test.build.webapps" value=""/>
    <property name="localRepository" value="/home/user/.m2/repository"/>
    <property name="java.vendor.url.bug" value="https://icedtea.classpath.org/bugzilla"/>
    <property name="java.io.tmpdir" value="/tmp"/>
    <property name="require.test.libhadoop" value=""/>
    <property name="java.version" value="1.8.0_212"/>
    <property name="user.dir" value="/workdir/hadoop-ozone/integration-test"/>
    <property name="os.arch" value="amd64"/>
    <property name="java.vm.specification.name" value="Java Virtual Machine Specification"/>
    <property name="test.build.classes" value="/workdir/hadoop-ozone/integration-test/target/test-classes"/>
    <property name="java.awt.printerjob" value="sun.print.PSPrinterJob"/>
    <property name="sun.os.patch.level" value="unknown"/>
    <property name="hadoop.tmp.dir" value="/workdir/hadoop-ozone/integration-test/target/tmp"/>
    <property name="java.library.path" value="/usr/lib/jvm/java-1.8-openjdk/jre/lib/amd64/server:/usr/lib/jvm/java-1.8-openjdk/jre/lib/amd64:/usr/lib/jvm/java-1.8-openjdk/jre/../lib/amd64:/workdir/hadoop-ozone/integration-test/target/native/target/usr/local/lib:/workdir/hadoop-ozone/integration-test/../../hadoop-common-project/hadoop-common/target/native/target/usr/local/lib:/usr/java/packages/lib/amd64:/usr/lib64:/lib64:/lib:/usr/lib"/>
    <property name="java.vm.info" value="mixed mode"/>
    <property name="java.vendor" value="IcedTea"/>
    <property name="java.vm.version" value="25.212-b04"/>
    <property name="java.ext.dirs" value="/usr/lib/jvm/java-1.8-openjdk/jre/lib/ext:/usr/java/packages/lib/ext"/>
    <property name="sun.io.unicode.encoding" value="UnicodeLittle"/>
    <property name="java.class.version" value="52.0"/>
  </properties>
  <testcase name="testMultiBlockWritesWithIntermittentDnFailures" classname="org.apache.hadoop.ozone.client.rpc.TestMultiBlockWritesWithDnFailures" time="109.506">
    <error message="Allocated 0 blocks. Requested 1 blocks" type="INTERNAL_ERROR org.apache.hadoop.ozone.om.exceptions.OMException">INTERNAL_ERROR org.apache.hadoop.ozone.om.exceptions.OMException: Allocated 0 blocks. Requested 1 blocks
	at org.apache.hadoop.ozone.om.protocolPB.OzoneManagerProtocolClientSideTranslatorPB.handleError(OzoneManagerProtocolClientSideTranslatorPB.java:725)
	at org.apache.hadoop.ozone.om.protocolPB.OzoneManagerProtocolClientSideTranslatorPB.allocateBlock(OzoneManagerProtocolClientSideTranslatorPB.java:757)
	at org.apache.hadoop.ozone.client.io.BlockOutputStreamEntryPool.allocateNewBlock(BlockOutputStreamEntryPool.java:248)
	at org.apache.hadoop.ozone.client.io.BlockOutputStreamEntryPool.allocateBlockIfNeeded(BlockOutputStreamEntryPool.java:296)
	at org.apache.hadoop.ozone.client.io.KeyOutputStream.handleWrite(KeyOutputStream.java:201)
	at org.apache.hadoop.ozone.client.io.KeyOutputStream.handleRetry(KeyOutputStream.java:376)
	at org.apache.hadoop.ozone.client.io.KeyOutputStream.handleException(KeyOutputStream.java:325)
	at org.apache.hadoop.ozone.client.io.KeyOutputStream.handleWrite(KeyOutputStream.java:231)
	at org.apache.hadoop.ozone.client.io.KeyOutputStream.write(KeyOutputStream.java:193)
	at org.apache.hadoop.ozone.client.io.OzoneOutputStream.write(OzoneOutputStream.java:49)
	at java.io.OutputStream.write(OutputStream.java:75)
	at org.apache.hadoop.ozone.client.rpc.TestMultiBlockWritesWithDnFailures.testMultiBlockWritesWithIntermittentDnFailures(TestMultiBlockWritesWithDnFailures.java:196)
	at sun.reflect.NativeMethodAccessorImpl.invoke0(Native Method)
	at sun.reflect.NativeMethodAccessorImpl.invoke(NativeMethodAccessorImpl.java:62)
	at sun.reflect.DelegatingMethodAccessorImpl.invoke(DelegatingMethodAccessorImpl.java:43)
	at java.lang.reflect.Method.invoke(Method.java:498)
	at org.junit.runners.model.FrameworkMethod$1.runReflectiveCall(FrameworkMethod.java:47)
	at org.junit.internal.runners.model.ReflectiveCallable.run(ReflectiveCallable.java:12)
	at org.junit.runners.model.FrameworkMethod.invokeExplosively(FrameworkMethod.java:44)
	at org.junit.internal.runners.statements.InvokeMethod.evaluate(InvokeMethod.java:17)
	at org.junit.internal.runners.statements.RunAfters.evaluate(RunAfters.java:27)
	at org.junit.runners.ParentRunner.runLeaf(ParentRunner.java:271)
	at org.junit.runners.BlockJUnit4ClassRunner.runChild(BlockJUnit4ClassRunner.java:70)
	at org.junit.runners.BlockJUnit4ClassRunner.runChild(BlockJUnit4ClassRunner.java:50)
	at org.junit.runners.ParentRunner$3.run(ParentRunner.java:238)
	at org.junit.runners.ParentRunner$1.schedule(ParentRunner.java:63)
	at org.junit.runners.ParentRunner.runChildren(ParentRunner.java:236)
	at org.junit.runners.ParentRunner.access$000(ParentRunner.java:53)
	at org.junit.runners.ParentRunner$2.evaluate(ParentRunner.java:229)
	at org.junit.runners.ParentRunner.run(ParentRunner.java:309)
	at org.apache.maven.surefire.junit4.JUnit4Provider.execute(JUnit4Provider.java:365)
	at org.apache.maven.surefire.junit4.JUnit4Provider.executeWithRerun(JUnit4Provider.java:273)
	at org.apache.maven.surefire.junit4.JUnit4Provider.executeTestSet(JUnit4Provider.java:238)
	at org.apache.maven.surefire.junit4.JUnit4Provider.invoke(JUnit4Provider.java:159)
	at org.apache.maven.surefire.booter.ForkedBooter.invokeProviderInSameClassLoader(ForkedBooter.java:384)
	at org.apache.maven.surefire.booter.ForkedBooter.runSuitesInProcess(ForkedBooter.java:345)
	at org.apache.maven.surefire.booter.ForkedBooter.execute(ForkedBooter.java:126)
	at org.apache.maven.surefire.booter.ForkedBooter.main(ForkedBooter.java:418)
</error>
    <system-out><![CDATA[2019-09-11 07:01:04,372 [main] WARN  server.ServerUtils (ServerUtils.java:getScmDbDir(145)) - ozone.scm.db.dirs is not configured. We recommend adding this setting. Falling back to ozone.metadata.dirs instead.
2019-09-11 07:01:04,494 [main] WARN  server.ServerUtils (ServerUtils.java:getScmDbDir(145)) - ozone.scm.db.dirs is not configured. We recommend adding this setting. Falling back to ozone.metadata.dirs instead.
2019-09-11 07:01:04,498 [main] WARN  server.ServerUtils (ServerUtils.java:getScmDbDir(145)) - ozone.scm.db.dirs is not configured. We recommend adding this setting. Falling back to ozone.metadata.dirs instead.
2019-09-11 07:01:04,519 [main] INFO  util.log (Log.java:initialized(192)) - Logging initialized @884ms
2019-09-11 07:01:04,624 [main] INFO  db.DBStoreBuilder (DBStoreBuilder.java:addTable(110)) - using custom profile for table: deletedBlocks
2019-09-11 07:01:04,624 [main] INFO  db.DBStoreBuilder (DBStoreBuilder.java:processTables(161)) - Using default column profile:DBProfile.DISK for Table:deletedBlocks
2019-09-11 07:01:04,625 [main] INFO  db.DBStoreBuilder (DBStoreBuilder.java:addTable(110)) - using custom profile for table: validCerts
2019-09-11 07:01:04,625 [main] INFO  db.DBStoreBuilder (DBStoreBuilder.java:processTables(161)) - Using default column profile:DBProfile.DISK for Table:validCerts
2019-09-11 07:01:04,625 [main] INFO  db.DBStoreBuilder (DBStoreBuilder.java:addTable(110)) - using custom profile for table: revokedCerts
2019-09-11 07:01:04,626 [main] INFO  db.DBStoreBuilder (DBStoreBuilder.java:processTables(161)) - Using default column profile:DBProfile.DISK for Table:revokedCerts
2019-09-11 07:01:04,638 [main] INFO  db.DBStoreBuilder (DBStoreBuilder.java:addTable(110)) - using custom profile for table: default
2019-09-11 07:01:04,638 [main] INFO  db.DBStoreBuilder (DBStoreBuilder.java:processTables(167)) - Using default column profile:DBProfile.DISK for Table:default
2019-09-11 07:01:04,639 [main] INFO  db.DBStoreBuilder (DBStoreBuilder.java:getDbProfile(198)) - Using default options. DBProfile.DISK
2019-09-11 07:01:04,943 [main] INFO  net.NodeSchemaLoader (NodeSchemaLoader.java:loadSchemaFromFile(125)) - Loading file from sun.misc.CompoundEnumeration@3270d194
2019-09-11 07:01:04,945 [main] INFO  net.NodeSchemaLoader (NodeSchemaLoader.java:loadSchema(171)) - Loading network topology layer schema file
2019-09-11 07:01:05,017 [main] INFO  node.SCMNodeManager (SCMNodeManager.java:<init>(114)) - Entering startup safe mode.
2019-09-11 07:01:05,095 [main] INFO  algorithms.ContainerPlacementPolicyFactory (ContainerPlacementPolicyFactory.java:getPolicy(57)) - Create container placement policy of type org.apache.hadoop.hdds.scm.container.placement.algorithms.SCMContainerPlacementRandom
2019-09-11 07:01:05,111 [main] WARN  server.ServerUtils (ServerUtils.java:getScmDbDir(145)) - ozone.scm.db.dirs is not configured. We recommend adding this setting. Falling back to ozone.metadata.dirs instead.
2019-09-11 07:01:05,208 [main] INFO  pipeline.SCMPipelineManager (SCMPipelineManager.java:initializePipelineState(128)) - No pipeline exists in current db
2019-09-11 07:01:05,211 [main] WARN  server.ServerUtils (ServerUtils.java:getScmDbDir(145)) - ozone.scm.db.dirs is not configured. We recommend adding this setting. Falling back to ozone.metadata.dirs instead.
2019-09-11 07:01:05,384 [main] WARN  events.EventQueue (EventQueue.java:fireEvent(183)) - No event handler registered for event TypedEvent{payloadType=SafeModeStatus, name='SafeModeStatus'}
2019-09-11 07:01:05,843 [main] INFO  ipc.CallQueueManager (CallQueueManager.java:<init>(84)) - Using callQueue: class java.util.concurrent.LinkedBlockingQueue, queueCapacity: 2000, scheduler: class org.apache.hadoop.ipc.DefaultRpcScheduler, ipcBackoff: false.
2019-09-11 07:01:05,880 [Socket Reader #1 for port 36948] INFO  ipc.Server (Server.java:run(1074)) - Starting Socket Reader #1 for port 36948
2019-09-11 07:01:06,027 [main] INFO  ipc.CallQueueManager (CallQueueManager.java:<init>(84)) - Using callQueue: class java.util.concurrent.LinkedBlockingQueue, queueCapacity: 2000, scheduler: class org.apache.hadoop.ipc.DefaultRpcScheduler, ipcBackoff: false.
2019-09-11 07:01:06,028 [Socket Reader #1 for port 32974] INFO  ipc.Server (Server.java:run(1074)) - Starting Socket Reader #1 for port 32974
2019-09-11 07:01:06,036 [main] INFO  ipc.CallQueueManager (CallQueueManager.java:<init>(84)) - Using callQueue: class java.util.concurrent.LinkedBlockingQueue, queueCapacity: 2000, scheduler: class org.apache.hadoop.ipc.DefaultRpcScheduler, ipcBackoff: false.
2019-09-11 07:01:06,037 [Socket Reader #1 for port 40221] INFO  ipc.Server (Server.java:run(1074)) - Starting Socket Reader #1 for port 40221
2019-09-11 07:01:06,060 [main] INFO  hdfs.DFSUtil (DFSUtil.java:httpServerTemplateForNNAndJN(1641)) - Starting Web-server for scm at: http://0.0.0.0:0
2019-09-11 07:01:06,202 [main] INFO  server.AuthenticationFilter (AuthenticationFilter.java:constructSecretProvider(240)) - Unable to initialize FileSignerSecretProvider, falling back to use random secrets.
2019-09-11 07:01:06,211 [main] WARN  http.HttpRequestLog (HttpRequestLog.java:getRequestLog(97)) - Jetty request log can only be enabled using Log4j
2019-09-11 07:01:06,219 [main] INFO  http.HttpServer2 (HttpServer2.java:addGlobalFilter(975)) - Added global filter 'safety' (class=org.apache.hadoop.http.HttpServer2$QuotingInputFilter)
2019-09-11 07:01:06,222 [main] INFO  http.HttpServer2 (HttpServer2.java:addFilter(948)) - Added filter static_user_filter (class=org.apache.hadoop.http.lib.StaticUserWebFilter$StaticUserFilter) to context scm
2019-09-11 07:01:06,222 [main] INFO  http.HttpServer2 (HttpServer2.java:addFilter(958)) - Added filter static_user_filter (class=org.apache.hadoop.http.lib.StaticUserWebFilter$StaticUserFilter) to context logs
2019-09-11 07:01:06,222 [main] INFO  http.HttpServer2 (HttpServer2.java:addFilter(958)) - Added filter static_user_filter (class=org.apache.hadoop.http.lib.StaticUserWebFilter$StaticUserFilter) to context static
2019-09-11 07:01:06,255 [main] INFO  server.StorageContainerManager (StorageContainerManager.java:start(763)) - StorageContainerLocationProtocol RPC server is listening at /0.0.0.0:40221
2019-09-11 07:01:06,325 [main] WARN  impl.MetricsConfig (MetricsConfig.java:loadFirst(134)) - Cannot locate configuration: tried hadoop-metrics2-storagecontainermanager.properties,hadoop-metrics2.properties
2019-09-11 07:01:06,342 [main] INFO  impl.MetricsSystemImpl (MetricsSystemImpl.java:startTimer(374)) - Scheduled Metric snapshot period at 10 second(s).
2019-09-11 07:01:06,342 [main] INFO  impl.MetricsSystemImpl (MetricsSystemImpl.java:start(191)) - StorageContainerManager metrics system started
2019-09-11 07:01:06,578 [main] INFO  server.SCMClientProtocolServer (SCMClientProtocolServer.java:start(151)) - RPC server for Client  is listening at /0.0.0.0:40221
2019-09-11 07:01:06,579 [IPC Server listener on 40221] INFO  ipc.Server (Server.java:run(1153)) - IPC Server listener on 40221: starting
2019-09-11 07:01:06,579 [IPC Server Responder] INFO  ipc.Server (Server.java:run(1314)) - IPC Server Responder: starting
2019-09-11 07:01:06,582 [main] INFO  server.StorageContainerManager (StorageContainerManager.java:start(773)) - ScmBlockLocationProtocol RPC server is listening at /0.0.0.0:32974
2019-09-11 07:01:06,583 [main] INFO  server.SCMBlockProtocolServer (SCMBlockProtocolServer.java:start(146)) - RPC server for Block Protocol is listening at /0.0.0.0:32974
2019-09-11 07:01:06,584 [IPC Server Responder] INFO  ipc.Server (Server.java:run(1314)) - IPC Server Responder: starting
2019-09-11 07:01:06,584 [IPC Server listener on 32974] INFO  ipc.Server (Server.java:run(1153)) - IPC Server listener on 32974: starting
2019-09-11 07:01:06,586 [main] INFO  server.StorageContainerManager (StorageContainerManager.java:start(777)) - ScmDatanodeProtocl RPC server is listening at /0.0.0.0:36948
2019-09-11 07:01:06,586 [main] INFO  server.SCMDatanodeProtocolServer (SCMDatanodeProtocolServer.java:start(191)) - RPC server for DataNodes is listening at /0.0.0.0:36948
2019-09-11 07:01:06,587 [IPC Server Responder] INFO  ipc.Server (Server.java:run(1314)) - IPC Server Responder: starting
2019-09-11 07:01:06,587 [IPC Server listener on 36948] INFO  ipc.Server (Server.java:run(1153)) - IPC Server listener on 36948: starting
2019-09-11 07:01:06,590 [main] INFO  http.HttpServer2 (HttpServer2.java:bindListener(1191)) - Jetty bound to port 38142
2019-09-11 07:01:06,592 [main] INFO  server.Server (Server.java:doStart(351)) - jetty-9.3.24.v20180605, build timestamp: 2018-06-05T17:11:56Z, git hash: 84205aa28f11a4f31f2a3b86d1bba2cc8ab69827
2019-09-11 07:01:06,633 [main] INFO  handler.ContextHandler (ContextHandler.java:doStart(781)) - Started o.e.j.s.ServletContextHandler@732f29af{/logs,file:///workdir/hadoop-ozone/integration-test/target/log,AVAILABLE}
2019-09-11 07:01:06,634 [main] INFO  handler.ContextHandler (ContextHandler.java:doStart(781)) - Started o.e.j.s.ServletContextHandler@6622fc65{/static,file:///workdir/hadoop-ozone/integration-test/target/test-classes/webapps/static,AVAILABLE}
2019-09-11 07:01:06,671 [main] INFO  handler.ContextHandler (ContextHandler.java:doStart(781)) - Started o.e.j.w.WebAppContext@7555b920{/,file:///workdir/hadoop-ozone/integration-test/target/test-classes/webapps/scm/,AVAILABLE}{/scm}
2019-09-11 07:01:06,677 [main] INFO  server.AbstractConnector (AbstractConnector.java:doStart(278)) - Started ServerConnector@6db66836{HTTP/1.1,[http/1.1]}{0.0.0.0:38142}
2019-09-11 07:01:06,677 [main] INFO  server.Server (Server.java:doStart(419)) - Started @3042ms
2019-09-11 07:01:06,680 [main] INFO  impl.MetricsSinkAdapter (MetricsSinkAdapter.java:start(204)) - Sink prometheus started
2019-09-11 07:01:06,680 [main] INFO  impl.MetricsSystemImpl (MetricsSystemImpl.java:registerSink(301)) - Registered sink prometheus
2019-09-11 07:01:06,681 [main] INFO  server.BaseHttpServer (BaseHttpServer.java:updateConnectorAddress(215)) - HTTP server of SCM is listening at http://0.0.0.0:38142
2019-09-11 07:01:06,687 [org.apache.hadoop.util.JvmPauseMonitor$Monitor@78461bc4] INFO  util.JvmPauseMonitor (JvmPauseMonitor.java:run(188)) - Starting JVM pause monitor
2019-09-11 07:01:06,690 [main] WARN  server.ServerUtils (ServerUtils.java:getDBPath(222)) - ozone.om.db.dirs is not configured. We recommend adding this setting. Falling back to ozone.metadata.dirs instead.
2019-09-11 07:01:06,802 [main] WARN  server.ServerUtils (ServerUtils.java:getDBPath(222)) - ozone.om.db.dirs is not configured. We recommend adding this setting. Falling back to ozone.metadata.dirs instead.
2019-09-11 07:01:06,803 [main] WARN  server.ServerUtils (ServerUtils.java:getDBPath(222)) - ozone.om.db.dirs is not configured. We recommend adding this setting. Falling back to ozone.metadata.dirs instead.
2019-09-11 07:01:06,804 [main] INFO  om.OzoneManager (OzoneManager.java:setOMNodeDetails(649)) - OM Service ID is not set. Setting it to the default ID: omServiceIdDefault
2019-09-11 07:01:06,804 [main] INFO  om.OzoneManager (OzoneManager.java:setOMNodeDetails(655)) - OM Node ID is not set. Setting it to the OmStorage's OmID: bb771131-cf40-482c-9248-76649392083c
2019-09-11 07:01:06,805 [main] INFO  om.OzoneManager (OzoneManager.java:loadOMHAConfigs(606)) - Found matching OM address with OMServiceId: null, OMNodeId: null, RPC Address: localhost:0 and Ratis port: 9872
2019-09-11 07:01:07,550 [main] WARN  server.ServerUtils (ServerUtils.java:getDBPath(222)) - ozone.om.db.dirs is not configured. We recommend adding this setting. Falling back to ozone.metadata.dirs instead.
2019-09-11 07:01:07,556 [main] INFO  db.DBStoreBuilder (DBStoreBuilder.java:addTable(110)) - using custom profile for table: userTable
2019-09-11 07:01:07,556 [main] INFO  db.DBStoreBuilder (DBStoreBuilder.java:processTables(161)) - Using default column profile:DBProfile.DISK for Table:userTable
2019-09-11 07:01:07,556 [main] INFO  db.DBStoreBuilder (DBStoreBuilder.java:addTable(110)) - using custom profile for table: volumeTable
2019-09-11 07:01:07,557 [main] INFO  db.DBStoreBuilder (DBStoreBuilder.java:processTables(161)) - Using default column profile:DBProfile.DISK for Table:volumeTable
2019-09-11 07:01:07,557 [main] INFO  db.DBStoreBuilder (DBStoreBuilder.java:addTable(110)) - using custom profile for table: bucketTable
2019-09-11 07:01:07,557 [main] INFO  db.DBStoreBuilder (DBStoreBuilder.java:processTables(161)) - Using default column profile:DBProfile.DISK for Table:bucketTable
2019-09-11 07:01:07,557 [main] INFO  db.DBStoreBuilder (DBStoreBuilder.java:addTable(110)) - using custom profile for table: keyTable
2019-09-11 07:01:07,557 [main] INFO  db.DBStoreBuilder (DBStoreBuilder.java:processTables(161)) - Using default column profile:DBProfile.DISK for Table:keyTable
2019-09-11 07:01:07,558 [main] INFO  db.DBStoreBuilder (DBStoreBuilder.java:addTable(110)) - using custom profile for table: deletedTable
2019-09-11 07:01:07,558 [main] INFO  db.DBStoreBuilder (DBStoreBuilder.java:processTables(161)) - Using default column profile:DBProfile.DISK for Table:deletedTable
2019-09-11 07:01:07,558 [main] INFO  db.DBStoreBuilder (DBStoreBuilder.java:addTable(110)) - using custom profile for table: openKeyTable
2019-09-11 07:01:07,558 [main] INFO  db.DBStoreBuilder (DBStoreBuilder.java:processTables(161)) - Using default column profile:DBProfile.DISK for Table:openKeyTable
2019-09-11 07:01:07,559 [main] INFO  db.DBStoreBuilder (DBStoreBuilder.java:addTable(110)) - using custom profile for table: s3Table
2019-09-11 07:01:07,559 [main] INFO  db.DBStoreBuilder (DBStoreBuilder.java:processTables(161)) - Using default column profile:DBProfile.DISK for Table:s3Table
2019-09-11 07:01:07,559 [main] INFO  db.DBStoreBuilder (DBStoreBuilder.java:addTable(110)) - using custom profile for table: multipartInfoTable
2019-09-11 07:01:07,559 [main] INFO  db.DBStoreBuilder (DBStoreBuilder.java:processTables(161)) - Using default column profile:DBProfile.DISK for Table:multipartInfoTable
2019-09-11 07:01:07,559 [main] INFO  db.DBStoreBuilder (DBStoreBuilder.java:addTable(110)) - using custom profile for table: dTokenTable
2019-09-11 07:01:07,560 [main] INFO  db.DBStoreBuilder (DBStoreBuilder.java:processTables(161)) - Using default column profile:DBProfile.DISK for Table:dTokenTable
2019-09-11 07:01:07,560 [main] INFO  db.DBStoreBuilder (DBStoreBuilder.java:addTable(110)) - using custom profile for table: s3SecretTable
2019-09-11 07:01:07,560 [main] INFO  db.DBStoreBuilder (DBStoreBuilder.java:processTables(161)) - Using default column profile:DBProfile.DISK for Table:s3SecretTable
2019-09-11 07:01:07,560 [main] INFO  db.DBStoreBuilder (DBStoreBuilder.java:addTable(110)) - using custom profile for table: prefixTable
2019-09-11 07:01:07,561 [main] INFO  db.DBStoreBuilder (DBStoreBuilder.java:processTables(161)) - Using default column profile:DBProfile.DISK for Table:prefixTable
2019-09-11 07:01:07,561 [main] INFO  db.DBStoreBuilder (DBStoreBuilder.java:addTable(110)) - using custom profile for table: default
2019-09-11 07:01:07,561 [main] INFO  db.DBStoreBuilder (DBStoreBuilder.java:processTables(167)) - Using default column profile:DBProfile.DISK for Table:default
2019-09-11 07:01:07,561 [main] INFO  db.DBStoreBuilder (DBStoreBuilder.java:getDbProfile(198)) - Using default options. DBProfile.DISK
2019-09-11 07:01:08,484 [main] INFO  ipc.CallQueueManager (CallQueueManager.java:<init>(84)) - Using callQueue: class java.util.concurrent.LinkedBlockingQueue, queueCapacity: 2000, scheduler: class org.apache.hadoop.ipc.DefaultRpcScheduler, ipcBackoff: false.
2019-09-11 07:01:08,485 [Socket Reader #1 for port 37433] INFO  ipc.Server (Server.java:run(1074)) - Starting Socket Reader #1 for port 37433
2019-09-11 07:01:08,506 [main] INFO  om.OzoneManager (OzoneManager.java:start(1240)) - OzoneManager RPC server is listening at localhost/127.0.0.1:37433
2019-09-11 07:01:08,507 [main] INFO  impl.MetricsSystemImpl (MetricsSystemImpl.java:init(158)) - OzoneManager metrics system started (again)
2019-09-11 07:01:08,508 [IPC Server Responder] INFO  ipc.Server (Server.java:run(1314)) - IPC Server Responder: starting
2019-09-11 07:01:08,509 [IPC Server listener on 37433] INFO  ipc.Server (Server.java:run(1153)) - IPC Server listener on 37433: starting
2019-09-11 07:01:08,513 [main] INFO  hdfs.DFSUtil (DFSUtil.java:httpServerTemplateForNNAndJN(1641)) - Starting Web-server for ozoneManager at: http://0.0.0.0:0
2019-09-11 07:01:08,515 [main] INFO  server.AuthenticationFilter (AuthenticationFilter.java:constructSecretProvider(240)) - Unable to initialize FileSignerSecretProvider, falling back to use random secrets.
2019-09-11 07:01:08,515 [main] WARN  http.HttpRequestLog (HttpRequestLog.java:getRequestLog(97)) - Jetty request log can only be enabled using Log4j
2019-09-11 07:01:08,517 [main] INFO  http.HttpServer2 (HttpServer2.java:addGlobalFilter(975)) - Added global filter 'safety' (class=org.apache.hadoop.http.HttpServer2$QuotingInputFilter)
2019-09-11 07:01:08,518 [main] INFO  http.HttpServer2 (HttpServer2.java:addFilter(948)) - Added filter static_user_filter (class=org.apache.hadoop.http.lib.StaticUserWebFilter$StaticUserFilter) to context ozoneManager
2019-09-11 07:01:08,519 [main] INFO  http.HttpServer2 (HttpServer2.java:addFilter(958)) - Added filter static_user_filter (class=org.apache.hadoop.http.lib.StaticUserWebFilter$StaticUserFilter) to context logs
2019-09-11 07:01:08,519 [main] INFO  http.HttpServer2 (HttpServer2.java:addFilter(958)) - Added filter static_user_filter (class=org.apache.hadoop.http.lib.StaticUserWebFilter$StaticUserFilter) to context static
2019-09-11 07:01:08,521 [main] INFO  http.HttpServer2 (HttpServer2.java:bindListener(1191)) - Jetty bound to port 42432
2019-09-11 07:01:08,521 [main] INFO  server.Server (Server.java:doStart(351)) - jetty-9.3.24.v20180605, build timestamp: 2018-06-05T17:11:56Z, git hash: 84205aa28f11a4f31f2a3b86d1bba2cc8ab69827
2019-09-11 07:01:08,523 [main] INFO  handler.ContextHandler (ContextHandler.java:doStart(781)) - Started o.e.j.s.ServletContextHandler@25d3cfc8{/logs,file:///workdir/hadoop-ozone/integration-test/target/log,AVAILABLE}
2019-09-11 07:01:08,524 [main] INFO  handler.ContextHandler (ContextHandler.java:doStart(781)) - Started o.e.j.s.ServletContextHandler@2571066a{/static,file:///workdir/hadoop-ozone/integration-test/target/test-classes/webapps/static,AVAILABLE}
2019-09-11 07:01:08,529 [main] INFO  handler.ContextHandler (ContextHandler.java:doStart(781)) - Started o.e.j.w.WebAppContext@444548a0{/,file:///workdir/hadoop-ozone/integration-test/target/test-classes/webapps/ozoneManager/,AVAILABLE}{/ozoneManager}
2019-09-11 07:01:08,530 [main] INFO  server.AbstractConnector (AbstractConnector.java:doStart(278)) - Started ServerConnector@3766c667{HTTP/1.1,[http/1.1]}{0.0.0.0:42432}
2019-09-11 07:01:08,530 [main] INFO  server.Server (Server.java:doStart(419)) - Started @4895ms
2019-09-11 07:01:08,531 [main] WARN  impl.MetricsSystemImpl (MetricsSystemImpl.java:register(276)) - Sink prometheus already exists!
2019-09-11 07:01:08,532 [main] INFO  server.BaseHttpServer (BaseHttpServer.java:updateConnectorAddress(215)) - HTTP server of OZONEMANAGER is listening at http://0.0.0.0:42432
2019-09-11 07:01:08,847 [main] INFO  impl.MetricsSystemImpl (MetricsSystemImpl.java:init(158)) - HddsDatanode metrics system started (again)
2019-09-11 07:01:08,898 [main] INFO  ozone.HddsDatanodeService (HddsDatanodeService.java:start(184)) - HddsDatanodeService host:pr-hdds-1786-trunk-klbfp-3319181915 ip:192.168.5.143
2019-09-11 07:01:08,929 [main] INFO  volume.HddsVolume (HddsVolume.java:<init>(176)) - Creating Volume: /workdir/hadoop-ozone/integration-test/target/test-dir/MiniOzoneClusterImpl-17eb7e61-4fa5-444d-af72-e415168ae45d/datanode-0/data/containers/hdds of  storage type : DISK and capacity : 1482555576320
2019-09-11 07:01:08,930 [main] INFO  volume.VolumeSet (VolumeSet.java:initializeVolumeSet(170)) - Added Volume : /workdir/hadoop-ozone/integration-test/target/test-dir/MiniOzoneClusterImpl-17eb7e61-4fa5-444d-af72-e415168ae45d/datanode-0/data/containers/hdds to VolumeSet
2019-09-11 07:01:08,933 [main] INFO  volume.ThrottledAsyncChecker (ThrottledAsyncChecker.java:schedule(139)) - Scheduling a check for org.apache.hadoop.ozone.container.common.volume.HddsVolume@7e2f86e6
2019-09-11 07:01:08,951 [main] INFO  volume.HddsVolumeChecker (HddsVolumeChecker.java:checkAllVolumes(202)) - Scheduled health check for volume org.apache.hadoop.ozone.container.common.volume.HddsVolume@7e2f86e6
2019-09-11 07:01:09,061 [main] INFO  impl.RaftServerProxy (ConfUtils.java:logGet(43)) - raft.rpc.type = GRPC (default)
2019-09-11 07:01:09,133 [main] INFO  grpc.GrpcFactory (GrpcFactory.java:checkPooledByteBufAllocatorUseCacheForAllThreads(45)) - PERFORMANCE WARNING: useCacheForAllThreads is true that may cause Netty to create a lot garbage objects and, as a result, trigger GC.
	It is recommended to disable useCacheForAllThreads by setting -Dorg.apache.ratis.thirdparty.io.netty.allocator.useCacheForAllThreads=false in command line.
2019-09-11 07:01:09,138 [main] INFO  grpc.GrpcConfigKeys$Server (ConfUtils.java:logGet(43)) - raft.grpc.server.port = 0 (default)
2019-09-11 07:01:09,139 [main] INFO  server.GrpcService (ConfUtils.java:logGet(43)) - raft.grpc.message.size.max = 33570816 (custom)
2019-09-11 07:01:09,140 [main] INFO  server.RaftServerConfigKeys (ConfUtils.java:logGet(43)) - raft.server.log.appender.buffer.byte-limit = 33554432 (custom)
2019-09-11 07:01:09,141 [main] INFO  server.GrpcService (ConfUtils.java:logGet(43)) - raft.grpc.flow.control.window = 1MB (=1048576) (default)
2019-09-11 07:01:09,142 [main] INFO  server.RaftServerConfigKeys (ConfUtils.java:logGet(43)) - raft.server.rpc.request.timeout = 3000ms (default)
2019-09-11 07:01:09,285 [main] INFO  server.RaftServerConfigKeys (ConfUtils.java:logGet(43)) - raft.server.storage.dir = [/workdir/hadoop-ozone/integration-test/target/test-dir/MiniOzoneClusterImpl-17eb7e61-4fa5-444d-af72-e415168ae45d/datanode-0/data/ratis] (custom)
2019-09-11 07:01:09,326 [main] INFO  hdfs.DFSUtil (DFSUtil.java:httpServerTemplateForNNAndJN(1641)) - Starting Web-server for hddsDatanode at: http://0.0.0.0:0
2019-09-11 07:01:09,328 [main] INFO  server.AuthenticationFilter (AuthenticationFilter.java:constructSecretProvider(240)) - Unable to initialize FileSignerSecretProvider, falling back to use random secrets.
2019-09-11 07:01:09,330 [main] WARN  http.HttpRequestLog (HttpRequestLog.java:getRequestLog(97)) - Jetty request log can only be enabled using Log4j
2019-09-11 07:01:09,334 [main] INFO  http.HttpServer2 (HttpServer2.java:addGlobalFilter(975)) - Added global filter 'safety' (class=org.apache.hadoop.http.HttpServer2$QuotingInputFilter)
2019-09-11 07:01:09,335 [main] INFO  http.HttpServer2 (HttpServer2.java:addFilter(948)) - Added filter static_user_filter (class=org.apache.hadoop.http.lib.StaticUserWebFilter$StaticUserFilter) to context hddsDatanode
2019-09-11 07:01:09,335 [main] INFO  http.HttpServer2 (HttpServer2.java:addFilter(958)) - Added filter static_user_filter (class=org.apache.hadoop.http.lib.StaticUserWebFilter$StaticUserFilter) to context logs
2019-09-11 07:01:09,336 [main] INFO  http.HttpServer2 (HttpServer2.java:addFilter(958)) - Added filter static_user_filter (class=org.apache.hadoop.http.lib.StaticUserWebFilter$StaticUserFilter) to context static
2019-09-11 07:01:09,338 [main] INFO  http.HttpServer2 (HttpServer2.java:bindListener(1191)) - Jetty bound to port 44254
2019-09-11 07:01:09,339 [main] INFO  server.Server (Server.java:doStart(351)) - jetty-9.3.24.v20180605, build timestamp: 2018-06-05T17:11:56Z, git hash: 84205aa28f11a4f31f2a3b86d1bba2cc8ab69827
2019-09-11 07:01:09,342 [main] INFO  handler.ContextHandler (ContextHandler.java:doStart(781)) - Started o.e.j.s.ServletContextHandler@5fa23c{/logs,file:///workdir/hadoop-ozone/integration-test/target/log,AVAILABLE}
2019-09-11 07:01:09,343 [main] INFO  handler.ContextHandler (ContextHandler.java:doStart(781)) - Started o.e.j.s.ServletContextHandler@433348bc{/static,jar:file:/home/user/.m2/repository/org/apache/hadoop/hadoop-hdds-container-service/0.5.0-SNAPSHOT/hadoop-hdds-container-service-0.5.0-SNAPSHOT.jar!/webapps/static,AVAILABLE}
2019-09-11 07:01:09,390 [main] INFO  handler.ContextHandler (ContextHandler.java:doStart(781)) - Started o.e.j.w.WebAppContext@3c5dbdf8{/,file:///tmp/jetty-0.0.0.0-44254-hddsDatanode-_-any-7507026534328587557.dir/webapp/,AVAILABLE}{/hddsDatanode}
2019-09-11 07:01:09,391 [main] INFO  server.AbstractConnector (AbstractConnector.java:doStart(278)) - Started ServerConnector@352c44a8{HTTP/1.1,[http/1.1]}{0.0.0.0:44254}
2019-09-11 07:01:09,392 [main] INFO  server.Server (Server.java:doStart(419)) - Started @5756ms
2019-09-11 07:01:09,393 [main] WARN  impl.MetricsSystemImpl (MetricsSystemImpl.java:register(276)) - Sink prometheus already exists!
2019-09-11 07:01:09,394 [main] INFO  server.BaseHttpServer (BaseHttpServer.java:updateConnectorAddress(215)) - HTTP server of HDDSDATANODE is listening at http://0.0.0.0:44254
2019-09-11 07:01:09,395 [main] INFO  impl.MetricsSystemImpl (MetricsSystemImpl.java:init(158)) - HddsDatanode metrics system started (again)
2019-09-11 07:01:09,399 [main] INFO  ozone.HddsDatanodeService (HddsDatanodeService.java:start(184)) - HddsDatanodeService host:pr-hdds-1786-trunk-klbfp-3319181915 ip:192.168.5.143
2019-09-11 07:01:09,402 [org.apache.hadoop.util.JvmPauseMonitor$Monitor@44335d91] INFO  util.JvmPauseMonitor (JvmPauseMonitor.java:run(188)) - Starting JVM pause monitor
2019-09-11 07:01:09,408 [main] INFO  volume.HddsVolume (HddsVolume.java:<init>(176)) - Creating Volume: /workdir/hadoop-ozone/integration-test/target/test-dir/MiniOzoneClusterImpl-17eb7e61-4fa5-444d-af72-e415168ae45d/datanode-1/data/containers/hdds of  storage type : DISK and capacity : 1482555576320
2019-09-11 07:01:09,409 [main] INFO  volume.VolumeSet (VolumeSet.java:initializeVolumeSet(170)) - Added Volume : /workdir/hadoop-ozone/integration-test/target/test-dir/MiniOzoneClusterImpl-17eb7e61-4fa5-444d-af72-e415168ae45d/datanode-1/data/containers/hdds to VolumeSet
2019-09-11 07:01:09,410 [main] INFO  volume.ThrottledAsyncChecker (ThrottledAsyncChecker.java:schedule(139)) - Scheduling a check for org.apache.hadoop.ozone.container.common.volume.HddsVolume@3804a9a8
2019-09-11 07:01:09,411 [main] INFO  volume.HddsVolumeChecker (HddsVolumeChecker.java:checkAllVolumes(202)) - Scheduled health check for volume org.apache.hadoop.ozone.container.common.volume.HddsVolume@3804a9a8
2019-09-11 07:01:09,428 [main] INFO  impl.RaftServerProxy (ConfUtils.java:logGet(43)) - raft.rpc.type = GRPC (default)
2019-09-11 07:01:09,429 [main] INFO  grpc.GrpcFactory (GrpcFactory.java:checkPooledByteBufAllocatorUseCacheForAllThreads(45)) - PERFORMANCE WARNING: useCacheForAllThreads is true that may cause Netty to create a lot garbage objects and, as a result, trigger GC.
	It is recommended to disable useCacheForAllThreads by setting -Dorg.apache.ratis.thirdparty.io.netty.allocator.useCacheForAllThreads=false in command line.
2019-09-11 07:01:09,429 [main] INFO  grpc.GrpcConfigKeys$Server (ConfUtils.java:logGet(43)) - raft.grpc.server.port = 0 (default)
2019-09-11 07:01:09,429 [main] INFO  server.GrpcService (ConfUtils.java:logGet(43)) - raft.grpc.message.size.max = 33570816 (custom)
2019-09-11 07:01:09,430 [main] INFO  server.RaftServerConfigKeys (ConfUtils.java:logGet(43)) - raft.server.log.appender.buffer.byte-limit = 33554432 (custom)
2019-09-11 07:01:09,430 [main] INFO  server.GrpcService (ConfUtils.java:logGet(43)) - raft.grpc.flow.control.window = 1MB (=1048576) (default)
2019-09-11 07:01:09,430 [main] INFO  server.RaftServerConfigKeys (ConfUtils.java:logGet(43)) - raft.server.rpc.request.timeout = 3000ms (default)
2019-09-11 07:01:09,431 [main] INFO  server.RaftServerConfigKeys (ConfUtils.java:logGet(43)) - raft.server.storage.dir = [/workdir/hadoop-ozone/integration-test/target/test-dir/MiniOzoneClusterImpl-17eb7e61-4fa5-444d-af72-e415168ae45d/datanode-1/data/ratis] (custom)
2019-09-11 07:01:09,433 [main] INFO  hdfs.DFSUtil (DFSUtil.java:httpServerTemplateForNNAndJN(1641)) - Starting Web-server for hddsDatanode at: http://0.0.0.0:0
2019-09-11 07:01:09,434 [main] INFO  server.AuthenticationFilter (AuthenticationFilter.java:constructSecretProvider(240)) - Unable to initialize FileSignerSecretProvider, falling back to use random secrets.
2019-09-11 07:01:09,435 [main] WARN  http.HttpRequestLog (HttpRequestLog.java:getRequestLog(97)) - Jetty request log can only be enabled using Log4j
2019-09-11 07:01:09,437 [main] INFO  http.HttpServer2 (HttpServer2.java:addGlobalFilter(975)) - Added global filter 'safety' (class=org.apache.hadoop.http.HttpServer2$QuotingInputFilter)
2019-09-11 07:01:09,438 [main] INFO  http.HttpServer2 (HttpServer2.java:addFilter(948)) - Added filter static_user_filter (class=org.apache.hadoop.http.lib.StaticUserWebFilter$StaticUserFilter) to context hddsDatanode
2019-09-11 07:01:09,438 [main] INFO  http.HttpServer2 (HttpServer2.java:addFilter(958)) - Added filter static_user_filter (class=org.apache.hadoop.http.lib.StaticUserWebFilter$StaticUserFilter) to context logs
2019-09-11 07:01:09,438 [main] INFO  http.HttpServer2 (HttpServer2.java:addFilter(958)) - Added filter static_user_filter (class=org.apache.hadoop.http.lib.StaticUserWebFilter$StaticUserFilter) to context static
2019-09-11 07:01:09,439 [main] INFO  http.HttpServer2 (HttpServer2.java:bindListener(1191)) - Jetty bound to port 44431
2019-09-11 07:01:09,439 [main] INFO  server.Server (Server.java:doStart(351)) - jetty-9.3.24.v20180605, build timestamp: 2018-06-05T17:11:56Z, git hash: 84205aa28f11a4f31f2a3b86d1bba2cc8ab69827
2019-09-11 07:01:09,442 [main] INFO  handler.ContextHandler (ContextHandler.java:doStart(781)) - Started o.e.j.s.ServletContextHandler@625d9132{/logs,file:///workdir/hadoop-ozone/integration-test/target/log,AVAILABLE}
2019-09-11 07:01:09,443 [main] INFO  handler.ContextHandler (ContextHandler.java:doStart(781)) - Started o.e.j.s.ServletContextHandler@277b8fa4{/static,jar:file:/home/user/.m2/repository/org/apache/hadoop/hadoop-hdds-container-service/0.5.0-SNAPSHOT/hadoop-hdds-container-service-0.5.0-SNAPSHOT.jar!/webapps/static,AVAILABLE}
2019-09-11 07:01:09,476 [main] INFO  handler.ContextHandler (ContextHandler.java:doStart(781)) - Started o.e.j.w.WebAppContext@1422ac7f{/,file:///tmp/jetty-0.0.0.0-44431-hddsDatanode-_-any-8181217215929792565.dir/webapp/,AVAILABLE}{/hddsDatanode}
2019-09-11 07:01:09,478 [main] INFO  server.AbstractConnector (AbstractConnector.java:doStart(278)) - Started ServerConnector@5e519ad3{HTTP/1.1,[http/1.1]}{0.0.0.0:44431}
2019-09-11 07:01:09,479 [main] INFO  server.Server (Server.java:doStart(419)) - Started @5843ms
2019-09-11 07:01:09,479 [main] WARN  impl.MetricsSystemImpl (MetricsSystemImpl.java:register(276)) - Sink prometheus already exists!
2019-09-11 07:01:09,480 [main] INFO  server.BaseHttpServer (BaseHttpServer.java:updateConnectorAddress(215)) - HTTP server of HDDSDATANODE is listening at http://0.0.0.0:44431
2019-09-11 07:01:09,480 [main] INFO  impl.MetricsSystemImpl (MetricsSystemImpl.java:init(158)) - HddsDatanode metrics system started (again)
2019-09-11 07:01:09,483 [org.apache.hadoop.util.JvmPauseMonitor$Monitor@6a37a236] INFO  util.JvmPauseMonitor (JvmPauseMonitor.java:run(188)) - Starting JVM pause monitor
2019-09-11 07:01:09,483 [main] INFO  ozone.HddsDatanodeService (HddsDatanodeService.java:start(184)) - HddsDatanodeService host:pr-hdds-1786-trunk-klbfp-3319181915 ip:192.168.5.143
2019-09-11 07:01:09,492 [main] INFO  volume.HddsVolume (HddsVolume.java:<init>(176)) - Creating Volume: /workdir/hadoop-ozone/integration-test/target/test-dir/MiniOzoneClusterImpl-17eb7e61-4fa5-444d-af72-e415168ae45d/datanode-2/data/containers/hdds of  storage type : DISK and capacity : 1482555576320
2019-09-11 07:01:09,492 [main] INFO  volume.VolumeSet (VolumeSet.java:initializeVolumeSet(170)) - Added Volume : /workdir/hadoop-ozone/integration-test/target/test-dir/MiniOzoneClusterImpl-17eb7e61-4fa5-444d-af72-e415168ae45d/datanode-2/data/containers/hdds to VolumeSet
2019-09-11 07:01:09,492 [main] INFO  volume.ThrottledAsyncChecker (ThrottledAsyncChecker.java:schedule(139)) - Scheduling a check for org.apache.hadoop.ozone.container.common.volume.HddsVolume@6e0c6a7a
2019-09-11 07:01:09,493 [main] INFO  volume.HddsVolumeChecker (HddsVolumeChecker.java:checkAllVolumes(202)) - Scheduled health check for volume org.apache.hadoop.ozone.container.common.volume.HddsVolume@6e0c6a7a
2019-09-11 07:01:09,495 [Datanode State Machine Thread - 0] INFO  datanode.InitDatanodeState (InitDatanodeState.java:persistContainerDatanodeDetails(140)) - DatanodeDetails is persisted to /workdir/hadoop-ozone/integration-test/target/test-dir/MiniOzoneClusterImpl-17eb7e61-4fa5-444d-af72-e415168ae45d/datanode-0/meta/datanode.id
2019-09-11 07:01:09,499 [Datanode State Machine Thread - 0] INFO  datanode.InitDatanodeState (InitDatanodeState.java:persistContainerDatanodeDetails(140)) - DatanodeDetails is persisted to /workdir/hadoop-ozone/integration-test/target/test-dir/MiniOzoneClusterImpl-17eb7e61-4fa5-444d-af72-e415168ae45d/datanode-1/meta/datanode.id
2019-09-11 07:01:09,508 [main] INFO  impl.RaftServerProxy (ConfUtils.java:logGet(43)) - raft.rpc.type = GRPC (default)
2019-09-11 07:01:09,508 [main] INFO  grpc.GrpcFactory (GrpcFactory.java:checkPooledByteBufAllocatorUseCacheForAllThreads(45)) - PERFORMANCE WARNING: useCacheForAllThreads is true that may cause Netty to create a lot garbage objects and, as a result, trigger GC.
	It is recommended to disable useCacheForAllThreads by setting -Dorg.apache.ratis.thirdparty.io.netty.allocator.useCacheForAllThreads=false in command line.
2019-09-11 07:01:09,508 [main] INFO  grpc.GrpcConfigKeys$Server (ConfUtils.java:logGet(43)) - raft.grpc.server.port = 0 (default)
2019-09-11 07:01:09,508 [main] INFO  server.GrpcService (ConfUtils.java:logGet(43)) - raft.grpc.message.size.max = 33570816 (custom)
2019-09-11 07:01:09,509 [main] INFO  server.RaftServerConfigKeys (ConfUtils.java:logGet(43)) - raft.server.log.appender.buffer.byte-limit = 33554432 (custom)
2019-09-11 07:01:09,509 [main] INFO  server.GrpcService (ConfUtils.java:logGet(43)) - raft.grpc.flow.control.window = 1MB (=1048576) (default)
2019-09-11 07:01:09,509 [main] INFO  server.RaftServerConfigKeys (ConfUtils.java:logGet(43)) - raft.server.rpc.request.timeout = 3000ms (default)
2019-09-11 07:01:09,510 [main] INFO  server.RaftServerConfigKeys (ConfUtils.java:logGet(43)) - raft.server.storage.dir = [/workdir/hadoop-ozone/integration-test/target/test-dir/MiniOzoneClusterImpl-17eb7e61-4fa5-444d-af72-e415168ae45d/datanode-2/data/ratis] (custom)
2019-09-11 07:01:09,513 [main] INFO  hdfs.DFSUtil (DFSUtil.java:httpServerTemplateForNNAndJN(1641)) - Starting Web-server for hddsDatanode at: http://0.0.0.0:0
2019-09-11 07:01:09,514 [main] INFO  server.AuthenticationFilter (AuthenticationFilter.java:constructSecretProvider(240)) - Unable to initialize FileSignerSecretProvider, falling back to use random secrets.
2019-09-11 07:01:09,514 [main] WARN  http.HttpRequestLog (HttpRequestLog.java:getRequestLog(97)) - Jetty request log can only be enabled using Log4j
2019-09-11 07:01:09,516 [main] INFO  http.HttpServer2 (HttpServer2.java:addGlobalFilter(975)) - Added global filter 'safety' (class=org.apache.hadoop.http.HttpServer2$QuotingInputFilter)
2019-09-11 07:01:09,517 [main] INFO  http.HttpServer2 (HttpServer2.java:addFilter(948)) - Added filter static_user_filter (class=org.apache.hadoop.http.lib.StaticUserWebFilter$StaticUserFilter) to context hddsDatanode
2019-09-11 07:01:09,517 [main] INFO  http.HttpServer2 (HttpServer2.java:addFilter(958)) - Added filter static_user_filter (class=org.apache.hadoop.http.lib.StaticUserWebFilter$StaticUserFilter) to context static
2019-09-11 07:01:09,517 [main] INFO  http.HttpServer2 (HttpServer2.java:addFilter(958)) - Added filter static_user_filter (class=org.apache.hadoop.http.lib.StaticUserWebFilter$StaticUserFilter) to context logs
2019-09-11 07:01:09,518 [main] INFO  http.HttpServer2 (HttpServer2.java:bindListener(1191)) - Jetty bound to port 44025
2019-09-11 07:01:09,518 [main] INFO  server.Server (Server.java:doStart(351)) - jetty-9.3.24.v20180605, build timestamp: 2018-06-05T17:11:56Z, git hash: 84205aa28f11a4f31f2a3b86d1bba2cc8ab69827
2019-09-11 07:01:09,520 [main] INFO  handler.ContextHandler (ContextHandler.java:doStart(781)) - Started o.e.j.s.ServletContextHandler@5fcfde70{/logs,file:///workdir/hadoop-ozone/integration-test/target/log,AVAILABLE}
2019-09-11 07:01:09,520 [main] INFO  handler.ContextHandler (ContextHandler.java:doStart(781)) - Started o.e.j.s.ServletContextHandler@28da7d11{/static,jar:file:/home/user/.m2/repository/org/apache/hadoop/hadoop-hdds-container-service/0.5.0-SNAPSHOT/hadoop-hdds-container-service-0.5.0-SNAPSHOT.jar!/webapps/static,AVAILABLE}
2019-09-11 07:01:09,546 [main] INFO  handler.ContextHandler (ContextHandler.java:doStart(781)) - Started o.e.j.w.WebAppContext@296e281a{/,file:///tmp/jetty-0.0.0.0-44025-hddsDatanode-_-any-3011096991316610818.dir/webapp/,AVAILABLE}{/hddsDatanode}
2019-09-11 07:01:09,547 [main] INFO  server.AbstractConnector (AbstractConnector.java:doStart(278)) - Started ServerConnector@59cda16e{HTTP/1.1,[http/1.1]}{0.0.0.0:44025}
2019-09-11 07:01:09,547 [main] INFO  server.Server (Server.java:doStart(419)) - Started @5912ms
2019-09-11 07:01:09,548 [main] WARN  impl.MetricsSystemImpl (MetricsSystemImpl.java:register(276)) - Sink prometheus already exists!
2019-09-11 07:01:09,549 [main] INFO  server.BaseHttpServer (BaseHttpServer.java:updateConnectorAddress(215)) - HTTP server of HDDSDATANODE is listening at http://0.0.0.0:44025
2019-09-11 07:01:09,549 [main] INFO  impl.MetricsSystemImpl (MetricsSystemImpl.java:init(158)) - HddsDatanode metrics system started (again)
2019-09-11 07:01:09,552 [main] INFO  ozone.HddsDatanodeService (HddsDatanodeService.java:start(184)) - HddsDatanodeService host:pr-hdds-1786-trunk-klbfp-3319181915 ip:192.168.5.143
2019-09-11 07:01:09,552 [org.apache.hadoop.util.JvmPauseMonitor$Monitor@4afefd04] INFO  util.JvmPauseMonitor (JvmPauseMonitor.java:run(188)) - Starting JVM pause monitor
2019-09-11 07:01:09,556 [Datanode State Machine Thread - 0] INFO  datanode.InitDatanodeState (InitDatanodeState.java:persistContainerDatanodeDetails(140)) - DatanodeDetails is persisted to /workdir/hadoop-ozone/integration-test/target/test-dir/MiniOzoneClusterImpl-17eb7e61-4fa5-444d-af72-e415168ae45d/datanode-2/meta/datanode.id
2019-09-11 07:01:09,561 [main] INFO  volume.HddsVolume (HddsVolume.java:<init>(176)) - Creating Volume: /workdir/hadoop-ozone/integration-test/target/test-dir/MiniOzoneClusterImpl-17eb7e61-4fa5-444d-af72-e415168ae45d/datanode-3/data/containers/hdds of  storage type : DISK and capacity : 1482555576320
2019-09-11 07:01:09,561 [main] INFO  volume.VolumeSet (VolumeSet.java:initializeVolumeSet(170)) - Added Volume : /workdir/hadoop-ozone/integration-test/target/test-dir/MiniOzoneClusterImpl-17eb7e61-4fa5-444d-af72-e415168ae45d/datanode-3/data/containers/hdds to VolumeSet
2019-09-11 07:01:09,561 [main] INFO  volume.ThrottledAsyncChecker (ThrottledAsyncChecker.java:schedule(139)) - Scheduling a check for org.apache.hadoop.ozone.container.common.volume.HddsVolume@36c2b646
2019-09-11 07:01:09,562 [main] INFO  volume.HddsVolumeChecker (HddsVolumeChecker.java:checkAllVolumes(202)) - Scheduled health check for volume org.apache.hadoop.ozone.container.common.volume.HddsVolume@36c2b646
2019-09-11 07:01:09,575 [main] INFO  impl.RaftServerProxy (ConfUtils.java:logGet(43)) - raft.rpc.type = GRPC (default)
2019-09-11 07:01:09,575 [main] INFO  grpc.GrpcFactory (GrpcFactory.java:checkPooledByteBufAllocatorUseCacheForAllThreads(45)) - PERFORMANCE WARNING: useCacheForAllThreads is true that may cause Netty to create a lot garbage objects and, as a result, trigger GC.
	It is recommended to disable useCacheForAllThreads by setting -Dorg.apache.ratis.thirdparty.io.netty.allocator.useCacheForAllThreads=false in command line.
2019-09-11 07:01:09,575 [main] INFO  grpc.GrpcConfigKeys$Server (ConfUtils.java:logGet(43)) - raft.grpc.server.port = 0 (default)
2019-09-11 07:01:09,575 [main] INFO  server.GrpcService (ConfUtils.java:logGet(43)) - raft.grpc.message.size.max = 33570816 (custom)
2019-09-11 07:01:09,575 [main] INFO  server.RaftServerConfigKeys (ConfUtils.java:logGet(43)) - raft.server.log.appender.buffer.byte-limit = 33554432 (custom)
2019-09-11 07:01:09,576 [main] INFO  server.GrpcService (ConfUtils.java:logGet(43)) - raft.grpc.flow.control.window = 1MB (=1048576) (default)
2019-09-11 07:01:09,576 [main] INFO  server.RaftServerConfigKeys (ConfUtils.java:logGet(43)) - raft.server.rpc.request.timeout = 3000ms (default)
2019-09-11 07:01:09,576 [main] INFO  server.RaftServerConfigKeys (ConfUtils.java:logGet(43)) - raft.server.storage.dir = [/workdir/hadoop-ozone/integration-test/target/test-dir/MiniOzoneClusterImpl-17eb7e61-4fa5-444d-af72-e415168ae45d/datanode-3/data/ratis] (custom)
2019-09-11 07:01:09,578 [main] INFO  hdfs.DFSUtil (DFSUtil.java:httpServerTemplateForNNAndJN(1641)) - Starting Web-server for hddsDatanode at: http://0.0.0.0:0
2019-09-11 07:01:09,579 [main] INFO  server.AuthenticationFilter (AuthenticationFilter.java:constructSecretProvider(240)) - Unable to initialize FileSignerSecretProvider, falling back to use random secrets.
2019-09-11 07:01:09,580 [main] WARN  http.HttpRequestLog (HttpRequestLog.java:getRequestLog(97)) - Jetty request log can only be enabled using Log4j
2019-09-11 07:01:09,581 [main] INFO  http.HttpServer2 (HttpServer2.java:addGlobalFilter(975)) - Added global filter 'safety' (class=org.apache.hadoop.http.HttpServer2$QuotingInputFilter)
2019-09-11 07:01:09,582 [main] INFO  http.HttpServer2 (HttpServer2.java:addFilter(948)) - Added filter static_user_filter (class=org.apache.hadoop.http.lib.StaticUserWebFilter$StaticUserFilter) to context hddsDatanode
2019-09-11 07:01:09,582 [main] INFO  http.HttpServer2 (HttpServer2.java:addFilter(958)) - Added filter static_user_filter (class=org.apache.hadoop.http.lib.StaticUserWebFilter$StaticUserFilter) to context static
2019-09-11 07:01:09,582 [main] INFO  http.HttpServer2 (HttpServer2.java:addFilter(958)) - Added filter static_user_filter (class=org.apache.hadoop.http.lib.StaticUserWebFilter$StaticUserFilter) to context logs
2019-09-11 07:01:09,583 [main] INFO  http.HttpServer2 (HttpServer2.java:bindListener(1191)) - Jetty bound to port 38160
2019-09-11 07:01:09,583 [main] INFO  server.Server (Server.java:doStart(351)) - jetty-9.3.24.v20180605, build timestamp: 2018-06-05T17:11:56Z, git hash: 84205aa28f11a4f31f2a3b86d1bba2cc8ab69827
2019-09-11 07:01:09,587 [main] INFO  handler.ContextHandler (ContextHandler.java:doStart(781)) - Started o.e.j.s.ServletContextHandler@36480b2d{/logs,file:///workdir/hadoop-ozone/integration-test/target/log,AVAILABLE}
2019-09-11 07:01:09,587 [main] INFO  handler.ContextHandler (ContextHandler.java:doStart(781)) - Started o.e.j.s.ServletContextHandler@1f6917fb{/static,jar:file:/home/user/.m2/repository/org/apache/hadoop/hadoop-hdds-container-service/0.5.0-SNAPSHOT/hadoop-hdds-container-service-0.5.0-SNAPSHOT.jar!/webapps/static,AVAILABLE}
2019-09-11 07:01:09,612 [main] INFO  handler.ContextHandler (ContextHandler.java:doStart(781)) - Started o.e.j.w.WebAppContext@6573d2f7{/,file:///tmp/jetty-0.0.0.0-38160-hddsDatanode-_-any-8615283213735351242.dir/webapp/,AVAILABLE}{/hddsDatanode}
2019-09-11 07:01:09,612 [main] INFO  server.AbstractConnector (AbstractConnector.java:doStart(278)) - Started ServerConnector@4052c8c2{HTTP/1.1,[http/1.1]}{0.0.0.0:38160}
2019-09-11 07:01:09,613 [main] INFO  server.Server (Server.java:doStart(419)) - Started @5978ms
2019-09-11 07:01:09,614 [main] WARN  impl.MetricsSystemImpl (MetricsSystemImpl.java:register(276)) - Sink prometheus already exists!
2019-09-11 07:01:09,615 [main] INFO  server.BaseHttpServer (BaseHttpServer.java:updateConnectorAddress(215)) - HTTP server of HDDSDATANODE is listening at http://0.0.0.0:38160
2019-09-11 07:01:09,615 [main] INFO  impl.MetricsSystemImpl (MetricsSystemImpl.java:init(158)) - HddsDatanode metrics system started (again)
2019-09-11 07:01:09,618 [main] INFO  ozone.HddsDatanodeService (HddsDatanodeService.java:start(184)) - HddsDatanodeService host:pr-hdds-1786-trunk-klbfp-3319181915 ip:192.168.5.143
2019-09-11 07:01:09,619 [org.apache.hadoop.util.JvmPauseMonitor$Monitor@1c785c26] INFO  util.JvmPauseMonitor (JvmPauseMonitor.java:run(188)) - Starting JVM pause monitor
2019-09-11 07:01:09,622 [Datanode State Machine Thread - 0] INFO  datanode.InitDatanodeState (InitDatanodeState.java:persistContainerDatanodeDetails(140)) - DatanodeDetails is persisted to /workdir/hadoop-ozone/integration-test/target/test-dir/MiniOzoneClusterImpl-17eb7e61-4fa5-444d-af72-e415168ae45d/datanode-3/meta/datanode.id
2019-09-11 07:01:09,629 [main] INFO  volume.HddsVolume (HddsVolume.java:<init>(176)) - Creating Volume: /workdir/hadoop-ozone/integration-test/target/test-dir/MiniOzoneClusterImpl-17eb7e61-4fa5-444d-af72-e415168ae45d/datanode-4/data/containers/hdds of  storage type : DISK and capacity : 1482555576320
2019-09-11 07:01:09,630 [main] INFO  volume.VolumeSet (VolumeSet.java:initializeVolumeSet(170)) - Added Volume : /workdir/hadoop-ozone/integration-test/target/test-dir/MiniOzoneClusterImpl-17eb7e61-4fa5-444d-af72-e415168ae45d/datanode-4/data/containers/hdds to VolumeSet
2019-09-11 07:01:09,630 [main] INFO  volume.ThrottledAsyncChecker (ThrottledAsyncChecker.java:schedule(139)) - Scheduling a check for org.apache.hadoop.ozone.container.common.volume.HddsVolume@176996c3
2019-09-11 07:01:09,630 [main] INFO  volume.HddsVolumeChecker (HddsVolumeChecker.java:checkAllVolumes(202)) - Scheduled health check for volume org.apache.hadoop.ozone.container.common.volume.HddsVolume@176996c3
2019-09-11 07:01:09,641 [main] INFO  impl.RaftServerProxy (ConfUtils.java:logGet(43)) - raft.rpc.type = GRPC (default)
2019-09-11 07:01:09,642 [main] INFO  grpc.GrpcFactory (GrpcFactory.java:checkPooledByteBufAllocatorUseCacheForAllThreads(45)) - PERFORMANCE WARNING: useCacheForAllThreads is true that may cause Netty to create a lot garbage objects and, as a result, trigger GC.
	It is recommended to disable useCacheForAllThreads by setting -Dorg.apache.ratis.thirdparty.io.netty.allocator.useCacheForAllThreads=false in command line.
2019-09-11 07:01:09,642 [main] INFO  grpc.GrpcConfigKeys$Server (ConfUtils.java:logGet(43)) - raft.grpc.server.port = 0 (default)
2019-09-11 07:01:09,642 [main] INFO  server.GrpcService (ConfUtils.java:logGet(43)) - raft.grpc.message.size.max = 33570816 (custom)
2019-09-11 07:01:09,642 [main] INFO  server.RaftServerConfigKeys (ConfUtils.java:logGet(43)) - raft.server.log.appender.buffer.byte-limit = 33554432 (custom)
2019-09-11 07:01:09,642 [main] INFO  server.GrpcService (ConfUtils.java:logGet(43)) - raft.grpc.flow.control.window = 1MB (=1048576) (default)
2019-09-11 07:01:09,643 [main] INFO  server.RaftServerConfigKeys (ConfUtils.java:logGet(43)) - raft.server.rpc.request.timeout = 3000ms (default)
2019-09-11 07:01:09,643 [main] INFO  server.RaftServerConfigKeys (ConfUtils.java:logGet(43)) - raft.server.storage.dir = [/workdir/hadoop-ozone/integration-test/target/test-dir/MiniOzoneClusterImpl-17eb7e61-4fa5-444d-af72-e415168ae45d/datanode-4/data/ratis] (custom)
2019-09-11 07:01:09,645 [main] INFO  hdfs.DFSUtil (DFSUtil.java:httpServerTemplateForNNAndJN(1641)) - Starting Web-server for hddsDatanode at: http://0.0.0.0:0
2019-09-11 07:01:09,646 [main] INFO  server.AuthenticationFilter (AuthenticationFilter.java:constructSecretProvider(240)) - Unable to initialize FileSignerSecretProvider, falling back to use random secrets.
2019-09-11 07:01:09,646 [main] WARN  http.HttpRequestLog (HttpRequestLog.java:getRequestLog(97)) - Jetty request log can only be enabled using Log4j
2019-09-11 07:01:09,647 [main] INFO  http.HttpServer2 (HttpServer2.java:addGlobalFilter(975)) - Added global filter 'safety' (class=org.apache.hadoop.http.HttpServer2$QuotingInputFilter)
2019-09-11 07:01:09,648 [main] INFO  http.HttpServer2 (HttpServer2.java:addFilter(948)) - Added filter static_user_filter (class=org.apache.hadoop.http.lib.StaticUserWebFilter$StaticUserFilter) to context hddsDatanode
2019-09-11 07:01:09,648 [main] INFO  http.HttpServer2 (HttpServer2.java:addFilter(958)) - Added filter static_user_filter (class=org.apache.hadoop.http.lib.StaticUserWebFilter$StaticUserFilter) to context logs
2019-09-11 07:01:09,648 [main] INFO  http.HttpServer2 (HttpServer2.java:addFilter(958)) - Added filter static_user_filter (class=org.apache.hadoop.http.lib.StaticUserWebFilter$StaticUserFilter) to context static
2019-09-11 07:01:09,649 [main] INFO  http.HttpServer2 (HttpServer2.java:bindListener(1191)) - Jetty bound to port 41417
2019-09-11 07:01:09,649 [main] INFO  server.Server (Server.java:doStart(351)) - jetty-9.3.24.v20180605, build timestamp: 2018-06-05T17:11:56Z, git hash: 84205aa28f11a4f31f2a3b86d1bba2cc8ab69827
2019-09-11 07:01:09,651 [main] INFO  handler.ContextHandler (ContextHandler.java:doStart(781)) - Started o.e.j.s.ServletContextHandler@561b7d53{/logs,file:///workdir/hadoop-ozone/integration-test/target/log,AVAILABLE}
2019-09-11 07:01:09,651 [main] INFO  handler.ContextHandler (ContextHandler.java:doStart(781)) - Started o.e.j.s.ServletContextHandler@1dc3502b{/static,jar:file:/home/user/.m2/repository/org/apache/hadoop/hadoop-hdds-container-service/0.5.0-SNAPSHOT/hadoop-hdds-container-service-0.5.0-SNAPSHOT.jar!/webapps/static,AVAILABLE}
2019-09-11 07:01:09,675 [main] INFO  handler.ContextHandler (ContextHandler.java:doStart(781)) - Started o.e.j.w.WebAppContext@1d9bd4da{/,file:///tmp/jetty-0.0.0.0-41417-hddsDatanode-_-any-2700683328968593407.dir/webapp/,AVAILABLE}{/hddsDatanode}
2019-09-11 07:01:09,676 [main] INFO  server.AbstractConnector (AbstractConnector.java:doStart(278)) - Started ServerConnector@4c58255{HTTP/1.1,[http/1.1]}{0.0.0.0:41417}
2019-09-11 07:01:09,676 [main] INFO  server.Server (Server.java:doStart(419)) - Started @6041ms
2019-09-11 07:01:09,677 [main] WARN  impl.MetricsSystemImpl (MetricsSystemImpl.java:register(276)) - Sink prometheus already exists!
2019-09-11 07:01:09,677 [main] INFO  server.BaseHttpServer (BaseHttpServer.java:updateConnectorAddress(215)) - HTTP server of HDDSDATANODE is listening at http://0.0.0.0:41417
2019-09-11 07:01:09,678 [main] INFO  impl.MetricsSystemImpl (MetricsSystemImpl.java:init(158)) - HddsDatanode metrics system started (again)
2019-09-11 07:01:09,681 [org.apache.hadoop.util.JvmPauseMonitor$Monitor@7d826604] INFO  util.JvmPauseMonitor (JvmPauseMonitor.java:run(188)) - Starting JVM pause monitor
2019-09-11 07:01:09,681 [main] INFO  ozone.HddsDatanodeService (HddsDatanodeService.java:start(184)) - HddsDatanodeService host:pr-hdds-1786-trunk-klbfp-3319181915 ip:192.168.5.143
2019-09-11 07:01:09,683 [Datanode State Machine Thread - 0] INFO  datanode.InitDatanodeState (InitDatanodeState.java:persistContainerDatanodeDetails(140)) - DatanodeDetails is persisted to /workdir/hadoop-ozone/integration-test/target/test-dir/MiniOzoneClusterImpl-17eb7e61-4fa5-444d-af72-e415168ae45d/datanode-4/meta/datanode.id
2019-09-11 07:01:09,690 [main] INFO  volume.HddsVolume (HddsVolume.java:<init>(176)) - Creating Volume: /workdir/hadoop-ozone/integration-test/target/test-dir/MiniOzoneClusterImpl-17eb7e61-4fa5-444d-af72-e415168ae45d/datanode-5/data/containers/hdds of  storage type : DISK and capacity : 1482555576320
2019-09-11 07:01:09,690 [main] INFO  volume.VolumeSet (VolumeSet.java:initializeVolumeSet(170)) - Added Volume : /workdir/hadoop-ozone/integration-test/target/test-dir/MiniOzoneClusterImpl-17eb7e61-4fa5-444d-af72-e415168ae45d/datanode-5/data/containers/hdds to VolumeSet
2019-09-11 07:01:09,690 [main] INFO  volume.ThrottledAsyncChecker (ThrottledAsyncChecker.java:schedule(139)) - Scheduling a check for org.apache.hadoop.ozone.container.common.volume.HddsVolume@2b7962a2
2019-09-11 07:01:09,691 [main] INFO  volume.HddsVolumeChecker (HddsVolumeChecker.java:checkAllVolumes(202)) - Scheduled health check for volume org.apache.hadoop.ozone.container.common.volume.HddsVolume@2b7962a2
2019-09-11 07:01:09,707 [main] INFO  impl.RaftServerProxy (ConfUtils.java:logGet(43)) - raft.rpc.type = GRPC (default)
2019-09-11 07:01:09,707 [main] INFO  grpc.GrpcFactory (GrpcFactory.java:checkPooledByteBufAllocatorUseCacheForAllThreads(45)) - PERFORMANCE WARNING: useCacheForAllThreads is true that may cause Netty to create a lot garbage objects and, as a result, trigger GC.
	It is recommended to disable useCacheForAllThreads by setting -Dorg.apache.ratis.thirdparty.io.netty.allocator.useCacheForAllThreads=false in command line.
2019-09-11 07:01:09,707 [main] INFO  grpc.GrpcConfigKeys$Server (ConfUtils.java:logGet(43)) - raft.grpc.server.port = 0 (default)
2019-09-11 07:01:09,708 [main] INFO  server.GrpcService (ConfUtils.java:logGet(43)) - raft.grpc.message.size.max = 33570816 (custom)
2019-09-11 07:01:09,708 [main] INFO  server.RaftServerConfigKeys (ConfUtils.java:logGet(43)) - raft.server.log.appender.buffer.byte-limit = 33554432 (custom)
2019-09-11 07:01:09,708 [main] INFO  server.GrpcService (ConfUtils.java:logGet(43)) - raft.grpc.flow.control.window = 1MB (=1048576) (default)
2019-09-11 07:01:09,708 [main] INFO  server.RaftServerConfigKeys (ConfUtils.java:logGet(43)) - raft.server.rpc.request.timeout = 3000ms (default)
2019-09-11 07:01:09,709 [main] INFO  server.RaftServerConfigKeys (ConfUtils.java:logGet(43)) - raft.server.storage.dir = [/workdir/hadoop-ozone/integration-test/target/test-dir/MiniOzoneClusterImpl-17eb7e61-4fa5-444d-af72-e415168ae45d/datanode-5/data/ratis] (custom)
2019-09-11 07:01:09,711 [main] INFO  hdfs.DFSUtil (DFSUtil.java:httpServerTemplateForNNAndJN(1641)) - Starting Web-server for hddsDatanode at: http://0.0.0.0:0
2019-09-11 07:01:09,712 [main] INFO  server.AuthenticationFilter (AuthenticationFilter.java:constructSecretProvider(240)) - Unable to initialize FileSignerSecretProvider, falling back to use random secrets.
2019-09-11 07:01:09,712 [main] WARN  http.HttpRequestLog (HttpRequestLog.java:getRequestLog(97)) - Jetty request log can only be enabled using Log4j
2019-09-11 07:01:09,714 [main] INFO  http.HttpServer2 (HttpServer2.java:addGlobalFilter(975)) - Added global filter 'safety' (class=org.apache.hadoop.http.HttpServer2$QuotingInputFilter)
2019-09-11 07:01:09,714 [main] INFO  http.HttpServer2 (HttpServer2.java:addFilter(948)) - Added filter static_user_filter (class=org.apache.hadoop.http.lib.StaticUserWebFilter$StaticUserFilter) to context hddsDatanode
2019-09-11 07:01:09,714 [main] INFO  http.HttpServer2 (HttpServer2.java:addFilter(958)) - Added filter static_user_filter (class=org.apache.hadoop.http.lib.StaticUserWebFilter$StaticUserFilter) to context logs
2019-09-11 07:01:09,715 [main] INFO  http.HttpServer2 (HttpServer2.java:addFilter(958)) - Added filter static_user_filter (class=org.apache.hadoop.http.lib.StaticUserWebFilter$StaticUserFilter) to context static
2019-09-11 07:01:09,715 [main] INFO  http.HttpServer2 (HttpServer2.java:bindListener(1191)) - Jetty bound to port 46797
2019-09-11 07:01:09,715 [main] INFO  server.Server (Server.java:doStart(351)) - jetty-9.3.24.v20180605, build timestamp: 2018-06-05T17:11:56Z, git hash: 84205aa28f11a4f31f2a3b86d1bba2cc8ab69827
2019-09-11 07:01:09,717 [main] INFO  handler.ContextHandler (ContextHandler.java:doStart(781)) - Started o.e.j.s.ServletContextHandler@51d387d3{/logs,file:///workdir/hadoop-ozone/integration-test/target/log,AVAILABLE}
2019-09-11 07:01:09,718 [main] INFO  handler.ContextHandler (ContextHandler.java:doStart(781)) - Started o.e.j.s.ServletContextHandler@534180a2{/static,jar:file:/home/user/.m2/repository/org/apache/hadoop/hadoop-hdds-container-service/0.5.0-SNAPSHOT/hadoop-hdds-container-service-0.5.0-SNAPSHOT.jar!/webapps/static,AVAILABLE}
2019-09-11 07:01:09,747 [main] INFO  handler.ContextHandler (ContextHandler.java:doStart(781)) - Started o.e.j.w.WebAppContext@3a37a501{/,file:///tmp/jetty-0.0.0.0-46797-hddsDatanode-_-any-1638839583453555923.dir/webapp/,AVAILABLE}{/hddsDatanode}
2019-09-11 07:01:09,748 [main] INFO  server.AbstractConnector (AbstractConnector.java:doStart(278)) - Started ServerConnector@7a583586{HTTP/1.1,[http/1.1]}{0.0.0.0:46797}
2019-09-11 07:01:09,749 [main] INFO  server.Server (Server.java:doStart(419)) - Started @6113ms
2019-09-11 07:01:09,749 [main] WARN  impl.MetricsSystemImpl (MetricsSystemImpl.java:register(276)) - Sink prometheus already exists!
2019-09-11 07:01:09,749 [main] INFO  server.BaseHttpServer (BaseHttpServer.java:updateConnectorAddress(215)) - HTTP server of HDDSDATANODE is listening at http://0.0.0.0:46797
2019-09-11 07:01:09,750 [main] INFO  impl.MetricsSystemImpl (MetricsSystemImpl.java:init(158)) - HddsDatanode metrics system started (again)
2019-09-11 07:01:09,753 [org.apache.hadoop.util.JvmPauseMonitor$Monitor@43e5a4c4] INFO  util.JvmPauseMonitor (JvmPauseMonitor.java:run(188)) - Starting JVM pause monitor
2019-09-11 07:01:09,753 [main] INFO  ozone.HddsDatanodeService (HddsDatanodeService.java:start(184)) - HddsDatanodeService host:pr-hdds-1786-trunk-klbfp-3319181915 ip:192.168.5.143
2019-09-11 07:01:09,756 [Datanode State Machine Thread - 0] INFO  datanode.InitDatanodeState (InitDatanodeState.java:persistContainerDatanodeDetails(140)) - DatanodeDetails is persisted to /workdir/hadoop-ozone/integration-test/target/test-dir/MiniOzoneClusterImpl-17eb7e61-4fa5-444d-af72-e415168ae45d/datanode-5/meta/datanode.id
2019-09-11 07:01:09,762 [main] INFO  volume.HddsVolume (HddsVolume.java:<init>(176)) - Creating Volume: /workdir/hadoop-ozone/integration-test/target/test-dir/MiniOzoneClusterImpl-17eb7e61-4fa5-444d-af72-e415168ae45d/datanode-6/data/containers/hdds of  storage type : DISK and capacity : 1482555576320
2019-09-11 07:01:09,762 [main] INFO  volume.VolumeSet (VolumeSet.java:initializeVolumeSet(170)) - Added Volume : /workdir/hadoop-ozone/integration-test/target/test-dir/MiniOzoneClusterImpl-17eb7e61-4fa5-444d-af72-e415168ae45d/datanode-6/data/containers/hdds to VolumeSet
2019-09-11 07:01:09,763 [main] INFO  volume.ThrottledAsyncChecker (ThrottledAsyncChecker.java:schedule(139)) - Scheduling a check for org.apache.hadoop.ozone.container.common.volume.HddsVolume@1f346ad2
2019-09-11 07:01:09,763 [main] INFO  volume.HddsVolumeChecker (HddsVolumeChecker.java:checkAllVolumes(202)) - Scheduled health check for volume org.apache.hadoop.ozone.container.common.volume.HddsVolume@1f346ad2
2019-09-11 07:01:09,774 [main] INFO  impl.RaftServerProxy (ConfUtils.java:logGet(43)) - raft.rpc.type = GRPC (default)
2019-09-11 07:01:09,774 [main] INFO  grpc.GrpcFactory (GrpcFactory.java:checkPooledByteBufAllocatorUseCacheForAllThreads(45)) - PERFORMANCE WARNING: useCacheForAllThreads is true that may cause Netty to create a lot garbage objects and, as a result, trigger GC.
	It is recommended to disable useCacheForAllThreads by setting -Dorg.apache.ratis.thirdparty.io.netty.allocator.useCacheForAllThreads=false in command line.
2019-09-11 07:01:09,775 [main] INFO  grpc.GrpcConfigKeys$Server (ConfUtils.java:logGet(43)) - raft.grpc.server.port = 0 (default)
2019-09-11 07:01:09,775 [main] INFO  server.GrpcService (ConfUtils.java:logGet(43)) - raft.grpc.message.size.max = 33570816 (custom)
2019-09-11 07:01:09,775 [main] INFO  server.RaftServerConfigKeys (ConfUtils.java:logGet(43)) - raft.server.log.appender.buffer.byte-limit = 33554432 (custom)
2019-09-11 07:01:09,775 [main] INFO  server.GrpcService (ConfUtils.java:logGet(43)) - raft.grpc.flow.control.window = 1MB (=1048576) (default)
2019-09-11 07:01:09,775 [main] INFO  server.RaftServerConfigKeys (ConfUtils.java:logGet(43)) - raft.server.rpc.request.timeout = 3000ms (default)
2019-09-11 07:01:09,776 [main] INFO  server.RaftServerConfigKeys (ConfUtils.java:logGet(43)) - raft.server.storage.dir = [/workdir/hadoop-ozone/integration-test/target/test-dir/MiniOzoneClusterImpl-17eb7e61-4fa5-444d-af72-e415168ae45d/datanode-6/data/ratis] (custom)
2019-09-11 07:01:09,777 [main] INFO  hdfs.DFSUtil (DFSUtil.java:httpServerTemplateForNNAndJN(1641)) - Starting Web-server for hddsDatanode at: http://0.0.0.0:0
2019-09-11 07:01:09,778 [main] INFO  server.AuthenticationFilter (AuthenticationFilter.java:constructSecretProvider(240)) - Unable to initialize FileSignerSecretProvider, falling back to use random secrets.
2019-09-11 07:01:09,779 [main] WARN  http.HttpRequestLog (HttpRequestLog.java:getRequestLog(97)) - Jetty request log can only be enabled using Log4j
2019-09-11 07:01:09,780 [main] INFO  http.HttpServer2 (HttpServer2.java:addGlobalFilter(975)) - Added global filter 'safety' (class=org.apache.hadoop.http.HttpServer2$QuotingInputFilter)
2019-09-11 07:01:09,781 [main] INFO  http.HttpServer2 (HttpServer2.java:addFilter(948)) - Added filter static_user_filter (class=org.apache.hadoop.http.lib.StaticUserWebFilter$StaticUserFilter) to context hddsDatanode
2019-09-11 07:01:09,781 [main] INFO  http.HttpServer2 (HttpServer2.java:addFilter(958)) - Added filter static_user_filter (class=org.apache.hadoop.http.lib.StaticUserWebFilter$StaticUserFilter) to context logs
2019-09-11 07:01:09,781 [main] INFO  http.HttpServer2 (HttpServer2.java:addFilter(958)) - Added filter static_user_filter (class=org.apache.hadoop.http.lib.StaticUserWebFilter$StaticUserFilter) to context static
2019-09-11 07:01:09,782 [main] INFO  http.HttpServer2 (HttpServer2.java:bindListener(1191)) - Jetty bound to port 41576
2019-09-11 07:01:09,782 [main] INFO  server.Server (Server.java:doStart(351)) - jetty-9.3.24.v20180605, build timestamp: 2018-06-05T17:11:56Z, git hash: 84205aa28f11a4f31f2a3b86d1bba2cc8ab69827
2019-09-11 07:01:09,784 [main] INFO  handler.ContextHandler (ContextHandler.java:doStart(781)) - Started o.e.j.s.ServletContextHandler@72fd8a3c{/logs,file:///workdir/hadoop-ozone/integration-test/target/log,AVAILABLE}
2019-09-11 07:01:09,784 [main] INFO  handler.ContextHandler (ContextHandler.java:doStart(781)) - Started o.e.j.s.ServletContextHandler@34780cd9{/static,jar:file:/home/user/.m2/repository/org/apache/hadoop/hadoop-hdds-container-service/0.5.0-SNAPSHOT/hadoop-hdds-container-service-0.5.0-SNAPSHOT.jar!/webapps/static,AVAILABLE}
2019-09-11 07:01:09,808 [main] INFO  handler.ContextHandler (ContextHandler.java:doStart(781)) - Started o.e.j.w.WebAppContext@7a485a36{/,file:///tmp/jetty-0.0.0.0-41576-hddsDatanode-_-any-4319924214253178434.dir/webapp/,AVAILABLE}{/hddsDatanode}
2019-09-11 07:01:09,809 [main] INFO  server.AbstractConnector (AbstractConnector.java:doStart(278)) - Started ServerConnector@5cf3157b{HTTP/1.1,[http/1.1]}{0.0.0.0:41576}
2019-09-11 07:01:09,810 [main] INFO  server.Server (Server.java:doStart(419)) - Started @6175ms
2019-09-11 07:01:09,810 [main] WARN  impl.MetricsSystemImpl (MetricsSystemImpl.java:register(276)) - Sink prometheus already exists!
2019-09-11 07:01:09,811 [main] INFO  server.BaseHttpServer (BaseHttpServer.java:updateConnectorAddress(215)) - HTTP server of HDDSDATANODE is listening at http://0.0.0.0:41576
2019-09-11 07:01:09,811 [main] INFO  impl.MetricsSystemImpl (MetricsSystemImpl.java:init(158)) - HddsDatanode metrics system started (again)
2019-09-11 07:01:09,815 [org.apache.hadoop.util.JvmPauseMonitor$Monitor@4073a411] INFO  util.JvmPauseMonitor (JvmPauseMonitor.java:run(188)) - Starting JVM pause monitor
2019-09-11 07:01:09,816 [main] INFO  ozone.HddsDatanodeService (HddsDatanodeService.java:start(184)) - HddsDatanodeService host:pr-hdds-1786-trunk-klbfp-3319181915 ip:192.168.5.143
2019-09-11 07:01:09,819 [Datanode State Machine Thread - 0] INFO  datanode.InitDatanodeState (InitDatanodeState.java:persistContainerDatanodeDetails(140)) - DatanodeDetails is persisted to /workdir/hadoop-ozone/integration-test/target/test-dir/MiniOzoneClusterImpl-17eb7e61-4fa5-444d-af72-e415168ae45d/datanode-6/meta/datanode.id
2019-09-11 07:01:09,826 [main] INFO  volume.HddsVolume (HddsVolume.java:<init>(176)) - Creating Volume: /workdir/hadoop-ozone/integration-test/target/test-dir/MiniOzoneClusterImpl-17eb7e61-4fa5-444d-af72-e415168ae45d/datanode-7/data/containers/hdds of  storage type : DISK and capacity : 1482555576320
2019-09-11 07:01:09,827 [main] INFO  volume.VolumeSet (VolumeSet.java:initializeVolumeSet(170)) - Added Volume : /workdir/hadoop-ozone/integration-test/target/test-dir/MiniOzoneClusterImpl-17eb7e61-4fa5-444d-af72-e415168ae45d/datanode-7/data/containers/hdds to VolumeSet
2019-09-11 07:01:09,827 [main] INFO  volume.ThrottledAsyncChecker (ThrottledAsyncChecker.java:schedule(139)) - Scheduling a check for org.apache.hadoop.ozone.container.common.volume.HddsVolume@3b27b497
2019-09-11 07:01:09,827 [main] INFO  volume.HddsVolumeChecker (HddsVolumeChecker.java:checkAllVolumes(202)) - Scheduled health check for volume org.apache.hadoop.ozone.container.common.volume.HddsVolume@3b27b497
2019-09-11 07:01:09,841 [main] INFO  impl.RaftServerProxy (ConfUtils.java:logGet(43)) - raft.rpc.type = GRPC (default)
2019-09-11 07:01:09,841 [main] INFO  grpc.GrpcFactory (GrpcFactory.java:checkPooledByteBufAllocatorUseCacheForAllThreads(45)) - PERFORMANCE WARNING: useCacheForAllThreads is true that may cause Netty to create a lot garbage objects and, as a result, trigger GC.
	It is recommended to disable useCacheForAllThreads by setting -Dorg.apache.ratis.thirdparty.io.netty.allocator.useCacheForAllThreads=false in command line.
2019-09-11 07:01:09,841 [main] INFO  grpc.GrpcConfigKeys$Server (ConfUtils.java:logGet(43)) - raft.grpc.server.port = 0 (default)
2019-09-11 07:01:09,842 [main] INFO  server.GrpcService (ConfUtils.java:logGet(43)) - raft.grpc.message.size.max = 33570816 (custom)
2019-09-11 07:01:09,842 [main] INFO  server.RaftServerConfigKeys (ConfUtils.java:logGet(43)) - raft.server.log.appender.buffer.byte-limit = 33554432 (custom)
2019-09-11 07:01:09,842 [main] INFO  server.GrpcService (ConfUtils.java:logGet(43)) - raft.grpc.flow.control.window = 1MB (=1048576) (default)
2019-09-11 07:01:09,842 [main] INFO  server.RaftServerConfigKeys (ConfUtils.java:logGet(43)) - raft.server.rpc.request.timeout = 3000ms (default)
2019-09-11 07:01:09,843 [main] INFO  server.RaftServerConfigKeys (ConfUtils.java:logGet(43)) - raft.server.storage.dir = [/workdir/hadoop-ozone/integration-test/target/test-dir/MiniOzoneClusterImpl-17eb7e61-4fa5-444d-af72-e415168ae45d/datanode-7/data/ratis] (custom)
2019-09-11 07:01:09,844 [main] INFO  hdfs.DFSUtil (DFSUtil.java:httpServerTemplateForNNAndJN(1641)) - Starting Web-server for hddsDatanode at: http://0.0.0.0:0
2019-09-11 07:01:09,846 [main] INFO  server.AuthenticationFilter (AuthenticationFilter.java:constructSecretProvider(240)) - Unable to initialize FileSignerSecretProvider, falling back to use random secrets.
2019-09-11 07:01:09,846 [main] WARN  http.HttpRequestLog (HttpRequestLog.java:getRequestLog(97)) - Jetty request log can only be enabled using Log4j
2019-09-11 07:01:09,847 [main] INFO  http.HttpServer2 (HttpServer2.java:addGlobalFilter(975)) - Added global filter 'safety' (class=org.apache.hadoop.http.HttpServer2$QuotingInputFilter)
2019-09-11 07:01:09,848 [main] INFO  http.HttpServer2 (HttpServer2.java:addFilter(948)) - Added filter static_user_filter (class=org.apache.hadoop.http.lib.StaticUserWebFilter$StaticUserFilter) to context hddsDatanode
2019-09-11 07:01:09,848 [main] INFO  http.HttpServer2 (HttpServer2.java:addFilter(958)) - Added filter static_user_filter (class=org.apache.hadoop.http.lib.StaticUserWebFilter$StaticUserFilter) to context static
2019-09-11 07:01:09,848 [main] INFO  http.HttpServer2 (HttpServer2.java:addFilter(958)) - Added filter static_user_filter (class=org.apache.hadoop.http.lib.StaticUserWebFilter$StaticUserFilter) to context logs
2019-09-11 07:01:09,849 [main] INFO  http.HttpServer2 (HttpServer2.java:bindListener(1191)) - Jetty bound to port 40414
2019-09-11 07:01:09,849 [main] INFO  server.Server (Server.java:doStart(351)) - jetty-9.3.24.v20180605, build timestamp: 2018-06-05T17:11:56Z, git hash: 84205aa28f11a4f31f2a3b86d1bba2cc8ab69827
2019-09-11 07:01:09,851 [main] INFO  handler.ContextHandler (ContextHandler.java:doStart(781)) - Started o.e.j.s.ServletContextHandler@2d64160c{/logs,file:///workdir/hadoop-ozone/integration-test/target/log,AVAILABLE}
2019-09-11 07:01:09,851 [main] INFO  handler.ContextHandler (ContextHandler.java:doStart(781)) - Started o.e.j.s.ServletContextHandler@2eeb0f9b{/static,jar:file:/home/user/.m2/repository/org/apache/hadoop/hadoop-hdds-container-service/0.5.0-SNAPSHOT/hadoop-hdds-container-service-0.5.0-SNAPSHOT.jar!/webapps/static,AVAILABLE}
2019-09-11 07:01:09,877 [main] INFO  handler.ContextHandler (ContextHandler.java:doStart(781)) - Started o.e.j.w.WebAppContext@459f703f{/,file:///tmp/jetty-0.0.0.0-40414-hddsDatanode-_-any-2119033704594609140.dir/webapp/,AVAILABLE}{/hddsDatanode}
2019-09-11 07:01:09,879 [main] INFO  server.AbstractConnector (AbstractConnector.java:doStart(278)) - Started ServerConnector@188ac8a3{HTTP/1.1,[http/1.1]}{0.0.0.0:40414}
2019-09-11 07:01:09,879 [main] INFO  server.Server (Server.java:doStart(419)) - Started @6244ms
2019-09-11 07:01:09,879 [main] WARN  impl.MetricsSystemImpl (MetricsSystemImpl.java:register(276)) - Sink prometheus already exists!
2019-09-11 07:01:09,880 [main] INFO  server.BaseHttpServer (BaseHttpServer.java:updateConnectorAddress(215)) - HTTP server of HDDSDATANODE is listening at http://0.0.0.0:40414
2019-09-11 07:01:09,880 [main] INFO  impl.MetricsSystemImpl (MetricsSystemImpl.java:init(158)) - HddsDatanode metrics system started (again)
2019-09-11 07:01:09,885 [org.apache.hadoop.util.JvmPauseMonitor$Monitor@54ed0b1e] INFO  util.JvmPauseMonitor (JvmPauseMonitor.java:run(188)) - Starting JVM pause monitor
2019-09-11 07:01:09,886 [main] INFO  ozone.HddsDatanodeService (HddsDatanodeService.java:start(184)) - HddsDatanodeService host:pr-hdds-1786-trunk-klbfp-3319181915 ip:192.168.5.143
2019-09-11 07:01:09,888 [Datanode State Machine Thread - 0] INFO  datanode.InitDatanodeState (InitDatanodeState.java:persistContainerDatanodeDetails(140)) - DatanodeDetails is persisted to /workdir/hadoop-ozone/integration-test/target/test-dir/MiniOzoneClusterImpl-17eb7e61-4fa5-444d-af72-e415168ae45d/datanode-7/meta/datanode.id
2019-09-11 07:01:09,894 [main] INFO  volume.HddsVolume (HddsVolume.java:<init>(176)) - Creating Volume: /workdir/hadoop-ozone/integration-test/target/test-dir/MiniOzoneClusterImpl-17eb7e61-4fa5-444d-af72-e415168ae45d/datanode-8/data/containers/hdds of  storage type : DISK and capacity : 1482555576320
2019-09-11 07:01:09,894 [main] INFO  volume.VolumeSet (VolumeSet.java:initializeVolumeSet(170)) - Added Volume : /workdir/hadoop-ozone/integration-test/target/test-dir/MiniOzoneClusterImpl-17eb7e61-4fa5-444d-af72-e415168ae45d/datanode-8/data/containers/hdds to VolumeSet
2019-09-11 07:01:09,894 [main] INFO  volume.ThrottledAsyncChecker (ThrottledAsyncChecker.java:schedule(139)) - Scheduling a check for org.apache.hadoop.ozone.container.common.volume.HddsVolume@5f2bd6d9
2019-09-11 07:01:09,895 [main] INFO  volume.HddsVolumeChecker (HddsVolumeChecker.java:checkAllVolumes(202)) - Scheduled health check for volume org.apache.hadoop.ozone.container.common.volume.HddsVolume@5f2bd6d9
2019-09-11 07:01:09,908 [main] INFO  impl.RaftServerProxy (ConfUtils.java:logGet(43)) - raft.rpc.type = GRPC (default)
2019-09-11 07:01:09,908 [main] INFO  grpc.GrpcFactory (GrpcFactory.java:checkPooledByteBufAllocatorUseCacheForAllThreads(45)) - PERFORMANCE WARNING: useCacheForAllThreads is true that may cause Netty to create a lot garbage objects and, as a result, trigger GC.
	It is recommended to disable useCacheForAllThreads by setting -Dorg.apache.ratis.thirdparty.io.netty.allocator.useCacheForAllThreads=false in command line.
2019-09-11 07:01:09,908 [main] INFO  grpc.GrpcConfigKeys$Server (ConfUtils.java:logGet(43)) - raft.grpc.server.port = 0 (default)
2019-09-11 07:01:09,908 [main] INFO  server.GrpcService (ConfUtils.java:logGet(43)) - raft.grpc.message.size.max = 33570816 (custom)
2019-09-11 07:01:09,908 [main] INFO  server.RaftServerConfigKeys (ConfUtils.java:logGet(43)) - raft.server.log.appender.buffer.byte-limit = 33554432 (custom)
2019-09-11 07:01:09,909 [main] INFO  server.GrpcService (ConfUtils.java:logGet(43)) - raft.grpc.flow.control.window = 1MB (=1048576) (default)
2019-09-11 07:01:09,909 [main] INFO  server.RaftServerConfigKeys (ConfUtils.java:logGet(43)) - raft.server.rpc.request.timeout = 3000ms (default)
2019-09-11 07:01:09,909 [main] INFO  server.RaftServerConfigKeys (ConfUtils.java:logGet(43)) - raft.server.storage.dir = [/workdir/hadoop-ozone/integration-test/target/test-dir/MiniOzoneClusterImpl-17eb7e61-4fa5-444d-af72-e415168ae45d/datanode-8/data/ratis] (custom)
2019-09-11 07:01:09,911 [main] INFO  hdfs.DFSUtil (DFSUtil.java:httpServerTemplateForNNAndJN(1641)) - Starting Web-server for hddsDatanode at: http://0.0.0.0:0
2019-09-11 07:01:09,912 [main] INFO  server.AuthenticationFilter (AuthenticationFilter.java:constructSecretProvider(240)) - Unable to initialize FileSignerSecretProvider, falling back to use random secrets.
2019-09-11 07:01:09,912 [main] WARN  http.HttpRequestLog (HttpRequestLog.java:getRequestLog(97)) - Jetty request log can only be enabled using Log4j
2019-09-11 07:01:09,914 [main] INFO  http.HttpServer2 (HttpServer2.java:addGlobalFilter(975)) - Added global filter 'safety' (class=org.apache.hadoop.http.HttpServer2$QuotingInputFilter)
2019-09-11 07:01:09,914 [main] INFO  http.HttpServer2 (HttpServer2.java:addFilter(948)) - Added filter static_user_filter (class=org.apache.hadoop.http.lib.StaticUserWebFilter$StaticUserFilter) to context hddsDatanode
2019-09-11 07:01:09,914 [main] INFO  http.HttpServer2 (HttpServer2.java:addFilter(958)) - Added filter static_user_filter (class=org.apache.hadoop.http.lib.StaticUserWebFilter$StaticUserFilter) to context static
2019-09-11 07:01:09,914 [main] INFO  http.HttpServer2 (HttpServer2.java:addFilter(958)) - Added filter static_user_filter (class=org.apache.hadoop.http.lib.StaticUserWebFilter$StaticUserFilter) to context logs
2019-09-11 07:01:09,915 [main] INFO  http.HttpServer2 (HttpServer2.java:bindListener(1191)) - Jetty bound to port 44955
2019-09-11 07:01:09,915 [main] INFO  server.Server (Server.java:doStart(351)) - jetty-9.3.24.v20180605, build timestamp: 2018-06-05T17:11:56Z, git hash: 84205aa28f11a4f31f2a3b86d1bba2cc8ab69827
2019-09-11 07:01:09,917 [main] INFO  handler.ContextHandler (ContextHandler.java:doStart(781)) - Started o.e.j.s.ServletContextHandler@2bc426f0{/logs,file:///workdir/hadoop-ozone/integration-test/target/log,AVAILABLE}
2019-09-11 07:01:09,917 [main] INFO  handler.ContextHandler (ContextHandler.java:doStart(781)) - Started o.e.j.s.ServletContextHandler@33425811{/static,jar:file:/home/user/.m2/repository/org/apache/hadoop/hadoop-hdds-container-service/0.5.0-SNAPSHOT/hadoop-hdds-container-service-0.5.0-SNAPSHOT.jar!/webapps/static,AVAILABLE}
2019-09-11 07:01:09,942 [main] INFO  handler.ContextHandler (ContextHandler.java:doStart(781)) - Started o.e.j.w.WebAppContext@70730db{/,file:///tmp/jetty-0.0.0.0-44955-hddsDatanode-_-any-968517180860672292.dir/webapp/,AVAILABLE}{/hddsDatanode}
2019-09-11 07:01:09,942 [main] INFO  server.AbstractConnector (AbstractConnector.java:doStart(278)) - Started ServerConnector@5793b87{HTTP/1.1,[http/1.1]}{0.0.0.0:44955}
2019-09-11 07:01:09,943 [main] INFO  server.Server (Server.java:doStart(419)) - Started @6308ms
2019-09-11 07:01:09,943 [main] WARN  impl.MetricsSystemImpl (MetricsSystemImpl.java:register(276)) - Sink prometheus already exists!
2019-09-11 07:01:09,944 [main] INFO  server.BaseHttpServer (BaseHttpServer.java:updateConnectorAddress(215)) - HTTP server of HDDSDATANODE is listening at http://0.0.0.0:44955
2019-09-11 07:01:09,944 [main] INFO  impl.MetricsSystemImpl (MetricsSystemImpl.java:init(158)) - HddsDatanode metrics system started (again)
2019-09-11 07:01:09,948 [org.apache.hadoop.util.JvmPauseMonitor$Monitor@72a56438] INFO  util.JvmPauseMonitor (JvmPauseMonitor.java:run(188)) - Starting JVM pause monitor
2019-09-11 07:01:09,950 [main] INFO  ozone.HddsDatanodeService (HddsDatanodeService.java:start(184)) - HddsDatanodeService host:pr-hdds-1786-trunk-klbfp-3319181915 ip:192.168.5.143
2019-09-11 07:01:09,951 [Datanode State Machine Thread - 0] INFO  datanode.InitDatanodeState (InitDatanodeState.java:persistContainerDatanodeDetails(140)) - DatanodeDetails is persisted to /workdir/hadoop-ozone/integration-test/target/test-dir/MiniOzoneClusterImpl-17eb7e61-4fa5-444d-af72-e415168ae45d/datanode-8/meta/datanode.id
2019-09-11 07:01:09,957 [main] INFO  volume.HddsVolume (HddsVolume.java:<init>(176)) - Creating Volume: /workdir/hadoop-ozone/integration-test/target/test-dir/MiniOzoneClusterImpl-17eb7e61-4fa5-444d-af72-e415168ae45d/datanode-9/data/containers/hdds of  storage type : DISK and capacity : 1482555576320
2019-09-11 07:01:09,957 [main] INFO  volume.VolumeSet (VolumeSet.java:initializeVolumeSet(170)) - Added Volume : /workdir/hadoop-ozone/integration-test/target/test-dir/MiniOzoneClusterImpl-17eb7e61-4fa5-444d-af72-e415168ae45d/datanode-9/data/containers/hdds to VolumeSet
2019-09-11 07:01:09,957 [main] INFO  volume.ThrottledAsyncChecker (ThrottledAsyncChecker.java:schedule(139)) - Scheduling a check for org.apache.hadoop.ozone.container.common.volume.HddsVolume@424de326
2019-09-11 07:01:09,958 [main] INFO  volume.HddsVolumeChecker (HddsVolumeChecker.java:checkAllVolumes(202)) - Scheduled health check for volume org.apache.hadoop.ozone.container.common.volume.HddsVolume@424de326
2019-09-11 07:01:09,972 [main] INFO  impl.RaftServerProxy (ConfUtils.java:logGet(43)) - raft.rpc.type = GRPC (default)
2019-09-11 07:01:09,972 [main] INFO  grpc.GrpcFactory (GrpcFactory.java:checkPooledByteBufAllocatorUseCacheForAllThreads(45)) - PERFORMANCE WARNING: useCacheForAllThreads is true that may cause Netty to create a lot garbage objects and, as a result, trigger GC.
	It is recommended to disable useCacheForAllThreads by setting -Dorg.apache.ratis.thirdparty.io.netty.allocator.useCacheForAllThreads=false in command line.
2019-09-11 07:01:09,972 [main] INFO  grpc.GrpcConfigKeys$Server (ConfUtils.java:logGet(43)) - raft.grpc.server.port = 0 (default)
2019-09-11 07:01:09,972 [main] INFO  server.GrpcService (ConfUtils.java:logGet(43)) - raft.grpc.message.size.max = 33570816 (custom)
2019-09-11 07:01:09,972 [main] INFO  server.RaftServerConfigKeys (ConfUtils.java:logGet(43)) - raft.server.log.appender.buffer.byte-limit = 33554432 (custom)
2019-09-11 07:01:09,973 [main] INFO  server.GrpcService (ConfUtils.java:logGet(43)) - raft.grpc.flow.control.window = 1MB (=1048576) (default)
2019-09-11 07:01:09,973 [main] INFO  server.RaftServerConfigKeys (ConfUtils.java:logGet(43)) - raft.server.rpc.request.timeout = 3000ms (default)
2019-09-11 07:01:09,973 [main] INFO  server.RaftServerConfigKeys (ConfUtils.java:logGet(43)) - raft.server.storage.dir = [/workdir/hadoop-ozone/integration-test/target/test-dir/MiniOzoneClusterImpl-17eb7e61-4fa5-444d-af72-e415168ae45d/datanode-9/data/ratis] (custom)
2019-09-11 07:01:09,975 [main] INFO  hdfs.DFSUtil (DFSUtil.java:httpServerTemplateForNNAndJN(1641)) - Starting Web-server for hddsDatanode at: http://0.0.0.0:0
2019-09-11 07:01:09,976 [main] INFO  server.AuthenticationFilter (AuthenticationFilter.java:constructSecretProvider(240)) - Unable to initialize FileSignerSecretProvider, falling back to use random secrets.
2019-09-11 07:01:09,976 [main] WARN  http.HttpRequestLog (HttpRequestLog.java:getRequestLog(97)) - Jetty request log can only be enabled using Log4j
2019-09-11 07:01:09,978 [main] INFO  http.HttpServer2 (HttpServer2.java:addGlobalFilter(975)) - Added global filter 'safety' (class=org.apache.hadoop.http.HttpServer2$QuotingInputFilter)
2019-09-11 07:01:09,978 [main] INFO  http.HttpServer2 (HttpServer2.java:addFilter(948)) - Added filter static_user_filter (class=org.apache.hadoop.http.lib.StaticUserWebFilter$StaticUserFilter) to context hddsDatanode
2019-09-11 07:01:09,978 [main] INFO  http.HttpServer2 (HttpServer2.java:addFilter(958)) - Added filter static_user_filter (class=org.apache.hadoop.http.lib.StaticUserWebFilter$StaticUserFilter) to context logs
2019-09-11 07:01:09,978 [main] INFO  http.HttpServer2 (HttpServer2.java:addFilter(958)) - Added filter static_user_filter (class=org.apache.hadoop.http.lib.StaticUserWebFilter$StaticUserFilter) to context static
2019-09-11 07:01:09,979 [main] INFO  http.HttpServer2 (HttpServer2.java:bindListener(1191)) - Jetty bound to port 45908
2019-09-11 07:01:09,979 [main] INFO  server.Server (Server.java:doStart(351)) - jetty-9.3.24.v20180605, build timestamp: 2018-06-05T17:11:56Z, git hash: 84205aa28f11a4f31f2a3b86d1bba2cc8ab69827
2019-09-11 07:01:09,981 [main] INFO  handler.ContextHandler (ContextHandler.java:doStart(781)) - Started o.e.j.s.ServletContextHandler@53c6f96d{/logs,file:///workdir/hadoop-ozone/integration-test/target/log,AVAILABLE}
2019-09-11 07:01:09,981 [main] INFO  handler.ContextHandler (ContextHandler.java:doStart(781)) - Started o.e.j.s.ServletContextHandler@4364712f{/static,jar:file:/home/user/.m2/repository/org/apache/hadoop/hadoop-hdds-container-service/0.5.0-SNAPSHOT/hadoop-hdds-container-service-0.5.0-SNAPSHOT.jar!/webapps/static,AVAILABLE}
2019-09-11 07:01:10,006 [main] INFO  handler.ContextHandler (ContextHandler.java:doStart(781)) - Started o.e.j.w.WebAppContext@3f736a16{/,file:///tmp/jetty-0.0.0.0-45908-hddsDatanode-_-any-796299155556894985.dir/webapp/,AVAILABLE}{/hddsDatanode}
2019-09-11 07:01:10,008 [main] INFO  server.AbstractConnector (AbstractConnector.java:doStart(278)) - Started ServerConnector@4601203a{HTTP/1.1,[http/1.1]}{0.0.0.0:45908}
2019-09-11 07:01:10,008 [main] INFO  server.Server (Server.java:doStart(419)) - Started @6373ms
2019-09-11 07:01:10,008 [main] WARN  impl.MetricsSystemImpl (MetricsSystemImpl.java:register(276)) - Sink prometheus already exists!
2019-09-11 07:01:10,009 [main] INFO  server.BaseHttpServer (BaseHttpServer.java:updateConnectorAddress(215)) - HTTP server of HDDSDATANODE is listening at http://0.0.0.0:45908
2019-09-11 07:01:10,014 [main] INFO  ozone.MiniOzoneClusterImpl (MiniOzoneClusterImpl.java:lambda$waitForClusterToBeReady$0(140)) - Waiting for cluster to be ready. Got 0 of 10 DN Heartbeats.
2019-09-11 07:01:10,014 [org.apache.hadoop.util.JvmPauseMonitor$Monitor@5e146f60] INFO  util.JvmPauseMonitor (JvmPauseMonitor.java:run(188)) - Starting JVM pause monitor
2019-09-11 07:01:10,019 [Datanode State Machine Thread - 0] INFO  datanode.InitDatanodeState (InitDatanodeState.java:persistContainerDatanodeDetails(140)) - DatanodeDetails is persisted to /workdir/hadoop-ozone/integration-test/target/test-dir/MiniOzoneClusterImpl-17eb7e61-4fa5-444d-af72-e415168ae45d/datanode-9/meta/datanode.id
2019-09-11 07:01:11,014 [main] INFO  ozone.MiniOzoneClusterImpl (MiniOzoneClusterImpl.java:lambda$waitForClusterToBeReady$0(140)) - Waiting for cluster to be ready. Got 0 of 10 DN Heartbeats.
2019-09-11 07:01:11,485 [Datanode State Machine Thread - 0] INFO  ozoneimpl.OzoneContainer (OzoneContainer.java:start(217)) - Attempting to start container services.
2019-09-11 07:01:11,487 [Datanode State Machine Thread - 0] INFO  ozoneimpl.OzoneContainer (OzoneContainer.java:startContainerScrub(179)) - Background container scanner has been disabled.
2019-09-11 07:01:11,488 [Datanode State Machine Thread - 0] INFO  ratis.XceiverServerRatis (XceiverServerRatis.java:start(411)) - Starting XceiverServerRatis bbdbb4de-2219-47e5-a2b1-d5e525a98c19 at port 0
2019-09-11 07:01:11,510 [Datanode State Machine Thread - 0] INFO  ozoneimpl.OzoneContainer (OzoneContainer.java:start(217)) - Attempting to start container services.
2019-09-11 07:01:11,516 [Datanode State Machine Thread - 0] INFO  ozoneimpl.OzoneContainer (OzoneContainer.java:startContainerScrub(179)) - Background container scanner has been disabled.
2019-09-11 07:01:11,517 [Datanode State Machine Thread - 0] INFO  ratis.XceiverServerRatis (XceiverServerRatis.java:start(411)) - Starting XceiverServerRatis 42626b9b-ed01-4037-9282-5fe073f296c6 at port 0
2019-09-11 07:01:11,519 [Datanode State Machine Thread - 0] INFO  impl.RaftServerProxy (RaftServerProxy.java:lambda$start$3(299)) - bbdbb4de-2219-47e5-a2b1-d5e525a98c19: start RPC server
2019-09-11 07:01:11,528 [Datanode State Machine Thread - 0] INFO  impl.RaftServerProxy (RaftServerProxy.java:lambda$start$3(299)) - 42626b9b-ed01-4037-9282-5fe073f296c6: start RPC server
2019-09-11 07:01:11,577 [Datanode State Machine Thread - 0] INFO  ozoneimpl.OzoneContainer (OzoneContainer.java:start(217)) - Attempting to start container services.
2019-09-11 07:01:11,577 [Datanode State Machine Thread - 0] INFO  ozoneimpl.OzoneContainer (OzoneContainer.java:startContainerScrub(179)) - Background container scanner has been disabled.
2019-09-11 07:01:11,577 [Datanode State Machine Thread - 0] INFO  ratis.XceiverServerRatis (XceiverServerRatis.java:start(411)) - Starting XceiverServerRatis 0159beb9-e28f-41a3-bdd5-1125b6dbb65e at port 0
2019-09-11 07:01:11,585 [Datanode State Machine Thread - 0] INFO  impl.RaftServerProxy (RaftServerProxy.java:lambda$start$3(299)) - 0159beb9-e28f-41a3-bdd5-1125b6dbb65e: start RPC server
2019-09-11 07:01:11,652 [Datanode State Machine Thread - 0] INFO  ozoneimpl.OzoneContainer (OzoneContainer.java:start(217)) - Attempting to start container services.
2019-09-11 07:01:11,653 [Datanode State Machine Thread - 0] INFO  ozoneimpl.OzoneContainer (OzoneContainer.java:startContainerScrub(179)) - Background container scanner has been disabled.
2019-09-11 07:01:11,653 [Datanode State Machine Thread - 0] INFO  ratis.XceiverServerRatis (XceiverServerRatis.java:start(411)) - Starting XceiverServerRatis 4523c126-f03b-4acb-be3e-4c406fe3aaad at port 0
2019-09-11 07:01:11,668 [Datanode State Machine Thread - 0] INFO  impl.RaftServerProxy (RaftServerProxy.java:lambda$start$3(299)) - 4523c126-f03b-4acb-be3e-4c406fe3aaad: start RPC server
2019-09-11 07:01:11,703 [Datanode State Machine Thread - 0] INFO  server.GrpcService (GrpcService.java:startImpl(158)) - 4523c126-f03b-4acb-be3e-4c406fe3aaad: GrpcService started, listening on 0.0.0.0/0.0.0.0:34504
2019-09-11 07:01:11,703 [Datanode State Machine Thread - 0] INFO  server.GrpcService (GrpcService.java:startImpl(158)) - 0159beb9-e28f-41a3-bdd5-1125b6dbb65e: GrpcService started, listening on 0.0.0.0/0.0.0.0:44765
2019-09-11 07:01:11,705 [Datanode State Machine Thread - 0] INFO  ratis.XceiverServerRatis (XceiverServerRatis.java:start(421)) - XceiverServerRatis 4523c126-f03b-4acb-be3e-4c406fe3aaad is started using port 34504
2019-09-11 07:01:11,703 [Datanode State Machine Thread - 0] INFO  server.GrpcService (GrpcService.java:startImpl(158)) - 42626b9b-ed01-4037-9282-5fe073f296c6: GrpcService started, listening on 0.0.0.0/0.0.0.0:37220
2019-09-11 07:01:11,703 [Datanode State Machine Thread - 0] INFO  server.GrpcService (GrpcService.java:startImpl(158)) - bbdbb4de-2219-47e5-a2b1-d5e525a98c19: GrpcService started, listening on 0.0.0.0/0.0.0.0:42910
2019-09-11 07:01:11,705 [Datanode State Machine Thread - 0] INFO  ratis.XceiverServerRatis (XceiverServerRatis.java:start(421)) - XceiverServerRatis 42626b9b-ed01-4037-9282-5fe073f296c6 is started using port 37220
2019-09-11 07:01:11,706 [Datanode State Machine Thread - 0] INFO  ratis.XceiverServerRatis (XceiverServerRatis.java:start(421)) - XceiverServerRatis bbdbb4de-2219-47e5-a2b1-d5e525a98c19 is started using port 42910
2019-09-11 07:01:11,705 [Datanode State Machine Thread - 0] INFO  ratis.XceiverServerRatis (XceiverServerRatis.java:start(421)) - XceiverServerRatis 0159beb9-e28f-41a3-bdd5-1125b6dbb65e is started using port 44765
2019-09-11 07:01:11,714 [Datanode State Machine Thread - 0] INFO  server.XceiverServerGrpc (XceiverServerGrpc.java:start(163)) - XceiverServerGrpc 4523c126-f03b-4acb-be3e-4c406fe3aaad is started using port 42241
2019-09-11 07:01:11,714 [Datanode State Machine Thread - 0] INFO  server.XceiverServerGrpc (XceiverServerGrpc.java:start(163)) - XceiverServerGrpc 42626b9b-ed01-4037-9282-5fe073f296c6 is started using port 34393
2019-09-11 07:01:11,714 [Datanode State Machine Thread - 0] INFO  server.XceiverServerGrpc (XceiverServerGrpc.java:start(163)) - XceiverServerGrpc 0159beb9-e28f-41a3-bdd5-1125b6dbb65e is started using port 41543
2019-09-11 07:01:11,714 [Datanode State Machine Thread - 0] INFO  server.XceiverServerGrpc (XceiverServerGrpc.java:start(163)) - XceiverServerGrpc bbdbb4de-2219-47e5-a2b1-d5e525a98c19 is started using port 34667
2019-09-11 07:01:11,719 [Datanode State Machine Thread - 0] INFO  ozoneimpl.OzoneContainer (OzoneContainer.java:start(217)) - Attempting to start container services.
2019-09-11 07:01:11,722 [Datanode State Machine Thread - 0] INFO  ozoneimpl.OzoneContainer (OzoneContainer.java:startContainerScrub(179)) - Background container scanner has been disabled.
2019-09-11 07:01:11,722 [Datanode State Machine Thread - 0] INFO  ratis.XceiverServerRatis (XceiverServerRatis.java:start(411)) - Starting XceiverServerRatis b366cd81-90f5-4f0e-8fa6-7e105a738d9d at port 0
2019-09-11 07:01:11,731 [Datanode State Machine Thread - 0] INFO  impl.RaftServerProxy (RaftServerProxy.java:lambda$start$3(299)) - b366cd81-90f5-4f0e-8fa6-7e105a738d9d: start RPC server
2019-09-11 07:01:11,734 [Datanode State Machine Thread - 0] INFO  server.GrpcService (GrpcService.java:startImpl(158)) - b366cd81-90f5-4f0e-8fa6-7e105a738d9d: GrpcService started, listening on 0.0.0.0/0.0.0.0:43234
2019-09-11 07:01:11,734 [Datanode State Machine Thread - 0] INFO  ratis.XceiverServerRatis (XceiverServerRatis.java:start(421)) - XceiverServerRatis b366cd81-90f5-4f0e-8fa6-7e105a738d9d is started using port 43234
2019-09-11 07:01:11,737 [Datanode State Machine Thread - 0] INFO  server.XceiverServerGrpc (XceiverServerGrpc.java:start(163)) - XceiverServerGrpc b366cd81-90f5-4f0e-8fa6-7e105a738d9d is started using port 45937
2019-09-11 07:01:11,770 [Datanode State Machine Thread - 0] INFO  ozoneimpl.OzoneContainer (OzoneContainer.java:start(217)) - Attempting to start container services.
2019-09-11 07:01:11,770 [Datanode State Machine Thread - 0] INFO  ozoneimpl.OzoneContainer (OzoneContainer.java:startContainerScrub(179)) - Background container scanner has been disabled.
2019-09-11 07:01:11,770 [Datanode State Machine Thread - 0] INFO  ratis.XceiverServerRatis (XceiverServerRatis.java:start(411)) - Starting XceiverServerRatis 7cc5d2d7-39af-4b66-8513-17417d4c25e9 at port 0
2019-09-11 07:01:11,778 [Datanode State Machine Thread - 0] INFO  impl.RaftServerProxy (RaftServerProxy.java:lambda$start$3(299)) - 7cc5d2d7-39af-4b66-8513-17417d4c25e9: start RPC server
2019-09-11 07:01:11,781 [Datanode State Machine Thread - 0] INFO  server.GrpcService (GrpcService.java:startImpl(158)) - 7cc5d2d7-39af-4b66-8513-17417d4c25e9: GrpcService started, listening on 0.0.0.0/0.0.0.0:41269
2019-09-11 07:01:11,781 [Datanode State Machine Thread - 0] INFO  ratis.XceiverServerRatis (XceiverServerRatis.java:start(421)) - XceiverServerRatis 7cc5d2d7-39af-4b66-8513-17417d4c25e9 is started using port 41269
2019-09-11 07:01:11,783 [Datanode State Machine Thread - 0] INFO  server.XceiverServerGrpc (XceiverServerGrpc.java:start(163)) - XceiverServerGrpc 7cc5d2d7-39af-4b66-8513-17417d4c25e9 is started using port 42938
2019-09-11 07:01:11,845 [Datanode State Machine Thread - 0] INFO  ozoneimpl.OzoneContainer (OzoneContainer.java:start(217)) - Attempting to start container services.
2019-09-11 07:01:11,845 [Datanode State Machine Thread - 0] INFO  ozoneimpl.OzoneContainer (OzoneContainer.java:startContainerScrub(179)) - Background container scanner has been disabled.
2019-09-11 07:01:11,845 [Datanode State Machine Thread - 0] INFO  ratis.XceiverServerRatis (XceiverServerRatis.java:start(411)) - Starting XceiverServerRatis fa05bb76-1792-4734-a2a1-169d8491a525 at port 0
2019-09-11 07:01:11,852 [Datanode State Machine Thread - 0] INFO  impl.RaftServerProxy (RaftServerProxy.java:lambda$start$3(299)) - fa05bb76-1792-4734-a2a1-169d8491a525: start RPC server
2019-09-11 07:01:11,855 [Datanode State Machine Thread - 0] INFO  server.GrpcService (GrpcService.java:startImpl(158)) - fa05bb76-1792-4734-a2a1-169d8491a525: GrpcService started, listening on 0.0.0.0/0.0.0.0:38028
2019-09-11 07:01:11,855 [Datanode State Machine Thread - 0] INFO  ratis.XceiverServerRatis (XceiverServerRatis.java:start(421)) - XceiverServerRatis fa05bb76-1792-4734-a2a1-169d8491a525 is started using port 38028
2019-09-11 07:01:11,858 [Datanode State Machine Thread - 0] INFO  server.XceiverServerGrpc (XceiverServerGrpc.java:start(163)) - XceiverServerGrpc fa05bb76-1792-4734-a2a1-169d8491a525 is started using port 45753
2019-09-11 07:01:11,912 [Datanode State Machine Thread - 0] INFO  ozoneimpl.OzoneContainer (OzoneContainer.java:start(217)) - Attempting to start container services.
2019-09-11 07:01:11,913 [Datanode State Machine Thread - 0] INFO  ozoneimpl.OzoneContainer (OzoneContainer.java:startContainerScrub(179)) - Background container scanner has been disabled.
2019-09-11 07:01:11,913 [Datanode State Machine Thread - 0] INFO  ratis.XceiverServerRatis (XceiverServerRatis.java:start(411)) - Starting XceiverServerRatis c3336af5-ef91-4420-af01-c0c00dc6c530 at port 0
2019-09-11 07:01:11,921 [Datanode State Machine Thread - 0] INFO  impl.RaftServerProxy (RaftServerProxy.java:lambda$start$3(299)) - c3336af5-ef91-4420-af01-c0c00dc6c530: start RPC server
2019-09-11 07:01:11,926 [Datanode State Machine Thread - 0] INFO  server.GrpcService (GrpcService.java:startImpl(158)) - c3336af5-ef91-4420-af01-c0c00dc6c530: GrpcService started, listening on 0.0.0.0/0.0.0.0:40781
2019-09-11 07:01:11,927 [Datanode State Machine Thread - 0] INFO  ratis.XceiverServerRatis (XceiverServerRatis.java:start(421)) - XceiverServerRatis c3336af5-ef91-4420-af01-c0c00dc6c530 is started using port 40781
2019-09-11 07:01:11,931 [Datanode State Machine Thread - 0] INFO  server.XceiverServerGrpc (XceiverServerGrpc.java:start(163)) - XceiverServerGrpc c3336af5-ef91-4420-af01-c0c00dc6c530 is started using port 38941
2019-09-11 07:01:11,971 [Datanode State Machine Thread - 0] INFO  ozoneimpl.OzoneContainer (OzoneContainer.java:start(217)) - Attempting to start container services.
2019-09-11 07:01:11,971 [Datanode State Machine Thread - 0] INFO  ozoneimpl.OzoneContainer (OzoneContainer.java:startContainerScrub(179)) - Background container scanner has been disabled.
2019-09-11 07:01:11,971 [Datanode State Machine Thread - 0] INFO  ratis.XceiverServerRatis (XceiverServerRatis.java:start(411)) - Starting XceiverServerRatis e76620e4-5df3-481a-bd8d-e91ef558e102 at port 0
2019-09-11 07:01:11,981 [Datanode State Machine Thread - 0] INFO  impl.RaftServerProxy (RaftServerProxy.java:lambda$start$3(299)) - e76620e4-5df3-481a-bd8d-e91ef558e102: start RPC server
2019-09-11 07:01:11,986 [Datanode State Machine Thread - 0] INFO  server.GrpcService (GrpcService.java:startImpl(158)) - e76620e4-5df3-481a-bd8d-e91ef558e102: GrpcService started, listening on 0.0.0.0/0.0.0.0:40986
2019-09-11 07:01:11,986 [Datanode State Machine Thread - 0] INFO  ratis.XceiverServerRatis (XceiverServerRatis.java:start(421)) - XceiverServerRatis e76620e4-5df3-481a-bd8d-e91ef558e102 is started using port 40986
2019-09-11 07:01:11,992 [Datanode State Machine Thread - 0] INFO  server.XceiverServerGrpc (XceiverServerGrpc.java:start(163)) - XceiverServerGrpc e76620e4-5df3-481a-bd8d-e91ef558e102 is started using port 37872
2019-09-11 07:01:12,017 [main] INFO  ozone.MiniOzoneClusterImpl (MiniOzoneClusterImpl.java:lambda$waitForClusterToBeReady$0(140)) - Waiting for cluster to be ready. Got 0 of 10 DN Heartbeats.
2019-09-11 07:01:12,038 [Datanode State Machine Thread - 0] INFO  ozoneimpl.OzoneContainer (OzoneContainer.java:start(217)) - Attempting to start container services.
2019-09-11 07:01:12,038 [Datanode State Machine Thread - 0] INFO  ozoneimpl.OzoneContainer (OzoneContainer.java:startContainerScrub(179)) - Background container scanner has been disabled.
2019-09-11 07:01:12,038 [Datanode State Machine Thread - 0] INFO  ratis.XceiverServerRatis (XceiverServerRatis.java:start(411)) - Starting XceiverServerRatis 4a2aa8aa-5edc-4f5e-99ad-9332c6d3f836 at port 0
2019-09-11 07:01:12,046 [Datanode State Machine Thread - 0] INFO  impl.RaftServerProxy (RaftServerProxy.java:lambda$start$3(299)) - 4a2aa8aa-5edc-4f5e-99ad-9332c6d3f836: start RPC server
2019-09-11 07:01:12,063 [Datanode State Machine Thread - 0] INFO  server.GrpcService (GrpcService.java:startImpl(158)) - 4a2aa8aa-5edc-4f5e-99ad-9332c6d3f836: GrpcService started, listening on 0.0.0.0/0.0.0.0:42220
2019-09-11 07:01:12,063 [Datanode State Machine Thread - 0] INFO  ratis.XceiverServerRatis (XceiverServerRatis.java:start(421)) - XceiverServerRatis 4a2aa8aa-5edc-4f5e-99ad-9332c6d3f836 is started using port 42220
2019-09-11 07:01:12,083 [Datanode State Machine Thread - 0] INFO  server.XceiverServerGrpc (XceiverServerGrpc.java:start(163)) - XceiverServerGrpc 4a2aa8aa-5edc-4f5e-99ad-9332c6d3f836 is started using port 36916
2019-09-11 07:01:13,017 [main] INFO  ozone.MiniOzoneClusterImpl (MiniOzoneClusterImpl.java:lambda$waitForClusterToBeReady$0(140)) - Waiting for cluster to be ready. Got 0 of 10 DN Heartbeats.
2019-09-11 07:01:13,450 [IPC Server handler 6 on 36948] INFO  net.NetworkTopology (NetworkTopologyImpl.java:add(110)) - Added a new node: /default-rack/bbdbb4de-2219-47e5-a2b1-d5e525a98c19
2019-09-11 07:01:13,450 [IPC Server handler 6 on 36948] INFO  node.SCMNodeManager (SCMNodeManager.java:register(266)) - Registered Data node : bbdbb4de-2219-47e5-a2b1-d5e525a98c19{ip: 192.168.5.143, host: pr-hdds-1786-trunk-klbfp-3319181915, networkLocation: /default-rack, certSerialId: null}
2019-09-11 07:01:13,456 [EventQueue-NodeRegistrationContainerReportForDataNodeSafeModeRule] INFO  safemode.SCMSafeModeManager (DataNodeSafeModeRule.java:process(71)) - SCM in safe mode. 1 DataNodes registered, 1 required.
2019-09-11 07:01:13,457 [EventQueue-NodeRegistrationContainerReportForDataNodeSafeModeRule] INFO  safemode.SCMSafeModeManager (SCMSafeModeManager.java:validateSafeModeExitRules(177)) - ScmSafeModeManager, all rules are successfully validated
2019-09-11 07:01:13,457 [EventQueue-NodeRegistrationContainerReportForDataNodeSafeModeRule] INFO  safemode.SCMSafeModeManager (SCMSafeModeManager.java:exitSafeMode(193)) - SCM exiting safe mode.
2019-09-11 07:01:13,487 [IPC Server handler 7 on 36948] INFO  net.NetworkTopology (NetworkTopologyImpl.java:add(110)) - Added a new node: /default-rack/42626b9b-ed01-4037-9282-5fe073f296c6
2019-09-11 07:01:13,488 [IPC Server handler 7 on 36948] INFO  node.SCMNodeManager (SCMNodeManager.java:register(266)) - Registered Data node : 42626b9b-ed01-4037-9282-5fe073f296c6{ip: 192.168.5.143, host: pr-hdds-1786-trunk-klbfp-3319181915, networkLocation: /default-rack, certSerialId: null}
2019-09-11 07:01:13,558 [IPC Server handler 4 on 36948] INFO  net.NetworkTopology (NetworkTopologyImpl.java:add(110)) - Added a new node: /default-rack/0159beb9-e28f-41a3-bdd5-1125b6dbb65e
2019-09-11 07:01:13,559 [IPC Server handler 4 on 36948] INFO  node.SCMNodeManager (SCMNodeManager.java:register(266)) - Registered Data node : 0159beb9-e28f-41a3-bdd5-1125b6dbb65e{ip: 192.168.5.143, host: pr-hdds-1786-trunk-klbfp-3319181915, networkLocation: /default-rack, certSerialId: null}
2019-09-11 07:01:13,622 [IPC Server handler 9 on 36948] INFO  net.NetworkTopology (NetworkTopologyImpl.java:add(110)) - Added a new node: /default-rack/4523c126-f03b-4acb-be3e-4c406fe3aaad
2019-09-11 07:01:13,623 [IPC Server handler 9 on 36948] INFO  node.SCMNodeManager (SCMNodeManager.java:register(266)) - Registered Data node : 4523c126-f03b-4acb-be3e-4c406fe3aaad{ip: 192.168.5.143, host: pr-hdds-1786-trunk-klbfp-3319181915, networkLocation: /default-rack, certSerialId: null}
2019-09-11 07:01:13,690 [IPC Server handler 13 on 36948] INFO  net.NetworkTopology (NetworkTopologyImpl.java:add(110)) - Added a new node: /default-rack/b366cd81-90f5-4f0e-8fa6-7e105a738d9d
2019-09-11 07:01:13,690 [IPC Server handler 13 on 36948] INFO  node.SCMNodeManager (SCMNodeManager.java:register(266)) - Registered Data node : b366cd81-90f5-4f0e-8fa6-7e105a738d9d{ip: 192.168.5.143, host: pr-hdds-1786-trunk-klbfp-3319181915, networkLocation: /default-rack, certSerialId: null}
2019-09-11 07:01:13,758 [IPC Server handler 19 on 36948] INFO  net.NetworkTopology (NetworkTopologyImpl.java:add(110)) - Added a new node: /default-rack/7cc5d2d7-39af-4b66-8513-17417d4c25e9
2019-09-11 07:01:13,758 [IPC Server handler 19 on 36948] INFO  node.SCMNodeManager (SCMNodeManager.java:register(266)) - Registered Data node : 7cc5d2d7-39af-4b66-8513-17417d4c25e9{ip: 192.168.5.143, host: pr-hdds-1786-trunk-klbfp-3319181915, networkLocation: /default-rack, certSerialId: null}
2019-09-11 07:01:13,821 [IPC Server handler 15 on 36948] INFO  net.NetworkTopology (NetworkTopologyImpl.java:add(110)) - Added a new node: /default-rack/fa05bb76-1792-4734-a2a1-169d8491a525
2019-09-11 07:01:13,821 [IPC Server handler 15 on 36948] INFO  node.SCMNodeManager (SCMNodeManager.java:register(266)) - Registered Data node : fa05bb76-1792-4734-a2a1-169d8491a525{ip: 192.168.5.143, host: pr-hdds-1786-trunk-klbfp-3319181915, networkLocation: /default-rack, certSerialId: null}
2019-09-11 07:01:13,888 [IPC Server handler 14 on 36948] INFO  net.NetworkTopology (NetworkTopologyImpl.java:add(110)) - Added a new node: /default-rack/c3336af5-ef91-4420-af01-c0c00dc6c530
2019-09-11 07:01:13,888 [IPC Server handler 14 on 36948] INFO  node.SCMNodeManager (SCMNodeManager.java:register(266)) - Registered Data node : c3336af5-ef91-4420-af01-c0c00dc6c530{ip: 192.168.5.143, host: pr-hdds-1786-trunk-klbfp-3319181915, networkLocation: /default-rack, certSerialId: null}
2019-09-11 07:01:13,952 [IPC Server handler 16 on 36948] INFO  net.NetworkTopology (NetworkTopologyImpl.java:add(110)) - Added a new node: /default-rack/e76620e4-5df3-481a-bd8d-e91ef558e102
2019-09-11 07:01:13,953 [IPC Server handler 16 on 36948] INFO  node.SCMNodeManager (SCMNodeManager.java:register(266)) - Registered Data node : e76620e4-5df3-481a-bd8d-e91ef558e102{ip: 192.168.5.143, host: pr-hdds-1786-trunk-klbfp-3319181915, networkLocation: /default-rack, certSerialId: null}
2019-09-11 07:01:14,043 [main] INFO  ozone.MiniOzoneClusterImpl (MiniOzoneClusterImpl.java:lambda$waitForClusterToBeReady$0(140)) - Waiting for cluster to be ready. Got 9 of 10 DN Heartbeats.
2019-09-11 07:01:14,043 [IPC Server handler 6 on 36948] INFO  net.NetworkTopology (NetworkTopologyImpl.java:add(110)) - Added a new node: /default-rack/4a2aa8aa-5edc-4f5e-99ad-9332c6d3f836
2019-09-11 07:01:14,044 [IPC Server handler 6 on 36948] INFO  node.SCMNodeManager (SCMNodeManager.java:register(266)) - Registered Data node : 4a2aa8aa-5edc-4f5e-99ad-9332c6d3f836{ip: 192.168.5.143, host: pr-hdds-1786-trunk-klbfp-3319181915, networkLocation: /default-rack, certSerialId: null}
2019-09-11 07:01:14,125 [grpc-default-executor-0] INFO  impl.RaftServerProxy (RaftServerProxy.java:addNew(89)) - bbdbb4de-2219-47e5-a2b1-d5e525a98c19: addNew group-E31C2250E139:[bbdbb4de-2219-47e5-a2b1-d5e525a98c19:192.168.5.143:42910] returns group-E31C2250E139:java.util.concurrent.CompletableFuture@52717c75[Not completed]
2019-09-11 07:01:14,149 [pool-27-thread-1] INFO  impl.RaftServerImpl (RaftServerImpl.java:<init>(95)) - bbdbb4de-2219-47e5-a2b1-d5e525a98c19: new RaftServerImpl for group-E31C2250E139:[bbdbb4de-2219-47e5-a2b1-d5e525a98c19:192.168.5.143:42910] with ContainerStateMachine:uninitialized
2019-09-11 07:01:14,151 [pool-27-thread-1] INFO  server.RaftServerConfigKeys (ConfUtils.java:logGet(43)) - raft.server.rpc.timeout.min = 1s (custom)
2019-09-11 07:01:14,153 [pool-27-thread-1] INFO  server.RaftServerConfigKeys (ConfUtils.java:logGet(43)) - raft.server.rpc.timeout.max = 1200ms (custom)
2019-09-11 07:01:14,153 [pool-27-thread-1] INFO  server.RaftServerConfigKeys (ConfUtils.java:logGet(43)) - raft.server.rpcslowness.timeout = 120s (custom)
2019-09-11 07:01:14,153 [pool-27-thread-1] INFO  server.RaftServerConfigKeys (ConfUtils.java:logGet(43)) - raft.server.sleep.deviation.threshold = 300 (default)
2019-09-11 07:01:14,154 [pool-27-thread-1] INFO  server.RaftServerConfigKeys (ConfUtils.java:logGet(43)) - raft.server.log.appender.install.snapshot.enabled = false (custom)
2019-09-11 07:01:14,165 [pool-27-thread-1] INFO  impl.RaftServerImpl (ServerState.java:<init>(103)) - bbdbb4de-2219-47e5-a2b1-d5e525a98c19@group-E31C2250E139: ConfigurationManager, init=-1: [bbdbb4de-2219-47e5-a2b1-d5e525a98c19:192.168.5.143:42910], old=null, confs=<EMPTY_MAP>
2019-09-11 07:01:14,165 [pool-27-thread-1] INFO  server.RaftServerConfigKeys (ConfUtils.java:logGet(43)) - raft.server.storage.dir = [/workdir/hadoop-ozone/integration-test/target/test-dir/MiniOzoneClusterImpl-17eb7e61-4fa5-444d-af72-e415168ae45d/datanode-0/data/ratis] (custom)
2019-09-11 07:01:14,173 [pool-27-thread-1] INFO  storage.RaftStorageDirectory (RaftStorageDirectory.java:analyzeStorage(246)) - The storage directory /workdir/hadoop-ozone/integration-test/target/test-dir/MiniOzoneClusterImpl-17eb7e61-4fa5-444d-af72-e415168ae45d/datanode-0/data/ratis/fef66224-f4dc-423e-9863-e31c2250e139 does not exist. Creating ...
2019-09-11 07:01:14,195 [pool-27-thread-1] INFO  storage.RaftStorageDirectory (RaftStorageDirectory.java:tryLock(328)) - Lock on /workdir/hadoop-ozone/integration-test/target/test-dir/MiniOzoneClusterImpl-17eb7e61-4fa5-444d-af72-e415168ae45d/datanode-0/data/ratis/fef66224-f4dc-423e-9863-e31c2250e139/in_use.lock acquired by nodename 2211@pr-hdds-1786-trunk-klbfp-3319181915
2019-09-11 07:01:14,218 [pool-27-thread-1] INFO  storage.RaftStorage (RaftStorage.java:format(72)) - Storage directory /workdir/hadoop-ozone/integration-test/target/test-dir/MiniOzoneClusterImpl-17eb7e61-4fa5-444d-af72-e415168ae45d/datanode-0/data/ratis/fef66224-f4dc-423e-9863-e31c2250e139 has been successfully formatted.
2019-09-11 07:01:14,220 [pool-27-thread-1] INFO  ratis.ContainerStateMachine (ContainerStateMachine.java:loadSnapshot(230)) - group-E31C2250E139: The snapshot info is null. Setting the last applied indexto:(t:0, i:~)
2019-09-11 07:01:14,220 [pool-27-thread-1] INFO  server.RaftServerConfigKeys (ConfUtils.java:logGet(43)) - raft.server.notification.no-leader.timeout = 120s (custom)
2019-09-11 07:01:14,222 [pool-27-thread-1] INFO  server.RaftServerConfigKeys (ConfUtils.java:logGet(43)) - raft.server.log.use.memory = false (default)
2019-09-11 07:01:14,228 [pool-27-thread-1] INFO  server.RaftServerConfigKeys (ConfUtils.java:logGet(43)) - raft.server.log.purge.gap = 1000000 (custom)
2019-09-11 07:01:14,228 [pool-27-thread-1] INFO  server.RaftServerConfigKeys (ConfUtils.java:logGet(43)) - raft.server.log.appender.buffer.byte-limit = 33554432 (custom)
2019-09-11 07:01:14,230 [pool-27-thread-1] INFO  server.RaftServerConfigKeys (ConfUtils.java:logGet(43)) - raft.server.log.segment.size.max = 1048576 (custom)
2019-09-11 07:01:14,234 [pool-27-thread-1] INFO  server.RaftServerConfigKeys (ConfUtils.java:logGet(43)) - raft.server.log.segment.cache.num.max = 2 (custom)
2019-09-11 07:01:14,239 [pool-27-thread-1] INFO  segmented.SegmentedRaftLogWorker (SegmentedRaftLogWorker.java:<init>(172)) - new bbdbb4de-2219-47e5-a2b1-d5e525a98c19@group-E31C2250E139-SegmentedRaftLogWorker for RaftStorage:Storage Directory /workdir/hadoop-ozone/integration-test/target/test-dir/MiniOzoneClusterImpl-17eb7e61-4fa5-444d-af72-e415168ae45d/datanode-0/data/ratis/fef66224-f4dc-423e-9863-e31c2250e139
2019-09-11 07:01:14,240 [pool-27-thread-1] INFO  impl.MetricsSystemImpl (MetricsSystemImpl.java:init(158)) - ratis metrics system started (again)
2019-09-11 07:01:14,273 [pool-27-thread-1] INFO  server.RaftServerConfigKeys (ConfUtils.java:logGet(43)) - raft.server.log.queue.byte-limit = 2147483647 (custom)
2019-09-11 07:01:14,274 [pool-27-thread-1] INFO  server.RaftServerConfigKeys (ConfUtils.java:logGet(43)) - raft.server.log.queue.element-limit = 1024 (custom)
2019-09-11 07:01:14,277 [pool-27-thread-1] INFO  server.RaftServerConfigKeys (ConfUtils.java:logGet(43)) - raft.server.log.segment.size.max = 1048576 (custom)
2019-09-11 07:01:14,277 [pool-27-thread-1] INFO  server.RaftServerConfigKeys (ConfUtils.java:logGet(43)) - raft.server.log.preallocated.size = 16384 (custom)
2019-09-11 07:01:14,278 [pool-27-thread-1] INFO  server.RaftServerConfigKeys (ConfUtils.java:logGet(43)) - raft.server.log.write.buffer.size = 33554432 (custom)
2019-09-11 07:01:14,278 [pool-27-thread-1] INFO  server.RaftServerConfigKeys (ConfUtils.java:logGet(43)) - raft.server.log.force.sync.num = 128 (default)
2019-09-11 07:01:14,279 [pool-27-thread-1] INFO  server.RaftServerConfigKeys (ConfUtils.java:logGet(43)) - raft.server.log.statemachine.data.sync = true (default)
2019-09-11 07:01:14,279 [pool-27-thread-1] INFO  server.RaftServerConfigKeys (ConfUtils.java:logGet(43)) - raft.server.log.statemachine.data.sync.timeout = 10s (default)
2019-09-11 07:01:14,280 [pool-27-thread-1] INFO  server.RaftServerConfigKeys (ConfUtils.java:logGet(43)) - raft.server.log.statemachine.data.sync.timeout.retry = -1 (default)
2019-09-11 07:01:14,289 [pool-27-thread-1] INFO  server.RaftServerConfigKeys (ConfUtils.java:logGet(43)) - raft.server.log.statemachine.data.caching.enabled = true (custom)
2019-09-11 07:01:14,295 [pool-27-thread-1] INFO  segmented.SegmentedRaftLogWorker (SegmentedRaftLogWorker.java:lambda$new$0(132)) - bbdbb4de-2219-47e5-a2b1-d5e525a98c19@group-E31C2250E139-SegmentedRaftLogWorker: flushIndex: setUnconditionally 0 -> -1
2019-09-11 07:01:14,301 [pool-27-thread-1] INFO  server.RaftServerConfigKeys (ConfUtils.java:logGet(43)) - raft.server.snapshot.auto.trigger.enabled = true (custom)
2019-09-11 07:01:14,302 [pool-27-thread-1] INFO  server.RaftServerConfigKeys (ConfUtils.java:logGet(43)) - raft.server.snapshot.auto.trigger.threshold = 10000 (custom)
2019-09-11 07:01:14,302 [pool-27-thread-1] INFO  server.RaftServerConfigKeys (ConfUtils.java:logGet(43)) - raft.server.snapshot.retention.num.files = 5 (custom)
2019-09-11 07:01:14,303 [pool-27-thread-1] INFO  server.RaftServerConfigKeys (ConfUtils.java:logGet(43)) - raft.server.retrycache.expirytime = 600000ms (custom)
2019-09-11 07:01:14,335 [pool-27-thread-1] INFO  impl.RaftServerImpl (RaftServerImpl.java:start(185)) - bbdbb4de-2219-47e5-a2b1-d5e525a98c19@group-E31C2250E139: start as a follower, conf=-1: [bbdbb4de-2219-47e5-a2b1-d5e525a98c19:192.168.5.143:42910], old=null
2019-09-11 07:01:14,337 [pool-27-thread-1] INFO  impl.RaftServerImpl (RaftServerImpl.java:setRole(174)) - bbdbb4de-2219-47e5-a2b1-d5e525a98c19@group-E31C2250E139: changes role from      null to FOLLOWER at term 0 for startAsFollower
2019-09-11 07:01:14,338 [pool-27-thread-1] INFO  impl.RoleInfo (RoleInfo.java:updateAndGet(143)) - bbdbb4de-2219-47e5-a2b1-d5e525a98c19: start FollowerState
2019-09-11 07:01:14,340 [pool-27-thread-1] INFO  util.JmxRegister (JmxRegister.java:tryRegister(44)) - Successfully registered JMX Bean with object name Ratis:service=RaftServer,group=group-E31C2250E139,id=bbdbb4de-2219-47e5-a2b1-d5e525a98c19
2019-09-11 07:01:14,424 [RatisPipelineUtilsThread] INFO  pipeline.PipelineStateManager (PipelineStateManager.java:addPipeline(56)) - Created pipeline Pipeline[ Id: fef66224-f4dc-423e-9863-e31c2250e139, Nodes: bbdbb4de-2219-47e5-a2b1-d5e525a98c19{ip: 192.168.5.143, host: pr-hdds-1786-trunk-klbfp-3319181915, networkLocation: /default-rack, certSerialId: null}, Type:RATIS, Factor:ONE, State:OPEN]
2019-09-11 07:01:14,451 [grpc-default-executor-0] INFO  impl.RaftServerProxy (RaftServerProxy.java:addNew(89)) - c3336af5-ef91-4420-af01-c0c00dc6c530: addNew group-B88804E8109D:[c3336af5-ef91-4420-af01-c0c00dc6c530:192.168.5.143:40781] returns group-B88804E8109D:java.util.concurrent.CompletableFuture@3209f54e[Not completed]
2019-09-11 07:01:14,517 [pool-97-thread-1] INFO  impl.RaftServerImpl (RaftServerImpl.java:<init>(95)) - c3336af5-ef91-4420-af01-c0c00dc6c530: new RaftServerImpl for group-B88804E8109D:[c3336af5-ef91-4420-af01-c0c00dc6c530:192.168.5.143:40781] with ContainerStateMachine:uninitialized
2019-09-11 07:01:14,519 [pool-97-thread-1] INFO  server.RaftServerConfigKeys (ConfUtils.java:logGet(43)) - raft.server.rpc.timeout.min = 1s (custom)
2019-09-11 07:01:14,519 [pool-97-thread-1] INFO  server.RaftServerConfigKeys (ConfUtils.java:logGet(43)) - raft.server.rpc.timeout.max = 1200ms (custom)
2019-09-11 07:01:14,520 [pool-97-thread-1] INFO  server.RaftServerConfigKeys (ConfUtils.java:logGet(43)) - raft.server.rpcslowness.timeout = 120s (custom)
2019-09-11 07:01:14,520 [pool-97-thread-1] INFO  server.RaftServerConfigKeys (ConfUtils.java:logGet(43)) - raft.server.sleep.deviation.threshold = 300 (default)
2019-09-11 07:01:14,520 [pool-97-thread-1] INFO  server.RaftServerConfigKeys (ConfUtils.java:logGet(43)) - raft.server.log.appender.install.snapshot.enabled = false (custom)
2019-09-11 07:01:14,520 [pool-97-thread-1] INFO  impl.RaftServerImpl (ServerState.java:<init>(103)) - c3336af5-ef91-4420-af01-c0c00dc6c530@group-B88804E8109D: ConfigurationManager, init=-1: [c3336af5-ef91-4420-af01-c0c00dc6c530:192.168.5.143:40781], old=null, confs=<EMPTY_MAP>
2019-09-11 07:01:14,520 [pool-97-thread-1] INFO  server.RaftServerConfigKeys (ConfUtils.java:logGet(43)) - raft.server.storage.dir = [/workdir/hadoop-ozone/integration-test/target/test-dir/MiniOzoneClusterImpl-17eb7e61-4fa5-444d-af72-e415168ae45d/datanode-7/data/ratis] (custom)
2019-09-11 07:01:14,521 [pool-97-thread-1] INFO  storage.RaftStorageDirectory (RaftStorageDirectory.java:analyzeStorage(246)) - The storage directory /workdir/hadoop-ozone/integration-test/target/test-dir/MiniOzoneClusterImpl-17eb7e61-4fa5-444d-af72-e415168ae45d/datanode-7/data/ratis/1544a39a-c5bf-4dd7-b5c3-b88804e8109d does not exist. Creating ...
2019-09-11 07:01:14,542 [pool-97-thread-1] INFO  storage.RaftStorageDirectory (RaftStorageDirectory.java:tryLock(328)) - Lock on /workdir/hadoop-ozone/integration-test/target/test-dir/MiniOzoneClusterImpl-17eb7e61-4fa5-444d-af72-e415168ae45d/datanode-7/data/ratis/1544a39a-c5bf-4dd7-b5c3-b88804e8109d/in_use.lock acquired by nodename 2211@pr-hdds-1786-trunk-klbfp-3319181915
2019-09-11 07:01:14,566 [pool-97-thread-1] INFO  storage.RaftStorage (RaftStorage.java:format(72)) - Storage directory /workdir/hadoop-ozone/integration-test/target/test-dir/MiniOzoneClusterImpl-17eb7e61-4fa5-444d-af72-e415168ae45d/datanode-7/data/ratis/1544a39a-c5bf-4dd7-b5c3-b88804e8109d has been successfully formatted.
2019-09-11 07:01:14,570 [pool-97-thread-1] INFO  ratis.ContainerStateMachine (ContainerStateMachine.java:loadSnapshot(230)) - group-B88804E8109D: The snapshot info is null. Setting the last applied indexto:(t:0, i:~)
2019-09-11 07:01:14,572 [pool-97-thread-1] INFO  server.RaftServerConfigKeys (ConfUtils.java:logGet(43)) - raft.server.notification.no-leader.timeout = 120s (custom)
2019-09-11 07:01:14,572 [pool-97-thread-1] INFO  server.RaftServerConfigKeys (ConfUtils.java:logGet(43)) - raft.server.log.use.memory = false (default)
2019-09-11 07:01:14,573 [pool-97-thread-1] INFO  server.RaftServerConfigKeys (ConfUtils.java:logGet(43)) - raft.server.log.purge.gap = 1000000 (custom)
2019-09-11 07:01:14,573 [pool-97-thread-1] INFO  server.RaftServerConfigKeys (ConfUtils.java:logGet(43)) - raft.server.log.appender.buffer.byte-limit = 33554432 (custom)
2019-09-11 07:01:14,573 [pool-97-thread-1] INFO  server.RaftServerConfigKeys (ConfUtils.java:logGet(43)) - raft.server.log.segment.size.max = 1048576 (custom)
2019-09-11 07:01:14,573 [pool-97-thread-1] INFO  server.RaftServerConfigKeys (ConfUtils.java:logGet(43)) - raft.server.log.segment.cache.num.max = 2 (custom)
2019-09-11 07:01:14,573 [pool-97-thread-1] INFO  segmented.SegmentedRaftLogWorker (SegmentedRaftLogWorker.java:<init>(172)) - new c3336af5-ef91-4420-af01-c0c00dc6c530@group-B88804E8109D-SegmentedRaftLogWorker for RaftStorage:Storage Directory /workdir/hadoop-ozone/integration-test/target/test-dir/MiniOzoneClusterImpl-17eb7e61-4fa5-444d-af72-e415168ae45d/datanode-7/data/ratis/1544a39a-c5bf-4dd7-b5c3-b88804e8109d
2019-09-11 07:01:14,580 [pool-97-thread-1] INFO  server.RaftServerConfigKeys (ConfUtils.java:logGet(43)) - raft.server.log.queue.byte-limit = 2147483647 (custom)
2019-09-11 07:01:14,580 [pool-97-thread-1] INFO  server.RaftServerConfigKeys (ConfUtils.java:logGet(43)) - raft.server.log.queue.element-limit = 1024 (custom)
2019-09-11 07:01:14,580 [pool-97-thread-1] INFO  server.RaftServerConfigKeys (ConfUtils.java:logGet(43)) - raft.server.log.segment.size.max = 1048576 (custom)
2019-09-11 07:01:14,580 [pool-97-thread-1] INFO  server.RaftServerConfigKeys (ConfUtils.java:logGet(43)) - raft.server.log.preallocated.size = 16384 (custom)
2019-09-11 07:01:14,580 [pool-97-thread-1] INFO  server.RaftServerConfigKeys (ConfUtils.java:logGet(43)) - raft.server.log.write.buffer.size = 33554432 (custom)
2019-09-11 07:01:14,580 [pool-97-thread-1] INFO  server.RaftServerConfigKeys (ConfUtils.java:logGet(43)) - raft.server.log.force.sync.num = 128 (default)
2019-09-11 07:01:14,580 [pool-97-thread-1] INFO  server.RaftServerConfigKeys (ConfUtils.java:logGet(43)) - raft.server.log.statemachine.data.sync = true (default)
2019-09-11 07:01:14,580 [pool-97-thread-1] INFO  server.RaftServerConfigKeys (ConfUtils.java:logGet(43)) - raft.server.log.statemachine.data.sync.timeout = 10s (default)
2019-09-11 07:01:14,581 [pool-97-thread-1] INFO  server.RaftServerConfigKeys (ConfUtils.java:logGet(43)) - raft.server.log.statemachine.data.sync.timeout.retry = -1 (default)
2019-09-11 07:01:14,581 [pool-97-thread-1] INFO  server.RaftServerConfigKeys (ConfUtils.java:logGet(43)) - raft.server.log.statemachine.data.caching.enabled = true (custom)
2019-09-11 07:01:14,581 [pool-97-thread-1] INFO  segmented.SegmentedRaftLogWorker (SegmentedRaftLogWorker.java:lambda$new$0(132)) - c3336af5-ef91-4420-af01-c0c00dc6c530@group-B88804E8109D-SegmentedRaftLogWorker: flushIndex: setUnconditionally 0 -> -1
2019-09-11 07:01:14,581 [pool-97-thread-1] INFO  server.RaftServerConfigKeys (ConfUtils.java:logGet(43)) - raft.server.snapshot.auto.trigger.enabled = true (custom)
2019-09-11 07:01:14,582 [pool-97-thread-1] INFO  server.RaftServerConfigKeys (ConfUtils.java:logGet(43)) - raft.server.snapshot.auto.trigger.threshold = 10000 (custom)
2019-09-11 07:01:14,582 [pool-97-thread-1] INFO  server.RaftServerConfigKeys (ConfUtils.java:logGet(43)) - raft.server.snapshot.retention.num.files = 5 (custom)
2019-09-11 07:01:14,582 [pool-97-thread-1] INFO  server.RaftServerConfigKeys (ConfUtils.java:logGet(43)) - raft.server.retrycache.expirytime = 600000ms (custom)
2019-09-11 07:01:14,586 [pool-97-thread-1] INFO  impl.RaftServerImpl (RaftServerImpl.java:start(185)) - c3336af5-ef91-4420-af01-c0c00dc6c530@group-B88804E8109D: start as a follower, conf=-1: [c3336af5-ef91-4420-af01-c0c00dc6c530:192.168.5.143:40781], old=null
2019-09-11 07:01:14,586 [pool-97-thread-1] INFO  impl.RaftServerImpl (RaftServerImpl.java:setRole(174)) - c3336af5-ef91-4420-af01-c0c00dc6c530@group-B88804E8109D: changes role from      null to FOLLOWER at term 0 for startAsFollower
2019-09-11 07:01:14,586 [pool-97-thread-1] INFO  impl.RoleInfo (RoleInfo.java:updateAndGet(143)) - c3336af5-ef91-4420-af01-c0c00dc6c530: start FollowerState
2019-09-11 07:01:14,589 [pool-97-thread-1] INFO  util.JmxRegister (JmxRegister.java:tryRegister(44)) - Successfully registered JMX Bean with object name Ratis:service=RaftServer,group=group-B88804E8109D,id=c3336af5-ef91-4420-af01-c0c00dc6c530
2019-09-11 07:01:14,609 [RatisPipelineUtilsThread] INFO  pipeline.PipelineStateManager (PipelineStateManager.java:addPipeline(56)) - Created pipeline Pipeline[ Id: 1544a39a-c5bf-4dd7-b5c3-b88804e8109d, Nodes: c3336af5-ef91-4420-af01-c0c00dc6c530{ip: 192.168.5.143, host: pr-hdds-1786-trunk-klbfp-3319181915, networkLocation: /default-rack, certSerialId: null}, Type:RATIS, Factor:ONE, State:OPEN]
2019-09-11 07:01:14,631 [grpc-default-executor-0] INFO  impl.RaftServerProxy (RaftServerProxy.java:addNew(89)) - e76620e4-5df3-481a-bd8d-e91ef558e102: addNew group-4716894BBD4E:[e76620e4-5df3-481a-bd8d-e91ef558e102:192.168.5.143:40986] returns group-4716894BBD4E:java.util.concurrent.CompletableFuture@484f49ab[Not completed]
2019-09-11 07:01:14,661 [pool-107-thread-1] INFO  impl.RaftServerImpl (RaftServerImpl.java:<init>(95)) - e76620e4-5df3-481a-bd8d-e91ef558e102: new RaftServerImpl for group-4716894BBD4E:[e76620e4-5df3-481a-bd8d-e91ef558e102:192.168.5.143:40986] with ContainerStateMachine:uninitialized
2019-09-11 07:01:14,662 [pool-107-thread-1] INFO  server.RaftServerConfigKeys (ConfUtils.java:logGet(43)) - raft.server.rpc.timeout.min = 1s (custom)
2019-09-11 07:01:14,662 [pool-107-thread-1] INFO  server.RaftServerConfigKeys (ConfUtils.java:logGet(43)) - raft.server.rpc.timeout.max = 1200ms (custom)
2019-09-11 07:01:14,662 [pool-107-thread-1] INFO  server.RaftServerConfigKeys (ConfUtils.java:logGet(43)) - raft.server.rpcslowness.timeout = 120s (custom)
2019-09-11 07:01:14,662 [pool-107-thread-1] INFO  server.RaftServerConfigKeys (ConfUtils.java:logGet(43)) - raft.server.sleep.deviation.threshold = 300 (default)
2019-09-11 07:01:14,662 [pool-107-thread-1] INFO  server.RaftServerConfigKeys (ConfUtils.java:logGet(43)) - raft.server.log.appender.install.snapshot.enabled = false (custom)
2019-09-11 07:01:14,663 [pool-107-thread-1] INFO  impl.RaftServerImpl (ServerState.java:<init>(103)) - e76620e4-5df3-481a-bd8d-e91ef558e102@group-4716894BBD4E: ConfigurationManager, init=-1: [e76620e4-5df3-481a-bd8d-e91ef558e102:192.168.5.143:40986], old=null, confs=<EMPTY_MAP>
2019-09-11 07:01:14,663 [pool-107-thread-1] INFO  server.RaftServerConfigKeys (ConfUtils.java:logGet(43)) - raft.server.storage.dir = [/workdir/hadoop-ozone/integration-test/target/test-dir/MiniOzoneClusterImpl-17eb7e61-4fa5-444d-af72-e415168ae45d/datanode-8/data/ratis] (custom)
2019-09-11 07:01:14,663 [pool-107-thread-1] INFO  storage.RaftStorageDirectory (RaftStorageDirectory.java:analyzeStorage(246)) - The storage directory /workdir/hadoop-ozone/integration-test/target/test-dir/MiniOzoneClusterImpl-17eb7e61-4fa5-444d-af72-e415168ae45d/datanode-8/data/ratis/f61daa67-9a38-40fd-bc83-4716894bbd4e does not exist. Creating ...
2019-09-11 07:01:14,680 [pool-107-thread-1] INFO  storage.RaftStorageDirectory (RaftStorageDirectory.java:tryLock(328)) - Lock on /workdir/hadoop-ozone/integration-test/target/test-dir/MiniOzoneClusterImpl-17eb7e61-4fa5-444d-af72-e415168ae45d/datanode-8/data/ratis/f61daa67-9a38-40fd-bc83-4716894bbd4e/in_use.lock acquired by nodename 2211@pr-hdds-1786-trunk-klbfp-3319181915
2019-09-11 07:01:14,695 [pool-107-thread-1] INFO  storage.RaftStorage (RaftStorage.java:format(72)) - Storage directory /workdir/hadoop-ozone/integration-test/target/test-dir/MiniOzoneClusterImpl-17eb7e61-4fa5-444d-af72-e415168ae45d/datanode-8/data/ratis/f61daa67-9a38-40fd-bc83-4716894bbd4e has been successfully formatted.
2019-09-11 07:01:14,696 [pool-107-thread-1] INFO  ratis.ContainerStateMachine (ContainerStateMachine.java:loadSnapshot(230)) - group-4716894BBD4E: The snapshot info is null. Setting the last applied indexto:(t:0, i:~)
2019-09-11 07:01:14,696 [pool-107-thread-1] INFO  server.RaftServerConfigKeys (ConfUtils.java:logGet(43)) - raft.server.notification.no-leader.timeout = 120s (custom)
2019-09-11 07:01:14,696 [pool-107-thread-1] INFO  server.RaftServerConfigKeys (ConfUtils.java:logGet(43)) - raft.server.log.use.memory = false (default)
2019-09-11 07:01:14,696 [pool-107-thread-1] INFO  server.RaftServerConfigKeys (ConfUtils.java:logGet(43)) - raft.server.log.purge.gap = 1000000 (custom)
2019-09-11 07:01:14,697 [pool-107-thread-1] INFO  server.RaftServerConfigKeys (ConfUtils.java:logGet(43)) - raft.server.log.appender.buffer.byte-limit = 33554432 (custom)
2019-09-11 07:01:14,697 [pool-107-thread-1] INFO  server.RaftServerConfigKeys (ConfUtils.java:logGet(43)) - raft.server.log.segment.size.max = 1048576 (custom)
2019-09-11 07:01:14,697 [pool-107-thread-1] INFO  server.RaftServerConfigKeys (ConfUtils.java:logGet(43)) - raft.server.log.segment.cache.num.max = 2 (custom)
2019-09-11 07:01:14,697 [pool-107-thread-1] INFO  segmented.SegmentedRaftLogWorker (SegmentedRaftLogWorker.java:<init>(172)) - new e76620e4-5df3-481a-bd8d-e91ef558e102@group-4716894BBD4E-SegmentedRaftLogWorker for RaftStorage:Storage Directory /workdir/hadoop-ozone/integration-test/target/test-dir/MiniOzoneClusterImpl-17eb7e61-4fa5-444d-af72-e415168ae45d/datanode-8/data/ratis/f61daa67-9a38-40fd-bc83-4716894bbd4e
2019-09-11 07:01:14,744 [pool-107-thread-1] INFO  server.RaftServerConfigKeys (ConfUtils.java:logGet(43)) - raft.server.log.queue.byte-limit = 2147483647 (custom)
2019-09-11 07:01:14,744 [pool-107-thread-1] INFO  server.RaftServerConfigKeys (ConfUtils.java:logGet(43)) - raft.server.log.queue.element-limit = 1024 (custom)
2019-09-11 07:01:14,744 [pool-107-thread-1] INFO  server.RaftServerConfigKeys (ConfUtils.java:logGet(43)) - raft.server.log.segment.size.max = 1048576 (custom)
2019-09-11 07:01:14,744 [pool-107-thread-1] INFO  server.RaftServerConfigKeys (ConfUtils.java:logGet(43)) - raft.server.log.preallocated.size = 16384 (custom)
2019-09-11 07:01:14,745 [pool-107-thread-1] INFO  server.RaftServerConfigKeys (ConfUtils.java:logGet(43)) - raft.server.log.write.buffer.size = 33554432 (custom)
2019-09-11 07:01:14,745 [pool-107-thread-1] INFO  server.RaftServerConfigKeys (ConfUtils.java:logGet(43)) - raft.server.log.force.sync.num = 128 (default)
2019-09-11 07:01:14,745 [pool-107-thread-1] INFO  server.RaftServerConfigKeys (ConfUtils.java:logGet(43)) - raft.server.log.statemachine.data.sync = true (default)
2019-09-11 07:01:14,745 [pool-107-thread-1] INFO  server.RaftServerConfigKeys (ConfUtils.java:logGet(43)) - raft.server.log.statemachine.data.sync.timeout = 10s (default)
2019-09-11 07:01:14,745 [pool-107-thread-1] INFO  server.RaftServerConfigKeys (ConfUtils.java:logGet(43)) - raft.server.log.statemachine.data.sync.timeout.retry = -1 (default)
2019-09-11 07:01:14,745 [pool-107-thread-1] INFO  server.RaftServerConfigKeys (ConfUtils.java:logGet(43)) - raft.server.log.statemachine.data.caching.enabled = true (custom)
2019-09-11 07:01:14,746 [pool-107-thread-1] INFO  segmented.SegmentedRaftLogWorker (SegmentedRaftLogWorker.java:lambda$new$0(132)) - e76620e4-5df3-481a-bd8d-e91ef558e102@group-4716894BBD4E-SegmentedRaftLogWorker: flushIndex: setUnconditionally 0 -> -1
2019-09-11 07:01:14,746 [pool-107-thread-1] INFO  server.RaftServerConfigKeys (ConfUtils.java:logGet(43)) - raft.server.snapshot.auto.trigger.enabled = true (custom)
2019-09-11 07:01:14,746 [pool-107-thread-1] INFO  server.RaftServerConfigKeys (ConfUtils.java:logGet(43)) - raft.server.snapshot.auto.trigger.threshold = 10000 (custom)
2019-09-11 07:01:14,746 [pool-107-thread-1] INFO  server.RaftServerConfigKeys (ConfUtils.java:logGet(43)) - raft.server.snapshot.retention.num.files = 5 (custom)
2019-09-11 07:01:14,746 [pool-107-thread-1] INFO  server.RaftServerConfigKeys (ConfUtils.java:logGet(43)) - raft.server.retrycache.expirytime = 600000ms (custom)
2019-09-11 07:01:14,751 [pool-107-thread-1] INFO  impl.RaftServerImpl (RaftServerImpl.java:start(185)) - e76620e4-5df3-481a-bd8d-e91ef558e102@group-4716894BBD4E: start as a follower, conf=-1: [e76620e4-5df3-481a-bd8d-e91ef558e102:192.168.5.143:40986], old=null
2019-09-11 07:01:14,751 [pool-107-thread-1] INFO  impl.RaftServerImpl (RaftServerImpl.java:setRole(174)) - e76620e4-5df3-481a-bd8d-e91ef558e102@group-4716894BBD4E: changes role from      null to FOLLOWER at term 0 for startAsFollower
2019-09-11 07:01:14,751 [pool-107-thread-1] INFO  impl.RoleInfo (RoleInfo.java:updateAndGet(143)) - e76620e4-5df3-481a-bd8d-e91ef558e102: start FollowerState
2019-09-11 07:01:14,751 [pool-107-thread-1] INFO  util.JmxRegister (JmxRegister.java:tryRegister(44)) - Successfully registered JMX Bean with object name Ratis:service=RaftServer,group=group-4716894BBD4E,id=e76620e4-5df3-481a-bd8d-e91ef558e102
2019-09-11 07:01:14,768 [RatisPipelineUtilsThread] INFO  pipeline.PipelineStateManager (PipelineStateManager.java:addPipeline(56)) - Created pipeline Pipeline[ Id: f61daa67-9a38-40fd-bc83-4716894bbd4e, Nodes: e76620e4-5df3-481a-bd8d-e91ef558e102{ip: 192.168.5.143, host: pr-hdds-1786-trunk-klbfp-3319181915, networkLocation: /default-rack, certSerialId: null}, Type:RATIS, Factor:ONE, State:OPEN]
2019-09-11 07:01:14,797 [grpc-default-executor-0] INFO  impl.RaftServerProxy (RaftServerProxy.java:addNew(89)) - b366cd81-90f5-4f0e-8fa6-7e105a738d9d: addNew group-C1E53894DEA7:[b366cd81-90f5-4f0e-8fa6-7e105a738d9d:192.168.5.143:43234] returns group-C1E53894DEA7:java.util.concurrent.CompletableFuture@6b182f19[Not completed]
2019-09-11 07:01:14,805 [pool-67-thread-1] INFO  impl.RaftServerImpl (RaftServerImpl.java:<init>(95)) - b366cd81-90f5-4f0e-8fa6-7e105a738d9d: new RaftServerImpl for group-C1E53894DEA7:[b366cd81-90f5-4f0e-8fa6-7e105a738d9d:192.168.5.143:43234] with ContainerStateMachine:uninitialized
2019-09-11 07:01:14,805 [pool-67-thread-1] INFO  server.RaftServerConfigKeys (ConfUtils.java:logGet(43)) - raft.server.rpc.timeout.min = 1s (custom)
2019-09-11 07:01:14,805 [pool-67-thread-1] INFO  server.RaftServerConfigKeys (ConfUtils.java:logGet(43)) - raft.server.rpc.timeout.max = 1200ms (custom)
2019-09-11 07:01:14,806 [pool-67-thread-1] INFO  server.RaftServerConfigKeys (ConfUtils.java:logGet(43)) - raft.server.rpcslowness.timeout = 120s (custom)
2019-09-11 07:01:14,806 [pool-67-thread-1] INFO  server.RaftServerConfigKeys (ConfUtils.java:logGet(43)) - raft.server.sleep.deviation.threshold = 300 (default)
2019-09-11 07:01:14,806 [pool-67-thread-1] INFO  server.RaftServerConfigKeys (ConfUtils.java:logGet(43)) - raft.server.log.appender.install.snapshot.enabled = false (custom)
2019-09-11 07:01:14,806 [pool-67-thread-1] INFO  impl.RaftServerImpl (ServerState.java:<init>(103)) - b366cd81-90f5-4f0e-8fa6-7e105a738d9d@group-C1E53894DEA7: ConfigurationManager, init=-1: [b366cd81-90f5-4f0e-8fa6-7e105a738d9d:192.168.5.143:43234], old=null, confs=<EMPTY_MAP>
2019-09-11 07:01:14,806 [pool-67-thread-1] INFO  server.RaftServerConfigKeys (ConfUtils.java:logGet(43)) - raft.server.storage.dir = [/workdir/hadoop-ozone/integration-test/target/test-dir/MiniOzoneClusterImpl-17eb7e61-4fa5-444d-af72-e415168ae45d/datanode-4/data/ratis] (custom)
2019-09-11 07:01:14,807 [pool-67-thread-1] INFO  storage.RaftStorageDirectory (RaftStorageDirectory.java:analyzeStorage(246)) - The storage directory /workdir/hadoop-ozone/integration-test/target/test-dir/MiniOzoneClusterImpl-17eb7e61-4fa5-444d-af72-e415168ae45d/datanode-4/data/ratis/f734eefd-baba-44a0-a6c3-c1e53894dea7 does not exist. Creating ...
2019-09-11 07:01:14,833 [pool-67-thread-1] INFO  storage.RaftStorageDirectory (RaftStorageDirectory.java:tryLock(328)) - Lock on /workdir/hadoop-ozone/integration-test/target/test-dir/MiniOzoneClusterImpl-17eb7e61-4fa5-444d-af72-e415168ae45d/datanode-4/data/ratis/f734eefd-baba-44a0-a6c3-c1e53894dea7/in_use.lock acquired by nodename 2211@pr-hdds-1786-trunk-klbfp-3319181915
2019-09-11 07:01:14,858 [pool-67-thread-1] INFO  storage.RaftStorage (RaftStorage.java:format(72)) - Storage directory /workdir/hadoop-ozone/integration-test/target/test-dir/MiniOzoneClusterImpl-17eb7e61-4fa5-444d-af72-e415168ae45d/datanode-4/data/ratis/f734eefd-baba-44a0-a6c3-c1e53894dea7 has been successfully formatted.
2019-09-11 07:01:14,859 [pool-67-thread-1] INFO  ratis.ContainerStateMachine (ContainerStateMachine.java:loadSnapshot(230)) - group-C1E53894DEA7: The snapshot info is null. Setting the last applied indexto:(t:0, i:~)
2019-09-11 07:01:14,859 [pool-67-thread-1] INFO  server.RaftServerConfigKeys (ConfUtils.java:logGet(43)) - raft.server.notification.no-leader.timeout = 120s (custom)
2019-09-11 07:01:14,859 [pool-67-thread-1] INFO  server.RaftServerConfigKeys (ConfUtils.java:logGet(43)) - raft.server.log.use.memory = false (default)
2019-09-11 07:01:14,859 [pool-67-thread-1] INFO  server.RaftServerConfigKeys (ConfUtils.java:logGet(43)) - raft.server.log.purge.gap = 1000000 (custom)
2019-09-11 07:01:14,860 [pool-67-thread-1] INFO  server.RaftServerConfigKeys (ConfUtils.java:logGet(43)) - raft.server.log.appender.buffer.byte-limit = 33554432 (custom)
2019-09-11 07:01:14,860 [pool-67-thread-1] INFO  server.RaftServerConfigKeys (ConfUtils.java:logGet(43)) - raft.server.log.segment.size.max = 1048576 (custom)
2019-09-11 07:01:14,860 [pool-67-thread-1] INFO  server.RaftServerConfigKeys (ConfUtils.java:logGet(43)) - raft.server.log.segment.cache.num.max = 2 (custom)
2019-09-11 07:01:14,860 [pool-67-thread-1] INFO  segmented.SegmentedRaftLogWorker (SegmentedRaftLogWorker.java:<init>(172)) - new b366cd81-90f5-4f0e-8fa6-7e105a738d9d@group-C1E53894DEA7-SegmentedRaftLogWorker for RaftStorage:Storage Directory /workdir/hadoop-ozone/integration-test/target/test-dir/MiniOzoneClusterImpl-17eb7e61-4fa5-444d-af72-e415168ae45d/datanode-4/data/ratis/f734eefd-baba-44a0-a6c3-c1e53894dea7
2019-09-11 07:01:14,865 [pool-67-thread-1] INFO  server.RaftServerConfigKeys (ConfUtils.java:logGet(43)) - raft.server.log.queue.byte-limit = 2147483647 (custom)
2019-09-11 07:01:14,866 [pool-67-thread-1] INFO  server.RaftServerConfigKeys (ConfUtils.java:logGet(43)) - raft.server.log.queue.element-limit = 1024 (custom)
2019-09-11 07:01:14,866 [pool-67-thread-1] INFO  server.RaftServerConfigKeys (ConfUtils.java:logGet(43)) - raft.server.log.segment.size.max = 1048576 (custom)
2019-09-11 07:01:14,866 [pool-67-thread-1] INFO  server.RaftServerConfigKeys (ConfUtils.java:logGet(43)) - raft.server.log.preallocated.size = 16384 (custom)
2019-09-11 07:01:14,866 [pool-67-thread-1] INFO  server.RaftServerConfigKeys (ConfUtils.java:logGet(43)) - raft.server.log.write.buffer.size = 33554432 (custom)
2019-09-11 07:01:14,866 [pool-67-thread-1] INFO  server.RaftServerConfigKeys (ConfUtils.java:logGet(43)) - raft.server.log.force.sync.num = 128 (default)
2019-09-11 07:01:14,867 [pool-67-thread-1] INFO  server.RaftServerConfigKeys (ConfUtils.java:logGet(43)) - raft.server.log.statemachine.data.sync = true (default)
2019-09-11 07:01:14,867 [pool-67-thread-1] INFO  server.RaftServerConfigKeys (ConfUtils.java:logGet(43)) - raft.server.log.statemachine.data.sync.timeout = 10s (default)
2019-09-11 07:01:14,867 [pool-67-thread-1] INFO  server.RaftServerConfigKeys (ConfUtils.java:logGet(43)) - raft.server.log.statemachine.data.sync.timeout.retry = -1 (default)
2019-09-11 07:01:14,867 [pool-67-thread-1] INFO  server.RaftServerConfigKeys (ConfUtils.java:logGet(43)) - raft.server.log.statemachine.data.caching.enabled = true (custom)
2019-09-11 07:01:14,868 [pool-67-thread-1] INFO  segmented.SegmentedRaftLogWorker (SegmentedRaftLogWorker.java:lambda$new$0(132)) - b366cd81-90f5-4f0e-8fa6-7e105a738d9d@group-C1E53894DEA7-SegmentedRaftLogWorker: flushIndex: setUnconditionally 0 -> -1
2019-09-11 07:01:14,868 [pool-67-thread-1] INFO  server.RaftServerConfigKeys (ConfUtils.java:logGet(43)) - raft.server.snapshot.auto.trigger.enabled = true (custom)
2019-09-11 07:01:14,868 [pool-67-thread-1] INFO  server.RaftServerConfigKeys (ConfUtils.java:logGet(43)) - raft.server.snapshot.auto.trigger.threshold = 10000 (custom)
2019-09-11 07:01:14,868 [pool-67-thread-1] INFO  server.RaftServerConfigKeys (ConfUtils.java:logGet(43)) - raft.server.snapshot.retention.num.files = 5 (custom)
2019-09-11 07:01:14,869 [pool-67-thread-1] INFO  server.RaftServerConfigKeys (ConfUtils.java:logGet(43)) - raft.server.retrycache.expirytime = 600000ms (custom)
2019-09-11 07:01:14,874 [pool-67-thread-1] INFO  impl.RaftServerImpl (RaftServerImpl.java:start(185)) - b366cd81-90f5-4f0e-8fa6-7e105a738d9d@group-C1E53894DEA7: start as a follower, conf=-1: [b366cd81-90f5-4f0e-8fa6-7e105a738d9d:192.168.5.143:43234], old=null
2019-09-11 07:01:14,874 [pool-67-thread-1] INFO  impl.RaftServerImpl (RaftServerImpl.java:setRole(174)) - b366cd81-90f5-4f0e-8fa6-7e105a738d9d@group-C1E53894DEA7: changes role from      null to FOLLOWER at term 0 for startAsFollower
2019-09-11 07:01:14,875 [pool-67-thread-1] INFO  impl.RoleInfo (RoleInfo.java:updateAndGet(143)) - b366cd81-90f5-4f0e-8fa6-7e105a738d9d: start FollowerState
2019-09-11 07:01:14,875 [pool-67-thread-1] INFO  util.JmxRegister (JmxRegister.java:tryRegister(44)) - Successfully registered JMX Bean with object name Ratis:service=RaftServer,group=group-C1E53894DEA7,id=b366cd81-90f5-4f0e-8fa6-7e105a738d9d
2019-09-11 07:01:14,899 [RatisPipelineUtilsThread] INFO  pipeline.PipelineStateManager (PipelineStateManager.java:addPipeline(56)) - Created pipeline Pipeline[ Id: f734eefd-baba-44a0-a6c3-c1e53894dea7, Nodes: b366cd81-90f5-4f0e-8fa6-7e105a738d9d{ip: 192.168.5.143, host: pr-hdds-1786-trunk-klbfp-3319181915, networkLocation: /default-rack, certSerialId: null}, Type:RATIS, Factor:ONE, State:OPEN]
2019-09-11 07:01:14,916 [grpc-default-executor-0] INFO  impl.RaftServerProxy (RaftServerProxy.java:addNew(89)) - 4523c126-f03b-4acb-be3e-4c406fe3aaad: addNew group-4D4C29F3A254:[4523c126-f03b-4acb-be3e-4c406fe3aaad:192.168.5.143:34504] returns group-4D4C29F3A254:java.util.concurrent.CompletableFuture@554d2bfd[Not completed]
2019-09-11 07:01:14,923 [pool-57-thread-1] INFO  impl.RaftServerImpl (RaftServerImpl.java:<init>(95)) - 4523c126-f03b-4acb-be3e-4c406fe3aaad: new RaftServerImpl for group-4D4C29F3A254:[4523c126-f03b-4acb-be3e-4c406fe3aaad:192.168.5.143:34504] with ContainerStateMachine:uninitialized
2019-09-11 07:01:14,923 [pool-57-thread-1] INFO  server.RaftServerConfigKeys (ConfUtils.java:logGet(43)) - raft.server.rpc.timeout.min = 1s (custom)
2019-09-11 07:01:14,923 [pool-57-thread-1] INFO  server.RaftServerConfigKeys (ConfUtils.java:logGet(43)) - raft.server.rpc.timeout.max = 1200ms (custom)
2019-09-11 07:01:14,924 [pool-57-thread-1] INFO  server.RaftServerConfigKeys (ConfUtils.java:logGet(43)) - raft.server.rpcslowness.timeout = 120s (custom)
2019-09-11 07:01:14,924 [pool-57-thread-1] INFO  server.RaftServerConfigKeys (ConfUtils.java:logGet(43)) - raft.server.sleep.deviation.threshold = 300 (default)
2019-09-11 07:01:14,924 [pool-57-thread-1] INFO  server.RaftServerConfigKeys (ConfUtils.java:logGet(43)) - raft.server.log.appender.install.snapshot.enabled = false (custom)
2019-09-11 07:01:14,924 [pool-57-thread-1] INFO  impl.RaftServerImpl (ServerState.java:<init>(103)) - 4523c126-f03b-4acb-be3e-4c406fe3aaad@group-4D4C29F3A254: ConfigurationManager, init=-1: [4523c126-f03b-4acb-be3e-4c406fe3aaad:192.168.5.143:34504], old=null, confs=<EMPTY_MAP>
2019-09-11 07:01:14,925 [pool-57-thread-1] INFO  server.RaftServerConfigKeys (ConfUtils.java:logGet(43)) - raft.server.storage.dir = [/workdir/hadoop-ozone/integration-test/target/test-dir/MiniOzoneClusterImpl-17eb7e61-4fa5-444d-af72-e415168ae45d/datanode-3/data/ratis] (custom)
2019-09-11 07:01:14,925 [pool-57-thread-1] INFO  storage.RaftStorageDirectory (RaftStorageDirectory.java:analyzeStorage(246)) - The storage directory /workdir/hadoop-ozone/integration-test/target/test-dir/MiniOzoneClusterImpl-17eb7e61-4fa5-444d-af72-e415168ae45d/datanode-3/data/ratis/2513b141-27a5-4828-a80e-4d4c29f3a254 does not exist. Creating ...
2019-09-11 07:01:14,942 [pool-57-thread-1] INFO  storage.RaftStorageDirectory (RaftStorageDirectory.java:tryLock(328)) - Lock on /workdir/hadoop-ozone/integration-test/target/test-dir/MiniOzoneClusterImpl-17eb7e61-4fa5-444d-af72-e415168ae45d/datanode-3/data/ratis/2513b141-27a5-4828-a80e-4d4c29f3a254/in_use.lock acquired by nodename 2211@pr-hdds-1786-trunk-klbfp-3319181915
2019-09-11 07:01:14,959 [pool-57-thread-1] INFO  storage.RaftStorage (RaftStorage.java:format(72)) - Storage directory /workdir/hadoop-ozone/integration-test/target/test-dir/MiniOzoneClusterImpl-17eb7e61-4fa5-444d-af72-e415168ae45d/datanode-3/data/ratis/2513b141-27a5-4828-a80e-4d4c29f3a254 has been successfully formatted.
2019-09-11 07:01:14,959 [pool-57-thread-1] INFO  ratis.ContainerStateMachine (ContainerStateMachine.java:loadSnapshot(230)) - group-4D4C29F3A254: The snapshot info is null. Setting the last applied indexto:(t:0, i:~)
2019-09-11 07:01:14,960 [pool-57-thread-1] INFO  server.RaftServerConfigKeys (ConfUtils.java:logGet(43)) - raft.server.notification.no-leader.timeout = 120s (custom)
2019-09-11 07:01:14,960 [pool-57-thread-1] INFO  server.RaftServerConfigKeys (ConfUtils.java:logGet(43)) - raft.server.log.use.memory = false (default)
2019-09-11 07:01:14,960 [pool-57-thread-1] INFO  server.RaftServerConfigKeys (ConfUtils.java:logGet(43)) - raft.server.log.purge.gap = 1000000 (custom)
2019-09-11 07:01:14,960 [pool-57-thread-1] INFO  server.RaftServerConfigKeys (ConfUtils.java:logGet(43)) - raft.server.log.appender.buffer.byte-limit = 33554432 (custom)
2019-09-11 07:01:14,960 [pool-57-thread-1] INFO  server.RaftServerConfigKeys (ConfUtils.java:logGet(43)) - raft.server.log.segment.size.max = 1048576 (custom)
2019-09-11 07:01:14,960 [pool-57-thread-1] INFO  server.RaftServerConfigKeys (ConfUtils.java:logGet(43)) - raft.server.log.segment.cache.num.max = 2 (custom)
2019-09-11 07:01:14,960 [pool-57-thread-1] INFO  segmented.SegmentedRaftLogWorker (SegmentedRaftLogWorker.java:<init>(172)) - new 4523c126-f03b-4acb-be3e-4c406fe3aaad@group-4D4C29F3A254-SegmentedRaftLogWorker for RaftStorage:Storage Directory /workdir/hadoop-ozone/integration-test/target/test-dir/MiniOzoneClusterImpl-17eb7e61-4fa5-444d-af72-e415168ae45d/datanode-3/data/ratis/2513b141-27a5-4828-a80e-4d4c29f3a254
2019-09-11 07:01:14,964 [pool-57-thread-1] INFO  server.RaftServerConfigKeys (ConfUtils.java:logGet(43)) - raft.server.log.queue.byte-limit = 2147483647 (custom)
2019-09-11 07:01:14,964 [pool-57-thread-1] INFO  server.RaftServerConfigKeys (ConfUtils.java:logGet(43)) - raft.server.log.queue.element-limit = 1024 (custom)
2019-09-11 07:01:14,964 [pool-57-thread-1] INFO  server.RaftServerConfigKeys (ConfUtils.java:logGet(43)) - raft.server.log.segment.size.max = 1048576 (custom)
2019-09-11 07:01:14,964 [pool-57-thread-1] INFO  server.RaftServerConfigKeys (ConfUtils.java:logGet(43)) - raft.server.log.preallocated.size = 16384 (custom)
2019-09-11 07:01:14,964 [pool-57-thread-1] INFO  server.RaftServerConfigKeys (ConfUtils.java:logGet(43)) - raft.server.log.write.buffer.size = 33554432 (custom)
2019-09-11 07:01:14,964 [pool-57-thread-1] INFO  server.RaftServerConfigKeys (ConfUtils.java:logGet(43)) - raft.server.log.force.sync.num = 128 (default)
2019-09-11 07:01:14,965 [pool-57-thread-1] INFO  server.RaftServerConfigKeys (ConfUtils.java:logGet(43)) - raft.server.log.statemachine.data.sync = true (default)
2019-09-11 07:01:14,965 [pool-57-thread-1] INFO  server.RaftServerConfigKeys (ConfUtils.java:logGet(43)) - raft.server.log.statemachine.data.sync.timeout = 10s (default)
2019-09-11 07:01:14,965 [pool-57-thread-1] INFO  server.RaftServerConfigKeys (ConfUtils.java:logGet(43)) - raft.server.log.statemachine.data.sync.timeout.retry = -1 (default)
2019-09-11 07:01:14,965 [pool-57-thread-1] INFO  server.RaftServerConfigKeys (ConfUtils.java:logGet(43)) - raft.server.log.statemachine.data.caching.enabled = true (custom)
2019-09-11 07:01:14,965 [pool-57-thread-1] INFO  segmented.SegmentedRaftLogWorker (SegmentedRaftLogWorker.java:lambda$new$0(132)) - 4523c126-f03b-4acb-be3e-4c406fe3aaad@group-4D4C29F3A254-SegmentedRaftLogWorker: flushIndex: setUnconditionally 0 -> -1
2019-09-11 07:01:14,966 [pool-57-thread-1] INFO  server.RaftServerConfigKeys (ConfUtils.java:logGet(43)) - raft.server.snapshot.auto.trigger.enabled = true (custom)
2019-09-11 07:01:14,966 [pool-57-thread-1] INFO  server.RaftServerConfigKeys (ConfUtils.java:logGet(43)) - raft.server.snapshot.auto.trigger.threshold = 10000 (custom)
2019-09-11 07:01:14,966 [pool-57-thread-1] INFO  server.RaftServerConfigKeys (ConfUtils.java:logGet(43)) - raft.server.snapshot.retention.num.files = 5 (custom)
2019-09-11 07:01:14,966 [pool-57-thread-1] INFO  server.RaftServerConfigKeys (ConfUtils.java:logGet(43)) - raft.server.retrycache.expirytime = 600000ms (custom)
2019-09-11 07:01:14,969 [pool-57-thread-1] INFO  impl.RaftServerImpl (RaftServerImpl.java:start(185)) - 4523c126-f03b-4acb-be3e-4c406fe3aaad@group-4D4C29F3A254: start as a follower, conf=-1: [4523c126-f03b-4acb-be3e-4c406fe3aaad:192.168.5.143:34504], old=null
2019-09-11 07:01:14,969 [pool-57-thread-1] INFO  impl.RaftServerImpl (RaftServerImpl.java:setRole(174)) - 4523c126-f03b-4acb-be3e-4c406fe3aaad@group-4D4C29F3A254: changes role from      null to FOLLOWER at term 0 for startAsFollower
2019-09-11 07:01:14,969 [pool-57-thread-1] INFO  impl.RoleInfo (RoleInfo.java:updateAndGet(143)) - 4523c126-f03b-4acb-be3e-4c406fe3aaad: start FollowerState
2019-09-11 07:01:14,970 [pool-57-thread-1] INFO  util.JmxRegister (JmxRegister.java:tryRegister(44)) - Successfully registered JMX Bean with object name Ratis:service=RaftServer,group=group-4D4C29F3A254,id=4523c126-f03b-4acb-be3e-4c406fe3aaad
2019-09-11 07:01:14,981 [RatisPipelineUtilsThread] INFO  pipeline.PipelineStateManager (PipelineStateManager.java:addPipeline(56)) - Created pipeline Pipeline[ Id: 2513b141-27a5-4828-a80e-4d4c29f3a254, Nodes: 4523c126-f03b-4acb-be3e-4c406fe3aaad{ip: 192.168.5.143, host: pr-hdds-1786-trunk-klbfp-3319181915, networkLocation: /default-rack, certSerialId: null}, Type:RATIS, Factor:ONE, State:OPEN]
2019-09-11 07:01:14,995 [grpc-default-executor-0] INFO  impl.RaftServerProxy (RaftServerProxy.java:addNew(89)) - 4a2aa8aa-5edc-4f5e-99ad-9332c6d3f836: addNew group-DD5B935E9414:[4a2aa8aa-5edc-4f5e-99ad-9332c6d3f836:192.168.5.143:42220] returns group-DD5B935E9414:java.util.concurrent.CompletableFuture@217e95c8[Not completed]
2019-09-11 07:01:14,999 [pool-117-thread-1] INFO  impl.RaftServerImpl (RaftServerImpl.java:<init>(95)) - 4a2aa8aa-5edc-4f5e-99ad-9332c6d3f836: new RaftServerImpl for group-DD5B935E9414:[4a2aa8aa-5edc-4f5e-99ad-9332c6d3f836:192.168.5.143:42220] with ContainerStateMachine:uninitialized
2019-09-11 07:01:15,000 [pool-117-thread-1] INFO  server.RaftServerConfigKeys (ConfUtils.java:logGet(43)) - raft.server.rpc.timeout.min = 1s (custom)
2019-09-11 07:01:15,000 [pool-117-thread-1] INFO  server.RaftServerConfigKeys (ConfUtils.java:logGet(43)) - raft.server.rpc.timeout.max = 1200ms (custom)
2019-09-11 07:01:15,000 [pool-117-thread-1] INFO  server.RaftServerConfigKeys (ConfUtils.java:logGet(43)) - raft.server.rpcslowness.timeout = 120s (custom)
2019-09-11 07:01:15,000 [pool-117-thread-1] INFO  server.RaftServerConfigKeys (ConfUtils.java:logGet(43)) - raft.server.sleep.deviation.threshold = 300 (default)
2019-09-11 07:01:15,000 [pool-117-thread-1] INFO  server.RaftServerConfigKeys (ConfUtils.java:logGet(43)) - raft.server.log.appender.install.snapshot.enabled = false (custom)
2019-09-11 07:01:15,000 [pool-117-thread-1] INFO  impl.RaftServerImpl (ServerState.java:<init>(103)) - 4a2aa8aa-5edc-4f5e-99ad-9332c6d3f836@group-DD5B935E9414: ConfigurationManager, init=-1: [4a2aa8aa-5edc-4f5e-99ad-9332c6d3f836:192.168.5.143:42220], old=null, confs=<EMPTY_MAP>
2019-09-11 07:01:15,000 [pool-117-thread-1] INFO  server.RaftServerConfigKeys (ConfUtils.java:logGet(43)) - raft.server.storage.dir = [/workdir/hadoop-ozone/integration-test/target/test-dir/MiniOzoneClusterImpl-17eb7e61-4fa5-444d-af72-e415168ae45d/datanode-9/data/ratis] (custom)
2019-09-11 07:01:15,001 [pool-117-thread-1] INFO  storage.RaftStorageDirectory (RaftStorageDirectory.java:analyzeStorage(246)) - The storage directory /workdir/hadoop-ozone/integration-test/target/test-dir/MiniOzoneClusterImpl-17eb7e61-4fa5-444d-af72-e415168ae45d/datanode-9/data/ratis/3c57d50a-f690-49b8-bc22-dd5b935e9414 does not exist. Creating ...
2019-09-11 07:01:15,018 [pool-117-thread-1] INFO  storage.RaftStorageDirectory (RaftStorageDirectory.java:tryLock(328)) - Lock on /workdir/hadoop-ozone/integration-test/target/test-dir/MiniOzoneClusterImpl-17eb7e61-4fa5-444d-af72-e415168ae45d/datanode-9/data/ratis/3c57d50a-f690-49b8-bc22-dd5b935e9414/in_use.lock acquired by nodename 2211@pr-hdds-1786-trunk-klbfp-3319181915
2019-09-11 07:01:15,043 [main] INFO  ozone.MiniOzoneClusterImpl (MiniOzoneClusterImpl.java:lambda$waitForClusterToBeReady$0(140)) - Cluster is ready. Got 10 of 10 DN Heartbeats.
2019-09-11 07:01:15,061 [pool-117-thread-1] INFO  storage.RaftStorage (RaftStorage.java:format(72)) - Storage directory /workdir/hadoop-ozone/integration-test/target/test-dir/MiniOzoneClusterImpl-17eb7e61-4fa5-444d-af72-e415168ae45d/datanode-9/data/ratis/3c57d50a-f690-49b8-bc22-dd5b935e9414 has been successfully formatted.
2019-09-11 07:01:15,061 [pool-117-thread-1] INFO  ratis.ContainerStateMachine (ContainerStateMachine.java:loadSnapshot(230)) - group-DD5B935E9414: The snapshot info is null. Setting the last applied indexto:(t:0, i:~)
2019-09-11 07:01:15,061 [pool-117-thread-1] INFO  server.RaftServerConfigKeys (ConfUtils.java:logGet(43)) - raft.server.notification.no-leader.timeout = 120s (custom)
2019-09-11 07:01:15,062 [pool-117-thread-1] INFO  server.RaftServerConfigKeys (ConfUtils.java:logGet(43)) - raft.server.log.use.memory = false (default)
2019-09-11 07:01:15,062 [pool-117-thread-1] INFO  server.RaftServerConfigKeys (ConfUtils.java:logGet(43)) - raft.server.log.purge.gap = 1000000 (custom)
2019-09-11 07:01:15,062 [pool-117-thread-1] INFO  server.RaftServerConfigKeys (ConfUtils.java:logGet(43)) - raft.server.log.appender.buffer.byte-limit = 33554432 (custom)
2019-09-11 07:01:15,062 [pool-117-thread-1] INFO  server.RaftServerConfigKeys (ConfUtils.java:logGet(43)) - raft.server.log.segment.size.max = 1048576 (custom)
2019-09-11 07:01:15,062 [pool-117-thread-1] INFO  server.RaftServerConfigKeys (ConfUtils.java:logGet(43)) - raft.server.log.segment.cache.num.max = 2 (custom)
2019-09-11 07:01:15,063 [pool-117-thread-1] INFO  segmented.SegmentedRaftLogWorker (SegmentedRaftLogWorker.java:<init>(172)) - new 4a2aa8aa-5edc-4f5e-99ad-9332c6d3f836@group-DD5B935E9414-SegmentedRaftLogWorker for RaftStorage:Storage Directory /workdir/hadoop-ozone/integration-test/target/test-dir/MiniOzoneClusterImpl-17eb7e61-4fa5-444d-af72-e415168ae45d/datanode-9/data/ratis/3c57d50a-f690-49b8-bc22-dd5b935e9414
2019-09-11 07:01:15,067 [pool-117-thread-1] INFO  server.RaftServerConfigKeys (ConfUtils.java:logGet(43)) - raft.server.log.queue.byte-limit = 2147483647 (custom)
2019-09-11 07:01:15,067 [pool-117-thread-1] INFO  server.RaftServerConfigKeys (ConfUtils.java:logGet(43)) - raft.server.log.queue.element-limit = 1024 (custom)
2019-09-11 07:01:15,067 [pool-117-thread-1] INFO  server.RaftServerConfigKeys (ConfUtils.java:logGet(43)) - raft.server.log.segment.size.max = 1048576 (custom)
2019-09-11 07:01:15,067 [pool-117-thread-1] INFO  server.RaftServerConfigKeys (ConfUtils.java:logGet(43)) - raft.server.log.preallocated.size = 16384 (custom)
2019-09-11 07:01:15,068 [pool-117-thread-1] INFO  server.RaftServerConfigKeys (ConfUtils.java:logGet(43)) - raft.server.log.write.buffer.size = 33554432 (custom)
2019-09-11 07:01:15,068 [pool-117-thread-1] INFO  server.RaftServerConfigKeys (ConfUtils.java:logGet(43)) - raft.server.log.force.sync.num = 128 (default)
2019-09-11 07:01:15,068 [pool-117-thread-1] INFO  server.RaftServerConfigKeys (ConfUtils.java:logGet(43)) - raft.server.log.statemachine.data.sync = true (default)
2019-09-11 07:01:15,068 [pool-117-thread-1] INFO  server.RaftServerConfigKeys (ConfUtils.java:logGet(43)) - raft.server.log.statemachine.data.sync.timeout = 10s (default)
2019-09-11 07:01:15,068 [pool-117-thread-1] INFO  server.RaftServerConfigKeys (ConfUtils.java:logGet(43)) - raft.server.log.statemachine.data.sync.timeout.retry = -1 (default)
2019-09-11 07:01:15,069 [pool-117-thread-1] INFO  server.RaftServerConfigKeys (ConfUtils.java:logGet(43)) - raft.server.log.statemachine.data.caching.enabled = true (custom)
2019-09-11 07:01:15,069 [pool-117-thread-1] INFO  segmented.SegmentedRaftLogWorker (SegmentedRaftLogWorker.java:lambda$new$0(132)) - 4a2aa8aa-5edc-4f5e-99ad-9332c6d3f836@group-DD5B935E9414-SegmentedRaftLogWorker: flushIndex: setUnconditionally 0 -> -1
2019-09-11 07:01:15,070 [pool-117-thread-1] INFO  server.RaftServerConfigKeys (ConfUtils.java:logGet(43)) - raft.server.snapshot.auto.trigger.enabled = true (custom)
2019-09-11 07:01:15,070 [pool-117-thread-1] INFO  server.RaftServerConfigKeys (ConfUtils.java:logGet(43)) - raft.server.snapshot.auto.trigger.threshold = 10000 (custom)
2019-09-11 07:01:15,070 [pool-117-thread-1] INFO  server.RaftServerConfigKeys (ConfUtils.java:logGet(43)) - raft.server.snapshot.retention.num.files = 5 (custom)
2019-09-11 07:01:15,070 [pool-117-thread-1] INFO  server.RaftServerConfigKeys (ConfUtils.java:logGet(43)) - raft.server.retrycache.expirytime = 600000ms (custom)
2019-09-11 07:01:15,075 [pool-117-thread-1] INFO  impl.RaftServerImpl (RaftServerImpl.java:start(185)) - 4a2aa8aa-5edc-4f5e-99ad-9332c6d3f836@group-DD5B935E9414: start as a follower, conf=-1: [4a2aa8aa-5edc-4f5e-99ad-9332c6d3f836:192.168.5.143:42220], old=null
2019-09-11 07:01:15,075 [pool-117-thread-1] INFO  impl.RaftServerImpl (RaftServerImpl.java:setRole(174)) - 4a2aa8aa-5edc-4f5e-99ad-9332c6d3f836@group-DD5B935E9414: changes role from      null to FOLLOWER at term 0 for startAsFollower
2019-09-11 07:01:15,075 [pool-117-thread-1] INFO  impl.RoleInfo (RoleInfo.java:updateAndGet(143)) - 4a2aa8aa-5edc-4f5e-99ad-9332c6d3f836: start FollowerState
2019-09-11 07:01:15,075 [pool-117-thread-1] INFO  util.JmxRegister (JmxRegister.java:tryRegister(44)) - Successfully registered JMX Bean with object name Ratis:service=RaftServer,group=group-DD5B935E9414,id=4a2aa8aa-5edc-4f5e-99ad-9332c6d3f836
2019-09-11 07:01:15,093 [RatisPipelineUtilsThread] INFO  pipeline.PipelineStateManager (PipelineStateManager.java:addPipeline(56)) - Created pipeline Pipeline[ Id: 3c57d50a-f690-49b8-bc22-dd5b935e9414, Nodes: 4a2aa8aa-5edc-4f5e-99ad-9332c6d3f836{ip: 192.168.5.143, host: pr-hdds-1786-trunk-klbfp-3319181915, networkLocation: /default-rack, certSerialId: null}, Type:RATIS, Factor:ONE, State:OPEN]
2019-09-11 07:01:15,112 [grpc-default-executor-0] INFO  impl.RaftServerProxy (RaftServerProxy.java:addNew(89)) - 42626b9b-ed01-4037-9282-5fe073f296c6: addNew group-C752A9F3D08A:[42626b9b-ed01-4037-9282-5fe073f296c6:192.168.5.143:37220] returns group-C752A9F3D08A:java.util.concurrent.CompletableFuture@75c63686[Not completed]
2019-09-11 07:01:15,119 [pool-37-thread-1] INFO  impl.RaftServerImpl (RaftServerImpl.java:<init>(95)) - 42626b9b-ed01-4037-9282-5fe073f296c6: new RaftServerImpl for group-C752A9F3D08A:[42626b9b-ed01-4037-9282-5fe073f296c6:192.168.5.143:37220] with ContainerStateMachine:uninitialized
2019-09-11 07:01:15,119 [pool-37-thread-1] INFO  server.RaftServerConfigKeys (ConfUtils.java:logGet(43)) - raft.server.rpc.timeout.min = 1s (custom)
2019-09-11 07:01:15,119 [pool-37-thread-1] INFO  server.RaftServerConfigKeys (ConfUtils.java:logGet(43)) - raft.server.rpc.timeout.max = 1200ms (custom)
2019-09-11 07:01:15,119 [pool-37-thread-1] INFO  server.RaftServerConfigKeys (ConfUtils.java:logGet(43)) - raft.server.rpcslowness.timeout = 120s (custom)
2019-09-11 07:01:15,119 [pool-37-thread-1] INFO  server.RaftServerConfigKeys (ConfUtils.java:logGet(43)) - raft.server.sleep.deviation.threshold = 300 (default)
2019-09-11 07:01:15,120 [pool-37-thread-1] INFO  server.RaftServerConfigKeys (ConfUtils.java:logGet(43)) - raft.server.log.appender.install.snapshot.enabled = false (custom)
2019-09-11 07:01:15,120 [pool-37-thread-1] INFO  impl.RaftServerImpl (ServerState.java:<init>(103)) - 42626b9b-ed01-4037-9282-5fe073f296c6@group-C752A9F3D08A: ConfigurationManager, init=-1: [42626b9b-ed01-4037-9282-5fe073f296c6:192.168.5.143:37220], old=null, confs=<EMPTY_MAP>
2019-09-11 07:01:15,120 [pool-37-thread-1] INFO  server.RaftServerConfigKeys (ConfUtils.java:logGet(43)) - raft.server.storage.dir = [/workdir/hadoop-ozone/integration-test/target/test-dir/MiniOzoneClusterImpl-17eb7e61-4fa5-444d-af72-e415168ae45d/datanode-1/data/ratis] (custom)
2019-09-11 07:01:15,121 [pool-37-thread-1] INFO  storage.RaftStorageDirectory (RaftStorageDirectory.java:analyzeStorage(246)) - The storage directory /workdir/hadoop-ozone/integration-test/target/test-dir/MiniOzoneClusterImpl-17eb7e61-4fa5-444d-af72-e415168ae45d/datanode-1/data/ratis/43e405e3-b237-4c77-bacc-c752a9f3d08a does not exist. Creating ...
2019-09-11 07:01:15,161 [pool-37-thread-1] INFO  storage.RaftStorageDirectory (RaftStorageDirectory.java:tryLock(328)) - Lock on /workdir/hadoop-ozone/integration-test/target/test-dir/MiniOzoneClusterImpl-17eb7e61-4fa5-444d-af72-e415168ae45d/datanode-1/data/ratis/43e405e3-b237-4c77-bacc-c752a9f3d08a/in_use.lock acquired by nodename 2211@pr-hdds-1786-trunk-klbfp-3319181915
2019-09-11 07:01:15,203 [pool-37-thread-1] INFO  storage.RaftStorage (RaftStorage.java:format(72)) - Storage directory /workdir/hadoop-ozone/integration-test/target/test-dir/MiniOzoneClusterImpl-17eb7e61-4fa5-444d-af72-e415168ae45d/datanode-1/data/ratis/43e405e3-b237-4c77-bacc-c752a9f3d08a has been successfully formatted.
2019-09-11 07:01:15,204 [pool-37-thread-1] INFO  ratis.ContainerStateMachine (ContainerStateMachine.java:loadSnapshot(230)) - group-C752A9F3D08A: The snapshot info is null. Setting the last applied indexto:(t:0, i:~)
2019-09-11 07:01:15,204 [pool-37-thread-1] INFO  server.RaftServerConfigKeys (ConfUtils.java:logGet(43)) - raft.server.notification.no-leader.timeout = 120s (custom)
2019-09-11 07:01:15,204 [pool-37-thread-1] INFO  server.RaftServerConfigKeys (ConfUtils.java:logGet(43)) - raft.server.log.use.memory = false (default)
2019-09-11 07:01:15,204 [pool-37-thread-1] INFO  server.RaftServerConfigKeys (ConfUtils.java:logGet(43)) - raft.server.log.purge.gap = 1000000 (custom)
2019-09-11 07:01:15,204 [pool-37-thread-1] INFO  server.RaftServerConfigKeys (ConfUtils.java:logGet(43)) - raft.server.log.appender.buffer.byte-limit = 33554432 (custom)
2019-09-11 07:01:15,205 [pool-37-thread-1] INFO  server.RaftServerConfigKeys (ConfUtils.java:logGet(43)) - raft.server.log.segment.size.max = 1048576 (custom)
2019-09-11 07:01:15,205 [pool-37-thread-1] INFO  server.RaftServerConfigKeys (ConfUtils.java:logGet(43)) - raft.server.log.segment.cache.num.max = 2 (custom)
2019-09-11 07:01:15,205 [pool-37-thread-1] INFO  segmented.SegmentedRaftLogWorker (SegmentedRaftLogWorker.java:<init>(172)) - new 42626b9b-ed01-4037-9282-5fe073f296c6@group-C752A9F3D08A-SegmentedRaftLogWorker for RaftStorage:Storage Directory /workdir/hadoop-ozone/integration-test/target/test-dir/MiniOzoneClusterImpl-17eb7e61-4fa5-444d-af72-e415168ae45d/datanode-1/data/ratis/43e405e3-b237-4c77-bacc-c752a9f3d08a
2019-09-11 07:01:15,209 [pool-37-thread-1] INFO  server.RaftServerConfigKeys (ConfUtils.java:logGet(43)) - raft.server.log.queue.byte-limit = 2147483647 (custom)
2019-09-11 07:01:15,209 [pool-37-thread-1] INFO  server.RaftServerConfigKeys (ConfUtils.java:logGet(43)) - raft.server.log.queue.element-limit = 1024 (custom)
2019-09-11 07:01:15,210 [pool-37-thread-1] INFO  server.RaftServerConfigKeys (ConfUtils.java:logGet(43)) - raft.server.log.segment.size.max = 1048576 (custom)
2019-09-11 07:01:15,210 [pool-37-thread-1] INFO  server.RaftServerConfigKeys (ConfUtils.java:logGet(43)) - raft.server.log.preallocated.size = 16384 (custom)
2019-09-11 07:01:15,210 [pool-37-thread-1] INFO  server.RaftServerConfigKeys (ConfUtils.java:logGet(43)) - raft.server.log.write.buffer.size = 33554432 (custom)
2019-09-11 07:01:15,210 [pool-37-thread-1] INFO  server.RaftServerConfigKeys (ConfUtils.java:logGet(43)) - raft.server.log.force.sync.num = 128 (default)
2019-09-11 07:01:15,210 [pool-37-thread-1] INFO  server.RaftServerConfigKeys (ConfUtils.java:logGet(43)) - raft.server.log.statemachine.data.sync = true (default)
2019-09-11 07:01:15,211 [pool-37-thread-1] INFO  server.RaftServerConfigKeys (ConfUtils.java:logGet(43)) - raft.server.log.statemachine.data.sync.timeout = 10s (default)
2019-09-11 07:01:15,211 [pool-37-thread-1] INFO  server.RaftServerConfigKeys (ConfUtils.java:logGet(43)) - raft.server.log.statemachine.data.sync.timeout.retry = -1 (default)
2019-09-11 07:01:15,211 [pool-37-thread-1] INFO  server.RaftServerConfigKeys (ConfUtils.java:logGet(43)) - raft.server.log.statemachine.data.caching.enabled = true (custom)
2019-09-11 07:01:15,212 [pool-37-thread-1] INFO  segmented.SegmentedRaftLogWorker (SegmentedRaftLogWorker.java:lambda$new$0(132)) - 42626b9b-ed01-4037-9282-5fe073f296c6@group-C752A9F3D08A-SegmentedRaftLogWorker: flushIndex: setUnconditionally 0 -> -1
2019-09-11 07:01:15,212 [pool-37-thread-1] INFO  server.RaftServerConfigKeys (ConfUtils.java:logGet(43)) - raft.server.snapshot.auto.trigger.enabled = true (custom)
2019-09-11 07:01:15,212 [pool-37-thread-1] INFO  server.RaftServerConfigKeys (ConfUtils.java:logGet(43)) - raft.server.snapshot.auto.trigger.threshold = 10000 (custom)
2019-09-11 07:01:15,213 [pool-37-thread-1] INFO  server.RaftServerConfigKeys (ConfUtils.java:logGet(43)) - raft.server.snapshot.retention.num.files = 5 (custom)
2019-09-11 07:01:15,213 [pool-37-thread-1] INFO  server.RaftServerConfigKeys (ConfUtils.java:logGet(43)) - raft.server.retrycache.expirytime = 600000ms (custom)
2019-09-11 07:01:15,216 [pool-37-thread-1] INFO  impl.RaftServerImpl (RaftServerImpl.java:start(185)) - 42626b9b-ed01-4037-9282-5fe073f296c6@group-C752A9F3D08A: start as a follower, conf=-1: [42626b9b-ed01-4037-9282-5fe073f296c6:192.168.5.143:37220], old=null
2019-09-11 07:01:15,216 [pool-37-thread-1] INFO  impl.RaftServerImpl (RaftServerImpl.java:setRole(174)) - 42626b9b-ed01-4037-9282-5fe073f296c6@group-C752A9F3D08A: changes role from      null to FOLLOWER at term 0 for startAsFollower
2019-09-11 07:01:15,217 [pool-37-thread-1] INFO  impl.RoleInfo (RoleInfo.java:updateAndGet(143)) - 42626b9b-ed01-4037-9282-5fe073f296c6: start FollowerState
2019-09-11 07:01:15,217 [pool-37-thread-1] INFO  util.JmxRegister (JmxRegister.java:tryRegister(44)) - Successfully registered JMX Bean with object name Ratis:service=RaftServer,group=group-C752A9F3D08A,id=42626b9b-ed01-4037-9282-5fe073f296c6
2019-09-11 07:01:15,237 [RatisPipelineUtilsThread] INFO  pipeline.PipelineStateManager (PipelineStateManager.java:addPipeline(56)) - Created pipeline Pipeline[ Id: 43e405e3-b237-4c77-bacc-c752a9f3d08a, Nodes: 42626b9b-ed01-4037-9282-5fe073f296c6{ip: 192.168.5.143, host: pr-hdds-1786-trunk-klbfp-3319181915, networkLocation: /default-rack, certSerialId: null}, Type:RATIS, Factor:ONE, State:OPEN]
2019-09-11 07:01:15,265 [grpc-default-executor-0] INFO  impl.RaftServerProxy (RaftServerProxy.java:addNew(89)) - 0159beb9-e28f-41a3-bdd5-1125b6dbb65e: addNew group-9D34814ED629:[0159beb9-e28f-41a3-bdd5-1125b6dbb65e:192.168.5.143:44765] returns group-9D34814ED629:java.util.concurrent.CompletableFuture@6448864b[Not completed]
2019-09-11 07:01:15,272 [pool-47-thread-1] INFO  impl.RaftServerImpl (RaftServerImpl.java:<init>(95)) - 0159beb9-e28f-41a3-bdd5-1125b6dbb65e: new RaftServerImpl for group-9D34814ED629:[0159beb9-e28f-41a3-bdd5-1125b6dbb65e:192.168.5.143:44765] with ContainerStateMachine:uninitialized
2019-09-11 07:01:15,273 [pool-47-thread-1] INFO  server.RaftServerConfigKeys (ConfUtils.java:logGet(43)) - raft.server.rpc.timeout.min = 1s (custom)
2019-09-11 07:01:15,273 [pool-47-thread-1] INFO  server.RaftServerConfigKeys (ConfUtils.java:logGet(43)) - raft.server.rpc.timeout.max = 1200ms (custom)
2019-09-11 07:01:15,273 [pool-47-thread-1] INFO  server.RaftServerConfigKeys (ConfUtils.java:logGet(43)) - raft.server.rpcslowness.timeout = 120s (custom)
2019-09-11 07:01:15,273 [pool-47-thread-1] INFO  server.RaftServerConfigKeys (ConfUtils.java:logGet(43)) - raft.server.sleep.deviation.threshold = 300 (default)
2019-09-11 07:01:15,273 [pool-47-thread-1] INFO  server.RaftServerConfigKeys (ConfUtils.java:logGet(43)) - raft.server.log.appender.install.snapshot.enabled = false (custom)
2019-09-11 07:01:15,274 [pool-47-thread-1] INFO  impl.RaftServerImpl (ServerState.java:<init>(103)) - 0159beb9-e28f-41a3-bdd5-1125b6dbb65e@group-9D34814ED629: ConfigurationManager, init=-1: [0159beb9-e28f-41a3-bdd5-1125b6dbb65e:192.168.5.143:44765], old=null, confs=<EMPTY_MAP>
2019-09-11 07:01:15,274 [pool-47-thread-1] INFO  server.RaftServerConfigKeys (ConfUtils.java:logGet(43)) - raft.server.storage.dir = [/workdir/hadoop-ozone/integration-test/target/test-dir/MiniOzoneClusterImpl-17eb7e61-4fa5-444d-af72-e415168ae45d/datanode-2/data/ratis] (custom)
2019-09-11 07:01:15,274 [pool-47-thread-1] INFO  storage.RaftStorageDirectory (RaftStorageDirectory.java:analyzeStorage(246)) - The storage directory /workdir/hadoop-ozone/integration-test/target/test-dir/MiniOzoneClusterImpl-17eb7e61-4fa5-444d-af72-e415168ae45d/datanode-2/data/ratis/29423266-2075-46b2-971e-9d34814ed629 does not exist. Creating ...
2019-09-11 07:01:15,312 [pool-47-thread-1] INFO  storage.RaftStorageDirectory (RaftStorageDirectory.java:tryLock(328)) - Lock on /workdir/hadoop-ozone/integration-test/target/test-dir/MiniOzoneClusterImpl-17eb7e61-4fa5-444d-af72-e415168ae45d/datanode-2/data/ratis/29423266-2075-46b2-971e-9d34814ed629/in_use.lock acquired by nodename 2211@pr-hdds-1786-trunk-klbfp-3319181915
2019-09-11 07:01:15,399 [pool-47-thread-1] INFO  storage.RaftStorage (RaftStorage.java:format(72)) - Storage directory /workdir/hadoop-ozone/integration-test/target/test-dir/MiniOzoneClusterImpl-17eb7e61-4fa5-444d-af72-e415168ae45d/datanode-2/data/ratis/29423266-2075-46b2-971e-9d34814ed629 has been successfully formatted.
2019-09-11 07:01:15,408 [pool-47-thread-1] INFO  ratis.ContainerStateMachine (ContainerStateMachine.java:loadSnapshot(230)) - group-9D34814ED629: The snapshot info is null. Setting the last applied indexto:(t:0, i:~)
2019-09-11 07:01:15,409 [pool-47-thread-1] INFO  server.RaftServerConfigKeys (ConfUtils.java:logGet(43)) - raft.server.notification.no-leader.timeout = 120s (custom)
2019-09-11 07:01:15,409 [pool-47-thread-1] INFO  server.RaftServerConfigKeys (ConfUtils.java:logGet(43)) - raft.server.log.use.memory = false (default)
2019-09-11 07:01:15,409 [pool-47-thread-1] INFO  server.RaftServerConfigKeys (ConfUtils.java:logGet(43)) - raft.server.log.purge.gap = 1000000 (custom)
2019-09-11 07:01:15,409 [pool-47-thread-1] INFO  server.RaftServerConfigKeys (ConfUtils.java:logGet(43)) - raft.server.log.appender.buffer.byte-limit = 33554432 (custom)
2019-09-11 07:01:15,409 [pool-47-thread-1] INFO  server.RaftServerConfigKeys (ConfUtils.java:logGet(43)) - raft.server.log.segment.size.max = 1048576 (custom)
2019-09-11 07:01:15,410 [pool-47-thread-1] INFO  server.RaftServerConfigKeys (ConfUtils.java:logGet(43)) - raft.server.log.segment.cache.num.max = 2 (custom)
2019-09-11 07:01:15,410 [pool-47-thread-1] INFO  segmented.SegmentedRaftLogWorker (SegmentedRaftLogWorker.java:<init>(172)) - new 0159beb9-e28f-41a3-bdd5-1125b6dbb65e@group-9D34814ED629-SegmentedRaftLogWorker for RaftStorage:Storage Directory /workdir/hadoop-ozone/integration-test/target/test-dir/MiniOzoneClusterImpl-17eb7e61-4fa5-444d-af72-e415168ae45d/datanode-2/data/ratis/29423266-2075-46b2-971e-9d34814ed629
2019-09-11 07:01:15,412 [pool-47-thread-1] INFO  server.RaftServerConfigKeys (ConfUtils.java:logGet(43)) - raft.server.log.queue.byte-limit = 2147483647 (custom)
2019-09-11 07:01:15,412 [pool-47-thread-1] INFO  server.RaftServerConfigKeys (ConfUtils.java:logGet(43)) - raft.server.log.queue.element-limit = 1024 (custom)
2019-09-11 07:01:15,413 [pool-47-thread-1] INFO  server.RaftServerConfigKeys (ConfUtils.java:logGet(43)) - raft.server.log.segment.size.max = 1048576 (custom)
2019-09-11 07:01:15,413 [pool-47-thread-1] INFO  server.RaftServerConfigKeys (ConfUtils.java:logGet(43)) - raft.server.log.preallocated.size = 16384 (custom)
2019-09-11 07:01:15,413 [pool-47-thread-1] INFO  server.RaftServerConfigKeys (ConfUtils.java:logGet(43)) - raft.server.log.write.buffer.size = 33554432 (custom)
2019-09-11 07:01:15,413 [pool-47-thread-1] INFO  server.RaftServerConfigKeys (ConfUtils.java:logGet(43)) - raft.server.log.force.sync.num = 128 (default)
2019-09-11 07:01:15,413 [pool-47-thread-1] INFO  server.RaftServerConfigKeys (ConfUtils.java:logGet(43)) - raft.server.log.statemachine.data.sync = true (default)
2019-09-11 07:01:15,413 [pool-47-thread-1] INFO  server.RaftServerConfigKeys (ConfUtils.java:logGet(43)) - raft.server.log.statemachine.data.sync.timeout = 10s (default)
2019-09-11 07:01:15,413 [pool-47-thread-1] INFO  server.RaftServerConfigKeys (ConfUtils.java:logGet(43)) - raft.server.log.statemachine.data.sync.timeout.retry = -1 (default)
2019-09-11 07:01:15,414 [pool-47-thread-1] INFO  server.RaftServerConfigKeys (ConfUtils.java:logGet(43)) - raft.server.log.statemachine.data.caching.enabled = true (custom)
2019-09-11 07:01:15,414 [pool-47-thread-1] INFO  segmented.SegmentedRaftLogWorker (SegmentedRaftLogWorker.java:lambda$new$0(132)) - 0159beb9-e28f-41a3-bdd5-1125b6dbb65e@group-9D34814ED629-SegmentedRaftLogWorker: flushIndex: setUnconditionally 0 -> -1
2019-09-11 07:01:15,414 [pool-47-thread-1] INFO  server.RaftServerConfigKeys (ConfUtils.java:logGet(43)) - raft.server.snapshot.auto.trigger.enabled = true (custom)
2019-09-11 07:01:15,417 [pool-47-thread-1] INFO  server.RaftServerConfigKeys (ConfUtils.java:logGet(43)) - raft.server.snapshot.auto.trigger.threshold = 10000 (custom)
2019-09-11 07:01:15,417 [pool-47-thread-1] INFO  server.RaftServerConfigKeys (ConfUtils.java:logGet(43)) - raft.server.snapshot.retention.num.files = 5 (custom)
2019-09-11 07:01:15,417 [pool-47-thread-1] INFO  server.RaftServerConfigKeys (ConfUtils.java:logGet(43)) - raft.server.retrycache.expirytime = 600000ms (custom)
2019-09-11 07:01:15,502 [pool-47-thread-1] INFO  impl.RaftServerImpl (RaftServerImpl.java:start(185)) - 0159beb9-e28f-41a3-bdd5-1125b6dbb65e@group-9D34814ED629: start as a follower, conf=-1: [0159beb9-e28f-41a3-bdd5-1125b6dbb65e:192.168.5.143:44765], old=null
2019-09-11 07:01:15,502 [pool-47-thread-1] INFO  impl.RaftServerImpl (RaftServerImpl.java:setRole(174)) - 0159beb9-e28f-41a3-bdd5-1125b6dbb65e@group-9D34814ED629: changes role from      null to FOLLOWER at term 0 for startAsFollower
2019-09-11 07:01:15,507 [pool-47-thread-1] INFO  impl.RoleInfo (RoleInfo.java:updateAndGet(143)) - 0159beb9-e28f-41a3-bdd5-1125b6dbb65e: start FollowerState
2019-09-11 07:01:15,507 [pool-47-thread-1] INFO  util.JmxRegister (JmxRegister.java:tryRegister(44)) - Successfully registered JMX Bean with object name Ratis:service=RaftServer,group=group-9D34814ED629,id=0159beb9-e28f-41a3-bdd5-1125b6dbb65e
2019-09-11 07:01:15,518 [Thread-285] INFO  impl.FollowerState (FollowerState.java:run(106)) - bbdbb4de-2219-47e5-a2b1-d5e525a98c19:group-E31C2250E139 changes to CANDIDATE, lastRpcTime:1178, electionTimeout:1178ms
2019-09-11 07:01:15,519 [RatisPipelineUtilsThread] INFO  pipeline.PipelineStateManager (PipelineStateManager.java:addPipeline(56)) - Created pipeline Pipeline[ Id: 29423266-2075-46b2-971e-9d34814ed629, Nodes: 0159beb9-e28f-41a3-bdd5-1125b6dbb65e{ip: 192.168.5.143, host: pr-hdds-1786-trunk-klbfp-3319181915, networkLocation: /default-rack, certSerialId: null}, Type:RATIS, Factor:ONE, State:OPEN]
2019-09-11 07:01:15,522 [Thread-285] INFO  impl.RoleInfo (RoleInfo.java:shutdownFollowerState(121)) - bbdbb4de-2219-47e5-a2b1-d5e525a98c19: shutdown FollowerState
2019-09-11 07:01:15,522 [Thread-285] INFO  impl.RaftServerImpl (RaftServerImpl.java:setRole(174)) - bbdbb4de-2219-47e5-a2b1-d5e525a98c19@group-E31C2250E139: changes role from  FOLLOWER to CANDIDATE at term 0 for changeToCandidate
2019-09-11 07:01:15,534 [Thread-285] INFO  impl.RoleInfo (RoleInfo.java:updateAndGet(143)) - bbdbb4de-2219-47e5-a2b1-d5e525a98c19: start LeaderElection
2019-09-11 07:01:15,541 [grpc-default-executor-0] INFO  impl.RaftServerProxy (RaftServerProxy.java:addNew(89)) - 7cc5d2d7-39af-4b66-8513-17417d4c25e9: addNew group-C7F0FBDD9540:[7cc5d2d7-39af-4b66-8513-17417d4c25e9:192.168.5.143:41269] returns group-C7F0FBDD9540:java.util.concurrent.CompletableFuture@7134f0bb[Not completed]
2019-09-11 07:01:15,546 [pool-77-thread-1] INFO  impl.RaftServerImpl (RaftServerImpl.java:<init>(95)) - 7cc5d2d7-39af-4b66-8513-17417d4c25e9: new RaftServerImpl for group-C7F0FBDD9540:[7cc5d2d7-39af-4b66-8513-17417d4c25e9:192.168.5.143:41269] with ContainerStateMachine:uninitialized
2019-09-11 07:01:15,546 [pool-77-thread-1] INFO  server.RaftServerConfigKeys (ConfUtils.java:logGet(43)) - raft.server.rpc.timeout.min = 1s (custom)
2019-09-11 07:01:15,546 [pool-77-thread-1] INFO  server.RaftServerConfigKeys (ConfUtils.java:logGet(43)) - raft.server.rpc.timeout.max = 1200ms (custom)
2019-09-11 07:01:15,546 [pool-77-thread-1] INFO  server.RaftServerConfigKeys (ConfUtils.java:logGet(43)) - raft.server.rpcslowness.timeout = 120s (custom)
2019-09-11 07:01:15,546 [pool-77-thread-1] INFO  server.RaftServerConfigKeys (ConfUtils.java:logGet(43)) - raft.server.sleep.deviation.threshold = 300 (default)
2019-09-11 07:01:15,547 [pool-77-thread-1] INFO  server.RaftServerConfigKeys (ConfUtils.java:logGet(43)) - raft.server.log.appender.install.snapshot.enabled = false (custom)
2019-09-11 07:01:15,548 [pool-77-thread-1] INFO  impl.RaftServerImpl (ServerState.java:<init>(103)) - 7cc5d2d7-39af-4b66-8513-17417d4c25e9@group-C7F0FBDD9540: ConfigurationManager, init=-1: [7cc5d2d7-39af-4b66-8513-17417d4c25e9:192.168.5.143:41269], old=null, confs=<EMPTY_MAP>
2019-09-11 07:01:15,549 [pool-77-thread-1] INFO  server.RaftServerConfigKeys (ConfUtils.java:logGet(43)) - raft.server.storage.dir = [/workdir/hadoop-ozone/integration-test/target/test-dir/MiniOzoneClusterImpl-17eb7e61-4fa5-444d-af72-e415168ae45d/datanode-5/data/ratis] (custom)
2019-09-11 07:01:15,549 [pool-77-thread-1] INFO  storage.RaftStorageDirectory (RaftStorageDirectory.java:analyzeStorage(246)) - The storage directory /workdir/hadoop-ozone/integration-test/target/test-dir/MiniOzoneClusterImpl-17eb7e61-4fa5-444d-af72-e415168ae45d/datanode-5/data/ratis/00970288-7233-40a8-93e8-c7f0fbdd9540 does not exist. Creating ...
2019-09-11 07:01:15,596 [pool-77-thread-1] INFO  storage.RaftStorageDirectory (RaftStorageDirectory.java:tryLock(328)) - Lock on /workdir/hadoop-ozone/integration-test/target/test-dir/MiniOzoneClusterImpl-17eb7e61-4fa5-444d-af72-e415168ae45d/datanode-5/data/ratis/00970288-7233-40a8-93e8-c7f0fbdd9540/in_use.lock acquired by nodename 2211@pr-hdds-1786-trunk-klbfp-3319181915
2019-09-11 07:01:15,596 [bbdbb4de-2219-47e5-a2b1-d5e525a98c19@group-E31C2250E139:LeaderElection1] INFO  impl.LeaderElection (LeaderElection.java:askForVotes(182)) - bbdbb4de-2219-47e5-a2b1-d5e525a98c19@group-E31C2250E139:LeaderElection1: begin an election at term 1 for -1: [bbdbb4de-2219-47e5-a2b1-d5e525a98c19:192.168.5.143:42910], old=null
2019-09-11 07:01:15,598 [bbdbb4de-2219-47e5-a2b1-d5e525a98c19@group-E31C2250E139:LeaderElection1] INFO  impl.RoleInfo (RoleInfo.java:shutdownLeaderElection(134)) - bbdbb4de-2219-47e5-a2b1-d5e525a98c19: shutdown LeaderElection
2019-09-11 07:01:15,598 [bbdbb4de-2219-47e5-a2b1-d5e525a98c19@group-E31C2250E139:LeaderElection1] INFO  impl.RaftServerImpl (RaftServerImpl.java:setRole(174)) - bbdbb4de-2219-47e5-a2b1-d5e525a98c19@group-E31C2250E139: changes role from CANDIDATE to LEADER at term 1 for changeToLeader
2019-09-11 07:01:15,599 [bbdbb4de-2219-47e5-a2b1-d5e525a98c19@group-E31C2250E139:LeaderElection1] INFO  impl.RaftServerImpl (ServerState.java:setLeader(253)) - bbdbb4de-2219-47e5-a2b1-d5e525a98c19@group-E31C2250E139: change Leader from null to bbdbb4de-2219-47e5-a2b1-d5e525a98c19 at term 1 for becomeLeader, leader elected after 1378ms
2019-09-11 07:01:15,599 [Thread-288] INFO  impl.FollowerState (FollowerState.java:run(106)) - c3336af5-ef91-4420-af01-c0c00dc6c530:group-B88804E8109D changes to CANDIDATE, lastRpcTime:1012, electionTimeout:1010ms
2019-09-11 07:01:15,610 [Thread-288] INFO  impl.RoleInfo (RoleInfo.java:shutdownFollowerState(121)) - c3336af5-ef91-4420-af01-c0c00dc6c530: shutdown FollowerState
2019-09-11 07:01:15,610 [Thread-288] INFO  impl.RaftServerImpl (RaftServerImpl.java:setRole(174)) - c3336af5-ef91-4420-af01-c0c00dc6c530@group-B88804E8109D: changes role from  FOLLOWER to CANDIDATE at term 0 for changeToCandidate
2019-09-11 07:01:15,610 [Thread-288] INFO  impl.RoleInfo (RoleInfo.java:updateAndGet(143)) - c3336af5-ef91-4420-af01-c0c00dc6c530: start LeaderElection
2019-09-11 07:01:15,624 [bbdbb4de-2219-47e5-a2b1-d5e525a98c19@group-E31C2250E139:LeaderElection1] INFO  server.RaftServerConfigKeys (ConfUtils.java:logGet(43)) - raft.server.staging.catchup.gap = 1000 (default)
2019-09-11 07:01:15,624 [pool-77-thread-1] INFO  storage.RaftStorage (RaftStorage.java:format(72)) - Storage directory /workdir/hadoop-ozone/integration-test/target/test-dir/MiniOzoneClusterImpl-17eb7e61-4fa5-444d-af72-e415168ae45d/datanode-5/data/ratis/00970288-7233-40a8-93e8-c7f0fbdd9540 has been successfully formatted.
2019-09-11 07:01:15,625 [bbdbb4de-2219-47e5-a2b1-d5e525a98c19@group-E31C2250E139:LeaderElection1] INFO  server.RaftServerConfigKeys (ConfUtils.java:logGet(43)) - raft.server.rpc.sleep.time = 25ms (default)
2019-09-11 07:01:15,625 [pool-77-thread-1] INFO  ratis.ContainerStateMachine (ContainerStateMachine.java:loadSnapshot(230)) - group-C7F0FBDD9540: The snapshot info is null. Setting the last applied indexto:(t:0, i:~)
2019-09-11 07:01:15,627 [pool-77-thread-1] INFO  server.RaftServerConfigKeys (ConfUtils.java:logGet(43)) - raft.server.notification.no-leader.timeout = 120s (custom)
2019-09-11 07:01:15,627 [pool-77-thread-1] INFO  server.RaftServerConfigKeys (ConfUtils.java:logGet(43)) - raft.server.log.use.memory = false (default)
2019-09-11 07:01:15,627 [pool-77-thread-1] INFO  server.RaftServerConfigKeys (ConfUtils.java:logGet(43)) - raft.server.log.purge.gap = 1000000 (custom)
2019-09-11 07:01:15,627 [pool-77-thread-1] INFO  server.RaftServerConfigKeys (ConfUtils.java:logGet(43)) - raft.server.log.appender.buffer.byte-limit = 33554432 (custom)
2019-09-11 07:01:15,628 [pool-77-thread-1] INFO  server.RaftServerConfigKeys (ConfUtils.java:logGet(43)) - raft.server.log.segment.size.max = 1048576 (custom)
2019-09-11 07:01:15,628 [pool-77-thread-1] INFO  server.RaftServerConfigKeys (ConfUtils.java:logGet(43)) - raft.server.log.segment.cache.num.max = 2 (custom)
2019-09-11 07:01:15,628 [pool-77-thread-1] INFO  segmented.SegmentedRaftLogWorker (SegmentedRaftLogWorker.java:<init>(172)) - new 7cc5d2d7-39af-4b66-8513-17417d4c25e9@group-C7F0FBDD9540-SegmentedRaftLogWorker for RaftStorage:Storage Directory /workdir/hadoop-ozone/integration-test/target/test-dir/MiniOzoneClusterImpl-17eb7e61-4fa5-444d-af72-e415168ae45d/datanode-5/data/ratis/00970288-7233-40a8-93e8-c7f0fbdd9540
2019-09-11 07:01:15,629 [bbdbb4de-2219-47e5-a2b1-d5e525a98c19@group-E31C2250E139:LeaderElection1] INFO  server.RaftServerConfigKeys (ConfUtils.java:logGet(43)) - raft.server.write.element-limit = 4096 (default)
2019-09-11 07:01:15,630 [pool-77-thread-1] INFO  server.RaftServerConfigKeys (ConfUtils.java:logGet(43)) - raft.server.log.queue.byte-limit = 2147483647 (custom)
2019-09-11 07:01:15,630 [pool-77-thread-1] INFO  server.RaftServerConfigKeys (ConfUtils.java:logGet(43)) - raft.server.log.queue.element-limit = 1024 (custom)
2019-09-11 07:01:15,630 [pool-77-thread-1] INFO  server.RaftServerConfigKeys (ConfUtils.java:logGet(43)) - raft.server.log.segment.size.max = 1048576 (custom)
2019-09-11 07:01:15,631 [pool-77-thread-1] INFO  server.RaftServerConfigKeys (ConfUtils.java:logGet(43)) - raft.server.log.preallocated.size = 16384 (custom)
2019-09-11 07:01:15,631 [pool-77-thread-1] INFO  server.RaftServerConfigKeys (ConfUtils.java:logGet(43)) - raft.server.log.write.buffer.size = 33554432 (custom)
2019-09-11 07:01:15,631 [pool-77-thread-1] INFO  server.RaftServerConfigKeys (ConfUtils.java:logGet(43)) - raft.server.log.force.sync.num = 128 (default)
2019-09-11 07:01:15,631 [pool-77-thread-1] INFO  server.RaftServerConfigKeys (ConfUtils.java:logGet(43)) - raft.server.log.statemachine.data.sync = true (default)
2019-09-11 07:01:15,631 [pool-77-thread-1] INFO  server.RaftServerConfigKeys (ConfUtils.java:logGet(43)) - raft.server.log.statemachine.data.sync.timeout = 10s (default)
2019-09-11 07:01:15,631 [pool-77-thread-1] INFO  server.RaftServerConfigKeys (ConfUtils.java:logGet(43)) - raft.server.log.statemachine.data.sync.timeout.retry = -1 (default)
2019-09-11 07:01:15,631 [pool-77-thread-1] INFO  server.RaftServerConfigKeys (ConfUtils.java:logGet(43)) - raft.server.log.statemachine.data.caching.enabled = true (custom)
2019-09-11 07:01:15,632 [pool-77-thread-1] INFO  segmented.SegmentedRaftLogWorker (SegmentedRaftLogWorker.java:lambda$new$0(132)) - 7cc5d2d7-39af-4b66-8513-17417d4c25e9@group-C7F0FBDD9540-SegmentedRaftLogWorker: flushIndex: setUnconditionally 0 -> -1
2019-09-11 07:01:15,632 [pool-77-thread-1] INFO  server.RaftServerConfigKeys (ConfUtils.java:logGet(43)) - raft.server.snapshot.auto.trigger.enabled = true (custom)
2019-09-11 07:01:15,632 [bbdbb4de-2219-47e5-a2b1-d5e525a98c19@group-E31C2250E139:LeaderElection1] INFO  server.RaftServerConfigKeys (ConfUtils.java:logGet(43)) - raft.server.watch.timeout = 10s (default)
2019-09-11 07:01:15,632 [pool-77-thread-1] INFO  server.RaftServerConfigKeys (ConfUtils.java:logGet(43)) - raft.server.snapshot.auto.trigger.threshold = 10000 (custom)
2019-09-11 07:01:15,632 [bbdbb4de-2219-47e5-a2b1-d5e525a98c19@group-E31C2250E139:LeaderElection1] INFO  server.RaftServerConfigKeys (ConfUtils.java:logGet(43)) - raft.server.watch.timeout.denomination = 1s (default)
2019-09-11 07:01:15,632 [pool-77-thread-1] INFO  server.RaftServerConfigKeys (ConfUtils.java:logGet(43)) - raft.server.snapshot.retention.num.files = 5 (custom)
2019-09-11 07:01:15,633 [pool-77-thread-1] INFO  server.RaftServerConfigKeys (ConfUtils.java:logGet(43)) - raft.server.retrycache.expirytime = 600000ms (custom)
2019-09-11 07:01:15,633 [bbdbb4de-2219-47e5-a2b1-d5e525a98c19@group-E31C2250E139:LeaderElection1] INFO  server.RaftServerConfigKeys (ConfUtils.java:logGet(43)) - raft.server.watch.element-limit = 65536 (default)
2019-09-11 07:01:15,635 [pool-77-thread-1] INFO  impl.RaftServerImpl (RaftServerImpl.java:start(185)) - 7cc5d2d7-39af-4b66-8513-17417d4c25e9@group-C7F0FBDD9540: start as a follower, conf=-1: [7cc5d2d7-39af-4b66-8513-17417d4c25e9:192.168.5.143:41269], old=null
2019-09-11 07:01:15,635 [pool-77-thread-1] INFO  impl.RaftServerImpl (RaftServerImpl.java:setRole(174)) - 7cc5d2d7-39af-4b66-8513-17417d4c25e9@group-C7F0FBDD9540: changes role from      null to FOLLOWER at term 0 for startAsFollower
2019-09-11 07:01:15,635 [pool-77-thread-1] INFO  impl.RoleInfo (RoleInfo.java:updateAndGet(143)) - 7cc5d2d7-39af-4b66-8513-17417d4c25e9: start FollowerState
2019-09-11 07:01:15,636 [pool-77-thread-1] INFO  util.JmxRegister (JmxRegister.java:tryRegister(44)) - Successfully registered JMX Bean with object name Ratis:service=RaftServer,group=group-C7F0FBDD9540,id=7cc5d2d7-39af-4b66-8513-17417d4c25e9
2019-09-11 07:01:15,640 [c3336af5-ef91-4420-af01-c0c00dc6c530@group-B88804E8109D:LeaderElection2] INFO  impl.LeaderElection (LeaderElection.java:askForVotes(182)) - c3336af5-ef91-4420-af01-c0c00dc6c530@group-B88804E8109D:LeaderElection2: begin an election at term 1 for -1: [c3336af5-ef91-4420-af01-c0c00dc6c530:192.168.5.143:40781], old=null
2019-09-11 07:01:15,640 [c3336af5-ef91-4420-af01-c0c00dc6c530@group-B88804E8109D:LeaderElection2] INFO  impl.RoleInfo (RoleInfo.java:shutdownLeaderElection(134)) - c3336af5-ef91-4420-af01-c0c00dc6c530: shutdown LeaderElection
2019-09-11 07:01:15,640 [c3336af5-ef91-4420-af01-c0c00dc6c530@group-B88804E8109D:LeaderElection2] INFO  impl.RaftServerImpl (RaftServerImpl.java:setRole(174)) - c3336af5-ef91-4420-af01-c0c00dc6c530@group-B88804E8109D: changes role from CANDIDATE to LEADER at term 1 for changeToLeader
2019-09-11 07:01:15,640 [c3336af5-ef91-4420-af01-c0c00dc6c530@group-B88804E8109D:LeaderElection2] INFO  impl.RaftServerImpl (ServerState.java:setLeader(253)) - c3336af5-ef91-4420-af01-c0c00dc6c530@group-B88804E8109D: change Leader from null to c3336af5-ef91-4420-af01-c0c00dc6c530 at term 1 for becomeLeader, leader elected after 1067ms
2019-09-11 07:01:15,640 [c3336af5-ef91-4420-af01-c0c00dc6c530@group-B88804E8109D:LeaderElection2] INFO  server.RaftServerConfigKeys (ConfUtils.java:logGet(43)) - raft.server.staging.catchup.gap = 1000 (default)
2019-09-11 07:01:15,640 [c3336af5-ef91-4420-af01-c0c00dc6c530@group-B88804E8109D:LeaderElection2] INFO  server.RaftServerConfigKeys (ConfUtils.java:logGet(43)) - raft.server.rpc.sleep.time = 25ms (default)
2019-09-11 07:01:15,640 [c3336af5-ef91-4420-af01-c0c00dc6c530@group-B88804E8109D:LeaderElection2] INFO  server.RaftServerConfigKeys (ConfUtils.java:logGet(43)) - raft.server.write.element-limit = 4096 (default)
2019-09-11 07:01:15,642 [c3336af5-ef91-4420-af01-c0c00dc6c530@group-B88804E8109D:LeaderElection2] INFO  server.RaftServerConfigKeys (ConfUtils.java:logGet(43)) - raft.server.watch.timeout = 10s (default)
2019-09-11 07:01:15,642 [c3336af5-ef91-4420-af01-c0c00dc6c530@group-B88804E8109D:LeaderElection2] INFO  server.RaftServerConfigKeys (ConfUtils.java:logGet(43)) - raft.server.watch.timeout.denomination = 1s (default)
2019-09-11 07:01:15,644 [c3336af5-ef91-4420-af01-c0c00dc6c530@group-B88804E8109D:LeaderElection2] INFO  server.RaftServerConfigKeys (ConfUtils.java:logGet(43)) - raft.server.watch.element-limit = 65536 (default)
2019-09-11 07:01:15,647 [RatisPipelineUtilsThread] INFO  pipeline.PipelineStateManager (PipelineStateManager.java:addPipeline(56)) - Created pipeline Pipeline[ Id: 00970288-7233-40a8-93e8-c7f0fbdd9540, Nodes: 7cc5d2d7-39af-4b66-8513-17417d4c25e9{ip: 192.168.5.143, host: pr-hdds-1786-trunk-klbfp-3319181915, networkLocation: /default-rack, certSerialId: null}, Type:RATIS, Factor:ONE, State:OPEN]
2019-09-11 07:01:15,676 [c3336af5-ef91-4420-af01-c0c00dc6c530@group-B88804E8109D:LeaderElection2] INFO  impl.RoleInfo (RoleInfo.java:updateAndGet(143)) - c3336af5-ef91-4420-af01-c0c00dc6c530: start LeaderState
2019-09-11 07:01:15,676 [bbdbb4de-2219-47e5-a2b1-d5e525a98c19@group-E31C2250E139:LeaderElection1] INFO  impl.RoleInfo (RoleInfo.java:updateAndGet(143)) - bbdbb4de-2219-47e5-a2b1-d5e525a98c19: start LeaderState
2019-09-11 07:01:15,683 [grpc-default-executor-0] INFO  impl.RaftServerProxy (RaftServerProxy.java:addNew(89)) - fa05bb76-1792-4734-a2a1-169d8491a525: addNew group-1ACF0AC42BB1:[fa05bb76-1792-4734-a2a1-169d8491a525:192.168.5.143:38028] returns group-1ACF0AC42BB1:java.util.concurrent.CompletableFuture@7400c839[Not completed]
2019-09-11 07:01:15,689 [pool-87-thread-1] INFO  impl.RaftServerImpl (RaftServerImpl.java:<init>(95)) - fa05bb76-1792-4734-a2a1-169d8491a525: new RaftServerImpl for group-1ACF0AC42BB1:[fa05bb76-1792-4734-a2a1-169d8491a525:192.168.5.143:38028] with ContainerStateMachine:uninitialized
2019-09-11 07:01:15,689 [pool-87-thread-1] INFO  server.RaftServerConfigKeys (ConfUtils.java:logGet(43)) - raft.server.rpc.timeout.min = 1s (custom)
2019-09-11 07:01:15,689 [pool-87-thread-1] INFO  server.RaftServerConfigKeys (ConfUtils.java:logGet(43)) - raft.server.rpc.timeout.max = 1200ms (custom)
2019-09-11 07:01:15,689 [pool-87-thread-1] INFO  server.RaftServerConfigKeys (ConfUtils.java:logGet(43)) - raft.server.rpcslowness.timeout = 120s (custom)
2019-09-11 07:01:15,689 [pool-87-thread-1] INFO  server.RaftServerConfigKeys (ConfUtils.java:logGet(43)) - raft.server.sleep.deviation.threshold = 300 (default)
2019-09-11 07:01:15,690 [pool-87-thread-1] INFO  server.RaftServerConfigKeys (ConfUtils.java:logGet(43)) - raft.server.log.appender.install.snapshot.enabled = false (custom)
2019-09-11 07:01:15,690 [pool-87-thread-1] INFO  impl.RaftServerImpl (ServerState.java:<init>(103)) - fa05bb76-1792-4734-a2a1-169d8491a525@group-1ACF0AC42BB1: ConfigurationManager, init=-1: [fa05bb76-1792-4734-a2a1-169d8491a525:192.168.5.143:38028], old=null, confs=<EMPTY_MAP>
2019-09-11 07:01:15,690 [pool-87-thread-1] INFO  server.RaftServerConfigKeys (ConfUtils.java:logGet(43)) - raft.server.storage.dir = [/workdir/hadoop-ozone/integration-test/target/test-dir/MiniOzoneClusterImpl-17eb7e61-4fa5-444d-af72-e415168ae45d/datanode-6/data/ratis] (custom)
2019-09-11 07:01:15,690 [pool-87-thread-1] INFO  storage.RaftStorageDirectory (RaftStorageDirectory.java:analyzeStorage(246)) - The storage directory /workdir/hadoop-ozone/integration-test/target/test-dir/MiniOzoneClusterImpl-17eb7e61-4fa5-444d-af72-e415168ae45d/datanode-6/data/ratis/21233ed3-7c03-49b2-97c8-1acf0ac42bb1 does not exist. Creating ...
2019-09-11 07:01:15,709 [pool-87-thread-1] INFO  storage.RaftStorageDirectory (RaftStorageDirectory.java:tryLock(328)) - Lock on /workdir/hadoop-ozone/integration-test/target/test-dir/MiniOzoneClusterImpl-17eb7e61-4fa5-444d-af72-e415168ae45d/datanode-6/data/ratis/21233ed3-7c03-49b2-97c8-1acf0ac42bb1/in_use.lock acquired by nodename 2211@pr-hdds-1786-trunk-klbfp-3319181915
2019-09-11 07:01:15,725 [c3336af5-ef91-4420-af01-c0c00dc6c530@group-B88804E8109D:LeaderElection2] INFO  segmented.SegmentedRaftLogWorker (SegmentedRaftLogWorker.java:startLogSegment(380)) - c3336af5-ef91-4420-af01-c0c00dc6c530@group-B88804E8109D-SegmentedRaftLogWorker: Starting segment from index:0
2019-09-11 07:01:15,725 [bbdbb4de-2219-47e5-a2b1-d5e525a98c19@group-E31C2250E139:LeaderElection1] INFO  segmented.SegmentedRaftLogWorker (SegmentedRaftLogWorker.java:startLogSegment(380)) - bbdbb4de-2219-47e5-a2b1-d5e525a98c19@group-E31C2250E139-SegmentedRaftLogWorker: Starting segment from index:0
2019-09-11 07:01:15,734 [c3336af5-ef91-4420-af01-c0c00dc6c530@group-B88804E8109D:LeaderElection2] INFO  impl.RaftServerImpl (ServerState.java:setRaftConf(354)) - c3336af5-ef91-4420-af01-c0c00dc6c530@group-B88804E8109D: set configuration 0: [c3336af5-ef91-4420-af01-c0c00dc6c530:192.168.5.143:40781], old=null at 0
2019-09-11 07:01:15,734 [bbdbb4de-2219-47e5-a2b1-d5e525a98c19@group-E31C2250E139:LeaderElection1] INFO  impl.RaftServerImpl (ServerState.java:setRaftConf(354)) - bbdbb4de-2219-47e5-a2b1-d5e525a98c19@group-E31C2250E139: set configuration 0: [bbdbb4de-2219-47e5-a2b1-d5e525a98c19:192.168.5.143:42910], old=null at 0
2019-09-11 07:01:15,756 [pool-87-thread-1] INFO  storage.RaftStorage (RaftStorage.java:format(72)) - Storage directory /workdir/hadoop-ozone/integration-test/target/test-dir/MiniOzoneClusterImpl-17eb7e61-4fa5-444d-af72-e415168ae45d/datanode-6/data/ratis/21233ed3-7c03-49b2-97c8-1acf0ac42bb1 has been successfully formatted.
2019-09-11 07:01:15,757 [pool-87-thread-1] INFO  ratis.ContainerStateMachine (ContainerStateMachine.java:loadSnapshot(230)) - group-1ACF0AC42BB1: The snapshot info is null. Setting the last applied indexto:(t:0, i:~)
2019-09-11 07:01:15,757 [pool-87-thread-1] INFO  server.RaftServerConfigKeys (ConfUtils.java:logGet(43)) - raft.server.notification.no-leader.timeout = 120s (custom)
2019-09-11 07:01:15,757 [pool-87-thread-1] INFO  server.RaftServerConfigKeys (ConfUtils.java:logGet(43)) - raft.server.log.use.memory = false (default)
2019-09-11 07:01:15,757 [pool-87-thread-1] INFO  server.RaftServerConfigKeys (ConfUtils.java:logGet(43)) - raft.server.log.purge.gap = 1000000 (custom)
2019-09-11 07:01:15,757 [pool-87-thread-1] INFO  server.RaftServerConfigKeys (ConfUtils.java:logGet(43)) - raft.server.log.appender.buffer.byte-limit = 33554432 (custom)
2019-09-11 07:01:15,758 [pool-87-thread-1] INFO  server.RaftServerConfigKeys (ConfUtils.java:logGet(43)) - raft.server.log.segment.size.max = 1048576 (custom)
2019-09-11 07:01:15,758 [pool-87-thread-1] INFO  server.RaftServerConfigKeys (ConfUtils.java:logGet(43)) - raft.server.log.segment.cache.num.max = 2 (custom)
2019-09-11 07:01:15,758 [pool-87-thread-1] INFO  segmented.SegmentedRaftLogWorker (SegmentedRaftLogWorker.java:<init>(172)) - new fa05bb76-1792-4734-a2a1-169d8491a525@group-1ACF0AC42BB1-SegmentedRaftLogWorker for RaftStorage:Storage Directory /workdir/hadoop-ozone/integration-test/target/test-dir/MiniOzoneClusterImpl-17eb7e61-4fa5-444d-af72-e415168ae45d/datanode-6/data/ratis/21233ed3-7c03-49b2-97c8-1acf0ac42bb1
2019-09-11 07:01:15,761 [pool-87-thread-1] INFO  server.RaftServerConfigKeys (ConfUtils.java:logGet(43)) - raft.server.log.queue.byte-limit = 2147483647 (custom)
2019-09-11 07:01:15,761 [pool-87-thread-1] INFO  server.RaftServerConfigKeys (ConfUtils.java:logGet(43)) - raft.server.log.queue.element-limit = 1024 (custom)
2019-09-11 07:01:15,761 [pool-87-thread-1] INFO  server.RaftServerConfigKeys (ConfUtils.java:logGet(43)) - raft.server.log.segment.size.max = 1048576 (custom)
2019-09-11 07:01:15,762 [pool-87-thread-1] INFO  server.RaftServerConfigKeys (ConfUtils.java:logGet(43)) - raft.server.log.preallocated.size = 16384 (custom)
2019-09-11 07:01:15,762 [pool-87-thread-1] INFO  server.RaftServerConfigKeys (ConfUtils.java:logGet(43)) - raft.server.log.write.buffer.size = 33554432 (custom)
2019-09-11 07:01:15,762 [pool-87-thread-1] INFO  server.RaftServerConfigKeys (ConfUtils.java:logGet(43)) - raft.server.log.force.sync.num = 128 (default)
2019-09-11 07:01:15,764 [pool-87-thread-1] INFO  server.RaftServerConfigKeys (ConfUtils.java:logGet(43)) - raft.server.log.statemachine.data.sync = true (default)
2019-09-11 07:01:15,764 [pool-87-thread-1] INFO  server.RaftServerConfigKeys (ConfUtils.java:logGet(43)) - raft.server.log.statemachine.data.sync.timeout = 10s (default)
2019-09-11 07:01:15,764 [pool-87-thread-1] INFO  server.RaftServerConfigKeys (ConfUtils.java:logGet(43)) - raft.server.log.statemachine.data.sync.timeout.retry = -1 (default)
2019-09-11 07:01:15,773 [pool-87-thread-1] INFO  server.RaftServerConfigKeys (ConfUtils.java:logGet(43)) - raft.server.log.statemachine.data.caching.enabled = true (custom)
2019-09-11 07:01:15,780 [pool-87-thread-1] INFO  segmented.SegmentedRaftLogWorker (SegmentedRaftLogWorker.java:lambda$new$0(132)) - fa05bb76-1792-4734-a2a1-169d8491a525@group-1ACF0AC42BB1-SegmentedRaftLogWorker: flushIndex: setUnconditionally 0 -> -1
2019-09-11 07:01:15,781 [pool-87-thread-1] INFO  server.RaftServerConfigKeys (ConfUtils.java:logGet(43)) - raft.server.snapshot.auto.trigger.enabled = true (custom)
2019-09-11 07:01:15,781 [pool-87-thread-1] INFO  server.RaftServerConfigKeys (ConfUtils.java:logGet(43)) - raft.server.snapshot.auto.trigger.threshold = 10000 (custom)
2019-09-11 07:01:15,781 [pool-87-thread-1] INFO  server.RaftServerConfigKeys (ConfUtils.java:logGet(43)) - raft.server.snapshot.retention.num.files = 5 (custom)
2019-09-11 07:01:15,781 [pool-87-thread-1] INFO  server.RaftServerConfigKeys (ConfUtils.java:logGet(43)) - raft.server.retrycache.expirytime = 600000ms (custom)
2019-09-11 07:01:15,783 [pool-87-thread-1] INFO  impl.RaftServerImpl (RaftServerImpl.java:start(185)) - fa05bb76-1792-4734-a2a1-169d8491a525@group-1ACF0AC42BB1: start as a follower, conf=-1: [fa05bb76-1792-4734-a2a1-169d8491a525:192.168.5.143:38028], old=null
2019-09-11 07:01:15,783 [pool-87-thread-1] INFO  impl.RaftServerImpl (RaftServerImpl.java:setRole(174)) - fa05bb76-1792-4734-a2a1-169d8491a525@group-1ACF0AC42BB1: changes role from      null to FOLLOWER at term 0 for startAsFollower
2019-09-11 07:01:15,783 [pool-87-thread-1] INFO  impl.RoleInfo (RoleInfo.java:updateAndGet(143)) - fa05bb76-1792-4734-a2a1-169d8491a525: start FollowerState
2019-09-11 07:01:15,784 [pool-87-thread-1] INFO  util.JmxRegister (JmxRegister.java:tryRegister(44)) - Successfully registered JMX Bean with object name Ratis:service=RaftServer,group=group-1ACF0AC42BB1,id=fa05bb76-1792-4734-a2a1-169d8491a525
2019-09-11 07:01:15,793 [RatisPipelineUtilsThread] INFO  pipeline.PipelineStateManager (PipelineStateManager.java:addPipeline(56)) - Created pipeline Pipeline[ Id: 21233ed3-7c03-49b2-97c8-1acf0ac42bb1, Nodes: fa05bb76-1792-4734-a2a1-169d8491a525{ip: 192.168.5.143, host: pr-hdds-1786-trunk-klbfp-3319181915, networkLocation: /default-rack, certSerialId: null}, Type:RATIS, Factor:ONE, State:OPEN]
2019-09-11 07:01:15,809 [Thread-291] INFO  impl.FollowerState (FollowerState.java:run(106)) - e76620e4-5df3-481a-bd8d-e91ef558e102:group-4716894BBD4E changes to CANDIDATE, lastRpcTime:1058, electionTimeout:1058ms
2019-09-11 07:01:15,812 [Thread-291] INFO  impl.RoleInfo (RoleInfo.java:shutdownFollowerState(121)) - e76620e4-5df3-481a-bd8d-e91ef558e102: shutdown FollowerState
2019-09-11 07:01:15,815 [Thread-291] INFO  impl.RaftServerImpl (RaftServerImpl.java:setRole(174)) - e76620e4-5df3-481a-bd8d-e91ef558e102@group-4716894BBD4E: changes role from  FOLLOWER to CANDIDATE at term 0 for changeToCandidate
2019-09-11 07:01:15,818 [Thread-291] INFO  impl.RoleInfo (RoleInfo.java:updateAndGet(143)) - e76620e4-5df3-481a-bd8d-e91ef558e102: start LeaderElection
2019-09-11 07:01:15,833 [grpc-default-executor-2] INFO  impl.RaftServerProxy (RaftServerProxy.java:addNew(89)) - b366cd81-90f5-4f0e-8fa6-7e105a738d9d: addNew group-5FF39CBF2ADF:[b366cd81-90f5-4f0e-8fa6-7e105a738d9d:192.168.5.143:43234, e76620e4-5df3-481a-bd8d-e91ef558e102:192.168.5.143:40986, c3336af5-ef91-4420-af01-c0c00dc6c530:192.168.5.143:40781] returns group-5FF39CBF2ADF:java.util.concurrent.CompletableFuture@85df74f[Not completed]
2019-09-11 07:01:15,840 [pool-67-thread-1] INFO  impl.RaftServerImpl (RaftServerImpl.java:<init>(95)) - b366cd81-90f5-4f0e-8fa6-7e105a738d9d: new RaftServerImpl for group-5FF39CBF2ADF:[b366cd81-90f5-4f0e-8fa6-7e105a738d9d:192.168.5.143:43234, e76620e4-5df3-481a-bd8d-e91ef558e102:192.168.5.143:40986, c3336af5-ef91-4420-af01-c0c00dc6c530:192.168.5.143:40781] with ContainerStateMachine:uninitialized
2019-09-11 07:01:15,841 [pool-67-thread-1] INFO  server.RaftServerConfigKeys (ConfUtils.java:logGet(43)) - raft.server.rpc.timeout.min = 1s (custom)
2019-09-11 07:01:15,841 [pool-67-thread-1] INFO  server.RaftServerConfigKeys (ConfUtils.java:logGet(43)) - raft.server.rpc.timeout.max = 1200ms (custom)
2019-09-11 07:01:15,841 [pool-67-thread-1] INFO  server.RaftServerConfigKeys (ConfUtils.java:logGet(43)) - raft.server.rpcslowness.timeout = 120s (custom)
2019-09-11 07:01:15,841 [grpc-default-executor-2] INFO  impl.RaftServerProxy (RaftServerProxy.java:addNew(89)) - e76620e4-5df3-481a-bd8d-e91ef558e102: addNew group-5FF39CBF2ADF:[b366cd81-90f5-4f0e-8fa6-7e105a738d9d:192.168.5.143:43234, e76620e4-5df3-481a-bd8d-e91ef558e102:192.168.5.143:40986, c3336af5-ef91-4420-af01-c0c00dc6c530:192.168.5.143:40781] returns group-5FF39CBF2ADF:java.util.concurrent.CompletableFuture@4960fd74[Not completed]
2019-09-11 07:01:15,841 [pool-67-thread-1] INFO  server.RaftServerConfigKeys (ConfUtils.java:logGet(43)) - raft.server.sleep.deviation.threshold = 300 (default)
2019-09-11 07:01:15,841 [pool-67-thread-1] INFO  server.RaftServerConfigKeys (ConfUtils.java:logGet(43)) - raft.server.log.appender.install.snapshot.enabled = false (custom)
2019-09-11 07:01:15,841 [pool-67-thread-1] INFO  impl.RaftServerImpl (ServerState.java:<init>(103)) - b366cd81-90f5-4f0e-8fa6-7e105a738d9d@group-5FF39CBF2ADF: ConfigurationManager, init=-1: [b366cd81-90f5-4f0e-8fa6-7e105a738d9d:192.168.5.143:43234, e76620e4-5df3-481a-bd8d-e91ef558e102:192.168.5.143:40986, c3336af5-ef91-4420-af01-c0c00dc6c530:192.168.5.143:40781], old=null, confs=<EMPTY_MAP>
2019-09-11 07:01:15,843 [pool-67-thread-1] INFO  server.RaftServerConfigKeys (ConfUtils.java:logGet(43)) - raft.server.storage.dir = [/workdir/hadoop-ozone/integration-test/target/test-dir/MiniOzoneClusterImpl-17eb7e61-4fa5-444d-af72-e415168ae45d/datanode-4/data/ratis] (custom)
2019-09-11 07:01:15,844 [pool-67-thread-1] INFO  storage.RaftStorageDirectory (RaftStorageDirectory.java:analyzeStorage(246)) - The storage directory /workdir/hadoop-ozone/integration-test/target/test-dir/MiniOzoneClusterImpl-17eb7e61-4fa5-444d-af72-e415168ae45d/datanode-4/data/ratis/af2d3d67-cd5f-47e3-ae2e-5ff39cbf2adf does not exist. Creating ...
2019-09-11 07:01:15,844 [grpc-default-executor-2] INFO  impl.RaftServerProxy (RaftServerProxy.java:addNew(89)) - c3336af5-ef91-4420-af01-c0c00dc6c530: addNew group-5FF39CBF2ADF:[b366cd81-90f5-4f0e-8fa6-7e105a738d9d:192.168.5.143:43234, e76620e4-5df3-481a-bd8d-e91ef558e102:192.168.5.143:40986, c3336af5-ef91-4420-af01-c0c00dc6c530:192.168.5.143:40781] returns group-5FF39CBF2ADF:java.util.concurrent.CompletableFuture@1f6358dd[Not completed]
2019-09-11 07:01:15,844 [pool-107-thread-1] INFO  impl.RaftServerImpl (RaftServerImpl.java:<init>(95)) - e76620e4-5df3-481a-bd8d-e91ef558e102: new RaftServerImpl for group-5FF39CBF2ADF:[b366cd81-90f5-4f0e-8fa6-7e105a738d9d:192.168.5.143:43234, e76620e4-5df3-481a-bd8d-e91ef558e102:192.168.5.143:40986, c3336af5-ef91-4420-af01-c0c00dc6c530:192.168.5.143:40781] with ContainerStateMachine:uninitialized
2019-09-11 07:01:15,844 [pool-107-thread-1] INFO  server.RaftServerConfigKeys (ConfUtils.java:logGet(43)) - raft.server.rpc.timeout.min = 1s (custom)
2019-09-11 07:01:15,845 [pool-107-thread-1] INFO  server.RaftServerConfigKeys (ConfUtils.java:logGet(43)) - raft.server.rpc.timeout.max = 1200ms (custom)
2019-09-11 07:01:15,845 [pool-107-thread-1] INFO  server.RaftServerConfigKeys (ConfUtils.java:logGet(43)) - raft.server.rpcslowness.timeout = 120s (custom)
2019-09-11 07:01:15,845 [pool-107-thread-1] INFO  server.RaftServerConfigKeys (ConfUtils.java:logGet(43)) - raft.server.sleep.deviation.threshold = 300 (default)
2019-09-11 07:01:15,845 [pool-107-thread-1] INFO  server.RaftServerConfigKeys (ConfUtils.java:logGet(43)) - raft.server.log.appender.install.snapshot.enabled = false (custom)
2019-09-11 07:01:15,845 [pool-107-thread-1] INFO  impl.RaftServerImpl (ServerState.java:<init>(103)) - e76620e4-5df3-481a-bd8d-e91ef558e102@group-5FF39CBF2ADF: ConfigurationManager, init=-1: [b366cd81-90f5-4f0e-8fa6-7e105a738d9d:192.168.5.143:43234, e76620e4-5df3-481a-bd8d-e91ef558e102:192.168.5.143:40986, c3336af5-ef91-4420-af01-c0c00dc6c530:192.168.5.143:40781], old=null, confs=<EMPTY_MAP>
2019-09-11 07:01:15,845 [pool-97-thread-1] INFO  impl.RaftServerImpl (RaftServerImpl.java:<init>(95)) - c3336af5-ef91-4420-af01-c0c00dc6c530: new RaftServerImpl for group-5FF39CBF2ADF:[b366cd81-90f5-4f0e-8fa6-7e105a738d9d:192.168.5.143:43234, e76620e4-5df3-481a-bd8d-e91ef558e102:192.168.5.143:40986, c3336af5-ef91-4420-af01-c0c00dc6c530:192.168.5.143:40781] with ContainerStateMachine:uninitialized
2019-09-11 07:01:15,845 [pool-107-thread-1] INFO  server.RaftServerConfigKeys (ConfUtils.java:logGet(43)) - raft.server.storage.dir = [/workdir/hadoop-ozone/integration-test/target/test-dir/MiniOzoneClusterImpl-17eb7e61-4fa5-444d-af72-e415168ae45d/datanode-8/data/ratis] (custom)
2019-09-11 07:01:15,845 [pool-97-thread-1] INFO  server.RaftServerConfigKeys (ConfUtils.java:logGet(43)) - raft.server.rpc.timeout.min = 1s (custom)
2019-09-11 07:01:15,846 [pool-97-thread-1] INFO  server.RaftServerConfigKeys (ConfUtils.java:logGet(43)) - raft.server.rpc.timeout.max = 1200ms (custom)
2019-09-11 07:01:15,846 [pool-107-thread-1] INFO  storage.RaftStorageDirectory (RaftStorageDirectory.java:analyzeStorage(246)) - The storage directory /workdir/hadoop-ozone/integration-test/target/test-dir/MiniOzoneClusterImpl-17eb7e61-4fa5-444d-af72-e415168ae45d/datanode-8/data/ratis/af2d3d67-cd5f-47e3-ae2e-5ff39cbf2adf does not exist. Creating ...
2019-09-11 07:01:15,846 [pool-97-thread-1] INFO  server.RaftServerConfigKeys (ConfUtils.java:logGet(43)) - raft.server.rpcslowness.timeout = 120s (custom)
2019-09-11 07:01:15,846 [pool-97-thread-1] INFO  server.RaftServerConfigKeys (ConfUtils.java:logGet(43)) - raft.server.sleep.deviation.threshold = 300 (default)
2019-09-11 07:01:15,846 [pool-97-thread-1] INFO  server.RaftServerConfigKeys (ConfUtils.java:logGet(43)) - raft.server.log.appender.install.snapshot.enabled = false (custom)
2019-09-11 07:01:15,846 [pool-97-thread-1] INFO  impl.RaftServerImpl (ServerState.java:<init>(103)) - c3336af5-ef91-4420-af01-c0c00dc6c530@group-5FF39CBF2ADF: ConfigurationManager, init=-1: [b366cd81-90f5-4f0e-8fa6-7e105a738d9d:192.168.5.143:43234, e76620e4-5df3-481a-bd8d-e91ef558e102:192.168.5.143:40986, c3336af5-ef91-4420-af01-c0c00dc6c530:192.168.5.143:40781], old=null, confs=<EMPTY_MAP>
2019-09-11 07:01:15,847 [pool-97-thread-1] INFO  server.RaftServerConfigKeys (ConfUtils.java:logGet(43)) - raft.server.storage.dir = [/workdir/hadoop-ozone/integration-test/target/test-dir/MiniOzoneClusterImpl-17eb7e61-4fa5-444d-af72-e415168ae45d/datanode-7/data/ratis] (custom)
2019-09-11 07:01:15,847 [pool-97-thread-1] INFO  storage.RaftStorageDirectory (RaftStorageDirectory.java:analyzeStorage(246)) - The storage directory /workdir/hadoop-ozone/integration-test/target/test-dir/MiniOzoneClusterImpl-17eb7e61-4fa5-444d-af72-e415168ae45d/datanode-7/data/ratis/af2d3d67-cd5f-47e3-ae2e-5ff39cbf2adf does not exist. Creating ...
2019-09-11 07:01:15,882 [e76620e4-5df3-481a-bd8d-e91ef558e102@group-4716894BBD4E:LeaderElection3] INFO  impl.LeaderElection (LeaderElection.java:askForVotes(182)) - e76620e4-5df3-481a-bd8d-e91ef558e102@group-4716894BBD4E:LeaderElection3: begin an election at term 1 for -1: [e76620e4-5df3-481a-bd8d-e91ef558e102:192.168.5.143:40986], old=null
2019-09-11 07:01:15,885 [e76620e4-5df3-481a-bd8d-e91ef558e102@group-4716894BBD4E:LeaderElection3] INFO  impl.RoleInfo (RoleInfo.java:shutdownLeaderElection(134)) - e76620e4-5df3-481a-bd8d-e91ef558e102: shutdown LeaderElection
2019-09-11 07:01:15,886 [e76620e4-5df3-481a-bd8d-e91ef558e102@group-4716894BBD4E:LeaderElection3] INFO  impl.RaftServerImpl (RaftServerImpl.java:setRole(174)) - e76620e4-5df3-481a-bd8d-e91ef558e102@group-4716894BBD4E: changes role from CANDIDATE to LEADER at term 1 for changeToLeader
2019-09-11 07:01:15,886 [e76620e4-5df3-481a-bd8d-e91ef558e102@group-4716894BBD4E:LeaderElection3] INFO  impl.RaftServerImpl (ServerState.java:setLeader(253)) - e76620e4-5df3-481a-bd8d-e91ef558e102@group-4716894BBD4E: change Leader from null to e76620e4-5df3-481a-bd8d-e91ef558e102 at term 1 for becomeLeader, leader elected after 1189ms
2019-09-11 07:01:15,900 [pool-67-thread-1] INFO  storage.RaftStorageDirectory (RaftStorageDirectory.java:tryLock(328)) - Lock on /workdir/hadoop-ozone/integration-test/target/test-dir/MiniOzoneClusterImpl-17eb7e61-4fa5-444d-af72-e415168ae45d/datanode-4/data/ratis/af2d3d67-cd5f-47e3-ae2e-5ff39cbf2adf/in_use.lock acquired by nodename 2211@pr-hdds-1786-trunk-klbfp-3319181915
2019-09-11 07:01:15,900 [e76620e4-5df3-481a-bd8d-e91ef558e102@group-4716894BBD4E:LeaderElection3] INFO  server.RaftServerConfigKeys (ConfUtils.java:logGet(43)) - raft.server.staging.catchup.gap = 1000 (default)
2019-09-11 07:01:15,896 [pool-97-thread-1] INFO  storage.RaftStorageDirectory (RaftStorageDirectory.java:tryLock(328)) - Lock on /workdir/hadoop-ozone/integration-test/target/test-dir/MiniOzoneClusterImpl-17eb7e61-4fa5-444d-af72-e415168ae45d/datanode-7/data/ratis/af2d3d67-cd5f-47e3-ae2e-5ff39cbf2adf/in_use.lock acquired by nodename 2211@pr-hdds-1786-trunk-klbfp-3319181915
2019-09-11 07:01:15,896 [pool-107-thread-1] INFO  storage.RaftStorageDirectory (RaftStorageDirectory.java:tryLock(328)) - Lock on /workdir/hadoop-ozone/integration-test/target/test-dir/MiniOzoneClusterImpl-17eb7e61-4fa5-444d-af72-e415168ae45d/datanode-8/data/ratis/af2d3d67-cd5f-47e3-ae2e-5ff39cbf2adf/in_use.lock acquired by nodename 2211@pr-hdds-1786-trunk-klbfp-3319181915
2019-09-11 07:01:15,904 [e76620e4-5df3-481a-bd8d-e91ef558e102@group-4716894BBD4E:LeaderElection3] INFO  server.RaftServerConfigKeys (ConfUtils.java:logGet(43)) - raft.server.rpc.sleep.time = 25ms (default)
2019-09-11 07:01:15,904 [e76620e4-5df3-481a-bd8d-e91ef558e102@group-4716894BBD4E:LeaderElection3] INFO  server.RaftServerConfigKeys (ConfUtils.java:logGet(43)) - raft.server.write.element-limit = 4096 (default)
2019-09-11 07:01:15,904 [e76620e4-5df3-481a-bd8d-e91ef558e102@group-4716894BBD4E:LeaderElection3] INFO  server.RaftServerConfigKeys (ConfUtils.java:logGet(43)) - raft.server.watch.timeout = 10s (default)
2019-09-11 07:01:15,904 [e76620e4-5df3-481a-bd8d-e91ef558e102@group-4716894BBD4E:LeaderElection3] INFO  server.RaftServerConfigKeys (ConfUtils.java:logGet(43)) - raft.server.watch.timeout.denomination = 1s (default)
2019-09-11 07:01:15,905 [e76620e4-5df3-481a-bd8d-e91ef558e102@group-4716894BBD4E:LeaderElection3] INFO  server.RaftServerConfigKeys (ConfUtils.java:logGet(43)) - raft.server.watch.element-limit = 65536 (default)
2019-09-11 07:01:15,907 [e76620e4-5df3-481a-bd8d-e91ef558e102@group-4716894BBD4E:LeaderElection3] INFO  impl.RoleInfo (RoleInfo.java:updateAndGet(143)) - e76620e4-5df3-481a-bd8d-e91ef558e102: start LeaderState
2019-09-11 07:01:15,907 [e76620e4-5df3-481a-bd8d-e91ef558e102@group-4716894BBD4E:LeaderElection3] INFO  segmented.SegmentedRaftLogWorker (SegmentedRaftLogWorker.java:startLogSegment(380)) - e76620e4-5df3-481a-bd8d-e91ef558e102@group-4716894BBD4E-SegmentedRaftLogWorker: Starting segment from index:0
2019-09-11 07:01:15,908 [e76620e4-5df3-481a-bd8d-e91ef558e102@group-4716894BBD4E:LeaderElection3] INFO  impl.RaftServerImpl (ServerState.java:setRaftConf(354)) - e76620e4-5df3-481a-bd8d-e91ef558e102@group-4716894BBD4E: set configuration 0: [e76620e4-5df3-481a-bd8d-e91ef558e102:192.168.5.143:40986], old=null at 0
2019-09-11 07:01:15,915 [main] INFO  rpc.RpcClient (RpcClient.java:createVolume(298)) - Creating Volume: datanodefailurehandlingtest, with jenkins1000 as owner.
2019-09-11 07:01:15,926 [pool-97-thread-1] INFO  storage.RaftStorage (RaftStorage.java:format(72)) - Storage directory /workdir/hadoop-ozone/integration-test/target/test-dir/MiniOzoneClusterImpl-17eb7e61-4fa5-444d-af72-e415168ae45d/datanode-7/data/ratis/af2d3d67-cd5f-47e3-ae2e-5ff39cbf2adf has been successfully formatted.
2019-09-11 07:01:15,926 [pool-67-thread-1] INFO  storage.RaftStorage (RaftStorage.java:format(72)) - Storage directory /workdir/hadoop-ozone/integration-test/target/test-dir/MiniOzoneClusterImpl-17eb7e61-4fa5-444d-af72-e415168ae45d/datanode-4/data/ratis/af2d3d67-cd5f-47e3-ae2e-5ff39cbf2adf has been successfully formatted.
2019-09-11 07:01:15,926 [pool-107-thread-1] INFO  storage.RaftStorage (RaftStorage.java:format(72)) - Storage directory /workdir/hadoop-ozone/integration-test/target/test-dir/MiniOzoneClusterImpl-17eb7e61-4fa5-444d-af72-e415168ae45d/datanode-8/data/ratis/af2d3d67-cd5f-47e3-ae2e-5ff39cbf2adf has been successfully formatted.
2019-09-11 07:01:15,926 [pool-97-thread-1] INFO  ratis.ContainerStateMachine (ContainerStateMachine.java:loadSnapshot(230)) - group-5FF39CBF2ADF: The snapshot info is null. Setting the last applied indexto:(t:0, i:~)
2019-09-11 07:01:15,926 [pool-67-thread-1] INFO  ratis.ContainerStateMachine (ContainerStateMachine.java:loadSnapshot(230)) - group-5FF39CBF2ADF: The snapshot info is null. Setting the last applied indexto:(t:0, i:~)
2019-09-11 07:01:15,926 [pool-107-thread-1] INFO  ratis.ContainerStateMachine (ContainerStateMachine.java:loadSnapshot(230)) - group-5FF39CBF2ADF: The snapshot info is null. Setting the last applied indexto:(t:0, i:~)
2019-09-11 07:01:15,927 [pool-97-thread-1] INFO  server.RaftServerConfigKeys (ConfUtils.java:logGet(43)) - raft.server.notification.no-leader.timeout = 120s (custom)
2019-09-11 07:01:15,927 [pool-67-thread-1] INFO  server.RaftServerConfigKeys (ConfUtils.java:logGet(43)) - raft.server.notification.no-leader.timeout = 120s (custom)
2019-09-11 07:01:15,927 [pool-97-thread-1] INFO  server.RaftServerConfigKeys (ConfUtils.java:logGet(43)) - raft.server.log.use.memory = false (default)
2019-09-11 07:01:15,927 [pool-107-thread-1] INFO  server.RaftServerConfigKeys (ConfUtils.java:logGet(43)) - raft.server.notification.no-leader.timeout = 120s (custom)
2019-09-11 07:01:15,927 [pool-97-thread-1] INFO  server.RaftServerConfigKeys (ConfUtils.java:logGet(43)) - raft.server.log.purge.gap = 1000000 (custom)
2019-09-11 07:01:15,927 [pool-67-thread-1] INFO  server.RaftServerConfigKeys (ConfUtils.java:logGet(43)) - raft.server.log.use.memory = false (default)
2019-09-11 07:01:15,927 [pool-97-thread-1] INFO  server.RaftServerConfigKeys (ConfUtils.java:logGet(43)) - raft.server.log.appender.buffer.byte-limit = 33554432 (custom)
2019-09-11 07:01:15,927 [pool-107-thread-1] INFO  server.RaftServerConfigKeys (ConfUtils.java:logGet(43)) - raft.server.log.use.memory = false (default)
2019-09-11 07:01:15,928 [pool-97-thread-1] INFO  server.RaftServerConfigKeys (ConfUtils.java:logGet(43)) - raft.server.log.segment.size.max = 1048576 (custom)
2019-09-11 07:01:15,928 [pool-67-thread-1] INFO  server.RaftServerConfigKeys (ConfUtils.java:logGet(43)) - raft.server.log.purge.gap = 1000000 (custom)
2019-09-11 07:01:15,928 [pool-97-thread-1] INFO  server.RaftServerConfigKeys (ConfUtils.java:logGet(43)) - raft.server.log.segment.cache.num.max = 2 (custom)
2019-09-11 07:01:15,928 [pool-107-thread-1] INFO  server.RaftServerConfigKeys (ConfUtils.java:logGet(43)) - raft.server.log.purge.gap = 1000000 (custom)
2019-09-11 07:01:15,928 [pool-97-thread-1] INFO  segmented.SegmentedRaftLogWorker (SegmentedRaftLogWorker.java:<init>(172)) - new c3336af5-ef91-4420-af01-c0c00dc6c530@group-5FF39CBF2ADF-SegmentedRaftLogWorker for RaftStorage:Storage Directory /workdir/hadoop-ozone/integration-test/target/test-dir/MiniOzoneClusterImpl-17eb7e61-4fa5-444d-af72-e415168ae45d/datanode-7/data/ratis/af2d3d67-cd5f-47e3-ae2e-5ff39cbf2adf
2019-09-11 07:01:15,928 [pool-67-thread-1] INFO  server.RaftServerConfigKeys (ConfUtils.java:logGet(43)) - raft.server.log.appender.buffer.byte-limit = 33554432 (custom)
2019-09-11 07:01:15,929 [pool-97-thread-1] INFO  server.RaftServerConfigKeys (ConfUtils.java:logGet(43)) - raft.server.log.queue.byte-limit = 2147483647 (custom)
2019-09-11 07:01:15,928 [pool-107-thread-1] INFO  server.RaftServerConfigKeys (ConfUtils.java:logGet(43)) - raft.server.log.appender.buffer.byte-limit = 33554432 (custom)
2019-09-11 07:01:15,929 [pool-97-thread-1] INFO  server.RaftServerConfigKeys (ConfUtils.java:logGet(43)) - raft.server.log.queue.element-limit = 1024 (custom)
2019-09-11 07:01:15,929 [pool-67-thread-1] INFO  server.RaftServerConfigKeys (ConfUtils.java:logGet(43)) - raft.server.log.segment.size.max = 1048576 (custom)
2019-09-11 07:01:15,929 [pool-97-thread-1] INFO  server.RaftServerConfigKeys (ConfUtils.java:logGet(43)) - raft.server.log.segment.size.max = 1048576 (custom)
2019-09-11 07:01:15,929 [pool-107-thread-1] INFO  server.RaftServerConfigKeys (ConfUtils.java:logGet(43)) - raft.server.log.segment.size.max = 1048576 (custom)
2019-09-11 07:01:15,929 [pool-97-thread-1] INFO  server.RaftServerConfigKeys (ConfUtils.java:logGet(43)) - raft.server.log.preallocated.size = 16384 (custom)
2019-09-11 07:01:15,929 [pool-67-thread-1] INFO  server.RaftServerConfigKeys (ConfUtils.java:logGet(43)) - raft.server.log.segment.cache.num.max = 2 (custom)
2019-09-11 07:01:15,930 [pool-97-thread-1] INFO  server.RaftServerConfigKeys (ConfUtils.java:logGet(43)) - raft.server.log.write.buffer.size = 33554432 (custom)
2019-09-11 07:01:15,930 [pool-107-thread-1] INFO  server.RaftServerConfigKeys (ConfUtils.java:logGet(43)) - raft.server.log.segment.cache.num.max = 2 (custom)
2019-09-11 07:01:15,930 [pool-97-thread-1] INFO  server.RaftServerConfigKeys (ConfUtils.java:logGet(43)) - raft.server.log.force.sync.num = 128 (default)
2019-09-11 07:01:15,930 [pool-67-thread-1] INFO  segmented.SegmentedRaftLogWorker (SegmentedRaftLogWorker.java:<init>(172)) - new b366cd81-90f5-4f0e-8fa6-7e105a738d9d@group-5FF39CBF2ADF-SegmentedRaftLogWorker for RaftStorage:Storage Directory /workdir/hadoop-ozone/integration-test/target/test-dir/MiniOzoneClusterImpl-17eb7e61-4fa5-444d-af72-e415168ae45d/datanode-4/data/ratis/af2d3d67-cd5f-47e3-ae2e-5ff39cbf2adf
2019-09-11 07:01:15,930 [pool-97-thread-1] INFO  server.RaftServerConfigKeys (ConfUtils.java:logGet(43)) - raft.server.log.statemachine.data.sync = true (default)
2019-09-11 07:01:15,930 [pool-107-thread-1] INFO  segmented.SegmentedRaftLogWorker (SegmentedRaftLogWorker.java:<init>(172)) - new e76620e4-5df3-481a-bd8d-e91ef558e102@group-5FF39CBF2ADF-SegmentedRaftLogWorker for RaftStorage:Storage Directory /workdir/hadoop-ozone/integration-test/target/test-dir/MiniOzoneClusterImpl-17eb7e61-4fa5-444d-af72-e415168ae45d/datanode-8/data/ratis/af2d3d67-cd5f-47e3-ae2e-5ff39cbf2adf
2019-09-11 07:01:15,931 [pool-97-thread-1] INFO  server.RaftServerConfigKeys (ConfUtils.java:logGet(43)) - raft.server.log.statemachine.data.sync.timeout = 10s (default)
2019-09-11 07:01:15,930 [pool-67-thread-1] INFO  server.RaftServerConfigKeys (ConfUtils.java:logGet(43)) - raft.server.log.queue.byte-limit = 2147483647 (custom)
2019-09-11 07:01:15,931 [pool-97-thread-1] INFO  server.RaftServerConfigKeys (ConfUtils.java:logGet(43)) - raft.server.log.statemachine.data.sync.timeout.retry = -1 (default)
2019-09-11 07:01:15,931 [pool-107-thread-1] INFO  server.RaftServerConfigKeys (ConfUtils.java:logGet(43)) - raft.server.log.queue.byte-limit = 2147483647 (custom)
2019-09-11 07:01:15,931 [pool-67-thread-1] INFO  server.RaftServerConfigKeys (ConfUtils.java:logGet(43)) - raft.server.log.queue.element-limit = 1024 (custom)
2019-09-11 07:01:15,931 [pool-107-thread-1] INFO  server.RaftServerConfigKeys (ConfUtils.java:logGet(43)) - raft.server.log.queue.element-limit = 1024 (custom)
2019-09-11 07:01:15,931 [pool-97-thread-1] INFO  server.RaftServerConfigKeys (ConfUtils.java:logGet(43)) - raft.server.log.statemachine.data.caching.enabled = true (custom)
2019-09-11 07:01:15,932 [pool-107-thread-1] INFO  server.RaftServerConfigKeys (ConfUtils.java:logGet(43)) - raft.server.log.segment.size.max = 1048576 (custom)
2019-09-11 07:01:15,931 [pool-67-thread-1] INFO  server.RaftServerConfigKeys (ConfUtils.java:logGet(43)) - raft.server.log.segment.size.max = 1048576 (custom)
2019-09-11 07:01:15,932 [pool-107-thread-1] INFO  server.RaftServerConfigKeys (ConfUtils.java:logGet(43)) - raft.server.log.preallocated.size = 16384 (custom)
2019-09-11 07:01:15,932 [pool-67-thread-1] INFO  server.RaftServerConfigKeys (ConfUtils.java:logGet(43)) - raft.server.log.preallocated.size = 16384 (custom)
2019-09-11 07:01:15,932 [pool-97-thread-1] INFO  segmented.SegmentedRaftLogWorker (SegmentedRaftLogWorker.java:lambda$new$0(132)) - c3336af5-ef91-4420-af01-c0c00dc6c530@group-5FF39CBF2ADF-SegmentedRaftLogWorker: flushIndex: setUnconditionally 0 -> -1
2019-09-11 07:01:15,932 [pool-67-thread-1] INFO  server.RaftServerConfigKeys (ConfUtils.java:logGet(43)) - raft.server.log.write.buffer.size = 33554432 (custom)
2019-09-11 07:01:15,932 [pool-107-thread-1] INFO  server.RaftServerConfigKeys (ConfUtils.java:logGet(43)) - raft.server.log.write.buffer.size = 33554432 (custom)
2019-09-11 07:01:15,935 [pool-67-thread-1] INFO  server.RaftServerConfigKeys (ConfUtils.java:logGet(43)) - raft.server.log.force.sync.num = 128 (default)
2019-09-11 07:01:15,935 [pool-107-thread-1] INFO  server.RaftServerConfigKeys (ConfUtils.java:logGet(43)) - raft.server.log.force.sync.num = 128 (default)
2019-09-11 07:01:15,935 [pool-97-thread-1] INFO  server.RaftServerConfigKeys (ConfUtils.java:logGet(43)) - raft.server.snapshot.auto.trigger.enabled = true (custom)
2019-09-11 07:01:15,935 [pool-107-thread-1] INFO  server.RaftServerConfigKeys (ConfUtils.java:logGet(43)) - raft.server.log.statemachine.data.sync = true (default)
2019-09-11 07:01:15,935 [pool-67-thread-1] INFO  server.RaftServerConfigKeys (ConfUtils.java:logGet(43)) - raft.server.log.statemachine.data.sync = true (default)
2019-09-11 07:01:15,936 [pool-107-thread-1] INFO  server.RaftServerConfigKeys (ConfUtils.java:logGet(43)) - raft.server.log.statemachine.data.sync.timeout = 10s (default)
2019-09-11 07:01:15,935 [pool-97-thread-1] INFO  server.RaftServerConfigKeys (ConfUtils.java:logGet(43)) - raft.server.snapshot.auto.trigger.threshold = 10000 (custom)
2019-09-11 07:01:15,936 [pool-107-thread-1] INFO  server.RaftServerConfigKeys (ConfUtils.java:logGet(43)) - raft.server.log.statemachine.data.sync.timeout.retry = -1 (default)
2019-09-11 07:01:15,936 [pool-67-thread-1] INFO  server.RaftServerConfigKeys (ConfUtils.java:logGet(43)) - raft.server.log.statemachine.data.sync.timeout = 10s (default)
2019-09-11 07:01:15,936 [pool-107-thread-1] INFO  server.RaftServerConfigKeys (ConfUtils.java:logGet(43)) - raft.server.log.statemachine.data.caching.enabled = true (custom)
2019-09-11 07:01:15,936 [pool-97-thread-1] INFO  server.RaftServerConfigKeys (ConfUtils.java:logGet(43)) - raft.server.snapshot.retention.num.files = 5 (custom)
2019-09-11 07:01:15,936 [pool-67-thread-1] INFO  server.RaftServerConfigKeys (ConfUtils.java:logGet(43)) - raft.server.log.statemachine.data.sync.timeout.retry = -1 (default)
2019-09-11 07:01:15,936 [pool-97-thread-1] INFO  server.RaftServerConfigKeys (ConfUtils.java:logGet(43)) - raft.server.retrycache.expirytime = 600000ms (custom)
2019-09-11 07:01:15,936 [pool-67-thread-1] INFO  server.RaftServerConfigKeys (ConfUtils.java:logGet(43)) - raft.server.log.statemachine.data.caching.enabled = true (custom)
2019-09-11 07:01:15,936 [pool-107-thread-1] INFO  segmented.SegmentedRaftLogWorker (SegmentedRaftLogWorker.java:lambda$new$0(132)) - e76620e4-5df3-481a-bd8d-e91ef558e102@group-5FF39CBF2ADF-SegmentedRaftLogWorker: flushIndex: setUnconditionally 0 -> -1
2019-09-11 07:01:15,937 [pool-67-thread-1] INFO  segmented.SegmentedRaftLogWorker (SegmentedRaftLogWorker.java:lambda$new$0(132)) - b366cd81-90f5-4f0e-8fa6-7e105a738d9d@group-5FF39CBF2ADF-SegmentedRaftLogWorker: flushIndex: setUnconditionally 0 -> -1
2019-09-11 07:01:15,937 [pool-107-thread-1] INFO  server.RaftServerConfigKeys (ConfUtils.java:logGet(43)) - raft.server.snapshot.auto.trigger.enabled = true (custom)
2019-09-11 07:01:15,937 [pool-107-thread-1] INFO  server.RaftServerConfigKeys (ConfUtils.java:logGet(43)) - raft.server.snapshot.auto.trigger.threshold = 10000 (custom)
2019-09-11 07:01:15,937 [pool-67-thread-1] INFO  server.RaftServerConfigKeys (ConfUtils.java:logGet(43)) - raft.server.snapshot.auto.trigger.enabled = true (custom)
2019-09-11 07:01:15,937 [pool-107-thread-1] INFO  server.RaftServerConfigKeys (ConfUtils.java:logGet(43)) - raft.server.snapshot.retention.num.files = 5 (custom)
2019-09-11 07:01:15,937 [pool-67-thread-1] INFO  server.RaftServerConfigKeys (ConfUtils.java:logGet(43)) - raft.server.snapshot.auto.trigger.threshold = 10000 (custom)
2019-09-11 07:01:15,938 [pool-107-thread-1] INFO  server.RaftServerConfigKeys (ConfUtils.java:logGet(43)) - raft.server.retrycache.expirytime = 600000ms (custom)
2019-09-11 07:01:15,938 [pool-67-thread-1] INFO  server.RaftServerConfigKeys (ConfUtils.java:logGet(43)) - raft.server.snapshot.retention.num.files = 5 (custom)
2019-09-11 07:01:15,938 [pool-67-thread-1] INFO  server.RaftServerConfigKeys (ConfUtils.java:logGet(43)) - raft.server.retrycache.expirytime = 600000ms (custom)
2019-09-11 07:01:15,939 [Thread-294] INFO  impl.FollowerState (FollowerState.java:run(106)) - b366cd81-90f5-4f0e-8fa6-7e105a738d9d:group-C1E53894DEA7 changes to CANDIDATE, lastRpcTime:1064, electionTimeout:1064ms
2019-09-11 07:01:15,939 [Thread-294] INFO  impl.RoleInfo (RoleInfo.java:shutdownFollowerState(121)) - b366cd81-90f5-4f0e-8fa6-7e105a738d9d: shutdown FollowerState
2019-09-11 07:01:15,939 [Thread-294] INFO  impl.RaftServerImpl (RaftServerImpl.java:setRole(174)) - b366cd81-90f5-4f0e-8fa6-7e105a738d9d@group-C1E53894DEA7: changes role from  FOLLOWER to CANDIDATE at term 0 for changeToCandidate
2019-09-11 07:01:15,940 [Thread-294] INFO  impl.RoleInfo (RoleInfo.java:updateAndGet(143)) - b366cd81-90f5-4f0e-8fa6-7e105a738d9d: start LeaderElection
2019-09-11 07:01:15,947 [pool-97-thread-1] INFO  impl.RaftServerImpl (RaftServerImpl.java:start(185)) - c3336af5-ef91-4420-af01-c0c00dc6c530@group-5FF39CBF2ADF: start as a follower, conf=-1: [b366cd81-90f5-4f0e-8fa6-7e105a738d9d:192.168.5.143:43234, e76620e4-5df3-481a-bd8d-e91ef558e102:192.168.5.143:40986, c3336af5-ef91-4420-af01-c0c00dc6c530:192.168.5.143:40781], old=null
2019-09-11 07:01:15,947 [pool-97-thread-1] INFO  impl.RaftServerImpl (RaftServerImpl.java:setRole(174)) - c3336af5-ef91-4420-af01-c0c00dc6c530@group-5FF39CBF2ADF: changes role from      null to FOLLOWER at term 0 for startAsFollower
2019-09-11 07:01:15,948 [pool-97-thread-1] INFO  impl.RoleInfo (RoleInfo.java:updateAndGet(143)) - c3336af5-ef91-4420-af01-c0c00dc6c530: start FollowerState
2019-09-11 07:01:15,948 [pool-97-thread-1] INFO  util.JmxRegister (JmxRegister.java:tryRegister(44)) - Successfully registered JMX Bean with object name Ratis:service=RaftServer,group=group-5FF39CBF2ADF,id=c3336af5-ef91-4420-af01-c0c00dc6c530
2019-09-11 07:01:15,948 [pool-107-thread-1] INFO  impl.RaftServerImpl (RaftServerImpl.java:start(185)) - e76620e4-5df3-481a-bd8d-e91ef558e102@group-5FF39CBF2ADF: start as a follower, conf=-1: [b366cd81-90f5-4f0e-8fa6-7e105a738d9d:192.168.5.143:43234, e76620e4-5df3-481a-bd8d-e91ef558e102:192.168.5.143:40986, c3336af5-ef91-4420-af01-c0c00dc6c530:192.168.5.143:40781], old=null
2019-09-11 07:01:15,948 [pool-107-thread-1] INFO  impl.RaftServerImpl (RaftServerImpl.java:setRole(174)) - e76620e4-5df3-481a-bd8d-e91ef558e102@group-5FF39CBF2ADF: changes role from      null to FOLLOWER at term 0 for startAsFollower
2019-09-11 07:01:15,949 [pool-67-thread-1] INFO  impl.RaftServerImpl (RaftServerImpl.java:start(185)) - b366cd81-90f5-4f0e-8fa6-7e105a738d9d@group-5FF39CBF2ADF: start as a follower, conf=-1: [b366cd81-90f5-4f0e-8fa6-7e105a738d9d:192.168.5.143:43234, e76620e4-5df3-481a-bd8d-e91ef558e102:192.168.5.143:40986, c3336af5-ef91-4420-af01-c0c00dc6c530:192.168.5.143:40781], old=null
2019-09-11 07:01:15,949 [pool-107-thread-1] INFO  impl.RoleInfo (RoleInfo.java:updateAndGet(143)) - e76620e4-5df3-481a-bd8d-e91ef558e102: start FollowerState
2019-09-11 07:01:15,949 [pool-67-thread-1] INFO  impl.RaftServerImpl (RaftServerImpl.java:setRole(174)) - b366cd81-90f5-4f0e-8fa6-7e105a738d9d@group-5FF39CBF2ADF: changes role from      null to FOLLOWER at term 0 for startAsFollower
2019-09-11 07:01:15,949 [pool-67-thread-1] INFO  impl.RoleInfo (RoleInfo.java:updateAndGet(143)) - b366cd81-90f5-4f0e-8fa6-7e105a738d9d: start FollowerState
2019-09-11 07:01:15,949 [pool-107-thread-1] INFO  util.JmxRegister (JmxRegister.java:tryRegister(44)) - Successfully registered JMX Bean with object name Ratis:service=RaftServer,group=group-5FF39CBF2ADF,id=e76620e4-5df3-481a-bd8d-e91ef558e102
2019-09-11 07:01:15,949 [pool-67-thread-1] INFO  util.JmxRegister (JmxRegister.java:tryRegister(44)) - Successfully registered JMX Bean with object name Ratis:service=RaftServer,group=group-5FF39CBF2ADF,id=b366cd81-90f5-4f0e-8fa6-7e105a738d9d
2019-09-11 07:01:15,989 [RatisPipelineUtilsThread] INFO  pipeline.PipelineStateManager (PipelineStateManager.java:addPipeline(56)) - Created pipeline Pipeline[ Id: af2d3d67-cd5f-47e3-ae2e-5ff39cbf2adf, Nodes: c3336af5-ef91-4420-af01-c0c00dc6c530{ip: 192.168.5.143, host: pr-hdds-1786-trunk-klbfp-3319181915, networkLocation: /default-rack, certSerialId: null}e76620e4-5df3-481a-bd8d-e91ef558e102{ip: 192.168.5.143, host: pr-hdds-1786-trunk-klbfp-3319181915, networkLocation: /default-rack, certSerialId: null}b366cd81-90f5-4f0e-8fa6-7e105a738d9d{ip: 192.168.5.143, host: pr-hdds-1786-trunk-klbfp-3319181915, networkLocation: /default-rack, certSerialId: null}, Type:RATIS, Factor:THREE, State:OPEN]
2019-09-11 07:01:15,992 [b366cd81-90f5-4f0e-8fa6-7e105a738d9d@group-C1E53894DEA7:LeaderElection4] INFO  impl.LeaderElection (LeaderElection.java:askForVotes(182)) - b366cd81-90f5-4f0e-8fa6-7e105a738d9d@group-C1E53894DEA7:LeaderElection4: begin an election at term 1 for -1: [b366cd81-90f5-4f0e-8fa6-7e105a738d9d:192.168.5.143:43234], old=null
2019-09-11 07:01:15,992 [Thread-297] INFO  impl.FollowerState (FollowerState.java:run(106)) - 4523c126-f03b-4acb-be3e-4c406fe3aaad:group-4D4C29F3A254 changes to CANDIDATE, lastRpcTime:1022, electionTimeout:1020ms
2019-09-11 07:01:15,997 [b366cd81-90f5-4f0e-8fa6-7e105a738d9d@group-C1E53894DEA7:LeaderElection4] INFO  impl.RoleInfo (RoleInfo.java:shutdownLeaderElection(134)) - b366cd81-90f5-4f0e-8fa6-7e105a738d9d: shutdown LeaderElection
2019-09-11 07:01:15,997 [b366cd81-90f5-4f0e-8fa6-7e105a738d9d@group-C1E53894DEA7:LeaderElection4] INFO  impl.RaftServerImpl (RaftServerImpl.java:setRole(174)) - b366cd81-90f5-4f0e-8fa6-7e105a738d9d@group-C1E53894DEA7: changes role from CANDIDATE to LEADER at term 1 for changeToLeader
2019-09-11 07:01:15,997 [Thread-297] INFO  impl.RoleInfo (RoleInfo.java:shutdownFollowerState(121)) - 4523c126-f03b-4acb-be3e-4c406fe3aaad: shutdown FollowerState
2019-09-11 07:01:15,997 [b366cd81-90f5-4f0e-8fa6-7e105a738d9d@group-C1E53894DEA7:LeaderElection4] INFO  impl.RaftServerImpl (ServerState.java:setLeader(253)) - b366cd81-90f5-4f0e-8fa6-7e105a738d9d@group-C1E53894DEA7: change Leader from null to b366cd81-90f5-4f0e-8fa6-7e105a738d9d at term 1 for becomeLeader, leader elected after 1137ms
2019-09-11 07:01:15,997 [Thread-297] INFO  impl.RaftServerImpl (RaftServerImpl.java:setRole(174)) - 4523c126-f03b-4acb-be3e-4c406fe3aaad@group-4D4C29F3A254: changes role from  FOLLOWER to CANDIDATE at term 0 for changeToCandidate
2019-09-11 07:01:15,997 [b366cd81-90f5-4f0e-8fa6-7e105a738d9d@group-C1E53894DEA7:LeaderElection4] INFO  server.RaftServerConfigKeys (ConfUtils.java:logGet(43)) - raft.server.staging.catchup.gap = 1000 (default)
2019-09-11 07:01:15,997 [b366cd81-90f5-4f0e-8fa6-7e105a738d9d@group-C1E53894DEA7:LeaderElection4] INFO  server.RaftServerConfigKeys (ConfUtils.java:logGet(43)) - raft.server.rpc.sleep.time = 25ms (default)
2019-09-11 07:01:15,997 [Thread-297] INFO  impl.RoleInfo (RoleInfo.java:updateAndGet(143)) - 4523c126-f03b-4acb-be3e-4c406fe3aaad: start LeaderElection
2019-09-11 07:01:15,998 [b366cd81-90f5-4f0e-8fa6-7e105a738d9d@group-C1E53894DEA7:LeaderElection4] INFO  server.RaftServerConfigKeys (ConfUtils.java:logGet(43)) - raft.server.write.element-limit = 4096 (default)
2019-09-11 07:01:15,998 [b366cd81-90f5-4f0e-8fa6-7e105a738d9d@group-C1E53894DEA7:LeaderElection4] INFO  server.RaftServerConfigKeys (ConfUtils.java:logGet(43)) - raft.server.watch.timeout = 10s (default)
2019-09-11 07:01:15,998 [b366cd81-90f5-4f0e-8fa6-7e105a738d9d@group-C1E53894DEA7:LeaderElection4] INFO  server.RaftServerConfigKeys (ConfUtils.java:logGet(43)) - raft.server.watch.timeout.denomination = 1s (default)
2019-09-11 07:01:16,002 [b366cd81-90f5-4f0e-8fa6-7e105a738d9d@group-C1E53894DEA7:LeaderElection4] INFO  server.RaftServerConfigKeys (ConfUtils.java:logGet(43)) - raft.server.watch.element-limit = 65536 (default)
2019-09-11 07:01:16,014 [b366cd81-90f5-4f0e-8fa6-7e105a738d9d@group-C1E53894DEA7:LeaderElection4] INFO  impl.RoleInfo (RoleInfo.java:updateAndGet(143)) - b366cd81-90f5-4f0e-8fa6-7e105a738d9d: start LeaderState
2019-09-11 07:01:16,016 [b366cd81-90f5-4f0e-8fa6-7e105a738d9d@group-C1E53894DEA7:LeaderElection4] INFO  segmented.SegmentedRaftLogWorker (SegmentedRaftLogWorker.java:startLogSegment(380)) - b366cd81-90f5-4f0e-8fa6-7e105a738d9d@group-C1E53894DEA7-SegmentedRaftLogWorker: Starting segment from index:0
2019-09-11 07:01:16,017 [b366cd81-90f5-4f0e-8fa6-7e105a738d9d@group-C1E53894DEA7:LeaderElection4] INFO  impl.RaftServerImpl (ServerState.java:setRaftConf(354)) - b366cd81-90f5-4f0e-8fa6-7e105a738d9d@group-C1E53894DEA7: set configuration 0: [b366cd81-90f5-4f0e-8fa6-7e105a738d9d:192.168.5.143:43234], old=null at 0
2019-09-11 07:01:16,027 [grpc-default-executor-2] INFO  impl.RaftServerProxy (RaftServerProxy.java:addNew(89)) - 4a2aa8aa-5edc-4f5e-99ad-9332c6d3f836: addNew group-7CDE87E80901:[42626b9b-ed01-4037-9282-5fe073f296c6:192.168.5.143:37220, 4523c126-f03b-4acb-be3e-4c406fe3aaad:192.168.5.143:34504, 4a2aa8aa-5edc-4f5e-99ad-9332c6d3f836:192.168.5.143:42220] returns group-7CDE87E80901:java.util.concurrent.CompletableFuture@670ac8f3[Not completed]
2019-09-11 07:01:16,027 [grpc-default-executor-1] INFO  impl.RaftServerProxy (RaftServerProxy.java:addNew(89)) - 4523c126-f03b-4acb-be3e-4c406fe3aaad: addNew group-7CDE87E80901:[42626b9b-ed01-4037-9282-5fe073f296c6:192.168.5.143:37220, 4523c126-f03b-4acb-be3e-4c406fe3aaad:192.168.5.143:34504, 4a2aa8aa-5edc-4f5e-99ad-9332c6d3f836:192.168.5.143:42220] returns group-7CDE87E80901:java.util.concurrent.CompletableFuture@391dceb3[Not completed]
2019-09-11 07:01:16,027 [grpc-default-executor-0] INFO  impl.RaftServerProxy (RaftServerProxy.java:addNew(89)) - 42626b9b-ed01-4037-9282-5fe073f296c6: addNew group-7CDE87E80901:[42626b9b-ed01-4037-9282-5fe073f296c6:192.168.5.143:37220, 4523c126-f03b-4acb-be3e-4c406fe3aaad:192.168.5.143:34504, 4a2aa8aa-5edc-4f5e-99ad-9332c6d3f836:192.168.5.143:42220] returns group-7CDE87E80901:java.util.concurrent.CompletableFuture@2af0b438[Not completed]
2019-09-11 07:01:16,029 [pool-117-thread-1] INFO  impl.RaftServerImpl (RaftServerImpl.java:<init>(95)) - 4a2aa8aa-5edc-4f5e-99ad-9332c6d3f836: new RaftServerImpl for group-7CDE87E80901:[42626b9b-ed01-4037-9282-5fe073f296c6:192.168.5.143:37220, 4523c126-f03b-4acb-be3e-4c406fe3aaad:192.168.5.143:34504, 4a2aa8aa-5edc-4f5e-99ad-9332c6d3f836:192.168.5.143:42220] with ContainerStateMachine:uninitialized
2019-09-11 07:01:16,029 [pool-117-thread-1] INFO  server.RaftServerConfigKeys (ConfUtils.java:logGet(43)) - raft.server.rpc.timeout.min = 1s (custom)
2019-09-11 07:01:16,029 [pool-117-thread-1] INFO  server.RaftServerConfigKeys (ConfUtils.java:logGet(43)) - raft.server.rpc.timeout.max = 1200ms (custom)
2019-09-11 07:01:16,030 [pool-117-thread-1] INFO  server.RaftServerConfigKeys (ConfUtils.java:logGet(43)) - raft.server.rpcslowness.timeout = 120s (custom)
2019-09-11 07:01:16,030 [pool-117-thread-1] INFO  server.RaftServerConfigKeys (ConfUtils.java:logGet(43)) - raft.server.sleep.deviation.threshold = 300 (default)
2019-09-11 07:01:16,030 [pool-117-thread-1] INFO  server.RaftServerConfigKeys (ConfUtils.java:logGet(43)) - raft.server.log.appender.install.snapshot.enabled = false (custom)
2019-09-11 07:01:16,030 [pool-117-thread-1] INFO  impl.RaftServerImpl (ServerState.java:<init>(103)) - 4a2aa8aa-5edc-4f5e-99ad-9332c6d3f836@group-7CDE87E80901: ConfigurationManager, init=-1: [42626b9b-ed01-4037-9282-5fe073f296c6:192.168.5.143:37220, 4523c126-f03b-4acb-be3e-4c406fe3aaad:192.168.5.143:34504, 4a2aa8aa-5edc-4f5e-99ad-9332c6d3f836:192.168.5.143:42220], old=null, confs=<EMPTY_MAP>
2019-09-11 07:01:16,030 [pool-57-thread-1] INFO  impl.RaftServerImpl (RaftServerImpl.java:<init>(95)) - 4523c126-f03b-4acb-be3e-4c406fe3aaad: new RaftServerImpl for group-7CDE87E80901:[42626b9b-ed01-4037-9282-5fe073f296c6:192.168.5.143:37220, 4523c126-f03b-4acb-be3e-4c406fe3aaad:192.168.5.143:34504, 4a2aa8aa-5edc-4f5e-99ad-9332c6d3f836:192.168.5.143:42220] with ContainerStateMachine:uninitialized
2019-09-11 07:01:16,030 [pool-117-thread-1] INFO  server.RaftServerConfigKeys (ConfUtils.java:logGet(43)) - raft.server.storage.dir = [/workdir/hadoop-ozone/integration-test/target/test-dir/MiniOzoneClusterImpl-17eb7e61-4fa5-444d-af72-e415168ae45d/datanode-9/data/ratis] (custom)
2019-09-11 07:01:16,030 [pool-57-thread-1] INFO  server.RaftServerConfigKeys (ConfUtils.java:logGet(43)) - raft.server.rpc.timeout.min = 1s (custom)
2019-09-11 07:01:16,031 [pool-37-thread-1] INFO  impl.RaftServerImpl (RaftServerImpl.java:<init>(95)) - 42626b9b-ed01-4037-9282-5fe073f296c6: new RaftServerImpl for group-7CDE87E80901:[42626b9b-ed01-4037-9282-5fe073f296c6:192.168.5.143:37220, 4523c126-f03b-4acb-be3e-4c406fe3aaad:192.168.5.143:34504, 4a2aa8aa-5edc-4f5e-99ad-9332c6d3f836:192.168.5.143:42220] with ContainerStateMachine:uninitialized
2019-09-11 07:01:16,031 [pool-57-thread-1] INFO  server.RaftServerConfigKeys (ConfUtils.java:logGet(43)) - raft.server.rpc.timeout.max = 1200ms (custom)
2019-09-11 07:01:16,031 [pool-117-thread-1] INFO  storage.RaftStorageDirectory (RaftStorageDirectory.java:analyzeStorage(246)) - The storage directory /workdir/hadoop-ozone/integration-test/target/test-dir/MiniOzoneClusterImpl-17eb7e61-4fa5-444d-af72-e415168ae45d/datanode-9/data/ratis/13214434-aab0-4670-8830-7cde87e80901 does not exist. Creating ...
2019-09-11 07:01:16,031 [pool-37-thread-1] INFO  server.RaftServerConfigKeys (ConfUtils.java:logGet(43)) - raft.server.rpc.timeout.min = 1s (custom)
2019-09-11 07:01:16,031 [pool-57-thread-1] INFO  server.RaftServerConfigKeys (ConfUtils.java:logGet(43)) - raft.server.rpcslowness.timeout = 120s (custom)
2019-09-11 07:01:16,031 [pool-37-thread-1] INFO  server.RaftServerConfigKeys (ConfUtils.java:logGet(43)) - raft.server.rpc.timeout.max = 1200ms (custom)
2019-09-11 07:01:16,031 [pool-57-thread-1] INFO  server.RaftServerConfigKeys (ConfUtils.java:logGet(43)) - raft.server.sleep.deviation.threshold = 300 (default)
2019-09-11 07:01:16,031 [pool-37-thread-1] INFO  server.RaftServerConfigKeys (ConfUtils.java:logGet(43)) - raft.server.rpcslowness.timeout = 120s (custom)
2019-09-11 07:01:16,031 [pool-57-thread-1] INFO  server.RaftServerConfigKeys (ConfUtils.java:logGet(43)) - raft.server.log.appender.install.snapshot.enabled = false (custom)
2019-09-11 07:01:16,031 [pool-37-thread-1] INFO  server.RaftServerConfigKeys (ConfUtils.java:logGet(43)) - raft.server.sleep.deviation.threshold = 300 (default)
2019-09-11 07:01:16,032 [pool-57-thread-1] INFO  impl.RaftServerImpl (ServerState.java:<init>(103)) - 4523c126-f03b-4acb-be3e-4c406fe3aaad@group-7CDE87E80901: ConfigurationManager, init=-1: [42626b9b-ed01-4037-9282-5fe073f296c6:192.168.5.143:37220, 4523c126-f03b-4acb-be3e-4c406fe3aaad:192.168.5.143:34504, 4a2aa8aa-5edc-4f5e-99ad-9332c6d3f836:192.168.5.143:42220], old=null, confs=<EMPTY_MAP>
2019-09-11 07:01:16,032 [pool-37-thread-1] INFO  server.RaftServerConfigKeys (ConfUtils.java:logGet(43)) - raft.server.log.appender.install.snapshot.enabled = false (custom)
2019-09-11 07:01:16,032 [pool-37-thread-1] INFO  impl.RaftServerImpl (ServerState.java:<init>(103)) - 42626b9b-ed01-4037-9282-5fe073f296c6@group-7CDE87E80901: ConfigurationManager, init=-1: [42626b9b-ed01-4037-9282-5fe073f296c6:192.168.5.143:37220, 4523c126-f03b-4acb-be3e-4c406fe3aaad:192.168.5.143:34504, 4a2aa8aa-5edc-4f5e-99ad-9332c6d3f836:192.168.5.143:42220], old=null, confs=<EMPTY_MAP>
2019-09-11 07:01:16,032 [pool-57-thread-1] INFO  server.RaftServerConfigKeys (ConfUtils.java:logGet(43)) - raft.server.storage.dir = [/workdir/hadoop-ozone/integration-test/target/test-dir/MiniOzoneClusterImpl-17eb7e61-4fa5-444d-af72-e415168ae45d/datanode-3/data/ratis] (custom)
2019-09-11 07:01:16,032 [pool-37-thread-1] INFO  server.RaftServerConfigKeys (ConfUtils.java:logGet(43)) - raft.server.storage.dir = [/workdir/hadoop-ozone/integration-test/target/test-dir/MiniOzoneClusterImpl-17eb7e61-4fa5-444d-af72-e415168ae45d/datanode-1/data/ratis] (custom)
2019-09-11 07:01:16,032 [pool-37-thread-1] INFO  storage.RaftStorageDirectory (RaftStorageDirectory.java:analyzeStorage(246)) - The storage directory /workdir/hadoop-ozone/integration-test/target/test-dir/MiniOzoneClusterImpl-17eb7e61-4fa5-444d-af72-e415168ae45d/datanode-1/data/ratis/13214434-aab0-4670-8830-7cde87e80901 does not exist. Creating ...
2019-09-11 07:01:16,032 [pool-57-thread-1] INFO  storage.RaftStorageDirectory (RaftStorageDirectory.java:analyzeStorage(246)) - The storage directory /workdir/hadoop-ozone/integration-test/target/test-dir/MiniOzoneClusterImpl-17eb7e61-4fa5-444d-af72-e415168ae45d/datanode-3/data/ratis/13214434-aab0-4670-8830-7cde87e80901 does not exist. Creating ...
2019-09-11 07:01:16,042 [4523c126-f03b-4acb-be3e-4c406fe3aaad@group-4D4C29F3A254:LeaderElection5] INFO  impl.LeaderElection (LeaderElection.java:askForVotes(182)) - 4523c126-f03b-4acb-be3e-4c406fe3aaad@group-4D4C29F3A254:LeaderElection5: begin an election at term 1 for -1: [4523c126-f03b-4acb-be3e-4c406fe3aaad:192.168.5.143:34504], old=null
2019-09-11 07:01:16,042 [4523c126-f03b-4acb-be3e-4c406fe3aaad@group-4D4C29F3A254:LeaderElection5] INFO  impl.RoleInfo (RoleInfo.java:shutdownLeaderElection(134)) - 4523c126-f03b-4acb-be3e-4c406fe3aaad: shutdown LeaderElection
2019-09-11 07:01:16,043 [4523c126-f03b-4acb-be3e-4c406fe3aaad@group-4D4C29F3A254:LeaderElection5] INFO  impl.RaftServerImpl (RaftServerImpl.java:setRole(174)) - 4523c126-f03b-4acb-be3e-4c406fe3aaad@group-4D4C29F3A254: changes role from CANDIDATE to LEADER at term 1 for changeToLeader
2019-09-11 07:01:16,043 [4523c126-f03b-4acb-be3e-4c406fe3aaad@group-4D4C29F3A254:LeaderElection5] INFO  impl.RaftServerImpl (ServerState.java:setLeader(253)) - 4523c126-f03b-4acb-be3e-4c406fe3aaad@group-4D4C29F3A254: change Leader from null to 4523c126-f03b-4acb-be3e-4c406fe3aaad at term 1 for becomeLeader, leader elected after 1083ms
2019-09-11 07:01:16,043 [4523c126-f03b-4acb-be3e-4c406fe3aaad@group-4D4C29F3A254:LeaderElection5] INFO  server.RaftServerConfigKeys (ConfUtils.java:logGet(43)) - raft.server.staging.catchup.gap = 1000 (default)
2019-09-11 07:01:16,043 [4523c126-f03b-4acb-be3e-4c406fe3aaad@group-4D4C29F3A254:LeaderElection5] INFO  server.RaftServerConfigKeys (ConfUtils.java:logGet(43)) - raft.server.rpc.sleep.time = 25ms (default)
2019-09-11 07:01:16,043 [4523c126-f03b-4acb-be3e-4c406fe3aaad@group-4D4C29F3A254:LeaderElection5] INFO  server.RaftServerConfigKeys (ConfUtils.java:logGet(43)) - raft.server.write.element-limit = 4096 (default)
2019-09-11 07:01:16,043 [4523c126-f03b-4acb-be3e-4c406fe3aaad@group-4D4C29F3A254:LeaderElection5] INFO  server.RaftServerConfigKeys (ConfUtils.java:logGet(43)) - raft.server.watch.timeout = 10s (default)
2019-09-11 07:01:16,043 [4523c126-f03b-4acb-be3e-4c406fe3aaad@group-4D4C29F3A254:LeaderElection5] INFO  server.RaftServerConfigKeys (ConfUtils.java:logGet(43)) - raft.server.watch.timeout.denomination = 1s (default)
2019-09-11 07:01:16,044 [4523c126-f03b-4acb-be3e-4c406fe3aaad@group-4D4C29F3A254:LeaderElection5] INFO  server.RaftServerConfigKeys (ConfUtils.java:logGet(43)) - raft.server.watch.element-limit = 65536 (default)
2019-09-11 07:01:16,046 [4523c126-f03b-4acb-be3e-4c406fe3aaad@group-4D4C29F3A254:LeaderElection5] INFO  impl.RoleInfo (RoleInfo.java:updateAndGet(143)) - 4523c126-f03b-4acb-be3e-4c406fe3aaad: start LeaderState
2019-09-11 07:01:16,046 [4523c126-f03b-4acb-be3e-4c406fe3aaad@group-4D4C29F3A254:LeaderElection5] INFO  segmented.SegmentedRaftLogWorker (SegmentedRaftLogWorker.java:startLogSegment(380)) - 4523c126-f03b-4acb-be3e-4c406fe3aaad@group-4D4C29F3A254-SegmentedRaftLogWorker: Starting segment from index:0
2019-09-11 07:01:16,047 [4523c126-f03b-4acb-be3e-4c406fe3aaad@group-4D4C29F3A254:LeaderElection5] INFO  impl.RaftServerImpl (ServerState.java:setRaftConf(354)) - 4523c126-f03b-4acb-be3e-4c406fe3aaad@group-4D4C29F3A254: set configuration 0: [4523c126-f03b-4acb-be3e-4c406fe3aaad:192.168.5.143:34504], old=null at 0
2019-09-11 07:01:16,051 [pool-117-thread-1] INFO  storage.RaftStorageDirectory (RaftStorageDirectory.java:tryLock(328)) - Lock on /workdir/hadoop-ozone/integration-test/target/test-dir/MiniOzoneClusterImpl-17eb7e61-4fa5-444d-af72-e415168ae45d/datanode-9/data/ratis/13214434-aab0-4670-8830-7cde87e80901/in_use.lock acquired by nodename 2211@pr-hdds-1786-trunk-klbfp-3319181915
2019-09-11 07:01:16,051 [pool-57-thread-1] INFO  storage.RaftStorageDirectory (RaftStorageDirectory.java:tryLock(328)) - Lock on /workdir/hadoop-ozone/integration-test/target/test-dir/MiniOzoneClusterImpl-17eb7e61-4fa5-444d-af72-e415168ae45d/datanode-3/data/ratis/13214434-aab0-4670-8830-7cde87e80901/in_use.lock acquired by nodename 2211@pr-hdds-1786-trunk-klbfp-3319181915
2019-09-11 07:01:16,051 [pool-37-thread-1] INFO  storage.RaftStorageDirectory (RaftStorageDirectory.java:tryLock(328)) - Lock on /workdir/hadoop-ozone/integration-test/target/test-dir/MiniOzoneClusterImpl-17eb7e61-4fa5-444d-af72-e415168ae45d/datanode-1/data/ratis/13214434-aab0-4670-8830-7cde87e80901/in_use.lock acquired by nodename 2211@pr-hdds-1786-trunk-klbfp-3319181915
2019-09-11 07:01:16,068 [pool-117-thread-1] INFO  storage.RaftStorage (RaftStorage.java:format(72)) - Storage directory /workdir/hadoop-ozone/integration-test/target/test-dir/MiniOzoneClusterImpl-17eb7e61-4fa5-444d-af72-e415168ae45d/datanode-9/data/ratis/13214434-aab0-4670-8830-7cde87e80901 has been successfully formatted.
2019-09-11 07:01:16,068 [pool-37-thread-1] INFO  storage.RaftStorage (RaftStorage.java:format(72)) - Storage directory /workdir/hadoop-ozone/integration-test/target/test-dir/MiniOzoneClusterImpl-17eb7e61-4fa5-444d-af72-e415168ae45d/datanode-1/data/ratis/13214434-aab0-4670-8830-7cde87e80901 has been successfully formatted.
2019-09-11 07:01:16,068 [pool-57-thread-1] INFO  storage.RaftStorage (RaftStorage.java:format(72)) - Storage directory /workdir/hadoop-ozone/integration-test/target/test-dir/MiniOzoneClusterImpl-17eb7e61-4fa5-444d-af72-e415168ae45d/datanode-3/data/ratis/13214434-aab0-4670-8830-7cde87e80901 has been successfully formatted.
2019-09-11 07:01:16,068 [pool-117-thread-1] INFO  ratis.ContainerStateMachine (ContainerStateMachine.java:loadSnapshot(230)) - group-7CDE87E80901: The snapshot info is null. Setting the last applied indexto:(t:0, i:~)
2019-09-11 07:01:16,069 [pool-37-thread-1] INFO  ratis.ContainerStateMachine (ContainerStateMachine.java:loadSnapshot(230)) - group-7CDE87E80901: The snapshot info is null. Setting the last applied indexto:(t:0, i:~)
2019-09-11 07:01:16,069 [pool-57-thread-1] INFO  ratis.ContainerStateMachine (ContainerStateMachine.java:loadSnapshot(230)) - group-7CDE87E80901: The snapshot info is null. Setting the last applied indexto:(t:0, i:~)
2019-09-11 07:01:16,069 [pool-117-thread-1] INFO  server.RaftServerConfigKeys (ConfUtils.java:logGet(43)) - raft.server.notification.no-leader.timeout = 120s (custom)
2019-09-11 07:01:16,069 [pool-57-thread-1] INFO  server.RaftServerConfigKeys (ConfUtils.java:logGet(43)) - raft.server.notification.no-leader.timeout = 120s (custom)
2019-09-11 07:01:16,069 [pool-37-thread-1] INFO  server.RaftServerConfigKeys (ConfUtils.java:logGet(43)) - raft.server.notification.no-leader.timeout = 120s (custom)
2019-09-11 07:01:16,069 [pool-57-thread-1] INFO  server.RaftServerConfigKeys (ConfUtils.java:logGet(43)) - raft.server.log.use.memory = false (default)
2019-09-11 07:01:16,069 [pool-117-thread-1] INFO  server.RaftServerConfigKeys (ConfUtils.java:logGet(43)) - raft.server.log.use.memory = false (default)
2019-09-11 07:01:16,070 [pool-57-thread-1] INFO  server.RaftServerConfigKeys (ConfUtils.java:logGet(43)) - raft.server.log.purge.gap = 1000000 (custom)
2019-09-11 07:01:16,070 [pool-37-thread-1] INFO  server.RaftServerConfigKeys (ConfUtils.java:logGet(43)) - raft.server.log.use.memory = false (default)
2019-09-11 07:01:16,070 [pool-57-thread-1] INFO  server.RaftServerConfigKeys (ConfUtils.java:logGet(43)) - raft.server.log.appender.buffer.byte-limit = 33554432 (custom)
2019-09-11 07:01:16,070 [pool-117-thread-1] INFO  server.RaftServerConfigKeys (ConfUtils.java:logGet(43)) - raft.server.log.purge.gap = 1000000 (custom)
2019-09-11 07:01:16,070 [pool-57-thread-1] INFO  server.RaftServerConfigKeys (ConfUtils.java:logGet(43)) - raft.server.log.segment.size.max = 1048576 (custom)
2019-09-11 07:01:16,070 [pool-37-thread-1] INFO  server.RaftServerConfigKeys (ConfUtils.java:logGet(43)) - raft.server.log.purge.gap = 1000000 (custom)
2019-09-11 07:01:16,071 [pool-57-thread-1] INFO  server.RaftServerConfigKeys (ConfUtils.java:logGet(43)) - raft.server.log.segment.cache.num.max = 2 (custom)
2019-09-11 07:01:16,070 [pool-117-thread-1] INFO  server.RaftServerConfigKeys (ConfUtils.java:logGet(43)) - raft.server.log.appender.buffer.byte-limit = 33554432 (custom)
2019-09-11 07:01:16,071 [pool-57-thread-1] INFO  segmented.SegmentedRaftLogWorker (SegmentedRaftLogWorker.java:<init>(172)) - new 4523c126-f03b-4acb-be3e-4c406fe3aaad@group-7CDE87E80901-SegmentedRaftLogWorker for RaftStorage:Storage Directory /workdir/hadoop-ozone/integration-test/target/test-dir/MiniOzoneClusterImpl-17eb7e61-4fa5-444d-af72-e415168ae45d/datanode-3/data/ratis/13214434-aab0-4670-8830-7cde87e80901
2019-09-11 07:01:16,071 [pool-37-thread-1] INFO  server.RaftServerConfigKeys (ConfUtils.java:logGet(43)) - raft.server.log.appender.buffer.byte-limit = 33554432 (custom)
2019-09-11 07:01:16,071 [pool-57-thread-1] INFO  server.RaftServerConfigKeys (ConfUtils.java:logGet(43)) - raft.server.log.queue.byte-limit = 2147483647 (custom)
2019-09-11 07:01:16,071 [pool-117-thread-1] INFO  server.RaftServerConfigKeys (ConfUtils.java:logGet(43)) - raft.server.log.segment.size.max = 1048576 (custom)
2019-09-11 07:01:16,072 [pool-57-thread-1] INFO  server.RaftServerConfigKeys (ConfUtils.java:logGet(43)) - raft.server.log.queue.element-limit = 1024 (custom)
2019-09-11 07:01:16,071 [pool-37-thread-1] INFO  server.RaftServerConfigKeys (ConfUtils.java:logGet(43)) - raft.server.log.segment.size.max = 1048576 (custom)
2019-09-11 07:01:16,072 [pool-57-thread-1] INFO  server.RaftServerConfigKeys (ConfUtils.java:logGet(43)) - raft.server.log.segment.size.max = 1048576 (custom)
2019-09-11 07:01:16,072 [pool-117-thread-1] INFO  server.RaftServerConfigKeys (ConfUtils.java:logGet(43)) - raft.server.log.segment.cache.num.max = 2 (custom)
2019-09-11 07:01:16,072 [pool-57-thread-1] INFO  server.RaftServerConfigKeys (ConfUtils.java:logGet(43)) - raft.server.log.preallocated.size = 16384 (custom)
2019-09-11 07:01:16,072 [pool-37-thread-1] INFO  server.RaftServerConfigKeys (ConfUtils.java:logGet(43)) - raft.server.log.segment.cache.num.max = 2 (custom)
2019-09-11 07:01:16,073 [pool-57-thread-1] INFO  server.RaftServerConfigKeys (ConfUtils.java:logGet(43)) - raft.server.log.write.buffer.size = 33554432 (custom)
2019-09-11 07:01:16,072 [pool-117-thread-1] INFO  segmented.SegmentedRaftLogWorker (SegmentedRaftLogWorker.java:<init>(172)) - new 4a2aa8aa-5edc-4f5e-99ad-9332c6d3f836@group-7CDE87E80901-SegmentedRaftLogWorker for RaftStorage:Storage Directory /workdir/hadoop-ozone/integration-test/target/test-dir/MiniOzoneClusterImpl-17eb7e61-4fa5-444d-af72-e415168ae45d/datanode-9/data/ratis/13214434-aab0-4670-8830-7cde87e80901
2019-09-11 07:01:16,073 [pool-57-thread-1] INFO  server.RaftServerConfigKeys (ConfUtils.java:logGet(43)) - raft.server.log.force.sync.num = 128 (default)
2019-09-11 07:01:16,073 [pool-37-thread-1] INFO  segmented.SegmentedRaftLogWorker (SegmentedRaftLogWorker.java:<init>(172)) - new 42626b9b-ed01-4037-9282-5fe073f296c6@group-7CDE87E80901-SegmentedRaftLogWorker for RaftStorage:Storage Directory /workdir/hadoop-ozone/integration-test/target/test-dir/MiniOzoneClusterImpl-17eb7e61-4fa5-444d-af72-e415168ae45d/datanode-1/data/ratis/13214434-aab0-4670-8830-7cde87e80901
2019-09-11 07:01:16,073 [pool-57-thread-1] INFO  server.RaftServerConfigKeys (ConfUtils.java:logGet(43)) - raft.server.log.statemachine.data.sync = true (default)
2019-09-11 07:01:16,073 [pool-117-thread-1] INFO  server.RaftServerConfigKeys (ConfUtils.java:logGet(43)) - raft.server.log.queue.byte-limit = 2147483647 (custom)
2019-09-11 07:01:16,074 [pool-57-thread-1] INFO  server.RaftServerConfigKeys (ConfUtils.java:logGet(43)) - raft.server.log.statemachine.data.sync.timeout = 10s (default)
2019-09-11 07:01:16,074 [pool-37-thread-1] INFO  server.RaftServerConfigKeys (ConfUtils.java:logGet(43)) - raft.server.log.queue.byte-limit = 2147483647 (custom)
2019-09-11 07:01:16,074 [pool-57-thread-1] INFO  server.RaftServerConfigKeys (ConfUtils.java:logGet(43)) - raft.server.log.statemachine.data.sync.timeout.retry = -1 (default)
2019-09-11 07:01:16,074 [pool-117-thread-1] INFO  server.RaftServerConfigKeys (ConfUtils.java:logGet(43)) - raft.server.log.queue.element-limit = 1024 (custom)
2019-09-11 07:01:16,075 [pool-57-thread-1] INFO  server.RaftServerConfigKeys (ConfUtils.java:logGet(43)) - raft.server.log.statemachine.data.caching.enabled = true (custom)
2019-09-11 07:01:16,074 [pool-37-thread-1] INFO  server.RaftServerConfigKeys (ConfUtils.java:logGet(43)) - raft.server.log.queue.element-limit = 1024 (custom)
2019-09-11 07:01:16,075 [pool-117-thread-1] INFO  server.RaftServerConfigKeys (ConfUtils.java:logGet(43)) - raft.server.log.segment.size.max = 1048576 (custom)
2019-09-11 07:01:16,075 [pool-57-thread-1] INFO  segmented.SegmentedRaftLogWorker (SegmentedRaftLogWorker.java:lambda$new$0(132)) - 4523c126-f03b-4acb-be3e-4c406fe3aaad@group-7CDE87E80901-SegmentedRaftLogWorker: flushIndex: setUnconditionally 0 -> -1
2019-09-11 07:01:16,075 [pool-37-thread-1] INFO  server.RaftServerConfigKeys (ConfUtils.java:logGet(43)) - raft.server.log.segment.size.max = 1048576 (custom)
2019-09-11 07:01:16,075 [pool-117-thread-1] INFO  server.RaftServerConfigKeys (ConfUtils.java:logGet(43)) - raft.server.log.preallocated.size = 16384 (custom)
2019-09-11 07:01:16,075 [pool-57-thread-1] INFO  server.RaftServerConfigKeys (ConfUtils.java:logGet(43)) - raft.server.snapshot.auto.trigger.enabled = true (custom)
2019-09-11 07:01:16,075 [pool-37-thread-1] INFO  server.RaftServerConfigKeys (ConfUtils.java:logGet(43)) - raft.server.log.preallocated.size = 16384 (custom)
2019-09-11 07:01:16,076 [pool-57-thread-1] INFO  server.RaftServerConfigKeys (ConfUtils.java:logGet(43)) - raft.server.snapshot.auto.trigger.threshold = 10000 (custom)
2019-09-11 07:01:16,076 [pool-117-thread-1] INFO  server.RaftServerConfigKeys (ConfUtils.java:logGet(43)) - raft.server.log.write.buffer.size = 33554432 (custom)
2019-09-11 07:01:16,076 [pool-57-thread-1] INFO  server.RaftServerConfigKeys (ConfUtils.java:logGet(43)) - raft.server.snapshot.retention.num.files = 5 (custom)
2019-09-11 07:01:16,076 [pool-37-thread-1] INFO  server.RaftServerConfigKeys (ConfUtils.java:logGet(43)) - raft.server.log.write.buffer.size = 33554432 (custom)
2019-09-11 07:01:16,076 [pool-57-thread-1] INFO  server.RaftServerConfigKeys (ConfUtils.java:logGet(43)) - raft.server.retrycache.expirytime = 600000ms (custom)
2019-09-11 07:01:16,076 [pool-117-thread-1] INFO  server.RaftServerConfigKeys (ConfUtils.java:logGet(43)) - raft.server.log.force.sync.num = 128 (default)
2019-09-11 07:01:16,076 [pool-37-thread-1] INFO  server.RaftServerConfigKeys (ConfUtils.java:logGet(43)) - raft.server.log.force.sync.num = 128 (default)
2019-09-11 07:01:16,077 [pool-117-thread-1] INFO  server.RaftServerConfigKeys (ConfUtils.java:logGet(43)) - raft.server.log.statemachine.data.sync = true (default)
2019-09-11 07:01:16,077 [pool-37-thread-1] INFO  server.RaftServerConfigKeys (ConfUtils.java:logGet(43)) - raft.server.log.statemachine.data.sync = true (default)
2019-09-11 07:01:16,077 [pool-117-thread-1] INFO  server.RaftServerConfigKeys (ConfUtils.java:logGet(43)) - raft.server.log.statemachine.data.sync.timeout = 10s (default)
2019-09-11 07:01:16,077 [pool-37-thread-1] INFO  server.RaftServerConfigKeys (ConfUtils.java:logGet(43)) - raft.server.log.statemachine.data.sync.timeout = 10s (default)
2019-09-11 07:01:16,077 [pool-117-thread-1] INFO  server.RaftServerConfigKeys (ConfUtils.java:logGet(43)) - raft.server.log.statemachine.data.sync.timeout.retry = -1 (default)
2019-09-11 07:01:16,078 [pool-37-thread-1] INFO  server.RaftServerConfigKeys (ConfUtils.java:logGet(43)) - raft.server.log.statemachine.data.sync.timeout.retry = -1 (default)
2019-09-11 07:01:16,078 [pool-117-thread-1] INFO  server.RaftServerConfigKeys (ConfUtils.java:logGet(43)) - raft.server.log.statemachine.data.caching.enabled = true (custom)
2019-09-11 07:01:16,078 [pool-37-thread-1] INFO  server.RaftServerConfigKeys (ConfUtils.java:logGet(43)) - raft.server.log.statemachine.data.caching.enabled = true (custom)
2019-09-11 07:01:16,078 [pool-117-thread-1] INFO  segmented.SegmentedRaftLogWorker (SegmentedRaftLogWorker.java:lambda$new$0(132)) - 4a2aa8aa-5edc-4f5e-99ad-9332c6d3f836@group-7CDE87E80901-SegmentedRaftLogWorker: flushIndex: setUnconditionally 0 -> -1
2019-09-11 07:01:16,078 [pool-37-thread-1] INFO  segmented.SegmentedRaftLogWorker (SegmentedRaftLogWorker.java:lambda$new$0(132)) - 42626b9b-ed01-4037-9282-5fe073f296c6@group-7CDE87E80901-SegmentedRaftLogWorker: flushIndex: setUnconditionally 0 -> -1
2019-09-11 07:01:16,079 [pool-117-thread-1] INFO  server.RaftServerConfigKeys (ConfUtils.java:logGet(43)) - raft.server.snapshot.auto.trigger.enabled = true (custom)
2019-09-11 07:01:16,079 [pool-37-thread-1] INFO  server.RaftServerConfigKeys (ConfUtils.java:logGet(43)) - raft.server.snapshot.auto.trigger.enabled = true (custom)
2019-09-11 07:01:16,079 [pool-117-thread-1] INFO  server.RaftServerConfigKeys (ConfUtils.java:logGet(43)) - raft.server.snapshot.auto.trigger.threshold = 10000 (custom)
2019-09-11 07:01:16,079 [pool-37-thread-1] INFO  server.RaftServerConfigKeys (ConfUtils.java:logGet(43)) - raft.server.snapshot.auto.trigger.threshold = 10000 (custom)
2019-09-11 07:01:16,079 [pool-117-thread-1] INFO  server.RaftServerConfigKeys (ConfUtils.java:logGet(43)) - raft.server.snapshot.retention.num.files = 5 (custom)
2019-09-11 07:01:16,079 [pool-37-thread-1] INFO  server.RaftServerConfigKeys (ConfUtils.java:logGet(43)) - raft.server.snapshot.retention.num.files = 5 (custom)
2019-09-11 07:01:16,079 [pool-117-thread-1] INFO  server.RaftServerConfigKeys (ConfUtils.java:logGet(43)) - raft.server.retrycache.expirytime = 600000ms (custom)
2019-09-11 07:01:16,079 [pool-37-thread-1] INFO  server.RaftServerConfigKeys (ConfUtils.java:logGet(43)) - raft.server.retrycache.expirytime = 600000ms (custom)
2019-09-11 07:01:16,080 [pool-57-thread-1] INFO  impl.RaftServerImpl (RaftServerImpl.java:start(185)) - 4523c126-f03b-4acb-be3e-4c406fe3aaad@group-7CDE87E80901: start as a follower, conf=-1: [42626b9b-ed01-4037-9282-5fe073f296c6:192.168.5.143:37220, 4523c126-f03b-4acb-be3e-4c406fe3aaad:192.168.5.143:34504, 4a2aa8aa-5edc-4f5e-99ad-9332c6d3f836:192.168.5.143:42220], old=null
2019-09-11 07:01:16,080 [pool-57-thread-1] INFO  impl.RaftServerImpl (RaftServerImpl.java:setRole(174)) - 4523c126-f03b-4acb-be3e-4c406fe3aaad@group-7CDE87E80901: changes role from      null to FOLLOWER at term 0 for startAsFollower
2019-09-11 07:01:16,080 [pool-57-thread-1] INFO  impl.RoleInfo (RoleInfo.java:updateAndGet(143)) - 4523c126-f03b-4acb-be3e-4c406fe3aaad: start FollowerState
2019-09-11 07:01:16,081 [pool-57-thread-1] INFO  util.JmxRegister (JmxRegister.java:tryRegister(44)) - Successfully registered JMX Bean with object name Ratis:service=RaftServer,group=group-7CDE87E80901,id=4523c126-f03b-4acb-be3e-4c406fe3aaad
2019-09-11 07:01:16,088 [pool-117-thread-1] INFO  impl.RaftServerImpl (RaftServerImpl.java:start(185)) - 4a2aa8aa-5edc-4f5e-99ad-9332c6d3f836@group-7CDE87E80901: start as a follower, conf=-1: [42626b9b-ed01-4037-9282-5fe073f296c6:192.168.5.143:37220, 4523c126-f03b-4acb-be3e-4c406fe3aaad:192.168.5.143:34504, 4a2aa8aa-5edc-4f5e-99ad-9332c6d3f836:192.168.5.143:42220], old=null
2019-09-11 07:01:16,111 [pool-117-thread-1] INFO  impl.RaftServerImpl (RaftServerImpl.java:setRole(174)) - 4a2aa8aa-5edc-4f5e-99ad-9332c6d3f836@group-7CDE87E80901: changes role from      null to FOLLOWER at term 0 for startAsFollower
2019-09-11 07:01:16,111 [pool-37-thread-1] INFO  impl.RaftServerImpl (RaftServerImpl.java:start(185)) - 42626b9b-ed01-4037-9282-5fe073f296c6@group-7CDE87E80901: start as a follower, conf=-1: [42626b9b-ed01-4037-9282-5fe073f296c6:192.168.5.143:37220, 4523c126-f03b-4acb-be3e-4c406fe3aaad:192.168.5.143:34504, 4a2aa8aa-5edc-4f5e-99ad-9332c6d3f836:192.168.5.143:42220], old=null
2019-09-11 07:01:16,112 [pool-117-thread-1] INFO  impl.RoleInfo (RoleInfo.java:updateAndGet(143)) - 4a2aa8aa-5edc-4f5e-99ad-9332c6d3f836: start FollowerState
2019-09-11 07:01:16,112 [pool-37-thread-1] INFO  impl.RaftServerImpl (RaftServerImpl.java:setRole(174)) - 42626b9b-ed01-4037-9282-5fe073f296c6@group-7CDE87E80901: changes role from      null to FOLLOWER at term 0 for startAsFollower
2019-09-11 07:01:16,112 [pool-37-thread-1] INFO  impl.RoleInfo (RoleInfo.java:updateAndGet(143)) - 42626b9b-ed01-4037-9282-5fe073f296c6: start FollowerState
2019-09-11 07:01:16,112 [pool-117-thread-1] INFO  util.JmxRegister (JmxRegister.java:tryRegister(44)) - Successfully registered JMX Bean with object name Ratis:service=RaftServer,group=group-7CDE87E80901,id=4a2aa8aa-5edc-4f5e-99ad-9332c6d3f836
2019-09-11 07:01:16,113 [pool-37-thread-1] INFO  util.JmxRegister (JmxRegister.java:tryRegister(44)) - Successfully registered JMX Bean with object name Ratis:service=RaftServer,group=group-7CDE87E80901,id=42626b9b-ed01-4037-9282-5fe073f296c6
2019-09-11 07:01:16,178 [Thread-300] INFO  impl.FollowerState (FollowerState.java:run(106)) - 4a2aa8aa-5edc-4f5e-99ad-9332c6d3f836:group-DD5B935E9414 changes to CANDIDATE, lastRpcTime:1102, electionTimeout:1102ms
2019-09-11 07:01:16,178 [Thread-300] INFO  impl.RoleInfo (RoleInfo.java:shutdownFollowerState(121)) - 4a2aa8aa-5edc-4f5e-99ad-9332c6d3f836: shutdown FollowerState
2019-09-11 07:01:16,178 [RatisPipelineUtilsThread] INFO  pipeline.PipelineStateManager (PipelineStateManager.java:addPipeline(56)) - Created pipeline Pipeline[ Id: 13214434-aab0-4670-8830-7cde87e80901, Nodes: 4523c126-f03b-4acb-be3e-4c406fe3aaad{ip: 192.168.5.143, host: pr-hdds-1786-trunk-klbfp-3319181915, networkLocation: /default-rack, certSerialId: null}4a2aa8aa-5edc-4f5e-99ad-9332c6d3f836{ip: 192.168.5.143, host: pr-hdds-1786-trunk-klbfp-3319181915, networkLocation: /default-rack, certSerialId: null}42626b9b-ed01-4037-9282-5fe073f296c6{ip: 192.168.5.143, host: pr-hdds-1786-trunk-klbfp-3319181915, networkLocation: /default-rack, certSerialId: null}, Type:RATIS, Factor:THREE, State:OPEN]
2019-09-11 07:01:16,178 [Thread-300] INFO  impl.RaftServerImpl (RaftServerImpl.java:setRole(174)) - 4a2aa8aa-5edc-4f5e-99ad-9332c6d3f836@group-DD5B935E9414: changes role from  FOLLOWER to CANDIDATE at term 0 for changeToCandidate
2019-09-11 07:01:16,179 [Thread-300] INFO  impl.RoleInfo (RoleInfo.java:updateAndGet(143)) - 4a2aa8aa-5edc-4f5e-99ad-9332c6d3f836: start LeaderElection
2019-09-11 07:01:16,515 [Thread-303] INFO  impl.FollowerState (FollowerState.java:run(106)) - 42626b9b-ed01-4037-9282-5fe073f296c6:group-C752A9F3D08A changes to CANDIDATE, lastRpcTime:1298, electionTimeout:1051ms
2019-09-11 07:01:16,517 [e76620e4-5df3-481a-bd8d-e91ef558e102@group-4716894BBD4E-SegmentedRaftLogWorker] INFO  segmented.SegmentedRaftLogWorker (SegmentedRaftLogWorker.java:execute(569)) - e76620e4-5df3-481a-bd8d-e91ef558e102@group-4716894BBD4E-SegmentedRaftLogWorker: created new log segment /workdir/hadoop-ozone/integration-test/target/test-dir/MiniOzoneClusterImpl-17eb7e61-4fa5-444d-af72-e415168ae45d/datanode-8/data/ratis/f61daa67-9a38-40fd-bc83-4716894bbd4e/current/log_inprogress_0
2019-09-11 07:01:16,517 [4a2aa8aa-5edc-4f5e-99ad-9332c6d3f836@group-DD5B935E9414:LeaderElection6] INFO  impl.LeaderElection (LeaderElection.java:askForVotes(182)) - 4a2aa8aa-5edc-4f5e-99ad-9332c6d3f836@group-DD5B935E9414:LeaderElection6: begin an election at term 1 for -1: [4a2aa8aa-5edc-4f5e-99ad-9332c6d3f836:192.168.5.143:42220], old=null
2019-09-11 07:01:16,517 [4523c126-f03b-4acb-be3e-4c406fe3aaad@group-4D4C29F3A254-SegmentedRaftLogWorker] INFO  segmented.SegmentedRaftLogWorker (SegmentedRaftLogWorker.java:execute(569)) - 4523c126-f03b-4acb-be3e-4c406fe3aaad@group-4D4C29F3A254-SegmentedRaftLogWorker: created new log segment /workdir/hadoop-ozone/integration-test/target/test-dir/MiniOzoneClusterImpl-17eb7e61-4fa5-444d-af72-e415168ae45d/datanode-3/data/ratis/2513b141-27a5-4828-a80e-4d4c29f3a254/current/log_inprogress_0
2019-09-11 07:01:16,517 [bbdbb4de-2219-47e5-a2b1-d5e525a98c19@group-E31C2250E139-SegmentedRaftLogWorker] INFO  segmented.SegmentedRaftLogWorker (SegmentedRaftLogWorker.java:execute(569)) - bbdbb4de-2219-47e5-a2b1-d5e525a98c19@group-E31C2250E139-SegmentedRaftLogWorker: created new log segment /workdir/hadoop-ozone/integration-test/target/test-dir/MiniOzoneClusterImpl-17eb7e61-4fa5-444d-af72-e415168ae45d/datanode-0/data/ratis/fef66224-f4dc-423e-9863-e31c2250e139/current/log_inprogress_0
2019-09-11 07:01:16,521 [4a2aa8aa-5edc-4f5e-99ad-9332c6d3f836@group-DD5B935E9414:LeaderElection6] INFO  impl.RoleInfo (RoleInfo.java:shutdownLeaderElection(134)) - 4a2aa8aa-5edc-4f5e-99ad-9332c6d3f836: shutdown LeaderElection
2019-09-11 07:01:16,517 [c3336af5-ef91-4420-af01-c0c00dc6c530@group-B88804E8109D-SegmentedRaftLogWorker] INFO  segmented.SegmentedRaftLogWorker (SegmentedRaftLogWorker.java:execute(569)) - c3336af5-ef91-4420-af01-c0c00dc6c530@group-B88804E8109D-SegmentedRaftLogWorker: created new log segment /workdir/hadoop-ozone/integration-test/target/test-dir/MiniOzoneClusterImpl-17eb7e61-4fa5-444d-af72-e415168ae45d/datanode-7/data/ratis/1544a39a-c5bf-4dd7-b5c3-b88804e8109d/current/log_inprogress_0
2019-09-11 07:01:16,517 [b366cd81-90f5-4f0e-8fa6-7e105a738d9d@group-C1E53894DEA7-SegmentedRaftLogWorker] INFO  segmented.SegmentedRaftLogWorker (SegmentedRaftLogWorker.java:execute(569)) - b366cd81-90f5-4f0e-8fa6-7e105a738d9d@group-C1E53894DEA7-SegmentedRaftLogWorker: created new log segment /workdir/hadoop-ozone/integration-test/target/test-dir/MiniOzoneClusterImpl-17eb7e61-4fa5-444d-af72-e415168ae45d/datanode-4/data/ratis/f734eefd-baba-44a0-a6c3-c1e53894dea7/current/log_inprogress_0
2019-09-11 07:01:16,522 [Thread-303] INFO  impl.RoleInfo (RoleInfo.java:shutdownFollowerState(121)) - 42626b9b-ed01-4037-9282-5fe073f296c6: shutdown FollowerState
2019-09-11 07:01:16,527 [4a2aa8aa-5edc-4f5e-99ad-9332c6d3f836@group-DD5B935E9414:LeaderElection6] INFO  impl.RaftServerImpl (RaftServerImpl.java:setRole(174)) - 4a2aa8aa-5edc-4f5e-99ad-9332c6d3f836@group-DD5B935E9414: changes role from CANDIDATE to LEADER at term 1 for changeToLeader
2019-09-11 07:01:16,527 [Thread-303] INFO  impl.RaftServerImpl (RaftServerImpl.java:setRole(174)) - 42626b9b-ed01-4037-9282-5fe073f296c6@group-C752A9F3D08A: changes role from  FOLLOWER to CANDIDATE at term 0 for changeToCandidate
2019-09-11 07:01:16,527 [4a2aa8aa-5edc-4f5e-99ad-9332c6d3f836@group-DD5B935E9414:LeaderElection6] INFO  impl.RaftServerImpl (ServerState.java:setLeader(253)) - 4a2aa8aa-5edc-4f5e-99ad-9332c6d3f836@group-DD5B935E9414: change Leader from null to 4a2aa8aa-5edc-4f5e-99ad-9332c6d3f836 at term 1 for becomeLeader, leader elected after 1465ms
2019-09-11 07:01:16,529 [Thread-303] INFO  impl.RoleInfo (RoleInfo.java:updateAndGet(143)) - 42626b9b-ed01-4037-9282-5fe073f296c6: start LeaderElection
2019-09-11 07:01:16,529 [4a2aa8aa-5edc-4f5e-99ad-9332c6d3f836@group-DD5B935E9414:LeaderElection6] INFO  server.RaftServerConfigKeys (ConfUtils.java:logGet(43)) - raft.server.staging.catchup.gap = 1000 (default)
2019-09-11 07:01:16,534 [4a2aa8aa-5edc-4f5e-99ad-9332c6d3f836@group-DD5B935E9414:LeaderElection6] INFO  server.RaftServerConfigKeys (ConfUtils.java:logGet(43)) - raft.server.rpc.sleep.time = 25ms (default)
2019-09-11 07:01:16,539 [4a2aa8aa-5edc-4f5e-99ad-9332c6d3f836@group-DD5B935E9414:LeaderElection6] INFO  server.RaftServerConfigKeys (ConfUtils.java:logGet(43)) - raft.server.write.element-limit = 4096 (default)
2019-09-11 07:01:16,542 [4a2aa8aa-5edc-4f5e-99ad-9332c6d3f836@group-DD5B935E9414:LeaderElection6] INFO  server.RaftServerConfigKeys (ConfUtils.java:logGet(43)) - raft.server.watch.timeout = 10s (default)
2019-09-11 07:01:16,542 [4a2aa8aa-5edc-4f5e-99ad-9332c6d3f836@group-DD5B935E9414:LeaderElection6] INFO  server.RaftServerConfigKeys (ConfUtils.java:logGet(43)) - raft.server.watch.timeout.denomination = 1s (default)
2019-09-11 07:01:16,542 [4a2aa8aa-5edc-4f5e-99ad-9332c6d3f836@group-DD5B935E9414:LeaderElection6] INFO  server.RaftServerConfigKeys (ConfUtils.java:logGet(43)) - raft.server.watch.element-limit = 65536 (default)
2019-09-11 07:01:16,558 [grpc-default-executor-2] INFO  impl.RaftServerProxy (RaftServerProxy.java:addNew(89)) - 7cc5d2d7-39af-4b66-8513-17417d4c25e9: addNew group-D61D25716C8D:[7cc5d2d7-39af-4b66-8513-17417d4c25e9:192.168.5.143:41269, 0159beb9-e28f-41a3-bdd5-1125b6dbb65e:192.168.5.143:44765, bbdbb4de-2219-47e5-a2b1-d5e525a98c19:192.168.5.143:42910] returns group-D61D25716C8D:java.util.concurrent.CompletableFuture@2cef127f[Not completed]
2019-09-11 07:01:16,558 [grpc-default-executor-1] INFO  impl.RaftServerProxy (RaftServerProxy.java:addNew(89)) - 0159beb9-e28f-41a3-bdd5-1125b6dbb65e: addNew group-D61D25716C8D:[7cc5d2d7-39af-4b66-8513-17417d4c25e9:192.168.5.143:41269, 0159beb9-e28f-41a3-bdd5-1125b6dbb65e:192.168.5.143:44765, bbdbb4de-2219-47e5-a2b1-d5e525a98c19:192.168.5.143:42910] returns group-D61D25716C8D:java.util.concurrent.CompletableFuture@415e3012[Not completed]
2019-09-11 07:01:16,562 [grpc-default-executor-0] INFO  impl.RaftServerProxy (RaftServerProxy.java:addNew(89)) - bbdbb4de-2219-47e5-a2b1-d5e525a98c19: addNew group-D61D25716C8D:[7cc5d2d7-39af-4b66-8513-17417d4c25e9:192.168.5.143:41269, 0159beb9-e28f-41a3-bdd5-1125b6dbb65e:192.168.5.143:44765, bbdbb4de-2219-47e5-a2b1-d5e525a98c19:192.168.5.143:42910] returns group-D61D25716C8D:java.util.concurrent.CompletableFuture@40c56a62[Not completed]
2019-09-11 07:01:16,610 [Thread-307] INFO  impl.FollowerState (FollowerState.java:run(106)) - 0159beb9-e28f-41a3-bdd5-1125b6dbb65e:group-9D34814ED629 changes to CANDIDATE, lastRpcTime:1103, electionTimeout:1087ms
2019-09-11 07:01:16,610 [42626b9b-ed01-4037-9282-5fe073f296c6@group-C752A9F3D08A:LeaderElection7] INFO  impl.LeaderElection (LeaderElection.java:askForVotes(182)) - 42626b9b-ed01-4037-9282-5fe073f296c6@group-C752A9F3D08A:LeaderElection7: begin an election at term 1 for -1: [42626b9b-ed01-4037-9282-5fe073f296c6:192.168.5.143:37220], old=null
2019-09-11 07:01:16,610 [Thread-307] INFO  impl.RoleInfo (RoleInfo.java:shutdownFollowerState(121)) - 0159beb9-e28f-41a3-bdd5-1125b6dbb65e: shutdown FollowerState
2019-09-11 07:01:16,610 [42626b9b-ed01-4037-9282-5fe073f296c6@group-C752A9F3D08A:LeaderElection7] INFO  impl.RoleInfo (RoleInfo.java:shutdownLeaderElection(134)) - 42626b9b-ed01-4037-9282-5fe073f296c6: shutdown LeaderElection
2019-09-11 07:01:16,610 [Thread-307] INFO  impl.RaftServerImpl (RaftServerImpl.java:setRole(174)) - 0159beb9-e28f-41a3-bdd5-1125b6dbb65e@group-9D34814ED629: changes role from  FOLLOWER to CANDIDATE at term 0 for changeToCandidate
2019-09-11 07:01:16,610 [42626b9b-ed01-4037-9282-5fe073f296c6@group-C752A9F3D08A:LeaderElection7] INFO  impl.RaftServerImpl (RaftServerImpl.java:setRole(174)) - 42626b9b-ed01-4037-9282-5fe073f296c6@group-C752A9F3D08A: changes role from CANDIDATE to LEADER at term 1 for changeToLeader
2019-09-11 07:01:16,611 [42626b9b-ed01-4037-9282-5fe073f296c6@group-C752A9F3D08A:LeaderElection7] INFO  impl.RaftServerImpl (ServerState.java:setLeader(253)) - 42626b9b-ed01-4037-9282-5fe073f296c6@group-C752A9F3D08A: change Leader from null to 42626b9b-ed01-4037-9282-5fe073f296c6 at term 1 for becomeLeader, leader elected after 1406ms
2019-09-11 07:01:16,611 [42626b9b-ed01-4037-9282-5fe073f296c6@group-C752A9F3D08A:LeaderElection7] INFO  server.RaftServerConfigKeys (ConfUtils.java:logGet(43)) - raft.server.staging.catchup.gap = 1000 (default)
2019-09-11 07:01:16,611 [42626b9b-ed01-4037-9282-5fe073f296c6@group-C752A9F3D08A:LeaderElection7] INFO  server.RaftServerConfigKeys (ConfUtils.java:logGet(43)) - raft.server.rpc.sleep.time = 25ms (default)
2019-09-11 07:01:16,616 [IPC Server handler 1 on 37433] INFO  volume.OMVolumeCreateRequest (OMVolumeCreateRequest.java:validateAndUpdateCache(189)) - created volume:datanodefailurehandlingtest for user:jenkins1000
2019-09-11 07:01:16,632 [Thread-307] INFO  impl.RoleInfo (RoleInfo.java:updateAndGet(143)) - 0159beb9-e28f-41a3-bdd5-1125b6dbb65e: start LeaderElection
2019-09-11 07:01:16,632 [42626b9b-ed01-4037-9282-5fe073f296c6@group-C752A9F3D08A:LeaderElection7] INFO  server.RaftServerConfigKeys (ConfUtils.java:logGet(43)) - raft.server.write.element-limit = 4096 (default)
2019-09-11 07:01:16,632 [42626b9b-ed01-4037-9282-5fe073f296c6@group-C752A9F3D08A:LeaderElection7] INFO  server.RaftServerConfigKeys (ConfUtils.java:logGet(43)) - raft.server.watch.timeout = 10s (default)
2019-09-11 07:01:16,636 [42626b9b-ed01-4037-9282-5fe073f296c6@group-C752A9F3D08A:LeaderElection7] INFO  server.RaftServerConfigKeys (ConfUtils.java:logGet(43)) - raft.server.watch.timeout.denomination = 1s (default)
2019-09-11 07:01:16,636 [42626b9b-ed01-4037-9282-5fe073f296c6@group-C752A9F3D08A:LeaderElection7] INFO  server.RaftServerConfigKeys (ConfUtils.java:logGet(43)) - raft.server.watch.element-limit = 65536 (default)
2019-09-11 07:01:16,671 [0159beb9-e28f-41a3-bdd5-1125b6dbb65e@group-9D34814ED629:LeaderElection8] INFO  impl.LeaderElection (LeaderElection.java:askForVotes(182)) - 0159beb9-e28f-41a3-bdd5-1125b6dbb65e@group-9D34814ED629:LeaderElection8: begin an election at term 1 for -1: [0159beb9-e28f-41a3-bdd5-1125b6dbb65e:192.168.5.143:44765], old=null
2019-09-11 07:01:16,672 [0159beb9-e28f-41a3-bdd5-1125b6dbb65e@group-9D34814ED629:LeaderElection8] INFO  impl.RoleInfo (RoleInfo.java:shutdownLeaderElection(134)) - 0159beb9-e28f-41a3-bdd5-1125b6dbb65e: shutdown LeaderElection
2019-09-11 07:01:16,672 [0159beb9-e28f-41a3-bdd5-1125b6dbb65e@group-9D34814ED629:LeaderElection8] INFO  impl.RaftServerImpl (RaftServerImpl.java:setRole(174)) - 0159beb9-e28f-41a3-bdd5-1125b6dbb65e@group-9D34814ED629: changes role from CANDIDATE to LEADER at term 1 for changeToLeader
2019-09-11 07:01:16,672 [0159beb9-e28f-41a3-bdd5-1125b6dbb65e@group-9D34814ED629:LeaderElection8] INFO  impl.RaftServerImpl (ServerState.java:setLeader(253)) - 0159beb9-e28f-41a3-bdd5-1125b6dbb65e@group-9D34814ED629: change Leader from null to 0159beb9-e28f-41a3-bdd5-1125b6dbb65e at term 1 for becomeLeader, leader elected after 1263ms
2019-09-11 07:01:16,672 [0159beb9-e28f-41a3-bdd5-1125b6dbb65e@group-9D34814ED629:LeaderElection8] INFO  server.RaftServerConfigKeys (ConfUtils.java:logGet(43)) - raft.server.staging.catchup.gap = 1000 (default)
2019-09-11 07:01:16,672 [0159beb9-e28f-41a3-bdd5-1125b6dbb65e@group-9D34814ED629:LeaderElection8] INFO  server.RaftServerConfigKeys (ConfUtils.java:logGet(43)) - raft.server.rpc.sleep.time = 25ms (default)
2019-09-11 07:01:16,677 [0159beb9-e28f-41a3-bdd5-1125b6dbb65e@group-9D34814ED629:LeaderElection8] INFO  server.RaftServerConfigKeys (ConfUtils.java:logGet(43)) - raft.server.write.element-limit = 4096 (default)
2019-09-11 07:01:16,677 [0159beb9-e28f-41a3-bdd5-1125b6dbb65e@group-9D34814ED629:LeaderElection8] INFO  server.RaftServerConfigKeys (ConfUtils.java:logGet(43)) - raft.server.watch.timeout = 10s (default)
2019-09-11 07:01:16,677 [0159beb9-e28f-41a3-bdd5-1125b6dbb65e@group-9D34814ED629:LeaderElection8] INFO  server.RaftServerConfigKeys (ConfUtils.java:logGet(43)) - raft.server.watch.timeout.denomination = 1s (default)
2019-09-11 07:01:16,678 [0159beb9-e28f-41a3-bdd5-1125b6dbb65e@group-9D34814ED629:LeaderElection8] INFO  server.RaftServerConfigKeys (ConfUtils.java:logGet(43)) - raft.server.watch.element-limit = 65536 (default)
2019-09-11 07:01:16,744 [Thread-313] INFO  impl.FollowerState (FollowerState.java:run(106)) - 7cc5d2d7-39af-4b66-8513-17417d4c25e9:group-C7F0FBDD9540 changes to CANDIDATE, lastRpcTime:1108, electionTimeout:1108ms
2019-09-11 07:01:16,744 [Thread-313] INFO  impl.RoleInfo (RoleInfo.java:shutdownFollowerState(121)) - 7cc5d2d7-39af-4b66-8513-17417d4c25e9: shutdown FollowerState
2019-09-11 07:01:16,744 [Thread-313] INFO  impl.RaftServerImpl (RaftServerImpl.java:setRole(174)) - 7cc5d2d7-39af-4b66-8513-17417d4c25e9@group-C7F0FBDD9540: changes role from  FOLLOWER to CANDIDATE at term 0 for changeToCandidate
2019-09-11 07:01:16,749 [Thread-313] INFO  impl.RoleInfo (RoleInfo.java:updateAndGet(143)) - 7cc5d2d7-39af-4b66-8513-17417d4c25e9: start LeaderElection
2019-09-11 07:01:16,789 [7cc5d2d7-39af-4b66-8513-17417d4c25e9@group-C7F0FBDD9540:LeaderElection9] INFO  impl.LeaderElection (LeaderElection.java:askForVotes(182)) - 7cc5d2d7-39af-4b66-8513-17417d4c25e9@group-C7F0FBDD9540:LeaderElection9: begin an election at term 1 for -1: [7cc5d2d7-39af-4b66-8513-17417d4c25e9:192.168.5.143:41269], old=null
2019-09-11 07:01:16,789 [7cc5d2d7-39af-4b66-8513-17417d4c25e9@group-C7F0FBDD9540:LeaderElection9] INFO  impl.RoleInfo (RoleInfo.java:shutdownLeaderElection(134)) - 7cc5d2d7-39af-4b66-8513-17417d4c25e9: shutdown LeaderElection
2019-09-11 07:01:16,789 [7cc5d2d7-39af-4b66-8513-17417d4c25e9@group-C7F0FBDD9540:LeaderElection9] INFO  impl.RaftServerImpl (RaftServerImpl.java:setRole(174)) - 7cc5d2d7-39af-4b66-8513-17417d4c25e9@group-C7F0FBDD9540: changes role from CANDIDATE to LEADER at term 1 for changeToLeader
2019-09-11 07:01:16,789 [7cc5d2d7-39af-4b66-8513-17417d4c25e9@group-C7F0FBDD9540:LeaderElection9] INFO  impl.RaftServerImpl (ServerState.java:setLeader(253)) - 7cc5d2d7-39af-4b66-8513-17417d4c25e9@group-C7F0FBDD9540: change Leader from null to 7cc5d2d7-39af-4b66-8513-17417d4c25e9 at term 1 for becomeLeader, leader elected after 1162ms
2019-09-11 07:01:16,790 [7cc5d2d7-39af-4b66-8513-17417d4c25e9@group-C7F0FBDD9540:LeaderElection9] INFO  server.RaftServerConfigKeys (ConfUtils.java:logGet(43)) - raft.server.staging.catchup.gap = 1000 (default)
2019-09-11 07:01:16,790 [7cc5d2d7-39af-4b66-8513-17417d4c25e9@group-C7F0FBDD9540:LeaderElection9] INFO  server.RaftServerConfigKeys (ConfUtils.java:logGet(43)) - raft.server.rpc.sleep.time = 25ms (default)
2019-09-11 07:01:16,805 [7cc5d2d7-39af-4b66-8513-17417d4c25e9@group-C7F0FBDD9540:LeaderElection9] INFO  server.RaftServerConfigKeys (ConfUtils.java:logGet(43)) - raft.server.write.element-limit = 4096 (default)
2019-09-11 07:01:16,805 [7cc5d2d7-39af-4b66-8513-17417d4c25e9@group-C7F0FBDD9540:LeaderElection9] INFO  server.RaftServerConfigKeys (ConfUtils.java:logGet(43)) - raft.server.watch.timeout = 10s (default)
2019-09-11 07:01:16,805 [7cc5d2d7-39af-4b66-8513-17417d4c25e9@group-C7F0FBDD9540:LeaderElection9] INFO  server.RaftServerConfigKeys (ConfUtils.java:logGet(43)) - raft.server.watch.timeout.denomination = 1s (default)
2019-09-11 07:01:16,805 [7cc5d2d7-39af-4b66-8513-17417d4c25e9@group-C7F0FBDD9540:LeaderElection9] INFO  server.RaftServerConfigKeys (ConfUtils.java:logGet(43)) - raft.server.watch.element-limit = 65536 (default)
2019-09-11 07:01:16,818 [main] INFO  rpc.RpcClient (RpcClient.java:createBucket(437)) - Creating Bucket: datanodefailurehandlingtest/datanodefailurehandlingtest, with Versioning false and Storage Type set to DISK and Encryption set to false 
2019-09-11 07:01:16,957 [Thread-318] INFO  impl.FollowerState (FollowerState.java:run(106)) - fa05bb76-1792-4734-a2a1-169d8491a525:group-1ACF0AC42BB1 changes to CANDIDATE, lastRpcTime:1173, electionTimeout:1173ms
2019-09-11 07:01:16,957 [Thread-318] INFO  impl.RoleInfo (RoleInfo.java:shutdownFollowerState(121)) - fa05bb76-1792-4734-a2a1-169d8491a525: shutdown FollowerState
2019-09-11 07:01:16,957 [Thread-318] INFO  impl.RaftServerImpl (RaftServerImpl.java:setRole(174)) - fa05bb76-1792-4734-a2a1-169d8491a525@group-1ACF0AC42BB1: changes role from  FOLLOWER to CANDIDATE at term 0 for changeToCandidate
2019-09-11 07:01:16,964 [Thread-318] INFO  impl.RoleInfo (RoleInfo.java:updateAndGet(143)) - fa05bb76-1792-4734-a2a1-169d8491a525: start LeaderElection
2019-09-11 07:01:16,987 [fa05bb76-1792-4734-a2a1-169d8491a525@group-1ACF0AC42BB1:LeaderElection10] INFO  impl.LeaderElection (LeaderElection.java:askForVotes(182)) - fa05bb76-1792-4734-a2a1-169d8491a525@group-1ACF0AC42BB1:LeaderElection10: begin an election at term 1 for -1: [fa05bb76-1792-4734-a2a1-169d8491a525:192.168.5.143:38028], old=null
2019-09-11 07:01:16,987 [fa05bb76-1792-4734-a2a1-169d8491a525@group-1ACF0AC42BB1:LeaderElection10] INFO  impl.RoleInfo (RoleInfo.java:shutdownLeaderElection(134)) - fa05bb76-1792-4734-a2a1-169d8491a525: shutdown LeaderElection
2019-09-11 07:01:16,987 [fa05bb76-1792-4734-a2a1-169d8491a525@group-1ACF0AC42BB1:LeaderElection10] INFO  impl.RaftServerImpl (RaftServerImpl.java:setRole(174)) - fa05bb76-1792-4734-a2a1-169d8491a525@group-1ACF0AC42BB1: changes role from CANDIDATE to LEADER at term 1 for changeToLeader
2019-09-11 07:01:16,987 [fa05bb76-1792-4734-a2a1-169d8491a525@group-1ACF0AC42BB1:LeaderElection10] INFO  impl.RaftServerImpl (ServerState.java:setLeader(253)) - fa05bb76-1792-4734-a2a1-169d8491a525@group-1ACF0AC42BB1: change Leader from null to fa05bb76-1792-4734-a2a1-169d8491a525 at term 1 for becomeLeader, leader elected after 1230ms
2019-09-11 07:01:16,987 [fa05bb76-1792-4734-a2a1-169d8491a525@group-1ACF0AC42BB1:LeaderElection10] INFO  server.RaftServerConfigKeys (ConfUtils.java:logGet(43)) - raft.server.staging.catchup.gap = 1000 (default)
2019-09-11 07:01:16,988 [fa05bb76-1792-4734-a2a1-169d8491a525@group-1ACF0AC42BB1:LeaderElection10] INFO  server.RaftServerConfigKeys (ConfUtils.java:logGet(43)) - raft.server.rpc.sleep.time = 25ms (default)
2019-09-11 07:01:16,998 [fa05bb76-1792-4734-a2a1-169d8491a525@group-1ACF0AC42BB1:LeaderElection10] INFO  server.RaftServerConfigKeys (ConfUtils.java:logGet(43)) - raft.server.write.element-limit = 4096 (default)
2019-09-11 07:01:16,998 [fa05bb76-1792-4734-a2a1-169d8491a525@group-1ACF0AC42BB1:LeaderElection10] INFO  server.RaftServerConfigKeys (ConfUtils.java:logGet(43)) - raft.server.watch.timeout = 10s (default)
2019-09-11 07:01:16,998 [fa05bb76-1792-4734-a2a1-169d8491a525@group-1ACF0AC42BB1:LeaderElection10] INFO  server.RaftServerConfigKeys (ConfUtils.java:logGet(43)) - raft.server.watch.timeout.denomination = 1s (default)
2019-09-11 07:01:16,998 [fa05bb76-1792-4734-a2a1-169d8491a525@group-1ACF0AC42BB1:LeaderElection10] INFO  server.RaftServerConfigKeys (ConfUtils.java:logGet(43)) - raft.server.watch.element-limit = 65536 (default)
2019-09-11 07:01:17,076 [pool-27-thread-1] INFO  impl.RaftServerImpl (RaftServerImpl.java:<init>(95)) - bbdbb4de-2219-47e5-a2b1-d5e525a98c19: new RaftServerImpl for group-D61D25716C8D:[7cc5d2d7-39af-4b66-8513-17417d4c25e9:192.168.5.143:41269, 0159beb9-e28f-41a3-bdd5-1125b6dbb65e:192.168.5.143:44765, bbdbb4de-2219-47e5-a2b1-d5e525a98c19:192.168.5.143:42910] with ContainerStateMachine:uninitialized
2019-09-11 07:01:17,076 [pool-27-thread-1] INFO  server.RaftServerConfigKeys (ConfUtils.java:logGet(43)) - raft.server.rpc.timeout.min = 1s (custom)
2019-09-11 07:01:17,076 [pool-27-thread-1] INFO  server.RaftServerConfigKeys (ConfUtils.java:logGet(43)) - raft.server.rpc.timeout.max = 1200ms (custom)
2019-09-11 07:01:17,076 [pool-27-thread-1] INFO  server.RaftServerConfigKeys (ConfUtils.java:logGet(43)) - raft.server.rpcslowness.timeout = 120s (custom)
2019-09-11 07:01:17,076 [pool-27-thread-1] INFO  server.RaftServerConfigKeys (ConfUtils.java:logGet(43)) - raft.server.sleep.deviation.threshold = 300 (default)
2019-09-11 07:01:17,077 [pool-77-thread-1] INFO  impl.RaftServerImpl (RaftServerImpl.java:<init>(95)) - 7cc5d2d7-39af-4b66-8513-17417d4c25e9: new RaftServerImpl for group-D61D25716C8D:[7cc5d2d7-39af-4b66-8513-17417d4c25e9:192.168.5.143:41269, 0159beb9-e28f-41a3-bdd5-1125b6dbb65e:192.168.5.143:44765, bbdbb4de-2219-47e5-a2b1-d5e525a98c19:192.168.5.143:42910] with ContainerStateMachine:uninitialized
2019-09-11 07:01:17,077 [pool-27-thread-1] INFO  server.RaftServerConfigKeys (ConfUtils.java:logGet(43)) - raft.server.log.appender.install.snapshot.enabled = false (custom)
2019-09-11 07:01:17,077 [pool-77-thread-1] INFO  server.RaftServerConfigKeys (ConfUtils.java:logGet(43)) - raft.server.rpc.timeout.min = 1s (custom)
2019-09-11 07:01:17,077 [pool-27-thread-1] INFO  impl.RaftServerImpl (ServerState.java:<init>(103)) - bbdbb4de-2219-47e5-a2b1-d5e525a98c19@group-D61D25716C8D: ConfigurationManager, init=-1: [7cc5d2d7-39af-4b66-8513-17417d4c25e9:192.168.5.143:41269, 0159beb9-e28f-41a3-bdd5-1125b6dbb65e:192.168.5.143:44765, bbdbb4de-2219-47e5-a2b1-d5e525a98c19:192.168.5.143:42910], old=null, confs=<EMPTY_MAP>
2019-09-11 07:01:17,077 [fa05bb76-1792-4734-a2a1-169d8491a525@group-1ACF0AC42BB1:LeaderElection10] INFO  impl.RoleInfo (RoleInfo.java:updateAndGet(143)) - fa05bb76-1792-4734-a2a1-169d8491a525: start LeaderState
2019-09-11 07:01:17,077 [pool-77-thread-1] INFO  server.RaftServerConfigKeys (ConfUtils.java:logGet(43)) - raft.server.rpc.timeout.max = 1200ms (custom)
2019-09-11 07:01:17,077 [pool-47-thread-1] INFO  impl.RaftServerImpl (RaftServerImpl.java:<init>(95)) - 0159beb9-e28f-41a3-bdd5-1125b6dbb65e: new RaftServerImpl for group-D61D25716C8D:[7cc5d2d7-39af-4b66-8513-17417d4c25e9:192.168.5.143:41269, 0159beb9-e28f-41a3-bdd5-1125b6dbb65e:192.168.5.143:44765, bbdbb4de-2219-47e5-a2b1-d5e525a98c19:192.168.5.143:42910] with ContainerStateMachine:uninitialized
2019-09-11 07:01:17,077 [pool-27-thread-1] INFO  server.RaftServerConfigKeys (ConfUtils.java:logGet(43)) - raft.server.storage.dir = [/workdir/hadoop-ozone/integration-test/target/test-dir/MiniOzoneClusterImpl-17eb7e61-4fa5-444d-af72-e415168ae45d/datanode-0/data/ratis] (custom)
2019-09-11 07:01:17,077 [pool-47-thread-1] INFO  server.RaftServerConfigKeys (ConfUtils.java:logGet(43)) - raft.server.rpc.timeout.min = 1s (custom)
2019-09-11 07:01:17,077 [fa05bb76-1792-4734-a2a1-169d8491a525@group-1ACF0AC42BB1:LeaderElection10] INFO  segmented.SegmentedRaftLogWorker (SegmentedRaftLogWorker.java:startLogSegment(380)) - fa05bb76-1792-4734-a2a1-169d8491a525@group-1ACF0AC42BB1-SegmentedRaftLogWorker: Starting segment from index:0
2019-09-11 07:01:17,077 [pool-77-thread-1] INFO  server.RaftServerConfigKeys (ConfUtils.java:logGet(43)) - raft.server.rpcslowness.timeout = 120s (custom)
2019-09-11 07:01:17,078 [pool-27-thread-1] INFO  storage.RaftStorageDirectory (RaftStorageDirectory.java:analyzeStorage(246)) - The storage directory /workdir/hadoop-ozone/integration-test/target/test-dir/MiniOzoneClusterImpl-17eb7e61-4fa5-444d-af72-e415168ae45d/datanode-0/data/ratis/f4a355b4-515b-426d-bc3d-d61d25716c8d does not exist. Creating ...
2019-09-11 07:01:17,078 [pool-47-thread-1] INFO  server.RaftServerConfigKeys (ConfUtils.java:logGet(43)) - raft.server.rpc.timeout.max = 1200ms (custom)
2019-09-11 07:01:17,078 [pool-77-thread-1] INFO  server.RaftServerConfigKeys (ConfUtils.java:logGet(43)) - raft.server.sleep.deviation.threshold = 300 (default)
2019-09-11 07:01:17,078 [fa05bb76-1792-4734-a2a1-169d8491a525@group-1ACF0AC42BB1:LeaderElection10] INFO  impl.RaftServerImpl (ServerState.java:setRaftConf(354)) - fa05bb76-1792-4734-a2a1-169d8491a525@group-1ACF0AC42BB1: set configuration 0: [fa05bb76-1792-4734-a2a1-169d8491a525:192.168.5.143:38028], old=null at 0
2019-09-11 07:01:17,078 [pool-47-thread-1] INFO  server.RaftServerConfigKeys (ConfUtils.java:logGet(43)) - raft.server.rpcslowness.timeout = 120s (custom)
2019-09-11 07:01:17,078 [pool-77-thread-1] INFO  server.RaftServerConfigKeys (ConfUtils.java:logGet(43)) - raft.server.log.appender.install.snapshot.enabled = false (custom)
2019-09-11 07:01:17,106 [pool-47-thread-1] INFO  server.RaftServerConfigKeys (ConfUtils.java:logGet(43)) - raft.server.sleep.deviation.threshold = 300 (default)
2019-09-11 07:01:17,106 [pool-47-thread-1] INFO  server.RaftServerConfigKeys (ConfUtils.java:logGet(43)) - raft.server.log.appender.install.snapshot.enabled = false (custom)
2019-09-11 07:01:17,106 [Thread-327] INFO  impl.FollowerState (FollowerState.java:run(106)) - c3336af5-ef91-4420-af01-c0c00dc6c530:group-5FF39CBF2ADF changes to CANDIDATE, lastRpcTime:1158, electionTimeout:1131ms
2019-09-11 07:01:17,106 [Thread-330] INFO  impl.FollowerState (FollowerState.java:run(106)) - b366cd81-90f5-4f0e-8fa6-7e105a738d9d:group-5FF39CBF2ADF changes to CANDIDATE, lastRpcTime:1156, electionTimeout:1136ms
2019-09-11 07:01:17,106 [pool-27-thread-1] INFO  storage.RaftStorageDirectory (RaftStorageDirectory.java:tryLock(328)) - Lock on /workdir/hadoop-ozone/integration-test/target/test-dir/MiniOzoneClusterImpl-17eb7e61-4fa5-444d-af72-e415168ae45d/datanode-0/data/ratis/f4a355b4-515b-426d-bc3d-d61d25716c8d/in_use.lock acquired by nodename 2211@pr-hdds-1786-trunk-klbfp-3319181915
2019-09-11 07:01:17,107 [Thread-327] INFO  impl.RoleInfo (RoleInfo.java:shutdownFollowerState(121)) - c3336af5-ef91-4420-af01-c0c00dc6c530: shutdown FollowerState
2019-09-11 07:01:17,107 [pool-47-thread-1] INFO  impl.RaftServerImpl (ServerState.java:<init>(103)) - 0159beb9-e28f-41a3-bdd5-1125b6dbb65e@group-D61D25716C8D: ConfigurationManager, init=-1: [7cc5d2d7-39af-4b66-8513-17417d4c25e9:192.168.5.143:41269, 0159beb9-e28f-41a3-bdd5-1125b6dbb65e:192.168.5.143:44765, bbdbb4de-2219-47e5-a2b1-d5e525a98c19:192.168.5.143:42910], old=null, confs=<EMPTY_MAP>
2019-09-11 07:01:17,107 [pool-77-thread-1] INFO  impl.RaftServerImpl (ServerState.java:<init>(103)) - 7cc5d2d7-39af-4b66-8513-17417d4c25e9@group-D61D25716C8D: ConfigurationManager, init=-1: [7cc5d2d7-39af-4b66-8513-17417d4c25e9:192.168.5.143:41269, 0159beb9-e28f-41a3-bdd5-1125b6dbb65e:192.168.5.143:44765, bbdbb4de-2219-47e5-a2b1-d5e525a98c19:192.168.5.143:42910], old=null, confs=<EMPTY_MAP>
2019-09-11 07:01:17,107 [Thread-327] INFO  impl.RaftServerImpl (RaftServerImpl.java:setRole(174)) - c3336af5-ef91-4420-af01-c0c00dc6c530@group-5FF39CBF2ADF: changes role from  FOLLOWER to CANDIDATE at term 0 for changeToCandidate
2019-09-11 07:01:17,107 [pool-77-thread-1] INFO  server.RaftServerConfigKeys (ConfUtils.java:logGet(43)) - raft.server.storage.dir = [/workdir/hadoop-ozone/integration-test/target/test-dir/MiniOzoneClusterImpl-17eb7e61-4fa5-444d-af72-e415168ae45d/datanode-5/data/ratis] (custom)
2019-09-11 07:01:17,107 [Thread-330] INFO  impl.RoleInfo (RoleInfo.java:shutdownFollowerState(121)) - b366cd81-90f5-4f0e-8fa6-7e105a738d9d: shutdown FollowerState
2019-09-11 07:01:17,107 [Thread-327] INFO  impl.RoleInfo (RoleInfo.java:updateAndGet(143)) - c3336af5-ef91-4420-af01-c0c00dc6c530: start LeaderElection
2019-09-11 07:01:17,107 [7cc5d2d7-39af-4b66-8513-17417d4c25e9@group-C7F0FBDD9540:LeaderElection9] INFO  impl.RoleInfo (RoleInfo.java:updateAndGet(143)) - 7cc5d2d7-39af-4b66-8513-17417d4c25e9: start LeaderState
2019-09-11 07:01:17,107 [pool-47-thread-1] INFO  server.RaftServerConfigKeys (ConfUtils.java:logGet(43)) - raft.server.storage.dir = [/workdir/hadoop-ozone/integration-test/target/test-dir/MiniOzoneClusterImpl-17eb7e61-4fa5-444d-af72-e415168ae45d/datanode-2/data/ratis] (custom)
2019-09-11 07:01:17,108 [pool-77-thread-1] INFO  storage.RaftStorageDirectory (RaftStorageDirectory.java:analyzeStorage(246)) - The storage directory /workdir/hadoop-ozone/integration-test/target/test-dir/MiniOzoneClusterImpl-17eb7e61-4fa5-444d-af72-e415168ae45d/datanode-5/data/ratis/f4a355b4-515b-426d-bc3d-d61d25716c8d does not exist. Creating ...
2019-09-11 07:01:17,112 [pool-47-thread-1] INFO  storage.RaftStorageDirectory (RaftStorageDirectory.java:analyzeStorage(246)) - The storage directory /workdir/hadoop-ozone/integration-test/target/test-dir/MiniOzoneClusterImpl-17eb7e61-4fa5-444d-af72-e415168ae45d/datanode-2/data/ratis/f4a355b4-515b-426d-bc3d-d61d25716c8d does not exist. Creating ...
2019-09-11 07:01:17,112 [0159beb9-e28f-41a3-bdd5-1125b6dbb65e@group-9D34814ED629:LeaderElection8] INFO  impl.RoleInfo (RoleInfo.java:updateAndGet(143)) - 0159beb9-e28f-41a3-bdd5-1125b6dbb65e: start LeaderState
2019-09-11 07:01:17,108 [Thread-330] INFO  impl.RaftServerImpl (RaftServerImpl.java:setRole(174)) - b366cd81-90f5-4f0e-8fa6-7e105a738d9d@group-5FF39CBF2ADF: changes role from  FOLLOWER to CANDIDATE at term 0 for changeToCandidate
2019-09-11 07:01:17,112 [42626b9b-ed01-4037-9282-5fe073f296c6@group-C752A9F3D08A:LeaderElection7] INFO  impl.RoleInfo (RoleInfo.java:updateAndGet(143)) - 42626b9b-ed01-4037-9282-5fe073f296c6: start LeaderState
2019-09-11 07:01:17,108 [7cc5d2d7-39af-4b66-8513-17417d4c25e9@group-C7F0FBDD9540:LeaderElection9] INFO  segmented.SegmentedRaftLogWorker (SegmentedRaftLogWorker.java:startLogSegment(380)) - 7cc5d2d7-39af-4b66-8513-17417d4c25e9@group-C7F0FBDD9540-SegmentedRaftLogWorker: Starting segment from index:0
2019-09-11 07:01:17,113 [42626b9b-ed01-4037-9282-5fe073f296c6@group-C752A9F3D08A:LeaderElection7] INFO  segmented.SegmentedRaftLogWorker (SegmentedRaftLogWorker.java:startLogSegment(380)) - 42626b9b-ed01-4037-9282-5fe073f296c6@group-C752A9F3D08A-SegmentedRaftLogWorker: Starting segment from index:0
2019-09-11 07:01:17,113 [Thread-330] INFO  impl.RoleInfo (RoleInfo.java:updateAndGet(143)) - b366cd81-90f5-4f0e-8fa6-7e105a738d9d: start LeaderElection
2019-09-11 07:01:17,113 [0159beb9-e28f-41a3-bdd5-1125b6dbb65e@group-9D34814ED629:LeaderElection8] INFO  segmented.SegmentedRaftLogWorker (SegmentedRaftLogWorker.java:startLogSegment(380)) - 0159beb9-e28f-41a3-bdd5-1125b6dbb65e@group-9D34814ED629-SegmentedRaftLogWorker: Starting segment from index:0
2019-09-11 07:01:17,113 [7cc5d2d7-39af-4b66-8513-17417d4c25e9@group-C7F0FBDD9540:LeaderElection9] INFO  impl.RaftServerImpl (ServerState.java:setRaftConf(354)) - 7cc5d2d7-39af-4b66-8513-17417d4c25e9@group-C7F0FBDD9540: set configuration 0: [7cc5d2d7-39af-4b66-8513-17417d4c25e9:192.168.5.143:41269], old=null at 0
2019-09-11 07:01:17,113 [4a2aa8aa-5edc-4f5e-99ad-9332c6d3f836@group-DD5B935E9414:LeaderElection6] INFO  impl.RoleInfo (RoleInfo.java:updateAndGet(143)) - 4a2aa8aa-5edc-4f5e-99ad-9332c6d3f836: start LeaderState
2019-09-11 07:01:17,115 [42626b9b-ed01-4037-9282-5fe073f296c6@group-C752A9F3D08A:LeaderElection7] INFO  impl.RaftServerImpl (ServerState.java:setRaftConf(354)) - 42626b9b-ed01-4037-9282-5fe073f296c6@group-C752A9F3D08A: set configuration 0: [42626b9b-ed01-4037-9282-5fe073f296c6:192.168.5.143:37220], old=null at 0
2019-09-11 07:01:17,118 [Thread-283] INFO  container.ReplicationManager (ReplicationManager.java:start(162)) - Starting Replication Monitor Thread.
2019-09-11 07:01:17,118 [4a2aa8aa-5edc-4f5e-99ad-9332c6d3f836@group-DD5B935E9414:LeaderElection6] INFO  segmented.SegmentedRaftLogWorker (SegmentedRaftLogWorker.java:startLogSegment(380)) - 4a2aa8aa-5edc-4f5e-99ad-9332c6d3f836@group-DD5B935E9414-SegmentedRaftLogWorker: Starting segment from index:0
2019-09-11 07:01:17,119 [0159beb9-e28f-41a3-bdd5-1125b6dbb65e@group-9D34814ED629:LeaderElection8] INFO  impl.RaftServerImpl (ServerState.java:setRaftConf(354)) - 0159beb9-e28f-41a3-bdd5-1125b6dbb65e@group-9D34814ED629: set configuration 0: [0159beb9-e28f-41a3-bdd5-1125b6dbb65e:192.168.5.143:44765], old=null at 0
2019-09-11 07:01:17,119 [4a2aa8aa-5edc-4f5e-99ad-9332c6d3f836@group-DD5B935E9414:LeaderElection6] INFO  impl.RaftServerImpl (ServerState.java:setRaftConf(354)) - 4a2aa8aa-5edc-4f5e-99ad-9332c6d3f836@group-DD5B935E9414: set configuration 0: [4a2aa8aa-5edc-4f5e-99ad-9332c6d3f836:192.168.5.143:42220], old=null at 0
2019-09-11 07:01:17,148 [Thread-329] INFO  impl.FollowerState (FollowerState.java:run(106)) - e76620e4-5df3-481a-bd8d-e91ef558e102:group-5FF39CBF2ADF changes to CANDIDATE, lastRpcTime:1199, electionTimeout:1196ms
2019-09-11 07:01:17,148 [Thread-329] INFO  impl.RoleInfo (RoleInfo.java:shutdownFollowerState(121)) - e76620e4-5df3-481a-bd8d-e91ef558e102: shutdown FollowerState
2019-09-11 07:01:17,148 [Thread-329] INFO  impl.RaftServerImpl (RaftServerImpl.java:setRole(174)) - e76620e4-5df3-481a-bd8d-e91ef558e102@group-5FF39CBF2ADF: changes role from  FOLLOWER to CANDIDATE at term 0 for changeToCandidate
2019-09-11 07:01:17,149 [pool-27-thread-1] INFO  storage.RaftStorage (RaftStorage.java:format(72)) - Storage directory /workdir/hadoop-ozone/integration-test/target/test-dir/MiniOzoneClusterImpl-17eb7e61-4fa5-444d-af72-e415168ae45d/datanode-0/data/ratis/f4a355b4-515b-426d-bc3d-d61d25716c8d has been successfully formatted.
2019-09-11 07:01:17,149 [fa05bb76-1792-4734-a2a1-169d8491a525@group-1ACF0AC42BB1-SegmentedRaftLogWorker] INFO  segmented.SegmentedRaftLogWorker (SegmentedRaftLogWorker.java:execute(569)) - fa05bb76-1792-4734-a2a1-169d8491a525@group-1ACF0AC42BB1-SegmentedRaftLogWorker: created new log segment /workdir/hadoop-ozone/integration-test/target/test-dir/MiniOzoneClusterImpl-17eb7e61-4fa5-444d-af72-e415168ae45d/datanode-6/data/ratis/21233ed3-7c03-49b2-97c8-1acf0ac42bb1/current/log_inprogress_0
2019-09-11 07:01:17,149 [pool-27-thread-1] INFO  ratis.ContainerStateMachine (ContainerStateMachine.java:loadSnapshot(230)) - group-D61D25716C8D: The snapshot info is null. Setting the last applied indexto:(t:0, i:~)
2019-09-11 07:01:17,149 [pool-27-thread-1] INFO  server.RaftServerConfigKeys (ConfUtils.java:logGet(43)) - raft.server.notification.no-leader.timeout = 120s (custom)
2019-09-11 07:01:17,150 [pool-27-thread-1] INFO  server.RaftServerConfigKeys (ConfUtils.java:logGet(43)) - raft.server.log.use.memory = false (default)
2019-09-11 07:01:17,150 [pool-27-thread-1] INFO  server.RaftServerConfigKeys (ConfUtils.java:logGet(43)) - raft.server.log.purge.gap = 1000000 (custom)
2019-09-11 07:01:17,150 [pool-27-thread-1] INFO  server.RaftServerConfigKeys (ConfUtils.java:logGet(43)) - raft.server.log.appender.buffer.byte-limit = 33554432 (custom)
2019-09-11 07:01:17,150 [pool-27-thread-1] INFO  server.RaftServerConfigKeys (ConfUtils.java:logGet(43)) - raft.server.log.segment.size.max = 1048576 (custom)
2019-09-11 07:01:17,150 [pool-27-thread-1] INFO  server.RaftServerConfigKeys (ConfUtils.java:logGet(43)) - raft.server.log.segment.cache.num.max = 2 (custom)
2019-09-11 07:01:17,150 [pool-27-thread-1] INFO  segmented.SegmentedRaftLogWorker (SegmentedRaftLogWorker.java:<init>(172)) - new bbdbb4de-2219-47e5-a2b1-d5e525a98c19@group-D61D25716C8D-SegmentedRaftLogWorker for RaftStorage:Storage Directory /workdir/hadoop-ozone/integration-test/target/test-dir/MiniOzoneClusterImpl-17eb7e61-4fa5-444d-af72-e415168ae45d/datanode-0/data/ratis/f4a355b4-515b-426d-bc3d-d61d25716c8d
2019-09-11 07:01:17,150 [pool-27-thread-1] INFO  server.RaftServerConfigKeys (ConfUtils.java:logGet(43)) - raft.server.log.queue.byte-limit = 2147483647 (custom)
2019-09-11 07:01:17,151 [pool-27-thread-1] INFO  server.RaftServerConfigKeys (ConfUtils.java:logGet(43)) - raft.server.log.queue.element-limit = 1024 (custom)
2019-09-11 07:01:17,151 [pool-27-thread-1] INFO  server.RaftServerConfigKeys (ConfUtils.java:logGet(43)) - raft.server.log.segment.size.max = 1048576 (custom)
2019-09-11 07:01:17,151 [pool-27-thread-1] INFO  server.RaftServerConfigKeys (ConfUtils.java:logGet(43)) - raft.server.log.preallocated.size = 16384 (custom)
2019-09-11 07:01:17,151 [pool-27-thread-1] INFO  server.RaftServerConfigKeys (ConfUtils.java:logGet(43)) - raft.server.log.write.buffer.size = 33554432 (custom)
2019-09-11 07:01:17,151 [pool-27-thread-1] INFO  server.RaftServerConfigKeys (ConfUtils.java:logGet(43)) - raft.server.log.force.sync.num = 128 (default)
2019-09-11 07:01:17,151 [pool-27-thread-1] INFO  server.RaftServerConfigKeys (ConfUtils.java:logGet(43)) - raft.server.log.statemachine.data.sync = true (default)
2019-09-11 07:01:17,151 [pool-27-thread-1] INFO  server.RaftServerConfigKeys (ConfUtils.java:logGet(43)) - raft.server.log.statemachine.data.sync.timeout = 10s (default)
2019-09-11 07:01:17,151 [pool-27-thread-1] INFO  server.RaftServerConfigKeys (ConfUtils.java:logGet(43)) - raft.server.log.statemachine.data.sync.timeout.retry = -1 (default)
2019-09-11 07:01:17,183 [Thread-339] INFO  impl.FollowerState (FollowerState.java:run(106)) - 4523c126-f03b-4acb-be3e-4c406fe3aaad:group-7CDE87E80901 changes to CANDIDATE, lastRpcTime:1103, electionTimeout:1094ms
2019-09-11 07:01:17,184 [7cc5d2d7-39af-4b66-8513-17417d4c25e9@group-C7F0FBDD9540-SegmentedRaftLogWorker] INFO  segmented.SegmentedRaftLogWorker (SegmentedRaftLogWorker.java:execute(569)) - 7cc5d2d7-39af-4b66-8513-17417d4c25e9@group-C7F0FBDD9540-SegmentedRaftLogWorker: created new log segment /workdir/hadoop-ozone/integration-test/target/test-dir/MiniOzoneClusterImpl-17eb7e61-4fa5-444d-af72-e415168ae45d/datanode-5/data/ratis/00970288-7233-40a8-93e8-c7f0fbdd9540/current/log_inprogress_0
2019-09-11 07:01:17,184 [Thread-329] INFO  impl.RoleInfo (RoleInfo.java:updateAndGet(143)) - e76620e4-5df3-481a-bd8d-e91ef558e102: start LeaderElection
2019-09-11 07:01:17,184 [Thread-339] INFO  impl.RoleInfo (RoleInfo.java:shutdownFollowerState(121)) - 4523c126-f03b-4acb-be3e-4c406fe3aaad: shutdown FollowerState
2019-09-11 07:01:17,184 [b366cd81-90f5-4f0e-8fa6-7e105a738d9d@group-5FF39CBF2ADF:LeaderElection12] INFO  impl.LeaderElection (LeaderElection.java:askForVotes(182)) - b366cd81-90f5-4f0e-8fa6-7e105a738d9d@group-5FF39CBF2ADF:LeaderElection12: begin an election at term 1 for -1: [b366cd81-90f5-4f0e-8fa6-7e105a738d9d:192.168.5.143:43234, e76620e4-5df3-481a-bd8d-e91ef558e102:192.168.5.143:40986, c3336af5-ef91-4420-af01-c0c00dc6c530:192.168.5.143:40781], old=null
2019-09-11 07:01:17,184 [c3336af5-ef91-4420-af01-c0c00dc6c530@group-5FF39CBF2ADF:LeaderElection11] INFO  impl.LeaderElection (LeaderElection.java:askForVotes(182)) - c3336af5-ef91-4420-af01-c0c00dc6c530@group-5FF39CBF2ADF:LeaderElection11: begin an election at term 1 for -1: [b366cd81-90f5-4f0e-8fa6-7e105a738d9d:192.168.5.143:43234, e76620e4-5df3-481a-bd8d-e91ef558e102:192.168.5.143:40986, c3336af5-ef91-4420-af01-c0c00dc6c530:192.168.5.143:40781], old=null
2019-09-11 07:01:17,183 [0159beb9-e28f-41a3-bdd5-1125b6dbb65e@group-9D34814ED629-SegmentedRaftLogWorker] INFO  segmented.SegmentedRaftLogWorker (SegmentedRaftLogWorker.java:execute(569)) - 0159beb9-e28f-41a3-bdd5-1125b6dbb65e@group-9D34814ED629-SegmentedRaftLogWorker: created new log segment /workdir/hadoop-ozone/integration-test/target/test-dir/MiniOzoneClusterImpl-17eb7e61-4fa5-444d-af72-e415168ae45d/datanode-2/data/ratis/29423266-2075-46b2-971e-9d34814ed629/current/log_inprogress_0
2019-09-11 07:01:17,184 [Thread-339] INFO  impl.RaftServerImpl (RaftServerImpl.java:setRole(174)) - 4523c126-f03b-4acb-be3e-4c406fe3aaad@group-7CDE87E80901: changes role from  FOLLOWER to CANDIDATE at term 0 for changeToCandidate
2019-09-11 07:01:17,184 [pool-27-thread-1] INFO  server.RaftServerConfigKeys (ConfUtils.java:logGet(43)) - raft.server.log.statemachine.data.caching.enabled = true (custom)
2019-09-11 07:01:17,188 [ReplicationMonitor] INFO  container.ReplicationManager (ReplicationManager.java:run(225)) - Replication Monitor Thread took 4 milliseconds for processing 0 containers.
2019-09-11 07:01:17,188 [Thread-339] INFO  impl.RoleInfo (RoleInfo.java:updateAndGet(143)) - 4523c126-f03b-4acb-be3e-4c406fe3aaad: start LeaderElection
2019-09-11 07:01:17,189 [pool-27-thread-1] INFO  segmented.SegmentedRaftLogWorker (SegmentedRaftLogWorker.java:lambda$new$0(132)) - bbdbb4de-2219-47e5-a2b1-d5e525a98c19@group-D61D25716C8D-SegmentedRaftLogWorker: flushIndex: setUnconditionally 0 -> -1
2019-09-11 07:01:17,192 [pool-27-thread-1] INFO  server.RaftServerConfigKeys (ConfUtils.java:logGet(43)) - raft.server.snapshot.auto.trigger.enabled = true (custom)
2019-09-11 07:01:17,192 [pool-27-thread-1] INFO  server.RaftServerConfigKeys (ConfUtils.java:logGet(43)) - raft.server.snapshot.auto.trigger.threshold = 10000 (custom)
2019-09-11 07:01:17,192 [pool-27-thread-1] INFO  server.RaftServerConfigKeys (ConfUtils.java:logGet(43)) - raft.server.snapshot.retention.num.files = 5 (custom)
2019-09-11 07:01:17,192 [pool-27-thread-1] INFO  server.RaftServerConfigKeys (ConfUtils.java:logGet(43)) - raft.server.retrycache.expirytime = 600000ms (custom)
2019-09-11 07:01:17,195 [pool-27-thread-1] INFO  impl.RaftServerImpl (RaftServerImpl.java:start(185)) - bbdbb4de-2219-47e5-a2b1-d5e525a98c19@group-D61D25716C8D: start as a follower, conf=-1: [7cc5d2d7-39af-4b66-8513-17417d4c25e9:192.168.5.143:41269, 0159beb9-e28f-41a3-bdd5-1125b6dbb65e:192.168.5.143:44765, bbdbb4de-2219-47e5-a2b1-d5e525a98c19:192.168.5.143:42910], old=null
2019-09-11 07:01:17,195 [pool-27-thread-1] INFO  impl.RaftServerImpl (RaftServerImpl.java:setRole(174)) - bbdbb4de-2219-47e5-a2b1-d5e525a98c19@group-D61D25716C8D: changes role from      null to FOLLOWER at term 0 for startAsFollower
2019-09-11 07:01:17,195 [pool-27-thread-1] INFO  impl.RoleInfo (RoleInfo.java:updateAndGet(143)) - bbdbb4de-2219-47e5-a2b1-d5e525a98c19: start FollowerState
2019-09-11 07:01:17,196 [pool-27-thread-1] INFO  util.JmxRegister (JmxRegister.java:tryRegister(44)) - Successfully registered JMX Bean with object name Ratis:service=RaftServer,group=group-D61D25716C8D,id=bbdbb4de-2219-47e5-a2b1-d5e525a98c19
2019-09-11 07:01:17,208 [Thread-342] INFO  impl.FollowerState (FollowerState.java:run(106)) - 42626b9b-ed01-4037-9282-5fe073f296c6:group-7CDE87E80901 changes to CANDIDATE, lastRpcTime:1095, electionTimeout:1095ms
2019-09-11 07:01:17,208 [Thread-342] INFO  impl.RoleInfo (RoleInfo.java:shutdownFollowerState(121)) - 42626b9b-ed01-4037-9282-5fe073f296c6: shutdown FollowerState
2019-09-11 07:01:17,208 [Thread-342] INFO  impl.RaftServerImpl (RaftServerImpl.java:setRole(174)) - 42626b9b-ed01-4037-9282-5fe073f296c6@group-7CDE87E80901: changes role from  FOLLOWER to CANDIDATE at term 0 for changeToCandidate
2019-09-11 07:01:17,208 [Thread-342] INFO  impl.RoleInfo (RoleInfo.java:updateAndGet(143)) - 42626b9b-ed01-4037-9282-5fe073f296c6: start LeaderElection
2019-09-11 07:01:17,221 [pool-47-thread-1] INFO  storage.RaftStorageDirectory (RaftStorageDirectory.java:tryLock(328)) - Lock on /workdir/hadoop-ozone/integration-test/target/test-dir/MiniOzoneClusterImpl-17eb7e61-4fa5-444d-af72-e415168ae45d/datanode-2/data/ratis/f4a355b4-515b-426d-bc3d-d61d25716c8d/in_use.lock acquired by nodename 2211@pr-hdds-1786-trunk-klbfp-3319181915
2019-09-11 07:01:17,221 [4523c126-f03b-4acb-be3e-4c406fe3aaad@group-7CDE87E80901:LeaderElection14] INFO  impl.LeaderElection (LeaderElection.java:askForVotes(182)) - 4523c126-f03b-4acb-be3e-4c406fe3aaad@group-7CDE87E80901:LeaderElection14: begin an election at term 1 for -1: [42626b9b-ed01-4037-9282-5fe073f296c6:192.168.5.143:37220, 4523c126-f03b-4acb-be3e-4c406fe3aaad:192.168.5.143:34504, 4a2aa8aa-5edc-4f5e-99ad-9332c6d3f836:192.168.5.143:42220], old=null
2019-09-11 07:01:17,223 [e76620e4-5df3-481a-bd8d-e91ef558e102@group-5FF39CBF2ADF:LeaderElection13] INFO  impl.LeaderElection (LeaderElection.java:askForVotes(182)) - e76620e4-5df3-481a-bd8d-e91ef558e102@group-5FF39CBF2ADF:LeaderElection13: begin an election at term 1 for -1: [b366cd81-90f5-4f0e-8fa6-7e105a738d9d:192.168.5.143:43234, e76620e4-5df3-481a-bd8d-e91ef558e102:192.168.5.143:40986, c3336af5-ef91-4420-af01-c0c00dc6c530:192.168.5.143:40781], old=null
2019-09-11 07:01:17,221 [pool-77-thread-1] INFO  storage.RaftStorageDirectory (RaftStorageDirectory.java:tryLock(328)) - Lock on /workdir/hadoop-ozone/integration-test/target/test-dir/MiniOzoneClusterImpl-17eb7e61-4fa5-444d-af72-e415168ae45d/datanode-5/data/ratis/f4a355b4-515b-426d-bc3d-d61d25716c8d/in_use.lock acquired by nodename 2211@pr-hdds-1786-trunk-klbfp-3319181915
2019-09-11 07:01:17,221 [42626b9b-ed01-4037-9282-5fe073f296c6@group-C752A9F3D08A-SegmentedRaftLogWorker] INFO  segmented.SegmentedRaftLogWorker (SegmentedRaftLogWorker.java:execute(569)) - 42626b9b-ed01-4037-9282-5fe073f296c6@group-C752A9F3D08A-SegmentedRaftLogWorker: created new log segment /workdir/hadoop-ozone/integration-test/target/test-dir/MiniOzoneClusterImpl-17eb7e61-4fa5-444d-af72-e415168ae45d/datanode-1/data/ratis/43e405e3-b237-4c77-bacc-c752a9f3d08a/current/log_inprogress_0
2019-09-11 07:01:17,223 [4a2aa8aa-5edc-4f5e-99ad-9332c6d3f836@group-DD5B935E9414-SegmentedRaftLogWorker] INFO  segmented.SegmentedRaftLogWorker (SegmentedRaftLogWorker.java:execute(569)) - 4a2aa8aa-5edc-4f5e-99ad-9332c6d3f836@group-DD5B935E9414-SegmentedRaftLogWorker: created new log segment /workdir/hadoop-ozone/integration-test/target/test-dir/MiniOzoneClusterImpl-17eb7e61-4fa5-444d-af72-e415168ae45d/datanode-9/data/ratis/3c57d50a-f690-49b8-bc22-dd5b935e9414/current/log_inprogress_0
2019-09-11 07:01:17,252 [pool-77-thread-1] INFO  storage.RaftStorage (RaftStorage.java:format(72)) - Storage directory /workdir/hadoop-ozone/integration-test/target/test-dir/MiniOzoneClusterImpl-17eb7e61-4fa5-444d-af72-e415168ae45d/datanode-5/data/ratis/f4a355b4-515b-426d-bc3d-d61d25716c8d has been successfully formatted.
2019-09-11 07:01:17,252 [42626b9b-ed01-4037-9282-5fe073f296c6@group-7CDE87E80901:LeaderElection15] INFO  impl.LeaderElection (LeaderElection.java:askForVotes(182)) - 42626b9b-ed01-4037-9282-5fe073f296c6@group-7CDE87E80901:LeaderElection15: begin an election at term 1 for -1: [42626b9b-ed01-4037-9282-5fe073f296c6:192.168.5.143:37220, 4523c126-f03b-4acb-be3e-4c406fe3aaad:192.168.5.143:34504, 4a2aa8aa-5edc-4f5e-99ad-9332c6d3f836:192.168.5.143:42220], old=null
2019-09-11 07:01:17,254 [pool-77-thread-1] INFO  ratis.ContainerStateMachine (ContainerStateMachine.java:loadSnapshot(230)) - group-D61D25716C8D: The snapshot info is null. Setting the last applied indexto:(t:0, i:~)
2019-09-11 07:01:17,254 [pool-77-thread-1] INFO  server.RaftServerConfigKeys (ConfUtils.java:logGet(43)) - raft.server.notification.no-leader.timeout = 120s (custom)
2019-09-11 07:01:17,254 [pool-77-thread-1] INFO  server.RaftServerConfigKeys (ConfUtils.java:logGet(43)) - raft.server.log.use.memory = false (default)
2019-09-11 07:01:17,254 [pool-77-thread-1] INFO  server.RaftServerConfigKeys (ConfUtils.java:logGet(43)) - raft.server.log.purge.gap = 1000000 (custom)
2019-09-11 07:01:17,254 [Thread-341] INFO  impl.FollowerState (FollowerState.java:run(106)) - 4a2aa8aa-5edc-4f5e-99ad-9332c6d3f836:group-7CDE87E80901 changes to CANDIDATE, lastRpcTime:1142, electionTimeout:1142ms
2019-09-11 07:01:17,254 [pool-77-thread-1] INFO  server.RaftServerConfigKeys (ConfUtils.java:logGet(43)) - raft.server.log.appender.buffer.byte-limit = 33554432 (custom)
2019-09-11 07:01:17,255 [Thread-341] INFO  impl.RoleInfo (RoleInfo.java:shutdownFollowerState(121)) - 4a2aa8aa-5edc-4f5e-99ad-9332c6d3f836: shutdown FollowerState
2019-09-11 07:01:17,255 [pool-77-thread-1] INFO  server.RaftServerConfigKeys (ConfUtils.java:logGet(43)) - raft.server.log.segment.size.max = 1048576 (custom)
2019-09-11 07:01:17,258 [Thread-341] INFO  impl.RaftServerImpl (RaftServerImpl.java:setRole(174)) - 4a2aa8aa-5edc-4f5e-99ad-9332c6d3f836@group-7CDE87E80901: changes role from  FOLLOWER to CANDIDATE at term 0 for changeToCandidate
2019-09-11 07:01:17,260 [pool-47-thread-1] INFO  storage.RaftStorage (RaftStorage.java:format(72)) - Storage directory /workdir/hadoop-ozone/integration-test/target/test-dir/MiniOzoneClusterImpl-17eb7e61-4fa5-444d-af72-e415168ae45d/datanode-2/data/ratis/f4a355b4-515b-426d-bc3d-d61d25716c8d has been successfully formatted.
2019-09-11 07:01:17,261 [Thread-341] INFO  impl.RoleInfo (RoleInfo.java:updateAndGet(143)) - 4a2aa8aa-5edc-4f5e-99ad-9332c6d3f836: start LeaderElection
2019-09-11 07:01:17,261 [pool-77-thread-1] INFO  server.RaftServerConfigKeys (ConfUtils.java:logGet(43)) - raft.server.log.segment.cache.num.max = 2 (custom)
2019-09-11 07:01:17,261 [pool-47-thread-1] INFO  ratis.ContainerStateMachine (ContainerStateMachine.java:loadSnapshot(230)) - group-D61D25716C8D: The snapshot info is null. Setting the last applied indexto:(t:0, i:~)
2019-09-11 07:01:17,261 [pool-77-thread-1] INFO  segmented.SegmentedRaftLogWorker (SegmentedRaftLogWorker.java:<init>(172)) - new 7cc5d2d7-39af-4b66-8513-17417d4c25e9@group-D61D25716C8D-SegmentedRaftLogWorker for RaftStorage:Storage Directory /workdir/hadoop-ozone/integration-test/target/test-dir/MiniOzoneClusterImpl-17eb7e61-4fa5-444d-af72-e415168ae45d/datanode-5/data/ratis/f4a355b4-515b-426d-bc3d-d61d25716c8d
2019-09-11 07:01:17,263 [pool-47-thread-1] INFO  server.RaftServerConfigKeys (ConfUtils.java:logGet(43)) - raft.server.notification.no-leader.timeout = 120s (custom)
2019-09-11 07:01:17,267 [pool-77-thread-1] INFO  server.RaftServerConfigKeys (ConfUtils.java:logGet(43)) - raft.server.log.queue.byte-limit = 2147483647 (custom)
2019-09-11 07:01:17,267 [pool-47-thread-1] INFO  server.RaftServerConfigKeys (ConfUtils.java:logGet(43)) - raft.server.log.use.memory = false (default)
2019-09-11 07:01:17,267 [pool-77-thread-1] INFO  server.RaftServerConfigKeys (ConfUtils.java:logGet(43)) - raft.server.log.queue.element-limit = 1024 (custom)
2019-09-11 07:01:17,267 [pool-47-thread-1] INFO  server.RaftServerConfigKeys (ConfUtils.java:logGet(43)) - raft.server.log.purge.gap = 1000000 (custom)
2019-09-11 07:01:17,267 [pool-77-thread-1] INFO  server.RaftServerConfigKeys (ConfUtils.java:logGet(43)) - raft.server.log.segment.size.max = 1048576 (custom)
2019-09-11 07:01:17,267 [pool-47-thread-1] INFO  server.RaftServerConfigKeys (ConfUtils.java:logGet(43)) - raft.server.log.appender.buffer.byte-limit = 33554432 (custom)
2019-09-11 07:01:17,267 [pool-77-thread-1] INFO  server.RaftServerConfigKeys (ConfUtils.java:logGet(43)) - raft.server.log.preallocated.size = 16384 (custom)
2019-09-11 07:01:17,267 [pool-47-thread-1] INFO  server.RaftServerConfigKeys (ConfUtils.java:logGet(43)) - raft.server.log.segment.size.max = 1048576 (custom)
2019-09-11 07:01:17,268 [pool-77-thread-1] INFO  server.RaftServerConfigKeys (ConfUtils.java:logGet(43)) - raft.server.log.write.buffer.size = 33554432 (custom)
2019-09-11 07:01:17,270 [pool-47-thread-1] INFO  server.RaftServerConfigKeys (ConfUtils.java:logGet(43)) - raft.server.log.segment.cache.num.max = 2 (custom)
2019-09-11 07:01:17,270 [pool-77-thread-1] INFO  server.RaftServerConfigKeys (ConfUtils.java:logGet(43)) - raft.server.log.force.sync.num = 128 (default)
2019-09-11 07:01:17,270 [pool-47-thread-1] INFO  segmented.SegmentedRaftLogWorker (SegmentedRaftLogWorker.java:<init>(172)) - new 0159beb9-e28f-41a3-bdd5-1125b6dbb65e@group-D61D25716C8D-SegmentedRaftLogWorker for RaftStorage:Storage Directory /workdir/hadoop-ozone/integration-test/target/test-dir/MiniOzoneClusterImpl-17eb7e61-4fa5-444d-af72-e415168ae45d/datanode-2/data/ratis/f4a355b4-515b-426d-bc3d-d61d25716c8d
2019-09-11 07:01:17,270 [pool-77-thread-1] INFO  server.RaftServerConfigKeys (ConfUtils.java:logGet(43)) - raft.server.log.statemachine.data.sync = true (default)
2019-09-11 07:01:17,270 [pool-47-thread-1] INFO  server.RaftServerConfigKeys (ConfUtils.java:logGet(43)) - raft.server.log.queue.byte-limit = 2147483647 (custom)
2019-09-11 07:01:17,270 [pool-77-thread-1] INFO  server.RaftServerConfigKeys (ConfUtils.java:logGet(43)) - raft.server.log.statemachine.data.sync.timeout = 10s (default)
2019-09-11 07:01:17,270 [pool-47-thread-1] INFO  server.RaftServerConfigKeys (ConfUtils.java:logGet(43)) - raft.server.log.queue.element-limit = 1024 (custom)
2019-09-11 07:01:17,270 [pool-77-thread-1] INFO  server.RaftServerConfigKeys (ConfUtils.java:logGet(43)) - raft.server.log.statemachine.data.sync.timeout.retry = -1 (default)
2019-09-11 07:01:17,273 [pool-47-thread-1] INFO  server.RaftServerConfigKeys (ConfUtils.java:logGet(43)) - raft.server.log.segment.size.max = 1048576 (custom)
2019-09-11 07:01:17,273 [pool-47-thread-1] INFO  server.RaftServerConfigKeys (ConfUtils.java:logGet(43)) - raft.server.log.preallocated.size = 16384 (custom)
2019-09-11 07:01:17,273 [pool-77-thread-1] INFO  server.RaftServerConfigKeys (ConfUtils.java:logGet(43)) - raft.server.log.statemachine.data.caching.enabled = true (custom)
2019-09-11 07:01:17,273 [pool-47-thread-1] INFO  server.RaftServerConfigKeys (ConfUtils.java:logGet(43)) - raft.server.log.write.buffer.size = 33554432 (custom)
2019-09-11 07:01:17,279 [pool-47-thread-1] INFO  server.RaftServerConfigKeys (ConfUtils.java:logGet(43)) - raft.server.log.force.sync.num = 128 (default)
2019-09-11 07:01:17,279 [pool-47-thread-1] INFO  server.RaftServerConfigKeys (ConfUtils.java:logGet(43)) - raft.server.log.statemachine.data.sync = true (default)
2019-09-11 07:01:17,279 [pool-77-thread-1] INFO  segmented.SegmentedRaftLogWorker (SegmentedRaftLogWorker.java:lambda$new$0(132)) - 7cc5d2d7-39af-4b66-8513-17417d4c25e9@group-D61D25716C8D-SegmentedRaftLogWorker: flushIndex: setUnconditionally 0 -> -1
2019-09-11 07:01:17,279 [pool-47-thread-1] INFO  server.RaftServerConfigKeys (ConfUtils.java:logGet(43)) - raft.server.log.statemachine.data.sync.timeout = 10s (default)
2019-09-11 07:01:17,279 [pool-47-thread-1] INFO  server.RaftServerConfigKeys (ConfUtils.java:logGet(43)) - raft.server.log.statemachine.data.sync.timeout.retry = -1 (default)
2019-09-11 07:01:17,279 [pool-77-thread-1] INFO  server.RaftServerConfigKeys (ConfUtils.java:logGet(43)) - raft.server.snapshot.auto.trigger.enabled = true (custom)
2019-09-11 07:01:17,279 [pool-47-thread-1] INFO  server.RaftServerConfigKeys (ConfUtils.java:logGet(43)) - raft.server.log.statemachine.data.caching.enabled = true (custom)
2019-09-11 07:01:17,279 [pool-77-thread-1] INFO  server.RaftServerConfigKeys (ConfUtils.java:logGet(43)) - raft.server.snapshot.auto.trigger.threshold = 10000 (custom)
2019-09-11 07:01:17,282 [pool-77-thread-1] INFO  server.RaftServerConfigKeys (ConfUtils.java:logGet(43)) - raft.server.snapshot.retention.num.files = 5 (custom)
2019-09-11 07:01:17,282 [pool-77-thread-1] INFO  server.RaftServerConfigKeys (ConfUtils.java:logGet(43)) - raft.server.retrycache.expirytime = 600000ms (custom)
2019-09-11 07:01:17,284 [pool-47-thread-1] INFO  segmented.SegmentedRaftLogWorker (SegmentedRaftLogWorker.java:lambda$new$0(132)) - 0159beb9-e28f-41a3-bdd5-1125b6dbb65e@group-D61D25716C8D-SegmentedRaftLogWorker: flushIndex: setUnconditionally 0 -> -1
2019-09-11 07:01:17,294 [4a2aa8aa-5edc-4f5e-99ad-9332c6d3f836@group-7CDE87E80901:LeaderElection16] INFO  impl.LeaderElection (LeaderElection.java:askForVotes(182)) - 4a2aa8aa-5edc-4f5e-99ad-9332c6d3f836@group-7CDE87E80901:LeaderElection16: begin an election at term 1 for -1: [42626b9b-ed01-4037-9282-5fe073f296c6:192.168.5.143:37220, 4523c126-f03b-4acb-be3e-4c406fe3aaad:192.168.5.143:34504, 4a2aa8aa-5edc-4f5e-99ad-9332c6d3f836:192.168.5.143:42220], old=null
2019-09-11 07:01:17,294 [pool-47-thread-1] INFO  server.RaftServerConfigKeys (ConfUtils.java:logGet(43)) - raft.server.snapshot.auto.trigger.enabled = true (custom)
2019-09-11 07:01:17,295 [pool-47-thread-1] INFO  server.RaftServerConfigKeys (ConfUtils.java:logGet(43)) - raft.server.snapshot.auto.trigger.threshold = 10000 (custom)
2019-09-11 07:01:17,295 [pool-47-thread-1] INFO  server.RaftServerConfigKeys (ConfUtils.java:logGet(43)) - raft.server.snapshot.retention.num.files = 5 (custom)
2019-09-11 07:01:17,295 [pool-47-thread-1] INFO  server.RaftServerConfigKeys (ConfUtils.java:logGet(43)) - raft.server.retrycache.expirytime = 600000ms (custom)
2019-09-11 07:01:17,299 [pool-77-thread-1] INFO  impl.RaftServerImpl (RaftServerImpl.java:start(185)) - 7cc5d2d7-39af-4b66-8513-17417d4c25e9@group-D61D25716C8D: start as a follower, conf=-1: [7cc5d2d7-39af-4b66-8513-17417d4c25e9:192.168.5.143:41269, 0159beb9-e28f-41a3-bdd5-1125b6dbb65e:192.168.5.143:44765, bbdbb4de-2219-47e5-a2b1-d5e525a98c19:192.168.5.143:42910], old=null
2019-09-11 07:01:17,299 [pool-77-thread-1] INFO  impl.RaftServerImpl (RaftServerImpl.java:setRole(174)) - 7cc5d2d7-39af-4b66-8513-17417d4c25e9@group-D61D25716C8D: changes role from      null to FOLLOWER at term 0 for startAsFollower
2019-09-11 07:01:17,299 [4523c126-f03b-4acb-be3e-4c406fe3aaad@group-7CDE87E80901:LeaderElection14] INFO  impl.LeaderElection (LeaderElection.java:logAndReturn(56)) - 4523c126-f03b-4acb-be3e-4c406fe3aaad@group-7CDE87E80901:LeaderElection14: Election REJECTED; received 2 response(s) [4523c126-f03b-4acb-be3e-4c406fe3aaad<-42626b9b-ed01-4037-9282-5fe073f296c6#0:FAIL-t1, 4523c126-f03b-4acb-be3e-4c406fe3aaad<-4a2aa8aa-5edc-4f5e-99ad-9332c6d3f836#0:FAIL-t1] and 0 exception(s); 4523c126-f03b-4acb-be3e-4c406fe3aaad@group-7CDE87E80901:t1, leader=null, voted=4523c126-f03b-4acb-be3e-4c406fe3aaad, raftlog=4523c126-f03b-4acb-be3e-4c406fe3aaad@group-7CDE87E80901-SegmentedRaftLog:OPENED:c-1,f-1,i0, conf=-1: [42626b9b-ed01-4037-9282-5fe073f296c6:192.168.5.143:37220, 4523c126-f03b-4acb-be3e-4c406fe3aaad:192.168.5.143:34504, 4a2aa8aa-5edc-4f5e-99ad-9332c6d3f836:192.168.5.143:42220], old=null
2019-09-11 07:01:17,299 [c3336af5-ef91-4420-af01-c0c00dc6c530@group-5FF39CBF2ADF:LeaderElection11] INFO  impl.LeaderElection (LeaderElection.java:logAndReturn(56)) - c3336af5-ef91-4420-af01-c0c00dc6c530@group-5FF39CBF2ADF:LeaderElection11: Election REJECTED; received 2 response(s) [c3336af5-ef91-4420-af01-c0c00dc6c530<-b366cd81-90f5-4f0e-8fa6-7e105a738d9d#0:FAIL-t1, c3336af5-ef91-4420-af01-c0c00dc6c530<-e76620e4-5df3-481a-bd8d-e91ef558e102#0:FAIL-t1] and 0 exception(s); c3336af5-ef91-4420-af01-c0c00dc6c530@group-5FF39CBF2ADF:t1, leader=null, voted=c3336af5-ef91-4420-af01-c0c00dc6c530, raftlog=c3336af5-ef91-4420-af01-c0c00dc6c530@group-5FF39CBF2ADF-SegmentedRaftLog:OPENED:c-1,f-1,i0, conf=-1: [b366cd81-90f5-4f0e-8fa6-7e105a738d9d:192.168.5.143:43234, e76620e4-5df3-481a-bd8d-e91ef558e102:192.168.5.143:40986, c3336af5-ef91-4420-af01-c0c00dc6c530:192.168.5.143:40781], old=null
2019-09-11 07:01:17,299 [b366cd81-90f5-4f0e-8fa6-7e105a738d9d@group-5FF39CBF2ADF:LeaderElection12] INFO  impl.LeaderElection (LeaderElection.java:logAndReturn(56)) - b366cd81-90f5-4f0e-8fa6-7e105a738d9d@group-5FF39CBF2ADF:LeaderElection12: Election REJECTED; received 2 response(s) [b366cd81-90f5-4f0e-8fa6-7e105a738d9d<-e76620e4-5df3-481a-bd8d-e91ef558e102#0:FAIL-t1, b366cd81-90f5-4f0e-8fa6-7e105a738d9d<-c3336af5-ef91-4420-af01-c0c00dc6c530#0:FAIL-t1] and 0 exception(s); b366cd81-90f5-4f0e-8fa6-7e105a738d9d@group-5FF39CBF2ADF:t1, leader=null, voted=b366cd81-90f5-4f0e-8fa6-7e105a738d9d, raftlog=b366cd81-90f5-4f0e-8fa6-7e105a738d9d@group-5FF39CBF2ADF-SegmentedRaftLog:OPENED:c-1,f-1,i0, conf=-1: [b366cd81-90f5-4f0e-8fa6-7e105a738d9d:192.168.5.143:43234, e76620e4-5df3-481a-bd8d-e91ef558e102:192.168.5.143:40986, c3336af5-ef91-4420-af01-c0c00dc6c530:192.168.5.143:40781], old=null
2019-09-11 07:01:17,299 [pool-77-thread-1] INFO  impl.RoleInfo (RoleInfo.java:updateAndGet(143)) - 7cc5d2d7-39af-4b66-8513-17417d4c25e9: start FollowerState
2019-09-11 07:01:17,299 [e76620e4-5df3-481a-bd8d-e91ef558e102@group-5FF39CBF2ADF:LeaderElection13] INFO  impl.LeaderElection (LeaderElection.java:logAndReturn(56)) - e76620e4-5df3-481a-bd8d-e91ef558e102@group-5FF39CBF2ADF:LeaderElection13: Election REJECTED; received 2 response(s) [e76620e4-5df3-481a-bd8d-e91ef558e102<-b366cd81-90f5-4f0e-8fa6-7e105a738d9d#0:FAIL-t1, e76620e4-5df3-481a-bd8d-e91ef558e102<-c3336af5-ef91-4420-af01-c0c00dc6c530#0:FAIL-t1] and 0 exception(s); e76620e4-5df3-481a-bd8d-e91ef558e102@group-5FF39CBF2ADF:t1, leader=null, voted=e76620e4-5df3-481a-bd8d-e91ef558e102, raftlog=e76620e4-5df3-481a-bd8d-e91ef558e102@group-5FF39CBF2ADF-SegmentedRaftLog:OPENED:c-1,f-1,i0, conf=-1: [b366cd81-90f5-4f0e-8fa6-7e105a738d9d:192.168.5.143:43234, e76620e4-5df3-481a-bd8d-e91ef558e102:192.168.5.143:40986, c3336af5-ef91-4420-af01-c0c00dc6c530:192.168.5.143:40781], old=null
2019-09-11 07:01:17,312 [4523c126-f03b-4acb-be3e-4c406fe3aaad@group-7CDE87E80901:LeaderElection14] INFO  impl.RaftServerImpl (RaftServerImpl.java:setRole(174)) - 4523c126-f03b-4acb-be3e-4c406fe3aaad@group-7CDE87E80901: changes role from CANDIDATE to FOLLOWER at term 1 for DISCOVERED_A_NEW_TERM
2019-09-11 07:01:17,312 [c3336af5-ef91-4420-af01-c0c00dc6c530@group-5FF39CBF2ADF:LeaderElection11] INFO  impl.RaftServerImpl (RaftServerImpl.java:setRole(174)) - c3336af5-ef91-4420-af01-c0c00dc6c530@group-5FF39CBF2ADF: changes role from CANDIDATE to FOLLOWER at term 1 for DISCOVERED_A_NEW_TERM
2019-09-11 07:01:17,308 [b366cd81-90f5-4f0e-8fa6-7e105a738d9d@group-5FF39CBF2ADF:LeaderElection12] INFO  impl.RaftServerImpl (RaftServerImpl.java:setRole(174)) - b366cd81-90f5-4f0e-8fa6-7e105a738d9d@group-5FF39CBF2ADF: changes role from CANDIDATE to FOLLOWER at term 1 for DISCOVERED_A_NEW_TERM
2019-09-11 07:01:17,316 [pool-77-thread-1] INFO  util.JmxRegister (JmxRegister.java:tryRegister(44)) - Successfully registered JMX Bean with object name Ratis:service=RaftServer,group=group-D61D25716C8D,id=7cc5d2d7-39af-4b66-8513-17417d4c25e9
2019-09-11 07:01:17,314 [c3336af5-ef91-4420-af01-c0c00dc6c530@group-5FF39CBF2ADF:LeaderElection11] INFO  impl.RoleInfo (RoleInfo.java:shutdownLeaderElection(134)) - c3336af5-ef91-4420-af01-c0c00dc6c530: shutdown LeaderElection
2019-09-11 07:01:17,312 [4523c126-f03b-4acb-be3e-4c406fe3aaad@group-7CDE87E80901:LeaderElection14] INFO  impl.RoleInfo (RoleInfo.java:shutdownLeaderElection(134)) - 4523c126-f03b-4acb-be3e-4c406fe3aaad: shutdown LeaderElection
2019-09-11 07:01:17,312 [e76620e4-5df3-481a-bd8d-e91ef558e102@group-5FF39CBF2ADF:LeaderElection13] INFO  impl.RaftServerImpl (RaftServerImpl.java:setRole(174)) - e76620e4-5df3-481a-bd8d-e91ef558e102@group-5FF39CBF2ADF: changes role from CANDIDATE to FOLLOWER at term 1 for DISCOVERED_A_NEW_TERM
2019-09-11 07:01:17,320 [pool-47-thread-1] INFO  impl.RaftServerImpl (RaftServerImpl.java:start(185)) - 0159beb9-e28f-41a3-bdd5-1125b6dbb65e@group-D61D25716C8D: start as a follower, conf=-1: [7cc5d2d7-39af-4b66-8513-17417d4c25e9:192.168.5.143:41269, 0159beb9-e28f-41a3-bdd5-1125b6dbb65e:192.168.5.143:44765, bbdbb4de-2219-47e5-a2b1-d5e525a98c19:192.168.5.143:42910], old=null
2019-09-11 07:01:17,321 [4523c126-f03b-4acb-be3e-4c406fe3aaad@group-7CDE87E80901:LeaderElection14] INFO  impl.RoleInfo (RoleInfo.java:updateAndGet(143)) - 4523c126-f03b-4acb-be3e-4c406fe3aaad: start FollowerState
2019-09-11 07:01:17,319 [c3336af5-ef91-4420-af01-c0c00dc6c530@group-5FF39CBF2ADF:LeaderElection11] INFO  impl.RoleInfo (RoleInfo.java:updateAndGet(143)) - c3336af5-ef91-4420-af01-c0c00dc6c530: start FollowerState
2019-09-11 07:01:17,316 [b366cd81-90f5-4f0e-8fa6-7e105a738d9d@group-5FF39CBF2ADF:LeaderElection12] INFO  impl.RoleInfo (RoleInfo.java:shutdownLeaderElection(134)) - b366cd81-90f5-4f0e-8fa6-7e105a738d9d: shutdown LeaderElection
2019-09-11 07:01:17,321 [pool-47-thread-1] INFO  impl.RaftServerImpl (RaftServerImpl.java:setRole(174)) - 0159beb9-e28f-41a3-bdd5-1125b6dbb65e@group-D61D25716C8D: changes role from      null to FOLLOWER at term 0 for startAsFollower
2019-09-11 07:01:17,321 [e76620e4-5df3-481a-bd8d-e91ef558e102@group-5FF39CBF2ADF:LeaderElection13] INFO  impl.RoleInfo (RoleInfo.java:shutdownLeaderElection(134)) - e76620e4-5df3-481a-bd8d-e91ef558e102: shutdown LeaderElection
2019-09-11 07:01:17,333 [pool-47-thread-1] INFO  impl.RoleInfo (RoleInfo.java:updateAndGet(143)) - 0159beb9-e28f-41a3-bdd5-1125b6dbb65e: start FollowerState
2019-09-11 07:01:17,333 [e76620e4-5df3-481a-bd8d-e91ef558e102@group-5FF39CBF2ADF:LeaderElection13] INFO  impl.RoleInfo (RoleInfo.java:updateAndGet(143)) - e76620e4-5df3-481a-bd8d-e91ef558e102: start FollowerState
2019-09-11 07:01:17,324 [b366cd81-90f5-4f0e-8fa6-7e105a738d9d@group-5FF39CBF2ADF:LeaderElection12] INFO  impl.RoleInfo (RoleInfo.java:updateAndGet(143)) - b366cd81-90f5-4f0e-8fa6-7e105a738d9d: start FollowerState
2019-09-11 07:01:17,333 [pool-47-thread-1] INFO  util.JmxRegister (JmxRegister.java:tryRegister(44)) - Successfully registered JMX Bean with object name Ratis:service=RaftServer,group=group-D61D25716C8D,id=0159beb9-e28f-41a3-bdd5-1125b6dbb65e
2019-09-11 07:01:17,340 [42626b9b-ed01-4037-9282-5fe073f296c6@group-7CDE87E80901:LeaderElection15] INFO  impl.LeaderElection (LeaderElection.java:logAndReturn(56)) - 42626b9b-ed01-4037-9282-5fe073f296c6@group-7CDE87E80901:LeaderElection15: Election REJECTED; received 2 response(s) [42626b9b-ed01-4037-9282-5fe073f296c6<-4523c126-f03b-4acb-be3e-4c406fe3aaad#0:FAIL-t1, 42626b9b-ed01-4037-9282-5fe073f296c6<-4a2aa8aa-5edc-4f5e-99ad-9332c6d3f836#0:FAIL-t1] and 0 exception(s); 42626b9b-ed01-4037-9282-5fe073f296c6@group-7CDE87E80901:t1, leader=null, voted=42626b9b-ed01-4037-9282-5fe073f296c6, raftlog=42626b9b-ed01-4037-9282-5fe073f296c6@group-7CDE87E80901-SegmentedRaftLog:OPENED:c-1,f-1,i0, conf=-1: [42626b9b-ed01-4037-9282-5fe073f296c6:192.168.5.143:37220, 4523c126-f03b-4acb-be3e-4c406fe3aaad:192.168.5.143:34504, 4a2aa8aa-5edc-4f5e-99ad-9332c6d3f836:192.168.5.143:42220], old=null
2019-09-11 07:01:17,341 [42626b9b-ed01-4037-9282-5fe073f296c6@group-7CDE87E80901:LeaderElection15] INFO  impl.RaftServerImpl (RaftServerImpl.java:setRole(174)) - 42626b9b-ed01-4037-9282-5fe073f296c6@group-7CDE87E80901: changes role from CANDIDATE to FOLLOWER at term 1 for DISCOVERED_A_NEW_TERM
2019-09-11 07:01:17,341 [42626b9b-ed01-4037-9282-5fe073f296c6@group-7CDE87E80901:LeaderElection15] INFO  impl.RoleInfo (RoleInfo.java:shutdownLeaderElection(134)) - 42626b9b-ed01-4037-9282-5fe073f296c6: shutdown LeaderElection
2019-09-11 07:01:17,341 [42626b9b-ed01-4037-9282-5fe073f296c6@group-7CDE87E80901:LeaderElection15] INFO  impl.RoleInfo (RoleInfo.java:updateAndGet(143)) - 42626b9b-ed01-4037-9282-5fe073f296c6: start FollowerState
2019-09-11 07:01:17,341 [RatisPipelineUtilsThread] INFO  pipeline.PipelineStateManager (PipelineStateManager.java:addPipeline(56)) - Created pipeline Pipeline[ Id: f4a355b4-515b-426d-bc3d-d61d25716c8d, Nodes: 0159beb9-e28f-41a3-bdd5-1125b6dbb65e{ip: 192.168.5.143, host: pr-hdds-1786-trunk-klbfp-3319181915, networkLocation: /default-rack, certSerialId: null}7cc5d2d7-39af-4b66-8513-17417d4c25e9{ip: 192.168.5.143, host: pr-hdds-1786-trunk-klbfp-3319181915, networkLocation: /default-rack, certSerialId: null}bbdbb4de-2219-47e5-a2b1-d5e525a98c19{ip: 192.168.5.143, host: pr-hdds-1786-trunk-klbfp-3319181915, networkLocation: /default-rack, certSerialId: null}, Type:RATIS, Factor:THREE, State:OPEN]
2019-09-11 07:01:17,347 [4a2aa8aa-5edc-4f5e-99ad-9332c6d3f836@group-7CDE87E80901:LeaderElection16] INFO  impl.LeaderElection (LeaderElection.java:logAndReturn(56)) - 4a2aa8aa-5edc-4f5e-99ad-9332c6d3f836@group-7CDE87E80901:LeaderElection16: Election REJECTED; received 2 response(s) [4a2aa8aa-5edc-4f5e-99ad-9332c6d3f836<-42626b9b-ed01-4037-9282-5fe073f296c6#0:FAIL-t1, 4a2aa8aa-5edc-4f5e-99ad-9332c6d3f836<-4523c126-f03b-4acb-be3e-4c406fe3aaad#0:FAIL-t1] and 0 exception(s); 4a2aa8aa-5edc-4f5e-99ad-9332c6d3f836@group-7CDE87E80901:t1, leader=null, voted=4a2aa8aa-5edc-4f5e-99ad-9332c6d3f836, raftlog=4a2aa8aa-5edc-4f5e-99ad-9332c6d3f836@group-7CDE87E80901-SegmentedRaftLog:OPENED:c-1,f-1,i0, conf=-1: [42626b9b-ed01-4037-9282-5fe073f296c6:192.168.5.143:37220, 4523c126-f03b-4acb-be3e-4c406fe3aaad:192.168.5.143:34504, 4a2aa8aa-5edc-4f5e-99ad-9332c6d3f836:192.168.5.143:42220], old=null
2019-09-11 07:01:17,347 [4a2aa8aa-5edc-4f5e-99ad-9332c6d3f836@group-7CDE87E80901:LeaderElection16] INFO  impl.RaftServerImpl (RaftServerImpl.java:setRole(174)) - 4a2aa8aa-5edc-4f5e-99ad-9332c6d3f836@group-7CDE87E80901: changes role from CANDIDATE to FOLLOWER at term 1 for DISCOVERED_A_NEW_TERM
2019-09-11 07:01:17,347 [4a2aa8aa-5edc-4f5e-99ad-9332c6d3f836@group-7CDE87E80901:LeaderElection16] INFO  impl.RoleInfo (RoleInfo.java:shutdownLeaderElection(134)) - 4a2aa8aa-5edc-4f5e-99ad-9332c6d3f836: shutdown LeaderElection
2019-09-11 07:01:17,347 [4a2aa8aa-5edc-4f5e-99ad-9332c6d3f836@group-7CDE87E80901:LeaderElection16] INFO  impl.RoleInfo (RoleInfo.java:updateAndGet(143)) - 4a2aa8aa-5edc-4f5e-99ad-9332c6d3f836: start FollowerState
2019-09-11 07:01:17,544 [main] INFO  impl.MetricsSystemImpl (MetricsSystemImpl.java:init(158)) - XceiverClientMetrics metrics system started (again)
2019-09-11 07:01:17,684 [grpc-default-executor-1] INFO  client.GrpcClientProtocolClient (GrpcClientProtocolClient.java:onNext(264)) - client-FA9E6D659E8E->c3336af5-ef91-4420-af01-c0c00dc6c530: receive RaftClientReply:client-FA9E6D659E8E->c3336af5-ef91-4420-af01-c0c00dc6c530@group-5FF39CBF2ADF, cid=19, FAILED org.apache.ratis.protocol.NotLeaderException: Server c3336af5-ef91-4420-af01-c0c00dc6c530@group-5FF39CBF2ADF is not the leader, logIndex=0, commits[c3336af5-ef91-4420-af01-c0c00dc6c530:c-1]
2019-09-11 07:01:18,232 [Thread-362] INFO  impl.FollowerState (FollowerState.java:run(106)) - bbdbb4de-2219-47e5-a2b1-d5e525a98c19:group-D61D25716C8D changes to CANDIDATE, lastRpcTime:1036, electionTimeout:1036ms
2019-09-11 07:01:18,239 [Thread-362] INFO  impl.RoleInfo (RoleInfo.java:shutdownFollowerState(121)) - bbdbb4de-2219-47e5-a2b1-d5e525a98c19: shutdown FollowerState
2019-09-11 07:01:18,239 [Thread-362] INFO  impl.RaftServerImpl (RaftServerImpl.java:setRole(174)) - bbdbb4de-2219-47e5-a2b1-d5e525a98c19@group-D61D25716C8D: changes role from  FOLLOWER to CANDIDATE at term 0 for changeToCandidate
2019-09-11 07:01:18,239 [Thread-362] INFO  impl.RoleInfo (RoleInfo.java:updateAndGet(143)) - bbdbb4de-2219-47e5-a2b1-d5e525a98c19: start LeaderElection
2019-09-11 07:01:18,277 [bbdbb4de-2219-47e5-a2b1-d5e525a98c19@group-D61D25716C8D:LeaderElection17] INFO  impl.LeaderElection (LeaderElection.java:askForVotes(182)) - bbdbb4de-2219-47e5-a2b1-d5e525a98c19@group-D61D25716C8D:LeaderElection17: begin an election at term 1 for -1: [7cc5d2d7-39af-4b66-8513-17417d4c25e9:192.168.5.143:41269, 0159beb9-e28f-41a3-bdd5-1125b6dbb65e:192.168.5.143:44765, bbdbb4de-2219-47e5-a2b1-d5e525a98c19:192.168.5.143:42910], old=null
2019-09-11 07:01:18,301 [grpc-default-executor-2] INFO  impl.RaftServerImpl (RaftServerImpl.java:setRole(174)) - 0159beb9-e28f-41a3-bdd5-1125b6dbb65e@group-D61D25716C8D: changes role from  FOLLOWER to FOLLOWER at term 1 for recognizeCandidate:bbdbb4de-2219-47e5-a2b1-d5e525a98c19
2019-09-11 07:01:18,303 [grpc-default-executor-1] INFO  impl.RaftServerImpl (RaftServerImpl.java:setRole(174)) - 7cc5d2d7-39af-4b66-8513-17417d4c25e9@group-D61D25716C8D: changes role from  FOLLOWER to FOLLOWER at term 1 for recognizeCandidate:bbdbb4de-2219-47e5-a2b1-d5e525a98c19
2019-09-11 07:01:18,304 [grpc-default-executor-2] INFO  impl.RoleInfo (RoleInfo.java:shutdownFollowerState(121)) - 0159beb9-e28f-41a3-bdd5-1125b6dbb65e: shutdown FollowerState
2019-09-11 07:01:18,304 [grpc-default-executor-1] INFO  impl.RoleInfo (RoleInfo.java:shutdownFollowerState(121)) - 7cc5d2d7-39af-4b66-8513-17417d4c25e9: shutdown FollowerState
2019-09-11 07:01:18,304 [grpc-default-executor-2] INFO  impl.RoleInfo (RoleInfo.java:updateAndGet(143)) - 0159beb9-e28f-41a3-bdd5-1125b6dbb65e: start FollowerState
2019-09-11 07:01:18,304 [grpc-default-executor-1] INFO  impl.RoleInfo (RoleInfo.java:updateAndGet(143)) - 7cc5d2d7-39af-4b66-8513-17417d4c25e9: start FollowerState
2019-09-11 07:01:18,304 [Thread-380] INFO  impl.FollowerState (FollowerState.java:run(115)) - 7cc5d2d7-39af-4b66-8513-17417d4c25e9: FollowerState was interrupted: java.lang.InterruptedException: sleep interrupted
2019-09-11 07:01:18,304 [Thread-385] INFO  impl.FollowerState (FollowerState.java:run(115)) - 0159beb9-e28f-41a3-bdd5-1125b6dbb65e: FollowerState was interrupted: java.lang.InterruptedException: sleep interrupted
2019-09-11 07:01:18,381 [Thread-383] INFO  impl.FollowerState (FollowerState.java:run(106)) - 4523c126-f03b-4acb-be3e-4c406fe3aaad:group-7CDE87E80901 changes to CANDIDATE, lastRpcTime:1060, electionTimeout:1057ms
2019-09-11 07:01:18,382 [Thread-383] INFO  impl.RoleInfo (RoleInfo.java:shutdownFollowerState(121)) - 4523c126-f03b-4acb-be3e-4c406fe3aaad: shutdown FollowerState
2019-09-11 07:01:18,382 [Thread-383] INFO  impl.RaftServerImpl (RaftServerImpl.java:setRole(174)) - 4523c126-f03b-4acb-be3e-4c406fe3aaad@group-7CDE87E80901: changes role from  FOLLOWER to CANDIDATE at term 1 for changeToCandidate
2019-09-11 07:01:18,382 [Thread-383] INFO  impl.RoleInfo (RoleInfo.java:updateAndGet(143)) - 4523c126-f03b-4acb-be3e-4c406fe3aaad: start LeaderElection
2019-09-11 07:01:18,419 [bbdbb4de-2219-47e5-a2b1-d5e525a98c19@group-D61D25716C8D:LeaderElection17] INFO  impl.LeaderElection (LeaderElection.java:logAndReturn(56)) - bbdbb4de-2219-47e5-a2b1-d5e525a98c19@group-D61D25716C8D:LeaderElection17: Election PASSED; received 1 response(s) [bbdbb4de-2219-47e5-a2b1-d5e525a98c19<-7cc5d2d7-39af-4b66-8513-17417d4c25e9#0:OK-t1] and 0 exception(s); bbdbb4de-2219-47e5-a2b1-d5e525a98c19@group-D61D25716C8D:t1, leader=null, voted=bbdbb4de-2219-47e5-a2b1-d5e525a98c19, raftlog=bbdbb4de-2219-47e5-a2b1-d5e525a98c19@group-D61D25716C8D-SegmentedRaftLog:OPENED:c-1,f-1,i0, conf=-1: [7cc5d2d7-39af-4b66-8513-17417d4c25e9:192.168.5.143:41269, 0159beb9-e28f-41a3-bdd5-1125b6dbb65e:192.168.5.143:44765, bbdbb4de-2219-47e5-a2b1-d5e525a98c19:192.168.5.143:42910], old=null
2019-09-11 07:01:18,419 [bbdbb4de-2219-47e5-a2b1-d5e525a98c19@group-D61D25716C8D:LeaderElection17] INFO  impl.RoleInfo (RoleInfo.java:shutdownLeaderElection(134)) - bbdbb4de-2219-47e5-a2b1-d5e525a98c19: shutdown LeaderElection
2019-09-11 07:01:18,423 [bbdbb4de-2219-47e5-a2b1-d5e525a98c19@group-D61D25716C8D:LeaderElection17] INFO  impl.RaftServerImpl (RaftServerImpl.java:setRole(174)) - bbdbb4de-2219-47e5-a2b1-d5e525a98c19@group-D61D25716C8D: changes role from CANDIDATE to LEADER at term 1 for changeToLeader
2019-09-11 07:01:18,423 [bbdbb4de-2219-47e5-a2b1-d5e525a98c19@group-D61D25716C8D:LeaderElection17] INFO  impl.RaftServerImpl (ServerState.java:setLeader(253)) - bbdbb4de-2219-47e5-a2b1-d5e525a98c19@group-D61D25716C8D: change Leader from null to bbdbb4de-2219-47e5-a2b1-d5e525a98c19 at term 1 for becomeLeader, leader elected after 1273ms
2019-09-11 07:01:18,423 [bbdbb4de-2219-47e5-a2b1-d5e525a98c19@group-D61D25716C8D:LeaderElection17] INFO  server.RaftServerConfigKeys (ConfUtils.java:logGet(43)) - raft.server.staging.catchup.gap = 1000 (default)
2019-09-11 07:01:18,423 [bbdbb4de-2219-47e5-a2b1-d5e525a98c19@group-D61D25716C8D:LeaderElection17] INFO  server.RaftServerConfigKeys (ConfUtils.java:logGet(43)) - raft.server.rpc.sleep.time = 25ms (default)
2019-09-11 07:01:18,423 [bbdbb4de-2219-47e5-a2b1-d5e525a98c19@group-D61D25716C8D:LeaderElection17] INFO  server.RaftServerConfigKeys (ConfUtils.java:logGet(43)) - raft.server.write.element-limit = 4096 (default)
2019-09-11 07:01:18,424 [bbdbb4de-2219-47e5-a2b1-d5e525a98c19@group-D61D25716C8D:LeaderElection17] INFO  server.RaftServerConfigKeys (ConfUtils.java:logGet(43)) - raft.server.watch.timeout = 10s (default)
2019-09-11 07:01:18,424 [bbdbb4de-2219-47e5-a2b1-d5e525a98c19@group-D61D25716C8D:LeaderElection17] INFO  server.RaftServerConfigKeys (ConfUtils.java:logGet(43)) - raft.server.watch.timeout.denomination = 1s (default)
2019-09-11 07:01:18,424 [bbdbb4de-2219-47e5-a2b1-d5e525a98c19@group-D61D25716C8D:LeaderElection17] INFO  server.RaftServerConfigKeys (ConfUtils.java:logGet(43)) - raft.server.watch.element-limit = 65536 (default)
2019-09-11 07:01:18,428 [Thread-384] INFO  impl.FollowerState (FollowerState.java:run(106)) - b366cd81-90f5-4f0e-8fa6-7e105a738d9d:group-5FF39CBF2ADF changes to CANDIDATE, lastRpcTime:1103, electionTimeout:1094ms
2019-09-11 07:01:18,430 [4523c126-f03b-4acb-be3e-4c406fe3aaad@group-7CDE87E80901:LeaderElection18] INFO  impl.LeaderElection (LeaderElection.java:askForVotes(182)) - 4523c126-f03b-4acb-be3e-4c406fe3aaad@group-7CDE87E80901:LeaderElection18: begin an election at term 2 for -1: [42626b9b-ed01-4037-9282-5fe073f296c6:192.168.5.143:37220, 4523c126-f03b-4acb-be3e-4c406fe3aaad:192.168.5.143:34504, 4a2aa8aa-5edc-4f5e-99ad-9332c6d3f836:192.168.5.143:42220], old=null
2019-09-11 07:01:18,430 [Thread-384] INFO  impl.RoleInfo (RoleInfo.java:shutdownFollowerState(121)) - b366cd81-90f5-4f0e-8fa6-7e105a738d9d: shutdown FollowerState
2019-09-11 07:01:18,431 [Thread-384] INFO  impl.RaftServerImpl (RaftServerImpl.java:setRole(174)) - b366cd81-90f5-4f0e-8fa6-7e105a738d9d@group-5FF39CBF2ADF: changes role from  FOLLOWER to CANDIDATE at term 1 for changeToCandidate
2019-09-11 07:01:18,431 [Thread-384] INFO  impl.RoleInfo (RoleInfo.java:updateAndGet(143)) - b366cd81-90f5-4f0e-8fa6-7e105a738d9d: start LeaderElection
2019-09-11 07:01:18,433 [bbdbb4de-2219-47e5-a2b1-d5e525a98c19@group-D61D25716C8D:LeaderElection17] INFO  server.RaftServerConfigKeys (ConfUtils.java:logGet(43)) - raft.server.log.appender.snapshot.chunk.size.max = 16MB (=16777216) (default)
2019-09-11 07:01:18,433 [bbdbb4de-2219-47e5-a2b1-d5e525a98c19@group-D61D25716C8D:LeaderElection17] INFO  server.RaftServerConfigKeys (ConfUtils.java:logGet(43)) - raft.server.log.appender.buffer.byte-limit = 33554432 (custom)
2019-09-11 07:01:18,434 [bbdbb4de-2219-47e5-a2b1-d5e525a98c19@group-D61D25716C8D:LeaderElection17] INFO  server.RaftServerConfigKeys (ConfUtils.java:logGet(43)) - raft.server.log.appender.buffer.element-limit = 1 (custom)
2019-09-11 07:01:18,440 [grpc-default-executor-2] INFO  impl.RaftServerImpl (RaftServerImpl.java:setRole(174)) - 4a2aa8aa-5edc-4f5e-99ad-9332c6d3f836@group-7CDE87E80901: changes role from  FOLLOWER to FOLLOWER at term 2 for recognizeCandidate:4523c126-f03b-4acb-be3e-4c406fe3aaad
2019-09-11 07:01:18,440 [grpc-default-executor-1] INFO  impl.RaftServerImpl (RaftServerImpl.java:setRole(174)) - 42626b9b-ed01-4037-9282-5fe073f296c6@group-7CDE87E80901: changes role from  FOLLOWER to FOLLOWER at term 2 for recognizeCandidate:4523c126-f03b-4acb-be3e-4c406fe3aaad
2019-09-11 07:01:18,440 [grpc-default-executor-2] INFO  impl.RoleInfo (RoleInfo.java:shutdownFollowerState(121)) - 4a2aa8aa-5edc-4f5e-99ad-9332c6d3f836: shutdown FollowerState
2019-09-11 07:01:18,440 [grpc-default-executor-1] INFO  impl.RoleInfo (RoleInfo.java:shutdownFollowerState(121)) - 42626b9b-ed01-4037-9282-5fe073f296c6: shutdown FollowerState
2019-09-11 07:01:18,441 [grpc-default-executor-2] INFO  impl.RoleInfo (RoleInfo.java:updateAndGet(143)) - 4a2aa8aa-5edc-4f5e-99ad-9332c6d3f836: start FollowerState
2019-09-11 07:01:18,441 [Thread-389] INFO  impl.FollowerState (FollowerState.java:run(115)) - 4a2aa8aa-5edc-4f5e-99ad-9332c6d3f836: FollowerState was interrupted: java.lang.InterruptedException: sleep interrupted
2019-09-11 07:01:18,441 [Thread-388] INFO  impl.FollowerState (FollowerState.java:run(115)) - 42626b9b-ed01-4037-9282-5fe073f296c6: FollowerState was interrupted: java.lang.InterruptedException: sleep interrupted
2019-09-11 07:01:18,441 [grpc-default-executor-1] INFO  impl.RoleInfo (RoleInfo.java:updateAndGet(143)) - 42626b9b-ed01-4037-9282-5fe073f296c6: start FollowerState
2019-09-11 07:01:18,443 [bbdbb4de-2219-47e5-a2b1-d5e525a98c19@group-D61D25716C8D:LeaderElection17] INFO  grpc.GrpcConfigKeys$Server (ConfUtils.java:logGet(43)) - raft.grpc.server.leader.outstanding.appends.max = 128 (default)
2019-09-11 07:01:18,444 [bbdbb4de-2219-47e5-a2b1-d5e525a98c19@group-D61D25716C8D:LeaderElection17] INFO  server.RaftServerConfigKeys (ConfUtils.java:logGet(43)) - raft.server.rpc.request.timeout = 3000ms (default)
2019-09-11 07:01:18,444 [bbdbb4de-2219-47e5-a2b1-d5e525a98c19@group-D61D25716C8D:LeaderElection17] INFO  server.RaftServerConfigKeys (ConfUtils.java:logGet(43)) - raft.server.log.appender.install.snapshot.enabled = false (custom)
2019-09-11 07:01:18,445 [bbdbb4de-2219-47e5-a2b1-d5e525a98c19@group-D61D25716C8D:LeaderElection17] INFO  server.RaftServerConfigKeys (ConfUtils.java:logGet(43)) - raft.server.log.appender.snapshot.chunk.size.max = 16MB (=16777216) (default)
2019-09-11 07:01:18,445 [bbdbb4de-2219-47e5-a2b1-d5e525a98c19@group-D61D25716C8D:LeaderElection17] INFO  server.RaftServerConfigKeys (ConfUtils.java:logGet(43)) - raft.server.log.appender.buffer.byte-limit = 33554432 (custom)
2019-09-11 07:01:18,445 [bbdbb4de-2219-47e5-a2b1-d5e525a98c19@group-D61D25716C8D:LeaderElection17] INFO  server.RaftServerConfigKeys (ConfUtils.java:logGet(43)) - raft.server.log.appender.buffer.element-limit = 1 (custom)
2019-09-11 07:01:18,446 [bbdbb4de-2219-47e5-a2b1-d5e525a98c19@group-D61D25716C8D:LeaderElection17] INFO  grpc.GrpcConfigKeys$Server (ConfUtils.java:logGet(43)) - raft.grpc.server.leader.outstanding.appends.max = 128 (default)
2019-09-11 07:01:18,446 [bbdbb4de-2219-47e5-a2b1-d5e525a98c19@group-D61D25716C8D:LeaderElection17] INFO  server.RaftServerConfigKeys (ConfUtils.java:logGet(43)) - raft.server.rpc.request.timeout = 3000ms (default)
2019-09-11 07:01:18,446 [bbdbb4de-2219-47e5-a2b1-d5e525a98c19@group-D61D25716C8D:LeaderElection17] INFO  server.RaftServerConfigKeys (ConfUtils.java:logGet(43)) - raft.server.log.appender.install.snapshot.enabled = false (custom)
2019-09-11 07:01:18,447 [bbdbb4de-2219-47e5-a2b1-d5e525a98c19@group-D61D25716C8D:LeaderElection17] INFO  impl.RoleInfo (RoleInfo.java:updateAndGet(143)) - bbdbb4de-2219-47e5-a2b1-d5e525a98c19: start LeaderState
2019-09-11 07:01:18,448 [bbdbb4de-2219-47e5-a2b1-d5e525a98c19@group-D61D25716C8D:LeaderElection17] INFO  segmented.SegmentedRaftLogWorker (SegmentedRaftLogWorker.java:startLogSegment(380)) - bbdbb4de-2219-47e5-a2b1-d5e525a98c19@group-D61D25716C8D-SegmentedRaftLogWorker: Starting segment from index:0
2019-09-11 07:01:18,449 [bbdbb4de-2219-47e5-a2b1-d5e525a98c19@group-D61D25716C8D:LeaderElection17] INFO  impl.RaftServerImpl (ServerState.java:setRaftConf(354)) - bbdbb4de-2219-47e5-a2b1-d5e525a98c19@group-D61D25716C8D: set configuration 0: [7cc5d2d7-39af-4b66-8513-17417d4c25e9:192.168.5.143:41269, 0159beb9-e28f-41a3-bdd5-1125b6dbb65e:192.168.5.143:44765, bbdbb4de-2219-47e5-a2b1-d5e525a98c19:192.168.5.143:42910], old=null at 0
2019-09-11 07:01:18,462 [b366cd81-90f5-4f0e-8fa6-7e105a738d9d@group-5FF39CBF2ADF:LeaderElection19] INFO  impl.LeaderElection (LeaderElection.java:askForVotes(182)) - b366cd81-90f5-4f0e-8fa6-7e105a738d9d@group-5FF39CBF2ADF:LeaderElection19: begin an election at term 2 for -1: [b366cd81-90f5-4f0e-8fa6-7e105a738d9d:192.168.5.143:43234, e76620e4-5df3-481a-bd8d-e91ef558e102:192.168.5.143:40986, c3336af5-ef91-4420-af01-c0c00dc6c530:192.168.5.143:40781], old=null
2019-09-11 07:01:18,464 [4523c126-f03b-4acb-be3e-4c406fe3aaad@group-7CDE87E80901:LeaderElection18] INFO  impl.LeaderElection (LeaderElection.java:logAndReturn(56)) - 4523c126-f03b-4acb-be3e-4c406fe3aaad@group-7CDE87E80901:LeaderElection18: Election PASSED; received 1 response(s) [4523c126-f03b-4acb-be3e-4c406fe3aaad<-42626b9b-ed01-4037-9282-5fe073f296c6#0:OK-t2] and 0 exception(s); 4523c126-f03b-4acb-be3e-4c406fe3aaad@group-7CDE87E80901:t2, leader=null, voted=4523c126-f03b-4acb-be3e-4c406fe3aaad, raftlog=4523c126-f03b-4acb-be3e-4c406fe3aaad@group-7CDE87E80901-SegmentedRaftLog:OPENED:c-1,f-1,i0, conf=-1: [42626b9b-ed01-4037-9282-5fe073f296c6:192.168.5.143:37220, 4523c126-f03b-4acb-be3e-4c406fe3aaad:192.168.5.143:34504, 4a2aa8aa-5edc-4f5e-99ad-9332c6d3f836:192.168.5.143:42220], old=null
2019-09-11 07:01:18,465 [4523c126-f03b-4acb-be3e-4c406fe3aaad@group-7CDE87E80901:LeaderElection18] INFO  impl.RoleInfo (RoleInfo.java:shutdownLeaderElection(134)) - 4523c126-f03b-4acb-be3e-4c406fe3aaad: shutdown LeaderElection
2019-09-11 07:01:18,494 [Thread-386] INFO  impl.FollowerState (FollowerState.java:run(106)) - e76620e4-5df3-481a-bd8d-e91ef558e102:group-5FF39CBF2ADF changes to CANDIDATE, lastRpcTime:1160, electionTimeout:1134ms
2019-09-11 07:01:18,496 [Thread-386] INFO  impl.RoleInfo (RoleInfo.java:shutdownFollowerState(121)) - e76620e4-5df3-481a-bd8d-e91ef558e102: shutdown FollowerState
2019-09-11 07:01:18,496 [Thread-386] INFO  impl.RaftServerImpl (RaftServerImpl.java:setRole(174)) - e76620e4-5df3-481a-bd8d-e91ef558e102@group-5FF39CBF2ADF: changes role from  FOLLOWER to CANDIDATE at term 1 for changeToCandidate
2019-09-11 07:01:18,496 [4523c126-f03b-4acb-be3e-4c406fe3aaad@group-7CDE87E80901:LeaderElection18] INFO  impl.RaftServerImpl (RaftServerImpl.java:setRole(174)) - 4523c126-f03b-4acb-be3e-4c406fe3aaad@group-7CDE87E80901: changes role from CANDIDATE to LEADER at term 2 for changeToLeader
2019-09-11 07:01:18,496 [Thread-386] INFO  impl.RoleInfo (RoleInfo.java:updateAndGet(143)) - e76620e4-5df3-481a-bd8d-e91ef558e102: start LeaderElection
2019-09-11 07:01:18,497 [4523c126-f03b-4acb-be3e-4c406fe3aaad@group-7CDE87E80901:LeaderElection18] INFO  impl.RaftServerImpl (ServerState.java:setLeader(253)) - 4523c126-f03b-4acb-be3e-4c406fe3aaad@group-7CDE87E80901: change Leader from null to 4523c126-f03b-4acb-be3e-4c406fe3aaad at term 2 for becomeLeader, leader elected after 2427ms
2019-09-11 07:01:18,497 [4523c126-f03b-4acb-be3e-4c406fe3aaad@group-7CDE87E80901:LeaderElection18] INFO  server.RaftServerConfigKeys (ConfUtils.java:logGet(43)) - raft.server.staging.catchup.gap = 1000 (default)
2019-09-11 07:01:18,499 [4523c126-f03b-4acb-be3e-4c406fe3aaad@group-7CDE87E80901:LeaderElection18] INFO  server.RaftServerConfigKeys (ConfUtils.java:logGet(43)) - raft.server.rpc.sleep.time = 25ms (default)
2019-09-11 07:01:18,499 [4523c126-f03b-4acb-be3e-4c406fe3aaad@group-7CDE87E80901:LeaderElection18] INFO  server.RaftServerConfigKeys (ConfUtils.java:logGet(43)) - raft.server.write.element-limit = 4096 (default)
2019-09-11 07:01:18,500 [4523c126-f03b-4acb-be3e-4c406fe3aaad@group-7CDE87E80901:LeaderElection18] INFO  server.RaftServerConfigKeys (ConfUtils.java:logGet(43)) - raft.server.watch.timeout = 10s (default)
2019-09-11 07:01:18,502 [4523c126-f03b-4acb-be3e-4c406fe3aaad@group-7CDE87E80901:LeaderElection18] INFO  server.RaftServerConfigKeys (ConfUtils.java:logGet(43)) - raft.server.watch.timeout.denomination = 1s (default)
2019-09-11 07:01:18,502 [4523c126-f03b-4acb-be3e-4c406fe3aaad@group-7CDE87E80901:LeaderElection18] INFO  server.RaftServerConfigKeys (ConfUtils.java:logGet(43)) - raft.server.watch.element-limit = 65536 (default)
2019-09-11 07:01:18,502 [grpc-default-executor-0] INFO  impl.RaftServerImpl (RaftServerImpl.java:setRole(174)) - c3336af5-ef91-4420-af01-c0c00dc6c530@group-5FF39CBF2ADF: changes role from  FOLLOWER to FOLLOWER at term 2 for recognizeCandidate:b366cd81-90f5-4f0e-8fa6-7e105a738d9d
2019-09-11 07:01:18,502 [grpc-default-executor-0] INFO  impl.RoleInfo (RoleInfo.java:shutdownFollowerState(121)) - c3336af5-ef91-4420-af01-c0c00dc6c530: shutdown FollowerState
2019-09-11 07:01:18,503 [grpc-default-executor-0] INFO  impl.RoleInfo (RoleInfo.java:updateAndGet(143)) - c3336af5-ef91-4420-af01-c0c00dc6c530: start FollowerState
2019-09-11 07:01:18,507 [4523c126-f03b-4acb-be3e-4c406fe3aaad@group-7CDE87E80901:LeaderElection18] INFO  server.RaftServerConfigKeys (ConfUtils.java:logGet(43)) - raft.server.log.appender.snapshot.chunk.size.max = 16MB (=16777216) (default)
2019-09-11 07:01:18,511 [4523c126-f03b-4acb-be3e-4c406fe3aaad@group-7CDE87E80901:LeaderElection18] INFO  server.RaftServerConfigKeys (ConfUtils.java:logGet(43)) - raft.server.log.appender.buffer.byte-limit = 33554432 (custom)
2019-09-11 07:01:18,514 [grpc-default-executor-1] INFO  impl.RaftServerImpl (ServerState.java:setLeader(253)) - 0159beb9-e28f-41a3-bdd5-1125b6dbb65e@group-D61D25716C8D: change Leader from null to bbdbb4de-2219-47e5-a2b1-d5e525a98c19 at term 1 for appendEntries, leader elected after 1252ms
2019-09-11 07:01:18,516 [grpc-default-executor-2] INFO  impl.RaftServerImpl (ServerState.java:setLeader(253)) - 7cc5d2d7-39af-4b66-8513-17417d4c25e9@group-D61D25716C8D: change Leader from null to bbdbb4de-2219-47e5-a2b1-d5e525a98c19 at term 1 for appendEntries, leader elected after 1261ms
2019-09-11 07:01:18,514 [4523c126-f03b-4acb-be3e-4c406fe3aaad@group-7CDE87E80901:LeaderElection18] INFO  server.RaftServerConfigKeys (ConfUtils.java:logGet(43)) - raft.server.log.appender.buffer.element-limit = 1 (custom)
2019-09-11 07:01:18,517 [4523c126-f03b-4acb-be3e-4c406fe3aaad@group-7CDE87E80901:LeaderElection18] INFO  grpc.GrpcConfigKeys$Server (ConfUtils.java:logGet(43)) - raft.grpc.server.leader.outstanding.appends.max = 128 (default)
2019-09-11 07:01:18,519 [4523c126-f03b-4acb-be3e-4c406fe3aaad@group-7CDE87E80901:LeaderElection18] INFO  server.RaftServerConfigKeys (ConfUtils.java:logGet(43)) - raft.server.rpc.request.timeout = 3000ms (default)
2019-09-11 07:01:18,519 [4523c126-f03b-4acb-be3e-4c406fe3aaad@group-7CDE87E80901:LeaderElection18] INFO  server.RaftServerConfigKeys (ConfUtils.java:logGet(43)) - raft.server.log.appender.install.snapshot.enabled = false (custom)
2019-09-11 07:01:18,521 [4523c126-f03b-4acb-be3e-4c406fe3aaad@group-7CDE87E80901:LeaderElection18] INFO  server.RaftServerConfigKeys (ConfUtils.java:logGet(43)) - raft.server.log.appender.snapshot.chunk.size.max = 16MB (=16777216) (default)
2019-09-11 07:01:18,521 [4523c126-f03b-4acb-be3e-4c406fe3aaad@group-7CDE87E80901:LeaderElection18] INFO  server.RaftServerConfigKeys (ConfUtils.java:logGet(43)) - raft.server.log.appender.buffer.byte-limit = 33554432 (custom)
2019-09-11 07:01:18,522 [4523c126-f03b-4acb-be3e-4c406fe3aaad@group-7CDE87E80901:LeaderElection18] INFO  server.RaftServerConfigKeys (ConfUtils.java:logGet(43)) - raft.server.log.appender.buffer.element-limit = 1 (custom)
2019-09-11 07:01:18,522 [bbdbb4de-2219-47e5-a2b1-d5e525a98c19@group-D61D25716C8D-SegmentedRaftLogWorker] INFO  segmented.SegmentedRaftLogWorker (SegmentedRaftLogWorker.java:execute(569)) - bbdbb4de-2219-47e5-a2b1-d5e525a98c19@group-D61D25716C8D-SegmentedRaftLogWorker: created new log segment /workdir/hadoop-ozone/integration-test/target/test-dir/MiniOzoneClusterImpl-17eb7e61-4fa5-444d-af72-e415168ae45d/datanode-0/data/ratis/f4a355b4-515b-426d-bc3d-d61d25716c8d/current/log_inprogress_0
2019-09-11 07:01:18,522 [e76620e4-5df3-481a-bd8d-e91ef558e102@group-5FF39CBF2ADF:LeaderElection20] INFO  impl.LeaderElection (LeaderElection.java:askForVotes(182)) - e76620e4-5df3-481a-bd8d-e91ef558e102@group-5FF39CBF2ADF:LeaderElection20: begin an election at term 2 for -1: [b366cd81-90f5-4f0e-8fa6-7e105a738d9d:192.168.5.143:43234, e76620e4-5df3-481a-bd8d-e91ef558e102:192.168.5.143:40986, c3336af5-ef91-4420-af01-c0c00dc6c530:192.168.5.143:40781], old=null
2019-09-11 07:01:18,522 [4523c126-f03b-4acb-be3e-4c406fe3aaad@group-7CDE87E80901:LeaderElection18] INFO  grpc.GrpcConfigKeys$Server (ConfUtils.java:logGet(43)) - raft.grpc.server.leader.outstanding.appends.max = 128 (default)
2019-09-11 07:01:18,522 [4523c126-f03b-4acb-be3e-4c406fe3aaad@group-7CDE87E80901:LeaderElection18] INFO  server.RaftServerConfigKeys (ConfUtils.java:logGet(43)) - raft.server.rpc.request.timeout = 3000ms (default)
2019-09-11 07:01:18,525 [4523c126-f03b-4acb-be3e-4c406fe3aaad@group-7CDE87E80901:LeaderElection18] INFO  server.RaftServerConfigKeys (ConfUtils.java:logGet(43)) - raft.server.log.appender.install.snapshot.enabled = false (custom)
2019-09-11 07:01:18,525 [4523c126-f03b-4acb-be3e-4c406fe3aaad@group-7CDE87E80901:LeaderElection18] INFO  impl.RoleInfo (RoleInfo.java:updateAndGet(143)) - 4523c126-f03b-4acb-be3e-4c406fe3aaad: start LeaderState
2019-09-11 07:01:18,526 [4523c126-f03b-4acb-be3e-4c406fe3aaad@group-7CDE87E80901:LeaderElection18] INFO  segmented.SegmentedRaftLogWorker (SegmentedRaftLogWorker.java:startLogSegment(380)) - 4523c126-f03b-4acb-be3e-4c406fe3aaad@group-7CDE87E80901-SegmentedRaftLogWorker: Starting segment from index:0
2019-09-11 07:01:18,528 [b366cd81-90f5-4f0e-8fa6-7e105a738d9d@group-5FF39CBF2ADF:LeaderElection19] INFO  impl.LeaderElection (LeaderElection.java:logAndReturn(56)) - b366cd81-90f5-4f0e-8fa6-7e105a738d9d@group-5FF39CBF2ADF:LeaderElection19: Election PASSED; received 1 response(s) [b366cd81-90f5-4f0e-8fa6-7e105a738d9d<-c3336af5-ef91-4420-af01-c0c00dc6c530#0:OK-t2] and 0 exception(s); b366cd81-90f5-4f0e-8fa6-7e105a738d9d@group-5FF39CBF2ADF:t2, leader=null, voted=b366cd81-90f5-4f0e-8fa6-7e105a738d9d, raftlog=b366cd81-90f5-4f0e-8fa6-7e105a738d9d@group-5FF39CBF2ADF-SegmentedRaftLog:OPENED:c-1,f-1,i0, conf=-1: [b366cd81-90f5-4f0e-8fa6-7e105a738d9d:192.168.5.143:43234, e76620e4-5df3-481a-bd8d-e91ef558e102:192.168.5.143:40986, c3336af5-ef91-4420-af01-c0c00dc6c530:192.168.5.143:40781], old=null
2019-09-11 07:01:18,566 [4523c126-f03b-4acb-be3e-4c406fe3aaad@group-7CDE87E80901:LeaderElection18] INFO  impl.RaftServerImpl (ServerState.java:setRaftConf(354)) - 4523c126-f03b-4acb-be3e-4c406fe3aaad@group-7CDE87E80901: set configuration 0: [42626b9b-ed01-4037-9282-5fe073f296c6:192.168.5.143:37220, 4523c126-f03b-4acb-be3e-4c406fe3aaad:192.168.5.143:34504, 4a2aa8aa-5edc-4f5e-99ad-9332c6d3f836:192.168.5.143:42220], old=null at 0
2019-09-11 07:01:18,566 [b366cd81-90f5-4f0e-8fa6-7e105a738d9d@group-5FF39CBF2ADF:LeaderElection19] INFO  impl.RoleInfo (RoleInfo.java:shutdownLeaderElection(134)) - b366cd81-90f5-4f0e-8fa6-7e105a738d9d: shutdown LeaderElection
2019-09-11 07:01:18,568 [b366cd81-90f5-4f0e-8fa6-7e105a738d9d@group-5FF39CBF2ADF:LeaderElection19] INFO  impl.RaftServerImpl (RaftServerImpl.java:setRole(174)) - b366cd81-90f5-4f0e-8fa6-7e105a738d9d@group-5FF39CBF2ADF: changes role from CANDIDATE to LEADER at term 2 for changeToLeader
2019-09-11 07:01:18,579 [b366cd81-90f5-4f0e-8fa6-7e105a738d9d@group-5FF39CBF2ADF:LeaderElection19] INFO  impl.RaftServerImpl (ServerState.java:setLeader(253)) - b366cd81-90f5-4f0e-8fa6-7e105a738d9d@group-5FF39CBF2ADF: change Leader from null to b366cd81-90f5-4f0e-8fa6-7e105a738d9d at term 2 for becomeLeader, leader elected after 2652ms
2019-09-11 07:01:18,579 [b366cd81-90f5-4f0e-8fa6-7e105a738d9d@group-5FF39CBF2ADF:LeaderElection19] INFO  server.RaftServerConfigKeys (ConfUtils.java:logGet(43)) - raft.server.staging.catchup.gap = 1000 (default)
2019-09-11 07:01:18,580 [b366cd81-90f5-4f0e-8fa6-7e105a738d9d@group-5FF39CBF2ADF:LeaderElection19] INFO  server.RaftServerConfigKeys (ConfUtils.java:logGet(43)) - raft.server.rpc.sleep.time = 25ms (default)
2019-09-11 07:01:18,580 [b366cd81-90f5-4f0e-8fa6-7e105a738d9d@group-5FF39CBF2ADF:LeaderElection19] INFO  server.RaftServerConfigKeys (ConfUtils.java:logGet(43)) - raft.server.write.element-limit = 4096 (default)
2019-09-11 07:01:18,580 [b366cd81-90f5-4f0e-8fa6-7e105a738d9d@group-5FF39CBF2ADF:LeaderElection19] INFO  server.RaftServerConfigKeys (ConfUtils.java:logGet(43)) - raft.server.watch.timeout = 10s (default)
2019-09-11 07:01:18,580 [b366cd81-90f5-4f0e-8fa6-7e105a738d9d@group-5FF39CBF2ADF:LeaderElection19] INFO  server.RaftServerConfigKeys (ConfUtils.java:logGet(43)) - raft.server.watch.timeout.denomination = 1s (default)
2019-09-11 07:01:18,581 [b366cd81-90f5-4f0e-8fa6-7e105a738d9d@group-5FF39CBF2ADF:LeaderElection19] INFO  server.RaftServerConfigKeys (ConfUtils.java:logGet(43)) - raft.server.watch.element-limit = 65536 (default)
2019-09-11 07:01:18,584 [grpc-default-executor-3] INFO  impl.RaftServerImpl (ServerState.java:setLeader(253)) - 42626b9b-ed01-4037-9282-5fe073f296c6@group-7CDE87E80901: change Leader from null to 4523c126-f03b-4acb-be3e-4c406fe3aaad at term 2 for appendEntries, leader elected after 2515ms
2019-09-11 07:01:18,585 [grpc-default-executor-4] INFO  impl.RaftServerImpl (ServerState.java:setLeader(253)) - 4a2aa8aa-5edc-4f5e-99ad-9332c6d3f836@group-7CDE87E80901: change Leader from null to 4523c126-f03b-4acb-be3e-4c406fe3aaad at term 2 for appendEntries, leader elected after 2515ms
2019-09-11 07:01:18,587 [b366cd81-90f5-4f0e-8fa6-7e105a738d9d@group-5FF39CBF2ADF:LeaderElection19] INFO  server.RaftServerConfigKeys (ConfUtils.java:logGet(43)) - raft.server.log.appender.snapshot.chunk.size.max = 16MB (=16777216) (default)
2019-09-11 07:01:18,588 [b366cd81-90f5-4f0e-8fa6-7e105a738d9d@group-5FF39CBF2ADF:LeaderElection19] INFO  server.RaftServerConfigKeys (ConfUtils.java:logGet(43)) - raft.server.log.appender.buffer.byte-limit = 33554432 (custom)
2019-09-11 07:01:18,588 [b366cd81-90f5-4f0e-8fa6-7e105a738d9d@group-5FF39CBF2ADF:LeaderElection19] INFO  server.RaftServerConfigKeys (ConfUtils.java:logGet(43)) - raft.server.log.appender.buffer.element-limit = 1 (custom)
2019-09-11 07:01:18,588 [b366cd81-90f5-4f0e-8fa6-7e105a738d9d@group-5FF39CBF2ADF:LeaderElection19] INFO  grpc.GrpcConfigKeys$Server (ConfUtils.java:logGet(43)) - raft.grpc.server.leader.outstanding.appends.max = 128 (default)
2019-09-11 07:01:18,588 [b366cd81-90f5-4f0e-8fa6-7e105a738d9d@group-5FF39CBF2ADF:LeaderElection19] INFO  server.RaftServerConfigKeys (ConfUtils.java:logGet(43)) - raft.server.rpc.request.timeout = 3000ms (default)
2019-09-11 07:01:18,589 [b366cd81-90f5-4f0e-8fa6-7e105a738d9d@group-5FF39CBF2ADF:LeaderElection19] INFO  server.RaftServerConfigKeys (ConfUtils.java:logGet(43)) - raft.server.log.appender.install.snapshot.enabled = false (custom)
2019-09-11 07:01:18,589 [b366cd81-90f5-4f0e-8fa6-7e105a738d9d@group-5FF39CBF2ADF:LeaderElection19] INFO  server.RaftServerConfigKeys (ConfUtils.java:logGet(43)) - raft.server.log.appender.snapshot.chunk.size.max = 16MB (=16777216) (default)
2019-09-11 07:01:18,589 [b366cd81-90f5-4f0e-8fa6-7e105a738d9d@group-5FF39CBF2ADF:LeaderElection19] INFO  server.RaftServerConfigKeys (ConfUtils.java:logGet(43)) - raft.server.log.appender.buffer.byte-limit = 33554432 (custom)
2019-09-11 07:01:18,589 [b366cd81-90f5-4f0e-8fa6-7e105a738d9d@group-5FF39CBF2ADF:LeaderElection19] INFO  server.RaftServerConfigKeys (ConfUtils.java:logGet(43)) - raft.server.log.appender.buffer.element-limit = 1 (custom)
2019-09-11 07:01:18,590 [b366cd81-90f5-4f0e-8fa6-7e105a738d9d@group-5FF39CBF2ADF:LeaderElection19] INFO  grpc.GrpcConfigKeys$Server (ConfUtils.java:logGet(43)) - raft.grpc.server.leader.outstanding.appends.max = 128 (default)
2019-09-11 07:01:18,590 [b366cd81-90f5-4f0e-8fa6-7e105a738d9d@group-5FF39CBF2ADF:LeaderElection19] INFO  server.RaftServerConfigKeys (ConfUtils.java:logGet(43)) - raft.server.rpc.request.timeout = 3000ms (default)
2019-09-11 07:01:18,590 [b366cd81-90f5-4f0e-8fa6-7e105a738d9d@group-5FF39CBF2ADF:LeaderElection19] INFO  server.RaftServerConfigKeys (ConfUtils.java:logGet(43)) - raft.server.log.appender.install.snapshot.enabled = false (custom)
2019-09-11 07:01:18,591 [b366cd81-90f5-4f0e-8fa6-7e105a738d9d@group-5FF39CBF2ADF:LeaderElection19] INFO  impl.RoleInfo (RoleInfo.java:updateAndGet(143)) - b366cd81-90f5-4f0e-8fa6-7e105a738d9d: start LeaderState
2019-09-11 07:01:18,591 [b366cd81-90f5-4f0e-8fa6-7e105a738d9d@group-5FF39CBF2ADF:LeaderElection19] INFO  segmented.SegmentedRaftLogWorker (SegmentedRaftLogWorker.java:startLogSegment(380)) - b366cd81-90f5-4f0e-8fa6-7e105a738d9d@group-5FF39CBF2ADF-SegmentedRaftLogWorker: Starting segment from index:0
2019-09-11 07:01:18,620 [4523c126-f03b-4acb-be3e-4c406fe3aaad@group-7CDE87E80901-SegmentedRaftLogWorker] INFO  segmented.SegmentedRaftLogWorker (SegmentedRaftLogWorker.java:execute(569)) - 4523c126-f03b-4acb-be3e-4c406fe3aaad@group-7CDE87E80901-SegmentedRaftLogWorker: created new log segment /workdir/hadoop-ozone/integration-test/target/test-dir/MiniOzoneClusterImpl-17eb7e61-4fa5-444d-af72-e415168ae45d/datanode-3/data/ratis/13214434-aab0-4670-8830-7cde87e80901/current/log_inprogress_0
2019-09-11 07:01:18,620 [b366cd81-90f5-4f0e-8fa6-7e105a738d9d@group-5FF39CBF2ADF:LeaderElection19] INFO  impl.RaftServerImpl (ServerState.java:setRaftConf(354)) - b366cd81-90f5-4f0e-8fa6-7e105a738d9d@group-5FF39CBF2ADF: set configuration 0: [b366cd81-90f5-4f0e-8fa6-7e105a738d9d:192.168.5.143:43234, e76620e4-5df3-481a-bd8d-e91ef558e102:192.168.5.143:40986, c3336af5-ef91-4420-af01-c0c00dc6c530:192.168.5.143:40781], old=null at 0
2019-09-11 07:01:18,624 [grpc-default-executor-0] INFO  impl.RaftServerImpl (RaftServerImpl.java:requestVote(758)) - b366cd81-90f5-4f0e-8fa6-7e105a738d9d@group-5FF39CBF2ADF-   LEADER: Withhold vote from candidate e76620e4-5df3-481a-bd8d-e91ef558e102 with term 2. State: leader=b366cd81-90f5-4f0e-8fa6-7e105a738d9d, term=2, lastRpcElapsed=null
2019-09-11 07:01:18,631 [grpc-default-executor-2] INFO  impl.RaftServerImpl (ServerState.java:setLeader(253)) - c3336af5-ef91-4420-af01-c0c00dc6c530@group-5FF39CBF2ADF: change Leader from null to b366cd81-90f5-4f0e-8fa6-7e105a738d9d at term 2 for appendEntries, leader elected after 2704ms
2019-09-11 07:01:18,631 [e76620e4-5df3-481a-bd8d-e91ef558e102@group-5FF39CBF2ADF:LeaderElection20] INFO  impl.LeaderElection (LeaderElection.java:logAndReturn(56)) - e76620e4-5df3-481a-bd8d-e91ef558e102@group-5FF39CBF2ADF:LeaderElection20: Election REJECTED; received 2 response(s) [e76620e4-5df3-481a-bd8d-e91ef558e102<-b366cd81-90f5-4f0e-8fa6-7e105a738d9d#0:FAIL-t2, e76620e4-5df3-481a-bd8d-e91ef558e102<-c3336af5-ef91-4420-af01-c0c00dc6c530#0:FAIL-t2] and 0 exception(s); e76620e4-5df3-481a-bd8d-e91ef558e102@group-5FF39CBF2ADF:t2, leader=null, voted=e76620e4-5df3-481a-bd8d-e91ef558e102, raftlog=e76620e4-5df3-481a-bd8d-e91ef558e102@group-5FF39CBF2ADF-SegmentedRaftLog:OPENED:c-1,f-1,i0, conf=-1: [b366cd81-90f5-4f0e-8fa6-7e105a738d9d:192.168.5.143:43234, e76620e4-5df3-481a-bd8d-e91ef558e102:192.168.5.143:40986, c3336af5-ef91-4420-af01-c0c00dc6c530:192.168.5.143:40781], old=null
2019-09-11 07:01:18,631 [grpc-default-executor-1] INFO  impl.RaftServerImpl (RaftServerImpl.java:setRole(174)) - e76620e4-5df3-481a-bd8d-e91ef558e102@group-5FF39CBF2ADF: changes role from CANDIDATE to FOLLOWER at term 2 for appendEntries
2019-09-11 07:01:18,632 [grpc-default-executor-1] INFO  impl.RoleInfo (RoleInfo.java:shutdownLeaderElection(134)) - e76620e4-5df3-481a-bd8d-e91ef558e102: shutdown LeaderElection
2019-09-11 07:01:18,635 [grpc-default-executor-1] INFO  impl.RoleInfo (RoleInfo.java:updateAndGet(143)) - e76620e4-5df3-481a-bd8d-e91ef558e102: start FollowerState
2019-09-11 07:01:18,635 [grpc-default-executor-1] INFO  impl.RaftServerImpl (ServerState.java:setLeader(253)) - e76620e4-5df3-481a-bd8d-e91ef558e102@group-5FF39CBF2ADF: change Leader from null to b366cd81-90f5-4f0e-8fa6-7e105a738d9d at term 2 for appendEntries, leader elected after 2708ms
2019-09-11 07:01:18,643 [grpc-default-executor-0] INFO  impl.RaftServerImpl (ServerState.java:setRaftConf(354)) - 0159beb9-e28f-41a3-bdd5-1125b6dbb65e@group-D61D25716C8D: set configuration 0: [7cc5d2d7-39af-4b66-8513-17417d4c25e9:192.168.5.143:41269, 0159beb9-e28f-41a3-bdd5-1125b6dbb65e:192.168.5.143:44765, bbdbb4de-2219-47e5-a2b1-d5e525a98c19:192.168.5.143:42910], old=null at 0
2019-09-11 07:01:18,646 [grpc-default-executor-4] INFO  impl.RaftServerImpl (ServerState.java:setRaftConf(354)) - 42626b9b-ed01-4037-9282-5fe073f296c6@group-7CDE87E80901: set configuration 0: [42626b9b-ed01-4037-9282-5fe073f296c6:192.168.5.143:37220, 4523c126-f03b-4acb-be3e-4c406fe3aaad:192.168.5.143:34504, 4a2aa8aa-5edc-4f5e-99ad-9332c6d3f836:192.168.5.143:42220], old=null at 0
2019-09-11 07:01:18,646 [grpc-default-executor-5] INFO  impl.RaftServerImpl (ServerState.java:setRaftConf(354)) - e76620e4-5df3-481a-bd8d-e91ef558e102@group-5FF39CBF2ADF: set configuration 0: [b366cd81-90f5-4f0e-8fa6-7e105a738d9d:192.168.5.143:43234, e76620e4-5df3-481a-bd8d-e91ef558e102:192.168.5.143:40986, c3336af5-ef91-4420-af01-c0c00dc6c530:192.168.5.143:40781], old=null at 0
2019-09-11 07:01:18,643 [grpc-default-executor-3] INFO  impl.RaftServerImpl (ServerState.java:setRaftConf(354)) - c3336af5-ef91-4420-af01-c0c00dc6c530@group-5FF39CBF2ADF: set configuration 0: [b366cd81-90f5-4f0e-8fa6-7e105a738d9d:192.168.5.143:43234, e76620e4-5df3-481a-bd8d-e91ef558e102:192.168.5.143:40986, c3336af5-ef91-4420-af01-c0c00dc6c530:192.168.5.143:40781], old=null at 0
2019-09-11 07:01:18,646 [grpc-default-executor-5] INFO  segmented.SegmentedRaftLogWorker (SegmentedRaftLogWorker.java:startLogSegment(380)) - e76620e4-5df3-481a-bd8d-e91ef558e102@group-5FF39CBF2ADF-SegmentedRaftLogWorker: Starting segment from index:0
2019-09-11 07:01:18,646 [grpc-default-executor-4] INFO  segmented.SegmentedRaftLogWorker (SegmentedRaftLogWorker.java:startLogSegment(380)) - 42626b9b-ed01-4037-9282-5fe073f296c6@group-7CDE87E80901-SegmentedRaftLogWorker: Starting segment from index:0
2019-09-11 07:01:18,646 [grpc-default-executor-0] INFO  segmented.SegmentedRaftLogWorker (SegmentedRaftLogWorker.java:startLogSegment(380)) - 0159beb9-e28f-41a3-bdd5-1125b6dbb65e@group-D61D25716C8D-SegmentedRaftLogWorker: Starting segment from index:0
2019-09-11 07:01:18,646 [grpc-default-executor-1] INFO  impl.RaftServerImpl (ServerState.java:setRaftConf(354)) - 7cc5d2d7-39af-4b66-8513-17417d4c25e9@group-D61D25716C8D: set configuration 0: [7cc5d2d7-39af-4b66-8513-17417d4c25e9:192.168.5.143:41269, 0159beb9-e28f-41a3-bdd5-1125b6dbb65e:192.168.5.143:44765, bbdbb4de-2219-47e5-a2b1-d5e525a98c19:192.168.5.143:42910], old=null at 0
2019-09-11 07:01:18,646 [grpc-default-executor-2] INFO  impl.RaftServerImpl (ServerState.java:setRaftConf(354)) - 4a2aa8aa-5edc-4f5e-99ad-9332c6d3f836@group-7CDE87E80901: set configuration 0: [42626b9b-ed01-4037-9282-5fe073f296c6:192.168.5.143:37220, 4523c126-f03b-4acb-be3e-4c406fe3aaad:192.168.5.143:34504, 4a2aa8aa-5edc-4f5e-99ad-9332c6d3f836:192.168.5.143:42220], old=null at 0
2019-09-11 07:01:18,647 [grpc-default-executor-1] INFO  segmented.SegmentedRaftLogWorker (SegmentedRaftLogWorker.java:startLogSegment(380)) - 7cc5d2d7-39af-4b66-8513-17417d4c25e9@group-D61D25716C8D-SegmentedRaftLogWorker: Starting segment from index:0
2019-09-11 07:01:18,646 [grpc-default-executor-3] INFO  segmented.SegmentedRaftLogWorker (SegmentedRaftLogWorker.java:startLogSegment(380)) - c3336af5-ef91-4420-af01-c0c00dc6c530@group-5FF39CBF2ADF-SegmentedRaftLogWorker: Starting segment from index:0
2019-09-11 07:01:18,647 [grpc-default-executor-2] INFO  segmented.SegmentedRaftLogWorker (SegmentedRaftLogWorker.java:startLogSegment(380)) - 4a2aa8aa-5edc-4f5e-99ad-9332c6d3f836@group-7CDE87E80901-SegmentedRaftLogWorker: Starting segment from index:0
2019-09-11 07:01:18,656 [b366cd81-90f5-4f0e-8fa6-7e105a738d9d@group-5FF39CBF2ADF-SegmentedRaftLogWorker] INFO  segmented.SegmentedRaftLogWorker (SegmentedRaftLogWorker.java:execute(569)) - b366cd81-90f5-4f0e-8fa6-7e105a738d9d@group-5FF39CBF2ADF-SegmentedRaftLogWorker: created new log segment /workdir/hadoop-ozone/integration-test/target/test-dir/MiniOzoneClusterImpl-17eb7e61-4fa5-444d-af72-e415168ae45d/datanode-4/data/ratis/af2d3d67-cd5f-47e3-ae2e-5ff39cbf2adf/current/log_inprogress_0
2019-09-11 07:01:18,698 [42626b9b-ed01-4037-9282-5fe073f296c6@group-7CDE87E80901-SegmentedRaftLogWorker] INFO  segmented.SegmentedRaftLogWorker (SegmentedRaftLogWorker.java:execute(569)) - 42626b9b-ed01-4037-9282-5fe073f296c6@group-7CDE87E80901-SegmentedRaftLogWorker: created new log segment /workdir/hadoop-ozone/integration-test/target/test-dir/MiniOzoneClusterImpl-17eb7e61-4fa5-444d-af72-e415168ae45d/datanode-1/data/ratis/13214434-aab0-4670-8830-7cde87e80901/current/log_inprogress_0
2019-09-11 07:01:18,698 [e76620e4-5df3-481a-bd8d-e91ef558e102@group-5FF39CBF2ADF-SegmentedRaftLogWorker] INFO  segmented.SegmentedRaftLogWorker (SegmentedRaftLogWorker.java:execute(569)) - e76620e4-5df3-481a-bd8d-e91ef558e102@group-5FF39CBF2ADF-SegmentedRaftLogWorker: created new log segment /workdir/hadoop-ozone/integration-test/target/test-dir/MiniOzoneClusterImpl-17eb7e61-4fa5-444d-af72-e415168ae45d/datanode-8/data/ratis/af2d3d67-cd5f-47e3-ae2e-5ff39cbf2adf/current/log_inprogress_0
2019-09-11 07:01:18,698 [0159beb9-e28f-41a3-bdd5-1125b6dbb65e@group-D61D25716C8D-SegmentedRaftLogWorker] INFO  segmented.SegmentedRaftLogWorker (SegmentedRaftLogWorker.java:execute(569)) - 0159beb9-e28f-41a3-bdd5-1125b6dbb65e@group-D61D25716C8D-SegmentedRaftLogWorker: created new log segment /workdir/hadoop-ozone/integration-test/target/test-dir/MiniOzoneClusterImpl-17eb7e61-4fa5-444d-af72-e415168ae45d/datanode-2/data/ratis/f4a355b4-515b-426d-bc3d-d61d25716c8d/current/log_inprogress_0
2019-09-11 07:01:18,716 [7cc5d2d7-39af-4b66-8513-17417d4c25e9@group-D61D25716C8D-SegmentedRaftLogWorker] INFO  segmented.SegmentedRaftLogWorker (SegmentedRaftLogWorker.java:execute(569)) - 7cc5d2d7-39af-4b66-8513-17417d4c25e9@group-D61D25716C8D-SegmentedRaftLogWorker: created new log segment /workdir/hadoop-ozone/integration-test/target/test-dir/MiniOzoneClusterImpl-17eb7e61-4fa5-444d-af72-e415168ae45d/datanode-5/data/ratis/f4a355b4-515b-426d-bc3d-d61d25716c8d/current/log_inprogress_0
2019-09-11 07:01:18,716 [4a2aa8aa-5edc-4f5e-99ad-9332c6d3f836@group-7CDE87E80901-SegmentedRaftLogWorker] INFO  segmented.SegmentedRaftLogWorker (SegmentedRaftLogWorker.java:execute(569)) - 4a2aa8aa-5edc-4f5e-99ad-9332c6d3f836@group-7CDE87E80901-SegmentedRaftLogWorker: created new log segment /workdir/hadoop-ozone/integration-test/target/test-dir/MiniOzoneClusterImpl-17eb7e61-4fa5-444d-af72-e415168ae45d/datanode-9/data/ratis/13214434-aab0-4670-8830-7cde87e80901/current/log_inprogress_0
2019-09-11 07:01:18,729 [c3336af5-ef91-4420-af01-c0c00dc6c530@group-5FF39CBF2ADF-SegmentedRaftLogWorker] INFO  segmented.SegmentedRaftLogWorker (SegmentedRaftLogWorker.java:execute(569)) - c3336af5-ef91-4420-af01-c0c00dc6c530@group-5FF39CBF2ADF-SegmentedRaftLogWorker: created new log segment /workdir/hadoop-ozone/integration-test/target/test-dir/MiniOzoneClusterImpl-17eb7e61-4fa5-444d-af72-e415168ae45d/datanode-7/data/ratis/af2d3d67-cd5f-47e3-ae2e-5ff39cbf2adf/current/log_inprogress_0
2019-09-11 07:01:18,737 [grpc-default-executor-2] INFO  client.GrpcClientProtocolClient (GrpcClientProtocolClient.java:onNext(264)) - client-FA9E6D659E8E->e76620e4-5df3-481a-bd8d-e91ef558e102: receive RaftClientReply:client-FA9E6D659E8E->e76620e4-5df3-481a-bd8d-e91ef558e102@group-5FF39CBF2ADF, cid=19, FAILED org.apache.ratis.protocol.NotLeaderException: Server e76620e4-5df3-481a-bd8d-e91ef558e102@group-5FF39CBF2ADF is not the leader b366cd81-90f5-4f0e-8fa6-7e105a738d9d:192.168.5.143:43234, logIndex=0, commits[e76620e4-5df3-481a-bd8d-e91ef558e102:c-1, b366cd81-90f5-4f0e-8fa6-7e105a738d9d:c-1, c3336af5-ef91-4420-af01-c0c00dc6c530:c-1]
2019-09-11 07:01:19,139 [grpc-default-executor-1] INFO  client.GrpcClientProtocolClient (GrpcClientProtocolClient.java:onNext(264)) - client-FA9E6D659E8E->b366cd81-90f5-4f0e-8fa6-7e105a738d9d: receive RaftClientReply:client-FA9E6D659E8E->b366cd81-90f5-4f0e-8fa6-7e105a738d9d@group-5FF39CBF2ADF, cid=19, SUCCESS, logIndex=1, commits[b366cd81-90f5-4f0e-8fa6-7e105a738d9d:c1, e76620e4-5df3-481a-bd8d-e91ef558e102:c0, c3336af5-ef91-4420-af01-c0c00dc6c530:c0]
2019-09-11 07:01:19,335 [grpc-default-executor-1] INFO  client.GrpcClientProtocolClient (GrpcClientProtocolClient.java:onNext(264)) - client-FA9E6D659E8E->b366cd81-90f5-4f0e-8fa6-7e105a738d9d: receive RaftClientReply:client-FA9E6D659E8E->b366cd81-90f5-4f0e-8fa6-7e105a738d9d@group-5FF39CBF2ADF, cid=20, SUCCESS, logIndex=3, commits[b366cd81-90f5-4f0e-8fa6-7e105a738d9d:c8, e76620e4-5df3-481a-bd8d-e91ef558e102:c6, c3336af5-ef91-4420-af01-c0c00dc6c530:c6]
2019-09-11 07:01:19,341 [grpc-default-executor-1] INFO  client.GrpcClientProtocolClient (GrpcClientProtocolClient.java:onNext(264)) - client-FA9E6D659E8E->b366cd81-90f5-4f0e-8fa6-7e105a738d9d: receive RaftClientReply:client-FA9E6D659E8E->b366cd81-90f5-4f0e-8fa6-7e105a738d9d@group-5FF39CBF2ADF, cid=21, SUCCESS, logIndex=4, commits[b366cd81-90f5-4f0e-8fa6-7e105a738d9d:c8, e76620e4-5df3-481a-bd8d-e91ef558e102:c6, c3336af5-ef91-4420-af01-c0c00dc6c530:c6]
2019-09-11 07:01:19,522 [grpc-default-executor-1] INFO  client.GrpcClientProtocolClient (GrpcClientProtocolClient.java:onNext(264)) - client-FA9E6D659E8E->b366cd81-90f5-4f0e-8fa6-7e105a738d9d: receive RaftClientReply:client-FA9E6D659E8E->b366cd81-90f5-4f0e-8fa6-7e105a738d9d@group-5FF39CBF2ADF, cid=22, SUCCESS, logIndex=6, commits[b366cd81-90f5-4f0e-8fa6-7e105a738d9d:c8, e76620e4-5df3-481a-bd8d-e91ef558e102:c6, c3336af5-ef91-4420-af01-c0c00dc6c530:c6]
2019-09-11 07:01:19,583 [grpc-default-executor-1] INFO  client.GrpcClientProtocolClient (GrpcClientProtocolClient.java:onNext(264)) - client-FA9E6D659E8E->b366cd81-90f5-4f0e-8fa6-7e105a738d9d: receive RaftClientReply:client-FA9E6D659E8E->b366cd81-90f5-4f0e-8fa6-7e105a738d9d@group-5FF39CBF2ADF, cid=23, SUCCESS, logIndex=9, commits[b366cd81-90f5-4f0e-8fa6-7e105a738d9d:c10, e76620e4-5df3-481a-bd8d-e91ef558e102:c8, c3336af5-ef91-4420-af01-c0c00dc6c530:c8]
2019-09-11 07:01:19,585 [grpc-default-executor-2] INFO  client.GrpcClientProtocolClient (GrpcClientProtocolClient.java:onNext(264)) - client-FA9E6D659E8E->b366cd81-90f5-4f0e-8fa6-7e105a738d9d: receive RaftClientReply:client-FA9E6D659E8E->b366cd81-90f5-4f0e-8fa6-7e105a738d9d@group-5FF39CBF2ADF, cid=24, SUCCESS, logIndex=10, commits[b366cd81-90f5-4f0e-8fa6-7e105a738d9d:c10, e76620e4-5df3-481a-bd8d-e91ef558e102:c8, c3336af5-ef91-4420-af01-c0c00dc6c530:c8]
2019-09-11 07:01:19,592 [grpc-default-executor-1] INFO  client.GrpcClientProtocolClient (GrpcClientProtocolClient.java:onNext(264)) - client-FA9E6D659E8E->b366cd81-90f5-4f0e-8fa6-7e105a738d9d: receive RaftClientReply:client-FA9E6D659E8E->b366cd81-90f5-4f0e-8fa6-7e105a738d9d@group-5FF39CBF2ADF, cid=25, SUCCESS, logIndex=11, commits[b366cd81-90f5-4f0e-8fa6-7e105a738d9d:c12, e76620e4-5df3-481a-bd8d-e91ef558e102:c8, c3336af5-ef91-4420-af01-c0c00dc6c530:c8]
2019-09-11 07:01:19,594 [grpc-default-executor-1] INFO  client.GrpcClientProtocolClient (GrpcClientProtocolClient.java:onNext(264)) - client-FA9E6D659E8E->b366cd81-90f5-4f0e-8fa6-7e105a738d9d: receive RaftClientReply:client-FA9E6D659E8E->b366cd81-90f5-4f0e-8fa6-7e105a738d9d@group-5FF39CBF2ADF, cid=26, SUCCESS, logIndex=12, commits[b366cd81-90f5-4f0e-8fa6-7e105a738d9d:c12, e76620e4-5df3-481a-bd8d-e91ef558e102:c8, c3336af5-ef91-4420-af01-c0c00dc6c530:c8]
2019-09-11 07:01:19,627 [grpc-default-executor-3] INFO  client.GrpcClientProtocolClient (GrpcClientProtocolClient.java:onNext(264)) - client-FA9E6D659E8E->b366cd81-90f5-4f0e-8fa6-7e105a738d9d: receive RaftClientReply:client-FA9E6D659E8E->b366cd81-90f5-4f0e-8fa6-7e105a738d9d@group-5FF39CBF2ADF, cid=27, SUCCESS, logIndex=0, commits[b366cd81-90f5-4f0e-8fa6-7e105a738d9d:c16, e76620e4-5df3-481a-bd8d-e91ef558e102:c12, c3336af5-ef91-4420-af01-c0c00dc6c530:c12]
2019-09-11 07:01:19,633 [grpc-default-executor-3] INFO  client.GrpcClientProtocolClient (GrpcClientProtocolClient.java:onNext(264)) - client-FA9E6D659E8E->b366cd81-90f5-4f0e-8fa6-7e105a738d9d: receive RaftClientReply:client-FA9E6D659E8E->b366cd81-90f5-4f0e-8fa6-7e105a738d9d@group-5FF39CBF2ADF, cid=28, SUCCESS, logIndex=0, commits[b366cd81-90f5-4f0e-8fa6-7e105a738d9d:c16, e76620e4-5df3-481a-bd8d-e91ef558e102:c12, c3336af5-ef91-4420-af01-c0c00dc6c530:c12]
2019-09-11 07:01:19,657 [grpc-default-executor-3] INFO  client.GrpcClientProtocolClient (GrpcClientProtocolClient.java:onNext(264)) - client-28F902536CE4->0159beb9-e28f-41a3-bdd5-1125b6dbb65e: receive RaftClientReply:client-28F902536CE4->0159beb9-e28f-41a3-bdd5-1125b6dbb65e@group-D61D25716C8D, cid=29, FAILED org.apache.ratis.protocol.NotLeaderException: Server 0159beb9-e28f-41a3-bdd5-1125b6dbb65e@group-D61D25716C8D is not the leader bbdbb4de-2219-47e5-a2b1-d5e525a98c19:192.168.5.143:42910, logIndex=0, commits[0159beb9-e28f-41a3-bdd5-1125b6dbb65e:c0, 7cc5d2d7-39af-4b66-8513-17417d4c25e9:c0, bbdbb4de-2219-47e5-a2b1-d5e525a98c19:c0]
2019-09-11 07:01:20,140 [grpc-default-executor-1] INFO  client.GrpcClientProtocolClient (GrpcClientProtocolClient.java:onNext(264)) - client-28F902536CE4->bbdbb4de-2219-47e5-a2b1-d5e525a98c19: receive RaftClientReply:client-28F902536CE4->bbdbb4de-2219-47e5-a2b1-d5e525a98c19@group-D61D25716C8D, cid=29, SUCCESS, logIndex=1, commits[bbdbb4de-2219-47e5-a2b1-d5e525a98c19:c1, 7cc5d2d7-39af-4b66-8513-17417d4c25e9:c0, 0159beb9-e28f-41a3-bdd5-1125b6dbb65e:c0]
2019-09-11 07:01:20,574 [grpc-default-executor-1] INFO  client.GrpcClientProtocolClient (GrpcClientProtocolClient.java:onNext(264)) - client-28F902536CE4->bbdbb4de-2219-47e5-a2b1-d5e525a98c19: receive RaftClientReply:client-28F902536CE4->bbdbb4de-2219-47e5-a2b1-d5e525a98c19@group-D61D25716C8D, cid=30, SUCCESS, logIndex=3, commits[bbdbb4de-2219-47e5-a2b1-d5e525a98c19:c8, 7cc5d2d7-39af-4b66-8513-17417d4c25e9:c6, 0159beb9-e28f-41a3-bdd5-1125b6dbb65e:c6]
2019-09-11 07:01:20,575 [grpc-default-executor-1] INFO  client.GrpcClientProtocolClient (GrpcClientProtocolClient.java:onNext(264)) - client-28F902536CE4->bbdbb4de-2219-47e5-a2b1-d5e525a98c19: receive RaftClientReply:client-28F902536CE4->bbdbb4de-2219-47e5-a2b1-d5e525a98c19@group-D61D25716C8D, cid=31, SUCCESS, logIndex=4, commits[bbdbb4de-2219-47e5-a2b1-d5e525a98c19:c8, 7cc5d2d7-39af-4b66-8513-17417d4c25e9:c6, 0159beb9-e28f-41a3-bdd5-1125b6dbb65e:c6]
2019-09-11 07:01:20,841 [grpc-default-executor-2] INFO  client.GrpcClientProtocolClient (GrpcClientProtocolClient.java:onNext(264)) - client-28F902536CE4->bbdbb4de-2219-47e5-a2b1-d5e525a98c19: receive RaftClientReply:client-28F902536CE4->bbdbb4de-2219-47e5-a2b1-d5e525a98c19@group-D61D25716C8D, cid=32, SUCCESS, logIndex=5, commits[bbdbb4de-2219-47e5-a2b1-d5e525a98c19:c8, 7cc5d2d7-39af-4b66-8513-17417d4c25e9:c8, 0159beb9-e28f-41a3-bdd5-1125b6dbb65e:c6]
2019-09-11 07:01:20,896 [grpc-default-executor-0] INFO  client.GrpcClientProtocolClient (GrpcClientProtocolClient.java:onNext(264)) - client-28F902536CE4->bbdbb4de-2219-47e5-a2b1-d5e525a98c19: receive RaftClientReply:client-28F902536CE4->bbdbb4de-2219-47e5-a2b1-d5e525a98c19@group-D61D25716C8D, cid=33, SUCCESS, logIndex=9, commits[bbdbb4de-2219-47e5-a2b1-d5e525a98c19:c10, 7cc5d2d7-39af-4b66-8513-17417d4c25e9:c8, 0159beb9-e28f-41a3-bdd5-1125b6dbb65e:c8]
2019-09-11 07:01:20,897 [grpc-default-executor-3] INFO  client.GrpcClientProtocolClient (GrpcClientProtocolClient.java:onNext(264)) - client-28F902536CE4->bbdbb4de-2219-47e5-a2b1-d5e525a98c19: receive RaftClientReply:client-28F902536CE4->bbdbb4de-2219-47e5-a2b1-d5e525a98c19@group-D61D25716C8D, cid=34, SUCCESS, logIndex=10, commits[bbdbb4de-2219-47e5-a2b1-d5e525a98c19:c10, 7cc5d2d7-39af-4b66-8513-17417d4c25e9:c8, 0159beb9-e28f-41a3-bdd5-1125b6dbb65e:c8]
2019-09-11 07:01:20,908 [grpc-default-executor-3] INFO  client.GrpcClientProtocolClient (GrpcClientProtocolClient.java:onNext(264)) - client-28F902536CE4->bbdbb4de-2219-47e5-a2b1-d5e525a98c19: receive RaftClientReply:client-28F902536CE4->bbdbb4de-2219-47e5-a2b1-d5e525a98c19@group-D61D25716C8D, cid=35, SUCCESS, logIndex=11, commits[bbdbb4de-2219-47e5-a2b1-d5e525a98c19:c14, 7cc5d2d7-39af-4b66-8513-17417d4c25e9:c8, 0159beb9-e28f-41a3-bdd5-1125b6dbb65e:c10]
2019-09-11 07:01:20,909 [grpc-default-executor-3] INFO  client.GrpcClientProtocolClient (GrpcClientProtocolClient.java:onNext(264)) - client-28F902536CE4->bbdbb4de-2219-47e5-a2b1-d5e525a98c19: receive RaftClientReply:client-28F902536CE4->bbdbb4de-2219-47e5-a2b1-d5e525a98c19@group-D61D25716C8D, cid=36, SUCCESS, logIndex=12, commits[bbdbb4de-2219-47e5-a2b1-d5e525a98c19:c14, 7cc5d2d7-39af-4b66-8513-17417d4c25e9:c8, 0159beb9-e28f-41a3-bdd5-1125b6dbb65e:c10]
2019-09-11 07:01:20,942 [grpc-default-executor-2] INFO  client.GrpcClientProtocolClient (GrpcClientProtocolClient.java:onNext(264)) - client-28F902536CE4->bbdbb4de-2219-47e5-a2b1-d5e525a98c19: receive RaftClientReply:client-28F902536CE4->bbdbb4de-2219-47e5-a2b1-d5e525a98c19@group-D61D25716C8D, cid=37, SUCCESS, logIndex=0, commits[bbdbb4de-2219-47e5-a2b1-d5e525a98c19:c16, 7cc5d2d7-39af-4b66-8513-17417d4c25e9:c14, 0159beb9-e28f-41a3-bdd5-1125b6dbb65e:c14]
2019-09-11 07:01:20,944 [grpc-default-executor-2] INFO  client.GrpcClientProtocolClient (GrpcClientProtocolClient.java:onNext(264)) - client-28F902536CE4->bbdbb4de-2219-47e5-a2b1-d5e525a98c19: receive RaftClientReply:client-28F902536CE4->bbdbb4de-2219-47e5-a2b1-d5e525a98c19@group-D61D25716C8D, cid=38, SUCCESS, logIndex=0, commits[bbdbb4de-2219-47e5-a2b1-d5e525a98c19:c16, 7cc5d2d7-39af-4b66-8513-17417d4c25e9:c14, 0159beb9-e28f-41a3-bdd5-1125b6dbb65e:c14]
2019-09-11 07:01:23,956 [java.util.concurrent.ThreadPoolExecutor$Worker@69be8af9[State = -1, empty queue]] WARN  server.GrpcLogAppender (GrpcLogAppender.java:timeoutAppendRequest(200)) - b366cd81-90f5-4f0e-8fa6-7e105a738d9d@group-5FF39CBF2ADF->e76620e4-5df3-481a-bd8d-e91ef558e102-GrpcLogAppender: appendEntries Timeout, request=b366cd81-90f5-4f0e-8fa6-7e105a738d9d->e76620e4-5df3-481a-bd8d-e91ef558e102#20-t2, previous=(t:2, i:16), leaderCommit=16, initializing? false, entries: size=1, first=(t:2, i:17), STATEMACHINELOGENTRY, client-FA9E6D659E8E, cid=39
2019-09-11 07:01:23,956 [java.util.concurrent.ThreadPoolExecutor$Worker@8075f6a[State = -1, empty queue]] WARN  server.GrpcLogAppender (GrpcLogAppender.java:timeoutAppendRequest(200)) - b366cd81-90f5-4f0e-8fa6-7e105a738d9d@group-5FF39CBF2ADF->c3336af5-ef91-4420-af01-c0c00dc6c530-GrpcLogAppender: appendEntries Timeout, request=b366cd81-90f5-4f0e-8fa6-7e105a738d9d->c3336af5-ef91-4420-af01-c0c00dc6c530#20-t2, previous=(t:2, i:16), leaderCommit=16, initializing? false, entries: size=1, first=(t:2, i:17), STATEMACHINELOGENTRY, client-FA9E6D659E8E, cid=39
2019-09-11 07:01:23,960 [java.util.concurrent.ThreadPoolExecutor$Worker@69be8af9[State = -1, empty queue]] WARN  server.GrpcLogAppender (GrpcLogAppender.java:timeoutAppendRequest(200)) - b366cd81-90f5-4f0e-8fa6-7e105a738d9d@group-5FF39CBF2ADF->e76620e4-5df3-481a-bd8d-e91ef558e102-GrpcLogAppender: appendEntries Timeout, request=b366cd81-90f5-4f0e-8fa6-7e105a738d9d->e76620e4-5df3-481a-bd8d-e91ef558e102#21-t2, previous=(t:2, i:17), leaderCommit=16, initializing? false, entries: size=1, first=(t:2, i:18), STATEMACHINELOGENTRY, client-FA9E6D659E8E, cid=40
2019-09-11 07:01:23,963 [java.util.concurrent.ThreadPoolExecutor$Worker@8075f6a[State = -1, empty queue]] WARN  server.GrpcLogAppender (GrpcLogAppender.java:timeoutAppendRequest(200)) - b366cd81-90f5-4f0e-8fa6-7e105a738d9d@group-5FF39CBF2ADF->c3336af5-ef91-4420-af01-c0c00dc6c530-GrpcLogAppender: appendEntries Timeout, request=b366cd81-90f5-4f0e-8fa6-7e105a738d9d->c3336af5-ef91-4420-af01-c0c00dc6c530#21-t2, previous=(t:2, i:17), leaderCommit=16, initializing? false, entries: size=1, first=(t:2, i:18), STATEMACHINELOGENTRY, client-FA9E6D659E8E, cid=40
2019-09-11 07:01:23,966 [java.util.concurrent.ThreadPoolExecutor$Worker@8075f6a[State = -1, empty queue]] WARN  server.GrpcLogAppender (GrpcLogAppender.java:timeoutAppendRequest(200)) - b366cd81-90f5-4f0e-8fa6-7e105a738d9d@group-5FF39CBF2ADF->c3336af5-ef91-4420-af01-c0c00dc6c530-GrpcLogAppender: appendEntries Timeout, request=b366cd81-90f5-4f0e-8fa6-7e105a738d9d->c3336af5-ef91-4420-af01-c0c00dc6c530#22-t2, previous=(t:2, i:18), leaderCommit=16, initializing? false, entries: size=1, first=(t:2, i:19), STATEMACHINELOGENTRY, client-FA9E6D659E8E, cid=41
2019-09-11 07:01:23,966 [java.util.concurrent.ThreadPoolExecutor$Worker@69be8af9[State = -1, empty queue]] WARN  server.GrpcLogAppender (GrpcLogAppender.java:timeoutAppendRequest(200)) - b366cd81-90f5-4f0e-8fa6-7e105a738d9d@group-5FF39CBF2ADF->e76620e4-5df3-481a-bd8d-e91ef558e102-GrpcLogAppender: appendEntries Timeout, request=b366cd81-90f5-4f0e-8fa6-7e105a738d9d->e76620e4-5df3-481a-bd8d-e91ef558e102#22-t2, previous=(t:2, i:18), leaderCommit=16, initializing? false, entries: size=1, first=(t:2, i:19), STATEMACHINELOGENTRY, client-FA9E6D659E8E, cid=41
2019-09-11 07:01:23,969 [java.util.concurrent.ThreadPoolExecutor$Worker@8075f6a[State = -1, empty queue]] WARN  server.GrpcLogAppender (GrpcLogAppender.java:timeoutAppendRequest(200)) - b366cd81-90f5-4f0e-8fa6-7e105a738d9d@group-5FF39CBF2ADF->c3336af5-ef91-4420-af01-c0c00dc6c530-GrpcLogAppender: appendEntries Timeout, request=b366cd81-90f5-4f0e-8fa6-7e105a738d9d->c3336af5-ef91-4420-af01-c0c00dc6c530#23-t2, previous=(t:2, i:19), leaderCommit=16, initializing? false, entries: size=1, first=(t:2, i:20), STATEMACHINELOGENTRY, client-FA9E6D659E8E, cid=42
2019-09-11 07:01:23,971 [java.util.concurrent.ThreadPoolExecutor$Worker@69be8af9[State = -1, empty queue]] WARN  server.GrpcLogAppender (GrpcLogAppender.java:timeoutAppendRequest(200)) - b366cd81-90f5-4f0e-8fa6-7e105a738d9d@group-5FF39CBF2ADF->e76620e4-5df3-481a-bd8d-e91ef558e102-GrpcLogAppender: appendEntries Timeout, request=b366cd81-90f5-4f0e-8fa6-7e105a738d9d->e76620e4-5df3-481a-bd8d-e91ef558e102#23-t2, previous=(t:2, i:19), leaderCommit=16, initializing? false, entries: size=1, first=(t:2, i:20), STATEMACHINELOGENTRY, client-FA9E6D659E8E, cid=42
2019-09-11 07:01:24,463 [java.util.concurrent.ThreadPoolExecutor$Worker@8075f6a[State = -1, empty queue]] WARN  server.GrpcLogAppender (GrpcLogAppender.java:timeoutAppendRequest(200)) - b366cd81-90f5-4f0e-8fa6-7e105a738d9d@group-5FF39CBF2ADF->c3336af5-ef91-4420-af01-c0c00dc6c530-GrpcLogAppender: appendEntries Timeout, request=b366cd81-90f5-4f0e-8fa6-7e105a738d9d->c3336af5-ef91-4420-af01-c0c00dc6c530#24-t2, previous=(t:2, i:20), leaderCommit=16, initializing? false, entries: <empty>
2019-09-11 07:01:24,463 [java.util.concurrent.ThreadPoolExecutor$Worker@69be8af9[State = -1, empty queue]] WARN  server.GrpcLogAppender (GrpcLogAppender.java:timeoutAppendRequest(200)) - b366cd81-90f5-4f0e-8fa6-7e105a738d9d@group-5FF39CBF2ADF->e76620e4-5df3-481a-bd8d-e91ef558e102-GrpcLogAppender: appendEntries Timeout, request=b366cd81-90f5-4f0e-8fa6-7e105a738d9d->e76620e4-5df3-481a-bd8d-e91ef558e102#24-t2, previous=(t:2, i:20), leaderCommit=16, initializing? false, entries: <empty>
2019-09-11 07:01:24,964 [java.util.concurrent.ThreadPoolExecutor$Worker@69be8af9[State = -1, empty queue]] WARN  server.GrpcLogAppender (GrpcLogAppender.java:timeoutAppendRequest(200)) - b366cd81-90f5-4f0e-8fa6-7e105a738d9d@group-5FF39CBF2ADF->e76620e4-5df3-481a-bd8d-e91ef558e102-GrpcLogAppender: appendEntries Timeout, request=b366cd81-90f5-4f0e-8fa6-7e105a738d9d->e76620e4-5df3-481a-bd8d-e91ef558e102#25-t2, previous=(t:2, i:20), leaderCommit=16, initializing? false, entries: <empty>
2019-09-11 07:01:24,964 [java.util.concurrent.ThreadPoolExecutor$Worker@8075f6a[State = -1, empty queue]] WARN  server.GrpcLogAppender (GrpcLogAppender.java:timeoutAppendRequest(200)) - b366cd81-90f5-4f0e-8fa6-7e105a738d9d@group-5FF39CBF2ADF->c3336af5-ef91-4420-af01-c0c00dc6c530-GrpcLogAppender: appendEntries Timeout, request=b366cd81-90f5-4f0e-8fa6-7e105a738d9d->c3336af5-ef91-4420-af01-c0c00dc6c530#25-t2, previous=(t:2, i:20), leaderCommit=16, initializing? false, entries: <empty>
2019-09-11 07:01:25,464 [java.util.concurrent.ThreadPoolExecutor$Worker@69be8af9[State = -1, empty queue]] WARN  server.GrpcLogAppender (GrpcLogAppender.java:timeoutAppendRequest(200)) - b366cd81-90f5-4f0e-8fa6-7e105a738d9d@group-5FF39CBF2ADF->e76620e4-5df3-481a-bd8d-e91ef558e102-GrpcLogAppender: appendEntries Timeout, request=b366cd81-90f5-4f0e-8fa6-7e105a738d9d->e76620e4-5df3-481a-bd8d-e91ef558e102#26-t2, previous=(t:2, i:20), leaderCommit=16, initializing? false, entries: <empty>
2019-09-11 07:01:25,464 [java.util.concurrent.ThreadPoolExecutor$Worker@8075f6a[State = -1, empty queue]] WARN  server.GrpcLogAppender (GrpcLogAppender.java:timeoutAppendRequest(200)) - b366cd81-90f5-4f0e-8fa6-7e105a738d9d@group-5FF39CBF2ADF->c3336af5-ef91-4420-af01-c0c00dc6c530-GrpcLogAppender: appendEntries Timeout, request=b366cd81-90f5-4f0e-8fa6-7e105a738d9d->c3336af5-ef91-4420-af01-c0c00dc6c530#26-t2, previous=(t:2, i:20), leaderCommit=16, initializing? false, entries: <empty>
2019-09-11 07:01:25,965 [java.util.concurrent.ThreadPoolExecutor$Worker@69be8af9[State = -1, empty queue]] WARN  server.GrpcLogAppender (GrpcLogAppender.java:timeoutAppendRequest(200)) - b366cd81-90f5-4f0e-8fa6-7e105a738d9d@group-5FF39CBF2ADF->e76620e4-5df3-481a-bd8d-e91ef558e102-GrpcLogAppender: appendEntries Timeout, request=b366cd81-90f5-4f0e-8fa6-7e105a738d9d->e76620e4-5df3-481a-bd8d-e91ef558e102#27-t2, previous=(t:2, i:20), leaderCommit=16, initializing? false, entries: <empty>
2019-09-11 07:01:25,965 [java.util.concurrent.ThreadPoolExecutor$Worker@8075f6a[State = -1, empty queue]] WARN  server.GrpcLogAppender (GrpcLogAppender.java:timeoutAppendRequest(200)) - b366cd81-90f5-4f0e-8fa6-7e105a738d9d@group-5FF39CBF2ADF->c3336af5-ef91-4420-af01-c0c00dc6c530-GrpcLogAppender: appendEntries Timeout, request=b366cd81-90f5-4f0e-8fa6-7e105a738d9d->c3336af5-ef91-4420-af01-c0c00dc6c530#27-t2, previous=(t:2, i:20), leaderCommit=16, initializing? false, entries: <empty>
2019-09-11 07:01:26,046 [grpc-default-executor-0] INFO  client.GrpcClientProtocolClient (GrpcClientProtocolClient.java:onNext(264)) - client-FA9E6D659E8E->e76620e4-5df3-481a-bd8d-e91ef558e102: receive RaftClientReply:client-FA9E6D659E8E->e76620e4-5df3-481a-bd8d-e91ef558e102@group-5FF39CBF2ADF, cid=39, FAILED org.apache.ratis.protocol.NotLeaderException: Server e76620e4-5df3-481a-bd8d-e91ef558e102@group-5FF39CBF2ADF is not the leader b366cd81-90f5-4f0e-8fa6-7e105a738d9d:192.168.5.143:43234, logIndex=0, commits[e76620e4-5df3-481a-bd8d-e91ef558e102:c16, b366cd81-90f5-4f0e-8fa6-7e105a738d9d:c16, c3336af5-ef91-4420-af01-c0c00dc6c530:c16]
2019-09-11 07:01:26,466 [java.util.concurrent.ThreadPoolExecutor$Worker@69be8af9[State = -1, empty queue]] WARN  server.GrpcLogAppender (GrpcLogAppender.java:timeoutAppendRequest(200)) - b366cd81-90f5-4f0e-8fa6-7e105a738d9d@group-5FF39CBF2ADF->e76620e4-5df3-481a-bd8d-e91ef558e102-GrpcLogAppender: appendEntries Timeout, request=b366cd81-90f5-4f0e-8fa6-7e105a738d9d->e76620e4-5df3-481a-bd8d-e91ef558e102#28-t2, previous=(t:2, i:20), leaderCommit=16, initializing? false, entries: <empty>
2019-09-11 07:01:26,466 [java.util.concurrent.ThreadPoolExecutor$Worker@8075f6a[State = -1, empty queue]] WARN  server.GrpcLogAppender (GrpcLogAppender.java:timeoutAppendRequest(200)) - b366cd81-90f5-4f0e-8fa6-7e105a738d9d@group-5FF39CBF2ADF->c3336af5-ef91-4420-af01-c0c00dc6c530-GrpcLogAppender: appendEntries Timeout, request=b366cd81-90f5-4f0e-8fa6-7e105a738d9d->c3336af5-ef91-4420-af01-c0c00dc6c530#28-t2, previous=(t:2, i:20), leaderCommit=16, initializing? false, entries: <empty>
2019-09-11 07:01:26,971 [java.util.concurrent.ThreadPoolExecutor$Worker@8075f6a[State = -1, empty queue]] WARN  server.GrpcLogAppender (GrpcLogAppender.java:timeoutAppendRequest(200)) - b366cd81-90f5-4f0e-8fa6-7e105a738d9d@group-5FF39CBF2ADF->c3336af5-ef91-4420-af01-c0c00dc6c530-GrpcLogAppender: appendEntries Timeout, request=b366cd81-90f5-4f0e-8fa6-7e105a738d9d->c3336af5-ef91-4420-af01-c0c00dc6c530#29-t2, previous=(t:2, i:20), leaderCommit=16, initializing? false, entries: <empty>
2019-09-11 07:01:26,971 [java.util.concurrent.ThreadPoolExecutor$Worker@69be8af9[State = -1, empty queue]] WARN  server.GrpcLogAppender (GrpcLogAppender.java:timeoutAppendRequest(200)) - b366cd81-90f5-4f0e-8fa6-7e105a738d9d@group-5FF39CBF2ADF->e76620e4-5df3-481a-bd8d-e91ef558e102-GrpcLogAppender: appendEntries Timeout, request=b366cd81-90f5-4f0e-8fa6-7e105a738d9d->e76620e4-5df3-481a-bd8d-e91ef558e102#29-t2, previous=(t:2, i:20), leaderCommit=16, initializing? false, entries: <empty>
2019-09-11 07:01:27,482 [java.util.concurrent.ThreadPoolExecutor$Worker@8075f6a[State = -1, empty queue]] WARN  server.GrpcLogAppender (GrpcLogAppender.java:timeoutAppendRequest(200)) - b366cd81-90f5-4f0e-8fa6-7e105a738d9d@group-5FF39CBF2ADF->c3336af5-ef91-4420-af01-c0c00dc6c530-GrpcLogAppender: appendEntries Timeout, request=b366cd81-90f5-4f0e-8fa6-7e105a738d9d->c3336af5-ef91-4420-af01-c0c00dc6c530#30-t2, previous=(t:2, i:20), leaderCommit=16, initializing? false, entries: <empty>
2019-09-11 07:01:27,482 [java.util.concurrent.ThreadPoolExecutor$Worker@69be8af9[State = -1, empty queue]] WARN  server.GrpcLogAppender (GrpcLogAppender.java:timeoutAppendRequest(200)) - b366cd81-90f5-4f0e-8fa6-7e105a738d9d@group-5FF39CBF2ADF->e76620e4-5df3-481a-bd8d-e91ef558e102-GrpcLogAppender: appendEntries Timeout, request=b366cd81-90f5-4f0e-8fa6-7e105a738d9d->e76620e4-5df3-481a-bd8d-e91ef558e102#30-t2, previous=(t:2, i:20), leaderCommit=16, initializing? false, entries: <empty>
2019-09-11 07:01:27,982 [java.util.concurrent.ThreadPoolExecutor$Worker@69be8af9[State = -1, empty queue]] WARN  server.GrpcLogAppender (GrpcLogAppender.java:timeoutAppendRequest(200)) - b366cd81-90f5-4f0e-8fa6-7e105a738d9d@group-5FF39CBF2ADF->e76620e4-5df3-481a-bd8d-e91ef558e102-GrpcLogAppender: appendEntries Timeout, request=b366cd81-90f5-4f0e-8fa6-7e105a738d9d->e76620e4-5df3-481a-bd8d-e91ef558e102#31-t2, previous=(t:2, i:20), leaderCommit=16, initializing? false, entries: <empty>
2019-09-11 07:01:27,982 [java.util.concurrent.ThreadPoolExecutor$Worker@8075f6a[State = -1, empty queue]] WARN  server.GrpcLogAppender (GrpcLogAppender.java:timeoutAppendRequest(200)) - b366cd81-90f5-4f0e-8fa6-7e105a738d9d@group-5FF39CBF2ADF->c3336af5-ef91-4420-af01-c0c00dc6c530-GrpcLogAppender: appendEntries Timeout, request=b366cd81-90f5-4f0e-8fa6-7e105a738d9d->c3336af5-ef91-4420-af01-c0c00dc6c530#31-t2, previous=(t:2, i:20), leaderCommit=16, initializing? false, entries: <empty>
2019-09-11 07:01:28,483 [java.util.concurrent.ThreadPoolExecutor$Worker@69be8af9[State = -1, empty queue]] WARN  server.GrpcLogAppender (GrpcLogAppender.java:timeoutAppendRequest(200)) - b366cd81-90f5-4f0e-8fa6-7e105a738d9d@group-5FF39CBF2ADF->e76620e4-5df3-481a-bd8d-e91ef558e102-GrpcLogAppender: appendEntries Timeout, request=b366cd81-90f5-4f0e-8fa6-7e105a738d9d->e76620e4-5df3-481a-bd8d-e91ef558e102#32-t2, previous=(t:2, i:20), leaderCommit=16, initializing? false, entries: <empty>
2019-09-11 07:01:28,483 [java.util.concurrent.ThreadPoolExecutor$Worker@8075f6a[State = -1, empty queue]] WARN  server.GrpcLogAppender (GrpcLogAppender.java:timeoutAppendRequest(200)) - b366cd81-90f5-4f0e-8fa6-7e105a738d9d@group-5FF39CBF2ADF->c3336af5-ef91-4420-af01-c0c00dc6c530-GrpcLogAppender: appendEntries Timeout, request=b366cd81-90f5-4f0e-8fa6-7e105a738d9d->c3336af5-ef91-4420-af01-c0c00dc6c530#32-t2, previous=(t:2, i:20), leaderCommit=16, initializing? false, entries: <empty>
2019-09-11 07:01:28,983 [java.util.concurrent.ThreadPoolExecutor$Worker@69be8af9[State = -1, empty queue]] WARN  server.GrpcLogAppender (GrpcLogAppender.java:timeoutAppendRequest(200)) - b366cd81-90f5-4f0e-8fa6-7e105a738d9d@group-5FF39CBF2ADF->e76620e4-5df3-481a-bd8d-e91ef558e102-GrpcLogAppender: appendEntries Timeout, request=b366cd81-90f5-4f0e-8fa6-7e105a738d9d->e76620e4-5df3-481a-bd8d-e91ef558e102#33-t2, previous=(t:2, i:20), leaderCommit=16, initializing? false, entries: <empty>
2019-09-11 07:01:28,983 [java.util.concurrent.ThreadPoolExecutor$Worker@8075f6a[State = -1, empty queue]] WARN  server.GrpcLogAppender (GrpcLogAppender.java:timeoutAppendRequest(200)) - b366cd81-90f5-4f0e-8fa6-7e105a738d9d@group-5FF39CBF2ADF->c3336af5-ef91-4420-af01-c0c00dc6c530-GrpcLogAppender: appendEntries Timeout, request=b366cd81-90f5-4f0e-8fa6-7e105a738d9d->c3336af5-ef91-4420-af01-c0c00dc6c530#33-t2, previous=(t:2, i:20), leaderCommit=16, initializing? false, entries: <empty>
2019-09-11 07:01:29,485 [java.util.concurrent.ThreadPoolExecutor$Worker@8075f6a[State = -1, empty queue]] WARN  server.GrpcLogAppender (GrpcLogAppender.java:timeoutAppendRequest(200)) - b366cd81-90f5-4f0e-8fa6-7e105a738d9d@group-5FF39CBF2ADF->c3336af5-ef91-4420-af01-c0c00dc6c530-GrpcLogAppender: appendEntries Timeout, request=b366cd81-90f5-4f0e-8fa6-7e105a738d9d->c3336af5-ef91-4420-af01-c0c00dc6c530#34-t2, previous=(t:2, i:20), leaderCommit=16, initializing? false, entries: <empty>
2019-09-11 07:01:29,485 [java.util.concurrent.ThreadPoolExecutor$Worker@69be8af9[State = -1, empty queue]] WARN  server.GrpcLogAppender (GrpcLogAppender.java:timeoutAppendRequest(200)) - b366cd81-90f5-4f0e-8fa6-7e105a738d9d@group-5FF39CBF2ADF->e76620e4-5df3-481a-bd8d-e91ef558e102-GrpcLogAppender: appendEntries Timeout, request=b366cd81-90f5-4f0e-8fa6-7e105a738d9d->e76620e4-5df3-481a-bd8d-e91ef558e102#34-t2, previous=(t:2, i:20), leaderCommit=16, initializing? false, entries: <empty>
2019-09-11 07:01:29,986 [java.util.concurrent.ThreadPoolExecutor$Worker@8075f6a[State = -1, empty queue]] WARN  server.GrpcLogAppender (GrpcLogAppender.java:timeoutAppendRequest(200)) - b366cd81-90f5-4f0e-8fa6-7e105a738d9d@group-5FF39CBF2ADF->c3336af5-ef91-4420-af01-c0c00dc6c530-GrpcLogAppender: appendEntries Timeout, request=b366cd81-90f5-4f0e-8fa6-7e105a738d9d->c3336af5-ef91-4420-af01-c0c00dc6c530#35-t2, previous=(t:2, i:20), leaderCommit=16, initializing? false, entries: <empty>
2019-09-11 07:01:29,986 [java.util.concurrent.ThreadPoolExecutor$Worker@69be8af9[State = -1, empty queue]] WARN  server.GrpcLogAppender (GrpcLogAppender.java:timeoutAppendRequest(200)) - b366cd81-90f5-4f0e-8fa6-7e105a738d9d@group-5FF39CBF2ADF->e76620e4-5df3-481a-bd8d-e91ef558e102-GrpcLogAppender: appendEntries Timeout, request=b366cd81-90f5-4f0e-8fa6-7e105a738d9d->e76620e4-5df3-481a-bd8d-e91ef558e102#35-t2, previous=(t:2, i:20), leaderCommit=16, initializing? false, entries: <empty>
2019-09-11 07:01:30,487 [java.util.concurrent.ThreadPoolExecutor$Worker@69be8af9[State = -1, empty queue]] WARN  server.GrpcLogAppender (GrpcLogAppender.java:timeoutAppendRequest(200)) - b366cd81-90f5-4f0e-8fa6-7e105a738d9d@group-5FF39CBF2ADF->e76620e4-5df3-481a-bd8d-e91ef558e102-GrpcLogAppender: appendEntries Timeout, request=b366cd81-90f5-4f0e-8fa6-7e105a738d9d->e76620e4-5df3-481a-bd8d-e91ef558e102#36-t2, previous=(t:2, i:20), leaderCommit=16, initializing? false, entries: <empty>
2019-09-11 07:01:30,487 [java.util.concurrent.ThreadPoolExecutor$Worker@8075f6a[State = -1, empty queue]] WARN  server.GrpcLogAppender (GrpcLogAppender.java:timeoutAppendRequest(200)) - b366cd81-90f5-4f0e-8fa6-7e105a738d9d@group-5FF39CBF2ADF->c3336af5-ef91-4420-af01-c0c00dc6c530-GrpcLogAppender: appendEntries Timeout, request=b366cd81-90f5-4f0e-8fa6-7e105a738d9d->c3336af5-ef91-4420-af01-c0c00dc6c530#36-t2, previous=(t:2, i:20), leaderCommit=16, initializing? false, entries: <empty>
2019-09-11 07:01:30,988 [java.util.concurrent.ThreadPoolExecutor$Worker@8075f6a[State = -1, empty queue]] WARN  server.GrpcLogAppender (GrpcLogAppender.java:timeoutAppendRequest(200)) - b366cd81-90f5-4f0e-8fa6-7e105a738d9d@group-5FF39CBF2ADF->c3336af5-ef91-4420-af01-c0c00dc6c530-GrpcLogAppender: appendEntries Timeout, request=b366cd81-90f5-4f0e-8fa6-7e105a738d9d->c3336af5-ef91-4420-af01-c0c00dc6c530#37-t2, previous=(t:2, i:20), leaderCommit=16, initializing? false, entries: <empty>
2019-09-11 07:01:30,988 [java.util.concurrent.ThreadPoolExecutor$Worker@69be8af9[State = -1, empty queue]] WARN  server.GrpcLogAppender (GrpcLogAppender.java:timeoutAppendRequest(200)) - b366cd81-90f5-4f0e-8fa6-7e105a738d9d@group-5FF39CBF2ADF->e76620e4-5df3-481a-bd8d-e91ef558e102-GrpcLogAppender: appendEntries Timeout, request=b366cd81-90f5-4f0e-8fa6-7e105a738d9d->e76620e4-5df3-481a-bd8d-e91ef558e102#37-t2, previous=(t:2, i:20), leaderCommit=16, initializing? false, entries: <empty>
2019-09-11 07:01:31,133 [b366cd81-90f5-4f0e-8fa6-7e105a738d9d@group-5FF39CBF2ADF-SegmentedRaftLogWorker] WARN  segmented.SegmentedRaftLogWorker (SegmentedRaftLogWorker.java:getFromFuture(90)) - Timeout 0/~
org.apache.ratis.protocol.TimeoutIOException: Timeout 10s: WriteLog:19: (t:2, i:19), STATEMACHINELOGENTRY, client-FA9E6D659E8E, cid=41-writeStateMachineData
	at org.apache.ratis.util.IOUtils.getFromFuture(IOUtils.java:87)
	at org.apache.ratis.server.raftlog.segmented.SegmentedRaftLogWorker$StateMachineDataPolicy.getFromFuture(SegmentedRaftLogWorker.java:87)
	at org.apache.ratis.server.raftlog.segmented.SegmentedRaftLogWorker$WriteLog.execute(SegmentedRaftLogWorker.java:477)
	at org.apache.ratis.server.raftlog.segmented.SegmentedRaftLogWorker.run(SegmentedRaftLogWorker.java:289)
	at java.lang.Thread.run(Thread.java:748)
Caused by: java.util.concurrent.TimeoutException
	at java.util.concurrent.CompletableFuture.timedGet(CompletableFuture.java:1771)
	at java.util.concurrent.CompletableFuture.get(CompletableFuture.java:1915)
	at org.apache.ratis.util.IOUtils.getFromFuture(IOUtils.java:79)
	... 4 more
2019-09-11 07:01:31,133 [c3336af5-ef91-4420-af01-c0c00dc6c530@group-5FF39CBF2ADF-SegmentedRaftLogWorker] WARN  segmented.SegmentedRaftLogWorker (SegmentedRaftLogWorker.java:getFromFuture(90)) - Timeout 0/~
org.apache.ratis.protocol.TimeoutIOException: Timeout 10s: WriteLog:19: (t:2, i:19), STATEMACHINELOGENTRY, client-FA9E6D659E8E, cid=41-writeStateMachineData
	at org.apache.ratis.util.IOUtils.getFromFuture(IOUtils.java:87)
	at org.apache.ratis.server.raftlog.segmented.SegmentedRaftLogWorker$StateMachineDataPolicy.getFromFuture(SegmentedRaftLogWorker.java:87)
	at org.apache.ratis.server.raftlog.segmented.SegmentedRaftLogWorker$WriteLog.execute(SegmentedRaftLogWorker.java:477)
	at org.apache.ratis.server.raftlog.segmented.SegmentedRaftLogWorker.run(SegmentedRaftLogWorker.java:289)
	at java.lang.Thread.run(Thread.java:748)
Caused by: java.util.concurrent.TimeoutException
	at java.util.concurrent.CompletableFuture.timedGet(CompletableFuture.java:1771)
	at java.util.concurrent.CompletableFuture.get(CompletableFuture.java:1915)
	at org.apache.ratis.util.IOUtils.getFromFuture(IOUtils.java:79)
	... 4 more
2019-09-11 07:01:31,133 [e76620e4-5df3-481a-bd8d-e91ef558e102@group-5FF39CBF2ADF-SegmentedRaftLogWorker] WARN  segmented.SegmentedRaftLogWorker (SegmentedRaftLogWorker.java:getFromFuture(90)) - Timeout 0/~
org.apache.ratis.protocol.TimeoutIOException: Timeout 10s: WriteLog:19: (t:2, i:19), STATEMACHINELOGENTRY, client-FA9E6D659E8E, cid=41-writeStateMachineData
	at org.apache.ratis.util.IOUtils.getFromFuture(IOUtils.java:87)
	at org.apache.ratis.server.raftlog.segmented.SegmentedRaftLogWorker$StateMachineDataPolicy.getFromFuture(SegmentedRaftLogWorker.java:87)
	at org.apache.ratis.server.raftlog.segmented.SegmentedRaftLogWorker$WriteLog.execute(SegmentedRaftLogWorker.java:477)
	at org.apache.ratis.server.raftlog.segmented.SegmentedRaftLogWorker.run(SegmentedRaftLogWorker.java:289)
	at java.lang.Thread.run(Thread.java:748)
Caused by: java.util.concurrent.TimeoutException
	at java.util.concurrent.CompletableFuture.timedGet(CompletableFuture.java:1771)
	at java.util.concurrent.CompletableFuture.get(CompletableFuture.java:1915)
	at org.apache.ratis.util.IOUtils.getFromFuture(IOUtils.java:79)
	... 4 more
2019-09-11 07:01:31,157 [grpc-default-executor-0] INFO  client.GrpcClientProtocolClient (GrpcClientProtocolClient.java:onNext(264)) - client-FA9E6D659E8E->c3336af5-ef91-4420-af01-c0c00dc6c530: receive RaftClientReply:client-FA9E6D659E8E->c3336af5-ef91-4420-af01-c0c00dc6c530@group-5FF39CBF2ADF, cid=39, FAILED org.apache.ratis.protocol.NotLeaderException: Server c3336af5-ef91-4420-af01-c0c00dc6c530@group-5FF39CBF2ADF is not the leader b366cd81-90f5-4f0e-8fa6-7e105a738d9d:192.168.5.143:43234, logIndex=0, commits[c3336af5-ef91-4420-af01-c0c00dc6c530:c16, b366cd81-90f5-4f0e-8fa6-7e105a738d9d:c16, e76620e4-5df3-481a-bd8d-e91ef558e102:c16]
2019-09-11 07:01:31,488 [java.util.concurrent.ThreadPoolExecutor$Worker@8075f6a[State = -1, empty queue]] WARN  server.GrpcLogAppender (GrpcLogAppender.java:timeoutAppendRequest(200)) - b366cd81-90f5-4f0e-8fa6-7e105a738d9d@group-5FF39CBF2ADF->c3336af5-ef91-4420-af01-c0c00dc6c530-GrpcLogAppender: appendEntries Timeout, request=b366cd81-90f5-4f0e-8fa6-7e105a738d9d->c3336af5-ef91-4420-af01-c0c00dc6c530#38-t2, previous=(t:2, i:20), leaderCommit=16, initializing? false, entries: <empty>
2019-09-11 07:01:31,488 [java.util.concurrent.ThreadPoolExecutor$Worker@69be8af9[State = -1, empty queue]] WARN  server.GrpcLogAppender (GrpcLogAppender.java:timeoutAppendRequest(200)) - b366cd81-90f5-4f0e-8fa6-7e105a738d9d@group-5FF39CBF2ADF->e76620e4-5df3-481a-bd8d-e91ef558e102-GrpcLogAppender: appendEntries Timeout, request=b366cd81-90f5-4f0e-8fa6-7e105a738d9d->e76620e4-5df3-481a-bd8d-e91ef558e102#38-t2, previous=(t:2, i:20), leaderCommit=16, initializing? false, entries: <empty>
2019-09-11 07:01:31,989 [java.util.concurrent.ThreadPoolExecutor$Worker@8075f6a[State = -1, empty queue]] WARN  server.GrpcLogAppender (GrpcLogAppender.java:timeoutAppendRequest(200)) - b366cd81-90f5-4f0e-8fa6-7e105a738d9d@group-5FF39CBF2ADF->c3336af5-ef91-4420-af01-c0c00dc6c530-GrpcLogAppender: appendEntries Timeout, request=b366cd81-90f5-4f0e-8fa6-7e105a738d9d->c3336af5-ef91-4420-af01-c0c00dc6c530#39-t2, previous=(t:2, i:20), leaderCommit=16, initializing? false, entries: <empty>
2019-09-11 07:01:31,989 [java.util.concurrent.ThreadPoolExecutor$Worker@69be8af9[State = -1, empty queue]] WARN  server.GrpcLogAppender (GrpcLogAppender.java:timeoutAppendRequest(200)) - b366cd81-90f5-4f0e-8fa6-7e105a738d9d@group-5FF39CBF2ADF->e76620e4-5df3-481a-bd8d-e91ef558e102-GrpcLogAppender: appendEntries Timeout, request=b366cd81-90f5-4f0e-8fa6-7e105a738d9d->e76620e4-5df3-481a-bd8d-e91ef558e102#39-t2, previous=(t:2, i:20), leaderCommit=16, initializing? false, entries: <empty>
2019-09-11 07:01:32,489 [java.util.concurrent.ThreadPoolExecutor$Worker@8075f6a[State = -1, empty queue]] WARN  server.GrpcLogAppender (GrpcLogAppender.java:timeoutAppendRequest(200)) - b366cd81-90f5-4f0e-8fa6-7e105a738d9d@group-5FF39CBF2ADF->c3336af5-ef91-4420-af01-c0c00dc6c530-GrpcLogAppender: appendEntries Timeout, request=b366cd81-90f5-4f0e-8fa6-7e105a738d9d->c3336af5-ef91-4420-af01-c0c00dc6c530#40-t2, previous=(t:2, i:20), leaderCommit=16, initializing? false, entries: <empty>
2019-09-11 07:01:32,489 [java.util.concurrent.ThreadPoolExecutor$Worker@69be8af9[State = -1, empty queue]] WARN  server.GrpcLogAppender (GrpcLogAppender.java:timeoutAppendRequest(200)) - b366cd81-90f5-4f0e-8fa6-7e105a738d9d@group-5FF39CBF2ADF->e76620e4-5df3-481a-bd8d-e91ef558e102-GrpcLogAppender: appendEntries Timeout, request=b366cd81-90f5-4f0e-8fa6-7e105a738d9d->e76620e4-5df3-481a-bd8d-e91ef558e102#40-t2, previous=(t:2, i:20), leaderCommit=16, initializing? false, entries: <empty>
2019-09-11 07:01:32,990 [java.util.concurrent.ThreadPoolExecutor$Worker@8075f6a[State = -1, empty queue]] WARN  server.GrpcLogAppender (GrpcLogAppender.java:timeoutAppendRequest(200)) - b366cd81-90f5-4f0e-8fa6-7e105a738d9d@group-5FF39CBF2ADF->c3336af5-ef91-4420-af01-c0c00dc6c530-GrpcLogAppender: appendEntries Timeout, request=b366cd81-90f5-4f0e-8fa6-7e105a738d9d->c3336af5-ef91-4420-af01-c0c00dc6c530#41-t2, previous=(t:2, i:20), leaderCommit=16, initializing? false, entries: <empty>
2019-09-11 07:01:32,990 [java.util.concurrent.ThreadPoolExecutor$Worker@69be8af9[State = -1, empty queue]] WARN  server.GrpcLogAppender (GrpcLogAppender.java:timeoutAppendRequest(200)) - b366cd81-90f5-4f0e-8fa6-7e105a738d9d@group-5FF39CBF2ADF->e76620e4-5df3-481a-bd8d-e91ef558e102-GrpcLogAppender: appendEntries Timeout, request=b366cd81-90f5-4f0e-8fa6-7e105a738d9d->e76620e4-5df3-481a-bd8d-e91ef558e102#41-t2, previous=(t:2, i:20), leaderCommit=16, initializing? false, entries: <empty>
2019-09-11 07:01:33,491 [java.util.concurrent.ThreadPoolExecutor$Worker@8075f6a[State = -1, empty queue]] WARN  server.GrpcLogAppender (GrpcLogAppender.java:timeoutAppendRequest(200)) - b366cd81-90f5-4f0e-8fa6-7e105a738d9d@group-5FF39CBF2ADF->c3336af5-ef91-4420-af01-c0c00dc6c530-GrpcLogAppender: appendEntries Timeout, request=b366cd81-90f5-4f0e-8fa6-7e105a738d9d->c3336af5-ef91-4420-af01-c0c00dc6c530#42-t2, previous=(t:2, i:20), leaderCommit=16, initializing? false, entries: <empty>
2019-09-11 07:01:33,491 [java.util.concurrent.ThreadPoolExecutor$Worker@69be8af9[State = -1, empty queue]] WARN  server.GrpcLogAppender (GrpcLogAppender.java:timeoutAppendRequest(200)) - b366cd81-90f5-4f0e-8fa6-7e105a738d9d@group-5FF39CBF2ADF->e76620e4-5df3-481a-bd8d-e91ef558e102-GrpcLogAppender: appendEntries Timeout, request=b366cd81-90f5-4f0e-8fa6-7e105a738d9d->e76620e4-5df3-481a-bd8d-e91ef558e102#42-t2, previous=(t:2, i:20), leaderCommit=16, initializing? false, entries: <empty>
2019-09-11 07:01:33,991 [java.util.concurrent.ThreadPoolExecutor$Worker@8075f6a[State = -1, empty queue]] WARN  server.GrpcLogAppender (GrpcLogAppender.java:timeoutAppendRequest(200)) - b366cd81-90f5-4f0e-8fa6-7e105a738d9d@group-5FF39CBF2ADF->c3336af5-ef91-4420-af01-c0c00dc6c530-GrpcLogAppender: appendEntries Timeout, request=b366cd81-90f5-4f0e-8fa6-7e105a738d9d->c3336af5-ef91-4420-af01-c0c00dc6c530#43-t2, previous=(t:2, i:20), leaderCommit=16, initializing? false, entries: <empty>
2019-09-11 07:01:33,991 [java.util.concurrent.ThreadPoolExecutor$Worker@69be8af9[State = -1, empty queue]] WARN  server.GrpcLogAppender (GrpcLogAppender.java:timeoutAppendRequest(200)) - b366cd81-90f5-4f0e-8fa6-7e105a738d9d@group-5FF39CBF2ADF->e76620e4-5df3-481a-bd8d-e91ef558e102-GrpcLogAppender: appendEntries Timeout, request=b366cd81-90f5-4f0e-8fa6-7e105a738d9d->e76620e4-5df3-481a-bd8d-e91ef558e102#43-t2, previous=(t:2, i:20), leaderCommit=16, initializing? false, entries: <empty>
2019-09-11 07:01:34,493 [java.util.concurrent.ThreadPoolExecutor$Worker@69be8af9[State = -1, empty queue]] WARN  server.GrpcLogAppender (GrpcLogAppender.java:timeoutAppendRequest(200)) - b366cd81-90f5-4f0e-8fa6-7e105a738d9d@group-5FF39CBF2ADF->e76620e4-5df3-481a-bd8d-e91ef558e102-GrpcLogAppender: appendEntries Timeout, request=b366cd81-90f5-4f0e-8fa6-7e105a738d9d->e76620e4-5df3-481a-bd8d-e91ef558e102#44-t2, previous=(t:2, i:20), leaderCommit=16, initializing? false, entries: <empty>
2019-09-11 07:01:34,493 [java.util.concurrent.ThreadPoolExecutor$Worker@8075f6a[State = -1, empty queue]] WARN  server.GrpcLogAppender (GrpcLogAppender.java:timeoutAppendRequest(200)) - b366cd81-90f5-4f0e-8fa6-7e105a738d9d@group-5FF39CBF2ADF->c3336af5-ef91-4420-af01-c0c00dc6c530-GrpcLogAppender: appendEntries Timeout, request=b366cd81-90f5-4f0e-8fa6-7e105a738d9d->c3336af5-ef91-4420-af01-c0c00dc6c530#44-t2, previous=(t:2, i:20), leaderCommit=16, initializing? false, entries: <empty>
2019-09-11 07:01:34,993 [java.util.concurrent.ThreadPoolExecutor$Worker@8075f6a[State = -1, empty queue]] WARN  server.GrpcLogAppender (GrpcLogAppender.java:timeoutAppendRequest(200)) - b366cd81-90f5-4f0e-8fa6-7e105a738d9d@group-5FF39CBF2ADF->c3336af5-ef91-4420-af01-c0c00dc6c530-GrpcLogAppender: appendEntries Timeout, request=b366cd81-90f5-4f0e-8fa6-7e105a738d9d->c3336af5-ef91-4420-af01-c0c00dc6c530#45-t2, previous=(t:2, i:20), leaderCommit=16, initializing? false, entries: <empty>
2019-09-11 07:01:34,993 [java.util.concurrent.ThreadPoolExecutor$Worker@69be8af9[State = -1, empty queue]] WARN  server.GrpcLogAppender (GrpcLogAppender.java:timeoutAppendRequest(200)) - b366cd81-90f5-4f0e-8fa6-7e105a738d9d@group-5FF39CBF2ADF->e76620e4-5df3-481a-bd8d-e91ef558e102-GrpcLogAppender: appendEntries Timeout, request=b366cd81-90f5-4f0e-8fa6-7e105a738d9d->e76620e4-5df3-481a-bd8d-e91ef558e102#45-t2, previous=(t:2, i:20), leaderCommit=16, initializing? false, entries: <empty>
2019-09-11 07:01:35,494 [java.util.concurrent.ThreadPoolExecutor$Worker@69be8af9[State = -1, empty queue]] WARN  server.GrpcLogAppender (GrpcLogAppender.java:timeoutAppendRequest(200)) - b366cd81-90f5-4f0e-8fa6-7e105a738d9d@group-5FF39CBF2ADF->e76620e4-5df3-481a-bd8d-e91ef558e102-GrpcLogAppender: appendEntries Timeout, request=b366cd81-90f5-4f0e-8fa6-7e105a738d9d->e76620e4-5df3-481a-bd8d-e91ef558e102#46-t2, previous=(t:2, i:20), leaderCommit=16, initializing? false, entries: <empty>
2019-09-11 07:01:35,494 [java.util.concurrent.ThreadPoolExecutor$Worker@8075f6a[State = -1, empty queue]] WARN  server.GrpcLogAppender (GrpcLogAppender.java:timeoutAppendRequest(200)) - b366cd81-90f5-4f0e-8fa6-7e105a738d9d@group-5FF39CBF2ADF->c3336af5-ef91-4420-af01-c0c00dc6c530-GrpcLogAppender: appendEntries Timeout, request=b366cd81-90f5-4f0e-8fa6-7e105a738d9d->c3336af5-ef91-4420-af01-c0c00dc6c530#46-t2, previous=(t:2, i:20), leaderCommit=16, initializing? false, entries: <empty>
2019-09-11 07:01:35,994 [java.util.concurrent.ThreadPoolExecutor$Worker@8075f6a[State = -1, empty queue]] WARN  server.GrpcLogAppender (GrpcLogAppender.java:timeoutAppendRequest(200)) - b366cd81-90f5-4f0e-8fa6-7e105a738d9d@group-5FF39CBF2ADF->c3336af5-ef91-4420-af01-c0c00dc6c530-GrpcLogAppender: appendEntries Timeout, request=b366cd81-90f5-4f0e-8fa6-7e105a738d9d->c3336af5-ef91-4420-af01-c0c00dc6c530#47-t2, previous=(t:2, i:20), leaderCommit=16, initializing? false, entries: <empty>
2019-09-11 07:01:35,994 [java.util.concurrent.ThreadPoolExecutor$Worker@69be8af9[State = -1, empty queue]] WARN  server.GrpcLogAppender (GrpcLogAppender.java:timeoutAppendRequest(200)) - b366cd81-90f5-4f0e-8fa6-7e105a738d9d@group-5FF39CBF2ADF->e76620e4-5df3-481a-bd8d-e91ef558e102-GrpcLogAppender: appendEntries Timeout, request=b366cd81-90f5-4f0e-8fa6-7e105a738d9d->e76620e4-5df3-481a-bd8d-e91ef558e102#47-t2, previous=(t:2, i:20), leaderCommit=16, initializing? false, entries: <empty>
2019-09-11 07:01:36,263 [grpc-default-executor-3] INFO  client.GrpcClientProtocolClient (GrpcClientProtocolClient.java:onNext(264)) - client-FA9E6D659E8E->c3336af5-ef91-4420-af01-c0c00dc6c530: receive RaftClientReply:client-FA9E6D659E8E->c3336af5-ef91-4420-af01-c0c00dc6c530@group-5FF39CBF2ADF, cid=39, FAILED org.apache.ratis.protocol.NotLeaderException: Server c3336af5-ef91-4420-af01-c0c00dc6c530@group-5FF39CBF2ADF is not the leader b366cd81-90f5-4f0e-8fa6-7e105a738d9d:192.168.5.143:43234, logIndex=0, commits[c3336af5-ef91-4420-af01-c0c00dc6c530:c16, b366cd81-90f5-4f0e-8fa6-7e105a738d9d:c16, e76620e4-5df3-481a-bd8d-e91ef558e102:c16]
2019-09-11 07:01:36,496 [java.util.concurrent.ThreadPoolExecutor$Worker@69be8af9[State = -1, empty queue]] WARN  server.GrpcLogAppender (GrpcLogAppender.java:timeoutAppendRequest(200)) - b366cd81-90f5-4f0e-8fa6-7e105a738d9d@group-5FF39CBF2ADF->e76620e4-5df3-481a-bd8d-e91ef558e102-GrpcLogAppender: appendEntries Timeout, request=b366cd81-90f5-4f0e-8fa6-7e105a738d9d->e76620e4-5df3-481a-bd8d-e91ef558e102#48-t2, previous=(t:2, i:20), leaderCommit=16, initializing? false, entries: <empty>
2019-09-11 07:01:36,496 [java.util.concurrent.ThreadPoolExecutor$Worker@8075f6a[State = -1, empty queue]] WARN  server.GrpcLogAppender (GrpcLogAppender.java:timeoutAppendRequest(200)) - b366cd81-90f5-4f0e-8fa6-7e105a738d9d@group-5FF39CBF2ADF->c3336af5-ef91-4420-af01-c0c00dc6c530-GrpcLogAppender: appendEntries Timeout, request=b366cd81-90f5-4f0e-8fa6-7e105a738d9d->c3336af5-ef91-4420-af01-c0c00dc6c530#48-t2, previous=(t:2, i:20), leaderCommit=16, initializing? false, entries: <empty>
2019-09-11 07:01:36,997 [java.util.concurrent.ThreadPoolExecutor$Worker@69be8af9[State = -1, empty queue]] WARN  server.GrpcLogAppender (GrpcLogAppender.java:timeoutAppendRequest(200)) - b366cd81-90f5-4f0e-8fa6-7e105a738d9d@group-5FF39CBF2ADF->e76620e4-5df3-481a-bd8d-e91ef558e102-GrpcLogAppender: appendEntries Timeout, request=b366cd81-90f5-4f0e-8fa6-7e105a738d9d->e76620e4-5df3-481a-bd8d-e91ef558e102#49-t2, previous=(t:2, i:20), leaderCommit=16, initializing? false, entries: <empty>
2019-09-11 07:01:36,997 [java.util.concurrent.ThreadPoolExecutor$Worker@8075f6a[State = -1, empty queue]] WARN  server.GrpcLogAppender (GrpcLogAppender.java:timeoutAppendRequest(200)) - b366cd81-90f5-4f0e-8fa6-7e105a738d9d@group-5FF39CBF2ADF->c3336af5-ef91-4420-af01-c0c00dc6c530-GrpcLogAppender: appendEntries Timeout, request=b366cd81-90f5-4f0e-8fa6-7e105a738d9d->c3336af5-ef91-4420-af01-c0c00dc6c530#49-t2, previous=(t:2, i:20), leaderCommit=16, initializing? false, entries: <empty>
2019-09-11 07:01:37,497 [java.util.concurrent.ThreadPoolExecutor$Worker@69be8af9[State = -1, empty queue]] WARN  server.GrpcLogAppender (GrpcLogAppender.java:timeoutAppendRequest(200)) - b366cd81-90f5-4f0e-8fa6-7e105a738d9d@group-5FF39CBF2ADF->e76620e4-5df3-481a-bd8d-e91ef558e102-GrpcLogAppender: appendEntries Timeout, request=b366cd81-90f5-4f0e-8fa6-7e105a738d9d->e76620e4-5df3-481a-bd8d-e91ef558e102#50-t2, previous=(t:2, i:20), leaderCommit=16, initializing? false, entries: <empty>
2019-09-11 07:01:37,497 [java.util.concurrent.ThreadPoolExecutor$Worker@8075f6a[State = -1, empty queue]] WARN  server.GrpcLogAppender (GrpcLogAppender.java:timeoutAppendRequest(200)) - b366cd81-90f5-4f0e-8fa6-7e105a738d9d@group-5FF39CBF2ADF->c3336af5-ef91-4420-af01-c0c00dc6c530-GrpcLogAppender: appendEntries Timeout, request=b366cd81-90f5-4f0e-8fa6-7e105a738d9d->c3336af5-ef91-4420-af01-c0c00dc6c530#50-t2, previous=(t:2, i:20), leaderCommit=16, initializing? false, entries: <empty>
2019-09-11 07:01:37,998 [java.util.concurrent.ThreadPoolExecutor$Worker@8075f6a[State = -1, empty queue]] WARN  server.GrpcLogAppender (GrpcLogAppender.java:timeoutAppendRequest(200)) - b366cd81-90f5-4f0e-8fa6-7e105a738d9d@group-5FF39CBF2ADF->c3336af5-ef91-4420-af01-c0c00dc6c530-GrpcLogAppender: appendEntries Timeout, request=b366cd81-90f5-4f0e-8fa6-7e105a738d9d->c3336af5-ef91-4420-af01-c0c00dc6c530#51-t2, previous=(t:2, i:20), leaderCommit=16, initializing? false, entries: <empty>
2019-09-11 07:01:37,998 [java.util.concurrent.ThreadPoolExecutor$Worker@69be8af9[State = -1, empty queue]] WARN  server.GrpcLogAppender (GrpcLogAppender.java:timeoutAppendRequest(200)) - b366cd81-90f5-4f0e-8fa6-7e105a738d9d@group-5FF39CBF2ADF->e76620e4-5df3-481a-bd8d-e91ef558e102-GrpcLogAppender: appendEntries Timeout, request=b366cd81-90f5-4f0e-8fa6-7e105a738d9d->e76620e4-5df3-481a-bd8d-e91ef558e102#51-t2, previous=(t:2, i:20), leaderCommit=16, initializing? false, entries: <empty>
2019-09-11 07:01:38,499 [java.util.concurrent.ThreadPoolExecutor$Worker@8075f6a[State = -1, empty queue]] WARN  server.GrpcLogAppender (GrpcLogAppender.java:timeoutAppendRequest(200)) - b366cd81-90f5-4f0e-8fa6-7e105a738d9d@group-5FF39CBF2ADF->c3336af5-ef91-4420-af01-c0c00dc6c530-GrpcLogAppender: appendEntries Timeout, request=b366cd81-90f5-4f0e-8fa6-7e105a738d9d->c3336af5-ef91-4420-af01-c0c00dc6c530#52-t2, previous=(t:2, i:20), leaderCommit=16, initializing? false, entries: <empty>
2019-09-11 07:01:38,499 [java.util.concurrent.ThreadPoolExecutor$Worker@69be8af9[State = -1, empty queue]] WARN  server.GrpcLogAppender (GrpcLogAppender.java:timeoutAppendRequest(200)) - b366cd81-90f5-4f0e-8fa6-7e105a738d9d@group-5FF39CBF2ADF->e76620e4-5df3-481a-bd8d-e91ef558e102-GrpcLogAppender: appendEntries Timeout, request=b366cd81-90f5-4f0e-8fa6-7e105a738d9d->e76620e4-5df3-481a-bd8d-e91ef558e102#52-t2, previous=(t:2, i:20), leaderCommit=16, initializing? false, entries: <empty>
2019-09-11 07:01:38,999 [java.util.concurrent.ThreadPoolExecutor$Worker@69be8af9[State = -1, empty queue]] WARN  server.GrpcLogAppender (GrpcLogAppender.java:timeoutAppendRequest(200)) - b366cd81-90f5-4f0e-8fa6-7e105a738d9d@group-5FF39CBF2ADF->e76620e4-5df3-481a-bd8d-e91ef558e102-GrpcLogAppender: appendEntries Timeout, request=b366cd81-90f5-4f0e-8fa6-7e105a738d9d->e76620e4-5df3-481a-bd8d-e91ef558e102#53-t2, previous=(t:2, i:20), leaderCommit=16, initializing? false, entries: <empty>
2019-09-11 07:01:38,999 [java.util.concurrent.ThreadPoolExecutor$Worker@8075f6a[State = -1, empty queue]] WARN  server.GrpcLogAppender (GrpcLogAppender.java:timeoutAppendRequest(200)) - b366cd81-90f5-4f0e-8fa6-7e105a738d9d@group-5FF39CBF2ADF->c3336af5-ef91-4420-af01-c0c00dc6c530-GrpcLogAppender: appendEntries Timeout, request=b366cd81-90f5-4f0e-8fa6-7e105a738d9d->c3336af5-ef91-4420-af01-c0c00dc6c530#53-t2, previous=(t:2, i:20), leaderCommit=16, initializing? false, entries: <empty>
2019-09-11 07:01:39,322 [main] WARN  io.KeyOutputStream (KeyOutputStream.java:handleException(276)) - Encountered exception java.io.IOException: Unexpected Storage Container Exception: java.util.concurrent.CompletionException: java.util.concurrent.CompletionException: org.apache.ratis.protocol.RaftRetryFailureException: Failed RaftClientRequest:client-FA9E6D659E8E->b366cd81-90f5-4f0e-8fa6-7e105a738d9d@group-5FF39CBF2ADF, cid=39, seq=9*, RW, org.apache.hadoop.hdds.scm.XceiverClientRatis$$Lambda$523/1432535753@48c66120 for 10 attempts with RetryLimited(maxAttempts=10, sleepTime=1000ms) on the pipeline Pipeline[ Id: af2d3d67-cd5f-47e3-ae2e-5ff39cbf2adf, Nodes: c3336af5-ef91-4420-af01-c0c00dc6c530{ip: 192.168.5.143, host: pr-hdds-1786-trunk-klbfp-3319181915, networkLocation: /default-rack, certSerialId: null}e76620e4-5df3-481a-bd8d-e91ef558e102{ip: 192.168.5.143, host: pr-hdds-1786-trunk-klbfp-3319181915, networkLocation: /default-rack, certSerialId: null}b366cd81-90f5-4f0e-8fa6-7e105a738d9d{ip: 192.168.5.143, host: pr-hdds-1786-trunk-klbfp-3319181915, networkLocation: /default-rack, certSerialId: null}, Type:RATIS, Factor:THREE, State:OPEN]. The last committed block length is 0, uncommitted data length is 2097152 retry count 0
2019-09-11 07:01:39,578 [java.util.concurrent.ThreadPoolExecutor$Worker@69be8af9[State = -1, empty queue]] WARN  server.GrpcLogAppender (GrpcLogAppender.java:timeoutAppendRequest(200)) - b366cd81-90f5-4f0e-8fa6-7e105a738d9d@group-5FF39CBF2ADF->e76620e4-5df3-481a-bd8d-e91ef558e102-GrpcLogAppender: appendEntries Timeout, request=b366cd81-90f5-4f0e-8fa6-7e105a738d9d->e76620e4-5df3-481a-bd8d-e91ef558e102#54-t2, previous=(t:2, i:20), leaderCommit=16, initializing? false, entries: <empty>
2019-09-11 07:01:39,578 [java.util.concurrent.ThreadPoolExecutor$Worker@8075f6a[State = -1, empty queue]] WARN  server.GrpcLogAppender (GrpcLogAppender.java:timeoutAppendRequest(200)) - b366cd81-90f5-4f0e-8fa6-7e105a738d9d@group-5FF39CBF2ADF->c3336af5-ef91-4420-af01-c0c00dc6c530-GrpcLogAppender: appendEntries Timeout, request=b366cd81-90f5-4f0e-8fa6-7e105a738d9d->c3336af5-ef91-4420-af01-c0c00dc6c530#54-t2, previous=(t:2, i:20), leaderCommit=16, initializing? false, entries: <empty>
2019-09-11 07:01:39,774 [grpc-default-executor-0] INFO  client.GrpcClientProtocolClient (GrpcClientProtocolClient.java:onNext(264)) - client-F0C20677607E->4523c126-f03b-4acb-be3e-4c406fe3aaad: receive RaftClientReply:client-F0C20677607E->4523c126-f03b-4acb-be3e-4c406fe3aaad@group-7CDE87E80901, cid=43, SUCCESS, logIndex=1, commits[4523c126-f03b-4acb-be3e-4c406fe3aaad:c1, 42626b9b-ed01-4037-9282-5fe073f296c6:c0, 4a2aa8aa-5edc-4f5e-99ad-9332c6d3f836:c0]
2019-09-11 07:01:39,918 [grpc-default-executor-1] INFO  client.GrpcClientProtocolClient (GrpcClientProtocolClient.java:onNext(264)) - client-F0C20677607E->4523c126-f03b-4acb-be3e-4c406fe3aaad: receive RaftClientReply:client-F0C20677607E->4523c126-f03b-4acb-be3e-4c406fe3aaad@group-7CDE87E80901, cid=44, SUCCESS, logIndex=3, commits[4523c126-f03b-4acb-be3e-4c406fe3aaad:c8, 42626b9b-ed01-4037-9282-5fe073f296c6:c6, 4a2aa8aa-5edc-4f5e-99ad-9332c6d3f836:c6]
2019-09-11 07:01:39,919 [grpc-default-executor-1] INFO  client.GrpcClientProtocolClient (GrpcClientProtocolClient.java:onNext(264)) - client-F0C20677607E->4523c126-f03b-4acb-be3e-4c406fe3aaad: receive RaftClientReply:client-F0C20677607E->4523c126-f03b-4acb-be3e-4c406fe3aaad@group-7CDE87E80901, cid=45, SUCCESS, logIndex=4, commits[4523c126-f03b-4acb-be3e-4c406fe3aaad:c8, 42626b9b-ed01-4037-9282-5fe073f296c6:c6, 4a2aa8aa-5edc-4f5e-99ad-9332c6d3f836:c6]
2019-09-11 07:01:40,002 [java.util.concurrent.ThreadPoolExecutor$Worker@69be8af9[State = -1, empty queue]] WARN  server.GrpcLogAppender (GrpcLogAppender.java:timeoutAppendRequest(200)) - b366cd81-90f5-4f0e-8fa6-7e105a738d9d@group-5FF39CBF2ADF->e76620e4-5df3-481a-bd8d-e91ef558e102-GrpcLogAppender: appendEntries Timeout, request=b366cd81-90f5-4f0e-8fa6-7e105a738d9d->e76620e4-5df3-481a-bd8d-e91ef558e102#55-t2, previous=(t:2, i:20), leaderCommit=16, initializing? false, entries: <empty>
2019-09-11 07:01:40,002 [java.util.concurrent.ThreadPoolExecutor$Worker@8075f6a[State = -1, empty queue]] WARN  server.GrpcLogAppender (GrpcLogAppender.java:timeoutAppendRequest(200)) - b366cd81-90f5-4f0e-8fa6-7e105a738d9d@group-5FF39CBF2ADF->c3336af5-ef91-4420-af01-c0c00dc6c530-GrpcLogAppender: appendEntries Timeout, request=b366cd81-90f5-4f0e-8fa6-7e105a738d9d->c3336af5-ef91-4420-af01-c0c00dc6c530#55-t2, previous=(t:2, i:20), leaderCommit=16, initializing? false, entries: <empty>
2019-09-11 07:01:40,100 [grpc-default-executor-0] INFO  client.GrpcClientProtocolClient (GrpcClientProtocolClient.java:onNext(264)) - client-F0C20677607E->4523c126-f03b-4acb-be3e-4c406fe3aaad: receive RaftClientReply:client-F0C20677607E->4523c126-f03b-4acb-be3e-4c406fe3aaad@group-7CDE87E80901, cid=46, SUCCESS, logIndex=6, commits[4523c126-f03b-4acb-be3e-4c406fe3aaad:c8, 42626b9b-ed01-4037-9282-5fe073f296c6:c6, 4a2aa8aa-5edc-4f5e-99ad-9332c6d3f836:c6]
2019-09-11 07:01:40,133 [Datanode State Machine Thread - 0] INFO  statemachine.DatanodeStateMachine (DatanodeStateMachine.java:lambda$startDaemon$0(350)) - Ozone container server started.
2019-09-11 07:01:40,503 [java.util.concurrent.ThreadPoolExecutor$Worker@69be8af9[State = -1, empty queue]] WARN  server.GrpcLogAppender (GrpcLogAppender.java:timeoutAppendRequest(200)) - b366cd81-90f5-4f0e-8fa6-7e105a738d9d@group-5FF39CBF2ADF->e76620e4-5df3-481a-bd8d-e91ef558e102-GrpcLogAppender: appendEntries Timeout, request=b366cd81-90f5-4f0e-8fa6-7e105a738d9d->e76620e4-5df3-481a-bd8d-e91ef558e102#56-t2, previous=(t:2, i:20), leaderCommit=16, initializing? false, entries: <empty>
2019-09-11 07:01:40,503 [java.util.concurrent.ThreadPoolExecutor$Worker@8075f6a[State = -1, empty queue]] WARN  server.GrpcLogAppender (GrpcLogAppender.java:timeoutAppendRequest(200)) - b366cd81-90f5-4f0e-8fa6-7e105a738d9d@group-5FF39CBF2ADF->c3336af5-ef91-4420-af01-c0c00dc6c530-GrpcLogAppender: appendEntries Timeout, request=b366cd81-90f5-4f0e-8fa6-7e105a738d9d->c3336af5-ef91-4420-af01-c0c00dc6c530#56-t2, previous=(t:2, i:20), leaderCommit=16, initializing? false, entries: <empty>
2019-09-11 07:01:41,003 [java.util.concurrent.ThreadPoolExecutor$Worker@8075f6a[State = -1, empty queue]] WARN  server.GrpcLogAppender (GrpcLogAppender.java:timeoutAppendRequest(200)) - b366cd81-90f5-4f0e-8fa6-7e105a738d9d@group-5FF39CBF2ADF->c3336af5-ef91-4420-af01-c0c00dc6c530-GrpcLogAppender: appendEntries Timeout, request=b366cd81-90f5-4f0e-8fa6-7e105a738d9d->c3336af5-ef91-4420-af01-c0c00dc6c530#57-t2, previous=(t:2, i:20), leaderCommit=16, initializing? false, entries: <empty>
2019-09-11 07:01:41,004 [java.util.concurrent.ThreadPoolExecutor$Worker@69be8af9[State = -1, empty queue]] WARN  server.GrpcLogAppender (GrpcLogAppender.java:timeoutAppendRequest(200)) - b366cd81-90f5-4f0e-8fa6-7e105a738d9d@group-5FF39CBF2ADF->e76620e4-5df3-481a-bd8d-e91ef558e102-GrpcLogAppender: appendEntries Timeout, request=b366cd81-90f5-4f0e-8fa6-7e105a738d9d->e76620e4-5df3-481a-bd8d-e91ef558e102#57-t2, previous=(t:2, i:20), leaderCommit=16, initializing? false, entries: <empty>
2019-09-11 07:01:41,135 [b366cd81-90f5-4f0e-8fa6-7e105a738d9d@group-5FF39CBF2ADF-SegmentedRaftLogWorker] WARN  segmented.SegmentedRaftLogWorker (SegmentedRaftLogWorker.java:getFromFuture(90)) - Timeout 1/~
org.apache.ratis.protocol.TimeoutIOException: Timeout 10s: WriteLog:19: (t:2, i:19), STATEMACHINELOGENTRY, client-FA9E6D659E8E, cid=41-writeStateMachineData
	at org.apache.ratis.util.IOUtils.getFromFuture(IOUtils.java:87)
	at org.apache.ratis.server.raftlog.segmented.SegmentedRaftLogWorker$StateMachineDataPolicy.getFromFuture(SegmentedRaftLogWorker.java:87)
	at org.apache.ratis.server.raftlog.segmented.SegmentedRaftLogWorker$WriteLog.execute(SegmentedRaftLogWorker.java:477)
	at org.apache.ratis.server.raftlog.segmented.SegmentedRaftLogWorker.run(SegmentedRaftLogWorker.java:289)
	at java.lang.Thread.run(Thread.java:748)
Caused by: java.util.concurrent.TimeoutException
	at java.util.concurrent.CompletableFuture.timedGet(CompletableFuture.java:1771)
	at java.util.concurrent.CompletableFuture.get(CompletableFuture.java:1915)
	at org.apache.ratis.util.IOUtils.getFromFuture(IOUtils.java:79)
	... 4 more
2019-09-11 07:01:41,136 [c3336af5-ef91-4420-af01-c0c00dc6c530@group-5FF39CBF2ADF-SegmentedRaftLogWorker] WARN  segmented.SegmentedRaftLogWorker (SegmentedRaftLogWorker.java:getFromFuture(90)) - Timeout 1/~
org.apache.ratis.protocol.TimeoutIOException: Timeout 10s: WriteLog:19: (t:2, i:19), STATEMACHINELOGENTRY, client-FA9E6D659E8E, cid=41-writeStateMachineData
	at org.apache.ratis.util.IOUtils.getFromFuture(IOUtils.java:87)
	at org.apache.ratis.server.raftlog.segmented.SegmentedRaftLogWorker$StateMachineDataPolicy.getFromFuture(SegmentedRaftLogWorker.java:87)
	at org.apache.ratis.server.raftlog.segmented.SegmentedRaftLogWorker$WriteLog.execute(SegmentedRaftLogWorker.java:477)
	at org.apache.ratis.server.raftlog.segmented.SegmentedRaftLogWorker.run(SegmentedRaftLogWorker.java:289)
	at java.lang.Thread.run(Thread.java:748)
Caused by: java.util.concurrent.TimeoutException
	at java.util.concurrent.CompletableFuture.timedGet(CompletableFuture.java:1771)
	at java.util.concurrent.CompletableFuture.get(CompletableFuture.java:1915)
	at org.apache.ratis.util.IOUtils.getFromFuture(IOUtils.java:79)
	... 4 more
2019-09-11 07:01:41,136 [e76620e4-5df3-481a-bd8d-e91ef558e102@group-5FF39CBF2ADF-SegmentedRaftLogWorker] WARN  segmented.SegmentedRaftLogWorker (SegmentedRaftLogWorker.java:getFromFuture(90)) - Timeout 1/~
org.apache.ratis.protocol.TimeoutIOException: Timeout 10s: WriteLog:19: (t:2, i:19), STATEMACHINELOGENTRY, client-FA9E6D659E8E, cid=41-writeStateMachineData
	at org.apache.ratis.util.IOUtils.getFromFuture(IOUtils.java:87)
	at org.apache.ratis.server.raftlog.segmented.SegmentedRaftLogWorker$StateMachineDataPolicy.getFromFuture(SegmentedRaftLogWorker.java:87)
	at org.apache.ratis.server.raftlog.segmented.SegmentedRaftLogWorker$WriteLog.execute(SegmentedRaftLogWorker.java:477)
	at org.apache.ratis.server.raftlog.segmented.SegmentedRaftLogWorker.run(SegmentedRaftLogWorker.java:289)
	at java.lang.Thread.run(Thread.java:748)
Caused by: java.util.concurrent.TimeoutException
	at java.util.concurrent.CompletableFuture.timedGet(CompletableFuture.java:1771)
	at java.util.concurrent.CompletableFuture.get(CompletableFuture.java:1915)
	at org.apache.ratis.util.IOUtils.getFromFuture(IOUtils.java:79)
	... 4 more
2019-09-11 07:01:41,504 [java.util.concurrent.ThreadPoolExecutor$Worker@69be8af9[State = -1, empty queue]] WARN  server.GrpcLogAppender (GrpcLogAppender.java:timeoutAppendRequest(200)) - b366cd81-90f5-4f0e-8fa6-7e105a738d9d@group-5FF39CBF2ADF->e76620e4-5df3-481a-bd8d-e91ef558e102-GrpcLogAppender: appendEntries Timeout, request=b366cd81-90f5-4f0e-8fa6-7e105a738d9d->e76620e4-5df3-481a-bd8d-e91ef558e102#58-t2, previous=(t:2, i:20), leaderCommit=16, initializing? false, entries: <empty>
2019-09-11 07:01:41,504 [java.util.concurrent.ThreadPoolExecutor$Worker@8075f6a[State = -1, empty queue]] WARN  server.GrpcLogAppender (GrpcLogAppender.java:timeoutAppendRequest(200)) - b366cd81-90f5-4f0e-8fa6-7e105a738d9d@group-5FF39CBF2ADF->c3336af5-ef91-4420-af01-c0c00dc6c530-GrpcLogAppender: appendEntries Timeout, request=b366cd81-90f5-4f0e-8fa6-7e105a738d9d->c3336af5-ef91-4420-af01-c0c00dc6c530#58-t2, previous=(t:2, i:20), leaderCommit=16, initializing? false, entries: <empty>
2019-09-11 07:01:42,004 [java.util.concurrent.ThreadPoolExecutor$Worker@69be8af9[State = -1, empty queue]] WARN  server.GrpcLogAppender (GrpcLogAppender.java:timeoutAppendRequest(200)) - b366cd81-90f5-4f0e-8fa6-7e105a738d9d@group-5FF39CBF2ADF->e76620e4-5df3-481a-bd8d-e91ef558e102-GrpcLogAppender: appendEntries Timeout, request=b366cd81-90f5-4f0e-8fa6-7e105a738d9d->e76620e4-5df3-481a-bd8d-e91ef558e102#59-t2, previous=(t:2, i:20), leaderCommit=16, initializing? false, entries: <empty>
2019-09-11 07:01:42,005 [java.util.concurrent.ThreadPoolExecutor$Worker@8075f6a[State = -1, empty queue]] WARN  server.GrpcLogAppender (GrpcLogAppender.java:timeoutAppendRequest(200)) - b366cd81-90f5-4f0e-8fa6-7e105a738d9d@group-5FF39CBF2ADF->c3336af5-ef91-4420-af01-c0c00dc6c530-GrpcLogAppender: appendEntries Timeout, request=b366cd81-90f5-4f0e-8fa6-7e105a738d9d->c3336af5-ef91-4420-af01-c0c00dc6c530#59-t2, previous=(t:2, i:20), leaderCommit=16, initializing? false, entries: <empty>
2019-09-11 07:01:42,579 [java.util.concurrent.ThreadPoolExecutor$Worker@8075f6a[State = -1, empty queue]] WARN  server.GrpcLogAppender (GrpcLogAppender.java:timeoutAppendRequest(200)) - b366cd81-90f5-4f0e-8fa6-7e105a738d9d@group-5FF39CBF2ADF->c3336af5-ef91-4420-af01-c0c00dc6c530-GrpcLogAppender: appendEntries Timeout, request=b366cd81-90f5-4f0e-8fa6-7e105a738d9d->c3336af5-ef91-4420-af01-c0c00dc6c530#60-t2, previous=(t:2, i:20), leaderCommit=16, initializing? false, entries: <empty>
2019-09-11 07:01:42,579 [java.util.concurrent.ThreadPoolExecutor$Worker@69be8af9[State = -1, empty queue]] WARN  server.GrpcLogAppender (GrpcLogAppender.java:timeoutAppendRequest(200)) - b366cd81-90f5-4f0e-8fa6-7e105a738d9d@group-5FF39CBF2ADF->e76620e4-5df3-481a-bd8d-e91ef558e102-GrpcLogAppender: appendEntries Timeout, request=b366cd81-90f5-4f0e-8fa6-7e105a738d9d->e76620e4-5df3-481a-bd8d-e91ef558e102#60-t2, previous=(t:2, i:20), leaderCommit=16, initializing? false, entries: <empty>
2019-09-11 07:01:43,079 [java.util.concurrent.ThreadPoolExecutor$Worker@69be8af9[State = -1, empty queue]] WARN  server.GrpcLogAppender (GrpcLogAppender.java:timeoutAppendRequest(200)) - b366cd81-90f5-4f0e-8fa6-7e105a738d9d@group-5FF39CBF2ADF->e76620e4-5df3-481a-bd8d-e91ef558e102-GrpcLogAppender: appendEntries Timeout, request=b366cd81-90f5-4f0e-8fa6-7e105a738d9d->e76620e4-5df3-481a-bd8d-e91ef558e102#61-t2, previous=(t:2, i:20), leaderCommit=16, initializing? false, entries: <empty>
2019-09-11 07:01:43,079 [java.util.concurrent.ThreadPoolExecutor$Worker@8075f6a[State = -1, empty queue]] WARN  server.GrpcLogAppender (GrpcLogAppender.java:timeoutAppendRequest(200)) - b366cd81-90f5-4f0e-8fa6-7e105a738d9d@group-5FF39CBF2ADF->c3336af5-ef91-4420-af01-c0c00dc6c530-GrpcLogAppender: appendEntries Timeout, request=b366cd81-90f5-4f0e-8fa6-7e105a738d9d->c3336af5-ef91-4420-af01-c0c00dc6c530#61-t2, previous=(t:2, i:20), leaderCommit=16, initializing? false, entries: <empty>
2019-09-11 07:01:43,580 [java.util.concurrent.ThreadPoolExecutor$Worker@69be8af9[State = -1, empty queue]] WARN  server.GrpcLogAppender (GrpcLogAppender.java:timeoutAppendRequest(200)) - b366cd81-90f5-4f0e-8fa6-7e105a738d9d@group-5FF39CBF2ADF->e76620e4-5df3-481a-bd8d-e91ef558e102-GrpcLogAppender: appendEntries Timeout, request=b366cd81-90f5-4f0e-8fa6-7e105a738d9d->e76620e4-5df3-481a-bd8d-e91ef558e102#62-t2, previous=(t:2, i:20), leaderCommit=16, initializing? false, entries: <empty>
2019-09-11 07:01:43,580 [java.util.concurrent.ThreadPoolExecutor$Worker@8075f6a[State = -1, empty queue]] WARN  server.GrpcLogAppender (GrpcLogAppender.java:timeoutAppendRequest(200)) - b366cd81-90f5-4f0e-8fa6-7e105a738d9d@group-5FF39CBF2ADF->c3336af5-ef91-4420-af01-c0c00dc6c530-GrpcLogAppender: appendEntries Timeout, request=b366cd81-90f5-4f0e-8fa6-7e105a738d9d->c3336af5-ef91-4420-af01-c0c00dc6c530#62-t2, previous=(t:2, i:20), leaderCommit=16, initializing? false, entries: <empty>
2019-09-11 07:01:44,080 [java.util.concurrent.ThreadPoolExecutor$Worker@69be8af9[State = -1, empty queue]] WARN  server.GrpcLogAppender (GrpcLogAppender.java:timeoutAppendRequest(200)) - b366cd81-90f5-4f0e-8fa6-7e105a738d9d@group-5FF39CBF2ADF->e76620e4-5df3-481a-bd8d-e91ef558e102-GrpcLogAppender: appendEntries Timeout, request=b366cd81-90f5-4f0e-8fa6-7e105a738d9d->e76620e4-5df3-481a-bd8d-e91ef558e102#63-t2, previous=(t:2, i:20), leaderCommit=16, initializing? false, entries: <empty>
2019-09-11 07:01:44,080 [java.util.concurrent.ThreadPoolExecutor$Worker@8075f6a[State = -1, empty queue]] WARN  server.GrpcLogAppender (GrpcLogAppender.java:timeoutAppendRequest(200)) - b366cd81-90f5-4f0e-8fa6-7e105a738d9d@group-5FF39CBF2ADF->c3336af5-ef91-4420-af01-c0c00dc6c530-GrpcLogAppender: appendEntries Timeout, request=b366cd81-90f5-4f0e-8fa6-7e105a738d9d->c3336af5-ef91-4420-af01-c0c00dc6c530#63-t2, previous=(t:2, i:20), leaderCommit=16, initializing? false, entries: <empty>
2019-09-11 07:01:44,580 [java.util.concurrent.ThreadPoolExecutor$Worker@69be8af9[State = -1, empty queue]] WARN  server.GrpcLogAppender (GrpcLogAppender.java:timeoutAppendRequest(200)) - b366cd81-90f5-4f0e-8fa6-7e105a738d9d@group-5FF39CBF2ADF->e76620e4-5df3-481a-bd8d-e91ef558e102-GrpcLogAppender: appendEntries Timeout, request=b366cd81-90f5-4f0e-8fa6-7e105a738d9d->e76620e4-5df3-481a-bd8d-e91ef558e102#64-t2, previous=(t:2, i:20), leaderCommit=16, initializing? false, entries: <empty>
2019-09-11 07:01:44,580 [java.util.concurrent.ThreadPoolExecutor$Worker@8075f6a[State = -1, empty queue]] WARN  server.GrpcLogAppender (GrpcLogAppender.java:timeoutAppendRequest(200)) - b366cd81-90f5-4f0e-8fa6-7e105a738d9d@group-5FF39CBF2ADF->c3336af5-ef91-4420-af01-c0c00dc6c530-GrpcLogAppender: appendEntries Timeout, request=b366cd81-90f5-4f0e-8fa6-7e105a738d9d->c3336af5-ef91-4420-af01-c0c00dc6c530#64-t2, previous=(t:2, i:20), leaderCommit=16, initializing? false, entries: <empty>
2019-09-11 07:01:45,081 [java.util.concurrent.ThreadPoolExecutor$Worker@69be8af9[State = -1, empty queue]] WARN  server.GrpcLogAppender (GrpcLogAppender.java:timeoutAppendRequest(200)) - b366cd81-90f5-4f0e-8fa6-7e105a738d9d@group-5FF39CBF2ADF->e76620e4-5df3-481a-bd8d-e91ef558e102-GrpcLogAppender: appendEntries Timeout, request=b366cd81-90f5-4f0e-8fa6-7e105a738d9d->e76620e4-5df3-481a-bd8d-e91ef558e102#65-t2, previous=(t:2, i:20), leaderCommit=16, initializing? false, entries: <empty>
2019-09-11 07:01:45,081 [java.util.concurrent.ThreadPoolExecutor$Worker@8075f6a[State = -1, empty queue]] WARN  server.GrpcLogAppender (GrpcLogAppender.java:timeoutAppendRequest(200)) - b366cd81-90f5-4f0e-8fa6-7e105a738d9d@group-5FF39CBF2ADF->c3336af5-ef91-4420-af01-c0c00dc6c530-GrpcLogAppender: appendEntries Timeout, request=b366cd81-90f5-4f0e-8fa6-7e105a738d9d->c3336af5-ef91-4420-af01-c0c00dc6c530#65-t2, previous=(t:2, i:20), leaderCommit=16, initializing? false, entries: <empty>
2019-09-11 07:01:45,106 [main] INFO  ozoneimpl.OzoneContainer (OzoneContainer.java:stop(231)) - Attempting to stop container services.
2019-09-11 07:01:45,109 [main] INFO  impl.RaftServerProxy (RaftServerProxy.java:lambda$close$4(314)) - c3336af5-ef91-4420-af01-c0c00dc6c530: close
2019-09-11 07:01:45,111 [main] INFO  impl.RaftServerImpl (RaftServerImpl.java:lambda$shutdown$3(251)) - c3336af5-ef91-4420-af01-c0c00dc6c530@group-B88804E8109D: shutdown
2019-09-11 07:01:45,112 [main] INFO  util.JmxRegister (JmxRegister.java:unregister(73)) - Successfully un-registered JMX Bean with object name Ratis:service=RaftServer,group=group-B88804E8109D,id=c3336af5-ef91-4420-af01-c0c00dc6c530
2019-09-11 07:01:45,113 [main] INFO  impl.RoleInfo (RoleInfo.java:shutdownLeaderState(104)) - c3336af5-ef91-4420-af01-c0c00dc6c530: shutdown LeaderState
2019-09-11 07:01:45,113 [main] INFO  impl.PendingRequests (PendingRequests.java:sendNotLeaderResponses(202)) - c3336af5-ef91-4420-af01-c0c00dc6c530-PendingRequests: sendNotLeaderResponses
2019-09-11 07:01:45,124 [main] INFO  impl.StateMachineUpdater (StateMachineUpdater.java:stopAndJoin(125)) - c3336af5-ef91-4420-af01-c0c00dc6c530@group-B88804E8109D-StateMachineUpdater: set stopIndex = 0
2019-09-11 07:01:45,125 [main] INFO  impl.RaftServerImpl (ServerState.java:close(385)) - c3336af5-ef91-4420-af01-c0c00dc6c530@group-B88804E8109D: closes. applyIndex: 0
2019-09-11 07:01:45,128 [c3336af5-ef91-4420-af01-c0c00dc6c530@group-B88804E8109D-SegmentedRaftLogWorker] INFO  segmented.SegmentedRaftLogWorker (SegmentedRaftLogWorker.java:run(313)) - c3336af5-ef91-4420-af01-c0c00dc6c530@group-B88804E8109D-SegmentedRaftLogWorker was interrupted, exiting. There are 0 tasks remaining in the queue.
2019-09-11 07:01:45,131 [main] INFO  segmented.SegmentedRaftLogWorker (SegmentedRaftLogWorker.java:close(228)) - c3336af5-ef91-4420-af01-c0c00dc6c530@group-B88804E8109D-SegmentedRaftLogWorker close()
2019-09-11 07:01:45,137 [main] INFO  impl.RaftServerImpl (RaftServerImpl.java:lambda$shutdown$3(251)) - c3336af5-ef91-4420-af01-c0c00dc6c530@group-5FF39CBF2ADF: shutdown
2019-09-11 07:01:45,138 [main] INFO  util.JmxRegister (JmxRegister.java:unregister(73)) - Successfully un-registered JMX Bean with object name Ratis:service=RaftServer,group=group-5FF39CBF2ADF,id=c3336af5-ef91-4420-af01-c0c00dc6c530
2019-09-11 07:01:45,138 [main] INFO  impl.RoleInfo (RoleInfo.java:shutdownFollowerState(121)) - c3336af5-ef91-4420-af01-c0c00dc6c530: shutdown FollowerState
2019-09-11 07:01:45,139 [main] INFO  impl.StateMachineUpdater (StateMachineUpdater.java:stopAndJoin(125)) - c3336af5-ef91-4420-af01-c0c00dc6c530@group-5FF39CBF2ADF-StateMachineUpdater: set stopIndex = 16
2019-09-11 07:01:45,139 [c3336af5-ef91-4420-af01-c0c00dc6c530@group-5FF39CBF2ADF-StateMachineUpdater] INFO  ratis.ContainerStateMachine (ContainerStateMachine.java:takeSnapshot(289)) - group-5FF39CBF2ADF: Taking a snapshot at:(t:2, i:12) file /workdir/hadoop-ozone/integration-test/target/test-dir/MiniOzoneClusterImpl-17eb7e61-4fa5-444d-af72-e415168ae45d/datanode-7/data/ratis/af2d3d67-cd5f-47e3-ae2e-5ff39cbf2adf/sm/snapshot.2_12
2019-09-11 07:01:45,139 [Thread-413] INFO  impl.FollowerState (FollowerState.java:run(115)) - c3336af5-ef91-4420-af01-c0c00dc6c530: FollowerState was interrupted: java.lang.InterruptedException: sleep interrupted
2019-09-11 07:01:45,190 [c3336af5-ef91-4420-af01-c0c00dc6c530@group-5FF39CBF2ADF-StateMachineUpdater] INFO  ratis.ContainerStateMachine (ContainerStateMachine.java:takeSnapshot(300)) - group-5FF39CBF2ADF: Finished taking a snapshot at:(t:2, i:12) file:/workdir/hadoop-ozone/integration-test/target/test-dir/MiniOzoneClusterImpl-17eb7e61-4fa5-444d-af72-e415168ae45d/datanode-7/data/ratis/af2d3d67-cd5f-47e3-ae2e-5ff39cbf2adf/sm/snapshot.2_12 time:51
2019-09-11 07:01:45,204 [c3336af5-ef91-4420-af01-c0c00dc6c530@group-5FF39CBF2ADF-StateMachineUpdater] INFO  impl.StateMachineUpdater (StateMachineUpdater.java:takeSnapshot(258)) - c3336af5-ef91-4420-af01-c0c00dc6c530@group-5FF39CBF2ADF-StateMachineUpdater: Took a snapshot at index 12
2019-09-11 07:01:45,207 [c3336af5-ef91-4420-af01-c0c00dc6c530@group-5FF39CBF2ADF-StateMachineUpdater] INFO  impl.StateMachineUpdater (StateMachineUpdater.java:lambda$new$0(83)) - c3336af5-ef91-4420-af01-c0c00dc6c530@group-5FF39CBF2ADF-StateMachineUpdater: snapshotIndex: updateIncreasingly -1 -> 12
2019-09-11 07:01:45,211 [c3336af5-ef91-4420-af01-c0c00dc6c530@group-5FF39CBF2ADF-StateMachineUpdater] INFO  ratis.ContainerStateMachine (ContainerStateMachine.java:takeSnapshot(289)) - group-5FF39CBF2ADF: Taking a snapshot at:(t:2, i:12) file /workdir/hadoop-ozone/integration-test/target/test-dir/MiniOzoneClusterImpl-17eb7e61-4fa5-444d-af72-e415168ae45d/datanode-7/data/ratis/af2d3d67-cd5f-47e3-ae2e-5ff39cbf2adf/sm/snapshot.2_12
2019-09-11 07:01:45,244 [c3336af5-ef91-4420-af01-c0c00dc6c530@group-5FF39CBF2ADF-StateMachineUpdater] INFO  ratis.ContainerStateMachine (ContainerStateMachine.java:takeSnapshot(300)) - group-5FF39CBF2ADF: Finished taking a snapshot at:(t:2, i:12) file:/workdir/hadoop-ozone/integration-test/target/test-dir/MiniOzoneClusterImpl-17eb7e61-4fa5-444d-af72-e415168ae45d/datanode-7/data/ratis/af2d3d67-cd5f-47e3-ae2e-5ff39cbf2adf/sm/snapshot.2_12 time:33
2019-09-11 07:01:45,245 [c3336af5-ef91-4420-af01-c0c00dc6c530@group-5FF39CBF2ADF-StateMachineUpdater] INFO  impl.StateMachineUpdater (StateMachineUpdater.java:takeSnapshot(258)) - c3336af5-ef91-4420-af01-c0c00dc6c530@group-5FF39CBF2ADF-StateMachineUpdater: Took a snapshot at index 12
2019-09-11 07:01:45,245 [c3336af5-ef91-4420-af01-c0c00dc6c530@group-5FF39CBF2ADF-StateMachineUpdater] INFO  impl.StateMachineUpdater (StateMachineUpdater.java:lambda$new$0(83)) - c3336af5-ef91-4420-af01-c0c00dc6c530@group-5FF39CBF2ADF-StateMachineUpdater: snapshotIndex: updateIncreasingly 12 -> 12
2019-09-11 07:01:45,245 [main] INFO  impl.RaftServerImpl (ServerState.java:close(385)) - c3336af5-ef91-4420-af01-c0c00dc6c530@group-5FF39CBF2ADF: closes. applyIndex: 16
2019-09-11 07:01:45,254 [c3336af5-ef91-4420-af01-c0c00dc6c530@group-5FF39CBF2ADF-SegmentedRaftLogWorker] ERROR ratis.XceiverServerRatis (XceiverServerRatis.java:triggerPipelineClose(575)) - pipeline Action CLOSE  on pipeline PipelineID=af2d3d67-cd5f-47e3-ae2e-5ff39cbf2adf.Reason : WriteLog:19: (t:2, i:19), STATEMACHINELOGENTRY, client-FA9E6D659E8E, cid=41-writeStateMachineData interrupted.
2019-09-11 07:01:45,320 [main] INFO  segmented.SegmentedRaftLogWorker (SegmentedRaftLogWorker.java:close(228)) - c3336af5-ef91-4420-af01-c0c00dc6c530@group-5FF39CBF2ADF-SegmentedRaftLogWorker close()
2019-09-11 07:01:45,325 [main] INFO  server.GrpcService (GrpcService.java:closeImpl(164)) - c3336af5-ef91-4420-af01-c0c00dc6c530: shutdown server with port 40781 now
2019-09-11 07:01:45,334 [main] INFO  server.GrpcService (GrpcService.java:closeImpl(172)) - c3336af5-ef91-4420-af01-c0c00dc6c530: shutdown server with port 40781 successfully
2019-09-11 07:01:45,335 [grpc-default-executor-0] WARN  server.GrpcServerProtocolService (LogUtils.java:warn(134)) - c3336af5-ef91-4420-af01-c0c00dc6c530: installSnapshot onError, lastRequest: b366cd81-90f5-4f0e-8fa6-7e105a738d9d->c3336af5-ef91-4420-af01-c0c00dc6c530#71-t2, previous=(t:2, i:20), leaderCommit=16, initializing? false, entries: <empty>: org.apache.ratis.thirdparty.io.grpc.StatusRuntimeException: CANCELLED: cancelled before receiving half close
2019-09-11 07:01:45,337 [grpc-default-executor-2] WARN  server.GrpcLogAppender (LogUtils.java:warn(134)) - b366cd81-90f5-4f0e-8fa6-7e105a738d9d@group-5FF39CBF2ADF->c3336af5-ef91-4420-af01-c0c00dc6c530-AppendLogResponseHandler: Failed appendEntries: org.apache.ratis.thirdparty.io.grpc.StatusRuntimeException: CANCELLED: HTTP/2 error code: CANCEL
Received Rst Stream
2019-09-11 07:01:45,343 [grpc-default-executor-2] INFO  impl.FollowerInfo (FollowerInfo.java:lambda$new$0(51)) - b366cd81-90f5-4f0e-8fa6-7e105a738d9d@group-5FF39CBF2ADF->c3336af5-ef91-4420-af01-c0c00dc6c530: nextIndex: updateUnconditionally 21 -> 17
2019-09-11 07:01:45,351 [refreshUsed-/workdir/hadoop-ozone/integration-test/target/test-dir/MiniOzoneClusterImpl-17eb7e61-4fa5-444d-af72-e415168ae45d/datanode-7/data/containers] WARN  fs.CachingGetSpaceUsed (CachingGetSpaceUsed.java:run(183)) - Thread Interrupted waiting to refresh disk information: sleep interrupted
2019-09-11 07:01:45,365 [main] INFO  utils.BackgroundService (BackgroundService.java:shutdown(148)) - Shutting down service BlockDeletingService
2019-09-11 07:01:45,372 [main] INFO  statemachine.DatanodeStateMachine (DatanodeStateMachine.java:stopDaemon(395)) - Ozone container server stopped.
2019-09-11 07:01:45,377 [main] INFO  handler.ContextHandler (ContextHandler.java:doStop(910)) - Stopped o.e.j.w.WebAppContext@459f703f{/,null,UNAVAILABLE}{/hddsDatanode}
2019-09-11 07:01:45,383 [main] INFO  server.AbstractConnector (AbstractConnector.java:doStop(318)) - Stopped ServerConnector@188ac8a3{HTTP/1.1,[http/1.1]}{0.0.0.0:0}
2019-09-11 07:01:45,383 [main] INFO  handler.ContextHandler (ContextHandler.java:doStop(910)) - Stopped o.e.j.s.ServletContextHandler@2eeb0f9b{/static,jar:file:/home/user/.m2/repository/org/apache/hadoop/hadoop-hdds-container-service/0.5.0-SNAPSHOT/hadoop-hdds-container-service-0.5.0-SNAPSHOT.jar!/webapps/static,UNAVAILABLE}
2019-09-11 07:01:45,384 [main] INFO  handler.ContextHandler (ContextHandler.java:doStop(910)) - Stopped o.e.j.s.ServletContextHandler@2d64160c{/logs,file:///workdir/hadoop-ozone/integration-test/target/log,UNAVAILABLE}
2019-09-11 07:01:45,442 [grpc-default-executor-2] INFO  client.GrpcClientProtocolClient (GrpcClientProtocolClient.java:onNext(264)) - client-F0C20677607E->4523c126-f03b-4acb-be3e-4c406fe3aaad: receive RaftClientReply:client-F0C20677607E->4523c126-f03b-4acb-be3e-4c406fe3aaad@group-7CDE87E80901, cid=47, SUCCESS, logIndex=9, commits[4523c126-f03b-4acb-be3e-4c406fe3aaad:c12, 42626b9b-ed01-4037-9282-5fe073f296c6:c8, 4a2aa8aa-5edc-4f5e-99ad-9332c6d3f836:c8]
2019-09-11 07:01:45,443 [grpc-default-executor-2] INFO  client.GrpcClientProtocolClient (GrpcClientProtocolClient.java:onNext(264)) - client-F0C20677607E->4523c126-f03b-4acb-be3e-4c406fe3aaad: receive RaftClientReply:client-F0C20677607E->4523c126-f03b-4acb-be3e-4c406fe3aaad@group-7CDE87E80901, cid=48, SUCCESS, logIndex=10, commits[4523c126-f03b-4acb-be3e-4c406fe3aaad:c12, 42626b9b-ed01-4037-9282-5fe073f296c6:c8, 4a2aa8aa-5edc-4f5e-99ad-9332c6d3f836:c8]
2019-09-11 07:01:45,443 [grpc-default-executor-2] INFO  client.GrpcClientProtocolClient (GrpcClientProtocolClient.java:onNext(264)) - client-F0C20677607E->4523c126-f03b-4acb-be3e-4c406fe3aaad: receive RaftClientReply:client-F0C20677607E->4523c126-f03b-4acb-be3e-4c406fe3aaad@group-7CDE87E80901, cid=49, SUCCESS, logIndex=11, commits[4523c126-f03b-4acb-be3e-4c406fe3aaad:c12, 42626b9b-ed01-4037-9282-5fe073f296c6:c8, 4a2aa8aa-5edc-4f5e-99ad-9332c6d3f836:c8]
2019-09-11 07:01:45,444 [grpc-default-executor-2] INFO  client.GrpcClientProtocolClient (GrpcClientProtocolClient.java:onNext(264)) - client-F0C20677607E->4523c126-f03b-4acb-be3e-4c406fe3aaad: receive RaftClientReply:client-F0C20677607E->4523c126-f03b-4acb-be3e-4c406fe3aaad@group-7CDE87E80901, cid=50, SUCCESS, logIndex=12, commits[4523c126-f03b-4acb-be3e-4c406fe3aaad:c12, 42626b9b-ed01-4037-9282-5fe073f296c6:c8, 4a2aa8aa-5edc-4f5e-99ad-9332c6d3f836:c8]
2019-09-11 07:01:45,460 [grpc-default-executor-2] INFO  client.GrpcClientProtocolClient (GrpcClientProtocolClient.java:onNext(264)) - client-F0C20677607E->4523c126-f03b-4acb-be3e-4c406fe3aaad: receive RaftClientReply:client-F0C20677607E->4523c126-f03b-4acb-be3e-4c406fe3aaad@group-7CDE87E80901, cid=51, SUCCESS, logIndex=0, commits[4523c126-f03b-4acb-be3e-4c406fe3aaad:c13, 42626b9b-ed01-4037-9282-5fe073f296c6:c12, 4a2aa8aa-5edc-4f5e-99ad-9332c6d3f836:c12]
2019-09-11 07:01:45,463 [grpc-default-executor-2] INFO  client.GrpcClientProtocolClient (GrpcClientProtocolClient.java:onNext(264)) - client-F0C20677607E->4523c126-f03b-4acb-be3e-4c406fe3aaad: receive RaftClientReply:client-F0C20677607E->4523c126-f03b-4acb-be3e-4c406fe3aaad@group-7CDE87E80901, cid=52, SUCCESS, logIndex=0, commits[4523c126-f03b-4acb-be3e-4c406fe3aaad:c14, 42626b9b-ed01-4037-9282-5fe073f296c6:c12, 4a2aa8aa-5edc-4f5e-99ad-9332c6d3f836:c12]
2019-09-11 07:01:45,582 [java.util.concurrent.ThreadPoolExecutor$Worker@69be8af9[State = -1, empty queue]] WARN  server.GrpcLogAppender (GrpcLogAppender.java:timeoutAppendRequest(200)) - b366cd81-90f5-4f0e-8fa6-7e105a738d9d@group-5FF39CBF2ADF->e76620e4-5df3-481a-bd8d-e91ef558e102-GrpcLogAppender: appendEntries Timeout, request=b366cd81-90f5-4f0e-8fa6-7e105a738d9d->e76620e4-5df3-481a-bd8d-e91ef558e102#66-t2, previous=(t:2, i:20), leaderCommit=16, initializing? false, entries: <empty>
2019-09-11 07:01:45,592 [grpc-default-executor-1] WARN  server.GrpcLogAppender (LogUtils.java:warn(134)) - b366cd81-90f5-4f0e-8fa6-7e105a738d9d@group-5FF39CBF2ADF->c3336af5-ef91-4420-af01-c0c00dc6c530-AppendLogResponseHandler: Failed appendEntries: org.apache.ratis.thirdparty.io.grpc.StatusRuntimeException: UNAVAILABLE: io exception
2019-09-11 07:01:45,594 [grpc-default-executor-1] INFO  impl.FollowerInfo (FollowerInfo.java:lambda$new$0(51)) - b366cd81-90f5-4f0e-8fa6-7e105a738d9d@group-5FF39CBF2ADF->c3336af5-ef91-4420-af01-c0c00dc6c530: nextIndex: updateUnconditionally 17 -> 16
2019-09-11 07:01:46,082 [java.util.concurrent.ThreadPoolExecutor$Worker@69be8af9[State = -1, empty queue]] WARN  server.GrpcLogAppender (GrpcLogAppender.java:timeoutAppendRequest(200)) - b366cd81-90f5-4f0e-8fa6-7e105a738d9d@group-5FF39CBF2ADF->e76620e4-5df3-481a-bd8d-e91ef558e102-GrpcLogAppender: appendEntries Timeout, request=b366cd81-90f5-4f0e-8fa6-7e105a738d9d->e76620e4-5df3-481a-bd8d-e91ef558e102#67-t2, previous=(t:2, i:20), leaderCommit=16, initializing? false, entries: <empty>
2019-09-11 07:01:46,088 [grpc-default-executor-2] WARN  server.GrpcLogAppender (LogUtils.java:warn(134)) - b366cd81-90f5-4f0e-8fa6-7e105a738d9d@group-5FF39CBF2ADF->c3336af5-ef91-4420-af01-c0c00dc6c530-AppendLogResponseHandler: Failed appendEntries: org.apache.ratis.thirdparty.io.grpc.StatusRuntimeException: UNAVAILABLE: io exception
2019-09-11 07:01:46,092 [grpc-default-executor-2] INFO  impl.FollowerInfo (FollowerInfo.java:lambda$new$0(51)) - b366cd81-90f5-4f0e-8fa6-7e105a738d9d@group-5FF39CBF2ADF->c3336af5-ef91-4420-af01-c0c00dc6c530: nextIndex: updateUnconditionally 16 -> 15
2019-09-11 07:01:46,582 [java.util.concurrent.ThreadPoolExecutor$Worker@69be8af9[State = -1, empty queue]] WARN  server.GrpcLogAppender (GrpcLogAppender.java:timeoutAppendRequest(200)) - b366cd81-90f5-4f0e-8fa6-7e105a738d9d@group-5FF39CBF2ADF->e76620e4-5df3-481a-bd8d-e91ef558e102-GrpcLogAppender: appendEntries Timeout, request=b366cd81-90f5-4f0e-8fa6-7e105a738d9d->e76620e4-5df3-481a-bd8d-e91ef558e102#68-t2, previous=(t:2, i:20), leaderCommit=16, initializing? false, entries: <empty>
2019-09-11 07:01:46,589 [grpc-default-executor-1] WARN  server.GrpcLogAppender (LogUtils.java:warn(134)) - b366cd81-90f5-4f0e-8fa6-7e105a738d9d@group-5FF39CBF2ADF->c3336af5-ef91-4420-af01-c0c00dc6c530-AppendLogResponseHandler: Failed appendEntries: org.apache.ratis.thirdparty.io.grpc.StatusRuntimeException: UNAVAILABLE: io exception
2019-09-11 07:01:46,592 [grpc-default-executor-1] INFO  impl.FollowerInfo (FollowerInfo.java:lambda$new$0(51)) - b366cd81-90f5-4f0e-8fa6-7e105a738d9d@group-5FF39CBF2ADF->c3336af5-ef91-4420-af01-c0c00dc6c530: nextIndex: updateUnconditionally 15 -> 14
2019-09-11 07:01:47,083 [java.util.concurrent.ThreadPoolExecutor$Worker@69be8af9[State = -1, empty queue]] WARN  server.GrpcLogAppender (GrpcLogAppender.java:timeoutAppendRequest(200)) - b366cd81-90f5-4f0e-8fa6-7e105a738d9d@group-5FF39CBF2ADF->e76620e4-5df3-481a-bd8d-e91ef558e102-GrpcLogAppender: appendEntries Timeout, request=b366cd81-90f5-4f0e-8fa6-7e105a738d9d->e76620e4-5df3-481a-bd8d-e91ef558e102#69-t2, previous=(t:2, i:20), leaderCommit=16, initializing? false, entries: <empty>
2019-09-11 07:01:47,089 [grpc-default-executor-2] WARN  server.GrpcLogAppender (LogUtils.java:warn(134)) - b366cd81-90f5-4f0e-8fa6-7e105a738d9d@group-5FF39CBF2ADF->c3336af5-ef91-4420-af01-c0c00dc6c530-AppendLogResponseHandler: Failed appendEntries: org.apache.ratis.thirdparty.io.grpc.StatusRuntimeException: UNAVAILABLE: io exception
2019-09-11 07:01:47,093 [grpc-default-executor-2] INFO  impl.FollowerInfo (FollowerInfo.java:lambda$new$0(51)) - b366cd81-90f5-4f0e-8fa6-7e105a738d9d@group-5FF39CBF2ADF->c3336af5-ef91-4420-af01-c0c00dc6c530: nextIndex: updateUnconditionally 14 -> 13
2019-09-11 07:01:47,584 [java.util.concurrent.ThreadPoolExecutor$Worker@69be8af9[State = -1, empty queue]] WARN  server.GrpcLogAppender (GrpcLogAppender.java:timeoutAppendRequest(200)) - b366cd81-90f5-4f0e-8fa6-7e105a738d9d@group-5FF39CBF2ADF->e76620e4-5df3-481a-bd8d-e91ef558e102-GrpcLogAppender: appendEntries Timeout, request=b366cd81-90f5-4f0e-8fa6-7e105a738d9d->e76620e4-5df3-481a-bd8d-e91ef558e102#70-t2, previous=(t:2, i:20), leaderCommit=16, initializing? false, entries: <empty>
2019-09-11 07:01:47,591 [grpc-default-executor-0] WARN  server.GrpcLogAppender (LogUtils.java:warn(134)) - b366cd81-90f5-4f0e-8fa6-7e105a738d9d@group-5FF39CBF2ADF->c3336af5-ef91-4420-af01-c0c00dc6c530-AppendLogResponseHandler: Failed appendEntries: org.apache.ratis.thirdparty.io.grpc.StatusRuntimeException: UNAVAILABLE: io exception
2019-09-11 07:01:47,595 [grpc-default-executor-0] INFO  impl.FollowerInfo (FollowerInfo.java:lambda$new$0(51)) - b366cd81-90f5-4f0e-8fa6-7e105a738d9d@group-5FF39CBF2ADF->c3336af5-ef91-4420-af01-c0c00dc6c530: nextIndex: updateUnconditionally 13 -> 12
2019-09-11 07:01:48,084 [java.util.concurrent.ThreadPoolExecutor$Worker@69be8af9[State = -1, empty queue]] WARN  server.GrpcLogAppender (GrpcLogAppender.java:timeoutAppendRequest(200)) - b366cd81-90f5-4f0e-8fa6-7e105a738d9d@group-5FF39CBF2ADF->e76620e4-5df3-481a-bd8d-e91ef558e102-GrpcLogAppender: appendEntries Timeout, request=b366cd81-90f5-4f0e-8fa6-7e105a738d9d->e76620e4-5df3-481a-bd8d-e91ef558e102#71-t2, previous=(t:2, i:20), leaderCommit=16, initializing? false, entries: <empty>
2019-09-11 07:01:48,093 [grpc-default-executor-1] WARN  server.GrpcLogAppender (LogUtils.java:warn(134)) - b366cd81-90f5-4f0e-8fa6-7e105a738d9d@group-5FF39CBF2ADF->c3336af5-ef91-4420-af01-c0c00dc6c530-AppendLogResponseHandler: Failed appendEntries: org.apache.ratis.thirdparty.io.grpc.StatusRuntimeException: UNAVAILABLE: io exception
2019-09-11 07:01:48,098 [grpc-default-executor-1] INFO  impl.FollowerInfo (FollowerInfo.java:lambda$new$0(51)) - b366cd81-90f5-4f0e-8fa6-7e105a738d9d@group-5FF39CBF2ADF->c3336af5-ef91-4420-af01-c0c00dc6c530: nextIndex: updateUnconditionally 12 -> 11
2019-09-11 07:01:48,474 [java.util.concurrent.ThreadPoolExecutor$Worker@77aa567a[State = -1, empty queue]] WARN  server.GrpcLogAppender (GrpcLogAppender.java:timeoutAppendRequest(200)) - 4523c126-f03b-4acb-be3e-4c406fe3aaad@group-7CDE87E80901->4a2aa8aa-5edc-4f5e-99ad-9332c6d3f836-GrpcLogAppender: appendEntries Timeout, request=4523c126-f03b-4acb-be3e-4c406fe3aaad->4a2aa8aa-5edc-4f5e-99ad-9332c6d3f836#68-t2, previous=(t:2, i:14), leaderCommit=14, initializing? false, entries: size=1, first=(t:2, i:15), STATEMACHINELOGENTRY, client-F0C20677607E, cid=53
2019-09-11 07:01:48,475 [java.util.concurrent.ThreadPoolExecutor$Worker@77aa567a[State = -1, empty queue]] WARN  server.GrpcLogAppender (GrpcLogAppender.java:timeoutAppendRequest(200)) - 4523c126-f03b-4acb-be3e-4c406fe3aaad@group-7CDE87E80901->4a2aa8aa-5edc-4f5e-99ad-9332c6d3f836-GrpcLogAppender: appendEntries Timeout, request=4523c126-f03b-4acb-be3e-4c406fe3aaad->4a2aa8aa-5edc-4f5e-99ad-9332c6d3f836#69-t2, previous=(t:2, i:15), leaderCommit=14, initializing? false, entries: size=1, first=(t:2, i:16), STATEMACHINELOGENTRY, client-F0C20677607E, cid=54
2019-09-11 07:01:48,477 [java.util.concurrent.ThreadPoolExecutor$Worker@77aa567a[State = -1, empty queue]] WARN  server.GrpcLogAppender (GrpcLogAppender.java:timeoutAppendRequest(200)) - 4523c126-f03b-4acb-be3e-4c406fe3aaad@group-7CDE87E80901->4a2aa8aa-5edc-4f5e-99ad-9332c6d3f836-GrpcLogAppender: appendEntries Timeout, request=4523c126-f03b-4acb-be3e-4c406fe3aaad->4a2aa8aa-5edc-4f5e-99ad-9332c6d3f836#70-t2, previous=(t:2, i:16), leaderCommit=14, initializing? false, entries: size=1, first=(t:2, i:17), STATEMACHINELOGENTRY, client-F0C20677607E, cid=55
2019-09-11 07:01:48,478 [java.util.concurrent.ThreadPoolExecutor$Worker@77aa567a[State = -1, empty queue]] WARN  server.GrpcLogAppender (GrpcLogAppender.java:timeoutAppendRequest(200)) - 4523c126-f03b-4acb-be3e-4c406fe3aaad@group-7CDE87E80901->4a2aa8aa-5edc-4f5e-99ad-9332c6d3f836-GrpcLogAppender: appendEntries Timeout, request=4523c126-f03b-4acb-be3e-4c406fe3aaad->4a2aa8aa-5edc-4f5e-99ad-9332c6d3f836#71-t2, previous=(t:2, i:17), leaderCommit=14, initializing? false, entries: size=1, first=(t:2, i:18), STATEMACHINELOGENTRY, client-F0C20677607E, cid=56
2019-09-11 07:01:48,584 [java.util.concurrent.ThreadPoolExecutor$Worker@69be8af9[State = -1, empty queue]] WARN  server.GrpcLogAppender (GrpcLogAppender.java:timeoutAppendRequest(200)) - b366cd81-90f5-4f0e-8fa6-7e105a738d9d@group-5FF39CBF2ADF->e76620e4-5df3-481a-bd8d-e91ef558e102-GrpcLogAppender: appendEntries Timeout, request=b366cd81-90f5-4f0e-8fa6-7e105a738d9d->e76620e4-5df3-481a-bd8d-e91ef558e102#72-t2, previous=(t:2, i:20), leaderCommit=16, initializing? false, entries: <empty>
2019-09-11 07:01:48,595 [grpc-default-executor-2] WARN  server.GrpcLogAppender (LogUtils.java:warn(134)) - b366cd81-90f5-4f0e-8fa6-7e105a738d9d@group-5FF39CBF2ADF->c3336af5-ef91-4420-af01-c0c00dc6c530-AppendLogResponseHandler: Failed appendEntries: org.apache.ratis.thirdparty.io.grpc.StatusRuntimeException: UNAVAILABLE: io exception
2019-09-11 07:01:48,619 [grpc-default-executor-2] INFO  impl.FollowerInfo (FollowerInfo.java:lambda$new$0(51)) - b366cd81-90f5-4f0e-8fa6-7e105a738d9d@group-5FF39CBF2ADF->c3336af5-ef91-4420-af01-c0c00dc6c530: nextIndex: updateUnconditionally 11 -> 10
2019-09-11 07:01:48,978 [java.util.concurrent.ThreadPoolExecutor$Worker@77aa567a[State = -1, empty queue]] WARN  server.GrpcLogAppender (GrpcLogAppender.java:timeoutAppendRequest(200)) - 4523c126-f03b-4acb-be3e-4c406fe3aaad@group-7CDE87E80901->4a2aa8aa-5edc-4f5e-99ad-9332c6d3f836-GrpcLogAppender: appendEntries Timeout, request=4523c126-f03b-4acb-be3e-4c406fe3aaad->4a2aa8aa-5edc-4f5e-99ad-9332c6d3f836#72-t2, previous=(t:2, i:18), leaderCommit=14, initializing? false, entries: <empty>
2019-09-11 07:01:49,085 [java.util.concurrent.ThreadPoolExecutor$Worker@69be8af9[State = -1, empty queue]] WARN  server.GrpcLogAppender (GrpcLogAppender.java:timeoutAppendRequest(200)) - b366cd81-90f5-4f0e-8fa6-7e105a738d9d@group-5FF39CBF2ADF->e76620e4-5df3-481a-bd8d-e91ef558e102-GrpcLogAppender: appendEntries Timeout, request=b366cd81-90f5-4f0e-8fa6-7e105a738d9d->e76620e4-5df3-481a-bd8d-e91ef558e102#73-t2, previous=(t:2, i:20), leaderCommit=16, initializing? false, entries: <empty>
2019-09-11 07:01:49,097 [grpc-default-executor-0] WARN  server.GrpcLogAppender (LogUtils.java:warn(134)) - b366cd81-90f5-4f0e-8fa6-7e105a738d9d@group-5FF39CBF2ADF->c3336af5-ef91-4420-af01-c0c00dc6c530-AppendLogResponseHandler: Failed appendEntries: org.apache.ratis.thirdparty.io.grpc.StatusRuntimeException: UNAVAILABLE: io exception
2019-09-11 07:01:49,102 [grpc-default-executor-0] INFO  impl.FollowerInfo (FollowerInfo.java:lambda$new$0(51)) - b366cd81-90f5-4f0e-8fa6-7e105a738d9d@group-5FF39CBF2ADF->c3336af5-ef91-4420-af01-c0c00dc6c530: nextIndex: updateUnconditionally 10 -> 9
2019-09-11 07:01:49,478 [java.util.concurrent.ThreadPoolExecutor$Worker@77aa567a[State = -1, empty queue]] WARN  server.GrpcLogAppender (GrpcLogAppender.java:timeoutAppendRequest(200)) - 4523c126-f03b-4acb-be3e-4c406fe3aaad@group-7CDE87E80901->4a2aa8aa-5edc-4f5e-99ad-9332c6d3f836-GrpcLogAppender: appendEntries Timeout, request=4523c126-f03b-4acb-be3e-4c406fe3aaad->4a2aa8aa-5edc-4f5e-99ad-9332c6d3f836#73-t2, previous=(t:2, i:18), leaderCommit=14, initializing? false, entries: <empty>
2019-09-11 07:01:49,585 [java.util.concurrent.ThreadPoolExecutor$Worker@69be8af9[State = -1, empty queue]] WARN  server.GrpcLogAppender (GrpcLogAppender.java:timeoutAppendRequest(200)) - b366cd81-90f5-4f0e-8fa6-7e105a738d9d@group-5FF39CBF2ADF->e76620e4-5df3-481a-bd8d-e91ef558e102-GrpcLogAppender: appendEntries Timeout, request=b366cd81-90f5-4f0e-8fa6-7e105a738d9d->e76620e4-5df3-481a-bd8d-e91ef558e102#74-t2, previous=(t:2, i:20), leaderCommit=16, initializing? false, entries: <empty>
2019-09-11 07:01:49,598 [grpc-default-executor-2] WARN  server.GrpcLogAppender (LogUtils.java:warn(134)) - b366cd81-90f5-4f0e-8fa6-7e105a738d9d@group-5FF39CBF2ADF->c3336af5-ef91-4420-af01-c0c00dc6c530-AppendLogResponseHandler: Failed appendEntries: org.apache.ratis.thirdparty.io.grpc.StatusRuntimeException: UNAVAILABLE: io exception
2019-09-11 07:01:49,602 [grpc-default-executor-2] INFO  impl.FollowerInfo (FollowerInfo.java:lambda$new$0(51)) - b366cd81-90f5-4f0e-8fa6-7e105a738d9d@group-5FF39CBF2ADF->c3336af5-ef91-4420-af01-c0c00dc6c530: nextIndex: updateUnconditionally 9 -> 8
2019-09-11 07:01:49,979 [java.util.concurrent.ThreadPoolExecutor$Worker@77aa567a[State = -1, empty queue]] WARN  server.GrpcLogAppender (GrpcLogAppender.java:timeoutAppendRequest(200)) - 4523c126-f03b-4acb-be3e-4c406fe3aaad@group-7CDE87E80901->4a2aa8aa-5edc-4f5e-99ad-9332c6d3f836-GrpcLogAppender: appendEntries Timeout, request=4523c126-f03b-4acb-be3e-4c406fe3aaad->4a2aa8aa-5edc-4f5e-99ad-9332c6d3f836#74-t2, previous=(t:2, i:18), leaderCommit=14, initializing? false, entries: <empty>
2019-09-11 07:01:50,085 [java.util.concurrent.ThreadPoolExecutor$Worker@69be8af9[State = -1, empty queue]] WARN  server.GrpcLogAppender (GrpcLogAppender.java:timeoutAppendRequest(200)) - b366cd81-90f5-4f0e-8fa6-7e105a738d9d@group-5FF39CBF2ADF->e76620e4-5df3-481a-bd8d-e91ef558e102-GrpcLogAppender: appendEntries Timeout, request=b366cd81-90f5-4f0e-8fa6-7e105a738d9d->e76620e4-5df3-481a-bd8d-e91ef558e102#75-t2, previous=(t:2, i:20), leaderCommit=16, initializing? false, entries: <empty>
2019-09-11 07:01:50,098 [grpc-default-executor-2] WARN  server.GrpcLogAppender (LogUtils.java:warn(134)) - b366cd81-90f5-4f0e-8fa6-7e105a738d9d@group-5FF39CBF2ADF->c3336af5-ef91-4420-af01-c0c00dc6c530-AppendLogResponseHandler: Failed appendEntries: org.apache.ratis.thirdparty.io.grpc.StatusRuntimeException: UNAVAILABLE: io exception
2019-09-11 07:01:50,102 [grpc-default-executor-2] INFO  impl.FollowerInfo (FollowerInfo.java:lambda$new$0(51)) - b366cd81-90f5-4f0e-8fa6-7e105a738d9d@group-5FF39CBF2ADF->c3336af5-ef91-4420-af01-c0c00dc6c530: nextIndex: updateUnconditionally 8 -> 7
2019-09-11 07:01:50,479 [java.util.concurrent.ThreadPoolExecutor$Worker@77aa567a[State = -1, empty queue]] WARN  server.GrpcLogAppender (GrpcLogAppender.java:timeoutAppendRequest(200)) - 4523c126-f03b-4acb-be3e-4c406fe3aaad@group-7CDE87E80901->4a2aa8aa-5edc-4f5e-99ad-9332c6d3f836-GrpcLogAppender: appendEntries Timeout, request=4523c126-f03b-4acb-be3e-4c406fe3aaad->4a2aa8aa-5edc-4f5e-99ad-9332c6d3f836#75-t2, previous=(t:2, i:18), leaderCommit=14, initializing? false, entries: <empty>
2019-09-11 07:01:50,508 [grpc-default-executor-1] INFO  client.GrpcClientProtocolClient (GrpcClientProtocolClient.java:onNext(264)) - client-F0C20677607E->42626b9b-ed01-4037-9282-5fe073f296c6: receive RaftClientReply:client-F0C20677607E->42626b9b-ed01-4037-9282-5fe073f296c6@group-7CDE87E80901, cid=53, FAILED org.apache.ratis.protocol.NotLeaderException: Server 42626b9b-ed01-4037-9282-5fe073f296c6@group-7CDE87E80901 is not the leader 4523c126-f03b-4acb-be3e-4c406fe3aaad:192.168.5.143:34504, logIndex=0, commits[42626b9b-ed01-4037-9282-5fe073f296c6:c14, 4523c126-f03b-4acb-be3e-4c406fe3aaad:c14, 4a2aa8aa-5edc-4f5e-99ad-9332c6d3f836:c12]
2019-09-11 07:01:50,586 [java.util.concurrent.ThreadPoolExecutor$Worker@69be8af9[State = -1, empty queue]] WARN  server.GrpcLogAppender (GrpcLogAppender.java:timeoutAppendRequest(200)) - b366cd81-90f5-4f0e-8fa6-7e105a738d9d@group-5FF39CBF2ADF->e76620e4-5df3-481a-bd8d-e91ef558e102-GrpcLogAppender: appendEntries Timeout, request=b366cd81-90f5-4f0e-8fa6-7e105a738d9d->e76620e4-5df3-481a-bd8d-e91ef558e102#76-t2, previous=(t:2, i:20), leaderCommit=16, initializing? false, entries: <empty>
2019-09-11 07:01:50,599 [grpc-default-executor-0] WARN  server.GrpcLogAppender (LogUtils.java:warn(134)) - b366cd81-90f5-4f0e-8fa6-7e105a738d9d@group-5FF39CBF2ADF->c3336af5-ef91-4420-af01-c0c00dc6c530-AppendLogResponseHandler: Failed appendEntries: org.apache.ratis.thirdparty.io.grpc.StatusRuntimeException: UNAVAILABLE: io exception
2019-09-11 07:01:50,606 [grpc-default-executor-0] INFO  impl.FollowerInfo (FollowerInfo.java:lambda$new$0(51)) - b366cd81-90f5-4f0e-8fa6-7e105a738d9d@group-5FF39CBF2ADF->c3336af5-ef91-4420-af01-c0c00dc6c530: nextIndex: updateUnconditionally 7 -> 6
2019-09-11 07:01:50,979 [java.util.concurrent.ThreadPoolExecutor$Worker@77aa567a[State = -1, empty queue]] WARN  server.GrpcLogAppender (GrpcLogAppender.java:timeoutAppendRequest(200)) - 4523c126-f03b-4acb-be3e-4c406fe3aaad@group-7CDE87E80901->4a2aa8aa-5edc-4f5e-99ad-9332c6d3f836-GrpcLogAppender: appendEntries Timeout, request=4523c126-f03b-4acb-be3e-4c406fe3aaad->4a2aa8aa-5edc-4f5e-99ad-9332c6d3f836#76-t2, previous=(t:2, i:18), leaderCommit=14, initializing? false, entries: <empty>
2019-09-11 07:01:51,086 [java.util.concurrent.ThreadPoolExecutor$Worker@69be8af9[State = -1, empty queue]] WARN  server.GrpcLogAppender (GrpcLogAppender.java:timeoutAppendRequest(200)) - b366cd81-90f5-4f0e-8fa6-7e105a738d9d@group-5FF39CBF2ADF->e76620e4-5df3-481a-bd8d-e91ef558e102-GrpcLogAppender: appendEntries Timeout, request=b366cd81-90f5-4f0e-8fa6-7e105a738d9d->e76620e4-5df3-481a-bd8d-e91ef558e102#77-t2, previous=(t:2, i:20), leaderCommit=16, initializing? false, entries: <empty>
2019-09-11 07:01:51,103 [grpc-default-executor-1] WARN  server.GrpcLogAppender (LogUtils.java:warn(134)) - b366cd81-90f5-4f0e-8fa6-7e105a738d9d@group-5FF39CBF2ADF->c3336af5-ef91-4420-af01-c0c00dc6c530-AppendLogResponseHandler: Failed appendEntries: org.apache.ratis.thirdparty.io.grpc.StatusRuntimeException: UNAVAILABLE: io exception
2019-09-11 07:01:51,110 [grpc-default-executor-1] INFO  impl.FollowerInfo (FollowerInfo.java:lambda$new$0(51)) - b366cd81-90f5-4f0e-8fa6-7e105a738d9d@group-5FF39CBF2ADF->c3336af5-ef91-4420-af01-c0c00dc6c530: nextIndex: updateUnconditionally 6 -> 5
2019-09-11 07:01:51,136 [b366cd81-90f5-4f0e-8fa6-7e105a738d9d@group-5FF39CBF2ADF-SegmentedRaftLogWorker] WARN  segmented.SegmentedRaftLogWorker (SegmentedRaftLogWorker.java:getFromFuture(90)) - Timeout 2/~
org.apache.ratis.protocol.TimeoutIOException: Timeout 10s: WriteLog:19: (t:2, i:19), STATEMACHINELOGENTRY, client-FA9E6D659E8E, cid=41-writeStateMachineData
	at org.apache.ratis.util.IOUtils.getFromFuture(IOUtils.java:87)
	at org.apache.ratis.server.raftlog.segmented.SegmentedRaftLogWorker$StateMachineDataPolicy.getFromFuture(SegmentedRaftLogWorker.java:87)
	at org.apache.ratis.server.raftlog.segmented.SegmentedRaftLogWorker$WriteLog.execute(SegmentedRaftLogWorker.java:477)
	at org.apache.ratis.server.raftlog.segmented.SegmentedRaftLogWorker.run(SegmentedRaftLogWorker.java:289)
	at java.lang.Thread.run(Thread.java:748)
Caused by: java.util.concurrent.TimeoutException
	at java.util.concurrent.CompletableFuture.timedGet(CompletableFuture.java:1771)
	at java.util.concurrent.CompletableFuture.get(CompletableFuture.java:1915)
	at org.apache.ratis.util.IOUtils.getFromFuture(IOUtils.java:79)
	... 4 more
2019-09-11 07:01:51,137 [e76620e4-5df3-481a-bd8d-e91ef558e102@group-5FF39CBF2ADF-SegmentedRaftLogWorker] WARN  segmented.SegmentedRaftLogWorker (SegmentedRaftLogWorker.java:getFromFuture(90)) - Timeout 2/~
org.apache.ratis.protocol.TimeoutIOException: Timeout 10s: WriteLog:19: (t:2, i:19), STATEMACHINELOGENTRY, client-FA9E6D659E8E, cid=41-writeStateMachineData
	at org.apache.ratis.util.IOUtils.getFromFuture(IOUtils.java:87)
	at org.apache.ratis.server.raftlog.segmented.SegmentedRaftLogWorker$StateMachineDataPolicy.getFromFuture(SegmentedRaftLogWorker.java:87)
	at org.apache.ratis.server.raftlog.segmented.SegmentedRaftLogWorker$WriteLog.execute(SegmentedRaftLogWorker.java:477)
	at org.apache.ratis.server.raftlog.segmented.SegmentedRaftLogWorker.run(SegmentedRaftLogWorker.java:289)
	at java.lang.Thread.run(Thread.java:748)
Caused by: java.util.concurrent.TimeoutException
	at java.util.concurrent.CompletableFuture.timedGet(CompletableFuture.java:1771)
	at java.util.concurrent.CompletableFuture.get(CompletableFuture.java:1915)
	at org.apache.ratis.util.IOUtils.getFromFuture(IOUtils.java:79)
	... 4 more
2019-09-11 07:01:51,480 [java.util.concurrent.ThreadPoolExecutor$Worker@77aa567a[State = -1, empty queue]] WARN  server.GrpcLogAppender (GrpcLogAppender.java:timeoutAppendRequest(200)) - 4523c126-f03b-4acb-be3e-4c406fe3aaad@group-7CDE87E80901->4a2aa8aa-5edc-4f5e-99ad-9332c6d3f836-GrpcLogAppender: appendEntries Timeout, request=4523c126-f03b-4acb-be3e-4c406fe3aaad->4a2aa8aa-5edc-4f5e-99ad-9332c6d3f836#77-t2, previous=(t:2, i:18), leaderCommit=14, initializing? false, entries: <empty>
2019-09-11 07:01:51,591 [java.util.concurrent.ThreadPoolExecutor$Worker@69be8af9[State = -1, empty queue]] WARN  server.GrpcLogAppender (GrpcLogAppender.java:timeoutAppendRequest(200)) - b366cd81-90f5-4f0e-8fa6-7e105a738d9d@group-5FF39CBF2ADF->e76620e4-5df3-481a-bd8d-e91ef558e102-GrpcLogAppender: appendEntries Timeout, request=b366cd81-90f5-4f0e-8fa6-7e105a738d9d->e76620e4-5df3-481a-bd8d-e91ef558e102#78-t2, previous=(t:2, i:20), leaderCommit=16, initializing? false, entries: <empty>
2019-09-11 07:01:51,603 [grpc-default-executor-2] WARN  server.GrpcLogAppender (LogUtils.java:warn(134)) - b366cd81-90f5-4f0e-8fa6-7e105a738d9d@group-5FF39CBF2ADF->c3336af5-ef91-4420-af01-c0c00dc6c530-AppendLogResponseHandler: Failed appendEntries: org.apache.ratis.thirdparty.io.grpc.StatusRuntimeException: UNAVAILABLE: io exception
2019-09-11 07:01:51,607 [grpc-default-executor-2] INFO  impl.FollowerInfo (FollowerInfo.java:lambda$new$0(51)) - b366cd81-90f5-4f0e-8fa6-7e105a738d9d@group-5FF39CBF2ADF->c3336af5-ef91-4420-af01-c0c00dc6c530: nextIndex: updateUnconditionally 5 -> 4
2019-09-11 07:01:51,981 [java.util.concurrent.ThreadPoolExecutor$Worker@77aa567a[State = -1, empty queue]] WARN  server.GrpcLogAppender (GrpcLogAppender.java:timeoutAppendRequest(200)) - 4523c126-f03b-4acb-be3e-4c406fe3aaad@group-7CDE87E80901->4a2aa8aa-5edc-4f5e-99ad-9332c6d3f836-GrpcLogAppender: appendEntries Timeout, request=4523c126-f03b-4acb-be3e-4c406fe3aaad->4a2aa8aa-5edc-4f5e-99ad-9332c6d3f836#78-t2, previous=(t:2, i:18), leaderCommit=14, initializing? false, entries: <empty>
2019-09-11 07:01:52,091 [java.util.concurrent.ThreadPoolExecutor$Worker@69be8af9[State = -1, empty queue]] WARN  server.GrpcLogAppender (GrpcLogAppender.java:timeoutAppendRequest(200)) - b366cd81-90f5-4f0e-8fa6-7e105a738d9d@group-5FF39CBF2ADF->e76620e4-5df3-481a-bd8d-e91ef558e102-GrpcLogAppender: appendEntries Timeout, request=b366cd81-90f5-4f0e-8fa6-7e105a738d9d->e76620e4-5df3-481a-bd8d-e91ef558e102#79-t2, previous=(t:2, i:20), leaderCommit=16, initializing? false, entries: <empty>
2019-09-11 07:01:52,103 [grpc-default-executor-0] WARN  server.GrpcLogAppender (LogUtils.java:warn(134)) - b366cd81-90f5-4f0e-8fa6-7e105a738d9d@group-5FF39CBF2ADF->c3336af5-ef91-4420-af01-c0c00dc6c530-AppendLogResponseHandler: Failed appendEntries: org.apache.ratis.thirdparty.io.grpc.StatusRuntimeException: UNAVAILABLE: io exception
2019-09-11 07:01:52,106 [grpc-default-executor-0] INFO  impl.FollowerInfo (FollowerInfo.java:lambda$new$0(51)) - b366cd81-90f5-4f0e-8fa6-7e105a738d9d@group-5FF39CBF2ADF->c3336af5-ef91-4420-af01-c0c00dc6c530: nextIndex: updateUnconditionally 4 -> 3
2019-09-11 07:01:52,481 [java.util.concurrent.ThreadPoolExecutor$Worker@77aa567a[State = -1, empty queue]] WARN  server.GrpcLogAppender (GrpcLogAppender.java:timeoutAppendRequest(200)) - 4523c126-f03b-4acb-be3e-4c406fe3aaad@group-7CDE87E80901->4a2aa8aa-5edc-4f5e-99ad-9332c6d3f836-GrpcLogAppender: appendEntries Timeout, request=4523c126-f03b-4acb-be3e-4c406fe3aaad->4a2aa8aa-5edc-4f5e-99ad-9332c6d3f836#79-t2, previous=(t:2, i:18), leaderCommit=14, initializing? false, entries: <empty>
2019-09-11 07:01:52,592 [java.util.concurrent.ThreadPoolExecutor$Worker@69be8af9[State = -1, empty queue]] WARN  server.GrpcLogAppender (GrpcLogAppender.java:timeoutAppendRequest(200)) - b366cd81-90f5-4f0e-8fa6-7e105a738d9d@group-5FF39CBF2ADF->e76620e4-5df3-481a-bd8d-e91ef558e102-GrpcLogAppender: appendEntries Timeout, request=b366cd81-90f5-4f0e-8fa6-7e105a738d9d->e76620e4-5df3-481a-bd8d-e91ef558e102#80-t2, previous=(t:2, i:20), leaderCommit=16, initializing? false, entries: <empty>
2019-09-11 07:01:52,604 [grpc-default-executor-2] WARN  server.GrpcLogAppender (LogUtils.java:warn(134)) - b366cd81-90f5-4f0e-8fa6-7e105a738d9d@group-5FF39CBF2ADF->c3336af5-ef91-4420-af01-c0c00dc6c530-AppendLogResponseHandler: Failed appendEntries: org.apache.ratis.thirdparty.io.grpc.StatusRuntimeException: UNAVAILABLE: io exception
2019-09-11 07:01:52,608 [grpc-default-executor-2] INFO  impl.FollowerInfo (FollowerInfo.java:lambda$new$0(51)) - b366cd81-90f5-4f0e-8fa6-7e105a738d9d@group-5FF39CBF2ADF->c3336af5-ef91-4420-af01-c0c00dc6c530: nextIndex: updateUnconditionally 3 -> 2
2019-09-11 07:01:52,982 [java.util.concurrent.ThreadPoolExecutor$Worker@77aa567a[State = -1, empty queue]] WARN  server.GrpcLogAppender (GrpcLogAppender.java:timeoutAppendRequest(200)) - 4523c126-f03b-4acb-be3e-4c406fe3aaad@group-7CDE87E80901->4a2aa8aa-5edc-4f5e-99ad-9332c6d3f836-GrpcLogAppender: appendEntries Timeout, request=4523c126-f03b-4acb-be3e-4c406fe3aaad->4a2aa8aa-5edc-4f5e-99ad-9332c6d3f836#80-t2, previous=(t:2, i:18), leaderCommit=14, initializing? false, entries: <empty>
2019-09-11 07:01:53,092 [java.util.concurrent.ThreadPoolExecutor$Worker@69be8af9[State = -1, empty queue]] WARN  server.GrpcLogAppender (GrpcLogAppender.java:timeoutAppendRequest(200)) - b366cd81-90f5-4f0e-8fa6-7e105a738d9d@group-5FF39CBF2ADF->e76620e4-5df3-481a-bd8d-e91ef558e102-GrpcLogAppender: appendEntries Timeout, request=b366cd81-90f5-4f0e-8fa6-7e105a738d9d->e76620e4-5df3-481a-bd8d-e91ef558e102#81-t2, previous=(t:2, i:20), leaderCommit=16, initializing? false, entries: <empty>
2019-09-11 07:01:53,104 [grpc-default-executor-2] WARN  server.GrpcLogAppender (LogUtils.java:warn(134)) - b366cd81-90f5-4f0e-8fa6-7e105a738d9d@group-5FF39CBF2ADF->c3336af5-ef91-4420-af01-c0c00dc6c530-AppendLogResponseHandler: Failed appendEntries: org.apache.ratis.thirdparty.io.grpc.StatusRuntimeException: UNAVAILABLE: io exception
2019-09-11 07:01:53,108 [grpc-default-executor-2] INFO  impl.FollowerInfo (FollowerInfo.java:lambda$new$0(51)) - b366cd81-90f5-4f0e-8fa6-7e105a738d9d@group-5FF39CBF2ADF->c3336af5-ef91-4420-af01-c0c00dc6c530: nextIndex: updateUnconditionally 2 -> 1
2019-09-11 07:01:53,482 [java.util.concurrent.ThreadPoolExecutor$Worker@77aa567a[State = -1, empty queue]] WARN  server.GrpcLogAppender (GrpcLogAppender.java:timeoutAppendRequest(200)) - 4523c126-f03b-4acb-be3e-4c406fe3aaad@group-7CDE87E80901->4a2aa8aa-5edc-4f5e-99ad-9332c6d3f836-GrpcLogAppender: appendEntries Timeout, request=4523c126-f03b-4acb-be3e-4c406fe3aaad->4a2aa8aa-5edc-4f5e-99ad-9332c6d3f836#81-t2, previous=(t:2, i:18), leaderCommit=14, initializing? false, entries: <empty>
2019-09-11 07:01:53,592 [java.util.concurrent.ThreadPoolExecutor$Worker@69be8af9[State = -1, empty queue]] WARN  server.GrpcLogAppender (GrpcLogAppender.java:timeoutAppendRequest(200)) - b366cd81-90f5-4f0e-8fa6-7e105a738d9d@group-5FF39CBF2ADF->e76620e4-5df3-481a-bd8d-e91ef558e102-GrpcLogAppender: appendEntries Timeout, request=b366cd81-90f5-4f0e-8fa6-7e105a738d9d->e76620e4-5df3-481a-bd8d-e91ef558e102#82-t2, previous=(t:2, i:20), leaderCommit=16, initializing? false, entries: <empty>
2019-09-11 07:01:53,606 [grpc-default-executor-0] WARN  server.GrpcLogAppender (LogUtils.java:warn(134)) - b366cd81-90f5-4f0e-8fa6-7e105a738d9d@group-5FF39CBF2ADF->c3336af5-ef91-4420-af01-c0c00dc6c530-AppendLogResponseHandler: Failed appendEntries: org.apache.ratis.thirdparty.io.grpc.StatusRuntimeException: UNAVAILABLE: io exception
2019-09-11 07:01:53,609 [grpc-default-executor-0] INFO  impl.FollowerInfo (FollowerInfo.java:lambda$new$0(51)) - b366cd81-90f5-4f0e-8fa6-7e105a738d9d@group-5FF39CBF2ADF->c3336af5-ef91-4420-af01-c0c00dc6c530: nextIndex: updateUnconditionally 1 -> 0
2019-09-11 07:01:53,983 [java.util.concurrent.ThreadPoolExecutor$Worker@77aa567a[State = -1, empty queue]] WARN  server.GrpcLogAppender (GrpcLogAppender.java:timeoutAppendRequest(200)) - 4523c126-f03b-4acb-be3e-4c406fe3aaad@group-7CDE87E80901->4a2aa8aa-5edc-4f5e-99ad-9332c6d3f836-GrpcLogAppender: appendEntries Timeout, request=4523c126-f03b-4acb-be3e-4c406fe3aaad->4a2aa8aa-5edc-4f5e-99ad-9332c6d3f836#82-t2, previous=(t:2, i:18), leaderCommit=14, initializing? false, entries: <empty>
2019-09-11 07:01:54,093 [java.util.concurrent.ThreadPoolExecutor$Worker@69be8af9[State = -1, empty queue]] WARN  server.GrpcLogAppender (GrpcLogAppender.java:timeoutAppendRequest(200)) - b366cd81-90f5-4f0e-8fa6-7e105a738d9d@group-5FF39CBF2ADF->e76620e4-5df3-481a-bd8d-e91ef558e102-GrpcLogAppender: appendEntries Timeout, request=b366cd81-90f5-4f0e-8fa6-7e105a738d9d->e76620e4-5df3-481a-bd8d-e91ef558e102#83-t2, previous=(t:2, i:20), leaderCommit=16, initializing? false, entries: <empty>
2019-09-11 07:01:54,108 [grpc-default-executor-1] WARN  server.GrpcLogAppender (LogUtils.java:warn(134)) - b366cd81-90f5-4f0e-8fa6-7e105a738d9d@group-5FF39CBF2ADF->c3336af5-ef91-4420-af01-c0c00dc6c530-AppendLogResponseHandler: Failed appendEntries: org.apache.ratis.thirdparty.io.grpc.StatusRuntimeException: UNAVAILABLE: io exception
2019-09-11 07:01:54,111 [grpc-default-executor-1] INFO  impl.FollowerInfo (FollowerInfo.java:lambda$new$0(51)) - b366cd81-90f5-4f0e-8fa6-7e105a738d9d@group-5FF39CBF2ADF->c3336af5-ef91-4420-af01-c0c00dc6c530: nextIndex: updateUnconditionally 0 -> 0
2019-09-11 07:01:54,484 [java.util.concurrent.ThreadPoolExecutor$Worker@77aa567a[State = -1, empty queue]] WARN  server.GrpcLogAppender (GrpcLogAppender.java:timeoutAppendRequest(200)) - 4523c126-f03b-4acb-be3e-4c406fe3aaad@group-7CDE87E80901->4a2aa8aa-5edc-4f5e-99ad-9332c6d3f836-GrpcLogAppender: appendEntries Timeout, request=4523c126-f03b-4acb-be3e-4c406fe3aaad->4a2aa8aa-5edc-4f5e-99ad-9332c6d3f836#83-t2, previous=(t:2, i:18), leaderCommit=14, initializing? false, entries: <empty>
2019-09-11 07:01:54,594 [java.util.concurrent.ThreadPoolExecutor$Worker@69be8af9[State = -1, empty queue]] WARN  server.GrpcLogAppender (GrpcLogAppender.java:timeoutAppendRequest(200)) - b366cd81-90f5-4f0e-8fa6-7e105a738d9d@group-5FF39CBF2ADF->e76620e4-5df3-481a-bd8d-e91ef558e102-GrpcLogAppender: appendEntries Timeout, request=b366cd81-90f5-4f0e-8fa6-7e105a738d9d->e76620e4-5df3-481a-bd8d-e91ef558e102#84-t2, previous=(t:2, i:20), leaderCommit=16, initializing? false, entries: <empty>
2019-09-11 07:01:54,608 [grpc-default-executor-0] WARN  server.GrpcLogAppender (LogUtils.java:warn(134)) - b366cd81-90f5-4f0e-8fa6-7e105a738d9d@group-5FF39CBF2ADF->c3336af5-ef91-4420-af01-c0c00dc6c530-AppendLogResponseHandler: Failed appendEntries: org.apache.ratis.thirdparty.io.grpc.StatusRuntimeException: UNAVAILABLE: io exception
2019-09-11 07:01:54,611 [grpc-default-executor-0] INFO  impl.FollowerInfo (FollowerInfo.java:lambda$new$0(51)) - b366cd81-90f5-4f0e-8fa6-7e105a738d9d@group-5FF39CBF2ADF->c3336af5-ef91-4420-af01-c0c00dc6c530: nextIndex: updateUnconditionally 0 -> 0
2019-09-11 07:01:54,984 [java.util.concurrent.ThreadPoolExecutor$Worker@77aa567a[State = -1, empty queue]] WARN  server.GrpcLogAppender (GrpcLogAppender.java:timeoutAppendRequest(200)) - 4523c126-f03b-4acb-be3e-4c406fe3aaad@group-7CDE87E80901->4a2aa8aa-5edc-4f5e-99ad-9332c6d3f836-GrpcLogAppender: appendEntries Timeout, request=4523c126-f03b-4acb-be3e-4c406fe3aaad->4a2aa8aa-5edc-4f5e-99ad-9332c6d3f836#84-t2, previous=(t:2, i:18), leaderCommit=14, initializing? false, entries: <empty>
2019-09-11 07:01:55,094 [java.util.concurrent.ThreadPoolExecutor$Worker@69be8af9[State = -1, empty queue]] WARN  server.GrpcLogAppender (GrpcLogAppender.java:timeoutAppendRequest(200)) - b366cd81-90f5-4f0e-8fa6-7e105a738d9d@group-5FF39CBF2ADF->e76620e4-5df3-481a-bd8d-e91ef558e102-GrpcLogAppender: appendEntries Timeout, request=b366cd81-90f5-4f0e-8fa6-7e105a738d9d->e76620e4-5df3-481a-bd8d-e91ef558e102#85-t2, previous=(t:2, i:20), leaderCommit=16, initializing? false, entries: <empty>
2019-09-11 07:01:55,135 [grpc-default-executor-2] WARN  server.GrpcLogAppender (LogUtils.java:warn(134)) - b366cd81-90f5-4f0e-8fa6-7e105a738d9d@group-5FF39CBF2ADF->c3336af5-ef91-4420-af01-c0c00dc6c530-AppendLogResponseHandler: Failed appendEntries: org.apache.ratis.thirdparty.io.grpc.StatusRuntimeException: UNAVAILABLE: io exception
2019-09-11 07:01:55,138 [grpc-default-executor-2] INFO  impl.FollowerInfo (FollowerInfo.java:lambda$new$0(51)) - b366cd81-90f5-4f0e-8fa6-7e105a738d9d@group-5FF39CBF2ADF->c3336af5-ef91-4420-af01-c0c00dc6c530: nextIndex: updateUnconditionally 0 -> 0
2019-09-11 07:01:55,473 [4523c126-f03b-4acb-be3e-4c406fe3aaad@group-7CDE87E80901-SegmentedRaftLogWorker] WARN  segmented.SegmentedRaftLogWorker (SegmentedRaftLogWorker.java:getFromFuture(90)) - Timeout 0/~
org.apache.ratis.protocol.TimeoutIOException: Timeout 10s: WriteLog:15: (t:2, i:15), STATEMACHINELOGENTRY, client-F0C20677607E, cid=53-writeStateMachineData
	at org.apache.ratis.util.IOUtils.getFromFuture(IOUtils.java:87)
	at org.apache.ratis.server.raftlog.segmented.SegmentedRaftLogWorker$StateMachineDataPolicy.getFromFuture(SegmentedRaftLogWorker.java:87)
	at org.apache.ratis.server.raftlog.segmented.SegmentedRaftLogWorker$WriteLog.execute(SegmentedRaftLogWorker.java:477)
	at org.apache.ratis.server.raftlog.segmented.SegmentedRaftLogWorker.run(SegmentedRaftLogWorker.java:289)
	at java.lang.Thread.run(Thread.java:748)
Caused by: java.util.concurrent.TimeoutException
	at java.util.concurrent.CompletableFuture.timedGet(CompletableFuture.java:1771)
	at java.util.concurrent.CompletableFuture.get(CompletableFuture.java:1915)
	at org.apache.ratis.util.IOUtils.getFromFuture(IOUtils.java:79)
	... 4 more
2019-09-11 07:01:55,478 [4a2aa8aa-5edc-4f5e-99ad-9332c6d3f836@group-7CDE87E80901-SegmentedRaftLogWorker] WARN  segmented.SegmentedRaftLogWorker (SegmentedRaftLogWorker.java:getFromFuture(90)) - Timeout 0/~
org.apache.ratis.protocol.TimeoutIOException: Timeout 10s: WriteLog:15: (t:2, i:15), STATEMACHINELOGENTRY, client-F0C20677607E, cid=53-writeStateMachineData
	at org.apache.ratis.util.IOUtils.getFromFuture(IOUtils.java:87)
	at org.apache.ratis.server.raftlog.segmented.SegmentedRaftLogWorker$StateMachineDataPolicy.getFromFuture(SegmentedRaftLogWorker.java:87)
	at org.apache.ratis.server.raftlog.segmented.SegmentedRaftLogWorker$WriteLog.execute(SegmentedRaftLogWorker.java:477)
	at org.apache.ratis.server.raftlog.segmented.SegmentedRaftLogWorker.run(SegmentedRaftLogWorker.java:289)
	at java.lang.Thread.run(Thread.java:748)
Caused by: java.util.concurrent.TimeoutException
	at java.util.concurrent.CompletableFuture.timedGet(CompletableFuture.java:1771)
	at java.util.concurrent.CompletableFuture.get(CompletableFuture.java:1915)
	at org.apache.ratis.util.IOUtils.getFromFuture(IOUtils.java:79)
	... 4 more
2019-09-11 07:01:55,484 [java.util.concurrent.ThreadPoolExecutor$Worker@77aa567a[State = -1, empty queue]] WARN  server.GrpcLogAppender (GrpcLogAppender.java:timeoutAppendRequest(200)) - 4523c126-f03b-4acb-be3e-4c406fe3aaad@group-7CDE87E80901->4a2aa8aa-5edc-4f5e-99ad-9332c6d3f836-GrpcLogAppender: appendEntries Timeout, request=4523c126-f03b-4acb-be3e-4c406fe3aaad->4a2aa8aa-5edc-4f5e-99ad-9332c6d3f836#85-t2, previous=(t:2, i:18), leaderCommit=14, initializing? false, entries: <empty>
2019-09-11 07:01:55,557 [grpc-default-executor-1] INFO  client.GrpcClientProtocolClient (GrpcClientProtocolClient.java:onNext(264)) - client-F0C20677607E->42626b9b-ed01-4037-9282-5fe073f296c6: receive RaftClientReply:client-F0C20677607E->42626b9b-ed01-4037-9282-5fe073f296c6@group-7CDE87E80901, cid=53, FAILED org.apache.ratis.protocol.NotLeaderException: Server 42626b9b-ed01-4037-9282-5fe073f296c6@group-7CDE87E80901 is not the leader 4523c126-f03b-4acb-be3e-4c406fe3aaad:192.168.5.143:34504, logIndex=0, commits[42626b9b-ed01-4037-9282-5fe073f296c6:c14, 4523c126-f03b-4acb-be3e-4c406fe3aaad:c14, 4a2aa8aa-5edc-4f5e-99ad-9332c6d3f836:c12]
2019-09-11 07:01:55,594 [java.util.concurrent.ThreadPoolExecutor$Worker@69be8af9[State = -1, empty queue]] WARN  server.GrpcLogAppender (GrpcLogAppender.java:timeoutAppendRequest(200)) - b366cd81-90f5-4f0e-8fa6-7e105a738d9d@group-5FF39CBF2ADF->e76620e4-5df3-481a-bd8d-e91ef558e102-GrpcLogAppender: appendEntries Timeout, request=b366cd81-90f5-4f0e-8fa6-7e105a738d9d->e76620e4-5df3-481a-bd8d-e91ef558e102#86-t2, previous=(t:2, i:20), leaderCommit=16, initializing? false, entries: <empty>
2019-09-11 07:01:55,610 [grpc-default-executor-0] WARN  server.GrpcLogAppender (LogUtils.java:warn(134)) - b366cd81-90f5-4f0e-8fa6-7e105a738d9d@group-5FF39CBF2ADF->c3336af5-ef91-4420-af01-c0c00dc6c530-AppendLogResponseHandler: Failed appendEntries: org.apache.ratis.thirdparty.io.grpc.StatusRuntimeException: UNAVAILABLE: io exception
2019-09-11 07:01:55,614 [grpc-default-executor-0] INFO  impl.FollowerInfo (FollowerInfo.java:lambda$new$0(51)) - b366cd81-90f5-4f0e-8fa6-7e105a738d9d@group-5FF39CBF2ADF->c3336af5-ef91-4420-af01-c0c00dc6c530: nextIndex: updateUnconditionally 0 -> 0
2019-09-11 07:01:55,984 [java.util.concurrent.ThreadPoolExecutor$Worker@77aa567a[State = -1, empty queue]] WARN  server.GrpcLogAppender (GrpcLogAppender.java:timeoutAppendRequest(200)) - 4523c126-f03b-4acb-be3e-4c406fe3aaad@group-7CDE87E80901->4a2aa8aa-5edc-4f5e-99ad-9332c6d3f836-GrpcLogAppender: appendEntries Timeout, request=4523c126-f03b-4acb-be3e-4c406fe3aaad->4a2aa8aa-5edc-4f5e-99ad-9332c6d3f836#86-t2, previous=(t:2, i:18), leaderCommit=14, initializing? false, entries: <empty>
2019-09-11 07:01:56,095 [java.util.concurrent.ThreadPoolExecutor$Worker@69be8af9[State = -1, empty queue]] WARN  server.GrpcLogAppender (GrpcLogAppender.java:timeoutAppendRequest(200)) - b366cd81-90f5-4f0e-8fa6-7e105a738d9d@group-5FF39CBF2ADF->e76620e4-5df3-481a-bd8d-e91ef558e102-GrpcLogAppender: appendEntries Timeout, request=b366cd81-90f5-4f0e-8fa6-7e105a738d9d->e76620e4-5df3-481a-bd8d-e91ef558e102#87-t2, previous=(t:2, i:20), leaderCommit=16, initializing? false, entries: <empty>
2019-09-11 07:01:56,113 [grpc-default-executor-1] WARN  server.GrpcLogAppender (LogUtils.java:warn(134)) - b366cd81-90f5-4f0e-8fa6-7e105a738d9d@group-5FF39CBF2ADF->c3336af5-ef91-4420-af01-c0c00dc6c530-AppendLogResponseHandler: Failed appendEntries: org.apache.ratis.thirdparty.io.grpc.StatusRuntimeException: UNAVAILABLE: io exception
2019-09-11 07:01:56,120 [grpc-default-executor-1] INFO  impl.FollowerInfo (FollowerInfo.java:lambda$new$0(51)) - b366cd81-90f5-4f0e-8fa6-7e105a738d9d@group-5FF39CBF2ADF->c3336af5-ef91-4420-af01-c0c00dc6c530: nextIndex: updateUnconditionally 0 -> 0
2019-09-11 07:01:56,484 [java.util.concurrent.ThreadPoolExecutor$Worker@77aa567a[State = -1, empty queue]] WARN  server.GrpcLogAppender (GrpcLogAppender.java:timeoutAppendRequest(200)) - 4523c126-f03b-4acb-be3e-4c406fe3aaad@group-7CDE87E80901->4a2aa8aa-5edc-4f5e-99ad-9332c6d3f836-GrpcLogAppender: appendEntries Timeout, request=4523c126-f03b-4acb-be3e-4c406fe3aaad->4a2aa8aa-5edc-4f5e-99ad-9332c6d3f836#87-t2, previous=(t:2, i:18), leaderCommit=14, initializing? false, entries: <empty>
2019-09-11 07:01:56,595 [java.util.concurrent.ThreadPoolExecutor$Worker@69be8af9[State = -1, empty queue]] WARN  server.GrpcLogAppender (GrpcLogAppender.java:timeoutAppendRequest(200)) - b366cd81-90f5-4f0e-8fa6-7e105a738d9d@group-5FF39CBF2ADF->e76620e4-5df3-481a-bd8d-e91ef558e102-GrpcLogAppender: appendEntries Timeout, request=b366cd81-90f5-4f0e-8fa6-7e105a738d9d->e76620e4-5df3-481a-bd8d-e91ef558e102#88-t2, previous=(t:2, i:20), leaderCommit=16, initializing? false, entries: <empty>
2019-09-11 07:01:56,614 [grpc-default-executor-2] WARN  server.GrpcLogAppender (LogUtils.java:warn(134)) - b366cd81-90f5-4f0e-8fa6-7e105a738d9d@group-5FF39CBF2ADF->c3336af5-ef91-4420-af01-c0c00dc6c530-AppendLogResponseHandler: Failed appendEntries: org.apache.ratis.thirdparty.io.grpc.StatusRuntimeException: UNAVAILABLE: io exception
2019-09-11 07:01:56,618 [grpc-default-executor-2] INFO  impl.FollowerInfo (FollowerInfo.java:lambda$new$0(51)) - b366cd81-90f5-4f0e-8fa6-7e105a738d9d@group-5FF39CBF2ADF->c3336af5-ef91-4420-af01-c0c00dc6c530: nextIndex: updateUnconditionally 0 -> 0
2019-09-11 07:01:56,985 [java.util.concurrent.ThreadPoolExecutor$Worker@77aa567a[State = -1, empty queue]] WARN  server.GrpcLogAppender (GrpcLogAppender.java:timeoutAppendRequest(200)) - 4523c126-f03b-4acb-be3e-4c406fe3aaad@group-7CDE87E80901->4a2aa8aa-5edc-4f5e-99ad-9332c6d3f836-GrpcLogAppender: appendEntries Timeout, request=4523c126-f03b-4acb-be3e-4c406fe3aaad->4a2aa8aa-5edc-4f5e-99ad-9332c6d3f836#88-t2, previous=(t:2, i:18), leaderCommit=14, initializing? false, entries: <empty>
2019-09-11 07:01:57,095 [java.util.concurrent.ThreadPoolExecutor$Worker@69be8af9[State = -1, empty queue]] WARN  server.GrpcLogAppender (GrpcLogAppender.java:timeoutAppendRequest(200)) - b366cd81-90f5-4f0e-8fa6-7e105a738d9d@group-5FF39CBF2ADF->e76620e4-5df3-481a-bd8d-e91ef558e102-GrpcLogAppender: appendEntries Timeout, request=b366cd81-90f5-4f0e-8fa6-7e105a738d9d->e76620e4-5df3-481a-bd8d-e91ef558e102#89-t2, previous=(t:2, i:20), leaderCommit=16, initializing? false, entries: <empty>
2019-09-11 07:01:57,116 [grpc-default-executor-0] WARN  server.GrpcLogAppender (LogUtils.java:warn(134)) - b366cd81-90f5-4f0e-8fa6-7e105a738d9d@group-5FF39CBF2ADF->c3336af5-ef91-4420-af01-c0c00dc6c530-AppendLogResponseHandler: Failed appendEntries: org.apache.ratis.thirdparty.io.grpc.StatusRuntimeException: UNAVAILABLE: io exception
2019-09-11 07:01:57,131 [grpc-default-executor-0] INFO  impl.FollowerInfo (FollowerInfo.java:lambda$new$0(51)) - b366cd81-90f5-4f0e-8fa6-7e105a738d9d@group-5FF39CBF2ADF->c3336af5-ef91-4420-af01-c0c00dc6c530: nextIndex: updateUnconditionally 0 -> 0
2019-09-11 07:01:57,485 [java.util.concurrent.ThreadPoolExecutor$Worker@77aa567a[State = -1, empty queue]] WARN  server.GrpcLogAppender (GrpcLogAppender.java:timeoutAppendRequest(200)) - 4523c126-f03b-4acb-be3e-4c406fe3aaad@group-7CDE87E80901->4a2aa8aa-5edc-4f5e-99ad-9332c6d3f836-GrpcLogAppender: appendEntries Timeout, request=4523c126-f03b-4acb-be3e-4c406fe3aaad->4a2aa8aa-5edc-4f5e-99ad-9332c6d3f836#89-t2, previous=(t:2, i:18), leaderCommit=14, initializing? false, entries: <empty>
2019-09-11 07:01:57,596 [java.util.concurrent.ThreadPoolExecutor$Worker@69be8af9[State = -1, empty queue]] WARN  server.GrpcLogAppender (GrpcLogAppender.java:timeoutAppendRequest(200)) - b366cd81-90f5-4f0e-8fa6-7e105a738d9d@group-5FF39CBF2ADF->e76620e4-5df3-481a-bd8d-e91ef558e102-GrpcLogAppender: appendEntries Timeout, request=b366cd81-90f5-4f0e-8fa6-7e105a738d9d->e76620e4-5df3-481a-bd8d-e91ef558e102#90-t2, previous=(t:2, i:20), leaderCommit=16, initializing? false, entries: <empty>
2019-09-11 07:01:57,616 [grpc-default-executor-2] WARN  server.GrpcLogAppender (LogUtils.java:warn(134)) - b366cd81-90f5-4f0e-8fa6-7e105a738d9d@group-5FF39CBF2ADF->c3336af5-ef91-4420-af01-c0c00dc6c530-AppendLogResponseHandler: Failed appendEntries: org.apache.ratis.thirdparty.io.grpc.StatusRuntimeException: UNAVAILABLE: io exception
2019-09-11 07:01:57,617 [grpc-default-executor-2] INFO  impl.FollowerInfo (FollowerInfo.java:lambda$new$0(51)) - b366cd81-90f5-4f0e-8fa6-7e105a738d9d@group-5FF39CBF2ADF->c3336af5-ef91-4420-af01-c0c00dc6c530: nextIndex: updateUnconditionally 0 -> 0
2019-09-11 07:01:57,986 [java.util.concurrent.ThreadPoolExecutor$Worker@77aa567a[State = -1, empty queue]] WARN  server.GrpcLogAppender (GrpcLogAppender.java:timeoutAppendRequest(200)) - 4523c126-f03b-4acb-be3e-4c406fe3aaad@group-7CDE87E80901->4a2aa8aa-5edc-4f5e-99ad-9332c6d3f836-GrpcLogAppender: appendEntries Timeout, request=4523c126-f03b-4acb-be3e-4c406fe3aaad->4a2aa8aa-5edc-4f5e-99ad-9332c6d3f836#90-t2, previous=(t:2, i:18), leaderCommit=14, initializing? false, entries: <empty>
2019-09-11 07:01:58,096 [java.util.concurrent.ThreadPoolExecutor$Worker@69be8af9[State = -1, empty queue]] WARN  server.GrpcLogAppender (GrpcLogAppender.java:timeoutAppendRequest(200)) - b366cd81-90f5-4f0e-8fa6-7e105a738d9d@group-5FF39CBF2ADF->e76620e4-5df3-481a-bd8d-e91ef558e102-GrpcLogAppender: appendEntries Timeout, request=b366cd81-90f5-4f0e-8fa6-7e105a738d9d->e76620e4-5df3-481a-bd8d-e91ef558e102#91-t2, previous=(t:2, i:20), leaderCommit=16, initializing? false, entries: <empty>
2019-09-11 07:01:58,117 [grpc-default-executor-1] WARN  server.GrpcLogAppender (LogUtils.java:warn(134)) - b366cd81-90f5-4f0e-8fa6-7e105a738d9d@group-5FF39CBF2ADF->c3336af5-ef91-4420-af01-c0c00dc6c530-AppendLogResponseHandler: Failed appendEntries: org.apache.ratis.thirdparty.io.grpc.StatusRuntimeException: UNAVAILABLE: io exception
2019-09-11 07:01:58,118 [grpc-default-executor-1] INFO  impl.FollowerInfo (FollowerInfo.java:lambda$new$0(51)) - b366cd81-90f5-4f0e-8fa6-7e105a738d9d@group-5FF39CBF2ADF->c3336af5-ef91-4420-af01-c0c00dc6c530: nextIndex: updateUnconditionally 0 -> 0
2019-09-11 07:01:58,486 [java.util.concurrent.ThreadPoolExecutor$Worker@77aa567a[State = -1, empty queue]] WARN  server.GrpcLogAppender (GrpcLogAppender.java:timeoutAppendRequest(200)) - 4523c126-f03b-4acb-be3e-4c406fe3aaad@group-7CDE87E80901->4a2aa8aa-5edc-4f5e-99ad-9332c6d3f836-GrpcLogAppender: appendEntries Timeout, request=4523c126-f03b-4acb-be3e-4c406fe3aaad->4a2aa8aa-5edc-4f5e-99ad-9332c6d3f836#91-t2, previous=(t:2, i:18), leaderCommit=14, initializing? false, entries: <empty>
2019-09-11 07:01:58,596 [java.util.concurrent.ThreadPoolExecutor$Worker@69be8af9[State = -1, empty queue]] WARN  server.GrpcLogAppender (GrpcLogAppender.java:timeoutAppendRequest(200)) - b366cd81-90f5-4f0e-8fa6-7e105a738d9d@group-5FF39CBF2ADF->e76620e4-5df3-481a-bd8d-e91ef558e102-GrpcLogAppender: appendEntries Timeout, request=b366cd81-90f5-4f0e-8fa6-7e105a738d9d->e76620e4-5df3-481a-bd8d-e91ef558e102#92-t2, previous=(t:2, i:20), leaderCommit=16, initializing? false, entries: <empty>
2019-09-11 07:01:58,619 [grpc-default-executor-0] WARN  server.GrpcLogAppender (LogUtils.java:warn(134)) - b366cd81-90f5-4f0e-8fa6-7e105a738d9d@group-5FF39CBF2ADF->c3336af5-ef91-4420-af01-c0c00dc6c530-AppendLogResponseHandler: Failed appendEntries: org.apache.ratis.thirdparty.io.grpc.StatusRuntimeException: UNAVAILABLE: io exception
2019-09-11 07:01:58,619 [grpc-default-executor-0] INFO  impl.FollowerInfo (FollowerInfo.java:lambda$new$0(51)) - b366cd81-90f5-4f0e-8fa6-7e105a738d9d@group-5FF39CBF2ADF->c3336af5-ef91-4420-af01-c0c00dc6c530: nextIndex: updateUnconditionally 0 -> 0
2019-09-11 07:01:58,987 [java.util.concurrent.ThreadPoolExecutor$Worker@77aa567a[State = -1, empty queue]] WARN  server.GrpcLogAppender (GrpcLogAppender.java:timeoutAppendRequest(200)) - 4523c126-f03b-4acb-be3e-4c406fe3aaad@group-7CDE87E80901->4a2aa8aa-5edc-4f5e-99ad-9332c6d3f836-GrpcLogAppender: appendEntries Timeout, request=4523c126-f03b-4acb-be3e-4c406fe3aaad->4a2aa8aa-5edc-4f5e-99ad-9332c6d3f836#92-t2, previous=(t:2, i:18), leaderCommit=14, initializing? false, entries: <empty>
2019-09-11 07:01:59,097 [java.util.concurrent.ThreadPoolExecutor$Worker@69be8af9[State = -1, empty queue]] WARN  server.GrpcLogAppender (GrpcLogAppender.java:timeoutAppendRequest(200)) - b366cd81-90f5-4f0e-8fa6-7e105a738d9d@group-5FF39CBF2ADF->e76620e4-5df3-481a-bd8d-e91ef558e102-GrpcLogAppender: appendEntries Timeout, request=b366cd81-90f5-4f0e-8fa6-7e105a738d9d->e76620e4-5df3-481a-bd8d-e91ef558e102#93-t2, previous=(t:2, i:20), leaderCommit=16, initializing? false, entries: <empty>
2019-09-11 07:01:59,120 [grpc-default-executor-1] WARN  server.GrpcLogAppender (LogUtils.java:warn(134)) - b366cd81-90f5-4f0e-8fa6-7e105a738d9d@group-5FF39CBF2ADF->c3336af5-ef91-4420-af01-c0c00dc6c530-AppendLogResponseHandler: Failed appendEntries: org.apache.ratis.thirdparty.io.grpc.StatusRuntimeException: UNAVAILABLE: io exception
2019-09-11 07:01:59,121 [grpc-default-executor-1] INFO  impl.FollowerInfo (FollowerInfo.java:lambda$new$0(51)) - b366cd81-90f5-4f0e-8fa6-7e105a738d9d@group-5FF39CBF2ADF->c3336af5-ef91-4420-af01-c0c00dc6c530: nextIndex: updateUnconditionally 0 -> 0
2019-09-11 07:01:59,487 [java.util.concurrent.ThreadPoolExecutor$Worker@77aa567a[State = -1, empty queue]] WARN  server.GrpcLogAppender (GrpcLogAppender.java:timeoutAppendRequest(200)) - 4523c126-f03b-4acb-be3e-4c406fe3aaad@group-7CDE87E80901->4a2aa8aa-5edc-4f5e-99ad-9332c6d3f836-GrpcLogAppender: appendEntries Timeout, request=4523c126-f03b-4acb-be3e-4c406fe3aaad->4a2aa8aa-5edc-4f5e-99ad-9332c6d3f836#93-t2, previous=(t:2, i:18), leaderCommit=14, initializing? false, entries: <empty>
2019-09-11 07:01:59,597 [java.util.concurrent.ThreadPoolExecutor$Worker@69be8af9[State = -1, empty queue]] WARN  server.GrpcLogAppender (GrpcLogAppender.java:timeoutAppendRequest(200)) - b366cd81-90f5-4f0e-8fa6-7e105a738d9d@group-5FF39CBF2ADF->e76620e4-5df3-481a-bd8d-e91ef558e102-GrpcLogAppender: appendEntries Timeout, request=b366cd81-90f5-4f0e-8fa6-7e105a738d9d->e76620e4-5df3-481a-bd8d-e91ef558e102#94-t2, previous=(t:2, i:20), leaderCommit=16, initializing? false, entries: <empty>
2019-09-11 07:01:59,621 [grpc-default-executor-1] WARN  server.GrpcLogAppender (LogUtils.java:warn(134)) - b366cd81-90f5-4f0e-8fa6-7e105a738d9d@group-5FF39CBF2ADF->c3336af5-ef91-4420-af01-c0c00dc6c530-AppendLogResponseHandler: Failed appendEntries: org.apache.ratis.thirdparty.io.grpc.StatusRuntimeException: UNAVAILABLE: io exception
2019-09-11 07:01:59,621 [grpc-default-executor-1] INFO  impl.FollowerInfo (FollowerInfo.java:lambda$new$0(51)) - b366cd81-90f5-4f0e-8fa6-7e105a738d9d@group-5FF39CBF2ADF->c3336af5-ef91-4420-af01-c0c00dc6c530: nextIndex: updateUnconditionally 0 -> 0
2019-09-11 07:01:59,987 [java.util.concurrent.ThreadPoolExecutor$Worker@77aa567a[State = -1, empty queue]] WARN  server.GrpcLogAppender (GrpcLogAppender.java:timeoutAppendRequest(200)) - 4523c126-f03b-4acb-be3e-4c406fe3aaad@group-7CDE87E80901->4a2aa8aa-5edc-4f5e-99ad-9332c6d3f836-GrpcLogAppender: appendEntries Timeout, request=4523c126-f03b-4acb-be3e-4c406fe3aaad->4a2aa8aa-5edc-4f5e-99ad-9332c6d3f836#94-t2, previous=(t:2, i:18), leaderCommit=14, initializing? false, entries: <empty>
2019-09-11 07:02:00,098 [java.util.concurrent.ThreadPoolExecutor$Worker@69be8af9[State = -1, empty queue]] WARN  server.GrpcLogAppender (GrpcLogAppender.java:timeoutAppendRequest(200)) - b366cd81-90f5-4f0e-8fa6-7e105a738d9d@group-5FF39CBF2ADF->e76620e4-5df3-481a-bd8d-e91ef558e102-GrpcLogAppender: appendEntries Timeout, request=b366cd81-90f5-4f0e-8fa6-7e105a738d9d->e76620e4-5df3-481a-bd8d-e91ef558e102#95-t2, previous=(t:2, i:20), leaderCommit=16, initializing? false, entries: <empty>
2019-09-11 07:02:00,122 [grpc-default-executor-2] WARN  server.GrpcLogAppender (LogUtils.java:warn(134)) - b366cd81-90f5-4f0e-8fa6-7e105a738d9d@group-5FF39CBF2ADF->c3336af5-ef91-4420-af01-c0c00dc6c530-AppendLogResponseHandler: Failed appendEntries: org.apache.ratis.thirdparty.io.grpc.StatusRuntimeException: UNAVAILABLE: io exception
2019-09-11 07:02:00,127 [grpc-default-executor-2] INFO  impl.FollowerInfo (FollowerInfo.java:lambda$new$0(51)) - b366cd81-90f5-4f0e-8fa6-7e105a738d9d@group-5FF39CBF2ADF->c3336af5-ef91-4420-af01-c0c00dc6c530: nextIndex: updateUnconditionally 0 -> 0
2019-09-11 07:02:00,487 [java.util.concurrent.ThreadPoolExecutor$Worker@77aa567a[State = -1, empty queue]] WARN  server.GrpcLogAppender (GrpcLogAppender.java:timeoutAppendRequest(200)) - 4523c126-f03b-4acb-be3e-4c406fe3aaad@group-7CDE87E80901->4a2aa8aa-5edc-4f5e-99ad-9332c6d3f836-GrpcLogAppender: appendEntries Timeout, request=4523c126-f03b-4acb-be3e-4c406fe3aaad->4a2aa8aa-5edc-4f5e-99ad-9332c6d3f836#95-t2, previous=(t:2, i:18), leaderCommit=14, initializing? false, entries: <empty>
2019-09-11 07:02:00,600 [java.util.concurrent.ThreadPoolExecutor$Worker@69be8af9[State = -1, empty queue]] WARN  server.GrpcLogAppender (GrpcLogAppender.java:timeoutAppendRequest(200)) - b366cd81-90f5-4f0e-8fa6-7e105a738d9d@group-5FF39CBF2ADF->e76620e4-5df3-481a-bd8d-e91ef558e102-GrpcLogAppender: appendEntries Timeout, request=b366cd81-90f5-4f0e-8fa6-7e105a738d9d->e76620e4-5df3-481a-bd8d-e91ef558e102#96-t2, previous=(t:2, i:20), leaderCommit=16, initializing? false, entries: <empty>
2019-09-11 07:02:00,623 [grpc-default-executor-0] INFO  client.GrpcClientProtocolClient (GrpcClientProtocolClient.java:onNext(264)) - client-F0C20677607E->42626b9b-ed01-4037-9282-5fe073f296c6: receive RaftClientReply:client-F0C20677607E->42626b9b-ed01-4037-9282-5fe073f296c6@group-7CDE87E80901, cid=53, FAILED org.apache.ratis.protocol.NotLeaderException: Server 42626b9b-ed01-4037-9282-5fe073f296c6@group-7CDE87E80901 is not the leader 4523c126-f03b-4acb-be3e-4c406fe3aaad:192.168.5.143:34504, logIndex=0, commits[42626b9b-ed01-4037-9282-5fe073f296c6:c14, 4523c126-f03b-4acb-be3e-4c406fe3aaad:c14, 4a2aa8aa-5edc-4f5e-99ad-9332c6d3f836:c12]
2019-09-11 07:02:00,635 [grpc-default-executor-3] WARN  server.GrpcLogAppender (LogUtils.java:warn(134)) - b366cd81-90f5-4f0e-8fa6-7e105a738d9d@group-5FF39CBF2ADF->c3336af5-ef91-4420-af01-c0c00dc6c530-AppendLogResponseHandler: Failed appendEntries: org.apache.ratis.thirdparty.io.grpc.StatusRuntimeException: UNAVAILABLE: io exception
2019-09-11 07:02:00,636 [grpc-default-executor-3] INFO  impl.FollowerInfo (FollowerInfo.java:lambda$new$0(51)) - b366cd81-90f5-4f0e-8fa6-7e105a738d9d@group-5FF39CBF2ADF->c3336af5-ef91-4420-af01-c0c00dc6c530: nextIndex: updateUnconditionally 0 -> 0
2019-09-11 07:02:00,988 [java.util.concurrent.ThreadPoolExecutor$Worker@77aa567a[State = -1, empty queue]] WARN  server.GrpcLogAppender (GrpcLogAppender.java:timeoutAppendRequest(200)) - 4523c126-f03b-4acb-be3e-4c406fe3aaad@group-7CDE87E80901->4a2aa8aa-5edc-4f5e-99ad-9332c6d3f836-GrpcLogAppender: appendEntries Timeout, request=4523c126-f03b-4acb-be3e-4c406fe3aaad->4a2aa8aa-5edc-4f5e-99ad-9332c6d3f836#96-t2, previous=(t:2, i:18), leaderCommit=14, initializing? false, entries: <empty>
2019-09-11 07:02:01,098 [java.util.concurrent.ThreadPoolExecutor$Worker@69be8af9[State = -1, empty queue]] WARN  server.GrpcLogAppender (GrpcLogAppender.java:timeoutAppendRequest(200)) - b366cd81-90f5-4f0e-8fa6-7e105a738d9d@group-5FF39CBF2ADF->e76620e4-5df3-481a-bd8d-e91ef558e102-GrpcLogAppender: appendEntries Timeout, request=b366cd81-90f5-4f0e-8fa6-7e105a738d9d->e76620e4-5df3-481a-bd8d-e91ef558e102#97-t2, previous=(t:2, i:20), leaderCommit=16, initializing? false, entries: <empty>
2019-09-11 07:02:01,124 [grpc-default-executor-1] WARN  server.GrpcLogAppender (LogUtils.java:warn(134)) - b366cd81-90f5-4f0e-8fa6-7e105a738d9d@group-5FF39CBF2ADF->c3336af5-ef91-4420-af01-c0c00dc6c530-AppendLogResponseHandler: Failed appendEntries: org.apache.ratis.thirdparty.io.grpc.StatusRuntimeException: UNAVAILABLE: io exception
2019-09-11 07:02:01,125 [grpc-default-executor-1] INFO  impl.FollowerInfo (FollowerInfo.java:lambda$new$0(51)) - b366cd81-90f5-4f0e-8fa6-7e105a738d9d@group-5FF39CBF2ADF->c3336af5-ef91-4420-af01-c0c00dc6c530: nextIndex: updateUnconditionally 0 -> 0
2019-09-11 07:02:01,138 [b366cd81-90f5-4f0e-8fa6-7e105a738d9d@group-5FF39CBF2ADF-SegmentedRaftLogWorker] WARN  segmented.SegmentedRaftLogWorker (SegmentedRaftLogWorker.java:getFromFuture(90)) - Timeout 3/~
org.apache.ratis.protocol.TimeoutIOException: Timeout 10s: WriteLog:19: (t:2, i:19), STATEMACHINELOGENTRY, client-FA9E6D659E8E, cid=41-writeStateMachineData
	at org.apache.ratis.util.IOUtils.getFromFuture(IOUtils.java:87)
	at org.apache.ratis.server.raftlog.segmented.SegmentedRaftLogWorker$StateMachineDataPolicy.getFromFuture(SegmentedRaftLogWorker.java:87)
	at org.apache.ratis.server.raftlog.segmented.SegmentedRaftLogWorker$WriteLog.execute(SegmentedRaftLogWorker.java:477)
	at org.apache.ratis.server.raftlog.segmented.SegmentedRaftLogWorker.run(SegmentedRaftLogWorker.java:289)
	at java.lang.Thread.run(Thread.java:748)
Caused by: java.util.concurrent.TimeoutException
	at java.util.concurrent.CompletableFuture.timedGet(CompletableFuture.java:1771)
	at java.util.concurrent.CompletableFuture.get(CompletableFuture.java:1915)
	at org.apache.ratis.util.IOUtils.getFromFuture(IOUtils.java:79)
	... 4 more
2019-09-11 07:02:01,138 [e76620e4-5df3-481a-bd8d-e91ef558e102@group-5FF39CBF2ADF-SegmentedRaftLogWorker] WARN  segmented.SegmentedRaftLogWorker (SegmentedRaftLogWorker.java:getFromFuture(90)) - Timeout 3/~
org.apache.ratis.protocol.TimeoutIOException: Timeout 10s: WriteLog:19: (t:2, i:19), STATEMACHINELOGENTRY, client-FA9E6D659E8E, cid=41-writeStateMachineData
	at org.apache.ratis.util.IOUtils.getFromFuture(IOUtils.java:87)
	at org.apache.ratis.server.raftlog.segmented.SegmentedRaftLogWorker$StateMachineDataPolicy.getFromFuture(SegmentedRaftLogWorker.java:87)
	at org.apache.ratis.server.raftlog.segmented.SegmentedRaftLogWorker$WriteLog.execute(SegmentedRaftLogWorker.java:477)
	at org.apache.ratis.server.raftlog.segmented.SegmentedRaftLogWorker.run(SegmentedRaftLogWorker.java:289)
	at java.lang.Thread.run(Thread.java:748)
Caused by: java.util.concurrent.TimeoutException
	at java.util.concurrent.CompletableFuture.timedGet(CompletableFuture.java:1771)
	at java.util.concurrent.CompletableFuture.get(CompletableFuture.java:1915)
	at org.apache.ratis.util.IOUtils.getFromFuture(IOUtils.java:79)
	... 4 more
2019-09-11 07:02:01,489 [java.util.concurrent.ThreadPoolExecutor$Worker@77aa567a[State = -1, empty queue]] WARN  server.GrpcLogAppender (GrpcLogAppender.java:timeoutAppendRequest(200)) - 4523c126-f03b-4acb-be3e-4c406fe3aaad@group-7CDE87E80901->4a2aa8aa-5edc-4f5e-99ad-9332c6d3f836-GrpcLogAppender: appendEntries Timeout, request=4523c126-f03b-4acb-be3e-4c406fe3aaad->4a2aa8aa-5edc-4f5e-99ad-9332c6d3f836#97-t2, previous=(t:2, i:18), leaderCommit=14, initializing? false, entries: <empty>
2019-09-11 07:02:01,599 [java.util.concurrent.ThreadPoolExecutor$Worker@69be8af9[State = -1, empty queue]] WARN  server.GrpcLogAppender (GrpcLogAppender.java:timeoutAppendRequest(200)) - b366cd81-90f5-4f0e-8fa6-7e105a738d9d@group-5FF39CBF2ADF->e76620e4-5df3-481a-bd8d-e91ef558e102-GrpcLogAppender: appendEntries Timeout, request=b366cd81-90f5-4f0e-8fa6-7e105a738d9d->e76620e4-5df3-481a-bd8d-e91ef558e102#98-t2, previous=(t:2, i:20), leaderCommit=16, initializing? false, entries: <empty>
2019-09-11 07:02:01,629 [grpc-default-executor-0] WARN  server.GrpcLogAppender (LogUtils.java:warn(134)) - b366cd81-90f5-4f0e-8fa6-7e105a738d9d@group-5FF39CBF2ADF->c3336af5-ef91-4420-af01-c0c00dc6c530-AppendLogResponseHandler: Failed appendEntries: org.apache.ratis.thirdparty.io.grpc.StatusRuntimeException: UNAVAILABLE: io exception
2019-09-11 07:02:01,629 [grpc-default-executor-0] INFO  impl.FollowerInfo (FollowerInfo.java:lambda$new$0(51)) - b366cd81-90f5-4f0e-8fa6-7e105a738d9d@group-5FF39CBF2ADF->c3336af5-ef91-4420-af01-c0c00dc6c530: nextIndex: updateUnconditionally 0 -> 0
2019-09-11 07:02:01,989 [java.util.concurrent.ThreadPoolExecutor$Worker@77aa567a[State = -1, empty queue]] WARN  server.GrpcLogAppender (GrpcLogAppender.java:timeoutAppendRequest(200)) - 4523c126-f03b-4acb-be3e-4c406fe3aaad@group-7CDE87E80901->4a2aa8aa-5edc-4f5e-99ad-9332c6d3f836-GrpcLogAppender: appendEntries Timeout, request=4523c126-f03b-4acb-be3e-4c406fe3aaad->4a2aa8aa-5edc-4f5e-99ad-9332c6d3f836#98-t2, previous=(t:2, i:18), leaderCommit=14, initializing? false, entries: <empty>
2019-09-11 07:02:02,099 [java.util.concurrent.ThreadPoolExecutor$Worker@69be8af9[State = -1, empty queue]] WARN  server.GrpcLogAppender (GrpcLogAppender.java:timeoutAppendRequest(200)) - b366cd81-90f5-4f0e-8fa6-7e105a738d9d@group-5FF39CBF2ADF->e76620e4-5df3-481a-bd8d-e91ef558e102-GrpcLogAppender: appendEntries Timeout, request=b366cd81-90f5-4f0e-8fa6-7e105a738d9d->e76620e4-5df3-481a-bd8d-e91ef558e102#99-t2, previous=(t:2, i:20), leaderCommit=16, initializing? false, entries: <empty>
2019-09-11 07:02:02,128 [grpc-default-executor-3] WARN  server.GrpcLogAppender (LogUtils.java:warn(134)) - b366cd81-90f5-4f0e-8fa6-7e105a738d9d@group-5FF39CBF2ADF->c3336af5-ef91-4420-af01-c0c00dc6c530-AppendLogResponseHandler: Failed appendEntries: org.apache.ratis.thirdparty.io.grpc.StatusRuntimeException: UNAVAILABLE: io exception
2019-09-11 07:02:02,129 [grpc-default-executor-3] INFO  impl.FollowerInfo (FollowerInfo.java:lambda$new$0(51)) - b366cd81-90f5-4f0e-8fa6-7e105a738d9d@group-5FF39CBF2ADF->c3336af5-ef91-4420-af01-c0c00dc6c530: nextIndex: updateUnconditionally 0 -> 0
2019-09-11 07:02:02,490 [java.util.concurrent.ThreadPoolExecutor$Worker@77aa567a[State = -1, empty queue]] WARN  server.GrpcLogAppender (GrpcLogAppender.java:timeoutAppendRequest(200)) - 4523c126-f03b-4acb-be3e-4c406fe3aaad@group-7CDE87E80901->4a2aa8aa-5edc-4f5e-99ad-9332c6d3f836-GrpcLogAppender: appendEntries Timeout, request=4523c126-f03b-4acb-be3e-4c406fe3aaad->4a2aa8aa-5edc-4f5e-99ad-9332c6d3f836#99-t2, previous=(t:2, i:18), leaderCommit=14, initializing? false, entries: <empty>
2019-09-11 07:02:02,599 [java.util.concurrent.ThreadPoolExecutor$Worker@69be8af9[State = -1, empty queue]] WARN  server.GrpcLogAppender (GrpcLogAppender.java:timeoutAppendRequest(200)) - b366cd81-90f5-4f0e-8fa6-7e105a738d9d@group-5FF39CBF2ADF->e76620e4-5df3-481a-bd8d-e91ef558e102-GrpcLogAppender: appendEntries Timeout, request=b366cd81-90f5-4f0e-8fa6-7e105a738d9d->e76620e4-5df3-481a-bd8d-e91ef558e102#100-t2, previous=(t:2, i:20), leaderCommit=16, initializing? false, entries: <empty>
2019-09-11 07:02:02,629 [grpc-default-executor-3] WARN  server.GrpcLogAppender (LogUtils.java:warn(134)) - b366cd81-90f5-4f0e-8fa6-7e105a738d9d@group-5FF39CBF2ADF->c3336af5-ef91-4420-af01-c0c00dc6c530-AppendLogResponseHandler: Failed appendEntries: org.apache.ratis.thirdparty.io.grpc.StatusRuntimeException: UNAVAILABLE: io exception
2019-09-11 07:02:02,630 [grpc-default-executor-3] INFO  impl.FollowerInfo (FollowerInfo.java:lambda$new$0(51)) - b366cd81-90f5-4f0e-8fa6-7e105a738d9d@group-5FF39CBF2ADF->c3336af5-ef91-4420-af01-c0c00dc6c530: nextIndex: updateUnconditionally 0 -> 0
2019-09-11 07:02:02,990 [java.util.concurrent.ThreadPoolExecutor$Worker@77aa567a[State = -1, empty queue]] WARN  server.GrpcLogAppender (GrpcLogAppender.java:timeoutAppendRequest(200)) - 4523c126-f03b-4acb-be3e-4c406fe3aaad@group-7CDE87E80901->4a2aa8aa-5edc-4f5e-99ad-9332c6d3f836-GrpcLogAppender: appendEntries Timeout, request=4523c126-f03b-4acb-be3e-4c406fe3aaad->4a2aa8aa-5edc-4f5e-99ad-9332c6d3f836#100-t2, previous=(t:2, i:18), leaderCommit=14, initializing? false, entries: <empty>
2019-09-11 07:02:03,099 [java.util.concurrent.ThreadPoolExecutor$Worker@69be8af9[State = -1, empty queue]] WARN  server.GrpcLogAppender (GrpcLogAppender.java:timeoutAppendRequest(200)) - b366cd81-90f5-4f0e-8fa6-7e105a738d9d@group-5FF39CBF2ADF->e76620e4-5df3-481a-bd8d-e91ef558e102-GrpcLogAppender: appendEntries Timeout, request=b366cd81-90f5-4f0e-8fa6-7e105a738d9d->e76620e4-5df3-481a-bd8d-e91ef558e102#101-t2, previous=(t:2, i:20), leaderCommit=16, initializing? false, entries: <empty>
2019-09-11 07:02:03,130 [grpc-default-executor-1] WARN  server.GrpcLogAppender (LogUtils.java:warn(134)) - b366cd81-90f5-4f0e-8fa6-7e105a738d9d@group-5FF39CBF2ADF->c3336af5-ef91-4420-af01-c0c00dc6c530-AppendLogResponseHandler: Failed appendEntries: org.apache.ratis.thirdparty.io.grpc.StatusRuntimeException: UNAVAILABLE: io exception
2019-09-11 07:02:03,131 [grpc-default-executor-1] INFO  impl.FollowerInfo (FollowerInfo.java:lambda$new$0(51)) - b366cd81-90f5-4f0e-8fa6-7e105a738d9d@group-5FF39CBF2ADF->c3336af5-ef91-4420-af01-c0c00dc6c530: nextIndex: updateUnconditionally 0 -> 0
2019-09-11 07:02:03,490 [java.util.concurrent.ThreadPoolExecutor$Worker@77aa567a[State = -1, empty queue]] WARN  server.GrpcLogAppender (GrpcLogAppender.java:timeoutAppendRequest(200)) - 4523c126-f03b-4acb-be3e-4c406fe3aaad@group-7CDE87E80901->4a2aa8aa-5edc-4f5e-99ad-9332c6d3f836-GrpcLogAppender: appendEntries Timeout, request=4523c126-f03b-4acb-be3e-4c406fe3aaad->4a2aa8aa-5edc-4f5e-99ad-9332c6d3f836#101-t2, previous=(t:2, i:18), leaderCommit=14, initializing? false, entries: <empty>
2019-09-11 07:02:03,601 [java.util.concurrent.ThreadPoolExecutor$Worker@69be8af9[State = -1, empty queue]] WARN  server.GrpcLogAppender (GrpcLogAppender.java:timeoutAppendRequest(200)) - b366cd81-90f5-4f0e-8fa6-7e105a738d9d@group-5FF39CBF2ADF->e76620e4-5df3-481a-bd8d-e91ef558e102-GrpcLogAppender: appendEntries Timeout, request=b366cd81-90f5-4f0e-8fa6-7e105a738d9d->e76620e4-5df3-481a-bd8d-e91ef558e102#102-t2, previous=(t:2, i:20), leaderCommit=16, initializing? false, entries: <empty>
2019-09-11 07:02:03,652 [main] WARN  io.KeyOutputStream (KeyOutputStream.java:handleException(276)) - Encountered exception java.io.IOException: Unexpected Storage Container Exception: java.util.concurrent.CompletionException: java.util.concurrent.CompletionException: org.apache.ratis.protocol.RaftRetryFailureException: Failed RaftClientRequest:client-F0C20677607E->4523c126-f03b-4acb-be3e-4c406fe3aaad@group-7CDE87E80901, cid=53, seq=9*, RW, org.apache.hadoop.hdds.scm.XceiverClientRatis$$Lambda$523/1432535753@3b36648c for 10 attempts with RetryLimited(maxAttempts=10, sleepTime=1000ms) on the pipeline Pipeline[ Id: 13214434-aab0-4670-8830-7cde87e80901, Nodes: 4523c126-f03b-4acb-be3e-4c406fe3aaad{ip: 192.168.5.143, host: pr-hdds-1786-trunk-klbfp-3319181915, networkLocation: /default-rack, certSerialId: null}4a2aa8aa-5edc-4f5e-99ad-9332c6d3f836{ip: 192.168.5.143, host: pr-hdds-1786-trunk-klbfp-3319181915, networkLocation: /default-rack, certSerialId: null}42626b9b-ed01-4037-9282-5fe073f296c6{ip: 192.168.5.143, host: pr-hdds-1786-trunk-klbfp-3319181915, networkLocation: /default-rack, certSerialId: null}, Type:RATIS, Factor:THREE, State:OPEN]. The last committed block length is 0, uncommitted data length is 2097152 retry count 0
2019-09-11 07:02:03,652 [grpc-default-executor-3] WARN  server.GrpcLogAppender (LogUtils.java:warn(134)) - b366cd81-90f5-4f0e-8fa6-7e105a738d9d@group-5FF39CBF2ADF->c3336af5-ef91-4420-af01-c0c00dc6c530-AppendLogResponseHandler: Failed appendEntries: org.apache.ratis.thirdparty.io.grpc.StatusRuntimeException: UNAVAILABLE: io exception
2019-09-11 07:02:03,653 [grpc-default-executor-3] INFO  impl.FollowerInfo (FollowerInfo.java:lambda$new$0(51)) - b366cd81-90f5-4f0e-8fa6-7e105a738d9d@group-5FF39CBF2ADF->c3336af5-ef91-4420-af01-c0c00dc6c530: nextIndex: updateUnconditionally 0 -> 0
2019-09-11 07:02:03,779 [grpc-default-executor-0] INFO  client.GrpcClientProtocolClient (GrpcClientProtocolClient.java:onNext(264)) - client-5E7B1F498381->0159beb9-e28f-41a3-bdd5-1125b6dbb65e: receive RaftClientReply:client-5E7B1F498381->0159beb9-e28f-41a3-bdd5-1125b6dbb65e@group-D61D25716C8D, cid=57, FAILED org.apache.ratis.protocol.NotLeaderException: Server 0159beb9-e28f-41a3-bdd5-1125b6dbb65e@group-D61D25716C8D is not the leader bbdbb4de-2219-47e5-a2b1-d5e525a98c19:192.168.5.143:42910, logIndex=0, commits[0159beb9-e28f-41a3-bdd5-1125b6dbb65e:c16, 7cc5d2d7-39af-4b66-8513-17417d4c25e9:c16, bbdbb4de-2219-47e5-a2b1-d5e525a98c19:c16]
2019-09-11 07:02:03,998 [java.util.concurrent.ThreadPoolExecutor$Worker@77aa567a[State = -1, empty queue]] WARN  server.GrpcLogAppender (GrpcLogAppender.java:timeoutAppendRequest(200)) - 4523c126-f03b-4acb-be3e-4c406fe3aaad@group-7CDE87E80901->4a2aa8aa-5edc-4f5e-99ad-9332c6d3f836-GrpcLogAppender: appendEntries Timeout, request=4523c126-f03b-4acb-be3e-4c406fe3aaad->4a2aa8aa-5edc-4f5e-99ad-9332c6d3f836#102-t2, previous=(t:2, i:18), leaderCommit=14, initializing? false, entries: <empty>
2019-09-11 07:02:03,999 [grpc-default-executor-3] INFO  client.GrpcClientProtocolClient (GrpcClientProtocolClient.java:onNext(264)) - client-5E7B1F498381->bbdbb4de-2219-47e5-a2b1-d5e525a98c19: receive RaftClientReply:client-5E7B1F498381->bbdbb4de-2219-47e5-a2b1-d5e525a98c19@group-D61D25716C8D, cid=57, SUCCESS, logIndex=17, commits[bbdbb4de-2219-47e5-a2b1-d5e525a98c19:c17, 7cc5d2d7-39af-4b66-8513-17417d4c25e9:c16, 0159beb9-e28f-41a3-bdd5-1125b6dbb65e:c16]
2019-09-11 07:02:04,101 [java.util.concurrent.ThreadPoolExecutor$Worker@69be8af9[State = -1, empty queue]] WARN  server.GrpcLogAppender (GrpcLogAppender.java:timeoutAppendRequest(200)) - b366cd81-90f5-4f0e-8fa6-7e105a738d9d@group-5FF39CBF2ADF->e76620e4-5df3-481a-bd8d-e91ef558e102-GrpcLogAppender: appendEntries Timeout, request=b366cd81-90f5-4f0e-8fa6-7e105a738d9d->e76620e4-5df3-481a-bd8d-e91ef558e102#103-t2, previous=(t:2, i:20), leaderCommit=16, initializing? false, entries: <empty>
2019-09-11 07:02:04,135 [grpc-default-executor-3] INFO  client.GrpcClientProtocolClient (GrpcClientProtocolClient.java:onNext(264)) - client-5E7B1F498381->bbdbb4de-2219-47e5-a2b1-d5e525a98c19: receive RaftClientReply:client-5E7B1F498381->bbdbb4de-2219-47e5-a2b1-d5e525a98c19@group-D61D25716C8D, cid=58, SUCCESS, logIndex=19, commits[bbdbb4de-2219-47e5-a2b1-d5e525a98c19:c23, 7cc5d2d7-39af-4b66-8513-17417d4c25e9:c22, 0159beb9-e28f-41a3-bdd5-1125b6dbb65e:c20]
2019-09-11 07:02:04,136 [grpc-default-executor-0] INFO  client.GrpcClientProtocolClient (GrpcClientProtocolClient.java:onNext(264)) - client-5E7B1F498381->bbdbb4de-2219-47e5-a2b1-d5e525a98c19: receive RaftClientReply:client-5E7B1F498381->bbdbb4de-2219-47e5-a2b1-d5e525a98c19@group-D61D25716C8D, cid=59, SUCCESS, logIndex=20, commits[bbdbb4de-2219-47e5-a2b1-d5e525a98c19:c23, 7cc5d2d7-39af-4b66-8513-17417d4c25e9:c22, 0159beb9-e28f-41a3-bdd5-1125b6dbb65e:c20]
2019-09-11 07:02:04,137 [grpc-default-executor-2] WARN  server.GrpcLogAppender (LogUtils.java:warn(134)) - b366cd81-90f5-4f0e-8fa6-7e105a738d9d@group-5FF39CBF2ADF->c3336af5-ef91-4420-af01-c0c00dc6c530-AppendLogResponseHandler: Failed appendEntries: org.apache.ratis.thirdparty.io.grpc.StatusRuntimeException: UNAVAILABLE: io exception
2019-09-11 07:02:04,138 [grpc-default-executor-2] INFO  impl.FollowerInfo (FollowerInfo.java:lambda$new$0(51)) - b366cd81-90f5-4f0e-8fa6-7e105a738d9d@group-5FF39CBF2ADF->c3336af5-ef91-4420-af01-c0c00dc6c530: nextIndex: updateUnconditionally 0 -> 0
2019-09-11 07:02:04,319 [grpc-default-executor-2] INFO  client.GrpcClientProtocolClient (GrpcClientProtocolClient.java:onNext(264)) - client-5E7B1F498381->bbdbb4de-2219-47e5-a2b1-d5e525a98c19: receive RaftClientReply:client-5E7B1F498381->bbdbb4de-2219-47e5-a2b1-d5e525a98c19@group-D61D25716C8D, cid=60, SUCCESS, logIndex=21, commits[bbdbb4de-2219-47e5-a2b1-d5e525a98c19:c23, 7cc5d2d7-39af-4b66-8513-17417d4c25e9:c22, 0159beb9-e28f-41a3-bdd5-1125b6dbb65e:c20]
2019-09-11 07:02:04,342 [grpc-default-executor-0] INFO  client.GrpcClientProtocolClient (GrpcClientProtocolClient.java:onNext(264)) - client-5E7B1F498381->bbdbb4de-2219-47e5-a2b1-d5e525a98c19: receive RaftClientReply:client-5E7B1F498381->bbdbb4de-2219-47e5-a2b1-d5e525a98c19@group-D61D25716C8D, cid=61, SUCCESS, logIndex=24, commits[bbdbb4de-2219-47e5-a2b1-d5e525a98c19:c25, 7cc5d2d7-39af-4b66-8513-17417d4c25e9:c22, 0159beb9-e28f-41a3-bdd5-1125b6dbb65e:c23]
2019-09-11 07:02:04,343 [grpc-default-executor-0] INFO  client.GrpcClientProtocolClient (GrpcClientProtocolClient.java:onNext(264)) - client-5E7B1F498381->bbdbb4de-2219-47e5-a2b1-d5e525a98c19: receive RaftClientReply:client-5E7B1F498381->bbdbb4de-2219-47e5-a2b1-d5e525a98c19@group-D61D25716C8D, cid=62, SUCCESS, logIndex=25, commits[bbdbb4de-2219-47e5-a2b1-d5e525a98c19:c25, 7cc5d2d7-39af-4b66-8513-17417d4c25e9:c22, 0159beb9-e28f-41a3-bdd5-1125b6dbb65e:c23]
2019-09-11 07:02:04,496 [java.util.concurrent.ThreadPoolExecutor$Worker@77aa567a[State = -1, empty queue]] WARN  server.GrpcLogAppender (GrpcLogAppender.java:timeoutAppendRequest(200)) - 4523c126-f03b-4acb-be3e-4c406fe3aaad@group-7CDE87E80901->4a2aa8aa-5edc-4f5e-99ad-9332c6d3f836-GrpcLogAppender: appendEntries Timeout, request=4523c126-f03b-4acb-be3e-4c406fe3aaad->4a2aa8aa-5edc-4f5e-99ad-9332c6d3f836#103-t2, previous=(t:2, i:18), leaderCommit=14, initializing? false, entries: <empty>
2019-09-11 07:02:04,601 [java.util.concurrent.ThreadPoolExecutor$Worker@69be8af9[State = -1, empty queue]] WARN  server.GrpcLogAppender (GrpcLogAppender.java:timeoutAppendRequest(200)) - b366cd81-90f5-4f0e-8fa6-7e105a738d9d@group-5FF39CBF2ADF->e76620e4-5df3-481a-bd8d-e91ef558e102-GrpcLogAppender: appendEntries Timeout, request=b366cd81-90f5-4f0e-8fa6-7e105a738d9d->e76620e4-5df3-481a-bd8d-e91ef558e102#104-t2, previous=(t:2, i:20), leaderCommit=16, initializing? false, entries: <empty>
2019-09-11 07:02:04,638 [grpc-default-executor-2] WARN  server.GrpcLogAppender (LogUtils.java:warn(134)) - b366cd81-90f5-4f0e-8fa6-7e105a738d9d@group-5FF39CBF2ADF->c3336af5-ef91-4420-af01-c0c00dc6c530-AppendLogResponseHandler: Failed appendEntries: org.apache.ratis.thirdparty.io.grpc.StatusRuntimeException: UNAVAILABLE: io exception
2019-09-11 07:02:04,638 [grpc-default-executor-2] INFO  impl.FollowerInfo (FollowerInfo.java:lambda$new$0(51)) - b366cd81-90f5-4f0e-8fa6-7e105a738d9d@group-5FF39CBF2ADF->c3336af5-ef91-4420-af01-c0c00dc6c530: nextIndex: updateUnconditionally 0 -> 0
2019-09-11 07:02:05,000 [java.util.concurrent.ThreadPoolExecutor$Worker@77aa567a[State = -1, empty queue]] WARN  server.GrpcLogAppender (GrpcLogAppender.java:timeoutAppendRequest(200)) - 4523c126-f03b-4acb-be3e-4c406fe3aaad@group-7CDE87E80901->4a2aa8aa-5edc-4f5e-99ad-9332c6d3f836-GrpcLogAppender: appendEntries Timeout, request=4523c126-f03b-4acb-be3e-4c406fe3aaad->4a2aa8aa-5edc-4f5e-99ad-9332c6d3f836#104-t2, previous=(t:2, i:18), leaderCommit=14, initializing? false, entries: <empty>
2019-09-11 07:02:05,101 [java.util.concurrent.ThreadPoolExecutor$Worker@69be8af9[State = -1, empty queue]] WARN  server.GrpcLogAppender (GrpcLogAppender.java:timeoutAppendRequest(200)) - b366cd81-90f5-4f0e-8fa6-7e105a738d9d@group-5FF39CBF2ADF->e76620e4-5df3-481a-bd8d-e91ef558e102-GrpcLogAppender: appendEntries Timeout, request=b366cd81-90f5-4f0e-8fa6-7e105a738d9d->e76620e4-5df3-481a-bd8d-e91ef558e102#105-t2, previous=(t:2, i:20), leaderCommit=16, initializing? false, entries: <empty>
2019-09-11 07:02:05,137 [Datanode State Machine Thread - 0] INFO  statemachine.DatanodeStateMachine (DatanodeStateMachine.java:lambda$startDaemon$0(350)) - Ozone container server started.
2019-09-11 07:02:05,157 [grpc-default-executor-3] WARN  server.GrpcLogAppender (LogUtils.java:warn(134)) - b366cd81-90f5-4f0e-8fa6-7e105a738d9d@group-5FF39CBF2ADF->c3336af5-ef91-4420-af01-c0c00dc6c530-AppendLogResponseHandler: Failed appendEntries: org.apache.ratis.thirdparty.io.grpc.StatusRuntimeException: UNAVAILABLE: io exception
2019-09-11 07:02:05,158 [grpc-default-executor-3] INFO  impl.FollowerInfo (FollowerInfo.java:lambda$new$0(51)) - b366cd81-90f5-4f0e-8fa6-7e105a738d9d@group-5FF39CBF2ADF->c3336af5-ef91-4420-af01-c0c00dc6c530: nextIndex: updateUnconditionally 0 -> 0
2019-09-11 07:02:05,474 [4523c126-f03b-4acb-be3e-4c406fe3aaad@group-7CDE87E80901-SegmentedRaftLogWorker] WARN  segmented.SegmentedRaftLogWorker (SegmentedRaftLogWorker.java:getFromFuture(90)) - Timeout 1/~
org.apache.ratis.protocol.TimeoutIOException: Timeout 10s: WriteLog:15: (t:2, i:15), STATEMACHINELOGENTRY, client-F0C20677607E, cid=53-writeStateMachineData
	at org.apache.ratis.util.IOUtils.getFromFuture(IOUtils.java:87)
	at org.apache.ratis.server.raftlog.segmented.SegmentedRaftLogWorker$StateMachineDataPolicy.getFromFuture(SegmentedRaftLogWorker.java:87)
	at org.apache.ratis.server.raftlog.segmented.SegmentedRaftLogWorker$WriteLog.execute(SegmentedRaftLogWorker.java:477)
	at org.apache.ratis.server.raftlog.segmented.SegmentedRaftLogWorker.run(SegmentedRaftLogWorker.java:289)
	at java.lang.Thread.run(Thread.java:748)
Caused by: java.util.concurrent.TimeoutException
	at java.util.concurrent.CompletableFuture.timedGet(CompletableFuture.java:1771)
	at java.util.concurrent.CompletableFuture.get(CompletableFuture.java:1915)
	at org.apache.ratis.util.IOUtils.getFromFuture(IOUtils.java:79)
	... 4 more
2019-09-11 07:02:05,479 [4a2aa8aa-5edc-4f5e-99ad-9332c6d3f836@group-7CDE87E80901-SegmentedRaftLogWorker] WARN  segmented.SegmentedRaftLogWorker (SegmentedRaftLogWorker.java:getFromFuture(90)) - Timeout 1/~
org.apache.ratis.protocol.TimeoutIOException: Timeout 10s: WriteLog:15: (t:2, i:15), STATEMACHINELOGENTRY, client-F0C20677607E, cid=53-writeStateMachineData
	at org.apache.ratis.util.IOUtils.getFromFuture(IOUtils.java:87)
	at org.apache.ratis.server.raftlog.segmented.SegmentedRaftLogWorker$StateMachineDataPolicy.getFromFuture(SegmentedRaftLogWorker.java:87)
	at org.apache.ratis.server.raftlog.segmented.SegmentedRaftLogWorker$WriteLog.execute(SegmentedRaftLogWorker.java:477)
	at org.apache.ratis.server.raftlog.segmented.SegmentedRaftLogWorker.run(SegmentedRaftLogWorker.java:289)
	at java.lang.Thread.run(Thread.java:748)
Caused by: java.util.concurrent.TimeoutException
	at java.util.concurrent.CompletableFuture.timedGet(CompletableFuture.java:1771)
	at java.util.concurrent.CompletableFuture.get(CompletableFuture.java:1915)
	at org.apache.ratis.util.IOUtils.getFromFuture(IOUtils.java:79)
	... 4 more
2019-09-11 07:02:05,501 [java.util.concurrent.ThreadPoolExecutor$Worker@77aa567a[State = -1, empty queue]] WARN  server.GrpcLogAppender (GrpcLogAppender.java:timeoutAppendRequest(200)) - 4523c126-f03b-4acb-be3e-4c406fe3aaad@group-7CDE87E80901->4a2aa8aa-5edc-4f5e-99ad-9332c6d3f836-GrpcLogAppender: appendEntries Timeout, request=4523c126-f03b-4acb-be3e-4c406fe3aaad->4a2aa8aa-5edc-4f5e-99ad-9332c6d3f836#105-t2, previous=(t:2, i:18), leaderCommit=14, initializing? false, entries: <empty>
2019-09-11 07:02:05,602 [java.util.concurrent.ThreadPoolExecutor$Worker@69be8af9[State = -1, empty queue]] WARN  server.GrpcLogAppender (GrpcLogAppender.java:timeoutAppendRequest(200)) - b366cd81-90f5-4f0e-8fa6-7e105a738d9d@group-5FF39CBF2ADF->e76620e4-5df3-481a-bd8d-e91ef558e102-GrpcLogAppender: appendEntries Timeout, request=b366cd81-90f5-4f0e-8fa6-7e105a738d9d->e76620e4-5df3-481a-bd8d-e91ef558e102#106-t2, previous=(t:2, i:20), leaderCommit=16, initializing? false, entries: <empty>
2019-09-11 07:02:05,640 [grpc-default-executor-3] WARN  server.GrpcLogAppender (LogUtils.java:warn(134)) - b366cd81-90f5-4f0e-8fa6-7e105a738d9d@group-5FF39CBF2ADF->c3336af5-ef91-4420-af01-c0c00dc6c530-AppendLogResponseHandler: Failed appendEntries: org.apache.ratis.thirdparty.io.grpc.StatusRuntimeException: UNAVAILABLE: io exception
2019-09-11 07:02:05,641 [grpc-default-executor-3] INFO  impl.FollowerInfo (FollowerInfo.java:lambda$new$0(51)) - b366cd81-90f5-4f0e-8fa6-7e105a738d9d@group-5FF39CBF2ADF->c3336af5-ef91-4420-af01-c0c00dc6c530: nextIndex: updateUnconditionally 0 -> 0
2019-09-11 07:02:06,008 [java.util.concurrent.ThreadPoolExecutor$Worker@77aa567a[State = -1, empty queue]] WARN  server.GrpcLogAppender (GrpcLogAppender.java:timeoutAppendRequest(200)) - 4523c126-f03b-4acb-be3e-4c406fe3aaad@group-7CDE87E80901->4a2aa8aa-5edc-4f5e-99ad-9332c6d3f836-GrpcLogAppender: appendEntries Timeout, request=4523c126-f03b-4acb-be3e-4c406fe3aaad->4a2aa8aa-5edc-4f5e-99ad-9332c6d3f836#106-t2, previous=(t:2, i:18), leaderCommit=14, initializing? false, entries: <empty>
2019-09-11 07:02:06,102 [java.util.concurrent.ThreadPoolExecutor$Worker@69be8af9[State = -1, empty queue]] WARN  server.GrpcLogAppender (GrpcLogAppender.java:timeoutAppendRequest(200)) - b366cd81-90f5-4f0e-8fa6-7e105a738d9d@group-5FF39CBF2ADF->e76620e4-5df3-481a-bd8d-e91ef558e102-GrpcLogAppender: appendEntries Timeout, request=b366cd81-90f5-4f0e-8fa6-7e105a738d9d->e76620e4-5df3-481a-bd8d-e91ef558e102#107-t2, previous=(t:2, i:20), leaderCommit=16, initializing? false, entries: <empty>
2019-09-11 07:02:06,141 [grpc-default-executor-0] WARN  server.GrpcLogAppender (LogUtils.java:warn(134)) - b366cd81-90f5-4f0e-8fa6-7e105a738d9d@group-5FF39CBF2ADF->c3336af5-ef91-4420-af01-c0c00dc6c530-AppendLogResponseHandler: Failed appendEntries: org.apache.ratis.thirdparty.io.grpc.StatusRuntimeException: UNAVAILABLE: io exception
2019-09-11 07:02:06,141 [grpc-default-executor-0] INFO  impl.FollowerInfo (FollowerInfo.java:lambda$new$0(51)) - b366cd81-90f5-4f0e-8fa6-7e105a738d9d@group-5FF39CBF2ADF->c3336af5-ef91-4420-af01-c0c00dc6c530: nextIndex: updateUnconditionally 0 -> 0
2019-09-11 07:02:06,509 [java.util.concurrent.ThreadPoolExecutor$Worker@77aa567a[State = -1, empty queue]] WARN  server.GrpcLogAppender (GrpcLogAppender.java:timeoutAppendRequest(200)) - 4523c126-f03b-4acb-be3e-4c406fe3aaad@group-7CDE87E80901->4a2aa8aa-5edc-4f5e-99ad-9332c6d3f836-GrpcLogAppender: appendEntries Timeout, request=4523c126-f03b-4acb-be3e-4c406fe3aaad->4a2aa8aa-5edc-4f5e-99ad-9332c6d3f836#107-t2, previous=(t:2, i:18), leaderCommit=14, initializing? false, entries: <empty>
2019-09-11 07:02:06,603 [java.util.concurrent.ThreadPoolExecutor$Worker@69be8af9[State = -1, empty queue]] WARN  server.GrpcLogAppender (GrpcLogAppender.java:timeoutAppendRequest(200)) - b366cd81-90f5-4f0e-8fa6-7e105a738d9d@group-5FF39CBF2ADF->e76620e4-5df3-481a-bd8d-e91ef558e102-GrpcLogAppender: appendEntries Timeout, request=b366cd81-90f5-4f0e-8fa6-7e105a738d9d->e76620e4-5df3-481a-bd8d-e91ef558e102#108-t2, previous=(t:2, i:20), leaderCommit=16, initializing? false, entries: <empty>
2019-09-11 07:02:06,642 [grpc-default-executor-2] WARN  server.GrpcLogAppender (LogUtils.java:warn(134)) - b366cd81-90f5-4f0e-8fa6-7e105a738d9d@group-5FF39CBF2ADF->c3336af5-ef91-4420-af01-c0c00dc6c530-AppendLogResponseHandler: Failed appendEntries: org.apache.ratis.thirdparty.io.grpc.StatusRuntimeException: UNAVAILABLE: io exception
2019-09-11 07:02:06,643 [grpc-default-executor-2] INFO  impl.FollowerInfo (FollowerInfo.java:lambda$new$0(51)) - b366cd81-90f5-4f0e-8fa6-7e105a738d9d@group-5FF39CBF2ADF->c3336af5-ef91-4420-af01-c0c00dc6c530: nextIndex: updateUnconditionally 0 -> 0
2019-09-11 07:02:07,010 [java.util.concurrent.ThreadPoolExecutor$Worker@77aa567a[State = -1, empty queue]] WARN  server.GrpcLogAppender (GrpcLogAppender.java:timeoutAppendRequest(200)) - 4523c126-f03b-4acb-be3e-4c406fe3aaad@group-7CDE87E80901->4a2aa8aa-5edc-4f5e-99ad-9332c6d3f836-GrpcLogAppender: appendEntries Timeout, request=4523c126-f03b-4acb-be3e-4c406fe3aaad->4a2aa8aa-5edc-4f5e-99ad-9332c6d3f836#108-t2, previous=(t:2, i:18), leaderCommit=14, initializing? false, entries: <empty>
2019-09-11 07:02:07,103 [java.util.concurrent.ThreadPoolExecutor$Worker@69be8af9[State = -1, empty queue]] WARN  server.GrpcLogAppender (GrpcLogAppender.java:timeoutAppendRequest(200)) - b366cd81-90f5-4f0e-8fa6-7e105a738d9d@group-5FF39CBF2ADF->e76620e4-5df3-481a-bd8d-e91ef558e102-GrpcLogAppender: appendEntries Timeout, request=b366cd81-90f5-4f0e-8fa6-7e105a738d9d->e76620e4-5df3-481a-bd8d-e91ef558e102#109-t2, previous=(t:2, i:20), leaderCommit=16, initializing? false, entries: <empty>
2019-09-11 07:02:07,143 [grpc-default-executor-0] WARN  server.GrpcLogAppender (LogUtils.java:warn(134)) - b366cd81-90f5-4f0e-8fa6-7e105a738d9d@group-5FF39CBF2ADF->c3336af5-ef91-4420-af01-c0c00dc6c530-AppendLogResponseHandler: Failed appendEntries: org.apache.ratis.thirdparty.io.grpc.StatusRuntimeException: UNAVAILABLE: io exception
2019-09-11 07:02:07,144 [grpc-default-executor-0] INFO  impl.FollowerInfo (FollowerInfo.java:lambda$new$0(51)) - b366cd81-90f5-4f0e-8fa6-7e105a738d9d@group-5FF39CBF2ADF->c3336af5-ef91-4420-af01-c0c00dc6c530: nextIndex: updateUnconditionally 0 -> 0
2019-09-11 07:02:07,511 [java.util.concurrent.ThreadPoolExecutor$Worker@77aa567a[State = -1, empty queue]] WARN  server.GrpcLogAppender (GrpcLogAppender.java:timeoutAppendRequest(200)) - 4523c126-f03b-4acb-be3e-4c406fe3aaad@group-7CDE87E80901->4a2aa8aa-5edc-4f5e-99ad-9332c6d3f836-GrpcLogAppender: appendEntries Timeout, request=4523c126-f03b-4acb-be3e-4c406fe3aaad->4a2aa8aa-5edc-4f5e-99ad-9332c6d3f836#109-t2, previous=(t:2, i:18), leaderCommit=14, initializing? false, entries: <empty>
2019-09-11 07:02:07,604 [java.util.concurrent.ThreadPoolExecutor$Worker@69be8af9[State = -1, empty queue]] WARN  server.GrpcLogAppender (GrpcLogAppender.java:timeoutAppendRequest(200)) - b366cd81-90f5-4f0e-8fa6-7e105a738d9d@group-5FF39CBF2ADF->e76620e4-5df3-481a-bd8d-e91ef558e102-GrpcLogAppender: appendEntries Timeout, request=b366cd81-90f5-4f0e-8fa6-7e105a738d9d->e76620e4-5df3-481a-bd8d-e91ef558e102#110-t2, previous=(t:2, i:20), leaderCommit=16, initializing? false, entries: <empty>
2019-09-11 07:02:07,644 [grpc-default-executor-3] WARN  server.GrpcLogAppender (LogUtils.java:warn(134)) - b366cd81-90f5-4f0e-8fa6-7e105a738d9d@group-5FF39CBF2ADF->c3336af5-ef91-4420-af01-c0c00dc6c530-AppendLogResponseHandler: Failed appendEntries: org.apache.ratis.thirdparty.io.grpc.StatusRuntimeException: UNAVAILABLE: io exception
2019-09-11 07:02:07,645 [grpc-default-executor-3] INFO  impl.FollowerInfo (FollowerInfo.java:lambda$new$0(51)) - b366cd81-90f5-4f0e-8fa6-7e105a738d9d@group-5FF39CBF2ADF->c3336af5-ef91-4420-af01-c0c00dc6c530: nextIndex: updateUnconditionally 0 -> 0
2019-09-11 07:02:08,011 [java.util.concurrent.ThreadPoolExecutor$Worker@77aa567a[State = -1, empty queue]] WARN  server.GrpcLogAppender (GrpcLogAppender.java:timeoutAppendRequest(200)) - 4523c126-f03b-4acb-be3e-4c406fe3aaad@group-7CDE87E80901->4a2aa8aa-5edc-4f5e-99ad-9332c6d3f836-GrpcLogAppender: appendEntries Timeout, request=4523c126-f03b-4acb-be3e-4c406fe3aaad->4a2aa8aa-5edc-4f5e-99ad-9332c6d3f836#110-t2, previous=(t:2, i:18), leaderCommit=14, initializing? false, entries: <empty>
2019-09-11 07:02:08,104 [java.util.concurrent.ThreadPoolExecutor$Worker@69be8af9[State = -1, empty queue]] WARN  server.GrpcLogAppender (GrpcLogAppender.java:timeoutAppendRequest(200)) - b366cd81-90f5-4f0e-8fa6-7e105a738d9d@group-5FF39CBF2ADF->e76620e4-5df3-481a-bd8d-e91ef558e102-GrpcLogAppender: appendEntries Timeout, request=b366cd81-90f5-4f0e-8fa6-7e105a738d9d->e76620e4-5df3-481a-bd8d-e91ef558e102#111-t2, previous=(t:2, i:20), leaderCommit=16, initializing? false, entries: <empty>
2019-09-11 07:02:08,145 [grpc-default-executor-0] WARN  server.GrpcLogAppender (LogUtils.java:warn(134)) - b366cd81-90f5-4f0e-8fa6-7e105a738d9d@group-5FF39CBF2ADF->c3336af5-ef91-4420-af01-c0c00dc6c530-AppendLogResponseHandler: Failed appendEntries: org.apache.ratis.thirdparty.io.grpc.StatusRuntimeException: UNAVAILABLE: io exception
2019-09-11 07:02:08,146 [grpc-default-executor-0] INFO  impl.FollowerInfo (FollowerInfo.java:lambda$new$0(51)) - b366cd81-90f5-4f0e-8fa6-7e105a738d9d@group-5FF39CBF2ADF->c3336af5-ef91-4420-af01-c0c00dc6c530: nextIndex: updateUnconditionally 0 -> 0
2019-09-11 07:02:08,511 [java.util.concurrent.ThreadPoolExecutor$Worker@77aa567a[State = -1, empty queue]] WARN  server.GrpcLogAppender (GrpcLogAppender.java:timeoutAppendRequest(200)) - 4523c126-f03b-4acb-be3e-4c406fe3aaad@group-7CDE87E80901->4a2aa8aa-5edc-4f5e-99ad-9332c6d3f836-GrpcLogAppender: appendEntries Timeout, request=4523c126-f03b-4acb-be3e-4c406fe3aaad->4a2aa8aa-5edc-4f5e-99ad-9332c6d3f836#111-t2, previous=(t:2, i:18), leaderCommit=14, initializing? false, entries: <empty>
2019-09-11 07:02:08,604 [java.util.concurrent.ThreadPoolExecutor$Worker@69be8af9[State = -1, empty queue]] WARN  server.GrpcLogAppender (GrpcLogAppender.java:timeoutAppendRequest(200)) - b366cd81-90f5-4f0e-8fa6-7e105a738d9d@group-5FF39CBF2ADF->e76620e4-5df3-481a-bd8d-e91ef558e102-GrpcLogAppender: appendEntries Timeout, request=b366cd81-90f5-4f0e-8fa6-7e105a738d9d->e76620e4-5df3-481a-bd8d-e91ef558e102#112-t2, previous=(t:2, i:20), leaderCommit=16, initializing? false, entries: <empty>
2019-09-11 07:02:08,646 [grpc-default-executor-3] WARN  server.GrpcLogAppender (LogUtils.java:warn(134)) - b366cd81-90f5-4f0e-8fa6-7e105a738d9d@group-5FF39CBF2ADF->c3336af5-ef91-4420-af01-c0c00dc6c530-AppendLogResponseHandler: Failed appendEntries: org.apache.ratis.thirdparty.io.grpc.StatusRuntimeException: UNAVAILABLE: io exception
2019-09-11 07:02:08,646 [grpc-default-executor-3] INFO  impl.FollowerInfo (FollowerInfo.java:lambda$new$0(51)) - b366cd81-90f5-4f0e-8fa6-7e105a738d9d@group-5FF39CBF2ADF->c3336af5-ef91-4420-af01-c0c00dc6c530: nextIndex: updateUnconditionally 0 -> 0
2019-09-11 07:02:09,011 [java.util.concurrent.ThreadPoolExecutor$Worker@77aa567a[State = -1, empty queue]] WARN  server.GrpcLogAppender (GrpcLogAppender.java:timeoutAppendRequest(200)) - 4523c126-f03b-4acb-be3e-4c406fe3aaad@group-7CDE87E80901->4a2aa8aa-5edc-4f5e-99ad-9332c6d3f836-GrpcLogAppender: appendEntries Timeout, request=4523c126-f03b-4acb-be3e-4c406fe3aaad->4a2aa8aa-5edc-4f5e-99ad-9332c6d3f836#112-t2, previous=(t:2, i:18), leaderCommit=14, initializing? false, entries: <empty>
2019-09-11 07:02:09,104 [java.util.concurrent.ThreadPoolExecutor$Worker@69be8af9[State = -1, empty queue]] WARN  server.GrpcLogAppender (GrpcLogAppender.java:timeoutAppendRequest(200)) - b366cd81-90f5-4f0e-8fa6-7e105a738d9d@group-5FF39CBF2ADF->e76620e4-5df3-481a-bd8d-e91ef558e102-GrpcLogAppender: appendEntries Timeout, request=b366cd81-90f5-4f0e-8fa6-7e105a738d9d->e76620e4-5df3-481a-bd8d-e91ef558e102#113-t2, previous=(t:2, i:20), leaderCommit=16, initializing? false, entries: <empty>
2019-09-11 07:02:09,147 [grpc-default-executor-2] WARN  server.GrpcLogAppender (LogUtils.java:warn(134)) - b366cd81-90f5-4f0e-8fa6-7e105a738d9d@group-5FF39CBF2ADF->c3336af5-ef91-4420-af01-c0c00dc6c530-AppendLogResponseHandler: Failed appendEntries: org.apache.ratis.thirdparty.io.grpc.StatusRuntimeException: UNAVAILABLE: io exception
2019-09-11 07:02:09,147 [grpc-default-executor-2] INFO  impl.FollowerInfo (FollowerInfo.java:lambda$new$0(51)) - b366cd81-90f5-4f0e-8fa6-7e105a738d9d@group-5FF39CBF2ADF->c3336af5-ef91-4420-af01-c0c00dc6c530: nextIndex: updateUnconditionally 0 -> 0
2019-09-11 07:02:09,345 [main] INFO  ozoneimpl.OzoneContainer (OzoneContainer.java:stop(231)) - Attempting to stop container services.
2019-09-11 07:02:09,346 [main] INFO  impl.RaftServerProxy (RaftServerProxy.java:lambda$close$4(314)) - e76620e4-5df3-481a-bd8d-e91ef558e102: close
2019-09-11 07:02:09,347 [main] INFO  impl.RaftServerImpl (RaftServerImpl.java:lambda$shutdown$3(251)) - e76620e4-5df3-481a-bd8d-e91ef558e102@group-5FF39CBF2ADF: shutdown
2019-09-11 07:02:09,347 [main] INFO  util.JmxRegister (JmxRegister.java:unregister(73)) - Successfully un-registered JMX Bean with object name Ratis:service=RaftServer,group=group-5FF39CBF2ADF,id=e76620e4-5df3-481a-bd8d-e91ef558e102
2019-09-11 07:02:09,348 [main] INFO  impl.RoleInfo (RoleInfo.java:shutdownFollowerState(121)) - e76620e4-5df3-481a-bd8d-e91ef558e102: shutdown FollowerState
2019-09-11 07:02:09,348 [main] INFO  impl.StateMachineUpdater (StateMachineUpdater.java:stopAndJoin(125)) - e76620e4-5df3-481a-bd8d-e91ef558e102@group-5FF39CBF2ADF-StateMachineUpdater: set stopIndex = 16
2019-09-11 07:02:09,348 [Thread-430] INFO  impl.FollowerState (FollowerState.java:run(115)) - e76620e4-5df3-481a-bd8d-e91ef558e102: FollowerState was interrupted: java.lang.InterruptedException: sleep interrupted
2019-09-11 07:02:09,348 [e76620e4-5df3-481a-bd8d-e91ef558e102@group-5FF39CBF2ADF-StateMachineUpdater] INFO  ratis.ContainerStateMachine (ContainerStateMachine.java:takeSnapshot(289)) - group-5FF39CBF2ADF: Taking a snapshot at:(t:2, i:12) file /workdir/hadoop-ozone/integration-test/target/test-dir/MiniOzoneClusterImpl-17eb7e61-4fa5-444d-af72-e415168ae45d/datanode-8/data/ratis/af2d3d67-cd5f-47e3-ae2e-5ff39cbf2adf/sm/snapshot.2_12
2019-09-11 07:02:09,376 [e76620e4-5df3-481a-bd8d-e91ef558e102@group-5FF39CBF2ADF-StateMachineUpdater] INFO  ratis.ContainerStateMachine (ContainerStateMachine.java:takeSnapshot(300)) - group-5FF39CBF2ADF: Finished taking a snapshot at:(t:2, i:12) file:/workdir/hadoop-ozone/integration-test/target/test-dir/MiniOzoneClusterImpl-17eb7e61-4fa5-444d-af72-e415168ae45d/datanode-8/data/ratis/af2d3d67-cd5f-47e3-ae2e-5ff39cbf2adf/sm/snapshot.2_12 time:27
2019-09-11 07:02:09,376 [e76620e4-5df3-481a-bd8d-e91ef558e102@group-5FF39CBF2ADF-StateMachineUpdater] INFO  impl.StateMachineUpdater (StateMachineUpdater.java:takeSnapshot(258)) - e76620e4-5df3-481a-bd8d-e91ef558e102@group-5FF39CBF2ADF-StateMachineUpdater: Took a snapshot at index 12
2019-09-11 07:02:09,376 [e76620e4-5df3-481a-bd8d-e91ef558e102@group-5FF39CBF2ADF-StateMachineUpdater] INFO  impl.StateMachineUpdater (StateMachineUpdater.java:lambda$new$0(83)) - e76620e4-5df3-481a-bd8d-e91ef558e102@group-5FF39CBF2ADF-StateMachineUpdater: snapshotIndex: updateIncreasingly -1 -> 12
2019-09-11 07:02:09,377 [e76620e4-5df3-481a-bd8d-e91ef558e102@group-5FF39CBF2ADF-StateMachineUpdater] INFO  ratis.ContainerStateMachine (ContainerStateMachine.java:takeSnapshot(289)) - group-5FF39CBF2ADF: Taking a snapshot at:(t:2, i:12) file /workdir/hadoop-ozone/integration-test/target/test-dir/MiniOzoneClusterImpl-17eb7e61-4fa5-444d-af72-e415168ae45d/datanode-8/data/ratis/af2d3d67-cd5f-47e3-ae2e-5ff39cbf2adf/sm/snapshot.2_12
2019-09-11 07:02:09,390 [e76620e4-5df3-481a-bd8d-e91ef558e102@group-5FF39CBF2ADF-StateMachineUpdater] INFO  ratis.ContainerStateMachine (ContainerStateMachine.java:takeSnapshot(300)) - group-5FF39CBF2ADF: Finished taking a snapshot at:(t:2, i:12) file:/workdir/hadoop-ozone/integration-test/target/test-dir/MiniOzoneClusterImpl-17eb7e61-4fa5-444d-af72-e415168ae45d/datanode-8/data/ratis/af2d3d67-cd5f-47e3-ae2e-5ff39cbf2adf/sm/snapshot.2_12 time:14
2019-09-11 07:02:09,391 [e76620e4-5df3-481a-bd8d-e91ef558e102@group-5FF39CBF2ADF-StateMachineUpdater] INFO  impl.StateMachineUpdater (StateMachineUpdater.java:takeSnapshot(258)) - e76620e4-5df3-481a-bd8d-e91ef558e102@group-5FF39CBF2ADF-StateMachineUpdater: Took a snapshot at index 12
2019-09-11 07:02:09,391 [e76620e4-5df3-481a-bd8d-e91ef558e102@group-5FF39CBF2ADF-StateMachineUpdater] INFO  impl.StateMachineUpdater (StateMachineUpdater.java:lambda$new$0(83)) - e76620e4-5df3-481a-bd8d-e91ef558e102@group-5FF39CBF2ADF-StateMachineUpdater: snapshotIndex: updateIncreasingly 12 -> 12
2019-09-11 07:02:09,391 [main] INFO  impl.RaftServerImpl (ServerState.java:close(385)) - e76620e4-5df3-481a-bd8d-e91ef558e102@group-5FF39CBF2ADF: closes. applyIndex: 16
2019-09-11 07:02:09,395 [e76620e4-5df3-481a-bd8d-e91ef558e102@group-5FF39CBF2ADF-SegmentedRaftLogWorker] ERROR ratis.XceiverServerRatis (XceiverServerRatis.java:triggerPipelineClose(575)) - pipeline Action CLOSE  on pipeline PipelineID=af2d3d67-cd5f-47e3-ae2e-5ff39cbf2adf.Reason : WriteLog:19: (t:2, i:19), STATEMACHINELOGENTRY, client-FA9E6D659E8E, cid=41-writeStateMachineData interrupted.
2019-09-11 07:02:09,408 [main] INFO  segmented.SegmentedRaftLogWorker (SegmentedRaftLogWorker.java:close(228)) - e76620e4-5df3-481a-bd8d-e91ef558e102@group-5FF39CBF2ADF-SegmentedRaftLogWorker close()
2019-09-11 07:02:09,412 [main] INFO  impl.RaftServerImpl (RaftServerImpl.java:lambda$shutdown$3(251)) - e76620e4-5df3-481a-bd8d-e91ef558e102@group-4716894BBD4E: shutdown
2019-09-11 07:02:09,412 [main] INFO  util.JmxRegister (JmxRegister.java:unregister(73)) - Successfully un-registered JMX Bean with object name Ratis:service=RaftServer,group=group-4716894BBD4E,id=e76620e4-5df3-481a-bd8d-e91ef558e102
2019-09-11 07:02:09,413 [main] INFO  impl.RoleInfo (RoleInfo.java:shutdownLeaderState(104)) - e76620e4-5df3-481a-bd8d-e91ef558e102: shutdown LeaderState
2019-09-11 07:02:09,413 [main] INFO  impl.PendingRequests (PendingRequests.java:sendNotLeaderResponses(202)) - e76620e4-5df3-481a-bd8d-e91ef558e102-PendingRequests: sendNotLeaderResponses
2019-09-11 07:02:09,414 [main] INFO  impl.StateMachineUpdater (StateMachineUpdater.java:stopAndJoin(125)) - e76620e4-5df3-481a-bd8d-e91ef558e102@group-4716894BBD4E-StateMachineUpdater: set stopIndex = 0
2019-09-11 07:02:09,414 [main] INFO  impl.RaftServerImpl (ServerState.java:close(385)) - e76620e4-5df3-481a-bd8d-e91ef558e102@group-4716894BBD4E: closes. applyIndex: 0
2019-09-11 07:02:09,415 [e76620e4-5df3-481a-bd8d-e91ef558e102@group-4716894BBD4E-SegmentedRaftLogWorker] INFO  segmented.SegmentedRaftLogWorker (SegmentedRaftLogWorker.java:run(313)) - e76620e4-5df3-481a-bd8d-e91ef558e102@group-4716894BBD4E-SegmentedRaftLogWorker was interrupted, exiting. There are 0 tasks remaining in the queue.
2019-09-11 07:02:09,417 [main] INFO  segmented.SegmentedRaftLogWorker (SegmentedRaftLogWorker.java:close(228)) - e76620e4-5df3-481a-bd8d-e91ef558e102@group-4716894BBD4E-SegmentedRaftLogWorker close()
2019-09-11 07:02:09,420 [main] INFO  server.GrpcService (GrpcService.java:closeImpl(164)) - e76620e4-5df3-481a-bd8d-e91ef558e102: shutdown server with port 40986 now
2019-09-11 07:02:09,421 [grpc-default-executor-2] WARN  server.GrpcServerProtocolService (LogUtils.java:warn(134)) - e76620e4-5df3-481a-bd8d-e91ef558e102: installSnapshot onError, lastRequest: b366cd81-90f5-4f0e-8fa6-7e105a738d9d->e76620e4-5df3-481a-bd8d-e91ef558e102#119-t2, previous=(t:2, i:20), leaderCommit=16, initializing? false, entries: <empty>: org.apache.ratis.thirdparty.io.grpc.StatusRuntimeException: CANCELLED: cancelled before receiving half close
2019-09-11 07:02:09,424 [main] INFO  server.GrpcService (GrpcService.java:closeImpl(172)) - e76620e4-5df3-481a-bd8d-e91ef558e102: shutdown server with port 40986 successfully
2019-09-11 07:02:09,429 [grpc-default-executor-0] WARN  server.GrpcLogAppender (LogUtils.java:warn(134)) - b366cd81-90f5-4f0e-8fa6-7e105a738d9d@group-5FF39CBF2ADF->e76620e4-5df3-481a-bd8d-e91ef558e102-AppendLogResponseHandler: Failed appendEntries: org.apache.ratis.thirdparty.io.grpc.StatusRuntimeException: CANCELLED: HTTP/2 error code: CANCEL
Received Rst Stream
2019-09-11 07:02:09,429 [grpc-default-executor-0] INFO  impl.FollowerInfo (FollowerInfo.java:lambda$new$0(51)) - b366cd81-90f5-4f0e-8fa6-7e105a738d9d@group-5FF39CBF2ADF->e76620e4-5df3-481a-bd8d-e91ef558e102: nextIndex: updateUnconditionally 21 -> 17
2019-09-11 07:02:09,433 [refreshUsed-/workdir/hadoop-ozone/integration-test/target/test-dir/MiniOzoneClusterImpl-17eb7e61-4fa5-444d-af72-e415168ae45d/datanode-8/data/containers] WARN  fs.CachingGetSpaceUsed (CachingGetSpaceUsed.java:run(183)) - Thread Interrupted waiting to refresh disk information: sleep interrupted
2019-09-11 07:02:09,455 [main] INFO  utils.BackgroundService (BackgroundService.java:shutdown(148)) - Shutting down service BlockDeletingService
2019-09-11 07:02:09,463 [main] INFO  statemachine.DatanodeStateMachine (DatanodeStateMachine.java:stopDaemon(395)) - Ozone container server stopped.
2019-09-11 07:02:09,465 [main] INFO  handler.ContextHandler (ContextHandler.java:doStop(910)) - Stopped o.e.j.w.WebAppContext@70730db{/,null,UNAVAILABLE}{/hddsDatanode}
2019-09-11 07:02:09,466 [main] INFO  server.AbstractConnector (AbstractConnector.java:doStop(318)) - Stopped ServerConnector@5793b87{HTTP/1.1,[http/1.1]}{0.0.0.0:0}
2019-09-11 07:02:09,466 [main] INFO  handler.ContextHandler (ContextHandler.java:doStop(910)) - Stopped o.e.j.s.ServletContextHandler@33425811{/static,jar:file:/home/user/.m2/repository/org/apache/hadoop/hadoop-hdds-container-service/0.5.0-SNAPSHOT/hadoop-hdds-container-service-0.5.0-SNAPSHOT.jar!/webapps/static,UNAVAILABLE}
2019-09-11 07:02:09,467 [main] INFO  handler.ContextHandler (ContextHandler.java:doStop(910)) - Stopped o.e.j.s.ServletContextHandler@2bc426f0{/logs,file:///workdir/hadoop-ozone/integration-test/target/log,UNAVAILABLE}
2019-09-11 07:02:09,510 [grpc-default-executor-3] INFO  client.GrpcClientProtocolClient (GrpcClientProtocolClient.java:onNext(264)) - client-5E7B1F498381->bbdbb4de-2219-47e5-a2b1-d5e525a98c19: receive RaftClientReply:client-5E7B1F498381->bbdbb4de-2219-47e5-a2b1-d5e525a98c19@group-D61D25716C8D, cid=63, SUCCESS, logIndex=28, commits[bbdbb4de-2219-47e5-a2b1-d5e525a98c19:c29, 7cc5d2d7-39af-4b66-8513-17417d4c25e9:c27, 0159beb9-e28f-41a3-bdd5-1125b6dbb65e:c27]
2019-09-11 07:02:09,510 [grpc-default-executor-3] INFO  client.GrpcClientProtocolClient (GrpcClientProtocolClient.java:onNext(264)) - client-5E7B1F498381->bbdbb4de-2219-47e5-a2b1-d5e525a98c19: receive RaftClientReply:client-5E7B1F498381->bbdbb4de-2219-47e5-a2b1-d5e525a98c19@group-D61D25716C8D, cid=64, SUCCESS, logIndex=29, commits[bbdbb4de-2219-47e5-a2b1-d5e525a98c19:c29, 7cc5d2d7-39af-4b66-8513-17417d4c25e9:c27, 0159beb9-e28f-41a3-bdd5-1125b6dbb65e:c27]
2019-09-11 07:02:09,512 [java.util.concurrent.ThreadPoolExecutor$Worker@77aa567a[State = -1, empty queue]] WARN  server.GrpcLogAppender (GrpcLogAppender.java:timeoutAppendRequest(200)) - 4523c126-f03b-4acb-be3e-4c406fe3aaad@group-7CDE87E80901->4a2aa8aa-5edc-4f5e-99ad-9332c6d3f836-GrpcLogAppender: appendEntries Timeout, request=4523c126-f03b-4acb-be3e-4c406fe3aaad->4a2aa8aa-5edc-4f5e-99ad-9332c6d3f836#113-t2, previous=(t:2, i:18), leaderCommit=14, initializing? false, entries: <empty>
2019-09-11 07:02:09,524 [grpc-default-executor-3] INFO  client.GrpcClientProtocolClient (GrpcClientProtocolClient.java:onNext(264)) - client-5E7B1F498381->bbdbb4de-2219-47e5-a2b1-d5e525a98c19: receive RaftClientReply:client-5E7B1F498381->bbdbb4de-2219-47e5-a2b1-d5e525a98c19@group-D61D25716C8D, cid=65, SUCCESS, logIndex=0, commits[bbdbb4de-2219-47e5-a2b1-d5e525a98c19:c31, 7cc5d2d7-39af-4b66-8513-17417d4c25e9:c29, 0159beb9-e28f-41a3-bdd5-1125b6dbb65e:c29]
2019-09-11 07:02:09,609 [grpc-default-executor-3] WARN  server.GrpcLogAppender (LogUtils.java:warn(134)) - b366cd81-90f5-4f0e-8fa6-7e105a738d9d@group-5FF39CBF2ADF->e76620e4-5df3-481a-bd8d-e91ef558e102-AppendLogResponseHandler: Failed appendEntries: org.apache.ratis.thirdparty.io.grpc.StatusRuntimeException: UNAVAILABLE: io exception
2019-09-11 07:02:09,609 [grpc-default-executor-3] INFO  impl.FollowerInfo (FollowerInfo.java:lambda$new$0(51)) - b366cd81-90f5-4f0e-8fa6-7e105a738d9d@group-5FF39CBF2ADF->e76620e4-5df3-481a-bd8d-e91ef558e102: nextIndex: updateUnconditionally 17 -> 16
2019-09-11 07:02:09,647 [grpc-default-executor-0] WARN  server.GrpcLogAppender (LogUtils.java:warn(134)) - b366cd81-90f5-4f0e-8fa6-7e105a738d9d@group-5FF39CBF2ADF->c3336af5-ef91-4420-af01-c0c00dc6c530-AppendLogResponseHandler: Failed appendEntries: org.apache.ratis.thirdparty.io.grpc.StatusRuntimeException: UNAVAILABLE: io exception
2019-09-11 07:02:09,647 [grpc-default-executor-0] INFO  impl.FollowerInfo (FollowerInfo.java:lambda$new$0(51)) - b366cd81-90f5-4f0e-8fa6-7e105a738d9d@group-5FF39CBF2ADF->c3336af5-ef91-4420-af01-c0c00dc6c530: nextIndex: updateUnconditionally 0 -> 0
2019-09-11 07:02:10,012 [java.util.concurrent.ThreadPoolExecutor$Worker@77aa567a[State = -1, empty queue]] WARN  server.GrpcLogAppender (GrpcLogAppender.java:timeoutAppendRequest(200)) - 4523c126-f03b-4acb-be3e-4c406fe3aaad@group-7CDE87E80901->4a2aa8aa-5edc-4f5e-99ad-9332c6d3f836-GrpcLogAppender: appendEntries Timeout, request=4523c126-f03b-4acb-be3e-4c406fe3aaad->4a2aa8aa-5edc-4f5e-99ad-9332c6d3f836#114-t2, previous=(t:2, i:18), leaderCommit=14, initializing? false, entries: <empty>
2019-09-11 07:02:10,110 [grpc-default-executor-1] WARN  server.GrpcLogAppender (LogUtils.java:warn(134)) - b366cd81-90f5-4f0e-8fa6-7e105a738d9d@group-5FF39CBF2ADF->e76620e4-5df3-481a-bd8d-e91ef558e102-AppendLogResponseHandler: Failed appendEntries: org.apache.ratis.thirdparty.io.grpc.StatusRuntimeException: UNAVAILABLE: io exception
2019-09-11 07:02:10,110 [grpc-default-executor-1] INFO  impl.FollowerInfo (FollowerInfo.java:lambda$new$0(51)) - b366cd81-90f5-4f0e-8fa6-7e105a738d9d@group-5FF39CBF2ADF->e76620e4-5df3-481a-bd8d-e91ef558e102: nextIndex: updateUnconditionally 16 -> 15
2019-09-11 07:02:10,148 [grpc-default-executor-3] WARN  server.GrpcLogAppender (LogUtils.java:warn(134)) - b366cd81-90f5-4f0e-8fa6-7e105a738d9d@group-5FF39CBF2ADF->c3336af5-ef91-4420-af01-c0c00dc6c530-AppendLogResponseHandler: Failed appendEntries: org.apache.ratis.thirdparty.io.grpc.StatusRuntimeException: UNAVAILABLE: io exception
2019-09-11 07:02:10,149 [grpc-default-executor-3] INFO  impl.FollowerInfo (FollowerInfo.java:lambda$new$0(51)) - b366cd81-90f5-4f0e-8fa6-7e105a738d9d@group-5FF39CBF2ADF->c3336af5-ef91-4420-af01-c0c00dc6c530: nextIndex: updateUnconditionally 0 -> 0
2019-09-11 07:02:10,512 [java.util.concurrent.ThreadPoolExecutor$Worker@77aa567a[State = -1, empty queue]] WARN  server.GrpcLogAppender (GrpcLogAppender.java:timeoutAppendRequest(200)) - 4523c126-f03b-4acb-be3e-4c406fe3aaad@group-7CDE87E80901->4a2aa8aa-5edc-4f5e-99ad-9332c6d3f836-GrpcLogAppender: appendEntries Timeout, request=4523c126-f03b-4acb-be3e-4c406fe3aaad->4a2aa8aa-5edc-4f5e-99ad-9332c6d3f836#115-t2, previous=(t:2, i:18), leaderCommit=14, initializing? false, entries: <empty>
2019-09-11 07:02:10,611 [grpc-default-executor-0] WARN  server.GrpcLogAppender (LogUtils.java:warn(134)) - b366cd81-90f5-4f0e-8fa6-7e105a738d9d@group-5FF39CBF2ADF->e76620e4-5df3-481a-bd8d-e91ef558e102-AppendLogResponseHandler: Failed appendEntries: org.apache.ratis.thirdparty.io.grpc.StatusRuntimeException: UNAVAILABLE: io exception
2019-09-11 07:02:10,611 [grpc-default-executor-0] INFO  impl.FollowerInfo (FollowerInfo.java:lambda$new$0(51)) - b366cd81-90f5-4f0e-8fa6-7e105a738d9d@group-5FF39CBF2ADF->e76620e4-5df3-481a-bd8d-e91ef558e102: nextIndex: updateUnconditionally 15 -> 14
2019-09-11 07:02:10,649 [grpc-default-executor-1] WARN  server.GrpcLogAppender (LogUtils.java:warn(134)) - b366cd81-90f5-4f0e-8fa6-7e105a738d9d@group-5FF39CBF2ADF->c3336af5-ef91-4420-af01-c0c00dc6c530-AppendLogResponseHandler: Failed appendEntries: org.apache.ratis.thirdparty.io.grpc.StatusRuntimeException: UNAVAILABLE: io exception
2019-09-11 07:02:10,649 [grpc-default-executor-1] INFO  impl.FollowerInfo (FollowerInfo.java:lambda$new$0(51)) - b366cd81-90f5-4f0e-8fa6-7e105a738d9d@group-5FF39CBF2ADF->c3336af5-ef91-4420-af01-c0c00dc6c530: nextIndex: updateUnconditionally 0 -> 0
2019-09-11 07:02:11,013 [java.util.concurrent.ThreadPoolExecutor$Worker@77aa567a[State = -1, empty queue]] WARN  server.GrpcLogAppender (GrpcLogAppender.java:timeoutAppendRequest(200)) - 4523c126-f03b-4acb-be3e-4c406fe3aaad@group-7CDE87E80901->4a2aa8aa-5edc-4f5e-99ad-9332c6d3f836-GrpcLogAppender: appendEntries Timeout, request=4523c126-f03b-4acb-be3e-4c406fe3aaad->4a2aa8aa-5edc-4f5e-99ad-9332c6d3f836#116-t2, previous=(t:2, i:18), leaderCommit=14, initializing? false, entries: <empty>
2019-09-11 07:02:11,112 [grpc-default-executor-1] WARN  server.GrpcLogAppender (LogUtils.java:warn(134)) - b366cd81-90f5-4f0e-8fa6-7e105a738d9d@group-5FF39CBF2ADF->e76620e4-5df3-481a-bd8d-e91ef558e102-AppendLogResponseHandler: Failed appendEntries: org.apache.ratis.thirdparty.io.grpc.StatusRuntimeException: UNAVAILABLE: io exception
2019-09-11 07:02:11,113 [grpc-default-executor-1] INFO  impl.FollowerInfo (FollowerInfo.java:lambda$new$0(51)) - b366cd81-90f5-4f0e-8fa6-7e105a738d9d@group-5FF39CBF2ADF->e76620e4-5df3-481a-bd8d-e91ef558e102: nextIndex: updateUnconditionally 14 -> 13
2019-09-11 07:02:11,139 [b366cd81-90f5-4f0e-8fa6-7e105a738d9d@group-5FF39CBF2ADF-SegmentedRaftLogWorker] WARN  segmented.SegmentedRaftLogWorker (SegmentedRaftLogWorker.java:getFromFuture(90)) - Timeout 4/~
org.apache.ratis.protocol.TimeoutIOException: Timeout 10s: WriteLog:19: (t:2, i:19), STATEMACHINELOGENTRY, client-FA9E6D659E8E, cid=41-writeStateMachineData
	at org.apache.ratis.util.IOUtils.getFromFuture(IOUtils.java:87)
	at org.apache.ratis.server.raftlog.segmented.SegmentedRaftLogWorker$StateMachineDataPolicy.getFromFuture(SegmentedRaftLogWorker.java:87)
	at org.apache.ratis.server.raftlog.segmented.SegmentedRaftLogWorker$WriteLog.execute(SegmentedRaftLogWorker.java:477)
	at org.apache.ratis.server.raftlog.segmented.SegmentedRaftLogWorker.run(SegmentedRaftLogWorker.java:289)
	at java.lang.Thread.run(Thread.java:748)
Caused by: java.util.concurrent.TimeoutException
	at java.util.concurrent.CompletableFuture.timedGet(CompletableFuture.java:1771)
	at java.util.concurrent.CompletableFuture.get(CompletableFuture.java:1915)
	at org.apache.ratis.util.IOUtils.getFromFuture(IOUtils.java:79)
	... 4 more
2019-09-11 07:02:11,150 [grpc-default-executor-3] WARN  server.GrpcLogAppender (LogUtils.java:warn(134)) - b366cd81-90f5-4f0e-8fa6-7e105a738d9d@group-5FF39CBF2ADF->c3336af5-ef91-4420-af01-c0c00dc6c530-AppendLogResponseHandler: Failed appendEntries: org.apache.ratis.thirdparty.io.grpc.StatusRuntimeException: UNAVAILABLE: io exception
2019-09-11 07:02:11,150 [grpc-default-executor-3] INFO  impl.FollowerInfo (FollowerInfo.java:lambda$new$0(51)) - b366cd81-90f5-4f0e-8fa6-7e105a738d9d@group-5FF39CBF2ADF->c3336af5-ef91-4420-af01-c0c00dc6c530: nextIndex: updateUnconditionally 0 -> 0
2019-09-11 07:02:11,513 [java.util.concurrent.ThreadPoolExecutor$Worker@77aa567a[State = -1, empty queue]] WARN  server.GrpcLogAppender (GrpcLogAppender.java:timeoutAppendRequest(200)) - 4523c126-f03b-4acb-be3e-4c406fe3aaad@group-7CDE87E80901->4a2aa8aa-5edc-4f5e-99ad-9332c6d3f836-GrpcLogAppender: appendEntries Timeout, request=4523c126-f03b-4acb-be3e-4c406fe3aaad->4a2aa8aa-5edc-4f5e-99ad-9332c6d3f836#117-t2, previous=(t:2, i:18), leaderCommit=14, initializing? false, entries: <empty>
2019-09-11 07:02:11,612 [grpc-default-executor-0] WARN  server.GrpcLogAppender (LogUtils.java:warn(134)) - b366cd81-90f5-4f0e-8fa6-7e105a738d9d@group-5FF39CBF2ADF->e76620e4-5df3-481a-bd8d-e91ef558e102-AppendLogResponseHandler: Failed appendEntries: org.apache.ratis.thirdparty.io.grpc.StatusRuntimeException: UNAVAILABLE: io exception
2019-09-11 07:02:11,613 [grpc-default-executor-0] INFO  impl.FollowerInfo (FollowerInfo.java:lambda$new$0(51)) - b366cd81-90f5-4f0e-8fa6-7e105a738d9d@group-5FF39CBF2ADF->e76620e4-5df3-481a-bd8d-e91ef558e102: nextIndex: updateUnconditionally 13 -> 12
2019-09-11 07:02:11,650 [grpc-default-executor-1] WARN  server.GrpcLogAppender (LogUtils.java:warn(134)) - b366cd81-90f5-4f0e-8fa6-7e105a738d9d@group-5FF39CBF2ADF->c3336af5-ef91-4420-af01-c0c00dc6c530-AppendLogResponseHandler: Failed appendEntries: org.apache.ratis.thirdparty.io.grpc.StatusRuntimeException: UNAVAILABLE: io exception
2019-09-11 07:02:11,650 [grpc-default-executor-1] INFO  impl.FollowerInfo (FollowerInfo.java:lambda$new$0(51)) - b366cd81-90f5-4f0e-8fa6-7e105a738d9d@group-5FF39CBF2ADF->c3336af5-ef91-4420-af01-c0c00dc6c530: nextIndex: updateUnconditionally 0 -> 0
2019-09-11 07:02:12,013 [java.util.concurrent.ThreadPoolExecutor$Worker@77aa567a[State = -1, empty queue]] WARN  server.GrpcLogAppender (GrpcLogAppender.java:timeoutAppendRequest(200)) - 4523c126-f03b-4acb-be3e-4c406fe3aaad@group-7CDE87E80901->4a2aa8aa-5edc-4f5e-99ad-9332c6d3f836-GrpcLogAppender: appendEntries Timeout, request=4523c126-f03b-4acb-be3e-4c406fe3aaad->4a2aa8aa-5edc-4f5e-99ad-9332c6d3f836#118-t2, previous=(t:2, i:18), leaderCommit=14, initializing? false, entries: <empty>
2019-09-11 07:02:12,114 [grpc-default-executor-0] WARN  server.GrpcLogAppender (LogUtils.java:warn(134)) - b366cd81-90f5-4f0e-8fa6-7e105a738d9d@group-5FF39CBF2ADF->e76620e4-5df3-481a-bd8d-e91ef558e102-AppendLogResponseHandler: Failed appendEntries: org.apache.ratis.thirdparty.io.grpc.StatusRuntimeException: UNAVAILABLE: io exception
2019-09-11 07:02:12,114 [grpc-default-executor-0] INFO  impl.FollowerInfo (FollowerInfo.java:lambda$new$0(51)) - b366cd81-90f5-4f0e-8fa6-7e105a738d9d@group-5FF39CBF2ADF->e76620e4-5df3-481a-bd8d-e91ef558e102: nextIndex: updateUnconditionally 12 -> 11
2019-09-11 07:02:12,151 [grpc-default-executor-3] WARN  server.GrpcLogAppender (LogUtils.java:warn(134)) - b366cd81-90f5-4f0e-8fa6-7e105a738d9d@group-5FF39CBF2ADF->c3336af5-ef91-4420-af01-c0c00dc6c530-AppendLogResponseHandler: Failed appendEntries: org.apache.ratis.thirdparty.io.grpc.StatusRuntimeException: UNAVAILABLE: io exception
2019-09-11 07:02:12,152 [grpc-default-executor-3] INFO  impl.FollowerInfo (FollowerInfo.java:lambda$new$0(51)) - b366cd81-90f5-4f0e-8fa6-7e105a738d9d@group-5FF39CBF2ADF->c3336af5-ef91-4420-af01-c0c00dc6c530: nextIndex: updateUnconditionally 0 -> 0
2019-09-11 07:02:12,514 [java.util.concurrent.ThreadPoolExecutor$Worker@77aa567a[State = -1, empty queue]] WARN  server.GrpcLogAppender (GrpcLogAppender.java:timeoutAppendRequest(200)) - 4523c126-f03b-4acb-be3e-4c406fe3aaad@group-7CDE87E80901->4a2aa8aa-5edc-4f5e-99ad-9332c6d3f836-GrpcLogAppender: appendEntries Timeout, request=4523c126-f03b-4acb-be3e-4c406fe3aaad->4a2aa8aa-5edc-4f5e-99ad-9332c6d3f836#119-t2, previous=(t:2, i:18), leaderCommit=14, initializing? false, entries: <empty>
2019-09-11 07:02:12,548 [java.util.concurrent.ThreadPoolExecutor$Worker@31796ff9[State = -1, empty queue]] WARN  server.GrpcLogAppender (GrpcLogAppender.java:timeoutAppendRequest(200)) - bbdbb4de-2219-47e5-a2b1-d5e525a98c19@group-D61D25716C8D->0159beb9-e28f-41a3-bdd5-1125b6dbb65e-GrpcLogAppender: appendEntries Timeout, request=bbdbb4de-2219-47e5-a2b1-d5e525a98c19->0159beb9-e28f-41a3-bdd5-1125b6dbb65e#129-t1, previous=(t:1, i:31), leaderCommit=31, initializing? false, entries: size=1, first=(t:1, i:32), STATEMACHINELOGENTRY, client-5E7B1F498381, cid=66
2019-09-11 07:02:12,548 [java.util.concurrent.ThreadPoolExecutor$Worker@31796ff9[State = -1, empty queue]] WARN  server.GrpcLogAppender (GrpcLogAppender.java:timeoutAppendRequest(200)) - bbdbb4de-2219-47e5-a2b1-d5e525a98c19@group-D61D25716C8D->0159beb9-e28f-41a3-bdd5-1125b6dbb65e-GrpcLogAppender: appendEntries Timeout, request=bbdbb4de-2219-47e5-a2b1-d5e525a98c19->0159beb9-e28f-41a3-bdd5-1125b6dbb65e#130-t1, previous=(t:1, i:32), leaderCommit=31, initializing? false, entries: size=1, first=(t:1, i:33), STATEMACHINELOGENTRY, client-5E7B1F498381, cid=67
2019-09-11 07:02:12,551 [java.util.concurrent.ThreadPoolExecutor$Worker@31796ff9[State = -1, empty queue]] WARN  server.GrpcLogAppender (GrpcLogAppender.java:timeoutAppendRequest(200)) - bbdbb4de-2219-47e5-a2b1-d5e525a98c19@group-D61D25716C8D->0159beb9-e28f-41a3-bdd5-1125b6dbb65e-GrpcLogAppender: appendEntries Timeout, request=bbdbb4de-2219-47e5-a2b1-d5e525a98c19->0159beb9-e28f-41a3-bdd5-1125b6dbb65e#131-t1, previous=(t:1, i:33), leaderCommit=31, initializing? false, entries: size=1, first=(t:1, i:34), STATEMACHINELOGENTRY, client-5E7B1F498381, cid=68
2019-09-11 07:02:12,551 [java.util.concurrent.ThreadPoolExecutor$Worker@31796ff9[State = -1, empty queue]] WARN  server.GrpcLogAppender (GrpcLogAppender.java:timeoutAppendRequest(200)) - bbdbb4de-2219-47e5-a2b1-d5e525a98c19@group-D61D25716C8D->0159beb9-e28f-41a3-bdd5-1125b6dbb65e-GrpcLogAppender: appendEntries Timeout, request=bbdbb4de-2219-47e5-a2b1-d5e525a98c19->0159beb9-e28f-41a3-bdd5-1125b6dbb65e#132-t1, previous=(t:1, i:34), leaderCommit=31, initializing? false, entries: size=1, first=(t:1, i:35), STATEMACHINELOGENTRY, client-5E7B1F498381, cid=69
2019-09-11 07:02:12,615 [grpc-default-executor-1] WARN  server.GrpcLogAppender (LogUtils.java:warn(134)) - b366cd81-90f5-4f0e-8fa6-7e105a738d9d@group-5FF39CBF2ADF->e76620e4-5df3-481a-bd8d-e91ef558e102-AppendLogResponseHandler: Failed appendEntries: org.apache.ratis.thirdparty.io.grpc.StatusRuntimeException: UNAVAILABLE: io exception
2019-09-11 07:02:12,618 [grpc-default-executor-1] INFO  impl.FollowerInfo (FollowerInfo.java:lambda$new$0(51)) - b366cd81-90f5-4f0e-8fa6-7e105a738d9d@group-5FF39CBF2ADF->e76620e4-5df3-481a-bd8d-e91ef558e102: nextIndex: updateUnconditionally 11 -> 10
2019-09-11 07:02:12,652 [grpc-default-executor-0] WARN  server.GrpcLogAppender (LogUtils.java:warn(134)) - b366cd81-90f5-4f0e-8fa6-7e105a738d9d@group-5FF39CBF2ADF->c3336af5-ef91-4420-af01-c0c00dc6c530-AppendLogResponseHandler: Failed appendEntries: org.apache.ratis.thirdparty.io.grpc.StatusRuntimeException: UNAVAILABLE: io exception
2019-09-11 07:02:12,656 [grpc-default-executor-0] INFO  impl.FollowerInfo (FollowerInfo.java:lambda$new$0(51)) - b366cd81-90f5-4f0e-8fa6-7e105a738d9d@group-5FF39CBF2ADF->c3336af5-ef91-4420-af01-c0c00dc6c530: nextIndex: updateUnconditionally 0 -> 0
2019-09-11 07:02:13,014 [java.util.concurrent.ThreadPoolExecutor$Worker@77aa567a[State = -1, empty queue]] WARN  server.GrpcLogAppender (GrpcLogAppender.java:timeoutAppendRequest(200)) - 4523c126-f03b-4acb-be3e-4c406fe3aaad@group-7CDE87E80901->4a2aa8aa-5edc-4f5e-99ad-9332c6d3f836-GrpcLogAppender: appendEntries Timeout, request=4523c126-f03b-4acb-be3e-4c406fe3aaad->4a2aa8aa-5edc-4f5e-99ad-9332c6d3f836#120-t2, previous=(t:2, i:18), leaderCommit=14, initializing? false, entries: <empty>
2019-09-11 07:02:13,051 [java.util.concurrent.ThreadPoolExecutor$Worker@31796ff9[State = -1, empty queue]] WARN  server.GrpcLogAppender (GrpcLogAppender.java:timeoutAppendRequest(200)) - bbdbb4de-2219-47e5-a2b1-d5e525a98c19@group-D61D25716C8D->0159beb9-e28f-41a3-bdd5-1125b6dbb65e-GrpcLogAppender: appendEntries Timeout, request=bbdbb4de-2219-47e5-a2b1-d5e525a98c19->0159beb9-e28f-41a3-bdd5-1125b6dbb65e#133-t1, previous=(t:1, i:35), leaderCommit=31, initializing? false, entries: <empty>
2019-09-11 07:02:13,116 [grpc-default-executor-0] WARN  server.GrpcLogAppender (LogUtils.java:warn(134)) - b366cd81-90f5-4f0e-8fa6-7e105a738d9d@group-5FF39CBF2ADF->e76620e4-5df3-481a-bd8d-e91ef558e102-AppendLogResponseHandler: Failed appendEntries: org.apache.ratis.thirdparty.io.grpc.StatusRuntimeException: UNAVAILABLE: io exception
2019-09-11 07:02:13,116 [grpc-default-executor-0] INFO  impl.FollowerInfo (FollowerInfo.java:lambda$new$0(51)) - b366cd81-90f5-4f0e-8fa6-7e105a738d9d@group-5FF39CBF2ADF->e76620e4-5df3-481a-bd8d-e91ef558e102: nextIndex: updateUnconditionally 10 -> 9
2019-09-11 07:02:13,153 [grpc-default-executor-0] WARN  server.GrpcLogAppender (LogUtils.java:warn(134)) - b366cd81-90f5-4f0e-8fa6-7e105a738d9d@group-5FF39CBF2ADF->c3336af5-ef91-4420-af01-c0c00dc6c530-AppendLogResponseHandler: Failed appendEntries: org.apache.ratis.thirdparty.io.grpc.StatusRuntimeException: UNAVAILABLE: io exception
2019-09-11 07:02:13,153 [grpc-default-executor-0] INFO  impl.FollowerInfo (FollowerInfo.java:lambda$new$0(51)) - b366cd81-90f5-4f0e-8fa6-7e105a738d9d@group-5FF39CBF2ADF->c3336af5-ef91-4420-af01-c0c00dc6c530: nextIndex: updateUnconditionally 0 -> 0
2019-09-11 07:02:13,515 [java.util.concurrent.ThreadPoolExecutor$Worker@77aa567a[State = -1, empty queue]] WARN  server.GrpcLogAppender (GrpcLogAppender.java:timeoutAppendRequest(200)) - 4523c126-f03b-4acb-be3e-4c406fe3aaad@group-7CDE87E80901->4a2aa8aa-5edc-4f5e-99ad-9332c6d3f836-GrpcLogAppender: appendEntries Timeout, request=4523c126-f03b-4acb-be3e-4c406fe3aaad->4a2aa8aa-5edc-4f5e-99ad-9332c6d3f836#121-t2, previous=(t:2, i:18), leaderCommit=14, initializing? false, entries: <empty>
2019-09-11 07:02:13,552 [java.util.concurrent.ThreadPoolExecutor$Worker@31796ff9[State = -1, empty queue]] WARN  server.GrpcLogAppender (GrpcLogAppender.java:timeoutAppendRequest(200)) - bbdbb4de-2219-47e5-a2b1-d5e525a98c19@group-D61D25716C8D->0159beb9-e28f-41a3-bdd5-1125b6dbb65e-GrpcLogAppender: appendEntries Timeout, request=bbdbb4de-2219-47e5-a2b1-d5e525a98c19->0159beb9-e28f-41a3-bdd5-1125b6dbb65e#134-t1, previous=(t:1, i:35), leaderCommit=31, initializing? false, entries: <empty>
2019-09-11 07:02:13,617 [grpc-default-executor-0] WARN  server.GrpcLogAppender (LogUtils.java:warn(134)) - b366cd81-90f5-4f0e-8fa6-7e105a738d9d@group-5FF39CBF2ADF->e76620e4-5df3-481a-bd8d-e91ef558e102-AppendLogResponseHandler: Failed appendEntries: org.apache.ratis.thirdparty.io.grpc.StatusRuntimeException: UNAVAILABLE: io exception
2019-09-11 07:02:13,617 [grpc-default-executor-0] INFO  impl.FollowerInfo (FollowerInfo.java:lambda$new$0(51)) - b366cd81-90f5-4f0e-8fa6-7e105a738d9d@group-5FF39CBF2ADF->e76620e4-5df3-481a-bd8d-e91ef558e102: nextIndex: updateUnconditionally 9 -> 8
2019-09-11 07:02:13,654 [grpc-default-executor-0] WARN  server.GrpcLogAppender (LogUtils.java:warn(134)) - b366cd81-90f5-4f0e-8fa6-7e105a738d9d@group-5FF39CBF2ADF->c3336af5-ef91-4420-af01-c0c00dc6c530-AppendLogResponseHandler: Failed appendEntries: org.apache.ratis.thirdparty.io.grpc.StatusRuntimeException: UNAVAILABLE: io exception
2019-09-11 07:02:13,654 [grpc-default-executor-0] INFO  impl.FollowerInfo (FollowerInfo.java:lambda$new$0(51)) - b366cd81-90f5-4f0e-8fa6-7e105a738d9d@group-5FF39CBF2ADF->c3336af5-ef91-4420-af01-c0c00dc6c530: nextIndex: updateUnconditionally 0 -> 0
2019-09-11 07:02:14,015 [java.util.concurrent.ThreadPoolExecutor$Worker@77aa567a[State = -1, empty queue]] WARN  server.GrpcLogAppender (GrpcLogAppender.java:timeoutAppendRequest(200)) - 4523c126-f03b-4acb-be3e-4c406fe3aaad@group-7CDE87E80901->4a2aa8aa-5edc-4f5e-99ad-9332c6d3f836-GrpcLogAppender: appendEntries Timeout, request=4523c126-f03b-4acb-be3e-4c406fe3aaad->4a2aa8aa-5edc-4f5e-99ad-9332c6d3f836#122-t2, previous=(t:2, i:18), leaderCommit=14, initializing? false, entries: <empty>
2019-09-11 07:02:14,052 [java.util.concurrent.ThreadPoolExecutor$Worker@31796ff9[State = -1, empty queue]] WARN  server.GrpcLogAppender (GrpcLogAppender.java:timeoutAppendRequest(200)) - bbdbb4de-2219-47e5-a2b1-d5e525a98c19@group-D61D25716C8D->0159beb9-e28f-41a3-bdd5-1125b6dbb65e-GrpcLogAppender: appendEntries Timeout, request=bbdbb4de-2219-47e5-a2b1-d5e525a98c19->0159beb9-e28f-41a3-bdd5-1125b6dbb65e#135-t1, previous=(t:1, i:35), leaderCommit=31, initializing? false, entries: <empty>
2019-09-11 07:02:14,118 [grpc-default-executor-0] WARN  server.GrpcLogAppender (LogUtils.java:warn(134)) - b366cd81-90f5-4f0e-8fa6-7e105a738d9d@group-5FF39CBF2ADF->e76620e4-5df3-481a-bd8d-e91ef558e102-AppendLogResponseHandler: Failed appendEntries: org.apache.ratis.thirdparty.io.grpc.StatusRuntimeException: UNAVAILABLE: io exception
2019-09-11 07:02:14,118 [grpc-default-executor-0] INFO  impl.FollowerInfo (FollowerInfo.java:lambda$new$0(51)) - b366cd81-90f5-4f0e-8fa6-7e105a738d9d@group-5FF39CBF2ADF->e76620e4-5df3-481a-bd8d-e91ef558e102: nextIndex: updateUnconditionally 8 -> 7
2019-09-11 07:02:14,155 [grpc-default-executor-0] WARN  server.GrpcLogAppender (LogUtils.java:warn(134)) - b366cd81-90f5-4f0e-8fa6-7e105a738d9d@group-5FF39CBF2ADF->c3336af5-ef91-4420-af01-c0c00dc6c530-AppendLogResponseHandler: Failed appendEntries: org.apache.ratis.thirdparty.io.grpc.StatusRuntimeException: UNAVAILABLE: io exception
2019-09-11 07:02:14,155 [grpc-default-executor-0] INFO  impl.FollowerInfo (FollowerInfo.java:lambda$new$0(51)) - b366cd81-90f5-4f0e-8fa6-7e105a738d9d@group-5FF39CBF2ADF->c3336af5-ef91-4420-af01-c0c00dc6c530: nextIndex: updateUnconditionally 0 -> 0
2019-09-11 07:02:14,515 [java.util.concurrent.ThreadPoolExecutor$Worker@77aa567a[State = -1, empty queue]] WARN  server.GrpcLogAppender (GrpcLogAppender.java:timeoutAppendRequest(200)) - 4523c126-f03b-4acb-be3e-4c406fe3aaad@group-7CDE87E80901->4a2aa8aa-5edc-4f5e-99ad-9332c6d3f836-GrpcLogAppender: appendEntries Timeout, request=4523c126-f03b-4acb-be3e-4c406fe3aaad->4a2aa8aa-5edc-4f5e-99ad-9332c6d3f836#123-t2, previous=(t:2, i:18), leaderCommit=14, initializing? false, entries: <empty>
2019-09-11 07:02:14,552 [java.util.concurrent.ThreadPoolExecutor$Worker@31796ff9[State = -1, empty queue]] WARN  server.GrpcLogAppender (GrpcLogAppender.java:timeoutAppendRequest(200)) - bbdbb4de-2219-47e5-a2b1-d5e525a98c19@group-D61D25716C8D->0159beb9-e28f-41a3-bdd5-1125b6dbb65e-GrpcLogAppender: appendEntries Timeout, request=bbdbb4de-2219-47e5-a2b1-d5e525a98c19->0159beb9-e28f-41a3-bdd5-1125b6dbb65e#136-t1, previous=(t:1, i:35), leaderCommit=31, initializing? false, entries: <empty>
2019-09-11 07:02:14,590 [grpc-default-executor-0] INFO  client.GrpcClientProtocolClient (GrpcClientProtocolClient.java:onNext(264)) - client-5E7B1F498381->7cc5d2d7-39af-4b66-8513-17417d4c25e9: receive RaftClientReply:client-5E7B1F498381->7cc5d2d7-39af-4b66-8513-17417d4c25e9@group-D61D25716C8D, cid=66, FAILED org.apache.ratis.protocol.NotLeaderException: Server 7cc5d2d7-39af-4b66-8513-17417d4c25e9@group-D61D25716C8D is not the leader bbdbb4de-2219-47e5-a2b1-d5e525a98c19:192.168.5.143:42910, logIndex=0, commits[7cc5d2d7-39af-4b66-8513-17417d4c25e9:c31, 0159beb9-e28f-41a3-bdd5-1125b6dbb65e:c29, bbdbb4de-2219-47e5-a2b1-d5e525a98c19:c31]
2019-09-11 07:02:14,618 [grpc-default-executor-3] WARN  server.GrpcLogAppender (LogUtils.java:warn(134)) - b366cd81-90f5-4f0e-8fa6-7e105a738d9d@group-5FF39CBF2ADF->e76620e4-5df3-481a-bd8d-e91ef558e102-AppendLogResponseHandler: Failed appendEntries: org.apache.ratis.thirdparty.io.grpc.StatusRuntimeException: UNAVAILABLE: io exception
2019-09-11 07:02:14,619 [grpc-default-executor-3] INFO  impl.FollowerInfo (FollowerInfo.java:lambda$new$0(51)) - b366cd81-90f5-4f0e-8fa6-7e105a738d9d@group-5FF39CBF2ADF->e76620e4-5df3-481a-bd8d-e91ef558e102: nextIndex: updateUnconditionally 7 -> 6
2019-09-11 07:02:14,655 [grpc-default-executor-0] WARN  server.GrpcLogAppender (LogUtils.java:warn(134)) - b366cd81-90f5-4f0e-8fa6-7e105a738d9d@group-5FF39CBF2ADF->c3336af5-ef91-4420-af01-c0c00dc6c530-AppendLogResponseHandler: Failed appendEntries: org.apache.ratis.thirdparty.io.grpc.StatusRuntimeException: UNAVAILABLE: io exception
2019-09-11 07:02:14,660 [grpc-default-executor-0] INFO  impl.FollowerInfo (FollowerInfo.java:lambda$new$0(51)) - b366cd81-90f5-4f0e-8fa6-7e105a738d9d@group-5FF39CBF2ADF->c3336af5-ef91-4420-af01-c0c00dc6c530: nextIndex: updateUnconditionally 0 -> 0
2019-09-11 07:02:15,016 [java.util.concurrent.ThreadPoolExecutor$Worker@77aa567a[State = -1, empty queue]] WARN  server.GrpcLogAppender (GrpcLogAppender.java:timeoutAppendRequest(200)) - 4523c126-f03b-4acb-be3e-4c406fe3aaad@group-7CDE87E80901->4a2aa8aa-5edc-4f5e-99ad-9332c6d3f836-GrpcLogAppender: appendEntries Timeout, request=4523c126-f03b-4acb-be3e-4c406fe3aaad->4a2aa8aa-5edc-4f5e-99ad-9332c6d3f836#124-t2, previous=(t:2, i:18), leaderCommit=14, initializing? false, entries: <empty>
2019-09-11 07:02:15,053 [java.util.concurrent.ThreadPoolExecutor$Worker@31796ff9[State = -1, empty queue]] WARN  server.GrpcLogAppender (GrpcLogAppender.java:timeoutAppendRequest(200)) - bbdbb4de-2219-47e5-a2b1-d5e525a98c19@group-D61D25716C8D->0159beb9-e28f-41a3-bdd5-1125b6dbb65e-GrpcLogAppender: appendEntries Timeout, request=bbdbb4de-2219-47e5-a2b1-d5e525a98c19->0159beb9-e28f-41a3-bdd5-1125b6dbb65e#137-t1, previous=(t:1, i:35), leaderCommit=31, initializing? false, entries: <empty>
2019-09-11 07:02:15,121 [grpc-default-executor-0] WARN  server.GrpcLogAppender (LogUtils.java:warn(134)) - b366cd81-90f5-4f0e-8fa6-7e105a738d9d@group-5FF39CBF2ADF->e76620e4-5df3-481a-bd8d-e91ef558e102-AppendLogResponseHandler: Failed appendEntries: org.apache.ratis.thirdparty.io.grpc.StatusRuntimeException: UNAVAILABLE: io exception
2019-09-11 07:02:15,121 [grpc-default-executor-0] INFO  impl.FollowerInfo (FollowerInfo.java:lambda$new$0(51)) - b366cd81-90f5-4f0e-8fa6-7e105a738d9d@group-5FF39CBF2ADF->e76620e4-5df3-481a-bd8d-e91ef558e102: nextIndex: updateUnconditionally 6 -> 5
2019-09-11 07:02:15,156 [grpc-default-executor-0] WARN  server.GrpcLogAppender (LogUtils.java:warn(134)) - b366cd81-90f5-4f0e-8fa6-7e105a738d9d@group-5FF39CBF2ADF->c3336af5-ef91-4420-af01-c0c00dc6c530-AppendLogResponseHandler: Failed appendEntries: org.apache.ratis.thirdparty.io.grpc.StatusRuntimeException: UNAVAILABLE: io exception
2019-09-11 07:02:15,156 [grpc-default-executor-0] INFO  impl.FollowerInfo (FollowerInfo.java:lambda$new$0(51)) - b366cd81-90f5-4f0e-8fa6-7e105a738d9d@group-5FF39CBF2ADF->c3336af5-ef91-4420-af01-c0c00dc6c530: nextIndex: updateUnconditionally 0 -> 0
2019-09-11 07:02:15,475 [4523c126-f03b-4acb-be3e-4c406fe3aaad@group-7CDE87E80901-SegmentedRaftLogWorker] WARN  segmented.SegmentedRaftLogWorker (SegmentedRaftLogWorker.java:getFromFuture(90)) - Timeout 2/~
org.apache.ratis.protocol.TimeoutIOException: Timeout 10s: WriteLog:15: (t:2, i:15), STATEMACHINELOGENTRY, client-F0C20677607E, cid=53-writeStateMachineData
	at org.apache.ratis.util.IOUtils.getFromFuture(IOUtils.java:87)
	at org.apache.ratis.server.raftlog.segmented.SegmentedRaftLogWorker$StateMachineDataPolicy.getFromFuture(SegmentedRaftLogWorker.java:87)
	at org.apache.ratis.server.raftlog.segmented.SegmentedRaftLogWorker$WriteLog.execute(SegmentedRaftLogWorker.java:477)
	at org.apache.ratis.server.raftlog.segmented.SegmentedRaftLogWorker.run(SegmentedRaftLogWorker.java:289)
	at java.lang.Thread.run(Thread.java:748)
Caused by: java.util.concurrent.TimeoutException
	at java.util.concurrent.CompletableFuture.timedGet(CompletableFuture.java:1771)
	at java.util.concurrent.CompletableFuture.get(CompletableFuture.java:1915)
	at org.apache.ratis.util.IOUtils.getFromFuture(IOUtils.java:79)
	... 4 more
2019-09-11 07:02:15,480 [4a2aa8aa-5edc-4f5e-99ad-9332c6d3f836@group-7CDE87E80901-SegmentedRaftLogWorker] WARN  segmented.SegmentedRaftLogWorker (SegmentedRaftLogWorker.java:getFromFuture(90)) - Timeout 2/~
org.apache.ratis.protocol.TimeoutIOException: Timeout 10s: WriteLog:15: (t:2, i:15), STATEMACHINELOGENTRY, client-F0C20677607E, cid=53-writeStateMachineData
	at org.apache.ratis.util.IOUtils.getFromFuture(IOUtils.java:87)
	at org.apache.ratis.server.raftlog.segmented.SegmentedRaftLogWorker$StateMachineDataPolicy.getFromFuture(SegmentedRaftLogWorker.java:87)
	at org.apache.ratis.server.raftlog.segmented.SegmentedRaftLogWorker$WriteLog.execute(SegmentedRaftLogWorker.java:477)
	at org.apache.ratis.server.raftlog.segmented.SegmentedRaftLogWorker.run(SegmentedRaftLogWorker.java:289)
	at java.lang.Thread.run(Thread.java:748)
Caused by: java.util.concurrent.TimeoutException
	at java.util.concurrent.CompletableFuture.timedGet(CompletableFuture.java:1771)
	at java.util.concurrent.CompletableFuture.get(CompletableFuture.java:1915)
	at org.apache.ratis.util.IOUtils.getFromFuture(IOUtils.java:79)
	... 4 more
2019-09-11 07:02:15,516 [java.util.concurrent.ThreadPoolExecutor$Worker@77aa567a[State = -1, empty queue]] WARN  server.GrpcLogAppender (GrpcLogAppender.java:timeoutAppendRequest(200)) - 4523c126-f03b-4acb-be3e-4c406fe3aaad@group-7CDE87E80901->4a2aa8aa-5edc-4f5e-99ad-9332c6d3f836-GrpcLogAppender: appendEntries Timeout, request=4523c126-f03b-4acb-be3e-4c406fe3aaad->4a2aa8aa-5edc-4f5e-99ad-9332c6d3f836#125-t2, previous=(t:2, i:18), leaderCommit=14, initializing? false, entries: <empty>
2019-09-11 07:02:15,553 [java.util.concurrent.ThreadPoolExecutor$Worker@31796ff9[State = -1, empty queue]] WARN  server.GrpcLogAppender (GrpcLogAppender.java:timeoutAppendRequest(200)) - bbdbb4de-2219-47e5-a2b1-d5e525a98c19@group-D61D25716C8D->0159beb9-e28f-41a3-bdd5-1125b6dbb65e-GrpcLogAppender: appendEntries Timeout, request=bbdbb4de-2219-47e5-a2b1-d5e525a98c19->0159beb9-e28f-41a3-bdd5-1125b6dbb65e#138-t1, previous=(t:1, i:35), leaderCommit=31, initializing? false, entries: <empty>
2019-09-11 07:02:15,623 [grpc-default-executor-0] WARN  server.GrpcLogAppender (LogUtils.java:warn(134)) - b366cd81-90f5-4f0e-8fa6-7e105a738d9d@group-5FF39CBF2ADF->e76620e4-5df3-481a-bd8d-e91ef558e102-AppendLogResponseHandler: Failed appendEntries: org.apache.ratis.thirdparty.io.grpc.StatusRuntimeException: UNAVAILABLE: io exception
2019-09-11 07:02:15,623 [grpc-default-executor-0] INFO  impl.FollowerInfo (FollowerInfo.java:lambda$new$0(51)) - b366cd81-90f5-4f0e-8fa6-7e105a738d9d@group-5FF39CBF2ADF->e76620e4-5df3-481a-bd8d-e91ef558e102: nextIndex: updateUnconditionally 5 -> 4
2019-09-11 07:02:15,657 [grpc-default-executor-1] WARN  server.GrpcLogAppender (LogUtils.java:warn(134)) - b366cd81-90f5-4f0e-8fa6-7e105a738d9d@group-5FF39CBF2ADF->c3336af5-ef91-4420-af01-c0c00dc6c530-AppendLogResponseHandler: Failed appendEntries: org.apache.ratis.thirdparty.io.grpc.StatusRuntimeException: UNAVAILABLE: io exception
2019-09-11 07:02:15,658 [grpc-default-executor-1] INFO  impl.FollowerInfo (FollowerInfo.java:lambda$new$0(51)) - b366cd81-90f5-4f0e-8fa6-7e105a738d9d@group-5FF39CBF2ADF->c3336af5-ef91-4420-af01-c0c00dc6c530: nextIndex: updateUnconditionally 0 -> 0
2019-09-11 07:02:16,016 [java.util.concurrent.ThreadPoolExecutor$Worker@77aa567a[State = -1, empty queue]] WARN  server.GrpcLogAppender (GrpcLogAppender.java:timeoutAppendRequest(200)) - 4523c126-f03b-4acb-be3e-4c406fe3aaad@group-7CDE87E80901->4a2aa8aa-5edc-4f5e-99ad-9332c6d3f836-GrpcLogAppender: appendEntries Timeout, request=4523c126-f03b-4acb-be3e-4c406fe3aaad->4a2aa8aa-5edc-4f5e-99ad-9332c6d3f836#126-t2, previous=(t:2, i:18), leaderCommit=14, initializing? false, entries: <empty>
2019-09-11 07:02:16,053 [java.util.concurrent.ThreadPoolExecutor$Worker@31796ff9[State = -1, empty queue]] WARN  server.GrpcLogAppender (GrpcLogAppender.java:timeoutAppendRequest(200)) - bbdbb4de-2219-47e5-a2b1-d5e525a98c19@group-D61D25716C8D->0159beb9-e28f-41a3-bdd5-1125b6dbb65e-GrpcLogAppender: appendEntries Timeout, request=bbdbb4de-2219-47e5-a2b1-d5e525a98c19->0159beb9-e28f-41a3-bdd5-1125b6dbb65e#139-t1, previous=(t:1, i:35), leaderCommit=31, initializing? false, entries: <empty>
2019-09-11 07:02:16,128 [grpc-default-executor-1] WARN  server.GrpcLogAppender (LogUtils.java:warn(134)) - b366cd81-90f5-4f0e-8fa6-7e105a738d9d@group-5FF39CBF2ADF->e76620e4-5df3-481a-bd8d-e91ef558e102-AppendLogResponseHandler: Failed appendEntries: org.apache.ratis.thirdparty.io.grpc.StatusRuntimeException: UNAVAILABLE: io exception
2019-09-11 07:02:16,130 [grpc-default-executor-1] INFO  impl.FollowerInfo (FollowerInfo.java:lambda$new$0(51)) - b366cd81-90f5-4f0e-8fa6-7e105a738d9d@group-5FF39CBF2ADF->e76620e4-5df3-481a-bd8d-e91ef558e102: nextIndex: updateUnconditionally 4 -> 3
2019-09-11 07:02:16,157 [grpc-default-executor-3] WARN  server.GrpcLogAppender (LogUtils.java:warn(134)) - b366cd81-90f5-4f0e-8fa6-7e105a738d9d@group-5FF39CBF2ADF->c3336af5-ef91-4420-af01-c0c00dc6c530-AppendLogResponseHandler: Failed appendEntries: org.apache.ratis.thirdparty.io.grpc.StatusRuntimeException: UNAVAILABLE: io exception
2019-09-11 07:02:16,158 [grpc-default-executor-3] INFO  impl.FollowerInfo (FollowerInfo.java:lambda$new$0(51)) - b366cd81-90f5-4f0e-8fa6-7e105a738d9d@group-5FF39CBF2ADF->c3336af5-ef91-4420-af01-c0c00dc6c530: nextIndex: updateUnconditionally 0 -> 0
2019-09-11 07:02:16,517 [java.util.concurrent.ThreadPoolExecutor$Worker@77aa567a[State = -1, empty queue]] WARN  server.GrpcLogAppender (GrpcLogAppender.java:timeoutAppendRequest(200)) - 4523c126-f03b-4acb-be3e-4c406fe3aaad@group-7CDE87E80901->4a2aa8aa-5edc-4f5e-99ad-9332c6d3f836-GrpcLogAppender: appendEntries Timeout, request=4523c126-f03b-4acb-be3e-4c406fe3aaad->4a2aa8aa-5edc-4f5e-99ad-9332c6d3f836#127-t2, previous=(t:2, i:18), leaderCommit=14, initializing? false, entries: <empty>
2019-09-11 07:02:16,559 [java.util.concurrent.ThreadPoolExecutor$Worker@31796ff9[State = -1, empty queue]] WARN  server.GrpcLogAppender (GrpcLogAppender.java:timeoutAppendRequest(200)) - bbdbb4de-2219-47e5-a2b1-d5e525a98c19@group-D61D25716C8D->0159beb9-e28f-41a3-bdd5-1125b6dbb65e-GrpcLogAppender: appendEntries Timeout, request=bbdbb4de-2219-47e5-a2b1-d5e525a98c19->0159beb9-e28f-41a3-bdd5-1125b6dbb65e#140-t1, previous=(t:1, i:35), leaderCommit=31, initializing? false, entries: <empty>
2019-09-11 07:02:16,628 [grpc-default-executor-0] WARN  server.GrpcLogAppender (LogUtils.java:warn(134)) - b366cd81-90f5-4f0e-8fa6-7e105a738d9d@group-5FF39CBF2ADF->e76620e4-5df3-481a-bd8d-e91ef558e102-AppendLogResponseHandler: Failed appendEntries: org.apache.ratis.thirdparty.io.grpc.StatusRuntimeException: UNAVAILABLE: io exception
2019-09-11 07:02:16,629 [grpc-default-executor-0] INFO  impl.FollowerInfo (FollowerInfo.java:lambda$new$0(51)) - b366cd81-90f5-4f0e-8fa6-7e105a738d9d@group-5FF39CBF2ADF->e76620e4-5df3-481a-bd8d-e91ef558e102: nextIndex: updateUnconditionally 3 -> 2
2019-09-11 07:02:16,659 [grpc-default-executor-1] WARN  server.GrpcLogAppender (LogUtils.java:warn(134)) - b366cd81-90f5-4f0e-8fa6-7e105a738d9d@group-5FF39CBF2ADF->c3336af5-ef91-4420-af01-c0c00dc6c530-AppendLogResponseHandler: Failed appendEntries: org.apache.ratis.thirdparty.io.grpc.StatusRuntimeException: UNAVAILABLE: io exception
2019-09-11 07:02:16,659 [grpc-default-executor-1] INFO  impl.FollowerInfo (FollowerInfo.java:lambda$new$0(51)) - b366cd81-90f5-4f0e-8fa6-7e105a738d9d@group-5FF39CBF2ADF->c3336af5-ef91-4420-af01-c0c00dc6c530: nextIndex: updateUnconditionally 0 -> 0
2019-09-11 07:02:17,017 [java.util.concurrent.ThreadPoolExecutor$Worker@77aa567a[State = -1, empty queue]] WARN  server.GrpcLogAppender (GrpcLogAppender.java:timeoutAppendRequest(200)) - 4523c126-f03b-4acb-be3e-4c406fe3aaad@group-7CDE87E80901->4a2aa8aa-5edc-4f5e-99ad-9332c6d3f836-GrpcLogAppender: appendEntries Timeout, request=4523c126-f03b-4acb-be3e-4c406fe3aaad->4a2aa8aa-5edc-4f5e-99ad-9332c6d3f836#128-t2, previous=(t:2, i:18), leaderCommit=14, initializing? false, entries: <empty>
2019-09-11 07:02:17,060 [java.util.concurrent.ThreadPoolExecutor$Worker@31796ff9[State = -1, empty queue]] WARN  server.GrpcLogAppender (GrpcLogAppender.java:timeoutAppendRequest(200)) - bbdbb4de-2219-47e5-a2b1-d5e525a98c19@group-D61D25716C8D->0159beb9-e28f-41a3-bdd5-1125b6dbb65e-GrpcLogAppender: appendEntries Timeout, request=bbdbb4de-2219-47e5-a2b1-d5e525a98c19->0159beb9-e28f-41a3-bdd5-1125b6dbb65e#141-t1, previous=(t:1, i:35), leaderCommit=31, initializing? false, entries: <empty>
2019-09-11 07:02:17,131 [grpc-default-executor-1] WARN  server.GrpcLogAppender (LogUtils.java:warn(134)) - b366cd81-90f5-4f0e-8fa6-7e105a738d9d@group-5FF39CBF2ADF->e76620e4-5df3-481a-bd8d-e91ef558e102-AppendLogResponseHandler: Failed appendEntries: org.apache.ratis.thirdparty.io.grpc.StatusRuntimeException: UNAVAILABLE: io exception
2019-09-11 07:02:17,131 [grpc-default-executor-1] INFO  impl.FollowerInfo (FollowerInfo.java:lambda$new$0(51)) - b366cd81-90f5-4f0e-8fa6-7e105a738d9d@group-5FF39CBF2ADF->e76620e4-5df3-481a-bd8d-e91ef558e102: nextIndex: updateUnconditionally 2 -> 1
2019-09-11 07:02:17,160 [grpc-default-executor-3] WARN  server.GrpcLogAppender (LogUtils.java:warn(134)) - b366cd81-90f5-4f0e-8fa6-7e105a738d9d@group-5FF39CBF2ADF->c3336af5-ef91-4420-af01-c0c00dc6c530-AppendLogResponseHandler: Failed appendEntries: org.apache.ratis.thirdparty.io.grpc.StatusRuntimeException: UNAVAILABLE: io exception
2019-09-11 07:02:17,160 [grpc-default-executor-3] INFO  impl.FollowerInfo (FollowerInfo.java:lambda$new$0(51)) - b366cd81-90f5-4f0e-8fa6-7e105a738d9d@group-5FF39CBF2ADF->c3336af5-ef91-4420-af01-c0c00dc6c530: nextIndex: updateUnconditionally 0 -> 0
2019-09-11 07:02:17,517 [java.util.concurrent.ThreadPoolExecutor$Worker@77aa567a[State = -1, empty queue]] WARN  server.GrpcLogAppender (GrpcLogAppender.java:timeoutAppendRequest(200)) - 4523c126-f03b-4acb-be3e-4c406fe3aaad@group-7CDE87E80901->4a2aa8aa-5edc-4f5e-99ad-9332c6d3f836-GrpcLogAppender: appendEntries Timeout, request=4523c126-f03b-4acb-be3e-4c406fe3aaad->4a2aa8aa-5edc-4f5e-99ad-9332c6d3f836#129-t2, previous=(t:2, i:18), leaderCommit=14, initializing? false, entries: <empty>
2019-09-11 07:02:17,563 [java.util.concurrent.ThreadPoolExecutor$Worker@31796ff9[State = -1, empty queue]] WARN  server.GrpcLogAppender (GrpcLogAppender.java:timeoutAppendRequest(200)) - bbdbb4de-2219-47e5-a2b1-d5e525a98c19@group-D61D25716C8D->0159beb9-e28f-41a3-bdd5-1125b6dbb65e-GrpcLogAppender: appendEntries Timeout, request=bbdbb4de-2219-47e5-a2b1-d5e525a98c19->0159beb9-e28f-41a3-bdd5-1125b6dbb65e#142-t1, previous=(t:1, i:35), leaderCommit=31, initializing? false, entries: <empty>
2019-09-11 07:02:17,631 [grpc-default-executor-3] WARN  server.GrpcLogAppender (LogUtils.java:warn(134)) - b366cd81-90f5-4f0e-8fa6-7e105a738d9d@group-5FF39CBF2ADF->e76620e4-5df3-481a-bd8d-e91ef558e102-AppendLogResponseHandler: Failed appendEntries: org.apache.ratis.thirdparty.io.grpc.StatusRuntimeException: UNAVAILABLE: io exception
2019-09-11 07:02:17,631 [grpc-default-executor-3] INFO  impl.FollowerInfo (FollowerInfo.java:lambda$new$0(51)) - b366cd81-90f5-4f0e-8fa6-7e105a738d9d@group-5FF39CBF2ADF->e76620e4-5df3-481a-bd8d-e91ef558e102: nextIndex: updateUnconditionally 1 -> 0
2019-09-11 07:02:17,660 [grpc-default-executor-0] WARN  server.GrpcLogAppender (LogUtils.java:warn(134)) - b366cd81-90f5-4f0e-8fa6-7e105a738d9d@group-5FF39CBF2ADF->c3336af5-ef91-4420-af01-c0c00dc6c530-AppendLogResponseHandler: Failed appendEntries: org.apache.ratis.thirdparty.io.grpc.StatusRuntimeException: UNAVAILABLE: io exception
2019-09-11 07:02:17,660 [grpc-default-executor-0] INFO  impl.FollowerInfo (FollowerInfo.java:lambda$new$0(51)) - b366cd81-90f5-4f0e-8fa6-7e105a738d9d@group-5FF39CBF2ADF->c3336af5-ef91-4420-af01-c0c00dc6c530: nextIndex: updateUnconditionally 0 -> 0
2019-09-11 07:02:18,018 [java.util.concurrent.ThreadPoolExecutor$Worker@77aa567a[State = -1, empty queue]] WARN  server.GrpcLogAppender (GrpcLogAppender.java:timeoutAppendRequest(200)) - 4523c126-f03b-4acb-be3e-4c406fe3aaad@group-7CDE87E80901->4a2aa8aa-5edc-4f5e-99ad-9332c6d3f836-GrpcLogAppender: appendEntries Timeout, request=4523c126-f03b-4acb-be3e-4c406fe3aaad->4a2aa8aa-5edc-4f5e-99ad-9332c6d3f836#130-t2, previous=(t:2, i:18), leaderCommit=14, initializing? false, entries: <empty>
2019-09-11 07:02:18,063 [java.util.concurrent.ThreadPoolExecutor$Worker@31796ff9[State = -1, empty queue]] WARN  server.GrpcLogAppender (GrpcLogAppender.java:timeoutAppendRequest(200)) - bbdbb4de-2219-47e5-a2b1-d5e525a98c19@group-D61D25716C8D->0159beb9-e28f-41a3-bdd5-1125b6dbb65e-GrpcLogAppender: appendEntries Timeout, request=bbdbb4de-2219-47e5-a2b1-d5e525a98c19->0159beb9-e28f-41a3-bdd5-1125b6dbb65e#143-t1, previous=(t:1, i:35), leaderCommit=31, initializing? false, entries: <empty>
2019-09-11 07:02:18,132 [grpc-default-executor-0] WARN  server.GrpcLogAppender (LogUtils.java:warn(134)) - b366cd81-90f5-4f0e-8fa6-7e105a738d9d@group-5FF39CBF2ADF->e76620e4-5df3-481a-bd8d-e91ef558e102-AppendLogResponseHandler: Failed appendEntries: org.apache.ratis.thirdparty.io.grpc.StatusRuntimeException: UNAVAILABLE: io exception
2019-09-11 07:02:18,132 [grpc-default-executor-0] INFO  impl.FollowerInfo (FollowerInfo.java:lambda$new$0(51)) - b366cd81-90f5-4f0e-8fa6-7e105a738d9d@group-5FF39CBF2ADF->e76620e4-5df3-481a-bd8d-e91ef558e102: nextIndex: updateUnconditionally 0 -> 0
2019-09-11 07:02:18,161 [grpc-default-executor-0] WARN  server.GrpcLogAppender (LogUtils.java:warn(134)) - b366cd81-90f5-4f0e-8fa6-7e105a738d9d@group-5FF39CBF2ADF->c3336af5-ef91-4420-af01-c0c00dc6c530-AppendLogResponseHandler: Failed appendEntries: org.apache.ratis.thirdparty.io.grpc.StatusRuntimeException: UNAVAILABLE: io exception
2019-09-11 07:02:18,161 [grpc-default-executor-0] INFO  impl.FollowerInfo (FollowerInfo.java:lambda$new$0(51)) - b366cd81-90f5-4f0e-8fa6-7e105a738d9d@group-5FF39CBF2ADF->c3336af5-ef91-4420-af01-c0c00dc6c530: nextIndex: updateUnconditionally 0 -> 0
2019-09-11 07:02:18,518 [java.util.concurrent.ThreadPoolExecutor$Worker@77aa567a[State = -1, empty queue]] WARN  server.GrpcLogAppender (GrpcLogAppender.java:timeoutAppendRequest(200)) - 4523c126-f03b-4acb-be3e-4c406fe3aaad@group-7CDE87E80901->4a2aa8aa-5edc-4f5e-99ad-9332c6d3f836-GrpcLogAppender: appendEntries Timeout, request=4523c126-f03b-4acb-be3e-4c406fe3aaad->4a2aa8aa-5edc-4f5e-99ad-9332c6d3f836#131-t2, previous=(t:2, i:18), leaderCommit=14, initializing? false, entries: <empty>
2019-09-11 07:02:18,564 [java.util.concurrent.ThreadPoolExecutor$Worker@31796ff9[State = -1, empty queue]] WARN  server.GrpcLogAppender (GrpcLogAppender.java:timeoutAppendRequest(200)) - bbdbb4de-2219-47e5-a2b1-d5e525a98c19@group-D61D25716C8D->0159beb9-e28f-41a3-bdd5-1125b6dbb65e-GrpcLogAppender: appendEntries Timeout, request=bbdbb4de-2219-47e5-a2b1-d5e525a98c19->0159beb9-e28f-41a3-bdd5-1125b6dbb65e#144-t1, previous=(t:1, i:35), leaderCommit=31, initializing? false, entries: <empty>
2019-09-11 07:02:18,633 [grpc-default-executor-1] WARN  server.GrpcLogAppender (LogUtils.java:warn(134)) - b366cd81-90f5-4f0e-8fa6-7e105a738d9d@group-5FF39CBF2ADF->e76620e4-5df3-481a-bd8d-e91ef558e102-AppendLogResponseHandler: Failed appendEntries: org.apache.ratis.thirdparty.io.grpc.StatusRuntimeException: UNAVAILABLE: io exception
2019-09-11 07:02:18,634 [grpc-default-executor-1] INFO  impl.FollowerInfo (FollowerInfo.java:lambda$new$0(51)) - b366cd81-90f5-4f0e-8fa6-7e105a738d9d@group-5FF39CBF2ADF->e76620e4-5df3-481a-bd8d-e91ef558e102: nextIndex: updateUnconditionally 0 -> 0
2019-09-11 07:02:18,662 [grpc-default-executor-1] WARN  server.GrpcLogAppender (LogUtils.java:warn(134)) - b366cd81-90f5-4f0e-8fa6-7e105a738d9d@group-5FF39CBF2ADF->c3336af5-ef91-4420-af01-c0c00dc6c530-AppendLogResponseHandler: Failed appendEntries: org.apache.ratis.thirdparty.io.grpc.StatusRuntimeException: UNAVAILABLE: io exception
2019-09-11 07:02:18,662 [grpc-default-executor-1] INFO  impl.FollowerInfo (FollowerInfo.java:lambda$new$0(51)) - b366cd81-90f5-4f0e-8fa6-7e105a738d9d@group-5FF39CBF2ADF->c3336af5-ef91-4420-af01-c0c00dc6c530: nextIndex: updateUnconditionally 0 -> 0
2019-09-11 07:02:19,018 [java.util.concurrent.ThreadPoolExecutor$Worker@77aa567a[State = -1, empty queue]] WARN  server.GrpcLogAppender (GrpcLogAppender.java:timeoutAppendRequest(200)) - 4523c126-f03b-4acb-be3e-4c406fe3aaad@group-7CDE87E80901->4a2aa8aa-5edc-4f5e-99ad-9332c6d3f836-GrpcLogAppender: appendEntries Timeout, request=4523c126-f03b-4acb-be3e-4c406fe3aaad->4a2aa8aa-5edc-4f5e-99ad-9332c6d3f836#132-t2, previous=(t:2, i:18), leaderCommit=14, initializing? false, entries: <empty>
2019-09-11 07:02:19,064 [java.util.concurrent.ThreadPoolExecutor$Worker@31796ff9[State = -1, empty queue]] WARN  server.GrpcLogAppender (GrpcLogAppender.java:timeoutAppendRequest(200)) - bbdbb4de-2219-47e5-a2b1-d5e525a98c19@group-D61D25716C8D->0159beb9-e28f-41a3-bdd5-1125b6dbb65e-GrpcLogAppender: appendEntries Timeout, request=bbdbb4de-2219-47e5-a2b1-d5e525a98c19->0159beb9-e28f-41a3-bdd5-1125b6dbb65e#145-t1, previous=(t:1, i:35), leaderCommit=31, initializing? false, entries: <empty>
2019-09-11 07:02:19,134 [grpc-default-executor-1] WARN  server.GrpcLogAppender (LogUtils.java:warn(134)) - b366cd81-90f5-4f0e-8fa6-7e105a738d9d@group-5FF39CBF2ADF->e76620e4-5df3-481a-bd8d-e91ef558e102-AppendLogResponseHandler: Failed appendEntries: org.apache.ratis.thirdparty.io.grpc.StatusRuntimeException: UNAVAILABLE: io exception
2019-09-11 07:02:19,135 [grpc-default-executor-1] INFO  impl.FollowerInfo (FollowerInfo.java:lambda$new$0(51)) - b366cd81-90f5-4f0e-8fa6-7e105a738d9d@group-5FF39CBF2ADF->e76620e4-5df3-481a-bd8d-e91ef558e102: nextIndex: updateUnconditionally 0 -> 0
2019-09-11 07:02:19,162 [grpc-default-executor-3] WARN  server.GrpcLogAppender (LogUtils.java:warn(134)) - b366cd81-90f5-4f0e-8fa6-7e105a738d9d@group-5FF39CBF2ADF->c3336af5-ef91-4420-af01-c0c00dc6c530-AppendLogResponseHandler: Failed appendEntries: org.apache.ratis.thirdparty.io.grpc.StatusRuntimeException: UNAVAILABLE: io exception
2019-09-11 07:02:19,163 [grpc-default-executor-3] INFO  impl.FollowerInfo (FollowerInfo.java:lambda$new$0(51)) - b366cd81-90f5-4f0e-8fa6-7e105a738d9d@group-5FF39CBF2ADF->c3336af5-ef91-4420-af01-c0c00dc6c530: nextIndex: updateUnconditionally 0 -> 0
2019-09-11 07:02:19,519 [java.util.concurrent.ThreadPoolExecutor$Worker@77aa567a[State = -1, empty queue]] WARN  server.GrpcLogAppender (GrpcLogAppender.java:timeoutAppendRequest(200)) - 4523c126-f03b-4acb-be3e-4c406fe3aaad@group-7CDE87E80901->4a2aa8aa-5edc-4f5e-99ad-9332c6d3f836-GrpcLogAppender: appendEntries Timeout, request=4523c126-f03b-4acb-be3e-4c406fe3aaad->4a2aa8aa-5edc-4f5e-99ad-9332c6d3f836#133-t2, previous=(t:2, i:18), leaderCommit=14, initializing? false, entries: <empty>
2019-09-11 07:02:19,547 [bbdbb4de-2219-47e5-a2b1-d5e525a98c19@group-D61D25716C8D-SegmentedRaftLogWorker] WARN  segmented.SegmentedRaftLogWorker (SegmentedRaftLogWorker.java:getFromFuture(90)) - Timeout 0/~
org.apache.ratis.protocol.TimeoutIOException: Timeout 10s: WriteLog:32: (t:1, i:32), STATEMACHINELOGENTRY, client-5E7B1F498381, cid=66-writeStateMachineData
	at org.apache.ratis.util.IOUtils.getFromFuture(IOUtils.java:87)
	at org.apache.ratis.server.raftlog.segmented.SegmentedRaftLogWorker$StateMachineDataPolicy.getFromFuture(SegmentedRaftLogWorker.java:87)
	at org.apache.ratis.server.raftlog.segmented.SegmentedRaftLogWorker$WriteLog.execute(SegmentedRaftLogWorker.java:477)
	at org.apache.ratis.server.raftlog.segmented.SegmentedRaftLogWorker.run(SegmentedRaftLogWorker.java:289)
	at java.lang.Thread.run(Thread.java:748)
Caused by: java.util.concurrent.TimeoutException
	at java.util.concurrent.CompletableFuture.timedGet(CompletableFuture.java:1771)
	at java.util.concurrent.CompletableFuture.get(CompletableFuture.java:1915)
	at org.apache.ratis.util.IOUtils.getFromFuture(IOUtils.java:79)
	... 4 more
2019-09-11 07:02:19,551 [0159beb9-e28f-41a3-bdd5-1125b6dbb65e@group-D61D25716C8D-SegmentedRaftLogWorker] WARN  segmented.SegmentedRaftLogWorker (SegmentedRaftLogWorker.java:getFromFuture(90)) - Timeout 0/~
org.apache.ratis.protocol.TimeoutIOException: Timeout 10s: WriteLog:32: (t:1, i:32), STATEMACHINELOGENTRY, client-5E7B1F498381, cid=66-writeStateMachineData
	at org.apache.ratis.util.IOUtils.getFromFuture(IOUtils.java:87)
	at org.apache.ratis.server.raftlog.segmented.SegmentedRaftLogWorker$StateMachineDataPolicy.getFromFuture(SegmentedRaftLogWorker.java:87)
	at org.apache.ratis.server.raftlog.segmented.SegmentedRaftLogWorker$WriteLog.execute(SegmentedRaftLogWorker.java:477)
	at org.apache.ratis.server.raftlog.segmented.SegmentedRaftLogWorker.run(SegmentedRaftLogWorker.java:289)
	at java.lang.Thread.run(Thread.java:748)
Caused by: java.util.concurrent.TimeoutException
	at java.util.concurrent.CompletableFuture.timedGet(CompletableFuture.java:1771)
	at java.util.concurrent.CompletableFuture.get(CompletableFuture.java:1915)
	at org.apache.ratis.util.IOUtils.getFromFuture(IOUtils.java:79)
	... 4 more
2019-09-11 07:02:19,564 [java.util.concurrent.ThreadPoolExecutor$Worker@31796ff9[State = -1, empty queue]] WARN  server.GrpcLogAppender (GrpcLogAppender.java:timeoutAppendRequest(200)) - bbdbb4de-2219-47e5-a2b1-d5e525a98c19@group-D61D25716C8D->0159beb9-e28f-41a3-bdd5-1125b6dbb65e-GrpcLogAppender: appendEntries Timeout, request=bbdbb4de-2219-47e5-a2b1-d5e525a98c19->0159beb9-e28f-41a3-bdd5-1125b6dbb65e#146-t1, previous=(t:1, i:35), leaderCommit=31, initializing? false, entries: <empty>
2019-09-11 07:02:19,635 [grpc-default-executor-0] WARN  server.GrpcLogAppender (LogUtils.java:warn(134)) - b366cd81-90f5-4f0e-8fa6-7e105a738d9d@group-5FF39CBF2ADF->e76620e4-5df3-481a-bd8d-e91ef558e102-AppendLogResponseHandler: Failed appendEntries: org.apache.ratis.thirdparty.io.grpc.StatusRuntimeException: UNAVAILABLE: io exception
2019-09-11 07:02:19,635 [grpc-default-executor-0] INFO  impl.FollowerInfo (FollowerInfo.java:lambda$new$0(51)) - b366cd81-90f5-4f0e-8fa6-7e105a738d9d@group-5FF39CBF2ADF->e76620e4-5df3-481a-bd8d-e91ef558e102: nextIndex: updateUnconditionally 0 -> 0
2019-09-11 07:02:19,649 [grpc-default-executor-0] INFO  client.GrpcClientProtocolClient (GrpcClientProtocolClient.java:onNext(264)) - client-5E7B1F498381->0159beb9-e28f-41a3-bdd5-1125b6dbb65e: receive RaftClientReply:client-5E7B1F498381->0159beb9-e28f-41a3-bdd5-1125b6dbb65e@group-D61D25716C8D, cid=66, FAILED org.apache.ratis.protocol.NotLeaderException: Server 0159beb9-e28f-41a3-bdd5-1125b6dbb65e@group-D61D25716C8D is not the leader bbdbb4de-2219-47e5-a2b1-d5e525a98c19:192.168.5.143:42910, logIndex=0, commits[0159beb9-e28f-41a3-bdd5-1125b6dbb65e:c31, 7cc5d2d7-39af-4b66-8513-17417d4c25e9:c31, bbdbb4de-2219-47e5-a2b1-d5e525a98c19:c31]
2019-09-11 07:02:19,665 [grpc-default-executor-3] WARN  server.GrpcLogAppender (LogUtils.java:warn(134)) - b366cd81-90f5-4f0e-8fa6-7e105a738d9d@group-5FF39CBF2ADF->c3336af5-ef91-4420-af01-c0c00dc6c530-AppendLogResponseHandler: Failed appendEntries: org.apache.ratis.thirdparty.io.grpc.StatusRuntimeException: UNAVAILABLE: io exception
2019-09-11 07:02:19,666 [grpc-default-executor-3] INFO  impl.FollowerInfo (FollowerInfo.java:lambda$new$0(51)) - b366cd81-90f5-4f0e-8fa6-7e105a738d9d@group-5FF39CBF2ADF->c3336af5-ef91-4420-af01-c0c00dc6c530: nextIndex: updateUnconditionally 0 -> 0
2019-09-11 07:02:20,020 [java.util.concurrent.ThreadPoolExecutor$Worker@77aa567a[State = -1, empty queue]] WARN  server.GrpcLogAppender (GrpcLogAppender.java:timeoutAppendRequest(200)) - 4523c126-f03b-4acb-be3e-4c406fe3aaad@group-7CDE87E80901->4a2aa8aa-5edc-4f5e-99ad-9332c6d3f836-GrpcLogAppender: appendEntries Timeout, request=4523c126-f03b-4acb-be3e-4c406fe3aaad->4a2aa8aa-5edc-4f5e-99ad-9332c6d3f836#134-t2, previous=(t:2, i:18), leaderCommit=14, initializing? false, entries: <empty>
2019-09-11 07:02:20,065 [java.util.concurrent.ThreadPoolExecutor$Worker@31796ff9[State = -1, empty queue]] WARN  server.GrpcLogAppender (GrpcLogAppender.java:timeoutAppendRequest(200)) - bbdbb4de-2219-47e5-a2b1-d5e525a98c19@group-D61D25716C8D->0159beb9-e28f-41a3-bdd5-1125b6dbb65e-GrpcLogAppender: appendEntries Timeout, request=bbdbb4de-2219-47e5-a2b1-d5e525a98c19->0159beb9-e28f-41a3-bdd5-1125b6dbb65e#147-t1, previous=(t:1, i:35), leaderCommit=31, initializing? false, entries: <empty>
2019-09-11 07:02:20,139 [grpc-default-executor-0] WARN  server.GrpcLogAppender (LogUtils.java:warn(134)) - b366cd81-90f5-4f0e-8fa6-7e105a738d9d@group-5FF39CBF2ADF->e76620e4-5df3-481a-bd8d-e91ef558e102-AppendLogResponseHandler: Failed appendEntries: org.apache.ratis.thirdparty.io.grpc.StatusRuntimeException: UNAVAILABLE: io exception
2019-09-11 07:02:20,140 [grpc-default-executor-0] INFO  impl.FollowerInfo (FollowerInfo.java:lambda$new$0(51)) - b366cd81-90f5-4f0e-8fa6-7e105a738d9d@group-5FF39CBF2ADF->e76620e4-5df3-481a-bd8d-e91ef558e102: nextIndex: updateUnconditionally 0 -> 0
2019-09-11 07:02:20,167 [grpc-default-executor-3] WARN  server.GrpcLogAppender (LogUtils.java:warn(134)) - b366cd81-90f5-4f0e-8fa6-7e105a738d9d@group-5FF39CBF2ADF->c3336af5-ef91-4420-af01-c0c00dc6c530-AppendLogResponseHandler: Failed appendEntries: org.apache.ratis.thirdparty.io.grpc.StatusRuntimeException: UNAVAILABLE: io exception
2019-09-11 07:02:20,167 [grpc-default-executor-3] INFO  impl.FollowerInfo (FollowerInfo.java:lambda$new$0(51)) - b366cd81-90f5-4f0e-8fa6-7e105a738d9d@group-5FF39CBF2ADF->c3336af5-ef91-4420-af01-c0c00dc6c530: nextIndex: updateUnconditionally 0 -> 0
2019-09-11 07:02:20,520 [java.util.concurrent.ThreadPoolExecutor$Worker@77aa567a[State = -1, empty queue]] WARN  server.GrpcLogAppender (GrpcLogAppender.java:timeoutAppendRequest(200)) - 4523c126-f03b-4acb-be3e-4c406fe3aaad@group-7CDE87E80901->4a2aa8aa-5edc-4f5e-99ad-9332c6d3f836-GrpcLogAppender: appendEntries Timeout, request=4523c126-f03b-4acb-be3e-4c406fe3aaad->4a2aa8aa-5edc-4f5e-99ad-9332c6d3f836#135-t2, previous=(t:2, i:18), leaderCommit=14, initializing? false, entries: <empty>
2019-09-11 07:02:20,565 [java.util.concurrent.ThreadPoolExecutor$Worker@31796ff9[State = -1, empty queue]] WARN  server.GrpcLogAppender (GrpcLogAppender.java:timeoutAppendRequest(200)) - bbdbb4de-2219-47e5-a2b1-d5e525a98c19@group-D61D25716C8D->0159beb9-e28f-41a3-bdd5-1125b6dbb65e-GrpcLogAppender: appendEntries Timeout, request=bbdbb4de-2219-47e5-a2b1-d5e525a98c19->0159beb9-e28f-41a3-bdd5-1125b6dbb65e#148-t1, previous=(t:1, i:35), leaderCommit=31, initializing? false, entries: <empty>
2019-09-11 07:02:20,639 [grpc-default-executor-1] WARN  server.GrpcLogAppender (LogUtils.java:warn(134)) - b366cd81-90f5-4f0e-8fa6-7e105a738d9d@group-5FF39CBF2ADF->e76620e4-5df3-481a-bd8d-e91ef558e102-AppendLogResponseHandler: Failed appendEntries: org.apache.ratis.thirdparty.io.grpc.StatusRuntimeException: UNAVAILABLE: io exception
2019-09-11 07:02:20,640 [grpc-default-executor-1] INFO  impl.FollowerInfo (FollowerInfo.java:lambda$new$0(51)) - b366cd81-90f5-4f0e-8fa6-7e105a738d9d@group-5FF39CBF2ADF->e76620e4-5df3-481a-bd8d-e91ef558e102: nextIndex: updateUnconditionally 0 -> 0
2019-09-11 07:02:20,667 [grpc-default-executor-0] WARN  server.GrpcLogAppender (LogUtils.java:warn(134)) - b366cd81-90f5-4f0e-8fa6-7e105a738d9d@group-5FF39CBF2ADF->c3336af5-ef91-4420-af01-c0c00dc6c530-AppendLogResponseHandler: Failed appendEntries: org.apache.ratis.thirdparty.io.grpc.StatusRuntimeException: UNAVAILABLE: io exception
2019-09-11 07:02:20,668 [grpc-default-executor-0] INFO  impl.FollowerInfo (FollowerInfo.java:lambda$new$0(51)) - b366cd81-90f5-4f0e-8fa6-7e105a738d9d@group-5FF39CBF2ADF->c3336af5-ef91-4420-af01-c0c00dc6c530: nextIndex: updateUnconditionally 0 -> 0
2019-09-11 07:02:21,021 [java.util.concurrent.ThreadPoolExecutor$Worker@77aa567a[State = -1, empty queue]] WARN  server.GrpcLogAppender (GrpcLogAppender.java:timeoutAppendRequest(200)) - 4523c126-f03b-4acb-be3e-4c406fe3aaad@group-7CDE87E80901->4a2aa8aa-5edc-4f5e-99ad-9332c6d3f836-GrpcLogAppender: appendEntries Timeout, request=4523c126-f03b-4acb-be3e-4c406fe3aaad->4a2aa8aa-5edc-4f5e-99ad-9332c6d3f836#136-t2, previous=(t:2, i:18), leaderCommit=14, initializing? false, entries: <empty>
2019-09-11 07:02:21,065 [java.util.concurrent.ThreadPoolExecutor$Worker@31796ff9[State = -1, empty queue]] WARN  server.GrpcLogAppender (GrpcLogAppender.java:timeoutAppendRequest(200)) - bbdbb4de-2219-47e5-a2b1-d5e525a98c19@group-D61D25716C8D->0159beb9-e28f-41a3-bdd5-1125b6dbb65e-GrpcLogAppender: appendEntries Timeout, request=bbdbb4de-2219-47e5-a2b1-d5e525a98c19->0159beb9-e28f-41a3-bdd5-1125b6dbb65e#149-t1, previous=(t:1, i:35), leaderCommit=31, initializing? false, entries: <empty>
2019-09-11 07:02:21,139 [b366cd81-90f5-4f0e-8fa6-7e105a738d9d@group-5FF39CBF2ADF-SegmentedRaftLogWorker] WARN  segmented.SegmentedRaftLogWorker (SegmentedRaftLogWorker.java:getFromFuture(90)) - Timeout 5/~
org.apache.ratis.protocol.TimeoutIOException: Timeout 10s: WriteLog:19: (t:2, i:19), STATEMACHINELOGENTRY, client-FA9E6D659E8E, cid=41-writeStateMachineData
	at org.apache.ratis.util.IOUtils.getFromFuture(IOUtils.java:87)
	at org.apache.ratis.server.raftlog.segmented.SegmentedRaftLogWorker$StateMachineDataPolicy.getFromFuture(SegmentedRaftLogWorker.java:87)
	at org.apache.ratis.server.raftlog.segmented.SegmentedRaftLogWorker$WriteLog.execute(SegmentedRaftLogWorker.java:477)
	at org.apache.ratis.server.raftlog.segmented.SegmentedRaftLogWorker.run(SegmentedRaftLogWorker.java:289)
	at java.lang.Thread.run(Thread.java:748)
Caused by: java.util.concurrent.TimeoutException
	at java.util.concurrent.CompletableFuture.timedGet(CompletableFuture.java:1771)
	at java.util.concurrent.CompletableFuture.get(CompletableFuture.java:1915)
	at org.apache.ratis.util.IOUtils.getFromFuture(IOUtils.java:79)
	... 4 more
2019-09-11 07:02:21,169 [grpc-default-executor-1] WARN  server.GrpcLogAppender (LogUtils.java:warn(134)) - b366cd81-90f5-4f0e-8fa6-7e105a738d9d@group-5FF39CBF2ADF->c3336af5-ef91-4420-af01-c0c00dc6c530-AppendLogResponseHandler: Failed appendEntries: org.apache.ratis.thirdparty.io.grpc.StatusRuntimeException: UNAVAILABLE: io exception
2019-09-11 07:02:21,169 [grpc-default-executor-1] INFO  impl.FollowerInfo (FollowerInfo.java:lambda$new$0(51)) - b366cd81-90f5-4f0e-8fa6-7e105a738d9d@group-5FF39CBF2ADF->c3336af5-ef91-4420-af01-c0c00dc6c530: nextIndex: updateUnconditionally 0 -> 0
2019-09-11 07:02:21,169 [grpc-default-executor-7] WARN  server.GrpcLogAppender (LogUtils.java:warn(134)) - b366cd81-90f5-4f0e-8fa6-7e105a738d9d@group-5FF39CBF2ADF->e76620e4-5df3-481a-bd8d-e91ef558e102-AppendLogResponseHandler: Failed appendEntries: org.apache.ratis.thirdparty.io.grpc.StatusRuntimeException: UNAVAILABLE: io exception
2019-09-11 07:02:21,170 [grpc-default-executor-7] INFO  impl.FollowerInfo (FollowerInfo.java:lambda$new$0(51)) - b366cd81-90f5-4f0e-8fa6-7e105a738d9d@group-5FF39CBF2ADF->e76620e4-5df3-481a-bd8d-e91ef558e102: nextIndex: updateUnconditionally 0 -> 0
2019-09-11 07:02:21,522 [java.util.concurrent.ThreadPoolExecutor$Worker@77aa567a[State = -1, empty queue]] WARN  server.GrpcLogAppender (GrpcLogAppender.java:timeoutAppendRequest(200)) - 4523c126-f03b-4acb-be3e-4c406fe3aaad@group-7CDE87E80901->4a2aa8aa-5edc-4f5e-99ad-9332c6d3f836-GrpcLogAppender: appendEntries Timeout, request=4523c126-f03b-4acb-be3e-4c406fe3aaad->4a2aa8aa-5edc-4f5e-99ad-9332c6d3f836#137-t2, previous=(t:2, i:18), leaderCommit=14, initializing? false, entries: <empty>
2019-09-11 07:02:21,566 [java.util.concurrent.ThreadPoolExecutor$Worker@31796ff9[State = -1, empty queue]] WARN  server.GrpcLogAppender (GrpcLogAppender.java:timeoutAppendRequest(200)) - bbdbb4de-2219-47e5-a2b1-d5e525a98c19@group-D61D25716C8D->0159beb9-e28f-41a3-bdd5-1125b6dbb65e-GrpcLogAppender: appendEntries Timeout, request=bbdbb4de-2219-47e5-a2b1-d5e525a98c19->0159beb9-e28f-41a3-bdd5-1125b6dbb65e#150-t1, previous=(t:1, i:35), leaderCommit=31, initializing? false, entries: <empty>
2019-09-11 07:02:21,671 [grpc-default-executor-3] WARN  server.GrpcLogAppender (LogUtils.java:warn(134)) - b366cd81-90f5-4f0e-8fa6-7e105a738d9d@group-5FF39CBF2ADF->c3336af5-ef91-4420-af01-c0c00dc6c530-AppendLogResponseHandler: Failed appendEntries: org.apache.ratis.thirdparty.io.grpc.StatusRuntimeException: UNAVAILABLE: io exception
2019-09-11 07:02:21,671 [grpc-default-executor-0] WARN  server.GrpcLogAppender (LogUtils.java:warn(134)) - b366cd81-90f5-4f0e-8fa6-7e105a738d9d@group-5FF39CBF2ADF->e76620e4-5df3-481a-bd8d-e91ef558e102-AppendLogResponseHandler: Failed appendEntries: org.apache.ratis.thirdparty.io.grpc.StatusRuntimeException: UNAVAILABLE: io exception
2019-09-11 07:02:21,672 [grpc-default-executor-3] INFO  impl.FollowerInfo (FollowerInfo.java:lambda$new$0(51)) - b366cd81-90f5-4f0e-8fa6-7e105a738d9d@group-5FF39CBF2ADF->c3336af5-ef91-4420-af01-c0c00dc6c530: nextIndex: updateUnconditionally 0 -> 0
2019-09-11 07:02:21,672 [grpc-default-executor-0] INFO  impl.FollowerInfo (FollowerInfo.java:lambda$new$0(51)) - b366cd81-90f5-4f0e-8fa6-7e105a738d9d@group-5FF39CBF2ADF->e76620e4-5df3-481a-bd8d-e91ef558e102: nextIndex: updateUnconditionally 0 -> 0
2019-09-11 07:02:22,021 [java.util.concurrent.ThreadPoolExecutor$Worker@77aa567a[State = -1, empty queue]] WARN  server.GrpcLogAppender (GrpcLogAppender.java:timeoutAppendRequest(200)) - 4523c126-f03b-4acb-be3e-4c406fe3aaad@group-7CDE87E80901->4a2aa8aa-5edc-4f5e-99ad-9332c6d3f836-GrpcLogAppender: appendEntries Timeout, request=4523c126-f03b-4acb-be3e-4c406fe3aaad->4a2aa8aa-5edc-4f5e-99ad-9332c6d3f836#138-t2, previous=(t:2, i:18), leaderCommit=14, initializing? false, entries: <empty>
2019-09-11 07:02:22,066 [java.util.concurrent.ThreadPoolExecutor$Worker@31796ff9[State = -1, empty queue]] WARN  server.GrpcLogAppender (GrpcLogAppender.java:timeoutAppendRequest(200)) - bbdbb4de-2219-47e5-a2b1-d5e525a98c19@group-D61D25716C8D->0159beb9-e28f-41a3-bdd5-1125b6dbb65e-GrpcLogAppender: appendEntries Timeout, request=bbdbb4de-2219-47e5-a2b1-d5e525a98c19->0159beb9-e28f-41a3-bdd5-1125b6dbb65e#151-t1, previous=(t:1, i:35), leaderCommit=31, initializing? false, entries: <empty>
2019-09-11 07:02:22,172 [grpc-default-executor-2] WARN  server.GrpcLogAppender (LogUtils.java:warn(134)) - b366cd81-90f5-4f0e-8fa6-7e105a738d9d@group-5FF39CBF2ADF->c3336af5-ef91-4420-af01-c0c00dc6c530-AppendLogResponseHandler: Failed appendEntries: org.apache.ratis.thirdparty.io.grpc.StatusRuntimeException: UNAVAILABLE: io exception
2019-09-11 07:02:22,173 [grpc-default-executor-8] WARN  server.GrpcLogAppender (LogUtils.java:warn(134)) - b366cd81-90f5-4f0e-8fa6-7e105a738d9d@group-5FF39CBF2ADF->e76620e4-5df3-481a-bd8d-e91ef558e102-AppendLogResponseHandler: Failed appendEntries: org.apache.ratis.thirdparty.io.grpc.StatusRuntimeException: UNAVAILABLE: io exception
2019-09-11 07:02:22,173 [grpc-default-executor-2] INFO  impl.FollowerInfo (FollowerInfo.java:lambda$new$0(51)) - b366cd81-90f5-4f0e-8fa6-7e105a738d9d@group-5FF39CBF2ADF->c3336af5-ef91-4420-af01-c0c00dc6c530: nextIndex: updateUnconditionally 0 -> 0
2019-09-11 07:02:22,173 [grpc-default-executor-8] INFO  impl.FollowerInfo (FollowerInfo.java:lambda$new$0(51)) - b366cd81-90f5-4f0e-8fa6-7e105a738d9d@group-5FF39CBF2ADF->e76620e4-5df3-481a-bd8d-e91ef558e102: nextIndex: updateUnconditionally 0 -> 0
2019-09-11 07:02:22,522 [java.util.concurrent.ThreadPoolExecutor$Worker@77aa567a[State = -1, empty queue]] WARN  server.GrpcLogAppender (GrpcLogAppender.java:timeoutAppendRequest(200)) - 4523c126-f03b-4acb-be3e-4c406fe3aaad@group-7CDE87E80901->4a2aa8aa-5edc-4f5e-99ad-9332c6d3f836-GrpcLogAppender: appendEntries Timeout, request=4523c126-f03b-4acb-be3e-4c406fe3aaad->4a2aa8aa-5edc-4f5e-99ad-9332c6d3f836#139-t2, previous=(t:2, i:18), leaderCommit=14, initializing? false, entries: <empty>
2019-09-11 07:02:22,566 [java.util.concurrent.ThreadPoolExecutor$Worker@31796ff9[State = -1, empty queue]] WARN  server.GrpcLogAppender (GrpcLogAppender.java:timeoutAppendRequest(200)) - bbdbb4de-2219-47e5-a2b1-d5e525a98c19@group-D61D25716C8D->0159beb9-e28f-41a3-bdd5-1125b6dbb65e-GrpcLogAppender: appendEntries Timeout, request=bbdbb4de-2219-47e5-a2b1-d5e525a98c19->0159beb9-e28f-41a3-bdd5-1125b6dbb65e#152-t1, previous=(t:1, i:35), leaderCommit=31, initializing? false, entries: <empty>
2019-09-11 07:02:22,672 [grpc-default-executor-0] WARN  server.GrpcLogAppender (LogUtils.java:warn(134)) - b366cd81-90f5-4f0e-8fa6-7e105a738d9d@group-5FF39CBF2ADF->e76620e4-5df3-481a-bd8d-e91ef558e102-AppendLogResponseHandler: Failed appendEntries: org.apache.ratis.thirdparty.io.grpc.StatusRuntimeException: UNAVAILABLE: io exception
2019-09-11 07:02:22,672 [grpc-default-executor-1] WARN  server.GrpcLogAppender (LogUtils.java:warn(134)) - b366cd81-90f5-4f0e-8fa6-7e105a738d9d@group-5FF39CBF2ADF->c3336af5-ef91-4420-af01-c0c00dc6c530-AppendLogResponseHandler: Failed appendEntries: org.apache.ratis.thirdparty.io.grpc.StatusRuntimeException: UNAVAILABLE: io exception
2019-09-11 07:02:22,673 [grpc-default-executor-0] INFO  impl.FollowerInfo (FollowerInfo.java:lambda$new$0(51)) - b366cd81-90f5-4f0e-8fa6-7e105a738d9d@group-5FF39CBF2ADF->e76620e4-5df3-481a-bd8d-e91ef558e102: nextIndex: updateUnconditionally 0 -> 0
2019-09-11 07:02:22,673 [grpc-default-executor-1] INFO  impl.FollowerInfo (FollowerInfo.java:lambda$new$0(51)) - b366cd81-90f5-4f0e-8fa6-7e105a738d9d@group-5FF39CBF2ADF->c3336af5-ef91-4420-af01-c0c00dc6c530: nextIndex: updateUnconditionally 0 -> 0
2019-09-11 07:02:23,024 [java.util.concurrent.ThreadPoolExecutor$Worker@77aa567a[State = -1, empty queue]] WARN  server.GrpcLogAppender (GrpcLogAppender.java:timeoutAppendRequest(200)) - 4523c126-f03b-4acb-be3e-4c406fe3aaad@group-7CDE87E80901->4a2aa8aa-5edc-4f5e-99ad-9332c6d3f836-GrpcLogAppender: appendEntries Timeout, request=4523c126-f03b-4acb-be3e-4c406fe3aaad->4a2aa8aa-5edc-4f5e-99ad-9332c6d3f836#140-t2, previous=(t:2, i:18), leaderCommit=14, initializing? false, entries: <empty>
2019-09-11 07:02:23,067 [java.util.concurrent.ThreadPoolExecutor$Worker@31796ff9[State = -1, empty queue]] WARN  server.GrpcLogAppender (GrpcLogAppender.java:timeoutAppendRequest(200)) - bbdbb4de-2219-47e5-a2b1-d5e525a98c19@group-D61D25716C8D->0159beb9-e28f-41a3-bdd5-1125b6dbb65e-GrpcLogAppender: appendEntries Timeout, request=bbdbb4de-2219-47e5-a2b1-d5e525a98c19->0159beb9-e28f-41a3-bdd5-1125b6dbb65e#153-t1, previous=(t:1, i:35), leaderCommit=31, initializing? false, entries: <empty>
2019-09-11 07:02:23,174 [grpc-default-executor-1] WARN  server.GrpcLogAppender (LogUtils.java:warn(134)) - b366cd81-90f5-4f0e-8fa6-7e105a738d9d@group-5FF39CBF2ADF->e76620e4-5df3-481a-bd8d-e91ef558e102-AppendLogResponseHandler: Failed appendEntries: org.apache.ratis.thirdparty.io.grpc.StatusRuntimeException: UNAVAILABLE: io exception
2019-09-11 07:02:23,174 [grpc-default-executor-8] WARN  server.GrpcLogAppender (LogUtils.java:warn(134)) - b366cd81-90f5-4f0e-8fa6-7e105a738d9d@group-5FF39CBF2ADF->c3336af5-ef91-4420-af01-c0c00dc6c530-AppendLogResponseHandler: Failed appendEntries: org.apache.ratis.thirdparty.io.grpc.StatusRuntimeException: UNAVAILABLE: io exception
2019-09-11 07:02:23,175 [grpc-default-executor-1] INFO  impl.FollowerInfo (FollowerInfo.java:lambda$new$0(51)) - b366cd81-90f5-4f0e-8fa6-7e105a738d9d@group-5FF39CBF2ADF->e76620e4-5df3-481a-bd8d-e91ef558e102: nextIndex: updateUnconditionally 0 -> 0
2019-09-11 07:02:23,175 [grpc-default-executor-8] INFO  impl.FollowerInfo (FollowerInfo.java:lambda$new$0(51)) - b366cd81-90f5-4f0e-8fa6-7e105a738d9d@group-5FF39CBF2ADF->c3336af5-ef91-4420-af01-c0c00dc6c530: nextIndex: updateUnconditionally 0 -> 0
2019-09-11 07:02:23,525 [java.util.concurrent.ThreadPoolExecutor$Worker@77aa567a[State = -1, empty queue]] WARN  server.GrpcLogAppender (GrpcLogAppender.java:timeoutAppendRequest(200)) - 4523c126-f03b-4acb-be3e-4c406fe3aaad@group-7CDE87E80901->4a2aa8aa-5edc-4f5e-99ad-9332c6d3f836-GrpcLogAppender: appendEntries Timeout, request=4523c126-f03b-4acb-be3e-4c406fe3aaad->4a2aa8aa-5edc-4f5e-99ad-9332c6d3f836#141-t2, previous=(t:2, i:18), leaderCommit=14, initializing? false, entries: <empty>
2019-09-11 07:02:23,567 [java.util.concurrent.ThreadPoolExecutor$Worker@31796ff9[State = -1, empty queue]] WARN  server.GrpcLogAppender (GrpcLogAppender.java:timeoutAppendRequest(200)) - bbdbb4de-2219-47e5-a2b1-d5e525a98c19@group-D61D25716C8D->0159beb9-e28f-41a3-bdd5-1125b6dbb65e-GrpcLogAppender: appendEntries Timeout, request=bbdbb4de-2219-47e5-a2b1-d5e525a98c19->0159beb9-e28f-41a3-bdd5-1125b6dbb65e#154-t1, previous=(t:1, i:35), leaderCommit=31, initializing? false, entries: <empty>
2019-09-11 07:02:23,678 [grpc-default-executor-8] WARN  server.GrpcLogAppender (LogUtils.java:warn(134)) - b366cd81-90f5-4f0e-8fa6-7e105a738d9d@group-5FF39CBF2ADF->c3336af5-ef91-4420-af01-c0c00dc6c530-AppendLogResponseHandler: Failed appendEntries: org.apache.ratis.thirdparty.io.grpc.StatusRuntimeException: UNAVAILABLE: io exception
2019-09-11 07:02:23,679 [grpc-default-executor-0] WARN  server.GrpcLogAppender (LogUtils.java:warn(134)) - b366cd81-90f5-4f0e-8fa6-7e105a738d9d@group-5FF39CBF2ADF->e76620e4-5df3-481a-bd8d-e91ef558e102-AppendLogResponseHandler: Failed appendEntries: org.apache.ratis.thirdparty.io.grpc.StatusRuntimeException: UNAVAILABLE: io exception
2019-09-11 07:02:23,679 [grpc-default-executor-8] INFO  impl.FollowerInfo (FollowerInfo.java:lambda$new$0(51)) - b366cd81-90f5-4f0e-8fa6-7e105a738d9d@group-5FF39CBF2ADF->c3336af5-ef91-4420-af01-c0c00dc6c530: nextIndex: updateUnconditionally 0 -> 0
2019-09-11 07:02:23,679 [grpc-default-executor-0] INFO  impl.FollowerInfo (FollowerInfo.java:lambda$new$0(51)) - b366cd81-90f5-4f0e-8fa6-7e105a738d9d@group-5FF39CBF2ADF->e76620e4-5df3-481a-bd8d-e91ef558e102: nextIndex: updateUnconditionally 0 -> 0
2019-09-11 07:02:24,029 [java.util.concurrent.ThreadPoolExecutor$Worker@77aa567a[State = -1, empty queue]] WARN  server.GrpcLogAppender (GrpcLogAppender.java:timeoutAppendRequest(200)) - 4523c126-f03b-4acb-be3e-4c406fe3aaad@group-7CDE87E80901->4a2aa8aa-5edc-4f5e-99ad-9332c6d3f836-GrpcLogAppender: appendEntries Timeout, request=4523c126-f03b-4acb-be3e-4c406fe3aaad->4a2aa8aa-5edc-4f5e-99ad-9332c6d3f836#142-t2, previous=(t:2, i:18), leaderCommit=14, initializing? false, entries: <empty>
2019-09-11 07:02:24,067 [java.util.concurrent.ThreadPoolExecutor$Worker@31796ff9[State = -1, empty queue]] WARN  server.GrpcLogAppender (GrpcLogAppender.java:timeoutAppendRequest(200)) - bbdbb4de-2219-47e5-a2b1-d5e525a98c19@group-D61D25716C8D->0159beb9-e28f-41a3-bdd5-1125b6dbb65e-GrpcLogAppender: appendEntries Timeout, request=bbdbb4de-2219-47e5-a2b1-d5e525a98c19->0159beb9-e28f-41a3-bdd5-1125b6dbb65e#155-t1, previous=(t:1, i:35), leaderCommit=31, initializing? false, entries: <empty>
2019-09-11 07:02:24,179 [grpc-default-executor-2] WARN  server.GrpcLogAppender (LogUtils.java:warn(134)) - b366cd81-90f5-4f0e-8fa6-7e105a738d9d@group-5FF39CBF2ADF->c3336af5-ef91-4420-af01-c0c00dc6c530-AppendLogResponseHandler: Failed appendEntries: org.apache.ratis.thirdparty.io.grpc.StatusRuntimeException: UNAVAILABLE: io exception
2019-09-11 07:02:24,179 [grpc-default-executor-1] WARN  server.GrpcLogAppender (LogUtils.java:warn(134)) - b366cd81-90f5-4f0e-8fa6-7e105a738d9d@group-5FF39CBF2ADF->e76620e4-5df3-481a-bd8d-e91ef558e102-AppendLogResponseHandler: Failed appendEntries: org.apache.ratis.thirdparty.io.grpc.StatusRuntimeException: UNAVAILABLE: io exception
2019-09-11 07:02:24,180 [grpc-default-executor-2] INFO  impl.FollowerInfo (FollowerInfo.java:lambda$new$0(51)) - b366cd81-90f5-4f0e-8fa6-7e105a738d9d@group-5FF39CBF2ADF->c3336af5-ef91-4420-af01-c0c00dc6c530: nextIndex: updateUnconditionally 0 -> 0
2019-09-11 07:02:24,180 [grpc-default-executor-1] INFO  impl.FollowerInfo (FollowerInfo.java:lambda$new$0(51)) - b366cd81-90f5-4f0e-8fa6-7e105a738d9d@group-5FF39CBF2ADF->e76620e4-5df3-481a-bd8d-e91ef558e102: nextIndex: updateUnconditionally 0 -> 0
2019-09-11 07:02:24,531 [java.util.concurrent.ThreadPoolExecutor$Worker@77aa567a[State = -1, empty queue]] WARN  server.GrpcLogAppender (GrpcLogAppender.java:timeoutAppendRequest(200)) - 4523c126-f03b-4acb-be3e-4c406fe3aaad@group-7CDE87E80901->4a2aa8aa-5edc-4f5e-99ad-9332c6d3f836-GrpcLogAppender: appendEntries Timeout, request=4523c126-f03b-4acb-be3e-4c406fe3aaad->4a2aa8aa-5edc-4f5e-99ad-9332c6d3f836#143-t2, previous=(t:2, i:18), leaderCommit=14, initializing? false, entries: <empty>
2019-09-11 07:02:24,568 [java.util.concurrent.ThreadPoolExecutor$Worker@31796ff9[State = -1, empty queue]] WARN  server.GrpcLogAppender (GrpcLogAppender.java:timeoutAppendRequest(200)) - bbdbb4de-2219-47e5-a2b1-d5e525a98c19@group-D61D25716C8D->0159beb9-e28f-41a3-bdd5-1125b6dbb65e-GrpcLogAppender: appendEntries Timeout, request=bbdbb4de-2219-47e5-a2b1-d5e525a98c19->0159beb9-e28f-41a3-bdd5-1125b6dbb65e#156-t1, previous=(t:1, i:35), leaderCommit=31, initializing? false, entries: <empty>
2019-09-11 07:02:24,681 [grpc-default-executor-8] WARN  server.GrpcLogAppender (LogUtils.java:warn(134)) - b366cd81-90f5-4f0e-8fa6-7e105a738d9d@group-5FF39CBF2ADF->c3336af5-ef91-4420-af01-c0c00dc6c530-AppendLogResponseHandler: Failed appendEntries: org.apache.ratis.thirdparty.io.grpc.StatusRuntimeException: UNAVAILABLE: io exception
2019-09-11 07:02:24,681 [grpc-default-executor-2] WARN  server.GrpcLogAppender (LogUtils.java:warn(134)) - b366cd81-90f5-4f0e-8fa6-7e105a738d9d@group-5FF39CBF2ADF->e76620e4-5df3-481a-bd8d-e91ef558e102-AppendLogResponseHandler: Failed appendEntries: org.apache.ratis.thirdparty.io.grpc.StatusRuntimeException: UNAVAILABLE: io exception
2019-09-11 07:02:24,682 [grpc-default-executor-8] INFO  impl.FollowerInfo (FollowerInfo.java:lambda$new$0(51)) - b366cd81-90f5-4f0e-8fa6-7e105a738d9d@group-5FF39CBF2ADF->c3336af5-ef91-4420-af01-c0c00dc6c530: nextIndex: updateUnconditionally 0 -> 0
2019-09-11 07:02:24,682 [grpc-default-executor-2] INFO  impl.FollowerInfo (FollowerInfo.java:lambda$new$0(51)) - b366cd81-90f5-4f0e-8fa6-7e105a738d9d@group-5FF39CBF2ADF->e76620e4-5df3-481a-bd8d-e91ef558e102: nextIndex: updateUnconditionally 0 -> 0
2019-09-11 07:02:24,710 [grpc-default-executor-8] INFO  client.GrpcClientProtocolClient (GrpcClientProtocolClient.java:onNext(264)) - client-5E7B1F498381->7cc5d2d7-39af-4b66-8513-17417d4c25e9: receive RaftClientReply:client-5E7B1F498381->7cc5d2d7-39af-4b66-8513-17417d4c25e9@group-D61D25716C8D, cid=66, FAILED org.apache.ratis.protocol.NotLeaderException: Server 7cc5d2d7-39af-4b66-8513-17417d4c25e9@group-D61D25716C8D is not the leader bbdbb4de-2219-47e5-a2b1-d5e525a98c19:192.168.5.143:42910, logIndex=0, commits[7cc5d2d7-39af-4b66-8513-17417d4c25e9:c31, 0159beb9-e28f-41a3-bdd5-1125b6dbb65e:c29, bbdbb4de-2219-47e5-a2b1-d5e525a98c19:c31]
2019-09-11 07:02:25,031 [java.util.concurrent.ThreadPoolExecutor$Worker@77aa567a[State = -1, empty queue]] WARN  server.GrpcLogAppender (GrpcLogAppender.java:timeoutAppendRequest(200)) - 4523c126-f03b-4acb-be3e-4c406fe3aaad@group-7CDE87E80901->4a2aa8aa-5edc-4f5e-99ad-9332c6d3f836-GrpcLogAppender: appendEntries Timeout, request=4523c126-f03b-4acb-be3e-4c406fe3aaad->4a2aa8aa-5edc-4f5e-99ad-9332c6d3f836#144-t2, previous=(t:2, i:18), leaderCommit=14, initializing? false, entries: <empty>
2019-09-11 07:02:25,068 [java.util.concurrent.ThreadPoolExecutor$Worker@31796ff9[State = -1, empty queue]] WARN  server.GrpcLogAppender (GrpcLogAppender.java:timeoutAppendRequest(200)) - bbdbb4de-2219-47e5-a2b1-d5e525a98c19@group-D61D25716C8D->0159beb9-e28f-41a3-bdd5-1125b6dbb65e-GrpcLogAppender: appendEntries Timeout, request=bbdbb4de-2219-47e5-a2b1-d5e525a98c19->0159beb9-e28f-41a3-bdd5-1125b6dbb65e#157-t1, previous=(t:1, i:35), leaderCommit=31, initializing? false, entries: <empty>
2019-09-11 07:02:25,181 [grpc-default-executor-8] WARN  server.GrpcLogAppender (LogUtils.java:warn(134)) - b366cd81-90f5-4f0e-8fa6-7e105a738d9d@group-5FF39CBF2ADF->e76620e4-5df3-481a-bd8d-e91ef558e102-AppendLogResponseHandler: Failed appendEntries: org.apache.ratis.thirdparty.io.grpc.StatusRuntimeException: UNAVAILABLE: io exception
2019-09-11 07:02:25,181 [grpc-default-executor-3] WARN  server.GrpcLogAppender (LogUtils.java:warn(134)) - b366cd81-90f5-4f0e-8fa6-7e105a738d9d@group-5FF39CBF2ADF->c3336af5-ef91-4420-af01-c0c00dc6c530-AppendLogResponseHandler: Failed appendEntries: org.apache.ratis.thirdparty.io.grpc.StatusRuntimeException: UNAVAILABLE: io exception
2019-09-11 07:02:25,182 [grpc-default-executor-8] INFO  impl.FollowerInfo (FollowerInfo.java:lambda$new$0(51)) - b366cd81-90f5-4f0e-8fa6-7e105a738d9d@group-5FF39CBF2ADF->e76620e4-5df3-481a-bd8d-e91ef558e102: nextIndex: updateUnconditionally 0 -> 0
2019-09-11 07:02:25,182 [grpc-default-executor-3] INFO  impl.FollowerInfo (FollowerInfo.java:lambda$new$0(51)) - b366cd81-90f5-4f0e-8fa6-7e105a738d9d@group-5FF39CBF2ADF->c3336af5-ef91-4420-af01-c0c00dc6c530: nextIndex: updateUnconditionally 0 -> 0
2019-09-11 07:02:25,476 [4523c126-f03b-4acb-be3e-4c406fe3aaad@group-7CDE87E80901-SegmentedRaftLogWorker] WARN  segmented.SegmentedRaftLogWorker (SegmentedRaftLogWorker.java:getFromFuture(90)) - Timeout 3/~
org.apache.ratis.protocol.TimeoutIOException: Timeout 10s: WriteLog:15: (t:2, i:15), STATEMACHINELOGENTRY, client-F0C20677607E, cid=53-writeStateMachineData
	at org.apache.ratis.util.IOUtils.getFromFuture(IOUtils.java:87)
	at org.apache.ratis.server.raftlog.segmented.SegmentedRaftLogWorker$StateMachineDataPolicy.getFromFuture(SegmentedRaftLogWorker.java:87)
	at org.apache.ratis.server.raftlog.segmented.SegmentedRaftLogWorker$WriteLog.execute(SegmentedRaftLogWorker.java:477)
	at org.apache.ratis.server.raftlog.segmented.SegmentedRaftLogWorker.run(SegmentedRaftLogWorker.java:289)
	at java.lang.Thread.run(Thread.java:748)
Caused by: java.util.concurrent.TimeoutException
	at java.util.concurrent.CompletableFuture.timedGet(CompletableFuture.java:1771)
	at java.util.concurrent.CompletableFuture.get(CompletableFuture.java:1915)
	at org.apache.ratis.util.IOUtils.getFromFuture(IOUtils.java:79)
	... 4 more
2019-09-11 07:02:25,481 [4a2aa8aa-5edc-4f5e-99ad-9332c6d3f836@group-7CDE87E80901-SegmentedRaftLogWorker] WARN  segmented.SegmentedRaftLogWorker (SegmentedRaftLogWorker.java:getFromFuture(90)) - Timeout 3/~
org.apache.ratis.protocol.TimeoutIOException: Timeout 10s: WriteLog:15: (t:2, i:15), STATEMACHINELOGENTRY, client-F0C20677607E, cid=53-writeStateMachineData
	at org.apache.ratis.util.IOUtils.getFromFuture(IOUtils.java:87)
	at org.apache.ratis.server.raftlog.segmented.SegmentedRaftLogWorker$StateMachineDataPolicy.getFromFuture(SegmentedRaftLogWorker.java:87)
	at org.apache.ratis.server.raftlog.segmented.SegmentedRaftLogWorker$WriteLog.execute(SegmentedRaftLogWorker.java:477)
	at org.apache.ratis.server.raftlog.segmented.SegmentedRaftLogWorker.run(SegmentedRaftLogWorker.java:289)
	at java.lang.Thread.run(Thread.java:748)
Caused by: java.util.concurrent.TimeoutException
	at java.util.concurrent.CompletableFuture.timedGet(CompletableFuture.java:1771)
	at java.util.concurrent.CompletableFuture.get(CompletableFuture.java:1915)
	at org.apache.ratis.util.IOUtils.getFromFuture(IOUtils.java:79)
	... 4 more
2019-09-11 07:02:25,531 [java.util.concurrent.ThreadPoolExecutor$Worker@77aa567a[State = -1, empty queue]] WARN  server.GrpcLogAppender (GrpcLogAppender.java:timeoutAppendRequest(200)) - 4523c126-f03b-4acb-be3e-4c406fe3aaad@group-7CDE87E80901->4a2aa8aa-5edc-4f5e-99ad-9332c6d3f836-GrpcLogAppender: appendEntries Timeout, request=4523c126-f03b-4acb-be3e-4c406fe3aaad->4a2aa8aa-5edc-4f5e-99ad-9332c6d3f836#145-t2, previous=(t:2, i:18), leaderCommit=14, initializing? false, entries: <empty>
2019-09-11 07:02:25,569 [java.util.concurrent.ThreadPoolExecutor$Worker@31796ff9[State = -1, empty queue]] WARN  server.GrpcLogAppender (GrpcLogAppender.java:timeoutAppendRequest(200)) - bbdbb4de-2219-47e5-a2b1-d5e525a98c19@group-D61D25716C8D->0159beb9-e28f-41a3-bdd5-1125b6dbb65e-GrpcLogAppender: appendEntries Timeout, request=bbdbb4de-2219-47e5-a2b1-d5e525a98c19->0159beb9-e28f-41a3-bdd5-1125b6dbb65e#158-t1, previous=(t:1, i:35), leaderCommit=31, initializing? false, entries: <empty>
2019-09-11 07:02:25,682 [grpc-default-executor-2] WARN  server.GrpcLogAppender (LogUtils.java:warn(134)) - b366cd81-90f5-4f0e-8fa6-7e105a738d9d@group-5FF39CBF2ADF->c3336af5-ef91-4420-af01-c0c00dc6c530-AppendLogResponseHandler: Failed appendEntries: org.apache.ratis.thirdparty.io.grpc.StatusRuntimeException: UNAVAILABLE: io exception
2019-09-11 07:02:25,682 [grpc-default-executor-7] WARN  server.GrpcLogAppender (LogUtils.java:warn(134)) - b366cd81-90f5-4f0e-8fa6-7e105a738d9d@group-5FF39CBF2ADF->e76620e4-5df3-481a-bd8d-e91ef558e102-AppendLogResponseHandler: Failed appendEntries: org.apache.ratis.thirdparty.io.grpc.StatusRuntimeException: UNAVAILABLE: io exception
2019-09-11 07:02:25,683 [grpc-default-executor-2] INFO  impl.FollowerInfo (FollowerInfo.java:lambda$new$0(51)) - b366cd81-90f5-4f0e-8fa6-7e105a738d9d@group-5FF39CBF2ADF->c3336af5-ef91-4420-af01-c0c00dc6c530: nextIndex: updateUnconditionally 0 -> 0
2019-09-11 07:02:25,683 [grpc-default-executor-7] INFO  impl.FollowerInfo (FollowerInfo.java:lambda$new$0(51)) - b366cd81-90f5-4f0e-8fa6-7e105a738d9d@group-5FF39CBF2ADF->e76620e4-5df3-481a-bd8d-e91ef558e102: nextIndex: updateUnconditionally 0 -> 0
2019-09-11 07:02:26,032 [java.util.concurrent.ThreadPoolExecutor$Worker@77aa567a[State = -1, empty queue]] WARN  server.GrpcLogAppender (GrpcLogAppender.java:timeoutAppendRequest(200)) - 4523c126-f03b-4acb-be3e-4c406fe3aaad@group-7CDE87E80901->4a2aa8aa-5edc-4f5e-99ad-9332c6d3f836-GrpcLogAppender: appendEntries Timeout, request=4523c126-f03b-4acb-be3e-4c406fe3aaad->4a2aa8aa-5edc-4f5e-99ad-9332c6d3f836#146-t2, previous=(t:2, i:18), leaderCommit=14, initializing? false, entries: <empty>
2019-09-11 07:02:26,069 [java.util.concurrent.ThreadPoolExecutor$Worker@31796ff9[State = -1, empty queue]] WARN  server.GrpcLogAppender (GrpcLogAppender.java:timeoutAppendRequest(200)) - bbdbb4de-2219-47e5-a2b1-d5e525a98c19@group-D61D25716C8D->0159beb9-e28f-41a3-bdd5-1125b6dbb65e-GrpcLogAppender: appendEntries Timeout, request=bbdbb4de-2219-47e5-a2b1-d5e525a98c19->0159beb9-e28f-41a3-bdd5-1125b6dbb65e#159-t1, previous=(t:1, i:35), leaderCommit=31, initializing? false, entries: <empty>
2019-09-11 07:02:26,184 [grpc-default-executor-8] WARN  server.GrpcLogAppender (LogUtils.java:warn(134)) - b366cd81-90f5-4f0e-8fa6-7e105a738d9d@group-5FF39CBF2ADF->e76620e4-5df3-481a-bd8d-e91ef558e102-AppendLogResponseHandler: Failed appendEntries: org.apache.ratis.thirdparty.io.grpc.StatusRuntimeException: UNAVAILABLE: io exception
2019-09-11 07:02:26,184 [grpc-default-executor-3] WARN  server.GrpcLogAppender (LogUtils.java:warn(134)) - b366cd81-90f5-4f0e-8fa6-7e105a738d9d@group-5FF39CBF2ADF->c3336af5-ef91-4420-af01-c0c00dc6c530-AppendLogResponseHandler: Failed appendEntries: org.apache.ratis.thirdparty.io.grpc.StatusRuntimeException: UNAVAILABLE: io exception
2019-09-11 07:02:26,184 [grpc-default-executor-8] INFO  impl.FollowerInfo (FollowerInfo.java:lambda$new$0(51)) - b366cd81-90f5-4f0e-8fa6-7e105a738d9d@group-5FF39CBF2ADF->e76620e4-5df3-481a-bd8d-e91ef558e102: nextIndex: updateUnconditionally 0 -> 0
2019-09-11 07:02:26,184 [grpc-default-executor-3] INFO  impl.FollowerInfo (FollowerInfo.java:lambda$new$0(51)) - b366cd81-90f5-4f0e-8fa6-7e105a738d9d@group-5FF39CBF2ADF->c3336af5-ef91-4420-af01-c0c00dc6c530: nextIndex: updateUnconditionally 0 -> 0
2019-09-11 07:02:26,532 [java.util.concurrent.ThreadPoolExecutor$Worker@77aa567a[State = -1, empty queue]] WARN  server.GrpcLogAppender (GrpcLogAppender.java:timeoutAppendRequest(200)) - 4523c126-f03b-4acb-be3e-4c406fe3aaad@group-7CDE87E80901->4a2aa8aa-5edc-4f5e-99ad-9332c6d3f836-GrpcLogAppender: appendEntries Timeout, request=4523c126-f03b-4acb-be3e-4c406fe3aaad->4a2aa8aa-5edc-4f5e-99ad-9332c6d3f836#147-t2, previous=(t:2, i:18), leaderCommit=14, initializing? false, entries: <empty>
2019-09-11 07:02:26,570 [java.util.concurrent.ThreadPoolExecutor$Worker@31796ff9[State = -1, empty queue]] WARN  server.GrpcLogAppender (GrpcLogAppender.java:timeoutAppendRequest(200)) - bbdbb4de-2219-47e5-a2b1-d5e525a98c19@group-D61D25716C8D->0159beb9-e28f-41a3-bdd5-1125b6dbb65e-GrpcLogAppender: appendEntries Timeout, request=bbdbb4de-2219-47e5-a2b1-d5e525a98c19->0159beb9-e28f-41a3-bdd5-1125b6dbb65e#160-t1, previous=(t:1, i:35), leaderCommit=31, initializing? false, entries: <empty>
2019-09-11 07:02:26,684 [grpc-default-executor-3] WARN  server.GrpcLogAppender (LogUtils.java:warn(134)) - b366cd81-90f5-4f0e-8fa6-7e105a738d9d@group-5FF39CBF2ADF->e76620e4-5df3-481a-bd8d-e91ef558e102-AppendLogResponseHandler: Failed appendEntries: org.apache.ratis.thirdparty.io.grpc.StatusRuntimeException: UNAVAILABLE: io exception
2019-09-11 07:02:26,684 [grpc-default-executor-8] WARN  server.GrpcLogAppender (LogUtils.java:warn(134)) - b366cd81-90f5-4f0e-8fa6-7e105a738d9d@group-5FF39CBF2ADF->c3336af5-ef91-4420-af01-c0c00dc6c530-AppendLogResponseHandler: Failed appendEntries: org.apache.ratis.thirdparty.io.grpc.StatusRuntimeException: UNAVAILABLE: io exception
2019-09-11 07:02:26,685 [grpc-default-executor-3] INFO  impl.FollowerInfo (FollowerInfo.java:lambda$new$0(51)) - b366cd81-90f5-4f0e-8fa6-7e105a738d9d@group-5FF39CBF2ADF->e76620e4-5df3-481a-bd8d-e91ef558e102: nextIndex: updateUnconditionally 0 -> 0
2019-09-11 07:02:26,685 [grpc-default-executor-8] INFO  impl.FollowerInfo (FollowerInfo.java:lambda$new$0(51)) - b366cd81-90f5-4f0e-8fa6-7e105a738d9d@group-5FF39CBF2ADF->c3336af5-ef91-4420-af01-c0c00dc6c530: nextIndex: updateUnconditionally 0 -> 0
2019-09-11 07:02:27,032 [java.util.concurrent.ThreadPoolExecutor$Worker@77aa567a[State = -1, empty queue]] WARN  server.GrpcLogAppender (GrpcLogAppender.java:timeoutAppendRequest(200)) - 4523c126-f03b-4acb-be3e-4c406fe3aaad@group-7CDE87E80901->4a2aa8aa-5edc-4f5e-99ad-9332c6d3f836-GrpcLogAppender: appendEntries Timeout, request=4523c126-f03b-4acb-be3e-4c406fe3aaad->4a2aa8aa-5edc-4f5e-99ad-9332c6d3f836#148-t2, previous=(t:2, i:18), leaderCommit=14, initializing? false, entries: <empty>
2019-09-11 07:02:27,070 [java.util.concurrent.ThreadPoolExecutor$Worker@31796ff9[State = -1, empty queue]] WARN  server.GrpcLogAppender (GrpcLogAppender.java:timeoutAppendRequest(200)) - bbdbb4de-2219-47e5-a2b1-d5e525a98c19@group-D61D25716C8D->0159beb9-e28f-41a3-bdd5-1125b6dbb65e-GrpcLogAppender: appendEntries Timeout, request=bbdbb4de-2219-47e5-a2b1-d5e525a98c19->0159beb9-e28f-41a3-bdd5-1125b6dbb65e#161-t1, previous=(t:1, i:35), leaderCommit=31, initializing? false, entries: <empty>
2019-09-11 07:02:27,186 [grpc-default-executor-8] WARN  server.GrpcLogAppender (LogUtils.java:warn(134)) - b366cd81-90f5-4f0e-8fa6-7e105a738d9d@group-5FF39CBF2ADF->c3336af5-ef91-4420-af01-c0c00dc6c530-AppendLogResponseHandler: Failed appendEntries: org.apache.ratis.thirdparty.io.grpc.StatusRuntimeException: UNAVAILABLE: io exception
2019-09-11 07:02:27,186 [grpc-default-executor-0] WARN  server.GrpcLogAppender (LogUtils.java:warn(134)) - b366cd81-90f5-4f0e-8fa6-7e105a738d9d@group-5FF39CBF2ADF->e76620e4-5df3-481a-bd8d-e91ef558e102-AppendLogResponseHandler: Failed appendEntries: org.apache.ratis.thirdparty.io.grpc.StatusRuntimeException: UNAVAILABLE: io exception
2019-09-11 07:02:27,186 [grpc-default-executor-8] INFO  impl.FollowerInfo (FollowerInfo.java:lambda$new$0(51)) - b366cd81-90f5-4f0e-8fa6-7e105a738d9d@group-5FF39CBF2ADF->c3336af5-ef91-4420-af01-c0c00dc6c530: nextIndex: updateUnconditionally 0 -> 0
2019-09-11 07:02:27,187 [grpc-default-executor-0] INFO  impl.FollowerInfo (FollowerInfo.java:lambda$new$0(51)) - b366cd81-90f5-4f0e-8fa6-7e105a738d9d@group-5FF39CBF2ADF->e76620e4-5df3-481a-bd8d-e91ef558e102: nextIndex: updateUnconditionally 0 -> 0
2019-09-11 07:02:27,533 [java.util.concurrent.ThreadPoolExecutor$Worker@77aa567a[State = -1, empty queue]] WARN  server.GrpcLogAppender (GrpcLogAppender.java:timeoutAppendRequest(200)) - 4523c126-f03b-4acb-be3e-4c406fe3aaad@group-7CDE87E80901->4a2aa8aa-5edc-4f5e-99ad-9332c6d3f836-GrpcLogAppender: appendEntries Timeout, request=4523c126-f03b-4acb-be3e-4c406fe3aaad->4a2aa8aa-5edc-4f5e-99ad-9332c6d3f836#149-t2, previous=(t:2, i:18), leaderCommit=14, initializing? false, entries: <empty>
2019-09-11 07:02:27,570 [java.util.concurrent.ThreadPoolExecutor$Worker@31796ff9[State = -1, empty queue]] WARN  server.GrpcLogAppender (GrpcLogAppender.java:timeoutAppendRequest(200)) - bbdbb4de-2219-47e5-a2b1-d5e525a98c19@group-D61D25716C8D->0159beb9-e28f-41a3-bdd5-1125b6dbb65e-GrpcLogAppender: appendEntries Timeout, request=bbdbb4de-2219-47e5-a2b1-d5e525a98c19->0159beb9-e28f-41a3-bdd5-1125b6dbb65e#162-t1, previous=(t:1, i:35), leaderCommit=31, initializing? false, entries: <empty>
2019-09-11 07:02:27,689 [grpc-default-executor-2] WARN  server.GrpcLogAppender (LogUtils.java:warn(134)) - b366cd81-90f5-4f0e-8fa6-7e105a738d9d@group-5FF39CBF2ADF->e76620e4-5df3-481a-bd8d-e91ef558e102-AppendLogResponseHandler: Failed appendEntries: org.apache.ratis.thirdparty.io.grpc.StatusRuntimeException: UNAVAILABLE: io exception
2019-09-11 07:02:27,690 [grpc-default-executor-3] WARN  server.GrpcLogAppender (LogUtils.java:warn(134)) - b366cd81-90f5-4f0e-8fa6-7e105a738d9d@group-5FF39CBF2ADF->c3336af5-ef91-4420-af01-c0c00dc6c530-AppendLogResponseHandler: Failed appendEntries: org.apache.ratis.thirdparty.io.grpc.StatusRuntimeException: UNAVAILABLE: io exception
2019-09-11 07:02:27,690 [grpc-default-executor-2] INFO  impl.FollowerInfo (FollowerInfo.java:lambda$new$0(51)) - b366cd81-90f5-4f0e-8fa6-7e105a738d9d@group-5FF39CBF2ADF->e76620e4-5df3-481a-bd8d-e91ef558e102: nextIndex: updateUnconditionally 0 -> 0
2019-09-11 07:02:27,690 [grpc-default-executor-3] INFO  impl.FollowerInfo (FollowerInfo.java:lambda$new$0(51)) - b366cd81-90f5-4f0e-8fa6-7e105a738d9d@group-5FF39CBF2ADF->c3336af5-ef91-4420-af01-c0c00dc6c530: nextIndex: updateUnconditionally 0 -> 0
2019-09-11 07:02:27,735 [main] WARN  io.KeyOutputStream (KeyOutputStream.java:handleException(276)) - Encountered exception java.io.IOException: Unexpected Storage Container Exception: java.util.concurrent.CompletionException: java.util.concurrent.CompletionException: org.apache.ratis.protocol.RaftRetryFailureException: Failed RaftClientRequest:client-5E7B1F498381->bbdbb4de-2219-47e5-a2b1-d5e525a98c19@group-D61D25716C8D, cid=66, seq=9*, RW, org.apache.hadoop.hdds.scm.XceiverClientRatis$$Lambda$523/1432535753@7751b6ee for 10 attempts with RetryLimited(maxAttempts=10, sleepTime=1000ms) on the pipeline Pipeline[ Id: f4a355b4-515b-426d-bc3d-d61d25716c8d, Nodes: 0159beb9-e28f-41a3-bdd5-1125b6dbb65e{ip: 192.168.5.143, host: pr-hdds-1786-trunk-klbfp-3319181915, networkLocation: /default-rack, certSerialId: null}7cc5d2d7-39af-4b66-8513-17417d4c25e9{ip: 192.168.5.143, host: pr-hdds-1786-trunk-klbfp-3319181915, networkLocation: /default-rack, certSerialId: null}bbdbb4de-2219-47e5-a2b1-d5e525a98c19{ip: 192.168.5.143, host: pr-hdds-1786-trunk-klbfp-3319181915, networkLocation: /default-rack, certSerialId: null}, Type:RATIS, Factor:THREE, State:OPEN]. The last committed block length is 0, uncommitted data length is 2097152 retry count 0
2019-09-11 07:02:27,777 [IPC Server handler 0 on 32974] WARN  block.BlockManagerImpl (BlockManagerImpl.java:allocateBlock(192)) - Pipeline creation failed for type:RATIS factor:THREE. Retrying get pipelines call once.
org.apache.hadoop.hdds.scm.pipeline.InsufficientDatanodesException: Cannot create pipeline of factor 3 using 1 nodes.
	at org.apache.hadoop.hdds.scm.pipeline.RatisPipelineProvider.create(RatisPipelineProvider.java:152)
	at org.apache.hadoop.hdds.scm.pipeline.PipelineFactory.create(PipelineFactory.java:57)
	at org.apache.hadoop.hdds.scm.pipeline.SCMPipelineManager.createPipeline(SCMPipelineManager.java:151)
	at org.apache.hadoop.hdds.scm.block.BlockManagerImpl.allocateBlock(BlockManagerImpl.java:190)
	at org.apache.hadoop.hdds.scm.server.SCMBlockProtocolServer.allocateBlock(SCMBlockProtocolServer.java:182)
	at org.apache.hadoop.ozone.protocolPB.ScmBlockLocationProtocolServerSideTranslatorPB.allocateScmBlock(ScmBlockLocationProtocolServerSideTranslatorPB.java:183)
	at org.apache.hadoop.ozone.protocolPB.ScmBlockLocationProtocolServerSideTranslatorPB.processMessage(ScmBlockLocationProtocolServerSideTranslatorPB.java:141)
	at org.apache.hadoop.ozone.protocolPB.ScmBlockLocationProtocolServerSideTranslatorPB.send(ScmBlockLocationProtocolServerSideTranslatorPB.java:116)
	at org.apache.hadoop.hdds.protocol.proto.ScmBlockLocationProtocolProtos$ScmBlockLocationProtocolService$2.callBlockingMethod(ScmBlockLocationProtocolProtos.java:13157)
	at org.apache.hadoop.ipc.ProtobufRpcEngine$Server$ProtoBufRpcInvoker.call(ProtobufRpcEngine.java:524)
	at org.apache.hadoop.ipc.RPC$Server.call(RPC.java:1025)
	at org.apache.hadoop.ipc.Server$RpcCall.run(Server.java:876)
	at org.apache.hadoop.ipc.Server$RpcCall.run(Server.java:822)
	at java.security.AccessController.doPrivileged(Native Method)
	at javax.security.auth.Subject.doAs(Subject.java:422)
	at org.apache.hadoop.security.UserGroupInformation.doAs(UserGroupInformation.java:1730)
	at org.apache.hadoop.ipc.Server$Handler.run(Server.java:2682)
2019-09-11 07:02:27,784 [IPC Server handler 0 on 32974] INFO  block.BlockManagerImpl (BlockManagerImpl.java:allocateBlock(198)) - Could not find available pipeline of type:RATIS and factor:THREE even after retrying
2019-09-11 07:02:27,784 [IPC Server handler 0 on 32974] ERROR block.BlockManagerImpl (BlockManagerImpl.java:allocateBlock(222)) - Unable to allocate a block for the size: 4194304, type: RATIS, factor: THREE
2019-09-11 07:02:27,790 [main] ERROR io.BlockOutputStreamEntryPool (BlockOutputStreamEntryPool.java:allocateBlockIfNeeded(299)) - Try to allocate more blocks for write failed, already allocated 0 blocks for this write.
INTERNAL_ERROR org.apache.hadoop.ozone.om.exceptions.OMException: Allocated 0 blocks. Requested 1 blocks
	at org.apache.hadoop.ozone.om.protocolPB.OzoneManagerProtocolClientSideTranslatorPB.handleError(OzoneManagerProtocolClientSideTranslatorPB.java:725)
	at org.apache.hadoop.ozone.om.protocolPB.OzoneManagerProtocolClientSideTranslatorPB.allocateBlock(OzoneManagerProtocolClientSideTranslatorPB.java:757)
	at org.apache.hadoop.ozone.client.io.BlockOutputStreamEntryPool.allocateNewBlock(BlockOutputStreamEntryPool.java:248)
	at org.apache.hadoop.ozone.client.io.BlockOutputStreamEntryPool.allocateBlockIfNeeded(BlockOutputStreamEntryPool.java:296)
	at org.apache.hadoop.ozone.client.io.KeyOutputStream.handleWrite(KeyOutputStream.java:201)
	at org.apache.hadoop.ozone.client.io.KeyOutputStream.handleRetry(KeyOutputStream.java:376)
	at org.apache.hadoop.ozone.client.io.KeyOutputStream.handleException(KeyOutputStream.java:325)
	at org.apache.hadoop.ozone.client.io.KeyOutputStream.handleWrite(KeyOutputStream.java:231)
	at org.apache.hadoop.ozone.client.io.KeyOutputStream.write(KeyOutputStream.java:193)
	at org.apache.hadoop.ozone.client.io.OzoneOutputStream.write(OzoneOutputStream.java:49)
	at java.io.OutputStream.write(OutputStream.java:75)
	at org.apache.hadoop.ozone.client.rpc.TestMultiBlockWritesWithDnFailures.testMultiBlockWritesWithIntermittentDnFailures(TestMultiBlockWritesWithDnFailures.java:196)
	at sun.reflect.NativeMethodAccessorImpl.invoke0(Native Method)
	at sun.reflect.NativeMethodAccessorImpl.invoke(NativeMethodAccessorImpl.java:62)
	at sun.reflect.DelegatingMethodAccessorImpl.invoke(DelegatingMethodAccessorImpl.java:43)
	at java.lang.reflect.Method.invoke(Method.java:498)
	at org.junit.runners.model.FrameworkMethod$1.runReflectiveCall(FrameworkMethod.java:47)
	at org.junit.internal.runners.model.ReflectiveCallable.run(ReflectiveCallable.java:12)
	at org.junit.runners.model.FrameworkMethod.invokeExplosively(FrameworkMethod.java:44)
	at org.junit.internal.runners.statements.InvokeMethod.evaluate(InvokeMethod.java:17)
	at org.junit.internal.runners.statements.RunAfters.evaluate(RunAfters.java:27)
	at org.junit.runners.ParentRunner.runLeaf(ParentRunner.java:271)
	at org.junit.runners.BlockJUnit4ClassRunner.runChild(BlockJUnit4ClassRunner.java:70)
	at org.junit.runners.BlockJUnit4ClassRunner.runChild(BlockJUnit4ClassRunner.java:50)
	at org.junit.runners.ParentRunner$3.run(ParentRunner.java:238)
	at org.junit.runners.ParentRunner$1.schedule(ParentRunner.java:63)
	at org.junit.runners.ParentRunner.runChildren(ParentRunner.java:236)
	at org.junit.runners.ParentRunner.access$000(ParentRunner.java:53)
	at org.junit.runners.ParentRunner$2.evaluate(ParentRunner.java:229)
	at org.junit.runners.ParentRunner.run(ParentRunner.java:309)
	at org.apache.maven.surefire.junit4.JUnit4Provider.execute(JUnit4Provider.java:365)
	at org.apache.maven.surefire.junit4.JUnit4Provider.executeWithRerun(JUnit4Provider.java:273)
	at org.apache.maven.surefire.junit4.JUnit4Provider.executeTestSet(JUnit4Provider.java:238)
	at org.apache.maven.surefire.junit4.JUnit4Provider.invoke(JUnit4Provider.java:159)
	at org.apache.maven.surefire.booter.ForkedBooter.invokeProviderInSameClassLoader(ForkedBooter.java:384)
	at org.apache.maven.surefire.booter.ForkedBooter.runSuitesInProcess(ForkedBooter.java:345)
	at org.apache.maven.surefire.booter.ForkedBooter.execute(ForkedBooter.java:126)
	at org.apache.maven.surefire.booter.ForkedBooter.main(ForkedBooter.java:418)
2019-09-11 07:02:27,794 [main] INFO  ozone.MiniOzoneClusterImpl (MiniOzoneClusterImpl.java:shutdown(307)) - Shutting down the Mini Ozone Cluster
2019-09-11 07:02:27,794 [main] INFO  ozone.MiniOzoneClusterImpl (MiniOzoneClusterImpl.java:stop(322)) - Stopping the Mini Ozone Cluster
2019-09-11 07:02:27,795 [main] INFO  ozone.MiniOzoneClusterImpl (MiniOzoneClusterImpl.java:stop(324)) - Stopping the OzoneManager
2019-09-11 07:02:27,795 [main] INFO  ipc.Server (Server.java:stop(3082)) - Stopping server on 37433
2019-09-11 07:02:27,804 [IPC Server listener on 37433] INFO  ipc.Server (Server.java:run(1185)) - Stopping IPC Server listener on 37433
2019-09-11 07:02:27,806 [main] INFO  ratis.OzoneManagerDoubleBuffer (OzoneManagerDoubleBuffer.java:stop(248)) - Stopping OMDoubleBuffer flush thread
2019-09-11 07:02:27,808 [IPC Server Responder] INFO  ipc.Server (Server.java:run(1319)) - Stopping IPC Server Responder
2019-09-11 07:02:27,818 [OMDoubleBufferFlushThread] INFO  ratis.OzoneManagerDoubleBuffer (OzoneManagerDoubleBuffer.java:flushTransactions(191)) - OMDoubleBuffer flush thread OMDoubleBufferFlushThread is interrupted and will exit. OMDoubleBufferFlushThread
2019-09-11 07:02:27,831 [main] INFO  utils.BackgroundService (BackgroundService.java:shutdown(148)) - Shutting down service KeyDeletingService
2019-09-11 07:02:27,847 [main] INFO  handler.ContextHandler (ContextHandler.java:doStop(910)) - Stopped o.e.j.w.WebAppContext@444548a0{/,null,UNAVAILABLE}{/ozoneManager}
2019-09-11 07:02:27,848 [main] INFO  server.AbstractConnector (AbstractConnector.java:doStop(318)) - Stopped ServerConnector@3766c667{HTTP/1.1,[http/1.1]}{0.0.0.0:0}
2019-09-11 07:02:27,849 [main] INFO  handler.ContextHandler (ContextHandler.java:doStop(910)) - Stopped o.e.j.s.ServletContextHandler@2571066a{/static,file:///workdir/hadoop-ozone/integration-test/target/test-classes/webapps/static,UNAVAILABLE}
2019-09-11 07:02:27,849 [main] INFO  handler.ContextHandler (ContextHandler.java:doStop(910)) - Stopped o.e.j.s.ServletContextHandler@25d3cfc8{/logs,file:///workdir/hadoop-ozone/integration-test/target/log,UNAVAILABLE}
2019-09-11 07:02:27,855 [main] INFO  ozone.MiniOzoneClusterImpl (MiniOzoneClusterImpl.java:stop(330)) - Shutting the HddsDatanodes
2019-09-11 07:02:28,033 [java.util.concurrent.ThreadPoolExecutor$Worker@77aa567a[State = -1, empty queue]] WARN  server.GrpcLogAppender (GrpcLogAppender.java:timeoutAppendRequest(200)) - 4523c126-f03b-4acb-be3e-4c406fe3aaad@group-7CDE87E80901->4a2aa8aa-5edc-4f5e-99ad-9332c6d3f836-GrpcLogAppender: appendEntries Timeout, request=4523c126-f03b-4acb-be3e-4c406fe3aaad->4a2aa8aa-5edc-4f5e-99ad-9332c6d3f836#150-t2, previous=(t:2, i:18), leaderCommit=14, initializing? false, entries: <empty>
2019-09-11 07:02:28,072 [java.util.concurrent.ThreadPoolExecutor$Worker@31796ff9[State = -1, empty queue]] WARN  server.GrpcLogAppender (GrpcLogAppender.java:timeoutAppendRequest(200)) - bbdbb4de-2219-47e5-a2b1-d5e525a98c19@group-D61D25716C8D->0159beb9-e28f-41a3-bdd5-1125b6dbb65e-GrpcLogAppender: appendEntries Timeout, request=bbdbb4de-2219-47e5-a2b1-d5e525a98c19->0159beb9-e28f-41a3-bdd5-1125b6dbb65e#163-t1, previous=(t:1, i:35), leaderCommit=31, initializing? false, entries: <empty>
2019-09-11 07:02:28,189 [grpc-default-executor-7] WARN  server.GrpcLogAppender (LogUtils.java:warn(134)) - b366cd81-90f5-4f0e-8fa6-7e105a738d9d@group-5FF39CBF2ADF->c3336af5-ef91-4420-af01-c0c00dc6c530-AppendLogResponseHandler: Failed appendEntries: org.apache.ratis.thirdparty.io.grpc.StatusRuntimeException: UNAVAILABLE: io exception
2019-09-11 07:02:28,189 [grpc-default-executor-2] WARN  server.GrpcLogAppender (LogUtils.java:warn(134)) - b366cd81-90f5-4f0e-8fa6-7e105a738d9d@group-5FF39CBF2ADF->e76620e4-5df3-481a-bd8d-e91ef558e102-AppendLogResponseHandler: Failed appendEntries: org.apache.ratis.thirdparty.io.grpc.StatusRuntimeException: UNAVAILABLE: io exception
2019-09-11 07:02:28,190 [grpc-default-executor-7] INFO  impl.FollowerInfo (FollowerInfo.java:lambda$new$0(51)) - b366cd81-90f5-4f0e-8fa6-7e105a738d9d@group-5FF39CBF2ADF->c3336af5-ef91-4420-af01-c0c00dc6c530: nextIndex: updateUnconditionally 0 -> 0
2019-09-11 07:02:28,190 [grpc-default-executor-2] INFO  impl.FollowerInfo (FollowerInfo.java:lambda$new$0(51)) - b366cd81-90f5-4f0e-8fa6-7e105a738d9d@group-5FF39CBF2ADF->e76620e4-5df3-481a-bd8d-e91ef558e102: nextIndex: updateUnconditionally 0 -> 0
2019-09-11 07:02:28,534 [java.util.concurrent.ThreadPoolExecutor$Worker@77aa567a[State = -1, empty queue]] WARN  server.GrpcLogAppender (GrpcLogAppender.java:timeoutAppendRequest(200)) - 4523c126-f03b-4acb-be3e-4c406fe3aaad@group-7CDE87E80901->4a2aa8aa-5edc-4f5e-99ad-9332c6d3f836-GrpcLogAppender: appendEntries Timeout, request=4523c126-f03b-4acb-be3e-4c406fe3aaad->4a2aa8aa-5edc-4f5e-99ad-9332c6d3f836#151-t2, previous=(t:2, i:18), leaderCommit=14, initializing? false, entries: <empty>
2019-09-11 07:02:28,572 [java.util.concurrent.ThreadPoolExecutor$Worker@31796ff9[State = -1, empty queue]] WARN  server.GrpcLogAppender (GrpcLogAppender.java:timeoutAppendRequest(200)) - bbdbb4de-2219-47e5-a2b1-d5e525a98c19@group-D61D25716C8D->0159beb9-e28f-41a3-bdd5-1125b6dbb65e-GrpcLogAppender: appendEntries Timeout, request=bbdbb4de-2219-47e5-a2b1-d5e525a98c19->0159beb9-e28f-41a3-bdd5-1125b6dbb65e#164-t1, previous=(t:1, i:35), leaderCommit=31, initializing? false, entries: <empty>
2019-09-11 07:02:28,654 [Datanode State Machine Thread - 0] INFO  statemachine.DatanodeStateMachine (DatanodeStateMachine.java:lambda$startDaemon$0(350)) - Ozone container server started.
2019-09-11 07:02:28,654 [Datanode State Machine Thread - 0] INFO  statemachine.DatanodeStateMachine (DatanodeStateMachine.java:lambda$startDaemon$0(350)) - Ozone container server started.
2019-09-11 07:02:28,689 [grpc-default-executor-3] WARN  server.GrpcLogAppender (LogUtils.java:warn(134)) - b366cd81-90f5-4f0e-8fa6-7e105a738d9d@group-5FF39CBF2ADF->e76620e4-5df3-481a-bd8d-e91ef558e102-AppendLogResponseHandler: Failed appendEntries: org.apache.ratis.thirdparty.io.grpc.StatusRuntimeException: UNAVAILABLE: io exception
2019-09-11 07:02:28,689 [grpc-default-executor-0] WARN  server.GrpcLogAppender (LogUtils.java:warn(134)) - b366cd81-90f5-4f0e-8fa6-7e105a738d9d@group-5FF39CBF2ADF->c3336af5-ef91-4420-af01-c0c00dc6c530-AppendLogResponseHandler: Failed appendEntries: org.apache.ratis.thirdparty.io.grpc.StatusRuntimeException: UNAVAILABLE: io exception
2019-09-11 07:02:28,690 [grpc-default-executor-3] INFO  impl.FollowerInfo (FollowerInfo.java:lambda$new$0(51)) - b366cd81-90f5-4f0e-8fa6-7e105a738d9d@group-5FF39CBF2ADF->e76620e4-5df3-481a-bd8d-e91ef558e102: nextIndex: updateUnconditionally 0 -> 0
2019-09-11 07:02:28,690 [grpc-default-executor-0] INFO  impl.FollowerInfo (FollowerInfo.java:lambda$new$0(51)) - b366cd81-90f5-4f0e-8fa6-7e105a738d9d@group-5FF39CBF2ADF->c3336af5-ef91-4420-af01-c0c00dc6c530: nextIndex: updateUnconditionally 0 -> 0
2019-09-11 07:02:29,034 [java.util.concurrent.ThreadPoolExecutor$Worker@77aa567a[State = -1, empty queue]] WARN  server.GrpcLogAppender (GrpcLogAppender.java:timeoutAppendRequest(200)) - 4523c126-f03b-4acb-be3e-4c406fe3aaad@group-7CDE87E80901->4a2aa8aa-5edc-4f5e-99ad-9332c6d3f836-GrpcLogAppender: appendEntries Timeout, request=4523c126-f03b-4acb-be3e-4c406fe3aaad->4a2aa8aa-5edc-4f5e-99ad-9332c6d3f836#152-t2, previous=(t:2, i:18), leaderCommit=14, initializing? false, entries: <empty>
2019-09-11 07:02:29,075 [java.util.concurrent.ThreadPoolExecutor$Worker@31796ff9[State = -1, empty queue]] WARN  server.GrpcLogAppender (GrpcLogAppender.java:timeoutAppendRequest(200)) - bbdbb4de-2219-47e5-a2b1-d5e525a98c19@group-D61D25716C8D->0159beb9-e28f-41a3-bdd5-1125b6dbb65e-GrpcLogAppender: appendEntries Timeout, request=bbdbb4de-2219-47e5-a2b1-d5e525a98c19->0159beb9-e28f-41a3-bdd5-1125b6dbb65e#165-t1, previous=(t:1, i:35), leaderCommit=31, initializing? false, entries: <empty>
2019-09-11 07:02:29,190 [grpc-default-executor-2] WARN  server.GrpcLogAppender (LogUtils.java:warn(134)) - b366cd81-90f5-4f0e-8fa6-7e105a738d9d@group-5FF39CBF2ADF->e76620e4-5df3-481a-bd8d-e91ef558e102-AppendLogResponseHandler: Failed appendEntries: org.apache.ratis.thirdparty.io.grpc.StatusRuntimeException: UNAVAILABLE: io exception
2019-09-11 07:02:29,190 [grpc-default-executor-2] INFO  impl.FollowerInfo (FollowerInfo.java:lambda$new$0(51)) - b366cd81-90f5-4f0e-8fa6-7e105a738d9d@group-5FF39CBF2ADF->e76620e4-5df3-481a-bd8d-e91ef558e102: nextIndex: updateUnconditionally 0 -> 0
2019-09-11 07:02:29,190 [grpc-default-executor-7] WARN  server.GrpcLogAppender (LogUtils.java:warn(134)) - b366cd81-90f5-4f0e-8fa6-7e105a738d9d@group-5FF39CBF2ADF->c3336af5-ef91-4420-af01-c0c00dc6c530-AppendLogResponseHandler: Failed appendEntries: org.apache.ratis.thirdparty.io.grpc.StatusRuntimeException: UNAVAILABLE: io exception
2019-09-11 07:02:29,191 [grpc-default-executor-7] INFO  impl.FollowerInfo (FollowerInfo.java:lambda$new$0(51)) - b366cd81-90f5-4f0e-8fa6-7e105a738d9d@group-5FF39CBF2ADF->c3336af5-ef91-4420-af01-c0c00dc6c530: nextIndex: updateUnconditionally 0 -> 0
2019-09-11 07:02:29,534 [java.util.concurrent.ThreadPoolExecutor$Worker@77aa567a[State = -1, empty queue]] WARN  server.GrpcLogAppender (GrpcLogAppender.java:timeoutAppendRequest(200)) - 4523c126-f03b-4acb-be3e-4c406fe3aaad@group-7CDE87E80901->4a2aa8aa-5edc-4f5e-99ad-9332c6d3f836-GrpcLogAppender: appendEntries Timeout, request=4523c126-f03b-4acb-be3e-4c406fe3aaad->4a2aa8aa-5edc-4f5e-99ad-9332c6d3f836#153-t2, previous=(t:2, i:18), leaderCommit=14, initializing? false, entries: <empty>
2019-09-11 07:02:29,548 [bbdbb4de-2219-47e5-a2b1-d5e525a98c19@group-D61D25716C8D-SegmentedRaftLogWorker] WARN  segmented.SegmentedRaftLogWorker (SegmentedRaftLogWorker.java:getFromFuture(90)) - Timeout 1/~
org.apache.ratis.protocol.TimeoutIOException: Timeout 10s: WriteLog:32: (t:1, i:32), STATEMACHINELOGENTRY, client-5E7B1F498381, cid=66-writeStateMachineData
	at org.apache.ratis.util.IOUtils.getFromFuture(IOUtils.java:87)
	at org.apache.ratis.server.raftlog.segmented.SegmentedRaftLogWorker$StateMachineDataPolicy.getFromFuture(SegmentedRaftLogWorker.java:87)
	at org.apache.ratis.server.raftlog.segmented.SegmentedRaftLogWorker$WriteLog.execute(SegmentedRaftLogWorker.java:477)
	at org.apache.ratis.server.raftlog.segmented.SegmentedRaftLogWorker.run(SegmentedRaftLogWorker.java:289)
	at java.lang.Thread.run(Thread.java:748)
Caused by: java.util.concurrent.TimeoutException
	at java.util.concurrent.CompletableFuture.timedGet(CompletableFuture.java:1771)
	at java.util.concurrent.CompletableFuture.get(CompletableFuture.java:1915)
	at org.apache.ratis.util.IOUtils.getFromFuture(IOUtils.java:79)
	... 4 more
2019-09-11 07:02:29,552 [0159beb9-e28f-41a3-bdd5-1125b6dbb65e@group-D61D25716C8D-SegmentedRaftLogWorker] WARN  segmented.SegmentedRaftLogWorker (SegmentedRaftLogWorker.java:getFromFuture(90)) - Timeout 1/~
org.apache.ratis.protocol.TimeoutIOException: Timeout 10s: WriteLog:32: (t:1, i:32), STATEMACHINELOGENTRY, client-5E7B1F498381, cid=66-writeStateMachineData
	at org.apache.ratis.util.IOUtils.getFromFuture(IOUtils.java:87)
	at org.apache.ratis.server.raftlog.segmented.SegmentedRaftLogWorker$StateMachineDataPolicy.getFromFuture(SegmentedRaftLogWorker.java:87)
	at org.apache.ratis.server.raftlog.segmented.SegmentedRaftLogWorker$WriteLog.execute(SegmentedRaftLogWorker.java:477)
	at org.apache.ratis.server.raftlog.segmented.SegmentedRaftLogWorker.run(SegmentedRaftLogWorker.java:289)
	at java.lang.Thread.run(Thread.java:748)
Caused by: java.util.concurrent.TimeoutException
	at java.util.concurrent.CompletableFuture.timedGet(CompletableFuture.java:1771)
	at java.util.concurrent.CompletableFuture.get(CompletableFuture.java:1915)
	at org.apache.ratis.util.IOUtils.getFromFuture(IOUtils.java:79)
	... 4 more
2019-09-11 07:02:29,576 [java.util.concurrent.ThreadPoolExecutor$Worker@31796ff9[State = -1, empty queue]] WARN  server.GrpcLogAppender (GrpcLogAppender.java:timeoutAppendRequest(200)) - bbdbb4de-2219-47e5-a2b1-d5e525a98c19@group-D61D25716C8D->0159beb9-e28f-41a3-bdd5-1125b6dbb65e-GrpcLogAppender: appendEntries Timeout, request=bbdbb4de-2219-47e5-a2b1-d5e525a98c19->0159beb9-e28f-41a3-bdd5-1125b6dbb65e#166-t1, previous=(t:1, i:35), leaderCommit=31, initializing? false, entries: <empty>
2019-09-11 07:02:29,691 [grpc-default-executor-1] WARN  server.GrpcLogAppender (LogUtils.java:warn(134)) - b366cd81-90f5-4f0e-8fa6-7e105a738d9d@group-5FF39CBF2ADF->c3336af5-ef91-4420-af01-c0c00dc6c530-AppendLogResponseHandler: Failed appendEntries: org.apache.ratis.thirdparty.io.grpc.StatusRuntimeException: UNAVAILABLE: io exception
2019-09-11 07:02:29,691 [grpc-default-executor-8] WARN  server.GrpcLogAppender (LogUtils.java:warn(134)) - b366cd81-90f5-4f0e-8fa6-7e105a738d9d@group-5FF39CBF2ADF->e76620e4-5df3-481a-bd8d-e91ef558e102-AppendLogResponseHandler: Failed appendEntries: org.apache.ratis.thirdparty.io.grpc.StatusRuntimeException: UNAVAILABLE: io exception
2019-09-11 07:02:29,692 [grpc-default-executor-1] INFO  impl.FollowerInfo (FollowerInfo.java:lambda$new$0(51)) - b366cd81-90f5-4f0e-8fa6-7e105a738d9d@group-5FF39CBF2ADF->c3336af5-ef91-4420-af01-c0c00dc6c530: nextIndex: updateUnconditionally 0 -> 0
2019-09-11 07:02:29,692 [grpc-default-executor-8] INFO  impl.FollowerInfo (FollowerInfo.java:lambda$new$0(51)) - b366cd81-90f5-4f0e-8fa6-7e105a738d9d@group-5FF39CBF2ADF->e76620e4-5df3-481a-bd8d-e91ef558e102: nextIndex: updateUnconditionally 0 -> 0
2019-09-11 07:02:30,102 [java.util.concurrent.ThreadPoolExecutor$Worker@31796ff9[State = -1, empty queue]] WARN  server.GrpcLogAppender (GrpcLogAppender.java:timeoutAppendRequest(200)) - bbdbb4de-2219-47e5-a2b1-d5e525a98c19@group-D61D25716C8D->0159beb9-e28f-41a3-bdd5-1125b6dbb65e-GrpcLogAppender: appendEntries Timeout, request=bbdbb4de-2219-47e5-a2b1-d5e525a98c19->0159beb9-e28f-41a3-bdd5-1125b6dbb65e#167-t1, previous=(t:1, i:35), leaderCommit=31, initializing? false, entries: <empty>
2019-09-11 07:02:30,109 [java.util.concurrent.ThreadPoolExecutor$Worker@77aa567a[State = -1, empty queue]] WARN  server.GrpcLogAppender (GrpcLogAppender.java:timeoutAppendRequest(200)) - 4523c126-f03b-4acb-be3e-4c406fe3aaad@group-7CDE87E80901->4a2aa8aa-5edc-4f5e-99ad-9332c6d3f836-GrpcLogAppender: appendEntries Timeout, request=4523c126-f03b-4acb-be3e-4c406fe3aaad->4a2aa8aa-5edc-4f5e-99ad-9332c6d3f836#154-t2, previous=(t:2, i:18), leaderCommit=14, initializing? false, entries: <empty>
2019-09-11 07:02:30,193 [grpc-default-executor-1] WARN  server.GrpcLogAppender (LogUtils.java:warn(134)) - b366cd81-90f5-4f0e-8fa6-7e105a738d9d@group-5FF39CBF2ADF->e76620e4-5df3-481a-bd8d-e91ef558e102-AppendLogResponseHandler: Failed appendEntries: org.apache.ratis.thirdparty.io.grpc.StatusRuntimeException: UNAVAILABLE: io exception
2019-09-11 07:02:30,193 [grpc-default-executor-3] WARN  server.GrpcLogAppender (LogUtils.java:warn(134)) - b366cd81-90f5-4f0e-8fa6-7e105a738d9d@group-5FF39CBF2ADF->c3336af5-ef91-4420-af01-c0c00dc6c530-AppendLogResponseHandler: Failed appendEntries: org.apache.ratis.thirdparty.io.grpc.StatusRuntimeException: UNAVAILABLE: io exception
2019-09-11 07:02:30,194 [grpc-default-executor-1] INFO  impl.FollowerInfo (FollowerInfo.java:lambda$new$0(51)) - b366cd81-90f5-4f0e-8fa6-7e105a738d9d@group-5FF39CBF2ADF->e76620e4-5df3-481a-bd8d-e91ef558e102: nextIndex: updateUnconditionally 0 -> 0
2019-09-11 07:02:30,194 [grpc-default-executor-3] INFO  impl.FollowerInfo (FollowerInfo.java:lambda$new$0(51)) - b366cd81-90f5-4f0e-8fa6-7e105a738d9d@group-5FF39CBF2ADF->c3336af5-ef91-4420-af01-c0c00dc6c530: nextIndex: updateUnconditionally 0 -> 0
2019-09-11 07:02:30,535 [java.util.concurrent.ThreadPoolExecutor$Worker@77aa567a[State = -1, empty queue]] WARN  server.GrpcLogAppender (GrpcLogAppender.java:timeoutAppendRequest(200)) - 4523c126-f03b-4acb-be3e-4c406fe3aaad@group-7CDE87E80901->4a2aa8aa-5edc-4f5e-99ad-9332c6d3f836-GrpcLogAppender: appendEntries Timeout, request=4523c126-f03b-4acb-be3e-4c406fe3aaad->4a2aa8aa-5edc-4f5e-99ad-9332c6d3f836#155-t2, previous=(t:2, i:18), leaderCommit=14, initializing? false, entries: <empty>
2019-09-11 07:02:30,582 [java.util.concurrent.ThreadPoolExecutor$Worker@31796ff9[State = -1, empty queue]] WARN  server.GrpcLogAppender (GrpcLogAppender.java:timeoutAppendRequest(200)) - bbdbb4de-2219-47e5-a2b1-d5e525a98c19@group-D61D25716C8D->0159beb9-e28f-41a3-bdd5-1125b6dbb65e-GrpcLogAppender: appendEntries Timeout, request=bbdbb4de-2219-47e5-a2b1-d5e525a98c19->0159beb9-e28f-41a3-bdd5-1125b6dbb65e#168-t1, previous=(t:1, i:35), leaderCommit=31, initializing? false, entries: <empty>
2019-09-11 07:02:30,692 [grpc-default-executor-0] WARN  server.GrpcLogAppender (LogUtils.java:warn(134)) - b366cd81-90f5-4f0e-8fa6-7e105a738d9d@group-5FF39CBF2ADF->e76620e4-5df3-481a-bd8d-e91ef558e102-AppendLogResponseHandler: Failed appendEntries: org.apache.ratis.thirdparty.io.grpc.StatusRuntimeException: UNAVAILABLE: io exception
2019-09-11 07:02:30,692 [grpc-default-executor-8] WARN  server.GrpcLogAppender (LogUtils.java:warn(134)) - b366cd81-90f5-4f0e-8fa6-7e105a738d9d@group-5FF39CBF2ADF->c3336af5-ef91-4420-af01-c0c00dc6c530-AppendLogResponseHandler: Failed appendEntries: org.apache.ratis.thirdparty.io.grpc.StatusRuntimeException: UNAVAILABLE: io exception
2019-09-11 07:02:30,693 [grpc-default-executor-0] INFO  impl.FollowerInfo (FollowerInfo.java:lambda$new$0(51)) - b366cd81-90f5-4f0e-8fa6-7e105a738d9d@group-5FF39CBF2ADF->e76620e4-5df3-481a-bd8d-e91ef558e102: nextIndex: updateUnconditionally 0 -> 0
2019-09-11 07:02:30,693 [grpc-default-executor-8] INFO  impl.FollowerInfo (FollowerInfo.java:lambda$new$0(51)) - b366cd81-90f5-4f0e-8fa6-7e105a738d9d@group-5FF39CBF2ADF->c3336af5-ef91-4420-af01-c0c00dc6c530: nextIndex: updateUnconditionally 0 -> 0
2019-09-11 07:02:31,035 [java.util.concurrent.ThreadPoolExecutor$Worker@77aa567a[State = -1, empty queue]] WARN  server.GrpcLogAppender (GrpcLogAppender.java:timeoutAppendRequest(200)) - 4523c126-f03b-4acb-be3e-4c406fe3aaad@group-7CDE87E80901->4a2aa8aa-5edc-4f5e-99ad-9332c6d3f836-GrpcLogAppender: appendEntries Timeout, request=4523c126-f03b-4acb-be3e-4c406fe3aaad->4a2aa8aa-5edc-4f5e-99ad-9332c6d3f836#156-t2, previous=(t:2, i:18), leaderCommit=14, initializing? false, entries: <empty>
2019-09-11 07:02:31,082 [java.util.concurrent.ThreadPoolExecutor$Worker@31796ff9[State = -1, empty queue]] WARN  server.GrpcLogAppender (GrpcLogAppender.java:timeoutAppendRequest(200)) - bbdbb4de-2219-47e5-a2b1-d5e525a98c19@group-D61D25716C8D->0159beb9-e28f-41a3-bdd5-1125b6dbb65e-GrpcLogAppender: appendEntries Timeout, request=bbdbb4de-2219-47e5-a2b1-d5e525a98c19->0159beb9-e28f-41a3-bdd5-1125b6dbb65e#169-t1, previous=(t:1, i:35), leaderCommit=31, initializing? false, entries: <empty>
2019-09-11 07:02:31,166 [b366cd81-90f5-4f0e-8fa6-7e105a738d9d@group-5FF39CBF2ADF-SegmentedRaftLogWorker] WARN  segmented.SegmentedRaftLogWorker (SegmentedRaftLogWorker.java:getFromFuture(90)) - Timeout 6/~
org.apache.ratis.protocol.TimeoutIOException: Timeout 10s: WriteLog:19: (t:2, i:19), STATEMACHINELOGENTRY, client-FA9E6D659E8E, cid=41-writeStateMachineData
	at org.apache.ratis.util.IOUtils.getFromFuture(IOUtils.java:87)
	at org.apache.ratis.server.raftlog.segmented.SegmentedRaftLogWorker$StateMachineDataPolicy.getFromFuture(SegmentedRaftLogWorker.java:87)
	at org.apache.ratis.server.raftlog.segmented.SegmentedRaftLogWorker$WriteLog.execute(SegmentedRaftLogWorker.java:477)
	at org.apache.ratis.server.raftlog.segmented.SegmentedRaftLogWorker.run(SegmentedRaftLogWorker.java:289)
	at java.lang.Thread.run(Thread.java:748)
Caused by: java.util.concurrent.TimeoutException
	at java.util.concurrent.CompletableFuture.timedGet(CompletableFuture.java:1771)
	at java.util.concurrent.CompletableFuture.get(CompletableFuture.java:1915)
	at org.apache.ratis.util.IOUtils.getFromFuture(IOUtils.java:79)
	... 4 more
2019-09-11 07:02:31,193 [grpc-default-executor-2] WARN  server.GrpcLogAppender (LogUtils.java:warn(134)) - b366cd81-90f5-4f0e-8fa6-7e105a738d9d@group-5FF39CBF2ADF->c3336af5-ef91-4420-af01-c0c00dc6c530-AppendLogResponseHandler: Failed appendEntries: org.apache.ratis.thirdparty.io.grpc.StatusRuntimeException: UNAVAILABLE: io exception
2019-09-11 07:02:31,193 [grpc-default-executor-3] WARN  server.GrpcLogAppender (LogUtils.java:warn(134)) - b366cd81-90f5-4f0e-8fa6-7e105a738d9d@group-5FF39CBF2ADF->e76620e4-5df3-481a-bd8d-e91ef558e102-AppendLogResponseHandler: Failed appendEntries: org.apache.ratis.thirdparty.io.grpc.StatusRuntimeException: UNAVAILABLE: io exception
2019-09-11 07:02:31,194 [grpc-default-executor-2] INFO  impl.FollowerInfo (FollowerInfo.java:lambda$new$0(51)) - b366cd81-90f5-4f0e-8fa6-7e105a738d9d@group-5FF39CBF2ADF->c3336af5-ef91-4420-af01-c0c00dc6c530: nextIndex: updateUnconditionally 0 -> 0
2019-09-11 07:02:31,194 [grpc-default-executor-3] INFO  impl.FollowerInfo (FollowerInfo.java:lambda$new$0(51)) - b366cd81-90f5-4f0e-8fa6-7e105a738d9d@group-5FF39CBF2ADF->e76620e4-5df3-481a-bd8d-e91ef558e102: nextIndex: updateUnconditionally 0 -> 0
2019-09-11 07:02:31,536 [java.util.concurrent.ThreadPoolExecutor$Worker@77aa567a[State = -1, empty queue]] WARN  server.GrpcLogAppender (GrpcLogAppender.java:timeoutAppendRequest(200)) - 4523c126-f03b-4acb-be3e-4c406fe3aaad@group-7CDE87E80901->4a2aa8aa-5edc-4f5e-99ad-9332c6d3f836-GrpcLogAppender: appendEntries Timeout, request=4523c126-f03b-4acb-be3e-4c406fe3aaad->4a2aa8aa-5edc-4f5e-99ad-9332c6d3f836#157-t2, previous=(t:2, i:18), leaderCommit=14, initializing? false, entries: <empty>
2019-09-11 07:02:31,582 [java.util.concurrent.ThreadPoolExecutor$Worker@31796ff9[State = -1, empty queue]] WARN  server.GrpcLogAppender (GrpcLogAppender.java:timeoutAppendRequest(200)) - bbdbb4de-2219-47e5-a2b1-d5e525a98c19@group-D61D25716C8D->0159beb9-e28f-41a3-bdd5-1125b6dbb65e-GrpcLogAppender: appendEntries Timeout, request=bbdbb4de-2219-47e5-a2b1-d5e525a98c19->0159beb9-e28f-41a3-bdd5-1125b6dbb65e#170-t1, previous=(t:1, i:35), leaderCommit=31, initializing? false, entries: <empty>
2019-09-11 07:02:31,698 [grpc-default-executor-8] WARN  server.GrpcLogAppender (LogUtils.java:warn(134)) - b366cd81-90f5-4f0e-8fa6-7e105a738d9d@group-5FF39CBF2ADF->c3336af5-ef91-4420-af01-c0c00dc6c530-AppendLogResponseHandler: Failed appendEntries: org.apache.ratis.thirdparty.io.grpc.StatusRuntimeException: UNAVAILABLE: io exception
2019-09-11 07:02:31,698 [grpc-default-executor-7] WARN  server.GrpcLogAppender (LogUtils.java:warn(134)) - b366cd81-90f5-4f0e-8fa6-7e105a738d9d@group-5FF39CBF2ADF->e76620e4-5df3-481a-bd8d-e91ef558e102-AppendLogResponseHandler: Failed appendEntries: org.apache.ratis.thirdparty.io.grpc.StatusRuntimeException: UNAVAILABLE: io exception
2019-09-11 07:02:31,699 [grpc-default-executor-8] INFO  impl.FollowerInfo (FollowerInfo.java:lambda$new$0(51)) - b366cd81-90f5-4f0e-8fa6-7e105a738d9d@group-5FF39CBF2ADF->c3336af5-ef91-4420-af01-c0c00dc6c530: nextIndex: updateUnconditionally 0 -> 0
2019-09-11 07:02:31,699 [grpc-default-executor-7] INFO  impl.FollowerInfo (FollowerInfo.java:lambda$new$0(51)) - b366cd81-90f5-4f0e-8fa6-7e105a738d9d@group-5FF39CBF2ADF->e76620e4-5df3-481a-bd8d-e91ef558e102: nextIndex: updateUnconditionally 0 -> 0
2019-09-11 07:02:32,036 [java.util.concurrent.ThreadPoolExecutor$Worker@77aa567a[State = -1, empty queue]] WARN  server.GrpcLogAppender (GrpcLogAppender.java:timeoutAppendRequest(200)) - 4523c126-f03b-4acb-be3e-4c406fe3aaad@group-7CDE87E80901->4a2aa8aa-5edc-4f5e-99ad-9332c6d3f836-GrpcLogAppender: appendEntries Timeout, request=4523c126-f03b-4acb-be3e-4c406fe3aaad->4a2aa8aa-5edc-4f5e-99ad-9332c6d3f836#158-t2, previous=(t:2, i:18), leaderCommit=14, initializing? false, entries: <empty>
2019-09-11 07:02:32,083 [java.util.concurrent.ThreadPoolExecutor$Worker@31796ff9[State = -1, empty queue]] WARN  server.GrpcLogAppender (GrpcLogAppender.java:timeoutAppendRequest(200)) - bbdbb4de-2219-47e5-a2b1-d5e525a98c19@group-D61D25716C8D->0159beb9-e28f-41a3-bdd5-1125b6dbb65e-GrpcLogAppender: appendEntries Timeout, request=bbdbb4de-2219-47e5-a2b1-d5e525a98c19->0159beb9-e28f-41a3-bdd5-1125b6dbb65e#171-t1, previous=(t:1, i:35), leaderCommit=31, initializing? false, entries: <empty>
2019-09-11 07:02:32,198 [grpc-default-executor-3] WARN  server.GrpcLogAppender (LogUtils.java:warn(134)) - b366cd81-90f5-4f0e-8fa6-7e105a738d9d@group-5FF39CBF2ADF->e76620e4-5df3-481a-bd8d-e91ef558e102-AppendLogResponseHandler: Failed appendEntries: org.apache.ratis.thirdparty.io.grpc.StatusRuntimeException: UNAVAILABLE: io exception
2019-09-11 07:02:32,198 [grpc-default-executor-0] WARN  server.GrpcLogAppender (LogUtils.java:warn(134)) - b366cd81-90f5-4f0e-8fa6-7e105a738d9d@group-5FF39CBF2ADF->c3336af5-ef91-4420-af01-c0c00dc6c530-AppendLogResponseHandler: Failed appendEntries: org.apache.ratis.thirdparty.io.grpc.StatusRuntimeException: UNAVAILABLE: io exception
2019-09-11 07:02:32,198 [grpc-default-executor-3] INFO  impl.FollowerInfo (FollowerInfo.java:lambda$new$0(51)) - b366cd81-90f5-4f0e-8fa6-7e105a738d9d@group-5FF39CBF2ADF->e76620e4-5df3-481a-bd8d-e91ef558e102: nextIndex: updateUnconditionally 0 -> 0
2019-09-11 07:02:32,198 [grpc-default-executor-0] INFO  impl.FollowerInfo (FollowerInfo.java:lambda$new$0(51)) - b366cd81-90f5-4f0e-8fa6-7e105a738d9d@group-5FF39CBF2ADF->c3336af5-ef91-4420-af01-c0c00dc6c530: nextIndex: updateUnconditionally 0 -> 0
2019-09-11 07:02:32,536 [java.util.concurrent.ThreadPoolExecutor$Worker@77aa567a[State = -1, empty queue]] WARN  server.GrpcLogAppender (GrpcLogAppender.java:timeoutAppendRequest(200)) - 4523c126-f03b-4acb-be3e-4c406fe3aaad@group-7CDE87E80901->4a2aa8aa-5edc-4f5e-99ad-9332c6d3f836-GrpcLogAppender: appendEntries Timeout, request=4523c126-f03b-4acb-be3e-4c406fe3aaad->4a2aa8aa-5edc-4f5e-99ad-9332c6d3f836#159-t2, previous=(t:2, i:18), leaderCommit=14, initializing? false, entries: <empty>
2019-09-11 07:02:32,583 [java.util.concurrent.ThreadPoolExecutor$Worker@31796ff9[State = -1, empty queue]] WARN  server.GrpcLogAppender (GrpcLogAppender.java:timeoutAppendRequest(200)) - bbdbb4de-2219-47e5-a2b1-d5e525a98c19@group-D61D25716C8D->0159beb9-e28f-41a3-bdd5-1125b6dbb65e-GrpcLogAppender: appendEntries Timeout, request=bbdbb4de-2219-47e5-a2b1-d5e525a98c19->0159beb9-e28f-41a3-bdd5-1125b6dbb65e#172-t1, previous=(t:1, i:35), leaderCommit=31, initializing? false, entries: <empty>
2019-09-11 07:02:32,699 [grpc-default-executor-2] WARN  server.GrpcLogAppender (LogUtils.java:warn(134)) - b366cd81-90f5-4f0e-8fa6-7e105a738d9d@group-5FF39CBF2ADF->e76620e4-5df3-481a-bd8d-e91ef558e102-AppendLogResponseHandler: Failed appendEntries: org.apache.ratis.thirdparty.io.grpc.StatusRuntimeException: UNAVAILABLE: io exception
2019-09-11 07:02:32,699 [grpc-default-executor-7] WARN  server.GrpcLogAppender (LogUtils.java:warn(134)) - b366cd81-90f5-4f0e-8fa6-7e105a738d9d@group-5FF39CBF2ADF->c3336af5-ef91-4420-af01-c0c00dc6c530-AppendLogResponseHandler: Failed appendEntries: org.apache.ratis.thirdparty.io.grpc.StatusRuntimeException: UNAVAILABLE: io exception
2019-09-11 07:02:32,700 [grpc-default-executor-2] INFO  impl.FollowerInfo (FollowerInfo.java:lambda$new$0(51)) - b366cd81-90f5-4f0e-8fa6-7e105a738d9d@group-5FF39CBF2ADF->e76620e4-5df3-481a-bd8d-e91ef558e102: nextIndex: updateUnconditionally 0 -> 0
2019-09-11 07:02:32,700 [grpc-default-executor-7] INFO  impl.FollowerInfo (FollowerInfo.java:lambda$new$0(51)) - b366cd81-90f5-4f0e-8fa6-7e105a738d9d@group-5FF39CBF2ADF->c3336af5-ef91-4420-af01-c0c00dc6c530: nextIndex: updateUnconditionally 0 -> 0
2019-09-11 07:02:32,858 [ForkJoinPool.commonPool-worker-1] INFO  ozoneimpl.OzoneContainer (OzoneContainer.java:stop(231)) - Attempting to stop container services.
2019-09-11 07:02:32,858 [main] INFO  ozoneimpl.OzoneContainer (OzoneContainer.java:stop(231)) - Attempting to stop container services.
2019-09-11 07:02:32,859 [ForkJoinPool.commonPool-worker-1] INFO  impl.RaftServerProxy (RaftServerProxy.java:lambda$close$4(314)) - 0159beb9-e28f-41a3-bdd5-1125b6dbb65e: close
2019-09-11 07:02:32,859 [main] INFO  impl.RaftServerProxy (RaftServerProxy.java:lambda$close$4(314)) - 7cc5d2d7-39af-4b66-8513-17417d4c25e9: close
2019-09-11 07:02:32,860 [ForkJoinPool.commonPool-worker-1] INFO  impl.RaftServerImpl (RaftServerImpl.java:lambda$shutdown$3(251)) - 0159beb9-e28f-41a3-bdd5-1125b6dbb65e@group-D61D25716C8D: shutdown
2019-09-11 07:02:32,860 [main] INFO  impl.RaftServerImpl (RaftServerImpl.java:lambda$shutdown$3(251)) - 7cc5d2d7-39af-4b66-8513-17417d4c25e9@group-C7F0FBDD9540: shutdown
2019-09-11 07:02:32,860 [ForkJoinPool.commonPool-worker-1] INFO  util.JmxRegister (JmxRegister.java:unregister(73)) - Successfully un-registered JMX Bean with object name Ratis:service=RaftServer,group=group-D61D25716C8D,id=0159beb9-e28f-41a3-bdd5-1125b6dbb65e
2019-09-11 07:02:32,860 [main] INFO  util.JmxRegister (JmxRegister.java:unregister(73)) - Successfully un-registered JMX Bean with object name Ratis:service=RaftServer,group=group-C7F0FBDD9540,id=7cc5d2d7-39af-4b66-8513-17417d4c25e9
2019-09-11 07:02:32,861 [ForkJoinPool.commonPool-worker-1] INFO  impl.RoleInfo (RoleInfo.java:shutdownFollowerState(121)) - 0159beb9-e28f-41a3-bdd5-1125b6dbb65e: shutdown FollowerState
2019-09-11 07:02:32,861 [main] INFO  impl.RoleInfo (RoleInfo.java:shutdownLeaderState(104)) - 7cc5d2d7-39af-4b66-8513-17417d4c25e9: shutdown LeaderState
2019-09-11 07:02:32,862 [0159beb9-e28f-41a3-bdd5-1125b6dbb65e@group-D61D25716C8D-StateMachineUpdater] INFO  ratis.ContainerStateMachine (ContainerStateMachine.java:takeSnapshot(289)) - group-D61D25716C8D: Taking a snapshot at:(t:1, i:29) file /workdir/hadoop-ozone/integration-test/target/test-dir/MiniOzoneClusterImpl-17eb7e61-4fa5-444d-af72-e415168ae45d/datanode-2/data/ratis/f4a355b4-515b-426d-bc3d-d61d25716c8d/sm/snapshot.1_29
2019-09-11 07:02:32,862 [Thread-396] INFO  impl.FollowerState (FollowerState.java:run(115)) - 0159beb9-e28f-41a3-bdd5-1125b6dbb65e: FollowerState was interrupted: java.lang.InterruptedException: sleep interrupted
2019-09-11 07:02:32,861 [ForkJoinPool.commonPool-worker-1] INFO  impl.StateMachineUpdater (StateMachineUpdater.java:stopAndJoin(125)) - 0159beb9-e28f-41a3-bdd5-1125b6dbb65e@group-D61D25716C8D-StateMachineUpdater: set stopIndex = 31
2019-09-11 07:02:32,862 [main] INFO  impl.PendingRequests (PendingRequests.java:sendNotLeaderResponses(202)) - 7cc5d2d7-39af-4b66-8513-17417d4c25e9-PendingRequests: sendNotLeaderResponses
2019-09-11 07:02:32,863 [main] INFO  impl.StateMachineUpdater (StateMachineUpdater.java:stopAndJoin(125)) - 7cc5d2d7-39af-4b66-8513-17417d4c25e9@group-C7F0FBDD9540-StateMachineUpdater: set stopIndex = 0
2019-09-11 07:02:32,864 [main] INFO  impl.RaftServerImpl (ServerState.java:close(385)) - 7cc5d2d7-39af-4b66-8513-17417d4c25e9@group-C7F0FBDD9540: closes. applyIndex: 0
2019-09-11 07:02:32,864 [7cc5d2d7-39af-4b66-8513-17417d4c25e9@group-C7F0FBDD9540-SegmentedRaftLogWorker] INFO  segmented.SegmentedRaftLogWorker (SegmentedRaftLogWorker.java:run(313)) - 7cc5d2d7-39af-4b66-8513-17417d4c25e9@group-C7F0FBDD9540-SegmentedRaftLogWorker was interrupted, exiting. There are 0 tasks remaining in the queue.
2019-09-11 07:02:32,875 [main] INFO  segmented.SegmentedRaftLogWorker (SegmentedRaftLogWorker.java:close(228)) - 7cc5d2d7-39af-4b66-8513-17417d4c25e9@group-C7F0FBDD9540-SegmentedRaftLogWorker close()
2019-09-11 07:02:32,876 [0159beb9-e28f-41a3-bdd5-1125b6dbb65e@group-D61D25716C8D-StateMachineUpdater] INFO  ratis.ContainerStateMachine (ContainerStateMachine.java:takeSnapshot(300)) - group-D61D25716C8D: Finished taking a snapshot at:(t:1, i:29) file:/workdir/hadoop-ozone/integration-test/target/test-dir/MiniOzoneClusterImpl-17eb7e61-4fa5-444d-af72-e415168ae45d/datanode-2/data/ratis/f4a355b4-515b-426d-bc3d-d61d25716c8d/sm/snapshot.1_29 time:15
2019-09-11 07:02:32,880 [main] INFO  impl.RaftServerImpl (RaftServerImpl.java:lambda$shutdown$3(251)) - 7cc5d2d7-39af-4b66-8513-17417d4c25e9@group-D61D25716C8D: shutdown
2019-09-11 07:02:32,881 [0159beb9-e28f-41a3-bdd5-1125b6dbb65e@group-D61D25716C8D-StateMachineUpdater] INFO  impl.StateMachineUpdater (StateMachineUpdater.java:takeSnapshot(258)) - 0159beb9-e28f-41a3-bdd5-1125b6dbb65e@group-D61D25716C8D-StateMachineUpdater: Took a snapshot at index 29
2019-09-11 07:02:32,881 [main] INFO  util.JmxRegister (JmxRegister.java:unregister(73)) - Successfully un-registered JMX Bean with object name Ratis:service=RaftServer,group=group-D61D25716C8D,id=7cc5d2d7-39af-4b66-8513-17417d4c25e9
2019-09-11 07:02:32,881 [0159beb9-e28f-41a3-bdd5-1125b6dbb65e@group-D61D25716C8D-StateMachineUpdater] INFO  impl.StateMachineUpdater (StateMachineUpdater.java:lambda$new$0(83)) - 0159beb9-e28f-41a3-bdd5-1125b6dbb65e@group-D61D25716C8D-StateMachineUpdater: snapshotIndex: updateIncreasingly -1 -> 29
2019-09-11 07:02:32,881 [main] INFO  impl.RoleInfo (RoleInfo.java:shutdownFollowerState(121)) - 7cc5d2d7-39af-4b66-8513-17417d4c25e9: shutdown FollowerState
2019-09-11 07:02:32,882 [0159beb9-e28f-41a3-bdd5-1125b6dbb65e@group-D61D25716C8D-StateMachineUpdater] INFO  ratis.ContainerStateMachine (ContainerStateMachine.java:takeSnapshot(289)) - group-D61D25716C8D: Taking a snapshot at:(t:1, i:29) file /workdir/hadoop-ozone/integration-test/target/test-dir/MiniOzoneClusterImpl-17eb7e61-4fa5-444d-af72-e415168ae45d/datanode-2/data/ratis/f4a355b4-515b-426d-bc3d-d61d25716c8d/sm/snapshot.1_29
2019-09-11 07:02:32,882 [main] INFO  impl.StateMachineUpdater (StateMachineUpdater.java:stopAndJoin(125)) - 7cc5d2d7-39af-4b66-8513-17417d4c25e9@group-D61D25716C8D-StateMachineUpdater: set stopIndex = 31
2019-09-11 07:02:32,882 [Thread-397] INFO  impl.FollowerState (FollowerState.java:run(115)) - 7cc5d2d7-39af-4b66-8513-17417d4c25e9: FollowerState was interrupted: java.lang.InterruptedException: sleep interrupted
2019-09-11 07:02:32,882 [7cc5d2d7-39af-4b66-8513-17417d4c25e9@group-D61D25716C8D-StateMachineUpdater] INFO  ratis.ContainerStateMachine (ContainerStateMachine.java:takeSnapshot(289)) - group-D61D25716C8D: Taking a snapshot at:(t:1, i:29) file /workdir/hadoop-ozone/integration-test/target/test-dir/MiniOzoneClusterImpl-17eb7e61-4fa5-444d-af72-e415168ae45d/datanode-5/data/ratis/f4a355b4-515b-426d-bc3d-d61d25716c8d/sm/snapshot.1_29
2019-09-11 07:02:32,894 [7cc5d2d7-39af-4b66-8513-17417d4c25e9@group-D61D25716C8D-StateMachineUpdater] INFO  ratis.ContainerStateMachine (ContainerStateMachine.java:takeSnapshot(300)) - group-D61D25716C8D: Finished taking a snapshot at:(t:1, i:29) file:/workdir/hadoop-ozone/integration-test/target/test-dir/MiniOzoneClusterImpl-17eb7e61-4fa5-444d-af72-e415168ae45d/datanode-5/data/ratis/f4a355b4-515b-426d-bc3d-d61d25716c8d/sm/snapshot.1_29 time:13
2019-09-11 07:02:32,894 [0159beb9-e28f-41a3-bdd5-1125b6dbb65e@group-D61D25716C8D-StateMachineUpdater] INFO  ratis.ContainerStateMachine (ContainerStateMachine.java:takeSnapshot(300)) - group-D61D25716C8D: Finished taking a snapshot at:(t:1, i:29) file:/workdir/hadoop-ozone/integration-test/target/test-dir/MiniOzoneClusterImpl-17eb7e61-4fa5-444d-af72-e415168ae45d/datanode-2/data/ratis/f4a355b4-515b-426d-bc3d-d61d25716c8d/sm/snapshot.1_29 time:13
2019-09-11 07:02:32,894 [7cc5d2d7-39af-4b66-8513-17417d4c25e9@group-D61D25716C8D-StateMachineUpdater] INFO  impl.StateMachineUpdater (StateMachineUpdater.java:takeSnapshot(258)) - 7cc5d2d7-39af-4b66-8513-17417d4c25e9@group-D61D25716C8D-StateMachineUpdater: Took a snapshot at index 29
2019-09-11 07:02:32,894 [7cc5d2d7-39af-4b66-8513-17417d4c25e9@group-D61D25716C8D-StateMachineUpdater] INFO  impl.StateMachineUpdater (StateMachineUpdater.java:lambda$new$0(83)) - 7cc5d2d7-39af-4b66-8513-17417d4c25e9@group-D61D25716C8D-StateMachineUpdater: snapshotIndex: updateIncreasingly -1 -> 29
2019-09-11 07:02:32,895 [0159beb9-e28f-41a3-bdd5-1125b6dbb65e@group-D61D25716C8D-StateMachineUpdater] INFO  impl.StateMachineUpdater (StateMachineUpdater.java:takeSnapshot(258)) - 0159beb9-e28f-41a3-bdd5-1125b6dbb65e@group-D61D25716C8D-StateMachineUpdater: Took a snapshot at index 29
2019-09-11 07:02:32,895 [0159beb9-e28f-41a3-bdd5-1125b6dbb65e@group-D61D25716C8D-StateMachineUpdater] INFO  impl.StateMachineUpdater (StateMachineUpdater.java:lambda$new$0(83)) - 0159beb9-e28f-41a3-bdd5-1125b6dbb65e@group-D61D25716C8D-StateMachineUpdater: snapshotIndex: updateIncreasingly 29 -> 29
2019-09-11 07:02:32,895 [7cc5d2d7-39af-4b66-8513-17417d4c25e9@group-D61D25716C8D-StateMachineUpdater] INFO  ratis.ContainerStateMachine (ContainerStateMachine.java:takeSnapshot(289)) - group-D61D25716C8D: Taking a snapshot at:(t:1, i:29) file /workdir/hadoop-ozone/integration-test/target/test-dir/MiniOzoneClusterImpl-17eb7e61-4fa5-444d-af72-e415168ae45d/datanode-5/data/ratis/f4a355b4-515b-426d-bc3d-d61d25716c8d/sm/snapshot.1_29
2019-09-11 07:02:32,895 [ForkJoinPool.commonPool-worker-1] INFO  impl.RaftServerImpl (ServerState.java:close(385)) - 0159beb9-e28f-41a3-bdd5-1125b6dbb65e@group-D61D25716C8D: closes. applyIndex: 31
2019-09-11 07:02:32,898 [0159beb9-e28f-41a3-bdd5-1125b6dbb65e@group-D61D25716C8D-SegmentedRaftLogWorker] ERROR ratis.XceiverServerRatis (XceiverServerRatis.java:triggerPipelineClose(575)) - pipeline Action CLOSE  on pipeline PipelineID=f4a355b4-515b-426d-bc3d-d61d25716c8d.Reason : WriteLog:32: (t:1, i:32), STATEMACHINELOGENTRY, client-5E7B1F498381, cid=66-writeStateMachineData interrupted.
2019-09-11 07:02:32,901 [ForkJoinPool.commonPool-worker-1] INFO  segmented.SegmentedRaftLogWorker (SegmentedRaftLogWorker.java:close(228)) - 0159beb9-e28f-41a3-bdd5-1125b6dbb65e@group-D61D25716C8D-SegmentedRaftLogWorker close()
2019-09-11 07:02:32,906 [ForkJoinPool.commonPool-worker-1] INFO  impl.RaftServerImpl (RaftServerImpl.java:lambda$shutdown$3(251)) - 0159beb9-e28f-41a3-bdd5-1125b6dbb65e@group-9D34814ED629: shutdown
2019-09-11 07:02:32,906 [ForkJoinPool.commonPool-worker-1] INFO  util.JmxRegister (JmxRegister.java:unregister(73)) - Successfully un-registered JMX Bean with object name Ratis:service=RaftServer,group=group-9D34814ED629,id=0159beb9-e28f-41a3-bdd5-1125b6dbb65e
2019-09-11 07:02:32,907 [ForkJoinPool.commonPool-worker-1] INFO  impl.RoleInfo (RoleInfo.java:shutdownLeaderState(104)) - 0159beb9-e28f-41a3-bdd5-1125b6dbb65e: shutdown LeaderState
2019-09-11 07:02:32,907 [ForkJoinPool.commonPool-worker-1] INFO  impl.PendingRequests (PendingRequests.java:sendNotLeaderResponses(202)) - 0159beb9-e28f-41a3-bdd5-1125b6dbb65e-PendingRequests: sendNotLeaderResponses
2019-09-11 07:02:32,909 [ForkJoinPool.commonPool-worker-1] INFO  impl.StateMachineUpdater (StateMachineUpdater.java:stopAndJoin(125)) - 0159beb9-e28f-41a3-bdd5-1125b6dbb65e@group-9D34814ED629-StateMachineUpdater: set stopIndex = 0
2019-09-11 07:02:32,910 [ForkJoinPool.commonPool-worker-1] INFO  impl.RaftServerImpl (ServerState.java:close(385)) - 0159beb9-e28f-41a3-bdd5-1125b6dbb65e@group-9D34814ED629: closes. applyIndex: 0
2019-09-11 07:02:32,910 [0159beb9-e28f-41a3-bdd5-1125b6dbb65e@group-9D34814ED629-SegmentedRaftLogWorker] INFO  segmented.SegmentedRaftLogWorker (SegmentedRaftLogWorker.java:run(313)) - 0159beb9-e28f-41a3-bdd5-1125b6dbb65e@group-9D34814ED629-SegmentedRaftLogWorker was interrupted, exiting. There are 0 tasks remaining in the queue.
2019-09-11 07:02:32,920 [ForkJoinPool.commonPool-worker-1] INFO  segmented.SegmentedRaftLogWorker (SegmentedRaftLogWorker.java:close(228)) - 0159beb9-e28f-41a3-bdd5-1125b6dbb65e@group-9D34814ED629-SegmentedRaftLogWorker close()
2019-09-11 07:02:32,922 [7cc5d2d7-39af-4b66-8513-17417d4c25e9@group-D61D25716C8D-StateMachineUpdater] INFO  ratis.ContainerStateMachine (ContainerStateMachine.java:takeSnapshot(300)) - group-D61D25716C8D: Finished taking a snapshot at:(t:1, i:29) file:/workdir/hadoop-ozone/integration-test/target/test-dir/MiniOzoneClusterImpl-17eb7e61-4fa5-444d-af72-e415168ae45d/datanode-5/data/ratis/f4a355b4-515b-426d-bc3d-d61d25716c8d/sm/snapshot.1_29 time:28
2019-09-11 07:02:32,924 [7cc5d2d7-39af-4b66-8513-17417d4c25e9@group-D61D25716C8D-StateMachineUpdater] INFO  impl.StateMachineUpdater (StateMachineUpdater.java:takeSnapshot(258)) - 7cc5d2d7-39af-4b66-8513-17417d4c25e9@group-D61D25716C8D-StateMachineUpdater: Took a snapshot at index 29
2019-09-11 07:02:32,924 [ForkJoinPool.commonPool-worker-1] INFO  server.GrpcService (GrpcService.java:closeImpl(164)) - 0159beb9-e28f-41a3-bdd5-1125b6dbb65e: shutdown server with port 44765 now
2019-09-11 07:02:32,924 [7cc5d2d7-39af-4b66-8513-17417d4c25e9@group-D61D25716C8D-StateMachineUpdater] INFO  impl.StateMachineUpdater (StateMachineUpdater.java:lambda$new$0(83)) - 7cc5d2d7-39af-4b66-8513-17417d4c25e9@group-D61D25716C8D-StateMachineUpdater: snapshotIndex: updateIncreasingly 29 -> 29
2019-09-11 07:02:32,925 [main] INFO  impl.RaftServerImpl (ServerState.java:close(385)) - 7cc5d2d7-39af-4b66-8513-17417d4c25e9@group-D61D25716C8D: closes. applyIndex: 31
2019-09-11 07:02:32,926 [7cc5d2d7-39af-4b66-8513-17417d4c25e9@group-D61D25716C8D-SegmentedRaftLogWorker] INFO  segmented.SegmentedRaftLogWorker (SegmentedRaftLogWorker.java:run(313)) - 7cc5d2d7-39af-4b66-8513-17417d4c25e9@group-D61D25716C8D-SegmentedRaftLogWorker was interrupted, exiting. There are 0 tasks remaining in the queue.
2019-09-11 07:02:32,929 [main] INFO  segmented.SegmentedRaftLogWorker (SegmentedRaftLogWorker.java:close(228)) - 7cc5d2d7-39af-4b66-8513-17417d4c25e9@group-D61D25716C8D-SegmentedRaftLogWorker close()
2019-09-11 07:02:32,929 [ForkJoinPool.commonPool-worker-1] INFO  server.GrpcService (GrpcService.java:closeImpl(172)) - 0159beb9-e28f-41a3-bdd5-1125b6dbb65e: shutdown server with port 44765 successfully
2019-09-11 07:02:32,929 [grpc-default-executor-7] WARN  server.GrpcLogAppender (LogUtils.java:warn(134)) - bbdbb4de-2219-47e5-a2b1-d5e525a98c19@group-D61D25716C8D->0159beb9-e28f-41a3-bdd5-1125b6dbb65e-AppendLogResponseHandler: Failed appendEntries: org.apache.ratis.thirdparty.io.grpc.StatusRuntimeException: CANCELLED: HTTP/2 error code: CANCEL
Received Rst Stream
2019-09-11 07:02:32,929 [grpc-default-executor-2] WARN  server.GrpcServerProtocolService (LogUtils.java:warn(134)) - 0159beb9-e28f-41a3-bdd5-1125b6dbb65e: installSnapshot onError, lastRequest: bbdbb4de-2219-47e5-a2b1-d5e525a98c19->0159beb9-e28f-41a3-bdd5-1125b6dbb65e#178-t1, previous=(t:1, i:35), leaderCommit=31, initializing? false, entries: <empty>: org.apache.ratis.thirdparty.io.grpc.StatusRuntimeException: CANCELLED: cancelled before receiving half close
2019-09-11 07:02:32,934 [main] INFO  server.GrpcService (GrpcService.java:closeImpl(164)) - 7cc5d2d7-39af-4b66-8513-17417d4c25e9: shutdown server with port 41269 now
2019-09-11 07:02:32,935 [grpc-default-executor-7] INFO  impl.FollowerInfo (FollowerInfo.java:lambda$new$0(51)) - bbdbb4de-2219-47e5-a2b1-d5e525a98c19@group-D61D25716C8D->0159beb9-e28f-41a3-bdd5-1125b6dbb65e: nextIndex: updateUnconditionally 36 -> 32
2019-09-11 07:02:32,938 [refreshUsed-/workdir/hadoop-ozone/integration-test/target/test-dir/MiniOzoneClusterImpl-17eb7e61-4fa5-444d-af72-e415168ae45d/datanode-2/data/containers] WARN  fs.CachingGetSpaceUsed (CachingGetSpaceUsed.java:run(183)) - Thread Interrupted waiting to refresh disk information: sleep interrupted
2019-09-11 07:02:32,939 [grpc-default-executor-7] WARN  server.GrpcServerProtocolService (LogUtils.java:warn(134)) - 7cc5d2d7-39af-4b66-8513-17417d4c25e9: installSnapshot onError, lastRequest: bbdbb4de-2219-47e5-a2b1-d5e525a98c19->7cc5d2d7-39af-4b66-8513-17417d4c25e9#179-t1, previous=(t:1, i:35), leaderCommit=31, initializing? false, entries: <empty>: org.apache.ratis.thirdparty.io.grpc.StatusRuntimeException: CANCELLED: cancelled before receiving half close
2019-09-11 07:02:32,939 [grpc-default-executor-2] WARN  server.GrpcLogAppender (LogUtils.java:warn(134)) - bbdbb4de-2219-47e5-a2b1-d5e525a98c19@group-D61D25716C8D->7cc5d2d7-39af-4b66-8513-17417d4c25e9-AppendLogResponseHandler: Failed appendEntries: org.apache.ratis.thirdparty.io.grpc.StatusRuntimeException: CANCELLED: HTTP/2 error code: CANCEL
Received Rst Stream
2019-09-11 07:02:32,940 [main] INFO  server.GrpcService (GrpcService.java:closeImpl(172)) - 7cc5d2d7-39af-4b66-8513-17417d4c25e9: shutdown server with port 41269 successfully
2019-09-11 07:02:32,940 [grpc-default-executor-2] INFO  impl.FollowerInfo (FollowerInfo.java:lambda$new$0(51)) - bbdbb4de-2219-47e5-a2b1-d5e525a98c19@group-D61D25716C8D->7cc5d2d7-39af-4b66-8513-17417d4c25e9: nextIndex: updateUnconditionally 36 -> 35
2019-09-11 07:02:32,942 [refreshUsed-/workdir/hadoop-ozone/integration-test/target/test-dir/MiniOzoneClusterImpl-17eb7e61-4fa5-444d-af72-e415168ae45d/datanode-5/data/containers] WARN  fs.CachingGetSpaceUsed (CachingGetSpaceUsed.java:run(183)) - Thread Interrupted waiting to refresh disk information: sleep interrupted
2019-09-11 07:02:32,962 [main] INFO  utils.BackgroundService (BackgroundService.java:shutdown(148)) - Shutting down service BlockDeletingService
2019-09-11 07:02:32,968 [ForkJoinPool.commonPool-worker-1] INFO  utils.BackgroundService (BackgroundService.java:shutdown(148)) - Shutting down service BlockDeletingService
2019-09-11 07:02:32,970 [main] INFO  statemachine.DatanodeStateMachine (DatanodeStateMachine.java:stopDaemon(395)) - Ozone container server stopped.
2019-09-11 07:02:32,974 [main] INFO  handler.ContextHandler (ContextHandler.java:doStop(910)) - Stopped o.e.j.w.WebAppContext@3a37a501{/,null,UNAVAILABLE}{/hddsDatanode}
2019-09-11 07:02:32,975 [ForkJoinPool.commonPool-worker-1] INFO  statemachine.DatanodeStateMachine (DatanodeStateMachine.java:stopDaemon(395)) - Ozone container server stopped.
2019-09-11 07:02:32,979 [main] INFO  server.AbstractConnector (AbstractConnector.java:doStop(318)) - Stopped ServerConnector@7a583586{HTTP/1.1,[http/1.1]}{0.0.0.0:0}
2019-09-11 07:02:32,980 [ForkJoinPool.commonPool-worker-1] INFO  handler.ContextHandler (ContextHandler.java:doStop(910)) - Stopped o.e.j.w.WebAppContext@296e281a{/,null,UNAVAILABLE}{/hddsDatanode}
2019-09-11 07:02:32,980 [main] INFO  handler.ContextHandler (ContextHandler.java:doStop(910)) - Stopped o.e.j.s.ServletContextHandler@534180a2{/static,jar:file:/home/user/.m2/repository/org/apache/hadoop/hadoop-hdds-container-service/0.5.0-SNAPSHOT/hadoop-hdds-container-service-0.5.0-SNAPSHOT.jar!/webapps/static,UNAVAILABLE}
2019-09-11 07:02:32,981 [ForkJoinPool.commonPool-worker-1] INFO  server.AbstractConnector (AbstractConnector.java:doStop(318)) - Stopped ServerConnector@59cda16e{HTTP/1.1,[http/1.1]}{0.0.0.0:0}
2019-09-11 07:02:32,981 [main] INFO  handler.ContextHandler (ContextHandler.java:doStop(910)) - Stopped o.e.j.s.ServletContextHandler@51d387d3{/logs,file:///workdir/hadoop-ozone/integration-test/target/log,UNAVAILABLE}
2019-09-11 07:02:32,983 [ForkJoinPool.commonPool-worker-1] INFO  handler.ContextHandler (ContextHandler.java:doStop(910)) - Stopped o.e.j.s.ServletContextHandler@28da7d11{/static,jar:file:/home/user/.m2/repository/org/apache/hadoop/hadoop-hdds-container-service/0.5.0-SNAPSHOT/hadoop-hdds-container-service-0.5.0-SNAPSHOT.jar!/webapps/static,UNAVAILABLE}
2019-09-11 07:02:32,985 [ForkJoinPool.commonPool-worker-1] INFO  handler.ContextHandler (ContextHandler.java:doStop(910)) - Stopped o.e.j.s.ServletContextHandler@5fcfde70{/logs,file:///workdir/hadoop-ozone/integration-test/target/log,UNAVAILABLE}
2019-09-11 07:02:33,102 [java.util.concurrent.ThreadPoolExecutor$Worker@77aa567a[State = -1, empty queue]] WARN  server.GrpcLogAppender (GrpcLogAppender.java:timeoutAppendRequest(200)) - 4523c126-f03b-4acb-be3e-4c406fe3aaad@group-7CDE87E80901->4a2aa8aa-5edc-4f5e-99ad-9332c6d3f836-GrpcLogAppender: appendEntries Timeout, request=4523c126-f03b-4acb-be3e-4c406fe3aaad->4a2aa8aa-5edc-4f5e-99ad-9332c6d3f836#160-t2, previous=(t:2, i:18), leaderCommit=14, initializing? false, entries: <empty>
2019-09-11 07:02:33,107 [grpc-default-executor-0] WARN  server.GrpcLogAppender (LogUtils.java:warn(134)) - bbdbb4de-2219-47e5-a2b1-d5e525a98c19@group-D61D25716C8D->0159beb9-e28f-41a3-bdd5-1125b6dbb65e-AppendLogResponseHandler: Failed appendEntries: org.apache.ratis.thirdparty.io.grpc.StatusRuntimeException: UNAVAILABLE: io exception
2019-09-11 07:02:33,107 [grpc-default-executor-0] INFO  impl.FollowerInfo (FollowerInfo.java:lambda$new$0(51)) - bbdbb4de-2219-47e5-a2b1-d5e525a98c19@group-D61D25716C8D->0159beb9-e28f-41a3-bdd5-1125b6dbb65e: nextIndex: updateUnconditionally 32 -> 31
2019-09-11 07:02:33,199 [grpc-default-executor-3] WARN  server.GrpcLogAppender (LogUtils.java:warn(134)) - b366cd81-90f5-4f0e-8fa6-7e105a738d9d@group-5FF39CBF2ADF->c3336af5-ef91-4420-af01-c0c00dc6c530-AppendLogResponseHandler: Failed appendEntries: org.apache.ratis.thirdparty.io.grpc.StatusRuntimeException: UNAVAILABLE: io exception
2019-09-11 07:02:33,199 [grpc-default-executor-1] WARN  server.GrpcLogAppender (LogUtils.java:warn(134)) - b366cd81-90f5-4f0e-8fa6-7e105a738d9d@group-5FF39CBF2ADF->e76620e4-5df3-481a-bd8d-e91ef558e102-AppendLogResponseHandler: Failed appendEntries: org.apache.ratis.thirdparty.io.grpc.StatusRuntimeException: UNAVAILABLE: io exception
2019-09-11 07:02:33,200 [grpc-default-executor-3] INFO  impl.FollowerInfo (FollowerInfo.java:lambda$new$0(51)) - b366cd81-90f5-4f0e-8fa6-7e105a738d9d@group-5FF39CBF2ADF->c3336af5-ef91-4420-af01-c0c00dc6c530: nextIndex: updateUnconditionally 0 -> 0
2019-09-11 07:02:33,200 [grpc-default-executor-1] INFO  impl.FollowerInfo (FollowerInfo.java:lambda$new$0(51)) - b366cd81-90f5-4f0e-8fa6-7e105a738d9d@group-5FF39CBF2ADF->e76620e4-5df3-481a-bd8d-e91ef558e102: nextIndex: updateUnconditionally 0 -> 0
2019-09-11 07:02:33,297 [grpc-default-executor-0] WARN  server.GrpcLogAppender (LogUtils.java:warn(134)) - bbdbb4de-2219-47e5-a2b1-d5e525a98c19@group-D61D25716C8D->7cc5d2d7-39af-4b66-8513-17417d4c25e9-AppendLogResponseHandler: Failed appendEntries: org.apache.ratis.thirdparty.io.grpc.StatusRuntimeException: UNAVAILABLE: io exception
2019-09-11 07:02:33,298 [grpc-default-executor-0] INFO  impl.FollowerInfo (FollowerInfo.java:lambda$new$0(51)) - bbdbb4de-2219-47e5-a2b1-d5e525a98c19@group-D61D25716C8D->7cc5d2d7-39af-4b66-8513-17417d4c25e9: nextIndex: updateUnconditionally 35 -> 34
2019-09-11 07:02:33,603 [java.util.concurrent.ThreadPoolExecutor$Worker@77aa567a[State = -1, empty queue]] WARN  server.GrpcLogAppender (GrpcLogAppender.java:timeoutAppendRequest(200)) - 4523c126-f03b-4acb-be3e-4c406fe3aaad@group-7CDE87E80901->4a2aa8aa-5edc-4f5e-99ad-9332c6d3f836-GrpcLogAppender: appendEntries Timeout, request=4523c126-f03b-4acb-be3e-4c406fe3aaad->4a2aa8aa-5edc-4f5e-99ad-9332c6d3f836#161-t2, previous=(t:2, i:18), leaderCommit=14, initializing? false, entries: <empty>
2019-09-11 07:02:33,607 [grpc-default-executor-1] WARN  server.GrpcLogAppender (LogUtils.java:warn(134)) - bbdbb4de-2219-47e5-a2b1-d5e525a98c19@group-D61D25716C8D->0159beb9-e28f-41a3-bdd5-1125b6dbb65e-AppendLogResponseHandler: Failed appendEntries: org.apache.ratis.thirdparty.io.grpc.StatusRuntimeException: UNAVAILABLE: io exception
2019-09-11 07:02:33,608 [grpc-default-executor-1] INFO  impl.FollowerInfo (FollowerInfo.java:lambda$new$0(51)) - bbdbb4de-2219-47e5-a2b1-d5e525a98c19@group-D61D25716C8D->0159beb9-e28f-41a3-bdd5-1125b6dbb65e: nextIndex: updateUnconditionally 31 -> 30
2019-09-11 07:02:33,637 [Datanode State Machine Thread - 0] INFO  statemachine.DatanodeStateMachine (DatanodeStateMachine.java:lambda$startDaemon$0(350)) - Ozone container server started.
2019-09-11 07:02:33,700 [grpc-default-executor-3] WARN  server.GrpcLogAppender (LogUtils.java:warn(134)) - b366cd81-90f5-4f0e-8fa6-7e105a738d9d@group-5FF39CBF2ADF->c3336af5-ef91-4420-af01-c0c00dc6c530-AppendLogResponseHandler: Failed appendEntries: org.apache.ratis.thirdparty.io.grpc.StatusRuntimeException: UNAVAILABLE: io exception
2019-09-11 07:02:33,700 [grpc-default-executor-7] WARN  server.GrpcLogAppender (LogUtils.java:warn(134)) - b366cd81-90f5-4f0e-8fa6-7e105a738d9d@group-5FF39CBF2ADF->e76620e4-5df3-481a-bd8d-e91ef558e102-AppendLogResponseHandler: Failed appendEntries: org.apache.ratis.thirdparty.io.grpc.StatusRuntimeException: UNAVAILABLE: io exception
2019-09-11 07:02:33,700 [grpc-default-executor-3] INFO  impl.FollowerInfo (FollowerInfo.java:lambda$new$0(51)) - b366cd81-90f5-4f0e-8fa6-7e105a738d9d@group-5FF39CBF2ADF->c3336af5-ef91-4420-af01-c0c00dc6c530: nextIndex: updateUnconditionally 0 -> 0
2019-09-11 07:02:33,700 [grpc-default-executor-7] INFO  impl.FollowerInfo (FollowerInfo.java:lambda$new$0(51)) - b366cd81-90f5-4f0e-8fa6-7e105a738d9d@group-5FF39CBF2ADF->e76620e4-5df3-481a-bd8d-e91ef558e102: nextIndex: updateUnconditionally 0 -> 0
2019-09-11 07:02:33,798 [grpc-default-executor-0] WARN  server.GrpcLogAppender (LogUtils.java:warn(134)) - bbdbb4de-2219-47e5-a2b1-d5e525a98c19@group-D61D25716C8D->7cc5d2d7-39af-4b66-8513-17417d4c25e9-AppendLogResponseHandler: Failed appendEntries: org.apache.ratis.thirdparty.io.grpc.StatusRuntimeException: UNAVAILABLE: io exception
2019-09-11 07:02:33,798 [grpc-default-executor-0] INFO  impl.FollowerInfo (FollowerInfo.java:lambda$new$0(51)) - bbdbb4de-2219-47e5-a2b1-d5e525a98c19@group-D61D25716C8D->7cc5d2d7-39af-4b66-8513-17417d4c25e9: nextIndex: updateUnconditionally 34 -> 33
2019-09-11 07:02:33,829 [Datanode State Machine Thread - 0] INFO  statemachine.DatanodeStateMachine (DatanodeStateMachine.java:lambda$startDaemon$0(350)) - Ozone container server started.
2019-09-11 07:02:34,103 [java.util.concurrent.ThreadPoolExecutor$Worker@77aa567a[State = -1, empty queue]] WARN  server.GrpcLogAppender (GrpcLogAppender.java:timeoutAppendRequest(200)) - 4523c126-f03b-4acb-be3e-4c406fe3aaad@group-7CDE87E80901->4a2aa8aa-5edc-4f5e-99ad-9332c6d3f836-GrpcLogAppender: appendEntries Timeout, request=4523c126-f03b-4acb-be3e-4c406fe3aaad->4a2aa8aa-5edc-4f5e-99ad-9332c6d3f836#162-t2, previous=(t:2, i:18), leaderCommit=14, initializing? false, entries: <empty>
2019-09-11 07:02:34,108 [grpc-default-executor-0] WARN  server.GrpcLogAppender (LogUtils.java:warn(134)) - bbdbb4de-2219-47e5-a2b1-d5e525a98c19@group-D61D25716C8D->0159beb9-e28f-41a3-bdd5-1125b6dbb65e-AppendLogResponseHandler: Failed appendEntries: org.apache.ratis.thirdparty.io.grpc.StatusRuntimeException: UNAVAILABLE: io exception
2019-09-11 07:02:34,108 [grpc-default-executor-0] INFO  impl.FollowerInfo (FollowerInfo.java:lambda$new$0(51)) - bbdbb4de-2219-47e5-a2b1-d5e525a98c19@group-D61D25716C8D->0159beb9-e28f-41a3-bdd5-1125b6dbb65e: nextIndex: updateUnconditionally 30 -> 29
2019-09-11 07:02:34,200 [grpc-default-executor-7] WARN  server.GrpcLogAppender (LogUtils.java:warn(134)) - b366cd81-90f5-4f0e-8fa6-7e105a738d9d@group-5FF39CBF2ADF->e76620e4-5df3-481a-bd8d-e91ef558e102-AppendLogResponseHandler: Failed appendEntries: org.apache.ratis.thirdparty.io.grpc.StatusRuntimeException: UNAVAILABLE: io exception
2019-09-11 07:02:34,200 [grpc-default-executor-8] WARN  server.GrpcLogAppender (LogUtils.java:warn(134)) - b366cd81-90f5-4f0e-8fa6-7e105a738d9d@group-5FF39CBF2ADF->c3336af5-ef91-4420-af01-c0c00dc6c530-AppendLogResponseHandler: Failed appendEntries: org.apache.ratis.thirdparty.io.grpc.StatusRuntimeException: UNAVAILABLE: io exception
2019-09-11 07:02:34,201 [grpc-default-executor-7] INFO  impl.FollowerInfo (FollowerInfo.java:lambda$new$0(51)) - b366cd81-90f5-4f0e-8fa6-7e105a738d9d@group-5FF39CBF2ADF->e76620e4-5df3-481a-bd8d-e91ef558e102: nextIndex: updateUnconditionally 0 -> 0
2019-09-11 07:02:34,201 [grpc-default-executor-8] INFO  impl.FollowerInfo (FollowerInfo.java:lambda$new$0(51)) - b366cd81-90f5-4f0e-8fa6-7e105a738d9d@group-5FF39CBF2ADF->c3336af5-ef91-4420-af01-c0c00dc6c530: nextIndex: updateUnconditionally 0 -> 0
2019-09-11 07:02:34,299 [grpc-default-executor-3] WARN  server.GrpcLogAppender (LogUtils.java:warn(134)) - bbdbb4de-2219-47e5-a2b1-d5e525a98c19@group-D61D25716C8D->7cc5d2d7-39af-4b66-8513-17417d4c25e9-AppendLogResponseHandler: Failed appendEntries: org.apache.ratis.thirdparty.io.grpc.StatusRuntimeException: UNAVAILABLE: io exception
2019-09-11 07:02:34,299 [grpc-default-executor-3] INFO  impl.FollowerInfo (FollowerInfo.java:lambda$new$0(51)) - bbdbb4de-2219-47e5-a2b1-d5e525a98c19@group-D61D25716C8D->7cc5d2d7-39af-4b66-8513-17417d4c25e9: nextIndex: updateUnconditionally 33 -> 32
2019-09-11 07:02:34,603 [java.util.concurrent.ThreadPoolExecutor$Worker@77aa567a[State = -1, empty queue]] WARN  server.GrpcLogAppender (GrpcLogAppender.java:timeoutAppendRequest(200)) - 4523c126-f03b-4acb-be3e-4c406fe3aaad@group-7CDE87E80901->4a2aa8aa-5edc-4f5e-99ad-9332c6d3f836-GrpcLogAppender: appendEntries Timeout, request=4523c126-f03b-4acb-be3e-4c406fe3aaad->4a2aa8aa-5edc-4f5e-99ad-9332c6d3f836#163-t2, previous=(t:2, i:18), leaderCommit=14, initializing? false, entries: <empty>
2019-09-11 07:02:34,609 [grpc-default-executor-7] WARN  server.GrpcLogAppender (LogUtils.java:warn(134)) - bbdbb4de-2219-47e5-a2b1-d5e525a98c19@group-D61D25716C8D->0159beb9-e28f-41a3-bdd5-1125b6dbb65e-AppendLogResponseHandler: Failed appendEntries: org.apache.ratis.thirdparty.io.grpc.StatusRuntimeException: UNAVAILABLE: io exception
2019-09-11 07:02:34,609 [grpc-default-executor-7] INFO  impl.FollowerInfo (FollowerInfo.java:lambda$new$0(51)) - bbdbb4de-2219-47e5-a2b1-d5e525a98c19@group-D61D25716C8D->0159beb9-e28f-41a3-bdd5-1125b6dbb65e: nextIndex: updateUnconditionally 29 -> 28
2019-09-11 07:02:34,702 [grpc-default-executor-3] WARN  server.GrpcLogAppender (LogUtils.java:warn(134)) - b366cd81-90f5-4f0e-8fa6-7e105a738d9d@group-5FF39CBF2ADF->c3336af5-ef91-4420-af01-c0c00dc6c530-AppendLogResponseHandler: Failed appendEntries: org.apache.ratis.thirdparty.io.grpc.StatusRuntimeException: UNAVAILABLE: io exception
2019-09-11 07:02:34,702 [grpc-default-executor-0] WARN  server.GrpcLogAppender (LogUtils.java:warn(134)) - b366cd81-90f5-4f0e-8fa6-7e105a738d9d@group-5FF39CBF2ADF->e76620e4-5df3-481a-bd8d-e91ef558e102-AppendLogResponseHandler: Failed appendEntries: org.apache.ratis.thirdparty.io.grpc.StatusRuntimeException: UNAVAILABLE: io exception
2019-09-11 07:02:34,703 [grpc-default-executor-3] INFO  impl.FollowerInfo (FollowerInfo.java:lambda$new$0(51)) - b366cd81-90f5-4f0e-8fa6-7e105a738d9d@group-5FF39CBF2ADF->c3336af5-ef91-4420-af01-c0c00dc6c530: nextIndex: updateUnconditionally 0 -> 0
2019-09-11 07:02:34,703 [grpc-default-executor-0] INFO  impl.FollowerInfo (FollowerInfo.java:lambda$new$0(51)) - b366cd81-90f5-4f0e-8fa6-7e105a738d9d@group-5FF39CBF2ADF->e76620e4-5df3-481a-bd8d-e91ef558e102: nextIndex: updateUnconditionally 0 -> 0
2019-09-11 07:02:34,800 [grpc-default-executor-7] WARN  server.GrpcLogAppender (LogUtils.java:warn(134)) - bbdbb4de-2219-47e5-a2b1-d5e525a98c19@group-D61D25716C8D->7cc5d2d7-39af-4b66-8513-17417d4c25e9-AppendLogResponseHandler: Failed appendEntries: org.apache.ratis.thirdparty.io.grpc.StatusRuntimeException: UNAVAILABLE: io exception
2019-09-11 07:02:34,800 [grpc-default-executor-7] INFO  impl.FollowerInfo (FollowerInfo.java:lambda$new$0(51)) - bbdbb4de-2219-47e5-a2b1-d5e525a98c19@group-D61D25716C8D->7cc5d2d7-39af-4b66-8513-17417d4c25e9: nextIndex: updateUnconditionally 32 -> 31
2019-09-11 07:02:35,104 [java.util.concurrent.ThreadPoolExecutor$Worker@77aa567a[State = -1, empty queue]] WARN  server.GrpcLogAppender (GrpcLogAppender.java:timeoutAppendRequest(200)) - 4523c126-f03b-4acb-be3e-4c406fe3aaad@group-7CDE87E80901->4a2aa8aa-5edc-4f5e-99ad-9332c6d3f836-GrpcLogAppender: appendEntries Timeout, request=4523c126-f03b-4acb-be3e-4c406fe3aaad->4a2aa8aa-5edc-4f5e-99ad-9332c6d3f836#164-t2, previous=(t:2, i:18), leaderCommit=14, initializing? false, entries: <empty>
2019-09-11 07:02:35,110 [grpc-default-executor-3] WARN  server.GrpcLogAppender (LogUtils.java:warn(134)) - bbdbb4de-2219-47e5-a2b1-d5e525a98c19@group-D61D25716C8D->0159beb9-e28f-41a3-bdd5-1125b6dbb65e-AppendLogResponseHandler: Failed appendEntries: org.apache.ratis.thirdparty.io.grpc.StatusRuntimeException: UNAVAILABLE: io exception
2019-09-11 07:02:35,111 [grpc-default-executor-3] INFO  impl.FollowerInfo (FollowerInfo.java:lambda$new$0(51)) - bbdbb4de-2219-47e5-a2b1-d5e525a98c19@group-D61D25716C8D->0159beb9-e28f-41a3-bdd5-1125b6dbb65e: nextIndex: updateUnconditionally 28 -> 27
2019-09-11 07:02:35,202 [grpc-default-executor-2] WARN  server.GrpcLogAppender (LogUtils.java:warn(134)) - b366cd81-90f5-4f0e-8fa6-7e105a738d9d@group-5FF39CBF2ADF->e76620e4-5df3-481a-bd8d-e91ef558e102-AppendLogResponseHandler: Failed appendEntries: org.apache.ratis.thirdparty.io.grpc.StatusRuntimeException: UNAVAILABLE: io exception
2019-09-11 07:02:35,202 [grpc-default-executor-1] WARN  server.GrpcLogAppender (LogUtils.java:warn(134)) - b366cd81-90f5-4f0e-8fa6-7e105a738d9d@group-5FF39CBF2ADF->c3336af5-ef91-4420-af01-c0c00dc6c530-AppendLogResponseHandler: Failed appendEntries: org.apache.ratis.thirdparty.io.grpc.StatusRuntimeException: UNAVAILABLE: io exception
2019-09-11 07:02:35,203 [grpc-default-executor-2] INFO  impl.FollowerInfo (FollowerInfo.java:lambda$new$0(51)) - b366cd81-90f5-4f0e-8fa6-7e105a738d9d@group-5FF39CBF2ADF->e76620e4-5df3-481a-bd8d-e91ef558e102: nextIndex: updateUnconditionally 0 -> 0
2019-09-11 07:02:35,203 [grpc-default-executor-1] INFO  impl.FollowerInfo (FollowerInfo.java:lambda$new$0(51)) - b366cd81-90f5-4f0e-8fa6-7e105a738d9d@group-5FF39CBF2ADF->c3336af5-ef91-4420-af01-c0c00dc6c530: nextIndex: updateUnconditionally 0 -> 0
2019-09-11 07:02:35,304 [grpc-default-executor-7] WARN  server.GrpcLogAppender (LogUtils.java:warn(134)) - bbdbb4de-2219-47e5-a2b1-d5e525a98c19@group-D61D25716C8D->7cc5d2d7-39af-4b66-8513-17417d4c25e9-AppendLogResponseHandler: Failed appendEntries: org.apache.ratis.thirdparty.io.grpc.StatusRuntimeException: UNAVAILABLE: io exception
2019-09-11 07:02:35,306 [grpc-default-executor-7] INFO  impl.FollowerInfo (FollowerInfo.java:lambda$new$0(51)) - bbdbb4de-2219-47e5-a2b1-d5e525a98c19@group-D61D25716C8D->7cc5d2d7-39af-4b66-8513-17417d4c25e9: nextIndex: updateUnconditionally 31 -> 30
2019-09-11 07:02:35,478 [4523c126-f03b-4acb-be3e-4c406fe3aaad@group-7CDE87E80901-SegmentedRaftLogWorker] WARN  segmented.SegmentedRaftLogWorker (SegmentedRaftLogWorker.java:getFromFuture(90)) - Timeout 4/~
org.apache.ratis.protocol.TimeoutIOException: Timeout 10s: WriteLog:15: (t:2, i:15), STATEMACHINELOGENTRY, client-F0C20677607E, cid=53-writeStateMachineData
	at org.apache.ratis.util.IOUtils.getFromFuture(IOUtils.java:87)
	at org.apache.ratis.server.raftlog.segmented.SegmentedRaftLogWorker$StateMachineDataPolicy.getFromFuture(SegmentedRaftLogWorker.java:87)
	at org.apache.ratis.server.raftlog.segmented.SegmentedRaftLogWorker$WriteLog.execute(SegmentedRaftLogWorker.java:477)
	at org.apache.ratis.server.raftlog.segmented.SegmentedRaftLogWorker.run(SegmentedRaftLogWorker.java:289)
	at java.lang.Thread.run(Thread.java:748)
Caused by: java.util.concurrent.TimeoutException
	at java.util.concurrent.CompletableFuture.timedGet(CompletableFuture.java:1771)
	at java.util.concurrent.CompletableFuture.get(CompletableFuture.java:1915)
	at org.apache.ratis.util.IOUtils.getFromFuture(IOUtils.java:79)
	... 4 more
2019-09-11 07:02:35,482 [4a2aa8aa-5edc-4f5e-99ad-9332c6d3f836@group-7CDE87E80901-SegmentedRaftLogWorker] WARN  segmented.SegmentedRaftLogWorker (SegmentedRaftLogWorker.java:getFromFuture(90)) - Timeout 4/~
org.apache.ratis.protocol.TimeoutIOException: Timeout 10s: WriteLog:15: (t:2, i:15), STATEMACHINELOGENTRY, client-F0C20677607E, cid=53-writeStateMachineData
	at org.apache.ratis.util.IOUtils.getFromFuture(IOUtils.java:87)
	at org.apache.ratis.server.raftlog.segmented.SegmentedRaftLogWorker$StateMachineDataPolicy.getFromFuture(SegmentedRaftLogWorker.java:87)
	at org.apache.ratis.server.raftlog.segmented.SegmentedRaftLogWorker$WriteLog.execute(SegmentedRaftLogWorker.java:477)
	at org.apache.ratis.server.raftlog.segmented.SegmentedRaftLogWorker.run(SegmentedRaftLogWorker.java:289)
	at java.lang.Thread.run(Thread.java:748)
Caused by: java.util.concurrent.TimeoutException
	at java.util.concurrent.CompletableFuture.timedGet(CompletableFuture.java:1771)
	at java.util.concurrent.CompletableFuture.get(CompletableFuture.java:1915)
	at org.apache.ratis.util.IOUtils.getFromFuture(IOUtils.java:79)
	... 4 more
2019-09-11 07:02:35,604 [java.util.concurrent.ThreadPoolExecutor$Worker@77aa567a[State = -1, empty queue]] WARN  server.GrpcLogAppender (GrpcLogAppender.java:timeoutAppendRequest(200)) - 4523c126-f03b-4acb-be3e-4c406fe3aaad@group-7CDE87E80901->4a2aa8aa-5edc-4f5e-99ad-9332c6d3f836-GrpcLogAppender: appendEntries Timeout, request=4523c126-f03b-4acb-be3e-4c406fe3aaad->4a2aa8aa-5edc-4f5e-99ad-9332c6d3f836#165-t2, previous=(t:2, i:18), leaderCommit=14, initializing? false, entries: <empty>
2019-09-11 07:02:35,611 [grpc-default-executor-2] WARN  server.GrpcLogAppender (LogUtils.java:warn(134)) - bbdbb4de-2219-47e5-a2b1-d5e525a98c19@group-D61D25716C8D->0159beb9-e28f-41a3-bdd5-1125b6dbb65e-AppendLogResponseHandler: Failed appendEntries: org.apache.ratis.thirdparty.io.grpc.StatusRuntimeException: UNAVAILABLE: io exception
2019-09-11 07:02:35,612 [grpc-default-executor-2] INFO  impl.FollowerInfo (FollowerInfo.java:lambda$new$0(51)) - bbdbb4de-2219-47e5-a2b1-d5e525a98c19@group-D61D25716C8D->0159beb9-e28f-41a3-bdd5-1125b6dbb65e: nextIndex: updateUnconditionally 27 -> 26
2019-09-11 07:02:35,703 [grpc-default-executor-3] WARN  server.GrpcLogAppender (LogUtils.java:warn(134)) - b366cd81-90f5-4f0e-8fa6-7e105a738d9d@group-5FF39CBF2ADF->c3336af5-ef91-4420-af01-c0c00dc6c530-AppendLogResponseHandler: Failed appendEntries: org.apache.ratis.thirdparty.io.grpc.StatusRuntimeException: UNAVAILABLE: io exception
2019-09-11 07:02:35,704 [grpc-default-executor-8] WARN  server.GrpcLogAppender (LogUtils.java:warn(134)) - b366cd81-90f5-4f0e-8fa6-7e105a738d9d@group-5FF39CBF2ADF->e76620e4-5df3-481a-bd8d-e91ef558e102-AppendLogResponseHandler: Failed appendEntries: org.apache.ratis.thirdparty.io.grpc.StatusRuntimeException: UNAVAILABLE: io exception
2019-09-11 07:02:35,704 [grpc-default-executor-3] INFO  impl.FollowerInfo (FollowerInfo.java:lambda$new$0(51)) - b366cd81-90f5-4f0e-8fa6-7e105a738d9d@group-5FF39CBF2ADF->c3336af5-ef91-4420-af01-c0c00dc6c530: nextIndex: updateUnconditionally 0 -> 0
2019-09-11 07:02:35,704 [grpc-default-executor-8] INFO  impl.FollowerInfo (FollowerInfo.java:lambda$new$0(51)) - b366cd81-90f5-4f0e-8fa6-7e105a738d9d@group-5FF39CBF2ADF->e76620e4-5df3-481a-bd8d-e91ef558e102: nextIndex: updateUnconditionally 0 -> 0
2019-09-11 07:02:35,802 [grpc-default-executor-1] WARN  server.GrpcLogAppender (LogUtils.java:warn(134)) - bbdbb4de-2219-47e5-a2b1-d5e525a98c19@group-D61D25716C8D->7cc5d2d7-39af-4b66-8513-17417d4c25e9-AppendLogResponseHandler: Failed appendEntries: org.apache.ratis.thirdparty.io.grpc.StatusRuntimeException: UNAVAILABLE: io exception
2019-09-11 07:02:35,803 [grpc-default-executor-1] INFO  impl.FollowerInfo (FollowerInfo.java:lambda$new$0(51)) - bbdbb4de-2219-47e5-a2b1-d5e525a98c19@group-D61D25716C8D->7cc5d2d7-39af-4b66-8513-17417d4c25e9: nextIndex: updateUnconditionally 30 -> 29
2019-09-11 07:02:36,104 [java.util.concurrent.ThreadPoolExecutor$Worker@77aa567a[State = -1, empty queue]] WARN  server.GrpcLogAppender (GrpcLogAppender.java:timeoutAppendRequest(200)) - 4523c126-f03b-4acb-be3e-4c406fe3aaad@group-7CDE87E80901->4a2aa8aa-5edc-4f5e-99ad-9332c6d3f836-GrpcLogAppender: appendEntries Timeout, request=4523c126-f03b-4acb-be3e-4c406fe3aaad->4a2aa8aa-5edc-4f5e-99ad-9332c6d3f836#166-t2, previous=(t:2, i:18), leaderCommit=14, initializing? false, entries: <empty>
2019-09-11 07:02:36,112 [grpc-default-executor-3] WARN  server.GrpcLogAppender (LogUtils.java:warn(134)) - bbdbb4de-2219-47e5-a2b1-d5e525a98c19@group-D61D25716C8D->0159beb9-e28f-41a3-bdd5-1125b6dbb65e-AppendLogResponseHandler: Failed appendEntries: org.apache.ratis.thirdparty.io.grpc.StatusRuntimeException: UNAVAILABLE: io exception
2019-09-11 07:02:36,112 [grpc-default-executor-3] INFO  impl.FollowerInfo (FollowerInfo.java:lambda$new$0(51)) - bbdbb4de-2219-47e5-a2b1-d5e525a98c19@group-D61D25716C8D->0159beb9-e28f-41a3-bdd5-1125b6dbb65e: nextIndex: updateUnconditionally 26 -> 25
2019-09-11 07:02:36,204 [grpc-default-executor-0] WARN  server.GrpcLogAppender (LogUtils.java:warn(134)) - b366cd81-90f5-4f0e-8fa6-7e105a738d9d@group-5FF39CBF2ADF->e76620e4-5df3-481a-bd8d-e91ef558e102-AppendLogResponseHandler: Failed appendEntries: org.apache.ratis.thirdparty.io.grpc.StatusRuntimeException: UNAVAILABLE: io exception
2019-09-11 07:02:36,204 [grpc-default-executor-7] WARN  server.GrpcLogAppender (LogUtils.java:warn(134)) - b366cd81-90f5-4f0e-8fa6-7e105a738d9d@group-5FF39CBF2ADF->c3336af5-ef91-4420-af01-c0c00dc6c530-AppendLogResponseHandler: Failed appendEntries: org.apache.ratis.thirdparty.io.grpc.StatusRuntimeException: UNAVAILABLE: io exception
2019-09-11 07:02:36,204 [grpc-default-executor-0] INFO  impl.FollowerInfo (FollowerInfo.java:lambda$new$0(51)) - b366cd81-90f5-4f0e-8fa6-7e105a738d9d@group-5FF39CBF2ADF->e76620e4-5df3-481a-bd8d-e91ef558e102: nextIndex: updateUnconditionally 0 -> 0
2019-09-11 07:02:36,204 [grpc-default-executor-7] INFO  impl.FollowerInfo (FollowerInfo.java:lambda$new$0(51)) - b366cd81-90f5-4f0e-8fa6-7e105a738d9d@group-5FF39CBF2ADF->c3336af5-ef91-4420-af01-c0c00dc6c530: nextIndex: updateUnconditionally 0 -> 0
2019-09-11 07:02:36,305 [grpc-default-executor-3] WARN  server.GrpcLogAppender (LogUtils.java:warn(134)) - bbdbb4de-2219-47e5-a2b1-d5e525a98c19@group-D61D25716C8D->7cc5d2d7-39af-4b66-8513-17417d4c25e9-AppendLogResponseHandler: Failed appendEntries: org.apache.ratis.thirdparty.io.grpc.StatusRuntimeException: UNAVAILABLE: io exception
2019-09-11 07:02:36,306 [grpc-default-executor-3] INFO  impl.FollowerInfo (FollowerInfo.java:lambda$new$0(51)) - bbdbb4de-2219-47e5-a2b1-d5e525a98c19@group-D61D25716C8D->7cc5d2d7-39af-4b66-8513-17417d4c25e9: nextIndex: updateUnconditionally 29 -> 28
2019-09-11 07:02:36,605 [java.util.concurrent.ThreadPoolExecutor$Worker@77aa567a[State = -1, empty queue]] WARN  server.GrpcLogAppender (GrpcLogAppender.java:timeoutAppendRequest(200)) - 4523c126-f03b-4acb-be3e-4c406fe3aaad@group-7CDE87E80901->4a2aa8aa-5edc-4f5e-99ad-9332c6d3f836-GrpcLogAppender: appendEntries Timeout, request=4523c126-f03b-4acb-be3e-4c406fe3aaad->4a2aa8aa-5edc-4f5e-99ad-9332c6d3f836#167-t2, previous=(t:2, i:18), leaderCommit=14, initializing? false, entries: <empty>
2019-09-11 07:02:36,612 [grpc-default-executor-3] WARN  server.GrpcLogAppender (LogUtils.java:warn(134)) - bbdbb4de-2219-47e5-a2b1-d5e525a98c19@group-D61D25716C8D->0159beb9-e28f-41a3-bdd5-1125b6dbb65e-AppendLogResponseHandler: Failed appendEntries: org.apache.ratis.thirdparty.io.grpc.StatusRuntimeException: UNAVAILABLE: io exception
2019-09-11 07:02:36,612 [grpc-default-executor-3] INFO  impl.FollowerInfo (FollowerInfo.java:lambda$new$0(51)) - bbdbb4de-2219-47e5-a2b1-d5e525a98c19@group-D61D25716C8D->0159beb9-e28f-41a3-bdd5-1125b6dbb65e: nextIndex: updateUnconditionally 25 -> 24
2019-09-11 07:02:36,706 [grpc-default-executor-7] WARN  server.GrpcLogAppender (LogUtils.java:warn(134)) - b366cd81-90f5-4f0e-8fa6-7e105a738d9d@group-5FF39CBF2ADF->e76620e4-5df3-481a-bd8d-e91ef558e102-AppendLogResponseHandler: Failed appendEntries: org.apache.ratis.thirdparty.io.grpc.StatusRuntimeException: UNAVAILABLE: io exception
2019-09-11 07:02:36,706 [grpc-default-executor-3] WARN  server.GrpcLogAppender (LogUtils.java:warn(134)) - b366cd81-90f5-4f0e-8fa6-7e105a738d9d@group-5FF39CBF2ADF->c3336af5-ef91-4420-af01-c0c00dc6c530-AppendLogResponseHandler: Failed appendEntries: org.apache.ratis.thirdparty.io.grpc.StatusRuntimeException: UNAVAILABLE: io exception
2019-09-11 07:02:36,706 [grpc-default-executor-7] INFO  impl.FollowerInfo (FollowerInfo.java:lambda$new$0(51)) - b366cd81-90f5-4f0e-8fa6-7e105a738d9d@group-5FF39CBF2ADF->e76620e4-5df3-481a-bd8d-e91ef558e102: nextIndex: updateUnconditionally 0 -> 0
2019-09-11 07:02:36,706 [grpc-default-executor-3] INFO  impl.FollowerInfo (FollowerInfo.java:lambda$new$0(51)) - b366cd81-90f5-4f0e-8fa6-7e105a738d9d@group-5FF39CBF2ADF->c3336af5-ef91-4420-af01-c0c00dc6c530: nextIndex: updateUnconditionally 0 -> 0
2019-09-11 07:02:36,804 [grpc-default-executor-0] WARN  server.GrpcLogAppender (LogUtils.java:warn(134)) - bbdbb4de-2219-47e5-a2b1-d5e525a98c19@group-D61D25716C8D->7cc5d2d7-39af-4b66-8513-17417d4c25e9-AppendLogResponseHandler: Failed appendEntries: org.apache.ratis.thirdparty.io.grpc.StatusRuntimeException: UNAVAILABLE: io exception
2019-09-11 07:02:36,804 [grpc-default-executor-0] INFO  impl.FollowerInfo (FollowerInfo.java:lambda$new$0(51)) - bbdbb4de-2219-47e5-a2b1-d5e525a98c19@group-D61D25716C8D->7cc5d2d7-39af-4b66-8513-17417d4c25e9: nextIndex: updateUnconditionally 28 -> 27
2019-09-11 07:02:37,105 [java.util.concurrent.ThreadPoolExecutor$Worker@77aa567a[State = -1, empty queue]] WARN  server.GrpcLogAppender (GrpcLogAppender.java:timeoutAppendRequest(200)) - 4523c126-f03b-4acb-be3e-4c406fe3aaad@group-7CDE87E80901->4a2aa8aa-5edc-4f5e-99ad-9332c6d3f836-GrpcLogAppender: appendEntries Timeout, request=4523c126-f03b-4acb-be3e-4c406fe3aaad->4a2aa8aa-5edc-4f5e-99ad-9332c6d3f836#168-t2, previous=(t:2, i:18), leaderCommit=14, initializing? false, entries: <empty>
2019-09-11 07:02:37,113 [grpc-default-executor-7] WARN  server.GrpcLogAppender (LogUtils.java:warn(134)) - bbdbb4de-2219-47e5-a2b1-d5e525a98c19@group-D61D25716C8D->0159beb9-e28f-41a3-bdd5-1125b6dbb65e-AppendLogResponseHandler: Failed appendEntries: org.apache.ratis.thirdparty.io.grpc.StatusRuntimeException: UNAVAILABLE: io exception
2019-09-11 07:02:37,114 [grpc-default-executor-7] INFO  impl.FollowerInfo (FollowerInfo.java:lambda$new$0(51)) - bbdbb4de-2219-47e5-a2b1-d5e525a98c19@group-D61D25716C8D->0159beb9-e28f-41a3-bdd5-1125b6dbb65e: nextIndex: updateUnconditionally 24 -> 23
2019-09-11 07:02:37,205 [grpc-default-executor-0] WARN  server.GrpcLogAppender (LogUtils.java:warn(134)) - b366cd81-90f5-4f0e-8fa6-7e105a738d9d@group-5FF39CBF2ADF->c3336af5-ef91-4420-af01-c0c00dc6c530-AppendLogResponseHandler: Failed appendEntries: org.apache.ratis.thirdparty.io.grpc.StatusRuntimeException: UNAVAILABLE: io exception
2019-09-11 07:02:37,205 [grpc-default-executor-1] WARN  server.GrpcLogAppender (LogUtils.java:warn(134)) - b366cd81-90f5-4f0e-8fa6-7e105a738d9d@group-5FF39CBF2ADF->e76620e4-5df3-481a-bd8d-e91ef558e102-AppendLogResponseHandler: Failed appendEntries: org.apache.ratis.thirdparty.io.grpc.StatusRuntimeException: UNAVAILABLE: io exception
2019-09-11 07:02:37,206 [grpc-default-executor-0] INFO  impl.FollowerInfo (FollowerInfo.java:lambda$new$0(51)) - b366cd81-90f5-4f0e-8fa6-7e105a738d9d@group-5FF39CBF2ADF->c3336af5-ef91-4420-af01-c0c00dc6c530: nextIndex: updateUnconditionally 0 -> 0
2019-09-11 07:02:37,206 [grpc-default-executor-1] INFO  impl.FollowerInfo (FollowerInfo.java:lambda$new$0(51)) - b366cd81-90f5-4f0e-8fa6-7e105a738d9d@group-5FF39CBF2ADF->e76620e4-5df3-481a-bd8d-e91ef558e102: nextIndex: updateUnconditionally 0 -> 0
2019-09-11 07:02:37,305 [grpc-default-executor-3] WARN  server.GrpcLogAppender (LogUtils.java:warn(134)) - bbdbb4de-2219-47e5-a2b1-d5e525a98c19@group-D61D25716C8D->7cc5d2d7-39af-4b66-8513-17417d4c25e9-AppendLogResponseHandler: Failed appendEntries: org.apache.ratis.thirdparty.io.grpc.StatusRuntimeException: UNAVAILABLE: io exception
2019-09-11 07:02:37,306 [grpc-default-executor-3] INFO  impl.FollowerInfo (FollowerInfo.java:lambda$new$0(51)) - bbdbb4de-2219-47e5-a2b1-d5e525a98c19@group-D61D25716C8D->7cc5d2d7-39af-4b66-8513-17417d4c25e9: nextIndex: updateUnconditionally 27 -> 26
2019-09-11 07:02:37,605 [java.util.concurrent.ThreadPoolExecutor$Worker@77aa567a[State = -1, empty queue]] WARN  server.GrpcLogAppender (GrpcLogAppender.java:timeoutAppendRequest(200)) - 4523c126-f03b-4acb-be3e-4c406fe3aaad@group-7CDE87E80901->4a2aa8aa-5edc-4f5e-99ad-9332c6d3f836-GrpcLogAppender: appendEntries Timeout, request=4523c126-f03b-4acb-be3e-4c406fe3aaad->4a2aa8aa-5edc-4f5e-99ad-9332c6d3f836#169-t2, previous=(t:2, i:18), leaderCommit=14, initializing? false, entries: <empty>
2019-09-11 07:02:37,615 [grpc-default-executor-0] WARN  server.GrpcLogAppender (LogUtils.java:warn(134)) - bbdbb4de-2219-47e5-a2b1-d5e525a98c19@group-D61D25716C8D->0159beb9-e28f-41a3-bdd5-1125b6dbb65e-AppendLogResponseHandler: Failed appendEntries: org.apache.ratis.thirdparty.io.grpc.StatusRuntimeException: UNAVAILABLE: io exception
2019-09-11 07:02:37,615 [grpc-default-executor-0] INFO  impl.FollowerInfo (FollowerInfo.java:lambda$new$0(51)) - bbdbb4de-2219-47e5-a2b1-d5e525a98c19@group-D61D25716C8D->0159beb9-e28f-41a3-bdd5-1125b6dbb65e: nextIndex: updateUnconditionally 23 -> 22
2019-09-11 07:02:37,706 [grpc-default-executor-0] WARN  server.GrpcLogAppender (LogUtils.java:warn(134)) - b366cd81-90f5-4f0e-8fa6-7e105a738d9d@group-5FF39CBF2ADF->c3336af5-ef91-4420-af01-c0c00dc6c530-AppendLogResponseHandler: Failed appendEntries: org.apache.ratis.thirdparty.io.grpc.StatusRuntimeException: UNAVAILABLE: io exception
2019-09-11 07:02:37,706 [grpc-default-executor-7] WARN  server.GrpcLogAppender (LogUtils.java:warn(134)) - b366cd81-90f5-4f0e-8fa6-7e105a738d9d@group-5FF39CBF2ADF->e76620e4-5df3-481a-bd8d-e91ef558e102-AppendLogResponseHandler: Failed appendEntries: org.apache.ratis.thirdparty.io.grpc.StatusRuntimeException: UNAVAILABLE: io exception
2019-09-11 07:02:37,707 [grpc-default-executor-0] INFO  impl.FollowerInfo (FollowerInfo.java:lambda$new$0(51)) - b366cd81-90f5-4f0e-8fa6-7e105a738d9d@group-5FF39CBF2ADF->c3336af5-ef91-4420-af01-c0c00dc6c530: nextIndex: updateUnconditionally 0 -> 0
2019-09-11 07:02:37,707 [grpc-default-executor-7] INFO  impl.FollowerInfo (FollowerInfo.java:lambda$new$0(51)) - b366cd81-90f5-4f0e-8fa6-7e105a738d9d@group-5FF39CBF2ADF->e76620e4-5df3-481a-bd8d-e91ef558e102: nextIndex: updateUnconditionally 0 -> 0
2019-09-11 07:02:37,806 [grpc-default-executor-7] WARN  server.GrpcLogAppender (LogUtils.java:warn(134)) - bbdbb4de-2219-47e5-a2b1-d5e525a98c19@group-D61D25716C8D->7cc5d2d7-39af-4b66-8513-17417d4c25e9-AppendLogResponseHandler: Failed appendEntries: org.apache.ratis.thirdparty.io.grpc.StatusRuntimeException: UNAVAILABLE: io exception
2019-09-11 07:02:37,807 [grpc-default-executor-7] INFO  impl.FollowerInfo (FollowerInfo.java:lambda$new$0(51)) - bbdbb4de-2219-47e5-a2b1-d5e525a98c19@group-D61D25716C8D->7cc5d2d7-39af-4b66-8513-17417d4c25e9: nextIndex: updateUnconditionally 26 -> 25
2019-09-11 07:02:37,988 [main] INFO  ozoneimpl.OzoneContainer (OzoneContainer.java:stop(231)) - Attempting to stop container services.
2019-09-11 07:02:37,988 [ForkJoinPool.commonPool-worker-1] INFO  ozoneimpl.OzoneContainer (OzoneContainer.java:stop(231)) - Attempting to stop container services.
2019-09-11 07:02:37,989 [main] INFO  impl.RaftServerProxy (RaftServerProxy.java:lambda$close$4(314)) - fa05bb76-1792-4734-a2a1-169d8491a525: close
2019-09-11 07:02:37,989 [ForkJoinPool.commonPool-worker-1] INFO  impl.RaftServerProxy (RaftServerProxy.java:lambda$close$4(314)) - 4523c126-f03b-4acb-be3e-4c406fe3aaad: close
2019-09-11 07:02:37,990 [ForkJoinPool.commonPool-worker-1] INFO  impl.RaftServerImpl (RaftServerImpl.java:lambda$shutdown$3(251)) - 4523c126-f03b-4acb-be3e-4c406fe3aaad@group-7CDE87E80901: shutdown
2019-09-11 07:02:37,990 [main] INFO  impl.RaftServerImpl (RaftServerImpl.java:lambda$shutdown$3(251)) - fa05bb76-1792-4734-a2a1-169d8491a525@group-1ACF0AC42BB1: shutdown
2019-09-11 07:02:37,990 [ForkJoinPool.commonPool-worker-1] INFO  util.JmxRegister (JmxRegister.java:unregister(73)) - Successfully un-registered JMX Bean with object name Ratis:service=RaftServer,group=group-7CDE87E80901,id=4523c126-f03b-4acb-be3e-4c406fe3aaad
2019-09-11 07:02:37,991 [main] INFO  util.JmxRegister (JmxRegister.java:unregister(73)) - Successfully un-registered JMX Bean with object name Ratis:service=RaftServer,group=group-1ACF0AC42BB1,id=fa05bb76-1792-4734-a2a1-169d8491a525
2019-09-11 07:02:37,991 [ForkJoinPool.commonPool-worker-1] INFO  impl.RoleInfo (RoleInfo.java:shutdownLeaderState(104)) - 4523c126-f03b-4acb-be3e-4c406fe3aaad: shutdown LeaderState
2019-09-11 07:02:37,991 [main] INFO  impl.RoleInfo (RoleInfo.java:shutdownLeaderState(104)) - fa05bb76-1792-4734-a2a1-169d8491a525: shutdown LeaderState
2019-09-11 07:02:37,998 [ForkJoinPool.commonPool-worker-1] INFO  impl.PendingRequests (PendingRequests.java:sendNotLeaderResponses(202)) - 4523c126-f03b-4acb-be3e-4c406fe3aaad-PendingRequests: sendNotLeaderResponses
2019-09-11 07:02:37,998 [org.apache.ratis.server.impl.LogAppender$AppenderDaemon$$Lambda$594/345165550@63602304] WARN  server.GrpcLogAppender (GrpcLogAppender.java:mayWait(143)) - 4523c126-f03b-4acb-be3e-4c406fe3aaad@group-7CDE87E80901->42626b9b-ed01-4037-9282-5fe073f296c6-GrpcLogAppender: Wait interrupted by java.lang.InterruptedException
2019-09-11 07:02:37,998 [org.apache.ratis.server.impl.LogAppender$AppenderDaemon$$Lambda$594/345165550@19960186] WARN  server.GrpcLogAppender (GrpcLogAppender.java:mayWait(143)) - 4523c126-f03b-4acb-be3e-4c406fe3aaad@group-7CDE87E80901->4a2aa8aa-5edc-4f5e-99ad-9332c6d3f836-GrpcLogAppender: Wait interrupted by java.lang.InterruptedException
2019-09-11 07:02:37,998 [main] INFO  impl.PendingRequests (PendingRequests.java:sendNotLeaderResponses(202)) - fa05bb76-1792-4734-a2a1-169d8491a525-PendingRequests: sendNotLeaderResponses
2019-09-11 07:02:38,000 [main] INFO  impl.StateMachineUpdater (StateMachineUpdater.java:stopAndJoin(125)) - fa05bb76-1792-4734-a2a1-169d8491a525@group-1ACF0AC42BB1-StateMachineUpdater: set stopIndex = 0
2019-09-11 07:02:38,004 [ForkJoinPool.commonPool-worker-1] INFO  impl.StateMachineUpdater (StateMachineUpdater.java:stopAndJoin(125)) - 4523c126-f03b-4acb-be3e-4c406fe3aaad@group-7CDE87E80901-StateMachineUpdater: set stopIndex = 14
2019-09-11 07:02:38,005 [main] INFO  impl.RaftServerImpl (ServerState.java:close(385)) - fa05bb76-1792-4734-a2a1-169d8491a525@group-1ACF0AC42BB1: closes. applyIndex: 0
2019-09-11 07:02:38,005 [4523c126-f03b-4acb-be3e-4c406fe3aaad@group-7CDE87E80901-StateMachineUpdater] INFO  ratis.ContainerStateMachine (ContainerStateMachine.java:takeSnapshot(289)) - group-7CDE87E80901: Taking a snapshot at:(t:2, i:12) file /workdir/hadoop-ozone/integration-test/target/test-dir/MiniOzoneClusterImpl-17eb7e61-4fa5-444d-af72-e415168ae45d/datanode-3/data/ratis/13214434-aab0-4670-8830-7cde87e80901/sm/snapshot.2_12
2019-09-11 07:02:38,006 [grpc-default-executor-7] INFO  server.GrpcServerProtocolService (GrpcServerProtocolService.java:onCompleted(113)) - 4a2aa8aa-5edc-4f5e-99ad-9332c6d3f836: Completed APPEND_ENTRIES, lastRequest: 4523c126-f03b-4acb-be3e-4c406fe3aaad->4a2aa8aa-5edc-4f5e-99ad-9332c6d3f836#175-t2, previous=(t:2, i:18), leaderCommit=14, initializing? false, entries: <empty>
2019-09-11 07:02:38,006 [grpc-default-executor-0] INFO  server.GrpcServerProtocolService (GrpcServerProtocolService.java:onCompleted(113)) - 42626b9b-ed01-4037-9282-5fe073f296c6: Completed APPEND_ENTRIES, lastRequest: 4523c126-f03b-4acb-be3e-4c406fe3aaad->42626b9b-ed01-4037-9282-5fe073f296c6#174-t2, previous=(t:2, i:18), leaderCommit=14, initializing? false, entries: <empty>
2019-09-11 07:02:38,006 [fa05bb76-1792-4734-a2a1-169d8491a525@group-1ACF0AC42BB1-SegmentedRaftLogWorker] INFO  segmented.SegmentedRaftLogWorker (SegmentedRaftLogWorker.java:run(313)) - fa05bb76-1792-4734-a2a1-169d8491a525@group-1ACF0AC42BB1-SegmentedRaftLogWorker was interrupted, exiting. There are 0 tasks remaining in the queue.
2019-09-11 07:02:38,009 [main] INFO  segmented.SegmentedRaftLogWorker (SegmentedRaftLogWorker.java:close(228)) - fa05bb76-1792-4734-a2a1-169d8491a525@group-1ACF0AC42BB1-SegmentedRaftLogWorker close()
2019-09-11 07:02:38,013 [main] INFO  server.GrpcService (GrpcService.java:closeImpl(164)) - fa05bb76-1792-4734-a2a1-169d8491a525: shutdown server with port 38028 now
2019-09-11 07:02:38,013 [grpc-default-executor-7] INFO  server.GrpcLogAppender (GrpcLogAppender.java:onCompleted(293)) - 4523c126-f03b-4acb-be3e-4c406fe3aaad@group-7CDE87E80901->4a2aa8aa-5edc-4f5e-99ad-9332c6d3f836-AppendLogResponseHandler: follower responses appendEntries COMPLETED
2019-09-11 07:02:38,013 [grpc-default-executor-0] INFO  server.GrpcLogAppender (GrpcLogAppender.java:onCompleted(293)) - 4523c126-f03b-4acb-be3e-4c406fe3aaad@group-7CDE87E80901->42626b9b-ed01-4037-9282-5fe073f296c6-AppendLogResponseHandler: follower responses appendEntries COMPLETED
2019-09-11 07:02:38,015 [main] INFO  server.GrpcService (GrpcService.java:closeImpl(172)) - fa05bb76-1792-4734-a2a1-169d8491a525: shutdown server with port 38028 successfully
2019-09-11 07:02:38,016 [grpc-default-executor-0] INFO  impl.FollowerInfo (FollowerInfo.java:lambda$new$0(51)) - 4523c126-f03b-4acb-be3e-4c406fe3aaad@group-7CDE87E80901->42626b9b-ed01-4037-9282-5fe073f296c6: nextIndex: updateUnconditionally 19 -> 18
2019-09-11 07:02:38,015 [grpc-default-executor-7] INFO  impl.FollowerInfo (FollowerInfo.java:lambda$new$0(51)) - 4523c126-f03b-4acb-be3e-4c406fe3aaad@group-7CDE87E80901->4a2aa8aa-5edc-4f5e-99ad-9332c6d3f836: nextIndex: updateUnconditionally 19 -> 15
2019-09-11 07:02:38,028 [refreshUsed-/workdir/hadoop-ozone/integration-test/target/test-dir/MiniOzoneClusterImpl-17eb7e61-4fa5-444d-af72-e415168ae45d/datanode-6/data/containers] WARN  fs.CachingGetSpaceUsed (CachingGetSpaceUsed.java:run(183)) - Thread Interrupted waiting to refresh disk information: sleep interrupted
2019-09-11 07:02:38,029 [4523c126-f03b-4acb-be3e-4c406fe3aaad@group-7CDE87E80901-StateMachineUpdater] INFO  ratis.ContainerStateMachine (ContainerStateMachine.java:takeSnapshot(300)) - group-7CDE87E80901: Finished taking a snapshot at:(t:2, i:12) file:/workdir/hadoop-ozone/integration-test/target/test-dir/MiniOzoneClusterImpl-17eb7e61-4fa5-444d-af72-e415168ae45d/datanode-3/data/ratis/13214434-aab0-4670-8830-7cde87e80901/sm/snapshot.2_12 time:24
2019-09-11 07:02:38,029 [4523c126-f03b-4acb-be3e-4c406fe3aaad@group-7CDE87E80901-StateMachineUpdater] INFO  impl.StateMachineUpdater (StateMachineUpdater.java:takeSnapshot(258)) - 4523c126-f03b-4acb-be3e-4c406fe3aaad@group-7CDE87E80901-StateMachineUpdater: Took a snapshot at index 12
2019-09-11 07:02:38,029 [4523c126-f03b-4acb-be3e-4c406fe3aaad@group-7CDE87E80901-StateMachineUpdater] INFO  impl.StateMachineUpdater (StateMachineUpdater.java:lambda$new$0(83)) - 4523c126-f03b-4acb-be3e-4c406fe3aaad@group-7CDE87E80901-StateMachineUpdater: snapshotIndex: updateIncreasingly -1 -> 12
2019-09-11 07:02:38,030 [4523c126-f03b-4acb-be3e-4c406fe3aaad@group-7CDE87E80901-StateMachineUpdater] INFO  ratis.ContainerStateMachine (ContainerStateMachine.java:takeSnapshot(289)) - group-7CDE87E80901: Taking a snapshot at:(t:2, i:12) file /workdir/hadoop-ozone/integration-test/target/test-dir/MiniOzoneClusterImpl-17eb7e61-4fa5-444d-af72-e415168ae45d/datanode-3/data/ratis/13214434-aab0-4670-8830-7cde87e80901/sm/snapshot.2_12
2019-09-11 07:02:38,038 [main] INFO  utils.BackgroundService (BackgroundService.java:shutdown(148)) - Shutting down service BlockDeletingService
2019-09-11 07:02:38,044 [main] INFO  statemachine.DatanodeStateMachine (DatanodeStateMachine.java:stopDaemon(395)) - Ozone container server stopped.
2019-09-11 07:02:38,046 [main] INFO  handler.ContextHandler (ContextHandler.java:doStop(910)) - Stopped o.e.j.w.WebAppContext@7a485a36{/,null,UNAVAILABLE}{/hddsDatanode}
2019-09-11 07:02:38,046 [main] INFO  server.AbstractConnector (AbstractConnector.java:doStop(318)) - Stopped ServerConnector@5cf3157b{HTTP/1.1,[http/1.1]}{0.0.0.0:0}
2019-09-11 07:02:38,047 [main] INFO  handler.ContextHandler (ContextHandler.java:doStop(910)) - Stopped o.e.j.s.ServletContextHandler@34780cd9{/static,jar:file:/home/user/.m2/repository/org/apache/hadoop/hadoop-hdds-container-service/0.5.0-SNAPSHOT/hadoop-hdds-container-service-0.5.0-SNAPSHOT.jar!/webapps/static,UNAVAILABLE}
2019-09-11 07:02:38,047 [main] INFO  handler.ContextHandler (ContextHandler.java:doStop(910)) - Stopped o.e.j.s.ServletContextHandler@72fd8a3c{/logs,file:///workdir/hadoop-ozone/integration-test/target/log,UNAVAILABLE}
2019-09-11 07:02:38,055 [4523c126-f03b-4acb-be3e-4c406fe3aaad@group-7CDE87E80901-StateMachineUpdater] INFO  ratis.ContainerStateMachine (ContainerStateMachine.java:takeSnapshot(300)) - group-7CDE87E80901: Finished taking a snapshot at:(t:2, i:12) file:/workdir/hadoop-ozone/integration-test/target/test-dir/MiniOzoneClusterImpl-17eb7e61-4fa5-444d-af72-e415168ae45d/datanode-3/data/ratis/13214434-aab0-4670-8830-7cde87e80901/sm/snapshot.2_12 time:26
2019-09-11 07:02:38,055 [4523c126-f03b-4acb-be3e-4c406fe3aaad@group-7CDE87E80901-StateMachineUpdater] INFO  impl.StateMachineUpdater (StateMachineUpdater.java:takeSnapshot(258)) - 4523c126-f03b-4acb-be3e-4c406fe3aaad@group-7CDE87E80901-StateMachineUpdater: Took a snapshot at index 12
2019-09-11 07:02:38,055 [4523c126-f03b-4acb-be3e-4c406fe3aaad@group-7CDE87E80901-StateMachineUpdater] INFO  impl.StateMachineUpdater (StateMachineUpdater.java:lambda$new$0(83)) - 4523c126-f03b-4acb-be3e-4c406fe3aaad@group-7CDE87E80901-StateMachineUpdater: snapshotIndex: updateIncreasingly 12 -> 12
2019-09-11 07:02:38,055 [ForkJoinPool.commonPool-worker-1] INFO  impl.RaftServerImpl (ServerState.java:close(385)) - 4523c126-f03b-4acb-be3e-4c406fe3aaad@group-7CDE87E80901: closes. applyIndex: 14
2019-09-11 07:02:38,058 [4523c126-f03b-4acb-be3e-4c406fe3aaad@group-7CDE87E80901-SegmentedRaftLogWorker] ERROR ratis.XceiverServerRatis (XceiverServerRatis.java:triggerPipelineClose(575)) - pipeline Action CLOSE  on pipeline PipelineID=13214434-aab0-4670-8830-7cde87e80901.Reason : WriteLog:15: (t:2, i:15), STATEMACHINELOGENTRY, client-F0C20677607E, cid=53-writeStateMachineData interrupted.
2019-09-11 07:02:38,060 [ForkJoinPool.commonPool-worker-1] INFO  segmented.SegmentedRaftLogWorker (SegmentedRaftLogWorker.java:close(228)) - 4523c126-f03b-4acb-be3e-4c406fe3aaad@group-7CDE87E80901-SegmentedRaftLogWorker close()
2019-09-11 07:02:38,071 [ForkJoinPool.commonPool-worker-1] INFO  impl.RaftServerImpl (RaftServerImpl.java:lambda$shutdown$3(251)) - 4523c126-f03b-4acb-be3e-4c406fe3aaad@group-4D4C29F3A254: shutdown
2019-09-11 07:02:38,071 [ForkJoinPool.commonPool-worker-1] INFO  util.JmxRegister (JmxRegister.java:unregister(73)) - Successfully un-registered JMX Bean with object name Ratis:service=RaftServer,group=group-4D4C29F3A254,id=4523c126-f03b-4acb-be3e-4c406fe3aaad
2019-09-11 07:02:38,071 [ForkJoinPool.commonPool-worker-1] INFO  impl.RoleInfo (RoleInfo.java:shutdownLeaderState(104)) - 4523c126-f03b-4acb-be3e-4c406fe3aaad: shutdown LeaderState
2019-09-11 07:02:38,071 [ForkJoinPool.commonPool-worker-1] INFO  impl.PendingRequests (PendingRequests.java:sendNotLeaderResponses(202)) - 4523c126-f03b-4acb-be3e-4c406fe3aaad-PendingRequests: sendNotLeaderResponses
2019-09-11 07:02:38,072 [ForkJoinPool.commonPool-worker-1] INFO  impl.StateMachineUpdater (StateMachineUpdater.java:stopAndJoin(125)) - 4523c126-f03b-4acb-be3e-4c406fe3aaad@group-4D4C29F3A254-StateMachineUpdater: set stopIndex = 0
2019-09-11 07:02:38,072 [ForkJoinPool.commonPool-worker-1] INFO  impl.RaftServerImpl (ServerState.java:close(385)) - 4523c126-f03b-4acb-be3e-4c406fe3aaad@group-4D4C29F3A254: closes. applyIndex: 0
2019-09-11 07:02:38,072 [4523c126-f03b-4acb-be3e-4c406fe3aaad@group-4D4C29F3A254-SegmentedRaftLogWorker] INFO  segmented.SegmentedRaftLogWorker (SegmentedRaftLogWorker.java:run(313)) - 4523c126-f03b-4acb-be3e-4c406fe3aaad@group-4D4C29F3A254-SegmentedRaftLogWorker was interrupted, exiting. There are 0 tasks remaining in the queue.
2019-09-11 07:02:38,072 [ForkJoinPool.commonPool-worker-1] INFO  segmented.SegmentedRaftLogWorker (SegmentedRaftLogWorker.java:close(228)) - 4523c126-f03b-4acb-be3e-4c406fe3aaad@group-4D4C29F3A254-SegmentedRaftLogWorker close()
2019-09-11 07:02:38,074 [ForkJoinPool.commonPool-worker-1] INFO  server.GrpcService (GrpcService.java:closeImpl(164)) - 4523c126-f03b-4acb-be3e-4c406fe3aaad: shutdown server with port 34504 now
2019-09-11 07:02:38,075 [ForkJoinPool.commonPool-worker-1] INFO  server.GrpcService (GrpcService.java:closeImpl(172)) - 4523c126-f03b-4acb-be3e-4c406fe3aaad: shutdown server with port 34504 successfully
2019-09-11 07:02:38,082 [refreshUsed-/workdir/hadoop-ozone/integration-test/target/test-dir/MiniOzoneClusterImpl-17eb7e61-4fa5-444d-af72-e415168ae45d/datanode-3/data/containers] WARN  fs.CachingGetSpaceUsed (CachingGetSpaceUsed.java:run(183)) - Thread Interrupted waiting to refresh disk information: sleep interrupted
2019-09-11 07:02:38,095 [ForkJoinPool.commonPool-worker-1] INFO  utils.BackgroundService (BackgroundService.java:shutdown(148)) - Shutting down service BlockDeletingService
2019-09-11 07:02:38,101 [ForkJoinPool.commonPool-worker-1] INFO  statemachine.DatanodeStateMachine (DatanodeStateMachine.java:stopDaemon(395)) - Ozone container server stopped.
2019-09-11 07:02:38,106 [ForkJoinPool.commonPool-worker-1] INFO  handler.ContextHandler (ContextHandler.java:doStop(910)) - Stopped o.e.j.w.WebAppContext@6573d2f7{/,null,UNAVAILABLE}{/hddsDatanode}
2019-09-11 07:02:38,107 [ForkJoinPool.commonPool-worker-1] INFO  server.AbstractConnector (AbstractConnector.java:doStop(318)) - Stopped ServerConnector@4052c8c2{HTTP/1.1,[http/1.1]}{0.0.0.0:0}
2019-09-11 07:02:38,108 [ForkJoinPool.commonPool-worker-1] INFO  handler.ContextHandler (ContextHandler.java:doStop(910)) - Stopped o.e.j.s.ServletContextHandler@1f6917fb{/static,jar:file:/home/user/.m2/repository/org/apache/hadoop/hadoop-hdds-container-service/0.5.0-SNAPSHOT/hadoop-hdds-container-service-0.5.0-SNAPSHOT.jar!/webapps/static,UNAVAILABLE}
2019-09-11 07:02:38,110 [ForkJoinPool.commonPool-worker-1] INFO  handler.ContextHandler (ContextHandler.java:doStop(910)) - Stopped o.e.j.s.ServletContextHandler@36480b2d{/logs,file:///workdir/hadoop-ozone/integration-test/target/log,UNAVAILABLE}
2019-09-11 07:02:38,115 [grpc-default-executor-8] WARN  server.GrpcLogAppender (LogUtils.java:warn(134)) - bbdbb4de-2219-47e5-a2b1-d5e525a98c19@group-D61D25716C8D->0159beb9-e28f-41a3-bdd5-1125b6dbb65e-AppendLogResponseHandler: Failed appendEntries: org.apache.ratis.thirdparty.io.grpc.StatusRuntimeException: UNAVAILABLE: io exception
2019-09-11 07:02:38,115 [grpc-default-executor-8] INFO  impl.FollowerInfo (FollowerInfo.java:lambda$new$0(51)) - bbdbb4de-2219-47e5-a2b1-d5e525a98c19@group-D61D25716C8D->0159beb9-e28f-41a3-bdd5-1125b6dbb65e: nextIndex: updateUnconditionally 22 -> 21
2019-09-11 07:02:38,139 [Datanode State Machine Thread - 0] INFO  statemachine.DatanodeStateMachine (DatanodeStateMachine.java:lambda$startDaemon$0(350)) - Ozone container server started.
2019-09-11 07:02:38,207 [grpc-default-executor-0] WARN  server.GrpcLogAppender (LogUtils.java:warn(134)) - b366cd81-90f5-4f0e-8fa6-7e105a738d9d@group-5FF39CBF2ADF->c3336af5-ef91-4420-af01-c0c00dc6c530-AppendLogResponseHandler: Failed appendEntries: org.apache.ratis.thirdparty.io.grpc.StatusRuntimeException: UNAVAILABLE: io exception
2019-09-11 07:02:38,207 [grpc-default-executor-3] WARN  server.GrpcLogAppender (LogUtils.java:warn(134)) - b366cd81-90f5-4f0e-8fa6-7e105a738d9d@group-5FF39CBF2ADF->e76620e4-5df3-481a-bd8d-e91ef558e102-AppendLogResponseHandler: Failed appendEntries: org.apache.ratis.thirdparty.io.grpc.StatusRuntimeException: UNAVAILABLE: io exception
2019-09-11 07:02:38,208 [grpc-default-executor-0] INFO  impl.FollowerInfo (FollowerInfo.java:lambda$new$0(51)) - b366cd81-90f5-4f0e-8fa6-7e105a738d9d@group-5FF39CBF2ADF->c3336af5-ef91-4420-af01-c0c00dc6c530: nextIndex: updateUnconditionally 0 -> 0
2019-09-11 07:02:38,208 [grpc-default-executor-3] INFO  impl.FollowerInfo (FollowerInfo.java:lambda$new$0(51)) - b366cd81-90f5-4f0e-8fa6-7e105a738d9d@group-5FF39CBF2ADF->e76620e4-5df3-481a-bd8d-e91ef558e102: nextIndex: updateUnconditionally 0 -> 0
2019-09-11 07:02:38,307 [grpc-default-executor-7] WARN  server.GrpcLogAppender (LogUtils.java:warn(134)) - bbdbb4de-2219-47e5-a2b1-d5e525a98c19@group-D61D25716C8D->7cc5d2d7-39af-4b66-8513-17417d4c25e9-AppendLogResponseHandler: Failed appendEntries: org.apache.ratis.thirdparty.io.grpc.StatusRuntimeException: UNAVAILABLE: io exception
2019-09-11 07:02:38,308 [grpc-default-executor-7] INFO  impl.FollowerInfo (FollowerInfo.java:lambda$new$0(51)) - bbdbb4de-2219-47e5-a2b1-d5e525a98c19@group-D61D25716C8D->7cc5d2d7-39af-4b66-8513-17417d4c25e9: nextIndex: updateUnconditionally 25 -> 24
2019-09-11 07:02:38,616 [grpc-default-executor-0] WARN  server.GrpcLogAppender (LogUtils.java:warn(134)) - bbdbb4de-2219-47e5-a2b1-d5e525a98c19@group-D61D25716C8D->0159beb9-e28f-41a3-bdd5-1125b6dbb65e-AppendLogResponseHandler: Failed appendEntries: org.apache.ratis.thirdparty.io.grpc.StatusRuntimeException: UNAVAILABLE: io exception
2019-09-11 07:02:38,616 [grpc-default-executor-0] INFO  impl.FollowerInfo (FollowerInfo.java:lambda$new$0(51)) - bbdbb4de-2219-47e5-a2b1-d5e525a98c19@group-D61D25716C8D->0159beb9-e28f-41a3-bdd5-1125b6dbb65e: nextIndex: updateUnconditionally 21 -> 20
2019-09-11 07:02:38,636 [Datanode State Machine Thread - 0] INFO  statemachine.DatanodeStateMachine (DatanodeStateMachine.java:lambda$startDaemon$0(350)) - Ozone container server started.
2019-09-11 07:02:38,708 [grpc-default-executor-0] WARN  server.GrpcLogAppender (LogUtils.java:warn(134)) - b366cd81-90f5-4f0e-8fa6-7e105a738d9d@group-5FF39CBF2ADF->e76620e4-5df3-481a-bd8d-e91ef558e102-AppendLogResponseHandler: Failed appendEntries: org.apache.ratis.thirdparty.io.grpc.StatusRuntimeException: UNAVAILABLE: io exception
2019-09-11 07:02:38,708 [grpc-default-executor-8] WARN  server.GrpcLogAppender (LogUtils.java:warn(134)) - b366cd81-90f5-4f0e-8fa6-7e105a738d9d@group-5FF39CBF2ADF->c3336af5-ef91-4420-af01-c0c00dc6c530-AppendLogResponseHandler: Failed appendEntries: org.apache.ratis.thirdparty.io.grpc.StatusRuntimeException: UNAVAILABLE: io exception
2019-09-11 07:02:38,708 [grpc-default-executor-0] INFO  impl.FollowerInfo (FollowerInfo.java:lambda$new$0(51)) - b366cd81-90f5-4f0e-8fa6-7e105a738d9d@group-5FF39CBF2ADF->e76620e4-5df3-481a-bd8d-e91ef558e102: nextIndex: updateUnconditionally 0 -> 0
2019-09-11 07:02:38,708 [grpc-default-executor-8] INFO  impl.FollowerInfo (FollowerInfo.java:lambda$new$0(51)) - b366cd81-90f5-4f0e-8fa6-7e105a738d9d@group-5FF39CBF2ADF->c3336af5-ef91-4420-af01-c0c00dc6c530: nextIndex: updateUnconditionally 0 -> 0
2019-09-11 07:02:38,808 [grpc-default-executor-7] WARN  server.GrpcLogAppender (LogUtils.java:warn(134)) - bbdbb4de-2219-47e5-a2b1-d5e525a98c19@group-D61D25716C8D->7cc5d2d7-39af-4b66-8513-17417d4c25e9-AppendLogResponseHandler: Failed appendEntries: org.apache.ratis.thirdparty.io.grpc.StatusRuntimeException: UNAVAILABLE: io exception
2019-09-11 07:02:38,808 [grpc-default-executor-7] INFO  impl.FollowerInfo (FollowerInfo.java:lambda$new$0(51)) - bbdbb4de-2219-47e5-a2b1-d5e525a98c19@group-D61D25716C8D->7cc5d2d7-39af-4b66-8513-17417d4c25e9: nextIndex: updateUnconditionally 24 -> 23
2019-09-11 07:02:39,007 [Thread-404] INFO  impl.FollowerState (FollowerState.java:run(106)) - 42626b9b-ed01-4037-9282-5fe073f296c6:group-7CDE87E80901 changes to CANDIDATE, lastRpcTime:1369, electionTimeout:1182ms
2019-09-11 07:02:39,007 [Thread-404] INFO  impl.RoleInfo (RoleInfo.java:shutdownFollowerState(121)) - 42626b9b-ed01-4037-9282-5fe073f296c6: shutdown FollowerState
2019-09-11 07:02:39,007 [Thread-404] INFO  impl.RaftServerImpl (RaftServerImpl.java:setRole(174)) - 42626b9b-ed01-4037-9282-5fe073f296c6@group-7CDE87E80901: changes role from  FOLLOWER to CANDIDATE at term 2 for changeToCandidate
2019-09-11 07:02:39,008 [Thread-404] INFO  impl.RoleInfo (RoleInfo.java:updateAndGet(143)) - 42626b9b-ed01-4037-9282-5fe073f296c6: start LeaderElection
2019-09-11 07:02:39,010 [42626b9b-ed01-4037-9282-5fe073f296c6@group-7CDE87E80901:LeaderElection21] INFO  impl.RaftServerImpl (ServerState.java:setLeader(253)) - 42626b9b-ed01-4037-9282-5fe073f296c6@group-7CDE87E80901: change Leader from 4523c126-f03b-4acb-be3e-4c406fe3aaad to null at term 2 for initElection
2019-09-11 07:02:39,034 [42626b9b-ed01-4037-9282-5fe073f296c6@group-7CDE87E80901:LeaderElection21] INFO  impl.LeaderElection (LeaderElection.java:askForVotes(182)) - 42626b9b-ed01-4037-9282-5fe073f296c6@group-7CDE87E80901:LeaderElection21: begin an election at term 3 for 0: [42626b9b-ed01-4037-9282-5fe073f296c6:192.168.5.143:37220, 4523c126-f03b-4acb-be3e-4c406fe3aaad:192.168.5.143:34504, 4a2aa8aa-5edc-4f5e-99ad-9332c6d3f836:192.168.5.143:42220], old=null
2019-09-11 07:02:39,038 [grpc-default-executor-7] INFO  impl.RaftServerImpl (ServerState.java:setLeader(253)) - 4a2aa8aa-5edc-4f5e-99ad-9332c6d3f836@group-7CDE87E80901: change Leader from 4523c126-f03b-4acb-be3e-4c406fe3aaad to null at term 3 for updateCurrentTerm
2019-09-11 07:02:39,039 [grpc-default-executor-7] INFO  impl.RaftServerImpl (RaftServerImpl.java:setRole(174)) - 4a2aa8aa-5edc-4f5e-99ad-9332c6d3f836@group-7CDE87E80901: changes role from  FOLLOWER to FOLLOWER at term 3 for recognizeCandidate:42626b9b-ed01-4037-9282-5fe073f296c6
2019-09-11 07:02:39,039 [grpc-default-executor-7] INFO  impl.RoleInfo (RoleInfo.java:shutdownFollowerState(121)) - 4a2aa8aa-5edc-4f5e-99ad-9332c6d3f836: shutdown FollowerState
2019-09-11 07:02:39,039 [grpc-default-executor-7] INFO  impl.RoleInfo (RoleInfo.java:updateAndGet(143)) - 4a2aa8aa-5edc-4f5e-99ad-9332c6d3f836: start FollowerState
2019-09-11 07:02:39,039 [Thread-403] INFO  impl.FollowerState (FollowerState.java:run(115)) - 4a2aa8aa-5edc-4f5e-99ad-9332c6d3f836: FollowerState was interrupted: java.lang.InterruptedException: sleep interrupted
2019-09-11 07:02:39,041 [42626b9b-ed01-4037-9282-5fe073f296c6@group-7CDE87E80901:LeaderElection21] INFO  impl.LeaderElection (LogUtils.java:infoOrTrace(149)) - 42626b9b-ed01-4037-9282-5fe073f296c6@group-7CDE87E80901:LeaderElection21 got exception when requesting votes: {}
java.util.concurrent.ExecutionException: org.apache.ratis.thirdparty.io.grpc.StatusRuntimeException: UNAVAILABLE: io exception
	at java.util.concurrent.FutureTask.report(FutureTask.java:122)
	at java.util.concurrent.FutureTask.get(FutureTask.java:192)
	at org.apache.ratis.server.impl.LeaderElection.waitForResults(LeaderElection.java:263)
	at org.apache.ratis.server.impl.LeaderElection.askForVotes(LeaderElection.java:201)
	at org.apache.ratis.server.impl.LeaderElection.run(LeaderElection.java:133)
	at java.lang.Thread.run(Thread.java:748)
Caused by: org.apache.ratis.thirdparty.io.grpc.StatusRuntimeException: UNAVAILABLE: io exception
	at org.apache.ratis.thirdparty.io.grpc.stub.ClientCalls.toStatusRuntimeException(ClientCalls.java:233)
	at org.apache.ratis.thirdparty.io.grpc.stub.ClientCalls.getUnchecked(ClientCalls.java:214)
	at org.apache.ratis.thirdparty.io.grpc.stub.ClientCalls.blockingUnaryCall(ClientCalls.java:139)
	at org.apache.ratis.proto.grpc.RaftServerProtocolServiceGrpc$RaftServerProtocolServiceBlockingStub.requestVote(RaftServerProtocolServiceGrpc.java:265)
	at org.apache.ratis.grpc.server.GrpcServerProtocolClient.requestVote(GrpcServerProtocolClient.java:90)
	at org.apache.ratis.grpc.server.GrpcService.requestVote(GrpcService.java:204)
	at org.apache.ratis.server.impl.LeaderElection.lambda$submitRequests$1(LeaderElection.java:238)
	at java.util.concurrent.FutureTask.run(FutureTask.java:266)
	at java.util.concurrent.Executors$RunnableAdapter.call(Executors.java:511)
	at java.util.concurrent.FutureTask.run(FutureTask.java:266)
	at java.util.concurrent.ThreadPoolExecutor.runWorker(ThreadPoolExecutor.java:1149)
	at java.util.concurrent.ThreadPoolExecutor$Worker.run(ThreadPoolExecutor.java:624)
	... 1 more
Caused by: org.apache.ratis.thirdparty.io.netty.channel.AbstractChannel$AnnotatedConnectException: Connection refused: /192.168.5.143:34504
	at sun.nio.ch.SocketChannelImpl.checkConnect(Native Method)
	at sun.nio.ch.SocketChannelImpl.finishConnect(SocketChannelImpl.java:717)
	at org.apache.ratis.thirdparty.io.netty.channel.socket.nio.NioSocketChannel.doFinishConnect(NioSocketChannel.java:327)
	at org.apache.ratis.thirdparty.io.netty.channel.nio.AbstractNioChannel$AbstractNioUnsafe.finishConnect(AbstractNioChannel.java:340)
	at org.apache.ratis.thirdparty.io.netty.channel.nio.NioEventLoop.processSelectedKey(NioEventLoop.java:632)
	at org.apache.ratis.thirdparty.io.netty.channel.nio.NioEventLoop.processSelectedKeysOptimized(NioEventLoop.java:579)
	at org.apache.ratis.thirdparty.io.netty.channel.nio.NioEventLoop.processSelectedKeys(NioEventLoop.java:496)
	at org.apache.ratis.thirdparty.io.netty.channel.nio.NioEventLoop.run(NioEventLoop.java:458)
	at org.apache.ratis.thirdparty.io.netty.util.concurrent.SingleThreadEventExecutor$5.run(SingleThreadEventExecutor.java:897)
	at org.apache.ratis.thirdparty.io.netty.util.concurrent.FastThreadLocalRunnable.run(FastThreadLocalRunnable.java:30)
	... 1 more
Caused by: java.net.ConnectException: Connection refused
	... 11 more
2019-09-11 07:02:39,067 [42626b9b-ed01-4037-9282-5fe073f296c6@group-7CDE87E80901:LeaderElection21] INFO  impl.LeaderElection (LeaderElection.java:logAndReturn(56)) - 42626b9b-ed01-4037-9282-5fe073f296c6@group-7CDE87E80901:LeaderElection21: Election PASSED; received 1 response(s) [42626b9b-ed01-4037-9282-5fe073f296c6<-4a2aa8aa-5edc-4f5e-99ad-9332c6d3f836#0:OK-t3] and 1 exception(s); 42626b9b-ed01-4037-9282-5fe073f296c6@group-7CDE87E80901:t3, leader=null, voted=42626b9b-ed01-4037-9282-5fe073f296c6, raftlog=42626b9b-ed01-4037-9282-5fe073f296c6@group-7CDE87E80901-SegmentedRaftLog:OPENED:c14,f18,i18, conf=0: [42626b9b-ed01-4037-9282-5fe073f296c6:192.168.5.143:37220, 4523c126-f03b-4acb-be3e-4c406fe3aaad:192.168.5.143:34504, 4a2aa8aa-5edc-4f5e-99ad-9332c6d3f836:192.168.5.143:42220], old=null
2019-09-11 07:02:39,067 [42626b9b-ed01-4037-9282-5fe073f296c6@group-7CDE87E80901:LeaderElection21] INFO  impl.LeaderElection (LogUtils.java:infoOrTrace(149)) -   Exception 0: {}
java.util.concurrent.ExecutionException: org.apache.ratis.thirdparty.io.grpc.StatusRuntimeException: UNAVAILABLE: io exception
	at java.util.concurrent.FutureTask.report(FutureTask.java:122)
	at java.util.concurrent.FutureTask.get(FutureTask.java:192)
	at org.apache.ratis.server.impl.LeaderElection.waitForResults(LeaderElection.java:263)
	at org.apache.ratis.server.impl.LeaderElection.askForVotes(LeaderElection.java:201)
	at org.apache.ratis.server.impl.LeaderElection.run(LeaderElection.java:133)
	at java.lang.Thread.run(Thread.java:748)
Caused by: org.apache.ratis.thirdparty.io.grpc.StatusRuntimeException: UNAVAILABLE: io exception
	at org.apache.ratis.thirdparty.io.grpc.stub.ClientCalls.toStatusRuntimeException(ClientCalls.java:233)
	at org.apache.ratis.thirdparty.io.grpc.stub.ClientCalls.getUnchecked(ClientCalls.java:214)
	at org.apache.ratis.thirdparty.io.grpc.stub.ClientCalls.blockingUnaryCall(ClientCalls.java:139)
	at org.apache.ratis.proto.grpc.RaftServerProtocolServiceGrpc$RaftServerProtocolServiceBlockingStub.requestVote(RaftServerProtocolServiceGrpc.java:265)
	at org.apache.ratis.grpc.server.GrpcServerProtocolClient.requestVote(GrpcServerProtocolClient.java:90)
	at org.apache.ratis.grpc.server.GrpcService.requestVote(GrpcService.java:204)
	at org.apache.ratis.server.impl.LeaderElection.lambda$submitRequests$1(LeaderElection.java:238)
	at java.util.concurrent.FutureTask.run(FutureTask.java:266)
	at java.util.concurrent.Executors$RunnableAdapter.call(Executors.java:511)
	at java.util.concurrent.FutureTask.run(FutureTask.java:266)
	at java.util.concurrent.ThreadPoolExecutor.runWorker(ThreadPoolExecutor.java:1149)
	at java.util.concurrent.ThreadPoolExecutor$Worker.run(ThreadPoolExecutor.java:624)
	... 1 more
Caused by: org.apache.ratis.thirdparty.io.netty.channel.AbstractChannel$AnnotatedConnectException: Connection refused: /192.168.5.143:34504
	at sun.nio.ch.SocketChannelImpl.checkConnect(Native Method)
	at sun.nio.ch.SocketChannelImpl.finishConnect(SocketChannelImpl.java:717)
	at org.apache.ratis.thirdparty.io.netty.channel.socket.nio.NioSocketChannel.doFinishConnect(NioSocketChannel.java:327)
	at org.apache.ratis.thirdparty.io.netty.channel.nio.AbstractNioChannel$AbstractNioUnsafe.finishConnect(AbstractNioChannel.java:340)
	at org.apache.ratis.thirdparty.io.netty.channel.nio.NioEventLoop.processSelectedKey(NioEventLoop.java:632)
	at org.apache.ratis.thirdparty.io.netty.channel.nio.NioEventLoop.processSelectedKeysOptimized(NioEventLoop.java:579)
	at org.apache.ratis.thirdparty.io.netty.channel.nio.NioEventLoop.processSelectedKeys(NioEventLoop.java:496)
	at org.apache.ratis.thirdparty.io.netty.channel.nio.NioEventLoop.run(NioEventLoop.java:458)
	at org.apache.ratis.thirdparty.io.netty.util.concurrent.SingleThreadEventExecutor$5.run(SingleThreadEventExecutor.java:897)
	at org.apache.ratis.thirdparty.io.netty.util.concurrent.FastThreadLocalRunnable.run(FastThreadLocalRunnable.java:30)
	... 1 more
Caused by: java.net.ConnectException: Connection refused
	... 11 more
2019-09-11 07:02:39,068 [42626b9b-ed01-4037-9282-5fe073f296c6@group-7CDE87E80901:LeaderElection21] INFO  impl.RoleInfo (RoleInfo.java:shutdownLeaderElection(134)) - 42626b9b-ed01-4037-9282-5fe073f296c6: shutdown LeaderElection
2019-09-11 07:02:39,068 [42626b9b-ed01-4037-9282-5fe073f296c6@group-7CDE87E80901:LeaderElection21] INFO  impl.RaftServerImpl (RaftServerImpl.java:setRole(174)) - 42626b9b-ed01-4037-9282-5fe073f296c6@group-7CDE87E80901: changes role from CANDIDATE to LEADER at term 3 for changeToLeader
2019-09-11 07:02:39,068 [42626b9b-ed01-4037-9282-5fe073f296c6@group-7CDE87E80901:LeaderElection21] INFO  impl.RaftServerImpl (ServerState.java:setLeader(253)) - 42626b9b-ed01-4037-9282-5fe073f296c6@group-7CDE87E80901: change Leader from null to 42626b9b-ed01-4037-9282-5fe073f296c6 at term 3 for becomeLeader, leader elected after 58ms
2019-09-11 07:02:39,069 [42626b9b-ed01-4037-9282-5fe073f296c6@group-7CDE87E80901:LeaderElection21] INFO  server.RaftServerConfigKeys (ConfUtils.java:logGet(43)) - raft.server.staging.catchup.gap = 1000 (default)
2019-09-11 07:02:39,069 [42626b9b-ed01-4037-9282-5fe073f296c6@group-7CDE87E80901:LeaderElection21] INFO  server.RaftServerConfigKeys (ConfUtils.java:logGet(43)) - raft.server.rpc.sleep.time = 25ms (default)
2019-09-11 07:02:39,069 [42626b9b-ed01-4037-9282-5fe073f296c6@group-7CDE87E80901:LeaderElection21] INFO  server.RaftServerConfigKeys (ConfUtils.java:logGet(43)) - raft.server.write.element-limit = 4096 (default)
2019-09-11 07:02:39,069 [42626b9b-ed01-4037-9282-5fe073f296c6@group-7CDE87E80901:LeaderElection21] INFO  server.RaftServerConfigKeys (ConfUtils.java:logGet(43)) - raft.server.watch.timeout = 10s (default)
2019-09-11 07:02:39,070 [42626b9b-ed01-4037-9282-5fe073f296c6@group-7CDE87E80901:LeaderElection21] INFO  server.RaftServerConfigKeys (ConfUtils.java:logGet(43)) - raft.server.watch.timeout.denomination = 1s (default)
2019-09-11 07:02:39,070 [42626b9b-ed01-4037-9282-5fe073f296c6@group-7CDE87E80901:LeaderElection21] INFO  server.RaftServerConfigKeys (ConfUtils.java:logGet(43)) - raft.server.watch.element-limit = 65536 (default)
2019-09-11 07:02:39,074 [42626b9b-ed01-4037-9282-5fe073f296c6@group-7CDE87E80901:LeaderElection21] INFO  server.RaftServerConfigKeys (ConfUtils.java:logGet(43)) - raft.server.log.appender.snapshot.chunk.size.max = 16MB (=16777216) (default)
2019-09-11 07:02:39,075 [42626b9b-ed01-4037-9282-5fe073f296c6@group-7CDE87E80901:LeaderElection21] INFO  server.RaftServerConfigKeys (ConfUtils.java:logGet(43)) - raft.server.log.appender.buffer.byte-limit = 33554432 (custom)
2019-09-11 07:02:39,075 [42626b9b-ed01-4037-9282-5fe073f296c6@group-7CDE87E80901:LeaderElection21] INFO  server.RaftServerConfigKeys (ConfUtils.java:logGet(43)) - raft.server.log.appender.buffer.element-limit = 1 (custom)
2019-09-11 07:02:39,075 [42626b9b-ed01-4037-9282-5fe073f296c6@group-7CDE87E80901:LeaderElection21] INFO  grpc.GrpcConfigKeys$Server (ConfUtils.java:logGet(43)) - raft.grpc.server.leader.outstanding.appends.max = 128 (default)
2019-09-11 07:02:39,076 [42626b9b-ed01-4037-9282-5fe073f296c6@group-7CDE87E80901:LeaderElection21] INFO  server.RaftServerConfigKeys (ConfUtils.java:logGet(43)) - raft.server.rpc.request.timeout = 3000ms (default)
2019-09-11 07:02:39,076 [42626b9b-ed01-4037-9282-5fe073f296c6@group-7CDE87E80901:LeaderElection21] INFO  server.RaftServerConfigKeys (ConfUtils.java:logGet(43)) - raft.server.log.appender.install.snapshot.enabled = false (custom)
2019-09-11 07:02:39,076 [42626b9b-ed01-4037-9282-5fe073f296c6@group-7CDE87E80901:LeaderElection21] INFO  server.RaftServerConfigKeys (ConfUtils.java:logGet(43)) - raft.server.log.appender.snapshot.chunk.size.max = 16MB (=16777216) (default)
2019-09-11 07:02:39,077 [42626b9b-ed01-4037-9282-5fe073f296c6@group-7CDE87E80901:LeaderElection21] INFO  server.RaftServerConfigKeys (ConfUtils.java:logGet(43)) - raft.server.log.appender.buffer.byte-limit = 33554432 (custom)
2019-09-11 07:02:39,077 [42626b9b-ed01-4037-9282-5fe073f296c6@group-7CDE87E80901:LeaderElection21] INFO  server.RaftServerConfigKeys (ConfUtils.java:logGet(43)) - raft.server.log.appender.buffer.element-limit = 1 (custom)
2019-09-11 07:02:39,077 [42626b9b-ed01-4037-9282-5fe073f296c6@group-7CDE87E80901:LeaderElection21] INFO  grpc.GrpcConfigKeys$Server (ConfUtils.java:logGet(43)) - raft.grpc.server.leader.outstanding.appends.max = 128 (default)
2019-09-11 07:02:39,077 [42626b9b-ed01-4037-9282-5fe073f296c6@group-7CDE87E80901:LeaderElection21] INFO  server.RaftServerConfigKeys (ConfUtils.java:logGet(43)) - raft.server.rpc.request.timeout = 3000ms (default)
2019-09-11 07:02:39,077 [42626b9b-ed01-4037-9282-5fe073f296c6@group-7CDE87E80901:LeaderElection21] INFO  server.RaftServerConfigKeys (ConfUtils.java:logGet(43)) - raft.server.log.appender.install.snapshot.enabled = false (custom)
2019-09-11 07:02:39,078 [42626b9b-ed01-4037-9282-5fe073f296c6@group-7CDE87E80901:LeaderElection21] INFO  impl.RoleInfo (RoleInfo.java:updateAndGet(143)) - 42626b9b-ed01-4037-9282-5fe073f296c6: start LeaderState
2019-09-11 07:02:39,079 [42626b9b-ed01-4037-9282-5fe073f296c6@group-7CDE87E80901:LeaderElection21] INFO  segmented.SegmentedRaftLogWorker (SegmentedRaftLogWorker.java:rollLogSegment(385)) - 42626b9b-ed01-4037-9282-5fe073f296c6@group-7CDE87E80901-SegmentedRaftLogWorker: Rolling segment log-0_18 to index:18
2019-09-11 07:02:39,081 [42626b9b-ed01-4037-9282-5fe073f296c6@group-7CDE87E80901:LeaderElection21] INFO  impl.RaftServerImpl (ServerState.java:setRaftConf(354)) - 42626b9b-ed01-4037-9282-5fe073f296c6@group-7CDE87E80901: set configuration 19: [42626b9b-ed01-4037-9282-5fe073f296c6:192.168.5.143:37220, 4523c126-f03b-4acb-be3e-4c406fe3aaad:192.168.5.143:34504, 4a2aa8aa-5edc-4f5e-99ad-9332c6d3f836:192.168.5.143:42220], old=null at 19
2019-09-11 07:02:39,082 [grpc-default-executor-7] WARN  server.GrpcLogAppender (LogUtils.java:warn(134)) - 42626b9b-ed01-4037-9282-5fe073f296c6@group-7CDE87E80901->4523c126-f03b-4acb-be3e-4c406fe3aaad-AppendLogResponseHandler: Failed appendEntries: org.apache.ratis.thirdparty.io.grpc.StatusRuntimeException: UNAVAILABLE: io exception
2019-09-11 07:02:39,084 [42626b9b-ed01-4037-9282-5fe073f296c6@group-7CDE87E80901-SegmentedRaftLogWorker] INFO  segmented.SegmentedRaftLogWorker (SegmentedRaftLogWorker.java:execute(526)) - 42626b9b-ed01-4037-9282-5fe073f296c6@group-7CDE87E80901-SegmentedRaftLogWorker: Rolled log segment from /workdir/hadoop-ozone/integration-test/target/test-dir/MiniOzoneClusterImpl-17eb7e61-4fa5-444d-af72-e415168ae45d/datanode-1/data/ratis/13214434-aab0-4670-8830-7cde87e80901/current/log_inprogress_0 to /workdir/hadoop-ozone/integration-test/target/test-dir/MiniOzoneClusterImpl-17eb7e61-4fa5-444d-af72-e415168ae45d/datanode-1/data/ratis/13214434-aab0-4670-8830-7cde87e80901/current/log_0-18
2019-09-11 07:02:39,086 [grpc-default-executor-7] INFO  impl.FollowerInfo (FollowerInfo.java:lambda$new$0(51)) - 42626b9b-ed01-4037-9282-5fe073f296c6@group-7CDE87E80901->4523c126-f03b-4acb-be3e-4c406fe3aaad: nextIndex: updateUnconditionally 19 -> 1
2019-09-11 07:02:39,087 [grpc-default-executor-7] INFO  impl.RaftServerImpl (ServerState.java:setLeader(253)) - 4a2aa8aa-5edc-4f5e-99ad-9332c6d3f836@group-7CDE87E80901: change Leader from null to 42626b9b-ed01-4037-9282-5fe073f296c6 at term 3 for appendEntries, leader elected after 48ms
2019-09-11 07:02:39,089 [grpc-default-executor-7] INFO  impl.RaftServerImpl (ServerState.java:setRaftConf(354)) - 4a2aa8aa-5edc-4f5e-99ad-9332c6d3f836@group-7CDE87E80901: set configuration 19: [42626b9b-ed01-4037-9282-5fe073f296c6:192.168.5.143:37220, 4523c126-f03b-4acb-be3e-4c406fe3aaad:192.168.5.143:34504, 4a2aa8aa-5edc-4f5e-99ad-9332c6d3f836:192.168.5.143:42220], old=null at 19
2019-09-11 07:02:39,089 [grpc-default-executor-7] INFO  segmented.SegmentedRaftLogWorker (SegmentedRaftLogWorker.java:rollLogSegment(385)) - 4a2aa8aa-5edc-4f5e-99ad-9332c6d3f836@group-7CDE87E80901-SegmentedRaftLogWorker: Rolling segment log-0_18 to index:18
2019-09-11 07:02:39,117 [grpc-default-executor-0] WARN  server.GrpcLogAppender (LogUtils.java:warn(134)) - bbdbb4de-2219-47e5-a2b1-d5e525a98c19@group-D61D25716C8D->0159beb9-e28f-41a3-bdd5-1125b6dbb65e-AppendLogResponseHandler: Failed appendEntries: org.apache.ratis.thirdparty.io.grpc.StatusRuntimeException: UNAVAILABLE: io exception
2019-09-11 07:02:39,125 [grpc-default-executor-0] INFO  impl.FollowerInfo (FollowerInfo.java:lambda$new$0(51)) - bbdbb4de-2219-47e5-a2b1-d5e525a98c19@group-D61D25716C8D->0159beb9-e28f-41a3-bdd5-1125b6dbb65e: nextIndex: updateUnconditionally 20 -> 19
2019-09-11 07:02:39,147 [42626b9b-ed01-4037-9282-5fe073f296c6@group-7CDE87E80901-SegmentedRaftLogWorker] INFO  segmented.SegmentedRaftLogWorker (SegmentedRaftLogWorker.java:execute(569)) - 42626b9b-ed01-4037-9282-5fe073f296c6@group-7CDE87E80901-SegmentedRaftLogWorker: created new log segment /workdir/hadoop-ozone/integration-test/target/test-dir/MiniOzoneClusterImpl-17eb7e61-4fa5-444d-af72-e415168ae45d/datanode-1/data/ratis/13214434-aab0-4670-8830-7cde87e80901/current/log_inprogress_19
2019-09-11 07:02:39,208 [grpc-default-executor-0] WARN  server.GrpcLogAppender (LogUtils.java:warn(134)) - b366cd81-90f5-4f0e-8fa6-7e105a738d9d@group-5FF39CBF2ADF->c3336af5-ef91-4420-af01-c0c00dc6c530-AppendLogResponseHandler: Failed appendEntries: org.apache.ratis.thirdparty.io.grpc.StatusRuntimeException: UNAVAILABLE: io exception
2019-09-11 07:02:39,208 [grpc-default-executor-8] WARN  server.GrpcLogAppender (LogUtils.java:warn(134)) - b366cd81-90f5-4f0e-8fa6-7e105a738d9d@group-5FF39CBF2ADF->e76620e4-5df3-481a-bd8d-e91ef558e102-AppendLogResponseHandler: Failed appendEntries: org.apache.ratis.thirdparty.io.grpc.StatusRuntimeException: UNAVAILABLE: io exception
2019-09-11 07:02:39,209 [grpc-default-executor-0] INFO  impl.FollowerInfo (FollowerInfo.java:lambda$new$0(51)) - b366cd81-90f5-4f0e-8fa6-7e105a738d9d@group-5FF39CBF2ADF->c3336af5-ef91-4420-af01-c0c00dc6c530: nextIndex: updateUnconditionally 0 -> 0
2019-09-11 07:02:39,209 [grpc-default-executor-8] INFO  impl.FollowerInfo (FollowerInfo.java:lambda$new$0(51)) - b366cd81-90f5-4f0e-8fa6-7e105a738d9d@group-5FF39CBF2ADF->e76620e4-5df3-481a-bd8d-e91ef558e102: nextIndex: updateUnconditionally 0 -> 0
2019-09-11 07:02:39,309 [grpc-default-executor-3] WARN  server.GrpcLogAppender (LogUtils.java:warn(134)) - bbdbb4de-2219-47e5-a2b1-d5e525a98c19@group-D61D25716C8D->7cc5d2d7-39af-4b66-8513-17417d4c25e9-AppendLogResponseHandler: Failed appendEntries: org.apache.ratis.thirdparty.io.grpc.StatusRuntimeException: UNAVAILABLE: io exception
2019-09-11 07:02:39,309 [grpc-default-executor-3] INFO  impl.FollowerInfo (FollowerInfo.java:lambda$new$0(51)) - bbdbb4de-2219-47e5-a2b1-d5e525a98c19@group-D61D25716C8D->7cc5d2d7-39af-4b66-8513-17417d4c25e9: nextIndex: updateUnconditionally 23 -> 22
2019-09-11 07:02:39,549 [bbdbb4de-2219-47e5-a2b1-d5e525a98c19@group-D61D25716C8D-SegmentedRaftLogWorker] WARN  segmented.SegmentedRaftLogWorker (SegmentedRaftLogWorker.java:getFromFuture(90)) - Timeout 2/~
org.apache.ratis.protocol.TimeoutIOException: Timeout 10s: WriteLog:32: (t:1, i:32), STATEMACHINELOGENTRY, client-5E7B1F498381, cid=66-writeStateMachineData
	at org.apache.ratis.util.IOUtils.getFromFuture(IOUtils.java:87)
	at org.apache.ratis.server.raftlog.segmented.SegmentedRaftLogWorker$StateMachineDataPolicy.getFromFuture(SegmentedRaftLogWorker.java:87)
	at org.apache.ratis.server.raftlog.segmented.SegmentedRaftLogWorker$WriteLog.execute(SegmentedRaftLogWorker.java:477)
	at org.apache.ratis.server.raftlog.segmented.SegmentedRaftLogWorker.run(SegmentedRaftLogWorker.java:289)
	at java.lang.Thread.run(Thread.java:748)
Caused by: java.util.concurrent.TimeoutException
	at java.util.concurrent.CompletableFuture.timedGet(CompletableFuture.java:1771)
	at java.util.concurrent.CompletableFuture.get(CompletableFuture.java:1915)
	at org.apache.ratis.util.IOUtils.getFromFuture(IOUtils.java:79)
	... 4 more
2019-09-11 07:02:39,589 [grpc-default-executor-0] WARN  server.GrpcLogAppender (LogUtils.java:warn(134)) - 42626b9b-ed01-4037-9282-5fe073f296c6@group-7CDE87E80901->4523c126-f03b-4acb-be3e-4c406fe3aaad-AppendLogResponseHandler: Failed appendEntries: org.apache.ratis.thirdparty.io.grpc.StatusRuntimeException: UNAVAILABLE: io exception
2019-09-11 07:02:39,589 [grpc-default-executor-0] INFO  impl.FollowerInfo (FollowerInfo.java:lambda$new$0(51)) - 42626b9b-ed01-4037-9282-5fe073f296c6@group-7CDE87E80901->4523c126-f03b-4acb-be3e-4c406fe3aaad: nextIndex: updateUnconditionally 1 -> 0
2019-09-11 07:02:39,617 [grpc-default-executor-8] WARN  server.GrpcLogAppender (LogUtils.java:warn(134)) - bbdbb4de-2219-47e5-a2b1-d5e525a98c19@group-D61D25716C8D->0159beb9-e28f-41a3-bdd5-1125b6dbb65e-AppendLogResponseHandler: Failed appendEntries: org.apache.ratis.thirdparty.io.grpc.StatusRuntimeException: UNAVAILABLE: io exception
2019-09-11 07:02:39,618 [grpc-default-executor-8] INFO  impl.FollowerInfo (FollowerInfo.java:lambda$new$0(51)) - bbdbb4de-2219-47e5-a2b1-d5e525a98c19@group-D61D25716C8D->0159beb9-e28f-41a3-bdd5-1125b6dbb65e: nextIndex: updateUnconditionally 19 -> 18
2019-09-11 07:02:39,709 [grpc-default-executor-0] WARN  server.GrpcLogAppender (LogUtils.java:warn(134)) - b366cd81-90f5-4f0e-8fa6-7e105a738d9d@group-5FF39CBF2ADF->e76620e4-5df3-481a-bd8d-e91ef558e102-AppendLogResponseHandler: Failed appendEntries: org.apache.ratis.thirdparty.io.grpc.StatusRuntimeException: UNAVAILABLE: io exception
2019-09-11 07:02:39,709 [grpc-default-executor-1] WARN  server.GrpcLogAppender (LogUtils.java:warn(134)) - b366cd81-90f5-4f0e-8fa6-7e105a738d9d@group-5FF39CBF2ADF->c3336af5-ef91-4420-af01-c0c00dc6c530-AppendLogResponseHandler: Failed appendEntries: org.apache.ratis.thirdparty.io.grpc.StatusRuntimeException: UNAVAILABLE: io exception
2019-09-11 07:02:39,710 [grpc-default-executor-0] INFO  impl.FollowerInfo (FollowerInfo.java:lambda$new$0(51)) - b366cd81-90f5-4f0e-8fa6-7e105a738d9d@group-5FF39CBF2ADF->e76620e4-5df3-481a-bd8d-e91ef558e102: nextIndex: updateUnconditionally 0 -> 0
2019-09-11 07:02:39,710 [grpc-default-executor-1] INFO  impl.FollowerInfo (FollowerInfo.java:lambda$new$0(51)) - b366cd81-90f5-4f0e-8fa6-7e105a738d9d@group-5FF39CBF2ADF->c3336af5-ef91-4420-af01-c0c00dc6c530: nextIndex: updateUnconditionally 0 -> 0
2019-09-11 07:02:39,810 [grpc-default-executor-8] WARN  server.GrpcLogAppender (LogUtils.java:warn(134)) - bbdbb4de-2219-47e5-a2b1-d5e525a98c19@group-D61D25716C8D->7cc5d2d7-39af-4b66-8513-17417d4c25e9-AppendLogResponseHandler: Failed appendEntries: org.apache.ratis.thirdparty.io.grpc.StatusRuntimeException: UNAVAILABLE: io exception
2019-09-11 07:02:39,810 [grpc-default-executor-8] INFO  impl.FollowerInfo (FollowerInfo.java:lambda$new$0(51)) - bbdbb4de-2219-47e5-a2b1-d5e525a98c19@group-D61D25716C8D->7cc5d2d7-39af-4b66-8513-17417d4c25e9: nextIndex: updateUnconditionally 22 -> 21
2019-09-11 07:02:40,090 [grpc-default-executor-3] WARN  server.GrpcLogAppender (LogUtils.java:warn(134)) - 42626b9b-ed01-4037-9282-5fe073f296c6@group-7CDE87E80901->4523c126-f03b-4acb-be3e-4c406fe3aaad-AppendLogResponseHandler: Failed appendEntries: org.apache.ratis.thirdparty.io.grpc.StatusRuntimeException: UNAVAILABLE: io exception
2019-09-11 07:02:40,090 [grpc-default-executor-3] INFO  impl.FollowerInfo (FollowerInfo.java:lambda$new$0(51)) - 42626b9b-ed01-4037-9282-5fe073f296c6@group-7CDE87E80901->4523c126-f03b-4acb-be3e-4c406fe3aaad: nextIndex: updateUnconditionally 0 -> 0
2019-09-11 07:02:40,118 [grpc-default-executor-1] WARN  server.GrpcLogAppender (LogUtils.java:warn(134)) - bbdbb4de-2219-47e5-a2b1-d5e525a98c19@group-D61D25716C8D->0159beb9-e28f-41a3-bdd5-1125b6dbb65e-AppendLogResponseHandler: Failed appendEntries: org.apache.ratis.thirdparty.io.grpc.StatusRuntimeException: UNAVAILABLE: io exception
2019-09-11 07:02:40,118 [grpc-default-executor-1] INFO  impl.FollowerInfo (FollowerInfo.java:lambda$new$0(51)) - bbdbb4de-2219-47e5-a2b1-d5e525a98c19@group-D61D25716C8D->0159beb9-e28f-41a3-bdd5-1125b6dbb65e: nextIndex: updateUnconditionally 18 -> 17
2019-09-11 07:02:40,212 [grpc-default-executor-7] WARN  server.GrpcLogAppender (LogUtils.java:warn(134)) - b366cd81-90f5-4f0e-8fa6-7e105a738d9d@group-5FF39CBF2ADF->e76620e4-5df3-481a-bd8d-e91ef558e102-AppendLogResponseHandler: Failed appendEntries: org.apache.ratis.thirdparty.io.grpc.StatusRuntimeException: UNAVAILABLE: io exception
2019-09-11 07:02:40,212 [grpc-default-executor-3] WARN  server.GrpcLogAppender (LogUtils.java:warn(134)) - b366cd81-90f5-4f0e-8fa6-7e105a738d9d@group-5FF39CBF2ADF->c3336af5-ef91-4420-af01-c0c00dc6c530-AppendLogResponseHandler: Failed appendEntries: org.apache.ratis.thirdparty.io.grpc.StatusRuntimeException: UNAVAILABLE: io exception
2019-09-11 07:02:40,212 [grpc-default-executor-7] INFO  impl.FollowerInfo (FollowerInfo.java:lambda$new$0(51)) - b366cd81-90f5-4f0e-8fa6-7e105a738d9d@group-5FF39CBF2ADF->e76620e4-5df3-481a-bd8d-e91ef558e102: nextIndex: updateUnconditionally 0 -> 0
2019-09-11 07:02:40,212 [grpc-default-executor-3] INFO  impl.FollowerInfo (FollowerInfo.java:lambda$new$0(51)) - b366cd81-90f5-4f0e-8fa6-7e105a738d9d@group-5FF39CBF2ADF->c3336af5-ef91-4420-af01-c0c00dc6c530: nextIndex: updateUnconditionally 0 -> 0
2019-09-11 07:02:40,310 [grpc-default-executor-8] WARN  server.GrpcLogAppender (LogUtils.java:warn(134)) - bbdbb4de-2219-47e5-a2b1-d5e525a98c19@group-D61D25716C8D->7cc5d2d7-39af-4b66-8513-17417d4c25e9-AppendLogResponseHandler: Failed appendEntries: org.apache.ratis.thirdparty.io.grpc.StatusRuntimeException: UNAVAILABLE: io exception
2019-09-11 07:02:40,311 [grpc-default-executor-8] INFO  impl.FollowerInfo (FollowerInfo.java:lambda$new$0(51)) - bbdbb4de-2219-47e5-a2b1-d5e525a98c19@group-D61D25716C8D->7cc5d2d7-39af-4b66-8513-17417d4c25e9: nextIndex: updateUnconditionally 21 -> 20
2019-09-11 07:02:40,598 [grpc-default-executor-7] WARN  server.GrpcLogAppender (LogUtils.java:warn(134)) - 42626b9b-ed01-4037-9282-5fe073f296c6@group-7CDE87E80901->4523c126-f03b-4acb-be3e-4c406fe3aaad-AppendLogResponseHandler: Failed appendEntries: org.apache.ratis.thirdparty.io.grpc.StatusRuntimeException: UNAVAILABLE: io exception
2019-09-11 07:02:40,599 [grpc-default-executor-7] INFO  impl.FollowerInfo (FollowerInfo.java:lambda$new$0(51)) - 42626b9b-ed01-4037-9282-5fe073f296c6@group-7CDE87E80901->4523c126-f03b-4acb-be3e-4c406fe3aaad: nextIndex: updateUnconditionally 0 -> 0
2019-09-11 07:02:40,619 [grpc-default-executor-3] WARN  server.GrpcLogAppender (LogUtils.java:warn(134)) - bbdbb4de-2219-47e5-a2b1-d5e525a98c19@group-D61D25716C8D->0159beb9-e28f-41a3-bdd5-1125b6dbb65e-AppendLogResponseHandler: Failed appendEntries: org.apache.ratis.thirdparty.io.grpc.StatusRuntimeException: UNAVAILABLE: io exception
2019-09-11 07:02:40,619 [grpc-default-executor-3] INFO  impl.FollowerInfo (FollowerInfo.java:lambda$new$0(51)) - bbdbb4de-2219-47e5-a2b1-d5e525a98c19@group-D61D25716C8D->0159beb9-e28f-41a3-bdd5-1125b6dbb65e: nextIndex: updateUnconditionally 17 -> 16
2019-09-11 07:02:40,712 [grpc-default-executor-8] WARN  server.GrpcLogAppender (LogUtils.java:warn(134)) - b366cd81-90f5-4f0e-8fa6-7e105a738d9d@group-5FF39CBF2ADF->e76620e4-5df3-481a-bd8d-e91ef558e102-AppendLogResponseHandler: Failed appendEntries: org.apache.ratis.thirdparty.io.grpc.StatusRuntimeException: UNAVAILABLE: io exception
2019-09-11 07:02:40,712 [grpc-default-executor-1] WARN  server.GrpcLogAppender (LogUtils.java:warn(134)) - b366cd81-90f5-4f0e-8fa6-7e105a738d9d@group-5FF39CBF2ADF->c3336af5-ef91-4420-af01-c0c00dc6c530-AppendLogResponseHandler: Failed appendEntries: org.apache.ratis.thirdparty.io.grpc.StatusRuntimeException: UNAVAILABLE: io exception
2019-09-11 07:02:40,712 [grpc-default-executor-8] INFO  impl.FollowerInfo (FollowerInfo.java:lambda$new$0(51)) - b366cd81-90f5-4f0e-8fa6-7e105a738d9d@group-5FF39CBF2ADF->e76620e4-5df3-481a-bd8d-e91ef558e102: nextIndex: updateUnconditionally 0 -> 0
2019-09-11 07:02:40,712 [grpc-default-executor-1] INFO  impl.FollowerInfo (FollowerInfo.java:lambda$new$0(51)) - b366cd81-90f5-4f0e-8fa6-7e105a738d9d@group-5FF39CBF2ADF->c3336af5-ef91-4420-af01-c0c00dc6c530: nextIndex: updateUnconditionally 0 -> 0
2019-09-11 07:02:40,811 [grpc-default-executor-1] WARN  server.GrpcLogAppender (LogUtils.java:warn(134)) - bbdbb4de-2219-47e5-a2b1-d5e525a98c19@group-D61D25716C8D->7cc5d2d7-39af-4b66-8513-17417d4c25e9-AppendLogResponseHandler: Failed appendEntries: org.apache.ratis.thirdparty.io.grpc.StatusRuntimeException: UNAVAILABLE: io exception
2019-09-11 07:02:40,811 [grpc-default-executor-1] INFO  impl.FollowerInfo (FollowerInfo.java:lambda$new$0(51)) - bbdbb4de-2219-47e5-a2b1-d5e525a98c19@group-D61D25716C8D->7cc5d2d7-39af-4b66-8513-17417d4c25e9: nextIndex: updateUnconditionally 20 -> 19
2019-09-11 07:02:41,096 [grpc-default-executor-3] WARN  server.GrpcLogAppender (LogUtils.java:warn(134)) - 42626b9b-ed01-4037-9282-5fe073f296c6@group-7CDE87E80901->4523c126-f03b-4acb-be3e-4c406fe3aaad-AppendLogResponseHandler: Failed appendEntries: org.apache.ratis.thirdparty.io.grpc.StatusRuntimeException: UNAVAILABLE: io exception
2019-09-11 07:02:41,097 [grpc-default-executor-3] INFO  impl.FollowerInfo (FollowerInfo.java:lambda$new$0(51)) - 42626b9b-ed01-4037-9282-5fe073f296c6@group-7CDE87E80901->4523c126-f03b-4acb-be3e-4c406fe3aaad: nextIndex: updateUnconditionally 0 -> 0
2019-09-11 07:02:41,119 [grpc-default-executor-3] WARN  server.GrpcLogAppender (LogUtils.java:warn(134)) - bbdbb4de-2219-47e5-a2b1-d5e525a98c19@group-D61D25716C8D->0159beb9-e28f-41a3-bdd5-1125b6dbb65e-AppendLogResponseHandler: Failed appendEntries: org.apache.ratis.thirdparty.io.grpc.StatusRuntimeException: UNAVAILABLE: io exception
2019-09-11 07:02:41,119 [grpc-default-executor-3] INFO  impl.FollowerInfo (FollowerInfo.java:lambda$new$0(51)) - bbdbb4de-2219-47e5-a2b1-d5e525a98c19@group-D61D25716C8D->0159beb9-e28f-41a3-bdd5-1125b6dbb65e: nextIndex: updateUnconditionally 16 -> 15
2019-09-11 07:02:41,167 [b366cd81-90f5-4f0e-8fa6-7e105a738d9d@group-5FF39CBF2ADF-SegmentedRaftLogWorker] WARN  segmented.SegmentedRaftLogWorker (SegmentedRaftLogWorker.java:getFromFuture(90)) - Timeout 7/~
org.apache.ratis.protocol.TimeoutIOException: Timeout 10s: WriteLog:19: (t:2, i:19), STATEMACHINELOGENTRY, client-FA9E6D659E8E, cid=41-writeStateMachineData
	at org.apache.ratis.util.IOUtils.getFromFuture(IOUtils.java:87)
	at org.apache.ratis.server.raftlog.segmented.SegmentedRaftLogWorker$StateMachineDataPolicy.getFromFuture(SegmentedRaftLogWorker.java:87)
	at org.apache.ratis.server.raftlog.segmented.SegmentedRaftLogWorker$WriteLog.execute(SegmentedRaftLogWorker.java:477)
	at org.apache.ratis.server.raftlog.segmented.SegmentedRaftLogWorker.run(SegmentedRaftLogWorker.java:289)
	at java.lang.Thread.run(Thread.java:748)
Caused by: java.util.concurrent.TimeoutException
	at java.util.concurrent.CompletableFuture.timedGet(CompletableFuture.java:1771)
	at java.util.concurrent.CompletableFuture.get(CompletableFuture.java:1915)
	at org.apache.ratis.util.IOUtils.getFromFuture(IOUtils.java:79)
	... 4 more
2019-09-11 07:02:41,213 [grpc-default-executor-3] WARN  server.GrpcLogAppender (LogUtils.java:warn(134)) - b366cd81-90f5-4f0e-8fa6-7e105a738d9d@group-5FF39CBF2ADF->e76620e4-5df3-481a-bd8d-e91ef558e102-AppendLogResponseHandler: Failed appendEntries: org.apache.ratis.thirdparty.io.grpc.StatusRuntimeException: UNAVAILABLE: io exception
2019-09-11 07:02:41,213 [grpc-default-executor-0] WARN  server.GrpcLogAppender (LogUtils.java:warn(134)) - b366cd81-90f5-4f0e-8fa6-7e105a738d9d@group-5FF39CBF2ADF->c3336af5-ef91-4420-af01-c0c00dc6c530-AppendLogResponseHandler: Failed appendEntries: org.apache.ratis.thirdparty.io.grpc.StatusRuntimeException: UNAVAILABLE: io exception
2019-09-11 07:02:41,213 [grpc-default-executor-3] INFO  impl.FollowerInfo (FollowerInfo.java:lambda$new$0(51)) - b366cd81-90f5-4f0e-8fa6-7e105a738d9d@group-5FF39CBF2ADF->e76620e4-5df3-481a-bd8d-e91ef558e102: nextIndex: updateUnconditionally 0 -> 0
2019-09-11 07:02:41,213 [grpc-default-executor-0] INFO  impl.FollowerInfo (FollowerInfo.java:lambda$new$0(51)) - b366cd81-90f5-4f0e-8fa6-7e105a738d9d@group-5FF39CBF2ADF->c3336af5-ef91-4420-af01-c0c00dc6c530: nextIndex: updateUnconditionally 0 -> 0
2019-09-11 07:02:41,311 [grpc-default-executor-1] WARN  server.GrpcLogAppender (LogUtils.java:warn(134)) - bbdbb4de-2219-47e5-a2b1-d5e525a98c19@group-D61D25716C8D->7cc5d2d7-39af-4b66-8513-17417d4c25e9-AppendLogResponseHandler: Failed appendEntries: org.apache.ratis.thirdparty.io.grpc.StatusRuntimeException: UNAVAILABLE: io exception
2019-09-11 07:02:41,312 [grpc-default-executor-1] INFO  impl.FollowerInfo (FollowerInfo.java:lambda$new$0(51)) - bbdbb4de-2219-47e5-a2b1-d5e525a98c19@group-D61D25716C8D->7cc5d2d7-39af-4b66-8513-17417d4c25e9: nextIndex: updateUnconditionally 19 -> 18
2019-09-11 07:02:41,599 [grpc-default-executor-1] WARN  server.GrpcLogAppender (LogUtils.java:warn(134)) - 42626b9b-ed01-4037-9282-5fe073f296c6@group-7CDE87E80901->4523c126-f03b-4acb-be3e-4c406fe3aaad-AppendLogResponseHandler: Failed appendEntries: org.apache.ratis.thirdparty.io.grpc.StatusRuntimeException: UNAVAILABLE: io exception
2019-09-11 07:02:41,600 [grpc-default-executor-1] INFO  impl.FollowerInfo (FollowerInfo.java:lambda$new$0(51)) - 42626b9b-ed01-4037-9282-5fe073f296c6@group-7CDE87E80901->4523c126-f03b-4acb-be3e-4c406fe3aaad: nextIndex: updateUnconditionally 0 -> 0
2019-09-11 07:02:41,620 [grpc-default-executor-0] WARN  server.GrpcLogAppender (LogUtils.java:warn(134)) - bbdbb4de-2219-47e5-a2b1-d5e525a98c19@group-D61D25716C8D->0159beb9-e28f-41a3-bdd5-1125b6dbb65e-AppendLogResponseHandler: Failed appendEntries: org.apache.ratis.thirdparty.io.grpc.StatusRuntimeException: UNAVAILABLE: io exception
2019-09-11 07:02:41,620 [grpc-default-executor-0] INFO  impl.FollowerInfo (FollowerInfo.java:lambda$new$0(51)) - bbdbb4de-2219-47e5-a2b1-d5e525a98c19@group-D61D25716C8D->0159beb9-e28f-41a3-bdd5-1125b6dbb65e: nextIndex: updateUnconditionally 15 -> 14
2019-09-11 07:02:41,715 [grpc-default-executor-0] WARN  server.GrpcLogAppender (LogUtils.java:warn(134)) - b366cd81-90f5-4f0e-8fa6-7e105a738d9d@group-5FF39CBF2ADF->e76620e4-5df3-481a-bd8d-e91ef558e102-AppendLogResponseHandler: Failed appendEntries: org.apache.ratis.thirdparty.io.grpc.StatusRuntimeException: UNAVAILABLE: io exception
2019-09-11 07:02:41,715 [grpc-default-executor-1] WARN  server.GrpcLogAppender (LogUtils.java:warn(134)) - b366cd81-90f5-4f0e-8fa6-7e105a738d9d@group-5FF39CBF2ADF->c3336af5-ef91-4420-af01-c0c00dc6c530-AppendLogResponseHandler: Failed appendEntries: org.apache.ratis.thirdparty.io.grpc.StatusRuntimeException: UNAVAILABLE: io exception
2019-09-11 07:02:41,715 [grpc-default-executor-0] INFO  impl.FollowerInfo (FollowerInfo.java:lambda$new$0(51)) - b366cd81-90f5-4f0e-8fa6-7e105a738d9d@group-5FF39CBF2ADF->e76620e4-5df3-481a-bd8d-e91ef558e102: nextIndex: updateUnconditionally 0 -> 0
2019-09-11 07:02:41,715 [grpc-default-executor-1] INFO  impl.FollowerInfo (FollowerInfo.java:lambda$new$0(51)) - b366cd81-90f5-4f0e-8fa6-7e105a738d9d@group-5FF39CBF2ADF->c3336af5-ef91-4420-af01-c0c00dc6c530: nextIndex: updateUnconditionally 0 -> 0
2019-09-11 07:02:41,813 [grpc-default-executor-3] WARN  server.GrpcLogAppender (LogUtils.java:warn(134)) - bbdbb4de-2219-47e5-a2b1-d5e525a98c19@group-D61D25716C8D->7cc5d2d7-39af-4b66-8513-17417d4c25e9-AppendLogResponseHandler: Failed appendEntries: org.apache.ratis.thirdparty.io.grpc.StatusRuntimeException: UNAVAILABLE: io exception
2019-09-11 07:02:41,813 [grpc-default-executor-3] INFO  impl.FollowerInfo (FollowerInfo.java:lambda$new$0(51)) - bbdbb4de-2219-47e5-a2b1-d5e525a98c19@group-D61D25716C8D->7cc5d2d7-39af-4b66-8513-17417d4c25e9: nextIndex: updateUnconditionally 18 -> 17
2019-09-11 07:02:42,091 [java.util.concurrent.ThreadPoolExecutor$Worker@18835e73[State = -1, empty queue]] WARN  server.GrpcLogAppender (GrpcLogAppender.java:timeoutAppendRequest(200)) - 42626b9b-ed01-4037-9282-5fe073f296c6@group-7CDE87E80901->4a2aa8aa-5edc-4f5e-99ad-9332c6d3f836-GrpcLogAppender: appendEntries Timeout, request=42626b9b-ed01-4037-9282-5fe073f296c6->4a2aa8aa-5edc-4f5e-99ad-9332c6d3f836#1-t3, previous=(t:2, i:18), leaderCommit=14, initializing? false, entries: size=1, first=(t:3, i:19), CONFIGURATIONENTRY
2019-09-11 07:02:42,099 [grpc-default-executor-0] WARN  server.GrpcLogAppender (LogUtils.java:warn(134)) - 42626b9b-ed01-4037-9282-5fe073f296c6@group-7CDE87E80901->4523c126-f03b-4acb-be3e-4c406fe3aaad-AppendLogResponseHandler: Failed appendEntries: org.apache.ratis.thirdparty.io.grpc.StatusRuntimeException: UNAVAILABLE: io exception
2019-09-11 07:02:42,099 [grpc-default-executor-0] INFO  impl.FollowerInfo (FollowerInfo.java:lambda$new$0(51)) - 42626b9b-ed01-4037-9282-5fe073f296c6@group-7CDE87E80901->4523c126-f03b-4acb-be3e-4c406fe3aaad: nextIndex: updateUnconditionally 0 -> 0
2019-09-11 07:02:42,120 [grpc-default-executor-1] WARN  server.GrpcLogAppender (LogUtils.java:warn(134)) - bbdbb4de-2219-47e5-a2b1-d5e525a98c19@group-D61D25716C8D->0159beb9-e28f-41a3-bdd5-1125b6dbb65e-AppendLogResponseHandler: Failed appendEntries: org.apache.ratis.thirdparty.io.grpc.StatusRuntimeException: UNAVAILABLE: io exception
2019-09-11 07:02:42,122 [grpc-default-executor-1] INFO  impl.FollowerInfo (FollowerInfo.java:lambda$new$0(51)) - bbdbb4de-2219-47e5-a2b1-d5e525a98c19@group-D61D25716C8D->0159beb9-e28f-41a3-bdd5-1125b6dbb65e: nextIndex: updateUnconditionally 14 -> 13
2019-09-11 07:02:42,214 [grpc-default-executor-7] WARN  server.GrpcLogAppender (LogUtils.java:warn(134)) - b366cd81-90f5-4f0e-8fa6-7e105a738d9d@group-5FF39CBF2ADF->c3336af5-ef91-4420-af01-c0c00dc6c530-AppendLogResponseHandler: Failed appendEntries: org.apache.ratis.thirdparty.io.grpc.StatusRuntimeException: UNAVAILABLE: io exception
2019-09-11 07:02:42,214 [grpc-default-executor-0] WARN  server.GrpcLogAppender (LogUtils.java:warn(134)) - b366cd81-90f5-4f0e-8fa6-7e105a738d9d@group-5FF39CBF2ADF->e76620e4-5df3-481a-bd8d-e91ef558e102-AppendLogResponseHandler: Failed appendEntries: org.apache.ratis.thirdparty.io.grpc.StatusRuntimeException: UNAVAILABLE: io exception
2019-09-11 07:02:42,214 [grpc-default-executor-7] INFO  impl.FollowerInfo (FollowerInfo.java:lambda$new$0(51)) - b366cd81-90f5-4f0e-8fa6-7e105a738d9d@group-5FF39CBF2ADF->c3336af5-ef91-4420-af01-c0c00dc6c530: nextIndex: updateUnconditionally 0 -> 0
2019-09-11 07:02:42,215 [grpc-default-executor-0] INFO  impl.FollowerInfo (FollowerInfo.java:lambda$new$0(51)) - b366cd81-90f5-4f0e-8fa6-7e105a738d9d@group-5FF39CBF2ADF->e76620e4-5df3-481a-bd8d-e91ef558e102: nextIndex: updateUnconditionally 0 -> 0
2019-09-11 07:02:42,313 [grpc-default-executor-8] WARN  server.GrpcLogAppender (LogUtils.java:warn(134)) - bbdbb4de-2219-47e5-a2b1-d5e525a98c19@group-D61D25716C8D->7cc5d2d7-39af-4b66-8513-17417d4c25e9-AppendLogResponseHandler: Failed appendEntries: org.apache.ratis.thirdparty.io.grpc.StatusRuntimeException: UNAVAILABLE: io exception
2019-09-11 07:02:42,313 [grpc-default-executor-8] INFO  impl.FollowerInfo (FollowerInfo.java:lambda$new$0(51)) - bbdbb4de-2219-47e5-a2b1-d5e525a98c19@group-D61D25716C8D->7cc5d2d7-39af-4b66-8513-17417d4c25e9: nextIndex: updateUnconditionally 17 -> 16
2019-09-11 07:02:42,589 [java.util.concurrent.ThreadPoolExecutor$Worker@18835e73[State = -1, empty queue]] WARN  server.GrpcLogAppender (GrpcLogAppender.java:timeoutAppendRequest(200)) - 42626b9b-ed01-4037-9282-5fe073f296c6@group-7CDE87E80901->4a2aa8aa-5edc-4f5e-99ad-9332c6d3f836-GrpcLogAppender: appendEntries Timeout, request=42626b9b-ed01-4037-9282-5fe073f296c6->4a2aa8aa-5edc-4f5e-99ad-9332c6d3f836#2-t3, previous=(t:3, i:19), leaderCommit=14, initializing? false, entries: <empty>
2019-09-11 07:02:42,599 [grpc-default-executor-7] WARN  server.GrpcLogAppender (LogUtils.java:warn(134)) - 42626b9b-ed01-4037-9282-5fe073f296c6@group-7CDE87E80901->4523c126-f03b-4acb-be3e-4c406fe3aaad-AppendLogResponseHandler: Failed appendEntries: org.apache.ratis.thirdparty.io.grpc.StatusRuntimeException: UNAVAILABLE: io exception
2019-09-11 07:02:42,600 [grpc-default-executor-7] INFO  impl.FollowerInfo (FollowerInfo.java:lambda$new$0(51)) - 42626b9b-ed01-4037-9282-5fe073f296c6@group-7CDE87E80901->4523c126-f03b-4acb-be3e-4c406fe3aaad: nextIndex: updateUnconditionally 0 -> 0
2019-09-11 07:02:42,621 [grpc-default-executor-0] WARN  server.GrpcLogAppender (LogUtils.java:warn(134)) - bbdbb4de-2219-47e5-a2b1-d5e525a98c19@group-D61D25716C8D->0159beb9-e28f-41a3-bdd5-1125b6dbb65e-AppendLogResponseHandler: Failed appendEntries: org.apache.ratis.thirdparty.io.grpc.StatusRuntimeException: UNAVAILABLE: io exception
2019-09-11 07:02:42,621 [grpc-default-executor-0] INFO  impl.FollowerInfo (FollowerInfo.java:lambda$new$0(51)) - bbdbb4de-2219-47e5-a2b1-d5e525a98c19@group-D61D25716C8D->0159beb9-e28f-41a3-bdd5-1125b6dbb65e: nextIndex: updateUnconditionally 13 -> 12
2019-09-11 07:02:42,715 [grpc-default-executor-7] WARN  server.GrpcLogAppender (LogUtils.java:warn(134)) - b366cd81-90f5-4f0e-8fa6-7e105a738d9d@group-5FF39CBF2ADF->c3336af5-ef91-4420-af01-c0c00dc6c530-AppendLogResponseHandler: Failed appendEntries: org.apache.ratis.thirdparty.io.grpc.StatusRuntimeException: UNAVAILABLE: io exception
2019-09-11 07:02:42,715 [grpc-default-executor-3] WARN  server.GrpcLogAppender (LogUtils.java:warn(134)) - b366cd81-90f5-4f0e-8fa6-7e105a738d9d@group-5FF39CBF2ADF->e76620e4-5df3-481a-bd8d-e91ef558e102-AppendLogResponseHandler: Failed appendEntries: org.apache.ratis.thirdparty.io.grpc.StatusRuntimeException: UNAVAILABLE: io exception
2019-09-11 07:02:42,715 [grpc-default-executor-7] INFO  impl.FollowerInfo (FollowerInfo.java:lambda$new$0(51)) - b366cd81-90f5-4f0e-8fa6-7e105a738d9d@group-5FF39CBF2ADF->c3336af5-ef91-4420-af01-c0c00dc6c530: nextIndex: updateUnconditionally 0 -> 0
2019-09-11 07:02:42,716 [grpc-default-executor-3] INFO  impl.FollowerInfo (FollowerInfo.java:lambda$new$0(51)) - b366cd81-90f5-4f0e-8fa6-7e105a738d9d@group-5FF39CBF2ADF->e76620e4-5df3-481a-bd8d-e91ef558e102: nextIndex: updateUnconditionally 0 -> 0
2019-09-11 07:02:42,814 [grpc-default-executor-0] WARN  server.GrpcLogAppender (LogUtils.java:warn(134)) - bbdbb4de-2219-47e5-a2b1-d5e525a98c19@group-D61D25716C8D->7cc5d2d7-39af-4b66-8513-17417d4c25e9-AppendLogResponseHandler: Failed appendEntries: org.apache.ratis.thirdparty.io.grpc.StatusRuntimeException: UNAVAILABLE: io exception
2019-09-11 07:02:42,814 [grpc-default-executor-0] INFO  impl.FollowerInfo (FollowerInfo.java:lambda$new$0(51)) - bbdbb4de-2219-47e5-a2b1-d5e525a98c19@group-D61D25716C8D->7cc5d2d7-39af-4b66-8513-17417d4c25e9: nextIndex: updateUnconditionally 16 -> 15
2019-09-11 07:02:43,049 [main] INFO  ozoneimpl.OzoneContainer (OzoneContainer.java:stop(231)) - Attempting to stop container services.
2019-09-11 07:02:43,050 [main] INFO  impl.RaftServerProxy (RaftServerProxy.java:lambda$close$4(314)) - 4a2aa8aa-5edc-4f5e-99ad-9332c6d3f836: close
2019-09-11 07:02:43,050 [main] INFO  impl.RaftServerImpl (RaftServerImpl.java:lambda$shutdown$3(251)) - 4a2aa8aa-5edc-4f5e-99ad-9332c6d3f836@group-7CDE87E80901: shutdown
2019-09-11 07:02:43,050 [main] INFO  util.JmxRegister (JmxRegister.java:unregister(73)) - Successfully un-registered JMX Bean with object name Ratis:service=RaftServer,group=group-7CDE87E80901,id=4a2aa8aa-5edc-4f5e-99ad-9332c6d3f836
2019-09-11 07:02:43,051 [main] INFO  impl.RoleInfo (RoleInfo.java:shutdownFollowerState(121)) - 4a2aa8aa-5edc-4f5e-99ad-9332c6d3f836: shutdown FollowerState
2019-09-11 07:02:43,051 [main] INFO  impl.StateMachineUpdater (StateMachineUpdater.java:stopAndJoin(125)) - 4a2aa8aa-5edc-4f5e-99ad-9332c6d3f836@group-7CDE87E80901-StateMachineUpdater: set stopIndex = 14
2019-09-11 07:02:43,051 [4a2aa8aa-5edc-4f5e-99ad-9332c6d3f836@group-7CDE87E80901-StateMachineUpdater] INFO  ratis.ContainerStateMachine (ContainerStateMachine.java:takeSnapshot(289)) - group-7CDE87E80901: Taking a snapshot at:(t:2, i:12) file /workdir/hadoop-ozone/integration-test/target/test-dir/MiniOzoneClusterImpl-17eb7e61-4fa5-444d-af72-e415168ae45d/datanode-9/data/ratis/13214434-aab0-4670-8830-7cde87e80901/sm/snapshot.2_12
2019-09-11 07:02:43,051 [Thread-1436] INFO  impl.FollowerState (FollowerState.java:run(115)) - 4a2aa8aa-5edc-4f5e-99ad-9332c6d3f836: FollowerState was interrupted: java.lang.InterruptedException: sleep interrupted
2019-09-11 07:02:43,067 [4a2aa8aa-5edc-4f5e-99ad-9332c6d3f836@group-7CDE87E80901-StateMachineUpdater] INFO  ratis.ContainerStateMachine (ContainerStateMachine.java:takeSnapshot(300)) - group-7CDE87E80901: Finished taking a snapshot at:(t:2, i:12) file:/workdir/hadoop-ozone/integration-test/target/test-dir/MiniOzoneClusterImpl-17eb7e61-4fa5-444d-af72-e415168ae45d/datanode-9/data/ratis/13214434-aab0-4670-8830-7cde87e80901/sm/snapshot.2_12 time:16
2019-09-11 07:02:43,068 [4a2aa8aa-5edc-4f5e-99ad-9332c6d3f836@group-7CDE87E80901-StateMachineUpdater] INFO  impl.StateMachineUpdater (StateMachineUpdater.java:takeSnapshot(258)) - 4a2aa8aa-5edc-4f5e-99ad-9332c6d3f836@group-7CDE87E80901-StateMachineUpdater: Took a snapshot at index 12
2019-09-11 07:02:43,068 [4a2aa8aa-5edc-4f5e-99ad-9332c6d3f836@group-7CDE87E80901-StateMachineUpdater] INFO  impl.StateMachineUpdater (StateMachineUpdater.java:lambda$new$0(83)) - 4a2aa8aa-5edc-4f5e-99ad-9332c6d3f836@group-7CDE87E80901-StateMachineUpdater: snapshotIndex: updateIncreasingly -1 -> 12
2019-09-11 07:02:43,068 [4a2aa8aa-5edc-4f5e-99ad-9332c6d3f836@group-7CDE87E80901-StateMachineUpdater] INFO  ratis.ContainerStateMachine (ContainerStateMachine.java:takeSnapshot(289)) - group-7CDE87E80901: Taking a snapshot at:(t:2, i:12) file /workdir/hadoop-ozone/integration-test/target/test-dir/MiniOzoneClusterImpl-17eb7e61-4fa5-444d-af72-e415168ae45d/datanode-9/data/ratis/13214434-aab0-4670-8830-7cde87e80901/sm/snapshot.2_12
2019-09-11 07:02:43,080 [4a2aa8aa-5edc-4f5e-99ad-9332c6d3f836@group-7CDE87E80901-StateMachineUpdater] INFO  ratis.ContainerStateMachine (ContainerStateMachine.java:takeSnapshot(300)) - group-7CDE87E80901: Finished taking a snapshot at:(t:2, i:12) file:/workdir/hadoop-ozone/integration-test/target/test-dir/MiniOzoneClusterImpl-17eb7e61-4fa5-444d-af72-e415168ae45d/datanode-9/data/ratis/13214434-aab0-4670-8830-7cde87e80901/sm/snapshot.2_12 time:12
2019-09-11 07:02:43,080 [4a2aa8aa-5edc-4f5e-99ad-9332c6d3f836@group-7CDE87E80901-StateMachineUpdater] INFO  impl.StateMachineUpdater (StateMachineUpdater.java:takeSnapshot(258)) - 4a2aa8aa-5edc-4f5e-99ad-9332c6d3f836@group-7CDE87E80901-StateMachineUpdater: Took a snapshot at index 12
2019-09-11 07:02:43,081 [4a2aa8aa-5edc-4f5e-99ad-9332c6d3f836@group-7CDE87E80901-StateMachineUpdater] INFO  impl.StateMachineUpdater (StateMachineUpdater.java:lambda$new$0(83)) - 4a2aa8aa-5edc-4f5e-99ad-9332c6d3f836@group-7CDE87E80901-StateMachineUpdater: snapshotIndex: updateIncreasingly 12 -> 12
2019-09-11 07:02:43,081 [main] INFO  impl.RaftServerImpl (ServerState.java:close(385)) - 4a2aa8aa-5edc-4f5e-99ad-9332c6d3f836@group-7CDE87E80901: closes. applyIndex: 14
2019-09-11 07:02:43,084 [4a2aa8aa-5edc-4f5e-99ad-9332c6d3f836@group-7CDE87E80901-SegmentedRaftLogWorker] ERROR ratis.XceiverServerRatis (XceiverServerRatis.java:triggerPipelineClose(575)) - pipeline Action CLOSE  on pipeline PipelineID=13214434-aab0-4670-8830-7cde87e80901.Reason : WriteLog:15: (t:2, i:15), STATEMACHINELOGENTRY, client-F0C20677607E, cid=53-writeStateMachineData interrupted.
2019-09-11 07:02:43,084 [main] INFO  segmented.SegmentedRaftLogWorker (SegmentedRaftLogWorker.java:close(228)) - 4a2aa8aa-5edc-4f5e-99ad-9332c6d3f836@group-7CDE87E80901-SegmentedRaftLogWorker close()
2019-09-11 07:02:43,086 [main] INFO  impl.RaftServerImpl (RaftServerImpl.java:lambda$shutdown$3(251)) - 4a2aa8aa-5edc-4f5e-99ad-9332c6d3f836@group-DD5B935E9414: shutdown
2019-09-11 07:02:43,086 [main] INFO  util.JmxRegister (JmxRegister.java:unregister(73)) - Successfully un-registered JMX Bean with object name Ratis:service=RaftServer,group=group-DD5B935E9414,id=4a2aa8aa-5edc-4f5e-99ad-9332c6d3f836
2019-09-11 07:02:43,086 [main] INFO  impl.RoleInfo (RoleInfo.java:shutdownLeaderState(104)) - 4a2aa8aa-5edc-4f5e-99ad-9332c6d3f836: shutdown LeaderState
2019-09-11 07:02:43,087 [main] INFO  impl.PendingRequests (PendingRequests.java:sendNotLeaderResponses(202)) - 4a2aa8aa-5edc-4f5e-99ad-9332c6d3f836-PendingRequests: sendNotLeaderResponses
2019-09-11 07:02:43,087 [main] INFO  impl.StateMachineUpdater (StateMachineUpdater.java:stopAndJoin(125)) - 4a2aa8aa-5edc-4f5e-99ad-9332c6d3f836@group-DD5B935E9414-StateMachineUpdater: set stopIndex = 0
2019-09-11 07:02:43,088 [main] INFO  impl.RaftServerImpl (ServerState.java:close(385)) - 4a2aa8aa-5edc-4f5e-99ad-9332c6d3f836@group-DD5B935E9414: closes. applyIndex: 0
2019-09-11 07:02:43,088 [4a2aa8aa-5edc-4f5e-99ad-9332c6d3f836@group-DD5B935E9414-SegmentedRaftLogWorker] INFO  segmented.SegmentedRaftLogWorker (SegmentedRaftLogWorker.java:run(313)) - 4a2aa8aa-5edc-4f5e-99ad-9332c6d3f836@group-DD5B935E9414-SegmentedRaftLogWorker was interrupted, exiting. There are 0 tasks remaining in the queue.
2019-09-11 07:02:43,089 [main] INFO  segmented.SegmentedRaftLogWorker (SegmentedRaftLogWorker.java:close(228)) - 4a2aa8aa-5edc-4f5e-99ad-9332c6d3f836@group-DD5B935E9414-SegmentedRaftLogWorker close()
2019-09-11 07:02:43,090 [java.util.concurrent.ThreadPoolExecutor$Worker@18835e73[State = -1, empty queue]] WARN  server.GrpcLogAppender (GrpcLogAppender.java:timeoutAppendRequest(200)) - 42626b9b-ed01-4037-9282-5fe073f296c6@group-7CDE87E80901->4a2aa8aa-5edc-4f5e-99ad-9332c6d3f836-GrpcLogAppender: appendEntries Timeout, request=42626b9b-ed01-4037-9282-5fe073f296c6->4a2aa8aa-5edc-4f5e-99ad-9332c6d3f836#3-t3, previous=(t:3, i:19), leaderCommit=14, initializing? false, entries: <empty>
2019-09-11 07:02:43,090 [main] INFO  server.GrpcService (GrpcService.java:closeImpl(164)) - 4a2aa8aa-5edc-4f5e-99ad-9332c6d3f836: shutdown server with port 42220 now
2019-09-11 07:02:43,091 [grpc-default-executor-7] WARN  server.GrpcServerProtocolService (LogUtils.java:warn(134)) - 4a2aa8aa-5edc-4f5e-99ad-9332c6d3f836: installSnapshot onError, lastRequest: 42626b9b-ed01-4037-9282-5fe073f296c6->4a2aa8aa-5edc-4f5e-99ad-9332c6d3f836#8-t3, previous=(t:3, i:19), leaderCommit=14, initializing? false, entries: <empty>: org.apache.ratis.thirdparty.io.grpc.StatusRuntimeException: CANCELLED: cancelled before receiving half close
2019-09-11 07:02:43,091 [main] INFO  server.GrpcService (GrpcService.java:closeImpl(172)) - 4a2aa8aa-5edc-4f5e-99ad-9332c6d3f836: shutdown server with port 42220 successfully
2019-09-11 07:02:43,092 [grpc-default-executor-3] WARN  server.GrpcLogAppender (LogUtils.java:warn(134)) - 42626b9b-ed01-4037-9282-5fe073f296c6@group-7CDE87E80901->4a2aa8aa-5edc-4f5e-99ad-9332c6d3f836-AppendLogResponseHandler: Failed appendEntries: org.apache.ratis.thirdparty.io.grpc.StatusRuntimeException: CANCELLED: HTTP/2 error code: CANCEL
Received Rst Stream
2019-09-11 07:02:43,092 [grpc-default-executor-3] INFO  impl.FollowerInfo (FollowerInfo.java:lambda$new$0(51)) - 42626b9b-ed01-4037-9282-5fe073f296c6@group-7CDE87E80901->4a2aa8aa-5edc-4f5e-99ad-9332c6d3f836: nextIndex: updateUnconditionally 20 -> 19
2019-09-11 07:02:43,093 [refreshUsed-/workdir/hadoop-ozone/integration-test/target/test-dir/MiniOzoneClusterImpl-17eb7e61-4fa5-444d-af72-e415168ae45d/datanode-9/data/containers] WARN  fs.CachingGetSpaceUsed (CachingGetSpaceUsed.java:run(183)) - Thread Interrupted waiting to refresh disk information: sleep interrupted
2019-09-11 07:02:43,094 [grpc-default-executor-3] WARN  server.GrpcLogAppender (LogUtils.java:warn(134)) - 42626b9b-ed01-4037-9282-5fe073f296c6@group-7CDE87E80901->4a2aa8aa-5edc-4f5e-99ad-9332c6d3f836-AppendLogResponseHandler: Failed appendEntries: org.apache.ratis.thirdparty.io.grpc.StatusRuntimeException: UNAVAILABLE: io exception
2019-09-11 07:02:43,095 [grpc-default-executor-3] INFO  impl.FollowerInfo (FollowerInfo.java:lambda$new$0(51)) - 42626b9b-ed01-4037-9282-5fe073f296c6@group-7CDE87E80901->4a2aa8aa-5edc-4f5e-99ad-9332c6d3f836: nextIndex: updateUnconditionally 19 -> 18
2019-09-11 07:02:43,099 [grpc-default-executor-3] WARN  server.GrpcLogAppender (LogUtils.java:warn(134)) - 42626b9b-ed01-4037-9282-5fe073f296c6@group-7CDE87E80901->4523c126-f03b-4acb-be3e-4c406fe3aaad-AppendLogResponseHandler: Failed appendEntries: org.apache.ratis.thirdparty.io.grpc.StatusRuntimeException: UNAVAILABLE: io exception
2019-09-11 07:02:43,100 [grpc-default-executor-3] INFO  impl.FollowerInfo (FollowerInfo.java:lambda$new$0(51)) - 42626b9b-ed01-4037-9282-5fe073f296c6@group-7CDE87E80901->4523c126-f03b-4acb-be3e-4c406fe3aaad: nextIndex: updateUnconditionally 0 -> 0
2019-09-11 07:02:43,112 [ForkJoinPool.commonPool-worker-1] INFO  ozoneimpl.OzoneContainer (OzoneContainer.java:stop(231)) - Attempting to stop container services.
2019-09-11 07:02:43,112 [ForkJoinPool.commonPool-worker-1] INFO  impl.RaftServerProxy (RaftServerProxy.java:lambda$close$4(314)) - b366cd81-90f5-4f0e-8fa6-7e105a738d9d: close
2019-09-11 07:02:43,113 [ForkJoinPool.commonPool-worker-1] INFO  impl.RaftServerImpl (RaftServerImpl.java:lambda$shutdown$3(251)) - b366cd81-90f5-4f0e-8fa6-7e105a738d9d@group-C1E53894DEA7: shutdown
2019-09-11 07:02:43,113 [ForkJoinPool.commonPool-worker-1] INFO  util.JmxRegister (JmxRegister.java:unregister(73)) - Successfully un-registered JMX Bean with object name Ratis:service=RaftServer,group=group-C1E53894DEA7,id=b366cd81-90f5-4f0e-8fa6-7e105a738d9d
2019-09-11 07:02:43,113 [ForkJoinPool.commonPool-worker-1] INFO  impl.RoleInfo (RoleInfo.java:shutdownLeaderState(104)) - b366cd81-90f5-4f0e-8fa6-7e105a738d9d: shutdown LeaderState
2019-09-11 07:02:43,113 [ForkJoinPool.commonPool-worker-1] INFO  impl.PendingRequests (PendingRequests.java:sendNotLeaderResponses(202)) - b366cd81-90f5-4f0e-8fa6-7e105a738d9d-PendingRequests: sendNotLeaderResponses
2019-09-11 07:02:43,114 [ForkJoinPool.commonPool-worker-1] INFO  impl.StateMachineUpdater (StateMachineUpdater.java:stopAndJoin(125)) - b366cd81-90f5-4f0e-8fa6-7e105a738d9d@group-C1E53894DEA7-StateMachineUpdater: set stopIndex = 0
2019-09-11 07:02:43,114 [ForkJoinPool.commonPool-worker-1] INFO  impl.RaftServerImpl (ServerState.java:close(385)) - b366cd81-90f5-4f0e-8fa6-7e105a738d9d@group-C1E53894DEA7: closes. applyIndex: 0
2019-09-11 07:02:43,114 [b366cd81-90f5-4f0e-8fa6-7e105a738d9d@group-C1E53894DEA7-SegmentedRaftLogWorker] INFO  segmented.SegmentedRaftLogWorker (SegmentedRaftLogWorker.java:run(313)) - b366cd81-90f5-4f0e-8fa6-7e105a738d9d@group-C1E53894DEA7-SegmentedRaftLogWorker was interrupted, exiting. There are 0 tasks remaining in the queue.
2019-09-11 07:02:43,115 [ForkJoinPool.commonPool-worker-1] INFO  segmented.SegmentedRaftLogWorker (SegmentedRaftLogWorker.java:close(228)) - b366cd81-90f5-4f0e-8fa6-7e105a738d9d@group-C1E53894DEA7-SegmentedRaftLogWorker close()
2019-09-11 07:02:43,116 [ForkJoinPool.commonPool-worker-1] INFO  impl.RaftServerImpl (RaftServerImpl.java:lambda$shutdown$3(251)) - b366cd81-90f5-4f0e-8fa6-7e105a738d9d@group-5FF39CBF2ADF: shutdown
2019-09-11 07:02:43,116 [ForkJoinPool.commonPool-worker-1] INFO  util.JmxRegister (JmxRegister.java:unregister(73)) - Successfully un-registered JMX Bean with object name Ratis:service=RaftServer,group=group-5FF39CBF2ADF,id=b366cd81-90f5-4f0e-8fa6-7e105a738d9d
2019-09-11 07:02:43,116 [ForkJoinPool.commonPool-worker-1] INFO  impl.RoleInfo (RoleInfo.java:shutdownLeaderState(104)) - b366cd81-90f5-4f0e-8fa6-7e105a738d9d: shutdown LeaderState
2019-09-11 07:02:43,116 [main] INFO  utils.BackgroundService (BackgroundService.java:shutdown(148)) - Shutting down service BlockDeletingService
2019-09-11 07:02:43,118 [org.apache.ratis.server.impl.LogAppender$AppenderDaemon$$Lambda$594/345165550@5c887585] WARN  server.GrpcLogAppender (GrpcLogAppender.java:mayWait(143)) - b366cd81-90f5-4f0e-8fa6-7e105a738d9d@group-5FF39CBF2ADF->e76620e4-5df3-481a-bd8d-e91ef558e102-GrpcLogAppender: Wait interrupted by java.lang.InterruptedException
2019-09-11 07:02:43,118 [org.apache.ratis.server.impl.LogAppender$AppenderDaemon$$Lambda$594/345165550@5b608237] WARN  server.GrpcLogAppender (GrpcLogAppender.java:mayWait(143)) - b366cd81-90f5-4f0e-8fa6-7e105a738d9d@group-5FF39CBF2ADF->c3336af5-ef91-4420-af01-c0c00dc6c530-GrpcLogAppender: Wait interrupted by java.lang.InterruptedException
2019-09-11 07:02:43,118 [ForkJoinPool.commonPool-worker-1] INFO  impl.PendingRequests (PendingRequests.java:sendNotLeaderResponses(202)) - b366cd81-90f5-4f0e-8fa6-7e105a738d9d-PendingRequests: sendNotLeaderResponses
2019-09-11 07:02:43,122 [main] INFO  statemachine.DatanodeStateMachine (DatanodeStateMachine.java:stopDaemon(395)) - Ozone container server stopped.
2019-09-11 07:02:43,123 [ForkJoinPool.commonPool-worker-1] INFO  impl.StateMachineUpdater (StateMachineUpdater.java:stopAndJoin(125)) - b366cd81-90f5-4f0e-8fa6-7e105a738d9d@group-5FF39CBF2ADF-StateMachineUpdater: set stopIndex = 16
2019-09-11 07:02:43,123 [b366cd81-90f5-4f0e-8fa6-7e105a738d9d@group-5FF39CBF2ADF-StateMachineUpdater] INFO  ratis.ContainerStateMachine (ContainerStateMachine.java:takeSnapshot(289)) - group-5FF39CBF2ADF: Taking a snapshot at:(t:2, i:12) file /workdir/hadoop-ozone/integration-test/target/test-dir/MiniOzoneClusterImpl-17eb7e61-4fa5-444d-af72-e415168ae45d/datanode-4/data/ratis/af2d3d67-cd5f-47e3-ae2e-5ff39cbf2adf/sm/snapshot.2_12
2019-09-11 07:02:43,124 [grpc-default-executor-3] WARN  server.GrpcLogAppender (LogUtils.java:warn(134)) - bbdbb4de-2219-47e5-a2b1-d5e525a98c19@group-D61D25716C8D->0159beb9-e28f-41a3-bdd5-1125b6dbb65e-AppendLogResponseHandler: Failed appendEntries: org.apache.ratis.thirdparty.io.grpc.StatusRuntimeException: UNAVAILABLE: io exception
2019-09-11 07:02:43,124 [main] INFO  handler.ContextHandler (ContextHandler.java:doStop(910)) - Stopped o.e.j.w.WebAppContext@3f736a16{/,null,UNAVAILABLE}{/hddsDatanode}
2019-09-11 07:02:43,124 [grpc-default-executor-3] INFO  impl.FollowerInfo (FollowerInfo.java:lambda$new$0(51)) - bbdbb4de-2219-47e5-a2b1-d5e525a98c19@group-D61D25716C8D->0159beb9-e28f-41a3-bdd5-1125b6dbb65e: nextIndex: updateUnconditionally 12 -> 11
2019-09-11 07:02:43,125 [main] INFO  server.AbstractConnector (AbstractConnector.java:doStop(318)) - Stopped ServerConnector@4601203a{HTTP/1.1,[http/1.1]}{0.0.0.0:0}
2019-09-11 07:02:43,125 [main] INFO  handler.ContextHandler (ContextHandler.java:doStop(910)) - Stopped o.e.j.s.ServletContextHandler@4364712f{/static,jar:file:/home/user/.m2/repository/org/apache/hadoop/hadoop-hdds-container-service/0.5.0-SNAPSHOT/hadoop-hdds-container-service-0.5.0-SNAPSHOT.jar!/webapps/static,UNAVAILABLE}
2019-09-11 07:02:43,126 [main] INFO  handler.ContextHandler (ContextHandler.java:doStop(910)) - Stopped o.e.j.s.ServletContextHandler@53c6f96d{/logs,file:///workdir/hadoop-ozone/integration-test/target/log,UNAVAILABLE}
2019-09-11 07:02:43,146 [b366cd81-90f5-4f0e-8fa6-7e105a738d9d@group-5FF39CBF2ADF-StateMachineUpdater] INFO  ratis.ContainerStateMachine (ContainerStateMachine.java:takeSnapshot(300)) - group-5FF39CBF2ADF: Finished taking a snapshot at:(t:2, i:12) file:/workdir/hadoop-ozone/integration-test/target/test-dir/MiniOzoneClusterImpl-17eb7e61-4fa5-444d-af72-e415168ae45d/datanode-4/data/ratis/af2d3d67-cd5f-47e3-ae2e-5ff39cbf2adf/sm/snapshot.2_12 time:22
2019-09-11 07:02:43,146 [b366cd81-90f5-4f0e-8fa6-7e105a738d9d@group-5FF39CBF2ADF-StateMachineUpdater] INFO  impl.StateMachineUpdater (StateMachineUpdater.java:takeSnapshot(258)) - b366cd81-90f5-4f0e-8fa6-7e105a738d9d@group-5FF39CBF2ADF-StateMachineUpdater: Took a snapshot at index 12
2019-09-11 07:02:43,146 [b366cd81-90f5-4f0e-8fa6-7e105a738d9d@group-5FF39CBF2ADF-StateMachineUpdater] INFO  impl.StateMachineUpdater (StateMachineUpdater.java:lambda$new$0(83)) - b366cd81-90f5-4f0e-8fa6-7e105a738d9d@group-5FF39CBF2ADF-StateMachineUpdater: snapshotIndex: updateIncreasingly -1 -> 12
2019-09-11 07:02:43,146 [b366cd81-90f5-4f0e-8fa6-7e105a738d9d@group-5FF39CBF2ADF-StateMachineUpdater] INFO  ratis.ContainerStateMachine (ContainerStateMachine.java:takeSnapshot(289)) - group-5FF39CBF2ADF: Taking a snapshot at:(t:2, i:12) file /workdir/hadoop-ozone/integration-test/target/test-dir/MiniOzoneClusterImpl-17eb7e61-4fa5-444d-af72-e415168ae45d/datanode-4/data/ratis/af2d3d67-cd5f-47e3-ae2e-5ff39cbf2adf/sm/snapshot.2_12
2019-09-11 07:02:43,169 [b366cd81-90f5-4f0e-8fa6-7e105a738d9d@group-5FF39CBF2ADF-StateMachineUpdater] INFO  ratis.ContainerStateMachine (ContainerStateMachine.java:takeSnapshot(300)) - group-5FF39CBF2ADF: Finished taking a snapshot at:(t:2, i:12) file:/workdir/hadoop-ozone/integration-test/target/test-dir/MiniOzoneClusterImpl-17eb7e61-4fa5-444d-af72-e415168ae45d/datanode-4/data/ratis/af2d3d67-cd5f-47e3-ae2e-5ff39cbf2adf/sm/snapshot.2_12 time:22
2019-09-11 07:02:43,169 [b366cd81-90f5-4f0e-8fa6-7e105a738d9d@group-5FF39CBF2ADF-StateMachineUpdater] INFO  impl.StateMachineUpdater (StateMachineUpdater.java:takeSnapshot(258)) - b366cd81-90f5-4f0e-8fa6-7e105a738d9d@group-5FF39CBF2ADF-StateMachineUpdater: Took a snapshot at index 12
2019-09-11 07:02:43,169 [b366cd81-90f5-4f0e-8fa6-7e105a738d9d@group-5FF39CBF2ADF-StateMachineUpdater] INFO  impl.StateMachineUpdater (StateMachineUpdater.java:lambda$new$0(83)) - b366cd81-90f5-4f0e-8fa6-7e105a738d9d@group-5FF39CBF2ADF-StateMachineUpdater: snapshotIndex: updateIncreasingly 12 -> 12
2019-09-11 07:02:43,169 [ForkJoinPool.commonPool-worker-1] INFO  impl.RaftServerImpl (ServerState.java:close(385)) - b366cd81-90f5-4f0e-8fa6-7e105a738d9d@group-5FF39CBF2ADF: closes. applyIndex: 16
2019-09-11 07:02:43,172 [b366cd81-90f5-4f0e-8fa6-7e105a738d9d@group-5FF39CBF2ADF-SegmentedRaftLogWorker] ERROR ratis.XceiverServerRatis (XceiverServerRatis.java:triggerPipelineClose(575)) - pipeline Action CLOSE  on pipeline PipelineID=af2d3d67-cd5f-47e3-ae2e-5ff39cbf2adf.Reason : WriteLog:19: (t:2, i:19), STATEMACHINELOGENTRY, client-FA9E6D659E8E, cid=41-writeStateMachineData interrupted.
2019-09-11 07:02:43,183 [ForkJoinPool.commonPool-worker-1] INFO  segmented.SegmentedRaftLogWorker (SegmentedRaftLogWorker.java:close(228)) - b366cd81-90f5-4f0e-8fa6-7e105a738d9d@group-5FF39CBF2ADF-SegmentedRaftLogWorker close()
2019-09-11 07:02:43,184 [ForkJoinPool.commonPool-worker-1] INFO  server.GrpcService (GrpcService.java:closeImpl(164)) - b366cd81-90f5-4f0e-8fa6-7e105a738d9d: shutdown server with port 43234 now
2019-09-11 07:02:43,184 [ForkJoinPool.commonPool-worker-1] INFO  server.GrpcService (GrpcService.java:closeImpl(172)) - b366cd81-90f5-4f0e-8fa6-7e105a738d9d: shutdown server with port 43234 successfully
2019-09-11 07:02:43,186 [refreshUsed-/workdir/hadoop-ozone/integration-test/target/test-dir/MiniOzoneClusterImpl-17eb7e61-4fa5-444d-af72-e415168ae45d/datanode-4/data/containers] WARN  fs.CachingGetSpaceUsed (CachingGetSpaceUsed.java:run(183)) - Thread Interrupted waiting to refresh disk information: sleep interrupted
2019-09-11 07:02:43,203 [ForkJoinPool.commonPool-worker-1] INFO  utils.BackgroundService (BackgroundService.java:shutdown(148)) - Shutting down service BlockDeletingService
2019-09-11 07:02:43,207 [ForkJoinPool.commonPool-worker-1] INFO  statemachine.DatanodeStateMachine (DatanodeStateMachine.java:stopDaemon(395)) - Ozone container server stopped.
2019-09-11 07:02:43,210 [ForkJoinPool.commonPool-worker-1] INFO  handler.ContextHandler (ContextHandler.java:doStop(910)) - Stopped o.e.j.w.WebAppContext@1d9bd4da{/,null,UNAVAILABLE}{/hddsDatanode}
2019-09-11 07:02:43,210 [ForkJoinPool.commonPool-worker-1] INFO  server.AbstractConnector (AbstractConnector.java:doStop(318)) - Stopped ServerConnector@4c58255{HTTP/1.1,[http/1.1]}{0.0.0.0:0}
2019-09-11 07:02:43,211 [ForkJoinPool.commonPool-worker-1] INFO  handler.ContextHandler (ContextHandler.java:doStop(910)) - Stopped o.e.j.s.ServletContextHandler@1dc3502b{/static,jar:file:/home/user/.m2/repository/org/apache/hadoop/hadoop-hdds-container-service/0.5.0-SNAPSHOT/hadoop-hdds-container-service-0.5.0-SNAPSHOT.jar!/webapps/static,UNAVAILABLE}
2019-09-11 07:02:43,212 [ForkJoinPool.commonPool-worker-1] INFO  handler.ContextHandler (ContextHandler.java:doStop(910)) - Stopped o.e.j.s.ServletContextHandler@561b7d53{/logs,file:///workdir/hadoop-ozone/integration-test/target/log,UNAVAILABLE}
2019-09-11 07:02:43,314 [grpc-default-executor-0] WARN  server.GrpcLogAppender (LogUtils.java:warn(134)) - bbdbb4de-2219-47e5-a2b1-d5e525a98c19@group-D61D25716C8D->7cc5d2d7-39af-4b66-8513-17417d4c25e9-AppendLogResponseHandler: Failed appendEntries: org.apache.ratis.thirdparty.io.grpc.StatusRuntimeException: UNAVAILABLE: io exception
2019-09-11 07:02:43,314 [grpc-default-executor-0] INFO  impl.FollowerInfo (FollowerInfo.java:lambda$new$0(51)) - bbdbb4de-2219-47e5-a2b1-d5e525a98c19@group-D61D25716C8D->7cc5d2d7-39af-4b66-8513-17417d4c25e9: nextIndex: updateUnconditionally 15 -> 14
2019-09-11 07:02:43,595 [grpc-default-executor-0] WARN  server.GrpcLogAppender (LogUtils.java:warn(134)) - 42626b9b-ed01-4037-9282-5fe073f296c6@group-7CDE87E80901->4a2aa8aa-5edc-4f5e-99ad-9332c6d3f836-AppendLogResponseHandler: Failed appendEntries: org.apache.ratis.thirdparty.io.grpc.StatusRuntimeException: UNAVAILABLE: io exception
2019-09-11 07:02:43,596 [grpc-default-executor-0] INFO  impl.FollowerInfo (FollowerInfo.java:lambda$new$0(51)) - 42626b9b-ed01-4037-9282-5fe073f296c6@group-7CDE87E80901->4a2aa8aa-5edc-4f5e-99ad-9332c6d3f836: nextIndex: updateUnconditionally 18 -> 17
2019-09-11 07:02:43,600 [grpc-default-executor-0] WARN  server.GrpcLogAppender (LogUtils.java:warn(134)) - 42626b9b-ed01-4037-9282-5fe073f296c6@group-7CDE87E80901->4523c126-f03b-4acb-be3e-4c406fe3aaad-AppendLogResponseHandler: Failed appendEntries: org.apache.ratis.thirdparty.io.grpc.StatusRuntimeException: UNAVAILABLE: io exception
2019-09-11 07:02:43,600 [grpc-default-executor-0] INFO  impl.FollowerInfo (FollowerInfo.java:lambda$new$0(51)) - 42626b9b-ed01-4037-9282-5fe073f296c6@group-7CDE87E80901->4523c126-f03b-4acb-be3e-4c406fe3aaad: nextIndex: updateUnconditionally 0 -> 0
2019-09-11 07:02:43,623 [grpc-default-executor-0] WARN  server.GrpcLogAppender (LogUtils.java:warn(134)) - bbdbb4de-2219-47e5-a2b1-d5e525a98c19@group-D61D25716C8D->0159beb9-e28f-41a3-bdd5-1125b6dbb65e-AppendLogResponseHandler: Failed appendEntries: org.apache.ratis.thirdparty.io.grpc.StatusRuntimeException: UNAVAILABLE: io exception
2019-09-11 07:02:43,623 [grpc-default-executor-0] INFO  impl.FollowerInfo (FollowerInfo.java:lambda$new$0(51)) - bbdbb4de-2219-47e5-a2b1-d5e525a98c19@group-D61D25716C8D->0159beb9-e28f-41a3-bdd5-1125b6dbb65e: nextIndex: updateUnconditionally 11 -> 10
2019-09-11 07:02:43,678 [Datanode State Machine Thread - 0] INFO  statemachine.DatanodeStateMachine (DatanodeStateMachine.java:lambda$startDaemon$0(350)) - Ozone container server started.
2019-09-11 07:02:43,815 [grpc-default-executor-0] WARN  server.GrpcLogAppender (LogUtils.java:warn(134)) - bbdbb4de-2219-47e5-a2b1-d5e525a98c19@group-D61D25716C8D->7cc5d2d7-39af-4b66-8513-17417d4c25e9-AppendLogResponseHandler: Failed appendEntries: org.apache.ratis.thirdparty.io.grpc.StatusRuntimeException: UNAVAILABLE: io exception
2019-09-11 07:02:43,816 [grpc-default-executor-0] INFO  impl.FollowerInfo (FollowerInfo.java:lambda$new$0(51)) - bbdbb4de-2219-47e5-a2b1-d5e525a98c19@group-D61D25716C8D->7cc5d2d7-39af-4b66-8513-17417d4c25e9: nextIndex: updateUnconditionally 14 -> 13
2019-09-11 07:02:44,096 [grpc-default-executor-0] WARN  server.GrpcLogAppender (LogUtils.java:warn(134)) - 42626b9b-ed01-4037-9282-5fe073f296c6@group-7CDE87E80901->4a2aa8aa-5edc-4f5e-99ad-9332c6d3f836-AppendLogResponseHandler: Failed appendEntries: org.apache.ratis.thirdparty.io.grpc.StatusRuntimeException: UNAVAILABLE: io exception
2019-09-11 07:02:44,096 [grpc-default-executor-0] INFO  impl.FollowerInfo (FollowerInfo.java:lambda$new$0(51)) - 42626b9b-ed01-4037-9282-5fe073f296c6@group-7CDE87E80901->4a2aa8aa-5edc-4f5e-99ad-9332c6d3f836: nextIndex: updateUnconditionally 17 -> 16
2019-09-11 07:02:44,100 [grpc-default-executor-0] WARN  server.GrpcLogAppender (LogUtils.java:warn(134)) - 42626b9b-ed01-4037-9282-5fe073f296c6@group-7CDE87E80901->4523c126-f03b-4acb-be3e-4c406fe3aaad-AppendLogResponseHandler: Failed appendEntries: org.apache.ratis.thirdparty.io.grpc.StatusRuntimeException: UNAVAILABLE: io exception
2019-09-11 07:02:44,100 [grpc-default-executor-0] INFO  impl.FollowerInfo (FollowerInfo.java:lambda$new$0(51)) - 42626b9b-ed01-4037-9282-5fe073f296c6@group-7CDE87E80901->4523c126-f03b-4acb-be3e-4c406fe3aaad: nextIndex: updateUnconditionally 0 -> 0
2019-09-11 07:02:44,123 [grpc-default-executor-0] WARN  server.GrpcLogAppender (LogUtils.java:warn(134)) - bbdbb4de-2219-47e5-a2b1-d5e525a98c19@group-D61D25716C8D->0159beb9-e28f-41a3-bdd5-1125b6dbb65e-AppendLogResponseHandler: Failed appendEntries: org.apache.ratis.thirdparty.io.grpc.StatusRuntimeException: UNAVAILABLE: io exception
2019-09-11 07:02:44,124 [grpc-default-executor-0] INFO  impl.FollowerInfo (FollowerInfo.java:lambda$new$0(51)) - bbdbb4de-2219-47e5-a2b1-d5e525a98c19@group-D61D25716C8D->0159beb9-e28f-41a3-bdd5-1125b6dbb65e: nextIndex: updateUnconditionally 10 -> 9
2019-09-11 07:02:44,316 [grpc-default-executor-0] WARN  server.GrpcLogAppender (LogUtils.java:warn(134)) - bbdbb4de-2219-47e5-a2b1-d5e525a98c19@group-D61D25716C8D->7cc5d2d7-39af-4b66-8513-17417d4c25e9-AppendLogResponseHandler: Failed appendEntries: org.apache.ratis.thirdparty.io.grpc.StatusRuntimeException: UNAVAILABLE: io exception
2019-09-11 07:02:44,316 [grpc-default-executor-0] INFO  impl.FollowerInfo (FollowerInfo.java:lambda$new$0(51)) - bbdbb4de-2219-47e5-a2b1-d5e525a98c19@group-D61D25716C8D->7cc5d2d7-39af-4b66-8513-17417d4c25e9: nextIndex: updateUnconditionally 13 -> 12
2019-09-11 07:02:44,597 [grpc-default-executor-0] WARN  server.GrpcLogAppender (LogUtils.java:warn(134)) - 42626b9b-ed01-4037-9282-5fe073f296c6@group-7CDE87E80901->4a2aa8aa-5edc-4f5e-99ad-9332c6d3f836-AppendLogResponseHandler: Failed appendEntries: org.apache.ratis.thirdparty.io.grpc.StatusRuntimeException: UNAVAILABLE: io exception
2019-09-11 07:02:44,597 [grpc-default-executor-0] INFO  impl.FollowerInfo (FollowerInfo.java:lambda$new$0(51)) - 42626b9b-ed01-4037-9282-5fe073f296c6@group-7CDE87E80901->4a2aa8aa-5edc-4f5e-99ad-9332c6d3f836: nextIndex: updateUnconditionally 16 -> 15
2019-09-11 07:02:44,601 [grpc-default-executor-3] WARN  server.GrpcLogAppender (LogUtils.java:warn(134)) - 42626b9b-ed01-4037-9282-5fe073f296c6@group-7CDE87E80901->4523c126-f03b-4acb-be3e-4c406fe3aaad-AppendLogResponseHandler: Failed appendEntries: org.apache.ratis.thirdparty.io.grpc.StatusRuntimeException: UNAVAILABLE: io exception
2019-09-11 07:02:44,602 [grpc-default-executor-3] INFO  impl.FollowerInfo (FollowerInfo.java:lambda$new$0(51)) - 42626b9b-ed01-4037-9282-5fe073f296c6@group-7CDE87E80901->4523c126-f03b-4acb-be3e-4c406fe3aaad: nextIndex: updateUnconditionally 0 -> 0
2019-09-11 07:02:44,624 [grpc-default-executor-0] WARN  server.GrpcLogAppender (LogUtils.java:warn(134)) - bbdbb4de-2219-47e5-a2b1-d5e525a98c19@group-D61D25716C8D->0159beb9-e28f-41a3-bdd5-1125b6dbb65e-AppendLogResponseHandler: Failed appendEntries: org.apache.ratis.thirdparty.io.grpc.StatusRuntimeException: UNAVAILABLE: io exception
2019-09-11 07:02:44,625 [grpc-default-executor-0] INFO  impl.FollowerInfo (FollowerInfo.java:lambda$new$0(51)) - bbdbb4de-2219-47e5-a2b1-d5e525a98c19@group-D61D25716C8D->0159beb9-e28f-41a3-bdd5-1125b6dbb65e: nextIndex: updateUnconditionally 9 -> 8
2019-09-11 07:02:44,817 [grpc-default-executor-3] WARN  server.GrpcLogAppender (LogUtils.java:warn(134)) - bbdbb4de-2219-47e5-a2b1-d5e525a98c19@group-D61D25716C8D->7cc5d2d7-39af-4b66-8513-17417d4c25e9-AppendLogResponseHandler: Failed appendEntries: org.apache.ratis.thirdparty.io.grpc.StatusRuntimeException: UNAVAILABLE: io exception
2019-09-11 07:02:44,817 [grpc-default-executor-3] INFO  impl.FollowerInfo (FollowerInfo.java:lambda$new$0(51)) - bbdbb4de-2219-47e5-a2b1-d5e525a98c19@group-D61D25716C8D->7cc5d2d7-39af-4b66-8513-17417d4c25e9: nextIndex: updateUnconditionally 12 -> 11
2019-09-11 07:02:45,097 [grpc-default-executor-3] WARN  server.GrpcLogAppender (LogUtils.java:warn(134)) - 42626b9b-ed01-4037-9282-5fe073f296c6@group-7CDE87E80901->4a2aa8aa-5edc-4f5e-99ad-9332c6d3f836-AppendLogResponseHandler: Failed appendEntries: org.apache.ratis.thirdparty.io.grpc.StatusRuntimeException: UNAVAILABLE: io exception
2019-09-11 07:02:45,098 [grpc-default-executor-3] INFO  impl.FollowerInfo (FollowerInfo.java:lambda$new$0(51)) - 42626b9b-ed01-4037-9282-5fe073f296c6@group-7CDE87E80901->4a2aa8aa-5edc-4f5e-99ad-9332c6d3f836: nextIndex: updateUnconditionally 15 -> 14
2019-09-11 07:02:45,102 [grpc-default-executor-7] WARN  server.GrpcLogAppender (LogUtils.java:warn(134)) - 42626b9b-ed01-4037-9282-5fe073f296c6@group-7CDE87E80901->4523c126-f03b-4acb-be3e-4c406fe3aaad-AppendLogResponseHandler: Failed appendEntries: org.apache.ratis.thirdparty.io.grpc.StatusRuntimeException: UNAVAILABLE: io exception
2019-09-11 07:02:45,102 [grpc-default-executor-7] INFO  impl.FollowerInfo (FollowerInfo.java:lambda$new$0(51)) - 42626b9b-ed01-4037-9282-5fe073f296c6@group-7CDE87E80901->4523c126-f03b-4acb-be3e-4c406fe3aaad: nextIndex: updateUnconditionally 0 -> 0
2019-09-11 07:02:45,125 [grpc-default-executor-0] WARN  server.GrpcLogAppender (LogUtils.java:warn(134)) - bbdbb4de-2219-47e5-a2b1-d5e525a98c19@group-D61D25716C8D->0159beb9-e28f-41a3-bdd5-1125b6dbb65e-AppendLogResponseHandler: Failed appendEntries: org.apache.ratis.thirdparty.io.grpc.StatusRuntimeException: UNAVAILABLE: io exception
2019-09-11 07:02:45,125 [grpc-default-executor-0] INFO  impl.FollowerInfo (FollowerInfo.java:lambda$new$0(51)) - bbdbb4de-2219-47e5-a2b1-d5e525a98c19@group-D61D25716C8D->0159beb9-e28f-41a3-bdd5-1125b6dbb65e: nextIndex: updateUnconditionally 8 -> 7
2019-09-11 07:02:45,320 [grpc-default-executor-3] WARN  server.GrpcLogAppender (LogUtils.java:warn(134)) - bbdbb4de-2219-47e5-a2b1-d5e525a98c19@group-D61D25716C8D->7cc5d2d7-39af-4b66-8513-17417d4c25e9-AppendLogResponseHandler: Failed appendEntries: org.apache.ratis.thirdparty.io.grpc.StatusRuntimeException: UNAVAILABLE: io exception
2019-09-11 07:02:45,321 [grpc-default-executor-3] INFO  impl.FollowerInfo (FollowerInfo.java:lambda$new$0(51)) - bbdbb4de-2219-47e5-a2b1-d5e525a98c19@group-D61D25716C8D->7cc5d2d7-39af-4b66-8513-17417d4c25e9: nextIndex: updateUnconditionally 11 -> 10
2019-09-11 07:02:45,599 [grpc-default-executor-7] WARN  server.GrpcLogAppender (LogUtils.java:warn(134)) - 42626b9b-ed01-4037-9282-5fe073f296c6@group-7CDE87E80901->4a2aa8aa-5edc-4f5e-99ad-9332c6d3f836-AppendLogResponseHandler: Failed appendEntries: org.apache.ratis.thirdparty.io.grpc.StatusRuntimeException: UNAVAILABLE: io exception
2019-09-11 07:02:45,599 [grpc-default-executor-7] INFO  impl.FollowerInfo (FollowerInfo.java:lambda$new$0(51)) - 42626b9b-ed01-4037-9282-5fe073f296c6@group-7CDE87E80901->4a2aa8aa-5edc-4f5e-99ad-9332c6d3f836: nextIndex: updateUnconditionally 14 -> 13
2019-09-11 07:02:45,603 [grpc-default-executor-0] WARN  server.GrpcLogAppender (LogUtils.java:warn(134)) - 42626b9b-ed01-4037-9282-5fe073f296c6@group-7CDE87E80901->4523c126-f03b-4acb-be3e-4c406fe3aaad-AppendLogResponseHandler: Failed appendEntries: org.apache.ratis.thirdparty.io.grpc.StatusRuntimeException: UNAVAILABLE: io exception
2019-09-11 07:02:45,603 [grpc-default-executor-0] INFO  impl.FollowerInfo (FollowerInfo.java:lambda$new$0(51)) - 42626b9b-ed01-4037-9282-5fe073f296c6@group-7CDE87E80901->4523c126-f03b-4acb-be3e-4c406fe3aaad: nextIndex: updateUnconditionally 0 -> 0
2019-09-11 07:02:45,625 [grpc-default-executor-7] WARN  server.GrpcLogAppender (LogUtils.java:warn(134)) - bbdbb4de-2219-47e5-a2b1-d5e525a98c19@group-D61D25716C8D->0159beb9-e28f-41a3-bdd5-1125b6dbb65e-AppendLogResponseHandler: Failed appendEntries: org.apache.ratis.thirdparty.io.grpc.StatusRuntimeException: UNAVAILABLE: io exception
2019-09-11 07:02:45,625 [grpc-default-executor-7] INFO  impl.FollowerInfo (FollowerInfo.java:lambda$new$0(51)) - bbdbb4de-2219-47e5-a2b1-d5e525a98c19@group-D61D25716C8D->0159beb9-e28f-41a3-bdd5-1125b6dbb65e: nextIndex: updateUnconditionally 7 -> 6
2019-09-11 07:02:45,821 [grpc-default-executor-7] WARN  server.GrpcLogAppender (LogUtils.java:warn(134)) - bbdbb4de-2219-47e5-a2b1-d5e525a98c19@group-D61D25716C8D->7cc5d2d7-39af-4b66-8513-17417d4c25e9-AppendLogResponseHandler: Failed appendEntries: org.apache.ratis.thirdparty.io.grpc.StatusRuntimeException: UNAVAILABLE: io exception
2019-09-11 07:02:45,822 [grpc-default-executor-7] INFO  impl.FollowerInfo (FollowerInfo.java:lambda$new$0(51)) - bbdbb4de-2219-47e5-a2b1-d5e525a98c19@group-D61D25716C8D->7cc5d2d7-39af-4b66-8513-17417d4c25e9: nextIndex: updateUnconditionally 10 -> 9
2019-09-11 07:02:46,100 [grpc-default-executor-7] WARN  server.GrpcLogAppender (LogUtils.java:warn(134)) - 42626b9b-ed01-4037-9282-5fe073f296c6@group-7CDE87E80901->4a2aa8aa-5edc-4f5e-99ad-9332c6d3f836-AppendLogResponseHandler: Failed appendEntries: org.apache.ratis.thirdparty.io.grpc.StatusRuntimeException: UNAVAILABLE: io exception
2019-09-11 07:02:46,101 [grpc-default-executor-7] INFO  impl.FollowerInfo (FollowerInfo.java:lambda$new$0(51)) - 42626b9b-ed01-4037-9282-5fe073f296c6@group-7CDE87E80901->4a2aa8aa-5edc-4f5e-99ad-9332c6d3f836: nextIndex: updateUnconditionally 13 -> 12
2019-09-11 07:02:46,103 [grpc-default-executor-3] WARN  server.GrpcLogAppender (LogUtils.java:warn(134)) - 42626b9b-ed01-4037-9282-5fe073f296c6@group-7CDE87E80901->4523c126-f03b-4acb-be3e-4c406fe3aaad-AppendLogResponseHandler: Failed appendEntries: org.apache.ratis.thirdparty.io.grpc.StatusRuntimeException: UNAVAILABLE: io exception
2019-09-11 07:02:46,103 [grpc-default-executor-3] INFO  impl.FollowerInfo (FollowerInfo.java:lambda$new$0(51)) - 42626b9b-ed01-4037-9282-5fe073f296c6@group-7CDE87E80901->4523c126-f03b-4acb-be3e-4c406fe3aaad: nextIndex: updateUnconditionally 0 -> 0
2019-09-11 07:02:46,126 [grpc-default-executor-3] WARN  server.GrpcLogAppender (LogUtils.java:warn(134)) - bbdbb4de-2219-47e5-a2b1-d5e525a98c19@group-D61D25716C8D->0159beb9-e28f-41a3-bdd5-1125b6dbb65e-AppendLogResponseHandler: Failed appendEntries: org.apache.ratis.thirdparty.io.grpc.StatusRuntimeException: UNAVAILABLE: io exception
2019-09-11 07:02:46,126 [grpc-default-executor-3] INFO  impl.FollowerInfo (FollowerInfo.java:lambda$new$0(51)) - bbdbb4de-2219-47e5-a2b1-d5e525a98c19@group-D61D25716C8D->0159beb9-e28f-41a3-bdd5-1125b6dbb65e: nextIndex: updateUnconditionally 6 -> 5
2019-09-11 07:02:46,321 [grpc-default-executor-3] WARN  server.GrpcLogAppender (LogUtils.java:warn(134)) - bbdbb4de-2219-47e5-a2b1-d5e525a98c19@group-D61D25716C8D->7cc5d2d7-39af-4b66-8513-17417d4c25e9-AppendLogResponseHandler: Failed appendEntries: org.apache.ratis.thirdparty.io.grpc.StatusRuntimeException: UNAVAILABLE: io exception
2019-09-11 07:02:46,321 [grpc-default-executor-3] INFO  impl.FollowerInfo (FollowerInfo.java:lambda$new$0(51)) - bbdbb4de-2219-47e5-a2b1-d5e525a98c19@group-D61D25716C8D->7cc5d2d7-39af-4b66-8513-17417d4c25e9: nextIndex: updateUnconditionally 9 -> 8
2019-09-11 07:02:46,600 [grpc-default-executor-3] WARN  server.GrpcLogAppender (LogUtils.java:warn(134)) - 42626b9b-ed01-4037-9282-5fe073f296c6@group-7CDE87E80901->4a2aa8aa-5edc-4f5e-99ad-9332c6d3f836-AppendLogResponseHandler: Failed appendEntries: org.apache.ratis.thirdparty.io.grpc.StatusRuntimeException: UNAVAILABLE: io exception
2019-09-11 07:02:46,601 [grpc-default-executor-3] INFO  impl.FollowerInfo (FollowerInfo.java:lambda$new$0(51)) - 42626b9b-ed01-4037-9282-5fe073f296c6@group-7CDE87E80901->4a2aa8aa-5edc-4f5e-99ad-9332c6d3f836: nextIndex: updateUnconditionally 12 -> 11
2019-09-11 07:02:46,603 [grpc-default-executor-3] WARN  server.GrpcLogAppender (LogUtils.java:warn(134)) - 42626b9b-ed01-4037-9282-5fe073f296c6@group-7CDE87E80901->4523c126-f03b-4acb-be3e-4c406fe3aaad-AppendLogResponseHandler: Failed appendEntries: org.apache.ratis.thirdparty.io.grpc.StatusRuntimeException: UNAVAILABLE: io exception
2019-09-11 07:02:46,604 [grpc-default-executor-3] INFO  impl.FollowerInfo (FollowerInfo.java:lambda$new$0(51)) - 42626b9b-ed01-4037-9282-5fe073f296c6@group-7CDE87E80901->4523c126-f03b-4acb-be3e-4c406fe3aaad: nextIndex: updateUnconditionally 0 -> 0
2019-09-11 07:02:46,626 [grpc-default-executor-3] WARN  server.GrpcLogAppender (LogUtils.java:warn(134)) - bbdbb4de-2219-47e5-a2b1-d5e525a98c19@group-D61D25716C8D->0159beb9-e28f-41a3-bdd5-1125b6dbb65e-AppendLogResponseHandler: Failed appendEntries: org.apache.ratis.thirdparty.io.grpc.StatusRuntimeException: UNAVAILABLE: io exception
2019-09-11 07:02:46,626 [grpc-default-executor-3] INFO  impl.FollowerInfo (FollowerInfo.java:lambda$new$0(51)) - bbdbb4de-2219-47e5-a2b1-d5e525a98c19@group-D61D25716C8D->0159beb9-e28f-41a3-bdd5-1125b6dbb65e: nextIndex: updateUnconditionally 5 -> 4
2019-09-11 07:02:46,822 [grpc-default-executor-3] WARN  server.GrpcLogAppender (LogUtils.java:warn(134)) - bbdbb4de-2219-47e5-a2b1-d5e525a98c19@group-D61D25716C8D->7cc5d2d7-39af-4b66-8513-17417d4c25e9-AppendLogResponseHandler: Failed appendEntries: org.apache.ratis.thirdparty.io.grpc.StatusRuntimeException: UNAVAILABLE: io exception
2019-09-11 07:02:46,822 [grpc-default-executor-3] INFO  impl.FollowerInfo (FollowerInfo.java:lambda$new$0(51)) - bbdbb4de-2219-47e5-a2b1-d5e525a98c19@group-D61D25716C8D->7cc5d2d7-39af-4b66-8513-17417d4c25e9: nextIndex: updateUnconditionally 8 -> 7
2019-09-11 07:02:47,101 [grpc-default-executor-3] WARN  server.GrpcLogAppender (LogUtils.java:warn(134)) - 42626b9b-ed01-4037-9282-5fe073f296c6@group-7CDE87E80901->4a2aa8aa-5edc-4f5e-99ad-9332c6d3f836-AppendLogResponseHandler: Failed appendEntries: org.apache.ratis.thirdparty.io.grpc.StatusRuntimeException: UNAVAILABLE: io exception
2019-09-11 07:02:47,101 [grpc-default-executor-3] INFO  impl.FollowerInfo (FollowerInfo.java:lambda$new$0(51)) - 42626b9b-ed01-4037-9282-5fe073f296c6@group-7CDE87E80901->4a2aa8aa-5edc-4f5e-99ad-9332c6d3f836: nextIndex: updateUnconditionally 11 -> 10
2019-09-11 07:02:47,103 [grpc-default-executor-3] WARN  server.GrpcLogAppender (LogUtils.java:warn(134)) - 42626b9b-ed01-4037-9282-5fe073f296c6@group-7CDE87E80901->4523c126-f03b-4acb-be3e-4c406fe3aaad-AppendLogResponseHandler: Failed appendEntries: org.apache.ratis.thirdparty.io.grpc.StatusRuntimeException: UNAVAILABLE: io exception
2019-09-11 07:02:47,104 [grpc-default-executor-3] INFO  impl.FollowerInfo (FollowerInfo.java:lambda$new$0(51)) - 42626b9b-ed01-4037-9282-5fe073f296c6@group-7CDE87E80901->4523c126-f03b-4acb-be3e-4c406fe3aaad: nextIndex: updateUnconditionally 0 -> 0
2019-09-11 07:02:47,126 [grpc-default-executor-3] WARN  server.GrpcLogAppender (LogUtils.java:warn(134)) - bbdbb4de-2219-47e5-a2b1-d5e525a98c19@group-D61D25716C8D->0159beb9-e28f-41a3-bdd5-1125b6dbb65e-AppendLogResponseHandler: Failed appendEntries: org.apache.ratis.thirdparty.io.grpc.StatusRuntimeException: UNAVAILABLE: io exception
2019-09-11 07:02:47,127 [grpc-default-executor-3] INFO  impl.FollowerInfo (FollowerInfo.java:lambda$new$0(51)) - bbdbb4de-2219-47e5-a2b1-d5e525a98c19@group-D61D25716C8D->0159beb9-e28f-41a3-bdd5-1125b6dbb65e: nextIndex: updateUnconditionally 4 -> 3
2019-09-11 07:02:47,325 [grpc-default-executor-3] WARN  server.GrpcLogAppender (LogUtils.java:warn(134)) - bbdbb4de-2219-47e5-a2b1-d5e525a98c19@group-D61D25716C8D->7cc5d2d7-39af-4b66-8513-17417d4c25e9-AppendLogResponseHandler: Failed appendEntries: org.apache.ratis.thirdparty.io.grpc.StatusRuntimeException: UNAVAILABLE: io exception
2019-09-11 07:02:47,325 [grpc-default-executor-3] INFO  impl.FollowerInfo (FollowerInfo.java:lambda$new$0(51)) - bbdbb4de-2219-47e5-a2b1-d5e525a98c19@group-D61D25716C8D->7cc5d2d7-39af-4b66-8513-17417d4c25e9: nextIndex: updateUnconditionally 7 -> 6
2019-09-11 07:02:47,602 [grpc-default-executor-3] WARN  server.GrpcLogAppender (LogUtils.java:warn(134)) - 42626b9b-ed01-4037-9282-5fe073f296c6@group-7CDE87E80901->4a2aa8aa-5edc-4f5e-99ad-9332c6d3f836-AppendLogResponseHandler: Failed appendEntries: org.apache.ratis.thirdparty.io.grpc.StatusRuntimeException: UNAVAILABLE: io exception
2019-09-11 07:02:47,602 [grpc-default-executor-3] INFO  impl.FollowerInfo (FollowerInfo.java:lambda$new$0(51)) - 42626b9b-ed01-4037-9282-5fe073f296c6@group-7CDE87E80901->4a2aa8aa-5edc-4f5e-99ad-9332c6d3f836: nextIndex: updateUnconditionally 10 -> 9
2019-09-11 07:02:47,604 [grpc-default-executor-3] WARN  server.GrpcLogAppender (LogUtils.java:warn(134)) - 42626b9b-ed01-4037-9282-5fe073f296c6@group-7CDE87E80901->4523c126-f03b-4acb-be3e-4c406fe3aaad-AppendLogResponseHandler: Failed appendEntries: org.apache.ratis.thirdparty.io.grpc.StatusRuntimeException: UNAVAILABLE: io exception
2019-09-11 07:02:47,604 [grpc-default-executor-3] INFO  impl.FollowerInfo (FollowerInfo.java:lambda$new$0(51)) - 42626b9b-ed01-4037-9282-5fe073f296c6@group-7CDE87E80901->4523c126-f03b-4acb-be3e-4c406fe3aaad: nextIndex: updateUnconditionally 0 -> 0
2019-09-11 07:02:47,627 [grpc-default-executor-3] WARN  server.GrpcLogAppender (LogUtils.java:warn(134)) - bbdbb4de-2219-47e5-a2b1-d5e525a98c19@group-D61D25716C8D->0159beb9-e28f-41a3-bdd5-1125b6dbb65e-AppendLogResponseHandler: Failed appendEntries: org.apache.ratis.thirdparty.io.grpc.StatusRuntimeException: UNAVAILABLE: io exception
2019-09-11 07:02:47,627 [grpc-default-executor-3] INFO  impl.FollowerInfo (FollowerInfo.java:lambda$new$0(51)) - bbdbb4de-2219-47e5-a2b1-d5e525a98c19@group-D61D25716C8D->0159beb9-e28f-41a3-bdd5-1125b6dbb65e: nextIndex: updateUnconditionally 3 -> 2
2019-09-11 07:02:47,827 [grpc-default-executor-3] WARN  server.GrpcLogAppender (LogUtils.java:warn(134)) - bbdbb4de-2219-47e5-a2b1-d5e525a98c19@group-D61D25716C8D->7cc5d2d7-39af-4b66-8513-17417d4c25e9-AppendLogResponseHandler: Failed appendEntries: org.apache.ratis.thirdparty.io.grpc.StatusRuntimeException: UNAVAILABLE: io exception
2019-09-11 07:02:47,827 [grpc-default-executor-3] INFO  impl.FollowerInfo (FollowerInfo.java:lambda$new$0(51)) - bbdbb4de-2219-47e5-a2b1-d5e525a98c19@group-D61D25716C8D->7cc5d2d7-39af-4b66-8513-17417d4c25e9: nextIndex: updateUnconditionally 6 -> 5
2019-09-11 07:02:48,103 [grpc-default-executor-7] WARN  server.GrpcLogAppender (LogUtils.java:warn(134)) - 42626b9b-ed01-4037-9282-5fe073f296c6@group-7CDE87E80901->4a2aa8aa-5edc-4f5e-99ad-9332c6d3f836-AppendLogResponseHandler: Failed appendEntries: org.apache.ratis.thirdparty.io.grpc.StatusRuntimeException: UNAVAILABLE: io exception
2019-09-11 07:02:48,104 [grpc-default-executor-7] INFO  impl.FollowerInfo (FollowerInfo.java:lambda$new$0(51)) - 42626b9b-ed01-4037-9282-5fe073f296c6@group-7CDE87E80901->4a2aa8aa-5edc-4f5e-99ad-9332c6d3f836: nextIndex: updateUnconditionally 9 -> 8
2019-09-11 07:02:48,105 [grpc-default-executor-3] WARN  server.GrpcLogAppender (LogUtils.java:warn(134)) - 42626b9b-ed01-4037-9282-5fe073f296c6@group-7CDE87E80901->4523c126-f03b-4acb-be3e-4c406fe3aaad-AppendLogResponseHandler: Failed appendEntries: org.apache.ratis.thirdparty.io.grpc.StatusRuntimeException: UNAVAILABLE: io exception
2019-09-11 07:02:48,106 [grpc-default-executor-3] INFO  impl.FollowerInfo (FollowerInfo.java:lambda$new$0(51)) - 42626b9b-ed01-4037-9282-5fe073f296c6@group-7CDE87E80901->4523c126-f03b-4acb-be3e-4c406fe3aaad: nextIndex: updateUnconditionally 0 -> 0
2019-09-11 07:02:48,128 [main] INFO  ozoneimpl.OzoneContainer (OzoneContainer.java:stop(231)) - Attempting to stop container services.
2019-09-11 07:02:48,128 [grpc-default-executor-3] WARN  server.GrpcLogAppender (LogUtils.java:warn(134)) - bbdbb4de-2219-47e5-a2b1-d5e525a98c19@group-D61D25716C8D->0159beb9-e28f-41a3-bdd5-1125b6dbb65e-AppendLogResponseHandler: Failed appendEntries: org.apache.ratis.thirdparty.io.grpc.StatusRuntimeException: UNAVAILABLE: io exception
2019-09-11 07:02:48,129 [main] INFO  impl.RaftServerProxy (RaftServerProxy.java:lambda$close$4(314)) - bbdbb4de-2219-47e5-a2b1-d5e525a98c19: close
2019-09-11 07:02:48,129 [grpc-default-executor-3] INFO  impl.FollowerInfo (FollowerInfo.java:lambda$new$0(51)) - bbdbb4de-2219-47e5-a2b1-d5e525a98c19@group-D61D25716C8D->0159beb9-e28f-41a3-bdd5-1125b6dbb65e: nextIndex: updateUnconditionally 2 -> 1
2019-09-11 07:02:48,130 [main] INFO  impl.RaftServerImpl (RaftServerImpl.java:lambda$shutdown$3(251)) - bbdbb4de-2219-47e5-a2b1-d5e525a98c19@group-E31C2250E139: shutdown
2019-09-11 07:02:48,130 [ForkJoinPool.commonPool-worker-0] INFO  impl.RaftServerImpl (RaftServerImpl.java:lambda$shutdown$3(251)) - bbdbb4de-2219-47e5-a2b1-d5e525a98c19@group-D61D25716C8D: shutdown
2019-09-11 07:02:48,131 [main] INFO  util.JmxRegister (JmxRegister.java:unregister(73)) - Successfully un-registered JMX Bean with object name Ratis:service=RaftServer,group=group-E31C2250E139,id=bbdbb4de-2219-47e5-a2b1-d5e525a98c19
2019-09-11 07:02:48,131 [ForkJoinPool.commonPool-worker-0] INFO  util.JmxRegister (JmxRegister.java:unregister(73)) - Successfully un-registered JMX Bean with object name Ratis:service=RaftServer,group=group-D61D25716C8D,id=bbdbb4de-2219-47e5-a2b1-d5e525a98c19
2019-09-11 07:02:48,132 [main] INFO  impl.RoleInfo (RoleInfo.java:shutdownLeaderState(104)) - bbdbb4de-2219-47e5-a2b1-d5e525a98c19: shutdown LeaderState
2019-09-11 07:02:48,132 [ForkJoinPool.commonPool-worker-0] INFO  impl.RoleInfo (RoleInfo.java:shutdownLeaderState(104)) - bbdbb4de-2219-47e5-a2b1-d5e525a98c19: shutdown LeaderState
2019-09-11 07:02:48,133 [main] INFO  impl.PendingRequests (PendingRequests.java:sendNotLeaderResponses(202)) - bbdbb4de-2219-47e5-a2b1-d5e525a98c19-PendingRequests: sendNotLeaderResponses
2019-09-11 07:02:48,136 [org.apache.ratis.server.impl.LogAppender$AppenderDaemon$$Lambda$594/345165550@3a8035af] WARN  server.GrpcLogAppender (GrpcLogAppender.java:mayWait(143)) - bbdbb4de-2219-47e5-a2b1-d5e525a98c19@group-D61D25716C8D->7cc5d2d7-39af-4b66-8513-17417d4c25e9-GrpcLogAppender: Wait interrupted by java.lang.InterruptedException
2019-09-11 07:02:48,136 [org.apache.ratis.server.impl.LogAppender$AppenderDaemon$$Lambda$594/345165550@5b0c829b] WARN  server.GrpcLogAppender (GrpcLogAppender.java:mayWait(143)) - bbdbb4de-2219-47e5-a2b1-d5e525a98c19@group-D61D25716C8D->0159beb9-e28f-41a3-bdd5-1125b6dbb65e-GrpcLogAppender: Wait interrupted by java.lang.InterruptedException
2019-09-11 07:02:48,136 [ForkJoinPool.commonPool-worker-0] INFO  impl.PendingRequests (PendingRequests.java:sendNotLeaderResponses(202)) - bbdbb4de-2219-47e5-a2b1-d5e525a98c19-PendingRequests: sendNotLeaderResponses
2019-09-11 07:02:48,137 [main] INFO  impl.StateMachineUpdater (StateMachineUpdater.java:stopAndJoin(125)) - bbdbb4de-2219-47e5-a2b1-d5e525a98c19@group-E31C2250E139-StateMachineUpdater: set stopIndex = 0
2019-09-11 07:02:48,138 [main] INFO  impl.RaftServerImpl (ServerState.java:close(385)) - bbdbb4de-2219-47e5-a2b1-d5e525a98c19@group-E31C2250E139: closes. applyIndex: 0
2019-09-11 07:02:48,140 [ForkJoinPool.commonPool-worker-0] INFO  impl.StateMachineUpdater (StateMachineUpdater.java:stopAndJoin(125)) - bbdbb4de-2219-47e5-a2b1-d5e525a98c19@group-D61D25716C8D-StateMachineUpdater: set stopIndex = 31
2019-09-11 07:02:48,140 [bbdbb4de-2219-47e5-a2b1-d5e525a98c19@group-E31C2250E139-SegmentedRaftLogWorker] INFO  segmented.SegmentedRaftLogWorker (SegmentedRaftLogWorker.java:run(313)) - bbdbb4de-2219-47e5-a2b1-d5e525a98c19@group-E31C2250E139-SegmentedRaftLogWorker was interrupted, exiting. There are 0 tasks remaining in the queue.
2019-09-11 07:02:48,141 [bbdbb4de-2219-47e5-a2b1-d5e525a98c19@group-D61D25716C8D-StateMachineUpdater] INFO  ratis.ContainerStateMachine (ContainerStateMachine.java:takeSnapshot(289)) - group-D61D25716C8D: Taking a snapshot at:(t:1, i:29) file /workdir/hadoop-ozone/integration-test/target/test-dir/MiniOzoneClusterImpl-17eb7e61-4fa5-444d-af72-e415168ae45d/datanode-0/data/ratis/f4a355b4-515b-426d-bc3d-d61d25716c8d/sm/snapshot.1_29
2019-09-11 07:02:48,141 [main] INFO  segmented.SegmentedRaftLogWorker (SegmentedRaftLogWorker.java:close(228)) - bbdbb4de-2219-47e5-a2b1-d5e525a98c19@group-E31C2250E139-SegmentedRaftLogWorker close()
2019-09-11 07:02:48,174 [bbdbb4de-2219-47e5-a2b1-d5e525a98c19@group-D61D25716C8D-StateMachineUpdater] INFO  ratis.ContainerStateMachine (ContainerStateMachine.java:takeSnapshot(300)) - group-D61D25716C8D: Finished taking a snapshot at:(t:1, i:29) file:/workdir/hadoop-ozone/integration-test/target/test-dir/MiniOzoneClusterImpl-17eb7e61-4fa5-444d-af72-e415168ae45d/datanode-0/data/ratis/f4a355b4-515b-426d-bc3d-d61d25716c8d/sm/snapshot.1_29 time:34
2019-09-11 07:02:48,175 [bbdbb4de-2219-47e5-a2b1-d5e525a98c19@group-D61D25716C8D-StateMachineUpdater] INFO  impl.StateMachineUpdater (StateMachineUpdater.java:takeSnapshot(258)) - bbdbb4de-2219-47e5-a2b1-d5e525a98c19@group-D61D25716C8D-StateMachineUpdater: Took a snapshot at index 29
2019-09-11 07:02:48,175 [bbdbb4de-2219-47e5-a2b1-d5e525a98c19@group-D61D25716C8D-StateMachineUpdater] INFO  impl.StateMachineUpdater (StateMachineUpdater.java:lambda$new$0(83)) - bbdbb4de-2219-47e5-a2b1-d5e525a98c19@group-D61D25716C8D-StateMachineUpdater: snapshotIndex: updateIncreasingly -1 -> 29
2019-09-11 07:02:48,176 [bbdbb4de-2219-47e5-a2b1-d5e525a98c19@group-D61D25716C8D-StateMachineUpdater] INFO  ratis.ContainerStateMachine (ContainerStateMachine.java:takeSnapshot(289)) - group-D61D25716C8D: Taking a snapshot at:(t:1, i:29) file /workdir/hadoop-ozone/integration-test/target/test-dir/MiniOzoneClusterImpl-17eb7e61-4fa5-444d-af72-e415168ae45d/datanode-0/data/ratis/f4a355b4-515b-426d-bc3d-d61d25716c8d/sm/snapshot.1_29
2019-09-11 07:02:48,197 [bbdbb4de-2219-47e5-a2b1-d5e525a98c19@group-D61D25716C8D-StateMachineUpdater] INFO  ratis.ContainerStateMachine (ContainerStateMachine.java:takeSnapshot(300)) - group-D61D25716C8D: Finished taking a snapshot at:(t:1, i:29) file:/workdir/hadoop-ozone/integration-test/target/test-dir/MiniOzoneClusterImpl-17eb7e61-4fa5-444d-af72-e415168ae45d/datanode-0/data/ratis/f4a355b4-515b-426d-bc3d-d61d25716c8d/sm/snapshot.1_29 time:21
2019-09-11 07:02:48,198 [bbdbb4de-2219-47e5-a2b1-d5e525a98c19@group-D61D25716C8D-StateMachineUpdater] INFO  impl.StateMachineUpdater (StateMachineUpdater.java:takeSnapshot(258)) - bbdbb4de-2219-47e5-a2b1-d5e525a98c19@group-D61D25716C8D-StateMachineUpdater: Took a snapshot at index 29
2019-09-11 07:02:48,198 [bbdbb4de-2219-47e5-a2b1-d5e525a98c19@group-D61D25716C8D-StateMachineUpdater] INFO  impl.StateMachineUpdater (StateMachineUpdater.java:lambda$new$0(83)) - bbdbb4de-2219-47e5-a2b1-d5e525a98c19@group-D61D25716C8D-StateMachineUpdater: snapshotIndex: updateIncreasingly 29 -> 29
2019-09-11 07:02:48,199 [ForkJoinPool.commonPool-worker-0] INFO  impl.RaftServerImpl (ServerState.java:close(385)) - bbdbb4de-2219-47e5-a2b1-d5e525a98c19@group-D61D25716C8D: closes. applyIndex: 31
2019-09-11 07:02:48,201 [bbdbb4de-2219-47e5-a2b1-d5e525a98c19@group-D61D25716C8D-SegmentedRaftLogWorker] ERROR ratis.XceiverServerRatis (XceiverServerRatis.java:triggerPipelineClose(575)) - pipeline Action CLOSE  on pipeline PipelineID=f4a355b4-515b-426d-bc3d-d61d25716c8d.Reason : WriteLog:32: (t:1, i:32), STATEMACHINELOGENTRY, client-5E7B1F498381, cid=66-writeStateMachineData interrupted.
2019-09-11 07:02:48,202 [ForkJoinPool.commonPool-worker-0] INFO  segmented.SegmentedRaftLogWorker (SegmentedRaftLogWorker.java:close(228)) - bbdbb4de-2219-47e5-a2b1-d5e525a98c19@group-D61D25716C8D-SegmentedRaftLogWorker close()
2019-09-11 07:02:48,203 [main] INFO  server.GrpcService (GrpcService.java:closeImpl(164)) - bbdbb4de-2219-47e5-a2b1-d5e525a98c19: shutdown server with port 42910 now
2019-09-11 07:02:48,204 [main] INFO  server.GrpcService (GrpcService.java:closeImpl(172)) - bbdbb4de-2219-47e5-a2b1-d5e525a98c19: shutdown server with port 42910 successfully
2019-09-11 07:02:48,211 [refreshUsed-/workdir/hadoop-ozone/integration-test/target/test-dir/MiniOzoneClusterImpl-17eb7e61-4fa5-444d-af72-e415168ae45d/datanode-0/data/containers] WARN  fs.CachingGetSpaceUsed (CachingGetSpaceUsed.java:run(183)) - Thread Interrupted waiting to refresh disk information: sleep interrupted
2019-09-11 07:02:48,237 [main] INFO  utils.BackgroundService (BackgroundService.java:shutdown(148)) - Shutting down service BlockDeletingService
2019-09-11 07:02:48,241 [main] INFO  statemachine.DatanodeStateMachine (DatanodeStateMachine.java:stopDaemon(395)) - Ozone container server stopped.
2019-09-11 07:02:48,243 [main] INFO  handler.ContextHandler (ContextHandler.java:doStop(910)) - Stopped o.e.j.w.WebAppContext@3c5dbdf8{/,null,UNAVAILABLE}{/hddsDatanode}
2019-09-11 07:02:48,244 [main] INFO  server.AbstractConnector (AbstractConnector.java:doStop(318)) - Stopped ServerConnector@352c44a8{HTTP/1.1,[http/1.1]}{0.0.0.0:0}
2019-09-11 07:02:48,245 [main] INFO  handler.ContextHandler (ContextHandler.java:doStop(910)) - Stopped o.e.j.s.ServletContextHandler@433348bc{/static,jar:file:/home/user/.m2/repository/org/apache/hadoop/hadoop-hdds-container-service/0.5.0-SNAPSHOT/hadoop-hdds-container-service-0.5.0-SNAPSHOT.jar!/webapps/static,UNAVAILABLE}
2019-09-11 07:02:48,245 [main] INFO  handler.ContextHandler (ContextHandler.java:doStop(910)) - Stopped o.e.j.s.ServletContextHandler@5fa23c{/logs,file:///workdir/hadoop-ozone/integration-test/target/log,UNAVAILABLE}
2019-09-11 07:02:48,604 [grpc-default-executor-3] WARN  server.GrpcLogAppender (LogUtils.java:warn(134)) - 42626b9b-ed01-4037-9282-5fe073f296c6@group-7CDE87E80901->4a2aa8aa-5edc-4f5e-99ad-9332c6d3f836-AppendLogResponseHandler: Failed appendEntries: org.apache.ratis.thirdparty.io.grpc.StatusRuntimeException: UNAVAILABLE: io exception
2019-09-11 07:02:48,604 [grpc-default-executor-3] INFO  impl.FollowerInfo (FollowerInfo.java:lambda$new$0(51)) - 42626b9b-ed01-4037-9282-5fe073f296c6@group-7CDE87E80901->4a2aa8aa-5edc-4f5e-99ad-9332c6d3f836: nextIndex: updateUnconditionally 8 -> 7
2019-09-11 07:02:48,606 [grpc-default-executor-7] WARN  server.GrpcLogAppender (LogUtils.java:warn(134)) - 42626b9b-ed01-4037-9282-5fe073f296c6@group-7CDE87E80901->4523c126-f03b-4acb-be3e-4c406fe3aaad-AppendLogResponseHandler: Failed appendEntries: org.apache.ratis.thirdparty.io.grpc.StatusRuntimeException: UNAVAILABLE: io exception
2019-09-11 07:02:48,606 [grpc-default-executor-7] INFO  impl.FollowerInfo (FollowerInfo.java:lambda$new$0(51)) - 42626b9b-ed01-4037-9282-5fe073f296c6@group-7CDE87E80901->4523c126-f03b-4acb-be3e-4c406fe3aaad: nextIndex: updateUnconditionally 0 -> 0
2019-09-11 07:02:48,637 [Datanode State Machine Thread - 0] INFO  statemachine.DatanodeStateMachine (DatanodeStateMachine.java:lambda$startDaemon$0(350)) - Ozone container server started.
2019-09-11 07:02:49,104 [grpc-default-executor-7] WARN  server.GrpcLogAppender (LogUtils.java:warn(134)) - 42626b9b-ed01-4037-9282-5fe073f296c6@group-7CDE87E80901->4a2aa8aa-5edc-4f5e-99ad-9332c6d3f836-AppendLogResponseHandler: Failed appendEntries: org.apache.ratis.thirdparty.io.grpc.StatusRuntimeException: UNAVAILABLE: io exception
2019-09-11 07:02:49,104 [grpc-default-executor-7] INFO  impl.FollowerInfo (FollowerInfo.java:lambda$new$0(51)) - 42626b9b-ed01-4037-9282-5fe073f296c6@group-7CDE87E80901->4a2aa8aa-5edc-4f5e-99ad-9332c6d3f836: nextIndex: updateUnconditionally 7 -> 6
2019-09-11 07:02:49,106 [grpc-default-executor-0] WARN  server.GrpcLogAppender (LogUtils.java:warn(134)) - 42626b9b-ed01-4037-9282-5fe073f296c6@group-7CDE87E80901->4523c126-f03b-4acb-be3e-4c406fe3aaad-AppendLogResponseHandler: Failed appendEntries: org.apache.ratis.thirdparty.io.grpc.StatusRuntimeException: UNAVAILABLE: io exception
2019-09-11 07:02:49,106 [grpc-default-executor-0] INFO  impl.FollowerInfo (FollowerInfo.java:lambda$new$0(51)) - 42626b9b-ed01-4037-9282-5fe073f296c6@group-7CDE87E80901->4523c126-f03b-4acb-be3e-4c406fe3aaad: nextIndex: updateUnconditionally 0 -> 0
2019-09-11 07:02:49,605 [grpc-default-executor-7] WARN  server.GrpcLogAppender (LogUtils.java:warn(134)) - 42626b9b-ed01-4037-9282-5fe073f296c6@group-7CDE87E80901->4a2aa8aa-5edc-4f5e-99ad-9332c6d3f836-AppendLogResponseHandler: Failed appendEntries: org.apache.ratis.thirdparty.io.grpc.StatusRuntimeException: UNAVAILABLE: io exception
2019-09-11 07:02:49,606 [grpc-default-executor-7] INFO  impl.FollowerInfo (FollowerInfo.java:lambda$new$0(51)) - 42626b9b-ed01-4037-9282-5fe073f296c6@group-7CDE87E80901->4a2aa8aa-5edc-4f5e-99ad-9332c6d3f836: nextIndex: updateUnconditionally 6 -> 5
2019-09-11 07:02:49,606 [grpc-default-executor-3] WARN  server.GrpcLogAppender (LogUtils.java:warn(134)) - 42626b9b-ed01-4037-9282-5fe073f296c6@group-7CDE87E80901->4523c126-f03b-4acb-be3e-4c406fe3aaad-AppendLogResponseHandler: Failed appendEntries: org.apache.ratis.thirdparty.io.grpc.StatusRuntimeException: UNAVAILABLE: io exception
2019-09-11 07:02:49,607 [grpc-default-executor-3] INFO  impl.FollowerInfo (FollowerInfo.java:lambda$new$0(51)) - 42626b9b-ed01-4037-9282-5fe073f296c6@group-7CDE87E80901->4523c126-f03b-4acb-be3e-4c406fe3aaad: nextIndex: updateUnconditionally 0 -> 0
2019-09-11 07:02:50,106 [grpc-default-executor-3] WARN  server.GrpcLogAppender (LogUtils.java:warn(134)) - 42626b9b-ed01-4037-9282-5fe073f296c6@group-7CDE87E80901->4a2aa8aa-5edc-4f5e-99ad-9332c6d3f836-AppendLogResponseHandler: Failed appendEntries: org.apache.ratis.thirdparty.io.grpc.StatusRuntimeException: UNAVAILABLE: io exception
2019-09-11 07:02:50,106 [grpc-default-executor-3] INFO  impl.FollowerInfo (FollowerInfo.java:lambda$new$0(51)) - 42626b9b-ed01-4037-9282-5fe073f296c6@group-7CDE87E80901->4a2aa8aa-5edc-4f5e-99ad-9332c6d3f836: nextIndex: updateUnconditionally 5 -> 4
2019-09-11 07:02:50,107 [grpc-default-executor-0] WARN  server.GrpcLogAppender (LogUtils.java:warn(134)) - 42626b9b-ed01-4037-9282-5fe073f296c6@group-7CDE87E80901->4523c126-f03b-4acb-be3e-4c406fe3aaad-AppendLogResponseHandler: Failed appendEntries: org.apache.ratis.thirdparty.io.grpc.StatusRuntimeException: UNAVAILABLE: io exception
2019-09-11 07:02:50,107 [grpc-default-executor-0] INFO  impl.FollowerInfo (FollowerInfo.java:lambda$new$0(51)) - 42626b9b-ed01-4037-9282-5fe073f296c6@group-7CDE87E80901->4523c126-f03b-4acb-be3e-4c406fe3aaad: nextIndex: updateUnconditionally 0 -> 0
2019-09-11 07:02:50,609 [grpc-default-executor-7] WARN  server.GrpcLogAppender (LogUtils.java:warn(134)) - 42626b9b-ed01-4037-9282-5fe073f296c6@group-7CDE87E80901->4a2aa8aa-5edc-4f5e-99ad-9332c6d3f836-AppendLogResponseHandler: Failed appendEntries: org.apache.ratis.thirdparty.io.grpc.StatusRuntimeException: UNAVAILABLE: io exception
2019-09-11 07:02:50,609 [grpc-default-executor-0] WARN  server.GrpcLogAppender (LogUtils.java:warn(134)) - 42626b9b-ed01-4037-9282-5fe073f296c6@group-7CDE87E80901->4523c126-f03b-4acb-be3e-4c406fe3aaad-AppendLogResponseHandler: Failed appendEntries: org.apache.ratis.thirdparty.io.grpc.StatusRuntimeException: UNAVAILABLE: io exception
2019-09-11 07:02:50,610 [grpc-default-executor-7] INFO  impl.FollowerInfo (FollowerInfo.java:lambda$new$0(51)) - 42626b9b-ed01-4037-9282-5fe073f296c6@group-7CDE87E80901->4a2aa8aa-5edc-4f5e-99ad-9332c6d3f836: nextIndex: updateUnconditionally 4 -> 3
2019-09-11 07:02:50,610 [grpc-default-executor-0] INFO  impl.FollowerInfo (FollowerInfo.java:lambda$new$0(51)) - 42626b9b-ed01-4037-9282-5fe073f296c6@group-7CDE87E80901->4523c126-f03b-4acb-be3e-4c406fe3aaad: nextIndex: updateUnconditionally 0 -> 0
2019-09-11 07:02:51,109 [grpc-default-executor-1] WARN  server.GrpcLogAppender (LogUtils.java:warn(134)) - 42626b9b-ed01-4037-9282-5fe073f296c6@group-7CDE87E80901->4523c126-f03b-4acb-be3e-4c406fe3aaad-AppendLogResponseHandler: Failed appendEntries: org.apache.ratis.thirdparty.io.grpc.StatusRuntimeException: UNAVAILABLE: io exception
2019-09-11 07:02:51,109 [grpc-default-executor-7] WARN  server.GrpcLogAppender (LogUtils.java:warn(134)) - 42626b9b-ed01-4037-9282-5fe073f296c6@group-7CDE87E80901->4a2aa8aa-5edc-4f5e-99ad-9332c6d3f836-AppendLogResponseHandler: Failed appendEntries: org.apache.ratis.thirdparty.io.grpc.StatusRuntimeException: UNAVAILABLE: io exception
2019-09-11 07:02:51,110 [grpc-default-executor-1] INFO  impl.FollowerInfo (FollowerInfo.java:lambda$new$0(51)) - 42626b9b-ed01-4037-9282-5fe073f296c6@group-7CDE87E80901->4523c126-f03b-4acb-be3e-4c406fe3aaad: nextIndex: updateUnconditionally 0 -> 0
2019-09-11 07:02:51,110 [grpc-default-executor-7] INFO  impl.FollowerInfo (FollowerInfo.java:lambda$new$0(51)) - 42626b9b-ed01-4037-9282-5fe073f296c6@group-7CDE87E80901->4a2aa8aa-5edc-4f5e-99ad-9332c6d3f836: nextIndex: updateUnconditionally 3 -> 2
2019-09-11 07:02:51,610 [grpc-default-executor-7] WARN  server.GrpcLogAppender (LogUtils.java:warn(134)) - 42626b9b-ed01-4037-9282-5fe073f296c6@group-7CDE87E80901->4523c126-f03b-4acb-be3e-4c406fe3aaad-AppendLogResponseHandler: Failed appendEntries: org.apache.ratis.thirdparty.io.grpc.StatusRuntimeException: UNAVAILABLE: io exception
2019-09-11 07:02:51,610 [grpc-default-executor-3] WARN  server.GrpcLogAppender (LogUtils.java:warn(134)) - 42626b9b-ed01-4037-9282-5fe073f296c6@group-7CDE87E80901->4a2aa8aa-5edc-4f5e-99ad-9332c6d3f836-AppendLogResponseHandler: Failed appendEntries: org.apache.ratis.thirdparty.io.grpc.StatusRuntimeException: UNAVAILABLE: io exception
2019-09-11 07:02:51,610 [grpc-default-executor-7] INFO  impl.FollowerInfo (FollowerInfo.java:lambda$new$0(51)) - 42626b9b-ed01-4037-9282-5fe073f296c6@group-7CDE87E80901->4523c126-f03b-4acb-be3e-4c406fe3aaad: nextIndex: updateUnconditionally 0 -> 0
2019-09-11 07:02:51,610 [grpc-default-executor-3] INFO  impl.FollowerInfo (FollowerInfo.java:lambda$new$0(51)) - 42626b9b-ed01-4037-9282-5fe073f296c6@group-7CDE87E80901->4a2aa8aa-5edc-4f5e-99ad-9332c6d3f836: nextIndex: updateUnconditionally 2 -> 1
2019-09-11 07:02:52,112 [grpc-default-executor-8] WARN  server.GrpcLogAppender (LogUtils.java:warn(134)) - 42626b9b-ed01-4037-9282-5fe073f296c6@group-7CDE87E80901->4523c126-f03b-4acb-be3e-4c406fe3aaad-AppendLogResponseHandler: Failed appendEntries: org.apache.ratis.thirdparty.io.grpc.StatusRuntimeException: UNAVAILABLE: io exception
2019-09-11 07:02:52,112 [grpc-default-executor-7] WARN  server.GrpcLogAppender (LogUtils.java:warn(134)) - 42626b9b-ed01-4037-9282-5fe073f296c6@group-7CDE87E80901->4a2aa8aa-5edc-4f5e-99ad-9332c6d3f836-AppendLogResponseHandler: Failed appendEntries: org.apache.ratis.thirdparty.io.grpc.StatusRuntimeException: UNAVAILABLE: io exception
2019-09-11 07:02:52,113 [grpc-default-executor-8] INFO  impl.FollowerInfo (FollowerInfo.java:lambda$new$0(51)) - 42626b9b-ed01-4037-9282-5fe073f296c6@group-7CDE87E80901->4523c126-f03b-4acb-be3e-4c406fe3aaad: nextIndex: updateUnconditionally 0 -> 0
2019-09-11 07:02:52,113 [grpc-default-executor-7] INFO  impl.FollowerInfo (FollowerInfo.java:lambda$new$0(51)) - 42626b9b-ed01-4037-9282-5fe073f296c6@group-7CDE87E80901->4a2aa8aa-5edc-4f5e-99ad-9332c6d3f836: nextIndex: updateUnconditionally 1 -> 0
2019-09-11 07:02:52,614 [grpc-default-executor-7] WARN  server.GrpcLogAppender (LogUtils.java:warn(134)) - 42626b9b-ed01-4037-9282-5fe073f296c6@group-7CDE87E80901->4523c126-f03b-4acb-be3e-4c406fe3aaad-AppendLogResponseHandler: Failed appendEntries: org.apache.ratis.thirdparty.io.grpc.StatusRuntimeException: UNAVAILABLE: io exception
2019-09-11 07:02:52,614 [grpc-default-executor-8] WARN  server.GrpcLogAppender (LogUtils.java:warn(134)) - 42626b9b-ed01-4037-9282-5fe073f296c6@group-7CDE87E80901->4a2aa8aa-5edc-4f5e-99ad-9332c6d3f836-AppendLogResponseHandler: Failed appendEntries: org.apache.ratis.thirdparty.io.grpc.StatusRuntimeException: UNAVAILABLE: io exception
2019-09-11 07:02:52,614 [grpc-default-executor-7] INFO  impl.FollowerInfo (FollowerInfo.java:lambda$new$0(51)) - 42626b9b-ed01-4037-9282-5fe073f296c6@group-7CDE87E80901->4523c126-f03b-4acb-be3e-4c406fe3aaad: nextIndex: updateUnconditionally 0 -> 0
2019-09-11 07:02:52,614 [grpc-default-executor-8] INFO  impl.FollowerInfo (FollowerInfo.java:lambda$new$0(51)) - 42626b9b-ed01-4037-9282-5fe073f296c6@group-7CDE87E80901->4a2aa8aa-5edc-4f5e-99ad-9332c6d3f836: nextIndex: updateUnconditionally 0 -> 0
2019-09-11 07:02:53,115 [grpc-default-executor-7] WARN  server.GrpcLogAppender (LogUtils.java:warn(134)) - 42626b9b-ed01-4037-9282-5fe073f296c6@group-7CDE87E80901->4523c126-f03b-4acb-be3e-4c406fe3aaad-AppendLogResponseHandler: Failed appendEntries: org.apache.ratis.thirdparty.io.grpc.StatusRuntimeException: UNAVAILABLE: io exception
2019-09-11 07:02:53,115 [grpc-default-executor-8] WARN  server.GrpcLogAppender (LogUtils.java:warn(134)) - 42626b9b-ed01-4037-9282-5fe073f296c6@group-7CDE87E80901->4a2aa8aa-5edc-4f5e-99ad-9332c6d3f836-AppendLogResponseHandler: Failed appendEntries: org.apache.ratis.thirdparty.io.grpc.StatusRuntimeException: UNAVAILABLE: io exception
2019-09-11 07:02:53,116 [grpc-default-executor-7] INFO  impl.FollowerInfo (FollowerInfo.java:lambda$new$0(51)) - 42626b9b-ed01-4037-9282-5fe073f296c6@group-7CDE87E80901->4523c126-f03b-4acb-be3e-4c406fe3aaad: nextIndex: updateUnconditionally 0 -> 0
2019-09-11 07:02:53,116 [grpc-default-executor-8] INFO  impl.FollowerInfo (FollowerInfo.java:lambda$new$0(51)) - 42626b9b-ed01-4037-9282-5fe073f296c6@group-7CDE87E80901->4a2aa8aa-5edc-4f5e-99ad-9332c6d3f836: nextIndex: updateUnconditionally 0 -> 0
2019-09-11 07:02:53,249 [main] INFO  ozoneimpl.OzoneContainer (OzoneContainer.java:stop(231)) - Attempting to stop container services.
2019-09-11 07:02:53,250 [main] INFO  impl.RaftServerProxy (RaftServerProxy.java:lambda$close$4(314)) - 42626b9b-ed01-4037-9282-5fe073f296c6: close
2019-09-11 07:02:53,252 [main] INFO  impl.RaftServerImpl (RaftServerImpl.java:lambda$shutdown$3(251)) - 42626b9b-ed01-4037-9282-5fe073f296c6@group-C752A9F3D08A: shutdown
2019-09-11 07:02:53,252 [main] INFO  util.JmxRegister (JmxRegister.java:unregister(73)) - Successfully un-registered JMX Bean with object name Ratis:service=RaftServer,group=group-C752A9F3D08A,id=42626b9b-ed01-4037-9282-5fe073f296c6
2019-09-11 07:02:53,253 [main] INFO  impl.RoleInfo (RoleInfo.java:shutdownLeaderState(104)) - 42626b9b-ed01-4037-9282-5fe073f296c6: shutdown LeaderState
2019-09-11 07:02:53,253 [main] INFO  impl.PendingRequests (PendingRequests.java:sendNotLeaderResponses(202)) - 42626b9b-ed01-4037-9282-5fe073f296c6-PendingRequests: sendNotLeaderResponses
2019-09-11 07:02:53,254 [main] INFO  impl.StateMachineUpdater (StateMachineUpdater.java:stopAndJoin(125)) - 42626b9b-ed01-4037-9282-5fe073f296c6@group-C752A9F3D08A-StateMachineUpdater: set stopIndex = 0
2019-09-11 07:02:53,255 [main] INFO  impl.RaftServerImpl (ServerState.java:close(385)) - 42626b9b-ed01-4037-9282-5fe073f296c6@group-C752A9F3D08A: closes. applyIndex: 0
2019-09-11 07:02:53,256 [42626b9b-ed01-4037-9282-5fe073f296c6@group-C752A9F3D08A-SegmentedRaftLogWorker] INFO  segmented.SegmentedRaftLogWorker (SegmentedRaftLogWorker.java:run(313)) - 42626b9b-ed01-4037-9282-5fe073f296c6@group-C752A9F3D08A-SegmentedRaftLogWorker was interrupted, exiting. There are 0 tasks remaining in the queue.
2019-09-11 07:02:53,257 [main] INFO  segmented.SegmentedRaftLogWorker (SegmentedRaftLogWorker.java:close(228)) - 42626b9b-ed01-4037-9282-5fe073f296c6@group-C752A9F3D08A-SegmentedRaftLogWorker close()
2019-09-11 07:02:53,260 [main] INFO  impl.RaftServerImpl (RaftServerImpl.java:lambda$shutdown$3(251)) - 42626b9b-ed01-4037-9282-5fe073f296c6@group-7CDE87E80901: shutdown
2019-09-11 07:02:53,260 [main] INFO  util.JmxRegister (JmxRegister.java:unregister(73)) - Successfully un-registered JMX Bean with object name Ratis:service=RaftServer,group=group-7CDE87E80901,id=42626b9b-ed01-4037-9282-5fe073f296c6
2019-09-11 07:02:53,261 [main] INFO  impl.RoleInfo (RoleInfo.java:shutdownLeaderState(104)) - 42626b9b-ed01-4037-9282-5fe073f296c6: shutdown LeaderState
2019-09-11 07:02:53,263 [main] INFO  impl.PendingRequests (PendingRequests.java:sendNotLeaderResponses(202)) - 42626b9b-ed01-4037-9282-5fe073f296c6-PendingRequests: sendNotLeaderResponses
2019-09-11 07:02:53,263 [org.apache.ratis.server.impl.LogAppender$AppenderDaemon$$Lambda$594/345165550@72715476] WARN  server.GrpcLogAppender (GrpcLogAppender.java:mayWait(143)) - 42626b9b-ed01-4037-9282-5fe073f296c6@group-7CDE87E80901->4a2aa8aa-5edc-4f5e-99ad-9332c6d3f836-GrpcLogAppender: Wait interrupted by java.lang.InterruptedException
2019-09-11 07:02:53,263 [org.apache.ratis.server.impl.LogAppender$AppenderDaemon$$Lambda$594/345165550@4b2bb6f6] WARN  server.GrpcLogAppender (GrpcLogAppender.java:mayWait(143)) - 42626b9b-ed01-4037-9282-5fe073f296c6@group-7CDE87E80901->4523c126-f03b-4acb-be3e-4c406fe3aaad-GrpcLogAppender: Wait interrupted by java.lang.InterruptedException
2019-09-11 07:02:53,266 [main] INFO  impl.StateMachineUpdater (StateMachineUpdater.java:stopAndJoin(125)) - 42626b9b-ed01-4037-9282-5fe073f296c6@group-7CDE87E80901-StateMachineUpdater: set stopIndex = 14
2019-09-11 07:02:53,266 [42626b9b-ed01-4037-9282-5fe073f296c6@group-7CDE87E80901-StateMachineUpdater] INFO  ratis.ContainerStateMachine (ContainerStateMachine.java:takeSnapshot(289)) - group-7CDE87E80901: Taking a snapshot at:(t:2, i:12) file /workdir/hadoop-ozone/integration-test/target/test-dir/MiniOzoneClusterImpl-17eb7e61-4fa5-444d-af72-e415168ae45d/datanode-1/data/ratis/13214434-aab0-4670-8830-7cde87e80901/sm/snapshot.2_12
2019-09-11 07:02:53,290 [42626b9b-ed01-4037-9282-5fe073f296c6@group-7CDE87E80901-StateMachineUpdater] INFO  ratis.ContainerStateMachine (ContainerStateMachine.java:takeSnapshot(300)) - group-7CDE87E80901: Finished taking a snapshot at:(t:2, i:12) file:/workdir/hadoop-ozone/integration-test/target/test-dir/MiniOzoneClusterImpl-17eb7e61-4fa5-444d-af72-e415168ae45d/datanode-1/data/ratis/13214434-aab0-4670-8830-7cde87e80901/sm/snapshot.2_12 time:24
2019-09-11 07:02:53,290 [42626b9b-ed01-4037-9282-5fe073f296c6@group-7CDE87E80901-StateMachineUpdater] INFO  impl.StateMachineUpdater (StateMachineUpdater.java:takeSnapshot(258)) - 42626b9b-ed01-4037-9282-5fe073f296c6@group-7CDE87E80901-StateMachineUpdater: Took a snapshot at index 12
2019-09-11 07:02:53,291 [42626b9b-ed01-4037-9282-5fe073f296c6@group-7CDE87E80901-StateMachineUpdater] INFO  impl.StateMachineUpdater (StateMachineUpdater.java:lambda$new$0(83)) - 42626b9b-ed01-4037-9282-5fe073f296c6@group-7CDE87E80901-StateMachineUpdater: snapshotIndex: updateIncreasingly -1 -> 12
2019-09-11 07:02:53,291 [42626b9b-ed01-4037-9282-5fe073f296c6@group-7CDE87E80901-StateMachineUpdater] INFO  ratis.ContainerStateMachine (ContainerStateMachine.java:takeSnapshot(289)) - group-7CDE87E80901: Taking a snapshot at:(t:2, i:12) file /workdir/hadoop-ozone/integration-test/target/test-dir/MiniOzoneClusterImpl-17eb7e61-4fa5-444d-af72-e415168ae45d/datanode-1/data/ratis/13214434-aab0-4670-8830-7cde87e80901/sm/snapshot.2_12
2019-09-11 07:02:53,313 [42626b9b-ed01-4037-9282-5fe073f296c6@group-7CDE87E80901-StateMachineUpdater] INFO  ratis.ContainerStateMachine (ContainerStateMachine.java:takeSnapshot(300)) - group-7CDE87E80901: Finished taking a snapshot at:(t:2, i:12) file:/workdir/hadoop-ozone/integration-test/target/test-dir/MiniOzoneClusterImpl-17eb7e61-4fa5-444d-af72-e415168ae45d/datanode-1/data/ratis/13214434-aab0-4670-8830-7cde87e80901/sm/snapshot.2_12 time:22
2019-09-11 07:02:53,314 [42626b9b-ed01-4037-9282-5fe073f296c6@group-7CDE87E80901-StateMachineUpdater] INFO  impl.StateMachineUpdater (StateMachineUpdater.java:takeSnapshot(258)) - 42626b9b-ed01-4037-9282-5fe073f296c6@group-7CDE87E80901-StateMachineUpdater: Took a snapshot at index 12
2019-09-11 07:02:53,314 [42626b9b-ed01-4037-9282-5fe073f296c6@group-7CDE87E80901-StateMachineUpdater] INFO  impl.StateMachineUpdater (StateMachineUpdater.java:lambda$new$0(83)) - 42626b9b-ed01-4037-9282-5fe073f296c6@group-7CDE87E80901-StateMachineUpdater: snapshotIndex: updateIncreasingly 12 -> 12
2019-09-11 07:02:53,314 [main] INFO  impl.RaftServerImpl (ServerState.java:close(385)) - 42626b9b-ed01-4037-9282-5fe073f296c6@group-7CDE87E80901: closes. applyIndex: 14
2019-09-11 07:02:53,315 [42626b9b-ed01-4037-9282-5fe073f296c6@group-7CDE87E80901-SegmentedRaftLogWorker] INFO  segmented.SegmentedRaftLogWorker (SegmentedRaftLogWorker.java:run(313)) - 42626b9b-ed01-4037-9282-5fe073f296c6@group-7CDE87E80901-SegmentedRaftLogWorker was interrupted, exiting. There are 0 tasks remaining in the queue.
2019-09-11 07:02:53,317 [main] INFO  segmented.SegmentedRaftLogWorker (SegmentedRaftLogWorker.java:close(228)) - 42626b9b-ed01-4037-9282-5fe073f296c6@group-7CDE87E80901-SegmentedRaftLogWorker close()
2019-09-11 07:02:53,318 [main] INFO  server.GrpcService (GrpcService.java:closeImpl(164)) - 42626b9b-ed01-4037-9282-5fe073f296c6: shutdown server with port 37220 now
2019-09-11 07:02:53,319 [main] INFO  server.GrpcService (GrpcService.java:closeImpl(172)) - 42626b9b-ed01-4037-9282-5fe073f296c6: shutdown server with port 37220 successfully
2019-09-11 07:02:53,322 [refreshUsed-/workdir/hadoop-ozone/integration-test/target/test-dir/MiniOzoneClusterImpl-17eb7e61-4fa5-444d-af72-e415168ae45d/datanode-1/data/containers] WARN  fs.CachingGetSpaceUsed (CachingGetSpaceUsed.java:run(183)) - Thread Interrupted waiting to refresh disk information: sleep interrupted
2019-09-11 07:02:53,343 [main] INFO  utils.BackgroundService (BackgroundService.java:shutdown(148)) - Shutting down service BlockDeletingService
2019-09-11 07:02:53,347 [main] INFO  statemachine.DatanodeStateMachine (DatanodeStateMachine.java:stopDaemon(395)) - Ozone container server stopped.
2019-09-11 07:02:53,349 [main] INFO  handler.ContextHandler (ContextHandler.java:doStop(910)) - Stopped o.e.j.w.WebAppContext@1422ac7f{/,null,UNAVAILABLE}{/hddsDatanode}
2019-09-11 07:02:53,350 [main] INFO  server.AbstractConnector (AbstractConnector.java:doStop(318)) - Stopped ServerConnector@5e519ad3{HTTP/1.1,[http/1.1]}{0.0.0.0:0}
2019-09-11 07:02:53,350 [main] INFO  handler.ContextHandler (ContextHandler.java:doStop(910)) - Stopped o.e.j.s.ServletContextHandler@277b8fa4{/static,jar:file:/home/user/.m2/repository/org/apache/hadoop/hadoop-hdds-container-service/0.5.0-SNAPSHOT/hadoop-hdds-container-service-0.5.0-SNAPSHOT.jar!/webapps/static,UNAVAILABLE}
2019-09-11 07:02:53,351 [main] INFO  handler.ContextHandler (ContextHandler.java:doStop(910)) - Stopped o.e.j.s.ServletContextHandler@625d9132{/logs,file:///workdir/hadoop-ozone/integration-test/target/log,UNAVAILABLE}
2019-09-11 07:02:53,352 [main] INFO  ozone.MiniOzoneClusterImpl (MiniOzoneClusterImpl.java:stop(339)) - Stopping the StorageContainerManager
2019-09-11 07:02:53,352 [main] INFO  server.StorageContainerManager (StorageContainerManager.java:stop(801)) - Stopping Replication Manager Service.
2019-09-11 07:02:53,353 [main] INFO  container.ReplicationManager (ReplicationManager.java:stop(203)) - Stopping Replication Monitor Thread.
2019-09-11 07:02:53,353 [main] INFO  server.StorageContainerManager (StorageContainerManager.java:stop(808)) - Stopping Lease Manager of the command watchers
2019-09-11 07:02:53,353 [main] INFO  server.StorageContainerManager (StorageContainerManager.java:stop(815)) - Stopping datanode service RPC server
2019-09-11 07:02:53,354 [main] INFO  server.SCMDatanodeProtocolServer (SCMDatanodeProtocolServer.java:stop(367)) - Stopping the RPC server for DataNodes
2019-09-11 07:02:53,354 [main] INFO  ipc.Server (Server.java:stop(3082)) - Stopping server on 36948
2019-09-11 07:02:53,356 [IPC Server listener on 36948] INFO  ipc.Server (Server.java:run(1185)) - Stopping IPC Server listener on 36948
2019-09-11 07:02:53,356 [IPC Server Responder] INFO  ipc.Server (Server.java:run(1319)) - Stopping IPC Server Responder
2019-09-11 07:02:53,450 [SCM Heartbeat Processing Thread - 0] WARN  node.NodeStateManager (NodeStateManager.java:scheduleNextHealthCheck(646)) - Current Thread is interrupted, shutting down HB processing thread for Node Manager.
2019-09-11 07:02:53,451 [main] INFO  server.StorageContainerManager (StorageContainerManager.java:stop(823)) - Stopping block service RPC server
2019-09-11 07:02:53,451 [main] INFO  server.SCMBlockProtocolServer (SCMBlockProtocolServer.java:stop(155)) - Stopping the RPC server for Block Protocol
2019-09-11 07:02:53,451 [main] INFO  ipc.Server (Server.java:stop(3082)) - Stopping server on 32974
2019-09-11 07:02:53,453 [IPC Server listener on 32974] INFO  ipc.Server (Server.java:run(1185)) - Stopping IPC Server listener on 32974
2019-09-11 07:02:53,453 [IPC Server Responder] INFO  ipc.Server (Server.java:run(1319)) - Stopping IPC Server Responder
2019-09-11 07:02:53,453 [main] INFO  server.StorageContainerManager (StorageContainerManager.java:stop(830)) - Stopping the StorageContainerLocationProtocol RPC server
2019-09-11 07:02:53,454 [main] INFO  server.SCMClientProtocolServer (SCMClientProtocolServer.java:stop(159)) - Stopping the RPC server for Client Protocol
2019-09-11 07:02:53,454 [main] INFO  ipc.Server (Server.java:stop(3082)) - Stopping server on 40221
2019-09-11 07:02:53,456 [IPC Server listener on 40221] INFO  ipc.Server (Server.java:run(1185)) - Stopping IPC Server listener on 40221
2019-09-11 07:02:53,456 [main] INFO  server.StorageContainerManager (StorageContainerManager.java:stop(837)) - Stopping Storage Container Manager HTTP server.
2019-09-11 07:02:53,456 [IPC Server Responder] INFO  ipc.Server (Server.java:run(1319)) - Stopping IPC Server Responder
2019-09-11 07:02:53,457 [main] INFO  handler.ContextHandler (ContextHandler.java:doStop(910)) - Stopped o.e.j.w.WebAppContext@7555b920{/,null,UNAVAILABLE}{/scm}
2019-09-11 07:02:53,458 [main] INFO  server.AbstractConnector (AbstractConnector.java:doStop(318)) - Stopped ServerConnector@6db66836{HTTP/1.1,[http/1.1]}{0.0.0.0:0}
2019-09-11 07:02:53,458 [main] INFO  handler.ContextHandler (ContextHandler.java:doStop(910)) - Stopped o.e.j.s.ServletContextHandler@6622fc65{/static,file:///workdir/hadoop-ozone/integration-test/target/test-classes/webapps/static,UNAVAILABLE}
2019-09-11 07:02:53,459 [main] INFO  handler.ContextHandler (ContextHandler.java:doStop(910)) - Stopped o.e.j.s.ServletContextHandler@732f29af{/logs,file:///workdir/hadoop-ozone/integration-test/target/log,UNAVAILABLE}
2019-09-11 07:02:53,460 [main] INFO  server.StorageContainerManager (StorageContainerManager.java:stop(848)) - Stopping Block Manager Service.
2019-09-11 07:02:53,460 [main] INFO  utils.BackgroundService (BackgroundService.java:shutdown(148)) - Shutting down service SCMBlockDeletingService
2019-09-11 07:02:53,460 [main] INFO  utils.BackgroundService (BackgroundService.java:shutdown(148)) - Shutting down service SCMBlockDeletingService
2019-09-11 07:02:53,461 [main] INFO  server.StorageContainerManager (StorageContainerManager.java:stop(870)) - Stopping SCM Event Queue.
2019-09-11 07:02:53,469 [main] INFO  impl.MetricsSystemImpl (MetricsSystemImpl.java:stop(210)) - Stopping XceiverClientMetrics metrics system...
2019-09-11 07:02:53,479 [prometheus] INFO  impl.MetricsSinkAdapter (MetricsSinkAdapter.java:publishMetricsFromQueue(141)) - prometheus thread interrupted.
2019-09-11 07:02:53,479 [main] INFO  impl.MetricsSystemImpl (MetricsSystemImpl.java:stop(216)) - XceiverClientMetrics metrics system stopped.
]]></system-out>
    <system-err><![CDATA[ERROR StatusLogger No Log4j 2 configuration file found. Using default configuration (logging only errors to the console), or user programmatically provided configurations. Set system property 'log4j2.debug' to show Log4j 2 internal initialization logging. See https://logging.apache.org/log4j/2.x/manual/configuration.html for instructions on how to configure Log4j 2
Sep 11, 2019 7:01:45 AM org.apache.ratis.thirdparty.io.grpc.internal.SerializingExecutor run
SEVERE: Exception while executing runnable org.apache.ratis.thirdparty.io.grpc.internal.ServerImpl$JumpToApplicationThreadServerStreamListener$1Closed@3ab58026
org.apache.ratis.thirdparty.io.grpc.StatusRuntimeException: CANCELLED: call already cancelled
	at org.apache.ratis.thirdparty.io.grpc.Status.asRuntimeException(Status.java:517)
	at org.apache.ratis.thirdparty.io.grpc.stub.ServerCalls$ServerCallStreamObserverImpl.onCompleted(ServerCalls.java:356)
	at org.apache.ratis.grpc.server.GrpcServerProtocolService$ServerRequestStreamObserver.onError(GrpcServerProtocolService.java:121)
	at org.apache.ratis.thirdparty.io.grpc.stub.ServerCalls$StreamingServerCallHandler$StreamingServerCallListener.onCancel(ServerCalls.java:269)
	at org.apache.ratis.thirdparty.io.grpc.internal.ServerCallImpl$ServerStreamListenerImpl.closed(ServerCallImpl.java:293)
	at org.apache.ratis.thirdparty.io.grpc.internal.ServerImpl$JumpToApplicationThreadServerStreamListener$1Closed.runInContext(ServerImpl.java:741)
	at org.apache.ratis.thirdparty.io.grpc.internal.ContextRunnable.run(ContextRunnable.java:37)
	at org.apache.ratis.thirdparty.io.grpc.internal.SerializingExecutor.run(SerializingExecutor.java:123)
	at java.util.concurrent.ThreadPoolExecutor.runWorker(ThreadPoolExecutor.java:1149)
	at java.util.concurrent.ThreadPoolExecutor$Worker.run(ThreadPoolExecutor.java:624)
	at java.lang.Thread.run(Thread.java:748)

Sep 11, 2019 7:02:09 AM org.apache.ratis.thirdparty.io.grpc.internal.SerializingExecutor run
SEVERE: Exception while executing runnable org.apache.ratis.thirdparty.io.grpc.internal.ServerImpl$JumpToApplicationThreadServerStreamListener$1Closed@5347b6f7
org.apache.ratis.thirdparty.io.grpc.StatusRuntimeException: CANCELLED: call already cancelled
	at org.apache.ratis.thirdparty.io.grpc.Status.asRuntimeException(Status.java:517)
	at org.apache.ratis.thirdparty.io.grpc.stub.ServerCalls$ServerCallStreamObserverImpl.onCompleted(ServerCalls.java:356)
	at org.apache.ratis.grpc.server.GrpcServerProtocolService$ServerRequestStreamObserver.onError(GrpcServerProtocolService.java:121)
	at org.apache.ratis.thirdparty.io.grpc.stub.ServerCalls$StreamingServerCallHandler$StreamingServerCallListener.onCancel(ServerCalls.java:269)
	at org.apache.ratis.thirdparty.io.grpc.internal.ServerCallImpl$ServerStreamListenerImpl.closed(ServerCallImpl.java:293)
	at org.apache.ratis.thirdparty.io.grpc.internal.ServerImpl$JumpToApplicationThreadServerStreamListener$1Closed.runInContext(ServerImpl.java:741)
	at org.apache.ratis.thirdparty.io.grpc.internal.ContextRunnable.run(ContextRunnable.java:37)
	at org.apache.ratis.thirdparty.io.grpc.internal.SerializingExecutor.run(SerializingExecutor.java:123)
	at java.util.concurrent.ThreadPoolExecutor.runWorker(ThreadPoolExecutor.java:1149)
	at java.util.concurrent.ThreadPoolExecutor$Worker.run(ThreadPoolExecutor.java:624)
	at java.lang.Thread.run(Thread.java:748)

Sep 11, 2019 7:02:32 AM org.apache.ratis.thirdparty.io.grpc.internal.SerializingExecutor run
SEVERE: Exception while executing runnable org.apache.ratis.thirdparty.io.grpc.internal.ServerImpl$JumpToApplicationThreadServerStreamListener$1Closed@2217999e
org.apache.ratis.thirdparty.io.grpc.StatusRuntimeException: CANCELLED: call already cancelled
	at org.apache.ratis.thirdparty.io.grpc.Status.asRuntimeException(Status.java:517)
	at org.apache.ratis.thirdparty.io.grpc.stub.ServerCalls$ServerCallStreamObserverImpl.onCompleted(ServerCalls.java:356)
	at org.apache.ratis.grpc.server.GrpcServerProtocolService$ServerRequestStreamObserver.onError(GrpcServerProtocolService.java:121)
	at org.apache.ratis.thirdparty.io.grpc.stub.ServerCalls$StreamingServerCallHandler$StreamingServerCallListener.onCancel(ServerCalls.java:269)
	at org.apache.ratis.thirdparty.io.grpc.internal.ServerCallImpl$ServerStreamListenerImpl.closed(ServerCallImpl.java:293)
	at org.apache.ratis.thirdparty.io.grpc.internal.ServerImpl$JumpToApplicationThreadServerStreamListener$1Closed.runInContext(ServerImpl.java:741)
	at org.apache.ratis.thirdparty.io.grpc.internal.ContextRunnable.run(ContextRunnable.java:37)
	at org.apache.ratis.thirdparty.io.grpc.internal.SerializingExecutor.run(SerializingExecutor.java:123)
	at java.util.concurrent.ThreadPoolExecutor.runWorker(ThreadPoolExecutor.java:1149)
	at java.util.concurrent.ThreadPoolExecutor$Worker.run(ThreadPoolExecutor.java:624)
	at java.lang.Thread.run(Thread.java:748)

Sep 11, 2019 7:02:32 AM org.apache.ratis.thirdparty.io.grpc.internal.SerializingExecutor run
SEVERE: Exception while executing runnable org.apache.ratis.thirdparty.io.grpc.internal.ServerImpl$JumpToApplicationThreadServerStreamListener$1Closed@39b58e06
org.apache.ratis.thirdparty.io.grpc.StatusRuntimeException: CANCELLED: call already cancelled
	at org.apache.ratis.thirdparty.io.grpc.Status.asRuntimeException(Status.java:517)
	at org.apache.ratis.thirdparty.io.grpc.stub.ServerCalls$ServerCallStreamObserverImpl.onCompleted(ServerCalls.java:356)
	at org.apache.ratis.grpc.server.GrpcServerProtocolService$ServerRequestStreamObserver.onError(GrpcServerProtocolService.java:121)
	at org.apache.ratis.thirdparty.io.grpc.stub.ServerCalls$StreamingServerCallHandler$StreamingServerCallListener.onCancel(ServerCalls.java:269)
	at org.apache.ratis.thirdparty.io.grpc.internal.ServerCallImpl$ServerStreamListenerImpl.closed(ServerCallImpl.java:293)
	at org.apache.ratis.thirdparty.io.grpc.internal.ServerImpl$JumpToApplicationThreadServerStreamListener$1Closed.runInContext(ServerImpl.java:741)
	at org.apache.ratis.thirdparty.io.grpc.internal.ContextRunnable.run(ContextRunnable.java:37)
	at org.apache.ratis.thirdparty.io.grpc.internal.SerializingExecutor.run(SerializingExecutor.java:123)
	at java.util.concurrent.ThreadPoolExecutor.runWorker(ThreadPoolExecutor.java:1149)
	at java.util.concurrent.ThreadPoolExecutor$Worker.run(ThreadPoolExecutor.java:624)
	at java.lang.Thread.run(Thread.java:748)

Sep 11, 2019 7:02:43 AM org.apache.ratis.thirdparty.io.grpc.internal.SerializingExecutor run
SEVERE: Exception while executing runnable org.apache.ratis.thirdparty.io.grpc.internal.ServerImpl$JumpToApplicationThreadServerStreamListener$1Closed@23c0e7c
org.apache.ratis.thirdparty.io.grpc.StatusRuntimeException: CANCELLED: call already cancelled
	at org.apache.ratis.thirdparty.io.grpc.Status.asRuntimeException(Status.java:517)
	at org.apache.ratis.thirdparty.io.grpc.stub.ServerCalls$ServerCallStreamObserverImpl.onCompleted(ServerCalls.java:356)
	at org.apache.ratis.grpc.server.GrpcServerProtocolService$ServerRequestStreamObserver.onError(GrpcServerProtocolService.java:121)
	at org.apache.ratis.thirdparty.io.grpc.stub.ServerCalls$StreamingServerCallHandler$StreamingServerCallListener.onCancel(ServerCalls.java:269)
	at org.apache.ratis.thirdparty.io.grpc.internal.ServerCallImpl$ServerStreamListenerImpl.closed(ServerCallImpl.java:293)
	at org.apache.ratis.thirdparty.io.grpc.internal.ServerImpl$JumpToApplicationThreadServerStreamListener$1Closed.runInContext(ServerImpl.java:741)
	at org.apache.ratis.thirdparty.io.grpc.internal.ContextRunnable.run(ContextRunnable.java:37)
	at org.apache.ratis.thirdparty.io.grpc.internal.SerializingExecutor.run(SerializingExecutor.java:123)
	at java.util.concurrent.ThreadPoolExecutor.runWorker(ThreadPoolExecutor.java:1149)
	at java.util.concurrent.ThreadPoolExecutor$Worker.run(ThreadPoolExecutor.java:624)
	at java.lang.Thread.run(Thread.java:748)

]]></system-err>
  </testcase>
  <testcase name="testMultiBlockWritesWithDnFailures" classname="org.apache.hadoop.ozone.client.rpc.TestMultiBlockWritesWithDnFailures" time="43.999"/>
</testsuite>