<?xml version="1.0" encoding="UTF-8"?>
<testsuite xmlns:xsi="http://www.w3.org/2001/XMLSchema-instance" xsi:noNamespaceSchemaLocation="https://maven.apache.org/surefire/maven-surefire-plugin/xsd/surefire-test-report.xsd" name="org.apache.hadoop.ozone.freon.TestFreonWithPipelineDestroy" time="29.822" tests="1" errors="1" skipped="0" failures="0">
  <properties>
    <property name="awt.toolkit" value="sun.awt.X11.XToolkit"/>
    <property name="file.encoding.pkg" value="sun.io"/>
    <property name="java.specification.version" value="1.8"/>
    <property name="sun.cpu.isalist" value=""/>
    <property name="sun.jnu.encoding" value="UTF-8"/>
    <property name="java.class.path" value="/tmp/workdir/hadoop-ozone/tools/target/test-classes:/tmp/workdir/hadoop-ozone/tools/target/classes:/tmp/workdir/hadoop-ozone/ozone-manager/target/classes:/tmp/workdir/hadoop-hdds/docs/target/classes:/home/user/.m2/repository/org/bouncycastle/bcprov-jdk15on/1.60/bcprov-jdk15on-1.60.jar:/tmp/workdir/hadoop-ozone/common/target/classes:/home/user/.m2/repository/org/apache/commons/commons-compress/1.4.1/commons-compress-1.4.1.jar:/home/user/.m2/repository/org/tukaani/xz/1.0/xz-1.0.jar:/home/user/.m2/repository/org/apache/hadoop/hadoop-hdfs-client/3.2.0/hadoop-hdfs-client-3.2.0.jar:/home/user/.m2/repository/com/fasterxml/jackson/core/jackson-annotations/2.9.5/jackson-annotations-2.9.5.jar:/tmp/workdir/hadoop-hdds/common/target/classes:/tmp/workdir/hadoop-hdds/config/target/classes:/home/user/.m2/repository/javax/annotation/javax.annotation-api/1.2/javax.annotation-api-1.2.jar:/home/user/.m2/repository/org/apache/ratis/ratis-server/0.4.0-2337318-SNAPSHOT/ratis-server-0.4.0-2337318-SNAPSHOT.jar:/home/user/.m2/repository/org/apache/ratis/ratis-thirdparty-misc/0.2.0/ratis-thirdparty-misc-0.2.0.jar:/home/user/.m2/repository/org/apache/ratis/ratis-proto/0.4.0-2337318-SNAPSHOT/ratis-proto-0.4.0-2337318-SNAPSHOT.jar:/home/user/.m2/repository/org/apache/ratis/ratis-common/0.4.0-2337318-SNAPSHOT/ratis-common-0.4.0-2337318-SNAPSHOT.jar:/home/user/.m2/repository/org/apache/ratis/ratis-client/0.4.0-2337318-SNAPSHOT/ratis-client-0.4.0-2337318-SNAPSHOT.jar:/home/user/.m2/repository/org/apache/ratis/ratis-metrics/0.4.0-2337318-SNAPSHOT/ratis-metrics-0.4.0-2337318-SNAPSHOT.jar:/home/user/.m2/repository/org/apache/ratis/ratis-netty/0.4.0-2337318-SNAPSHOT/ratis-netty-0.4.0-2337318-SNAPSHOT.jar:/home/user/.m2/repository/org/apache/ratis/ratis-grpc/0.4.0-2337318-SNAPSHOT/ratis-grpc-0.4.0-2337318-SNAPSHOT.jar:/home/user/.m2/repository/org/rocksdb/rocksdbjni/6.0.1/rocksdbjni-6.0.1.jar:/home/user/.m2/repository/org/apache/logging/log4j/log4j-api/2.11.0/log4j-api-2.11.0.jar:/home/user/.m2/repository/org/apache/logging/log4j/log4j-core/2.11.0/log4j-core-2.11.0.jar:/home/user/.m2/repository/com/lmax/disruptor/3.4.2/disruptor-3.4.2.jar:/home/user/.m2/repository/org/apache/commons/commons-pool2/2.6.0/commons-pool2-2.6.0.jar:/home/user/.m2/repository/org/bouncycastle/bcpkix-jdk15on/1.60/bcpkix-jdk15on-1.60.jar:/home/user/.m2/repository/commons-validator/commons-validator/1.6/commons-validator-1.6.jar:/home/user/.m2/repository/commons-digester/commons-digester/1.8.1/commons-digester-1.8.1.jar:/home/user/.m2/repository/io/jaegertracing/jaeger-client/0.33.1/jaeger-client-0.33.1.jar:/home/user/.m2/repository/io/jaegertracing/jaeger-thrift/0.33.1/jaeger-thrift-0.33.1.jar:/home/user/.m2/repository/org/apache/thrift/libthrift/0.11.0/libthrift-0.11.0.jar:/home/user/.m2/repository/com/squareup/okhttp3/okhttp/3.9.0/okhttp-3.9.0.jar:/home/user/.m2/repository/com/squareup/okio/okio/1.13.0/okio-1.13.0.jar:/home/user/.m2/repository/io/jaegertracing/jaeger-core/0.33.1/jaeger-core-0.33.1.jar:/home/user/.m2/repository/io/jaegertracing/jaeger-tracerresolver/0.33.1/jaeger-tracerresolver-0.33.1.jar:/home/user/.m2/repository/io/opentracing/contrib/opentracing-tracerresolver/0.1.5/opentracing-tracerresolver-0.1.5.jar:/home/user/.m2/repository/io/opentracing/opentracing-util/0.31.0/opentracing-util-0.31.0.jar:/home/user/.m2/repository/io/opentracing/opentracing-api/0.31.0/opentracing-api-0.31.0.jar:/home/user/.m2/repository/io/opentracing/opentracing-noop/0.31.0/opentracing-noop-0.31.0.jar:/home/user/.m2/repository/org/yaml/snakeyaml/1.16/snakeyaml-1.16.jar:/tmp/workdir/hadoop-hdds/container-service/target/classes:/tmp/workdir/hadoop-hdds/client/target/classes:/tmp/workdir/hadoop-hdds/tools/target/classes:/home/user/.m2/repository/org/xerial/sqlite-jdbc/3.25.2/sqlite-jdbc-3.25.2.jar:/tmp/workdir/hadoop-hdds/server-scm/target/classes:/home/user/.m2/repository/org/hamcrest/hamcrest-all/1.3/hamcrest-all-1.3.jar:/home/user/.m2/repository/info/picocli/picocli/3.9.6/picocli-3.9.6.jar:/home/user/.m2/repository/com/google/protobuf/protobuf-java/2.5.0/protobuf-java-2.5.0.jar:/home/user/.m2/repository/com/google/guava/guava/11.0.2/guava-11.0.2.jar:/tmp/workdir/hadoop-ozone/client/target/classes:/home/user/.m2/repository/org/apache/hadoop/hadoop-ozone-filesystem/0.5.0-SNAPSHOT/hadoop-ozone-filesystem-0.5.0-SNAPSHOT.jar:/tmp/workdir/hadoop-hdds/framework/target/classes:/home/user/.m2/repository/org/apache/hadoop/hadoop-common/3.2.0/hadoop-common-3.2.0.jar:/home/user/.m2/repository/org/apache/hadoop/hadoop-annotations/3.2.0/hadoop-annotations-3.2.0.jar:/usr/lib/jvm/java-1.8-openjdk/jre/../lib/tools.jar:/home/user/.m2/repository/commons-cli/commons-cli/1.2/commons-cli-1.2.jar:/home/user/.m2/repository/org/apache/commons/commons-math3/3.1.1/commons-math3-3.1.1.jar:/home/user/.m2/repository/org/apache/httpcomponents/httpclient/4.5.2/httpclient-4.5.2.jar:/home/user/.m2/repository/org/apache/httpcomponents/httpcore/4.4.4/httpcore-4.4.4.jar:/home/user/.m2/repository/commons-codec/commons-codec/1.11/commons-codec-1.11.jar:/home/user/.m2/repository/commons-io/commons-io/2.5/commons-io-2.5.jar:/home/user/.m2/repository/commons-net/commons-net/3.6/commons-net-3.6.jar:/home/user/.m2/repository/commons-collections/commons-collections/3.2.2/commons-collections-3.2.2.jar:/home/user/.m2/repository/javax/servlet/javax.servlet-api/3.1.0/javax.servlet-api-3.1.0.jar:/home/user/.m2/repository/org/eclipse/jetty/jetty-server/9.3.24.v20180605/jetty-server-9.3.24.v20180605.jar:/home/user/.m2/repository/org/eclipse/jetty/jetty-http/9.3.24.v20180605/jetty-http-9.3.24.v20180605.jar:/home/user/.m2/repository/org/eclipse/jetty/jetty-io/9.3.24.v20180605/jetty-io-9.3.24.v20180605.jar:/home/user/.m2/repository/org/eclipse/jetty/jetty-util/9.3.24.v20180605/jetty-util-9.3.24.v20180605.jar:/home/user/.m2/repository/org/eclipse/jetty/jetty-servlet/9.3.24.v20180605/jetty-servlet-9.3.24.v20180605.jar:/home/user/.m2/repository/org/eclipse/jetty/jetty-security/9.3.24.v20180605/jetty-security-9.3.24.v20180605.jar:/home/user/.m2/repository/org/eclipse/jetty/jetty-webapp/9.3.24.v20180605/jetty-webapp-9.3.24.v20180605.jar:/home/user/.m2/repository/org/eclipse/jetty/jetty-xml/9.3.24.v20180605/jetty-xml-9.3.24.v20180605.jar:/home/user/.m2/repository/javax/servlet/jsp/jsp-api/2.1/jsp-api-2.1.jar:/home/user/.m2/repository/com/sun/jersey/jersey-core/1.19/jersey-core-1.19.jar:/home/user/.m2/repository/javax/ws/rs/jsr311-api/1.1.1/jsr311-api-1.1.1.jar:/home/user/.m2/repository/com/sun/jersey/jersey-servlet/1.19/jersey-servlet-1.19.jar:/home/user/.m2/repository/com/sun/jersey/jersey-json/1.19/jersey-json-1.19.jar:/home/user/.m2/repository/org/codehaus/jettison/jettison/1.1/jettison-1.1.jar:/home/user/.m2/repository/com/sun/xml/bind/jaxb-impl/2.3.0.1/jaxb-impl-2.3.0.1.jar:/home/user/.m2/repository/org/codehaus/jackson/jackson-core-asl/1.9.13/jackson-core-asl-1.9.13.jar:/home/user/.m2/repository/org/codehaus/jackson/jackson-mapper-asl/1.9.13/jackson-mapper-asl-1.9.13.jar:/home/user/.m2/repository/org/codehaus/jackson/jackson-jaxrs/1.9.13/jackson-jaxrs-1.9.13.jar:/home/user/.m2/repository/org/codehaus/jackson/jackson-xc/1.9.13/jackson-xc-1.9.13.jar:/home/user/.m2/repository/com/sun/jersey/jersey-server/1.19/jersey-server-1.19.jar:/home/user/.m2/repository/commons-logging/commons-logging/1.1.3/commons-logging-1.1.3.jar:/home/user/.m2/repository/log4j/log4j/1.2.17/log4j-1.2.17.jar:/home/user/.m2/repository/commons-beanutils/commons-beanutils/1.9.3/commons-beanutils-1.9.3.jar:/home/user/.m2/repository/org/apache/commons/commons-configuration2/2.1.1/commons-configuration2-2.1.1.jar:/home/user/.m2/repository/org/apache/commons/commons-lang3/3.7/commons-lang3-3.7.jar:/home/user/.m2/repository/org/apache/commons/commons-text/1.4/commons-text-1.4.jar:/home/user/.m2/repository/org/slf4j/slf4j-api/1.7.25/slf4j-api-1.7.25.jar:/home/user/.m2/repository/org/slf4j/slf4j-log4j12/1.7.25/slf4j-log4j12-1.7.25.jar:/home/user/.m2/repository/org/apache/avro/avro/1.7.7/avro-1.7.7.jar:/home/user/.m2/repository/com/thoughtworks/paranamer/paranamer/2.3/paranamer-2.3.jar:/home/user/.m2/repository/org/xerial/snappy/snappy-java/1.0.5/snappy-java-1.0.5.jar:/home/user/.m2/repository/com/google/re2j/re2j/1.1/re2j-1.1.jar:/home/user/.m2/repository/com/google/code/gson/gson/2.2.4/gson-2.2.4.jar:/home/user/.m2/repository/org/apache/hadoop/hadoop-auth/3.2.0/hadoop-auth-3.2.0.jar:/home/user/.m2/repository/com/nimbusds/nimbus-jose-jwt/4.41.1/nimbus-jose-jwt-4.41.1.jar:/home/user/.m2/repository/com/github/stephenc/jcip/jcip-annotations/1.0-1/jcip-annotations-1.0-1.jar:/home/user/.m2/repository/net/minidev/json-smart/2.3/json-smart-2.3.jar:/home/user/.m2/repository/net/minidev/accessors-smart/1.2/accessors-smart-1.2.jar:/home/user/.m2/repository/org/apache/curator/curator-framework/2.12.0/curator-framework-2.12.0.jar:/home/user/.m2/repository/com/jcraft/jsch/0.1.54/jsch-0.1.54.jar:/home/user/.m2/repository/org/apache/curator/curator-client/2.12.0/curator-client-2.12.0.jar:/home/user/.m2/repository/org/apache/curator/curator-recipes/2.12.0/curator-recipes-2.12.0.jar:/home/user/.m2/repository/com/google/code/findbugs/jsr305/3.0.0/jsr305-3.0.0.jar:/home/user/.m2/repository/org/apache/htrace/htrace-core4/4.1.0-incubating/htrace-core4-4.1.0-incubating.jar:/home/user/.m2/repository/org/apache/zookeeper/zookeeper/3.4.13/zookeeper-3.4.13.jar:/home/user/.m2/repository/org/apache/yetus/audience-annotations/0.5.0/audience-annotations-0.5.0.jar:/home/user/.m2/repository/org/apache/kerby/kerb-simplekdc/1.0.1/kerb-simplekdc-1.0.1.jar:/home/user/.m2/repository/org/apache/kerby/kerb-client/1.0.1/kerb-client-1.0.1.jar:/home/user/.m2/repository/org/apache/kerby/kerby-config/1.0.1/kerby-config-1.0.1.jar:/home/user/.m2/repository/org/apache/kerby/kerb-core/1.0.1/kerb-core-1.0.1.jar:/home/user/.m2/repository/org/apache/kerby/kerby-pkix/1.0.1/kerby-pkix-1.0.1.jar:/home/user/.m2/repository/org/apache/kerby/kerby-asn1/1.0.1/kerby-asn1-1.0.1.jar:/home/user/.m2/repository/org/apache/kerby/kerby-util/1.0.1/kerby-util-1.0.1.jar:/home/user/.m2/repository/org/apache/kerby/kerb-common/1.0.1/kerb-common-1.0.1.jar:/home/user/.m2/repository/org/apache/kerby/kerb-crypto/1.0.1/kerb-crypto-1.0.1.jar:/home/user/.m2/repository/org/apache/kerby/kerb-util/1.0.1/kerb-util-1.0.1.jar:/home/user/.m2/repository/org/apache/kerby/token-provider/1.0.1/token-provider-1.0.1.jar:/home/user/.m2/repository/org/apache/kerby/kerb-admin/1.0.1/kerb-admin-1.0.1.jar:/home/user/.m2/repository/org/apache/kerby/kerb-server/1.0.1/kerb-server-1.0.1.jar:/home/user/.m2/repository/org/apache/kerby/kerb-identity/1.0.1/kerb-identity-1.0.1.jar:/home/user/.m2/repository/org/apache/kerby/kerby-xdr/1.0.1/kerby-xdr-1.0.1.jar:/home/user/.m2/repository/com/fasterxml/jackson/core/jackson-databind/2.9.5/jackson-databind-2.9.5.jar:/home/user/.m2/repository/com/fasterxml/jackson/core/jackson-core/2.9.5/jackson-core-2.9.5.jar:/home/user/.m2/repository/org/codehaus/woodstox/stax2-api/3.1.4/stax2-api-3.1.4.jar:/home/user/.m2/repository/com/fasterxml/woodstox/woodstox-core/5.0.3/woodstox-core-5.0.3.jar:/home/user/.m2/repository/dnsjava/dnsjava/2.1.7/dnsjava-2.1.7.jar:/home/user/.m2/repository/org/apache/hadoop/hadoop-hdfs/3.2.0/hadoop-hdfs-3.2.0.jar:/home/user/.m2/repository/org/eclipse/jetty/jetty-util-ajax/9.3.24.v20180605/jetty-util-ajax-9.3.24.v20180605.jar:/home/user/.m2/repository/commons-daemon/commons-daemon/1.0.13/commons-daemon-1.0.13.jar:/home/user/.m2/repository/io/netty/netty/3.10.5.Final/netty-3.10.5.Final.jar:/home/user/.m2/repository/io/netty/netty-all/4.0.52.Final/netty-all-4.0.52.Final.jar:/home/user/.m2/repository/org/fusesource/leveldbjni/leveldbjni-all/1.8/leveldbjni-all-1.8.jar:/home/user/.m2/repository/com/sun/xml/bind/jaxb-core/2.3.0.1/jaxb-core-2.3.0.1.jar:/home/user/.m2/repository/javax/xml/bind/jaxb-api/2.3.0/jaxb-api-2.3.0.jar:/home/user/.m2/repository/javax/activation/activation/1.1.1/activation-1.1.1.jar:/home/user/.m2/repository/io/dropwizard/metrics/metrics-core/3.2.4/metrics-core-3.2.4.jar:/home/user/.m2/repository/org/openjdk/jmh/jmh-core/1.19/jmh-core-1.19.jar:/home/user/.m2/repository/net/sf/jopt-simple/jopt-simple/4.6/jopt-simple-4.6.jar:/home/user/.m2/repository/org/openjdk/jmh/jmh-generator-annprocess/1.19/jmh-generator-annprocess-1.19.jar:/home/user/.m2/repository/com/google/code/findbugs/findbugs/3.0.1/findbugs-3.0.1.jar:/home/user/.m2/repository/net/jcip/jcip-annotations/1.0/jcip-annotations-1.0.jar:/home/user/.m2/repository/com/google/code/findbugs/bcel-findbugs/6.0/bcel-findbugs-6.0.jar:/home/user/.m2/repository/com/google/code/findbugs/jFormatString/2.0.1/jFormatString-2.0.1.jar:/home/user/.m2/repository/dom4j/dom4j/1.6.1/dom4j-1.6.1.jar:/home/user/.m2/repository/xml-apis/xml-apis/1.0.b2/xml-apis-1.0.b2.jar:/home/user/.m2/repository/org/ow2/asm/asm-debug-all/5.0.2/asm-debug-all-5.0.2.jar:/home/user/.m2/repository/org/ow2/asm/asm-commons/5.0.2/asm-commons-5.0.2.jar:/home/user/.m2/repository/org/ow2/asm/asm-tree/5.0.2/asm-tree-5.0.2.jar:/home/user/.m2/repository/org/ow2/asm/asm/5.0.4/asm-5.0.4.jar:/home/user/.m2/repository/commons-lang/commons-lang/2.6/commons-lang-2.6.jar:/home/user/.m2/repository/com/apple/AppleJavaExtensions/1.4/AppleJavaExtensions-1.4.jar:/home/user/.m2/repository/jaxen/jaxen/1.1.6/jaxen-1.1.6.jar:/home/user/.m2/repository/junit/junit/4.11/junit-4.11.jar:/home/user/.m2/repository/org/hamcrest/hamcrest-core/1.3/hamcrest-core-1.3.jar:/home/user/.m2/repository/org/apache/hadoop/hadoop-common/3.2.0/hadoop-common-3.2.0-tests.jar:/home/user/.m2/repository/org/apache/hadoop/hadoop-ozone-integration-test/0.5.0-SNAPSHOT/hadoop-ozone-integration-test-0.5.0-SNAPSHOT-tests.jar:/tmp/workdir/hadoop-ozone/objectstore-service/target/classes:/tmp/workdir/hadoop-ozone/s3gateway/target/classes:/home/user/.m2/repository/org/jboss/weld/servlet/weld-servlet/2.4.7.Final/weld-servlet-2.4.7.Final.jar:/home/user/.m2/repository/org/glassfish/jersey/containers/jersey-container-servlet-core/2.27/jersey-container-servlet-core-2.27.jar:/home/user/.m2/repository/org/glassfish/hk2/external/javax.inject/2.5.0-b42/javax.inject-2.5.0-b42.jar:/home/user/.m2/repository/org/glassfish/jersey/core/jersey-common/2.27/jersey-common-2.27.jar:/home/user/.m2/repository/org/glassfish/hk2/osgi-resource-locator/1.0.1/osgi-resource-locator-1.0.1.jar:/home/user/.m2/repository/javax/ws/rs/javax.ws.rs-api/2.1/javax.ws.rs-api-2.1.jar:/home/user/.m2/repository/org/glassfish/jersey/ext/cdi/jersey-cdi1x/2.27/jersey-cdi1x-2.27.jar:/home/user/.m2/repository/org/glassfish/jersey/inject/jersey-hk2/2.27/jersey-hk2-2.27.jar:/home/user/.m2/repository/org/glassfish/hk2/hk2-locator/2.5.0-b42/hk2-locator-2.5.0-b42.jar:/home/user/.m2/repository/org/javassist/javassist/3.22.0-CR2/javassist-3.22.0-CR2.jar:/home/user/.m2/repository/org/glassfish/hk2/hk2-api/2.5.0/hk2-api-2.5.0.jar:/home/user/.m2/repository/org/glassfish/hk2/external/jakarta.inject/2.5.0/jakarta.inject-2.5.0.jar:/home/user/.m2/repository/org/glassfish/hk2/hk2-utils/2.5.0/hk2-utils-2.5.0.jar:/home/user/.m2/repository/jakarta/annotation/jakarta.annotation-api/1.3.4/jakarta.annotation-api-1.3.4.jar:/home/user/.m2/repository/org/glassfish/hk2/external/aopalliance-repackaged/2.5.0/aopalliance-repackaged-2.5.0.jar:/home/user/.m2/repository/com/fasterxml/jackson/dataformat/jackson-dataformat-xml/2.9.0/jackson-dataformat-xml-2.9.0.jar:/home/user/.m2/repository/com/fasterxml/jackson/module/jackson-module-jaxb-annotations/2.9.5/jackson-module-jaxb-annotations-2.9.5.jar:/home/user/.m2/repository/javax/enterprise/cdi-api/1.2/cdi-api-1.2.jar:/home/user/.m2/repository/javax/el/javax.el-api/3.0.0/javax.el-api-3.0.0.jar:/home/user/.m2/repository/javax/interceptor/javax.interceptor-api/1.2/javax.interceptor-api-1.2.jar:/home/user/.m2/repository/javax/inject/javax.inject/1/javax.inject-1.jar:/tmp/workdir/hadoop-ozone/csi/target/classes:/home/user/.m2/repository/com/google/protobuf/protobuf-java-util/3.5.1/protobuf-java-util-3.5.1.jar:/home/user/.m2/repository/io/grpc/grpc-netty/1.17.1/grpc-netty-1.17.1.jar:/home/user/.m2/repository/io/grpc/grpc-core/1.17.1/grpc-core-1.17.1.jar:/home/user/.m2/repository/io/grpc/grpc-context/1.17.1/grpc-context-1.17.1.jar:/home/user/.m2/repository/com/google/errorprone/error_prone_annotations/2.2.0/error_prone_annotations-2.2.0.jar:/home/user/.m2/repository/org/codehaus/mojo/animal-sniffer-annotations/1.17/animal-sniffer-annotations-1.17.jar:/home/user/.m2/repository/io/opencensus/opencensus-api/0.17.0/opencensus-api-0.17.0.jar:/home/user/.m2/repository/io/opencensus/opencensus-contrib-grpc-metrics/0.17.0/opencensus-contrib-grpc-metrics-0.17.0.jar:/home/user/.m2/repository/io/netty/netty-codec-http2/4.1.30.Final/netty-codec-http2-4.1.30.Final.jar:/home/user/.m2/repository/io/netty/netty-codec-http/4.1.30.Final/netty-codec-http-4.1.30.Final.jar:/home/user/.m2/repository/io/netty/netty-codec/4.1.30.Final/netty-codec-4.1.30.Final.jar:/home/user/.m2/repository/io/netty/netty-handler/4.1.30.Final/netty-handler-4.1.30.Final.jar:/home/user/.m2/repository/io/netty/netty-handler-proxy/4.1.30.Final/netty-handler-proxy-4.1.30.Final.jar:/home/user/.m2/repository/io/netty/netty-codec-socks/4.1.30.Final/netty-codec-socks-4.1.30.Final.jar:/home/user/.m2/repository/io/netty/netty-transport-native-epoll/4.1.30.Final/netty-transport-native-epoll-4.1.30.Final.jar:/home/user/.m2/repository/io/netty/netty-common/4.1.30.Final/netty-common-4.1.30.Final.jar:/home/user/.m2/repository/io/netty/netty-buffer/4.1.30.Final/netty-buffer-4.1.30.Final.jar:/home/user/.m2/repository/io/netty/netty-transport/4.1.30.Final/netty-transport-4.1.30.Final.jar:/home/user/.m2/repository/io/netty/netty-resolver/4.1.30.Final/netty-resolver-4.1.30.Final.jar:/home/user/.m2/repository/io/netty/netty-transport-native-unix-common/4.1.30.Final/netty-transport-native-unix-common-4.1.30.Final.jar:/home/user/.m2/repository/io/grpc/grpc-protobuf/1.17.1/grpc-protobuf-1.17.1.jar:/home/user/.m2/repository/com/google/api/grpc/proto-google-common-protos/1.0.0/proto-google-common-protos-1.0.0.jar:/home/user/.m2/repository/io/grpc/grpc-protobuf-lite/1.17.1/grpc-protobuf-lite-1.17.1.jar:/home/user/.m2/repository/io/grpc/grpc-stub/1.17.1/grpc-stub-1.17.1.jar:/tmp/workdir/hadoop-ozone/ozone-recon/target/classes:/tmp/workdir/hadoop-ozone/ozone-recon-codegen/target/classes:/home/user/.m2/repository/com/google/inject/extensions/guice-multibindings/4.0/guice-multibindings-4.0.jar:/home/user/.m2/repository/com/google/inject/guice/4.0/guice-4.0.jar:/home/user/.m2/repository/aopalliance/aopalliance/1.0/aopalliance-1.0.jar:/home/user/.m2/repository/com/google/inject/extensions/guice-servlet/4.0/guice-servlet-4.0.jar:/home/user/.m2/repository/org/glassfish/jersey/containers/jersey-container-servlet/2.27/jersey-container-servlet-2.27.jar:/home/user/.m2/repository/org/glassfish/hk2/guice-bridge/2.5.0/guice-bridge-2.5.0.jar:/home/user/.m2/repository/org/glassfish/jersey/core/jersey-server/2.27/jersey-server-2.27.jar:/home/user/.m2/repository/org/glassfish/jersey/core/jersey-client/2.27/jersey-client-2.27.jar:/home/user/.m2/repository/org/glassfish/jersey/media/jersey-media-jaxb/2.27/jersey-media-jaxb-2.27.jar:/home/user/.m2/repository/javax/validation/validation-api/1.1.0.Final/validation-api-1.1.0.Final.jar:/home/user/.m2/repository/org/glassfish/jersey/media/jersey-media-json-jackson/2.27/jersey-media-json-jackson-2.27.jar:/home/user/.m2/repository/org/glassfish/jersey/ext/jersey-entity-filtering/2.27/jersey-entity-filtering-2.27.jar:/home/user/.m2/repository/com/google/inject/extensions/guice-assistedinject/4.0/guice-assistedinject-4.0.jar:/home/user/.m2/repository/org/jooq/jooq/3.11.10/jooq-3.11.10.jar:/home/user/.m2/repository/org/jooq/jooq-meta/3.11.10/jooq-meta-3.11.10.jar:/home/user/.m2/repository/org/jooq/jooq-codegen/3.11.10/jooq-codegen-3.11.10.jar:/home/user/.m2/repository/com/jolbox/bonecp/0.8.0.RELEASE/bonecp-0.8.0.RELEASE.jar:/home/user/.m2/repository/org/springframework/spring-jdbc/5.1.3.RELEASE/spring-jdbc-5.1.3.RELEASE.jar:/home/user/.m2/repository/org/springframework/spring-beans/5.1.3.RELEASE/spring-beans-5.1.3.RELEASE.jar:/home/user/.m2/repository/org/springframework/spring-core/5.1.3.RELEASE/spring-core-5.1.3.RELEASE.jar:/home/user/.m2/repository/org/springframework/spring-jcl/5.1.3.RELEASE/spring-jcl-5.1.3.RELEASE.jar:/home/user/.m2/repository/org/springframework/spring-tx/5.1.3.RELEASE/spring-tx-5.1.3.RELEASE.jar:/home/user/.m2/repository/org/mockito/mockito-core/2.15.0/mockito-core-2.15.0.jar:/home/user/.m2/repository/net/bytebuddy/byte-buddy/1.7.9/byte-buddy-1.7.9.jar:/home/user/.m2/repository/net/bytebuddy/byte-buddy-agent/1.7.9/byte-buddy-agent-1.7.9.jar:/home/user/.m2/repository/org/objenesis/objenesis/1.0/objenesis-1.0.jar:"/>
    <property name="java.vm.vendor" value="IcedTea"/>
    <property name="sun.arch.data.model" value="64"/>
    <property name="test.build.dir" value="/tmp/workdir/hadoop-ozone/tools/target/test-dir"/>
    <property name="test.cache.data" value=""/>
    <property name="java.vendor.url" value="https://icedtea.classpath.org"/>
    <property name="user.timezone" value=""/>
    <property name="java.vm.specification.version" value="1.8"/>
    <property name="os.name" value="Linux"/>
    <property name="test.build.data" value="/tmp/workdir/hadoop-ozone/tools/target/test-dir"/>
    <property name="user.country" value="US"/>
    <property name="sun.java.launcher" value="SUN_STANDARD"/>
    <property name="sun.boot.library.path" value="/usr/lib/jvm/java-1.8-openjdk/jre/lib/amd64"/>
    <property name="sun.java.command" value="/tmp/workdir/hadoop-ozone/tools/target/surefire/surefirebooter8102083597945397688.jar /tmp/workdir/hadoop-ozone/tools/target/surefire 2019-07-10T03-37-21_104-jvmRun1 surefire4482479830064756681tmp surefire_1041676608659246318783tmp"/>
    <property name="surefire.test.class.path" value="/tmp/workdir/hadoop-ozone/tools/target/test-classes:/tmp/workdir/hadoop-ozone/tools/target/classes:/tmp/workdir/hadoop-ozone/ozone-manager/target/classes:/tmp/workdir/hadoop-hdds/docs/target/classes:/home/user/.m2/repository/org/bouncycastle/bcprov-jdk15on/1.60/bcprov-jdk15on-1.60.jar:/tmp/workdir/hadoop-ozone/common/target/classes:/home/user/.m2/repository/org/apache/commons/commons-compress/1.4.1/commons-compress-1.4.1.jar:/home/user/.m2/repository/org/tukaani/xz/1.0/xz-1.0.jar:/home/user/.m2/repository/org/apache/hadoop/hadoop-hdfs-client/3.2.0/hadoop-hdfs-client-3.2.0.jar:/home/user/.m2/repository/com/fasterxml/jackson/core/jackson-annotations/2.9.5/jackson-annotations-2.9.5.jar:/tmp/workdir/hadoop-hdds/common/target/classes:/tmp/workdir/hadoop-hdds/config/target/classes:/home/user/.m2/repository/javax/annotation/javax.annotation-api/1.2/javax.annotation-api-1.2.jar:/home/user/.m2/repository/org/apache/ratis/ratis-server/0.4.0-2337318-SNAPSHOT/ratis-server-0.4.0-2337318-SNAPSHOT.jar:/home/user/.m2/repository/org/apache/ratis/ratis-thirdparty-misc/0.2.0/ratis-thirdparty-misc-0.2.0.jar:/home/user/.m2/repository/org/apache/ratis/ratis-proto/0.4.0-2337318-SNAPSHOT/ratis-proto-0.4.0-2337318-SNAPSHOT.jar:/home/user/.m2/repository/org/apache/ratis/ratis-common/0.4.0-2337318-SNAPSHOT/ratis-common-0.4.0-2337318-SNAPSHOT.jar:/home/user/.m2/repository/org/apache/ratis/ratis-client/0.4.0-2337318-SNAPSHOT/ratis-client-0.4.0-2337318-SNAPSHOT.jar:/home/user/.m2/repository/org/apache/ratis/ratis-metrics/0.4.0-2337318-SNAPSHOT/ratis-metrics-0.4.0-2337318-SNAPSHOT.jar:/home/user/.m2/repository/org/apache/ratis/ratis-netty/0.4.0-2337318-SNAPSHOT/ratis-netty-0.4.0-2337318-SNAPSHOT.jar:/home/user/.m2/repository/org/apache/ratis/ratis-grpc/0.4.0-2337318-SNAPSHOT/ratis-grpc-0.4.0-2337318-SNAPSHOT.jar:/home/user/.m2/repository/org/rocksdb/rocksdbjni/6.0.1/rocksdbjni-6.0.1.jar:/home/user/.m2/repository/org/apache/logging/log4j/log4j-api/2.11.0/log4j-api-2.11.0.jar:/home/user/.m2/repository/org/apache/logging/log4j/log4j-core/2.11.0/log4j-core-2.11.0.jar:/home/user/.m2/repository/com/lmax/disruptor/3.4.2/disruptor-3.4.2.jar:/home/user/.m2/repository/org/apache/commons/commons-pool2/2.6.0/commons-pool2-2.6.0.jar:/home/user/.m2/repository/org/bouncycastle/bcpkix-jdk15on/1.60/bcpkix-jdk15on-1.60.jar:/home/user/.m2/repository/commons-validator/commons-validator/1.6/commons-validator-1.6.jar:/home/user/.m2/repository/commons-digester/commons-digester/1.8.1/commons-digester-1.8.1.jar:/home/user/.m2/repository/io/jaegertracing/jaeger-client/0.33.1/jaeger-client-0.33.1.jar:/home/user/.m2/repository/io/jaegertracing/jaeger-thrift/0.33.1/jaeger-thrift-0.33.1.jar:/home/user/.m2/repository/org/apache/thrift/libthrift/0.11.0/libthrift-0.11.0.jar:/home/user/.m2/repository/com/squareup/okhttp3/okhttp/3.9.0/okhttp-3.9.0.jar:/home/user/.m2/repository/com/squareup/okio/okio/1.13.0/okio-1.13.0.jar:/home/user/.m2/repository/io/jaegertracing/jaeger-core/0.33.1/jaeger-core-0.33.1.jar:/home/user/.m2/repository/io/jaegertracing/jaeger-tracerresolver/0.33.1/jaeger-tracerresolver-0.33.1.jar:/home/user/.m2/repository/io/opentracing/contrib/opentracing-tracerresolver/0.1.5/opentracing-tracerresolver-0.1.5.jar:/home/user/.m2/repository/io/opentracing/opentracing-util/0.31.0/opentracing-util-0.31.0.jar:/home/user/.m2/repository/io/opentracing/opentracing-api/0.31.0/opentracing-api-0.31.0.jar:/home/user/.m2/repository/io/opentracing/opentracing-noop/0.31.0/opentracing-noop-0.31.0.jar:/home/user/.m2/repository/org/yaml/snakeyaml/1.16/snakeyaml-1.16.jar:/tmp/workdir/hadoop-hdds/container-service/target/classes:/tmp/workdir/hadoop-hdds/client/target/classes:/tmp/workdir/hadoop-hdds/tools/target/classes:/home/user/.m2/repository/org/xerial/sqlite-jdbc/3.25.2/sqlite-jdbc-3.25.2.jar:/tmp/workdir/hadoop-hdds/server-scm/target/classes:/home/user/.m2/repository/org/hamcrest/hamcrest-all/1.3/hamcrest-all-1.3.jar:/home/user/.m2/repository/info/picocli/picocli/3.9.6/picocli-3.9.6.jar:/home/user/.m2/repository/com/google/protobuf/protobuf-java/2.5.0/protobuf-java-2.5.0.jar:/home/user/.m2/repository/com/google/guava/guava/11.0.2/guava-11.0.2.jar:/tmp/workdir/hadoop-ozone/client/target/classes:/home/user/.m2/repository/org/apache/hadoop/hadoop-ozone-filesystem/0.5.0-SNAPSHOT/hadoop-ozone-filesystem-0.5.0-SNAPSHOT.jar:/tmp/workdir/hadoop-hdds/framework/target/classes:/home/user/.m2/repository/org/apache/hadoop/hadoop-common/3.2.0/hadoop-common-3.2.0.jar:/home/user/.m2/repository/org/apache/hadoop/hadoop-annotations/3.2.0/hadoop-annotations-3.2.0.jar:/usr/lib/jvm/java-1.8-openjdk/jre/../lib/tools.jar:/home/user/.m2/repository/commons-cli/commons-cli/1.2/commons-cli-1.2.jar:/home/user/.m2/repository/org/apache/commons/commons-math3/3.1.1/commons-math3-3.1.1.jar:/home/user/.m2/repository/org/apache/httpcomponents/httpclient/4.5.2/httpclient-4.5.2.jar:/home/user/.m2/repository/org/apache/httpcomponents/httpcore/4.4.4/httpcore-4.4.4.jar:/home/user/.m2/repository/commons-codec/commons-codec/1.11/commons-codec-1.11.jar:/home/user/.m2/repository/commons-io/commons-io/2.5/commons-io-2.5.jar:/home/user/.m2/repository/commons-net/commons-net/3.6/commons-net-3.6.jar:/home/user/.m2/repository/commons-collections/commons-collections/3.2.2/commons-collections-3.2.2.jar:/home/user/.m2/repository/javax/servlet/javax.servlet-api/3.1.0/javax.servlet-api-3.1.0.jar:/home/user/.m2/repository/org/eclipse/jetty/jetty-server/9.3.24.v20180605/jetty-server-9.3.24.v20180605.jar:/home/user/.m2/repository/org/eclipse/jetty/jetty-http/9.3.24.v20180605/jetty-http-9.3.24.v20180605.jar:/home/user/.m2/repository/org/eclipse/jetty/jetty-io/9.3.24.v20180605/jetty-io-9.3.24.v20180605.jar:/home/user/.m2/repository/org/eclipse/jetty/jetty-util/9.3.24.v20180605/jetty-util-9.3.24.v20180605.jar:/home/user/.m2/repository/org/eclipse/jetty/jetty-servlet/9.3.24.v20180605/jetty-servlet-9.3.24.v20180605.jar:/home/user/.m2/repository/org/eclipse/jetty/jetty-security/9.3.24.v20180605/jetty-security-9.3.24.v20180605.jar:/home/user/.m2/repository/org/eclipse/jetty/jetty-webapp/9.3.24.v20180605/jetty-webapp-9.3.24.v20180605.jar:/home/user/.m2/repository/org/eclipse/jetty/jetty-xml/9.3.24.v20180605/jetty-xml-9.3.24.v20180605.jar:/home/user/.m2/repository/javax/servlet/jsp/jsp-api/2.1/jsp-api-2.1.jar:/home/user/.m2/repository/com/sun/jersey/jersey-core/1.19/jersey-core-1.19.jar:/home/user/.m2/repository/javax/ws/rs/jsr311-api/1.1.1/jsr311-api-1.1.1.jar:/home/user/.m2/repository/com/sun/jersey/jersey-servlet/1.19/jersey-servlet-1.19.jar:/home/user/.m2/repository/com/sun/jersey/jersey-json/1.19/jersey-json-1.19.jar:/home/user/.m2/repository/org/codehaus/jettison/jettison/1.1/jettison-1.1.jar:/home/user/.m2/repository/com/sun/xml/bind/jaxb-impl/2.3.0.1/jaxb-impl-2.3.0.1.jar:/home/user/.m2/repository/org/codehaus/jackson/jackson-core-asl/1.9.13/jackson-core-asl-1.9.13.jar:/home/user/.m2/repository/org/codehaus/jackson/jackson-mapper-asl/1.9.13/jackson-mapper-asl-1.9.13.jar:/home/user/.m2/repository/org/codehaus/jackson/jackson-jaxrs/1.9.13/jackson-jaxrs-1.9.13.jar:/home/user/.m2/repository/org/codehaus/jackson/jackson-xc/1.9.13/jackson-xc-1.9.13.jar:/home/user/.m2/repository/com/sun/jersey/jersey-server/1.19/jersey-server-1.19.jar:/home/user/.m2/repository/commons-logging/commons-logging/1.1.3/commons-logging-1.1.3.jar:/home/user/.m2/repository/log4j/log4j/1.2.17/log4j-1.2.17.jar:/home/user/.m2/repository/commons-beanutils/commons-beanutils/1.9.3/commons-beanutils-1.9.3.jar:/home/user/.m2/repository/org/apache/commons/commons-configuration2/2.1.1/commons-configuration2-2.1.1.jar:/home/user/.m2/repository/org/apache/commons/commons-lang3/3.7/commons-lang3-3.7.jar:/home/user/.m2/repository/org/apache/commons/commons-text/1.4/commons-text-1.4.jar:/home/user/.m2/repository/org/slf4j/slf4j-api/1.7.25/slf4j-api-1.7.25.jar:/home/user/.m2/repository/org/slf4j/slf4j-log4j12/1.7.25/slf4j-log4j12-1.7.25.jar:/home/user/.m2/repository/org/apache/avro/avro/1.7.7/avro-1.7.7.jar:/home/user/.m2/repository/com/thoughtworks/paranamer/paranamer/2.3/paranamer-2.3.jar:/home/user/.m2/repository/org/xerial/snappy/snappy-java/1.0.5/snappy-java-1.0.5.jar:/home/user/.m2/repository/com/google/re2j/re2j/1.1/re2j-1.1.jar:/home/user/.m2/repository/com/google/code/gson/gson/2.2.4/gson-2.2.4.jar:/home/user/.m2/repository/org/apache/hadoop/hadoop-auth/3.2.0/hadoop-auth-3.2.0.jar:/home/user/.m2/repository/com/nimbusds/nimbus-jose-jwt/4.41.1/nimbus-jose-jwt-4.41.1.jar:/home/user/.m2/repository/com/github/stephenc/jcip/jcip-annotations/1.0-1/jcip-annotations-1.0-1.jar:/home/user/.m2/repository/net/minidev/json-smart/2.3/json-smart-2.3.jar:/home/user/.m2/repository/net/minidev/accessors-smart/1.2/accessors-smart-1.2.jar:/home/user/.m2/repository/org/apache/curator/curator-framework/2.12.0/curator-framework-2.12.0.jar:/home/user/.m2/repository/com/jcraft/jsch/0.1.54/jsch-0.1.54.jar:/home/user/.m2/repository/org/apache/curator/curator-client/2.12.0/curator-client-2.12.0.jar:/home/user/.m2/repository/org/apache/curator/curator-recipes/2.12.0/curator-recipes-2.12.0.jar:/home/user/.m2/repository/com/google/code/findbugs/jsr305/3.0.0/jsr305-3.0.0.jar:/home/user/.m2/repository/org/apache/htrace/htrace-core4/4.1.0-incubating/htrace-core4-4.1.0-incubating.jar:/home/user/.m2/repository/org/apache/zookeeper/zookeeper/3.4.13/zookeeper-3.4.13.jar:/home/user/.m2/repository/org/apache/yetus/audience-annotations/0.5.0/audience-annotations-0.5.0.jar:/home/user/.m2/repository/org/apache/kerby/kerb-simplekdc/1.0.1/kerb-simplekdc-1.0.1.jar:/home/user/.m2/repository/org/apache/kerby/kerb-client/1.0.1/kerb-client-1.0.1.jar:/home/user/.m2/repository/org/apache/kerby/kerby-config/1.0.1/kerby-config-1.0.1.jar:/home/user/.m2/repository/org/apache/kerby/kerb-core/1.0.1/kerb-core-1.0.1.jar:/home/user/.m2/repository/org/apache/kerby/kerby-pkix/1.0.1/kerby-pkix-1.0.1.jar:/home/user/.m2/repository/org/apache/kerby/kerby-asn1/1.0.1/kerby-asn1-1.0.1.jar:/home/user/.m2/repository/org/apache/kerby/kerby-util/1.0.1/kerby-util-1.0.1.jar:/home/user/.m2/repository/org/apache/kerby/kerb-common/1.0.1/kerb-common-1.0.1.jar:/home/user/.m2/repository/org/apache/kerby/kerb-crypto/1.0.1/kerb-crypto-1.0.1.jar:/home/user/.m2/repository/org/apache/kerby/kerb-util/1.0.1/kerb-util-1.0.1.jar:/home/user/.m2/repository/org/apache/kerby/token-provider/1.0.1/token-provider-1.0.1.jar:/home/user/.m2/repository/org/apache/kerby/kerb-admin/1.0.1/kerb-admin-1.0.1.jar:/home/user/.m2/repository/org/apache/kerby/kerb-server/1.0.1/kerb-server-1.0.1.jar:/home/user/.m2/repository/org/apache/kerby/kerb-identity/1.0.1/kerb-identity-1.0.1.jar:/home/user/.m2/repository/org/apache/kerby/kerby-xdr/1.0.1/kerby-xdr-1.0.1.jar:/home/user/.m2/repository/com/fasterxml/jackson/core/jackson-databind/2.9.5/jackson-databind-2.9.5.jar:/home/user/.m2/repository/com/fasterxml/jackson/core/jackson-core/2.9.5/jackson-core-2.9.5.jar:/home/user/.m2/repository/org/codehaus/woodstox/stax2-api/3.1.4/stax2-api-3.1.4.jar:/home/user/.m2/repository/com/fasterxml/woodstox/woodstox-core/5.0.3/woodstox-core-5.0.3.jar:/home/user/.m2/repository/dnsjava/dnsjava/2.1.7/dnsjava-2.1.7.jar:/home/user/.m2/repository/org/apache/hadoop/hadoop-hdfs/3.2.0/hadoop-hdfs-3.2.0.jar:/home/user/.m2/repository/org/eclipse/jetty/jetty-util-ajax/9.3.24.v20180605/jetty-util-ajax-9.3.24.v20180605.jar:/home/user/.m2/repository/commons-daemon/commons-daemon/1.0.13/commons-daemon-1.0.13.jar:/home/user/.m2/repository/io/netty/netty/3.10.5.Final/netty-3.10.5.Final.jar:/home/user/.m2/repository/io/netty/netty-all/4.0.52.Final/netty-all-4.0.52.Final.jar:/home/user/.m2/repository/org/fusesource/leveldbjni/leveldbjni-all/1.8/leveldbjni-all-1.8.jar:/home/user/.m2/repository/com/sun/xml/bind/jaxb-core/2.3.0.1/jaxb-core-2.3.0.1.jar:/home/user/.m2/repository/javax/xml/bind/jaxb-api/2.3.0/jaxb-api-2.3.0.jar:/home/user/.m2/repository/javax/activation/activation/1.1.1/activation-1.1.1.jar:/home/user/.m2/repository/io/dropwizard/metrics/metrics-core/3.2.4/metrics-core-3.2.4.jar:/home/user/.m2/repository/org/openjdk/jmh/jmh-core/1.19/jmh-core-1.19.jar:/home/user/.m2/repository/net/sf/jopt-simple/jopt-simple/4.6/jopt-simple-4.6.jar:/home/user/.m2/repository/org/openjdk/jmh/jmh-generator-annprocess/1.19/jmh-generator-annprocess-1.19.jar:/home/user/.m2/repository/com/google/code/findbugs/findbugs/3.0.1/findbugs-3.0.1.jar:/home/user/.m2/repository/net/jcip/jcip-annotations/1.0/jcip-annotations-1.0.jar:/home/user/.m2/repository/com/google/code/findbugs/bcel-findbugs/6.0/bcel-findbugs-6.0.jar:/home/user/.m2/repository/com/google/code/findbugs/jFormatString/2.0.1/jFormatString-2.0.1.jar:/home/user/.m2/repository/dom4j/dom4j/1.6.1/dom4j-1.6.1.jar:/home/user/.m2/repository/xml-apis/xml-apis/1.0.b2/xml-apis-1.0.b2.jar:/home/user/.m2/repository/org/ow2/asm/asm-debug-all/5.0.2/asm-debug-all-5.0.2.jar:/home/user/.m2/repository/org/ow2/asm/asm-commons/5.0.2/asm-commons-5.0.2.jar:/home/user/.m2/repository/org/ow2/asm/asm-tree/5.0.2/asm-tree-5.0.2.jar:/home/user/.m2/repository/org/ow2/asm/asm/5.0.4/asm-5.0.4.jar:/home/user/.m2/repository/commons-lang/commons-lang/2.6/commons-lang-2.6.jar:/home/user/.m2/repository/com/apple/AppleJavaExtensions/1.4/AppleJavaExtensions-1.4.jar:/home/user/.m2/repository/jaxen/jaxen/1.1.6/jaxen-1.1.6.jar:/home/user/.m2/repository/junit/junit/4.11/junit-4.11.jar:/home/user/.m2/repository/org/hamcrest/hamcrest-core/1.3/hamcrest-core-1.3.jar:/home/user/.m2/repository/org/apache/hadoop/hadoop-common/3.2.0/hadoop-common-3.2.0-tests.jar:/home/user/.m2/repository/org/apache/hadoop/hadoop-ozone-integration-test/0.5.0-SNAPSHOT/hadoop-ozone-integration-test-0.5.0-SNAPSHOT-tests.jar:/tmp/workdir/hadoop-ozone/objectstore-service/target/classes:/tmp/workdir/hadoop-ozone/s3gateway/target/classes:/home/user/.m2/repository/org/jboss/weld/servlet/weld-servlet/2.4.7.Final/weld-servlet-2.4.7.Final.jar:/home/user/.m2/repository/org/glassfish/jersey/containers/jersey-container-servlet-core/2.27/jersey-container-servlet-core-2.27.jar:/home/user/.m2/repository/org/glassfish/hk2/external/javax.inject/2.5.0-b42/javax.inject-2.5.0-b42.jar:/home/user/.m2/repository/org/glassfish/jersey/core/jersey-common/2.27/jersey-common-2.27.jar:/home/user/.m2/repository/org/glassfish/hk2/osgi-resource-locator/1.0.1/osgi-resource-locator-1.0.1.jar:/home/user/.m2/repository/javax/ws/rs/javax.ws.rs-api/2.1/javax.ws.rs-api-2.1.jar:/home/user/.m2/repository/org/glassfish/jersey/ext/cdi/jersey-cdi1x/2.27/jersey-cdi1x-2.27.jar:/home/user/.m2/repository/org/glassfish/jersey/inject/jersey-hk2/2.27/jersey-hk2-2.27.jar:/home/user/.m2/repository/org/glassfish/hk2/hk2-locator/2.5.0-b42/hk2-locator-2.5.0-b42.jar:/home/user/.m2/repository/org/javassist/javassist/3.22.0-CR2/javassist-3.22.0-CR2.jar:/home/user/.m2/repository/org/glassfish/hk2/hk2-api/2.5.0/hk2-api-2.5.0.jar:/home/user/.m2/repository/org/glassfish/hk2/external/jakarta.inject/2.5.0/jakarta.inject-2.5.0.jar:/home/user/.m2/repository/org/glassfish/hk2/hk2-utils/2.5.0/hk2-utils-2.5.0.jar:/home/user/.m2/repository/jakarta/annotation/jakarta.annotation-api/1.3.4/jakarta.annotation-api-1.3.4.jar:/home/user/.m2/repository/org/glassfish/hk2/external/aopalliance-repackaged/2.5.0/aopalliance-repackaged-2.5.0.jar:/home/user/.m2/repository/com/fasterxml/jackson/dataformat/jackson-dataformat-xml/2.9.0/jackson-dataformat-xml-2.9.0.jar:/home/user/.m2/repository/com/fasterxml/jackson/module/jackson-module-jaxb-annotations/2.9.5/jackson-module-jaxb-annotations-2.9.5.jar:/home/user/.m2/repository/javax/enterprise/cdi-api/1.2/cdi-api-1.2.jar:/home/user/.m2/repository/javax/el/javax.el-api/3.0.0/javax.el-api-3.0.0.jar:/home/user/.m2/repository/javax/interceptor/javax.interceptor-api/1.2/javax.interceptor-api-1.2.jar:/home/user/.m2/repository/javax/inject/javax.inject/1/javax.inject-1.jar:/tmp/workdir/hadoop-ozone/csi/target/classes:/home/user/.m2/repository/com/google/protobuf/protobuf-java-util/3.5.1/protobuf-java-util-3.5.1.jar:/home/user/.m2/repository/io/grpc/grpc-netty/1.17.1/grpc-netty-1.17.1.jar:/home/user/.m2/repository/io/grpc/grpc-core/1.17.1/grpc-core-1.17.1.jar:/home/user/.m2/repository/io/grpc/grpc-context/1.17.1/grpc-context-1.17.1.jar:/home/user/.m2/repository/com/google/errorprone/error_prone_annotations/2.2.0/error_prone_annotations-2.2.0.jar:/home/user/.m2/repository/org/codehaus/mojo/animal-sniffer-annotations/1.17/animal-sniffer-annotations-1.17.jar:/home/user/.m2/repository/io/opencensus/opencensus-api/0.17.0/opencensus-api-0.17.0.jar:/home/user/.m2/repository/io/opencensus/opencensus-contrib-grpc-metrics/0.17.0/opencensus-contrib-grpc-metrics-0.17.0.jar:/home/user/.m2/repository/io/netty/netty-codec-http2/4.1.30.Final/netty-codec-http2-4.1.30.Final.jar:/home/user/.m2/repository/io/netty/netty-codec-http/4.1.30.Final/netty-codec-http-4.1.30.Final.jar:/home/user/.m2/repository/io/netty/netty-codec/4.1.30.Final/netty-codec-4.1.30.Final.jar:/home/user/.m2/repository/io/netty/netty-handler/4.1.30.Final/netty-handler-4.1.30.Final.jar:/home/user/.m2/repository/io/netty/netty-handler-proxy/4.1.30.Final/netty-handler-proxy-4.1.30.Final.jar:/home/user/.m2/repository/io/netty/netty-codec-socks/4.1.30.Final/netty-codec-socks-4.1.30.Final.jar:/home/user/.m2/repository/io/netty/netty-transport-native-epoll/4.1.30.Final/netty-transport-native-epoll-4.1.30.Final.jar:/home/user/.m2/repository/io/netty/netty-common/4.1.30.Final/netty-common-4.1.30.Final.jar:/home/user/.m2/repository/io/netty/netty-buffer/4.1.30.Final/netty-buffer-4.1.30.Final.jar:/home/user/.m2/repository/io/netty/netty-transport/4.1.30.Final/netty-transport-4.1.30.Final.jar:/home/user/.m2/repository/io/netty/netty-resolver/4.1.30.Final/netty-resolver-4.1.30.Final.jar:/home/user/.m2/repository/io/netty/netty-transport-native-unix-common/4.1.30.Final/netty-transport-native-unix-common-4.1.30.Final.jar:/home/user/.m2/repository/io/grpc/grpc-protobuf/1.17.1/grpc-protobuf-1.17.1.jar:/home/user/.m2/repository/com/google/api/grpc/proto-google-common-protos/1.0.0/proto-google-common-protos-1.0.0.jar:/home/user/.m2/repository/io/grpc/grpc-protobuf-lite/1.17.1/grpc-protobuf-lite-1.17.1.jar:/home/user/.m2/repository/io/grpc/grpc-stub/1.17.1/grpc-stub-1.17.1.jar:/tmp/workdir/hadoop-ozone/ozone-recon/target/classes:/tmp/workdir/hadoop-ozone/ozone-recon-codegen/target/classes:/home/user/.m2/repository/com/google/inject/extensions/guice-multibindings/4.0/guice-multibindings-4.0.jar:/home/user/.m2/repository/com/google/inject/guice/4.0/guice-4.0.jar:/home/user/.m2/repository/aopalliance/aopalliance/1.0/aopalliance-1.0.jar:/home/user/.m2/repository/com/google/inject/extensions/guice-servlet/4.0/guice-servlet-4.0.jar:/home/user/.m2/repository/org/glassfish/jersey/containers/jersey-container-servlet/2.27/jersey-container-servlet-2.27.jar:/home/user/.m2/repository/org/glassfish/hk2/guice-bridge/2.5.0/guice-bridge-2.5.0.jar:/home/user/.m2/repository/org/glassfish/jersey/core/jersey-server/2.27/jersey-server-2.27.jar:/home/user/.m2/repository/org/glassfish/jersey/core/jersey-client/2.27/jersey-client-2.27.jar:/home/user/.m2/repository/org/glassfish/jersey/media/jersey-media-jaxb/2.27/jersey-media-jaxb-2.27.jar:/home/user/.m2/repository/javax/validation/validation-api/1.1.0.Final/validation-api-1.1.0.Final.jar:/home/user/.m2/repository/org/glassfish/jersey/media/jersey-media-json-jackson/2.27/jersey-media-json-jackson-2.27.jar:/home/user/.m2/repository/org/glassfish/jersey/ext/jersey-entity-filtering/2.27/jersey-entity-filtering-2.27.jar:/home/user/.m2/repository/com/google/inject/extensions/guice-assistedinject/4.0/guice-assistedinject-4.0.jar:/home/user/.m2/repository/org/jooq/jooq/3.11.10/jooq-3.11.10.jar:/home/user/.m2/repository/org/jooq/jooq-meta/3.11.10/jooq-meta-3.11.10.jar:/home/user/.m2/repository/org/jooq/jooq-codegen/3.11.10/jooq-codegen-3.11.10.jar:/home/user/.m2/repository/com/jolbox/bonecp/0.8.0.RELEASE/bonecp-0.8.0.RELEASE.jar:/home/user/.m2/repository/org/springframework/spring-jdbc/5.1.3.RELEASE/spring-jdbc-5.1.3.RELEASE.jar:/home/user/.m2/repository/org/springframework/spring-beans/5.1.3.RELEASE/spring-beans-5.1.3.RELEASE.jar:/home/user/.m2/repository/org/springframework/spring-core/5.1.3.RELEASE/spring-core-5.1.3.RELEASE.jar:/home/user/.m2/repository/org/springframework/spring-jcl/5.1.3.RELEASE/spring-jcl-5.1.3.RELEASE.jar:/home/user/.m2/repository/org/springframework/spring-tx/5.1.3.RELEASE/spring-tx-5.1.3.RELEASE.jar:/home/user/.m2/repository/org/mockito/mockito-core/2.15.0/mockito-core-2.15.0.jar:/home/user/.m2/repository/net/bytebuddy/byte-buddy/1.7.9/byte-buddy-1.7.9.jar:/home/user/.m2/repository/net/bytebuddy/byte-buddy-agent/1.7.9/byte-buddy-agent-1.7.9.jar:/home/user/.m2/repository/org/objenesis/objenesis/1.0/objenesis-1.0.jar:"/>
    <property name="sun.cpu.endian" value="little"/>
    <property name="user.home" value="/home/user"/>
    <property name="user.language" value="en"/>
    <property name="java.specification.vendor" value="Oracle Corporation"/>
    <property name="java.home" value="/usr/lib/jvm/java-1.8-openjdk/jre"/>
    <property name="java.security.krb5.conf" value="/tmp/workdir/hadoop-ozone/tools/target/test-classes/krb5.conf"/>
    <property name="basedir" value="/tmp/workdir/hadoop-ozone/tools"/>
    <property name="file.separator" value="/"/>
    <property name="line.separator" value="&#10;"/>
    <property name="java.vm.specification.vendor" value="Oracle Corporation"/>
    <property name="java.specification.name" value="Java Platform API Specification"/>
    <property name="java.awt.graphicsenv" value="sun.awt.X11GraphicsEnvironment"/>
    <property name="surefire.real.class.path" value="/tmp/workdir/hadoop-ozone/tools/target/surefire/surefirebooter8102083597945397688.jar"/>
    <property name="hadoop.log.dir" value="/tmp/workdir/hadoop-ozone/tools/target/log"/>
    <property name="sun.boot.class.path" value="/usr/lib/jvm/java-1.8-openjdk/jre/lib/resources.jar:/usr/lib/jvm/java-1.8-openjdk/jre/lib/rt.jar:/usr/lib/jvm/java-1.8-openjdk/jre/lib/sunrsasign.jar:/usr/lib/jvm/java-1.8-openjdk/jre/lib/jsse.jar:/usr/lib/jvm/java-1.8-openjdk/jre/lib/jce.jar:/usr/lib/jvm/java-1.8-openjdk/jre/lib/charsets.jar:/usr/lib/jvm/java-1.8-openjdk/jre/lib/jfr.jar:/usr/lib/jvm/java-1.8-openjdk/jre/classes"/>
    <property name="sun.management.compiler" value="HotSpot 64-Bit Tiered Compilers"/>
    <property name="java.runtime.version" value="1.8.0_212-b04"/>
    <property name="java.net.preferIPv4Stack" value="true"/>
    <property name="user.name" value="jenkins1000"/>
    <property name="path.separator" value=":"/>
    <property name="java.security.egd" value="file:///dev/urandom"/>
    <property name="os.version" value="3.10.0-957.12.2.el7.x86_64"/>
    <property name="java.endorsed.dirs" value="/usr/lib/jvm/java-1.8-openjdk/jre/lib/endorsed"/>
    <property name="java.runtime.name" value="OpenJDK Runtime Environment"/>
    <property name="file.encoding" value="UTF-8"/>
    <property name="java.vm.name" value="OpenJDK 64-Bit Server VM"/>
    <property name="test.build.webapps" value=""/>
    <property name="localRepository" value="/home/user/.m2/repository"/>
    <property name="java.vendor.url.bug" value="https://icedtea.classpath.org/bugzilla"/>
    <property name="java.io.tmpdir" value="/tmp"/>
    <property name="require.test.libhadoop" value=""/>
    <property name="java.version" value="1.8.0_212"/>
    <property name="user.dir" value="/tmp/workdir/hadoop-ozone/tools"/>
    <property name="os.arch" value="amd64"/>
    <property name="java.vm.specification.name" value="Java Virtual Machine Specification"/>
    <property name="test.build.classes" value="/tmp/workdir/hadoop-ozone/tools/target/test-classes"/>
    <property name="java.awt.printerjob" value="sun.print.PSPrinterJob"/>
    <property name="sun.os.patch.level" value="unknown"/>
    <property name="hadoop.tmp.dir" value="/tmp/workdir/hadoop-ozone/tools/target/tmp"/>
    <property name="java.library.path" value="/usr/lib/jvm/java-1.8-openjdk/jre/lib/amd64/server:/usr/lib/jvm/java-1.8-openjdk/jre/lib/amd64:/usr/lib/jvm/java-1.8-openjdk/jre/../lib/amd64:/tmp/workdir/hadoop-ozone/tools/target/native/target/usr/local/lib:/tmp/workdir/hadoop-ozone/tools/../../hadoop-common-project/hadoop-common/target/native/target/usr/local/lib:/usr/java/packages/lib/amd64:/usr/lib64:/lib64:/lib:/usr/lib"/>
    <property name="java.vm.info" value="mixed mode"/>
    <property name="java.vendor" value="IcedTea"/>
    <property name="java.vm.version" value="25.212-b04"/>
    <property name="java.ext.dirs" value="/usr/lib/jvm/java-1.8-openjdk/jre/lib/ext:/usr/java/packages/lib/ext"/>
    <property name="sun.io.unicode.encoding" value="UnicodeLittle"/>
    <property name="java.class.version" value="52.0"/>
  </properties>
  <testcase name="testRestart" classname="org.apache.hadoop.ozone.freon.TestFreonWithPipelineDestroy" time="19.507">
    <error message="Unexpected Storage Container Exception: org.apache.hadoop.hdds.scm.container.common.helpers.StorageContainerException: ContainerID 6 does not exist" type="java.io.IOException">java.io.IOException: Unexpected Storage Container Exception: org.apache.hadoop.hdds.scm.container.common.helpers.StorageContainerException: ContainerID 6 does not exist
	at org.apache.hadoop.hdds.scm.storage.BlockOutputStream.setIoException(BlockOutputStream.java:548)
	at org.apache.hadoop.hdds.scm.storage.BlockOutputStream.validateResponse(BlockOutputStream.java:539)
	at org.apache.hadoop.hdds.scm.storage.BlockOutputStream.lambda$writeChunkToContainer$2(BlockOutputStream.java:614)
	at java.util.concurrent.CompletableFuture.uniApply(CompletableFuture.java:602)
	at java.util.concurrent.CompletableFuture$UniApply.tryFire(CompletableFuture.java:577)
	at java.util.concurrent.CompletableFuture$Completion.run(CompletableFuture.java:442)
	at java.util.concurrent.ThreadPoolExecutor.runWorker(ThreadPoolExecutor.java:1149)
	at java.util.concurrent.ThreadPoolExecutor$Worker.run(ThreadPoolExecutor.java:624)
	at java.lang.Thread.run(Thread.java:748)
Caused by: org.apache.hadoop.hdds.scm.container.common.helpers.StorageContainerException: ContainerID 6 does not exist
	at org.apache.hadoop.hdds.scm.storage.ContainerProtocolCalls.validateContainerResponse(ContainerProtocolCalls.java:536)
	at org.apache.hadoop.hdds.scm.storage.BlockOutputStream.validateResponse(BlockOutputStream.java:536)
	... 7 more
</error>
    <system-out><![CDATA[2019-07-10 03:51:33,280 WARN  server.ServerUtils (ServerUtils.java:getScmDbDir(145)) - ozone.scm.db.dirs is not configured. We recommend adding this setting. Falling back to ozone.metadata.dirs instead.
2019-07-10 03:51:33,387 WARN  server.ServerUtils (ServerUtils.java:getScmDbDir(145)) - ozone.scm.db.dirs is not configured. We recommend adding this setting. Falling back to ozone.metadata.dirs instead.
2019-07-10 03:51:33,390 WARN  server.ServerUtils (ServerUtils.java:getScmDbDir(145)) - ozone.scm.db.dirs is not configured. We recommend adding this setting. Falling back to ozone.metadata.dirs instead.
2019-07-10 03:51:33,407 INFO  util.log (Log.java:initialized(192)) - Logging initialized @923ms
2019-07-10 03:51:33,499 INFO  db.DBStoreBuilder (DBStoreBuilder.java:addTable(110)) - using custom profile for table: deletedBlocks
2019-07-10 03:51:33,500 INFO  db.DBStoreBuilder (DBStoreBuilder.java:processTables(161)) - Using default column profile:DBProfile.DISK for Table:deletedBlocks
2019-07-10 03:51:33,500 INFO  db.DBStoreBuilder (DBStoreBuilder.java:addTable(110)) - using custom profile for table: validCerts
2019-07-10 03:51:33,500 INFO  db.DBStoreBuilder (DBStoreBuilder.java:processTables(161)) - Using default column profile:DBProfile.DISK for Table:validCerts
2019-07-10 03:51:33,500 INFO  db.DBStoreBuilder (DBStoreBuilder.java:addTable(110)) - using custom profile for table: revokedCerts
2019-07-10 03:51:33,501 INFO  db.DBStoreBuilder (DBStoreBuilder.java:processTables(161)) - Using default column profile:DBProfile.DISK for Table:revokedCerts
2019-07-10 03:51:33,511 INFO  db.DBStoreBuilder (DBStoreBuilder.java:addTable(110)) - using custom profile for table: default
2019-07-10 03:51:33,511 INFO  db.DBStoreBuilder (DBStoreBuilder.java:processTables(167)) - Using default column profile:DBProfile.DISK for Table:default
2019-07-10 03:51:33,512 INFO  db.DBStoreBuilder (DBStoreBuilder.java:getDbProfile(198)) - Using default options. DBProfile.DISK
2019-07-10 03:51:33,654 INFO  net.NodeSchemaLoader (NodeSchemaLoader.java:loadSchemaFromFile(125)) - Loading file from sun.misc.CompoundEnumeration@12b0404f
2019-07-10 03:51:33,658 INFO  net.NodeSchemaLoader (NodeSchemaLoader.java:loadSchema(171)) - Loading network topology layer schema file
2019-07-10 03:51:33,746 INFO  node.SCMNodeManager (SCMNodeManager.java:<init>(119)) - Entering startup safe mode.
2019-07-10 03:51:33,818 WARN  server.ServerUtils (ServerUtils.java:getScmDbDir(145)) - ozone.scm.db.dirs is not configured. We recommend adding this setting. Falling back to ozone.metadata.dirs instead.
2019-07-10 03:51:33,908 INFO  pipeline.SCMPipelineManager (SCMPipelineManager.java:initializePipelineState(126)) - No pipeline exists in current db
2019-07-10 03:51:33,911 WARN  server.ServerUtils (ServerUtils.java:getScmDbDir(145)) - ozone.scm.db.dirs is not configured. We recommend adding this setting. Falling back to ozone.metadata.dirs instead.
2019-07-10 03:51:33,997 WARN  events.EventQueue (EventQueue.java:fireEvent(175)) - No event handler registered for event TypedEvent{payloadType=SafeModeStatus, name='SafeModeStatus'}
2019-07-10 03:51:34,316 INFO  ipc.CallQueueManager (CallQueueManager.java:<init>(84)) - Using callQueue: class java.util.concurrent.LinkedBlockingQueue, queueCapacity: 2000, scheduler: class org.apache.hadoop.ipc.DefaultRpcScheduler, ipcBackoff: false.
2019-07-10 03:51:34,341 INFO  ipc.Server (Server.java:run(1074)) - Starting Socket Reader #1 for port 40407
2019-07-10 03:51:34,361 INFO  ipc.CallQueueManager (CallQueueManager.java:<init>(84)) - Using callQueue: class java.util.concurrent.LinkedBlockingQueue, queueCapacity: 2000, scheduler: class org.apache.hadoop.ipc.DefaultRpcScheduler, ipcBackoff: false.
2019-07-10 03:51:34,362 INFO  ipc.Server (Server.java:run(1074)) - Starting Socket Reader #1 for port 33294
2019-07-10 03:51:34,366 INFO  ipc.CallQueueManager (CallQueueManager.java:<init>(84)) - Using callQueue: class java.util.concurrent.LinkedBlockingQueue, queueCapacity: 2000, scheduler: class org.apache.hadoop.ipc.DefaultRpcScheduler, ipcBackoff: false.
2019-07-10 03:51:34,368 INFO  ipc.Server (Server.java:run(1074)) - Starting Socket Reader #1 for port 45686
2019-07-10 03:51:34,386 INFO  hdfs.DFSUtil (DFSUtil.java:httpServerTemplateForNNAndJN(1641)) - Starting Web-server for scm at: http://0.0.0.0:0
2019-07-10 03:51:34,654 INFO  server.AuthenticationFilter (AuthenticationFilter.java:constructSecretProvider(240)) - Unable to initialize FileSignerSecretProvider, falling back to use random secrets.
2019-07-10 03:51:34,670 WARN  http.HttpRequestLog (HttpRequestLog.java:getRequestLog(97)) - Jetty request log can only be enabled using Log4j
2019-07-10 03:51:34,678 INFO  http.HttpServer2 (HttpServer2.java:addGlobalFilter(975)) - Added global filter 'safety' (class=org.apache.hadoop.http.HttpServer2$QuotingInputFilter)
2019-07-10 03:51:34,682 INFO  http.HttpServer2 (HttpServer2.java:addFilter(948)) - Added filter static_user_filter (class=org.apache.hadoop.http.lib.StaticUserWebFilter$StaticUserFilter) to context scm
2019-07-10 03:51:34,682 INFO  http.HttpServer2 (HttpServer2.java:addFilter(958)) - Added filter static_user_filter (class=org.apache.hadoop.http.lib.StaticUserWebFilter$StaticUserFilter) to context logs
2019-07-10 03:51:34,682 INFO  http.HttpServer2 (HttpServer2.java:addFilter(958)) - Added filter static_user_filter (class=org.apache.hadoop.http.lib.StaticUserWebFilter$StaticUserFilter) to context static
2019-07-10 03:51:34,708 INFO  server.StorageContainerManager (StorageContainerManager.java:start(753)) - StorageContainerLocationProtocol RPC server is listening at /0.0.0.0:45686
2019-07-10 03:51:34,765 WARN  impl.MetricsConfig (MetricsConfig.java:loadFirst(134)) - Cannot locate configuration: tried hadoop-metrics2-storagecontainermanager.properties,hadoop-metrics2.properties
2019-07-10 03:51:34,778 INFO  impl.MetricsSystemImpl (MetricsSystemImpl.java:startTimer(374)) - Scheduled Metric snapshot period at 10 second(s).
2019-07-10 03:51:34,778 INFO  impl.MetricsSystemImpl (MetricsSystemImpl.java:start(191)) - StorageContainerManager metrics system started
2019-07-10 03:51:34,998 INFO  server.SCMClientProtocolServer (SCMClientProtocolServer.java:start(149)) - RPC server for Client  is listening at /0.0.0.0:45686
2019-07-10 03:51:34,998 INFO  ipc.Server (Server.java:run(1314)) - IPC Server Responder: starting
2019-07-10 03:51:34,999 INFO  ipc.Server (Server.java:run(1153)) - IPC Server listener on 45686: starting
2019-07-10 03:51:35,003 INFO  server.StorageContainerManager (StorageContainerManager.java:start(762)) - ScmBlockLocationProtocol RPC server is listening at /0.0.0.0:33294
2019-07-10 03:51:35,003 INFO  server.SCMBlockProtocolServer (SCMBlockProtocolServer.java:start(137)) - RPC server for Block Protocol is listening at /0.0.0.0:33294
2019-07-10 03:51:35,005 INFO  ipc.Server (Server.java:run(1314)) - IPC Server Responder: starting
2019-07-10 03:51:35,006 INFO  ipc.Server (Server.java:run(1153)) - IPC Server listener on 33294: starting
2019-07-10 03:51:35,015 INFO  server.StorageContainerManager (StorageContainerManager.java:start(766)) - ScmDatanodeProtocl RPC server is listening at /0.0.0.0:40407
2019-07-10 03:51:35,015 INFO  server.SCMDatanodeProtocolServer (SCMDatanodeProtocolServer.java:start(191)) - RPC server for DataNodes is listening at /0.0.0.0:40407
2019-07-10 03:51:35,018 INFO  ipc.Server (Server.java:run(1153)) - IPC Server listener on 40407: starting
2019-07-10 03:51:35,018 INFO  ipc.Server (Server.java:run(1314)) - IPC Server Responder: starting
2019-07-10 03:51:35,031 INFO  http.HttpServer2 (HttpServer2.java:bindListener(1191)) - Jetty bound to port 40673
2019-07-10 03:51:35,034 INFO  server.Server (Server.java:doStart(351)) - jetty-9.3.24.v20180605, build timestamp: 2018-06-05T17:11:56Z, git hash: 84205aa28f11a4f31f2a3b86d1bba2cc8ab69827
2019-07-10 03:51:35,072 INFO  handler.ContextHandler (ContextHandler.java:doStart(781)) - Started o.e.j.s.ServletContextHandler@413f69cc{/logs,file:///tmp/workdir/hadoop-ozone/tools/target/log,AVAILABLE}
2019-07-10 03:51:35,073 INFO  handler.ContextHandler (ContextHandler.java:doStart(781)) - Started o.e.j.s.ServletContextHandler@1b75c2e3{/static,file:///tmp/workdir/hadoop-hdds/server-scm/target/classes/webapps/static/,AVAILABLE}
2019-07-10 03:51:35,103 INFO  handler.ContextHandler (ContextHandler.java:doStart(781)) - Started o.e.j.w.WebAppContext@3918c187{/,file:///tmp/workdir/hadoop-hdds/server-scm/target/classes/webapps/scm/,AVAILABLE}{/scm}
2019-07-10 03:51:35,108 INFO  server.AbstractConnector (AbstractConnector.java:doStart(278)) - Started ServerConnector@11eadcba{HTTP/1.1,[http/1.1]}{0.0.0.0:40673}
2019-07-10 03:51:35,109 INFO  server.Server (Server.java:doStart(419)) - Started @2624ms
2019-07-10 03:51:35,110 INFO  server.BaseHttpServer (BaseHttpServer.java:updateConnectorAddress(207)) - HTTP server of SCM is listening at http://0.0.0.0:40673
2019-07-10 03:51:35,118 INFO  util.JvmPauseMonitor (JvmPauseMonitor.java:run(188)) - Starting JVM pause monitor
2019-07-10 03:51:35,120 WARN  server.ServerUtils (ServerUtils.java:getDBPath(222)) - ozone.om.db.dirs is not configured. We recommend adding this setting. Falling back to ozone.metadata.dirs instead.
2019-07-10 03:51:35,218 WARN  server.ServerUtils (ServerUtils.java:getDBPath(222)) - ozone.om.db.dirs is not configured. We recommend adding this setting. Falling back to ozone.metadata.dirs instead.
2019-07-10 03:51:35,219 INFO  om.OzoneManager (OzoneManager.java:setOMNodeDetails(621)) - OM Service ID is not set. Setting it to the default ID: omServiceIdDefault
2019-07-10 03:51:35,219 INFO  om.OzoneManager (OzoneManager.java:setOMNodeDetails(627)) - OM Node ID is not set. Setting it to the OmStorage's OmID: d8c0e27e-b313-48b6-903a-78bd86a3174b
2019-07-10 03:51:35,220 INFO  om.OzoneManager (OzoneManager.java:loadOMHAConfigs(578)) - Found matching OM address with OMServiceId: null, OMNodeId: null, RPC Address: localhost:0 and Ratis port: 9872
2019-07-10 03:51:35,482 WARN  server.ServerUtils (ServerUtils.java:getDBPath(222)) - ozone.om.db.dirs is not configured. We recommend adding this setting. Falling back to ozone.metadata.dirs instead.
2019-07-10 03:51:35,493 INFO  db.DBStoreBuilder (DBStoreBuilder.java:addTable(110)) - using custom profile for table: userTable
2019-07-10 03:51:35,494 INFO  db.DBStoreBuilder (DBStoreBuilder.java:processTables(161)) - Using default column profile:DBProfile.DISK for Table:userTable
2019-07-10 03:51:35,494 INFO  db.DBStoreBuilder (DBStoreBuilder.java:addTable(110)) - using custom profile for table: volumeTable
2019-07-10 03:51:35,494 INFO  db.DBStoreBuilder (DBStoreBuilder.java:processTables(161)) - Using default column profile:DBProfile.DISK for Table:volumeTable
2019-07-10 03:51:35,495 INFO  db.DBStoreBuilder (DBStoreBuilder.java:addTable(110)) - using custom profile for table: bucketTable
2019-07-10 03:51:35,495 INFO  db.DBStoreBuilder (DBStoreBuilder.java:processTables(161)) - Using default column profile:DBProfile.DISK for Table:bucketTable
2019-07-10 03:51:35,496 INFO  db.DBStoreBuilder (DBStoreBuilder.java:addTable(110)) - using custom profile for table: keyTable
2019-07-10 03:51:35,496 INFO  db.DBStoreBuilder (DBStoreBuilder.java:processTables(161)) - Using default column profile:DBProfile.DISK for Table:keyTable
2019-07-10 03:51:35,497 INFO  db.DBStoreBuilder (DBStoreBuilder.java:addTable(110)) - using custom profile for table: deletedTable
2019-07-10 03:51:35,497 INFO  db.DBStoreBuilder (DBStoreBuilder.java:processTables(161)) - Using default column profile:DBProfile.DISK for Table:deletedTable
2019-07-10 03:51:35,497 INFO  db.DBStoreBuilder (DBStoreBuilder.java:addTable(110)) - using custom profile for table: openKeyTable
2019-07-10 03:51:35,498 INFO  db.DBStoreBuilder (DBStoreBuilder.java:processTables(161)) - Using default column profile:DBProfile.DISK for Table:openKeyTable
2019-07-10 03:51:35,498 INFO  db.DBStoreBuilder (DBStoreBuilder.java:addTable(110)) - using custom profile for table: s3Table
2019-07-10 03:51:35,499 INFO  db.DBStoreBuilder (DBStoreBuilder.java:processTables(161)) - Using default column profile:DBProfile.DISK for Table:s3Table
2019-07-10 03:51:35,499 INFO  db.DBStoreBuilder (DBStoreBuilder.java:addTable(110)) - using custom profile for table: multipartInfoTable
2019-07-10 03:51:35,499 INFO  db.DBStoreBuilder (DBStoreBuilder.java:processTables(161)) - Using default column profile:DBProfile.DISK for Table:multipartInfoTable
2019-07-10 03:51:35,500 INFO  db.DBStoreBuilder (DBStoreBuilder.java:addTable(110)) - using custom profile for table: dTokenTable
2019-07-10 03:51:35,500 INFO  db.DBStoreBuilder (DBStoreBuilder.java:processTables(161)) - Using default column profile:DBProfile.DISK for Table:dTokenTable
2019-07-10 03:51:35,501 INFO  db.DBStoreBuilder (DBStoreBuilder.java:addTable(110)) - using custom profile for table: s3SecretTable
2019-07-10 03:51:35,501 INFO  db.DBStoreBuilder (DBStoreBuilder.java:processTables(161)) - Using default column profile:DBProfile.DISK for Table:s3SecretTable
2019-07-10 03:51:35,501 INFO  db.DBStoreBuilder (DBStoreBuilder.java:addTable(110)) - using custom profile for table: prefixTable
2019-07-10 03:51:35,502 INFO  db.DBStoreBuilder (DBStoreBuilder.java:processTables(161)) - Using default column profile:DBProfile.DISK for Table:prefixTable
2019-07-10 03:51:35,502 INFO  db.DBStoreBuilder (DBStoreBuilder.java:addTable(110)) - using custom profile for table: default
2019-07-10 03:51:35,502 INFO  db.DBStoreBuilder (DBStoreBuilder.java:processTables(167)) - Using default column profile:DBProfile.DISK for Table:default
2019-07-10 03:51:35,503 INFO  db.DBStoreBuilder (DBStoreBuilder.java:getDbProfile(198)) - Using default options. DBProfile.DISK
2019-07-10 03:51:36,195 INFO  ipc.CallQueueManager (CallQueueManager.java:<init>(84)) - Using callQueue: class java.util.concurrent.LinkedBlockingQueue, queueCapacity: 2000, scheduler: class org.apache.hadoop.ipc.DefaultRpcScheduler, ipcBackoff: false.
2019-07-10 03:51:36,197 INFO  ipc.Server (Server.java:run(1074)) - Starting Socket Reader #1 for port 44898
2019-07-10 03:51:36,225 WARN  server.ServerUtils (ServerUtils.java:getDBPath(222)) - ozone.om.db.dirs is not configured. We recommend adding this setting. Falling back to ozone.metadata.dirs instead.
2019-07-10 03:51:36,226 INFO  om.OzoneManager (OzoneManager.java:start(1219)) - OzoneManager RPC server is listening at localhost/127.0.0.1:44898
2019-07-10 03:51:36,226 INFO  impl.MetricsSystemImpl (MetricsSystemImpl.java:init(158)) - OzoneManager metrics system started (again)
2019-07-10 03:51:36,228 INFO  ipc.Server (Server.java:run(1314)) - IPC Server Responder: starting
2019-07-10 03:51:36,229 INFO  ipc.Server (Server.java:run(1153)) - IPC Server listener on 44898: starting
2019-07-10 03:51:36,242 INFO  hdfs.DFSUtil (DFSUtil.java:httpServerTemplateForNNAndJN(1641)) - Starting Web-server for ozoneManager at: http://0.0.0.0:0
2019-07-10 03:51:36,244 INFO  server.AuthenticationFilter (AuthenticationFilter.java:constructSecretProvider(240)) - Unable to initialize FileSignerSecretProvider, falling back to use random secrets.
2019-07-10 03:51:36,245 WARN  http.HttpRequestLog (HttpRequestLog.java:getRequestLog(97)) - Jetty request log can only be enabled using Log4j
2019-07-10 03:51:36,249 INFO  http.HttpServer2 (HttpServer2.java:addGlobalFilter(975)) - Added global filter 'safety' (class=org.apache.hadoop.http.HttpServer2$QuotingInputFilter)
2019-07-10 03:51:36,251 INFO  http.HttpServer2 (HttpServer2.java:addFilter(948)) - Added filter static_user_filter (class=org.apache.hadoop.http.lib.StaticUserWebFilter$StaticUserFilter) to context ozoneManager
2019-07-10 03:51:36,251 INFO  http.HttpServer2 (HttpServer2.java:addFilter(958)) - Added filter static_user_filter (class=org.apache.hadoop.http.lib.StaticUserWebFilter$StaticUserFilter) to context static
2019-07-10 03:51:36,252 INFO  http.HttpServer2 (HttpServer2.java:addFilter(958)) - Added filter static_user_filter (class=org.apache.hadoop.http.lib.StaticUserWebFilter$StaticUserFilter) to context logs
2019-07-10 03:51:36,255 INFO  http.HttpServer2 (HttpServer2.java:bindListener(1191)) - Jetty bound to port 34825
2019-07-10 03:51:36,255 INFO  server.Server (Server.java:doStart(351)) - jetty-9.3.24.v20180605, build timestamp: 2018-06-05T17:11:56Z, git hash: 84205aa28f11a4f31f2a3b86d1bba2cc8ab69827
2019-07-10 03:51:36,258 INFO  handler.ContextHandler (ContextHandler.java:doStart(781)) - Started o.e.j.s.ServletContextHandler@85ec632{/logs,file:///tmp/workdir/hadoop-ozone/tools/target/log,AVAILABLE}
2019-07-10 03:51:36,259 INFO  handler.ContextHandler (ContextHandler.java:doStart(781)) - Started o.e.j.s.ServletContextHandler@65ef722a{/static,file:///tmp/workdir/hadoop-ozone/ozone-manager/target/classes/webapps/static/,AVAILABLE}
2019-07-10 03:51:36,266 INFO  handler.ContextHandler (ContextHandler.java:doStart(781)) - Started o.e.j.w.WebAppContext@1c65121{/,file:///tmp/workdir/hadoop-ozone/ozone-manager/target/classes/webapps/ozoneManager/,AVAILABLE}{/ozoneManager}
2019-07-10 03:51:36,267 INFO  server.AbstractConnector (AbstractConnector.java:doStart(278)) - Started ServerConnector@159e366{HTTP/1.1,[http/1.1]}{0.0.0.0:34825}
2019-07-10 03:51:36,267 INFO  server.Server (Server.java:doStart(419)) - Started @3783ms
2019-07-10 03:51:36,268 INFO  server.BaseHttpServer (BaseHttpServer.java:updateConnectorAddress(207)) - HTTP server of OZONEMANAGER is listening at http://0.0.0.0:34825
2019-07-10 03:51:36,605 INFO  impl.MetricsSystemImpl (MetricsSystemImpl.java:init(158)) - HddsDatanode metrics system started (again)
2019-07-10 03:51:36,700 INFO  ozone.HddsDatanodeService (HddsDatanodeService.java:start(185)) - HddsDatanodeService host:hdds1735-gd5hf-3123663959 ip:192.168.5.188
2019-07-10 03:51:36,734 INFO  volume.HddsVolume (HddsVolume.java:<init>(176)) - Creating Volume: /tmp/workdir/hadoop-ozone/tools/target/test-dir/MiniOzoneClusterImpl-3e16044d-9406-4d08-9841-a7f55fc7a0d4/datanode-0/data/containers/hdds of  storage type : DISK and capacity : 52710309888
2019-07-10 03:51:36,735 INFO  volume.VolumeSet (VolumeSet.java:initializeVolumeSet(170)) - Added Volume : /tmp/workdir/hadoop-ozone/tools/target/test-dir/MiniOzoneClusterImpl-3e16044d-9406-4d08-9841-a7f55fc7a0d4/datanode-0/data/containers/hdds to VolumeSet
2019-07-10 03:51:36,738 INFO  volume.ThrottledAsyncChecker (ThrottledAsyncChecker.java:schedule(140)) - Scheduling a check for org.apache.hadoop.ozone.container.common.volume.HddsVolume@3122b117
2019-07-10 03:51:36,759 INFO  volume.HddsVolumeChecker (HddsVolumeChecker.java:checkAllVolumes(203)) - Scheduled health check for volume org.apache.hadoop.ozone.container.common.volume.HddsVolume@3122b117
2019-07-10 03:51:36,807 INFO  ratis.XceiverServerRatis (XceiverServerRatis.java:newXceiverServerRatis(411)) - Found a free port for the server : 32902
2019-07-10 03:51:36,890 INFO  impl.RaftServerProxy (ConfUtils.java:logGet(43)) - raft.rpc.type = GRPC (default)
2019-07-10 03:51:36,967 INFO  grpc.GrpcFactory (GrpcFactory.java:checkPooledByteBufAllocatorUseCacheForAllThreads(45)) - PERFORMANCE WARNING: useCacheForAllThreads is true that may cause Netty to create a lot garbage objects and, as a result, trigger GC.
	It is recommended to disable useCacheForAllThreads by setting -Dorg.apache.ratis.thirdparty.io.netty.allocator.useCacheForAllThreads=false in command line.
2019-07-10 03:51:36,974 INFO  grpc.GrpcConfigKeys$Server (ConfUtils.java:logGet(43)) - raft.grpc.server.port = 32902 (custom)
2019-07-10 03:51:36,975 INFO  server.GrpcService (ConfUtils.java:logGet(43)) - raft.grpc.message.size.max = 33570816 (custom)
2019-07-10 03:51:36,976 INFO  server.RaftServerConfigKeys (ConfUtils.java:logGet(43)) - raft.server.log.appender.buffer.byte-limit = 33554432 (custom)
2019-07-10 03:51:36,977 INFO  server.GrpcService (ConfUtils.java:logGet(43)) - raft.grpc.flow.control.window = 1MB (=1048576) (default)
2019-07-10 03:51:36,978 INFO  server.RaftServerConfigKeys (ConfUtils.java:logGet(43)) - raft.server.rpc.request.timeout = 3000ms (default)
2019-07-10 03:51:37,148 INFO  server.RaftServerConfigKeys (ConfUtils.java:logGet(43)) - raft.server.storage.dir = [/tmp/workdir/hadoop-ozone/tools/target/test-dir/MiniOzoneClusterImpl-3e16044d-9406-4d08-9841-a7f55fc7a0d4/datanode-0/data/ratis] (custom)
2019-07-10 03:51:37,154 INFO  server.XceiverServerGrpc (XceiverServerGrpc.java:<init>(97)) - Found a free port for the server : 38964
2019-07-10 03:51:37,184 INFO  replication.SimpleContainerDownloader (SimpleContainerDownloader.java:<init>(72)) - Starting container downloader service to copy containers to replicate.
2019-07-10 03:51:37,197 INFO  hdfs.DFSUtil (DFSUtil.java:httpServerTemplateForNNAndJN(1641)) - Starting Web-server for hddsDatanode at: http://0.0.0.0:0
2019-07-10 03:51:37,200 INFO  server.AuthenticationFilter (AuthenticationFilter.java:constructSecretProvider(240)) - Unable to initialize FileSignerSecretProvider, falling back to use random secrets.
2019-07-10 03:51:37,201 WARN  http.HttpRequestLog (HttpRequestLog.java:getRequestLog(97)) - Jetty request log can only be enabled using Log4j
2019-07-10 03:51:37,204 INFO  http.HttpServer2 (HttpServer2.java:addGlobalFilter(975)) - Added global filter 'safety' (class=org.apache.hadoop.http.HttpServer2$QuotingInputFilter)
2019-07-10 03:51:37,205 INFO  http.HttpServer2 (HttpServer2.java:addFilter(948)) - Added filter static_user_filter (class=org.apache.hadoop.http.lib.StaticUserWebFilter$StaticUserFilter) to context hddsDatanode
2019-07-10 03:51:37,206 INFO  http.HttpServer2 (HttpServer2.java:addFilter(958)) - Added filter static_user_filter (class=org.apache.hadoop.http.lib.StaticUserWebFilter$StaticUserFilter) to context static
2019-07-10 03:51:37,206 INFO  http.HttpServer2 (HttpServer2.java:addFilter(958)) - Added filter static_user_filter (class=org.apache.hadoop.http.lib.StaticUserWebFilter$StaticUserFilter) to context logs
2019-07-10 03:51:37,207 INFO  http.HttpServer2 (HttpServer2.java:bindListener(1191)) - Jetty bound to port 35121
2019-07-10 03:51:37,208 INFO  server.Server (Server.java:doStart(351)) - jetty-9.3.24.v20180605, build timestamp: 2018-06-05T17:11:56Z, git hash: 84205aa28f11a4f31f2a3b86d1bba2cc8ab69827
2019-07-10 03:51:37,210 INFO  handler.ContextHandler (ContextHandler.java:doStart(781)) - Started o.e.j.s.ServletContextHandler@3f4cd155{/logs,file:///tmp/workdir/hadoop-ozone/tools/target/log,AVAILABLE}
2019-07-10 03:51:37,211 INFO  handler.ContextHandler (ContextHandler.java:doStart(781)) - Started o.e.j.s.ServletContextHandler@506dcf55{/static,file:///tmp/workdir/hadoop-hdds/container-service/target/classes/webapps/static,AVAILABLE}
2019-07-10 03:51:37,226 INFO  handler.ContextHandler (ContextHandler.java:doStart(781)) - Started o.e.j.w.WebAppContext@6145b81e{/,file:///tmp/workdir/hadoop-hdds/container-service/target/classes/webapps/hddsDatanode/,AVAILABLE}{/hddsDatanode}
2019-07-10 03:51:37,228 INFO  server.AbstractConnector (AbstractConnector.java:doStart(278)) - Started ServerConnector@64355120{HTTP/1.1,[http/1.1]}{0.0.0.0:35121}
2019-07-10 03:51:37,234 INFO  server.Server (Server.java:doStart(419)) - Started @4749ms
2019-07-10 03:51:37,238 INFO  server.BaseHttpServer (BaseHttpServer.java:updateConnectorAddress(207)) - HTTP server of HDDSDATANODE is listening at http://0.0.0.0:35121
2019-07-10 03:51:38,443 INFO  ozone.HddsDatanodeService (HddsDatanodeService.java:startPlugins(396)) - Started plug-in org.apache.hadoop.ozone.web.OzoneHddsDatanodeService@36920bd6
2019-07-10 03:51:38,445 INFO  impl.MetricsSystemImpl (MetricsSystemImpl.java:init(158)) - HddsDatanode metrics system started (again)
2019-07-10 03:51:38,446 INFO  ozone.HddsDatanodeService (HddsDatanodeService.java:start(185)) - HddsDatanodeService host:hdds1735-gd5hf-3123663959 ip:192.168.5.188
2019-07-10 03:51:38,452 INFO  util.JvmPauseMonitor (JvmPauseMonitor.java:run(188)) - Starting JVM pause monitor
2019-07-10 03:51:38,456 INFO  volume.HddsVolume (HddsVolume.java:<init>(176)) - Creating Volume: /tmp/workdir/hadoop-ozone/tools/target/test-dir/MiniOzoneClusterImpl-3e16044d-9406-4d08-9841-a7f55fc7a0d4/datanode-1/data/containers/hdds of  storage type : DISK and capacity : 52710309888
2019-07-10 03:51:38,457 INFO  volume.VolumeSet (VolumeSet.java:initializeVolumeSet(170)) - Added Volume : /tmp/workdir/hadoop-ozone/tools/target/test-dir/MiniOzoneClusterImpl-3e16044d-9406-4d08-9841-a7f55fc7a0d4/datanode-1/data/containers/hdds to VolumeSet
2019-07-10 03:51:38,457 INFO  volume.ThrottledAsyncChecker (ThrottledAsyncChecker.java:schedule(140)) - Scheduling a check for org.apache.hadoop.ozone.container.common.volume.HddsVolume@208f0007
2019-07-10 03:51:38,458 INFO  volume.HddsVolumeChecker (HddsVolumeChecker.java:checkAllVolumes(203)) - Scheduled health check for volume org.apache.hadoop.ozone.container.common.volume.HddsVolume@208f0007
2019-07-10 03:51:38,477 INFO  ratis.XceiverServerRatis (XceiverServerRatis.java:newXceiverServerRatis(411)) - Found a free port for the server : 37164
2019-07-10 03:51:38,478 INFO  impl.RaftServerProxy (ConfUtils.java:logGet(43)) - raft.rpc.type = GRPC (default)
2019-07-10 03:51:38,478 INFO  grpc.GrpcFactory (GrpcFactory.java:checkPooledByteBufAllocatorUseCacheForAllThreads(45)) - PERFORMANCE WARNING: useCacheForAllThreads is true that may cause Netty to create a lot garbage objects and, as a result, trigger GC.
	It is recommended to disable useCacheForAllThreads by setting -Dorg.apache.ratis.thirdparty.io.netty.allocator.useCacheForAllThreads=false in command line.
2019-07-10 03:51:38,479 INFO  grpc.GrpcConfigKeys$Server (ConfUtils.java:logGet(43)) - raft.grpc.server.port = 37164 (custom)
2019-07-10 03:51:38,479 INFO  server.GrpcService (ConfUtils.java:logGet(43)) - raft.grpc.message.size.max = 33570816 (custom)
2019-07-10 03:51:38,479 INFO  server.RaftServerConfigKeys (ConfUtils.java:logGet(43)) - raft.server.log.appender.buffer.byte-limit = 33554432 (custom)
2019-07-10 03:51:38,479 INFO  server.GrpcService (ConfUtils.java:logGet(43)) - raft.grpc.flow.control.window = 1MB (=1048576) (default)
2019-07-10 03:51:38,479 INFO  server.RaftServerConfigKeys (ConfUtils.java:logGet(43)) - raft.server.rpc.request.timeout = 3000ms (default)
2019-07-10 03:51:38,480 INFO  server.RaftServerConfigKeys (ConfUtils.java:logGet(43)) - raft.server.storage.dir = [/tmp/workdir/hadoop-ozone/tools/target/test-dir/MiniOzoneClusterImpl-3e16044d-9406-4d08-9841-a7f55fc7a0d4/datanode-1/data/ratis] (custom)
2019-07-10 03:51:38,481 INFO  server.XceiverServerGrpc (XceiverServerGrpc.java:<init>(97)) - Found a free port for the server : 38336
2019-07-10 03:51:38,481 INFO  replication.SimpleContainerDownloader (SimpleContainerDownloader.java:<init>(72)) - Starting container downloader service to copy containers to replicate.
2019-07-10 03:51:38,483 INFO  hdfs.DFSUtil (DFSUtil.java:httpServerTemplateForNNAndJN(1641)) - Starting Web-server for hddsDatanode at: http://0.0.0.0:0
2019-07-10 03:51:38,486 INFO  server.AuthenticationFilter (AuthenticationFilter.java:constructSecretProvider(240)) - Unable to initialize FileSignerSecretProvider, falling back to use random secrets.
2019-07-10 03:51:38,487 WARN  http.HttpRequestLog (HttpRequestLog.java:getRequestLog(97)) - Jetty request log can only be enabled using Log4j
2019-07-10 03:51:38,490 INFO  http.HttpServer2 (HttpServer2.java:addGlobalFilter(975)) - Added global filter 'safety' (class=org.apache.hadoop.http.HttpServer2$QuotingInputFilter)
2019-07-10 03:51:38,491 INFO  http.HttpServer2 (HttpServer2.java:addFilter(948)) - Added filter static_user_filter (class=org.apache.hadoop.http.lib.StaticUserWebFilter$StaticUserFilter) to context hddsDatanode
2019-07-10 03:51:38,492 INFO  http.HttpServer2 (HttpServer2.java:addFilter(958)) - Added filter static_user_filter (class=org.apache.hadoop.http.lib.StaticUserWebFilter$StaticUserFilter) to context logs
2019-07-10 03:51:38,492 INFO  http.HttpServer2 (HttpServer2.java:addFilter(958)) - Added filter static_user_filter (class=org.apache.hadoop.http.lib.StaticUserWebFilter$StaticUserFilter) to context static
2019-07-10 03:51:38,493 INFO  http.HttpServer2 (HttpServer2.java:bindListener(1191)) - Jetty bound to port 42031
2019-07-10 03:51:38,494 INFO  server.Server (Server.java:doStart(351)) - jetty-9.3.24.v20180605, build timestamp: 2018-06-05T17:11:56Z, git hash: 84205aa28f11a4f31f2a3b86d1bba2cc8ab69827
2019-07-10 03:51:38,497 INFO  handler.ContextHandler (ContextHandler.java:doStart(781)) - Started o.e.j.s.ServletContextHandler@51dae791{/logs,file:///tmp/workdir/hadoop-ozone/tools/target/log,AVAILABLE}
2019-07-10 03:51:38,498 INFO  handler.ContextHandler (ContextHandler.java:doStart(781)) - Started o.e.j.s.ServletContextHandler@5de5e95{/static,file:///tmp/workdir/hadoop-hdds/container-service/target/classes/webapps/static,AVAILABLE}
2019-07-10 03:51:38,516 INFO  handler.ContextHandler (ContextHandler.java:doStart(781)) - Started o.e.j.w.WebAppContext@34c70b5e{/,file:///tmp/workdir/hadoop-hdds/container-service/target/classes/webapps/hddsDatanode/,AVAILABLE}{/hddsDatanode}
2019-07-10 03:51:38,516 INFO  server.AbstractConnector (AbstractConnector.java:doStart(278)) - Started ServerConnector@4f2d995e{HTTP/1.1,[http/1.1]}{0.0.0.0:42031}
2019-07-10 03:51:38,518 INFO  server.Server (Server.java:doStart(419)) - Started @6033ms
2019-07-10 03:51:38,519 INFO  server.BaseHttpServer (BaseHttpServer.java:updateConnectorAddress(207)) - HTTP server of HDDSDATANODE is listening at http://0.0.0.0:42031
2019-07-10 03:51:38,572 INFO  datanode.InitDatanodeState (InitDatanodeState.java:persistContainerDatanodeDetails(140)) - DatanodeDetails is persisted to /tmp/workdir/hadoop-ozone/tools/target/test-dir/MiniOzoneClusterImpl-3e16044d-9406-4d08-9841-a7f55fc7a0d4/datanode-0/meta/datanode.id
2019-07-10 03:51:38,676 INFO  ozone.HddsDatanodeService (HddsDatanodeService.java:startPlugins(396)) - Started plug-in org.apache.hadoop.ozone.web.OzoneHddsDatanodeService@696db620
2019-07-10 03:51:38,676 INFO  impl.MetricsSystemImpl (MetricsSystemImpl.java:init(158)) - HddsDatanode metrics system started (again)
2019-07-10 03:51:38,677 INFO  ozone.HddsDatanodeService (HddsDatanodeService.java:start(185)) - HddsDatanodeService host:hdds1735-gd5hf-3123663959 ip:192.168.5.188
2019-07-10 03:51:38,678 INFO  util.JvmPauseMonitor (JvmPauseMonitor.java:run(188)) - Starting JVM pause monitor
2019-07-10 03:51:38,687 INFO  volume.HddsVolume (HddsVolume.java:<init>(176)) - Creating Volume: /tmp/workdir/hadoop-ozone/tools/target/test-dir/MiniOzoneClusterImpl-3e16044d-9406-4d08-9841-a7f55fc7a0d4/datanode-2/data/containers/hdds of  storage type : DISK and capacity : 52710309888
2019-07-10 03:51:38,688 INFO  volume.VolumeSet (VolumeSet.java:initializeVolumeSet(170)) - Added Volume : /tmp/workdir/hadoop-ozone/tools/target/test-dir/MiniOzoneClusterImpl-3e16044d-9406-4d08-9841-a7f55fc7a0d4/datanode-2/data/containers/hdds to VolumeSet
2019-07-10 03:51:38,688 INFO  volume.ThrottledAsyncChecker (ThrottledAsyncChecker.java:schedule(140)) - Scheduling a check for org.apache.hadoop.ozone.container.common.volume.HddsVolume@12a470dd
2019-07-10 03:51:38,689 INFO  datanode.InitDatanodeState (InitDatanodeState.java:persistContainerDatanodeDetails(140)) - DatanodeDetails is persisted to /tmp/workdir/hadoop-ozone/tools/target/test-dir/MiniOzoneClusterImpl-3e16044d-9406-4d08-9841-a7f55fc7a0d4/datanode-1/meta/datanode.id
2019-07-10 03:51:38,690 INFO  volume.HddsVolumeChecker (HddsVolumeChecker.java:checkAllVolumes(203)) - Scheduled health check for volume org.apache.hadoop.ozone.container.common.volume.HddsVolume@12a470dd
2019-07-10 03:51:38,710 INFO  ratis.XceiverServerRatis (XceiverServerRatis.java:newXceiverServerRatis(411)) - Found a free port for the server : 42607
2019-07-10 03:51:38,712 INFO  impl.RaftServerProxy (ConfUtils.java:logGet(43)) - raft.rpc.type = GRPC (default)
2019-07-10 03:51:38,713 INFO  grpc.GrpcFactory (GrpcFactory.java:checkPooledByteBufAllocatorUseCacheForAllThreads(45)) - PERFORMANCE WARNING: useCacheForAllThreads is true that may cause Netty to create a lot garbage objects and, as a result, trigger GC.
	It is recommended to disable useCacheForAllThreads by setting -Dorg.apache.ratis.thirdparty.io.netty.allocator.useCacheForAllThreads=false in command line.
2019-07-10 03:51:38,713 INFO  grpc.GrpcConfigKeys$Server (ConfUtils.java:logGet(43)) - raft.grpc.server.port = 42607 (custom)
2019-07-10 03:51:38,713 INFO  server.GrpcService (ConfUtils.java:logGet(43)) - raft.grpc.message.size.max = 33570816 (custom)
2019-07-10 03:51:38,714 INFO  server.RaftServerConfigKeys (ConfUtils.java:logGet(43)) - raft.server.log.appender.buffer.byte-limit = 33554432 (custom)
2019-07-10 03:51:38,714 INFO  server.GrpcService (ConfUtils.java:logGet(43)) - raft.grpc.flow.control.window = 1MB (=1048576) (default)
2019-07-10 03:51:38,715 INFO  server.RaftServerConfigKeys (ConfUtils.java:logGet(43)) - raft.server.rpc.request.timeout = 3000ms (default)
2019-07-10 03:51:38,715 INFO  server.RaftServerConfigKeys (ConfUtils.java:logGet(43)) - raft.server.storage.dir = [/tmp/workdir/hadoop-ozone/tools/target/test-dir/MiniOzoneClusterImpl-3e16044d-9406-4d08-9841-a7f55fc7a0d4/datanode-2/data/ratis] (custom)
2019-07-10 03:51:38,716 INFO  server.XceiverServerGrpc (XceiverServerGrpc.java:<init>(97)) - Found a free port for the server : 45193
2019-07-10 03:51:38,717 INFO  replication.SimpleContainerDownloader (SimpleContainerDownloader.java:<init>(72)) - Starting container downloader service to copy containers to replicate.
2019-07-10 03:51:38,719 INFO  hdfs.DFSUtil (DFSUtil.java:httpServerTemplateForNNAndJN(1641)) - Starting Web-server for hddsDatanode at: http://0.0.0.0:0
2019-07-10 03:51:38,721 INFO  server.AuthenticationFilter (AuthenticationFilter.java:constructSecretProvider(240)) - Unable to initialize FileSignerSecretProvider, falling back to use random secrets.
2019-07-10 03:51:38,722 WARN  http.HttpRequestLog (HttpRequestLog.java:getRequestLog(97)) - Jetty request log can only be enabled using Log4j
2019-07-10 03:51:38,725 INFO  http.HttpServer2 (HttpServer2.java:addGlobalFilter(975)) - Added global filter 'safety' (class=org.apache.hadoop.http.HttpServer2$QuotingInputFilter)
2019-07-10 03:51:38,726 INFO  http.HttpServer2 (HttpServer2.java:addFilter(948)) - Added filter static_user_filter (class=org.apache.hadoop.http.lib.StaticUserWebFilter$StaticUserFilter) to context hddsDatanode
2019-07-10 03:51:38,726 INFO  http.HttpServer2 (HttpServer2.java:addFilter(958)) - Added filter static_user_filter (class=org.apache.hadoop.http.lib.StaticUserWebFilter$StaticUserFilter) to context static
2019-07-10 03:51:38,727 INFO  http.HttpServer2 (HttpServer2.java:addFilter(958)) - Added filter static_user_filter (class=org.apache.hadoop.http.lib.StaticUserWebFilter$StaticUserFilter) to context logs
2019-07-10 03:51:38,728 INFO  http.HttpServer2 (HttpServer2.java:bindListener(1191)) - Jetty bound to port 36691
2019-07-10 03:51:38,728 INFO  server.Server (Server.java:doStart(351)) - jetty-9.3.24.v20180605, build timestamp: 2018-06-05T17:11:56Z, git hash: 84205aa28f11a4f31f2a3b86d1bba2cc8ab69827
2019-07-10 03:51:38,732 INFO  handler.ContextHandler (ContextHandler.java:doStart(781)) - Started o.e.j.s.ServletContextHandler@3a3ed300{/logs,file:///tmp/workdir/hadoop-ozone/tools/target/log,AVAILABLE}
2019-07-10 03:51:38,733 INFO  handler.ContextHandler (ContextHandler.java:doStart(781)) - Started o.e.j.s.ServletContextHandler@39f5b723{/static,file:///tmp/workdir/hadoop-hdds/container-service/target/classes/webapps/static,AVAILABLE}
2019-07-10 03:51:38,740 INFO  handler.ContextHandler (ContextHandler.java:doStart(781)) - Started o.e.j.w.WebAppContext@16736040{/,file:///tmp/workdir/hadoop-hdds/container-service/target/classes/webapps/hddsDatanode/,AVAILABLE}{/hddsDatanode}
2019-07-10 03:51:38,741 INFO  server.AbstractConnector (AbstractConnector.java:doStart(278)) - Started ServerConnector@7c5d1d25{HTTP/1.1,[http/1.1]}{0.0.0.0:36691}
2019-07-10 03:51:38,742 INFO  server.Server (Server.java:doStart(419)) - Started @6257ms
2019-07-10 03:51:38,743 INFO  server.BaseHttpServer (BaseHttpServer.java:updateConnectorAddress(207)) - HTTP server of HDDSDATANODE is listening at http://0.0.0.0:36691
2019-07-10 03:51:38,895 INFO  ozone.HddsDatanodeService (HddsDatanodeService.java:startPlugins(396)) - Started plug-in org.apache.hadoop.ozone.web.OzoneHddsDatanodeService@62cba181
2019-07-10 03:51:38,897 INFO  ozone.MiniOzoneClusterImpl (MiniOzoneClusterImpl.java:lambda$waitForClusterToBeReady$0(142)) - Waiting for cluster to be ready. Got 0 of 3 DN Heartbeats.
2019-07-10 03:51:38,898 INFO  util.JvmPauseMonitor (JvmPauseMonitor.java:run(188)) - Starting JVM pause monitor
2019-07-10 03:51:38,901 INFO  datanode.InitDatanodeState (InitDatanodeState.java:persistContainerDatanodeDetails(140)) - DatanodeDetails is persisted to /tmp/workdir/hadoop-ozone/tools/target/test-dir/MiniOzoneClusterImpl-3e16044d-9406-4d08-9841-a7f55fc7a0d4/datanode-2/meta/datanode.id
2019-07-10 03:51:39,897 INFO  ozone.MiniOzoneClusterImpl (MiniOzoneClusterImpl.java:lambda$waitForClusterToBeReady$0(142)) - Waiting for cluster to be ready. Got 0 of 3 DN Heartbeats.
2019-07-10 03:51:40,515 INFO  ozoneimpl.OzoneContainer (OzoneContainer.java:start(186)) - Attempting to start container services.
2019-07-10 03:51:40,517 INFO  ozoneimpl.OzoneContainer (OzoneContainer.java:startContainerScrub(160)) - Background container scrubber has been disabled by hdds.containerscrub.enabled
2019-07-10 03:51:40,517 INFO  ratis.XceiverServerRatis (XceiverServerRatis.java:start(428)) - Starting XceiverServerRatis adca7021-bfae-4793-8b13-7a318476acc4 at port 32902
2019-07-10 03:51:40,550 INFO  impl.RaftServerProxy (RaftServerProxy.java:lambda$start$3(299)) - adca7021-bfae-4793-8b13-7a318476acc4: start RPC server
2019-07-10 03:51:40,689 INFO  server.GrpcService (GrpcService.java:startImpl(149)) - adca7021-bfae-4793-8b13-7a318476acc4: GrpcService started, listening on 0.0.0.0/0.0.0.0:32902
2019-07-10 03:51:40,697 INFO  ozoneimpl.OzoneContainer (OzoneContainer.java:start(186)) - Attempting to start container services.
2019-07-10 03:51:40,700 INFO  ozoneimpl.OzoneContainer (OzoneContainer.java:startContainerScrub(160)) - Background container scrubber has been disabled by hdds.containerscrub.enabled
2019-07-10 03:51:40,700 INFO  ratis.XceiverServerRatis (XceiverServerRatis.java:start(428)) - Starting XceiverServerRatis 324b8a40-8ac4-4113-9c5b-67bfc0793797 at port 37164
2019-07-10 03:51:40,713 INFO  impl.RaftServerProxy (RaftServerProxy.java:lambda$start$3(299)) - 324b8a40-8ac4-4113-9c5b-67bfc0793797: start RPC server
2019-07-10 03:51:40,716 INFO  server.GrpcService (GrpcService.java:startImpl(149)) - 324b8a40-8ac4-4113-9c5b-67bfc0793797: GrpcService started, listening on 0.0.0.0/0.0.0.0:37164
2019-07-10 03:51:40,898 INFO  ozone.MiniOzoneClusterImpl (MiniOzoneClusterImpl.java:lambda$waitForClusterToBeReady$0(142)) - Waiting for cluster to be ready. Got 0 of 3 DN Heartbeats.
2019-07-10 03:51:40,909 INFO  ozoneimpl.OzoneContainer (OzoneContainer.java:start(186)) - Attempting to start container services.
2019-07-10 03:51:40,911 INFO  ozoneimpl.OzoneContainer (OzoneContainer.java:startContainerScrub(160)) - Background container scrubber has been disabled by hdds.containerscrub.enabled
2019-07-10 03:51:40,911 INFO  ratis.XceiverServerRatis (XceiverServerRatis.java:start(428)) - Starting XceiverServerRatis f46df106-fd9d-40d3-9183-f5de1fc434d0 at port 42607
2019-07-10 03:51:40,926 INFO  impl.RaftServerProxy (RaftServerProxy.java:lambda$start$3(299)) - f46df106-fd9d-40d3-9183-f5de1fc434d0: start RPC server
2019-07-10 03:51:40,930 INFO  server.GrpcService (GrpcService.java:startImpl(149)) - f46df106-fd9d-40d3-9183-f5de1fc434d0: GrpcService started, listening on 0.0.0.0/0.0.0.0:42607
2019-07-10 03:51:41,900 INFO  ozone.MiniOzoneClusterImpl (MiniOzoneClusterImpl.java:lambda$waitForClusterToBeReady$0(142)) - Waiting for cluster to be ready. Got 0 of 3 DN Heartbeats.
2019-07-10 03:51:42,493 INFO  net.NetworkTopology (NetworkTopologyImpl.java:add(109)) - Added a new node: /default-rack/192.168.5.188
2019-07-10 03:51:42,493 INFO  node.SCMNodeManager (SCMNodeManager.java:register(268)) - Registered Data node : adca7021-bfae-4793-8b13-7a318476acc4{ip: 192.168.5.188, host: hdds1735-gd5hf-3123663959, networkLocation: /default-rack, certSerialId: null}
2019-07-10 03:51:42,499 INFO  safemode.SCMSafeModeManager (DataNodeSafeModeRule.java:process(71)) - SCM in safe mode. 1 DataNodes registered, 1 required.
2019-07-10 03:51:42,500 INFO  safemode.SCMSafeModeManager (SCMSafeModeManager.java:validateSafeModeExitRules(177)) - ScmSafeModeManager, all rules are successfully validated
2019-07-10 03:51:42,500 INFO  safemode.SCMSafeModeManager (SCMSafeModeManager.java:exitSafeMode(193)) - SCM exiting safe mode.
2019-07-10 03:51:42,689 INFO  node.SCMNodeManager (SCMNodeManager.java:register(268)) - Registered Data node : 324b8a40-8ac4-4113-9c5b-67bfc0793797{ip: 192.168.5.188, host: hdds1735-gd5hf-3123663959, networkLocation: /default-rack, certSerialId: null}
2019-07-10 03:51:42,900 INFO  node.SCMNodeManager (SCMNodeManager.java:register(268)) - Registered Data node : f46df106-fd9d-40d3-9183-f5de1fc434d0{ip: 192.168.5.188, host: hdds1735-gd5hf-3123663959, networkLocation: /default-rack, certSerialId: null}
2019-07-10 03:51:42,901 INFO  ozone.MiniOzoneClusterImpl (MiniOzoneClusterImpl.java:lambda$waitForClusterToBeReady$0(142)) - Cluster is ready. Got 3 of 3 DN Heartbeats.
2019-07-10 03:51:43,464 INFO  impl.RaftServerProxy (RaftServerProxy.java:addNew(89)) - adca7021-bfae-4793-8b13-7a318476acc4: addNew group-3825AE2220E0:[adca7021-bfae-4793-8b13-7a318476acc4:192.168.5.188:32902] returns group-3825AE2220E0:java.util.concurrent.CompletableFuture@435c77dc[Not completed]
2019-07-10 03:51:43,480 INFO  impl.RaftServerImpl (RaftServerImpl.java:<init>(93)) - adca7021-bfae-4793-8b13-7a318476acc4: new RaftServerImpl for group-3825AE2220E0:[adca7021-bfae-4793-8b13-7a318476acc4:192.168.5.188:32902] with ContainerStateMachine:uninitialized
2019-07-10 03:51:43,485 INFO  server.RaftServerConfigKeys (ConfUtils.java:logGet(43)) - raft.server.rpc.timeout.min = 1s (custom)
2019-07-10 03:51:43,486 INFO  server.RaftServerConfigKeys (ConfUtils.java:logGet(43)) - raft.server.rpc.timeout.max = 1200ms (custom)
2019-07-10 03:51:43,486 INFO  server.RaftServerConfigKeys (ConfUtils.java:logGet(43)) - raft.server.rpcslowness.timeout = 120s (custom)
2019-07-10 03:51:43,495 INFO  server.RaftServerConfigKeys (ConfUtils.java:logGet(43)) - raft.server.sleep.deviation.threshold = 300 (default)
2019-07-10 03:51:43,496 INFO  server.RaftServerConfigKeys (ConfUtils.java:logGet(43)) - raft.server.log.appender.install.snapshot.enabled = false (custom)
2019-07-10 03:51:43,506 INFO  impl.RaftServerImpl (ServerState.java:<init>(105)) - adca7021-bfae-4793-8b13-7a318476acc4:group-3825AE2220E0 ConfigurationManager, init=-1: [adca7021-bfae-4793-8b13-7a318476acc4:192.168.5.188:32902], old=null, confs=<EMPTY_MAP>
2019-07-10 03:51:43,507 INFO  server.RaftServerConfigKeys (ConfUtils.java:logGet(43)) - raft.server.storage.dir = [/tmp/workdir/hadoop-ozone/tools/target/test-dir/MiniOzoneClusterImpl-3e16044d-9406-4d08-9841-a7f55fc7a0d4/datanode-0/data/ratis] (custom)
2019-07-10 03:51:43,517 INFO  storage.RaftStorageDirectory (RaftStorageDirectory.java:analyzeStorage(246)) - The storage directory /tmp/workdir/hadoop-ozone/tools/target/test-dir/MiniOzoneClusterImpl-3e16044d-9406-4d08-9841-a7f55fc7a0d4/datanode-0/data/ratis/b195ae38-49db-4e40-82e3-3825ae2220e0 does not exist. Creating ...
2019-07-10 03:51:43,547 INFO  storage.RaftStorageDirectory (RaftStorageDirectory.java:tryLock(328)) - Lock on /tmp/workdir/hadoop-ozone/tools/target/test-dir/MiniOzoneClusterImpl-3e16044d-9406-4d08-9841-a7f55fc7a0d4/datanode-0/data/ratis/b195ae38-49db-4e40-82e3-3825ae2220e0/in_use.lock acquired by nodename 22595@hdds1735-gd5hf-3123663959
2019-07-10 03:51:43,563 INFO  storage.RaftStorage (RaftStorage.java:format(72)) - Storage directory /tmp/workdir/hadoop-ozone/tools/target/test-dir/MiniOzoneClusterImpl-3e16044d-9406-4d08-9841-a7f55fc7a0d4/datanode-0/data/ratis/b195ae38-49db-4e40-82e3-3825ae2220e0 has been successfully formatted.
2019-07-10 03:51:43,566 INFO  ratis.ContainerStateMachine (ContainerStateMachine.java:loadSnapshot(198)) - The snapshot info is null.Setting the last applied index to:(t:0, i:~)
2019-07-10 03:51:43,566 INFO  server.RaftServerConfigKeys (ConfUtils.java:logGet(43)) - raft.server.leader.election.timeout = 120s (custom)
2019-07-10 03:51:43,568 INFO  server.RaftServerConfigKeys (ConfUtils.java:logGet(43)) - raft.server.log.use.memory = false (default)
2019-07-10 03:51:43,575 INFO  server.RaftServerConfigKeys (ConfUtils.java:logGet(43)) - raft.server.log.purge.gap = 1000000000 (custom)
2019-07-10 03:51:43,575 INFO  server.RaftServerConfigKeys (ConfUtils.java:logGet(43)) - raft.server.log.appender.buffer.byte-limit = 33554432 (custom)
2019-07-10 03:51:43,577 INFO  server.RaftServerConfigKeys (ConfUtils.java:logGet(43)) - raft.server.log.segment.size.max = 1048576 (custom)
2019-07-10 03:51:43,582 INFO  server.RaftServerConfigKeys (ConfUtils.java:logGet(43)) - raft.server.log.segment.cache.num.max = 2 (custom)
2019-07-10 03:51:43,590 INFO  segmented.SegmentedRaftLogWorker (SegmentedRaftLogWorker.java:<init>(172)) - new adca7021-bfae-4793-8b13-7a318476acc4-SegmentedRaftLogWorker:Storage Directory /tmp/workdir/hadoop-ozone/tools/target/test-dir/MiniOzoneClusterImpl-3e16044d-9406-4d08-9841-a7f55fc7a0d4/datanode-0/data/ratis/b195ae38-49db-4e40-82e3-3825ae2220e0 for RaftStorage:Storage Directory /tmp/workdir/hadoop-ozone/tools/target/test-dir/MiniOzoneClusterImpl-3e16044d-9406-4d08-9841-a7f55fc7a0d4/datanode-0/data/ratis/b195ae38-49db-4e40-82e3-3825ae2220e0
2019-07-10 03:51:43,604 INFO  server.RaftServerConfigKeys (ConfUtils.java:logGet(43)) - raft.server.log.queue.byte-limit = 2147483647 (custom)
2019-07-10 03:51:43,604 INFO  server.RaftServerConfigKeys (ConfUtils.java:logGet(43)) - raft.server.log.queue.element-limit = 1024 (custom)
2019-07-10 03:51:43,610 INFO  server.RaftServerConfigKeys (ConfUtils.java:logGet(43)) - raft.server.log.segment.size.max = 1048576 (custom)
2019-07-10 03:51:43,610 INFO  server.RaftServerConfigKeys (ConfUtils.java:logGet(43)) - raft.server.log.preallocated.size = 16384 (custom)
2019-07-10 03:51:43,611 INFO  server.RaftServerConfigKeys (ConfUtils.java:logGet(43)) - raft.server.log.write.buffer.size = 33554432 (custom)
2019-07-10 03:51:43,611 INFO  server.RaftServerConfigKeys (ConfUtils.java:logGet(43)) - raft.server.log.force.sync.num = 128 (default)
2019-07-10 03:51:43,612 INFO  server.RaftServerConfigKeys (ConfUtils.java:logGet(43)) - raft.server.log.statemachine.data.sync = true (default)
2019-07-10 03:51:43,613 INFO  server.RaftServerConfigKeys (ConfUtils.java:logGet(43)) - raft.server.log.statemachine.data.sync.timeout = 10s (default)
2019-07-10 03:51:43,613 INFO  server.RaftServerConfigKeys (ConfUtils.java:logGet(43)) - raft.server.log.statemachine.data.sync.timeout.retry = -1 (default)
2019-07-10 03:51:43,621 INFO  server.RaftServerConfigKeys (ConfUtils.java:logGet(43)) - raft.server.log.statemachine.data.caching.enabled = true (custom)
2019-07-10 03:51:43,626 INFO  segmented.SegmentedRaftLogWorker (SegmentedRaftLogWorker.java:lambda$new$0(132)) - adca7021-bfae-4793-8b13-7a318476acc4-SegmentedRaftLogWorker:Storage Directory /tmp/workdir/hadoop-ozone/tools/target/test-dir/MiniOzoneClusterImpl-3e16044d-9406-4d08-9841-a7f55fc7a0d4/datanode-0/data/ratis/b195ae38-49db-4e40-82e3-3825ae2220e0: flushIndex: setUnconditionally 0 -> -1
2019-07-10 03:51:43,630 INFO  server.RaftServerConfigKeys (ConfUtils.java:logGet(43)) - raft.server.snapshot.auto.trigger.enabled = true (custom)
2019-07-10 03:51:43,631 INFO  server.RaftServerConfigKeys (ConfUtils.java:logGet(43)) - raft.server.snapshot.auto.trigger.threshold = 10000 (custom)
2019-07-10 03:51:43,631 INFO  server.RaftServerConfigKeys (ConfUtils.java:logGet(43)) - raft.server.retrycache.expirytime = 600000ms (custom)
2019-07-10 03:51:43,653 INFO  impl.RaftServerImpl (RaftServerImpl.java:start(180)) - adca7021-bfae-4793-8b13-7a318476acc4: start group-3825AE2220E0
2019-07-10 03:51:43,654 INFO  impl.RaftServerImpl (RaftServerImpl.java:setRole(171)) - adca7021-bfae-4793-8b13-7a318476acc4:group-3825AE2220E0 changes role from null to FOLLOWER at term 0 for startAsFollower
2019-07-10 03:51:43,656 INFO  impl.RoleInfo (RoleInfo.java:updateAndGet(143)) - adca7021-bfae-4793-8b13-7a318476acc4: start FollowerState
2019-07-10 03:51:43,657 INFO  util.JmxRegister (JmxRegister.java:tryRegister(44)) - Successfully registered JMX Bean with object name Ratis:service=RaftServer,group=group-3825AE2220E0,id=adca7021-bfae-4793-8b13-7a318476acc4
2019-07-10 03:51:43,666 INFO  freon.RandomKeyGenerator (RandomKeyGenerator.java:call(262)) - Number of Threads: 10
2019-07-10 03:51:43,670 INFO  freon.RandomKeyGenerator (RandomKeyGenerator.java:call(267)) - Number of Volumes: 1.
2019-07-10 03:51:43,670 INFO  freon.RandomKeyGenerator (RandomKeyGenerator.java:call(268)) - Number of Buckets per Volume: 1.
2019-07-10 03:51:43,670 INFO  freon.RandomKeyGenerator (RandomKeyGenerator.java:call(269)) - Number of Keys per Bucket: 1.
2019-07-10 03:51:43,670 INFO  freon.RandomKeyGenerator (RandomKeyGenerator.java:call(270)) - Key size: 20971520 bytes
2019-07-10 03:51:43,670 INFO  freon.RandomKeyGenerator (RandomKeyGenerator.java:call(271)) - Buffer size: 4096 bytes
2019-07-10 03:51:43,672 INFO  freon.RandomKeyGenerator (RandomKeyGenerator.java:call(286)) - Data validation is enabled.
2019-07-10 03:51:43,673 INFO  freon.RandomKeyGenerator (RandomKeyGenerator.java:call(299)) - Starting progress bar Thread.

 0.00% |█                                                                                                    |  0/1 Time: 0:00:002019-07-10 03:51:43,715 INFO  rpc.RpcClient (RpcClient.java:createVolume(289)) - Creating Volume: vol-0-05269, with jenkins1000 as owner.
2019-07-10 03:51:43,732 INFO  pipeline.PipelineStateManager (PipelineStateManager.java:addPipeline(56)) - Created pipeline Pipeline[ Id: b195ae38-49db-4e40-82e3-3825ae2220e0, Nodes: adca7021-bfae-4793-8b13-7a318476acc4{ip: 192.168.5.188, host: hdds1735-gd5hf-3123663959, networkLocation: /default-rack, certSerialId: null}, Type:RATIS, Factor:ONE, State:OPEN]
2019-07-10 03:51:43,755 INFO  impl.RaftServerProxy (RaftServerProxy.java:addNew(89)) - 324b8a40-8ac4-4113-9c5b-67bfc0793797: addNew group-3205C48142E1:[324b8a40-8ac4-4113-9c5b-67bfc0793797:192.168.5.188:37164] returns group-3205C48142E1:java.util.concurrent.CompletableFuture@4ccfed11[Not completed]
2019-07-10 03:51:43,790 INFO  impl.RaftServerImpl (RaftServerImpl.java:<init>(93)) - 324b8a40-8ac4-4113-9c5b-67bfc0793797: new RaftServerImpl for group-3205C48142E1:[324b8a40-8ac4-4113-9c5b-67bfc0793797:192.168.5.188:37164] with ContainerStateMachine:uninitialized
2019-07-10 03:51:43,792 INFO  server.RaftServerConfigKeys (ConfUtils.java:logGet(43)) - raft.server.rpc.timeout.min = 1s (custom)
2019-07-10 03:51:43,793 INFO  server.RaftServerConfigKeys (ConfUtils.java:logGet(43)) - raft.server.rpc.timeout.max = 1200ms (custom)
2019-07-10 03:51:43,793 INFO  server.RaftServerConfigKeys (ConfUtils.java:logGet(43)) - raft.server.rpcslowness.timeout = 120s (custom)
2019-07-10 03:51:43,794 INFO  server.RaftServerConfigKeys (ConfUtils.java:logGet(43)) - raft.server.sleep.deviation.threshold = 300 (default)
2019-07-10 03:51:43,794 INFO  server.RaftServerConfigKeys (ConfUtils.java:logGet(43)) - raft.server.log.appender.install.snapshot.enabled = false (custom)
2019-07-10 03:51:43,794 INFO  impl.RaftServerImpl (ServerState.java:<init>(105)) - 324b8a40-8ac4-4113-9c5b-67bfc0793797:group-3205C48142E1 ConfigurationManager, init=-1: [324b8a40-8ac4-4113-9c5b-67bfc0793797:192.168.5.188:37164], old=null, confs=<EMPTY_MAP>
2019-07-10 03:51:43,795 INFO  server.RaftServerConfigKeys (ConfUtils.java:logGet(43)) - raft.server.storage.dir = [/tmp/workdir/hadoop-ozone/tools/target/test-dir/MiniOzoneClusterImpl-3e16044d-9406-4d08-9841-a7f55fc7a0d4/datanode-1/data/ratis] (custom)
2019-07-10 03:51:43,795 INFO  storage.RaftStorageDirectory (RaftStorageDirectory.java:analyzeStorage(246)) - The storage directory /tmp/workdir/hadoop-ozone/tools/target/test-dir/MiniOzoneClusterImpl-3e16044d-9406-4d08-9841-a7f55fc7a0d4/datanode-1/data/ratis/963ed55f-4580-476f-bab8-3205c48142e1 does not exist. Creating ...
2019-07-10 03:51:43,809 INFO  rpc.RpcClient (RpcClient.java:createBucket(426)) - Creating Bucket: vol-0-05269/bucket-0-99030, with Versioning false and Storage Type set to DISK and Encryption set to false 
2019-07-10 03:51:43,820 INFO  storage.RaftStorageDirectory (RaftStorageDirectory.java:tryLock(328)) - Lock on /tmp/workdir/hadoop-ozone/tools/target/test-dir/MiniOzoneClusterImpl-3e16044d-9406-4d08-9841-a7f55fc7a0d4/datanode-1/data/ratis/963ed55f-4580-476f-bab8-3205c48142e1/in_use.lock acquired by nodename 22595@hdds1735-gd5hf-3123663959
2019-07-10 03:51:43,826 INFO  storage.RaftStorage (RaftStorage.java:format(72)) - Storage directory /tmp/workdir/hadoop-ozone/tools/target/test-dir/MiniOzoneClusterImpl-3e16044d-9406-4d08-9841-a7f55fc7a0d4/datanode-1/data/ratis/963ed55f-4580-476f-bab8-3205c48142e1 has been successfully formatted.
2019-07-10 03:51:43,828 INFO  ratis.ContainerStateMachine (ContainerStateMachine.java:loadSnapshot(198)) - The snapshot info is null.Setting the last applied index to:(t:0, i:~)
2019-07-10 03:51:43,830 INFO  server.RaftServerConfigKeys (ConfUtils.java:logGet(43)) - raft.server.leader.election.timeout = 120s (custom)
2019-07-10 03:51:43,830 INFO  server.RaftServerConfigKeys (ConfUtils.java:logGet(43)) - raft.server.log.use.memory = false (default)
2019-07-10 03:51:43,830 INFO  server.RaftServerConfigKeys (ConfUtils.java:logGet(43)) - raft.server.log.purge.gap = 1000000000 (custom)
2019-07-10 03:51:43,830 INFO  server.RaftServerConfigKeys (ConfUtils.java:logGet(43)) - raft.server.log.appender.buffer.byte-limit = 33554432 (custom)
2019-07-10 03:51:43,831 INFO  server.RaftServerConfigKeys (ConfUtils.java:logGet(43)) - raft.server.log.segment.size.max = 1048576 (custom)
2019-07-10 03:51:43,831 INFO  server.RaftServerConfigKeys (ConfUtils.java:logGet(43)) - raft.server.log.segment.cache.num.max = 2 (custom)
2019-07-10 03:51:43,831 INFO  segmented.SegmentedRaftLogWorker (SegmentedRaftLogWorker.java:<init>(172)) - new 324b8a40-8ac4-4113-9c5b-67bfc0793797-SegmentedRaftLogWorker:Storage Directory /tmp/workdir/hadoop-ozone/tools/target/test-dir/MiniOzoneClusterImpl-3e16044d-9406-4d08-9841-a7f55fc7a0d4/datanode-1/data/ratis/963ed55f-4580-476f-bab8-3205c48142e1 for RaftStorage:Storage Directory /tmp/workdir/hadoop-ozone/tools/target/test-dir/MiniOzoneClusterImpl-3e16044d-9406-4d08-9841-a7f55fc7a0d4/datanode-1/data/ratis/963ed55f-4580-476f-bab8-3205c48142e1
2019-07-10 03:51:43,833 INFO  server.RaftServerConfigKeys (ConfUtils.java:logGet(43)) - raft.server.log.queue.byte-limit = 2147483647 (custom)
2019-07-10 03:51:43,833 INFO  server.RaftServerConfigKeys (ConfUtils.java:logGet(43)) - raft.server.log.queue.element-limit = 1024 (custom)
2019-07-10 03:51:43,833 INFO  server.RaftServerConfigKeys (ConfUtils.java:logGet(43)) - raft.server.log.segment.size.max = 1048576 (custom)
2019-07-10 03:51:43,833 INFO  server.RaftServerConfigKeys (ConfUtils.java:logGet(43)) - raft.server.log.preallocated.size = 16384 (custom)
2019-07-10 03:51:43,833 INFO  server.RaftServerConfigKeys (ConfUtils.java:logGet(43)) - raft.server.log.write.buffer.size = 33554432 (custom)
2019-07-10 03:51:43,834 INFO  server.RaftServerConfigKeys (ConfUtils.java:logGet(43)) - raft.server.log.force.sync.num = 128 (default)
2019-07-10 03:51:43,834 INFO  server.RaftServerConfigKeys (ConfUtils.java:logGet(43)) - raft.server.log.statemachine.data.sync = true (default)
2019-07-10 03:51:43,834 INFO  server.RaftServerConfigKeys (ConfUtils.java:logGet(43)) - raft.server.log.statemachine.data.sync.timeout = 10s (default)
2019-07-10 03:51:43,834 INFO  server.RaftServerConfigKeys (ConfUtils.java:logGet(43)) - raft.server.log.statemachine.data.sync.timeout.retry = -1 (default)
2019-07-10 03:51:43,835 INFO  server.RaftServerConfigKeys (ConfUtils.java:logGet(43)) - raft.server.log.statemachine.data.caching.enabled = true (custom)
2019-07-10 03:51:43,835 INFO  segmented.SegmentedRaftLogWorker (SegmentedRaftLogWorker.java:lambda$new$0(132)) - 324b8a40-8ac4-4113-9c5b-67bfc0793797-SegmentedRaftLogWorker:Storage Directory /tmp/workdir/hadoop-ozone/tools/target/test-dir/MiniOzoneClusterImpl-3e16044d-9406-4d08-9841-a7f55fc7a0d4/datanode-1/data/ratis/963ed55f-4580-476f-bab8-3205c48142e1: flushIndex: setUnconditionally 0 -> -1
2019-07-10 03:51:43,836 INFO  server.RaftServerConfigKeys (ConfUtils.java:logGet(43)) - raft.server.snapshot.auto.trigger.enabled = true (custom)
2019-07-10 03:51:43,836 INFO  server.RaftServerConfigKeys (ConfUtils.java:logGet(43)) - raft.server.snapshot.auto.trigger.threshold = 10000 (custom)
2019-07-10 03:51:43,836 INFO  server.RaftServerConfigKeys (ConfUtils.java:logGet(43)) - raft.server.retrycache.expirytime = 600000ms (custom)
2019-07-10 03:51:43,836 INFO  impl.RaftServerImpl (RaftServerImpl.java:start(180)) - 324b8a40-8ac4-4113-9c5b-67bfc0793797: start group-3205C48142E1
2019-07-10 03:51:43,836 INFO  impl.RaftServerImpl (RaftServerImpl.java:setRole(171)) - 324b8a40-8ac4-4113-9c5b-67bfc0793797:group-3205C48142E1 changes role from null to FOLLOWER at term 0 for startAsFollower
2019-07-10 03:51:43,837 INFO  impl.RoleInfo (RoleInfo.java:updateAndGet(143)) - 324b8a40-8ac4-4113-9c5b-67bfc0793797: start FollowerState
2019-07-10 03:51:43,838 INFO  util.JmxRegister (JmxRegister.java:tryRegister(44)) - Successfully registered JMX Bean with object name Ratis:service=RaftServer,group=group-3205C48142E1,id=324b8a40-8ac4-4113-9c5b-67bfc0793797
2019-07-10 03:51:43,856 INFO  pipeline.PipelineStateManager (PipelineStateManager.java:addPipeline(56)) - Created pipeline Pipeline[ Id: 963ed55f-4580-476f-bab8-3205c48142e1, Nodes: 324b8a40-8ac4-4113-9c5b-67bfc0793797{ip: 192.168.5.188, host: hdds1735-gd5hf-3123663959, networkLocation: /default-rack, certSerialId: null}, Type:RATIS, Factor:ONE, State:OPEN]
2019-07-10 03:51:43,878 INFO  impl.RaftServerProxy (RaftServerProxy.java:addNew(89)) - f46df106-fd9d-40d3-9183-f5de1fc434d0: addNew group-0E38B0408FDA:[f46df106-fd9d-40d3-9183-f5de1fc434d0:192.168.5.188:42607] returns group-0E38B0408FDA:java.util.concurrent.CompletableFuture@480e24[Not completed]
2019-07-10 03:51:43,884 INFO  impl.RaftServerImpl (RaftServerImpl.java:<init>(93)) - f46df106-fd9d-40d3-9183-f5de1fc434d0: new RaftServerImpl for group-0E38B0408FDA:[f46df106-fd9d-40d3-9183-f5de1fc434d0:192.168.5.188:42607] with ContainerStateMachine:uninitialized
2019-07-10 03:51:43,885 INFO  server.RaftServerConfigKeys (ConfUtils.java:logGet(43)) - raft.server.rpc.timeout.min = 1s (custom)
2019-07-10 03:51:43,885 INFO  server.RaftServerConfigKeys (ConfUtils.java:logGet(43)) - raft.server.rpc.timeout.max = 1200ms (custom)
2019-07-10 03:51:43,886 INFO  server.RaftServerConfigKeys (ConfUtils.java:logGet(43)) - raft.server.rpcslowness.timeout = 120s (custom)
2019-07-10 03:51:43,886 INFO  server.RaftServerConfigKeys (ConfUtils.java:logGet(43)) - raft.server.sleep.deviation.threshold = 300 (default)
2019-07-10 03:51:43,886 INFO  server.RaftServerConfigKeys (ConfUtils.java:logGet(43)) - raft.server.log.appender.install.snapshot.enabled = false (custom)
2019-07-10 03:51:43,886 INFO  impl.RaftServerImpl (ServerState.java:<init>(105)) - f46df106-fd9d-40d3-9183-f5de1fc434d0:group-0E38B0408FDA ConfigurationManager, init=-1: [f46df106-fd9d-40d3-9183-f5de1fc434d0:192.168.5.188:42607], old=null, confs=<EMPTY_MAP>
2019-07-10 03:51:43,886 INFO  server.RaftServerConfigKeys (ConfUtils.java:logGet(43)) - raft.server.storage.dir = [/tmp/workdir/hadoop-ozone/tools/target/test-dir/MiniOzoneClusterImpl-3e16044d-9406-4d08-9841-a7f55fc7a0d4/datanode-2/data/ratis] (custom)
2019-07-10 03:51:43,888 INFO  storage.RaftStorageDirectory (RaftStorageDirectory.java:analyzeStorage(246)) - The storage directory /tmp/workdir/hadoop-ozone/tools/target/test-dir/MiniOzoneClusterImpl-3e16044d-9406-4d08-9841-a7f55fc7a0d4/datanode-2/data/ratis/5ccb806e-2855-4a9c-b894-0e38b0408fda does not exist. Creating ...
2019-07-10 03:51:43,900 INFO  storage.RaftStorageDirectory (RaftStorageDirectory.java:tryLock(328)) - Lock on /tmp/workdir/hadoop-ozone/tools/target/test-dir/MiniOzoneClusterImpl-3e16044d-9406-4d08-9841-a7f55fc7a0d4/datanode-2/data/ratis/5ccb806e-2855-4a9c-b894-0e38b0408fda/in_use.lock acquired by nodename 22595@hdds1735-gd5hf-3123663959
2019-07-10 03:51:43,942 INFO  storage.RaftStorage (RaftStorage.java:format(72)) - Storage directory /tmp/workdir/hadoop-ozone/tools/target/test-dir/MiniOzoneClusterImpl-3e16044d-9406-4d08-9841-a7f55fc7a0d4/datanode-2/data/ratis/5ccb806e-2855-4a9c-b894-0e38b0408fda has been successfully formatted.
2019-07-10 03:51:43,943 INFO  ratis.ContainerStateMachine (ContainerStateMachine.java:loadSnapshot(198)) - The snapshot info is null.Setting the last applied index to:(t:0, i:~)
2019-07-10 03:51:43,943 INFO  server.RaftServerConfigKeys (ConfUtils.java:logGet(43)) - raft.server.leader.election.timeout = 120s (custom)
2019-07-10 03:51:43,943 INFO  server.RaftServerConfigKeys (ConfUtils.java:logGet(43)) - raft.server.log.use.memory = false (default)
2019-07-10 03:51:43,943 INFO  server.RaftServerConfigKeys (ConfUtils.java:logGet(43)) - raft.server.log.purge.gap = 1000000000 (custom)
2019-07-10 03:51:43,944 INFO  server.RaftServerConfigKeys (ConfUtils.java:logGet(43)) - raft.server.log.appender.buffer.byte-limit = 33554432 (custom)
2019-07-10 03:51:43,944 INFO  server.RaftServerConfigKeys (ConfUtils.java:logGet(43)) - raft.server.log.segment.size.max = 1048576 (custom)
2019-07-10 03:51:43,944 INFO  server.RaftServerConfigKeys (ConfUtils.java:logGet(43)) - raft.server.log.segment.cache.num.max = 2 (custom)
2019-07-10 03:51:43,944 INFO  segmented.SegmentedRaftLogWorker (SegmentedRaftLogWorker.java:<init>(172)) - new f46df106-fd9d-40d3-9183-f5de1fc434d0-SegmentedRaftLogWorker:Storage Directory /tmp/workdir/hadoop-ozone/tools/target/test-dir/MiniOzoneClusterImpl-3e16044d-9406-4d08-9841-a7f55fc7a0d4/datanode-2/data/ratis/5ccb806e-2855-4a9c-b894-0e38b0408fda for RaftStorage:Storage Directory /tmp/workdir/hadoop-ozone/tools/target/test-dir/MiniOzoneClusterImpl-3e16044d-9406-4d08-9841-a7f55fc7a0d4/datanode-2/data/ratis/5ccb806e-2855-4a9c-b894-0e38b0408fda
2019-07-10 03:51:43,945 INFO  server.RaftServerConfigKeys (ConfUtils.java:logGet(43)) - raft.server.log.queue.byte-limit = 2147483647 (custom)
2019-07-10 03:51:43,945 INFO  server.RaftServerConfigKeys (ConfUtils.java:logGet(43)) - raft.server.log.queue.element-limit = 1024 (custom)
2019-07-10 03:51:43,945 INFO  server.RaftServerConfigKeys (ConfUtils.java:logGet(43)) - raft.server.log.segment.size.max = 1048576 (custom)
2019-07-10 03:51:43,945 INFO  server.RaftServerConfigKeys (ConfUtils.java:logGet(43)) - raft.server.log.preallocated.size = 16384 (custom)
2019-07-10 03:51:43,946 INFO  server.RaftServerConfigKeys (ConfUtils.java:logGet(43)) - raft.server.log.write.buffer.size = 33554432 (custom)
2019-07-10 03:51:43,946 INFO  server.RaftServerConfigKeys (ConfUtils.java:logGet(43)) - raft.server.log.force.sync.num = 128 (default)
2019-07-10 03:51:43,946 INFO  server.RaftServerConfigKeys (ConfUtils.java:logGet(43)) - raft.server.log.statemachine.data.sync = true (default)
2019-07-10 03:51:43,946 INFO  server.RaftServerConfigKeys (ConfUtils.java:logGet(43)) - raft.server.log.statemachine.data.sync.timeout = 10s (default)
2019-07-10 03:51:43,946 INFO  server.RaftServerConfigKeys (ConfUtils.java:logGet(43)) - raft.server.log.statemachine.data.sync.timeout.retry = -1 (default)
2019-07-10 03:51:43,947 INFO  server.RaftServerConfigKeys (ConfUtils.java:logGet(43)) - raft.server.log.statemachine.data.caching.enabled = true (custom)
2019-07-10 03:51:43,947 INFO  segmented.SegmentedRaftLogWorker (SegmentedRaftLogWorker.java:lambda$new$0(132)) - f46df106-fd9d-40d3-9183-f5de1fc434d0-SegmentedRaftLogWorker:Storage Directory /tmp/workdir/hadoop-ozone/tools/target/test-dir/MiniOzoneClusterImpl-3e16044d-9406-4d08-9841-a7f55fc7a0d4/datanode-2/data/ratis/5ccb806e-2855-4a9c-b894-0e38b0408fda: flushIndex: setUnconditionally 0 -> -1
2019-07-10 03:51:43,947 INFO  server.RaftServerConfigKeys (ConfUtils.java:logGet(43)) - raft.server.snapshot.auto.trigger.enabled = true (custom)
2019-07-10 03:51:43,948 INFO  server.RaftServerConfigKeys (ConfUtils.java:logGet(43)) - raft.server.snapshot.auto.trigger.threshold = 10000 (custom)
2019-07-10 03:51:43,948 INFO  server.RaftServerConfigKeys (ConfUtils.java:logGet(43)) - raft.server.retrycache.expirytime = 600000ms (custom)
2019-07-10 03:51:43,948 INFO  impl.RaftServerImpl (RaftServerImpl.java:start(180)) - f46df106-fd9d-40d3-9183-f5de1fc434d0: start group-0E38B0408FDA
2019-07-10 03:51:43,948 INFO  impl.RaftServerImpl (RaftServerImpl.java:setRole(171)) - f46df106-fd9d-40d3-9183-f5de1fc434d0:group-0E38B0408FDA changes role from null to FOLLOWER at term 0 for startAsFollower
2019-07-10 03:51:43,949 INFO  impl.RoleInfo (RoleInfo.java:updateAndGet(143)) - f46df106-fd9d-40d3-9183-f5de1fc434d0: start FollowerState
2019-07-10 03:51:43,949 INFO  util.JmxRegister (JmxRegister.java:tryRegister(44)) - Successfully registered JMX Bean with object name Ratis:service=RaftServer,group=group-0E38B0408FDA,id=f46df106-fd9d-40d3-9183-f5de1fc434d0
2019-07-10 03:51:43,960 INFO  pipeline.PipelineStateManager (PipelineStateManager.java:addPipeline(56)) - Created pipeline Pipeline[ Id: 5ccb806e-2855-4a9c-b894-0e38b0408fda, Nodes: f46df106-fd9d-40d3-9183-f5de1fc434d0{ip: 192.168.5.188, host: hdds1735-gd5hf-3123663959, networkLocation: /default-rack, certSerialId: null}, Type:RATIS, Factor:ONE, State:OPEN]
2019-07-10 03:51:43,995 INFO  impl.RaftServerProxy (RaftServerProxy.java:addNew(89)) - 324b8a40-8ac4-4113-9c5b-67bfc0793797: addNew group-C6E8C7E5C13B:[f46df106-fd9d-40d3-9183-f5de1fc434d0:192.168.5.188:42607, adca7021-bfae-4793-8b13-7a318476acc4:192.168.5.188:32902, 324b8a40-8ac4-4113-9c5b-67bfc0793797:192.168.5.188:37164] returns group-C6E8C7E5C13B:java.util.concurrent.CompletableFuture@7a073bcf[Not completed]
2019-07-10 03:51:43,997 INFO  impl.RaftServerImpl (RaftServerImpl.java:<init>(93)) - 324b8a40-8ac4-4113-9c5b-67bfc0793797: new RaftServerImpl for group-C6E8C7E5C13B:[f46df106-fd9d-40d3-9183-f5de1fc434d0:192.168.5.188:42607, adca7021-bfae-4793-8b13-7a318476acc4:192.168.5.188:32902, 324b8a40-8ac4-4113-9c5b-67bfc0793797:192.168.5.188:37164] with ContainerStateMachine:uninitialized
2019-07-10 03:51:43,998 INFO  server.RaftServerConfigKeys (ConfUtils.java:logGet(43)) - raft.server.rpc.timeout.min = 1s (custom)
2019-07-10 03:51:43,998 INFO  server.RaftServerConfigKeys (ConfUtils.java:logGet(43)) - raft.server.rpc.timeout.max = 1200ms (custom)
2019-07-10 03:51:43,998 INFO  server.RaftServerConfigKeys (ConfUtils.java:logGet(43)) - raft.server.rpcslowness.timeout = 120s (custom)
2019-07-10 03:51:43,998 INFO  server.RaftServerConfigKeys (ConfUtils.java:logGet(43)) - raft.server.sleep.deviation.threshold = 300 (default)
2019-07-10 03:51:43,999 INFO  server.RaftServerConfigKeys (ConfUtils.java:logGet(43)) - raft.server.log.appender.install.snapshot.enabled = false (custom)
2019-07-10 03:51:44,000 INFO  impl.RaftServerImpl (ServerState.java:<init>(105)) - 324b8a40-8ac4-4113-9c5b-67bfc0793797:group-C6E8C7E5C13B ConfigurationManager, init=-1: [f46df106-fd9d-40d3-9183-f5de1fc434d0:192.168.5.188:42607, adca7021-bfae-4793-8b13-7a318476acc4:192.168.5.188:32902, 324b8a40-8ac4-4113-9c5b-67bfc0793797:192.168.5.188:37164], old=null, confs=<EMPTY_MAP>
2019-07-10 03:51:44,000 INFO  impl.RaftServerProxy (RaftServerProxy.java:addNew(89)) - f46df106-fd9d-40d3-9183-f5de1fc434d0: addNew group-C6E8C7E5C13B:[f46df106-fd9d-40d3-9183-f5de1fc434d0:192.168.5.188:42607, adca7021-bfae-4793-8b13-7a318476acc4:192.168.5.188:32902, 324b8a40-8ac4-4113-9c5b-67bfc0793797:192.168.5.188:37164] returns group-C6E8C7E5C13B:java.util.concurrent.CompletableFuture@35f56f1c[Not completed]
2019-07-10 03:51:44,000 INFO  server.RaftServerConfigKeys (ConfUtils.java:logGet(43)) - raft.server.storage.dir = [/tmp/workdir/hadoop-ozone/tools/target/test-dir/MiniOzoneClusterImpl-3e16044d-9406-4d08-9841-a7f55fc7a0d4/datanode-1/data/ratis] (custom)
2019-07-10 03:51:44,000 INFO  storage.RaftStorageDirectory (RaftStorageDirectory.java:analyzeStorage(246)) - The storage directory /tmp/workdir/hadoop-ozone/tools/target/test-dir/MiniOzoneClusterImpl-3e16044d-9406-4d08-9841-a7f55fc7a0d4/datanode-1/data/ratis/79686139-6834-4175-8266-c6e8c7e5c13b does not exist. Creating ...
2019-07-10 03:51:44,001 INFO  impl.RaftServerImpl (RaftServerImpl.java:<init>(93)) - f46df106-fd9d-40d3-9183-f5de1fc434d0: new RaftServerImpl for group-C6E8C7E5C13B:[f46df106-fd9d-40d3-9183-f5de1fc434d0:192.168.5.188:42607, adca7021-bfae-4793-8b13-7a318476acc4:192.168.5.188:32902, 324b8a40-8ac4-4113-9c5b-67bfc0793797:192.168.5.188:37164] with ContainerStateMachine:uninitialized
2019-07-10 03:51:44,001 INFO  server.RaftServerConfigKeys (ConfUtils.java:logGet(43)) - raft.server.rpc.timeout.min = 1s (custom)
2019-07-10 03:51:44,003 INFO  server.RaftServerConfigKeys (ConfUtils.java:logGet(43)) - raft.server.rpc.timeout.max = 1200ms (custom)
2019-07-10 03:51:44,004 INFO  server.RaftServerConfigKeys (ConfUtils.java:logGet(43)) - raft.server.rpcslowness.timeout = 120s (custom)
2019-07-10 03:51:44,004 INFO  server.RaftServerConfigKeys (ConfUtils.java:logGet(43)) - raft.server.sleep.deviation.threshold = 300 (default)
2019-07-10 03:51:44,004 INFO  server.RaftServerConfigKeys (ConfUtils.java:logGet(43)) - raft.server.log.appender.install.snapshot.enabled = false (custom)
2019-07-10 03:51:44,005 INFO  impl.RaftServerImpl (ServerState.java:<init>(105)) - f46df106-fd9d-40d3-9183-f5de1fc434d0:group-C6E8C7E5C13B ConfigurationManager, init=-1: [f46df106-fd9d-40d3-9183-f5de1fc434d0:192.168.5.188:42607, adca7021-bfae-4793-8b13-7a318476acc4:192.168.5.188:32902, 324b8a40-8ac4-4113-9c5b-67bfc0793797:192.168.5.188:37164], old=null, confs=<EMPTY_MAP>
2019-07-10 03:51:44,005 INFO  server.RaftServerConfigKeys (ConfUtils.java:logGet(43)) - raft.server.storage.dir = [/tmp/workdir/hadoop-ozone/tools/target/test-dir/MiniOzoneClusterImpl-3e16044d-9406-4d08-9841-a7f55fc7a0d4/datanode-2/data/ratis] (custom)
2019-07-10 03:51:44,006 INFO  impl.RaftServerProxy (RaftServerProxy.java:addNew(89)) - adca7021-bfae-4793-8b13-7a318476acc4: addNew group-C6E8C7E5C13B:[f46df106-fd9d-40d3-9183-f5de1fc434d0:192.168.5.188:42607, adca7021-bfae-4793-8b13-7a318476acc4:192.168.5.188:32902, 324b8a40-8ac4-4113-9c5b-67bfc0793797:192.168.5.188:37164] returns group-C6E8C7E5C13B:java.util.concurrent.CompletableFuture@ef07752[Not completed]
2019-07-10 03:51:44,006 INFO  storage.RaftStorageDirectory (RaftStorageDirectory.java:analyzeStorage(246)) - The storage directory /tmp/workdir/hadoop-ozone/tools/target/test-dir/MiniOzoneClusterImpl-3e16044d-9406-4d08-9841-a7f55fc7a0d4/datanode-2/data/ratis/79686139-6834-4175-8266-c6e8c7e5c13b does not exist. Creating ...
2019-07-10 03:51:44,006 INFO  impl.RaftServerImpl (RaftServerImpl.java:<init>(93)) - adca7021-bfae-4793-8b13-7a318476acc4: new RaftServerImpl for group-C6E8C7E5C13B:[f46df106-fd9d-40d3-9183-f5de1fc434d0:192.168.5.188:42607, adca7021-bfae-4793-8b13-7a318476acc4:192.168.5.188:32902, 324b8a40-8ac4-4113-9c5b-67bfc0793797:192.168.5.188:37164] with ContainerStateMachine:uninitialized
2019-07-10 03:51:44,007 INFO  server.RaftServerConfigKeys (ConfUtils.java:logGet(43)) - raft.server.rpc.timeout.min = 1s (custom)
2019-07-10 03:51:44,007 INFO  server.RaftServerConfigKeys (ConfUtils.java:logGet(43)) - raft.server.rpc.timeout.max = 1200ms (custom)
2019-07-10 03:51:44,007 INFO  server.RaftServerConfigKeys (ConfUtils.java:logGet(43)) - raft.server.rpcslowness.timeout = 120s (custom)
2019-07-10 03:51:44,007 INFO  server.RaftServerConfigKeys (ConfUtils.java:logGet(43)) - raft.server.sleep.deviation.threshold = 300 (default)
2019-07-10 03:51:44,007 INFO  server.RaftServerConfigKeys (ConfUtils.java:logGet(43)) - raft.server.log.appender.install.snapshot.enabled = false (custom)
2019-07-10 03:51:44,007 INFO  impl.RaftServerImpl (ServerState.java:<init>(105)) - adca7021-bfae-4793-8b13-7a318476acc4:group-C6E8C7E5C13B ConfigurationManager, init=-1: [f46df106-fd9d-40d3-9183-f5de1fc434d0:192.168.5.188:42607, adca7021-bfae-4793-8b13-7a318476acc4:192.168.5.188:32902, 324b8a40-8ac4-4113-9c5b-67bfc0793797:192.168.5.188:37164], old=null, confs=<EMPTY_MAP>
2019-07-10 03:51:44,008 INFO  server.RaftServerConfigKeys (ConfUtils.java:logGet(43)) - raft.server.storage.dir = [/tmp/workdir/hadoop-ozone/tools/target/test-dir/MiniOzoneClusterImpl-3e16044d-9406-4d08-9841-a7f55fc7a0d4/datanode-0/data/ratis] (custom)
2019-07-10 03:51:44,008 INFO  storage.RaftStorageDirectory (RaftStorageDirectory.java:analyzeStorage(246)) - The storage directory /tmp/workdir/hadoop-ozone/tools/target/test-dir/MiniOzoneClusterImpl-3e16044d-9406-4d08-9841-a7f55fc7a0d4/datanode-0/data/ratis/79686139-6834-4175-8266-c6e8c7e5c13b does not exist. Creating ...
2019-07-10 03:51:44,026 INFO  storage.RaftStorageDirectory (RaftStorageDirectory.java:tryLock(328)) - Lock on /tmp/workdir/hadoop-ozone/tools/target/test-dir/MiniOzoneClusterImpl-3e16044d-9406-4d08-9841-a7f55fc7a0d4/datanode-1/data/ratis/79686139-6834-4175-8266-c6e8c7e5c13b/in_use.lock acquired by nodename 22595@hdds1735-gd5hf-3123663959
2019-07-10 03:51:44,026 INFO  storage.RaftStorageDirectory (RaftStorageDirectory.java:tryLock(328)) - Lock on /tmp/workdir/hadoop-ozone/tools/target/test-dir/MiniOzoneClusterImpl-3e16044d-9406-4d08-9841-a7f55fc7a0d4/datanode-0/data/ratis/79686139-6834-4175-8266-c6e8c7e5c13b/in_use.lock acquired by nodename 22595@hdds1735-gd5hf-3123663959
2019-07-10 03:51:44,026 INFO  storage.RaftStorageDirectory (RaftStorageDirectory.java:tryLock(328)) - Lock on /tmp/workdir/hadoop-ozone/tools/target/test-dir/MiniOzoneClusterImpl-3e16044d-9406-4d08-9841-a7f55fc7a0d4/datanode-2/data/ratis/79686139-6834-4175-8266-c6e8c7e5c13b/in_use.lock acquired by nodename 22595@hdds1735-gd5hf-3123663959
2019-07-10 03:51:44,052 INFO  storage.RaftStorage (RaftStorage.java:format(72)) - Storage directory /tmp/workdir/hadoop-ozone/tools/target/test-dir/MiniOzoneClusterImpl-3e16044d-9406-4d08-9841-a7f55fc7a0d4/datanode-1/data/ratis/79686139-6834-4175-8266-c6e8c7e5c13b has been successfully formatted.
2019-07-10 03:51:44,053 INFO  storage.RaftStorage (RaftStorage.java:format(72)) - Storage directory /tmp/workdir/hadoop-ozone/tools/target/test-dir/MiniOzoneClusterImpl-3e16044d-9406-4d08-9841-a7f55fc7a0d4/datanode-0/data/ratis/79686139-6834-4175-8266-c6e8c7e5c13b has been successfully formatted.
2019-07-10 03:51:44,052 INFO  storage.RaftStorage (RaftStorage.java:format(72)) - Storage directory /tmp/workdir/hadoop-ozone/tools/target/test-dir/MiniOzoneClusterImpl-3e16044d-9406-4d08-9841-a7f55fc7a0d4/datanode-2/data/ratis/79686139-6834-4175-8266-c6e8c7e5c13b has been successfully formatted.
2019-07-10 03:51:44,053 INFO  ratis.ContainerStateMachine (ContainerStateMachine.java:loadSnapshot(198)) - The snapshot info is null.Setting the last applied index to:(t:0, i:~)
2019-07-10 03:51:44,054 INFO  ratis.ContainerStateMachine (ContainerStateMachine.java:loadSnapshot(198)) - The snapshot info is null.Setting the last applied index to:(t:0, i:~)
2019-07-10 03:51:44,054 INFO  server.RaftServerConfigKeys (ConfUtils.java:logGet(43)) - raft.server.leader.election.timeout = 120s (custom)
2019-07-10 03:51:44,054 INFO  ratis.ContainerStateMachine (ContainerStateMachine.java:loadSnapshot(198)) - The snapshot info is null.Setting the last applied index to:(t:0, i:~)
2019-07-10 03:51:44,054 INFO  server.RaftServerConfigKeys (ConfUtils.java:logGet(43)) - raft.server.log.use.memory = false (default)
2019-07-10 03:51:44,054 INFO  server.RaftServerConfigKeys (ConfUtils.java:logGet(43)) - raft.server.leader.election.timeout = 120s (custom)
2019-07-10 03:51:44,055 INFO  server.RaftServerConfigKeys (ConfUtils.java:logGet(43)) - raft.server.log.purge.gap = 1000000000 (custom)
2019-07-10 03:51:44,054 INFO  server.RaftServerConfigKeys (ConfUtils.java:logGet(43)) - raft.server.leader.election.timeout = 120s (custom)
2019-07-10 03:51:44,055 INFO  server.RaftServerConfigKeys (ConfUtils.java:logGet(43)) - raft.server.log.appender.buffer.byte-limit = 33554432 (custom)
2019-07-10 03:51:44,055 INFO  server.RaftServerConfigKeys (ConfUtils.java:logGet(43)) - raft.server.log.use.memory = false (default)
2019-07-10 03:51:44,056 INFO  server.RaftServerConfigKeys (ConfUtils.java:logGet(43)) - raft.server.log.segment.size.max = 1048576 (custom)
2019-07-10 03:51:44,055 INFO  server.RaftServerConfigKeys (ConfUtils.java:logGet(43)) - raft.server.log.use.memory = false (default)
2019-07-10 03:51:44,056 INFO  server.RaftServerConfigKeys (ConfUtils.java:logGet(43)) - raft.server.log.segment.cache.num.max = 2 (custom)
2019-07-10 03:51:44,056 INFO  server.RaftServerConfigKeys (ConfUtils.java:logGet(43)) - raft.server.log.purge.gap = 1000000000 (custom)
2019-07-10 03:51:44,056 INFO  segmented.SegmentedRaftLogWorker (SegmentedRaftLogWorker.java:<init>(172)) - new 324b8a40-8ac4-4113-9c5b-67bfc0793797-SegmentedRaftLogWorker:Storage Directory /tmp/workdir/hadoop-ozone/tools/target/test-dir/MiniOzoneClusterImpl-3e16044d-9406-4d08-9841-a7f55fc7a0d4/datanode-1/data/ratis/79686139-6834-4175-8266-c6e8c7e5c13b for RaftStorage:Storage Directory /tmp/workdir/hadoop-ozone/tools/target/test-dir/MiniOzoneClusterImpl-3e16044d-9406-4d08-9841-a7f55fc7a0d4/datanode-1/data/ratis/79686139-6834-4175-8266-c6e8c7e5c13b
2019-07-10 03:51:44,056 INFO  server.RaftServerConfigKeys (ConfUtils.java:logGet(43)) - raft.server.log.purge.gap = 1000000000 (custom)
2019-07-10 03:51:44,057 INFO  server.RaftServerConfigKeys (ConfUtils.java:logGet(43)) - raft.server.log.queue.byte-limit = 2147483647 (custom)
2019-07-10 03:51:44,056 INFO  server.RaftServerConfigKeys (ConfUtils.java:logGet(43)) - raft.server.log.appender.buffer.byte-limit = 33554432 (custom)
2019-07-10 03:51:44,058 INFO  server.RaftServerConfigKeys (ConfUtils.java:logGet(43)) - raft.server.log.queue.element-limit = 1024 (custom)
2019-07-10 03:51:44,058 INFO  server.RaftServerConfigKeys (ConfUtils.java:logGet(43)) - raft.server.log.appender.buffer.byte-limit = 33554432 (custom)
2019-07-10 03:51:44,058 INFO  server.RaftServerConfigKeys (ConfUtils.java:logGet(43)) - raft.server.log.segment.size.max = 1048576 (custom)
2019-07-10 03:51:44,058 INFO  server.RaftServerConfigKeys (ConfUtils.java:logGet(43)) - raft.server.log.segment.size.max = 1048576 (custom)
2019-07-10 03:51:44,059 INFO  server.RaftServerConfigKeys (ConfUtils.java:logGet(43)) - raft.server.log.preallocated.size = 16384 (custom)
2019-07-10 03:51:44,059 INFO  server.RaftServerConfigKeys (ConfUtils.java:logGet(43)) - raft.server.log.segment.size.max = 1048576 (custom)
2019-07-10 03:51:44,059 INFO  server.RaftServerConfigKeys (ConfUtils.java:logGet(43)) - raft.server.log.write.buffer.size = 33554432 (custom)
2019-07-10 03:51:44,059 INFO  server.RaftServerConfigKeys (ConfUtils.java:logGet(43)) - raft.server.log.segment.cache.num.max = 2 (custom)
2019-07-10 03:51:44,060 INFO  server.RaftServerConfigKeys (ConfUtils.java:logGet(43)) - raft.server.log.force.sync.num = 128 (default)
2019-07-10 03:51:44,059 INFO  server.RaftServerConfigKeys (ConfUtils.java:logGet(43)) - raft.server.log.segment.cache.num.max = 2 (custom)
2019-07-10 03:51:44,060 INFO  server.RaftServerConfigKeys (ConfUtils.java:logGet(43)) - raft.server.log.statemachine.data.sync = true (default)
2019-07-10 03:51:44,060 INFO  segmented.SegmentedRaftLogWorker (SegmentedRaftLogWorker.java:<init>(172)) - new adca7021-bfae-4793-8b13-7a318476acc4-SegmentedRaftLogWorker:Storage Directory /tmp/workdir/hadoop-ozone/tools/target/test-dir/MiniOzoneClusterImpl-3e16044d-9406-4d08-9841-a7f55fc7a0d4/datanode-0/data/ratis/79686139-6834-4175-8266-c6e8c7e5c13b for RaftStorage:Storage Directory /tmp/workdir/hadoop-ozone/tools/target/test-dir/MiniOzoneClusterImpl-3e16044d-9406-4d08-9841-a7f55fc7a0d4/datanode-0/data/ratis/79686139-6834-4175-8266-c6e8c7e5c13b
2019-07-10 03:51:44,061 INFO  server.RaftServerConfigKeys (ConfUtils.java:logGet(43)) - raft.server.log.statemachine.data.sync.timeout = 10s (default)
2019-07-10 03:51:44,060 INFO  segmented.SegmentedRaftLogWorker (SegmentedRaftLogWorker.java:<init>(172)) - new f46df106-fd9d-40d3-9183-f5de1fc434d0-SegmentedRaftLogWorker:Storage Directory /tmp/workdir/hadoop-ozone/tools/target/test-dir/MiniOzoneClusterImpl-3e16044d-9406-4d08-9841-a7f55fc7a0d4/datanode-2/data/ratis/79686139-6834-4175-8266-c6e8c7e5c13b for RaftStorage:Storage Directory /tmp/workdir/hadoop-ozone/tools/target/test-dir/MiniOzoneClusterImpl-3e16044d-9406-4d08-9841-a7f55fc7a0d4/datanode-2/data/ratis/79686139-6834-4175-8266-c6e8c7e5c13b
2019-07-10 03:51:44,061 INFO  server.RaftServerConfigKeys (ConfUtils.java:logGet(43)) - raft.server.log.statemachine.data.sync.timeout.retry = -1 (default)
2019-07-10 03:51:44,061 INFO  server.RaftServerConfigKeys (ConfUtils.java:logGet(43)) - raft.server.log.queue.byte-limit = 2147483647 (custom)
2019-07-10 03:51:44,064 INFO  server.RaftServerConfigKeys (ConfUtils.java:logGet(43)) - raft.server.log.statemachine.data.caching.enabled = true (custom)
2019-07-10 03:51:44,062 INFO  server.RaftServerConfigKeys (ConfUtils.java:logGet(43)) - raft.server.log.queue.byte-limit = 2147483647 (custom)
2019-07-10 03:51:44,064 INFO  server.RaftServerConfigKeys (ConfUtils.java:logGet(43)) - raft.server.log.queue.element-limit = 1024 (custom)
2019-07-10 03:51:44,065 INFO  segmented.SegmentedRaftLogWorker (SegmentedRaftLogWorker.java:lambda$new$0(132)) - 324b8a40-8ac4-4113-9c5b-67bfc0793797-SegmentedRaftLogWorker:Storage Directory /tmp/workdir/hadoop-ozone/tools/target/test-dir/MiniOzoneClusterImpl-3e16044d-9406-4d08-9841-a7f55fc7a0d4/datanode-1/data/ratis/79686139-6834-4175-8266-c6e8c7e5c13b: flushIndex: setUnconditionally 0 -> -1
2019-07-10 03:51:44,065 INFO  server.RaftServerConfigKeys (ConfUtils.java:logGet(43)) - raft.server.log.queue.element-limit = 1024 (custom)
2019-07-10 03:51:44,065 INFO  server.RaftServerConfigKeys (ConfUtils.java:logGet(43)) - raft.server.log.segment.size.max = 1048576 (custom)
2019-07-10 03:51:44,065 INFO  server.RaftServerConfigKeys (ConfUtils.java:logGet(43)) - raft.server.log.segment.size.max = 1048576 (custom)
2019-07-10 03:51:44,065 INFO  server.RaftServerConfigKeys (ConfUtils.java:logGet(43)) - raft.server.snapshot.auto.trigger.enabled = true (custom)
2019-07-10 03:51:44,066 INFO  server.RaftServerConfigKeys (ConfUtils.java:logGet(43)) - raft.server.log.preallocated.size = 16384 (custom)
2019-07-10 03:51:44,066 INFO  server.RaftServerConfigKeys (ConfUtils.java:logGet(43)) - raft.server.log.preallocated.size = 16384 (custom)
2019-07-10 03:51:44,066 INFO  server.RaftServerConfigKeys (ConfUtils.java:logGet(43)) - raft.server.log.write.buffer.size = 33554432 (custom)
2019-07-10 03:51:44,066 INFO  server.RaftServerConfigKeys (ConfUtils.java:logGet(43)) - raft.server.snapshot.auto.trigger.threshold = 10000 (custom)
2019-07-10 03:51:44,067 INFO  server.RaftServerConfigKeys (ConfUtils.java:logGet(43)) - raft.server.log.force.sync.num = 128 (default)
2019-07-10 03:51:44,067 INFO  server.RaftServerConfigKeys (ConfUtils.java:logGet(43)) - raft.server.retrycache.expirytime = 600000ms (custom)
2019-07-10 03:51:44,067 INFO  server.RaftServerConfigKeys (ConfUtils.java:logGet(43)) - raft.server.log.write.buffer.size = 33554432 (custom)
2019-07-10 03:51:44,067 INFO  server.RaftServerConfigKeys (ConfUtils.java:logGet(43)) - raft.server.log.statemachine.data.sync = true (default)
2019-07-10 03:51:44,068 INFO  impl.RaftServerImpl (RaftServerImpl.java:start(180)) - 324b8a40-8ac4-4113-9c5b-67bfc0793797: start group-C6E8C7E5C13B
2019-07-10 03:51:44,068 INFO  server.RaftServerConfigKeys (ConfUtils.java:logGet(43)) - raft.server.log.force.sync.num = 128 (default)
2019-07-10 03:51:44,068 INFO  impl.RaftServerImpl (RaftServerImpl.java:setRole(171)) - 324b8a40-8ac4-4113-9c5b-67bfc0793797:group-C6E8C7E5C13B changes role from null to FOLLOWER at term 0 for startAsFollower
2019-07-10 03:51:44,068 INFO  server.RaftServerConfigKeys (ConfUtils.java:logGet(43)) - raft.server.log.statemachine.data.sync.timeout = 10s (default)
2019-07-10 03:51:44,069 INFO  impl.RoleInfo (RoleInfo.java:updateAndGet(143)) - 324b8a40-8ac4-4113-9c5b-67bfc0793797: start FollowerState
2019-07-10 03:51:44,069 INFO  server.RaftServerConfigKeys (ConfUtils.java:logGet(43)) - raft.server.log.statemachine.data.sync = true (default)
2019-07-10 03:51:44,069 INFO  server.RaftServerConfigKeys (ConfUtils.java:logGet(43)) - raft.server.log.statemachine.data.sync.timeout.retry = -1 (default)
2019-07-10 03:51:44,070 INFO  server.RaftServerConfigKeys (ConfUtils.java:logGet(43)) - raft.server.log.statemachine.data.sync.timeout = 10s (default)
2019-07-10 03:51:44,070 INFO  server.RaftServerConfigKeys (ConfUtils.java:logGet(43)) - raft.server.log.statemachine.data.caching.enabled = true (custom)
2019-07-10 03:51:44,070 INFO  util.JmxRegister (JmxRegister.java:tryRegister(44)) - Successfully registered JMX Bean with object name Ratis:service=RaftServer,group=group-C6E8C7E5C13B,id=324b8a40-8ac4-4113-9c5b-67bfc0793797
2019-07-10 03:51:44,070 INFO  server.RaftServerConfigKeys (ConfUtils.java:logGet(43)) - raft.server.log.statemachine.data.sync.timeout.retry = -1 (default)
2019-07-10 03:51:44,071 INFO  segmented.SegmentedRaftLogWorker (SegmentedRaftLogWorker.java:lambda$new$0(132)) - f46df106-fd9d-40d3-9183-f5de1fc434d0-SegmentedRaftLogWorker:Storage Directory /tmp/workdir/hadoop-ozone/tools/target/test-dir/MiniOzoneClusterImpl-3e16044d-9406-4d08-9841-a7f55fc7a0d4/datanode-2/data/ratis/79686139-6834-4175-8266-c6e8c7e5c13b: flushIndex: setUnconditionally 0 -> -1
2019-07-10 03:51:44,071 INFO  server.RaftServerConfigKeys (ConfUtils.java:logGet(43)) - raft.server.log.statemachine.data.caching.enabled = true (custom)
2019-07-10 03:51:44,071 INFO  server.RaftServerConfigKeys (ConfUtils.java:logGet(43)) - raft.server.snapshot.auto.trigger.enabled = true (custom)
2019-07-10 03:51:44,071 INFO  server.RaftServerConfigKeys (ConfUtils.java:logGet(43)) - raft.server.snapshot.auto.trigger.threshold = 10000 (custom)
2019-07-10 03:51:44,072 INFO  segmented.SegmentedRaftLogWorker (SegmentedRaftLogWorker.java:lambda$new$0(132)) - adca7021-bfae-4793-8b13-7a318476acc4-SegmentedRaftLogWorker:Storage Directory /tmp/workdir/hadoop-ozone/tools/target/test-dir/MiniOzoneClusterImpl-3e16044d-9406-4d08-9841-a7f55fc7a0d4/datanode-0/data/ratis/79686139-6834-4175-8266-c6e8c7e5c13b: flushIndex: setUnconditionally 0 -> -1
2019-07-10 03:51:44,072 INFO  server.RaftServerConfigKeys (ConfUtils.java:logGet(43)) - raft.server.retrycache.expirytime = 600000ms (custom)
2019-07-10 03:51:44,072 INFO  server.RaftServerConfigKeys (ConfUtils.java:logGet(43)) - raft.server.snapshot.auto.trigger.enabled = true (custom)
2019-07-10 03:51:44,072 INFO  impl.RaftServerImpl (RaftServerImpl.java:start(180)) - f46df106-fd9d-40d3-9183-f5de1fc434d0: start group-C6E8C7E5C13B
2019-07-10 03:51:44,074 INFO  server.RaftServerConfigKeys (ConfUtils.java:logGet(43)) - raft.server.snapshot.auto.trigger.threshold = 10000 (custom)
2019-07-10 03:51:44,074 INFO  impl.RaftServerImpl (RaftServerImpl.java:setRole(171)) - f46df106-fd9d-40d3-9183-f5de1fc434d0:group-C6E8C7E5C13B changes role from null to FOLLOWER at term 0 for startAsFollower
2019-07-10 03:51:44,075 INFO  server.RaftServerConfigKeys (ConfUtils.java:logGet(43)) - raft.server.retrycache.expirytime = 600000ms (custom)
2019-07-10 03:51:44,075 INFO  impl.RoleInfo (RoleInfo.java:updateAndGet(143)) - f46df106-fd9d-40d3-9183-f5de1fc434d0: start FollowerState
2019-07-10 03:51:44,076 INFO  impl.RaftServerImpl (RaftServerImpl.java:start(180)) - adca7021-bfae-4793-8b13-7a318476acc4: start group-C6E8C7E5C13B
2019-07-10 03:51:44,076 INFO  impl.RaftServerImpl (RaftServerImpl.java:setRole(171)) - adca7021-bfae-4793-8b13-7a318476acc4:group-C6E8C7E5C13B changes role from null to FOLLOWER at term 0 for startAsFollower
2019-07-10 03:51:44,076 INFO  util.JmxRegister (JmxRegister.java:tryRegister(44)) - Successfully registered JMX Bean with object name Ratis:service=RaftServer,group=group-C6E8C7E5C13B,id=f46df106-fd9d-40d3-9183-f5de1fc434d0
2019-07-10 03:51:44,076 INFO  impl.RoleInfo (RoleInfo.java:updateAndGet(143)) - adca7021-bfae-4793-8b13-7a318476acc4: start FollowerState
2019-07-10 03:51:44,079 INFO  util.JmxRegister (JmxRegister.java:tryRegister(44)) - Successfully registered JMX Bean with object name Ratis:service=RaftServer,group=group-C6E8C7E5C13B,id=adca7021-bfae-4793-8b13-7a318476acc4
2019-07-10 03:51:44,099 INFO  pipeline.PipelineStateManager (PipelineStateManager.java:addPipeline(56)) - Created pipeline Pipeline[ Id: 79686139-6834-4175-8266-c6e8c7e5c13b, Nodes: adca7021-bfae-4793-8b13-7a318476acc4{ip: 192.168.5.188, host: hdds1735-gd5hf-3123663959, networkLocation: /default-rack, certSerialId: null}324b8a40-8ac4-4113-9c5b-67bfc0793797{ip: 192.168.5.188, host: hdds1735-gd5hf-3123663959, networkLocation: /default-rack, certSerialId: null}f46df106-fd9d-40d3-9183-f5de1fc434d0{ip: 192.168.5.188, host: hdds1735-gd5hf-3123663959, networkLocation: /default-rack, certSerialId: null}, Type:RATIS, Factor:THREE, State:OPEN]
2019-07-10 03:51:44,389 INFO  client.GrpcClientProtocolClient (GrpcClientProtocolClient.java:onNext(255)) - client-4FE9E28FC2D1->adca7021-bfae-4793-8b13-7a318476acc4: receive RaftClientReply:client-4FE9E28FC2D1->adca7021-bfae-4793-8b13-7a318476acc4@group-C6E8C7E5C13B, cid=6, FAILED org.apache.ratis.protocol.NotLeaderException: Server adca7021-bfae-4793-8b13-7a318476acc4 is not the leader (null). Request must be sent to leader., logIndex=0, commits[adca7021-bfae-4793-8b13-7a318476acc4:c-1]
 0.00% |█                                                                                                    |  0/1 Time: 0:00:012019-07-10 03:51:44,780 INFO  impl.FollowerState (FollowerState.java:run(106)) - adca7021-bfae-4793-8b13-7a318476acc4:group-3825AE2220E0 changes to CANDIDATE, lastRpcTime:1124, electionTimeout:1123ms
2019-07-10 03:51:44,781 INFO  impl.RoleInfo (RoleInfo.java:shutdownFollowerState(121)) - adca7021-bfae-4793-8b13-7a318476acc4: shutdown FollowerState
2019-07-10 03:51:44,781 INFO  impl.RaftServerImpl (RaftServerImpl.java:setRole(171)) - adca7021-bfae-4793-8b13-7a318476acc4:group-3825AE2220E0 changes role from FOLLOWER to CANDIDATE at term 0 for changeToCandidate
2019-07-10 03:51:44,786 INFO  impl.RoleInfo (RoleInfo.java:updateAndGet(143)) - adca7021-bfae-4793-8b13-7a318476acc4: start LeaderElection
2019-07-10 03:51:44,796 INFO  impl.LeaderElection (LeaderElection.java:askForVotes(181)) - adca7021-bfae-4793-8b13-7a318476acc4:group-3825AE2220E0:LeaderElection1: begin an election at term 1 for -1: [adca7021-bfae-4793-8b13-7a318476acc4:192.168.5.188:32902], old=null
2019-07-10 03:51:44,798 INFO  impl.RoleInfo (RoleInfo.java:shutdownLeaderElection(134)) - adca7021-bfae-4793-8b13-7a318476acc4: shutdown LeaderElection
2019-07-10 03:51:44,799 INFO  impl.RaftServerImpl (RaftServerImpl.java:setRole(171)) - adca7021-bfae-4793-8b13-7a318476acc4:group-3825AE2220E0 changes role from CANDIDATE to LEADER at term 1 for changeToLeader
2019-07-10 03:51:44,799 INFO  impl.RaftServerImpl (ServerState.java:setLeader(263)) - adca7021-bfae-4793-8b13-7a318476acc4:group-3825AE2220E0 change Leader from null to adca7021-bfae-4793-8b13-7a318476acc4 at term 1 for becomeLeader, leader elected after 1233ms
2019-07-10 03:51:44,807 INFO  server.RaftServerConfigKeys (ConfUtils.java:logGet(43)) - raft.server.staging.catchup.gap = 1000 (default)
2019-07-10 03:51:44,807 INFO  server.RaftServerConfigKeys (ConfUtils.java:logGet(43)) - raft.server.rpc.sleep.time = 25ms (default)
2019-07-10 03:51:44,811 INFO  server.RaftServerConfigKeys (ConfUtils.java:logGet(43)) - raft.server.write.element-limit = 4096 (default)
2019-07-10 03:51:44,815 INFO  server.RaftServerConfigKeys (ConfUtils.java:logGet(43)) - raft.server.watch.timeout = 10s (default)
2019-07-10 03:51:44,815 INFO  server.RaftServerConfigKeys (ConfUtils.java:logGet(43)) - raft.server.watch.timeout.denomination = 1s (default)
2019-07-10 03:51:44,816 INFO  server.RaftServerConfigKeys (ConfUtils.java:logGet(43)) - raft.server.watch.element-limit = 65536 (default)
2019-07-10 03:51:44,827 INFO  impl.RoleInfo (RoleInfo.java:updateAndGet(143)) - adca7021-bfae-4793-8b13-7a318476acc4: start LeaderState
2019-07-10 03:51:44,853 INFO  segmented.SegmentedRaftLogWorker (SegmentedRaftLogWorker.java:startLogSegment(380)) - adca7021-bfae-4793-8b13-7a318476acc4-SegmentedRaftLogWorker:Storage Directory /tmp/workdir/hadoop-ozone/tools/target/test-dir/MiniOzoneClusterImpl-3e16044d-9406-4d08-9841-a7f55fc7a0d4/datanode-0/data/ratis/b195ae38-49db-4e40-82e3-3825ae2220e0: Starting segment from index:0
2019-07-10 03:51:44,863 INFO  impl.RaftServerImpl (ServerState.java:setRaftConf(361)) - adca7021-bfae-4793-8b13-7a318476acc4:group-3825AE2220E0 set configuration 0: [adca7021-bfae-4793-8b13-7a318476acc4:192.168.5.188:32902], old=null at 0
2019-07-10 03:51:44,937 INFO  impl.FollowerState (FollowerState.java:run(106)) - 324b8a40-8ac4-4113-9c5b-67bfc0793797:group-3205C48142E1 changes to CANDIDATE, lastRpcTime:1100, electionTimeout:1099ms
2019-07-10 03:51:44,938 INFO  impl.RoleInfo (RoleInfo.java:shutdownFollowerState(121)) - 324b8a40-8ac4-4113-9c5b-67bfc0793797: shutdown FollowerState
2019-07-10 03:51:44,939 INFO  impl.RaftServerImpl (RaftServerImpl.java:setRole(171)) - 324b8a40-8ac4-4113-9c5b-67bfc0793797:group-3205C48142E1 changes role from FOLLOWER to CANDIDATE at term 0 for changeToCandidate
2019-07-10 03:51:44,939 INFO  impl.RoleInfo (RoleInfo.java:updateAndGet(143)) - 324b8a40-8ac4-4113-9c5b-67bfc0793797: start LeaderElection
2019-07-10 03:51:44,955 INFO  impl.LeaderElection (LeaderElection.java:askForVotes(181)) - 324b8a40-8ac4-4113-9c5b-67bfc0793797:group-3205C48142E1:LeaderElection2: begin an election at term 1 for -1: [324b8a40-8ac4-4113-9c5b-67bfc0793797:192.168.5.188:37164], old=null
2019-07-10 03:51:44,956 INFO  impl.RoleInfo (RoleInfo.java:shutdownLeaderElection(134)) - 324b8a40-8ac4-4113-9c5b-67bfc0793797: shutdown LeaderElection
2019-07-10 03:51:44,956 INFO  impl.RaftServerImpl (RaftServerImpl.java:setRole(171)) - 324b8a40-8ac4-4113-9c5b-67bfc0793797:group-3205C48142E1 changes role from CANDIDATE to LEADER at term 1 for changeToLeader
2019-07-10 03:51:44,956 INFO  impl.RaftServerImpl (ServerState.java:setLeader(263)) - 324b8a40-8ac4-4113-9c5b-67bfc0793797:group-3205C48142E1 change Leader from null to 324b8a40-8ac4-4113-9c5b-67bfc0793797 at term 1 for becomeLeader, leader elected after 1127ms
2019-07-10 03:51:44,957 INFO  server.RaftServerConfigKeys (ConfUtils.java:logGet(43)) - raft.server.staging.catchup.gap = 1000 (default)
2019-07-10 03:51:44,957 INFO  server.RaftServerConfigKeys (ConfUtils.java:logGet(43)) - raft.server.rpc.sleep.time = 25ms (default)
2019-07-10 03:51:44,957 INFO  server.RaftServerConfigKeys (ConfUtils.java:logGet(43)) - raft.server.write.element-limit = 4096 (default)
2019-07-10 03:51:44,958 INFO  server.RaftServerConfigKeys (ConfUtils.java:logGet(43)) - raft.server.watch.timeout = 10s (default)
2019-07-10 03:51:44,958 INFO  server.RaftServerConfigKeys (ConfUtils.java:logGet(43)) - raft.server.watch.timeout.denomination = 1s (default)
2019-07-10 03:51:44,958 INFO  server.RaftServerConfigKeys (ConfUtils.java:logGet(43)) - raft.server.watch.element-limit = 65536 (default)
2019-07-10 03:51:44,958 INFO  impl.RoleInfo (RoleInfo.java:updateAndGet(143)) - 324b8a40-8ac4-4113-9c5b-67bfc0793797: start LeaderState
2019-07-10 03:51:44,959 INFO  segmented.SegmentedRaftLogWorker (SegmentedRaftLogWorker.java:startLogSegment(380)) - 324b8a40-8ac4-4113-9c5b-67bfc0793797-SegmentedRaftLogWorker:Storage Directory /tmp/workdir/hadoop-ozone/tools/target/test-dir/MiniOzoneClusterImpl-3e16044d-9406-4d08-9841-a7f55fc7a0d4/datanode-1/data/ratis/963ed55f-4580-476f-bab8-3205c48142e1: Starting segment from index:0
2019-07-10 03:51:44,959 INFO  impl.RaftServerImpl (ServerState.java:setRaftConf(361)) - 324b8a40-8ac4-4113-9c5b-67bfc0793797:group-3205C48142E1 set configuration 0: [324b8a40-8ac4-4113-9c5b-67bfc0793797:192.168.5.188:37164], old=null at 0
2019-07-10 03:51:45,060 INFO  segmented.SegmentedRaftLogWorker (SegmentedRaftLogWorker.java:execute(569)) - adca7021-bfae-4793-8b13-7a318476acc4-SegmentedRaftLogWorker:Storage Directory /tmp/workdir/hadoop-ozone/tools/target/test-dir/MiniOzoneClusterImpl-3e16044d-9406-4d08-9841-a7f55fc7a0d4/datanode-0/data/ratis/b195ae38-49db-4e40-82e3-3825ae2220e0: created new log segment /tmp/workdir/hadoop-ozone/tools/target/test-dir/MiniOzoneClusterImpl-3e16044d-9406-4d08-9841-a7f55fc7a0d4/datanode-0/data/ratis/b195ae38-49db-4e40-82e3-3825ae2220e0/current/log_inprogress_0
2019-07-10 03:51:45,060 INFO  segmented.SegmentedRaftLogWorker (SegmentedRaftLogWorker.java:execute(569)) - 324b8a40-8ac4-4113-9c5b-67bfc0793797-SegmentedRaftLogWorker:Storage Directory /tmp/workdir/hadoop-ozone/tools/target/test-dir/MiniOzoneClusterImpl-3e16044d-9406-4d08-9841-a7f55fc7a0d4/datanode-1/data/ratis/963ed55f-4580-476f-bab8-3205c48142e1: created new log segment /tmp/workdir/hadoop-ozone/tools/target/test-dir/MiniOzoneClusterImpl-3e16044d-9406-4d08-9841-a7f55fc7a0d4/datanode-1/data/ratis/963ed55f-4580-476f-bab8-3205c48142e1/current/log_inprogress_0
2019-07-10 03:51:45,093 INFO  impl.FollowerState (FollowerState.java:run(106)) - adca7021-bfae-4793-8b13-7a318476acc4:group-C6E8C7E5C13B changes to CANDIDATE, lastRpcTime:1016, electionTimeout:1015ms
2019-07-10 03:51:45,094 INFO  impl.RoleInfo (RoleInfo.java:shutdownFollowerState(121)) - adca7021-bfae-4793-8b13-7a318476acc4: shutdown FollowerState
2019-07-10 03:51:45,095 INFO  impl.RaftServerImpl (RaftServerImpl.java:setRole(171)) - adca7021-bfae-4793-8b13-7a318476acc4:group-C6E8C7E5C13B changes role from FOLLOWER to CANDIDATE at term 0 for changeToCandidate
2019-07-10 03:51:45,095 INFO  impl.RoleInfo (RoleInfo.java:updateAndGet(143)) - adca7021-bfae-4793-8b13-7a318476acc4: start LeaderElection
2019-07-10 03:51:45,099 INFO  impl.LeaderElection (LeaderElection.java:askForVotes(181)) - adca7021-bfae-4793-8b13-7a318476acc4:group-C6E8C7E5C13B:LeaderElection3: begin an election at term 1 for -1: [f46df106-fd9d-40d3-9183-f5de1fc434d0:192.168.5.188:42607, adca7021-bfae-4793-8b13-7a318476acc4:192.168.5.188:32902, 324b8a40-8ac4-4113-9c5b-67bfc0793797:192.168.5.188:37164], old=null
2019-07-10 03:51:45,123 INFO  impl.RaftServerImpl (RaftServerImpl.java:setRole(171)) - f46df106-fd9d-40d3-9183-f5de1fc434d0:group-C6E8C7E5C13B changes role from FOLLOWER to FOLLOWER at term 1 for recognizeCandidate:adca7021-bfae-4793-8b13-7a318476acc4
2019-07-10 03:51:45,123 INFO  impl.RaftServerImpl (RaftServerImpl.java:setRole(171)) - 324b8a40-8ac4-4113-9c5b-67bfc0793797:group-C6E8C7E5C13B changes role from FOLLOWER to FOLLOWER at term 1 for recognizeCandidate:adca7021-bfae-4793-8b13-7a318476acc4
2019-07-10 03:51:45,123 INFO  impl.RoleInfo (RoleInfo.java:shutdownFollowerState(121)) - f46df106-fd9d-40d3-9183-f5de1fc434d0: shutdown FollowerState
2019-07-10 03:51:45,124 INFO  impl.RoleInfo (RoleInfo.java:shutdownFollowerState(121)) - 324b8a40-8ac4-4113-9c5b-67bfc0793797: shutdown FollowerState
2019-07-10 03:51:45,124 INFO  impl.RoleInfo (RoleInfo.java:updateAndGet(143)) - f46df106-fd9d-40d3-9183-f5de1fc434d0: start FollowerState
2019-07-10 03:51:45,124 INFO  impl.RoleInfo (RoleInfo.java:updateAndGet(143)) - 324b8a40-8ac4-4113-9c5b-67bfc0793797: start FollowerState
2019-07-10 03:51:45,124 INFO  impl.FollowerState (FollowerState.java:run(114)) - 324b8a40-8ac4-4113-9c5b-67bfc0793797: FollowerState was interrupted: java.lang.InterruptedException: sleep interrupted
2019-07-10 03:51:45,124 INFO  impl.FollowerState (FollowerState.java:run(114)) - f46df106-fd9d-40d3-9183-f5de1fc434d0: FollowerState was interrupted: java.lang.InterruptedException: sleep interrupted
2019-07-10 03:51:45,136 INFO  impl.FollowerState (FollowerState.java:run(106)) - f46df106-fd9d-40d3-9183-f5de1fc434d0:group-0E38B0408FDA changes to CANDIDATE, lastRpcTime:1187, electionTimeout:1187ms
2019-07-10 03:51:45,136 INFO  impl.RoleInfo (RoleInfo.java:shutdownFollowerState(121)) - f46df106-fd9d-40d3-9183-f5de1fc434d0: shutdown FollowerState
2019-07-10 03:51:45,136 INFO  impl.RaftServerImpl (RaftServerImpl.java:setRole(171)) - f46df106-fd9d-40d3-9183-f5de1fc434d0:group-0E38B0408FDA changes role from FOLLOWER to CANDIDATE at term 0 for changeToCandidate
2019-07-10 03:51:45,137 INFO  impl.RoleInfo (RoleInfo.java:updateAndGet(143)) - f46df106-fd9d-40d3-9183-f5de1fc434d0: start LeaderElection
2019-07-10 03:51:45,146 INFO  impl.LeaderElection (LeaderElection.java:askForVotes(181)) - f46df106-fd9d-40d3-9183-f5de1fc434d0:group-0E38B0408FDA:LeaderElection4: begin an election at term 1 for -1: [f46df106-fd9d-40d3-9183-f5de1fc434d0:192.168.5.188:42607], old=null
2019-07-10 03:51:45,148 INFO  impl.RoleInfo (RoleInfo.java:shutdownLeaderElection(134)) - f46df106-fd9d-40d3-9183-f5de1fc434d0: shutdown LeaderElection
2019-07-10 03:51:45,149 INFO  impl.RaftServerImpl (RaftServerImpl.java:setRole(171)) - f46df106-fd9d-40d3-9183-f5de1fc434d0:group-0E38B0408FDA changes role from CANDIDATE to LEADER at term 1 for changeToLeader
2019-07-10 03:51:45,150 INFO  impl.RaftServerImpl (ServerState.java:setLeader(263)) - f46df106-fd9d-40d3-9183-f5de1fc434d0:group-0E38B0408FDA change Leader from null to f46df106-fd9d-40d3-9183-f5de1fc434d0 at term 1 for becomeLeader, leader elected after 1206ms
2019-07-10 03:51:45,151 INFO  server.RaftServerConfigKeys (ConfUtils.java:logGet(43)) - raft.server.staging.catchup.gap = 1000 (default)
2019-07-10 03:51:45,152 INFO  server.RaftServerConfigKeys (ConfUtils.java:logGet(43)) - raft.server.rpc.sleep.time = 25ms (default)
2019-07-10 03:51:45,152 INFO  server.RaftServerConfigKeys (ConfUtils.java:logGet(43)) - raft.server.write.element-limit = 4096 (default)
2019-07-10 03:51:45,152 INFO  impl.LeaderElection (LeaderElection.java:logAndReturn(56)) - adca7021-bfae-4793-8b13-7a318476acc4:group-C6E8C7E5C13B:LeaderElection3: Election PASSED; received 1 response(s) [adca7021-bfae-4793-8b13-7a318476acc4<-324b8a40-8ac4-4113-9c5b-67bfc0793797#0:OK-t1] and 0 exception(s); adca7021-bfae-4793-8b13-7a318476acc4:t1, leader=null, voted=adca7021-bfae-4793-8b13-7a318476acc4, raftlog=adca7021-bfae-4793-8b13-7a318476acc4-SegmentedRaftLog:OPENED:c-1,f-1,i0, conf=-1: [f46df106-fd9d-40d3-9183-f5de1fc434d0:192.168.5.188:42607, adca7021-bfae-4793-8b13-7a318476acc4:192.168.5.188:32902, 324b8a40-8ac4-4113-9c5b-67bfc0793797:192.168.5.188:37164], old=null
2019-07-10 03:51:45,153 INFO  server.RaftServerConfigKeys (ConfUtils.java:logGet(43)) - raft.server.watch.timeout = 10s (default)
2019-07-10 03:51:45,153 INFO  impl.RoleInfo (RoleInfo.java:shutdownLeaderElection(134)) - adca7021-bfae-4793-8b13-7a318476acc4: shutdown LeaderElection
2019-07-10 03:51:45,154 INFO  server.RaftServerConfigKeys (ConfUtils.java:logGet(43)) - raft.server.watch.timeout.denomination = 1s (default)
2019-07-10 03:51:45,155 INFO  impl.RaftServerImpl (RaftServerImpl.java:setRole(171)) - adca7021-bfae-4793-8b13-7a318476acc4:group-C6E8C7E5C13B changes role from CANDIDATE to LEADER at term 1 for changeToLeader
2019-07-10 03:51:45,156 INFO  impl.RaftServerImpl (ServerState.java:setLeader(263)) - adca7021-bfae-4793-8b13-7a318476acc4:group-C6E8C7E5C13B change Leader from null to adca7021-bfae-4793-8b13-7a318476acc4 at term 1 for becomeLeader, leader elected after 1101ms
2019-07-10 03:51:45,156 INFO  server.RaftServerConfigKeys (ConfUtils.java:logGet(43)) - raft.server.watch.element-limit = 65536 (default)
2019-07-10 03:51:45,156 INFO  server.RaftServerConfigKeys (ConfUtils.java:logGet(43)) - raft.server.staging.catchup.gap = 1000 (default)
2019-07-10 03:51:45,156 INFO  server.RaftServerConfigKeys (ConfUtils.java:logGet(43)) - raft.server.rpc.sleep.time = 25ms (default)
2019-07-10 03:51:45,156 INFO  impl.RoleInfo (RoleInfo.java:updateAndGet(143)) - f46df106-fd9d-40d3-9183-f5de1fc434d0: start LeaderState
2019-07-10 03:51:45,156 INFO  server.RaftServerConfigKeys (ConfUtils.java:logGet(43)) - raft.server.write.element-limit = 4096 (default)
2019-07-10 03:51:45,157 INFO  server.RaftServerConfigKeys (ConfUtils.java:logGet(43)) - raft.server.watch.timeout = 10s (default)
2019-07-10 03:51:45,157 INFO  server.RaftServerConfigKeys (ConfUtils.java:logGet(43)) - raft.server.watch.timeout.denomination = 1s (default)
2019-07-10 03:51:45,157 INFO  server.RaftServerConfigKeys (ConfUtils.java:logGet(43)) - raft.server.watch.element-limit = 65536 (default)
2019-07-10 03:51:45,157 INFO  segmented.SegmentedRaftLogWorker (SegmentedRaftLogWorker.java:startLogSegment(380)) - f46df106-fd9d-40d3-9183-f5de1fc434d0-SegmentedRaftLogWorker:Storage Directory /tmp/workdir/hadoop-ozone/tools/target/test-dir/MiniOzoneClusterImpl-3e16044d-9406-4d08-9841-a7f55fc7a0d4/datanode-2/data/ratis/5ccb806e-2855-4a9c-b894-0e38b0408fda: Starting segment from index:0
2019-07-10 03:51:45,158 INFO  impl.RaftServerImpl (ServerState.java:setRaftConf(361)) - f46df106-fd9d-40d3-9183-f5de1fc434d0:group-0E38B0408FDA set configuration 0: [f46df106-fd9d-40d3-9183-f5de1fc434d0:192.168.5.188:42607], old=null at 0
2019-07-10 03:51:45,175 INFO  server.RaftServerConfigKeys (ConfUtils.java:logGet(43)) - raft.server.log.appender.snapshot.chunk.size.max = 16MB (=16777216) (default)
2019-07-10 03:51:45,175 INFO  server.RaftServerConfigKeys (ConfUtils.java:logGet(43)) - raft.server.log.appender.buffer.byte-limit = 33554432 (custom)
2019-07-10 03:51:45,176 INFO  server.RaftServerConfigKeys (ConfUtils.java:logGet(43)) - raft.server.log.appender.buffer.element-limit = 1 (custom)
2019-07-10 03:51:45,178 INFO  segmented.SegmentedRaftLogWorker (SegmentedRaftLogWorker.java:execute(569)) - f46df106-fd9d-40d3-9183-f5de1fc434d0-SegmentedRaftLogWorker:Storage Directory /tmp/workdir/hadoop-ozone/tools/target/test-dir/MiniOzoneClusterImpl-3e16044d-9406-4d08-9841-a7f55fc7a0d4/datanode-2/data/ratis/5ccb806e-2855-4a9c-b894-0e38b0408fda: created new log segment /tmp/workdir/hadoop-ozone/tools/target/test-dir/MiniOzoneClusterImpl-3e16044d-9406-4d08-9841-a7f55fc7a0d4/datanode-2/data/ratis/5ccb806e-2855-4a9c-b894-0e38b0408fda/current/log_inprogress_0
2019-07-10 03:51:45,178 INFO  grpc.GrpcConfigKeys$Server (ConfUtils.java:logGet(43)) - raft.grpc.server.leader.outstanding.appends.max = 128 (default)
2019-07-10 03:51:45,179 INFO  server.RaftServerConfigKeys (ConfUtils.java:logGet(43)) - raft.server.rpc.request.timeout = 3000ms (default)
2019-07-10 03:51:45,180 INFO  server.RaftServerConfigKeys (ConfUtils.java:logGet(43)) - raft.server.log.appender.install.snapshot.enabled = false (custom)
2019-07-10 03:51:45,180 INFO  server.RaftServerConfigKeys (ConfUtils.java:logGet(43)) - raft.server.log.appender.snapshot.chunk.size.max = 16MB (=16777216) (default)
2019-07-10 03:51:45,180 INFO  server.RaftServerConfigKeys (ConfUtils.java:logGet(43)) - raft.server.log.appender.buffer.byte-limit = 33554432 (custom)
2019-07-10 03:51:45,180 INFO  server.RaftServerConfigKeys (ConfUtils.java:logGet(43)) - raft.server.log.appender.buffer.element-limit = 1 (custom)
2019-07-10 03:51:45,180 INFO  grpc.GrpcConfigKeys$Server (ConfUtils.java:logGet(43)) - raft.grpc.server.leader.outstanding.appends.max = 128 (default)
2019-07-10 03:51:45,180 INFO  server.RaftServerConfigKeys (ConfUtils.java:logGet(43)) - raft.server.rpc.request.timeout = 3000ms (default)
2019-07-10 03:51:45,180 INFO  server.RaftServerConfigKeys (ConfUtils.java:logGet(43)) - raft.server.log.appender.install.snapshot.enabled = false (custom)
2019-07-10 03:51:45,182 INFO  impl.RoleInfo (RoleInfo.java:updateAndGet(143)) - adca7021-bfae-4793-8b13-7a318476acc4: start LeaderState
2019-07-10 03:51:45,182 INFO  segmented.SegmentedRaftLogWorker (SegmentedRaftLogWorker.java:startLogSegment(380)) - adca7021-bfae-4793-8b13-7a318476acc4-SegmentedRaftLogWorker:Storage Directory /tmp/workdir/hadoop-ozone/tools/target/test-dir/MiniOzoneClusterImpl-3e16044d-9406-4d08-9841-a7f55fc7a0d4/datanode-0/data/ratis/79686139-6834-4175-8266-c6e8c7e5c13b: Starting segment from index:0
2019-07-10 03:51:45,183 INFO  impl.RaftServerImpl (ServerState.java:setRaftConf(361)) - adca7021-bfae-4793-8b13-7a318476acc4:group-C6E8C7E5C13B set configuration 0: [f46df106-fd9d-40d3-9183-f5de1fc434d0:192.168.5.188:42607, adca7021-bfae-4793-8b13-7a318476acc4:192.168.5.188:32902, 324b8a40-8ac4-4113-9c5b-67bfc0793797:192.168.5.188:37164], old=null at 0
2019-07-10 03:51:45,202 INFO  segmented.SegmentedRaftLogWorker (SegmentedRaftLogWorker.java:execute(569)) - adca7021-bfae-4793-8b13-7a318476acc4-SegmentedRaftLogWorker:Storage Directory /tmp/workdir/hadoop-ozone/tools/target/test-dir/MiniOzoneClusterImpl-3e16044d-9406-4d08-9841-a7f55fc7a0d4/datanode-0/data/ratis/79686139-6834-4175-8266-c6e8c7e5c13b: created new log segment /tmp/workdir/hadoop-ozone/tools/target/test-dir/MiniOzoneClusterImpl-3e16044d-9406-4d08-9841-a7f55fc7a0d4/datanode-0/data/ratis/79686139-6834-4175-8266-c6e8c7e5c13b/current/log_inprogress_0
2019-07-10 03:51:45,220 INFO  impl.RaftServerImpl (ServerState.java:setLeader(263)) - f46df106-fd9d-40d3-9183-f5de1fc434d0:group-C6E8C7E5C13B change Leader from null to adca7021-bfae-4793-8b13-7a318476acc4 at term 1 for appendEntries, leader elected after 1165ms
2019-07-10 03:51:45,222 INFO  impl.RaftServerImpl (ServerState.java:setLeader(263)) - 324b8a40-8ac4-4113-9c5b-67bfc0793797:group-C6E8C7E5C13B change Leader from null to adca7021-bfae-4793-8b13-7a318476acc4 at term 1 for appendEntries, leader elected after 1168ms
2019-07-10 03:51:45,246 INFO  impl.RaftServerImpl (ServerState.java:setRaftConf(361)) - f46df106-fd9d-40d3-9183-f5de1fc434d0:group-C6E8C7E5C13B set configuration 0: [f46df106-fd9d-40d3-9183-f5de1fc434d0:192.168.5.188:42607, adca7021-bfae-4793-8b13-7a318476acc4:192.168.5.188:32902, 324b8a40-8ac4-4113-9c5b-67bfc0793797:192.168.5.188:37164], old=null at 0
2019-07-10 03:51:45,246 INFO  impl.RaftServerImpl (ServerState.java:setRaftConf(361)) - 324b8a40-8ac4-4113-9c5b-67bfc0793797:group-C6E8C7E5C13B set configuration 0: [f46df106-fd9d-40d3-9183-f5de1fc434d0:192.168.5.188:42607, adca7021-bfae-4793-8b13-7a318476acc4:192.168.5.188:32902, 324b8a40-8ac4-4113-9c5b-67bfc0793797:192.168.5.188:37164], old=null at 0
2019-07-10 03:51:45,246 INFO  segmented.SegmentedRaftLogWorker (SegmentedRaftLogWorker.java:startLogSegment(380)) - f46df106-fd9d-40d3-9183-f5de1fc434d0-SegmentedRaftLogWorker:Storage Directory /tmp/workdir/hadoop-ozone/tools/target/test-dir/MiniOzoneClusterImpl-3e16044d-9406-4d08-9841-a7f55fc7a0d4/datanode-2/data/ratis/79686139-6834-4175-8266-c6e8c7e5c13b: Starting segment from index:0
2019-07-10 03:51:45,246 INFO  segmented.SegmentedRaftLogWorker (SegmentedRaftLogWorker.java:startLogSegment(380)) - 324b8a40-8ac4-4113-9c5b-67bfc0793797-SegmentedRaftLogWorker:Storage Directory /tmp/workdir/hadoop-ozone/tools/target/test-dir/MiniOzoneClusterImpl-3e16044d-9406-4d08-9841-a7f55fc7a0d4/datanode-1/data/ratis/79686139-6834-4175-8266-c6e8c7e5c13b: Starting segment from index:0
2019-07-10 03:51:45,274 INFO  segmented.SegmentedRaftLogWorker (SegmentedRaftLogWorker.java:execute(569)) - 324b8a40-8ac4-4113-9c5b-67bfc0793797-SegmentedRaftLogWorker:Storage Directory /tmp/workdir/hadoop-ozone/tools/target/test-dir/MiniOzoneClusterImpl-3e16044d-9406-4d08-9841-a7f55fc7a0d4/datanode-1/data/ratis/79686139-6834-4175-8266-c6e8c7e5c13b: created new log segment /tmp/workdir/hadoop-ozone/tools/target/test-dir/MiniOzoneClusterImpl-3e16044d-9406-4d08-9841-a7f55fc7a0d4/datanode-1/data/ratis/79686139-6834-4175-8266-c6e8c7e5c13b/current/log_inprogress_0
2019-07-10 03:51:45,274 INFO  segmented.SegmentedRaftLogWorker (SegmentedRaftLogWorker.java:execute(569)) - f46df106-fd9d-40d3-9183-f5de1fc434d0-SegmentedRaftLogWorker:Storage Directory /tmp/workdir/hadoop-ozone/tools/target/test-dir/MiniOzoneClusterImpl-3e16044d-9406-4d08-9841-a7f55fc7a0d4/datanode-2/data/ratis/79686139-6834-4175-8266-c6e8c7e5c13b: created new log segment /tmp/workdir/hadoop-ozone/tools/target/test-dir/MiniOzoneClusterImpl-3e16044d-9406-4d08-9841-a7f55fc7a0d4/datanode-2/data/ratis/79686139-6834-4175-8266-c6e8c7e5c13b/current/log_inprogress_0
2019-07-10 03:51:45,436 INFO  client.GrpcClientProtocolClient (GrpcClientProtocolClient.java:onNext(255)) - client-4FE9E28FC2D1->f46df106-fd9d-40d3-9183-f5de1fc434d0: receive RaftClientReply:client-4FE9E28FC2D1->f46df106-fd9d-40d3-9183-f5de1fc434d0@group-C6E8C7E5C13B, cid=6, FAILED org.apache.ratis.protocol.NotLeaderException: Server f46df106-fd9d-40d3-9183-f5de1fc434d0 is not the leader (adca7021-bfae-4793-8b13-7a318476acc4:192.168.5.188:32902). Request must be sent to leader., logIndex=0, commits[f46df106-fd9d-40d3-9183-f5de1fc434d0:c0, adca7021-bfae-4793-8b13-7a318476acc4:c0, 324b8a40-8ac4-4113-9c5b-67bfc0793797:c-1]
 0.00% |█                                                                                                    |  0/1 Time: 0:00:022019-07-10 03:51:45,717 INFO  client.GrpcClientProtocolClient (GrpcClientProtocolClient.java:onNext(255)) - client-4FE9E28FC2D1->adca7021-bfae-4793-8b13-7a318476acc4: receive RaftClientReply:client-4FE9E28FC2D1->adca7021-bfae-4793-8b13-7a318476acc4@group-C6E8C7E5C13B, cid=6, SUCCESS, logIndex=1, commits[adca7021-bfae-4793-8b13-7a318476acc4:c1, f46df106-fd9d-40d3-9183-f5de1fc434d0:c0, 324b8a40-8ac4-4113-9c5b-67bfc0793797:c0]
2019-07-10 03:51:45,804 INFO  client.GrpcClientProtocolClient (GrpcClientProtocolClient.java:onNext(255)) - client-4FE9E28FC2D1->adca7021-bfae-4793-8b13-7a318476acc4: receive RaftClientReply:client-4FE9E28FC2D1->adca7021-bfae-4793-8b13-7a318476acc4@group-C6E8C7E5C13B, cid=7, SUCCESS, logIndex=3, commits[adca7021-bfae-4793-8b13-7a318476acc4:c8, f46df106-fd9d-40d3-9183-f5de1fc434d0:c6, 324b8a40-8ac4-4113-9c5b-67bfc0793797:c6]
2019-07-10 03:51:45,807 INFO  client.GrpcClientProtocolClient (GrpcClientProtocolClient.java:onNext(255)) - client-4FE9E28FC2D1->adca7021-bfae-4793-8b13-7a318476acc4: receive RaftClientReply:client-4FE9E28FC2D1->adca7021-bfae-4793-8b13-7a318476acc4@group-C6E8C7E5C13B, cid=8, SUCCESS, logIndex=5, commits[adca7021-bfae-4793-8b13-7a318476acc4:c8, f46df106-fd9d-40d3-9183-f5de1fc434d0:c6, 324b8a40-8ac4-4113-9c5b-67bfc0793797:c6]
2019-07-10 03:51:45,832 INFO  client.GrpcClientProtocolClient (GrpcClientProtocolClient.java:onNext(255)) - client-4FE9E28FC2D1->adca7021-bfae-4793-8b13-7a318476acc4: receive RaftClientReply:client-4FE9E28FC2D1->adca7021-bfae-4793-8b13-7a318476acc4@group-C6E8C7E5C13B, cid=9, SUCCESS, logIndex=6, commits[adca7021-bfae-4793-8b13-7a318476acc4:c8, f46df106-fd9d-40d3-9183-f5de1fc434d0:c6, 324b8a40-8ac4-4113-9c5b-67bfc0793797:c6]
2019-07-10 03:51:45,880 INFO  client.GrpcClientProtocolClient (GrpcClientProtocolClient.java:onNext(255)) - client-4FE9E28FC2D1->adca7021-bfae-4793-8b13-7a318476acc4: receive RaftClientReply:client-4FE9E28FC2D1->adca7021-bfae-4793-8b13-7a318476acc4@group-C6E8C7E5C13B, cid=10, SUCCESS, logIndex=9, commits[adca7021-bfae-4793-8b13-7a318476acc4:c10, f46df106-fd9d-40d3-9183-f5de1fc434d0:c8, 324b8a40-8ac4-4113-9c5b-67bfc0793797:c8]
2019-07-10 03:51:45,884 INFO  client.GrpcClientProtocolClient (GrpcClientProtocolClient.java:onNext(255)) - client-4FE9E28FC2D1->adca7021-bfae-4793-8b13-7a318476acc4: receive RaftClientReply:client-4FE9E28FC2D1->adca7021-bfae-4793-8b13-7a318476acc4@group-C6E8C7E5C13B, cid=11, SUCCESS, logIndex=10, commits[adca7021-bfae-4793-8b13-7a318476acc4:c10, f46df106-fd9d-40d3-9183-f5de1fc434d0:c8, 324b8a40-8ac4-4113-9c5b-67bfc0793797:c8]
2019-07-10 03:51:45,902 INFO  client.GrpcClientProtocolClient (GrpcClientProtocolClient.java:onNext(255)) - client-4FE9E28FC2D1->adca7021-bfae-4793-8b13-7a318476acc4: receive RaftClientReply:client-4FE9E28FC2D1->adca7021-bfae-4793-8b13-7a318476acc4@group-C6E8C7E5C13B, cid=12, SUCCESS, logIndex=11, commits[adca7021-bfae-4793-8b13-7a318476acc4:c12, f46df106-fd9d-40d3-9183-f5de1fc434d0:c10, 324b8a40-8ac4-4113-9c5b-67bfc0793797:c10]
2019-07-10 03:51:45,903 INFO  client.GrpcClientProtocolClient (GrpcClientProtocolClient.java:onNext(255)) - client-4FE9E28FC2D1->adca7021-bfae-4793-8b13-7a318476acc4: receive RaftClientReply:client-4FE9E28FC2D1->adca7021-bfae-4793-8b13-7a318476acc4@group-C6E8C7E5C13B, cid=13, SUCCESS, logIndex=12, commits[adca7021-bfae-4793-8b13-7a318476acc4:c14, f46df106-fd9d-40d3-9183-f5de1fc434d0:c10, 324b8a40-8ac4-4113-9c5b-67bfc0793797:c10]
2019-07-10 03:51:45,928 INFO  client.GrpcClientProtocolClient (GrpcClientProtocolClient.java:onNext(255)) - client-4FE9E28FC2D1->adca7021-bfae-4793-8b13-7a318476acc4: receive RaftClientReply:client-4FE9E28FC2D1->adca7021-bfae-4793-8b13-7a318476acc4@group-C6E8C7E5C13B, cid=14, SUCCESS, logIndex=0, commits[adca7021-bfae-4793-8b13-7a318476acc4:c16, f46df106-fd9d-40d3-9183-f5de1fc434d0:c12, 324b8a40-8ac4-4113-9c5b-67bfc0793797:c12]
2019-07-10 03:51:46,013 INFO  client.GrpcClientProtocolClient (GrpcClientProtocolClient.java:onNext(255)) - client-4FE9E28FC2D1->adca7021-bfae-4793-8b13-7a318476acc4: receive RaftClientReply:client-4FE9E28FC2D1->adca7021-bfae-4793-8b13-7a318476acc4@group-C6E8C7E5C13B, cid=15, SUCCESS, logIndex=17, commits[adca7021-bfae-4793-8b13-7a318476acc4:c20, f46df106-fd9d-40d3-9183-f5de1fc434d0:c16, 324b8a40-8ac4-4113-9c5b-67bfc0793797:c12]
2019-07-10 03:51:46,042 INFO  client.GrpcClientProtocolClient (GrpcClientProtocolClient.java:onNext(255)) - client-4FE9E28FC2D1->adca7021-bfae-4793-8b13-7a318476acc4: receive RaftClientReply:client-4FE9E28FC2D1->adca7021-bfae-4793-8b13-7a318476acc4@group-C6E8C7E5C13B, cid=16, SUCCESS, logIndex=18, commits[adca7021-bfae-4793-8b13-7a318476acc4:c24, f46df106-fd9d-40d3-9183-f5de1fc434d0:c20, 324b8a40-8ac4-4113-9c5b-67bfc0793797:c20]
2019-07-10 03:51:46,043 INFO  client.GrpcClientProtocolClient (GrpcClientProtocolClient.java:onNext(255)) - client-4FE9E28FC2D1->adca7021-bfae-4793-8b13-7a318476acc4: receive RaftClientReply:client-4FE9E28FC2D1->adca7021-bfae-4793-8b13-7a318476acc4@group-C6E8C7E5C13B, cid=17, SUCCESS, logIndex=19, commits[adca7021-bfae-4793-8b13-7a318476acc4:c24, f46df106-fd9d-40d3-9183-f5de1fc434d0:c20, 324b8a40-8ac4-4113-9c5b-67bfc0793797:c20]
2019-07-10 03:51:46,081 INFO  client.GrpcClientProtocolClient (GrpcClientProtocolClient.java:onNext(255)) - client-4FE9E28FC2D1->adca7021-bfae-4793-8b13-7a318476acc4: receive RaftClientReply:client-4FE9E28FC2D1->adca7021-bfae-4793-8b13-7a318476acc4@group-C6E8C7E5C13B, cid=18, SUCCESS, logIndex=20, commits[adca7021-bfae-4793-8b13-7a318476acc4:c24, f46df106-fd9d-40d3-9183-f5de1fc434d0:c20, 324b8a40-8ac4-4113-9c5b-67bfc0793797:c20]
2019-07-10 03:51:46,116 INFO  client.GrpcClientProtocolClient (GrpcClientProtocolClient.java:onNext(255)) - client-4FE9E28FC2D1->adca7021-bfae-4793-8b13-7a318476acc4: receive RaftClientReply:client-4FE9E28FC2D1->adca7021-bfae-4793-8b13-7a318476acc4@group-C6E8C7E5C13B, cid=19, SUCCESS, logIndex=25, commits[adca7021-bfae-4793-8b13-7a318476acc4:c26, f46df106-fd9d-40d3-9183-f5de1fc434d0:c24, 324b8a40-8ac4-4113-9c5b-67bfc0793797:c24]
2019-07-10 03:51:46,116 INFO  client.GrpcClientProtocolClient (GrpcClientProtocolClient.java:onNext(255)) - client-4FE9E28FC2D1->adca7021-bfae-4793-8b13-7a318476acc4: receive RaftClientReply:client-4FE9E28FC2D1->adca7021-bfae-4793-8b13-7a318476acc4@group-C6E8C7E5C13B, cid=20, SUCCESS, logIndex=26, commits[adca7021-bfae-4793-8b13-7a318476acc4:c26, f46df106-fd9d-40d3-9183-f5de1fc434d0:c24, 324b8a40-8ac4-4113-9c5b-67bfc0793797:c24]
2019-07-10 03:51:46,124 INFO  client.GrpcClientProtocolClient (GrpcClientProtocolClient.java:onNext(255)) - client-4FE9E28FC2D1->adca7021-bfae-4793-8b13-7a318476acc4: receive RaftClientReply:client-4FE9E28FC2D1->adca7021-bfae-4793-8b13-7a318476acc4@group-C6E8C7E5C13B, cid=21, SUCCESS, logIndex=27, commits[adca7021-bfae-4793-8b13-7a318476acc4:c28, f46df106-fd9d-40d3-9183-f5de1fc434d0:c24, 324b8a40-8ac4-4113-9c5b-67bfc0793797:c26]
2019-07-10 03:51:46,125 INFO  client.GrpcClientProtocolClient (GrpcClientProtocolClient.java:onNext(255)) - client-4FE9E28FC2D1->adca7021-bfae-4793-8b13-7a318476acc4: receive RaftClientReply:client-4FE9E28FC2D1->adca7021-bfae-4793-8b13-7a318476acc4@group-C6E8C7E5C13B, cid=22, SUCCESS, logIndex=28, commits[adca7021-bfae-4793-8b13-7a318476acc4:c30, f46df106-fd9d-40d3-9183-f5de1fc434d0:c26, 324b8a40-8ac4-4113-9c5b-67bfc0793797:c26]
2019-07-10 03:51:46,137 INFO  client.GrpcClientProtocolClient (GrpcClientProtocolClient.java:onNext(255)) - client-4FE9E28FC2D1->adca7021-bfae-4793-8b13-7a318476acc4: receive RaftClientReply:client-4FE9E28FC2D1->adca7021-bfae-4793-8b13-7a318476acc4@group-C6E8C7E5C13B, cid=23, SUCCESS, logIndex=0, commits[adca7021-bfae-4793-8b13-7a318476acc4:c31, f46df106-fd9d-40d3-9183-f5de1fc434d0:c28, 324b8a40-8ac4-4113-9c5b-67bfc0793797:c28]
2019-07-10 03:51:46,220 INFO  client.GrpcClientProtocolClient (GrpcClientProtocolClient.java:onNext(255)) - client-4FE9E28FC2D1->adca7021-bfae-4793-8b13-7a318476acc4: receive RaftClientReply:client-4FE9E28FC2D1->adca7021-bfae-4793-8b13-7a318476acc4@group-C6E8C7E5C13B, cid=24, SUCCESS, logIndex=33, commits[adca7021-bfae-4793-8b13-7a318476acc4:c35, f46df106-fd9d-40d3-9183-f5de1fc434d0:c32, 324b8a40-8ac4-4113-9c5b-67bfc0793797:c32]
2019-07-10 03:51:46,246 INFO  client.GrpcClientProtocolClient (GrpcClientProtocolClient.java:onNext(255)) - client-4FE9E28FC2D1->adca7021-bfae-4793-8b13-7a318476acc4: receive RaftClientReply:client-4FE9E28FC2D1->adca7021-bfae-4793-8b13-7a318476acc4@group-C6E8C7E5C13B, cid=25, SUCCESS, logIndex=34, commits[adca7021-bfae-4793-8b13-7a318476acc4:c40, f46df106-fd9d-40d3-9183-f5de1fc434d0:c36, 324b8a40-8ac4-4113-9c5b-67bfc0793797:c36]
2019-07-10 03:51:46,247 INFO  client.GrpcClientProtocolClient (GrpcClientProtocolClient.java:onNext(255)) - client-4FE9E28FC2D1->adca7021-bfae-4793-8b13-7a318476acc4: receive RaftClientReply:client-4FE9E28FC2D1->adca7021-bfae-4793-8b13-7a318476acc4@group-C6E8C7E5C13B, cid=26, SUCCESS, logIndex=35, commits[adca7021-bfae-4793-8b13-7a318476acc4:c40, f46df106-fd9d-40d3-9183-f5de1fc434d0:c36, 324b8a40-8ac4-4113-9c5b-67bfc0793797:c36]
2019-07-10 03:51:46,316 INFO  client.GrpcClientProtocolClient (GrpcClientProtocolClient.java:onNext(255)) - client-4FE9E28FC2D1->adca7021-bfae-4793-8b13-7a318476acc4: receive RaftClientReply:client-4FE9E28FC2D1->adca7021-bfae-4793-8b13-7a318476acc4@group-C6E8C7E5C13B, cid=27, SUCCESS, logIndex=36, commits[adca7021-bfae-4793-8b13-7a318476acc4:c40, f46df106-fd9d-40d3-9183-f5de1fc434d0:c36, 324b8a40-8ac4-4113-9c5b-67bfc0793797:c36]
2019-07-10 03:51:46,349 INFO  client.GrpcClientProtocolClient (GrpcClientProtocolClient.java:onNext(255)) - client-4FE9E28FC2D1->adca7021-bfae-4793-8b13-7a318476acc4: receive RaftClientReply:client-4FE9E28FC2D1->adca7021-bfae-4793-8b13-7a318476acc4@group-C6E8C7E5C13B, cid=28, SUCCESS, logIndex=41, commits[adca7021-bfae-4793-8b13-7a318476acc4:c42, f46df106-fd9d-40d3-9183-f5de1fc434d0:c40, 324b8a40-8ac4-4113-9c5b-67bfc0793797:c40]
2019-07-10 03:51:46,351 INFO  client.GrpcClientProtocolClient (GrpcClientProtocolClient.java:onNext(255)) - client-4FE9E28FC2D1->adca7021-bfae-4793-8b13-7a318476acc4: receive RaftClientReply:client-4FE9E28FC2D1->adca7021-bfae-4793-8b13-7a318476acc4@group-C6E8C7E5C13B, cid=29, SUCCESS, logIndex=42, commits[adca7021-bfae-4793-8b13-7a318476acc4:c42, f46df106-fd9d-40d3-9183-f5de1fc434d0:c40, 324b8a40-8ac4-4113-9c5b-67bfc0793797:c40]
2019-07-10 03:51:46,355 INFO  client.GrpcClientProtocolClient (GrpcClientProtocolClient.java:onNext(255)) - client-4FE9E28FC2D1->adca7021-bfae-4793-8b13-7a318476acc4: receive RaftClientReply:client-4FE9E28FC2D1->adca7021-bfae-4793-8b13-7a318476acc4@group-C6E8C7E5C13B, cid=30, SUCCESS, logIndex=43, commits[adca7021-bfae-4793-8b13-7a318476acc4:c44, f46df106-fd9d-40d3-9183-f5de1fc434d0:c40, 324b8a40-8ac4-4113-9c5b-67bfc0793797:c40]
2019-07-10 03:51:46,356 INFO  client.GrpcClientProtocolClient (GrpcClientProtocolClient.java:onNext(255)) - client-4FE9E28FC2D1->adca7021-bfae-4793-8b13-7a318476acc4: receive RaftClientReply:client-4FE9E28FC2D1->adca7021-bfae-4793-8b13-7a318476acc4@group-C6E8C7E5C13B, cid=31, SUCCESS, logIndex=44, commits[adca7021-bfae-4793-8b13-7a318476acc4:c46, f46df106-fd9d-40d3-9183-f5de1fc434d0:c42, 324b8a40-8ac4-4113-9c5b-67bfc0793797:c42]
2019-07-10 03:51:46,363 INFO  client.GrpcClientProtocolClient (GrpcClientProtocolClient.java:onNext(255)) - client-4FE9E28FC2D1->adca7021-bfae-4793-8b13-7a318476acc4: receive RaftClientReply:client-4FE9E28FC2D1->adca7021-bfae-4793-8b13-7a318476acc4@group-C6E8C7E5C13B, cid=32, SUCCESS, logIndex=0, commits[adca7021-bfae-4793-8b13-7a318476acc4:c48, f46df106-fd9d-40d3-9183-f5de1fc434d0:c44, 324b8a40-8ac4-4113-9c5b-67bfc0793797:c44]
2019-07-10 03:51:46,389 INFO  client.GrpcClientProtocolClient (GrpcClientProtocolClient.java:onNext(255)) - client-4FE9E28FC2D1->adca7021-bfae-4793-8b13-7a318476acc4: receive RaftClientReply:client-4FE9E28FC2D1->adca7021-bfae-4793-8b13-7a318476acc4@group-C6E8C7E5C13B, cid=33, SUCCESS, logIndex=49, commits[adca7021-bfae-4793-8b13-7a318476acc4:c50, f46df106-fd9d-40d3-9183-f5de1fc434d0:c48, 324b8a40-8ac4-4113-9c5b-67bfc0793797:c48]
2019-07-10 03:51:46,390 INFO  client.GrpcClientProtocolClient (GrpcClientProtocolClient.java:onNext(255)) - client-4FE9E28FC2D1->adca7021-bfae-4793-8b13-7a318476acc4: receive RaftClientReply:client-4FE9E28FC2D1->adca7021-bfae-4793-8b13-7a318476acc4@group-C6E8C7E5C13B, cid=34, SUCCESS, logIndex=50, commits[adca7021-bfae-4793-8b13-7a318476acc4:c50, f46df106-fd9d-40d3-9183-f5de1fc434d0:c48, 324b8a40-8ac4-4113-9c5b-67bfc0793797:c48]
2019-07-10 03:51:46,397 INFO  client.GrpcClientProtocolClient (GrpcClientProtocolClient.java:onNext(255)) - client-4FE9E28FC2D1->adca7021-bfae-4793-8b13-7a318476acc4: receive RaftClientReply:client-4FE9E28FC2D1->adca7021-bfae-4793-8b13-7a318476acc4@group-C6E8C7E5C13B, cid=35, SUCCESS, logIndex=51, commits[adca7021-bfae-4793-8b13-7a318476acc4:c53, f46df106-fd9d-40d3-9183-f5de1fc434d0:c50, 324b8a40-8ac4-4113-9c5b-67bfc0793797:c48]
2019-07-10 03:51:46,398 INFO  client.GrpcClientProtocolClient (GrpcClientProtocolClient.java:onNext(255)) - client-4FE9E28FC2D1->adca7021-bfae-4793-8b13-7a318476acc4: receive RaftClientReply:client-4FE9E28FC2D1->adca7021-bfae-4793-8b13-7a318476acc4@group-C6E8C7E5C13B, cid=36, SUCCESS, logIndex=52, commits[adca7021-bfae-4793-8b13-7a318476acc4:c54, f46df106-fd9d-40d3-9183-f5de1fc434d0:c50, 324b8a40-8ac4-4113-9c5b-67bfc0793797:c50]
2019-07-10 03:51:46,422 INFO  client.GrpcClientProtocolClient (GrpcClientProtocolClient.java:onNext(255)) - client-4FE9E28FC2D1->adca7021-bfae-4793-8b13-7a318476acc4: receive RaftClientReply:client-4FE9E28FC2D1->adca7021-bfae-4793-8b13-7a318476acc4@group-C6E8C7E5C13B, cid=37, SUCCESS, logIndex=57, commits[adca7021-bfae-4793-8b13-7a318476acc4:c58, f46df106-fd9d-40d3-9183-f5de1fc434d0:c56, 324b8a40-8ac4-4113-9c5b-67bfc0793797:c56]
2019-07-10 03:51:46,423 INFO  client.GrpcClientProtocolClient (GrpcClientProtocolClient.java:onNext(255)) - client-4FE9E28FC2D1->adca7021-bfae-4793-8b13-7a318476acc4: receive RaftClientReply:client-4FE9E28FC2D1->adca7021-bfae-4793-8b13-7a318476acc4@group-C6E8C7E5C13B, cid=38, SUCCESS, logIndex=58, commits[adca7021-bfae-4793-8b13-7a318476acc4:c58, f46df106-fd9d-40d3-9183-f5de1fc434d0:c56, 324b8a40-8ac4-4113-9c5b-67bfc0793797:c56]
2019-07-10 03:51:46,442 INFO  client.GrpcClientProtocolClient (GrpcClientProtocolClient.java:onNext(255)) - client-4FE9E28FC2D1->adca7021-bfae-4793-8b13-7a318476acc4: receive RaftClientReply:client-4FE9E28FC2D1->adca7021-bfae-4793-8b13-7a318476acc4@group-C6E8C7E5C13B, cid=39, SUCCESS, logIndex=61, commits[adca7021-bfae-4793-8b13-7a318476acc4:c62, f46df106-fd9d-40d3-9183-f5de1fc434d0:c60, 324b8a40-8ac4-4113-9c5b-67bfc0793797:c60]
2019-07-10 03:51:46,443 INFO  client.GrpcClientProtocolClient (GrpcClientProtocolClient.java:onNext(255)) - client-4FE9E28FC2D1->adca7021-bfae-4793-8b13-7a318476acc4: receive RaftClientReply:client-4FE9E28FC2D1->adca7021-bfae-4793-8b13-7a318476acc4@group-C6E8C7E5C13B, cid=40, SUCCESS, logIndex=62, commits[adca7021-bfae-4793-8b13-7a318476acc4:c62, f46df106-fd9d-40d3-9183-f5de1fc434d0:c60, 324b8a40-8ac4-4113-9c5b-67bfc0793797:c60]
2019-07-10 03:51:46,446 INFO  client.GrpcClientProtocolClient (GrpcClientProtocolClient.java:onNext(255)) - client-4FE9E28FC2D1->adca7021-bfae-4793-8b13-7a318476acc4: receive RaftClientReply:client-4FE9E28FC2D1->adca7021-bfae-4793-8b13-7a318476acc4@group-C6E8C7E5C13B, cid=41, SUCCESS, logIndex=0, commits[adca7021-bfae-4793-8b13-7a318476acc4:c63, f46df106-fd9d-40d3-9183-f5de1fc434d0:c62, 324b8a40-8ac4-4113-9c5b-67bfc0793797:c62]
2019-07-10 03:51:46,469 INFO  client.GrpcClientProtocolClient (GrpcClientProtocolClient.java:onNext(255)) - client-4FE9E28FC2D1->adca7021-bfae-4793-8b13-7a318476acc4: receive RaftClientReply:client-4FE9E28FC2D1->adca7021-bfae-4793-8b13-7a318476acc4@group-C6E8C7E5C13B, cid=42, SUCCESS, logIndex=65, commits[adca7021-bfae-4793-8b13-7a318476acc4:c66, f46df106-fd9d-40d3-9183-f5de1fc434d0:c64, 324b8a40-8ac4-4113-9c5b-67bfc0793797:c64]
2019-07-10 03:51:46,470 INFO  client.GrpcClientProtocolClient (GrpcClientProtocolClient.java:onNext(255)) - client-4FE9E28FC2D1->adca7021-bfae-4793-8b13-7a318476acc4: receive RaftClientReply:client-4FE9E28FC2D1->adca7021-bfae-4793-8b13-7a318476acc4@group-C6E8C7E5C13B, cid=43, SUCCESS, logIndex=66, commits[adca7021-bfae-4793-8b13-7a318476acc4:c66, f46df106-fd9d-40d3-9183-f5de1fc434d0:c64, 324b8a40-8ac4-4113-9c5b-67bfc0793797:c64]
2019-07-10 03:51:46,471 INFO  client.GrpcClientProtocolClient (GrpcClientProtocolClient.java:onNext(255)) - client-4FE9E28FC2D1->adca7021-bfae-4793-8b13-7a318476acc4: receive RaftClientReply:client-4FE9E28FC2D1->adca7021-bfae-4793-8b13-7a318476acc4@group-C6E8C7E5C13B, cid=44, SUCCESS, logIndex=67, commits[adca7021-bfae-4793-8b13-7a318476acc4:c68, f46df106-fd9d-40d3-9183-f5de1fc434d0:c64, 324b8a40-8ac4-4113-9c5b-67bfc0793797:c64]
2019-07-10 03:51:46,472 INFO  client.GrpcClientProtocolClient (GrpcClientProtocolClient.java:onNext(255)) - client-4FE9E28FC2D1->adca7021-bfae-4793-8b13-7a318476acc4: receive RaftClientReply:client-4FE9E28FC2D1->adca7021-bfae-4793-8b13-7a318476acc4@group-C6E8C7E5C13B, cid=45, SUCCESS, logIndex=68, commits[adca7021-bfae-4793-8b13-7a318476acc4:c68, f46df106-fd9d-40d3-9183-f5de1fc434d0:c64, 324b8a40-8ac4-4113-9c5b-67bfc0793797:c64]
2019-07-10 03:51:46,477 INFO  client.GrpcClientProtocolClient (GrpcClientProtocolClient.java:onNext(255)) - client-4FE9E28FC2D1->adca7021-bfae-4793-8b13-7a318476acc4: receive RaftClientReply:client-4FE9E28FC2D1->adca7021-bfae-4793-8b13-7a318476acc4@group-C6E8C7E5C13B, cid=46, SUCCESS, logIndex=0, commits[adca7021-bfae-4793-8b13-7a318476acc4:c70, f46df106-fd9d-40d3-9183-f5de1fc434d0:c66, 324b8a40-8ac4-4113-9c5b-67bfc0793797:c66]
2019-07-10 03:51:46,494 INFO  client.GrpcClientProtocolClient (GrpcClientProtocolClient.java:onNext(255)) - client-4FE9E28FC2D1->adca7021-bfae-4793-8b13-7a318476acc4: receive RaftClientReply:client-4FE9E28FC2D1->adca7021-bfae-4793-8b13-7a318476acc4@group-C6E8C7E5C13B, cid=47, SUCCESS, logIndex=73, commits[adca7021-bfae-4793-8b13-7a318476acc4:c74, f46df106-fd9d-40d3-9183-f5de1fc434d0:c72, 324b8a40-8ac4-4113-9c5b-67bfc0793797:c72]
2019-07-10 03:51:46,495 INFO  client.GrpcClientProtocolClient (GrpcClientProtocolClient.java:onNext(255)) - client-4FE9E28FC2D1->adca7021-bfae-4793-8b13-7a318476acc4: receive RaftClientReply:client-4FE9E28FC2D1->adca7021-bfae-4793-8b13-7a318476acc4@group-C6E8C7E5C13B, cid=48, SUCCESS, logIndex=74, commits[adca7021-bfae-4793-8b13-7a318476acc4:c74, f46df106-fd9d-40d3-9183-f5de1fc434d0:c72, 324b8a40-8ac4-4113-9c5b-67bfc0793797:c72]
2019-07-10 03:51:46,518 INFO  client.GrpcClientProtocolClient (GrpcClientProtocolClient.java:onNext(255)) - client-4FE9E28FC2D1->adca7021-bfae-4793-8b13-7a318476acc4: receive RaftClientReply:client-4FE9E28FC2D1->adca7021-bfae-4793-8b13-7a318476acc4@group-C6E8C7E5C13B, cid=49, SUCCESS, logIndex=77, commits[adca7021-bfae-4793-8b13-7a318476acc4:c78, f46df106-fd9d-40d3-9183-f5de1fc434d0:c76, 324b8a40-8ac4-4113-9c5b-67bfc0793797:c76]
2019-07-10 03:51:46,519 INFO  client.GrpcClientProtocolClient (GrpcClientProtocolClient.java:onNext(255)) - client-4FE9E28FC2D1->adca7021-bfae-4793-8b13-7a318476acc4: receive RaftClientReply:client-4FE9E28FC2D1->adca7021-bfae-4793-8b13-7a318476acc4@group-C6E8C7E5C13B, cid=50, SUCCESS, logIndex=78, commits[adca7021-bfae-4793-8b13-7a318476acc4:c78, f46df106-fd9d-40d3-9183-f5de1fc434d0:c76, 324b8a40-8ac4-4113-9c5b-67bfc0793797:c76]
2019-07-10 03:51:46,521 INFO  client.GrpcClientProtocolClient (GrpcClientProtocolClient.java:onNext(255)) - client-4FE9E28FC2D1->adca7021-bfae-4793-8b13-7a318476acc4: receive RaftClientReply:client-4FE9E28FC2D1->adca7021-bfae-4793-8b13-7a318476acc4@group-C6E8C7E5C13B, cid=51, SUCCESS, logIndex=0, commits[adca7021-bfae-4793-8b13-7a318476acc4:c79, f46df106-fd9d-40d3-9183-f5de1fc434d0:c78, 324b8a40-8ac4-4113-9c5b-67bfc0793797:c78]
 100.00% |█████████████████████████████████████████████████████████████████████████████████████████████████████|  1/1 Time: 0:00:03
2019-07-10 03:51:52,105 INFO  pipeline.SCMPipelineManager (SCMPipelineManager.java:finalizeAndDestroyPipeline(307)) - destroying pipeline:Pipeline[ Id: 79686139-6834-4175-8266-c6e8c7e5c13b, Nodes: adca7021-bfae-4793-8b13-7a318476acc4{ip: 192.168.5.188, host: hdds1735-gd5hf-3123663959, networkLocation: /default-rack, certSerialId: null}324b8a40-8ac4-4113-9c5b-67bfc0793797{ip: 192.168.5.188, host: hdds1735-gd5hf-3123663959, networkLocation: /default-rack, certSerialId: null}f46df106-fd9d-40d3-9183-f5de1fc434d0{ip: 192.168.5.188, host: hdds1735-gd5hf-3123663959, networkLocation: /default-rack, certSerialId: null}, Type:RATIS, Factor:THREE, State:OPEN]
2019-07-10 03:51:52,106 INFO  pipeline.PipelineStateManager (PipelineStateManager.java:finalizePipeline(123)) - Pipeline Pipeline[ Id: 79686139-6834-4175-8266-c6e8c7e5c13b, Nodes: adca7021-bfae-4793-8b13-7a318476acc4{ip: 192.168.5.188, host: hdds1735-gd5hf-3123663959, networkLocation: /default-rack, certSerialId: null}324b8a40-8ac4-4113-9c5b-67bfc0793797{ip: 192.168.5.188, host: hdds1735-gd5hf-3123663959, networkLocation: /default-rack, certSerialId: null}f46df106-fd9d-40d3-9183-f5de1fc434d0{ip: 192.168.5.188, host: hdds1735-gd5hf-3123663959, networkLocation: /default-rack, certSerialId: null}, Type:RATIS, Factor:THREE, State:CLOSED] moved to CLOSED state
2019-07-10 03:51:52,107 INFO  container.CloseContainerEventHandler (CloseContainerEventHandler.java:onMessage(61)) - Close container Event triggered for container : #1
2019-07-10 03:51:52,113 INFO  container.CloseContainerEventHandler (CloseContainerEventHandler.java:onMessage(61)) - Close container Event triggered for container : #2
2019-07-10 03:51:52,114 INFO  container.CloseContainerEventHandler (CloseContainerEventHandler.java:onMessage(61)) - Close container Event triggered for container : #3
2019-07-10 03:51:52,133 INFO  impl.RaftServerProxy (RaftServerProxy.java:remove(95)) - adca7021-bfae-4793-8b13-7a318476acc4: remove   LEADER group-C6E8C7E5C13B adca7021-bfae-4793-8b13-7a318476acc4:t1, leader=adca7021-bfae-4793-8b13-7a318476acc4, voted=adca7021-bfae-4793-8b13-7a318476acc4, raftlog=adca7021-bfae-4793-8b13-7a318476acc4-SegmentedRaftLog:OPENED:c80,f80,i80, conf=0: [f46df106-fd9d-40d3-9183-f5de1fc434d0:192.168.5.188:42607, adca7021-bfae-4793-8b13-7a318476acc4:192.168.5.188:32902, 324b8a40-8ac4-4113-9c5b-67bfc0793797:192.168.5.188:37164], old=null RUNNING
2019-07-10 03:51:52,137 INFO  impl.RaftServerImpl (RaftServerImpl.java:lambda$shutdown$3(245)) - adca7021-bfae-4793-8b13-7a318476acc4: shutdown group-C6E8C7E5C13B
2019-07-10 03:51:52,137 INFO  util.JmxRegister (JmxRegister.java:unregister(73)) - Successfully un-registered JMX Bean with object name Ratis:service=RaftServer,group=group-C6E8C7E5C13B,id=adca7021-bfae-4793-8b13-7a318476acc4
2019-07-10 03:51:52,138 INFO  impl.RoleInfo (RoleInfo.java:shutdownLeaderState(104)) - adca7021-bfae-4793-8b13-7a318476acc4: shutdown LeaderState
2019-07-10 03:51:52,140 INFO  impl.PendingRequests (PendingRequests.java:sendNotLeaderResponses(202)) - adca7021-bfae-4793-8b13-7a318476acc4-PendingRequests: sendNotLeaderResponses
2019-07-10 03:51:52,140 WARN  server.GrpcLogAppender (GrpcLogAppender.java:mayWait(143)) - GrpcLogAppender(adca7021-bfae-4793-8b13-7a318476acc4->f46df106-fd9d-40d3-9183-f5de1fc434d0): Wait interrupted by java.lang.InterruptedException
2019-07-10 03:51:52,140 WARN  server.GrpcLogAppender (GrpcLogAppender.java:mayWait(143)) - GrpcLogAppender(adca7021-bfae-4793-8b13-7a318476acc4->324b8a40-8ac4-4113-9c5b-67bfc0793797): Wait interrupted by java.lang.InterruptedException
2019-07-10 03:51:52,145 INFO  server.GrpcServerProtocolService (GrpcServerProtocolService.java:onCompleted(104)) - 324b8a40-8ac4-4113-9c5b-67bfc0793797: appendEntries completed
2019-07-10 03:51:52,146 INFO  server.GrpcServerProtocolService (GrpcServerProtocolService.java:onCompleted(104)) - f46df106-fd9d-40d3-9183-f5de1fc434d0: appendEntries completed
2019-07-10 03:51:52,152 INFO  impl.StateMachineUpdater (StateMachineUpdater.java:stopAndJoin(115)) - StateMachineUpdater:adca7021-bfae-4793-8b13-7a318476acc4:group-C6E8C7E5C13B: set stopIndex = 80
2019-07-10 03:51:52,152 INFO  ratis.ContainerStateMachine (ContainerStateMachine.java:takeSnapshot(244)) - Taking snapshot at termIndex:(t:1, i:78)
2019-07-10 03:51:52,153 INFO  server.GrpcLogAppender (GrpcLogAppender.java:onCompleted(292)) - adca7021-bfae-4793-8b13-7a318476acc4->324b8a40-8ac4-4113-9c5b-67bfc0793797: follower responses appendEntries COMPLETED
2019-07-10 03:51:52,154 INFO  server.GrpcLogAppender (GrpcLogAppender.java:onCompleted(292)) - adca7021-bfae-4793-8b13-7a318476acc4->f46df106-fd9d-40d3-9183-f5de1fc434d0: follower responses appendEntries COMPLETED
2019-07-10 03:51:52,154 INFO  ratis.ContainerStateMachine (ContainerStateMachine.java:takeSnapshot(248)) - Taking a snapshot to file /tmp/workdir/hadoop-ozone/tools/target/test-dir/MiniOzoneClusterImpl-3e16044d-9406-4d08-9841-a7f55fc7a0d4/datanode-0/data/ratis/79686139-6834-4175-8266-c6e8c7e5c13b/sm/snapshot.1_78
2019-07-10 03:51:52,170 INFO  impl.FollowerInfo (FollowerInfo.java:lambda$new$0(50)) - adca7021-bfae-4793-8b13-7a318476acc4->324b8a40-8ac4-4113-9c5b-67bfc0793797: nextIndex: updateUnconditionally 81 -> 80
2019-07-10 03:51:52,170 INFO  impl.FollowerInfo (FollowerInfo.java:lambda$new$0(50)) - adca7021-bfae-4793-8b13-7a318476acc4->f46df106-fd9d-40d3-9183-f5de1fc434d0: nextIndex: updateUnconditionally 81 -> 80
2019-07-10 03:51:52,181 INFO  impl.StateMachineUpdater (StateMachineUpdater.java:takeSnapshot(242)) - StateMachineUpdater:adca7021-bfae-4793-8b13-7a318476acc4:group-C6E8C7E5C13B: Took a snapshot at index 78
2019-07-10 03:51:52,183 INFO  impl.StateMachineUpdater (StateMachineUpdater.java:lambda$new$0(80)) - StateMachineUpdater:adca7021-bfae-4793-8b13-7a318476acc4:group-C6E8C7E5C13B: snapshotIndex: updateIncreasingly -1 -> 78
2019-07-10 03:51:52,187 INFO  impl.RaftServerImpl (ServerState.java:close(394)) - adca7021-bfae-4793-8b13-7a318476acc4:group-C6E8C7E5C13B closes. The last applied log index is 80
2019-07-10 03:51:52,189 INFO  segmented.SegmentedRaftLogWorker (SegmentedRaftLogWorker.java:run(313)) - adca7021-bfae-4793-8b13-7a318476acc4-SegmentedRaftLogWorker:Storage Directory /tmp/workdir/hadoop-ozone/tools/target/test-dir/MiniOzoneClusterImpl-3e16044d-9406-4d08-9841-a7f55fc7a0d4/datanode-0/data/ratis/79686139-6834-4175-8266-c6e8c7e5c13b was interrupted, exiting. There are 0 tasks remaining in the queue.
2019-07-10 03:51:52,191 INFO  segmented.SegmentedRaftLogWorker (SegmentedRaftLogWorker.java:close(228)) - adca7021-bfae-4793-8b13-7a318476acc4-SegmentedRaftLogWorker:Storage Directory /tmp/workdir/hadoop-ozone/tools/target/test-dir/MiniOzoneClusterImpl-3e16044d-9406-4d08-9841-a7f55fc7a0d4/datanode-0/data/ratis/79686139-6834-4175-8266-c6e8c7e5c13b close()
2019-07-10 03:51:52,216 INFO  impl.RaftServerProxy (RaftServerProxy.java:remove(95)) - 324b8a40-8ac4-4113-9c5b-67bfc0793797: remove FOLLOWER group-C6E8C7E5C13B 324b8a40-8ac4-4113-9c5b-67bfc0793797:t1, leader=adca7021-bfae-4793-8b13-7a318476acc4, voted=adca7021-bfae-4793-8b13-7a318476acc4, raftlog=324b8a40-8ac4-4113-9c5b-67bfc0793797-SegmentedRaftLog:OPENED:c80,f80,i80, conf=0: [f46df106-fd9d-40d3-9183-f5de1fc434d0:192.168.5.188:42607, adca7021-bfae-4793-8b13-7a318476acc4:192.168.5.188:32902, 324b8a40-8ac4-4113-9c5b-67bfc0793797:192.168.5.188:37164], old=null RUNNING
2019-07-10 03:51:52,216 INFO  impl.RaftServerImpl (RaftServerImpl.java:lambda$shutdown$3(245)) - 324b8a40-8ac4-4113-9c5b-67bfc0793797: shutdown group-C6E8C7E5C13B
2019-07-10 03:51:52,216 INFO  util.JmxRegister (JmxRegister.java:unregister(73)) - Successfully un-registered JMX Bean with object name Ratis:service=RaftServer,group=group-C6E8C7E5C13B,id=324b8a40-8ac4-4113-9c5b-67bfc0793797
2019-07-10 03:51:52,216 INFO  impl.RoleInfo (RoleInfo.java:shutdownFollowerState(121)) - 324b8a40-8ac4-4113-9c5b-67bfc0793797: shutdown FollowerState
2019-07-10 03:51:52,217 INFO  impl.StateMachineUpdater (StateMachineUpdater.java:stopAndJoin(115)) - StateMachineUpdater:324b8a40-8ac4-4113-9c5b-67bfc0793797:group-C6E8C7E5C13B: set stopIndex = 80
2019-07-10 03:51:52,217 INFO  impl.FollowerState (FollowerState.java:run(114)) - 324b8a40-8ac4-4113-9c5b-67bfc0793797: FollowerState was interrupted: java.lang.InterruptedException: sleep interrupted
2019-07-10 03:51:52,217 INFO  ratis.ContainerStateMachine (ContainerStateMachine.java:takeSnapshot(244)) - Taking snapshot at termIndex:(t:1, i:78)
2019-07-10 03:51:52,219 INFO  ratis.ContainerStateMachine (ContainerStateMachine.java:takeSnapshot(248)) - Taking a snapshot to file /tmp/workdir/hadoop-ozone/tools/target/test-dir/MiniOzoneClusterImpl-3e16044d-9406-4d08-9841-a7f55fc7a0d4/datanode-1/data/ratis/79686139-6834-4175-8266-c6e8c7e5c13b/sm/snapshot.1_78
2019-07-10 03:51:52,219 INFO  impl.StateMachineUpdater (StateMachineUpdater.java:takeSnapshot(242)) - StateMachineUpdater:324b8a40-8ac4-4113-9c5b-67bfc0793797:group-C6E8C7E5C13B: Took a snapshot at index 78
2019-07-10 03:51:52,219 INFO  impl.StateMachineUpdater (StateMachineUpdater.java:lambda$new$0(80)) - StateMachineUpdater:324b8a40-8ac4-4113-9c5b-67bfc0793797:group-C6E8C7E5C13B: snapshotIndex: updateIncreasingly -1 -> 78
2019-07-10 03:51:52,219 INFO  impl.RaftServerImpl (ServerState.java:close(394)) - 324b8a40-8ac4-4113-9c5b-67bfc0793797:group-C6E8C7E5C13B closes. The last applied log index is 80
2019-07-10 03:51:52,220 INFO  segmented.SegmentedRaftLogWorker (SegmentedRaftLogWorker.java:run(313)) - 324b8a40-8ac4-4113-9c5b-67bfc0793797-SegmentedRaftLogWorker:Storage Directory /tmp/workdir/hadoop-ozone/tools/target/test-dir/MiniOzoneClusterImpl-3e16044d-9406-4d08-9841-a7f55fc7a0d4/datanode-1/data/ratis/79686139-6834-4175-8266-c6e8c7e5c13b was interrupted, exiting. There are 0 tasks remaining in the queue.
2019-07-10 03:51:52,221 INFO  segmented.SegmentedRaftLogWorker (SegmentedRaftLogWorker.java:close(228)) - 324b8a40-8ac4-4113-9c5b-67bfc0793797-SegmentedRaftLogWorker:Storage Directory /tmp/workdir/hadoop-ozone/tools/target/test-dir/MiniOzoneClusterImpl-3e16044d-9406-4d08-9841-a7f55fc7a0d4/datanode-1/data/ratis/79686139-6834-4175-8266-c6e8c7e5c13b close()
2019-07-10 03:51:52,237 INFO  impl.RaftServerProxy (RaftServerProxy.java:remove(95)) - f46df106-fd9d-40d3-9183-f5de1fc434d0: remove FOLLOWER group-C6E8C7E5C13B f46df106-fd9d-40d3-9183-f5de1fc434d0:t1, leader=adca7021-bfae-4793-8b13-7a318476acc4, voted=adca7021-bfae-4793-8b13-7a318476acc4, raftlog=f46df106-fd9d-40d3-9183-f5de1fc434d0-SegmentedRaftLog:OPENED:c80,f80,i80, conf=0: [f46df106-fd9d-40d3-9183-f5de1fc434d0:192.168.5.188:42607, adca7021-bfae-4793-8b13-7a318476acc4:192.168.5.188:32902, 324b8a40-8ac4-4113-9c5b-67bfc0793797:192.168.5.188:37164], old=null RUNNING
2019-07-10 03:51:52,238 INFO  impl.RaftServerImpl (RaftServerImpl.java:lambda$shutdown$3(245)) - f46df106-fd9d-40d3-9183-f5de1fc434d0: shutdown group-C6E8C7E5C13B
2019-07-10 03:51:52,238 INFO  util.JmxRegister (JmxRegister.java:unregister(73)) - Successfully un-registered JMX Bean with object name Ratis:service=RaftServer,group=group-C6E8C7E5C13B,id=f46df106-fd9d-40d3-9183-f5de1fc434d0
2019-07-10 03:51:52,238 INFO  impl.RoleInfo (RoleInfo.java:shutdownFollowerState(121)) - f46df106-fd9d-40d3-9183-f5de1fc434d0: shutdown FollowerState
2019-07-10 03:51:52,238 INFO  impl.StateMachineUpdater (StateMachineUpdater.java:stopAndJoin(115)) - StateMachineUpdater:f46df106-fd9d-40d3-9183-f5de1fc434d0:group-C6E8C7E5C13B: set stopIndex = 80
2019-07-10 03:51:52,238 INFO  impl.FollowerState (FollowerState.java:run(114)) - f46df106-fd9d-40d3-9183-f5de1fc434d0: FollowerState was interrupted: java.lang.InterruptedException: sleep interrupted
2019-07-10 03:51:52,238 INFO  ratis.ContainerStateMachine (ContainerStateMachine.java:takeSnapshot(244)) - Taking snapshot at termIndex:(t:1, i:78)
2019-07-10 03:51:52,242 INFO  ratis.ContainerStateMachine (ContainerStateMachine.java:takeSnapshot(248)) - Taking a snapshot to file /tmp/workdir/hadoop-ozone/tools/target/test-dir/MiniOzoneClusterImpl-3e16044d-9406-4d08-9841-a7f55fc7a0d4/datanode-2/data/ratis/79686139-6834-4175-8266-c6e8c7e5c13b/sm/snapshot.1_78
2019-07-10 03:51:52,242 INFO  impl.StateMachineUpdater (StateMachineUpdater.java:takeSnapshot(242)) - StateMachineUpdater:f46df106-fd9d-40d3-9183-f5de1fc434d0:group-C6E8C7E5C13B: Took a snapshot at index 78
2019-07-10 03:51:52,242 INFO  impl.StateMachineUpdater (StateMachineUpdater.java:lambda$new$0(80)) - StateMachineUpdater:f46df106-fd9d-40d3-9183-f5de1fc434d0:group-C6E8C7E5C13B: snapshotIndex: updateIncreasingly -1 -> 78
2019-07-10 03:51:52,243 INFO  impl.RaftServerImpl (ServerState.java:close(394)) - f46df106-fd9d-40d3-9183-f5de1fc434d0:group-C6E8C7E5C13B closes. The last applied log index is 80
2019-07-10 03:51:52,243 INFO  segmented.SegmentedRaftLogWorker (SegmentedRaftLogWorker.java:run(313)) - f46df106-fd9d-40d3-9183-f5de1fc434d0-SegmentedRaftLogWorker:Storage Directory /tmp/workdir/hadoop-ozone/tools/target/test-dir/MiniOzoneClusterImpl-3e16044d-9406-4d08-9841-a7f55fc7a0d4/datanode-2/data/ratis/79686139-6834-4175-8266-c6e8c7e5c13b was interrupted, exiting. There are 0 tasks remaining in the queue.
2019-07-10 03:51:52,244 INFO  segmented.SegmentedRaftLogWorker (SegmentedRaftLogWorker.java:close(228)) - f46df106-fd9d-40d3-9183-f5de1fc434d0-SegmentedRaftLogWorker:Storage Directory /tmp/workdir/hadoop-ozone/tools/target/test-dir/MiniOzoneClusterImpl-3e16044d-9406-4d08-9841-a7f55fc7a0d4/datanode-2/data/ratis/79686139-6834-4175-8266-c6e8c7e5c13b close()
2019-07-10 03:51:52,251 INFO  pipeline.PipelineStateManager (PipelineStateManager.java:removePipeline(108)) - Pipeline Pipeline[ Id: 79686139-6834-4175-8266-c6e8c7e5c13b, Nodes: adca7021-bfae-4793-8b13-7a318476acc4{ip: 192.168.5.188, host: hdds1735-gd5hf-3123663959, networkLocation: /default-rack, certSerialId: null}324b8a40-8ac4-4113-9c5b-67bfc0793797{ip: 192.168.5.188, host: hdds1735-gd5hf-3123663959, networkLocation: /default-rack, certSerialId: null}f46df106-fd9d-40d3-9183-f5de1fc434d0{ip: 192.168.5.188, host: hdds1735-gd5hf-3123663959, networkLocation: /default-rack, certSerialId: null}, Type:RATIS, Factor:THREE, State:CLOSED] removed from db
2019-07-10 03:51:52,268 INFO  impl.RaftServerProxy (RaftServerProxy.java:addNew(89)) - 324b8a40-8ac4-4113-9c5b-67bfc0793797: addNew group-C2D46286AF74:[f46df106-fd9d-40d3-9183-f5de1fc434d0:192.168.5.188:42607, adca7021-bfae-4793-8b13-7a318476acc4:192.168.5.188:32902, 324b8a40-8ac4-4113-9c5b-67bfc0793797:192.168.5.188:37164] returns group-C2D46286AF74:java.util.concurrent.CompletableFuture@7c1ade5a[Not completed]
2019-07-10 03:51:52,269 INFO  impl.RaftServerProxy (RaftServerProxy.java:addNew(89)) - adca7021-bfae-4793-8b13-7a318476acc4: addNew group-C2D46286AF74:[f46df106-fd9d-40d3-9183-f5de1fc434d0:192.168.5.188:42607, adca7021-bfae-4793-8b13-7a318476acc4:192.168.5.188:32902, 324b8a40-8ac4-4113-9c5b-67bfc0793797:192.168.5.188:37164] returns group-C2D46286AF74:java.util.concurrent.CompletableFuture@4ff93a7a[Not completed]
2019-07-10 03:51:52,271 INFO  impl.RaftServerProxy (RaftServerProxy.java:addNew(89)) - f46df106-fd9d-40d3-9183-f5de1fc434d0: addNew group-C2D46286AF74:[f46df106-fd9d-40d3-9183-f5de1fc434d0:192.168.5.188:42607, adca7021-bfae-4793-8b13-7a318476acc4:192.168.5.188:32902, 324b8a40-8ac4-4113-9c5b-67bfc0793797:192.168.5.188:37164] returns group-C2D46286AF74:java.util.concurrent.CompletableFuture@482264b[Not completed]
2019-07-10 03:51:52,272 INFO  impl.RaftServerImpl (RaftServerImpl.java:<init>(93)) - 324b8a40-8ac4-4113-9c5b-67bfc0793797: new RaftServerImpl for group-C2D46286AF74:[f46df106-fd9d-40d3-9183-f5de1fc434d0:192.168.5.188:42607, adca7021-bfae-4793-8b13-7a318476acc4:192.168.5.188:32902, 324b8a40-8ac4-4113-9c5b-67bfc0793797:192.168.5.188:37164] with ContainerStateMachine:uninitialized
2019-07-10 03:51:52,272 INFO  server.RaftServerConfigKeys (ConfUtils.java:logGet(43)) - raft.server.rpc.timeout.min = 1s (custom)
2019-07-10 03:51:52,272 INFO  server.RaftServerConfigKeys (ConfUtils.java:logGet(43)) - raft.server.rpc.timeout.max = 1200ms (custom)
2019-07-10 03:51:52,272 INFO  server.RaftServerConfigKeys (ConfUtils.java:logGet(43)) - raft.server.rpcslowness.timeout = 120s (custom)
2019-07-10 03:51:52,272 INFO  server.RaftServerConfigKeys (ConfUtils.java:logGet(43)) - raft.server.sleep.deviation.threshold = 300 (default)
2019-07-10 03:51:52,273 INFO  server.RaftServerConfigKeys (ConfUtils.java:logGet(43)) - raft.server.log.appender.install.snapshot.enabled = false (custom)
2019-07-10 03:51:52,273 INFO  impl.RaftServerImpl (ServerState.java:<init>(105)) - 324b8a40-8ac4-4113-9c5b-67bfc0793797:group-C2D46286AF74 ConfigurationManager, init=-1: [f46df106-fd9d-40d3-9183-f5de1fc434d0:192.168.5.188:42607, adca7021-bfae-4793-8b13-7a318476acc4:192.168.5.188:32902, 324b8a40-8ac4-4113-9c5b-67bfc0793797:192.168.5.188:37164], old=null, confs=<EMPTY_MAP>
2019-07-10 03:51:52,273 INFO  impl.RaftServerImpl (RaftServerImpl.java:<init>(93)) - f46df106-fd9d-40d3-9183-f5de1fc434d0: new RaftServerImpl for group-C2D46286AF74:[f46df106-fd9d-40d3-9183-f5de1fc434d0:192.168.5.188:42607, adca7021-bfae-4793-8b13-7a318476acc4:192.168.5.188:32902, 324b8a40-8ac4-4113-9c5b-67bfc0793797:192.168.5.188:37164] with ContainerStateMachine:uninitialized
2019-07-10 03:51:52,273 INFO  server.RaftServerConfigKeys (ConfUtils.java:logGet(43)) - raft.server.storage.dir = [/tmp/workdir/hadoop-ozone/tools/target/test-dir/MiniOzoneClusterImpl-3e16044d-9406-4d08-9841-a7f55fc7a0d4/datanode-1/data/ratis] (custom)
2019-07-10 03:51:52,273 INFO  server.RaftServerConfigKeys (ConfUtils.java:logGet(43)) - raft.server.rpc.timeout.min = 1s (custom)
2019-07-10 03:51:52,273 INFO  server.RaftServerConfigKeys (ConfUtils.java:logGet(43)) - raft.server.rpc.timeout.max = 1200ms (custom)
2019-07-10 03:51:52,273 INFO  storage.RaftStorageDirectory (RaftStorageDirectory.java:analyzeStorage(246)) - The storage directory /tmp/workdir/hadoop-ozone/tools/target/test-dir/MiniOzoneClusterImpl-3e16044d-9406-4d08-9841-a7f55fc7a0d4/datanode-1/data/ratis/9f3d0938-825e-41d7-b9fc-c2d46286af74 does not exist. Creating ...
2019-07-10 03:51:52,274 INFO  server.RaftServerConfigKeys (ConfUtils.java:logGet(43)) - raft.server.rpcslowness.timeout = 120s (custom)
2019-07-10 03:51:52,274 INFO  impl.RaftServerImpl (RaftServerImpl.java:<init>(93)) - adca7021-bfae-4793-8b13-7a318476acc4: new RaftServerImpl for group-C2D46286AF74:[f46df106-fd9d-40d3-9183-f5de1fc434d0:192.168.5.188:42607, adca7021-bfae-4793-8b13-7a318476acc4:192.168.5.188:32902, 324b8a40-8ac4-4113-9c5b-67bfc0793797:192.168.5.188:37164] with ContainerStateMachine:uninitialized
2019-07-10 03:51:52,274 INFO  server.RaftServerConfigKeys (ConfUtils.java:logGet(43)) - raft.server.sleep.deviation.threshold = 300 (default)
2019-07-10 03:51:52,274 INFO  server.RaftServerConfigKeys (ConfUtils.java:logGet(43)) - raft.server.rpc.timeout.min = 1s (custom)
2019-07-10 03:51:52,274 INFO  server.RaftServerConfigKeys (ConfUtils.java:logGet(43)) - raft.server.log.appender.install.snapshot.enabled = false (custom)
2019-07-10 03:51:52,274 INFO  server.RaftServerConfigKeys (ConfUtils.java:logGet(43)) - raft.server.rpc.timeout.max = 1200ms (custom)
2019-07-10 03:51:52,274 INFO  impl.RaftServerImpl (ServerState.java:<init>(105)) - f46df106-fd9d-40d3-9183-f5de1fc434d0:group-C2D46286AF74 ConfigurationManager, init=-1: [f46df106-fd9d-40d3-9183-f5de1fc434d0:192.168.5.188:42607, adca7021-bfae-4793-8b13-7a318476acc4:192.168.5.188:32902, 324b8a40-8ac4-4113-9c5b-67bfc0793797:192.168.5.188:37164], old=null, confs=<EMPTY_MAP>
2019-07-10 03:51:52,274 INFO  server.RaftServerConfigKeys (ConfUtils.java:logGet(43)) - raft.server.rpcslowness.timeout = 120s (custom)
2019-07-10 03:51:52,275 INFO  server.RaftServerConfigKeys (ConfUtils.java:logGet(43)) - raft.server.sleep.deviation.threshold = 300 (default)
2019-07-10 03:51:52,275 INFO  server.RaftServerConfigKeys (ConfUtils.java:logGet(43)) - raft.server.storage.dir = [/tmp/workdir/hadoop-ozone/tools/target/test-dir/MiniOzoneClusterImpl-3e16044d-9406-4d08-9841-a7f55fc7a0d4/datanode-2/data/ratis] (custom)
2019-07-10 03:51:52,275 INFO  server.RaftServerConfigKeys (ConfUtils.java:logGet(43)) - raft.server.log.appender.install.snapshot.enabled = false (custom)
2019-07-10 03:51:52,275 INFO  impl.RaftServerImpl (ServerState.java:<init>(105)) - adca7021-bfae-4793-8b13-7a318476acc4:group-C2D46286AF74 ConfigurationManager, init=-1: [f46df106-fd9d-40d3-9183-f5de1fc434d0:192.168.5.188:42607, adca7021-bfae-4793-8b13-7a318476acc4:192.168.5.188:32902, 324b8a40-8ac4-4113-9c5b-67bfc0793797:192.168.5.188:37164], old=null, confs=<EMPTY_MAP>
2019-07-10 03:51:52,275 INFO  storage.RaftStorageDirectory (RaftStorageDirectory.java:analyzeStorage(246)) - The storage directory /tmp/workdir/hadoop-ozone/tools/target/test-dir/MiniOzoneClusterImpl-3e16044d-9406-4d08-9841-a7f55fc7a0d4/datanode-2/data/ratis/9f3d0938-825e-41d7-b9fc-c2d46286af74 does not exist. Creating ...
2019-07-10 03:51:52,275 INFO  server.RaftServerConfigKeys (ConfUtils.java:logGet(43)) - raft.server.storage.dir = [/tmp/workdir/hadoop-ozone/tools/target/test-dir/MiniOzoneClusterImpl-3e16044d-9406-4d08-9841-a7f55fc7a0d4/datanode-0/data/ratis] (custom)
2019-07-10 03:51:52,276 INFO  storage.RaftStorageDirectory (RaftStorageDirectory.java:analyzeStorage(246)) - The storage directory /tmp/workdir/hadoop-ozone/tools/target/test-dir/MiniOzoneClusterImpl-3e16044d-9406-4d08-9841-a7f55fc7a0d4/datanode-0/data/ratis/9f3d0938-825e-41d7-b9fc-c2d46286af74 does not exist. Creating ...
2019-07-10 03:51:52,280 INFO  storage.RaftStorageDirectory (RaftStorageDirectory.java:tryLock(328)) - Lock on /tmp/workdir/hadoop-ozone/tools/target/test-dir/MiniOzoneClusterImpl-3e16044d-9406-4d08-9841-a7f55fc7a0d4/datanode-1/data/ratis/9f3d0938-825e-41d7-b9fc-c2d46286af74/in_use.lock acquired by nodename 22595@hdds1735-gd5hf-3123663959
2019-07-10 03:51:52,280 INFO  storage.RaftStorageDirectory (RaftStorageDirectory.java:tryLock(328)) - Lock on /tmp/workdir/hadoop-ozone/tools/target/test-dir/MiniOzoneClusterImpl-3e16044d-9406-4d08-9841-a7f55fc7a0d4/datanode-2/data/ratis/9f3d0938-825e-41d7-b9fc-c2d46286af74/in_use.lock acquired by nodename 22595@hdds1735-gd5hf-3123663959
2019-07-10 03:51:52,280 INFO  storage.RaftStorageDirectory (RaftStorageDirectory.java:tryLock(328)) - Lock on /tmp/workdir/hadoop-ozone/tools/target/test-dir/MiniOzoneClusterImpl-3e16044d-9406-4d08-9841-a7f55fc7a0d4/datanode-0/data/ratis/9f3d0938-825e-41d7-b9fc-c2d46286af74/in_use.lock acquired by nodename 22595@hdds1735-gd5hf-3123663959
2019-07-10 03:51:52,284 INFO  storage.RaftStorage (RaftStorage.java:format(72)) - Storage directory /tmp/workdir/hadoop-ozone/tools/target/test-dir/MiniOzoneClusterImpl-3e16044d-9406-4d08-9841-a7f55fc7a0d4/datanode-1/data/ratis/9f3d0938-825e-41d7-b9fc-c2d46286af74 has been successfully formatted.
2019-07-10 03:51:52,284 INFO  storage.RaftStorage (RaftStorage.java:format(72)) - Storage directory /tmp/workdir/hadoop-ozone/tools/target/test-dir/MiniOzoneClusterImpl-3e16044d-9406-4d08-9841-a7f55fc7a0d4/datanode-0/data/ratis/9f3d0938-825e-41d7-b9fc-c2d46286af74 has been successfully formatted.
2019-07-10 03:51:52,284 INFO  storage.RaftStorage (RaftStorage.java:format(72)) - Storage directory /tmp/workdir/hadoop-ozone/tools/target/test-dir/MiniOzoneClusterImpl-3e16044d-9406-4d08-9841-a7f55fc7a0d4/datanode-2/data/ratis/9f3d0938-825e-41d7-b9fc-c2d46286af74 has been successfully formatted.
2019-07-10 03:51:52,285 INFO  ratis.ContainerStateMachine (ContainerStateMachine.java:loadSnapshot(198)) - The snapshot info is null.Setting the last applied index to:(t:0, i:~)
2019-07-10 03:51:52,285 INFO  ratis.ContainerStateMachine (ContainerStateMachine.java:loadSnapshot(198)) - The snapshot info is null.Setting the last applied index to:(t:0, i:~)
2019-07-10 03:51:52,285 INFO  server.RaftServerConfigKeys (ConfUtils.java:logGet(43)) - raft.server.leader.election.timeout = 120s (custom)
2019-07-10 03:51:52,285 INFO  ratis.ContainerStateMachine (ContainerStateMachine.java:loadSnapshot(198)) - The snapshot info is null.Setting the last applied index to:(t:0, i:~)
2019-07-10 03:51:52,285 INFO  server.RaftServerConfigKeys (ConfUtils.java:logGet(43)) - raft.server.log.use.memory = false (default)
2019-07-10 03:51:52,285 INFO  server.RaftServerConfigKeys (ConfUtils.java:logGet(43)) - raft.server.leader.election.timeout = 120s (custom)
2019-07-10 03:51:52,285 INFO  server.RaftServerConfigKeys (ConfUtils.java:logGet(43)) - raft.server.log.purge.gap = 1000000000 (custom)
2019-07-10 03:51:52,285 INFO  server.RaftServerConfigKeys (ConfUtils.java:logGet(43)) - raft.server.leader.election.timeout = 120s (custom)
2019-07-10 03:51:52,286 INFO  server.RaftServerConfigKeys (ConfUtils.java:logGet(43)) - raft.server.log.appender.buffer.byte-limit = 33554432 (custom)
2019-07-10 03:51:52,286 INFO  server.RaftServerConfigKeys (ConfUtils.java:logGet(43)) - raft.server.log.use.memory = false (default)
2019-07-10 03:51:52,286 INFO  server.RaftServerConfigKeys (ConfUtils.java:logGet(43)) - raft.server.log.segment.size.max = 1048576 (custom)
2019-07-10 03:51:52,286 INFO  server.RaftServerConfigKeys (ConfUtils.java:logGet(43)) - raft.server.log.use.memory = false (default)
2019-07-10 03:51:52,286 INFO  server.RaftServerConfigKeys (ConfUtils.java:logGet(43)) - raft.server.log.segment.cache.num.max = 2 (custom)
2019-07-10 03:51:52,286 INFO  server.RaftServerConfigKeys (ConfUtils.java:logGet(43)) - raft.server.log.purge.gap = 1000000000 (custom)
2019-07-10 03:51:52,287 INFO  segmented.SegmentedRaftLogWorker (SegmentedRaftLogWorker.java:<init>(172)) - new adca7021-bfae-4793-8b13-7a318476acc4-SegmentedRaftLogWorker:Storage Directory /tmp/workdir/hadoop-ozone/tools/target/test-dir/MiniOzoneClusterImpl-3e16044d-9406-4d08-9841-a7f55fc7a0d4/datanode-0/data/ratis/9f3d0938-825e-41d7-b9fc-c2d46286af74 for RaftStorage:Storage Directory /tmp/workdir/hadoop-ozone/tools/target/test-dir/MiniOzoneClusterImpl-3e16044d-9406-4d08-9841-a7f55fc7a0d4/datanode-0/data/ratis/9f3d0938-825e-41d7-b9fc-c2d46286af74
2019-07-10 03:51:52,287 INFO  server.RaftServerConfigKeys (ConfUtils.java:logGet(43)) - raft.server.log.purge.gap = 1000000000 (custom)
2019-07-10 03:51:52,287 INFO  server.RaftServerConfigKeys (ConfUtils.java:logGet(43)) - raft.server.log.queue.byte-limit = 2147483647 (custom)
2019-07-10 03:51:52,287 INFO  server.RaftServerConfigKeys (ConfUtils.java:logGet(43)) - raft.server.log.appender.buffer.byte-limit = 33554432 (custom)
2019-07-10 03:51:52,288 INFO  server.RaftServerConfigKeys (ConfUtils.java:logGet(43)) - raft.server.log.queue.element-limit = 1024 (custom)
2019-07-10 03:51:52,288 INFO  server.RaftServerConfigKeys (ConfUtils.java:logGet(43)) - raft.server.log.appender.buffer.byte-limit = 33554432 (custom)
2019-07-10 03:51:52,288 INFO  server.RaftServerConfigKeys (ConfUtils.java:logGet(43)) - raft.server.log.segment.size.max = 1048576 (custom)
2019-07-10 03:51:52,289 INFO  server.RaftServerConfigKeys (ConfUtils.java:logGet(43)) - raft.server.log.segment.size.max = 1048576 (custom)
2019-07-10 03:51:52,288 INFO  server.RaftServerConfigKeys (ConfUtils.java:logGet(43)) - raft.server.log.segment.size.max = 1048576 (custom)
2019-07-10 03:51:52,289 INFO  server.RaftServerConfigKeys (ConfUtils.java:logGet(43)) - raft.server.log.segment.cache.num.max = 2 (custom)
2019-07-10 03:51:52,289 INFO  server.RaftServerConfigKeys (ConfUtils.java:logGet(43)) - raft.server.log.preallocated.size = 16384 (custom)
2019-07-10 03:51:52,289 INFO  segmented.SegmentedRaftLogWorker (SegmentedRaftLogWorker.java:<init>(172)) - new f46df106-fd9d-40d3-9183-f5de1fc434d0-SegmentedRaftLogWorker:Storage Directory /tmp/workdir/hadoop-ozone/tools/target/test-dir/MiniOzoneClusterImpl-3e16044d-9406-4d08-9841-a7f55fc7a0d4/datanode-2/data/ratis/9f3d0938-825e-41d7-b9fc-c2d46286af74 for RaftStorage:Storage Directory /tmp/workdir/hadoop-ozone/tools/target/test-dir/MiniOzoneClusterImpl-3e16044d-9406-4d08-9841-a7f55fc7a0d4/datanode-2/data/ratis/9f3d0938-825e-41d7-b9fc-c2d46286af74
2019-07-10 03:51:52,289 INFO  server.RaftServerConfigKeys (ConfUtils.java:logGet(43)) - raft.server.log.segment.cache.num.max = 2 (custom)
2019-07-10 03:51:52,290 INFO  server.RaftServerConfigKeys (ConfUtils.java:logGet(43)) - raft.server.log.queue.byte-limit = 2147483647 (custom)
2019-07-10 03:51:52,289 INFO  server.RaftServerConfigKeys (ConfUtils.java:logGet(43)) - raft.server.log.write.buffer.size = 33554432 (custom)
2019-07-10 03:51:52,291 INFO  server.RaftServerConfigKeys (ConfUtils.java:logGet(43)) - raft.server.log.queue.element-limit = 1024 (custom)
2019-07-10 03:51:52,290 INFO  segmented.SegmentedRaftLogWorker (SegmentedRaftLogWorker.java:<init>(172)) - new 324b8a40-8ac4-4113-9c5b-67bfc0793797-SegmentedRaftLogWorker:Storage Directory /tmp/workdir/hadoop-ozone/tools/target/test-dir/MiniOzoneClusterImpl-3e16044d-9406-4d08-9841-a7f55fc7a0d4/datanode-1/data/ratis/9f3d0938-825e-41d7-b9fc-c2d46286af74 for RaftStorage:Storage Directory /tmp/workdir/hadoop-ozone/tools/target/test-dir/MiniOzoneClusterImpl-3e16044d-9406-4d08-9841-a7f55fc7a0d4/datanode-1/data/ratis/9f3d0938-825e-41d7-b9fc-c2d46286af74
2019-07-10 03:51:52,291 INFO  server.RaftServerConfigKeys (ConfUtils.java:logGet(43)) - raft.server.log.segment.size.max = 1048576 (custom)
2019-07-10 03:51:52,291 INFO  server.RaftServerConfigKeys (ConfUtils.java:logGet(43)) - raft.server.log.force.sync.num = 128 (default)
2019-07-10 03:51:52,292 INFO  server.RaftServerConfigKeys (ConfUtils.java:logGet(43)) - raft.server.log.preallocated.size = 16384 (custom)
2019-07-10 03:51:52,291 INFO  server.RaftServerConfigKeys (ConfUtils.java:logGet(43)) - raft.server.log.queue.byte-limit = 2147483647 (custom)
2019-07-10 03:51:52,292 INFO  server.RaftServerConfigKeys (ConfUtils.java:logGet(43)) - raft.server.log.write.buffer.size = 33554432 (custom)
2019-07-10 03:51:52,292 INFO  server.RaftServerConfigKeys (ConfUtils.java:logGet(43)) - raft.server.log.statemachine.data.sync = true (default)
2019-07-10 03:51:52,293 INFO  server.RaftServerConfigKeys (ConfUtils.java:logGet(43)) - raft.server.log.force.sync.num = 128 (default)
2019-07-10 03:51:52,293 INFO  server.RaftServerConfigKeys (ConfUtils.java:logGet(43)) - raft.server.log.queue.element-limit = 1024 (custom)
2019-07-10 03:51:52,293 INFO  server.RaftServerConfigKeys (ConfUtils.java:logGet(43)) - raft.server.log.statemachine.data.sync = true (default)
2019-07-10 03:51:52,293 INFO  server.RaftServerConfigKeys (ConfUtils.java:logGet(43)) - raft.server.log.statemachine.data.sync.timeout = 10s (default)
2019-07-10 03:51:52,293 INFO  server.RaftServerConfigKeys (ConfUtils.java:logGet(43)) - raft.server.log.statemachine.data.sync.timeout = 10s (default)
2019-07-10 03:51:52,293 INFO  server.RaftServerConfigKeys (ConfUtils.java:logGet(43)) - raft.server.log.segment.size.max = 1048576 (custom)
2019-07-10 03:51:52,294 INFO  server.RaftServerConfigKeys (ConfUtils.java:logGet(43)) - raft.server.log.statemachine.data.sync.timeout.retry = -1 (default)
2019-07-10 03:51:52,293 INFO  server.RaftServerConfigKeys (ConfUtils.java:logGet(43)) - raft.server.log.statemachine.data.sync.timeout.retry = -1 (default)
2019-07-10 03:51:52,294 INFO  server.RaftServerConfigKeys (ConfUtils.java:logGet(43)) - raft.server.log.statemachine.data.caching.enabled = true (custom)
2019-07-10 03:51:52,294 INFO  server.RaftServerConfigKeys (ConfUtils.java:logGet(43)) - raft.server.log.preallocated.size = 16384 (custom)
2019-07-10 03:51:52,294 INFO  server.RaftServerConfigKeys (ConfUtils.java:logGet(43)) - raft.server.log.statemachine.data.caching.enabled = true (custom)
2019-07-10 03:51:52,295 INFO  segmented.SegmentedRaftLogWorker (SegmentedRaftLogWorker.java:lambda$new$0(132)) - f46df106-fd9d-40d3-9183-f5de1fc434d0-SegmentedRaftLogWorker:Storage Directory /tmp/workdir/hadoop-ozone/tools/target/test-dir/MiniOzoneClusterImpl-3e16044d-9406-4d08-9841-a7f55fc7a0d4/datanode-2/data/ratis/9f3d0938-825e-41d7-b9fc-c2d46286af74: flushIndex: setUnconditionally 0 -> -1
2019-07-10 03:51:52,294 INFO  server.RaftServerConfigKeys (ConfUtils.java:logGet(43)) - raft.server.log.write.buffer.size = 33554432 (custom)
2019-07-10 03:51:52,295 INFO  segmented.SegmentedRaftLogWorker (SegmentedRaftLogWorker.java:lambda$new$0(132)) - adca7021-bfae-4793-8b13-7a318476acc4-SegmentedRaftLogWorker:Storage Directory /tmp/workdir/hadoop-ozone/tools/target/test-dir/MiniOzoneClusterImpl-3e16044d-9406-4d08-9841-a7f55fc7a0d4/datanode-0/data/ratis/9f3d0938-825e-41d7-b9fc-c2d46286af74: flushIndex: setUnconditionally 0 -> -1
2019-07-10 03:51:52,295 INFO  server.RaftServerConfigKeys (ConfUtils.java:logGet(43)) - raft.server.snapshot.auto.trigger.enabled = true (custom)
2019-07-10 03:51:52,295 INFO  server.RaftServerConfigKeys (ConfUtils.java:logGet(43)) - raft.server.log.force.sync.num = 128 (default)
2019-07-10 03:51:52,295 INFO  server.RaftServerConfigKeys (ConfUtils.java:logGet(43)) - raft.server.snapshot.auto.trigger.enabled = true (custom)
2019-07-10 03:51:52,295 INFO  server.RaftServerConfigKeys (ConfUtils.java:logGet(43)) - raft.server.snapshot.auto.trigger.threshold = 10000 (custom)
2019-07-10 03:51:52,296 INFO  server.RaftServerConfigKeys (ConfUtils.java:logGet(43)) - raft.server.snapshot.auto.trigger.threshold = 10000 (custom)
2019-07-10 03:51:52,296 INFO  server.RaftServerConfigKeys (ConfUtils.java:logGet(43)) - raft.server.retrycache.expirytime = 600000ms (custom)
2019-07-10 03:51:52,295 INFO  server.RaftServerConfigKeys (ConfUtils.java:logGet(43)) - raft.server.log.statemachine.data.sync = true (default)
2019-07-10 03:51:52,296 INFO  impl.RaftServerImpl (RaftServerImpl.java:start(180)) - f46df106-fd9d-40d3-9183-f5de1fc434d0: start group-C2D46286AF74
2019-07-10 03:51:52,296 INFO  server.RaftServerConfigKeys (ConfUtils.java:logGet(43)) - raft.server.retrycache.expirytime = 600000ms (custom)
2019-07-10 03:51:52,296 INFO  impl.RaftServerImpl (RaftServerImpl.java:setRole(171)) - f46df106-fd9d-40d3-9183-f5de1fc434d0:group-C2D46286AF74 changes role from null to FOLLOWER at term 0 for startAsFollower
2019-07-10 03:51:52,296 INFO  server.RaftServerConfigKeys (ConfUtils.java:logGet(43)) - raft.server.log.statemachine.data.sync.timeout = 10s (default)
2019-07-10 03:51:52,297 INFO  impl.RoleInfo (RoleInfo.java:updateAndGet(143)) - f46df106-fd9d-40d3-9183-f5de1fc434d0: start FollowerState
2019-07-10 03:51:52,297 INFO  impl.RaftServerImpl (RaftServerImpl.java:start(180)) - adca7021-bfae-4793-8b13-7a318476acc4: start group-C2D46286AF74
2019-07-10 03:51:52,297 INFO  server.RaftServerConfigKeys (ConfUtils.java:logGet(43)) - raft.server.log.statemachine.data.sync.timeout.retry = -1 (default)
2019-07-10 03:51:52,298 INFO  impl.RaftServerImpl (RaftServerImpl.java:setRole(171)) - adca7021-bfae-4793-8b13-7a318476acc4:group-C2D46286AF74 changes role from null to FOLLOWER at term 0 for startAsFollower
2019-07-10 03:51:52,298 INFO  util.JmxRegister (JmxRegister.java:tryRegister(44)) - Successfully registered JMX Bean with object name Ratis:service=RaftServer,group=group-C2D46286AF74,id=f46df106-fd9d-40d3-9183-f5de1fc434d0
2019-07-10 03:51:52,298 INFO  server.RaftServerConfigKeys (ConfUtils.java:logGet(43)) - raft.server.log.statemachine.data.caching.enabled = true (custom)
2019-07-10 03:51:52,298 INFO  impl.RoleInfo (RoleInfo.java:updateAndGet(143)) - adca7021-bfae-4793-8b13-7a318476acc4: start FollowerState
2019-07-10 03:51:52,298 INFO  segmented.SegmentedRaftLogWorker (SegmentedRaftLogWorker.java:lambda$new$0(132)) - 324b8a40-8ac4-4113-9c5b-67bfc0793797-SegmentedRaftLogWorker:Storage Directory /tmp/workdir/hadoop-ozone/tools/target/test-dir/MiniOzoneClusterImpl-3e16044d-9406-4d08-9841-a7f55fc7a0d4/datanode-1/data/ratis/9f3d0938-825e-41d7-b9fc-c2d46286af74: flushIndex: setUnconditionally 0 -> -1
2019-07-10 03:51:52,299 INFO  util.JmxRegister (JmxRegister.java:tryRegister(44)) - Successfully registered JMX Bean with object name Ratis:service=RaftServer,group=group-C2D46286AF74,id=adca7021-bfae-4793-8b13-7a318476acc4
2019-07-10 03:51:52,299 INFO  server.RaftServerConfigKeys (ConfUtils.java:logGet(43)) - raft.server.snapshot.auto.trigger.enabled = true (custom)
2019-07-10 03:51:52,299 INFO  server.RaftServerConfigKeys (ConfUtils.java:logGet(43)) - raft.server.snapshot.auto.trigger.threshold = 10000 (custom)
2019-07-10 03:51:52,299 INFO  server.RaftServerConfigKeys (ConfUtils.java:logGet(43)) - raft.server.retrycache.expirytime = 600000ms (custom)
2019-07-10 03:51:52,299 INFO  impl.RaftServerImpl (RaftServerImpl.java:start(180)) - 324b8a40-8ac4-4113-9c5b-67bfc0793797: start group-C2D46286AF74
2019-07-10 03:51:52,300 INFO  impl.RaftServerImpl (RaftServerImpl.java:setRole(171)) - 324b8a40-8ac4-4113-9c5b-67bfc0793797:group-C2D46286AF74 changes role from null to FOLLOWER at term 0 for startAsFollower
2019-07-10 03:51:52,300 INFO  impl.RoleInfo (RoleInfo.java:updateAndGet(143)) - 324b8a40-8ac4-4113-9c5b-67bfc0793797: start FollowerState
2019-07-10 03:51:52,302 INFO  util.JmxRegister (JmxRegister.java:tryRegister(44)) - Successfully registered JMX Bean with object name Ratis:service=RaftServer,group=group-C2D46286AF74,id=324b8a40-8ac4-4113-9c5b-67bfc0793797
2019-07-10 03:51:52,308 INFO  pipeline.PipelineStateManager (PipelineStateManager.java:addPipeline(56)) - Created pipeline Pipeline[ Id: 9f3d0938-825e-41d7-b9fc-c2d46286af74, Nodes: adca7021-bfae-4793-8b13-7a318476acc4{ip: 192.168.5.188, host: hdds1735-gd5hf-3123663959, networkLocation: /default-rack, certSerialId: null}324b8a40-8ac4-4113-9c5b-67bfc0793797{ip: 192.168.5.188, host: hdds1735-gd5hf-3123663959, networkLocation: /default-rack, certSerialId: null}f46df106-fd9d-40d3-9183-f5de1fc434d0{ip: 192.168.5.188, host: hdds1735-gd5hf-3123663959, networkLocation: /default-rack, certSerialId: null}, Type:RATIS, Factor:THREE, State:OPEN]
2019-07-10 03:51:52,385 INFO  freon.RandomKeyGenerator (RandomKeyGenerator.java:call(262)) - Number of Threads: 10
2019-07-10 03:51:52,385 INFO  freon.RandomKeyGenerator (RandomKeyGenerator.java:call(267)) - Number of Volumes: 1.
2019-07-10 03:51:52,385 INFO  freon.RandomKeyGenerator (RandomKeyGenerator.java:call(268)) - Number of Buckets per Volume: 1.
2019-07-10 03:51:52,385 INFO  freon.RandomKeyGenerator (RandomKeyGenerator.java:call(269)) - Number of Keys per Bucket: 1.
2019-07-10 03:51:52,385 INFO  freon.RandomKeyGenerator (RandomKeyGenerator.java:call(270)) - Key size: 20971520 bytes
2019-07-10 03:51:52,386 INFO  freon.RandomKeyGenerator (RandomKeyGenerator.java:call(271)) - Buffer size: 4096 bytes
2019-07-10 03:51:52,386 INFO  freon.RandomKeyGenerator (RandomKeyGenerator.java:call(286)) - Data validation is enabled.
2019-07-10 03:51:52,386 INFO  freon.RandomKeyGenerator (RandomKeyGenerator.java:call(299)) - Starting progress bar Thread.

 0.00% |█                                                                                                    |  0/1 Time: 0:00:002019-07-10 03:51:52,387 INFO  rpc.RpcClient (RpcClient.java:createVolume(289)) - Creating Volume: vol-0-92041, with jenkins1000 as owner.
2019-07-10 03:51:52,397 INFO  rpc.RpcClient (RpcClient.java:createBucket(426)) - Creating Bucket: vol-0-92041/bucket-0-45207, with Versioning false and Storage Type set to DISK and Encryption set to false 
2019-07-10 03:51:52,434 INFO  client.GrpcClientProtocolClient (GrpcClientProtocolClient.java:onNext(255)) - client-DEE7384D64F2->adca7021-bfae-4793-8b13-7a318476acc4: receive RaftClientReply:client-DEE7384D64F2->adca7021-bfae-4793-8b13-7a318476acc4@group-C2D46286AF74, cid=58, FAILED org.apache.ratis.protocol.NotLeaderException: Server adca7021-bfae-4793-8b13-7a318476acc4 is not the leader (null). Request must be sent to leader., logIndex=0, commits[adca7021-bfae-4793-8b13-7a318476acc4:c-1]
2019-07-10 03:51:53,321 INFO  impl.FollowerState (FollowerState.java:run(106)) - f46df106-fd9d-40d3-9183-f5de1fc434d0:group-C2D46286AF74 changes to CANDIDATE, lastRpcTime:1023, electionTimeout:1023ms
2019-07-10 03:51:53,321 INFO  impl.RoleInfo (RoleInfo.java:shutdownFollowerState(121)) - f46df106-fd9d-40d3-9183-f5de1fc434d0: shutdown FollowerState
2019-07-10 03:51:53,321 INFO  impl.RaftServerImpl (RaftServerImpl.java:setRole(171)) - f46df106-fd9d-40d3-9183-f5de1fc434d0:group-C2D46286AF74 changes role from FOLLOWER to CANDIDATE at term 0 for changeToCandidate
2019-07-10 03:51:53,322 INFO  impl.RoleInfo (RoleInfo.java:updateAndGet(143)) - f46df106-fd9d-40d3-9183-f5de1fc434d0: start LeaderElection
2019-07-10 03:51:53,328 INFO  impl.FollowerState (FollowerState.java:run(106)) - adca7021-bfae-4793-8b13-7a318476acc4:group-C2D46286AF74 changes to CANDIDATE, lastRpcTime:1029, electionTimeout:1029ms
2019-07-10 03:51:53,328 INFO  impl.RoleInfo (RoleInfo.java:shutdownFollowerState(121)) - adca7021-bfae-4793-8b13-7a318476acc4: shutdown FollowerState
2019-07-10 03:51:53,328 INFO  impl.RaftServerImpl (RaftServerImpl.java:setRole(171)) - adca7021-bfae-4793-8b13-7a318476acc4:group-C2D46286AF74 changes role from FOLLOWER to CANDIDATE at term 0 for changeToCandidate
2019-07-10 03:51:53,328 INFO  impl.RoleInfo (RoleInfo.java:updateAndGet(143)) - adca7021-bfae-4793-8b13-7a318476acc4: start LeaderElection
2019-07-10 03:51:53,333 INFO  impl.LeaderElection (LeaderElection.java:askForVotes(181)) - f46df106-fd9d-40d3-9183-f5de1fc434d0:group-C2D46286AF74:LeaderElection5: begin an election at term 1 for -1: [f46df106-fd9d-40d3-9183-f5de1fc434d0:192.168.5.188:42607, adca7021-bfae-4793-8b13-7a318476acc4:192.168.5.188:32902, 324b8a40-8ac4-4113-9c5b-67bfc0793797:192.168.5.188:37164], old=null
2019-07-10 03:51:53,341 INFO  impl.LeaderElection (LeaderElection.java:askForVotes(181)) - adca7021-bfae-4793-8b13-7a318476acc4:group-C2D46286AF74:LeaderElection6: begin an election at term 1 for -1: [f46df106-fd9d-40d3-9183-f5de1fc434d0:192.168.5.188:42607, adca7021-bfae-4793-8b13-7a318476acc4:192.168.5.188:32902, 324b8a40-8ac4-4113-9c5b-67bfc0793797:192.168.5.188:37164], old=null
2019-07-10 03:51:53,352 INFO  impl.RaftServerImpl (RaftServerImpl.java:setRole(171)) - 324b8a40-8ac4-4113-9c5b-67bfc0793797:group-C2D46286AF74 changes role from FOLLOWER to FOLLOWER at term 1 for recognizeCandidate:f46df106-fd9d-40d3-9183-f5de1fc434d0
2019-07-10 03:51:53,354 INFO  impl.RoleInfo (RoleInfo.java:shutdownFollowerState(121)) - 324b8a40-8ac4-4113-9c5b-67bfc0793797: shutdown FollowerState
2019-07-10 03:51:53,354 INFO  impl.RoleInfo (RoleInfo.java:updateAndGet(143)) - 324b8a40-8ac4-4113-9c5b-67bfc0793797: start FollowerState
2019-07-10 03:51:53,354 INFO  impl.FollowerState (FollowerState.java:run(114)) - 324b8a40-8ac4-4113-9c5b-67bfc0793797: FollowerState was interrupted: java.lang.InterruptedException: sleep interrupted
2019-07-10 03:51:53,367 INFO  impl.LeaderElection (LeaderElection.java:logAndReturn(56)) - f46df106-fd9d-40d3-9183-f5de1fc434d0:group-C2D46286AF74:LeaderElection5: Election PASSED; received 2 response(s) [f46df106-fd9d-40d3-9183-f5de1fc434d0<-adca7021-bfae-4793-8b13-7a318476acc4#0:FAIL-t1, f46df106-fd9d-40d3-9183-f5de1fc434d0<-324b8a40-8ac4-4113-9c5b-67bfc0793797#0:OK-t1] and 0 exception(s); f46df106-fd9d-40d3-9183-f5de1fc434d0:t1, leader=null, voted=f46df106-fd9d-40d3-9183-f5de1fc434d0, raftlog=f46df106-fd9d-40d3-9183-f5de1fc434d0-SegmentedRaftLog:OPENED:c-1,f-1,i0, conf=-1: [f46df106-fd9d-40d3-9183-f5de1fc434d0:192.168.5.188:42607, adca7021-bfae-4793-8b13-7a318476acc4:192.168.5.188:32902, 324b8a40-8ac4-4113-9c5b-67bfc0793797:192.168.5.188:37164], old=null
2019-07-10 03:51:53,368 INFO  impl.RoleInfo (RoleInfo.java:shutdownLeaderElection(134)) - f46df106-fd9d-40d3-9183-f5de1fc434d0: shutdown LeaderElection
2019-07-10 03:51:53,368 INFO  impl.LeaderElection (LeaderElection.java:logAndReturn(56)) - adca7021-bfae-4793-8b13-7a318476acc4:group-C2D46286AF74:LeaderElection6: Election REJECTED; received 2 response(s) [adca7021-bfae-4793-8b13-7a318476acc4<-f46df106-fd9d-40d3-9183-f5de1fc434d0#0:FAIL-t1, adca7021-bfae-4793-8b13-7a318476acc4<-324b8a40-8ac4-4113-9c5b-67bfc0793797#0:FAIL-t1] and 0 exception(s); adca7021-bfae-4793-8b13-7a318476acc4:t1, leader=null, voted=adca7021-bfae-4793-8b13-7a318476acc4, raftlog=adca7021-bfae-4793-8b13-7a318476acc4-SegmentedRaftLog:OPENED:c-1,f-1,i0, conf=-1: [f46df106-fd9d-40d3-9183-f5de1fc434d0:192.168.5.188:42607, adca7021-bfae-4793-8b13-7a318476acc4:192.168.5.188:32902, 324b8a40-8ac4-4113-9c5b-67bfc0793797:192.168.5.188:37164], old=null
2019-07-10 03:51:53,369 INFO  impl.RaftServerImpl (RaftServerImpl.java:setRole(171)) - f46df106-fd9d-40d3-9183-f5de1fc434d0:group-C2D46286AF74 changes role from CANDIDATE to LEADER at term 1 for changeToLeader
2019-07-10 03:51:53,369 INFO  impl.RaftServerImpl (RaftServerImpl.java:setRole(171)) - adca7021-bfae-4793-8b13-7a318476acc4:group-C2D46286AF74 changes role from CANDIDATE to FOLLOWER at term 1 for DISCOVERED_A_NEW_TERM
2019-07-10 03:51:53,371 INFO  impl.RaftServerImpl (ServerState.java:setLeader(263)) - f46df106-fd9d-40d3-9183-f5de1fc434d0:group-C2D46286AF74 change Leader from null to f46df106-fd9d-40d3-9183-f5de1fc434d0 at term 1 for becomeLeader, leader elected after 1084ms
2019-07-10 03:51:53,372 INFO  impl.RoleInfo (RoleInfo.java:shutdownLeaderElection(134)) - adca7021-bfae-4793-8b13-7a318476acc4: shutdown LeaderElection
2019-07-10 03:51:53,372 INFO  server.RaftServerConfigKeys (ConfUtils.java:logGet(43)) - raft.server.staging.catchup.gap = 1000 (default)
2019-07-10 03:51:53,372 INFO  impl.RoleInfo (RoleInfo.java:updateAndGet(143)) - adca7021-bfae-4793-8b13-7a318476acc4: start FollowerState
2019-07-10 03:51:53,373 INFO  server.RaftServerConfigKeys (ConfUtils.java:logGet(43)) - raft.server.rpc.sleep.time = 25ms (default)
2019-07-10 03:51:53,374 INFO  server.RaftServerConfigKeys (ConfUtils.java:logGet(43)) - raft.server.write.element-limit = 4096 (default)
2019-07-10 03:51:53,374 INFO  server.RaftServerConfigKeys (ConfUtils.java:logGet(43)) - raft.server.watch.timeout = 10s (default)
2019-07-10 03:51:53,374 INFO  server.RaftServerConfigKeys (ConfUtils.java:logGet(43)) - raft.server.watch.timeout.denomination = 1s (default)
2019-07-10 03:51:53,375 INFO  server.RaftServerConfigKeys (ConfUtils.java:logGet(43)) - raft.server.watch.element-limit = 65536 (default)
2019-07-10 03:51:53,375 INFO  server.RaftServerConfigKeys (ConfUtils.java:logGet(43)) - raft.server.log.appender.snapshot.chunk.size.max = 16MB (=16777216) (default)
2019-07-10 03:51:53,375 INFO  server.RaftServerConfigKeys (ConfUtils.java:logGet(43)) - raft.server.log.appender.buffer.byte-limit = 33554432 (custom)
2019-07-10 03:51:53,376 INFO  server.RaftServerConfigKeys (ConfUtils.java:logGet(43)) - raft.server.log.appender.buffer.element-limit = 1 (custom)
2019-07-10 03:51:53,376 INFO  grpc.GrpcConfigKeys$Server (ConfUtils.java:logGet(43)) - raft.grpc.server.leader.outstanding.appends.max = 128 (default)
2019-07-10 03:51:53,376 INFO  server.RaftServerConfigKeys (ConfUtils.java:logGet(43)) - raft.server.rpc.request.timeout = 3000ms (default)
2019-07-10 03:51:53,377 INFO  server.RaftServerConfigKeys (ConfUtils.java:logGet(43)) - raft.server.log.appender.install.snapshot.enabled = false (custom)
2019-07-10 03:51:53,377 INFO  server.RaftServerConfigKeys (ConfUtils.java:logGet(43)) - raft.server.log.appender.snapshot.chunk.size.max = 16MB (=16777216) (default)
2019-07-10 03:51:53,377 INFO  server.RaftServerConfigKeys (ConfUtils.java:logGet(43)) - raft.server.log.appender.buffer.byte-limit = 33554432 (custom)
2019-07-10 03:51:53,377 INFO  server.RaftServerConfigKeys (ConfUtils.java:logGet(43)) - raft.server.log.appender.buffer.element-limit = 1 (custom)
2019-07-10 03:51:53,377 INFO  grpc.GrpcConfigKeys$Server (ConfUtils.java:logGet(43)) - raft.grpc.server.leader.outstanding.appends.max = 128 (default)
2019-07-10 03:51:53,378 INFO  server.RaftServerConfigKeys (ConfUtils.java:logGet(43)) - raft.server.rpc.request.timeout = 3000ms (default)
2019-07-10 03:51:53,378 INFO  server.RaftServerConfigKeys (ConfUtils.java:logGet(43)) - raft.server.log.appender.install.snapshot.enabled = false (custom)
2019-07-10 03:51:53,378 INFO  impl.RoleInfo (RoleInfo.java:updateAndGet(143)) - f46df106-fd9d-40d3-9183-f5de1fc434d0: start LeaderState
2019-07-10 03:51:53,379 INFO  segmented.SegmentedRaftLogWorker (SegmentedRaftLogWorker.java:startLogSegment(380)) - f46df106-fd9d-40d3-9183-f5de1fc434d0-SegmentedRaftLogWorker:Storage Directory /tmp/workdir/hadoop-ozone/tools/target/test-dir/MiniOzoneClusterImpl-3e16044d-9406-4d08-9841-a7f55fc7a0d4/datanode-2/data/ratis/9f3d0938-825e-41d7-b9fc-c2d46286af74: Starting segment from index:0
2019-07-10 03:51:53,380 INFO  impl.RaftServerImpl (ServerState.java:setRaftConf(361)) - f46df106-fd9d-40d3-9183-f5de1fc434d0:group-C2D46286AF74 set configuration 0: [f46df106-fd9d-40d3-9183-f5de1fc434d0:192.168.5.188:42607, adca7021-bfae-4793-8b13-7a318476acc4:192.168.5.188:32902, 324b8a40-8ac4-4113-9c5b-67bfc0793797:192.168.5.188:37164], old=null at 0
 0.00% |█                                                                                                    |  0/1 Time: 0:00:012019-07-10 03:51:53,398 INFO  impl.RaftServerImpl (ServerState.java:setLeader(263)) - 324b8a40-8ac4-4113-9c5b-67bfc0793797:group-C2D46286AF74 change Leader from null to f46df106-fd9d-40d3-9183-f5de1fc434d0 at term 1 for appendEntries, leader elected after 1113ms
2019-07-10 03:51:53,399 INFO  impl.RaftServerImpl (ServerState.java:setLeader(263)) - adca7021-bfae-4793-8b13-7a318476acc4:group-C2D46286AF74 change Leader from null to f46df106-fd9d-40d3-9183-f5de1fc434d0 at term 1 for appendEntries, leader elected after 1113ms
2019-07-10 03:51:53,401 INFO  impl.RaftServerImpl (ServerState.java:setRaftConf(361)) - 324b8a40-8ac4-4113-9c5b-67bfc0793797:group-C2D46286AF74 set configuration 0: [f46df106-fd9d-40d3-9183-f5de1fc434d0:192.168.5.188:42607, adca7021-bfae-4793-8b13-7a318476acc4:192.168.5.188:32902, 324b8a40-8ac4-4113-9c5b-67bfc0793797:192.168.5.188:37164], old=null at 0
2019-07-10 03:51:53,401 INFO  impl.RaftServerImpl (ServerState.java:setRaftConf(361)) - adca7021-bfae-4793-8b13-7a318476acc4:group-C2D46286AF74 set configuration 0: [f46df106-fd9d-40d3-9183-f5de1fc434d0:192.168.5.188:42607, adca7021-bfae-4793-8b13-7a318476acc4:192.168.5.188:32902, 324b8a40-8ac4-4113-9c5b-67bfc0793797:192.168.5.188:37164], old=null at 0
2019-07-10 03:51:53,402 INFO  segmented.SegmentedRaftLogWorker (SegmentedRaftLogWorker.java:startLogSegment(380)) - 324b8a40-8ac4-4113-9c5b-67bfc0793797-SegmentedRaftLogWorker:Storage Directory /tmp/workdir/hadoop-ozone/tools/target/test-dir/MiniOzoneClusterImpl-3e16044d-9406-4d08-9841-a7f55fc7a0d4/datanode-1/data/ratis/9f3d0938-825e-41d7-b9fc-c2d46286af74: Starting segment from index:0
2019-07-10 03:51:53,402 INFO  segmented.SegmentedRaftLogWorker (SegmentedRaftLogWorker.java:startLogSegment(380)) - adca7021-bfae-4793-8b13-7a318476acc4-SegmentedRaftLogWorker:Storage Directory /tmp/workdir/hadoop-ozone/tools/target/test-dir/MiniOzoneClusterImpl-3e16044d-9406-4d08-9841-a7f55fc7a0d4/datanode-0/data/ratis/9f3d0938-825e-41d7-b9fc-c2d46286af74: Starting segment from index:0
2019-07-10 03:51:53,403 INFO  segmented.SegmentedRaftLogWorker (SegmentedRaftLogWorker.java:execute(569)) - f46df106-fd9d-40d3-9183-f5de1fc434d0-SegmentedRaftLogWorker:Storage Directory /tmp/workdir/hadoop-ozone/tools/target/test-dir/MiniOzoneClusterImpl-3e16044d-9406-4d08-9841-a7f55fc7a0d4/datanode-2/data/ratis/9f3d0938-825e-41d7-b9fc-c2d46286af74: created new log segment /tmp/workdir/hadoop-ozone/tools/target/test-dir/MiniOzoneClusterImpl-3e16044d-9406-4d08-9841-a7f55fc7a0d4/datanode-2/data/ratis/9f3d0938-825e-41d7-b9fc-c2d46286af74/current/log_inprogress_0
2019-07-10 03:51:53,422 INFO  segmented.SegmentedRaftLogWorker (SegmentedRaftLogWorker.java:execute(569)) - 324b8a40-8ac4-4113-9c5b-67bfc0793797-SegmentedRaftLogWorker:Storage Directory /tmp/workdir/hadoop-ozone/tools/target/test-dir/MiniOzoneClusterImpl-3e16044d-9406-4d08-9841-a7f55fc7a0d4/datanode-1/data/ratis/9f3d0938-825e-41d7-b9fc-c2d46286af74: created new log segment /tmp/workdir/hadoop-ozone/tools/target/test-dir/MiniOzoneClusterImpl-3e16044d-9406-4d08-9841-a7f55fc7a0d4/datanode-1/data/ratis/9f3d0938-825e-41d7-b9fc-c2d46286af74/current/log_inprogress_0
2019-07-10 03:51:53,422 INFO  segmented.SegmentedRaftLogWorker (SegmentedRaftLogWorker.java:execute(569)) - adca7021-bfae-4793-8b13-7a318476acc4-SegmentedRaftLogWorker:Storage Directory /tmp/workdir/hadoop-ozone/tools/target/test-dir/MiniOzoneClusterImpl-3e16044d-9406-4d08-9841-a7f55fc7a0d4/datanode-0/data/ratis/9f3d0938-825e-41d7-b9fc-c2d46286af74: created new log segment /tmp/workdir/hadoop-ozone/tools/target/test-dir/MiniOzoneClusterImpl-3e16044d-9406-4d08-9841-a7f55fc7a0d4/datanode-0/data/ratis/9f3d0938-825e-41d7-b9fc-c2d46286af74/current/log_inprogress_0
2019-07-10 03:51:53,455 INFO  client.GrpcClientProtocolClient (GrpcClientProtocolClient.java:onNext(255)) - client-DEE7384D64F2->324b8a40-8ac4-4113-9c5b-67bfc0793797: receive RaftClientReply:client-DEE7384D64F2->324b8a40-8ac4-4113-9c5b-67bfc0793797@group-C2D46286AF74, cid=58, FAILED org.apache.ratis.protocol.NotLeaderException: Server 324b8a40-8ac4-4113-9c5b-67bfc0793797 is not the leader (f46df106-fd9d-40d3-9183-f5de1fc434d0:192.168.5.188:42607). Request must be sent to leader., logIndex=0, commits[324b8a40-8ac4-4113-9c5b-67bfc0793797:c-1, f46df106-fd9d-40d3-9183-f5de1fc434d0:c-1, adca7021-bfae-4793-8b13-7a318476acc4:c-1]
2019-07-10 03:51:53,591 INFO  client.GrpcClientProtocolClient (GrpcClientProtocolClient.java:onNext(255)) - client-DEE7384D64F2->f46df106-fd9d-40d3-9183-f5de1fc434d0: receive RaftClientReply:client-DEE7384D64F2->f46df106-fd9d-40d3-9183-f5de1fc434d0@group-C2D46286AF74, cid=58, SUCCESS, logIndex=1, commits[f46df106-fd9d-40d3-9183-f5de1fc434d0:c1, adca7021-bfae-4793-8b13-7a318476acc4:c0, 324b8a40-8ac4-4113-9c5b-67bfc0793797:c-1]
2019-07-10 03:51:53,632 INFO  client.GrpcClientProtocolClient (GrpcClientProtocolClient.java:onNext(255)) - client-DEE7384D64F2->f46df106-fd9d-40d3-9183-f5de1fc434d0: receive RaftClientReply:client-DEE7384D64F2->f46df106-fd9d-40d3-9183-f5de1fc434d0@group-C2D46286AF74, cid=59, SUCCESS, logIndex=3, commits[f46df106-fd9d-40d3-9183-f5de1fc434d0:c8, adca7021-bfae-4793-8b13-7a318476acc4:c6, 324b8a40-8ac4-4113-9c5b-67bfc0793797:c6]
2019-07-10 03:51:53,634 INFO  client.GrpcClientProtocolClient (GrpcClientProtocolClient.java:onNext(255)) - client-DEE7384D64F2->f46df106-fd9d-40d3-9183-f5de1fc434d0: receive RaftClientReply:client-DEE7384D64F2->f46df106-fd9d-40d3-9183-f5de1fc434d0@group-C2D46286AF74, cid=60, SUCCESS, logIndex=4, commits[f46df106-fd9d-40d3-9183-f5de1fc434d0:c8, adca7021-bfae-4793-8b13-7a318476acc4:c6, 324b8a40-8ac4-4113-9c5b-67bfc0793797:c6]
2019-07-10 03:51:53,667 INFO  client.GrpcClientProtocolClient (GrpcClientProtocolClient.java:onNext(255)) - client-DEE7384D64F2->f46df106-fd9d-40d3-9183-f5de1fc434d0: receive RaftClientReply:client-DEE7384D64F2->f46df106-fd9d-40d3-9183-f5de1fc434d0@group-C2D46286AF74, cid=61, SUCCESS, logIndex=6, commits[f46df106-fd9d-40d3-9183-f5de1fc434d0:c8, adca7021-bfae-4793-8b13-7a318476acc4:c6, 324b8a40-8ac4-4113-9c5b-67bfc0793797:c6]
2019-07-10 03:51:53,690 INFO  client.GrpcClientProtocolClient (GrpcClientProtocolClient.java:onNext(255)) - client-DEE7384D64F2->f46df106-fd9d-40d3-9183-f5de1fc434d0: receive RaftClientReply:client-DEE7384D64F2->f46df106-fd9d-40d3-9183-f5de1fc434d0@group-C2D46286AF74, cid=62, SUCCESS, logIndex=9, commits[f46df106-fd9d-40d3-9183-f5de1fc434d0:c9, adca7021-bfae-4793-8b13-7a318476acc4:c8, 324b8a40-8ac4-4113-9c5b-67bfc0793797:c6]
2019-07-10 03:51:53,692 INFO  client.GrpcClientProtocolClient (GrpcClientProtocolClient.java:onNext(255)) - client-DEE7384D64F2->f46df106-fd9d-40d3-9183-f5de1fc434d0: receive RaftClientReply:client-DEE7384D64F2->f46df106-fd9d-40d3-9183-f5de1fc434d0@group-C2D46286AF74, cid=63, SUCCESS, logIndex=10, commits[f46df106-fd9d-40d3-9183-f5de1fc434d0:c10, adca7021-bfae-4793-8b13-7a318476acc4:c8, 324b8a40-8ac4-4113-9c5b-67bfc0793797:c6]
2019-07-10 03:51:53,699 INFO  client.GrpcClientProtocolClient (GrpcClientProtocolClient.java:onNext(255)) - client-DEE7384D64F2->f46df106-fd9d-40d3-9183-f5de1fc434d0: receive RaftClientReply:client-DEE7384D64F2->f46df106-fd9d-40d3-9183-f5de1fc434d0@group-C2D46286AF74, cid=64, SUCCESS, logIndex=11, commits[f46df106-fd9d-40d3-9183-f5de1fc434d0:c13, adca7021-bfae-4793-8b13-7a318476acc4:c10, 324b8a40-8ac4-4113-9c5b-67bfc0793797:c8]
2019-07-10 03:51:53,700 INFO  client.GrpcClientProtocolClient (GrpcClientProtocolClient.java:onNext(255)) - client-DEE7384D64F2->f46df106-fd9d-40d3-9183-f5de1fc434d0: receive RaftClientReply:client-DEE7384D64F2->f46df106-fd9d-40d3-9183-f5de1fc434d0@group-C2D46286AF74, cid=65, SUCCESS, logIndex=12, commits[f46df106-fd9d-40d3-9183-f5de1fc434d0:c14, adca7021-bfae-4793-8b13-7a318476acc4:c10, 324b8a40-8ac4-4113-9c5b-67bfc0793797:c8]
2019-07-10 03:51:53,704 INFO  client.GrpcClientProtocolClient (GrpcClientProtocolClient.java:onNext(255)) - client-DEE7384D64F2->f46df106-fd9d-40d3-9183-f5de1fc434d0: receive RaftClientReply:client-DEE7384D64F2->f46df106-fd9d-40d3-9183-f5de1fc434d0@group-C2D46286AF74, cid=66, SUCCESS, logIndex=0, commits[f46df106-fd9d-40d3-9183-f5de1fc434d0:c16, adca7021-bfae-4793-8b13-7a318476acc4:c13, 324b8a40-8ac4-4113-9c5b-67bfc0793797:c13]
2019-07-10 03:51:53,707 INFO  client.GrpcClientProtocolClient (GrpcClientProtocolClient.java:onNext(255)) - client-DEE7384D64F2->f46df106-fd9d-40d3-9183-f5de1fc434d0: receive RaftClientReply:client-DEE7384D64F2->f46df106-fd9d-40d3-9183-f5de1fc434d0@group-C2D46286AF74, cid=67, SUCCESS, logIndex=0, commits[f46df106-fd9d-40d3-9183-f5de1fc434d0:c16, adca7021-bfae-4793-8b13-7a318476acc4:c13, 324b8a40-8ac4-4113-9c5b-67bfc0793797:c13]
2019-07-10 03:51:53,776 INFO  client.GrpcClientProtocolClient (GrpcClientProtocolClient.java:onNext(255)) - client-DEE7384D64F2->f46df106-fd9d-40d3-9183-f5de1fc434d0: receive RaftClientReply:client-DEE7384D64F2->f46df106-fd9d-40d3-9183-f5de1fc434d0@group-C2D46286AF74, cid=68, SUCCESS, logIndex=17, commits[f46df106-fd9d-40d3-9183-f5de1fc434d0:c20, adca7021-bfae-4793-8b13-7a318476acc4:c16, 324b8a40-8ac4-4113-9c5b-67bfc0793797:c16]
2019-07-10 03:51:53,822 INFO  client.GrpcClientProtocolClient (GrpcClientProtocolClient.java:onNext(255)) - client-DEE7384D64F2->f46df106-fd9d-40d3-9183-f5de1fc434d0: receive RaftClientReply:client-DEE7384D64F2->f46df106-fd9d-40d3-9183-f5de1fc434d0@group-C2D46286AF74, cid=69, SUCCESS, logIndex=18, commits[f46df106-fd9d-40d3-9183-f5de1fc434d0:c23, adca7021-bfae-4793-8b13-7a318476acc4:c20, 324b8a40-8ac4-4113-9c5b-67bfc0793797:c20]
2019-07-10 03:51:53,823 INFO  client.GrpcClientProtocolClient (GrpcClientProtocolClient.java:onNext(255)) - client-DEE7384D64F2->f46df106-fd9d-40d3-9183-f5de1fc434d0: receive RaftClientReply:client-DEE7384D64F2->f46df106-fd9d-40d3-9183-f5de1fc434d0@group-C2D46286AF74, cid=70, SUCCESS, logIndex=19, commits[f46df106-fd9d-40d3-9183-f5de1fc434d0:c23, adca7021-bfae-4793-8b13-7a318476acc4:c20, 324b8a40-8ac4-4113-9c5b-67bfc0793797:c20]
2019-07-10 03:51:53,877 INFO  client.GrpcClientProtocolClient (GrpcClientProtocolClient.java:onNext(255)) - client-DEE7384D64F2->f46df106-fd9d-40d3-9183-f5de1fc434d0: receive RaftClientReply:client-DEE7384D64F2->f46df106-fd9d-40d3-9183-f5de1fc434d0@group-C2D46286AF74, cid=71, SUCCESS, logIndex=20, commits[f46df106-fd9d-40d3-9183-f5de1fc434d0:c23, adca7021-bfae-4793-8b13-7a318476acc4:c20, 324b8a40-8ac4-4113-9c5b-67bfc0793797:c20]
2019-07-10 03:51:54,040 INFO  client.GrpcClientProtocolClient (GrpcClientProtocolClient.java:onNext(255)) - client-DEE7384D64F2->f46df106-fd9d-40d3-9183-f5de1fc434d0: receive RaftClientReply:client-DEE7384D64F2->f46df106-fd9d-40d3-9183-f5de1fc434d0@group-C2D46286AF74, cid=72, SUCCESS, logIndex=24, commits[f46df106-fd9d-40d3-9183-f5de1fc434d0:c25, adca7021-bfae-4793-8b13-7a318476acc4:c23, 324b8a40-8ac4-4113-9c5b-67bfc0793797:c23]
2019-07-10 03:51:54,041 INFO  client.GrpcClientProtocolClient (GrpcClientProtocolClient.java:onNext(255)) - client-DEE7384D64F2->f46df106-fd9d-40d3-9183-f5de1fc434d0: receive RaftClientReply:client-DEE7384D64F2->f46df106-fd9d-40d3-9183-f5de1fc434d0@group-C2D46286AF74, cid=73, SUCCESS, logIndex=25, commits[f46df106-fd9d-40d3-9183-f5de1fc434d0:c25, adca7021-bfae-4793-8b13-7a318476acc4:c23, 324b8a40-8ac4-4113-9c5b-67bfc0793797:c23]
2019-07-10 03:51:54,051 INFO  client.GrpcClientProtocolClient (GrpcClientProtocolClient.java:onNext(255)) - client-DEE7384D64F2->f46df106-fd9d-40d3-9183-f5de1fc434d0: receive RaftClientReply:client-DEE7384D64F2->f46df106-fd9d-40d3-9183-f5de1fc434d0@group-C2D46286AF74, cid=74, SUCCESS, logIndex=26, commits[f46df106-fd9d-40d3-9183-f5de1fc434d0:c27, adca7021-bfae-4793-8b13-7a318476acc4:c23, 324b8a40-8ac4-4113-9c5b-67bfc0793797:c25]
2019-07-10 03:51:54,052 INFO  client.GrpcClientProtocolClient (GrpcClientProtocolClient.java:onNext(255)) - client-DEE7384D64F2->f46df106-fd9d-40d3-9183-f5de1fc434d0: receive RaftClientReply:client-DEE7384D64F2->f46df106-fd9d-40d3-9183-f5de1fc434d0@group-C2D46286AF74, cid=75, SUCCESS, logIndex=27, commits[f46df106-fd9d-40d3-9183-f5de1fc434d0:c29, adca7021-bfae-4793-8b13-7a318476acc4:c25, 324b8a40-8ac4-4113-9c5b-67bfc0793797:c25]
2019-07-10 03:51:54,054 INFO  client.GrpcClientProtocolClient (GrpcClientProtocolClient.java:onNext(255)) - client-DEE7384D64F2->f46df106-fd9d-40d3-9183-f5de1fc434d0: receive RaftClientReply:client-DEE7384D64F2->f46df106-fd9d-40d3-9183-f5de1fc434d0@group-C2D46286AF74, cid=76, SUCCESS, logIndex=0, commits[f46df106-fd9d-40d3-9183-f5de1fc434d0:c31, adca7021-bfae-4793-8b13-7a318476acc4:c27, 324b8a40-8ac4-4113-9c5b-67bfc0793797:c27]
2019-07-10 03:51:54,064 INFO  keyvalue.KeyValueHandler (ContainerUtils.java:logAndReturnError(146)) - Operation: CreateContainer : Trace ID: 2cf3418daed8f69f:3136e9ea7fb3ac4f:759d8340632d909b:0 : Message: Container creation failed, due to disk out of space : Result: DISK_OUT_OF_SPACE
2019-07-10 03:51:54,069 INFO  keyvalue.KeyValueHandler (ContainerUtils.java:logAndReturnError(146)) - Operation: CreateContainer : Trace ID: 2cf3418daed8f69f:cb46fa5b8d754c:759d8340632d909b:0 : Message: Container creation failed, due to disk out of space : Result: DISK_OUT_OF_SPACE
03:51:54.072 [pool-68-thread-48] ERROR DNAudit - user=null | ip=null | op=WRITE_CHUNK {blockData=conID: 6 locID: 102415119968305161 bcsId: 0} | ret=FAILURE
org.apache.hadoop.hdds.scm.container.common.helpers.StorageContainerException: ContainerID 6 creation failed
	at org.apache.hadoop.ozone.container.common.impl.HddsDispatcher.dispatchRequest(HddsDispatcher.java:227) ~[classes/:?]
	at org.apache.hadoop.ozone.container.common.impl.HddsDispatcher.dispatch(HddsDispatcher.java:148) ~[classes/:?]
	at org.apache.hadoop.ozone.container.common.transport.server.ratis.ContainerStateMachine.dispatchCommand(ContainerStateMachine.java:346) ~[classes/:?]
	at org.apache.hadoop.ozone.container.common.transport.server.ratis.ContainerStateMachine.runCommand(ContainerStateMachine.java:353) ~[classes/:?]
	at org.apache.hadoop.ozone.container.common.transport.server.ratis.ContainerStateMachine.lambda$handleWriteChunk$0(ContainerStateMachine.java:384) ~[classes/:?]
	at java.util.concurrent.CompletableFuture$AsyncSupply.run(CompletableFuture.java:1590) [?:1.8.0_212]
	at java.util.concurrent.ThreadPoolExecutor.runWorker(ThreadPoolExecutor.java:1149) [?:1.8.0_212]
	at java.util.concurrent.ThreadPoolExecutor$Worker.run(ThreadPoolExecutor.java:624) [?:1.8.0_212]
	at java.lang.Thread.run(Thread.java:748) [?:1.8.0_212]
03:51:54.068 [pool-68-thread-45] ERROR DNAudit - user=null | ip=null | op=WRITE_CHUNK {blockData=conID: 6 locID: 102415119968305161 bcsId: 0} | ret=FAILURE
org.apache.hadoop.hdds.scm.container.common.helpers.StorageContainerException: ContainerID 6 creation failed
	at org.apache.hadoop.ozone.container.common.impl.HddsDispatcher.dispatchRequest(HddsDispatcher.java:227) ~[classes/:?]
	at org.apache.hadoop.ozone.container.common.impl.HddsDispatcher.dispatch(HddsDispatcher.java:148) ~[classes/:?]
	at org.apache.hadoop.ozone.container.common.transport.server.ratis.ContainerStateMachine.dispatchCommand(ContainerStateMachine.java:346) ~[classes/:?]
	at org.apache.hadoop.ozone.container.common.transport.server.ratis.ContainerStateMachine.runCommand(ContainerStateMachine.java:353) ~[classes/:?]
	at org.apache.hadoop.ozone.container.common.transport.server.ratis.ContainerStateMachine.lambda$handleWriteChunk$0(ContainerStateMachine.java:384) ~[classes/:?]
	at java.util.concurrent.CompletableFuture$AsyncSupply.run(CompletableFuture.java:1590) [?:1.8.0_212]
	at java.util.concurrent.ThreadPoolExecutor.runWorker(ThreadPoolExecutor.java:1149) [?:1.8.0_212]
	at java.util.concurrent.ThreadPoolExecutor$Worker.run(ThreadPoolExecutor.java:624) [?:1.8.0_212]
	at java.lang.Thread.run(Thread.java:748) [?:1.8.0_212]
2019-07-10 03:51:54,085 INFO  impl.HddsDispatcher (ContainerUtils.java:logAndReturnError(146)) - Operation: WriteChunk : Trace ID: 2cf3418daed8f69f:cb46fa5b8d754c:759d8340632d909b:0 : Message: ContainerID 6 creation failed : Result: DISK_OUT_OF_SPACE
2019-07-10 03:51:54,085 INFO  impl.HddsDispatcher (ContainerUtils.java:logAndReturnError(146)) - Operation: WriteChunk : Trace ID: 2cf3418daed8f69f:3136e9ea7fb3ac4f:759d8340632d909b:0 : Message: ContainerID 6 creation failed : Result: DISK_OUT_OF_SPACE
03:51:54.145 [pool-75-thread-1] ERROR DNAudit - user=null | ip=null | op=WRITE_CHUNK {blockData=conID: 6 locID: 102415119968305161 bcsId: 0} | ret=FAILURE
org.apache.hadoop.hdds.scm.container.common.helpers.StorageContainerException: ContainerID 6 does not exist
	at org.apache.hadoop.ozone.container.common.impl.HddsDispatcher.dispatchRequest(HddsDispatcher.java:242) ~[classes/:?]
	at org.apache.hadoop.ozone.container.common.impl.HddsDispatcher.dispatch(HddsDispatcher.java:148) ~[classes/:?]
	at org.apache.hadoop.ozone.container.common.transport.server.ratis.ContainerStateMachine.dispatchCommand(ContainerStateMachine.java:346) ~[classes/:?]
	at org.apache.hadoop.ozone.container.common.transport.server.ratis.ContainerStateMachine.runCommand(ContainerStateMachine.java:353) ~[classes/:?]
	at org.apache.hadoop.ozone.container.common.transport.server.ratis.ContainerStateMachine.lambda$applyTransaction$5(ContainerStateMachine.java:620) ~[classes/:?]
	at java.util.concurrent.CompletableFuture$AsyncSupply.run(CompletableFuture.java:1590) [?:1.8.0_212]
	at java.util.concurrent.ThreadPoolExecutor.runWorker(ThreadPoolExecutor.java:1149) [?:1.8.0_212]
	at java.util.concurrent.ThreadPoolExecutor$Worker.run(ThreadPoolExecutor.java:624) [?:1.8.0_212]
	at java.lang.Thread.run(Thread.java:748) [?:1.8.0_212]
2019-07-10 03:51:54,146 INFO  impl.HddsDispatcher (ContainerUtils.java:logAndReturnError(146)) - Operation: WriteChunk : Trace ID: 2cf3418daed8f69f:3136e9ea7fb3ac4f:759d8340632d909b:0 : Message: ContainerID 6 does not exist : Result: CONTAINER_NOT_FOUND
03:51:54.147 [pool-75-thread-1] ERROR DNAudit - user=null | ip=null | op=PUT_BLOCK {blockData=[blockId=conID: 6 locID: 102415119968305161 bcsId: 0,size=1048576]} | ret=FAILURE
org.apache.hadoop.hdds.scm.container.common.helpers.StorageContainerException: ContainerID 6 does not exist
	at org.apache.hadoop.ozone.container.common.impl.HddsDispatcher.dispatchRequest(HddsDispatcher.java:242) ~[classes/:?]
	at org.apache.hadoop.ozone.container.common.impl.HddsDispatcher.dispatch(HddsDispatcher.java:148) ~[classes/:?]
	at org.apache.hadoop.ozone.container.common.transport.server.ratis.ContainerStateMachine.dispatchCommand(ContainerStateMachine.java:346) ~[classes/:?]
	at org.apache.hadoop.ozone.container.common.transport.server.ratis.ContainerStateMachine.runCommand(ContainerStateMachine.java:353) ~[classes/:?]
	at org.apache.hadoop.ozone.container.common.transport.server.ratis.ContainerStateMachine.lambda$applyTransaction$5(ContainerStateMachine.java:620) ~[classes/:?]
	at java.util.concurrent.CompletableFuture$AsyncSupply.run(CompletableFuture.java:1590) [?:1.8.0_212]
	at java.util.concurrent.ThreadPoolExecutor.runWorker(ThreadPoolExecutor.java:1149) [?:1.8.0_212]
	at java.util.concurrent.ThreadPoolExecutor$Worker.run(ThreadPoolExecutor.java:624) [?:1.8.0_212]
	at java.lang.Thread.run(Thread.java:748) [?:1.8.0_212]
2019-07-10 03:51:54,147 INFO  impl.HddsDispatcher (ContainerUtils.java:logAndReturnError(146)) - Operation: PutBlock : Trace ID: 2cf3418daed8f69f:78b65440f64023e8:759d8340632d909b:0 : Message: ContainerID 6 does not exist : Result: CONTAINER_NOT_FOUND
2019-07-10 03:51:54,147 INFO  client.GrpcClientProtocolClient (GrpcClientProtocolClient.java:onNext(255)) - client-DEE7384D64F2->f46df106-fd9d-40d3-9183-f5de1fc434d0: receive RaftClientReply:client-DEE7384D64F2->f46df106-fd9d-40d3-9183-f5de1fc434d0@group-C2D46286AF74, cid=77, SUCCESS, logIndex=32, commits[f46df106-fd9d-40d3-9183-f5de1fc434d0:c35, adca7021-bfae-4793-8b13-7a318476acc4:c31, 324b8a40-8ac4-4113-9c5b-67bfc0793797:c31]
03:51:54.148 [pool-75-thread-1] ERROR DNAudit - user=null | ip=null | op=WRITE_CHUNK {blockData=conID: 6 locID: 102415119968305161 bcsId: 0} | ret=FAILURE
org.apache.hadoop.hdds.scm.container.common.helpers.StorageContainerException: ContainerID 6 does not exist
	at org.apache.hadoop.ozone.container.common.impl.HddsDispatcher.dispatchRequest(HddsDispatcher.java:242) ~[classes/:?]
	at org.apache.hadoop.ozone.container.common.impl.HddsDispatcher.dispatch(HddsDispatcher.java:148) ~[classes/:?]
	at org.apache.hadoop.ozone.container.common.transport.server.ratis.ContainerStateMachine.dispatchCommand(ContainerStateMachine.java:346) ~[classes/:?]
	at org.apache.hadoop.ozone.container.common.transport.server.ratis.ContainerStateMachine.runCommand(ContainerStateMachine.java:353) ~[classes/:?]
	at org.apache.hadoop.ozone.container.common.transport.server.ratis.ContainerStateMachine.lambda$applyTransaction$5(ContainerStateMachine.java:620) ~[classes/:?]
	at java.util.concurrent.CompletableFuture$AsyncSupply.run(CompletableFuture.java:1590) [?:1.8.0_212]
	at java.util.concurrent.ThreadPoolExecutor.runWorker(ThreadPoolExecutor.java:1149) [?:1.8.0_212]
	at java.util.concurrent.ThreadPoolExecutor$Worker.run(ThreadPoolExecutor.java:624) [?:1.8.0_212]
	at java.lang.Thread.run(Thread.java:748) [?:1.8.0_212]
2019-07-10 03:51:54,148 INFO  impl.HddsDispatcher (ContainerUtils.java:logAndReturnError(146)) - Operation: WriteChunk : Trace ID: 2cf3418daed8f69f:cb46fa5b8d754c:759d8340632d909b:0 : Message: ContainerID 6 does not exist : Result: CONTAINER_NOT_FOUND
2019-07-10 03:51:54,148 INFO  client.GrpcClientProtocolClient (GrpcClientProtocolClient.java:onNext(255)) - client-DEE7384D64F2->f46df106-fd9d-40d3-9183-f5de1fc434d0: receive RaftClientReply:client-DEE7384D64F2->f46df106-fd9d-40d3-9183-f5de1fc434d0@group-C2D46286AF74, cid=78, SUCCESS, logIndex=33, commits[f46df106-fd9d-40d3-9183-f5de1fc434d0:c35, adca7021-bfae-4793-8b13-7a318476acc4:c31, 324b8a40-8ac4-4113-9c5b-67bfc0793797:c31]
03:51:54.149 [pool-75-thread-1] ERROR DNAudit - user=null | ip=null | op=PUT_BLOCK {blockData=[blockId=conID: 6 locID: 102415119968305161 bcsId: 0,size=2097152]} | ret=FAILURE
org.apache.hadoop.hdds.scm.container.common.helpers.StorageContainerException: ContainerID 6 does not exist
	at org.apache.hadoop.ozone.container.common.impl.HddsDispatcher.dispatchRequest(HddsDispatcher.java:242) ~[classes/:?]
	at org.apache.hadoop.ozone.container.common.impl.HddsDispatcher.dispatch(HddsDispatcher.java:148) ~[classes/:?]
	at org.apache.hadoop.ozone.container.common.transport.server.ratis.ContainerStateMachine.dispatchCommand(ContainerStateMachine.java:346) ~[classes/:?]
	at org.apache.hadoop.ozone.container.common.transport.server.ratis.ContainerStateMachine.runCommand(ContainerStateMachine.java:353) ~[classes/:?]
	at org.apache.hadoop.ozone.container.common.transport.server.ratis.ContainerStateMachine.lambda$applyTransaction$5(ContainerStateMachine.java:620) ~[classes/:?]
	at java.util.concurrent.CompletableFuture$AsyncSupply.run(CompletableFuture.java:1590) [?:1.8.0_212]
	at java.util.concurrent.ThreadPoolExecutor.runWorker(ThreadPoolExecutor.java:1149) [?:1.8.0_212]
	at java.util.concurrent.ThreadPoolExecutor$Worker.run(ThreadPoolExecutor.java:624) [?:1.8.0_212]
	at java.lang.Thread.run(Thread.java:748) [?:1.8.0_212]
2019-07-10 03:51:54,149 INFO  impl.HddsDispatcher (ContainerUtils.java:logAndReturnError(146)) - Operation: PutBlock : Trace ID: 2cf3418daed8f69f:7dab3290ac9f122d:759d8340632d909b:0 : Message: ContainerID 6 does not exist : Result: CONTAINER_NOT_FOUND
2019-07-10 03:51:54,149 INFO  client.GrpcClientProtocolClient (GrpcClientProtocolClient.java:onNext(255)) - client-DEE7384D64F2->f46df106-fd9d-40d3-9183-f5de1fc434d0: receive RaftClientReply:client-DEE7384D64F2->f46df106-fd9d-40d3-9183-f5de1fc434d0@group-C2D46286AF74, cid=79, SUCCESS, logIndex=34, commits[f46df106-fd9d-40d3-9183-f5de1fc434d0:c35, adca7021-bfae-4793-8b13-7a318476acc4:c31, 324b8a40-8ac4-4113-9c5b-67bfc0793797:c31]
2019-07-10 03:51:54,150 ERROR storage.BlockOutputStream (BlockOutputStream.java:validateResponse(538)) - Unexpected Storage Container Exception: 
org.apache.hadoop.hdds.scm.container.common.helpers.StorageContainerException: ContainerID 6 does not exist
	at org.apache.hadoop.hdds.scm.storage.ContainerProtocolCalls.validateContainerResponse(ContainerProtocolCalls.java:536)
	at org.apache.hadoop.hdds.scm.storage.BlockOutputStream.validateResponse(BlockOutputStream.java:536)
	at org.apache.hadoop.hdds.scm.storage.BlockOutputStream.lambda$writeChunkToContainer$2(BlockOutputStream.java:614)
	at java.util.concurrent.CompletableFuture.uniApply(CompletableFuture.java:602)
	at java.util.concurrent.CompletableFuture$UniApply.tryFire(CompletableFuture.java:577)
	at java.util.concurrent.CompletableFuture$Completion.run(CompletableFuture.java:442)
	at java.util.concurrent.ThreadPoolExecutor.runWorker(ThreadPoolExecutor.java:1149)
	at java.util.concurrent.ThreadPoolExecutor$Worker.run(ThreadPoolExecutor.java:624)
	at java.lang.Thread.run(Thread.java:748)
2019-07-10 03:51:54,150 INFO  client.GrpcClientProtocolClient (GrpcClientProtocolClient.java:onNext(255)) - client-DEE7384D64F2->f46df106-fd9d-40d3-9183-f5de1fc434d0: receive RaftClientReply:client-DEE7384D64F2->f46df106-fd9d-40d3-9183-f5de1fc434d0@group-C2D46286AF74, cid=80, SUCCESS, logIndex=35, commits[f46df106-fd9d-40d3-9183-f5de1fc434d0:c35, adca7021-bfae-4793-8b13-7a318476acc4:c31, 324b8a40-8ac4-4113-9c5b-67bfc0793797:c31]
2019-07-10 03:51:54,156 ERROR freon.RandomKeyGenerator (RandomKeyGenerator.java:run(718)) - Exception while adding key: key-0-64113 in bucket: bucket-0-45207 of volume: vol-0-92041.
java.io.IOException: Unexpected Storage Container Exception: org.apache.hadoop.hdds.scm.container.common.helpers.StorageContainerException: ContainerID 6 does not exist
	at org.apache.hadoop.hdds.scm.storage.BlockOutputStream.setIoException(BlockOutputStream.java:548)
	at org.apache.hadoop.hdds.scm.storage.BlockOutputStream.validateResponse(BlockOutputStream.java:539)
	at org.apache.hadoop.hdds.scm.storage.BlockOutputStream.lambda$writeChunkToContainer$2(BlockOutputStream.java:614)
	at java.util.concurrent.CompletableFuture.uniApply(CompletableFuture.java:602)
	at java.util.concurrent.CompletableFuture$UniApply.tryFire(CompletableFuture.java:577)
	at java.util.concurrent.CompletableFuture$Completion.run(CompletableFuture.java:442)
	at java.util.concurrent.ThreadPoolExecutor.runWorker(ThreadPoolExecutor.java:1149)
	at java.util.concurrent.ThreadPoolExecutor$Worker.run(ThreadPoolExecutor.java:624)
	at java.lang.Thread.run(Thread.java:748)
Caused by: org.apache.hadoop.hdds.scm.container.common.helpers.StorageContainerException: ContainerID 6 does not exist
	at org.apache.hadoop.hdds.scm.storage.ContainerProtocolCalls.validateContainerResponse(ContainerProtocolCalls.java:536)
	at org.apache.hadoop.hdds.scm.storage.BlockOutputStream.validateResponse(BlockOutputStream.java:536)
	... 7 more
 0.00% |█                                                                                                    |  0/1 Time: 0:00:02 0.00% |█                                                                                                    |  0/1 Time: 0:00:03 0.00% |█                                                                                                    |  0/1 Time: 0:00:04 100.00% |█████████████████████████████████████████████████████████████████████████████████████████████████████|  1/1 Time: 0:00:05
]]></system-out>
    <system-err><![CDATA[ERROR StatusLogger No Log4j 2 configuration file found. Using default configuration (logging only errors to the console), or user programmatically provided configurations. Set system property 'log4j2.debug' to show Log4j 2 internal initialization logging. See https://logging.apache.org/log4j/2.x/manual/configuration.html for instructions on how to configure Log4j 2
Jul 10, 2019 3:51:37 AM com.sun.jersey.server.impl.application.WebApplicationImpl _initiate
INFO: Initiating Jersey application, version 'Jersey: 1.19 02/11/2015 03:25 AM'
Jul 10, 2019 3:51:38 AM com.sun.jersey.server.impl.application.WebApplicationImpl _initiate
INFO: Initiating Jersey application, version 'Jersey: 1.19 02/11/2015 03:25 AM'
Jul 10, 2019 3:51:38 AM com.sun.jersey.server.impl.application.WebApplicationImpl _initiate
INFO: Initiating Jersey application, version 'Jersey: 1.19 02/11/2015 03:25 AM'
]]></system-err>
  </testcase>
</testsuite>