<?xml version="1.0" encoding="UTF-8"?>
<testsuite xmlns:xsi="http://www.w3.org/2001/XMLSchema-instance" xsi:noNamespaceSchemaLocation="https://maven.apache.org/surefire/maven-surefire-plugin/xsd/surefire-test-report.xsd" name="org.apache.hadoop.ozone.client.rpc.TestCommitWatcher" time="56.29" tests="2" errors="0" skipped="0" failures="1">
  <properties>
    <property name="awt.toolkit" value="sun.awt.X11.XToolkit"/>
    <property name="file.encoding.pkg" value="sun.io"/>
    <property name="java.specification.version" value="1.8"/>
    <property name="sun.cpu.isalist" value=""/>
    <property name="sun.jnu.encoding" value="UTF-8"/>
    <property name="java.class.path" value="/workdir/hadoop-ozone/integration-test/target/test-classes:/workdir/hadoop-ozone/integration-test/target/classes:/home/user/.m2/repository/org/apache/hadoop/hadoop-ozone-common/0.5.0-SNAPSHOT/hadoop-ozone-common-0.5.0-SNAPSHOT.jar:/home/user/.m2/repository/org/apache/commons/commons-compress/1.4.1/commons-compress-1.4.1.jar:/home/user/.m2/repository/org/tukaani/xz/1.0/xz-1.0.jar:/home/user/.m2/repository/org/apache/hadoop/hadoop-common/3.2.0/hadoop-common-3.2.0.jar:/home/user/.m2/repository/org/apache/hadoop/hadoop-hdfs/3.2.0/hadoop-hdfs-3.2.0.jar:/home/user/.m2/repository/org/apache/hadoop/hadoop-hdfs-client/3.2.0/hadoop-hdfs-client-3.2.0.jar:/home/user/.m2/repository/com/fasterxml/jackson/core/jackson-annotations/2.9.5/jackson-annotations-2.9.5.jar:/home/user/.m2/repository/org/apache/hadoop/hadoop-hdds-common/0.5.0-SNAPSHOT/hadoop-hdds-common-0.5.0-SNAPSHOT.jar:/home/user/.m2/repository/javax/annotation/javax.annotation-api/1.2/javax.annotation-api-1.2.jar:/home/user/.m2/repository/org/apache/ratis/ratis-server/0.4.0-2337318-SNAPSHOT/ratis-server-0.4.0-2337318-SNAPSHOT.jar:/home/user/.m2/repository/org/apache/ratis/ratis-thirdparty-misc/0.2.0/ratis-thirdparty-misc-0.2.0.jar:/home/user/.m2/repository/org/apache/ratis/ratis-proto/0.4.0-2337318-SNAPSHOT/ratis-proto-0.4.0-2337318-SNAPSHOT.jar:/home/user/.m2/repository/org/apache/ratis/ratis-common/0.4.0-2337318-SNAPSHOT/ratis-common-0.4.0-2337318-SNAPSHOT.jar:/home/user/.m2/repository/org/apache/ratis/ratis-client/0.4.0-2337318-SNAPSHOT/ratis-client-0.4.0-2337318-SNAPSHOT.jar:/home/user/.m2/repository/org/apache/ratis/ratis-metrics/0.4.0-2337318-SNAPSHOT/ratis-metrics-0.4.0-2337318-SNAPSHOT.jar:/home/user/.m2/repository/org/apache/ratis/ratis-netty/0.4.0-2337318-SNAPSHOT/ratis-netty-0.4.0-2337318-SNAPSHOT.jar:/home/user/.m2/repository/org/apache/ratis/ratis-grpc/0.4.0-2337318-SNAPSHOT/ratis-grpc-0.4.0-2337318-SNAPSHOT.jar:/home/user/.m2/repository/org/rocksdb/rocksdbjni/6.0.1/rocksdbjni-6.0.1.jar:/home/user/.m2/repository/org/apache/logging/log4j/log4j-api/2.11.0/log4j-api-2.11.0.jar:/home/user/.m2/repository/org/apache/logging/log4j/log4j-core/2.11.0/log4j-core-2.11.0.jar:/home/user/.m2/repository/com/lmax/disruptor/3.4.2/disruptor-3.4.2.jar:/home/user/.m2/repository/org/apache/commons/commons-pool2/2.6.0/commons-pool2-2.6.0.jar:/home/user/.m2/repository/org/bouncycastle/bcpkix-jdk15on/1.60/bcpkix-jdk15on-1.60.jar:/home/user/.m2/repository/commons-validator/commons-validator/1.6/commons-validator-1.6.jar:/home/user/.m2/repository/commons-digester/commons-digester/1.8.1/commons-digester-1.8.1.jar:/home/user/.m2/repository/io/jaegertracing/jaeger-client/0.33.1/jaeger-client-0.33.1.jar:/home/user/.m2/repository/io/jaegertracing/jaeger-thrift/0.33.1/jaeger-thrift-0.33.1.jar:/home/user/.m2/repository/org/apache/thrift/libthrift/0.11.0/libthrift-0.11.0.jar:/home/user/.m2/repository/com/squareup/okhttp3/okhttp/3.9.0/okhttp-3.9.0.jar:/home/user/.m2/repository/com/squareup/okio/okio/1.13.0/okio-1.13.0.jar:/home/user/.m2/repository/io/jaegertracing/jaeger-core/0.33.1/jaeger-core-0.33.1.jar:/home/user/.m2/repository/io/jaegertracing/jaeger-tracerresolver/0.33.1/jaeger-tracerresolver-0.33.1.jar:/home/user/.m2/repository/io/opentracing/contrib/opentracing-tracerresolver/0.1.5/opentracing-tracerresolver-0.1.5.jar:/home/user/.m2/repository/io/opentracing/opentracing-util/0.31.0/opentracing-util-0.31.0.jar:/home/user/.m2/repository/io/opentracing/opentracing-api/0.31.0/opentracing-api-0.31.0.jar:/home/user/.m2/repository/io/opentracing/opentracing-noop/0.31.0/opentracing-noop-0.31.0.jar:/home/user/.m2/repository/org/apache/hadoop/hadoop-hdds-server-framework/0.5.0-SNAPSHOT/hadoop-hdds-server-framework-0.5.0-SNAPSHOT.jar:/home/user/.m2/repository/org/apache/hadoop/hadoop-hdds-container-service/0.5.0-SNAPSHOT/hadoop-hdds-container-service-0.5.0-SNAPSHOT.jar:/home/user/.m2/repository/org/apache/hadoop/hadoop-hdds-client/0.5.0-SNAPSHOT/hadoop-hdds-client-0.5.0-SNAPSHOT.jar:/home/user/.m2/repository/org/apache/hadoop/hadoop-hdds-tools/0.5.0-SNAPSHOT/hadoop-hdds-tools-0.5.0-SNAPSHOT.jar:/home/user/.m2/repository/org/apache/hadoop/hadoop-hdds-server-scm/0.5.0-SNAPSHOT/hadoop-hdds-server-scm-0.5.0-SNAPSHOT.jar:/home/user/.m2/repository/org/apache/hadoop/hadoop-hdds-docs/0.5.0-SNAPSHOT/hadoop-hdds-docs-0.5.0-SNAPSHOT.jar:/home/user/.m2/repository/com/sun/xml/bind/jaxb-impl/2.3.0.1/jaxb-impl-2.3.0.1.jar:/home/user/.m2/repository/com/sun/xml/bind/jaxb-core/2.3.0.1/jaxb-core-2.3.0.1.jar:/home/user/.m2/repository/javax/xml/bind/jaxb-api/2.3.0/jaxb-api-2.3.0.jar:/home/user/.m2/repository/javax/activation/activation/1.1.1/activation-1.1.1.jar:/home/user/.m2/repository/io/dropwizard/metrics/metrics-core/3.2.4/metrics-core-3.2.4.jar:/home/user/.m2/repository/org/hamcrest/hamcrest-all/1.3/hamcrest-all-1.3.jar:/home/user/.m2/repository/org/bouncycastle/bcprov-jdk15on/1.60/bcprov-jdk15on-1.60.jar:/home/user/.m2/repository/info/picocli/picocli/3.9.6/picocli-3.9.6.jar:/home/user/.m2/repository/com/google/protobuf/protobuf-java/2.5.0/protobuf-java-2.5.0.jar:/home/user/.m2/repository/com/google/guava/guava/11.0.2/guava-11.0.2.jar:/home/user/.m2/repository/org/apache/hadoop/hadoop-ozone-ozone-manager/0.5.0-SNAPSHOT/hadoop-ozone-ozone-manager-0.5.0-SNAPSHOT.jar:/home/user/.m2/repository/org/apache/hadoop/hadoop-minikdc/3.2.0/hadoop-minikdc-3.2.0.jar:/home/user/.m2/repository/commons-io/commons-io/2.5/commons-io-2.5.jar:/home/user/.m2/repository/org/apache/kerby/kerb-simplekdc/1.0.1/kerb-simplekdc-1.0.1.jar:/home/user/.m2/repository/org/apache/kerby/kerb-client/1.0.1/kerb-client-1.0.1.jar:/home/user/.m2/repository/org/apache/kerby/kerby-config/1.0.1/kerby-config-1.0.1.jar:/home/user/.m2/repository/org/apache/kerby/kerb-core/1.0.1/kerb-core-1.0.1.jar:/home/user/.m2/repository/org/apache/kerby/kerby-pkix/1.0.1/kerby-pkix-1.0.1.jar:/home/user/.m2/repository/org/apache/kerby/kerby-asn1/1.0.1/kerby-asn1-1.0.1.jar:/home/user/.m2/repository/org/apache/kerby/kerby-util/1.0.1/kerby-util-1.0.1.jar:/home/user/.m2/repository/org/apache/kerby/kerb-common/1.0.1/kerb-common-1.0.1.jar:/home/user/.m2/repository/org/apache/kerby/kerb-crypto/1.0.1/kerb-crypto-1.0.1.jar:/home/user/.m2/repository/org/apache/kerby/kerb-util/1.0.1/kerb-util-1.0.1.jar:/home/user/.m2/repository/org/apache/kerby/token-provider/1.0.1/token-provider-1.0.1.jar:/home/user/.m2/repository/org/apache/kerby/kerb-admin/1.0.1/kerb-admin-1.0.1.jar:/home/user/.m2/repository/org/apache/kerby/kerb-server/1.0.1/kerb-server-1.0.1.jar:/home/user/.m2/repository/org/apache/kerby/kerb-identity/1.0.1/kerb-identity-1.0.1.jar:/home/user/.m2/repository/org/apache/kerby/kerby-xdr/1.0.1/kerby-xdr-1.0.1.jar:/home/user/.m2/repository/org/slf4j/slf4j-log4j12/1.7.25/slf4j-log4j12-1.7.25.jar:/home/user/.m2/repository/org/apache/hadoop/hadoop-ozone-s3gateway/0.5.0-SNAPSHOT/hadoop-ozone-s3gateway-0.5.0-SNAPSHOT.jar:/home/user/.m2/repository/org/jboss/weld/servlet/weld-servlet/2.4.7.Final/weld-servlet-2.4.7.Final.jar:/home/user/.m2/repository/org/glassfish/jersey/containers/jersey-container-servlet-core/2.27/jersey-container-servlet-core-2.27.jar:/home/user/.m2/repository/org/glassfish/hk2/external/javax.inject/2.5.0-b42/javax.inject-2.5.0-b42.jar:/home/user/.m2/repository/org/glassfish/jersey/core/jersey-common/2.27/jersey-common-2.27.jar:/home/user/.m2/repository/org/glassfish/hk2/osgi-resource-locator/1.0.1/osgi-resource-locator-1.0.1.jar:/home/user/.m2/repository/javax/ws/rs/javax.ws.rs-api/2.1/javax.ws.rs-api-2.1.jar:/home/user/.m2/repository/org/glassfish/jersey/ext/cdi/jersey-cdi1x/2.27/jersey-cdi1x-2.27.jar:/home/user/.m2/repository/org/glassfish/jersey/inject/jersey-hk2/2.27/jersey-hk2-2.27.jar:/home/user/.m2/repository/org/glassfish/hk2/hk2-locator/2.5.0-b42/hk2-locator-2.5.0-b42.jar:/home/user/.m2/repository/org/javassist/javassist/3.22.0-CR2/javassist-3.22.0-CR2.jar:/home/user/.m2/repository/org/glassfish/hk2/hk2-api/2.5.0/hk2-api-2.5.0.jar:/home/user/.m2/repository/org/glassfish/hk2/external/jakarta.inject/2.5.0/jakarta.inject-2.5.0.jar:/home/user/.m2/repository/org/glassfish/hk2/hk2-utils/2.5.0/hk2-utils-2.5.0.jar:/home/user/.m2/repository/jakarta/annotation/jakarta.annotation-api/1.3.4/jakarta.annotation-api-1.3.4.jar:/home/user/.m2/repository/org/glassfish/hk2/external/aopalliance-repackaged/2.5.0/aopalliance-repackaged-2.5.0.jar:/home/user/.m2/repository/com/fasterxml/jackson/dataformat/jackson-dataformat-xml/2.9.0/jackson-dataformat-xml-2.9.0.jar:/home/user/.m2/repository/com/fasterxml/jackson/core/jackson-core/2.9.5/jackson-core-2.9.5.jar:/home/user/.m2/repository/com/fasterxml/jackson/module/jackson-module-jaxb-annotations/2.9.5/jackson-module-jaxb-annotations-2.9.5.jar:/home/user/.m2/repository/javax/enterprise/cdi-api/1.2/cdi-api-1.2.jar:/home/user/.m2/repository/javax/el/javax.el-api/3.0.0/javax.el-api-3.0.0.jar:/home/user/.m2/repository/javax/interceptor/javax.interceptor-api/1.2/javax.interceptor-api-1.2.jar:/home/user/.m2/repository/javax/inject/javax.inject/1/javax.inject-1.jar:/home/user/.m2/repository/org/apache/hadoop/hadoop-ozone-csi/0.5.0-SNAPSHOT/hadoop-ozone-csi-0.5.0-SNAPSHOT.jar:/home/user/.m2/repository/com/google/protobuf/protobuf-java-util/3.5.1/protobuf-java-util-3.5.1.jar:/home/user/.m2/repository/org/apache/hadoop/hadoop-hdds-config/0.5.0-SNAPSHOT/hadoop-hdds-config-0.5.0-SNAPSHOT.jar:/home/user/.m2/repository/io/grpc/grpc-netty/1.17.1/grpc-netty-1.17.1.jar:/home/user/.m2/repository/io/grpc/grpc-core/1.17.1/grpc-core-1.17.1.jar:/home/user/.m2/repository/io/grpc/grpc-context/1.17.1/grpc-context-1.17.1.jar:/home/user/.m2/repository/com/google/errorprone/error_prone_annotations/2.2.0/error_prone_annotations-2.2.0.jar:/home/user/.m2/repository/org/codehaus/mojo/animal-sniffer-annotations/1.17/animal-sniffer-annotations-1.17.jar:/home/user/.m2/repository/io/opencensus/opencensus-api/0.17.0/opencensus-api-0.17.0.jar:/home/user/.m2/repository/io/opencensus/opencensus-contrib-grpc-metrics/0.17.0/opencensus-contrib-grpc-metrics-0.17.0.jar:/home/user/.m2/repository/io/netty/netty-codec-http2/4.1.30.Final/netty-codec-http2-4.1.30.Final.jar:/home/user/.m2/repository/io/netty/netty-codec-http/4.1.30.Final/netty-codec-http-4.1.30.Final.jar:/home/user/.m2/repository/io/netty/netty-codec/4.1.30.Final/netty-codec-4.1.30.Final.jar:/home/user/.m2/repository/io/netty/netty-handler/4.1.30.Final/netty-handler-4.1.30.Final.jar:/home/user/.m2/repository/io/netty/netty-handler-proxy/4.1.30.Final/netty-handler-proxy-4.1.30.Final.jar:/home/user/.m2/repository/io/netty/netty-codec-socks/4.1.30.Final/netty-codec-socks-4.1.30.Final.jar:/home/user/.m2/repository/io/netty/netty-transport-native-epoll/4.1.30.Final/netty-transport-native-epoll-4.1.30.Final.jar:/home/user/.m2/repository/io/netty/netty-common/4.1.30.Final/netty-common-4.1.30.Final.jar:/home/user/.m2/repository/io/netty/netty-buffer/4.1.30.Final/netty-buffer-4.1.30.Final.jar:/home/user/.m2/repository/io/netty/netty-transport/4.1.30.Final/netty-transport-4.1.30.Final.jar:/home/user/.m2/repository/io/netty/netty-resolver/4.1.30.Final/netty-resolver-4.1.30.Final.jar:/home/user/.m2/repository/io/netty/netty-transport-native-unix-common/4.1.30.Final/netty-transport-native-unix-common-4.1.30.Final.jar:/home/user/.m2/repository/io/grpc/grpc-protobuf/1.17.1/grpc-protobuf-1.17.1.jar:/home/user/.m2/repository/com/google/api/grpc/proto-google-common-protos/1.0.0/proto-google-common-protos-1.0.0.jar:/home/user/.m2/repository/io/grpc/grpc-protobuf-lite/1.17.1/grpc-protobuf-lite-1.17.1.jar:/home/user/.m2/repository/io/grpc/grpc-stub/1.17.1/grpc-stub-1.17.1.jar:/home/user/.m2/repository/org/apache/hadoop/hadoop-ozone-recon/0.5.0-SNAPSHOT/hadoop-ozone-recon-0.5.0-SNAPSHOT.jar:/home/user/.m2/repository/org/apache/hadoop/hadoop-ozone-reconcodegen/0.5.0-SNAPSHOT/hadoop-ozone-reconcodegen-0.5.0-SNAPSHOT.jar:/home/user/.m2/repository/com/google/inject/extensions/guice-multibindings/4.0/guice-multibindings-4.0.jar:/home/user/.m2/repository/com/google/inject/guice/4.0/guice-4.0.jar:/home/user/.m2/repository/aopalliance/aopalliance/1.0/aopalliance-1.0.jar:/home/user/.m2/repository/com/google/inject/extensions/guice-servlet/4.0/guice-servlet-4.0.jar:/home/user/.m2/repository/org/glassfish/jersey/containers/jersey-container-servlet/2.27/jersey-container-servlet-2.27.jar:/home/user/.m2/repository/org/glassfish/hk2/guice-bridge/2.5.0/guice-bridge-2.5.0.jar:/home/user/.m2/repository/org/glassfish/jersey/core/jersey-server/2.27/jersey-server-2.27.jar:/home/user/.m2/repository/org/glassfish/jersey/core/jersey-client/2.27/jersey-client-2.27.jar:/home/user/.m2/repository/org/glassfish/jersey/media/jersey-media-jaxb/2.27/jersey-media-jaxb-2.27.jar:/home/user/.m2/repository/javax/validation/validation-api/1.1.0.Final/validation-api-1.1.0.Final.jar:/home/user/.m2/repository/org/glassfish/jersey/media/jersey-media-json-jackson/2.27/jersey-media-json-jackson-2.27.jar:/home/user/.m2/repository/org/glassfish/jersey/ext/jersey-entity-filtering/2.27/jersey-entity-filtering-2.27.jar:/home/user/.m2/repository/com/google/inject/extensions/guice-assistedinject/4.0/guice-assistedinject-4.0.jar:/home/user/.m2/repository/org/jooq/jooq/3.11.10/jooq-3.11.10.jar:/home/user/.m2/repository/org/jooq/jooq-meta/3.11.10/jooq-meta-3.11.10.jar:/home/user/.m2/repository/org/jooq/jooq-codegen/3.11.10/jooq-codegen-3.11.10.jar:/home/user/.m2/repository/com/jolbox/bonecp/0.8.0.RELEASE/bonecp-0.8.0.RELEASE.jar:/home/user/.m2/repository/org/xerial/sqlite-jdbc/3.25.2/sqlite-jdbc-3.25.2.jar:/home/user/.m2/repository/org/springframework/spring-jdbc/5.1.3.RELEASE/spring-jdbc-5.1.3.RELEASE.jar:/home/user/.m2/repository/org/springframework/spring-beans/5.1.3.RELEASE/spring-beans-5.1.3.RELEASE.jar:/home/user/.m2/repository/org/springframework/spring-core/5.1.3.RELEASE/spring-core-5.1.3.RELEASE.jar:/home/user/.m2/repository/org/springframework/spring-jcl/5.1.3.RELEASE/spring-jcl-5.1.3.RELEASE.jar:/home/user/.m2/repository/org/springframework/spring-tx/5.1.3.RELEASE/spring-tx-5.1.3.RELEASE.jar:/home/user/.m2/repository/org/apache/hadoop/hadoop-ozone-client/0.5.0-SNAPSHOT/hadoop-ozone-client-0.5.0-SNAPSHOT.jar:/home/user/.m2/repository/commons-lang/commons-lang/2.6/commons-lang-2.6.jar:/home/user/.m2/repository/org/apache/hadoop/hadoop-ozone-ozone-manager/0.5.0-SNAPSHOT/hadoop-ozone-ozone-manager-0.5.0-SNAPSHOT-tests.jar:/home/user/.m2/repository/junit/junit/4.11/junit-4.11.jar:/home/user/.m2/repository/org/hamcrest/hamcrest-core/1.3/hamcrest-core-1.3.jar:/home/user/.m2/repository/org/openjdk/jmh/jmh-core/1.19/jmh-core-1.19.jar:/home/user/.m2/repository/net/sf/jopt-simple/jopt-simple/4.6/jopt-simple-4.6.jar:/home/user/.m2/repository/org/apache/commons/commons-math3/3.1.1/commons-math3-3.1.1.jar:/home/user/.m2/repository/org/openjdk/jmh/jmh-generator-annprocess/1.19/jmh-generator-annprocess-1.19.jar:/home/user/.m2/repository/org/mockito/mockito-all/1.8.5/mockito-all-1.8.5.jar:/home/user/.m2/repository/org/apache/hadoop/hadoop-kms/3.2.0/hadoop-kms-3.2.0.jar:/home/user/.m2/repository/org/apache/hadoop/hadoop-auth/3.2.0/hadoop-auth-3.2.0.jar:/home/user/.m2/repository/com/nimbusds/nimbus-jose-jwt/4.41.1/nimbus-jose-jwt-4.41.1.jar:/home/user/.m2/repository/com/github/stephenc/jcip/jcip-annotations/1.0-1/jcip-annotations-1.0-1.jar:/home/user/.m2/repository/net/minidev/json-smart/2.3/json-smart-2.3.jar:/home/user/.m2/repository/net/minidev/accessors-smart/1.2/accessors-smart-1.2.jar:/home/user/.m2/repository/org/ow2/asm/asm/5.0.4/asm-5.0.4.jar:/home/user/.m2/repository/org/apache/curator/curator-framework/2.12.0/curator-framework-2.12.0.jar:/home/user/.m2/repository/com/sun/jersey/jersey-core/1.19/jersey-core-1.19.jar:/home/user/.m2/repository/javax/ws/rs/jsr311-api/1.1.1/jsr311-api-1.1.1.jar:/home/user/.m2/repository/com/sun/jersey/jersey-server/1.19/jersey-server-1.19.jar:/home/user/.m2/repository/javax/servlet/javax.servlet-api/3.1.0/javax.servlet-api-3.1.0.jar:/home/user/.m2/repository/org/eclipse/jetty/jetty-server/9.3.24.v20180605/jetty-server-9.3.24.v20180605.jar:/home/user/.m2/repository/org/eclipse/jetty/jetty-http/9.3.24.v20180605/jetty-http-9.3.24.v20180605.jar:/home/user/.m2/repository/org/eclipse/jetty/jetty-io/9.3.24.v20180605/jetty-io-9.3.24.v20180605.jar:/home/user/.m2/repository/org/eclipse/jetty/jetty-webapp/9.3.24.v20180605/jetty-webapp-9.3.24.v20180605.jar:/home/user/.m2/repository/org/eclipse/jetty/jetty-xml/9.3.24.v20180605/jetty-xml-9.3.24.v20180605.jar:/home/user/.m2/repository/log4j/log4j/1.2.17/log4j-1.2.17.jar:/home/user/.m2/repository/org/slf4j/slf4j-api/1.7.25/slf4j-api-1.7.25.jar:/home/user/.m2/repository/org/slf4j/jul-to-slf4j/1.7.25/jul-to-slf4j-1.7.25.jar:/home/user/.m2/repository/org/eclipse/jetty/jetty-util/9.3.24.v20180605/jetty-util-9.3.24.v20180605.jar:/home/user/.m2/repository/com/fasterxml/jackson/core/jackson-databind/2.9.5/jackson-databind-2.9.5.jar:/home/user/.m2/repository/org/apache/hadoop/hadoop-kms/3.2.0/hadoop-kms-3.2.0-tests.jar:/home/user/.m2/repository/org/apache/hadoop/hadoop-hdds-server-scm/0.5.0-SNAPSHOT/hadoop-hdds-server-scm-0.5.0-SNAPSHOT-tests.jar:/home/user/.m2/repository/org/apache/hadoop/hadoop-hdds-container-service/0.5.0-SNAPSHOT/hadoop-hdds-container-service-0.5.0-SNAPSHOT-tests.jar:/home/user/.m2/repository/org/yaml/snakeyaml/1.16/snakeyaml-1.16.jar:/home/user/.m2/repository/org/apache/hadoop/hadoop-common/3.2.0/hadoop-common-3.2.0-tests.jar:/home/user/.m2/repository/org/apache/hadoop/hadoop-annotations/3.2.0/hadoop-annotations-3.2.0.jar:/usr/lib/jvm/java-1.8-openjdk/jre/../lib/tools.jar:/home/user/.m2/repository/commons-cli/commons-cli/1.2/commons-cli-1.2.jar:/home/user/.m2/repository/org/apache/httpcomponents/httpclient/4.5.2/httpclient-4.5.2.jar:/home/user/.m2/repository/org/apache/httpcomponents/httpcore/4.4.4/httpcore-4.4.4.jar:/home/user/.m2/repository/commons-codec/commons-codec/1.11/commons-codec-1.11.jar:/home/user/.m2/repository/commons-net/commons-net/3.6/commons-net-3.6.jar:/home/user/.m2/repository/commons-collections/commons-collections/3.2.2/commons-collections-3.2.2.jar:/home/user/.m2/repository/org/eclipse/jetty/jetty-servlet/9.3.24.v20180605/jetty-servlet-9.3.24.v20180605.jar:/home/user/.m2/repository/org/eclipse/jetty/jetty-security/9.3.24.v20180605/jetty-security-9.3.24.v20180605.jar:/home/user/.m2/repository/javax/servlet/jsp/jsp-api/2.1/jsp-api-2.1.jar:/home/user/.m2/repository/com/sun/jersey/jersey-servlet/1.19/jersey-servlet-1.19.jar:/home/user/.m2/repository/com/sun/jersey/jersey-json/1.19/jersey-json-1.19.jar:/home/user/.m2/repository/org/codehaus/jettison/jettison/1.1/jettison-1.1.jar:/home/user/.m2/repository/org/codehaus/jackson/jackson-core-asl/1.9.13/jackson-core-asl-1.9.13.jar:/home/user/.m2/repository/org/codehaus/jackson/jackson-mapper-asl/1.9.13/jackson-mapper-asl-1.9.13.jar:/home/user/.m2/repository/org/codehaus/jackson/jackson-jaxrs/1.9.13/jackson-jaxrs-1.9.13.jar:/home/user/.m2/repository/org/codehaus/jackson/jackson-xc/1.9.13/jackson-xc-1.9.13.jar:/home/user/.m2/repository/commons-logging/commons-logging/1.1.3/commons-logging-1.1.3.jar:/home/user/.m2/repository/commons-beanutils/commons-beanutils/1.9.3/commons-beanutils-1.9.3.jar:/home/user/.m2/repository/org/apache/commons/commons-configuration2/2.1.1/commons-configuration2-2.1.1.jar:/home/user/.m2/repository/org/apache/commons/commons-lang3/3.7/commons-lang3-3.7.jar:/home/user/.m2/repository/org/apache/commons/commons-text/1.4/commons-text-1.4.jar:/home/user/.m2/repository/org/apache/avro/avro/1.7.7/avro-1.7.7.jar:/home/user/.m2/repository/com/thoughtworks/paranamer/paranamer/2.3/paranamer-2.3.jar:/home/user/.m2/repository/org/xerial/snappy/snappy-java/1.0.5/snappy-java-1.0.5.jar:/home/user/.m2/repository/com/google/re2j/re2j/1.1/re2j-1.1.jar:/home/user/.m2/repository/com/google/code/gson/gson/2.2.4/gson-2.2.4.jar:/home/user/.m2/repository/com/jcraft/jsch/0.1.54/jsch-0.1.54.jar:/home/user/.m2/repository/org/apache/curator/curator-client/2.12.0/curator-client-2.12.0.jar:/home/user/.m2/repository/org/apache/curator/curator-recipes/2.12.0/curator-recipes-2.12.0.jar:/home/user/.m2/repository/com/google/code/findbugs/jsr305/3.0.0/jsr305-3.0.0.jar:/home/user/.m2/repository/org/apache/htrace/htrace-core4/4.1.0-incubating/htrace-core4-4.1.0-incubating.jar:/home/user/.m2/repository/org/apache/zookeeper/zookeeper/3.4.13/zookeeper-3.4.13.jar:/home/user/.m2/repository/org/apache/yetus/audience-annotations/0.5.0/audience-annotations-0.5.0.jar:/home/user/.m2/repository/org/codehaus/woodstox/stax2-api/3.1.4/stax2-api-3.1.4.jar:/home/user/.m2/repository/com/fasterxml/woodstox/woodstox-core/5.0.3/woodstox-core-5.0.3.jar:/home/user/.m2/repository/dnsjava/dnsjava/2.1.7/dnsjava-2.1.7.jar:/home/user/.m2/repository/org/apache/hadoop/hadoop-hdfs/3.2.0/hadoop-hdfs-3.2.0-tests.jar:/home/user/.m2/repository/org/eclipse/jetty/jetty-util-ajax/9.3.24.v20180605/jetty-util-ajax-9.3.24.v20180605.jar:/home/user/.m2/repository/commons-daemon/commons-daemon/1.0.13/commons-daemon-1.0.13.jar:/home/user/.m2/repository/io/netty/netty/3.10.5.Final/netty-3.10.5.Final.jar:/home/user/.m2/repository/io/netty/netty-all/4.0.52.Final/netty-all-4.0.52.Final.jar:/home/user/.m2/repository/org/fusesource/leveldbjni/leveldbjni-all/1.8/leveldbjni-all-1.8.jar:"/>
    <property name="java.vm.vendor" value="IcedTea"/>
    <property name="sun.arch.data.model" value="64"/>
    <property name="test.build.dir" value="/workdir/hadoop-ozone/integration-test/target/test-dir"/>
    <property name="test.cache.data" value=""/>
    <property name="java.vendor.url" value="https://icedtea.classpath.org"/>
    <property name="user.timezone" value=""/>
    <property name="java.vm.specification.version" value="1.8"/>
    <property name="os.name" value="Linux"/>
    <property name="test.build.data" value="/workdir/hadoop-ozone/integration-test/target/test-dir"/>
    <property name="user.country" value="US"/>
    <property name="sun.java.launcher" value="SUN_STANDARD"/>
    <property name="sun.boot.library.path" value="/usr/lib/jvm/java-1.8-openjdk/jre/lib/amd64"/>
    <property name="sun.java.command" value="/workdir/hadoop-ozone/integration-test/target/surefire/surefirebooter3773791033950657739.jar /workdir/hadoop-ozone/integration-test/target/surefire 2019-08-28T22-06-36_103-jvmRun1 surefire7525895310836851433tmp surefire_215596462670224722693tmp"/>
    <property name="test" value="!TestMiniChaosOzoneCluster"/>
    <property name="surefire.test.class.path" value="/workdir/hadoop-ozone/integration-test/target/test-classes:/workdir/hadoop-ozone/integration-test/target/classes:/home/user/.m2/repository/org/apache/hadoop/hadoop-ozone-common/0.5.0-SNAPSHOT/hadoop-ozone-common-0.5.0-SNAPSHOT.jar:/home/user/.m2/repository/org/apache/commons/commons-compress/1.4.1/commons-compress-1.4.1.jar:/home/user/.m2/repository/org/tukaani/xz/1.0/xz-1.0.jar:/home/user/.m2/repository/org/apache/hadoop/hadoop-common/3.2.0/hadoop-common-3.2.0.jar:/home/user/.m2/repository/org/apache/hadoop/hadoop-hdfs/3.2.0/hadoop-hdfs-3.2.0.jar:/home/user/.m2/repository/org/apache/hadoop/hadoop-hdfs-client/3.2.0/hadoop-hdfs-client-3.2.0.jar:/home/user/.m2/repository/com/fasterxml/jackson/core/jackson-annotations/2.9.5/jackson-annotations-2.9.5.jar:/home/user/.m2/repository/org/apache/hadoop/hadoop-hdds-common/0.5.0-SNAPSHOT/hadoop-hdds-common-0.5.0-SNAPSHOT.jar:/home/user/.m2/repository/javax/annotation/javax.annotation-api/1.2/javax.annotation-api-1.2.jar:/home/user/.m2/repository/org/apache/ratis/ratis-server/0.4.0-2337318-SNAPSHOT/ratis-server-0.4.0-2337318-SNAPSHOT.jar:/home/user/.m2/repository/org/apache/ratis/ratis-thirdparty-misc/0.2.0/ratis-thirdparty-misc-0.2.0.jar:/home/user/.m2/repository/org/apache/ratis/ratis-proto/0.4.0-2337318-SNAPSHOT/ratis-proto-0.4.0-2337318-SNAPSHOT.jar:/home/user/.m2/repository/org/apache/ratis/ratis-common/0.4.0-2337318-SNAPSHOT/ratis-common-0.4.0-2337318-SNAPSHOT.jar:/home/user/.m2/repository/org/apache/ratis/ratis-client/0.4.0-2337318-SNAPSHOT/ratis-client-0.4.0-2337318-SNAPSHOT.jar:/home/user/.m2/repository/org/apache/ratis/ratis-metrics/0.4.0-2337318-SNAPSHOT/ratis-metrics-0.4.0-2337318-SNAPSHOT.jar:/home/user/.m2/repository/org/apache/ratis/ratis-netty/0.4.0-2337318-SNAPSHOT/ratis-netty-0.4.0-2337318-SNAPSHOT.jar:/home/user/.m2/repository/org/apache/ratis/ratis-grpc/0.4.0-2337318-SNAPSHOT/ratis-grpc-0.4.0-2337318-SNAPSHOT.jar:/home/user/.m2/repository/org/rocksdb/rocksdbjni/6.0.1/rocksdbjni-6.0.1.jar:/home/user/.m2/repository/org/apache/logging/log4j/log4j-api/2.11.0/log4j-api-2.11.0.jar:/home/user/.m2/repository/org/apache/logging/log4j/log4j-core/2.11.0/log4j-core-2.11.0.jar:/home/user/.m2/repository/com/lmax/disruptor/3.4.2/disruptor-3.4.2.jar:/home/user/.m2/repository/org/apache/commons/commons-pool2/2.6.0/commons-pool2-2.6.0.jar:/home/user/.m2/repository/org/bouncycastle/bcpkix-jdk15on/1.60/bcpkix-jdk15on-1.60.jar:/home/user/.m2/repository/commons-validator/commons-validator/1.6/commons-validator-1.6.jar:/home/user/.m2/repository/commons-digester/commons-digester/1.8.1/commons-digester-1.8.1.jar:/home/user/.m2/repository/io/jaegertracing/jaeger-client/0.33.1/jaeger-client-0.33.1.jar:/home/user/.m2/repository/io/jaegertracing/jaeger-thrift/0.33.1/jaeger-thrift-0.33.1.jar:/home/user/.m2/repository/org/apache/thrift/libthrift/0.11.0/libthrift-0.11.0.jar:/home/user/.m2/repository/com/squareup/okhttp3/okhttp/3.9.0/okhttp-3.9.0.jar:/home/user/.m2/repository/com/squareup/okio/okio/1.13.0/okio-1.13.0.jar:/home/user/.m2/repository/io/jaegertracing/jaeger-core/0.33.1/jaeger-core-0.33.1.jar:/home/user/.m2/repository/io/jaegertracing/jaeger-tracerresolver/0.33.1/jaeger-tracerresolver-0.33.1.jar:/home/user/.m2/repository/io/opentracing/contrib/opentracing-tracerresolver/0.1.5/opentracing-tracerresolver-0.1.5.jar:/home/user/.m2/repository/io/opentracing/opentracing-util/0.31.0/opentracing-util-0.31.0.jar:/home/user/.m2/repository/io/opentracing/opentracing-api/0.31.0/opentracing-api-0.31.0.jar:/home/user/.m2/repository/io/opentracing/opentracing-noop/0.31.0/opentracing-noop-0.31.0.jar:/home/user/.m2/repository/org/apache/hadoop/hadoop-hdds-server-framework/0.5.0-SNAPSHOT/hadoop-hdds-server-framework-0.5.0-SNAPSHOT.jar:/home/user/.m2/repository/org/apache/hadoop/hadoop-hdds-container-service/0.5.0-SNAPSHOT/hadoop-hdds-container-service-0.5.0-SNAPSHOT.jar:/home/user/.m2/repository/org/apache/hadoop/hadoop-hdds-client/0.5.0-SNAPSHOT/hadoop-hdds-client-0.5.0-SNAPSHOT.jar:/home/user/.m2/repository/org/apache/hadoop/hadoop-hdds-tools/0.5.0-SNAPSHOT/hadoop-hdds-tools-0.5.0-SNAPSHOT.jar:/home/user/.m2/repository/org/apache/hadoop/hadoop-hdds-server-scm/0.5.0-SNAPSHOT/hadoop-hdds-server-scm-0.5.0-SNAPSHOT.jar:/home/user/.m2/repository/org/apache/hadoop/hadoop-hdds-docs/0.5.0-SNAPSHOT/hadoop-hdds-docs-0.5.0-SNAPSHOT.jar:/home/user/.m2/repository/com/sun/xml/bind/jaxb-impl/2.3.0.1/jaxb-impl-2.3.0.1.jar:/home/user/.m2/repository/com/sun/xml/bind/jaxb-core/2.3.0.1/jaxb-core-2.3.0.1.jar:/home/user/.m2/repository/javax/xml/bind/jaxb-api/2.3.0/jaxb-api-2.3.0.jar:/home/user/.m2/repository/javax/activation/activation/1.1.1/activation-1.1.1.jar:/home/user/.m2/repository/io/dropwizard/metrics/metrics-core/3.2.4/metrics-core-3.2.4.jar:/home/user/.m2/repository/org/hamcrest/hamcrest-all/1.3/hamcrest-all-1.3.jar:/home/user/.m2/repository/org/bouncycastle/bcprov-jdk15on/1.60/bcprov-jdk15on-1.60.jar:/home/user/.m2/repository/info/picocli/picocli/3.9.6/picocli-3.9.6.jar:/home/user/.m2/repository/com/google/protobuf/protobuf-java/2.5.0/protobuf-java-2.5.0.jar:/home/user/.m2/repository/com/google/guava/guava/11.0.2/guava-11.0.2.jar:/home/user/.m2/repository/org/apache/hadoop/hadoop-ozone-ozone-manager/0.5.0-SNAPSHOT/hadoop-ozone-ozone-manager-0.5.0-SNAPSHOT.jar:/home/user/.m2/repository/org/apache/hadoop/hadoop-minikdc/3.2.0/hadoop-minikdc-3.2.0.jar:/home/user/.m2/repository/commons-io/commons-io/2.5/commons-io-2.5.jar:/home/user/.m2/repository/org/apache/kerby/kerb-simplekdc/1.0.1/kerb-simplekdc-1.0.1.jar:/home/user/.m2/repository/org/apache/kerby/kerb-client/1.0.1/kerb-client-1.0.1.jar:/home/user/.m2/repository/org/apache/kerby/kerby-config/1.0.1/kerby-config-1.0.1.jar:/home/user/.m2/repository/org/apache/kerby/kerb-core/1.0.1/kerb-core-1.0.1.jar:/home/user/.m2/repository/org/apache/kerby/kerby-pkix/1.0.1/kerby-pkix-1.0.1.jar:/home/user/.m2/repository/org/apache/kerby/kerby-asn1/1.0.1/kerby-asn1-1.0.1.jar:/home/user/.m2/repository/org/apache/kerby/kerby-util/1.0.1/kerby-util-1.0.1.jar:/home/user/.m2/repository/org/apache/kerby/kerb-common/1.0.1/kerb-common-1.0.1.jar:/home/user/.m2/repository/org/apache/kerby/kerb-crypto/1.0.1/kerb-crypto-1.0.1.jar:/home/user/.m2/repository/org/apache/kerby/kerb-util/1.0.1/kerb-util-1.0.1.jar:/home/user/.m2/repository/org/apache/kerby/token-provider/1.0.1/token-provider-1.0.1.jar:/home/user/.m2/repository/org/apache/kerby/kerb-admin/1.0.1/kerb-admin-1.0.1.jar:/home/user/.m2/repository/org/apache/kerby/kerb-server/1.0.1/kerb-server-1.0.1.jar:/home/user/.m2/repository/org/apache/kerby/kerb-identity/1.0.1/kerb-identity-1.0.1.jar:/home/user/.m2/repository/org/apache/kerby/kerby-xdr/1.0.1/kerby-xdr-1.0.1.jar:/home/user/.m2/repository/org/slf4j/slf4j-log4j12/1.7.25/slf4j-log4j12-1.7.25.jar:/home/user/.m2/repository/org/apache/hadoop/hadoop-ozone-s3gateway/0.5.0-SNAPSHOT/hadoop-ozone-s3gateway-0.5.0-SNAPSHOT.jar:/home/user/.m2/repository/org/jboss/weld/servlet/weld-servlet/2.4.7.Final/weld-servlet-2.4.7.Final.jar:/home/user/.m2/repository/org/glassfish/jersey/containers/jersey-container-servlet-core/2.27/jersey-container-servlet-core-2.27.jar:/home/user/.m2/repository/org/glassfish/hk2/external/javax.inject/2.5.0-b42/javax.inject-2.5.0-b42.jar:/home/user/.m2/repository/org/glassfish/jersey/core/jersey-common/2.27/jersey-common-2.27.jar:/home/user/.m2/repository/org/glassfish/hk2/osgi-resource-locator/1.0.1/osgi-resource-locator-1.0.1.jar:/home/user/.m2/repository/javax/ws/rs/javax.ws.rs-api/2.1/javax.ws.rs-api-2.1.jar:/home/user/.m2/repository/org/glassfish/jersey/ext/cdi/jersey-cdi1x/2.27/jersey-cdi1x-2.27.jar:/home/user/.m2/repository/org/glassfish/jersey/inject/jersey-hk2/2.27/jersey-hk2-2.27.jar:/home/user/.m2/repository/org/glassfish/hk2/hk2-locator/2.5.0-b42/hk2-locator-2.5.0-b42.jar:/home/user/.m2/repository/org/javassist/javassist/3.22.0-CR2/javassist-3.22.0-CR2.jar:/home/user/.m2/repository/org/glassfish/hk2/hk2-api/2.5.0/hk2-api-2.5.0.jar:/home/user/.m2/repository/org/glassfish/hk2/external/jakarta.inject/2.5.0/jakarta.inject-2.5.0.jar:/home/user/.m2/repository/org/glassfish/hk2/hk2-utils/2.5.0/hk2-utils-2.5.0.jar:/home/user/.m2/repository/jakarta/annotation/jakarta.annotation-api/1.3.4/jakarta.annotation-api-1.3.4.jar:/home/user/.m2/repository/org/glassfish/hk2/external/aopalliance-repackaged/2.5.0/aopalliance-repackaged-2.5.0.jar:/home/user/.m2/repository/com/fasterxml/jackson/dataformat/jackson-dataformat-xml/2.9.0/jackson-dataformat-xml-2.9.0.jar:/home/user/.m2/repository/com/fasterxml/jackson/core/jackson-core/2.9.5/jackson-core-2.9.5.jar:/home/user/.m2/repository/com/fasterxml/jackson/module/jackson-module-jaxb-annotations/2.9.5/jackson-module-jaxb-annotations-2.9.5.jar:/home/user/.m2/repository/javax/enterprise/cdi-api/1.2/cdi-api-1.2.jar:/home/user/.m2/repository/javax/el/javax.el-api/3.0.0/javax.el-api-3.0.0.jar:/home/user/.m2/repository/javax/interceptor/javax.interceptor-api/1.2/javax.interceptor-api-1.2.jar:/home/user/.m2/repository/javax/inject/javax.inject/1/javax.inject-1.jar:/home/user/.m2/repository/org/apache/hadoop/hadoop-ozone-csi/0.5.0-SNAPSHOT/hadoop-ozone-csi-0.5.0-SNAPSHOT.jar:/home/user/.m2/repository/com/google/protobuf/protobuf-java-util/3.5.1/protobuf-java-util-3.5.1.jar:/home/user/.m2/repository/org/apache/hadoop/hadoop-hdds-config/0.5.0-SNAPSHOT/hadoop-hdds-config-0.5.0-SNAPSHOT.jar:/home/user/.m2/repository/io/grpc/grpc-netty/1.17.1/grpc-netty-1.17.1.jar:/home/user/.m2/repository/io/grpc/grpc-core/1.17.1/grpc-core-1.17.1.jar:/home/user/.m2/repository/io/grpc/grpc-context/1.17.1/grpc-context-1.17.1.jar:/home/user/.m2/repository/com/google/errorprone/error_prone_annotations/2.2.0/error_prone_annotations-2.2.0.jar:/home/user/.m2/repository/org/codehaus/mojo/animal-sniffer-annotations/1.17/animal-sniffer-annotations-1.17.jar:/home/user/.m2/repository/io/opencensus/opencensus-api/0.17.0/opencensus-api-0.17.0.jar:/home/user/.m2/repository/io/opencensus/opencensus-contrib-grpc-metrics/0.17.0/opencensus-contrib-grpc-metrics-0.17.0.jar:/home/user/.m2/repository/io/netty/netty-codec-http2/4.1.30.Final/netty-codec-http2-4.1.30.Final.jar:/home/user/.m2/repository/io/netty/netty-codec-http/4.1.30.Final/netty-codec-http-4.1.30.Final.jar:/home/user/.m2/repository/io/netty/netty-codec/4.1.30.Final/netty-codec-4.1.30.Final.jar:/home/user/.m2/repository/io/netty/netty-handler/4.1.30.Final/netty-handler-4.1.30.Final.jar:/home/user/.m2/repository/io/netty/netty-handler-proxy/4.1.30.Final/netty-handler-proxy-4.1.30.Final.jar:/home/user/.m2/repository/io/netty/netty-codec-socks/4.1.30.Final/netty-codec-socks-4.1.30.Final.jar:/home/user/.m2/repository/io/netty/netty-transport-native-epoll/4.1.30.Final/netty-transport-native-epoll-4.1.30.Final.jar:/home/user/.m2/repository/io/netty/netty-common/4.1.30.Final/netty-common-4.1.30.Final.jar:/home/user/.m2/repository/io/netty/netty-buffer/4.1.30.Final/netty-buffer-4.1.30.Final.jar:/home/user/.m2/repository/io/netty/netty-transport/4.1.30.Final/netty-transport-4.1.30.Final.jar:/home/user/.m2/repository/io/netty/netty-resolver/4.1.30.Final/netty-resolver-4.1.30.Final.jar:/home/user/.m2/repository/io/netty/netty-transport-native-unix-common/4.1.30.Final/netty-transport-native-unix-common-4.1.30.Final.jar:/home/user/.m2/repository/io/grpc/grpc-protobuf/1.17.1/grpc-protobuf-1.17.1.jar:/home/user/.m2/repository/com/google/api/grpc/proto-google-common-protos/1.0.0/proto-google-common-protos-1.0.0.jar:/home/user/.m2/repository/io/grpc/grpc-protobuf-lite/1.17.1/grpc-protobuf-lite-1.17.1.jar:/home/user/.m2/repository/io/grpc/grpc-stub/1.17.1/grpc-stub-1.17.1.jar:/home/user/.m2/repository/org/apache/hadoop/hadoop-ozone-recon/0.5.0-SNAPSHOT/hadoop-ozone-recon-0.5.0-SNAPSHOT.jar:/home/user/.m2/repository/org/apache/hadoop/hadoop-ozone-reconcodegen/0.5.0-SNAPSHOT/hadoop-ozone-reconcodegen-0.5.0-SNAPSHOT.jar:/home/user/.m2/repository/com/google/inject/extensions/guice-multibindings/4.0/guice-multibindings-4.0.jar:/home/user/.m2/repository/com/google/inject/guice/4.0/guice-4.0.jar:/home/user/.m2/repository/aopalliance/aopalliance/1.0/aopalliance-1.0.jar:/home/user/.m2/repository/com/google/inject/extensions/guice-servlet/4.0/guice-servlet-4.0.jar:/home/user/.m2/repository/org/glassfish/jersey/containers/jersey-container-servlet/2.27/jersey-container-servlet-2.27.jar:/home/user/.m2/repository/org/glassfish/hk2/guice-bridge/2.5.0/guice-bridge-2.5.0.jar:/home/user/.m2/repository/org/glassfish/jersey/core/jersey-server/2.27/jersey-server-2.27.jar:/home/user/.m2/repository/org/glassfish/jersey/core/jersey-client/2.27/jersey-client-2.27.jar:/home/user/.m2/repository/org/glassfish/jersey/media/jersey-media-jaxb/2.27/jersey-media-jaxb-2.27.jar:/home/user/.m2/repository/javax/validation/validation-api/1.1.0.Final/validation-api-1.1.0.Final.jar:/home/user/.m2/repository/org/glassfish/jersey/media/jersey-media-json-jackson/2.27/jersey-media-json-jackson-2.27.jar:/home/user/.m2/repository/org/glassfish/jersey/ext/jersey-entity-filtering/2.27/jersey-entity-filtering-2.27.jar:/home/user/.m2/repository/com/google/inject/extensions/guice-assistedinject/4.0/guice-assistedinject-4.0.jar:/home/user/.m2/repository/org/jooq/jooq/3.11.10/jooq-3.11.10.jar:/home/user/.m2/repository/org/jooq/jooq-meta/3.11.10/jooq-meta-3.11.10.jar:/home/user/.m2/repository/org/jooq/jooq-codegen/3.11.10/jooq-codegen-3.11.10.jar:/home/user/.m2/repository/com/jolbox/bonecp/0.8.0.RELEASE/bonecp-0.8.0.RELEASE.jar:/home/user/.m2/repository/org/xerial/sqlite-jdbc/3.25.2/sqlite-jdbc-3.25.2.jar:/home/user/.m2/repository/org/springframework/spring-jdbc/5.1.3.RELEASE/spring-jdbc-5.1.3.RELEASE.jar:/home/user/.m2/repository/org/springframework/spring-beans/5.1.3.RELEASE/spring-beans-5.1.3.RELEASE.jar:/home/user/.m2/repository/org/springframework/spring-core/5.1.3.RELEASE/spring-core-5.1.3.RELEASE.jar:/home/user/.m2/repository/org/springframework/spring-jcl/5.1.3.RELEASE/spring-jcl-5.1.3.RELEASE.jar:/home/user/.m2/repository/org/springframework/spring-tx/5.1.3.RELEASE/spring-tx-5.1.3.RELEASE.jar:/home/user/.m2/repository/org/apache/hadoop/hadoop-ozone-client/0.5.0-SNAPSHOT/hadoop-ozone-client-0.5.0-SNAPSHOT.jar:/home/user/.m2/repository/commons-lang/commons-lang/2.6/commons-lang-2.6.jar:/home/user/.m2/repository/org/apache/hadoop/hadoop-ozone-ozone-manager/0.5.0-SNAPSHOT/hadoop-ozone-ozone-manager-0.5.0-SNAPSHOT-tests.jar:/home/user/.m2/repository/junit/junit/4.11/junit-4.11.jar:/home/user/.m2/repository/org/hamcrest/hamcrest-core/1.3/hamcrest-core-1.3.jar:/home/user/.m2/repository/org/openjdk/jmh/jmh-core/1.19/jmh-core-1.19.jar:/home/user/.m2/repository/net/sf/jopt-simple/jopt-simple/4.6/jopt-simple-4.6.jar:/home/user/.m2/repository/org/apache/commons/commons-math3/3.1.1/commons-math3-3.1.1.jar:/home/user/.m2/repository/org/openjdk/jmh/jmh-generator-annprocess/1.19/jmh-generator-annprocess-1.19.jar:/home/user/.m2/repository/org/mockito/mockito-all/1.8.5/mockito-all-1.8.5.jar:/home/user/.m2/repository/org/apache/hadoop/hadoop-kms/3.2.0/hadoop-kms-3.2.0.jar:/home/user/.m2/repository/org/apache/hadoop/hadoop-auth/3.2.0/hadoop-auth-3.2.0.jar:/home/user/.m2/repository/com/nimbusds/nimbus-jose-jwt/4.41.1/nimbus-jose-jwt-4.41.1.jar:/home/user/.m2/repository/com/github/stephenc/jcip/jcip-annotations/1.0-1/jcip-annotations-1.0-1.jar:/home/user/.m2/repository/net/minidev/json-smart/2.3/json-smart-2.3.jar:/home/user/.m2/repository/net/minidev/accessors-smart/1.2/accessors-smart-1.2.jar:/home/user/.m2/repository/org/ow2/asm/asm/5.0.4/asm-5.0.4.jar:/home/user/.m2/repository/org/apache/curator/curator-framework/2.12.0/curator-framework-2.12.0.jar:/home/user/.m2/repository/com/sun/jersey/jersey-core/1.19/jersey-core-1.19.jar:/home/user/.m2/repository/javax/ws/rs/jsr311-api/1.1.1/jsr311-api-1.1.1.jar:/home/user/.m2/repository/com/sun/jersey/jersey-server/1.19/jersey-server-1.19.jar:/home/user/.m2/repository/javax/servlet/javax.servlet-api/3.1.0/javax.servlet-api-3.1.0.jar:/home/user/.m2/repository/org/eclipse/jetty/jetty-server/9.3.24.v20180605/jetty-server-9.3.24.v20180605.jar:/home/user/.m2/repository/org/eclipse/jetty/jetty-http/9.3.24.v20180605/jetty-http-9.3.24.v20180605.jar:/home/user/.m2/repository/org/eclipse/jetty/jetty-io/9.3.24.v20180605/jetty-io-9.3.24.v20180605.jar:/home/user/.m2/repository/org/eclipse/jetty/jetty-webapp/9.3.24.v20180605/jetty-webapp-9.3.24.v20180605.jar:/home/user/.m2/repository/org/eclipse/jetty/jetty-xml/9.3.24.v20180605/jetty-xml-9.3.24.v20180605.jar:/home/user/.m2/repository/log4j/log4j/1.2.17/log4j-1.2.17.jar:/home/user/.m2/repository/org/slf4j/slf4j-api/1.7.25/slf4j-api-1.7.25.jar:/home/user/.m2/repository/org/slf4j/jul-to-slf4j/1.7.25/jul-to-slf4j-1.7.25.jar:/home/user/.m2/repository/org/eclipse/jetty/jetty-util/9.3.24.v20180605/jetty-util-9.3.24.v20180605.jar:/home/user/.m2/repository/com/fasterxml/jackson/core/jackson-databind/2.9.5/jackson-databind-2.9.5.jar:/home/user/.m2/repository/org/apache/hadoop/hadoop-kms/3.2.0/hadoop-kms-3.2.0-tests.jar:/home/user/.m2/repository/org/apache/hadoop/hadoop-hdds-server-scm/0.5.0-SNAPSHOT/hadoop-hdds-server-scm-0.5.0-SNAPSHOT-tests.jar:/home/user/.m2/repository/org/apache/hadoop/hadoop-hdds-container-service/0.5.0-SNAPSHOT/hadoop-hdds-container-service-0.5.0-SNAPSHOT-tests.jar:/home/user/.m2/repository/org/yaml/snakeyaml/1.16/snakeyaml-1.16.jar:/home/user/.m2/repository/org/apache/hadoop/hadoop-common/3.2.0/hadoop-common-3.2.0-tests.jar:/home/user/.m2/repository/org/apache/hadoop/hadoop-annotations/3.2.0/hadoop-annotations-3.2.0.jar:/usr/lib/jvm/java-1.8-openjdk/jre/../lib/tools.jar:/home/user/.m2/repository/commons-cli/commons-cli/1.2/commons-cli-1.2.jar:/home/user/.m2/repository/org/apache/httpcomponents/httpclient/4.5.2/httpclient-4.5.2.jar:/home/user/.m2/repository/org/apache/httpcomponents/httpcore/4.4.4/httpcore-4.4.4.jar:/home/user/.m2/repository/commons-codec/commons-codec/1.11/commons-codec-1.11.jar:/home/user/.m2/repository/commons-net/commons-net/3.6/commons-net-3.6.jar:/home/user/.m2/repository/commons-collections/commons-collections/3.2.2/commons-collections-3.2.2.jar:/home/user/.m2/repository/org/eclipse/jetty/jetty-servlet/9.3.24.v20180605/jetty-servlet-9.3.24.v20180605.jar:/home/user/.m2/repository/org/eclipse/jetty/jetty-security/9.3.24.v20180605/jetty-security-9.3.24.v20180605.jar:/home/user/.m2/repository/javax/servlet/jsp/jsp-api/2.1/jsp-api-2.1.jar:/home/user/.m2/repository/com/sun/jersey/jersey-servlet/1.19/jersey-servlet-1.19.jar:/home/user/.m2/repository/com/sun/jersey/jersey-json/1.19/jersey-json-1.19.jar:/home/user/.m2/repository/org/codehaus/jettison/jettison/1.1/jettison-1.1.jar:/home/user/.m2/repository/org/codehaus/jackson/jackson-core-asl/1.9.13/jackson-core-asl-1.9.13.jar:/home/user/.m2/repository/org/codehaus/jackson/jackson-mapper-asl/1.9.13/jackson-mapper-asl-1.9.13.jar:/home/user/.m2/repository/org/codehaus/jackson/jackson-jaxrs/1.9.13/jackson-jaxrs-1.9.13.jar:/home/user/.m2/repository/org/codehaus/jackson/jackson-xc/1.9.13/jackson-xc-1.9.13.jar:/home/user/.m2/repository/commons-logging/commons-logging/1.1.3/commons-logging-1.1.3.jar:/home/user/.m2/repository/commons-beanutils/commons-beanutils/1.9.3/commons-beanutils-1.9.3.jar:/home/user/.m2/repository/org/apache/commons/commons-configuration2/2.1.1/commons-configuration2-2.1.1.jar:/home/user/.m2/repository/org/apache/commons/commons-lang3/3.7/commons-lang3-3.7.jar:/home/user/.m2/repository/org/apache/commons/commons-text/1.4/commons-text-1.4.jar:/home/user/.m2/repository/org/apache/avro/avro/1.7.7/avro-1.7.7.jar:/home/user/.m2/repository/com/thoughtworks/paranamer/paranamer/2.3/paranamer-2.3.jar:/home/user/.m2/repository/org/xerial/snappy/snappy-java/1.0.5/snappy-java-1.0.5.jar:/home/user/.m2/repository/com/google/re2j/re2j/1.1/re2j-1.1.jar:/home/user/.m2/repository/com/google/code/gson/gson/2.2.4/gson-2.2.4.jar:/home/user/.m2/repository/com/jcraft/jsch/0.1.54/jsch-0.1.54.jar:/home/user/.m2/repository/org/apache/curator/curator-client/2.12.0/curator-client-2.12.0.jar:/home/user/.m2/repository/org/apache/curator/curator-recipes/2.12.0/curator-recipes-2.12.0.jar:/home/user/.m2/repository/com/google/code/findbugs/jsr305/3.0.0/jsr305-3.0.0.jar:/home/user/.m2/repository/org/apache/htrace/htrace-core4/4.1.0-incubating/htrace-core4-4.1.0-incubating.jar:/home/user/.m2/repository/org/apache/zookeeper/zookeeper/3.4.13/zookeeper-3.4.13.jar:/home/user/.m2/repository/org/apache/yetus/audience-annotations/0.5.0/audience-annotations-0.5.0.jar:/home/user/.m2/repository/org/codehaus/woodstox/stax2-api/3.1.4/stax2-api-3.1.4.jar:/home/user/.m2/repository/com/fasterxml/woodstox/woodstox-core/5.0.3/woodstox-core-5.0.3.jar:/home/user/.m2/repository/dnsjava/dnsjava/2.1.7/dnsjava-2.1.7.jar:/home/user/.m2/repository/org/apache/hadoop/hadoop-hdfs/3.2.0/hadoop-hdfs-3.2.0-tests.jar:/home/user/.m2/repository/org/eclipse/jetty/jetty-util-ajax/9.3.24.v20180605/jetty-util-ajax-9.3.24.v20180605.jar:/home/user/.m2/repository/commons-daemon/commons-daemon/1.0.13/commons-daemon-1.0.13.jar:/home/user/.m2/repository/io/netty/netty/3.10.5.Final/netty-3.10.5.Final.jar:/home/user/.m2/repository/io/netty/netty-all/4.0.52.Final/netty-all-4.0.52.Final.jar:/home/user/.m2/repository/org/fusesource/leveldbjni/leveldbjni-all/1.8/leveldbjni-all-1.8.jar:"/>
    <property name="sun.cpu.endian" value="little"/>
    <property name="user.home" value="/home/user"/>
    <property name="user.language" value="en"/>
    <property name="java.specification.vendor" value="Oracle Corporation"/>
    <property name="java.home" value="/usr/lib/jvm/java-1.8-openjdk/jre"/>
    <property name="java.security.krb5.conf" value="/workdir/hadoop-ozone/integration-test/target/test-classes/krb5.conf"/>
    <property name="basedir" value="/workdir/hadoop-ozone/integration-test"/>
    <property name="file.separator" value="/"/>
    <property name="line.separator" value="&#10;"/>
    <property name="java.vm.specification.vendor" value="Oracle Corporation"/>
    <property name="java.specification.name" value="Java Platform API Specification"/>
    <property name="java.awt.graphicsenv" value="sun.awt.X11GraphicsEnvironment"/>
    <property name="surefire.real.class.path" value="/workdir/hadoop-ozone/integration-test/target/surefire/surefirebooter3773791033950657739.jar"/>
    <property name="hadoop.log.dir" value="/workdir/hadoop-ozone/integration-test/target/log"/>
    <property name="sun.boot.class.path" value="/usr/lib/jvm/java-1.8-openjdk/jre/lib/resources.jar:/usr/lib/jvm/java-1.8-openjdk/jre/lib/rt.jar:/usr/lib/jvm/java-1.8-openjdk/jre/lib/sunrsasign.jar:/usr/lib/jvm/java-1.8-openjdk/jre/lib/jsse.jar:/usr/lib/jvm/java-1.8-openjdk/jre/lib/jce.jar:/usr/lib/jvm/java-1.8-openjdk/jre/lib/charsets.jar:/usr/lib/jvm/java-1.8-openjdk/jre/lib/jfr.jar:/usr/lib/jvm/java-1.8-openjdk/jre/classes"/>
    <property name="sun.management.compiler" value="HotSpot 64-Bit Tiered Compilers"/>
    <property name="java.runtime.version" value="1.8.0_212-b04"/>
    <property name="java.net.preferIPv4Stack" value="true"/>
    <property name="user.name" value="jenkins1000"/>
    <property name="path.separator" value=":"/>
    <property name="java.security.egd" value="file:///dev/urandom"/>
    <property name="os.version" value="3.10.0-957.12.2.el7.x86_64"/>
    <property name="java.endorsed.dirs" value="/usr/lib/jvm/java-1.8-openjdk/jre/lib/endorsed"/>
    <property name="java.runtime.name" value="OpenJDK Runtime Environment"/>
    <property name="file.encoding" value="UTF-8"/>
    <property name="java.vm.name" value="OpenJDK 64-Bit Server VM"/>
    <property name="test.build.webapps" value=""/>
    <property name="localRepository" value="/home/user/.m2/repository"/>
    <property name="java.vendor.url.bug" value="https://icedtea.classpath.org/bugzilla"/>
    <property name="java.io.tmpdir" value="/tmp"/>
    <property name="require.test.libhadoop" value=""/>
    <property name="java.version" value="1.8.0_212"/>
    <property name="user.dir" value="/workdir/hadoop-ozone/integration-test"/>
    <property name="os.arch" value="amd64"/>
    <property name="java.vm.specification.name" value="Java Virtual Machine Specification"/>
    <property name="test.build.classes" value="/workdir/hadoop-ozone/integration-test/target/test-classes"/>
    <property name="java.awt.printerjob" value="sun.print.PSPrinterJob"/>
    <property name="sun.os.patch.level" value="unknown"/>
    <property name="hadoop.tmp.dir" value="/workdir/hadoop-ozone/integration-test/target/tmp"/>
    <property name="java.library.path" value="/usr/lib/jvm/java-1.8-openjdk/jre/lib/amd64/server:/usr/lib/jvm/java-1.8-openjdk/jre/lib/amd64:/usr/lib/jvm/java-1.8-openjdk/jre/../lib/amd64:/workdir/hadoop-ozone/integration-test/target/native/target/usr/local/lib:/workdir/hadoop-ozone/integration-test/../../hadoop-common-project/hadoop-common/target/native/target/usr/local/lib:/usr/java/packages/lib/amd64:/usr/lib64:/lib64:/lib:/usr/lib"/>
    <property name="java.vm.info" value="mixed mode"/>
    <property name="java.vendor" value="IcedTea"/>
    <property name="java.vm.version" value="25.212-b04"/>
    <property name="java.ext.dirs" value="/usr/lib/jvm/java-1.8-openjdk/jre/lib/ext:/usr/java/packages/lib/ext"/>
    <property name="sun.io.unicode.encoding" value="UnicodeLittle"/>
    <property name="java.class.version" value="52.0"/>
  </properties>
  <testcase name="testReleaseBuffers" classname="org.apache.hadoop.ozone.client.rpc.TestCommitWatcher" time="10.904"/>
  <testcase name="testReleaseBuffersOnException" classname="org.apache.hadoop.ozone.client.rpc.TestCommitWatcher" time="17.122">
    <failure type="java.lang.AssertionError">java.lang.AssertionError
	at org.junit.Assert.fail(Assert.java:86)
	at org.junit.Assert.assertTrue(Assert.java:41)
	at org.junit.Assert.assertTrue(Assert.java:52)
	at org.apache.hadoop.ozone.client.rpc.TestCommitWatcher.testReleaseBuffersOnException(TestCommitWatcher.java:284)
	at sun.reflect.NativeMethodAccessorImpl.invoke0(Native Method)
	at sun.reflect.NativeMethodAccessorImpl.invoke(NativeMethodAccessorImpl.java:62)
	at sun.reflect.DelegatingMethodAccessorImpl.invoke(DelegatingMethodAccessorImpl.java:43)
	at java.lang.reflect.Method.invoke(Method.java:498)
	at org.junit.runners.model.FrameworkMethod$1.runReflectiveCall(FrameworkMethod.java:47)
	at org.junit.internal.runners.model.ReflectiveCallable.run(ReflectiveCallable.java:12)
	at org.junit.runners.model.FrameworkMethod.invokeExplosively(FrameworkMethod.java:44)
	at org.junit.internal.runners.statements.InvokeMethod.evaluate(InvokeMethod.java:17)
	at org.junit.runners.ParentRunner.runLeaf(ParentRunner.java:271)
	at org.junit.runners.BlockJUnit4ClassRunner.runChild(BlockJUnit4ClassRunner.java:70)
	at org.junit.runners.BlockJUnit4ClassRunner.runChild(BlockJUnit4ClassRunner.java:50)
	at org.junit.runners.ParentRunner$3.run(ParentRunner.java:238)
	at org.junit.runners.ParentRunner$1.schedule(ParentRunner.java:63)
	at org.junit.runners.ParentRunner.runChildren(ParentRunner.java:236)
	at org.junit.runners.ParentRunner.access$000(ParentRunner.java:53)
	at org.junit.runners.ParentRunner$2.evaluate(ParentRunner.java:229)
	at org.junit.internal.runners.statements.RunBefores.evaluate(RunBefores.java:26)
	at org.junit.internal.runners.statements.RunAfters.evaluate(RunAfters.java:27)
	at org.junit.runners.ParentRunner.run(ParentRunner.java:309)
	at org.apache.maven.surefire.junit4.JUnit4Provider.execute(JUnit4Provider.java:365)
	at org.apache.maven.surefire.junit4.JUnit4Provider.executeWithRerun(JUnit4Provider.java:273)
	at org.apache.maven.surefire.junit4.JUnit4Provider.executeTestSet(JUnit4Provider.java:238)
	at org.apache.maven.surefire.junit4.JUnit4Provider.invoke(JUnit4Provider.java:159)
	at org.apache.maven.surefire.booter.ForkedBooter.invokeProviderInSameClassLoader(ForkedBooter.java:384)
	at org.apache.maven.surefire.booter.ForkedBooter.runSuitesInProcess(ForkedBooter.java:345)
	at org.apache.maven.surefire.booter.ForkedBooter.execute(ForkedBooter.java:126)
	at org.apache.maven.surefire.booter.ForkedBooter.main(ForkedBooter.java:418)
</failure>
    <system-out><![CDATA[2019-08-28 22:39:07,659 | INFO  | SCMAudit | user=jenkins1000 | ip=192.168.36.111 | op=SEND_HEARTBEAT {datanodeUUID=f6b99aed-3bcb-4bc1-bde0-c5dfc603163d, command=[]} | ret=SUCCESS |  
2019-08-28 22:39:07,660 [grpc-default-executor-0] INFO  client.GrpcClientProtocolClient (GrpcClientProtocolClient.java:onNext(255)) - client-307BCED30E83->e2b65f49-9637-4a82-a7dd-68b32c9cbc71: receive RaftClientReply:client-307BCED30E83->e2b65f49-9637-4a82-a7dd-68b32c9cbc71@group-BF8EF3A149CC, cid=17, FAILED org.apache.ratis.protocol.NotLeaderException: Server e2b65f49-9637-4a82-a7dd-68b32c9cbc71 is not the leader (null). Request must be sent to leader., logIndex=0, commits[e2b65f49-9637-4a82-a7dd-68b32c9cbc71:c-1]
2019-08-28 22:39:08,164 | INFO  | SCMAudit | user=jenkins1000 | ip=192.168.36.111 | op=SEND_HEARTBEAT {datanodeUUID=86ac96e3-3369-4edb-adc6-3f0fc164c9f1, command=[]} | ret=SUCCESS |  
2019-08-28 22:39:08,181 | INFO  | SCMAudit | user=jenkins1000 | ip=192.168.36.111 | op=SEND_HEARTBEAT {datanodeUUID=2815142a-2f08-4152-a2be-84cf11fb517d, command=[]} | ret=SUCCESS |  
2019-08-28 22:39:08,181 | INFO  | SCMAudit | user=jenkins1000 | ip=192.168.36.111 | op=SEND_HEARTBEAT {datanodeUUID=3e7cb256-49a0-429b-8700-c0b065a0f304, command=[]} | ret=SUCCESS |  
2019-08-28 22:39:08,376 | INFO  | SCMAudit | user=jenkins1000 | ip=192.168.36.111 | op=SEND_HEARTBEAT {datanodeUUID=e2b65f49-9637-4a82-a7dd-68b32c9cbc71, command=[]} | ret=SUCCESS |  
2019-08-28 22:39:08,463 | INFO  | SCMAudit | user=jenkins1000 | ip=192.168.36.111 | op=SEND_HEARTBEAT {datanodeUUID=08268cd6-5dcb-413d-992d-54f67f2c89a8, command=[]} | ret=SUCCESS |  
2019-08-28 22:39:08,562 | INFO  | SCMAudit | user=jenkins1000 | ip=192.168.36.111 | op=SEND_HEARTBEAT {datanodeUUID=95c062d2-902c-4769-a1e5-98e907b1bf44, command=[]} | ret=SUCCESS |  
2019-08-28 22:39:08,660 | INFO  | SCMAudit | user=jenkins1000 | ip=192.168.36.111 | op=SEND_HEARTBEAT {datanodeUUID=f6b99aed-3bcb-4bc1-bde0-c5dfc603163d, command=[]} | ret=SUCCESS |  
2019-08-28 22:39:08,696 [grpc-default-executor-0] INFO  client.GrpcClientProtocolClient (GrpcClientProtocolClient.java:onNext(255)) - client-307BCED30E83->95c062d2-902c-4769-a1e5-98e907b1bf44: receive RaftClientReply:client-307BCED30E83->95c062d2-902c-4769-a1e5-98e907b1bf44@group-BF8EF3A149CC, cid=17, FAILED org.apache.ratis.protocol.NotLeaderException: Server 95c062d2-902c-4769-a1e5-98e907b1bf44 is not the leader (null). Request must be sent to leader., logIndex=0, commits[95c062d2-902c-4769-a1e5-98e907b1bf44:c-1]
2019-08-28 22:39:09,164 | INFO  | SCMAudit | user=jenkins1000 | ip=192.168.36.111 | op=SEND_HEARTBEAT {datanodeUUID=86ac96e3-3369-4edb-adc6-3f0fc164c9f1, command=[]} | ret=SUCCESS |  
2019-08-28 22:39:09,181 | INFO  | SCMAudit | user=jenkins1000 | ip=192.168.36.111 | op=SEND_HEARTBEAT {datanodeUUID=2815142a-2f08-4152-a2be-84cf11fb517d, command=[]} | ret=SUCCESS |  
2019-08-28 22:39:09,181 | INFO  | SCMAudit | user=jenkins1000 | ip=192.168.36.111 | op=SEND_HEARTBEAT {datanodeUUID=3e7cb256-49a0-429b-8700-c0b065a0f304, command=[]} | ret=SUCCESS |  
2019-08-28 22:39:09,377 | INFO  | SCMAudit | user=jenkins1000 | ip=192.168.36.111 | op=SEND_HEARTBEAT {datanodeUUID=e2b65f49-9637-4a82-a7dd-68b32c9cbc71, command=[]} | ret=SUCCESS |  
2019-08-28 22:39:09,462 | INFO  | SCMAudit | user=jenkins1000 | ip=192.168.36.111 | op=SEND_HEARTBEAT {datanodeUUID=08268cd6-5dcb-413d-992d-54f67f2c89a8, command=[]} | ret=SUCCESS |  
2019-08-28 22:39:09,562 | INFO  | SCMAudit | user=jenkins1000 | ip=192.168.36.111 | op=SEND_HEARTBEAT {datanodeUUID=95c062d2-902c-4769-a1e5-98e907b1bf44, command=[]} | ret=SUCCESS |  
2019-08-28 22:39:09,660 | INFO  | SCMAudit | user=jenkins1000 | ip=192.168.36.111 | op=SEND_HEARTBEAT {datanodeUUID=f6b99aed-3bcb-4bc1-bde0-c5dfc603163d, command=[]} | ret=SUCCESS |  
2019-08-28 22:39:09,725 [grpc-default-executor-0] INFO  client.GrpcClientProtocolClient (GrpcClientProtocolClient.java:onNext(255)) - client-307BCED30E83->e2b65f49-9637-4a82-a7dd-68b32c9cbc71: receive RaftClientReply:client-307BCED30E83->e2b65f49-9637-4a82-a7dd-68b32c9cbc71@group-BF8EF3A149CC, cid=17, FAILED org.apache.ratis.protocol.NotLeaderException: Server e2b65f49-9637-4a82-a7dd-68b32c9cbc71 is not the leader (null). Request must be sent to leader., logIndex=0, commits[e2b65f49-9637-4a82-a7dd-68b32c9cbc71:c-1]
2019-08-28 22:39:10,165 | INFO  | SCMAudit | user=jenkins1000 | ip=192.168.36.111 | op=SEND_HEARTBEAT {datanodeUUID=86ac96e3-3369-4edb-adc6-3f0fc164c9f1, command=[]} | ret=SUCCESS |  
2019-08-28 22:39:10,181 | INFO  | SCMAudit | user=jenkins1000 | ip=192.168.36.111 | op=SEND_HEARTBEAT {datanodeUUID=3e7cb256-49a0-429b-8700-c0b065a0f304, command=[]} | ret=SUCCESS |  
2019-08-28 22:39:10,181 | INFO  | SCMAudit | user=jenkins1000 | ip=192.168.36.111 | op=SEND_HEARTBEAT {datanodeUUID=2815142a-2f08-4152-a2be-84cf11fb517d, command=[]} | ret=SUCCESS |  
2019-08-28 22:39:10,378 | INFO  | SCMAudit | user=jenkins1000 | ip=192.168.36.111 | op=SEND_HEARTBEAT {datanodeUUID=e2b65f49-9637-4a82-a7dd-68b32c9cbc71, command=[]} | ret=SUCCESS |  
2019-08-28 22:39:10,463 | INFO  | SCMAudit | user=jenkins1000 | ip=192.168.36.111 | op=SEND_HEARTBEAT {datanodeUUID=08268cd6-5dcb-413d-992d-54f67f2c89a8, command=[]} | ret=SUCCESS |  
2019-08-28 22:39:10,563 | INFO  | SCMAudit | user=jenkins1000 | ip=192.168.36.111 | op=SEND_HEARTBEAT {datanodeUUID=95c062d2-902c-4769-a1e5-98e907b1bf44, command=[]} | ret=SUCCESS |  
2019-08-28 22:39:10,660 | INFO  | SCMAudit | user=jenkins1000 | ip=192.168.36.111 | op=SEND_HEARTBEAT {datanodeUUID=f6b99aed-3bcb-4bc1-bde0-c5dfc603163d, command=[]} | ret=SUCCESS |  
2019-08-28 22:39:10,764 [grpc-default-executor-0] INFO  client.GrpcClientProtocolClient (GrpcClientProtocolClient.java:onNext(255)) - client-307BCED30E83->95c062d2-902c-4769-a1e5-98e907b1bf44: receive RaftClientReply:client-307BCED30E83->95c062d2-902c-4769-a1e5-98e907b1bf44@group-BF8EF3A149CC, cid=17, FAILED org.apache.ratis.protocol.NotLeaderException: Server 95c062d2-902c-4769-a1e5-98e907b1bf44 is not the leader (null). Request must be sent to leader., logIndex=0, commits[95c062d2-902c-4769-a1e5-98e907b1bf44:c-1]
2019-08-28 22:39:11,164 | INFO  | SCMAudit | user=jenkins1000 | ip=192.168.36.111 | op=SEND_HEARTBEAT {datanodeUUID=86ac96e3-3369-4edb-adc6-3f0fc164c9f1, command=[]} | ret=SUCCESS |  
2019-08-28 22:39:11,181 | INFO  | SCMAudit | user=jenkins1000 | ip=192.168.36.111 | op=SEND_HEARTBEAT {datanodeUUID=3e7cb256-49a0-429b-8700-c0b065a0f304, command=[]} | ret=SUCCESS |  
2019-08-28 22:39:11,181 | INFO  | SCMAudit | user=jenkins1000 | ip=192.168.36.111 | op=SEND_HEARTBEAT {datanodeUUID=2815142a-2f08-4152-a2be-84cf11fb517d, command=[]} | ret=SUCCESS |  
2019-08-28 22:39:11,378 | INFO  | SCMAudit | user=jenkins1000 | ip=192.168.36.111 | op=SEND_HEARTBEAT {datanodeUUID=e2b65f49-9637-4a82-a7dd-68b32c9cbc71, command=[]} | ret=SUCCESS |  
2019-08-28 22:39:11,462 | INFO  | SCMAudit | user=jenkins1000 | ip=192.168.36.111 | op=SEND_HEARTBEAT {datanodeUUID=08268cd6-5dcb-413d-992d-54f67f2c89a8, command=[]} | ret=SUCCESS |  
2019-08-28 22:39:11,562 | INFO  | SCMAudit | user=jenkins1000 | ip=192.168.36.111 | op=SEND_HEARTBEAT {datanodeUUID=95c062d2-902c-4769-a1e5-98e907b1bf44, command=[]} | ret=SUCCESS |  
2019-08-28 22:39:11,661 | INFO  | SCMAudit | user=jenkins1000 | ip=192.168.36.111 | op=SEND_HEARTBEAT {datanodeUUID=f6b99aed-3bcb-4bc1-bde0-c5dfc603163d, command=[]} | ret=SUCCESS |  
2019-08-28 22:39:11,661 [Thread-370] INFO  impl.FollowerState (FollowerState.java:run(106)) - e2b65f49-9637-4a82-a7dd-68b32c9cbc71:group-BF8EF3A149CC changes to CANDIDATE, lastRpcTime:5019, electionTimeout:5015ms
2019-08-28 22:39:11,661 [Thread-370] INFO  impl.RoleInfo (RoleInfo.java:shutdownFollowerState(121)) - e2b65f49-9637-4a82-a7dd-68b32c9cbc71: shutdown FollowerState
2019-08-28 22:39:11,662 [Thread-370] INFO  impl.RaftServerImpl (RaftServerImpl.java:setRole(171)) - e2b65f49-9637-4a82-a7dd-68b32c9cbc71:group-BF8EF3A149CC changes role from FOLLOWER to CANDIDATE at term 2 for changeToCandidate
2019-08-28 22:39:11,662 [Thread-370] INFO  impl.RoleInfo (RoleInfo.java:updateAndGet(143)) - e2b65f49-9637-4a82-a7dd-68b32c9cbc71: start LeaderElection
2019-08-28 22:39:11,698 [e2b65f49-9637-4a82-a7dd-68b32c9cbc71:group-BF8EF3A149CC:LeaderElection19] INFO  impl.LeaderElection (LeaderElection.java:askForVotes(181)) - e2b65f49-9637-4a82-a7dd-68b32c9cbc71:group-BF8EF3A149CC:LeaderElection19: begin an election at term 3 for -1: [95c062d2-902c-4769-a1e5-98e907b1bf44:192.168.36.111:40519, e2b65f49-9637-4a82-a7dd-68b32c9cbc71:192.168.36.111:38193, 08268cd6-5dcb-413d-992d-54f67f2c89a8:192.168.36.111:43467], old=null
2019-08-28 22:39:11,703 [grpc-default-executor-5] INFO  impl.RaftServerImpl (RaftServerImpl.java:setRole(171)) - 08268cd6-5dcb-413d-992d-54f67f2c89a8:group-BF8EF3A149CC changes role from FOLLOWER to FOLLOWER at term 3 for recognizeCandidate:e2b65f49-9637-4a82-a7dd-68b32c9cbc71
2019-08-28 22:39:11,703 [grpc-default-executor-0] INFO  impl.RaftServerImpl (RaftServerImpl.java:setRole(171)) - 95c062d2-902c-4769-a1e5-98e907b1bf44:group-BF8EF3A149CC changes role from FOLLOWER to FOLLOWER at term 3 for recognizeCandidate:e2b65f49-9637-4a82-a7dd-68b32c9cbc71
2019-08-28 22:39:11,703 [grpc-default-executor-5] INFO  impl.RoleInfo (RoleInfo.java:shutdownFollowerState(121)) - 08268cd6-5dcb-413d-992d-54f67f2c89a8: shutdown FollowerState
2019-08-28 22:39:11,704 [grpc-default-executor-0] INFO  impl.RoleInfo (RoleInfo.java:shutdownFollowerState(121)) - 95c062d2-902c-4769-a1e5-98e907b1bf44: shutdown FollowerState
2019-08-28 22:39:11,704 [grpc-default-executor-5] INFO  impl.RoleInfo (RoleInfo.java:updateAndGet(143)) - 08268cd6-5dcb-413d-992d-54f67f2c89a8: start FollowerState
2019-08-28 22:39:11,704 [grpc-default-executor-0] INFO  impl.RoleInfo (RoleInfo.java:updateAndGet(143)) - 95c062d2-902c-4769-a1e5-98e907b1bf44: start FollowerState
2019-08-28 22:39:11,704 [Thread-372] INFO  impl.FollowerState (FollowerState.java:run(114)) - 95c062d2-902c-4769-a1e5-98e907b1bf44: FollowerState was interrupted: java.lang.InterruptedException: sleep interrupted
2019-08-28 22:39:11,730 [e2b65f49-9637-4a82-a7dd-68b32c9cbc71:group-BF8EF3A149CC:LeaderElection19] INFO  impl.LeaderElection (LeaderElection.java:logAndReturn(56)) - e2b65f49-9637-4a82-a7dd-68b32c9cbc71:group-BF8EF3A149CC:LeaderElection19: Election PASSED; received 1 response(s) [e2b65f49-9637-4a82-a7dd-68b32c9cbc71<-08268cd6-5dcb-413d-992d-54f67f2c89a8#0:OK-t3] and 0 exception(s); e2b65f49-9637-4a82-a7dd-68b32c9cbc71:t3, leader=null, voted=e2b65f49-9637-4a82-a7dd-68b32c9cbc71, raftlog=e2b65f49-9637-4a82-a7dd-68b32c9cbc71-SegmentedRaftLog:OPENED:c-1,f-1,i0, conf=-1: [95c062d2-902c-4769-a1e5-98e907b1bf44:192.168.36.111:40519, e2b65f49-9637-4a82-a7dd-68b32c9cbc71:192.168.36.111:38193, 08268cd6-5dcb-413d-992d-54f67f2c89a8:192.168.36.111:43467], old=null
2019-08-28 22:39:11,730 [e2b65f49-9637-4a82-a7dd-68b32c9cbc71:group-BF8EF3A149CC:LeaderElection19] INFO  impl.RoleInfo (RoleInfo.java:shutdownLeaderElection(134)) - e2b65f49-9637-4a82-a7dd-68b32c9cbc71: shutdown LeaderElection
2019-08-28 22:39:11,733 [e2b65f49-9637-4a82-a7dd-68b32c9cbc71:group-BF8EF3A149CC:LeaderElection19] INFO  impl.RaftServerImpl (RaftServerImpl.java:setRole(171)) - e2b65f49-9637-4a82-a7dd-68b32c9cbc71:group-BF8EF3A149CC changes role from CANDIDATE to LEADER at term 3 for changeToLeader
2019-08-28 22:39:11,733 [e2b65f49-9637-4a82-a7dd-68b32c9cbc71:group-BF8EF3A149CC:LeaderElection19] INFO  impl.RaftServerImpl (ServerState.java:setLeader(263)) - e2b65f49-9637-4a82-a7dd-68b32c9cbc71:group-BF8EF3A149CC change Leader from null to e2b65f49-9637-4a82-a7dd-68b32c9cbc71 at term 3 for becomeLeader, leader elected after 15459ms
2019-08-28 22:39:11,733 [e2b65f49-9637-4a82-a7dd-68b32c9cbc71:group-BF8EF3A149CC:LeaderElection19] INFO  server.RaftServerConfigKeys (ConfUtils.java:logGet(43)) - raft.server.staging.catchup.gap = 1000 (default)
2019-08-28 22:39:11,734 [e2b65f49-9637-4a82-a7dd-68b32c9cbc71:group-BF8EF3A149CC:LeaderElection19] INFO  server.RaftServerConfigKeys (ConfUtils.java:logGet(43)) - raft.server.rpc.sleep.time = 25ms (default)
2019-08-28 22:39:11,734 [e2b65f49-9637-4a82-a7dd-68b32c9cbc71:group-BF8EF3A149CC:LeaderElection19] INFO  server.RaftServerConfigKeys (ConfUtils.java:logGet(43)) - raft.server.write.element-limit = 4096 (default)
2019-08-28 22:39:11,734 [e2b65f49-9637-4a82-a7dd-68b32c9cbc71:group-BF8EF3A149CC:LeaderElection19] INFO  server.RaftServerConfigKeys (ConfUtils.java:logGet(43)) - raft.server.watch.timeout = 10s (default)
2019-08-28 22:39:11,734 [e2b65f49-9637-4a82-a7dd-68b32c9cbc71:group-BF8EF3A149CC:LeaderElection19] INFO  server.RaftServerConfigKeys (ConfUtils.java:logGet(43)) - raft.server.watch.timeout.denomination = 1s (default)
2019-08-28 22:39:11,735 [e2b65f49-9637-4a82-a7dd-68b32c9cbc71:group-BF8EF3A149CC:LeaderElection19] INFO  server.RaftServerConfigKeys (ConfUtils.java:logGet(43)) - raft.server.watch.element-limit = 65536 (default)
2019-08-28 22:39:11,735 [e2b65f49-9637-4a82-a7dd-68b32c9cbc71:group-BF8EF3A149CC:LeaderElection19] INFO  server.RaftServerConfigKeys (ConfUtils.java:logGet(43)) - raft.server.log.appender.snapshot.chunk.size.max = 16MB (=16777216) (default)
2019-08-28 22:39:11,736 [e2b65f49-9637-4a82-a7dd-68b32c9cbc71:group-BF8EF3A149CC:LeaderElection19] INFO  server.RaftServerConfigKeys (ConfUtils.java:logGet(43)) - raft.server.log.appender.buffer.byte-limit = 33554432 (custom)
2019-08-28 22:39:11,736 [e2b65f49-9637-4a82-a7dd-68b32c9cbc71:group-BF8EF3A149CC:LeaderElection19] INFO  server.RaftServerConfigKeys (ConfUtils.java:logGet(43)) - raft.server.log.appender.buffer.element-limit = 1 (custom)
2019-08-28 22:39:11,736 [e2b65f49-9637-4a82-a7dd-68b32c9cbc71:group-BF8EF3A149CC:LeaderElection19] INFO  grpc.GrpcConfigKeys$Server (ConfUtils.java:logGet(43)) - raft.grpc.server.leader.outstanding.appends.max = 128 (default)
2019-08-28 22:39:11,739 [e2b65f49-9637-4a82-a7dd-68b32c9cbc71:group-BF8EF3A149CC:LeaderElection19] INFO  server.RaftServerConfigKeys (ConfUtils.java:logGet(43)) - raft.server.rpc.request.timeout = 3000ms (default)
2019-08-28 22:39:11,739 [e2b65f49-9637-4a82-a7dd-68b32c9cbc71:group-BF8EF3A149CC:LeaderElection19] INFO  server.RaftServerConfigKeys (ConfUtils.java:logGet(43)) - raft.server.log.appender.install.snapshot.enabled = false (custom)
2019-08-28 22:39:11,739 [e2b65f49-9637-4a82-a7dd-68b32c9cbc71:group-BF8EF3A149CC:LeaderElection19] INFO  server.RaftServerConfigKeys (ConfUtils.java:logGet(43)) - raft.server.log.appender.snapshot.chunk.size.max = 16MB (=16777216) (default)
2019-08-28 22:39:11,739 [e2b65f49-9637-4a82-a7dd-68b32c9cbc71:group-BF8EF3A149CC:LeaderElection19] INFO  server.RaftServerConfigKeys (ConfUtils.java:logGet(43)) - raft.server.log.appender.buffer.byte-limit = 33554432 (custom)
2019-08-28 22:39:11,739 [e2b65f49-9637-4a82-a7dd-68b32c9cbc71:group-BF8EF3A149CC:LeaderElection19] INFO  server.RaftServerConfigKeys (ConfUtils.java:logGet(43)) - raft.server.log.appender.buffer.element-limit = 1 (custom)
2019-08-28 22:39:11,740 [e2b65f49-9637-4a82-a7dd-68b32c9cbc71:group-BF8EF3A149CC:LeaderElection19] INFO  grpc.GrpcConfigKeys$Server (ConfUtils.java:logGet(43)) - raft.grpc.server.leader.outstanding.appends.max = 128 (default)
2019-08-28 22:39:11,740 [e2b65f49-9637-4a82-a7dd-68b32c9cbc71:group-BF8EF3A149CC:LeaderElection19] INFO  server.RaftServerConfigKeys (ConfUtils.java:logGet(43)) - raft.server.rpc.request.timeout = 3000ms (default)
2019-08-28 22:39:11,740 [e2b65f49-9637-4a82-a7dd-68b32c9cbc71:group-BF8EF3A149CC:LeaderElection19] INFO  server.RaftServerConfigKeys (ConfUtils.java:logGet(43)) - raft.server.log.appender.install.snapshot.enabled = false (custom)
2019-08-28 22:39:11,741 [e2b65f49-9637-4a82-a7dd-68b32c9cbc71:group-BF8EF3A149CC:LeaderElection19] INFO  impl.RoleInfo (RoleInfo.java:updateAndGet(143)) - e2b65f49-9637-4a82-a7dd-68b32c9cbc71: start LeaderState
2019-08-28 22:39:11,741 [e2b65f49-9637-4a82-a7dd-68b32c9cbc71:group-BF8EF3A149CC:LeaderElection19] INFO  segmented.SegmentedRaftLogWorker (SegmentedRaftLogWorker.java:startLogSegment(380)) - e2b65f49-9637-4a82-a7dd-68b32c9cbc71-SegmentedRaftLogWorker:Storage Directory /workdir/hadoop-ozone/integration-test/target/test-dir/MiniOzoneClusterImpl-63887627-3c8f-46f2-98e5-c4d8f002e7f4/datanode-1/data/ratis/a33779c2-4102-4264-ac0a-bf8ef3a149cc: Starting segment from index:0
2019-08-28 22:39:11,743 [e2b65f49-9637-4a82-a7dd-68b32c9cbc71:group-BF8EF3A149CC:LeaderElection19] INFO  impl.RaftServerImpl (ServerState.java:setRaftConf(361)) - e2b65f49-9637-4a82-a7dd-68b32c9cbc71:group-BF8EF3A149CC set configuration 0: [95c062d2-902c-4769-a1e5-98e907b1bf44:192.168.36.111:40519, e2b65f49-9637-4a82-a7dd-68b32c9cbc71:192.168.36.111:38193, 08268cd6-5dcb-413d-992d-54f67f2c89a8:192.168.36.111:43467], old=null at 0
2019-08-28 22:39:11,787 [grpc-default-executor-2] INFO  impl.RaftServerImpl (ServerState.java:setLeader(263)) - 08268cd6-5dcb-413d-992d-54f67f2c89a8:group-BF8EF3A149CC change Leader from null to e2b65f49-9637-4a82-a7dd-68b32c9cbc71 at term 3 for appendEntries, leader elected after 15515ms
2019-08-28 22:39:11,787 [grpc-default-executor-5] INFO  impl.RaftServerImpl (ServerState.java:setLeader(263)) - 95c062d2-902c-4769-a1e5-98e907b1bf44:group-BF8EF3A149CC change Leader from null to e2b65f49-9637-4a82-a7dd-68b32c9cbc71 at term 3 for appendEntries, leader elected after 15512ms
2019-08-28 22:39:11,803 [grpc-default-executor-5] INFO  impl.RaftServerImpl (ServerState.java:setRaftConf(361)) - 95c062d2-902c-4769-a1e5-98e907b1bf44:group-BF8EF3A149CC set configuration 0: [95c062d2-902c-4769-a1e5-98e907b1bf44:192.168.36.111:40519, e2b65f49-9637-4a82-a7dd-68b32c9cbc71:192.168.36.111:38193, 08268cd6-5dcb-413d-992d-54f67f2c89a8:192.168.36.111:43467], old=null at 0
2019-08-28 22:39:11,803 [grpc-default-executor-5] INFO  segmented.SegmentedRaftLogWorker (SegmentedRaftLogWorker.java:startLogSegment(380)) - 95c062d2-902c-4769-a1e5-98e907b1bf44-SegmentedRaftLogWorker:Storage Directory /workdir/hadoop-ozone/integration-test/target/test-dir/MiniOzoneClusterImpl-63887627-3c8f-46f2-98e5-c4d8f002e7f4/datanode-3/data/ratis/a33779c2-4102-4264-ac0a-bf8ef3a149cc: Starting segment from index:0
2019-08-28 22:39:11,804 [grpc-default-executor-2] INFO  impl.RaftServerImpl (ServerState.java:setRaftConf(361)) - 08268cd6-5dcb-413d-992d-54f67f2c89a8:group-BF8EF3A149CC set configuration 0: [95c062d2-902c-4769-a1e5-98e907b1bf44:192.168.36.111:40519, e2b65f49-9637-4a82-a7dd-68b32c9cbc71:192.168.36.111:38193, 08268cd6-5dcb-413d-992d-54f67f2c89a8:192.168.36.111:43467], old=null at 0
2019-08-28 22:39:11,805 [grpc-default-executor-2] INFO  segmented.SegmentedRaftLogWorker (SegmentedRaftLogWorker.java:startLogSegment(380)) - 08268cd6-5dcb-413d-992d-54f67f2c89a8-SegmentedRaftLogWorker:Storage Directory /workdir/hadoop-ozone/integration-test/target/test-dir/MiniOzoneClusterImpl-63887627-3c8f-46f2-98e5-c4d8f002e7f4/datanode-2/data/ratis/a33779c2-4102-4264-ac0a-bf8ef3a149cc: Starting segment from index:0
2019-08-28 22:39:11,805 [e2b65f49-9637-4a82-a7dd-68b32c9cbc71-SegmentedRaftLogWorker:Storage Directory /workdir/hadoop-ozone/integration-test/target/test-dir/MiniOzoneClusterImpl-63887627-3c8f-46f2-98e5-c4d8f002e7f4/datanode-1/data/ratis/a33779c2-4102-4264-ac0a-bf8ef3a149cc] INFO  segmented.SegmentedRaftLogWorker (SegmentedRaftLogWorker.java:execute(569)) - e2b65f49-9637-4a82-a7dd-68b32c9cbc71-SegmentedRaftLogWorker:Storage Directory /workdir/hadoop-ozone/integration-test/target/test-dir/MiniOzoneClusterImpl-63887627-3c8f-46f2-98e5-c4d8f002e7f4/datanode-1/data/ratis/a33779c2-4102-4264-ac0a-bf8ef3a149cc: created new log segment /workdir/hadoop-ozone/integration-test/target/test-dir/MiniOzoneClusterImpl-63887627-3c8f-46f2-98e5-c4d8f002e7f4/datanode-1/data/ratis/a33779c2-4102-4264-ac0a-bf8ef3a149cc/current/log_inprogress_0
2019-08-28 22:39:11,858 [grpc-default-executor-5] INFO  client.GrpcClientProtocolClient (GrpcClientProtocolClient.java:onNext(255)) - client-307BCED30E83->e2b65f49-9637-4a82-a7dd-68b32c9cbc71: receive RaftClientReply:client-307BCED30E83->e2b65f49-9637-4a82-a7dd-68b32c9cbc71@group-BF8EF3A149CC, cid=17, FAILED org.apache.ratis.protocol.LeaderNotReadyException: e2b65f49-9637-4a82-a7dd-68b32c9cbc71 is in LEADER state but not ready yet., logIndex=0, commits[e2b65f49-9637-4a82-a7dd-68b32c9cbc71:c-1, 95c062d2-902c-4769-a1e5-98e907b1bf44:c-1, 08268cd6-5dcb-413d-992d-54f67f2c89a8:c-1]
2019-08-28 22:39:11,871 [95c062d2-902c-4769-a1e5-98e907b1bf44-SegmentedRaftLogWorker:Storage Directory /workdir/hadoop-ozone/integration-test/target/test-dir/MiniOzoneClusterImpl-63887627-3c8f-46f2-98e5-c4d8f002e7f4/datanode-3/data/ratis/a33779c2-4102-4264-ac0a-bf8ef3a149cc] INFO  segmented.SegmentedRaftLogWorker (SegmentedRaftLogWorker.java:execute(569)) - 95c062d2-902c-4769-a1e5-98e907b1bf44-SegmentedRaftLogWorker:Storage Directory /workdir/hadoop-ozone/integration-test/target/test-dir/MiniOzoneClusterImpl-63887627-3c8f-46f2-98e5-c4d8f002e7f4/datanode-3/data/ratis/a33779c2-4102-4264-ac0a-bf8ef3a149cc: created new log segment /workdir/hadoop-ozone/integration-test/target/test-dir/MiniOzoneClusterImpl-63887627-3c8f-46f2-98e5-c4d8f002e7f4/datanode-3/data/ratis/a33779c2-4102-4264-ac0a-bf8ef3a149cc/current/log_inprogress_0
2019-08-28 22:39:11,871 [08268cd6-5dcb-413d-992d-54f67f2c89a8-SegmentedRaftLogWorker:Storage Directory /workdir/hadoop-ozone/integration-test/target/test-dir/MiniOzoneClusterImpl-63887627-3c8f-46f2-98e5-c4d8f002e7f4/datanode-2/data/ratis/a33779c2-4102-4264-ac0a-bf8ef3a149cc] INFO  segmented.SegmentedRaftLogWorker (SegmentedRaftLogWorker.java:execute(569)) - 08268cd6-5dcb-413d-992d-54f67f2c89a8-SegmentedRaftLogWorker:Storage Directory /workdir/hadoop-ozone/integration-test/target/test-dir/MiniOzoneClusterImpl-63887627-3c8f-46f2-98e5-c4d8f002e7f4/datanode-2/data/ratis/a33779c2-4102-4264-ac0a-bf8ef3a149cc: created new log segment /workdir/hadoop-ozone/integration-test/target/test-dir/MiniOzoneClusterImpl-63887627-3c8f-46f2-98e5-c4d8f002e7f4/datanode-2/data/ratis/a33779c2-4102-4264-ac0a-bf8ef3a149cc/current/log_inprogress_0
2019-08-28 22:39:12,165 | INFO  | SCMAudit | user=jenkins1000 | ip=192.168.36.111 | op=SEND_HEARTBEAT {datanodeUUID=86ac96e3-3369-4edb-adc6-3f0fc164c9f1, command=[]} | ret=SUCCESS |  
2019-08-28 22:39:12,181 | INFO  | SCMAudit | user=jenkins1000 | ip=192.168.36.111 | op=SEND_HEARTBEAT {datanodeUUID=2815142a-2f08-4152-a2be-84cf11fb517d, command=[]} | ret=SUCCESS |  
2019-08-28 22:39:12,181 | INFO  | SCMAudit | user=jenkins1000 | ip=192.168.36.111 | op=SEND_HEARTBEAT {datanodeUUID=3e7cb256-49a0-429b-8700-c0b065a0f304, command=[]} | ret=SUCCESS |  
2019-08-28 22:39:12,377 | INFO  | SCMAudit | user=jenkins1000 | ip=192.168.36.111 | op=SEND_HEARTBEAT {datanodeUUID=e2b65f49-9637-4a82-a7dd-68b32c9cbc71, command=[]} | ret=SUCCESS |  
2019-08-28 22:39:12,462 | INFO  | SCMAudit | user=jenkins1000 | ip=192.168.36.111 | op=SEND_HEARTBEAT {datanodeUUID=08268cd6-5dcb-413d-992d-54f67f2c89a8, command=[]} | ret=SUCCESS |  
2019-08-28 22:39:12,562 | INFO  | SCMAudit | user=jenkins1000 | ip=192.168.36.111 | op=SEND_HEARTBEAT {datanodeUUID=95c062d2-902c-4769-a1e5-98e907b1bf44, command=[]} | ret=SUCCESS |  
2019-08-28 22:39:12,661 | INFO  | SCMAudit | user=jenkins1000 | ip=192.168.36.111 | op=SEND_HEARTBEAT {datanodeUUID=f6b99aed-3bcb-4bc1-bde0-c5dfc603163d, command=[]} | ret=SUCCESS |  
2019-08-28 22:39:13,165 | INFO  | SCMAudit | user=jenkins1000 | ip=192.168.36.111 | op=SEND_HEARTBEAT {datanodeUUID=86ac96e3-3369-4edb-adc6-3f0fc164c9f1, command=[]} | ret=SUCCESS |  
2019-08-28 22:39:13,181 | INFO  | SCMAudit | user=jenkins1000 | ip=192.168.36.111 | op=SEND_HEARTBEAT {datanodeUUID=2815142a-2f08-4152-a2be-84cf11fb517d, command=[]} | ret=SUCCESS |  
2019-08-28 22:39:13,181 | INFO  | SCMAudit | user=jenkins1000 | ip=192.168.36.111 | op=SEND_HEARTBEAT {datanodeUUID=3e7cb256-49a0-429b-8700-c0b065a0f304, command=[]} | ret=SUCCESS |  
2019-08-28 22:39:13,378 | INFO  | SCMAudit | user=jenkins1000 | ip=192.168.36.111 | op=SEND_HEARTBEAT {datanodeUUID=e2b65f49-9637-4a82-a7dd-68b32c9cbc71, command=[]} | ret=SUCCESS |  
2019-08-28 22:39:13,462 | INFO  | SCMAudit | user=jenkins1000 | ip=192.168.36.111 | op=SEND_HEARTBEAT {datanodeUUID=08268cd6-5dcb-413d-992d-54f67f2c89a8, command=[]} | ret=SUCCESS |  
2019-08-28 22:39:13,562 | INFO  | SCMAudit | user=jenkins1000 | ip=192.168.36.111 | op=SEND_HEARTBEAT {datanodeUUID=95c062d2-902c-4769-a1e5-98e907b1bf44, command=[]} | ret=SUCCESS |  
2019-08-28 22:39:13,661 | INFO  | SCMAudit | user=jenkins1000 | ip=192.168.36.111 | op=SEND_HEARTBEAT {datanodeUUID=f6b99aed-3bcb-4bc1-bde0-c5dfc603163d, command=[]} | ret=SUCCESS |  
2019-08-28 22:39:14,060 | INFO  | SCMAudit | user=jenkins1000 | ip=192.168.36.111 | op=SEND_HEARTBEAT {datanodeUUID=e2b65f49-9637-4a82-a7dd-68b32c9cbc71, command=[]} | ret=SUCCESS |  
2019-08-28 22:39:14,065 | INFO  | DNAudit | user=null | ip=null | op=WRITE_CHUNK {blockData=conID: 2 locID: 1567031947626 bcsId: 0} | ret=SUCCESS |  
2019-08-28 22:39:14,126 | INFO  | SCMAudit | user=jenkins1000 | ip=192.168.36.111 | op=SEND_HEARTBEAT {datanodeUUID=08268cd6-5dcb-413d-992d-54f67f2c89a8, command=[]} | ret=SUCCESS |  
2019-08-28 22:39:14,126 | INFO  | SCMAudit | user=jenkins1000 | ip=192.168.36.111 | op=SEND_HEARTBEAT {datanodeUUID=95c062d2-902c-4769-a1e5-98e907b1bf44, command=[]} | ret=SUCCESS |  
2019-08-28 22:39:14,130 | INFO  | DNAudit | user=null | ip=null | op=WRITE_CHUNK {blockData=conID: 2 locID: 1567031947626 bcsId: 0} | ret=SUCCESS |  
2019-08-28 22:39:14,132 | INFO  | DNAudit | user=null | ip=null | op=WRITE_CHUNK {blockData=conID: 2 locID: 1567031947626 bcsId: 0} | ret=SUCCESS |  
2019-08-28 22:39:14,140 | INFO  | DNAudit | user=null | ip=null | op=WRITE_CHUNK {blockData=conID: 2 locID: 1567031947626 bcsId: 0} | ret=SUCCESS |  
2019-08-28 22:39:14,149 [grpc-default-executor-5] INFO  client.GrpcClientProtocolClient (GrpcClientProtocolClient.java:onNext(255)) - client-307BCED30E83->e2b65f49-9637-4a82-a7dd-68b32c9cbc71: receive RaftClientReply:client-307BCED30E83->e2b65f49-9637-4a82-a7dd-68b32c9cbc71@group-BF8EF3A149CC, cid=17, SUCCESS, logIndex=1, commits[e2b65f49-9637-4a82-a7dd-68b32c9cbc71:c1, 95c062d2-902c-4769-a1e5-98e907b1bf44:c0, 08268cd6-5dcb-413d-992d-54f67f2c89a8:c0]
2019-08-28 22:39:14,167 | INFO  | DNAudit | user=null | ip=null | op=WRITE_CHUNK {blockData=conID: 2 locID: 1567031947626 bcsId: 0} | ret=SUCCESS |  
2019-08-28 22:39:14,167 | INFO  | DNAudit | user=null | ip=null | op=WRITE_CHUNK {blockData=conID: 2 locID: 1567031947626 bcsId: 0} | ret=SUCCESS |  
2019-08-28 22:39:14,168 | INFO  | SCMAudit | user=jenkins1000 | ip=192.168.36.111 | op=SEND_HEARTBEAT {datanodeUUID=86ac96e3-3369-4edb-adc6-3f0fc164c9f1, command=[]} | ret=SUCCESS |  
2019-08-28 22:39:14,179 [pool-37-thread-4] WARN  impl.ChunkManagerImpl (ChunkUtils.java:validateChunkForOverwrite(203)) - Duplicate write chunk request. Chunk overwrite without explicit request. ChunkInfo{chunkName='1567031947626.data.0, offset=0, len=1048576}
2019-08-28 22:39:14,180 [pool-37-thread-4] WARN  impl.ChunkManagerImpl (ChunkManagerImpl.java:writeChunk(111)) - ChunkFile already exists/workdir/hadoop-ozone/integration-test/target/test-dir/MiniOzoneClusterImpl-63887627-3c8f-46f2-98e5-c4d8f002e7f4/datanode-1/data/containers/hdds/5f5953fc-054e-4e46-bfc1-23227cf9a748/current/containerDir0/2/chunks/1567031947626.data.0.Deleting it.
2019-08-28 22:39:14,181 | INFO  | SCMAudit | user=jenkins1000 | ip=192.168.36.111 | op=SEND_HEARTBEAT {datanodeUUID=3e7cb256-49a0-429b-8700-c0b065a0f304, command=[]} | ret=SUCCESS |  
2019-08-28 22:39:14,181 | INFO  | SCMAudit | user=jenkins1000 | ip=192.168.36.111 | op=SEND_HEARTBEAT {datanodeUUID=2815142a-2f08-4152-a2be-84cf11fb517d, command=[]} | ret=SUCCESS |  
2019-08-28 22:39:14,183 | INFO  | DNAudit | user=null | ip=null | op=WRITE_CHUNK {blockData=conID: 2 locID: 1567031947626 bcsId: 0} | ret=SUCCESS |  
2019-08-28 22:39:14,193 [pool-59-thread-2] WARN  impl.ChunkManagerImpl (ChunkUtils.java:validateChunkForOverwrite(203)) - Duplicate write chunk request. Chunk overwrite without explicit request. ChunkInfo{chunkName='1567031947626.data.0, offset=0, len=1048576}
2019-08-28 22:39:14,194 [pool-59-thread-2] WARN  impl.ChunkManagerImpl (ChunkManagerImpl.java:writeChunk(111)) - ChunkFile already exists/workdir/hadoop-ozone/integration-test/target/test-dir/MiniOzoneClusterImpl-63887627-3c8f-46f2-98e5-c4d8f002e7f4/datanode-3/data/containers/hdds/5f5953fc-054e-4e46-bfc1-23227cf9a748/current/containerDir0/2/chunks/1567031947626.data.0.Deleting it.
2019-08-28 22:39:14,197 [pool-48-thread-2] WARN  impl.ChunkManagerImpl (ChunkUtils.java:validateChunkForOverwrite(203)) - Duplicate write chunk request. Chunk overwrite without explicit request. ChunkInfo{chunkName='1567031947626.data.0, offset=0, len=1048576}
2019-08-28 22:39:14,197 [pool-48-thread-2] WARN  impl.ChunkManagerImpl (ChunkManagerImpl.java:writeChunk(111)) - ChunkFile already exists/workdir/hadoop-ozone/integration-test/target/test-dir/MiniOzoneClusterImpl-63887627-3c8f-46f2-98e5-c4d8f002e7f4/datanode-2/data/containers/hdds/5f5953fc-054e-4e46-bfc1-23227cf9a748/current/containerDir0/2/chunks/1567031947626.data.0.Deleting it.
2019-08-28 22:39:14,198 | INFO  | DNAudit | user=null | ip=null | op=WRITE_CHUNK {blockData=conID: 2 locID: 1567031947626 bcsId: 0} | ret=SUCCESS |  
2019-08-28 22:39:14,209 | INFO  | DNAudit | user=null | ip=null | op=WRITE_CHUNK {blockData=conID: 2 locID: 1567031947626 bcsId: 0} | ret=SUCCESS |  
2019-08-28 22:39:14,288 | INFO  | DNAudit | user=null | ip=null | op=PUT_BLOCK {blockData=[blockId=conID: 2 locID: 1567031947626 bcsId: 0,size=1048576]} | ret=SUCCESS |  
2019-08-28 22:39:14,303 [grpc-default-executor-2] INFO  client.GrpcClientProtocolClient (GrpcClientProtocolClient.java:onNext(255)) - client-307BCED30E83->e2b65f49-9637-4a82-a7dd-68b32c9cbc71: receive RaftClientReply:client-307BCED30E83->e2b65f49-9637-4a82-a7dd-68b32c9cbc71@group-BF8EF3A149CC, cid=18, SUCCESS, logIndex=3, commits[e2b65f49-9637-4a82-a7dd-68b32c9cbc71:c8, 95c062d2-902c-4769-a1e5-98e907b1bf44:c6, 08268cd6-5dcb-413d-992d-54f67f2c89a8:c6]
2019-08-28 22:39:14,308 | INFO  | DNAudit | user=null | ip=null | op=WRITE_CHUNK {blockData=conID: 2 locID: 1567031947626 bcsId: 0} | ret=SUCCESS |  
2019-08-28 22:39:14,310 [grpc-default-executor-2] INFO  client.GrpcClientProtocolClient (GrpcClientProtocolClient.java:onNext(255)) - client-307BCED30E83->e2b65f49-9637-4a82-a7dd-68b32c9cbc71: receive RaftClientReply:client-307BCED30E83->e2b65f49-9637-4a82-a7dd-68b32c9cbc71@group-BF8EF3A149CC, cid=19, SUCCESS, logIndex=4, commits[e2b65f49-9637-4a82-a7dd-68b32c9cbc71:c8, 95c062d2-902c-4769-a1e5-98e907b1bf44:c6, 08268cd6-5dcb-413d-992d-54f67f2c89a8:c6]
2019-08-28 22:39:14,386 | INFO  | DNAudit | user=null | ip=null | op=PUT_BLOCK {blockData=[blockId=conID: 2 locID: 1567031947626 bcsId: 0,size=1048576]} | ret=SUCCESS |  
2019-08-28 22:39:14,388 | INFO  | DNAudit | user=null | ip=null | op=WRITE_CHUNK {blockData=conID: 2 locID: 1567031947626 bcsId: 0} | ret=SUCCESS |  
2019-08-28 22:39:14,471 | INFO  | DNAudit | user=null | ip=null | op=PUT_BLOCK {blockData=[blockId=conID: 2 locID: 1567031947626 bcsId: 0,size=1048576]} | ret=SUCCESS |  
2019-08-28 22:39:14,471 | INFO  | DNAudit | user=null | ip=null | op=PUT_BLOCK {blockData=[blockId=conID: 2 locID: 1567031947626 bcsId: 0,size=1048576]} | ret=SUCCESS |  
2019-08-28 22:39:14,471 | INFO  | DNAudit | user=null | ip=null | op=PUT_BLOCK {blockData=[blockId=conID: 2 locID: 1567031947626 bcsId: 0,size=1048576]} | ret=SUCCESS |  
2019-08-28 22:39:14,472 | INFO  | DNAudit | user=null | ip=null | op=WRITE_CHUNK {blockData=conID: 2 locID: 1567031947626 bcsId: 0} | ret=SUCCESS |  
2019-08-28 22:39:14,473 [grpc-default-executor-2] INFO  client.GrpcClientProtocolClient (GrpcClientProtocolClient.java:onNext(255)) - client-307BCED30E83->e2b65f49-9637-4a82-a7dd-68b32c9cbc71: receive RaftClientReply:client-307BCED30E83->e2b65f49-9637-4a82-a7dd-68b32c9cbc71@group-BF8EF3A149CC, cid=20, SUCCESS, logIndex=5, commits[e2b65f49-9637-4a82-a7dd-68b32c9cbc71:c8, 95c062d2-902c-4769-a1e5-98e907b1bf44:c6, 08268cd6-5dcb-413d-992d-54f67f2c89a8:c6]
2019-08-28 22:39:14,473 | INFO  | DNAudit | user=null | ip=null | op=PUT_BLOCK {blockData=[blockId=conID: 2 locID: 1567031947626 bcsId: 0,size=1048576]} | ret=SUCCESS |  
2019-08-28 22:39:14,662 | INFO  | SCMAudit | user=jenkins1000 | ip=192.168.36.111 | op=SEND_HEARTBEAT {datanodeUUID=f6b99aed-3bcb-4bc1-bde0-c5dfc603163d, command=[]} | ret=SUCCESS |  
2019-08-28 22:39:15,058 [Datanode State Machine Thread - 0] INFO  statemachine.DatanodeStateMachine (DatanodeStateMachine.java:lambda$startDaemon$0(350)) - Ozone container server started.
2019-08-28 22:39:15,125 | INFO  | SCMAudit | user=jenkins1000 | ip=192.168.36.111 | op=SEND_HEARTBEAT {datanodeUUID=08268cd6-5dcb-413d-992d-54f67f2c89a8, command=[]} | ret=SUCCESS |  
2019-08-28 22:39:15,126 | INFO  | SCMAudit | user=jenkins1000 | ip=192.168.36.111 | op=SEND_HEARTBEAT {datanodeUUID=95c062d2-902c-4769-a1e5-98e907b1bf44, command=[]} | ret=SUCCESS |  
2019-08-28 22:39:15,168 | INFO  | SCMAudit | user=jenkins1000 | ip=192.168.36.111 | op=SEND_HEARTBEAT {datanodeUUID=86ac96e3-3369-4edb-adc6-3f0fc164c9f1, command=[]} | ret=SUCCESS |  
2019-08-28 22:39:15,181 | INFO  | SCMAudit | user=jenkins1000 | ip=192.168.36.111 | op=SEND_HEARTBEAT {datanodeUUID=3e7cb256-49a0-429b-8700-c0b065a0f304, command=[]} | ret=SUCCESS |  
2019-08-28 22:39:15,181 | INFO  | SCMAudit | user=jenkins1000 | ip=192.168.36.111 | op=SEND_HEARTBEAT {datanodeUUID=2815142a-2f08-4152-a2be-84cf11fb517d, command=[]} | ret=SUCCESS |  
2019-08-28 22:39:15,661 | INFO  | SCMAudit | user=jenkins1000 | ip=192.168.36.111 | op=SEND_HEARTBEAT {datanodeUUID=f6b99aed-3bcb-4bc1-bde0-c5dfc603163d, command=[]} | ret=SUCCESS |  
2019-08-28 22:39:16,126 | INFO  | SCMAudit | user=jenkins1000 | ip=192.168.36.111 | op=SEND_HEARTBEAT {datanodeUUID=95c062d2-902c-4769-a1e5-98e907b1bf44, command=[]} | ret=SUCCESS |  
2019-08-28 22:39:16,126 | INFO  | SCMAudit | user=jenkins1000 | ip=192.168.36.111 | op=SEND_HEARTBEAT {datanodeUUID=08268cd6-5dcb-413d-992d-54f67f2c89a8, command=[]} | ret=SUCCESS |  
2019-08-28 22:39:16,167 | INFO  | SCMAudit | user=jenkins1000 | ip=192.168.36.111 | op=SEND_HEARTBEAT {datanodeUUID=86ac96e3-3369-4edb-adc6-3f0fc164c9f1, command=[]} | ret=SUCCESS |  
2019-08-28 22:39:16,181 | INFO  | SCMAudit | user=jenkins1000 | ip=192.168.36.111 | op=SEND_HEARTBEAT {datanodeUUID=3e7cb256-49a0-429b-8700-c0b065a0f304, command=[]} | ret=SUCCESS |  
2019-08-28 22:39:16,181 | INFO  | SCMAudit | user=jenkins1000 | ip=192.168.36.111 | op=SEND_HEARTBEAT {datanodeUUID=2815142a-2f08-4152-a2be-84cf11fb517d, command=[]} | ret=SUCCESS |  
2019-08-28 22:39:16,661 | INFO  | SCMAudit | user=jenkins1000 | ip=192.168.36.111 | op=SEND_HEARTBEAT {datanodeUUID=f6b99aed-3bcb-4bc1-bde0-c5dfc603163d, command=[]} | ret=SUCCESS |  
2019-08-28 22:39:17,103 [EventQueue-StaleNodeForStaleNodeHandler] INFO  node.StaleNodeHandler (StaleNodeHandler.java:onMessage(58)) - Datanode e2b65f49-9637-4a82-a7dd-68b32c9cbc71{ip: 192.168.36.111, host: pr-hdds-1909-jt4r9-1943541209, networkLocation: /default-rack, certSerialId: null} moved to stale state. Finalizing its pipelines [PipelineID=a33779c2-4102-4264-ac0a-bf8ef3a149cc, PipelineID=c1360fff-54ea-4240-93c7-a99ed82d3629]
2019-08-28 22:39:17,104 [EventQueue-StaleNodeForStaleNodeHandler] INFO  pipeline.SCMPipelineManager (SCMPipelineManager.java:finalizeAndDestroyPipeline(309)) - destroying pipeline:Pipeline[ Id: a33779c2-4102-4264-ac0a-bf8ef3a149cc, Nodes: e2b65f49-9637-4a82-a7dd-68b32c9cbc71{ip: 192.168.36.111, host: pr-hdds-1909-jt4r9-1943541209, networkLocation: /default-rack, certSerialId: null}08268cd6-5dcb-413d-992d-54f67f2c89a8{ip: 192.168.36.111, host: pr-hdds-1909-jt4r9-1943541209, networkLocation: /default-rack, certSerialId: null}95c062d2-902c-4769-a1e5-98e907b1bf44{ip: 192.168.36.111, host: pr-hdds-1909-jt4r9-1943541209, networkLocation: /default-rack, certSerialId: null}, Type:RATIS, Factor:THREE, State:OPEN]
2019-08-28 22:39:17,105 [EventQueue-StaleNodeForStaleNodeHandler] INFO  pipeline.PipelineStateManager (PipelineStateManager.java:finalizePipeline(123)) - Pipeline Pipeline[ Id: a33779c2-4102-4264-ac0a-bf8ef3a149cc, Nodes: e2b65f49-9637-4a82-a7dd-68b32c9cbc71{ip: 192.168.36.111, host: pr-hdds-1909-jt4r9-1943541209, networkLocation: /default-rack, certSerialId: null}08268cd6-5dcb-413d-992d-54f67f2c89a8{ip: 192.168.36.111, host: pr-hdds-1909-jt4r9-1943541209, networkLocation: /default-rack, certSerialId: null}95c062d2-902c-4769-a1e5-98e907b1bf44{ip: 192.168.36.111, host: pr-hdds-1909-jt4r9-1943541209, networkLocation: /default-rack, certSerialId: null}, Type:RATIS, Factor:THREE, State:CLOSED] moved to CLOSED state
2019-08-28 22:39:17,106 [EventQueue-CloseContainerForCloseContainerEventHandler] INFO  container.CloseContainerEventHandler (CloseContainerEventHandler.java:onMessage(61)) - Close container Event triggered for container : #2
2019-08-28 22:39:17,107 [EventQueue-StaleNodeForStaleNodeHandler] INFO  pipeline.SCMPipelineManager (SCMPipelineManager.java:finalizeAndDestroyPipeline(309)) - destroying pipeline:Pipeline[ Id: c1360fff-54ea-4240-93c7-a99ed82d3629, Nodes: e2b65f49-9637-4a82-a7dd-68b32c9cbc71{ip: 192.168.36.111, host: pr-hdds-1909-jt4r9-1943541209, networkLocation: /default-rack, certSerialId: null}, Type:RATIS, Factor:ONE, State:OPEN]
2019-08-28 22:39:17,107 [EventQueue-StaleNodeForStaleNodeHandler] INFO  pipeline.PipelineStateManager (PipelineStateManager.java:finalizePipeline(123)) - Pipeline Pipeline[ Id: c1360fff-54ea-4240-93c7-a99ed82d3629, Nodes: e2b65f49-9637-4a82-a7dd-68b32c9cbc71{ip: 192.168.36.111, host: pr-hdds-1909-jt4r9-1943541209, networkLocation: /default-rack, certSerialId: null}, Type:RATIS, Factor:ONE, State:CLOSED] moved to CLOSED state
2019-08-28 22:39:17,163 | INFO  | SCMAudit | user=jenkins1000 | ip=192.168.36.111 | op=SEND_HEARTBEAT {datanodeUUID=08268cd6-5dcb-413d-992d-54f67f2c89a8, command=[commandType: closeContainerCommand closeContainerCommandProto { containerID: 2 pipelineID { id: "a33779c2-4102-4264-ac0a-bf8ef3a149cc" } cmdId: 2 force: false } ]} | ret=SUCCESS |  
2019-08-28 22:39:17,163 | INFO  | SCMAudit | user=jenkins1000 | ip=192.168.36.111 | op=SEND_HEARTBEAT {datanodeUUID=95c062d2-902c-4769-a1e5-98e907b1bf44, command=[commandType: closeContainerCommand closeContainerCommandProto { containerID: 2 pipelineID { id: "a33779c2-4102-4264-ac0a-bf8ef3a149cc" } cmdId: 2 force: false } ]} | ret=SUCCESS |  
2019-08-28 22:39:17,168 | INFO  | SCMAudit | user=jenkins1000 | ip=192.168.36.111 | op=SEND_HEARTBEAT {datanodeUUID=86ac96e3-3369-4edb-adc6-3f0fc164c9f1, command=[]} | ret=SUCCESS |  
2019-08-28 22:39:17,181 | INFO  | SCMAudit | user=jenkins1000 | ip=192.168.36.111 | op=SEND_HEARTBEAT {datanodeUUID=2815142a-2f08-4152-a2be-84cf11fb517d, command=[]} | ret=SUCCESS |  
2019-08-28 22:39:17,181 | INFO  | SCMAudit | user=jenkins1000 | ip=192.168.36.111 | op=SEND_HEARTBEAT {datanodeUUID=3e7cb256-49a0-429b-8700-c0b065a0f304, command=[]} | ret=SUCCESS |  
2019-08-28 22:39:17,661 | INFO  | SCMAudit | user=jenkins1000 | ip=192.168.36.111 | op=SEND_HEARTBEAT {datanodeUUID=f6b99aed-3bcb-4bc1-bde0-c5dfc603163d, command=[]} | ret=SUCCESS |  
2019-08-28 22:39:18,126 | INFO  | SCMAudit | user=jenkins1000 | ip=192.168.36.111 | op=SEND_HEARTBEAT {datanodeUUID=08268cd6-5dcb-413d-992d-54f67f2c89a8, command=[]} | ret=SUCCESS |  
2019-08-28 22:39:18,126 | INFO  | SCMAudit | user=jenkins1000 | ip=192.168.36.111 | op=SEND_HEARTBEAT {datanodeUUID=95c062d2-902c-4769-a1e5-98e907b1bf44, command=[]} | ret=SUCCESS |  
2019-08-28 22:39:18,168 | INFO  | SCMAudit | user=jenkins1000 | ip=192.168.36.111 | op=SEND_HEARTBEAT {datanodeUUID=86ac96e3-3369-4edb-adc6-3f0fc164c9f1, command=[]} | ret=SUCCESS |  
2019-08-28 22:39:18,181 | INFO  | SCMAudit | user=jenkins1000 | ip=192.168.36.111 | op=SEND_HEARTBEAT {datanodeUUID=2815142a-2f08-4152-a2be-84cf11fb517d, command=[]} | ret=SUCCESS |  
2019-08-28 22:39:18,182 | INFO  | SCMAudit | user=jenkins1000 | ip=192.168.36.111 | op=SEND_HEARTBEAT {datanodeUUID=3e7cb256-49a0-429b-8700-c0b065a0f304, command=[]} | ret=SUCCESS |  
2019-08-28 22:39:18,662 | INFO  | SCMAudit | user=jenkins1000 | ip=192.168.36.111 | op=SEND_HEARTBEAT {datanodeUUID=f6b99aed-3bcb-4bc1-bde0-c5dfc603163d, command=[]} | ret=SUCCESS |  
2019-08-28 22:39:19,125 | INFO  | SCMAudit | user=jenkins1000 | ip=192.168.36.111 | op=SEND_HEARTBEAT {datanodeUUID=08268cd6-5dcb-413d-992d-54f67f2c89a8, command=[]} | ret=SUCCESS |  
2019-08-28 22:39:19,126 | INFO  | SCMAudit | user=jenkins1000 | ip=192.168.36.111 | op=SEND_HEARTBEAT {datanodeUUID=95c062d2-902c-4769-a1e5-98e907b1bf44, command=[]} | ret=SUCCESS |  
2019-08-28 22:39:19,145 | INFO  | SCMAudit | user=jenkins1000 | ip=192.168.36.111 | op=SEND_HEARTBEAT {datanodeUUID=95c062d2-902c-4769-a1e5-98e907b1bf44, command=[]} | ret=SUCCESS |  
2019-08-28 22:39:19,164 | INFO  | SCMAudit | user=jenkins1000 | ip=192.168.36.111 | op=SEND_HEARTBEAT {datanodeUUID=08268cd6-5dcb-413d-992d-54f67f2c89a8, command=[]} | ret=SUCCESS |  
2019-08-28 22:39:19,168 | INFO  | SCMAudit | user=jenkins1000 | ip=192.168.36.111 | op=SEND_HEARTBEAT {datanodeUUID=86ac96e3-3369-4edb-adc6-3f0fc164c9f1, command=[]} | ret=SUCCESS |  
2019-08-28 22:39:19,181 | INFO  | SCMAudit | user=jenkins1000 | ip=192.168.36.111 | op=SEND_HEARTBEAT {datanodeUUID=2815142a-2f08-4152-a2be-84cf11fb517d, command=[]} | ret=SUCCESS |  
2019-08-28 22:39:19,182 | INFO  | SCMAudit | user=jenkins1000 | ip=192.168.36.111 | op=SEND_HEARTBEAT {datanodeUUID=3e7cb256-49a0-429b-8700-c0b065a0f304, command=[]} | ret=SUCCESS |  
2019-08-28 22:39:19,477 [main] INFO  ozoneimpl.OzoneContainer (OzoneContainer.java:stop(215)) - Attempting to stop container services.
2019-08-28 22:39:19,478 [main] INFO  impl.RaftServerProxy (RaftServerProxy.java:lambda$close$4(314)) - e2b65f49-9637-4a82-a7dd-68b32c9cbc71: close
2019-08-28 22:39:19,480 [main] INFO  impl.RaftServerImpl (RaftServerImpl.java:lambda$shutdown$3(245)) - e2b65f49-9637-4a82-a7dd-68b32c9cbc71: shutdown group-BF8EF3A149CC
2019-08-28 22:39:19,481 [main] INFO  util.JmxRegister (JmxRegister.java:unregister(73)) - Successfully un-registered JMX Bean with object name Ratis:service=RaftServer,group=group-BF8EF3A149CC,id=e2b65f49-9637-4a82-a7dd-68b32c9cbc71
2019-08-28 22:39:19,481 [main] INFO  impl.RoleInfo (RoleInfo.java:shutdownLeaderState(104)) - e2b65f49-9637-4a82-a7dd-68b32c9cbc71: shutdown LeaderState
2019-08-28 22:39:19,488 [org.apache.ratis.server.impl.LogAppender$AppenderDaemon$$Lambda$478/1651785489@7298551f] WARN  server.GrpcLogAppender (GrpcLogAppender.java:mayWait(143)) - GrpcLogAppender(e2b65f49-9637-4a82-a7dd-68b32c9cbc71->95c062d2-902c-4769-a1e5-98e907b1bf44): Wait interrupted by java.lang.InterruptedException
2019-08-28 22:39:19,488 [org.apache.ratis.server.impl.LogAppender$AppenderDaemon$$Lambda$478/1651785489@379ad528] WARN  server.GrpcLogAppender (GrpcLogAppender.java:mayWait(143)) - GrpcLogAppender(e2b65f49-9637-4a82-a7dd-68b32c9cbc71->08268cd6-5dcb-413d-992d-54f67f2c89a8): Wait interrupted by java.lang.InterruptedException
2019-08-28 22:39:19,489 [main] INFO  impl.PendingRequests (PendingRequests.java:sendNotLeaderResponses(202)) - e2b65f49-9637-4a82-a7dd-68b32c9cbc71-PendingRequests: sendNotLeaderResponses
2019-08-28 22:39:19,502 [grpc-default-executor-5] INFO  server.GrpcServerProtocolService (GrpcServerProtocolService.java:onCompleted(104)) - 95c062d2-902c-4769-a1e5-98e907b1bf44: appendEntries completed
2019-08-28 22:39:19,502 [grpc-default-executor-2] INFO  server.GrpcServerProtocolService (GrpcServerProtocolService.java:onCompleted(104)) - 08268cd6-5dcb-413d-992d-54f67f2c89a8: appendEntries completed
2019-08-28 22:39:19,505 [grpc-default-executor-2] INFO  server.GrpcLogAppender (GrpcLogAppender.java:onCompleted(292)) - e2b65f49-9637-4a82-a7dd-68b32c9cbc71->95c062d2-902c-4769-a1e5-98e907b1bf44: follower responses appendEntries COMPLETED
2019-08-28 22:39:19,505 [grpc-default-executor-5] INFO  server.GrpcLogAppender (GrpcLogAppender.java:onCompleted(292)) - e2b65f49-9637-4a82-a7dd-68b32c9cbc71->08268cd6-5dcb-413d-992d-54f67f2c89a8: follower responses appendEntries COMPLETED
2019-08-28 22:39:19,510 [grpc-default-executor-5] INFO  impl.FollowerInfo (FollowerInfo.java:lambda$new$0(50)) - e2b65f49-9637-4a82-a7dd-68b32c9cbc71->08268cd6-5dcb-413d-992d-54f67f2c89a8: nextIndex: updateUnconditionally 9 -> 8
2019-08-28 22:39:19,510 [grpc-default-executor-2] INFO  impl.FollowerInfo (FollowerInfo.java:lambda$new$0(50)) - e2b65f49-9637-4a82-a7dd-68b32c9cbc71->95c062d2-902c-4769-a1e5-98e907b1bf44: nextIndex: updateUnconditionally 9 -> 8
2019-08-28 22:39:19,518 [main] INFO  impl.StateMachineUpdater (StateMachineUpdater.java:stopAndJoin(115)) - StateMachineUpdater:e2b65f49-9637-4a82-a7dd-68b32c9cbc71:group-BF8EF3A149CC: set stopIndex = 8
2019-08-28 22:39:19,518 [StateMachineUpdater:e2b65f49-9637-4a82-a7dd-68b32c9cbc71:group-BF8EF3A149CC] INFO  ratis.ContainerStateMachine (ContainerStateMachine.java:takeSnapshot(284)) - group-BF8EF3A149CC: Taking a snapshot at:(t:3, i:8) file /workdir/hadoop-ozone/integration-test/target/test-dir/MiniOzoneClusterImpl-63887627-3c8f-46f2-98e5-c4d8f002e7f4/datanode-1/data/ratis/a33779c2-4102-4264-ac0a-bf8ef3a149cc/sm/snapshot.3_8
2019-08-28 22:39:19,551 [StateMachineUpdater:e2b65f49-9637-4a82-a7dd-68b32c9cbc71:group-BF8EF3A149CC] INFO  ratis.ContainerStateMachine (ContainerStateMachine.java:takeSnapshot(295)) - group-BF8EF3A149CC: Finished taking a snapshot at:(t:3, i:8) file:/workdir/hadoop-ozone/integration-test/target/test-dir/MiniOzoneClusterImpl-63887627-3c8f-46f2-98e5-c4d8f002e7f4/datanode-1/data/ratis/a33779c2-4102-4264-ac0a-bf8ef3a149cc/sm/snapshot.3_8 time:34
2019-08-28 22:39:19,552 [StateMachineUpdater:e2b65f49-9637-4a82-a7dd-68b32c9cbc71:group-BF8EF3A149CC] INFO  impl.StateMachineUpdater (StateMachineUpdater.java:takeSnapshot(242)) - StateMachineUpdater:e2b65f49-9637-4a82-a7dd-68b32c9cbc71:group-BF8EF3A149CC: Took a snapshot at index 8
2019-08-28 22:39:19,554 [StateMachineUpdater:e2b65f49-9637-4a82-a7dd-68b32c9cbc71:group-BF8EF3A149CC] INFO  impl.StateMachineUpdater (StateMachineUpdater.java:lambda$new$0(80)) - StateMachineUpdater:e2b65f49-9637-4a82-a7dd-68b32c9cbc71:group-BF8EF3A149CC: snapshotIndex: updateIncreasingly -1 -> 8
2019-08-28 22:39:19,562 [main] INFO  impl.RaftServerImpl (ServerState.java:close(394)) - e2b65f49-9637-4a82-a7dd-68b32c9cbc71:group-BF8EF3A149CC closes. The last applied log index is 8
2019-08-28 22:39:19,564 [e2b65f49-9637-4a82-a7dd-68b32c9cbc71-SegmentedRaftLogWorker:Storage Directory /workdir/hadoop-ozone/integration-test/target/test-dir/MiniOzoneClusterImpl-63887627-3c8f-46f2-98e5-c4d8f002e7f4/datanode-1/data/ratis/a33779c2-4102-4264-ac0a-bf8ef3a149cc] INFO  segmented.SegmentedRaftLogWorker (SegmentedRaftLogWorker.java:run(313)) - e2b65f49-9637-4a82-a7dd-68b32c9cbc71-SegmentedRaftLogWorker:Storage Directory /workdir/hadoop-ozone/integration-test/target/test-dir/MiniOzoneClusterImpl-63887627-3c8f-46f2-98e5-c4d8f002e7f4/datanode-1/data/ratis/a33779c2-4102-4264-ac0a-bf8ef3a149cc was interrupted, exiting. There are 0 tasks remaining in the queue.
2019-08-28 22:39:19,567 [main] INFO  segmented.SegmentedRaftLogWorker (SegmentedRaftLogWorker.java:close(228)) - e2b65f49-9637-4a82-a7dd-68b32c9cbc71-SegmentedRaftLogWorker:Storage Directory /workdir/hadoop-ozone/integration-test/target/test-dir/MiniOzoneClusterImpl-63887627-3c8f-46f2-98e5-c4d8f002e7f4/datanode-1/data/ratis/a33779c2-4102-4264-ac0a-bf8ef3a149cc close()
2019-08-28 22:39:19,571 [main] INFO  impl.RaftServerImpl (RaftServerImpl.java:lambda$shutdown$3(245)) - e2b65f49-9637-4a82-a7dd-68b32c9cbc71: shutdown group-A99ED82D3629
2019-08-28 22:39:19,572 [main] INFO  util.JmxRegister (JmxRegister.java:unregister(73)) - Successfully un-registered JMX Bean with object name Ratis:service=RaftServer,group=group-A99ED82D3629,id=e2b65f49-9637-4a82-a7dd-68b32c9cbc71
2019-08-28 22:39:19,572 [main] INFO  impl.RoleInfo (RoleInfo.java:shutdownLeaderState(104)) - e2b65f49-9637-4a82-a7dd-68b32c9cbc71: shutdown LeaderState
2019-08-28 22:39:19,572 [main] INFO  impl.PendingRequests (PendingRequests.java:sendNotLeaderResponses(202)) - e2b65f49-9637-4a82-a7dd-68b32c9cbc71-PendingRequests: sendNotLeaderResponses
2019-08-28 22:39:19,573 [main] INFO  impl.StateMachineUpdater (StateMachineUpdater.java:stopAndJoin(115)) - StateMachineUpdater:e2b65f49-9637-4a82-a7dd-68b32c9cbc71:group-A99ED82D3629: set stopIndex = 0
2019-08-28 22:39:19,573 [main] INFO  impl.RaftServerImpl (ServerState.java:close(394)) - e2b65f49-9637-4a82-a7dd-68b32c9cbc71:group-A99ED82D3629 closes. The last applied log index is 0
2019-08-28 22:39:19,573 [e2b65f49-9637-4a82-a7dd-68b32c9cbc71-SegmentedRaftLogWorker:Storage Directory /workdir/hadoop-ozone/integration-test/target/test-dir/MiniOzoneClusterImpl-63887627-3c8f-46f2-98e5-c4d8f002e7f4/datanode-1/data/ratis/c1360fff-54ea-4240-93c7-a99ed82d3629] INFO  segmented.SegmentedRaftLogWorker (SegmentedRaftLogWorker.java:run(313)) - e2b65f49-9637-4a82-a7dd-68b32c9cbc71-SegmentedRaftLogWorker:Storage Directory /workdir/hadoop-ozone/integration-test/target/test-dir/MiniOzoneClusterImpl-63887627-3c8f-46f2-98e5-c4d8f002e7f4/datanode-1/data/ratis/c1360fff-54ea-4240-93c7-a99ed82d3629 was interrupted, exiting. There are 0 tasks remaining in the queue.
2019-08-28 22:39:19,575 [main] INFO  segmented.SegmentedRaftLogWorker (SegmentedRaftLogWorker.java:close(228)) - e2b65f49-9637-4a82-a7dd-68b32c9cbc71-SegmentedRaftLogWorker:Storage Directory /workdir/hadoop-ozone/integration-test/target/test-dir/MiniOzoneClusterImpl-63887627-3c8f-46f2-98e5-c4d8f002e7f4/datanode-1/data/ratis/c1360fff-54ea-4240-93c7-a99ed82d3629 close()
2019-08-28 22:39:19,580 [main] INFO  server.GrpcService (GrpcService.java:closeImpl(155)) - e2b65f49-9637-4a82-a7dd-68b32c9cbc71: shutdown server with port 38193 now
2019-08-28 22:39:19,583 [main] INFO  server.GrpcService (GrpcService.java:closeImpl(163)) - e2b65f49-9637-4a82-a7dd-68b32c9cbc71: shutdown server with port 38193 successfully
2019-08-28 22:39:19,586 [refreshUsed-/workdir/hadoop-ozone/integration-test/target/test-dir/MiniOzoneClusterImpl-63887627-3c8f-46f2-98e5-c4d8f002e7f4/datanode-1/data/containers] WARN  fs.CachingGetSpaceUsed (CachingGetSpaceUsed.java:run(183)) - Thread Interrupted waiting to refresh disk information: sleep interrupted
2019-08-28 22:39:19,604 [main] INFO  utils.BackgroundService (BackgroundService.java:shutdown(148)) - Shutting down service BlockDeletingService
2019-08-28 22:39:19,610 [main] INFO  statemachine.DatanodeStateMachine (DatanodeStateMachine.java:stopDaemon(395)) - Ozone container server stopped.
2019-08-28 22:39:19,617 [main] INFO  handler.ContextHandler (ContextHandler.java:doStop(910)) - Stopped o.e.j.w.WebAppContext@3ba46e63{/,null,UNAVAILABLE}{/hddsDatanode}
2019-08-28 22:39:19,625 [main] INFO  server.AbstractConnector (AbstractConnector.java:doStop(318)) - Stopped ServerConnector@788ddc1f{HTTP/1.1,[http/1.1]}{0.0.0.0:0}
2019-08-28 22:39:19,625 [main] INFO  handler.ContextHandler (ContextHandler.java:doStop(910)) - Stopped o.e.j.s.ServletContextHandler@3d96fa9e{/static,jar:file:/home/user/.m2/repository/org/apache/hadoop/hadoop-hdds-container-service/0.5.0-SNAPSHOT/hadoop-hdds-container-service-0.5.0-SNAPSHOT.jar!/webapps/static,UNAVAILABLE}
2019-08-28 22:39:19,626 [main] INFO  handler.ContextHandler (ContextHandler.java:doStop(910)) - Stopped o.e.j.s.ServletContextHandler@74170687{/logs,file:///workdir/hadoop-ozone/integration-test/target/log,UNAVAILABLE}
2019-08-28 22:39:19,663 | INFO  | SCMAudit | user=jenkins1000 | ip=192.168.36.111 | op=SEND_HEARTBEAT {datanodeUUID=f6b99aed-3bcb-4bc1-bde0-c5dfc603163d, command=[]} | ret=SUCCESS |  
2019-08-28 22:39:20,144 | INFO  | SCMAudit | user=jenkins1000 | ip=192.168.36.111 | op=SEND_HEARTBEAT {datanodeUUID=95c062d2-902c-4769-a1e5-98e907b1bf44, command=[]} | ret=SUCCESS |  
2019-08-28 22:39:20,162 [Datanode State Machine Thread - 0] INFO  statemachine.DatanodeStateMachine (DatanodeStateMachine.java:lambda$startDaemon$0(350)) - Ozone container server started.
2019-08-28 22:39:20,168 | INFO  | SCMAudit | user=jenkins1000 | ip=192.168.36.111 | op=SEND_HEARTBEAT {datanodeUUID=86ac96e3-3369-4edb-adc6-3f0fc164c9f1, command=[]} | ret=SUCCESS |  
2019-08-28 22:39:20,181 | INFO  | SCMAudit | user=jenkins1000 | ip=192.168.36.111 | op=SEND_HEARTBEAT {datanodeUUID=2815142a-2f08-4152-a2be-84cf11fb517d, command=[]} | ret=SUCCESS |  
2019-08-28 22:39:20,181 | INFO  | SCMAudit | user=jenkins1000 | ip=192.168.36.111 | op=SEND_HEARTBEAT {datanodeUUID=3e7cb256-49a0-429b-8700-c0b065a0f304, command=[]} | ret=SUCCESS |  
2019-08-28 22:39:20,662 | INFO  | SCMAudit | user=jenkins1000 | ip=192.168.36.111 | op=SEND_HEARTBEAT {datanodeUUID=f6b99aed-3bcb-4bc1-bde0-c5dfc603163d, command=[]} | ret=SUCCESS |  
2019-08-28 22:39:21,145 | INFO  | SCMAudit | user=jenkins1000 | ip=192.168.36.111 | op=SEND_HEARTBEAT {datanodeUUID=95c062d2-902c-4769-a1e5-98e907b1bf44, command=[]} | ret=SUCCESS |  
2019-08-28 22:39:21,168 | INFO  | SCMAudit | user=jenkins1000 | ip=192.168.36.111 | op=SEND_HEARTBEAT {datanodeUUID=86ac96e3-3369-4edb-adc6-3f0fc164c9f1, command=[]} | ret=SUCCESS |  
2019-08-28 22:39:21,181 | INFO  | SCMAudit | user=jenkins1000 | ip=192.168.36.111 | op=SEND_HEARTBEAT {datanodeUUID=2815142a-2f08-4152-a2be-84cf11fb517d, command=[]} | ret=SUCCESS |  
2019-08-28 22:39:21,182 | INFO  | SCMAudit | user=jenkins1000 | ip=192.168.36.111 | op=SEND_HEARTBEAT {datanodeUUID=3e7cb256-49a0-429b-8700-c0b065a0f304, command=[]} | ret=SUCCESS |  
2019-08-28 22:39:21,663 | INFO  | SCMAudit | user=jenkins1000 | ip=192.168.36.111 | op=SEND_HEARTBEAT {datanodeUUID=f6b99aed-3bcb-4bc1-bde0-c5dfc603163d, command=[]} | ret=SUCCESS |  
2019-08-28 22:39:22,144 | INFO  | SCMAudit | user=jenkins1000 | ip=192.168.36.111 | op=SEND_HEARTBEAT {datanodeUUID=95c062d2-902c-4769-a1e5-98e907b1bf44, command=[]} | ret=SUCCESS |  
2019-08-28 22:39:22,168 | INFO  | SCMAudit | user=jenkins1000 | ip=192.168.36.111 | op=SEND_HEARTBEAT {datanodeUUID=86ac96e3-3369-4edb-adc6-3f0fc164c9f1, command=[]} | ret=SUCCESS |  
2019-08-28 22:39:22,181 | INFO  | SCMAudit | user=jenkins1000 | ip=192.168.36.111 | op=SEND_HEARTBEAT {datanodeUUID=2815142a-2f08-4152-a2be-84cf11fb517d, command=[]} | ret=SUCCESS |  
2019-08-28 22:39:22,182 | INFO  | SCMAudit | user=jenkins1000 | ip=192.168.36.111 | op=SEND_HEARTBEAT {datanodeUUID=3e7cb256-49a0-429b-8700-c0b065a0f304, command=[]} | ret=SUCCESS |  
2019-08-28 22:39:22,215 [EventQueue-StaleNodeForStaleNodeHandler] INFO  node.StaleNodeHandler (StaleNodeHandler.java:onMessage(58)) - Datanode 08268cd6-5dcb-413d-992d-54f67f2c89a8{ip: 192.168.36.111, host: pr-hdds-1909-jt4r9-1943541209, networkLocation: /default-rack, certSerialId: null} moved to stale state. Finalizing its pipelines [PipelineID=8bad8bf8-117d-49d2-b854-77479d48c799, PipelineID=a33779c2-4102-4264-ac0a-bf8ef3a149cc]
2019-08-28 22:39:22,215 [EventQueue-StaleNodeForStaleNodeHandler] INFO  pipeline.SCMPipelineManager (SCMPipelineManager.java:finalizeAndDestroyPipeline(309)) - destroying pipeline:Pipeline[ Id: 8bad8bf8-117d-49d2-b854-77479d48c799, Nodes: 08268cd6-5dcb-413d-992d-54f67f2c89a8{ip: 192.168.36.111, host: pr-hdds-1909-jt4r9-1943541209, networkLocation: /default-rack, certSerialId: null}, Type:RATIS, Factor:ONE, State:OPEN]
2019-08-28 22:39:22,215 [EventQueue-StaleNodeForStaleNodeHandler] INFO  pipeline.PipelineStateManager (PipelineStateManager.java:finalizePipeline(123)) - Pipeline Pipeline[ Id: 8bad8bf8-117d-49d2-b854-77479d48c799, Nodes: 08268cd6-5dcb-413d-992d-54f67f2c89a8{ip: 192.168.36.111, host: pr-hdds-1909-jt4r9-1943541209, networkLocation: /default-rack, certSerialId: null}, Type:RATIS, Factor:ONE, State:CLOSED] moved to CLOSED state
2019-08-28 22:39:22,216 [EventQueue-StaleNodeForStaleNodeHandler] INFO  pipeline.SCMPipelineManager (SCMPipelineManager.java:finalizeAndDestroyPipeline(309)) - destroying pipeline:Pipeline[ Id: a33779c2-4102-4264-ac0a-bf8ef3a149cc, Nodes: e2b65f49-9637-4a82-a7dd-68b32c9cbc71{ip: 192.168.36.111, host: pr-hdds-1909-jt4r9-1943541209, networkLocation: /default-rack, certSerialId: null}08268cd6-5dcb-413d-992d-54f67f2c89a8{ip: 192.168.36.111, host: pr-hdds-1909-jt4r9-1943541209, networkLocation: /default-rack, certSerialId: null}95c062d2-902c-4769-a1e5-98e907b1bf44{ip: 192.168.36.111, host: pr-hdds-1909-jt4r9-1943541209, networkLocation: /default-rack, certSerialId: null}, Type:RATIS, Factor:THREE, State:CLOSED]
2019-08-28 22:39:22,662 | INFO  | SCMAudit | user=jenkins1000 | ip=192.168.36.111 | op=SEND_HEARTBEAT {datanodeUUID=f6b99aed-3bcb-4bc1-bde0-c5dfc603163d, command=[]} | ret=SUCCESS |  
2019-08-28 22:39:23,145 | INFO  | SCMAudit | user=jenkins1000 | ip=192.168.36.111 | op=SEND_HEARTBEAT {datanodeUUID=95c062d2-902c-4769-a1e5-98e907b1bf44, command=[]} | ret=SUCCESS |  
2019-08-28 22:39:23,169 | INFO  | SCMAudit | user=jenkins1000 | ip=192.168.36.111 | op=SEND_HEARTBEAT {datanodeUUID=86ac96e3-3369-4edb-adc6-3f0fc164c9f1, command=[]} | ret=SUCCESS |  
2019-08-28 22:39:23,181 | INFO  | SCMAudit | user=jenkins1000 | ip=192.168.36.111 | op=SEND_HEARTBEAT {datanodeUUID=2815142a-2f08-4152-a2be-84cf11fb517d, command=[]} | ret=SUCCESS |  
2019-08-28 22:39:23,183 | INFO  | SCMAudit | user=jenkins1000 | ip=192.168.36.111 | op=SEND_HEARTBEAT {datanodeUUID=3e7cb256-49a0-429b-8700-c0b065a0f304, command=[]} | ret=SUCCESS |  
2019-08-28 22:39:23,662 | INFO  | SCMAudit | user=jenkins1000 | ip=192.168.36.111 | op=SEND_HEARTBEAT {datanodeUUID=f6b99aed-3bcb-4bc1-bde0-c5dfc603163d, command=[]} | ret=SUCCESS |  
2019-08-28 22:39:24,146 | INFO  | SCMAudit | user=jenkins1000 | ip=192.168.36.111 | op=SEND_HEARTBEAT {datanodeUUID=95c062d2-902c-4769-a1e5-98e907b1bf44, command=[]} | ret=SUCCESS |  
2019-08-28 22:39:24,169 | INFO  | SCMAudit | user=jenkins1000 | ip=192.168.36.111 | op=SEND_HEARTBEAT {datanodeUUID=86ac96e3-3369-4edb-adc6-3f0fc164c9f1, command=[]} | ret=SUCCESS |  
2019-08-28 22:39:24,181 | INFO  | SCMAudit | user=jenkins1000 | ip=192.168.36.111 | op=SEND_HEARTBEAT {datanodeUUID=2815142a-2f08-4152-a2be-84cf11fb517d, command=[]} | ret=SUCCESS |  
2019-08-28 22:39:24,183 | INFO  | SCMAudit | user=jenkins1000 | ip=192.168.36.111 | op=SEND_HEARTBEAT {datanodeUUID=3e7cb256-49a0-429b-8700-c0b065a0f304, command=[]} | ret=SUCCESS |  
2019-08-28 22:39:24,629 [main] INFO  ozoneimpl.OzoneContainer (OzoneContainer.java:stop(215)) - Attempting to stop container services.
2019-08-28 22:39:24,630 [main] INFO  impl.RaftServerProxy (RaftServerProxy.java:lambda$close$4(314)) - 08268cd6-5dcb-413d-992d-54f67f2c89a8: close
2019-08-28 22:39:24,630 [main] INFO  impl.RaftServerImpl (RaftServerImpl.java:lambda$shutdown$3(245)) - 08268cd6-5dcb-413d-992d-54f67f2c89a8: shutdown group-77479D48C799
2019-08-28 22:39:24,630 [main] INFO  util.JmxRegister (JmxRegister.java:unregister(73)) - Successfully un-registered JMX Bean with object name Ratis:service=RaftServer,group=group-77479D48C799,id=08268cd6-5dcb-413d-992d-54f67f2c89a8
2019-08-28 22:39:24,631 [main] INFO  impl.RoleInfo (RoleInfo.java:shutdownLeaderState(104)) - 08268cd6-5dcb-413d-992d-54f67f2c89a8: shutdown LeaderState
2019-08-28 22:39:24,631 [main] INFO  impl.PendingRequests (PendingRequests.java:sendNotLeaderResponses(202)) - 08268cd6-5dcb-413d-992d-54f67f2c89a8-PendingRequests: sendNotLeaderResponses
2019-08-28 22:39:24,631 [main] INFO  impl.StateMachineUpdater (StateMachineUpdater.java:stopAndJoin(115)) - StateMachineUpdater:08268cd6-5dcb-413d-992d-54f67f2c89a8:group-77479D48C799: set stopIndex = 0
2019-08-28 22:39:24,631 [main] INFO  impl.RaftServerImpl (ServerState.java:close(394)) - 08268cd6-5dcb-413d-992d-54f67f2c89a8:group-77479D48C799 closes. The last applied log index is 0
2019-08-28 22:39:24,632 [08268cd6-5dcb-413d-992d-54f67f2c89a8-SegmentedRaftLogWorker:Storage Directory /workdir/hadoop-ozone/integration-test/target/test-dir/MiniOzoneClusterImpl-63887627-3c8f-46f2-98e5-c4d8f002e7f4/datanode-2/data/ratis/8bad8bf8-117d-49d2-b854-77479d48c799] INFO  segmented.SegmentedRaftLogWorker (SegmentedRaftLogWorker.java:run(313)) - 08268cd6-5dcb-413d-992d-54f67f2c89a8-SegmentedRaftLogWorker:Storage Directory /workdir/hadoop-ozone/integration-test/target/test-dir/MiniOzoneClusterImpl-63887627-3c8f-46f2-98e5-c4d8f002e7f4/datanode-2/data/ratis/8bad8bf8-117d-49d2-b854-77479d48c799 was interrupted, exiting. There are 0 tasks remaining in the queue.
2019-08-28 22:39:24,640 [main] INFO  segmented.SegmentedRaftLogWorker (SegmentedRaftLogWorker.java:close(228)) - 08268cd6-5dcb-413d-992d-54f67f2c89a8-SegmentedRaftLogWorker:Storage Directory /workdir/hadoop-ozone/integration-test/target/test-dir/MiniOzoneClusterImpl-63887627-3c8f-46f2-98e5-c4d8f002e7f4/datanode-2/data/ratis/8bad8bf8-117d-49d2-b854-77479d48c799 close()
2019-08-28 22:39:24,646 [main] INFO  impl.RaftServerImpl (RaftServerImpl.java:lambda$shutdown$3(245)) - 08268cd6-5dcb-413d-992d-54f67f2c89a8: shutdown group-BF8EF3A149CC
2019-08-28 22:39:24,646 [main] INFO  util.JmxRegister (JmxRegister.java:unregister(73)) - Successfully un-registered JMX Bean with object name Ratis:service=RaftServer,group=group-BF8EF3A149CC,id=08268cd6-5dcb-413d-992d-54f67f2c89a8
2019-08-28 22:39:24,647 [main] INFO  impl.RoleInfo (RoleInfo.java:shutdownFollowerState(121)) - 08268cd6-5dcb-413d-992d-54f67f2c89a8: shutdown FollowerState
2019-08-28 22:39:24,647 [main] INFO  impl.StateMachineUpdater (StateMachineUpdater.java:stopAndJoin(115)) - StateMachineUpdater:08268cd6-5dcb-413d-992d-54f67f2c89a8:group-BF8EF3A149CC: set stopIndex = 8
2019-08-28 22:39:24,647 [Thread-427] INFO  impl.FollowerState (FollowerState.java:run(114)) - 08268cd6-5dcb-413d-992d-54f67f2c89a8: FollowerState was interrupted: java.lang.InterruptedException: sleep interrupted
2019-08-28 22:39:24,647 [StateMachineUpdater:08268cd6-5dcb-413d-992d-54f67f2c89a8:group-BF8EF3A149CC] INFO  ratis.ContainerStateMachine (ContainerStateMachine.java:takeSnapshot(284)) - group-BF8EF3A149CC: Taking a snapshot at:(t:3, i:6) file /workdir/hadoop-ozone/integration-test/target/test-dir/MiniOzoneClusterImpl-63887627-3c8f-46f2-98e5-c4d8f002e7f4/datanode-2/data/ratis/a33779c2-4102-4264-ac0a-bf8ef3a149cc/sm/snapshot.3_6
2019-08-28 22:39:24,662 | INFO  | SCMAudit | user=jenkins1000 | ip=192.168.36.111 | op=SEND_HEARTBEAT {datanodeUUID=f6b99aed-3bcb-4bc1-bde0-c5dfc603163d, command=[]} | ret=SUCCESS |  
2019-08-28 22:39:24,672 [StateMachineUpdater:08268cd6-5dcb-413d-992d-54f67f2c89a8:group-BF8EF3A149CC] INFO  ratis.ContainerStateMachine (ContainerStateMachine.java:takeSnapshot(295)) - group-BF8EF3A149CC: Finished taking a snapshot at:(t:3, i:6) file:/workdir/hadoop-ozone/integration-test/target/test-dir/MiniOzoneClusterImpl-63887627-3c8f-46f2-98e5-c4d8f002e7f4/datanode-2/data/ratis/a33779c2-4102-4264-ac0a-bf8ef3a149cc/sm/snapshot.3_6 time:26
2019-08-28 22:39:24,673 [StateMachineUpdater:08268cd6-5dcb-413d-992d-54f67f2c89a8:group-BF8EF3A149CC] INFO  impl.StateMachineUpdater (StateMachineUpdater.java:takeSnapshot(242)) - StateMachineUpdater:08268cd6-5dcb-413d-992d-54f67f2c89a8:group-BF8EF3A149CC: Took a snapshot at index 6
2019-08-28 22:39:24,673 [StateMachineUpdater:08268cd6-5dcb-413d-992d-54f67f2c89a8:group-BF8EF3A149CC] INFO  impl.StateMachineUpdater (StateMachineUpdater.java:lambda$new$0(80)) - StateMachineUpdater:08268cd6-5dcb-413d-992d-54f67f2c89a8:group-BF8EF3A149CC: snapshotIndex: updateIncreasingly -1 -> 6
2019-08-28 22:39:24,673 [main] INFO  impl.RaftServerImpl (ServerState.java:close(394)) - 08268cd6-5dcb-413d-992d-54f67f2c89a8:group-BF8EF3A149CC closes. The last applied log index is 8
2019-08-28 22:39:24,674 [08268cd6-5dcb-413d-992d-54f67f2c89a8-SegmentedRaftLogWorker:Storage Directory /workdir/hadoop-ozone/integration-test/target/test-dir/MiniOzoneClusterImpl-63887627-3c8f-46f2-98e5-c4d8f002e7f4/datanode-2/data/ratis/a33779c2-4102-4264-ac0a-bf8ef3a149cc] INFO  segmented.SegmentedRaftLogWorker (SegmentedRaftLogWorker.java:run(313)) - 08268cd6-5dcb-413d-992d-54f67f2c89a8-SegmentedRaftLogWorker:Storage Directory /workdir/hadoop-ozone/integration-test/target/test-dir/MiniOzoneClusterImpl-63887627-3c8f-46f2-98e5-c4d8f002e7f4/datanode-2/data/ratis/a33779c2-4102-4264-ac0a-bf8ef3a149cc was interrupted, exiting. There are 0 tasks remaining in the queue.
2019-08-28 22:39:24,676 [main] INFO  segmented.SegmentedRaftLogWorker (SegmentedRaftLogWorker.java:close(228)) - 08268cd6-5dcb-413d-992d-54f67f2c89a8-SegmentedRaftLogWorker:Storage Directory /workdir/hadoop-ozone/integration-test/target/test-dir/MiniOzoneClusterImpl-63887627-3c8f-46f2-98e5-c4d8f002e7f4/datanode-2/data/ratis/a33779c2-4102-4264-ac0a-bf8ef3a149cc close()
2019-08-28 22:39:24,680 [main] INFO  server.GrpcService (GrpcService.java:closeImpl(155)) - 08268cd6-5dcb-413d-992d-54f67f2c89a8: shutdown server with port 43467 now
2019-08-28 22:39:24,685 [main] INFO  server.GrpcService (GrpcService.java:closeImpl(163)) - 08268cd6-5dcb-413d-992d-54f67f2c89a8: shutdown server with port 43467 successfully
2019-08-28 22:39:24,688 [refreshUsed-/workdir/hadoop-ozone/integration-test/target/test-dir/MiniOzoneClusterImpl-63887627-3c8f-46f2-98e5-c4d8f002e7f4/datanode-2/data/containers] WARN  fs.CachingGetSpaceUsed (CachingGetSpaceUsed.java:run(183)) - Thread Interrupted waiting to refresh disk information: sleep interrupted
2019-08-28 22:39:24,711 [main] INFO  utils.BackgroundService (BackgroundService.java:shutdown(148)) - Shutting down service BlockDeletingService
2019-08-28 22:39:24,717 [main] INFO  statemachine.DatanodeStateMachine (DatanodeStateMachine.java:stopDaemon(395)) - Ozone container server stopped.
2019-08-28 22:39:24,718 [main] INFO  handler.ContextHandler (ContextHandler.java:doStop(910)) - Stopped o.e.j.w.WebAppContext@17273273{/,null,UNAVAILABLE}{/hddsDatanode}
2019-08-28 22:39:24,719 [main] INFO  server.AbstractConnector (AbstractConnector.java:doStop(318)) - Stopped ServerConnector@5f69e2b{HTTP/1.1,[http/1.1]}{0.0.0.0:0}
2019-08-28 22:39:24,720 [main] INFO  handler.ContextHandler (ContextHandler.java:doStop(910)) - Stopped o.e.j.s.ServletContextHandler@574a89e2{/static,jar:file:/home/user/.m2/repository/org/apache/hadoop/hadoop-hdds-container-service/0.5.0-SNAPSHOT/hadoop-hdds-container-service-0.5.0-SNAPSHOT.jar!/webapps/static,UNAVAILABLE}
2019-08-28 22:39:24,720 [main] INFO  handler.ContextHandler (ContextHandler.java:doStop(910)) - Stopped o.e.j.s.ServletContextHandler@753aca85{/logs,file:///workdir/hadoop-ozone/integration-test/target/log,UNAVAILABLE}
]]></system-out>
  </testcase>
</testsuite>