<?xml version="1.0" encoding="UTF-8"?>
<testsuite xmlns:xsi="http://www.w3.org/2001/XMLSchema-instance" xsi:noNamespaceSchemaLocation="https://maven.apache.org/surefire/maven-surefire-plugin/xsd/surefire-test-report.xsd" name="org.apache.hadoop.ozone.client.rpc.TestBlockOutputStreamWithFailures" time="791.92" tests="8" errors="0" skipped="0" failures="1">
  <properties>
    <property name="awt.toolkit" value="sun.awt.X11.XToolkit"/>
    <property name="file.encoding.pkg" value="sun.io"/>
    <property name="java.specification.version" value="1.8"/>
    <property name="sun.cpu.isalist" value=""/>
    <property name="sun.jnu.encoding" value="UTF-8"/>
    <property name="java.class.path" value="/workdir/hadoop-ozone/integration-test/target/test-classes:/workdir/hadoop-ozone/integration-test/target/classes:/home/user/.m2/repository/org/apache/hadoop/hadoop-ozone-common/0.5.0-SNAPSHOT/hadoop-ozone-common-0.5.0-SNAPSHOT.jar:/home/user/.m2/repository/org/apache/commons/commons-compress/1.4.1/commons-compress-1.4.1.jar:/home/user/.m2/repository/org/tukaani/xz/1.0/xz-1.0.jar:/home/user/.m2/repository/org/apache/hadoop/hadoop-common/3.2.0/hadoop-common-3.2.0.jar:/home/user/.m2/repository/org/apache/hadoop/hadoop-hdfs/3.2.0/hadoop-hdfs-3.2.0.jar:/home/user/.m2/repository/org/apache/hadoop/hadoop-hdfs-client/3.2.0/hadoop-hdfs-client-3.2.0.jar:/home/user/.m2/repository/com/fasterxml/jackson/core/jackson-annotations/2.9.5/jackson-annotations-2.9.5.jar:/home/user/.m2/repository/org/apache/hadoop/hadoop-hdds-common/0.5.0-SNAPSHOT/hadoop-hdds-common-0.5.0-SNAPSHOT.jar:/home/user/.m2/repository/javax/annotation/javax.annotation-api/1.2/javax.annotation-api-1.2.jar:/home/user/.m2/repository/org/apache/ratis/ratis-server/0.4.0-2337318-SNAPSHOT/ratis-server-0.4.0-2337318-SNAPSHOT.jar:/home/user/.m2/repository/org/apache/ratis/ratis-thirdparty-misc/0.2.0/ratis-thirdparty-misc-0.2.0.jar:/home/user/.m2/repository/org/apache/ratis/ratis-proto/0.4.0-2337318-SNAPSHOT/ratis-proto-0.4.0-2337318-SNAPSHOT.jar:/home/user/.m2/repository/org/apache/ratis/ratis-common/0.4.0-2337318-SNAPSHOT/ratis-common-0.4.0-2337318-SNAPSHOT.jar:/home/user/.m2/repository/org/apache/ratis/ratis-client/0.4.0-2337318-SNAPSHOT/ratis-client-0.4.0-2337318-SNAPSHOT.jar:/home/user/.m2/repository/org/apache/ratis/ratis-metrics/0.4.0-2337318-SNAPSHOT/ratis-metrics-0.4.0-2337318-SNAPSHOT.jar:/home/user/.m2/repository/org/apache/ratis/ratis-netty/0.4.0-2337318-SNAPSHOT/ratis-netty-0.4.0-2337318-SNAPSHOT.jar:/home/user/.m2/repository/org/apache/ratis/ratis-grpc/0.4.0-2337318-SNAPSHOT/ratis-grpc-0.4.0-2337318-SNAPSHOT.jar:/home/user/.m2/repository/org/rocksdb/rocksdbjni/6.0.1/rocksdbjni-6.0.1.jar:/home/user/.m2/repository/org/apache/logging/log4j/log4j-api/2.11.0/log4j-api-2.11.0.jar:/home/user/.m2/repository/org/apache/logging/log4j/log4j-core/2.11.0/log4j-core-2.11.0.jar:/home/user/.m2/repository/com/lmax/disruptor/3.4.2/disruptor-3.4.2.jar:/home/user/.m2/repository/org/apache/commons/commons-pool2/2.6.0/commons-pool2-2.6.0.jar:/home/user/.m2/repository/org/bouncycastle/bcpkix-jdk15on/1.60/bcpkix-jdk15on-1.60.jar:/home/user/.m2/repository/commons-validator/commons-validator/1.6/commons-validator-1.6.jar:/home/user/.m2/repository/commons-digester/commons-digester/1.8.1/commons-digester-1.8.1.jar:/home/user/.m2/repository/io/jaegertracing/jaeger-client/0.33.1/jaeger-client-0.33.1.jar:/home/user/.m2/repository/io/jaegertracing/jaeger-thrift/0.33.1/jaeger-thrift-0.33.1.jar:/home/user/.m2/repository/org/apache/thrift/libthrift/0.11.0/libthrift-0.11.0.jar:/home/user/.m2/repository/com/squareup/okhttp3/okhttp/3.9.0/okhttp-3.9.0.jar:/home/user/.m2/repository/com/squareup/okio/okio/1.13.0/okio-1.13.0.jar:/home/user/.m2/repository/io/jaegertracing/jaeger-core/0.33.1/jaeger-core-0.33.1.jar:/home/user/.m2/repository/io/jaegertracing/jaeger-tracerresolver/0.33.1/jaeger-tracerresolver-0.33.1.jar:/home/user/.m2/repository/io/opentracing/contrib/opentracing-tracerresolver/0.1.5/opentracing-tracerresolver-0.1.5.jar:/home/user/.m2/repository/io/opentracing/opentracing-util/0.31.0/opentracing-util-0.31.0.jar:/home/user/.m2/repository/io/opentracing/opentracing-api/0.31.0/opentracing-api-0.31.0.jar:/home/user/.m2/repository/io/opentracing/opentracing-noop/0.31.0/opentracing-noop-0.31.0.jar:/home/user/.m2/repository/org/apache/hadoop/hadoop-hdds-server-framework/0.5.0-SNAPSHOT/hadoop-hdds-server-framework-0.5.0-SNAPSHOT.jar:/home/user/.m2/repository/org/apache/hadoop/hadoop-hdds-container-service/0.5.0-SNAPSHOT/hadoop-hdds-container-service-0.5.0-SNAPSHOT.jar:/home/user/.m2/repository/org/apache/hadoop/hadoop-hdds-client/0.5.0-SNAPSHOT/hadoop-hdds-client-0.5.0-SNAPSHOT.jar:/home/user/.m2/repository/org/apache/hadoop/hadoop-hdds-tools/0.5.0-SNAPSHOT/hadoop-hdds-tools-0.5.0-SNAPSHOT.jar:/home/user/.m2/repository/org/apache/hadoop/hadoop-hdds-server-scm/0.5.0-SNAPSHOT/hadoop-hdds-server-scm-0.5.0-SNAPSHOT.jar:/home/user/.m2/repository/org/apache/hadoop/hadoop-hdds-docs/0.5.0-SNAPSHOT/hadoop-hdds-docs-0.5.0-SNAPSHOT.jar:/home/user/.m2/repository/com/sun/xml/bind/jaxb-impl/2.3.0.1/jaxb-impl-2.3.0.1.jar:/home/user/.m2/repository/com/sun/xml/bind/jaxb-core/2.3.0.1/jaxb-core-2.3.0.1.jar:/home/user/.m2/repository/javax/xml/bind/jaxb-api/2.3.0/jaxb-api-2.3.0.jar:/home/user/.m2/repository/javax/activation/activation/1.1.1/activation-1.1.1.jar:/home/user/.m2/repository/io/dropwizard/metrics/metrics-core/3.2.4/metrics-core-3.2.4.jar:/home/user/.m2/repository/org/hamcrest/hamcrest-all/1.3/hamcrest-all-1.3.jar:/home/user/.m2/repository/org/bouncycastle/bcprov-jdk15on/1.60/bcprov-jdk15on-1.60.jar:/home/user/.m2/repository/info/picocli/picocli/3.9.6/picocli-3.9.6.jar:/home/user/.m2/repository/com/google/protobuf/protobuf-java/2.5.0/protobuf-java-2.5.0.jar:/home/user/.m2/repository/com/google/guava/guava/11.0.2/guava-11.0.2.jar:/home/user/.m2/repository/org/apache/hadoop/hadoop-ozone-ozone-manager/0.5.0-SNAPSHOT/hadoop-ozone-ozone-manager-0.5.0-SNAPSHOT.jar:/home/user/.m2/repository/org/apache/hadoop/hadoop-minikdc/3.2.0/hadoop-minikdc-3.2.0.jar:/home/user/.m2/repository/commons-io/commons-io/2.5/commons-io-2.5.jar:/home/user/.m2/repository/org/apache/kerby/kerb-simplekdc/1.0.1/kerb-simplekdc-1.0.1.jar:/home/user/.m2/repository/org/apache/kerby/kerb-client/1.0.1/kerb-client-1.0.1.jar:/home/user/.m2/repository/org/apache/kerby/kerby-config/1.0.1/kerby-config-1.0.1.jar:/home/user/.m2/repository/org/apache/kerby/kerb-core/1.0.1/kerb-core-1.0.1.jar:/home/user/.m2/repository/org/apache/kerby/kerby-pkix/1.0.1/kerby-pkix-1.0.1.jar:/home/user/.m2/repository/org/apache/kerby/kerby-asn1/1.0.1/kerby-asn1-1.0.1.jar:/home/user/.m2/repository/org/apache/kerby/kerby-util/1.0.1/kerby-util-1.0.1.jar:/home/user/.m2/repository/org/apache/kerby/kerb-common/1.0.1/kerb-common-1.0.1.jar:/home/user/.m2/repository/org/apache/kerby/kerb-crypto/1.0.1/kerb-crypto-1.0.1.jar:/home/user/.m2/repository/org/apache/kerby/kerb-util/1.0.1/kerb-util-1.0.1.jar:/home/user/.m2/repository/org/apache/kerby/token-provider/1.0.1/token-provider-1.0.1.jar:/home/user/.m2/repository/org/apache/kerby/kerb-admin/1.0.1/kerb-admin-1.0.1.jar:/home/user/.m2/repository/org/apache/kerby/kerb-server/1.0.1/kerb-server-1.0.1.jar:/home/user/.m2/repository/org/apache/kerby/kerb-identity/1.0.1/kerb-identity-1.0.1.jar:/home/user/.m2/repository/org/apache/kerby/kerby-xdr/1.0.1/kerby-xdr-1.0.1.jar:/home/user/.m2/repository/org/slf4j/slf4j-log4j12/1.7.25/slf4j-log4j12-1.7.25.jar:/home/user/.m2/repository/org/apache/hadoop/hadoop-ozone-s3gateway/0.5.0-SNAPSHOT/hadoop-ozone-s3gateway-0.5.0-SNAPSHOT.jar:/home/user/.m2/repository/org/jboss/weld/servlet/weld-servlet/2.4.7.Final/weld-servlet-2.4.7.Final.jar:/home/user/.m2/repository/org/glassfish/jersey/containers/jersey-container-servlet-core/2.27/jersey-container-servlet-core-2.27.jar:/home/user/.m2/repository/org/glassfish/hk2/external/javax.inject/2.5.0-b42/javax.inject-2.5.0-b42.jar:/home/user/.m2/repository/org/glassfish/jersey/core/jersey-common/2.27/jersey-common-2.27.jar:/home/user/.m2/repository/org/glassfish/hk2/osgi-resource-locator/1.0.1/osgi-resource-locator-1.0.1.jar:/home/user/.m2/repository/javax/ws/rs/javax.ws.rs-api/2.1/javax.ws.rs-api-2.1.jar:/home/user/.m2/repository/org/glassfish/jersey/ext/cdi/jersey-cdi1x/2.27/jersey-cdi1x-2.27.jar:/home/user/.m2/repository/org/glassfish/jersey/inject/jersey-hk2/2.27/jersey-hk2-2.27.jar:/home/user/.m2/repository/org/glassfish/hk2/hk2-locator/2.5.0-b42/hk2-locator-2.5.0-b42.jar:/home/user/.m2/repository/org/javassist/javassist/3.22.0-CR2/javassist-3.22.0-CR2.jar:/home/user/.m2/repository/org/glassfish/hk2/hk2-api/2.5.0/hk2-api-2.5.0.jar:/home/user/.m2/repository/org/glassfish/hk2/external/jakarta.inject/2.5.0/jakarta.inject-2.5.0.jar:/home/user/.m2/repository/org/glassfish/hk2/hk2-utils/2.5.0/hk2-utils-2.5.0.jar:/home/user/.m2/repository/jakarta/annotation/jakarta.annotation-api/1.3.4/jakarta.annotation-api-1.3.4.jar:/home/user/.m2/repository/org/glassfish/hk2/external/aopalliance-repackaged/2.5.0/aopalliance-repackaged-2.5.0.jar:/home/user/.m2/repository/com/fasterxml/jackson/dataformat/jackson-dataformat-xml/2.9.0/jackson-dataformat-xml-2.9.0.jar:/home/user/.m2/repository/com/fasterxml/jackson/core/jackson-core/2.9.5/jackson-core-2.9.5.jar:/home/user/.m2/repository/com/fasterxml/jackson/module/jackson-module-jaxb-annotations/2.9.5/jackson-module-jaxb-annotations-2.9.5.jar:/home/user/.m2/repository/javax/enterprise/cdi-api/1.2/cdi-api-1.2.jar:/home/user/.m2/repository/javax/el/javax.el-api/3.0.0/javax.el-api-3.0.0.jar:/home/user/.m2/repository/javax/interceptor/javax.interceptor-api/1.2/javax.interceptor-api-1.2.jar:/home/user/.m2/repository/javax/inject/javax.inject/1/javax.inject-1.jar:/home/user/.m2/repository/org/apache/hadoop/hadoop-ozone-csi/0.5.0-SNAPSHOT/hadoop-ozone-csi-0.5.0-SNAPSHOT.jar:/home/user/.m2/repository/com/google/protobuf/protobuf-java-util/3.5.1/protobuf-java-util-3.5.1.jar:/home/user/.m2/repository/org/apache/hadoop/hadoop-hdds-config/0.5.0-SNAPSHOT/hadoop-hdds-config-0.5.0-SNAPSHOT.jar:/home/user/.m2/repository/io/grpc/grpc-netty/1.17.1/grpc-netty-1.17.1.jar:/home/user/.m2/repository/io/grpc/grpc-core/1.17.1/grpc-core-1.17.1.jar:/home/user/.m2/repository/io/grpc/grpc-context/1.17.1/grpc-context-1.17.1.jar:/home/user/.m2/repository/com/google/errorprone/error_prone_annotations/2.2.0/error_prone_annotations-2.2.0.jar:/home/user/.m2/repository/org/codehaus/mojo/animal-sniffer-annotations/1.17/animal-sniffer-annotations-1.17.jar:/home/user/.m2/repository/io/opencensus/opencensus-api/0.17.0/opencensus-api-0.17.0.jar:/home/user/.m2/repository/io/opencensus/opencensus-contrib-grpc-metrics/0.17.0/opencensus-contrib-grpc-metrics-0.17.0.jar:/home/user/.m2/repository/io/netty/netty-codec-http2/4.1.30.Final/netty-codec-http2-4.1.30.Final.jar:/home/user/.m2/repository/io/netty/netty-codec-http/4.1.30.Final/netty-codec-http-4.1.30.Final.jar:/home/user/.m2/repository/io/netty/netty-codec/4.1.30.Final/netty-codec-4.1.30.Final.jar:/home/user/.m2/repository/io/netty/netty-handler/4.1.30.Final/netty-handler-4.1.30.Final.jar:/home/user/.m2/repository/io/netty/netty-handler-proxy/4.1.30.Final/netty-handler-proxy-4.1.30.Final.jar:/home/user/.m2/repository/io/netty/netty-codec-socks/4.1.30.Final/netty-codec-socks-4.1.30.Final.jar:/home/user/.m2/repository/io/netty/netty-transport-native-epoll/4.1.30.Final/netty-transport-native-epoll-4.1.30.Final.jar:/home/user/.m2/repository/io/netty/netty-common/4.1.30.Final/netty-common-4.1.30.Final.jar:/home/user/.m2/repository/io/netty/netty-buffer/4.1.30.Final/netty-buffer-4.1.30.Final.jar:/home/user/.m2/repository/io/netty/netty-transport/4.1.30.Final/netty-transport-4.1.30.Final.jar:/home/user/.m2/repository/io/netty/netty-resolver/4.1.30.Final/netty-resolver-4.1.30.Final.jar:/home/user/.m2/repository/io/netty/netty-transport-native-unix-common/4.1.30.Final/netty-transport-native-unix-common-4.1.30.Final.jar:/home/user/.m2/repository/io/grpc/grpc-protobuf/1.17.1/grpc-protobuf-1.17.1.jar:/home/user/.m2/repository/com/google/api/grpc/proto-google-common-protos/1.0.0/proto-google-common-protos-1.0.0.jar:/home/user/.m2/repository/io/grpc/grpc-protobuf-lite/1.17.1/grpc-protobuf-lite-1.17.1.jar:/home/user/.m2/repository/io/grpc/grpc-stub/1.17.1/grpc-stub-1.17.1.jar:/home/user/.m2/repository/org/apache/hadoop/hadoop-ozone-recon/0.5.0-SNAPSHOT/hadoop-ozone-recon-0.5.0-SNAPSHOT.jar:/home/user/.m2/repository/org/apache/hadoop/hadoop-ozone-reconcodegen/0.5.0-SNAPSHOT/hadoop-ozone-reconcodegen-0.5.0-SNAPSHOT.jar:/home/user/.m2/repository/com/google/inject/extensions/guice-multibindings/4.0/guice-multibindings-4.0.jar:/home/user/.m2/repository/com/google/inject/guice/4.0/guice-4.0.jar:/home/user/.m2/repository/aopalliance/aopalliance/1.0/aopalliance-1.0.jar:/home/user/.m2/repository/com/google/inject/extensions/guice-servlet/4.0/guice-servlet-4.0.jar:/home/user/.m2/repository/org/glassfish/jersey/containers/jersey-container-servlet/2.27/jersey-container-servlet-2.27.jar:/home/user/.m2/repository/org/glassfish/hk2/guice-bridge/2.5.0/guice-bridge-2.5.0.jar:/home/user/.m2/repository/org/glassfish/jersey/core/jersey-server/2.27/jersey-server-2.27.jar:/home/user/.m2/repository/org/glassfish/jersey/core/jersey-client/2.27/jersey-client-2.27.jar:/home/user/.m2/repository/org/glassfish/jersey/media/jersey-media-jaxb/2.27/jersey-media-jaxb-2.27.jar:/home/user/.m2/repository/javax/validation/validation-api/1.1.0.Final/validation-api-1.1.0.Final.jar:/home/user/.m2/repository/org/glassfish/jersey/media/jersey-media-json-jackson/2.27/jersey-media-json-jackson-2.27.jar:/home/user/.m2/repository/org/glassfish/jersey/ext/jersey-entity-filtering/2.27/jersey-entity-filtering-2.27.jar:/home/user/.m2/repository/com/google/inject/extensions/guice-assistedinject/4.0/guice-assistedinject-4.0.jar:/home/user/.m2/repository/org/jooq/jooq/3.11.10/jooq-3.11.10.jar:/home/user/.m2/repository/org/jooq/jooq-meta/3.11.10/jooq-meta-3.11.10.jar:/home/user/.m2/repository/org/jooq/jooq-codegen/3.11.10/jooq-codegen-3.11.10.jar:/home/user/.m2/repository/com/jolbox/bonecp/0.8.0.RELEASE/bonecp-0.8.0.RELEASE.jar:/home/user/.m2/repository/org/xerial/sqlite-jdbc/3.25.2/sqlite-jdbc-3.25.2.jar:/home/user/.m2/repository/org/springframework/spring-jdbc/5.1.3.RELEASE/spring-jdbc-5.1.3.RELEASE.jar:/home/user/.m2/repository/org/springframework/spring-beans/5.1.3.RELEASE/spring-beans-5.1.3.RELEASE.jar:/home/user/.m2/repository/org/springframework/spring-core/5.1.3.RELEASE/spring-core-5.1.3.RELEASE.jar:/home/user/.m2/repository/org/springframework/spring-jcl/5.1.3.RELEASE/spring-jcl-5.1.3.RELEASE.jar:/home/user/.m2/repository/org/springframework/spring-tx/5.1.3.RELEASE/spring-tx-5.1.3.RELEASE.jar:/home/user/.m2/repository/org/apache/hadoop/hadoop-ozone-client/0.5.0-SNAPSHOT/hadoop-ozone-client-0.5.0-SNAPSHOT.jar:/home/user/.m2/repository/commons-lang/commons-lang/2.6/commons-lang-2.6.jar:/home/user/.m2/repository/org/apache/hadoop/hadoop-ozone-ozone-manager/0.5.0-SNAPSHOT/hadoop-ozone-ozone-manager-0.5.0-SNAPSHOT-tests.jar:/home/user/.m2/repository/junit/junit/4.11/junit-4.11.jar:/home/user/.m2/repository/org/hamcrest/hamcrest-core/1.3/hamcrest-core-1.3.jar:/home/user/.m2/repository/org/openjdk/jmh/jmh-core/1.19/jmh-core-1.19.jar:/home/user/.m2/repository/net/sf/jopt-simple/jopt-simple/4.6/jopt-simple-4.6.jar:/home/user/.m2/repository/org/apache/commons/commons-math3/3.1.1/commons-math3-3.1.1.jar:/home/user/.m2/repository/org/openjdk/jmh/jmh-generator-annprocess/1.19/jmh-generator-annprocess-1.19.jar:/home/user/.m2/repository/org/mockito/mockito-all/1.8.5/mockito-all-1.8.5.jar:/home/user/.m2/repository/org/apache/hadoop/hadoop-kms/3.2.0/hadoop-kms-3.2.0.jar:/home/user/.m2/repository/org/apache/hadoop/hadoop-auth/3.2.0/hadoop-auth-3.2.0.jar:/home/user/.m2/repository/com/nimbusds/nimbus-jose-jwt/4.41.1/nimbus-jose-jwt-4.41.1.jar:/home/user/.m2/repository/com/github/stephenc/jcip/jcip-annotations/1.0-1/jcip-annotations-1.0-1.jar:/home/user/.m2/repository/net/minidev/json-smart/2.3/json-smart-2.3.jar:/home/user/.m2/repository/net/minidev/accessors-smart/1.2/accessors-smart-1.2.jar:/home/user/.m2/repository/org/ow2/asm/asm/5.0.4/asm-5.0.4.jar:/home/user/.m2/repository/org/apache/curator/curator-framework/2.12.0/curator-framework-2.12.0.jar:/home/user/.m2/repository/com/sun/jersey/jersey-core/1.19/jersey-core-1.19.jar:/home/user/.m2/repository/javax/ws/rs/jsr311-api/1.1.1/jsr311-api-1.1.1.jar:/home/user/.m2/repository/com/sun/jersey/jersey-server/1.19/jersey-server-1.19.jar:/home/user/.m2/repository/javax/servlet/javax.servlet-api/3.1.0/javax.servlet-api-3.1.0.jar:/home/user/.m2/repository/org/eclipse/jetty/jetty-server/9.3.24.v20180605/jetty-server-9.3.24.v20180605.jar:/home/user/.m2/repository/org/eclipse/jetty/jetty-http/9.3.24.v20180605/jetty-http-9.3.24.v20180605.jar:/home/user/.m2/repository/org/eclipse/jetty/jetty-io/9.3.24.v20180605/jetty-io-9.3.24.v20180605.jar:/home/user/.m2/repository/org/eclipse/jetty/jetty-webapp/9.3.24.v20180605/jetty-webapp-9.3.24.v20180605.jar:/home/user/.m2/repository/org/eclipse/jetty/jetty-xml/9.3.24.v20180605/jetty-xml-9.3.24.v20180605.jar:/home/user/.m2/repository/log4j/log4j/1.2.17/log4j-1.2.17.jar:/home/user/.m2/repository/org/slf4j/slf4j-api/1.7.25/slf4j-api-1.7.25.jar:/home/user/.m2/repository/org/slf4j/jul-to-slf4j/1.7.25/jul-to-slf4j-1.7.25.jar:/home/user/.m2/repository/org/eclipse/jetty/jetty-util/9.3.24.v20180605/jetty-util-9.3.24.v20180605.jar:/home/user/.m2/repository/com/fasterxml/jackson/core/jackson-databind/2.9.5/jackson-databind-2.9.5.jar:/home/user/.m2/repository/org/apache/hadoop/hadoop-kms/3.2.0/hadoop-kms-3.2.0-tests.jar:/home/user/.m2/repository/org/apache/hadoop/hadoop-hdds-server-scm/0.5.0-SNAPSHOT/hadoop-hdds-server-scm-0.5.0-SNAPSHOT-tests.jar:/home/user/.m2/repository/org/apache/hadoop/hadoop-hdds-container-service/0.5.0-SNAPSHOT/hadoop-hdds-container-service-0.5.0-SNAPSHOT-tests.jar:/home/user/.m2/repository/org/yaml/snakeyaml/1.16/snakeyaml-1.16.jar:/home/user/.m2/repository/org/apache/hadoop/hadoop-common/3.2.0/hadoop-common-3.2.0-tests.jar:/home/user/.m2/repository/org/apache/hadoop/hadoop-annotations/3.2.0/hadoop-annotations-3.2.0.jar:/usr/lib/jvm/java-1.8-openjdk/jre/../lib/tools.jar:/home/user/.m2/repository/commons-cli/commons-cli/1.2/commons-cli-1.2.jar:/home/user/.m2/repository/org/apache/httpcomponents/httpclient/4.5.2/httpclient-4.5.2.jar:/home/user/.m2/repository/org/apache/httpcomponents/httpcore/4.4.4/httpcore-4.4.4.jar:/home/user/.m2/repository/commons-codec/commons-codec/1.11/commons-codec-1.11.jar:/home/user/.m2/repository/commons-net/commons-net/3.6/commons-net-3.6.jar:/home/user/.m2/repository/commons-collections/commons-collections/3.2.2/commons-collections-3.2.2.jar:/home/user/.m2/repository/org/eclipse/jetty/jetty-servlet/9.3.24.v20180605/jetty-servlet-9.3.24.v20180605.jar:/home/user/.m2/repository/org/eclipse/jetty/jetty-security/9.3.24.v20180605/jetty-security-9.3.24.v20180605.jar:/home/user/.m2/repository/javax/servlet/jsp/jsp-api/2.1/jsp-api-2.1.jar:/home/user/.m2/repository/com/sun/jersey/jersey-servlet/1.19/jersey-servlet-1.19.jar:/home/user/.m2/repository/com/sun/jersey/jersey-json/1.19/jersey-json-1.19.jar:/home/user/.m2/repository/org/codehaus/jettison/jettison/1.1/jettison-1.1.jar:/home/user/.m2/repository/org/codehaus/jackson/jackson-core-asl/1.9.13/jackson-core-asl-1.9.13.jar:/home/user/.m2/repository/org/codehaus/jackson/jackson-mapper-asl/1.9.13/jackson-mapper-asl-1.9.13.jar:/home/user/.m2/repository/org/codehaus/jackson/jackson-jaxrs/1.9.13/jackson-jaxrs-1.9.13.jar:/home/user/.m2/repository/org/codehaus/jackson/jackson-xc/1.9.13/jackson-xc-1.9.13.jar:/home/user/.m2/repository/commons-logging/commons-logging/1.1.3/commons-logging-1.1.3.jar:/home/user/.m2/repository/commons-beanutils/commons-beanutils/1.9.3/commons-beanutils-1.9.3.jar:/home/user/.m2/repository/org/apache/commons/commons-configuration2/2.1.1/commons-configuration2-2.1.1.jar:/home/user/.m2/repository/org/apache/commons/commons-lang3/3.7/commons-lang3-3.7.jar:/home/user/.m2/repository/org/apache/commons/commons-text/1.4/commons-text-1.4.jar:/home/user/.m2/repository/org/apache/avro/avro/1.7.7/avro-1.7.7.jar:/home/user/.m2/repository/com/thoughtworks/paranamer/paranamer/2.3/paranamer-2.3.jar:/home/user/.m2/repository/org/xerial/snappy/snappy-java/1.0.5/snappy-java-1.0.5.jar:/home/user/.m2/repository/com/google/re2j/re2j/1.1/re2j-1.1.jar:/home/user/.m2/repository/com/google/code/gson/gson/2.2.4/gson-2.2.4.jar:/home/user/.m2/repository/com/jcraft/jsch/0.1.54/jsch-0.1.54.jar:/home/user/.m2/repository/org/apache/curator/curator-client/2.12.0/curator-client-2.12.0.jar:/home/user/.m2/repository/org/apache/curator/curator-recipes/2.12.0/curator-recipes-2.12.0.jar:/home/user/.m2/repository/com/google/code/findbugs/jsr305/3.0.0/jsr305-3.0.0.jar:/home/user/.m2/repository/org/apache/htrace/htrace-core4/4.1.0-incubating/htrace-core4-4.1.0-incubating.jar:/home/user/.m2/repository/org/apache/zookeeper/zookeeper/3.4.13/zookeeper-3.4.13.jar:/home/user/.m2/repository/org/apache/yetus/audience-annotations/0.5.0/audience-annotations-0.5.0.jar:/home/user/.m2/repository/org/codehaus/woodstox/stax2-api/3.1.4/stax2-api-3.1.4.jar:/home/user/.m2/repository/com/fasterxml/woodstox/woodstox-core/5.0.3/woodstox-core-5.0.3.jar:/home/user/.m2/repository/dnsjava/dnsjava/2.1.7/dnsjava-2.1.7.jar:/home/user/.m2/repository/org/apache/hadoop/hadoop-hdfs/3.2.0/hadoop-hdfs-3.2.0-tests.jar:/home/user/.m2/repository/org/eclipse/jetty/jetty-util-ajax/9.3.24.v20180605/jetty-util-ajax-9.3.24.v20180605.jar:/home/user/.m2/repository/commons-daemon/commons-daemon/1.0.13/commons-daemon-1.0.13.jar:/home/user/.m2/repository/io/netty/netty/3.10.5.Final/netty-3.10.5.Final.jar:/home/user/.m2/repository/io/netty/netty-all/4.0.52.Final/netty-all-4.0.52.Final.jar:/home/user/.m2/repository/org/fusesource/leveldbjni/leveldbjni-all/1.8/leveldbjni-all-1.8.jar:"/>
    <property name="java.vm.vendor" value="IcedTea"/>
    <property name="sun.arch.data.model" value="64"/>
    <property name="test.build.dir" value="/workdir/hadoop-ozone/integration-test/target/test-dir"/>
    <property name="test.cache.data" value=""/>
    <property name="java.vendor.url" value="https://icedtea.classpath.org"/>
    <property name="user.timezone" value=""/>
    <property name="java.vm.specification.version" value="1.8"/>
    <property name="os.name" value="Linux"/>
    <property name="test.build.data" value="/workdir/hadoop-ozone/integration-test/target/test-dir"/>
    <property name="user.country" value="US"/>
    <property name="sun.java.launcher" value="SUN_STANDARD"/>
    <property name="sun.boot.library.path" value="/usr/lib/jvm/java-1.8-openjdk/jre/lib/amd64"/>
    <property name="sun.java.command" value="/workdir/hadoop-ozone/integration-test/target/surefire/surefirebooter2853561257735081941.jar /workdir/hadoop-ozone/integration-test/target/surefire 2019-08-28T22-06-36_103-jvmRun1 surefire6772777993799768077tmp surefire_166937577099347988940tmp"/>
    <property name="test" value="!TestMiniChaosOzoneCluster"/>
    <property name="surefire.test.class.path" value="/workdir/hadoop-ozone/integration-test/target/test-classes:/workdir/hadoop-ozone/integration-test/target/classes:/home/user/.m2/repository/org/apache/hadoop/hadoop-ozone-common/0.5.0-SNAPSHOT/hadoop-ozone-common-0.5.0-SNAPSHOT.jar:/home/user/.m2/repository/org/apache/commons/commons-compress/1.4.1/commons-compress-1.4.1.jar:/home/user/.m2/repository/org/tukaani/xz/1.0/xz-1.0.jar:/home/user/.m2/repository/org/apache/hadoop/hadoop-common/3.2.0/hadoop-common-3.2.0.jar:/home/user/.m2/repository/org/apache/hadoop/hadoop-hdfs/3.2.0/hadoop-hdfs-3.2.0.jar:/home/user/.m2/repository/org/apache/hadoop/hadoop-hdfs-client/3.2.0/hadoop-hdfs-client-3.2.0.jar:/home/user/.m2/repository/com/fasterxml/jackson/core/jackson-annotations/2.9.5/jackson-annotations-2.9.5.jar:/home/user/.m2/repository/org/apache/hadoop/hadoop-hdds-common/0.5.0-SNAPSHOT/hadoop-hdds-common-0.5.0-SNAPSHOT.jar:/home/user/.m2/repository/javax/annotation/javax.annotation-api/1.2/javax.annotation-api-1.2.jar:/home/user/.m2/repository/org/apache/ratis/ratis-server/0.4.0-2337318-SNAPSHOT/ratis-server-0.4.0-2337318-SNAPSHOT.jar:/home/user/.m2/repository/org/apache/ratis/ratis-thirdparty-misc/0.2.0/ratis-thirdparty-misc-0.2.0.jar:/home/user/.m2/repository/org/apache/ratis/ratis-proto/0.4.0-2337318-SNAPSHOT/ratis-proto-0.4.0-2337318-SNAPSHOT.jar:/home/user/.m2/repository/org/apache/ratis/ratis-common/0.4.0-2337318-SNAPSHOT/ratis-common-0.4.0-2337318-SNAPSHOT.jar:/home/user/.m2/repository/org/apache/ratis/ratis-client/0.4.0-2337318-SNAPSHOT/ratis-client-0.4.0-2337318-SNAPSHOT.jar:/home/user/.m2/repository/org/apache/ratis/ratis-metrics/0.4.0-2337318-SNAPSHOT/ratis-metrics-0.4.0-2337318-SNAPSHOT.jar:/home/user/.m2/repository/org/apache/ratis/ratis-netty/0.4.0-2337318-SNAPSHOT/ratis-netty-0.4.0-2337318-SNAPSHOT.jar:/home/user/.m2/repository/org/apache/ratis/ratis-grpc/0.4.0-2337318-SNAPSHOT/ratis-grpc-0.4.0-2337318-SNAPSHOT.jar:/home/user/.m2/repository/org/rocksdb/rocksdbjni/6.0.1/rocksdbjni-6.0.1.jar:/home/user/.m2/repository/org/apache/logging/log4j/log4j-api/2.11.0/log4j-api-2.11.0.jar:/home/user/.m2/repository/org/apache/logging/log4j/log4j-core/2.11.0/log4j-core-2.11.0.jar:/home/user/.m2/repository/com/lmax/disruptor/3.4.2/disruptor-3.4.2.jar:/home/user/.m2/repository/org/apache/commons/commons-pool2/2.6.0/commons-pool2-2.6.0.jar:/home/user/.m2/repository/org/bouncycastle/bcpkix-jdk15on/1.60/bcpkix-jdk15on-1.60.jar:/home/user/.m2/repository/commons-validator/commons-validator/1.6/commons-validator-1.6.jar:/home/user/.m2/repository/commons-digester/commons-digester/1.8.1/commons-digester-1.8.1.jar:/home/user/.m2/repository/io/jaegertracing/jaeger-client/0.33.1/jaeger-client-0.33.1.jar:/home/user/.m2/repository/io/jaegertracing/jaeger-thrift/0.33.1/jaeger-thrift-0.33.1.jar:/home/user/.m2/repository/org/apache/thrift/libthrift/0.11.0/libthrift-0.11.0.jar:/home/user/.m2/repository/com/squareup/okhttp3/okhttp/3.9.0/okhttp-3.9.0.jar:/home/user/.m2/repository/com/squareup/okio/okio/1.13.0/okio-1.13.0.jar:/home/user/.m2/repository/io/jaegertracing/jaeger-core/0.33.1/jaeger-core-0.33.1.jar:/home/user/.m2/repository/io/jaegertracing/jaeger-tracerresolver/0.33.1/jaeger-tracerresolver-0.33.1.jar:/home/user/.m2/repository/io/opentracing/contrib/opentracing-tracerresolver/0.1.5/opentracing-tracerresolver-0.1.5.jar:/home/user/.m2/repository/io/opentracing/opentracing-util/0.31.0/opentracing-util-0.31.0.jar:/home/user/.m2/repository/io/opentracing/opentracing-api/0.31.0/opentracing-api-0.31.0.jar:/home/user/.m2/repository/io/opentracing/opentracing-noop/0.31.0/opentracing-noop-0.31.0.jar:/home/user/.m2/repository/org/apache/hadoop/hadoop-hdds-server-framework/0.5.0-SNAPSHOT/hadoop-hdds-server-framework-0.5.0-SNAPSHOT.jar:/home/user/.m2/repository/org/apache/hadoop/hadoop-hdds-container-service/0.5.0-SNAPSHOT/hadoop-hdds-container-service-0.5.0-SNAPSHOT.jar:/home/user/.m2/repository/org/apache/hadoop/hadoop-hdds-client/0.5.0-SNAPSHOT/hadoop-hdds-client-0.5.0-SNAPSHOT.jar:/home/user/.m2/repository/org/apache/hadoop/hadoop-hdds-tools/0.5.0-SNAPSHOT/hadoop-hdds-tools-0.5.0-SNAPSHOT.jar:/home/user/.m2/repository/org/apache/hadoop/hadoop-hdds-server-scm/0.5.0-SNAPSHOT/hadoop-hdds-server-scm-0.5.0-SNAPSHOT.jar:/home/user/.m2/repository/org/apache/hadoop/hadoop-hdds-docs/0.5.0-SNAPSHOT/hadoop-hdds-docs-0.5.0-SNAPSHOT.jar:/home/user/.m2/repository/com/sun/xml/bind/jaxb-impl/2.3.0.1/jaxb-impl-2.3.0.1.jar:/home/user/.m2/repository/com/sun/xml/bind/jaxb-core/2.3.0.1/jaxb-core-2.3.0.1.jar:/home/user/.m2/repository/javax/xml/bind/jaxb-api/2.3.0/jaxb-api-2.3.0.jar:/home/user/.m2/repository/javax/activation/activation/1.1.1/activation-1.1.1.jar:/home/user/.m2/repository/io/dropwizard/metrics/metrics-core/3.2.4/metrics-core-3.2.4.jar:/home/user/.m2/repository/org/hamcrest/hamcrest-all/1.3/hamcrest-all-1.3.jar:/home/user/.m2/repository/org/bouncycastle/bcprov-jdk15on/1.60/bcprov-jdk15on-1.60.jar:/home/user/.m2/repository/info/picocli/picocli/3.9.6/picocli-3.9.6.jar:/home/user/.m2/repository/com/google/protobuf/protobuf-java/2.5.0/protobuf-java-2.5.0.jar:/home/user/.m2/repository/com/google/guava/guava/11.0.2/guava-11.0.2.jar:/home/user/.m2/repository/org/apache/hadoop/hadoop-ozone-ozone-manager/0.5.0-SNAPSHOT/hadoop-ozone-ozone-manager-0.5.0-SNAPSHOT.jar:/home/user/.m2/repository/org/apache/hadoop/hadoop-minikdc/3.2.0/hadoop-minikdc-3.2.0.jar:/home/user/.m2/repository/commons-io/commons-io/2.5/commons-io-2.5.jar:/home/user/.m2/repository/org/apache/kerby/kerb-simplekdc/1.0.1/kerb-simplekdc-1.0.1.jar:/home/user/.m2/repository/org/apache/kerby/kerb-client/1.0.1/kerb-client-1.0.1.jar:/home/user/.m2/repository/org/apache/kerby/kerby-config/1.0.1/kerby-config-1.0.1.jar:/home/user/.m2/repository/org/apache/kerby/kerb-core/1.0.1/kerb-core-1.0.1.jar:/home/user/.m2/repository/org/apache/kerby/kerby-pkix/1.0.1/kerby-pkix-1.0.1.jar:/home/user/.m2/repository/org/apache/kerby/kerby-asn1/1.0.1/kerby-asn1-1.0.1.jar:/home/user/.m2/repository/org/apache/kerby/kerby-util/1.0.1/kerby-util-1.0.1.jar:/home/user/.m2/repository/org/apache/kerby/kerb-common/1.0.1/kerb-common-1.0.1.jar:/home/user/.m2/repository/org/apache/kerby/kerb-crypto/1.0.1/kerb-crypto-1.0.1.jar:/home/user/.m2/repository/org/apache/kerby/kerb-util/1.0.1/kerb-util-1.0.1.jar:/home/user/.m2/repository/org/apache/kerby/token-provider/1.0.1/token-provider-1.0.1.jar:/home/user/.m2/repository/org/apache/kerby/kerb-admin/1.0.1/kerb-admin-1.0.1.jar:/home/user/.m2/repository/org/apache/kerby/kerb-server/1.0.1/kerb-server-1.0.1.jar:/home/user/.m2/repository/org/apache/kerby/kerb-identity/1.0.1/kerb-identity-1.0.1.jar:/home/user/.m2/repository/org/apache/kerby/kerby-xdr/1.0.1/kerby-xdr-1.0.1.jar:/home/user/.m2/repository/org/slf4j/slf4j-log4j12/1.7.25/slf4j-log4j12-1.7.25.jar:/home/user/.m2/repository/org/apache/hadoop/hadoop-ozone-s3gateway/0.5.0-SNAPSHOT/hadoop-ozone-s3gateway-0.5.0-SNAPSHOT.jar:/home/user/.m2/repository/org/jboss/weld/servlet/weld-servlet/2.4.7.Final/weld-servlet-2.4.7.Final.jar:/home/user/.m2/repository/org/glassfish/jersey/containers/jersey-container-servlet-core/2.27/jersey-container-servlet-core-2.27.jar:/home/user/.m2/repository/org/glassfish/hk2/external/javax.inject/2.5.0-b42/javax.inject-2.5.0-b42.jar:/home/user/.m2/repository/org/glassfish/jersey/core/jersey-common/2.27/jersey-common-2.27.jar:/home/user/.m2/repository/org/glassfish/hk2/osgi-resource-locator/1.0.1/osgi-resource-locator-1.0.1.jar:/home/user/.m2/repository/javax/ws/rs/javax.ws.rs-api/2.1/javax.ws.rs-api-2.1.jar:/home/user/.m2/repository/org/glassfish/jersey/ext/cdi/jersey-cdi1x/2.27/jersey-cdi1x-2.27.jar:/home/user/.m2/repository/org/glassfish/jersey/inject/jersey-hk2/2.27/jersey-hk2-2.27.jar:/home/user/.m2/repository/org/glassfish/hk2/hk2-locator/2.5.0-b42/hk2-locator-2.5.0-b42.jar:/home/user/.m2/repository/org/javassist/javassist/3.22.0-CR2/javassist-3.22.0-CR2.jar:/home/user/.m2/repository/org/glassfish/hk2/hk2-api/2.5.0/hk2-api-2.5.0.jar:/home/user/.m2/repository/org/glassfish/hk2/external/jakarta.inject/2.5.0/jakarta.inject-2.5.0.jar:/home/user/.m2/repository/org/glassfish/hk2/hk2-utils/2.5.0/hk2-utils-2.5.0.jar:/home/user/.m2/repository/jakarta/annotation/jakarta.annotation-api/1.3.4/jakarta.annotation-api-1.3.4.jar:/home/user/.m2/repository/org/glassfish/hk2/external/aopalliance-repackaged/2.5.0/aopalliance-repackaged-2.5.0.jar:/home/user/.m2/repository/com/fasterxml/jackson/dataformat/jackson-dataformat-xml/2.9.0/jackson-dataformat-xml-2.9.0.jar:/home/user/.m2/repository/com/fasterxml/jackson/core/jackson-core/2.9.5/jackson-core-2.9.5.jar:/home/user/.m2/repository/com/fasterxml/jackson/module/jackson-module-jaxb-annotations/2.9.5/jackson-module-jaxb-annotations-2.9.5.jar:/home/user/.m2/repository/javax/enterprise/cdi-api/1.2/cdi-api-1.2.jar:/home/user/.m2/repository/javax/el/javax.el-api/3.0.0/javax.el-api-3.0.0.jar:/home/user/.m2/repository/javax/interceptor/javax.interceptor-api/1.2/javax.interceptor-api-1.2.jar:/home/user/.m2/repository/javax/inject/javax.inject/1/javax.inject-1.jar:/home/user/.m2/repository/org/apache/hadoop/hadoop-ozone-csi/0.5.0-SNAPSHOT/hadoop-ozone-csi-0.5.0-SNAPSHOT.jar:/home/user/.m2/repository/com/google/protobuf/protobuf-java-util/3.5.1/protobuf-java-util-3.5.1.jar:/home/user/.m2/repository/org/apache/hadoop/hadoop-hdds-config/0.5.0-SNAPSHOT/hadoop-hdds-config-0.5.0-SNAPSHOT.jar:/home/user/.m2/repository/io/grpc/grpc-netty/1.17.1/grpc-netty-1.17.1.jar:/home/user/.m2/repository/io/grpc/grpc-core/1.17.1/grpc-core-1.17.1.jar:/home/user/.m2/repository/io/grpc/grpc-context/1.17.1/grpc-context-1.17.1.jar:/home/user/.m2/repository/com/google/errorprone/error_prone_annotations/2.2.0/error_prone_annotations-2.2.0.jar:/home/user/.m2/repository/org/codehaus/mojo/animal-sniffer-annotations/1.17/animal-sniffer-annotations-1.17.jar:/home/user/.m2/repository/io/opencensus/opencensus-api/0.17.0/opencensus-api-0.17.0.jar:/home/user/.m2/repository/io/opencensus/opencensus-contrib-grpc-metrics/0.17.0/opencensus-contrib-grpc-metrics-0.17.0.jar:/home/user/.m2/repository/io/netty/netty-codec-http2/4.1.30.Final/netty-codec-http2-4.1.30.Final.jar:/home/user/.m2/repository/io/netty/netty-codec-http/4.1.30.Final/netty-codec-http-4.1.30.Final.jar:/home/user/.m2/repository/io/netty/netty-codec/4.1.30.Final/netty-codec-4.1.30.Final.jar:/home/user/.m2/repository/io/netty/netty-handler/4.1.30.Final/netty-handler-4.1.30.Final.jar:/home/user/.m2/repository/io/netty/netty-handler-proxy/4.1.30.Final/netty-handler-proxy-4.1.30.Final.jar:/home/user/.m2/repository/io/netty/netty-codec-socks/4.1.30.Final/netty-codec-socks-4.1.30.Final.jar:/home/user/.m2/repository/io/netty/netty-transport-native-epoll/4.1.30.Final/netty-transport-native-epoll-4.1.30.Final.jar:/home/user/.m2/repository/io/netty/netty-common/4.1.30.Final/netty-common-4.1.30.Final.jar:/home/user/.m2/repository/io/netty/netty-buffer/4.1.30.Final/netty-buffer-4.1.30.Final.jar:/home/user/.m2/repository/io/netty/netty-transport/4.1.30.Final/netty-transport-4.1.30.Final.jar:/home/user/.m2/repository/io/netty/netty-resolver/4.1.30.Final/netty-resolver-4.1.30.Final.jar:/home/user/.m2/repository/io/netty/netty-transport-native-unix-common/4.1.30.Final/netty-transport-native-unix-common-4.1.30.Final.jar:/home/user/.m2/repository/io/grpc/grpc-protobuf/1.17.1/grpc-protobuf-1.17.1.jar:/home/user/.m2/repository/com/google/api/grpc/proto-google-common-protos/1.0.0/proto-google-common-protos-1.0.0.jar:/home/user/.m2/repository/io/grpc/grpc-protobuf-lite/1.17.1/grpc-protobuf-lite-1.17.1.jar:/home/user/.m2/repository/io/grpc/grpc-stub/1.17.1/grpc-stub-1.17.1.jar:/home/user/.m2/repository/org/apache/hadoop/hadoop-ozone-recon/0.5.0-SNAPSHOT/hadoop-ozone-recon-0.5.0-SNAPSHOT.jar:/home/user/.m2/repository/org/apache/hadoop/hadoop-ozone-reconcodegen/0.5.0-SNAPSHOT/hadoop-ozone-reconcodegen-0.5.0-SNAPSHOT.jar:/home/user/.m2/repository/com/google/inject/extensions/guice-multibindings/4.0/guice-multibindings-4.0.jar:/home/user/.m2/repository/com/google/inject/guice/4.0/guice-4.0.jar:/home/user/.m2/repository/aopalliance/aopalliance/1.0/aopalliance-1.0.jar:/home/user/.m2/repository/com/google/inject/extensions/guice-servlet/4.0/guice-servlet-4.0.jar:/home/user/.m2/repository/org/glassfish/jersey/containers/jersey-container-servlet/2.27/jersey-container-servlet-2.27.jar:/home/user/.m2/repository/org/glassfish/hk2/guice-bridge/2.5.0/guice-bridge-2.5.0.jar:/home/user/.m2/repository/org/glassfish/jersey/core/jersey-server/2.27/jersey-server-2.27.jar:/home/user/.m2/repository/org/glassfish/jersey/core/jersey-client/2.27/jersey-client-2.27.jar:/home/user/.m2/repository/org/glassfish/jersey/media/jersey-media-jaxb/2.27/jersey-media-jaxb-2.27.jar:/home/user/.m2/repository/javax/validation/validation-api/1.1.0.Final/validation-api-1.1.0.Final.jar:/home/user/.m2/repository/org/glassfish/jersey/media/jersey-media-json-jackson/2.27/jersey-media-json-jackson-2.27.jar:/home/user/.m2/repository/org/glassfish/jersey/ext/jersey-entity-filtering/2.27/jersey-entity-filtering-2.27.jar:/home/user/.m2/repository/com/google/inject/extensions/guice-assistedinject/4.0/guice-assistedinject-4.0.jar:/home/user/.m2/repository/org/jooq/jooq/3.11.10/jooq-3.11.10.jar:/home/user/.m2/repository/org/jooq/jooq-meta/3.11.10/jooq-meta-3.11.10.jar:/home/user/.m2/repository/org/jooq/jooq-codegen/3.11.10/jooq-codegen-3.11.10.jar:/home/user/.m2/repository/com/jolbox/bonecp/0.8.0.RELEASE/bonecp-0.8.0.RELEASE.jar:/home/user/.m2/repository/org/xerial/sqlite-jdbc/3.25.2/sqlite-jdbc-3.25.2.jar:/home/user/.m2/repository/org/springframework/spring-jdbc/5.1.3.RELEASE/spring-jdbc-5.1.3.RELEASE.jar:/home/user/.m2/repository/org/springframework/spring-beans/5.1.3.RELEASE/spring-beans-5.1.3.RELEASE.jar:/home/user/.m2/repository/org/springframework/spring-core/5.1.3.RELEASE/spring-core-5.1.3.RELEASE.jar:/home/user/.m2/repository/org/springframework/spring-jcl/5.1.3.RELEASE/spring-jcl-5.1.3.RELEASE.jar:/home/user/.m2/repository/org/springframework/spring-tx/5.1.3.RELEASE/spring-tx-5.1.3.RELEASE.jar:/home/user/.m2/repository/org/apache/hadoop/hadoop-ozone-client/0.5.0-SNAPSHOT/hadoop-ozone-client-0.5.0-SNAPSHOT.jar:/home/user/.m2/repository/commons-lang/commons-lang/2.6/commons-lang-2.6.jar:/home/user/.m2/repository/org/apache/hadoop/hadoop-ozone-ozone-manager/0.5.0-SNAPSHOT/hadoop-ozone-ozone-manager-0.5.0-SNAPSHOT-tests.jar:/home/user/.m2/repository/junit/junit/4.11/junit-4.11.jar:/home/user/.m2/repository/org/hamcrest/hamcrest-core/1.3/hamcrest-core-1.3.jar:/home/user/.m2/repository/org/openjdk/jmh/jmh-core/1.19/jmh-core-1.19.jar:/home/user/.m2/repository/net/sf/jopt-simple/jopt-simple/4.6/jopt-simple-4.6.jar:/home/user/.m2/repository/org/apache/commons/commons-math3/3.1.1/commons-math3-3.1.1.jar:/home/user/.m2/repository/org/openjdk/jmh/jmh-generator-annprocess/1.19/jmh-generator-annprocess-1.19.jar:/home/user/.m2/repository/org/mockito/mockito-all/1.8.5/mockito-all-1.8.5.jar:/home/user/.m2/repository/org/apache/hadoop/hadoop-kms/3.2.0/hadoop-kms-3.2.0.jar:/home/user/.m2/repository/org/apache/hadoop/hadoop-auth/3.2.0/hadoop-auth-3.2.0.jar:/home/user/.m2/repository/com/nimbusds/nimbus-jose-jwt/4.41.1/nimbus-jose-jwt-4.41.1.jar:/home/user/.m2/repository/com/github/stephenc/jcip/jcip-annotations/1.0-1/jcip-annotations-1.0-1.jar:/home/user/.m2/repository/net/minidev/json-smart/2.3/json-smart-2.3.jar:/home/user/.m2/repository/net/minidev/accessors-smart/1.2/accessors-smart-1.2.jar:/home/user/.m2/repository/org/ow2/asm/asm/5.0.4/asm-5.0.4.jar:/home/user/.m2/repository/org/apache/curator/curator-framework/2.12.0/curator-framework-2.12.0.jar:/home/user/.m2/repository/com/sun/jersey/jersey-core/1.19/jersey-core-1.19.jar:/home/user/.m2/repository/javax/ws/rs/jsr311-api/1.1.1/jsr311-api-1.1.1.jar:/home/user/.m2/repository/com/sun/jersey/jersey-server/1.19/jersey-server-1.19.jar:/home/user/.m2/repository/javax/servlet/javax.servlet-api/3.1.0/javax.servlet-api-3.1.0.jar:/home/user/.m2/repository/org/eclipse/jetty/jetty-server/9.3.24.v20180605/jetty-server-9.3.24.v20180605.jar:/home/user/.m2/repository/org/eclipse/jetty/jetty-http/9.3.24.v20180605/jetty-http-9.3.24.v20180605.jar:/home/user/.m2/repository/org/eclipse/jetty/jetty-io/9.3.24.v20180605/jetty-io-9.3.24.v20180605.jar:/home/user/.m2/repository/org/eclipse/jetty/jetty-webapp/9.3.24.v20180605/jetty-webapp-9.3.24.v20180605.jar:/home/user/.m2/repository/org/eclipse/jetty/jetty-xml/9.3.24.v20180605/jetty-xml-9.3.24.v20180605.jar:/home/user/.m2/repository/log4j/log4j/1.2.17/log4j-1.2.17.jar:/home/user/.m2/repository/org/slf4j/slf4j-api/1.7.25/slf4j-api-1.7.25.jar:/home/user/.m2/repository/org/slf4j/jul-to-slf4j/1.7.25/jul-to-slf4j-1.7.25.jar:/home/user/.m2/repository/org/eclipse/jetty/jetty-util/9.3.24.v20180605/jetty-util-9.3.24.v20180605.jar:/home/user/.m2/repository/com/fasterxml/jackson/core/jackson-databind/2.9.5/jackson-databind-2.9.5.jar:/home/user/.m2/repository/org/apache/hadoop/hadoop-kms/3.2.0/hadoop-kms-3.2.0-tests.jar:/home/user/.m2/repository/org/apache/hadoop/hadoop-hdds-server-scm/0.5.0-SNAPSHOT/hadoop-hdds-server-scm-0.5.0-SNAPSHOT-tests.jar:/home/user/.m2/repository/org/apache/hadoop/hadoop-hdds-container-service/0.5.0-SNAPSHOT/hadoop-hdds-container-service-0.5.0-SNAPSHOT-tests.jar:/home/user/.m2/repository/org/yaml/snakeyaml/1.16/snakeyaml-1.16.jar:/home/user/.m2/repository/org/apache/hadoop/hadoop-common/3.2.0/hadoop-common-3.2.0-tests.jar:/home/user/.m2/repository/org/apache/hadoop/hadoop-annotations/3.2.0/hadoop-annotations-3.2.0.jar:/usr/lib/jvm/java-1.8-openjdk/jre/../lib/tools.jar:/home/user/.m2/repository/commons-cli/commons-cli/1.2/commons-cli-1.2.jar:/home/user/.m2/repository/org/apache/httpcomponents/httpclient/4.5.2/httpclient-4.5.2.jar:/home/user/.m2/repository/org/apache/httpcomponents/httpcore/4.4.4/httpcore-4.4.4.jar:/home/user/.m2/repository/commons-codec/commons-codec/1.11/commons-codec-1.11.jar:/home/user/.m2/repository/commons-net/commons-net/3.6/commons-net-3.6.jar:/home/user/.m2/repository/commons-collections/commons-collections/3.2.2/commons-collections-3.2.2.jar:/home/user/.m2/repository/org/eclipse/jetty/jetty-servlet/9.3.24.v20180605/jetty-servlet-9.3.24.v20180605.jar:/home/user/.m2/repository/org/eclipse/jetty/jetty-security/9.3.24.v20180605/jetty-security-9.3.24.v20180605.jar:/home/user/.m2/repository/javax/servlet/jsp/jsp-api/2.1/jsp-api-2.1.jar:/home/user/.m2/repository/com/sun/jersey/jersey-servlet/1.19/jersey-servlet-1.19.jar:/home/user/.m2/repository/com/sun/jersey/jersey-json/1.19/jersey-json-1.19.jar:/home/user/.m2/repository/org/codehaus/jettison/jettison/1.1/jettison-1.1.jar:/home/user/.m2/repository/org/codehaus/jackson/jackson-core-asl/1.9.13/jackson-core-asl-1.9.13.jar:/home/user/.m2/repository/org/codehaus/jackson/jackson-mapper-asl/1.9.13/jackson-mapper-asl-1.9.13.jar:/home/user/.m2/repository/org/codehaus/jackson/jackson-jaxrs/1.9.13/jackson-jaxrs-1.9.13.jar:/home/user/.m2/repository/org/codehaus/jackson/jackson-xc/1.9.13/jackson-xc-1.9.13.jar:/home/user/.m2/repository/commons-logging/commons-logging/1.1.3/commons-logging-1.1.3.jar:/home/user/.m2/repository/commons-beanutils/commons-beanutils/1.9.3/commons-beanutils-1.9.3.jar:/home/user/.m2/repository/org/apache/commons/commons-configuration2/2.1.1/commons-configuration2-2.1.1.jar:/home/user/.m2/repository/org/apache/commons/commons-lang3/3.7/commons-lang3-3.7.jar:/home/user/.m2/repository/org/apache/commons/commons-text/1.4/commons-text-1.4.jar:/home/user/.m2/repository/org/apache/avro/avro/1.7.7/avro-1.7.7.jar:/home/user/.m2/repository/com/thoughtworks/paranamer/paranamer/2.3/paranamer-2.3.jar:/home/user/.m2/repository/org/xerial/snappy/snappy-java/1.0.5/snappy-java-1.0.5.jar:/home/user/.m2/repository/com/google/re2j/re2j/1.1/re2j-1.1.jar:/home/user/.m2/repository/com/google/code/gson/gson/2.2.4/gson-2.2.4.jar:/home/user/.m2/repository/com/jcraft/jsch/0.1.54/jsch-0.1.54.jar:/home/user/.m2/repository/org/apache/curator/curator-client/2.12.0/curator-client-2.12.0.jar:/home/user/.m2/repository/org/apache/curator/curator-recipes/2.12.0/curator-recipes-2.12.0.jar:/home/user/.m2/repository/com/google/code/findbugs/jsr305/3.0.0/jsr305-3.0.0.jar:/home/user/.m2/repository/org/apache/htrace/htrace-core4/4.1.0-incubating/htrace-core4-4.1.0-incubating.jar:/home/user/.m2/repository/org/apache/zookeeper/zookeeper/3.4.13/zookeeper-3.4.13.jar:/home/user/.m2/repository/org/apache/yetus/audience-annotations/0.5.0/audience-annotations-0.5.0.jar:/home/user/.m2/repository/org/codehaus/woodstox/stax2-api/3.1.4/stax2-api-3.1.4.jar:/home/user/.m2/repository/com/fasterxml/woodstox/woodstox-core/5.0.3/woodstox-core-5.0.3.jar:/home/user/.m2/repository/dnsjava/dnsjava/2.1.7/dnsjava-2.1.7.jar:/home/user/.m2/repository/org/apache/hadoop/hadoop-hdfs/3.2.0/hadoop-hdfs-3.2.0-tests.jar:/home/user/.m2/repository/org/eclipse/jetty/jetty-util-ajax/9.3.24.v20180605/jetty-util-ajax-9.3.24.v20180605.jar:/home/user/.m2/repository/commons-daemon/commons-daemon/1.0.13/commons-daemon-1.0.13.jar:/home/user/.m2/repository/io/netty/netty/3.10.5.Final/netty-3.10.5.Final.jar:/home/user/.m2/repository/io/netty/netty-all/4.0.52.Final/netty-all-4.0.52.Final.jar:/home/user/.m2/repository/org/fusesource/leveldbjni/leveldbjni-all/1.8/leveldbjni-all-1.8.jar:"/>
    <property name="sun.cpu.endian" value="little"/>
    <property name="user.home" value="/home/user"/>
    <property name="user.language" value="en"/>
    <property name="java.specification.vendor" value="Oracle Corporation"/>
    <property name="java.home" value="/usr/lib/jvm/java-1.8-openjdk/jre"/>
    <property name="java.security.krb5.conf" value="/workdir/hadoop-ozone/integration-test/target/test-classes/krb5.conf"/>
    <property name="basedir" value="/workdir/hadoop-ozone/integration-test"/>
    <property name="file.separator" value="/"/>
    <property name="line.separator" value="&#10;"/>
    <property name="java.vm.specification.vendor" value="Oracle Corporation"/>
    <property name="java.specification.name" value="Java Platform API Specification"/>
    <property name="java.awt.graphicsenv" value="sun.awt.X11GraphicsEnvironment"/>
    <property name="surefire.real.class.path" value="/workdir/hadoop-ozone/integration-test/target/surefire/surefirebooter2853561257735081941.jar"/>
    <property name="hadoop.log.dir" value="/workdir/hadoop-ozone/integration-test/target/log"/>
    <property name="sun.boot.class.path" value="/usr/lib/jvm/java-1.8-openjdk/jre/lib/resources.jar:/usr/lib/jvm/java-1.8-openjdk/jre/lib/rt.jar:/usr/lib/jvm/java-1.8-openjdk/jre/lib/sunrsasign.jar:/usr/lib/jvm/java-1.8-openjdk/jre/lib/jsse.jar:/usr/lib/jvm/java-1.8-openjdk/jre/lib/jce.jar:/usr/lib/jvm/java-1.8-openjdk/jre/lib/charsets.jar:/usr/lib/jvm/java-1.8-openjdk/jre/lib/jfr.jar:/usr/lib/jvm/java-1.8-openjdk/jre/classes"/>
    <property name="sun.management.compiler" value="HotSpot 64-Bit Tiered Compilers"/>
    <property name="java.runtime.version" value="1.8.0_212-b04"/>
    <property name="java.net.preferIPv4Stack" value="true"/>
    <property name="user.name" value="jenkins1000"/>
    <property name="path.separator" value=":"/>
    <property name="java.security.egd" value="file:///dev/urandom"/>
    <property name="os.version" value="3.10.0-957.12.2.el7.x86_64"/>
    <property name="java.endorsed.dirs" value="/usr/lib/jvm/java-1.8-openjdk/jre/lib/endorsed"/>
    <property name="java.runtime.name" value="OpenJDK Runtime Environment"/>
    <property name="file.encoding" value="UTF-8"/>
    <property name="java.vm.name" value="OpenJDK 64-Bit Server VM"/>
    <property name="test.build.webapps" value=""/>
    <property name="localRepository" value="/home/user/.m2/repository"/>
    <property name="java.vendor.url.bug" value="https://icedtea.classpath.org/bugzilla"/>
    <property name="java.io.tmpdir" value="/tmp"/>
    <property name="require.test.libhadoop" value=""/>
    <property name="java.version" value="1.8.0_212"/>
    <property name="user.dir" value="/workdir/hadoop-ozone/integration-test"/>
    <property name="os.arch" value="amd64"/>
    <property name="java.vm.specification.name" value="Java Virtual Machine Specification"/>
    <property name="test.build.classes" value="/workdir/hadoop-ozone/integration-test/target/test-classes"/>
    <property name="java.awt.printerjob" value="sun.print.PSPrinterJob"/>
    <property name="sun.os.patch.level" value="unknown"/>
    <property name="hadoop.tmp.dir" value="/workdir/hadoop-ozone/integration-test/target/tmp"/>
    <property name="java.library.path" value="/usr/lib/jvm/java-1.8-openjdk/jre/lib/amd64/server:/usr/lib/jvm/java-1.8-openjdk/jre/lib/amd64:/usr/lib/jvm/java-1.8-openjdk/jre/../lib/amd64:/workdir/hadoop-ozone/integration-test/target/native/target/usr/local/lib:/workdir/hadoop-ozone/integration-test/../../hadoop-common-project/hadoop-common/target/native/target/usr/local/lib:/usr/java/packages/lib/amd64:/usr/lib64:/lib64:/lib:/usr/lib"/>
    <property name="java.vm.info" value="mixed mode"/>
    <property name="java.vendor" value="IcedTea"/>
    <property name="java.vm.version" value="25.212-b04"/>
    <property name="java.ext.dirs" value="/usr/lib/jvm/java-1.8-openjdk/jre/lib/ext:/usr/java/packages/lib/ext"/>
    <property name="sun.io.unicode.encoding" value="UnicodeLittle"/>
    <property name="java.class.version" value="52.0"/>
  </properties>
  <testcase name="test2DatanodesFailure" classname="org.apache.hadoop.ozone.client.rpc.TestBlockOutputStreamWithFailures" time="132.504"/>
  <testcase name="testDatanodeFailureWithPreAllocation" classname="org.apache.hadoop.ozone.client.rpc.TestBlockOutputStreamWithFailures" time="228.057"/>
  <testcase name="testDatanodeFailureWithSingleNodeRatis" classname="org.apache.hadoop.ozone.client.rpc.TestBlockOutputStreamWithFailures" time="224.901"/>
  <testcase name="testWatchForCommitWithSingleNodeRatis" classname="org.apache.hadoop.ozone.client.rpc.TestBlockOutputStreamWithFailures" time="36.603"/>
  <testcase name="testWatchForCommitDatanodeFailure" classname="org.apache.hadoop.ozone.client.rpc.TestBlockOutputStreamWithFailures" time="55.727">
    <failure message="expected:&lt;2&gt; but was:&lt;3&gt;" type="java.lang.AssertionError"><![CDATA[java.lang.AssertionError: expected:<2> but was:<3>
	at org.junit.Assert.fail(Assert.java:88)
	at org.junit.Assert.failNotEquals(Assert.java:743)
	at org.junit.Assert.assertEquals(Assert.java:118)
	at org.junit.Assert.assertEquals(Assert.java:555)
	at org.junit.Assert.assertEquals(Assert.java:542)
	at org.apache.hadoop.ozone.client.rpc.TestBlockOutputStreamWithFailures.testWatchForCommitDatanodeFailure(TestBlockOutputStreamWithFailures.java:366)
	at sun.reflect.NativeMethodAccessorImpl.invoke0(Native Method)
	at sun.reflect.NativeMethodAccessorImpl.invoke(NativeMethodAccessorImpl.java:62)
	at sun.reflect.DelegatingMethodAccessorImpl.invoke(DelegatingMethodAccessorImpl.java:43)
	at java.lang.reflect.Method.invoke(Method.java:498)
	at org.junit.runners.model.FrameworkMethod$1.runReflectiveCall(FrameworkMethod.java:47)
	at org.junit.internal.runners.model.ReflectiveCallable.run(ReflectiveCallable.java:12)
	at org.junit.runners.model.FrameworkMethod.invokeExplosively(FrameworkMethod.java:44)
	at org.junit.internal.runners.statements.InvokeMethod.evaluate(InvokeMethod.java:17)
	at org.junit.internal.runners.statements.RunBefores.evaluate(RunBefores.java:26)
	at org.junit.internal.runners.statements.RunAfters.evaluate(RunAfters.java:27)
	at org.junit.runners.ParentRunner.runLeaf(ParentRunner.java:271)
	at org.junit.runners.BlockJUnit4ClassRunner.runChild(BlockJUnit4ClassRunner.java:70)
	at org.junit.runners.BlockJUnit4ClassRunner.runChild(BlockJUnit4ClassRunner.java:50)
	at org.junit.runners.ParentRunner$3.run(ParentRunner.java:238)
	at org.junit.runners.ParentRunner$1.schedule(ParentRunner.java:63)
	at org.junit.runners.ParentRunner.runChildren(ParentRunner.java:236)
	at org.junit.runners.ParentRunner.access$000(ParentRunner.java:53)
	at org.junit.runners.ParentRunner$2.evaluate(ParentRunner.java:229)
	at org.junit.runners.ParentRunner.run(ParentRunner.java:309)
	at org.apache.maven.surefire.junit4.JUnit4Provider.execute(JUnit4Provider.java:365)
	at org.apache.maven.surefire.junit4.JUnit4Provider.executeWithRerun(JUnit4Provider.java:273)
	at org.apache.maven.surefire.junit4.JUnit4Provider.executeTestSet(JUnit4Provider.java:238)
	at org.apache.maven.surefire.junit4.JUnit4Provider.invoke(JUnit4Provider.java:159)
	at org.apache.maven.surefire.booter.ForkedBooter.invokeProviderInSameClassLoader(ForkedBooter.java:384)
	at org.apache.maven.surefire.booter.ForkedBooter.runSuitesInProcess(ForkedBooter.java:345)
	at org.apache.maven.surefire.booter.ForkedBooter.execute(ForkedBooter.java:126)
	at org.apache.maven.surefire.booter.ForkedBooter.main(ForkedBooter.java:418)
]]></failure>
    <system-out><![CDATA[2019-08-28 22:29:09,636 [main] WARN  server.ServerUtils (ServerUtils.java:getScmDbDir(155)) - ozone.scm.db.dirs is not configured. We recommend adding this setting. Falling back to ozone.metadata.dirs instead.
2019-08-28 22:29:09,653 [main] WARN  server.ServerUtils (ServerUtils.java:getScmDbDir(155)) - ozone.scm.db.dirs is not configured. We recommend adding this setting. Falling back to ozone.metadata.dirs instead.
2019-08-28 22:29:09,653 [main] WARN  server.ServerUtils (ServerUtils.java:getScmDbDir(155)) - ozone.scm.db.dirs is not configured. We recommend adding this setting. Falling back to ozone.metadata.dirs instead.
2019-08-28 22:29:09,654 [main] INFO  db.DBStoreBuilder (DBStoreBuilder.java:addTable(110)) - using custom profile for table: deletedBlocks
2019-08-28 22:29:09,654 [main] INFO  db.DBStoreBuilder (DBStoreBuilder.java:processTables(161)) - Using default column profile:DBProfile.DISK for Table:deletedBlocks
2019-08-28 22:29:09,654 [main] INFO  db.DBStoreBuilder (DBStoreBuilder.java:addTable(110)) - using custom profile for table: validCerts
2019-08-28 22:29:09,654 [main] INFO  db.DBStoreBuilder (DBStoreBuilder.java:processTables(161)) - Using default column profile:DBProfile.DISK for Table:validCerts
2019-08-28 22:29:09,655 [main] INFO  db.DBStoreBuilder (DBStoreBuilder.java:addTable(110)) - using custom profile for table: revokedCerts
2019-08-28 22:29:09,655 [main] INFO  db.DBStoreBuilder (DBStoreBuilder.java:processTables(161)) - Using default column profile:DBProfile.DISK for Table:revokedCerts
2019-08-28 22:29:09,655 [main] INFO  db.DBStoreBuilder (DBStoreBuilder.java:addTable(110)) - using custom profile for table: default
2019-08-28 22:29:09,655 [main] INFO  db.DBStoreBuilder (DBStoreBuilder.java:processTables(167)) - Using default column profile:DBProfile.DISK for Table:default
2019-08-28 22:29:09,655 [main] INFO  db.DBStoreBuilder (DBStoreBuilder.java:getDbProfile(198)) - Using default options. DBProfile.DISK
2019-08-28 22:29:09,950 [main] INFO  net.NodeSchemaLoader (NodeSchemaLoader.java:loadSchemaFromFile(125)) - Loading file from sun.misc.CompoundEnumeration@7ac48e10
2019-08-28 22:29:09,951 [main] INFO  net.NodeSchemaLoader (NodeSchemaLoader.java:loadSchema(171)) - Loading network topology layer schema file
2019-08-28 22:29:09,957 [main] INFO  node.SCMNodeManager (SCMNodeManager.java:<init>(121)) - Entering startup safe mode.
2019-08-28 22:29:09,958 [main] INFO  algorithms.ContainerPlacementPolicyFactory (ContainerPlacementPolicyFactory.java:getPolicy(55)) - Create container placement policy of type org.apache.hadoop.hdds.scm.container.placement.algorithms.SCMContainerPlacementRandom
2019-08-28 22:29:09,959 [main] WARN  server.ServerUtils (ServerUtils.java:getScmDbDir(155)) - ozone.scm.db.dirs is not configured. We recommend adding this setting. Falling back to ozone.metadata.dirs instead.
2019-08-28 22:29:10,115 [main] INFO  pipeline.SCMPipelineManager (SCMPipelineManager.java:initializePipelineState(126)) - No pipeline exists in current db
2019-08-28 22:29:10,116 [main] WARN  server.ServerUtils (ServerUtils.java:getScmDbDir(155)) - ozone.scm.db.dirs is not configured. We recommend adding this setting. Falling back to ozone.metadata.dirs instead.
2019-08-28 22:29:10,244 [main] WARN  events.EventQueue (EventQueue.java:fireEvent(175)) - No event handler registered for event TypedEvent{payloadType=SafeModeStatus, name='SafeModeStatus'}
2019-08-28 22:29:10,245 [main] INFO  ipc.CallQueueManager (CallQueueManager.java:<init>(84)) - Using callQueue: class java.util.concurrent.LinkedBlockingQueue, queueCapacity: 2000, scheduler: class org.apache.hadoop.ipc.DefaultRpcScheduler, ipcBackoff: false.
2019-08-28 22:29:10,247 [Socket Reader #1 for port 33388] INFO  ipc.Server (Server.java:run(1074)) - Starting Socket Reader #1 for port 33388
2019-08-28 22:29:10,249 [main] INFO  ipc.CallQueueManager (CallQueueManager.java:<init>(84)) - Using callQueue: class java.util.concurrent.LinkedBlockingQueue, queueCapacity: 2000, scheduler: class org.apache.hadoop.ipc.DefaultRpcScheduler, ipcBackoff: false.
2019-08-28 22:29:10,249 [Socket Reader #1 for port 40293] INFO  ipc.Server (Server.java:run(1074)) - Starting Socket Reader #1 for port 40293
2019-08-28 22:29:10,251 [main] INFO  ipc.CallQueueManager (CallQueueManager.java:<init>(84)) - Using callQueue: class java.util.concurrent.LinkedBlockingQueue, queueCapacity: 2000, scheduler: class org.apache.hadoop.ipc.DefaultRpcScheduler, ipcBackoff: false.
2019-08-28 22:29:10,252 [Socket Reader #1 for port 37545] INFO  ipc.Server (Server.java:run(1074)) - Starting Socket Reader #1 for port 37545
2019-08-28 22:29:10,256 [main] INFO  hdfs.DFSUtil (DFSUtil.java:httpServerTemplateForNNAndJN(1641)) - Starting Web-server for scm at: http://0.0.0.0:0
2019-08-28 22:29:10,258 [main] INFO  server.AuthenticationFilter (AuthenticationFilter.java:constructSecretProvider(240)) - Unable to initialize FileSignerSecretProvider, falling back to use random secrets.
2019-08-28 22:29:10,259 [main] WARN  http.HttpRequestLog (HttpRequestLog.java:getRequestLog(97)) - Jetty request log can only be enabled using Log4j
2019-08-28 22:29:10,261 [main] INFO  http.HttpServer2 (HttpServer2.java:addGlobalFilter(975)) - Added global filter 'safety' (class=org.apache.hadoop.http.HttpServer2$QuotingInputFilter)
2019-08-28 22:29:10,261 [main] INFO  http.HttpServer2 (HttpServer2.java:addFilter(948)) - Added filter static_user_filter (class=org.apache.hadoop.http.lib.StaticUserWebFilter$StaticUserFilter) to context scm
2019-08-28 22:29:10,262 [main] INFO  http.HttpServer2 (HttpServer2.java:addFilter(958)) - Added filter static_user_filter (class=org.apache.hadoop.http.lib.StaticUserWebFilter$StaticUserFilter) to context static
2019-08-28 22:29:10,262 [main] INFO  http.HttpServer2 (HttpServer2.java:addFilter(958)) - Added filter static_user_filter (class=org.apache.hadoop.http.lib.StaticUserWebFilter$StaticUserFilter) to context logs
2019-08-28 22:29:10,264 [main] INFO  server.StorageContainerManager (StorageContainerManager.java:start(759)) - StorageContainerLocationProtocol RPC server is listening at /0.0.0.0:37545
2019-08-28 22:29:10,267 [main] WARN  impl.MetricsConfig (MetricsConfig.java:loadFirst(134)) - Cannot locate configuration: tried hadoop-metrics2-storagecontainermanager.properties,hadoop-metrics2.properties
2019-08-28 22:29:10,267 [main] INFO  impl.MetricsSystemImpl (MetricsSystemImpl.java:startTimer(374)) - Scheduled Metric snapshot period at 10 second(s).
2019-08-28 22:29:10,268 [main] INFO  impl.MetricsSystemImpl (MetricsSystemImpl.java:start(191)) - StorageContainerManager metrics system started
2019-08-28 22:29:10,337 [main] INFO  server.SCMClientProtocolServer (SCMClientProtocolServer.java:start(151)) - RPC server for Client  is listening at /0.0.0.0:37545
2019-08-28 22:29:10,338 [IPC Server Responder] INFO  ipc.Server (Server.java:run(1314)) - IPC Server Responder: starting
2019-08-28 22:29:10,338 [IPC Server listener on 37545] INFO  ipc.Server (Server.java:run(1153)) - IPC Server listener on 37545: starting
2019-08-28 22:29:10,342 [main] INFO  server.StorageContainerManager (StorageContainerManager.java:start(769)) - ScmBlockLocationProtocol RPC server is listening at /127.0.0.1:40293
2019-08-28 22:29:10,342 [main] INFO  server.SCMBlockProtocolServer (SCMBlockProtocolServer.java:start(141)) - RPC server for Block Protocol is listening at /127.0.0.1:40293
2019-08-28 22:29:10,343 [IPC Server Responder] INFO  ipc.Server (Server.java:run(1314)) - IPC Server Responder: starting
2019-08-28 22:29:10,343 [IPC Server listener on 40293] INFO  ipc.Server (Server.java:run(1153)) - IPC Server listener on 40293: starting
2019-08-28 22:29:10,346 [main] INFO  server.StorageContainerManager (StorageContainerManager.java:start(773)) - ScmDatanodeProtocl RPC server is listening at /0.0.0.0:33388
2019-08-28 22:29:10,346 [main] INFO  server.SCMDatanodeProtocolServer (SCMDatanodeProtocolServer.java:start(191)) - RPC server for DataNodes is listening at /0.0.0.0:33388
2019-08-28 22:29:10,347 [IPC Server Responder] INFO  ipc.Server (Server.java:run(1314)) - IPC Server Responder: starting
2019-08-28 22:29:10,347 [IPC Server listener on 33388] INFO  ipc.Server (Server.java:run(1153)) - IPC Server listener on 33388: starting
2019-08-28 22:29:10,350 [main] INFO  http.HttpServer2 (HttpServer2.java:bindListener(1191)) - Jetty bound to port 46877
2019-08-28 22:29:10,351 [main] INFO  server.Server (Server.java:doStart(351)) - jetty-9.3.24.v20180605, build timestamp: 2018-06-05T17:11:56Z, git hash: 84205aa28f11a4f31f2a3b86d1bba2cc8ab69827
2019-08-28 22:29:10,352 [main] INFO  handler.ContextHandler (ContextHandler.java:doStart(781)) - Started o.e.j.s.ServletContextHandler@2b6fb197{/logs,file:///workdir/hadoop-ozone/integration-test/target/log,AVAILABLE}
2019-08-28 22:29:10,353 [main] INFO  handler.ContextHandler (ContextHandler.java:doStart(781)) - Started o.e.j.s.ServletContextHandler@5a2ae1ab{/static,file:///workdir/hadoop-ozone/integration-test/target/test-classes/webapps/static,AVAILABLE}
2019-08-28 22:29:10,356 [main] INFO  handler.ContextHandler (ContextHandler.java:doStart(781)) - Started o.e.j.w.WebAppContext@7994a0d1{/,file:///workdir/hadoop-ozone/integration-test/target/test-classes/webapps/scm/,AVAILABLE}{/scm}
2019-08-28 22:29:10,357 [main] INFO  server.AbstractConnector (AbstractConnector.java:doStart(278)) - Started ServerConnector@73e4387{HTTP/1.1,[http/1.1]}{0.0.0.0:46877}
2019-08-28 22:29:10,358 [main] INFO  server.Server (Server.java:doStart(419)) - Started @623469ms
2019-08-28 22:29:10,358 [main] INFO  server.BaseHttpServer (BaseHttpServer.java:updateConnectorAddress(226)) - HTTP server of SCM is listening at http://0.0.0.0:46877
2019-08-28 22:29:10,359 [main] WARN  server.ServerUtils (ServerUtils.java:getDBPath(232)) - ozone.om.db.dirs is not configured. We recommend adding this setting. Falling back to ozone.metadata.dirs instead.
2019-08-28 22:29:10,360 [org.apache.hadoop.util.JvmPauseMonitor$Monitor@4137aab0] INFO  util.JvmPauseMonitor (JvmPauseMonitor.java:run(188)) - Starting JVM pause monitor
2019-08-28 22:29:10,382 [main] WARN  server.ServerUtils (ServerUtils.java:getDBPath(232)) - ozone.om.db.dirs is not configured. We recommend adding this setting. Falling back to ozone.metadata.dirs instead.
2019-08-28 22:29:10,383 [main] WARN  server.ServerUtils (ServerUtils.java:getDBPath(232)) - ozone.om.db.dirs is not configured. We recommend adding this setting. Falling back to ozone.metadata.dirs instead.
2019-08-28 22:29:10,383 [main] INFO  om.OzoneManager (OzoneManager.java:setOMNodeDetails(645)) - OM Service ID is not set. Setting it to the default ID: omServiceIdDefault
2019-08-28 22:29:10,383 [main] INFO  om.OzoneManager (OzoneManager.java:setOMNodeDetails(651)) - OM Node ID is not set. Setting it to the OmStorage's OmID: a857c241-ea68-4dbe-89c0-2255cd7d5cbc
2019-08-28 22:29:10,384 [main] INFO  om.OzoneManager (OzoneManager.java:loadOMHAConfigs(602)) - Found matching OM address with OMServiceId: null, OMNodeId: null, RPC Address: localhost:0 and Ratis port: 9872
2019-08-28 22:29:10,388 | INFO  | SCMAudit | user=jenkins1000 | ip=127.0.0.1 | op=GET_SCM_INFO null | ret=SUCCESS |  
2019-08-28 22:29:10,390 [main] WARN  server.ServerUtils (ServerUtils.java:getDBPath(232)) - ozone.om.db.dirs is not configured. We recommend adding this setting. Falling back to ozone.metadata.dirs instead.
2019-08-28 22:29:10,390 [main] INFO  db.DBStoreBuilder (DBStoreBuilder.java:addTable(110)) - using custom profile for table: userTable
2019-08-28 22:29:10,390 [main] INFO  db.DBStoreBuilder (DBStoreBuilder.java:processTables(161)) - Using default column profile:DBProfile.DISK for Table:userTable
2019-08-28 22:29:10,391 [main] INFO  db.DBStoreBuilder (DBStoreBuilder.java:addTable(110)) - using custom profile for table: volumeTable
2019-08-28 22:29:10,391 [main] INFO  db.DBStoreBuilder (DBStoreBuilder.java:processTables(161)) - Using default column profile:DBProfile.DISK for Table:volumeTable
2019-08-28 22:29:10,391 [main] INFO  db.DBStoreBuilder (DBStoreBuilder.java:addTable(110)) - using custom profile for table: bucketTable
2019-08-28 22:29:10,391 [main] INFO  db.DBStoreBuilder (DBStoreBuilder.java:processTables(161)) - Using default column profile:DBProfile.DISK for Table:bucketTable
2019-08-28 22:29:10,392 [main] INFO  db.DBStoreBuilder (DBStoreBuilder.java:addTable(110)) - using custom profile for table: keyTable
2019-08-28 22:29:10,392 [main] INFO  db.DBStoreBuilder (DBStoreBuilder.java:processTables(161)) - Using default column profile:DBProfile.DISK for Table:keyTable
2019-08-28 22:29:10,392 [main] INFO  db.DBStoreBuilder (DBStoreBuilder.java:addTable(110)) - using custom profile for table: deletedTable
2019-08-28 22:29:10,392 [main] INFO  db.DBStoreBuilder (DBStoreBuilder.java:processTables(161)) - Using default column profile:DBProfile.DISK for Table:deletedTable
2019-08-28 22:29:10,392 [main] INFO  db.DBStoreBuilder (DBStoreBuilder.java:addTable(110)) - using custom profile for table: openKeyTable
2019-08-28 22:29:10,393 [main] INFO  db.DBStoreBuilder (DBStoreBuilder.java:processTables(161)) - Using default column profile:DBProfile.DISK for Table:openKeyTable
2019-08-28 22:29:10,393 [main] INFO  db.DBStoreBuilder (DBStoreBuilder.java:addTable(110)) - using custom profile for table: s3Table
2019-08-28 22:29:10,393 [main] INFO  db.DBStoreBuilder (DBStoreBuilder.java:processTables(161)) - Using default column profile:DBProfile.DISK for Table:s3Table
2019-08-28 22:29:10,393 [main] INFO  db.DBStoreBuilder (DBStoreBuilder.java:addTable(110)) - using custom profile for table: multipartInfoTable
2019-08-28 22:29:10,393 [main] INFO  db.DBStoreBuilder (DBStoreBuilder.java:processTables(161)) - Using default column profile:DBProfile.DISK for Table:multipartInfoTable
2019-08-28 22:29:10,394 [main] INFO  db.DBStoreBuilder (DBStoreBuilder.java:addTable(110)) - using custom profile for table: dTokenTable
2019-08-28 22:29:10,394 [main] INFO  db.DBStoreBuilder (DBStoreBuilder.java:processTables(161)) - Using default column profile:DBProfile.DISK for Table:dTokenTable
2019-08-28 22:29:10,394 [main] INFO  db.DBStoreBuilder (DBStoreBuilder.java:addTable(110)) - using custom profile for table: s3SecretTable
2019-08-28 22:29:10,394 [main] INFO  db.DBStoreBuilder (DBStoreBuilder.java:processTables(161)) - Using default column profile:DBProfile.DISK for Table:s3SecretTable
2019-08-28 22:29:10,395 [main] INFO  db.DBStoreBuilder (DBStoreBuilder.java:addTable(110)) - using custom profile for table: prefixTable
2019-08-28 22:29:10,395 [main] INFO  db.DBStoreBuilder (DBStoreBuilder.java:processTables(161)) - Using default column profile:DBProfile.DISK for Table:prefixTable
2019-08-28 22:29:10,395 [main] INFO  db.DBStoreBuilder (DBStoreBuilder.java:addTable(110)) - using custom profile for table: default
2019-08-28 22:29:10,395 [main] INFO  db.DBStoreBuilder (DBStoreBuilder.java:processTables(167)) - Using default column profile:DBProfile.DISK for Table:default
2019-08-28 22:29:10,395 [main] INFO  db.DBStoreBuilder (DBStoreBuilder.java:getDbProfile(198)) - Using default options. DBProfile.DISK
2019-08-28 22:29:11,270 [main] INFO  ipc.CallQueueManager (CallQueueManager.java:<init>(84)) - Using callQueue: class java.util.concurrent.LinkedBlockingQueue, queueCapacity: 2000, scheduler: class org.apache.hadoop.ipc.DefaultRpcScheduler, ipcBackoff: false.
2019-08-28 22:29:11,271 [Socket Reader #1 for port 32782] INFO  ipc.Server (Server.java:run(1074)) - Starting Socket Reader #1 for port 32782
2019-08-28 22:29:11,290 [main] INFO  om.OzoneManager (OzoneManager.java:start(1256)) - OzoneManager RPC server is listening at localhost/127.0.0.1:32782
2019-08-28 22:29:11,291 [main] INFO  impl.MetricsSystemImpl (MetricsSystemImpl.java:init(158)) - OzoneManager metrics system started (again)
2019-08-28 22:29:11,292 [IPC Server Responder] INFO  ipc.Server (Server.java:run(1314)) - IPC Server Responder: starting
2019-08-28 22:29:11,292 [IPC Server listener on 32782] INFO  ipc.Server (Server.java:run(1153)) - IPC Server listener on 32782: starting
2019-08-28 22:29:11,297 [main] INFO  hdfs.DFSUtil (DFSUtil.java:httpServerTemplateForNNAndJN(1641)) - Starting Web-server for ozoneManager at: http://0.0.0.0:0
2019-08-28 22:29:11,298 [main] INFO  server.AuthenticationFilter (AuthenticationFilter.java:constructSecretProvider(240)) - Unable to initialize FileSignerSecretProvider, falling back to use random secrets.
2019-08-28 22:29:11,299 [main] WARN  http.HttpRequestLog (HttpRequestLog.java:getRequestLog(97)) - Jetty request log can only be enabled using Log4j
2019-08-28 22:29:11,301 [main] INFO  http.HttpServer2 (HttpServer2.java:addGlobalFilter(975)) - Added global filter 'safety' (class=org.apache.hadoop.http.HttpServer2$QuotingInputFilter)
2019-08-28 22:29:11,302 [main] INFO  http.HttpServer2 (HttpServer2.java:addFilter(948)) - Added filter static_user_filter (class=org.apache.hadoop.http.lib.StaticUserWebFilter$StaticUserFilter) to context ozoneManager
2019-08-28 22:29:11,302 [main] INFO  http.HttpServer2 (HttpServer2.java:addFilter(958)) - Added filter static_user_filter (class=org.apache.hadoop.http.lib.StaticUserWebFilter$StaticUserFilter) to context static
2019-08-28 22:29:11,302 [main] INFO  http.HttpServer2 (HttpServer2.java:addFilter(958)) - Added filter static_user_filter (class=org.apache.hadoop.http.lib.StaticUserWebFilter$StaticUserFilter) to context logs
2019-08-28 22:29:11,303 [main] INFO  http.HttpServer2 (HttpServer2.java:bindListener(1191)) - Jetty bound to port 45508
2019-08-28 22:29:11,303 [main] INFO  server.Server (Server.java:doStart(351)) - jetty-9.3.24.v20180605, build timestamp: 2018-06-05T17:11:56Z, git hash: 84205aa28f11a4f31f2a3b86d1bba2cc8ab69827
2019-08-28 22:29:11,305 [main] INFO  handler.ContextHandler (ContextHandler.java:doStart(781)) - Started o.e.j.s.ServletContextHandler@4652c74d{/logs,file:///workdir/hadoop-ozone/integration-test/target/log,AVAILABLE}
2019-08-28 22:29:11,306 [main] INFO  handler.ContextHandler (ContextHandler.java:doStart(781)) - Started o.e.j.s.ServletContextHandler@5ea7bc4{/static,file:///workdir/hadoop-ozone/integration-test/target/test-classes/webapps/static,AVAILABLE}
2019-08-28 22:29:11,311 [main] INFO  handler.ContextHandler (ContextHandler.java:doStart(781)) - Started o.e.j.w.WebAppContext@69a5c6be{/,file:///workdir/hadoop-ozone/integration-test/target/test-classes/webapps/ozoneManager/,AVAILABLE}{/ozoneManager}
2019-08-28 22:29:11,311 [main] INFO  server.AbstractConnector (AbstractConnector.java:doStart(278)) - Started ServerConnector@451e2fa9{HTTP/1.1,[http/1.1]}{0.0.0.0:45508}
2019-08-28 22:29:11,312 [main] INFO  server.Server (Server.java:doStart(419)) - Started @624423ms
2019-08-28 22:29:11,313 [main] INFO  server.BaseHttpServer (BaseHttpServer.java:updateConnectorAddress(226)) - HTTP server of OZONEMANAGER is listening at http://0.0.0.0:45508
2019-08-28 22:29:11,330 [main] INFO  impl.MetricsSystemImpl (MetricsSystemImpl.java:init(158)) - HddsDatanode metrics system started (again)
2019-08-28 22:29:11,332 [main] INFO  ozone.HddsDatanodeService (HddsDatanodeService.java:start(190)) - HddsDatanodeService host:pr-hdds-1909-jt4r9-1943541209 ip:192.168.36.111
2019-08-28 22:29:11,339 [main] INFO  volume.HddsVolume (HddsVolume.java:<init>(176)) - Creating Volume: /workdir/hadoop-ozone/integration-test/target/test-dir/MiniOzoneClusterImpl-cce2e0e6-0bf2-4ba0-8cd7-9d92f34a1712/datanode-0/data/containers/hdds of  storage type : DISK and capacity : 1482555576320
2019-08-28 22:29:11,339 [main] INFO  volume.VolumeSet (VolumeSet.java:initializeVolumeSet(170)) - Added Volume : /workdir/hadoop-ozone/integration-test/target/test-dir/MiniOzoneClusterImpl-cce2e0e6-0bf2-4ba0-8cd7-9d92f34a1712/datanode-0/data/containers/hdds to VolumeSet
2019-08-28 22:29:11,340 [main] INFO  volume.ThrottledAsyncChecker (ThrottledAsyncChecker.java:schedule(140)) - Scheduling a check for org.apache.hadoop.ozone.container.common.volume.HddsVolume@7f4a1cac
2019-08-28 22:29:11,341 [main] INFO  volume.HddsVolumeChecker (HddsVolumeChecker.java:checkAllVolumes(203)) - Scheduled health check for volume org.apache.hadoop.ozone.container.common.volume.HddsVolume@7f4a1cac
2019-08-28 22:29:11,356 [main] INFO  impl.RaftServerProxy (ConfUtils.java:logGet(43)) - raft.rpc.type = GRPC (default)
2019-08-28 22:29:11,356 [main] INFO  grpc.GrpcFactory (GrpcFactory.java:checkPooledByteBufAllocatorUseCacheForAllThreads(45)) - PERFORMANCE WARNING: useCacheForAllThreads is true that may cause Netty to create a lot garbage objects and, as a result, trigger GC.
	It is recommended to disable useCacheForAllThreads by setting -Dorg.apache.ratis.thirdparty.io.netty.allocator.useCacheForAllThreads=false in command line.
2019-08-28 22:29:11,356 [main] INFO  grpc.GrpcConfigKeys$Server (ConfUtils.java:logGet(43)) - raft.grpc.server.port = 0 (default)
2019-08-28 22:29:11,356 [main] INFO  server.GrpcService (ConfUtils.java:logGet(43)) - raft.grpc.message.size.max = 33570816 (custom)
2019-08-28 22:29:11,357 [main] INFO  server.RaftServerConfigKeys (ConfUtils.java:logGet(43)) - raft.server.log.appender.buffer.byte-limit = 33554432 (custom)
2019-08-28 22:29:11,357 [main] INFO  server.GrpcService (ConfUtils.java:logGet(43)) - raft.grpc.flow.control.window = 1MB (=1048576) (default)
2019-08-28 22:29:11,357 [main] INFO  server.RaftServerConfigKeys (ConfUtils.java:logGet(43)) - raft.server.rpc.request.timeout = 3000ms (default)
2019-08-28 22:29:11,358 [main] INFO  server.RaftServerConfigKeys (ConfUtils.java:logGet(43)) - raft.server.storage.dir = [/workdir/hadoop-ozone/integration-test/target/test-dir/MiniOzoneClusterImpl-cce2e0e6-0bf2-4ba0-8cd7-9d92f34a1712/datanode-0/data/ratis] (custom)
2019-08-28 22:29:11,358 [main] INFO  replication.SimpleContainerDownloader (SimpleContainerDownloader.java:<init>(72)) - Starting container downloader service to copy containers to replicate.
2019-08-28 22:29:11,359 [main] INFO  hdfs.DFSUtil (DFSUtil.java:httpServerTemplateForNNAndJN(1641)) - Starting Web-server for hddsDatanode at: http://0.0.0.0:0
2019-08-28 22:29:11,361 [main] INFO  server.AuthenticationFilter (AuthenticationFilter.java:constructSecretProvider(240)) - Unable to initialize FileSignerSecretProvider, falling back to use random secrets.
2019-08-28 22:29:11,361 [main] WARN  http.HttpRequestLog (HttpRequestLog.java:getRequestLog(97)) - Jetty request log can only be enabled using Log4j
2019-08-28 22:29:11,363 [main] INFO  http.HttpServer2 (HttpServer2.java:addGlobalFilter(975)) - Added global filter 'safety' (class=org.apache.hadoop.http.HttpServer2$QuotingInputFilter)
2019-08-28 22:29:11,363 [main] INFO  http.HttpServer2 (HttpServer2.java:addFilter(948)) - Added filter static_user_filter (class=org.apache.hadoop.http.lib.StaticUserWebFilter$StaticUserFilter) to context hddsDatanode
2019-08-28 22:29:11,363 [main] INFO  http.HttpServer2 (HttpServer2.java:addFilter(958)) - Added filter static_user_filter (class=org.apache.hadoop.http.lib.StaticUserWebFilter$StaticUserFilter) to context static
2019-08-28 22:29:11,364 [main] INFO  http.HttpServer2 (HttpServer2.java:addFilter(958)) - Added filter static_user_filter (class=org.apache.hadoop.http.lib.StaticUserWebFilter$StaticUserFilter) to context logs
2019-08-28 22:29:11,364 [main] INFO  http.HttpServer2 (HttpServer2.java:bindListener(1191)) - Jetty bound to port 33867
2019-08-28 22:29:11,365 [main] INFO  server.Server (Server.java:doStart(351)) - jetty-9.3.24.v20180605, build timestamp: 2018-06-05T17:11:56Z, git hash: 84205aa28f11a4f31f2a3b86d1bba2cc8ab69827
2019-08-28 22:29:11,366 [main] INFO  handler.ContextHandler (ContextHandler.java:doStart(781)) - Started o.e.j.s.ServletContextHandler@49232c6f{/logs,file:///workdir/hadoop-ozone/integration-test/target/log,AVAILABLE}
2019-08-28 22:29:11,367 [main] INFO  handler.ContextHandler (ContextHandler.java:doStart(781)) - Started o.e.j.s.ServletContextHandler@5396eeb1{/static,jar:file:/home/user/.m2/repository/org/apache/hadoop/hadoop-hdds-container-service/0.5.0-SNAPSHOT/hadoop-hdds-container-service-0.5.0-SNAPSHOT.jar!/webapps/static,AVAILABLE}
2019-08-28 22:29:11,396 [main] INFO  handler.ContextHandler (ContextHandler.java:doStart(781)) - Started o.e.j.w.WebAppContext@7741ae1b{/,file:///tmp/jetty-0.0.0.0-33867-hddsDatanode-_-any-5499052263250624924.dir/webapp/,AVAILABLE}{/hddsDatanode}
2019-08-28 22:29:11,397 [main] INFO  server.AbstractConnector (AbstractConnector.java:doStart(278)) - Started ServerConnector@50e5032c{HTTP/1.1,[http/1.1]}{0.0.0.0:33867}
2019-08-28 22:29:11,398 [main] INFO  server.Server (Server.java:doStart(419)) - Started @624509ms
2019-08-28 22:29:11,399 [main] INFO  server.BaseHttpServer (BaseHttpServer.java:updateConnectorAddress(226)) - HTTP server of HDDSDATANODE is listening at http://0.0.0.0:33867
2019-08-28 22:29:11,399 [main] INFO  impl.MetricsSystemImpl (MetricsSystemImpl.java:init(158)) - HddsDatanode metrics system started (again)
2019-08-28 22:29:11,402 [org.apache.hadoop.util.JvmPauseMonitor$Monitor@674a0cba] INFO  util.JvmPauseMonitor (JvmPauseMonitor.java:run(188)) - Starting JVM pause monitor
2019-08-28 22:29:11,402 [main] INFO  ozone.HddsDatanodeService (HddsDatanodeService.java:start(190)) - HddsDatanodeService host:pr-hdds-1909-jt4r9-1943541209 ip:192.168.36.111
2019-08-28 22:29:11,403 [Datanode State Machine Thread - 0] INFO  datanode.InitDatanodeState (InitDatanodeState.java:persistContainerDatanodeDetails(140)) - DatanodeDetails is persisted to /workdir/hadoop-ozone/integration-test/target/test-dir/MiniOzoneClusterImpl-cce2e0e6-0bf2-4ba0-8cd7-9d92f34a1712/datanode-0/meta/datanode.id
2019-08-28 22:29:11,408 [main] INFO  volume.HddsVolume (HddsVolume.java:<init>(176)) - Creating Volume: /workdir/hadoop-ozone/integration-test/target/test-dir/MiniOzoneClusterImpl-cce2e0e6-0bf2-4ba0-8cd7-9d92f34a1712/datanode-1/data/containers/hdds of  storage type : DISK and capacity : 1482555576320
2019-08-28 22:29:11,408 [main] INFO  volume.VolumeSet (VolumeSet.java:initializeVolumeSet(170)) - Added Volume : /workdir/hadoop-ozone/integration-test/target/test-dir/MiniOzoneClusterImpl-cce2e0e6-0bf2-4ba0-8cd7-9d92f34a1712/datanode-1/data/containers/hdds to VolumeSet
2019-08-28 22:29:11,409 [main] INFO  volume.ThrottledAsyncChecker (ThrottledAsyncChecker.java:schedule(140)) - Scheduling a check for org.apache.hadoop.ozone.container.common.volume.HddsVolume@3079c26a
2019-08-28 22:29:11,409 [main] INFO  volume.HddsVolumeChecker (HddsVolumeChecker.java:checkAllVolumes(203)) - Scheduled health check for volume org.apache.hadoop.ozone.container.common.volume.HddsVolume@3079c26a
2019-08-28 22:29:11,421 [main] INFO  impl.RaftServerProxy (ConfUtils.java:logGet(43)) - raft.rpc.type = GRPC (default)
2019-08-28 22:29:11,421 [main] INFO  grpc.GrpcFactory (GrpcFactory.java:checkPooledByteBufAllocatorUseCacheForAllThreads(45)) - PERFORMANCE WARNING: useCacheForAllThreads is true that may cause Netty to create a lot garbage objects and, as a result, trigger GC.
	It is recommended to disable useCacheForAllThreads by setting -Dorg.apache.ratis.thirdparty.io.netty.allocator.useCacheForAllThreads=false in command line.
2019-08-28 22:29:11,421 [main] INFO  grpc.GrpcConfigKeys$Server (ConfUtils.java:logGet(43)) - raft.grpc.server.port = 0 (default)
2019-08-28 22:29:11,422 [main] INFO  server.GrpcService (ConfUtils.java:logGet(43)) - raft.grpc.message.size.max = 33570816 (custom)
2019-08-28 22:29:11,422 [main] INFO  server.RaftServerConfigKeys (ConfUtils.java:logGet(43)) - raft.server.log.appender.buffer.byte-limit = 33554432 (custom)
2019-08-28 22:29:11,422 [main] INFO  server.GrpcService (ConfUtils.java:logGet(43)) - raft.grpc.flow.control.window = 1MB (=1048576) (default)
2019-08-28 22:29:11,422 [main] INFO  server.RaftServerConfigKeys (ConfUtils.java:logGet(43)) - raft.server.rpc.request.timeout = 3000ms (default)
2019-08-28 22:29:11,423 [main] INFO  server.RaftServerConfigKeys (ConfUtils.java:logGet(43)) - raft.server.storage.dir = [/workdir/hadoop-ozone/integration-test/target/test-dir/MiniOzoneClusterImpl-cce2e0e6-0bf2-4ba0-8cd7-9d92f34a1712/datanode-1/data/ratis] (custom)
2019-08-28 22:29:11,423 [main] INFO  replication.SimpleContainerDownloader (SimpleContainerDownloader.java:<init>(72)) - Starting container downloader service to copy containers to replicate.
2019-08-28 22:29:11,425 [main] INFO  hdfs.DFSUtil (DFSUtil.java:httpServerTemplateForNNAndJN(1641)) - Starting Web-server for hddsDatanode at: http://0.0.0.0:0
2019-08-28 22:29:11,426 [main] INFO  server.AuthenticationFilter (AuthenticationFilter.java:constructSecretProvider(240)) - Unable to initialize FileSignerSecretProvider, falling back to use random secrets.
2019-08-28 22:29:11,427 [main] WARN  http.HttpRequestLog (HttpRequestLog.java:getRequestLog(97)) - Jetty request log can only be enabled using Log4j
2019-08-28 22:29:11,428 [main] INFO  http.HttpServer2 (HttpServer2.java:addGlobalFilter(975)) - Added global filter 'safety' (class=org.apache.hadoop.http.HttpServer2$QuotingInputFilter)
2019-08-28 22:29:11,428 [main] INFO  http.HttpServer2 (HttpServer2.java:addFilter(948)) - Added filter static_user_filter (class=org.apache.hadoop.http.lib.StaticUserWebFilter$StaticUserFilter) to context hddsDatanode
2019-08-28 22:29:11,428 [main] INFO  http.HttpServer2 (HttpServer2.java:addFilter(958)) - Added filter static_user_filter (class=org.apache.hadoop.http.lib.StaticUserWebFilter$StaticUserFilter) to context static
2019-08-28 22:29:11,429 [main] INFO  http.HttpServer2 (HttpServer2.java:addFilter(958)) - Added filter static_user_filter (class=org.apache.hadoop.http.lib.StaticUserWebFilter$StaticUserFilter) to context logs
2019-08-28 22:29:11,429 [main] INFO  http.HttpServer2 (HttpServer2.java:bindListener(1191)) - Jetty bound to port 39107
2019-08-28 22:29:11,429 [main] INFO  server.Server (Server.java:doStart(351)) - jetty-9.3.24.v20180605, build timestamp: 2018-06-05T17:11:56Z, git hash: 84205aa28f11a4f31f2a3b86d1bba2cc8ab69827
2019-08-28 22:29:11,431 [main] INFO  handler.ContextHandler (ContextHandler.java:doStart(781)) - Started o.e.j.s.ServletContextHandler@1c84d80a{/logs,file:///workdir/hadoop-ozone/integration-test/target/log,AVAILABLE}
2019-08-28 22:29:11,431 [main] INFO  handler.ContextHandler (ContextHandler.java:doStart(781)) - Started o.e.j.s.ServletContextHandler@629075f4{/static,jar:file:/home/user/.m2/repository/org/apache/hadoop/hadoop-hdds-container-service/0.5.0-SNAPSHOT/hadoop-hdds-container-service-0.5.0-SNAPSHOT.jar!/webapps/static,AVAILABLE}
2019-08-28 22:29:11,458 [main] INFO  handler.ContextHandler (ContextHandler.java:doStart(781)) - Started o.e.j.w.WebAppContext@4d4c1ba9{/,file:///tmp/jetty-0.0.0.0-39107-hddsDatanode-_-any-3045546351682721634.dir/webapp/,AVAILABLE}{/hddsDatanode}
2019-08-28 22:29:11,459 [main] INFO  server.AbstractConnector (AbstractConnector.java:doStart(278)) - Started ServerConnector@2017f6e6{HTTP/1.1,[http/1.1]}{0.0.0.0:39107}
2019-08-28 22:29:11,460 [main] INFO  server.Server (Server.java:doStart(419)) - Started @624571ms
2019-08-28 22:29:11,460 [main] INFO  server.BaseHttpServer (BaseHttpServer.java:updateConnectorAddress(226)) - HTTP server of HDDSDATANODE is listening at http://0.0.0.0:39107
2019-08-28 22:29:11,461 [main] INFO  impl.MetricsSystemImpl (MetricsSystemImpl.java:init(158)) - HddsDatanode metrics system started (again)
2019-08-28 22:29:11,463 [org.apache.hadoop.util.JvmPauseMonitor$Monitor@3545ffb7] INFO  util.JvmPauseMonitor (JvmPauseMonitor.java:run(188)) - Starting JVM pause monitor
2019-08-28 22:29:11,463 [main] INFO  ozone.HddsDatanodeService (HddsDatanodeService.java:start(190)) - HddsDatanodeService host:pr-hdds-1909-jt4r9-1943541209 ip:192.168.36.111
2019-08-28 22:29:11,464 [Datanode State Machine Thread - 0] INFO  datanode.InitDatanodeState (InitDatanodeState.java:persistContainerDatanodeDetails(140)) - DatanodeDetails is persisted to /workdir/hadoop-ozone/integration-test/target/test-dir/MiniOzoneClusterImpl-cce2e0e6-0bf2-4ba0-8cd7-9d92f34a1712/datanode-1/meta/datanode.id
2019-08-28 22:29:11,469 [main] INFO  volume.HddsVolume (HddsVolume.java:<init>(176)) - Creating Volume: /workdir/hadoop-ozone/integration-test/target/test-dir/MiniOzoneClusterImpl-cce2e0e6-0bf2-4ba0-8cd7-9d92f34a1712/datanode-2/data/containers/hdds of  storage type : DISK and capacity : 1482555576320
2019-08-28 22:29:11,469 [main] INFO  volume.VolumeSet (VolumeSet.java:initializeVolumeSet(170)) - Added Volume : /workdir/hadoop-ozone/integration-test/target/test-dir/MiniOzoneClusterImpl-cce2e0e6-0bf2-4ba0-8cd7-9d92f34a1712/datanode-2/data/containers/hdds to VolumeSet
2019-08-28 22:29:11,469 [main] INFO  volume.ThrottledAsyncChecker (ThrottledAsyncChecker.java:schedule(140)) - Scheduling a check for org.apache.hadoop.ozone.container.common.volume.HddsVolume@336f49a1
2019-08-28 22:29:11,470 [main] INFO  volume.HddsVolumeChecker (HddsVolumeChecker.java:checkAllVolumes(203)) - Scheduled health check for volume org.apache.hadoop.ozone.container.common.volume.HddsVolume@336f49a1
2019-08-28 22:29:11,482 [main] INFO  impl.RaftServerProxy (ConfUtils.java:logGet(43)) - raft.rpc.type = GRPC (default)
2019-08-28 22:29:11,482 [main] INFO  grpc.GrpcFactory (GrpcFactory.java:checkPooledByteBufAllocatorUseCacheForAllThreads(45)) - PERFORMANCE WARNING: useCacheForAllThreads is true that may cause Netty to create a lot garbage objects and, as a result, trigger GC.
	It is recommended to disable useCacheForAllThreads by setting -Dorg.apache.ratis.thirdparty.io.netty.allocator.useCacheForAllThreads=false in command line.
2019-08-28 22:29:11,482 [main] INFO  grpc.GrpcConfigKeys$Server (ConfUtils.java:logGet(43)) - raft.grpc.server.port = 0 (default)
2019-08-28 22:29:11,483 [main] INFO  server.GrpcService (ConfUtils.java:logGet(43)) - raft.grpc.message.size.max = 33570816 (custom)
2019-08-28 22:29:11,483 [main] INFO  server.RaftServerConfigKeys (ConfUtils.java:logGet(43)) - raft.server.log.appender.buffer.byte-limit = 33554432 (custom)
2019-08-28 22:29:11,483 [main] INFO  server.GrpcService (ConfUtils.java:logGet(43)) - raft.grpc.flow.control.window = 1MB (=1048576) (default)
2019-08-28 22:29:11,484 [main] INFO  server.RaftServerConfigKeys (ConfUtils.java:logGet(43)) - raft.server.rpc.request.timeout = 3000ms (default)
2019-08-28 22:29:11,484 [main] INFO  server.RaftServerConfigKeys (ConfUtils.java:logGet(43)) - raft.server.storage.dir = [/workdir/hadoop-ozone/integration-test/target/test-dir/MiniOzoneClusterImpl-cce2e0e6-0bf2-4ba0-8cd7-9d92f34a1712/datanode-2/data/ratis] (custom)
2019-08-28 22:29:11,485 [main] INFO  replication.SimpleContainerDownloader (SimpleContainerDownloader.java:<init>(72)) - Starting container downloader service to copy containers to replicate.
2019-08-28 22:29:11,485 [main] INFO  hdfs.DFSUtil (DFSUtil.java:httpServerTemplateForNNAndJN(1641)) - Starting Web-server for hddsDatanode at: http://0.0.0.0:0
2019-08-28 22:29:11,487 [main] INFO  server.AuthenticationFilter (AuthenticationFilter.java:constructSecretProvider(240)) - Unable to initialize FileSignerSecretProvider, falling back to use random secrets.
2019-08-28 22:29:11,487 [main] WARN  http.HttpRequestLog (HttpRequestLog.java:getRequestLog(97)) - Jetty request log can only be enabled using Log4j
2019-08-28 22:29:11,488 [main] INFO  http.HttpServer2 (HttpServer2.java:addGlobalFilter(975)) - Added global filter 'safety' (class=org.apache.hadoop.http.HttpServer2$QuotingInputFilter)
2019-08-28 22:29:11,489 [main] INFO  http.HttpServer2 (HttpServer2.java:addFilter(948)) - Added filter static_user_filter (class=org.apache.hadoop.http.lib.StaticUserWebFilter$StaticUserFilter) to context hddsDatanode
2019-08-28 22:29:11,489 [main] INFO  http.HttpServer2 (HttpServer2.java:addFilter(958)) - Added filter static_user_filter (class=org.apache.hadoop.http.lib.StaticUserWebFilter$StaticUserFilter) to context static
2019-08-28 22:29:11,489 [main] INFO  http.HttpServer2 (HttpServer2.java:addFilter(958)) - Added filter static_user_filter (class=org.apache.hadoop.http.lib.StaticUserWebFilter$StaticUserFilter) to context logs
2019-08-28 22:29:11,490 [main] INFO  http.HttpServer2 (HttpServer2.java:bindListener(1191)) - Jetty bound to port 39422
2019-08-28 22:29:11,490 [main] INFO  server.Server (Server.java:doStart(351)) - jetty-9.3.24.v20180605, build timestamp: 2018-06-05T17:11:56Z, git hash: 84205aa28f11a4f31f2a3b86d1bba2cc8ab69827
2019-08-28 22:29:11,491 [main] INFO  handler.ContextHandler (ContextHandler.java:doStart(781)) - Started o.e.j.s.ServletContextHandler@47187f50{/logs,file:///workdir/hadoop-ozone/integration-test/target/log,AVAILABLE}
2019-08-28 22:29:11,492 [main] INFO  handler.ContextHandler (ContextHandler.java:doStart(781)) - Started o.e.j.s.ServletContextHandler@712e787e{/static,jar:file:/home/user/.m2/repository/org/apache/hadoop/hadoop-hdds-container-service/0.5.0-SNAPSHOT/hadoop-hdds-container-service-0.5.0-SNAPSHOT.jar!/webapps/static,AVAILABLE}
2019-08-28 22:29:11,521 [main] INFO  handler.ContextHandler (ContextHandler.java:doStart(781)) - Started o.e.j.w.WebAppContext@67c6f4d8{/,file:///tmp/jetty-0.0.0.0-39422-hddsDatanode-_-any-5212397019886064349.dir/webapp/,AVAILABLE}{/hddsDatanode}
2019-08-28 22:29:11,522 [main] INFO  server.AbstractConnector (AbstractConnector.java:doStart(278)) - Started ServerConnector@3a6e9856{HTTP/1.1,[http/1.1]}{0.0.0.0:39422}
2019-08-28 22:29:11,523 [main] INFO  server.Server (Server.java:doStart(419)) - Started @624635ms
2019-08-28 22:29:11,524 [main] INFO  server.BaseHttpServer (BaseHttpServer.java:updateConnectorAddress(226)) - HTTP server of HDDSDATANODE is listening at http://0.0.0.0:39422
2019-08-28 22:29:11,524 [main] INFO  impl.MetricsSystemImpl (MetricsSystemImpl.java:init(158)) - HddsDatanode metrics system started (again)
2019-08-28 22:29:11,527 [org.apache.hadoop.util.JvmPauseMonitor$Monitor@52ec059e] INFO  util.JvmPauseMonitor (JvmPauseMonitor.java:run(188)) - Starting JVM pause monitor
2019-08-28 22:29:11,527 [main] INFO  ozone.HddsDatanodeService (HddsDatanodeService.java:start(190)) - HddsDatanodeService host:pr-hdds-1909-jt4r9-1943541209 ip:192.168.36.111
2019-08-28 22:29:11,528 [Datanode State Machine Thread - 0] INFO  datanode.InitDatanodeState (InitDatanodeState.java:persistContainerDatanodeDetails(140)) - DatanodeDetails is persisted to /workdir/hadoop-ozone/integration-test/target/test-dir/MiniOzoneClusterImpl-cce2e0e6-0bf2-4ba0-8cd7-9d92f34a1712/datanode-2/meta/datanode.id
2019-08-28 22:29:11,532 [main] INFO  volume.HddsVolume (HddsVolume.java:<init>(176)) - Creating Volume: /workdir/hadoop-ozone/integration-test/target/test-dir/MiniOzoneClusterImpl-cce2e0e6-0bf2-4ba0-8cd7-9d92f34a1712/datanode-3/data/containers/hdds of  storage type : DISK and capacity : 1482555576320
2019-08-28 22:29:11,533 [main] INFO  volume.VolumeSet (VolumeSet.java:initializeVolumeSet(170)) - Added Volume : /workdir/hadoop-ozone/integration-test/target/test-dir/MiniOzoneClusterImpl-cce2e0e6-0bf2-4ba0-8cd7-9d92f34a1712/datanode-3/data/containers/hdds to VolumeSet
2019-08-28 22:29:11,533 [main] INFO  volume.ThrottledAsyncChecker (ThrottledAsyncChecker.java:schedule(140)) - Scheduling a check for org.apache.hadoop.ozone.container.common.volume.HddsVolume@7be94cd6
2019-08-28 22:29:11,533 [main] INFO  volume.HddsVolumeChecker (HddsVolumeChecker.java:checkAllVolumes(203)) - Scheduled health check for volume org.apache.hadoop.ozone.container.common.volume.HddsVolume@7be94cd6
2019-08-28 22:29:11,546 [main] INFO  impl.RaftServerProxy (ConfUtils.java:logGet(43)) - raft.rpc.type = GRPC (default)
2019-08-28 22:29:11,547 [main] INFO  grpc.GrpcFactory (GrpcFactory.java:checkPooledByteBufAllocatorUseCacheForAllThreads(45)) - PERFORMANCE WARNING: useCacheForAllThreads is true that may cause Netty to create a lot garbage objects and, as a result, trigger GC.
	It is recommended to disable useCacheForAllThreads by setting -Dorg.apache.ratis.thirdparty.io.netty.allocator.useCacheForAllThreads=false in command line.
2019-08-28 22:29:11,547 [main] INFO  grpc.GrpcConfigKeys$Server (ConfUtils.java:logGet(43)) - raft.grpc.server.port = 0 (default)
2019-08-28 22:29:11,547 [main] INFO  server.GrpcService (ConfUtils.java:logGet(43)) - raft.grpc.message.size.max = 33570816 (custom)
2019-08-28 22:29:11,547 [main] INFO  server.RaftServerConfigKeys (ConfUtils.java:logGet(43)) - raft.server.log.appender.buffer.byte-limit = 33554432 (custom)
2019-08-28 22:29:11,547 [main] INFO  server.GrpcService (ConfUtils.java:logGet(43)) - raft.grpc.flow.control.window = 1MB (=1048576) (default)
2019-08-28 22:29:11,548 [main] INFO  server.RaftServerConfigKeys (ConfUtils.java:logGet(43)) - raft.server.rpc.request.timeout = 3000ms (default)
2019-08-28 22:29:11,548 [main] INFO  server.RaftServerConfigKeys (ConfUtils.java:logGet(43)) - raft.server.storage.dir = [/workdir/hadoop-ozone/integration-test/target/test-dir/MiniOzoneClusterImpl-cce2e0e6-0bf2-4ba0-8cd7-9d92f34a1712/datanode-3/data/ratis] (custom)
2019-08-28 22:29:11,548 [main] INFO  replication.SimpleContainerDownloader (SimpleContainerDownloader.java:<init>(72)) - Starting container downloader service to copy containers to replicate.
2019-08-28 22:29:11,549 [main] INFO  hdfs.DFSUtil (DFSUtil.java:httpServerTemplateForNNAndJN(1641)) - Starting Web-server for hddsDatanode at: http://0.0.0.0:0
2019-08-28 22:29:11,551 [main] INFO  server.AuthenticationFilter (AuthenticationFilter.java:constructSecretProvider(240)) - Unable to initialize FileSignerSecretProvider, falling back to use random secrets.
2019-08-28 22:29:11,551 [main] WARN  http.HttpRequestLog (HttpRequestLog.java:getRequestLog(97)) - Jetty request log can only be enabled using Log4j
2019-08-28 22:29:11,552 [main] INFO  http.HttpServer2 (HttpServer2.java:addGlobalFilter(975)) - Added global filter 'safety' (class=org.apache.hadoop.http.HttpServer2$QuotingInputFilter)
2019-08-28 22:29:11,553 [main] INFO  http.HttpServer2 (HttpServer2.java:addFilter(948)) - Added filter static_user_filter (class=org.apache.hadoop.http.lib.StaticUserWebFilter$StaticUserFilter) to context hddsDatanode
2019-08-28 22:29:11,553 [main] INFO  http.HttpServer2 (HttpServer2.java:addFilter(958)) - Added filter static_user_filter (class=org.apache.hadoop.http.lib.StaticUserWebFilter$StaticUserFilter) to context static
2019-08-28 22:29:11,553 [main] INFO  http.HttpServer2 (HttpServer2.java:addFilter(958)) - Added filter static_user_filter (class=org.apache.hadoop.http.lib.StaticUserWebFilter$StaticUserFilter) to context logs
2019-08-28 22:29:11,553 [main] INFO  http.HttpServer2 (HttpServer2.java:bindListener(1191)) - Jetty bound to port 41521
2019-08-28 22:29:11,554 [main] INFO  server.Server (Server.java:doStart(351)) - jetty-9.3.24.v20180605, build timestamp: 2018-06-05T17:11:56Z, git hash: 84205aa28f11a4f31f2a3b86d1bba2cc8ab69827
2019-08-28 22:29:11,555 [main] INFO  handler.ContextHandler (ContextHandler.java:doStart(781)) - Started o.e.j.s.ServletContextHandler@16e1219f{/logs,file:///workdir/hadoop-ozone/integration-test/target/log,AVAILABLE}
2019-08-28 22:29:11,555 [main] INFO  handler.ContextHandler (ContextHandler.java:doStart(781)) - Started o.e.j.s.ServletContextHandler@73a845cb{/static,jar:file:/home/user/.m2/repository/org/apache/hadoop/hadoop-hdds-container-service/0.5.0-SNAPSHOT/hadoop-hdds-container-service-0.5.0-SNAPSHOT.jar!/webapps/static,AVAILABLE}
2019-08-28 22:29:11,582 [main] INFO  handler.ContextHandler (ContextHandler.java:doStart(781)) - Started o.e.j.w.WebAppContext@154b8cb6{/,file:///tmp/jetty-0.0.0.0-41521-hddsDatanode-_-any-3043062677824175792.dir/webapp/,AVAILABLE}{/hddsDatanode}
2019-08-28 22:29:11,583 [main] INFO  server.AbstractConnector (AbstractConnector.java:doStart(278)) - Started ServerConnector@7b297740{HTTP/1.1,[http/1.1]}{0.0.0.0:41521}
2019-08-28 22:29:11,584 [main] INFO  server.Server (Server.java:doStart(419)) - Started @624695ms
2019-08-28 22:29:11,585 [main] INFO  server.BaseHttpServer (BaseHttpServer.java:updateConnectorAddress(226)) - HTTP server of HDDSDATANODE is listening at http://0.0.0.0:41521
2019-08-28 22:29:11,585 [main] INFO  impl.MetricsSystemImpl (MetricsSystemImpl.java:init(158)) - HddsDatanode metrics system started (again)
2019-08-28 22:29:11,588 [org.apache.hadoop.util.JvmPauseMonitor$Monitor@13c51ae1] INFO  util.JvmPauseMonitor (JvmPauseMonitor.java:run(188)) - Starting JVM pause monitor
2019-08-28 22:29:11,588 [main] INFO  ozone.HddsDatanodeService (HddsDatanodeService.java:start(190)) - HddsDatanodeService host:pr-hdds-1909-jt4r9-1943541209 ip:192.168.36.111
2019-08-28 22:29:11,589 [Datanode State Machine Thread - 0] INFO  datanode.InitDatanodeState (InitDatanodeState.java:persistContainerDatanodeDetails(140)) - DatanodeDetails is persisted to /workdir/hadoop-ozone/integration-test/target/test-dir/MiniOzoneClusterImpl-cce2e0e6-0bf2-4ba0-8cd7-9d92f34a1712/datanode-3/meta/datanode.id
2019-08-28 22:29:11,594 [main] INFO  volume.HddsVolume (HddsVolume.java:<init>(176)) - Creating Volume: /workdir/hadoop-ozone/integration-test/target/test-dir/MiniOzoneClusterImpl-cce2e0e6-0bf2-4ba0-8cd7-9d92f34a1712/datanode-4/data/containers/hdds of  storage type : DISK and capacity : 1482555576320
2019-08-28 22:29:11,594 [main] INFO  volume.VolumeSet (VolumeSet.java:initializeVolumeSet(170)) - Added Volume : /workdir/hadoop-ozone/integration-test/target/test-dir/MiniOzoneClusterImpl-cce2e0e6-0bf2-4ba0-8cd7-9d92f34a1712/datanode-4/data/containers/hdds to VolumeSet
2019-08-28 22:29:11,595 [main] INFO  volume.ThrottledAsyncChecker (ThrottledAsyncChecker.java:schedule(140)) - Scheduling a check for org.apache.hadoop.ozone.container.common.volume.HddsVolume@ef86c72
2019-08-28 22:29:11,595 [main] INFO  volume.HddsVolumeChecker (HddsVolumeChecker.java:checkAllVolumes(203)) - Scheduled health check for volume org.apache.hadoop.ozone.container.common.volume.HddsVolume@ef86c72
2019-08-28 22:29:11,607 [main] INFO  impl.RaftServerProxy (ConfUtils.java:logGet(43)) - raft.rpc.type = GRPC (default)
2019-08-28 22:29:11,607 [main] INFO  grpc.GrpcFactory (GrpcFactory.java:checkPooledByteBufAllocatorUseCacheForAllThreads(45)) - PERFORMANCE WARNING: useCacheForAllThreads is true that may cause Netty to create a lot garbage objects and, as a result, trigger GC.
	It is recommended to disable useCacheForAllThreads by setting -Dorg.apache.ratis.thirdparty.io.netty.allocator.useCacheForAllThreads=false in command line.
2019-08-28 22:29:11,607 [main] INFO  grpc.GrpcConfigKeys$Server (ConfUtils.java:logGet(43)) - raft.grpc.server.port = 0 (default)
2019-08-28 22:29:11,608 [main] INFO  server.GrpcService (ConfUtils.java:logGet(43)) - raft.grpc.message.size.max = 33570816 (custom)
2019-08-28 22:29:11,608 [main] INFO  server.RaftServerConfigKeys (ConfUtils.java:logGet(43)) - raft.server.log.appender.buffer.byte-limit = 33554432 (custom)
2019-08-28 22:29:11,608 [main] INFO  server.GrpcService (ConfUtils.java:logGet(43)) - raft.grpc.flow.control.window = 1MB (=1048576) (default)
2019-08-28 22:29:11,608 [main] INFO  server.RaftServerConfigKeys (ConfUtils.java:logGet(43)) - raft.server.rpc.request.timeout = 3000ms (default)
2019-08-28 22:29:11,608 [main] INFO  server.RaftServerConfigKeys (ConfUtils.java:logGet(43)) - raft.server.storage.dir = [/workdir/hadoop-ozone/integration-test/target/test-dir/MiniOzoneClusterImpl-cce2e0e6-0bf2-4ba0-8cd7-9d92f34a1712/datanode-4/data/ratis] (custom)
2019-08-28 22:29:11,609 [main] INFO  replication.SimpleContainerDownloader (SimpleContainerDownloader.java:<init>(72)) - Starting container downloader service to copy containers to replicate.
2019-08-28 22:29:11,610 [main] INFO  hdfs.DFSUtil (DFSUtil.java:httpServerTemplateForNNAndJN(1641)) - Starting Web-server for hddsDatanode at: http://0.0.0.0:0
2019-08-28 22:29:11,611 [main] INFO  server.AuthenticationFilter (AuthenticationFilter.java:constructSecretProvider(240)) - Unable to initialize FileSignerSecretProvider, falling back to use random secrets.
2019-08-28 22:29:11,611 [main] WARN  http.HttpRequestLog (HttpRequestLog.java:getRequestLog(97)) - Jetty request log can only be enabled using Log4j
2019-08-28 22:29:11,612 [main] INFO  http.HttpServer2 (HttpServer2.java:addGlobalFilter(975)) - Added global filter 'safety' (class=org.apache.hadoop.http.HttpServer2$QuotingInputFilter)
2019-08-28 22:29:11,613 [main] INFO  http.HttpServer2 (HttpServer2.java:addFilter(948)) - Added filter static_user_filter (class=org.apache.hadoop.http.lib.StaticUserWebFilter$StaticUserFilter) to context hddsDatanode
2019-08-28 22:29:11,613 [main] INFO  http.HttpServer2 (HttpServer2.java:addFilter(958)) - Added filter static_user_filter (class=org.apache.hadoop.http.lib.StaticUserWebFilter$StaticUserFilter) to context static
2019-08-28 22:29:11,613 [main] INFO  http.HttpServer2 (HttpServer2.java:addFilter(958)) - Added filter static_user_filter (class=org.apache.hadoop.http.lib.StaticUserWebFilter$StaticUserFilter) to context logs
2019-08-28 22:29:11,614 [main] INFO  http.HttpServer2 (HttpServer2.java:bindListener(1191)) - Jetty bound to port 39516
2019-08-28 22:29:11,614 [main] INFO  server.Server (Server.java:doStart(351)) - jetty-9.3.24.v20180605, build timestamp: 2018-06-05T17:11:56Z, git hash: 84205aa28f11a4f31f2a3b86d1bba2cc8ab69827
2019-08-28 22:29:11,615 [main] INFO  handler.ContextHandler (ContextHandler.java:doStart(781)) - Started o.e.j.s.ServletContextHandler@6d6cd1e0{/logs,file:///workdir/hadoop-ozone/integration-test/target/log,AVAILABLE}
2019-08-28 22:29:11,616 [main] INFO  handler.ContextHandler (ContextHandler.java:doStart(781)) - Started o.e.j.s.ServletContextHandler@9785903{/static,jar:file:/home/user/.m2/repository/org/apache/hadoop/hadoop-hdds-container-service/0.5.0-SNAPSHOT/hadoop-hdds-container-service-0.5.0-SNAPSHOT.jar!/webapps/static,AVAILABLE}
2019-08-28 22:29:11,642 [main] INFO  handler.ContextHandler (ContextHandler.java:doStart(781)) - Started o.e.j.w.WebAppContext@7cd5fcf4{/,file:///tmp/jetty-0.0.0.0-39516-hddsDatanode-_-any-6045691025432948143.dir/webapp/,AVAILABLE}{/hddsDatanode}
2019-08-28 22:29:11,643 [main] INFO  server.AbstractConnector (AbstractConnector.java:doStart(278)) - Started ServerConnector@19cdc217{HTTP/1.1,[http/1.1]}{0.0.0.0:39516}
2019-08-28 22:29:11,643 [main] INFO  server.Server (Server.java:doStart(419)) - Started @624754ms
2019-08-28 22:29:11,645 [main] INFO  server.BaseHttpServer (BaseHttpServer.java:updateConnectorAddress(226)) - HTTP server of HDDSDATANODE is listening at http://0.0.0.0:39516
2019-08-28 22:29:11,645 [main] INFO  impl.MetricsSystemImpl (MetricsSystemImpl.java:init(158)) - HddsDatanode metrics system started (again)
2019-08-28 22:29:11,649 [org.apache.hadoop.util.JvmPauseMonitor$Monitor@39de8b32] INFO  util.JvmPauseMonitor (JvmPauseMonitor.java:run(188)) - Starting JVM pause monitor
2019-08-28 22:29:11,649 [main] INFO  ozone.HddsDatanodeService (HddsDatanodeService.java:start(190)) - HddsDatanodeService host:pr-hdds-1909-jt4r9-1943541209 ip:192.168.36.111
2019-08-28 22:29:11,650 [Datanode State Machine Thread - 0] INFO  datanode.InitDatanodeState (InitDatanodeState.java:persistContainerDatanodeDetails(140)) - DatanodeDetails is persisted to /workdir/hadoop-ozone/integration-test/target/test-dir/MiniOzoneClusterImpl-cce2e0e6-0bf2-4ba0-8cd7-9d92f34a1712/datanode-4/meta/datanode.id
2019-08-28 22:29:11,655 [main] INFO  volume.HddsVolume (HddsVolume.java:<init>(176)) - Creating Volume: /workdir/hadoop-ozone/integration-test/target/test-dir/MiniOzoneClusterImpl-cce2e0e6-0bf2-4ba0-8cd7-9d92f34a1712/datanode-5/data/containers/hdds of  storage type : DISK and capacity : 1482555576320
2019-08-28 22:29:11,655 [main] INFO  volume.VolumeSet (VolumeSet.java:initializeVolumeSet(170)) - Added Volume : /workdir/hadoop-ozone/integration-test/target/test-dir/MiniOzoneClusterImpl-cce2e0e6-0bf2-4ba0-8cd7-9d92f34a1712/datanode-5/data/containers/hdds to VolumeSet
2019-08-28 22:29:11,655 [main] INFO  volume.ThrottledAsyncChecker (ThrottledAsyncChecker.java:schedule(140)) - Scheduling a check for org.apache.hadoop.ozone.container.common.volume.HddsVolume@79add732
2019-08-28 22:29:11,656 [main] INFO  volume.HddsVolumeChecker (HddsVolumeChecker.java:checkAllVolumes(203)) - Scheduled health check for volume org.apache.hadoop.ozone.container.common.volume.HddsVolume@79add732
2019-08-28 22:29:11,668 [main] INFO  impl.RaftServerProxy (ConfUtils.java:logGet(43)) - raft.rpc.type = GRPC (default)
2019-08-28 22:29:11,668 [main] INFO  grpc.GrpcFactory (GrpcFactory.java:checkPooledByteBufAllocatorUseCacheForAllThreads(45)) - PERFORMANCE WARNING: useCacheForAllThreads is true that may cause Netty to create a lot garbage objects and, as a result, trigger GC.
	It is recommended to disable useCacheForAllThreads by setting -Dorg.apache.ratis.thirdparty.io.netty.allocator.useCacheForAllThreads=false in command line.
2019-08-28 22:29:11,668 [main] INFO  grpc.GrpcConfigKeys$Server (ConfUtils.java:logGet(43)) - raft.grpc.server.port = 0 (default)
2019-08-28 22:29:11,668 [main] INFO  server.GrpcService (ConfUtils.java:logGet(43)) - raft.grpc.message.size.max = 33570816 (custom)
2019-08-28 22:29:11,669 [main] INFO  server.RaftServerConfigKeys (ConfUtils.java:logGet(43)) - raft.server.log.appender.buffer.byte-limit = 33554432 (custom)
2019-08-28 22:29:11,669 [main] INFO  server.GrpcService (ConfUtils.java:logGet(43)) - raft.grpc.flow.control.window = 1MB (=1048576) (default)
2019-08-28 22:29:11,669 [main] INFO  server.RaftServerConfigKeys (ConfUtils.java:logGet(43)) - raft.server.rpc.request.timeout = 3000ms (default)
2019-08-28 22:29:11,669 [main] INFO  server.RaftServerConfigKeys (ConfUtils.java:logGet(43)) - raft.server.storage.dir = [/workdir/hadoop-ozone/integration-test/target/test-dir/MiniOzoneClusterImpl-cce2e0e6-0bf2-4ba0-8cd7-9d92f34a1712/datanode-5/data/ratis] (custom)
2019-08-28 22:29:11,670 [main] INFO  replication.SimpleContainerDownloader (SimpleContainerDownloader.java:<init>(72)) - Starting container downloader service to copy containers to replicate.
2019-08-28 22:29:11,671 [main] INFO  hdfs.DFSUtil (DFSUtil.java:httpServerTemplateForNNAndJN(1641)) - Starting Web-server for hddsDatanode at: http://0.0.0.0:0
2019-08-28 22:29:11,672 [main] INFO  server.AuthenticationFilter (AuthenticationFilter.java:constructSecretProvider(240)) - Unable to initialize FileSignerSecretProvider, falling back to use random secrets.
2019-08-28 22:29:11,672 [main] WARN  http.HttpRequestLog (HttpRequestLog.java:getRequestLog(97)) - Jetty request log can only be enabled using Log4j
2019-08-28 22:29:11,673 [main] INFO  http.HttpServer2 (HttpServer2.java:addGlobalFilter(975)) - Added global filter 'safety' (class=org.apache.hadoop.http.HttpServer2$QuotingInputFilter)
2019-08-28 22:29:11,674 [main] INFO  http.HttpServer2 (HttpServer2.java:addFilter(948)) - Added filter static_user_filter (class=org.apache.hadoop.http.lib.StaticUserWebFilter$StaticUserFilter) to context hddsDatanode
2019-08-28 22:29:11,674 [main] INFO  http.HttpServer2 (HttpServer2.java:addFilter(958)) - Added filter static_user_filter (class=org.apache.hadoop.http.lib.StaticUserWebFilter$StaticUserFilter) to context static
2019-08-28 22:29:11,674 [main] INFO  http.HttpServer2 (HttpServer2.java:addFilter(958)) - Added filter static_user_filter (class=org.apache.hadoop.http.lib.StaticUserWebFilter$StaticUserFilter) to context logs
2019-08-28 22:29:11,674 [main] INFO  http.HttpServer2 (HttpServer2.java:bindListener(1191)) - Jetty bound to port 38803
2019-08-28 22:29:11,675 [main] INFO  server.Server (Server.java:doStart(351)) - jetty-9.3.24.v20180605, build timestamp: 2018-06-05T17:11:56Z, git hash: 84205aa28f11a4f31f2a3b86d1bba2cc8ab69827
2019-08-28 22:29:11,676 [main] INFO  handler.ContextHandler (ContextHandler.java:doStart(781)) - Started o.e.j.s.ServletContextHandler@798cf6d2{/logs,file:///workdir/hadoop-ozone/integration-test/target/log,AVAILABLE}
2019-08-28 22:29:11,676 [main] INFO  handler.ContextHandler (ContextHandler.java:doStart(781)) - Started o.e.j.s.ServletContextHandler@77c66a4f{/static,jar:file:/home/user/.m2/repository/org/apache/hadoop/hadoop-hdds-container-service/0.5.0-SNAPSHOT/hadoop-hdds-container-service-0.5.0-SNAPSHOT.jar!/webapps/static,AVAILABLE}
2019-08-28 22:29:11,703 [main] INFO  handler.ContextHandler (ContextHandler.java:doStart(781)) - Started o.e.j.w.WebAppContext@4b93dd6a{/,file:///tmp/jetty-0.0.0.0-38803-hddsDatanode-_-any-7250628699804903110.dir/webapp/,AVAILABLE}{/hddsDatanode}
2019-08-28 22:29:11,703 [main] INFO  server.AbstractConnector (AbstractConnector.java:doStart(278)) - Started ServerConnector@582a3b19{HTTP/1.1,[http/1.1]}{0.0.0.0:38803}
2019-08-28 22:29:11,705 [main] INFO  server.Server (Server.java:doStart(419)) - Started @624816ms
2019-08-28 22:29:11,705 [main] INFO  server.BaseHttpServer (BaseHttpServer.java:updateConnectorAddress(226)) - HTTP server of HDDSDATANODE is listening at http://0.0.0.0:38803
2019-08-28 22:29:11,705 [main] INFO  impl.MetricsSystemImpl (MetricsSystemImpl.java:init(158)) - HddsDatanode metrics system started (again)
2019-08-28 22:29:11,709 [org.apache.hadoop.util.JvmPauseMonitor$Monitor@6dfa7eeb] INFO  util.JvmPauseMonitor (JvmPauseMonitor.java:run(188)) - Starting JVM pause monitor
2019-08-28 22:29:11,709 [main] INFO  ozone.HddsDatanodeService (HddsDatanodeService.java:start(190)) - HddsDatanodeService host:pr-hdds-1909-jt4r9-1943541209 ip:192.168.36.111
2019-08-28 22:29:11,711 [Datanode State Machine Thread - 0] INFO  datanode.InitDatanodeState (InitDatanodeState.java:persistContainerDatanodeDetails(140)) - DatanodeDetails is persisted to /workdir/hadoop-ozone/integration-test/target/test-dir/MiniOzoneClusterImpl-cce2e0e6-0bf2-4ba0-8cd7-9d92f34a1712/datanode-5/meta/datanode.id
2019-08-28 22:29:11,716 [main] INFO  volume.HddsVolume (HddsVolume.java:<init>(176)) - Creating Volume: /workdir/hadoop-ozone/integration-test/target/test-dir/MiniOzoneClusterImpl-cce2e0e6-0bf2-4ba0-8cd7-9d92f34a1712/datanode-6/data/containers/hdds of  storage type : DISK and capacity : 1482555576320
2019-08-28 22:29:11,716 [main] INFO  volume.VolumeSet (VolumeSet.java:initializeVolumeSet(170)) - Added Volume : /workdir/hadoop-ozone/integration-test/target/test-dir/MiniOzoneClusterImpl-cce2e0e6-0bf2-4ba0-8cd7-9d92f34a1712/datanode-6/data/containers/hdds to VolumeSet
2019-08-28 22:29:11,717 [main] INFO  volume.ThrottledAsyncChecker (ThrottledAsyncChecker.java:schedule(140)) - Scheduling a check for org.apache.hadoop.ozone.container.common.volume.HddsVolume@2becfd4c
2019-08-28 22:29:11,717 [main] INFO  volume.HddsVolumeChecker (HddsVolumeChecker.java:checkAllVolumes(203)) - Scheduled health check for volume org.apache.hadoop.ozone.container.common.volume.HddsVolume@2becfd4c
2019-08-28 22:29:11,730 [main] INFO  impl.RaftServerProxy (ConfUtils.java:logGet(43)) - raft.rpc.type = GRPC (default)
2019-08-28 22:29:11,730 [main] INFO  grpc.GrpcFactory (GrpcFactory.java:checkPooledByteBufAllocatorUseCacheForAllThreads(45)) - PERFORMANCE WARNING: useCacheForAllThreads is true that may cause Netty to create a lot garbage objects and, as a result, trigger GC.
	It is recommended to disable useCacheForAllThreads by setting -Dorg.apache.ratis.thirdparty.io.netty.allocator.useCacheForAllThreads=false in command line.
2019-08-28 22:29:11,730 [main] INFO  grpc.GrpcConfigKeys$Server (ConfUtils.java:logGet(43)) - raft.grpc.server.port = 0 (default)
2019-08-28 22:29:11,730 [main] INFO  server.GrpcService (ConfUtils.java:logGet(43)) - raft.grpc.message.size.max = 33570816 (custom)
2019-08-28 22:29:11,731 [main] INFO  server.RaftServerConfigKeys (ConfUtils.java:logGet(43)) - raft.server.log.appender.buffer.byte-limit = 33554432 (custom)
2019-08-28 22:29:11,731 [main] INFO  server.GrpcService (ConfUtils.java:logGet(43)) - raft.grpc.flow.control.window = 1MB (=1048576) (default)
2019-08-28 22:29:11,731 [main] INFO  server.RaftServerConfigKeys (ConfUtils.java:logGet(43)) - raft.server.rpc.request.timeout = 3000ms (default)
2019-08-28 22:29:11,731 [main] INFO  server.RaftServerConfigKeys (ConfUtils.java:logGet(43)) - raft.server.storage.dir = [/workdir/hadoop-ozone/integration-test/target/test-dir/MiniOzoneClusterImpl-cce2e0e6-0bf2-4ba0-8cd7-9d92f34a1712/datanode-6/data/ratis] (custom)
2019-08-28 22:29:11,732 [main] INFO  replication.SimpleContainerDownloader (SimpleContainerDownloader.java:<init>(72)) - Starting container downloader service to copy containers to replicate.
2019-08-28 22:29:11,733 [main] INFO  hdfs.DFSUtil (DFSUtil.java:httpServerTemplateForNNAndJN(1641)) - Starting Web-server for hddsDatanode at: http://0.0.0.0:0
2019-08-28 22:29:11,734 [main] INFO  server.AuthenticationFilter (AuthenticationFilter.java:constructSecretProvider(240)) - Unable to initialize FileSignerSecretProvider, falling back to use random secrets.
2019-08-28 22:29:11,734 [main] WARN  http.HttpRequestLog (HttpRequestLog.java:getRequestLog(97)) - Jetty request log can only be enabled using Log4j
2019-08-28 22:29:11,735 [main] INFO  http.HttpServer2 (HttpServer2.java:addGlobalFilter(975)) - Added global filter 'safety' (class=org.apache.hadoop.http.HttpServer2$QuotingInputFilter)
2019-08-28 22:29:11,736 [main] INFO  http.HttpServer2 (HttpServer2.java:addFilter(948)) - Added filter static_user_filter (class=org.apache.hadoop.http.lib.StaticUserWebFilter$StaticUserFilter) to context hddsDatanode
2019-08-28 22:29:11,736 [main] INFO  http.HttpServer2 (HttpServer2.java:addFilter(958)) - Added filter static_user_filter (class=org.apache.hadoop.http.lib.StaticUserWebFilter$StaticUserFilter) to context static
2019-08-28 22:29:11,736 [main] INFO  http.HttpServer2 (HttpServer2.java:addFilter(958)) - Added filter static_user_filter (class=org.apache.hadoop.http.lib.StaticUserWebFilter$StaticUserFilter) to context logs
2019-08-28 22:29:11,737 [main] INFO  http.HttpServer2 (HttpServer2.java:bindListener(1191)) - Jetty bound to port 46244
2019-08-28 22:29:11,737 [main] INFO  server.Server (Server.java:doStart(351)) - jetty-9.3.24.v20180605, build timestamp: 2018-06-05T17:11:56Z, git hash: 84205aa28f11a4f31f2a3b86d1bba2cc8ab69827
2019-08-28 22:29:11,738 [main] INFO  handler.ContextHandler (ContextHandler.java:doStart(781)) - Started o.e.j.s.ServletContextHandler@79be91eb{/logs,file:///workdir/hadoop-ozone/integration-test/target/log,AVAILABLE}
2019-08-28 22:29:11,738 [main] INFO  handler.ContextHandler (ContextHandler.java:doStart(781)) - Started o.e.j.s.ServletContextHandler@684ce74c{/static,jar:file:/home/user/.m2/repository/org/apache/hadoop/hadoop-hdds-container-service/0.5.0-SNAPSHOT/hadoop-hdds-container-service-0.5.0-SNAPSHOT.jar!/webapps/static,AVAILABLE}
2019-08-28 22:29:11,770 [main] INFO  handler.ContextHandler (ContextHandler.java:doStart(781)) - Started o.e.j.w.WebAppContext@359ceb13{/,file:///tmp/jetty-0.0.0.0-46244-hddsDatanode-_-any-2131452092545636022.dir/webapp/,AVAILABLE}{/hddsDatanode}
2019-08-28 22:29:11,770 [main] INFO  server.AbstractConnector (AbstractConnector.java:doStart(278)) - Started ServerConnector@1068176{HTTP/1.1,[http/1.1]}{0.0.0.0:46244}
2019-08-28 22:29:11,770 [main] INFO  server.Server (Server.java:doStart(419)) - Started @624882ms
2019-08-28 22:29:11,782 [main] INFO  server.BaseHttpServer (BaseHttpServer.java:updateConnectorAddress(226)) - HTTP server of HDDSDATANODE is listening at http://0.0.0.0:46244
2019-08-28 22:29:11,782 [main] INFO  ozone.MiniOzoneClusterImpl (MiniOzoneClusterImpl.java:lambda$waitForClusterToBeReady$0(140)) - Waiting for cluster to be ready. Got 0 of 7 DN Heartbeats.
2019-08-28 22:29:11,784 [org.apache.hadoop.util.JvmPauseMonitor$Monitor@4f3c331e] INFO  util.JvmPauseMonitor (JvmPauseMonitor.java:run(188)) - Starting JVM pause monitor
2019-08-28 22:29:11,786 [Datanode State Machine Thread - 0] INFO  datanode.InitDatanodeState (InitDatanodeState.java:persistContainerDatanodeDetails(140)) - DatanodeDetails is persisted to /workdir/hadoop-ozone/integration-test/target/test-dir/MiniOzoneClusterImpl-cce2e0e6-0bf2-4ba0-8cd7-9d92f34a1712/datanode-6/meta/datanode.id
2019-08-28 22:29:12,783 [main] INFO  ozone.MiniOzoneClusterImpl (MiniOzoneClusterImpl.java:lambda$waitForClusterToBeReady$0(140)) - Waiting for cluster to be ready. Got 0 of 7 DN Heartbeats.
2019-08-28 22:29:13,407 | INFO  | SCMAudit | user=jenkins1000 | ip=192.168.36.111 | op=GET_VERSION null | ret=SUCCESS |  
2019-08-28 22:29:13,454 [Datanode State Machine Thread - 0] INFO  ozoneimpl.OzoneContainer (OzoneContainer.java:start(201)) - Attempting to start container services.
2019-08-28 22:29:13,454 [Datanode State Machine Thread - 0] INFO  ozoneimpl.OzoneContainer (OzoneContainer.java:startContainerScrub(175)) - Background container scrubber has been disabled by hdds.containerscrub.enabled
2019-08-28 22:29:13,454 [Datanode State Machine Thread - 0] INFO  ratis.XceiverServerRatis (XceiverServerRatis.java:start(393)) - Starting XceiverServerRatis da6bcafd-dc39-4560-8552-9102a185bf89 at port 0
2019-08-28 22:29:13,464 | INFO  | SCMAudit | user=jenkins1000 | ip=192.168.36.111 | op=GET_VERSION null | ret=SUCCESS |  
2019-08-28 22:29:13,466 [Datanode State Machine Thread - 0] INFO  impl.RaftServerProxy (RaftServerProxy.java:lambda$start$3(299)) - da6bcafd-dc39-4560-8552-9102a185bf89: start RPC server
2019-08-28 22:29:13,468 [Datanode State Machine Thread - 0] INFO  server.GrpcService (GrpcService.java:startImpl(149)) - da6bcafd-dc39-4560-8552-9102a185bf89: GrpcService started, listening on 0.0.0.0/0.0.0.0:45969
2019-08-28 22:29:13,469 [Datanode State Machine Thread - 0] INFO  ratis.XceiverServerRatis (XceiverServerRatis.java:start(403)) - XceiverServerRatis da6bcafd-dc39-4560-8552-9102a185bf89 is started using port 45969
2019-08-28 22:29:13,469 [Datanode State Machine Thread - 0] INFO  server.XceiverServerGrpc (XceiverServerGrpc.java:start(163)) - XceiverServerGrpc da6bcafd-dc39-4560-8552-9102a185bf89 is started using port 33230
2019-08-28 22:29:13,490 [Datanode State Machine Thread - 0] INFO  ozoneimpl.OzoneContainer (OzoneContainer.java:start(201)) - Attempting to start container services.
2019-08-28 22:29:13,490 [Datanode State Machine Thread - 0] INFO  ozoneimpl.OzoneContainer (OzoneContainer.java:startContainerScrub(175)) - Background container scrubber has been disabled by hdds.containerscrub.enabled
2019-08-28 22:29:13,490 [Datanode State Machine Thread - 0] INFO  ratis.XceiverServerRatis (XceiverServerRatis.java:start(393)) - Starting XceiverServerRatis 97096794-4d10-4cd1-9679-c7a18a289ffb at port 0
2019-08-28 22:29:13,499 [Datanode State Machine Thread - 0] INFO  impl.RaftServerProxy (RaftServerProxy.java:lambda$start$3(299)) - 97096794-4d10-4cd1-9679-c7a18a289ffb: start RPC server
2019-08-28 22:29:13,501 [Datanode State Machine Thread - 0] INFO  server.GrpcService (GrpcService.java:startImpl(149)) - 97096794-4d10-4cd1-9679-c7a18a289ffb: GrpcService started, listening on 0.0.0.0/0.0.0.0:36537
2019-08-28 22:29:13,501 [Datanode State Machine Thread - 0] INFO  ratis.XceiverServerRatis (XceiverServerRatis.java:start(403)) - XceiverServerRatis 97096794-4d10-4cd1-9679-c7a18a289ffb is started using port 36537
2019-08-28 22:29:13,503 [Datanode State Machine Thread - 0] INFO  server.XceiverServerGrpc (XceiverServerGrpc.java:start(163)) - XceiverServerGrpc 97096794-4d10-4cd1-9679-c7a18a289ffb is started using port 41078
2019-08-28 22:29:13,528 | INFO  | SCMAudit | user=jenkins1000 | ip=192.168.36.111 | op=GET_VERSION null | ret=SUCCESS |  
2019-08-28 22:29:13,551 [Datanode State Machine Thread - 0] INFO  ozoneimpl.OzoneContainer (OzoneContainer.java:start(201)) - Attempting to start container services.
2019-08-28 22:29:13,551 [Datanode State Machine Thread - 0] INFO  ozoneimpl.OzoneContainer (OzoneContainer.java:startContainerScrub(175)) - Background container scrubber has been disabled by hdds.containerscrub.enabled
2019-08-28 22:29:13,551 [Datanode State Machine Thread - 0] INFO  ratis.XceiverServerRatis (XceiverServerRatis.java:start(393)) - Starting XceiverServerRatis 78b24124-d29f-47d5-a706-e456f105062d at port 0
2019-08-28 22:29:13,559 [Datanode State Machine Thread - 0] INFO  impl.RaftServerProxy (RaftServerProxy.java:lambda$start$3(299)) - 78b24124-d29f-47d5-a706-e456f105062d: start RPC server
2019-08-28 22:29:13,560 [Datanode State Machine Thread - 0] INFO  server.GrpcService (GrpcService.java:startImpl(149)) - 78b24124-d29f-47d5-a706-e456f105062d: GrpcService started, listening on 0.0.0.0/0.0.0.0:33087
2019-08-28 22:29:13,561 [Datanode State Machine Thread - 0] INFO  ratis.XceiverServerRatis (XceiverServerRatis.java:start(403)) - XceiverServerRatis 78b24124-d29f-47d5-a706-e456f105062d is started using port 33087
2019-08-28 22:29:13,561 [Datanode State Machine Thread - 0] INFO  server.XceiverServerGrpc (XceiverServerGrpc.java:start(163)) - XceiverServerGrpc 78b24124-d29f-47d5-a706-e456f105062d is started using port 36813
2019-08-28 22:29:13,589 | INFO  | SCMAudit | user=jenkins1000 | ip=192.168.36.111 | op=GET_VERSION null | ret=SUCCESS |  
2019-08-28 22:29:13,613 [Datanode State Machine Thread - 0] INFO  ozoneimpl.OzoneContainer (OzoneContainer.java:start(201)) - Attempting to start container services.
2019-08-28 22:29:13,613 [Datanode State Machine Thread - 0] INFO  ozoneimpl.OzoneContainer (OzoneContainer.java:startContainerScrub(175)) - Background container scrubber has been disabled by hdds.containerscrub.enabled
2019-08-28 22:29:13,613 [Datanode State Machine Thread - 0] INFO  ratis.XceiverServerRatis (XceiverServerRatis.java:start(393)) - Starting XceiverServerRatis e661242e-7c31-4a11-b0a8-eee9611e009e at port 0
2019-08-28 22:29:13,621 [Datanode State Machine Thread - 0] INFO  impl.RaftServerProxy (RaftServerProxy.java:lambda$start$3(299)) - e661242e-7c31-4a11-b0a8-eee9611e009e: start RPC server
2019-08-28 22:29:13,622 [Datanode State Machine Thread - 0] INFO  server.GrpcService (GrpcService.java:startImpl(149)) - e661242e-7c31-4a11-b0a8-eee9611e009e: GrpcService started, listening on 0.0.0.0/0.0.0.0:32931
2019-08-28 22:29:13,622 [Datanode State Machine Thread - 0] INFO  ratis.XceiverServerRatis (XceiverServerRatis.java:start(403)) - XceiverServerRatis e661242e-7c31-4a11-b0a8-eee9611e009e is started using port 32931
2019-08-28 22:29:13,623 [Datanode State Machine Thread - 0] INFO  server.XceiverServerGrpc (XceiverServerGrpc.java:start(163)) - XceiverServerGrpc e661242e-7c31-4a11-b0a8-eee9611e009e is started using port 39492
2019-08-28 22:29:13,650 | INFO  | SCMAudit | user=jenkins1000 | ip=192.168.36.111 | op=GET_VERSION null | ret=SUCCESS |  
2019-08-28 22:29:13,674 [Datanode State Machine Thread - 0] INFO  ozoneimpl.OzoneContainer (OzoneContainer.java:start(201)) - Attempting to start container services.
2019-08-28 22:29:13,675 [Datanode State Machine Thread - 0] INFO  ozoneimpl.OzoneContainer (OzoneContainer.java:startContainerScrub(175)) - Background container scrubber has been disabled by hdds.containerscrub.enabled
2019-08-28 22:29:13,675 [Datanode State Machine Thread - 0] INFO  ratis.XceiverServerRatis (XceiverServerRatis.java:start(393)) - Starting XceiverServerRatis abdbdc2e-95e2-4fe0-a869-d51025a8c9fe at port 0
2019-08-28 22:29:13,683 [Datanode State Machine Thread - 0] INFO  impl.RaftServerProxy (RaftServerProxy.java:lambda$start$3(299)) - abdbdc2e-95e2-4fe0-a869-d51025a8c9fe: start RPC server
2019-08-28 22:29:13,687 [Datanode State Machine Thread - 0] INFO  server.GrpcService (GrpcService.java:startImpl(149)) - abdbdc2e-95e2-4fe0-a869-d51025a8c9fe: GrpcService started, listening on 0.0.0.0/0.0.0.0:43325
2019-08-28 22:29:13,687 [Datanode State Machine Thread - 0] INFO  ratis.XceiverServerRatis (XceiverServerRatis.java:start(403)) - XceiverServerRatis abdbdc2e-95e2-4fe0-a869-d51025a8c9fe is started using port 43325
2019-08-28 22:29:13,689 [Datanode State Machine Thread - 0] INFO  server.XceiverServerGrpc (XceiverServerGrpc.java:start(163)) - XceiverServerGrpc abdbdc2e-95e2-4fe0-a869-d51025a8c9fe is started using port 42619
2019-08-28 22:29:13,710 | INFO  | SCMAudit | user=jenkins1000 | ip=192.168.36.111 | op=GET_VERSION null | ret=SUCCESS |  
2019-08-28 22:29:13,735 [Datanode State Machine Thread - 0] INFO  ozoneimpl.OzoneContainer (OzoneContainer.java:start(201)) - Attempting to start container services.
2019-08-28 22:29:13,735 [Datanode State Machine Thread - 0] INFO  ozoneimpl.OzoneContainer (OzoneContainer.java:startContainerScrub(175)) - Background container scrubber has been disabled by hdds.containerscrub.enabled
2019-08-28 22:29:13,735 [Datanode State Machine Thread - 0] INFO  ratis.XceiverServerRatis (XceiverServerRatis.java:start(393)) - Starting XceiverServerRatis 78712fcb-d0e6-4972-b983-ece35dfef904 at port 0
2019-08-28 22:29:13,744 [Datanode State Machine Thread - 0] INFO  impl.RaftServerProxy (RaftServerProxy.java:lambda$start$3(299)) - 78712fcb-d0e6-4972-b983-ece35dfef904: start RPC server
2019-08-28 22:29:13,758 [Datanode State Machine Thread - 0] INFO  server.GrpcService (GrpcService.java:startImpl(149)) - 78712fcb-d0e6-4972-b983-ece35dfef904: GrpcService started, listening on 0.0.0.0/0.0.0.0:41835
2019-08-28 22:29:13,759 [Datanode State Machine Thread - 0] INFO  ratis.XceiverServerRatis (XceiverServerRatis.java:start(403)) - XceiverServerRatis 78712fcb-d0e6-4972-b983-ece35dfef904 is started using port 41835
2019-08-28 22:29:13,759 [Datanode State Machine Thread - 0] INFO  server.XceiverServerGrpc (XceiverServerGrpc.java:start(163)) - XceiverServerGrpc 78712fcb-d0e6-4972-b983-ece35dfef904 is started using port 35807
2019-08-28 22:29:13,783 [main] INFO  ozone.MiniOzoneClusterImpl (MiniOzoneClusterImpl.java:lambda$waitForClusterToBeReady$0(140)) - Waiting for cluster to be ready. Got 0 of 7 DN Heartbeats.
2019-08-28 22:29:13,785 | INFO  | SCMAudit | user=jenkins1000 | ip=192.168.36.111 | op=GET_VERSION null | ret=SUCCESS |  
2019-08-28 22:29:13,808 [Datanode State Machine Thread - 0] INFO  ozoneimpl.OzoneContainer (OzoneContainer.java:start(201)) - Attempting to start container services.
2019-08-28 22:29:13,808 [Datanode State Machine Thread - 0] INFO  ozoneimpl.OzoneContainer (OzoneContainer.java:startContainerScrub(175)) - Background container scrubber has been disabled by hdds.containerscrub.enabled
2019-08-28 22:29:13,808 [Datanode State Machine Thread - 0] INFO  ratis.XceiverServerRatis (XceiverServerRatis.java:start(393)) - Starting XceiverServerRatis e74f9000-1f49-4295-bac2-6bdfe4b05d98 at port 0
2019-08-28 22:29:13,816 [Datanode State Machine Thread - 0] INFO  impl.RaftServerProxy (RaftServerProxy.java:lambda$start$3(299)) - e74f9000-1f49-4295-bac2-6bdfe4b05d98: start RPC server
2019-08-28 22:29:13,822 [Datanode State Machine Thread - 0] INFO  server.GrpcService (GrpcService.java:startImpl(149)) - e74f9000-1f49-4295-bac2-6bdfe4b05d98: GrpcService started, listening on 0.0.0.0/0.0.0.0:44226
2019-08-28 22:29:13,822 [Datanode State Machine Thread - 0] INFO  ratis.XceiverServerRatis (XceiverServerRatis.java:start(403)) - XceiverServerRatis e74f9000-1f49-4295-bac2-6bdfe4b05d98 is started using port 44226
2019-08-28 22:29:13,822 [Datanode State Machine Thread - 0] INFO  server.XceiverServerGrpc (XceiverServerGrpc.java:start(163)) - XceiverServerGrpc e74f9000-1f49-4295-bac2-6bdfe4b05d98 is started using port 45770
2019-08-28 22:29:14,784 [main] INFO  ozone.MiniOzoneClusterImpl (MiniOzoneClusterImpl.java:lambda$waitForClusterToBeReady$0(140)) - Waiting for cluster to be ready. Got 0 of 7 DN Heartbeats.
2019-08-28 22:29:15,408 [IPC Server handler 0 on 33388] INFO  net.NetworkTopology (NetworkTopologyImpl.java:add(110)) - Added a new node: /default-rack/da6bcafd-dc39-4560-8552-9102a185bf89
2019-08-28 22:29:15,410 [IPC Server handler 0 on 33388] INFO  node.SCMNodeManager (SCMNodeManager.java:register(273)) - Registered Data node : da6bcafd-dc39-4560-8552-9102a185bf89{ip: 192.168.36.111, host: pr-hdds-1909-jt4r9-1943541209, networkLocation: /default-rack, certSerialId: null}
2019-08-28 22:29:15,411 [EventQueue-NodeRegistrationContainerReportForDataNodeSafeModeRule] INFO  safemode.SCMSafeModeManager (DataNodeSafeModeRule.java:process(71)) - SCM in safe mode. 1 DataNodes registered, 1 required.
2019-08-28 22:29:15,412 | INFO  | SCMAudit | user=jenkins1000 | ip=192.168.36.111 | op=REGISTER {datanodeDetails=da6bcafd-dc39-4560-8552-9102a185bf89{ip: 192.168.36.111, host: pr-hdds-1909-jt4r9-1943541209, networkLocation: /default-rack, certSerialId: null}} | ret=SUCCESS |  
2019-08-28 22:29:15,414 [EventQueue-NodeRegistrationContainerReportForContainerSafeModeRule] INFO  safemode.SCMSafeModeManager (SCMSafeModeManager.java:validateSafeModeExitRules(177)) - ScmSafeModeManager, all rules are successfully validated
2019-08-28 22:29:15,414 [EventQueue-NodeRegistrationContainerReportForContainerSafeModeRule] INFO  safemode.SCMSafeModeManager (SCMSafeModeManager.java:exitSafeMode(193)) - SCM exiting safe mode.
2019-08-28 22:29:15,426 [grpc-default-executor-9] INFO  impl.RaftServerProxy (RaftServerProxy.java:addNew(89)) - da6bcafd-dc39-4560-8552-9102a185bf89: addNew group-E8949D3932ED:[da6bcafd-dc39-4560-8552-9102a185bf89:192.168.36.111:45969] returns group-E8949D3932ED:java.util.concurrent.CompletableFuture@15d8c21b[Not completed]
2019-08-28 22:29:15,428 [pool-439-thread-1] INFO  impl.RaftServerImpl (RaftServerImpl.java:<init>(93)) - da6bcafd-dc39-4560-8552-9102a185bf89: new RaftServerImpl for group-E8949D3932ED:[da6bcafd-dc39-4560-8552-9102a185bf89:192.168.36.111:45969] with ContainerStateMachine:uninitialized
2019-08-28 22:29:15,428 [pool-439-thread-1] INFO  server.RaftServerConfigKeys (ConfUtils.java:logGet(43)) - raft.server.rpc.timeout.min = 5s (custom)
2019-08-28 22:29:15,428 [pool-439-thread-1] INFO  server.RaftServerConfigKeys (ConfUtils.java:logGet(43)) - raft.server.rpc.timeout.max = 5200ms (custom)
2019-08-28 22:29:15,429 [pool-439-thread-1] INFO  server.RaftServerConfigKeys (ConfUtils.java:logGet(43)) - raft.server.rpcslowness.timeout = 120s (custom)
2019-08-28 22:29:15,429 [pool-439-thread-1] INFO  server.RaftServerConfigKeys (ConfUtils.java:logGet(43)) - raft.server.sleep.deviation.threshold = 300 (default)
2019-08-28 22:29:15,429 [pool-439-thread-1] INFO  server.RaftServerConfigKeys (ConfUtils.java:logGet(43)) - raft.server.log.appender.install.snapshot.enabled = false (custom)
2019-08-28 22:29:15,429 [pool-439-thread-1] INFO  impl.RaftServerImpl (ServerState.java:<init>(105)) - da6bcafd-dc39-4560-8552-9102a185bf89:group-E8949D3932ED ConfigurationManager, init=-1: [da6bcafd-dc39-4560-8552-9102a185bf89:192.168.36.111:45969], old=null, confs=<EMPTY_MAP>
2019-08-28 22:29:15,429 [pool-439-thread-1] INFO  server.RaftServerConfigKeys (ConfUtils.java:logGet(43)) - raft.server.storage.dir = [/workdir/hadoop-ozone/integration-test/target/test-dir/MiniOzoneClusterImpl-cce2e0e6-0bf2-4ba0-8cd7-9d92f34a1712/datanode-0/data/ratis] (custom)
2019-08-28 22:29:15,430 [pool-439-thread-1] INFO  storage.RaftStorageDirectory (RaftStorageDirectory.java:analyzeStorage(246)) - The storage directory /workdir/hadoop-ozone/integration-test/target/test-dir/MiniOzoneClusterImpl-cce2e0e6-0bf2-4ba0-8cd7-9d92f34a1712/datanode-0/data/ratis/6c9a547a-8f7a-4fbb-815b-e8949d3932ed does not exist. Creating ...
2019-08-28 22:29:15,464 [IPC Server handler 1 on 33388] INFO  net.NetworkTopology (NetworkTopologyImpl.java:add(110)) - Added a new node: /default-rack/97096794-4d10-4cd1-9679-c7a18a289ffb
2019-08-28 22:29:15,464 [IPC Server handler 1 on 33388] INFO  node.SCMNodeManager (SCMNodeManager.java:register(273)) - Registered Data node : 97096794-4d10-4cd1-9679-c7a18a289ffb{ip: 192.168.36.111, host: pr-hdds-1909-jt4r9-1943541209, networkLocation: /default-rack, certSerialId: null}
2019-08-28 22:29:15,464 | INFO  | SCMAudit | user=jenkins1000 | ip=192.168.36.111 | op=REGISTER {datanodeDetails=97096794-4d10-4cd1-9679-c7a18a289ffb{ip: 192.168.36.111, host: pr-hdds-1909-jt4r9-1943541209, networkLocation: /default-rack, certSerialId: null}} | ret=SUCCESS |  
2019-08-28 22:29:15,471 [pool-439-thread-1] INFO  storage.RaftStorageDirectory (RaftStorageDirectory.java:tryLock(328)) - Lock on /workdir/hadoop-ozone/integration-test/target/test-dir/MiniOzoneClusterImpl-cce2e0e6-0bf2-4ba0-8cd7-9d92f34a1712/datanode-0/data/ratis/6c9a547a-8f7a-4fbb-815b-e8949d3932ed/in_use.lock acquired by nodename 22983@pr-hdds-1909-jt4r9-1943541209
2019-08-28 22:29:15,496 [pool-439-thread-1] INFO  storage.RaftStorage (RaftStorage.java:format(72)) - Storage directory /workdir/hadoop-ozone/integration-test/target/test-dir/MiniOzoneClusterImpl-cce2e0e6-0bf2-4ba0-8cd7-9d92f34a1712/datanode-0/data/ratis/6c9a547a-8f7a-4fbb-815b-e8949d3932ed has been successfully formatted.
2019-08-28 22:29:15,497 [pool-439-thread-1] INFO  ratis.ContainerStateMachine (ContainerStateMachine.java:loadSnapshot(227)) - group-E8949D3932ED: The snapshot info is null. Setting the last applied indexto:(t:0, i:~)
2019-08-28 22:29:15,497 [pool-439-thread-1] INFO  server.RaftServerConfigKeys (ConfUtils.java:logGet(43)) - raft.server.leader.election.timeout = 120s (custom)
2019-08-28 22:29:15,497 [pool-439-thread-1] INFO  server.RaftServerConfigKeys (ConfUtils.java:logGet(43)) - raft.server.log.use.memory = false (default)
2019-08-28 22:29:15,497 [pool-439-thread-1] INFO  server.RaftServerConfigKeys (ConfUtils.java:logGet(43)) - raft.server.log.purge.gap = 1000000 (custom)
2019-08-28 22:29:15,498 [pool-439-thread-1] INFO  server.RaftServerConfigKeys (ConfUtils.java:logGet(43)) - raft.server.log.appender.buffer.byte-limit = 33554432 (custom)
2019-08-28 22:29:15,498 [pool-439-thread-1] INFO  server.RaftServerConfigKeys (ConfUtils.java:logGet(43)) - raft.server.log.segment.size.max = 1048576 (custom)
2019-08-28 22:29:15,498 [pool-439-thread-1] INFO  server.RaftServerConfigKeys (ConfUtils.java:logGet(43)) - raft.server.log.segment.cache.num.max = 2 (custom)
2019-08-28 22:29:15,498 [pool-439-thread-1] INFO  segmented.SegmentedRaftLogWorker (SegmentedRaftLogWorker.java:<init>(172)) - new da6bcafd-dc39-4560-8552-9102a185bf89-SegmentedRaftLogWorker:Storage Directory /workdir/hadoop-ozone/integration-test/target/test-dir/MiniOzoneClusterImpl-cce2e0e6-0bf2-4ba0-8cd7-9d92f34a1712/datanode-0/data/ratis/6c9a547a-8f7a-4fbb-815b-e8949d3932ed for RaftStorage:Storage Directory /workdir/hadoop-ozone/integration-test/target/test-dir/MiniOzoneClusterImpl-cce2e0e6-0bf2-4ba0-8cd7-9d92f34a1712/datanode-0/data/ratis/6c9a547a-8f7a-4fbb-815b-e8949d3932ed
2019-08-28 22:29:15,498 [pool-439-thread-1] INFO  server.RaftServerConfigKeys (ConfUtils.java:logGet(43)) - raft.server.log.queue.byte-limit = 2147483647 (custom)
2019-08-28 22:29:15,499 [pool-439-thread-1] INFO  server.RaftServerConfigKeys (ConfUtils.java:logGet(43)) - raft.server.log.queue.element-limit = 1024 (custom)
2019-08-28 22:29:15,499 [pool-439-thread-1] INFO  server.RaftServerConfigKeys (ConfUtils.java:logGet(43)) - raft.server.log.segment.size.max = 1048576 (custom)
2019-08-28 22:29:15,499 [pool-439-thread-1] INFO  server.RaftServerConfigKeys (ConfUtils.java:logGet(43)) - raft.server.log.preallocated.size = 16384 (custom)
2019-08-28 22:29:15,499 [pool-439-thread-1] INFO  server.RaftServerConfigKeys (ConfUtils.java:logGet(43)) - raft.server.log.write.buffer.size = 33554432 (custom)
2019-08-28 22:29:15,500 [pool-439-thread-1] INFO  server.RaftServerConfigKeys (ConfUtils.java:logGet(43)) - raft.server.log.force.sync.num = 128 (default)
2019-08-28 22:29:15,500 [pool-439-thread-1] INFO  server.RaftServerConfigKeys (ConfUtils.java:logGet(43)) - raft.server.log.statemachine.data.sync = true (default)
2019-08-28 22:29:15,500 [pool-439-thread-1] INFO  server.RaftServerConfigKeys (ConfUtils.java:logGet(43)) - raft.server.log.statemachine.data.sync.timeout = 10s (default)
2019-08-28 22:29:15,500 [pool-439-thread-1] INFO  server.RaftServerConfigKeys (ConfUtils.java:logGet(43)) - raft.server.log.statemachine.data.sync.timeout.retry = -1 (default)
2019-08-28 22:29:15,500 [pool-439-thread-1] INFO  server.RaftServerConfigKeys (ConfUtils.java:logGet(43)) - raft.server.log.statemachine.data.caching.enabled = true (custom)
2019-08-28 22:29:15,501 [pool-439-thread-1] INFO  segmented.SegmentedRaftLogWorker (SegmentedRaftLogWorker.java:lambda$new$0(132)) - da6bcafd-dc39-4560-8552-9102a185bf89-SegmentedRaftLogWorker:Storage Directory /workdir/hadoop-ozone/integration-test/target/test-dir/MiniOzoneClusterImpl-cce2e0e6-0bf2-4ba0-8cd7-9d92f34a1712/datanode-0/data/ratis/6c9a547a-8f7a-4fbb-815b-e8949d3932ed: flushIndex: setUnconditionally 0 -> -1
2019-08-28 22:29:15,501 [pool-439-thread-1] INFO  server.RaftServerConfigKeys (ConfUtils.java:logGet(43)) - raft.server.snapshot.auto.trigger.enabled = true (custom)
2019-08-28 22:29:15,501 [pool-439-thread-1] INFO  server.RaftServerConfigKeys (ConfUtils.java:logGet(43)) - raft.server.snapshot.auto.trigger.threshold = 10000 (custom)
2019-08-28 22:29:15,502 [pool-439-thread-1] INFO  server.RaftServerConfigKeys (ConfUtils.java:logGet(43)) - raft.server.retrycache.expirytime = 600000ms (custom)
2019-08-28 22:29:15,502 [pool-439-thread-1] INFO  impl.RaftServerImpl (RaftServerImpl.java:start(180)) - da6bcafd-dc39-4560-8552-9102a185bf89: start group-E8949D3932ED
2019-08-28 22:29:15,502 [pool-439-thread-1] INFO  impl.RaftServerImpl (RaftServerImpl.java:setRole(171)) - da6bcafd-dc39-4560-8552-9102a185bf89:group-E8949D3932ED changes role from null to FOLLOWER at term 0 for startAsFollower
2019-08-28 22:29:15,502 [pool-439-thread-1] INFO  impl.RoleInfo (RoleInfo.java:updateAndGet(143)) - da6bcafd-dc39-4560-8552-9102a185bf89: start FollowerState
2019-08-28 22:29:15,503 [pool-439-thread-1] INFO  util.JmxRegister (JmxRegister.java:tryRegister(44)) - Successfully registered JMX Bean with object name Ratis:service=RaftServer,group=group-E8949D3932ED,id=da6bcafd-dc39-4560-8552-9102a185bf89
2019-08-28 22:29:15,527 [IPC Server handler 2 on 33388] INFO  net.NetworkTopology (NetworkTopologyImpl.java:add(110)) - Added a new node: /default-rack/78b24124-d29f-47d5-a706-e456f105062d
2019-08-28 22:29:15,528 [IPC Server handler 2 on 33388] INFO  node.SCMNodeManager (SCMNodeManager.java:register(273)) - Registered Data node : 78b24124-d29f-47d5-a706-e456f105062d{ip: 192.168.36.111, host: pr-hdds-1909-jt4r9-1943541209, networkLocation: /default-rack, certSerialId: null}
2019-08-28 22:29:15,528 | INFO  | SCMAudit | user=jenkins1000 | ip=192.168.36.111 | op=REGISTER {datanodeDetails=78b24124-d29f-47d5-a706-e456f105062d{ip: 192.168.36.111, host: pr-hdds-1909-jt4r9-1943541209, networkLocation: /default-rack, certSerialId: null}} | ret=SUCCESS |  
2019-08-28 22:29:15,569 [RatisPipelineUtilsThread] INFO  pipeline.PipelineStateManager (PipelineStateManager.java:addPipeline(56)) - Created pipeline Pipeline[ Id: 6c9a547a-8f7a-4fbb-815b-e8949d3932ed, Nodes: da6bcafd-dc39-4560-8552-9102a185bf89{ip: 192.168.36.111, host: pr-hdds-1909-jt4r9-1943541209, networkLocation: /default-rack, certSerialId: null}, Type:RATIS, Factor:ONE, State:OPEN]
2019-08-28 22:29:15,577 [grpc-default-executor-9] INFO  impl.RaftServerProxy (RaftServerProxy.java:addNew(89)) - 78b24124-d29f-47d5-a706-e456f105062d: addNew group-5D045914891E:[78b24124-d29f-47d5-a706-e456f105062d:192.168.36.111:33087] returns group-5D045914891E:java.util.concurrent.CompletableFuture@6cbe76ca[Not completed]
2019-08-28 22:29:15,579 [pool-461-thread-1] INFO  impl.RaftServerImpl (RaftServerImpl.java:<init>(93)) - 78b24124-d29f-47d5-a706-e456f105062d: new RaftServerImpl for group-5D045914891E:[78b24124-d29f-47d5-a706-e456f105062d:192.168.36.111:33087] with ContainerStateMachine:uninitialized
2019-08-28 22:29:15,579 [pool-461-thread-1] INFO  server.RaftServerConfigKeys (ConfUtils.java:logGet(43)) - raft.server.rpc.timeout.min = 5s (custom)
2019-08-28 22:29:15,579 [pool-461-thread-1] INFO  server.RaftServerConfigKeys (ConfUtils.java:logGet(43)) - raft.server.rpc.timeout.max = 5200ms (custom)
2019-08-28 22:29:15,579 [pool-461-thread-1] INFO  server.RaftServerConfigKeys (ConfUtils.java:logGet(43)) - raft.server.rpcslowness.timeout = 120s (custom)
2019-08-28 22:29:15,580 [pool-461-thread-1] INFO  server.RaftServerConfigKeys (ConfUtils.java:logGet(43)) - raft.server.sleep.deviation.threshold = 300 (default)
2019-08-28 22:29:15,580 [pool-461-thread-1] INFO  server.RaftServerConfigKeys (ConfUtils.java:logGet(43)) - raft.server.log.appender.install.snapshot.enabled = false (custom)
2019-08-28 22:29:15,580 [pool-461-thread-1] INFO  impl.RaftServerImpl (ServerState.java:<init>(105)) - 78b24124-d29f-47d5-a706-e456f105062d:group-5D045914891E ConfigurationManager, init=-1: [78b24124-d29f-47d5-a706-e456f105062d:192.168.36.111:33087], old=null, confs=<EMPTY_MAP>
2019-08-28 22:29:15,580 [pool-461-thread-1] INFO  server.RaftServerConfigKeys (ConfUtils.java:logGet(43)) - raft.server.storage.dir = [/workdir/hadoop-ozone/integration-test/target/test-dir/MiniOzoneClusterImpl-cce2e0e6-0bf2-4ba0-8cd7-9d92f34a1712/datanode-2/data/ratis] (custom)
2019-08-28 22:29:15,581 [pool-461-thread-1] INFO  storage.RaftStorageDirectory (RaftStorageDirectory.java:analyzeStorage(246)) - The storage directory /workdir/hadoop-ozone/integration-test/target/test-dir/MiniOzoneClusterImpl-cce2e0e6-0bf2-4ba0-8cd7-9d92f34a1712/datanode-2/data/ratis/43e9810e-2e08-4485-bcf6-5d045914891e does not exist. Creating ...
2019-08-28 22:29:15,588 [IPC Server handler 3 on 33388] INFO  net.NetworkTopology (NetworkTopologyImpl.java:add(110)) - Added a new node: /default-rack/e661242e-7c31-4a11-b0a8-eee9611e009e
2019-08-28 22:29:15,589 [IPC Server handler 3 on 33388] INFO  node.SCMNodeManager (SCMNodeManager.java:register(273)) - Registered Data node : e661242e-7c31-4a11-b0a8-eee9611e009e{ip: 192.168.36.111, host: pr-hdds-1909-jt4r9-1943541209, networkLocation: /default-rack, certSerialId: null}
2019-08-28 22:29:15,589 | INFO  | SCMAudit | user=jenkins1000 | ip=192.168.36.111 | op=REGISTER {datanodeDetails=e661242e-7c31-4a11-b0a8-eee9611e009e{ip: 192.168.36.111, host: pr-hdds-1909-jt4r9-1943541209, networkLocation: /default-rack, certSerialId: null}} | ret=SUCCESS |  
2019-08-28 22:29:15,597 [pool-461-thread-1] INFO  storage.RaftStorageDirectory (RaftStorageDirectory.java:tryLock(328)) - Lock on /workdir/hadoop-ozone/integration-test/target/test-dir/MiniOzoneClusterImpl-cce2e0e6-0bf2-4ba0-8cd7-9d92f34a1712/datanode-2/data/ratis/43e9810e-2e08-4485-bcf6-5d045914891e/in_use.lock acquired by nodename 22983@pr-hdds-1909-jt4r9-1943541209
2019-08-28 22:29:15,622 [pool-461-thread-1] INFO  storage.RaftStorage (RaftStorage.java:format(72)) - Storage directory /workdir/hadoop-ozone/integration-test/target/test-dir/MiniOzoneClusterImpl-cce2e0e6-0bf2-4ba0-8cd7-9d92f34a1712/datanode-2/data/ratis/43e9810e-2e08-4485-bcf6-5d045914891e has been successfully formatted.
2019-08-28 22:29:15,622 [pool-461-thread-1] INFO  ratis.ContainerStateMachine (ContainerStateMachine.java:loadSnapshot(227)) - group-5D045914891E: The snapshot info is null. Setting the last applied indexto:(t:0, i:~)
2019-08-28 22:29:15,623 [pool-461-thread-1] INFO  server.RaftServerConfigKeys (ConfUtils.java:logGet(43)) - raft.server.leader.election.timeout = 120s (custom)
2019-08-28 22:29:15,623 [pool-461-thread-1] INFO  server.RaftServerConfigKeys (ConfUtils.java:logGet(43)) - raft.server.log.use.memory = false (default)
2019-08-28 22:29:15,623 [pool-461-thread-1] INFO  server.RaftServerConfigKeys (ConfUtils.java:logGet(43)) - raft.server.log.purge.gap = 1000000 (custom)
2019-08-28 22:29:15,623 [pool-461-thread-1] INFO  server.RaftServerConfigKeys (ConfUtils.java:logGet(43)) - raft.server.log.appender.buffer.byte-limit = 33554432 (custom)
2019-08-28 22:29:15,623 [pool-461-thread-1] INFO  server.RaftServerConfigKeys (ConfUtils.java:logGet(43)) - raft.server.log.segment.size.max = 1048576 (custom)
2019-08-28 22:29:15,623 [pool-461-thread-1] INFO  server.RaftServerConfigKeys (ConfUtils.java:logGet(43)) - raft.server.log.segment.cache.num.max = 2 (custom)
2019-08-28 22:29:15,624 [pool-461-thread-1] INFO  segmented.SegmentedRaftLogWorker (SegmentedRaftLogWorker.java:<init>(172)) - new 78b24124-d29f-47d5-a706-e456f105062d-SegmentedRaftLogWorker:Storage Directory /workdir/hadoop-ozone/integration-test/target/test-dir/MiniOzoneClusterImpl-cce2e0e6-0bf2-4ba0-8cd7-9d92f34a1712/datanode-2/data/ratis/43e9810e-2e08-4485-bcf6-5d045914891e for RaftStorage:Storage Directory /workdir/hadoop-ozone/integration-test/target/test-dir/MiniOzoneClusterImpl-cce2e0e6-0bf2-4ba0-8cd7-9d92f34a1712/datanode-2/data/ratis/43e9810e-2e08-4485-bcf6-5d045914891e
2019-08-28 22:29:15,624 [pool-461-thread-1] INFO  server.RaftServerConfigKeys (ConfUtils.java:logGet(43)) - raft.server.log.queue.byte-limit = 2147483647 (custom)
2019-08-28 22:29:15,624 [pool-461-thread-1] INFO  server.RaftServerConfigKeys (ConfUtils.java:logGet(43)) - raft.server.log.queue.element-limit = 1024 (custom)
2019-08-28 22:29:15,624 [pool-461-thread-1] INFO  server.RaftServerConfigKeys (ConfUtils.java:logGet(43)) - raft.server.log.segment.size.max = 1048576 (custom)
2019-08-28 22:29:15,625 [pool-461-thread-1] INFO  server.RaftServerConfigKeys (ConfUtils.java:logGet(43)) - raft.server.log.preallocated.size = 16384 (custom)
2019-08-28 22:29:15,625 [pool-461-thread-1] INFO  server.RaftServerConfigKeys (ConfUtils.java:logGet(43)) - raft.server.log.write.buffer.size = 33554432 (custom)
2019-08-28 22:29:15,625 [pool-461-thread-1] INFO  server.RaftServerConfigKeys (ConfUtils.java:logGet(43)) - raft.server.log.force.sync.num = 128 (default)
2019-08-28 22:29:15,625 [pool-461-thread-1] INFO  server.RaftServerConfigKeys (ConfUtils.java:logGet(43)) - raft.server.log.statemachine.data.sync = true (default)
2019-08-28 22:29:15,625 [pool-461-thread-1] INFO  server.RaftServerConfigKeys (ConfUtils.java:logGet(43)) - raft.server.log.statemachine.data.sync.timeout = 10s (default)
2019-08-28 22:29:15,625 [pool-461-thread-1] INFO  server.RaftServerConfigKeys (ConfUtils.java:logGet(43)) - raft.server.log.statemachine.data.sync.timeout.retry = -1 (default)
2019-08-28 22:29:15,626 [pool-461-thread-1] INFO  server.RaftServerConfigKeys (ConfUtils.java:logGet(43)) - raft.server.log.statemachine.data.caching.enabled = true (custom)
2019-08-28 22:29:15,626 [pool-461-thread-1] INFO  segmented.SegmentedRaftLogWorker (SegmentedRaftLogWorker.java:lambda$new$0(132)) - 78b24124-d29f-47d5-a706-e456f105062d-SegmentedRaftLogWorker:Storage Directory /workdir/hadoop-ozone/integration-test/target/test-dir/MiniOzoneClusterImpl-cce2e0e6-0bf2-4ba0-8cd7-9d92f34a1712/datanode-2/data/ratis/43e9810e-2e08-4485-bcf6-5d045914891e: flushIndex: setUnconditionally 0 -> -1
2019-08-28 22:29:15,627 [pool-461-thread-1] INFO  server.RaftServerConfigKeys (ConfUtils.java:logGet(43)) - raft.server.snapshot.auto.trigger.enabled = true (custom)
2019-08-28 22:29:15,627 [pool-461-thread-1] INFO  server.RaftServerConfigKeys (ConfUtils.java:logGet(43)) - raft.server.snapshot.auto.trigger.threshold = 10000 (custom)
2019-08-28 22:29:15,627 [pool-461-thread-1] INFO  server.RaftServerConfigKeys (ConfUtils.java:logGet(43)) - raft.server.retrycache.expirytime = 600000ms (custom)
2019-08-28 22:29:15,627 [pool-461-thread-1] INFO  impl.RaftServerImpl (RaftServerImpl.java:start(180)) - 78b24124-d29f-47d5-a706-e456f105062d: start group-5D045914891E
2019-08-28 22:29:15,627 [pool-461-thread-1] INFO  impl.RaftServerImpl (RaftServerImpl.java:setRole(171)) - 78b24124-d29f-47d5-a706-e456f105062d:group-5D045914891E changes role from null to FOLLOWER at term 0 for startAsFollower
2019-08-28 22:29:15,628 [pool-461-thread-1] INFO  impl.RoleInfo (RoleInfo.java:updateAndGet(143)) - 78b24124-d29f-47d5-a706-e456f105062d: start FollowerState
2019-08-28 22:29:15,628 [pool-461-thread-1] INFO  util.JmxRegister (JmxRegister.java:tryRegister(44)) - Successfully registered JMX Bean with object name Ratis:service=RaftServer,group=group-5D045914891E,id=78b24124-d29f-47d5-a706-e456f105062d
2019-08-28 22:29:15,631 [RatisPipelineUtilsThread] INFO  pipeline.PipelineStateManager (PipelineStateManager.java:addPipeline(56)) - Created pipeline Pipeline[ Id: 43e9810e-2e08-4485-bcf6-5d045914891e, Nodes: 78b24124-d29f-47d5-a706-e456f105062d{ip: 192.168.36.111, host: pr-hdds-1909-jt4r9-1943541209, networkLocation: /default-rack, certSerialId: null}, Type:RATIS, Factor:ONE, State:OPEN]
2019-08-28 22:29:15,638 [grpc-default-executor-9] INFO  impl.RaftServerProxy (RaftServerProxy.java:addNew(89)) - 97096794-4d10-4cd1-9679-c7a18a289ffb: addNew group-0F25206DA914:[97096794-4d10-4cd1-9679-c7a18a289ffb:192.168.36.111:36537] returns group-0F25206DA914:java.util.concurrent.CompletableFuture@4e23e1fa[Not completed]
2019-08-28 22:29:15,639 [pool-450-thread-1] INFO  impl.RaftServerImpl (RaftServerImpl.java:<init>(93)) - 97096794-4d10-4cd1-9679-c7a18a289ffb: new RaftServerImpl for group-0F25206DA914:[97096794-4d10-4cd1-9679-c7a18a289ffb:192.168.36.111:36537] with ContainerStateMachine:uninitialized
2019-08-28 22:29:15,639 [pool-450-thread-1] INFO  server.RaftServerConfigKeys (ConfUtils.java:logGet(43)) - raft.server.rpc.timeout.min = 5s (custom)
2019-08-28 22:29:15,640 [pool-450-thread-1] INFO  server.RaftServerConfigKeys (ConfUtils.java:logGet(43)) - raft.server.rpc.timeout.max = 5200ms (custom)
2019-08-28 22:29:15,640 [pool-450-thread-1] INFO  server.RaftServerConfigKeys (ConfUtils.java:logGet(43)) - raft.server.rpcslowness.timeout = 120s (custom)
2019-08-28 22:29:15,640 [pool-450-thread-1] INFO  server.RaftServerConfigKeys (ConfUtils.java:logGet(43)) - raft.server.sleep.deviation.threshold = 300 (default)
2019-08-28 22:29:15,640 [pool-450-thread-1] INFO  server.RaftServerConfigKeys (ConfUtils.java:logGet(43)) - raft.server.log.appender.install.snapshot.enabled = false (custom)
2019-08-28 22:29:15,640 [pool-450-thread-1] INFO  impl.RaftServerImpl (ServerState.java:<init>(105)) - 97096794-4d10-4cd1-9679-c7a18a289ffb:group-0F25206DA914 ConfigurationManager, init=-1: [97096794-4d10-4cd1-9679-c7a18a289ffb:192.168.36.111:36537], old=null, confs=<EMPTY_MAP>
2019-08-28 22:29:15,640 [pool-450-thread-1] INFO  server.RaftServerConfigKeys (ConfUtils.java:logGet(43)) - raft.server.storage.dir = [/workdir/hadoop-ozone/integration-test/target/test-dir/MiniOzoneClusterImpl-cce2e0e6-0bf2-4ba0-8cd7-9d92f34a1712/datanode-1/data/ratis] (custom)
2019-08-28 22:29:15,641 [pool-450-thread-1] INFO  storage.RaftStorageDirectory (RaftStorageDirectory.java:analyzeStorage(246)) - The storage directory /workdir/hadoop-ozone/integration-test/target/test-dir/MiniOzoneClusterImpl-cce2e0e6-0bf2-4ba0-8cd7-9d92f34a1712/datanode-1/data/ratis/6d9299b9-a336-408f-8de3-0f25206da914 does not exist. Creating ...
2019-08-28 22:29:15,651 [IPC Server handler 4 on 33388] INFO  net.NetworkTopology (NetworkTopologyImpl.java:add(110)) - Added a new node: /default-rack/abdbdc2e-95e2-4fe0-a869-d51025a8c9fe
2019-08-28 22:29:15,651 [IPC Server handler 4 on 33388] INFO  node.SCMNodeManager (SCMNodeManager.java:register(273)) - Registered Data node : abdbdc2e-95e2-4fe0-a869-d51025a8c9fe{ip: 192.168.36.111, host: pr-hdds-1909-jt4r9-1943541209, networkLocation: /default-rack, certSerialId: null}
2019-08-28 22:29:15,651 | INFO  | SCMAudit | user=jenkins1000 | ip=192.168.36.111 | op=REGISTER {datanodeDetails=abdbdc2e-95e2-4fe0-a869-d51025a8c9fe{ip: 192.168.36.111, host: pr-hdds-1909-jt4r9-1943541209, networkLocation: /default-rack, certSerialId: null}} | ret=SUCCESS |  
2019-08-28 22:29:15,672 [pool-450-thread-1] INFO  storage.RaftStorageDirectory (RaftStorageDirectory.java:tryLock(328)) - Lock on /workdir/hadoop-ozone/integration-test/target/test-dir/MiniOzoneClusterImpl-cce2e0e6-0bf2-4ba0-8cd7-9d92f34a1712/datanode-1/data/ratis/6d9299b9-a336-408f-8de3-0f25206da914/in_use.lock acquired by nodename 22983@pr-hdds-1909-jt4r9-1943541209
2019-08-28 22:29:15,698 [pool-450-thread-1] INFO  storage.RaftStorage (RaftStorage.java:format(72)) - Storage directory /workdir/hadoop-ozone/integration-test/target/test-dir/MiniOzoneClusterImpl-cce2e0e6-0bf2-4ba0-8cd7-9d92f34a1712/datanode-1/data/ratis/6d9299b9-a336-408f-8de3-0f25206da914 has been successfully formatted.
2019-08-28 22:29:15,698 [pool-450-thread-1] INFO  ratis.ContainerStateMachine (ContainerStateMachine.java:loadSnapshot(227)) - group-0F25206DA914: The snapshot info is null. Setting the last applied indexto:(t:0, i:~)
2019-08-28 22:29:15,698 [pool-450-thread-1] INFO  server.RaftServerConfigKeys (ConfUtils.java:logGet(43)) - raft.server.leader.election.timeout = 120s (custom)
2019-08-28 22:29:15,698 [pool-450-thread-1] INFO  server.RaftServerConfigKeys (ConfUtils.java:logGet(43)) - raft.server.log.use.memory = false (default)
2019-08-28 22:29:15,699 [pool-450-thread-1] INFO  server.RaftServerConfigKeys (ConfUtils.java:logGet(43)) - raft.server.log.purge.gap = 1000000 (custom)
2019-08-28 22:29:15,699 [pool-450-thread-1] INFO  server.RaftServerConfigKeys (ConfUtils.java:logGet(43)) - raft.server.log.appender.buffer.byte-limit = 33554432 (custom)
2019-08-28 22:29:15,699 [pool-450-thread-1] INFO  server.RaftServerConfigKeys (ConfUtils.java:logGet(43)) - raft.server.log.segment.size.max = 1048576 (custom)
2019-08-28 22:29:15,699 [pool-450-thread-1] INFO  server.RaftServerConfigKeys (ConfUtils.java:logGet(43)) - raft.server.log.segment.cache.num.max = 2 (custom)
2019-08-28 22:29:15,699 [pool-450-thread-1] INFO  segmented.SegmentedRaftLogWorker (SegmentedRaftLogWorker.java:<init>(172)) - new 97096794-4d10-4cd1-9679-c7a18a289ffb-SegmentedRaftLogWorker:Storage Directory /workdir/hadoop-ozone/integration-test/target/test-dir/MiniOzoneClusterImpl-cce2e0e6-0bf2-4ba0-8cd7-9d92f34a1712/datanode-1/data/ratis/6d9299b9-a336-408f-8de3-0f25206da914 for RaftStorage:Storage Directory /workdir/hadoop-ozone/integration-test/target/test-dir/MiniOzoneClusterImpl-cce2e0e6-0bf2-4ba0-8cd7-9d92f34a1712/datanode-1/data/ratis/6d9299b9-a336-408f-8de3-0f25206da914
2019-08-28 22:29:15,699 [pool-450-thread-1] INFO  server.RaftServerConfigKeys (ConfUtils.java:logGet(43)) - raft.server.log.queue.byte-limit = 2147483647 (custom)
2019-08-28 22:29:15,700 [pool-450-thread-1] INFO  server.RaftServerConfigKeys (ConfUtils.java:logGet(43)) - raft.server.log.queue.element-limit = 1024 (custom)
2019-08-28 22:29:15,700 [pool-450-thread-1] INFO  server.RaftServerConfigKeys (ConfUtils.java:logGet(43)) - raft.server.log.segment.size.max = 1048576 (custom)
2019-08-28 22:29:15,700 [pool-450-thread-1] INFO  server.RaftServerConfigKeys (ConfUtils.java:logGet(43)) - raft.server.log.preallocated.size = 16384 (custom)
2019-08-28 22:29:15,700 [pool-450-thread-1] INFO  server.RaftServerConfigKeys (ConfUtils.java:logGet(43)) - raft.server.log.write.buffer.size = 33554432 (custom)
2019-08-28 22:29:15,700 [pool-450-thread-1] INFO  server.RaftServerConfigKeys (ConfUtils.java:logGet(43)) - raft.server.log.force.sync.num = 128 (default)
2019-08-28 22:29:15,701 [pool-450-thread-1] INFO  server.RaftServerConfigKeys (ConfUtils.java:logGet(43)) - raft.server.log.statemachine.data.sync = true (default)
2019-08-28 22:29:15,701 [pool-450-thread-1] INFO  server.RaftServerConfigKeys (ConfUtils.java:logGet(43)) - raft.server.log.statemachine.data.sync.timeout = 10s (default)
2019-08-28 22:29:15,701 [pool-450-thread-1] INFO  server.RaftServerConfigKeys (ConfUtils.java:logGet(43)) - raft.server.log.statemachine.data.sync.timeout.retry = -1 (default)
2019-08-28 22:29:15,701 [pool-450-thread-1] INFO  server.RaftServerConfigKeys (ConfUtils.java:logGet(43)) - raft.server.log.statemachine.data.caching.enabled = true (custom)
2019-08-28 22:29:15,701 [pool-450-thread-1] INFO  segmented.SegmentedRaftLogWorker (SegmentedRaftLogWorker.java:lambda$new$0(132)) - 97096794-4d10-4cd1-9679-c7a18a289ffb-SegmentedRaftLogWorker:Storage Directory /workdir/hadoop-ozone/integration-test/target/test-dir/MiniOzoneClusterImpl-cce2e0e6-0bf2-4ba0-8cd7-9d92f34a1712/datanode-1/data/ratis/6d9299b9-a336-408f-8de3-0f25206da914: flushIndex: setUnconditionally 0 -> -1
2019-08-28 22:29:15,702 [pool-450-thread-1] INFO  server.RaftServerConfigKeys (ConfUtils.java:logGet(43)) - raft.server.snapshot.auto.trigger.enabled = true (custom)
2019-08-28 22:29:15,702 [pool-450-thread-1] INFO  server.RaftServerConfigKeys (ConfUtils.java:logGet(43)) - raft.server.snapshot.auto.trigger.threshold = 10000 (custom)
2019-08-28 22:29:15,702 [pool-450-thread-1] INFO  server.RaftServerConfigKeys (ConfUtils.java:logGet(43)) - raft.server.retrycache.expirytime = 600000ms (custom)
2019-08-28 22:29:15,703 [pool-450-thread-1] INFO  impl.RaftServerImpl (RaftServerImpl.java:start(180)) - 97096794-4d10-4cd1-9679-c7a18a289ffb: start group-0F25206DA914
2019-08-28 22:29:15,703 [pool-450-thread-1] INFO  impl.RaftServerImpl (RaftServerImpl.java:setRole(171)) - 97096794-4d10-4cd1-9679-c7a18a289ffb:group-0F25206DA914 changes role from null to FOLLOWER at term 0 for startAsFollower
2019-08-28 22:29:15,703 [pool-450-thread-1] INFO  impl.RoleInfo (RoleInfo.java:updateAndGet(143)) - 97096794-4d10-4cd1-9679-c7a18a289ffb: start FollowerState
2019-08-28 22:29:15,703 [pool-450-thread-1] INFO  util.JmxRegister (JmxRegister.java:tryRegister(44)) - Successfully registered JMX Bean with object name Ratis:service=RaftServer,group=group-0F25206DA914,id=97096794-4d10-4cd1-9679-c7a18a289ffb
2019-08-28 22:29:15,706 [RatisPipelineUtilsThread] INFO  pipeline.PipelineStateManager (PipelineStateManager.java:addPipeline(56)) - Created pipeline Pipeline[ Id: 6d9299b9-a336-408f-8de3-0f25206da914, Nodes: 97096794-4d10-4cd1-9679-c7a18a289ffb{ip: 192.168.36.111, host: pr-hdds-1909-jt4r9-1943541209, networkLocation: /default-rack, certSerialId: null}, Type:RATIS, Factor:ONE, State:OPEN]
2019-08-28 22:29:15,711 [IPC Server handler 6 on 33388] INFO  net.NetworkTopology (NetworkTopologyImpl.java:add(110)) - Added a new node: /default-rack/78712fcb-d0e6-4972-b983-ece35dfef904
2019-08-28 22:29:15,711 [IPC Server handler 6 on 33388] INFO  node.SCMNodeManager (SCMNodeManager.java:register(273)) - Registered Data node : 78712fcb-d0e6-4972-b983-ece35dfef904{ip: 192.168.36.111, host: pr-hdds-1909-jt4r9-1943541209, networkLocation: /default-rack, certSerialId: null}
2019-08-28 22:29:15,711 | INFO  | SCMAudit | user=jenkins1000 | ip=192.168.36.111 | op=REGISTER {datanodeDetails=78712fcb-d0e6-4972-b983-ece35dfef904{ip: 192.168.36.111, host: pr-hdds-1909-jt4r9-1943541209, networkLocation: /default-rack, certSerialId: null}} | ret=SUCCESS |  
2019-08-28 22:29:15,716 [grpc-default-executor-9] INFO  impl.RaftServerProxy (RaftServerProxy.java:addNew(89)) - abdbdc2e-95e2-4fe0-a869-d51025a8c9fe: addNew group-CA1BB8F91842:[abdbdc2e-95e2-4fe0-a869-d51025a8c9fe:192.168.36.111:43325] returns group-CA1BB8F91842:java.util.concurrent.CompletableFuture@193d8d6f[Not completed]
2019-08-28 22:29:15,717 [pool-483-thread-1] INFO  impl.RaftServerImpl (RaftServerImpl.java:<init>(93)) - abdbdc2e-95e2-4fe0-a869-d51025a8c9fe: new RaftServerImpl for group-CA1BB8F91842:[abdbdc2e-95e2-4fe0-a869-d51025a8c9fe:192.168.36.111:43325] with ContainerStateMachine:uninitialized
2019-08-28 22:29:15,718 [pool-483-thread-1] INFO  server.RaftServerConfigKeys (ConfUtils.java:logGet(43)) - raft.server.rpc.timeout.min = 5s (custom)
2019-08-28 22:29:15,718 [pool-483-thread-1] INFO  server.RaftServerConfigKeys (ConfUtils.java:logGet(43)) - raft.server.rpc.timeout.max = 5200ms (custom)
2019-08-28 22:29:15,718 [pool-483-thread-1] INFO  server.RaftServerConfigKeys (ConfUtils.java:logGet(43)) - raft.server.rpcslowness.timeout = 120s (custom)
2019-08-28 22:29:15,718 [pool-483-thread-1] INFO  server.RaftServerConfigKeys (ConfUtils.java:logGet(43)) - raft.server.sleep.deviation.threshold = 300 (default)
2019-08-28 22:29:15,718 [pool-483-thread-1] INFO  server.RaftServerConfigKeys (ConfUtils.java:logGet(43)) - raft.server.log.appender.install.snapshot.enabled = false (custom)
2019-08-28 22:29:15,718 [pool-483-thread-1] INFO  impl.RaftServerImpl (ServerState.java:<init>(105)) - abdbdc2e-95e2-4fe0-a869-d51025a8c9fe:group-CA1BB8F91842 ConfigurationManager, init=-1: [abdbdc2e-95e2-4fe0-a869-d51025a8c9fe:192.168.36.111:43325], old=null, confs=<EMPTY_MAP>
2019-08-28 22:29:15,718 [pool-483-thread-1] INFO  server.RaftServerConfigKeys (ConfUtils.java:logGet(43)) - raft.server.storage.dir = [/workdir/hadoop-ozone/integration-test/target/test-dir/MiniOzoneClusterImpl-cce2e0e6-0bf2-4ba0-8cd7-9d92f34a1712/datanode-4/data/ratis] (custom)
2019-08-28 22:29:15,719 [pool-483-thread-1] INFO  storage.RaftStorageDirectory (RaftStorageDirectory.java:analyzeStorage(246)) - The storage directory /workdir/hadoop-ozone/integration-test/target/test-dir/MiniOzoneClusterImpl-cce2e0e6-0bf2-4ba0-8cd7-9d92f34a1712/datanode-4/data/ratis/ce1b960b-7671-4f8f-8886-ca1bb8f91842 does not exist. Creating ...
2019-08-28 22:29:15,748 [pool-483-thread-1] INFO  storage.RaftStorageDirectory (RaftStorageDirectory.java:tryLock(328)) - Lock on /workdir/hadoop-ozone/integration-test/target/test-dir/MiniOzoneClusterImpl-cce2e0e6-0bf2-4ba0-8cd7-9d92f34a1712/datanode-4/data/ratis/ce1b960b-7671-4f8f-8886-ca1bb8f91842/in_use.lock acquired by nodename 22983@pr-hdds-1909-jt4r9-1943541209
2019-08-28 22:29:15,782 [pool-483-thread-1] INFO  storage.RaftStorage (RaftStorage.java:format(72)) - Storage directory /workdir/hadoop-ozone/integration-test/target/test-dir/MiniOzoneClusterImpl-cce2e0e6-0bf2-4ba0-8cd7-9d92f34a1712/datanode-4/data/ratis/ce1b960b-7671-4f8f-8886-ca1bb8f91842 has been successfully formatted.
2019-08-28 22:29:15,782 [pool-483-thread-1] INFO  ratis.ContainerStateMachine (ContainerStateMachine.java:loadSnapshot(227)) - group-CA1BB8F91842: The snapshot info is null. Setting the last applied indexto:(t:0, i:~)
2019-08-28 22:29:15,782 [pool-483-thread-1] INFO  server.RaftServerConfigKeys (ConfUtils.java:logGet(43)) - raft.server.leader.election.timeout = 120s (custom)
2019-08-28 22:29:15,782 [pool-483-thread-1] INFO  server.RaftServerConfigKeys (ConfUtils.java:logGet(43)) - raft.server.log.use.memory = false (default)
2019-08-28 22:29:15,783 [pool-483-thread-1] INFO  server.RaftServerConfigKeys (ConfUtils.java:logGet(43)) - raft.server.log.purge.gap = 1000000 (custom)
2019-08-28 22:29:15,783 [pool-483-thread-1] INFO  server.RaftServerConfigKeys (ConfUtils.java:logGet(43)) - raft.server.log.appender.buffer.byte-limit = 33554432 (custom)
2019-08-28 22:29:15,783 [pool-483-thread-1] INFO  server.RaftServerConfigKeys (ConfUtils.java:logGet(43)) - raft.server.log.segment.size.max = 1048576 (custom)
2019-08-28 22:29:15,783 [pool-483-thread-1] INFO  server.RaftServerConfigKeys (ConfUtils.java:logGet(43)) - raft.server.log.segment.cache.num.max = 2 (custom)
2019-08-28 22:29:15,783 [pool-483-thread-1] INFO  segmented.SegmentedRaftLogWorker (SegmentedRaftLogWorker.java:<init>(172)) - new abdbdc2e-95e2-4fe0-a869-d51025a8c9fe-SegmentedRaftLogWorker:Storage Directory /workdir/hadoop-ozone/integration-test/target/test-dir/MiniOzoneClusterImpl-cce2e0e6-0bf2-4ba0-8cd7-9d92f34a1712/datanode-4/data/ratis/ce1b960b-7671-4f8f-8886-ca1bb8f91842 for RaftStorage:Storage Directory /workdir/hadoop-ozone/integration-test/target/test-dir/MiniOzoneClusterImpl-cce2e0e6-0bf2-4ba0-8cd7-9d92f34a1712/datanode-4/data/ratis/ce1b960b-7671-4f8f-8886-ca1bb8f91842
2019-08-28 22:29:15,784 [pool-483-thread-1] INFO  server.RaftServerConfigKeys (ConfUtils.java:logGet(43)) - raft.server.log.queue.byte-limit = 2147483647 (custom)
2019-08-28 22:29:15,784 [pool-483-thread-1] INFO  server.RaftServerConfigKeys (ConfUtils.java:logGet(43)) - raft.server.log.queue.element-limit = 1024 (custom)
2019-08-28 22:29:15,784 [pool-483-thread-1] INFO  server.RaftServerConfigKeys (ConfUtils.java:logGet(43)) - raft.server.log.segment.size.max = 1048576 (custom)
2019-08-28 22:29:15,784 [pool-483-thread-1] INFO  server.RaftServerConfigKeys (ConfUtils.java:logGet(43)) - raft.server.log.preallocated.size = 16384 (custom)
2019-08-28 22:29:15,784 [pool-483-thread-1] INFO  server.RaftServerConfigKeys (ConfUtils.java:logGet(43)) - raft.server.log.write.buffer.size = 33554432 (custom)
2019-08-28 22:29:15,784 [main] INFO  ozone.MiniOzoneClusterImpl (MiniOzoneClusterImpl.java:lambda$waitForClusterToBeReady$0(140)) - Waiting for cluster to be ready. Got 6 of 7 DN Heartbeats.
2019-08-28 22:29:15,784 [pool-483-thread-1] INFO  server.RaftServerConfigKeys (ConfUtils.java:logGet(43)) - raft.server.log.force.sync.num = 128 (default)
2019-08-28 22:29:15,785 [pool-483-thread-1] INFO  server.RaftServerConfigKeys (ConfUtils.java:logGet(43)) - raft.server.log.statemachine.data.sync = true (default)
2019-08-28 22:29:15,785 [IPC Server handler 7 on 33388] INFO  net.NetworkTopology (NetworkTopologyImpl.java:add(110)) - Added a new node: /default-rack/e74f9000-1f49-4295-bac2-6bdfe4b05d98
2019-08-28 22:29:15,785 [pool-483-thread-1] INFO  server.RaftServerConfigKeys (ConfUtils.java:logGet(43)) - raft.server.log.statemachine.data.sync.timeout = 10s (default)
2019-08-28 22:29:15,785 [IPC Server handler 7 on 33388] INFO  node.SCMNodeManager (SCMNodeManager.java:register(273)) - Registered Data node : e74f9000-1f49-4295-bac2-6bdfe4b05d98{ip: 192.168.36.111, host: pr-hdds-1909-jt4r9-1943541209, networkLocation: /default-rack, certSerialId: null}
2019-08-28 22:29:15,786 [pool-483-thread-1] INFO  server.RaftServerConfigKeys (ConfUtils.java:logGet(43)) - raft.server.log.statemachine.data.sync.timeout.retry = -1 (default)
2019-08-28 22:29:15,786 | INFO  | SCMAudit | user=jenkins1000 | ip=192.168.36.111 | op=REGISTER {datanodeDetails=e74f9000-1f49-4295-bac2-6bdfe4b05d98{ip: 192.168.36.111, host: pr-hdds-1909-jt4r9-1943541209, networkLocation: /default-rack, certSerialId: null}} | ret=SUCCESS |  
2019-08-28 22:29:15,786 [pool-483-thread-1] INFO  server.RaftServerConfigKeys (ConfUtils.java:logGet(43)) - raft.server.log.statemachine.data.caching.enabled = true (custom)
2019-08-28 22:29:15,786 [pool-483-thread-1] INFO  segmented.SegmentedRaftLogWorker (SegmentedRaftLogWorker.java:lambda$new$0(132)) - abdbdc2e-95e2-4fe0-a869-d51025a8c9fe-SegmentedRaftLogWorker:Storage Directory /workdir/hadoop-ozone/integration-test/target/test-dir/MiniOzoneClusterImpl-cce2e0e6-0bf2-4ba0-8cd7-9d92f34a1712/datanode-4/data/ratis/ce1b960b-7671-4f8f-8886-ca1bb8f91842: flushIndex: setUnconditionally 0 -> -1
2019-08-28 22:29:15,787 [pool-483-thread-1] INFO  server.RaftServerConfigKeys (ConfUtils.java:logGet(43)) - raft.server.snapshot.auto.trigger.enabled = true (custom)
2019-08-28 22:29:15,787 [pool-483-thread-1] INFO  server.RaftServerConfigKeys (ConfUtils.java:logGet(43)) - raft.server.snapshot.auto.trigger.threshold = 10000 (custom)
2019-08-28 22:29:15,787 [pool-483-thread-1] INFO  server.RaftServerConfigKeys (ConfUtils.java:logGet(43)) - raft.server.retrycache.expirytime = 600000ms (custom)
2019-08-28 22:29:15,787 [pool-483-thread-1] INFO  impl.RaftServerImpl (RaftServerImpl.java:start(180)) - abdbdc2e-95e2-4fe0-a869-d51025a8c9fe: start group-CA1BB8F91842
2019-08-28 22:29:15,788 [pool-483-thread-1] INFO  impl.RaftServerImpl (RaftServerImpl.java:setRole(171)) - abdbdc2e-95e2-4fe0-a869-d51025a8c9fe:group-CA1BB8F91842 changes role from null to FOLLOWER at term 0 for startAsFollower
2019-08-28 22:29:15,788 [pool-483-thread-1] INFO  impl.RoleInfo (RoleInfo.java:updateAndGet(143)) - abdbdc2e-95e2-4fe0-a869-d51025a8c9fe: start FollowerState
2019-08-28 22:29:15,788 [pool-483-thread-1] INFO  util.JmxRegister (JmxRegister.java:tryRegister(44)) - Successfully registered JMX Bean with object name Ratis:service=RaftServer,group=group-CA1BB8F91842,id=abdbdc2e-95e2-4fe0-a869-d51025a8c9fe
2019-08-28 22:29:15,791 [RatisPipelineUtilsThread] INFO  pipeline.PipelineStateManager (PipelineStateManager.java:addPipeline(56)) - Created pipeline Pipeline[ Id: ce1b960b-7671-4f8f-8886-ca1bb8f91842, Nodes: abdbdc2e-95e2-4fe0-a869-d51025a8c9fe{ip: 192.168.36.111, host: pr-hdds-1909-jt4r9-1943541209, networkLocation: /default-rack, certSerialId: null}, Type:RATIS, Factor:ONE, State:OPEN]
2019-08-28 22:29:15,800 [grpc-default-executor-9] INFO  impl.RaftServerProxy (RaftServerProxy.java:addNew(89)) - 78712fcb-d0e6-4972-b983-ece35dfef904: addNew group-F11FF5F4731C:[78712fcb-d0e6-4972-b983-ece35dfef904:192.168.36.111:41835] returns group-F11FF5F4731C:java.util.concurrent.CompletableFuture@3327a56a[Not completed]
2019-08-28 22:29:15,801 [pool-494-thread-1] INFO  impl.RaftServerImpl (RaftServerImpl.java:<init>(93)) - 78712fcb-d0e6-4972-b983-ece35dfef904: new RaftServerImpl for group-F11FF5F4731C:[78712fcb-d0e6-4972-b983-ece35dfef904:192.168.36.111:41835] with ContainerStateMachine:uninitialized
2019-08-28 22:29:15,801 [pool-494-thread-1] INFO  server.RaftServerConfigKeys (ConfUtils.java:logGet(43)) - raft.server.rpc.timeout.min = 5s (custom)
2019-08-28 22:29:15,801 [pool-494-thread-1] INFO  server.RaftServerConfigKeys (ConfUtils.java:logGet(43)) - raft.server.rpc.timeout.max = 5200ms (custom)
2019-08-28 22:29:15,801 [pool-494-thread-1] INFO  server.RaftServerConfigKeys (ConfUtils.java:logGet(43)) - raft.server.rpcslowness.timeout = 120s (custom)
2019-08-28 22:29:15,802 [pool-494-thread-1] INFO  server.RaftServerConfigKeys (ConfUtils.java:logGet(43)) - raft.server.sleep.deviation.threshold = 300 (default)
2019-08-28 22:29:15,802 [pool-494-thread-1] INFO  server.RaftServerConfigKeys (ConfUtils.java:logGet(43)) - raft.server.log.appender.install.snapshot.enabled = false (custom)
2019-08-28 22:29:15,802 [pool-494-thread-1] INFO  impl.RaftServerImpl (ServerState.java:<init>(105)) - 78712fcb-d0e6-4972-b983-ece35dfef904:group-F11FF5F4731C ConfigurationManager, init=-1: [78712fcb-d0e6-4972-b983-ece35dfef904:192.168.36.111:41835], old=null, confs=<EMPTY_MAP>
2019-08-28 22:29:15,802 [pool-494-thread-1] INFO  server.RaftServerConfigKeys (ConfUtils.java:logGet(43)) - raft.server.storage.dir = [/workdir/hadoop-ozone/integration-test/target/test-dir/MiniOzoneClusterImpl-cce2e0e6-0bf2-4ba0-8cd7-9d92f34a1712/datanode-5/data/ratis] (custom)
2019-08-28 22:29:15,802 [pool-494-thread-1] INFO  storage.RaftStorageDirectory (RaftStorageDirectory.java:analyzeStorage(246)) - The storage directory /workdir/hadoop-ozone/integration-test/target/test-dir/MiniOzoneClusterImpl-cce2e0e6-0bf2-4ba0-8cd7-9d92f34a1712/datanode-5/data/ratis/f46cb0db-86da-45ea-8858-f11ff5f4731c does not exist. Creating ...
2019-08-28 22:29:15,832 [pool-494-thread-1] INFO  storage.RaftStorageDirectory (RaftStorageDirectory.java:tryLock(328)) - Lock on /workdir/hadoop-ozone/integration-test/target/test-dir/MiniOzoneClusterImpl-cce2e0e6-0bf2-4ba0-8cd7-9d92f34a1712/datanode-5/data/ratis/f46cb0db-86da-45ea-8858-f11ff5f4731c/in_use.lock acquired by nodename 22983@pr-hdds-1909-jt4r9-1943541209
2019-08-28 22:29:15,857 [pool-494-thread-1] INFO  storage.RaftStorage (RaftStorage.java:format(72)) - Storage directory /workdir/hadoop-ozone/integration-test/target/test-dir/MiniOzoneClusterImpl-cce2e0e6-0bf2-4ba0-8cd7-9d92f34a1712/datanode-5/data/ratis/f46cb0db-86da-45ea-8858-f11ff5f4731c has been successfully formatted.
2019-08-28 22:29:15,858 [pool-494-thread-1] INFO  ratis.ContainerStateMachine (ContainerStateMachine.java:loadSnapshot(227)) - group-F11FF5F4731C: The snapshot info is null. Setting the last applied indexto:(t:0, i:~)
2019-08-28 22:29:15,858 [pool-494-thread-1] INFO  server.RaftServerConfigKeys (ConfUtils.java:logGet(43)) - raft.server.leader.election.timeout = 120s (custom)
2019-08-28 22:29:15,858 [pool-494-thread-1] INFO  server.RaftServerConfigKeys (ConfUtils.java:logGet(43)) - raft.server.log.use.memory = false (default)
2019-08-28 22:29:15,858 [pool-494-thread-1] INFO  server.RaftServerConfigKeys (ConfUtils.java:logGet(43)) - raft.server.log.purge.gap = 1000000 (custom)
2019-08-28 22:29:15,858 [pool-494-thread-1] INFO  server.RaftServerConfigKeys (ConfUtils.java:logGet(43)) - raft.server.log.appender.buffer.byte-limit = 33554432 (custom)
2019-08-28 22:29:15,858 [pool-494-thread-1] INFO  server.RaftServerConfigKeys (ConfUtils.java:logGet(43)) - raft.server.log.segment.size.max = 1048576 (custom)
2019-08-28 22:29:15,859 [pool-494-thread-1] INFO  server.RaftServerConfigKeys (ConfUtils.java:logGet(43)) - raft.server.log.segment.cache.num.max = 2 (custom)
2019-08-28 22:29:15,859 [pool-494-thread-1] INFO  segmented.SegmentedRaftLogWorker (SegmentedRaftLogWorker.java:<init>(172)) - new 78712fcb-d0e6-4972-b983-ece35dfef904-SegmentedRaftLogWorker:Storage Directory /workdir/hadoop-ozone/integration-test/target/test-dir/MiniOzoneClusterImpl-cce2e0e6-0bf2-4ba0-8cd7-9d92f34a1712/datanode-5/data/ratis/f46cb0db-86da-45ea-8858-f11ff5f4731c for RaftStorage:Storage Directory /workdir/hadoop-ozone/integration-test/target/test-dir/MiniOzoneClusterImpl-cce2e0e6-0bf2-4ba0-8cd7-9d92f34a1712/datanode-5/data/ratis/f46cb0db-86da-45ea-8858-f11ff5f4731c
2019-08-28 22:29:15,859 [pool-494-thread-1] INFO  server.RaftServerConfigKeys (ConfUtils.java:logGet(43)) - raft.server.log.queue.byte-limit = 2147483647 (custom)
2019-08-28 22:29:15,859 [pool-494-thread-1] INFO  server.RaftServerConfigKeys (ConfUtils.java:logGet(43)) - raft.server.log.queue.element-limit = 1024 (custom)
2019-08-28 22:29:15,859 [pool-494-thread-1] INFO  server.RaftServerConfigKeys (ConfUtils.java:logGet(43)) - raft.server.log.segment.size.max = 1048576 (custom)
2019-08-28 22:29:15,860 [pool-494-thread-1] INFO  server.RaftServerConfigKeys (ConfUtils.java:logGet(43)) - raft.server.log.preallocated.size = 16384 (custom)
2019-08-28 22:29:15,860 [pool-494-thread-1] INFO  server.RaftServerConfigKeys (ConfUtils.java:logGet(43)) - raft.server.log.write.buffer.size = 33554432 (custom)
2019-08-28 22:29:15,860 [pool-494-thread-1] INFO  server.RaftServerConfigKeys (ConfUtils.java:logGet(43)) - raft.server.log.force.sync.num = 128 (default)
2019-08-28 22:29:15,860 [pool-494-thread-1] INFO  server.RaftServerConfigKeys (ConfUtils.java:logGet(43)) - raft.server.log.statemachine.data.sync = true (default)
2019-08-28 22:29:15,860 [pool-494-thread-1] INFO  server.RaftServerConfigKeys (ConfUtils.java:logGet(43)) - raft.server.log.statemachine.data.sync.timeout = 10s (default)
2019-08-28 22:29:15,860 [pool-494-thread-1] INFO  server.RaftServerConfigKeys (ConfUtils.java:logGet(43)) - raft.server.log.statemachine.data.sync.timeout.retry = -1 (default)
2019-08-28 22:29:15,861 [pool-494-thread-1] INFO  server.RaftServerConfigKeys (ConfUtils.java:logGet(43)) - raft.server.log.statemachine.data.caching.enabled = true (custom)
2019-08-28 22:29:15,861 [pool-494-thread-1] INFO  segmented.SegmentedRaftLogWorker (SegmentedRaftLogWorker.java:lambda$new$0(132)) - 78712fcb-d0e6-4972-b983-ece35dfef904-SegmentedRaftLogWorker:Storage Directory /workdir/hadoop-ozone/integration-test/target/test-dir/MiniOzoneClusterImpl-cce2e0e6-0bf2-4ba0-8cd7-9d92f34a1712/datanode-5/data/ratis/f46cb0db-86da-45ea-8858-f11ff5f4731c: flushIndex: setUnconditionally 0 -> -1
2019-08-28 22:29:15,861 [pool-494-thread-1] INFO  server.RaftServerConfigKeys (ConfUtils.java:logGet(43)) - raft.server.snapshot.auto.trigger.enabled = true (custom)
2019-08-28 22:29:15,861 [pool-494-thread-1] INFO  server.RaftServerConfigKeys (ConfUtils.java:logGet(43)) - raft.server.snapshot.auto.trigger.threshold = 10000 (custom)
2019-08-28 22:29:15,862 [pool-494-thread-1] INFO  server.RaftServerConfigKeys (ConfUtils.java:logGet(43)) - raft.server.retrycache.expirytime = 600000ms (custom)
2019-08-28 22:29:15,862 [pool-494-thread-1] INFO  impl.RaftServerImpl (RaftServerImpl.java:start(180)) - 78712fcb-d0e6-4972-b983-ece35dfef904: start group-F11FF5F4731C
2019-08-28 22:29:15,862 [pool-494-thread-1] INFO  impl.RaftServerImpl (RaftServerImpl.java:setRole(171)) - 78712fcb-d0e6-4972-b983-ece35dfef904:group-F11FF5F4731C changes role from null to FOLLOWER at term 0 for startAsFollower
2019-08-28 22:29:15,862 [pool-494-thread-1] INFO  impl.RoleInfo (RoleInfo.java:updateAndGet(143)) - 78712fcb-d0e6-4972-b983-ece35dfef904: start FollowerState
2019-08-28 22:29:15,863 [pool-494-thread-1] INFO  util.JmxRegister (JmxRegister.java:tryRegister(44)) - Successfully registered JMX Bean with object name Ratis:service=RaftServer,group=group-F11FF5F4731C,id=78712fcb-d0e6-4972-b983-ece35dfef904
2019-08-28 22:29:15,865 [RatisPipelineUtilsThread] INFO  pipeline.PipelineStateManager (PipelineStateManager.java:addPipeline(56)) - Created pipeline Pipeline[ Id: f46cb0db-86da-45ea-8858-f11ff5f4731c, Nodes: 78712fcb-d0e6-4972-b983-ece35dfef904{ip: 192.168.36.111, host: pr-hdds-1909-jt4r9-1943541209, networkLocation: /default-rack, certSerialId: null}, Type:RATIS, Factor:ONE, State:OPEN]
2019-08-28 22:29:15,871 [grpc-default-executor-9] INFO  impl.RaftServerProxy (RaftServerProxy.java:addNew(89)) - e74f9000-1f49-4295-bac2-6bdfe4b05d98: addNew group-55E658D48DA2:[e74f9000-1f49-4295-bac2-6bdfe4b05d98:192.168.36.111:44226] returns group-55E658D48DA2:java.util.concurrent.CompletableFuture@1f442d27[Not completed]
2019-08-28 22:29:15,872 [pool-505-thread-1] INFO  impl.RaftServerImpl (RaftServerImpl.java:<init>(93)) - e74f9000-1f49-4295-bac2-6bdfe4b05d98: new RaftServerImpl for group-55E658D48DA2:[e74f9000-1f49-4295-bac2-6bdfe4b05d98:192.168.36.111:44226] with ContainerStateMachine:uninitialized
2019-08-28 22:29:15,872 [pool-505-thread-1] INFO  server.RaftServerConfigKeys (ConfUtils.java:logGet(43)) - raft.server.rpc.timeout.min = 5s (custom)
2019-08-28 22:29:15,872 [pool-505-thread-1] INFO  server.RaftServerConfigKeys (ConfUtils.java:logGet(43)) - raft.server.rpc.timeout.max = 5200ms (custom)
2019-08-28 22:29:15,872 [pool-505-thread-1] INFO  server.RaftServerConfigKeys (ConfUtils.java:logGet(43)) - raft.server.rpcslowness.timeout = 120s (custom)
2019-08-28 22:29:15,872 [pool-505-thread-1] INFO  server.RaftServerConfigKeys (ConfUtils.java:logGet(43)) - raft.server.sleep.deviation.threshold = 300 (default)
2019-08-28 22:29:15,873 [pool-505-thread-1] INFO  server.RaftServerConfigKeys (ConfUtils.java:logGet(43)) - raft.server.log.appender.install.snapshot.enabled = false (custom)
2019-08-28 22:29:15,873 [pool-505-thread-1] INFO  impl.RaftServerImpl (ServerState.java:<init>(105)) - e74f9000-1f49-4295-bac2-6bdfe4b05d98:group-55E658D48DA2 ConfigurationManager, init=-1: [e74f9000-1f49-4295-bac2-6bdfe4b05d98:192.168.36.111:44226], old=null, confs=<EMPTY_MAP>
2019-08-28 22:29:15,873 [pool-505-thread-1] INFO  server.RaftServerConfigKeys (ConfUtils.java:logGet(43)) - raft.server.storage.dir = [/workdir/hadoop-ozone/integration-test/target/test-dir/MiniOzoneClusterImpl-cce2e0e6-0bf2-4ba0-8cd7-9d92f34a1712/datanode-6/data/ratis] (custom)
2019-08-28 22:29:15,873 [pool-505-thread-1] INFO  storage.RaftStorageDirectory (RaftStorageDirectory.java:analyzeStorage(246)) - The storage directory /workdir/hadoop-ozone/integration-test/target/test-dir/MiniOzoneClusterImpl-cce2e0e6-0bf2-4ba0-8cd7-9d92f34a1712/datanode-6/data/ratis/b3378f1c-b5a7-4404-b75a-55e658d48da2 does not exist. Creating ...
2019-08-28 22:29:15,899 [pool-505-thread-1] INFO  storage.RaftStorageDirectory (RaftStorageDirectory.java:tryLock(328)) - Lock on /workdir/hadoop-ozone/integration-test/target/test-dir/MiniOzoneClusterImpl-cce2e0e6-0bf2-4ba0-8cd7-9d92f34a1712/datanode-6/data/ratis/b3378f1c-b5a7-4404-b75a-55e658d48da2/in_use.lock acquired by nodename 22983@pr-hdds-1909-jt4r9-1943541209
2019-08-28 22:29:15,925 [pool-505-thread-1] INFO  storage.RaftStorage (RaftStorage.java:format(72)) - Storage directory /workdir/hadoop-ozone/integration-test/target/test-dir/MiniOzoneClusterImpl-cce2e0e6-0bf2-4ba0-8cd7-9d92f34a1712/datanode-6/data/ratis/b3378f1c-b5a7-4404-b75a-55e658d48da2 has been successfully formatted.
2019-08-28 22:29:15,925 [pool-505-thread-1] INFO  ratis.ContainerStateMachine (ContainerStateMachine.java:loadSnapshot(227)) - group-55E658D48DA2: The snapshot info is null. Setting the last applied indexto:(t:0, i:~)
2019-08-28 22:29:15,925 [pool-505-thread-1] INFO  server.RaftServerConfigKeys (ConfUtils.java:logGet(43)) - raft.server.leader.election.timeout = 120s (custom)
2019-08-28 22:29:15,925 [pool-505-thread-1] INFO  server.RaftServerConfigKeys (ConfUtils.java:logGet(43)) - raft.server.log.use.memory = false (default)
2019-08-28 22:29:15,926 [pool-505-thread-1] INFO  server.RaftServerConfigKeys (ConfUtils.java:logGet(43)) - raft.server.log.purge.gap = 1000000 (custom)
2019-08-28 22:29:15,926 [pool-505-thread-1] INFO  server.RaftServerConfigKeys (ConfUtils.java:logGet(43)) - raft.server.log.appender.buffer.byte-limit = 33554432 (custom)
2019-08-28 22:29:15,926 [pool-505-thread-1] INFO  server.RaftServerConfigKeys (ConfUtils.java:logGet(43)) - raft.server.log.segment.size.max = 1048576 (custom)
2019-08-28 22:29:15,926 [pool-505-thread-1] INFO  server.RaftServerConfigKeys (ConfUtils.java:logGet(43)) - raft.server.log.segment.cache.num.max = 2 (custom)
2019-08-28 22:29:15,927 [pool-505-thread-1] INFO  segmented.SegmentedRaftLogWorker (SegmentedRaftLogWorker.java:<init>(172)) - new e74f9000-1f49-4295-bac2-6bdfe4b05d98-SegmentedRaftLogWorker:Storage Directory /workdir/hadoop-ozone/integration-test/target/test-dir/MiniOzoneClusterImpl-cce2e0e6-0bf2-4ba0-8cd7-9d92f34a1712/datanode-6/data/ratis/b3378f1c-b5a7-4404-b75a-55e658d48da2 for RaftStorage:Storage Directory /workdir/hadoop-ozone/integration-test/target/test-dir/MiniOzoneClusterImpl-cce2e0e6-0bf2-4ba0-8cd7-9d92f34a1712/datanode-6/data/ratis/b3378f1c-b5a7-4404-b75a-55e658d48da2
2019-08-28 22:29:15,927 [pool-505-thread-1] INFO  server.RaftServerConfigKeys (ConfUtils.java:logGet(43)) - raft.server.log.queue.byte-limit = 2147483647 (custom)
2019-08-28 22:29:15,927 [pool-505-thread-1] INFO  server.RaftServerConfigKeys (ConfUtils.java:logGet(43)) - raft.server.log.queue.element-limit = 1024 (custom)
2019-08-28 22:29:15,927 [pool-505-thread-1] INFO  server.RaftServerConfigKeys (ConfUtils.java:logGet(43)) - raft.server.log.segment.size.max = 1048576 (custom)
2019-08-28 22:29:15,928 [pool-505-thread-1] INFO  server.RaftServerConfigKeys (ConfUtils.java:logGet(43)) - raft.server.log.preallocated.size = 16384 (custom)
2019-08-28 22:29:15,928 [pool-505-thread-1] INFO  server.RaftServerConfigKeys (ConfUtils.java:logGet(43)) - raft.server.log.write.buffer.size = 33554432 (custom)
2019-08-28 22:29:15,928 [pool-505-thread-1] INFO  server.RaftServerConfigKeys (ConfUtils.java:logGet(43)) - raft.server.log.force.sync.num = 128 (default)
2019-08-28 22:29:15,928 [pool-505-thread-1] INFO  server.RaftServerConfigKeys (ConfUtils.java:logGet(43)) - raft.server.log.statemachine.data.sync = true (default)
2019-08-28 22:29:15,928 [pool-505-thread-1] INFO  server.RaftServerConfigKeys (ConfUtils.java:logGet(43)) - raft.server.log.statemachine.data.sync.timeout = 10s (default)
2019-08-28 22:29:15,928 [pool-505-thread-1] INFO  server.RaftServerConfigKeys (ConfUtils.java:logGet(43)) - raft.server.log.statemachine.data.sync.timeout.retry = -1 (default)
2019-08-28 22:29:15,929 [pool-505-thread-1] INFO  server.RaftServerConfigKeys (ConfUtils.java:logGet(43)) - raft.server.log.statemachine.data.caching.enabled = true (custom)
2019-08-28 22:29:15,929 [pool-505-thread-1] INFO  segmented.SegmentedRaftLogWorker (SegmentedRaftLogWorker.java:lambda$new$0(132)) - e74f9000-1f49-4295-bac2-6bdfe4b05d98-SegmentedRaftLogWorker:Storage Directory /workdir/hadoop-ozone/integration-test/target/test-dir/MiniOzoneClusterImpl-cce2e0e6-0bf2-4ba0-8cd7-9d92f34a1712/datanode-6/data/ratis/b3378f1c-b5a7-4404-b75a-55e658d48da2: flushIndex: setUnconditionally 0 -> -1
2019-08-28 22:29:15,930 [pool-505-thread-1] INFO  server.RaftServerConfigKeys (ConfUtils.java:logGet(43)) - raft.server.snapshot.auto.trigger.enabled = true (custom)
2019-08-28 22:29:15,930 [pool-505-thread-1] INFO  server.RaftServerConfigKeys (ConfUtils.java:logGet(43)) - raft.server.snapshot.auto.trigger.threshold = 10000 (custom)
2019-08-28 22:29:15,930 [pool-505-thread-1] INFO  server.RaftServerConfigKeys (ConfUtils.java:logGet(43)) - raft.server.retrycache.expirytime = 600000ms (custom)
2019-08-28 22:29:15,930 [pool-505-thread-1] INFO  impl.RaftServerImpl (RaftServerImpl.java:start(180)) - e74f9000-1f49-4295-bac2-6bdfe4b05d98: start group-55E658D48DA2
2019-08-28 22:29:15,931 [pool-505-thread-1] INFO  impl.RaftServerImpl (RaftServerImpl.java:setRole(171)) - e74f9000-1f49-4295-bac2-6bdfe4b05d98:group-55E658D48DA2 changes role from null to FOLLOWER at term 0 for startAsFollower
2019-08-28 22:29:15,931 [pool-505-thread-1] INFO  impl.RoleInfo (RoleInfo.java:updateAndGet(143)) - e74f9000-1f49-4295-bac2-6bdfe4b05d98: start FollowerState
2019-08-28 22:29:15,931 [pool-505-thread-1] INFO  util.JmxRegister (JmxRegister.java:tryRegister(44)) - Successfully registered JMX Bean with object name Ratis:service=RaftServer,group=group-55E658D48DA2,id=e74f9000-1f49-4295-bac2-6bdfe4b05d98
2019-08-28 22:29:15,934 [RatisPipelineUtilsThread] INFO  pipeline.PipelineStateManager (PipelineStateManager.java:addPipeline(56)) - Created pipeline Pipeline[ Id: b3378f1c-b5a7-4404-b75a-55e658d48da2, Nodes: e74f9000-1f49-4295-bac2-6bdfe4b05d98{ip: 192.168.36.111, host: pr-hdds-1909-jt4r9-1943541209, networkLocation: /default-rack, certSerialId: null}, Type:RATIS, Factor:ONE, State:OPEN]
2019-08-28 22:29:15,953 [grpc-default-executor-9] INFO  impl.RaftServerProxy (RaftServerProxy.java:addNew(89)) - e661242e-7c31-4a11-b0a8-eee9611e009e: addNew group-F5CD74B03FFE:[e661242e-7c31-4a11-b0a8-eee9611e009e:192.168.36.111:32931] returns group-F5CD74B03FFE:java.util.concurrent.CompletableFuture@5f663adb[Not completed]
2019-08-28 22:29:15,954 [pool-472-thread-1] INFO  impl.RaftServerImpl (RaftServerImpl.java:<init>(93)) - e661242e-7c31-4a11-b0a8-eee9611e009e: new RaftServerImpl for group-F5CD74B03FFE:[e661242e-7c31-4a11-b0a8-eee9611e009e:192.168.36.111:32931] with ContainerStateMachine:uninitialized
2019-08-28 22:29:15,955 [pool-472-thread-1] INFO  server.RaftServerConfigKeys (ConfUtils.java:logGet(43)) - raft.server.rpc.timeout.min = 5s (custom)
2019-08-28 22:29:15,955 [pool-472-thread-1] INFO  server.RaftServerConfigKeys (ConfUtils.java:logGet(43)) - raft.server.rpc.timeout.max = 5200ms (custom)
2019-08-28 22:29:15,955 [pool-472-thread-1] INFO  server.RaftServerConfigKeys (ConfUtils.java:logGet(43)) - raft.server.rpcslowness.timeout = 120s (custom)
2019-08-28 22:29:15,955 [pool-472-thread-1] INFO  server.RaftServerConfigKeys (ConfUtils.java:logGet(43)) - raft.server.sleep.deviation.threshold = 300 (default)
2019-08-28 22:29:15,955 [pool-472-thread-1] INFO  server.RaftServerConfigKeys (ConfUtils.java:logGet(43)) - raft.server.log.appender.install.snapshot.enabled = false (custom)
2019-08-28 22:29:15,955 [pool-472-thread-1] INFO  impl.RaftServerImpl (ServerState.java:<init>(105)) - e661242e-7c31-4a11-b0a8-eee9611e009e:group-F5CD74B03FFE ConfigurationManager, init=-1: [e661242e-7c31-4a11-b0a8-eee9611e009e:192.168.36.111:32931], old=null, confs=<EMPTY_MAP>
2019-08-28 22:29:15,956 [pool-472-thread-1] INFO  server.RaftServerConfigKeys (ConfUtils.java:logGet(43)) - raft.server.storage.dir = [/workdir/hadoop-ozone/integration-test/target/test-dir/MiniOzoneClusterImpl-cce2e0e6-0bf2-4ba0-8cd7-9d92f34a1712/datanode-3/data/ratis] (custom)
2019-08-28 22:29:15,956 [pool-472-thread-1] INFO  storage.RaftStorageDirectory (RaftStorageDirectory.java:analyzeStorage(246)) - The storage directory /workdir/hadoop-ozone/integration-test/target/test-dir/MiniOzoneClusterImpl-cce2e0e6-0bf2-4ba0-8cd7-9d92f34a1712/datanode-3/data/ratis/6fbc6d75-b636-495b-b8cd-f5cd74b03ffe does not exist. Creating ...
2019-08-28 22:29:15,975 [pool-472-thread-1] INFO  storage.RaftStorageDirectory (RaftStorageDirectory.java:tryLock(328)) - Lock on /workdir/hadoop-ozone/integration-test/target/test-dir/MiniOzoneClusterImpl-cce2e0e6-0bf2-4ba0-8cd7-9d92f34a1712/datanode-3/data/ratis/6fbc6d75-b636-495b-b8cd-f5cd74b03ffe/in_use.lock acquired by nodename 22983@pr-hdds-1909-jt4r9-1943541209
2019-08-28 22:29:15,992 [pool-472-thread-1] INFO  storage.RaftStorage (RaftStorage.java:format(72)) - Storage directory /workdir/hadoop-ozone/integration-test/target/test-dir/MiniOzoneClusterImpl-cce2e0e6-0bf2-4ba0-8cd7-9d92f34a1712/datanode-3/data/ratis/6fbc6d75-b636-495b-b8cd-f5cd74b03ffe has been successfully formatted.
2019-08-28 22:29:15,993 [pool-472-thread-1] INFO  ratis.ContainerStateMachine (ContainerStateMachine.java:loadSnapshot(227)) - group-F5CD74B03FFE: The snapshot info is null. Setting the last applied indexto:(t:0, i:~)
2019-08-28 22:29:15,993 [pool-472-thread-1] INFO  server.RaftServerConfigKeys (ConfUtils.java:logGet(43)) - raft.server.leader.election.timeout = 120s (custom)
2019-08-28 22:29:15,993 [pool-472-thread-1] INFO  server.RaftServerConfigKeys (ConfUtils.java:logGet(43)) - raft.server.log.use.memory = false (default)
2019-08-28 22:29:15,993 [pool-472-thread-1] INFO  server.RaftServerConfigKeys (ConfUtils.java:logGet(43)) - raft.server.log.purge.gap = 1000000 (custom)
2019-08-28 22:29:15,993 [pool-472-thread-1] INFO  server.RaftServerConfigKeys (ConfUtils.java:logGet(43)) - raft.server.log.appender.buffer.byte-limit = 33554432 (custom)
2019-08-28 22:29:15,994 [pool-472-thread-1] INFO  server.RaftServerConfigKeys (ConfUtils.java:logGet(43)) - raft.server.log.segment.size.max = 1048576 (custom)
2019-08-28 22:29:15,994 [pool-472-thread-1] INFO  server.RaftServerConfigKeys (ConfUtils.java:logGet(43)) - raft.server.log.segment.cache.num.max = 2 (custom)
2019-08-28 22:29:15,994 [pool-472-thread-1] INFO  segmented.SegmentedRaftLogWorker (SegmentedRaftLogWorker.java:<init>(172)) - new e661242e-7c31-4a11-b0a8-eee9611e009e-SegmentedRaftLogWorker:Storage Directory /workdir/hadoop-ozone/integration-test/target/test-dir/MiniOzoneClusterImpl-cce2e0e6-0bf2-4ba0-8cd7-9d92f34a1712/datanode-3/data/ratis/6fbc6d75-b636-495b-b8cd-f5cd74b03ffe for RaftStorage:Storage Directory /workdir/hadoop-ozone/integration-test/target/test-dir/MiniOzoneClusterImpl-cce2e0e6-0bf2-4ba0-8cd7-9d92f34a1712/datanode-3/data/ratis/6fbc6d75-b636-495b-b8cd-f5cd74b03ffe
2019-08-28 22:29:15,994 [pool-472-thread-1] INFO  server.RaftServerConfigKeys (ConfUtils.java:logGet(43)) - raft.server.log.queue.byte-limit = 2147483647 (custom)
2019-08-28 22:29:15,994 [pool-472-thread-1] INFO  server.RaftServerConfigKeys (ConfUtils.java:logGet(43)) - raft.server.log.queue.element-limit = 1024 (custom)
2019-08-28 22:29:15,995 [pool-472-thread-1] INFO  server.RaftServerConfigKeys (ConfUtils.java:logGet(43)) - raft.server.log.segment.size.max = 1048576 (custom)
2019-08-28 22:29:15,995 [pool-472-thread-1] INFO  server.RaftServerConfigKeys (ConfUtils.java:logGet(43)) - raft.server.log.preallocated.size = 16384 (custom)
2019-08-28 22:29:15,995 [pool-472-thread-1] INFO  server.RaftServerConfigKeys (ConfUtils.java:logGet(43)) - raft.server.log.write.buffer.size = 33554432 (custom)
2019-08-28 22:29:15,995 [pool-472-thread-1] INFO  server.RaftServerConfigKeys (ConfUtils.java:logGet(43)) - raft.server.log.force.sync.num = 128 (default)
2019-08-28 22:29:15,995 [pool-472-thread-1] INFO  server.RaftServerConfigKeys (ConfUtils.java:logGet(43)) - raft.server.log.statemachine.data.sync = true (default)
2019-08-28 22:29:15,995 [pool-472-thread-1] INFO  server.RaftServerConfigKeys (ConfUtils.java:logGet(43)) - raft.server.log.statemachine.data.sync.timeout = 10s (default)
2019-08-28 22:29:15,995 [pool-472-thread-1] INFO  server.RaftServerConfigKeys (ConfUtils.java:logGet(43)) - raft.server.log.statemachine.data.sync.timeout.retry = -1 (default)
2019-08-28 22:29:15,996 [pool-472-thread-1] INFO  server.RaftServerConfigKeys (ConfUtils.java:logGet(43)) - raft.server.log.statemachine.data.caching.enabled = true (custom)
2019-08-28 22:29:15,996 [pool-472-thread-1] INFO  segmented.SegmentedRaftLogWorker (SegmentedRaftLogWorker.java:lambda$new$0(132)) - e661242e-7c31-4a11-b0a8-eee9611e009e-SegmentedRaftLogWorker:Storage Directory /workdir/hadoop-ozone/integration-test/target/test-dir/MiniOzoneClusterImpl-cce2e0e6-0bf2-4ba0-8cd7-9d92f34a1712/datanode-3/data/ratis/6fbc6d75-b636-495b-b8cd-f5cd74b03ffe: flushIndex: setUnconditionally 0 -> -1
2019-08-28 22:29:15,997 [pool-472-thread-1] INFO  server.RaftServerConfigKeys (ConfUtils.java:logGet(43)) - raft.server.snapshot.auto.trigger.enabled = true (custom)
2019-08-28 22:29:15,997 [pool-472-thread-1] INFO  server.RaftServerConfigKeys (ConfUtils.java:logGet(43)) - raft.server.snapshot.auto.trigger.threshold = 10000 (custom)
2019-08-28 22:29:15,997 [pool-472-thread-1] INFO  server.RaftServerConfigKeys (ConfUtils.java:logGet(43)) - raft.server.retrycache.expirytime = 600000ms (custom)
2019-08-28 22:29:15,997 [pool-472-thread-1] INFO  impl.RaftServerImpl (RaftServerImpl.java:start(180)) - e661242e-7c31-4a11-b0a8-eee9611e009e: start group-F5CD74B03FFE
2019-08-28 22:29:15,998 [pool-472-thread-1] INFO  impl.RaftServerImpl (RaftServerImpl.java:setRole(171)) - e661242e-7c31-4a11-b0a8-eee9611e009e:group-F5CD74B03FFE changes role from null to FOLLOWER at term 0 for startAsFollower
2019-08-28 22:29:15,998 [pool-472-thread-1] INFO  impl.RoleInfo (RoleInfo.java:updateAndGet(143)) - e661242e-7c31-4a11-b0a8-eee9611e009e: start FollowerState
2019-08-28 22:29:15,998 [pool-472-thread-1] INFO  util.JmxRegister (JmxRegister.java:tryRegister(44)) - Successfully registered JMX Bean with object name Ratis:service=RaftServer,group=group-F5CD74B03FFE,id=e661242e-7c31-4a11-b0a8-eee9611e009e
2019-08-28 22:29:16,001 [RatisPipelineUtilsThread] INFO  pipeline.PipelineStateManager (PipelineStateManager.java:addPipeline(56)) - Created pipeline Pipeline[ Id: 6fbc6d75-b636-495b-b8cd-f5cd74b03ffe, Nodes: e661242e-7c31-4a11-b0a8-eee9611e009e{ip: 192.168.36.111, host: pr-hdds-1909-jt4r9-1943541209, networkLocation: /default-rack, certSerialId: null}, Type:RATIS, Factor:ONE, State:OPEN]
2019-08-28 22:29:16,015 [grpc-default-executor-4] INFO  impl.RaftServerProxy (RaftServerProxy.java:addNew(89)) - 78712fcb-d0e6-4972-b983-ece35dfef904: addNew group-3CA1E3F135FE:[78b24124-d29f-47d5-a706-e456f105062d:192.168.36.111:33087, 78712fcb-d0e6-4972-b983-ece35dfef904:192.168.36.111:41835, da6bcafd-dc39-4560-8552-9102a185bf89:192.168.36.111:45969] returns group-3CA1E3F135FE:java.util.concurrent.CompletableFuture@519a03a9[Not completed]
2019-08-28 22:29:16,015 [grpc-default-executor-9] INFO  impl.RaftServerProxy (RaftServerProxy.java:addNew(89)) - da6bcafd-dc39-4560-8552-9102a185bf89: addNew group-3CA1E3F135FE:[78b24124-d29f-47d5-a706-e456f105062d:192.168.36.111:33087, 78712fcb-d0e6-4972-b983-ece35dfef904:192.168.36.111:41835, da6bcafd-dc39-4560-8552-9102a185bf89:192.168.36.111:45969] returns group-3CA1E3F135FE:java.util.concurrent.CompletableFuture@46ae2e2c[Not completed]
2019-08-28 22:29:16,016 [pool-494-thread-1] INFO  impl.RaftServerImpl (RaftServerImpl.java:<init>(93)) - 78712fcb-d0e6-4972-b983-ece35dfef904: new RaftServerImpl for group-3CA1E3F135FE:[78b24124-d29f-47d5-a706-e456f105062d:192.168.36.111:33087, 78712fcb-d0e6-4972-b983-ece35dfef904:192.168.36.111:41835, da6bcafd-dc39-4560-8552-9102a185bf89:192.168.36.111:45969] with ContainerStateMachine:uninitialized
2019-08-28 22:29:16,016 [pool-494-thread-1] INFO  server.RaftServerConfigKeys (ConfUtils.java:logGet(43)) - raft.server.rpc.timeout.min = 5s (custom)
2019-08-28 22:29:16,017 [pool-494-thread-1] INFO  server.RaftServerConfigKeys (ConfUtils.java:logGet(43)) - raft.server.rpc.timeout.max = 5200ms (custom)
2019-08-28 22:29:16,017 [pool-494-thread-1] INFO  server.RaftServerConfigKeys (ConfUtils.java:logGet(43)) - raft.server.rpcslowness.timeout = 120s (custom)
2019-08-28 22:29:16,017 [pool-439-thread-1] INFO  impl.RaftServerImpl (RaftServerImpl.java:<init>(93)) - da6bcafd-dc39-4560-8552-9102a185bf89: new RaftServerImpl for group-3CA1E3F135FE:[78b24124-d29f-47d5-a706-e456f105062d:192.168.36.111:33087, 78712fcb-d0e6-4972-b983-ece35dfef904:192.168.36.111:41835, da6bcafd-dc39-4560-8552-9102a185bf89:192.168.36.111:45969] with ContainerStateMachine:uninitialized
2019-08-28 22:29:16,017 [pool-494-thread-1] INFO  server.RaftServerConfigKeys (ConfUtils.java:logGet(43)) - raft.server.sleep.deviation.threshold = 300 (default)
2019-08-28 22:29:16,017 [pool-439-thread-1] INFO  server.RaftServerConfigKeys (ConfUtils.java:logGet(43)) - raft.server.rpc.timeout.min = 5s (custom)
2019-08-28 22:29:16,017 [pool-494-thread-1] INFO  server.RaftServerConfigKeys (ConfUtils.java:logGet(43)) - raft.server.log.appender.install.snapshot.enabled = false (custom)
2019-08-28 22:29:16,017 [pool-439-thread-1] INFO  server.RaftServerConfigKeys (ConfUtils.java:logGet(43)) - raft.server.rpc.timeout.max = 5200ms (custom)
2019-08-28 22:29:16,017 [pool-494-thread-1] INFO  impl.RaftServerImpl (ServerState.java:<init>(105)) - 78712fcb-d0e6-4972-b983-ece35dfef904:group-3CA1E3F135FE ConfigurationManager, init=-1: [78b24124-d29f-47d5-a706-e456f105062d:192.168.36.111:33087, 78712fcb-d0e6-4972-b983-ece35dfef904:192.168.36.111:41835, da6bcafd-dc39-4560-8552-9102a185bf89:192.168.36.111:45969], old=null, confs=<EMPTY_MAP>
2019-08-28 22:29:16,017 [pool-439-thread-1] INFO  server.RaftServerConfigKeys (ConfUtils.java:logGet(43)) - raft.server.rpcslowness.timeout = 120s (custom)
2019-08-28 22:29:16,018 [pool-494-thread-1] INFO  server.RaftServerConfigKeys (ConfUtils.java:logGet(43)) - raft.server.storage.dir = [/workdir/hadoop-ozone/integration-test/target/test-dir/MiniOzoneClusterImpl-cce2e0e6-0bf2-4ba0-8cd7-9d92f34a1712/datanode-5/data/ratis] (custom)
2019-08-28 22:29:16,018 [pool-439-thread-1] INFO  server.RaftServerConfigKeys (ConfUtils.java:logGet(43)) - raft.server.sleep.deviation.threshold = 300 (default)
2019-08-28 22:29:16,018 [pool-439-thread-1] INFO  server.RaftServerConfigKeys (ConfUtils.java:logGet(43)) - raft.server.log.appender.install.snapshot.enabled = false (custom)
2019-08-28 22:29:16,018 [pool-494-thread-1] INFO  storage.RaftStorageDirectory (RaftStorageDirectory.java:analyzeStorage(246)) - The storage directory /workdir/hadoop-ozone/integration-test/target/test-dir/MiniOzoneClusterImpl-cce2e0e6-0bf2-4ba0-8cd7-9d92f34a1712/datanode-5/data/ratis/ef05e67d-8585-441c-bac0-3ca1e3f135fe does not exist. Creating ...
2019-08-28 22:29:16,018 [pool-439-thread-1] INFO  impl.RaftServerImpl (ServerState.java:<init>(105)) - da6bcafd-dc39-4560-8552-9102a185bf89:group-3CA1E3F135FE ConfigurationManager, init=-1: [78b24124-d29f-47d5-a706-e456f105062d:192.168.36.111:33087, 78712fcb-d0e6-4972-b983-ece35dfef904:192.168.36.111:41835, da6bcafd-dc39-4560-8552-9102a185bf89:192.168.36.111:45969], old=null, confs=<EMPTY_MAP>
2019-08-28 22:29:16,019 [pool-439-thread-1] INFO  server.RaftServerConfigKeys (ConfUtils.java:logGet(43)) - raft.server.storage.dir = [/workdir/hadoop-ozone/integration-test/target/test-dir/MiniOzoneClusterImpl-cce2e0e6-0bf2-4ba0-8cd7-9d92f34a1712/datanode-0/data/ratis] (custom)
2019-08-28 22:29:16,019 [pool-439-thread-1] INFO  storage.RaftStorageDirectory (RaftStorageDirectory.java:analyzeStorage(246)) - The storage directory /workdir/hadoop-ozone/integration-test/target/test-dir/MiniOzoneClusterImpl-cce2e0e6-0bf2-4ba0-8cd7-9d92f34a1712/datanode-0/data/ratis/ef05e67d-8585-441c-bac0-3ca1e3f135fe does not exist. Creating ...
2019-08-28 22:29:16,019 [grpc-default-executor-8] INFO  impl.RaftServerProxy (RaftServerProxy.java:addNew(89)) - 78b24124-d29f-47d5-a706-e456f105062d: addNew group-3CA1E3F135FE:[78b24124-d29f-47d5-a706-e456f105062d:192.168.36.111:33087, 78712fcb-d0e6-4972-b983-ece35dfef904:192.168.36.111:41835, da6bcafd-dc39-4560-8552-9102a185bf89:192.168.36.111:45969] returns group-3CA1E3F135FE:java.util.concurrent.CompletableFuture@66c09428[Not completed]
2019-08-28 22:29:16,020 [pool-461-thread-1] INFO  impl.RaftServerImpl (RaftServerImpl.java:<init>(93)) - 78b24124-d29f-47d5-a706-e456f105062d: new RaftServerImpl for group-3CA1E3F135FE:[78b24124-d29f-47d5-a706-e456f105062d:192.168.36.111:33087, 78712fcb-d0e6-4972-b983-ece35dfef904:192.168.36.111:41835, da6bcafd-dc39-4560-8552-9102a185bf89:192.168.36.111:45969] with ContainerStateMachine:uninitialized
2019-08-28 22:29:16,021 [pool-461-thread-1] INFO  server.RaftServerConfigKeys (ConfUtils.java:logGet(43)) - raft.server.rpc.timeout.min = 5s (custom)
2019-08-28 22:29:16,021 [pool-461-thread-1] INFO  server.RaftServerConfigKeys (ConfUtils.java:logGet(43)) - raft.server.rpc.timeout.max = 5200ms (custom)
2019-08-28 22:29:16,021 [pool-461-thread-1] INFO  server.RaftServerConfigKeys (ConfUtils.java:logGet(43)) - raft.server.rpcslowness.timeout = 120s (custom)
2019-08-28 22:29:16,021 [pool-461-thread-1] INFO  server.RaftServerConfigKeys (ConfUtils.java:logGet(43)) - raft.server.sleep.deviation.threshold = 300 (default)
2019-08-28 22:29:16,021 [pool-461-thread-1] INFO  server.RaftServerConfigKeys (ConfUtils.java:logGet(43)) - raft.server.log.appender.install.snapshot.enabled = false (custom)
2019-08-28 22:29:16,021 [pool-461-thread-1] INFO  impl.RaftServerImpl (ServerState.java:<init>(105)) - 78b24124-d29f-47d5-a706-e456f105062d:group-3CA1E3F135FE ConfigurationManager, init=-1: [78b24124-d29f-47d5-a706-e456f105062d:192.168.36.111:33087, 78712fcb-d0e6-4972-b983-ece35dfef904:192.168.36.111:41835, da6bcafd-dc39-4560-8552-9102a185bf89:192.168.36.111:45969], old=null, confs=<EMPTY_MAP>
2019-08-28 22:29:16,021 [pool-461-thread-1] INFO  server.RaftServerConfigKeys (ConfUtils.java:logGet(43)) - raft.server.storage.dir = [/workdir/hadoop-ozone/integration-test/target/test-dir/MiniOzoneClusterImpl-cce2e0e6-0bf2-4ba0-8cd7-9d92f34a1712/datanode-2/data/ratis] (custom)
2019-08-28 22:29:16,022 [pool-461-thread-1] INFO  storage.RaftStorageDirectory (RaftStorageDirectory.java:analyzeStorage(246)) - The storage directory /workdir/hadoop-ozone/integration-test/target/test-dir/MiniOzoneClusterImpl-cce2e0e6-0bf2-4ba0-8cd7-9d92f34a1712/datanode-2/data/ratis/ef05e67d-8585-441c-bac0-3ca1e3f135fe does not exist. Creating ...
2019-08-28 22:29:16,034 [pool-439-thread-1] INFO  storage.RaftStorageDirectory (RaftStorageDirectory.java:tryLock(328)) - Lock on /workdir/hadoop-ozone/integration-test/target/test-dir/MiniOzoneClusterImpl-cce2e0e6-0bf2-4ba0-8cd7-9d92f34a1712/datanode-0/data/ratis/ef05e67d-8585-441c-bac0-3ca1e3f135fe/in_use.lock acquired by nodename 22983@pr-hdds-1909-jt4r9-1943541209
2019-08-28 22:29:16,035 [pool-494-thread-1] INFO  storage.RaftStorageDirectory (RaftStorageDirectory.java:tryLock(328)) - Lock on /workdir/hadoop-ozone/integration-test/target/test-dir/MiniOzoneClusterImpl-cce2e0e6-0bf2-4ba0-8cd7-9d92f34a1712/datanode-5/data/ratis/ef05e67d-8585-441c-bac0-3ca1e3f135fe/in_use.lock acquired by nodename 22983@pr-hdds-1909-jt4r9-1943541209
2019-08-28 22:29:16,035 [pool-461-thread-1] INFO  storage.RaftStorageDirectory (RaftStorageDirectory.java:tryLock(328)) - Lock on /workdir/hadoop-ozone/integration-test/target/test-dir/MiniOzoneClusterImpl-cce2e0e6-0bf2-4ba0-8cd7-9d92f34a1712/datanode-2/data/ratis/ef05e67d-8585-441c-bac0-3ca1e3f135fe/in_use.lock acquired by nodename 22983@pr-hdds-1909-jt4r9-1943541209
2019-08-28 22:29:16,052 [pool-461-thread-1] INFO  storage.RaftStorage (RaftStorage.java:format(72)) - Storage directory /workdir/hadoop-ozone/integration-test/target/test-dir/MiniOzoneClusterImpl-cce2e0e6-0bf2-4ba0-8cd7-9d92f34a1712/datanode-2/data/ratis/ef05e67d-8585-441c-bac0-3ca1e3f135fe has been successfully formatted.
2019-08-28 22:29:16,052 [pool-494-thread-1] INFO  storage.RaftStorage (RaftStorage.java:format(72)) - Storage directory /workdir/hadoop-ozone/integration-test/target/test-dir/MiniOzoneClusterImpl-cce2e0e6-0bf2-4ba0-8cd7-9d92f34a1712/datanode-5/data/ratis/ef05e67d-8585-441c-bac0-3ca1e3f135fe has been successfully formatted.
2019-08-28 22:29:16,052 [pool-439-thread-1] INFO  storage.RaftStorage (RaftStorage.java:format(72)) - Storage directory /workdir/hadoop-ozone/integration-test/target/test-dir/MiniOzoneClusterImpl-cce2e0e6-0bf2-4ba0-8cd7-9d92f34a1712/datanode-0/data/ratis/ef05e67d-8585-441c-bac0-3ca1e3f135fe has been successfully formatted.
2019-08-28 22:29:16,052 [pool-461-thread-1] INFO  ratis.ContainerStateMachine (ContainerStateMachine.java:loadSnapshot(227)) - group-3CA1E3F135FE: The snapshot info is null. Setting the last applied indexto:(t:0, i:~)
2019-08-28 22:29:16,053 [pool-439-thread-1] INFO  ratis.ContainerStateMachine (ContainerStateMachine.java:loadSnapshot(227)) - group-3CA1E3F135FE: The snapshot info is null. Setting the last applied indexto:(t:0, i:~)
2019-08-28 22:29:16,053 [pool-494-thread-1] INFO  ratis.ContainerStateMachine (ContainerStateMachine.java:loadSnapshot(227)) - group-3CA1E3F135FE: The snapshot info is null. Setting the last applied indexto:(t:0, i:~)
2019-08-28 22:29:16,053 [pool-439-thread-1] INFO  server.RaftServerConfigKeys (ConfUtils.java:logGet(43)) - raft.server.leader.election.timeout = 120s (custom)
2019-08-28 22:29:16,053 [pool-461-thread-1] INFO  server.RaftServerConfigKeys (ConfUtils.java:logGet(43)) - raft.server.leader.election.timeout = 120s (custom)
2019-08-28 22:29:16,053 [pool-439-thread-1] INFO  server.RaftServerConfigKeys (ConfUtils.java:logGet(43)) - raft.server.log.use.memory = false (default)
2019-08-28 22:29:16,053 [pool-494-thread-1] INFO  server.RaftServerConfigKeys (ConfUtils.java:logGet(43)) - raft.server.leader.election.timeout = 120s (custom)
2019-08-28 22:29:16,053 [pool-439-thread-1] INFO  server.RaftServerConfigKeys (ConfUtils.java:logGet(43)) - raft.server.log.purge.gap = 1000000 (custom)
2019-08-28 22:29:16,053 [pool-461-thread-1] INFO  server.RaftServerConfigKeys (ConfUtils.java:logGet(43)) - raft.server.log.use.memory = false (default)
2019-08-28 22:29:16,054 [pool-439-thread-1] INFO  server.RaftServerConfigKeys (ConfUtils.java:logGet(43)) - raft.server.log.appender.buffer.byte-limit = 33554432 (custom)
2019-08-28 22:29:16,053 [pool-494-thread-1] INFO  server.RaftServerConfigKeys (ConfUtils.java:logGet(43)) - raft.server.log.use.memory = false (default)
2019-08-28 22:29:16,054 [pool-439-thread-1] INFO  server.RaftServerConfigKeys (ConfUtils.java:logGet(43)) - raft.server.log.segment.size.max = 1048576 (custom)
2019-08-28 22:29:16,054 [pool-461-thread-1] INFO  server.RaftServerConfigKeys (ConfUtils.java:logGet(43)) - raft.server.log.purge.gap = 1000000 (custom)
2019-08-28 22:29:16,054 [pool-439-thread-1] INFO  server.RaftServerConfigKeys (ConfUtils.java:logGet(43)) - raft.server.log.segment.cache.num.max = 2 (custom)
2019-08-28 22:29:16,054 [pool-494-thread-1] INFO  server.RaftServerConfigKeys (ConfUtils.java:logGet(43)) - raft.server.log.purge.gap = 1000000 (custom)
2019-08-28 22:29:16,054 [pool-439-thread-1] INFO  segmented.SegmentedRaftLogWorker (SegmentedRaftLogWorker.java:<init>(172)) - new da6bcafd-dc39-4560-8552-9102a185bf89-SegmentedRaftLogWorker:Storage Directory /workdir/hadoop-ozone/integration-test/target/test-dir/MiniOzoneClusterImpl-cce2e0e6-0bf2-4ba0-8cd7-9d92f34a1712/datanode-0/data/ratis/ef05e67d-8585-441c-bac0-3ca1e3f135fe for RaftStorage:Storage Directory /workdir/hadoop-ozone/integration-test/target/test-dir/MiniOzoneClusterImpl-cce2e0e6-0bf2-4ba0-8cd7-9d92f34a1712/datanode-0/data/ratis/ef05e67d-8585-441c-bac0-3ca1e3f135fe
2019-08-28 22:29:16,054 [pool-461-thread-1] INFO  server.RaftServerConfigKeys (ConfUtils.java:logGet(43)) - raft.server.log.appender.buffer.byte-limit = 33554432 (custom)
2019-08-28 22:29:16,055 [pool-439-thread-1] INFO  server.RaftServerConfigKeys (ConfUtils.java:logGet(43)) - raft.server.log.queue.byte-limit = 2147483647 (custom)
2019-08-28 22:29:16,055 [pool-439-thread-1] INFO  server.RaftServerConfigKeys (ConfUtils.java:logGet(43)) - raft.server.log.queue.element-limit = 1024 (custom)
2019-08-28 22:29:16,055 [pool-494-thread-1] INFO  server.RaftServerConfigKeys (ConfUtils.java:logGet(43)) - raft.server.log.appender.buffer.byte-limit = 33554432 (custom)
2019-08-28 22:29:16,055 [pool-439-thread-1] INFO  server.RaftServerConfigKeys (ConfUtils.java:logGet(43)) - raft.server.log.segment.size.max = 1048576 (custom)
2019-08-28 22:29:16,055 [pool-461-thread-1] INFO  server.RaftServerConfigKeys (ConfUtils.java:logGet(43)) - raft.server.log.segment.size.max = 1048576 (custom)
2019-08-28 22:29:16,055 [pool-439-thread-1] INFO  server.RaftServerConfigKeys (ConfUtils.java:logGet(43)) - raft.server.log.preallocated.size = 16384 (custom)
2019-08-28 22:29:16,055 [pool-494-thread-1] INFO  server.RaftServerConfigKeys (ConfUtils.java:logGet(43)) - raft.server.log.segment.size.max = 1048576 (custom)
2019-08-28 22:29:16,056 [pool-439-thread-1] INFO  server.RaftServerConfigKeys (ConfUtils.java:logGet(43)) - raft.server.log.write.buffer.size = 33554432 (custom)
2019-08-28 22:29:16,056 [pool-461-thread-1] INFO  server.RaftServerConfigKeys (ConfUtils.java:logGet(43)) - raft.server.log.segment.cache.num.max = 2 (custom)
2019-08-28 22:29:16,056 [pool-439-thread-1] INFO  server.RaftServerConfigKeys (ConfUtils.java:logGet(43)) - raft.server.log.force.sync.num = 128 (default)
2019-08-28 22:29:16,056 [pool-494-thread-1] INFO  server.RaftServerConfigKeys (ConfUtils.java:logGet(43)) - raft.server.log.segment.cache.num.max = 2 (custom)
2019-08-28 22:29:16,056 [pool-439-thread-1] INFO  server.RaftServerConfigKeys (ConfUtils.java:logGet(43)) - raft.server.log.statemachine.data.sync = true (default)
2019-08-28 22:29:16,056 [pool-461-thread-1] INFO  segmented.SegmentedRaftLogWorker (SegmentedRaftLogWorker.java:<init>(172)) - new 78b24124-d29f-47d5-a706-e456f105062d-SegmentedRaftLogWorker:Storage Directory /workdir/hadoop-ozone/integration-test/target/test-dir/MiniOzoneClusterImpl-cce2e0e6-0bf2-4ba0-8cd7-9d92f34a1712/datanode-2/data/ratis/ef05e67d-8585-441c-bac0-3ca1e3f135fe for RaftStorage:Storage Directory /workdir/hadoop-ozone/integration-test/target/test-dir/MiniOzoneClusterImpl-cce2e0e6-0bf2-4ba0-8cd7-9d92f34a1712/datanode-2/data/ratis/ef05e67d-8585-441c-bac0-3ca1e3f135fe
2019-08-28 22:29:16,057 [pool-439-thread-1] INFO  server.RaftServerConfigKeys (ConfUtils.java:logGet(43)) - raft.server.log.statemachine.data.sync.timeout = 10s (default)
2019-08-28 22:29:16,057 [pool-494-thread-1] INFO  segmented.SegmentedRaftLogWorker (SegmentedRaftLogWorker.java:<init>(172)) - new 78712fcb-d0e6-4972-b983-ece35dfef904-SegmentedRaftLogWorker:Storage Directory /workdir/hadoop-ozone/integration-test/target/test-dir/MiniOzoneClusterImpl-cce2e0e6-0bf2-4ba0-8cd7-9d92f34a1712/datanode-5/data/ratis/ef05e67d-8585-441c-bac0-3ca1e3f135fe for RaftStorage:Storage Directory /workdir/hadoop-ozone/integration-test/target/test-dir/MiniOzoneClusterImpl-cce2e0e6-0bf2-4ba0-8cd7-9d92f34a1712/datanode-5/data/ratis/ef05e67d-8585-441c-bac0-3ca1e3f135fe
2019-08-28 22:29:16,057 [pool-439-thread-1] INFO  server.RaftServerConfigKeys (ConfUtils.java:logGet(43)) - raft.server.log.statemachine.data.sync.timeout.retry = -1 (default)
2019-08-28 22:29:16,057 [pool-461-thread-1] INFO  server.RaftServerConfigKeys (ConfUtils.java:logGet(43)) - raft.server.log.queue.byte-limit = 2147483647 (custom)
2019-08-28 22:29:16,057 [pool-439-thread-1] INFO  server.RaftServerConfigKeys (ConfUtils.java:logGet(43)) - raft.server.log.statemachine.data.caching.enabled = true (custom)
2019-08-28 22:29:16,057 [pool-494-thread-1] INFO  server.RaftServerConfigKeys (ConfUtils.java:logGet(43)) - raft.server.log.queue.byte-limit = 2147483647 (custom)
2019-08-28 22:29:16,058 [pool-494-thread-1] INFO  server.RaftServerConfigKeys (ConfUtils.java:logGet(43)) - raft.server.log.queue.element-limit = 1024 (custom)
2019-08-28 22:29:16,057 [pool-461-thread-1] INFO  server.RaftServerConfigKeys (ConfUtils.java:logGet(43)) - raft.server.log.queue.element-limit = 1024 (custom)
2019-08-28 22:29:16,058 [pool-494-thread-1] INFO  server.RaftServerConfigKeys (ConfUtils.java:logGet(43)) - raft.server.log.segment.size.max = 1048576 (custom)
2019-08-28 22:29:16,058 [pool-439-thread-1] INFO  segmented.SegmentedRaftLogWorker (SegmentedRaftLogWorker.java:lambda$new$0(132)) - da6bcafd-dc39-4560-8552-9102a185bf89-SegmentedRaftLogWorker:Storage Directory /workdir/hadoop-ozone/integration-test/target/test-dir/MiniOzoneClusterImpl-cce2e0e6-0bf2-4ba0-8cd7-9d92f34a1712/datanode-0/data/ratis/ef05e67d-8585-441c-bac0-3ca1e3f135fe: flushIndex: setUnconditionally 0 -> -1
2019-08-28 22:29:16,058 [pool-494-thread-1] INFO  server.RaftServerConfigKeys (ConfUtils.java:logGet(43)) - raft.server.log.preallocated.size = 16384 (custom)
2019-08-28 22:29:16,058 [pool-461-thread-1] INFO  server.RaftServerConfigKeys (ConfUtils.java:logGet(43)) - raft.server.log.segment.size.max = 1048576 (custom)
2019-08-28 22:29:16,059 [pool-439-thread-1] INFO  server.RaftServerConfigKeys (ConfUtils.java:logGet(43)) - raft.server.snapshot.auto.trigger.enabled = true (custom)
2019-08-28 22:29:16,058 [pool-494-thread-1] INFO  server.RaftServerConfigKeys (ConfUtils.java:logGet(43)) - raft.server.log.write.buffer.size = 33554432 (custom)
2019-08-28 22:29:16,059 [pool-439-thread-1] INFO  server.RaftServerConfigKeys (ConfUtils.java:logGet(43)) - raft.server.snapshot.auto.trigger.threshold = 10000 (custom)
2019-08-28 22:29:16,059 [pool-461-thread-1] INFO  server.RaftServerConfigKeys (ConfUtils.java:logGet(43)) - raft.server.log.preallocated.size = 16384 (custom)
2019-08-28 22:29:16,059 [pool-439-thread-1] INFO  server.RaftServerConfigKeys (ConfUtils.java:logGet(43)) - raft.server.retrycache.expirytime = 600000ms (custom)
2019-08-28 22:29:16,059 [pool-494-thread-1] INFO  server.RaftServerConfigKeys (ConfUtils.java:logGet(43)) - raft.server.log.force.sync.num = 128 (default)
2019-08-28 22:29:16,059 [pool-461-thread-1] INFO  server.RaftServerConfigKeys (ConfUtils.java:logGet(43)) - raft.server.log.write.buffer.size = 33554432 (custom)
2019-08-28 22:29:16,059 [pool-439-thread-1] INFO  impl.RaftServerImpl (RaftServerImpl.java:start(180)) - da6bcafd-dc39-4560-8552-9102a185bf89: start group-3CA1E3F135FE
2019-08-28 22:29:16,059 [pool-494-thread-1] INFO  server.RaftServerConfigKeys (ConfUtils.java:logGet(43)) - raft.server.log.statemachine.data.sync = true (default)
2019-08-28 22:29:16,060 [pool-439-thread-1] INFO  impl.RaftServerImpl (RaftServerImpl.java:setRole(171)) - da6bcafd-dc39-4560-8552-9102a185bf89:group-3CA1E3F135FE changes role from null to FOLLOWER at term 0 for startAsFollower
2019-08-28 22:29:16,060 [pool-461-thread-1] INFO  server.RaftServerConfigKeys (ConfUtils.java:logGet(43)) - raft.server.log.force.sync.num = 128 (default)
2019-08-28 22:29:16,060 [pool-439-thread-1] INFO  impl.RoleInfo (RoleInfo.java:updateAndGet(143)) - da6bcafd-dc39-4560-8552-9102a185bf89: start FollowerState
2019-08-28 22:29:16,060 [pool-494-thread-1] INFO  server.RaftServerConfigKeys (ConfUtils.java:logGet(43)) - raft.server.log.statemachine.data.sync.timeout = 10s (default)
2019-08-28 22:29:16,060 [pool-461-thread-1] INFO  server.RaftServerConfigKeys (ConfUtils.java:logGet(43)) - raft.server.log.statemachine.data.sync = true (default)
2019-08-28 22:29:16,070 [pool-439-thread-1] INFO  util.JmxRegister (JmxRegister.java:tryRegister(44)) - Successfully registered JMX Bean with object name Ratis:service=RaftServer,group=group-3CA1E3F135FE,id=da6bcafd-dc39-4560-8552-9102a185bf89
2019-08-28 22:29:16,060 [pool-494-thread-1] INFO  server.RaftServerConfigKeys (ConfUtils.java:logGet(43)) - raft.server.log.statemachine.data.sync.timeout.retry = -1 (default)
2019-08-28 22:29:16,070 [pool-461-thread-1] INFO  server.RaftServerConfigKeys (ConfUtils.java:logGet(43)) - raft.server.log.statemachine.data.sync.timeout = 10s (default)
2019-08-28 22:29:16,071 [pool-494-thread-1] INFO  server.RaftServerConfigKeys (ConfUtils.java:logGet(43)) - raft.server.log.statemachine.data.caching.enabled = true (custom)
2019-08-28 22:29:16,071 [pool-461-thread-1] INFO  server.RaftServerConfigKeys (ConfUtils.java:logGet(43)) - raft.server.log.statemachine.data.sync.timeout.retry = -1 (default)
2019-08-28 22:29:16,079 [pool-494-thread-1] INFO  segmented.SegmentedRaftLogWorker (SegmentedRaftLogWorker.java:lambda$new$0(132)) - 78712fcb-d0e6-4972-b983-ece35dfef904-SegmentedRaftLogWorker:Storage Directory /workdir/hadoop-ozone/integration-test/target/test-dir/MiniOzoneClusterImpl-cce2e0e6-0bf2-4ba0-8cd7-9d92f34a1712/datanode-5/data/ratis/ef05e67d-8585-441c-bac0-3ca1e3f135fe: flushIndex: setUnconditionally 0 -> -1
2019-08-28 22:29:16,079 [pool-461-thread-1] INFO  server.RaftServerConfigKeys (ConfUtils.java:logGet(43)) - raft.server.log.statemachine.data.caching.enabled = true (custom)
2019-08-28 22:29:16,079 [pool-494-thread-1] INFO  server.RaftServerConfigKeys (ConfUtils.java:logGet(43)) - raft.server.snapshot.auto.trigger.enabled = true (custom)
2019-08-28 22:29:16,079 [pool-461-thread-1] INFO  segmented.SegmentedRaftLogWorker (SegmentedRaftLogWorker.java:lambda$new$0(132)) - 78b24124-d29f-47d5-a706-e456f105062d-SegmentedRaftLogWorker:Storage Directory /workdir/hadoop-ozone/integration-test/target/test-dir/MiniOzoneClusterImpl-cce2e0e6-0bf2-4ba0-8cd7-9d92f34a1712/datanode-2/data/ratis/ef05e67d-8585-441c-bac0-3ca1e3f135fe: flushIndex: setUnconditionally 0 -> -1
2019-08-28 22:29:16,079 [pool-494-thread-1] INFO  server.RaftServerConfigKeys (ConfUtils.java:logGet(43)) - raft.server.snapshot.auto.trigger.threshold = 10000 (custom)
2019-08-28 22:29:16,080 [pool-461-thread-1] INFO  server.RaftServerConfigKeys (ConfUtils.java:logGet(43)) - raft.server.snapshot.auto.trigger.enabled = true (custom)
2019-08-28 22:29:16,080 [pool-494-thread-1] INFO  server.RaftServerConfigKeys (ConfUtils.java:logGet(43)) - raft.server.retrycache.expirytime = 600000ms (custom)
2019-08-28 22:29:16,080 [pool-461-thread-1] INFO  server.RaftServerConfigKeys (ConfUtils.java:logGet(43)) - raft.server.snapshot.auto.trigger.threshold = 10000 (custom)
2019-08-28 22:29:16,080 [pool-494-thread-1] INFO  impl.RaftServerImpl (RaftServerImpl.java:start(180)) - 78712fcb-d0e6-4972-b983-ece35dfef904: start group-3CA1E3F135FE
2019-08-28 22:29:16,080 [pool-461-thread-1] INFO  server.RaftServerConfigKeys (ConfUtils.java:logGet(43)) - raft.server.retrycache.expirytime = 600000ms (custom)
2019-08-28 22:29:16,080 [pool-494-thread-1] INFO  impl.RaftServerImpl (RaftServerImpl.java:setRole(171)) - 78712fcb-d0e6-4972-b983-ece35dfef904:group-3CA1E3F135FE changes role from null to FOLLOWER at term 0 for startAsFollower
2019-08-28 22:29:16,080 [pool-461-thread-1] INFO  impl.RaftServerImpl (RaftServerImpl.java:start(180)) - 78b24124-d29f-47d5-a706-e456f105062d: start group-3CA1E3F135FE
2019-08-28 22:29:16,080 [pool-494-thread-1] INFO  impl.RoleInfo (RoleInfo.java:updateAndGet(143)) - 78712fcb-d0e6-4972-b983-ece35dfef904: start FollowerState
2019-08-28 22:29:16,080 [pool-461-thread-1] INFO  impl.RaftServerImpl (RaftServerImpl.java:setRole(171)) - 78b24124-d29f-47d5-a706-e456f105062d:group-3CA1E3F135FE changes role from null to FOLLOWER at term 0 for startAsFollower
2019-08-28 22:29:16,081 [pool-461-thread-1] INFO  impl.RoleInfo (RoleInfo.java:updateAndGet(143)) - 78b24124-d29f-47d5-a706-e456f105062d: start FollowerState
2019-08-28 22:29:16,081 [pool-494-thread-1] INFO  util.JmxRegister (JmxRegister.java:tryRegister(44)) - Successfully registered JMX Bean with object name Ratis:service=RaftServer,group=group-3CA1E3F135FE,id=78712fcb-d0e6-4972-b983-ece35dfef904
2019-08-28 22:29:16,081 [pool-461-thread-1] INFO  util.JmxRegister (JmxRegister.java:tryRegister(44)) - Successfully registered JMX Bean with object name Ratis:service=RaftServer,group=group-3CA1E3F135FE,id=78b24124-d29f-47d5-a706-e456f105062d
2019-08-28 22:29:16,083 [RatisPipelineUtilsThread] INFO  pipeline.PipelineStateManager (PipelineStateManager.java:addPipeline(56)) - Created pipeline Pipeline[ Id: ef05e67d-8585-441c-bac0-3ca1e3f135fe, Nodes: da6bcafd-dc39-4560-8552-9102a185bf89{ip: 192.168.36.111, host: pr-hdds-1909-jt4r9-1943541209, networkLocation: /default-rack, certSerialId: null}78b24124-d29f-47d5-a706-e456f105062d{ip: 192.168.36.111, host: pr-hdds-1909-jt4r9-1943541209, networkLocation: /default-rack, certSerialId: null}78712fcb-d0e6-4972-b983-ece35dfef904{ip: 192.168.36.111, host: pr-hdds-1909-jt4r9-1943541209, networkLocation: /default-rack, certSerialId: null}, Type:RATIS, Factor:THREE, State:OPEN]
2019-08-28 22:29:16,099 [grpc-default-executor-4] INFO  impl.RaftServerProxy (RaftServerProxy.java:addNew(89)) - abdbdc2e-95e2-4fe0-a869-d51025a8c9fe: addNew group-5E79B7FD0278:[97096794-4d10-4cd1-9679-c7a18a289ffb:192.168.36.111:36537, abdbdc2e-95e2-4fe0-a869-d51025a8c9fe:192.168.36.111:43325, e74f9000-1f49-4295-bac2-6bdfe4b05d98:192.168.36.111:44226] returns group-5E79B7FD0278:java.util.concurrent.CompletableFuture@3783345b[Not completed]
2019-08-28 22:29:16,099 [grpc-default-executor-8] INFO  impl.RaftServerProxy (RaftServerProxy.java:addNew(89)) - 97096794-4d10-4cd1-9679-c7a18a289ffb: addNew group-5E79B7FD0278:[97096794-4d10-4cd1-9679-c7a18a289ffb:192.168.36.111:36537, abdbdc2e-95e2-4fe0-a869-d51025a8c9fe:192.168.36.111:43325, e74f9000-1f49-4295-bac2-6bdfe4b05d98:192.168.36.111:44226] returns group-5E79B7FD0278:java.util.concurrent.CompletableFuture@595c8ebf[Not completed]
2019-08-28 22:29:16,099 [grpc-default-executor-9] INFO  impl.RaftServerProxy (RaftServerProxy.java:addNew(89)) - e74f9000-1f49-4295-bac2-6bdfe4b05d98: addNew group-5E79B7FD0278:[97096794-4d10-4cd1-9679-c7a18a289ffb:192.168.36.111:36537, abdbdc2e-95e2-4fe0-a869-d51025a8c9fe:192.168.36.111:43325, e74f9000-1f49-4295-bac2-6bdfe4b05d98:192.168.36.111:44226] returns group-5E79B7FD0278:java.util.concurrent.CompletableFuture@580aedc3[Not completed]
2019-08-28 22:29:16,100 [pool-450-thread-1] INFO  impl.RaftServerImpl (RaftServerImpl.java:<init>(93)) - 97096794-4d10-4cd1-9679-c7a18a289ffb: new RaftServerImpl for group-5E79B7FD0278:[97096794-4d10-4cd1-9679-c7a18a289ffb:192.168.36.111:36537, abdbdc2e-95e2-4fe0-a869-d51025a8c9fe:192.168.36.111:43325, e74f9000-1f49-4295-bac2-6bdfe4b05d98:192.168.36.111:44226] with ContainerStateMachine:uninitialized
2019-08-28 22:29:16,101 [pool-450-thread-1] INFO  server.RaftServerConfigKeys (ConfUtils.java:logGet(43)) - raft.server.rpc.timeout.min = 5s (custom)
2019-08-28 22:29:16,101 [pool-450-thread-1] INFO  server.RaftServerConfigKeys (ConfUtils.java:logGet(43)) - raft.server.rpc.timeout.max = 5200ms (custom)
2019-08-28 22:29:16,101 [pool-450-thread-1] INFO  server.RaftServerConfigKeys (ConfUtils.java:logGet(43)) - raft.server.rpcslowness.timeout = 120s (custom)
2019-08-28 22:29:16,101 [pool-450-thread-1] INFO  server.RaftServerConfigKeys (ConfUtils.java:logGet(43)) - raft.server.sleep.deviation.threshold = 300 (default)
2019-08-28 22:29:16,101 [pool-505-thread-1] INFO  impl.RaftServerImpl (RaftServerImpl.java:<init>(93)) - e74f9000-1f49-4295-bac2-6bdfe4b05d98: new RaftServerImpl for group-5E79B7FD0278:[97096794-4d10-4cd1-9679-c7a18a289ffb:192.168.36.111:36537, abdbdc2e-95e2-4fe0-a869-d51025a8c9fe:192.168.36.111:43325, e74f9000-1f49-4295-bac2-6bdfe4b05d98:192.168.36.111:44226] with ContainerStateMachine:uninitialized
2019-08-28 22:29:16,101 [pool-450-thread-1] INFO  server.RaftServerConfigKeys (ConfUtils.java:logGet(43)) - raft.server.log.appender.install.snapshot.enabled = false (custom)
2019-08-28 22:29:16,101 [pool-505-thread-1] INFO  server.RaftServerConfigKeys (ConfUtils.java:logGet(43)) - raft.server.rpc.timeout.min = 5s (custom)
2019-08-28 22:29:16,101 [pool-483-thread-1] INFO  impl.RaftServerImpl (RaftServerImpl.java:<init>(93)) - abdbdc2e-95e2-4fe0-a869-d51025a8c9fe: new RaftServerImpl for group-5E79B7FD0278:[97096794-4d10-4cd1-9679-c7a18a289ffb:192.168.36.111:36537, abdbdc2e-95e2-4fe0-a869-d51025a8c9fe:192.168.36.111:43325, e74f9000-1f49-4295-bac2-6bdfe4b05d98:192.168.36.111:44226] with ContainerStateMachine:uninitialized
2019-08-28 22:29:16,101 [pool-450-thread-1] INFO  impl.RaftServerImpl (ServerState.java:<init>(105)) - 97096794-4d10-4cd1-9679-c7a18a289ffb:group-5E79B7FD0278 ConfigurationManager, init=-1: [97096794-4d10-4cd1-9679-c7a18a289ffb:192.168.36.111:36537, abdbdc2e-95e2-4fe0-a869-d51025a8c9fe:192.168.36.111:43325, e74f9000-1f49-4295-bac2-6bdfe4b05d98:192.168.36.111:44226], old=null, confs=<EMPTY_MAP>
2019-08-28 22:29:16,102 [pool-483-thread-1] INFO  server.RaftServerConfigKeys (ConfUtils.java:logGet(43)) - raft.server.rpc.timeout.min = 5s (custom)
2019-08-28 22:29:16,101 [pool-505-thread-1] INFO  server.RaftServerConfigKeys (ConfUtils.java:logGet(43)) - raft.server.rpc.timeout.max = 5200ms (custom)
2019-08-28 22:29:16,102 [pool-483-thread-1] INFO  server.RaftServerConfigKeys (ConfUtils.java:logGet(43)) - raft.server.rpc.timeout.max = 5200ms (custom)
2019-08-28 22:29:16,102 [pool-450-thread-1] INFO  server.RaftServerConfigKeys (ConfUtils.java:logGet(43)) - raft.server.storage.dir = [/workdir/hadoop-ozone/integration-test/target/test-dir/MiniOzoneClusterImpl-cce2e0e6-0bf2-4ba0-8cd7-9d92f34a1712/datanode-1/data/ratis] (custom)
2019-08-28 22:29:16,102 [pool-483-thread-1] INFO  server.RaftServerConfigKeys (ConfUtils.java:logGet(43)) - raft.server.rpcslowness.timeout = 120s (custom)
2019-08-28 22:29:16,102 [pool-483-thread-1] INFO  server.RaftServerConfigKeys (ConfUtils.java:logGet(43)) - raft.server.sleep.deviation.threshold = 300 (default)
2019-08-28 22:29:16,102 [pool-450-thread-1] INFO  storage.RaftStorageDirectory (RaftStorageDirectory.java:analyzeStorage(246)) - The storage directory /workdir/hadoop-ozone/integration-test/target/test-dir/MiniOzoneClusterImpl-cce2e0e6-0bf2-4ba0-8cd7-9d92f34a1712/datanode-1/data/ratis/216a9120-057b-4ad3-938c-5e79b7fd0278 does not exist. Creating ...
2019-08-28 22:29:16,102 [pool-505-thread-1] INFO  server.RaftServerConfigKeys (ConfUtils.java:logGet(43)) - raft.server.rpcslowness.timeout = 120s (custom)
2019-08-28 22:29:16,102 [pool-483-thread-1] INFO  server.RaftServerConfigKeys (ConfUtils.java:logGet(43)) - raft.server.log.appender.install.snapshot.enabled = false (custom)
2019-08-28 22:29:16,103 [pool-505-thread-1] INFO  server.RaftServerConfigKeys (ConfUtils.java:logGet(43)) - raft.server.sleep.deviation.threshold = 300 (default)
2019-08-28 22:29:16,103 [pool-483-thread-1] INFO  impl.RaftServerImpl (ServerState.java:<init>(105)) - abdbdc2e-95e2-4fe0-a869-d51025a8c9fe:group-5E79B7FD0278 ConfigurationManager, init=-1: [97096794-4d10-4cd1-9679-c7a18a289ffb:192.168.36.111:36537, abdbdc2e-95e2-4fe0-a869-d51025a8c9fe:192.168.36.111:43325, e74f9000-1f49-4295-bac2-6bdfe4b05d98:192.168.36.111:44226], old=null, confs=<EMPTY_MAP>
2019-08-28 22:29:16,103 [pool-505-thread-1] INFO  server.RaftServerConfigKeys (ConfUtils.java:logGet(43)) - raft.server.log.appender.install.snapshot.enabled = false (custom)
2019-08-28 22:29:16,103 [pool-483-thread-1] INFO  server.RaftServerConfigKeys (ConfUtils.java:logGet(43)) - raft.server.storage.dir = [/workdir/hadoop-ozone/integration-test/target/test-dir/MiniOzoneClusterImpl-cce2e0e6-0bf2-4ba0-8cd7-9d92f34a1712/datanode-4/data/ratis] (custom)
2019-08-28 22:29:16,103 [pool-505-thread-1] INFO  impl.RaftServerImpl (ServerState.java:<init>(105)) - e74f9000-1f49-4295-bac2-6bdfe4b05d98:group-5E79B7FD0278 ConfigurationManager, init=-1: [97096794-4d10-4cd1-9679-c7a18a289ffb:192.168.36.111:36537, abdbdc2e-95e2-4fe0-a869-d51025a8c9fe:192.168.36.111:43325, e74f9000-1f49-4295-bac2-6bdfe4b05d98:192.168.36.111:44226], old=null, confs=<EMPTY_MAP>
2019-08-28 22:29:16,103 [pool-505-thread-1] INFO  server.RaftServerConfigKeys (ConfUtils.java:logGet(43)) - raft.server.storage.dir = [/workdir/hadoop-ozone/integration-test/target/test-dir/MiniOzoneClusterImpl-cce2e0e6-0bf2-4ba0-8cd7-9d92f34a1712/datanode-6/data/ratis] (custom)
2019-08-28 22:29:16,103 [pool-483-thread-1] INFO  storage.RaftStorageDirectory (RaftStorageDirectory.java:analyzeStorage(246)) - The storage directory /workdir/hadoop-ozone/integration-test/target/test-dir/MiniOzoneClusterImpl-cce2e0e6-0bf2-4ba0-8cd7-9d92f34a1712/datanode-4/data/ratis/216a9120-057b-4ad3-938c-5e79b7fd0278 does not exist. Creating ...
2019-08-28 22:29:16,104 [pool-505-thread-1] INFO  storage.RaftStorageDirectory (RaftStorageDirectory.java:analyzeStorage(246)) - The storage directory /workdir/hadoop-ozone/integration-test/target/test-dir/MiniOzoneClusterImpl-cce2e0e6-0bf2-4ba0-8cd7-9d92f34a1712/datanode-6/data/ratis/216a9120-057b-4ad3-938c-5e79b7fd0278 does not exist. Creating ...
2019-08-28 22:29:16,136 [pool-505-thread-1] INFO  storage.RaftStorageDirectory (RaftStorageDirectory.java:tryLock(328)) - Lock on /workdir/hadoop-ozone/integration-test/target/test-dir/MiniOzoneClusterImpl-cce2e0e6-0bf2-4ba0-8cd7-9d92f34a1712/datanode-6/data/ratis/216a9120-057b-4ad3-938c-5e79b7fd0278/in_use.lock acquired by nodename 22983@pr-hdds-1909-jt4r9-1943541209
2019-08-28 22:29:16,136 [pool-450-thread-1] INFO  storage.RaftStorageDirectory (RaftStorageDirectory.java:tryLock(328)) - Lock on /workdir/hadoop-ozone/integration-test/target/test-dir/MiniOzoneClusterImpl-cce2e0e6-0bf2-4ba0-8cd7-9d92f34a1712/datanode-1/data/ratis/216a9120-057b-4ad3-938c-5e79b7fd0278/in_use.lock acquired by nodename 22983@pr-hdds-1909-jt4r9-1943541209
2019-08-28 22:29:16,136 [pool-483-thread-1] INFO  storage.RaftStorageDirectory (RaftStorageDirectory.java:tryLock(328)) - Lock on /workdir/hadoop-ozone/integration-test/target/test-dir/MiniOzoneClusterImpl-cce2e0e6-0bf2-4ba0-8cd7-9d92f34a1712/datanode-4/data/ratis/216a9120-057b-4ad3-938c-5e79b7fd0278/in_use.lock acquired by nodename 22983@pr-hdds-1909-jt4r9-1943541209
2019-08-28 22:29:16,170 [pool-483-thread-1] INFO  storage.RaftStorage (RaftStorage.java:format(72)) - Storage directory /workdir/hadoop-ozone/integration-test/target/test-dir/MiniOzoneClusterImpl-cce2e0e6-0bf2-4ba0-8cd7-9d92f34a1712/datanode-4/data/ratis/216a9120-057b-4ad3-938c-5e79b7fd0278 has been successfully formatted.
2019-08-28 22:29:16,170 [pool-505-thread-1] INFO  storage.RaftStorage (RaftStorage.java:format(72)) - Storage directory /workdir/hadoop-ozone/integration-test/target/test-dir/MiniOzoneClusterImpl-cce2e0e6-0bf2-4ba0-8cd7-9d92f34a1712/datanode-6/data/ratis/216a9120-057b-4ad3-938c-5e79b7fd0278 has been successfully formatted.
2019-08-28 22:29:16,170 [pool-450-thread-1] INFO  storage.RaftStorage (RaftStorage.java:format(72)) - Storage directory /workdir/hadoop-ozone/integration-test/target/test-dir/MiniOzoneClusterImpl-cce2e0e6-0bf2-4ba0-8cd7-9d92f34a1712/datanode-1/data/ratis/216a9120-057b-4ad3-938c-5e79b7fd0278 has been successfully formatted.
2019-08-28 22:29:16,170 [pool-505-thread-1] INFO  ratis.ContainerStateMachine (ContainerStateMachine.java:loadSnapshot(227)) - group-5E79B7FD0278: The snapshot info is null. Setting the last applied indexto:(t:0, i:~)
2019-08-28 22:29:16,170 [pool-483-thread-1] INFO  ratis.ContainerStateMachine (ContainerStateMachine.java:loadSnapshot(227)) - group-5E79B7FD0278: The snapshot info is null. Setting the last applied indexto:(t:0, i:~)
2019-08-28 22:29:16,170 [pool-505-thread-1] INFO  server.RaftServerConfigKeys (ConfUtils.java:logGet(43)) - raft.server.leader.election.timeout = 120s (custom)
2019-08-28 22:29:16,171 [pool-483-thread-1] INFO  server.RaftServerConfigKeys (ConfUtils.java:logGet(43)) - raft.server.leader.election.timeout = 120s (custom)
2019-08-28 22:29:16,171 [pool-505-thread-1] INFO  server.RaftServerConfigKeys (ConfUtils.java:logGet(43)) - raft.server.log.use.memory = false (default)
2019-08-28 22:29:16,171 [pool-483-thread-1] INFO  server.RaftServerConfigKeys (ConfUtils.java:logGet(43)) - raft.server.log.use.memory = false (default)
2019-08-28 22:29:16,171 [pool-505-thread-1] INFO  server.RaftServerConfigKeys (ConfUtils.java:logGet(43)) - raft.server.log.purge.gap = 1000000 (custom)
2019-08-28 22:29:16,171 [pool-483-thread-1] INFO  server.RaftServerConfigKeys (ConfUtils.java:logGet(43)) - raft.server.log.purge.gap = 1000000 (custom)
2019-08-28 22:29:16,171 [pool-505-thread-1] INFO  server.RaftServerConfigKeys (ConfUtils.java:logGet(43)) - raft.server.log.appender.buffer.byte-limit = 33554432 (custom)
2019-08-28 22:29:16,171 [pool-450-thread-1] INFO  ratis.ContainerStateMachine (ContainerStateMachine.java:loadSnapshot(227)) - group-5E79B7FD0278: The snapshot info is null. Setting the last applied indexto:(t:0, i:~)
2019-08-28 22:29:16,171 [pool-505-thread-1] INFO  server.RaftServerConfigKeys (ConfUtils.java:logGet(43)) - raft.server.log.segment.size.max = 1048576 (custom)
2019-08-28 22:29:16,171 [pool-483-thread-1] INFO  server.RaftServerConfigKeys (ConfUtils.java:logGet(43)) - raft.server.log.appender.buffer.byte-limit = 33554432 (custom)
2019-08-28 22:29:16,172 [pool-505-thread-1] INFO  server.RaftServerConfigKeys (ConfUtils.java:logGet(43)) - raft.server.log.segment.cache.num.max = 2 (custom)
2019-08-28 22:29:16,172 [pool-450-thread-1] INFO  server.RaftServerConfigKeys (ConfUtils.java:logGet(43)) - raft.server.leader.election.timeout = 120s (custom)
2019-08-28 22:29:16,172 [pool-505-thread-1] INFO  segmented.SegmentedRaftLogWorker (SegmentedRaftLogWorker.java:<init>(172)) - new e74f9000-1f49-4295-bac2-6bdfe4b05d98-SegmentedRaftLogWorker:Storage Directory /workdir/hadoop-ozone/integration-test/target/test-dir/MiniOzoneClusterImpl-cce2e0e6-0bf2-4ba0-8cd7-9d92f34a1712/datanode-6/data/ratis/216a9120-057b-4ad3-938c-5e79b7fd0278 for RaftStorage:Storage Directory /workdir/hadoop-ozone/integration-test/target/test-dir/MiniOzoneClusterImpl-cce2e0e6-0bf2-4ba0-8cd7-9d92f34a1712/datanode-6/data/ratis/216a9120-057b-4ad3-938c-5e79b7fd0278
2019-08-28 22:29:16,172 [pool-483-thread-1] INFO  server.RaftServerConfigKeys (ConfUtils.java:logGet(43)) - raft.server.log.segment.size.max = 1048576 (custom)
2019-08-28 22:29:16,172 [pool-505-thread-1] INFO  server.RaftServerConfigKeys (ConfUtils.java:logGet(43)) - raft.server.log.queue.byte-limit = 2147483647 (custom)
2019-08-28 22:29:16,172 [pool-450-thread-1] INFO  server.RaftServerConfigKeys (ConfUtils.java:logGet(43)) - raft.server.log.use.memory = false (default)
2019-08-28 22:29:16,172 [pool-505-thread-1] INFO  server.RaftServerConfigKeys (ConfUtils.java:logGet(43)) - raft.server.log.queue.element-limit = 1024 (custom)
2019-08-28 22:29:16,172 [pool-483-thread-1] INFO  server.RaftServerConfigKeys (ConfUtils.java:logGet(43)) - raft.server.log.segment.cache.num.max = 2 (custom)
2019-08-28 22:29:16,173 [pool-505-thread-1] INFO  server.RaftServerConfigKeys (ConfUtils.java:logGet(43)) - raft.server.log.segment.size.max = 1048576 (custom)
2019-08-28 22:29:16,173 [pool-450-thread-1] INFO  server.RaftServerConfigKeys (ConfUtils.java:logGet(43)) - raft.server.log.purge.gap = 1000000 (custom)
2019-08-28 22:29:16,173 [pool-505-thread-1] INFO  server.RaftServerConfigKeys (ConfUtils.java:logGet(43)) - raft.server.log.preallocated.size = 16384 (custom)
2019-08-28 22:29:16,173 [pool-483-thread-1] INFO  segmented.SegmentedRaftLogWorker (SegmentedRaftLogWorker.java:<init>(172)) - new abdbdc2e-95e2-4fe0-a869-d51025a8c9fe-SegmentedRaftLogWorker:Storage Directory /workdir/hadoop-ozone/integration-test/target/test-dir/MiniOzoneClusterImpl-cce2e0e6-0bf2-4ba0-8cd7-9d92f34a1712/datanode-4/data/ratis/216a9120-057b-4ad3-938c-5e79b7fd0278 for RaftStorage:Storage Directory /workdir/hadoop-ozone/integration-test/target/test-dir/MiniOzoneClusterImpl-cce2e0e6-0bf2-4ba0-8cd7-9d92f34a1712/datanode-4/data/ratis/216a9120-057b-4ad3-938c-5e79b7fd0278
2019-08-28 22:29:16,173 [pool-505-thread-1] INFO  server.RaftServerConfigKeys (ConfUtils.java:logGet(43)) - raft.server.log.write.buffer.size = 33554432 (custom)
2019-08-28 22:29:16,173 [pool-450-thread-1] INFO  server.RaftServerConfigKeys (ConfUtils.java:logGet(43)) - raft.server.log.appender.buffer.byte-limit = 33554432 (custom)
2019-08-28 22:29:16,173 [pool-505-thread-1] INFO  server.RaftServerConfigKeys (ConfUtils.java:logGet(43)) - raft.server.log.force.sync.num = 128 (default)
2019-08-28 22:29:16,173 [pool-483-thread-1] INFO  server.RaftServerConfigKeys (ConfUtils.java:logGet(43)) - raft.server.log.queue.byte-limit = 2147483647 (custom)
2019-08-28 22:29:16,174 [pool-505-thread-1] INFO  server.RaftServerConfigKeys (ConfUtils.java:logGet(43)) - raft.server.log.statemachine.data.sync = true (default)
2019-08-28 22:29:16,174 [pool-450-thread-1] INFO  server.RaftServerConfigKeys (ConfUtils.java:logGet(43)) - raft.server.log.segment.size.max = 1048576 (custom)
2019-08-28 22:29:16,174 [pool-505-thread-1] INFO  server.RaftServerConfigKeys (ConfUtils.java:logGet(43)) - raft.server.log.statemachine.data.sync.timeout = 10s (default)
2019-08-28 22:29:16,174 [pool-483-thread-1] INFO  server.RaftServerConfigKeys (ConfUtils.java:logGet(43)) - raft.server.log.queue.element-limit = 1024 (custom)
2019-08-28 22:29:16,174 [pool-505-thread-1] INFO  server.RaftServerConfigKeys (ConfUtils.java:logGet(43)) - raft.server.log.statemachine.data.sync.timeout.retry = -1 (default)
2019-08-28 22:29:16,174 [pool-450-thread-1] INFO  server.RaftServerConfigKeys (ConfUtils.java:logGet(43)) - raft.server.log.segment.cache.num.max = 2 (custom)
2019-08-28 22:29:16,174 [pool-505-thread-1] INFO  server.RaftServerConfigKeys (ConfUtils.java:logGet(43)) - raft.server.log.statemachine.data.caching.enabled = true (custom)
2019-08-28 22:29:16,174 [pool-483-thread-1] INFO  server.RaftServerConfigKeys (ConfUtils.java:logGet(43)) - raft.server.log.segment.size.max = 1048576 (custom)
2019-08-28 22:29:16,175 [pool-450-thread-1] INFO  segmented.SegmentedRaftLogWorker (SegmentedRaftLogWorker.java:<init>(172)) - new 97096794-4d10-4cd1-9679-c7a18a289ffb-SegmentedRaftLogWorker:Storage Directory /workdir/hadoop-ozone/integration-test/target/test-dir/MiniOzoneClusterImpl-cce2e0e6-0bf2-4ba0-8cd7-9d92f34a1712/datanode-1/data/ratis/216a9120-057b-4ad3-938c-5e79b7fd0278 for RaftStorage:Storage Directory /workdir/hadoop-ozone/integration-test/target/test-dir/MiniOzoneClusterImpl-cce2e0e6-0bf2-4ba0-8cd7-9d92f34a1712/datanode-1/data/ratis/216a9120-057b-4ad3-938c-5e79b7fd0278
2019-08-28 22:29:16,175 [pool-505-thread-1] INFO  segmented.SegmentedRaftLogWorker (SegmentedRaftLogWorker.java:lambda$new$0(132)) - e74f9000-1f49-4295-bac2-6bdfe4b05d98-SegmentedRaftLogWorker:Storage Directory /workdir/hadoop-ozone/integration-test/target/test-dir/MiniOzoneClusterImpl-cce2e0e6-0bf2-4ba0-8cd7-9d92f34a1712/datanode-6/data/ratis/216a9120-057b-4ad3-938c-5e79b7fd0278: flushIndex: setUnconditionally 0 -> -1
2019-08-28 22:29:16,175 [pool-483-thread-1] INFO  server.RaftServerConfigKeys (ConfUtils.java:logGet(43)) - raft.server.log.preallocated.size = 16384 (custom)
2019-08-28 22:29:16,175 [pool-450-thread-1] INFO  server.RaftServerConfigKeys (ConfUtils.java:logGet(43)) - raft.server.log.queue.byte-limit = 2147483647 (custom)
2019-08-28 22:29:16,175 [pool-483-thread-1] INFO  server.RaftServerConfigKeys (ConfUtils.java:logGet(43)) - raft.server.log.write.buffer.size = 33554432 (custom)
2019-08-28 22:29:16,175 [pool-450-thread-1] INFO  server.RaftServerConfigKeys (ConfUtils.java:logGet(43)) - raft.server.log.queue.element-limit = 1024 (custom)
2019-08-28 22:29:16,175 [pool-505-thread-1] INFO  server.RaftServerConfigKeys (ConfUtils.java:logGet(43)) - raft.server.snapshot.auto.trigger.enabled = true (custom)
2019-08-28 22:29:16,176 [pool-450-thread-1] INFO  server.RaftServerConfigKeys (ConfUtils.java:logGet(43)) - raft.server.log.segment.size.max = 1048576 (custom)
2019-08-28 22:29:16,175 [pool-483-thread-1] INFO  server.RaftServerConfigKeys (ConfUtils.java:logGet(43)) - raft.server.log.force.sync.num = 128 (default)
2019-08-28 22:29:16,176 [pool-450-thread-1] INFO  server.RaftServerConfigKeys (ConfUtils.java:logGet(43)) - raft.server.log.preallocated.size = 16384 (custom)
2019-08-28 22:29:16,176 [pool-505-thread-1] INFO  server.RaftServerConfigKeys (ConfUtils.java:logGet(43)) - raft.server.snapshot.auto.trigger.threshold = 10000 (custom)
2019-08-28 22:29:16,176 [pool-450-thread-1] INFO  server.RaftServerConfigKeys (ConfUtils.java:logGet(43)) - raft.server.log.write.buffer.size = 33554432 (custom)
2019-08-28 22:29:16,176 [pool-483-thread-1] INFO  server.RaftServerConfigKeys (ConfUtils.java:logGet(43)) - raft.server.log.statemachine.data.sync = true (default)
2019-08-28 22:29:16,176 [pool-450-thread-1] INFO  server.RaftServerConfigKeys (ConfUtils.java:logGet(43)) - raft.server.log.force.sync.num = 128 (default)
2019-08-28 22:29:16,176 [pool-505-thread-1] INFO  server.RaftServerConfigKeys (ConfUtils.java:logGet(43)) - raft.server.retrycache.expirytime = 600000ms (custom)
2019-08-28 22:29:16,177 [pool-450-thread-1] INFO  server.RaftServerConfigKeys (ConfUtils.java:logGet(43)) - raft.server.log.statemachine.data.sync = true (default)
2019-08-28 22:29:16,176 [pool-483-thread-1] INFO  server.RaftServerConfigKeys (ConfUtils.java:logGet(43)) - raft.server.log.statemachine.data.sync.timeout = 10s (default)
2019-08-28 22:29:16,177 [pool-450-thread-1] INFO  server.RaftServerConfigKeys (ConfUtils.java:logGet(43)) - raft.server.log.statemachine.data.sync.timeout = 10s (default)
2019-08-28 22:29:16,177 [pool-505-thread-1] INFO  impl.RaftServerImpl (RaftServerImpl.java:start(180)) - e74f9000-1f49-4295-bac2-6bdfe4b05d98: start group-5E79B7FD0278
2019-08-28 22:29:16,177 [pool-450-thread-1] INFO  server.RaftServerConfigKeys (ConfUtils.java:logGet(43)) - raft.server.log.statemachine.data.sync.timeout.retry = -1 (default)
2019-08-28 22:29:16,177 [pool-483-thread-1] INFO  server.RaftServerConfigKeys (ConfUtils.java:logGet(43)) - raft.server.log.statemachine.data.sync.timeout.retry = -1 (default)
2019-08-28 22:29:16,177 [pool-450-thread-1] INFO  server.RaftServerConfigKeys (ConfUtils.java:logGet(43)) - raft.server.log.statemachine.data.caching.enabled = true (custom)
2019-08-28 22:29:16,177 [pool-505-thread-1] INFO  impl.RaftServerImpl (RaftServerImpl.java:setRole(171)) - e74f9000-1f49-4295-bac2-6bdfe4b05d98:group-5E79B7FD0278 changes role from null to FOLLOWER at term 0 for startAsFollower
2019-08-28 22:29:16,178 [pool-483-thread-1] INFO  server.RaftServerConfigKeys (ConfUtils.java:logGet(43)) - raft.server.log.statemachine.data.caching.enabled = true (custom)
2019-08-28 22:29:16,178 [pool-450-thread-1] INFO  segmented.SegmentedRaftLogWorker (SegmentedRaftLogWorker.java:lambda$new$0(132)) - 97096794-4d10-4cd1-9679-c7a18a289ffb-SegmentedRaftLogWorker:Storage Directory /workdir/hadoop-ozone/integration-test/target/test-dir/MiniOzoneClusterImpl-cce2e0e6-0bf2-4ba0-8cd7-9d92f34a1712/datanode-1/data/ratis/216a9120-057b-4ad3-938c-5e79b7fd0278: flushIndex: setUnconditionally 0 -> -1
2019-08-28 22:29:16,178 [pool-505-thread-1] INFO  impl.RoleInfo (RoleInfo.java:updateAndGet(143)) - e74f9000-1f49-4295-bac2-6bdfe4b05d98: start FollowerState
2019-08-28 22:29:16,178 [pool-483-thread-1] INFO  segmented.SegmentedRaftLogWorker (SegmentedRaftLogWorker.java:lambda$new$0(132)) - abdbdc2e-95e2-4fe0-a869-d51025a8c9fe-SegmentedRaftLogWorker:Storage Directory /workdir/hadoop-ozone/integration-test/target/test-dir/MiniOzoneClusterImpl-cce2e0e6-0bf2-4ba0-8cd7-9d92f34a1712/datanode-4/data/ratis/216a9120-057b-4ad3-938c-5e79b7fd0278: flushIndex: setUnconditionally 0 -> -1
2019-08-28 22:29:16,178 [pool-450-thread-1] INFO  server.RaftServerConfigKeys (ConfUtils.java:logGet(43)) - raft.server.snapshot.auto.trigger.enabled = true (custom)
2019-08-28 22:29:16,179 [pool-505-thread-1] INFO  util.JmxRegister (JmxRegister.java:tryRegister(44)) - Successfully registered JMX Bean with object name Ratis:service=RaftServer,group=group-5E79B7FD0278,id=e74f9000-1f49-4295-bac2-6bdfe4b05d98
2019-08-28 22:29:16,179 [pool-483-thread-1] INFO  server.RaftServerConfigKeys (ConfUtils.java:logGet(43)) - raft.server.snapshot.auto.trigger.enabled = true (custom)
2019-08-28 22:29:16,179 [pool-450-thread-1] INFO  server.RaftServerConfigKeys (ConfUtils.java:logGet(43)) - raft.server.snapshot.auto.trigger.threshold = 10000 (custom)
2019-08-28 22:29:16,179 [pool-483-thread-1] INFO  server.RaftServerConfigKeys (ConfUtils.java:logGet(43)) - raft.server.snapshot.auto.trigger.threshold = 10000 (custom)
2019-08-28 22:29:16,179 [pool-450-thread-1] INFO  server.RaftServerConfigKeys (ConfUtils.java:logGet(43)) - raft.server.retrycache.expirytime = 600000ms (custom)
2019-08-28 22:29:16,179 [pool-450-thread-1] INFO  impl.RaftServerImpl (RaftServerImpl.java:start(180)) - 97096794-4d10-4cd1-9679-c7a18a289ffb: start group-5E79B7FD0278
2019-08-28 22:29:16,179 [pool-483-thread-1] INFO  server.RaftServerConfigKeys (ConfUtils.java:logGet(43)) - raft.server.retrycache.expirytime = 600000ms (custom)
2019-08-28 22:29:16,180 [pool-450-thread-1] INFO  impl.RaftServerImpl (RaftServerImpl.java:setRole(171)) - 97096794-4d10-4cd1-9679-c7a18a289ffb:group-5E79B7FD0278 changes role from null to FOLLOWER at term 0 for startAsFollower
2019-08-28 22:29:16,180 [pool-483-thread-1] INFO  impl.RaftServerImpl (RaftServerImpl.java:start(180)) - abdbdc2e-95e2-4fe0-a869-d51025a8c9fe: start group-5E79B7FD0278
2019-08-28 22:29:16,180 [pool-450-thread-1] INFO  impl.RoleInfo (RoleInfo.java:updateAndGet(143)) - 97096794-4d10-4cd1-9679-c7a18a289ffb: start FollowerState
2019-08-28 22:29:16,180 [pool-483-thread-1] INFO  impl.RaftServerImpl (RaftServerImpl.java:setRole(171)) - abdbdc2e-95e2-4fe0-a869-d51025a8c9fe:group-5E79B7FD0278 changes role from null to FOLLOWER at term 0 for startAsFollower
2019-08-28 22:29:16,180 [pool-483-thread-1] INFO  impl.RoleInfo (RoleInfo.java:updateAndGet(143)) - abdbdc2e-95e2-4fe0-a869-d51025a8c9fe: start FollowerState
2019-08-28 22:29:16,180 [pool-450-thread-1] INFO  util.JmxRegister (JmxRegister.java:tryRegister(44)) - Successfully registered JMX Bean with object name Ratis:service=RaftServer,group=group-5E79B7FD0278,id=97096794-4d10-4cd1-9679-c7a18a289ffb
2019-08-28 22:29:16,181 [pool-483-thread-1] INFO  util.JmxRegister (JmxRegister.java:tryRegister(44)) - Successfully registered JMX Bean with object name Ratis:service=RaftServer,group=group-5E79B7FD0278,id=abdbdc2e-95e2-4fe0-a869-d51025a8c9fe
2019-08-28 22:29:16,184 [RatisPipelineUtilsThread] INFO  pipeline.PipelineStateManager (PipelineStateManager.java:addPipeline(56)) - Created pipeline Pipeline[ Id: 216a9120-057b-4ad3-938c-5e79b7fd0278, Nodes: e74f9000-1f49-4295-bac2-6bdfe4b05d98{ip: 192.168.36.111, host: pr-hdds-1909-jt4r9-1943541209, networkLocation: /default-rack, certSerialId: null}97096794-4d10-4cd1-9679-c7a18a289ffb{ip: 192.168.36.111, host: pr-hdds-1909-jt4r9-1943541209, networkLocation: /default-rack, certSerialId: null}abdbdc2e-95e2-4fe0-a869-d51025a8c9fe{ip: 192.168.36.111, host: pr-hdds-1909-jt4r9-1943541209, networkLocation: /default-rack, certSerialId: null}, Type:RATIS, Factor:THREE, State:OPEN]
2019-08-28 22:29:16,785 [main] INFO  ozone.MiniOzoneClusterImpl (MiniOzoneClusterImpl.java:lambda$waitForClusterToBeReady$0(140)) - Cluster is ready. Got 7 of 7 DN Heartbeats.
2019-08-28 22:29:16,819 [main] INFO  rpc.RpcClient (RpcClient.java:createVolume(293)) - Creating Volume: testblockoutputstream, with jenkins1000 as owner.
2019-08-28 22:29:16,821 | INFO  | OMAudit | user=jenkins1000 | ip=127.0.0.1 | op=CREATE_VOLUME {admin=jenkins1000, owner=jenkins1000, volume=testblockoutputstream, creationTime=1567031356821, quotaInBytes=1152921504606846976} | ret=SUCCESS |  
2019-08-28 22:29:16,822 [IPC Server handler 2 on 32782] INFO  volume.OMVolumeCreateRequest (OMVolumeCreateRequest.java:validateAndUpdateCache(189)) - created volume:testblockoutputstream for user:jenkins1000
2019-08-28 22:29:16,878 | INFO  | OMAudit | user=jenkins1000 | ip=127.0.0.1 | op=READ_VOLUME {volume=testblockoutputstream} | ret=SUCCESS |  
2019-08-28 22:29:16,879 [main] INFO  rpc.RpcClient (RpcClient.java:createBucket(432)) - Creating Bucket: testblockoutputstream/testblockoutputstream, with Versioning false and Storage Type set to DISK and Encryption set to false 
2019-08-28 22:29:16,883 | INFO  | OMAudit | user=jenkins1000 | ip=127.0.0.1 | op=CREATE_BUCKET {volume=testblockoutputstream, bucket=testblockoutputstream, acls=[user:jenkins1000:a[ACCESS], group:default:a[ACCESS]], isVersionEnabled=false, storageType=DISK, creationTime=1567031356880} | ret=SUCCESS |  
2019-08-28 22:29:16,884 | INFO  | OMAudit | user=jenkins1000 | ip=127.0.0.1 | op=READ_VOLUME {volume=testblockoutputstream} | ret=SUCCESS |  
2019-08-28 22:29:16,886 | INFO  | OMAudit | user=jenkins1000 | ip=127.0.0.1 | op=READ_BUCKET {volume=testblockoutputstream, bucket=testblockoutputstream} | ret=SUCCESS |  
2019-08-28 22:29:16,889 | INFO  | SCMAudit | user=jenkins1000 | ip=127.0.0.1 | op=ALLOCATE_BLOCK {owner=a857c241-ea68-4dbe-89c0-2255cd7d5cbc, size=800, type=RATIS, factor=THREE} | ret=SUCCESS |  
2019-08-28 22:29:16,894 | INFO  | OMAudit | user=jenkins1000 | ip=127.0.0.1 | op=ALLOCATE_KEY {volume=testblockoutputstream, bucket=testblockoutputstream, key=f6679e7f-fdca-4af6-9f7a-1c834b1965b5, dataSize=800, replicationType=RATIS, replicationFactor=THREE, keyLocationInfo=[blockID {
  containerBlockID {
    containerID: 1
    localID: 102696967005077517
  }
  blockCommitSequenceId: 0
}
offset: 0
length: 800
createVersion: 0
pipeline {
  leaderID: ""
  members {
    uuid: "e74f9000-1f49-4295-bac2-6bdfe4b05d98"
    ipAddress: "192.168.36.111"
    hostName: "pr-hdds-1909-jt4r9-1943541209"
    ports {
      name: "RATIS"
      value: 44226
    }
    ports {
      name: "STANDALONE"
      value: 45770
    }
    networkName: "e74f9000-1f49-4295-bac2-6bdfe4b05d98"
    networkLocation: "/default-rack"
  }
  members {
    uuid: "97096794-4d10-4cd1-9679-c7a18a289ffb"
    ipAddress: "192.168.36.111"
    hostName: "pr-hdds-1909-jt4r9-1943541209"
    ports {
      name: "RATIS"
      value: 36537
    }
    ports {
      name: "STANDALONE"
      value: 41078
    }
    networkName: "97096794-4d10-4cd1-9679-c7a18a289ffb"
    networkLocation: "/default-rack"
  }
  members {
    uuid: "abdbdc2e-95e2-4fe0-a869-d51025a8c9fe"
    ipAddress: "192.168.36.111"
    hostName: "pr-hdds-1909-jt4r9-1943541209"
    ports {
      name: "RATIS"
      value: 43325
    }
    ports {
      name: "STANDALONE"
      value: 42619
    }
    networkName: "abdbdc2e-95e2-4fe0-a869-d51025a8c9fe"
    networkLocation: "/default-rack"
  }
  state: PIPELINE_OPEN
  type: RATIS
  factor: THREE
  id {
    id: "216a9120-057b-4ad3-938c-5e79b7fd0278"
  }
}
]} | ret=SUCCESS |  
2019-08-28 22:29:16,907 [grpc-default-executor-9] INFO  client.GrpcClientProtocolClient (GrpcClientProtocolClient.java:onNext(255)) - client-7FF5BE5E004C->e74f9000-1f49-4295-bac2-6bdfe4b05d98: receive RaftClientReply:client-7FF5BE5E004C->e74f9000-1f49-4295-bac2-6bdfe4b05d98@group-5E79B7FD0278, cid=175, FAILED org.apache.ratis.protocol.NotLeaderException: Server e74f9000-1f49-4295-bac2-6bdfe4b05d98 is not the leader (null). Request must be sent to leader., logIndex=0, commits[e74f9000-1f49-4295-bac2-6bdfe4b05d98:c-1]
2019-08-28 22:29:17,403 | INFO  | SCMAudit | user=jenkins1000 | ip=192.168.36.111 | op=SEND_HEARTBEAT {datanodeUUID=da6bcafd-dc39-4560-8552-9102a185bf89, command=[]} | ret=SUCCESS |  
2019-08-28 22:29:17,464 | INFO  | SCMAudit | user=jenkins1000 | ip=192.168.36.111 | op=SEND_HEARTBEAT {datanodeUUID=97096794-4d10-4cd1-9679-c7a18a289ffb, command=[]} | ret=SUCCESS |  
2019-08-28 22:29:17,527 | INFO  | SCMAudit | user=jenkins1000 | ip=192.168.36.111 | op=SEND_HEARTBEAT {datanodeUUID=78b24124-d29f-47d5-a706-e456f105062d, command=[]} | ret=SUCCESS |  
2019-08-28 22:29:17,589 | INFO  | SCMAudit | user=jenkins1000 | ip=192.168.36.111 | op=SEND_HEARTBEAT {datanodeUUID=e661242e-7c31-4a11-b0a8-eee9611e009e, command=[]} | ret=SUCCESS |  
2019-08-28 22:29:17,651 | INFO  | SCMAudit | user=jenkins1000 | ip=192.168.36.111 | op=SEND_HEARTBEAT {datanodeUUID=abdbdc2e-95e2-4fe0-a869-d51025a8c9fe, command=[]} | ret=SUCCESS |  
2019-08-28 22:29:17,711 | INFO  | SCMAudit | user=jenkins1000 | ip=192.168.36.111 | op=SEND_HEARTBEAT {datanodeUUID=78712fcb-d0e6-4972-b983-ece35dfef904, command=[]} | ret=SUCCESS |  
2019-08-28 22:29:17,785 | INFO  | SCMAudit | user=jenkins1000 | ip=192.168.36.111 | op=SEND_HEARTBEAT {datanodeUUID=e74f9000-1f49-4295-bac2-6bdfe4b05d98, command=[]} | ret=SUCCESS |  
2019-08-28 22:29:17,921 [grpc-default-executor-8] INFO  client.GrpcClientProtocolClient (GrpcClientProtocolClient.java:onNext(255)) - client-7FF5BE5E004C->abdbdc2e-95e2-4fe0-a869-d51025a8c9fe: receive RaftClientReply:client-7FF5BE5E004C->abdbdc2e-95e2-4fe0-a869-d51025a8c9fe@group-5E79B7FD0278, cid=175, FAILED org.apache.ratis.protocol.NotLeaderException: Server abdbdc2e-95e2-4fe0-a869-d51025a8c9fe is not the leader (null). Request must be sent to leader., logIndex=0, commits[abdbdc2e-95e2-4fe0-a869-d51025a8c9fe:c-1]
2019-08-28 22:29:18,402 | INFO  | SCMAudit | user=jenkins1000 | ip=192.168.36.111 | op=SEND_HEARTBEAT {datanodeUUID=da6bcafd-dc39-4560-8552-9102a185bf89, command=[]} | ret=SUCCESS |  
2019-08-28 22:29:18,416 [Thread-3736] INFO  container.ReplicationManager (ReplicationManager.java:start(152)) - Starting Replication Monitor Thread.
2019-08-28 22:29:18,420 [ReplicationMonitor] INFO  container.ReplicationManager (ReplicationManager.java:run(215)) - Replication Monitor Thread took 0 milliseconds for processing 1 containers.
2019-08-28 22:29:18,464 | INFO  | SCMAudit | user=jenkins1000 | ip=192.168.36.111 | op=SEND_HEARTBEAT {datanodeUUID=97096794-4d10-4cd1-9679-c7a18a289ffb, command=[]} | ret=SUCCESS |  
2019-08-28 22:29:18,528 | INFO  | SCMAudit | user=jenkins1000 | ip=192.168.36.111 | op=SEND_HEARTBEAT {datanodeUUID=78b24124-d29f-47d5-a706-e456f105062d, command=[]} | ret=SUCCESS |  
2019-08-28 22:29:18,590 | INFO  | SCMAudit | user=jenkins1000 | ip=192.168.36.111 | op=SEND_HEARTBEAT {datanodeUUID=e661242e-7c31-4a11-b0a8-eee9611e009e, command=[]} | ret=SUCCESS |  
2019-08-28 22:29:18,651 | INFO  | SCMAudit | user=jenkins1000 | ip=192.168.36.111 | op=SEND_HEARTBEAT {datanodeUUID=abdbdc2e-95e2-4fe0-a869-d51025a8c9fe, command=[]} | ret=SUCCESS |  
2019-08-28 22:29:18,710 | INFO  | SCMAudit | user=jenkins1000 | ip=192.168.36.111 | op=SEND_HEARTBEAT {datanodeUUID=78712fcb-d0e6-4972-b983-ece35dfef904, command=[]} | ret=SUCCESS |  
2019-08-28 22:29:18,786 | INFO  | SCMAudit | user=jenkins1000 | ip=192.168.36.111 | op=SEND_HEARTBEAT {datanodeUUID=e74f9000-1f49-4295-bac2-6bdfe4b05d98, command=[]} | ret=SUCCESS |  
2019-08-28 22:29:18,931 [grpc-default-executor-8] INFO  client.GrpcClientProtocolClient (GrpcClientProtocolClient.java:onNext(255)) - client-7FF5BE5E004C->e74f9000-1f49-4295-bac2-6bdfe4b05d98: receive RaftClientReply:client-7FF5BE5E004C->e74f9000-1f49-4295-bac2-6bdfe4b05d98@group-5E79B7FD0278, cid=175, FAILED org.apache.ratis.protocol.NotLeaderException: Server e74f9000-1f49-4295-bac2-6bdfe4b05d98 is not the leader (null). Request must be sent to leader., logIndex=0, commits[e74f9000-1f49-4295-bac2-6bdfe4b05d98:c-1]
2019-08-28 22:29:19,403 | INFO  | SCMAudit | user=jenkins1000 | ip=192.168.36.111 | op=SEND_HEARTBEAT {datanodeUUID=da6bcafd-dc39-4560-8552-9102a185bf89, command=[]} | ret=SUCCESS |  
2019-08-28 22:29:19,463 | INFO  | SCMAudit | user=jenkins1000 | ip=192.168.36.111 | op=SEND_HEARTBEAT {datanodeUUID=97096794-4d10-4cd1-9679-c7a18a289ffb, command=[]} | ret=SUCCESS |  
2019-08-28 22:29:19,528 | INFO  | SCMAudit | user=jenkins1000 | ip=192.168.36.111 | op=SEND_HEARTBEAT {datanodeUUID=78b24124-d29f-47d5-a706-e456f105062d, command=[]} | ret=SUCCESS |  
2019-08-28 22:29:19,590 | INFO  | SCMAudit | user=jenkins1000 | ip=192.168.36.111 | op=SEND_HEARTBEAT {datanodeUUID=e661242e-7c31-4a11-b0a8-eee9611e009e, command=[]} | ret=SUCCESS |  
2019-08-28 22:29:19,651 | INFO  | SCMAudit | user=jenkins1000 | ip=192.168.36.111 | op=SEND_HEARTBEAT {datanodeUUID=abdbdc2e-95e2-4fe0-a869-d51025a8c9fe, command=[]} | ret=SUCCESS |  
2019-08-28 22:29:19,710 | INFO  | SCMAudit | user=jenkins1000 | ip=192.168.36.111 | op=SEND_HEARTBEAT {datanodeUUID=78712fcb-d0e6-4972-b983-ece35dfef904, command=[]} | ret=SUCCESS |  
2019-08-28 22:29:19,786 | INFO  | SCMAudit | user=jenkins1000 | ip=192.168.36.111 | op=SEND_HEARTBEAT {datanodeUUID=e74f9000-1f49-4295-bac2-6bdfe4b05d98, command=[]} | ret=SUCCESS |  
2019-08-28 22:29:19,945 [grpc-default-executor-9] INFO  client.GrpcClientProtocolClient (GrpcClientProtocolClient.java:onNext(255)) - client-7FF5BE5E004C->abdbdc2e-95e2-4fe0-a869-d51025a8c9fe: receive RaftClientReply:client-7FF5BE5E004C->abdbdc2e-95e2-4fe0-a869-d51025a8c9fe@group-5E79B7FD0278, cid=175, FAILED org.apache.ratis.protocol.NotLeaderException: Server abdbdc2e-95e2-4fe0-a869-d51025a8c9fe is not the leader (null). Request must be sent to leader., logIndex=0, commits[abdbdc2e-95e2-4fe0-a869-d51025a8c9fe:c-1]
2019-08-28 22:29:20,402 | INFO  | SCMAudit | user=jenkins1000 | ip=192.168.36.111 | op=SEND_HEARTBEAT {datanodeUUID=da6bcafd-dc39-4560-8552-9102a185bf89, command=[]} | ret=SUCCESS |  
2019-08-28 22:29:20,463 | INFO  | SCMAudit | user=jenkins1000 | ip=192.168.36.111 | op=SEND_HEARTBEAT {datanodeUUID=97096794-4d10-4cd1-9679-c7a18a289ffb, command=[]} | ret=SUCCESS |  
2019-08-28 22:29:20,528 | INFO  | SCMAudit | user=jenkins1000 | ip=192.168.36.111 | op=SEND_HEARTBEAT {datanodeUUID=78b24124-d29f-47d5-a706-e456f105062d, command=[]} | ret=SUCCESS |  
2019-08-28 22:29:20,590 | INFO  | SCMAudit | user=jenkins1000 | ip=192.168.36.111 | op=SEND_HEARTBEAT {datanodeUUID=e661242e-7c31-4a11-b0a8-eee9611e009e, command=[]} | ret=SUCCESS |  
2019-08-28 22:29:20,597 [Thread-3738] INFO  impl.FollowerState (FollowerState.java:run(106)) - da6bcafd-dc39-4560-8552-9102a185bf89:group-E8949D3932ED changes to CANDIDATE, lastRpcTime:5094, electionTimeout:5094ms
2019-08-28 22:29:20,597 [Thread-3738] INFO  impl.RoleInfo (RoleInfo.java:shutdownFollowerState(121)) - da6bcafd-dc39-4560-8552-9102a185bf89: shutdown FollowerState
2019-08-28 22:29:20,597 [Thread-3738] INFO  impl.RaftServerImpl (RaftServerImpl.java:setRole(171)) - da6bcafd-dc39-4560-8552-9102a185bf89:group-E8949D3932ED changes role from FOLLOWER to CANDIDATE at term 0 for changeToCandidate
2019-08-28 22:29:20,598 [Thread-3738] INFO  impl.RoleInfo (RoleInfo.java:updateAndGet(143)) - da6bcafd-dc39-4560-8552-9102a185bf89: start LeaderElection
2019-08-28 22:29:20,624 [da6bcafd-dc39-4560-8552-9102a185bf89:group-E8949D3932ED:LeaderElection92] INFO  impl.LeaderElection (LeaderElection.java:askForVotes(181)) - da6bcafd-dc39-4560-8552-9102a185bf89:group-E8949D3932ED:LeaderElection92: begin an election at term 1 for -1: [da6bcafd-dc39-4560-8552-9102a185bf89:192.168.36.111:45969], old=null
2019-08-28 22:29:20,624 [da6bcafd-dc39-4560-8552-9102a185bf89:group-E8949D3932ED:LeaderElection92] INFO  impl.RoleInfo (RoleInfo.java:shutdownLeaderElection(134)) - da6bcafd-dc39-4560-8552-9102a185bf89: shutdown LeaderElection
2019-08-28 22:29:20,625 [da6bcafd-dc39-4560-8552-9102a185bf89:group-E8949D3932ED:LeaderElection92] INFO  impl.RaftServerImpl (RaftServerImpl.java:setRole(171)) - da6bcafd-dc39-4560-8552-9102a185bf89:group-E8949D3932ED changes role from CANDIDATE to LEADER at term 1 for changeToLeader
2019-08-28 22:29:20,625 [da6bcafd-dc39-4560-8552-9102a185bf89:group-E8949D3932ED:LeaderElection92] INFO  impl.RaftServerImpl (ServerState.java:setLeader(263)) - da6bcafd-dc39-4560-8552-9102a185bf89:group-E8949D3932ED change Leader from null to da6bcafd-dc39-4560-8552-9102a185bf89 at term 1 for becomeLeader, leader elected after 5127ms
2019-08-28 22:29:20,625 [da6bcafd-dc39-4560-8552-9102a185bf89:group-E8949D3932ED:LeaderElection92] INFO  server.RaftServerConfigKeys (ConfUtils.java:logGet(43)) - raft.server.staging.catchup.gap = 1000 (default)
2019-08-28 22:29:20,625 [da6bcafd-dc39-4560-8552-9102a185bf89:group-E8949D3932ED:LeaderElection92] INFO  server.RaftServerConfigKeys (ConfUtils.java:logGet(43)) - raft.server.rpc.sleep.time = 25ms (default)
2019-08-28 22:29:20,625 [da6bcafd-dc39-4560-8552-9102a185bf89:group-E8949D3932ED:LeaderElection92] INFO  server.RaftServerConfigKeys (ConfUtils.java:logGet(43)) - raft.server.write.element-limit = 4096 (default)
2019-08-28 22:29:20,626 [da6bcafd-dc39-4560-8552-9102a185bf89:group-E8949D3932ED:LeaderElection92] INFO  server.RaftServerConfigKeys (ConfUtils.java:logGet(43)) - raft.server.watch.timeout = 10s (default)
2019-08-28 22:29:20,626 [da6bcafd-dc39-4560-8552-9102a185bf89:group-E8949D3932ED:LeaderElection92] INFO  server.RaftServerConfigKeys (ConfUtils.java:logGet(43)) - raft.server.watch.timeout.denomination = 1s (default)
2019-08-28 22:29:20,626 [da6bcafd-dc39-4560-8552-9102a185bf89:group-E8949D3932ED:LeaderElection92] INFO  server.RaftServerConfigKeys (ConfUtils.java:logGet(43)) - raft.server.watch.element-limit = 65536 (default)
2019-08-28 22:29:20,626 [da6bcafd-dc39-4560-8552-9102a185bf89:group-E8949D3932ED:LeaderElection92] INFO  impl.RoleInfo (RoleInfo.java:updateAndGet(143)) - da6bcafd-dc39-4560-8552-9102a185bf89: start LeaderState
2019-08-28 22:29:20,627 [da6bcafd-dc39-4560-8552-9102a185bf89:group-E8949D3932ED:LeaderElection92] INFO  segmented.SegmentedRaftLogWorker (SegmentedRaftLogWorker.java:startLogSegment(380)) - da6bcafd-dc39-4560-8552-9102a185bf89-SegmentedRaftLogWorker:Storage Directory /workdir/hadoop-ozone/integration-test/target/test-dir/MiniOzoneClusterImpl-cce2e0e6-0bf2-4ba0-8cd7-9d92f34a1712/datanode-0/data/ratis/6c9a547a-8f7a-4fbb-815b-e8949d3932ed: Starting segment from index:0
2019-08-28 22:29:20,628 [da6bcafd-dc39-4560-8552-9102a185bf89:group-E8949D3932ED:LeaderElection92] INFO  impl.RaftServerImpl (ServerState.java:setRaftConf(361)) - da6bcafd-dc39-4560-8552-9102a185bf89:group-E8949D3932ED set configuration 0: [da6bcafd-dc39-4560-8552-9102a185bf89:192.168.36.111:45969], old=null at 0
2019-08-28 22:29:20,651 | INFO  | SCMAudit | user=jenkins1000 | ip=192.168.36.111 | op=SEND_HEARTBEAT {datanodeUUID=abdbdc2e-95e2-4fe0-a869-d51025a8c9fe, command=[]} | ret=SUCCESS |  
2019-08-28 22:29:20,695 [da6bcafd-dc39-4560-8552-9102a185bf89-SegmentedRaftLogWorker:Storage Directory /workdir/hadoop-ozone/integration-test/target/test-dir/MiniOzoneClusterImpl-cce2e0e6-0bf2-4ba0-8cd7-9d92f34a1712/datanode-0/data/ratis/6c9a547a-8f7a-4fbb-815b-e8949d3932ed] INFO  segmented.SegmentedRaftLogWorker (SegmentedRaftLogWorker.java:execute(569)) - da6bcafd-dc39-4560-8552-9102a185bf89-SegmentedRaftLogWorker:Storage Directory /workdir/hadoop-ozone/integration-test/target/test-dir/MiniOzoneClusterImpl-cce2e0e6-0bf2-4ba0-8cd7-9d92f34a1712/datanode-0/data/ratis/6c9a547a-8f7a-4fbb-815b-e8949d3932ed: created new log segment /workdir/hadoop-ozone/integration-test/target/test-dir/MiniOzoneClusterImpl-cce2e0e6-0bf2-4ba0-8cd7-9d92f34a1712/datanode-0/data/ratis/6c9a547a-8f7a-4fbb-815b-e8949d3932ed/current/log_inprogress_0
2019-08-28 22:29:20,710 | INFO  | SCMAudit | user=jenkins1000 | ip=192.168.36.111 | op=SEND_HEARTBEAT {datanodeUUID=78712fcb-d0e6-4972-b983-ece35dfef904, command=[]} | ret=SUCCESS |  
2019-08-28 22:29:20,766 [Thread-3741] INFO  impl.FollowerState (FollowerState.java:run(106)) - 78b24124-d29f-47d5-a706-e456f105062d:group-5D045914891E changes to CANDIDATE, lastRpcTime:5138, electionTimeout:5138ms
2019-08-28 22:29:20,767 [Thread-3741] INFO  impl.RoleInfo (RoleInfo.java:shutdownFollowerState(121)) - 78b24124-d29f-47d5-a706-e456f105062d: shutdown FollowerState
2019-08-28 22:29:20,767 [Thread-3741] INFO  impl.RaftServerImpl (RaftServerImpl.java:setRole(171)) - 78b24124-d29f-47d5-a706-e456f105062d:group-5D045914891E changes role from FOLLOWER to CANDIDATE at term 0 for changeToCandidate
2019-08-28 22:29:20,767 [Thread-3741] INFO  impl.RoleInfo (RoleInfo.java:updateAndGet(143)) - 78b24124-d29f-47d5-a706-e456f105062d: start LeaderElection
2019-08-28 22:29:20,786 | INFO  | SCMAudit | user=jenkins1000 | ip=192.168.36.111 | op=SEND_HEARTBEAT {datanodeUUID=e74f9000-1f49-4295-bac2-6bdfe4b05d98, command=[]} | ret=SUCCESS |  
2019-08-28 22:29:20,806 [78b24124-d29f-47d5-a706-e456f105062d:group-5D045914891E:LeaderElection93] INFO  impl.LeaderElection (LeaderElection.java:askForVotes(181)) - 78b24124-d29f-47d5-a706-e456f105062d:group-5D045914891E:LeaderElection93: begin an election at term 1 for -1: [78b24124-d29f-47d5-a706-e456f105062d:192.168.36.111:33087], old=null
2019-08-28 22:29:20,806 [78b24124-d29f-47d5-a706-e456f105062d:group-5D045914891E:LeaderElection93] INFO  impl.RoleInfo (RoleInfo.java:shutdownLeaderElection(134)) - 78b24124-d29f-47d5-a706-e456f105062d: shutdown LeaderElection
2019-08-28 22:29:20,806 [78b24124-d29f-47d5-a706-e456f105062d:group-5D045914891E:LeaderElection93] INFO  impl.RaftServerImpl (RaftServerImpl.java:setRole(171)) - 78b24124-d29f-47d5-a706-e456f105062d:group-5D045914891E changes role from CANDIDATE to LEADER at term 1 for changeToLeader
2019-08-28 22:29:20,806 [78b24124-d29f-47d5-a706-e456f105062d:group-5D045914891E:LeaderElection93] INFO  impl.RaftServerImpl (ServerState.java:setLeader(263)) - 78b24124-d29f-47d5-a706-e456f105062d:group-5D045914891E change Leader from null to 78b24124-d29f-47d5-a706-e456f105062d at term 1 for becomeLeader, leader elected after 5183ms
2019-08-28 22:29:20,806 [78b24124-d29f-47d5-a706-e456f105062d:group-5D045914891E:LeaderElection93] INFO  server.RaftServerConfigKeys (ConfUtils.java:logGet(43)) - raft.server.staging.catchup.gap = 1000 (default)
2019-08-28 22:29:20,806 [78b24124-d29f-47d5-a706-e456f105062d:group-5D045914891E:LeaderElection93] INFO  server.RaftServerConfigKeys (ConfUtils.java:logGet(43)) - raft.server.rpc.sleep.time = 25ms (default)
2019-08-28 22:29:20,807 [78b24124-d29f-47d5-a706-e456f105062d:group-5D045914891E:LeaderElection93] INFO  server.RaftServerConfigKeys (ConfUtils.java:logGet(43)) - raft.server.write.element-limit = 4096 (default)
2019-08-28 22:29:20,807 [78b24124-d29f-47d5-a706-e456f105062d:group-5D045914891E:LeaderElection93] INFO  server.RaftServerConfigKeys (ConfUtils.java:logGet(43)) - raft.server.watch.timeout = 10s (default)
2019-08-28 22:29:20,807 [78b24124-d29f-47d5-a706-e456f105062d:group-5D045914891E:LeaderElection93] INFO  server.RaftServerConfigKeys (ConfUtils.java:logGet(43)) - raft.server.watch.timeout.denomination = 1s (default)
2019-08-28 22:29:20,807 [78b24124-d29f-47d5-a706-e456f105062d:group-5D045914891E:LeaderElection93] INFO  server.RaftServerConfigKeys (ConfUtils.java:logGet(43)) - raft.server.watch.element-limit = 65536 (default)
2019-08-28 22:29:20,807 [78b24124-d29f-47d5-a706-e456f105062d:group-5D045914891E:LeaderElection93] INFO  impl.RoleInfo (RoleInfo.java:updateAndGet(143)) - 78b24124-d29f-47d5-a706-e456f105062d: start LeaderState
2019-08-28 22:29:20,807 [78b24124-d29f-47d5-a706-e456f105062d:group-5D045914891E:LeaderElection93] INFO  segmented.SegmentedRaftLogWorker (SegmentedRaftLogWorker.java:startLogSegment(380)) - 78b24124-d29f-47d5-a706-e456f105062d-SegmentedRaftLogWorker:Storage Directory /workdir/hadoop-ozone/integration-test/target/test-dir/MiniOzoneClusterImpl-cce2e0e6-0bf2-4ba0-8cd7-9d92f34a1712/datanode-2/data/ratis/43e9810e-2e08-4485-bcf6-5d045914891e: Starting segment from index:0
2019-08-28 22:29:20,808 [78b24124-d29f-47d5-a706-e456f105062d:group-5D045914891E:LeaderElection93] INFO  impl.RaftServerImpl (ServerState.java:setRaftConf(361)) - 78b24124-d29f-47d5-a706-e456f105062d:group-5D045914891E set configuration 0: [78b24124-d29f-47d5-a706-e456f105062d:192.168.36.111:33087], old=null at 0
2019-08-28 22:29:20,849 [Thread-3744] INFO  impl.FollowerState (FollowerState.java:run(106)) - 97096794-4d10-4cd1-9679-c7a18a289ffb:group-0F25206DA914 changes to CANDIDATE, lastRpcTime:5146, electionTimeout:5146ms
2019-08-28 22:29:20,850 [Thread-3744] INFO  impl.RoleInfo (RoleInfo.java:shutdownFollowerState(121)) - 97096794-4d10-4cd1-9679-c7a18a289ffb: shutdown FollowerState
2019-08-28 22:29:20,850 [Thread-3744] INFO  impl.RaftServerImpl (RaftServerImpl.java:setRole(171)) - 97096794-4d10-4cd1-9679-c7a18a289ffb:group-0F25206DA914 changes role from FOLLOWER to CANDIDATE at term 0 for changeToCandidate
2019-08-28 22:29:20,850 [Thread-3744] INFO  impl.RoleInfo (RoleInfo.java:updateAndGet(143)) - 97096794-4d10-4cd1-9679-c7a18a289ffb: start LeaderElection
2019-08-28 22:29:20,858 [78b24124-d29f-47d5-a706-e456f105062d-SegmentedRaftLogWorker:Storage Directory /workdir/hadoop-ozone/integration-test/target/test-dir/MiniOzoneClusterImpl-cce2e0e6-0bf2-4ba0-8cd7-9d92f34a1712/datanode-2/data/ratis/43e9810e-2e08-4485-bcf6-5d045914891e] INFO  segmented.SegmentedRaftLogWorker (SegmentedRaftLogWorker.java:execute(569)) - 78b24124-d29f-47d5-a706-e456f105062d-SegmentedRaftLogWorker:Storage Directory /workdir/hadoop-ozone/integration-test/target/test-dir/MiniOzoneClusterImpl-cce2e0e6-0bf2-4ba0-8cd7-9d92f34a1712/datanode-2/data/ratis/43e9810e-2e08-4485-bcf6-5d045914891e: created new log segment /workdir/hadoop-ozone/integration-test/target/test-dir/MiniOzoneClusterImpl-cce2e0e6-0bf2-4ba0-8cd7-9d92f34a1712/datanode-2/data/ratis/43e9810e-2e08-4485-bcf6-5d045914891e/current/log_inprogress_0
2019-08-28 22:29:20,880 [97096794-4d10-4cd1-9679-c7a18a289ffb:group-0F25206DA914:LeaderElection94] INFO  impl.LeaderElection (LeaderElection.java:askForVotes(181)) - 97096794-4d10-4cd1-9679-c7a18a289ffb:group-0F25206DA914:LeaderElection94: begin an election at term 1 for -1: [97096794-4d10-4cd1-9679-c7a18a289ffb:192.168.36.111:36537], old=null
2019-08-28 22:29:20,881 [97096794-4d10-4cd1-9679-c7a18a289ffb:group-0F25206DA914:LeaderElection94] INFO  impl.RoleInfo (RoleInfo.java:shutdownLeaderElection(134)) - 97096794-4d10-4cd1-9679-c7a18a289ffb: shutdown LeaderElection
2019-08-28 22:29:20,881 [97096794-4d10-4cd1-9679-c7a18a289ffb:group-0F25206DA914:LeaderElection94] INFO  impl.RaftServerImpl (RaftServerImpl.java:setRole(171)) - 97096794-4d10-4cd1-9679-c7a18a289ffb:group-0F25206DA914 changes role from CANDIDATE to LEADER at term 1 for changeToLeader
2019-08-28 22:29:20,881 [97096794-4d10-4cd1-9679-c7a18a289ffb:group-0F25206DA914:LeaderElection94] INFO  impl.RaftServerImpl (ServerState.java:setLeader(263)) - 97096794-4d10-4cd1-9679-c7a18a289ffb:group-0F25206DA914 change Leader from null to 97096794-4d10-4cd1-9679-c7a18a289ffb at term 1 for becomeLeader, leader elected after 5182ms
2019-08-28 22:29:20,881 [97096794-4d10-4cd1-9679-c7a18a289ffb:group-0F25206DA914:LeaderElection94] INFO  server.RaftServerConfigKeys (ConfUtils.java:logGet(43)) - raft.server.staging.catchup.gap = 1000 (default)
2019-08-28 22:29:20,881 [97096794-4d10-4cd1-9679-c7a18a289ffb:group-0F25206DA914:LeaderElection94] INFO  server.RaftServerConfigKeys (ConfUtils.java:logGet(43)) - raft.server.rpc.sleep.time = 25ms (default)
2019-08-28 22:29:20,881 [97096794-4d10-4cd1-9679-c7a18a289ffb:group-0F25206DA914:LeaderElection94] INFO  server.RaftServerConfigKeys (ConfUtils.java:logGet(43)) - raft.server.write.element-limit = 4096 (default)
2019-08-28 22:29:20,882 [97096794-4d10-4cd1-9679-c7a18a289ffb:group-0F25206DA914:LeaderElection94] INFO  server.RaftServerConfigKeys (ConfUtils.java:logGet(43)) - raft.server.watch.timeout = 10s (default)
2019-08-28 22:29:20,882 [97096794-4d10-4cd1-9679-c7a18a289ffb:group-0F25206DA914:LeaderElection94] INFO  server.RaftServerConfigKeys (ConfUtils.java:logGet(43)) - raft.server.watch.timeout.denomination = 1s (default)
2019-08-28 22:29:20,882 [97096794-4d10-4cd1-9679-c7a18a289ffb:group-0F25206DA914:LeaderElection94] INFO  server.RaftServerConfigKeys (ConfUtils.java:logGet(43)) - raft.server.watch.element-limit = 65536 (default)
2019-08-28 22:29:20,882 [97096794-4d10-4cd1-9679-c7a18a289ffb:group-0F25206DA914:LeaderElection94] INFO  impl.RoleInfo (RoleInfo.java:updateAndGet(143)) - 97096794-4d10-4cd1-9679-c7a18a289ffb: start LeaderState
2019-08-28 22:29:20,882 [97096794-4d10-4cd1-9679-c7a18a289ffb:group-0F25206DA914:LeaderElection94] INFO  segmented.SegmentedRaftLogWorker (SegmentedRaftLogWorker.java:startLogSegment(380)) - 97096794-4d10-4cd1-9679-c7a18a289ffb-SegmentedRaftLogWorker:Storage Directory /workdir/hadoop-ozone/integration-test/target/test-dir/MiniOzoneClusterImpl-cce2e0e6-0bf2-4ba0-8cd7-9d92f34a1712/datanode-1/data/ratis/6d9299b9-a336-408f-8de3-0f25206da914: Starting segment from index:0
2019-08-28 22:29:20,883 [97096794-4d10-4cd1-9679-c7a18a289ffb:group-0F25206DA914:LeaderElection94] INFO  impl.RaftServerImpl (ServerState.java:setRaftConf(361)) - 97096794-4d10-4cd1-9679-c7a18a289ffb:group-0F25206DA914 set configuration 0: [97096794-4d10-4cd1-9679-c7a18a289ffb:192.168.36.111:36537], old=null at 0
2019-08-28 22:29:20,912 [Thread-3747] INFO  impl.FollowerState (FollowerState.java:run(106)) - abdbdc2e-95e2-4fe0-a869-d51025a8c9fe:group-CA1BB8F91842 changes to CANDIDATE, lastRpcTime:5124, electionTimeout:5124ms
2019-08-28 22:29:20,913 [Thread-3747] INFO  impl.RoleInfo (RoleInfo.java:shutdownFollowerState(121)) - abdbdc2e-95e2-4fe0-a869-d51025a8c9fe: shutdown FollowerState
2019-08-28 22:29:20,913 [Thread-3747] INFO  impl.RaftServerImpl (RaftServerImpl.java:setRole(171)) - abdbdc2e-95e2-4fe0-a869-d51025a8c9fe:group-CA1BB8F91842 changes role from FOLLOWER to CANDIDATE at term 0 for changeToCandidate
2019-08-28 22:29:20,913 [Thread-3747] INFO  impl.RoleInfo (RoleInfo.java:updateAndGet(143)) - abdbdc2e-95e2-4fe0-a869-d51025a8c9fe: start LeaderElection
2019-08-28 22:29:20,949 [97096794-4d10-4cd1-9679-c7a18a289ffb-SegmentedRaftLogWorker:Storage Directory /workdir/hadoop-ozone/integration-test/target/test-dir/MiniOzoneClusterImpl-cce2e0e6-0bf2-4ba0-8cd7-9d92f34a1712/datanode-1/data/ratis/6d9299b9-a336-408f-8de3-0f25206da914] INFO  segmented.SegmentedRaftLogWorker (SegmentedRaftLogWorker.java:execute(569)) - 97096794-4d10-4cd1-9679-c7a18a289ffb-SegmentedRaftLogWorker:Storage Directory /workdir/hadoop-ozone/integration-test/target/test-dir/MiniOzoneClusterImpl-cce2e0e6-0bf2-4ba0-8cd7-9d92f34a1712/datanode-1/data/ratis/6d9299b9-a336-408f-8de3-0f25206da914: created new log segment /workdir/hadoop-ozone/integration-test/target/test-dir/MiniOzoneClusterImpl-cce2e0e6-0bf2-4ba0-8cd7-9d92f34a1712/datanode-1/data/ratis/6d9299b9-a336-408f-8de3-0f25206da914/current/log_inprogress_0
2019-08-28 22:29:20,949 [abdbdc2e-95e2-4fe0-a869-d51025a8c9fe:group-CA1BB8F91842:LeaderElection95] INFO  impl.LeaderElection (LeaderElection.java:askForVotes(181)) - abdbdc2e-95e2-4fe0-a869-d51025a8c9fe:group-CA1BB8F91842:LeaderElection95: begin an election at term 1 for -1: [abdbdc2e-95e2-4fe0-a869-d51025a8c9fe:192.168.36.111:43325], old=null
2019-08-28 22:29:20,950 [abdbdc2e-95e2-4fe0-a869-d51025a8c9fe:group-CA1BB8F91842:LeaderElection95] INFO  impl.RoleInfo (RoleInfo.java:shutdownLeaderElection(134)) - abdbdc2e-95e2-4fe0-a869-d51025a8c9fe: shutdown LeaderElection
2019-08-28 22:29:20,950 [abdbdc2e-95e2-4fe0-a869-d51025a8c9fe:group-CA1BB8F91842:LeaderElection95] INFO  impl.RaftServerImpl (RaftServerImpl.java:setRole(171)) - abdbdc2e-95e2-4fe0-a869-d51025a8c9fe:group-CA1BB8F91842 changes role from CANDIDATE to LEADER at term 1 for changeToLeader
2019-08-28 22:29:20,950 [abdbdc2e-95e2-4fe0-a869-d51025a8c9fe:group-CA1BB8F91842:LeaderElection95] INFO  impl.RaftServerImpl (ServerState.java:setLeader(263)) - abdbdc2e-95e2-4fe0-a869-d51025a8c9fe:group-CA1BB8F91842 change Leader from null to abdbdc2e-95e2-4fe0-a869-d51025a8c9fe at term 1 for becomeLeader, leader elected after 5167ms
2019-08-28 22:29:20,950 [abdbdc2e-95e2-4fe0-a869-d51025a8c9fe:group-CA1BB8F91842:LeaderElection95] INFO  server.RaftServerConfigKeys (ConfUtils.java:logGet(43)) - raft.server.staging.catchup.gap = 1000 (default)
2019-08-28 22:29:20,950 [abdbdc2e-95e2-4fe0-a869-d51025a8c9fe:group-CA1BB8F91842:LeaderElection95] INFO  server.RaftServerConfigKeys (ConfUtils.java:logGet(43)) - raft.server.rpc.sleep.time = 25ms (default)
2019-08-28 22:29:20,950 [abdbdc2e-95e2-4fe0-a869-d51025a8c9fe:group-CA1BB8F91842:LeaderElection95] INFO  server.RaftServerConfigKeys (ConfUtils.java:logGet(43)) - raft.server.write.element-limit = 4096 (default)
2019-08-28 22:29:20,951 [abdbdc2e-95e2-4fe0-a869-d51025a8c9fe:group-CA1BB8F91842:LeaderElection95] INFO  server.RaftServerConfigKeys (ConfUtils.java:logGet(43)) - raft.server.watch.timeout = 10s (default)
2019-08-28 22:29:20,951 [abdbdc2e-95e2-4fe0-a869-d51025a8c9fe:group-CA1BB8F91842:LeaderElection95] INFO  server.RaftServerConfigKeys (ConfUtils.java:logGet(43)) - raft.server.watch.timeout.denomination = 1s (default)
2019-08-28 22:29:20,951 [abdbdc2e-95e2-4fe0-a869-d51025a8c9fe:group-CA1BB8F91842:LeaderElection95] INFO  server.RaftServerConfigKeys (ConfUtils.java:logGet(43)) - raft.server.watch.element-limit = 65536 (default)
2019-08-28 22:29:20,951 [abdbdc2e-95e2-4fe0-a869-d51025a8c9fe:group-CA1BB8F91842:LeaderElection95] INFO  impl.RoleInfo (RoleInfo.java:updateAndGet(143)) - abdbdc2e-95e2-4fe0-a869-d51025a8c9fe: start LeaderState
2019-08-28 22:29:20,951 [abdbdc2e-95e2-4fe0-a869-d51025a8c9fe:group-CA1BB8F91842:LeaderElection95] INFO  segmented.SegmentedRaftLogWorker (SegmentedRaftLogWorker.java:startLogSegment(380)) - abdbdc2e-95e2-4fe0-a869-d51025a8c9fe-SegmentedRaftLogWorker:Storage Directory /workdir/hadoop-ozone/integration-test/target/test-dir/MiniOzoneClusterImpl-cce2e0e6-0bf2-4ba0-8cd7-9d92f34a1712/datanode-4/data/ratis/ce1b960b-7671-4f8f-8886-ca1bb8f91842: Starting segment from index:0
2019-08-28 22:29:20,952 [abdbdc2e-95e2-4fe0-a869-d51025a8c9fe:group-CA1BB8F91842:LeaderElection95] INFO  impl.RaftServerImpl (ServerState.java:setRaftConf(361)) - abdbdc2e-95e2-4fe0-a869-d51025a8c9fe:group-CA1BB8F91842 set configuration 0: [abdbdc2e-95e2-4fe0-a869-d51025a8c9fe:192.168.36.111:43325], old=null at 0
2019-08-28 22:29:20,982 [Thread-3750] INFO  impl.FollowerState (FollowerState.java:run(106)) - 78712fcb-d0e6-4972-b983-ece35dfef904:group-F11FF5F4731C changes to CANDIDATE, lastRpcTime:5119, electionTimeout:5104ms
2019-08-28 22:29:20,982 [Thread-3750] INFO  impl.RoleInfo (RoleInfo.java:shutdownFollowerState(121)) - 78712fcb-d0e6-4972-b983-ece35dfef904: shutdown FollowerState
2019-08-28 22:29:20,982 [Thread-3750] INFO  impl.RaftServerImpl (RaftServerImpl.java:setRole(171)) - 78712fcb-d0e6-4972-b983-ece35dfef904:group-F11FF5F4731C changes role from FOLLOWER to CANDIDATE at term 0 for changeToCandidate
2019-08-28 22:29:20,982 [Thread-3750] INFO  impl.RoleInfo (RoleInfo.java:updateAndGet(143)) - 78712fcb-d0e6-4972-b983-ece35dfef904: start LeaderElection
2019-08-28 22:29:20,990 [grpc-default-executor-9] INFO  client.GrpcClientProtocolClient (GrpcClientProtocolClient.java:onNext(255)) - client-7FF5BE5E004C->e74f9000-1f49-4295-bac2-6bdfe4b05d98: receive RaftClientReply:client-7FF5BE5E004C->e74f9000-1f49-4295-bac2-6bdfe4b05d98@group-5E79B7FD0278, cid=175, FAILED org.apache.ratis.protocol.NotLeaderException: Server e74f9000-1f49-4295-bac2-6bdfe4b05d98 is not the leader (null). Request must be sent to leader., logIndex=0, commits[e74f9000-1f49-4295-bac2-6bdfe4b05d98:c-1]
2019-08-28 22:29:21,010 [abdbdc2e-95e2-4fe0-a869-d51025a8c9fe-SegmentedRaftLogWorker:Storage Directory /workdir/hadoop-ozone/integration-test/target/test-dir/MiniOzoneClusterImpl-cce2e0e6-0bf2-4ba0-8cd7-9d92f34a1712/datanode-4/data/ratis/ce1b960b-7671-4f8f-8886-ca1bb8f91842] INFO  segmented.SegmentedRaftLogWorker (SegmentedRaftLogWorker.java:execute(569)) - abdbdc2e-95e2-4fe0-a869-d51025a8c9fe-SegmentedRaftLogWorker:Storage Directory /workdir/hadoop-ozone/integration-test/target/test-dir/MiniOzoneClusterImpl-cce2e0e6-0bf2-4ba0-8cd7-9d92f34a1712/datanode-4/data/ratis/ce1b960b-7671-4f8f-8886-ca1bb8f91842: created new log segment /workdir/hadoop-ozone/integration-test/target/test-dir/MiniOzoneClusterImpl-cce2e0e6-0bf2-4ba0-8cd7-9d92f34a1712/datanode-4/data/ratis/ce1b960b-7671-4f8f-8886-ca1bb8f91842/current/log_inprogress_0
2019-08-28 22:29:21,011 [78712fcb-d0e6-4972-b983-ece35dfef904:group-F11FF5F4731C:LeaderElection96] INFO  impl.LeaderElection (LeaderElection.java:askForVotes(181)) - 78712fcb-d0e6-4972-b983-ece35dfef904:group-F11FF5F4731C:LeaderElection96: begin an election at term 1 for -1: [78712fcb-d0e6-4972-b983-ece35dfef904:192.168.36.111:41835], old=null
2019-08-28 22:29:21,011 [78712fcb-d0e6-4972-b983-ece35dfef904:group-F11FF5F4731C:LeaderElection96] INFO  impl.RoleInfo (RoleInfo.java:shutdownLeaderElection(134)) - 78712fcb-d0e6-4972-b983-ece35dfef904: shutdown LeaderElection
2019-08-28 22:29:21,011 [78712fcb-d0e6-4972-b983-ece35dfef904:group-F11FF5F4731C:LeaderElection96] INFO  impl.RaftServerImpl (RaftServerImpl.java:setRole(171)) - 78712fcb-d0e6-4972-b983-ece35dfef904:group-F11FF5F4731C changes role from CANDIDATE to LEADER at term 1 for changeToLeader
2019-08-28 22:29:21,011 [78712fcb-d0e6-4972-b983-ece35dfef904:group-F11FF5F4731C:LeaderElection96] INFO  impl.RaftServerImpl (ServerState.java:setLeader(263)) - 78712fcb-d0e6-4972-b983-ece35dfef904:group-F11FF5F4731C change Leader from null to 78712fcb-d0e6-4972-b983-ece35dfef904 at term 1 for becomeLeader, leader elected after 5153ms
2019-08-28 22:29:21,011 [78712fcb-d0e6-4972-b983-ece35dfef904:group-F11FF5F4731C:LeaderElection96] INFO  server.RaftServerConfigKeys (ConfUtils.java:logGet(43)) - raft.server.staging.catchup.gap = 1000 (default)
2019-08-28 22:29:21,011 [78712fcb-d0e6-4972-b983-ece35dfef904:group-F11FF5F4731C:LeaderElection96] INFO  server.RaftServerConfigKeys (ConfUtils.java:logGet(43)) - raft.server.rpc.sleep.time = 25ms (default)
2019-08-28 22:29:21,012 [78712fcb-d0e6-4972-b983-ece35dfef904:group-F11FF5F4731C:LeaderElection96] INFO  server.RaftServerConfigKeys (ConfUtils.java:logGet(43)) - raft.server.write.element-limit = 4096 (default)
2019-08-28 22:29:21,012 [78712fcb-d0e6-4972-b983-ece35dfef904:group-F11FF5F4731C:LeaderElection96] INFO  server.RaftServerConfigKeys (ConfUtils.java:logGet(43)) - raft.server.watch.timeout = 10s (default)
2019-08-28 22:29:21,012 [78712fcb-d0e6-4972-b983-ece35dfef904:group-F11FF5F4731C:LeaderElection96] INFO  server.RaftServerConfigKeys (ConfUtils.java:logGet(43)) - raft.server.watch.timeout.denomination = 1s (default)
2019-08-28 22:29:21,012 [78712fcb-d0e6-4972-b983-ece35dfef904:group-F11FF5F4731C:LeaderElection96] INFO  server.RaftServerConfigKeys (ConfUtils.java:logGet(43)) - raft.server.watch.element-limit = 65536 (default)
2019-08-28 22:29:21,012 [78712fcb-d0e6-4972-b983-ece35dfef904:group-F11FF5F4731C:LeaderElection96] INFO  impl.RoleInfo (RoleInfo.java:updateAndGet(143)) - 78712fcb-d0e6-4972-b983-ece35dfef904: start LeaderState
2019-08-28 22:29:21,012 [78712fcb-d0e6-4972-b983-ece35dfef904:group-F11FF5F4731C:LeaderElection96] INFO  segmented.SegmentedRaftLogWorker (SegmentedRaftLogWorker.java:startLogSegment(380)) - 78712fcb-d0e6-4972-b983-ece35dfef904-SegmentedRaftLogWorker:Storage Directory /workdir/hadoop-ozone/integration-test/target/test-dir/MiniOzoneClusterImpl-cce2e0e6-0bf2-4ba0-8cd7-9d92f34a1712/datanode-5/data/ratis/f46cb0db-86da-45ea-8858-f11ff5f4731c: Starting segment from index:0
2019-08-28 22:29:21,013 [78712fcb-d0e6-4972-b983-ece35dfef904:group-F11FF5F4731C:LeaderElection96] INFO  impl.RaftServerImpl (ServerState.java:setRaftConf(361)) - 78712fcb-d0e6-4972-b983-ece35dfef904:group-F11FF5F4731C set configuration 0: [78712fcb-d0e6-4972-b983-ece35dfef904:192.168.36.111:41835], old=null at 0
2019-08-28 22:29:21,047 [Thread-3753] INFO  impl.FollowerState (FollowerState.java:run(106)) - e74f9000-1f49-4295-bac2-6bdfe4b05d98:group-55E658D48DA2 changes to CANDIDATE, lastRpcTime:5116, electionTimeout:5116ms
2019-08-28 22:29:21,048 [Thread-3753] INFO  impl.RoleInfo (RoleInfo.java:shutdownFollowerState(121)) - e74f9000-1f49-4295-bac2-6bdfe4b05d98: shutdown FollowerState
2019-08-28 22:29:21,048 [Thread-3753] INFO  impl.RaftServerImpl (RaftServerImpl.java:setRole(171)) - e74f9000-1f49-4295-bac2-6bdfe4b05d98:group-55E658D48DA2 changes role from FOLLOWER to CANDIDATE at term 0 for changeToCandidate
2019-08-28 22:29:21,048 [Thread-3753] INFO  impl.RoleInfo (RoleInfo.java:updateAndGet(143)) - e74f9000-1f49-4295-bac2-6bdfe4b05d98: start LeaderElection
2019-08-28 22:29:21,074 [78712fcb-d0e6-4972-b983-ece35dfef904-SegmentedRaftLogWorker:Storage Directory /workdir/hadoop-ozone/integration-test/target/test-dir/MiniOzoneClusterImpl-cce2e0e6-0bf2-4ba0-8cd7-9d92f34a1712/datanode-5/data/ratis/f46cb0db-86da-45ea-8858-f11ff5f4731c] INFO  segmented.SegmentedRaftLogWorker (SegmentedRaftLogWorker.java:execute(569)) - 78712fcb-d0e6-4972-b983-ece35dfef904-SegmentedRaftLogWorker:Storage Directory /workdir/hadoop-ozone/integration-test/target/test-dir/MiniOzoneClusterImpl-cce2e0e6-0bf2-4ba0-8cd7-9d92f34a1712/datanode-5/data/ratis/f46cb0db-86da-45ea-8858-f11ff5f4731c: created new log segment /workdir/hadoop-ozone/integration-test/target/test-dir/MiniOzoneClusterImpl-cce2e0e6-0bf2-4ba0-8cd7-9d92f34a1712/datanode-5/data/ratis/f46cb0db-86da-45ea-8858-f11ff5f4731c/current/log_inprogress_0
2019-08-28 22:29:21,091 [e74f9000-1f49-4295-bac2-6bdfe4b05d98:group-55E658D48DA2:LeaderElection97] INFO  impl.LeaderElection (LeaderElection.java:askForVotes(181)) - e74f9000-1f49-4295-bac2-6bdfe4b05d98:group-55E658D48DA2:LeaderElection97: begin an election at term 1 for -1: [e74f9000-1f49-4295-bac2-6bdfe4b05d98:192.168.36.111:44226], old=null
2019-08-28 22:29:21,091 [e74f9000-1f49-4295-bac2-6bdfe4b05d98:group-55E658D48DA2:LeaderElection97] INFO  impl.RoleInfo (RoleInfo.java:shutdownLeaderElection(134)) - e74f9000-1f49-4295-bac2-6bdfe4b05d98: shutdown LeaderElection
2019-08-28 22:29:21,091 [e74f9000-1f49-4295-bac2-6bdfe4b05d98:group-55E658D48DA2:LeaderElection97] INFO  impl.RaftServerImpl (RaftServerImpl.java:setRole(171)) - e74f9000-1f49-4295-bac2-6bdfe4b05d98:group-55E658D48DA2 changes role from CANDIDATE to LEADER at term 1 for changeToLeader
2019-08-28 22:29:21,091 [e74f9000-1f49-4295-bac2-6bdfe4b05d98:group-55E658D48DA2:LeaderElection97] INFO  impl.RaftServerImpl (ServerState.java:setLeader(263)) - e74f9000-1f49-4295-bac2-6bdfe4b05d98:group-55E658D48DA2 change Leader from null to e74f9000-1f49-4295-bac2-6bdfe4b05d98 at term 1 for becomeLeader, leader elected after 5165ms
2019-08-28 22:29:21,091 [e74f9000-1f49-4295-bac2-6bdfe4b05d98:group-55E658D48DA2:LeaderElection97] INFO  server.RaftServerConfigKeys (ConfUtils.java:logGet(43)) - raft.server.staging.catchup.gap = 1000 (default)
2019-08-28 22:29:21,092 [e74f9000-1f49-4295-bac2-6bdfe4b05d98:group-55E658D48DA2:LeaderElection97] INFO  server.RaftServerConfigKeys (ConfUtils.java:logGet(43)) - raft.server.rpc.sleep.time = 25ms (default)
2019-08-28 22:29:21,092 [e74f9000-1f49-4295-bac2-6bdfe4b05d98:group-55E658D48DA2:LeaderElection97] INFO  server.RaftServerConfigKeys (ConfUtils.java:logGet(43)) - raft.server.write.element-limit = 4096 (default)
2019-08-28 22:29:21,092 [e74f9000-1f49-4295-bac2-6bdfe4b05d98:group-55E658D48DA2:LeaderElection97] INFO  server.RaftServerConfigKeys (ConfUtils.java:logGet(43)) - raft.server.watch.timeout = 10s (default)
2019-08-28 22:29:21,092 [e74f9000-1f49-4295-bac2-6bdfe4b05d98:group-55E658D48DA2:LeaderElection97] INFO  server.RaftServerConfigKeys (ConfUtils.java:logGet(43)) - raft.server.watch.timeout.denomination = 1s (default)
2019-08-28 22:29:21,092 [e74f9000-1f49-4295-bac2-6bdfe4b05d98:group-55E658D48DA2:LeaderElection97] INFO  server.RaftServerConfigKeys (ConfUtils.java:logGet(43)) - raft.server.watch.element-limit = 65536 (default)
2019-08-28 22:29:21,093 [e74f9000-1f49-4295-bac2-6bdfe4b05d98:group-55E658D48DA2:LeaderElection97] INFO  impl.RoleInfo (RoleInfo.java:updateAndGet(143)) - e74f9000-1f49-4295-bac2-6bdfe4b05d98: start LeaderState
2019-08-28 22:29:21,093 [e74f9000-1f49-4295-bac2-6bdfe4b05d98:group-55E658D48DA2:LeaderElection97] INFO  segmented.SegmentedRaftLogWorker (SegmentedRaftLogWorker.java:startLogSegment(380)) - e74f9000-1f49-4295-bac2-6bdfe4b05d98-SegmentedRaftLogWorker:Storage Directory /workdir/hadoop-ozone/integration-test/target/test-dir/MiniOzoneClusterImpl-cce2e0e6-0bf2-4ba0-8cd7-9d92f34a1712/datanode-6/data/ratis/b3378f1c-b5a7-4404-b75a-55e658d48da2: Starting segment from index:0
2019-08-28 22:29:21,093 [e74f9000-1f49-4295-bac2-6bdfe4b05d98:group-55E658D48DA2:LeaderElection97] INFO  impl.RaftServerImpl (ServerState.java:setRaftConf(361)) - e74f9000-1f49-4295-bac2-6bdfe4b05d98:group-55E658D48DA2 set configuration 0: [e74f9000-1f49-4295-bac2-6bdfe4b05d98:192.168.36.111:44226], old=null at 0
2019-08-28 22:29:21,144 [Thread-3764] INFO  impl.FollowerState (FollowerState.java:run(106)) - 78b24124-d29f-47d5-a706-e456f105062d:group-3CA1E3F135FE changes to CANDIDATE, lastRpcTime:5063, electionTimeout:5063ms
2019-08-28 22:29:21,144 [Thread-3764] INFO  impl.RoleInfo (RoleInfo.java:shutdownFollowerState(121)) - 78b24124-d29f-47d5-a706-e456f105062d: shutdown FollowerState
2019-08-28 22:29:21,144 [Thread-3764] INFO  impl.RaftServerImpl (RaftServerImpl.java:setRole(171)) - 78b24124-d29f-47d5-a706-e456f105062d:group-3CA1E3F135FE changes role from FOLLOWER to CANDIDATE at term 0 for changeToCandidate
2019-08-28 22:29:21,144 [Thread-3764] INFO  impl.RoleInfo (RoleInfo.java:updateAndGet(143)) - 78b24124-d29f-47d5-a706-e456f105062d: start LeaderElection
2019-08-28 22:29:21,165 [Thread-3763] INFO  impl.FollowerState (FollowerState.java:run(106)) - 78712fcb-d0e6-4972-b983-ece35dfef904:group-3CA1E3F135FE changes to CANDIDATE, lastRpcTime:5084, electionTimeout:5084ms
2019-08-28 22:29:21,165 [Thread-3763] INFO  impl.RoleInfo (RoleInfo.java:shutdownFollowerState(121)) - 78712fcb-d0e6-4972-b983-ece35dfef904: shutdown FollowerState
2019-08-28 22:29:21,165 [Thread-3763] INFO  impl.RaftServerImpl (RaftServerImpl.java:setRole(171)) - 78712fcb-d0e6-4972-b983-ece35dfef904:group-3CA1E3F135FE changes role from FOLLOWER to CANDIDATE at term 0 for changeToCandidate
2019-08-28 22:29:21,165 [Thread-3763] INFO  impl.RoleInfo (RoleInfo.java:updateAndGet(143)) - 78712fcb-d0e6-4972-b983-ece35dfef904: start LeaderElection
2019-08-28 22:29:21,168 [e74f9000-1f49-4295-bac2-6bdfe4b05d98-SegmentedRaftLogWorker:Storage Directory /workdir/hadoop-ozone/integration-test/target/test-dir/MiniOzoneClusterImpl-cce2e0e6-0bf2-4ba0-8cd7-9d92f34a1712/datanode-6/data/ratis/b3378f1c-b5a7-4404-b75a-55e658d48da2] INFO  segmented.SegmentedRaftLogWorker (SegmentedRaftLogWorker.java:execute(569)) - e74f9000-1f49-4295-bac2-6bdfe4b05d98-SegmentedRaftLogWorker:Storage Directory /workdir/hadoop-ozone/integration-test/target/test-dir/MiniOzoneClusterImpl-cce2e0e6-0bf2-4ba0-8cd7-9d92f34a1712/datanode-6/data/ratis/b3378f1c-b5a7-4404-b75a-55e658d48da2: created new log segment /workdir/hadoop-ozone/integration-test/target/test-dir/MiniOzoneClusterImpl-cce2e0e6-0bf2-4ba0-8cd7-9d92f34a1712/datanode-6/data/ratis/b3378f1c-b5a7-4404-b75a-55e658d48da2/current/log_inprogress_0
2019-08-28 22:29:21,168 [78b24124-d29f-47d5-a706-e456f105062d:group-3CA1E3F135FE:LeaderElection98] INFO  impl.LeaderElection (LeaderElection.java:askForVotes(181)) - 78b24124-d29f-47d5-a706-e456f105062d:group-3CA1E3F135FE:LeaderElection98: begin an election at term 1 for -1: [78b24124-d29f-47d5-a706-e456f105062d:192.168.36.111:33087, 78712fcb-d0e6-4972-b983-ece35dfef904:192.168.36.111:41835, da6bcafd-dc39-4560-8552-9102a185bf89:192.168.36.111:45969], old=null
2019-08-28 22:29:21,170 [Thread-3756] INFO  impl.FollowerState (FollowerState.java:run(106)) - e661242e-7c31-4a11-b0a8-eee9611e009e:group-F5CD74B03FFE changes to CANDIDATE, lastRpcTime:5172, electionTimeout:5172ms
2019-08-28 22:29:21,170 [Thread-3756] INFO  impl.RoleInfo (RoleInfo.java:shutdownFollowerState(121)) - e661242e-7c31-4a11-b0a8-eee9611e009e: shutdown FollowerState
2019-08-28 22:29:21,170 [Thread-3756] INFO  impl.RaftServerImpl (RaftServerImpl.java:setRole(171)) - e661242e-7c31-4a11-b0a8-eee9611e009e:group-F5CD74B03FFE changes role from FOLLOWER to CANDIDATE at term 0 for changeToCandidate
2019-08-28 22:29:21,171 [Thread-3756] INFO  impl.RoleInfo (RoleInfo.java:updateAndGet(143)) - e661242e-7c31-4a11-b0a8-eee9611e009e: start LeaderElection
2019-08-28 22:29:21,179 [grpc-default-executor-9] INFO  impl.RaftServerImpl (RaftServerImpl.java:setRole(171)) - da6bcafd-dc39-4560-8552-9102a185bf89:group-3CA1E3F135FE changes role from FOLLOWER to FOLLOWER at term 1 for recognizeCandidate:78b24124-d29f-47d5-a706-e456f105062d
2019-08-28 22:29:21,179 [grpc-default-executor-9] INFO  impl.RoleInfo (RoleInfo.java:shutdownFollowerState(121)) - da6bcafd-dc39-4560-8552-9102a185bf89: shutdown FollowerState
2019-08-28 22:29:21,179 [grpc-default-executor-9] INFO  impl.RoleInfo (RoleInfo.java:updateAndGet(143)) - da6bcafd-dc39-4560-8552-9102a185bf89: start FollowerState
2019-08-28 22:29:21,179 [Thread-3759] INFO  impl.FollowerState (FollowerState.java:run(114)) - da6bcafd-dc39-4560-8552-9102a185bf89: FollowerState was interrupted: java.lang.InterruptedException: sleep interrupted
2019-08-28 22:29:21,192 [78712fcb-d0e6-4972-b983-ece35dfef904:group-3CA1E3F135FE:LeaderElection99] INFO  impl.LeaderElection (LeaderElection.java:askForVotes(181)) - 78712fcb-d0e6-4972-b983-ece35dfef904:group-3CA1E3F135FE:LeaderElection99: begin an election at term 1 for -1: [78b24124-d29f-47d5-a706-e456f105062d:192.168.36.111:33087, 78712fcb-d0e6-4972-b983-ece35dfef904:192.168.36.111:41835, da6bcafd-dc39-4560-8552-9102a185bf89:192.168.36.111:45969], old=null
2019-08-28 22:29:21,225 [e661242e-7c31-4a11-b0a8-eee9611e009e:group-F5CD74B03FFE:LeaderElection100] INFO  impl.LeaderElection (LeaderElection.java:askForVotes(181)) - e661242e-7c31-4a11-b0a8-eee9611e009e:group-F5CD74B03FFE:LeaderElection100: begin an election at term 1 for -1: [e661242e-7c31-4a11-b0a8-eee9611e009e:192.168.36.111:32931], old=null
2019-08-28 22:29:21,228 [e661242e-7c31-4a11-b0a8-eee9611e009e:group-F5CD74B03FFE:LeaderElection100] INFO  impl.RoleInfo (RoleInfo.java:shutdownLeaderElection(134)) - e661242e-7c31-4a11-b0a8-eee9611e009e: shutdown LeaderElection
2019-08-28 22:29:21,228 [e661242e-7c31-4a11-b0a8-eee9611e009e:group-F5CD74B03FFE:LeaderElection100] INFO  impl.RaftServerImpl (RaftServerImpl.java:setRole(171)) - e661242e-7c31-4a11-b0a8-eee9611e009e:group-F5CD74B03FFE changes role from CANDIDATE to LEADER at term 1 for changeToLeader
2019-08-28 22:29:21,228 [e661242e-7c31-4a11-b0a8-eee9611e009e:group-F5CD74B03FFE:LeaderElection100] INFO  impl.RaftServerImpl (ServerState.java:setLeader(263)) - e661242e-7c31-4a11-b0a8-eee9611e009e:group-F5CD74B03FFE change Leader from null to e661242e-7c31-4a11-b0a8-eee9611e009e at term 1 for becomeLeader, leader elected after 5235ms
2019-08-28 22:29:21,228 [e661242e-7c31-4a11-b0a8-eee9611e009e:group-F5CD74B03FFE:LeaderElection100] INFO  server.RaftServerConfigKeys (ConfUtils.java:logGet(43)) - raft.server.staging.catchup.gap = 1000 (default)
2019-08-28 22:29:21,229 [e661242e-7c31-4a11-b0a8-eee9611e009e:group-F5CD74B03FFE:LeaderElection100] INFO  server.RaftServerConfigKeys (ConfUtils.java:logGet(43)) - raft.server.rpc.sleep.time = 25ms (default)
2019-08-28 22:29:21,229 [78b24124-d29f-47d5-a706-e456f105062d:group-3CA1E3F135FE:LeaderElection98] INFO  impl.LeaderElection (LeaderElection.java:logAndReturn(56)) - 78b24124-d29f-47d5-a706-e456f105062d:group-3CA1E3F135FE:LeaderElection98: Election PASSED; received 2 response(s) [78b24124-d29f-47d5-a706-e456f105062d<-78712fcb-d0e6-4972-b983-ece35dfef904#0:FAIL-t1, 78b24124-d29f-47d5-a706-e456f105062d<-da6bcafd-dc39-4560-8552-9102a185bf89#0:OK-t1] and 0 exception(s); 78b24124-d29f-47d5-a706-e456f105062d:t1, leader=null, voted=78b24124-d29f-47d5-a706-e456f105062d, raftlog=78b24124-d29f-47d5-a706-e456f105062d-SegmentedRaftLog:OPENED:c-1,f-1,i0, conf=-1: [78b24124-d29f-47d5-a706-e456f105062d:192.168.36.111:33087, 78712fcb-d0e6-4972-b983-ece35dfef904:192.168.36.111:41835, da6bcafd-dc39-4560-8552-9102a185bf89:192.168.36.111:45969], old=null
2019-08-28 22:29:21,229 [78712fcb-d0e6-4972-b983-ece35dfef904:group-3CA1E3F135FE:LeaderElection99] INFO  impl.LeaderElection (LeaderElection.java:logAndReturn(56)) - 78712fcb-d0e6-4972-b983-ece35dfef904:group-3CA1E3F135FE:LeaderElection99: Election REJECTED; received 2 response(s) [78712fcb-d0e6-4972-b983-ece35dfef904<-78b24124-d29f-47d5-a706-e456f105062d#0:FAIL-t1, 78712fcb-d0e6-4972-b983-ece35dfef904<-da6bcafd-dc39-4560-8552-9102a185bf89#0:FAIL-t1] and 0 exception(s); 78712fcb-d0e6-4972-b983-ece35dfef904:t1, leader=null, voted=78712fcb-d0e6-4972-b983-ece35dfef904, raftlog=78712fcb-d0e6-4972-b983-ece35dfef904-SegmentedRaftLog:OPENED:c-1,f-1,i0, conf=-1: [78b24124-d29f-47d5-a706-e456f105062d:192.168.36.111:33087, 78712fcb-d0e6-4972-b983-ece35dfef904:192.168.36.111:41835, da6bcafd-dc39-4560-8552-9102a185bf89:192.168.36.111:45969], old=null
2019-08-28 22:29:21,229 [e661242e-7c31-4a11-b0a8-eee9611e009e:group-F5CD74B03FFE:LeaderElection100] INFO  server.RaftServerConfigKeys (ConfUtils.java:logGet(43)) - raft.server.write.element-limit = 4096 (default)
2019-08-28 22:29:21,229 [78712fcb-d0e6-4972-b983-ece35dfef904:group-3CA1E3F135FE:LeaderElection99] INFO  impl.RaftServerImpl (RaftServerImpl.java:setRole(171)) - 78712fcb-d0e6-4972-b983-ece35dfef904:group-3CA1E3F135FE changes role from CANDIDATE to FOLLOWER at term 1 for DISCOVERED_A_NEW_TERM
2019-08-28 22:29:21,230 [78712fcb-d0e6-4972-b983-ece35dfef904:group-3CA1E3F135FE:LeaderElection99] INFO  impl.RoleInfo (RoleInfo.java:shutdownLeaderElection(134)) - 78712fcb-d0e6-4972-b983-ece35dfef904: shutdown LeaderElection
2019-08-28 22:29:21,229 [78b24124-d29f-47d5-a706-e456f105062d:group-3CA1E3F135FE:LeaderElection98] INFO  impl.RoleInfo (RoleInfo.java:shutdownLeaderElection(134)) - 78b24124-d29f-47d5-a706-e456f105062d: shutdown LeaderElection
2019-08-28 22:29:21,230 [78712fcb-d0e6-4972-b983-ece35dfef904:group-3CA1E3F135FE:LeaderElection99] INFO  impl.RoleInfo (RoleInfo.java:updateAndGet(143)) - 78712fcb-d0e6-4972-b983-ece35dfef904: start FollowerState
2019-08-28 22:29:21,230 [e661242e-7c31-4a11-b0a8-eee9611e009e:group-F5CD74B03FFE:LeaderElection100] INFO  server.RaftServerConfigKeys (ConfUtils.java:logGet(43)) - raft.server.watch.timeout = 10s (default)
2019-08-28 22:29:21,230 [78b24124-d29f-47d5-a706-e456f105062d:group-3CA1E3F135FE:LeaderElection98] INFO  impl.RaftServerImpl (RaftServerImpl.java:setRole(171)) - 78b24124-d29f-47d5-a706-e456f105062d:group-3CA1E3F135FE changes role from CANDIDATE to LEADER at term 1 for changeToLeader
2019-08-28 22:29:21,230 [e661242e-7c31-4a11-b0a8-eee9611e009e:group-F5CD74B03FFE:LeaderElection100] INFO  server.RaftServerConfigKeys (ConfUtils.java:logGet(43)) - raft.server.watch.timeout.denomination = 1s (default)
2019-08-28 22:29:21,230 [78b24124-d29f-47d5-a706-e456f105062d:group-3CA1E3F135FE:LeaderElection98] INFO  impl.RaftServerImpl (ServerState.java:setLeader(263)) - 78b24124-d29f-47d5-a706-e456f105062d:group-3CA1E3F135FE change Leader from null to 78b24124-d29f-47d5-a706-e456f105062d at term 1 for becomeLeader, leader elected after 5177ms
2019-08-28 22:29:21,231 [e661242e-7c31-4a11-b0a8-eee9611e009e:group-F5CD74B03FFE:LeaderElection100] INFO  server.RaftServerConfigKeys (ConfUtils.java:logGet(43)) - raft.server.watch.element-limit = 65536 (default)
2019-08-28 22:29:21,231 [78b24124-d29f-47d5-a706-e456f105062d:group-3CA1E3F135FE:LeaderElection98] INFO  server.RaftServerConfigKeys (ConfUtils.java:logGet(43)) - raft.server.staging.catchup.gap = 1000 (default)
2019-08-28 22:29:21,231 [e661242e-7c31-4a11-b0a8-eee9611e009e:group-F5CD74B03FFE:LeaderElection100] INFO  impl.RoleInfo (RoleInfo.java:updateAndGet(143)) - e661242e-7c31-4a11-b0a8-eee9611e009e: start LeaderState
2019-08-28 22:29:21,231 [78b24124-d29f-47d5-a706-e456f105062d:group-3CA1E3F135FE:LeaderElection98] INFO  server.RaftServerConfigKeys (ConfUtils.java:logGet(43)) - raft.server.rpc.sleep.time = 25ms (default)
2019-08-28 22:29:21,231 [e661242e-7c31-4a11-b0a8-eee9611e009e:group-F5CD74B03FFE:LeaderElection100] INFO  segmented.SegmentedRaftLogWorker (SegmentedRaftLogWorker.java:startLogSegment(380)) - e661242e-7c31-4a11-b0a8-eee9611e009e-SegmentedRaftLogWorker:Storage Directory /workdir/hadoop-ozone/integration-test/target/test-dir/MiniOzoneClusterImpl-cce2e0e6-0bf2-4ba0-8cd7-9d92f34a1712/datanode-3/data/ratis/6fbc6d75-b636-495b-b8cd-f5cd74b03ffe: Starting segment from index:0
2019-08-28 22:29:21,231 [78b24124-d29f-47d5-a706-e456f105062d:group-3CA1E3F135FE:LeaderElection98] INFO  server.RaftServerConfigKeys (ConfUtils.java:logGet(43)) - raft.server.write.element-limit = 4096 (default)
2019-08-28 22:29:21,232 [78b24124-d29f-47d5-a706-e456f105062d:group-3CA1E3F135FE:LeaderElection98] INFO  server.RaftServerConfigKeys (ConfUtils.java:logGet(43)) - raft.server.watch.timeout = 10s (default)
2019-08-28 22:29:21,232 [e661242e-7c31-4a11-b0a8-eee9611e009e:group-F5CD74B03FFE:LeaderElection100] INFO  impl.RaftServerImpl (ServerState.java:setRaftConf(361)) - e661242e-7c31-4a11-b0a8-eee9611e009e:group-F5CD74B03FFE set configuration 0: [e661242e-7c31-4a11-b0a8-eee9611e009e:192.168.36.111:32931], old=null at 0
2019-08-28 22:29:21,232 [78b24124-d29f-47d5-a706-e456f105062d:group-3CA1E3F135FE:LeaderElection98] INFO  server.RaftServerConfigKeys (ConfUtils.java:logGet(43)) - raft.server.watch.timeout.denomination = 1s (default)
2019-08-28 22:29:21,267 [78b24124-d29f-47d5-a706-e456f105062d:group-3CA1E3F135FE:LeaderElection98] INFO  server.RaftServerConfigKeys (ConfUtils.java:logGet(43)) - raft.server.watch.element-limit = 65536 (default)
2019-08-28 22:29:21,267 [78b24124-d29f-47d5-a706-e456f105062d:group-3CA1E3F135FE:LeaderElection98] INFO  server.RaftServerConfigKeys (ConfUtils.java:logGet(43)) - raft.server.log.appender.snapshot.chunk.size.max = 16MB (=16777216) (default)
2019-08-28 22:29:21,268 [78b24124-d29f-47d5-a706-e456f105062d:group-3CA1E3F135FE:LeaderElection98] INFO  server.RaftServerConfigKeys (ConfUtils.java:logGet(43)) - raft.server.log.appender.buffer.byte-limit = 33554432 (custom)
2019-08-28 22:29:21,268 [78b24124-d29f-47d5-a706-e456f105062d:group-3CA1E3F135FE:LeaderElection98] INFO  server.RaftServerConfigKeys (ConfUtils.java:logGet(43)) - raft.server.log.appender.buffer.element-limit = 1 (custom)
2019-08-28 22:29:21,268 [78b24124-d29f-47d5-a706-e456f105062d:group-3CA1E3F135FE:LeaderElection98] INFO  grpc.GrpcConfigKeys$Server (ConfUtils.java:logGet(43)) - raft.grpc.server.leader.outstanding.appends.max = 128 (default)
2019-08-28 22:29:21,268 [78b24124-d29f-47d5-a706-e456f105062d:group-3CA1E3F135FE:LeaderElection98] INFO  server.RaftServerConfigKeys (ConfUtils.java:logGet(43)) - raft.server.rpc.request.timeout = 3000ms (default)
2019-08-28 22:29:21,269 [78b24124-d29f-47d5-a706-e456f105062d:group-3CA1E3F135FE:LeaderElection98] INFO  server.RaftServerConfigKeys (ConfUtils.java:logGet(43)) - raft.server.log.appender.install.snapshot.enabled = false (custom)
2019-08-28 22:29:21,269 [78b24124-d29f-47d5-a706-e456f105062d:group-3CA1E3F135FE:LeaderElection98] INFO  server.RaftServerConfigKeys (ConfUtils.java:logGet(43)) - raft.server.log.appender.snapshot.chunk.size.max = 16MB (=16777216) (default)
2019-08-28 22:29:21,269 [78b24124-d29f-47d5-a706-e456f105062d:group-3CA1E3F135FE:LeaderElection98] INFO  server.RaftServerConfigKeys (ConfUtils.java:logGet(43)) - raft.server.log.appender.buffer.byte-limit = 33554432 (custom)
2019-08-28 22:29:21,269 [78b24124-d29f-47d5-a706-e456f105062d:group-3CA1E3F135FE:LeaderElection98] INFO  server.RaftServerConfigKeys (ConfUtils.java:logGet(43)) - raft.server.log.appender.buffer.element-limit = 1 (custom)
2019-08-28 22:29:21,269 [78b24124-d29f-47d5-a706-e456f105062d:group-3CA1E3F135FE:LeaderElection98] INFO  grpc.GrpcConfigKeys$Server (ConfUtils.java:logGet(43)) - raft.grpc.server.leader.outstanding.appends.max = 128 (default)
2019-08-28 22:29:21,269 [78b24124-d29f-47d5-a706-e456f105062d:group-3CA1E3F135FE:LeaderElection98] INFO  server.RaftServerConfigKeys (ConfUtils.java:logGet(43)) - raft.server.rpc.request.timeout = 3000ms (default)
2019-08-28 22:29:21,270 [78b24124-d29f-47d5-a706-e456f105062d:group-3CA1E3F135FE:LeaderElection98] INFO  server.RaftServerConfigKeys (ConfUtils.java:logGet(43)) - raft.server.log.appender.install.snapshot.enabled = false (custom)
2019-08-28 22:29:21,270 [78b24124-d29f-47d5-a706-e456f105062d:group-3CA1E3F135FE:LeaderElection98] INFO  impl.RoleInfo (RoleInfo.java:updateAndGet(143)) - 78b24124-d29f-47d5-a706-e456f105062d: start LeaderState
2019-08-28 22:29:21,270 [78b24124-d29f-47d5-a706-e456f105062d:group-3CA1E3F135FE:LeaderElection98] INFO  segmented.SegmentedRaftLogWorker (SegmentedRaftLogWorker.java:startLogSegment(380)) - 78b24124-d29f-47d5-a706-e456f105062d-SegmentedRaftLogWorker:Storage Directory /workdir/hadoop-ozone/integration-test/target/test-dir/MiniOzoneClusterImpl-cce2e0e6-0bf2-4ba0-8cd7-9d92f34a1712/datanode-2/data/ratis/ef05e67d-8585-441c-bac0-3ca1e3f135fe: Starting segment from index:0
2019-08-28 22:29:21,271 [78b24124-d29f-47d5-a706-e456f105062d:group-3CA1E3F135FE:LeaderElection98] INFO  impl.RaftServerImpl (ServerState.java:setRaftConf(361)) - 78b24124-d29f-47d5-a706-e456f105062d:group-3CA1E3F135FE set configuration 0: [78b24124-d29f-47d5-a706-e456f105062d:192.168.36.111:33087, 78712fcb-d0e6-4972-b983-ece35dfef904:192.168.36.111:41835, da6bcafd-dc39-4560-8552-9102a185bf89:192.168.36.111:45969], old=null at 0
2019-08-28 22:29:21,272 [grpc-default-executor-8] INFO  impl.RaftServerImpl (ServerState.java:setLeader(263)) - 78712fcb-d0e6-4972-b983-ece35dfef904:group-3CA1E3F135FE change Leader from null to 78b24124-d29f-47d5-a706-e456f105062d at term 1 for appendEntries, leader elected after 5219ms
2019-08-28 22:29:21,273 [grpc-default-executor-9] INFO  impl.RaftServerImpl (ServerState.java:setLeader(263)) - da6bcafd-dc39-4560-8552-9102a185bf89:group-3CA1E3F135FE change Leader from null to 78b24124-d29f-47d5-a706-e456f105062d at term 1 for appendEntries, leader elected after 5219ms
2019-08-28 22:29:21,275 [grpc-default-executor-8] INFO  impl.RaftServerImpl (ServerState.java:setRaftConf(361)) - da6bcafd-dc39-4560-8552-9102a185bf89:group-3CA1E3F135FE set configuration 0: [78b24124-d29f-47d5-a706-e456f105062d:192.168.36.111:33087, 78712fcb-d0e6-4972-b983-ece35dfef904:192.168.36.111:41835, da6bcafd-dc39-4560-8552-9102a185bf89:192.168.36.111:45969], old=null at 0
2019-08-28 22:29:21,275 [grpc-default-executor-9] INFO  impl.RaftServerImpl (ServerState.java:setRaftConf(361)) - 78712fcb-d0e6-4972-b983-ece35dfef904:group-3CA1E3F135FE set configuration 0: [78b24124-d29f-47d5-a706-e456f105062d:192.168.36.111:33087, 78712fcb-d0e6-4972-b983-ece35dfef904:192.168.36.111:41835, da6bcafd-dc39-4560-8552-9102a185bf89:192.168.36.111:45969], old=null at 0
2019-08-28 22:29:21,275 [grpc-default-executor-8] INFO  segmented.SegmentedRaftLogWorker (SegmentedRaftLogWorker.java:startLogSegment(380)) - da6bcafd-dc39-4560-8552-9102a185bf89-SegmentedRaftLogWorker:Storage Directory /workdir/hadoop-ozone/integration-test/target/test-dir/MiniOzoneClusterImpl-cce2e0e6-0bf2-4ba0-8cd7-9d92f34a1712/datanode-0/data/ratis/ef05e67d-8585-441c-bac0-3ca1e3f135fe: Starting segment from index:0
2019-08-28 22:29:21,276 [grpc-default-executor-9] INFO  segmented.SegmentedRaftLogWorker (SegmentedRaftLogWorker.java:startLogSegment(380)) - 78712fcb-d0e6-4972-b983-ece35dfef904-SegmentedRaftLogWorker:Storage Directory /workdir/hadoop-ozone/integration-test/target/test-dir/MiniOzoneClusterImpl-cce2e0e6-0bf2-4ba0-8cd7-9d92f34a1712/datanode-5/data/ratis/ef05e67d-8585-441c-bac0-3ca1e3f135fe: Starting segment from index:0
2019-08-28 22:29:21,281 [Thread-3773] INFO  impl.FollowerState (FollowerState.java:run(106)) - abdbdc2e-95e2-4fe0-a869-d51025a8c9fe:group-5E79B7FD0278 changes to CANDIDATE, lastRpcTime:5100, electionTimeout:5100ms
2019-08-28 22:29:21,281 [Thread-3773] INFO  impl.RoleInfo (RoleInfo.java:shutdownFollowerState(121)) - abdbdc2e-95e2-4fe0-a869-d51025a8c9fe: shutdown FollowerState
2019-08-28 22:29:21,281 [Thread-3773] INFO  impl.RaftServerImpl (RaftServerImpl.java:setRole(171)) - abdbdc2e-95e2-4fe0-a869-d51025a8c9fe:group-5E79B7FD0278 changes role from FOLLOWER to CANDIDATE at term 0 for changeToCandidate
2019-08-28 22:29:21,282 [Thread-3773] INFO  impl.RoleInfo (RoleInfo.java:updateAndGet(143)) - abdbdc2e-95e2-4fe0-a869-d51025a8c9fe: start LeaderElection
2019-08-28 22:29:21,318 [e661242e-7c31-4a11-b0a8-eee9611e009e-SegmentedRaftLogWorker:Storage Directory /workdir/hadoop-ozone/integration-test/target/test-dir/MiniOzoneClusterImpl-cce2e0e6-0bf2-4ba0-8cd7-9d92f34a1712/datanode-3/data/ratis/6fbc6d75-b636-495b-b8cd-f5cd74b03ffe] INFO  segmented.SegmentedRaftLogWorker (SegmentedRaftLogWorker.java:execute(569)) - e661242e-7c31-4a11-b0a8-eee9611e009e-SegmentedRaftLogWorker:Storage Directory /workdir/hadoop-ozone/integration-test/target/test-dir/MiniOzoneClusterImpl-cce2e0e6-0bf2-4ba0-8cd7-9d92f34a1712/datanode-3/data/ratis/6fbc6d75-b636-495b-b8cd-f5cd74b03ffe: created new log segment /workdir/hadoop-ozone/integration-test/target/test-dir/MiniOzoneClusterImpl-cce2e0e6-0bf2-4ba0-8cd7-9d92f34a1712/datanode-3/data/ratis/6fbc6d75-b636-495b-b8cd-f5cd74b03ffe/current/log_inprogress_0
2019-08-28 22:29:21,318 [Thread-3772] INFO  impl.FollowerState (FollowerState.java:run(106)) - 97096794-4d10-4cd1-9679-c7a18a289ffb:group-5E79B7FD0278 changes to CANDIDATE, lastRpcTime:5137, electionTimeout:5132ms
2019-08-28 22:29:21,318 [Thread-3772] INFO  impl.RoleInfo (RoleInfo.java:shutdownFollowerState(121)) - 97096794-4d10-4cd1-9679-c7a18a289ffb: shutdown FollowerState
2019-08-28 22:29:21,318 [Thread-3768] INFO  impl.FollowerState (FollowerState.java:run(106)) - e74f9000-1f49-4295-bac2-6bdfe4b05d98:group-5E79B7FD0278 changes to CANDIDATE, lastRpcTime:5140, electionTimeout:5106ms
2019-08-28 22:29:21,318 [Thread-3772] INFO  impl.RaftServerImpl (RaftServerImpl.java:setRole(171)) - 97096794-4d10-4cd1-9679-c7a18a289ffb:group-5E79B7FD0278 changes role from FOLLOWER to CANDIDATE at term 0 for changeToCandidate
2019-08-28 22:29:21,320 [Thread-3768] INFO  impl.RoleInfo (RoleInfo.java:shutdownFollowerState(121)) - e74f9000-1f49-4295-bac2-6bdfe4b05d98: shutdown FollowerState
2019-08-28 22:29:21,320 [Thread-3772] INFO  impl.RoleInfo (RoleInfo.java:updateAndGet(143)) - 97096794-4d10-4cd1-9679-c7a18a289ffb: start LeaderElection
2019-08-28 22:29:21,320 [Thread-3768] INFO  impl.RaftServerImpl (RaftServerImpl.java:setRole(171)) - e74f9000-1f49-4295-bac2-6bdfe4b05d98:group-5E79B7FD0278 changes role from FOLLOWER to CANDIDATE at term 0 for changeToCandidate
2019-08-28 22:29:21,321 [Thread-3768] INFO  impl.RoleInfo (RoleInfo.java:updateAndGet(143)) - e74f9000-1f49-4295-bac2-6bdfe4b05d98: start LeaderElection
2019-08-28 22:29:21,359 [da6bcafd-dc39-4560-8552-9102a185bf89-SegmentedRaftLogWorker:Storage Directory /workdir/hadoop-ozone/integration-test/target/test-dir/MiniOzoneClusterImpl-cce2e0e6-0bf2-4ba0-8cd7-9d92f34a1712/datanode-0/data/ratis/ef05e67d-8585-441c-bac0-3ca1e3f135fe] INFO  segmented.SegmentedRaftLogWorker (SegmentedRaftLogWorker.java:execute(569)) - da6bcafd-dc39-4560-8552-9102a185bf89-SegmentedRaftLogWorker:Storage Directory /workdir/hadoop-ozone/integration-test/target/test-dir/MiniOzoneClusterImpl-cce2e0e6-0bf2-4ba0-8cd7-9d92f34a1712/datanode-0/data/ratis/ef05e67d-8585-441c-bac0-3ca1e3f135fe: created new log segment /workdir/hadoop-ozone/integration-test/target/test-dir/MiniOzoneClusterImpl-cce2e0e6-0bf2-4ba0-8cd7-9d92f34a1712/datanode-0/data/ratis/ef05e67d-8585-441c-bac0-3ca1e3f135fe/current/log_inprogress_0
2019-08-28 22:29:21,360 [abdbdc2e-95e2-4fe0-a869-d51025a8c9fe:group-5E79B7FD0278:LeaderElection101] INFO  impl.LeaderElection (LeaderElection.java:askForVotes(181)) - abdbdc2e-95e2-4fe0-a869-d51025a8c9fe:group-5E79B7FD0278:LeaderElection101: begin an election at term 1 for -1: [97096794-4d10-4cd1-9679-c7a18a289ffb:192.168.36.111:36537, abdbdc2e-95e2-4fe0-a869-d51025a8c9fe:192.168.36.111:43325, e74f9000-1f49-4295-bac2-6bdfe4b05d98:192.168.36.111:44226], old=null
2019-08-28 22:29:21,360 [e74f9000-1f49-4295-bac2-6bdfe4b05d98:group-5E79B7FD0278:LeaderElection103] INFO  impl.LeaderElection (LeaderElection.java:askForVotes(181)) - e74f9000-1f49-4295-bac2-6bdfe4b05d98:group-5E79B7FD0278:LeaderElection103: begin an election at term 1 for -1: [97096794-4d10-4cd1-9679-c7a18a289ffb:192.168.36.111:36537, abdbdc2e-95e2-4fe0-a869-d51025a8c9fe:192.168.36.111:43325, e74f9000-1f49-4295-bac2-6bdfe4b05d98:192.168.36.111:44226], old=null
2019-08-28 22:29:21,360 [97096794-4d10-4cd1-9679-c7a18a289ffb:group-5E79B7FD0278:LeaderElection102] INFO  impl.LeaderElection (LeaderElection.java:askForVotes(181)) - 97096794-4d10-4cd1-9679-c7a18a289ffb:group-5E79B7FD0278:LeaderElection102: begin an election at term 1 for -1: [97096794-4d10-4cd1-9679-c7a18a289ffb:192.168.36.111:36537, abdbdc2e-95e2-4fe0-a869-d51025a8c9fe:192.168.36.111:43325, e74f9000-1f49-4295-bac2-6bdfe4b05d98:192.168.36.111:44226], old=null
2019-08-28 22:29:21,360 [78b24124-d29f-47d5-a706-e456f105062d-SegmentedRaftLogWorker:Storage Directory /workdir/hadoop-ozone/integration-test/target/test-dir/MiniOzoneClusterImpl-cce2e0e6-0bf2-4ba0-8cd7-9d92f34a1712/datanode-2/data/ratis/ef05e67d-8585-441c-bac0-3ca1e3f135fe] INFO  segmented.SegmentedRaftLogWorker (SegmentedRaftLogWorker.java:execute(569)) - 78b24124-d29f-47d5-a706-e456f105062d-SegmentedRaftLogWorker:Storage Directory /workdir/hadoop-ozone/integration-test/target/test-dir/MiniOzoneClusterImpl-cce2e0e6-0bf2-4ba0-8cd7-9d92f34a1712/datanode-2/data/ratis/ef05e67d-8585-441c-bac0-3ca1e3f135fe: created new log segment /workdir/hadoop-ozone/integration-test/target/test-dir/MiniOzoneClusterImpl-cce2e0e6-0bf2-4ba0-8cd7-9d92f34a1712/datanode-2/data/ratis/ef05e67d-8585-441c-bac0-3ca1e3f135fe/current/log_inprogress_0
2019-08-28 22:29:21,360 [78712fcb-d0e6-4972-b983-ece35dfef904-SegmentedRaftLogWorker:Storage Directory /workdir/hadoop-ozone/integration-test/target/test-dir/MiniOzoneClusterImpl-cce2e0e6-0bf2-4ba0-8cd7-9d92f34a1712/datanode-5/data/ratis/ef05e67d-8585-441c-bac0-3ca1e3f135fe] INFO  segmented.SegmentedRaftLogWorker (SegmentedRaftLogWorker.java:execute(569)) - 78712fcb-d0e6-4972-b983-ece35dfef904-SegmentedRaftLogWorker:Storage Directory /workdir/hadoop-ozone/integration-test/target/test-dir/MiniOzoneClusterImpl-cce2e0e6-0bf2-4ba0-8cd7-9d92f34a1712/datanode-5/data/ratis/ef05e67d-8585-441c-bac0-3ca1e3f135fe: created new log segment /workdir/hadoop-ozone/integration-test/target/test-dir/MiniOzoneClusterImpl-cce2e0e6-0bf2-4ba0-8cd7-9d92f34a1712/datanode-5/data/ratis/ef05e67d-8585-441c-bac0-3ca1e3f135fe/current/log_inprogress_0
2019-08-28 22:29:21,368 [abdbdc2e-95e2-4fe0-a869-d51025a8c9fe:group-5E79B7FD0278:LeaderElection101] INFO  impl.LeaderElection (LeaderElection.java:logAndReturn(56)) - abdbdc2e-95e2-4fe0-a869-d51025a8c9fe:group-5E79B7FD0278:LeaderElection101: Election REJECTED; received 2 response(s) [abdbdc2e-95e2-4fe0-a869-d51025a8c9fe<-97096794-4d10-4cd1-9679-c7a18a289ffb#0:FAIL-t1, abdbdc2e-95e2-4fe0-a869-d51025a8c9fe<-e74f9000-1f49-4295-bac2-6bdfe4b05d98#0:FAIL-t1] and 0 exception(s); abdbdc2e-95e2-4fe0-a869-d51025a8c9fe:t1, leader=null, voted=abdbdc2e-95e2-4fe0-a869-d51025a8c9fe, raftlog=abdbdc2e-95e2-4fe0-a869-d51025a8c9fe-SegmentedRaftLog:OPENED:c-1,f-1,i0, conf=-1: [97096794-4d10-4cd1-9679-c7a18a289ffb:192.168.36.111:36537, abdbdc2e-95e2-4fe0-a869-d51025a8c9fe:192.168.36.111:43325, e74f9000-1f49-4295-bac2-6bdfe4b05d98:192.168.36.111:44226], old=null
2019-08-28 22:29:21,369 [abdbdc2e-95e2-4fe0-a869-d51025a8c9fe:group-5E79B7FD0278:LeaderElection101] INFO  impl.RaftServerImpl (RaftServerImpl.java:setRole(171)) - abdbdc2e-95e2-4fe0-a869-d51025a8c9fe:group-5E79B7FD0278 changes role from CANDIDATE to FOLLOWER at term 1 for DISCOVERED_A_NEW_TERM
2019-08-28 22:29:21,369 [abdbdc2e-95e2-4fe0-a869-d51025a8c9fe:group-5E79B7FD0278:LeaderElection101] INFO  impl.RoleInfo (RoleInfo.java:shutdownLeaderElection(134)) - abdbdc2e-95e2-4fe0-a869-d51025a8c9fe: shutdown LeaderElection
2019-08-28 22:29:21,369 [97096794-4d10-4cd1-9679-c7a18a289ffb:group-5E79B7FD0278:LeaderElection102] INFO  impl.LeaderElection (LeaderElection.java:logAndReturn(56)) - 97096794-4d10-4cd1-9679-c7a18a289ffb:group-5E79B7FD0278:LeaderElection102: Election REJECTED; received 2 response(s) [97096794-4d10-4cd1-9679-c7a18a289ffb<-abdbdc2e-95e2-4fe0-a869-d51025a8c9fe#0:FAIL-t1, 97096794-4d10-4cd1-9679-c7a18a289ffb<-e74f9000-1f49-4295-bac2-6bdfe4b05d98#0:FAIL-t1] and 0 exception(s); 97096794-4d10-4cd1-9679-c7a18a289ffb:t1, leader=null, voted=97096794-4d10-4cd1-9679-c7a18a289ffb, raftlog=97096794-4d10-4cd1-9679-c7a18a289ffb-SegmentedRaftLog:OPENED:c-1,f-1,i0, conf=-1: [97096794-4d10-4cd1-9679-c7a18a289ffb:192.168.36.111:36537, abdbdc2e-95e2-4fe0-a869-d51025a8c9fe:192.168.36.111:43325, e74f9000-1f49-4295-bac2-6bdfe4b05d98:192.168.36.111:44226], old=null
2019-08-28 22:29:21,369 [abdbdc2e-95e2-4fe0-a869-d51025a8c9fe:group-5E79B7FD0278:LeaderElection101] INFO  impl.RoleInfo (RoleInfo.java:updateAndGet(143)) - abdbdc2e-95e2-4fe0-a869-d51025a8c9fe: start FollowerState
2019-08-28 22:29:21,369 [97096794-4d10-4cd1-9679-c7a18a289ffb:group-5E79B7FD0278:LeaderElection102] INFO  impl.RaftServerImpl (RaftServerImpl.java:setRole(171)) - 97096794-4d10-4cd1-9679-c7a18a289ffb:group-5E79B7FD0278 changes role from CANDIDATE to FOLLOWER at term 1 for DISCOVERED_A_NEW_TERM
2019-08-28 22:29:21,369 [97096794-4d10-4cd1-9679-c7a18a289ffb:group-5E79B7FD0278:LeaderElection102] INFO  impl.RoleInfo (RoleInfo.java:shutdownLeaderElection(134)) - 97096794-4d10-4cd1-9679-c7a18a289ffb: shutdown LeaderElection
2019-08-28 22:29:21,370 [97096794-4d10-4cd1-9679-c7a18a289ffb:group-5E79B7FD0278:LeaderElection102] INFO  impl.RoleInfo (RoleInfo.java:updateAndGet(143)) - 97096794-4d10-4cd1-9679-c7a18a289ffb: start FollowerState
2019-08-28 22:29:21,370 [e74f9000-1f49-4295-bac2-6bdfe4b05d98:group-5E79B7FD0278:LeaderElection103] INFO  impl.LeaderElection (LeaderElection.java:logAndReturn(56)) - e74f9000-1f49-4295-bac2-6bdfe4b05d98:group-5E79B7FD0278:LeaderElection103: Election REJECTED; received 2 response(s) [e74f9000-1f49-4295-bac2-6bdfe4b05d98<-97096794-4d10-4cd1-9679-c7a18a289ffb#0:FAIL-t1, e74f9000-1f49-4295-bac2-6bdfe4b05d98<-abdbdc2e-95e2-4fe0-a869-d51025a8c9fe#0:FAIL-t1] and 0 exception(s); e74f9000-1f49-4295-bac2-6bdfe4b05d98:t1, leader=null, voted=e74f9000-1f49-4295-bac2-6bdfe4b05d98, raftlog=e74f9000-1f49-4295-bac2-6bdfe4b05d98-SegmentedRaftLog:OPENED:c-1,f-1,i0, conf=-1: [97096794-4d10-4cd1-9679-c7a18a289ffb:192.168.36.111:36537, abdbdc2e-95e2-4fe0-a869-d51025a8c9fe:192.168.36.111:43325, e74f9000-1f49-4295-bac2-6bdfe4b05d98:192.168.36.111:44226], old=null
2019-08-28 22:29:21,370 [e74f9000-1f49-4295-bac2-6bdfe4b05d98:group-5E79B7FD0278:LeaderElection103] INFO  impl.RaftServerImpl (RaftServerImpl.java:setRole(171)) - e74f9000-1f49-4295-bac2-6bdfe4b05d98:group-5E79B7FD0278 changes role from CANDIDATE to FOLLOWER at term 1 for DISCOVERED_A_NEW_TERM
2019-08-28 22:29:21,370 [e74f9000-1f49-4295-bac2-6bdfe4b05d98:group-5E79B7FD0278:LeaderElection103] INFO  impl.RoleInfo (RoleInfo.java:shutdownLeaderElection(134)) - e74f9000-1f49-4295-bac2-6bdfe4b05d98: shutdown LeaderElection
2019-08-28 22:29:21,370 [e74f9000-1f49-4295-bac2-6bdfe4b05d98:group-5E79B7FD0278:LeaderElection103] INFO  impl.RoleInfo (RoleInfo.java:updateAndGet(143)) - e74f9000-1f49-4295-bac2-6bdfe4b05d98: start FollowerState
2019-08-28 22:29:21,403 | INFO  | SCMAudit | user=jenkins1000 | ip=192.168.36.111 | op=SEND_HEARTBEAT {datanodeUUID=da6bcafd-dc39-4560-8552-9102a185bf89, command=[]} | ret=SUCCESS |  
2019-08-28 22:29:21,463 | INFO  | SCMAudit | user=jenkins1000 | ip=192.168.36.111 | op=SEND_HEARTBEAT {datanodeUUID=97096794-4d10-4cd1-9679-c7a18a289ffb, command=[]} | ret=SUCCESS |  
2019-08-28 22:29:21,528 | INFO  | SCMAudit | user=jenkins1000 | ip=192.168.36.111 | op=SEND_HEARTBEAT {datanodeUUID=78b24124-d29f-47d5-a706-e456f105062d, command=[]} | ret=SUCCESS |  
2019-08-28 22:29:21,590 | INFO  | SCMAudit | user=jenkins1000 | ip=192.168.36.111 | op=SEND_HEARTBEAT {datanodeUUID=e661242e-7c31-4a11-b0a8-eee9611e009e, command=[]} | ret=SUCCESS |  
2019-08-28 22:29:21,651 | INFO  | SCMAudit | user=jenkins1000 | ip=192.168.36.111 | op=SEND_HEARTBEAT {datanodeUUID=abdbdc2e-95e2-4fe0-a869-d51025a8c9fe, command=[]} | ret=SUCCESS |  
2019-08-28 22:29:21,710 | INFO  | SCMAudit | user=jenkins1000 | ip=192.168.36.111 | op=SEND_HEARTBEAT {datanodeUUID=78712fcb-d0e6-4972-b983-ece35dfef904, command=[]} | ret=SUCCESS |  
2019-08-28 22:29:21,786 | INFO  | SCMAudit | user=jenkins1000 | ip=192.168.36.111 | op=SEND_HEARTBEAT {datanodeUUID=e74f9000-1f49-4295-bac2-6bdfe4b05d98, command=[]} | ret=SUCCESS |  
2019-08-28 22:29:22,010 [grpc-default-executor-8] INFO  client.GrpcClientProtocolClient (GrpcClientProtocolClient.java:onNext(255)) - client-7FF5BE5E004C->abdbdc2e-95e2-4fe0-a869-d51025a8c9fe: receive RaftClientReply:client-7FF5BE5E004C->abdbdc2e-95e2-4fe0-a869-d51025a8c9fe@group-5E79B7FD0278, cid=175, FAILED org.apache.ratis.protocol.NotLeaderException: Server abdbdc2e-95e2-4fe0-a869-d51025a8c9fe is not the leader (null). Request must be sent to leader., logIndex=0, commits[abdbdc2e-95e2-4fe0-a869-d51025a8c9fe:c-1]
2019-08-28 22:29:22,403 | INFO  | SCMAudit | user=jenkins1000 | ip=192.168.36.111 | op=SEND_HEARTBEAT {datanodeUUID=da6bcafd-dc39-4560-8552-9102a185bf89, command=[]} | ret=SUCCESS |  
2019-08-28 22:29:22,463 | INFO  | SCMAudit | user=jenkins1000 | ip=192.168.36.111 | op=SEND_HEARTBEAT {datanodeUUID=97096794-4d10-4cd1-9679-c7a18a289ffb, command=[]} | ret=SUCCESS |  
2019-08-28 22:29:22,528 | INFO  | SCMAudit | user=jenkins1000 | ip=192.168.36.111 | op=SEND_HEARTBEAT {datanodeUUID=78b24124-d29f-47d5-a706-e456f105062d, command=[]} | ret=SUCCESS |  
2019-08-28 22:29:22,590 | INFO  | SCMAudit | user=jenkins1000 | ip=192.168.36.111 | op=SEND_HEARTBEAT {datanodeUUID=e661242e-7c31-4a11-b0a8-eee9611e009e, command=[]} | ret=SUCCESS |  
2019-08-28 22:29:22,651 | INFO  | SCMAudit | user=jenkins1000 | ip=192.168.36.111 | op=SEND_HEARTBEAT {datanodeUUID=abdbdc2e-95e2-4fe0-a869-d51025a8c9fe, command=[]} | ret=SUCCESS |  
2019-08-28 22:29:22,710 | INFO  | SCMAudit | user=jenkins1000 | ip=192.168.36.111 | op=SEND_HEARTBEAT {datanodeUUID=78712fcb-d0e6-4972-b983-ece35dfef904, command=[]} | ret=SUCCESS |  
2019-08-28 22:29:22,786 | INFO  | SCMAudit | user=jenkins1000 | ip=192.168.36.111 | op=SEND_HEARTBEAT {datanodeUUID=e74f9000-1f49-4295-bac2-6bdfe4b05d98, command=[]} | ret=SUCCESS |  
2019-08-28 22:29:23,021 [grpc-default-executor-4] INFO  client.GrpcClientProtocolClient (GrpcClientProtocolClient.java:onNext(255)) - client-7FF5BE5E004C->e74f9000-1f49-4295-bac2-6bdfe4b05d98: receive RaftClientReply:client-7FF5BE5E004C->e74f9000-1f49-4295-bac2-6bdfe4b05d98@group-5E79B7FD0278, cid=175, FAILED org.apache.ratis.protocol.NotLeaderException: Server e74f9000-1f49-4295-bac2-6bdfe4b05d98 is not the leader (null). Request must be sent to leader., logIndex=0, commits[e74f9000-1f49-4295-bac2-6bdfe4b05d98:c-1]
2019-08-28 22:29:23,404 | INFO  | SCMAudit | user=jenkins1000 | ip=192.168.36.111 | op=SEND_HEARTBEAT {datanodeUUID=da6bcafd-dc39-4560-8552-9102a185bf89, command=[]} | ret=SUCCESS |  
2019-08-28 22:29:23,463 | INFO  | SCMAudit | user=jenkins1000 | ip=192.168.36.111 | op=SEND_HEARTBEAT {datanodeUUID=97096794-4d10-4cd1-9679-c7a18a289ffb, command=[]} | ret=SUCCESS |  
2019-08-28 22:29:23,527 | INFO  | SCMAudit | user=jenkins1000 | ip=192.168.36.111 | op=SEND_HEARTBEAT {datanodeUUID=78b24124-d29f-47d5-a706-e456f105062d, command=[]} | ret=SUCCESS |  
2019-08-28 22:29:23,590 | INFO  | SCMAudit | user=jenkins1000 | ip=192.168.36.111 | op=SEND_HEARTBEAT {datanodeUUID=e661242e-7c31-4a11-b0a8-eee9611e009e, command=[]} | ret=SUCCESS |  
2019-08-28 22:29:23,651 | INFO  | SCMAudit | user=jenkins1000 | ip=192.168.36.111 | op=SEND_HEARTBEAT {datanodeUUID=abdbdc2e-95e2-4fe0-a869-d51025a8c9fe, command=[]} | ret=SUCCESS |  
2019-08-28 22:29:23,711 | INFO  | SCMAudit | user=jenkins1000 | ip=192.168.36.111 | op=SEND_HEARTBEAT {datanodeUUID=78712fcb-d0e6-4972-b983-ece35dfef904, command=[]} | ret=SUCCESS |  
2019-08-28 22:29:23,786 | INFO  | SCMAudit | user=jenkins1000 | ip=192.168.36.111 | op=SEND_HEARTBEAT {datanodeUUID=e74f9000-1f49-4295-bac2-6bdfe4b05d98, command=[]} | ret=SUCCESS |  
2019-08-28 22:29:24,031 [grpc-default-executor-8] INFO  client.GrpcClientProtocolClient (GrpcClientProtocolClient.java:onNext(255)) - client-7FF5BE5E004C->97096794-4d10-4cd1-9679-c7a18a289ffb: receive RaftClientReply:client-7FF5BE5E004C->97096794-4d10-4cd1-9679-c7a18a289ffb@group-5E79B7FD0278, cid=175, FAILED org.apache.ratis.protocol.NotLeaderException: Server 97096794-4d10-4cd1-9679-c7a18a289ffb is not the leader (null). Request must be sent to leader., logIndex=0, commits[97096794-4d10-4cd1-9679-c7a18a289ffb:c-1]
2019-08-28 22:29:24,404 | INFO  | SCMAudit | user=jenkins1000 | ip=192.168.36.111 | op=SEND_HEARTBEAT {datanodeUUID=da6bcafd-dc39-4560-8552-9102a185bf89, command=[]} | ret=SUCCESS |  
2019-08-28 22:29:24,463 | INFO  | SCMAudit | user=jenkins1000 | ip=192.168.36.111 | op=SEND_HEARTBEAT {datanodeUUID=97096794-4d10-4cd1-9679-c7a18a289ffb, command=[]} | ret=SUCCESS |  
2019-08-28 22:29:24,527 | INFO  | SCMAudit | user=jenkins1000 | ip=192.168.36.111 | op=SEND_HEARTBEAT {datanodeUUID=78b24124-d29f-47d5-a706-e456f105062d, command=[]} | ret=SUCCESS |  
2019-08-28 22:29:24,590 | INFO  | SCMAudit | user=jenkins1000 | ip=192.168.36.111 | op=SEND_HEARTBEAT {datanodeUUID=e661242e-7c31-4a11-b0a8-eee9611e009e, command=[]} | ret=SUCCESS |  
2019-08-28 22:29:24,651 | INFO  | SCMAudit | user=jenkins1000 | ip=192.168.36.111 | op=SEND_HEARTBEAT {datanodeUUID=abdbdc2e-95e2-4fe0-a869-d51025a8c9fe, command=[]} | ret=SUCCESS |  
2019-08-28 22:29:24,711 | INFO  | SCMAudit | user=jenkins1000 | ip=192.168.36.111 | op=SEND_HEARTBEAT {datanodeUUID=78712fcb-d0e6-4972-b983-ece35dfef904, command=[]} | ret=SUCCESS |  
2019-08-28 22:29:24,786 | INFO  | SCMAudit | user=jenkins1000 | ip=192.168.36.111 | op=SEND_HEARTBEAT {datanodeUUID=e74f9000-1f49-4295-bac2-6bdfe4b05d98, command=[]} | ret=SUCCESS |  
2019-08-28 22:29:25,041 [grpc-default-executor-4] INFO  client.GrpcClientProtocolClient (GrpcClientProtocolClient.java:onNext(255)) - client-7FF5BE5E004C->abdbdc2e-95e2-4fe0-a869-d51025a8c9fe: receive RaftClientReply:client-7FF5BE5E004C->abdbdc2e-95e2-4fe0-a869-d51025a8c9fe@group-5E79B7FD0278, cid=175, FAILED org.apache.ratis.protocol.NotLeaderException: Server abdbdc2e-95e2-4fe0-a869-d51025a8c9fe is not the leader (null). Request must be sent to leader., logIndex=0, commits[abdbdc2e-95e2-4fe0-a869-d51025a8c9fe:c-1]
2019-08-28 22:29:25,405 | INFO  | SCMAudit | user=jenkins1000 | ip=192.168.36.111 | op=SEND_HEARTBEAT {datanodeUUID=da6bcafd-dc39-4560-8552-9102a185bf89, command=[]} | ret=SUCCESS |  
2019-08-28 22:29:25,464 | INFO  | SCMAudit | user=jenkins1000 | ip=192.168.36.111 | op=SEND_HEARTBEAT {datanodeUUID=97096794-4d10-4cd1-9679-c7a18a289ffb, command=[]} | ret=SUCCESS |  
2019-08-28 22:29:25,527 | INFO  | SCMAudit | user=jenkins1000 | ip=192.168.36.111 | op=SEND_HEARTBEAT {datanodeUUID=78b24124-d29f-47d5-a706-e456f105062d, command=[]} | ret=SUCCESS |  
2019-08-28 22:29:25,590 | INFO  | SCMAudit | user=jenkins1000 | ip=192.168.36.111 | op=SEND_HEARTBEAT {datanodeUUID=e661242e-7c31-4a11-b0a8-eee9611e009e, command=[]} | ret=SUCCESS |  
2019-08-28 22:29:25,651 | INFO  | SCMAudit | user=jenkins1000 | ip=192.168.36.111 | op=SEND_HEARTBEAT {datanodeUUID=abdbdc2e-95e2-4fe0-a869-d51025a8c9fe, command=[]} | ret=SUCCESS |  
2019-08-28 22:29:25,711 | INFO  | SCMAudit | user=jenkins1000 | ip=192.168.36.111 | op=SEND_HEARTBEAT {datanodeUUID=78712fcb-d0e6-4972-b983-ece35dfef904, command=[]} | ret=SUCCESS |  
2019-08-28 22:29:25,786 | INFO  | SCMAudit | user=jenkins1000 | ip=192.168.36.111 | op=SEND_HEARTBEAT {datanodeUUID=e74f9000-1f49-4295-bac2-6bdfe4b05d98, command=[]} | ret=SUCCESS |  
2019-08-28 22:29:26,051 [grpc-default-executor-4] INFO  client.GrpcClientProtocolClient (GrpcClientProtocolClient.java:onNext(255)) - client-7FF5BE5E004C->e74f9000-1f49-4295-bac2-6bdfe4b05d98: receive RaftClientReply:client-7FF5BE5E004C->e74f9000-1f49-4295-bac2-6bdfe4b05d98@group-5E79B7FD0278, cid=175, FAILED org.apache.ratis.protocol.NotLeaderException: Server e74f9000-1f49-4295-bac2-6bdfe4b05d98 is not the leader (null). Request must be sent to leader., logIndex=0, commits[e74f9000-1f49-4295-bac2-6bdfe4b05d98:c-1]
2019-08-28 22:29:26,405 | INFO  | SCMAudit | user=jenkins1000 | ip=192.168.36.111 | op=SEND_HEARTBEAT {datanodeUUID=da6bcafd-dc39-4560-8552-9102a185bf89, command=[]} | ret=SUCCESS |  
2019-08-28 22:29:26,464 | INFO  | SCMAudit | user=jenkins1000 | ip=192.168.36.111 | op=SEND_HEARTBEAT {datanodeUUID=97096794-4d10-4cd1-9679-c7a18a289ffb, command=[]} | ret=SUCCESS |  
2019-08-28 22:29:26,485 [Thread-3833] INFO  impl.FollowerState (FollowerState.java:run(106)) - 97096794-4d10-4cd1-9679-c7a18a289ffb:group-5E79B7FD0278 changes to CANDIDATE, lastRpcTime:5115, electionTimeout:5115ms
2019-08-28 22:29:26,485 [Thread-3833] INFO  impl.RoleInfo (RoleInfo.java:shutdownFollowerState(121)) - 97096794-4d10-4cd1-9679-c7a18a289ffb: shutdown FollowerState
2019-08-28 22:29:26,485 [Thread-3833] INFO  impl.RaftServerImpl (RaftServerImpl.java:setRole(171)) - 97096794-4d10-4cd1-9679-c7a18a289ffb:group-5E79B7FD0278 changes role from FOLLOWER to CANDIDATE at term 1 for changeToCandidate
2019-08-28 22:29:26,486 [Thread-3833] INFO  impl.RoleInfo (RoleInfo.java:updateAndGet(143)) - 97096794-4d10-4cd1-9679-c7a18a289ffb: start LeaderElection
2019-08-28 22:29:26,490 [Thread-3834] INFO  impl.FollowerState (FollowerState.java:run(106)) - e74f9000-1f49-4295-bac2-6bdfe4b05d98:group-5E79B7FD0278 changes to CANDIDATE, lastRpcTime:5119, electionTimeout:5118ms
2019-08-28 22:29:26,490 [Thread-3834] INFO  impl.RoleInfo (RoleInfo.java:shutdownFollowerState(121)) - e74f9000-1f49-4295-bac2-6bdfe4b05d98: shutdown FollowerState
2019-08-28 22:29:26,490 [Thread-3834] INFO  impl.RaftServerImpl (RaftServerImpl.java:setRole(171)) - e74f9000-1f49-4295-bac2-6bdfe4b05d98:group-5E79B7FD0278 changes role from FOLLOWER to CANDIDATE at term 1 for changeToCandidate
2019-08-28 22:29:26,490 [Thread-3834] INFO  impl.RoleInfo (RoleInfo.java:updateAndGet(143)) - e74f9000-1f49-4295-bac2-6bdfe4b05d98: start LeaderElection
2019-08-28 22:29:26,525 [97096794-4d10-4cd1-9679-c7a18a289ffb:group-5E79B7FD0278:LeaderElection104] INFO  impl.LeaderElection (LeaderElection.java:askForVotes(181)) - 97096794-4d10-4cd1-9679-c7a18a289ffb:group-5E79B7FD0278:LeaderElection104: begin an election at term 2 for -1: [97096794-4d10-4cd1-9679-c7a18a289ffb:192.168.36.111:36537, abdbdc2e-95e2-4fe0-a869-d51025a8c9fe:192.168.36.111:43325, e74f9000-1f49-4295-bac2-6bdfe4b05d98:192.168.36.111:44226], old=null
2019-08-28 22:29:26,525 [e74f9000-1f49-4295-bac2-6bdfe4b05d98:group-5E79B7FD0278:LeaderElection105] INFO  impl.LeaderElection (LeaderElection.java:askForVotes(181)) - e74f9000-1f49-4295-bac2-6bdfe4b05d98:group-5E79B7FD0278:LeaderElection105: begin an election at term 2 for -1: [97096794-4d10-4cd1-9679-c7a18a289ffb:192.168.36.111:36537, abdbdc2e-95e2-4fe0-a869-d51025a8c9fe:192.168.36.111:43325, e74f9000-1f49-4295-bac2-6bdfe4b05d98:192.168.36.111:44226], old=null
2019-08-28 22:29:26,526 [Thread-3832] INFO  impl.FollowerState (FollowerState.java:run(106)) - abdbdc2e-95e2-4fe0-a869-d51025a8c9fe:group-5E79B7FD0278 changes to CANDIDATE, lastRpcTime:5156, electionTimeout:5156ms
2019-08-28 22:29:26,526 [Thread-3832] INFO  impl.RoleInfo (RoleInfo.java:shutdownFollowerState(121)) - abdbdc2e-95e2-4fe0-a869-d51025a8c9fe: shutdown FollowerState
2019-08-28 22:29:26,526 [Thread-3832] INFO  impl.RaftServerImpl (RaftServerImpl.java:setRole(171)) - abdbdc2e-95e2-4fe0-a869-d51025a8c9fe:group-5E79B7FD0278 changes role from FOLLOWER to CANDIDATE at term 1 for changeToCandidate
2019-08-28 22:29:26,526 [Thread-3832] INFO  impl.RoleInfo (RoleInfo.java:updateAndGet(143)) - abdbdc2e-95e2-4fe0-a869-d51025a8c9fe: start LeaderElection
2019-08-28 22:29:26,531 | INFO  | SCMAudit | user=jenkins1000 | ip=192.168.36.111 | op=SEND_HEARTBEAT {datanodeUUID=78b24124-d29f-47d5-a706-e456f105062d, command=[]} | ret=SUCCESS |  
2019-08-28 22:29:26,552 [abdbdc2e-95e2-4fe0-a869-d51025a8c9fe:group-5E79B7FD0278:LeaderElection106] INFO  impl.LeaderElection (LeaderElection.java:askForVotes(181)) - abdbdc2e-95e2-4fe0-a869-d51025a8c9fe:group-5E79B7FD0278:LeaderElection106: begin an election at term 2 for -1: [97096794-4d10-4cd1-9679-c7a18a289ffb:192.168.36.111:36537, abdbdc2e-95e2-4fe0-a869-d51025a8c9fe:192.168.36.111:43325, e74f9000-1f49-4295-bac2-6bdfe4b05d98:192.168.36.111:44226], old=null
2019-08-28 22:29:26,553 [e74f9000-1f49-4295-bac2-6bdfe4b05d98:group-5E79B7FD0278:LeaderElection105] INFO  impl.LeaderElection (LeaderElection.java:logAndReturn(56)) - e74f9000-1f49-4295-bac2-6bdfe4b05d98:group-5E79B7FD0278:LeaderElection105: Election REJECTED; received 2 response(s) [e74f9000-1f49-4295-bac2-6bdfe4b05d98<-97096794-4d10-4cd1-9679-c7a18a289ffb#0:FAIL-t2, e74f9000-1f49-4295-bac2-6bdfe4b05d98<-abdbdc2e-95e2-4fe0-a869-d51025a8c9fe#0:FAIL-t2] and 0 exception(s); e74f9000-1f49-4295-bac2-6bdfe4b05d98:t2, leader=null, voted=e74f9000-1f49-4295-bac2-6bdfe4b05d98, raftlog=e74f9000-1f49-4295-bac2-6bdfe4b05d98-SegmentedRaftLog:OPENED:c-1,f-1,i0, conf=-1: [97096794-4d10-4cd1-9679-c7a18a289ffb:192.168.36.111:36537, abdbdc2e-95e2-4fe0-a869-d51025a8c9fe:192.168.36.111:43325, e74f9000-1f49-4295-bac2-6bdfe4b05d98:192.168.36.111:44226], old=null
2019-08-28 22:29:26,553 [97096794-4d10-4cd1-9679-c7a18a289ffb:group-5E79B7FD0278:LeaderElection104] INFO  impl.LeaderElection (LeaderElection.java:logAndReturn(56)) - 97096794-4d10-4cd1-9679-c7a18a289ffb:group-5E79B7FD0278:LeaderElection104: Election REJECTED; received 2 response(s) [97096794-4d10-4cd1-9679-c7a18a289ffb<-abdbdc2e-95e2-4fe0-a869-d51025a8c9fe#0:FAIL-t2, 97096794-4d10-4cd1-9679-c7a18a289ffb<-e74f9000-1f49-4295-bac2-6bdfe4b05d98#0:FAIL-t2] and 0 exception(s); 97096794-4d10-4cd1-9679-c7a18a289ffb:t2, leader=null, voted=97096794-4d10-4cd1-9679-c7a18a289ffb, raftlog=97096794-4d10-4cd1-9679-c7a18a289ffb-SegmentedRaftLog:OPENED:c-1,f-1,i0, conf=-1: [97096794-4d10-4cd1-9679-c7a18a289ffb:192.168.36.111:36537, abdbdc2e-95e2-4fe0-a869-d51025a8c9fe:192.168.36.111:43325, e74f9000-1f49-4295-bac2-6bdfe4b05d98:192.168.36.111:44226], old=null
2019-08-28 22:29:26,554 [e74f9000-1f49-4295-bac2-6bdfe4b05d98:group-5E79B7FD0278:LeaderElection105] INFO  impl.RaftServerImpl (RaftServerImpl.java:setRole(171)) - e74f9000-1f49-4295-bac2-6bdfe4b05d98:group-5E79B7FD0278 changes role from CANDIDATE to FOLLOWER at term 2 for DISCOVERED_A_NEW_TERM
2019-08-28 22:29:26,554 [97096794-4d10-4cd1-9679-c7a18a289ffb:group-5E79B7FD0278:LeaderElection104] INFO  impl.RaftServerImpl (RaftServerImpl.java:setRole(171)) - 97096794-4d10-4cd1-9679-c7a18a289ffb:group-5E79B7FD0278 changes role from CANDIDATE to FOLLOWER at term 2 for DISCOVERED_A_NEW_TERM
2019-08-28 22:29:26,554 [e74f9000-1f49-4295-bac2-6bdfe4b05d98:group-5E79B7FD0278:LeaderElection105] INFO  impl.RoleInfo (RoleInfo.java:shutdownLeaderElection(134)) - e74f9000-1f49-4295-bac2-6bdfe4b05d98: shutdown LeaderElection
2019-08-28 22:29:26,554 [97096794-4d10-4cd1-9679-c7a18a289ffb:group-5E79B7FD0278:LeaderElection104] INFO  impl.RoleInfo (RoleInfo.java:shutdownLeaderElection(134)) - 97096794-4d10-4cd1-9679-c7a18a289ffb: shutdown LeaderElection
2019-08-28 22:29:26,555 [e74f9000-1f49-4295-bac2-6bdfe4b05d98:group-5E79B7FD0278:LeaderElection105] INFO  impl.RoleInfo (RoleInfo.java:updateAndGet(143)) - e74f9000-1f49-4295-bac2-6bdfe4b05d98: start FollowerState
2019-08-28 22:29:26,555 [97096794-4d10-4cd1-9679-c7a18a289ffb:group-5E79B7FD0278:LeaderElection104] INFO  impl.RoleInfo (RoleInfo.java:updateAndGet(143)) - 97096794-4d10-4cd1-9679-c7a18a289ffb: start FollowerState
2019-08-28 22:29:26,556 [abdbdc2e-95e2-4fe0-a869-d51025a8c9fe:group-5E79B7FD0278:LeaderElection106] INFO  impl.LeaderElection (LeaderElection.java:logAndReturn(56)) - abdbdc2e-95e2-4fe0-a869-d51025a8c9fe:group-5E79B7FD0278:LeaderElection106: Election REJECTED; received 2 response(s) [abdbdc2e-95e2-4fe0-a869-d51025a8c9fe<-97096794-4d10-4cd1-9679-c7a18a289ffb#0:FAIL-t2, abdbdc2e-95e2-4fe0-a869-d51025a8c9fe<-e74f9000-1f49-4295-bac2-6bdfe4b05d98#0:FAIL-t2] and 0 exception(s); abdbdc2e-95e2-4fe0-a869-d51025a8c9fe:t2, leader=null, voted=abdbdc2e-95e2-4fe0-a869-d51025a8c9fe, raftlog=abdbdc2e-95e2-4fe0-a869-d51025a8c9fe-SegmentedRaftLog:OPENED:c-1,f-1,i0, conf=-1: [97096794-4d10-4cd1-9679-c7a18a289ffb:192.168.36.111:36537, abdbdc2e-95e2-4fe0-a869-d51025a8c9fe:192.168.36.111:43325, e74f9000-1f49-4295-bac2-6bdfe4b05d98:192.168.36.111:44226], old=null
2019-08-28 22:29:26,557 [abdbdc2e-95e2-4fe0-a869-d51025a8c9fe:group-5E79B7FD0278:LeaderElection106] INFO  impl.RaftServerImpl (RaftServerImpl.java:setRole(171)) - abdbdc2e-95e2-4fe0-a869-d51025a8c9fe:group-5E79B7FD0278 changes role from CANDIDATE to FOLLOWER at term 2 for DISCOVERED_A_NEW_TERM
2019-08-28 22:29:26,557 [abdbdc2e-95e2-4fe0-a869-d51025a8c9fe:group-5E79B7FD0278:LeaderElection106] INFO  impl.RoleInfo (RoleInfo.java:shutdownLeaderElection(134)) - abdbdc2e-95e2-4fe0-a869-d51025a8c9fe: shutdown LeaderElection
2019-08-28 22:29:26,557 [abdbdc2e-95e2-4fe0-a869-d51025a8c9fe:group-5E79B7FD0278:LeaderElection106] INFO  impl.RoleInfo (RoleInfo.java:updateAndGet(143)) - abdbdc2e-95e2-4fe0-a869-d51025a8c9fe: start FollowerState
2019-08-28 22:29:26,591 | INFO  | SCMAudit | user=jenkins1000 | ip=192.168.36.111 | op=SEND_HEARTBEAT {datanodeUUID=e661242e-7c31-4a11-b0a8-eee9611e009e, command=[]} | ret=SUCCESS |  
2019-08-28 22:29:26,652 | INFO  | SCMAudit | user=jenkins1000 | ip=192.168.36.111 | op=SEND_HEARTBEAT {datanodeUUID=abdbdc2e-95e2-4fe0-a869-d51025a8c9fe, command=[]} | ret=SUCCESS |  
2019-08-28 22:29:26,711 | INFO  | SCMAudit | user=jenkins1000 | ip=192.168.36.111 | op=SEND_HEARTBEAT {datanodeUUID=78712fcb-d0e6-4972-b983-ece35dfef904, command=[]} | ret=SUCCESS |  
2019-08-28 22:29:26,786 | INFO  | SCMAudit | user=jenkins1000 | ip=192.168.36.111 | op=SEND_HEARTBEAT {datanodeUUID=e74f9000-1f49-4295-bac2-6bdfe4b05d98, command=[]} | ret=SUCCESS |  
2019-08-28 22:29:27,061 [grpc-default-executor-4] INFO  client.GrpcClientProtocolClient (GrpcClientProtocolClient.java:onNext(255)) - client-7FF5BE5E004C->abdbdc2e-95e2-4fe0-a869-d51025a8c9fe: receive RaftClientReply:client-7FF5BE5E004C->abdbdc2e-95e2-4fe0-a869-d51025a8c9fe@group-5E79B7FD0278, cid=175, FAILED org.apache.ratis.protocol.NotLeaderException: Server abdbdc2e-95e2-4fe0-a869-d51025a8c9fe is not the leader (null). Request must be sent to leader., logIndex=0, commits[abdbdc2e-95e2-4fe0-a869-d51025a8c9fe:c-1]
2019-08-28 22:29:27,404 | INFO  | SCMAudit | user=jenkins1000 | ip=192.168.36.111 | op=SEND_HEARTBEAT {datanodeUUID=da6bcafd-dc39-4560-8552-9102a185bf89, command=[]} | ret=SUCCESS |  
2019-08-28 22:29:27,464 | INFO  | SCMAudit | user=jenkins1000 | ip=192.168.36.111 | op=SEND_HEARTBEAT {datanodeUUID=97096794-4d10-4cd1-9679-c7a18a289ffb, command=[]} | ret=SUCCESS |  
2019-08-28 22:29:27,528 | INFO  | SCMAudit | user=jenkins1000 | ip=192.168.36.111 | op=SEND_HEARTBEAT {datanodeUUID=78b24124-d29f-47d5-a706-e456f105062d, command=[]} | ret=SUCCESS |  
2019-08-28 22:29:27,590 | INFO  | SCMAudit | user=jenkins1000 | ip=192.168.36.111 | op=SEND_HEARTBEAT {datanodeUUID=e661242e-7c31-4a11-b0a8-eee9611e009e, command=[]} | ret=SUCCESS |  
2019-08-28 22:29:27,652 | INFO  | SCMAudit | user=jenkins1000 | ip=192.168.36.111 | op=SEND_HEARTBEAT {datanodeUUID=abdbdc2e-95e2-4fe0-a869-d51025a8c9fe, command=[]} | ret=SUCCESS |  
2019-08-28 22:29:27,710 | INFO  | SCMAudit | user=jenkins1000 | ip=192.168.36.111 | op=SEND_HEARTBEAT {datanodeUUID=78712fcb-d0e6-4972-b983-ece35dfef904, command=[]} | ret=SUCCESS |  
2019-08-28 22:29:27,786 | INFO  | SCMAudit | user=jenkins1000 | ip=192.168.36.111 | op=SEND_HEARTBEAT {datanodeUUID=e74f9000-1f49-4295-bac2-6bdfe4b05d98, command=[]} | ret=SUCCESS |  
2019-08-28 22:29:28,074 [grpc-default-executor-8] INFO  client.GrpcClientProtocolClient (GrpcClientProtocolClient.java:onNext(255)) - client-7FF5BE5E004C->97096794-4d10-4cd1-9679-c7a18a289ffb: receive RaftClientReply:client-7FF5BE5E004C->97096794-4d10-4cd1-9679-c7a18a289ffb@group-5E79B7FD0278, cid=175, FAILED org.apache.ratis.protocol.NotLeaderException: Server 97096794-4d10-4cd1-9679-c7a18a289ffb is not the leader (null). Request must be sent to leader., logIndex=0, commits[97096794-4d10-4cd1-9679-c7a18a289ffb:c-1]
2019-08-28 22:29:28,406 | INFO  | SCMAudit | user=jenkins1000 | ip=192.168.36.111 | op=SEND_HEARTBEAT {datanodeUUID=da6bcafd-dc39-4560-8552-9102a185bf89, command=[]} | ret=SUCCESS |  
2019-08-28 22:29:28,464 | INFO  | SCMAudit | user=jenkins1000 | ip=192.168.36.111 | op=SEND_HEARTBEAT {datanodeUUID=97096794-4d10-4cd1-9679-c7a18a289ffb, command=[]} | ret=SUCCESS |  
2019-08-28 22:29:28,528 | INFO  | SCMAudit | user=jenkins1000 | ip=192.168.36.111 | op=SEND_HEARTBEAT {datanodeUUID=78b24124-d29f-47d5-a706-e456f105062d, command=[]} | ret=SUCCESS |  
2019-08-28 22:29:28,591 | INFO  | SCMAudit | user=jenkins1000 | ip=192.168.36.111 | op=SEND_HEARTBEAT {datanodeUUID=e661242e-7c31-4a11-b0a8-eee9611e009e, command=[]} | ret=SUCCESS |  
2019-08-28 22:29:28,651 | INFO  | SCMAudit | user=jenkins1000 | ip=192.168.36.111 | op=SEND_HEARTBEAT {datanodeUUID=abdbdc2e-95e2-4fe0-a869-d51025a8c9fe, command=[]} | ret=SUCCESS |  
2019-08-28 22:29:28,710 | INFO  | SCMAudit | user=jenkins1000 | ip=192.168.36.111 | op=SEND_HEARTBEAT {datanodeUUID=78712fcb-d0e6-4972-b983-ece35dfef904, command=[]} | ret=SUCCESS |  
2019-08-28 22:29:28,786 | INFO  | SCMAudit | user=jenkins1000 | ip=192.168.36.111 | op=SEND_HEARTBEAT {datanodeUUID=e74f9000-1f49-4295-bac2-6bdfe4b05d98, command=[]} | ret=SUCCESS |  
2019-08-28 22:29:29,086 [grpc-default-executor-8] INFO  client.GrpcClientProtocolClient (GrpcClientProtocolClient.java:onNext(255)) - client-7FF5BE5E004C->abdbdc2e-95e2-4fe0-a869-d51025a8c9fe: receive RaftClientReply:client-7FF5BE5E004C->abdbdc2e-95e2-4fe0-a869-d51025a8c9fe@group-5E79B7FD0278, cid=175, FAILED org.apache.ratis.protocol.NotLeaderException: Server abdbdc2e-95e2-4fe0-a869-d51025a8c9fe is not the leader (null). Request must be sent to leader., logIndex=0, commits[abdbdc2e-95e2-4fe0-a869-d51025a8c9fe:c-1]
2019-08-28 22:29:29,405 | INFO  | SCMAudit | user=jenkins1000 | ip=192.168.36.111 | op=SEND_HEARTBEAT {datanodeUUID=da6bcafd-dc39-4560-8552-9102a185bf89, command=[]} | ret=SUCCESS |  
2019-08-28 22:29:29,463 | INFO  | SCMAudit | user=jenkins1000 | ip=192.168.36.111 | op=SEND_HEARTBEAT {datanodeUUID=97096794-4d10-4cd1-9679-c7a18a289ffb, command=[]} | ret=SUCCESS |  
2019-08-28 22:29:29,528 | INFO  | SCMAudit | user=jenkins1000 | ip=192.168.36.111 | op=SEND_HEARTBEAT {datanodeUUID=78b24124-d29f-47d5-a706-e456f105062d, command=[]} | ret=SUCCESS |  
2019-08-28 22:29:29,591 | INFO  | SCMAudit | user=jenkins1000 | ip=192.168.36.111 | op=SEND_HEARTBEAT {datanodeUUID=e661242e-7c31-4a11-b0a8-eee9611e009e, command=[]} | ret=SUCCESS |  
2019-08-28 22:29:29,651 | INFO  | SCMAudit | user=jenkins1000 | ip=192.168.36.111 | op=SEND_HEARTBEAT {datanodeUUID=abdbdc2e-95e2-4fe0-a869-d51025a8c9fe, command=[]} | ret=SUCCESS |  
2019-08-28 22:29:29,711 | INFO  | SCMAudit | user=jenkins1000 | ip=192.168.36.111 | op=SEND_HEARTBEAT {datanodeUUID=78712fcb-d0e6-4972-b983-ece35dfef904, command=[]} | ret=SUCCESS |  
2019-08-28 22:29:29,786 | INFO  | SCMAudit | user=jenkins1000 | ip=192.168.36.111 | op=SEND_HEARTBEAT {datanodeUUID=e74f9000-1f49-4295-bac2-6bdfe4b05d98, command=[]} | ret=SUCCESS |  
2019-08-28 22:29:30,098 [grpc-default-executor-4] INFO  client.GrpcClientProtocolClient (GrpcClientProtocolClient.java:onNext(255)) - client-7FF5BE5E004C->97096794-4d10-4cd1-9679-c7a18a289ffb: receive RaftClientReply:client-7FF5BE5E004C->97096794-4d10-4cd1-9679-c7a18a289ffb@group-5E79B7FD0278, cid=175, FAILED org.apache.ratis.protocol.NotLeaderException: Server 97096794-4d10-4cd1-9679-c7a18a289ffb is not the leader (null). Request must be sent to leader., logIndex=0, commits[97096794-4d10-4cd1-9679-c7a18a289ffb:c-1]
2019-08-28 22:29:30,405 | INFO  | SCMAudit | user=jenkins1000 | ip=192.168.36.111 | op=SEND_HEARTBEAT {datanodeUUID=da6bcafd-dc39-4560-8552-9102a185bf89, command=[]} | ret=SUCCESS |  
2019-08-28 22:29:30,463 | INFO  | SCMAudit | user=jenkins1000 | ip=192.168.36.111 | op=SEND_HEARTBEAT {datanodeUUID=97096794-4d10-4cd1-9679-c7a18a289ffb, command=[]} | ret=SUCCESS |  
2019-08-28 22:29:30,527 | INFO  | SCMAudit | user=jenkins1000 | ip=192.168.36.111 | op=SEND_HEARTBEAT {datanodeUUID=78b24124-d29f-47d5-a706-e456f105062d, command=[]} | ret=SUCCESS |  
2019-08-28 22:29:30,591 | INFO  | SCMAudit | user=jenkins1000 | ip=192.168.36.111 | op=SEND_HEARTBEAT {datanodeUUID=e661242e-7c31-4a11-b0a8-eee9611e009e, command=[]} | ret=SUCCESS |  
2019-08-28 22:29:30,651 | INFO  | SCMAudit | user=jenkins1000 | ip=192.168.36.111 | op=SEND_HEARTBEAT {datanodeUUID=abdbdc2e-95e2-4fe0-a869-d51025a8c9fe, command=[]} | ret=SUCCESS |  
2019-08-28 22:29:30,711 | INFO  | SCMAudit | user=jenkins1000 | ip=192.168.36.111 | op=SEND_HEARTBEAT {datanodeUUID=78712fcb-d0e6-4972-b983-ece35dfef904, command=[]} | ret=SUCCESS |  
2019-08-28 22:29:30,787 | INFO  | SCMAudit | user=jenkins1000 | ip=192.168.36.111 | op=SEND_HEARTBEAT {datanodeUUID=e74f9000-1f49-4295-bac2-6bdfe4b05d98, command=[]} | ret=SUCCESS |  
2019-08-28 22:29:31,107 [grpc-default-executor-4] INFO  client.GrpcClientProtocolClient (GrpcClientProtocolClient.java:onNext(255)) - client-7FF5BE5E004C->e74f9000-1f49-4295-bac2-6bdfe4b05d98: receive RaftClientReply:client-7FF5BE5E004C->e74f9000-1f49-4295-bac2-6bdfe4b05d98@group-5E79B7FD0278, cid=175, FAILED org.apache.ratis.protocol.NotLeaderException: Server e74f9000-1f49-4295-bac2-6bdfe4b05d98 is not the leader (null). Request must be sent to leader., logIndex=0, commits[e74f9000-1f49-4295-bac2-6bdfe4b05d98:c-1]
2019-08-28 22:29:31,405 | INFO  | SCMAudit | user=jenkins1000 | ip=192.168.36.111 | op=SEND_HEARTBEAT {datanodeUUID=da6bcafd-dc39-4560-8552-9102a185bf89, command=[]} | ret=SUCCESS |  
2019-08-28 22:29:31,463 | INFO  | SCMAudit | user=jenkins1000 | ip=192.168.36.111 | op=SEND_HEARTBEAT {datanodeUUID=97096794-4d10-4cd1-9679-c7a18a289ffb, command=[]} | ret=SUCCESS |  
2019-08-28 22:29:31,527 | INFO  | SCMAudit | user=jenkins1000 | ip=192.168.36.111 | op=SEND_HEARTBEAT {datanodeUUID=78b24124-d29f-47d5-a706-e456f105062d, command=[]} | ret=SUCCESS |  
2019-08-28 22:29:31,592 [Thread-3865] INFO  impl.FollowerState (FollowerState.java:run(106)) - e74f9000-1f49-4295-bac2-6bdfe4b05d98:group-5E79B7FD0278 changes to CANDIDATE, lastRpcTime:5036, electionTimeout:5036ms
2019-08-28 22:29:31,592 [Thread-3865] INFO  impl.RoleInfo (RoleInfo.java:shutdownFollowerState(121)) - e74f9000-1f49-4295-bac2-6bdfe4b05d98: shutdown FollowerState
2019-08-28 22:29:31,592 [Thread-3865] INFO  impl.RaftServerImpl (RaftServerImpl.java:setRole(171)) - e74f9000-1f49-4295-bac2-6bdfe4b05d98:group-5E79B7FD0278 changes role from FOLLOWER to CANDIDATE at term 2 for changeToCandidate
2019-08-28 22:29:31,592 | INFO  | SCMAudit | user=jenkins1000 | ip=192.168.36.111 | op=SEND_HEARTBEAT {datanodeUUID=e661242e-7c31-4a11-b0a8-eee9611e009e, command=[]} | ret=SUCCESS |  
2019-08-28 22:29:31,592 [Thread-3865] INFO  impl.RoleInfo (RoleInfo.java:updateAndGet(143)) - e74f9000-1f49-4295-bac2-6bdfe4b05d98: start LeaderElection
2019-08-28 22:29:31,636 [e74f9000-1f49-4295-bac2-6bdfe4b05d98:group-5E79B7FD0278:LeaderElection107] INFO  impl.LeaderElection (LeaderElection.java:askForVotes(181)) - e74f9000-1f49-4295-bac2-6bdfe4b05d98:group-5E79B7FD0278:LeaderElection107: begin an election at term 3 for -1: [97096794-4d10-4cd1-9679-c7a18a289ffb:192.168.36.111:36537, abdbdc2e-95e2-4fe0-a869-d51025a8c9fe:192.168.36.111:43325, e74f9000-1f49-4295-bac2-6bdfe4b05d98:192.168.36.111:44226], old=null
2019-08-28 22:29:31,639 [grpc-default-executor-4] INFO  impl.RaftServerImpl (RaftServerImpl.java:setRole(171)) - 97096794-4d10-4cd1-9679-c7a18a289ffb:group-5E79B7FD0278 changes role from FOLLOWER to FOLLOWER at term 3 for recognizeCandidate:e74f9000-1f49-4295-bac2-6bdfe4b05d98
2019-08-28 22:29:31,639 [grpc-default-executor-8] INFO  impl.RaftServerImpl (RaftServerImpl.java:setRole(171)) - abdbdc2e-95e2-4fe0-a869-d51025a8c9fe:group-5E79B7FD0278 changes role from FOLLOWER to FOLLOWER at term 3 for recognizeCandidate:e74f9000-1f49-4295-bac2-6bdfe4b05d98
2019-08-28 22:29:31,639 [grpc-default-executor-4] INFO  impl.RoleInfo (RoleInfo.java:shutdownFollowerState(121)) - 97096794-4d10-4cd1-9679-c7a18a289ffb: shutdown FollowerState
2019-08-28 22:29:31,640 [grpc-default-executor-8] INFO  impl.RoleInfo (RoleInfo.java:shutdownFollowerState(121)) - abdbdc2e-95e2-4fe0-a869-d51025a8c9fe: shutdown FollowerState
2019-08-28 22:29:31,640 [Thread-3866] INFO  impl.FollowerState (FollowerState.java:run(114)) - 97096794-4d10-4cd1-9679-c7a18a289ffb: FollowerState was interrupted: java.lang.InterruptedException: sleep interrupted
2019-08-28 22:29:31,640 [grpc-default-executor-4] INFO  impl.RoleInfo (RoleInfo.java:updateAndGet(143)) - 97096794-4d10-4cd1-9679-c7a18a289ffb: start FollowerState
2019-08-28 22:29:31,640 [Thread-3867] INFO  impl.FollowerState (FollowerState.java:run(114)) - abdbdc2e-95e2-4fe0-a869-d51025a8c9fe: FollowerState was interrupted: java.lang.InterruptedException: sleep interrupted
2019-08-28 22:29:31,640 [grpc-default-executor-8] INFO  impl.RoleInfo (RoleInfo.java:updateAndGet(143)) - abdbdc2e-95e2-4fe0-a869-d51025a8c9fe: start FollowerState
2019-08-28 22:29:31,651 | INFO  | SCMAudit | user=jenkins1000 | ip=192.168.36.111 | op=SEND_HEARTBEAT {datanodeUUID=abdbdc2e-95e2-4fe0-a869-d51025a8c9fe, command=[]} | ret=SUCCESS |  
2019-08-28 22:29:31,669 [e74f9000-1f49-4295-bac2-6bdfe4b05d98:group-5E79B7FD0278:LeaderElection107] INFO  impl.LeaderElection (LeaderElection.java:logAndReturn(56)) - e74f9000-1f49-4295-bac2-6bdfe4b05d98:group-5E79B7FD0278:LeaderElection107: Election PASSED; received 1 response(s) [e74f9000-1f49-4295-bac2-6bdfe4b05d98<-97096794-4d10-4cd1-9679-c7a18a289ffb#0:OK-t3] and 0 exception(s); e74f9000-1f49-4295-bac2-6bdfe4b05d98:t3, leader=null, voted=e74f9000-1f49-4295-bac2-6bdfe4b05d98, raftlog=e74f9000-1f49-4295-bac2-6bdfe4b05d98-SegmentedRaftLog:OPENED:c-1,f-1,i0, conf=-1: [97096794-4d10-4cd1-9679-c7a18a289ffb:192.168.36.111:36537, abdbdc2e-95e2-4fe0-a869-d51025a8c9fe:192.168.36.111:43325, e74f9000-1f49-4295-bac2-6bdfe4b05d98:192.168.36.111:44226], old=null
2019-08-28 22:29:31,669 [e74f9000-1f49-4295-bac2-6bdfe4b05d98:group-5E79B7FD0278:LeaderElection107] INFO  impl.RoleInfo (RoleInfo.java:shutdownLeaderElection(134)) - e74f9000-1f49-4295-bac2-6bdfe4b05d98: shutdown LeaderElection
2019-08-28 22:29:31,669 [e74f9000-1f49-4295-bac2-6bdfe4b05d98:group-5E79B7FD0278:LeaderElection107] INFO  impl.RaftServerImpl (RaftServerImpl.java:setRole(171)) - e74f9000-1f49-4295-bac2-6bdfe4b05d98:group-5E79B7FD0278 changes role from CANDIDATE to LEADER at term 3 for changeToLeader
2019-08-28 22:29:31,669 [e74f9000-1f49-4295-bac2-6bdfe4b05d98:group-5E79B7FD0278:LeaderElection107] INFO  impl.RaftServerImpl (ServerState.java:setLeader(263)) - e74f9000-1f49-4295-bac2-6bdfe4b05d98:group-5E79B7FD0278 change Leader from null to e74f9000-1f49-4295-bac2-6bdfe4b05d98 at term 3 for becomeLeader, leader elected after 15498ms
2019-08-28 22:29:31,670 [e74f9000-1f49-4295-bac2-6bdfe4b05d98:group-5E79B7FD0278:LeaderElection107] INFO  server.RaftServerConfigKeys (ConfUtils.java:logGet(43)) - raft.server.staging.catchup.gap = 1000 (default)
2019-08-28 22:29:31,670 [e74f9000-1f49-4295-bac2-6bdfe4b05d98:group-5E79B7FD0278:LeaderElection107] INFO  server.RaftServerConfigKeys (ConfUtils.java:logGet(43)) - raft.server.rpc.sleep.time = 25ms (default)
2019-08-28 22:29:31,670 [e74f9000-1f49-4295-bac2-6bdfe4b05d98:group-5E79B7FD0278:LeaderElection107] INFO  server.RaftServerConfigKeys (ConfUtils.java:logGet(43)) - raft.server.write.element-limit = 4096 (default)
2019-08-28 22:29:31,670 [e74f9000-1f49-4295-bac2-6bdfe4b05d98:group-5E79B7FD0278:LeaderElection107] INFO  server.RaftServerConfigKeys (ConfUtils.java:logGet(43)) - raft.server.watch.timeout = 10s (default)
2019-08-28 22:29:31,670 [e74f9000-1f49-4295-bac2-6bdfe4b05d98:group-5E79B7FD0278:LeaderElection107] INFO  server.RaftServerConfigKeys (ConfUtils.java:logGet(43)) - raft.server.watch.timeout.denomination = 1s (default)
2019-08-28 22:29:31,670 [e74f9000-1f49-4295-bac2-6bdfe4b05d98:group-5E79B7FD0278:LeaderElection107] INFO  server.RaftServerConfigKeys (ConfUtils.java:logGet(43)) - raft.server.watch.element-limit = 65536 (default)
2019-08-28 22:29:31,671 [e74f9000-1f49-4295-bac2-6bdfe4b05d98:group-5E79B7FD0278:LeaderElection107] INFO  server.RaftServerConfigKeys (ConfUtils.java:logGet(43)) - raft.server.log.appender.snapshot.chunk.size.max = 16MB (=16777216) (default)
2019-08-28 22:29:31,671 [e74f9000-1f49-4295-bac2-6bdfe4b05d98:group-5E79B7FD0278:LeaderElection107] INFO  server.RaftServerConfigKeys (ConfUtils.java:logGet(43)) - raft.server.log.appender.buffer.byte-limit = 33554432 (custom)
2019-08-28 22:29:31,671 [e74f9000-1f49-4295-bac2-6bdfe4b05d98:group-5E79B7FD0278:LeaderElection107] INFO  server.RaftServerConfigKeys (ConfUtils.java:logGet(43)) - raft.server.log.appender.buffer.element-limit = 1 (custom)
2019-08-28 22:29:31,672 [e74f9000-1f49-4295-bac2-6bdfe4b05d98:group-5E79B7FD0278:LeaderElection107] INFO  grpc.GrpcConfigKeys$Server (ConfUtils.java:logGet(43)) - raft.grpc.server.leader.outstanding.appends.max = 128 (default)
2019-08-28 22:29:31,672 [e74f9000-1f49-4295-bac2-6bdfe4b05d98:group-5E79B7FD0278:LeaderElection107] INFO  server.RaftServerConfigKeys (ConfUtils.java:logGet(43)) - raft.server.rpc.request.timeout = 3000ms (default)
2019-08-28 22:29:31,672 [e74f9000-1f49-4295-bac2-6bdfe4b05d98:group-5E79B7FD0278:LeaderElection107] INFO  server.RaftServerConfigKeys (ConfUtils.java:logGet(43)) - raft.server.log.appender.install.snapshot.enabled = false (custom)
2019-08-28 22:29:31,672 [e74f9000-1f49-4295-bac2-6bdfe4b05d98:group-5E79B7FD0278:LeaderElection107] INFO  server.RaftServerConfigKeys (ConfUtils.java:logGet(43)) - raft.server.log.appender.snapshot.chunk.size.max = 16MB (=16777216) (default)
2019-08-28 22:29:31,672 [e74f9000-1f49-4295-bac2-6bdfe4b05d98:group-5E79B7FD0278:LeaderElection107] INFO  server.RaftServerConfigKeys (ConfUtils.java:logGet(43)) - raft.server.log.appender.buffer.byte-limit = 33554432 (custom)
2019-08-28 22:29:31,672 [e74f9000-1f49-4295-bac2-6bdfe4b05d98:group-5E79B7FD0278:LeaderElection107] INFO  server.RaftServerConfigKeys (ConfUtils.java:logGet(43)) - raft.server.log.appender.buffer.element-limit = 1 (custom)
2019-08-28 22:29:31,673 [e74f9000-1f49-4295-bac2-6bdfe4b05d98:group-5E79B7FD0278:LeaderElection107] INFO  grpc.GrpcConfigKeys$Server (ConfUtils.java:logGet(43)) - raft.grpc.server.leader.outstanding.appends.max = 128 (default)
2019-08-28 22:29:31,673 [e74f9000-1f49-4295-bac2-6bdfe4b05d98:group-5E79B7FD0278:LeaderElection107] INFO  server.RaftServerConfigKeys (ConfUtils.java:logGet(43)) - raft.server.rpc.request.timeout = 3000ms (default)
2019-08-28 22:29:31,673 [e74f9000-1f49-4295-bac2-6bdfe4b05d98:group-5E79B7FD0278:LeaderElection107] INFO  server.RaftServerConfigKeys (ConfUtils.java:logGet(43)) - raft.server.log.appender.install.snapshot.enabled = false (custom)
2019-08-28 22:29:31,673 [e74f9000-1f49-4295-bac2-6bdfe4b05d98:group-5E79B7FD0278:LeaderElection107] INFO  impl.RoleInfo (RoleInfo.java:updateAndGet(143)) - e74f9000-1f49-4295-bac2-6bdfe4b05d98: start LeaderState
2019-08-28 22:29:31,674 [e74f9000-1f49-4295-bac2-6bdfe4b05d98:group-5E79B7FD0278:LeaderElection107] INFO  segmented.SegmentedRaftLogWorker (SegmentedRaftLogWorker.java:startLogSegment(380)) - e74f9000-1f49-4295-bac2-6bdfe4b05d98-SegmentedRaftLogWorker:Storage Directory /workdir/hadoop-ozone/integration-test/target/test-dir/MiniOzoneClusterImpl-cce2e0e6-0bf2-4ba0-8cd7-9d92f34a1712/datanode-6/data/ratis/216a9120-057b-4ad3-938c-5e79b7fd0278: Starting segment from index:0
2019-08-28 22:29:31,675 [e74f9000-1f49-4295-bac2-6bdfe4b05d98:group-5E79B7FD0278:LeaderElection107] INFO  impl.RaftServerImpl (ServerState.java:setRaftConf(361)) - e74f9000-1f49-4295-bac2-6bdfe4b05d98:group-5E79B7FD0278 set configuration 0: [97096794-4d10-4cd1-9679-c7a18a289ffb:192.168.36.111:36537, abdbdc2e-95e2-4fe0-a869-d51025a8c9fe:192.168.36.111:43325, e74f9000-1f49-4295-bac2-6bdfe4b05d98:192.168.36.111:44226], old=null at 0
2019-08-28 22:29:31,675 [grpc-default-executor-4] INFO  impl.RaftServerImpl (ServerState.java:setLeader(263)) - abdbdc2e-95e2-4fe0-a869-d51025a8c9fe:group-5E79B7FD0278 change Leader from null to e74f9000-1f49-4295-bac2-6bdfe4b05d98 at term 3 for appendEntries, leader elected after 15504ms
2019-08-28 22:29:31,676 [grpc-default-executor-8] INFO  impl.RaftServerImpl (ServerState.java:setLeader(263)) - 97096794-4d10-4cd1-9679-c7a18a289ffb:group-5E79B7FD0278 change Leader from null to e74f9000-1f49-4295-bac2-6bdfe4b05d98 at term 3 for appendEntries, leader elected after 15504ms
2019-08-28 22:29:31,678 [grpc-default-executor-8] INFO  impl.RaftServerImpl (ServerState.java:setRaftConf(361)) - abdbdc2e-95e2-4fe0-a869-d51025a8c9fe:group-5E79B7FD0278 set configuration 0: [97096794-4d10-4cd1-9679-c7a18a289ffb:192.168.36.111:36537, abdbdc2e-95e2-4fe0-a869-d51025a8c9fe:192.168.36.111:43325, e74f9000-1f49-4295-bac2-6bdfe4b05d98:192.168.36.111:44226], old=null at 0
2019-08-28 22:29:31,678 [grpc-default-executor-4] INFO  impl.RaftServerImpl (ServerState.java:setRaftConf(361)) - 97096794-4d10-4cd1-9679-c7a18a289ffb:group-5E79B7FD0278 set configuration 0: [97096794-4d10-4cd1-9679-c7a18a289ffb:192.168.36.111:36537, abdbdc2e-95e2-4fe0-a869-d51025a8c9fe:192.168.36.111:43325, e74f9000-1f49-4295-bac2-6bdfe4b05d98:192.168.36.111:44226], old=null at 0
2019-08-28 22:29:31,678 [grpc-default-executor-8] INFO  segmented.SegmentedRaftLogWorker (SegmentedRaftLogWorker.java:startLogSegment(380)) - abdbdc2e-95e2-4fe0-a869-d51025a8c9fe-SegmentedRaftLogWorker:Storage Directory /workdir/hadoop-ozone/integration-test/target/test-dir/MiniOzoneClusterImpl-cce2e0e6-0bf2-4ba0-8cd7-9d92f34a1712/datanode-4/data/ratis/216a9120-057b-4ad3-938c-5e79b7fd0278: Starting segment from index:0
2019-08-28 22:29:31,678 [grpc-default-executor-4] INFO  segmented.SegmentedRaftLogWorker (SegmentedRaftLogWorker.java:startLogSegment(380)) - 97096794-4d10-4cd1-9679-c7a18a289ffb-SegmentedRaftLogWorker:Storage Directory /workdir/hadoop-ozone/integration-test/target/test-dir/MiniOzoneClusterImpl-cce2e0e6-0bf2-4ba0-8cd7-9d92f34a1712/datanode-1/data/ratis/216a9120-057b-4ad3-938c-5e79b7fd0278: Starting segment from index:0
2019-08-28 22:29:31,711 | INFO  | SCMAudit | user=jenkins1000 | ip=192.168.36.111 | op=SEND_HEARTBEAT {datanodeUUID=78712fcb-d0e6-4972-b983-ece35dfef904, command=[]} | ret=SUCCESS |  
2019-08-28 22:29:31,738 [abdbdc2e-95e2-4fe0-a869-d51025a8c9fe-SegmentedRaftLogWorker:Storage Directory /workdir/hadoop-ozone/integration-test/target/test-dir/MiniOzoneClusterImpl-cce2e0e6-0bf2-4ba0-8cd7-9d92f34a1712/datanode-4/data/ratis/216a9120-057b-4ad3-938c-5e79b7fd0278] INFO  segmented.SegmentedRaftLogWorker (SegmentedRaftLogWorker.java:execute(569)) - abdbdc2e-95e2-4fe0-a869-d51025a8c9fe-SegmentedRaftLogWorker:Storage Directory /workdir/hadoop-ozone/integration-test/target/test-dir/MiniOzoneClusterImpl-cce2e0e6-0bf2-4ba0-8cd7-9d92f34a1712/datanode-4/data/ratis/216a9120-057b-4ad3-938c-5e79b7fd0278: created new log segment /workdir/hadoop-ozone/integration-test/target/test-dir/MiniOzoneClusterImpl-cce2e0e6-0bf2-4ba0-8cd7-9d92f34a1712/datanode-4/data/ratis/216a9120-057b-4ad3-938c-5e79b7fd0278/current/log_inprogress_0
2019-08-28 22:29:31,738 [e74f9000-1f49-4295-bac2-6bdfe4b05d98-SegmentedRaftLogWorker:Storage Directory /workdir/hadoop-ozone/integration-test/target/test-dir/MiniOzoneClusterImpl-cce2e0e6-0bf2-4ba0-8cd7-9d92f34a1712/datanode-6/data/ratis/216a9120-057b-4ad3-938c-5e79b7fd0278] INFO  segmented.SegmentedRaftLogWorker (SegmentedRaftLogWorker.java:execute(569)) - e74f9000-1f49-4295-bac2-6bdfe4b05d98-SegmentedRaftLogWorker:Storage Directory /workdir/hadoop-ozone/integration-test/target/test-dir/MiniOzoneClusterImpl-cce2e0e6-0bf2-4ba0-8cd7-9d92f34a1712/datanode-6/data/ratis/216a9120-057b-4ad3-938c-5e79b7fd0278: created new log segment /workdir/hadoop-ozone/integration-test/target/test-dir/MiniOzoneClusterImpl-cce2e0e6-0bf2-4ba0-8cd7-9d92f34a1712/datanode-6/data/ratis/216a9120-057b-4ad3-938c-5e79b7fd0278/current/log_inprogress_0
2019-08-28 22:29:31,738 [97096794-4d10-4cd1-9679-c7a18a289ffb-SegmentedRaftLogWorker:Storage Directory /workdir/hadoop-ozone/integration-test/target/test-dir/MiniOzoneClusterImpl-cce2e0e6-0bf2-4ba0-8cd7-9d92f34a1712/datanode-1/data/ratis/216a9120-057b-4ad3-938c-5e79b7fd0278] INFO  segmented.SegmentedRaftLogWorker (SegmentedRaftLogWorker.java:execute(569)) - 97096794-4d10-4cd1-9679-c7a18a289ffb-SegmentedRaftLogWorker:Storage Directory /workdir/hadoop-ozone/integration-test/target/test-dir/MiniOzoneClusterImpl-cce2e0e6-0bf2-4ba0-8cd7-9d92f34a1712/datanode-1/data/ratis/216a9120-057b-4ad3-938c-5e79b7fd0278: created new log segment /workdir/hadoop-ozone/integration-test/target/test-dir/MiniOzoneClusterImpl-cce2e0e6-0bf2-4ba0-8cd7-9d92f34a1712/datanode-1/data/ratis/216a9120-057b-4ad3-938c-5e79b7fd0278/current/log_inprogress_0
2019-08-28 22:29:31,787 | INFO  | SCMAudit | user=jenkins1000 | ip=192.168.36.111 | op=SEND_HEARTBEAT {datanodeUUID=e74f9000-1f49-4295-bac2-6bdfe4b05d98, command=[]} | ret=SUCCESS |  
2019-08-28 22:29:32,117 [grpc-default-executor-4] INFO  client.GrpcClientProtocolClient (GrpcClientProtocolClient.java:onNext(255)) - client-7FF5BE5E004C->97096794-4d10-4cd1-9679-c7a18a289ffb: receive RaftClientReply:client-7FF5BE5E004C->97096794-4d10-4cd1-9679-c7a18a289ffb@group-5E79B7FD0278, cid=175, FAILED org.apache.ratis.protocol.NotLeaderException: Server 97096794-4d10-4cd1-9679-c7a18a289ffb is not the leader (e74f9000-1f49-4295-bac2-6bdfe4b05d98:192.168.36.111:44226). Request must be sent to leader., logIndex=0, commits[97096794-4d10-4cd1-9679-c7a18a289ffb:c-1, abdbdc2e-95e2-4fe0-a869-d51025a8c9fe:c-1, e74f9000-1f49-4295-bac2-6bdfe4b05d98:c-1]
2019-08-28 22:29:32,380 | INFO  | DNAudit | user=null | ip=null | op=WRITE_CHUNK {blockData=conID: 1 locID: 102696967005077517 bcsId: 0} | ret=SUCCESS |  
2019-08-28 22:29:32,381 | INFO  | SCMAudit | user=jenkins1000 | ip=192.168.36.111 | op=SEND_HEARTBEAT {datanodeUUID=97096794-4d10-4cd1-9679-c7a18a289ffb, command=[]} | ret=SUCCESS |  
2019-08-28 22:29:32,405 | INFO  | SCMAudit | user=jenkins1000 | ip=192.168.36.111 | op=SEND_HEARTBEAT {datanodeUUID=da6bcafd-dc39-4560-8552-9102a185bf89, command=[]} | ret=SUCCESS |  
2019-08-28 22:29:32,447 | INFO  | DNAudit | user=null | ip=null | op=WRITE_CHUNK {blockData=conID: 1 locID: 102696967005077517 bcsId: 0} | ret=SUCCESS |  
2019-08-28 22:29:32,447 | INFO  | DNAudit | user=null | ip=null | op=WRITE_CHUNK {blockData=conID: 1 locID: 102696967005077517 bcsId: 0} | ret=SUCCESS |  
2019-08-28 22:29:32,447 | INFO  | SCMAudit | user=jenkins1000 | ip=192.168.36.111 | op=SEND_HEARTBEAT {datanodeUUID=e74f9000-1f49-4295-bac2-6bdfe4b05d98, command=[]} | ret=SUCCESS |  
2019-08-28 22:29:32,447 | INFO  | SCMAudit | user=jenkins1000 | ip=192.168.36.111 | op=SEND_HEARTBEAT {datanodeUUID=abdbdc2e-95e2-4fe0-a869-d51025a8c9fe, command=[]} | ret=SUCCESS |  
2019-08-28 22:29:32,480 | INFO  | DNAudit | user=null | ip=null | op=WRITE_CHUNK {blockData=conID: 1 locID: 102696967005077517 bcsId: 0} | ret=SUCCESS |  
2019-08-28 22:29:32,485 [grpc-default-executor-8] INFO  client.GrpcClientProtocolClient (GrpcClientProtocolClient.java:onNext(255)) - client-7FF5BE5E004C->e74f9000-1f49-4295-bac2-6bdfe4b05d98: receive RaftClientReply:client-7FF5BE5E004C->e74f9000-1f49-4295-bac2-6bdfe4b05d98@group-5E79B7FD0278, cid=175, SUCCESS, logIndex=1, commits[e74f9000-1f49-4295-bac2-6bdfe4b05d98:c1, 97096794-4d10-4cd1-9679-c7a18a289ffb:c0, abdbdc2e-95e2-4fe0-a869-d51025a8c9fe:c0]
2019-08-28 22:29:32,488 | INFO  | DNAudit | user=null | ip=null | op=WRITE_CHUNK {blockData=conID: 1 locID: 102696967005077517 bcsId: 0} | ret=SUCCESS |  
2019-08-28 22:29:32,490 | INFO  | DNAudit | user=null | ip=null | op=WRITE_CHUNK {blockData=conID: 1 locID: 102696967005077517 bcsId: 0} | ret=SUCCESS |  
2019-08-28 22:29:32,490 | INFO  | DNAudit | user=null | ip=null | op=WRITE_CHUNK {blockData=conID: 1 locID: 102696967005077517 bcsId: 0} | ret=SUCCESS |  
2019-08-28 22:29:32,490 | INFO  | DNAudit | user=null | ip=null | op=WRITE_CHUNK {blockData=conID: 1 locID: 102696967005077517 bcsId: 0} | ret=SUCCESS |  
2019-08-28 22:29:32,491 | INFO  | DNAudit | user=null | ip=null | op=WRITE_CHUNK {blockData=conID: 1 locID: 102696967005077517 bcsId: 0} | ret=SUCCESS |  
2019-08-28 22:29:32,492 | INFO  | DNAudit | user=null | ip=null | op=WRITE_CHUNK {blockData=conID: 1 locID: 102696967005077517 bcsId: 0} | ret=SUCCESS |  
2019-08-28 22:29:32,492 | INFO  | DNAudit | user=null | ip=null | op=WRITE_CHUNK {blockData=conID: 1 locID: 102696967005077517 bcsId: 0} | ret=SUCCESS |  
2019-08-28 22:29:32,493 | INFO  | DNAudit | user=null | ip=null | op=WRITE_CHUNK {blockData=conID: 1 locID: 102696967005077517 bcsId: 0} | ret=SUCCESS |  
2019-08-28 22:29:32,493 | INFO  | DNAudit | user=null | ip=null | op=WRITE_CHUNK {blockData=conID: 1 locID: 102696967005077517 bcsId: 0} | ret=SUCCESS |  
2019-08-28 22:29:32,496 | INFO  | DNAudit | user=null | ip=null | op=WRITE_CHUNK {blockData=conID: 1 locID: 102696967005077517 bcsId: 0} | ret=SUCCESS |  
2019-08-28 22:29:32,496 | INFO  | DNAudit | user=null | ip=null | op=WRITE_CHUNK {blockData=conID: 1 locID: 102696967005077517 bcsId: 0} | ret=SUCCESS |  
2019-08-28 22:29:32,499 | INFO  | DNAudit | user=null | ip=null | op=WRITE_CHUNK {blockData=conID: 1 locID: 102696967005077517 bcsId: 0} | ret=SUCCESS |  
2019-08-28 22:29:32,503 [grpc-default-executor-4] INFO  client.GrpcClientProtocolClient (GrpcClientProtocolClient.java:onNext(255)) - client-7FF5BE5E004C->e74f9000-1f49-4295-bac2-6bdfe4b05d98: receive RaftClientReply:client-7FF5BE5E004C->e74f9000-1f49-4295-bac2-6bdfe4b05d98@group-5E79B7FD0278, cid=176, SUCCESS, logIndex=3, commits[e74f9000-1f49-4295-bac2-6bdfe4b05d98:c7, 97096794-4d10-4cd1-9679-c7a18a289ffb:c1, abdbdc2e-95e2-4fe0-a869-d51025a8c9fe:c1]
2019-08-28 22:29:32,519 | INFO  | DNAudit | user=null | ip=null | op=WRITE_CHUNK {blockData=conID: 1 locID: 102696967005077517 bcsId: 0} | ret=SUCCESS |  
2019-08-28 22:29:32,519 | INFO  | DNAudit | user=null | ip=null | op=WRITE_CHUNK {blockData=conID: 1 locID: 102696967005077517 bcsId: 0} | ret=SUCCESS |  
2019-08-28 22:29:32,528 | INFO  | SCMAudit | user=jenkins1000 | ip=192.168.36.111 | op=SEND_HEARTBEAT {datanodeUUID=78b24124-d29f-47d5-a706-e456f105062d, command=[]} | ret=SUCCESS |  
2019-08-28 22:29:32,592 | INFO  | SCMAudit | user=jenkins1000 | ip=192.168.36.111 | op=SEND_HEARTBEAT {datanodeUUID=e661242e-7c31-4a11-b0a8-eee9611e009e, command=[]} | ret=SUCCESS |  
2019-08-28 22:29:32,640 | INFO  | DNAudit | user=null | ip=null | op=PUT_BLOCK {blockData=[blockId=conID: 1 locID: 102696967005077517 bcsId: 0,size=200]} | ret=SUCCESS |  
2019-08-28 22:29:32,641 | INFO  | DNAudit | user=null | ip=null | op=WRITE_CHUNK {blockData=conID: 1 locID: 102696967005077517 bcsId: 0} | ret=SUCCESS |  
2019-08-28 22:29:32,642 | INFO  | DNAudit | user=null | ip=null | op=WRITE_CHUNK {blockData=conID: 1 locID: 102696967005077517 bcsId: 0} | ret=SUCCESS |  
2019-08-28 22:29:32,642 [grpc-default-executor-4] INFO  client.GrpcClientProtocolClient (GrpcClientProtocolClient.java:onNext(255)) - client-7FF5BE5E004C->e74f9000-1f49-4295-bac2-6bdfe4b05d98: receive RaftClientReply:client-7FF5BE5E004C->e74f9000-1f49-4295-bac2-6bdfe4b05d98@group-5E79B7FD0278, cid=177, SUCCESS, logIndex=4, commits[e74f9000-1f49-4295-bac2-6bdfe4b05d98:c10, 97096794-4d10-4cd1-9679-c7a18a289ffb:c7, abdbdc2e-95e2-4fe0-a869-d51025a8c9fe:c7]
2019-08-28 22:29:32,645 [grpc-default-executor-4] INFO  client.GrpcClientProtocolClient (GrpcClientProtocolClient.java:onNext(255)) - client-7FF5BE5E004C->e74f9000-1f49-4295-bac2-6bdfe4b05d98: receive RaftClientReply:client-7FF5BE5E004C->e74f9000-1f49-4295-bac2-6bdfe4b05d98@group-5E79B7FD0278, cid=178, SUCCESS, logIndex=5, commits[e74f9000-1f49-4295-bac2-6bdfe4b05d98:c10, 97096794-4d10-4cd1-9679-c7a18a289ffb:c7, abdbdc2e-95e2-4fe0-a869-d51025a8c9fe:c7]
2019-08-28 22:29:32,646 [grpc-default-executor-4] INFO  client.GrpcClientProtocolClient (GrpcClientProtocolClient.java:onNext(255)) - client-7FF5BE5E004C->e74f9000-1f49-4295-bac2-6bdfe4b05d98: receive RaftClientReply:client-7FF5BE5E004C->e74f9000-1f49-4295-bac2-6bdfe4b05d98@group-5E79B7FD0278, cid=179, SUCCESS, logIndex=6, commits[e74f9000-1f49-4295-bac2-6bdfe4b05d98:c10, 97096794-4d10-4cd1-9679-c7a18a289ffb:c7, abdbdc2e-95e2-4fe0-a869-d51025a8c9fe:c7]
2019-08-28 22:29:32,710 | INFO  | SCMAudit | user=jenkins1000 | ip=192.168.36.111 | op=SEND_HEARTBEAT {datanodeUUID=78712fcb-d0e6-4972-b983-ece35dfef904, command=[]} | ret=SUCCESS |  
2019-08-28 22:29:32,790 | INFO  | DNAudit | user=null | ip=null | op=PUT_BLOCK {blockData=[blockId=conID: 1 locID: 102696967005077517 bcsId: 0,size=200]} | ret=SUCCESS |  
2019-08-28 22:29:32,791 | INFO  | DNAudit | user=null | ip=null | op=WRITE_CHUNK {blockData=conID: 1 locID: 102696967005077517 bcsId: 0} | ret=SUCCESS |  
2019-08-28 22:29:32,791 | INFO  | DNAudit | user=null | ip=null | op=WRITE_CHUNK {blockData=conID: 1 locID: 102696967005077517 bcsId: 0} | ret=SUCCESS |  
2019-08-28 22:29:32,924 | INFO  | DNAudit | user=null | ip=null | op=PUT_BLOCK {blockData=[blockId=conID: 1 locID: 102696967005077517 bcsId: 0,size=400]} | ret=SUCCESS |  
2019-08-28 22:29:32,924 | INFO  | DNAudit | user=null | ip=null | op=PUT_BLOCK {blockData=[blockId=conID: 1 locID: 102696967005077517 bcsId: 0,size=200]} | ret=SUCCESS |  
2019-08-28 22:29:32,924 | INFO  | DNAudit | user=null | ip=null | op=PUT_BLOCK {blockData=[blockId=conID: 1 locID: 102696967005077517 bcsId: 0,size=400]} | ret=SUCCESS |  
2019-08-28 22:29:32,925 | INFO  | DNAudit | user=null | ip=null | op=WRITE_CHUNK {blockData=conID: 1 locID: 102696967005077517 bcsId: 0} | ret=SUCCESS |  
2019-08-28 22:29:32,925 | INFO  | DNAudit | user=null | ip=null | op=WRITE_CHUNK {blockData=conID: 1 locID: 102696967005077517 bcsId: 0} | ret=SUCCESS |  
2019-08-28 22:29:32,926 | INFO  | DNAudit | user=null | ip=null | op=PUT_BLOCK {blockData=[blockId=conID: 1 locID: 102696967005077517 bcsId: 0,size=400]} | ret=SUCCESS |  
2019-08-28 22:29:32,926 [grpc-default-executor-4] INFO  client.GrpcClientProtocolClient (GrpcClientProtocolClient.java:onNext(255)) - client-7FF5BE5E004C->e74f9000-1f49-4295-bac2-6bdfe4b05d98: receive RaftClientReply:client-7FF5BE5E004C->e74f9000-1f49-4295-bac2-6bdfe4b05d98@group-5E79B7FD0278, cid=180, SUCCESS, logIndex=7, commits[e74f9000-1f49-4295-bac2-6bdfe4b05d98:c10, 97096794-4d10-4cd1-9679-c7a18a289ffb:c7, abdbdc2e-95e2-4fe0-a869-d51025a8c9fe:c7]
2019-08-28 22:29:32,931 | INFO  | DNAudit | user=null | ip=null | op=WRITE_CHUNK {blockData=conID: 1 locID: 102696967005077517 bcsId: 7} | ret=SUCCESS |  
2019-08-28 22:29:32,932 | INFO  | DNAudit | user=null | ip=null | op=WRITE_CHUNK {blockData=conID: 1 locID: 102696967005077517 bcsId: 7} | ret=SUCCESS |  
2019-08-28 22:29:32,932 | INFO  | DNAudit | user=null | ip=null | op=WRITE_CHUNK {blockData=conID: 1 locID: 102696967005077517 bcsId: 7} | ret=SUCCESS |  
2019-08-28 22:29:32,953 | INFO  | DNAudit | user=null | ip=null | op=WRITE_CHUNK {blockData=conID: 1 locID: 102696967005077517 bcsId: 7} | ret=SUCCESS |  
2019-08-28 22:29:32,955 | INFO  | DNAudit | user=null | ip=null | op=PUT_BLOCK {blockData=[blockId=conID: 1 locID: 102696967005077517 bcsId: 0,size=450]} | ret=SUCCESS |  
2019-08-28 22:29:32,955 [grpc-default-executor-8] INFO  client.GrpcClientProtocolClient (GrpcClientProtocolClient.java:onNext(255)) - client-7FF5BE5E004C->e74f9000-1f49-4295-bac2-6bdfe4b05d98: receive RaftClientReply:client-7FF5BE5E004C->e74f9000-1f49-4295-bac2-6bdfe4b05d98@group-5E79B7FD0278, cid=181, SUCCESS, logIndex=11, commits[e74f9000-1f49-4295-bac2-6bdfe4b05d98:c12, 97096794-4d10-4cd1-9679-c7a18a289ffb:c10, abdbdc2e-95e2-4fe0-a869-d51025a8c9fe:c10]
2019-08-28 22:29:32,956 [grpc-default-executor-8] INFO  client.GrpcClientProtocolClient (GrpcClientProtocolClient.java:onNext(255)) - client-7FF5BE5E004C->e74f9000-1f49-4295-bac2-6bdfe4b05d98: receive RaftClientReply:client-7FF5BE5E004C->e74f9000-1f49-4295-bac2-6bdfe4b05d98@group-5E79B7FD0278, cid=182, SUCCESS, logIndex=12, commits[e74f9000-1f49-4295-bac2-6bdfe4b05d98:c12, 97096794-4d10-4cd1-9679-c7a18a289ffb:c10, abdbdc2e-95e2-4fe0-a869-d51025a8c9fe:c10]
2019-08-28 22:29:32,967 | INFO  | DNAudit | user=null | ip=null | op=WRITE_CHUNK {blockData=conID: 1 locID: 102696967005077517 bcsId: 7} | ret=SUCCESS |  
2019-08-28 22:29:32,967 | INFO  | DNAudit | user=null | ip=null | op=WRITE_CHUNK {blockData=conID: 1 locID: 102696967005077517 bcsId: 7} | ret=SUCCESS |  
2019-08-28 22:29:32,973 | INFO  | DNAudit | user=null | ip=null | op=PUT_BLOCK {blockData=[blockId=conID: 1 locID: 102696967005077517 bcsId: 0,size=450]} | ret=SUCCESS |  
2019-08-28 22:29:32,976 | INFO  | DNAudit | user=null | ip=null | op=PUT_BLOCK {blockData=[blockId=conID: 1 locID: 102696967005077517 bcsId: 0,size=450]} | ret=SUCCESS |  
2019-08-28 22:29:32,977 [grpc-default-executor-8] INFO  client.GrpcClientProtocolClient (GrpcClientProtocolClient.java:onNext(255)) - client-7FF5BE5E004C->e74f9000-1f49-4295-bac2-6bdfe4b05d98: receive RaftClientReply:client-7FF5BE5E004C->e74f9000-1f49-4295-bac2-6bdfe4b05d98@group-5E79B7FD0278, cid=183, SUCCESS, logIndex=0, commits[e74f9000-1f49-4295-bac2-6bdfe4b05d98:c13, 97096794-4d10-4cd1-9679-c7a18a289ffb:c12, abdbdc2e-95e2-4fe0-a869-d51025a8c9fe:c12]
2019-08-28 22:29:33,379 | INFO  | SCMAudit | user=jenkins1000 | ip=192.168.36.111 | op=SEND_HEARTBEAT {datanodeUUID=97096794-4d10-4cd1-9679-c7a18a289ffb, command=[]} | ret=SUCCESS |  
2019-08-28 22:29:33,405 | INFO  | SCMAudit | user=jenkins1000 | ip=192.168.36.111 | op=SEND_HEARTBEAT {datanodeUUID=da6bcafd-dc39-4560-8552-9102a185bf89, command=[]} | ret=SUCCESS |  
2019-08-28 22:29:33,446 [Datanode State Machine Thread - 0] INFO  statemachine.DatanodeStateMachine (DatanodeStateMachine.java:lambda$startDaemon$0(350)) - Ozone container server started.
2019-08-28 22:29:33,446 | INFO  | SCMAudit | user=jenkins1000 | ip=192.168.36.111 | op=SEND_HEARTBEAT {datanodeUUID=abdbdc2e-95e2-4fe0-a869-d51025a8c9fe, command=[]} | ret=SUCCESS |  
2019-08-28 22:29:33,528 | INFO  | SCMAudit | user=jenkins1000 | ip=192.168.36.111 | op=SEND_HEARTBEAT {datanodeUUID=78b24124-d29f-47d5-a706-e456f105062d, command=[]} | ret=SUCCESS |  
2019-08-28 22:29:33,593 | INFO  | SCMAudit | user=jenkins1000 | ip=192.168.36.111 | op=SEND_HEARTBEAT {datanodeUUID=e661242e-7c31-4a11-b0a8-eee9611e009e, command=[]} | ret=SUCCESS |  
2019-08-28 22:29:33,711 | INFO  | SCMAudit | user=jenkins1000 | ip=192.168.36.111 | op=SEND_HEARTBEAT {datanodeUUID=78712fcb-d0e6-4972-b983-ece35dfef904, command=[]} | ret=SUCCESS |  
2019-08-28 22:29:34,380 | INFO  | SCMAudit | user=jenkins1000 | ip=192.168.36.111 | op=SEND_HEARTBEAT {datanodeUUID=97096794-4d10-4cd1-9679-c7a18a289ffb, command=[]} | ret=SUCCESS |  
2019-08-28 22:29:34,405 | INFO  | SCMAudit | user=jenkins1000 | ip=192.168.36.111 | op=SEND_HEARTBEAT {datanodeUUID=da6bcafd-dc39-4560-8552-9102a185bf89, command=[]} | ret=SUCCESS |  
2019-08-28 22:29:34,447 | INFO  | SCMAudit | user=jenkins1000 | ip=192.168.36.111 | op=SEND_HEARTBEAT {datanodeUUID=abdbdc2e-95e2-4fe0-a869-d51025a8c9fe, command=[]} | ret=SUCCESS |  
2019-08-28 22:29:34,527 | INFO  | SCMAudit | user=jenkins1000 | ip=192.168.36.111 | op=SEND_HEARTBEAT {datanodeUUID=78b24124-d29f-47d5-a706-e456f105062d, command=[]} | ret=SUCCESS |  
2019-08-28 22:29:34,593 | INFO  | SCMAudit | user=jenkins1000 | ip=192.168.36.111 | op=SEND_HEARTBEAT {datanodeUUID=e661242e-7c31-4a11-b0a8-eee9611e009e, command=[]} | ret=SUCCESS |  
2019-08-28 22:29:34,711 | INFO  | SCMAudit | user=jenkins1000 | ip=192.168.36.111 | op=SEND_HEARTBEAT {datanodeUUID=78712fcb-d0e6-4972-b983-ece35dfef904, command=[]} | ret=SUCCESS |  
2019-08-28 22:29:35,379 | INFO  | SCMAudit | user=jenkins1000 | ip=192.168.36.111 | op=SEND_HEARTBEAT {datanodeUUID=97096794-4d10-4cd1-9679-c7a18a289ffb, command=[]} | ret=SUCCESS |  
2019-08-28 22:29:35,406 | INFO  | SCMAudit | user=jenkins1000 | ip=192.168.36.111 | op=SEND_HEARTBEAT {datanodeUUID=da6bcafd-dc39-4560-8552-9102a185bf89, command=[]} | ret=SUCCESS |  
2019-08-28 22:29:35,447 | INFO  | SCMAudit | user=jenkins1000 | ip=192.168.36.111 | op=SEND_HEARTBEAT {datanodeUUID=abdbdc2e-95e2-4fe0-a869-d51025a8c9fe, command=[]} | ret=SUCCESS |  
2019-08-28 22:29:35,528 | INFO  | SCMAudit | user=jenkins1000 | ip=192.168.36.111 | op=SEND_HEARTBEAT {datanodeUUID=78b24124-d29f-47d5-a706-e456f105062d, command=[]} | ret=SUCCESS |  
2019-08-28 22:29:35,593 | INFO  | SCMAudit | user=jenkins1000 | ip=192.168.36.111 | op=SEND_HEARTBEAT {datanodeUUID=e661242e-7c31-4a11-b0a8-eee9611e009e, command=[]} | ret=SUCCESS |  
2019-08-28 22:29:35,711 | INFO  | SCMAudit | user=jenkins1000 | ip=192.168.36.111 | op=SEND_HEARTBEAT {datanodeUUID=78712fcb-d0e6-4972-b983-ece35dfef904, command=[]} | ret=SUCCESS |  
2019-08-28 22:29:36,379 | INFO  | SCMAudit | user=jenkins1000 | ip=192.168.36.111 | op=SEND_HEARTBEAT {datanodeUUID=97096794-4d10-4cd1-9679-c7a18a289ffb, command=[]} | ret=SUCCESS |  
2019-08-28 22:29:36,405 | INFO  | SCMAudit | user=jenkins1000 | ip=192.168.36.111 | op=SEND_HEARTBEAT {datanodeUUID=da6bcafd-dc39-4560-8552-9102a185bf89, command=[]} | ret=SUCCESS |  
2019-08-28 22:29:36,446 | INFO  | SCMAudit | user=jenkins1000 | ip=192.168.36.111 | op=SEND_HEARTBEAT {datanodeUUID=abdbdc2e-95e2-4fe0-a869-d51025a8c9fe, command=[]} | ret=SUCCESS |  
2019-08-28 22:29:36,528 | INFO  | SCMAudit | user=jenkins1000 | ip=192.168.36.111 | op=SEND_HEARTBEAT {datanodeUUID=78b24124-d29f-47d5-a706-e456f105062d, command=[]} | ret=SUCCESS |  
2019-08-28 22:29:36,593 | INFO  | SCMAudit | user=jenkins1000 | ip=192.168.36.111 | op=SEND_HEARTBEAT {datanodeUUID=e661242e-7c31-4a11-b0a8-eee9611e009e, command=[]} | ret=SUCCESS |  
2019-08-28 22:29:36,712 | INFO  | SCMAudit | user=jenkins1000 | ip=192.168.36.111 | op=SEND_HEARTBEAT {datanodeUUID=78712fcb-d0e6-4972-b983-ece35dfef904, command=[]} | ret=SUCCESS |  
2019-08-28 22:29:37,380 | INFO  | SCMAudit | user=jenkins1000 | ip=192.168.36.111 | op=SEND_HEARTBEAT {datanodeUUID=97096794-4d10-4cd1-9679-c7a18a289ffb, command=[]} | ret=SUCCESS |  
2019-08-28 22:29:37,405 | INFO  | SCMAudit | user=jenkins1000 | ip=192.168.36.111 | op=SEND_HEARTBEAT {datanodeUUID=da6bcafd-dc39-4560-8552-9102a185bf89, command=[]} | ret=SUCCESS |  
2019-08-28 22:29:37,447 | INFO  | SCMAudit | user=jenkins1000 | ip=192.168.36.111 | op=SEND_HEARTBEAT {datanodeUUID=abdbdc2e-95e2-4fe0-a869-d51025a8c9fe, command=[]} | ret=SUCCESS |  
2019-08-28 22:29:37,450 [EventQueue-StaleNodeForStaleNodeHandler] INFO  node.StaleNodeHandler (StaleNodeHandler.java:onMessage(58)) - Datanode e74f9000-1f49-4295-bac2-6bdfe4b05d98{ip: 192.168.36.111, host: pr-hdds-1909-jt4r9-1943541209, networkLocation: /default-rack, certSerialId: null} moved to stale state. Finalizing its pipelines [PipelineID=b3378f1c-b5a7-4404-b75a-55e658d48da2, PipelineID=216a9120-057b-4ad3-938c-5e79b7fd0278]
2019-08-28 22:29:37,450 [EventQueue-StaleNodeForStaleNodeHandler] INFO  pipeline.SCMPipelineManager (SCMPipelineManager.java:finalizeAndDestroyPipeline(309)) - destroying pipeline:Pipeline[ Id: b3378f1c-b5a7-4404-b75a-55e658d48da2, Nodes: e74f9000-1f49-4295-bac2-6bdfe4b05d98{ip: 192.168.36.111, host: pr-hdds-1909-jt4r9-1943541209, networkLocation: /default-rack, certSerialId: null}, Type:RATIS, Factor:ONE, State:OPEN]
2019-08-28 22:29:37,450 [EventQueue-StaleNodeForStaleNodeHandler] INFO  pipeline.PipelineStateManager (PipelineStateManager.java:finalizePipeline(123)) - Pipeline Pipeline[ Id: b3378f1c-b5a7-4404-b75a-55e658d48da2, Nodes: e74f9000-1f49-4295-bac2-6bdfe4b05d98{ip: 192.168.36.111, host: pr-hdds-1909-jt4r9-1943541209, networkLocation: /default-rack, certSerialId: null}, Type:RATIS, Factor:ONE, State:CLOSED] moved to CLOSED state
2019-08-28 22:29:37,451 [EventQueue-StaleNodeForStaleNodeHandler] INFO  pipeline.SCMPipelineManager (SCMPipelineManager.java:finalizeAndDestroyPipeline(309)) - destroying pipeline:Pipeline[ Id: 216a9120-057b-4ad3-938c-5e79b7fd0278, Nodes: e74f9000-1f49-4295-bac2-6bdfe4b05d98{ip: 192.168.36.111, host: pr-hdds-1909-jt4r9-1943541209, networkLocation: /default-rack, certSerialId: null}97096794-4d10-4cd1-9679-c7a18a289ffb{ip: 192.168.36.111, host: pr-hdds-1909-jt4r9-1943541209, networkLocation: /default-rack, certSerialId: null}abdbdc2e-95e2-4fe0-a869-d51025a8c9fe{ip: 192.168.36.111, host: pr-hdds-1909-jt4r9-1943541209, networkLocation: /default-rack, certSerialId: null}, Type:RATIS, Factor:THREE, State:OPEN]
2019-08-28 22:29:37,451 [EventQueue-StaleNodeForStaleNodeHandler] INFO  pipeline.PipelineStateManager (PipelineStateManager.java:finalizePipeline(123)) - Pipeline Pipeline[ Id: 216a9120-057b-4ad3-938c-5e79b7fd0278, Nodes: e74f9000-1f49-4295-bac2-6bdfe4b05d98{ip: 192.168.36.111, host: pr-hdds-1909-jt4r9-1943541209, networkLocation: /default-rack, certSerialId: null}97096794-4d10-4cd1-9679-c7a18a289ffb{ip: 192.168.36.111, host: pr-hdds-1909-jt4r9-1943541209, networkLocation: /default-rack, certSerialId: null}abdbdc2e-95e2-4fe0-a869-d51025a8c9fe{ip: 192.168.36.111, host: pr-hdds-1909-jt4r9-1943541209, networkLocation: /default-rack, certSerialId: null}, Type:RATIS, Factor:THREE, State:CLOSED] moved to CLOSED state
2019-08-28 22:29:37,451 [EventQueue-CloseContainerForCloseContainerEventHandler] INFO  container.CloseContainerEventHandler (CloseContainerEventHandler.java:onMessage(61)) - Close container Event triggered for container : #1
2019-08-28 22:29:37,527 | INFO  | SCMAudit | user=jenkins1000 | ip=192.168.36.111 | op=SEND_HEARTBEAT {datanodeUUID=78b24124-d29f-47d5-a706-e456f105062d, command=[]} | ret=SUCCESS |  
2019-08-28 22:29:37,594 | INFO  | SCMAudit | user=jenkins1000 | ip=192.168.36.111 | op=SEND_HEARTBEAT {datanodeUUID=e661242e-7c31-4a11-b0a8-eee9611e009e, command=[]} | ret=SUCCESS |  
2019-08-28 22:29:37,712 | INFO  | SCMAudit | user=jenkins1000 | ip=192.168.36.111 | op=SEND_HEARTBEAT {datanodeUUID=78712fcb-d0e6-4972-b983-ece35dfef904, command=[]} | ret=SUCCESS |  
2019-08-28 22:29:37,980 [main] INFO  ozoneimpl.OzoneContainer (OzoneContainer.java:stop(215)) - Attempting to stop container services.
2019-08-28 22:29:37,981 [main] INFO  impl.RaftServerProxy (RaftServerProxy.java:lambda$close$4(314)) - e74f9000-1f49-4295-bac2-6bdfe4b05d98: close
2019-08-28 22:29:37,981 [main] INFO  impl.RaftServerImpl (RaftServerImpl.java:lambda$shutdown$3(245)) - e74f9000-1f49-4295-bac2-6bdfe4b05d98: shutdown group-55E658D48DA2
2019-08-28 22:29:37,982 [main] INFO  util.JmxRegister (JmxRegister.java:unregister(73)) - Successfully un-registered JMX Bean with object name Ratis:service=RaftServer,group=group-55E658D48DA2,id=e74f9000-1f49-4295-bac2-6bdfe4b05d98
2019-08-28 22:29:37,982 [main] INFO  impl.RoleInfo (RoleInfo.java:shutdownLeaderState(104)) - e74f9000-1f49-4295-bac2-6bdfe4b05d98: shutdown LeaderState
2019-08-28 22:29:37,983 [main] INFO  impl.PendingRequests (PendingRequests.java:sendNotLeaderResponses(202)) - e74f9000-1f49-4295-bac2-6bdfe4b05d98-PendingRequests: sendNotLeaderResponses
2019-08-28 22:29:37,983 [main] INFO  impl.StateMachineUpdater (StateMachineUpdater.java:stopAndJoin(115)) - StateMachineUpdater:e74f9000-1f49-4295-bac2-6bdfe4b05d98:group-55E658D48DA2: set stopIndex = 0
2019-08-28 22:29:37,984 [main] INFO  impl.RaftServerImpl (ServerState.java:close(394)) - e74f9000-1f49-4295-bac2-6bdfe4b05d98:group-55E658D48DA2 closes. The last applied log index is 0
2019-08-28 22:29:37,984 [e74f9000-1f49-4295-bac2-6bdfe4b05d98-SegmentedRaftLogWorker:Storage Directory /workdir/hadoop-ozone/integration-test/target/test-dir/MiniOzoneClusterImpl-cce2e0e6-0bf2-4ba0-8cd7-9d92f34a1712/datanode-6/data/ratis/b3378f1c-b5a7-4404-b75a-55e658d48da2] INFO  segmented.SegmentedRaftLogWorker (SegmentedRaftLogWorker.java:run(313)) - e74f9000-1f49-4295-bac2-6bdfe4b05d98-SegmentedRaftLogWorker:Storage Directory /workdir/hadoop-ozone/integration-test/target/test-dir/MiniOzoneClusterImpl-cce2e0e6-0bf2-4ba0-8cd7-9d92f34a1712/datanode-6/data/ratis/b3378f1c-b5a7-4404-b75a-55e658d48da2 was interrupted, exiting. There are 0 tasks remaining in the queue.
2019-08-28 22:29:37,988 [main] INFO  segmented.SegmentedRaftLogWorker (SegmentedRaftLogWorker.java:close(228)) - e74f9000-1f49-4295-bac2-6bdfe4b05d98-SegmentedRaftLogWorker:Storage Directory /workdir/hadoop-ozone/integration-test/target/test-dir/MiniOzoneClusterImpl-cce2e0e6-0bf2-4ba0-8cd7-9d92f34a1712/datanode-6/data/ratis/b3378f1c-b5a7-4404-b75a-55e658d48da2 close()
2019-08-28 22:29:37,992 [main] INFO  impl.RaftServerImpl (RaftServerImpl.java:lambda$shutdown$3(245)) - e74f9000-1f49-4295-bac2-6bdfe4b05d98: shutdown group-5E79B7FD0278
2019-08-28 22:29:37,992 [main] INFO  util.JmxRegister (JmxRegister.java:unregister(73)) - Successfully un-registered JMX Bean with object name Ratis:service=RaftServer,group=group-5E79B7FD0278,id=e74f9000-1f49-4295-bac2-6bdfe4b05d98
2019-08-28 22:29:37,992 [main] INFO  impl.RoleInfo (RoleInfo.java:shutdownLeaderState(104)) - e74f9000-1f49-4295-bac2-6bdfe4b05d98: shutdown LeaderState
2019-08-28 22:29:37,996 [org.apache.ratis.server.impl.LogAppender$AppenderDaemon$$Lambda$487/1528363967@38fe5ce8] WARN  server.GrpcLogAppender (GrpcLogAppender.java:mayWait(143)) - GrpcLogAppender(e74f9000-1f49-4295-bac2-6bdfe4b05d98->97096794-4d10-4cd1-9679-c7a18a289ffb): Wait interrupted by java.lang.InterruptedException
2019-08-28 22:29:37,996 [org.apache.ratis.server.impl.LogAppender$AppenderDaemon$$Lambda$487/1528363967@7dfcd593] WARN  server.GrpcLogAppender (GrpcLogAppender.java:mayWait(143)) - GrpcLogAppender(e74f9000-1f49-4295-bac2-6bdfe4b05d98->abdbdc2e-95e2-4fe0-a869-d51025a8c9fe): Wait interrupted by java.lang.InterruptedException
2019-08-28 22:29:37,996 [main] INFO  impl.PendingRequests (PendingRequests.java:sendNotLeaderResponses(202)) - e74f9000-1f49-4295-bac2-6bdfe4b05d98-PendingRequests: sendNotLeaderResponses
2019-08-28 22:29:37,997 [grpc-default-executor-8] INFO  server.GrpcServerProtocolService (GrpcServerProtocolService.java:onCompleted(104)) - 97096794-4d10-4cd1-9679-c7a18a289ffb: appendEntries completed
2019-08-28 22:29:38,003 [main] INFO  impl.StateMachineUpdater (StateMachineUpdater.java:stopAndJoin(115)) - StateMachineUpdater:e74f9000-1f49-4295-bac2-6bdfe4b05d98:group-5E79B7FD0278: set stopIndex = 14
2019-08-28 22:29:37,997 [grpc-default-executor-4] INFO  server.GrpcServerProtocolService (GrpcServerProtocolService.java:onCompleted(104)) - abdbdc2e-95e2-4fe0-a869-d51025a8c9fe: appendEntries completed
2019-08-28 22:29:38,004 [grpc-default-executor-8] INFO  server.GrpcLogAppender (GrpcLogAppender.java:onCompleted(292)) - e74f9000-1f49-4295-bac2-6bdfe4b05d98->97096794-4d10-4cd1-9679-c7a18a289ffb: follower responses appendEntries COMPLETED
2019-08-28 22:29:38,003 [StateMachineUpdater:e74f9000-1f49-4295-bac2-6bdfe4b05d98:group-5E79B7FD0278] INFO  ratis.ContainerStateMachine (ContainerStateMachine.java:takeSnapshot(284)) - group-5E79B7FD0278: Taking a snapshot at:(t:3, i:12) file /workdir/hadoop-ozone/integration-test/target/test-dir/MiniOzoneClusterImpl-cce2e0e6-0bf2-4ba0-8cd7-9d92f34a1712/datanode-6/data/ratis/216a9120-057b-4ad3-938c-5e79b7fd0278/sm/snapshot.3_12
2019-08-28 22:29:38,004 [grpc-default-executor-4] INFO  server.GrpcLogAppender (GrpcLogAppender.java:onCompleted(292)) - e74f9000-1f49-4295-bac2-6bdfe4b05d98->abdbdc2e-95e2-4fe0-a869-d51025a8c9fe: follower responses appendEntries COMPLETED
2019-08-28 22:29:38,004 [grpc-default-executor-8] INFO  impl.FollowerInfo (FollowerInfo.java:lambda$new$0(50)) - e74f9000-1f49-4295-bac2-6bdfe4b05d98->97096794-4d10-4cd1-9679-c7a18a289ffb: nextIndex: updateUnconditionally 15 -> 14
2019-08-28 22:29:38,004 [grpc-default-executor-4] INFO  impl.FollowerInfo (FollowerInfo.java:lambda$new$0(50)) - e74f9000-1f49-4295-bac2-6bdfe4b05d98->abdbdc2e-95e2-4fe0-a869-d51025a8c9fe: nextIndex: updateUnconditionally 15 -> 14
2019-08-28 22:29:38,020 [StateMachineUpdater:e74f9000-1f49-4295-bac2-6bdfe4b05d98:group-5E79B7FD0278] INFO  ratis.ContainerStateMachine (ContainerStateMachine.java:takeSnapshot(295)) - group-5E79B7FD0278: Finished taking a snapshot at:(t:3, i:12) file:/workdir/hadoop-ozone/integration-test/target/test-dir/MiniOzoneClusterImpl-cce2e0e6-0bf2-4ba0-8cd7-9d92f34a1712/datanode-6/data/ratis/216a9120-057b-4ad3-938c-5e79b7fd0278/sm/snapshot.3_12 time:17
2019-08-28 22:29:38,020 [StateMachineUpdater:e74f9000-1f49-4295-bac2-6bdfe4b05d98:group-5E79B7FD0278] INFO  impl.StateMachineUpdater (StateMachineUpdater.java:takeSnapshot(242)) - StateMachineUpdater:e74f9000-1f49-4295-bac2-6bdfe4b05d98:group-5E79B7FD0278: Took a snapshot at index 12
2019-08-28 22:29:38,020 [StateMachineUpdater:e74f9000-1f49-4295-bac2-6bdfe4b05d98:group-5E79B7FD0278] INFO  impl.StateMachineUpdater (StateMachineUpdater.java:lambda$new$0(80)) - StateMachineUpdater:e74f9000-1f49-4295-bac2-6bdfe4b05d98:group-5E79B7FD0278: snapshotIndex: updateIncreasingly -1 -> 12
2019-08-28 22:29:38,021 [main] INFO  impl.RaftServerImpl (ServerState.java:close(394)) - e74f9000-1f49-4295-bac2-6bdfe4b05d98:group-5E79B7FD0278 closes. The last applied log index is 14
2019-08-28 22:29:38,021 [e74f9000-1f49-4295-bac2-6bdfe4b05d98-SegmentedRaftLogWorker:Storage Directory /workdir/hadoop-ozone/integration-test/target/test-dir/MiniOzoneClusterImpl-cce2e0e6-0bf2-4ba0-8cd7-9d92f34a1712/datanode-6/data/ratis/216a9120-057b-4ad3-938c-5e79b7fd0278] INFO  segmented.SegmentedRaftLogWorker (SegmentedRaftLogWorker.java:run(313)) - e74f9000-1f49-4295-bac2-6bdfe4b05d98-SegmentedRaftLogWorker:Storage Directory /workdir/hadoop-ozone/integration-test/target/test-dir/MiniOzoneClusterImpl-cce2e0e6-0bf2-4ba0-8cd7-9d92f34a1712/datanode-6/data/ratis/216a9120-057b-4ad3-938c-5e79b7fd0278 was interrupted, exiting. There are 0 tasks remaining in the queue.
2019-08-28 22:29:38,025 [main] INFO  segmented.SegmentedRaftLogWorker (SegmentedRaftLogWorker.java:close(228)) - e74f9000-1f49-4295-bac2-6bdfe4b05d98-SegmentedRaftLogWorker:Storage Directory /workdir/hadoop-ozone/integration-test/target/test-dir/MiniOzoneClusterImpl-cce2e0e6-0bf2-4ba0-8cd7-9d92f34a1712/datanode-6/data/ratis/216a9120-057b-4ad3-938c-5e79b7fd0278 close()
2019-08-28 22:29:38,029 [main] INFO  server.GrpcService (GrpcService.java:closeImpl(155)) - e74f9000-1f49-4295-bac2-6bdfe4b05d98: shutdown server with port 44226 now
2019-08-28 22:29:38,030 [grpc-default-executor-8] WARN  client.GrpcClientProtocolService (LogUtils.java:warn(134)) - 7-UnorderedRequestStreamObserver7: onError: org.apache.ratis.thirdparty.io.grpc.StatusRuntimeException: CANCELLED: cancelled before receiving half close
2019-08-28 22:29:38,030 [main] INFO  server.GrpcService (GrpcService.java:closeImpl(163)) - e74f9000-1f49-4295-bac2-6bdfe4b05d98: shutdown server with port 44226 successfully
2019-08-28 22:29:38,033 [refreshUsed-/workdir/hadoop-ozone/integration-test/target/test-dir/MiniOzoneClusterImpl-cce2e0e6-0bf2-4ba0-8cd7-9d92f34a1712/datanode-6/data/containers] WARN  fs.CachingGetSpaceUsed (CachingGetSpaceUsed.java:run(183)) - Thread Interrupted waiting to refresh disk information: sleep interrupted
2019-08-28 22:29:38,053 [main] INFO  utils.BackgroundService (BackgroundService.java:shutdown(148)) - Shutting down service BlockDeletingService
2019-08-28 22:29:38,060 [main] INFO  statemachine.DatanodeStateMachine (DatanodeStateMachine.java:stopDaemon(395)) - Ozone container server stopped.
2019-08-28 22:29:38,062 [main] INFO  handler.ContextHandler (ContextHandler.java:doStop(910)) - Stopped o.e.j.w.WebAppContext@359ceb13{/,null,UNAVAILABLE}{/hddsDatanode}
2019-08-28 22:29:38,066 [main] INFO  server.AbstractConnector (AbstractConnector.java:doStop(318)) - Stopped ServerConnector@1068176{HTTP/1.1,[http/1.1]}{0.0.0.0:0}
2019-08-28 22:29:38,066 [main] INFO  handler.ContextHandler (ContextHandler.java:doStop(910)) - Stopped o.e.j.s.ServletContextHandler@684ce74c{/static,jar:file:/home/user/.m2/repository/org/apache/hadoop/hadoop-hdds-container-service/0.5.0-SNAPSHOT/hadoop-hdds-container-service-0.5.0-SNAPSHOT.jar!/webapps/static,UNAVAILABLE}
2019-08-28 22:29:38,067 [main] INFO  handler.ContextHandler (ContextHandler.java:doStop(910)) - Stopped o.e.j.s.ServletContextHandler@79be91eb{/logs,file:///workdir/hadoop-ozone/integration-test/target/log,UNAVAILABLE}
2019-08-28 22:29:38,381 | INFO  | SCMAudit | user=jenkins1000 | ip=192.168.36.111 | op=SEND_HEARTBEAT {datanodeUUID=97096794-4d10-4cd1-9679-c7a18a289ffb, command=[commandType: closeContainerCommand closeContainerCommandProto { containerID: 1 pipelineID { id: "216a9120-057b-4ad3-938c-5e79b7fd0278" } cmdId: 1 force: false } ]} | ret=SUCCESS |  
2019-08-28 22:29:38,406 | INFO  | SCMAudit | user=jenkins1000 | ip=192.168.36.111 | op=SEND_HEARTBEAT {datanodeUUID=da6bcafd-dc39-4560-8552-9102a185bf89, command=[]} | ret=SUCCESS |  
2019-08-28 22:29:38,447 | INFO  | SCMAudit | user=jenkins1000 | ip=192.168.36.111 | op=SEND_HEARTBEAT {datanodeUUID=abdbdc2e-95e2-4fe0-a869-d51025a8c9fe, command=[commandType: closeContainerCommand closeContainerCommandProto { containerID: 1 pipelineID { id: "216a9120-057b-4ad3-938c-5e79b7fd0278" } cmdId: 1 force: false } ]} | ret=SUCCESS |  
2019-08-28 22:29:38,527 | INFO  | SCMAudit | user=jenkins1000 | ip=192.168.36.111 | op=SEND_HEARTBEAT {datanodeUUID=78b24124-d29f-47d5-a706-e456f105062d, command=[]} | ret=SUCCESS |  
2019-08-28 22:29:38,594 | INFO  | SCMAudit | user=jenkins1000 | ip=192.168.36.111 | op=SEND_HEARTBEAT {datanodeUUID=e661242e-7c31-4a11-b0a8-eee9611e009e, command=[]} | ret=SUCCESS |  
2019-08-28 22:29:38,712 | INFO  | SCMAudit | user=jenkins1000 | ip=192.168.36.111 | op=SEND_HEARTBEAT {datanodeUUID=78712fcb-d0e6-4972-b983-ece35dfef904, command=[]} | ret=SUCCESS |  
2019-08-28 22:29:39,380 | INFO  | SCMAudit | user=jenkins1000 | ip=192.168.36.111 | op=SEND_HEARTBEAT {datanodeUUID=97096794-4d10-4cd1-9679-c7a18a289ffb, command=[]} | ret=SUCCESS |  
2019-08-28 22:29:39,406 | INFO  | SCMAudit | user=jenkins1000 | ip=192.168.36.111 | op=SEND_HEARTBEAT {datanodeUUID=da6bcafd-dc39-4560-8552-9102a185bf89, command=[]} | ret=SUCCESS |  
2019-08-28 22:29:39,446 | INFO  | SCMAudit | user=jenkins1000 | ip=192.168.36.111 | op=SEND_HEARTBEAT {datanodeUUID=abdbdc2e-95e2-4fe0-a869-d51025a8c9fe, command=[]} | ret=SUCCESS |  
2019-08-28 22:29:39,527 | INFO  | SCMAudit | user=jenkins1000 | ip=192.168.36.111 | op=SEND_HEARTBEAT {datanodeUUID=78b24124-d29f-47d5-a706-e456f105062d, command=[]} | ret=SUCCESS |  
2019-08-28 22:29:39,594 | INFO  | SCMAudit | user=jenkins1000 | ip=192.168.36.111 | op=SEND_HEARTBEAT {datanodeUUID=e661242e-7c31-4a11-b0a8-eee9611e009e, command=[]} | ret=SUCCESS |  
2019-08-28 22:29:39,713 | INFO  | SCMAudit | user=jenkins1000 | ip=192.168.36.111 | op=SEND_HEARTBEAT {datanodeUUID=78712fcb-d0e6-4972-b983-ece35dfef904, command=[]} | ret=SUCCESS |  
2019-08-28 22:29:40,080 [grpc-default-executor-8] INFO  client.GrpcClientProtocolClient (GrpcClientProtocolClient.java:onNext(255)) - client-7FF5BE5E004C->97096794-4d10-4cd1-9679-c7a18a289ffb: receive RaftClientReply:client-7FF5BE5E004C->97096794-4d10-4cd1-9679-c7a18a289ffb@group-5E79B7FD0278, cid=184, FAILED org.apache.ratis.protocol.NotLeaderException: Server 97096794-4d10-4cd1-9679-c7a18a289ffb is not the leader (e74f9000-1f49-4295-bac2-6bdfe4b05d98:192.168.36.111:44226). Request must be sent to leader., logIndex=0, commits[97096794-4d10-4cd1-9679-c7a18a289ffb:c14, abdbdc2e-95e2-4fe0-a869-d51025a8c9fe:c14, e74f9000-1f49-4295-bac2-6bdfe4b05d98:c14]
2019-08-28 22:29:40,381 | INFO  | SCMAudit | user=jenkins1000 | ip=192.168.36.111 | op=SEND_HEARTBEAT {datanodeUUID=97096794-4d10-4cd1-9679-c7a18a289ffb, command=[]} | ret=SUCCESS |  
2019-08-28 22:29:40,405 | INFO  | SCMAudit | user=jenkins1000 | ip=192.168.36.111 | op=SEND_HEARTBEAT {datanodeUUID=da6bcafd-dc39-4560-8552-9102a185bf89, command=[]} | ret=SUCCESS |  
2019-08-28 22:29:40,411 | INFO  | SCMAudit | user=jenkins1000 | ip=192.168.36.111 | op=SEND_HEARTBEAT {datanodeUUID=97096794-4d10-4cd1-9679-c7a18a289ffb, command=[]} | ret=SUCCESS |  
2019-08-28 22:29:40,447 | INFO  | SCMAudit | user=jenkins1000 | ip=192.168.36.111 | op=SEND_HEARTBEAT {datanodeUUID=abdbdc2e-95e2-4fe0-a869-d51025a8c9fe, command=[]} | ret=SUCCESS |  
2019-08-28 22:29:40,467 | INFO  | SCMAudit | user=jenkins1000 | ip=192.168.36.111 | op=SEND_HEARTBEAT {datanodeUUID=abdbdc2e-95e2-4fe0-a869-d51025a8c9fe, command=[]} | ret=SUCCESS |  
2019-08-28 22:29:40,528 | INFO  | SCMAudit | user=jenkins1000 | ip=192.168.36.111 | op=SEND_HEARTBEAT {datanodeUUID=78b24124-d29f-47d5-a706-e456f105062d, command=[]} | ret=SUCCESS |  
2019-08-28 22:29:40,595 | INFO  | SCMAudit | user=jenkins1000 | ip=192.168.36.111 | op=SEND_HEARTBEAT {datanodeUUID=e661242e-7c31-4a11-b0a8-eee9611e009e, command=[]} | ret=SUCCESS |  
2019-08-28 22:29:40,713 | INFO  | SCMAudit | user=jenkins1000 | ip=192.168.36.111 | op=SEND_HEARTBEAT {datanodeUUID=78712fcb-d0e6-4972-b983-ece35dfef904, command=[]} | ret=SUCCESS |  
2019-08-28 22:29:41,093 [grpc-default-executor-8] INFO  client.GrpcClientProtocolClient (GrpcClientProtocolClient.java:onNext(255)) - client-7FF5BE5E004C->abdbdc2e-95e2-4fe0-a869-d51025a8c9fe: receive RaftClientReply:client-7FF5BE5E004C->abdbdc2e-95e2-4fe0-a869-d51025a8c9fe@group-5E79B7FD0278, cid=184, FAILED org.apache.ratis.protocol.NotLeaderException: Server abdbdc2e-95e2-4fe0-a869-d51025a8c9fe is not the leader (e74f9000-1f49-4295-bac2-6bdfe4b05d98:192.168.36.111:44226). Request must be sent to leader., logIndex=0, commits[abdbdc2e-95e2-4fe0-a869-d51025a8c9fe:c14, 97096794-4d10-4cd1-9679-c7a18a289ffb:c14, e74f9000-1f49-4295-bac2-6bdfe4b05d98:c14]
2019-08-28 22:29:41,406 | INFO  | SCMAudit | user=jenkins1000 | ip=192.168.36.111 | op=SEND_HEARTBEAT {datanodeUUID=da6bcafd-dc39-4560-8552-9102a185bf89, command=[]} | ret=SUCCESS |  
2019-08-28 22:29:41,411 | INFO  | SCMAudit | user=jenkins1000 | ip=192.168.36.111 | op=SEND_HEARTBEAT {datanodeUUID=97096794-4d10-4cd1-9679-c7a18a289ffb, command=[]} | ret=SUCCESS |  
2019-08-28 22:29:41,466 | INFO  | SCMAudit | user=jenkins1000 | ip=192.168.36.111 | op=SEND_HEARTBEAT {datanodeUUID=abdbdc2e-95e2-4fe0-a869-d51025a8c9fe, command=[]} | ret=SUCCESS |  
2019-08-28 22:29:41,527 | INFO  | SCMAudit | user=jenkins1000 | ip=192.168.36.111 | op=SEND_HEARTBEAT {datanodeUUID=78b24124-d29f-47d5-a706-e456f105062d, command=[]} | ret=SUCCESS |  
2019-08-28 22:29:41,594 | INFO  | SCMAudit | user=jenkins1000 | ip=192.168.36.111 | op=SEND_HEARTBEAT {datanodeUUID=e661242e-7c31-4a11-b0a8-eee9611e009e, command=[]} | ret=SUCCESS |  
2019-08-28 22:29:41,712 | INFO  | SCMAudit | user=jenkins1000 | ip=192.168.36.111 | op=SEND_HEARTBEAT {datanodeUUID=78712fcb-d0e6-4972-b983-ece35dfef904, command=[]} | ret=SUCCESS |  
2019-08-28 22:29:42,106 [grpc-default-executor-4] INFO  client.GrpcClientProtocolClient (GrpcClientProtocolClient.java:onNext(255)) - client-7FF5BE5E004C->97096794-4d10-4cd1-9679-c7a18a289ffb: receive RaftClientReply:client-7FF5BE5E004C->97096794-4d10-4cd1-9679-c7a18a289ffb@group-5E79B7FD0278, cid=184, FAILED org.apache.ratis.protocol.NotLeaderException: Server 97096794-4d10-4cd1-9679-c7a18a289ffb is not the leader (e74f9000-1f49-4295-bac2-6bdfe4b05d98:192.168.36.111:44226). Request must be sent to leader., logIndex=0, commits[97096794-4d10-4cd1-9679-c7a18a289ffb:c14, abdbdc2e-95e2-4fe0-a869-d51025a8c9fe:c14, e74f9000-1f49-4295-bac2-6bdfe4b05d98:c14]
2019-08-28 22:29:42,405 | INFO  | SCMAudit | user=jenkins1000 | ip=192.168.36.111 | op=SEND_HEARTBEAT {datanodeUUID=da6bcafd-dc39-4560-8552-9102a185bf89, command=[]} | ret=SUCCESS |  
2019-08-28 22:29:42,410 | INFO  | SCMAudit | user=jenkins1000 | ip=192.168.36.111 | op=SEND_HEARTBEAT {datanodeUUID=97096794-4d10-4cd1-9679-c7a18a289ffb, command=[]} | ret=SUCCESS |  
2019-08-28 22:29:42,467 | INFO  | SCMAudit | user=jenkins1000 | ip=192.168.36.111 | op=SEND_HEARTBEAT {datanodeUUID=abdbdc2e-95e2-4fe0-a869-d51025a8c9fe, command=[]} | ret=SUCCESS |  
2019-08-28 22:29:42,527 | INFO  | SCMAudit | user=jenkins1000 | ip=192.168.36.111 | op=SEND_HEARTBEAT {datanodeUUID=78b24124-d29f-47d5-a706-e456f105062d, command=[]} | ret=SUCCESS |  
2019-08-28 22:29:42,595 | INFO  | SCMAudit | user=jenkins1000 | ip=192.168.36.111 | op=SEND_HEARTBEAT {datanodeUUID=e661242e-7c31-4a11-b0a8-eee9611e009e, command=[]} | ret=SUCCESS |  
2019-08-28 22:29:42,713 | INFO  | SCMAudit | user=jenkins1000 | ip=192.168.36.111 | op=SEND_HEARTBEAT {datanodeUUID=78712fcb-d0e6-4972-b983-ece35dfef904, command=[]} | ret=SUCCESS |  
2019-08-28 22:29:43,118 [grpc-default-executor-7] INFO  client.GrpcClientProtocolClient (GrpcClientProtocolClient.java:onNext(255)) - client-7FF5BE5E004C->abdbdc2e-95e2-4fe0-a869-d51025a8c9fe: receive RaftClientReply:client-7FF5BE5E004C->abdbdc2e-95e2-4fe0-a869-d51025a8c9fe@group-5E79B7FD0278, cid=184, FAILED org.apache.ratis.protocol.NotLeaderException: Server abdbdc2e-95e2-4fe0-a869-d51025a8c9fe is not the leader (e74f9000-1f49-4295-bac2-6bdfe4b05d98:192.168.36.111:44226). Request must be sent to leader., logIndex=0, commits[abdbdc2e-95e2-4fe0-a869-d51025a8c9fe:c14, 97096794-4d10-4cd1-9679-c7a18a289ffb:c14, e74f9000-1f49-4295-bac2-6bdfe4b05d98:c14]
2019-08-28 22:29:43,406 | INFO  | SCMAudit | user=jenkins1000 | ip=192.168.36.111 | op=SEND_HEARTBEAT {datanodeUUID=da6bcafd-dc39-4560-8552-9102a185bf89, command=[]} | ret=SUCCESS |  
2019-08-28 22:29:43,410 | INFO  | SCMAudit | user=jenkins1000 | ip=192.168.36.111 | op=SEND_HEARTBEAT {datanodeUUID=97096794-4d10-4cd1-9679-c7a18a289ffb, command=[]} | ret=SUCCESS |  
2019-08-28 22:29:43,467 | INFO  | SCMAudit | user=jenkins1000 | ip=192.168.36.111 | op=SEND_HEARTBEAT {datanodeUUID=abdbdc2e-95e2-4fe0-a869-d51025a8c9fe, command=[]} | ret=SUCCESS |  
2019-08-28 22:29:43,528 | INFO  | SCMAudit | user=jenkins1000 | ip=192.168.36.111 | op=SEND_HEARTBEAT {datanodeUUID=78b24124-d29f-47d5-a706-e456f105062d, command=[]} | ret=SUCCESS |  
2019-08-28 22:29:43,595 | INFO  | SCMAudit | user=jenkins1000 | ip=192.168.36.111 | op=SEND_HEARTBEAT {datanodeUUID=e661242e-7c31-4a11-b0a8-eee9611e009e, command=[]} | ret=SUCCESS |  
2019-08-28 22:29:43,713 | INFO  | SCMAudit | user=jenkins1000 | ip=192.168.36.111 | op=SEND_HEARTBEAT {datanodeUUID=78712fcb-d0e6-4972-b983-ece35dfef904, command=[]} | ret=SUCCESS |  
2019-08-28 22:29:44,133 [grpc-default-executor-7] INFO  client.GrpcClientProtocolClient (GrpcClientProtocolClient.java:onNext(255)) - client-7FF5BE5E004C->97096794-4d10-4cd1-9679-c7a18a289ffb: receive RaftClientReply:client-7FF5BE5E004C->97096794-4d10-4cd1-9679-c7a18a289ffb@group-5E79B7FD0278, cid=184, FAILED org.apache.ratis.protocol.NotLeaderException: Server 97096794-4d10-4cd1-9679-c7a18a289ffb is not the leader (e74f9000-1f49-4295-bac2-6bdfe4b05d98:192.168.36.111:44226). Request must be sent to leader., logIndex=0, commits[97096794-4d10-4cd1-9679-c7a18a289ffb:c14, abdbdc2e-95e2-4fe0-a869-d51025a8c9fe:c14, e74f9000-1f49-4295-bac2-6bdfe4b05d98:c14]
2019-08-28 22:29:44,406 | INFO  | SCMAudit | user=jenkins1000 | ip=192.168.36.111 | op=SEND_HEARTBEAT {datanodeUUID=da6bcafd-dc39-4560-8552-9102a185bf89, command=[]} | ret=SUCCESS |  
2019-08-28 22:29:44,410 | INFO  | SCMAudit | user=jenkins1000 | ip=192.168.36.111 | op=SEND_HEARTBEAT {datanodeUUID=97096794-4d10-4cd1-9679-c7a18a289ffb, command=[]} | ret=SUCCESS |  
2019-08-28 22:29:44,466 | INFO  | SCMAudit | user=jenkins1000 | ip=192.168.36.111 | op=SEND_HEARTBEAT {datanodeUUID=abdbdc2e-95e2-4fe0-a869-d51025a8c9fe, command=[]} | ret=SUCCESS |  
2019-08-28 22:29:44,528 | INFO  | SCMAudit | user=jenkins1000 | ip=192.168.36.111 | op=SEND_HEARTBEAT {datanodeUUID=78b24124-d29f-47d5-a706-e456f105062d, command=[]} | ret=SUCCESS |  
2019-08-28 22:29:44,594 | INFO  | SCMAudit | user=jenkins1000 | ip=192.168.36.111 | op=SEND_HEARTBEAT {datanodeUUID=e661242e-7c31-4a11-b0a8-eee9611e009e, command=[]} | ret=SUCCESS |  
2019-08-28 22:29:44,713 | INFO  | SCMAudit | user=jenkins1000 | ip=192.168.36.111 | op=SEND_HEARTBEAT {datanodeUUID=78712fcb-d0e6-4972-b983-ece35dfef904, command=[]} | ret=SUCCESS |  
2019-08-28 22:29:45,144 [grpc-default-executor-8] INFO  client.GrpcClientProtocolClient (GrpcClientProtocolClient.java:onNext(255)) - client-7FF5BE5E004C->97096794-4d10-4cd1-9679-c7a18a289ffb: receive RaftClientReply:client-7FF5BE5E004C->97096794-4d10-4cd1-9679-c7a18a289ffb@group-5E79B7FD0278, cid=184, FAILED org.apache.ratis.protocol.NotLeaderException: Server 97096794-4d10-4cd1-9679-c7a18a289ffb is not the leader (e74f9000-1f49-4295-bac2-6bdfe4b05d98:192.168.36.111:44226). Request must be sent to leader., logIndex=0, commits[97096794-4d10-4cd1-9679-c7a18a289ffb:c14, abdbdc2e-95e2-4fe0-a869-d51025a8c9fe:c14, e74f9000-1f49-4295-bac2-6bdfe4b05d98:c14]
2019-08-28 22:29:45,406 | INFO  | SCMAudit | user=jenkins1000 | ip=192.168.36.111 | op=SEND_HEARTBEAT {datanodeUUID=da6bcafd-dc39-4560-8552-9102a185bf89, command=[]} | ret=SUCCESS |  
2019-08-28 22:29:45,410 | INFO  | SCMAudit | user=jenkins1000 | ip=192.168.36.111 | op=SEND_HEARTBEAT {datanodeUUID=97096794-4d10-4cd1-9679-c7a18a289ffb, command=[]} | ret=SUCCESS |  
2019-08-28 22:29:45,466 | INFO  | SCMAudit | user=jenkins1000 | ip=192.168.36.111 | op=SEND_HEARTBEAT {datanodeUUID=abdbdc2e-95e2-4fe0-a869-d51025a8c9fe, command=[]} | ret=SUCCESS |  
2019-08-28 22:29:45,527 | INFO  | SCMAudit | user=jenkins1000 | ip=192.168.36.111 | op=SEND_HEARTBEAT {datanodeUUID=78b24124-d29f-47d5-a706-e456f105062d, command=[]} | ret=SUCCESS |  
2019-08-28 22:29:45,594 | INFO  | SCMAudit | user=jenkins1000 | ip=192.168.36.111 | op=SEND_HEARTBEAT {datanodeUUID=e661242e-7c31-4a11-b0a8-eee9611e009e, command=[]} | ret=SUCCESS |  
2019-08-28 22:29:45,713 | INFO  | SCMAudit | user=jenkins1000 | ip=192.168.36.111 | op=SEND_HEARTBEAT {datanodeUUID=78712fcb-d0e6-4972-b983-ece35dfef904, command=[]} | ret=SUCCESS |  
2019-08-28 22:29:46,155 [grpc-default-executor-4] INFO  client.GrpcClientProtocolClient (GrpcClientProtocolClient.java:onNext(255)) - client-7FF5BE5E004C->97096794-4d10-4cd1-9679-c7a18a289ffb: receive RaftClientReply:client-7FF5BE5E004C->97096794-4d10-4cd1-9679-c7a18a289ffb@group-5E79B7FD0278, cid=184, FAILED org.apache.ratis.protocol.NotLeaderException: Server 97096794-4d10-4cd1-9679-c7a18a289ffb is not the leader (e74f9000-1f49-4295-bac2-6bdfe4b05d98:192.168.36.111:44226). Request must be sent to leader., logIndex=0, commits[97096794-4d10-4cd1-9679-c7a18a289ffb:c14, abdbdc2e-95e2-4fe0-a869-d51025a8c9fe:c14, e74f9000-1f49-4295-bac2-6bdfe4b05d98:c14]
2019-08-28 22:29:46,407 | INFO  | SCMAudit | user=jenkins1000 | ip=192.168.36.111 | op=SEND_HEARTBEAT {datanodeUUID=da6bcafd-dc39-4560-8552-9102a185bf89, command=[]} | ret=SUCCESS |  
2019-08-28 22:29:46,410 | INFO  | SCMAudit | user=jenkins1000 | ip=192.168.36.111 | op=SEND_HEARTBEAT {datanodeUUID=97096794-4d10-4cd1-9679-c7a18a289ffb, command=[]} | ret=SUCCESS |  
2019-08-28 22:29:46,467 | INFO  | SCMAudit | user=jenkins1000 | ip=192.168.36.111 | op=SEND_HEARTBEAT {datanodeUUID=abdbdc2e-95e2-4fe0-a869-d51025a8c9fe, command=[]} | ret=SUCCESS |  
2019-08-28 22:29:46,527 | INFO  | SCMAudit | user=jenkins1000 | ip=192.168.36.111 | op=SEND_HEARTBEAT {datanodeUUID=78b24124-d29f-47d5-a706-e456f105062d, command=[]} | ret=SUCCESS |  
2019-08-28 22:29:46,595 | INFO  | SCMAudit | user=jenkins1000 | ip=192.168.36.111 | op=SEND_HEARTBEAT {datanodeUUID=e661242e-7c31-4a11-b0a8-eee9611e009e, command=[]} | ret=SUCCESS |  
2019-08-28 22:29:46,714 | INFO  | SCMAudit | user=jenkins1000 | ip=192.168.36.111 | op=SEND_HEARTBEAT {datanodeUUID=78712fcb-d0e6-4972-b983-ece35dfef904, command=[]} | ret=SUCCESS |  
2019-08-28 22:29:46,964 [Thread-3890] INFO  impl.FollowerState (FollowerState.java:run(106)) - 97096794-4d10-4cd1-9679-c7a18a289ffb:group-5E79B7FD0278 changes to CANDIDATE, lastRpcTime:8983, electionTimeout:5050ms
2019-08-28 22:29:46,964 [Thread-3890] INFO  impl.RoleInfo (RoleInfo.java:shutdownFollowerState(121)) - 97096794-4d10-4cd1-9679-c7a18a289ffb: shutdown FollowerState
2019-08-28 22:29:46,964 [Thread-3890] INFO  impl.RaftServerImpl (RaftServerImpl.java:setRole(171)) - 97096794-4d10-4cd1-9679-c7a18a289ffb:group-5E79B7FD0278 changes role from FOLLOWER to CANDIDATE at term 3 for changeToCandidate
2019-08-28 22:29:46,964 [Thread-3890] INFO  impl.RoleInfo (RoleInfo.java:updateAndGet(143)) - 97096794-4d10-4cd1-9679-c7a18a289ffb: start LeaderElection
2019-08-28 22:29:46,981 [97096794-4d10-4cd1-9679-c7a18a289ffb:group-5E79B7FD0278:LeaderElection108] INFO  impl.RaftServerImpl (ServerState.java:setLeader(263)) - 97096794-4d10-4cd1-9679-c7a18a289ffb:group-5E79B7FD0278 change Leader from e74f9000-1f49-4295-bac2-6bdfe4b05d98 to null at term 3 for initElection
2019-08-28 22:29:47,048 [97096794-4d10-4cd1-9679-c7a18a289ffb:group-5E79B7FD0278:LeaderElection108] INFO  impl.LeaderElection (LeaderElection.java:askForVotes(181)) - 97096794-4d10-4cd1-9679-c7a18a289ffb:group-5E79B7FD0278:LeaderElection108: begin an election at term 4 for 0: [97096794-4d10-4cd1-9679-c7a18a289ffb:192.168.36.111:36537, abdbdc2e-95e2-4fe0-a869-d51025a8c9fe:192.168.36.111:43325, e74f9000-1f49-4295-bac2-6bdfe4b05d98:192.168.36.111:44226], old=null
2019-08-28 22:29:47,052 [grpc-default-executor-8] INFO  impl.RaftServerImpl (ServerState.java:setLeader(263)) - abdbdc2e-95e2-4fe0-a869-d51025a8c9fe:group-5E79B7FD0278 change Leader from e74f9000-1f49-4295-bac2-6bdfe4b05d98 to null at term 4 for updateCurrentTerm
2019-08-28 22:29:47,052 [grpc-default-executor-8] INFO  impl.RaftServerImpl (RaftServerImpl.java:setRole(171)) - abdbdc2e-95e2-4fe0-a869-d51025a8c9fe:group-5E79B7FD0278 changes role from FOLLOWER to FOLLOWER at term 4 for recognizeCandidate:97096794-4d10-4cd1-9679-c7a18a289ffb
2019-08-28 22:29:47,053 [grpc-default-executor-8] INFO  impl.RoleInfo (RoleInfo.java:shutdownFollowerState(121)) - abdbdc2e-95e2-4fe0-a869-d51025a8c9fe: shutdown FollowerState
2019-08-28 22:29:47,052 [97096794-4d10-4cd1-9679-c7a18a289ffb:group-5E79B7FD0278:LeaderElection108] INFO  impl.LeaderElection (LogUtils.java:infoOrTrace(149)) - 97096794-4d10-4cd1-9679-c7a18a289ffb:group-5E79B7FD0278:LeaderElection108 got exception when requesting votes: {}
java.util.concurrent.ExecutionException: org.apache.ratis.thirdparty.io.grpc.StatusRuntimeException: UNAVAILABLE: io exception
	at java.util.concurrent.FutureTask.report(FutureTask.java:122)
	at java.util.concurrent.FutureTask.get(FutureTask.java:192)
	at org.apache.ratis.server.impl.LeaderElection.waitForResults(LeaderElection.java:262)
	at org.apache.ratis.server.impl.LeaderElection.askForVotes(LeaderElection.java:200)
	at org.apache.ratis.server.impl.LeaderElection.run(LeaderElection.java:130)
	at java.lang.Thread.run(Thread.java:748)
Caused by: org.apache.ratis.thirdparty.io.grpc.StatusRuntimeException: UNAVAILABLE: io exception
	at org.apache.ratis.thirdparty.io.grpc.stub.ClientCalls.toStatusRuntimeException(ClientCalls.java:233)
	at org.apache.ratis.thirdparty.io.grpc.stub.ClientCalls.getUnchecked(ClientCalls.java:214)
	at org.apache.ratis.thirdparty.io.grpc.stub.ClientCalls.blockingUnaryCall(ClientCalls.java:139)
	at org.apache.ratis.proto.grpc.RaftServerProtocolServiceGrpc$RaftServerProtocolServiceBlockingStub.requestVote(RaftServerProtocolServiceGrpc.java:265)
	at org.apache.ratis.grpc.server.GrpcServerProtocolClient.requestVote(GrpcServerProtocolClient.java:83)
	at org.apache.ratis.grpc.server.GrpcService.requestVote(GrpcService.java:195)
	at org.apache.ratis.server.impl.LeaderElection.lambda$submitRequests$1(LeaderElection.java:237)
	at java.util.concurrent.FutureTask.run(FutureTask.java:266)
	at java.util.concurrent.Executors$RunnableAdapter.call(Executors.java:511)
	at java.util.concurrent.FutureTask.run(FutureTask.java:266)
	at java.util.concurrent.ThreadPoolExecutor.runWorker(ThreadPoolExecutor.java:1149)
	at java.util.concurrent.ThreadPoolExecutor$Worker.run(ThreadPoolExecutor.java:624)
	... 1 more
Caused by: org.apache.ratis.thirdparty.io.netty.channel.AbstractChannel$AnnotatedConnectException: Connection refused: /192.168.36.111:44226
	at sun.nio.ch.SocketChannelImpl.checkConnect(Native Method)
	at sun.nio.ch.SocketChannelImpl.finishConnect(SocketChannelImpl.java:717)
	at org.apache.ratis.thirdparty.io.netty.channel.socket.nio.NioSocketChannel.doFinishConnect(NioSocketChannel.java:327)
	at org.apache.ratis.thirdparty.io.netty.channel.nio.AbstractNioChannel$AbstractNioUnsafe.finishConnect(AbstractNioChannel.java:340)
	at org.apache.ratis.thirdparty.io.netty.channel.nio.NioEventLoop.processSelectedKey(NioEventLoop.java:632)
	at org.apache.ratis.thirdparty.io.netty.channel.nio.NioEventLoop.processSelectedKeysOptimized(NioEventLoop.java:579)
	at org.apache.ratis.thirdparty.io.netty.channel.nio.NioEventLoop.processSelectedKeys(NioEventLoop.java:496)
	at org.apache.ratis.thirdparty.io.netty.channel.nio.NioEventLoop.run(NioEventLoop.java:458)
	at org.apache.ratis.thirdparty.io.netty.util.concurrent.SingleThreadEventExecutor$5.run(SingleThreadEventExecutor.java:897)
	at org.apache.ratis.thirdparty.io.netty.util.concurrent.FastThreadLocalRunnable.run(FastThreadLocalRunnable.java:30)
	... 1 more
Caused by: java.net.ConnectException: Connection refused
	... 11 more
2019-08-28 22:29:47,053 [Thread-3891] INFO  impl.FollowerState (FollowerState.java:run(114)) - abdbdc2e-95e2-4fe0-a869-d51025a8c9fe: FollowerState was interrupted: java.lang.InterruptedException: sleep interrupted
2019-08-28 22:29:47,053 [grpc-default-executor-8] INFO  impl.RoleInfo (RoleInfo.java:updateAndGet(143)) - abdbdc2e-95e2-4fe0-a869-d51025a8c9fe: start FollowerState
2019-08-28 22:29:47,088 [97096794-4d10-4cd1-9679-c7a18a289ffb:group-5E79B7FD0278:LeaderElection108] INFO  impl.LeaderElection (LeaderElection.java:logAndReturn(56)) - 97096794-4d10-4cd1-9679-c7a18a289ffb:group-5E79B7FD0278:LeaderElection108: Election PASSED; received 1 response(s) [97096794-4d10-4cd1-9679-c7a18a289ffb<-abdbdc2e-95e2-4fe0-a869-d51025a8c9fe#0:OK-t4] and 1 exception(s); 97096794-4d10-4cd1-9679-c7a18a289ffb:t4, leader=null, voted=97096794-4d10-4cd1-9679-c7a18a289ffb, raftlog=97096794-4d10-4cd1-9679-c7a18a289ffb-SegmentedRaftLog:OPENED:c14,f14,i14, conf=0: [97096794-4d10-4cd1-9679-c7a18a289ffb:192.168.36.111:36537, abdbdc2e-95e2-4fe0-a869-d51025a8c9fe:192.168.36.111:43325, e74f9000-1f49-4295-bac2-6bdfe4b05d98:192.168.36.111:44226], old=null
2019-08-28 22:29:47,088 [97096794-4d10-4cd1-9679-c7a18a289ffb:group-5E79B7FD0278:LeaderElection108] INFO  impl.LeaderElection (LogUtils.java:infoOrTrace(149)) -   Exception 0: {}
java.util.concurrent.ExecutionException: org.apache.ratis.thirdparty.io.grpc.StatusRuntimeException: UNAVAILABLE: io exception
	at java.util.concurrent.FutureTask.report(FutureTask.java:122)
	at java.util.concurrent.FutureTask.get(FutureTask.java:192)
	at org.apache.ratis.server.impl.LeaderElection.waitForResults(LeaderElection.java:262)
	at org.apache.ratis.server.impl.LeaderElection.askForVotes(LeaderElection.java:200)
	at org.apache.ratis.server.impl.LeaderElection.run(LeaderElection.java:130)
	at java.lang.Thread.run(Thread.java:748)
Caused by: org.apache.ratis.thirdparty.io.grpc.StatusRuntimeException: UNAVAILABLE: io exception
	at org.apache.ratis.thirdparty.io.grpc.stub.ClientCalls.toStatusRuntimeException(ClientCalls.java:233)
	at org.apache.ratis.thirdparty.io.grpc.stub.ClientCalls.getUnchecked(ClientCalls.java:214)
	at org.apache.ratis.thirdparty.io.grpc.stub.ClientCalls.blockingUnaryCall(ClientCalls.java:139)
	at org.apache.ratis.proto.grpc.RaftServerProtocolServiceGrpc$RaftServerProtocolServiceBlockingStub.requestVote(RaftServerProtocolServiceGrpc.java:265)
	at org.apache.ratis.grpc.server.GrpcServerProtocolClient.requestVote(GrpcServerProtocolClient.java:83)
	at org.apache.ratis.grpc.server.GrpcService.requestVote(GrpcService.java:195)
	at org.apache.ratis.server.impl.LeaderElection.lambda$submitRequests$1(LeaderElection.java:237)
	at java.util.concurrent.FutureTask.run(FutureTask.java:266)
	at java.util.concurrent.Executors$RunnableAdapter.call(Executors.java:511)
	at java.util.concurrent.FutureTask.run(FutureTask.java:266)
	at java.util.concurrent.ThreadPoolExecutor.runWorker(ThreadPoolExecutor.java:1149)
	at java.util.concurrent.ThreadPoolExecutor$Worker.run(ThreadPoolExecutor.java:624)
	... 1 more
Caused by: org.apache.ratis.thirdparty.io.netty.channel.AbstractChannel$AnnotatedConnectException: Connection refused: /192.168.36.111:44226
	at sun.nio.ch.SocketChannelImpl.checkConnect(Native Method)
	at sun.nio.ch.SocketChannelImpl.finishConnect(SocketChannelImpl.java:717)
	at org.apache.ratis.thirdparty.io.netty.channel.socket.nio.NioSocketChannel.doFinishConnect(NioSocketChannel.java:327)
	at org.apache.ratis.thirdparty.io.netty.channel.nio.AbstractNioChannel$AbstractNioUnsafe.finishConnect(AbstractNioChannel.java:340)
	at org.apache.ratis.thirdparty.io.netty.channel.nio.NioEventLoop.processSelectedKey(NioEventLoop.java:632)
	at org.apache.ratis.thirdparty.io.netty.channel.nio.NioEventLoop.processSelectedKeysOptimized(NioEventLoop.java:579)
	at org.apache.ratis.thirdparty.io.netty.channel.nio.NioEventLoop.processSelectedKeys(NioEventLoop.java:496)
	at org.apache.ratis.thirdparty.io.netty.channel.nio.NioEventLoop.run(NioEventLoop.java:458)
	at org.apache.ratis.thirdparty.io.netty.util.concurrent.SingleThreadEventExecutor$5.run(SingleThreadEventExecutor.java:897)
	at org.apache.ratis.thirdparty.io.netty.util.concurrent.FastThreadLocalRunnable.run(FastThreadLocalRunnable.java:30)
	... 1 more
Caused by: java.net.ConnectException: Connection refused
	... 11 more
2019-08-28 22:29:47,089 [97096794-4d10-4cd1-9679-c7a18a289ffb:group-5E79B7FD0278:LeaderElection108] INFO  impl.RoleInfo (RoleInfo.java:shutdownLeaderElection(134)) - 97096794-4d10-4cd1-9679-c7a18a289ffb: shutdown LeaderElection
2019-08-28 22:29:47,090 [97096794-4d10-4cd1-9679-c7a18a289ffb:group-5E79B7FD0278:LeaderElection108] INFO  impl.RaftServerImpl (RaftServerImpl.java:setRole(171)) - 97096794-4d10-4cd1-9679-c7a18a289ffb:group-5E79B7FD0278 changes role from CANDIDATE to LEADER at term 4 for changeToLeader
2019-08-28 22:29:47,091 [97096794-4d10-4cd1-9679-c7a18a289ffb:group-5E79B7FD0278:LeaderElection108] INFO  impl.RaftServerImpl (ServerState.java:setLeader(263)) - 97096794-4d10-4cd1-9679-c7a18a289ffb:group-5E79B7FD0278 change Leader from null to 97096794-4d10-4cd1-9679-c7a18a289ffb at term 4 for becomeLeader, leader elected after 109ms
2019-08-28 22:29:47,091 [97096794-4d10-4cd1-9679-c7a18a289ffb:group-5E79B7FD0278:LeaderElection108] INFO  server.RaftServerConfigKeys (ConfUtils.java:logGet(43)) - raft.server.staging.catchup.gap = 1000 (default)
2019-08-28 22:29:47,091 [97096794-4d10-4cd1-9679-c7a18a289ffb:group-5E79B7FD0278:LeaderElection108] INFO  server.RaftServerConfigKeys (ConfUtils.java:logGet(43)) - raft.server.rpc.sleep.time = 25ms (default)
2019-08-28 22:29:47,091 [97096794-4d10-4cd1-9679-c7a18a289ffb:group-5E79B7FD0278:LeaderElection108] INFO  server.RaftServerConfigKeys (ConfUtils.java:logGet(43)) - raft.server.write.element-limit = 4096 (default)
2019-08-28 22:29:47,091 [97096794-4d10-4cd1-9679-c7a18a289ffb:group-5E79B7FD0278:LeaderElection108] INFO  server.RaftServerConfigKeys (ConfUtils.java:logGet(43)) - raft.server.watch.timeout = 10s (default)
2019-08-28 22:29:47,092 [97096794-4d10-4cd1-9679-c7a18a289ffb:group-5E79B7FD0278:LeaderElection108] INFO  server.RaftServerConfigKeys (ConfUtils.java:logGet(43)) - raft.server.watch.timeout.denomination = 1s (default)
2019-08-28 22:29:47,092 [97096794-4d10-4cd1-9679-c7a18a289ffb:group-5E79B7FD0278:LeaderElection108] INFO  server.RaftServerConfigKeys (ConfUtils.java:logGet(43)) - raft.server.watch.element-limit = 65536 (default)
2019-08-28 22:29:47,092 [97096794-4d10-4cd1-9679-c7a18a289ffb:group-5E79B7FD0278:LeaderElection108] INFO  server.RaftServerConfigKeys (ConfUtils.java:logGet(43)) - raft.server.log.appender.snapshot.chunk.size.max = 16MB (=16777216) (default)
2019-08-28 22:29:47,092 [97096794-4d10-4cd1-9679-c7a18a289ffb:group-5E79B7FD0278:LeaderElection108] INFO  server.RaftServerConfigKeys (ConfUtils.java:logGet(43)) - raft.server.log.appender.buffer.byte-limit = 33554432 (custom)
2019-08-28 22:29:47,092 [97096794-4d10-4cd1-9679-c7a18a289ffb:group-5E79B7FD0278:LeaderElection108] INFO  server.RaftServerConfigKeys (ConfUtils.java:logGet(43)) - raft.server.log.appender.buffer.element-limit = 1 (custom)
2019-08-28 22:29:47,092 [97096794-4d10-4cd1-9679-c7a18a289ffb:group-5E79B7FD0278:LeaderElection108] INFO  grpc.GrpcConfigKeys$Server (ConfUtils.java:logGet(43)) - raft.grpc.server.leader.outstanding.appends.max = 128 (default)
2019-08-28 22:29:47,093 [97096794-4d10-4cd1-9679-c7a18a289ffb:group-5E79B7FD0278:LeaderElection108] INFO  server.RaftServerConfigKeys (ConfUtils.java:logGet(43)) - raft.server.rpc.request.timeout = 3000ms (default)
2019-08-28 22:29:47,093 [97096794-4d10-4cd1-9679-c7a18a289ffb:group-5E79B7FD0278:LeaderElection108] INFO  server.RaftServerConfigKeys (ConfUtils.java:logGet(43)) - raft.server.log.appender.install.snapshot.enabled = false (custom)
2019-08-28 22:29:47,093 [97096794-4d10-4cd1-9679-c7a18a289ffb:group-5E79B7FD0278:LeaderElection108] INFO  server.RaftServerConfigKeys (ConfUtils.java:logGet(43)) - raft.server.log.appender.snapshot.chunk.size.max = 16MB (=16777216) (default)
2019-08-28 22:29:47,093 [97096794-4d10-4cd1-9679-c7a18a289ffb:group-5E79B7FD0278:LeaderElection108] INFO  server.RaftServerConfigKeys (ConfUtils.java:logGet(43)) - raft.server.log.appender.buffer.byte-limit = 33554432 (custom)
2019-08-28 22:29:47,093 [97096794-4d10-4cd1-9679-c7a18a289ffb:group-5E79B7FD0278:LeaderElection108] INFO  server.RaftServerConfigKeys (ConfUtils.java:logGet(43)) - raft.server.log.appender.buffer.element-limit = 1 (custom)
2019-08-28 22:29:47,093 [97096794-4d10-4cd1-9679-c7a18a289ffb:group-5E79B7FD0278:LeaderElection108] INFO  grpc.GrpcConfigKeys$Server (ConfUtils.java:logGet(43)) - raft.grpc.server.leader.outstanding.appends.max = 128 (default)
2019-08-28 22:29:47,093 [97096794-4d10-4cd1-9679-c7a18a289ffb:group-5E79B7FD0278:LeaderElection108] INFO  server.RaftServerConfigKeys (ConfUtils.java:logGet(43)) - raft.server.rpc.request.timeout = 3000ms (default)
2019-08-28 22:29:47,094 [97096794-4d10-4cd1-9679-c7a18a289ffb:group-5E79B7FD0278:LeaderElection108] INFO  server.RaftServerConfigKeys (ConfUtils.java:logGet(43)) - raft.server.log.appender.install.snapshot.enabled = false (custom)
2019-08-28 22:29:47,094 [97096794-4d10-4cd1-9679-c7a18a289ffb:group-5E79B7FD0278:LeaderElection108] INFO  impl.RoleInfo (RoleInfo.java:updateAndGet(143)) - 97096794-4d10-4cd1-9679-c7a18a289ffb: start LeaderState
2019-08-28 22:29:47,094 [97096794-4d10-4cd1-9679-c7a18a289ffb:group-5E79B7FD0278:LeaderElection108] INFO  segmented.SegmentedRaftLogWorker (SegmentedRaftLogWorker.java:rollLogSegment(385)) - 97096794-4d10-4cd1-9679-c7a18a289ffb-SegmentedRaftLogWorker:Storage Directory /workdir/hadoop-ozone/integration-test/target/test-dir/MiniOzoneClusterImpl-cce2e0e6-0bf2-4ba0-8cd7-9d92f34a1712/datanode-1/data/ratis/216a9120-057b-4ad3-938c-5e79b7fd0278: Rolling segment log-0_14 to index:14
2019-08-28 22:29:47,095 [97096794-4d10-4cd1-9679-c7a18a289ffb-SegmentedRaftLogWorker:Storage Directory /workdir/hadoop-ozone/integration-test/target/test-dir/MiniOzoneClusterImpl-cce2e0e6-0bf2-4ba0-8cd7-9d92f34a1712/datanode-1/data/ratis/216a9120-057b-4ad3-938c-5e79b7fd0278] INFO  segmented.SegmentedRaftLogWorker (SegmentedRaftLogWorker.java:execute(526)) - 97096794-4d10-4cd1-9679-c7a18a289ffb-SegmentedRaftLogWorker:Storage Directory /workdir/hadoop-ozone/integration-test/target/test-dir/MiniOzoneClusterImpl-cce2e0e6-0bf2-4ba0-8cd7-9d92f34a1712/datanode-1/data/ratis/216a9120-057b-4ad3-938c-5e79b7fd0278: Rolled log segment from /workdir/hadoop-ozone/integration-test/target/test-dir/MiniOzoneClusterImpl-cce2e0e6-0bf2-4ba0-8cd7-9d92f34a1712/datanode-1/data/ratis/216a9120-057b-4ad3-938c-5e79b7fd0278/current/log_inprogress_0 to /workdir/hadoop-ozone/integration-test/target/test-dir/MiniOzoneClusterImpl-cce2e0e6-0bf2-4ba0-8cd7-9d92f34a1712/datanode-1/data/ratis/216a9120-057b-4ad3-938c-5e79b7fd0278/current/log_0-14
2019-08-28 22:29:47,096 [97096794-4d10-4cd1-9679-c7a18a289ffb:group-5E79B7FD0278:LeaderElection108] INFO  impl.RaftServerImpl (ServerState.java:setRaftConf(361)) - 97096794-4d10-4cd1-9679-c7a18a289ffb:group-5E79B7FD0278 set configuration 15: [97096794-4d10-4cd1-9679-c7a18a289ffb:192.168.36.111:36537, abdbdc2e-95e2-4fe0-a869-d51025a8c9fe:192.168.36.111:43325, e74f9000-1f49-4295-bac2-6bdfe4b05d98:192.168.36.111:44226], old=null at 15
2019-08-28 22:29:47,096 [grpc-default-executor-8] WARN  server.GrpcLogAppender (LogUtils.java:warn(134)) - 97096794-4d10-4cd1-9679-c7a18a289ffb->e74f9000-1f49-4295-bac2-6bdfe4b05d98: Failed appendEntries: org.apache.ratis.thirdparty.io.grpc.StatusRuntimeException: UNAVAILABLE: io exception
2019-08-28 22:29:47,097 [grpc-default-executor-8] INFO  impl.FollowerInfo (FollowerInfo.java:lambda$new$0(50)) - 97096794-4d10-4cd1-9679-c7a18a289ffb->e74f9000-1f49-4295-bac2-6bdfe4b05d98: nextIndex: updateUnconditionally 15 -> 1
2019-08-28 22:29:47,097 [grpc-default-executor-8] INFO  impl.RaftServerImpl (ServerState.java:setLeader(263)) - abdbdc2e-95e2-4fe0-a869-d51025a8c9fe:group-5E79B7FD0278 change Leader from null to 97096794-4d10-4cd1-9679-c7a18a289ffb at term 4 for appendEntries, leader elected after 45ms
2019-08-28 22:29:47,099 [grpc-default-executor-8] INFO  impl.RaftServerImpl (ServerState.java:setRaftConf(361)) - abdbdc2e-95e2-4fe0-a869-d51025a8c9fe:group-5E79B7FD0278 set configuration 15: [97096794-4d10-4cd1-9679-c7a18a289ffb:192.168.36.111:36537, abdbdc2e-95e2-4fe0-a869-d51025a8c9fe:192.168.36.111:43325, e74f9000-1f49-4295-bac2-6bdfe4b05d98:192.168.36.111:44226], old=null at 15
2019-08-28 22:29:47,100 [grpc-default-executor-8] INFO  segmented.SegmentedRaftLogWorker (SegmentedRaftLogWorker.java:rollLogSegment(385)) - abdbdc2e-95e2-4fe0-a869-d51025a8c9fe-SegmentedRaftLogWorker:Storage Directory /workdir/hadoop-ozone/integration-test/target/test-dir/MiniOzoneClusterImpl-cce2e0e6-0bf2-4ba0-8cd7-9d92f34a1712/datanode-4/data/ratis/216a9120-057b-4ad3-938c-5e79b7fd0278: Rolling segment log-0_14 to index:14
2019-08-28 22:29:47,100 [abdbdc2e-95e2-4fe0-a869-d51025a8c9fe-SegmentedRaftLogWorker:Storage Directory /workdir/hadoop-ozone/integration-test/target/test-dir/MiniOzoneClusterImpl-cce2e0e6-0bf2-4ba0-8cd7-9d92f34a1712/datanode-4/data/ratis/216a9120-057b-4ad3-938c-5e79b7fd0278] INFO  segmented.SegmentedRaftLogWorker (SegmentedRaftLogWorker.java:execute(526)) - abdbdc2e-95e2-4fe0-a869-d51025a8c9fe-SegmentedRaftLogWorker:Storage Directory /workdir/hadoop-ozone/integration-test/target/test-dir/MiniOzoneClusterImpl-cce2e0e6-0bf2-4ba0-8cd7-9d92f34a1712/datanode-4/data/ratis/216a9120-057b-4ad3-938c-5e79b7fd0278: Rolled log segment from /workdir/hadoop-ozone/integration-test/target/test-dir/MiniOzoneClusterImpl-cce2e0e6-0bf2-4ba0-8cd7-9d92f34a1712/datanode-4/data/ratis/216a9120-057b-4ad3-938c-5e79b7fd0278/current/log_inprogress_0 to /workdir/hadoop-ozone/integration-test/target/test-dir/MiniOzoneClusterImpl-cce2e0e6-0bf2-4ba0-8cd7-9d92f34a1712/datanode-4/data/ratis/216a9120-057b-4ad3-938c-5e79b7fd0278/current/log_0-14
2019-08-28 22:29:47,172 [97096794-4d10-4cd1-9679-c7a18a289ffb-SegmentedRaftLogWorker:Storage Directory /workdir/hadoop-ozone/integration-test/target/test-dir/MiniOzoneClusterImpl-cce2e0e6-0bf2-4ba0-8cd7-9d92f34a1712/datanode-1/data/ratis/216a9120-057b-4ad3-938c-5e79b7fd0278] INFO  segmented.SegmentedRaftLogWorker (SegmentedRaftLogWorker.java:execute(569)) - 97096794-4d10-4cd1-9679-c7a18a289ffb-SegmentedRaftLogWorker:Storage Directory /workdir/hadoop-ozone/integration-test/target/test-dir/MiniOzoneClusterImpl-cce2e0e6-0bf2-4ba0-8cd7-9d92f34a1712/datanode-1/data/ratis/216a9120-057b-4ad3-938c-5e79b7fd0278: created new log segment /workdir/hadoop-ozone/integration-test/target/test-dir/MiniOzoneClusterImpl-cce2e0e6-0bf2-4ba0-8cd7-9d92f34a1712/datanode-1/data/ratis/216a9120-057b-4ad3-938c-5e79b7fd0278/current/log_inprogress_15
2019-08-28 22:29:47,172 [abdbdc2e-95e2-4fe0-a869-d51025a8c9fe-SegmentedRaftLogWorker:Storage Directory /workdir/hadoop-ozone/integration-test/target/test-dir/MiniOzoneClusterImpl-cce2e0e6-0bf2-4ba0-8cd7-9d92f34a1712/datanode-4/data/ratis/216a9120-057b-4ad3-938c-5e79b7fd0278] INFO  segmented.SegmentedRaftLogWorker (SegmentedRaftLogWorker.java:execute(569)) - abdbdc2e-95e2-4fe0-a869-d51025a8c9fe-SegmentedRaftLogWorker:Storage Directory /workdir/hadoop-ozone/integration-test/target/test-dir/MiniOzoneClusterImpl-cce2e0e6-0bf2-4ba0-8cd7-9d92f34a1712/datanode-4/data/ratis/216a9120-057b-4ad3-938c-5e79b7fd0278: created new log segment /workdir/hadoop-ozone/integration-test/target/test-dir/MiniOzoneClusterImpl-cce2e0e6-0bf2-4ba0-8cd7-9d92f34a1712/datanode-4/data/ratis/216a9120-057b-4ad3-938c-5e79b7fd0278/current/log_inprogress_15
2019-08-28 22:29:47,174 [grpc-default-executor-8] INFO  client.GrpcClientProtocolClient (GrpcClientProtocolClient.java:onNext(255)) - client-7FF5BE5E004C->97096794-4d10-4cd1-9679-c7a18a289ffb: receive RaftClientReply:client-7FF5BE5E004C->97096794-4d10-4cd1-9679-c7a18a289ffb@group-5E79B7FD0278, cid=184, FAILED org.apache.ratis.protocol.LeaderNotReadyException: 97096794-4d10-4cd1-9679-c7a18a289ffb is in LEADER state but not ready yet., logIndex=0, commits[97096794-4d10-4cd1-9679-c7a18a289ffb:c14, abdbdc2e-95e2-4fe0-a869-d51025a8c9fe:c14, e74f9000-1f49-4295-bac2-6bdfe4b05d98:c14]
2019-08-28 22:29:47,193 | INFO  | DNAudit | user=null | ip=null | op=READ_CHUNK {blockData=conID: 1 locID: 102696967005077517 bcsId: 0} | ret=SUCCESS |  
2019-08-28 22:29:47,196 [grpc-default-executor-7] WARN  server.GrpcLogAppender (LogUtils.java:warn(134)) - 97096794-4d10-4cd1-9679-c7a18a289ffb->e74f9000-1f49-4295-bac2-6bdfe4b05d98: Failed appendEntries: org.apache.ratis.thirdparty.io.grpc.StatusRuntimeException: UNAVAILABLE: io exception
2019-08-28 22:29:47,196 [grpc-default-executor-7] INFO  impl.FollowerInfo (FollowerInfo.java:lambda$new$0(50)) - 97096794-4d10-4cd1-9679-c7a18a289ffb->e74f9000-1f49-4295-bac2-6bdfe4b05d98: nextIndex: updateUnconditionally 2 -> 1
2019-08-28 22:29:47,221 [grpc-default-executor-4] WARN  server.GrpcLogAppender (LogUtils.java:warn(134)) - 97096794-4d10-4cd1-9679-c7a18a289ffb->e74f9000-1f49-4295-bac2-6bdfe4b05d98: Failed appendEntries: org.apache.ratis.thirdparty.io.grpc.StatusRuntimeException: UNAVAILABLE: io exception
2019-08-28 22:29:47,221 [grpc-default-executor-4] INFO  impl.FollowerInfo (FollowerInfo.java:lambda$new$0(50)) - 97096794-4d10-4cd1-9679-c7a18a289ffb->e74f9000-1f49-4295-bac2-6bdfe4b05d98: nextIndex: updateUnconditionally 2 -> 1
2019-08-28 22:29:47,407 | INFO  | SCMAudit | user=jenkins1000 | ip=192.168.36.111 | op=SEND_HEARTBEAT {datanodeUUID=da6bcafd-dc39-4560-8552-9102a185bf89, command=[]} | ret=SUCCESS |  
2019-08-28 22:29:47,411 | INFO  | SCMAudit | user=jenkins1000 | ip=192.168.36.111 | op=SEND_HEARTBEAT {datanodeUUID=97096794-4d10-4cd1-9679-c7a18a289ffb, command=[]} | ret=SUCCESS |  
2019-08-28 22:29:47,467 | INFO  | SCMAudit | user=jenkins1000 | ip=192.168.36.111 | op=SEND_HEARTBEAT {datanodeUUID=abdbdc2e-95e2-4fe0-a869-d51025a8c9fe, command=[]} | ret=SUCCESS |  
2019-08-28 22:29:47,528 | INFO  | SCMAudit | user=jenkins1000 | ip=192.168.36.111 | op=SEND_HEARTBEAT {datanodeUUID=78b24124-d29f-47d5-a706-e456f105062d, command=[]} | ret=SUCCESS |  
2019-08-28 22:29:47,595 | INFO  | SCMAudit | user=jenkins1000 | ip=192.168.36.111 | op=SEND_HEARTBEAT {datanodeUUID=e661242e-7c31-4a11-b0a8-eee9611e009e, command=[]} | ret=SUCCESS |  
2019-08-28 22:29:47,714 | INFO  | SCMAudit | user=jenkins1000 | ip=192.168.36.111 | op=SEND_HEARTBEAT {datanodeUUID=78712fcb-d0e6-4972-b983-ece35dfef904, command=[]} | ret=SUCCESS |  
2019-08-28 22:29:48,406 | INFO  | SCMAudit | user=jenkins1000 | ip=192.168.36.111 | op=SEND_HEARTBEAT {datanodeUUID=da6bcafd-dc39-4560-8552-9102a185bf89, command=[]} | ret=SUCCESS |  
2019-08-28 22:29:48,411 | INFO  | SCMAudit | user=jenkins1000 | ip=192.168.36.111 | op=SEND_HEARTBEAT {datanodeUUID=97096794-4d10-4cd1-9679-c7a18a289ffb, command=[]} | ret=SUCCESS |  
2019-08-28 22:29:48,466 | INFO  | SCMAudit | user=jenkins1000 | ip=192.168.36.111 | op=SEND_HEARTBEAT {datanodeUUID=abdbdc2e-95e2-4fe0-a869-d51025a8c9fe, command=[]} | ret=SUCCESS |  
2019-08-28 22:29:48,528 | INFO  | SCMAudit | user=jenkins1000 | ip=192.168.36.111 | op=SEND_HEARTBEAT {datanodeUUID=78b24124-d29f-47d5-a706-e456f105062d, command=[]} | ret=SUCCESS |  
2019-08-28 22:29:48,595 | INFO  | SCMAudit | user=jenkins1000 | ip=192.168.36.111 | op=SEND_HEARTBEAT {datanodeUUID=e661242e-7c31-4a11-b0a8-eee9611e009e, command=[]} | ret=SUCCESS |  
2019-08-28 22:29:48,715 | INFO  | SCMAudit | user=jenkins1000 | ip=192.168.36.111 | op=SEND_HEARTBEAT {datanodeUUID=78712fcb-d0e6-4972-b983-ece35dfef904, command=[]} | ret=SUCCESS |  
2019-08-28 22:29:49,183 | ERROR | DNAudit | user=null | ip=null | op=WRITE_CHUNK {blockData=conID: 1 locID: 102696967005077517 bcsId: 12} | ret=FAILURE | org.apache.hadoop.hdds.scm.container.common.helpers.ContainerNotOpenException: Container 1 in CLOSING state
	at org.apache.hadoop.ozone.container.common.impl.HddsDispatcher.validateContainerCommand(HddsDispatcher.java:408)
	at org.apache.hadoop.ozone.container.common.transport.server.ratis.ContainerStateMachine.startTransaction(ContainerStateMachine.java:310) 
2019-08-28 22:29:49,191 [grpc-default-executor-7] INFO  client.GrpcClientProtocolClient (GrpcClientProtocolClient.java:onNext(255)) - client-7FF5BE5E004C->97096794-4d10-4cd1-9679-c7a18a289ffb: receive RaftClientReply:client-7FF5BE5E004C->97096794-4d10-4cd1-9679-c7a18a289ffb@group-5E79B7FD0278, cid=184, FAILED org.apache.ratis.protocol.StateMachineException: org.apache.hadoop.hdds.scm.container.common.helpers.ContainerNotOpenException from Server 97096794-4d10-4cd1-9679-c7a18a289ffb: Container 1 in CLOSING state, logIndex=0, commits[97096794-4d10-4cd1-9679-c7a18a289ffb:c16, abdbdc2e-95e2-4fe0-a869-d51025a8c9fe:c15, e74f9000-1f49-4295-bac2-6bdfe4b05d98:c14]
2019-08-28 22:29:49,193 | ERROR | DNAudit | user=null | ip=null | op=WRITE_CHUNK {blockData=conID: 1 locID: 102696967005077517 bcsId: 12} | ret=FAILURE | org.apache.hadoop.hdds.scm.container.common.helpers.ContainerNotOpenException: Container 1 in CLOSING state
	at org.apache.hadoop.ozone.container.common.impl.HddsDispatcher.validateContainerCommand(HddsDispatcher.java:408)
	at org.apache.hadoop.ozone.container.common.transport.server.ratis.ContainerStateMachine.startTransaction(ContainerStateMachine.java:310) 
2019-08-28 22:29:49,215 | ERROR | DNAudit | user=null | ip=null | op=PUT_BLOCK {blockData=[blockId=conID: 1 locID: 102696967005077517 bcsId: 0,size=650]} | ret=FAILURE | org.apache.hadoop.hdds.scm.container.common.helpers.ContainerNotOpenException: Container 1 in CLOSING state
	at org.apache.hadoop.ozone.container.common.impl.HddsDispatcher.validateContainerCommand(HddsDispatcher.java:408)
	at org.apache.hadoop.ozone.container.common.transport.server.ratis.ContainerStateMachine.startTransaction(ContainerStateMachine.java:310) 
2019-08-28 22:29:49,216 [grpc-default-executor-7] INFO  client.GrpcClientProtocolClient (GrpcClientProtocolClient.java:onNext(255)) - client-7FF5BE5E004C->97096794-4d10-4cd1-9679-c7a18a289ffb: receive RaftClientReply:client-7FF5BE5E004C->97096794-4d10-4cd1-9679-c7a18a289ffb@group-5E79B7FD0278, cid=185, FAILED org.apache.ratis.protocol.StateMachineException: org.apache.hadoop.hdds.scm.container.common.helpers.ContainerNotOpenException from Server 97096794-4d10-4cd1-9679-c7a18a289ffb: Container 1 in CLOSING state, logIndex=0, commits[97096794-4d10-4cd1-9679-c7a18a289ffb:c16, abdbdc2e-95e2-4fe0-a869-d51025a8c9fe:c15, e74f9000-1f49-4295-bac2-6bdfe4b05d98:c14]
2019-08-28 22:29:49,216 | ERROR | DNAudit | user=null | ip=null | op=WRITE_CHUNK {blockData=conID: 1 locID: 102696967005077517 bcsId: 12} | ret=FAILURE | org.apache.hadoop.hdds.scm.container.common.helpers.ContainerNotOpenException: Container 1 in CLOSING state
	at org.apache.hadoop.ozone.container.common.impl.HddsDispatcher.validateContainerCommand(HddsDispatcher.java:408)
	at org.apache.hadoop.ozone.container.common.transport.server.ratis.ContainerStateMachine.startTransaction(ContainerStateMachine.java:310) 
2019-08-28 22:29:49,224 [grpc-default-executor-7] INFO  client.GrpcClientProtocolClient (GrpcClientProtocolClient.java:onNext(255)) - client-7FF5BE5E004C->97096794-4d10-4cd1-9679-c7a18a289ffb: receive RaftClientReply:client-7FF5BE5E004C->97096794-4d10-4cd1-9679-c7a18a289ffb@group-5E79B7FD0278, cid=186, FAILED org.apache.ratis.protocol.StateMachineException: org.apache.hadoop.hdds.scm.container.common.helpers.ContainerNotOpenException from Server 97096794-4d10-4cd1-9679-c7a18a289ffb: Container 1 in CLOSING state, logIndex=0, commits[97096794-4d10-4cd1-9679-c7a18a289ffb:c16, abdbdc2e-95e2-4fe0-a869-d51025a8c9fe:c15, e74f9000-1f49-4295-bac2-6bdfe4b05d98:c14]
2019-08-28 22:29:49,224 | ERROR | DNAudit | user=null | ip=null | op=WRITE_CHUNK {blockData=conID: 1 locID: 102696967005077517 bcsId: 12} | ret=FAILURE | org.apache.hadoop.hdds.scm.container.common.helpers.ContainerNotOpenException: Container 1 in CLOSING state
	at org.apache.hadoop.ozone.container.common.impl.HddsDispatcher.validateContainerCommand(HddsDispatcher.java:408)
	at org.apache.hadoop.ozone.container.common.transport.server.ratis.ContainerStateMachine.startTransaction(ContainerStateMachine.java:310) 
2019-08-28 22:29:49,225 | ERROR | DNAudit | user=null | ip=null | op=PUT_BLOCK {blockData=[blockId=conID: 1 locID: 102696967005077517 bcsId: 0,size=800]} | ret=FAILURE | org.apache.hadoop.hdds.scm.container.common.helpers.ContainerNotOpenException: Container 1 in CLOSING state
	at org.apache.hadoop.ozone.container.common.impl.HddsDispatcher.validateContainerCommand(HddsDispatcher.java:408)
	at org.apache.hadoop.ozone.container.common.transport.server.ratis.ContainerStateMachine.startTransaction(ContainerStateMachine.java:310) 
2019-08-28 22:29:49,225 [grpc-default-executor-7] INFO  client.GrpcClientProtocolClient (GrpcClientProtocolClient.java:onNext(255)) - client-7FF5BE5E004C->97096794-4d10-4cd1-9679-c7a18a289ffb: receive RaftClientReply:client-7FF5BE5E004C->97096794-4d10-4cd1-9679-c7a18a289ffb@group-5E79B7FD0278, cid=187, FAILED org.apache.ratis.protocol.StateMachineException: org.apache.hadoop.hdds.scm.container.common.helpers.ContainerNotOpenException from Server 97096794-4d10-4cd1-9679-c7a18a289ffb: Container 1 in CLOSING state, logIndex=0, commits[97096794-4d10-4cd1-9679-c7a18a289ffb:c16, abdbdc2e-95e2-4fe0-a869-d51025a8c9fe:c15, e74f9000-1f49-4295-bac2-6bdfe4b05d98:c14]
2019-08-28 22:29:49,232 [grpc-default-executor-4] INFO  client.GrpcClientProtocolClient (GrpcClientProtocolClient.java:onNext(255)) - client-7FF5BE5E004C->97096794-4d10-4cd1-9679-c7a18a289ffb: receive RaftClientReply:client-7FF5BE5E004C->97096794-4d10-4cd1-9679-c7a18a289ffb@group-5E79B7FD0278, cid=188, FAILED org.apache.ratis.protocol.StateMachineException: org.apache.hadoop.hdds.scm.container.common.helpers.ContainerNotOpenException from Server 97096794-4d10-4cd1-9679-c7a18a289ffb: Container 1 in CLOSING state, logIndex=0, commits[97096794-4d10-4cd1-9679-c7a18a289ffb:c16, abdbdc2e-95e2-4fe0-a869-d51025a8c9fe:c15, e74f9000-1f49-4295-bac2-6bdfe4b05d98:c14]
2019-08-28 22:29:49,234 [grpc-default-executor-4] INFO  client.GrpcClientProtocolClient (GrpcClientProtocolClient.java:onNext(255)) - client-7FF5BE5E004C->97096794-4d10-4cd1-9679-c7a18a289ffb: receive RaftClientReply:client-7FF5BE5E004C->97096794-4d10-4cd1-9679-c7a18a289ffb@group-5E79B7FD0278, cid=189, FAILED org.apache.ratis.protocol.StateMachineException: org.apache.hadoop.hdds.scm.container.common.helpers.ContainerNotOpenException from Server 97096794-4d10-4cd1-9679-c7a18a289ffb: Container 1 in CLOSING state, logIndex=0, commits[97096794-4d10-4cd1-9679-c7a18a289ffb:c16, abdbdc2e-95e2-4fe0-a869-d51025a8c9fe:c15, e74f9000-1f49-4295-bac2-6bdfe4b05d98:c14]
2019-08-28 22:29:49,272 | INFO  | SCMAudit | user=jenkins1000 | ip=127.0.0.1 | op=ALLOCATE_BLOCK {owner=a857c241-ea68-4dbe-89c0-2255cd7d5cbc, size=800, type=RATIS, factor=THREE} | ret=SUCCESS |  
2019-08-28 22:29:49,275 | INFO  | OMAudit | user=jenkins1000 | ip=127.0.0.1 | op=ALLOCATE_BLOCK {volume=testblockoutputstream, bucket=testblockoutputstream, key=f6679e7f-fdca-4af6-9f7a-1c834b1965b5, dataSize=800, replicationType=RATIS, replicationFactor=THREE, keyLocationInfo=[], clientID=102696967005274126} | ret=SUCCESS |  
2019-08-28 22:29:49,286 [grpc-default-executor-4] INFO  client.GrpcClientProtocolClient (GrpcClientProtocolClient.java:onNext(255)) - client-6613C0D68789->da6bcafd-dc39-4560-8552-9102a185bf89: receive RaftClientReply:client-6613C0D68789->da6bcafd-dc39-4560-8552-9102a185bf89@group-3CA1E3F135FE, cid=190, FAILED org.apache.ratis.protocol.NotLeaderException: Server da6bcafd-dc39-4560-8552-9102a185bf89 is not the leader (78b24124-d29f-47d5-a706-e456f105062d:192.168.36.111:33087). Request must be sent to leader., logIndex=0, commits[da6bcafd-dc39-4560-8552-9102a185bf89:c0, 78b24124-d29f-47d5-a706-e456f105062d:c0, 78712fcb-d0e6-4972-b983-ece35dfef904:c0]
2019-08-28 22:29:49,407 | INFO  | SCMAudit | user=jenkins1000 | ip=192.168.36.111 | op=SEND_HEARTBEAT {datanodeUUID=da6bcafd-dc39-4560-8552-9102a185bf89, command=[]} | ret=SUCCESS |  
2019-08-28 22:29:49,411 | INFO  | SCMAudit | user=jenkins1000 | ip=192.168.36.111 | op=SEND_HEARTBEAT {datanodeUUID=97096794-4d10-4cd1-9679-c7a18a289ffb, command=[]} | ret=SUCCESS |  
2019-08-28 22:29:49,466 | INFO  | SCMAudit | user=jenkins1000 | ip=192.168.36.111 | op=SEND_HEARTBEAT {datanodeUUID=abdbdc2e-95e2-4fe0-a869-d51025a8c9fe, command=[]} | ret=SUCCESS |  
2019-08-28 22:29:49,485 | INFO  | DNAudit | user=null | ip=null | op=WRITE_CHUNK {blockData=conID: 2 locID: 102696969127329807 bcsId: 0} | ret=SUCCESS |  
2019-08-28 22:29:49,485 | INFO  | DNAudit | user=null | ip=null | op=WRITE_CHUNK {blockData=conID: 2 locID: 102696969127329807 bcsId: 0} | ret=SUCCESS |  
2019-08-28 22:29:49,485 | INFO  | DNAudit | user=null | ip=null | op=WRITE_CHUNK {blockData=conID: 2 locID: 102696969127329807 bcsId: 0} | ret=SUCCESS |  
2019-08-28 22:29:49,485 | INFO  | SCMAudit | user=jenkins1000 | ip=192.168.36.111 | op=SEND_HEARTBEAT {datanodeUUID=78b24124-d29f-47d5-a706-e456f105062d, command=[]} | ret=SUCCESS |  
2019-08-28 22:29:49,485 | INFO  | SCMAudit | user=jenkins1000 | ip=192.168.36.111 | op=SEND_HEARTBEAT {datanodeUUID=da6bcafd-dc39-4560-8552-9102a185bf89, command=[]} | ret=SUCCESS |  
2019-08-28 22:29:49,485 | INFO  | SCMAudit | user=jenkins1000 | ip=192.168.36.111 | op=SEND_HEARTBEAT {datanodeUUID=78712fcb-d0e6-4972-b983-ece35dfef904, command=[]} | ret=SUCCESS |  
2019-08-28 22:29:49,495 | INFO  | DNAudit | user=null | ip=null | op=WRITE_CHUNK {blockData=conID: 2 locID: 102696969127329807 bcsId: 0} | ret=SUCCESS |  
2019-08-28 22:29:49,499 [grpc-default-executor-4] INFO  client.GrpcClientProtocolClient (GrpcClientProtocolClient.java:onNext(255)) - client-6613C0D68789->78b24124-d29f-47d5-a706-e456f105062d: receive RaftClientReply:client-6613C0D68789->78b24124-d29f-47d5-a706-e456f105062d@group-3CA1E3F135FE, cid=190, SUCCESS, logIndex=1, commits[78b24124-d29f-47d5-a706-e456f105062d:c1, 78712fcb-d0e6-4972-b983-ece35dfef904:c0, da6bcafd-dc39-4560-8552-9102a185bf89:c0]
2019-08-28 22:29:49,502 | INFO  | DNAudit | user=null | ip=null | op=WRITE_CHUNK {blockData=conID: 2 locID: 102696969127329807 bcsId: 0} | ret=SUCCESS |  
2019-08-28 22:29:49,505 | INFO  | DNAudit | user=null | ip=null | op=WRITE_CHUNK {blockData=conID: 2 locID: 102696969127329807 bcsId: 0} | ret=SUCCESS |  
2019-08-28 22:29:49,505 | INFO  | DNAudit | user=null | ip=null | op=WRITE_CHUNK {blockData=conID: 2 locID: 102696969127329807 bcsId: 0} | ret=SUCCESS |  
2019-08-28 22:29:49,505 | INFO  | DNAudit | user=null | ip=null | op=WRITE_CHUNK {blockData=conID: 2 locID: 102696969127329807 bcsId: 0} | ret=SUCCESS |  
2019-08-28 22:29:49,506 | INFO  | DNAudit | user=null | ip=null | op=WRITE_CHUNK {blockData=conID: 2 locID: 102696969127329807 bcsId: 0} | ret=SUCCESS |  
2019-08-28 22:29:49,506 | INFO  | DNAudit | user=null | ip=null | op=WRITE_CHUNK {blockData=conID: 2 locID: 102696969127329807 bcsId: 0} | ret=SUCCESS |  
2019-08-28 22:29:49,506 | INFO  | DNAudit | user=null | ip=null | op=WRITE_CHUNK {blockData=conID: 2 locID: 102696969127329807 bcsId: 0} | ret=SUCCESS |  
2019-08-28 22:29:49,514 | INFO  | DNAudit | user=null | ip=null | op=WRITE_CHUNK {blockData=conID: 2 locID: 102696969127329807 bcsId: 0} | ret=SUCCESS |  
2019-08-28 22:29:49,514 | INFO  | DNAudit | user=null | ip=null | op=WRITE_CHUNK {blockData=conID: 2 locID: 102696969127329807 bcsId: 0} | ret=SUCCESS |  
2019-08-28 22:29:49,515 | INFO  | DNAudit | user=null | ip=null | op=WRITE_CHUNK {blockData=conID: 2 locID: 102696969127329807 bcsId: 0} | ret=SUCCESS |  
2019-08-28 22:29:49,515 | INFO  | DNAudit | user=null | ip=null | op=WRITE_CHUNK {blockData=conID: 2 locID: 102696969127329807 bcsId: 0} | ret=SUCCESS |  
2019-08-28 22:29:49,515 | INFO  | DNAudit | user=null | ip=null | op=WRITE_CHUNK {blockData=conID: 2 locID: 102696969127329807 bcsId: 0} | ret=SUCCESS |  
2019-08-28 22:29:49,520 [grpc-default-executor-8] INFO  client.GrpcClientProtocolClient (GrpcClientProtocolClient.java:onNext(255)) - client-6613C0D68789->78b24124-d29f-47d5-a706-e456f105062d: receive RaftClientReply:client-6613C0D68789->78b24124-d29f-47d5-a706-e456f105062d@group-3CA1E3F135FE, cid=191, SUCCESS, logIndex=3, commits[78b24124-d29f-47d5-a706-e456f105062d:c4, 78712fcb-d0e6-4972-b983-ece35dfef904:c1, da6bcafd-dc39-4560-8552-9102a185bf89:c1]
2019-08-28 22:29:49,526 | INFO  | DNAudit | user=null | ip=null | op=WRITE_CHUNK {blockData=conID: 2 locID: 102696969127329807 bcsId: 0} | ret=SUCCESS |  
2019-08-28 22:29:49,539 | INFO  | DNAudit | user=null | ip=null | op=WRITE_CHUNK {blockData=conID: 2 locID: 102696969127329807 bcsId: 0} | ret=SUCCESS |  
2019-08-28 22:29:49,596 | INFO  | SCMAudit | user=jenkins1000 | ip=192.168.36.111 | op=SEND_HEARTBEAT {datanodeUUID=e661242e-7c31-4a11-b0a8-eee9611e009e, command=[]} | ret=SUCCESS |  
2019-08-28 22:29:49,624 | INFO  | DNAudit | user=null | ip=null | op=PUT_BLOCK {blockData=[blockId=conID: 2 locID: 102696969127329807 bcsId: 0,size=200]} | ret=SUCCESS |  
2019-08-28 22:29:49,625 | INFO  | DNAudit | user=null | ip=null | op=WRITE_CHUNK {blockData=conID: 2 locID: 102696969127329807 bcsId: 0} | ret=SUCCESS |  
2019-08-28 22:29:49,625 | INFO  | DNAudit | user=null | ip=null | op=WRITE_CHUNK {blockData=conID: 2 locID: 102696969127329807 bcsId: 0} | ret=SUCCESS |  
2019-08-28 22:29:49,625 [grpc-default-executor-7] INFO  client.GrpcClientProtocolClient (GrpcClientProtocolClient.java:onNext(255)) - client-6613C0D68789->78b24124-d29f-47d5-a706-e456f105062d: receive RaftClientReply:client-6613C0D68789->78b24124-d29f-47d5-a706-e456f105062d@group-3CA1E3F135FE, cid=192, SUCCESS, logIndex=4, commits[78b24124-d29f-47d5-a706-e456f105062d:c12, 78712fcb-d0e6-4972-b983-ece35dfef904:c7, da6bcafd-dc39-4560-8552-9102a185bf89:c7]
2019-08-28 22:29:49,626 [grpc-default-executor-7] INFO  client.GrpcClientProtocolClient (GrpcClientProtocolClient.java:onNext(255)) - client-6613C0D68789->78b24124-d29f-47d5-a706-e456f105062d: receive RaftClientReply:client-6613C0D68789->78b24124-d29f-47d5-a706-e456f105062d@group-3CA1E3F135FE, cid=193, SUCCESS, logIndex=5, commits[78b24124-d29f-47d5-a706-e456f105062d:c12, 78712fcb-d0e6-4972-b983-ece35dfef904:c7, da6bcafd-dc39-4560-8552-9102a185bf89:c7]
2019-08-28 22:29:49,627 [grpc-default-executor-7] INFO  client.GrpcClientProtocolClient (GrpcClientProtocolClient.java:onNext(255)) - client-6613C0D68789->78b24124-d29f-47d5-a706-e456f105062d: receive RaftClientReply:client-6613C0D68789->78b24124-d29f-47d5-a706-e456f105062d@group-3CA1E3F135FE, cid=194, SUCCESS, logIndex=6, commits[78b24124-d29f-47d5-a706-e456f105062d:c12, 78712fcb-d0e6-4972-b983-ece35dfef904:c7, da6bcafd-dc39-4560-8552-9102a185bf89:c7]
2019-08-28 22:29:49,720 [grpc-default-executor-7] WARN  server.GrpcLogAppender (LogUtils.java:warn(134)) - 97096794-4d10-4cd1-9679-c7a18a289ffb->e74f9000-1f49-4295-bac2-6bdfe4b05d98: Failed appendEntries: org.apache.ratis.thirdparty.io.grpc.StatusRuntimeException: UNAVAILABLE: io exception
2019-08-28 22:29:49,721 [grpc-default-executor-7] INFO  impl.FollowerInfo (FollowerInfo.java:lambda$new$0(50)) - 97096794-4d10-4cd1-9679-c7a18a289ffb->e74f9000-1f49-4295-bac2-6bdfe4b05d98: nextIndex: updateUnconditionally 1 -> 0
2019-08-28 22:29:49,765 | INFO  | DNAudit | user=null | ip=null | op=PUT_BLOCK {blockData=[blockId=conID: 2 locID: 102696969127329807 bcsId: 0,size=200]} | ret=SUCCESS |  
2019-08-28 22:29:49,766 | INFO  | DNAudit | user=null | ip=null | op=WRITE_CHUNK {blockData=conID: 2 locID: 102696969127329807 bcsId: 0} | ret=SUCCESS |  
2019-08-28 22:29:49,767 | INFO  | DNAudit | user=null | ip=null | op=WRITE_CHUNK {blockData=conID: 2 locID: 102696969127329807 bcsId: 0} | ret=SUCCESS |  
2019-08-28 22:29:49,872 | INFO  | DNAudit | user=null | ip=null | op=PUT_BLOCK {blockData=[blockId=conID: 2 locID: 102696969127329807 bcsId: 0,size=400]} | ret=SUCCESS |  
2019-08-28 22:29:49,872 | INFO  | DNAudit | user=null | ip=null | op=PUT_BLOCK {blockData=[blockId=conID: 2 locID: 102696969127329807 bcsId: 0,size=400]} | ret=SUCCESS |  
2019-08-28 22:29:49,874 [grpc-default-executor-7] INFO  client.GrpcClientProtocolClient (GrpcClientProtocolClient.java:onNext(255)) - client-6613C0D68789->78b24124-d29f-47d5-a706-e456f105062d: receive RaftClientReply:client-6613C0D68789->78b24124-d29f-47d5-a706-e456f105062d@group-3CA1E3F135FE, cid=195, SUCCESS, logIndex=7, commits[78b24124-d29f-47d5-a706-e456f105062d:c12, 78712fcb-d0e6-4972-b983-ece35dfef904:c7, da6bcafd-dc39-4560-8552-9102a185bf89:c7]
2019-08-28 22:29:49,882 | INFO  | DNAudit | user=null | ip=null | op=PUT_BLOCK {blockData=[blockId=conID: 2 locID: 102696969127329807 bcsId: 0,size=200]} | ret=SUCCESS |  
2019-08-28 22:29:49,882 | INFO  | DNAudit | user=null | ip=null | op=WRITE_CHUNK {blockData=conID: 2 locID: 102696969127329807 bcsId: 7} | ret=SUCCESS |  
2019-08-28 22:29:49,882 | INFO  | DNAudit | user=null | ip=null | op=WRITE_CHUNK {blockData=conID: 2 locID: 102696969127329807 bcsId: 0} | ret=SUCCESS |  
2019-08-28 22:29:49,883 | INFO  | DNAudit | user=null | ip=null | op=WRITE_CHUNK {blockData=conID: 2 locID: 102696969127329807 bcsId: 0} | ret=SUCCESS |  
2019-08-28 22:29:49,883 | INFO  | DNAudit | user=null | ip=null | op=WRITE_CHUNK {blockData=conID: 2 locID: 102696969127329807 bcsId: 7} | ret=SUCCESS |  
2019-08-28 22:29:49,884 | INFO  | DNAudit | user=null | ip=null | op=WRITE_CHUNK {blockData=conID: 2 locID: 102696969127329807 bcsId: 7} | ret=SUCCESS |  
2019-08-28 22:29:49,884 | INFO  | DNAudit | user=null | ip=null | op=PUT_BLOCK {blockData=[blockId=conID: 2 locID: 102696969127329807 bcsId: 0,size=400]} | ret=SUCCESS |  
2019-08-28 22:29:49,906 | INFO  | DNAudit | user=null | ip=null | op=WRITE_CHUNK {blockData=conID: 2 locID: 102696969127329807 bcsId: 7} | ret=SUCCESS |  
2019-08-28 22:29:49,927 | INFO  | DNAudit | user=null | ip=null | op=PUT_BLOCK {blockData=[blockId=conID: 2 locID: 102696969127329807 bcsId: 0,size=450]} | ret=SUCCESS |  
2019-08-28 22:29:49,928 [grpc-default-executor-7] INFO  client.GrpcClientProtocolClient (GrpcClientProtocolClient.java:onNext(255)) - client-6613C0D68789->78b24124-d29f-47d5-a706-e456f105062d: receive RaftClientReply:client-6613C0D68789->78b24124-d29f-47d5-a706-e456f105062d@group-3CA1E3F135FE, cid=196, SUCCESS, logIndex=13, commits[78b24124-d29f-47d5-a706-e456f105062d:c14, 78712fcb-d0e6-4972-b983-ece35dfef904:c12, da6bcafd-dc39-4560-8552-9102a185bf89:c12]
2019-08-28 22:29:49,929 [grpc-default-executor-7] INFO  client.GrpcClientProtocolClient (GrpcClientProtocolClient.java:onNext(255)) - client-6613C0D68789->78b24124-d29f-47d5-a706-e456f105062d: receive RaftClientReply:client-6613C0D68789->78b24124-d29f-47d5-a706-e456f105062d@group-3CA1E3F135FE, cid=197, SUCCESS, logIndex=14, commits[78b24124-d29f-47d5-a706-e456f105062d:c14, 78712fcb-d0e6-4972-b983-ece35dfef904:c12, da6bcafd-dc39-4560-8552-9102a185bf89:c12]
2019-08-28 22:29:49,931 | INFO  | DNAudit | user=null | ip=null | op=WRITE_CHUNK {blockData=conID: 2 locID: 102696969127329807 bcsId: 7} | ret=SUCCESS |  
2019-08-28 22:29:49,931 | INFO  | DNAudit | user=null | ip=null | op=WRITE_CHUNK {blockData=conID: 2 locID: 102696969127329807 bcsId: 7} | ret=SUCCESS |  
2019-08-28 22:29:49,937 | INFO  | DNAudit | user=null | ip=null | op=PUT_BLOCK {blockData=[blockId=conID: 2 locID: 102696969127329807 bcsId: 0,size=450]} | ret=SUCCESS |  
2019-08-28 22:29:49,937 | INFO  | DNAudit | user=null | ip=null | op=PUT_BLOCK {blockData=[blockId=conID: 2 locID: 102696969127329807 bcsId: 0,size=450]} | ret=SUCCESS |  
2019-08-28 22:29:49,938 [grpc-default-executor-7] INFO  client.GrpcClientProtocolClient (GrpcClientProtocolClient.java:onNext(255)) - client-6613C0D68789->78b24124-d29f-47d5-a706-e456f105062d: receive RaftClientReply:client-6613C0D68789->78b24124-d29f-47d5-a706-e456f105062d@group-3CA1E3F135FE, cid=198, SUCCESS, logIndex=0, commits[78b24124-d29f-47d5-a706-e456f105062d:c15, 78712fcb-d0e6-4972-b983-ece35dfef904:c14, da6bcafd-dc39-4560-8552-9102a185bf89:c14]
2019-08-28 22:29:49,939 [main] INFO  ozone.MiniOzoneClusterImpl (MiniOzoneClusterImpl.java:shutdown(307)) - Shutting down the Mini Ozone Cluster
2019-08-28 22:29:49,940 | INFO  | SCMAudit | user=null | ip=null | op=GET_SCM_INFO null | ret=SUCCESS |  
2019-08-28 22:29:49,940 [main] INFO  ozone.MiniOzoneClusterImpl (MiniOzoneClusterImpl.java:stop(322)) - Stopping the Mini Ozone Cluster
2019-08-28 22:29:49,941 [main] INFO  ozone.MiniOzoneClusterImpl (MiniOzoneClusterImpl.java:stop(324)) - Stopping the OzoneManager
2019-08-28 22:29:49,941 [main] INFO  ipc.Server (Server.java:stop(3082)) - Stopping server on 32782
2019-08-28 22:29:49,951 [IPC Server listener on 32782] INFO  ipc.Server (Server.java:run(1185)) - Stopping IPC Server listener on 32782
2019-08-28 22:29:49,956 [main] INFO  ratis.OzoneManagerDoubleBuffer (OzoneManagerDoubleBuffer.java:stop(248)) - Stopping OMDoubleBuffer flush thread
2019-08-28 22:29:49,962 [IPC Server Responder] INFO  ipc.Server (Server.java:run(1319)) - Stopping IPC Server Responder
2019-08-28 22:29:49,962 [OMDoubleBufferFlushThread] INFO  ratis.OzoneManagerDoubleBuffer (OzoneManagerDoubleBuffer.java:flushTransactions(191)) - OMDoubleBuffer flush thread OMDoubleBufferFlushThread is interrupted and will exit. OMDoubleBufferFlushThread
2019-08-28 22:29:49,973 [main] INFO  utils.BackgroundService (BackgroundService.java:shutdown(148)) - Shutting down service KeyDeletingService
2019-08-28 22:29:49,975 [main] INFO  handler.ContextHandler (ContextHandler.java:doStop(910)) - Stopped o.e.j.w.WebAppContext@69a5c6be{/,null,UNAVAILABLE}{/ozoneManager}
2019-08-28 22:29:49,976 [main] INFO  server.AbstractConnector (AbstractConnector.java:doStop(318)) - Stopped ServerConnector@451e2fa9{HTTP/1.1,[http/1.1]}{0.0.0.0:0}
2019-08-28 22:29:49,976 [main] INFO  handler.ContextHandler (ContextHandler.java:doStop(910)) - Stopped o.e.j.s.ServletContextHandler@5ea7bc4{/static,file:///workdir/hadoop-ozone/integration-test/target/test-classes/webapps/static,UNAVAILABLE}
2019-08-28 22:29:49,977 [main] INFO  handler.ContextHandler (ContextHandler.java:doStop(910)) - Stopped o.e.j.s.ServletContextHandler@4652c74d{/logs,file:///workdir/hadoop-ozone/integration-test/target/log,UNAVAILABLE}
2019-08-28 22:29:49,980 [main] INFO  ozone.MiniOzoneClusterImpl (MiniOzoneClusterImpl.java:stop(330)) - Shutting the HddsDatanodes
2019-08-28 22:29:50,410 [Datanode State Machine Thread - 0] INFO  statemachine.DatanodeStateMachine (DatanodeStateMachine.java:lambda$startDaemon$0(350)) - Ozone container server started.
2019-08-28 22:29:50,466 [Datanode State Machine Thread - 0] INFO  statemachine.DatanodeStateMachine (DatanodeStateMachine.java:lambda$startDaemon$0(350)) - Ozone container server started.
2019-08-28 22:29:50,484 | INFO  | SCMAudit | user=jenkins1000 | ip=192.168.36.111 | op=SEND_HEARTBEAT {datanodeUUID=da6bcafd-dc39-4560-8552-9102a185bf89, command=[]} | ret=SUCCESS |  
2019-08-28 22:29:50,484 | INFO  | SCMAudit | user=jenkins1000 | ip=192.168.36.111 | op=SEND_HEARTBEAT {datanodeUUID=78b24124-d29f-47d5-a706-e456f105062d, command=[]} | ret=SUCCESS |  
2019-08-28 22:29:50,485 | INFO  | SCMAudit | user=jenkins1000 | ip=192.168.36.111 | op=SEND_HEARTBEAT {datanodeUUID=78712fcb-d0e6-4972-b983-ece35dfef904, command=[]} | ret=SUCCESS |  
2019-08-28 22:29:50,595 | INFO  | SCMAudit | user=jenkins1000 | ip=192.168.36.111 | op=SEND_HEARTBEAT {datanodeUUID=e661242e-7c31-4a11-b0a8-eee9611e009e, command=[]} | ret=SUCCESS |  
2019-08-28 22:29:51,485 | INFO  | SCMAudit | user=jenkins1000 | ip=192.168.36.111 | op=SEND_HEARTBEAT {datanodeUUID=78b24124-d29f-47d5-a706-e456f105062d, command=[]} | ret=SUCCESS |  
2019-08-28 22:29:51,485 | INFO  | SCMAudit | user=jenkins1000 | ip=192.168.36.111 | op=SEND_HEARTBEAT {datanodeUUID=da6bcafd-dc39-4560-8552-9102a185bf89, command=[]} | ret=SUCCESS |  
2019-08-28 22:29:51,486 | INFO  | SCMAudit | user=jenkins1000 | ip=192.168.36.111 | op=SEND_HEARTBEAT {datanodeUUID=78712fcb-d0e6-4972-b983-ece35dfef904, command=[]} | ret=SUCCESS |  
2019-08-28 22:29:51,596 | INFO  | SCMAudit | user=jenkins1000 | ip=192.168.36.111 | op=SEND_HEARTBEAT {datanodeUUID=e661242e-7c31-4a11-b0a8-eee9611e009e, command=[]} | ret=SUCCESS |  
2019-08-28 22:29:52,221 [grpc-default-executor-9] WARN  server.GrpcLogAppender (LogUtils.java:warn(134)) - 97096794-4d10-4cd1-9679-c7a18a289ffb->e74f9000-1f49-4295-bac2-6bdfe4b05d98: Failed appendEntries: org.apache.ratis.thirdparty.io.grpc.StatusRuntimeException: UNAVAILABLE: io exception
2019-08-28 22:29:52,222 [grpc-default-executor-9] INFO  impl.FollowerInfo (FollowerInfo.java:lambda$new$0(50)) - 97096794-4d10-4cd1-9679-c7a18a289ffb->e74f9000-1f49-4295-bac2-6bdfe4b05d98: nextIndex: updateUnconditionally 0 -> 0
2019-08-28 22:29:52,484 | INFO  | SCMAudit | user=jenkins1000 | ip=192.168.36.111 | op=SEND_HEARTBEAT {datanodeUUID=78b24124-d29f-47d5-a706-e456f105062d, command=[]} | ret=SUCCESS |  
2019-08-28 22:29:52,484 | INFO  | SCMAudit | user=jenkins1000 | ip=192.168.36.111 | op=SEND_HEARTBEAT {datanodeUUID=da6bcafd-dc39-4560-8552-9102a185bf89, command=[]} | ret=SUCCESS |  
2019-08-28 22:29:52,486 | INFO  | SCMAudit | user=jenkins1000 | ip=192.168.36.111 | op=SEND_HEARTBEAT {datanodeUUID=78712fcb-d0e6-4972-b983-ece35dfef904, command=[]} | ret=SUCCESS |  
2019-08-28 22:29:52,596 | INFO  | SCMAudit | user=jenkins1000 | ip=192.168.36.111 | op=SEND_HEARTBEAT {datanodeUUID=e661242e-7c31-4a11-b0a8-eee9611e009e, command=[]} | ret=SUCCESS |  
2019-08-28 22:29:53,485 | INFO  | SCMAudit | user=jenkins1000 | ip=192.168.36.111 | op=SEND_HEARTBEAT {datanodeUUID=78b24124-d29f-47d5-a706-e456f105062d, command=[]} | ret=SUCCESS |  
2019-08-28 22:29:53,485 | INFO  | SCMAudit | user=jenkins1000 | ip=192.168.36.111 | op=SEND_HEARTBEAT {datanodeUUID=da6bcafd-dc39-4560-8552-9102a185bf89, command=[]} | ret=SUCCESS |  
2019-08-28 22:29:53,485 | INFO  | SCMAudit | user=jenkins1000 | ip=192.168.36.111 | op=SEND_HEARTBEAT {datanodeUUID=78712fcb-d0e6-4972-b983-ece35dfef904, command=[]} | ret=SUCCESS |  
2019-08-28 22:29:53,596 | INFO  | SCMAudit | user=jenkins1000 | ip=192.168.36.111 | op=SEND_HEARTBEAT {datanodeUUID=e661242e-7c31-4a11-b0a8-eee9611e009e, command=[]} | ret=SUCCESS |  
2019-08-28 22:29:54,482 [EventQueue-StaleNodeForStaleNodeHandler] INFO  node.StaleNodeHandler (StaleNodeHandler.java:onMessage(58)) - Datanode 97096794-4d10-4cd1-9679-c7a18a289ffb{ip: 192.168.36.111, host: pr-hdds-1909-jt4r9-1943541209, networkLocation: /default-rack, certSerialId: null} moved to stale state. Finalizing its pipelines [PipelineID=216a9120-057b-4ad3-938c-5e79b7fd0278, PipelineID=6d9299b9-a336-408f-8de3-0f25206da914]
2019-08-28 22:29:54,482 [EventQueue-StaleNodeForStaleNodeHandler] INFO  pipeline.SCMPipelineManager (SCMPipelineManager.java:finalizeAndDestroyPipeline(309)) - destroying pipeline:Pipeline[ Id: 216a9120-057b-4ad3-938c-5e79b7fd0278, Nodes: e74f9000-1f49-4295-bac2-6bdfe4b05d98{ip: 192.168.36.111, host: pr-hdds-1909-jt4r9-1943541209, networkLocation: /default-rack, certSerialId: null}97096794-4d10-4cd1-9679-c7a18a289ffb{ip: 192.168.36.111, host: pr-hdds-1909-jt4r9-1943541209, networkLocation: /default-rack, certSerialId: null}abdbdc2e-95e2-4fe0-a869-d51025a8c9fe{ip: 192.168.36.111, host: pr-hdds-1909-jt4r9-1943541209, networkLocation: /default-rack, certSerialId: null}, Type:RATIS, Factor:THREE, State:CLOSED]
2019-08-28 22:29:54,482 [EventQueue-StaleNodeForStaleNodeHandler] INFO  pipeline.SCMPipelineManager (SCMPipelineManager.java:finalizeAndDestroyPipeline(309)) - destroying pipeline:Pipeline[ Id: 6d9299b9-a336-408f-8de3-0f25206da914, Nodes: 97096794-4d10-4cd1-9679-c7a18a289ffb{ip: 192.168.36.111, host: pr-hdds-1909-jt4r9-1943541209, networkLocation: /default-rack, certSerialId: null}, Type:RATIS, Factor:ONE, State:OPEN]
2019-08-28 22:29:54,483 [EventQueue-StaleNodeForStaleNodeHandler] INFO  pipeline.PipelineStateManager (PipelineStateManager.java:finalizePipeline(123)) - Pipeline Pipeline[ Id: 6d9299b9-a336-408f-8de3-0f25206da914, Nodes: 97096794-4d10-4cd1-9679-c7a18a289ffb{ip: 192.168.36.111, host: pr-hdds-1909-jt4r9-1943541209, networkLocation: /default-rack, certSerialId: null}, Type:RATIS, Factor:ONE, State:CLOSED] moved to CLOSED state
2019-08-28 22:29:54,483 [EventQueue-StaleNodeForStaleNodeHandler] INFO  node.StaleNodeHandler (StaleNodeHandler.java:onMessage(58)) - Datanode abdbdc2e-95e2-4fe0-a869-d51025a8c9fe{ip: 192.168.36.111, host: pr-hdds-1909-jt4r9-1943541209, networkLocation: /default-rack, certSerialId: null} moved to stale state. Finalizing its pipelines [PipelineID=216a9120-057b-4ad3-938c-5e79b7fd0278, PipelineID=ce1b960b-7671-4f8f-8886-ca1bb8f91842]
2019-08-28 22:29:54,483 [EventQueue-StaleNodeForStaleNodeHandler] INFO  pipeline.SCMPipelineManager (SCMPipelineManager.java:finalizeAndDestroyPipeline(309)) - destroying pipeline:Pipeline[ Id: 216a9120-057b-4ad3-938c-5e79b7fd0278, Nodes: e74f9000-1f49-4295-bac2-6bdfe4b05d98{ip: 192.168.36.111, host: pr-hdds-1909-jt4r9-1943541209, networkLocation: /default-rack, certSerialId: null}97096794-4d10-4cd1-9679-c7a18a289ffb{ip: 192.168.36.111, host: pr-hdds-1909-jt4r9-1943541209, networkLocation: /default-rack, certSerialId: null}abdbdc2e-95e2-4fe0-a869-d51025a8c9fe{ip: 192.168.36.111, host: pr-hdds-1909-jt4r9-1943541209, networkLocation: /default-rack, certSerialId: null}, Type:RATIS, Factor:THREE, State:CLOSED]
2019-08-28 22:29:54,483 [EventQueue-StaleNodeForStaleNodeHandler] INFO  pipeline.SCMPipelineManager (SCMPipelineManager.java:finalizeAndDestroyPipeline(309)) - destroying pipeline:Pipeline[ Id: ce1b960b-7671-4f8f-8886-ca1bb8f91842, Nodes: abdbdc2e-95e2-4fe0-a869-d51025a8c9fe{ip: 192.168.36.111, host: pr-hdds-1909-jt4r9-1943541209, networkLocation: /default-rack, certSerialId: null}, Type:RATIS, Factor:ONE, State:OPEN]
2019-08-28 22:29:54,483 [EventQueue-StaleNodeForStaleNodeHandler] INFO  pipeline.PipelineStateManager (PipelineStateManager.java:finalizePipeline(123)) - Pipeline Pipeline[ Id: ce1b960b-7671-4f8f-8886-ca1bb8f91842, Nodes: abdbdc2e-95e2-4fe0-a869-d51025a8c9fe{ip: 192.168.36.111, host: pr-hdds-1909-jt4r9-1943541209, networkLocation: /default-rack, certSerialId: null}, Type:RATIS, Factor:ONE, State:CLOSED] moved to CLOSED state
2019-08-28 22:29:54,484 | INFO  | SCMAudit | user=jenkins1000 | ip=192.168.36.111 | op=SEND_HEARTBEAT {datanodeUUID=da6bcafd-dc39-4560-8552-9102a185bf89, command=[]} | ret=SUCCESS |  
2019-08-28 22:29:54,484 | INFO  | SCMAudit | user=jenkins1000 | ip=192.168.36.111 | op=SEND_HEARTBEAT {datanodeUUID=78b24124-d29f-47d5-a706-e456f105062d, command=[]} | ret=SUCCESS |  
2019-08-28 22:29:54,485 | INFO  | SCMAudit | user=jenkins1000 | ip=192.168.36.111 | op=SEND_HEARTBEAT {datanodeUUID=78712fcb-d0e6-4972-b983-ece35dfef904, command=[]} | ret=SUCCESS |  
2019-08-28 22:29:54,596 | INFO  | SCMAudit | user=jenkins1000 | ip=192.168.36.111 | op=SEND_HEARTBEAT {datanodeUUID=e661242e-7c31-4a11-b0a8-eee9611e009e, command=[]} | ret=SUCCESS |  
2019-08-28 22:29:54,721 [grpc-default-executor-8] WARN  server.GrpcLogAppender (LogUtils.java:warn(134)) - 97096794-4d10-4cd1-9679-c7a18a289ffb->e74f9000-1f49-4295-bac2-6bdfe4b05d98: Failed appendEntries: org.apache.ratis.thirdparty.io.grpc.StatusRuntimeException: UNAVAILABLE: io exception
2019-08-28 22:29:54,722 [grpc-default-executor-8] INFO  impl.FollowerInfo (FollowerInfo.java:lambda$new$0(50)) - 97096794-4d10-4cd1-9679-c7a18a289ffb->e74f9000-1f49-4295-bac2-6bdfe4b05d98: nextIndex: updateUnconditionally 0 -> 0
2019-08-28 22:29:54,981 [ForkJoinPool.commonPool-worker-0] INFO  ozoneimpl.OzoneContainer (OzoneContainer.java:stop(215)) - Attempting to stop container services.
2019-08-28 22:29:54,981 [main] INFO  ozoneimpl.OzoneContainer (OzoneContainer.java:stop(215)) - Attempting to stop container services.
2019-08-28 22:29:54,982 [ForkJoinPool.commonPool-worker-0] INFO  impl.RaftServerProxy (RaftServerProxy.java:lambda$close$4(314)) - 97096794-4d10-4cd1-9679-c7a18a289ffb: close
2019-08-28 22:29:54,982 [main] INFO  impl.RaftServerProxy (RaftServerProxy.java:lambda$close$4(314)) - abdbdc2e-95e2-4fe0-a869-d51025a8c9fe: close
2019-08-28 22:29:54,983 [ForkJoinPool.commonPool-worker-0] INFO  impl.RaftServerImpl (RaftServerImpl.java:lambda$shutdown$3(245)) - 97096794-4d10-4cd1-9679-c7a18a289ffb: shutdown group-5E79B7FD0278
2019-08-28 22:29:54,983 [main] INFO  impl.RaftServerImpl (RaftServerImpl.java:lambda$shutdown$3(245)) - abdbdc2e-95e2-4fe0-a869-d51025a8c9fe: shutdown group-5E79B7FD0278
2019-08-28 22:29:54,983 [ForkJoinPool.commonPool-worker-0] INFO  util.JmxRegister (JmxRegister.java:unregister(73)) - Successfully un-registered JMX Bean with object name Ratis:service=RaftServer,group=group-5E79B7FD0278,id=97096794-4d10-4cd1-9679-c7a18a289ffb
2019-08-28 22:29:54,984 [main] INFO  util.JmxRegister (JmxRegister.java:unregister(73)) - Successfully un-registered JMX Bean with object name Ratis:service=RaftServer,group=group-5E79B7FD0278,id=abdbdc2e-95e2-4fe0-a869-d51025a8c9fe
2019-08-28 22:29:54,984 [main] INFO  impl.RoleInfo (RoleInfo.java:shutdownFollowerState(121)) - abdbdc2e-95e2-4fe0-a869-d51025a8c9fe: shutdown FollowerState
2019-08-28 22:29:54,984 [ForkJoinPool.commonPool-worker-0] INFO  impl.RoleInfo (RoleInfo.java:shutdownLeaderState(104)) - 97096794-4d10-4cd1-9679-c7a18a289ffb: shutdown LeaderState
2019-08-28 22:29:54,985 [StateMachineUpdater:abdbdc2e-95e2-4fe0-a869-d51025a8c9fe:group-5E79B7FD0278] INFO  ratis.ContainerStateMachine (ContainerStateMachine.java:takeSnapshot(284)) - group-5E79B7FD0278: Taking a snapshot at:(t:3, i:12) file /workdir/hadoop-ozone/integration-test/target/test-dir/MiniOzoneClusterImpl-cce2e0e6-0bf2-4ba0-8cd7-9d92f34a1712/datanode-4/data/ratis/216a9120-057b-4ad3-938c-5e79b7fd0278/sm/snapshot.3_12
2019-08-28 22:29:54,990 [ForkJoinPool.commonPool-worker-0] INFO  impl.PendingRequests (PendingRequests.java:sendNotLeaderResponses(202)) - 97096794-4d10-4cd1-9679-c7a18a289ffb-PendingRequests: sendNotLeaderResponses
2019-08-28 22:29:54,985 [Thread-4007] INFO  impl.FollowerState (FollowerState.java:run(114)) - abdbdc2e-95e2-4fe0-a869-d51025a8c9fe: FollowerState was interrupted: java.lang.InterruptedException: sleep interrupted
2019-08-28 22:29:54,985 [main] INFO  impl.StateMachineUpdater (StateMachineUpdater.java:stopAndJoin(115)) - StateMachineUpdater:abdbdc2e-95e2-4fe0-a869-d51025a8c9fe:group-5E79B7FD0278: set stopIndex = 16
2019-08-28 22:29:54,994 [StateMachineUpdater:97096794-4d10-4cd1-9679-c7a18a289ffb:group-5E79B7FD0278] INFO  ratis.ContainerStateMachine (ContainerStateMachine.java:takeSnapshot(284)) - group-5E79B7FD0278: Taking a snapshot at:(t:3, i:12) file /workdir/hadoop-ozone/integration-test/target/test-dir/MiniOzoneClusterImpl-cce2e0e6-0bf2-4ba0-8cd7-9d92f34a1712/datanode-1/data/ratis/216a9120-057b-4ad3-938c-5e79b7fd0278/sm/snapshot.3_12
2019-08-28 22:29:54,994 [ForkJoinPool.commonPool-worker-0] INFO  impl.StateMachineUpdater (StateMachineUpdater.java:stopAndJoin(115)) - StateMachineUpdater:97096794-4d10-4cd1-9679-c7a18a289ffb:group-5E79B7FD0278: set stopIndex = 16
2019-08-28 22:29:54,990 [org.apache.ratis.server.impl.LogAppender$AppenderDaemon$$Lambda$487/1528363967@41f1fbde] WARN  server.GrpcLogAppender (GrpcLogAppender.java:mayWait(143)) - GrpcLogAppender(97096794-4d10-4cd1-9679-c7a18a289ffb->abdbdc2e-95e2-4fe0-a869-d51025a8c9fe): Wait interrupted by java.lang.InterruptedException
2019-08-28 22:29:54,990 [org.apache.ratis.server.impl.LogAppender$AppenderDaemon$$Lambda$487/1528363967@2ccccdc6] WARN  server.GrpcLogAppender (GrpcLogAppender.java:mayWait(143)) - GrpcLogAppender(97096794-4d10-4cd1-9679-c7a18a289ffb->e74f9000-1f49-4295-bac2-6bdfe4b05d98): Wait interrupted by java.lang.InterruptedException
2019-08-28 22:29:54,995 [grpc-default-executor-7] INFO  server.GrpcServerProtocolService (GrpcServerProtocolService.java:onCompleted(104)) - abdbdc2e-95e2-4fe0-a869-d51025a8c9fe: appendEntries completed
2019-08-28 22:29:54,995 [grpc-default-executor-7] INFO  server.GrpcLogAppender (GrpcLogAppender.java:onCompleted(292)) - 97096794-4d10-4cd1-9679-c7a18a289ffb->abdbdc2e-95e2-4fe0-a869-d51025a8c9fe: follower responses appendEntries COMPLETED
2019-08-28 22:29:54,995 [grpc-default-executor-7] INFO  impl.FollowerInfo (FollowerInfo.java:lambda$new$0(50)) - 97096794-4d10-4cd1-9679-c7a18a289ffb->abdbdc2e-95e2-4fe0-a869-d51025a8c9fe: nextIndex: updateUnconditionally 17 -> 16
2019-08-28 22:29:55,017 [StateMachineUpdater:97096794-4d10-4cd1-9679-c7a18a289ffb:group-5E79B7FD0278] INFO  ratis.ContainerStateMachine (ContainerStateMachine.java:takeSnapshot(295)) - group-5E79B7FD0278: Finished taking a snapshot at:(t:3, i:12) file:/workdir/hadoop-ozone/integration-test/target/test-dir/MiniOzoneClusterImpl-cce2e0e6-0bf2-4ba0-8cd7-9d92f34a1712/datanode-1/data/ratis/216a9120-057b-4ad3-938c-5e79b7fd0278/sm/snapshot.3_12 time:23
2019-08-28 22:29:55,017 [StateMachineUpdater:abdbdc2e-95e2-4fe0-a869-d51025a8c9fe:group-5E79B7FD0278] INFO  ratis.ContainerStateMachine (ContainerStateMachine.java:takeSnapshot(295)) - group-5E79B7FD0278: Finished taking a snapshot at:(t:3, i:12) file:/workdir/hadoop-ozone/integration-test/target/test-dir/MiniOzoneClusterImpl-cce2e0e6-0bf2-4ba0-8cd7-9d92f34a1712/datanode-4/data/ratis/216a9120-057b-4ad3-938c-5e79b7fd0278/sm/snapshot.3_12 time:32
2019-08-28 22:29:55,017 [StateMachineUpdater:97096794-4d10-4cd1-9679-c7a18a289ffb:group-5E79B7FD0278] INFO  impl.StateMachineUpdater (StateMachineUpdater.java:takeSnapshot(242)) - StateMachineUpdater:97096794-4d10-4cd1-9679-c7a18a289ffb:group-5E79B7FD0278: Took a snapshot at index 12
2019-08-28 22:29:55,017 [StateMachineUpdater:abdbdc2e-95e2-4fe0-a869-d51025a8c9fe:group-5E79B7FD0278] INFO  impl.StateMachineUpdater (StateMachineUpdater.java:takeSnapshot(242)) - StateMachineUpdater:abdbdc2e-95e2-4fe0-a869-d51025a8c9fe:group-5E79B7FD0278: Took a snapshot at index 12
2019-08-28 22:29:55,017 [StateMachineUpdater:97096794-4d10-4cd1-9679-c7a18a289ffb:group-5E79B7FD0278] INFO  impl.StateMachineUpdater (StateMachineUpdater.java:lambda$new$0(80)) - StateMachineUpdater:97096794-4d10-4cd1-9679-c7a18a289ffb:group-5E79B7FD0278: snapshotIndex: updateIncreasingly -1 -> 12
2019-08-28 22:29:55,017 [StateMachineUpdater:abdbdc2e-95e2-4fe0-a869-d51025a8c9fe:group-5E79B7FD0278] INFO  impl.StateMachineUpdater (StateMachineUpdater.java:lambda$new$0(80)) - StateMachineUpdater:abdbdc2e-95e2-4fe0-a869-d51025a8c9fe:group-5E79B7FD0278: snapshotIndex: updateIncreasingly -1 -> 12
2019-08-28 22:29:55,018 [ForkJoinPool.commonPool-worker-0] INFO  impl.RaftServerImpl (ServerState.java:close(394)) - 97096794-4d10-4cd1-9679-c7a18a289ffb:group-5E79B7FD0278 closes. The last applied log index is 16
2019-08-28 22:29:55,018 [main] INFO  impl.RaftServerImpl (ServerState.java:close(394)) - abdbdc2e-95e2-4fe0-a869-d51025a8c9fe:group-5E79B7FD0278 closes. The last applied log index is 16
2019-08-28 22:29:55,018 [97096794-4d10-4cd1-9679-c7a18a289ffb-SegmentedRaftLogWorker:Storage Directory /workdir/hadoop-ozone/integration-test/target/test-dir/MiniOzoneClusterImpl-cce2e0e6-0bf2-4ba0-8cd7-9d92f34a1712/datanode-1/data/ratis/216a9120-057b-4ad3-938c-5e79b7fd0278] INFO  segmented.SegmentedRaftLogWorker (SegmentedRaftLogWorker.java:run(313)) - 97096794-4d10-4cd1-9679-c7a18a289ffb-SegmentedRaftLogWorker:Storage Directory /workdir/hadoop-ozone/integration-test/target/test-dir/MiniOzoneClusterImpl-cce2e0e6-0bf2-4ba0-8cd7-9d92f34a1712/datanode-1/data/ratis/216a9120-057b-4ad3-938c-5e79b7fd0278 was interrupted, exiting. There are 0 tasks remaining in the queue.
2019-08-28 22:29:55,019 [abdbdc2e-95e2-4fe0-a869-d51025a8c9fe-SegmentedRaftLogWorker:Storage Directory /workdir/hadoop-ozone/integration-test/target/test-dir/MiniOzoneClusterImpl-cce2e0e6-0bf2-4ba0-8cd7-9d92f34a1712/datanode-4/data/ratis/216a9120-057b-4ad3-938c-5e79b7fd0278] INFO  segmented.SegmentedRaftLogWorker (SegmentedRaftLogWorker.java:run(313)) - abdbdc2e-95e2-4fe0-a869-d51025a8c9fe-SegmentedRaftLogWorker:Storage Directory /workdir/hadoop-ozone/integration-test/target/test-dir/MiniOzoneClusterImpl-cce2e0e6-0bf2-4ba0-8cd7-9d92f34a1712/datanode-4/data/ratis/216a9120-057b-4ad3-938c-5e79b7fd0278 was interrupted, exiting. There are 0 tasks remaining in the queue.
2019-08-28 22:29:55,023 [ForkJoinPool.commonPool-worker-0] INFO  segmented.SegmentedRaftLogWorker (SegmentedRaftLogWorker.java:close(228)) - 97096794-4d10-4cd1-9679-c7a18a289ffb-SegmentedRaftLogWorker:Storage Directory /workdir/hadoop-ozone/integration-test/target/test-dir/MiniOzoneClusterImpl-cce2e0e6-0bf2-4ba0-8cd7-9d92f34a1712/datanode-1/data/ratis/216a9120-057b-4ad3-938c-5e79b7fd0278 close()
2019-08-28 22:29:55,023 [main] INFO  segmented.SegmentedRaftLogWorker (SegmentedRaftLogWorker.java:close(228)) - abdbdc2e-95e2-4fe0-a869-d51025a8c9fe-SegmentedRaftLogWorker:Storage Directory /workdir/hadoop-ozone/integration-test/target/test-dir/MiniOzoneClusterImpl-cce2e0e6-0bf2-4ba0-8cd7-9d92f34a1712/datanode-4/data/ratis/216a9120-057b-4ad3-938c-5e79b7fd0278 close()
2019-08-28 22:29:55,026 [ForkJoinPool.commonPool-worker-0] INFO  impl.RaftServerImpl (RaftServerImpl.java:lambda$shutdown$3(245)) - 97096794-4d10-4cd1-9679-c7a18a289ffb: shutdown group-0F25206DA914
2019-08-28 22:29:55,030 [main] INFO  impl.RaftServerImpl (RaftServerImpl.java:lambda$shutdown$3(245)) - abdbdc2e-95e2-4fe0-a869-d51025a8c9fe: shutdown group-CA1BB8F91842
2019-08-28 22:29:55,030 [ForkJoinPool.commonPool-worker-0] INFO  util.JmxRegister (JmxRegister.java:unregister(73)) - Successfully un-registered JMX Bean with object name Ratis:service=RaftServer,group=group-0F25206DA914,id=97096794-4d10-4cd1-9679-c7a18a289ffb
2019-08-28 22:29:55,030 [main] INFO  util.JmxRegister (JmxRegister.java:unregister(73)) - Successfully un-registered JMX Bean with object name Ratis:service=RaftServer,group=group-CA1BB8F91842,id=abdbdc2e-95e2-4fe0-a869-d51025a8c9fe
2019-08-28 22:29:55,030 [ForkJoinPool.commonPool-worker-0] INFO  impl.RoleInfo (RoleInfo.java:shutdownLeaderState(104)) - 97096794-4d10-4cd1-9679-c7a18a289ffb: shutdown LeaderState
2019-08-28 22:29:55,031 [main] INFO  impl.RoleInfo (RoleInfo.java:shutdownLeaderState(104)) - abdbdc2e-95e2-4fe0-a869-d51025a8c9fe: shutdown LeaderState
2019-08-28 22:29:55,031 [ForkJoinPool.commonPool-worker-0] INFO  impl.PendingRequests (PendingRequests.java:sendNotLeaderResponses(202)) - 97096794-4d10-4cd1-9679-c7a18a289ffb-PendingRequests: sendNotLeaderResponses
2019-08-28 22:29:55,031 [main] INFO  impl.PendingRequests (PendingRequests.java:sendNotLeaderResponses(202)) - abdbdc2e-95e2-4fe0-a869-d51025a8c9fe-PendingRequests: sendNotLeaderResponses
2019-08-28 22:29:55,031 [ForkJoinPool.commonPool-worker-0] INFO  impl.StateMachineUpdater (StateMachineUpdater.java:stopAndJoin(115)) - StateMachineUpdater:97096794-4d10-4cd1-9679-c7a18a289ffb:group-0F25206DA914: set stopIndex = 0
2019-08-28 22:29:55,032 [main] INFO  impl.StateMachineUpdater (StateMachineUpdater.java:stopAndJoin(115)) - StateMachineUpdater:abdbdc2e-95e2-4fe0-a869-d51025a8c9fe:group-CA1BB8F91842: set stopIndex = 0
2019-08-28 22:29:55,032 [ForkJoinPool.commonPool-worker-0] INFO  impl.RaftServerImpl (ServerState.java:close(394)) - 97096794-4d10-4cd1-9679-c7a18a289ffb:group-0F25206DA914 closes. The last applied log index is 0
2019-08-28 22:29:55,032 [main] INFO  impl.RaftServerImpl (ServerState.java:close(394)) - abdbdc2e-95e2-4fe0-a869-d51025a8c9fe:group-CA1BB8F91842 closes. The last applied log index is 0
2019-08-28 22:29:55,032 [97096794-4d10-4cd1-9679-c7a18a289ffb-SegmentedRaftLogWorker:Storage Directory /workdir/hadoop-ozone/integration-test/target/test-dir/MiniOzoneClusterImpl-cce2e0e6-0bf2-4ba0-8cd7-9d92f34a1712/datanode-1/data/ratis/6d9299b9-a336-408f-8de3-0f25206da914] INFO  segmented.SegmentedRaftLogWorker (SegmentedRaftLogWorker.java:run(313)) - 97096794-4d10-4cd1-9679-c7a18a289ffb-SegmentedRaftLogWorker:Storage Directory /workdir/hadoop-ozone/integration-test/target/test-dir/MiniOzoneClusterImpl-cce2e0e6-0bf2-4ba0-8cd7-9d92f34a1712/datanode-1/data/ratis/6d9299b9-a336-408f-8de3-0f25206da914 was interrupted, exiting. There are 0 tasks remaining in the queue.
2019-08-28 22:29:55,033 [abdbdc2e-95e2-4fe0-a869-d51025a8c9fe-SegmentedRaftLogWorker:Storage Directory /workdir/hadoop-ozone/integration-test/target/test-dir/MiniOzoneClusterImpl-cce2e0e6-0bf2-4ba0-8cd7-9d92f34a1712/datanode-4/data/ratis/ce1b960b-7671-4f8f-8886-ca1bb8f91842] INFO  segmented.SegmentedRaftLogWorker (SegmentedRaftLogWorker.java:run(313)) - abdbdc2e-95e2-4fe0-a869-d51025a8c9fe-SegmentedRaftLogWorker:Storage Directory /workdir/hadoop-ozone/integration-test/target/test-dir/MiniOzoneClusterImpl-cce2e0e6-0bf2-4ba0-8cd7-9d92f34a1712/datanode-4/data/ratis/ce1b960b-7671-4f8f-8886-ca1bb8f91842 was interrupted, exiting. There are 0 tasks remaining in the queue.
2019-08-28 22:29:55,035 [ForkJoinPool.commonPool-worker-0] INFO  segmented.SegmentedRaftLogWorker (SegmentedRaftLogWorker.java:close(228)) - 97096794-4d10-4cd1-9679-c7a18a289ffb-SegmentedRaftLogWorker:Storage Directory /workdir/hadoop-ozone/integration-test/target/test-dir/MiniOzoneClusterImpl-cce2e0e6-0bf2-4ba0-8cd7-9d92f34a1712/datanode-1/data/ratis/6d9299b9-a336-408f-8de3-0f25206da914 close()
2019-08-28 22:29:55,037 [main] INFO  segmented.SegmentedRaftLogWorker (SegmentedRaftLogWorker.java:close(228)) - abdbdc2e-95e2-4fe0-a869-d51025a8c9fe-SegmentedRaftLogWorker:Storage Directory /workdir/hadoop-ozone/integration-test/target/test-dir/MiniOzoneClusterImpl-cce2e0e6-0bf2-4ba0-8cd7-9d92f34a1712/datanode-4/data/ratis/ce1b960b-7671-4f8f-8886-ca1bb8f91842 close()
2019-08-28 22:29:55,041 [ForkJoinPool.commonPool-worker-0] INFO  server.GrpcService (GrpcService.java:closeImpl(155)) - 97096794-4d10-4cd1-9679-c7a18a289ffb: shutdown server with port 36537 now
2019-08-28 22:29:55,045 [main] INFO  server.GrpcService (GrpcService.java:closeImpl(155)) - abdbdc2e-95e2-4fe0-a869-d51025a8c9fe: shutdown server with port 43325 now
2019-08-28 22:29:55,045 [main] INFO  server.GrpcService (GrpcService.java:closeImpl(163)) - abdbdc2e-95e2-4fe0-a869-d51025a8c9fe: shutdown server with port 43325 successfully
2019-08-28 22:29:55,046 [ForkJoinPool.commonPool-worker-0] INFO  server.GrpcService (GrpcService.java:closeImpl(163)) - 97096794-4d10-4cd1-9679-c7a18a289ffb: shutdown server with port 36537 successfully
2019-08-28 22:29:55,050 [refreshUsed-/workdir/hadoop-ozone/integration-test/target/test-dir/MiniOzoneClusterImpl-cce2e0e6-0bf2-4ba0-8cd7-9d92f34a1712/datanode-4/data/containers] WARN  fs.CachingGetSpaceUsed (CachingGetSpaceUsed.java:run(183)) - Thread Interrupted waiting to refresh disk information: sleep interrupted
2019-08-28 22:29:55,055 [refreshUsed-/workdir/hadoop-ozone/integration-test/target/test-dir/MiniOzoneClusterImpl-cce2e0e6-0bf2-4ba0-8cd7-9d92f34a1712/datanode-1/data/containers] WARN  fs.CachingGetSpaceUsed (CachingGetSpaceUsed.java:run(183)) - Thread Interrupted waiting to refresh disk information: sleep interrupted
2019-08-28 22:29:55,067 [ForkJoinPool.commonPool-worker-0] INFO  utils.BackgroundService (BackgroundService.java:shutdown(148)) - Shutting down service BlockDeletingService
2019-08-28 22:29:55,068 [main] INFO  utils.BackgroundService (BackgroundService.java:shutdown(148)) - Shutting down service BlockDeletingService
2019-08-28 22:29:55,073 [ForkJoinPool.commonPool-worker-0] INFO  statemachine.DatanodeStateMachine (DatanodeStateMachine.java:stopDaemon(395)) - Ozone container server stopped.
2019-08-28 22:29:55,077 [main] INFO  statemachine.DatanodeStateMachine (DatanodeStateMachine.java:stopDaemon(395)) - Ozone container server stopped.
2019-08-28 22:29:55,080 [main] INFO  handler.ContextHandler (ContextHandler.java:doStop(910)) - Stopped o.e.j.w.WebAppContext@7cd5fcf4{/,null,UNAVAILABLE}{/hddsDatanode}
2019-08-28 22:29:55,082 [ForkJoinPool.commonPool-worker-0] INFO  handler.ContextHandler (ContextHandler.java:doStop(910)) - Stopped o.e.j.w.WebAppContext@4d4c1ba9{/,null,UNAVAILABLE}{/hddsDatanode}
2019-08-28 22:29:55,082 [main] INFO  server.AbstractConnector (AbstractConnector.java:doStop(318)) - Stopped ServerConnector@19cdc217{HTTP/1.1,[http/1.1]}{0.0.0.0:0}
2019-08-28 22:29:55,082 [ForkJoinPool.commonPool-worker-0] INFO  server.AbstractConnector (AbstractConnector.java:doStop(318)) - Stopped ServerConnector@2017f6e6{HTTP/1.1,[http/1.1]}{0.0.0.0:0}
2019-08-28 22:29:55,082 [main] INFO  handler.ContextHandler (ContextHandler.java:doStop(910)) - Stopped o.e.j.s.ServletContextHandler@9785903{/static,jar:file:/home/user/.m2/repository/org/apache/hadoop/hadoop-hdds-container-service/0.5.0-SNAPSHOT/hadoop-hdds-container-service-0.5.0-SNAPSHOT.jar!/webapps/static,UNAVAILABLE}
2019-08-28 22:29:55,084 [ForkJoinPool.commonPool-worker-0] INFO  handler.ContextHandler (ContextHandler.java:doStop(910)) - Stopped o.e.j.s.ServletContextHandler@629075f4{/static,jar:file:/home/user/.m2/repository/org/apache/hadoop/hadoop-hdds-container-service/0.5.0-SNAPSHOT/hadoop-hdds-container-service-0.5.0-SNAPSHOT.jar!/webapps/static,UNAVAILABLE}
2019-08-28 22:29:55,084 [main] INFO  handler.ContextHandler (ContextHandler.java:doStop(910)) - Stopped o.e.j.s.ServletContextHandler@6d6cd1e0{/logs,file:///workdir/hadoop-ozone/integration-test/target/log,UNAVAILABLE}
2019-08-28 22:29:55,085 [ForkJoinPool.commonPool-worker-0] INFO  handler.ContextHandler (ContextHandler.java:doStop(910)) - Stopped o.e.j.s.ServletContextHandler@1c84d80a{/logs,file:///workdir/hadoop-ozone/integration-test/target/log,UNAVAILABLE}
2019-08-28 22:29:55,484 [Datanode State Machine Thread - 0] INFO  statemachine.DatanodeStateMachine (DatanodeStateMachine.java:lambda$startDaemon$0(350)) - Ozone container server started.
2019-08-28 22:29:55,485 | INFO  | SCMAudit | user=jenkins1000 | ip=192.168.36.111 | op=SEND_HEARTBEAT {datanodeUUID=da6bcafd-dc39-4560-8552-9102a185bf89, command=[]} | ret=SUCCESS |  
2019-08-28 22:29:55,485 | INFO  | SCMAudit | user=jenkins1000 | ip=192.168.36.111 | op=SEND_HEARTBEAT {datanodeUUID=78712fcb-d0e6-4972-b983-ece35dfef904, command=[]} | ret=SUCCESS |  
2019-08-28 22:29:55,596 [Datanode State Machine Thread - 0] INFO  statemachine.DatanodeStateMachine (DatanodeStateMachine.java:lambda$startDaemon$0(350)) - Ozone container server started.
2019-08-28 22:29:56,485 | INFO  | SCMAudit | user=jenkins1000 | ip=192.168.36.111 | op=SEND_HEARTBEAT {datanodeUUID=da6bcafd-dc39-4560-8552-9102a185bf89, command=[]} | ret=SUCCESS |  
2019-08-28 22:29:56,486 | INFO  | SCMAudit | user=jenkins1000 | ip=192.168.36.111 | op=SEND_HEARTBEAT {datanodeUUID=78712fcb-d0e6-4972-b983-ece35dfef904, command=[]} | ret=SUCCESS |  
2019-08-28 22:29:57,486 | INFO  | SCMAudit | user=jenkins1000 | ip=192.168.36.111 | op=SEND_HEARTBEAT {datanodeUUID=da6bcafd-dc39-4560-8552-9102a185bf89, command=[]} | ret=SUCCESS |  
2019-08-28 22:29:57,486 | INFO  | SCMAudit | user=jenkins1000 | ip=192.168.36.111 | op=SEND_HEARTBEAT {datanodeUUID=78712fcb-d0e6-4972-b983-ece35dfef904, command=[]} | ret=SUCCESS |  
2019-08-28 22:29:58,486 | INFO  | SCMAudit | user=jenkins1000 | ip=192.168.36.111 | op=SEND_HEARTBEAT {datanodeUUID=78712fcb-d0e6-4972-b983-ece35dfef904, command=[]} | ret=SUCCESS |  
2019-08-28 22:29:58,486 | INFO  | SCMAudit | user=jenkins1000 | ip=192.168.36.111 | op=SEND_HEARTBEAT {datanodeUUID=da6bcafd-dc39-4560-8552-9102a185bf89, command=[]} | ret=SUCCESS |  
2019-08-28 22:29:59,486 | INFO  | SCMAudit | user=jenkins1000 | ip=192.168.36.111 | op=SEND_HEARTBEAT {datanodeUUID=78712fcb-d0e6-4972-b983-ece35dfef904, command=[]} | ret=SUCCESS |  
2019-08-28 22:29:59,486 | INFO  | SCMAudit | user=jenkins1000 | ip=192.168.36.111 | op=SEND_HEARTBEAT {datanodeUUID=da6bcafd-dc39-4560-8552-9102a185bf89, command=[]} | ret=SUCCESS |  
2019-08-28 22:29:59,488 [EventQueue-StaleNodeForStaleNodeHandler] INFO  node.StaleNodeHandler (StaleNodeHandler.java:onMessage(58)) - Datanode 78b24124-d29f-47d5-a706-e456f105062d{ip: 192.168.36.111, host: pr-hdds-1909-jt4r9-1943541209, networkLocation: /default-rack, certSerialId: null} moved to stale state. Finalizing its pipelines [PipelineID=43e9810e-2e08-4485-bcf6-5d045914891e, PipelineID=ef05e67d-8585-441c-bac0-3ca1e3f135fe]
2019-08-28 22:29:59,489 [EventQueue-StaleNodeForStaleNodeHandler] INFO  pipeline.SCMPipelineManager (SCMPipelineManager.java:finalizeAndDestroyPipeline(309)) - destroying pipeline:Pipeline[ Id: 43e9810e-2e08-4485-bcf6-5d045914891e, Nodes: 78b24124-d29f-47d5-a706-e456f105062d{ip: 192.168.36.111, host: pr-hdds-1909-jt4r9-1943541209, networkLocation: /default-rack, certSerialId: null}, Type:RATIS, Factor:ONE, State:OPEN]
2019-08-28 22:29:59,489 [EventQueue-StaleNodeForStaleNodeHandler] INFO  pipeline.PipelineStateManager (PipelineStateManager.java:finalizePipeline(123)) - Pipeline Pipeline[ Id: 43e9810e-2e08-4485-bcf6-5d045914891e, Nodes: 78b24124-d29f-47d5-a706-e456f105062d{ip: 192.168.36.111, host: pr-hdds-1909-jt4r9-1943541209, networkLocation: /default-rack, certSerialId: null}, Type:RATIS, Factor:ONE, State:CLOSED] moved to CLOSED state
2019-08-28 22:29:59,489 [EventQueue-StaleNodeForStaleNodeHandler] INFO  pipeline.SCMPipelineManager (SCMPipelineManager.java:finalizeAndDestroyPipeline(309)) - destroying pipeline:Pipeline[ Id: ef05e67d-8585-441c-bac0-3ca1e3f135fe, Nodes: da6bcafd-dc39-4560-8552-9102a185bf89{ip: 192.168.36.111, host: pr-hdds-1909-jt4r9-1943541209, networkLocation: /default-rack, certSerialId: null}78b24124-d29f-47d5-a706-e456f105062d{ip: 192.168.36.111, host: pr-hdds-1909-jt4r9-1943541209, networkLocation: /default-rack, certSerialId: null}78712fcb-d0e6-4972-b983-ece35dfef904{ip: 192.168.36.111, host: pr-hdds-1909-jt4r9-1943541209, networkLocation: /default-rack, certSerialId: null}, Type:RATIS, Factor:THREE, State:OPEN]
2019-08-28 22:29:59,490 [EventQueue-StaleNodeForStaleNodeHandler] INFO  pipeline.PipelineStateManager (PipelineStateManager.java:finalizePipeline(123)) - Pipeline Pipeline[ Id: ef05e67d-8585-441c-bac0-3ca1e3f135fe, Nodes: da6bcafd-dc39-4560-8552-9102a185bf89{ip: 192.168.36.111, host: pr-hdds-1909-jt4r9-1943541209, networkLocation: /default-rack, certSerialId: null}78b24124-d29f-47d5-a706-e456f105062d{ip: 192.168.36.111, host: pr-hdds-1909-jt4r9-1943541209, networkLocation: /default-rack, certSerialId: null}78712fcb-d0e6-4972-b983-ece35dfef904{ip: 192.168.36.111, host: pr-hdds-1909-jt4r9-1943541209, networkLocation: /default-rack, certSerialId: null}, Type:RATIS, Factor:THREE, State:CLOSED] moved to CLOSED state
2019-08-28 22:29:59,490 [EventQueue-CloseContainerForCloseContainerEventHandler] INFO  container.CloseContainerEventHandler (CloseContainerEventHandler.java:onMessage(61)) - Close container Event triggered for container : #2
2019-08-28 22:29:59,689 [EventQueue-StaleNodeForStaleNodeHandler] INFO  node.StaleNodeHandler (StaleNodeHandler.java:onMessage(58)) - Datanode e661242e-7c31-4a11-b0a8-eee9611e009e{ip: 192.168.36.111, host: pr-hdds-1909-jt4r9-1943541209, networkLocation: /default-rack, certSerialId: null} moved to stale state. Finalizing its pipelines [PipelineID=6fbc6d75-b636-495b-b8cd-f5cd74b03ffe]
2019-08-28 22:29:59,689 [EventQueue-StaleNodeForStaleNodeHandler] INFO  pipeline.SCMPipelineManager (SCMPipelineManager.java:finalizeAndDestroyPipeline(309)) - destroying pipeline:Pipeline[ Id: 6fbc6d75-b636-495b-b8cd-f5cd74b03ffe, Nodes: e661242e-7c31-4a11-b0a8-eee9611e009e{ip: 192.168.36.111, host: pr-hdds-1909-jt4r9-1943541209, networkLocation: /default-rack, certSerialId: null}, Type:RATIS, Factor:ONE, State:OPEN]
2019-08-28 22:29:59,689 [EventQueue-StaleNodeForStaleNodeHandler] INFO  pipeline.PipelineStateManager (PipelineStateManager.java:finalizePipeline(123)) - Pipeline Pipeline[ Id: 6fbc6d75-b636-495b-b8cd-f5cd74b03ffe, Nodes: e661242e-7c31-4a11-b0a8-eee9611e009e{ip: 192.168.36.111, host: pr-hdds-1909-jt4r9-1943541209, networkLocation: /default-rack, certSerialId: null}, Type:RATIS, Factor:ONE, State:CLOSED] moved to CLOSED state
2019-08-28 22:30:00,087 [main] INFO  ozoneimpl.OzoneContainer (OzoneContainer.java:stop(215)) - Attempting to stop container services.
2019-08-28 22:30:00,087 [ForkJoinPool.commonPool-worker-0] INFO  ozoneimpl.OzoneContainer (OzoneContainer.java:stop(215)) - Attempting to stop container services.
2019-08-28 22:30:00,088 [main] INFO  impl.RaftServerProxy (RaftServerProxy.java:lambda$close$4(314)) - e661242e-7c31-4a11-b0a8-eee9611e009e: close
2019-08-28 22:30:00,088 [ForkJoinPool.commonPool-worker-0] INFO  impl.RaftServerProxy (RaftServerProxy.java:lambda$close$4(314)) - 78b24124-d29f-47d5-a706-e456f105062d: close
2019-08-28 22:30:00,089 [main] INFO  impl.RaftServerImpl (RaftServerImpl.java:lambda$shutdown$3(245)) - e661242e-7c31-4a11-b0a8-eee9611e009e: shutdown group-F5CD74B03FFE
2019-08-28 22:30:00,089 [ForkJoinPool.commonPool-worker-0] INFO  impl.RaftServerImpl (RaftServerImpl.java:lambda$shutdown$3(245)) - 78b24124-d29f-47d5-a706-e456f105062d: shutdown group-5D045914891E
2019-08-28 22:30:00,089 [main] INFO  util.JmxRegister (JmxRegister.java:unregister(73)) - Successfully un-registered JMX Bean with object name Ratis:service=RaftServer,group=group-F5CD74B03FFE,id=e661242e-7c31-4a11-b0a8-eee9611e009e
2019-08-28 22:30:00,089 [ForkJoinPool.commonPool-worker-0] INFO  util.JmxRegister (JmxRegister.java:unregister(73)) - Successfully un-registered JMX Bean with object name Ratis:service=RaftServer,group=group-5D045914891E,id=78b24124-d29f-47d5-a706-e456f105062d
2019-08-28 22:30:00,090 [ForkJoinPool.commonPool-worker-0] INFO  impl.RoleInfo (RoleInfo.java:shutdownLeaderState(104)) - 78b24124-d29f-47d5-a706-e456f105062d: shutdown LeaderState
2019-08-28 22:30:00,090 [main] INFO  impl.RoleInfo (RoleInfo.java:shutdownLeaderState(104)) - e661242e-7c31-4a11-b0a8-eee9611e009e: shutdown LeaderState
2019-08-28 22:30:00,091 [ForkJoinPool.commonPool-worker-0] INFO  impl.PendingRequests (PendingRequests.java:sendNotLeaderResponses(202)) - 78b24124-d29f-47d5-a706-e456f105062d-PendingRequests: sendNotLeaderResponses
2019-08-28 22:30:00,091 [main] INFO  impl.PendingRequests (PendingRequests.java:sendNotLeaderResponses(202)) - e661242e-7c31-4a11-b0a8-eee9611e009e-PendingRequests: sendNotLeaderResponses
2019-08-28 22:30:00,091 [ForkJoinPool.commonPool-worker-0] INFO  impl.StateMachineUpdater (StateMachineUpdater.java:stopAndJoin(115)) - StateMachineUpdater:78b24124-d29f-47d5-a706-e456f105062d:group-5D045914891E: set stopIndex = 0
2019-08-28 22:30:00,092 [main] INFO  impl.StateMachineUpdater (StateMachineUpdater.java:stopAndJoin(115)) - StateMachineUpdater:e661242e-7c31-4a11-b0a8-eee9611e009e:group-F5CD74B03FFE: set stopIndex = 0
2019-08-28 22:30:00,092 [ForkJoinPool.commonPool-worker-0] INFO  impl.RaftServerImpl (ServerState.java:close(394)) - 78b24124-d29f-47d5-a706-e456f105062d:group-5D045914891E closes. The last applied log index is 0
2019-08-28 22:30:00,092 [main] INFO  impl.RaftServerImpl (ServerState.java:close(394)) - e661242e-7c31-4a11-b0a8-eee9611e009e:group-F5CD74B03FFE closes. The last applied log index is 0
2019-08-28 22:30:00,093 [78b24124-d29f-47d5-a706-e456f105062d-SegmentedRaftLogWorker:Storage Directory /workdir/hadoop-ozone/integration-test/target/test-dir/MiniOzoneClusterImpl-cce2e0e6-0bf2-4ba0-8cd7-9d92f34a1712/datanode-2/data/ratis/43e9810e-2e08-4485-bcf6-5d045914891e] INFO  segmented.SegmentedRaftLogWorker (SegmentedRaftLogWorker.java:run(313)) - 78b24124-d29f-47d5-a706-e456f105062d-SegmentedRaftLogWorker:Storage Directory /workdir/hadoop-ozone/integration-test/target/test-dir/MiniOzoneClusterImpl-cce2e0e6-0bf2-4ba0-8cd7-9d92f34a1712/datanode-2/data/ratis/43e9810e-2e08-4485-bcf6-5d045914891e was interrupted, exiting. There are 0 tasks remaining in the queue.
2019-08-28 22:30:00,093 [e661242e-7c31-4a11-b0a8-eee9611e009e-SegmentedRaftLogWorker:Storage Directory /workdir/hadoop-ozone/integration-test/target/test-dir/MiniOzoneClusterImpl-cce2e0e6-0bf2-4ba0-8cd7-9d92f34a1712/datanode-3/data/ratis/6fbc6d75-b636-495b-b8cd-f5cd74b03ffe] INFO  segmented.SegmentedRaftLogWorker (SegmentedRaftLogWorker.java:run(313)) - e661242e-7c31-4a11-b0a8-eee9611e009e-SegmentedRaftLogWorker:Storage Directory /workdir/hadoop-ozone/integration-test/target/test-dir/MiniOzoneClusterImpl-cce2e0e6-0bf2-4ba0-8cd7-9d92f34a1712/datanode-3/data/ratis/6fbc6d75-b636-495b-b8cd-f5cd74b03ffe was interrupted, exiting. There are 0 tasks remaining in the queue.
2019-08-28 22:30:00,097 [ForkJoinPool.commonPool-worker-0] INFO  segmented.SegmentedRaftLogWorker (SegmentedRaftLogWorker.java:close(228)) - 78b24124-d29f-47d5-a706-e456f105062d-SegmentedRaftLogWorker:Storage Directory /workdir/hadoop-ozone/integration-test/target/test-dir/MiniOzoneClusterImpl-cce2e0e6-0bf2-4ba0-8cd7-9d92f34a1712/datanode-2/data/ratis/43e9810e-2e08-4485-bcf6-5d045914891e close()
2019-08-28 22:30:00,100 [ForkJoinPool.commonPool-worker-0] INFO  impl.RaftServerImpl (RaftServerImpl.java:lambda$shutdown$3(245)) - 78b24124-d29f-47d5-a706-e456f105062d: shutdown group-3CA1E3F135FE
2019-08-28 22:30:00,101 [ForkJoinPool.commonPool-worker-0] INFO  util.JmxRegister (JmxRegister.java:unregister(73)) - Successfully un-registered JMX Bean with object name Ratis:service=RaftServer,group=group-3CA1E3F135FE,id=78b24124-d29f-47d5-a706-e456f105062d
2019-08-28 22:30:00,101 [ForkJoinPool.commonPool-worker-0] INFO  impl.RoleInfo (RoleInfo.java:shutdownLeaderState(104)) - 78b24124-d29f-47d5-a706-e456f105062d: shutdown LeaderState
2019-08-28 22:30:00,104 [ForkJoinPool.commonPool-worker-0] INFO  impl.PendingRequests (PendingRequests.java:sendNotLeaderResponses(202)) - 78b24124-d29f-47d5-a706-e456f105062d-PendingRequests: sendNotLeaderResponses
2019-08-28 22:30:00,104 [org.apache.ratis.server.impl.LogAppender$AppenderDaemon$$Lambda$487/1528363967@75d919b0] WARN  server.GrpcLogAppender (GrpcLogAppender.java:mayWait(143)) - GrpcLogAppender(78b24124-d29f-47d5-a706-e456f105062d->da6bcafd-dc39-4560-8552-9102a185bf89): Wait interrupted by java.lang.InterruptedException
2019-08-28 22:30:00,104 [org.apache.ratis.server.impl.LogAppender$AppenderDaemon$$Lambda$487/1528363967@30db91cf] WARN  server.GrpcLogAppender (GrpcLogAppender.java:mayWait(143)) - GrpcLogAppender(78b24124-d29f-47d5-a706-e456f105062d->78712fcb-d0e6-4972-b983-ece35dfef904): Wait interrupted by java.lang.InterruptedException
2019-08-28 22:30:00,107 [ForkJoinPool.commonPool-worker-0] INFO  impl.StateMachineUpdater (StateMachineUpdater.java:stopAndJoin(115)) - StateMachineUpdater:78b24124-d29f-47d5-a706-e456f105062d:group-3CA1E3F135FE: set stopIndex = 16
2019-08-28 22:30:00,107 [grpc-default-executor-7] INFO  server.GrpcServerProtocolService (GrpcServerProtocolService.java:onCompleted(104)) - da6bcafd-dc39-4560-8552-9102a185bf89: appendEntries completed
2019-08-28 22:30:00,107 [StateMachineUpdater:78b24124-d29f-47d5-a706-e456f105062d:group-3CA1E3F135FE] INFO  ratis.ContainerStateMachine (ContainerStateMachine.java:takeSnapshot(284)) - group-3CA1E3F135FE: Taking a snapshot at:(t:1, i:14) file /workdir/hadoop-ozone/integration-test/target/test-dir/MiniOzoneClusterImpl-cce2e0e6-0bf2-4ba0-8cd7-9d92f34a1712/datanode-2/data/ratis/ef05e67d-8585-441c-bac0-3ca1e3f135fe/sm/snapshot.1_14
2019-08-28 22:30:00,107 [grpc-default-executor-8] INFO  server.GrpcServerProtocolService (GrpcServerProtocolService.java:onCompleted(104)) - 78712fcb-d0e6-4972-b983-ece35dfef904: appendEntries completed
2019-08-28 22:30:00,108 [grpc-default-executor-7] INFO  server.GrpcLogAppender (GrpcLogAppender.java:onCompleted(292)) - 78b24124-d29f-47d5-a706-e456f105062d->da6bcafd-dc39-4560-8552-9102a185bf89: follower responses appendEntries COMPLETED
2019-08-28 22:30:00,108 [main] INFO  segmented.SegmentedRaftLogWorker (SegmentedRaftLogWorker.java:close(228)) - e661242e-7c31-4a11-b0a8-eee9611e009e-SegmentedRaftLogWorker:Storage Directory /workdir/hadoop-ozone/integration-test/target/test-dir/MiniOzoneClusterImpl-cce2e0e6-0bf2-4ba0-8cd7-9d92f34a1712/datanode-3/data/ratis/6fbc6d75-b636-495b-b8cd-f5cd74b03ffe close()
2019-08-28 22:30:00,108 [grpc-default-executor-7] INFO  impl.FollowerInfo (FollowerInfo.java:lambda$new$0(50)) - 78b24124-d29f-47d5-a706-e456f105062d->da6bcafd-dc39-4560-8552-9102a185bf89: nextIndex: updateUnconditionally 17 -> 16
2019-08-28 22:30:00,108 [grpc-default-executor-8] INFO  server.GrpcLogAppender (GrpcLogAppender.java:onCompleted(292)) - 78b24124-d29f-47d5-a706-e456f105062d->78712fcb-d0e6-4972-b983-ece35dfef904: follower responses appendEntries COMPLETED
2019-08-28 22:30:00,112 [main] INFO  server.GrpcService (GrpcService.java:closeImpl(155)) - e661242e-7c31-4a11-b0a8-eee9611e009e: shutdown server with port 32931 now
2019-08-28 22:30:00,112 [grpc-default-executor-8] INFO  impl.FollowerInfo (FollowerInfo.java:lambda$new$0(50)) - 78b24124-d29f-47d5-a706-e456f105062d->78712fcb-d0e6-4972-b983-ece35dfef904: nextIndex: updateUnconditionally 17 -> 16
2019-08-28 22:30:00,121 [main] INFO  server.GrpcService (GrpcService.java:closeImpl(163)) - e661242e-7c31-4a11-b0a8-eee9611e009e: shutdown server with port 32931 successfully
2019-08-28 22:30:00,124 [refreshUsed-/workdir/hadoop-ozone/integration-test/target/test-dir/MiniOzoneClusterImpl-cce2e0e6-0bf2-4ba0-8cd7-9d92f34a1712/datanode-3/data/containers] WARN  fs.CachingGetSpaceUsed (CachingGetSpaceUsed.java:run(183)) - Thread Interrupted waiting to refresh disk information: sleep interrupted
2019-08-28 22:30:00,142 [main] INFO  utils.BackgroundService (BackgroundService.java:shutdown(148)) - Shutting down service BlockDeletingService
2019-08-28 22:30:00,147 [main] INFO  statemachine.DatanodeStateMachine (DatanodeStateMachine.java:stopDaemon(395)) - Ozone container server stopped.
2019-08-28 22:30:00,149 [main] INFO  handler.ContextHandler (ContextHandler.java:doStop(910)) - Stopped o.e.j.w.WebAppContext@154b8cb6{/,null,UNAVAILABLE}{/hddsDatanode}
2019-08-28 22:30:00,150 [main] INFO  server.AbstractConnector (AbstractConnector.java:doStop(318)) - Stopped ServerConnector@7b297740{HTTP/1.1,[http/1.1]}{0.0.0.0:0}
2019-08-28 22:30:00,150 [main] INFO  handler.ContextHandler (ContextHandler.java:doStop(910)) - Stopped o.e.j.s.ServletContextHandler@73a845cb{/static,jar:file:/home/user/.m2/repository/org/apache/hadoop/hadoop-hdds-container-service/0.5.0-SNAPSHOT/hadoop-hdds-container-service-0.5.0-SNAPSHOT.jar!/webapps/static,UNAVAILABLE}
2019-08-28 22:30:00,151 [main] INFO  handler.ContextHandler (ContextHandler.java:doStop(910)) - Stopped o.e.j.s.ServletContextHandler@16e1219f{/logs,file:///workdir/hadoop-ozone/integration-test/target/log,UNAVAILABLE}
2019-08-28 22:30:00,154 [StateMachineUpdater:78b24124-d29f-47d5-a706-e456f105062d:group-3CA1E3F135FE] INFO  ratis.ContainerStateMachine (ContainerStateMachine.java:takeSnapshot(295)) - group-3CA1E3F135FE: Finished taking a snapshot at:(t:1, i:14) file:/workdir/hadoop-ozone/integration-test/target/test-dir/MiniOzoneClusterImpl-cce2e0e6-0bf2-4ba0-8cd7-9d92f34a1712/datanode-2/data/ratis/ef05e67d-8585-441c-bac0-3ca1e3f135fe/sm/snapshot.1_14 time:47
2019-08-28 22:30:00,154 [StateMachineUpdater:78b24124-d29f-47d5-a706-e456f105062d:group-3CA1E3F135FE] INFO  impl.StateMachineUpdater (StateMachineUpdater.java:takeSnapshot(242)) - StateMachineUpdater:78b24124-d29f-47d5-a706-e456f105062d:group-3CA1E3F135FE: Took a snapshot at index 14
2019-08-28 22:30:00,154 [StateMachineUpdater:78b24124-d29f-47d5-a706-e456f105062d:group-3CA1E3F135FE] INFO  impl.StateMachineUpdater (StateMachineUpdater.java:lambda$new$0(80)) - StateMachineUpdater:78b24124-d29f-47d5-a706-e456f105062d:group-3CA1E3F135FE: snapshotIndex: updateIncreasingly -1 -> 14
2019-08-28 22:30:00,154 [ForkJoinPool.commonPool-worker-0] INFO  impl.RaftServerImpl (ServerState.java:close(394)) - 78b24124-d29f-47d5-a706-e456f105062d:group-3CA1E3F135FE closes. The last applied log index is 16
2019-08-28 22:30:00,155 [78b24124-d29f-47d5-a706-e456f105062d-SegmentedRaftLogWorker:Storage Directory /workdir/hadoop-ozone/integration-test/target/test-dir/MiniOzoneClusterImpl-cce2e0e6-0bf2-4ba0-8cd7-9d92f34a1712/datanode-2/data/ratis/ef05e67d-8585-441c-bac0-3ca1e3f135fe] INFO  segmented.SegmentedRaftLogWorker (SegmentedRaftLogWorker.java:run(313)) - 78b24124-d29f-47d5-a706-e456f105062d-SegmentedRaftLogWorker:Storage Directory /workdir/hadoop-ozone/integration-test/target/test-dir/MiniOzoneClusterImpl-cce2e0e6-0bf2-4ba0-8cd7-9d92f34a1712/datanode-2/data/ratis/ef05e67d-8585-441c-bac0-3ca1e3f135fe was interrupted, exiting. There are 0 tasks remaining in the queue.
2019-08-28 22:30:00,157 [ForkJoinPool.commonPool-worker-0] INFO  segmented.SegmentedRaftLogWorker (SegmentedRaftLogWorker.java:close(228)) - 78b24124-d29f-47d5-a706-e456f105062d-SegmentedRaftLogWorker:Storage Directory /workdir/hadoop-ozone/integration-test/target/test-dir/MiniOzoneClusterImpl-cce2e0e6-0bf2-4ba0-8cd7-9d92f34a1712/datanode-2/data/ratis/ef05e67d-8585-441c-bac0-3ca1e3f135fe close()
2019-08-28 22:30:00,159 [ForkJoinPool.commonPool-worker-0] INFO  server.GrpcService (GrpcService.java:closeImpl(155)) - 78b24124-d29f-47d5-a706-e456f105062d: shutdown server with port 33087 now
2019-08-28 22:30:00,160 [grpc-default-executor-7] WARN  client.GrpcClientProtocolService (LogUtils.java:warn(134)) - 1-UnorderedRequestStreamObserver1: onError: org.apache.ratis.thirdparty.io.grpc.StatusRuntimeException: CANCELLED: cancelled before receiving half close
2019-08-28 22:30:00,160 [ForkJoinPool.commonPool-worker-0] INFO  server.GrpcService (GrpcService.java:closeImpl(163)) - 78b24124-d29f-47d5-a706-e456f105062d: shutdown server with port 33087 successfully
2019-08-28 22:30:00,162 [refreshUsed-/workdir/hadoop-ozone/integration-test/target/test-dir/MiniOzoneClusterImpl-cce2e0e6-0bf2-4ba0-8cd7-9d92f34a1712/datanode-2/data/containers] WARN  fs.CachingGetSpaceUsed (CachingGetSpaceUsed.java:run(183)) - Thread Interrupted waiting to refresh disk information: sleep interrupted
2019-08-28 22:30:00,178 [ForkJoinPool.commonPool-worker-0] INFO  utils.BackgroundService (BackgroundService.java:shutdown(148)) - Shutting down service BlockDeletingService
2019-08-28 22:30:00,181 [ForkJoinPool.commonPool-worker-0] INFO  statemachine.DatanodeStateMachine (DatanodeStateMachine.java:stopDaemon(395)) - Ozone container server stopped.
2019-08-28 22:30:00,185 [ForkJoinPool.commonPool-worker-0] INFO  handler.ContextHandler (ContextHandler.java:doStop(910)) - Stopped o.e.j.w.WebAppContext@67c6f4d8{/,null,UNAVAILABLE}{/hddsDatanode}
2019-08-28 22:30:00,185 [ForkJoinPool.commonPool-worker-0] INFO  server.AbstractConnector (AbstractConnector.java:doStop(318)) - Stopped ServerConnector@3a6e9856{HTTP/1.1,[http/1.1]}{0.0.0.0:0}
2019-08-28 22:30:00,186 [ForkJoinPool.commonPool-worker-0] INFO  handler.ContextHandler (ContextHandler.java:doStop(910)) - Stopped o.e.j.s.ServletContextHandler@712e787e{/static,jar:file:/home/user/.m2/repository/org/apache/hadoop/hadoop-hdds-container-service/0.5.0-SNAPSHOT/hadoop-hdds-container-service-0.5.0-SNAPSHOT.jar!/webapps/static,UNAVAILABLE}
2019-08-28 22:30:00,187 [ForkJoinPool.commonPool-worker-0] INFO  handler.ContextHandler (ContextHandler.java:doStop(910)) - Stopped o.e.j.s.ServletContextHandler@47187f50{/logs,file:///workdir/hadoop-ozone/integration-test/target/log,UNAVAILABLE}
2019-08-28 22:30:00,486 [Datanode State Machine Thread - 0] INFO  statemachine.DatanodeStateMachine (DatanodeStateMachine.java:lambda$startDaemon$0(350)) - Ozone container server started.
2019-08-28 22:30:00,486 [Datanode State Machine Thread - 0] INFO  statemachine.DatanodeStateMachine (DatanodeStateMachine.java:lambda$startDaemon$0(350)) - Ozone container server started.
2019-08-28 22:30:04,495 [EventQueue-StaleNodeForStaleNodeHandler] INFO  node.StaleNodeHandler (StaleNodeHandler.java:onMessage(58)) - Datanode da6bcafd-dc39-4560-8552-9102a185bf89{ip: 192.168.36.111, host: pr-hdds-1909-jt4r9-1943541209, networkLocation: /default-rack, certSerialId: null} moved to stale state. Finalizing its pipelines [PipelineID=6c9a547a-8f7a-4fbb-815b-e8949d3932ed, PipelineID=ef05e67d-8585-441c-bac0-3ca1e3f135fe]
2019-08-28 22:30:04,496 [EventQueue-StaleNodeForStaleNodeHandler] INFO  pipeline.SCMPipelineManager (SCMPipelineManager.java:finalizeAndDestroyPipeline(309)) - destroying pipeline:Pipeline[ Id: 6c9a547a-8f7a-4fbb-815b-e8949d3932ed, Nodes: da6bcafd-dc39-4560-8552-9102a185bf89{ip: 192.168.36.111, host: pr-hdds-1909-jt4r9-1943541209, networkLocation: /default-rack, certSerialId: null}, Type:RATIS, Factor:ONE, State:OPEN]
2019-08-28 22:30:04,496 [EventQueue-StaleNodeForStaleNodeHandler] INFO  pipeline.PipelineStateManager (PipelineStateManager.java:finalizePipeline(123)) - Pipeline Pipeline[ Id: 6c9a547a-8f7a-4fbb-815b-e8949d3932ed, Nodes: da6bcafd-dc39-4560-8552-9102a185bf89{ip: 192.168.36.111, host: pr-hdds-1909-jt4r9-1943541209, networkLocation: /default-rack, certSerialId: null}, Type:RATIS, Factor:ONE, State:CLOSED] moved to CLOSED state
2019-08-28 22:30:04,496 [EventQueue-StaleNodeForStaleNodeHandler] INFO  pipeline.SCMPipelineManager (SCMPipelineManager.java:finalizeAndDestroyPipeline(309)) - destroying pipeline:Pipeline[ Id: ef05e67d-8585-441c-bac0-3ca1e3f135fe, Nodes: da6bcafd-dc39-4560-8552-9102a185bf89{ip: 192.168.36.111, host: pr-hdds-1909-jt4r9-1943541209, networkLocation: /default-rack, certSerialId: null}78b24124-d29f-47d5-a706-e456f105062d{ip: 192.168.36.111, host: pr-hdds-1909-jt4r9-1943541209, networkLocation: /default-rack, certSerialId: null}78712fcb-d0e6-4972-b983-ece35dfef904{ip: 192.168.36.111, host: pr-hdds-1909-jt4r9-1943541209, networkLocation: /default-rack, certSerialId: null}, Type:RATIS, Factor:THREE, State:CLOSED]
2019-08-28 22:30:04,496 [EventQueue-StaleNodeForStaleNodeHandler] INFO  node.StaleNodeHandler (StaleNodeHandler.java:onMessage(58)) - Datanode 78712fcb-d0e6-4972-b983-ece35dfef904{ip: 192.168.36.111, host: pr-hdds-1909-jt4r9-1943541209, networkLocation: /default-rack, certSerialId: null} moved to stale state. Finalizing its pipelines [PipelineID=f46cb0db-86da-45ea-8858-f11ff5f4731c, PipelineID=ef05e67d-8585-441c-bac0-3ca1e3f135fe]
2019-08-28 22:30:04,496 [EventQueue-StaleNodeForStaleNodeHandler] INFO  pipeline.SCMPipelineManager (SCMPipelineManager.java:finalizeAndDestroyPipeline(309)) - destroying pipeline:Pipeline[ Id: f46cb0db-86da-45ea-8858-f11ff5f4731c, Nodes: 78712fcb-d0e6-4972-b983-ece35dfef904{ip: 192.168.36.111, host: pr-hdds-1909-jt4r9-1943541209, networkLocation: /default-rack, certSerialId: null}, Type:RATIS, Factor:ONE, State:OPEN]
2019-08-28 22:30:04,497 [EventQueue-StaleNodeForStaleNodeHandler] INFO  pipeline.PipelineStateManager (PipelineStateManager.java:finalizePipeline(123)) - Pipeline Pipeline[ Id: f46cb0db-86da-45ea-8858-f11ff5f4731c, Nodes: 78712fcb-d0e6-4972-b983-ece35dfef904{ip: 192.168.36.111, host: pr-hdds-1909-jt4r9-1943541209, networkLocation: /default-rack, certSerialId: null}, Type:RATIS, Factor:ONE, State:CLOSED] moved to CLOSED state
2019-08-28 22:30:04,497 [EventQueue-StaleNodeForStaleNodeHandler] INFO  pipeline.SCMPipelineManager (SCMPipelineManager.java:finalizeAndDestroyPipeline(309)) - destroying pipeline:Pipeline[ Id: ef05e67d-8585-441c-bac0-3ca1e3f135fe, Nodes: da6bcafd-dc39-4560-8552-9102a185bf89{ip: 192.168.36.111, host: pr-hdds-1909-jt4r9-1943541209, networkLocation: /default-rack, certSerialId: null}78b24124-d29f-47d5-a706-e456f105062d{ip: 192.168.36.111, host: pr-hdds-1909-jt4r9-1943541209, networkLocation: /default-rack, certSerialId: null}78712fcb-d0e6-4972-b983-ece35dfef904{ip: 192.168.36.111, host: pr-hdds-1909-jt4r9-1943541209, networkLocation: /default-rack, certSerialId: null}, Type:RATIS, Factor:THREE, State:CLOSED]
2019-08-28 22:30:05,152 [main] INFO  ozoneimpl.OzoneContainer (OzoneContainer.java:stop(215)) - Attempting to stop container services.
2019-08-28 22:30:05,153 [main] INFO  impl.RaftServerProxy (RaftServerProxy.java:lambda$close$4(314)) - 78712fcb-d0e6-4972-b983-ece35dfef904: close
2019-08-28 22:30:05,154 [main] INFO  impl.RaftServerImpl (RaftServerImpl.java:lambda$shutdown$3(245)) - 78712fcb-d0e6-4972-b983-ece35dfef904: shutdown group-F11FF5F4731C
2019-08-28 22:30:05,154 [main] INFO  util.JmxRegister (JmxRegister.java:unregister(73)) - Successfully un-registered JMX Bean with object name Ratis:service=RaftServer,group=group-F11FF5F4731C,id=78712fcb-d0e6-4972-b983-ece35dfef904
2019-08-28 22:30:05,154 [main] INFO  impl.RoleInfo (RoleInfo.java:shutdownLeaderState(104)) - 78712fcb-d0e6-4972-b983-ece35dfef904: shutdown LeaderState
2019-08-28 22:30:05,155 [main] INFO  impl.PendingRequests (PendingRequests.java:sendNotLeaderResponses(202)) - 78712fcb-d0e6-4972-b983-ece35dfef904-PendingRequests: sendNotLeaderResponses
2019-08-28 22:30:05,155 [main] INFO  impl.StateMachineUpdater (StateMachineUpdater.java:stopAndJoin(115)) - StateMachineUpdater:78712fcb-d0e6-4972-b983-ece35dfef904:group-F11FF5F4731C: set stopIndex = 0
2019-08-28 22:30:05,155 [main] INFO  impl.RaftServerImpl (ServerState.java:close(394)) - 78712fcb-d0e6-4972-b983-ece35dfef904:group-F11FF5F4731C closes. The last applied log index is 0
2019-08-28 22:30:05,156 [78712fcb-d0e6-4972-b983-ece35dfef904-SegmentedRaftLogWorker:Storage Directory /workdir/hadoop-ozone/integration-test/target/test-dir/MiniOzoneClusterImpl-cce2e0e6-0bf2-4ba0-8cd7-9d92f34a1712/datanode-5/data/ratis/f46cb0db-86da-45ea-8858-f11ff5f4731c] INFO  segmented.SegmentedRaftLogWorker (SegmentedRaftLogWorker.java:run(313)) - 78712fcb-d0e6-4972-b983-ece35dfef904-SegmentedRaftLogWorker:Storage Directory /workdir/hadoop-ozone/integration-test/target/test-dir/MiniOzoneClusterImpl-cce2e0e6-0bf2-4ba0-8cd7-9d92f34a1712/datanode-5/data/ratis/f46cb0db-86da-45ea-8858-f11ff5f4731c was interrupted, exiting. There are 0 tasks remaining in the queue.
2019-08-28 22:30:05,158 [main] INFO  segmented.SegmentedRaftLogWorker (SegmentedRaftLogWorker.java:close(228)) - 78712fcb-d0e6-4972-b983-ece35dfef904-SegmentedRaftLogWorker:Storage Directory /workdir/hadoop-ozone/integration-test/target/test-dir/MiniOzoneClusterImpl-cce2e0e6-0bf2-4ba0-8cd7-9d92f34a1712/datanode-5/data/ratis/f46cb0db-86da-45ea-8858-f11ff5f4731c close()
2019-08-28 22:30:05,165 [main] INFO  impl.RaftServerImpl (RaftServerImpl.java:lambda$shutdown$3(245)) - 78712fcb-d0e6-4972-b983-ece35dfef904: shutdown group-3CA1E3F135FE
2019-08-28 22:30:05,165 [main] INFO  util.JmxRegister (JmxRegister.java:unregister(73)) - Successfully un-registered JMX Bean with object name Ratis:service=RaftServer,group=group-3CA1E3F135FE,id=78712fcb-d0e6-4972-b983-ece35dfef904
2019-08-28 22:30:05,165 [main] INFO  impl.RoleInfo (RoleInfo.java:shutdownFollowerState(121)) - 78712fcb-d0e6-4972-b983-ece35dfef904: shutdown FollowerState
2019-08-28 22:30:05,165 [main] INFO  impl.StateMachineUpdater (StateMachineUpdater.java:stopAndJoin(115)) - StateMachineUpdater:78712fcb-d0e6-4972-b983-ece35dfef904:group-3CA1E3F135FE: set stopIndex = 16
2019-08-28 22:30:05,166 [StateMachineUpdater:78712fcb-d0e6-4972-b983-ece35dfef904:group-3CA1E3F135FE] INFO  ratis.ContainerStateMachine (ContainerStateMachine.java:takeSnapshot(284)) - group-3CA1E3F135FE: Taking a snapshot at:(t:1, i:14) file /workdir/hadoop-ozone/integration-test/target/test-dir/MiniOzoneClusterImpl-cce2e0e6-0bf2-4ba0-8cd7-9d92f34a1712/datanode-5/data/ratis/ef05e67d-8585-441c-bac0-3ca1e3f135fe/sm/snapshot.1_14
2019-08-28 22:30:05,166 [Thread-3815] INFO  impl.FollowerState (FollowerState.java:run(114)) - 78712fcb-d0e6-4972-b983-ece35dfef904: FollowerState was interrupted: java.lang.InterruptedException: sleep interrupted
2019-08-28 22:30:05,189 [StateMachineUpdater:78712fcb-d0e6-4972-b983-ece35dfef904:group-3CA1E3F135FE] INFO  ratis.ContainerStateMachine (ContainerStateMachine.java:takeSnapshot(295)) - group-3CA1E3F135FE: Finished taking a snapshot at:(t:1, i:14) file:/workdir/hadoop-ozone/integration-test/target/test-dir/MiniOzoneClusterImpl-cce2e0e6-0bf2-4ba0-8cd7-9d92f34a1712/datanode-5/data/ratis/ef05e67d-8585-441c-bac0-3ca1e3f135fe/sm/snapshot.1_14 time:23
2019-08-28 22:30:05,189 [StateMachineUpdater:78712fcb-d0e6-4972-b983-ece35dfef904:group-3CA1E3F135FE] INFO  impl.StateMachineUpdater (StateMachineUpdater.java:takeSnapshot(242)) - StateMachineUpdater:78712fcb-d0e6-4972-b983-ece35dfef904:group-3CA1E3F135FE: Took a snapshot at index 14
2019-08-28 22:30:05,189 [ForkJoinPool.commonPool-worker-0] INFO  ozoneimpl.OzoneContainer (OzoneContainer.java:stop(215)) - Attempting to stop container services.
2019-08-28 22:30:05,189 [StateMachineUpdater:78712fcb-d0e6-4972-b983-ece35dfef904:group-3CA1E3F135FE] INFO  impl.StateMachineUpdater (StateMachineUpdater.java:lambda$new$0(80)) - StateMachineUpdater:78712fcb-d0e6-4972-b983-ece35dfef904:group-3CA1E3F135FE: snapshotIndex: updateIncreasingly -1 -> 14
2019-08-28 22:30:05,189 [ForkJoinPool.commonPool-worker-0] INFO  impl.RaftServerProxy (RaftServerProxy.java:lambda$close$4(314)) - da6bcafd-dc39-4560-8552-9102a185bf89: close
2019-08-28 22:30:05,190 [ForkJoinPool.commonPool-worker-0] INFO  impl.RaftServerImpl (RaftServerImpl.java:lambda$shutdown$3(245)) - da6bcafd-dc39-4560-8552-9102a185bf89: shutdown group-E8949D3932ED
2019-08-28 22:30:05,190 [main] INFO  impl.RaftServerImpl (ServerState.java:close(394)) - 78712fcb-d0e6-4972-b983-ece35dfef904:group-3CA1E3F135FE closes. The last applied log index is 16
2019-08-28 22:30:05,190 [ForkJoinPool.commonPool-worker-0] INFO  util.JmxRegister (JmxRegister.java:unregister(73)) - Successfully un-registered JMX Bean with object name Ratis:service=RaftServer,group=group-E8949D3932ED,id=da6bcafd-dc39-4560-8552-9102a185bf89
2019-08-28 22:30:05,191 [78712fcb-d0e6-4972-b983-ece35dfef904-SegmentedRaftLogWorker:Storage Directory /workdir/hadoop-ozone/integration-test/target/test-dir/MiniOzoneClusterImpl-cce2e0e6-0bf2-4ba0-8cd7-9d92f34a1712/datanode-5/data/ratis/ef05e67d-8585-441c-bac0-3ca1e3f135fe] INFO  segmented.SegmentedRaftLogWorker (SegmentedRaftLogWorker.java:run(313)) - 78712fcb-d0e6-4972-b983-ece35dfef904-SegmentedRaftLogWorker:Storage Directory /workdir/hadoop-ozone/integration-test/target/test-dir/MiniOzoneClusterImpl-cce2e0e6-0bf2-4ba0-8cd7-9d92f34a1712/datanode-5/data/ratis/ef05e67d-8585-441c-bac0-3ca1e3f135fe was interrupted, exiting. There are 0 tasks remaining in the queue.
2019-08-28 22:30:05,191 [ForkJoinPool.commonPool-worker-0] INFO  impl.RoleInfo (RoleInfo.java:shutdownLeaderState(104)) - da6bcafd-dc39-4560-8552-9102a185bf89: shutdown LeaderState
2019-08-28 22:30:05,191 [main] INFO  segmented.SegmentedRaftLogWorker (SegmentedRaftLogWorker.java:close(228)) - 78712fcb-d0e6-4972-b983-ece35dfef904-SegmentedRaftLogWorker:Storage Directory /workdir/hadoop-ozone/integration-test/target/test-dir/MiniOzoneClusterImpl-cce2e0e6-0bf2-4ba0-8cd7-9d92f34a1712/datanode-5/data/ratis/ef05e67d-8585-441c-bac0-3ca1e3f135fe close()
2019-08-28 22:30:05,191 [ForkJoinPool.commonPool-worker-0] INFO  impl.PendingRequests (PendingRequests.java:sendNotLeaderResponses(202)) - da6bcafd-dc39-4560-8552-9102a185bf89-PendingRequests: sendNotLeaderResponses
2019-08-28 22:30:05,194 [main] INFO  server.GrpcService (GrpcService.java:closeImpl(155)) - 78712fcb-d0e6-4972-b983-ece35dfef904: shutdown server with port 41835 now
2019-08-28 22:30:05,194 [ForkJoinPool.commonPool-worker-0] INFO  impl.StateMachineUpdater (StateMachineUpdater.java:stopAndJoin(115)) - StateMachineUpdater:da6bcafd-dc39-4560-8552-9102a185bf89:group-E8949D3932ED: set stopIndex = 0
2019-08-28 22:30:05,195 [main] INFO  server.GrpcService (GrpcService.java:closeImpl(163)) - 78712fcb-d0e6-4972-b983-ece35dfef904: shutdown server with port 41835 successfully
2019-08-28 22:30:05,195 [ForkJoinPool.commonPool-worker-0] INFO  impl.RaftServerImpl (ServerState.java:close(394)) - da6bcafd-dc39-4560-8552-9102a185bf89:group-E8949D3932ED closes. The last applied log index is 0
2019-08-28 22:30:05,196 [da6bcafd-dc39-4560-8552-9102a185bf89-SegmentedRaftLogWorker:Storage Directory /workdir/hadoop-ozone/integration-test/target/test-dir/MiniOzoneClusterImpl-cce2e0e6-0bf2-4ba0-8cd7-9d92f34a1712/datanode-0/data/ratis/6c9a547a-8f7a-4fbb-815b-e8949d3932ed] INFO  segmented.SegmentedRaftLogWorker (SegmentedRaftLogWorker.java:run(313)) - da6bcafd-dc39-4560-8552-9102a185bf89-SegmentedRaftLogWorker:Storage Directory /workdir/hadoop-ozone/integration-test/target/test-dir/MiniOzoneClusterImpl-cce2e0e6-0bf2-4ba0-8cd7-9d92f34a1712/datanode-0/data/ratis/6c9a547a-8f7a-4fbb-815b-e8949d3932ed was interrupted, exiting. There are 0 tasks remaining in the queue.
2019-08-28 22:30:05,196 [ForkJoinPool.commonPool-worker-0] INFO  segmented.SegmentedRaftLogWorker (SegmentedRaftLogWorker.java:close(228)) - da6bcafd-dc39-4560-8552-9102a185bf89-SegmentedRaftLogWorker:Storage Directory /workdir/hadoop-ozone/integration-test/target/test-dir/MiniOzoneClusterImpl-cce2e0e6-0bf2-4ba0-8cd7-9d92f34a1712/datanode-0/data/ratis/6c9a547a-8f7a-4fbb-815b-e8949d3932ed close()
2019-08-28 22:30:05,199 [ForkJoinPool.commonPool-worker-0] INFO  impl.RaftServerImpl (RaftServerImpl.java:lambda$shutdown$3(245)) - da6bcafd-dc39-4560-8552-9102a185bf89: shutdown group-3CA1E3F135FE
2019-08-28 22:30:05,200 [ForkJoinPool.commonPool-worker-0] INFO  util.JmxRegister (JmxRegister.java:unregister(73)) - Successfully un-registered JMX Bean with object name Ratis:service=RaftServer,group=group-3CA1E3F135FE,id=da6bcafd-dc39-4560-8552-9102a185bf89
2019-08-28 22:30:05,201 [refreshUsed-/workdir/hadoop-ozone/integration-test/target/test-dir/MiniOzoneClusterImpl-cce2e0e6-0bf2-4ba0-8cd7-9d92f34a1712/datanode-5/data/containers] WARN  fs.CachingGetSpaceUsed (CachingGetSpaceUsed.java:run(183)) - Thread Interrupted waiting to refresh disk information: sleep interrupted
2019-08-28 22:30:05,202 [ForkJoinPool.commonPool-worker-0] INFO  impl.RoleInfo (RoleInfo.java:shutdownFollowerState(121)) - da6bcafd-dc39-4560-8552-9102a185bf89: shutdown FollowerState
2019-08-28 22:30:05,203 [ForkJoinPool.commonPool-worker-0] INFO  impl.StateMachineUpdater (StateMachineUpdater.java:stopAndJoin(115)) - StateMachineUpdater:da6bcafd-dc39-4560-8552-9102a185bf89:group-3CA1E3F135FE: set stopIndex = 16
2019-08-28 22:30:05,204 [Thread-3811] INFO  impl.FollowerState (FollowerState.java:run(114)) - da6bcafd-dc39-4560-8552-9102a185bf89: FollowerState was interrupted: java.lang.InterruptedException: sleep interrupted
2019-08-28 22:30:05,203 [StateMachineUpdater:da6bcafd-dc39-4560-8552-9102a185bf89:group-3CA1E3F135FE] INFO  ratis.ContainerStateMachine (ContainerStateMachine.java:takeSnapshot(284)) - group-3CA1E3F135FE: Taking a snapshot at:(t:1, i:14) file /workdir/hadoop-ozone/integration-test/target/test-dir/MiniOzoneClusterImpl-cce2e0e6-0bf2-4ba0-8cd7-9d92f34a1712/datanode-0/data/ratis/ef05e67d-8585-441c-bac0-3ca1e3f135fe/sm/snapshot.1_14
2019-08-28 22:30:05,217 [main] INFO  utils.BackgroundService (BackgroundService.java:shutdown(148)) - Shutting down service BlockDeletingService
2019-08-28 22:30:05,223 [main] INFO  statemachine.DatanodeStateMachine (DatanodeStateMachine.java:stopDaemon(395)) - Ozone container server stopped.
2019-08-28 22:30:05,224 [main] INFO  handler.ContextHandler (ContextHandler.java:doStop(910)) - Stopped o.e.j.w.WebAppContext@4b93dd6a{/,null,UNAVAILABLE}{/hddsDatanode}
2019-08-28 22:30:05,224 [main] INFO  server.AbstractConnector (AbstractConnector.java:doStop(318)) - Stopped ServerConnector@582a3b19{HTTP/1.1,[http/1.1]}{0.0.0.0:0}
2019-08-28 22:30:05,225 [main] INFO  handler.ContextHandler (ContextHandler.java:doStop(910)) - Stopped o.e.j.s.ServletContextHandler@77c66a4f{/static,jar:file:/home/user/.m2/repository/org/apache/hadoop/hadoop-hdds-container-service/0.5.0-SNAPSHOT/hadoop-hdds-container-service-0.5.0-SNAPSHOT.jar!/webapps/static,UNAVAILABLE}
2019-08-28 22:30:05,225 [main] INFO  handler.ContextHandler (ContextHandler.java:doStop(910)) - Stopped o.e.j.s.ServletContextHandler@798cf6d2{/logs,file:///workdir/hadoop-ozone/integration-test/target/log,UNAVAILABLE}
2019-08-28 22:30:05,242 [StateMachineUpdater:da6bcafd-dc39-4560-8552-9102a185bf89:group-3CA1E3F135FE] INFO  ratis.ContainerStateMachine (ContainerStateMachine.java:takeSnapshot(295)) - group-3CA1E3F135FE: Finished taking a snapshot at:(t:1, i:14) file:/workdir/hadoop-ozone/integration-test/target/test-dir/MiniOzoneClusterImpl-cce2e0e6-0bf2-4ba0-8cd7-9d92f34a1712/datanode-0/data/ratis/ef05e67d-8585-441c-bac0-3ca1e3f135fe/sm/snapshot.1_14 time:39
2019-08-28 22:30:05,242 [StateMachineUpdater:da6bcafd-dc39-4560-8552-9102a185bf89:group-3CA1E3F135FE] INFO  impl.StateMachineUpdater (StateMachineUpdater.java:takeSnapshot(242)) - StateMachineUpdater:da6bcafd-dc39-4560-8552-9102a185bf89:group-3CA1E3F135FE: Took a snapshot at index 14
2019-08-28 22:30:05,243 [StateMachineUpdater:da6bcafd-dc39-4560-8552-9102a185bf89:group-3CA1E3F135FE] INFO  impl.StateMachineUpdater (StateMachineUpdater.java:lambda$new$0(80)) - StateMachineUpdater:da6bcafd-dc39-4560-8552-9102a185bf89:group-3CA1E3F135FE: snapshotIndex: updateIncreasingly -1 -> 14
2019-08-28 22:30:05,243 [ForkJoinPool.commonPool-worker-0] INFO  impl.RaftServerImpl (ServerState.java:close(394)) - da6bcafd-dc39-4560-8552-9102a185bf89:group-3CA1E3F135FE closes. The last applied log index is 16
2019-08-28 22:30:05,243 [da6bcafd-dc39-4560-8552-9102a185bf89-SegmentedRaftLogWorker:Storage Directory /workdir/hadoop-ozone/integration-test/target/test-dir/MiniOzoneClusterImpl-cce2e0e6-0bf2-4ba0-8cd7-9d92f34a1712/datanode-0/data/ratis/ef05e67d-8585-441c-bac0-3ca1e3f135fe] INFO  segmented.SegmentedRaftLogWorker (SegmentedRaftLogWorker.java:run(313)) - da6bcafd-dc39-4560-8552-9102a185bf89-SegmentedRaftLogWorker:Storage Directory /workdir/hadoop-ozone/integration-test/target/test-dir/MiniOzoneClusterImpl-cce2e0e6-0bf2-4ba0-8cd7-9d92f34a1712/datanode-0/data/ratis/ef05e67d-8585-441c-bac0-3ca1e3f135fe was interrupted, exiting. There are 0 tasks remaining in the queue.
2019-08-28 22:30:05,244 [ForkJoinPool.commonPool-worker-0] INFO  segmented.SegmentedRaftLogWorker (SegmentedRaftLogWorker.java:close(228)) - da6bcafd-dc39-4560-8552-9102a185bf89-SegmentedRaftLogWorker:Storage Directory /workdir/hadoop-ozone/integration-test/target/test-dir/MiniOzoneClusterImpl-cce2e0e6-0bf2-4ba0-8cd7-9d92f34a1712/datanode-0/data/ratis/ef05e67d-8585-441c-bac0-3ca1e3f135fe close()
2019-08-28 22:30:05,245 [ForkJoinPool.commonPool-worker-0] INFO  server.GrpcService (GrpcService.java:closeImpl(155)) - da6bcafd-dc39-4560-8552-9102a185bf89: shutdown server with port 45969 now
2019-08-28 22:30:05,245 [ForkJoinPool.commonPool-worker-0] INFO  server.GrpcService (GrpcService.java:closeImpl(163)) - da6bcafd-dc39-4560-8552-9102a185bf89: shutdown server with port 45969 successfully
2019-08-28 22:30:05,247 [refreshUsed-/workdir/hadoop-ozone/integration-test/target/test-dir/MiniOzoneClusterImpl-cce2e0e6-0bf2-4ba0-8cd7-9d92f34a1712/datanode-0/data/containers] WARN  fs.CachingGetSpaceUsed (CachingGetSpaceUsed.java:run(183)) - Thread Interrupted waiting to refresh disk information: sleep interrupted
2019-08-28 22:30:05,258 [ForkJoinPool.commonPool-worker-0] INFO  utils.BackgroundService (BackgroundService.java:shutdown(148)) - Shutting down service BlockDeletingService
2019-08-28 22:30:05,260 [ForkJoinPool.commonPool-worker-0] INFO  statemachine.DatanodeStateMachine (DatanodeStateMachine.java:stopDaemon(395)) - Ozone container server stopped.
2019-08-28 22:30:05,263 [ForkJoinPool.commonPool-worker-0] INFO  handler.ContextHandler (ContextHandler.java:doStop(910)) - Stopped o.e.j.w.WebAppContext@7741ae1b{/,null,UNAVAILABLE}{/hddsDatanode}
2019-08-28 22:30:05,263 [ForkJoinPool.commonPool-worker-0] INFO  server.AbstractConnector (AbstractConnector.java:doStop(318)) - Stopped ServerConnector@50e5032c{HTTP/1.1,[http/1.1]}{0.0.0.0:0}
2019-08-28 22:30:05,264 [ForkJoinPool.commonPool-worker-0] INFO  handler.ContextHandler (ContextHandler.java:doStop(910)) - Stopped o.e.j.s.ServletContextHandler@5396eeb1{/static,jar:file:/home/user/.m2/repository/org/apache/hadoop/hadoop-hdds-container-service/0.5.0-SNAPSHOT/hadoop-hdds-container-service-0.5.0-SNAPSHOT.jar!/webapps/static,UNAVAILABLE}
2019-08-28 22:30:05,265 [ForkJoinPool.commonPool-worker-0] INFO  handler.ContextHandler (ContextHandler.java:doStop(910)) - Stopped o.e.j.s.ServletContextHandler@49232c6f{/logs,file:///workdir/hadoop-ozone/integration-test/target/log,UNAVAILABLE}
2019-08-28 22:30:05,266 [main] INFO  ozone.MiniOzoneClusterImpl (MiniOzoneClusterImpl.java:stop(339)) - Stopping the StorageContainerManager
2019-08-28 22:30:05,266 [main] INFO  server.StorageContainerManager (StorageContainerManager.java:stop(797)) - Stopping Replication Manager Service.
2019-08-28 22:30:05,266 [main] INFO  container.ReplicationManager (ReplicationManager.java:stop(193)) - Stopping Replication Monitor Thread.
2019-08-28 22:30:05,266 [main] INFO  server.StorageContainerManager (StorageContainerManager.java:stop(804)) - Stopping Lease Manager of the command watchers
2019-08-28 22:30:05,266 [main] INFO  server.StorageContainerManager (StorageContainerManager.java:stop(811)) - Stopping datanode service RPC server
2019-08-28 22:30:05,266 [main] INFO  server.SCMDatanodeProtocolServer (SCMDatanodeProtocolServer.java:stop(367)) - Stopping the RPC server for DataNodes
2019-08-28 22:30:05,267 [main] INFO  ipc.Server (Server.java:stop(3082)) - Stopping server on 33388
2019-08-28 22:30:05,268 [IPC Server listener on 33388] INFO  ipc.Server (Server.java:run(1185)) - Stopping IPC Server listener on 33388
2019-08-28 22:30:05,269 [IPC Server Responder] INFO  ipc.Server (Server.java:run(1319)) - Stopping IPC Server Responder
2019-08-28 22:30:05,296 [SCM Heartbeat Processing Thread - 0] WARN  node.NodeStateManager (NodeStateManager.java:scheduleNextHealthCheck(646)) - Current Thread is interrupted, shutting down HB processing thread for Node Manager.
2019-08-28 22:30:05,297 [main] INFO  server.StorageContainerManager (StorageContainerManager.java:stop(819)) - Stopping block service RPC server
2019-08-28 22:30:05,297 [main] INFO  server.SCMBlockProtocolServer (SCMBlockProtocolServer.java:stop(149)) - Stopping the RPC server for Block Protocol
2019-08-28 22:30:05,297 [main] INFO  ipc.Server (Server.java:stop(3082)) - Stopping server on 40293
2019-08-28 22:30:05,299 [IPC Server listener on 40293] INFO  ipc.Server (Server.java:run(1185)) - Stopping IPC Server listener on 40293
2019-08-28 22:30:05,299 [main] INFO  server.StorageContainerManager (StorageContainerManager.java:stop(826)) - Stopping the StorageContainerLocationProtocol RPC server
2019-08-28 22:30:05,300 [IPC Server Responder] INFO  ipc.Server (Server.java:run(1319)) - Stopping IPC Server Responder
2019-08-28 22:30:05,300 [main] INFO  server.SCMClientProtocolServer (SCMClientProtocolServer.java:stop(159)) - Stopping the RPC server for Client Protocol
2019-08-28 22:30:05,300 [main] INFO  ipc.Server (Server.java:stop(3082)) - Stopping server on 37545
2019-08-28 22:30:05,302 [main] INFO  server.StorageContainerManager (StorageContainerManager.java:stop(833)) - Stopping Storage Container Manager HTTP server.
2019-08-28 22:30:05,302 [IPC Server Responder] INFO  ipc.Server (Server.java:run(1319)) - Stopping IPC Server Responder
2019-08-28 22:30:05,302 [IPC Server listener on 37545] INFO  ipc.Server (Server.java:run(1185)) - Stopping IPC Server listener on 37545
2019-08-28 22:30:05,303 [main] INFO  handler.ContextHandler (ContextHandler.java:doStop(910)) - Stopped o.e.j.w.WebAppContext@7994a0d1{/,null,UNAVAILABLE}{/scm}
2019-08-28 22:30:05,303 [main] INFO  server.AbstractConnector (AbstractConnector.java:doStop(318)) - Stopped ServerConnector@73e4387{HTTP/1.1,[http/1.1]}{0.0.0.0:0}
2019-08-28 22:30:05,304 [main] INFO  handler.ContextHandler (ContextHandler.java:doStop(910)) - Stopped o.e.j.s.ServletContextHandler@5a2ae1ab{/static,file:///workdir/hadoop-ozone/integration-test/target/test-classes/webapps/static,UNAVAILABLE}
2019-08-28 22:30:05,304 [main] INFO  handler.ContextHandler (ContextHandler.java:doStop(910)) - Stopped o.e.j.s.ServletContextHandler@2b6fb197{/logs,file:///workdir/hadoop-ozone/integration-test/target/log,UNAVAILABLE}
2019-08-28 22:30:05,305 [main] INFO  server.StorageContainerManager (StorageContainerManager.java:stop(844)) - Stopping Block Manager Service.
2019-08-28 22:30:05,305 [main] INFO  utils.BackgroundService (BackgroundService.java:shutdown(148)) - Shutting down service SCMBlockDeletingService
2019-08-28 22:30:05,305 [main] INFO  utils.BackgroundService (BackgroundService.java:shutdown(148)) - Shutting down service SCMBlockDeletingService
2019-08-28 22:30:05,305 [main] INFO  server.StorageContainerManager (StorageContainerManager.java:stop(866)) - Stopping SCM Event Queue.
2019-08-28 22:30:05,308 [main] INFO  impl.MetricsSystemImpl (MetricsSystemImpl.java:stop(210)) - Stopping HddsDatanode metrics system...
2019-08-28 22:30:05,317 [main] INFO  impl.MetricsSystemImpl (MetricsSystemImpl.java:stop(216)) - HddsDatanode metrics system stopped.
]]></system-out>
  </testcase>
  <testcase name="testFailureWithPrimeSizedData" classname="org.apache.hadoop.ozone.client.rpc.TestBlockOutputStreamWithFailures" time="41.654"/>
  <testcase name="testWatchForCommitWithCloseContainerException" classname="org.apache.hadoop.ozone.client.rpc.TestBlockOutputStreamWithFailures" time="35.945"/>
  <testcase name="testExceptionDuringClose" classname="org.apache.hadoop.ozone.client.rpc.TestBlockOutputStreamWithFailures" time="36.254"/>
</testsuite>